[I 2023-12-27 11:35:52,144] Trial 5 finished with value: 7.25789213180542 and parameters: {'gradient_clip_val': 0.1640895532165396, 'hidden_size': 53, 'dropout': 0.429387918592539, 'hidden_continuous_size': 5, 'attention_head_size': 4, 'learning_rate': 0.058219528879724015}. Best is trial 0 with value: 0.9262596964836121.
[I 2023-12-27 11:35:52,590] Trial 6 finished with value: 6.046605587005615 and parameters: {'gradient_clip_val': 0.16431934787775165, 'hidden_size': 87, 'dropout': 0.2300371082070552, 'hidden_continuous_size': 21, 'attention_head_size': 4, 'learning_rate': 0.003267394151285702}. Best is trial 0 with value: 0.9262596964836121.
[I 2023-12-27 11:35:52,971] Trial 7 finished with value: 5.856945037841797 and parameters: {'gradient_clip_val': 0.4997122286822385, 'hidden_size': 50, 'dropout': 0.3633817214452988, 'hidden_continuous_size': 24, 'attention_head_size': 1, 'learning_rate': 0.0020572125834079193}. Best is trial 0 with value: 0.9262596964836121.
[I 2023-12-27 11:35:53,603] Trial 8 finished with value: 6.665791988372803 and parameters: {'gradient_clip_val': 0.320486636771229, 'hidden_size': 101, 'dropout': 0.38031380208768173, 'hidden_continuous_size': 32, 'attention_head_size': 1, 'learning_rate': 0.06953878380866826}. Best is trial 0 with value: 0.9262596964836121.
[I 2023-12-27 11:35:53,949] Trial 9 finished with value: 6.0674662590026855 and parameters: {'gradient_clip_val': 0.21987818303495663, 'hidden_size': 25, 'dropout': 0.29865691653725956, 'hidden_continuous_size': 24, 'attention_head_size': 2, 'learning_rate': 0.009663169919029446}. Best is trial 0 with value: 0.9262596964836121.
[I 2023-12-27 11:35:54,326] Trial 10 finished with value: 7.406427383422852 and parameters: {'gradient_clip_val': 0.9727236536591297, 'hidden_size': 14, 'dropout': 0.4915454564317375, 'hidden_continuous_size': 9, 'attention_head_size': 1, 'learning_rate': 0.0009826490029079982}. Best is trial 0 with value: 0.9262596964836121.
[I 2023-12-27 11:35:54,713] Trial 11 finished with value: 8.657105445861816 and parameters: {'gradient_clip_val': 0.10411583055074354, 'hidden_size': 10, 'dropout': 0.11510931480331646, 'hidden_continuous_size': 6, 'attention_head_size': 3, 'learning_rate': 0.007402753034593784}. Best is trial 0 with value: 0.9262596964836121.
[I 2023-12-27 11:35:55,055] Trial 12 finished with value: 6.399624347686768 and parameters: {'gradient_clip_val': 0.22350777957703966, 'hidden_size': 5, 'dropout': 0.49485122159508865, 'hidden_continuous_size': 5, 'attention_head_size': 3, 'learning_rate': 0.0005287954848068921}. Best is trial 0 with value: 0.9262596964836121.
[I 2023-12-27 11:35:55,435] Trial 13 finished with value: 7.566725254058838 and parameters: {'gradient_clip_val': 0.19688033929912563, 'hidden_size': 10, 'dropout': 0.23329369151669396, 'hidden_continuous_size': 6, 'attention_head_size': 3, 'learning_rate': 0.004526893913364134}. Best is trial 0 with value: 0.9262596964836121.
[I 2023-12-27 11:35:55,790] Trial 14 finished with value: 6.3621039390563965 and parameters: {'gradient_clip_val': 0.1120664487318814, 'hidden_size': 16, 'dropout': 0.29314064294968906, 'hidden_continuous_size': 9, 'attention_head_size': 2, 'learning_rate': 0.01382953966227974}. Best is trial 0 with value: 0.9262596964836121.
[I 2023-12-27 11:35:56,145] Trial 15 finished with value: 6.366081714630127 and parameters: {'gradient_clip_val': 0.2539292005966259, 'hidden_size': 9, 'dropout': 0.4511719843064532, 'hidden_continuous_size': 6, 'attention_head_size': 3, 'learning_rate': 0.005271294060744457}. Best is trial 0 with value: 0.9262596964836121.
[I 2023-12-27 11:35:56,496] Trial 16 finished with value: 5.832563400268555 and parameters: {'gradient_clip_val': 0.1331776455778904, 'hidden_size': 16, 'dropout': 0.23874006040389423, 'hidden_continuous_size': 7, 'attention_head_size': 1, 'learning_rate': 0.017281267470408215}. Best is trial 0 with value: 0.9262596964836121.
[I 2023-12-27 11:35:56,875] Trial 17 finished with value: 5.644313812255859 and parameters: {'gradient_clip_val': 0.17116242168527065, 'hidden_size': 28, 'dropout': 0.4507062212100103, 'hidden_continuous_size': 12, 'attention_head_size': 2, 'learning_rate': 0.002888221455446761}. Best is trial 0 with value: 0.9262596964836121.
[I 2023-12-27 11:35:57,227] Trial 18 finished with value: 5.4234299659729 and parameters: {'gradient_clip_val': 0.266478323900465, 'hidden_size': 7, 'dropout': 0.3345932753669864, 'hidden_continuous_size': 5, 'attention_head_size': 3, 'learning_rate': 0.007661228815845483}. Best is trial 0 with value: 0.9262596964836121.
[I 2023-12-27 11:35:57,552] Trial 19 finished with value: 7.476842403411865 and parameters: {'gradient_clip_val': 0.13979086645645658, 'hidden_size': 5, 'dropout': 0.17381895758508822, 'hidden_continuous_size': 5, 'attention_head_size': 4, 'learning_rate': 0.03178050332297066}. Best is trial 0 with value: 0.9262596964836121.
[I 2023-12-27 11:35:58,168] Trial 20 finished with value: 4.6373515129089355 and parameters: {'gradient_clip_val': 0.1001684154983398, 'hidden_size': 149, 'dropout': 0.28238522028042795, 'hidden_continuous_size': 88, 'attention_head_size': 1, 'learning_rate': 0.009872376613153466}. Best is trial 0 with value: 0.9262596964836121.
[I 2023-12-27 11:35:58,552] Trial 21 finished with value: 6.263507843017578 and parameters: {'gradient_clip_val': 0.30254471195888843, 'hidden_size': 32, 'dropout': 0.34104243479117274, 'hidden_continuous_size': 7, 'attention_head_size': 4, 'learning_rate': 0.027490847233072678}. Best is trial 0 with value: 0.9262596964836121.
[I 2023-12-27 11:35:59,140] Trial 22 finished with value: 5.236693859100342 and parameters: {'gradient_clip_val': 0.3459050721699457, 'hidden_size': 12, 'dropout': 0.3481775678579436, 'hidden_continuous_size': 6, 'attention_head_size': 4, 'learning_rate': 0.018397519399883308}. Best is trial 0 with value: 0.9262596964836121.
[I 2023-12-27 11:35:59,534] Trial 23 finished with value: 6.769500732421875 and parameters: {'gradient_clip_val': 0.18898114194469806, 'hidden_size': 19, 'dropout': 0.40968169086008394, 'hidden_continuous_size': 7, 'attention_head_size': 3, 'learning_rate': 0.004908379987780789}. Best is trial 0 with value: 0.9262596964836121.
[I 2023-12-27 11:35:59,905] Trial 24 finished with value: 7.1613450050354 and parameters: {'gradient_clip_val': 0.2199296974628149, 'hidden_size': 8, 'dropout': 0.3236186218819042, 'hidden_continuous_size': 6, 'attention_head_size': 4, 'learning_rate': 0.013068575380273775}. Best is trial 0 with value: 0.9262596964836121.
[I 2023-12-27 11:36:00,268] Trial 25 finished with value: 6.582533359527588 and parameters: {'gradient_clip_val': 0.3574725059589231, 'hidden_size': 12, 'dropout': 0.36923596164296996, 'hidden_continuous_size': 7, 'attention_head_size': 3, 'learning_rate': 0.026735789921404518}. Best is trial 0 with value: 0.9262596964836121.
[I 2023-12-27 11:36:00,651] Trial 26 finished with value: 5.867526531219482 and parameters: {'gradient_clip_val': 0.257901281608401, 'hidden_size': 37, 'dropout': 0.26459664851704834, 'hidden_continuous_size': 10, 'attention_head_size': 2, 'learning_rate': 0.03982319895912111}. Best is trial 0 with value: 0.9262596964836121.
[I 2023-12-27 11:36:01,023] Trial 27 finished with value: 5.704568862915039 and parameters: {'gradient_clip_val': 0.14889306011948442, 'hidden_size': 21, 'dropout': 0.32056631977587424, 'hidden_continuous_size': 8, 'attention_head_size': 4, 'learning_rate': 0.09744788666687254}. Best is trial 0 with value: 0.9262596964836121.
[I 2023-12-27 11:36:01,375] Trial 28 finished with value: 5.257680416107178 and parameters: {'gradient_clip_val': 0.1892030077140881, 'hidden_size': 7, 'dropout': 0.4590468678587972, 'hidden_continuous_size': 5, 'attention_head_size': 3, 'learning_rate': 0.020803548406536778}. Best is trial 0 with value: 0.9262596964836121.
[I 2023-12-27 11:36:01,742] Trial 29 finished with value: 6.5762810707092285 and parameters: {'gradient_clip_val': 0.13187180887783276, 'hidden_size': 20, 'dropout': 0.412545652483825, 'hidden_continuous_size': 8, 'attention_head_size': 2, 'learning_rate': 0.0012042307891462682}. Best is trial 0 with value: 0.9262596964836121.
[I 2023-12-27 11:36:02,116] Trial 30 finished with value: 6.608808994293213 and parameters: {'gradient_clip_val': 0.4171765696288406, 'hidden_size': 22, 'dropout': 0.394973389930009, 'hidden_continuous_size': 8, 'attention_head_size': 4, 'learning_rate': 0.009661693278328767}. Best is trial 0 with value: 0.9262596964836121.
[I 2023-12-27 11:36:02,708] Trial 31 finished with value: 6.420145034790039 and parameters: {'gradient_clip_val': 0.10050276027696124, 'hidden_size': 149, 'dropout': 0.275063665913375, 'hidden_continuous_size': 78, 'attention_head_size': 1, 'learning_rate': 0.010049056282984872}. Best is trial 0 with value: 0.9262596964836121.
[I 2023-12-27 11:36:03,092] Trial 32 finished with value: 8.297942161560059 and parameters: {'gradient_clip_val': 0.11364757685298109, 'hidden_size': 40, 'dropout': 0.20214723607215573, 'hidden_continuous_size': 13, 'attention_head_size': 1, 'learning_rate': 0.006326237913535982}. Best is trial 0 with value: 0.9262596964836121.
[I 2023-12-27 11:36:03,502] Trial 33 finished with value: 7.686279296875 and parameters: {'gradient_clip_val': 0.13117473701867144, 'hidden_size': 54, 'dropout': 0.304529102246555, 'hidden_continuous_size': 11, 'attention_head_size': 1, 'learning_rate': 0.013434326593812721}. Best is trial 0 with value: 0.9262596964836121.
[I 2023-12-27 11:36:03,924] Trial 34 finished with value: 5.942253589630127 and parameters: {'gradient_clip_val': 0.15614573098431248, 'hidden_size': 73, 'dropout': 0.3587820397531696, 'hidden_continuous_size': 15, 'attention_head_size': 1, 'learning_rate': 0.0036512379356191853}. Best is trial 0 with value: 0.9262596964836121.
[I 2023-12-27 11:36:04,295] Trial 35 finished with value: 5.58608865737915 and parameters: {'gradient_clip_val': 0.12578025829101497, 'hidden_size': 28, 'dropout': 0.2718681145178339, 'hidden_continuous_size': 9, 'attention_head_size': 2, 'learning_rate': 0.0064395474620046345}. Best is trial 0 with value: 0.9262596964836121.
[I 2023-12-27 11:36:05,083] Trial 36 finished with value: 7.830831050872803 and parameters: {'gradient_clip_val': 0.15879023014241087, 'hidden_size': 124, 'dropout': 0.38315524582799426, 'hidden_continuous_size': 103, 'attention_head_size': 1, 'learning_rate': 0.0420611533940265}. Best is trial 0 with value: 0.9262596964836121.
[I 2023-12-27 11:36:05,520] Trial 37 finished with value: 5.603353500366211 and parameters: {'gradient_clip_val': 0.1141388929175929, 'hidden_size': 71, 'dropout': 0.43475253103019323, 'hidden_continuous_size': 16, 'attention_head_size': 2, 'learning_rate': 0.0029536899522035137}. Best is trial 0 with value: 0.9262596964836121.
[I 2023-12-27 11:36:06,025] Trial 38 finished with value: 6.242041110992432 and parameters: {'gradient_clip_val': 0.15315396635529496, 'hidden_size': 107, 'dropout': 0.37083211039940184, 'hidden_continuous_size': 45, 'attention_head_size': 1, 'learning_rate': 0.0023444599748918657}. Best is trial 0 with value: 0.9262596964836121.
[I 2023-12-27 11:36:06,424] Trial 39 finished with value: 5.204610347747803 and parameters: {'gradient_clip_val': 0.1830962791974946, 'hidden_size': 49, 'dropout': 0.31927230617991276, 'hidden_continuous_size': 17, 'attention_head_size': 2, 'learning_rate': 0.00399756296883387}. Best is trial 0 with value: 0.9262596964836121.
[I 2023-12-27 11:36:06,800] Trial 40 finished with value: 5.187401294708252 and parameters: {'gradient_clip_val': 0.17659292694206685, 'hidden_size': 25, 'dropout': 0.39081790584450776, 'hidden_continuous_size': 10, 'attention_head_size': 1, 'learning_rate': 0.009624043899294537}. Best is trial 0 with value: 0.9262596964836121.
[I 2023-12-27 11:36:07,148] Trial 41 finished with value: 5.2277421951293945 and parameters: {'gradient_clip_val': 0.5048051159267088, 'hidden_size': 17, 'dropout': 0.48223091693526055, 'hidden_continuous_size': 7, 'attention_head_size': 1, 'learning_rate': 0.05328577078397647}. Best is trial 0 with value: 0.9262596964836121.
[I 2023-12-27 11:36:07,508] Trial 42 finished with value: 5.347916126251221 and parameters: {'gradient_clip_val': 0.10078964188381705, 'hidden_size': 14, 'dropout': 0.3533359922796769, 'hidden_continuous_size': 6, 'attention_head_size': 2, 'learning_rate': 0.06536337030343478}. Best is trial 0 with value: 0.9262596964836121.
[I 2023-12-27 11:36:07,964] Trial 43 finished with value: 7.171236515045166 and parameters: {'gradient_clip_val': 0.21183650843003868, 'hidden_size': 85, 'dropout': 0.4233173032208566, 'hidden_continuous_size': 28, 'attention_head_size': 3, 'learning_rate': 0.022582479505993517}. Best is trial 0 with value: 0.9262596964836121.
[I 2023-12-27 11:36:08,301] Trial 44 finished with value: 7.388185024261475 and parameters: {'gradient_clip_val': 0.1227727286392021, 'hidden_size': 6, 'dropout': 0.39630565339617385, 'hidden_continuous_size': 5, 'attention_head_size': 1, 'learning_rate': 0.016502743430539746}. Best is trial 0 with value: 0.9262596964836121.
[I 2023-12-27 11:36:08,661] Trial 45 finished with value: 3.409212350845337 and parameters: {'gradient_clip_val': 0.14184017851953318, 'hidden_size': 10, 'dropout': 0.48055422214918053, 'hidden_continuous_size': 6, 'attention_head_size': 3, 'learning_rate': 0.035717984401644254}. Best is trial 0 with value: 0.9262596964836121.
[I 2023-12-27 11:36:09,015] Trial 46 finished with value: 5.255036354064941 and parameters: {'gradient_clip_val': 0.14306573515723783, 'hidden_size': 11, 'dropout': 0.4801709092451621, 'hidden_continuous_size': 6, 'attention_head_size': 3, 'learning_rate': 0.0358008122710956}. Best is trial 0 with value: 0.9262596964836121.
[I 2023-12-27 11:36:09,382] Trial 47 finished with value: 5.459928035736084 and parameters: {'gradient_clip_val': 0.12130480617447909, 'hidden_size': 14, 'dropout': 0.470562161443901, 'hidden_continuous_size': 7, 'attention_head_size': 3, 'learning_rate': 0.02716988393895026}. Best is trial 0 with value: 0.9262596964836121.
[I 2023-12-27 11:36:09,746] Trial 48 finished with value: 4.999864101409912 and parameters: {'gradient_clip_val': 0.16625021105597954, 'hidden_size': 10, 'dropout': 0.4959778243707669, 'hidden_continuous_size': 6, 'attention_head_size': 4, 'learning_rate': 0.02216975435904558}. Best is trial 0 with value: 0.9262596964836121.
[I 2023-12-27 11:36:10,097] Trial 49 finished with value: 4.2141242027282715 and parameters: {'gradient_clip_val': 0.11362548657942975, 'hidden_size': 8, 'dropout': 0.44158511305810194, 'hidden_continuous_size': 6, 'attention_head_size': 3, 'learning_rate': 0.04625246449830481}. Best is trial 0 with value: 0.9262596964836121.
[I 2023-12-27 11:36:10,202] A new study created in memory with name: no-name-25de02d0-6c49-4f33-8181-61aff9433fa4
/home/le004/conda/anaconda3/envs/tsff_env/lib/python3.9/site-packages/lightning/fabric/plugins/environments/slurm.py:191: The `srun` command is available on your system but is not used. HINT: If your intention is to run Lightning on SLURM, prepend your python command with `srun` like so: srun python /home/le004/master_thesis/git/TSFusionForecast/code/ ...
[I 2023-12-27 11:36:39,792] Trial 0 finished with value: 0.2853720188140869 and parameters: {'gradient_clip_val': 0.14395070819192288, 'hidden_size': 14, 'dropout': 0.37613943216785684, 'hidden_continuous_size': 6, 'attention_head_size': 2, 'learning_rate': 0.0715677199297469}. Best is trial 0 with value: 0.2853720188140869.
[I 2023-12-27 11:36:40,337] Trial 1 finished with value: 4.774787425994873 and parameters: {'gradient_clip_val': 0.31125460075470207, 'hidden_size': 144, 'dropout': 0.24889184342872062, 'hidden_continuous_size': 53, 'attention_head_size': 2, 'learning_rate': 0.0052569826657170105}. Best is trial 0 with value: 0.2853720188140869.
[I 2023-12-27 11:36:40,821] Trial 2 finished with value: 3.566431760787964 and parameters: {'gradient_clip_val': 0.2813642238138221, 'hidden_size': 119, 'dropout': 0.35885368460859746, 'hidden_continuous_size': 30, 'attention_head_size': 3, 'learning_rate': 0.0014791038728722407}. Best is trial 0 with value: 0.2853720188140869.
[I 2023-12-27 11:36:41,225] Trial 3 finished with value: 4.738508701324463 and parameters: {'gradient_clip_val': 0.17604108044695135, 'hidden_size': 73, 'dropout': 0.17512320086247812, 'hidden_continuous_size': 5, 'attention_head_size': 3, 'learning_rate': 0.002302615759206138}. Best is trial 0 with value: 0.2853720188140869.
[I 2023-12-27 11:36:41,733] Trial 4 finished with value: 4.157138347625732 and parameters: {'gradient_clip_val': 0.23407089723408653, 'hidden_size': 144, 'dropout': 0.25869389961567035, 'hidden_continuous_size': 13, 'attention_head_size': 4, 'learning_rate': 0.004181225090287854}. Best is trial 0 with value: 0.2853720188140869.
[I 2023-12-27 11:36:42,079] Trial 5 finished with value: 4.6636738777160645 and parameters: {'gradient_clip_val': 0.23647886986352984, 'hidden_size': 13, 'dropout': 0.1029575952614895, 'hidden_continuous_size': 7, 'attention_head_size': 3, 'learning_rate': 0.0052986960633610415}. Best is trial 0 with value: 0.2853720188140869.
[I 2023-12-27 11:36:42,404] Trial 6 finished with value: 4.7194695472717285 and parameters: {'gradient_clip_val': 0.10914012033969918, 'hidden_size': 20, 'dropout': 0.4767797774009932, 'hidden_continuous_size': 5, 'attention_head_size': 1, 'learning_rate': 0.0005722438850273775}. Best is trial 0 with value: 0.2853720188140869.
[I 2023-12-27 11:36:42,735] Trial 7 finished with value: 5.335355281829834 and parameters: {'gradient_clip_val': 0.4076674060239947, 'hidden_size': 12, 'dropout': 0.17995527530139085, 'hidden_continuous_size': 6, 'attention_head_size': 2, 'learning_rate': 0.010282640553640535}. Best is trial 0 with value: 0.2853720188140869.
[I 2023-12-27 11:36:43,199] Trial 8 finished with value: 6.024552822113037 and parameters: {'gradient_clip_val': 0.789023256101929, 'hidden_size': 111, 'dropout': 0.2824044796163384, 'hidden_continuous_size': 11, 'attention_head_size': 1, 'learning_rate': 0.01010093876720233}. Best is trial 0 with value: 0.2853720188140869.
[I 2023-12-27 11:36:43,525] Trial 9 finished with value: 5.2907257080078125 and parameters: {'gradient_clip_val': 0.1261400145839242, 'hidden_size': 9, 'dropout': 0.223653341093574, 'hidden_continuous_size': 7, 'attention_head_size': 3, 'learning_rate': 0.0028168490298886243}. Best is trial 0 with value: 0.2853720188140869.
[I 2023-12-27 11:36:43,848] Trial 10 finished with value: 5.804869174957275 and parameters: {'gradient_clip_val': 0.14277415657973386, 'hidden_size': 5, 'dropout': 0.3830065461032689, 'hidden_continuous_size': 5, 'attention_head_size': 4, 'learning_rate': 0.0923446888059718}. Best is trial 0 with value: 0.2853720188140869.
[I 2023-12-27 11:36:44,433] Trial 11 finished with value: 5.247151851654053 and parameters: {'gradient_clip_val': 0.17549306092175734, 'hidden_size': 39, 'dropout': 0.35996601007473145, 'hidden_continuous_size': 23, 'attention_head_size': 2, 'learning_rate': 0.08572140651196015}. Best is trial 0 with value: 0.2853720188140869.
[I 2023-12-27 11:36:44,834] Trial 12 finished with value: 5.719257831573486 and parameters: {'gradient_clip_val': 0.10811115311550427, 'hidden_size': 42, 'dropout': 0.3667000871845012, 'hidden_continuous_size': 23, 'attention_head_size': 3, 'learning_rate': 0.02951224024240733}. Best is trial 0 with value: 0.2853720188140869.
[I 2023-12-27 11:36:45,207] Trial 13 finished with value: 5.48717737197876 and parameters: {'gradient_clip_val': 0.4010329245695405, 'hidden_size': 26, 'dropout': 0.3272644117862628, 'hidden_continuous_size': 8, 'attention_head_size': 2, 'learning_rate': 0.026659936505922056}. Best is trial 0 with value: 0.2853720188140869.
[I 2023-12-27 11:36:45,629] Trial 14 finished with value: 3.7142484188079834 and parameters: {'gradient_clip_val': 0.17368083108160498, 'hidden_size': 65, 'dropout': 0.43361927704040476, 'hidden_continuous_size': 35, 'attention_head_size': 1, 'learning_rate': 0.0011870965631093462}. Best is trial 0 with value: 0.2853720188140869.
[I 2023-12-27 11:36:46,011] Trial 15 finished with value: 6.707437038421631 and parameters: {'gradient_clip_val': 0.2572888169912095, 'hidden_size': 20, 'dropout': 0.423733543904181, 'hidden_continuous_size': 10, 'attention_head_size': 4, 'learning_rate': 0.0016544514550553382}. Best is trial 0 with value: 0.2853720188140869.
[I 2023-12-27 11:36:46,393] Trial 16 finished with value: 5.640585422515869 and parameters: {'gradient_clip_val': 0.5127209733280924, 'hidden_size': 43, 'dropout': 0.31871077022744737, 'hidden_continuous_size': 16, 'attention_head_size': 2, 'learning_rate': 0.0008824872797428206}. Best is trial 0 with value: 0.2853720188140869.
[I 2023-12-27 11:36:46,892] Trial 17 finished with value: 4.844411849975586 and parameters: {'gradient_clip_val': 0.14978641554630534, 'hidden_size': 93, 'dropout': 0.4978802464074928, 'hidden_continuous_size': 84, 'attention_head_size': 3, 'learning_rate': 0.0005679872990026598}. Best is trial 0 with value: 0.2853720188140869.
[I 2023-12-27 11:36:47,335] Trial 18 finished with value: 4.514201641082764 and parameters: {'gradient_clip_val': 0.10124847208759764, 'hidden_size': 61, 'dropout': 0.32490097049157224, 'hidden_continuous_size': 19, 'attention_head_size': 3, 'learning_rate': 0.0015048451418077293}. Best is trial 0 with value: 0.2853720188140869.
[I 2023-12-27 11:36:47,728] Trial 19 finished with value: 7.686575412750244 and parameters: {'gradient_clip_val': 0.2067613278621819, 'hidden_size': 28, 'dropout': 0.41042471355984667, 'hidden_continuous_size': 9, 'attention_head_size': 2, 'learning_rate': 0.0024612080772187838}. Best is trial 0 with value: 0.2853720188140869.
