[I 2023-12-27 10:53:30,027] Trial 13 finished with value: 5.05539083480835 and parameters: {'gradient_clip_val': 0.18069182044784932, 'hidden_size': 36, 'dropout': 0.10682519805523641, 'hidden_continuous_size': 7, 'attention_head_size': 4, 'learning_rate': 0.02765857045770095}. Best is trial 0 with value: 0.5755700469017029.
[I 2023-12-27 10:53:30,538] Trial 14 finished with value: 3.4394876956939697 and parameters: {'gradient_clip_val': 0.10180542993626283, 'hidden_size': 87, 'dropout': 0.21394754485205109, 'hidden_continuous_size': 86, 'attention_head_size': 2, 'learning_rate': 0.0217667377804086}. Best is trial 0 with value: 0.5755700469017029.
[I 2023-12-27 10:53:31,002] Trial 15 finished with value: 5.171970367431641 and parameters: {'gradient_clip_val': 0.17283722494452827, 'hidden_size': 88, 'dropout': 0.30808142927357074, 'hidden_continuous_size': 37, 'attention_head_size': 3, 'learning_rate': 0.045957905032345224}. Best is trial 0 with value: 0.5755700469017029.
[I 2023-12-27 10:53:31,405] Trial 16 finished with value: 3.626760482788086 and parameters: {'gradient_clip_val': 0.10045228560739691, 'hidden_size': 48, 'dropout': 0.10214895236095028, 'hidden_continuous_size': 13, 'attention_head_size': 1, 'learning_rate': 0.014852610377461328}. Best is trial 0 with value: 0.5755700469017029.
[I 2023-12-27 10:53:32,038] Trial 17 finished with value: 4.607528209686279 and parameters: {'gradient_clip_val': 0.24751093227125606, 'hidden_size': 148, 'dropout': 0.21241984490414184, 'hidden_continuous_size': 148, 'attention_head_size': 4, 'learning_rate': 0.06361090756168412}. Best is trial 0 with value: 0.5755700469017029.
[I 2023-12-27 10:53:32,433] Trial 18 finished with value: 3.9917843341827393 and parameters: {'gradient_clip_val': 0.165320943553332, 'hidden_size': 38, 'dropout': 0.29035097757976636, 'hidden_continuous_size': 7, 'attention_head_size': 3, 'learning_rate': 0.03125125518955052}. Best is trial 0 with value: 0.5755700469017029.
[I 2023-12-27 10:53:33,088] Trial 19 finished with value: 4.9301910400390625 and parameters: {'gradient_clip_val': 0.27750719840360133, 'hidden_size': 71, 'dropout': 0.1899405103555787, 'hidden_continuous_size': 13, 'attention_head_size': 2, 'learning_rate': 0.09169657444539041}. Best is trial 0 with value: 0.5755700469017029.
[I 2023-12-27 10:53:33,543] Trial 20 finished with value: 3.347506523132324 and parameters: {'gradient_clip_val': 0.1461883295636301, 'hidden_size': 88, 'dropout': 0.13564779027394985, 'hidden_continuous_size': 21, 'attention_head_size': 4, 'learning_rate': 0.05126001951883421}. Best is trial 0 with value: 0.5755700469017029.
[I 2023-12-27 10:53:33,917] Trial 21 finished with value: 4.040619373321533 and parameters: {'gradient_clip_val': 0.12285564826912472, 'hidden_size': 14, 'dropout': 0.1616939552966277, 'hidden_continuous_size': 7, 'attention_head_size': 4, 'learning_rate': 0.003090525650679078}. Best is trial 0 with value: 0.5755700469017029.
[I 2023-12-27 10:53:34,256] Trial 22 finished with value: 5.146643161773682 and parameters: {'gradient_clip_val': 0.14509662657191374, 'hidden_size': 5, 'dropout': 0.13029770473354563, 'hidden_continuous_size': 5, 'attention_head_size': 4, 'learning_rate': 0.014071922293212843}. Best is trial 0 with value: 0.5755700469017029.
[I 2023-12-27 10:53:34,618] Trial 23 finished with value: 4.345108509063721 and parameters: {'gradient_clip_val': 0.11811852558184968, 'hidden_size': 8, 'dropout': 0.17721493486726025, 'hidden_continuous_size': 5, 'attention_head_size': 4, 'learning_rate': 0.00892260145045304}. Best is trial 0 with value: 0.5755700469017029.
[I 2023-12-27 10:53:34,985] Trial 24 finished with value: 4.628622531890869 and parameters: {'gradient_clip_val': 0.16877456889596104, 'hidden_size': 24, 'dropout': 0.14133192164971295, 'hidden_continuous_size': 8, 'attention_head_size': 3, 'learning_rate': 0.03064245836128333}. Best is trial 0 with value: 0.5755700469017029.
[I 2023-12-27 10:53:35,382] Trial 25 finished with value: 3.332657814025879 and parameters: {'gradient_clip_val': 0.11952770518981215, 'hidden_size': 35, 'dropout': 0.2293659778625925, 'hidden_continuous_size': 6, 'attention_head_size': 4, 'learning_rate': 0.0021953108064366803}. Best is trial 0 with value: 0.5755700469017029.
[I 2023-12-27 10:53:35,732] Trial 26 finished with value: 4.245919704437256 and parameters: {'gradient_clip_val': 0.1973879245256339, 'hidden_size': 16, 'dropout': 0.1855857453742215, 'hidden_continuous_size': 6, 'attention_head_size': 3, 'learning_rate': 0.06408651722329406}. Best is trial 0 with value: 0.5755700469017029.
[I 2023-12-27 10:53:36,107] Trial 27 finished with value: 3.9827940464019775 and parameters: {'gradient_clip_val': 0.15206791716554768, 'hidden_size': 26, 'dropout': 0.1539897740133853, 'hidden_continuous_size': 9, 'attention_head_size': 1, 'learning_rate': 0.010656283358280848}. Best is trial 0 with value: 0.5755700469017029.
[I 2023-12-27 10:53:36,512] Trial 28 finished with value: 3.1855545043945312 and parameters: {'gradient_clip_val': 0.10015377628051655, 'hidden_size': 49, 'dropout': 0.1792360089416535, 'hidden_continuous_size': 11, 'attention_head_size': 4, 'learning_rate': 0.037900529150663616}. Best is trial 0 with value: 0.5755700469017029.
[I 2023-12-27 10:53:36,934] Trial 29 finished with value: 5.444730758666992 and parameters: {'gradient_clip_val': 0.1348230329217071, 'hidden_size': 57, 'dropout': 0.1257784310218256, 'hidden_continuous_size': 14, 'attention_head_size': 2, 'learning_rate': 0.05970163088819034}. Best is trial 0 with value: 0.5755700469017029.
[I 2023-12-27 10:53:37,342] Trial 30 finished with value: 5.312366008758545 and parameters: {'gradient_clip_val': 0.1344148823914558, 'hidden_size': 46, 'dropout': 0.20162498235842458, 'hidden_continuous_size': 11, 'attention_head_size': 2, 'learning_rate': 0.023551569360038042}. Best is trial 0 with value: 0.5755700469017029.
[I 2023-12-27 10:53:37,765] Trial 31 finished with value: 6.024712085723877 and parameters: {'gradient_clip_val': 0.10239966565475829, 'hidden_size': 47, 'dropout': 0.17135806288632066, 'hidden_continuous_size': 11, 'attention_head_size': 4, 'learning_rate': 0.03771488738171579}. Best is trial 0 with value: 0.5755700469017029.
[I 2023-12-27 10:53:38,429] Trial 32 finished with value: 3.8531386852264404 and parameters: {'gradient_clip_val': 0.11932727405270749, 'hidden_size': 75, 'dropout': 0.1457217350098874, 'hidden_continuous_size': 16, 'attention_head_size': 4, 'learning_rate': 0.06664751880617792}. Best is trial 0 with value: 0.5755700469017029.
[I 2023-12-27 10:53:38,851] Trial 33 finished with value: 3.306116819381714 and parameters: {'gradient_clip_val': 0.11717147546259235, 'hidden_size': 57, 'dropout': 0.17180813257639482, 'hidden_continuous_size': 9, 'attention_head_size': 4, 'learning_rate': 0.03807088403572251}. Best is trial 0 with value: 0.5755700469017029.
[I 2023-12-27 10:53:39,228] Trial 34 finished with value: 3.727442502975464 and parameters: {'gradient_clip_val': 0.10058454854440789, 'hidden_size': 21, 'dropout': 0.1204522751688062, 'hidden_continuous_size': 8, 'attention_head_size': 3, 'learning_rate': 0.07130981331687053}. Best is trial 0 with value: 0.5755700469017029.
[I 2023-12-27 10:53:39,635] Trial 35 finished with value: 4.695889949798584 and parameters: {'gradient_clip_val': 0.1523040593965494, 'hidden_size': 31, 'dropout': 0.15227558948502523, 'hidden_continuous_size': 11, 'attention_head_size': 4, 'learning_rate': 0.044862117397581586}. Best is trial 0 with value: 0.5755700469017029.
[I 2023-12-27 10:53:40,024] Trial 36 finished with value: 3.449939727783203 and parameters: {'gradient_clip_val': 0.12463302151937794, 'hidden_size': 40, 'dropout': 0.1886357423161467, 'hidden_continuous_size': 10, 'attention_head_size': 1, 'learning_rate': 0.02172966301274474}. Best is trial 0 with value: 0.5755700469017029.
[I 2023-12-27 10:53:40,389] Trial 37 finished with value: 4.023717403411865 and parameters: {'gradient_clip_val': 0.13804020228660976, 'hidden_size': 7, 'dropout': 0.11756072425629759, 'hidden_continuous_size': 5, 'attention_head_size': 4, 'learning_rate': 0.07706697203064757}. Best is trial 0 with value: 0.5755700469017029.
[I 2023-12-27 10:53:40,817] Trial 38 finished with value: 4.227858066558838 and parameters: {'gradient_clip_val': 0.19766759787254454, 'hidden_size': 53, 'dropout': 0.14532281404071976, 'hidden_continuous_size': 15, 'attention_head_size': 3, 'learning_rate': 0.05199451537739329}. Best is trial 0 with value: 0.5755700469017029.
[I 2023-12-27 10:53:41,208] Trial 39 finished with value: 5.792543888092041 and parameters: {'gradient_clip_val': 0.35391545445912537, 'hidden_size': 30, 'dropout': 0.12151527832001244, 'hidden_continuous_size': 12, 'attention_head_size': 4, 'learning_rate': 0.07994784269957969}. Best is trial 0 with value: 0.5755700469017029.
[I 2023-12-27 10:53:41,654] Trial 40 finished with value: 4.921049118041992 and parameters: {'gradient_clip_val': 0.11211549487231784, 'hidden_size': 70, 'dropout': 0.1639100279751142, 'hidden_continuous_size': 15, 'attention_head_size': 3, 'learning_rate': 0.005397177673459144}. Best is trial 0 with value: 0.5755700469017029.
[I 2023-12-27 10:53:42,082] Trial 41 finished with value: 3.792613983154297 and parameters: {'gradient_clip_val': 0.11382775950889158, 'hidden_size': 65, 'dropout': 0.17626209159762773, 'hidden_continuous_size': 9, 'attention_head_size': 4, 'learning_rate': 0.03821385465013597}. Best is trial 0 with value: 0.5755700469017029.
[I 2023-12-27 10:53:42,505] Trial 42 finished with value: 5.1759209632873535 and parameters: {'gradient_clip_val': 0.12920761179239523, 'hidden_size': 55, 'dropout': 0.23221812369235545, 'hidden_continuous_size': 8, 'attention_head_size': 4, 'learning_rate': 0.03625776176635961}. Best is trial 0 with value: 0.5755700469017029.
[I 2023-12-27 10:53:42,906] Trial 43 finished with value: 3.321507692337036 and parameters: {'gradient_clip_val': 0.1116552168149273, 'hidden_size': 41, 'dropout': 0.16490136674692982, 'hidden_continuous_size': 10, 'attention_head_size': 4, 'learning_rate': 0.05573470648954873}. Best is trial 0 with value: 0.5755700469017029.
[I 2023-12-27 10:53:43,399] Trial 44 finished with value: 4.216944694519043 and parameters: {'gradient_clip_val': 0.15380042420581094, 'hidden_size': 107, 'dropout': 0.13869835460039076, 'hidden_continuous_size': 6, 'attention_head_size': 4, 'learning_rate': 0.08582877243386679}. Best is trial 0 with value: 0.5755700469017029.
[I 2023-12-27 10:53:44,075] Trial 45 finished with value: 3.889986276626587 and parameters: {'gradient_clip_val': 0.13285762844487653, 'hidden_size': 59, 'dropout': 0.10221152599226732, 'hidden_continuous_size': 17, 'attention_head_size': 3, 'learning_rate': 0.04758428030521344}. Best is trial 0 with value: 0.5755700469017029.
[I 2023-12-27 10:53:44,543] Trial 46 finished with value: 2.9160544872283936 and parameters: {'gradient_clip_val': 0.1089641783314053, 'hidden_size': 78, 'dropout': 0.18497683230956946, 'hidden_continuous_size': 19, 'attention_head_size': 1, 'learning_rate': 0.027703677710147152}. Best is trial 0 with value: 0.5755700469017029.
[I 2023-12-27 10:53:45,025] Trial 47 finished with value: 4.693748950958252 and parameters: {'gradient_clip_val': 0.10719031501376101, 'hidden_size': 101, 'dropout': 0.20057891722365406, 'hidden_continuous_size': 18, 'attention_head_size': 1, 'learning_rate': 0.026370111111938325}. Best is trial 0 with value: 0.5755700469017029.
[I 2023-12-27 10:53:45,572] Trial 48 finished with value: 4.826391696929932 and parameters: {'gradient_clip_val': 0.1083290292976814, 'hidden_size': 126, 'dropout': 0.2134794628752466, 'hidden_continuous_size': 26, 'attention_head_size': 1, 'learning_rate': 0.01855965144267001}. Best is trial 0 with value: 0.5755700469017029.
[I 2023-12-27 10:53:46,010] Trial 49 finished with value: 4.204314708709717 and parameters: {'gradient_clip_val': 0.10002596815568691, 'hidden_size': 80, 'dropout': 0.15283872154708814, 'hidden_continuous_size': 19, 'attention_head_size': 1, 'learning_rate': 0.09618621432063001}. Best is trial 0 with value: 0.5755700469017029.
[I 2023-12-27 10:53:46,121] A new study created in memory with name: no-name-38a09ce5-ccc4-49a3-8226-146096dcd7ff
/home/le004/conda/anaconda3/envs/tsff_env/lib/python3.9/site-packages/lightning/fabric/plugins/environments/slurm.py:191: The `srun` command is available on your system but is not used. HINT: If your intention is to run Lightning on SLURM, prepend your python command with `srun` like so: srun python /home/le004/master_thesis/git/TSFusionForecast/code/ ...
[I 2023-12-27 10:54:40,870] Trial 0 finished with value: 0.07647934556007385 and parameters: {'gradient_clip_val': 0.14086059650259664, 'hidden_size': 134, 'dropout': 0.2132779024881047, 'hidden_continuous_size': 16, 'attention_head_size': 1, 'learning_rate': 0.02489329298296417}. Best is trial 0 with value: 0.07647934556007385.
[I 2023-12-27 10:54:50,641] Trial 1 finished with value: 0.36806556582450867 and parameters: {'gradient_clip_val': 0.3112302264624597, 'hidden_size': 8, 'dropout': 0.13910622410896215, 'hidden_continuous_size': 6, 'attention_head_size': 3, 'learning_rate': 0.09537464351133293}. Best is trial 0 with value: 0.07647934556007385.
[I 2023-12-27 10:54:51,005] Trial 2 finished with value: 4.098214626312256 and parameters: {'gradient_clip_val': 0.8715701167317501, 'hidden_size': 33, 'dropout': 0.2488003713715331, 'hidden_continuous_size': 26, 'attention_head_size': 4, 'learning_rate': 0.0027148205329443824}. Best is trial 0 with value: 0.07647934556007385.
[I 2023-12-27 10:54:51,379] Trial 3 finished with value: 3.753343343734741 and parameters: {'gradient_clip_val': 0.1879486795148483, 'hidden_size': 28, 'dropout': 0.4786808364059064, 'hidden_continuous_size': 16, 'attention_head_size': 4, 'learning_rate': 0.031248904120609686}. Best is trial 0 with value: 0.07647934556007385.
[I 2023-12-27 10:54:51,721] Trial 4 finished with value: 3.7884092330932617 and parameters: {'gradient_clip_val': 0.2726732789572186, 'hidden_size': 17, 'dropout': 0.2765117407622547, 'hidden_continuous_size': 13, 'attention_head_size': 4, 'learning_rate': 0.006138155758130076}. Best is trial 0 with value: 0.07647934556007385.
[I 2023-12-27 10:54:52,268] Trial 5 finished with value: 4.255236625671387 and parameters: {'gradient_clip_val': 0.19471247880175852, 'hidden_size': 11, 'dropout': 0.48932662309795183, 'hidden_continuous_size': 7, 'attention_head_size': 3, 'learning_rate': 0.019622162340377773}. Best is trial 0 with value: 0.07647934556007385.
[I 2023-12-27 10:54:52,793] Trial 6 finished with value: 3.7246954441070557 and parameters: {'gradient_clip_val': 0.18672435261732784, 'hidden_size': 106, 'dropout': 0.3938039964553669, 'hidden_continuous_size': 101, 'attention_head_size': 2, 'learning_rate': 0.005609062139343489}. Best is trial 0 with value: 0.07647934556007385.
[I 2023-12-27 10:54:53,147] Trial 7 finished with value: 3.455352783203125 and parameters: {'gradient_clip_val': 0.701303285130123, 'hidden_size': 23, 'dropout': 0.3935562380898058, 'hidden_continuous_size': 13, 'attention_head_size': 2, 'learning_rate': 0.0008789648099058025}. Best is trial 0 with value: 0.07647934556007385.
[I 2023-12-27 10:54:53,498] Trial 8 finished with value: 5.317446231842041 and parameters: {'gradient_clip_val': 0.22582944736164515, 'hidden_size': 15, 'dropout': 0.2548046507974986, 'hidden_continuous_size': 7, 'attention_head_size': 2, 'learning_rate': 0.003907374293066429}. Best is trial 0 with value: 0.07647934556007385.
[I 2023-12-27 10:54:53,826] Trial 9 finished with value: 3.4626474380493164 and parameters: {'gradient_clip_val': 0.3195934696485014, 'hidden_size': 6, 'dropout': 0.4651591730667707, 'hidden_continuous_size': 5, 'attention_head_size': 1, 'learning_rate': 0.08708377986284244}. Best is trial 0 with value: 0.07647934556007385.
[I 2023-12-27 10:54:54,396] Trial 10 finished with value: 3.8559112548828125 and parameters: {'gradient_clip_val': 0.10696851880004728, 'hidden_size': 146, 'dropout': 0.11052883126674981, 'hidden_continuous_size': 39, 'attention_head_size': 1, 'learning_rate': 0.01802336196222942}. Best is trial 0 with value: 0.07647934556007385.
[I 2023-12-27 10:54:54,837] Trial 11 finished with value: 3.0225188732147217 and parameters: {'gradient_clip_val': 0.10473691996829533, 'hidden_size': 63, 'dropout': 0.15827331389185625, 'hidden_continuous_size': 9, 'attention_head_size': 3, 'learning_rate': 0.09606213790494676}. Best is trial 0 with value: 0.07647934556007385.
[I 2023-12-27 10:54:55,164] Trial 12 finished with value: 3.834413528442383 and parameters: {'gradient_clip_val': 0.4115510447986815, 'hidden_size': 5, 'dropout': 0.1818096309739943, 'hidden_continuous_size': 5, 'attention_head_size': 3, 'learning_rate': 0.04403727771562572}. Best is trial 0 with value: 0.07647934556007385.
[I 2023-12-27 10:54:55,572] Trial 13 finished with value: 2.668964147567749 and parameters: {'gradient_clip_val': 0.13760491086588714, 'hidden_size': 53, 'dropout': 0.19131931650502845, 'hidden_continuous_size': 10, 'attention_head_size': 1, 'learning_rate': 0.013405461375772127}. Best is trial 0 with value: 0.07647934556007385.
[I 2023-12-27 10:54:55,955] Trial 14 finished with value: 5.229938983917236 and parameters: {'gradient_clip_val': 0.3814768174050444, 'hidden_size': 9, 'dropout': 0.10794023406061101, 'hidden_continuous_size': 5, 'attention_head_size': 2, 'learning_rate': 0.048239795482621486}. Best is trial 0 with value: 0.07647934556007385.
[I 2023-12-27 10:54:56,351] Trial 15 finished with value: 4.669042110443115 and parameters: {'gradient_clip_val': 0.14526424489557735, 'hidden_size': 48, 'dropout': 0.2178802910881748, 'hidden_continuous_size': 7, 'attention_head_size': 3, 'learning_rate': 0.06113848805967721}. Best is trial 0 with value: 0.07647934556007385.
[I 2023-12-27 10:54:56,804] Trial 16 finished with value: 5.04601526260376 and parameters: {'gradient_clip_val': 0.4932049395567026, 'hidden_size': 87, 'dropout': 0.1456246655227924, 'hidden_continuous_size': 22, 'attention_head_size': 1, 'learning_rate': 0.03137189112023917}. Best is trial 0 with value: 0.07647934556007385.
[I 2023-12-27 10:54:57,192] Trial 17 finished with value: 3.805773973464966 and parameters: {'gradient_clip_val': 0.26883090896416834, 'hidden_size': 35, 'dropout': 0.22346820557764033, 'hidden_continuous_size': 10, 'attention_head_size': 2, 'learning_rate': 0.011225211191649972}. Best is trial 0 with value: 0.07647934556007385.
[I 2023-12-27 10:54:57,807] Trial 18 finished with value: 4.301570892333984 and parameters: {'gradient_clip_val': 0.5421484319267962, 'hidden_size': 7, 'dropout': 0.2882708669097962, 'hidden_continuous_size': 5, 'attention_head_size': 3, 'learning_rate': 0.030298655877226403}. Best is trial 0 with value: 0.07647934556007385.
[I 2023-12-27 10:54:58,180] Trial 19 finished with value: 3.784105062484741 and parameters: {'gradient_clip_val': 0.3063172661516066, 'hidden_size': 12, 'dropout': 0.14271560992234494, 'hidden_continuous_size': 6, 'attention_head_size': 4, 'learning_rate': 0.08609359761502683}. Best is trial 0 with value: 0.07647934556007385.
[I 2023-12-27 10:54:58,543] Trial 20 finished with value: 4.0544047355651855 and parameters: {'gradient_clip_val': 0.1451173676106717, 'hidden_size': 22, 'dropout': 0.1957502262541681, 'hidden_continuous_size': 8, 'attention_head_size': 1, 'learning_rate': 0.05214476275827574}. Best is trial 0 with value: 0.07647934556007385.
[I 2023-12-27 10:54:58,951] Trial 21 finished with value: 3.9181182384490967 and parameters: {'gradient_clip_val': 0.14414435806704928, 'hidden_size': 49, 'dropout': 0.19345463118953474, 'hidden_continuous_size': 11, 'attention_head_size': 1, 'learning_rate': 0.011923516323960647}. Best is trial 0 with value: 0.07647934556007385.
[I 2023-12-27 10:54:59,528] Trial 22 finished with value: 3.5807578563690186 and parameters: {'gradient_clip_val': 0.10052817990256263, 'hidden_size': 150, 'dropout': 0.16668454297621785, 'hidden_continuous_size': 18, 'attention_head_size': 1, 'learning_rate': 0.016356249306769544}. Best is trial 0 with value: 0.07647934556007385.
[I 2023-12-27 10:54:59,987] Trial 23 finished with value: 3.4046125411987305 and parameters: {'gradient_clip_val': 0.13147974373638185, 'hidden_size': 90, 'dropout': 0.22314708635095032, 'hidden_continuous_size': 9, 'attention_head_size': 2, 'learning_rate': 0.009784629041278674}. Best is trial 0 with value: 0.07647934556007385.
[I 2023-12-27 10:55:00,409] Trial 24 finished with value: 4.842000961303711 and parameters: {'gradient_clip_val': 0.2256540178302393, 'hidden_size': 63, 'dropout': 0.13340143441529043, 'hidden_continuous_size': 11, 'attention_head_size': 1, 'learning_rate': 0.023869594214495107}. Best is trial 0 with value: 0.07647934556007385.
[I 2023-12-27 10:55:00,764] Trial 25 finished with value: 3.870759963989258 and parameters: {'gradient_clip_val': 0.17047662012430323, 'hidden_size': 8, 'dropout': 0.10329698843563961, 'hidden_continuous_size': 6, 'attention_head_size': 2, 'learning_rate': 0.03793680679490061}. Best is trial 0 with value: 0.07647934556007385.
[I 2023-12-27 10:55:01,093] Trial 26 finished with value: 4.612830638885498 and parameters: {'gradient_clip_val': 0.11875594106149988, 'hidden_size': 5, 'dropout': 0.1765539498925327, 'hidden_continuous_size': 5, 'attention_head_size': 3, 'learning_rate': 0.06772032719910229}. Best is trial 0 with value: 0.07647934556007385.
[I 2023-12-27 10:55:01,460] Trial 27 finished with value: 3.58447265625 and parameters: {'gradient_clip_val': 0.12477756429655801, 'hidden_size': 19, 'dropout': 0.19780486240440753, 'hidden_continuous_size': 6, 'attention_head_size': 1, 'learning_rate': 0.023147145441580964}. Best is trial 0 with value: 0.07647934556007385.
