[I 2023-12-27 11:18:23,484] Trial 19 finished with value: 2.320518732070923 and parameters: {'gradient_clip_val': 0.2134144498652364, 'hidden_size': 71, 'dropout': 0.23853261754909758, 'hidden_continuous_size': 26, 'attention_head_size': 3, 'learning_rate': 0.005814132477554162}. Best is trial 0 with value: 0.047688502818346024.
[I 2023-12-27 11:18:24,044] Trial 20 finished with value: 2.2655491828918457 and parameters: {'gradient_clip_val': 0.35370235066421085, 'hidden_size': 107, 'dropout': 0.17987204027760423, 'hidden_continuous_size': 106, 'attention_head_size': 4, 'learning_rate': 0.002672009628674266}. Best is trial 0 with value: 0.047688502818346024.
[I 2023-12-27 11:18:24,430] Trial 21 finished with value: 2.3812947273254395 and parameters: {'gradient_clip_val': 0.14238675505978937, 'hidden_size': 28, 'dropout': 0.1745264545327888, 'hidden_continuous_size': 13, 'attention_head_size': 1, 'learning_rate': 0.0011295618160656995}. Best is trial 0 with value: 0.047688502818346024.
[I 2023-12-27 11:18:24,817] Trial 22 finished with value: 2.386211395263672 and parameters: {'gradient_clip_val': 0.120463740198726, 'hidden_size': 27, 'dropout': 0.14309642856065513, 'hidden_continuous_size': 11, 'attention_head_size': 1, 'learning_rate': 0.0009296409965958925}. Best is trial 0 with value: 0.047688502818346024.
[I 2023-12-27 11:18:25,221] Trial 23 finished with value: 2.0521581172943115 and parameters: {'gradient_clip_val': 0.16498003401176464, 'hidden_size': 39, 'dropout': 0.19111177556028652, 'hidden_continuous_size': 19, 'attention_head_size': 2, 'learning_rate': 0.0005041295200374153}. Best is trial 0 with value: 0.047688502818346024.
[I 2023-12-27 11:18:25,633] Trial 24 finished with value: 1.7573162317276 and parameters: {'gradient_clip_val': 0.1516719873902368, 'hidden_size': 53, 'dropout': 0.11970975462234688, 'hidden_continuous_size': 26, 'attention_head_size': 1, 'learning_rate': 0.0016627506955584272}. Best is trial 0 with value: 0.047688502818346024.
[I 2023-12-27 11:18:26,050] Trial 25 finished with value: 1.6291452646255493 and parameters: {'gradient_clip_val': 0.122776990329614, 'hidden_size': 20, 'dropout': 0.1675090779718049, 'hidden_continuous_size': 10, 'attention_head_size': 3, 'learning_rate': 0.0011587790212177584}. Best is trial 0 with value: 0.047688502818346024.
[I 2023-12-27 11:18:26,485] Trial 26 finished with value: 2.1273305416107178 and parameters: {'gradient_clip_val': 0.15999099182376936, 'hidden_size': 68, 'dropout': 0.22916182831260684, 'hidden_continuous_size': 32, 'attention_head_size': 2, 'learning_rate': 0.0026427028658621322}. Best is trial 0 with value: 0.047688502818346024.
[I 2023-12-27 11:18:26,873] Trial 27 finished with value: 1.9589279890060425 and parameters: {'gradient_clip_val': 0.11857098654245868, 'hidden_size': 33, 'dropout': 0.12554006536070733, 'hidden_continuous_size': 16, 'attention_head_size': 1, 'learning_rate': 0.004661226945715691}. Best is trial 0 with value: 0.047688502818346024.
[I 2023-12-27 11:18:27,647] Trial 28 finished with value: 2.039740562438965 and parameters: {'gradient_clip_val': 0.10521219277727543, 'hidden_size': 119, 'dropout': 0.16423895986275103, 'hidden_continuous_size': 55, 'attention_head_size': 3, 'learning_rate': 0.0007416095381839252}. Best is trial 0 with value: 0.047688502818346024.
[I 2023-12-27 11:18:28,024] Trial 29 finished with value: 2.6268179416656494 and parameters: {'gradient_clip_val': 0.13845498859685337, 'hidden_size': 20, 'dropout': 0.14201404438805942, 'hidden_continuous_size': 12, 'attention_head_size': 2, 'learning_rate': 0.031506216275693714}. Best is trial 0 with value: 0.047688502818346024.
[I 2023-12-27 11:18:28,474] Trial 30 finished with value: 1.907282829284668 and parameters: {'gradient_clip_val': 0.21657418086131477, 'hidden_size': 80, 'dropout': 0.1001008024200937, 'hidden_continuous_size': 29, 'attention_head_size': 4, 'learning_rate': 0.0021371143740854266}. Best is trial 0 with value: 0.047688502818346024.
[I 2023-12-27 11:18:28,865] Trial 31 finished with value: 1.618710994720459 and parameters: {'gradient_clip_val': 0.11977602601139228, 'hidden_size': 21, 'dropout': 0.1601794823479435, 'hidden_continuous_size': 9, 'attention_head_size': 3, 'learning_rate': 0.001225349104390217}. Best is trial 0 with value: 0.047688502818346024.
[I 2023-12-27 11:18:29,282] Trial 32 finished with value: 1.704207420349121 and parameters: {'gradient_clip_val': 0.11917604314736212, 'hidden_size': 49, 'dropout': 0.207264304852184, 'hidden_continuous_size': 22, 'attention_head_size': 3, 'learning_rate': 0.0012818079507729487}. Best is trial 0 with value: 0.047688502818346024.
[I 2023-12-27 11:18:29,662] Trial 33 finished with value: 2.4368536472320557 and parameters: {'gradient_clip_val': 0.14093604503647159, 'hidden_size': 24, 'dropout': 0.15404650038926004, 'hidden_continuous_size': 9, 'attention_head_size': 2, 'learning_rate': 0.0017411598361163868}. Best is trial 0 with value: 0.047688502818346024.
[I 2023-12-27 11:18:30,101] Trial 34 finished with value: 1.7378209829330444 and parameters: {'gradient_clip_val': 0.11257108921797102, 'hidden_size': 59, 'dropout': 0.25303069400967654, 'hidden_continuous_size': 22, 'attention_head_size': 3, 'learning_rate': 0.010000619742157657}. Best is trial 0 with value: 0.047688502818346024.
[I 2023-12-27 11:18:30,478] Trial 35 finished with value: 1.8671833276748657 and parameters: {'gradient_clip_val': 0.10010316960082195, 'hidden_size': 14, 'dropout': 0.18381387551042216, 'hidden_continuous_size': 8, 'attention_head_size': 3, 'learning_rate': 0.0009556516933659996}. Best is trial 0 with value: 0.047688502818346024.
[I 2023-12-27 11:18:30,874] Trial 36 finished with value: 2.4694154262542725 and parameters: {'gradient_clip_val': 0.13075451291801643, 'hidden_size': 35, 'dropout': 0.12088417443338131, 'hidden_continuous_size': 15, 'attention_head_size': 4, 'learning_rate': 0.001371510035015153}. Best is trial 0 with value: 0.047688502818346024.
[I 2023-12-27 11:18:31,293] Trial 37 finished with value: 2.309019088745117 and parameters: {'gradient_clip_val': 0.16595787057998146, 'hidden_size': 51, 'dropout': 0.29305888055884216, 'hidden_continuous_size': 19, 'attention_head_size': 2, 'learning_rate': 0.0007202542339438654}. Best is trial 0 with value: 0.047688502818346024.
[I 2023-12-27 11:18:31,658] Trial 38 finished with value: 1.7724944353103638 and parameters: {'gradient_clip_val': 0.11788502423598053, 'hidden_size': 16, 'dropout': 0.26277816294406076, 'hidden_continuous_size': 10, 'attention_head_size': 3, 'learning_rate': 0.014506097269633998}. Best is trial 0 with value: 0.047688502818346024.
[I 2023-12-27 11:18:32,061] Trial 39 finished with value: 2.10982608795166 and parameters: {'gradient_clip_val': 0.1381524719123973, 'hidden_size': 29, 'dropout': 0.142809040682224, 'hidden_continuous_size': 17, 'attention_head_size': 4, 'learning_rate': 0.0020979871978748753}. Best is trial 0 with value: 0.047688502818346024.
[I 2023-12-27 11:18:32,445] Trial 40 finished with value: 2.9073266983032227 and parameters: {'gradient_clip_val': 0.11184641299657799, 'hidden_size': 23, 'dropout': 0.20599212550150486, 'hidden_continuous_size': 11, 'attention_head_size': 2, 'learning_rate': 0.003566484910587715}. Best is trial 0 with value: 0.047688502818346024.
[I 2023-12-27 11:18:33,062] Trial 41 finished with value: 1.7645848989486694 and parameters: {'gradient_clip_val': 0.1283337450187661, 'hidden_size': 18, 'dropout': 0.17678999685415933, 'hidden_continuous_size': 8, 'attention_head_size': 3, 'learning_rate': 0.001002172045081443}. Best is trial 0 with value: 0.047688502818346024.
[I 2023-12-27 11:18:33,453] Trial 42 finished with value: 2.131824493408203 and parameters: {'gradient_clip_val': 0.113731272598624, 'hidden_size': 22, 'dropout': 0.1612430815814274, 'hidden_continuous_size': 14, 'attention_head_size': 3, 'learning_rate': 0.0013656260336975634}. Best is trial 0 with value: 0.047688502818346024.
[I 2023-12-27 11:18:33,863] Trial 43 finished with value: 2.280141830444336 and parameters: {'gradient_clip_val': 0.1006183990759941, 'hidden_size': 31, 'dropout': 0.16611720012544884, 'hidden_continuous_size': 14, 'attention_head_size': 3, 'learning_rate': 0.0011344904671659198}. Best is trial 0 with value: 0.047688502818346024.
[I 2023-12-27 11:18:34,264] Trial 44 finished with value: 2.5255625247955322 and parameters: {'gradient_clip_val': 0.15083061834063574, 'hidden_size': 25, 'dropout': 0.1234540945872517, 'hidden_continuous_size': 10, 'attention_head_size': 3, 'learning_rate': 0.06298231542200915}. Best is trial 0 with value: 0.047688502818346024.
[I 2023-12-27 11:18:34,643] Trial 45 finished with value: 1.8990966081619263 and parameters: {'gradient_clip_val': 0.17578650835306314, 'hidden_size': 19, 'dropout': 0.2159779645896571, 'hidden_continuous_size': 6, 'attention_head_size': 4, 'learning_rate': 0.0024610783623056076}. Best is trial 0 with value: 0.047688502818346024.
[I 2023-12-27 11:18:35,048] Trial 46 finished with value: 2.3163416385650635 and parameters: {'gradient_clip_val': 0.12486202738755062, 'hidden_size': 38, 'dropout': 0.18337719218187762, 'hidden_continuous_size': 12, 'attention_head_size': 3, 'learning_rate': 0.0018246225060544368}. Best is trial 0 with value: 0.047688502818346024.
[I 2023-12-27 11:18:35,419] Trial 47 finished with value: 2.1709353923797607 and parameters: {'gradient_clip_val': 0.15073087817624764, 'hidden_size': 11, 'dropout': 0.1491783775934904, 'hidden_continuous_size': 8, 'attention_head_size': 2, 'learning_rate': 0.0032245893677313193}. Best is trial 0 with value: 0.047688502818346024.
[I 2023-12-27 11:18:35,916] Trial 48 finished with value: 2.6337273120880127 and parameters: {'gradient_clip_val': 0.10798933388697365, 'hidden_size': 93, 'dropout': 0.11193649225425872, 'hidden_continuous_size': 40, 'attention_head_size': 4, 'learning_rate': 0.0007045638091143377}. Best is trial 0 with value: 0.047688502818346024.
[I 2023-12-27 11:18:36,368] Trial 49 finished with value: 2.478006362915039 and parameters: {'gradient_clip_val': 0.1778504142360134, 'hidden_size': 62, 'dropout': 0.18893660142001478, 'hidden_continuous_size': 35, 'attention_head_size': 3, 'learning_rate': 0.002154921019990202}. Best is trial 0 with value: 0.047688502818346024.
[I 2023-12-27 11:18:36,480] A new study created in memory with name: no-name-0cb7f6a9-bf59-4d96-a2a0-e027972795a8
/home/le004/conda/anaconda3/envs/tsff_env/lib/python3.9/site-packages/lightning/fabric/plugins/environments/slurm.py:191: The `srun` command is available on your system but is not used. HINT: If your intention is to run Lightning on SLURM, prepend your python command with `srun` like so: srun python /home/le004/master_thesis/git/TSFusionForecast/code/ ...
[I 2023-12-27 11:19:21,292] Trial 0 finished with value: 0.4867058992385864 and parameters: {'gradient_clip_val': 0.299339024457265, 'hidden_size': 81, 'dropout': 0.30053924631754636, 'hidden_continuous_size': 33, 'attention_head_size': 4, 'learning_rate': 0.000508952259375647}. Best is trial 0 with value: 0.4867058992385864.
[I 2023-12-27 11:19:54,698] Trial 1 finished with value: 0.09023158997297287 and parameters: {'gradient_clip_val': 0.25795585638523877, 'hidden_size': 25, 'dropout': 0.3137588265249083, 'hidden_continuous_size': 18, 'attention_head_size': 1, 'learning_rate': 0.051990597756595945}. Best is trial 1 with value: 0.09023158997297287.
[I 2023-12-27 11:20:04,184] Trial 2 finished with value: 0.4473923146724701 and parameters: {'gradient_clip_val': 0.16637327237979738, 'hidden_size': 52, 'dropout': 0.33673746641674074, 'hidden_continuous_size': 5, 'attention_head_size': 4, 'learning_rate': 0.02139456194787038}. Best is trial 1 with value: 0.09023158997297287.
[I 2023-12-27 11:20:04,650] Trial 3 finished with value: 4.260379314422607 and parameters: {'gradient_clip_val': 0.8057872331510885, 'hidden_size': 83, 'dropout': 0.4409077512635263, 'hidden_continuous_size': 25, 'attention_head_size': 3, 'learning_rate': 0.003895043801092773}. Best is trial 1 with value: 0.09023158997297287.
[I 2023-12-27 11:20:04,996] Trial 4 finished with value: 5.283867835998535 and parameters: {'gradient_clip_val': 0.7357407604882007, 'hidden_size': 13, 'dropout': 0.19033573087329653, 'hidden_continuous_size': 5, 'attention_head_size': 2, 'learning_rate': 0.013193755299033308}. Best is trial 1 with value: 0.09023158997297287.
[I 2023-12-27 11:20:05,456] Trial 5 finished with value: 4.75844669342041 and parameters: {'gradient_clip_val': 0.8168347091089025, 'hidden_size': 87, 'dropout': 0.3666435743898514, 'hidden_continuous_size': 19, 'attention_head_size': 4, 'learning_rate': 0.0008633197126744988}. Best is trial 1 with value: 0.09023158997297287.
[I 2023-12-27 11:20:05,806] Trial 6 finished with value: 5.13007116317749 and parameters: {'gradient_clip_val': 0.6923753769549503, 'hidden_size': 16, 'dropout': 0.18799708461793455, 'hidden_continuous_size': 10, 'attention_head_size': 4, 'learning_rate': 0.04941722764419261}. Best is trial 1 with value: 0.09023158997297287.
[I 2023-12-27 11:20:06,156] Trial 7 finished with value: 5.257987976074219 and parameters: {'gradient_clip_val': 0.10087987034593943, 'hidden_size': 11, 'dropout': 0.1609914855230589, 'hidden_continuous_size': 7, 'attention_head_size': 4, 'learning_rate': 0.0013451626305928108}. Best is trial 1 with value: 0.09023158997297287.
[I 2023-12-27 11:20:06,571] Trial 8 finished with value: 5.888560771942139 and parameters: {'gradient_clip_val': 0.2532945595423267, 'hidden_size': 53, 'dropout': 0.3841827832154874, 'hidden_continuous_size': 50, 'attention_head_size': 4, 'learning_rate': 0.017925636145672504}. Best is trial 1 with value: 0.09023158997297287.
[I 2023-12-27 11:20:06,887] Trial 9 finished with value: 4.8170952796936035 and parameters: {'gradient_clip_val': 0.6984862821549017, 'hidden_size': 5, 'dropout': 0.1407545194603549, 'hidden_continuous_size': 5, 'attention_head_size': 3, 'learning_rate': 0.005533226855375652}. Best is trial 1 with value: 0.09023158997297287.
[I 2023-12-27 11:20:07,286] Trial 10 finished with value: 4.9500603675842285 and parameters: {'gradient_clip_val': 0.4014310802923069, 'hidden_size': 30, 'dropout': 0.48216739993789076, 'hidden_continuous_size': 14, 'attention_head_size': 1, 'learning_rate': 0.09815237688987045}. Best is trial 1 with value: 0.09023158997297287.
[I 2023-12-27 11:20:07,886] Trial 11 finished with value: 3.31843638420105 and parameters: {'gradient_clip_val': 0.1727647566930333, 'hidden_size': 148, 'dropout': 0.2881844465550836, 'hidden_continuous_size': 86, 'attention_head_size': 1, 'learning_rate': 0.027003235451773328}. Best is trial 1 with value: 0.09023158997297287.
[I 2023-12-27 11:20:08,477] Trial 12 finished with value: 5.5135369300842285 and parameters: {'gradient_clip_val': 0.1907924370118315, 'hidden_size': 34, 'dropout': 0.2784136777219446, 'hidden_continuous_size': 10, 'attention_head_size': 2, 'learning_rate': 0.045484229818128594}. Best is trial 1 with value: 0.09023158997297287.
[I 2023-12-27 11:20:08,884] Trial 13 finished with value: 5.1149678230285645 and parameters: {'gradient_clip_val': 0.14587154563366628, 'hidden_size': 41, 'dropout': 0.3494586397279129, 'hidden_continuous_size': 13, 'attention_head_size': 2, 'learning_rate': 0.009906040806960541}. Best is trial 1 with value: 0.09023158997297287.
[I 2023-12-27 11:20:09,262] Trial 14 finished with value: 6.072412490844727 and parameters: {'gradient_clip_val': 0.40773794762896204, 'hidden_size': 24, 'dropout': 0.2644746506557521, 'hidden_continuous_size': 8, 'attention_head_size': 3, 'learning_rate': 0.028212134407855312}. Best is trial 1 with value: 0.09023158997297287.
[I 2023-12-27 11:20:09,640] Trial 15 finished with value: 4.932129383087158 and parameters: {'gradient_clip_val': 0.24008980242547664, 'hidden_size': 21, 'dropout': 0.23341336735632057, 'hidden_continuous_size': 6, 'attention_head_size': 1, 'learning_rate': 0.07825561477098701}. Best is trial 1 with value: 0.09023158997297287.
[I 2023-12-27 11:20:10,072] Trial 16 finished with value: 5.469409942626953 and parameters: {'gradient_clip_val': 0.12780870368337877, 'hidden_size': 50, 'dropout': 0.33642804616919525, 'hidden_continuous_size': 17, 'attention_head_size': 2, 'learning_rate': 0.03800076302827178}. Best is trial 1 with value: 0.09023158997297287.
[I 2023-12-27 11:20:10,450] Trial 17 finished with value: 5.7924323081970215 and parameters: {'gradient_clip_val': 0.20651669168005254, 'hidden_size': 21, 'dropout': 0.4099208677872878, 'hidden_continuous_size': 8, 'attention_head_size': 3, 'learning_rate': 0.02038382947428317}. Best is trial 1 with value: 0.09023158997297287.
[I 2023-12-27 11:20:10,845] Trial 18 finished with value: 3.939617156982422 and parameters: {'gradient_clip_val': 0.15385423093913453, 'hidden_size': 36, 'dropout': 0.32452358512596147, 'hidden_continuous_size': 10, 'attention_head_size': 1, 'learning_rate': 0.06529109559944747}. Best is trial 1 with value: 0.09023158997297287.
[I 2023-12-27 11:20:11,249] Trial 19 finished with value: 4.780533313751221 and parameters: {'gradient_clip_val': 0.2266007000802425, 'hidden_size': 48, 'dropout': 0.23884322877824377, 'hidden_continuous_size': 5, 'attention_head_size': 2, 'learning_rate': 0.035302264749064956}. Best is trial 1 with value: 0.09023158997297287.
[I 2023-12-27 11:20:11,663] Trial 20 finished with value: 5.499680995941162 and parameters: {'gradient_clip_val': 0.32060377889653346, 'hidden_size': 28, 'dropout': 0.3259438918831349, 'hidden_continuous_size': 6, 'attention_head_size': 3, 'learning_rate': 0.09986340277683317}. Best is trial 1 with value: 0.09023158997297287.
[I 2023-12-27 11:20:12,093] Trial 21 finished with value: 4.049429416656494 and parameters: {'gradient_clip_val': 0.28991780722730487, 'hidden_size': 58, 'dropout': 0.30865778617193196, 'hidden_continuous_size': 24, 'attention_head_size': 4, 'learning_rate': 0.000528608514599758}. Best is trial 1 with value: 0.09023158997297287.
[I 2023-12-27 11:20:12,568] Trial 22 finished with value: 6.64710807800293 and parameters: {'gradient_clip_val': 0.3164005450768618, 'hidden_size': 73, 'dropout': 0.3002611356081029, 'hidden_continuous_size': 32, 'attention_head_size': 4, 'learning_rate': 0.0025943606032877045}. Best is trial 1 with value: 0.09023158997297287.
[I 2023-12-27 11:20:13,061] Trial 23 finished with value: 4.036293983459473 and parameters: {'gradient_clip_val': 0.21225431367920658, 'hidden_size': 100, 'dropout': 0.37374823675554675, 'hidden_continuous_size': 41, 'attention_head_size': 4, 'learning_rate': 0.008389960825431364}. Best is trial 1 with value: 0.09023158997297287.
[I 2023-12-27 11:20:13,493] Trial 24 finished with value: 5.614583492279053 and parameters: {'gradient_clip_val': 0.18217288650034918, 'hidden_size': 62, 'dropout': 0.2600499004195213, 'hidden_continuous_size': 20, 'attention_head_size': 3, 'learning_rate': 0.01400109350058865}. Best is trial 1 with value: 0.09023158997297287.
[I 2023-12-27 11:20:14,116] Trial 25 finished with value: 2.6607964038848877 and parameters: {'gradient_clip_val': 0.26749415422316325, 'hidden_size': 42, 'dropout': 0.3384551154553007, 'hidden_continuous_size': 12, 'attention_head_size': 4, 'learning_rate': 0.002139126791223429}. Best is trial 1 with value: 0.09023158997297287.
[I 2023-12-27 11:20:14,593] Trial 26 finished with value: 4.67515754699707 and parameters: {'gradient_clip_val': 0.35967034429342815, 'hidden_size': 101, 'dropout': 0.2917979335228974, 'hidden_continuous_size': 16, 'attention_head_size': 3, 'learning_rate': 0.005620511238384803}. Best is trial 1 with value: 0.09023158997297287.
[I 2023-12-27 11:20:15,040] Trial 27 finished with value: 6.258546352386475 and parameters: {'gradient_clip_val': 0.4708739678550836, 'hidden_size': 62, 'dropout': 0.1104851834188629, 'hidden_continuous_size': 22, 'attention_head_size': 1, 'learning_rate': 0.02119928084379146}. Best is trial 1 with value: 0.09023158997297287.
[I 2023-12-27 11:20:15,440] Trial 28 finished with value: 5.8647284507751465 and parameters: {'gradient_clip_val': 0.26301528798148505, 'hidden_size': 40, 'dropout': 0.4043370350111025, 'hidden_continuous_size': 16, 'attention_head_size': 4, 'learning_rate': 0.012346081822902734}. Best is trial 1 with value: 0.09023158997297287.
[I 2023-12-27 11:20:15,909] Trial 29 finished with value: 4.0780181884765625 and parameters: {'gradient_clip_val': 0.21992570475682682, 'hidden_size': 74, 'dropout': 0.43205975117209555, 'hidden_continuous_size': 24, 'attention_head_size': 2, 'learning_rate': 0.006680723633328438}. Best is trial 1 with value: 0.09023158997297287.
[I 2023-12-27 11:20:16,296] Trial 30 finished with value: 4.52920389175415 and parameters: {'gradient_clip_val': 0.1666943452110217, 'hidden_size': 32, 'dropout': 0.3145182282512902, 'hidden_continuous_size': 12, 'attention_head_size': 3, 'learning_rate': 0.002834778318504876}. Best is trial 1 with value: 0.09023158997297287.
[I 2023-12-27 11:20:16,695] Trial 31 finished with value: 5.599687099456787 and parameters: {'gradient_clip_val': 0.2929753000505951, 'hidden_size': 40, 'dropout': 0.35787423381879957, 'hidden_continuous_size': 11, 'attention_head_size': 4, 'learning_rate': 0.001437959570821775}. Best is trial 1 with value: 0.09023158997297287.
[I 2023-12-27 11:20:17,116] Trial 32 finished with value: 4.50962495803833 and parameters: {'gradient_clip_val': 0.2578419969863241, 'hidden_size': 46, 'dropout': 0.34102413444218455, 'hidden_continuous_size': 14, 'attention_head_size': 4, 'learning_rate': 0.0026465634463784006}. Best is trial 1 with value: 0.09023158997297287.
[I 2023-12-27 11:20:17,585] Trial 33 finished with value: 3.590261459350586 and parameters: {'gradient_clip_val': 0.19791065413149073, 'hidden_size': 72, 'dropout': 0.3575397366905908, 'hidden_continuous_size': 18, 'attention_head_size': 4, 'learning_rate': 0.0005055817485130446}. Best is trial 1 with value: 0.09023158997297287.
