[I 2023-12-27 11:32:22,246] Trial 49 finished with value: 2.1154260635375977 and parameters: {'gradient_clip_val': 0.6055669696707311, 'hidden_size': 59, 'dropout': 0.35173202565472556, 'hidden_continuous_size': 11, 'attention_head_size': 3, 'learning_rate': 0.03686871896558034}. Best is trial 1 with value: 0.056212976574897766.
[I 2023-12-27 11:32:22,358] A new study created in memory with name: no-name-221c7300-d2b9-49ca-b1cb-2d4eeb24a3f5
/home/le004/conda/anaconda3/envs/tsff_env/lib/python3.9/site-packages/lightning/fabric/plugins/environments/slurm.py:191: The `srun` command is available on your system but is not used. HINT: If your intention is to run Lightning on SLURM, prepend your python command with `srun` like so: srun python /home/le004/master_thesis/git/TSFusionForecast/code/ ...
[I 2023-12-27 11:32:55,676] Trial 0 finished with value: 0.18570055067539215 and parameters: {'gradient_clip_val': 0.3871596397434468, 'hidden_size': 14, 'dropout': 0.41382480619088335, 'hidden_continuous_size': 5, 'attention_head_size': 3, 'learning_rate': 0.006874298186922165}. Best is trial 0 with value: 0.18570055067539215.
[I 2023-12-27 11:33:07,182] Trial 1 finished with value: 2.5754477977752686 and parameters: {'gradient_clip_val': 0.24917813843621794, 'hidden_size': 32, 'dropout': 0.3201764328776019, 'hidden_continuous_size': 9, 'attention_head_size': 4, 'learning_rate': 0.002004070681997448}. Best is trial 0 with value: 0.18570055067539215.
[I 2023-12-27 11:33:07,536] Trial 2 finished with value: 3.5049006938934326 and parameters: {'gradient_clip_val': 0.15653398345813005, 'hidden_size': 10, 'dropout': 0.2527024200848551, 'hidden_continuous_size': 8, 'attention_head_size': 1, 'learning_rate': 0.0010416229124283684}. Best is trial 0 with value: 0.18570055067539215.
[I 2023-12-27 11:33:07,965] Trial 3 finished with value: 3.3740501403808594 and parameters: {'gradient_clip_val': 0.43179000303775, 'hidden_size': 62, 'dropout': 0.4149101939675546, 'hidden_continuous_size': 17, 'attention_head_size': 3, 'learning_rate': 0.018873533001684078}. Best is trial 0 with value: 0.18570055067539215.
[I 2023-12-27 11:33:08,318] Trial 4 finished with value: 2.227274179458618 and parameters: {'gradient_clip_val': 0.2716601616655583, 'hidden_size': 26, 'dropout': 0.26138563055545055, 'hidden_continuous_size': 26, 'attention_head_size': 2, 'learning_rate': 0.005995880553450079}. Best is trial 0 with value: 0.18570055067539215.
[I 2023-12-27 11:33:08,680] Trial 5 finished with value: 1.8443231582641602 and parameters: {'gradient_clip_val': 0.2390253560980021, 'hidden_size': 11, 'dropout': 0.43176127832275024, 'hidden_continuous_size': 7, 'attention_head_size': 2, 'learning_rate': 0.013060957024881763}. Best is trial 0 with value: 0.18570055067539215.
[I 2023-12-27 11:33:09,004] Trial 6 finished with value: 3.689072370529175 and parameters: {'gradient_clip_val': 0.7544645340197629, 'hidden_size': 5, 'dropout': 0.21974279765827634, 'hidden_continuous_size': 5, 'attention_head_size': 4, 'learning_rate': 0.0006130909960059556}. Best is trial 0 with value: 0.18570055067539215.
[I 2023-12-27 11:33:09,535] Trial 7 finished with value: 2.7581136226654053 and parameters: {'gradient_clip_val': 0.7114204292569561, 'hidden_size': 107, 'dropout': 0.13951590682288947, 'hidden_continuous_size': 65, 'attention_head_size': 2, 'learning_rate': 0.013638387917447899}. Best is trial 0 with value: 0.18570055067539215.
[I 2023-12-27 11:33:10,120] Trial 8 finished with value: 3.193883180618286 and parameters: {'gradient_clip_val': 0.4911753486677347, 'hidden_size': 15, 'dropout': 0.24830552628508246, 'hidden_continuous_size': 5, 'attention_head_size': 4, 'learning_rate': 0.05424418559989699}. Best is trial 0 with value: 0.18570055067539215.
[I 2023-12-27 11:33:10,459] Trial 9 finished with value: 2.500481367111206 and parameters: {'gradient_clip_val': 0.10074392664974911, 'hidden_size': 7, 'dropout': 0.21997996679933834, 'hidden_continuous_size': 7, 'attention_head_size': 4, 'learning_rate': 0.0009728824683535449}. Best is trial 0 with value: 0.18570055067539215.
[I 2023-12-27 11:33:10,858] Trial 10 finished with value: 3.5506598949432373 and parameters: {'gradient_clip_val': 0.9192818644423386, 'hidden_size': 21, 'dropout': 0.456867550525789, 'hidden_continuous_size': 5, 'attention_head_size': 3, 'learning_rate': 0.00395730015447485}. Best is trial 0 with value: 0.18570055067539215.
[I 2023-12-27 11:33:11,248] Trial 11 finished with value: 4.047351837158203 and parameters: {'gradient_clip_val': 0.3585428038034198, 'hidden_size': 12, 'dropout': 0.49888218302788523, 'hidden_continuous_size': 6, 'attention_head_size': 1, 'learning_rate': 0.01277830937550938}. Best is trial 0 with value: 0.18570055067539215.
[I 2023-12-27 11:33:11,624] Trial 12 finished with value: 2.7957019805908203 and parameters: {'gradient_clip_val': 0.23535770648422777, 'hidden_size': 8, 'dropout': 0.3886569628166936, 'hidden_continuous_size': 5, 'attention_head_size': 2, 'learning_rate': 0.003999947052480499}. Best is trial 0 with value: 0.18570055067539215.
[I 2023-12-27 11:33:11,997] Trial 13 finished with value: 2.8145534992218018 and parameters: {'gradient_clip_val': 0.4896891461220199, 'hidden_size': 16, 'dropout': 0.36730761026656167, 'hidden_continuous_size': 6, 'attention_head_size': 3, 'learning_rate': 0.032973924524152}. Best is trial 0 with value: 0.18570055067539215.
[I 2023-12-27 11:33:12,335] Trial 14 finished with value: 2.5664284229278564 and parameters: {'gradient_clip_val': 0.19000920034490743, 'hidden_size': 5, 'dropout': 0.4311333258952066, 'hidden_continuous_size': 5, 'attention_head_size': 2, 'learning_rate': 0.008450802722415527}. Best is trial 0 with value: 0.18570055067539215.
[I 2023-12-27 11:33:12,727] Trial 15 finished with value: 3.1333961486816406 and parameters: {'gradient_clip_val': 0.34101635456304363, 'hidden_size': 10, 'dropout': 0.3531678179485056, 'hidden_continuous_size': 6, 'attention_head_size': 3, 'learning_rate': 0.08383632850748587}. Best is trial 0 with value: 0.18570055067539215.
[I 2023-12-27 11:33:13,145] Trial 16 finished with value: 2.696733236312866 and parameters: {'gradient_clip_val': 0.313196041361128, 'hidden_size': 35, 'dropout': 0.4885218825253584, 'hidden_continuous_size': 10, 'attention_head_size': 1, 'learning_rate': 0.018312444737467466}. Best is trial 0 with value: 0.18570055067539215.
[I 2023-12-27 11:33:13,546] Trial 17 finished with value: 2.270604372024536 and parameters: {'gradient_clip_val': 0.1791756207184755, 'hidden_size': 17, 'dropout': 0.43873092903614963, 'hidden_continuous_size': 7, 'attention_head_size': 2, 'learning_rate': 0.030032690953155743}. Best is trial 0 with value: 0.18570055067539215.
[I 2023-12-27 11:33:13,943] Trial 18 finished with value: 2.892521619796753 and parameters: {'gradient_clip_val': 0.5649057125549933, 'hidden_size': 14, 'dropout': 0.4046329538050735, 'hidden_continuous_size': 6, 'attention_head_size': 3, 'learning_rate': 0.007451759949633469}. Best is trial 0 with value: 0.18570055067539215.
[I 2023-12-27 11:33:14,335] Trial 19 finished with value: 2.746476173400879 and parameters: {'gradient_clip_val': 0.3852392586828776, 'hidden_size': 7, 'dropout': 0.33343423886146567, 'hidden_continuous_size': 5, 'attention_head_size': 2, 'learning_rate': 0.0031550957159558525}. Best is trial 0 with value: 0.18570055067539215.
[I 2023-12-27 11:33:14,739] Trial 20 finished with value: 3.040133476257324 and parameters: {'gradient_clip_val': 0.31440691902391366, 'hidden_size': 25, 'dropout': 0.3811138231743164, 'hidden_continuous_size': 8, 'attention_head_size': 3, 'learning_rate': 0.009558062769072787}. Best is trial 0 with value: 0.18570055067539215.
[I 2023-12-27 11:33:15,390] Trial 21 finished with value: 3.6960551738739014 and parameters: {'gradient_clip_val': 0.2723899501762945, 'hidden_size': 20, 'dropout': 0.29561131465406437, 'hidden_continuous_size': 12, 'attention_head_size': 2, 'learning_rate': 0.005623763104508377}. Best is trial 0 with value: 0.18570055067539215.
[I 2023-12-27 11:33:15,808] Trial 22 finished with value: 3.3286373615264893 and parameters: {'gradient_clip_val': 0.27361016804746835, 'hidden_size': 27, 'dropout': 0.4623390803322418, 'hidden_continuous_size': 13, 'attention_head_size': 2, 'learning_rate': 0.006346300883642804}. Best is trial 0 with value: 0.18570055067539215.
[I 2023-12-27 11:33:16,241] Trial 23 finished with value: 3.5518500804901123 and parameters: {'gradient_clip_val': 0.22229392856887906, 'hidden_size': 39, 'dropout': 0.41987630093526307, 'hidden_continuous_size': 16, 'attention_head_size': 1, 'learning_rate': 0.01071225941310089}. Best is trial 0 with value: 0.18570055067539215.
[I 2023-12-27 11:33:16,621] Trial 24 finished with value: 2.4478161334991455 and parameters: {'gradient_clip_val': 0.3007844073907869, 'hidden_size': 12, 'dropout': 0.37300732395093905, 'hidden_continuous_size': 7, 'attention_head_size': 2, 'learning_rate': 0.005424096992755048}. Best is trial 0 with value: 0.18570055067539215.
[I 2023-12-27 11:33:17,022] Trial 25 finished with value: 2.815784454345703 and parameters: {'gradient_clip_val': 0.402091137335773, 'hidden_size': 20, 'dropout': 0.46014201623423723, 'hidden_continuous_size': 19, 'attention_head_size': 3, 'learning_rate': 0.002493532025673434}. Best is trial 0 with value: 0.18570055067539215.
[I 2023-12-27 11:33:17,476] Trial 26 finished with value: 3.243345260620117 and parameters: {'gradient_clip_val': 0.2213544590562157, 'hidden_size': 52, 'dropout': 0.40394442537104674, 'hidden_continuous_size': 22, 'attention_head_size': 2, 'learning_rate': 0.005051861190291032}. Best is trial 0 with value: 0.18570055067539215.
[I 2023-12-27 11:33:17,896] Trial 27 finished with value: 2.5423738956451416 and parameters: {'gradient_clip_val': 0.35704448115729165, 'hidden_size': 27, 'dropout': 0.34855753038701703, 'hidden_continuous_size': 10, 'attention_head_size': 1, 'learning_rate': 0.00792514124940568}. Best is trial 0 with value: 0.18570055067539215.
[I 2023-12-27 11:33:18,316] Trial 28 finished with value: 3.594202995300293 and parameters: {'gradient_clip_val': 0.28924763064979797, 'hidden_size': 18, 'dropout': 0.3030979615911, 'hidden_continuous_size': 6, 'attention_head_size': 3, 'learning_rate': 0.014714913928574108}. Best is trial 0 with value: 0.18570055067539215.
[I 2023-12-27 11:33:18,699] Trial 29 finished with value: 2.8097798824310303 and parameters: {'gradient_clip_val': 0.25327618896658616, 'hidden_size': 13, 'dropout': 0.3242058922324285, 'hidden_continuous_size': 7, 'attention_head_size': 4, 'learning_rate': 0.001843680467539594}. Best is trial 0 with value: 0.18570055067539215.
[I 2023-12-27 11:33:19,095] Trial 30 finished with value: 3.506218194961548 and parameters: {'gradient_clip_val': 0.4354448823891791, 'hidden_size': 10, 'dropout': 0.3864137871829324, 'hidden_continuous_size': 6, 'attention_head_size': 2, 'learning_rate': 0.008140827080429893}. Best is trial 0 with value: 0.18570055067539215.
[I 2023-12-27 11:33:19,474] Trial 31 finished with value: 3.8101818561553955 and parameters: {'gradient_clip_val': 0.18928793568844793, 'hidden_size': 17, 'dropout': 0.44743369366402497, 'hidden_continuous_size': 8, 'attention_head_size': 2, 'learning_rate': 0.02857766438366568}. Best is trial 0 with value: 0.18570055067539215.
[I 2023-12-27 11:33:19,876] Trial 32 finished with value: 2.2171828746795654 and parameters: {'gradient_clip_val': 0.16577038893931229, 'hidden_size': 23, 'dropout': 0.4261974777408799, 'hidden_continuous_size': 8, 'attention_head_size': 2, 'learning_rate': 0.02400443264440999}. Best is trial 0 with value: 0.18570055067539215.
[I 2023-12-27 11:33:20,266] Trial 33 finished with value: 3.0690603256225586 and parameters: {'gradient_clip_val': 0.14903064472899594, 'hidden_size': 23, 'dropout': 0.47614428421424493, 'hidden_continuous_size': 9, 'attention_head_size': 1, 'learning_rate': 0.02109599655078216}. Best is trial 0 with value: 0.18570055067539215.
[I 2023-12-27 11:33:20,900] Trial 34 finished with value: 3.0108373165130615 and parameters: {'gradient_clip_val': 0.2539455786593654, 'hidden_size': 29, 'dropout': 0.4173182165001888, 'hidden_continuous_size': 8, 'attention_head_size': 2, 'learning_rate': 0.012881298087475679}. Best is trial 0 with value: 0.18570055067539215.
[I 2023-12-27 11:33:21,324] Trial 35 finished with value: 2.653212070465088 and parameters: {'gradient_clip_val': 0.14950614751179161, 'hidden_size': 34, 'dropout': 0.4296931800830858, 'hidden_continuous_size': 25, 'attention_head_size': 3, 'learning_rate': 0.017265102279577355}. Best is trial 0 with value: 0.18570055067539215.
[I 2023-12-27 11:33:21,723] Trial 36 finished with value: 2.666490077972412 and parameters: {'gradient_clip_val': 0.20676828517454404, 'hidden_size': 23, 'dropout': 0.4782295456367, 'hidden_continuous_size': 9, 'attention_head_size': 2, 'learning_rate': 0.009875837147012215}. Best is trial 0 with value: 0.18570055067539215.
[I 2023-12-27 11:33:22,112] Trial 37 finished with value: 2.7905337810516357 and parameters: {'gradient_clip_val': 0.24762295638102755, 'hidden_size': 17, 'dropout': 0.4004123077812579, 'hidden_continuous_size': 8, 'attention_head_size': 3, 'learning_rate': 0.024037996687902862}. Best is trial 0 with value: 0.18570055067539215.
[I 2023-12-27 11:33:22,511] Trial 38 finished with value: 4.088341236114502 and parameters: {'gradient_clip_val': 0.3310813886106972, 'hidden_size': 14, 'dropout': 0.44146887650696176, 'hidden_continuous_size': 7, 'attention_head_size': 2, 'learning_rate': 0.04026348127329473}. Best is trial 0 with value: 0.18570055067539215.
[I 2023-12-27 11:33:22,957] Trial 39 finished with value: 2.8297946453094482 and parameters: {'gradient_clip_val': 0.16933940237980818, 'hidden_size': 42, 'dropout': 0.2683333478574518, 'hidden_continuous_size': 35, 'attention_head_size': 1, 'learning_rate': 0.01647073978773349}. Best is trial 0 with value: 0.18570055067539215.
[I 2023-12-27 11:33:23,438] Trial 40 finished with value: 3.667229652404785 and parameters: {'gradient_clip_val': 0.162829979498183, 'hidden_size': 83, 'dropout': 0.4998919118789632, 'hidden_continuous_size': 13, 'attention_head_size': 4, 'learning_rate': 0.011411118711046685}. Best is trial 0 with value: 0.18570055067539215.
[I 2023-12-27 11:33:23,825] Trial 41 finished with value: 3.07246994972229 and parameters: {'gradient_clip_val': 0.12301576776476837, 'hidden_size': 20, 'dropout': 0.4352475032212664, 'hidden_continuous_size': 7, 'attention_head_size': 2, 'learning_rate': 0.023301273893426136}. Best is trial 0 with value: 0.18570055067539215.
[I 2023-12-27 11:33:24,214] Trial 42 finished with value: 3.5564916133880615 and parameters: {'gradient_clip_val': 0.18236728543480635, 'hidden_size': 17, 'dropout': 0.4586124797150779, 'hidden_continuous_size': 7, 'attention_head_size': 2, 'learning_rate': 0.038687504826030776}. Best is trial 0 with value: 0.18570055067539215.
[I 2023-12-27 11:33:24,615] Trial 43 finished with value: 3.2117416858673096 and parameters: {'gradient_clip_val': 0.20313331362119294, 'hidden_size': 30, 'dropout': 0.41923876219613404, 'hidden_continuous_size': 10, 'attention_head_size': 2, 'learning_rate': 0.01324633958645598}. Best is trial 0 with value: 0.18570055067539215.
[I 2023-12-27 11:33:24,989] Trial 44 finished with value: 2.9296703338623047 and parameters: {'gradient_clip_val': 0.23374729376215012, 'hidden_size': 11, 'dropout': 0.4449752149051689, 'hidden_continuous_size': 5, 'attention_head_size': 2, 'learning_rate': 0.028250228981301133}. Best is trial 0 with value: 0.18570055067539215.
[I 2023-12-27 11:33:25,387] Trial 45 finished with value: 2.8440911769866943 and parameters: {'gradient_clip_val': 0.21310640532002104, 'hidden_size': 15, 'dropout': 0.3928117976998534, 'hidden_continuous_size': 9, 'attention_head_size': 3, 'learning_rate': 0.018977285641536893}. Best is trial 0 with value: 0.18570055067539215.
[I 2023-12-27 11:33:25,779] Trial 46 finished with value: 2.47270131111145 and parameters: {'gradient_clip_val': 0.13676672332643172, 'hidden_size': 13, 'dropout': 0.3673011284320451, 'hidden_continuous_size': 5, 'attention_head_size': 2, 'learning_rate': 0.048605820423129865}. Best is trial 0 with value: 0.18570055067539215.
[I 2023-12-27 11:33:26,162] Trial 47 finished with value: 2.9518518447875977 and parameters: {'gradient_clip_val': 0.19501012180363178, 'hidden_size': 9, 'dropout': 0.47328503146502704, 'hidden_continuous_size': 6, 'attention_head_size': 2, 'learning_rate': 0.006841505277751058}. Best is trial 0 with value: 0.18570055067539215.
[I 2023-12-27 11:33:26,759] Trial 48 finished with value: 2.7565653324127197 and parameters: {'gradient_clip_val': 0.1751158722444684, 'hidden_size': 11, 'dropout': 0.41300464008322807, 'hidden_continuous_size': 6, 'attention_head_size': 1, 'learning_rate': 0.014592364257003713}. Best is trial 0 with value: 0.18570055067539215.
[I 2023-12-27 11:33:27,153] Trial 49 finished with value: 3.272664785385132 and parameters: {'gradient_clip_val': 0.27563328703013007, 'hidden_size': 22, 'dropout': 0.22111749722599192, 'hidden_continuous_size': 11, 'attention_head_size': 3, 'learning_rate': 0.06534301678675261}. Best is trial 0 with value: 0.18570055067539215.
[I 2023-12-27 11:33:27,266] A new study created in memory with name: no-name-f4b0e65c-6404-4508-bdc9-2d177ea77689
/home/le004/conda/anaconda3/envs/tsff_env/lib/python3.9/site-packages/lightning/fabric/plugins/environments/slurm.py:191: The `srun` command is available on your system but is not used. HINT: If your intention is to run Lightning on SLURM, prepend your python command with `srun` like so: srun python /home/le004/master_thesis/git/TSFusionForecast/code/ ...
[I 2023-12-27 11:34:05,842] Trial 0 finished with value: 0.07347714900970459 and parameters: {'gradient_clip_val': 0.13343319577437449, 'hidden_size': 52, 'dropout': 0.49587504594547005, 'hidden_continuous_size': 9, 'attention_head_size': 3, 'learning_rate': 0.07788766440684568}. Best is trial 0 with value: 0.07347714900970459.
[I 2023-12-27 11:34:15,317] Trial 1 finished with value: 1.4502047300338745 and parameters: {'gradient_clip_val': 0.4128793020723381, 'hidden_size': 14, 'dropout': 0.12508290586247514, 'hidden_continuous_size': 5, 'attention_head_size': 3, 'learning_rate': 0.018213992907271173}. Best is trial 0 with value: 0.07347714900970459.
[I 2023-12-27 11:34:15,680] Trial 2 finished with value: 3.1504905223846436 and parameters: {'gradient_clip_val': 0.27054990426245035, 'hidden_size': 18, 'dropout': 0.3497936792288121, 'hidden_continuous_size': 9, 'attention_head_size': 4, 'learning_rate': 0.011975770927968242}. Best is trial 0 with value: 0.07347714900970459.
[I 2023-12-27 11:34:16,057] Trial 3 finished with value: 2.596799373626709 and parameters: {'gradient_clip_val': 0.2489336838649295, 'hidden_size': 34, 'dropout': 0.2983933525933047, 'hidden_continuous_size': 14, 'attention_head_size': 4, 'learning_rate': 0.03422338985528406}. Best is trial 0 with value: 0.07347714900970459.
[I 2023-12-27 11:34:16,588] Trial 4 finished with value: 2.8459718227386475 and parameters: {'gradient_clip_val': 0.3043592710907545, 'hidden_size': 117, 'dropout': 0.21365128522818005, 'hidden_continuous_size': 72, 'attention_head_size': 3, 'learning_rate': 0.005226943524792506}. Best is trial 0 with value: 0.07347714900970459.
[I 2023-12-27 11:34:16,968] Trial 5 finished with value: 2.4626901149749756 and parameters: {'gradient_clip_val': 0.23652419028538707, 'hidden_size': 37, 'dropout': 0.16301278847544792, 'hidden_continuous_size': 6, 'attention_head_size': 2, 'learning_rate': 0.021985841094402065}. Best is trial 0 with value: 0.07347714900970459.
[I 2023-12-27 11:34:17,314] Trial 6 finished with value: 2.8181469440460205 and parameters: {'gradient_clip_val': 0.6123559542383097, 'hidden_size': 12, 'dropout': 0.10507572138022092, 'hidden_continuous_size': 7, 'attention_head_size': 1, 'learning_rate': 0.04827810322332027}. Best is trial 0 with value: 0.07347714900970459.
[I 2023-12-27 11:34:17,700] Trial 7 finished with value: 2.0986220836639404 and parameters: {'gradient_clip_val': 0.5939871618255463, 'hidden_size': 31, 'dropout': 0.3926849110693219, 'hidden_continuous_size': 29, 'attention_head_size': 3, 'learning_rate': 0.0008673964313647677}. Best is trial 0 with value: 0.07347714900970459.
[I 2023-12-27 11:34:18,022] Trial 8 finished with value: 2.357288122177124 and parameters: {'gradient_clip_val': 0.1582378478077245, 'hidden_size': 6, 'dropout': 0.3318046542884253, 'hidden_continuous_size': 6, 'attention_head_size': 1, 'learning_rate': 0.007488887182683276}. Best is trial 0 with value: 0.07347714900970459.
[I 2023-12-27 11:34:18,666] Trial 9 finished with value: 2.5446319580078125 and parameters: {'gradient_clip_val': 0.20929253429627437, 'hidden_size': 65, 'dropout': 0.18155550166907003, 'hidden_continuous_size': 23, 'attention_head_size': 3, 'learning_rate': 0.00474298620648213}. Best is trial 0 with value: 0.07347714900970459.
[I 2023-12-27 11:34:19,300] Trial 10 finished with value: 3.2533152103424072 and parameters: {'gradient_clip_val': 0.10506593380587606, 'hidden_size': 132, 'dropout': 0.4967013502492657, 'hidden_continuous_size': 125, 'attention_head_size': 2, 'learning_rate': 0.0953270640099831}. Best is trial 0 with value: 0.07347714900970459.
[I 2023-12-27 11:34:19,665] Trial 11 finished with value: 3.091094732284546 and parameters: {'gradient_clip_val': 0.47519565170575023, 'hidden_size': 16, 'dropout': 0.466757440875179, 'hidden_continuous_size': 5, 'attention_head_size': 3, 'learning_rate': 0.0966324679596088}. Best is trial 0 with value: 0.07347714900970459.
