[I 2023-12-27 11:30:52,399] Trial 12 finished with value: 5.462526321411133 and parameters: {'gradient_clip_val': 0.19135557191458363, 'hidden_size': 11, 'dropout': 0.39291497952978727, 'hidden_continuous_size': 6, 'attention_head_size': 2, 'learning_rate': 0.003283424892295692}. Best is trial 1 with value: 0.13664022088050842.
[I 2023-12-27 11:30:52,788] Trial 13 finished with value: 5.776109218597412 and parameters: {'gradient_clip_val': 0.3957602548855656, 'hidden_size': 27, 'dropout': 0.28861271715844755, 'hidden_continuous_size': 9, 'attention_head_size': 3, 'learning_rate': 0.011730657635170946}. Best is trial 1 with value: 0.13664022088050842.
[I 2023-12-27 11:30:53,150] Trial 14 finished with value: 6.011354923248291 and parameters: {'gradient_clip_val': 0.22442494917469688, 'hidden_size': 8, 'dropout': 0.28823135574119685, 'hidden_continuous_size': 5, 'attention_head_size': 4, 'learning_rate': 0.002759732142347158}. Best is trial 1 with value: 0.13664022088050842.
[I 2023-12-27 11:30:53,518] Trial 15 finished with value: 4.732505798339844 and parameters: {'gradient_clip_val': 0.30367070932266976, 'hidden_size': 10, 'dropout': 0.3992193167195437, 'hidden_continuous_size': 6, 'attention_head_size': 2, 'learning_rate': 0.013666348338859062}. Best is trial 1 with value: 0.13664022088050842.
[I 2023-12-27 11:30:53,892] Trial 16 finished with value: 6.395370960235596 and parameters: {'gradient_clip_val': 0.43732711130275687, 'hidden_size': 24, 'dropout': 0.3367865663956818, 'hidden_continuous_size': 9, 'attention_head_size': 3, 'learning_rate': 0.0355061695642336}. Best is trial 1 with value: 0.13664022088050842.
[I 2023-12-27 11:30:54,274] Trial 17 finished with value: 5.603133678436279 and parameters: {'gradient_clip_val': 0.17456583566581665, 'hidden_size': 12, 'dropout': 0.2664305406513737, 'hidden_continuous_size': 7, 'attention_head_size': 2, 'learning_rate': 0.009464987827889489}. Best is trial 1 with value: 0.13664022088050842.
[I 2023-12-27 11:30:54,635] Trial 18 finished with value: 3.864806890487671 and parameters: {'gradient_clip_val': 0.2692994929547123, 'hidden_size': 7, 'dropout': 0.1729782549030379, 'hidden_continuous_size': 5, 'attention_head_size': 4, 'learning_rate': 0.004739064234606554}. Best is trial 1 with value: 0.13664022088050842.
[I 2023-12-27 11:30:54,966] Trial 19 finished with value: 5.683046817779541 and parameters: {'gradient_clip_val': 0.3578273447487932, 'hidden_size': 5, 'dropout': 0.33651821312465774, 'hidden_continuous_size': 5, 'attention_head_size': 3, 'learning_rate': 0.09805203399591646}. Best is trial 1 with value: 0.13664022088050842.
[I 2023-12-27 11:30:55,355] Trial 20 finished with value: 5.093366622924805 and parameters: {'gradient_clip_val': 0.11365510763184868, 'hidden_size': 32, 'dropout': 0.3164254870326165, 'hidden_continuous_size': 11, 'attention_head_size': 2, 'learning_rate': 0.008853411620319131}. Best is trial 1 with value: 0.13664022088050842.
[I 2023-12-27 11:30:55,978] Trial 21 finished with value: 5.076234340667725 and parameters: {'gradient_clip_val': 0.13551291771958032, 'hidden_size': 40, 'dropout': 0.24656619111993042, 'hidden_continuous_size': 14, 'attention_head_size': 3, 'learning_rate': 0.029236566733756904}. Best is trial 1 with value: 0.13664022088050842.
[I 2023-12-27 11:30:56,349] Trial 22 finished with value: 3.6677467823028564 and parameters: {'gradient_clip_val': 0.1300596583241914, 'hidden_size': 19, 'dropout': 0.19869032702035888, 'hidden_continuous_size': 8, 'attention_head_size': 1, 'learning_rate': 0.049702510011491806}. Best is trial 1 with value: 0.13664022088050842.
[I 2023-12-27 11:30:56,820] Trial 23 finished with value: 4.768452167510986 and parameters: {'gradient_clip_val': 0.16911614096532857, 'hidden_size': 92, 'dropout': 0.27375557103413783, 'hidden_continuous_size': 16, 'attention_head_size': 2, 'learning_rate': 0.01820864771272278}. Best is trial 1 with value: 0.13664022088050842.
[I 2023-12-27 11:30:57,222] Trial 24 finished with value: 7.225978851318359 and parameters: {'gradient_clip_val': 0.11421639590026562, 'hidden_size': 39, 'dropout': 0.16808406927915553, 'hidden_continuous_size': 11, 'attention_head_size': 3, 'learning_rate': 0.030045130613093076}. Best is trial 1 with value: 0.13664022088050842.
[I 2023-12-27 11:30:57,610] Trial 25 finished with value: 3.687004327774048 and parameters: {'gradient_clip_val': 0.19364146734799503, 'hidden_size': 23, 'dropout': 0.29639717425176176, 'hidden_continuous_size': 7, 'attention_head_size': 4, 'learning_rate': 0.014142378067868428}. Best is trial 1 with value: 0.13664022088050842.
[I 2023-12-27 11:30:57,996] Trial 26 finished with value: 3.638535737991333 and parameters: {'gradient_clip_val': 0.15386024253302935, 'hidden_size': 30, 'dropout': 0.27580002234482803, 'hidden_continuous_size': 10, 'attention_head_size': 2, 'learning_rate': 0.008987207601761582}. Best is trial 1 with value: 0.13664022088050842.
[I 2023-12-27 11:30:58,366] Trial 27 finished with value: 4.1847028732299805 and parameters: {'gradient_clip_val': 0.1291037667135954, 'hidden_size': 13, 'dropout': 0.35480606290388395, 'hidden_continuous_size': 6, 'attention_head_size': 3, 'learning_rate': 0.0469595831019632}. Best is trial 1 with value: 0.13664022088050842.
[I 2023-12-27 11:30:58,719] Trial 28 finished with value: 4.245243549346924 and parameters: {'gradient_clip_val': 0.23360949558940303, 'hidden_size': 8, 'dropout': 0.3178341067010953, 'hidden_continuous_size': 6, 'attention_head_size': 1, 'learning_rate': 0.022642079758191335}. Best is trial 1 with value: 0.13664022088050842.
[I 2023-12-27 11:30:59,092] Trial 29 finished with value: 4.5762715339660645 and parameters: {'gradient_clip_val': 0.10234240940473094, 'hidden_size': 18, 'dropout': 0.36974529642613907, 'hidden_continuous_size': 8, 'attention_head_size': 3, 'learning_rate': 0.0015764250197534758}. Best is trial 1 with value: 0.13664022088050842.
[I 2023-12-27 11:30:59,467] Trial 30 finished with value: 5.156120777130127 and parameters: {'gradient_clip_val': 0.2597113143130815, 'hidden_size': 15, 'dropout': 0.25365258729341333, 'hidden_continuous_size': 7, 'attention_head_size': 3, 'learning_rate': 0.015459228960175077}. Best is trial 1 with value: 0.13664022088050842.
[I 2023-12-27 11:30:59,906] Trial 31 finished with value: 4.993471622467041 and parameters: {'gradient_clip_val': 0.19817734731201814, 'hidden_size': 69, 'dropout': 0.3732480768666329, 'hidden_continuous_size': 12, 'attention_head_size': 3, 'learning_rate': 0.0017277505212208151}. Best is trial 1 with value: 0.13664022088050842.
[I 2023-12-27 11:31:00,283] Trial 32 finished with value: 3.5322558879852295 and parameters: {'gradient_clip_val': 0.28373083986918063, 'hidden_size': 20, 'dropout': 0.22636041720734904, 'hidden_continuous_size': 5, 'attention_head_size': 3, 'learning_rate': 0.003960293965325778}. Best is trial 1 with value: 0.13664022088050842.
[I 2023-12-27 11:31:00,657] Trial 33 finished with value: 2.6269724369049072 and parameters: {'gradient_clip_val': 0.3290260671863095, 'hidden_size': 14, 'dropout': 0.309462961502359, 'hidden_continuous_size': 6, 'attention_head_size': 2, 'learning_rate': 0.021774586071048492}. Best is trial 1 with value: 0.13664022088050842.
[I 2023-12-27 11:31:01,028] Trial 34 finished with value: 5.32643985748291 and parameters: {'gradient_clip_val': 0.3237218002930222, 'hidden_size': 10, 'dropout': 0.2996098521518772, 'hidden_continuous_size': 6, 'attention_head_size': 2, 'learning_rate': 0.023351440963966876}. Best is trial 1 with value: 0.13664022088050842.
[I 2023-12-27 11:31:01,635] Trial 35 finished with value: 5.359347820281982 and parameters: {'gradient_clip_val': 0.44928045365759095, 'hidden_size': 13, 'dropout': 0.3244871296797251, 'hidden_continuous_size': 6, 'attention_head_size': 1, 'learning_rate': 0.038476137615680306}. Best is trial 1 with value: 0.13664022088050842.
[I 2023-12-27 11:31:02,039] Trial 36 finished with value: 5.893245697021484 and parameters: {'gradient_clip_val': 0.5439623294300294, 'hidden_size': 15, 'dropout': 0.2641206856866491, 'hidden_continuous_size': 8, 'attention_head_size': 1, 'learning_rate': 0.022852457768427863}. Best is trial 1 with value: 0.13664022088050842.
[I 2023-12-27 11:31:02,420] Trial 37 finished with value: 4.492910861968994 and parameters: {'gradient_clip_val': 0.1585859620950284, 'hidden_size': 22, 'dropout': 0.23272614949562642, 'hidden_continuous_size': 9, 'attention_head_size': 2, 'learning_rate': 0.06655181416741983}. Best is trial 1 with value: 0.13664022088050842.
[I 2023-12-27 11:31:02,840] Trial 38 finished with value: 3.2708587646484375 and parameters: {'gradient_clip_val': 0.14184990037330492, 'hidden_size': 52, 'dropout': 0.2901684786242473, 'hidden_continuous_size': 18, 'attention_head_size': 1, 'learning_rate': 0.017666827470509336}. Best is trial 1 with value: 0.13664022088050842.
[I 2023-12-27 11:31:03,329] Trial 39 finished with value: 6.156547546386719 and parameters: {'gradient_clip_val': 0.6668023840891087, 'hidden_size': 101, 'dropout': 0.3527424607749693, 'hidden_continuous_size': 24, 'attention_head_size': 2, 'learning_rate': 0.06685613808032873}. Best is trial 1 with value: 0.13664022088050842.
[I 2023-12-27 11:31:03,723] Trial 40 finished with value: 3.5020649433135986 and parameters: {'gradient_clip_val': 0.8225534888928513, 'hidden_size': 36, 'dropout': 0.20846059028363112, 'hidden_continuous_size': 13, 'attention_head_size': 1, 'learning_rate': 0.006820523804472218}. Best is trial 1 with value: 0.13664022088050842.
[I 2023-12-27 11:31:04,097] Trial 41 finished with value: 4.9054856300354 and parameters: {'gradient_clip_val': 0.4403303582573221, 'hidden_size': 17, 'dropout': 0.31187555137814865, 'hidden_continuous_size': 10, 'attention_head_size': 3, 'learning_rate': 0.02962500133455617}. Best is trial 1 with value: 0.13664022088050842.
[I 2023-12-27 11:31:04,486] Trial 42 finished with value: 6.0292229652404785 and parameters: {'gradient_clip_val': 0.5387478016949325, 'hidden_size': 26, 'dropout': 0.40053300180799134, 'hidden_continuous_size': 5, 'attention_head_size': 4, 'learning_rate': 0.011115410132312743}. Best is trial 1 with value: 0.13664022088050842.
[I 2023-12-27 11:31:04,865] Trial 43 finished with value: 5.028716564178467 and parameters: {'gradient_clip_val': 0.2177040236896295, 'hidden_size': 21, 'dropout': 0.4335988903261566, 'hidden_continuous_size': 8, 'attention_head_size': 3, 'learning_rate': 0.005623028607111675}. Best is trial 1 with value: 0.13664022088050842.
[I 2023-12-27 11:31:05,242] Trial 44 finished with value: 4.977662086486816 and parameters: {'gradient_clip_val': 0.35090836228568756, 'hidden_size': 15, 'dropout': 0.3243670865011136, 'hidden_continuous_size': 7, 'attention_head_size': 3, 'learning_rate': 0.0007292194817521214}. Best is trial 1 with value: 0.13664022088050842.
[I 2023-12-27 11:31:05,620] Trial 45 finished with value: 4.104297161102295 and parameters: {'gradient_clip_val': 0.25054505818855327, 'hidden_size': 10, 'dropout': 0.2776759487522511, 'hidden_continuous_size': 6, 'attention_head_size': 3, 'learning_rate': 0.0011242007801059775}. Best is trial 1 with value: 0.13664022088050842.
[I 2023-12-27 11:31:05,981] Trial 46 finished with value: 5.702000141143799 and parameters: {'gradient_clip_val': 0.3141116297444196, 'hidden_size': 6, 'dropout': 0.3057150926573893, 'hidden_continuous_size': 5, 'attention_head_size': 2, 'learning_rate': 0.0005005271114738181}. Best is trial 1 with value: 0.13664022088050842.
[I 2023-12-27 11:31:06,378] Trial 47 finished with value: 3.8023033142089844 and parameters: {'gradient_clip_val': 0.28909954221687306, 'hidden_size': 26, 'dropout': 0.24821155245742882, 'hidden_continuous_size': 14, 'attention_head_size': 4, 'learning_rate': 0.012337915176991463}. Best is trial 1 with value: 0.13664022088050842.
[I 2023-12-27 11:31:07,246] Trial 48 finished with value: 5.4562087059021 and parameters: {'gradient_clip_val': 0.4879978873513892, 'hidden_size': 150, 'dropout': 0.33993081713793893, 'hidden_continuous_size': 34, 'attention_head_size': 3, 'learning_rate': 0.002885077570820612}. Best is trial 1 with value: 0.13664022088050842.
[I 2023-12-27 11:31:07,616] Trial 49 finished with value: 4.145874977111816 and parameters: {'gradient_clip_val': 0.4077377395294819, 'hidden_size': 12, 'dropout': 0.28990091858759465, 'hidden_continuous_size': 7, 'attention_head_size': 2, 'learning_rate': 0.007670119599867284}. Best is trial 1 with value: 0.13664022088050842.
[I 2023-12-27 11:31:07,728] A new study created in memory with name: no-name-6bd9d36a-c3a7-4300-8cf4-d18f9e2777ad
/home/le004/conda/anaconda3/envs/tsff_env/lib/python3.9/site-packages/lightning/fabric/plugins/environments/slurm.py:191: The `srun` command is available on your system but is not used. HINT: If your intention is to run Lightning on SLURM, prepend your python command with `srun` like so: srun python /home/le004/master_thesis/git/TSFusionForecast/code/ ...
[I 2023-12-27 11:31:40,039] Trial 0 finished with value: 0.0981178805232048 and parameters: {'gradient_clip_val': 0.5275551904793256, 'hidden_size': 22, 'dropout': 0.4792134049679929, 'hidden_continuous_size': 14, 'attention_head_size': 3, 'learning_rate': 0.01159657267806261}. Best is trial 0 with value: 0.0981178805232048.
[I 2023-12-27 11:31:57,820] Trial 1 finished with value: 0.23521508276462555 and parameters: {'gradient_clip_val': 0.23860692045825688, 'hidden_size': 131, 'dropout': 0.4193263838910063, 'hidden_continuous_size': 9, 'attention_head_size': 2, 'learning_rate': 0.05852884581530501}. Best is trial 0 with value: 0.0981178805232048.
[I 2023-12-27 11:31:58,151] Trial 2 finished with value: 5.804164886474609 and parameters: {'gradient_clip_val': 0.14142909868164077, 'hidden_size': 7, 'dropout': 0.19647497512419992, 'hidden_continuous_size': 5, 'attention_head_size': 4, 'learning_rate': 0.0006090923525513208}. Best is trial 0 with value: 0.0981178805232048.
[I 2023-12-27 11:31:58,516] Trial 3 finished with value: 6.024892330169678 and parameters: {'gradient_clip_val': 0.5933555397371089, 'hidden_size': 48, 'dropout': 0.2469047849673575, 'hidden_continuous_size': 5, 'attention_head_size': 1, 'learning_rate': 0.03978019646049374}. Best is trial 0 with value: 0.0981178805232048.
[I 2023-12-27 11:31:58,868] Trial 4 finished with value: 5.14026403427124 and parameters: {'gradient_clip_val': 0.2808477429277537, 'hidden_size': 10, 'dropout': 0.23999042955836442, 'hidden_continuous_size': 7, 'attention_head_size': 4, 'learning_rate': 0.016630611592998567}. Best is trial 0 with value: 0.0981178805232048.
[I 2023-12-27 11:31:59,221] Trial 5 finished with value: 5.930915832519531 and parameters: {'gradient_clip_val': 0.3438092325845451, 'hidden_size': 18, 'dropout': 0.48655574002441326, 'hidden_continuous_size': 7, 'attention_head_size': 4, 'learning_rate': 0.06001567125637086}. Best is trial 0 with value: 0.0981178805232048.
[I 2023-12-27 11:31:59,606] Trial 6 finished with value: 6.225128173828125 and parameters: {'gradient_clip_val': 0.1309853244894182, 'hidden_size': 43, 'dropout': 0.4400028526639327, 'hidden_continuous_size': 16, 'attention_head_size': 4, 'learning_rate': 0.0055202345136114266}. Best is trial 0 with value: 0.0981178805232048.
[I 2023-12-27 11:32:00,084] Trial 7 finished with value: 4.893260478973389 and parameters: {'gradient_clip_val': 0.13505911197022358, 'hidden_size': 97, 'dropout': 0.2398206157970163, 'hidden_continuous_size': 69, 'attention_head_size': 2, 'learning_rate': 0.03352454693721119}. Best is trial 0 with value: 0.0981178805232048.
[I 2023-12-27 11:32:00,416] Trial 8 finished with value: 5.010157108306885 and parameters: {'gradient_clip_val': 0.49979299924511517, 'hidden_size': 13, 'dropout': 0.31487000625132616, 'hidden_continuous_size': 6, 'attention_head_size': 2, 'learning_rate': 0.0006526837764956221}. Best is trial 0 with value: 0.0981178805232048.
[I 2023-12-27 11:32:00,959] Trial 9 finished with value: 4.585991382598877 and parameters: {'gradient_clip_val': 0.9061622362179996, 'hidden_size': 5, 'dropout': 0.29613843500832215, 'hidden_continuous_size': 5, 'attention_head_size': 2, 'learning_rate': 0.00854747570943098}. Best is trial 0 with value: 0.0981178805232048.
[I 2023-12-27 11:32:01,349] Trial 10 finished with value: 6.1904683113098145 and parameters: {'gradient_clip_val': 0.9662928926335757, 'hidden_size': 25, 'dropout': 0.14257747349965297, 'hidden_continuous_size': 14, 'attention_head_size': 3, 'learning_rate': 0.0031354292774068895}. Best is trial 0 with value: 0.0981178805232048.
[I 2023-12-27 11:32:01,917] Trial 11 finished with value: 7.401487350463867 and parameters: {'gradient_clip_val': 0.26155428278643056, 'hidden_size': 136, 'dropout': 0.4085639584589704, 'hidden_continuous_size': 34, 'attention_head_size': 3, 'learning_rate': 0.08619775284823303}. Best is trial 0 with value: 0.0981178805232048.
[I 2023-12-27 11:32:02,342] Trial 12 finished with value: 8.03731632232666 and parameters: {'gradient_clip_val': 0.21325976062116003, 'hidden_size': 42, 'dropout': 0.49094670402662927, 'hidden_continuous_size': 10, 'attention_head_size': 1, 'learning_rate': 0.020669862939853352}. Best is trial 0 with value: 0.0981178805232048.
[I 2023-12-27 11:32:02,802] Trial 13 finished with value: 6.356574535369873 and parameters: {'gradient_clip_val': 0.4330539828624643, 'hidden_size': 77, 'dropout': 0.41750914962390584, 'hidden_continuous_size': 11, 'attention_head_size': 3, 'learning_rate': 0.09563565042034486}. Best is trial 0 with value: 0.0981178805232048.
[I 2023-12-27 11:32:03,200] Trial 14 finished with value: 5.991958141326904 and parameters: {'gradient_clip_val': 0.19567064582168714, 'hidden_size': 22, 'dropout': 0.3851658793589671, 'hidden_continuous_size': 9, 'attention_head_size': 2, 'learning_rate': 0.02108660357792028}. Best is trial 0 with value: 0.0981178805232048.
[I 2023-12-27 11:32:03,773] Trial 15 finished with value: 7.6841864585876465 and parameters: {'gradient_clip_val': 0.37936141580919197, 'hidden_size': 145, 'dropout': 0.3591387447267553, 'hidden_continuous_size': 21, 'attention_head_size': 3, 'learning_rate': 0.0424424658776793}. Best is trial 0 with value: 0.0981178805232048.
[I 2023-12-27 11:32:04,153] Trial 16 finished with value: 5.168379306793213 and parameters: {'gradient_clip_val': 0.624181388408881, 'hidden_size': 32, 'dropout': 0.45846270734402733, 'hidden_continuous_size': 9, 'attention_head_size': 1, 'learning_rate': 0.01062249456510085}. Best is trial 0 with value: 0.0981178805232048.
[I 2023-12-27 11:32:04,592] Trial 17 finished with value: 5.78236198425293 and parameters: {'gradient_clip_val': 0.10218114157286089, 'hidden_size': 65, 'dropout': 0.49206521442422707, 'hidden_continuous_size': 21, 'attention_head_size': 2, 'learning_rate': 0.09802373382124796}. Best is trial 0 with value: 0.0981178805232048.
[I 2023-12-27 11:32:04,971] Trial 18 finished with value: 4.212571620941162 and parameters: {'gradient_clip_val': 0.30130345966813266, 'hidden_size': 32, 'dropout': 0.44415859572414024, 'hidden_continuous_size': 8, 'attention_head_size': 3, 'learning_rate': 0.0042667454829150315}. Best is trial 0 with value: 0.0981178805232048.
[I 2023-12-27 11:32:05,343] Trial 19 finished with value: 6.15310525894165 and parameters: {'gradient_clip_val': 0.4228167613704271, 'hidden_size': 16, 'dropout': 0.36931670981740894, 'hidden_continuous_size': 6, 'attention_head_size': 2, 'learning_rate': 0.012377951204008199}. Best is trial 0 with value: 0.0981178805232048.
[I 2023-12-27 11:32:05,781] Trial 20 finished with value: 7.561283111572266 and parameters: {'gradient_clip_val': 0.21858737227238675, 'hidden_size': 61, 'dropout': 0.4588245986665437, 'hidden_continuous_size': 13, 'attention_head_size': 3, 'learning_rate': 0.02940370063772502}. Best is trial 0 with value: 0.0981178805232048.
[I 2023-12-27 11:32:06,199] Trial 21 finished with value: 5.028165817260742 and parameters: {'gradient_clip_val': 0.32337913892226755, 'hidden_size': 31, 'dropout': 0.4258232435186337, 'hidden_continuous_size': 8, 'attention_head_size': 3, 'learning_rate': 0.004852303110971262}. Best is trial 0 with value: 0.0981178805232048.
[I 2023-12-27 11:32:06,681] Trial 22 finished with value: 7.614055633544922 and parameters: {'gradient_clip_val': 0.27997481100146265, 'hidden_size': 97, 'dropout': 0.45666445394208527, 'hidden_continuous_size': 12, 'attention_head_size': 3, 'learning_rate': 0.0028746003521138443}. Best is trial 0 with value: 0.0981178805232048.
[I 2023-12-27 11:32:07,316] Trial 23 finished with value: 4.586018085479736 and parameters: {'gradient_clip_val': 0.34292334418411813, 'hidden_size': 26, 'dropout': 0.3994747404932406, 'hidden_continuous_size': 10, 'attention_head_size': 3, 'learning_rate': 0.013401626990942219}. Best is trial 0 with value: 0.0981178805232048.
[I 2023-12-27 11:32:07,701] Trial 24 finished with value: 5.190532684326172 and parameters: {'gradient_clip_val': 0.23780432315753464, 'hidden_size': 21, 'dropout': 0.49894883541551915, 'hidden_continuous_size': 8, 'attention_head_size': 2, 'learning_rate': 0.053652366305746386}. Best is trial 0 with value: 0.0981178805232048.
[I 2023-12-27 11:32:08,115] Trial 25 finished with value: 5.5847344398498535 and parameters: {'gradient_clip_val': 0.18819010328765057, 'hidden_size': 34, 'dropout': 0.4428347760070081, 'hidden_continuous_size': 12, 'attention_head_size': 3, 'learning_rate': 0.023465710222928687}. Best is trial 0 with value: 0.0981178805232048.
[I 2023-12-27 11:32:08,502] Trial 26 finished with value: 6.84851598739624 and parameters: {'gradient_clip_val': 0.29122611039839297, 'hidden_size': 14, 'dropout': 0.34852145704714904, 'hidden_continuous_size': 7, 'attention_head_size': 4, 'learning_rate': 0.006969045048350143}. Best is trial 0 with value: 0.0981178805232048.
