[I 2023-12-27 11:02:57,320] Trial 15 finished with value: 3.958552598953247 and parameters: {'gradient_clip_val': 0.6515856395540812, 'hidden_size': 122, 'dropout': 0.16226422765582182, 'hidden_continuous_size': 13, 'attention_head_size': 3, 'learning_rate': 0.02347985346299969}. Best is trial 0 with value: 0.25893619656562805.
[I 2023-12-27 11:02:57,782] Trial 16 finished with value: 3.4046897888183594 and parameters: {'gradient_clip_val': 0.4189656032247752, 'hidden_size': 74, 'dropout': 0.26100819384492197, 'hidden_continuous_size': 14, 'attention_head_size': 1, 'learning_rate': 0.09747003723702172}. Best is trial 0 with value: 0.25893619656562805.
[I 2023-12-27 11:02:58,166] Trial 17 finished with value: 3.3235225677490234 and parameters: {'gradient_clip_val': 0.7234852715289748, 'hidden_size': 12, 'dropout': 0.14790008433537968, 'hidden_continuous_size': 7, 'attention_head_size': 3, 'learning_rate': 0.05418779723160199}. Best is trial 0 with value: 0.25893619656562805.
[I 2023-12-27 11:02:58,551] Trial 18 finished with value: 2.7927188873291016 and parameters: {'gradient_clip_val': 0.4046586770699369, 'hidden_size': 22, 'dropout': 0.18183994001720638, 'hidden_continuous_size': 8, 'attention_head_size': 2, 'learning_rate': 0.012219989621904029}. Best is trial 0 with value: 0.25893619656562805.
[I 2023-12-27 11:02:58,953] Trial 19 finished with value: 2.5318939685821533 and parameters: {'gradient_clip_val': 0.25099121954675163, 'hidden_size': 38, 'dropout': 0.27993437331886006, 'hidden_continuous_size': 8, 'attention_head_size': 1, 'learning_rate': 0.030875876602150448}. Best is trial 0 with value: 0.25893619656562805.
[I 2023-12-27 11:02:59,312] Trial 20 finished with value: 3.4250564575195312 and parameters: {'gradient_clip_val': 0.7236662125912755, 'hidden_size': 5, 'dropout': 0.2514302736340769, 'hidden_continuous_size': 5, 'attention_head_size': 4, 'learning_rate': 0.059380505227151784}. Best is trial 0 with value: 0.25893619656562805.
[I 2023-12-27 11:02:59,700] Trial 21 finished with value: 2.7457211017608643 and parameters: {'gradient_clip_val': 0.11609830598724372, 'hidden_size': 12, 'dropout': 0.4699530176185258, 'hidden_continuous_size': 6, 'attention_head_size': 4, 'learning_rate': 0.005327344954150173}. Best is trial 0 with value: 0.25893619656562805.
[I 2023-12-27 11:03:00,087] Trial 22 finished with value: 3.0026187896728516 and parameters: {'gradient_clip_val': 0.15291212149981523, 'hidden_size': 17, 'dropout': 0.4993167717461052, 'hidden_continuous_size': 6, 'attention_head_size': 4, 'learning_rate': 0.004310747074778621}. Best is trial 0 with value: 0.25893619656562805.
[I 2023-12-27 11:03:00,729] Trial 23 finished with value: 3.5402708053588867 and parameters: {'gradient_clip_val': 0.12146201028889167, 'hidden_size': 11, 'dropout': 0.33872630612248245, 'hidden_continuous_size': 6, 'attention_head_size': 3, 'learning_rate': 0.013510508127046711}. Best is trial 0 with value: 0.25893619656562805.
[I 2023-12-27 11:03:01,121] Trial 24 finished with value: 2.8681881427764893 and parameters: {'gradient_clip_val': 0.1616062390340241, 'hidden_size': 10, 'dropout': 0.34088354857081216, 'hidden_continuous_size': 5, 'attention_head_size': 4, 'learning_rate': 0.028741194422494665}. Best is trial 0 with value: 0.25893619656562805.
[I 2023-12-27 11:03:01,514] Trial 25 finished with value: 3.1168012619018555 and parameters: {'gradient_clip_val': 0.25103971492906557, 'hidden_size': 18, 'dropout': 0.20146772039916888, 'hidden_continuous_size': 7, 'attention_head_size': 3, 'learning_rate': 0.007759846660812965}. Best is trial 0 with value: 0.25893619656562805.
[I 2023-12-27 11:03:01,921] Trial 26 finished with value: 2.562368154525757 and parameters: {'gradient_clip_val': 0.10853117885563636, 'hidden_size': 28, 'dropout': 0.45499205805381004, 'hidden_continuous_size': 8, 'attention_head_size': 2, 'learning_rate': 0.06292606937485108}. Best is trial 0 with value: 0.25893619656562805.
[I 2023-12-27 11:03:02,308] Trial 27 finished with value: 3.166839838027954 and parameters: {'gradient_clip_val': 0.29509203234937165, 'hidden_size': 8, 'dropout': 0.3808238584624126, 'hidden_continuous_size': 5, 'attention_head_size': 4, 'learning_rate': 0.0162371904021451}. Best is trial 0 with value: 0.25893619656562805.
[I 2023-12-27 11:03:02,702] Trial 28 finished with value: 3.6466763019561768 and parameters: {'gradient_clip_val': 0.10062646482774544, 'hidden_size': 14, 'dropout': 0.3175063977368225, 'hidden_continuous_size': 7, 'attention_head_size': 3, 'learning_rate': 0.031105039069049434}. Best is trial 0 with value: 0.25893619656562805.
[I 2023-12-27 11:03:03,092] Trial 29 finished with value: 2.499892234802246 and parameters: {'gradient_clip_val': 0.1809297670906171, 'hidden_size': 10, 'dropout': 0.3819716420827579, 'hidden_continuous_size': 6, 'attention_head_size': 4, 'learning_rate': 0.0032374622255127387}. Best is trial 0 with value: 0.25893619656562805.
[I 2023-12-27 11:03:03,488] Trial 30 finished with value: 3.9194657802581787 and parameters: {'gradient_clip_val': 0.14351873330362497, 'hidden_size': 20, 'dropout': 0.4112955978906334, 'hidden_continuous_size': 7, 'attention_head_size': 4, 'learning_rate': 0.010639173018302974}. Best is trial 0 with value: 0.25893619656562805.
[I 2023-12-27 11:03:03,890] Trial 31 finished with value: 3.9938805103302 and parameters: {'gradient_clip_val': 0.18813453143650186, 'hidden_size': 9, 'dropout': 0.3698858093789048, 'hidden_continuous_size': 6, 'attention_head_size': 4, 'learning_rate': 0.00399930695271457}. Best is trial 0 with value: 0.25893619656562805.
[I 2023-12-27 11:03:04,271] Trial 32 finished with value: 4.048844814300537 and parameters: {'gradient_clip_val': 0.18259062708122892, 'hidden_size': 7, 'dropout': 0.3173470249964351, 'hidden_continuous_size': 5, 'attention_head_size': 4, 'learning_rate': 0.003686609632887352}. Best is trial 0 with value: 0.25893619656562805.
[I 2023-12-27 11:03:04,667] Trial 33 finished with value: 3.244206666946411 and parameters: {'gradient_clip_val': 0.13209047379357147, 'hidden_size': 10, 'dropout': 0.42834540076540983, 'hidden_continuous_size': 6, 'attention_head_size': 4, 'learning_rate': 0.0024746990150299767}. Best is trial 0 with value: 0.25893619656562805.
[I 2023-12-27 11:03:05,043] Trial 34 finished with value: 2.733842134475708 and parameters: {'gradient_clip_val': 0.16741650875502315, 'hidden_size': 6, 'dropout': 0.10231719604284048, 'hidden_continuous_size': 5, 'attention_head_size': 2, 'learning_rate': 0.008198682927175632}. Best is trial 0 with value: 0.25893619656562805.
[I 2023-12-27 11:03:05,433] Trial 35 finished with value: 1.91665518283844 and parameters: {'gradient_clip_val': 0.13505169495780678, 'hidden_size': 13, 'dropout': 0.39117421019026677, 'hidden_continuous_size': 6, 'attention_head_size': 4, 'learning_rate': 0.002714670397596124}. Best is trial 0 with value: 0.25893619656562805.
[I 2023-12-27 11:03:06,107] Trial 36 finished with value: 2.181272268295288 and parameters: {'gradient_clip_val': 0.14800177540354867, 'hidden_size': 13, 'dropout': 0.4500085824811383, 'hidden_continuous_size': 7, 'attention_head_size': 3, 'learning_rate': 0.002093476459763129}. Best is trial 0 with value: 0.25893619656562805.
[I 2023-12-27 11:03:06,514] Trial 37 finished with value: 2.4346282482147217 and parameters: {'gradient_clip_val': 0.8325231571983659, 'hidden_size': 26, 'dropout': 0.43301660000546377, 'hidden_continuous_size': 8, 'attention_head_size': 3, 'learning_rate': 0.0017453381114709778}. Best is trial 0 with value: 0.25893619656562805.
[I 2023-12-27 11:03:06,888] Trial 38 finished with value: 2.6328821182250977 and parameters: {'gradient_clip_val': 0.13662236023312851, 'hidden_size': 8, 'dropout': 0.4414968076095648, 'hidden_continuous_size': 5, 'attention_head_size': 3, 'learning_rate': 0.0012809736142246123}. Best is trial 0 with value: 0.25893619656562805.
[I 2023-12-27 11:03:07,265] Trial 39 finished with value: 2.6849355697631836 and parameters: {'gradient_clip_val': 0.21030130294445232, 'hidden_size': 6, 'dropout': 0.3943722497789186, 'hidden_continuous_size': 5, 'attention_head_size': 2, 'learning_rate': 0.0010992113451726915}. Best is trial 0 with value: 0.25893619656562805.
[I 2023-12-27 11:03:07,665] Trial 40 finished with value: 2.7805283069610596 and parameters: {'gradient_clip_val': 0.1478914929769405, 'hidden_size': 14, 'dropout': 0.40350800220365146, 'hidden_continuous_size': 7, 'attention_head_size': 3, 'learning_rate': 0.0024783655316751438}. Best is trial 0 with value: 0.25893619656562805.
[I 2023-12-27 11:03:08,063] Trial 41 finished with value: 2.6517438888549805 and parameters: {'gradient_clip_val': 0.12646835003940413, 'hidden_size': 13, 'dropout': 0.46433277449177157, 'hidden_continuous_size': 6, 'attention_head_size': 4, 'learning_rate': 0.0046635035531908215}. Best is trial 0 with value: 0.25893619656562805.
[I 2023-12-27 11:03:08,447] Trial 42 finished with value: 3.1190950870513916 and parameters: {'gradient_clip_val': 0.13588197725598006, 'hidden_size': 17, 'dropout': 0.49021226111583915, 'hidden_continuous_size': 7, 'attention_head_size': 4, 'learning_rate': 0.005753225504929534}. Best is trial 0 with value: 0.25893619656562805.
[I 2023-12-27 11:03:08,824] Trial 43 finished with value: 2.8609821796417236 and parameters: {'gradient_clip_val': 0.11216703128331322, 'hidden_size': 16, 'dropout': 0.4122018729759064, 'hidden_continuous_size': 9, 'attention_head_size': 4, 'learning_rate': 0.005948171801971199}. Best is trial 0 with value: 0.25893619656562805.
[I 2023-12-27 11:03:09,219] Trial 44 finished with value: 2.6104393005371094 and parameters: {'gradient_clip_val': 0.10286978940459464, 'hidden_size': 12, 'dropout': 0.4793786638873779, 'hidden_continuous_size': 6, 'attention_head_size': 4, 'learning_rate': 0.018117058487907366}. Best is trial 0 with value: 0.25893619656562805.
[I 2023-12-27 11:03:09,618] Trial 45 finished with value: 3.491349458694458 and parameters: {'gradient_clip_val': 0.12548429158405655, 'hidden_size': 22, 'dropout': 0.4545012096858672, 'hidden_continuous_size': 9, 'attention_head_size': 2, 'learning_rate': 0.009202098028093093}. Best is trial 0 with value: 0.25893619656562805.
[I 2023-12-27 11:03:10,036] Trial 46 finished with value: 3.819610595703125 and parameters: {'gradient_clip_val': 0.14873785499087294, 'hidden_size': 31, 'dropout': 0.4475683473738369, 'hidden_continuous_size': 10, 'attention_head_size': 3, 'learning_rate': 0.0063123861417054275}. Best is trial 0 with value: 0.25893619656562805.
[I 2023-12-27 11:03:10,412] Trial 47 finished with value: 2.936338186264038 and parameters: {'gradient_clip_val': 0.16995200360671633, 'hidden_size': 9, 'dropout': 0.4760365787661934, 'hidden_continuous_size': 6, 'attention_head_size': 1, 'learning_rate': 0.08134486423624236}. Best is trial 0 with value: 0.25893619656562805.
[I 2023-12-27 11:03:10,810] Trial 48 finished with value: 3.049914598464966 and parameters: {'gradient_clip_val': 0.1994625132930016, 'hidden_size': 15, 'dropout': 0.4332838506284924, 'hidden_continuous_size': 7, 'attention_head_size': 2, 'learning_rate': 0.00738752905415155}. Best is trial 0 with value: 0.25893619656562805.
[I 2023-12-27 11:03:11,434] Trial 49 finished with value: 4.022841453552246 and parameters: {'gradient_clip_val': 0.23501804465772022, 'hidden_size': 7, 'dropout': 0.42150943867922275, 'hidden_continuous_size': 6, 'attention_head_size': 4, 'learning_rate': 0.0030239955638631023}. Best is trial 0 with value: 0.25893619656562805.
[I 2023-12-27 11:03:11,557] A new study created in memory with name: no-name-27c9e669-642c-40c2-a985-b014a088035f
/home/le004/conda/anaconda3/envs/tsff_env/lib/python3.9/site-packages/lightning/fabric/plugins/environments/slurm.py:191: The `srun` command is available on your system but is not used. HINT: If your intention is to run Lightning on SLURM, prepend your python command with `srun` like so: srun python /home/le004/master_thesis/git/TSFusionForecast/code/ ...
[I 2023-12-27 11:03:40,950] Trial 0 finished with value: 1.3535799980163574 and parameters: {'gradient_clip_val': 0.6410263667190125, 'hidden_size': 6, 'dropout': 0.19748908590631398, 'hidden_continuous_size': 5, 'attention_head_size': 1, 'learning_rate': 0.0076758307302531754}. Best is trial 0 with value: 1.3535799980163574.
[I 2023-12-27 11:04:25,041] Trial 1 finished with value: 0.057122427970170975 and parameters: {'gradient_clip_val': 0.8273075439101737, 'hidden_size': 69, 'dropout': 0.4088121685464019, 'hidden_continuous_size': 33, 'attention_head_size': 4, 'learning_rate': 0.010358976845502079}. Best is trial 1 with value: 0.057122427970170975.
[I 2023-12-27 11:04:37,201] Trial 2 finished with value: 0.4082864820957184 and parameters: {'gradient_clip_val': 0.664470194433741, 'hidden_size': 63, 'dropout': 0.2297609704357284, 'hidden_continuous_size': 17, 'attention_head_size': 4, 'learning_rate': 0.0071651271260116545}. Best is trial 1 with value: 0.057122427970170975.
[I 2023-12-27 11:04:37,565] Trial 3 finished with value: 3.7701504230499268 and parameters: {'gradient_clip_val': 0.438644528933483, 'hidden_size': 13, 'dropout': 0.46050716413391146, 'hidden_continuous_size': 11, 'attention_head_size': 4, 'learning_rate': 0.0028077546802243642}. Best is trial 1 with value: 0.057122427970170975.
[I 2023-12-27 11:04:37,959] Trial 4 finished with value: 3.816805839538574 and parameters: {'gradient_clip_val': 0.36701965462058495, 'hidden_size': 64, 'dropout': 0.27700299034840314, 'hidden_continuous_size': 17, 'attention_head_size': 1, 'learning_rate': 0.003211010751468789}. Best is trial 1 with value: 0.057122427970170975.
[I 2023-12-27 11:04:38,314] Trial 5 finished with value: 3.0991761684417725 and parameters: {'gradient_clip_val': 0.2180533888880174, 'hidden_size': 9, 'dropout': 0.20377684200171348, 'hidden_continuous_size': 8, 'attention_head_size': 2, 'learning_rate': 0.006537623064456952}. Best is trial 1 with value: 0.057122427970170975.
[I 2023-12-27 11:04:38,655] Trial 6 finished with value: 2.803478479385376 and parameters: {'gradient_clip_val': 0.7331235176836978, 'hidden_size': 10, 'dropout': 0.333278415581896, 'hidden_continuous_size': 6, 'attention_head_size': 1, 'learning_rate': 0.01012875608159579}. Best is trial 1 with value: 0.057122427970170975.
[I 2023-12-27 11:04:39,215] Trial 7 finished with value: 4.045254230499268 and parameters: {'gradient_clip_val': 0.7007634382944488, 'hidden_size': 18, 'dropout': 0.46143621660246814, 'hidden_continuous_size': 12, 'attention_head_size': 4, 'learning_rate': 0.0024794601379049715}. Best is trial 1 with value: 0.057122427970170975.
[I 2023-12-27 11:04:39,601] Trial 8 finished with value: 2.6615922451019287 and parameters: {'gradient_clip_val': 0.5303059989437189, 'hidden_size': 40, 'dropout': 0.4651283324512162, 'hidden_continuous_size': 18, 'attention_head_size': 3, 'learning_rate': 0.03565977930049957}. Best is trial 1 with value: 0.057122427970170975.
[I 2023-12-27 11:04:39,953] Trial 9 finished with value: 4.616844654083252 and parameters: {'gradient_clip_val': 0.6718636204228379, 'hidden_size': 18, 'dropout': 0.34928522362536996, 'hidden_continuous_size': 13, 'attention_head_size': 3, 'learning_rate': 0.03964884233179891}. Best is trial 1 with value: 0.057122427970170975.
[I 2023-12-27 11:04:40,510] Trial 10 finished with value: 3.372185707092285 and parameters: {'gradient_clip_val': 0.9492032216564146, 'hidden_size': 121, 'dropout': 0.11480209027569216, 'hidden_continuous_size': 44, 'attention_head_size': 3, 'learning_rate': 0.0006709242247983581}. Best is trial 1 with value: 0.057122427970170975.
[I 2023-12-27 11:04:40,954] Trial 11 finished with value: 3.266174554824829 and parameters: {'gradient_clip_val': 0.10359434691847706, 'hidden_size': 61, 'dropout': 0.38273334749255034, 'hidden_continuous_size': 29, 'attention_head_size': 4, 'learning_rate': 0.01932265110296107}. Best is trial 1 with value: 0.057122427970170975.
[I 2023-12-27 11:04:41,651] Trial 12 finished with value: 4.380735397338867 and parameters: {'gradient_clip_val': 0.9728648880398908, 'hidden_size': 146, 'dropout': 0.3950313962147485, 'hidden_continuous_size': 132, 'attention_head_size': 4, 'learning_rate': 0.0659029094947131}. Best is trial 1 with value: 0.057122427970170975.
[I 2023-12-27 11:04:42,053] Trial 13 finished with value: 3.8320581912994385 and parameters: {'gradient_clip_val': 0.4613915806900558, 'hidden_size': 35, 'dropout': 0.25837815983821116, 'hidden_continuous_size': 21, 'attention_head_size': 2, 'learning_rate': 0.017459110410729835}. Best is trial 1 with value: 0.057122427970170975.
[I 2023-12-27 11:04:42,526] Trial 14 finished with value: 3.212451696395874 and parameters: {'gradient_clip_val': 0.28546760686684647, 'hidden_size': 79, 'dropout': 0.4076594933641878, 'hidden_continuous_size': 31, 'attention_head_size': 3, 'learning_rate': 0.016374645775040848}. Best is trial 1 with value: 0.057122427970170975.
[I 2023-12-27 11:04:42,942] Trial 15 finished with value: 4.2467360496521 and parameters: {'gradient_clip_val': 0.9923836689473727, 'hidden_size': 41, 'dropout': 0.4995011165574592, 'hidden_continuous_size': 7, 'attention_head_size': 4, 'learning_rate': 0.08317578073443048}. Best is trial 1 with value: 0.057122427970170975.
[I 2023-12-27 11:04:43,435] Trial 16 finished with value: 3.147298812866211 and parameters: {'gradient_clip_val': 0.5825774632888353, 'hidden_size': 96, 'dropout': 0.3058372008247988, 'hidden_continuous_size': 43, 'attention_head_size': 4, 'learning_rate': 0.005114047419457081}. Best is trial 1 with value: 0.057122427970170975.
[I 2023-12-27 11:04:43,855] Trial 17 finished with value: 2.346571683883667 and parameters: {'gradient_clip_val': 0.7970853150541121, 'hidden_size': 60, 'dropout': 0.23645768944905673, 'hidden_continuous_size': 9, 'attention_head_size': 2, 'learning_rate': 0.011276481484899006}. Best is trial 1 with value: 0.057122427970170975.
[I 2023-12-27 11:04:44,346] Trial 18 finished with value: 3.32781720161438 and parameters: {'gradient_clip_val': 0.529926157819737, 'hidden_size': 100, 'dropout': 0.30619148649305467, 'hidden_continuous_size': 27, 'attention_head_size': 3, 'learning_rate': 0.004540563433679402}. Best is trial 1 with value: 0.057122427970170975.
[I 2023-12-27 11:04:44,747] Trial 19 finished with value: 3.9789650440216064 and parameters: {'gradient_clip_val': 0.8274530616890684, 'hidden_size': 27, 'dropout': 0.3453112227911035, 'hidden_continuous_size': 14, 'attention_head_size': 4, 'learning_rate': 0.0019494181669597688}. Best is trial 1 with value: 0.057122427970170975.
[I 2023-12-27 11:04:45,599] Trial 20 finished with value: 4.049654483795166 and parameters: {'gradient_clip_val': 0.7766290159443876, 'hidden_size': 150, 'dropout': 0.17098574807759026, 'hidden_continuous_size': 55, 'attention_head_size': 3, 'learning_rate': 0.010177548382056166}. Best is trial 1 with value: 0.057122427970170975.
[I 2023-12-27 11:04:45,929] Trial 21 finished with value: 2.4493026733398438 and parameters: {'gradient_clip_val': 0.6429863828882376, 'hidden_size': 5, 'dropout': 0.21470382891610928, 'hidden_continuous_size': 5, 'attention_head_size': 1, 'learning_rate': 0.007705712713889149}. Best is trial 1 with value: 0.057122427970170975.
[I 2023-12-27 11:04:46,335] Trial 22 finished with value: 4.02751350402832 and parameters: {'gradient_clip_val': 0.6029549307386806, 'hidden_size': 48, 'dropout': 0.1748014274843366, 'hidden_continuous_size': 5, 'attention_head_size': 2, 'learning_rate': 0.005231793968132773}. Best is trial 1 with value: 0.057122427970170975.
[I 2023-12-27 11:04:46,732] Trial 23 finished with value: 3.2159996032714844 and parameters: {'gradient_clip_val': 0.8274008631367067, 'hidden_size': 26, 'dropout': 0.26047742140550667, 'hidden_continuous_size': 9, 'attention_head_size': 1, 'learning_rate': 0.01373812622149828}. Best is trial 1 with value: 0.057122427970170975.
[I 2023-12-27 11:04:47,077] Trial 24 finished with value: 3.4886481761932373 and parameters: {'gradient_clip_val': 0.4925206420934017, 'hidden_size': 5, 'dropout': 0.2855875386661707, 'hidden_continuous_size': 5, 'attention_head_size': 2, 'learning_rate': 0.007840382096601654}. Best is trial 1 with value: 0.057122427970170975.
[I 2023-12-27 11:04:47,545] Trial 25 finished with value: 3.5960853099823 and parameters: {'gradient_clip_val': 0.6231398180476898, 'hidden_size': 84, 'dropout': 0.23983648757769244, 'hidden_continuous_size': 7, 'attention_head_size': 4, 'learning_rate': 0.02871953319619903}. Best is trial 1 with value: 0.057122427970170975.
[I 2023-12-27 11:04:47,968] Trial 26 finished with value: 3.600583791732788 and parameters: {'gradient_clip_val': 0.434862800885085, 'hidden_size': 52, 'dropout': 0.12156499365034139, 'hidden_continuous_size': 11, 'attention_head_size': 3, 'learning_rate': 0.022340730358021556}. Best is trial 1 with value: 0.057122427970170975.
[I 2023-12-27 11:04:48,424] Trial 27 finished with value: 3.5720596313476562 and parameters: {'gradient_clip_val': 0.8500830943861178, 'hidden_size': 76, 'dropout': 0.1647527376419799, 'hidden_continuous_size': 6, 'attention_head_size': 1, 'learning_rate': 0.01089236924426672}. Best is trial 1 with value: 0.057122427970170975.
[I 2023-12-27 11:04:48,847] Trial 28 finished with value: 2.8281238079071045 and parameters: {'gradient_clip_val': 0.583482529433171, 'hidden_size': 49, 'dropout': 0.2161675130284248, 'hidden_continuous_size': 10, 'attention_head_size': 4, 'learning_rate': 0.004108144359571826}. Best is trial 1 with value: 0.057122427970170975.
[I 2023-12-27 11:04:49,231] Trial 29 finished with value: 3.399601697921753 and parameters: {'gradient_clip_val': 0.7131903057227507, 'hidden_size': 32, 'dropout': 0.19591735928009224, 'hidden_continuous_size': 11, 'attention_head_size': 4, 'learning_rate': 0.007409340065996623}. Best is trial 1 with value: 0.057122427970170975.
