[I 2023-12-27 11:28:12,168] Trial 49 finished with value: 3.9301507472991943 and parameters: {'gradient_clip_val': 0.15630902822086892, 'hidden_size': 19, 'dropout': 0.29085387405900154, 'hidden_continuous_size': 8, 'attention_head_size': 2, 'learning_rate': 0.026972968023715696}. Best is trial 0 with value: 0.1880064159631729.
[I 2023-12-27 11:28:12,280] A new study created in memory with name: no-name-1c834b2d-9997-4467-99ac-ce23f565db0a
/home/le004/conda/anaconda3/envs/tsff_env/lib/python3.9/site-packages/lightning/fabric/plugins/environments/slurm.py:191: The `srun` command is available on your system but is not used. HINT: If your intention is to run Lightning on SLURM, prepend your python command with `srun` like so: srun python /home/le004/master_thesis/git/TSFusionForecast/code/ ...
[I 2023-12-27 11:29:01,131] Trial 0 finished with value: 0.09862180799245834 and parameters: {'gradient_clip_val': 0.1963521802679053, 'hidden_size': 90, 'dropout': 0.23295130600798478, 'hidden_continuous_size': 54, 'attention_head_size': 4, 'learning_rate': 0.0006237046303783754}. Best is trial 0 with value: 0.09862180799245834.
[I 2023-12-27 11:29:12,699] Trial 1 finished with value: 1.5764976739883423 and parameters: {'gradient_clip_val': 0.22077896990937634, 'hidden_size': 38, 'dropout': 0.41117432938384724, 'hidden_continuous_size': 10, 'attention_head_size': 2, 'learning_rate': 0.0009051375093642192}. Best is trial 0 with value: 0.09862180799245834.
[I 2023-12-27 11:29:13,063] Trial 2 finished with value: 2.449596881866455 and parameters: {'gradient_clip_val': 0.10723856885693843, 'hidden_size': 9, 'dropout': 0.19590225117335716, 'hidden_continuous_size': 5, 'attention_head_size': 4, 'learning_rate': 0.004157281676898543}. Best is trial 0 with value: 0.09862180799245834.
[I 2023-12-27 11:29:13,402] Trial 3 finished with value: 1.5794442892074585 and parameters: {'gradient_clip_val': 0.48835291240507966, 'hidden_size': 5, 'dropout': 0.1961609548924475, 'hidden_continuous_size': 5, 'attention_head_size': 2, 'learning_rate': 0.0009385650274742706}. Best is trial 0 with value: 0.09862180799245834.
[I 2023-12-27 11:29:13,823] Trial 4 finished with value: 2.246288537979126 and parameters: {'gradient_clip_val': 0.10466467245547595, 'hidden_size': 70, 'dropout': 0.4102030103228642, 'hidden_continuous_size': 25, 'attention_head_size': 3, 'learning_rate': 0.05430418910397036}. Best is trial 0 with value: 0.09862180799245834.
[I 2023-12-27 11:29:14,334] Trial 5 finished with value: 2.166738748550415 and parameters: {'gradient_clip_val': 0.44472013878822425, 'hidden_size': 110, 'dropout': 0.25842480697352077, 'hidden_continuous_size': 80, 'attention_head_size': 4, 'learning_rate': 0.0020939265705912868}. Best is trial 0 with value: 0.09862180799245834.
[I 2023-12-27 11:29:14,731] Trial 6 finished with value: 2.2528982162475586 and parameters: {'gradient_clip_val': 0.1432332789864443, 'hidden_size': 58, 'dropout': 0.46302744171677324, 'hidden_continuous_size': 15, 'attention_head_size': 3, 'learning_rate': 0.022554948303935996}. Best is trial 0 with value: 0.09862180799245834.
[I 2023-12-27 11:29:15,139] Trial 7 finished with value: 1.804364562034607 and parameters: {'gradient_clip_val': 0.40888518041915656, 'hidden_size': 58, 'dropout': 0.4219682306639502, 'hidden_continuous_size': 43, 'attention_head_size': 4, 'learning_rate': 0.016234647629618584}. Best is trial 0 with value: 0.09862180799245834.
[I 2023-12-27 11:29:15,607] Trial 8 finished with value: 2.0781211853027344 and parameters: {'gradient_clip_val': 0.12665291064806702, 'hidden_size': 110, 'dropout': 0.3824242102103853, 'hidden_continuous_size': 12, 'attention_head_size': 3, 'learning_rate': 0.0008648625145554231}. Best is trial 0 with value: 0.09862180799245834.
[I 2023-12-27 11:29:16,095] Trial 9 finished with value: 1.7798303365707397 and parameters: {'gradient_clip_val': 0.11220957941267383, 'hidden_size': 121, 'dropout': 0.41388274872299835, 'hidden_continuous_size': 14, 'attention_head_size': 4, 'learning_rate': 0.004623601535156672}. Best is trial 0 with value: 0.09862180799245834.
[I 2023-12-27 11:29:16,661] Trial 10 finished with value: 1.602791428565979 and parameters: {'gradient_clip_val': 0.8951410277166781, 'hidden_size': 25, 'dropout': 0.10862936350919983, 'hidden_continuous_size': 9, 'attention_head_size': 1, 'learning_rate': 0.0006493594285073195}. Best is trial 0 with value: 0.09862180799245834.
[I 2023-12-27 11:29:17,048] Trial 11 finished with value: 2.113034963607788 and parameters: {'gradient_clip_val': 0.20833876029878323, 'hidden_size': 30, 'dropout': 0.3433884925395245, 'hidden_continuous_size': 9, 'attention_head_size': 2, 'learning_rate': 0.0005454948788169017}. Best is trial 0 with value: 0.09862180799245834.
[I 2023-12-27 11:29:17,435] Trial 12 finished with value: 2.5552899837493896 and parameters: {'gradient_clip_val': 0.24051633723934948, 'hidden_size': 34, 'dropout': 0.4859254925648985, 'hidden_continuous_size': 8, 'attention_head_size': 1, 'learning_rate': 0.0017467951835819153}. Best is trial 0 with value: 0.09862180799245834.
[I 2023-12-27 11:29:17,803] Trial 13 finished with value: 1.7685375213623047 and parameters: {'gradient_clip_val': 0.1944619980411679, 'hidden_size': 21, 'dropout': 0.30884088388811004, 'hidden_continuous_size': 7, 'attention_head_size': 2, 'learning_rate': 0.0017335718727362422}. Best is trial 0 with value: 0.09862180799245834.
[I 2023-12-27 11:29:18,213] Trial 14 finished with value: 2.315209150314331 and parameters: {'gradient_clip_val': 0.28208186025044035, 'hidden_size': 46, 'dropout': 0.3413690213463729, 'hidden_continuous_size': 20, 'attention_head_size': 2, 'learning_rate': 0.0005156874712952688}. Best is trial 0 with value: 0.09862180799245834.
[I 2023-12-27 11:29:18,658] Trial 15 finished with value: 1.5839310884475708 and parameters: {'gradient_clip_val': 0.16688587841281735, 'hidden_size': 81, 'dropout': 0.2673778434488965, 'hidden_continuous_size': 32, 'attention_head_size': 3, 'learning_rate': 0.0012289903983768334}. Best is trial 0 with value: 0.09862180799245834.
[I 2023-12-27 11:29:19,049] Trial 16 finished with value: 1.7896324396133423 and parameters: {'gradient_clip_val': 0.16531190503079485, 'hidden_size': 43, 'dropout': 0.4917465521459223, 'hidden_continuous_size': 12, 'attention_head_size': 1, 'learning_rate': 0.0029154536993308256}. Best is trial 0 with value: 0.09862180799245834.
[I 2023-12-27 11:29:19,411] Trial 17 finished with value: 2.3121376037597656 and parameters: {'gradient_clip_val': 0.27915510502192864, 'hidden_size': 18, 'dropout': 0.36336501145368955, 'hidden_continuous_size': 6, 'attention_head_size': 3, 'learning_rate': 0.001246460622344146}. Best is trial 0 with value: 0.09862180799245834.
[I 2023-12-27 11:29:19,884] Trial 18 finished with value: 2.2647597789764404 and parameters: {'gradient_clip_val': 0.2209744591308343, 'hidden_size': 85, 'dropout': 0.30242435194116074, 'hidden_continuous_size': 52, 'attention_head_size': 2, 'learning_rate': 0.007482838686084418}. Best is trial 0 with value: 0.09862180799245834.
[I 2023-12-27 11:29:20,454] Trial 19 finished with value: 2.279939651489258 and parameters: {'gradient_clip_val': 0.15302567761123945, 'hidden_size': 134, 'dropout': 0.4474349803718995, 'hidden_continuous_size': 73, 'attention_head_size': 1, 'learning_rate': 0.000899365978234756}. Best is trial 0 with value: 0.09862180799245834.
[I 2023-12-27 11:29:20,841] Trial 20 finished with value: 2.527494430541992 and parameters: {'gradient_clip_val': 0.3589644544687426, 'hidden_size': 40, 'dropout': 0.3775165340166899, 'hidden_continuous_size': 18, 'attention_head_size': 4, 'learning_rate': 0.0005077776737503493}. Best is trial 0 with value: 0.09862180799245834.
[I 2023-12-27 11:29:21,157] Trial 21 finished with value: 2.193558931350708 and parameters: {'gradient_clip_val': 0.5470781674025551, 'hidden_size': 5, 'dropout': 0.20699774798494877, 'hidden_continuous_size': 5, 'attention_head_size': 2, 'learning_rate': 0.0010709035887839042}. Best is trial 0 with value: 0.09862180799245834.
[I 2023-12-27 11:29:21,522] Trial 22 finished with value: 2.042057752609253 and parameters: {'gradient_clip_val': 0.2987655544817741, 'hidden_size': 16, 'dropout': 0.2071203421197923, 'hidden_continuous_size': 10, 'attention_head_size': 2, 'learning_rate': 0.0007575865998905595}. Best is trial 0 with value: 0.09862180799245834.
[I 2023-12-27 11:29:21,882] Trial 23 finished with value: 1.8732885122299194 and parameters: {'gradient_clip_val': 0.25248387685172397, 'hidden_size': 13, 'dropout': 0.1667156507997522, 'hidden_continuous_size': 6, 'attention_head_size': 2, 'learning_rate': 0.0012589628297904115}. Best is trial 0 with value: 0.09862180799245834.
[I 2023-12-27 11:29:22,499] Trial 24 finished with value: 1.807662844657898 and parameters: {'gradient_clip_val': 0.1890794000750734, 'hidden_size': 26, 'dropout': 0.24834973151202858, 'hidden_continuous_size': 11, 'attention_head_size': 3, 'learning_rate': 0.002319547486231151}. Best is trial 0 with value: 0.09862180799245834.
[I 2023-12-27 11:29:22,871] Trial 25 finished with value: 1.57133948802948 and parameters: {'gradient_clip_val': 0.3345671307756023, 'hidden_size': 10, 'dropout': 0.29421013641915816, 'hidden_continuous_size': 7, 'attention_head_size': 2, 'learning_rate': 0.0008803474644056818}. Best is trial 0 with value: 0.09862180799245834.
[I 2023-12-27 11:29:23,255] Trial 26 finished with value: 2.4418492317199707 and parameters: {'gradient_clip_val': 0.3509953371303766, 'hidden_size': 33, 'dropout': 0.3266289591177953, 'hidden_continuous_size': 14, 'attention_head_size': 1, 'learning_rate': 0.0014899787975457355}. Best is trial 0 with value: 0.09862180799245834.
[I 2023-12-27 11:29:23,636] Trial 27 finished with value: 2.028639554977417 and parameters: {'gradient_clip_val': 0.24324608418663574, 'hidden_size': 11, 'dropout': 0.27641980207506633, 'hidden_continuous_size': 7, 'attention_head_size': 3, 'learning_rate': 0.0007456932449429707}. Best is trial 0 with value: 0.09862180799245834.
[I 2023-12-27 11:29:24,049] Trial 28 finished with value: 1.2019091844558716 and parameters: {'gradient_clip_val': 0.1988858619280495, 'hidden_size': 50, 'dropout': 0.29197868006756517, 'hidden_continuous_size': 19, 'attention_head_size': 2, 'learning_rate': 0.0028332532914094165}. Best is trial 0 with value: 0.09862180799245834.
[I 2023-12-27 11:29:24,709] Trial 29 finished with value: 2.4160525798797607 and parameters: {'gradient_clip_val': 0.189538881948513, 'hidden_size': 144, 'dropout': 0.2951332982281391, 'hidden_continuous_size': 142, 'attention_head_size': 2, 'learning_rate': 0.002606654668099537}. Best is trial 0 with value: 0.09862180799245834.
[I 2023-12-27 11:29:25,132] Trial 30 finished with value: 2.8259613513946533 and parameters: {'gradient_clip_val': 0.13494858020058062, 'hidden_size': 51, 'dropout': 0.2283828816108365, 'hidden_continuous_size': 18, 'attention_head_size': 1, 'learning_rate': 0.0015513090864821397}. Best is trial 0 with value: 0.09862180799245834.
[I 2023-12-27 11:29:25,520] Trial 31 finished with value: 2.0806832313537598 and parameters: {'gradient_clip_val': 0.2182977840029635, 'hidden_size': 37, 'dropout': 0.2828242973810859, 'hidden_continuous_size': 10, 'attention_head_size': 2, 'learning_rate': 0.0007410542830903838}. Best is trial 0 with value: 0.09862180799245834.
[I 2023-12-27 11:29:25,875] Trial 32 finished with value: 2.218400478363037 and parameters: {'gradient_clip_val': 0.17000575081642344, 'hidden_size': 7, 'dropout': 0.3145977357728209, 'hidden_continuous_size': 5, 'attention_head_size': 2, 'learning_rate': 0.0009738650618004975}. Best is trial 0 with value: 0.09862180799245834.
[I 2023-12-27 11:29:26,306] Trial 33 finished with value: 2.3867456912994385 and parameters: {'gradient_clip_val': 0.26968484125719766, 'hidden_size': 66, 'dropout': 0.24190979919803968, 'hidden_continuous_size': 23, 'attention_head_size': 2, 'learning_rate': 0.003812105819407019}. Best is trial 0 with value: 0.09862180799245834.
[I 2023-12-27 11:29:26,713] Trial 34 finished with value: 2.1241772174835205 and parameters: {'gradient_clip_val': 0.3221034745005762, 'hidden_size': 53, 'dropout': 0.2736498260925752, 'hidden_continuous_size': 13, 'attention_head_size': 2, 'learning_rate': 0.0009795073040230235}. Best is trial 0 with value: 0.09862180799245834.
[I 2023-12-27 11:29:27,191] Trial 35 finished with value: 2.6188013553619385 and parameters: {'gradient_clip_val': 0.2222964447794909, 'hidden_size': 93, 'dropout': 0.2909565919521598, 'hidden_continuous_size': 16, 'attention_head_size': 4, 'learning_rate': 0.0018327748334075738}. Best is trial 0 with value: 0.09862180799245834.
[I 2023-12-27 11:29:27,625] Trial 36 finished with value: 1.8470964431762695 and parameters: {'gradient_clip_val': 0.18379485873757392, 'hidden_size': 66, 'dropout': 0.3261067038049188, 'hidden_continuous_size': 28, 'attention_head_size': 3, 'learning_rate': 0.000667486014923699}. Best is trial 0 with value: 0.09862180799245834.
[I 2023-12-27 11:29:28,273] Trial 37 finished with value: 1.4654163122177124 and parameters: {'gradient_clip_val': 0.1465781772510038, 'hidden_size': 45, 'dropout': 0.2608221114257746, 'hidden_continuous_size': 12, 'attention_head_size': 2, 'learning_rate': 0.0013251956926118526}. Best is trial 0 with value: 0.09862180799245834.
[I 2023-12-27 11:29:28,712] Trial 38 finished with value: 1.3962064981460571 and parameters: {'gradient_clip_val': 0.147144471367559, 'hidden_size': 74, 'dropout': 0.25575751300250027, 'hidden_continuous_size': 16, 'attention_head_size': 3, 'learning_rate': 0.0013339870543103477}. Best is trial 0 with value: 0.09862180799245834.
[I 2023-12-27 11:29:29,194] Trial 39 finished with value: 1.4886318445205688 and parameters: {'gradient_clip_val': 0.12177013824883652, 'hidden_size': 99, 'dropout': 0.25454690577153977, 'hidden_continuous_size': 16, 'attention_head_size': 4, 'learning_rate': 0.0031037193442167437}. Best is trial 0 with value: 0.09862180799245834.
[I 2023-12-27 11:29:29,654] Trial 40 finished with value: 2.281801462173462 and parameters: {'gradient_clip_val': 0.10141506994927621, 'hidden_size': 77, 'dropout': 0.230684111103554, 'hidden_continuous_size': 22, 'attention_head_size': 3, 'learning_rate': 0.0022278731688831358}. Best is trial 0 with value: 0.09862180799245834.
[I 2023-12-27 11:29:30,136] Trial 41 finished with value: 1.4610815048217773 and parameters: {'gradient_clip_val': 0.13331215976051403, 'hidden_size': 94, 'dropout': 0.2570947130439146, 'hidden_continuous_size': 16, 'attention_head_size': 4, 'learning_rate': 0.0034674028413381303}. Best is trial 0 with value: 0.09862180799245834.
[I 2023-12-27 11:29:30,590] Trial 42 finished with value: 2.3260860443115234 and parameters: {'gradient_clip_val': 0.14207954158420685, 'hidden_size': 71, 'dropout': 0.2628273249469545, 'hidden_continuous_size': 16, 'attention_head_size': 4, 'learning_rate': 0.00476571150551937}. Best is trial 0 with value: 0.09862180799245834.
[I 2023-12-27 11:29:31,019] Trial 43 finished with value: 2.2740437984466553 and parameters: {'gradient_clip_val': 0.1192506410192197, 'hidden_size': 61, 'dropout': 0.22865130176890242, 'hidden_continuous_size': 14, 'attention_head_size': 4, 'learning_rate': 0.002041980800285308}. Best is trial 0 with value: 0.09862180799245834.
[I 2023-12-27 11:29:31,521] Trial 44 finished with value: 2.488478660583496 and parameters: {'gradient_clip_val': 0.1478075291212179, 'hidden_size': 103, 'dropout': 0.26011818126749675, 'hidden_continuous_size': 27, 'attention_head_size': 4, 'learning_rate': 0.0014157841785037034}. Best is trial 0 with value: 0.09862180799245834.
[I 2023-12-27 11:29:32,051] Trial 45 finished with value: 1.7263818979263306 and parameters: {'gradient_clip_val': 0.13183762153283451, 'hidden_size': 121, 'dropout': 0.28259207095675803, 'hidden_continuous_size': 19, 'attention_head_size': 4, 'learning_rate': 0.003472085964090009}. Best is trial 0 with value: 0.09862180799245834.
[I 2023-12-27 11:29:32,510] Trial 46 finished with value: 2.053921699523926 and parameters: {'gradient_clip_val': 0.15418130095568008, 'hidden_size': 82, 'dropout': 0.24285451940148794, 'hidden_continuous_size': 21, 'attention_head_size': 3, 'learning_rate': 0.0023112580108837146}. Best is trial 0 with value: 0.09862180799245834.
[I 2023-12-27 11:29:32,938] Trial 47 finished with value: 1.6411455869674683 and parameters: {'gradient_clip_val': 0.11002623946273092, 'hidden_size': 54, 'dropout': 0.17828618007204414, 'hidden_continuous_size': 18, 'attention_head_size': 3, 'learning_rate': 0.0018424476852552272}. Best is trial 0 with value: 0.09862180799245834.
[I 2023-12-27 11:29:33,361] Trial 48 finished with value: 2.0802242755889893 and parameters: {'gradient_clip_val': 0.12986479430804293, 'hidden_size': 46, 'dropout': 0.2648686869326406, 'hidden_continuous_size': 12, 'attention_head_size': 4, 'learning_rate': 0.0010845530401294439}. Best is trial 0 with value: 0.09862180799245834.
[I 2023-12-27 11:29:33,840] Trial 49 finished with value: 2.0486557483673096 and parameters: {'gradient_clip_val': 0.11435662210636692, 'hidden_size': 91, 'dropout': 0.30547055745197266, 'hidden_continuous_size': 24, 'attention_head_size': 4, 'learning_rate': 0.0014503012239231474}. Best is trial 0 with value: 0.09862180799245834.
[I 2023-12-27 11:29:33,960] A new study created in memory with name: no-name-14ef3edd-d8e9-447a-8c3f-7e60b4cf05e3
/home/le004/conda/anaconda3/envs/tsff_env/lib/python3.9/site-packages/lightning/fabric/plugins/environments/slurm.py:191: The `srun` command is available on your system but is not used. HINT: If your intention is to run Lightning on SLURM, prepend your python command with `srun` like so: srun python /home/le004/master_thesis/git/TSFusionForecast/code/ ...
[I 2023-12-27 11:30:05,359] Trial 0 finished with value: 2.9323437213897705 and parameters: {'gradient_clip_val': 0.29113072392361394, 'hidden_size': 18, 'dropout': 0.37534434504582936, 'hidden_continuous_size': 5, 'attention_head_size': 3, 'learning_rate': 0.001503409285060746}. Best is trial 0 with value: 2.9323437213897705.
[I 2023-12-27 11:30:36,521] Trial 1 finished with value: 0.13664022088050842 and parameters: {'gradient_clip_val': 0.15354243931592332, 'hidden_size': 9, 'dropout': 0.2887414693287674, 'hidden_continuous_size': 6, 'attention_head_size': 3, 'learning_rate': 0.0278346938640493}. Best is trial 1 with value: 0.13664022088050842.
[I 2023-12-27 11:30:47,962] Trial 2 finished with value: 1.3988052606582642 and parameters: {'gradient_clip_val': 0.5567553066989984, 'hidden_size': 27, 'dropout': 0.303192378912925, 'hidden_continuous_size': 12, 'attention_head_size': 3, 'learning_rate': 0.004492841927143962}. Best is trial 1 with value: 0.13664022088050842.
[I 2023-12-27 11:30:48,382] Trial 3 finished with value: 2.8375656604766846 and parameters: {'gradient_clip_val': 0.1353560464887771, 'hidden_size': 67, 'dropout': 0.2239220062757843, 'hidden_continuous_size': 27, 'attention_head_size': 1, 'learning_rate': 0.032594174233208734}. Best is trial 1 with value: 0.13664022088050842.
[I 2023-12-27 11:30:48,796] Trial 4 finished with value: 5.419841766357422 and parameters: {'gradient_clip_val': 0.10500795749871587, 'hidden_size': 62, 'dropout': 0.21770731785118028, 'hidden_continuous_size': 5, 'attention_head_size': 3, 'learning_rate': 0.01998769037205933}. Best is trial 1 with value: 0.13664022088050842.
[I 2023-12-27 11:30:49,109] Trial 5 finished with value: 6.78732442855835 and parameters: {'gradient_clip_val': 0.6734114340102277, 'hidden_size': 6, 'dropout': 0.22272156564827378, 'hidden_continuous_size': 6, 'attention_head_size': 2, 'learning_rate': 0.055546998713647766}. Best is trial 1 with value: 0.13664022088050842.
[I 2023-12-27 11:30:49,632] Trial 6 finished with value: 4.141641616821289 and parameters: {'gradient_clip_val': 0.5132436703578452, 'hidden_size': 125, 'dropout': 0.44824772530230217, 'hidden_continuous_size': 55, 'attention_head_size': 1, 'learning_rate': 0.02120633947565373}. Best is trial 1 with value: 0.13664022088050842.
[I 2023-12-27 11:30:50,017] Trial 7 finished with value: 3.7923614978790283 and parameters: {'gradient_clip_val': 0.1495358751554469, 'hidden_size': 49, 'dropout': 0.3430099101340035, 'hidden_continuous_size': 25, 'attention_head_size': 1, 'learning_rate': 0.0008479766858327624}. Best is trial 1 with value: 0.13664022088050842.
[I 2023-12-27 11:30:50,880] Trial 8 finished with value: 4.837623119354248 and parameters: {'gradient_clip_val': 0.5975779736008551, 'hidden_size': 150, 'dropout': 0.24585533934466178, 'hidden_continuous_size': 126, 'attention_head_size': 1, 'learning_rate': 0.006575249945252943}. Best is trial 1 with value: 0.13664022088050842.
[I 2023-12-27 11:30:51,308] Trial 9 finished with value: 3.781717300415039 and parameters: {'gradient_clip_val': 0.9950503080366443, 'hidden_size': 60, 'dropout': 0.4869787118015868, 'hidden_continuous_size': 31, 'attention_head_size': 4, 'learning_rate': 0.0006688665580691489}. Best is trial 1 with value: 0.13664022088050842.
[I 2023-12-27 11:30:51,657] Trial 10 finished with value: 5.416791915893555 and parameters: {'gradient_clip_val': 0.23627619650307158, 'hidden_size': 5, 'dropout': 0.10077838280549989, 'hidden_continuous_size': 5, 'attention_head_size': 4, 'learning_rate': 0.08706573342051628}. Best is trial 1 with value: 0.13664022088050842.
[I 2023-12-27 11:30:52,030] Trial 11 finished with value: 4.191270351409912 and parameters: {'gradient_clip_val': 0.35770886894134185, 'hidden_size': 16, 'dropout': 0.3103846404585795, 'hidden_continuous_size': 7, 'attention_head_size': 3, 'learning_rate': 0.005683453929381405}. Best is trial 1 with value: 0.13664022088050842.
