[rank: 0] Seed set to 42
[I 2023-12-27 10:51:45,930] A new study created in memory with name: no-name-c10d7990-53f0-4b2a-b600-d89ba7b6ec0b
/home/le004/conda/anaconda3/envs/tsff_env/lib/python3.9/site-packages/lightning/fabric/plugins/environments/slurm.py:191: The `srun` command is available on your system but is not used. HINT: If your intention is to run Lightning on SLURM, prepend your python command with `srun` like so: srun python /home/le004/master_thesis/git/TSFusionForecast/code/ ...
[I 2023-12-27 10:52:26,496] Trial 0 finished with value: 0.24231262505054474 and parameters: {'gradient_clip_val': 0.5735512360479469, 'hidden_size': 65, 'dropout': 0.3632288710532968, 'hidden_continuous_size': 11, 'attention_head_size': 3, 'learning_rate': 0.0028637993841708668}. Best is trial 0 with value: 0.24231262505054474.
[I 2023-12-27 10:52:35,797] Trial 1 finished with value: 3.526521921157837 and parameters: {'gradient_clip_val': 0.23287922132485653, 'hidden_size': 6, 'dropout': 0.14197718874340992, 'hidden_continuous_size': 5, 'attention_head_size': 1, 'learning_rate': 0.00202892273546665}. Best is trial 0 with value: 0.24231262505054474.
[I 2023-12-27 10:52:36,154] Trial 2 finished with value: 4.327370643615723 and parameters: {'gradient_clip_val': 0.3423615144227036, 'hidden_size': 28, 'dropout': 0.4094496871907004, 'hidden_continuous_size': 6, 'attention_head_size': 3, 'learning_rate': 0.0006857688370258545}. Best is trial 0 with value: 0.24231262505054474.
[I 2023-12-27 10:52:36,504] Trial 3 finished with value: 4.254986763000488 and parameters: {'gradient_clip_val': 0.7960877334796957, 'hidden_size': 21, 'dropout': 0.17727245618052484, 'hidden_continuous_size': 10, 'attention_head_size': 4, 'learning_rate': 0.014233238179530167}. Best is trial 0 with value: 0.24231262505054474.
[I 2023-12-27 10:52:36,905] Trial 4 finished with value: 3.948457717895508 and parameters: {'gradient_clip_val': 0.14126094973602932, 'hidden_size': 53, 'dropout': 0.17199011292914662, 'hidden_continuous_size': 22, 'attention_head_size': 4, 'learning_rate': 0.009779077816263101}. Best is trial 0 with value: 0.24231262505054474.
[I 2023-12-27 10:52:37,479] Trial 5 finished with value: 3.797358274459839 and parameters: {'gradient_clip_val': 0.22546325109773932, 'hidden_size': 60, 'dropout': 0.4500503827414323, 'hidden_continuous_size': 24, 'attention_head_size': 3, 'learning_rate': 0.007883248145959301}. Best is trial 0 with value: 0.24231262505054474.
[I 2023-12-27 10:52:37,839] Trial 6 finished with value: 4.134039878845215 and parameters: {'gradient_clip_val': 0.9730012965385847, 'hidden_size': 32, 'dropout': 0.10539552736193798, 'hidden_continuous_size': 12, 'attention_head_size': 2, 'learning_rate': 0.008900791186256796}. Best is trial 0 with value: 0.24231262505054474.
[I 2023-12-27 10:52:38,174] Trial 7 finished with value: 5.047466278076172 and parameters: {'gradient_clip_val': 0.18855389229724398, 'hidden_size': 13, 'dropout': 0.36639094070857436, 'hidden_continuous_size': 13, 'attention_head_size': 3, 'learning_rate': 0.003985020099946507}. Best is trial 0 with value: 0.24231262505054474.
[I 2023-12-27 10:52:38,508] Trial 8 finished with value: 4.033900737762451 and parameters: {'gradient_clip_val': 0.12867243655116395, 'hidden_size': 6, 'dropout': 0.44820414190346003, 'hidden_continuous_size': 5, 'attention_head_size': 4, 'learning_rate': 0.0016744312263227916}. Best is trial 0 with value: 0.24231262505054474.
[I 2023-12-27 10:52:38,972] Trial 9 finished with value: 3.604994535446167 and parameters: {'gradient_clip_val': 0.46272230129734776, 'hidden_size': 101, 'dropout': 0.45080372595116547, 'hidden_continuous_size': 14, 'attention_head_size': 2, 'learning_rate': 0.005761038274387605}. Best is trial 0 with value: 0.24231262505054474.
[I 2023-12-27 10:52:39,562] Trial 10 finished with value: 4.886393070220947 and parameters: {'gradient_clip_val': 0.5048871969725531, 'hidden_size': 148, 'dropout': 0.3050428181938625, 'hidden_continuous_size': 57, 'attention_head_size': 1, 'learning_rate': 0.05260416912644961}. Best is trial 0 with value: 0.24231262505054474.
[I 2023-12-27 10:52:39,890] Trial 11 finished with value: 3.6830155849456787 and parameters: {'gradient_clip_val': 0.25280451256953324, 'hidden_size': 5, 'dropout': 0.2964005840988419, 'hidden_continuous_size': 5, 'attention_head_size': 1, 'learning_rate': 0.0019083946358078316}. Best is trial 0 with value: 0.24231262505054474.
[I 2023-12-27 10:52:40,253] Trial 12 finished with value: 4.18623685836792 and parameters: {'gradient_clip_val': 0.3656701130029544, 'hidden_size': 11, 'dropout': 0.28979470116716327, 'hidden_continuous_size': 5, 'attention_head_size': 2, 'learning_rate': 0.0008158165672700288}. Best is trial 0 with value: 0.24231262505054474.
[I 2023-12-27 10:52:40,617] Trial 13 finished with value: 4.6711106300354 and parameters: {'gradient_clip_val': 0.6636738411253995, 'hidden_size': 8, 'dropout': 0.22683421620964395, 'hidden_continuous_size': 5, 'attention_head_size': 1, 'learning_rate': 0.002416723302527389}. Best is trial 0 with value: 0.24231262505054474.
[I 2023-12-27 10:52:40,999] Trial 14 finished with value: 3.195782423019409 and parameters: {'gradient_clip_val': 0.10623305110360035, 'hidden_size': 17, 'dropout': 0.49011276608763155, 'hidden_continuous_size': 7, 'attention_head_size': 2, 'learning_rate': 0.001213419029098324}. Best is trial 0 with value: 0.24231262505054474.
[I 2023-12-27 10:52:41,366] Trial 15 finished with value: 4.722451210021973 and parameters: {'gradient_clip_val': 0.11175595632546377, 'hidden_size': 17, 'dropout': 0.395381206330408, 'hidden_continuous_size': 7, 'attention_head_size': 3, 'learning_rate': 0.0005156660222693226}. Best is trial 0 with value: 0.24231262505054474.
[I 2023-12-27 10:52:41,766] Trial 16 finished with value: 4.377622604370117 and parameters: {'gradient_clip_val': 0.10378460775368277, 'hidden_size': 40, 'dropout': 0.4987258166340986, 'hidden_continuous_size': 8, 'attention_head_size': 2, 'learning_rate': 0.001111320903971504}. Best is trial 0 with value: 0.24231262505054474.
[I 2023-12-27 10:52:42,141] Trial 17 finished with value: 4.523275375366211 and parameters: {'gradient_clip_val': 0.16612032161444384, 'hidden_size': 19, 'dropout': 0.3426657592549702, 'hidden_continuous_size': 7, 'attention_head_size': 3, 'learning_rate': 0.0011907985713641006}. Best is trial 0 with value: 0.24231262505054474.
[I 2023-12-27 10:52:42,786] Trial 18 finished with value: 4.357369899749756 and parameters: {'gradient_clip_val': 0.2871740928052813, 'hidden_size': 70, 'dropout': 0.4822898597663678, 'hidden_continuous_size': 9, 'attention_head_size': 2, 'learning_rate': 0.003270141896496738}. Best is trial 0 with value: 0.24231262505054474.
[I 2023-12-27 10:52:43,186] Trial 19 finished with value: 3.6612205505371094 and parameters: {'gradient_clip_val': 0.17635322368452067, 'hidden_size': 41, 'dropout': 0.41066560312891437, 'hidden_continuous_size': 10, 'attention_head_size': 3, 'learning_rate': 0.0011684949094808894}. Best is trial 0 with value: 0.24231262505054474.
[I 2023-12-27 10:52:43,565] Trial 20 finished with value: 4.342743396759033 and parameters: {'gradient_clip_val': 0.4091791621083859, 'hidden_size': 25, 'dropout': 0.3694533379904056, 'hidden_continuous_size': 8, 'attention_head_size': 2, 'learning_rate': 0.003685647312438652}. Best is trial 0 with value: 0.24231262505054474.
[I 2023-12-27 10:52:43,928] Trial 21 finished with value: 3.465303421020508 and parameters: {'gradient_clip_val': 0.2916684788427218, 'hidden_size': 10, 'dropout': 0.2628462499246917, 'hidden_continuous_size': 6, 'attention_head_size': 1, 'learning_rate': 0.0019372270294795999}. Best is trial 0 with value: 0.24231262505054474.
[I 2023-12-27 10:52:44,289] Trial 22 finished with value: 4.02398681640625 and parameters: {'gradient_clip_val': 0.3107356110152963, 'hidden_size': 13, 'dropout': 0.24656921965399756, 'hidden_continuous_size': 6, 'attention_head_size': 1, 'learning_rate': 0.001352859946377551}. Best is trial 0 with value: 0.24231262505054474.
[I 2023-12-27 10:52:44,655] Trial 23 finished with value: 4.179860591888428 and parameters: {'gradient_clip_val': 0.5081123461109305, 'hidden_size': 9, 'dropout': 0.34354903132966813, 'hidden_continuous_size': 6, 'attention_head_size': 1, 'learning_rate': 0.0027480318572605717}. Best is trial 0 with value: 0.24231262505054474.
[I 2023-12-27 10:52:45,019] Trial 24 finished with value: 3.427060127258301 and parameters: {'gradient_clip_val': 0.13468861229036258, 'hidden_size': 15, 'dropout': 0.26581334553230707, 'hidden_continuous_size': 7, 'attention_head_size': 2, 'learning_rate': 0.001794388334331966}. Best is trial 0 with value: 0.24231262505054474.
[I 2023-12-27 10:52:45,380] Trial 25 finished with value: 4.308403491973877 and parameters: {'gradient_clip_val': 0.10062156074859277, 'hidden_size': 18, 'dropout': 0.3260532934191468, 'hidden_continuous_size': 7, 'attention_head_size': 2, 'learning_rate': 0.0008256410770226227}. Best is trial 0 with value: 0.24231262505054474.
[I 2023-12-27 10:52:45,747] Trial 26 finished with value: 3.662271738052368 and parameters: {'gradient_clip_val': 0.12439116855447678, 'hidden_size': 14, 'dropout': 0.37526738690353567, 'hidden_continuous_size': 7, 'attention_head_size': 2, 'learning_rate': 0.0005206219935853705}. Best is trial 0 with value: 0.24231262505054474.
[I 2023-12-27 10:52:46,133] Trial 27 finished with value: 3.085404396057129 and parameters: {'gradient_clip_val': 0.14434546870228313, 'hidden_size': 24, 'dropout': 0.2689873603417872, 'hidden_continuous_size': 9, 'attention_head_size': 3, 'learning_rate': 0.004347481343857347}. Best is trial 0 with value: 0.24231262505054474.
[I 2023-12-27 10:52:46,522] Trial 28 finished with value: 4.545804977416992 and parameters: {'gradient_clip_val': 0.15137634458829038, 'hidden_size': 34, 'dropout': 0.319877367260782, 'hidden_continuous_size': 11, 'attention_head_size': 3, 'learning_rate': 0.00459808430429368}. Best is trial 0 with value: 0.24231262505054474.
[I 2023-12-27 10:52:46,903] Trial 29 finished with value: 3.7935397624969482 and parameters: {'gradient_clip_val': 0.11841424784454149, 'hidden_size': 23, 'dropout': 0.21300759858640492, 'hidden_continuous_size': 9, 'attention_head_size': 4, 'learning_rate': 0.0029324396937902885}. Best is trial 0 with value: 0.24231262505054474.
[I 2023-12-27 10:52:47,290] Trial 30 finished with value: 4.197761058807373 and parameters: {'gradient_clip_val': 0.21428363471907771, 'hidden_size': 26, 'dropout': 0.4281169800412123, 'hidden_continuous_size': 8, 'attention_head_size': 3, 'learning_rate': 0.0059314466932693715}. Best is trial 0 with value: 0.24231262505054474.
[I 2023-12-27 10:52:47,860] Trial 31 finished with value: 3.810960531234741 and parameters: {'gradient_clip_val': 0.1454477343363241, 'hidden_size': 16, 'dropout': 0.2764952563531907, 'hidden_continuous_size': 8, 'attention_head_size': 3, 'learning_rate': 0.0022089266201874174}. Best is trial 0 with value: 0.24231262505054474.
[I 2023-12-27 10:52:48,235] Trial 32 finished with value: 3.5262279510498047 and parameters: {'gradient_clip_val': 0.13034841480483875, 'hidden_size': 20, 'dropout': 0.266984381913809, 'hidden_continuous_size': 9, 'attention_head_size': 2, 'learning_rate': 0.00148035493418144}. Best is trial 0 with value: 0.24231262505054474.
[I 2023-12-27 10:52:48,604] Trial 33 finished with value: 3.300628423690796 and parameters: {'gradient_clip_val': 0.19057173898981392, 'hidden_size': 15, 'dropout': 0.3021852649996242, 'hidden_continuous_size': 7, 'attention_head_size': 3, 'learning_rate': 0.0025825053386961607}. Best is trial 0 with value: 0.24231262505054474.
[I 2023-12-27 10:52:48,991] Trial 34 finished with value: 4.948089122772217 and parameters: {'gradient_clip_val': 0.18961464809233858, 'hidden_size': 22, 'dropout': 0.31244524971109977, 'hidden_continuous_size': 10, 'attention_head_size': 4, 'learning_rate': 0.004801069410539016}. Best is trial 0 with value: 0.24231262505054474.
[I 2023-12-27 10:52:49,389] Trial 35 finished with value: 2.9235990047454834 and parameters: {'gradient_clip_val': 0.15209072199896315, 'hidden_size': 29, 'dropout': 0.33077590420801334, 'hidden_continuous_size': 11, 'attention_head_size': 3, 'learning_rate': 0.0028646446910595693}. Best is trial 0 with value: 0.24231262505054474.
[I 2023-12-27 10:52:49,775] Trial 36 finished with value: 2.1001408100128174 and parameters: {'gradient_clip_val': 0.15864865707723597, 'hidden_size': 32, 'dropout': 0.3427556455052606, 'hidden_continuous_size': 12, 'attention_head_size': 3, 'learning_rate': 0.0034870303331685374}. Best is trial 0 with value: 0.24231262505054474.
[I 2023-12-27 10:52:50,160] Trial 37 finished with value: 3.712773561477661 and parameters: {'gradient_clip_val': 0.15316396197447793, 'hidden_size': 32, 'dropout': 0.34075631874677226, 'hidden_continuous_size': 14, 'attention_head_size': 3, 'learning_rate': 0.011927244112143385}. Best is trial 0 with value: 0.24231262505054474.
[I 2023-12-27 10:52:50,610] Trial 38 finished with value: 4.0752458572387695 and parameters: {'gradient_clip_val': 0.2392399407971993, 'hidden_size': 47, 'dropout': 0.3562659322951387, 'hidden_continuous_size': 12, 'attention_head_size': 4, 'learning_rate': 0.007421496611129415}. Best is trial 0 with value: 0.24231262505054474.
[I 2023-12-27 10:52:50,991] Trial 39 finished with value: 5.315550327301025 and parameters: {'gradient_clip_val': 0.1617746559784311, 'hidden_size': 32, 'dropout': 0.3283999438682211, 'hidden_continuous_size': 11, 'attention_head_size': 3, 'learning_rate': 0.004653117274535228}. Best is trial 0 with value: 0.24231262505054474.
[I 2023-12-27 10:52:51,388] Trial 40 finished with value: 4.481057643890381 and parameters: {'gradient_clip_val': 0.20646949060648453, 'hidden_size': 28, 'dropout': 0.3804358771101534, 'hidden_continuous_size': 13, 'attention_head_size': 3, 'learning_rate': 0.0033953055296548234}. Best is trial 0 with value: 0.24231262505054474.
[I 2023-12-27 10:52:51,819] Trial 41 finished with value: 4.082263946533203 and parameters: {'gradient_clip_val': 0.11364716329822831, 'hidden_size': 58, 'dropout': 0.39289444146987185, 'hidden_continuous_size': 17, 'attention_head_size': 3, 'learning_rate': 0.0023169186665175233}. Best is trial 0 with value: 0.24231262505054474.
[I 2023-12-27 10:52:52,207] Trial 42 finished with value: 3.0627505779266357 and parameters: {'gradient_clip_val': 0.1489207546058966, 'hidden_size': 23, 'dropout': 0.411252841790117, 'hidden_continuous_size': 11, 'attention_head_size': 3, 'learning_rate': 0.006290916526638149}. Best is trial 0 with value: 0.24231262505054474.
[I 2023-12-27 10:52:52,815] Trial 43 finished with value: 5.086866855621338 and parameters: {'gradient_clip_val': 0.17391874637654778, 'hidden_size': 22, 'dropout': 0.35323799583064563, 'hidden_continuous_size': 11, 'attention_head_size': 3, 'learning_rate': 0.005654106707688748}. Best is trial 0 with value: 0.24231262505054474.
[I 2023-12-27 10:52:53,211] Trial 44 finished with value: 3.4461424350738525 and parameters: {'gradient_clip_val': 0.15022156658724364, 'hidden_size': 27, 'dropout': 0.36704652227018636, 'hidden_continuous_size': 10, 'attention_head_size': 3, 'learning_rate': 0.007240911282331492}. Best is trial 0 with value: 0.24231262505054474.
[I 2023-12-27 10:52:53,659] Trial 45 finished with value: 4.128567218780518 and parameters: {'gradient_clip_val': 0.1335486552500644, 'hidden_size': 69, 'dropout': 0.2914366440966568, 'hidden_continuous_size': 15, 'attention_head_size': 4, 'learning_rate': 0.00973437196114066}. Best is trial 0 with value: 0.24231262505054474.
[I 2023-12-27 10:52:54,067] Trial 46 finished with value: 5.140516757965088 and parameters: {'gradient_clip_val': 0.13613519044927502, 'hidden_size': 48, 'dropout': 0.32114787616517315, 'hidden_continuous_size': 12, 'attention_head_size': 3, 'learning_rate': 0.0037613513765810125}. Best is trial 0 with value: 0.24231262505054474.
[I 2023-12-27 10:52:54,479] Trial 47 finished with value: 3.829073905944824 and parameters: {'gradient_clip_val': 0.11837147937570008, 'hidden_size': 38, 'dropout': 0.4153291172907539, 'hidden_continuous_size': 15, 'attention_head_size': 4, 'learning_rate': 0.006053354117343898}. Best is trial 0 with value: 0.24231262505054474.
[I 2023-12-27 10:52:54,880] Trial 48 finished with value: 3.727520227432251 and parameters: {'gradient_clip_val': 0.24486167308398274, 'hidden_size': 31, 'dropout': 0.3843057851469332, 'hidden_continuous_size': 13, 'attention_head_size': 3, 'learning_rate': 0.004128104256210015}. Best is trial 0 with value: 0.24231262505054474.
[I 2023-12-27 10:52:55,264] Trial 49 finished with value: 5.205519199371338 and parameters: {'gradient_clip_val': 0.20690982433102312, 'hidden_size': 20, 'dropout': 0.3944650171085563, 'hidden_continuous_size': 11, 'attention_head_size': 3, 'learning_rate': 0.008685200133656907}. Best is trial 0 with value: 0.24231262505054474.
[I 2023-12-27 10:52:55,378] A new study created in memory with name: no-name-ce31affc-078f-4639-bab7-db21d6f11dcb
/home/le004/conda/anaconda3/envs/tsff_env/lib/python3.9/site-packages/lightning/fabric/plugins/environments/slurm.py:191: The `srun` command is available on your system but is not used. HINT: If your intention is to run Lightning on SLURM, prepend your python command with `srun` like so: srun python /home/le004/master_thesis/git/TSFusionForecast/code/ ...
[I 2023-12-27 10:53:24,508] Trial 0 finished with value: 0.5755700469017029 and parameters: {'gradient_clip_val': 0.15749680044860376, 'hidden_size': 106, 'dropout': 0.14809121456019392, 'hidden_continuous_size': 52, 'attention_head_size': 1, 'learning_rate': 0.06399810181492846}. Best is trial 0 with value: 0.5755700469017029.
[I 2023-12-27 10:53:24,898] Trial 1 finished with value: 3.927804946899414 and parameters: {'gradient_clip_val': 0.1341463960213413, 'hidden_size': 51, 'dropout': 0.3658532259785201, 'hidden_continuous_size': 12, 'attention_head_size': 2, 'learning_rate': 0.05771207772794547}. Best is trial 0 with value: 0.5755700469017029.
[I 2023-12-27 10:53:25,212] Trial 2 finished with value: 3.3638088703155518 and parameters: {'gradient_clip_val': 0.3385666494705129, 'hidden_size': 19, 'dropout': 0.41621232389930796, 'hidden_continuous_size': 19, 'attention_head_size': 1, 'learning_rate': 0.005970926889969227}. Best is trial 0 with value: 0.5755700469017029.
[I 2023-12-27 10:53:25,599] Trial 3 finished with value: 2.924915313720703 and parameters: {'gradient_clip_val': 0.10595232848666167, 'hidden_size': 56, 'dropout': 0.13033243717360465, 'hidden_continuous_size': 7, 'attention_head_size': 4, 'learning_rate': 0.07086772042598748}. Best is trial 0 with value: 0.5755700469017029.
[I 2023-12-27 10:53:25,909] Trial 4 finished with value: 4.224169731140137 and parameters: {'gradient_clip_val': 0.840696719846706, 'hidden_size': 5, 'dropout': 0.16519771156824517, 'hidden_continuous_size': 5, 'attention_head_size': 3, 'learning_rate': 0.006566753533152546}. Best is trial 0 with value: 0.5755700469017029.
[I 2023-12-27 10:53:26,308] Trial 5 finished with value: 4.481991767883301 and parameters: {'gradient_clip_val': 0.5824618789775485, 'hidden_size': 65, 'dropout': 0.1369492369248153, 'hidden_continuous_size': 65, 'attention_head_size': 1, 'learning_rate': 0.005841972987556273}. Best is trial 0 with value: 0.5755700469017029.
[I 2023-12-27 10:53:26,862] Trial 6 finished with value: 3.000908136367798 and parameters: {'gradient_clip_val': 0.13262358638736113, 'hidden_size': 8, 'dropout': 0.16032907331767576, 'hidden_continuous_size': 8, 'attention_head_size': 4, 'learning_rate': 0.004240386260326251}. Best is trial 0 with value: 0.5755700469017029.
[I 2023-12-27 10:53:27,229] Trial 7 finished with value: 4.787622928619385 and parameters: {'gradient_clip_val': 0.38507150459567496, 'hidden_size': 11, 'dropout': 0.48060685483874754, 'hidden_continuous_size': 5, 'attention_head_size': 4, 'learning_rate': 0.004317375030174775}. Best is trial 0 with value: 0.5755700469017029.
[I 2023-12-27 10:53:27,726] Trial 8 finished with value: 3.989696741104126 and parameters: {'gradient_clip_val': 0.13255367096953544, 'hidden_size': 118, 'dropout': 0.202505186405443, 'hidden_continuous_size': 10, 'attention_head_size': 3, 'learning_rate': 0.015686111373810454}. Best is trial 0 with value: 0.5755700469017029.
[I 2023-12-27 10:53:28,090] Trial 9 finished with value: 3.827113151550293 and parameters: {'gradient_clip_val': 0.6751310548004004, 'hidden_size': 27, 'dropout': 0.16220143585100788, 'hidden_continuous_size': 9, 'attention_head_size': 3, 'learning_rate': 0.0005735428521483901}. Best is trial 0 with value: 0.5755700469017029.
[I 2023-12-27 10:53:28,600] Trial 10 finished with value: 3.7062489986419678 and parameters: {'gradient_clip_val': 0.22048509506003605, 'hidden_size': 112, 'dropout': 0.2595373953326946, 'hidden_continuous_size': 61, 'attention_head_size': 2, 'learning_rate': 0.0941290324472839}. Best is trial 0 with value: 0.5755700469017029.
[I 2023-12-27 10:53:29,197] Trial 11 finished with value: 4.38400411605835 and parameters: {'gradient_clip_val': 0.10966204359018661, 'hidden_size': 150, 'dropout': 0.10279249466097165, 'hidden_continuous_size': 36, 'attention_head_size': 1, 'learning_rate': 0.04197875629545436}. Best is trial 0 with value: 0.5755700469017029.
[I 2023-12-27 10:53:29,623] Trial 12 finished with value: 3.6875107288360596 and parameters: {'gradient_clip_val': 0.21390239517114915, 'hidden_size': 61, 'dropout': 0.250722895685466, 'hidden_continuous_size': 22, 'attention_head_size': 2, 'learning_rate': 0.09729058815440329}. Best is trial 0 with value: 0.5755700469017029.
