[I 2023-12-27 11:36:29,255] Trial 27 finished with value: 3.209568738937378 and parameters: {'gradient_clip_val': 0.5678631767232969, 'hidden_size': 79, 'dropout': 0.15361620223718483, 'hidden_continuous_size': 20, 'attention_head_size': 1, 'learning_rate': 0.008748623444381062}. Best is trial 1 with value: 0.07849789410829544.
[I 2023-12-27 11:36:29,770] Trial 28 finished with value: 3.378497362136841 and parameters: {'gradient_clip_val': 0.4216267166035654, 'hidden_size': 110, 'dropout': 0.2524696052517145, 'hidden_continuous_size': 33, 'attention_head_size': 2, 'learning_rate': 0.001953892544869647}. Best is trial 1 with value: 0.07849789410829544.
[I 2023-12-27 11:36:30,223] Trial 29 finished with value: 2.5226731300354004 and parameters: {'gradient_clip_val': 0.3721606968134311, 'hidden_size': 68, 'dropout': 0.2139718769028288, 'hidden_continuous_size': 27, 'attention_head_size': 3, 'learning_rate': 0.0008843808001431979}. Best is trial 1 with value: 0.07849789410829544.
[I 2023-12-27 11:36:30,625] Trial 30 finished with value: 3.466028928756714 and parameters: {'gradient_clip_val': 0.45974384043780453, 'hidden_size': 48, 'dropout': 0.29128543371835347, 'hidden_continuous_size': 18, 'attention_head_size': 1, 'learning_rate': 0.003720097979123034}. Best is trial 1 with value: 0.07849789410829544.
[I 2023-12-27 11:36:31,123] Trial 31 finished with value: 2.838876485824585 and parameters: {'gradient_clip_val': 0.7663553557537753, 'hidden_size': 107, 'dropout': 0.24037586266653446, 'hidden_continuous_size': 10, 'attention_head_size': 1, 'learning_rate': 0.005469402252889294}. Best is trial 1 with value: 0.07849789410829544.
[I 2023-12-27 11:36:31,578] Trial 32 finished with value: 2.774583101272583 and parameters: {'gradient_clip_val': 0.8493865837174204, 'hidden_size': 80, 'dropout': 0.2559034503845554, 'hidden_continuous_size': 9, 'attention_head_size': 1, 'learning_rate': 0.011347494476697025}. Best is trial 1 with value: 0.07849789410829544.
[I 2023-12-27 11:36:32,102] Trial 33 finished with value: 3.062530279159546 and parameters: {'gradient_clip_val': 0.7232255337340666, 'hidden_size': 117, 'dropout': 0.271279082229665, 'hidden_continuous_size': 13, 'attention_head_size': 1, 'learning_rate': 0.005810348450354895}. Best is trial 1 with value: 0.07849789410829544.
[I 2023-12-27 11:36:32,808] Trial 34 finished with value: 3.7765543460845947 and parameters: {'gradient_clip_val': 0.6229751847604591, 'hidden_size': 89, 'dropout': 0.19113231590582885, 'hidden_continuous_size': 12, 'attention_head_size': 4, 'learning_rate': 0.0038107628217381334}. Best is trial 1 with value: 0.07849789410829544.
[I 2023-12-27 11:36:33,261] Trial 35 finished with value: 2.850048303604126 and parameters: {'gradient_clip_val': 0.6609161060481017, 'hidden_size': 71, 'dropout': 0.228622381873381, 'hidden_continuous_size': 14, 'attention_head_size': 1, 'learning_rate': 0.0005426850731451617}. Best is trial 1 with value: 0.07849789410829544.
[I 2023-12-27 11:36:33,718] Trial 36 finished with value: 3.761155128479004 and parameters: {'gradient_clip_val': 0.5469253367109257, 'hidden_size': 61, 'dropout': 0.22219016747408132, 'hidden_continuous_size': 23, 'attention_head_size': 2, 'learning_rate': 0.0008085755887358582}. Best is trial 1 with value: 0.07849789410829544.
[I 2023-12-27 11:36:34,122] Trial 37 finished with value: 2.6234591007232666 and parameters: {'gradient_clip_val': 0.9004797578022379, 'hidden_size': 30, 'dropout': 0.25938600670746814, 'hidden_continuous_size': 8, 'attention_head_size': 2, 'learning_rate': 0.0023687536365102203}. Best is trial 1 with value: 0.07849789410829544.
[I 2023-12-27 11:36:34,647] Trial 38 finished with value: 3.3603506088256836 and parameters: {'gradient_clip_val': 0.8314915302590224, 'hidden_size': 93, 'dropout': 0.16902264678919077, 'hidden_continuous_size': 11, 'attention_head_size': 4, 'learning_rate': 0.007740972210438456}. Best is trial 1 with value: 0.07849789410829544.
[I 2023-12-27 11:36:35,031] Trial 39 finished with value: 2.914045572280884 and parameters: {'gradient_clip_val': 0.7170625044793865, 'hidden_size': 21, 'dropout': 0.4610346268709564, 'hidden_continuous_size': 11, 'attention_head_size': 1, 'learning_rate': 0.0121885059325795}. Best is trial 1 with value: 0.07849789410829544.
[I 2023-12-27 11:36:35,592] Trial 40 finished with value: 3.3355636596679688 and parameters: {'gradient_clip_val': 0.6345971308928181, 'hidden_size': 126, 'dropout': 0.20722960816213404, 'hidden_continuous_size': 47, 'attention_head_size': 2, 'learning_rate': 0.007130216055149715}. Best is trial 1 with value: 0.07849789410829544.
[I 2023-12-27 11:36:36,213] Trial 41 finished with value: 3.3150012493133545 and parameters: {'gradient_clip_val': 0.29391154785375817, 'hidden_size': 150, 'dropout': 0.30983998734282164, 'hidden_continuous_size': 65, 'attention_head_size': 1, 'learning_rate': 0.005419536279370753}. Best is trial 1 with value: 0.07849789410829544.
[I 2023-12-27 11:36:36,801] Trial 42 finished with value: 3.480095148086548 and parameters: {'gradient_clip_val': 0.988403559266347, 'hidden_size': 127, 'dropout': 0.3208861922193311, 'hidden_continuous_size': 79, 'attention_head_size': 1, 'learning_rate': 0.003044212434252714}. Best is trial 1 with value: 0.07849789410829544.
[I 2023-12-27 11:36:37,288] Trial 43 finished with value: 3.564363479614258 and parameters: {'gradient_clip_val': 0.8505905740485312, 'hidden_size': 100, 'dropout': 0.24215816548052718, 'hidden_continuous_size': 27, 'attention_head_size': 1, 'learning_rate': 0.004759304778974552}. Best is trial 1 with value: 0.07849789410829544.
[I 2023-12-27 11:36:37,863] Trial 44 finished with value: 2.6581194400787354 and parameters: {'gradient_clip_val': 0.3293601122223517, 'hidden_size': 146, 'dropout': 0.337269602746952, 'hidden_continuous_size': 40, 'attention_head_size': 1, 'learning_rate': 0.006481291940440041}. Best is trial 1 with value: 0.07849789410829544.
[I 2023-12-27 11:36:38,397] Trial 45 finished with value: 3.0277516841888428 and parameters: {'gradient_clip_val': 0.7212298579912242, 'hidden_size': 119, 'dropout': 0.3728173524033319, 'hidden_continuous_size': 32, 'attention_head_size': 1, 'learning_rate': 0.010673897938156748}. Best is trial 1 with value: 0.07849789410829544.
[I 2023-12-27 11:36:38,844] Trial 46 finished with value: 3.1639721393585205 and parameters: {'gradient_clip_val': 0.27087369177169024, 'hidden_size': 81, 'dropout': 0.41298450886945737, 'hidden_continuous_size': 16, 'attention_head_size': 1, 'learning_rate': 0.004462100703421976}. Best is trial 1 with value: 0.07849789410829544.
[I 2023-12-27 11:36:39,593] Trial 47 finished with value: 2.6963491439819336 and parameters: {'gradient_clip_val': 0.191805685690184, 'hidden_size': 100, 'dropout': 0.4868941100938183, 'hidden_continuous_size': 24, 'attention_head_size': 2, 'learning_rate': 0.008754343314414045}. Best is trial 1 with value: 0.07849789410829544.
[I 2023-12-27 11:36:40,156] Trial 48 finished with value: 2.6704304218292236 and parameters: {'gradient_clip_val': 0.9036328439550652, 'hidden_size': 128, 'dropout': 0.3525075842544974, 'hidden_continuous_size': 50, 'attention_head_size': 1, 'learning_rate': 0.013029086983643273}. Best is trial 1 with value: 0.07849789410829544.
[I 2023-12-27 11:36:40,543] Trial 49 finished with value: 2.8156425952911377 and parameters: {'gradient_clip_val': 0.3535440624514091, 'hidden_size': 11, 'dropout': 0.27601852192891346, 'hidden_continuous_size': 9, 'attention_head_size': 3, 'learning_rate': 0.007346167121086514}. Best is trial 1 with value: 0.07849789410829544.
[I 2023-12-27 11:36:40,660] A new study created in memory with name: no-name-af96aef2-95a5-43db-9f5f-22eb135c8d8d
/home/le004/conda/anaconda3/envs/tsff_env/lib/python3.9/site-packages/lightning/fabric/plugins/environments/slurm.py:191: The `srun` command is available on your system but is not used. HINT: If your intention is to run Lightning on SLURM, prepend your python command with `srun` like so: srun python /home/le004/master_thesis/git/TSFusionForecast/code/ ...
[I 2023-12-27 11:37:13,444] Trial 0 finished with value: 1.7649635076522827 and parameters: {'gradient_clip_val': 0.4293966456592089, 'hidden_size': 23, 'dropout': 0.37980785375659865, 'hidden_continuous_size': 9, 'attention_head_size': 1, 'learning_rate': 0.000928959151251124}. Best is trial 0 with value: 1.7649635076522827.
[I 2023-12-27 11:37:24,219] Trial 1 finished with value: 3.5871829986572266 and parameters: {'gradient_clip_val': 0.6319171471286207, 'hidden_size': 10, 'dropout': 0.4045504231102639, 'hidden_continuous_size': 6, 'attention_head_size': 4, 'learning_rate': 0.000990788868919468}. Best is trial 0 with value: 1.7649635076522827.
[I 2023-12-27 11:37:24,587] Trial 2 finished with value: 4.369762897491455 and parameters: {'gradient_clip_val': 0.5130707916755742, 'hidden_size': 7, 'dropout': 0.1812756010514045, 'hidden_continuous_size': 5, 'attention_head_size': 4, 'learning_rate': 0.016434354676013837}. Best is trial 0 with value: 1.7649635076522827.
[I 2023-12-27 11:37:24,977] Trial 3 finished with value: 3.552724838256836 and parameters: {'gradient_clip_val': 0.9528128149881431, 'hidden_size': 9, 'dropout': 0.442242163471551, 'hidden_continuous_size': 6, 'attention_head_size': 1, 'learning_rate': 0.0005428491150815673}. Best is trial 0 with value: 1.7649635076522827.
[I 2023-12-27 11:37:25,388] Trial 4 finished with value: 4.6048712730407715 and parameters: {'gradient_clip_val': 0.6346112902010377, 'hidden_size': 31, 'dropout': 0.11943793277655135, 'hidden_continuous_size': 8, 'attention_head_size': 3, 'learning_rate': 0.09982306458475156}. Best is trial 0 with value: 1.7649635076522827.
[I 2023-12-27 11:37:26,010] Trial 5 finished with value: 4.680131435394287 and parameters: {'gradient_clip_val': 0.2646576199440645, 'hidden_size': 147, 'dropout': 0.1406105516071667, 'hidden_continuous_size': 64, 'attention_head_size': 2, 'learning_rate': 0.0007335244164030631}. Best is trial 0 with value: 1.7649635076522827.
[I 2023-12-27 11:37:26,366] Trial 6 finished with value: 5.85841178894043 and parameters: {'gradient_clip_val': 0.2576884331186199, 'hidden_size': 10, 'dropout': 0.3393887944164583, 'hidden_continuous_size': 10, 'attention_head_size': 3, 'learning_rate': 0.024379411585290906}. Best is trial 0 with value: 1.7649635076522827.
[I 2023-12-27 11:37:26,737] Trial 7 finished with value: 3.661997079849243 and parameters: {'gradient_clip_val': 0.20497507558516576, 'hidden_size': 18, 'dropout': 0.3760831211839841, 'hidden_continuous_size': 16, 'attention_head_size': 4, 'learning_rate': 0.028035893256067076}. Best is trial 0 with value: 1.7649635076522827.
[I 2023-12-27 11:37:27,420] Trial 8 finished with value: 4.760530471801758 and parameters: {'gradient_clip_val': 0.9768399108561925, 'hidden_size': 76, 'dropout': 0.27747755432867693, 'hidden_continuous_size': 10, 'attention_head_size': 1, 'learning_rate': 0.02117336146348329}. Best is trial 0 with value: 1.7649635076522827.
[I 2023-12-27 11:37:27,784] Trial 9 finished with value: 4.533238887786865 and parameters: {'gradient_clip_val': 0.1290668400107658, 'hidden_size': 13, 'dropout': 0.3765005192975418, 'hidden_continuous_size': 7, 'attention_head_size': 3, 'learning_rate': 0.004079597973111161}. Best is trial 0 with value: 1.7649635076522827.
[I 2023-12-27 11:37:28,128] Trial 10 finished with value: 5.127352714538574 and parameters: {'gradient_clip_val': 0.39484872725067327, 'hidden_size': 5, 'dropout': 0.4720828011734031, 'hidden_continuous_size': 5, 'attention_head_size': 2, 'learning_rate': 0.002034580405828487}. Best is trial 0 with value: 1.7649635076522827.
[I 2023-12-27 11:37:28,543] Trial 11 finished with value: 5.1880879402160645 and parameters: {'gradient_clip_val': 0.8384784679899124, 'hidden_size': 26, 'dropout': 0.47879658363029043, 'hidden_continuous_size': 7, 'attention_head_size': 1, 'learning_rate': 0.0005196695244649443}. Best is trial 0 with value: 1.7649635076522827.
[I 2023-12-27 11:37:28,884] Trial 12 finished with value: 4.722489833831787 and parameters: {'gradient_clip_val': 0.4041985899049153, 'hidden_size': 5, 'dropout': 0.4424497443777283, 'hidden_continuous_size': 5, 'attention_head_size': 1, 'learning_rate': 0.0015311259855292946}. Best is trial 0 with value: 1.7649635076522827.
[I 2023-12-27 11:37:29,273] Trial 13 finished with value: 3.4946682453155518 and parameters: {'gradient_clip_val': 0.8121398774304627, 'hidden_size': 20, 'dropout': 0.4957277594023952, 'hidden_continuous_size': 8, 'attention_head_size': 2, 'learning_rate': 0.0022282440238065846}. Best is trial 0 with value: 1.7649635076522827.
[I 2023-12-27 11:37:29,676] Trial 14 finished with value: 3.5298030376434326 and parameters: {'gradient_clip_val': 0.6248706869473113, 'hidden_size': 32, 'dropout': 0.48006722257530055, 'hidden_continuous_size': 12, 'attention_head_size': 2, 'learning_rate': 0.002796592510723943}. Best is trial 0 with value: 1.7649635076522827.
[I 2023-12-27 11:37:30,075] Trial 15 finished with value: 4.821327209472656 and parameters: {'gradient_clip_val': 0.4266356356925364, 'hidden_size': 19, 'dropout': 0.2989342798080848, 'hidden_continuous_size': 9, 'attention_head_size': 2, 'learning_rate': 0.001298207072062557}. Best is trial 0 with value: 1.7649635076522827.
[I 2023-12-27 11:37:30,496] Trial 16 finished with value: 3.4855833053588867 and parameters: {'gradient_clip_val': 0.738742282623821, 'hidden_size': 44, 'dropout': 0.4991971034964611, 'hidden_continuous_size': 14, 'attention_head_size': 1, 'learning_rate': 0.0053057221079293474}. Best is trial 0 with value: 1.7649635076522827.
[I 2023-12-27 11:37:30,923] Trial 17 finished with value: 5.647069931030273 and parameters: {'gradient_clip_val': 0.49906445282890594, 'hidden_size': 44, 'dropout': 0.43054154727582084, 'hidden_continuous_size': 15, 'attention_head_size': 1, 'learning_rate': 0.0062269339329482035}. Best is trial 0 with value: 1.7649635076522827.
[I 2023-12-27 11:37:31,349] Trial 18 finished with value: 4.5509748458862305 and parameters: {'gradient_clip_val': 0.31849572212497973, 'hidden_size': 52, 'dropout': 0.33281910921160357, 'hidden_continuous_size': 20, 'attention_head_size': 1, 'learning_rate': 0.0036988414237927704}. Best is trial 0 with value: 1.7649635076522827.
[I 2023-12-27 11:37:31,774] Trial 19 finished with value: 4.0029683113098145 and parameters: {'gradient_clip_val': 0.609552779046297, 'hidden_size': 56, 'dropout': 0.2594090013924506, 'hidden_continuous_size': 22, 'attention_head_size': 1, 'learning_rate': 0.0008592385820586516}. Best is trial 0 with value: 1.7649635076522827.
[I 2023-12-27 11:37:32,201] Trial 20 finished with value: 4.04121732711792 and parameters: {'gradient_clip_val': 0.7553748573998682, 'hidden_size': 39, 'dropout': 0.3984872247403932, 'hidden_continuous_size': 13, 'attention_head_size': 2, 'learning_rate': 0.0012927723461865286}. Best is trial 0 with value: 1.7649635076522827.
[I 2023-12-27 11:37:32,849] Trial 21 finished with value: 3.9004955291748047 and parameters: {'gradient_clip_val': 0.7042501252548029, 'hidden_size': 21, 'dropout': 0.4896665799281789, 'hidden_continuous_size': 9, 'attention_head_size': 2, 'learning_rate': 0.002071778914184409}. Best is trial 0 with value: 1.7649635076522827.
[I 2023-12-27 11:37:33,223] Trial 22 finished with value: 5.2610764503479 and parameters: {'gradient_clip_val': 0.8206081024134946, 'hidden_size': 16, 'dropout': 0.4486469204301822, 'hidden_continuous_size': 8, 'attention_head_size': 1, 'learning_rate': 0.005756807579019654}. Best is trial 0 with value: 1.7649635076522827.
[I 2023-12-27 11:37:33,622] Trial 23 finished with value: 4.602859020233154 and parameters: {'gradient_clip_val': 0.9822258569913946, 'hidden_size': 24, 'dropout': 0.4834753657031701, 'hidden_continuous_size': 11, 'attention_head_size': 2, 'learning_rate': 0.002392213525609392}. Best is trial 0 with value: 1.7649635076522827.
[I 2023-12-27 11:37:34,018] Trial 24 finished with value: 3.3323183059692383 and parameters: {'gradient_clip_val': 0.5011720228927492, 'hidden_size': 15, 'dropout': 0.4184794869888871, 'hidden_continuous_size': 7, 'attention_head_size': 1, 'learning_rate': 0.0034388884717951583}. Best is trial 0 with value: 1.7649635076522827.
[I 2023-12-27 11:37:34,408] Trial 25 finished with value: 3.898505210876465 and parameters: {'gradient_clip_val': 0.5168465230100543, 'hidden_size': 15, 'dropout': 0.41722022368763956, 'hidden_continuous_size': 7, 'attention_head_size': 1, 'learning_rate': 0.010078203299116743}. Best is trial 0 with value: 1.7649635076522827.
[I 2023-12-27 11:37:34,816] Trial 26 finished with value: 4.584991931915283 and parameters: {'gradient_clip_val': 0.48476597682658523, 'hidden_size': 13, 'dropout': 0.4528850922287435, 'hidden_continuous_size': 6, 'attention_head_size': 1, 'learning_rate': 0.004113020405202851}. Best is trial 0 with value: 1.7649635076522827.
[I 2023-12-27 11:37:35,245] Trial 27 finished with value: 3.7179195880889893 and parameters: {'gradient_clip_val': 0.3482866661754729, 'hidden_size': 26, 'dropout': 0.4074948602861474, 'hidden_continuous_size': 11, 'attention_head_size': 1, 'learning_rate': 0.008537791467898643}. Best is trial 0 with value: 1.7649635076522827.
[I 2023-12-27 11:37:35,635] Trial 28 finished with value: 4.209358215332031 and parameters: {'gradient_clip_val': 0.57820944281328, 'hidden_size': 32, 'dropout': 0.4521610283717147, 'hidden_continuous_size': 13, 'attention_head_size': 1, 'learning_rate': 0.001652443831921893}. Best is trial 0 with value: 1.7649635076522827.
[I 2023-12-27 11:37:36,026] Trial 29 finished with value: 3.5603268146514893 and parameters: {'gradient_clip_val': 0.6891353696111979, 'hidden_size': 12, 'dropout': 0.38206734249706553, 'hidden_continuous_size': 6, 'attention_head_size': 3, 'learning_rate': 0.001080068371236246}. Best is trial 0 with value: 1.7649635076522827.
[I 2023-12-27 11:37:36,396] Trial 30 finished with value: 4.582192897796631 and parameters: {'gradient_clip_val': 0.4389601158030261, 'hidden_size': 19, 'dropout': 0.3521682248130164, 'hidden_continuous_size': 9, 'attention_head_size': 1, 'learning_rate': 0.0009548898085003797}. Best is trial 0 with value: 1.7649635076522827.
[I 2023-12-27 11:37:36,774] Trial 31 finished with value: 4.582705020904541 and parameters: {'gradient_clip_val': 0.7541286448321293, 'hidden_size': 22, 'dropout': 0.495700997318917, 'hidden_continuous_size': 8, 'attention_head_size': 2, 'learning_rate': 0.0027398633356400383}. Best is trial 0 with value: 1.7649635076522827.
[I 2023-12-27 11:37:37,134] Trial 32 finished with value: 3.9764347076416016 and parameters: {'gradient_clip_val': 0.5763134416936149, 'hidden_size': 16, 'dropout': 0.4976794620991874, 'hidden_continuous_size': 7, 'attention_head_size': 2, 'learning_rate': 0.0017890924013300512}. Best is trial 0 with value: 1.7649635076522827.
[I 2023-12-27 11:37:37,494] Trial 33 finished with value: 3.311295747756958 and parameters: {'gradient_clip_val': 0.8326987529086218, 'hidden_size': 9, 'dropout': 0.42266877587028673, 'hidden_continuous_size': 7, 'attention_head_size': 1, 'learning_rate': 0.0029079802128526293}. Best is trial 0 with value: 1.7649635076522827.
[I 2023-12-27 11:37:37,854] Trial 34 finished with value: 4.128354549407959 and parameters: {'gradient_clip_val': 0.5357754074605418, 'hidden_size': 10, 'dropout': 0.42590503985939093, 'hidden_continuous_size': 6, 'attention_head_size': 1, 'learning_rate': 0.0032317310334837}. Best is trial 0 with value: 1.7649635076522827.
[I 2023-12-27 11:37:38,427] Trial 35 finished with value: 4.164930820465088 and parameters: {'gradient_clip_val': 0.6680415565463458, 'hidden_size': 8, 'dropout': 0.40569990087302116, 'hidden_continuous_size': 5, 'attention_head_size': 1, 'learning_rate': 0.0007141946202220636}. Best is trial 0 with value: 1.7649635076522827.
[I 2023-12-27 11:37:38,807] Trial 36 finished with value: 5.633227825164795 and parameters: {'gradient_clip_val': 0.8433625124391327, 'hidden_size': 7, 'dropout': 0.42781063928106794, 'hidden_continuous_size': 5, 'attention_head_size': 1, 'learning_rate': 0.005143477645244186}. Best is trial 0 with value: 1.7649635076522827.
[I 2023-12-27 11:37:39,186] Trial 37 finished with value: 3.3739287853240967 and parameters: {'gradient_clip_val': 0.649064104742829, 'hidden_size': 11, 'dropout': 0.46016016863131926, 'hidden_continuous_size': 7, 'attention_head_size': 4, 'learning_rate': 0.0031589065771750486}. Best is trial 0 with value: 1.7649635076522827.
[I 2023-12-27 11:37:39,563] Trial 38 finished with value: 5.335835933685303 and parameters: {'gradient_clip_val': 0.4689501506419996, 'hidden_size': 11, 'dropout': 0.46076177917830513, 'hidden_continuous_size': 7, 'attention_head_size': 3, 'learning_rate': 0.0031224214704332364}. Best is trial 0 with value: 1.7649635076522827.
[I 2023-12-27 11:37:39,969] Trial 39 finished with value: 4.023449420928955 and parameters: {'gradient_clip_val': 0.5581863676653281, 'hidden_size': 9, 'dropout': 0.36150370604977394, 'hidden_continuous_size': 7, 'attention_head_size': 4, 'learning_rate': 0.0006559140273207111}. Best is trial 0 with value: 1.7649635076522827.
[I 2023-12-27 11:37:40,351] Trial 40 finished with value: 4.959599494934082 and parameters: {'gradient_clip_val': 0.6513246579012784, 'hidden_size': 14, 'dropout': 0.3874510602211347, 'hidden_continuous_size': 8, 'attention_head_size': 4, 'learning_rate': 0.0011489483971403676}. Best is trial 0 with value: 1.7649635076522827.
[I 2023-12-27 11:37:40,728] Trial 41 finished with value: 5.321862697601318 and parameters: {'gradient_clip_val': 0.908808280637242, 'hidden_size': 11, 'dropout': 0.45977529609174916, 'hidden_continuous_size': 7, 'attention_head_size': 4, 'learning_rate': 0.004484050474879517}. Best is trial 0 with value: 1.7649635076522827.
