[I 2023-12-27 11:05:58,805] Trial 45 finished with value: 4.362158298492432 and parameters: {'gradient_clip_val': 0.11032806903042214, 'hidden_size': 17, 'dropout': 0.48121907243446105, 'hidden_continuous_size': 9, 'attention_head_size': 2, 'learning_rate': 0.0016386095228502547}. Best is trial 0 with value: 0.05705301836133003.
[I 2023-12-27 11:05:59,188] Trial 46 finished with value: 4.715123653411865 and parameters: {'gradient_clip_val': 0.14799460545806595, 'hidden_size': 20, 'dropout': 0.45858492856341143, 'hidden_continuous_size': 10, 'attention_head_size': 3, 'learning_rate': 0.0007588320955256005}. Best is trial 0 with value: 0.05705301836133003.
[I 2023-12-27 11:05:59,604] Trial 47 finished with value: 2.3914525508880615 and parameters: {'gradient_clip_val': 0.15330731631788122, 'hidden_size': 32, 'dropout': 0.4849258218761985, 'hidden_continuous_size': 15, 'attention_head_size': 4, 'learning_rate': 0.0459450123117222}. Best is trial 0 with value: 0.05705301836133003.
[I 2023-12-27 11:06:00,271] Trial 48 finished with value: 3.8308165073394775 and parameters: {'gradient_clip_val': 0.14503783366890144, 'hidden_size': 32, 'dropout': 0.48790669709257417, 'hidden_continuous_size': 16, 'attention_head_size': 4, 'learning_rate': 0.03589750409634169}. Best is trial 0 with value: 0.05705301836133003.
[I 2023-12-27 11:06:00,760] Trial 49 finished with value: 3.6823623180389404 and parameters: {'gradient_clip_val': 0.12278618543751892, 'hidden_size': 71, 'dropout': 0.4985275036688022, 'hidden_continuous_size': 23, 'attention_head_size': 4, 'learning_rate': 0.06430331801480539}. Best is trial 0 with value: 0.05705301836133003.
[I 2023-12-27 11:06:00,876] A new study created in memory with name: no-name-151d5bbe-856d-4760-89fa-821902b3c02f
/home/le004/conda/anaconda3/envs/tsff_env/lib/python3.9/site-packages/lightning/fabric/plugins/environments/slurm.py:191: The `srun` command is available on your system but is not used. HINT: If your intention is to run Lightning on SLURM, prepend your python command with `srun` like so: srun python /home/le004/master_thesis/git/TSFusionForecast/code/ ...
[I 2023-12-27 11:06:34,343] Trial 0 finished with value: 0.043845031410455704 and parameters: {'gradient_clip_val': 0.7638218827781605, 'hidden_size': 26, 'dropout': 0.35693712225261487, 'hidden_continuous_size': 11, 'attention_head_size': 1, 'learning_rate': 0.036450342948029305}. Best is trial 0 with value: 0.043845031410455704.
[I 2023-12-27 11:06:42,446] Trial 1 finished with value: 2.6152617931365967 and parameters: {'gradient_clip_val': 0.11508951563813263, 'hidden_size': 13, 'dropout': 0.2078839124668054, 'hidden_continuous_size': 7, 'attention_head_size': 2, 'learning_rate': 0.004686580099786343}. Best is trial 0 with value: 0.043845031410455704.
[I 2023-12-27 11:06:42,854] Trial 2 finished with value: 3.1419708728790283 and parameters: {'gradient_clip_val': 0.5873087139827232, 'hidden_size': 45, 'dropout': 0.3607229677595635, 'hidden_continuous_size': 12, 'attention_head_size': 4, 'learning_rate': 0.016847272828174976}. Best is trial 0 with value: 0.043845031410455704.
[I 2023-12-27 11:06:43,201] Trial 3 finished with value: 4.825066566467285 and parameters: {'gradient_clip_val': 0.97547937821814, 'hidden_size': 6, 'dropout': 0.24414707532461166, 'hidden_continuous_size': 5, 'attention_head_size': 3, 'learning_rate': 0.000758398302551957}. Best is trial 0 with value: 0.043845031410455704.
[I 2023-12-27 11:06:43,698] Trial 4 finished with value: 3.4048500061035156 and parameters: {'gradient_clip_val': 0.14689026023431836, 'hidden_size': 90, 'dropout': 0.16656937403490005, 'hidden_continuous_size': 60, 'attention_head_size': 1, 'learning_rate': 0.011998518104716053}. Best is trial 0 with value: 0.043845031410455704.
[I 2023-12-27 11:06:44,083] Trial 5 finished with value: 3.4085216522216797 and parameters: {'gradient_clip_val': 0.1392262205992739, 'hidden_size': 36, 'dropout': 0.35309108277781054, 'hidden_continuous_size': 7, 'attention_head_size': 1, 'learning_rate': 0.0015743225837424322}. Best is trial 0 with value: 0.043845031410455704.
[I 2023-12-27 11:06:44,576] Trial 6 finished with value: 4.714598655700684 and parameters: {'gradient_clip_val': 0.13800626074992645, 'hidden_size': 93, 'dropout': 0.17668790279431176, 'hidden_continuous_size': 34, 'attention_head_size': 4, 'learning_rate': 0.04854804446519177}. Best is trial 0 with value: 0.043845031410455704.
[I 2023-12-27 11:06:44,951] Trial 7 finished with value: 3.565500020980835 and parameters: {'gradient_clip_val': 0.7314357565462017, 'hidden_size': 21, 'dropout': 0.39756257612907764, 'hidden_continuous_size': 6, 'attention_head_size': 4, 'learning_rate': 0.007365179685020764}. Best is trial 0 with value: 0.043845031410455704.
[I 2023-12-27 11:06:45,597] Trial 8 finished with value: 4.331347942352295 and parameters: {'gradient_clip_val': 0.20237644600903937, 'hidden_size': 58, 'dropout': 0.4693012308480865, 'hidden_continuous_size': 27, 'attention_head_size': 4, 'learning_rate': 0.038353510527723574}. Best is trial 0 with value: 0.043845031410455704.
[I 2023-12-27 11:06:46,084] Trial 9 finished with value: 4.49039888381958 and parameters: {'gradient_clip_val': 0.5702299044516717, 'hidden_size': 97, 'dropout': 0.3098755104347, 'hidden_continuous_size': 18, 'attention_head_size': 2, 'learning_rate': 0.0007380623167214316}. Best is trial 0 with value: 0.043845031410455704.
[I 2023-12-27 11:06:46,475] Trial 10 finished with value: 3.839188575744629 and parameters: {'gradient_clip_val': 0.3701013465889171, 'hidden_size': 21, 'dropout': 0.11860647984688505, 'hidden_continuous_size': 9, 'attention_head_size': 1, 'learning_rate': 0.08732177320958148}. Best is trial 0 with value: 0.043845031410455704.
[I 2023-12-27 11:06:46,867] Trial 11 finished with value: 3.2474606037139893 and parameters: {'gradient_clip_val': 0.105153933569794, 'hidden_size': 13, 'dropout': 0.25761353728860703, 'hidden_continuous_size': 7, 'attention_head_size': 2, 'learning_rate': 0.003459470216424416}. Best is trial 0 with value: 0.043845031410455704.
[I 2023-12-27 11:06:47,242] Trial 12 finished with value: 3.7503392696380615 and parameters: {'gradient_clip_val': 0.28729093267596845, 'hidden_size': 12, 'dropout': 0.24185007238490713, 'hidden_continuous_size': 5, 'attention_head_size': 2, 'learning_rate': 0.004084740466949768}. Best is trial 0 with value: 0.043845031410455704.
[I 2023-12-27 11:06:47,654] Trial 13 finished with value: 4.695556640625 and parameters: {'gradient_clip_val': 0.3385995582729729, 'hidden_size': 28, 'dropout': 0.4372874138127143, 'hidden_continuous_size': 10, 'attention_head_size': 3, 'learning_rate': 0.01498430448993773}. Best is trial 0 with value: 0.043845031410455704.
[I 2023-12-27 11:06:48,048] Trial 14 finished with value: 2.9221198558807373 and parameters: {'gradient_clip_val': 0.21749175860871706, 'hidden_size': 13, 'dropout': 0.3032566012786643, 'hidden_continuous_size': 6, 'attention_head_size': 1, 'learning_rate': 0.028870231491143948}. Best is trial 0 with value: 0.043845031410455704.
[I 2023-12-27 11:06:48,395] Trial 15 finished with value: 3.4991724491119385 and parameters: {'gradient_clip_val': 0.43590456700193514, 'hidden_size': 5, 'dropout': 0.41316971242909273, 'hidden_continuous_size': 5, 'attention_head_size': 2, 'learning_rate': 0.006757669093237308}. Best is trial 0 with value: 0.043845031410455704.
[I 2023-12-27 11:06:48,814] Trial 16 finished with value: 3.9762322902679443 and parameters: {'gradient_clip_val': 0.2511131198224971, 'hidden_size': 9, 'dropout': 0.470424024200198, 'hidden_continuous_size': 6, 'attention_head_size': 3, 'learning_rate': 0.0785214335449932}. Best is trial 0 with value: 0.043845031410455704.
[I 2023-12-27 11:06:49,200] Trial 17 finished with value: 3.6665656566619873 and parameters: {'gradient_clip_val': 0.10136507230070313, 'hidden_size': 20, 'dropout': 0.36055093701584023, 'hidden_continuous_size': 9, 'attention_head_size': 1, 'learning_rate': 0.025580285990279596}. Best is trial 0 with value: 0.043845031410455704.
[I 2023-12-27 11:06:49,603] Trial 18 finished with value: 4.2496657371521 and parameters: {'gradient_clip_val': 0.4332992520030344, 'hidden_size': 33, 'dropout': 0.2044309829758864, 'hidden_continuous_size': 13, 'attention_head_size': 2, 'learning_rate': 0.0026188107937142975}. Best is trial 0 with value: 0.043845031410455704.
[I 2023-12-27 11:06:50,047] Trial 19 finished with value: 3.57104229927063 and parameters: {'gradient_clip_val': 0.9372014188015488, 'hidden_size': 57, 'dropout': 0.2826873827356172, 'hidden_continuous_size': 14, 'attention_head_size': 1, 'learning_rate': 0.007885131289611269}. Best is trial 0 with value: 0.043845031410455704.
[I 2023-12-27 11:06:50,418] Trial 20 finished with value: 3.9836151599884033 and parameters: {'gradient_clip_val': 0.18711601560191596, 'hidden_size': 8, 'dropout': 0.10083350969406082, 'hidden_continuous_size': 5, 'attention_head_size': 2, 'learning_rate': 0.019910168797689008}. Best is trial 0 with value: 0.043845031410455704.
[I 2023-12-27 11:06:51,073] Trial 21 finished with value: 3.3271989822387695 and parameters: {'gradient_clip_val': 0.24433492384663236, 'hidden_size': 15, 'dropout': 0.3195184394895143, 'hidden_continuous_size': 7, 'attention_head_size': 1, 'learning_rate': 0.034697501480025573}. Best is trial 0 with value: 0.043845031410455704.
[I 2023-12-27 11:06:51,483] Trial 22 finished with value: 4.619388103485107 and parameters: {'gradient_clip_val': 0.20430763919735068, 'hidden_size': 14, 'dropout': 0.2781720770905167, 'hidden_continuous_size': 6, 'attention_head_size': 1, 'learning_rate': 0.05541463614501284}. Best is trial 0 with value: 0.043845031410455704.
[I 2023-12-27 11:06:51,871] Trial 23 finished with value: 4.785976886749268 and parameters: {'gradient_clip_val': 0.3095330708036085, 'hidden_size': 18, 'dropout': 0.31591718543914926, 'hidden_continuous_size': 8, 'attention_head_size': 1, 'learning_rate': 0.025791163982712032}. Best is trial 0 with value: 0.043845031410455704.
[I 2023-12-27 11:06:52,258] Trial 24 finished with value: 3.554368257522583 and parameters: {'gradient_clip_val': 0.24526716196369602, 'hidden_size': 10, 'dropout': 0.20833491531524873, 'hidden_continuous_size': 6, 'attention_head_size': 2, 'learning_rate': 0.00996913326124889}. Best is trial 0 with value: 0.043845031410455704.
[I 2023-12-27 11:06:52,649] Trial 25 finished with value: 4.147493839263916 and parameters: {'gradient_clip_val': 0.1765683447520425, 'hidden_size': 25, 'dropout': 0.33489890427366575, 'hidden_continuous_size': 8, 'attention_head_size': 1, 'learning_rate': 0.02577435812160653}. Best is trial 0 with value: 0.043845031410455704.
[I 2023-12-27 11:06:53,033] Trial 26 finished with value: 5.107408046722412 and parameters: {'gradient_clip_val': 0.1235467283947015, 'hidden_size': 16, 'dropout': 0.38343587485226704, 'hidden_continuous_size': 7, 'attention_head_size': 3, 'learning_rate': 0.056406594890199495}. Best is trial 0 with value: 0.043845031410455704.
[I 2023-12-27 11:06:53,423] Trial 27 finished with value: 2.4083518981933594 and parameters: {'gradient_clip_val': 0.15484335854247755, 'hidden_size': 7, 'dropout': 0.2958024362293228, 'hidden_continuous_size': 5, 'attention_head_size': 2, 'learning_rate': 0.011964728988844313}. Best is trial 0 with value: 0.043845031410455704.
[I 2023-12-27 11:06:53,810] Trial 28 finished with value: 4.569694995880127 and parameters: {'gradient_clip_val': 0.1635743034835567, 'hidden_size': 7, 'dropout': 0.27988800017633286, 'hidden_continuous_size': 5, 'attention_head_size': 2, 'learning_rate': 0.014700426785324015}. Best is trial 0 with value: 0.043845031410455704.
[I 2023-12-27 11:06:54,186] Trial 29 finished with value: 3.656191110610962 and parameters: {'gradient_clip_val': 0.16058197663854812, 'hidden_size': 11, 'dropout': 0.32341015462044786, 'hidden_continuous_size': 6, 'attention_head_size': 3, 'learning_rate': 0.017632926900514607}. Best is trial 0 with value: 0.043845031410455704.
[I 2023-12-27 11:06:54,579] Trial 30 finished with value: 3.67533802986145 and parameters: {'gradient_clip_val': 0.11593448604398375, 'hidden_size': 8, 'dropout': 0.35386356259013946, 'hidden_continuous_size': 5, 'attention_head_size': 2, 'learning_rate': 0.011576815518389256}. Best is trial 0 with value: 0.043845031410455704.
[I 2023-12-27 11:06:54,962] Trial 31 finished with value: 3.90100359916687 and parameters: {'gradient_clip_val': 0.12727092642552887, 'hidden_size': 11, 'dropout': 0.29493155591213827, 'hidden_continuous_size': 6, 'attention_head_size': 1, 'learning_rate': 0.019814953248590474}. Best is trial 0 with value: 0.043845031410455704.
[I 2023-12-27 11:06:55,346] Trial 32 finished with value: 3.0037529468536377 and parameters: {'gradient_clip_val': 0.1512138399750564, 'hidden_size': 6, 'dropout': 0.25354443373021907, 'hidden_continuous_size': 5, 'attention_head_size': 2, 'learning_rate': 0.031308933658837974}. Best is trial 0 with value: 0.043845031410455704.
[I 2023-12-27 11:06:55,688] Trial 33 finished with value: 3.4451076984405518 and parameters: {'gradient_clip_val': 0.11792417445556327, 'hidden_size': 5, 'dropout': 0.33121908185777454, 'hidden_continuous_size': 5, 'attention_head_size': 1, 'learning_rate': 0.04360116352821224}. Best is trial 0 with value: 0.043845031410455704.
[I 2023-12-27 11:06:56,061] Trial 34 finished with value: 4.1553425788879395 and parameters: {'gradient_clip_val': 0.2089712632428557, 'hidden_size': 16, 'dropout': 0.37866566628955733, 'hidden_continuous_size': 7, 'attention_head_size': 1, 'learning_rate': 0.005615956534954973}. Best is trial 0 with value: 0.043845031410455704.
[I 2023-12-27 11:06:56,735] Trial 35 finished with value: 3.549051523208618 and parameters: {'gradient_clip_val': 0.14298443114163303, 'hidden_size': 10, 'dropout': 0.34199956637300133, 'hidden_continuous_size': 6, 'attention_head_size': 3, 'learning_rate': 0.010335760498781946}. Best is trial 0 with value: 0.043845031410455704.
[I 2023-12-27 11:06:57,114] Trial 36 finished with value: 3.6643621921539307 and parameters: {'gradient_clip_val': 0.1708167426218611, 'hidden_size': 7, 'dropout': 0.22907130955965263, 'hidden_continuous_size': 5, 'attention_head_size': 2, 'learning_rate': 0.013203146728452478}. Best is trial 0 with value: 0.043845031410455704.
[I 2023-12-27 11:06:57,494] Trial 37 finished with value: 4.5501484870910645 and parameters: {'gradient_clip_val': 0.13909982874879326, 'hidden_size': 12, 'dropout': 0.29987160583307937, 'hidden_continuous_size': 7, 'attention_head_size': 1, 'learning_rate': 0.001873011628617361}. Best is trial 0 with value: 0.043845031410455704.
[I 2023-12-27 11:06:57,901] Trial 38 finished with value: 3.379206895828247 and parameters: {'gradient_clip_val': 0.18494543761743, 'hidden_size': 25, 'dropout': 0.2727760709487914, 'hidden_continuous_size': 11, 'attention_head_size': 2, 'learning_rate': 0.0010282764072468938}. Best is trial 0 with value: 0.043845031410455704.
[I 2023-12-27 11:06:58,482] Trial 39 finished with value: 5.047129154205322 and parameters: {'gradient_clip_val': 0.6225643817979818, 'hidden_size': 125, 'dropout': 0.3721852970198358, 'hidden_continuous_size': 11, 'attention_head_size': 1, 'learning_rate': 0.005035963744418919}. Best is trial 0 with value: 0.043845031410455704.
[I 2023-12-27 11:06:58,881] Trial 40 finished with value: 4.0759077072143555 and parameters: {'gradient_clip_val': 0.13051391236978352, 'hidden_size': 14, 'dropout': 0.30187350755988557, 'hidden_continuous_size': 9, 'attention_head_size': 4, 'learning_rate': 0.06233502348737443}. Best is trial 0 with value: 0.043845031410455704.
[I 2023-12-27 11:06:59,267] Trial 41 finished with value: 5.24136209487915 and parameters: {'gradient_clip_val': 0.1547339173046544, 'hidden_size': 6, 'dropout': 0.25979157478627724, 'hidden_continuous_size': 5, 'attention_head_size': 2, 'learning_rate': 0.0291538761672824}. Best is trial 0 with value: 0.043845031410455704.
[I 2023-12-27 11:06:59,655] Trial 42 finished with value: 3.1787233352661133 and parameters: {'gradient_clip_val': 0.1385167290257666, 'hidden_size': 6, 'dropout': 0.254740324575811, 'hidden_continuous_size': 5, 'attention_head_size': 2, 'learning_rate': 0.038802855063156824}. Best is trial 0 with value: 0.043845031410455704.
[I 2023-12-27 11:07:00,039] Trial 43 finished with value: 3.937704086303711 and parameters: {'gradient_clip_val': 0.15172416242731188, 'hidden_size': 9, 'dropout': 0.23977162046480882, 'hidden_continuous_size': 6, 'attention_head_size': 2, 'learning_rate': 0.034144250220276215}. Best is trial 0 with value: 0.043845031410455704.
[I 2023-12-27 11:07:00,389] Trial 44 finished with value: 3.631915807723999 and parameters: {'gradient_clip_val': 0.15372745751111808, 'hidden_size': 5, 'dropout': 0.34749181483729363, 'hidden_continuous_size': 5, 'attention_head_size': 3, 'learning_rate': 0.017925905988191874}. Best is trial 0 with value: 0.043845031410455704.
[I 2023-12-27 11:07:00,772] Trial 45 finished with value: 4.456955432891846 and parameters: {'gradient_clip_val': 0.11485179800051792, 'hidden_size': 18, 'dropout': 0.16578793758734509, 'hidden_continuous_size': 8, 'attention_head_size': 2, 'learning_rate': 0.044016846442885914}. Best is trial 0 with value: 0.043845031410455704.
[I 2023-12-27 11:07:01,150] Trial 46 finished with value: 4.452754497528076 and parameters: {'gradient_clip_val': 0.10033991474405994, 'hidden_size': 7, 'dropout': 0.3031747310041346, 'hidden_continuous_size': 5, 'attention_head_size': 2, 'learning_rate': 0.09758233405859763}. Best is trial 0 with value: 0.043845031410455704.
[I 2023-12-27 11:07:01,559] Trial 47 finished with value: 3.6171505451202393 and parameters: {'gradient_clip_val': 0.21845872866034108, 'hidden_size': 13, 'dropout': 0.2892075384144901, 'hidden_continuous_size': 7, 'attention_head_size': 1, 'learning_rate': 0.02229928126620979}. Best is trial 0 with value: 0.043845031410455704.
[I 2023-12-27 11:07:02,285] Trial 48 finished with value: 3.1967408657073975 and parameters: {'gradient_clip_val': 0.17239651063043324, 'hidden_size': 45, 'dropout': 0.2709427052202727, 'hidden_continuous_size': 15, 'attention_head_size': 2, 'learning_rate': 0.01571835221813531}. Best is trial 0 with value: 0.043845031410455704.
[I 2023-12-27 11:07:02,677] Trial 49 finished with value: 3.7503821849823 and parameters: {'gradient_clip_val': 0.1099020576045015, 'hidden_size': 6, 'dropout': 0.22491134443349253, 'hidden_continuous_size': 5, 'attention_head_size': 3, 'learning_rate': 0.03304200989973005}. Best is trial 0 with value: 0.043845031410455704.
[I 2023-12-27 11:07:02,795] A new study created in memory with name: no-name-4c9e7f60-ce2f-4f2f-868d-dd65e0d1dd2a
/home/le004/conda/anaconda3/envs/tsff_env/lib/python3.9/site-packages/lightning/fabric/plugins/environments/slurm.py:191: The `srun` command is available on your system but is not used. HINT: If your intention is to run Lightning on SLURM, prepend your python command with `srun` like so: srun python /home/le004/master_thesis/git/TSFusionForecast/code/ ...
[I 2023-12-27 11:07:56,715] Trial 0 finished with value: 0.22234326601028442 and parameters: {'gradient_clip_val': 0.9547173922168393, 'hidden_size': 111, 'dropout': 0.3909994927113464, 'hidden_continuous_size': 53, 'attention_head_size': 3, 'learning_rate': 0.000506616493230825}. Best is trial 0 with value: 0.22234326601028442.
[I 2023-12-27 11:08:06,823] Trial 1 finished with value: 0.3046554625034332 and parameters: {'gradient_clip_val': 0.10601316885444224, 'hidden_size': 9, 'dropout': 0.29433079323169586, 'hidden_continuous_size': 8, 'attention_head_size': 1, 'learning_rate': 0.09677550169887113}. Best is trial 0 with value: 0.22234326601028442.
[I 2023-12-27 11:08:07,161] Trial 2 finished with value: 3.7845585346221924 and parameters: {'gradient_clip_val': 0.5951274402730613, 'hidden_size': 6, 'dropout': 0.34503878771475804, 'hidden_continuous_size': 5, 'attention_head_size': 1, 'learning_rate': 0.016180806264689648}. Best is trial 0 with value: 0.22234326601028442.
[I 2023-12-27 11:08:07,547] Trial 3 finished with value: 3.6555335521698 and parameters: {'gradient_clip_val': 0.3617555438890033, 'hidden_size': 44, 'dropout': 0.340368085438304, 'hidden_continuous_size': 15, 'attention_head_size': 1, 'learning_rate': 0.0007853276413838447}. Best is trial 0 with value: 0.22234326601028442.
[I 2023-12-27 11:08:07,901] Trial 4 finished with value: 3.91744065284729 and parameters: {'gradient_clip_val': 0.9559421797952322, 'hidden_size': 10, 'dropout': 0.17289048388034062, 'hidden_continuous_size': 5, 'attention_head_size': 1, 'learning_rate': 0.0183166308077391}. Best is trial 0 with value: 0.22234326601028442.
[I 2023-12-27 11:08:08,226] Trial 5 finished with value: 4.019382476806641 and parameters: {'gradient_clip_val': 0.5876592362744715, 'hidden_size': 6, 'dropout': 0.13615001532115723, 'hidden_continuous_size': 6, 'attention_head_size': 2, 'learning_rate': 0.022763519841346655}. Best is trial 0 with value: 0.22234326601028442.
[I 2023-12-27 11:08:08,553] Trial 6 finished with value: 3.7921383380889893 and parameters: {'gradient_clip_val': 0.14319405084761236, 'hidden_size': 5, 'dropout': 0.4828541204416501, 'hidden_continuous_size': 5, 'attention_head_size': 2, 'learning_rate': 0.07559021193208287}. Best is trial 0 with value: 0.22234326601028442.
[I 2023-12-27 11:08:08,916] Trial 7 finished with value: 4.246104717254639 and parameters: {'gradient_clip_val': 0.7123012966747373, 'hidden_size': 19, 'dropout': 0.1836280662437928, 'hidden_continuous_size': 7, 'attention_head_size': 4, 'learning_rate': 0.005523236101830917}. Best is trial 0 with value: 0.22234326601028442.
