[I 2023-12-27 10:55:01,864] Trial 28 finished with value: 3.6490535736083984 and parameters: {'gradient_clip_val': 0.17453599860316268, 'hidden_size': 39, 'dropout': 0.14419560392683564, 'hidden_continuous_size': 8, 'attention_head_size': 2, 'learning_rate': 0.06612886821604738}. Best is trial 0 with value: 0.07647934556007385.
[I 2023-12-27 10:55:02,247] Trial 29 finished with value: 3.913315534591675 and parameters: {'gradient_clip_val': 0.15524711421962248, 'hidden_size': 25, 'dropout': 0.24788674910041977, 'hidden_continuous_size': 10, 'attention_head_size': 4, 'learning_rate': 0.013664564394684494}. Best is trial 0 with value: 0.07647934556007385.
[I 2023-12-27 10:55:02,636] Trial 30 finished with value: 3.1279685497283936 and parameters: {'gradient_clip_val': 0.9753606313029628, 'hidden_size': 30, 'dropout': 0.3245671283161512, 'hidden_continuous_size': 13, 'attention_head_size': 1, 'learning_rate': 0.008218679994362517}. Best is trial 0 with value: 0.07647934556007385.
[I 2023-12-27 10:55:03,048] Trial 31 finished with value: 4.220956325531006 and parameters: {'gradient_clip_val': 0.11506504725391424, 'hidden_size': 64, 'dropout': 0.1672936793944188, 'hidden_continuous_size': 9, 'attention_head_size': 3, 'learning_rate': 0.09040363680697915}. Best is trial 0 with value: 0.07647934556007385.
[I 2023-12-27 10:55:03,733] Trial 32 finished with value: 3.329035520553589 and parameters: {'gradient_clip_val': 0.10061547585555897, 'hidden_size': 62, 'dropout': 0.16450952728063845, 'hidden_continuous_size': 8, 'attention_head_size': 3, 'learning_rate': 0.09665904288930648}. Best is trial 0 with value: 0.07647934556007385.
[I 2023-12-27 10:55:04,141] Trial 33 finished with value: 4.712962627410889 and parameters: {'gradient_clip_val': 0.12822588960552736, 'hidden_size': 30, 'dropout': 0.12539745970374688, 'hidden_continuous_size': 13, 'attention_head_size': 4, 'learning_rate': 0.038920915542198}. Best is trial 0 with value: 0.07647934556007385.
[I 2023-12-27 10:55:04,545] Trial 34 finished with value: 3.680528402328491 and parameters: {'gradient_clip_val': 0.11322318669149349, 'hidden_size': 42, 'dropout': 0.1553107572495264, 'hidden_continuous_size': 15, 'attention_head_size': 3, 'learning_rate': 0.02650811844425979}. Best is trial 0 with value: 0.07647934556007385.
[I 2023-12-27 10:55:05,049] Trial 35 finished with value: 4.541984558105469 and parameters: {'gradient_clip_val': 0.15838111727250329, 'hidden_size': 120, 'dropout': 0.1206762427622073, 'hidden_continuous_size': 18, 'attention_head_size': 3, 'learning_rate': 0.05520096622020865}. Best is trial 0 with value: 0.07647934556007385.
[I 2023-12-27 10:55:05,508] Trial 36 finished with value: 3.6355931758880615 and parameters: {'gradient_clip_val': 0.20660342870749468, 'hidden_size': 82, 'dropout': 0.20362048731731852, 'hidden_continuous_size': 16, 'attention_head_size': 4, 'learning_rate': 0.017526295780716204}. Best is trial 0 with value: 0.07647934556007385.
[I 2023-12-27 10:55:06,024] Trial 37 finished with value: 3.810563325881958 and parameters: {'gradient_clip_val': 0.13339707133279038, 'hidden_size': 108, 'dropout': 0.17610598183334425, 'hidden_continuous_size': 11, 'attention_head_size': 3, 'learning_rate': 0.039555934174646895}. Best is trial 0 with value: 0.07647934556007385.
[I 2023-12-27 10:55:06,463] Trial 38 finished with value: 3.9160573482513428 and parameters: {'gradient_clip_val': 0.18299001633859266, 'hidden_size': 74, 'dropout': 0.13169389133395917, 'hidden_continuous_size': 21, 'attention_head_size': 2, 'learning_rate': 0.007099121373271336}. Best is trial 0 with value: 0.07647934556007385.
[I 2023-12-27 10:55:06,869] Trial 39 finished with value: 4.869902610778809 and parameters: {'gradient_clip_val': 0.21205448290606457, 'hidden_size': 54, 'dropout': 0.24775575714438525, 'hidden_continuous_size': 7, 'attention_head_size': 3, 'learning_rate': 0.07263641304984601}. Best is trial 0 with value: 0.07647934556007385.
[I 2023-12-27 10:55:07,259] Trial 40 finished with value: 4.972061634063721 and parameters: {'gradient_clip_val': 0.16183898556886697, 'hidden_size': 38, 'dropout': 0.15538065116973435, 'hidden_continuous_size': 12, 'attention_head_size': 1, 'learning_rate': 0.020875081723810644}. Best is trial 0 with value: 0.07647934556007385.
[I 2023-12-27 10:55:07,649] Trial 41 finished with value: 3.2590858936309814 and parameters: {'gradient_clip_val': 0.9789697579238779, 'hidden_size': 29, 'dropout': 0.3239326005741504, 'hidden_continuous_size': 14, 'attention_head_size': 1, 'learning_rate': 0.009473645811224727}. Best is trial 0 with value: 0.07647934556007385.
[I 2023-12-27 10:55:08,040] Trial 42 finished with value: 4.873941898345947 and parameters: {'gradient_clip_val': 0.7454850997237012, 'hidden_size': 30, 'dropout': 0.3392886409845599, 'hidden_continuous_size': 13, 'attention_head_size': 1, 'learning_rate': 0.004521965647745669}. Best is trial 0 with value: 0.07647934556007385.
[I 2023-12-27 10:55:08,405] Trial 43 finished with value: 4.326389789581299 and parameters: {'gradient_clip_val': 0.1108560401504057, 'hidden_size': 20, 'dropout': 0.2692739471270939, 'hidden_continuous_size': 12, 'attention_head_size': 1, 'learning_rate': 0.008650531787257755}. Best is trial 0 with value: 0.07647934556007385.
[I 2023-12-27 10:55:08,788] Trial 44 finished with value: 3.85563063621521 and parameters: {'gradient_clip_val': 0.25716342704931583, 'hidden_size': 26, 'dropout': 0.22942936912452477, 'hidden_continuous_size': 10, 'attention_head_size': 2, 'learning_rate': 0.014293196561369282}. Best is trial 0 with value: 0.07647934556007385.
[I 2023-12-27 10:55:09,168] Trial 45 finished with value: 4.743948459625244 and parameters: {'gradient_clip_val': 0.18661362187572356, 'hidden_size': 34, 'dropout': 0.18416081306457863, 'hidden_continuous_size': 14, 'attention_head_size': 1, 'learning_rate': 0.0330698109921838}. Best is trial 0 with value: 0.07647934556007385.
[I 2023-12-27 10:55:09,795] Trial 46 finished with value: 5.427839756011963 and parameters: {'gradient_clip_val': 0.23735744911740472, 'hidden_size': 15, 'dropout': 0.20842888707812307, 'hidden_continuous_size': 9, 'attention_head_size': 1, 'learning_rate': 0.04723175092094796}. Best is trial 0 with value: 0.07647934556007385.
[I 2023-12-27 10:55:10,208] Trial 47 finished with value: 4.780590534210205 and parameters: {'gradient_clip_val': 0.32986590503846686, 'hidden_size': 45, 'dropout': 0.11507588980700509, 'hidden_continuous_size': 12, 'attention_head_size': 2, 'learning_rate': 0.0753308844279142}. Best is trial 0 with value: 0.07647934556007385.
[I 2023-12-27 10:55:10,630] Trial 48 finished with value: 4.726516246795654 and parameters: {'gradient_clip_val': 0.6700687581800282, 'hidden_size': 53, 'dropout': 0.10139380259562286, 'hidden_continuous_size': 15, 'attention_head_size': 3, 'learning_rate': 0.09831816087938036}. Best is trial 0 with value: 0.07647934556007385.
[I 2023-12-27 10:55:11,026] Trial 49 finished with value: 4.9915971755981445 and parameters: {'gradient_clip_val': 0.20049329951547815, 'hidden_size': 43, 'dropout': 0.23430167052696974, 'hidden_continuous_size': 6, 'attention_head_size': 1, 'learning_rate': 0.053305445910728506}. Best is trial 0 with value: 0.07647934556007385.
[I 2023-12-27 10:55:11,138] A new study created in memory with name: no-name-e6e877eb-6ec5-436e-8fb0-f8354e0e0b06
/home/le004/conda/anaconda3/envs/tsff_env/lib/python3.9/site-packages/lightning/fabric/plugins/environments/slurm.py:191: The `srun` command is available on your system but is not used. HINT: If your intention is to run Lightning on SLURM, prepend your python command with `srun` like so: srun python /home/le004/master_thesis/git/TSFusionForecast/code/ ...
[I 2023-12-27 10:55:45,026] Trial 0 finished with value: 0.6806092858314514 and parameters: {'gradient_clip_val': 0.21896212326184578, 'hidden_size': 35, 'dropout': 0.2978574371218218, 'hidden_continuous_size': 6, 'attention_head_size': 2, 'learning_rate': 0.0011072556049229081}. Best is trial 0 with value: 0.6806092858314514.
[I 2023-12-27 10:55:54,262] Trial 1 finished with value: 3.3965911865234375 and parameters: {'gradient_clip_val': 0.2690531079424291, 'hidden_size': 7, 'dropout': 0.19312224739690814, 'hidden_continuous_size': 7, 'attention_head_size': 2, 'learning_rate': 0.0013221782505957694}. Best is trial 0 with value: 0.6806092858314514.
[I 2023-12-27 10:55:54,776] Trial 2 finished with value: 3.509201765060425 and parameters: {'gradient_clip_val': 0.1055269708577821, 'hidden_size': 129, 'dropout': 0.40454242487086145, 'hidden_continuous_size': 6, 'attention_head_size': 3, 'learning_rate': 0.026000077705879882}. Best is trial 0 with value: 0.6806092858314514.
[I 2023-12-27 10:55:55,270] Trial 3 finished with value: 3.5617969036102295 and parameters: {'gradient_clip_val': 0.13872189985332253, 'hidden_size': 107, 'dropout': 0.14719122102571358, 'hidden_continuous_size': 23, 'attention_head_size': 3, 'learning_rate': 0.0015217310118507202}. Best is trial 0 with value: 0.6806092858314514.
[I 2023-12-27 10:55:55,594] Trial 4 finished with value: 3.795977830886841 and parameters: {'gradient_clip_val': 0.10352959547272184, 'hidden_size': 16, 'dropout': 0.11087101631049322, 'hidden_continuous_size': 13, 'attention_head_size': 1, 'learning_rate': 0.0036773839702001444}. Best is trial 0 with value: 0.6806092858314514.
[I 2023-12-27 10:55:56,123] Trial 5 finished with value: 3.587785482406616 and parameters: {'gradient_clip_val': 0.12371448042618689, 'hidden_size': 9, 'dropout': 0.21542864906326345, 'hidden_continuous_size': 9, 'attention_head_size': 4, 'learning_rate': 0.0006216494606722594}. Best is trial 0 with value: 0.6806092858314514.
[I 2023-12-27 10:55:56,466] Trial 6 finished with value: 2.5363874435424805 and parameters: {'gradient_clip_val': 0.19006785844673707, 'hidden_size': 12, 'dropout': 0.10088751554310248, 'hidden_continuous_size': 7, 'attention_head_size': 3, 'learning_rate': 0.040528398230616686}. Best is trial 0 with value: 0.6806092858314514.
[I 2023-12-27 10:55:56,973] Trial 7 finished with value: 3.629542112350464 and parameters: {'gradient_clip_val': 0.14518983859986895, 'hidden_size': 131, 'dropout': 0.11743207636455698, 'hidden_continuous_size': 5, 'attention_head_size': 3, 'learning_rate': 0.003630648667498244}. Best is trial 0 with value: 0.6806092858314514.
[I 2023-12-27 10:55:57,316] Trial 8 finished with value: 3.403378486633301 and parameters: {'gradient_clip_val': 0.9770260744925898, 'hidden_size': 21, 'dropout': 0.43480648846191694, 'hidden_continuous_size': 18, 'attention_head_size': 1, 'learning_rate': 0.0024249303860660056}. Best is trial 0 with value: 0.6806092858314514.
[I 2023-12-27 10:55:57,624] Trial 9 finished with value: 3.5893337726593018 and parameters: {'gradient_clip_val': 0.6061328129524479, 'hidden_size': 5, 'dropout': 0.22481676285413266, 'hidden_continuous_size': 5, 'attention_head_size': 3, 'learning_rate': 0.0027619628373316473}. Best is trial 0 with value: 0.6806092858314514.
[I 2023-12-27 10:55:58,020] Trial 10 finished with value: 2.568101167678833 and parameters: {'gradient_clip_val': 0.34436276602529503, 'hidden_size': 37, 'dropout': 0.2970365077163932, 'hidden_continuous_size': 36, 'attention_head_size': 2, 'learning_rate': 0.009945244463861833}. Best is trial 0 with value: 0.6806092858314514.
[I 2023-12-27 10:55:58,418] Trial 11 finished with value: 2.4434938430786133 and parameters: {'gradient_clip_val': 0.2196010653057889, 'hidden_size': 38, 'dropout': 0.31357404842815806, 'hidden_continuous_size': 9, 'attention_head_size': 4, 'learning_rate': 0.06819766520250055}. Best is trial 0 with value: 0.6806092858314514.
[I 2023-12-27 10:55:58,815] Trial 12 finished with value: 3.080249071121216 and parameters: {'gradient_clip_val': 0.25912004720117554, 'hidden_size': 38, 'dropout': 0.3340657703757276, 'hidden_continuous_size': 10, 'attention_head_size': 4, 'learning_rate': 0.09885205317455527}. Best is trial 0 with value: 0.6806092858314514.
[I 2023-12-27 10:55:59,214] Trial 13 finished with value: 2.6333253383636475 and parameters: {'gradient_clip_val': 0.20260394902206869, 'hidden_size': 43, 'dropout': 0.3064607412048172, 'hidden_continuous_size': 10, 'attention_head_size': 2, 'learning_rate': 0.009277615887807917}. Best is trial 0 with value: 0.6806092858314514.
[I 2023-12-27 10:55:59,602] Trial 14 finished with value: 3.184213638305664 and parameters: {'gradient_clip_val': 0.3493304760940049, 'hidden_size': 27, 'dropout': 0.37010083214569034, 'hidden_continuous_size': 8, 'attention_head_size': 4, 'learning_rate': 0.0006313702741487571}. Best is trial 0 with value: 0.6806092858314514.
[I 2023-12-27 10:56:00,017] Trial 15 finished with value: 4.156284809112549 and parameters: {'gradient_clip_val': 0.17990469091323574, 'hidden_size': 64, 'dropout': 0.47616421769277134, 'hidden_continuous_size': 13, 'attention_head_size': 2, 'learning_rate': 0.018617443003872657}. Best is trial 0 with value: 0.6806092858314514.
[I 2023-12-27 10:56:00,446] Trial 16 finished with value: 3.0180838108062744 and parameters: {'gradient_clip_val': 0.39981471368519944, 'hidden_size': 73, 'dropout': 0.26721778875576546, 'hidden_continuous_size': 5, 'attention_head_size': 1, 'learning_rate': 0.005210590878579882}. Best is trial 0 with value: 0.6806092858314514.
[I 2023-12-27 10:56:00,816] Trial 17 finished with value: 2.338568687438965 and parameters: {'gradient_clip_val': 0.23595038150967643, 'hidden_size': 22, 'dropout': 0.3422976282997615, 'hidden_continuous_size': 6, 'attention_head_size': 4, 'learning_rate': 0.0739483447998719}. Best is trial 0 with value: 0.6806092858314514.
[I 2023-12-27 10:56:01,184] Trial 18 finished with value: 2.539041519165039 and parameters: {'gradient_clip_val': 0.28036124903175796, 'hidden_size': 20, 'dropout': 0.35679417513401646, 'hidden_continuous_size': 6, 'attention_head_size': 2, 'learning_rate': 0.01587071738911272}. Best is trial 0 with value: 0.6806092858314514.
[I 2023-12-27 10:56:01,772] Trial 19 finished with value: 2.715513229370117 and parameters: {'gradient_clip_val': 0.1667418900742042, 'hidden_size': 14, 'dropout': 0.26858868268451475, 'hidden_continuous_size': 6, 'attention_head_size': 1, 'learning_rate': 0.0070900125229605305}. Best is trial 0 with value: 0.6806092858314514.
[I 2023-12-27 10:56:02,161] Trial 20 finished with value: 2.3450541496276855 and parameters: {'gradient_clip_val': 0.2452670938818485, 'hidden_size': 26, 'dropout': 0.38416426410511995, 'hidden_continuous_size': 7, 'attention_head_size': 4, 'learning_rate': 0.04114503747726288}. Best is trial 0 with value: 0.6806092858314514.
[I 2023-12-27 10:56:02,538] Trial 21 finished with value: 2.7589645385742188 and parameters: {'gradient_clip_val': 0.2293837079531286, 'hidden_size': 24, 'dropout': 0.3825894882436033, 'hidden_continuous_size': 7, 'attention_head_size': 4, 'learning_rate': 0.03982899682627327}. Best is trial 0 with value: 0.6806092858314514.
[I 2023-12-27 10:56:02,912] Trial 22 finished with value: 3.488698959350586 and parameters: {'gradient_clip_val': 0.22929315805994144, 'hidden_size': 17, 'dropout': 0.35536028846750845, 'hidden_continuous_size': 6, 'attention_head_size': 4, 'learning_rate': 0.07008074845216399}. Best is trial 0 with value: 0.6806092858314514.
[I 2023-12-27 10:56:03,293] Trial 23 finished with value: 3.8809585571289062 and parameters: {'gradient_clip_val': 0.1750680705055133, 'hidden_size': 28, 'dropout': 0.4086687847063081, 'hidden_continuous_size': 5, 'attention_head_size': 3, 'learning_rate': 0.03732580384639145}. Best is trial 0 with value: 0.6806092858314514.
[I 2023-12-27 10:56:03,677] Trial 24 finished with value: 3.3069164752960205 and parameters: {'gradient_clip_val': 0.2691043743377214, 'hidden_size': 27, 'dropout': 0.33225553668800223, 'hidden_continuous_size': 8, 'attention_head_size': 4, 'learning_rate': 0.09978989636030142}. Best is trial 0 with value: 0.6806092858314514.
[I 2023-12-27 10:56:04,042] Trial 25 finished with value: 2.8732211589813232 and parameters: {'gradient_clip_val': 0.32339637066808796, 'hidden_size': 11, 'dropout': 0.45269421687280414, 'hidden_continuous_size': 6, 'attention_head_size': 3, 'learning_rate': 0.013877899868455825}. Best is trial 0 with value: 0.6806092858314514.
[I 2023-12-27 10:56:04,411] Trial 26 finished with value: 3.059757947921753 and parameters: {'gradient_clip_val': 0.4033212185786387, 'hidden_size': 19, 'dropout': 0.40983311184924054, 'hidden_continuous_size': 7, 'attention_head_size': 2, 'learning_rate': 0.02446849324689735}. Best is trial 0 with value: 0.6806092858314514.
[I 2023-12-27 10:56:04,803] Trial 27 finished with value: 2.3633344173431396 and parameters: {'gradient_clip_val': 0.1515552895122852, 'hidden_size': 31, 'dropout': 0.4882851095801938, 'hidden_continuous_size': 5, 'attention_head_size': 4, 'learning_rate': 0.011902386591510676}. Best is trial 0 with value: 0.6806092858314514.
[I 2023-12-27 10:56:05,214] Trial 28 finished with value: 3.2006947994232178 and parameters: {'gradient_clip_val': 0.19851740759183692, 'hidden_size': 54, 'dropout': 0.38148222177718694, 'hidden_continuous_size': 11, 'attention_head_size': 3, 'learning_rate': 0.055233040404196763}. Best is trial 0 with value: 0.6806092858314514.
[I 2023-12-27 10:56:05,581] Trial 29 finished with value: 2.923999071121216 and parameters: {'gradient_clip_val': 0.24025875179310527, 'hidden_size': 22, 'dropout': 0.34082273075255465, 'hidden_continuous_size': 8, 'attention_head_size': 2, 'learning_rate': 0.0010630967196303422}. Best is trial 0 with value: 0.6806092858314514.
[I 2023-12-27 10:56:05,982] Trial 30 finished with value: 2.9854202270507812 and parameters: {'gradient_clip_val': 0.2856521078377696, 'hidden_size': 31, 'dropout': 0.2745674730824218, 'hidden_continuous_size': 7, 'attention_head_size': 4, 'learning_rate': 0.025345618247074545}. Best is trial 0 with value: 0.6806092858314514.
[I 2023-12-27 10:56:06,375] Trial 31 finished with value: 3.6179206371307373 and parameters: {'gradient_clip_val': 0.16153895217688616, 'hidden_size': 31, 'dropout': 0.49348497178619655, 'hidden_continuous_size': 5, 'attention_head_size': 4, 'learning_rate': 0.012401932869530119}. Best is trial 0 with value: 0.6806092858314514.
[I 2023-12-27 10:56:07,019] Trial 32 finished with value: 2.803189277648926 and parameters: {'gradient_clip_val': 0.20584988585528444, 'hidden_size': 49, 'dropout': 0.44308499962338505, 'hidden_continuous_size': 6, 'attention_head_size': 4, 'learning_rate': 0.021464538999833388}. Best is trial 0 with value: 0.6806092858314514.
[I 2023-12-27 10:56:07,402] Trial 33 finished with value: 2.715068817138672 and parameters: {'gradient_clip_val': 0.12161264931875977, 'hidden_size': 22, 'dropout': 0.4993302829309347, 'hidden_continuous_size': 5, 'attention_head_size': 4, 'learning_rate': 0.032137417882632316}. Best is trial 0 with value: 0.6806092858314514.
[I 2023-12-27 10:56:07,786] Trial 34 finished with value: 3.514343500137329 and parameters: {'gradient_clip_val': 0.15525214991781333, 'hidden_size': 32, 'dropout': 0.4259377861441611, 'hidden_continuous_size': 6, 'attention_head_size': 3, 'learning_rate': 0.006760107703036661}. Best is trial 0 with value: 0.6806092858314514.
[I 2023-12-27 10:56:08,166] Trial 35 finished with value: 3.1197357177734375 and parameters: {'gradient_clip_val': 0.12531039427619978, 'hidden_size': 17, 'dropout': 0.45948020513666227, 'hidden_continuous_size': 7, 'attention_head_size': 4, 'learning_rate': 0.050289313014434865}. Best is trial 0 with value: 0.6806092858314514.
[I 2023-12-27 10:56:08,557] Trial 36 finished with value: 3.3782081604003906 and parameters: {'gradient_clip_val': 0.14160543000795447, 'hidden_size': 24, 'dropout': 0.40696926840784986, 'hidden_continuous_size': 5, 'attention_head_size': 3, 'learning_rate': 0.029039087391182782}. Best is trial 0 with value: 0.6806092858314514.
[I 2023-12-27 10:56:08,947] Trial 37 finished with value: 2.705451011657715 and parameters: {'gradient_clip_val': 0.177465721641951, 'hidden_size': 34, 'dropout': 0.47455482311742353, 'hidden_continuous_size': 6, 'attention_head_size': 4, 'learning_rate': 0.0015295911028952492}. Best is trial 0 with value: 0.6806092858314514.
[I 2023-12-27 10:56:09,351] Trial 38 finished with value: 3.5135648250579834 and parameters: {'gradient_clip_val': 0.10970760792397294, 'hidden_size': 45, 'dropout': 0.3900620678627952, 'hidden_continuous_size': 17, 'attention_head_size': 3, 'learning_rate': 0.01773951519369591}. Best is trial 0 with value: 0.6806092858314514.
[I 2023-12-27 10:56:09,725] Trial 39 finished with value: 3.4746434688568115 and parameters: {'gradient_clip_val': 0.18625442715726057, 'hidden_size': 27, 'dropout': 0.41927844265588277, 'hidden_continuous_size': 8, 'attention_head_size': 2, 'learning_rate': 0.030125521551089256}. Best is trial 0 with value: 0.6806092858314514.
[I 2023-12-27 10:56:10,096] Trial 40 finished with value: 3.453404188156128 and parameters: {'gradient_clip_val': 0.15248502005979717, 'hidden_size': 18, 'dropout': 0.3910102795783867, 'hidden_continuous_size': 7, 'attention_head_size': 1, 'learning_rate': 0.04860026013171145}. Best is trial 0 with value: 0.6806092858314514.
[I 2023-12-27 10:56:10,519] Trial 41 finished with value: 2.680500030517578 and parameters: {'gradient_clip_val': 0.21759296670678555, 'hidden_size': 41, 'dropout': 0.3135657172030832, 'hidden_continuous_size': 9, 'attention_head_size': 4, 'learning_rate': 0.06840157999075913}. Best is trial 0 with value: 0.6806092858314514.
[I 2023-12-27 10:56:10,930] Trial 42 finished with value: 2.888648271560669 and parameters: {'gradient_clip_val': 0.2453376576726782, 'hidden_size': 37, 'dropout': 0.35952596498281, 'hidden_continuous_size': 9, 'attention_head_size': 4, 'learning_rate': 0.07430739478401704}. Best is trial 0 with value: 0.6806092858314514.
