[I 2023-12-27 10:58:09,324] Trial 7 finished with value: 8.051589965820312 and parameters: {'gradient_clip_val': 0.9079192223035281, 'hidden_size': 69, 'dropout': 0.32502352432220405, 'hidden_continuous_size': 6, 'attention_head_size': 3, 'learning_rate': 0.02904220476292382}. Best is trial 0 with value: 0.39716866612434387.
[I 2023-12-27 10:58:09,794] Trial 8 finished with value: 7.031675815582275 and parameters: {'gradient_clip_val': 0.6887859115494928, 'hidden_size': 79, 'dropout': 0.1080210831056176, 'hidden_continuous_size': 72, 'attention_head_size': 2, 'learning_rate': 0.0027647139153974504}. Best is trial 0 with value: 0.39716866612434387.
[I 2023-12-27 10:58:10,214] Trial 9 finished with value: 5.358371734619141 and parameters: {'gradient_clip_val': 0.6938584105526044, 'hidden_size': 66, 'dropout': 0.40290233680678156, 'hidden_continuous_size': 66, 'attention_head_size': 4, 'learning_rate': 0.020140630878208565}. Best is trial 0 with value: 0.39716866612434387.
[I 2023-12-27 10:58:10,619] Trial 10 finished with value: 8.135878562927246 and parameters: {'gradient_clip_val': 0.39485500912655813, 'hidden_size': 31, 'dropout': 0.46971148559094045, 'hidden_continuous_size': 8, 'attention_head_size': 1, 'learning_rate': 0.0930771482841364}. Best is trial 0 with value: 0.39716866612434387.
[I 2023-12-27 10:58:11,215] Trial 11 finished with value: 9.507969856262207 and parameters: {'gradient_clip_val': 0.23482690546204465, 'hidden_size': 148, 'dropout': 0.20319092283590068, 'hidden_continuous_size': 18, 'attention_head_size': 2, 'learning_rate': 0.05004544062343123}. Best is trial 0 with value: 0.39716866612434387.
[I 2023-12-27 10:58:11,637] Trial 12 finished with value: 7.662675857543945 and parameters: {'gradient_clip_val': 0.18657920944908082, 'hidden_size': 39, 'dropout': 0.1043203020647189, 'hidden_continuous_size': 15, 'attention_head_size': 1, 'learning_rate': 0.006478906890572193}. Best is trial 0 with value: 0.39716866612434387.
[I 2023-12-27 10:58:12,049] Trial 13 finished with value: 6.658639907836914 and parameters: {'gradient_clip_val': 0.3775573857353741, 'hidden_size': 41, 'dropout': 0.31566718430182666, 'hidden_continuous_size': 11, 'attention_head_size': 2, 'learning_rate': 0.08605064357407652}. Best is trial 0 with value: 0.39716866612434387.
[I 2023-12-27 10:58:12,656] Trial 14 finished with value: 7.761854648590088 and parameters: {'gradient_clip_val': 0.16128354430876546, 'hidden_size': 149, 'dropout': 0.1850581012637501, 'hidden_continuous_size': 30, 'attention_head_size': 3, 'learning_rate': 0.013011999640937095}. Best is trial 0 with value: 0.39716866612434387.
[I 2023-12-27 10:58:13,052] Trial 15 finished with value: 7.5958428382873535 and parameters: {'gradient_clip_val': 0.34263357436158737, 'hidden_size': 40, 'dropout': 0.24421116136529017, 'hidden_continuous_size': 8, 'attention_head_size': 1, 'learning_rate': 0.03867672996021594}. Best is trial 0 with value: 0.39716866612434387.
[I 2023-12-27 10:58:13,484] Trial 16 finished with value: 7.542489528656006 and parameters: {'gradient_clip_val': 0.273302287042345, 'hidden_size': 54, 'dropout': 0.14992522734023658, 'hidden_continuous_size': 19, 'attention_head_size': 2, 'learning_rate': 0.06954573328377307}. Best is trial 0 with value: 0.39716866612434387.
[I 2023-12-27 10:58:13,849] Trial 17 finished with value: 6.6997551918029785 and parameters: {'gradient_clip_val': 0.10975840076352089, 'hidden_size': 22, 'dropout': 0.21227926521598972, 'hidden_continuous_size': 9, 'attention_head_size': 1, 'learning_rate': 0.04519573301989463}. Best is trial 0 with value: 0.39716866612434387.
[I 2023-12-27 10:58:14,335] Trial 18 finished with value: 6.164273738861084 and parameters: {'gradient_clip_val': 0.506177659197683, 'hidden_size': 112, 'dropout': 0.2786558859994843, 'hidden_continuous_size': 28, 'attention_head_size': 2, 'learning_rate': 0.02102494130335109}. Best is trial 0 with value: 0.39716866612434387.
[I 2023-12-27 10:58:15,027] Trial 19 finished with value: 8.97605037689209 and parameters: {'gradient_clip_val': 0.2070542627439724, 'hidden_size': 53, 'dropout': 0.138269714651202, 'hidden_continuous_size': 13, 'attention_head_size': 3, 'learning_rate': 0.05260453733492509}. Best is trial 0 with value: 0.39716866612434387.
[I 2023-12-27 10:58:15,490] Trial 20 finished with value: 5.967920780181885 and parameters: {'gradient_clip_val': 0.30775509644924115, 'hidden_size': 96, 'dropout': 0.2057952787963408, 'hidden_continuous_size': 24, 'attention_head_size': 1, 'learning_rate': 0.004799969576456829}. Best is trial 0 with value: 0.39716866612434387.
[I 2023-12-27 10:58:15,936] Trial 21 finished with value: 7.9073052406311035 and parameters: {'gradient_clip_val': 0.4471846862859528, 'hidden_size': 62, 'dropout': 0.3678865058532362, 'hidden_continuous_size': 34, 'attention_head_size': 4, 'learning_rate': 0.020767187309217793}. Best is trial 0 with value: 0.39716866612434387.
[I 2023-12-27 10:58:16,370] Trial 22 finished with value: 6.467435836791992 and parameters: {'gradient_clip_val': 0.30424323652777757, 'hidden_size': 58, 'dropout': 0.3724378041800825, 'hidden_continuous_size': 15, 'attention_head_size': 4, 'learning_rate': 0.013388287152848509}. Best is trial 0 with value: 0.39716866612434387.
[I 2023-12-27 10:58:16,931] Trial 23 finished with value: 9.05379867553711 and parameters: {'gradient_clip_val': 0.4801186694881841, 'hidden_size': 107, 'dropout': 0.4748359528932101, 'hidden_continuous_size': 90, 'attention_head_size': 3, 'learning_rate': 0.032425383112375715}. Best is trial 0 with value: 0.39716866612434387.
[I 2023-12-27 10:58:17,337] Trial 24 finished with value: 9.017699241638184 and parameters: {'gradient_clip_val': 0.3468879911455979, 'hidden_size': 47, 'dropout': 0.18907935240399748, 'hidden_continuous_size': 22, 'attention_head_size': 4, 'learning_rate': 0.01921454403935354}. Best is trial 0 with value: 0.39716866612434387.
[I 2023-12-27 10:58:17,781] Trial 25 finished with value: 5.433279514312744 and parameters: {'gradient_clip_val': 0.2774786748988546, 'hidden_size': 74, 'dropout': 0.25308381365272864, 'hidden_continuous_size': 41, 'attention_head_size': 2, 'learning_rate': 0.05962718874536382}. Best is trial 0 with value: 0.39716866612434387.
[I 2023-12-27 10:58:18,160] Trial 26 finished with value: 9.172074317932129 and parameters: {'gradient_clip_val': 0.22496748367441896, 'hidden_size': 33, 'dropout': 0.13297390245006097, 'hidden_continuous_size': 17, 'attention_head_size': 3, 'learning_rate': 0.09995975407199136}. Best is trial 0 with value: 0.39716866612434387.
[I 2023-12-27 10:58:18,592] Trial 27 finished with value: 7.673393249511719 and parameters: {'gradient_clip_val': 0.4152602453640947, 'hidden_size': 65, 'dropout': 0.4319107695869974, 'hidden_continuous_size': 24, 'attention_head_size': 4, 'learning_rate': 0.009123059824925804}. Best is trial 0 with value: 0.39716866612434387.
[I 2023-12-27 10:58:19,023] Trial 28 finished with value: 7.588927745819092 and parameters: {'gradient_clip_val': 0.6096133556401246, 'hidden_size': 45, 'dropout': 0.2260771581538173, 'hidden_continuous_size': 13, 'attention_head_size': 2, 'learning_rate': 0.037205126466578524}. Best is trial 0 with value: 0.39716866612434387.
[I 2023-12-27 10:58:19,416] Trial 29 finished with value: 8.22884750366211 and parameters: {'gradient_clip_val': 0.15322995297876796, 'hidden_size': 29, 'dropout': 0.2349004717655196, 'hidden_continuous_size': 10, 'attention_head_size': 3, 'learning_rate': 0.014784006813469466}. Best is trial 0 with value: 0.39716866612434387.
[I 2023-12-27 10:58:19,868] Trial 30 finished with value: 6.466111660003662 and parameters: {'gradient_clip_val': 0.3102854382743521, 'hidden_size': 82, 'dropout': 0.18003992718329406, 'hidden_continuous_size': 44, 'attention_head_size': 1, 'learning_rate': 0.025457423412943707}. Best is trial 0 with value: 0.39716866612434387.
[I 2023-12-27 10:58:20,325] Trial 31 finished with value: 6.778444290161133 and parameters: {'gradient_clip_val': 0.25027256628458555, 'hidden_size': 70, 'dropout': 0.2646181835087737, 'hidden_continuous_size': 39, 'attention_head_size': 2, 'learning_rate': 0.06163178532172022}. Best is trial 0 with value: 0.39716866612434387.
[I 2023-12-27 10:58:20,969] Trial 32 finished with value: 8.047234535217285 and parameters: {'gradient_clip_val': 0.2762398377376519, 'hidden_size': 52, 'dropout': 0.22990676834514565, 'hidden_continuous_size': 35, 'attention_head_size': 2, 'learning_rate': 0.06340567899003335}. Best is trial 0 with value: 0.39716866612434387.
[I 2023-12-27 10:58:21,422] Trial 33 finished with value: 6.155796051025391 and parameters: {'gradient_clip_val': 0.2058110934508831, 'hidden_size': 67, 'dropout': 0.2925657525382519, 'hidden_continuous_size': 49, 'attention_head_size': 2, 'learning_rate': 0.03972778042615838}. Best is trial 0 with value: 0.39716866612434387.
[I 2023-12-27 10:58:21,807] Trial 34 finished with value: 8.51901626586914 and parameters: {'gradient_clip_val': 0.28225109658203146, 'hidden_size': 24, 'dropout': 0.2632570788678415, 'hidden_continuous_size': 20, 'attention_head_size': 1, 'learning_rate': 0.010674434675937648}. Best is trial 0 with value: 0.39716866612434387.
[I 2023-12-27 10:58:22,238] Trial 35 finished with value: 6.315125942230225 and parameters: {'gradient_clip_val': 0.3585433144826544, 'hidden_size': 37, 'dropout': 0.2573277103423619, 'hidden_continuous_size': 27, 'attention_head_size': 2, 'learning_rate': 0.01690133712191741}. Best is trial 0 with value: 0.39716866612434387.
[I 2023-12-27 10:58:22,679] Trial 36 finished with value: 7.073265075683594 and parameters: {'gradient_clip_val': 0.9895929075670136, 'hidden_size': 47, 'dropout': 0.1626416065345089, 'hidden_continuous_size': 31, 'attention_head_size': 3, 'learning_rate': 0.031102263326515917}. Best is trial 0 with value: 0.39716866612434387.
[I 2023-12-27 10:58:23,057] Trial 37 finished with value: 10.936697959899902 and parameters: {'gradient_clip_val': 0.8481718496490877, 'hidden_size': 17, 'dropout': 0.3069776444543574, 'hidden_continuous_size': 15, 'attention_head_size': 4, 'learning_rate': 0.025536381922851337}. Best is trial 0 with value: 0.39716866612434387.
[I 2023-12-27 10:58:23,531] Trial 38 finished with value: 7.699282169342041 and parameters: {'gradient_clip_val': 0.8058226434427355, 'hidden_size': 80, 'dropout': 0.3386781695992406, 'hidden_continuous_size': 57, 'attention_head_size': 1, 'learning_rate': 0.04903254921008797}. Best is trial 0 with value: 0.39716866612434387.
[I 2023-12-27 10:58:23,898] Trial 39 finished with value: 7.0792412757873535 and parameters: {'gradient_clip_val': 0.5513933087305722, 'hidden_size': 8, 'dropout': 0.2808911427668546, 'hidden_continuous_size': 7, 'attention_head_size': 2, 'learning_rate': 0.01041610243902503}. Best is trial 0 with value: 0.39716866612434387.
[I 2023-12-27 10:58:24,312] Trial 40 finished with value: 7.4254937171936035 and parameters: {'gradient_clip_val': 0.6788979249439209, 'hidden_size': 28, 'dropout': 0.21651560652245094, 'hidden_continuous_size': 22, 'attention_head_size': 3, 'learning_rate': 0.07246488852281495}. Best is trial 0 with value: 0.39716866612434387.
[I 2023-12-27 10:58:24,810] Trial 41 finished with value: 6.526586055755615 and parameters: {'gradient_clip_val': 0.31069383891652913, 'hidden_size': 93, 'dropout': 0.20016732033217688, 'hidden_continuous_size': 66, 'attention_head_size': 1, 'learning_rate': 0.005884743859582347}. Best is trial 0 with value: 0.39716866612434387.
[I 2023-12-27 10:58:25,292] Trial 42 finished with value: 8.564021110534668 and parameters: {'gradient_clip_val': 0.2460697853444885, 'hidden_size': 101, 'dropout': 0.1687252740751583, 'hidden_continuous_size': 40, 'attention_head_size': 1, 'learning_rate': 0.004015052717513936}. Best is trial 0 with value: 0.39716866612434387.
[I 2023-12-27 10:58:25,742] Trial 43 finished with value: 8.092401504516602 and parameters: {'gradient_clip_val': 0.3349263855361932, 'hidden_size': 74, 'dropout': 0.20851139562381465, 'hidden_continuous_size': 48, 'attention_head_size': 1, 'learning_rate': 0.007861598098309856}. Best is trial 0 with value: 0.39716866612434387.
[I 2023-12-27 10:58:26,346] Trial 44 finished with value: 6.911098480224609 and parameters: {'gradient_clip_val': 0.3910936776004962, 'hidden_size': 128, 'dropout': 0.24573769111993599, 'hidden_continuous_size': 123, 'attention_head_size': 1, 'learning_rate': 0.004628317636435535}. Best is trial 0 with value: 0.39716866612434387.
[I 2023-12-27 10:58:26,817] Trial 45 finished with value: 6.259639739990234 and parameters: {'gradient_clip_val': 0.2720854897170751, 'hidden_size': 91, 'dropout': 0.19562986122620735, 'hidden_continuous_size': 24, 'attention_head_size': 2, 'learning_rate': 0.002708010444529127}. Best is trial 0 with value: 0.39716866612434387.
[I 2023-12-27 10:58:27,480] Trial 46 finished with value: 6.5312724113464355 and parameters: {'gradient_clip_val': 0.42372358369356744, 'hidden_size': 61, 'dropout': 0.21997707480339185, 'hidden_continuous_size': 35, 'attention_head_size': 1, 'learning_rate': 0.08036309001328636}. Best is trial 0 with value: 0.39716866612434387.
[I 2023-12-27 10:58:27,916] Trial 47 finished with value: 5.065128803253174 and parameters: {'gradient_clip_val': 0.37417179864056316, 'hidden_size': 73, 'dropout': 0.24167750417692382, 'hidden_continuous_size': 5, 'attention_head_size': 2, 'learning_rate': 0.011810904261575593}. Best is trial 0 with value: 0.39716866612434387.
[I 2023-12-27 10:58:28,304] Trial 48 finished with value: 7.9482645988464355 and parameters: {'gradient_clip_val': 0.3742415012240772, 'hidden_size': 36, 'dropout': 0.23987176480429137, 'hidden_continuous_size': 5, 'attention_head_size': 2, 'learning_rate': 0.01618277505165749}. Best is trial 0 with value: 0.39716866612434387.
[I 2023-12-27 10:58:28,750] Trial 49 finished with value: 6.904128551483154 and parameters: {'gradient_clip_val': 0.4564319107016292, 'hidden_size': 78, 'dropout': 0.2724226412998571, 'hidden_continuous_size': 6, 'attention_head_size': 2, 'learning_rate': 0.0112176294090922}. Best is trial 0 with value: 0.39716866612434387.
[I 2023-12-27 10:58:28,857] A new study created in memory with name: no-name-58b18713-181a-4dd1-8604-3b88a4222f2d
/home/le004/conda/anaconda3/envs/tsff_env/lib/python3.9/site-packages/lightning/fabric/plugins/environments/slurm.py:191: The `srun` command is available on your system but is not used. HINT: If your intention is to run Lightning on SLURM, prepend your python command with `srun` like so: srun python /home/le004/master_thesis/git/TSFusionForecast/code/ ...
[I 2023-12-27 10:58:46,789] Trial 0 finished with value: 326.0166320800781 and parameters: {'gradient_clip_val': 0.1669844424507349, 'hidden_size': 21, 'dropout': 0.40751710085340365, 'hidden_continuous_size': 8, 'attention_head_size': 2, 'learning_rate': 0.028186150774783196}. Best is trial 0 with value: 326.0166320800781.
[I 2023-12-27 10:58:47,152] Trial 1 finished with value: 933.61962890625 and parameters: {'gradient_clip_val': 0.3833870768330571, 'hidden_size': 22, 'dropout': 0.39319781242051344, 'hidden_continuous_size': 13, 'attention_head_size': 2, 'learning_rate': 0.07452142241649685}. Best is trial 0 with value: 326.0166320800781.
[I 2023-12-27 10:58:47,675] Trial 2 finished with value: 1301.22607421875 and parameters: {'gradient_clip_val': 0.6988252732122066, 'hidden_size': 131, 'dropout': 0.2077208676745974, 'hidden_continuous_size': 26, 'attention_head_size': 2, 'learning_rate': 0.09047320405147813}. Best is trial 0 with value: 326.0166320800781.
[I 2023-12-27 10:58:48,172] Trial 3 finished with value: 1177.4422607421875 and parameters: {'gradient_clip_val': 0.1627543568086302, 'hidden_size': 101, 'dropout': 0.15337221381760463, 'hidden_continuous_size': 73, 'attention_head_size': 1, 'learning_rate': 0.007646207218532733}. Best is trial 0 with value: 326.0166320800781.
[I 2023-12-27 10:58:48,541] Trial 4 finished with value: 1079.3458251953125 and parameters: {'gradient_clip_val': 0.11741100265670641, 'hidden_size': 41, 'dropout': 0.3163082681900503, 'hidden_continuous_size': 7, 'attention_head_size': 1, 'learning_rate': 0.0147043900493556}. Best is trial 0 with value: 326.0166320800781.
[I 2023-12-27 10:58:48,853] Trial 5 finished with value: 849.8346557617188 and parameters: {'gradient_clip_val': 0.11792125586648568, 'hidden_size': 9, 'dropout': 0.2348257637714245, 'hidden_continuous_size': 9, 'attention_head_size': 2, 'learning_rate': 0.014869989392429485}. Best is trial 0 with value: 326.0166320800781.
[I 2023-12-27 10:58:49,191] Trial 6 finished with value: 682.8212280273438 and parameters: {'gradient_clip_val': 0.22917117650196886, 'hidden_size': 18, 'dropout': 0.2553720469957517, 'hidden_continuous_size': 13, 'attention_head_size': 2, 'learning_rate': 0.016778890372131098}. Best is trial 0 with value: 326.0166320800781.
[I 2023-12-27 10:58:49,528] Trial 7 finished with value: 1163.3863525390625 and parameters: {'gradient_clip_val': 0.26943441052481054, 'hidden_size': 9, 'dropout': 0.14498175842794622, 'hidden_continuous_size': 6, 'attention_head_size': 2, 'learning_rate': 0.027728419634705178}. Best is trial 0 with value: 326.0166320800781.
[I 2023-12-27 10:58:50,097] Trial 8 finished with value: 998.1416015625 and parameters: {'gradient_clip_val': 0.19955493082783296, 'hidden_size': 5, 'dropout': 0.4423070482263919, 'hidden_continuous_size': 5, 'attention_head_size': 3, 'learning_rate': 0.0013886809648828847}. Best is trial 0 with value: 326.0166320800781.
[I 2023-12-27 10:58:50,552] Trial 9 finished with value: 1229.3179931640625 and parameters: {'gradient_clip_val': 0.27550779476548637, 'hidden_size': 81, 'dropout': 0.11359582681912946, 'hidden_continuous_size': 28, 'attention_head_size': 2, 'learning_rate': 0.005905422711673342}. Best is trial 0 with value: 326.0166320800781.
[I 2023-12-27 10:58:50,970] Trial 10 finished with value: 1270.6453857421875 and parameters: {'gradient_clip_val': 0.4240975276280411, 'hidden_size': 43, 'dropout': 0.47813751633542717, 'hidden_continuous_size': 5, 'attention_head_size': 4, 'learning_rate': 0.0005047788618967593}. Best is trial 0 with value: 326.0166320800781.
[I 2023-12-27 10:58:51,347] Trial 11 finished with value: 998.9598999023438 and parameters: {'gradient_clip_val': 0.17636289798267124, 'hidden_size': 20, 'dropout': 0.32681845673791016, 'hidden_continuous_size': 8, 'attention_head_size': 3, 'learning_rate': 0.03605844145762068}. Best is trial 0 with value: 326.0166320800781.
[I 2023-12-27 10:58:51,723] Trial 12 finished with value: 1210.431884765625 and parameters: {'gradient_clip_val': 0.2184157280638175, 'hidden_size': 14, 'dropout': 0.3778724707467778, 'hidden_continuous_size': 8, 'attention_head_size': 3, 'learning_rate': 0.03215930755123649}. Best is trial 0 with value: 326.0166320800781.
[I 2023-12-27 10:58:52,107] Trial 13 finished with value: 886.3832397460938 and parameters: {'gradient_clip_val': 0.10029406787002507, 'hidden_size': 25, 'dropout': 0.2647272955593664, 'hidden_continuous_size': 11, 'attention_head_size': 1, 'learning_rate': 0.005258966323487371}. Best is trial 0 with value: 326.0166320800781.
[I 2023-12-27 10:58:52,509] Trial 14 finished with value: 844.0609741210938 and parameters: {'gradient_clip_val': 0.14986101334026997, 'hidden_size': 41, 'dropout': 0.2754069166522174, 'hidden_continuous_size': 11, 'attention_head_size': 4, 'learning_rate': 0.014175870330087612}. Best is trial 0 with value: 326.0166320800781.
[I 2023-12-27 10:58:52,878] Trial 15 finished with value: 807.3132934570312 and parameters: {'gradient_clip_val': 0.22638505439396223, 'hidden_size': 15, 'dropout': 0.3653663626614125, 'hidden_continuous_size': 6, 'attention_head_size': 3, 'learning_rate': 0.06082801217448396}. Best is trial 0 with value: 326.0166320800781.
[I 2023-12-27 10:58:53,265] Trial 16 finished with value: 833.8310546875 and parameters: {'gradient_clip_val': 0.3457440817068368, 'hidden_size': 30, 'dropout': 0.4951006766714039, 'hidden_continuous_size': 10, 'attention_head_size': 1, 'learning_rate': 0.04512073246438639}. Best is trial 0 with value: 326.0166320800781.
[I 2023-12-27 10:58:53,702] Trial 17 finished with value: 1030.072021484375 and parameters: {'gradient_clip_val': 0.14704850753215343, 'hidden_size': 63, 'dropout': 0.42201727607662926, 'hidden_continuous_size': 16, 'attention_head_size': 2, 'learning_rate': 0.021954642179532725}. Best is trial 0 with value: 326.0166320800781.
[I 2023-12-27 10:58:54,077] Trial 18 finished with value: 1200.103515625 and parameters: {'gradient_clip_val': 0.2441938694934767, 'hidden_size': 15, 'dropout': 0.32103785173557237, 'hidden_continuous_size': 7, 'attention_head_size': 3, 'learning_rate': 0.06291979579111391}. Best is trial 0 with value: 326.0166320800781.
[I 2023-12-27 10:58:54,469] Trial 19 finished with value: 877.167236328125 and parameters: {'gradient_clip_val': 0.31301556663761576, 'hidden_size': 29, 'dropout': 0.35671277681186475, 'hidden_continuous_size': 13, 'attention_head_size': 1, 'learning_rate': 0.008131149697416495}. Best is trial 0 with value: 326.0166320800781.
[I 2023-12-27 10:58:54,876] Trial 20 finished with value: 988.64794921875 and parameters: {'gradient_clip_val': 0.18902726735928824, 'hidden_size': 49, 'dropout': 0.28411743429425107, 'hidden_continuous_size': 18, 'attention_head_size': 2, 'learning_rate': 0.020929922138762456}. Best is trial 0 with value: 326.0166320800781.
[I 2023-12-27 10:58:55,451] Trial 21 finished with value: 895.0718383789062 and parameters: {'gradient_clip_val': 0.2402408663203031, 'hidden_size': 16, 'dropout': 0.34576730646865034, 'hidden_continuous_size': 6, 'attention_head_size': 3, 'learning_rate': 0.048607923968725514}. Best is trial 0 with value: 326.0166320800781.
