[I 2023-12-27 11:32:08,921] Trial 27 finished with value: 8.014788627624512 and parameters: {'gradient_clip_val': 0.3957833783342136, 'hidden_size': 54, 'dropout': 0.3960518465656125, 'hidden_continuous_size': 16, 'attention_head_size': 2, 'learning_rate': 0.015345540247652226}. Best is trial 0 with value: 0.0981178805232048.
[I 2023-12-27 11:32:09,324] Trial 28 finished with value: 5.4930901527404785 and parameters: {'gradient_clip_val': 0.24815275514742235, 'hidden_size': 40, 'dropout': 0.4242167454202197, 'hidden_continuous_size': 10, 'attention_head_size': 1, 'learning_rate': 0.009265747560459782}. Best is trial 0 with value: 0.0981178805232048.
[I 2023-12-27 11:32:09,709] Trial 29 finished with value: 6.009666442871094 and parameters: {'gradient_clip_val': 0.1723574406551163, 'hidden_size': 10, 'dropout': 0.46602957115100996, 'hidden_continuous_size': 6, 'attention_head_size': 4, 'learning_rate': 0.028046116156128564}. Best is trial 0 with value: 0.0981178805232048.
[I 2023-12-27 11:32:10,119] Trial 30 finished with value: 6.044254779815674 and parameters: {'gradient_clip_val': 0.30994173315670404, 'hidden_size': 30, 'dropout': 0.42119393256305304, 'hidden_continuous_size': 8, 'attention_head_size': 3, 'learning_rate': 0.0695502240965333}. Best is trial 0 with value: 0.0981178805232048.
[I 2023-12-27 11:32:10,457] Trial 31 finished with value: 8.396491050720215 and parameters: {'gradient_clip_val': 0.879839591961883, 'hidden_size': 5, 'dropout': 0.3281072056117479, 'hidden_continuous_size': 5, 'attention_head_size': 2, 'learning_rate': 0.006345227829466279}. Best is trial 0 with value: 0.0981178805232048.
[I 2023-12-27 11:32:10,828] Trial 32 finished with value: 5.498448848724365 and parameters: {'gradient_clip_val': 0.8055208045790667, 'hidden_size': 6, 'dropout': 0.27944568418182625, 'hidden_continuous_size': 5, 'attention_head_size': 2, 'learning_rate': 0.008669452940160803}. Best is trial 0 with value: 0.0981178805232048.
[I 2023-12-27 11:32:11,198] Trial 33 finished with value: 4.579946994781494 and parameters: {'gradient_clip_val': 0.7124357471538458, 'hidden_size': 7, 'dropout': 0.37917799076061015, 'hidden_continuous_size': 5, 'attention_head_size': 2, 'learning_rate': 0.043760636248632315}. Best is trial 0 with value: 0.0981178805232048.
[I 2023-12-27 11:32:11,572] Trial 34 finished with value: 5.463904857635498 and parameters: {'gradient_clip_val': 0.6935488978777893, 'hidden_size': 9, 'dropout': 0.47556979442443753, 'hidden_continuous_size': 5, 'attention_head_size': 1, 'learning_rate': 0.05179745241894463}. Best is trial 0 with value: 0.0981178805232048.
[I 2023-12-27 11:32:11,941] Trial 35 finished with value: 6.3459553718566895 and parameters: {'gradient_clip_val': 0.5390368239067924, 'hidden_size': 7, 'dropout': 0.3832656544263189, 'hidden_continuous_size': 5, 'attention_head_size': 3, 'learning_rate': 0.06544593196324615}. Best is trial 0 with value: 0.0981178805232048.
[I 2023-12-27 11:32:12,570] Trial 36 finished with value: 6.651790618896484 and parameters: {'gradient_clip_val': 0.7298843639372761, 'hidden_size': 19, 'dropout': 0.4438944566971194, 'hidden_continuous_size': 7, 'attention_head_size': 4, 'learning_rate': 0.039144748089082644}. Best is trial 0 with value: 0.0981178805232048.
[I 2023-12-27 11:32:12,982] Trial 37 finished with value: 6.643177509307861 and parameters: {'gradient_clip_val': 0.4805304473847704, 'hidden_size': 49, 'dropout': 0.43512876689121793, 'hidden_continuous_size': 6, 'attention_head_size': 2, 'learning_rate': 0.04261130099483362}. Best is trial 0 with value: 0.0981178805232048.
[I 2023-12-27 11:32:13,349] Trial 38 finished with value: 7.652054309844971 and parameters: {'gradient_clip_val': 0.6097153491060531, 'hidden_size': 16, 'dropout': 0.4725277283005476, 'hidden_continuous_size': 7, 'attention_head_size': 2, 'learning_rate': 0.018793906310215026}. Best is trial 0 with value: 0.0981178805232048.
[I 2023-12-27 11:32:13,728] Trial 39 finished with value: 6.35918664932251 and parameters: {'gradient_clip_val': 0.354824763945726, 'hidden_size': 12, 'dropout': 0.3767001038530283, 'hidden_continuous_size': 6, 'attention_head_size': 3, 'learning_rate': 0.03291292116280785}. Best is trial 0 with value: 0.0981178805232048.
[I 2023-12-27 11:32:14,123] Trial 40 finished with value: 7.145435333251953 and parameters: {'gradient_clip_val': 0.5626393960738697, 'hidden_size': 26, 'dropout': 0.3448727498103114, 'hidden_continuous_size': 9, 'attention_head_size': 4, 'learning_rate': 0.01716991107335289}. Best is trial 0 with value: 0.0981178805232048.
[I 2023-12-27 11:32:14,490] Trial 41 finished with value: 6.137115478515625 and parameters: {'gradient_clip_val': 0.926553310736837, 'hidden_size': 8, 'dropout': 0.3014383711837163, 'hidden_continuous_size': 5, 'attention_head_size': 2, 'learning_rate': 0.004037491020382203}. Best is trial 0 with value: 0.0981178805232048.
[I 2023-12-27 11:32:14,832] Trial 42 finished with value: 4.979946136474609 and parameters: {'gradient_clip_val': 0.7705909821894255, 'hidden_size': 5, 'dropout': 0.40631479225466205, 'hidden_continuous_size': 5, 'attention_head_size': 2, 'learning_rate': 0.07325495971098872}. Best is trial 0 with value: 0.0981178805232048.
[I 2023-12-27 11:32:15,202] Trial 43 finished with value: 5.891613483428955 and parameters: {'gradient_clip_val': 0.9906490270811911, 'hidden_size': 6, 'dropout': 0.262974548406479, 'hidden_continuous_size': 5, 'attention_head_size': 2, 'learning_rate': 0.008463720739809888}. Best is trial 0 with value: 0.0981178805232048.
[I 2023-12-27 11:32:15,574] Trial 44 finished with value: 5.3880295753479 and parameters: {'gradient_clip_val': 0.6474907483128477, 'hidden_size': 10, 'dropout': 0.3210921933490411, 'hidden_continuous_size': 6, 'attention_head_size': 1, 'learning_rate': 0.02374129105865976}. Best is trial 0 with value: 0.0981178805232048.
[I 2023-12-27 11:32:15,983] Trial 45 finished with value: 4.362367630004883 and parameters: {'gradient_clip_val': 0.8450842038755746, 'hidden_size': 38, 'dropout': 0.48293009206090215, 'hidden_continuous_size': 11, 'attention_head_size': 2, 'learning_rate': 0.012411820298731273}. Best is trial 0 with value: 0.0981178805232048.
[I 2023-12-27 11:32:16,381] Trial 46 finished with value: 5.169203281402588 and parameters: {'gradient_clip_val': 0.8462407041842177, 'hidden_size': 35, 'dropout': 0.475737519354278, 'hidden_continuous_size': 14, 'attention_head_size': 2, 'learning_rate': 0.014268391705348675}. Best is trial 0 with value: 0.0981178805232048.
[I 2023-12-27 11:32:16,803] Trial 47 finished with value: 6.115001201629639 and parameters: {'gradient_clip_val': 0.6814534563762711, 'hidden_size': 39, 'dropout': 0.44624442256607877, 'hidden_continuous_size': 10, 'attention_head_size': 3, 'learning_rate': 0.05456953292383946}. Best is trial 0 with value: 0.0981178805232048.
[I 2023-12-27 11:32:17,323] Trial 48 finished with value: 6.338357448577881 and parameters: {'gradient_clip_val': 0.7527761606327158, 'hidden_size': 114, 'dropout': 0.48140384919136137, 'hidden_continuous_size': 17, 'attention_head_size': 2, 'learning_rate': 0.0117184029487339}. Best is trial 0 with value: 0.0981178805232048.
[I 2023-12-27 11:32:17,721] Trial 49 finished with value: 5.537716388702393 and parameters: {'gradient_clip_val': 0.49432270756686125, 'hidden_size': 23, 'dropout': 0.4157905427338386, 'hidden_continuous_size': 9, 'attention_head_size': 3, 'learning_rate': 0.025650329340420663}. Best is trial 0 with value: 0.0981178805232048.
[I 2023-12-27 11:32:17,834] A new study created in memory with name: no-name-e72777d9-dda8-40ca-babd-ec899b6f5c44
/home/le004/conda/anaconda3/envs/tsff_env/lib/python3.9/site-packages/lightning/fabric/plugins/environments/slurm.py:191: The `srun` command is available on your system but is not used. HINT: If your intention is to run Lightning on SLURM, prepend your python command with `srun` like so: srun python /home/le004/master_thesis/git/TSFusionForecast/code/ ...
[I 2023-12-27 11:32:59,459] Trial 0 finished with value: 0.08614306896924973 and parameters: {'gradient_clip_val': 0.8940052837736662, 'hidden_size': 68, 'dropout': 0.13313450883324857, 'hidden_continuous_size': 9, 'attention_head_size': 2, 'learning_rate': 0.056269752703016485}. Best is trial 0 with value: 0.08614306896924973.
[I 2023-12-27 11:33:14,583] Trial 1 finished with value: 0.3211101293563843 and parameters: {'gradient_clip_val': 0.5770678355594975, 'hidden_size': 99, 'dropout': 0.15565328905451367, 'hidden_continuous_size': 8, 'attention_head_size': 3, 'learning_rate': 0.025262284352150798}. Best is trial 0 with value: 0.08614306896924973.
[I 2023-12-27 11:33:15,017] Trial 2 finished with value: 6.938927173614502 and parameters: {'gradient_clip_val': 0.8207765296120958, 'hidden_size': 86, 'dropout': 0.1613022895857683, 'hidden_continuous_size': 32, 'attention_head_size': 1, 'learning_rate': 0.02110266762754682}. Best is trial 0 with value: 0.08614306896924973.
[I 2023-12-27 11:33:15,353] Trial 3 finished with value: 7.5001220703125 and parameters: {'gradient_clip_val': 0.11236318257860302, 'hidden_size': 7, 'dropout': 0.19349261056244138, 'hidden_continuous_size': 5, 'attention_head_size': 2, 'learning_rate': 0.03441514754399618}. Best is trial 0 with value: 0.08614306896924973.
[I 2023-12-27 11:33:15,708] Trial 4 finished with value: 6.374424457550049 and parameters: {'gradient_clip_val': 0.627720770247554, 'hidden_size': 25, 'dropout': 0.1811713539775763, 'hidden_continuous_size': 21, 'attention_head_size': 1, 'learning_rate': 0.023650360704268555}. Best is trial 0 with value: 0.08614306896924973.
[I 2023-12-27 11:33:16,110] Trial 5 finished with value: 6.756799697875977 and parameters: {'gradient_clip_val': 0.11674624372155476, 'hidden_size': 43, 'dropout': 0.35782602090448956, 'hidden_continuous_size': 12, 'attention_head_size': 4, 'learning_rate': 0.0051841441571822446}. Best is trial 0 with value: 0.08614306896924973.
[I 2023-12-27 11:33:16,436] Trial 6 finished with value: 5.682891845703125 and parameters: {'gradient_clip_val': 0.5798841996133175, 'hidden_size': 6, 'dropout': 0.12616538093976867, 'hidden_continuous_size': 5, 'attention_head_size': 1, 'learning_rate': 0.0030769204195093994}. Best is trial 0 with value: 0.08614306896924973.
[I 2023-12-27 11:33:16,776] Trial 7 finished with value: 5.9443745613098145 and parameters: {'gradient_clip_val': 0.3299591201196821, 'hidden_size': 8, 'dropout': 0.3734522774753425, 'hidden_continuous_size': 5, 'attention_head_size': 4, 'learning_rate': 0.009737487245717475}. Best is trial 0 with value: 0.08614306896924973.
[I 2023-12-27 11:33:17,113] Trial 8 finished with value: 5.872842311859131 and parameters: {'gradient_clip_val': 0.245255844422958, 'hidden_size': 6, 'dropout': 0.48372119778196343, 'hidden_continuous_size': 6, 'attention_head_size': 2, 'learning_rate': 0.017816514552700977}. Best is trial 0 with value: 0.08614306896924973.
[I 2023-12-27 11:33:17,668] Trial 9 finished with value: 6.539917469024658 and parameters: {'gradient_clip_val': 0.14863834306289958, 'hidden_size': 29, 'dropout': 0.12154112413605521, 'hidden_continuous_size': 29, 'attention_head_size': 4, 'learning_rate': 0.002146266776868823}. Best is trial 0 with value: 0.08614306896924973.
[I 2023-12-27 11:33:18,250] Trial 10 finished with value: 7.635303020477295 and parameters: {'gradient_clip_val': 0.9861142197521398, 'hidden_size': 125, 'dropout': 0.24617852481301833, 'hidden_continuous_size': 79, 'attention_head_size': 3, 'learning_rate': 0.07890382262679561}. Best is trial 0 with value: 0.08614306896924973.
[I 2023-12-27 11:33:18,827] Trial 11 finished with value: 7.237043857574463 and parameters: {'gradient_clip_val': 0.5342185608399763, 'hidden_size': 150, 'dropout': 0.1005422564325916, 'hidden_continuous_size': 11, 'attention_head_size': 3, 'learning_rate': 0.09506012923806578}. Best is trial 0 with value: 0.08614306896924973.
[I 2023-12-27 11:33:19,249] Trial 12 finished with value: 6.212575435638428 and parameters: {'gradient_clip_val': 0.9501498217229152, 'hidden_size': 65, 'dropout': 0.23646158866100658, 'hidden_continuous_size': 9, 'attention_head_size': 2, 'learning_rate': 0.04826493171813371}. Best is trial 0 with value: 0.08614306896924973.
[I 2023-12-27 11:33:19,710] Trial 13 finished with value: 6.396029949188232 and parameters: {'gradient_clip_val': 0.43515750344352544, 'hidden_size': 77, 'dropout': 0.22753031831702725, 'hidden_continuous_size': 9, 'attention_head_size': 3, 'learning_rate': 0.000559098653597717}. Best is trial 0 with value: 0.08614306896924973.
[I 2023-12-27 11:33:20,123] Trial 14 finished with value: 5.761256694793701 and parameters: {'gradient_clip_val': 0.7172274080418432, 'hidden_size': 52, 'dropout': 0.10075456621175449, 'hidden_continuous_size': 7, 'attention_head_size': 3, 'learning_rate': 0.05104231505424225}. Best is trial 0 with value: 0.08614306896924973.
[I 2023-12-27 11:33:20,626] Trial 15 finished with value: 4.819353103637695 and parameters: {'gradient_clip_val': 0.7624704017621585, 'hidden_size': 110, 'dropout': 0.16345450788409346, 'hidden_continuous_size': 15, 'attention_head_size': 2, 'learning_rate': 0.012094194917628824}. Best is trial 0 with value: 0.08614306896924973.
[I 2023-12-27 11:33:21,097] Trial 16 finished with value: 5.6061272621154785 and parameters: {'gradient_clip_val': 0.4603167763123169, 'hidden_size': 92, 'dropout': 0.2607613436969281, 'hidden_continuous_size': 8, 'attention_head_size': 3, 'learning_rate': 0.03543853812215558}. Best is trial 0 with value: 0.08614306896924973.
[I 2023-12-27 11:33:21,659] Trial 17 finished with value: 7.3504557609558105 and parameters: {'gradient_clip_val': 0.7617342203204546, 'hidden_size': 136, 'dropout': 0.1563915018990247, 'hidden_continuous_size': 16, 'attention_head_size': 2, 'learning_rate': 0.09618384868592277}. Best is trial 0 with value: 0.08614306896924973.
[I 2023-12-27 11:33:22,097] Trial 18 finished with value: 6.570336818695068 and parameters: {'gradient_clip_val': 0.9747749308262332, 'hidden_size': 65, 'dropout': 0.2019682766237716, 'hidden_continuous_size': 11, 'attention_head_size': 2, 'learning_rate': 0.014927030046716512}. Best is trial 0 with value: 0.08614306896924973.
[I 2023-12-27 11:33:22,497] Trial 19 finished with value: 4.965240001678467 and parameters: {'gradient_clip_val': 0.6258338683250291, 'hidden_size': 42, 'dropout': 0.14091701314309307, 'hidden_continuous_size': 7, 'attention_head_size': 3, 'learning_rate': 0.0285552672556898}. Best is trial 0 with value: 0.08614306896924973.
[I 2023-12-27 11:33:22,987] Trial 20 finished with value: 6.063238143920898 and parameters: {'gradient_clip_val': 0.4054132609569751, 'hidden_size': 103, 'dropout': 0.20507699212172334, 'hidden_continuous_size': 6, 'attention_head_size': 4, 'learning_rate': 0.05151257806051887}. Best is trial 0 with value: 0.08614306896924973.
[I 2023-12-27 11:33:23,468] Trial 21 finished with value: 5.068824291229248 and parameters: {'gradient_clip_val': 0.7296042690828807, 'hidden_size': 102, 'dropout': 0.1596271220549497, 'hidden_continuous_size': 15, 'attention_head_size': 2, 'learning_rate': 0.014528558865523344}. Best is trial 0 with value: 0.08614306896924973.
[I 2023-12-27 11:33:24,060] Trial 22 finished with value: 7.375402927398682 and parameters: {'gradient_clip_val': 0.8034863865419775, 'hidden_size': 147, 'dropout': 0.15695410816820474, 'hidden_continuous_size': 18, 'attention_head_size': 2, 'learning_rate': 0.010186037043064889}. Best is trial 0 with value: 0.08614306896924973.
[I 2023-12-27 11:33:24,781] Trial 23 finished with value: 5.676997661590576 and parameters: {'gradient_clip_val': 0.5192773976832364, 'hidden_size': 104, 'dropout': 0.12936394238245605, 'hidden_continuous_size': 13, 'attention_head_size': 1, 'learning_rate': 0.02810454877348}. Best is trial 0 with value: 0.08614306896924973.
[I 2023-12-27 11:33:25,215] Trial 24 finished with value: 6.570343017578125 and parameters: {'gradient_clip_val': 0.6582120514588995, 'hidden_size': 69, 'dropout': 0.18635405776089392, 'hidden_continuous_size': 10, 'attention_head_size': 2, 'learning_rate': 0.055744057876281734}. Best is trial 0 with value: 0.08614306896924973.
[I 2023-12-27 11:33:25,711] Trial 25 finished with value: 6.6054253578186035 and parameters: {'gradient_clip_val': 0.8565674976927106, 'hidden_size': 116, 'dropout': 0.10157445023633244, 'hidden_continuous_size': 13, 'attention_head_size': 3, 'learning_rate': 0.011592018245894432}. Best is trial 0 with value: 0.08614306896924973.
[I 2023-12-27 11:33:26,148] Trial 26 finished with value: 6.295793056488037 and parameters: {'gradient_clip_val': 0.666867540923787, 'hidden_size': 78, 'dropout': 0.16910411800201083, 'hidden_continuous_size': 8, 'attention_head_size': 2, 'learning_rate': 0.007296752794201253}. Best is trial 0 with value: 0.08614306896924973.
[I 2023-12-27 11:33:26,564] Trial 27 finished with value: 6.200950622558594 and parameters: {'gradient_clip_val': 0.8483454275321186, 'hidden_size': 54, 'dropout': 0.2857488468488627, 'hidden_continuous_size': 10, 'attention_head_size': 1, 'learning_rate': 0.021758688879575237}. Best is trial 0 with value: 0.08614306896924973.
[I 2023-12-27 11:33:27,033] Trial 28 finished with value: 6.561243057250977 and parameters: {'gradient_clip_val': 0.5417421692737647, 'hidden_size': 91, 'dropout': 0.2064629934358771, 'hidden_continuous_size': 7, 'attention_head_size': 3, 'learning_rate': 0.03716061517472346}. Best is trial 0 with value: 0.08614306896924973.
[I 2023-12-27 11:33:27,554] Trial 29 finished with value: 6.615540981292725 and parameters: {'gradient_clip_val': 0.7873197664688939, 'hidden_size': 115, 'dropout': 0.1390145416641957, 'hidden_continuous_size': 21, 'attention_head_size': 1, 'learning_rate': 0.019253790548302445}. Best is trial 0 with value: 0.08614306896924973.
[I 2023-12-27 11:33:28,002] Trial 30 finished with value: 7.135422229766846 and parameters: {'gradient_clip_val': 0.8508706415844262, 'hidden_size': 85, 'dropout': 0.16870656226328398, 'hidden_continuous_size': 14, 'attention_head_size': 2, 'learning_rate': 0.024002480224652564}. Best is trial 0 with value: 0.08614306896924973.
[I 2023-12-27 11:33:28,388] Trial 31 finished with value: 5.3057541847229 and parameters: {'gradient_clip_val': 0.6296792372249547, 'hidden_size': 37, 'dropout': 0.14384417810995964, 'hidden_continuous_size': 8, 'attention_head_size': 3, 'learning_rate': 0.030707588866799848}. Best is trial 0 with value: 0.08614306896924973.
[I 2023-12-27 11:33:28,797] Trial 32 finished with value: 4.845332622528076 and parameters: {'gradient_clip_val': 0.7178594465385221, 'hidden_size': 56, 'dropout': 0.13932296447852568, 'hidden_continuous_size': 6, 'attention_head_size': 3, 'learning_rate': 0.06868859714762868}. Best is trial 0 with value: 0.08614306896924973.
[I 2023-12-27 11:33:29,209] Trial 33 finished with value: 6.562755584716797 and parameters: {'gradient_clip_val': 0.7267192998535574, 'hidden_size': 59, 'dropout': 0.17706997200164623, 'hidden_continuous_size': 6, 'attention_head_size': 3, 'learning_rate': 0.06442213332925247}. Best is trial 0 with value: 0.08614306896924973.
[I 2023-12-27 11:33:29,644] Trial 34 finished with value: 6.092800140380859 and parameters: {'gradient_clip_val': 0.9155157244647586, 'hidden_size': 81, 'dropout': 0.18820413447562748, 'hidden_continuous_size': 12, 'attention_head_size': 2, 'learning_rate': 0.045076924419925724}. Best is trial 0 with value: 0.08614306896924973.
[I 2023-12-27 11:33:30,062] Trial 35 finished with value: 6.554784774780273 and parameters: {'gradient_clip_val': 0.591556129368603, 'hidden_size': 72, 'dropout': 0.12245525037887833, 'hidden_continuous_size': 5, 'attention_head_size': 4, 'learning_rate': 0.07186142377231354}. Best is trial 0 with value: 0.08614306896924973.
[I 2023-12-27 11:33:30,465] Trial 36 finished with value: 7.941555023193359 and parameters: {'gradient_clip_val': 0.7069085844543798, 'hidden_size': 47, 'dropout': 0.15169272465700584, 'hidden_continuous_size': 9, 'attention_head_size': 3, 'learning_rate': 0.03599901391784045}. Best is trial 0 with value: 0.08614306896924973.
[I 2023-12-27 11:33:31,160] Trial 37 finished with value: 5.301449298858643 and parameters: {'gradient_clip_val': 0.836899796800575, 'hidden_size': 59, 'dropout': 0.20928273740035316, 'hidden_continuous_size': 6, 'attention_head_size': 2, 'learning_rate': 0.0690950755952234}. Best is trial 0 with value: 0.08614306896924973.
[I 2023-12-27 11:33:31,669] Trial 38 finished with value: 4.837620258331299 and parameters: {'gradient_clip_val': 0.5926885281079936, 'hidden_size': 120, 'dropout': 0.18170900943492796, 'hidden_continuous_size': 17, 'attention_head_size': 2, 'learning_rate': 0.04416834149452477}. Best is trial 0 with value: 0.08614306896924973.
[I 2023-12-27 11:33:32,182] Trial 39 finished with value: 7.930415630340576 and parameters: {'gradient_clip_val': 0.4803960108905902, 'hidden_size': 109, 'dropout': 0.17897832282566564, 'hidden_continuous_size': 19, 'attention_head_size': 1, 'learning_rate': 0.024398574814946537}. Best is trial 0 with value: 0.08614306896924973.
[I 2023-12-27 11:33:32,745] Trial 40 finished with value: 4.8032684326171875 and parameters: {'gradient_clip_val': 0.6081050295479132, 'hidden_size': 125, 'dropout': 0.22099718042974942, 'hidden_continuous_size': 29, 'attention_head_size': 2, 'learning_rate': 0.041517846574611196}. Best is trial 0 with value: 0.08614306896924973.
[I 2023-12-27 11:33:33,277] Trial 41 finished with value: 4.95298433303833 and parameters: {'gradient_clip_val': 0.6088810309747434, 'hidden_size': 131, 'dropout': 0.2191594115410821, 'hidden_continuous_size': 28, 'attention_head_size': 2, 'learning_rate': 0.0412214624080012}. Best is trial 0 with value: 0.08614306896924973.
