[I 2023-12-27 11:24:13,436] Trial 4 finished with value: 2.2636630535125732 and parameters: {'gradient_clip_val': 0.5555999661653886, 'hidden_size': 9, 'dropout': 0.26436307412983184, 'hidden_continuous_size': 9, 'attention_head_size': 1, 'learning_rate': 0.08569713524465855}. Best is trial 1 with value: 0.12256196141242981.
[I 2023-12-27 11:24:13,788] Trial 5 finished with value: 3.031471014022827 and parameters: {'gradient_clip_val': 0.44407135065627845, 'hidden_size': 10, 'dropout': 0.3943294835043083, 'hidden_continuous_size': 5, 'attention_head_size': 4, 'learning_rate': 0.00450829812532683}. Best is trial 1 with value: 0.12256196141242981.
[I 2023-12-27 11:24:14,263] Trial 6 finished with value: 3.910285711288452 and parameters: {'gradient_clip_val': 0.12904572595662683, 'hidden_size': 113, 'dropout': 0.42574037628505945, 'hidden_continuous_size': 7, 'attention_head_size': 1, 'learning_rate': 0.014381386288305716}. Best is trial 1 with value: 0.12256196141242981.
[I 2023-12-27 11:24:14,831] Trial 7 finished with value: 3.2263362407684326 and parameters: {'gradient_clip_val': 0.5333069555417664, 'hidden_size': 136, 'dropout': 0.2040603004478911, 'hidden_continuous_size': 98, 'attention_head_size': 2, 'learning_rate': 0.001910076066264443}. Best is trial 1 with value: 0.12256196141242981.
[I 2023-12-27 11:24:15,194] Trial 8 finished with value: 3.3181421756744385 and parameters: {'gradient_clip_val': 0.32541394410813557, 'hidden_size': 24, 'dropout': 0.24487307124324031, 'hidden_continuous_size': 18, 'attention_head_size': 4, 'learning_rate': 0.0013617061657049693}. Best is trial 1 with value: 0.12256196141242981.
[I 2023-12-27 11:24:15,739] Trial 9 finished with value: 3.444791793823242 and parameters: {'gradient_clip_val': 0.24283876306899763, 'hidden_size': 14, 'dropout': 0.2670023908225605, 'hidden_continuous_size': 6, 'attention_head_size': 3, 'learning_rate': 0.036583100038705345}. Best is trial 1 with value: 0.12256196141242981.
[I 2023-12-27 11:24:16,170] Trial 10 finished with value: 2.618130922317505 and parameters: {'gradient_clip_val': 0.7724653272862981, 'hidden_size': 55, 'dropout': 0.1004550312165334, 'hidden_continuous_size': 40, 'attention_head_size': 3, 'learning_rate': 0.005441688736050199}. Best is trial 1 with value: 0.12256196141242981.
[I 2023-12-27 11:24:16,578] Trial 11 finished with value: 3.3674228191375732 and parameters: {'gradient_clip_val': 0.8956616235113551, 'hidden_size': 56, 'dropout': 0.32541658728171, 'hidden_continuous_size': 11, 'attention_head_size': 2, 'learning_rate': 0.0005153134677377682}. Best is trial 1 with value: 0.12256196141242981.
[I 2023-12-27 11:24:17,023] Trial 12 finished with value: 2.878066062927246 and parameters: {'gradient_clip_val': 0.20856155793572376, 'hidden_size': 62, 'dropout': 0.3319166822097813, 'hidden_continuous_size': 12, 'attention_head_size': 3, 'learning_rate': 0.0024937267843336782}. Best is trial 1 with value: 0.12256196141242981.
[I 2023-12-27 11:24:17,414] Trial 13 finished with value: 3.925896406173706 and parameters: {'gradient_clip_val': 0.9187497043047537, 'hidden_size': 38, 'dropout': 0.21640308338494013, 'hidden_continuous_size': 8, 'attention_head_size': 2, 'learning_rate': 0.002884745216752321}. Best is trial 1 with value: 0.12256196141242981.
[I 2023-12-27 11:24:17,748] Trial 14 finished with value: 2.607694149017334 and parameters: {'gradient_clip_val': 0.16805371849777523, 'hidden_size': 5, 'dropout': 0.28611046431002535, 'hidden_continuous_size': 5, 'attention_head_size': 3, 'learning_rate': 0.01130117904764341}. Best is trial 1 with value: 0.12256196141242981.
[I 2023-12-27 11:24:18,221] Trial 15 finished with value: 2.2726988792419434 and parameters: {'gradient_clip_val': 0.10936460480691669, 'hidden_size': 89, 'dropout': 0.4570122565702517, 'hidden_continuous_size': 31, 'attention_head_size': 1, 'learning_rate': 0.0005101102056744942}. Best is trial 1 with value: 0.12256196141242981.
[I 2023-12-27 11:24:18,792] Trial 16 finished with value: 3.560946226119995 and parameters: {'gradient_clip_val': 0.7300250802402696, 'hidden_size': 134, 'dropout': 0.4982896834527831, 'hidden_continuous_size': 51, 'attention_head_size': 4, 'learning_rate': 0.003282864586521666}. Best is trial 1 with value: 0.12256196141242981.
[I 2023-12-27 11:24:19,278] Trial 17 finished with value: 3.092435836791992 and parameters: {'gradient_clip_val': 0.2529027356087824, 'hidden_size': 89, 'dropout': 0.18814039737301316, 'hidden_continuous_size': 14, 'attention_head_size': 3, 'learning_rate': 0.0016967826104335425}. Best is trial 1 with value: 0.12256196141242981.
[I 2023-12-27 11:24:19,685] Trial 18 finished with value: 3.5202014446258545 and parameters: {'gradient_clip_val': 0.3806293590545731, 'hidden_size': 41, 'dropout': 0.2926335088703388, 'hidden_continuous_size': 10, 'attention_head_size': 2, 'learning_rate': 0.008753014614823529}. Best is trial 1 with value: 0.12256196141242981.
[I 2023-12-27 11:24:20,256] Trial 19 finished with value: 3.289682388305664 and parameters: {'gradient_clip_val': 0.5868064646594172, 'hidden_size': 147, 'dropout': 0.38191830844618935, 'hidden_continuous_size': 26, 'attention_head_size': 1, 'learning_rate': 0.004661087046461603}. Best is trial 1 with value: 0.12256196141242981.
[I 2023-12-27 11:24:20,725] Trial 20 finished with value: 3.5769073963165283 and parameters: {'gradient_clip_val': 0.9938091265235084, 'hidden_size': 87, 'dropout': 0.23966408824150753, 'hidden_continuous_size': 14, 'attention_head_size': 4, 'learning_rate': 0.0008921541949926838}. Best is trial 1 with value: 0.12256196141242981.
[I 2023-12-27 11:24:21,124] Trial 21 finished with value: 2.552177667617798 and parameters: {'gradient_clip_val': 0.3982278475675757, 'hidden_size': 35, 'dropout': 0.33024778946895283, 'hidden_continuous_size': 7, 'attention_head_size': 4, 'learning_rate': 0.0011783071014301889}. Best is trial 1 with value: 0.12256196141242981.
[I 2023-12-27 11:24:21,757] Trial 22 finished with value: 3.637329339981079 and parameters: {'gradient_clip_val': 0.3268585083171454, 'hidden_size': 29, 'dropout': 0.3714724067348744, 'hidden_continuous_size': 6, 'attention_head_size': 4, 'learning_rate': 0.001752551295966626}. Best is trial 1 with value: 0.12256196141242981.
[I 2023-12-27 11:24:22,153] Trial 23 finished with value: 2.846572160720825 and parameters: {'gradient_clip_val': 0.4667670476420886, 'hidden_size': 19, 'dropout': 0.3095430800465927, 'hidden_continuous_size': 9, 'attention_head_size': 3, 'learning_rate': 0.001040225969651811}. Best is trial 1 with value: 0.12256196141242981.
[I 2023-12-27 11:24:22,590] Trial 24 finished with value: 2.6726176738739014 and parameters: {'gradient_clip_val': 0.6630416568241267, 'hidden_size': 65, 'dropout': 0.35247148333094985, 'hidden_continuous_size': 5, 'attention_head_size': 4, 'learning_rate': 0.0024428836337590984}. Best is trial 1 with value: 0.12256196141242981.
[I 2023-12-27 11:24:23,003] Trial 25 finished with value: 3.18910813331604 and parameters: {'gradient_clip_val': 0.19183538784795573, 'hidden_size': 44, 'dropout': 0.28951199616479184, 'hidden_continuous_size': 8, 'attention_head_size': 3, 'learning_rate': 0.0007153865579888423}. Best is trial 1 with value: 0.12256196141242981.
[I 2023-12-27 11:24:23,392] Trial 26 finished with value: 3.0849506855010986 and parameters: {'gradient_clip_val': 0.3687871945345384, 'hidden_size': 32, 'dropout': 0.3490418430430581, 'hidden_continuous_size': 6, 'attention_head_size': 2, 'learning_rate': 0.0012493733538874873}. Best is trial 1 with value: 0.12256196141242981.
[I 2023-12-27 11:24:23,853] Trial 27 finished with value: 3.313340425491333 and parameters: {'gradient_clip_val': 0.6484438842718725, 'hidden_size': 76, 'dropout': 0.25690982255238937, 'hidden_continuous_size': 12, 'attention_head_size': 4, 'learning_rate': 0.0016771652585130085}. Best is trial 1 with value: 0.12256196141242981.
[I 2023-12-27 11:24:24,268] Trial 28 finished with value: 3.4797751903533936 and parameters: {'gradient_clip_val': 0.4394092119895227, 'hidden_size': 47, 'dropout': 0.31253954328184663, 'hidden_continuous_size': 16, 'attention_head_size': 3, 'learning_rate': 0.0007056563159528523}. Best is trial 1 with value: 0.12256196141242981.
[I 2023-12-27 11:24:24,768] Trial 29 finished with value: 2.684532880783081 and parameters: {'gradient_clip_val': 0.28474266461190423, 'hidden_size': 107, 'dropout': 0.16349977210856356, 'hidden_continuous_size': 22, 'attention_head_size': 2, 'learning_rate': 0.0008765404345295752}. Best is trial 1 with value: 0.12256196141242981.
[I 2023-12-27 11:24:25,151] Trial 30 finished with value: 3.143132448196411 and parameters: {'gradient_clip_val': 0.2888951879581777, 'hidden_size': 25, 'dropout': 0.22410475514105604, 'hidden_continuous_size': 10, 'attention_head_size': 4, 'learning_rate': 0.0035185967010689556}. Best is trial 1 with value: 0.12256196141242981.
[I 2023-12-27 11:24:25,515] Trial 31 finished with value: 3.924304962158203 and parameters: {'gradient_clip_val': 0.5434879306725137, 'hidden_size': 18, 'dropout': 0.2555612804432435, 'hidden_continuous_size': 9, 'attention_head_size': 1, 'learning_rate': 0.06452558808842933}. Best is trial 1 with value: 0.12256196141242981.
[I 2023-12-27 11:24:25,870] Trial 32 finished with value: 3.800281286239624 and parameters: {'gradient_clip_val': 0.47585224106450863, 'hidden_size': 11, 'dropout': 0.27922867527697326, 'hidden_continuous_size': 5, 'attention_head_size': 1, 'learning_rate': 0.07586599269626704}. Best is trial 1 with value: 0.12256196141242981.
[I 2023-12-27 11:24:26,224] Trial 33 finished with value: 2.5083625316619873 and parameters: {'gradient_clip_val': 0.7837148065081521, 'hidden_size': 9, 'dropout': 0.3007634727885262, 'hidden_continuous_size': 6, 'attention_head_size': 1, 'learning_rate': 0.022179409049791127}. Best is trial 1 with value: 0.12256196141242981.
[I 2023-12-27 11:24:26,723] Trial 34 finished with value: 2.6945621967315674 and parameters: {'gradient_clip_val': 0.5409293247261708, 'hidden_size': 110, 'dropout': 0.23498769914325202, 'hidden_continuous_size': 7, 'attention_head_size': 2, 'learning_rate': 0.006836191455578933}. Best is trial 1 with value: 0.12256196141242981.
[I 2023-12-27 11:24:27,103] Trial 35 finished with value: 4.268788814544678 and parameters: {'gradient_clip_val': 0.6203694102248342, 'hidden_size': 30, 'dropout': 0.2672434773212076, 'hidden_continuous_size': 8, 'attention_head_size': 1, 'learning_rate': 0.0037045101613257646}. Best is trial 1 with value: 0.12256196141242981.
[I 2023-12-27 11:24:27,725] Trial 36 finished with value: 2.8381481170654297 and parameters: {'gradient_clip_val': 0.493465440716039, 'hidden_size': 22, 'dropout': 0.19866761302986718, 'hidden_continuous_size': 9, 'attention_head_size': 1, 'learning_rate': 0.0021926627613220065}. Best is trial 1 with value: 0.12256196141242981.
[I 2023-12-27 11:24:28,077] Trial 37 finished with value: 3.2708559036254883 and parameters: {'gradient_clip_val': 0.42206501794983325, 'hidden_size': 16, 'dropout': 0.41442239625708943, 'hidden_continuous_size': 7, 'attention_head_size': 4, 'learning_rate': 0.09699299569919745}. Best is trial 1 with value: 0.12256196141242981.
[I 2023-12-27 11:24:28,448] Trial 38 finished with value: 2.456446886062622 and parameters: {'gradient_clip_val': 0.32059685549484457, 'hidden_size': 26, 'dropout': 0.27095547710017676, 'hidden_continuous_size': 11, 'attention_head_size': 2, 'learning_rate': 0.01713642679393288}. Best is trial 1 with value: 0.12256196141242981.
[I 2023-12-27 11:24:28,883] Trial 39 finished with value: 4.280345916748047 and parameters: {'gradient_clip_val': 0.7270806876001306, 'hidden_size': 70, 'dropout': 0.35431299737165467, 'hidden_continuous_size': 20, 'attention_head_size': 2, 'learning_rate': 0.0016334830730028315}. Best is trial 1 with value: 0.12256196141242981.
[I 2023-12-27 11:24:29,296] Trial 40 finished with value: 3.2762506008148193 and parameters: {'gradient_clip_val': 0.8423555434940786, 'hidden_size': 51, 'dropout': 0.2497588111760487, 'hidden_continuous_size': 17, 'attention_head_size': 3, 'learning_rate': 0.0044647391606230016}. Best is trial 1 with value: 0.12256196141242981.
[I 2023-12-27 11:24:29,810] Trial 41 finished with value: 2.658900499343872 and parameters: {'gradient_clip_val': 0.11035550802461938, 'hidden_size': 117, 'dropout': 0.4688425159467586, 'hidden_continuous_size': 30, 'attention_head_size': 1, 'learning_rate': 0.0005304167992586991}. Best is trial 1 with value: 0.12256196141242981.
[I 2023-12-27 11:24:30,283] Trial 42 finished with value: 2.55683970451355 and parameters: {'gradient_clip_val': 0.13555241632937357, 'hidden_size': 96, 'dropout': 0.4150198321324582, 'hidden_continuous_size': 42, 'attention_head_size': 1, 'learning_rate': 0.00131898658555216}. Best is trial 1 with value: 0.12256196141242981.
[I 2023-12-27 11:24:30,844] Trial 43 finished with value: 3.1797173023223877 and parameters: {'gradient_clip_val': 0.1501027829587333, 'hidden_size': 127, 'dropout': 0.4432224046158532, 'hidden_continuous_size': 58, 'attention_head_size': 1, 'learning_rate': 0.0006605284660744616}. Best is trial 1 with value: 0.12256196141242981.
[I 2023-12-27 11:24:31,395] Trial 44 finished with value: 3.3971235752105713 and parameters: {'gradient_clip_val': 0.11568608773299849, 'hidden_size': 138, 'dropout': 0.38898047345532694, 'hidden_continuous_size': 28, 'attention_head_size': 1, 'learning_rate': 0.0010071220181586758}. Best is trial 1 with value: 0.12256196141242981.
[I 2023-12-27 11:24:31,853] Trial 45 finished with value: 3.268601179122925 and parameters: {'gradient_clip_val': 0.2139411073676067, 'hidden_size': 81, 'dropout': 0.324743233369738, 'hidden_continuous_size': 5, 'attention_head_size': 1, 'learning_rate': 0.002206839101259513}. Best is trial 1 with value: 0.12256196141242981.
[I 2023-12-27 11:24:32,272] Trial 46 finished with value: 3.927396059036255 and parameters: {'gradient_clip_val': 0.16740368709828043, 'hidden_size': 58, 'dropout': 0.2823888524407158, 'hidden_continuous_size': 13, 'attention_head_size': 2, 'learning_rate': 0.0005423054580110733}. Best is trial 1 with value: 0.12256196141242981.
[I 2023-12-27 11:24:32,770] Trial 47 finished with value: 3.183568000793457 and parameters: {'gradient_clip_val': 0.11916896120739162, 'hidden_size': 99, 'dropout': 0.21857298169947703, 'hidden_continuous_size': 34, 'attention_head_size': 4, 'learning_rate': 0.0014346342544121714}. Best is trial 1 with value: 0.12256196141242981.
[I 2023-12-27 11:24:33,206] Trial 48 finished with value: 2.7002995014190674 and parameters: {'gradient_clip_val': 0.2523438086962886, 'hidden_size': 73, 'dropout': 0.4025456511785284, 'hidden_continuous_size': 6, 'attention_head_size': 3, 'learning_rate': 0.001060384096175952}. Best is trial 1 with value: 0.12256196141242981.
[I 2023-12-27 11:24:33,659] Trial 49 finished with value: 2.64548921585083 and parameters: {'gradient_clip_val': 0.35373985106227107, 'hidden_size': 84, 'dropout': 0.4378988185493218, 'hidden_continuous_size': 15, 'attention_head_size': 4, 'learning_rate': 0.0030140366676196986}. Best is trial 1 with value: 0.12256196141242981.
[I 2023-12-27 11:24:33,766] A new study created in memory with name: no-name-bbfce3aa-792e-4ce3-989d-c00ff2731ecd
/home/le004/conda/anaconda3/envs/tsff_env/lib/python3.9/site-packages/lightning/fabric/plugins/environments/slurm.py:191: The `srun` command is available on your system but is not used. HINT: If your intention is to run Lightning on SLURM, prepend your python command with `srun` like so: srun python /home/le004/master_thesis/git/TSFusionForecast/code/ ...
[I 2023-12-27 11:25:28,646] Trial 0 finished with value: 0.08134299516677856 and parameters: {'gradient_clip_val': 0.46055389073927006, 'hidden_size': 100, 'dropout': 0.14564988701100512, 'hidden_continuous_size': 89, 'attention_head_size': 3, 'learning_rate': 0.003699807683325372}. Best is trial 0 with value: 0.08134299516677856.
[I 2023-12-27 11:25:36,090] Trial 1 finished with value: 3.3392493724823 and parameters: {'gradient_clip_val': 0.13490509703552106, 'hidden_size': 7, 'dropout': 0.3106449078280997, 'hidden_continuous_size': 7, 'attention_head_size': 3, 'learning_rate': 0.004135936363052175}. Best is trial 0 with value: 0.08134299516677856.
[I 2023-12-27 11:25:36,612] Trial 2 finished with value: 2.917205572128296 and parameters: {'gradient_clip_val': 0.1717564800086826, 'hidden_size': 136, 'dropout': 0.4093245335622696, 'hidden_continuous_size': 8, 'attention_head_size': 4, 'learning_rate': 0.0006219642940255872}. Best is trial 0 with value: 0.08134299516677856.
[I 2023-12-27 11:25:36,962] Trial 3 finished with value: 2.7645351886749268 and parameters: {'gradient_clip_val': 0.34475669003696907, 'hidden_size': 19, 'dropout': 0.2933314081072605, 'hidden_continuous_size': 8, 'attention_head_size': 2, 'learning_rate': 0.08101052422539733}. Best is trial 0 with value: 0.08134299516677856.
[I 2023-12-27 11:25:37,361] Trial 4 finished with value: 4.3424458503723145 and parameters: {'gradient_clip_val': 0.6564204920300514, 'hidden_size': 55, 'dropout': 0.31667119164099966, 'hidden_continuous_size': 7, 'attention_head_size': 4, 'learning_rate': 0.03513187921878706}. Best is trial 0 with value: 0.08134299516677856.
[I 2023-12-27 11:25:37,813] Trial 5 finished with value: 3.7352683544158936 and parameters: {'gradient_clip_val': 0.23484233486455158, 'hidden_size': 69, 'dropout': 0.1512460268614238, 'hidden_continuous_size': 45, 'attention_head_size': 1, 'learning_rate': 0.011396924813347132}. Best is trial 0 with value: 0.08134299516677856.
[I 2023-12-27 11:25:38,160] Trial 6 finished with value: 2.7179787158966064 and parameters: {'gradient_clip_val': 0.16307348255078755, 'hidden_size': 12, 'dropout': 0.2350784127735177, 'hidden_continuous_size': 10, 'attention_head_size': 2, 'learning_rate': 0.0007579333031044246}. Best is trial 0 with value: 0.08134299516677856.
[I 2023-12-27 11:25:38,502] Trial 7 finished with value: 3.3957455158233643 and parameters: {'gradient_clip_val': 0.10236576018397475, 'hidden_size': 13, 'dropout': 0.470186667726434, 'hidden_continuous_size': 10, 'attention_head_size': 2, 'learning_rate': 0.028419479861721775}. Best is trial 0 with value: 0.08134299516677856.
[I 2023-12-27 11:25:38,853] Trial 8 finished with value: 3.8889667987823486 and parameters: {'gradient_clip_val': 0.29749334309650904, 'hidden_size': 20, 'dropout': 0.19402138985160144, 'hidden_continuous_size': 14, 'attention_head_size': 3, 'learning_rate': 0.00795235770390447}. Best is trial 0 with value: 0.08134299516677856.
[I 2023-12-27 11:25:39,197] Trial 9 finished with value: 3.605396270751953 and parameters: {'gradient_clip_val': 0.29078372109886386, 'hidden_size': 7, 'dropout': 0.2585646803408335, 'hidden_continuous_size': 5, 'attention_head_size': 4, 'learning_rate': 0.06753253670154673}. Best is trial 0 with value: 0.08134299516677856.
[I 2023-12-27 11:25:39,811] Trial 10 finished with value: 4.136905193328857 and parameters: {'gradient_clip_val': 0.9780441241167036, 'hidden_size': 37, 'dropout': 0.11302065680207507, 'hidden_continuous_size': 30, 'attention_head_size': 1, 'learning_rate': 0.002476079808552596}. Best is trial 0 with value: 0.08134299516677856.
[I 2023-12-27 11:25:40,346] Trial 11 finished with value: 3.1703035831451416 and parameters: {'gradient_clip_val': 0.41124848136254705, 'hidden_size': 94, 'dropout': 0.1988997229474388, 'hidden_continuous_size': 91, 'attention_head_size': 2, 'learning_rate': 0.0007509701263536137}. Best is trial 0 with value: 0.08134299516677856.
[I 2023-12-27 11:25:40,748] Trial 12 finished with value: 3.777322769165039 and parameters: {'gradient_clip_val': 0.5126269810286728, 'hidden_size': 40, 'dropout': 0.1048076360872009, 'hidden_continuous_size': 13, 'attention_head_size': 3, 'learning_rate': 0.0015074845839252997}. Best is trial 0 with value: 0.08134299516677856.
[I 2023-12-27 11:25:41,382] Trial 13 finished with value: 4.023990154266357 and parameters: {'gradient_clip_val': 0.20427002939557348, 'hidden_size': 129, 'dropout': 0.20021908789509463, 'hidden_continuous_size': 125, 'attention_head_size': 2, 'learning_rate': 0.0014050030515509657}. Best is trial 0 with value: 0.08134299516677856.
[I 2023-12-27 11:25:41,759] Trial 14 finished with value: 3.8301525115966797 and parameters: {'gradient_clip_val': 0.166827454504789, 'hidden_size': 13, 'dropout': 0.24364641890584024, 'hidden_continuous_size': 5, 'attention_head_size': 3, 'learning_rate': 0.0035092557003856646}. Best is trial 0 with value: 0.08134299516677856.
[I 2023-12-27 11:25:42,152] Trial 15 finished with value: 3.022892713546753 and parameters: {'gradient_clip_val': 0.24044998709542276, 'hidden_size': 31, 'dropout': 0.1496526012339513, 'hidden_continuous_size': 15, 'attention_head_size': 1, 'learning_rate': 0.0011407226851162353}. Best is trial 0 with value: 0.08134299516677856.
[I 2023-12-27 11:25:42,587] Trial 16 finished with value: 3.39829421043396 and parameters: {'gradient_clip_val': 0.4384880926753459, 'hidden_size': 65, 'dropout': 0.16062663746263278, 'hidden_continuous_size': 22, 'attention_head_size': 2, 'learning_rate': 0.0023571408731257863}. Best is trial 0 with value: 0.08134299516677856.
[I 2023-12-27 11:25:43,191] Trial 17 finished with value: 3.1836979389190674 and parameters: {'gradient_clip_val': 0.12082218498365405, 'hidden_size': 150, 'dropout': 0.2404311960805281, 'hidden_continuous_size': 64, 'attention_head_size': 3, 'learning_rate': 0.000511540464306367}. Best is trial 0 with value: 0.08134299516677856.
[I 2023-12-27 11:25:43,525] Trial 18 finished with value: 4.3161396980285645 and parameters: {'gradient_clip_val': 0.16344801174844198, 'hidden_size': 5, 'dropout': 0.3483688720380502, 'hidden_continuous_size': 5, 'attention_head_size': 2, 'learning_rate': 0.0009603370099552389}. Best is trial 0 with value: 0.08134299516677856.
