[I 2023-12-27 10:55:28,882] Trial 29 finished with value: 5.271585941314697 and parameters: {'gradient_clip_val': 0.2745757015314023, 'hidden_size': 23, 'dropout': 0.15133084216869094, 'hidden_continuous_size': 12, 'attention_head_size': 4, 'learning_rate': 0.004950387564015077}. Best is trial 0 with value: 0.2934708893299103.
[I 2023-12-27 10:55:29,260] Trial 30 finished with value: 5.316792964935303 and parameters: {'gradient_clip_val': 0.36972343545358294, 'hidden_size': 10, 'dropout': 0.2023783619471804, 'hidden_continuous_size': 6, 'attention_head_size': 2, 'learning_rate': 0.019519905247437998}. Best is trial 0 with value: 0.2934708893299103.
[I 2023-12-27 10:55:29,648] Trial 31 finished with value: 5.3474202156066895 and parameters: {'gradient_clip_val': 0.7383272887651892, 'hidden_size': 32, 'dropout': 0.221940485052379, 'hidden_continuous_size': 8, 'attention_head_size': 2, 'learning_rate': 0.010113910694166466}. Best is trial 0 with value: 0.2934708893299103.
[I 2023-12-27 10:55:30,065] Trial 32 finished with value: 4.96797513961792 and parameters: {'gradient_clip_val': 0.6544273181134649, 'hidden_size': 52, 'dropout': 0.16873799156966085, 'hidden_continuous_size': 11, 'attention_head_size': 2, 'learning_rate': 0.010525722514899938}. Best is trial 0 with value: 0.2934708893299103.
[I 2023-12-27 10:55:30,464] Trial 33 finished with value: 4.5628132820129395 and parameters: {'gradient_clip_val': 0.46848509358774704, 'hidden_size': 33, 'dropout': 0.254362632456536, 'hidden_continuous_size': 7, 'attention_head_size': 2, 'learning_rate': 0.0056904312770478}. Best is trial 0 with value: 0.2934708893299103.
[I 2023-12-27 10:55:30,847] Trial 34 finished with value: 4.227899551391602 and parameters: {'gradient_clip_val': 0.6960629141936256, 'hidden_size': 22, 'dropout': 0.2265440816084207, 'hidden_continuous_size': 8, 'attention_head_size': 3, 'learning_rate': 0.0034266587592782756}. Best is trial 0 with value: 0.2934708893299103.
[I 2023-12-27 10:55:31,228] Trial 35 finished with value: 4.614429950714111 and parameters: {'gradient_clip_val': 0.8420000538617329, 'hidden_size': 14, 'dropout': 0.21044434005624418, 'hidden_continuous_size': 7, 'attention_head_size': 1, 'learning_rate': 0.04831001812836986}. Best is trial 0 with value: 0.2934708893299103.
[I 2023-12-27 10:55:31,626] Trial 36 finished with value: 5.580857753753662 and parameters: {'gradient_clip_val': 0.533528799524168, 'hidden_size': 28, 'dropout': 0.17736647703874608, 'hidden_continuous_size': 9, 'attention_head_size': 2, 'learning_rate': 0.023485324645941157}. Best is trial 0 with value: 0.2934708893299103.
[I 2023-12-27 10:55:32,078] Trial 37 finished with value: 4.742365837097168 and parameters: {'gradient_clip_val': 0.652758894960611, 'hidden_size': 46, 'dropout': 0.25554800423129825, 'hidden_continuous_size': 15, 'attention_head_size': 4, 'learning_rate': 0.018117144662985574}. Best is trial 0 with value: 0.2934708893299103.
[I 2023-12-27 10:55:32,519] Trial 38 finished with value: 5.0435051918029785 and parameters: {'gradient_clip_val': 0.30939959605950546, 'hidden_size': 64, 'dropout': 0.18611727090638852, 'hidden_continuous_size': 19, 'attention_head_size': 3, 'learning_rate': 0.00400896711907642}. Best is trial 0 with value: 0.2934708893299103.
[I 2023-12-27 10:55:32,924] Trial 39 finished with value: 4.521643161773682 and parameters: {'gradient_clip_val': 0.9107725059681809, 'hidden_size': 40, 'dropout': 0.13385061359119588, 'hidden_continuous_size': 14, 'attention_head_size': 3, 'learning_rate': 0.02975462550796779}. Best is trial 0 with value: 0.2934708893299103.
[I 2023-12-27 10:55:33,292] Trial 40 finished with value: 5.2685418128967285 and parameters: {'gradient_clip_val': 0.8522323867959604, 'hidden_size': 16, 'dropout': 0.20928187296346762, 'hidden_continuous_size': 9, 'attention_head_size': 1, 'learning_rate': 0.002537236323906925}. Best is trial 0 with value: 0.2934708893299103.
[I 2023-12-27 10:55:33,671] Trial 41 finished with value: 3.824591875076294 and parameters: {'gradient_clip_val': 0.6927603650923232, 'hidden_size': 24, 'dropout': 0.2287390947213991, 'hidden_continuous_size': 8, 'attention_head_size': 3, 'learning_rate': 0.0036924234263594684}. Best is trial 0 with value: 0.2934708893299103.
[I 2023-12-27 10:55:34,295] Trial 42 finished with value: 4.029592990875244 and parameters: {'gradient_clip_val': 0.7663988353258561, 'hidden_size': 20, 'dropout': 0.2455941493815445, 'hidden_continuous_size': 8, 'attention_head_size': 3, 'learning_rate': 0.005567036613364103}. Best is trial 0 with value: 0.2934708893299103.
[I 2023-12-27 10:55:34,678] Trial 43 finished with value: 6.396064758300781 and parameters: {'gradient_clip_val': 0.6599412251342733, 'hidden_size': 13, 'dropout': 0.2173105640909692, 'hidden_continuous_size': 9, 'attention_head_size': 4, 'learning_rate': 0.004191554349968525}. Best is trial 0 with value: 0.2934708893299103.
[I 2023-12-27 10:55:35,082] Trial 44 finished with value: 4.015201091766357 and parameters: {'gradient_clip_val': 0.7125531336682989, 'hidden_size': 25, 'dropout': 0.28129148034227974, 'hidden_continuous_size': 10, 'attention_head_size': 2, 'learning_rate': 0.0027265888960061966}. Best is trial 0 with value: 0.2934708893299103.
[I 2023-12-27 10:55:35,472] Trial 45 finished with value: 4.385817050933838 and parameters: {'gradient_clip_val': 0.6024355524204044, 'hidden_size': 20, 'dropout': 0.23458139130065195, 'hidden_continuous_size': 10, 'attention_head_size': 3, 'learning_rate': 0.0018559057919357088}. Best is trial 0 with value: 0.2934708893299103.
[I 2023-12-27 10:55:35,879] Trial 46 finished with value: 5.31627893447876 and parameters: {'gradient_clip_val': 0.4131028277507455, 'hidden_size': 34, 'dropout': 0.29862207183162215, 'hidden_continuous_size': 11, 'attention_head_size': 2, 'learning_rate': 0.001379781073678559}. Best is trial 0 with value: 0.2934708893299103.
[I 2023-12-27 10:55:36,297] Trial 47 finished with value: 4.7652482986450195 and parameters: {'gradient_clip_val': 0.8712430148687937, 'hidden_size': 15, 'dropout': 0.16456197990952534, 'hidden_continuous_size': 7, 'attention_head_size': 2, 'learning_rate': 0.007381604161940245}. Best is trial 0 with value: 0.2934708893299103.
[I 2023-12-27 10:55:36,728] Trial 48 finished with value: 5.795270919799805 and parameters: {'gradient_clip_val': 0.7932263048124788, 'hidden_size': 29, 'dropout': 0.2632565065071506, 'hidden_continuous_size': 13, 'attention_head_size': 3, 'learning_rate': 0.07563272184418672}. Best is trial 0 with value: 0.2934708893299103.
[I 2023-12-27 10:55:37,154] Trial 49 finished with value: 4.937990188598633 and parameters: {'gradient_clip_val': 0.25420494417160816, 'hidden_size': 39, 'dropout': 0.19299433909991515, 'hidden_continuous_size': 18, 'attention_head_size': 3, 'learning_rate': 0.009891079366495971}. Best is trial 0 with value: 0.2934708893299103.
[I 2023-12-27 10:55:37,267] A new study created in memory with name: no-name-1198c1c4-c2cb-4783-acfc-32474b74f9d6
/home/le004/conda/anaconda3/envs/tsff_env/lib/python3.9/site-packages/lightning/fabric/plugins/environments/slurm.py:191: The `srun` command is available on your system but is not used. HINT: If your intention is to run Lightning on SLURM, prepend your python command with `srun` like so: srun python /home/le004/master_thesis/git/TSFusionForecast/code/ ...
[I 2023-12-27 10:56:09,658] Trial 0 finished with value: 141.19374084472656 and parameters: {'gradient_clip_val': 0.11149215225260252, 'hidden_size': 15, 'dropout': 0.37246587254194874, 'hidden_continuous_size': 6, 'attention_head_size': 2, 'learning_rate': 0.0028390564280635624}. Best is trial 0 with value: 141.19374084472656.
[I 2023-12-27 10:56:38,938] Trial 1 finished with value: 108.44503784179688 and parameters: {'gradient_clip_val': 0.29807811491783875, 'hidden_size': 42, 'dropout': 0.45006607580428415, 'hidden_continuous_size': 11, 'attention_head_size': 1, 'learning_rate': 0.00819119470498898}. Best is trial 1 with value: 108.44503784179688.
[I 2023-12-27 10:56:39,299] Trial 2 finished with value: 250.12677001953125 and parameters: {'gradient_clip_val': 0.341581360672645, 'hidden_size': 13, 'dropout': 0.37992973996547297, 'hidden_continuous_size': 8, 'attention_head_size': 1, 'learning_rate': 0.060883281294748806}. Best is trial 1 with value: 108.44503784179688.
[I 2023-12-27 10:56:39,630] Trial 3 finished with value: 344.22998046875 and parameters: {'gradient_clip_val': 0.4093657423144508, 'hidden_size': 6, 'dropout': 0.28732344523484954, 'hidden_continuous_size': 6, 'attention_head_size': 3, 'learning_rate': 0.0013892634511594598}. Best is trial 1 with value: 108.44503784179688.
[I 2023-12-27 10:56:39,979] Trial 4 finished with value: 343.8069763183594 and parameters: {'gradient_clip_val': 0.6520610863609535, 'hidden_size': 8, 'dropout': 0.3581191168790112, 'hidden_continuous_size': 5, 'attention_head_size': 2, 'learning_rate': 0.003052897036716209}. Best is trial 1 with value: 108.44503784179688.
[I 2023-12-27 10:56:40,344] Trial 5 finished with value: 255.1110076904297 and parameters: {'gradient_clip_val': 0.16446965187542167, 'hidden_size': 13, 'dropout': 0.3925558909654646, 'hidden_continuous_size': 7, 'attention_head_size': 4, 'learning_rate': 0.0006227271815805393}. Best is trial 1 with value: 108.44503784179688.
[I 2023-12-27 10:56:40,662] Trial 6 finished with value: 335.8678283691406 and parameters: {'gradient_clip_val': 0.7215453956050366, 'hidden_size': 5, 'dropout': 0.1429159464751041, 'hidden_continuous_size': 5, 'attention_head_size': 4, 'learning_rate': 0.0006901552588039524}. Best is trial 1 with value: 108.44503784179688.
[I 2023-12-27 10:56:41,085] Trial 7 finished with value: 297.5260925292969 and parameters: {'gradient_clip_val': 0.1718390978692059, 'hidden_size': 72, 'dropout': 0.2736693424020624, 'hidden_continuous_size': 15, 'attention_head_size': 3, 'learning_rate': 0.0012447707007688597}. Best is trial 1 with value: 108.44503784179688.
[I 2023-12-27 10:56:41,462] Trial 8 finished with value: 305.61285400390625 and parameters: {'gradient_clip_val': 0.12446195488556079, 'hidden_size': 9, 'dropout': 0.4771030537471651, 'hidden_continuous_size': 8, 'attention_head_size': 4, 'learning_rate': 0.006715328513782412}. Best is trial 1 with value: 108.44503784179688.
[I 2023-12-27 10:56:41,951] Trial 9 finished with value: 382.914306640625 and parameters: {'gradient_clip_val': 0.7338793775329444, 'hidden_size': 91, 'dropout': 0.46714739907658964, 'hidden_continuous_size': 43, 'attention_head_size': 2, 'learning_rate': 0.0036302399148122866}. Best is trial 1 with value: 108.44503784179688.
[I 2023-12-27 10:56:42,348] Trial 10 finished with value: 272.9681396484375 and parameters: {'gradient_clip_val': 0.23935956354995397, 'hidden_size': 38, 'dropout': 0.4888467730145298, 'hidden_continuous_size': 13, 'attention_head_size': 1, 'learning_rate': 0.019183480287677187}. Best is trial 1 with value: 108.44503784179688.
[I 2023-12-27 10:56:42,747] Trial 11 finished with value: 308.0160827636719 and parameters: {'gradient_clip_val': 0.1042763949384196, 'hidden_size': 27, 'dropout': 0.4051671030205384, 'hidden_continuous_size': 10, 'attention_head_size': 1, 'learning_rate': 0.012604716326508272}. Best is trial 1 with value: 108.44503784179688.
[I 2023-12-27 10:56:43,152] Trial 12 finished with value: 413.948974609375 and parameters: {'gradient_clip_val': 0.22341010108191758, 'hidden_size': 48, 'dropout': 0.3271926417273434, 'hidden_continuous_size': 13, 'attention_head_size': 2, 'learning_rate': 0.00422252382826309}. Best is trial 1 with value: 108.44503784179688.
[I 2023-12-27 10:56:43,535] Trial 13 finished with value: 285.7402648925781 and parameters: {'gradient_clip_val': 0.43444048179691147, 'hidden_size': 20, 'dropout': 0.4258203201655541, 'hidden_continuous_size': 6, 'attention_head_size': 1, 'learning_rate': 0.014344255348409315}. Best is trial 1 with value: 108.44503784179688.
[I 2023-12-27 10:56:44,346] Trial 14 finished with value: 252.52818298339844 and parameters: {'gradient_clip_val': 0.10098277500155095, 'hidden_size': 137, 'dropout': 0.4360766979540024, 'hidden_continuous_size': 22, 'attention_head_size': 2, 'learning_rate': 0.0020926796740456366}. Best is trial 1 with value: 108.44503784179688.
[I 2023-12-27 10:56:44,736] Trial 15 finished with value: 328.5164794921875 and parameters: {'gradient_clip_val': 0.27422150084443525, 'hidden_size': 25, 'dropout': 0.3361758674924762, 'hidden_continuous_size': 9, 'attention_head_size': 3, 'learning_rate': 0.007720951911183536}. Best is trial 1 with value: 108.44503784179688.
[I 2023-12-27 10:56:45,151] Trial 16 finished with value: 227.2408905029297 and parameters: {'gradient_clip_val': 0.9823922045509293, 'hidden_size': 42, 'dropout': 0.42843982107299006, 'hidden_continuous_size': 5, 'attention_head_size': 1, 'learning_rate': 0.00599325375756146}. Best is trial 1 with value: 108.44503784179688.
[I 2023-12-27 10:56:45,539] Trial 17 finished with value: 246.2958984375 and parameters: {'gradient_clip_val': 0.16681459404610724, 'hidden_size': 17, 'dropout': 0.4924960078223897, 'hidden_continuous_size': 6, 'attention_head_size': 2, 'learning_rate': 0.0022173652566246367}. Best is trial 1 with value: 108.44503784179688.
[I 2023-12-27 10:56:45,927] Trial 18 finished with value: 365.5145568847656 and parameters: {'gradient_clip_val': 0.13693208395264456, 'hidden_size': 28, 'dropout': 0.3684426977915997, 'hidden_continuous_size': 11, 'attention_head_size': 1, 'learning_rate': 0.020302609353370166}. Best is trial 1 with value: 108.44503784179688.
[I 2023-12-27 10:56:46,382] Trial 19 finished with value: 323.7527770996094 and parameters: {'gradient_clip_val': 0.21367270412003436, 'hidden_size': 55, 'dropout': 0.4528593803687517, 'hidden_continuous_size': 17, 'attention_head_size': 2, 'learning_rate': 0.03709259005010618}. Best is trial 1 with value: 108.44503784179688.
[I 2023-12-27 10:56:46,787] Trial 20 finished with value: 330.3576354980469 and parameters: {'gradient_clip_val': 0.31658013060906154, 'hidden_size': 34, 'dropout': 0.2593085968613209, 'hidden_continuous_size': 10, 'attention_head_size': 3, 'learning_rate': 0.009453457283562039}. Best is trial 1 with value: 108.44503784179688.
[I 2023-12-27 10:56:47,196] Trial 21 finished with value: 284.0660095214844 and parameters: {'gradient_clip_val': 0.9333385549308981, 'hidden_size': 38, 'dropout': 0.4324043900034426, 'hidden_continuous_size': 5, 'attention_head_size': 1, 'learning_rate': 0.005834537068325817}. Best is trial 1 with value: 108.44503784179688.
[I 2023-12-27 10:56:47,619] Trial 22 finished with value: 297.08447265625 and parameters: {'gradient_clip_val': 0.5266367991227251, 'hidden_size': 53, 'dropout': 0.4119597728213168, 'hidden_continuous_size': 7, 'attention_head_size': 1, 'learning_rate': 0.004949839773169681}. Best is trial 1 with value: 108.44503784179688.
[I 2023-12-27 10:56:48,004] Trial 23 finished with value: 285.3813171386719 and parameters: {'gradient_clip_val': 0.37702121321058574, 'hidden_size': 20, 'dropout': 0.4553189105947857, 'hidden_continuous_size': 5, 'attention_head_size': 1, 'learning_rate': 0.008147168606838227}. Best is trial 1 with value: 108.44503784179688.
[I 2023-12-27 10:56:48,413] Trial 24 finished with value: 305.9601135253906 and parameters: {'gradient_clip_val': 0.27859509163702434, 'hidden_size': 40, 'dropout': 0.4019968742923642, 'hidden_continuous_size': 7, 'attention_head_size': 2, 'learning_rate': 0.004806549931390468}. Best is trial 1 with value: 108.44503784179688.
[I 2023-12-27 10:56:48,861] Trial 25 finished with value: 263.8320007324219 and parameters: {'gradient_clip_val': 0.45534547592147867, 'hidden_size': 67, 'dropout': 0.4997720375218064, 'hidden_continuous_size': 21, 'attention_head_size': 1, 'learning_rate': 0.009929538013062013}. Best is trial 1 with value: 108.44503784179688.
[I 2023-12-27 10:56:49,243] Trial 26 finished with value: 309.1107482910156 and parameters: {'gradient_clip_val': 0.486018057119934, 'hidden_size': 26, 'dropout': 0.4474702445281721, 'hidden_continuous_size': 6, 'attention_head_size': 2, 'learning_rate': 0.0025763542099359027}. Best is trial 1 with value: 108.44503784179688.
[I 2023-12-27 10:56:49,653] Trial 27 finished with value: 317.484619140625 and parameters: {'gradient_clip_val': 0.9651285323287957, 'hidden_size': 44, 'dropout': 0.4254057652028069, 'hidden_continuous_size': 8, 'attention_head_size': 1, 'learning_rate': 0.003553156803736531}. Best is trial 1 with value: 108.44503784179688.
[I 2023-12-27 10:56:50,287] Trial 28 finished with value: 312.4538879394531 and parameters: {'gradient_clip_val': 0.36270725499262935, 'hidden_size': 33, 'dropout': 0.38423150434309156, 'hidden_continuous_size': 5, 'attention_head_size': 1, 'learning_rate': 0.004470474365503882}. Best is trial 1 with value: 108.44503784179688.
[I 2023-12-27 10:56:50,663] Trial 29 finished with value: 353.8501281738281 and parameters: {'gradient_clip_val': 0.33537672866811297, 'hidden_size': 14, 'dropout': 0.37305751033563506, 'hidden_continuous_size': 6, 'attention_head_size': 1, 'learning_rate': 0.0850240665187123}. Best is trial 1 with value: 108.44503784179688.
[I 2023-12-27 10:56:51,042] Trial 30 finished with value: 319.584228515625 and parameters: {'gradient_clip_val': 0.5655529909525717, 'hidden_size': 17, 'dropout': 0.4621803859537329, 'hidden_continuous_size': 7, 'attention_head_size': 2, 'learning_rate': 0.0064049129578205265}. Best is trial 1 with value: 108.44503784179688.
[I 2023-12-27 10:56:51,419] Trial 31 finished with value: 319.6096496582031 and parameters: {'gradient_clip_val': 0.1822815229946872, 'hidden_size': 18, 'dropout': 0.47636052131610046, 'hidden_continuous_size': 6, 'attention_head_size': 2, 'learning_rate': 0.0022627303504959236}. Best is trial 1 with value: 108.44503784179688.
[I 2023-12-27 10:56:51,805] Trial 32 finished with value: 398.4714050292969 and parameters: {'gradient_clip_val': 0.1332497155801345, 'hidden_size': 12, 'dropout': 0.48454310087314256, 'hidden_continuous_size': 6, 'attention_head_size': 3, 'learning_rate': 0.001501637960973986}. Best is trial 1 with value: 108.44503784179688.
[I 2023-12-27 10:56:52,192] Trial 33 finished with value: 361.090087890625 and parameters: {'gradient_clip_val': 0.40114956427295545, 'hidden_size': 21, 'dropout': 0.4403585992214023, 'hidden_continuous_size': 5, 'attention_head_size': 2, 'learning_rate': 0.0030495350018498557}. Best is trial 1 with value: 108.44503784179688.
[I 2023-12-27 10:56:52,574] Trial 34 finished with value: 294.68096923828125 and parameters: {'gradient_clip_val': 0.15941332844870254, 'hidden_size': 10, 'dropout': 0.40858048748535486, 'hidden_continuous_size': 6, 'attention_head_size': 3, 'learning_rate': 0.0015860687902041293}. Best is trial 1 with value: 108.44503784179688.
[I 2023-12-27 10:56:52,951] Trial 35 finished with value: 349.2112731933594 and parameters: {'gradient_clip_val': 0.2633244590567586, 'hidden_size': 16, 'dropout': 0.4994126337677067, 'hidden_continuous_size': 5, 'attention_head_size': 2, 'learning_rate': 0.0028221107480255435}. Best is trial 1 with value: 108.44503784179688.
[I 2023-12-27 10:56:53,313] Trial 36 finished with value: 246.07984924316406 and parameters: {'gradient_clip_val': 0.19541829294654156, 'hidden_size': 6, 'dropout': 0.38788614740294436, 'hidden_continuous_size': 5, 'attention_head_size': 2, 'learning_rate': 0.0009029816426875002}. Best is trial 1 with value: 108.44503784179688.
[I 2023-12-27 10:56:53,681] Trial 37 finished with value: 308.5906677246094 and parameters: {'gradient_clip_val': 0.3306184801458963, 'hidden_size': 11, 'dropout': 0.38848667173167395, 'hidden_continuous_size': 5, 'attention_head_size': 1, 'learning_rate': 0.000861222904582381}. Best is trial 1 with value: 108.44503784179688.
[I 2023-12-27 10:56:54,058] Trial 38 finished with value: 323.8401794433594 and parameters: {'gradient_clip_val': 0.2004638028624373, 'hidden_size': 6, 'dropout': 0.35825236571116437, 'hidden_continuous_size': 5, 'attention_head_size': 3, 'learning_rate': 0.0005072564675451876}. Best is trial 1 with value: 108.44503784179688.
[I 2023-12-27 10:56:54,432] Trial 39 finished with value: 293.9705505371094 and parameters: {'gradient_clip_val': 0.19284807469215787, 'hidden_size': 7, 'dropout': 0.34186617907327854, 'hidden_continuous_size': 5, 'attention_head_size': 4, 'learning_rate': 0.0009012255729130641}. Best is trial 1 with value: 108.44503784179688.
[I 2023-12-27 10:56:54,766] Trial 40 finished with value: 404.3550109863281 and parameters: {'gradient_clip_val': 0.24449966872161466, 'hidden_size': 5, 'dropout': 0.3908871677001602, 'hidden_continuous_size': 5, 'attention_head_size': 2, 'learning_rate': 0.0012356148072438311}. Best is trial 1 with value: 108.44503784179688.
[I 2023-12-27 10:56:55,151] Trial 41 finished with value: 408.1034240722656 and parameters: {'gradient_clip_val': 0.15708843997940977, 'hidden_size': 9, 'dropout': 0.4621453268481171, 'hidden_continuous_size': 6, 'attention_head_size': 2, 'learning_rate': 0.001820515130034194}. Best is trial 1 with value: 108.44503784179688.
[I 2023-12-27 10:56:55,798] Trial 42 finished with value: 359.4690856933594 and parameters: {'gradient_clip_val': 0.2970310183147349, 'hidden_size': 14, 'dropout': 0.4725395881991158, 'hidden_continuous_size': 7, 'attention_head_size': 2, 'learning_rate': 0.0033975364416193397}. Best is trial 1 with value: 108.44503784179688.
[I 2023-12-27 10:56:56,171] Trial 43 finished with value: 361.4480895996094 and parameters: {'gradient_clip_val': 0.17493452169756576, 'hidden_size': 8, 'dropout': 0.42035454731909133, 'hidden_continuous_size': 6, 'attention_head_size': 2, 'learning_rate': 0.0021144045295554623}. Best is trial 1 with value: 108.44503784179688.
