[I 2023-12-27 11:25:23,445] Trial 43 finished with value: 439.0041809082031 and parameters: {'gradient_clip_val': 0.15336854634950237, 'hidden_size': 16, 'dropout': 0.1627843096834381, 'hidden_continuous_size': 9, 'attention_head_size': 1, 'learning_rate': 0.01068093124381553}. Best is trial 0 with value: 112.2305679321289.
[I 2023-12-27 11:25:23,835] Trial 44 finished with value: 426.8801574707031 and parameters: {'gradient_clip_val': 0.21227373347398593, 'hidden_size': 12, 'dropout': 0.19158408740266403, 'hidden_continuous_size': 7, 'attention_head_size': 1, 'learning_rate': 0.00393838692507194}. Best is trial 0 with value: 112.2305679321289.
[I 2023-12-27 11:25:24,218] Trial 45 finished with value: 415.72021484375 and parameters: {'gradient_clip_val': 0.25622525868826523, 'hidden_size': 9, 'dropout': 0.2231494755882733, 'hidden_continuous_size': 7, 'attention_head_size': 1, 'learning_rate': 0.0053651987673279805}. Best is trial 0 with value: 112.2305679321289.
[I 2023-12-27 11:25:24,629] Trial 46 finished with value: 517.9656982421875 and parameters: {'gradient_clip_val': 0.18338192560417796, 'hidden_size': 34, 'dropout': 0.16982157445896257, 'hidden_continuous_size': 11, 'attention_head_size': 3, 'learning_rate': 0.016714639720201728}. Best is trial 0 with value: 112.2305679321289.
[I 2023-12-27 11:25:25,006] Trial 47 finished with value: 404.5321044921875 and parameters: {'gradient_clip_val': 0.20749786599193065, 'hidden_size': 14, 'dropout': 0.18816935366374538, 'hidden_continuous_size': 8, 'attention_head_size': 1, 'learning_rate': 0.0027978009519160395}. Best is trial 0 with value: 112.2305679321289.
[I 2023-12-27 11:25:25,402] Trial 48 finished with value: 359.6168212890625 and parameters: {'gradient_clip_val': 0.15987896789126377, 'hidden_size': 21, 'dropout': 0.14927008567743139, 'hidden_continuous_size': 8, 'attention_head_size': 1, 'learning_rate': 0.006875263937305878}. Best is trial 0 with value: 112.2305679321289.
[I 2023-12-27 11:25:25,802] Trial 49 finished with value: 414.3849182128906 and parameters: {'gradient_clip_val': 0.23581878348628663, 'hidden_size': 25, 'dropout': 0.11714510415101154, 'hidden_continuous_size': 11, 'attention_head_size': 3, 'learning_rate': 0.01278413222085119}. Best is trial 0 with value: 112.2305679321289.
[I 2023-12-27 11:25:25,915] A new study created in memory with name: no-name-2ad5a707-eb05-4cc4-9725-fadaa16ce694
/home/le004/conda/anaconda3/envs/tsff_env/lib/python3.9/site-packages/lightning/fabric/plugins/environments/slurm.py:191: The `srun` command is available on your system but is not used. HINT: If your intention is to run Lightning on SLURM, prepend your python command with `srun` like so: srun python /home/le004/master_thesis/git/TSFusionForecast/code/ ...
[I 2023-12-27 11:26:21,180] Trial 0 finished with value: 0.15328608453273773 and parameters: {'gradient_clip_val': 0.33561837629623764, 'hidden_size': 130, 'dropout': 0.37089922744719617, 'hidden_continuous_size': 11, 'attention_head_size': 4, 'learning_rate': 0.003196842946814555}. Best is trial 0 with value: 0.15328608453273773.
[I 2023-12-27 11:26:25,140] Trial 1 finished with value: 3.132098913192749 and parameters: {'gradient_clip_val': 0.1635058281069592, 'hidden_size': 31, 'dropout': 0.37011873202367696, 'hidden_continuous_size': 17, 'attention_head_size': 2, 'learning_rate': 0.0008816573697658715}. Best is trial 0 with value: 0.15328608453273773.
[I 2023-12-27 11:26:25,474] Trial 2 finished with value: 3.4518721103668213 and parameters: {'gradient_clip_val': 0.22704524078169258, 'hidden_size': 8, 'dropout': 0.37464449278440226, 'hidden_continuous_size': 5, 'attention_head_size': 1, 'learning_rate': 0.0012578154916960754}. Best is trial 0 with value: 0.15328608453273773.
[I 2023-12-27 11:26:25,815] Trial 3 finished with value: 3.7941465377807617 and parameters: {'gradient_clip_val': 0.7297515856543446, 'hidden_size': 10, 'dropout': 0.20874908727982522, 'hidden_continuous_size': 9, 'attention_head_size': 1, 'learning_rate': 0.0006289545095729145}. Best is trial 0 with value: 0.15328608453273773.
[I 2023-12-27 11:26:26,263] Trial 4 finished with value: 2.9682223796844482 and parameters: {'gradient_clip_val': 0.17427423050922733, 'hidden_size': 87, 'dropout': 0.46276756485535464, 'hidden_continuous_size': 40, 'attention_head_size': 1, 'learning_rate': 0.0030586614245894845}. Best is trial 0 with value: 0.15328608453273773.
[I 2023-12-27 11:26:26,710] Trial 5 finished with value: 3.0022833347320557 and parameters: {'gradient_clip_val': 0.87254355087515, 'hidden_size': 85, 'dropout': 0.18493205240925212, 'hidden_continuous_size': 17, 'attention_head_size': 4, 'learning_rate': 0.018213902413605564}. Best is trial 0 with value: 0.15328608453273773.
[I 2023-12-27 11:26:27,291] Trial 6 finished with value: 2.9660708904266357 and parameters: {'gradient_clip_val': 0.37811093780032007, 'hidden_size': 129, 'dropout': 0.22450881556541408, 'hidden_continuous_size': 114, 'attention_head_size': 2, 'learning_rate': 0.013382850182126958}. Best is trial 0 with value: 0.15328608453273773.
[I 2023-12-27 11:26:27,612] Trial 7 finished with value: 2.5043931007385254 and parameters: {'gradient_clip_val': 0.29517930401104314, 'hidden_size': 6, 'dropout': 0.12063548164558019, 'hidden_continuous_size': 6, 'attention_head_size': 2, 'learning_rate': 0.010469223847880921}. Best is trial 0 with value: 0.15328608453273773.
[I 2023-12-27 11:26:27,918] Trial 8 finished with value: 3.3557140827178955 and parameters: {'gradient_clip_val': 0.12602138494897988, 'hidden_size': 5, 'dropout': 0.45230842594241183, 'hidden_continuous_size': 5, 'attention_head_size': 4, 'learning_rate': 0.001329899842478767}. Best is trial 0 with value: 0.15328608453273773.
[I 2023-12-27 11:26:28,306] Trial 9 finished with value: 3.0662858486175537 and parameters: {'gradient_clip_val': 0.8392320665063647, 'hidden_size': 44, 'dropout': 0.20920092311733393, 'hidden_continuous_size': 14, 'attention_head_size': 1, 'learning_rate': 0.07905053001403368}. Best is trial 0 with value: 0.15328608453273773.
[I 2023-12-27 11:26:28,907] Trial 10 finished with value: 3.0449867248535156 and parameters: {'gradient_clip_val': 0.4643776940745191, 'hidden_size': 149, 'dropout': 0.3099334754351415, 'hidden_continuous_size': 28, 'attention_head_size': 3, 'learning_rate': 0.0037120908585924085}. Best is trial 0 with value: 0.15328608453273773.
[I 2023-12-27 11:26:29,289] Trial 11 finished with value: 2.7214324474334717 and parameters: {'gradient_clip_val': 0.2758042789615679, 'hidden_size': 18, 'dropout': 0.10880788346444945, 'hidden_continuous_size': 6, 'attention_head_size': 3, 'learning_rate': 0.007003351303441332}. Best is trial 0 with value: 0.15328608453273773.
[I 2023-12-27 11:26:29,899] Trial 12 finished with value: 2.976043701171875 and parameters: {'gradient_clip_val': 0.38555439881959064, 'hidden_size': 18, 'dropout': 0.1302446170424443, 'hidden_continuous_size': 7, 'attention_head_size': 3, 'learning_rate': 0.003668215645588411}. Best is trial 0 with value: 0.15328608453273773.
[I 2023-12-27 11:26:30,323] Trial 13 finished with value: 3.5488460063934326 and parameters: {'gradient_clip_val': 0.27905064994747936, 'hidden_size': 53, 'dropout': 0.2810091456838791, 'hidden_continuous_size': 8, 'attention_head_size': 2, 'learning_rate': 0.020713125805494517}. Best is trial 0 with value: 0.15328608453273773.
[I 2023-12-27 11:26:30,724] Trial 14 finished with value: 2.2834317684173584 and parameters: {'gradient_clip_val': 0.5261038796051777, 'hidden_size': 23, 'dropout': 0.10488785478246042, 'hidden_continuous_size': 6, 'attention_head_size': 4, 'learning_rate': 0.008172061411064045}. Best is trial 0 with value: 0.15328608453273773.
[I 2023-12-27 11:26:31,122] Trial 15 finished with value: 2.077526807785034 and parameters: {'gradient_clip_val': 0.573757720283525, 'hidden_size': 27, 'dropout': 0.30010438102602294, 'hidden_continuous_size': 9, 'attention_head_size': 4, 'learning_rate': 0.001880542195973315}. Best is trial 0 with value: 0.15328608453273773.
[I 2023-12-27 11:26:31,545] Trial 16 finished with value: 3.712059736251831 and parameters: {'gradient_clip_val': 0.5846400101694043, 'hidden_size': 52, 'dropout': 0.3569403045622376, 'hidden_continuous_size': 10, 'attention_head_size': 4, 'learning_rate': 0.0018853905431318388}. Best is trial 0 with value: 0.15328608453273773.
[I 2023-12-27 11:26:31,956] Trial 17 finished with value: 3.4736979007720947 and parameters: {'gradient_clip_val': 0.5898992364600212, 'hidden_size': 31, 'dropout': 0.4209320971654708, 'hidden_continuous_size': 10, 'attention_head_size': 3, 'learning_rate': 0.0005175250896773797}. Best is trial 0 with value: 0.15328608453273773.
[I 2023-12-27 11:26:32,342] Trial 18 finished with value: 3.483751058578491 and parameters: {'gradient_clip_val': 0.999867851476675, 'hidden_size': 14, 'dropout': 0.48722973588118074, 'hidden_continuous_size': 8, 'attention_head_size': 4, 'learning_rate': 0.002040320479517308}. Best is trial 0 with value: 0.15328608453273773.
[I 2023-12-27 11:26:32,782] Trial 19 finished with value: 3.3211333751678467 and parameters: {'gradient_clip_val': 0.40302290499789084, 'hidden_size': 68, 'dropout': 0.2932272481753476, 'hidden_continuous_size': 12, 'attention_head_size': 4, 'learning_rate': 0.005115482213341691}. Best is trial 0 with value: 0.15328608453273773.
[I 2023-12-27 11:26:33,200] Trial 20 finished with value: 2.2561590671539307 and parameters: {'gradient_clip_val': 0.6618206067973749, 'hidden_size': 41, 'dropout': 0.31705647486480326, 'hidden_continuous_size': 11, 'attention_head_size': 3, 'learning_rate': 0.0024197067396413588}. Best is trial 0 with value: 0.15328608453273773.
[I 2023-12-27 11:26:33,591] Trial 21 finished with value: 2.2500665187835693 and parameters: {'gradient_clip_val': 0.625978679445411, 'hidden_size': 38, 'dropout': 0.32525304682294426, 'hidden_continuous_size': 12, 'attention_head_size': 3, 'learning_rate': 0.0023368207602134858}. Best is trial 0 with value: 0.15328608453273773.
[I 2023-12-27 11:26:33,983] Trial 22 finished with value: 3.1446378231048584 and parameters: {'gradient_clip_val': 0.4735057430403931, 'hidden_size': 29, 'dropout': 0.3433420747213268, 'hidden_continuous_size': 9, 'attention_head_size': 4, 'learning_rate': 0.0013288009485641031}. Best is trial 0 with value: 0.15328608453273773.
[I 2023-12-27 11:26:34,475] Trial 23 finished with value: 3.4333102703094482 and parameters: {'gradient_clip_val': 0.6958858494786909, 'hidden_size': 113, 'dropout': 0.272927104729162, 'hidden_continuous_size': 13, 'attention_head_size': 3, 'learning_rate': 0.0044910259882765535}. Best is trial 0 with value: 0.15328608453273773.
[I 2023-12-27 11:26:34,914] Trial 24 finished with value: 3.0373411178588867 and parameters: {'gradient_clip_val': 0.4866344988506404, 'hidden_size': 70, 'dropout': 0.40602949773470376, 'hidden_continuous_size': 12, 'attention_head_size': 4, 'learning_rate': 0.0022060014471579023}. Best is trial 0 with value: 0.15328608453273773.
[I 2023-12-27 11:26:35,321] Trial 25 finished with value: 2.9373795986175537 and parameters: {'gradient_clip_val': 0.3338253427536739, 'hidden_size': 39, 'dropout': 0.2580189422675395, 'hidden_continuous_size': 8, 'attention_head_size': 3, 'learning_rate': 0.0008447635551919197}. Best is trial 0 with value: 0.15328608453273773.
[I 2023-12-27 11:26:36,071] Trial 26 finished with value: 4.008755207061768 and parameters: {'gradient_clip_val': 0.6406703993900235, 'hidden_size': 112, 'dropout': 0.33075049067170603, 'hidden_continuous_size': 18, 'attention_head_size': 4, 'learning_rate': 0.0029386622656582583}. Best is trial 0 with value: 0.15328608453273773.
[I 2023-12-27 11:26:36,452] Trial 27 finished with value: 2.536186456680298 and parameters: {'gradient_clip_val': 0.5359495892957801, 'hidden_size': 23, 'dropout': 0.33438441349299397, 'hidden_continuous_size': 9, 'attention_head_size': 3, 'learning_rate': 0.005051834796083536}. Best is trial 0 with value: 0.15328608453273773.
[I 2023-12-27 11:26:36,882] Trial 28 finished with value: 2.997319459915161 and parameters: {'gradient_clip_val': 0.4263765513257071, 'hidden_size': 61, 'dropout': 0.39824480938719165, 'hidden_continuous_size': 13, 'attention_head_size': 4, 'learning_rate': 0.0016740731700725325}. Best is trial 0 with value: 0.15328608453273773.
[I 2023-12-27 11:26:37,270] Trial 29 finished with value: 2.5383565425872803 and parameters: {'gradient_clip_val': 0.34013035145371256, 'hidden_size': 34, 'dropout': 0.3047096837572079, 'hidden_continuous_size': 11, 'attention_head_size': 2, 'learning_rate': 0.0008452215029120832}. Best is trial 0 with value: 0.15328608453273773.
[I 2023-12-27 11:26:37,662] Trial 30 finished with value: 3.1958167552948 and parameters: {'gradient_clip_val': 0.5486139832896534, 'hidden_size': 27, 'dropout': 0.3622989107822701, 'hidden_continuous_size': 7, 'attention_head_size': 3, 'learning_rate': 0.0010837998889509253}. Best is trial 0 with value: 0.15328608453273773.
[I 2023-12-27 11:26:38,060] Trial 31 finished with value: 2.844799757003784 and parameters: {'gradient_clip_val': 0.6840303402931259, 'hidden_size': 40, 'dropout': 0.31218044147233415, 'hidden_continuous_size': 10, 'attention_head_size': 3, 'learning_rate': 0.002543473199930289}. Best is trial 0 with value: 0.15328608453273773.
[I 2023-12-27 11:26:38,479] Trial 32 finished with value: 3.7489259243011475 and parameters: {'gradient_clip_val': 0.7475252552591098, 'hidden_size': 46, 'dropout': 0.3838163145543228, 'hidden_continuous_size': 11, 'attention_head_size': 3, 'learning_rate': 0.0016910891013470484}. Best is trial 0 with value: 0.15328608453273773.
[I 2023-12-27 11:26:38,880] Trial 33 finished with value: 3.096482992172241 and parameters: {'gradient_clip_val': 0.6086336923831612, 'hidden_size': 36, 'dropout': 0.3620691279189958, 'hidden_continuous_size': 11, 'attention_head_size': 4, 'learning_rate': 0.0023652295163951054}. Best is trial 0 with value: 0.15328608453273773.
[I 2023-12-27 11:26:39,273] Trial 34 finished with value: 4.264438629150391 and parameters: {'gradient_clip_val': 0.23029610553952362, 'hidden_size': 33, 'dropout': 0.33307353114646354, 'hidden_continuous_size': 14, 'attention_head_size': 3, 'learning_rate': 0.0030678690260443173}. Best is trial 0 with value: 0.15328608453273773.
[I 2023-12-27 11:26:39,757] Trial 35 finished with value: 2.842447280883789 and parameters: {'gradient_clip_val': 0.7398104194056473, 'hidden_size': 87, 'dropout': 0.375634094768835, 'hidden_continuous_size': 15, 'attention_head_size': 4, 'learning_rate': 0.0014976444419658487}. Best is trial 0 with value: 0.15328608453273773.
[I 2023-12-27 11:26:40,172] Trial 36 finished with value: 2.144408941268921 and parameters: {'gradient_clip_val': 0.44939428086401306, 'hidden_size': 51, 'dropout': 0.2549227870449657, 'hidden_continuous_size': 16, 'attention_head_size': 2, 'learning_rate': 0.0010211195929998467}. Best is trial 0 with value: 0.15328608453273773.
[I 2023-12-27 11:26:40,594] Trial 37 finished with value: 3.1438815593719482 and parameters: {'gradient_clip_val': 0.42740371972191965, 'hidden_size': 57, 'dropout': 0.24720557631535414, 'hidden_continuous_size': 17, 'attention_head_size': 1, 'learning_rate': 0.0010414660074605044}. Best is trial 0 with value: 0.15328608453273773.
[I 2023-12-27 11:26:41,048] Trial 38 finished with value: 3.1296393871307373 and parameters: {'gradient_clip_val': 0.36141721228487067, 'hidden_size': 76, 'dropout': 0.29146524017910114, 'hidden_continuous_size': 21, 'attention_head_size': 2, 'learning_rate': 0.0008246464456943731}. Best is trial 0 with value: 0.15328608453273773.
[I 2023-12-27 11:26:41,723] Trial 39 finished with value: 3.9798996448516846 and parameters: {'gradient_clip_val': 0.47863838125223823, 'hidden_size': 46, 'dropout': 0.2664364158038102, 'hidden_continuous_size': 15, 'attention_head_size': 2, 'learning_rate': 0.0012132359460265336}. Best is trial 0 with value: 0.15328608453273773.
[I 2023-12-27 11:26:42,222] Trial 40 finished with value: 3.2474708557128906 and parameters: {'gradient_clip_val': 0.3740057517469539, 'hidden_size': 83, 'dropout': 0.23548206710538722, 'hidden_continuous_size': 21, 'attention_head_size': 1, 'learning_rate': 0.0006807277531924776}. Best is trial 0 with value: 0.15328608453273773.
[I 2023-12-27 11:26:42,623] Trial 41 finished with value: 3.125483274459839 and parameters: {'gradient_clip_val': 0.5414923681606937, 'hidden_size': 39, 'dropout': 0.3164064904545182, 'hidden_continuous_size': 12, 'attention_head_size': 2, 'learning_rate': 0.0017821246387155684}. Best is trial 0 with value: 0.15328608453273773.
[I 2023-12-27 11:26:43,038] Trial 42 finished with value: 2.9435436725616455 and parameters: {'gradient_clip_val': 0.6528417675007907, 'hidden_size': 49, 'dropout': 0.28409494274217245, 'hidden_continuous_size': 10, 'attention_head_size': 2, 'learning_rate': 0.002332854782010971}. Best is trial 0 with value: 0.15328608453273773.
[I 2023-12-27 11:26:43,472] Trial 43 finished with value: 3.2249724864959717 and parameters: {'gradient_clip_val': 0.7873102393303903, 'hidden_size': 61, 'dropout': 0.3463776816854713, 'hidden_continuous_size': 15, 'attention_head_size': 3, 'learning_rate': 0.001318878408050445}. Best is trial 0 with value: 0.15328608453273773.
[I 2023-12-27 11:26:43,882] Trial 44 finished with value: 2.5611116886138916 and parameters: {'gradient_clip_val': 0.6301998588103055, 'hidden_size': 43, 'dropout': 0.32079188605624953, 'hidden_continuous_size': 13, 'attention_head_size': 2, 'learning_rate': 0.002915959664199751}. Best is trial 0 with value: 0.15328608453273773.
[I 2023-12-27 11:26:44,278] Trial 45 finished with value: 2.8454768657684326 and parameters: {'gradient_clip_val': 0.4303442537781106, 'hidden_size': 28, 'dropout': 0.2590644190634945, 'hidden_continuous_size': 11, 'attention_head_size': 3, 'learning_rate': 0.0010752929540919468}. Best is trial 0 with value: 0.15328608453273773.
[I 2023-12-27 11:26:44,704] Trial 46 finished with value: 2.6081295013427734 and parameters: {'gradient_clip_val': 0.30749705524719656, 'hidden_size': 54, 'dropout': 0.29477315525102704, 'hidden_continuous_size': 9, 'attention_head_size': 4, 'learning_rate': 0.0035995260519207325}. Best is trial 0 with value: 0.15328608453273773.
[I 2023-12-27 11:26:45,218] Trial 47 finished with value: 2.276411771774292 and parameters: {'gradient_clip_val': 0.5161755208141079, 'hidden_size': 111, 'dropout': 0.3066158853846386, 'hidden_continuous_size': 25, 'attention_head_size': 3, 'learning_rate': 0.0016524921719639713}. Best is trial 0 with value: 0.15328608453273773.
[I 2023-12-27 11:26:45,792] Trial 48 finished with value: 2.5967020988464355 and parameters: {'gradient_clip_val': 0.8382058430883386, 'hidden_size': 143, 'dropout': 0.2203682153970001, 'hidden_continuous_size': 18, 'attention_head_size': 4, 'learning_rate': 0.0018949617295770849}. Best is trial 0 with value: 0.15328608453273773.
[I 2023-12-27 11:26:46,274] Trial 49 finished with value: 2.5515363216400146 and parameters: {'gradient_clip_val': 0.6064061544066855, 'hidden_size': 97, 'dropout': 0.27718220593068127, 'hidden_continuous_size': 5, 'attention_head_size': 1, 'learning_rate': 0.0023945725287741752}. Best is trial 0 with value: 0.15328608453273773.
[I 2023-12-27 11:26:46,386] A new study created in memory with name: no-name-3815c896-d7de-4cfc-8725-d2e51f5b2d1e
/home/le004/conda/anaconda3/envs/tsff_env/lib/python3.9/site-packages/lightning/fabric/plugins/environments/slurm.py:191: The `srun` command is available on your system but is not used. HINT: If your intention is to run Lightning on SLURM, prepend your python command with `srun` like so: srun python /home/le004/master_thesis/git/TSFusionForecast/code/ ...
[I 2023-12-27 11:27:17,029] Trial 0 finished with value: 1.9347151517868042 and parameters: {'gradient_clip_val': 0.10481450883750916, 'hidden_size': 8, 'dropout': 0.45771598310210504, 'hidden_continuous_size': 5, 'attention_head_size': 4, 'learning_rate': 0.0011224842532701494}. Best is trial 0 with value: 1.9347151517868042.
[I 2023-12-27 11:27:49,805] Trial 1 finished with value: 1.2700098752975464 and parameters: {'gradient_clip_val': 0.2155697090024143, 'hidden_size': 42, 'dropout': 0.4280160301735375, 'hidden_continuous_size': 28, 'attention_head_size': 2, 'learning_rate': 0.003714213564880177}. Best is trial 1 with value: 1.2700098752975464.
[I 2023-12-27 11:27:50,257] Trial 2 finished with value: 3.0252935886383057 and parameters: {'gradient_clip_val': 0.2559309577741952, 'hidden_size': 102, 'dropout': 0.19704045023516892, 'hidden_continuous_size': 8, 'attention_head_size': 1, 'learning_rate': 0.0009729781857287026}. Best is trial 1 with value: 1.2700098752975464.
[I 2023-12-27 11:27:50,801] Trial 3 finished with value: 2.8347270488739014 and parameters: {'gradient_clip_val': 0.18493953094400237, 'hidden_size': 147, 'dropout': 0.4941849516398892, 'hidden_continuous_size': 6, 'attention_head_size': 3, 'learning_rate': 0.0015174942587224205}. Best is trial 1 with value: 1.2700098752975464.
[I 2023-12-27 11:27:51,180] Trial 4 finished with value: 2.7073237895965576 and parameters: {'gradient_clip_val': 0.2636542791432065, 'hidden_size': 33, 'dropout': 0.3240364240677962, 'hidden_continuous_size': 23, 'attention_head_size': 2, 'learning_rate': 0.0010186655693332858}. Best is trial 1 with value: 1.2700098752975464.
[I 2023-12-27 11:27:51,724] Trial 5 finished with value: 1.9729806184768677 and parameters: {'gradient_clip_val': 0.23214522494048886, 'hidden_size': 150, 'dropout': 0.27731770489773044, 'hidden_continuous_size': 7, 'attention_head_size': 4, 'learning_rate': 0.00305725089361948}. Best is trial 1 with value: 1.2700098752975464.
