[I 2023-12-27 11:43:41,819] Trial 35 finished with value: 2.8177289962768555 and parameters: {'gradient_clip_val': 0.791871607592703, 'hidden_size': 24, 'dropout': 0.15550455567126178, 'hidden_continuous_size': 6, 'attention_head_size': 4, 'learning_rate': 0.07312271390404643}. Best is trial 1 with value: 0.0729808583855629.
[I 2023-12-27 11:43:42,207] Trial 36 finished with value: 2.8529465198516846 and parameters: {'gradient_clip_val': 0.478366628269267, 'hidden_size': 31, 'dropout': 0.12418091785151314, 'hidden_continuous_size': 5, 'attention_head_size': 3, 'learning_rate': 0.024621263506300027}. Best is trial 1 with value: 0.0729808583855629.
[I 2023-12-27 11:43:42,564] Trial 37 finished with value: 3.145765542984009 and parameters: {'gradient_clip_val': 0.5583406242624483, 'hidden_size': 21, 'dropout': 0.24743386788595162, 'hidden_continuous_size': 6, 'attention_head_size': 1, 'learning_rate': 0.03647726468873016}. Best is trial 1 with value: 0.0729808583855629.
[I 2023-12-27 11:43:43,163] Trial 38 finished with value: 3.004343032836914 and parameters: {'gradient_clip_val': 0.6883947210318181, 'hidden_size': 31, 'dropout': 0.3268239727687866, 'hidden_continuous_size': 8, 'attention_head_size': 2, 'learning_rate': 0.015240040390061134}. Best is trial 1 with value: 0.0729808583855629.
[I 2023-12-27 11:43:43,514] Trial 39 finished with value: 2.487549304962158 and parameters: {'gradient_clip_val': 0.46923785638252635, 'hidden_size': 6, 'dropout': 0.2088370397651113, 'hidden_continuous_size': 5, 'attention_head_size': 1, 'learning_rate': 0.00164341236098927}. Best is trial 1 with value: 0.0729808583855629.
[I 2023-12-27 11:43:43,961] Trial 40 finished with value: 2.535398483276367 and parameters: {'gradient_clip_val': 0.40058914924885775, 'hidden_size': 79, 'dropout': 0.18039847722763752, 'hidden_continuous_size': 15, 'attention_head_size': 2, 'learning_rate': 0.0011869372497730645}. Best is trial 1 with value: 0.0729808583855629.
[I 2023-12-27 11:43:44,383] Trial 41 finished with value: 2.25630521774292 and parameters: {'gradient_clip_val': 0.21131795937650513, 'hidden_size': 43, 'dropout': 0.20278731703760247, 'hidden_continuous_size': 22, 'attention_head_size': 1, 'learning_rate': 0.008438660691586199}. Best is trial 1 with value: 0.0729808583855629.
[I 2023-12-27 11:43:44,774] Trial 42 finished with value: 3.039494514465332 and parameters: {'gradient_clip_val': 0.2012168116065875, 'hidden_size': 34, 'dropout': 0.1443703146013064, 'hidden_continuous_size': 5, 'attention_head_size': 1, 'learning_rate': 0.013818859551524716}. Best is trial 1 with value: 0.0729808583855629.
[I 2023-12-27 11:43:45,153] Trial 43 finished with value: 3.2456140518188477 and parameters: {'gradient_clip_val': 0.15510409967959976, 'hidden_size': 28, 'dropout': 0.17909600851880295, 'hidden_continuous_size': 6, 'attention_head_size': 1, 'learning_rate': 0.010431280927615182}. Best is trial 1 with value: 0.0729808583855629.
[I 2023-12-27 11:43:45,552] Trial 44 finished with value: 2.5242326259613037 and parameters: {'gradient_clip_val': 0.32536035028503296, 'hidden_size': 44, 'dropout': 0.11486091176401675, 'hidden_continuous_size': 13, 'attention_head_size': 2, 'learning_rate': 0.02003250829728884}. Best is trial 1 with value: 0.0729808583855629.
[I 2023-12-27 11:43:45,954] Trial 45 finished with value: 2.5197691917419434 and parameters: {'gradient_clip_val': 0.28332894761131006, 'hidden_size': 57, 'dropout': 0.2864894363133311, 'hidden_continuous_size': 10, 'attention_head_size': 1, 'learning_rate': 0.0025035824704846346}. Best is trial 1 with value: 0.0729808583855629.
[I 2023-12-27 11:43:46,334] Trial 46 finished with value: 2.70398211479187 and parameters: {'gradient_clip_val': 0.44216469285143917, 'hidden_size': 28, 'dropout': 0.246960248627581, 'hidden_continuous_size': 5, 'attention_head_size': 2, 'learning_rate': 0.0008775086542546703}. Best is trial 1 with value: 0.0729808583855629.
[I 2023-12-27 11:43:46,678] Trial 47 finished with value: 2.537299156188965 and parameters: {'gradient_clip_val': 0.5478814253238572, 'hidden_size': 16, 'dropout': 0.22981872975112166, 'hidden_continuous_size': 6, 'attention_head_size': 1, 'learning_rate': 0.007049151110029074}. Best is trial 1 with value: 0.0729808583855629.
[I 2023-12-27 11:43:47,043] Trial 48 finished with value: 2.3913638591766357 and parameters: {'gradient_clip_val': 0.3764984857591179, 'hidden_size': 11, 'dropout': 0.1977626387380913, 'hidden_continuous_size': 5, 'attention_head_size': 3, 'learning_rate': 0.005662124347634314}. Best is trial 1 with value: 0.0729808583855629.
[I 2023-12-27 11:43:47,413] Trial 49 finished with value: 3.425010919570923 and parameters: {'gradient_clip_val': 0.6442676431849597, 'hidden_size': 22, 'dropout': 0.16856805137273814, 'hidden_continuous_size': 7, 'attention_head_size': 2, 'learning_rate': 0.029071400511946247}. Best is trial 1 with value: 0.0729808583855629.
[I 2023-12-27 11:43:47,520] A new study created in memory with name: no-name-8027ded6-0516-4ffa-86b6-a2939b765a3c
/home/le004/conda/anaconda3/envs/tsff_env/lib/python3.9/site-packages/lightning/fabric/plugins/environments/slurm.py:191: The `srun` command is available on your system but is not used. HINT: If your intention is to run Lightning on SLURM, prepend your python command with `srun` like so: srun python /home/le004/master_thesis/git/TSFusionForecast/code/ ...
[I 2023-12-27 11:44:37,496] Trial 0 finished with value: 0.03194417059421539 and parameters: {'gradient_clip_val': 0.2942575323591929, 'hidden_size': 100, 'dropout': 0.28215099335221494, 'hidden_continuous_size': 67, 'attention_head_size': 1, 'learning_rate': 0.024291009187972556}. Best is trial 0 with value: 0.03194417059421539.
[I 2023-12-27 11:44:49,509] Trial 1 finished with value: 0.9406166076660156 and parameters: {'gradient_clip_val': 0.265729111617682, 'hidden_size': 57, 'dropout': 0.1994069339227469, 'hidden_continuous_size': 17, 'attention_head_size': 4, 'learning_rate': 0.002644505824581689}. Best is trial 0 with value: 0.03194417059421539.
[I 2023-12-27 11:44:49,877] Trial 2 finished with value: 3.063058614730835 and parameters: {'gradient_clip_val': 0.4757704319437677, 'hidden_size': 33, 'dropout': 0.32110457527618264, 'hidden_continuous_size': 32, 'attention_head_size': 4, 'learning_rate': 0.0010123150111450467}. Best is trial 0 with value: 0.03194417059421539.
[I 2023-12-27 11:44:50,187] Trial 3 finished with value: 2.6436054706573486 and parameters: {'gradient_clip_val': 0.2372783061344494, 'hidden_size': 6, 'dropout': 0.37861457161748757, 'hidden_continuous_size': 6, 'attention_head_size': 1, 'learning_rate': 0.0028608172126317628}. Best is trial 0 with value: 0.03194417059421539.
[I 2023-12-27 11:44:50,566] Trial 4 finished with value: 2.4043967723846436 and parameters: {'gradient_clip_val': 0.19438124358862788, 'hidden_size': 52, 'dropout': 0.3853730221198477, 'hidden_continuous_size': 14, 'attention_head_size': 1, 'learning_rate': 0.007629108130271336}. Best is trial 0 with value: 0.03194417059421539.
[I 2023-12-27 11:44:51,034] Trial 5 finished with value: 2.2008631229400635 and parameters: {'gradient_clip_val': 0.33973199576192253, 'hidden_size': 93, 'dropout': 0.19210179383948922, 'hidden_continuous_size': 67, 'attention_head_size': 2, 'learning_rate': 0.012460419359282349}. Best is trial 0 with value: 0.03194417059421539.
[I 2023-12-27 11:44:51,333] Trial 6 finished with value: 3.145977735519409 and parameters: {'gradient_clip_val': 0.45436507437683693, 'hidden_size': 5, 'dropout': 0.286447864661701, 'hidden_continuous_size': 5, 'attention_head_size': 1, 'learning_rate': 0.07017375789569161}. Best is trial 0 with value: 0.03194417059421539.
[I 2023-12-27 11:44:51,720] Trial 7 finished with value: 2.191967725753784 and parameters: {'gradient_clip_val': 0.13517804729861402, 'hidden_size': 25, 'dropout': 0.3512917867465303, 'hidden_continuous_size': 18, 'attention_head_size': 3, 'learning_rate': 0.004432745286316078}. Best is trial 0 with value: 0.03194417059421539.
[I 2023-12-27 11:44:52,144] Trial 8 finished with value: 2.6644091606140137 and parameters: {'gradient_clip_val': 0.8343587243361683, 'hidden_size': 77, 'dropout': 0.3812444799061523, 'hidden_continuous_size': 32, 'attention_head_size': 3, 'learning_rate': 0.0010448498164233723}. Best is trial 0 with value: 0.03194417059421539.
[I 2023-12-27 11:44:52,491] Trial 9 finished with value: 2.739426612854004 and parameters: {'gradient_clip_val': 0.2409643464543796, 'hidden_size': 22, 'dropout': 0.4459593252836873, 'hidden_continuous_size': 12, 'attention_head_size': 2, 'learning_rate': 0.004090981415441995}. Best is trial 0 with value: 0.03194417059421539.
[I 2023-12-27 11:44:53,121] Trial 10 finished with value: 2.7641429901123047 and parameters: {'gradient_clip_val': 0.1166025045220334, 'hidden_size': 142, 'dropout': 0.10669488591925638, 'hidden_continuous_size': 128, 'attention_head_size': 2, 'learning_rate': 0.02868797772662015}. Best is trial 0 with value: 0.03194417059421539.
[I 2023-12-27 11:44:53,645] Trial 11 finished with value: 2.2669365406036377 and parameters: {'gradient_clip_val': 0.3408399395796674, 'hidden_size': 122, 'dropout': 0.25008468250434834, 'hidden_continuous_size': 48, 'attention_head_size': 4, 'learning_rate': 0.01875440014812463}. Best is trial 0 with value: 0.03194417059421539.
[I 2023-12-27 11:44:54,292] Trial 12 finished with value: 3.2051589488983154 and parameters: {'gradient_clip_val': 0.17448716666530611, 'hidden_size': 57, 'dropout': 0.22148398841280875, 'hidden_continuous_size': 9, 'attention_head_size': 3, 'learning_rate': 0.04134141984112462}. Best is trial 0 with value: 0.03194417059421539.
[I 2023-12-27 11:44:54,856] Trial 13 finished with value: 2.378995656967163 and parameters: {'gradient_clip_val': 0.2760428086224936, 'hidden_size': 143, 'dropout': 0.18134929007769612, 'hidden_continuous_size': 23, 'attention_head_size': 4, 'learning_rate': 0.012029780125046553}. Best is trial 0 with value: 0.03194417059421539.
[I 2023-12-27 11:44:55,288] Trial 14 finished with value: 3.263641595840454 and parameters: {'gradient_clip_val': 0.10142511235483878, 'hidden_size': 72, 'dropout': 0.27273940785430045, 'hidden_continuous_size': 22, 'attention_head_size': 2, 'learning_rate': 0.08133487205318846}. Best is trial 0 with value: 0.03194417059421539.
[I 2023-12-27 11:44:55,689] Trial 15 finished with value: 2.6186230182647705 and parameters: {'gradient_clip_val': 0.15433953683658377, 'hidden_size': 46, 'dropout': 0.4980072851826457, 'hidden_continuous_size': 11, 'attention_head_size': 3, 'learning_rate': 0.002322721123388911}. Best is trial 0 with value: 0.03194417059421539.
[I 2023-12-27 11:44:56,125] Trial 16 finished with value: 2.2247676849365234 and parameters: {'gradient_clip_val': 0.2130204809211513, 'hidden_size': 82, 'dropout': 0.1441213869141755, 'hidden_continuous_size': 8, 'attention_head_size': 1, 'learning_rate': 0.0006321083437740628}. Best is trial 0 with value: 0.03194417059421539.
[I 2023-12-27 11:44:56,519] Trial 17 finished with value: 3.5423858165740967 and parameters: {'gradient_clip_val': 0.16938260677123, 'hidden_size': 35, 'dropout': 0.236137822885565, 'hidden_continuous_size': 15, 'attention_head_size': 4, 'learning_rate': 0.007611706495015221}. Best is trial 0 with value: 0.03194417059421539.
[I 2023-12-27 11:44:56,998] Trial 18 finished with value: 3.213216781616211 and parameters: {'gradient_clip_val': 0.3014778875306237, 'hidden_size': 104, 'dropout': 0.3011804534135687, 'hidden_continuous_size': 28, 'attention_head_size': 3, 'learning_rate': 0.028177611568484855}. Best is trial 0 with value: 0.03194417059421539.
[I 2023-12-27 11:44:57,422] Trial 19 finished with value: 2.560227394104004 and parameters: {'gradient_clip_val': 0.4426177232053454, 'hidden_size': 65, 'dropout': 0.21272954073947747, 'hidden_continuous_size': 22, 'attention_head_size': 2, 'learning_rate': 0.012823473497798579}. Best is trial 0 with value: 0.03194417059421539.
[I 2023-12-27 11:44:57,922] Trial 20 finished with value: 2.261831521987915 and parameters: {'gradient_clip_val': 0.21029330913371924, 'hidden_size': 102, 'dropout': 0.2556237765250095, 'hidden_continuous_size': 43, 'attention_head_size': 1, 'learning_rate': 0.002089183107458456}. Best is trial 0 with value: 0.03194417059421539.
[I 2023-12-27 11:44:58,284] Trial 21 finished with value: 2.6168015003204346 and parameters: {'gradient_clip_val': 0.12884323757644253, 'hidden_size': 22, 'dropout': 0.3246360619853177, 'hidden_continuous_size': 8, 'attention_head_size': 3, 'learning_rate': 0.00439334523773227}. Best is trial 0 with value: 0.03194417059421539.
[I 2023-12-27 11:44:58,643] Trial 22 finished with value: 2.4954843521118164 and parameters: {'gradient_clip_val': 0.14123022610578784, 'hidden_size': 18, 'dropout': 0.3394325743119651, 'hidden_continuous_size': 7, 'attention_head_size': 4, 'learning_rate': 0.005258690477704881}. Best is trial 0 with value: 0.03194417059421539.
[I 2023-12-27 11:44:59,030] Trial 23 finished with value: 1.9702004194259644 and parameters: {'gradient_clip_val': 0.15720217031196204, 'hidden_size': 42, 'dropout': 0.2743519432699314, 'hidden_continuous_size': 17, 'attention_head_size': 3, 'learning_rate': 0.0032379254136559042}. Best is trial 0 with value: 0.03194417059421539.
[I 2023-12-27 11:44:59,434] Trial 24 finished with value: 3.5857574939727783 and parameters: {'gradient_clip_val': 0.17978260870719945, 'hidden_size': 45, 'dropout': 0.26623357177547335, 'hidden_continuous_size': 18, 'attention_head_size': 4, 'learning_rate': 0.001513886751771542}. Best is trial 0 with value: 0.03194417059421539.
[I 2023-12-27 11:44:59,844] Trial 25 finished with value: 3.5397961139678955 and parameters: {'gradient_clip_val': 0.2766682690781623, 'hidden_size': 58, 'dropout': 0.200197679462573, 'hidden_continuous_size': 11, 'attention_head_size': 3, 'learning_rate': 0.0025140515469605413}. Best is trial 0 with value: 0.03194417059421539.
[I 2023-12-27 11:45:00,533] Trial 26 finished with value: 3.3151493072509766 and parameters: {'gradient_clip_val': 0.15335052878709954, 'hidden_size': 79, 'dropout': 0.2967479528640194, 'hidden_continuous_size': 15, 'attention_head_size': 2, 'learning_rate': 0.007394143839542697}. Best is trial 0 with value: 0.03194417059421539.
[I 2023-12-27 11:45:00,948] Trial 27 finished with value: 1.8608382940292358 and parameters: {'gradient_clip_val': 0.23435833025374816, 'hidden_size': 41, 'dropout': 0.24174917015446884, 'hidden_continuous_size': 12, 'attention_head_size': 4, 'learning_rate': 0.003502520190580179}. Best is trial 0 with value: 0.03194417059421539.
[I 2023-12-27 11:45:01,443] Trial 28 finished with value: 2.6746275424957275 and parameters: {'gradient_clip_val': 0.24167079599980804, 'hidden_size': 113, 'dropout': 0.1655359585937578, 'hidden_continuous_size': 10, 'attention_head_size': 4, 'learning_rate': 0.001879299374876674}. Best is trial 0 with value: 0.03194417059421539.
[I 2023-12-27 11:45:01,844] Trial 29 finished with value: 1.9866434335708618 and parameters: {'gradient_clip_val': 0.3640844062774672, 'hidden_size': 33, 'dropout': 0.24627843670830876, 'hidden_continuous_size': 13, 'attention_head_size': 4, 'learning_rate': 0.0009105770719473096}. Best is trial 0 with value: 0.03194417059421539.
[I 2023-12-27 11:45:02,256] Trial 30 finished with value: 2.39355206489563 and parameters: {'gradient_clip_val': 0.4029081937407721, 'hidden_size': 64, 'dropout': 0.22758434437789135, 'hidden_continuous_size': 12, 'attention_head_size': 4, 'learning_rate': 0.0014599113601688836}. Best is trial 0 with value: 0.03194417059421539.
[I 2023-12-27 11:45:02,653] Trial 31 finished with value: 3.411895990371704 and parameters: {'gradient_clip_val': 0.2927033864392835, 'hidden_size': 39, 'dropout': 0.27791648841906036, 'hidden_continuous_size': 16, 'attention_head_size': 4, 'learning_rate': 0.0032102070332513943}. Best is trial 0 with value: 0.03194417059421539.
[I 2023-12-27 11:45:03,057] Trial 32 finished with value: 2.9265384674072266 and parameters: {'gradient_clip_val': 0.22272728453430607, 'hidden_size': 46, 'dropout': 0.22061299761128716, 'hidden_continuous_size': 10, 'attention_head_size': 3, 'learning_rate': 0.003727892486308727}. Best is trial 0 with value: 0.03194417059421539.
[I 2023-12-27 11:45:03,451] Trial 33 finished with value: 2.994095802307129 and parameters: {'gradient_clip_val': 0.1995121165891195, 'hidden_size': 35, 'dropout': 0.3138633014923595, 'hidden_continuous_size': 13, 'attention_head_size': 4, 'learning_rate': 0.0028894041822490704}. Best is trial 0 with value: 0.03194417059421539.
[I 2023-12-27 11:45:03,858] Trial 34 finished with value: 3.0175130367279053 and parameters: {'gradient_clip_val': 0.2437527407361345, 'hidden_size': 53, 'dropout': 0.2585096294795422, 'hidden_continuous_size': 20, 'attention_head_size': 1, 'learning_rate': 0.0059869491077656975}. Best is trial 0 with value: 0.03194417059421539.
[I 2023-12-27 11:45:04,320] Trial 35 finished with value: 3.054219961166382 and parameters: {'gradient_clip_val': 0.25129349990459954, 'hidden_size': 89, 'dropout': 0.2370622987498337, 'hidden_continuous_size': 17, 'attention_head_size': 3, 'learning_rate': 0.0031824402122524837}. Best is trial 0 with value: 0.03194417059421539.
[I 2023-12-27 11:45:04,724] Trial 36 finished with value: 2.2311551570892334 and parameters: {'gradient_clip_val': 0.1905915576973081, 'hidden_size': 29, 'dropout': 0.28633513922059667, 'hidden_continuous_size': 14, 'attention_head_size': 4, 'learning_rate': 0.005693003316596026}. Best is trial 0 with value: 0.03194417059421539.
[I 2023-12-27 11:45:05,149] Trial 37 finished with value: 2.8756916522979736 and parameters: {'gradient_clip_val': 0.3190603428326466, 'hidden_size': 67, 'dropout': 0.20158350575538278, 'hidden_continuous_size': 17, 'attention_head_size': 1, 'learning_rate': 0.010050459619314773}. Best is trial 0 with value: 0.03194417059421539.
[I 2023-12-27 11:45:05,585] Trial 38 finished with value: 2.560368537902832 and parameters: {'gradient_clip_val': 0.2683821599584605, 'hidden_size': 88, 'dropout': 0.30485124529442764, 'hidden_continuous_size': 6, 'attention_head_size': 2, 'learning_rate': 0.003841006383501444}. Best is trial 0 with value: 0.03194417059421539.
[I 2023-12-27 11:45:06,223] Trial 39 finished with value: 3.0497758388519287 and parameters: {'gradient_clip_val': 0.5331047167569348, 'hidden_size': 43, 'dropout': 0.27606555234170294, 'hidden_continuous_size': 19, 'attention_head_size': 3, 'learning_rate': 0.005027045742532499}. Best is trial 0 with value: 0.03194417059421539.
[I 2023-12-27 11:45:06,657] Trial 40 finished with value: 2.8415727615356445 and parameters: {'gradient_clip_val': 0.21500075658665851, 'hidden_size': 54, 'dropout': 0.350686632235343, 'hidden_continuous_size': 14, 'attention_head_size': 4, 'learning_rate': 0.0027377154998066092}. Best is trial 0 with value: 0.03194417059421539.
[I 2023-12-27 11:45:07,047] Trial 41 finished with value: 2.8485047817230225 and parameters: {'gradient_clip_val': 0.348995491514688, 'hidden_size': 30, 'dropout': 0.24462799503637994, 'hidden_continuous_size': 13, 'attention_head_size': 4, 'learning_rate': 0.0008616361998369861}. Best is trial 0 with value: 0.03194417059421539.
[I 2023-12-27 11:45:07,439] Trial 42 finished with value: 1.9249809980392456 and parameters: {'gradient_clip_val': 0.3825127300775556, 'hidden_size': 39, 'dropout': 0.24779101955011265, 'hidden_continuous_size': 15, 'attention_head_size': 4, 'learning_rate': 0.0015972163124178106}. Best is trial 0 with value: 0.03194417059421539.
[I 2023-12-27 11:45:07,836] Trial 43 finished with value: 3.3407490253448486 and parameters: {'gradient_clip_val': 0.3149109522497465, 'hidden_size': 39, 'dropout': 0.28793580957224896, 'hidden_continuous_size': 15, 'attention_head_size': 4, 'learning_rate': 0.002037587181703868}. Best is trial 0 with value: 0.03194417059421539.
[I 2023-12-27 11:45:08,247] Trial 44 finished with value: 3.09525465965271 and parameters: {'gradient_clip_val': 0.26236290257678097, 'hidden_size': 49, 'dropout': 0.20896654920121652, 'hidden_continuous_size': 20, 'attention_head_size': 4, 'learning_rate': 0.0015903504033760035}. Best is trial 0 with value: 0.03194417059421539.
[I 2023-12-27 11:45:08,679] Trial 45 finished with value: 3.4309070110321045 and parameters: {'gradient_clip_val': 0.23318115428105776, 'hidden_size': 72, 'dropout': 0.2631312072910022, 'hidden_continuous_size': 27, 'attention_head_size': 3, 'learning_rate': 0.003400039015706285}. Best is trial 0 with value: 0.03194417059421539.
[I 2023-12-27 11:45:09,234] Trial 46 finished with value: 3.1283481121063232 and parameters: {'gradient_clip_val': 0.19348236275516864, 'hidden_size': 123, 'dropout': 0.17924179859987308, 'hidden_continuous_size': 82, 'attention_head_size': 4, 'learning_rate': 0.001312968535095734}. Best is trial 0 with value: 0.03194417059421539.
[I 2023-12-27 11:45:09,652] Trial 47 finished with value: 3.042799949645996 and parameters: {'gradient_clip_val': 0.3859307515322527, 'hidden_size': 58, 'dropout': 0.23228122522448516, 'hidden_continuous_size': 5, 'attention_head_size': 3, 'learning_rate': 0.002489751258848895}. Best is trial 0 with value: 0.03194417059421539.
[I 2023-12-27 11:45:10,025] Trial 48 finished with value: 2.8833491802215576 and parameters: {'gradient_clip_val': 0.2968905066599894, 'hidden_size': 25, 'dropout': 0.32659565953223313, 'hidden_continuous_size': 12, 'attention_head_size': 2, 'learning_rate': 0.001173666680277722}. Best is trial 0 with value: 0.03194417059421539.
