[I 2023-12-27 10:58:47,507] Trial 8 finished with value: 2.4233312606811523 and parameters: {'gradient_clip_val': 0.18227987256131162, 'hidden_size': 7, 'dropout': 0.436047918459754, 'hidden_continuous_size': 5, 'attention_head_size': 4, 'learning_rate': 0.03290020046569482}. Best is trial 0 with value: 0.9414289593696594.
[I 2023-12-27 10:58:47,828] Trial 9 finished with value: 2.9024393558502197 and parameters: {'gradient_clip_val': 0.1800282480062171, 'hidden_size': 5, 'dropout': 0.12046223979113205, 'hidden_continuous_size': 5, 'attention_head_size': 3, 'learning_rate': 0.0006991744277095446}. Best is trial 0 with value: 0.9414289593696594.
[I 2023-12-27 10:58:48,243] Trial 10 finished with value: 3.04217791557312 and parameters: {'gradient_clip_val': 0.3171039826273575, 'hidden_size': 46, 'dropout': 0.4692870433085549, 'hidden_continuous_size': 10, 'attention_head_size': 4, 'learning_rate': 0.09904716451703655}. Best is trial 0 with value: 0.9414289593696594.
[I 2023-12-27 10:58:48,627] Trial 11 finished with value: 3.587975263595581 and parameters: {'gradient_clip_val': 0.3333385147461316, 'hidden_size': 10, 'dropout': 0.18029826075170008, 'hidden_continuous_size': 6, 'attention_head_size': 3, 'learning_rate': 0.001257606763507656}. Best is trial 0 with value: 0.9414289593696594.
[I 2023-12-27 10:58:49,004] Trial 12 finished with value: 3.210573434829712 and parameters: {'gradient_clip_val': 0.10138571867732729, 'hidden_size': 11, 'dropout': 0.26913046754604214, 'hidden_continuous_size': 6, 'attention_head_size': 4, 'learning_rate': 0.0018728722523685605}. Best is trial 0 with value: 0.9414289593696594.
[I 2023-12-27 10:58:49,376] Trial 13 finished with value: 2.8187341690063477 and parameters: {'gradient_clip_val': 0.4152671012245646, 'hidden_size': 12, 'dropout': 0.16982616000823714, 'hidden_continuous_size': 5, 'attention_head_size': 3, 'learning_rate': 0.007397854055598621}. Best is trial 0 with value: 0.9414289593696594.
[I 2023-12-27 10:58:50,003] Trial 14 finished with value: 2.9274661540985107 and parameters: {'gradient_clip_val': 0.9171255846846286, 'hidden_size': 42, 'dropout': 0.22449130041829335, 'hidden_continuous_size': 10, 'attention_head_size': 2, 'learning_rate': 0.0029018261454639475}. Best is trial 0 with value: 0.9414289593696594.
[I 2023-12-27 10:58:50,371] Trial 15 finished with value: 2.3856582641601562 and parameters: {'gradient_clip_val': 0.4181534422775341, 'hidden_size': 8, 'dropout': 0.1558270037827018, 'hidden_continuous_size': 5, 'attention_head_size': 4, 'learning_rate': 0.0009756579753077518}. Best is trial 0 with value: 0.9414289593696594.
[I 2023-12-27 10:58:50,751] Trial 16 finished with value: 3.1301891803741455 and parameters: {'gradient_clip_val': 0.7730759496399975, 'hidden_size': 14, 'dropout': 0.26894756732730624, 'hidden_continuous_size': 6, 'attention_head_size': 3, 'learning_rate': 0.000560043897799604}. Best is trial 0 with value: 0.9414289593696594.
[I 2023-12-27 10:58:51,111] Trial 17 finished with value: 2.433634042739868 and parameters: {'gradient_clip_val': 0.5022384618054611, 'hidden_size': 6, 'dropout': 0.19207154618662697, 'hidden_continuous_size': 5, 'attention_head_size': 4, 'learning_rate': 0.013633960111119834}. Best is trial 0 with value: 0.9414289593696594.
[I 2023-12-27 10:58:51,487] Trial 18 finished with value: 2.2588140964508057 and parameters: {'gradient_clip_val': 0.24634520019363254, 'hidden_size': 9, 'dropout': 0.14053447626503723, 'hidden_continuous_size': 6, 'attention_head_size': 3, 'learning_rate': 0.0016182807222822062}. Best is trial 0 with value: 0.9414289593696594.
[I 2023-12-27 10:58:51,846] Trial 19 finished with value: 3.1796391010284424 and parameters: {'gradient_clip_val': 0.8646720214912417, 'hidden_size': 7, 'dropout': 0.14666588365895558, 'hidden_continuous_size': 5, 'attention_head_size': 2, 'learning_rate': 0.002592118779057018}. Best is trial 0 with value: 0.9414289593696594.
[I 2023-12-27 10:58:52,197] Trial 20 finished with value: 2.8418262004852295 and parameters: {'gradient_clip_val': 0.7807974675758629, 'hidden_size': 5, 'dropout': 0.10343434250852576, 'hidden_continuous_size': 5, 'attention_head_size': 4, 'learning_rate': 0.004560748979057099}. Best is trial 0 with value: 0.9414289593696594.
[I 2023-12-27 10:58:52,634] Trial 21 finished with value: 3.362696647644043 and parameters: {'gradient_clip_val': 0.24615300495857054, 'hidden_size': 9, 'dropout': 0.14120437843614086, 'hidden_continuous_size': 6, 'attention_head_size': 3, 'learning_rate': 0.0012648423063078063}. Best is trial 0 with value: 0.9414289593696594.
[I 2023-12-27 10:58:53,032] Trial 22 finished with value: 2.7617380619049072 and parameters: {'gradient_clip_val': 0.26984660369790875, 'hidden_size': 15, 'dropout': 0.20565970696030128, 'hidden_continuous_size': 7, 'attention_head_size': 3, 'learning_rate': 0.0009848022763047745}. Best is trial 0 with value: 0.9414289593696594.
[I 2023-12-27 10:58:53,410] Trial 23 finished with value: 2.3428351879119873 and parameters: {'gradient_clip_val': 0.3716104546896949, 'hidden_size': 8, 'dropout': 0.1454008504886018, 'hidden_continuous_size': 6, 'attention_head_size': 3, 'learning_rate': 0.0016233391781296353}. Best is trial 0 with value: 0.9414289593696594.
[I 2023-12-27 10:58:53,804] Trial 24 finished with value: 2.877086877822876 and parameters: {'gradient_clip_val': 0.2673110571845694, 'hidden_size': 10, 'dropout': 0.17363338009373036, 'hidden_continuous_size': 6, 'attention_head_size': 2, 'learning_rate': 0.0005011750894161575}. Best is trial 0 with value: 0.9414289593696594.
[I 2023-12-27 10:58:54,202] Trial 25 finished with value: 2.4780690670013428 and parameters: {'gradient_clip_val': 0.48317223132209475, 'hidden_size': 6, 'dropout': 0.22967376713774645, 'hidden_continuous_size': 5, 'attention_head_size': 3, 'learning_rate': 0.0008686569539106152}. Best is trial 0 with value: 0.9414289593696594.
[I 2023-12-27 10:58:54,593] Trial 26 finished with value: 3.159531593322754 and parameters: {'gradient_clip_val': 0.21769592388027473, 'hidden_size': 13, 'dropout': 0.13211204520894093, 'hidden_continuous_size': 7, 'attention_head_size': 4, 'learning_rate': 0.0013238206141125237}. Best is trial 0 with value: 0.9414289593696594.
[I 2023-12-27 10:58:54,985] Trial 27 finished with value: 3.372382164001465 and parameters: {'gradient_clip_val': 0.3527366587986124, 'hidden_size': 10, 'dropout': 0.18878827609213553, 'hidden_continuous_size': 6, 'attention_head_size': 3, 'learning_rate': 0.002149073612228743}. Best is trial 0 with value: 0.9414289593696594.
[I 2023-12-27 10:58:55,618] Trial 28 finished with value: 3.5430657863616943 and parameters: {'gradient_clip_val': 0.2947476647442659, 'hidden_size': 8, 'dropout': 0.1056784520332743, 'hidden_continuous_size': 5, 'attention_head_size': 2, 'learning_rate': 0.0038669716151689872}. Best is trial 0 with value: 0.9414289593696594.
[I 2023-12-27 10:58:55,967] Trial 29 finished with value: 3.154564142227173 and parameters: {'gradient_clip_val': 0.58420542010909, 'hidden_size': 5, 'dropout': 0.16740845474524935, 'hidden_continuous_size': 5, 'attention_head_size': 1, 'learning_rate': 0.0007457961697901859}. Best is trial 0 with value: 0.9414289593696594.
[I 2023-12-27 10:58:56,347] Trial 30 finished with value: 2.407382011413574 and parameters: {'gradient_clip_val': 0.42976970198078246, 'hidden_size': 16, 'dropout': 0.1307722776477172, 'hidden_continuous_size': 7, 'attention_head_size': 4, 'learning_rate': 0.0016605009543449278}. Best is trial 0 with value: 0.9414289593696594.
[I 2023-12-27 10:58:56,736] Trial 31 finished with value: 2.727152109146118 and parameters: {'gradient_clip_val': 0.9614386213046336, 'hidden_size': 7, 'dropout': 0.14819728154110784, 'hidden_continuous_size': 6, 'attention_head_size': 3, 'learning_rate': 0.0017288044580388846}. Best is trial 0 with value: 0.9414289593696594.
[I 2023-12-27 10:58:57,130] Trial 32 finished with value: 3.594756841659546 and parameters: {'gradient_clip_val': 0.3418922562376581, 'hidden_size': 9, 'dropout': 0.10017039853777979, 'hidden_continuous_size': 6, 'attention_head_size': 3, 'learning_rate': 0.0035968425678717464}. Best is trial 0 with value: 0.9414289593696594.
[I 2023-12-27 10:58:57,524] Trial 33 finished with value: 3.1553831100463867 and parameters: {'gradient_clip_val': 0.37911246226138434, 'hidden_size': 12, 'dropout': 0.2090170709420946, 'hidden_continuous_size': 7, 'attention_head_size': 2, 'learning_rate': 0.002474599223616093}. Best is trial 0 with value: 0.9414289593696594.
[I 2023-12-27 10:58:57,906] Trial 34 finished with value: 3.623399496078491 and parameters: {'gradient_clip_val': 0.22513549964431337, 'hidden_size': 6, 'dropout': 0.1576548784931954, 'hidden_continuous_size': 5, 'attention_head_size': 3, 'learning_rate': 0.0006903294907099942}. Best is trial 0 with value: 0.9414289593696594.
[I 2023-12-27 10:58:58,283] Trial 35 finished with value: 2.8245670795440674 and parameters: {'gradient_clip_val': 0.29247471435139893, 'hidden_size': 8, 'dropout': 0.19353288962156334, 'hidden_continuous_size': 6, 'attention_head_size': 3, 'learning_rate': 0.0012434692604223827}. Best is trial 0 with value: 0.9414289593696594.
[I 2023-12-27 10:58:58,681] Trial 36 finished with value: 2.956014394760132 and parameters: {'gradient_clip_val': 0.3809895257457836, 'hidden_size': 19, 'dropout': 0.13256505023559925, 'hidden_continuous_size': 8, 'attention_head_size': 4, 'learning_rate': 0.0020458871802611685}. Best is trial 0 with value: 0.9414289593696594.
[I 2023-12-27 10:58:59,080] Trial 37 finished with value: 3.721639394760132 and parameters: {'gradient_clip_val': 0.6000843672045153, 'hidden_size': 17, 'dropout': 0.12120296278948553, 'hidden_continuous_size': 8, 'attention_head_size': 3, 'learning_rate': 0.0101827758303544}. Best is trial 0 with value: 0.9414289593696594.
[I 2023-12-27 10:58:59,492] Trial 38 finished with value: 2.662261962890625 and parameters: {'gradient_clip_val': 0.3124084879508346, 'hidden_size': 22, 'dropout': 0.31963437642650516, 'hidden_continuous_size': 8, 'attention_head_size': 2, 'learning_rate': 0.005282783941899361}. Best is trial 0 with value: 0.9414289593696594.
[I 2023-12-27 10:58:59,887] Trial 39 finished with value: 2.450728178024292 and parameters: {'gradient_clip_val': 0.5073787710440305, 'hidden_size': 12, 'dropout': 0.16855530507207647, 'hidden_continuous_size': 7, 'attention_head_size': 1, 'learning_rate': 0.00364515535511104}. Best is trial 0 with value: 0.9414289593696594.
[I 2023-12-27 10:59:00,296] Trial 40 finished with value: 2.8251349925994873 and parameters: {'gradient_clip_val': 0.6698035861619135, 'hidden_size': 14, 'dropout': 0.24740510601483684, 'hidden_continuous_size': 7, 'attention_head_size': 4, 'learning_rate': 0.0007443569967205561}. Best is trial 0 with value: 0.9414289593696594.
[I 2023-12-27 10:59:00,693] Trial 41 finished with value: 3.077932119369507 and parameters: {'gradient_clip_val': 0.42069578383881734, 'hidden_size': 9, 'dropout': 0.15509849672052223, 'hidden_continuous_size': 5, 'attention_head_size': 4, 'learning_rate': 0.0010365234855637471}. Best is trial 0 with value: 0.9414289593696594.
[I 2023-12-27 10:59:01,344] Trial 42 finished with value: 1.9882020950317383 and parameters: {'gradient_clip_val': 0.3498900159838745, 'hidden_size': 7, 'dropout': 0.15241663148550133, 'hidden_continuous_size': 5, 'attention_head_size': 4, 'learning_rate': 0.0014935349469083362}. Best is trial 0 with value: 0.9414289593696594.
[I 2023-12-27 10:59:01,721] Trial 43 finished with value: 4.094536304473877 and parameters: {'gradient_clip_val': 0.3610148058768709, 'hidden_size': 6, 'dropout': 0.1172609024384893, 'hidden_continuous_size': 5, 'attention_head_size': 4, 'learning_rate': 0.0015046671197564423}. Best is trial 0 with value: 0.9414289593696594.
[I 2023-12-27 10:59:02,104] Trial 44 finished with value: 3.6021969318389893 and parameters: {'gradient_clip_val': 0.31996591349774367, 'hidden_size': 5, 'dropout': 0.18110757277921488, 'hidden_continuous_size': 5, 'attention_head_size': 3, 'learning_rate': 0.0020600377274006903}. Best is trial 0 with value: 0.9414289593696594.
[I 2023-12-27 10:59:02,520] Trial 45 finished with value: 2.817152976989746 and parameters: {'gradient_clip_val': 0.20050161232621283, 'hidden_size': 7, 'dropout': 0.13960962154264844, 'hidden_continuous_size': 6, 'attention_head_size': 4, 'learning_rate': 0.0015234745746923158}. Best is trial 0 with value: 0.9414289593696594.
[I 2023-12-27 10:59:02,951] Trial 46 finished with value: 2.8872039318084717 and parameters: {'gradient_clip_val': 0.26212319460547645, 'hidden_size': 31, 'dropout': 0.11902695111310524, 'hidden_continuous_size': 9, 'attention_head_size': 3, 'learning_rate': 0.0005942019683061767}. Best is trial 0 with value: 0.9414289593696594.
[I 2023-12-27 10:59:03,346] Trial 47 finished with value: 3.1229593753814697 and parameters: {'gradient_clip_val': 0.2974973124158414, 'hidden_size': 11, 'dropout': 0.21123747212471483, 'hidden_continuous_size': 6, 'attention_head_size': 4, 'learning_rate': 0.0011044641716873656}. Best is trial 0 with value: 0.9414289593696594.
[I 2023-12-27 10:59:03,726] Trial 48 finished with value: 2.8918044567108154 and parameters: {'gradient_clip_val': 0.1564448092246368, 'hidden_size': 6, 'dropout': 0.15600310240380733, 'hidden_continuous_size': 5, 'attention_head_size': 3, 'learning_rate': 0.0008959152539327539}. Best is trial 0 with value: 0.9414289593696594.
[I 2023-12-27 10:59:04,119] Trial 49 finished with value: 2.3341500759124756 and parameters: {'gradient_clip_val': 0.33424842046063763, 'hidden_size': 11, 'dropout': 0.1890734357803183, 'hidden_continuous_size': 6, 'attention_head_size': 4, 'learning_rate': 0.002938914940165561}. Best is trial 0 with value: 0.9414289593696594.
[I 2023-12-27 10:59:04,235] A new study created in memory with name: no-name-d471dc0c-22ac-49e6-880a-b9a380a85464
/home/le004/conda/anaconda3/envs/tsff_env/lib/python3.9/site-packages/lightning/fabric/plugins/environments/slurm.py:191: The `srun` command is available on your system but is not used. HINT: If your intention is to run Lightning on SLURM, prepend your python command with `srun` like so: srun python /home/le004/master_thesis/git/TSFusionForecast/code/ ...
[I 2023-12-27 10:59:46,562] Trial 0 finished with value: 0.11973177641630173 and parameters: {'gradient_clip_val': 0.22501404271883488, 'hidden_size': 55, 'dropout': 0.17820334248646086, 'hidden_continuous_size': 37, 'attention_head_size': 4, 'learning_rate': 0.0018750346173310383}. Best is trial 0 with value: 0.11973177641630173.
[I 2023-12-27 11:00:00,783] Trial 1 finished with value: 1.497165322303772 and parameters: {'gradient_clip_val': 0.16843213774241036, 'hidden_size': 69, 'dropout': 0.38893358411421064, 'hidden_continuous_size': 33, 'attention_head_size': 1, 'learning_rate': 0.0016765035163798972}. Best is trial 0 with value: 0.11973177641630173.
[I 2023-12-27 11:00:01,296] Trial 2 finished with value: 2.592365026473999 and parameters: {'gradient_clip_val': 0.5955997645054901, 'hidden_size': 100, 'dropout': 0.2728139599272048, 'hidden_continuous_size': 87, 'attention_head_size': 2, 'learning_rate': 0.0033881519664958957}. Best is trial 0 with value: 0.11973177641630173.
[I 2023-12-27 11:00:01,692] Trial 3 finished with value: 2.8737833499908447 and parameters: {'gradient_clip_val': 0.3797254599954198, 'hidden_size': 41, 'dropout': 0.427435095679088, 'hidden_continuous_size': 11, 'attention_head_size': 4, 'learning_rate': 0.013954122384260182}. Best is trial 0 with value: 0.11973177641630173.
[I 2023-12-27 11:00:02,073] Trial 4 finished with value: 2.990051507949829 and parameters: {'gradient_clip_val': 0.2866781312463622, 'hidden_size': 41, 'dropout': 0.3870089962336142, 'hidden_continuous_size': 18, 'attention_head_size': 2, 'learning_rate': 0.029162985443681618}. Best is trial 0 with value: 0.11973177641630173.
[I 2023-12-27 11:00:02,468] Trial 5 finished with value: 3.5986626148223877 and parameters: {'gradient_clip_val': 0.7253580632976057, 'hidden_size': 39, 'dropout': 0.15855513513570574, 'hidden_continuous_size': 30, 'attention_head_size': 3, 'learning_rate': 0.07333818361848225}. Best is trial 0 with value: 0.11973177641630173.
[I 2023-12-27 11:00:02,838] Trial 6 finished with value: 2.958104372024536 and parameters: {'gradient_clip_val': 0.19652702438975325, 'hidden_size': 26, 'dropout': 0.30377957798920174, 'hidden_continuous_size': 11, 'attention_head_size': 2, 'learning_rate': 0.09919925903699217}. Best is trial 0 with value: 0.11973177641630173.
[I 2023-12-27 11:00:03,229] Trial 7 finished with value: 3.1758530139923096 and parameters: {'gradient_clip_val': 0.10116842026436962, 'hidden_size': 35, 'dropout': 0.23443312783084225, 'hidden_continuous_size': 26, 'attention_head_size': 4, 'learning_rate': 0.0007924727011125628}. Best is trial 0 with value: 0.11973177641630173.
[I 2023-12-27 11:00:03,630] Trial 8 finished with value: 3.4707393646240234 and parameters: {'gradient_clip_val': 0.8703721709071643, 'hidden_size': 59, 'dropout': 0.20388711172597584, 'hidden_continuous_size': 26, 'attention_head_size': 1, 'learning_rate': 0.006885461831382272}. Best is trial 0 with value: 0.11973177641630173.
[I 2023-12-27 11:00:03,990] Trial 9 finished with value: 2.545501708984375 and parameters: {'gradient_clip_val': 0.3812451556992771, 'hidden_size': 25, 'dropout': 0.29657336375052756, 'hidden_continuous_size': 8, 'attention_head_size': 4, 'learning_rate': 0.0007110505846568231}. Best is trial 0 with value: 0.11973177641630173.
[I 2023-12-27 11:00:04,366] Trial 10 finished with value: 4.227919578552246 and parameters: {'gradient_clip_val': 0.5277572398319934, 'hidden_size': 9, 'dropout': 0.10215837184885396, 'hidden_continuous_size': 5, 'attention_head_size': 3, 'learning_rate': 0.0028961846419528234}. Best is trial 0 with value: 0.11973177641630173.
[I 2023-12-27 11:00:04,989] Trial 11 finished with value: 3.486543655395508 and parameters: {'gradient_clip_val': 0.1768548979920445, 'hidden_size': 147, 'dropout': 0.48448028397878756, 'hidden_continuous_size': 57, 'attention_head_size': 1, 'learning_rate': 0.0014604482978390042}. Best is trial 0 with value: 0.11973177641630173.
[I 2023-12-27 11:00:05,463] Trial 12 finished with value: 3.1967287063598633 and parameters: {'gradient_clip_val': 0.18672377261099804, 'hidden_size': 75, 'dropout': 0.35523049259653805, 'hidden_continuous_size': 46, 'attention_head_size': 3, 'learning_rate': 0.0018105722340136647}. Best is trial 0 with value: 0.11973177641630173.
[I 2023-12-27 11:00:06,005] Trial 13 finished with value: 3.20609188079834 and parameters: {'gradient_clip_val': 0.13051452335611907, 'hidden_size': 106, 'dropout': 0.3362960572724457, 'hidden_continuous_size': 47, 'attention_head_size': 1, 'learning_rate': 0.0005369456481851498}. Best is trial 0 with value: 0.11973177641630173.
[I 2023-12-27 11:00:06,681] Trial 14 finished with value: 3.7653391361236572 and parameters: {'gradient_clip_val': 0.25185212129431767, 'hidden_size': 64, 'dropout': 0.2319631103931985, 'hidden_continuous_size': 31, 'attention_head_size': 3, 'learning_rate': 0.0013291462212047245}. Best is trial 0 with value: 0.11973177641630173.
[I 2023-12-27 11:00:07,070] Trial 15 finished with value: 3.3105621337890625 and parameters: {'gradient_clip_val': 0.1491071185692224, 'hidden_size': 19, 'dropout': 0.40961757925093656, 'hidden_continuous_size': 8, 'attention_head_size': 2, 'learning_rate': 0.0037507805112246694}. Best is trial 0 with value: 0.11973177641630173.
[I 2023-12-27 11:00:07,407] Trial 16 finished with value: 3.083515167236328 and parameters: {'gradient_clip_val': 0.24983489496216954, 'hidden_size': 5, 'dropout': 0.4664705580336394, 'hidden_continuous_size': 5, 'attention_head_size': 1, 'learning_rate': 0.00630910065042946}. Best is trial 0 with value: 0.11973177641630173.
[I 2023-12-27 11:00:07,858] Trial 17 finished with value: 3.236095666885376 and parameters: {'gradient_clip_val': 0.22822587070861702, 'hidden_size': 59, 'dropout': 0.36558726879540104, 'hidden_continuous_size': 20, 'attention_head_size': 4, 'learning_rate': 0.0011010989356170487}. Best is trial 0 with value: 0.11973177641630173.
[I 2023-12-27 11:00:08,524] Trial 18 finished with value: 3.1127309799194336 and parameters: {'gradient_clip_val': 0.3251590226482919, 'hidden_size': 137, 'dropout': 0.31798884147203915, 'hidden_continuous_size': 124, 'attention_head_size': 2, 'learning_rate': 0.002147365848593441}. Best is trial 0 with value: 0.11973177641630173.
[I 2023-12-27 11:00:09,072] Trial 19 finished with value: 3.2912492752075195 and parameters: {'gradient_clip_val': 0.14195879942509884, 'hidden_size': 103, 'dropout': 0.44982640451745537, 'hidden_continuous_size': 38, 'attention_head_size': 3, 'learning_rate': 0.0009548138553363197}. Best is trial 0 with value: 0.11973177641630173.
[I 2023-12-27 11:00:09,536] Trial 20 finished with value: 3.222092866897583 and parameters: {'gradient_clip_val': 0.10381479606368059, 'hidden_size': 82, 'dropout': 0.3977149551886157, 'hidden_continuous_size': 19, 'attention_head_size': 1, 'learning_rate': 0.0005281140168125203}. Best is trial 0 with value: 0.11973177641630173.
[I 2023-12-27 11:00:09,936] Trial 21 finished with value: 3.7040913105010986 and parameters: {'gradient_clip_val': 0.38557666194253015, 'hidden_size': 20, 'dropout': 0.27559613377353415, 'hidden_continuous_size': 8, 'attention_head_size': 4, 'learning_rate': 0.000835510127466459}. Best is trial 0 with value: 0.11973177641630173.
[I 2023-12-27 11:00:10,374] Trial 22 finished with value: 3.3276474475860596 and parameters: {'gradient_clip_val': 0.21329189203789067, 'hidden_size': 53, 'dropout': 0.33366804905398395, 'hidden_continuous_size': 23, 'attention_head_size': 4, 'learning_rate': 0.002401426789001581}. Best is trial 0 with value: 0.11973177641630173.
