[I 2023-12-27 11:15:36,623] Trial 48 finished with value: 3.4089620113372803 and parameters: {'gradient_clip_val': 0.2244103654897099, 'hidden_size': 22, 'dropout': 0.39394210539801633, 'hidden_continuous_size': 21, 'attention_head_size': 3, 'learning_rate': 0.002022411349106143}. Best is trial 0 with value: 0.1967882663011551.
[I 2023-12-27 11:15:37,050] Trial 49 finished with value: 3.6696970462799072 and parameters: {'gradient_clip_val': 0.27325290530766694, 'hidden_size': 55, 'dropout': 0.37234599695017145, 'hidden_continuous_size': 24, 'attention_head_size': 2, 'learning_rate': 0.028558522402365668}. Best is trial 0 with value: 0.1967882663011551.
[I 2023-12-27 11:15:37,167] A new study created in memory with name: no-name-b9df56c4-ca49-42a3-a9b0-fd7526118eb0
/home/le004/conda/anaconda3/envs/tsff_env/lib/python3.9/site-packages/lightning/fabric/plugins/environments/slurm.py:191: The `srun` command is available on your system but is not used. HINT: If your intention is to run Lightning on SLURM, prepend your python command with `srun` like so: srun python /home/le004/master_thesis/git/TSFusionForecast/code/ ...
[I 2023-12-27 11:16:14,245] Trial 0 finished with value: 0.22579817473888397 and parameters: {'gradient_clip_val': 0.3330609888404671, 'hidden_size': 29, 'dropout': 0.4306559981849404, 'hidden_continuous_size': 28, 'attention_head_size': 4, 'learning_rate': 0.002448785672355498}. Best is trial 0 with value: 0.22579817473888397.
[I 2023-12-27 11:16:31,530] Trial 1 finished with value: 0.46651434898376465 and parameters: {'gradient_clip_val': 0.4978284984928732, 'hidden_size': 108, 'dropout': 0.1347332930437012, 'hidden_continuous_size': 6, 'attention_head_size': 1, 'learning_rate': 0.0042338024562573765}. Best is trial 0 with value: 0.22579817473888397.
[I 2023-12-27 11:16:31,937] Trial 2 finished with value: 5.174827575683594 and parameters: {'gradient_clip_val': 0.48371220274166327, 'hidden_size': 37, 'dropout': 0.17673748385720894, 'hidden_continuous_size': 13, 'attention_head_size': 1, 'learning_rate': 0.0017221592931816077}. Best is trial 0 with value: 0.22579817473888397.
[I 2023-12-27 11:16:32,308] Trial 3 finished with value: 3.5505847930908203 and parameters: {'gradient_clip_val': 0.28048421731736267, 'hidden_size': 15, 'dropout': 0.4664015760445922, 'hidden_continuous_size': 6, 'attention_head_size': 2, 'learning_rate': 0.0008092895624624811}. Best is trial 0 with value: 0.22579817473888397.
[I 2023-12-27 11:16:32,657] Trial 4 finished with value: 4.797471523284912 and parameters: {'gradient_clip_val': 0.8444713477304079, 'hidden_size': 6, 'dropout': 0.172995203113855, 'hidden_continuous_size': 5, 'attention_head_size': 1, 'learning_rate': 0.001690905018738048}. Best is trial 0 with value: 0.22579817473888397.
[I 2023-12-27 11:16:33,187] Trial 5 finished with value: 5.652563571929932 and parameters: {'gradient_clip_val': 0.28951962803717196, 'hidden_size': 106, 'dropout': 0.10804339258413985, 'hidden_continuous_size': 50, 'attention_head_size': 3, 'learning_rate': 0.07197351256610422}. Best is trial 0 with value: 0.22579817473888397.
[I 2023-12-27 11:16:33,886] Trial 6 finished with value: 3.7315123081207275 and parameters: {'gradient_clip_val': 0.2056160779090925, 'hidden_size': 137, 'dropout': 0.20582465122086974, 'hidden_continuous_size': 119, 'attention_head_size': 3, 'learning_rate': 0.08946898524505245}. Best is trial 0 with value: 0.22579817473888397.
[I 2023-12-27 11:16:34,249] Trial 7 finished with value: 4.535138130187988 and parameters: {'gradient_clip_val': 0.11322504558211754, 'hidden_size': 18, 'dropout': 0.43312111610676596, 'hidden_continuous_size': 17, 'attention_head_size': 1, 'learning_rate': 0.0010701519716487444}. Best is trial 0 with value: 0.22579817473888397.
[I 2023-12-27 11:16:34,578] Trial 8 finished with value: 2.933746099472046 and parameters: {'gradient_clip_val': 0.158679607425985, 'hidden_size': 5, 'dropout': 0.204033524634043, 'hidden_continuous_size': 5, 'attention_head_size': 1, 'learning_rate': 0.0015472902474209975}. Best is trial 0 with value: 0.22579817473888397.
[I 2023-12-27 11:16:35,091] Trial 9 finished with value: 3.515378713607788 and parameters: {'gradient_clip_val': 0.14196568804526147, 'hidden_size': 120, 'dropout': 0.1001225244380299, 'hidden_continuous_size': 16, 'attention_head_size': 2, 'learning_rate': 0.0014892099116731426}. Best is trial 0 with value: 0.22579817473888397.
[I 2023-12-27 11:16:35,553] Trial 10 finished with value: 3.040795087814331 and parameters: {'gradient_clip_val': 0.37714992109924084, 'hidden_size': 47, 'dropout': 0.3815155039010445, 'hidden_continuous_size': 25, 'attention_head_size': 4, 'learning_rate': 0.008836241638447248}. Best is trial 0 with value: 0.22579817473888397.
[I 2023-12-27 11:16:36,040] Trial 11 finished with value: 3.7177860736846924 and parameters: {'gradient_clip_val': 0.5046836398464447, 'hidden_size': 67, 'dropout': 0.30386699363392405, 'hidden_continuous_size': 9, 'attention_head_size': 4, 'learning_rate': 0.0051723490907224666}. Best is trial 0 with value: 0.22579817473888397.
[I 2023-12-27 11:16:36,493] Trial 12 finished with value: 3.702812910079956 and parameters: {'gradient_clip_val': 0.6384811605372541, 'hidden_size': 59, 'dropout': 0.3352145503594621, 'hidden_continuous_size': 9, 'attention_head_size': 3, 'learning_rate': 0.0047082103838272564}. Best is trial 0 with value: 0.22579817473888397.
[I 2023-12-27 11:16:37,138] Trial 13 finished with value: 4.356601238250732 and parameters: {'gradient_clip_val': 0.9762332364664024, 'hidden_size': 26, 'dropout': 0.2588856801803928, 'hidden_continuous_size': 7, 'attention_head_size': 2, 'learning_rate': 0.0005253967969765052}. Best is trial 0 with value: 0.22579817473888397.
[I 2023-12-27 11:16:37,641] Trial 14 finished with value: 3.792308807373047 and parameters: {'gradient_clip_val': 0.3748453719018238, 'hidden_size': 77, 'dropout': 0.38963678652266853, 'hidden_continuous_size': 27, 'attention_head_size': 4, 'learning_rate': 0.0037139713218138004}. Best is trial 0 with value: 0.22579817473888397.
[I 2023-12-27 11:16:38,070] Trial 15 finished with value: 3.6712217330932617 and parameters: {'gradient_clip_val': 0.23457851273855554, 'hidden_size': 35, 'dropout': 0.4940108187919495, 'hidden_continuous_size': 8, 'attention_head_size': 3, 'learning_rate': 0.01155015995661937}. Best is trial 0 with value: 0.22579817473888397.
[I 2023-12-27 11:16:38,582] Trial 16 finished with value: 4.766881465911865 and parameters: {'gradient_clip_val': 0.6244299571546397, 'hidden_size': 86, 'dropout': 0.2642046448973041, 'hidden_continuous_size': 12, 'attention_head_size': 2, 'learning_rate': 0.002791270121212668}. Best is trial 0 with value: 0.22579817473888397.
[I 2023-12-27 11:16:39,210] Trial 17 finished with value: 3.469637870788574 and parameters: {'gradient_clip_val': 0.35546827457231295, 'hidden_size': 148, 'dropout': 0.35658737167340027, 'hidden_continuous_size': 40, 'attention_head_size': 4, 'learning_rate': 0.016406006907304604}. Best is trial 0 with value: 0.22579817473888397.
[I 2023-12-27 11:16:39,667] Trial 18 finished with value: 2.550797939300537 and parameters: {'gradient_clip_val': 0.46196346893102835, 'hidden_size': 59, 'dropout': 0.42332945999892146, 'hidden_continuous_size': 5, 'attention_head_size': 3, 'learning_rate': 0.002764166591362981}. Best is trial 0 with value: 0.22579817473888397.
[I 2023-12-27 11:16:40,144] Trial 19 finished with value: 3.8144824504852295 and parameters: {'gradient_clip_val': 0.22754313743083046, 'hidden_size': 75, 'dropout': 0.3023650493135022, 'hidden_continuous_size': 10, 'attention_head_size': 2, 'learning_rate': 0.006534028147249018}. Best is trial 0 with value: 0.22579817473888397.
[I 2023-12-27 11:16:40,665] Trial 20 finished with value: 4.683804988861084 and parameters: {'gradient_clip_val': 0.33063864938732845, 'hidden_size': 97, 'dropout': 0.3367681008464255, 'hidden_continuous_size': 20, 'attention_head_size': 4, 'learning_rate': 0.003445273536836637}. Best is trial 0 with value: 0.22579817473888397.
[I 2023-12-27 11:16:41,132] Trial 21 finished with value: 3.76741623878479 and parameters: {'gradient_clip_val': 0.4638572702149843, 'hidden_size': 55, 'dropout': 0.4249829449867102, 'hidden_continuous_size': 6, 'attention_head_size': 3, 'learning_rate': 0.002457046908499129}. Best is trial 0 with value: 0.22579817473888397.
[I 2023-12-27 11:16:41,664] Trial 22 finished with value: 3.7862131595611572 and parameters: {'gradient_clip_val': 0.4537167226664807, 'hidden_size': 97, 'dropout': 0.43203457746650153, 'hidden_continuous_size': 7, 'attention_head_size': 3, 'learning_rate': 0.00234909806659873}. Best is trial 0 with value: 0.22579817473888397.
[I 2023-12-27 11:16:42,116] Trial 23 finished with value: 3.4089081287384033 and parameters: {'gradient_clip_val': 0.5882501360081367, 'hidden_size': 47, 'dropout': 0.3979339201523925, 'hidden_continuous_size': 5, 'attention_head_size': 4, 'learning_rate': 0.004728137426121162}. Best is trial 0 with value: 0.22579817473888397.
[I 2023-12-27 11:16:42,591] Trial 24 finished with value: 3.8955981731414795 and parameters: {'gradient_clip_val': 0.4149121136581185, 'hidden_size': 73, 'dropout': 0.4701537779190144, 'hidden_continuous_size': 11, 'attention_head_size': 3, 'learning_rate': 0.002539963570592702}. Best is trial 0 with value: 0.22579817473888397.
[I 2023-12-27 11:16:43,456] Trial 25 finished with value: 3.7705860137939453 and parameters: {'gradient_clip_val': 0.3214442075591829, 'hidden_size': 137, 'dropout': 0.49622172738983505, 'hidden_continuous_size': 7, 'attention_head_size': 2, 'learning_rate': 0.007069695733599131}. Best is trial 0 with value: 0.22579817473888397.
[I 2023-12-27 11:16:44,010] Trial 26 finished with value: 3.116307258605957 and parameters: {'gradient_clip_val': 0.393826125289144, 'hidden_size': 107, 'dropout': 0.4122224885204987, 'hidden_continuous_size': 13, 'attention_head_size': 4, 'learning_rate': 0.0010107365348861286}. Best is trial 0 with value: 0.22579817473888397.
[I 2023-12-27 11:16:44,453] Trial 27 finished with value: 3.489121198654175 and parameters: {'gradient_clip_val': 0.7560683420811494, 'hidden_size': 53, 'dropout': 0.3698766186587933, 'hidden_continuous_size': 6, 'attention_head_size': 1, 'learning_rate': 0.0038984862544602294}. Best is trial 0 with value: 0.22579817473888397.
[I 2023-12-27 11:16:44,898] Trial 28 finished with value: 4.460516452789307 and parameters: {'gradient_clip_val': 0.5740997838975458, 'hidden_size': 37, 'dropout': 0.35175959918333993, 'hidden_continuous_size': 5, 'attention_head_size': 3, 'learning_rate': 0.003072610583441591}. Best is trial 0 with value: 0.22579817473888397.
[I 2023-12-27 11:16:45,321] Trial 29 finished with value: 4.852363586425781 and parameters: {'gradient_clip_val': 0.5089674355199751, 'hidden_size': 39, 'dropout': 0.44805004932277903, 'hidden_continuous_size': 8, 'attention_head_size': 1, 'learning_rate': 0.0019410843934388846}. Best is trial 0 with value: 0.22579817473888397.
[I 2023-12-27 11:16:45,786] Trial 30 finished with value: 4.486583709716797 and parameters: {'gradient_clip_val': 0.4302623460153227, 'hidden_size': 66, 'dropout': 0.4046841059179708, 'hidden_continuous_size': 14, 'attention_head_size': 4, 'learning_rate': 0.0013687301211461056}. Best is trial 0 with value: 0.22579817473888397.
[I 2023-12-27 11:16:46,148] Trial 31 finished with value: 4.322616100311279 and parameters: {'gradient_clip_val': 0.27719308417714733, 'hidden_size': 5, 'dropout': 0.1428006826142213, 'hidden_continuous_size': 5, 'attention_head_size': 1, 'learning_rate': 0.0018316338513662716}. Best is trial 0 with value: 0.22579817473888397.
[I 2023-12-27 11:16:46,540] Trial 32 finished with value: 3.436998128890991 and parameters: {'gradient_clip_val': 0.16012686839491527, 'hidden_size': 10, 'dropout': 0.1966652665108657, 'hidden_continuous_size': 5, 'attention_head_size': 1, 'learning_rate': 0.0013207908097681812}. Best is trial 0 with value: 0.22579817473888397.
[I 2023-12-27 11:16:46,955] Trial 33 finished with value: 4.324419021606445 and parameters: {'gradient_clip_val': 0.30611835174259605, 'hidden_size': 28, 'dropout': 0.1489180481707944, 'hidden_continuous_size': 6, 'attention_head_size': 1, 'learning_rate': 0.001973346891657281}. Best is trial 0 with value: 0.22579817473888397.
[I 2023-12-27 11:16:47,347] Trial 34 finished with value: 3.8277475833892822 and parameters: {'gradient_clip_val': 0.2715012357521863, 'hidden_size': 8, 'dropout': 0.4594357278562731, 'hidden_continuous_size': 5, 'attention_head_size': 2, 'learning_rate': 0.0008489709996169774}. Best is trial 0 with value: 0.22579817473888397.
[I 2023-12-27 11:16:47,733] Trial 35 finished with value: 3.8239753246307373 and parameters: {'gradient_clip_val': 0.5163917891599762, 'hidden_size': 16, 'dropout': 0.23294075191660293, 'hidden_continuous_size': 6, 'attention_head_size': 1, 'learning_rate': 0.0006237551209493076}. Best is trial 0 with value: 0.22579817473888397.
[I 2023-12-27 11:16:48,121] Trial 36 finished with value: 3.847827196121216 and parameters: {'gradient_clip_val': 0.34725913190196933, 'hidden_size': 12, 'dropout': 0.13248405058914525, 'hidden_continuous_size': 5, 'attention_head_size': 1, 'learning_rate': 0.0011725776872547541}. Best is trial 0 with value: 0.22579817473888397.
[I 2023-12-27 11:16:48,485] Trial 37 finished with value: 4.246578693389893 and parameters: {'gradient_clip_val': 0.408704508381003, 'hidden_size': 5, 'dropout': 0.1738553575249644, 'hidden_continuous_size': 5, 'attention_head_size': 2, 'learning_rate': 0.001588345727142815}. Best is trial 0 with value: 0.22579817473888397.
[I 2023-12-27 11:16:48,895] Trial 38 finished with value: 3.2727253437042236 and parameters: {'gradient_clip_val': 0.10194397393839588, 'hidden_size': 23, 'dropout': 0.20546320387437628, 'hidden_continuous_size': 6, 'attention_head_size': 1, 'learning_rate': 0.0009109747331599786}. Best is trial 0 with value: 0.22579817473888397.
[I 2023-12-27 11:16:49,507] Trial 39 finished with value: 3.1689579486846924 and parameters: {'gradient_clip_val': 0.18518356511997397, 'hidden_size': 19, 'dropout': 0.1586656755310635, 'hidden_continuous_size': 10, 'attention_head_size': 2, 'learning_rate': 0.0007154906032342602}. Best is trial 0 with value: 0.22579817473888397.
[I 2023-12-27 11:16:49,873] Trial 40 finished with value: 4.902241230010986 and parameters: {'gradient_clip_val': 0.12850594787013864, 'hidden_size': 7, 'dropout': 0.11029632610775077, 'hidden_continuous_size': 5, 'attention_head_size': 3, 'learning_rate': 0.0021244785488239142}. Best is trial 0 with value: 0.22579817473888397.
[I 2023-12-27 11:16:50,309] Trial 41 finished with value: 4.0610880851745605 and parameters: {'gradient_clip_val': 0.3823165791468101, 'hidden_size': 46, 'dropout': 0.3942745680940912, 'hidden_continuous_size': 23, 'attention_head_size': 4, 'learning_rate': 0.010461474198133676}. Best is trial 0 with value: 0.22579817473888397.
[I 2023-12-27 11:16:50,689] Trial 42 finished with value: 4.274726390838623 and parameters: {'gradient_clip_val': 0.2980108642328827, 'hidden_size': 32, 'dropout': 0.18043450944947048, 'hidden_continuous_size': 15, 'attention_head_size': 4, 'learning_rate': 0.003000009595313676}. Best is trial 0 with value: 0.22579817473888397.
[I 2023-12-27 11:16:51,130] Trial 43 finished with value: 3.641691207885742 and parameters: {'gradient_clip_val': 0.45369014428507876, 'hidden_size': 45, 'dropout': 0.37624234526780076, 'hidden_continuous_size': 18, 'attention_head_size': 4, 'learning_rate': 0.005529472302685894}. Best is trial 0 with value: 0.22579817473888397.
[I 2023-12-27 11:16:51,578] Trial 44 finished with value: 3.5783843994140625 and parameters: {'gradient_clip_val': 0.26968965316332744, 'hidden_size': 64, 'dropout': 0.4192512411871182, 'hidden_continuous_size': 32, 'attention_head_size': 4, 'learning_rate': 0.004406272689473474}. Best is trial 0 with value: 0.22579817473888397.
[I 2023-12-27 11:16:51,992] Trial 45 finished with value: 3.686788320541382 and parameters: {'gradient_clip_val': 0.3585555840334104, 'hidden_size': 30, 'dropout': 0.4400670679595686, 'hidden_continuous_size': 16, 'attention_head_size': 3, 'learning_rate': 0.0037094791666230924}. Best is trial 0 with value: 0.22579817473888397.
[I 2023-12-27 11:16:52,410] Trial 46 finished with value: 4.254744529724121 and parameters: {'gradient_clip_val': 0.24907936817507342, 'hidden_size': 23, 'dropout': 0.3194251308998016, 'hidden_continuous_size': 13, 'attention_head_size': 4, 'learning_rate': 0.0015906434378240002}. Best is trial 0 with value: 0.22579817473888397.
[I 2023-12-27 11:16:52,825] Trial 47 finished with value: 4.46803617477417 and parameters: {'gradient_clip_val': 0.3139249504021857, 'hidden_size': 41, 'dropout': 0.2882672954320619, 'hidden_continuous_size': 26, 'attention_head_size': 2, 'learning_rate': 0.009285873657203788}. Best is trial 0 with value: 0.22579817473888397.
[I 2023-12-27 11:16:53,249] Trial 48 finished with value: 2.819485664367676 and parameters: {'gradient_clip_val': 0.3769105711876719, 'hidden_size': 33, 'dropout': 0.2287111740705426, 'hidden_continuous_size': 18, 'attention_head_size': 3, 'learning_rate': 0.005874749120947353}. Best is trial 0 with value: 0.22579817473888397.
[I 2023-12-27 11:16:53,652] Trial 49 finished with value: 3.08156418800354 and parameters: {'gradient_clip_val': 0.3433658117422429, 'hidden_size': 32, 'dropout': 0.22302370436051888, 'hidden_continuous_size': 19, 'attention_head_size': 3, 'learning_rate': 0.0031039667502945592}. Best is trial 0 with value: 0.22579817473888397.
[I 2023-12-27 11:16:53,774] A new study created in memory with name: no-name-9c79ddf1-a1a4-4401-a29f-48f93564888a
/home/le004/conda/anaconda3/envs/tsff_env/lib/python3.9/site-packages/lightning/fabric/plugins/environments/slurm.py:191: The `srun` command is available on your system but is not used. HINT: If your intention is to run Lightning on SLURM, prepend your python command with `srun` like so: srun python /home/le004/master_thesis/git/TSFusionForecast/code/ ...
[I 2023-12-27 11:17:38,817] Trial 0 finished with value: 0.5026593208312988 and parameters: {'gradient_clip_val': 0.8698127531269992, 'hidden_size': 87, 'dropout': 0.39651459270131084, 'hidden_continuous_size': 20, 'attention_head_size': 1, 'learning_rate': 0.0005159724211486984}. Best is trial 0 with value: 0.5026593208312988.
[I 2023-12-27 11:17:47,567] Trial 1 finished with value: 3.770796775817871 and parameters: {'gradient_clip_val': 0.25330477927038764, 'hidden_size': 6, 'dropout': 0.2642732043058059, 'hidden_continuous_size': 6, 'attention_head_size': 1, 'learning_rate': 0.0017432240706395413}. Best is trial 0 with value: 0.5026593208312988.
[I 2023-12-27 11:17:47,922] Trial 2 finished with value: 3.5011520385742188 and parameters: {'gradient_clip_val': 0.6874438435857642, 'hidden_size': 24, 'dropout': 0.4216871828248031, 'hidden_continuous_size': 20, 'attention_head_size': 2, 'learning_rate': 0.06254064719233196}. Best is trial 0 with value: 0.5026593208312988.
[I 2023-12-27 11:17:48,291] Trial 3 finished with value: 3.5990915298461914 and parameters: {'gradient_clip_val': 0.1451656889646438, 'hidden_size': 40, 'dropout': 0.19906231506431254, 'hidden_continuous_size': 17, 'attention_head_size': 2, 'learning_rate': 0.0021646840889573728}. Best is trial 0 with value: 0.5026593208312988.
[I 2023-12-27 11:17:48,652] Trial 4 finished with value: 3.045031785964966 and parameters: {'gradient_clip_val': 0.4202052824858799, 'hidden_size': 22, 'dropout': 0.1347624676010356, 'hidden_continuous_size': 5, 'attention_head_size': 2, 'learning_rate': 0.01591549723930365}. Best is trial 0 with value: 0.5026593208312988.
[I 2023-12-27 11:17:48,998] Trial 5 finished with value: 3.2009639739990234 and parameters: {'gradient_clip_val': 0.7712418278540222, 'hidden_size': 9, 'dropout': 0.4945077137965421, 'hidden_continuous_size': 6, 'attention_head_size': 4, 'learning_rate': 0.007247833253411356}. Best is trial 0 with value: 0.5026593208312988.
[I 2023-12-27 11:17:49,381] Trial 6 finished with value: 1.9018341302871704 and parameters: {'gradient_clip_val': 0.13879139125751638, 'hidden_size': 30, 'dropout': 0.41248578544229375, 'hidden_continuous_size': 5, 'attention_head_size': 2, 'learning_rate': 0.024318454205275113}. Best is trial 0 with value: 0.5026593208312988.
[I 2023-12-27 11:17:49,865] Trial 7 finished with value: 3.226198196411133 and parameters: {'gradient_clip_val': 0.9895189167358832, 'hidden_size': 93, 'dropout': 0.4789120906197998, 'hidden_continuous_size': 38, 'attention_head_size': 4, 'learning_rate': 0.0893096025974778}. Best is trial 0 with value: 0.5026593208312988.
[I 2023-12-27 11:17:50,267] Trial 8 finished with value: 3.3900537490844727 and parameters: {'gradient_clip_val': 0.26614838741597796, 'hidden_size': 57, 'dropout': 0.13504325105814693, 'hidden_continuous_size': 10, 'attention_head_size': 3, 'learning_rate': 0.0007844745275511569}. Best is trial 0 with value: 0.5026593208312988.
[I 2023-12-27 11:17:50,756] Trial 9 finished with value: 2.7678115367889404 and parameters: {'gradient_clip_val': 0.14018992663269783, 'hidden_size': 101, 'dropout': 0.3130921375281415, 'hidden_continuous_size': 54, 'attention_head_size': 3, 'learning_rate': 0.006568136482165388}. Best is trial 0 with value: 0.5026593208312988.
[I 2023-12-27 11:17:51,404] Trial 10 finished with value: 2.7761967182159424 and parameters: {'gradient_clip_val': 0.491471707950939, 'hidden_size': 142, 'dropout': 0.3553414090585289, 'hidden_continuous_size': 116, 'attention_head_size': 1, 'learning_rate': 0.0005480310686350235}. Best is trial 0 with value: 0.5026593208312988.
