[I 2023-12-27 11:09:43,448] Trial 46 finished with value: 3.229426622390747 and parameters: {'gradient_clip_val': 0.4704213921469396, 'hidden_size': 15, 'dropout': 0.32232503646544614, 'hidden_continuous_size': 6, 'attention_head_size': 3, 'learning_rate': 0.0018609173542259232}. Best is trial 0 with value: 0.1716165691614151.
[I 2023-12-27 11:09:43,823] Trial 47 finished with value: 2.5325815677642822 and parameters: {'gradient_clip_val': 0.3941047055595924, 'hidden_size': 12, 'dropout': 0.16358167934782766, 'hidden_continuous_size': 6, 'attention_head_size': 1, 'learning_rate': 0.01832109799143101}. Best is trial 0 with value: 0.1716165691614151.
[I 2023-12-27 11:09:44,196] Trial 48 finished with value: 3.226882219314575 and parameters: {'gradient_clip_val': 0.3477212515612596, 'hidden_size': 18, 'dropout': 0.17461507502993603, 'hidden_continuous_size': 6, 'attention_head_size': 2, 'learning_rate': 0.013902757971799611}. Best is trial 0 with value: 0.1716165691614151.
[I 2023-12-27 11:09:44,573] Trial 49 finished with value: 3.610553741455078 and parameters: {'gradient_clip_val': 0.5464931118491477, 'hidden_size': 14, 'dropout': 0.19749422396765998, 'hidden_continuous_size': 5, 'attention_head_size': 3, 'learning_rate': 0.009458207794923268}. Best is trial 0 with value: 0.1716165691614151.
[I 2023-12-27 11:09:44,689] A new study created in memory with name: no-name-5005f647-8655-4dac-a289-d17fd8a5e554
/home/le004/conda/anaconda3/envs/tsff_env/lib/python3.9/site-packages/lightning/fabric/plugins/environments/slurm.py:191: The `srun` command is available on your system but is not used. HINT: If your intention is to run Lightning on SLURM, prepend your python command with `srun` like so: srun python /home/le004/master_thesis/git/TSFusionForecast/code/ ...
[I 2023-12-27 11:10:15,773] Trial 0 finished with value: 2.3768889904022217 and parameters: {'gradient_clip_val': 0.3488608662084093, 'hidden_size': 11, 'dropout': 0.12164098439031519, 'hidden_continuous_size': 5, 'attention_head_size': 3, 'learning_rate': 0.0012495783865832534}. Best is trial 0 with value: 2.3768889904022217.
[I 2023-12-27 11:11:06,482] Trial 1 finished with value: 0.3427623212337494 and parameters: {'gradient_clip_val': 0.3971289868166881, 'hidden_size': 108, 'dropout': 0.257107578117985, 'hidden_continuous_size': 10, 'attention_head_size': 3, 'learning_rate': 0.0005492312675962277}. Best is trial 1 with value: 0.3427623212337494.
[I 2023-12-27 11:11:15,953] Trial 2 finished with value: 3.428919553756714 and parameters: {'gradient_clip_val': 0.7534526916737514, 'hidden_size': 5, 'dropout': 0.10146906438108161, 'hidden_continuous_size': 5, 'attention_head_size': 3, 'learning_rate': 0.0005612292957916494}. Best is trial 1 with value: 0.3427623212337494.
[I 2023-12-27 11:11:16,356] Trial 3 finished with value: 2.705763578414917 and parameters: {'gradient_clip_val': 0.36219733016635614, 'hidden_size': 30, 'dropout': 0.49566889459040575, 'hidden_continuous_size': 7, 'attention_head_size': 1, 'learning_rate': 0.01741250120429879}. Best is trial 1 with value: 0.3427623212337494.
[I 2023-12-27 11:11:16,817] Trial 4 finished with value: 2.5965263843536377 and parameters: {'gradient_clip_val': 0.9672626761553135, 'hidden_size': 69, 'dropout': 0.46215613868893524, 'hidden_continuous_size': 32, 'attention_head_size': 1, 'learning_rate': 0.005515604298474272}. Best is trial 1 with value: 0.3427623212337494.
[I 2023-12-27 11:11:17,266] Trial 5 finished with value: 3.001124382019043 and parameters: {'gradient_clip_val': 0.547178894731013, 'hidden_size': 70, 'dropout': 0.24627951927609623, 'hidden_continuous_size': 6, 'attention_head_size': 4, 'learning_rate': 0.0010856375686027356}. Best is trial 1 with value: 0.3427623212337494.
[I 2023-12-27 11:11:17,623] Trial 6 finished with value: 3.244281053543091 and parameters: {'gradient_clip_val': 0.11068109321664066, 'hidden_size': 7, 'dropout': 0.28097524522217443, 'hidden_continuous_size': 5, 'attention_head_size': 1, 'learning_rate': 0.010809497152771649}. Best is trial 1 with value: 0.3427623212337494.
[I 2023-12-27 11:11:17,998] Trial 7 finished with value: 3.3325393199920654 and parameters: {'gradient_clip_val': 0.5662182491793074, 'hidden_size': 17, 'dropout': 0.23586133919293079, 'hidden_continuous_size': 11, 'attention_head_size': 4, 'learning_rate': 0.08546869015073681}. Best is trial 1 with value: 0.3427623212337494.
[I 2023-12-27 11:11:18,380] Trial 8 finished with value: 2.4831578731536865 and parameters: {'gradient_clip_val': 0.9429428722963007, 'hidden_size': 12, 'dropout': 0.19457732850235465, 'hidden_continuous_size': 5, 'attention_head_size': 3, 'learning_rate': 0.022184717769885374}. Best is trial 1 with value: 0.3427623212337494.
[I 2023-12-27 11:11:18,828] Trial 9 finished with value: 2.8960084915161133 and parameters: {'gradient_clip_val': 0.29033543907911213, 'hidden_size': 60, 'dropout': 0.45054900750187, 'hidden_continuous_size': 52, 'attention_head_size': 3, 'learning_rate': 0.0009758445177487714}. Best is trial 1 with value: 0.3427623212337494.
[I 2023-12-27 11:11:19,593] Trial 10 finished with value: 2.808793067932129 and parameters: {'gradient_clip_val': 0.23371444068631123, 'hidden_size': 148, 'dropout': 0.3433084270966253, 'hidden_continuous_size': 143, 'attention_head_size': 2, 'learning_rate': 0.0028746692443444815}. Best is trial 1 with value: 0.3427623212337494.
[I 2023-12-27 11:11:20,015] Trial 11 finished with value: 3.0025501251220703 and parameters: {'gradient_clip_val': 0.3848164993600184, 'hidden_size': 26, 'dropout': 0.10393148080694871, 'hidden_continuous_size': 8, 'attention_head_size': 2, 'learning_rate': 0.0005514592884855046}. Best is trial 1 with value: 0.3427623212337494.
[I 2023-12-27 11:11:20,667] Trial 12 finished with value: 3.189220428466797 and parameters: {'gradient_clip_val': 0.22218221869569646, 'hidden_size': 10, 'dropout': 0.17531612178941924, 'hidden_continuous_size': 5, 'attention_head_size': 3, 'learning_rate': 0.001664893989171661}. Best is trial 1 with value: 0.3427623212337494.
[I 2023-12-27 11:11:21,085] Trial 13 finished with value: 2.542029857635498 and parameters: {'gradient_clip_val': 0.46622813741404, 'hidden_size': 19, 'dropout': 0.33844865847773575, 'hidden_continuous_size': 7, 'attention_head_size': 4, 'learning_rate': 0.0021948317686723536}. Best is trial 1 with value: 0.3427623212337494.
[I 2023-12-27 11:11:21,686] Trial 14 finished with value: 2.4353296756744385 and parameters: {'gradient_clip_val': 0.30376300999276357, 'hidden_size': 125, 'dropout': 0.16264997562006764, 'hidden_continuous_size': 12, 'attention_head_size': 2, 'learning_rate': 0.0008575313587837451}. Best is trial 1 with value: 0.3427623212337494.
[I 2023-12-27 11:11:22,123] Trial 15 finished with value: 2.8891537189483643 and parameters: {'gradient_clip_val': 0.2068612954211044, 'hidden_size': 41, 'dropout': 0.14512875981786605, 'hidden_continuous_size': 9, 'attention_head_size': 3, 'learning_rate': 0.0005241057797484273}. Best is trial 1 with value: 0.3427623212337494.
[I 2023-12-27 11:11:22,522] Trial 16 finished with value: 3.173381805419922 and parameters: {'gradient_clip_val': 0.45907769578521374, 'hidden_size': 13, 'dropout': 0.22264340565652316, 'hidden_continuous_size': 6, 'attention_head_size': 2, 'learning_rate': 0.0033773367630913743}. Best is trial 1 with value: 0.3427623212337494.
[I 2023-12-27 11:11:22,928] Trial 17 finished with value: 1.95646333694458 and parameters: {'gradient_clip_val': 0.6545507419399059, 'hidden_size': 9, 'dropout': 0.30263736347018927, 'hidden_continuous_size': 5, 'attention_head_size': 4, 'learning_rate': 0.0014891402224972627}. Best is trial 1 with value: 0.3427623212337494.
[I 2023-12-27 11:11:23,292] Trial 18 finished with value: 1.9316354990005493 and parameters: {'gradient_clip_val': 0.6891041986013741, 'hidden_size': 5, 'dropout': 0.3056062160969502, 'hidden_continuous_size': 5, 'attention_head_size': 4, 'learning_rate': 0.001941024379322721}. Best is trial 1 with value: 0.3427623212337494.
[I 2023-12-27 11:11:23,654] Trial 19 finished with value: 3.058087110519409 and parameters: {'gradient_clip_val': 0.7200944104768607, 'hidden_size': 5, 'dropout': 0.36666411122036874, 'hidden_continuous_size': 5, 'attention_head_size': 4, 'learning_rate': 0.00413912100488245}. Best is trial 1 with value: 0.3427623212337494.
[I 2023-12-27 11:11:24,046] Trial 20 finished with value: 3.3085451126098633 and parameters: {'gradient_clip_val': 0.770695000930963, 'hidden_size': 7, 'dropout': 0.27599578433048116, 'hidden_continuous_size': 5, 'attention_head_size': 4, 'learning_rate': 0.001833154579901244}. Best is trial 1 with value: 0.3427623212337494.
[I 2023-12-27 11:11:24,432] Trial 21 finished with value: 3.514270067214966 and parameters: {'gradient_clip_val': 0.6075287791307805, 'hidden_size': 8, 'dropout': 0.30202134153481724, 'hidden_continuous_size': 5, 'attention_head_size': 4, 'learning_rate': 0.0015336368377108463}. Best is trial 1 with value: 0.3427623212337494.
[I 2023-12-27 11:11:24,791] Trial 22 finished with value: 3.4531142711639404 and parameters: {'gradient_clip_val': 0.6512093841038746, 'hidden_size': 5, 'dropout': 0.30637025015068947, 'hidden_continuous_size': 5, 'attention_head_size': 4, 'learning_rate': 0.0008676565975757133}. Best is trial 1 with value: 0.3427623212337494.
[I 2023-12-27 11:11:25,190] Trial 23 finished with value: 2.7166976928710938 and parameters: {'gradient_clip_val': 0.46239398725648406, 'hidden_size': 16, 'dropout': 0.38022461533775265, 'hidden_continuous_size': 6, 'attention_head_size': 4, 'learning_rate': 0.0024189031906178358}. Best is trial 1 with value: 0.3427623212337494.
[I 2023-12-27 11:11:25,593] Trial 24 finished with value: 4.156022071838379 and parameters: {'gradient_clip_val': 0.8359895412783298, 'hidden_size': 8, 'dropout': 0.2722676425579771, 'hidden_continuous_size': 6, 'attention_head_size': 3, 'learning_rate': 0.0014641005215448768}. Best is trial 1 with value: 0.3427623212337494.
[I 2023-12-27 11:11:26,009] Trial 25 finished with value: 3.7660152912139893 and parameters: {'gradient_clip_val': 0.6704911373740786, 'hidden_size': 23, 'dropout': 0.20057889092633546, 'hidden_continuous_size': 7, 'attention_head_size': 4, 'learning_rate': 0.0024368213906027034}. Best is trial 1 with value: 0.3427623212337494.
[I 2023-12-27 11:11:26,652] Trial 26 finished with value: 4.016106128692627 and parameters: {'gradient_clip_val': 0.5527210846222324, 'hidden_size': 6, 'dropout': 0.24824186328002903, 'hidden_continuous_size': 5, 'attention_head_size': 3, 'learning_rate': 0.0008631104203111423}. Best is trial 1 with value: 0.3427623212337494.
[I 2023-12-27 11:11:27,065] Trial 27 finished with value: 2.777459144592285 and parameters: {'gradient_clip_val': 0.9130239059684332, 'hidden_size': 15, 'dropout': 0.30927395732067703, 'hidden_continuous_size': 6, 'attention_head_size': 4, 'learning_rate': 0.004311687015342554}. Best is trial 1 with value: 0.3427623212337494.
[I 2023-12-27 11:11:27,474] Trial 28 finished with value: 2.563955545425415 and parameters: {'gradient_clip_val': 0.7961455009890533, 'hidden_size': 9, 'dropout': 0.2196958602641571, 'hidden_continuous_size': 6, 'attention_head_size': 4, 'learning_rate': 0.0012609485523837481}. Best is trial 1 with value: 0.3427623212337494.
[I 2023-12-27 11:11:27,881] Trial 29 finished with value: 2.737318277359009 and parameters: {'gradient_clip_val': 0.670015711695788, 'hidden_size': 10, 'dropout': 0.26129782014408076, 'hidden_continuous_size': 5, 'attention_head_size': 3, 'learning_rate': 0.0007541732152132434}. Best is trial 1 with value: 0.3427623212337494.
[I 2023-12-27 11:11:28,290] Trial 30 finished with value: 3.3104970455169678 and parameters: {'gradient_clip_val': 0.991817358420839, 'hidden_size': 12, 'dropout': 0.3298423660920198, 'hidden_continuous_size': 6, 'attention_head_size': 3, 'learning_rate': 0.0012169665284336236}. Best is trial 1 with value: 0.3427623212337494.
[I 2023-12-27 11:11:28,690] Trial 31 finished with value: 2.7995574474334717 and parameters: {'gradient_clip_val': 0.3975298738865361, 'hidden_size': 6, 'dropout': 0.10256646763394685, 'hidden_continuous_size': 5, 'attention_head_size': 3, 'learning_rate': 0.0006366066625848959}. Best is trial 1 with value: 0.3427623212337494.
[I 2023-12-27 11:11:29,053] Trial 32 finished with value: 3.524742364883423 and parameters: {'gradient_clip_val': 0.4834377699647277, 'hidden_size': 5, 'dropout': 0.13135236875238196, 'hidden_continuous_size': 5, 'attention_head_size': 3, 'learning_rate': 0.0005384946952748356}. Best is trial 1 with value: 0.3427623212337494.
[I 2023-12-27 11:11:29,457] Trial 33 finished with value: 2.9277374744415283 and parameters: {'gradient_clip_val': 0.36378485549595674, 'hidden_size': 10, 'dropout': 0.19730810274340377, 'hidden_continuous_size': 5, 'attention_head_size': 2, 'learning_rate': 0.0012173771700454996}. Best is trial 1 with value: 0.3427623212337494.
[I 2023-12-27 11:11:29,891] Trial 34 finished with value: 3.3255977630615234 and parameters: {'gradient_clip_val': 0.7420333285538899, 'hidden_size': 33, 'dropout': 0.2774539758425832, 'hidden_continuous_size': 8, 'attention_head_size': 3, 'learning_rate': 0.001972232941381196}. Best is trial 1 with value: 0.3427623212337494.
[I 2023-12-27 11:11:30,270] Trial 35 finished with value: 3.389376640319824 and parameters: {'gradient_clip_val': 0.5427248565390671, 'hidden_size': 6, 'dropout': 0.24491112525896797, 'hidden_continuous_size': 5, 'attention_head_size': 4, 'learning_rate': 0.0006843029383474492}. Best is trial 1 with value: 0.3427623212337494.
[I 2023-12-27 11:11:30,663] Trial 36 finished with value: 2.9019432067871094 and parameters: {'gradient_clip_val': 0.6189435996938976, 'hidden_size': 22, 'dropout': 0.2211089671541785, 'hidden_continuous_size': 7, 'attention_head_size': 1, 'learning_rate': 0.0009639751562365863}. Best is trial 1 with value: 0.3427623212337494.
[I 2023-12-27 11:11:31,056] Trial 37 finished with value: 4.0877556800842285 and parameters: {'gradient_clip_val': 0.840768232348181, 'hidden_size': 14, 'dropout': 0.2551111697639208, 'hidden_continuous_size': 6, 'attention_head_size': 4, 'learning_rate': 0.0015077759253142177}. Best is trial 1 with value: 0.3427623212337494.
[I 2023-12-27 11:11:31,444] Trial 38 finished with value: 2.3192245960235596 and parameters: {'gradient_clip_val': 0.3240764011884457, 'hidden_size': 19, 'dropout': 0.290317370274489, 'hidden_continuous_size': 10, 'attention_head_size': 3, 'learning_rate': 0.0010926356901631703}. Best is trial 1 with value: 0.3427623212337494.
[I 2023-12-27 11:11:31,843] Trial 39 finished with value: 2.4161946773529053 and parameters: {'gradient_clip_val': 0.417399137262901, 'hidden_size': 19, 'dropout': 0.29385751884767247, 'hidden_continuous_size': 10, 'attention_head_size': 3, 'learning_rate': 0.0007014129691237015}. Best is trial 1 with value: 0.3427623212337494.
[I 2023-12-27 11:11:32,436] Trial 40 finished with value: 3.049283981323242 and parameters: {'gradient_clip_val': 0.2974022466825193, 'hidden_size': 11, 'dropout': 0.31874717894292776, 'hidden_continuous_size': 8, 'attention_head_size': 2, 'learning_rate': 0.0010652511869844864}. Best is trial 1 with value: 0.3427623212337494.
[I 2023-12-27 11:11:32,809] Trial 41 finished with value: 3.825124740600586 and parameters: {'gradient_clip_val': 0.36335647771740504, 'hidden_size': 12, 'dropout': 0.29153692266085834, 'hidden_continuous_size': 9, 'attention_head_size': 3, 'learning_rate': 0.0011131155739604515}. Best is trial 1 with value: 0.3427623212337494.
[I 2023-12-27 11:11:33,194] Trial 42 finished with value: 3.4544105529785156 and parameters: {'gradient_clip_val': 0.326462918729844, 'hidden_size': 14, 'dropout': 0.2851428866821947, 'hidden_continuous_size': 9, 'attention_head_size': 3, 'learning_rate': 0.001804664798303122}. Best is trial 1 with value: 0.3427623212337494.
[I 2023-12-27 11:11:33,580] Trial 43 finished with value: 3.417279005050659 and parameters: {'gradient_clip_val': 0.518279111488825, 'hidden_size': 17, 'dropout': 0.2651309694638159, 'hidden_continuous_size': 10, 'attention_head_size': 3, 'learning_rate': 0.002938523897578282}. Best is trial 1 with value: 0.3427623212337494.
[I 2023-12-27 11:11:33,961] Trial 44 finished with value: 2.491685628890991 and parameters: {'gradient_clip_val': 0.2686586366171556, 'hidden_size': 8, 'dropout': 0.35917412453230513, 'hidden_continuous_size': 5, 'attention_head_size': 4, 'learning_rate': 0.0006939944867842237}. Best is trial 1 with value: 0.3427623212337494.
[I 2023-12-27 11:11:34,500] Trial 45 finished with value: 3.2059085369110107 and parameters: {'gradient_clip_val': 0.33460580506971077, 'hidden_size': 105, 'dropout': 0.3231754043799143, 'hidden_continuous_size': 13, 'attention_head_size': 3, 'learning_rate': 0.0013965730601436985}. Best is trial 1 with value: 0.3427623212337494.
[I 2023-12-27 11:11:34,913] Trial 46 finished with value: 3.6905810832977295 and parameters: {'gradient_clip_val': 0.41859635009379387, 'hidden_size': 51, 'dropout': 0.2335938661881378, 'hidden_continuous_size': 16, 'attention_head_size': 2, 'learning_rate': 0.007571089804696935}. Best is trial 1 with value: 0.3427623212337494.
[I 2023-12-27 11:11:35,327] Trial 47 finished with value: 4.084815979003906 and parameters: {'gradient_clip_val': 0.5949669681304538, 'hidden_size': 28, 'dropout': 0.1710873306824261, 'hidden_continuous_size': 7, 'attention_head_size': 3, 'learning_rate': 0.0005506803034327624}. Best is trial 1 with value: 0.3427623212337494.
[I 2023-12-27 11:11:35,796] Trial 48 finished with value: 4.040257930755615 and parameters: {'gradient_clip_val': 0.4993467202943644, 'hidden_size': 80, 'dropout': 0.34268926395719446, 'hidden_continuous_size': 14, 'attention_head_size': 4, 'learning_rate': 0.0009678890090869805}. Best is trial 1 with value: 0.3427623212337494.
[I 2023-12-27 11:11:36,179] Trial 49 finished with value: 3.805100679397583 and parameters: {'gradient_clip_val': 0.27933797363807517, 'hidden_size': 13, 'dropout': 0.11979666971321357, 'hidden_continuous_size': 10, 'attention_head_size': 2, 'learning_rate': 0.0020391160612640838}. Best is trial 1 with value: 0.3427623212337494.
[I 2023-12-27 11:11:36,300] A new study created in memory with name: no-name-49dcc6b4-318a-494b-ab24-41d31ef640f3
/home/le004/conda/anaconda3/envs/tsff_env/lib/python3.9/site-packages/lightning/fabric/plugins/environments/slurm.py:191: The `srun` command is available on your system but is not used. HINT: If your intention is to run Lightning on SLURM, prepend your python command with `srun` like so: srun python /home/le004/master_thesis/git/TSFusionForecast/code/ ...
[I 2023-12-27 11:12:14,448] Trial 0 finished with value: 1628.4310302734375 and parameters: {'gradient_clip_val': 0.5267868873011671, 'hidden_size': 140, 'dropout': 0.28776509570205944, 'hidden_continuous_size': 19, 'attention_head_size': 4, 'learning_rate': 0.024812585059547636}. Best is trial 0 with value: 1628.4310302734375.
[I 2023-12-27 11:12:15,018] Trial 1 finished with value: 4998.796875 and parameters: {'gradient_clip_val': 0.8796498918419264, 'hidden_size': 12, 'dropout': 0.28359795017902767, 'hidden_continuous_size': 10, 'attention_head_size': 1, 'learning_rate': 0.01148208889377397}. Best is trial 0 with value: 1628.4310302734375.
[I 2023-12-27 11:12:15,394] Trial 2 finished with value: 4560.05029296875 and parameters: {'gradient_clip_val': 0.6553945211554022, 'hidden_size': 19, 'dropout': 0.19674181266803067, 'hidden_continuous_size': 10, 'attention_head_size': 4, 'learning_rate': 0.017746715464975853}. Best is trial 0 with value: 1628.4310302734375.
[I 2023-12-27 11:12:15,869] Trial 3 finished with value: 4645.18115234375 and parameters: {'gradient_clip_val': 0.8951182023678114, 'hidden_size': 89, 'dropout': 0.4122937404809006, 'hidden_continuous_size': 60, 'attention_head_size': 1, 'learning_rate': 0.07760689909098036}. Best is trial 0 with value: 1628.4310302734375.
[I 2023-12-27 11:12:16,290] Trial 4 finished with value: 4796.55615234375 and parameters: {'gradient_clip_val': 0.29454492644200736, 'hidden_size': 68, 'dropout': 0.16858054417954219, 'hidden_continuous_size': 24, 'attention_head_size': 3, 'learning_rate': 0.003954726440845246}. Best is trial 0 with value: 1628.4310302734375.
[I 2023-12-27 11:12:16,636] Trial 5 finished with value: 4450.12939453125 and parameters: {'gradient_clip_val': 0.8585693216631324, 'hidden_size': 11, 'dropout': 0.21890187427156957, 'hidden_continuous_size': 5, 'attention_head_size': 1, 'learning_rate': 0.006432528822477907}. Best is trial 0 with value: 1628.4310302734375.
[I 2023-12-27 11:12:16,948] Trial 6 finished with value: 5243.16943359375 and parameters: {'gradient_clip_val': 0.15231369315440565, 'hidden_size': 5, 'dropout': 0.24774552348487436, 'hidden_continuous_size': 5, 'attention_head_size': 1, 'learning_rate': 0.0027741054580199325}. Best is trial 0 with value: 1628.4310302734375.
[I 2023-12-27 11:12:17,291] Trial 7 finished with value: 4691.89208984375 and parameters: {'gradient_clip_val': 0.1789843545643751, 'hidden_size': 7, 'dropout': 0.21617292434400734, 'hidden_continuous_size': 5, 'attention_head_size': 3, 'learning_rate': 0.008932397371784183}. Best is trial 0 with value: 1628.4310302734375.
[I 2023-12-27 11:12:17,787] Trial 8 finished with value: 4025.399658203125 and parameters: {'gradient_clip_val': 0.7079192825924325, 'hidden_size': 111, 'dropout': 0.40668448010482405, 'hidden_continuous_size': 27, 'attention_head_size': 4, 'learning_rate': 0.029705407897744906}. Best is trial 0 with value: 1628.4310302734375.
[I 2023-12-27 11:12:18,145] Trial 9 finished with value: 4381.203125 and parameters: {'gradient_clip_val': 0.8512012249443974, 'hidden_size': 19, 'dropout': 0.3234498006295171, 'hidden_continuous_size': 13, 'attention_head_size': 2, 'learning_rate': 0.0005081385886898553}. Best is trial 0 with value: 1628.4310302734375.
