[rank: 0] Seed set to 42
[I 2023-12-27 10:51:53,246] A new study created in memory with name: no-name-3ee634b9-e564-4ca4-afd9-3a84f4f110b6
/home/le004/conda/anaconda3/envs/tsff_env/lib/python3.9/site-packages/lightning/fabric/plugins/environments/slurm.py:191: The `srun` command is available on your system but is not used. HINT: If your intention is to run Lightning on SLURM, prepend your python command with `srun` like so: srun python /home/le004/master_thesis/git/TSFusionForecast/code/ ...
[I 2023-12-27 10:52:32,058] Trial 0 finished with value: 1.591770052909851 and parameters: {'gradient_clip_val': 0.1883421530960608, 'hidden_size': 46, 'dropout': 0.19581956610457532, 'hidden_continuous_size': 5, 'attention_head_size': 2, 'learning_rate': 0.0007787567881846952}. Best is trial 0 with value: 1.591770052909851.
[I 2023-12-27 10:52:41,012] Trial 1 finished with value: 4.982160568237305 and parameters: {'gradient_clip_val': 0.2422182985534877, 'hidden_size': 5, 'dropout': 0.4940923916540657, 'hidden_continuous_size': 5, 'attention_head_size': 3, 'learning_rate': 0.0006112110305497362}. Best is trial 0 with value: 1.591770052909851.
[I 2023-12-27 10:52:41,407] Trial 2 finished with value: 4.13950252532959 and parameters: {'gradient_clip_val': 0.199084563613977, 'hidden_size': 52, 'dropout': 0.13055144350615114, 'hidden_continuous_size': 43, 'attention_head_size': 1, 'learning_rate': 0.0009741773801955152}. Best is trial 0 with value: 1.591770052909851.
[I 2023-12-27 10:52:41,928] Trial 3 finished with value: 6.630270481109619 and parameters: {'gradient_clip_val': 0.21232782324226024, 'hidden_size': 130, 'dropout': 0.18027723764419937, 'hidden_continuous_size': 33, 'attention_head_size': 2, 'learning_rate': 0.09668337658237876}. Best is trial 0 with value: 1.591770052909851.
[I 2023-12-27 10:52:42,509] Trial 4 finished with value: 6.588396072387695 and parameters: {'gradient_clip_val': 0.2207259701581259, 'hidden_size': 61, 'dropout': 0.4338453941711151, 'hidden_continuous_size': 7, 'attention_head_size': 3, 'learning_rate': 0.006123469307361609}. Best is trial 0 with value: 1.591770052909851.
[I 2023-12-27 10:52:42,877] Trial 5 finished with value: 5.725318908691406 and parameters: {'gradient_clip_val': 0.21180227569059892, 'hidden_size': 23, 'dropout': 0.4679053307536454, 'hidden_continuous_size': 6, 'attention_head_size': 1, 'learning_rate': 0.0319287568316505}. Best is trial 0 with value: 1.591770052909851.
[I 2023-12-27 10:52:43,257] Trial 6 finished with value: 6.372774600982666 and parameters: {'gradient_clip_val': 0.45347114471566685, 'hidden_size': 31, 'dropout': 0.22255408808285906, 'hidden_continuous_size': 9, 'attention_head_size': 3, 'learning_rate': 0.016137651744658164}. Best is trial 0 with value: 1.591770052909851.
[I 2023-12-27 10:52:43,707] Trial 7 finished with value: 4.956364631652832 and parameters: {'gradient_clip_val': 0.2973794700108649, 'hidden_size': 82, 'dropout': 0.31176250736440647, 'hidden_continuous_size': 57, 'attention_head_size': 2, 'learning_rate': 0.0018191022587815784}. Best is trial 0 with value: 1.591770052909851.
[I 2023-12-27 10:52:44,128] Trial 8 finished with value: 5.425491809844971 and parameters: {'gradient_clip_val': 0.5191148891430748, 'hidden_size': 59, 'dropout': 0.2922388233742506, 'hidden_continuous_size': 38, 'attention_head_size': 1, 'learning_rate': 0.0006150620496003597}. Best is trial 0 with value: 1.591770052909851.
[I 2023-12-27 10:52:44,483] Trial 9 finished with value: 4.992076873779297 and parameters: {'gradient_clip_val': 0.5958130564505045, 'hidden_size': 27, 'dropout': 0.37279607087867883, 'hidden_continuous_size': 7, 'attention_head_size': 2, 'learning_rate': 0.008789947970739342}. Best is trial 0 with value: 1.591770052909851.
[I 2023-12-27 10:52:44,873] Trial 10 finished with value: 5.262465000152588 and parameters: {'gradient_clip_val': 0.10295010141457418, 'hidden_size': 13, 'dropout': 0.10257676896828405, 'hidden_continuous_size': 5, 'attention_head_size': 4, 'learning_rate': 0.002525118447818094}. Best is trial 0 with value: 1.591770052909851.
[I 2023-12-27 10:52:45,513] Trial 11 finished with value: 5.786600589752197 and parameters: {'gradient_clip_val': 0.9373733234535898, 'hidden_size': 146, 'dropout': 0.10288628884222498, 'hidden_continuous_size': 112, 'attention_head_size': 1, 'learning_rate': 0.0012474402431544604}. Best is trial 0 with value: 1.591770052909851.
[I 2023-12-27 10:52:45,924] Trial 12 finished with value: 4.924816131591797 and parameters: {'gradient_clip_val': 0.14061106451823963, 'hidden_size': 42, 'dropout': 0.18496952146158008, 'hidden_continuous_size': 12, 'attention_head_size': 1, 'learning_rate': 0.0005704025038944492}. Best is trial 0 with value: 1.591770052909851.
[I 2023-12-27 10:52:46,382] Trial 13 finished with value: 6.560099124908447 and parameters: {'gradient_clip_val': 0.15540153225034622, 'hidden_size': 83, 'dropout': 0.16147644619586796, 'hidden_continuous_size': 14, 'attention_head_size': 2, 'learning_rate': 0.0028963409366468294}. Best is trial 0 with value: 1.591770052909851.
[I 2023-12-27 10:52:46,772] Trial 14 finished with value: 4.705652713775635 and parameters: {'gradient_clip_val': 0.34838108704674103, 'hidden_size': 40, 'dropout': 0.24412785191301759, 'hidden_continuous_size': 14, 'attention_head_size': 1, 'learning_rate': 0.0012339566850210289}. Best is trial 0 with value: 1.591770052909851.
[I 2023-12-27 10:52:47,139] Trial 15 finished with value: 4.678305149078369 and parameters: {'gradient_clip_val': 0.15315489361377357, 'hidden_size': 16, 'dropout': 0.1366187531091501, 'hidden_continuous_size': 5, 'attention_head_size': 2, 'learning_rate': 0.0010921893259652786}. Best is trial 0 with value: 1.591770052909851.
[I 2023-12-27 10:52:47,573] Trial 16 finished with value: 4.473655700683594 and parameters: {'gradient_clip_val': 0.10793018369688306, 'hidden_size': 51, 'dropout': 0.21751260655287813, 'hidden_continuous_size': 10, 'attention_head_size': 4, 'learning_rate': 0.00421116878650941}. Best is trial 0 with value: 1.591770052909851.
[I 2023-12-27 10:52:48,040] Trial 17 finished with value: 6.297687530517578 and parameters: {'gradient_clip_val': 0.18251058142601384, 'hidden_size': 82, 'dropout': 0.14660762047740597, 'hidden_continuous_size': 20, 'attention_head_size': 1, 'learning_rate': 0.0005004945498553891}. Best is trial 0 with value: 1.591770052909851.
[I 2023-12-27 10:52:48,672] Trial 18 finished with value: 6.242412090301514 and parameters: {'gradient_clip_val': 0.2625217953510747, 'hidden_size': 36, 'dropout': 0.25991237736079537, 'hidden_continuous_size': 8, 'attention_head_size': 2, 'learning_rate': 0.0019608530518843213}. Best is trial 0 with value: 1.591770052909851.
[I 2023-12-27 10:52:49,079] Trial 19 finished with value: 5.104966640472412 and parameters: {'gradient_clip_val': 0.32180177577701874, 'hidden_size': 22, 'dropout': 0.19820007772564965, 'hidden_continuous_size': 6, 'attention_head_size': 3, 'learning_rate': 0.0009742264304520529}. Best is trial 0 with value: 1.591770052909851.
[I 2023-12-27 10:52:49,516] Trial 20 finished with value: 5.959934234619141 and parameters: {'gradient_clip_val': 0.1735414355592281, 'hidden_size': 51, 'dropout': 0.14119627199320134, 'hidden_continuous_size': 19, 'attention_head_size': 1, 'learning_rate': 0.003513936920442385}. Best is trial 0 with value: 1.591770052909851.
[I 2023-12-27 10:52:49,962] Trial 21 finished with value: 6.1329569816589355 and parameters: {'gradient_clip_val': 0.11245851706954661, 'hidden_size': 50, 'dropout': 0.20266349473225914, 'hidden_continuous_size': 12, 'attention_head_size': 4, 'learning_rate': 0.004155261834183869}. Best is trial 0 with value: 1.591770052909851.
[I 2023-12-27 10:52:50,391] Trial 22 finished with value: 5.693134307861328 and parameters: {'gradient_clip_val': 0.13072499772377338, 'hidden_size': 38, 'dropout': 0.2213788251933659, 'hidden_continuous_size': 10, 'attention_head_size': 4, 'learning_rate': 0.0018371626484970263}. Best is trial 0 with value: 1.591770052909851.
[I 2023-12-27 10:52:50,862] Trial 23 finished with value: 4.588117599487305 and parameters: {'gradient_clip_val': 0.12173976579539228, 'hidden_size': 70, 'dropout': 0.16527958342531468, 'hidden_continuous_size': 10, 'attention_head_size': 3, 'learning_rate': 0.0008513764327234596}. Best is trial 0 with value: 1.591770052909851.
[I 2023-12-27 10:52:51,379] Trial 24 finished with value: 5.053694725036621 and parameters: {'gradient_clip_val': 0.10575815593860756, 'hidden_size': 106, 'dropout': 0.25252178681020576, 'hidden_continuous_size': 8, 'attention_head_size': 4, 'learning_rate': 0.0014179794434735274}. Best is trial 0 with value: 1.591770052909851.
[I 2023-12-27 10:52:51,820] Trial 25 finished with value: 5.071399211883545 and parameters: {'gradient_clip_val': 0.17632309310686237, 'hidden_size': 56, 'dropout': 0.1322989535473909, 'hidden_continuous_size': 20, 'attention_head_size': 2, 'learning_rate': 0.0020681922375695074}. Best is trial 0 with value: 1.591770052909851.
[I 2023-12-27 10:52:52,324] Trial 26 finished with value: 6.055394649505615 and parameters: {'gradient_clip_val': 0.13159727675309443, 'hidden_size': 99, 'dropout': 0.18072680300476923, 'hidden_continuous_size': 26, 'attention_head_size': 3, 'learning_rate': 0.000910067509060087}. Best is trial 0 with value: 1.591770052909851.
[I 2023-12-27 10:52:52,745] Trial 27 finished with value: 6.42633581161499 and parameters: {'gradient_clip_val': 0.18610818647823688, 'hidden_size': 48, 'dropout': 0.21549215627672602, 'hidden_continuous_size': 10, 'attention_head_size': 4, 'learning_rate': 0.003923343913452214}. Best is trial 0 with value: 1.591770052909851.
[I 2023-12-27 10:52:53,199] Trial 28 finished with value: 5.308400630950928 and parameters: {'gradient_clip_val': 0.10015834383571252, 'hidden_size': 75, 'dropout': 0.16619588613744876, 'hidden_continuous_size': 6, 'attention_head_size': 2, 'learning_rate': 0.0007716942028949828}. Best is trial 0 with value: 1.591770052909851.
[I 2023-12-27 10:52:53,598] Trial 29 finished with value: 6.267405986785889 and parameters: {'gradient_clip_val': 0.14970931540693905, 'hidden_size': 32, 'dropout': 0.19933181383921234, 'hidden_continuous_size': 5, 'attention_head_size': 3, 'learning_rate': 0.0006787493657395562}. Best is trial 0 with value: 1.591770052909851.
[I 2023-12-27 10:52:53,969] Trial 30 finished with value: 5.724672317504883 and parameters: {'gradient_clip_val': 0.12162561759869565, 'hidden_size': 6, 'dropout': 0.12326384856147575, 'hidden_continuous_size': 5, 'attention_head_size': 1, 'learning_rate': 0.001450281499815019}. Best is trial 0 with value: 1.591770052909851.
[I 2023-12-27 10:52:54,674] Trial 31 finished with value: 5.585361957550049 and parameters: {'gradient_clip_val': 0.11851545600122966, 'hidden_size': 68, 'dropout': 0.16774178265802725, 'hidden_continuous_size': 15, 'attention_head_size': 3, 'learning_rate': 0.0008049446777490081}. Best is trial 0 with value: 1.591770052909851.
[I 2023-12-27 10:52:55,130] Trial 32 finished with value: 4.943809509277344 and parameters: {'gradient_clip_val': 0.1283276409674771, 'hidden_size': 65, 'dropout': 0.15918768574853703, 'hidden_continuous_size': 10, 'attention_head_size': 4, 'learning_rate': 0.0005142600813210052}. Best is trial 0 with value: 1.591770052909851.
[I 2023-12-27 10:52:55,574] Trial 33 finished with value: 5.608501434326172 and parameters: {'gradient_clip_val': 0.22041365973413427, 'hidden_size': 47, 'dropout': 0.176401986877295, 'hidden_continuous_size': 8, 'attention_head_size': 3, 'learning_rate': 0.0008683338765766831}. Best is trial 0 with value: 1.591770052909851.
[I 2023-12-27 10:52:56,092] Trial 34 finished with value: 4.258456230163574 and parameters: {'gradient_clip_val': 0.1540180627727384, 'hidden_size': 114, 'dropout': 0.1215615367164244, 'hidden_continuous_size': 7, 'attention_head_size': 2, 'learning_rate': 0.0013793020784109568}. Best is trial 0 with value: 1.591770052909851.
[I 2023-12-27 10:52:56,637] Trial 35 finished with value: 4.3064866065979 and parameters: {'gradient_clip_val': 0.20330622455566244, 'hidden_size': 128, 'dropout': 0.12300057691935776, 'hidden_continuous_size': 7, 'attention_head_size': 2, 'learning_rate': 0.0014684346110696125}. Best is trial 0 with value: 1.591770052909851.
[I 2023-12-27 10:52:57,191] Trial 36 finished with value: 4.8746161460876465 and parameters: {'gradient_clip_val': 0.2081440892636381, 'hidden_size': 124, 'dropout': 0.12297948636042248, 'hidden_continuous_size': 7, 'attention_head_size': 2, 'learning_rate': 0.0014040640813481997}. Best is trial 0 with value: 1.591770052909851.
[I 2023-12-27 10:52:57,797] Trial 37 finished with value: 4.306214332580566 and parameters: {'gradient_clip_val': 0.24584653413145724, 'hidden_size': 149, 'dropout': 0.10492109871307255, 'hidden_continuous_size': 6, 'attention_head_size': 2, 'learning_rate': 0.0011326692636466236}. Best is trial 0 with value: 1.591770052909851.
[I 2023-12-27 10:52:58,292] Trial 38 finished with value: 5.014282703399658 and parameters: {'gradient_clip_val': 0.24298178169041734, 'hidden_size': 98, 'dropout': 0.10852076507830842, 'hidden_continuous_size': 6, 'attention_head_size': 2, 'learning_rate': 0.0007007815791913144}. Best is trial 0 with value: 1.591770052909851.
[I 2023-12-27 10:52:58,895] Trial 39 finished with value: 4.575191020965576 and parameters: {'gradient_clip_val': 0.2503889832445161, 'hidden_size': 147, 'dropout': 0.10260008173579274, 'hidden_continuous_size': 40, 'attention_head_size': 2, 'learning_rate': 0.0010827041597636935}. Best is trial 0 with value: 1.591770052909851.
[I 2023-12-27 10:52:59,393] Trial 40 finished with value: 4.522439002990723 and parameters: {'gradient_clip_val': 0.2738403801189175, 'hidden_size': 104, 'dropout': 0.15029375626955718, 'hidden_continuous_size': 6, 'attention_head_size': 2, 'learning_rate': 0.0024905220681864897}. Best is trial 0 with value: 1.591770052909851.
[I 2023-12-27 10:52:59,938] Trial 41 finished with value: 4.872370719909668 and parameters: {'gradient_clip_val': 0.20189406287318173, 'hidden_size': 119, 'dropout': 0.1259345535062844, 'hidden_continuous_size': 7, 'attention_head_size': 2, 'learning_rate': 0.001597421442303017}. Best is trial 0 with value: 1.591770052909851.
[I 2023-12-27 10:53:00,518] Trial 42 finished with value: 7.1446967124938965 and parameters: {'gradient_clip_val': 0.20055283466583412, 'hidden_size': 145, 'dropout': 0.1188406688829137, 'hidden_continuous_size': 5, 'attention_head_size': 2, 'learning_rate': 0.0011561925849213712}. Best is trial 0 with value: 1.591770052909851.
[I 2023-12-27 10:53:01,059] Trial 43 finished with value: 6.168670177459717 and parameters: {'gradient_clip_val': 0.22722299535469773, 'hidden_size': 123, 'dropout': 0.14371915635921031, 'hidden_continuous_size': 7, 'attention_head_size': 1, 'learning_rate': 0.0006809757344311049}. Best is trial 0 with value: 1.591770052909851.
[I 2023-12-27 10:53:01,775] Trial 44 finished with value: 5.274580478668213 and parameters: {'gradient_clip_val': 0.1672190202143626, 'hidden_size': 92, 'dropout': 0.10207003433433134, 'hidden_continuous_size': 6, 'attention_head_size': 2, 'learning_rate': 0.0015454308333035457}. Best is trial 0 with value: 1.591770052909851.
[I 2023-12-27 10:53:02,337] Trial 45 finished with value: 5.661468982696533 and parameters: {'gradient_clip_val': 0.22587643304831892, 'hidden_size': 114, 'dropout': 0.12216216896759456, 'hidden_continuous_size': 63, 'attention_head_size': 1, 'learning_rate': 0.0010880634657091934}. Best is trial 0 with value: 1.591770052909851.
[I 2023-12-27 10:53:02,810] Trial 46 finished with value: 6.153615474700928 and parameters: {'gradient_clip_val': 0.1615796862044859, 'hidden_size': 88, 'dropout': 0.14863261690994953, 'hidden_continuous_size': 5, 'attention_head_size': 2, 'learning_rate': 0.002257789902677643}. Best is trial 0 with value: 1.591770052909851.
[I 2023-12-27 10:53:03,389] Trial 47 finished with value: 5.643026351928711 and parameters: {'gradient_clip_val': 0.18344122812557034, 'hidden_size': 131, 'dropout': 0.1342111169263289, 'hidden_continuous_size': 8, 'attention_head_size': 2, 'learning_rate': 0.000608683544181605}. Best is trial 0 with value: 1.591770052909851.
[I 2023-12-27 10:53:03,836] Trial 48 finished with value: 5.744407653808594 and parameters: {'gradient_clip_val': 0.29107127019185963, 'hidden_size': 72, 'dropout': 0.18138457051759127, 'hidden_continuous_size': 7, 'attention_head_size': 1, 'learning_rate': 0.0018071559144283602}. Best is trial 0 with value: 1.591770052909851.
[I 2023-12-27 10:53:04,290] Trial 49 finished with value: 5.099429130554199 and parameters: {'gradient_clip_val': 0.14324974556885411, 'hidden_size': 60, 'dropout': 0.11067920085169053, 'hidden_continuous_size': 9, 'attention_head_size': 2, 'learning_rate': 0.0030220655165418436}. Best is trial 0 with value: 1.591770052909851.
[I 2023-12-27 10:53:04,403] A new study created in memory with name: no-name-9517a37e-97b3-4f6c-b608-14da2d9fb149
/home/le004/conda/anaconda3/envs/tsff_env/lib/python3.9/site-packages/lightning/fabric/plugins/environments/slurm.py:191: The `srun` command is available on your system but is not used. HINT: If your intention is to run Lightning on SLURM, prepend your python command with `srun` like so: srun python /home/le004/master_thesis/git/TSFusionForecast/code/ ...
[I 2023-12-27 10:53:32,818] Trial 0 finished with value: 1.668336272239685 and parameters: {'gradient_clip_val': 0.17971245463485622, 'hidden_size': 5, 'dropout': 0.15247423303974222, 'hidden_continuous_size': 5, 'attention_head_size': 3, 'learning_rate': 0.0008881598109231713}. Best is trial 0 with value: 1.668336272239685.
[I 2023-12-27 10:54:02,865] Trial 1 finished with value: 0.3323937952518463 and parameters: {'gradient_clip_val': 0.5081658785452157, 'hidden_size': 6, 'dropout': 0.10107805747156236, 'hidden_continuous_size': 5, 'attention_head_size': 2, 'learning_rate': 0.011088880172653717}. Best is trial 1 with value: 0.3323937952518463.
[I 2023-12-27 10:54:13,307] Trial 2 finished with value: 0.6848547458648682 and parameters: {'gradient_clip_val': 0.12255623978537984, 'hidden_size': 9, 'dropout': 0.3870730413259301, 'hidden_continuous_size': 5, 'attention_head_size': 2, 'learning_rate': 0.09364914194615319}. Best is trial 1 with value: 0.3323937952518463.
[I 2023-12-27 10:54:13,651] Trial 3 finished with value: 2.4865996837615967 and parameters: {'gradient_clip_val': 0.23807678011022512, 'hidden_size': 9, 'dropout': 0.16387421886019587, 'hidden_continuous_size': 8, 'attention_head_size': 2, 'learning_rate': 0.0042506081010681915}. Best is trial 1 with value: 0.3323937952518463.
[I 2023-12-27 10:54:13,965] Trial 4 finished with value: 3.1383965015411377 and parameters: {'gradient_clip_val': 0.16018342353932746, 'hidden_size': 5, 'dropout': 0.24384808709956507, 'hidden_continuous_size': 5, 'attention_head_size': 3, 'learning_rate': 0.0022001019450055047}. Best is trial 1 with value: 0.3323937952518463.
[I 2023-12-27 10:54:14,276] Trial 5 finished with value: 2.147911310195923 and parameters: {'gradient_clip_val': 0.3928873406155145, 'hidden_size': 5, 'dropout': 0.15517236746928298, 'hidden_continuous_size': 5, 'attention_head_size': 2, 'learning_rate': 0.0007888765624859694}. Best is trial 1 with value: 0.3323937952518463.
[I 2023-12-27 10:54:14,706] Trial 6 finished with value: 2.8153021335601807 and parameters: {'gradient_clip_val': 0.34191173363121025, 'hidden_size': 71, 'dropout': 0.22179776973784715, 'hidden_continuous_size': 21, 'attention_head_size': 3, 'learning_rate': 0.002117941218739407}. Best is trial 1 with value: 0.3323937952518463.
[I 2023-12-27 10:54:15,067] Trial 7 finished with value: 2.786227226257324 and parameters: {'gradient_clip_val': 0.15571885337030095, 'hidden_size': 19, 'dropout': 0.3587525684470083, 'hidden_continuous_size': 18, 'attention_head_size': 2, 'learning_rate': 0.04971619020407589}. Best is trial 1 with value: 0.3323937952518463.
[I 2023-12-27 10:54:15,487] Trial 8 finished with value: 2.4629857540130615 and parameters: {'gradient_clip_val': 0.44620423860761266, 'hidden_size': 62, 'dropout': 0.44547751663359236, 'hidden_continuous_size': 17, 'attention_head_size': 3, 'learning_rate': 0.0020468841448152385}. Best is trial 1 with value: 0.3323937952518463.
[I 2023-12-27 10:54:15,863] Trial 9 finished with value: 2.9277563095092773 and parameters: {'gradient_clip_val': 0.7514252929980441, 'hidden_size': 30, 'dropout': 0.4754871804226223, 'hidden_continuous_size': 14, 'attention_head_size': 1, 'learning_rate': 0.002704927161222827}. Best is trial 1 with value: 0.3323937952518463.
[I 2023-12-27 10:54:16,402] Trial 10 finished with value: 2.7863943576812744 and parameters: {'gradient_clip_val': 0.9586569538488022, 'hidden_size': 117, 'dropout': 0.10174109341355567, 'hidden_continuous_size': 54, 'attention_head_size': 4, 'learning_rate': 0.013963010890053031}. Best is trial 1 with value: 0.3323937952518463.
[I 2023-12-27 10:54:16,763] Trial 11 finished with value: 2.8690977096557617 and parameters: {'gradient_clip_val': 0.1252234527233297, 'hidden_size': 10, 'dropout': 0.3353310454292796, 'hidden_continuous_size': 5, 'attention_head_size': 1, 'learning_rate': 0.09971981316164544}. Best is trial 1 with value: 0.3323937952518463.
[I 2023-12-27 10:54:17,132] Trial 12 finished with value: 2.0824339389801025 and parameters: {'gradient_clip_val': 0.10532395518406587, 'hidden_size': 10, 'dropout': 0.374219858289789, 'hidden_continuous_size': 6, 'attention_head_size': 1, 'learning_rate': 0.0196543053438832}. Best is trial 1 with value: 0.3323937952518463.
[I 2023-12-27 10:54:17,507] Trial 13 finished with value: 2.698699712753296 and parameters: {'gradient_clip_val': 0.24271474739654417, 'hidden_size': 15, 'dropout': 0.27011571597576783, 'hidden_continuous_size': 6, 'attention_head_size': 2, 'learning_rate': 0.012191427023846783}. Best is trial 1 with value: 0.3323937952518463.
