[I 2023-12-27 11:08:09,736] Trial 8 finished with value: 4.920536518096924 and parameters: {'gradient_clip_val': 0.6343093127939705, 'hidden_size': 115, 'dropout': 0.2864294158552736, 'hidden_continuous_size': 113, 'attention_head_size': 2, 'learning_rate': 0.0008599096172085698}. Best is trial 0 with value: 0.22234326601028442.
[I 2023-12-27 11:08:10,148] Trial 9 finished with value: 4.13990592956543 and parameters: {'gradient_clip_val': 0.1188969834550913, 'hidden_size': 54, 'dropout': 0.43665840988673243, 'hidden_continuous_size': 18, 'attention_head_size': 3, 'learning_rate': 0.000745052418795091}. Best is trial 0 with value: 0.22234326601028442.
[I 2023-12-27 11:08:10,793] Trial 10 finished with value: 3.5247623920440674 and parameters: {'gradient_clip_val': 0.29779940531370924, 'hidden_size': 149, 'dropout': 0.41469826575814783, 'hidden_continuous_size': 56, 'attention_head_size': 4, 'learning_rate': 0.002398137267956322}. Best is trial 0 with value: 0.22234326601028442.
[I 2023-12-27 11:08:11,170] Trial 11 finished with value: 3.5696980953216553 and parameters: {'gradient_clip_val': 0.18154413667998862, 'hidden_size': 17, 'dropout': 0.274641730106642, 'hidden_continuous_size': 9, 'attention_head_size': 3, 'learning_rate': 0.08257992237639973}. Best is trial 0 with value: 0.22234326601028442.
[I 2023-12-27 11:08:11,586] Trial 12 finished with value: 4.358019828796387 and parameters: {'gradient_clip_val': 0.10177898055339138, 'hidden_size': 48, 'dropout': 0.37790750234025117, 'hidden_continuous_size': 10, 'attention_head_size': 3, 'learning_rate': 0.00235941448173736}. Best is trial 0 with value: 0.22234326601028442.
[I 2023-12-27 11:08:11,971] Trial 13 finished with value: 4.256459712982178 and parameters: {'gradient_clip_val': 0.19815958450806356, 'hidden_size': 12, 'dropout': 0.2552279166620445, 'hidden_continuous_size': 6, 'attention_head_size': 3, 'learning_rate': 0.038500280643900035}. Best is trial 0 with value: 0.22234326601028442.
[I 2023-12-27 11:08:12,388] Trial 14 finished with value: 3.8326637744903564 and parameters: {'gradient_clip_val': 0.38276926154470214, 'hidden_size': 31, 'dropout': 0.3308941576789452, 'hidden_continuous_size': 13, 'attention_head_size': 2, 'learning_rate': 0.010417842345324857}. Best is trial 0 with value: 0.22234326601028442.
[I 2023-12-27 11:08:12,863] Trial 15 finished with value: 4.114805698394775 and parameters: {'gradient_clip_val': 0.24267886938936517, 'hidden_size': 78, 'dropout': 0.22818846537966542, 'hidden_continuous_size': 31, 'attention_head_size': 4, 'learning_rate': 0.005607828102062425}. Best is trial 0 with value: 0.22234326601028442.
[I 2023-12-27 11:08:13,244] Trial 16 finished with value: 4.465174674987793 and parameters: {'gradient_clip_val': 0.15851986874345597, 'hidden_size': 32, 'dropout': 0.39477019004590463, 'hidden_continuous_size': 9, 'attention_head_size': 1, 'learning_rate': 0.041549388875506514}. Best is trial 0 with value: 0.22234326601028442.
[I 2023-12-27 11:08:13,686] Trial 17 finished with value: 3.7790145874023438 and parameters: {'gradient_clip_val': 0.1003161028428377, 'hidden_size': 72, 'dropout': 0.30860901377382094, 'hidden_continuous_size': 23, 'attention_head_size': 2, 'learning_rate': 0.09537968470768789}. Best is trial 0 with value: 0.22234326601028442.
[I 2023-12-27 11:08:14,071] Trial 18 finished with value: 4.2662200927734375 and parameters: {'gradient_clip_val': 0.4541700069054673, 'hidden_size': 24, 'dropout': 0.4821934757897262, 'hidden_continuous_size': 7, 'attention_head_size': 3, 'learning_rate': 0.001651921384705541}. Best is trial 0 with value: 0.22234326601028442.
[I 2023-12-27 11:08:14,453] Trial 19 finished with value: 4.588082790374756 and parameters: {'gradient_clip_val': 0.2566428452253782, 'hidden_size': 9, 'dropout': 0.37213481067695675, 'hidden_continuous_size': 5, 'attention_head_size': 4, 'learning_rate': 0.006572513452034224}. Best is trial 0 with value: 0.22234326601028442.
[I 2023-12-27 11:08:14,836] Trial 20 finished with value: 4.181707382202148 and parameters: {'gradient_clip_val': 0.20208629196779912, 'hidden_size': 15, 'dropout': 0.3175652184226239, 'hidden_continuous_size': 8, 'attention_head_size': 1, 'learning_rate': 0.0005841906163453763}. Best is trial 0 with value: 0.22234326601028442.
[I 2023-12-27 11:08:15,714] Trial 21 finished with value: 3.253199338912964 and parameters: {'gradient_clip_val': 0.3073033935014321, 'hidden_size': 150, 'dropout': 0.4208450580770284, 'hidden_continuous_size': 39, 'attention_head_size': 4, 'learning_rate': 0.0032061761132507827}. Best is trial 0 with value: 0.22234326601028442.
[I 2023-12-27 11:08:16,339] Trial 22 finished with value: 4.1741204261779785 and parameters: {'gradient_clip_val': 0.47024440885098395, 'hidden_size': 149, 'dropout': 0.4358470365411253, 'hidden_continuous_size': 38, 'attention_head_size': 4, 'learning_rate': 0.003594553385665068}. Best is trial 0 with value: 0.22234326601028442.
[I 2023-12-27 11:08:16,871] Trial 23 finished with value: 4.383158206939697 and parameters: {'gradient_clip_val': 0.997206384966882, 'hidden_size': 103, 'dropout': 0.36326382642869326, 'hidden_continuous_size': 47, 'attention_head_size': 3, 'learning_rate': 0.0011873134344638832}. Best is trial 0 with value: 0.22234326601028442.
[I 2023-12-27 11:08:17,366] Trial 24 finished with value: 4.2268266677856445 and parameters: {'gradient_clip_val': 0.31012180435412284, 'hidden_size': 97, 'dropout': 0.39970003329074977, 'hidden_continuous_size': 24, 'attention_head_size': 4, 'learning_rate': 0.001336428272902213}. Best is trial 0 with value: 0.22234326601028442.
[I 2023-12-27 11:08:17,817] Trial 25 finished with value: 3.4608218669891357 and parameters: {'gradient_clip_val': 0.24431345698164386, 'hidden_size': 69, 'dropout': 0.44673394011428114, 'hidden_continuous_size': 14, 'attention_head_size': 3, 'learning_rate': 0.0005103557964142513}. Best is trial 0 with value: 0.22234326601028442.
[I 2023-12-27 11:08:18,361] Trial 26 finished with value: 4.465163707733154 and parameters: {'gradient_clip_val': 0.1318415594579142, 'hidden_size': 116, 'dropout': 0.3612686707891518, 'hidden_continuous_size': 64, 'attention_head_size': 2, 'learning_rate': 0.008607930101404612}. Best is trial 0 with value: 0.22234326601028442.
[I 2023-12-27 11:08:18,849] Trial 27 finished with value: 3.7489795684814453 and parameters: {'gradient_clip_val': 0.38824412836766226, 'hidden_size': 87, 'dropout': 0.2978009689632627, 'hidden_continuous_size': 30, 'attention_head_size': 4, 'learning_rate': 0.0037056937208914745}. Best is trial 0 with value: 0.22234326601028442.
[I 2023-12-27 11:08:19,284] Trial 28 finished with value: 5.216848373413086 and parameters: {'gradient_clip_val': 0.168539977894762, 'hidden_size': 60, 'dropout': 0.4086227554656194, 'hidden_continuous_size': 11, 'attention_head_size': 3, 'learning_rate': 0.011512630355785017}. Best is trial 0 with value: 0.22234326601028442.
[I 2023-12-27 11:08:19,686] Trial 29 finished with value: 4.017308235168457 and parameters: {'gradient_clip_val': 0.21109444587716394, 'hidden_size': 38, 'dropout': 0.3478352631900324, 'hidden_continuous_size': 11, 'attention_head_size': 1, 'learning_rate': 0.01223125136049885}. Best is trial 0 with value: 0.22234326601028442.
[I 2023-12-27 11:08:20,147] Trial 30 finished with value: 4.2871317863464355 and parameters: {'gradient_clip_val': 0.15552296338792518, 'hidden_size': 63, 'dropout': 0.33009394917042917, 'hidden_continuous_size': 18, 'attention_head_size': 4, 'learning_rate': 0.001888852962963858}. Best is trial 0 with value: 0.22234326601028442.
[I 2023-12-27 11:08:20,612] Trial 31 finished with value: 3.689938545227051 and parameters: {'gradient_clip_val': 0.24358460805920365, 'hidden_size': 78, 'dropout': 0.4531617092439745, 'hidden_continuous_size': 14, 'attention_head_size': 3, 'learning_rate': 0.0005051345602347568}. Best is trial 0 with value: 0.22234326601028442.
[I 2023-12-27 11:08:21,190] Trial 32 finished with value: 3.933120012283325 and parameters: {'gradient_clip_val': 0.2754411523046491, 'hidden_size': 129, 'dropout': 0.45851436067556034, 'hidden_continuous_size': 72, 'attention_head_size': 3, 'learning_rate': 0.000971294651721006}. Best is trial 0 with value: 0.22234326601028442.
[I 2023-12-27 11:08:21,700] Trial 33 finished with value: 4.103713512420654 and parameters: {'gradient_clip_val': 0.33797760293448503, 'hidden_size': 95, 'dropout': 0.42570761854589395, 'hidden_continuous_size': 17, 'attention_head_size': 3, 'learning_rate': 0.0005799145445016522}. Best is trial 0 with value: 0.22234326601028442.
[I 2023-12-27 11:08:22,509] Trial 34 finished with value: 4.014209747314453 and parameters: {'gradient_clip_val': 0.317682449784077, 'hidden_size': 124, 'dropout': 0.46124760621093286, 'hidden_continuous_size': 41, 'attention_head_size': 2, 'learning_rate': 0.0010548509536736819}. Best is trial 0 with value: 0.22234326601028442.
[I 2023-12-27 11:08:22,926] Trial 35 finished with value: 3.005920648574829 and parameters: {'gradient_clip_val': 0.2186059605591818, 'hidden_size': 43, 'dropout': 0.4979958352320073, 'hidden_continuous_size': 13, 'attention_head_size': 1, 'learning_rate': 0.0006421323516531207}. Best is trial 0 with value: 0.22234326601028442.
[I 2023-12-27 11:08:23,335] Trial 36 finished with value: 3.335660219192505 and parameters: {'gradient_clip_val': 0.8612659070079648, 'hidden_size': 48, 'dropout': 0.491573495964944, 'hidden_continuous_size': 12, 'attention_head_size': 1, 'learning_rate': 0.0007715005398293459}. Best is trial 0 with value: 0.22234326601028442.
[I 2023-12-27 11:08:23,720] Trial 37 finished with value: 4.056918621063232 and parameters: {'gradient_clip_val': 0.13427063811183432, 'hidden_size': 22, 'dropout': 0.49624241519767703, 'hidden_continuous_size': 8, 'attention_head_size': 1, 'learning_rate': 0.017796842998434922}. Best is trial 0 with value: 0.22234326601028442.
[I 2023-12-27 11:08:24,168] Trial 38 finished with value: 4.074889183044434 and parameters: {'gradient_clip_val': 0.22056519283929102, 'hidden_size': 57, 'dropout': 0.38785033289500326, 'hidden_continuous_size': 12, 'attention_head_size': 1, 'learning_rate': 0.0013426528540062778}. Best is trial 0 with value: 0.22234326601028442.
[I 2023-12-27 11:08:24,587] Trial 39 finished with value: 3.3696327209472656 and parameters: {'gradient_clip_val': 0.1813380834005777, 'hidden_size': 40, 'dropout': 0.3493567351802278, 'hidden_continuous_size': 15, 'attention_head_size': 1, 'learning_rate': 0.0006776328982924931}. Best is trial 0 with value: 0.22234326601028442.
[I 2023-12-27 11:08:25,070] Trial 40 finished with value: 3.0909080505371094 and parameters: {'gradient_clip_val': 0.28941498209085736, 'hidden_size': 88, 'dropout': 0.4136643558365421, 'hidden_continuous_size': 21, 'attention_head_size': 2, 'learning_rate': 0.0008509630619973148}. Best is trial 0 with value: 0.22234326601028442.
[I 2023-12-27 11:08:25,544] Trial 41 finished with value: 3.3652782440185547 and parameters: {'gradient_clip_val': 0.29489432687291334, 'hidden_size': 88, 'dropout': 0.4099901404180289, 'hidden_continuous_size': 26, 'attention_head_size': 2, 'learning_rate': 0.0008362613464152745}. Best is trial 0 with value: 0.22234326601028442.
[I 2023-12-27 11:08:26,068] Trial 42 finished with value: 4.172011852264404 and parameters: {'gradient_clip_val': 0.27389807065653093, 'hidden_size': 109, 'dropout': 0.41922235900165344, 'hidden_continuous_size': 22, 'attention_head_size': 2, 'learning_rate': 0.000906584190860045}. Best is trial 0 with value: 0.22234326601028442.
[I 2023-12-27 11:08:26,624] Trial 43 finished with value: 3.5490036010742188 and parameters: {'gradient_clip_val': 0.3408860012660579, 'hidden_size': 136, 'dropout': 0.46716293047280794, 'hidden_continuous_size': 18, 'attention_head_size': 1, 'learning_rate': 0.0006631768001195472}. Best is trial 0 with value: 0.22234326601028442.
[I 2023-12-27 11:08:27,106] Trial 44 finished with value: 4.339666843414307 and parameters: {'gradient_clip_val': 0.5134334454999036, 'hidden_size': 84, 'dropout': 0.4342118727904899, 'hidden_continuous_size': 16, 'attention_head_size': 1, 'learning_rate': 0.0010378651585155976}. Best is trial 0 with value: 0.22234326601028442.
[I 2023-12-27 11:08:27,632] Trial 45 finished with value: 4.496428966522217 and parameters: {'gradient_clip_val': 0.3915052300065259, 'hidden_size': 116, 'dropout': 0.383806262565218, 'hidden_continuous_size': 21, 'attention_head_size': 2, 'learning_rate': 0.0007332899473194119}. Best is trial 0 with value: 0.22234326601028442.
[I 2023-12-27 11:08:27,982] Trial 46 finished with value: 3.6056671142578125 and parameters: {'gradient_clip_val': 0.11425653531006669, 'hidden_size': 5, 'dropout': 0.4745058835350974, 'hidden_continuous_size': 5, 'attention_head_size': 2, 'learning_rate': 0.0014990466424924626}. Best is trial 0 with value: 0.22234326601028442.
[I 2023-12-27 11:08:28,642] Trial 47 finished with value: 3.4222373962402344 and parameters: {'gradient_clip_val': 0.22881586834606057, 'hidden_size': 51, 'dropout': 0.49984007377460066, 'hidden_continuous_size': 21, 'attention_head_size': 1, 'learning_rate': 0.0018862512548655475}. Best is trial 0 with value: 0.22234326601028442.
[I 2023-12-27 11:08:29,233] Trial 48 finished with value: 4.218049049377441 and parameters: {'gradient_clip_val': 0.6955604716128899, 'hidden_size': 139, 'dropout': 0.4434141688412424, 'hidden_continuous_size': 31, 'attention_head_size': 2, 'learning_rate': 0.0011894377573971942}. Best is trial 0 with value: 0.22234326601028442.
[I 2023-12-27 11:08:29,668] Trial 49 finished with value: 3.589952230453491 and parameters: {'gradient_clip_val': 0.1924445760231343, 'hidden_size': 71, 'dropout': 0.42583861483777763, 'hidden_continuous_size': 10, 'attention_head_size': 1, 'learning_rate': 0.028766442302873268}. Best is trial 0 with value: 0.22234326601028442.
[I 2023-12-27 11:08:29,775] A new study created in memory with name: no-name-db18cd3c-62ac-4b63-9067-23953738fc8a
/home/le004/conda/anaconda3/envs/tsff_env/lib/python3.9/site-packages/lightning/fabric/plugins/environments/slurm.py:191: The `srun` command is available on your system but is not used. HINT: If your intention is to run Lightning on SLURM, prepend your python command with `srun` like so: srun python /home/le004/master_thesis/git/TSFusionForecast/code/ ...
[I 2023-12-27 11:09:22,534] Trial 0 finished with value: 0.36568450927734375 and parameters: {'gradient_clip_val': 0.15505046100608677, 'hidden_size': 95, 'dropout': 0.48976903960292717, 'hidden_continuous_size': 91, 'attention_head_size': 2, 'learning_rate': 0.0007091919879188916}. Best is trial 0 with value: 0.36568450927734375.
[I 2023-12-27 11:09:32,902] Trial 1 finished with value: 0.594057559967041 and parameters: {'gradient_clip_val': 0.4765778236372249, 'hidden_size': 10, 'dropout': 0.2049687936226849, 'hidden_continuous_size': 8, 'attention_head_size': 4, 'learning_rate': 0.03354118695319487}. Best is trial 0 with value: 0.36568450927734375.
[I 2023-12-27 11:09:33,201] Trial 2 finished with value: 3.04327130317688 and parameters: {'gradient_clip_val': 0.5340268236349879, 'hidden_size': 5, 'dropout': 0.17038342977524482, 'hidden_continuous_size': 5, 'attention_head_size': 1, 'learning_rate': 0.0005447164031816912}. Best is trial 0 with value: 0.36568450927734375.
[I 2023-12-27 11:09:33,583] Trial 3 finished with value: 4.404286861419678 and parameters: {'gradient_clip_val': 0.6111566981762246, 'hidden_size': 42, 'dropout': 0.3129628207619346, 'hidden_continuous_size': 40, 'attention_head_size': 3, 'learning_rate': 0.002242836360840521}. Best is trial 0 with value: 0.36568450927734375.
[I 2023-12-27 11:09:33,931] Trial 4 finished with value: 4.729468822479248 and parameters: {'gradient_clip_val': 0.18180294588632467, 'hidden_size': 14, 'dropout': 0.4376578109109287, 'hidden_continuous_size': 7, 'attention_head_size': 4, 'learning_rate': 0.008572722366874319}. Best is trial 0 with value: 0.36568450927734375.
[I 2023-12-27 11:09:34,242] Trial 5 finished with value: 3.8325014114379883 and parameters: {'gradient_clip_val': 0.6187067344420091, 'hidden_size': 12, 'dropout': 0.18898690968735612, 'hidden_continuous_size': 12, 'attention_head_size': 1, 'learning_rate': 0.025282087877773383}. Best is trial 0 with value: 0.36568450927734375.
[I 2023-12-27 11:09:34,584] Trial 6 finished with value: 3.7967722415924072 and parameters: {'gradient_clip_val': 0.142326996103228, 'hidden_size': 32, 'dropout': 0.28357878194159636, 'hidden_continuous_size': 8, 'attention_head_size': 2, 'learning_rate': 0.0012774189267205874}. Best is trial 0 with value: 0.36568450927734375.
[I 2023-12-27 11:09:35,082] Trial 7 finished with value: 2.8349268436431885 and parameters: {'gradient_clip_val': 0.24235200391254455, 'hidden_size': 5, 'dropout': 0.4566726001770368, 'hidden_continuous_size': 5, 'attention_head_size': 2, 'learning_rate': 0.028933396701405364}. Best is trial 0 with value: 0.36568450927734375.
[I 2023-12-27 11:09:35,453] Trial 8 finished with value: 3.4847209453582764 and parameters: {'gradient_clip_val': 0.9996650119039401, 'hidden_size': 35, 'dropout': 0.367664857202319, 'hidden_continuous_size': 22, 'attention_head_size': 4, 'learning_rate': 0.031071090038781866}. Best is trial 0 with value: 0.36568450927734375.
[I 2023-12-27 11:09:35,803] Trial 9 finished with value: 3.7530527114868164 and parameters: {'gradient_clip_val': 0.21802139127763576, 'hidden_size': 26, 'dropout': 0.39285818378605963, 'hidden_continuous_size': 12, 'attention_head_size': 1, 'learning_rate': 0.0005123624923419303}. Best is trial 0 with value: 0.36568450927734375.
[I 2023-12-27 11:09:36,385] Trial 10 finished with value: 4.019093036651611 and parameters: {'gradient_clip_val': 0.1171501901457047, 'hidden_size': 118, 'dropout': 0.4959803711203747, 'hidden_continuous_size': 111, 'attention_head_size': 3, 'learning_rate': 0.005749709908407355}. Best is trial 0 with value: 0.36568450927734375.
[I 2023-12-27 11:09:37,025] Trial 11 finished with value: 3.730901002883911 and parameters: {'gradient_clip_val': 0.3191505403042482, 'hidden_size': 140, 'dropout': 0.11356582206465896, 'hidden_continuous_size': 123, 'attention_head_size': 3, 'learning_rate': 0.06656851150947365}. Best is trial 0 with value: 0.36568450927734375.
[I 2023-12-27 11:09:37,474] Trial 12 finished with value: 3.631105422973633 and parameters: {'gradient_clip_val': 0.10985226647514057, 'hidden_size': 58, 'dropout': 0.2600116398264523, 'hidden_continuous_size': 21, 'attention_head_size': 2, 'learning_rate': 0.09796528192599172}. Best is trial 0 with value: 0.36568450927734375.
[I 2023-12-27 11:09:37,931] Trial 13 finished with value: 3.688678741455078 and parameters: {'gradient_clip_val': 0.3462529812110134, 'hidden_size': 59, 'dropout': 0.4969048053366364, 'hidden_continuous_size': 38, 'attention_head_size': 4, 'learning_rate': 0.007863037515529463}. Best is trial 0 with value: 0.36568450927734375.
[I 2023-12-27 11:09:38,465] Trial 14 finished with value: 3.013949394226074 and parameters: {'gradient_clip_val': 0.15190287791484855, 'hidden_size': 93, 'dropout': 0.34145267655857625, 'hidden_continuous_size': 57, 'attention_head_size': 3, 'learning_rate': 0.0016475229569603866}. Best is trial 0 with value: 0.36568450927734375.
[I 2023-12-27 11:09:38,848] Trial 15 finished with value: 2.954716444015503 and parameters: {'gradient_clip_val': 0.2469651240588784, 'hidden_size': 19, 'dropout': 0.23820133617223, 'hidden_continuous_size': 7, 'attention_head_size': 2, 'learning_rate': 0.0037452044016830365}. Best is trial 0 with value: 0.36568450927734375.
[I 2023-12-27 11:09:39,223] Trial 16 finished with value: 3.842984437942505 and parameters: {'gradient_clip_val': 0.3921868992120133, 'hidden_size': 9, 'dropout': 0.40345693166155056, 'hidden_continuous_size': 5, 'attention_head_size': 4, 'learning_rate': 0.01092704204365559}. Best is trial 0 with value: 0.36568450927734375.
[I 2023-12-27 11:09:39,709] Trial 17 finished with value: 4.086004734039307 and parameters: {'gradient_clip_val': 0.10342462907415602, 'hidden_size': 84, 'dropout': 0.325952792117309, 'hidden_continuous_size': 14, 'attention_head_size': 3, 'learning_rate': 0.016603354839567663}. Best is trial 0 with value: 0.36568450927734375.
[I 2023-12-27 11:09:40,362] Trial 18 finished with value: 3.3808138370513916 and parameters: {'gradient_clip_val': 0.18797843632835848, 'hidden_size': 150, 'dropout': 0.23548160770728394, 'hidden_continuous_size': 79, 'attention_head_size': 2, 'learning_rate': 0.004987386829018653}. Best is trial 0 with value: 0.36568450927734375.
[I 2023-12-27 11:09:40,745] Trial 19 finished with value: 5.307535171508789 and parameters: {'gradient_clip_val': 0.4177516664076354, 'hidden_size': 21, 'dropout': 0.2933958395935084, 'hidden_continuous_size': 8, 'attention_head_size': 1, 'learning_rate': 0.0010076506712400838}. Best is trial 0 with value: 0.36568450927734375.
[I 2023-12-27 11:09:41,180] Trial 20 finished with value: 4.423870086669922 and parameters: {'gradient_clip_val': 0.29608177988372214, 'hidden_size': 50, 'dropout': 0.3405100142658738, 'hidden_continuous_size': 19, 'attention_head_size': 4, 'learning_rate': 0.002672288482761837}. Best is trial 0 with value: 0.36568450927734375.
[I 2023-12-27 11:09:41,794] Trial 21 finished with value: 4.035749435424805 and parameters: {'gradient_clip_val': 0.2339781708603295, 'hidden_size': 6, 'dropout': 0.44750201126226474, 'hidden_continuous_size': 5, 'attention_head_size': 2, 'learning_rate': 0.03607009564665152}. Best is trial 0 with value: 0.36568450927734375.
[I 2023-12-27 11:09:42,183] Trial 22 finished with value: 4.870198726654053 and parameters: {'gradient_clip_val': 0.15405916125810742, 'hidden_size': 7, 'dropout': 0.44847878541350106, 'hidden_continuous_size': 5, 'attention_head_size': 2, 'learning_rate': 0.015005663675361746}. Best is trial 0 with value: 0.36568450927734375.
