[I 2023-12-27 11:40:45,233] Trial 5 finished with value: 794.2203979492188 and parameters: {'gradient_clip_val': 0.3088137637309899, 'hidden_size': 16, 'dropout': 0.2909087345514366, 'hidden_continuous_size': 7, 'attention_head_size': 4, 'learning_rate': 0.0005603666410904503}. Best is trial 0 with value: 102.2188720703125.
[I 2023-12-27 11:40:45,589] Trial 6 finished with value: 668.4695434570312 and parameters: {'gradient_clip_val': 0.3524922135463689, 'hidden_size': 48, 'dropout': 0.1827009102386514, 'hidden_continuous_size': 5, 'attention_head_size': 2, 'learning_rate': 0.015167096688066246}. Best is trial 0 with value: 102.2188720703125.
[I 2023-12-27 11:40:45,940] Trial 7 finished with value: 593.694091796875 and parameters: {'gradient_clip_val': 0.5326439451723395, 'hidden_size': 30, 'dropout': 0.4793456177243448, 'hidden_continuous_size': 7, 'attention_head_size': 1, 'learning_rate': 0.01618386126924481}. Best is trial 0 with value: 102.2188720703125.
[I 2023-12-27 11:40:46,426] Trial 8 finished with value: 748.0234375 and parameters: {'gradient_clip_val': 0.4123632865856546, 'hidden_size': 102, 'dropout': 0.2866740184379233, 'hidden_continuous_size': 88, 'attention_head_size': 3, 'learning_rate': 0.011507809107253453}. Best is trial 0 with value: 102.2188720703125.
[I 2023-12-27 11:40:47,019] Trial 9 finished with value: 907.8201293945312 and parameters: {'gradient_clip_val': 0.1578318465820769, 'hidden_size': 70, 'dropout': 0.3955559266187888, 'hidden_continuous_size': 8, 'attention_head_size': 3, 'learning_rate': 0.012628149253943573}. Best is trial 0 with value: 102.2188720703125.
[I 2023-12-27 11:40:47,630] Trial 10 finished with value: 1201.7841796875 and parameters: {'gradient_clip_val': 0.9265217394480673, 'hidden_size': 133, 'dropout': 0.3831520364374219, 'hidden_continuous_size': 126, 'attention_head_size': 4, 'learning_rate': 0.0927650161170086}. Best is trial 0 with value: 102.2188720703125.
[I 2023-12-27 11:40:48,005] Trial 11 finished with value: 776.7839965820312 and parameters: {'gradient_clip_val': 0.21245975052563115, 'hidden_size': 31, 'dropout': 0.49341786258474385, 'hidden_continuous_size': 12, 'attention_head_size': 1, 'learning_rate': 0.004185525996855742}. Best is trial 0 with value: 102.2188720703125.
[I 2023-12-27 11:40:48,389] Trial 12 finished with value: 881.4120483398438 and parameters: {'gradient_clip_val': 0.4893460461392044, 'hidden_size': 28, 'dropout': 0.3986695510551521, 'hidden_continuous_size': 12, 'attention_head_size': 1, 'learning_rate': 0.004811707084616965}. Best is trial 0 with value: 102.2188720703125.
[I 2023-12-27 11:40:48,787] Trial 13 finished with value: 655.2073974609375 and parameters: {'gradient_clip_val': 0.2462056508400345, 'hidden_size': 43, 'dropout': 0.42531985770712377, 'hidden_continuous_size': 17, 'attention_head_size': 3, 'learning_rate': 0.005744241814443195}. Best is trial 0 with value: 102.2188720703125.
[I 2023-12-27 11:40:49,335] Trial 14 finished with value: 772.8737182617188 and parameters: {'gradient_clip_val': 0.5143359757153007, 'hidden_size': 140, 'dropout': 0.3488515719779913, 'hidden_continuous_size': 45, 'attention_head_size': 2, 'learning_rate': 0.0024916337080759777}. Best is trial 0 with value: 102.2188720703125.
[I 2023-12-27 11:40:49,704] Trial 15 finished with value: 792.1459350585938 and parameters: {'gradient_clip_val': 0.483887051082319, 'hidden_size': 20, 'dropout': 0.455026846563819, 'hidden_continuous_size': 6, 'attention_head_size': 4, 'learning_rate': 0.0022006644093852308}. Best is trial 0 with value: 102.2188720703125.
[I 2023-12-27 11:40:50,098] Trial 16 finished with value: 745.0841674804688 and parameters: {'gradient_clip_val': 0.11103833276975013, 'hidden_size': 39, 'dropout': 0.49724847623847773, 'hidden_continuous_size': 10, 'attention_head_size': 1, 'learning_rate': 0.05453700683980068}. Best is trial 0 with value: 102.2188720703125.
[I 2023-12-27 11:40:50,522] Trial 17 finished with value: 871.3126831054688 and parameters: {'gradient_clip_val': 0.7054184704390554, 'hidden_size': 73, 'dropout': 0.42679419794618884, 'hidden_continuous_size': 16, 'attention_head_size': 2, 'learning_rate': 0.008045438162189144}. Best is trial 0 with value: 102.2188720703125.
[I 2023-12-27 11:40:50,984] Trial 18 finished with value: 938.2219848632812 and parameters: {'gradient_clip_val': 0.3823760807150901, 'hidden_size': 96, 'dropout': 0.33647344814476365, 'hidden_continuous_size': 45, 'attention_head_size': 3, 'learning_rate': 0.024720548337111018}. Best is trial 0 with value: 102.2188720703125.
[I 2023-12-27 11:40:51,397] Trial 19 finished with value: 822.2634887695312 and parameters: {'gradient_clip_val': 0.2551582047687155, 'hidden_size': 55, 'dropout': 0.43761203577379154, 'hidden_continuous_size': 6, 'attention_head_size': 4, 'learning_rate': 0.008371325602491864}. Best is trial 0 with value: 102.2188720703125.
[I 2023-12-27 11:40:51,805] Trial 20 finished with value: 1026.0496826171875 and parameters: {'gradient_clip_val': 0.4087156904266372, 'hidden_size': 33, 'dropout': 0.44450122306706835, 'hidden_continuous_size': 8, 'attention_head_size': 1, 'learning_rate': 0.04768723731596645}. Best is trial 0 with value: 102.2188720703125.
[I 2023-12-27 11:40:52,199] Trial 21 finished with value: 792.8346557617188 and parameters: {'gradient_clip_val': 0.24909121473225765, 'hidden_size': 44, 'dropout': 0.42095698663994163, 'hidden_continuous_size': 16, 'attention_head_size': 3, 'learning_rate': 0.005683115832913554}. Best is trial 0 with value: 102.2188720703125.
[I 2023-12-27 11:40:52,565] Trial 22 finished with value: 733.1306762695312 and parameters: {'gradient_clip_val': 0.22707735577677152, 'hidden_size': 25, 'dropout': 0.4592622642735706, 'hidden_continuous_size': 7, 'attention_head_size': 3, 'learning_rate': 0.007145217176110967}. Best is trial 0 with value: 102.2188720703125.
[I 2023-12-27 11:40:53,199] Trial 23 finished with value: 762.88037109375 and parameters: {'gradient_clip_val': 0.2881740150989031, 'hidden_size': 43, 'dropout': 0.493154111915752, 'hidden_continuous_size': 20, 'attention_head_size': 3, 'learning_rate': 0.003192405676954803}. Best is trial 0 with value: 102.2188720703125.
[I 2023-12-27 11:40:53,609] Trial 24 finished with value: 934.3375854492188 and parameters: {'gradient_clip_val': 0.18470656843052577, 'hidden_size': 57, 'dropout': 0.4116956863999253, 'hidden_continuous_size': 12, 'attention_head_size': 2, 'learning_rate': 0.00928811854736283}. Best is trial 0 with value: 102.2188720703125.
[I 2023-12-27 11:40:54,090] Trial 25 finished with value: 853.8505249023438 and parameters: {'gradient_clip_val': 0.33942345386540673, 'hidden_size': 100, 'dropout': 0.45814170813645233, 'hidden_continuous_size': 25, 'attention_head_size': 3, 'learning_rate': 0.01837664120327782}. Best is trial 0 with value: 102.2188720703125.
[I 2023-12-27 11:40:54,460] Trial 26 finished with value: 878.0036010742188 and parameters: {'gradient_clip_val': 0.20169072562456225, 'hidden_size': 23, 'dropout': 0.3635579333144622, 'hidden_continuous_size': 10, 'attention_head_size': 4, 'learning_rate': 0.005483397781216466}. Best is trial 0 with value: 102.2188720703125.
[I 2023-12-27 11:40:54,829] Trial 27 finished with value: 1079.1070556640625 and parameters: {'gradient_clip_val': 0.2517728833645001, 'hidden_size': 32, 'dropout': 0.43734495171760523, 'hidden_continuous_size': 15, 'attention_head_size': 2, 'learning_rate': 0.01603474262920753}. Best is trial 0 with value: 102.2188720703125.
[I 2023-12-27 11:40:55,264] Trial 28 finished with value: 705.674560546875 and parameters: {'gradient_clip_val': 0.2857092359288653, 'hidden_size': 66, 'dropout': 0.37681647350854897, 'hidden_continuous_size': 18, 'attention_head_size': 3, 'learning_rate': 0.00807385009225615}. Best is trial 0 with value: 102.2188720703125.
[I 2023-12-27 11:40:55,679] Trial 29 finished with value: 831.29736328125 and parameters: {'gradient_clip_val': 0.34387126458635225, 'hidden_size': 58, 'dropout': 0.47635784809919396, 'hidden_continuous_size': 23, 'attention_head_size': 2, 'learning_rate': 0.02138382000245351}. Best is trial 0 with value: 102.2188720703125.
[I 2023-12-27 11:40:56,075] Trial 30 finished with value: 819.0908203125 and parameters: {'gradient_clip_val': 0.5756917647676657, 'hidden_size': 37, 'dropout': 0.407250360521199, 'hidden_continuous_size': 14, 'attention_head_size': 3, 'learning_rate': 0.012035443082350758}. Best is trial 0 with value: 102.2188720703125.
[I 2023-12-27 11:40:56,457] Trial 31 finished with value: 834.5671997070312 and parameters: {'gradient_clip_val': 0.3607381308098927, 'hidden_size': 49, 'dropout': 0.23481987276654806, 'hidden_continuous_size': 5, 'attention_head_size': 1, 'learning_rate': 0.017118354842404437}. Best is trial 0 with value: 102.2188720703125.
[I 2023-12-27 11:40:56,877] Trial 32 finished with value: 873.4406127929688 and parameters: {'gradient_clip_val': 0.4308321301220474, 'hidden_size': 47, 'dropout': 0.12652625429412268, 'hidden_continuous_size': 5, 'attention_head_size': 2, 'learning_rate': 0.026951447862569502}. Best is trial 0 with value: 102.2188720703125.
[I 2023-12-27 11:40:57,258] Trial 33 finished with value: 913.5457153320312 and parameters: {'gradient_clip_val': 0.31171321880402325, 'hidden_size': 39, 'dropout': 0.3273764786773949, 'hidden_continuous_size': 6, 'attention_head_size': 2, 'learning_rate': 0.029859198808163234}. Best is trial 0 with value: 102.2188720703125.
[I 2023-12-27 11:40:57,699] Trial 34 finished with value: 995.89404296875 and parameters: {'gradient_clip_val': 0.35791550056307464, 'hidden_size': 82, 'dropout': 0.18394123067724683, 'hidden_continuous_size': 29, 'attention_head_size': 1, 'learning_rate': 0.01560849923771001}. Best is trial 0 with value: 102.2188720703125.
[I 2023-12-27 11:40:58,052] Trial 35 finished with value: 773.7880859375 and parameters: {'gradient_clip_val': 0.4566208547416617, 'hidden_size': 17, 'dropout': 0.46977910069855433, 'hidden_continuous_size': 5, 'attention_head_size': 3, 'learning_rate': 0.010837586180459165}. Best is trial 0 with value: 102.2188720703125.
[I 2023-12-27 11:40:58,611] Trial 36 finished with value: 745.11572265625 and parameters: {'gradient_clip_val': 0.5495457813993543, 'hidden_size': 11, 'dropout': 0.4261948546215541, 'hidden_continuous_size': 6, 'attention_head_size': 2, 'learning_rate': 0.006328328196554088}. Best is trial 0 with value: 102.2188720703125.
[I 2023-12-27 11:40:59,019] Trial 37 finished with value: 857.9583129882812 and parameters: {'gradient_clip_val': 0.40959470835702005, 'hidden_size': 55, 'dropout': 0.10589873751013877, 'hidden_continuous_size': 9, 'attention_head_size': 3, 'learning_rate': 0.010535359551944666}. Best is trial 0 with value: 102.2188720703125.
[I 2023-12-27 11:40:59,394] Trial 38 finished with value: 1020.8474731445312 and parameters: {'gradient_clip_val': 0.6368557270633584, 'hidden_size': 28, 'dropout': 0.47312756824986074, 'hidden_continuous_size': 13, 'attention_head_size': 1, 'learning_rate': 0.021184505244838524}. Best is trial 0 with value: 102.2188720703125.
[I 2023-12-27 11:40:59,925] Trial 39 finished with value: 901.0204467773438 and parameters: {'gradient_clip_val': 0.2781778460384098, 'hidden_size': 127, 'dropout': 0.3168294594682723, 'hidden_continuous_size': 35, 'attention_head_size': 2, 'learning_rate': 0.013860858244354426}. Best is trial 0 with value: 102.2188720703125.
[I 2023-12-27 11:41:00,375] Trial 40 finished with value: 1054.7010498046875 and parameters: {'gradient_clip_val': 0.32471388598882467, 'hidden_size': 82, 'dropout': 0.38388458579737916, 'hidden_continuous_size': 20, 'attention_head_size': 4, 'learning_rate': 0.03392309390647899}. Best is trial 0 with value: 102.2188720703125.
[I 2023-12-27 11:41:00,792] Trial 41 finished with value: 664.2633056640625 and parameters: {'gradient_clip_val': 0.28705987342346934, 'hidden_size': 59, 'dropout': 0.36967982486943984, 'hidden_continuous_size': 17, 'attention_head_size': 3, 'learning_rate': 0.008547290390665652}. Best is trial 0 with value: 102.2188720703125.
[I 2023-12-27 11:41:01,232] Trial 42 finished with value: 630.5994262695312 and parameters: {'gradient_clip_val': 0.28849310587544147, 'hidden_size': 70, 'dropout': 0.3975144017516185, 'hidden_continuous_size': 18, 'attention_head_size': 3, 'learning_rate': 0.010081382750964514}. Best is trial 0 with value: 102.2188720703125.
[I 2023-12-27 11:41:01,665] Trial 43 finished with value: 812.8543090820312 and parameters: {'gradient_clip_val': 0.3044548207202868, 'hidden_size': 63, 'dropout': 0.40137479530528525, 'hidden_continuous_size': 18, 'attention_head_size': 3, 'learning_rate': 0.0067000541497559945}. Best is trial 0 with value: 102.2188720703125.
[I 2023-12-27 11:41:02,156] Trial 44 finished with value: 882.6099243164062 and parameters: {'gradient_clip_val': 0.26528346881373993, 'hidden_size': 114, 'dropout': 0.3571158856360122, 'hidden_continuous_size': 22, 'attention_head_size': 3, 'learning_rate': 0.0097254736013326}. Best is trial 0 with value: 102.2188720703125.
[I 2023-12-27 11:41:02,595] Trial 45 finished with value: 782.1376342773438 and parameters: {'gradient_clip_val': 0.23016464977868895, 'hidden_size': 74, 'dropout': 0.44076442317507264, 'hidden_continuous_size': 17, 'attention_head_size': 3, 'learning_rate': 0.0043393197163328024}. Best is trial 0 with value: 102.2188720703125.
[I 2023-12-27 11:41:03,161] Trial 46 finished with value: 835.2994995117188 and parameters: {'gradient_clip_val': 0.31829244099217585, 'hidden_size': 149, 'dropout': 0.3854893512639541, 'hidden_continuous_size': 28, 'attention_head_size': 3, 'learning_rate': 0.011953968212659358}. Best is trial 0 with value: 102.2188720703125.
[I 2023-12-27 11:41:03,614] Trial 47 finished with value: 647.3471069335938 and parameters: {'gradient_clip_val': 0.28532049766493944, 'hidden_size': 89, 'dropout': 0.41084138205580195, 'hidden_continuous_size': 14, 'attention_head_size': 4, 'learning_rate': 0.007035294747931351}. Best is trial 0 with value: 102.2188720703125.
[I 2023-12-27 11:41:04,066] Trial 48 finished with value: 888.0436401367188 and parameters: {'gradient_clip_val': 0.18961071076296052, 'hidden_size': 90, 'dropout': 0.41503792813604795, 'hidden_continuous_size': 13, 'attention_head_size': 4, 'learning_rate': 0.0033297129640530014}. Best is trial 0 with value: 102.2188720703125.
[I 2023-12-27 11:41:04,565] Trial 49 finished with value: 845.7030639648438 and parameters: {'gradient_clip_val': 0.361014241085691, 'hidden_size': 115, 'dropout': 0.4562668280347165, 'hidden_continuous_size': 11, 'attention_head_size': 4, 'learning_rate': 0.005001422916498462}. Best is trial 0 with value: 102.2188720703125.
[I 2023-12-27 11:41:04,672] A new study created in memory with name: no-name-496e3430-088f-4b4c-b18a-18234083a922
/home/le004/conda/anaconda3/envs/tsff_env/lib/python3.9/site-packages/lightning/fabric/plugins/environments/slurm.py:191: The `srun` command is available on your system but is not used. HINT: If your intention is to run Lightning on SLURM, prepend your python command with `srun` like so: srun python /home/le004/master_thesis/git/TSFusionForecast/code/ ...
[I 2023-12-27 11:41:55,100] Trial 0 finished with value: 0.12547533214092255 and parameters: {'gradient_clip_val': 0.1890781902254754, 'hidden_size': 108, 'dropout': 0.13886776184534147, 'hidden_continuous_size': 41, 'attention_head_size': 3, 'learning_rate': 0.0005887354322336425}. Best is trial 0 with value: 0.12547533214092255.
[I 2023-12-27 11:42:08,609] Trial 1 finished with value: 1.0583062171936035 and parameters: {'gradient_clip_val': 0.5152637249859047, 'hidden_size': 82, 'dropout': 0.3990921508150429, 'hidden_continuous_size': 5, 'attention_head_size': 1, 'learning_rate': 0.0014718813847866856}. Best is trial 0 with value: 0.12547533214092255.
[I 2023-12-27 11:42:08,950] Trial 2 finished with value: 2.9787018299102783 and parameters: {'gradient_clip_val': 0.20619064104503773, 'hidden_size': 23, 'dropout': 0.26175721763394094, 'hidden_continuous_size': 5, 'attention_head_size': 3, 'learning_rate': 0.02983952142818362}. Best is trial 0 with value: 0.12547533214092255.
[I 2023-12-27 11:42:09,276] Trial 3 finished with value: 2.979707717895508 and parameters: {'gradient_clip_val': 0.3479842580100832, 'hidden_size': 12, 'dropout': 0.3774630201500816, 'hidden_continuous_size': 5, 'attention_head_size': 2, 'learning_rate': 0.07513512447200688}. Best is trial 0 with value: 0.12547533214092255.
[I 2023-12-27 11:42:09,606] Trial 4 finished with value: 3.626251220703125 and parameters: {'gradient_clip_val': 0.1630281105177269, 'hidden_size': 11, 'dropout': 0.4974382932575391, 'hidden_continuous_size': 9, 'attention_head_size': 2, 'learning_rate': 0.0008392716102135086}. Best is trial 0 with value: 0.12547533214092255.
[I 2023-12-27 11:42:09,988] Trial 5 finished with value: 2.923603057861328 and parameters: {'gradient_clip_val': 0.11180035707054274, 'hidden_size': 48, 'dropout': 0.46400834356870324, 'hidden_continuous_size': 26, 'attention_head_size': 3, 'learning_rate': 0.003809885284411631}. Best is trial 0 with value: 0.12547533214092255.
[I 2023-12-27 11:42:10,431] Trial 6 finished with value: 2.6766879558563232 and parameters: {'gradient_clip_val': 0.16051117179527463, 'hidden_size': 95, 'dropout': 0.3549410187199947, 'hidden_continuous_size': 34, 'attention_head_size': 1, 'learning_rate': 0.0006311618676073466}. Best is trial 0 with value: 0.12547533214092255.
[I 2023-12-27 11:42:10,765] Trial 7 finished with value: 2.480680465698242 and parameters: {'gradient_clip_val': 0.23578143630411022, 'hidden_size': 10, 'dropout': 0.39646851537121075, 'hidden_continuous_size': 9, 'attention_head_size': 2, 'learning_rate': 0.0011401781874302527}. Best is trial 0 with value: 0.12547533214092255.
[I 2023-12-27 11:42:11,065] Trial 8 finished with value: 3.345463991165161 and parameters: {'gradient_clip_val': 0.10872046596214467, 'hidden_size': 5, 'dropout': 0.3843263916271644, 'hidden_continuous_size': 5, 'attention_head_size': 3, 'learning_rate': 0.025962757270743958}. Best is trial 0 with value: 0.12547533214092255.
[I 2023-12-27 11:42:11,396] Trial 9 finished with value: 4.189366340637207 and parameters: {'gradient_clip_val': 0.12653848804336168, 'hidden_size': 18, 'dropout': 0.18648615989855105, 'hidden_continuous_size': 8, 'attention_head_size': 2, 'learning_rate': 0.0216861132312503}. Best is trial 0 with value: 0.12547533214092255.
[I 2023-12-27 11:42:11,987] Trial 10 finished with value: 3.0122005939483643 and parameters: {'gradient_clip_val': 0.9812952048825272, 'hidden_size': 146, 'dropout': 0.10513019505155033, 'hidden_continuous_size': 85, 'attention_head_size': 4, 'learning_rate': 0.003121739317114523}. Best is trial 0 with value: 0.12547533214092255.
[I 2023-12-27 11:42:12,574] Trial 11 finished with value: 3.2400875091552734 and parameters: {'gradient_clip_val': 0.40379563747435315, 'hidden_size': 54, 'dropout': 0.2413509318863307, 'hidden_continuous_size': 16, 'attention_head_size': 1, 'learning_rate': 0.0005383957699587785}. Best is trial 0 with value: 0.12547533214092255.
[I 2023-12-27 11:42:13,008] Trial 12 finished with value: 2.9026472568511963 and parameters: {'gradient_clip_val': 0.49196531427091195, 'hidden_size': 69, 'dropout': 0.10623029455434246, 'hidden_continuous_size': 16, 'attention_head_size': 4, 'learning_rate': 0.0016462864133430233}. Best is trial 0 with value: 0.12547533214092255.
[I 2023-12-27 11:42:13,584] Trial 13 finished with value: 1.8495985269546509 and parameters: {'gradient_clip_val': 0.5971045936550452, 'hidden_size': 148, 'dropout': 0.28769672189864104, 'hidden_continuous_size': 51, 'attention_head_size': 1, 'learning_rate': 0.001721948301399996}. Best is trial 0 with value: 0.12547533214092255.
[I 2023-12-27 11:42:13,962] Trial 14 finished with value: 3.7012481689453125 and parameters: {'gradient_clip_val': 0.267554651236069, 'hidden_size': 36, 'dropout': 0.1862939184913635, 'hidden_continuous_size': 13, 'attention_head_size': 3, 'learning_rate': 0.0005055668149339787}. Best is trial 0 with value: 0.12547533214092255.
[I 2023-12-27 11:42:14,413] Trial 15 finished with value: 2.654188871383667 and parameters: {'gradient_clip_val': 0.30137371945778135, 'hidden_size': 89, 'dropout': 0.3188213334850207, 'hidden_continuous_size': 25, 'attention_head_size': 4, 'learning_rate': 0.001592983361579771}. Best is trial 0 with value: 0.12547533214092255.
[I 2023-12-27 11:42:14,782] Trial 16 finished with value: 2.4631524085998535 and parameters: {'gradient_clip_val': 0.6424008801542215, 'hidden_size': 37, 'dropout': 0.3287496941668704, 'hidden_continuous_size': 7, 'attention_head_size': 1, 'learning_rate': 0.0036485344504742323}. Best is trial 0 with value: 0.12547533214092255.
[I 2023-12-27 11:42:15,254] Trial 17 finished with value: 2.5736629962921143 and parameters: {'gradient_clip_val': 0.34042897790611204, 'hidden_size': 94, 'dropout': 0.4205095225745411, 'hidden_continuous_size': 48, 'attention_head_size': 2, 'learning_rate': 0.0011840694161713758}. Best is trial 0 with value: 0.12547533214092255.
[I 2023-12-27 11:42:15,658] Trial 18 finished with value: 2.72448992729187 and parameters: {'gradient_clip_val': 0.20927754137323526, 'hidden_size': 64, 'dropout': 0.43805151757454686, 'hidden_continuous_size': 11, 'attention_head_size': 3, 'learning_rate': 0.0008473995223079054}. Best is trial 0 with value: 0.12547533214092255.
[I 2023-12-27 11:42:16,152] Trial 19 finished with value: 3.654088258743286 and parameters: {'gradient_clip_val': 0.44744277803445676, 'hidden_size': 111, 'dropout': 0.35583671991968946, 'hidden_continuous_size': 18, 'attention_head_size': 4, 'learning_rate': 0.006622728679480282}. Best is trial 0 with value: 0.12547533214092255.
