[I 2023-12-27 11:16:40,717] Trial 4 finished with value: 4.826931476593018 and parameters: {'gradient_clip_val': 0.8874663873704557, 'hidden_size': 16, 'dropout': 0.37981403174987793, 'hidden_continuous_size': 14, 'attention_head_size': 2, 'learning_rate': 0.005103982396150259}. Best is trial 0 with value: 0.08650046586990356.
[I 2023-12-27 11:16:41,064] Trial 5 finished with value: 3.651495933532715 and parameters: {'gradient_clip_val': 0.8048307587650875, 'hidden_size': 13, 'dropout': 0.19894600825419106, 'hidden_continuous_size': 10, 'attention_head_size': 3, 'learning_rate': 0.03829774287993723}. Best is trial 0 with value: 0.08650046586990356.
[I 2023-12-27 11:16:41,424] Trial 6 finished with value: 4.084704875946045 and parameters: {'gradient_clip_val': 0.10285600128361146, 'hidden_size': 21, 'dropout': 0.33610558887194864, 'hidden_continuous_size': 11, 'attention_head_size': 2, 'learning_rate': 0.001916288244098065}. Best is trial 0 with value: 0.08650046586990356.
[I 2023-12-27 11:16:41,751] Trial 7 finished with value: 4.190676212310791 and parameters: {'gradient_clip_val': 0.2000654432932743, 'hidden_size': 9, 'dropout': 0.12672953055905892, 'hidden_continuous_size': 9, 'attention_head_size': 2, 'learning_rate': 0.007267771574139456}. Best is trial 0 with value: 0.08650046586990356.
[I 2023-12-27 11:16:42,192] Trial 8 finished with value: 3.6448557376861572 and parameters: {'gradient_clip_val': 0.3467883874439922, 'hidden_size': 83, 'dropout': 0.1999294598200641, 'hidden_continuous_size': 11, 'attention_head_size': 3, 'learning_rate': 0.0016541514862206423}. Best is trial 0 with value: 0.08650046586990356.
[I 2023-12-27 11:16:42,550] Trial 9 finished with value: 3.9875032901763916 and parameters: {'gradient_clip_val': 0.4518556037295917, 'hidden_size': 15, 'dropout': 0.42321403667805335, 'hidden_continuous_size': 7, 'attention_head_size': 2, 'learning_rate': 0.0009401288416295585}. Best is trial 0 with value: 0.08650046586990356.
[I 2023-12-27 11:16:42,953] Trial 10 finished with value: 3.3220889568328857 and parameters: {'gradient_clip_val': 0.6181734075482765, 'hidden_size': 39, 'dropout': 0.10218312129567739, 'hidden_continuous_size': 39, 'attention_head_size': 4, 'learning_rate': 0.017057352532049576}. Best is trial 0 with value: 0.08650046586990356.
[I 2023-12-27 11:16:43,362] Trial 11 finished with value: 4.979004383087158 and parameters: {'gradient_clip_val': 0.6159644199831846, 'hidden_size': 52, 'dropout': 0.10642328349251462, 'hidden_continuous_size': 52, 'attention_head_size': 4, 'learning_rate': 0.016699027756383173}. Best is trial 0 with value: 0.08650046586990356.
[I 2023-12-27 11:16:43,769] Trial 12 finished with value: 4.751637935638428 and parameters: {'gradient_clip_val': 0.6094761276691815, 'hidden_size': 40, 'dropout': 0.10492583854325718, 'hidden_continuous_size': 37, 'attention_head_size': 4, 'learning_rate': 0.015540531009452144}. Best is trial 0 with value: 0.08650046586990356.
[I 2023-12-27 11:16:44,168] Trial 13 finished with value: 4.849015712738037 and parameters: {'gradient_clip_val': 0.9756919187980978, 'hidden_size': 36, 'dropout': 0.26944182106488745, 'hidden_continuous_size': 21, 'attention_head_size': 4, 'learning_rate': 0.02215357528547189}. Best is trial 0 with value: 0.08650046586990356.
[I 2023-12-27 11:16:44,625] Trial 14 finished with value: 5.3529582023620605 and parameters: {'gradient_clip_val': 0.39681789548557095, 'hidden_size': 62, 'dropout': 0.17620574218794854, 'hidden_continuous_size': 59, 'attention_head_size': 3, 'learning_rate': 0.09164220052683682}. Best is trial 0 with value: 0.08650046586990356.
[I 2023-12-27 11:16:45,262] Trial 15 finished with value: 3.8343162536621094 and parameters: {'gradient_clip_val': 0.6768635860893073, 'hidden_size': 32, 'dropout': 0.15585996441350405, 'hidden_continuous_size': 19, 'attention_head_size': 4, 'learning_rate': 0.008765664146204024}. Best is trial 0 with value: 0.08650046586990356.
[I 2023-12-27 11:16:45,930] Trial 16 finished with value: 5.03214693069458 and parameters: {'gradient_clip_val': 0.4937738070712873, 'hidden_size': 149, 'dropout': 0.2531367467204728, 'hidden_continuous_size': 119, 'attention_head_size': 3, 'learning_rate': 0.0049160019773336}. Best is trial 0 with value: 0.08650046586990356.
[I 2023-12-27 11:16:46,318] Trial 17 finished with value: 4.522650241851807 and parameters: {'gradient_clip_val': 0.31203083621247635, 'hidden_size': 27, 'dropout': 0.14494537434209176, 'hidden_continuous_size': 14, 'attention_head_size': 1, 'learning_rate': 0.011611319350926802}. Best is trial 0 with value: 0.08650046586990356.
[I 2023-12-27 11:16:46,738] Trial 18 finished with value: 4.41970682144165 and parameters: {'gradient_clip_val': 0.7115287738030099, 'hidden_size': 56, 'dropout': 0.15339834275819905, 'hidden_continuous_size': 28, 'attention_head_size': 4, 'learning_rate': 0.02516991620032587}. Best is trial 0 with value: 0.08650046586990356.
[I 2023-12-27 11:16:47,212] Trial 19 finished with value: 6.796459674835205 and parameters: {'gradient_clip_val': 0.9943947354630707, 'hidden_size': 79, 'dropout': 0.10769863828228733, 'hidden_continuous_size': 37, 'attention_head_size': 3, 'learning_rate': 0.03219607791885402}. Best is trial 0 with value: 0.08650046586990356.
[I 2023-12-27 11:16:47,619] Trial 20 finished with value: 5.297055721282959 and parameters: {'gradient_clip_val': 0.41313812634614067, 'hidden_size': 41, 'dropout': 0.23433832195369694, 'hidden_continuous_size': 17, 'attention_head_size': 4, 'learning_rate': 0.011824880224499738}. Best is trial 0 with value: 0.08650046586990356.
[I 2023-12-27 11:16:48,072] Trial 21 finished with value: 4.497212886810303 and parameters: {'gradient_clip_val': 0.3437769417908606, 'hidden_size': 76, 'dropout': 0.18781004964919182, 'hidden_continuous_size': 25, 'attention_head_size': 3, 'learning_rate': 0.0006039258098724308}. Best is trial 0 with value: 0.08650046586990356.
[I 2023-12-27 11:16:48,533] Trial 22 finished with value: 3.9773943424224854 and parameters: {'gradient_clip_val': 0.5579208810752088, 'hidden_size': 81, 'dropout': 0.17467068608809624, 'hidden_continuous_size': 14, 'attention_head_size': 3, 'learning_rate': 0.00452544314599481}. Best is trial 0 with value: 0.08650046586990356.
[I 2023-12-27 11:16:48,950] Trial 23 finished with value: 4.896613597869873 and parameters: {'gradient_clip_val': 0.7685596775797932, 'hidden_size': 46, 'dropout': 0.13965553120395746, 'hidden_continuous_size': 11, 'attention_head_size': 3, 'learning_rate': 0.00857764442500402}. Best is trial 0 with value: 0.08650046586990356.
[I 2023-12-27 11:16:49,328] Trial 24 finished with value: 5.112018585205078 and parameters: {'gradient_clip_val': 0.36660732595753026, 'hidden_size': 26, 'dropout': 0.21030689484547432, 'hidden_continuous_size': 8, 'attention_head_size': 2, 'learning_rate': 0.003724624081555329}. Best is trial 0 with value: 0.08650046586990356.
[I 2023-12-27 11:16:49,764] Trial 25 finished with value: 4.8311381340026855 and parameters: {'gradient_clip_val': 0.2784944415638008, 'hidden_size': 68, 'dropout': 0.13261886151812444, 'hidden_continuous_size': 23, 'attention_head_size': 3, 'learning_rate': 0.0064448252104756494}. Best is trial 0 with value: 0.08650046586990356.
[I 2023-12-27 11:16:50,254] Trial 26 finished with value: 5.47216272354126 and parameters: {'gradient_clip_val': 0.4697242001918908, 'hidden_size': 99, 'dropout': 0.17603570397998264, 'hidden_continuous_size': 36, 'attention_head_size': 4, 'learning_rate': 0.0016186316174141152}. Best is trial 0 with value: 0.08650046586990356.
[I 2023-12-27 11:16:50,668] Trial 27 finished with value: 4.017967700958252 and parameters: {'gradient_clip_val': 0.2518848496946961, 'hidden_size': 51, 'dropout': 0.2115334026949288, 'hidden_continuous_size': 17, 'attention_head_size': 3, 'learning_rate': 0.0030283526748659992}. Best is trial 0 with value: 0.08650046586990356.
[I 2023-12-27 11:16:51,045] Trial 28 finished with value: 4.645684719085693 and parameters: {'gradient_clip_val': 0.4191240573260192, 'hidden_size': 32, 'dropout': 0.1009735729651984, 'hidden_continuous_size': 13, 'attention_head_size': 2, 'learning_rate': 0.0011780423593565278}. Best is trial 0 with value: 0.08650046586990356.
[I 2023-12-27 11:16:51,684] Trial 29 finished with value: 4.05623197555542 and parameters: {'gradient_clip_val': 0.35145182493547994, 'hidden_size': 45, 'dropout': 0.23793637705698956, 'hidden_continuous_size': 12, 'attention_head_size': 4, 'learning_rate': 0.0032355447078891765}. Best is trial 0 with value: 0.08650046586990356.
[I 2023-12-27 11:16:52,114] Trial 30 finished with value: 4.701146602630615 and parameters: {'gradient_clip_val': 0.5358673779311657, 'hidden_size': 58, 'dropout': 0.16523236814466288, 'hidden_continuous_size': 17, 'attention_head_size': 4, 'learning_rate': 0.002030633520907844}. Best is trial 0 with value: 0.08650046586990356.
[I 2023-12-27 11:16:52,478] Trial 31 finished with value: 3.802105665206909 and parameters: {'gradient_clip_val': 0.8026883468996304, 'hidden_size': 6, 'dropout': 0.1955347460698138, 'hidden_continuous_size': 5, 'attention_head_size': 3, 'learning_rate': 0.0363192150093178}. Best is trial 0 with value: 0.08650046586990356.
[I 2023-12-27 11:16:52,972] Trial 32 finished with value: 4.6735053062438965 and parameters: {'gradient_clip_val': 0.6419202539461379, 'hidden_size': 101, 'dropout': 0.20794123032541553, 'hidden_continuous_size': 6, 'attention_head_size': 3, 'learning_rate': 0.017303770727103804}. Best is trial 0 with value: 0.08650046586990356.
[I 2023-12-27 11:16:53,401] Trial 33 finished with value: 3.6755759716033936 and parameters: {'gradient_clip_val': 0.7520235781293351, 'hidden_size': 65, 'dropout': 0.13464388076486344, 'hidden_continuous_size': 11, 'attention_head_size': 1, 'learning_rate': 0.03801689585463342}. Best is trial 0 with value: 0.08650046586990356.
[I 2023-12-27 11:16:53,784] Trial 34 finished with value: 4.344569683074951 and parameters: {'gradient_clip_val': 0.5359560901967912, 'hidden_size': 13, 'dropout': 0.18966358131619707, 'hidden_continuous_size': 6, 'attention_head_size': 3, 'learning_rate': 0.05028129253288695}. Best is trial 0 with value: 0.08650046586990356.
[I 2023-12-27 11:16:54,175] Trial 35 finished with value: 5.296839714050293 and parameters: {'gradient_clip_val': 0.4661111451910546, 'hidden_size': 19, 'dropout': 0.26846442258039016, 'hidden_continuous_size': 9, 'attention_head_size': 2, 'learning_rate': 0.011915525741972873}. Best is trial 0 with value: 0.08650046586990356.
[I 2023-12-27 11:16:54,565] Trial 36 finished with value: 3.9632084369659424 and parameters: {'gradient_clip_val': 0.8587004097957539, 'hidden_size': 27, 'dropout': 0.12714902222222763, 'hidden_continuous_size': 10, 'attention_head_size': 3, 'learning_rate': 0.025928401595013056}. Best is trial 0 with value: 0.08650046586990356.
[I 2023-12-27 11:16:54,936] Trial 37 finished with value: 3.3164451122283936 and parameters: {'gradient_clip_val': 0.6861889278612326, 'hidden_size': 12, 'dropout': 0.16246849884994127, 'hidden_continuous_size': 7, 'attention_head_size': 2, 'learning_rate': 0.007069645915292458}. Best is trial 0 with value: 0.08650046586990356.
[I 2023-12-27 11:16:55,319] Trial 38 finished with value: 6.3468451499938965 and parameters: {'gradient_clip_val': 0.6034805648512187, 'hidden_size': 10, 'dropout': 0.15716077306297763, 'hidden_continuous_size': 6, 'attention_head_size': 2, 'learning_rate': 0.005171472148976357}. Best is trial 0 with value: 0.08650046586990356.
[I 2023-12-27 11:16:55,694] Trial 39 finished with value: 4.561246871948242 and parameters: {'gradient_clip_val': 0.2823912615090432, 'hidden_size': 21, 'dropout': 0.1220900385054639, 'hidden_continuous_size': 8, 'attention_head_size': 1, 'learning_rate': 0.0025870840977144033}. Best is trial 0 with value: 0.08650046586990356.
[I 2023-12-27 11:16:56,093] Trial 40 finished with value: 5.011353969573975 and parameters: {'gradient_clip_val': 0.6810325936320171, 'hidden_size': 37, 'dropout': 0.15334343648925322, 'hidden_continuous_size': 8, 'attention_head_size': 2, 'learning_rate': 0.006323695391142495}. Best is trial 0 with value: 0.08650046586990356.
[I 2023-12-27 11:16:56,449] Trial 41 finished with value: 5.823204517364502 and parameters: {'gradient_clip_val': 0.8545155756976694, 'hidden_size': 16, 'dropout': 0.11990671677682395, 'hidden_continuous_size': 7, 'attention_head_size': 2, 'learning_rate': 0.008919065559244219}. Best is trial 0 with value: 0.08650046586990356.
[I 2023-12-27 11:16:57,048] Trial 42 finished with value: 4.305936336517334 and parameters: {'gradient_clip_val': 0.593459452771437, 'hidden_size': 9, 'dropout': 0.19625584473191662, 'hidden_continuous_size': 5, 'attention_head_size': 3, 'learning_rate': 0.015460662977039184}. Best is trial 0 with value: 0.08650046586990356.
[I 2023-12-27 11:16:57,416] Trial 43 finished with value: 4.510624408721924 and parameters: {'gradient_clip_val': 0.6924308712134185, 'hidden_size': 12, 'dropout': 0.22856456235997863, 'hidden_continuous_size': 7, 'attention_head_size': 2, 'learning_rate': 0.0037500932773072895}. Best is trial 0 with value: 0.08650046586990356.
[I 2023-12-27 11:16:57,838] Trial 44 finished with value: 4.707180023193359 and parameters: {'gradient_clip_val': 0.8796371425165819, 'hidden_size': 54, 'dropout': 0.3051304620745713, 'hidden_continuous_size': 10, 'attention_head_size': 3, 'learning_rate': 0.022016546497564463}. Best is trial 0 with value: 0.08650046586990356.
[I 2023-12-27 11:16:58,203] Trial 45 finished with value: 6.081336975097656 and parameters: {'gradient_clip_val': 0.4951052337770514, 'hidden_size': 7, 'dropout': 0.16574788848290997, 'hidden_continuous_size': 5, 'attention_head_size': 2, 'learning_rate': 0.0024702810468314467}. Best is trial 0 with value: 0.08650046586990356.
[I 2023-12-27 11:16:58,622] Trial 46 finished with value: 4.249091625213623 and parameters: {'gradient_clip_val': 0.7664576724400372, 'hidden_size': 47, 'dropout': 0.14385828907963405, 'hidden_continuous_size': 12, 'attention_head_size': 4, 'learning_rate': 0.007423730323697867}. Best is trial 0 with value: 0.08650046586990356.
[I 2023-12-27 11:16:58,954] Trial 47 finished with value: 4.763927936553955 and parameters: {'gradient_clip_val': 0.9440314830088269, 'hidden_size': 5, 'dropout': 0.10046160954716937, 'hidden_continuous_size': 5, 'attention_head_size': 3, 'learning_rate': 0.05494892707112704}. Best is trial 0 with value: 0.08650046586990356.
[I 2023-12-27 11:16:59,353] Trial 48 finished with value: 4.466893672943115 and parameters: {'gradient_clip_val': 0.5650874292784018, 'hidden_size': 34, 'dropout': 0.11884853464542083, 'hidden_continuous_size': 15, 'attention_head_size': 4, 'learning_rate': 0.018218682828379747}. Best is trial 0 with value: 0.08650046586990356.
[I 2023-12-27 11:16:59,745] Trial 49 finished with value: 4.950403213500977 and parameters: {'gradient_clip_val': 0.643108753714463, 'hidden_size': 40, 'dropout': 0.171504737130699, 'hidden_continuous_size': 9, 'attention_head_size': 2, 'learning_rate': 0.013609949828271682}. Best is trial 0 with value: 0.08650046586990356.
[I 2023-12-27 11:16:59,856] A new study created in memory with name: no-name-4add1dfa-98c6-4a9b-b0b3-2dbcdaaf1f9d
/home/le004/conda/anaconda3/envs/tsff_env/lib/python3.9/site-packages/lightning/fabric/plugins/environments/slurm.py:191: The `srun` command is available on your system but is not used. HINT: If your intention is to run Lightning on SLURM, prepend your python command with `srun` like so: srun python /home/le004/master_thesis/git/TSFusionForecast/code/ ...
[I 2023-12-27 11:18:02,225] Trial 0 finished with value: 0.047688502818346024 and parameters: {'gradient_clip_val': 0.13762141016477872, 'hidden_size': 135, 'dropout': 0.15182989367058883, 'hidden_continuous_size': 84, 'attention_head_size': 3, 'learning_rate': 0.0019444283378373952}. Best is trial 0 with value: 0.047688502818346024.
[I 2023-12-27 11:18:15,378] Trial 1 finished with value: 0.11460328847169876 and parameters: {'gradient_clip_val': 0.10645815797364384, 'hidden_size': 45, 'dropout': 0.14421614768367058, 'hidden_continuous_size': 34, 'attention_head_size': 4, 'learning_rate': 0.06673241292150288}. Best is trial 0 with value: 0.047688502818346024.
[I 2023-12-27 11:18:15,733] Trial 2 finished with value: 2.762308359146118 and parameters: {'gradient_clip_val': 0.13265239970014953, 'hidden_size': 19, 'dropout': 0.14154059196999325, 'hidden_continuous_size': 7, 'attention_head_size': 2, 'learning_rate': 0.053270821246426334}. Best is trial 0 with value: 0.047688502818346024.
[I 2023-12-27 11:18:16,131] Trial 3 finished with value: 1.8327813148498535 and parameters: {'gradient_clip_val': 0.26411785477998845, 'hidden_size': 51, 'dropout': 0.27345792959700416, 'hidden_continuous_size': 5, 'attention_head_size': 4, 'learning_rate': 0.01261542394149517}. Best is trial 0 with value: 0.047688502818346024.
[I 2023-12-27 11:18:16,496] Trial 4 finished with value: 1.4806379079818726 and parameters: {'gradient_clip_val': 0.1508199434405261, 'hidden_size': 29, 'dropout': 0.17255975486234065, 'hidden_continuous_size': 27, 'attention_head_size': 1, 'learning_rate': 0.0008900087950882042}. Best is trial 0 with value: 0.047688502818346024.
[I 2023-12-27 11:18:16,911] Trial 5 finished with value: 2.4701480865478516 and parameters: {'gradient_clip_val': 0.10842329246070935, 'hidden_size': 62, 'dropout': 0.25467449338819903, 'hidden_continuous_size': 5, 'attention_head_size': 2, 'learning_rate': 0.01009056253032737}. Best is trial 0 with value: 0.047688502818346024.
[I 2023-12-27 11:18:17,258] Trial 6 finished with value: 1.9982585906982422 and parameters: {'gradient_clip_val': 0.25975727893766004, 'hidden_size': 12, 'dropout': 0.3506892560777036, 'hidden_continuous_size': 9, 'attention_head_size': 3, 'learning_rate': 0.03303786477930973}. Best is trial 0 with value: 0.047688502818346024.
[I 2023-12-27 11:18:17,728] Trial 7 finished with value: 2.0484840869903564 and parameters: {'gradient_clip_val': 0.6263840728106917, 'hidden_size': 102, 'dropout': 0.28008556343914026, 'hidden_continuous_size': 6, 'attention_head_size': 4, 'learning_rate': 0.0007362067012740195}. Best is trial 0 with value: 0.047688502818346024.
[I 2023-12-27 11:18:18,101] Trial 8 finished with value: 1.76701021194458 and parameters: {'gradient_clip_val': 0.8559809295025669, 'hidden_size': 34, 'dropout': 0.4064049937060782, 'hidden_continuous_size': 5, 'attention_head_size': 2, 'learning_rate': 0.0018944220832330173}. Best is trial 0 with value: 0.047688502818346024.
[I 2023-12-27 11:18:18,493] Trial 9 finished with value: 3.0743465423583984 and parameters: {'gradient_clip_val': 0.9878371086618997, 'hidden_size': 58, 'dropout': 0.2116145585425945, 'hidden_continuous_size': 7, 'attention_head_size': 2, 'learning_rate': 0.058831594661925564}. Best is trial 0 with value: 0.047688502818346024.
[I 2023-12-27 11:18:19,052] Trial 10 finished with value: 2.1563518047332764 and parameters: {'gradient_clip_val': 0.1824771407973785, 'hidden_size': 120, 'dropout': 0.48550870709310034, 'hidden_continuous_size': 110, 'attention_head_size': 3, 'learning_rate': 0.003142727176398895}. Best is trial 0 with value: 0.047688502818346024.
[I 2023-12-27 11:18:19,655] Trial 11 finished with value: 2.1439006328582764 and parameters: {'gradient_clip_val': 0.10040092305914076, 'hidden_size': 146, 'dropout': 0.10536132470305866, 'hidden_continuous_size': 69, 'attention_head_size': 4, 'learning_rate': 0.09322308014673845}. Best is trial 0 with value: 0.047688502818346024.
[I 2023-12-27 11:18:19,985] Trial 12 finished with value: 2.6959145069122314 and parameters: {'gradient_clip_val': 0.18223037697299294, 'hidden_size': 5, 'dropout': 0.10095055601291936, 'hidden_continuous_size': 5, 'attention_head_size': 3, 'learning_rate': 0.004210998957871548}. Best is trial 0 with value: 0.047688502818346024.
[I 2023-12-27 11:18:20,458] Trial 13 finished with value: 2.119077682495117 and parameters: {'gradient_clip_val': 0.10158372592296844, 'hidden_size': 90, 'dropout': 0.20289688267423628, 'hidden_continuous_size': 38, 'attention_head_size': 4, 'learning_rate': 0.022210599713222458}. Best is trial 0 with value: 0.047688502818346024.
[I 2023-12-27 11:18:20,892] Trial 14 finished with value: 2.519397497177124 and parameters: {'gradient_clip_val': 0.15174152228880405, 'hidden_size': 76, 'dropout': 0.16446997325052143, 'hidden_continuous_size': 16, 'attention_head_size': 3, 'learning_rate': 0.005876694326899555}. Best is trial 0 with value: 0.047688502818346024.
[I 2023-12-27 11:18:21,723] Trial 15 finished with value: 2.483441114425659 and parameters: {'gradient_clip_val': 0.3679384190813005, 'hidden_size': 147, 'dropout': 0.2260351166714334, 'hidden_continuous_size': 57, 'attention_head_size': 4, 'learning_rate': 0.01754314270990608}. Best is trial 0 with value: 0.047688502818346024.
[I 2023-12-27 11:18:22,136] Trial 16 finished with value: 2.173637628555298 and parameters: {'gradient_clip_val': 0.1284560957803477, 'hidden_size': 44, 'dropout': 0.1491189814831373, 'hidden_continuous_size': 20, 'attention_head_size': 3, 'learning_rate': 0.008079360008573865}. Best is trial 0 with value: 0.047688502818346024.
[I 2023-12-27 11:18:22,618] Trial 17 finished with value: 1.8621772527694702 and parameters: {'gradient_clip_val': 0.19348899082974508, 'hidden_size': 86, 'dropout': 0.19541630318221764, 'hidden_continuous_size': 39, 'attention_head_size': 1, 'learning_rate': 0.0015242547250353658}. Best is trial 0 with value: 0.047688502818346024.
[I 2023-12-27 11:18:23,034] Trial 18 finished with value: 2.595078229904175 and parameters: {'gradient_clip_val': 0.13230087471061275, 'hidden_size': 42, 'dropout': 0.13283000692886168, 'hidden_continuous_size': 13, 'attention_head_size': 4, 'learning_rate': 0.0005672121600008471}. Best is trial 0 with value: 0.047688502818346024.
