[I 2023-12-27 11:12:18,197] Trial 2 finished with value: 17901.623046875 and parameters: {'gradient_clip_val': 0.9921983609481947, 'hidden_size': 10, 'dropout': 0.45546163748487545, 'hidden_continuous_size': 6, 'attention_head_size': 4, 'learning_rate': 0.0018221886910568827}. Best is trial 0 with value: 10547.771484375.
[I 2023-12-27 11:12:18,580] Trial 3 finished with value: 24844.048828125 and parameters: {'gradient_clip_val': 0.18453796405700182, 'hidden_size': 26, 'dropout': 0.42153816426432056, 'hidden_continuous_size': 7, 'attention_head_size': 2, 'learning_rate': 0.002576607578313274}. Best is trial 0 with value: 10547.771484375.
[I 2023-12-27 11:12:19,085] Trial 4 finished with value: 21177.755859375 and parameters: {'gradient_clip_val': 0.5657260398092773, 'hidden_size': 136, 'dropout': 0.4815670151111521, 'hidden_continuous_size': 11, 'attention_head_size': 3, 'learning_rate': 0.001570277219658814}. Best is trial 0 with value: 10547.771484375.
[I 2023-12-27 11:12:19,461] Trial 5 finished with value: 22947.630859375 and parameters: {'gradient_clip_val': 0.35553872080081056, 'hidden_size': 50, 'dropout': 0.17185461111757622, 'hidden_continuous_size': 6, 'attention_head_size': 4, 'learning_rate': 0.0020402968893811044}. Best is trial 0 with value: 10547.771484375.
[I 2023-12-27 11:12:19,985] Trial 6 finished with value: 22001.876953125 and parameters: {'gradient_clip_val': 0.5837241806532547, 'hidden_size': 148, 'dropout': 0.19986636302827188, 'hidden_continuous_size': 5, 'attention_head_size': 1, 'learning_rate': 0.05908949066402682}. Best is trial 0 with value: 10547.771484375.
[I 2023-12-27 11:12:20,408] Trial 7 finished with value: 22228.1640625 and parameters: {'gradient_clip_val': 0.43443489826579784, 'hidden_size': 86, 'dropout': 0.28914543339274684, 'hidden_continuous_size': 5, 'attention_head_size': 1, 'learning_rate': 0.001169169632569241}. Best is trial 0 with value: 10547.771484375.
[I 2023-12-27 11:12:20,756] Trial 8 finished with value: 23055.75 and parameters: {'gradient_clip_val': 0.2579168814654442, 'hidden_size': 15, 'dropout': 0.4391079871431883, 'hidden_continuous_size': 6, 'attention_head_size': 1, 'learning_rate': 0.003116446083603906}. Best is trial 0 with value: 10547.771484375.
[I 2023-12-27 11:12:21,097] Trial 9 finished with value: 23781.265625 and parameters: {'gradient_clip_val': 0.1956893067563896, 'hidden_size': 18, 'dropout': 0.46807120232874555, 'hidden_continuous_size': 5, 'attention_head_size': 2, 'learning_rate': 0.004448853639457022}. Best is trial 0 with value: 10547.771484375.
[I 2023-12-27 11:12:21,503] Trial 10 finished with value: 22283.310546875 and parameters: {'gradient_clip_val': 0.10800790363584414, 'hidden_size': 48, 'dropout': 0.10048930381766177, 'hidden_continuous_size': 39, 'attention_head_size': 2, 'learning_rate': 0.0005031526462951125}. Best is trial 0 with value: 10547.771484375.
[I 2023-12-27 11:12:21,840] Trial 11 finished with value: 24880.537109375 and parameters: {'gradient_clip_val': 0.969849194470941, 'hidden_size': 7, 'dropout': 0.31812576267665893, 'hidden_continuous_size': 7, 'attention_head_size': 4, 'learning_rate': 0.010412852041664153}. Best is trial 0 with value: 10547.771484375.
[I 2023-12-27 11:12:22,396] Trial 12 finished with value: 18846.4375 and parameters: {'gradient_clip_val': 0.9158033984516968, 'hidden_size': 5, 'dropout': 0.37804927972431523, 'hidden_continuous_size': 5, 'attention_head_size': 3, 'learning_rate': 0.009170578405231892}. Best is trial 0 with value: 10547.771484375.
[I 2023-12-27 11:12:22,743] Trial 13 finished with value: 24170.841796875 and parameters: {'gradient_clip_val': 0.7307946509837033, 'hidden_size': 13, 'dropout': 0.26333073486761704, 'hidden_continuous_size': 13, 'attention_head_size': 4, 'learning_rate': 0.04187301692062778}. Best is trial 0 with value: 10547.771484375.
[I 2023-12-27 11:12:23,141] Trial 14 finished with value: 21485.900390625 and parameters: {'gradient_clip_val': 0.7219797158073699, 'hidden_size': 32, 'dropout': 0.38242311813702273, 'hidden_continuous_size': 29, 'attention_head_size': 3, 'learning_rate': 0.08809597819071255}. Best is trial 0 with value: 10547.771484375.
[I 2023-12-27 11:12:23,504] Trial 15 finished with value: 27131.318359375 and parameters: {'gradient_clip_val': 0.7780840628120693, 'hidden_size': 10, 'dropout': 0.49942978119391007, 'hidden_continuous_size': 8, 'attention_head_size': 2, 'learning_rate': 0.005619293967863556}. Best is trial 0 with value: 10547.771484375.
[I 2023-12-27 11:12:23,891] Trial 16 finished with value: 21284.90234375 and parameters: {'gradient_clip_val': 0.9519074794116466, 'hidden_size': 21, 'dropout': 0.2486970209886422, 'hidden_continuous_size': 14, 'attention_head_size': 4, 'learning_rate': 0.020305592036310532}. Best is trial 0 with value: 10547.771484375.
[I 2023-12-27 11:12:24,304] Trial 17 finished with value: 24292.4765625 and parameters: {'gradient_clip_val': 0.5373325761598003, 'hidden_size': 36, 'dropout': 0.32658832477670907, 'hidden_continuous_size': 19, 'attention_head_size': 3, 'learning_rate': 0.0194305741891106}. Best is trial 0 with value: 10547.771484375.
[I 2023-12-27 11:12:24,799] Trial 18 finished with value: 25945.822265625 and parameters: {'gradient_clip_val': 0.467323387635492, 'hidden_size': 78, 'dropout': 0.4122769994283094, 'hidden_continuous_size': 76, 'attention_head_size': 2, 'learning_rate': 0.006326134873034744}. Best is trial 0 with value: 10547.771484375.
[I 2023-12-27 11:12:25,196] Trial 19 finished with value: 27249.400390625 and parameters: {'gradient_clip_val': 0.6808330477581069, 'hidden_size': 22, 'dropout': 0.35735085412280176, 'hidden_continuous_size': 9, 'attention_head_size': 1, 'learning_rate': 0.03536677826651686}. Best is trial 0 with value: 10547.771484375.
[I 2023-12-27 11:12:25,569] Trial 20 finished with value: 23782.955078125 and parameters: {'gradient_clip_val': 0.8743090833177445, 'hidden_size': 13, 'dropout': 0.225963766534956, 'hidden_continuous_size': 6, 'attention_head_size': 4, 'learning_rate': 0.010194356400057803}. Best is trial 0 with value: 10547.771484375.
[I 2023-12-27 11:12:25,912] Trial 21 finished with value: 27675.939453125 and parameters: {'gradient_clip_val': 0.9510839908380296, 'hidden_size': 5, 'dropout': 0.44012357906921495, 'hidden_continuous_size': 5, 'attention_head_size': 3, 'learning_rate': 0.009239516723313695}. Best is trial 0 with value: 10547.771484375.
[I 2023-12-27 11:12:26,248] Trial 22 finished with value: 24538.376953125 and parameters: {'gradient_clip_val': 0.8015053851055488, 'hidden_size': 5, 'dropout': 0.39220519144061317, 'hidden_continuous_size': 5, 'attention_head_size': 3, 'learning_rate': 0.004026022928042848}. Best is trial 0 with value: 10547.771484375.
[I 2023-12-27 11:12:26,610] Trial 23 finished with value: 25628.013671875 and parameters: {'gradient_clip_val': 0.9915454117250776, 'hidden_size': 6, 'dropout': 0.34658699523887837, 'hidden_continuous_size': 5, 'attention_head_size': 2, 'learning_rate': 0.013483883636373822}. Best is trial 0 with value: 10547.771484375.
[I 2023-12-27 11:12:26,973] Trial 24 finished with value: 16515.302734375 and parameters: {'gradient_clip_val': 0.6505226458592203, 'hidden_size': 7, 'dropout': 0.2978509406431435, 'hidden_continuous_size': 5, 'attention_head_size': 4, 'learning_rate': 0.007533603560056871}. Best is trial 0 with value: 10547.771484375.
[I 2023-12-27 11:12:27,343] Trial 25 finished with value: 20844.857421875 and parameters: {'gradient_clip_val': 0.6172524772795394, 'hidden_size': 9, 'dropout': 0.29668500050422675, 'hidden_continuous_size': 6, 'attention_head_size': 4, 'learning_rate': 0.005608184508679354}. Best is trial 0 with value: 10547.771484375.
[I 2023-12-27 11:12:27,954] Trial 26 finished with value: 25634.556640625 and parameters: {'gradient_clip_val': 0.6739041357776576, 'hidden_size': 7, 'dropout': 0.2793320328038361, 'hidden_continuous_size': 5, 'attention_head_size': 4, 'learning_rate': 0.003603882733486936}. Best is trial 0 with value: 10547.771484375.
[I 2023-12-27 11:12:28,321] Trial 27 finished with value: 25139.447265625 and parameters: {'gradient_clip_val': 0.7805947432314732, 'hidden_size': 11, 'dropout': 0.2491228379789952, 'hidden_continuous_size': 6, 'attention_head_size': 4, 'learning_rate': 0.006814327195073884}. Best is trial 0 with value: 10547.771484375.
[I 2023-12-27 11:12:28,679] Trial 28 finished with value: 22392.470703125 and parameters: {'gradient_clip_val': 0.48875533815945515, 'hidden_size': 16, 'dropout': 0.31713716730854724, 'hidden_continuous_size': 9, 'attention_head_size': 3, 'learning_rate': 0.027361089758398835}. Best is trial 0 with value: 10547.771484375.
[I 2023-12-27 11:12:29,054] Trial 29 finished with value: 19554.212890625 and parameters: {'gradient_clip_val': 0.64097977027805, 'hidden_size': 8, 'dropout': 0.33563825045615636, 'hidden_continuous_size': 6, 'attention_head_size': 4, 'learning_rate': 0.015089496176748209}. Best is trial 0 with value: 10547.771484375.
[I 2023-12-27 11:12:29,438] Trial 30 finished with value: 23868.888671875 and parameters: {'gradient_clip_val': 0.8299184604537071, 'hidden_size': 10, 'dropout': 0.34748739193393696, 'hidden_continuous_size': 6, 'attention_head_size': 3, 'learning_rate': 0.02522232244151862}. Best is trial 0 with value: 10547.771484375.
[I 2023-12-27 11:12:29,798] Trial 31 finished with value: 27808.576171875 and parameters: {'gradient_clip_val': 0.8098719932403633, 'hidden_size': 6, 'dropout': 0.3763389419057021, 'hidden_continuous_size': 5, 'attention_head_size': 3, 'learning_rate': 0.014230813092407986}. Best is trial 0 with value: 10547.771484375.
[I 2023-12-27 11:12:30,157] Trial 32 finished with value: 21766.123046875 and parameters: {'gradient_clip_val': 0.8686196151099332, 'hidden_size': 8, 'dropout': 0.4014638195429813, 'hidden_continuous_size': 5, 'attention_head_size': 2, 'learning_rate': 0.009320901878006839}. Best is trial 0 with value: 10547.771484375.
[I 2023-12-27 11:12:30,492] Trial 33 finished with value: 21842.525390625 and parameters: {'gradient_clip_val': 0.6107497205465133, 'hidden_size': 5, 'dropout': 0.3773177242530652, 'hidden_continuous_size': 5, 'attention_head_size': 3, 'learning_rate': 0.00765959066282024}. Best is trial 0 with value: 10547.771484375.
[I 2023-12-27 11:12:30,870] Trial 34 finished with value: 20788.216796875 and parameters: {'gradient_clip_val': 0.7301475310409075, 'hidden_size': 12, 'dropout': 0.434051295320367, 'hidden_continuous_size': 7, 'attention_head_size': 4, 'learning_rate': 0.00281159581940199}. Best is trial 0 with value: 10547.771484375.
[I 2023-12-27 11:12:31,232] Trial 35 finished with value: 25073.5625 and parameters: {'gradient_clip_val': 0.5424934039443974, 'hidden_size': 9, 'dropout': 0.41753796802535736, 'hidden_continuous_size': 6, 'attention_head_size': 2, 'learning_rate': 0.014707918078139082}. Best is trial 0 with value: 10547.771484375.
[I 2023-12-27 11:12:31,594] Trial 36 finished with value: 18934.919921875 and parameters: {'gradient_clip_val': 0.4128934465928412, 'hidden_size': 6, 'dropout': 0.46569298907572476, 'hidden_continuous_size': 5, 'attention_head_size': 4, 'learning_rate': 0.00229760987620406}. Best is trial 0 with value: 10547.771484375.
[I 2023-12-27 11:12:31,961] Trial 37 finished with value: 18443.9453125 and parameters: {'gradient_clip_val': 0.8881438353758616, 'hidden_size': 7, 'dropout': 0.3062465010546257, 'hidden_continuous_size': 5, 'attention_head_size': 3, 'learning_rate': 0.004720471342981896}. Best is trial 0 with value: 10547.771484375.
[I 2023-12-27 11:12:32,456] Trial 38 finished with value: 21680.185546875 and parameters: {'gradient_clip_val': 0.6641785911840853, 'hidden_size': 113, 'dropout': 0.30501572701777097, 'hidden_continuous_size': 10, 'attention_head_size': 1, 'learning_rate': 0.00175647985010151}. Best is trial 0 with value: 10547.771484375.
[I 2023-12-27 11:12:33,053] Trial 39 finished with value: 24997.537109375 and parameters: {'gradient_clip_val': 0.5750880583433348, 'hidden_size': 14, 'dropout': 0.27877677206848545, 'hidden_continuous_size': 7, 'attention_head_size': 4, 'learning_rate': 0.0012279445762999827}. Best is trial 0 with value: 10547.771484375.
[I 2023-12-27 11:12:33,419] Trial 40 finished with value: 22131.9765625 and parameters: {'gradient_clip_val': 0.38913223656036694, 'hidden_size': 11, 'dropout': 0.16874720254065448, 'hidden_continuous_size': 7, 'attention_head_size': 3, 'learning_rate': 0.004675622671041507}. Best is trial 0 with value: 10547.771484375.
[I 2023-12-27 11:12:33,783] Trial 41 finished with value: 18783.576171875 and parameters: {'gradient_clip_val': 0.8882472216339657, 'hidden_size': 7, 'dropout': 0.36703425992929284, 'hidden_continuous_size': 5, 'attention_head_size': 3, 'learning_rate': 0.0029424223444307882}. Best is trial 0 with value: 10547.771484375.
[I 2023-12-27 11:12:34,152] Trial 42 finished with value: 20111.44140625 and parameters: {'gradient_clip_val': 0.8699564147883763, 'hidden_size': 7, 'dropout': 0.36338765643788823, 'hidden_continuous_size': 5, 'attention_head_size': 3, 'learning_rate': 0.0029187089669856976}. Best is trial 0 with value: 10547.771484375.
[I 2023-12-27 11:12:34,537] Trial 43 finished with value: 20104.646484375 and parameters: {'gradient_clip_val': 0.7499309805048673, 'hidden_size': 17, 'dropout': 0.30613052669281604, 'hidden_continuous_size': 8, 'attention_head_size': 2, 'learning_rate': 0.0021071261745053264}. Best is trial 0 with value: 10547.771484375.
[I 2023-12-27 11:12:34,911] Trial 44 finished with value: 26212.578125 and parameters: {'gradient_clip_val': 0.9937994284320742, 'hidden_size': 8, 'dropout': 0.33241710609638697, 'hidden_continuous_size': 5, 'attention_head_size': 2, 'learning_rate': 0.003251156955513345}. Best is trial 0 with value: 10547.771484375.
[I 2023-12-27 11:12:35,315] Trial 45 finished with value: 26254.28125 and parameters: {'gradient_clip_val': 0.9016616059538054, 'hidden_size': 14, 'dropout': 0.2923773866628486, 'hidden_continuous_size': 6, 'attention_head_size': 3, 'learning_rate': 0.0050037967139212455}. Best is trial 0 with value: 10547.771484375.
[I 2023-12-27 11:12:35,709] Trial 46 finished with value: 19894.46875 and parameters: {'gradient_clip_val': 0.8384672539142887, 'hidden_size': 11, 'dropout': 0.3162970643337741, 'hidden_continuous_size': 7, 'attention_head_size': 4, 'learning_rate': 0.004031747432558855}. Best is trial 0 with value: 10547.771484375.
[I 2023-12-27 11:12:36,147] Trial 47 finished with value: 28134.302734375 and parameters: {'gradient_clip_val': 0.7093246928281713, 'hidden_size': 47, 'dropout': 0.39687519562932266, 'hidden_continuous_size': 11, 'attention_head_size': 2, 'learning_rate': 0.002463402977474001}. Best is trial 0 with value: 10547.771484375.
[I 2023-12-27 11:12:36,549] Trial 48 finished with value: 26086.490234375 and parameters: {'gradient_clip_val': 0.7793652511357125, 'hidden_size': 20, 'dropout': 0.3625179074471861, 'hidden_continuous_size': 6, 'attention_head_size': 4, 'learning_rate': 0.0016640802036896416}. Best is trial 0 with value: 10547.771484375.
[I 2023-12-27 11:12:36,976] Trial 49 finished with value: 23496.103515625 and parameters: {'gradient_clip_val': 0.9185071551374165, 'hidden_size': 27, 'dropout': 0.270001851480601, 'hidden_continuous_size': 15, 'attention_head_size': 3, 'learning_rate': 0.007446029142992041}. Best is trial 0 with value: 10547.771484375.
[I 2023-12-27 11:12:37,091] A new study created in memory with name: no-name-40b73090-7c90-416c-9e24-d30733682215
/home/le004/conda/anaconda3/envs/tsff_env/lib/python3.9/site-packages/lightning/fabric/plugins/environments/slurm.py:191: The `srun` command is available on your system but is not used. HINT: If your intention is to run Lightning on SLURM, prepend your python command with `srun` like so: srun python /home/le004/master_thesis/git/TSFusionForecast/code/ ...
[I 2023-12-27 11:13:09,137] Trial 0 finished with value: 0.13126547634601593 and parameters: {'gradient_clip_val': 0.43275488822551145, 'hidden_size': 12, 'dropout': 0.25713764663018523, 'hidden_continuous_size': 10, 'attention_head_size': 2, 'learning_rate': 0.03317789467362804}. Best is trial 0 with value: 0.13126547634601593.
[I 2023-12-27 11:13:15,047] Trial 1 finished with value: 1.8479480743408203 and parameters: {'gradient_clip_val': 0.6644496948330139, 'hidden_size': 9, 'dropout': 0.2915654053967739, 'hidden_continuous_size': 7, 'attention_head_size': 1, 'learning_rate': 0.017812218691395744}. Best is trial 0 with value: 0.13126547634601593.
[I 2023-12-27 11:13:15,399] Trial 2 finished with value: 3.4749622344970703 and parameters: {'gradient_clip_val': 0.15376835583129825, 'hidden_size': 11, 'dropout': 0.44660301413871106, 'hidden_continuous_size': 6, 'attention_head_size': 2, 'learning_rate': 0.05353817015900252}. Best is trial 0 with value: 0.13126547634601593.
[I 2023-12-27 11:13:15,774] Trial 3 finished with value: 2.2330050468444824 and parameters: {'gradient_clip_val': 0.1861779203746109, 'hidden_size': 24, 'dropout': 0.36021889394190854, 'hidden_continuous_size': 22, 'attention_head_size': 3, 'learning_rate': 0.05161073414817005}. Best is trial 0 with value: 0.13126547634601593.
[I 2023-12-27 11:13:16,313] Trial 4 finished with value: 4.887106418609619 and parameters: {'gradient_clip_val': 0.6224881165004404, 'hidden_size': 129, 'dropout': 0.4241289916940324, 'hidden_continuous_size': 24, 'attention_head_size': 3, 'learning_rate': 0.07405356601968129}. Best is trial 0 with value: 0.13126547634601593.
[I 2023-12-27 11:13:16,646] Trial 5 finished with value: 2.583024740219116 and parameters: {'gradient_clip_val': 0.5019892795591786, 'hidden_size': 5, 'dropout': 0.4489260389292653, 'hidden_continuous_size': 5, 'attention_head_size': 4, 'learning_rate': 0.0009308584350849075}. Best is trial 0 with value: 0.13126547634601593.
[I 2023-12-27 11:13:17,053] Trial 6 finished with value: 2.841649293899536 and parameters: {'gradient_clip_val': 0.16187831972795746, 'hidden_size': 61, 'dropout': 0.22340625445524287, 'hidden_continuous_size': 6, 'attention_head_size': 3, 'learning_rate': 0.028392316228630518}. Best is trial 0 with value: 0.13126547634601593.
[I 2023-12-27 11:13:17,588] Trial 7 finished with value: 3.9059770107269287 and parameters: {'gradient_clip_val': 0.47583959821605276, 'hidden_size': 124, 'dropout': 0.14520801056398228, 'hidden_continuous_size': 61, 'attention_head_size': 2, 'learning_rate': 0.0066753850925232675}. Best is trial 0 with value: 0.13126547634601593.
[I 2023-12-27 11:13:17,929] Trial 8 finished with value: 3.9036734104156494 and parameters: {'gradient_clip_val': 0.46307650764271946, 'hidden_size': 20, 'dropout': 0.10181115762304743, 'hidden_continuous_size': 11, 'attention_head_size': 2, 'learning_rate': 0.005350443748174621}. Best is trial 0 with value: 0.13126547634601593.
[I 2023-12-27 11:13:18,320] Trial 9 finished with value: 3.673079490661621 and parameters: {'gradient_clip_val': 0.7652929000617218, 'hidden_size': 27, 'dropout': 0.3642701471749804, 'hidden_continuous_size': 9, 'attention_head_size': 1, 'learning_rate': 0.026025845516314292}. Best is trial 0 with value: 0.13126547634601593.
[I 2023-12-27 11:13:18,649] Trial 10 finished with value: 3.682675361633301 and parameters: {'gradient_clip_val': 0.29561084537561266, 'hidden_size': 5, 'dropout': 0.2344463509689878, 'hidden_continuous_size': 5, 'attention_head_size': 4, 'learning_rate': 0.012798057390367953}. Best is trial 0 with value: 0.13126547634601593.
[I 2023-12-27 11:13:19,034] Trial 11 finished with value: 2.703077554702759 and parameters: {'gradient_clip_val': 0.9706397535849041, 'hidden_size': 10, 'dropout': 0.26056668561630664, 'hidden_continuous_size': 7, 'attention_head_size': 1, 'learning_rate': 0.016570849907864952}. Best is trial 0 with value: 0.13126547634601593.
[I 2023-12-27 11:13:19,633] Trial 12 finished with value: 3.8246889114379883 and parameters: {'gradient_clip_val': 0.3188620041217177, 'hidden_size': 9, 'dropout': 0.325504263265361, 'hidden_continuous_size': 5, 'attention_head_size': 1, 'learning_rate': 0.08787507554706923}. Best is trial 0 with value: 0.13126547634601593.
[I 2023-12-27 11:13:20,000] Trial 13 finished with value: 2.7302370071411133 and parameters: {'gradient_clip_val': 0.1052928610794276, 'hidden_size': 16, 'dropout': 0.2961590948962236, 'hidden_continuous_size': 8, 'attention_head_size': 1, 'learning_rate': 0.011405966222862066}. Best is trial 0 with value: 0.13126547634601593.
[I 2023-12-27 11:13:20,371] Trial 14 finished with value: 3.3746187686920166 and parameters: {'gradient_clip_val': 0.7346313684964395, 'hidden_size': 7, 'dropout': 0.21715539502591605, 'hidden_continuous_size': 5, 'attention_head_size': 2, 'learning_rate': 0.03250035612990019}. Best is trial 0 with value: 0.13126547634601593.
[I 2023-12-27 11:13:20,765] Trial 15 finished with value: 3.551760673522949 and parameters: {'gradient_clip_val': 0.9821779372561983, 'hidden_size': 14, 'dropout': 0.49391098710485093, 'hidden_continuous_size': 7, 'attention_head_size': 1, 'learning_rate': 0.004168189362557226}. Best is trial 0 with value: 0.13126547634601593.
[I 2023-12-27 11:13:21,125] Trial 16 finished with value: 3.146874189376831 and parameters: {'gradient_clip_val': 0.3561985393962996, 'hidden_size': 7, 'dropout': 0.28249560897340287, 'hidden_continuous_size': 5, 'attention_head_size': 2, 'learning_rate': 0.023265663904217724}. Best is trial 0 with value: 0.13126547634601593.
[I 2023-12-27 11:13:21,519] Trial 17 finished with value: 3.130558967590332 and parameters: {'gradient_clip_val': 0.39088248191198866, 'hidden_size': 30, 'dropout': 0.17434341090526215, 'hidden_continuous_size': 10, 'attention_head_size': 1, 'learning_rate': 0.010622180644363212}. Best is trial 0 with value: 0.13126547634601593.
