[I 2023-12-27 11:00:01,277] Trial 37 finished with value: 4.999113082885742 and parameters: {'gradient_clip_val': 0.23800109093341587, 'hidden_size': 12, 'dropout': 0.19540102518103566, 'hidden_continuous_size': 11, 'attention_head_size': 2, 'learning_rate': 0.02039935087645158}. Best is trial 0 with value: 0.3434738218784332.
[I 2023-12-27 11:00:01,681] Trial 38 finished with value: 4.248840808868408 and parameters: {'gradient_clip_val': 0.31578248422692706, 'hidden_size': 26, 'dropout': 0.2775812966948274, 'hidden_continuous_size': 18, 'attention_head_size': 3, 'learning_rate': 0.005036199738051462}. Best is trial 0 with value: 0.3434738218784332.
[I 2023-12-27 11:00:02,049] Trial 39 finished with value: 5.091793537139893 and parameters: {'gradient_clip_val': 0.3859446103016041, 'hidden_size': 20, 'dropout': 0.1876295723085685, 'hidden_continuous_size': 16, 'attention_head_size': 4, 'learning_rate': 0.0305515616098456}. Best is trial 0 with value: 0.3434738218784332.
[I 2023-12-27 11:00:02,414] Trial 40 finished with value: 5.038041114807129 and parameters: {'gradient_clip_val': 0.332331241139299, 'hidden_size': 17, 'dropout': 0.23379800778522736, 'hidden_continuous_size': 13, 'attention_head_size': 2, 'learning_rate': 0.009775518883230425}. Best is trial 0 with value: 0.3434738218784332.
[I 2023-12-27 11:00:02,827] Trial 41 finished with value: 4.4633893966674805 and parameters: {'gradient_clip_val': 0.16878790975486, 'hidden_size': 30, 'dropout': 0.21834678626255596, 'hidden_continuous_size': 19, 'attention_head_size': 3, 'learning_rate': 0.007093316989695744}. Best is trial 0 with value: 0.3434738218784332.
[I 2023-12-27 11:00:03,239] Trial 42 finished with value: 4.507176399230957 and parameters: {'gradient_clip_val': 0.27461885555447835, 'hidden_size': 37, 'dropout': 0.20778600347545673, 'hidden_continuous_size': 16, 'attention_head_size': 3, 'learning_rate': 0.011014813820186108}. Best is trial 0 with value: 0.3434738218784332.
[I 2023-12-27 11:00:03,651] Trial 43 finished with value: 5.2681803703308105 and parameters: {'gradient_clip_val': 0.19739427057237718, 'hidden_size': 45, 'dropout': 0.1663197720107005, 'hidden_continuous_size': 21, 'attention_head_size': 3, 'learning_rate': 0.013905191662173546}. Best is trial 0 with value: 0.3434738218784332.
[I 2023-12-27 11:00:04,020] Trial 44 finished with value: 4.53717565536499 and parameters: {'gradient_clip_val': 0.24441701233504518, 'hidden_size': 14, 'dropout': 0.2396289051380772, 'hidden_continuous_size': 13, 'attention_head_size': 3, 'learning_rate': 0.01815874697277658}. Best is trial 0 with value: 0.3434738218784332.
[I 2023-12-27 11:00:04,429] Trial 45 finished with value: 3.5617668628692627 and parameters: {'gradient_clip_val': 0.10826298026508664, 'hidden_size': 52, 'dropout': 0.21348474872561438, 'hidden_continuous_size': 19, 'attention_head_size': 2, 'learning_rate': 0.006017647491980863}. Best is trial 0 with value: 0.3434738218784332.
[I 2023-12-27 11:00:05,073] Trial 46 finished with value: 3.878908157348633 and parameters: {'gradient_clip_val': 0.10203772966040649, 'hidden_size': 53, 'dropout': 0.2629544980997825, 'hidden_continuous_size': 27, 'attention_head_size': 2, 'learning_rate': 0.003894338482059966}. Best is trial 0 with value: 0.3434738218784332.
[I 2023-12-27 11:00:05,517] Trial 47 finished with value: 3.6779050827026367 and parameters: {'gradient_clip_val': 0.11846024680534104, 'hidden_size': 77, 'dropout': 0.45112337735013125, 'hidden_continuous_size': 25, 'attention_head_size': 1, 'learning_rate': 0.005148538252417351}. Best is trial 0 with value: 0.3434738218784332.
[I 2023-12-27 11:00:05,914] Trial 48 finished with value: 3.336660623550415 and parameters: {'gradient_clip_val': 0.12833356067120938, 'hidden_size': 27, 'dropout': 0.3711711766354313, 'hidden_continuous_size': 15, 'attention_head_size': 2, 'learning_rate': 0.002916792017287048}. Best is trial 0 with value: 0.3434738218784332.
[I 2023-12-27 11:00:06,324] Trial 49 finished with value: 3.3649332523345947 and parameters: {'gradient_clip_val': 0.13100933820196328, 'hidden_size': 38, 'dropout': 0.39072838561026035, 'hidden_continuous_size': 19, 'attention_head_size': 2, 'learning_rate': 0.0026132083391932287}. Best is trial 0 with value: 0.3434738218784332.
[I 2023-12-27 11:00:06,449] A new study created in memory with name: no-name-ad45fbb4-9a1a-4527-a32f-282422427cea
/home/le004/conda/anaconda3/envs/tsff_env/lib/python3.9/site-packages/lightning/fabric/plugins/environments/slurm.py:191: The `srun` command is available on your system but is not used. HINT: If your intention is to run Lightning on SLURM, prepend your python command with `srun` like so: srun python /home/le004/master_thesis/git/TSFusionForecast/code/ ...
[I 2023-12-27 11:00:42,216] Trial 0 finished with value: 0.18664193153381348 and parameters: {'gradient_clip_val': 0.6353622955065653, 'hidden_size': 40, 'dropout': 0.3611839907640222, 'hidden_continuous_size': 21, 'attention_head_size': 4, 'learning_rate': 0.0025094745859380774}. Best is trial 0 with value: 0.18664193153381348.
[I 2023-12-27 11:00:53,002] Trial 1 finished with value: 0.7225806713104248 and parameters: {'gradient_clip_val': 0.19238160019308584, 'hidden_size': 22, 'dropout': 0.4400049428681352, 'hidden_continuous_size': 8, 'attention_head_size': 4, 'learning_rate': 0.011717361094769283}. Best is trial 0 with value: 0.18664193153381348.
[I 2023-12-27 11:00:53,546] Trial 2 finished with value: 4.719353199005127 and parameters: {'gradient_clip_val': 0.8512203357059277, 'hidden_size': 107, 'dropout': 0.33784904864689314, 'hidden_continuous_size': 105, 'attention_head_size': 1, 'learning_rate': 0.015380473866734311}. Best is trial 0 with value: 0.18664193153381348.
[I 2023-12-27 11:00:53,953] Trial 3 finished with value: 4.933424472808838 and parameters: {'gradient_clip_val': 0.8818201442091259, 'hidden_size': 55, 'dropout': 0.1479558128377815, 'hidden_continuous_size': 13, 'attention_head_size': 4, 'learning_rate': 0.004144100142414725}. Best is trial 0 with value: 0.18664193153381348.
[I 2023-12-27 11:00:54,266] Trial 4 finished with value: 6.212907314300537 and parameters: {'gradient_clip_val': 0.7822745734536062, 'hidden_size': 5, 'dropout': 0.30646859204575705, 'hidden_continuous_size': 5, 'attention_head_size': 2, 'learning_rate': 0.06809990809760569}. Best is trial 0 with value: 0.18664193153381348.
[I 2023-12-27 11:00:54,607] Trial 5 finished with value: 4.4224371910095215 and parameters: {'gradient_clip_val': 0.38237833310433034, 'hidden_size': 16, 'dropout': 0.2745577468055477, 'hidden_continuous_size': 7, 'attention_head_size': 3, 'learning_rate': 0.0023641909148742718}. Best is trial 0 with value: 0.18664193153381348.
[I 2023-12-27 11:00:55,139] Trial 6 finished with value: 4.022855281829834 and parameters: {'gradient_clip_val': 0.2109097110407948, 'hidden_size': 5, 'dropout': 0.2979681850395034, 'hidden_continuous_size': 5, 'attention_head_size': 3, 'learning_rate': 0.0013753735034696506}. Best is trial 0 with value: 0.18664193153381348.
[I 2023-12-27 11:00:55,458] Trial 7 finished with value: 3.9642269611358643 and parameters: {'gradient_clip_val': 0.3479537834916868, 'hidden_size': 5, 'dropout': 0.1154529250071092, 'hidden_continuous_size': 5, 'attention_head_size': 3, 'learning_rate': 0.005723203063559254}. Best is trial 0 with value: 0.18664193153381348.
[I 2023-12-27 11:00:55,841] Trial 8 finished with value: 3.957646131515503 and parameters: {'gradient_clip_val': 0.541707307690037, 'hidden_size': 40, 'dropout': 0.40378047232474645, 'hidden_continuous_size': 9, 'attention_head_size': 3, 'learning_rate': 0.00149254798466606}. Best is trial 0 with value: 0.18664193153381348.
[I 2023-12-27 11:00:56,311] Trial 9 finished with value: 4.463516712188721 and parameters: {'gradient_clip_val': 0.13705954277736526, 'hidden_size': 91, 'dropout': 0.4259711673589648, 'hidden_continuous_size': 12, 'attention_head_size': 4, 'learning_rate': 0.018654431032636115}. Best is trial 0 with value: 0.18664193153381348.
[I 2023-12-27 11:00:56,884] Trial 10 finished with value: 5.1902031898498535 and parameters: {'gradient_clip_val': 0.5544886634365923, 'hidden_size': 144, 'dropout': 0.4895939703399264, 'hidden_continuous_size': 28, 'attention_head_size': 1, 'learning_rate': 0.0007768080973311607}. Best is trial 0 with value: 0.18664193153381348.
[I 2023-12-27 11:00:57,284] Trial 11 finished with value: 4.5583720207214355 and parameters: {'gradient_clip_val': 0.21521754525158138, 'hidden_size': 21, 'dropout': 0.4954382635753802, 'hidden_continuous_size': 8, 'attention_head_size': 4, 'learning_rate': 0.0005432905189502684}. Best is trial 0 with value: 0.18664193153381348.
[I 2023-12-27 11:00:57,672] Trial 12 finished with value: 4.448428153991699 and parameters: {'gradient_clip_val': 0.12043362813700394, 'hidden_size': 32, 'dropout': 0.3852934537719319, 'hidden_continuous_size': 17, 'attention_head_size': 4, 'learning_rate': 0.009680278229045557}. Best is trial 0 with value: 0.18664193153381348.
[I 2023-12-27 11:00:58,054] Trial 13 finished with value: 4.1986284255981445 and parameters: {'gradient_clip_val': 0.24604443065706974, 'hidden_size': 15, 'dropout': 0.43122733618013137, 'hidden_continuous_size': 6, 'attention_head_size': 2, 'learning_rate': 0.00359823789619438}. Best is trial 0 with value: 0.18664193153381348.
[I 2023-12-27 11:00:58,485] Trial 14 finished with value: 4.579011917114258 and parameters: {'gradient_clip_val': 0.16570470481175653, 'hidden_size': 52, 'dropout': 0.36211152115648243, 'hidden_continuous_size': 18, 'attention_head_size': 4, 'learning_rate': 0.007433007532850594}. Best is trial 0 with value: 0.18664193153381348.
[I 2023-12-27 11:00:58,878] Trial 15 finished with value: 3.2788288593292236 and parameters: {'gradient_clip_val': 0.10074442739136596, 'hidden_size': 21, 'dropout': 0.4511809372176028, 'hidden_continuous_size': 7, 'attention_head_size': 4, 'learning_rate': 0.024356533884761677}. Best is trial 0 with value: 0.18664193153381348.
[I 2023-12-27 11:00:59,252] Trial 16 finished with value: 3.9430129528045654 and parameters: {'gradient_clip_val': 0.3011562181703044, 'hidden_size': 11, 'dropout': 0.3633872368591631, 'hidden_continuous_size': 6, 'attention_head_size': 2, 'learning_rate': 0.0025969738747521538}. Best is trial 0 with value: 0.18664193153381348.
[I 2023-12-27 11:00:59,633] Trial 17 finished with value: 4.849830150604248 and parameters: {'gradient_clip_val': 0.4217091995330468, 'hidden_size': 32, 'dropout': 0.45368014522003614, 'hidden_continuous_size': 10, 'attention_head_size': 3, 'learning_rate': 0.00941425674207724}. Best is trial 0 with value: 0.18664193153381348.
[I 2023-12-27 11:01:00,069] Trial 18 finished with value: 4.73910665512085 and parameters: {'gradient_clip_val': 0.2714166315131489, 'hidden_size': 56, 'dropout': 0.39619611568373275, 'hidden_continuous_size': 22, 'attention_head_size': 4, 'learning_rate': 0.004601639691119787}. Best is trial 0 with value: 0.18664193153381348.
[I 2023-12-27 11:01:00,448] Trial 19 finished with value: 5.9327569007873535 and parameters: {'gradient_clip_val': 0.1809351930849051, 'hidden_size': 10, 'dropout': 0.25248282107100467, 'hidden_continuous_size': 6, 'attention_head_size': 3, 'learning_rate': 0.0020140216976506104}. Best is trial 0 with value: 0.18664193153381348.
[I 2023-12-27 11:01:01,111] Trial 20 finished with value: 5.349119186401367 and parameters: {'gradient_clip_val': 0.2973137958383594, 'hidden_size': 27, 'dropout': 0.46359157084651986, 'hidden_continuous_size': 10, 'attention_head_size': 4, 'learning_rate': 0.03592954824426169}. Best is trial 0 with value: 0.18664193153381348.
[I 2023-12-27 11:01:01,500] Trial 21 finished with value: 3.8563072681427 and parameters: {'gradient_clip_val': 0.12311233956329062, 'hidden_size': 22, 'dropout': 0.4398001124229237, 'hidden_continuous_size': 8, 'attention_head_size': 4, 'learning_rate': 0.025608785983728875}. Best is trial 0 with value: 0.18664193153381348.
[I 2023-12-27 11:01:01,904] Trial 22 finished with value: 4.805567264556885 and parameters: {'gradient_clip_val': 0.1020131243968795, 'hidden_size': 40, 'dropout': 0.4652279178744834, 'hidden_continuous_size': 7, 'attention_head_size': 4, 'learning_rate': 0.012978503896861433}. Best is trial 0 with value: 0.18664193153381348.
[I 2023-12-27 11:01:02,291] Trial 23 finished with value: 4.649727821350098 and parameters: {'gradient_clip_val': 0.14751376772885513, 'hidden_size': 20, 'dropout': 0.41400470425472363, 'hidden_continuous_size': 7, 'attention_head_size': 4, 'learning_rate': 0.03096361230745258}. Best is trial 0 with value: 0.18664193153381348.
[I 2023-12-27 11:01:02,693] Trial 24 finished with value: 4.771627426147461 and parameters: {'gradient_clip_val': 0.1035926913865524, 'hidden_size': 27, 'dropout': 0.4934307882077573, 'hidden_continuous_size': 9, 'attention_head_size': 3, 'learning_rate': 0.006597305975669941}. Best is trial 0 with value: 0.18664193153381348.
[I 2023-12-27 11:01:03,072] Trial 25 finished with value: 4.37255334854126 and parameters: {'gradient_clip_val': 0.17817811180034543, 'hidden_size': 16, 'dropout': 0.37981683260971344, 'hidden_continuous_size': 8, 'attention_head_size': 4, 'learning_rate': 0.052800068024688916}. Best is trial 0 with value: 0.18664193153381348.
[I 2023-12-27 11:01:03,484] Trial 26 finished with value: 4.754858493804932 and parameters: {'gradient_clip_val': 0.224167836082965, 'hidden_size': 39, 'dropout': 0.4208591729532373, 'hidden_continuous_size': 13, 'attention_head_size': 3, 'learning_rate': 0.0907132000917546}. Best is trial 0 with value: 0.18664193153381348.
[I 2023-12-27 11:01:03,930] Trial 27 finished with value: 3.0880348682403564 and parameters: {'gradient_clip_val': 0.15290934005507603, 'hidden_size': 65, 'dropout': 0.445156290871504, 'hidden_continuous_size': 11, 'attention_head_size': 4, 'learning_rate': 0.020027031870995388}. Best is trial 0 with value: 0.18664193153381348.
[I 2023-12-27 11:01:04,393] Trial 28 finished with value: 4.103662967681885 and parameters: {'gradient_clip_val': 0.1868526009276966, 'hidden_size': 73, 'dropout': 0.3447989752120707, 'hidden_continuous_size': 15, 'attention_head_size': 2, 'learning_rate': 0.010838087317193778}. Best is trial 0 with value: 0.18664193153381348.
[I 2023-12-27 11:01:04,878] Trial 29 finished with value: 4.4557600021362305 and parameters: {'gradient_clip_val': 0.974980947597863, 'hidden_size': 89, 'dropout': 0.33272541367161346, 'hidden_continuous_size': 30, 'attention_head_size': 1, 'learning_rate': 0.015345254774661825}. Best is trial 0 with value: 0.18664193153381348.
[I 2023-12-27 11:01:05,347] Trial 30 finished with value: 4.517396450042725 and parameters: {'gradient_clip_val': 0.15167622690490803, 'hidden_size': 70, 'dropout': 0.3997763721415686, 'hidden_continuous_size': 34, 'attention_head_size': 4, 'learning_rate': 0.01719706692701036}. Best is trial 0 with value: 0.18664193153381348.
[I 2023-12-27 11:01:05,769] Trial 31 finished with value: 5.1135430335998535 and parameters: {'gradient_clip_val': 0.11737586950944662, 'hidden_size': 46, 'dropout': 0.4529554099585761, 'hidden_continuous_size': 10, 'attention_head_size': 4, 'learning_rate': 0.022635210984559267}. Best is trial 0 with value: 0.18664193153381348.
[I 2023-12-27 11:01:06,181] Trial 32 finished with value: 3.5355262756347656 and parameters: {'gradient_clip_val': 0.14602313338224174, 'hidden_size': 34, 'dropout': 0.4714022092245846, 'hidden_continuous_size': 12, 'attention_head_size': 4, 'learning_rate': 0.014102582760941243}. Best is trial 0 with value: 0.18664193153381348.
[I 2023-12-27 11:01:06,623] Trial 33 finished with value: 4.245652198791504 and parameters: {'gradient_clip_val': 0.13540900472840853, 'hidden_size': 61, 'dropout': 0.4330443425618545, 'hidden_continuous_size': 15, 'attention_head_size': 4, 'learning_rate': 0.03911496498389759}. Best is trial 0 with value: 0.18664193153381348.
[I 2023-12-27 11:01:07,299] Trial 34 finished with value: 4.3787360191345215 and parameters: {'gradient_clip_val': 0.16378523905556297, 'hidden_size': 44, 'dropout': 0.43982286855173985, 'hidden_continuous_size': 11, 'attention_head_size': 4, 'learning_rate': 0.021955717098556166}. Best is trial 0 with value: 0.18664193153381348.
[I 2023-12-27 11:01:07,710] Trial 35 finished with value: 4.1233978271484375 and parameters: {'gradient_clip_val': 0.19522830780845932, 'hidden_size': 48, 'dropout': 0.40935312152200737, 'hidden_continuous_size': 13, 'attention_head_size': 3, 'learning_rate': 0.04681518252147401}. Best is trial 0 with value: 0.18664193153381348.
[I 2023-12-27 11:01:08,127] Trial 36 finished with value: 4.278357982635498 and parameters: {'gradient_clip_val': 0.2410484954900458, 'hidden_size': 31, 'dropout': 0.47788225891006286, 'hidden_continuous_size': 11, 'attention_head_size': 4, 'learning_rate': 0.025928656395212003}. Best is trial 0 with value: 0.18664193153381348.
[I 2023-12-27 11:01:08,517] Trial 37 finished with value: 3.7085182666778564 and parameters: {'gradient_clip_val': 0.7496345742306484, 'hidden_size': 24, 'dropout': 0.4510246482444711, 'hidden_continuous_size': 7, 'attention_head_size': 3, 'learning_rate': 0.008414267424499966}. Best is trial 0 with value: 0.18664193153381348.
[I 2023-12-27 11:01:08,955] Trial 38 finished with value: 4.44823694229126 and parameters: {'gradient_clip_val': 0.20642176823614336, 'hidden_size': 61, 'dropout': 0.47367689183914746, 'hidden_continuous_size': 5, 'attention_head_size': 4, 'learning_rate': 0.011377661943739813}. Best is trial 0 with value: 0.18664193153381348.
[I 2023-12-27 11:01:09,356] Trial 39 finished with value: 4.194202899932861 and parameters: {'gradient_clip_val': 0.13091157967389316, 'hidden_size': 38, 'dropout': 0.40763357592341054, 'hidden_continuous_size': 9, 'attention_head_size': 3, 'learning_rate': 0.017584369785020485}. Best is trial 0 with value: 0.18664193153381348.
[I 2023-12-27 11:01:09,918] Trial 40 finished with value: 3.603788137435913 and parameters: {'gradient_clip_val': 0.1160971422811734, 'hidden_size': 123, 'dropout': 0.49656705431281084, 'hidden_continuous_size': 49, 'attention_head_size': 4, 'learning_rate': 0.004893388284503809}. Best is trial 0 with value: 0.18664193153381348.
[I 2023-12-27 11:01:10,341] Trial 41 finished with value: 3.4106616973876953 and parameters: {'gradient_clip_val': 0.15290908911265405, 'hidden_size': 30, 'dropout': 0.4698311745114939, 'hidden_continuous_size': 12, 'attention_head_size': 4, 'learning_rate': 0.013701763310375046}. Best is trial 0 with value: 0.18664193153381348.
[I 2023-12-27 11:01:10,721] Trial 42 finished with value: 4.62417459487915 and parameters: {'gradient_clip_val': 0.16379070852145214, 'hidden_size': 32, 'dropout': 0.4416121234623591, 'hidden_continuous_size': 11, 'attention_head_size': 4, 'learning_rate': 0.012733887212944175}. Best is trial 0 with value: 0.18664193153381348.
[I 2023-12-27 11:01:11,113] Trial 43 finished with value: 4.76445198059082 and parameters: {'gradient_clip_val': 0.1396638412406887, 'hidden_size': 28, 'dropout': 0.42296584247607366, 'hidden_continuous_size': 9, 'attention_head_size': 4, 'learning_rate': 0.006626911181089162}. Best is trial 0 with value: 0.18664193153381348.
[I 2023-12-27 11:01:11,511] Trial 44 finished with value: 4.378115177154541 and parameters: {'gradient_clip_val': 0.11087381332929386, 'hidden_size': 20, 'dropout': 0.47939149675473264, 'hidden_continuous_size': 8, 'attention_head_size': 4, 'learning_rate': 0.019920586881321575}. Best is trial 0 with value: 0.18664193153381348.
[I 2023-12-27 11:01:11,888] Trial 45 finished with value: 3.6370298862457275 and parameters: {'gradient_clip_val': 0.10206231001367246, 'hidden_size': 24, 'dropout': 0.46049755923740615, 'hidden_continuous_size': 9, 'attention_head_size': 4, 'learning_rate': 0.008754633551220109}. Best is trial 0 with value: 0.18664193153381348.
[I 2023-12-27 11:01:12,537] Trial 46 finished with value: 4.819627285003662 and parameters: {'gradient_clip_val': 0.13308478953324304, 'hidden_size': 47, 'dropout': 0.4266291997484833, 'hidden_continuous_size': 14, 'attention_head_size': 4, 'learning_rate': 0.014939279399159342}. Best is trial 0 with value: 0.18664193153381348.
[I 2023-12-27 11:01:12,937] Trial 47 finished with value: 3.883906602859497 and parameters: {'gradient_clip_val': 0.154568039389643, 'hidden_size': 38, 'dropout': 0.48385561244923314, 'hidden_continuous_size': 12, 'attention_head_size': 3, 'learning_rate': 0.003466241708957942}. Best is trial 0 with value: 0.18664193153381348.
[I 2023-12-27 11:01:13,330] Trial 48 finished with value: 3.751755714416504 and parameters: {'gradient_clip_val': 0.17245631722367535, 'hidden_size': 28, 'dropout': 0.39551774821903624, 'hidden_continuous_size': 10, 'attention_head_size': 1, 'learning_rate': 0.011084292612132398}. Best is trial 0 with value: 0.18664193153381348.
[I 2023-12-27 11:01:13,712] Trial 49 finished with value: 5.421827793121338 and parameters: {'gradient_clip_val': 0.20364158636520108, 'hidden_size': 19, 'dropout': 0.37730045913455557, 'hidden_continuous_size': 8, 'attention_head_size': 3, 'learning_rate': 0.005925149470424212}. Best is trial 0 with value: 0.18664193153381348.
[I 2023-12-27 11:01:13,823] A new study created in memory with name: no-name-87cd2937-0b93-4d98-b8b1-11dacd07fdba
/home/le004/conda/anaconda3/envs/tsff_env/lib/python3.9/site-packages/lightning/fabric/plugins/environments/slurm.py:191: The `srun` command is available on your system but is not used. HINT: If your intention is to run Lightning on SLURM, prepend your python command with `srun` like so: srun python /home/le004/master_thesis/git/TSFusionForecast/code/ ...
