[I 2023-12-27 11:06:54,736] Trial 16 finished with value: 3.1675424575805664 and parameters: {'gradient_clip_val': 0.706509848553126, 'hidden_size': 45, 'dropout': 0.2819433302174679, 'hidden_continuous_size': 9, 'attention_head_size': 3, 'learning_rate': 0.018593386916604924}. Best is trial 0 with value: 0.11748436838388443.
[I 2023-12-27 11:06:55,178] Trial 17 finished with value: 4.013032913208008 and parameters: {'gradient_clip_val': 0.4839339105091083, 'hidden_size': 63, 'dropout': 0.4938255679565448, 'hidden_continuous_size': 19, 'attention_head_size': 2, 'learning_rate': 0.00788343703962634}. Best is trial 0 with value: 0.11748436838388443.
[I 2023-12-27 11:06:55,806] Trial 18 finished with value: 3.549144983291626 and parameters: {'gradient_clip_val': 0.7926030676206592, 'hidden_size': 31, 'dropout': 0.2573080524002159, 'hidden_continuous_size': 8, 'attention_head_size': 2, 'learning_rate': 0.05921817543540401}. Best is trial 0 with value: 0.11748436838388443.
[I 2023-12-27 11:06:56,188] Trial 19 finished with value: 2.9439594745635986 and parameters: {'gradient_clip_val': 0.37760387097505604, 'hidden_size': 21, 'dropout': 0.373518918595138, 'hidden_continuous_size': 5, 'attention_head_size': 3, 'learning_rate': 0.03515843758183986}. Best is trial 0 with value: 0.11748436838388443.
[I 2023-12-27 11:06:56,645] Trial 20 finished with value: 2.5315639972686768 and parameters: {'gradient_clip_val': 0.5562334450211425, 'hidden_size': 73, 'dropout': 0.32514163666365603, 'hidden_continuous_size': 11, 'attention_head_size': 4, 'learning_rate': 0.023676863759647775}. Best is trial 0 with value: 0.11748436838388443.
[I 2023-12-27 11:06:57,026] Trial 21 finished with value: 2.3001792430877686 and parameters: {'gradient_clip_val': 0.9913242473014403, 'hidden_size': 23, 'dropout': 0.3697153285619235, 'hidden_continuous_size': 6, 'attention_head_size': 2, 'learning_rate': 0.028424092114338634}. Best is trial 0 with value: 0.11748436838388443.
[I 2023-12-27 11:06:57,424] Trial 22 finished with value: 2.6373612880706787 and parameters: {'gradient_clip_val': 0.8168861509225483, 'hidden_size': 38, 'dropout': 0.40098195224054833, 'hidden_continuous_size': 6, 'attention_head_size': 2, 'learning_rate': 0.014600186308359533}. Best is trial 0 with value: 0.11748436838388443.
[I 2023-12-27 11:06:57,811] Trial 23 finished with value: 2.7665226459503174 and parameters: {'gradient_clip_val': 0.9584688094339339, 'hidden_size': 27, 'dropout': 0.3472485139327741, 'hidden_continuous_size': 8, 'attention_head_size': 1, 'learning_rate': 0.030218968199400422}. Best is trial 0 with value: 0.11748436838388443.
[I 2023-12-27 11:06:58,200] Trial 24 finished with value: 3.6849305629730225 and parameters: {'gradient_clip_val': 0.6646426803485103, 'hidden_size': 37, 'dropout': 0.38740520963667446, 'hidden_continuous_size': 5, 'attention_head_size': 2, 'learning_rate': 0.06772583324345677}. Best is trial 0 with value: 0.11748436838388443.
[I 2023-12-27 11:06:58,583] Trial 25 finished with value: 2.987931966781616 and parameters: {'gradient_clip_val': 0.7978237920087771, 'hidden_size': 19, 'dropout': 0.4402810230720757, 'hidden_continuous_size': 6, 'attention_head_size': 3, 'learning_rate': 0.043360777080345816}. Best is trial 0 with value: 0.11748436838388443.
[I 2023-12-27 11:06:58,969] Trial 26 finished with value: 2.3647587299346924 and parameters: {'gradient_clip_val': 0.9587249232406312, 'hidden_size': 25, 'dropout': 0.3141439867757846, 'hidden_continuous_size': 7, 'attention_head_size': 2, 'learning_rate': 0.025795033560829544}. Best is trial 0 with value: 0.11748436838388443.
[I 2023-12-27 11:06:59,326] Trial 27 finished with value: 3.7537548542022705 and parameters: {'gradient_clip_val': 0.7221801490583648, 'hidden_size': 16, 'dropout': 0.3460088845132385, 'hidden_continuous_size': 6, 'attention_head_size': 1, 'learning_rate': 0.01382591959035218}. Best is trial 0 with value: 0.11748436838388443.
[I 2023-12-27 11:06:59,727] Trial 28 finished with value: 3.2963333129882812 and parameters: {'gradient_clip_val': 0.5482296803805008, 'hidden_size': 29, 'dropout': 0.3949283020212136, 'hidden_continuous_size': 8, 'attention_head_size': 3, 'learning_rate': 0.06398522226653777}. Best is trial 0 with value: 0.11748436838388443.
[I 2023-12-27 11:07:00,119] Trial 29 finished with value: 2.3366754055023193 and parameters: {'gradient_clip_val': 0.3017910808087482, 'hidden_size': 30, 'dropout': 0.4170394785802461, 'hidden_continuous_size': 10, 'attention_head_size': 1, 'learning_rate': 0.040620024045534296}. Best is trial 0 with value: 0.11748436838388443.
[I 2023-12-27 11:07:00,500] Trial 30 finished with value: 3.1498820781707764 and parameters: {'gradient_clip_val': 0.7980324431709125, 'hidden_size': 25, 'dropout': 0.4569283603159412, 'hidden_continuous_size': 5, 'attention_head_size': 2, 'learning_rate': 0.025230322619130843}. Best is trial 0 with value: 0.11748436838388443.
[I 2023-12-27 11:07:00,898] Trial 31 finished with value: 2.176168441772461 and parameters: {'gradient_clip_val': 0.27392410780817694, 'hidden_size': 30, 'dropout': 0.4198793160535038, 'hidden_continuous_size': 10, 'attention_head_size': 1, 'learning_rate': 0.03933621450535183}. Best is trial 0 with value: 0.11748436838388443.
[I 2023-12-27 11:07:01,558] Trial 32 finished with value: 2.7412283420562744 and parameters: {'gradient_clip_val': 0.21642984230059856, 'hidden_size': 34, 'dropout': 0.4182997628342559, 'hidden_continuous_size': 9, 'attention_head_size': 1, 'learning_rate': 0.054814849418984686}. Best is trial 0 with value: 0.11748436838388443.
[I 2023-12-27 11:07:01,932] Trial 33 finished with value: 2.7443196773529053 and parameters: {'gradient_clip_val': 0.43472387603056856, 'hidden_size': 18, 'dropout': 0.38017816946599836, 'hidden_continuous_size': 7, 'attention_head_size': 1, 'learning_rate': 0.09360838800525643}. Best is trial 0 with value: 0.11748436838388443.
[I 2023-12-27 11:07:02,314] Trial 34 finished with value: 3.593022346496582 and parameters: {'gradient_clip_val': 0.6974376649064892, 'hidden_size': 11, 'dropout': 0.4151920739413629, 'hidden_continuous_size': 6, 'attention_head_size': 3, 'learning_rate': 0.02185214337516993}. Best is trial 0 with value: 0.11748436838388443.
[I 2023-12-27 11:07:02,694] Trial 35 finished with value: 2.7650320529937744 and parameters: {'gradient_clip_val': 0.9947494973978325, 'hidden_size': 24, 'dropout': 0.4368362907752665, 'hidden_continuous_size': 8, 'attention_head_size': 2, 'learning_rate': 0.031189481620795163}. Best is trial 0 with value: 0.11748436838388443.
[I 2023-12-27 11:07:03,115] Trial 36 finished with value: 3.2830355167388916 and parameters: {'gradient_clip_val': 0.8612545860597313, 'hidden_size': 42, 'dropout': 0.40003454981766773, 'hidden_continuous_size': 14, 'attention_head_size': 3, 'learning_rate': 0.07309225007785443}. Best is trial 0 with value: 0.11748436838388443.
[I 2023-12-27 11:07:03,485] Trial 37 finished with value: 1.9751814603805542 and parameters: {'gradient_clip_val': 0.4897914047622182, 'hidden_size': 12, 'dropout': 0.3506771375317571, 'hidden_continuous_size': 7, 'attention_head_size': 1, 'learning_rate': 0.04263996642317493}. Best is trial 0 with value: 0.11748436838388443.
[I 2023-12-27 11:07:03,865] Trial 38 finished with value: 2.824488878250122 and parameters: {'gradient_clip_val': 0.38981676092317447, 'hidden_size': 12, 'dropout': 0.23981359058829332, 'hidden_continuous_size': 7, 'attention_head_size': 1, 'learning_rate': 0.04918473384696446}. Best is trial 0 with value: 0.11748436838388443.
[I 2023-12-27 11:07:04,241] Trial 39 finished with value: 3.2838127613067627 and parameters: {'gradient_clip_val': 0.4840602243691457, 'hidden_size': 9, 'dropout': 0.2986987473770591, 'hidden_continuous_size': 7, 'attention_head_size': 1, 'learning_rate': 0.0394326636735449}. Best is trial 0 with value: 0.11748436838388443.
[I 2023-12-27 11:07:04,617] Trial 40 finished with value: 2.580059289932251 and parameters: {'gradient_clip_val': 0.31985759275514436, 'hidden_size': 18, 'dropout': 0.35809643006714587, 'hidden_continuous_size': 8, 'attention_head_size': 1, 'learning_rate': 0.07664128825268754}. Best is trial 0 with value: 0.11748436838388443.
[I 2023-12-27 11:07:05,028] Trial 41 finished with value: 2.946549654006958 and parameters: {'gradient_clip_val': 0.6215144653260832, 'hidden_size': 28, 'dropout': 0.34461469622172064, 'hidden_continuous_size': 10, 'attention_head_size': 1, 'learning_rate': 0.034769581998049616}. Best is trial 0 with value: 0.11748436838388443.
[I 2023-12-27 11:07:05,409] Trial 42 finished with value: 3.8145267963409424 and parameters: {'gradient_clip_val': 0.861313850873148, 'hidden_size': 14, 'dropout': 0.38001646388710614, 'hidden_continuous_size': 7, 'attention_head_size': 2, 'learning_rate': 0.053302019749939825}. Best is trial 0 with value: 0.11748436838388443.
[I 2023-12-27 11:07:05,808] Trial 43 finished with value: 2.8472900390625 and parameters: {'gradient_clip_val': 0.7348422198515617, 'hidden_size': 21, 'dropout': 0.3340863256011263, 'hidden_continuous_size': 9, 'attention_head_size': 3, 'learning_rate': 0.020665570361439595}. Best is trial 0 with value: 0.11748436838388443.
[I 2023-12-27 11:07:06,205] Trial 44 finished with value: 3.2987897396087646 and parameters: {'gradient_clip_val': 0.25970727532258026, 'hidden_size': 33, 'dropout': 0.36382728084608995, 'hidden_continuous_size': 12, 'attention_head_size': 2, 'learning_rate': 0.016106934721456925}. Best is trial 0 with value: 0.11748436838388443.
[I 2023-12-27 11:07:06,793] Trial 45 finished with value: 3.2631571292877197 and parameters: {'gradient_clip_val': 0.4385143412930098, 'hidden_size': 16, 'dropout': 0.305260758644969, 'hidden_continuous_size': 6, 'attention_head_size': 4, 'learning_rate': 0.03038672501065447}. Best is trial 0 with value: 0.11748436838388443.
[I 2023-12-27 11:07:07,184] Trial 46 finished with value: 2.8188798427581787 and parameters: {'gradient_clip_val': 0.6014754841017836, 'hidden_size': 22, 'dropout': 0.40237824895642527, 'hidden_continuous_size': 9, 'attention_head_size': 1, 'learning_rate': 0.040810992398175504}. Best is trial 0 with value: 0.11748436838388443.
[I 2023-12-27 11:07:07,561] Trial 47 finished with value: 3.2272284030914307 and parameters: {'gradient_clip_val': 0.8886608037604652, 'hidden_size': 7, 'dropout': 0.44937754420655196, 'hidden_continuous_size': 6, 'attention_head_size': 2, 'learning_rate': 0.09864843927141027}. Best is trial 0 with value: 0.11748436838388443.
[I 2023-12-27 11:07:07,954] Trial 48 finished with value: 2.9673941135406494 and parameters: {'gradient_clip_val': 0.7460851354201803, 'hidden_size': 40, 'dropout': 0.47413278145637494, 'hidden_continuous_size': 5, 'attention_head_size': 1, 'learning_rate': 0.02528974800272117}. Best is trial 0 with value: 0.11748436838388443.
[I 2023-12-27 11:07:08,350] Trial 49 finished with value: 3.128577470779419 and parameters: {'gradient_clip_val': 0.6510068104722023, 'hidden_size': 33, 'dropout': 0.3757258923969668, 'hidden_continuous_size': 10, 'attention_head_size': 3, 'learning_rate': 0.012480402711736055}. Best is trial 0 with value: 0.11748436838388443.
[I 2023-12-27 11:07:08,468] A new study created in memory with name: no-name-eb1a5296-408a-4c4d-917e-83b572f009ac
/home/le004/conda/anaconda3/envs/tsff_env/lib/python3.9/site-packages/lightning/fabric/plugins/environments/slurm.py:191: The `srun` command is available on your system but is not used. HINT: If your intention is to run Lightning on SLURM, prepend your python command with `srun` like so: srun python /home/le004/master_thesis/git/TSFusionForecast/code/ ...
[I 2023-12-27 11:07:39,066] Trial 0 finished with value: 0.9643546938896179 and parameters: {'gradient_clip_val': 0.14923992848317652, 'hidden_size': 8, 'dropout': 0.31817836807114974, 'hidden_continuous_size': 6, 'attention_head_size': 3, 'learning_rate': 0.0043293514762621325}. Best is trial 0 with value: 0.9643546938896179.
[I 2023-12-27 11:08:09,769] Trial 1 finished with value: 0.07500437647104263 and parameters: {'gradient_clip_val': 0.48811238428386766, 'hidden_size': 6, 'dropout': 0.3511389559734214, 'hidden_continuous_size': 5, 'attention_head_size': 3, 'learning_rate': 0.08635727250525094}. Best is trial 1 with value: 0.07500437647104263.
[I 2023-12-27 11:08:22,541] Trial 2 finished with value: 2.1869585514068604 and parameters: {'gradient_clip_val': 0.11805975446064193, 'hidden_size': 120, 'dropout': 0.3501187892613934, 'hidden_continuous_size': 6, 'attention_head_size': 1, 'learning_rate': 0.0006837213474322008}. Best is trial 1 with value: 0.07500437647104263.
[I 2023-12-27 11:08:23,253] Trial 3 finished with value: 2.8410532474517822 and parameters: {'gradient_clip_val': 0.6612169881232591, 'hidden_size': 97, 'dropout': 0.17609243039466593, 'hidden_continuous_size': 12, 'attention_head_size': 1, 'learning_rate': 0.0025767299232771147}. Best is trial 1 with value: 0.07500437647104263.
[I 2023-12-27 11:08:23,752] Trial 4 finished with value: 3.3943660259246826 and parameters: {'gradient_clip_val': 0.5968266029899189, 'hidden_size': 88, 'dropout': 0.43038151472090813, 'hidden_continuous_size': 62, 'attention_head_size': 4, 'learning_rate': 0.01431732175176735}. Best is trial 1 with value: 0.07500437647104263.
[I 2023-12-27 11:08:24,228] Trial 5 finished with value: 2.5128743648529053 and parameters: {'gradient_clip_val': 0.25109332021944986, 'hidden_size': 69, 'dropout': 0.3171642819590979, 'hidden_continuous_size': 53, 'attention_head_size': 1, 'learning_rate': 0.03799541293680529}. Best is trial 1 with value: 0.07500437647104263.
[I 2023-12-27 11:08:24,638] Trial 6 finished with value: 3.9769365787506104 and parameters: {'gradient_clip_val': 0.35808869483688033, 'hidden_size': 49, 'dropout': 0.13515116485002956, 'hidden_continuous_size': 5, 'attention_head_size': 2, 'learning_rate': 0.054515086822139236}. Best is trial 1 with value: 0.07500437647104263.
[I 2023-12-27 11:08:25,038] Trial 7 finished with value: 3.471210241317749 and parameters: {'gradient_clip_val': 0.5652243209929134, 'hidden_size': 26, 'dropout': 0.1786302443983613, 'hidden_continuous_size': 8, 'attention_head_size': 3, 'learning_rate': 0.0008186521678681672}. Best is trial 1 with value: 0.07500437647104263.
[I 2023-12-27 11:08:25,429] Trial 8 finished with value: 2.8991575241088867 and parameters: {'gradient_clip_val': 0.12171597242158552, 'hidden_size': 22, 'dropout': 0.4184123642942026, 'hidden_continuous_size': 5, 'attention_head_size': 2, 'learning_rate': 0.0007851016987573488}. Best is trial 1 with value: 0.07500437647104263.
[I 2023-12-27 11:08:25,796] Trial 9 finished with value: 3.239607572555542 and parameters: {'gradient_clip_val': 0.44016288436375517, 'hidden_size': 9, 'dropout': 0.3571638248189969, 'hidden_continuous_size': 7, 'attention_head_size': 1, 'learning_rate': 0.08621462133163045}. Best is trial 1 with value: 0.07500437647104263.
[I 2023-12-27 11:08:26,183] Trial 10 finished with value: 3.3169219493865967 and parameters: {'gradient_clip_val': 0.9019456105705065, 'hidden_size': 7, 'dropout': 0.49560129742075876, 'hidden_continuous_size': 5, 'attention_head_size': 4, 'learning_rate': 0.016864705566467252}. Best is trial 1 with value: 0.07500437647104263.
[I 2023-12-27 11:08:26,565] Trial 11 finished with value: 3.132021188735962 and parameters: {'gradient_clip_val': 0.22952338491780971, 'hidden_size': 6, 'dropout': 0.2641478417993422, 'hidden_continuous_size': 5, 'attention_head_size': 3, 'learning_rate': 0.0053387898454447975}. Best is trial 1 with value: 0.07500437647104263.
[I 2023-12-27 11:08:26,966] Trial 12 finished with value: 3.3116836547851562 and parameters: {'gradient_clip_val': 0.16869317274159754, 'hidden_size': 12, 'dropout': 0.26404782906014374, 'hidden_continuous_size': 6, 'attention_head_size': 3, 'learning_rate': 0.09359373022567545}. Best is trial 1 with value: 0.07500437647104263.
[I 2023-12-27 11:08:27,321] Trial 13 finished with value: 2.849720001220703 and parameters: {'gradient_clip_val': 0.32014443432243195, 'hidden_size': 5, 'dropout': 0.2760861208048628, 'hidden_continuous_size': 5, 'attention_head_size': 3, 'learning_rate': 0.004429352117067774}. Best is trial 1 with value: 0.07500437647104263.
[I 2023-12-27 11:08:27,718] Trial 14 finished with value: 3.2022478580474854 and parameters: {'gradient_clip_val': 0.18836132898700483, 'hidden_size': 12, 'dropout': 0.33180569703423074, 'hidden_continuous_size': 6, 'attention_head_size': 4, 'learning_rate': 0.01724475361657574}. Best is trial 1 with value: 0.07500437647104263.
[I 2023-12-27 11:08:28,071] Trial 15 finished with value: 3.664731979370117 and parameters: {'gradient_clip_val': 0.10596692902414313, 'hidden_size': 5, 'dropout': 0.22655240638664065, 'hidden_continuous_size': 5, 'attention_head_size': 2, 'learning_rate': 0.002382714268175111}. Best is trial 1 with value: 0.07500437647104263.
[I 2023-12-27 11:08:28,735] Trial 16 finished with value: 3.5538604259490967 and parameters: {'gradient_clip_val': 0.4298233828701671, 'hidden_size': 15, 'dropout': 0.3956345309590765, 'hidden_continuous_size': 6, 'attention_head_size': 3, 'learning_rate': 0.009313238383059658}. Best is trial 1 with value: 0.07500437647104263.
[I 2023-12-27 11:08:29,119] Trial 17 finished with value: 4.143148422241211 and parameters: {'gradient_clip_val': 0.25954124502947734, 'hidden_size': 8, 'dropout': 0.3008199041444476, 'hidden_continuous_size': 5, 'attention_head_size': 2, 'learning_rate': 0.030725770051789073}. Best is trial 1 with value: 0.07500437647104263.
[I 2023-12-27 11:08:29,487] Trial 18 finished with value: 3.107978105545044 and parameters: {'gradient_clip_val': 0.15582191258668804, 'hidden_size': 5, 'dropout': 0.3778413512772986, 'hidden_continuous_size': 5, 'attention_head_size': 4, 'learning_rate': 0.027630314429010004}. Best is trial 1 with value: 0.07500437647104263.
[I 2023-12-27 11:08:29,891] Trial 19 finished with value: 2.6195473670959473 and parameters: {'gradient_clip_val': 0.14143380074401077, 'hidden_size': 17, 'dropout': 0.3175512155704439, 'hidden_continuous_size': 7, 'attention_head_size': 3, 'learning_rate': 0.00968693078327292}. Best is trial 1 with value: 0.07500437647104263.
[I 2023-12-27 11:08:30,284] Trial 20 finished with value: 3.4488322734832764 and parameters: {'gradient_clip_val': 0.10021766105182064, 'hidden_size': 9, 'dropout': 0.3613748501959304, 'hidden_continuous_size': 6, 'attention_head_size': 2, 'learning_rate': 0.04341028805507392}. Best is trial 1 with value: 0.07500437647104263.
[I 2023-12-27 11:08:30,894] Trial 21 finished with value: 3.2436952590942383 and parameters: {'gradient_clip_val': 0.12977800918903876, 'hidden_size': 146, 'dropout': 0.3435216102951282, 'hidden_continuous_size': 10, 'attention_head_size': 3, 'learning_rate': 0.0005593180475333053}. Best is trial 1 with value: 0.07500437647104263.
[I 2023-12-27 11:08:31,324] Trial 22 finished with value: 3.347066640853882 and parameters: {'gradient_clip_val': 0.12691353251986967, 'hidden_size': 41, 'dropout': 0.29019096588707266, 'hidden_continuous_size': 9, 'attention_head_size': 1, 'learning_rate': 0.0012046342460442466}. Best is trial 1 with value: 0.07500437647104263.
[I 2023-12-27 11:08:31,760] Trial 23 finished with value: 2.8054187297821045 and parameters: {'gradient_clip_val': 0.18082260230839, 'hidden_size': 44, 'dropout': 0.38345031521677275, 'hidden_continuous_size': 8, 'attention_head_size': 2, 'learning_rate': 0.002030975897021752}. Best is trial 1 with value: 0.07500437647104263.
[I 2023-12-27 11:08:32,185] Trial 24 finished with value: 3.194805860519409 and parameters: {'gradient_clip_val': 0.1528283514946062, 'hidden_size': 30, 'dropout': 0.3342525864310396, 'hidden_continuous_size': 7, 'attention_head_size': 3, 'learning_rate': 0.0040996433478001}. Best is trial 1 with value: 0.07500437647104263.
[I 2023-12-27 11:08:32,580] Trial 25 finished with value: 2.9260756969451904 and parameters: {'gradient_clip_val': 0.20759327706967634, 'hidden_size': 7, 'dropout': 0.2408691659181489, 'hidden_continuous_size': 6, 'attention_head_size': 4, 'learning_rate': 0.0015005190700481967}. Best is trial 1 with value: 0.07500437647104263.
[I 2023-12-27 11:08:32,971] Trial 26 finished with value: 3.02065372467041 and parameters: {'gradient_clip_val': 0.10128288005862433, 'hidden_size': 11, 'dropout': 0.3109574402052686, 'hidden_continuous_size': 6, 'attention_head_size': 2, 'learning_rate': 0.0064003711968080405}. Best is trial 1 with value: 0.07500437647104263.
[I 2023-12-27 11:08:33,385] Trial 27 finished with value: 3.4978721141815186 and parameters: {'gradient_clip_val': 0.20565089191854377, 'hidden_size': 17, 'dropout': 0.35171707345648795, 'hidden_continuous_size': 7, 'attention_head_size': 3, 'learning_rate': 0.0037455815256535884}. Best is trial 1 with value: 0.07500437647104263.
[I 2023-12-27 11:08:33,771] Trial 28 finished with value: 3.3783037662506104 and parameters: {'gradient_clip_val': 0.15800061003392055, 'hidden_size': 6, 'dropout': 0.4071503264989004, 'hidden_continuous_size': 5, 'attention_head_size': 1, 'learning_rate': 0.0005104613721417491}. Best is trial 1 with value: 0.07500437647104263.
[I 2023-12-27 11:08:34,417] Trial 29 finished with value: 2.5751843452453613 and parameters: {'gradient_clip_val': 0.281224734959726, 'hidden_size': 59, 'dropout': 0.2934954510628787, 'hidden_continuous_size': 12, 'attention_head_size': 3, 'learning_rate': 0.0030752836606991168}. Best is trial 1 with value: 0.07500437647104263.
[I 2023-12-27 11:08:34,961] Trial 30 finished with value: 3.564314603805542 and parameters: {'gradient_clip_val': 0.1286482496873983, 'hidden_size': 138, 'dropout': 0.43627742203498243, 'hidden_continuous_size': 13, 'attention_head_size': 1, 'learning_rate': 0.0020913079217744347}. Best is trial 1 with value: 0.07500437647104263.
