[I 2023-12-27 11:14:32,733] Trial 33 finished with value: 3.9967567920684814 and parameters: {'gradient_clip_val': 0.1171484559448668, 'hidden_size': 59, 'dropout': 0.34839129868028706, 'hidden_continuous_size': 13, 'attention_head_size': 2, 'learning_rate': 0.0039062062065114895}. Best is trial 0 with value: 0.17468221485614777.
[I 2023-12-27 11:14:33,116] Trial 34 finished with value: 4.197564601898193 and parameters: {'gradient_clip_val': 0.15826909564678507, 'hidden_size': 33, 'dropout': 0.44336282990707354, 'hidden_continuous_size': 6, 'attention_head_size': 2, 'learning_rate': 0.0024375874424492315}. Best is trial 0 with value: 0.17468221485614777.
[I 2023-12-27 11:14:33,530] Trial 35 finished with value: 3.8243868350982666 and parameters: {'gradient_clip_val': 0.1355351169471635, 'hidden_size': 47, 'dropout': 0.3799553455905243, 'hidden_continuous_size': 16, 'attention_head_size': 2, 'learning_rate': 0.0010446723660512138}. Best is trial 0 with value: 0.17468221485614777.
[I 2023-12-27 11:14:33,960] Trial 36 finished with value: 3.4806158542633057 and parameters: {'gradient_clip_val': 0.23848419435355184, 'hidden_size': 47, 'dropout': 0.33005688751675644, 'hidden_continuous_size': 7, 'attention_head_size': 3, 'learning_rate': 0.0017921889129894127}. Best is trial 0 with value: 0.17468221485614777.
[I 2023-12-27 11:14:34,334] Trial 37 finished with value: 4.280683517456055 and parameters: {'gradient_clip_val': 0.17765999991712922, 'hidden_size': 21, 'dropout': 0.40967508252442897, 'hidden_continuous_size': 8, 'attention_head_size': 3, 'learning_rate': 0.00540947900741529}. Best is trial 0 with value: 0.17468221485614777.
[I 2023-12-27 11:14:34,708] Trial 38 finished with value: 4.0068745613098145 and parameters: {'gradient_clip_val': 0.11715590030381952, 'hidden_size': 27, 'dropout': 0.436427339948713, 'hidden_continuous_size': 10, 'attention_head_size': 1, 'learning_rate': 0.000863693144628278}. Best is trial 0 with value: 0.17468221485614777.
[I 2023-12-27 11:14:35,306] Trial 39 finished with value: 3.8227055072784424 and parameters: {'gradient_clip_val': 0.14852708218835448, 'hidden_size': 149, 'dropout': 0.36280113513249707, 'hidden_continuous_size': 46, 'attention_head_size': 2, 'learning_rate': 0.0037768087036811706}. Best is trial 0 with value: 0.17468221485614777.
[I 2023-12-27 11:14:35,704] Trial 40 finished with value: 4.638759136199951 and parameters: {'gradient_clip_val': 0.19218760002759194, 'hidden_size': 41, 'dropout': 0.30766579898443713, 'hidden_continuous_size': 6, 'attention_head_size': 3, 'learning_rate': 0.0022730073711718763}. Best is trial 0 with value: 0.17468221485614777.
[I 2023-12-27 11:14:36,464] Trial 41 finished with value: 3.3434410095214844 and parameters: {'gradient_clip_val': 0.11228440722438972, 'hidden_size': 103, 'dropout': 0.24135534405545966, 'hidden_continuous_size': 90, 'attention_head_size': 2, 'learning_rate': 0.05859853144492421}. Best is trial 0 with value: 0.17468221485614777.
[I 2023-12-27 11:14:37,000] Trial 42 finished with value: 3.181633710861206 and parameters: {'gradient_clip_val': 0.11377462626901996, 'hidden_size': 126, 'dropout': 0.33746791999709363, 'hidden_continuous_size': 37, 'attention_head_size': 2, 'learning_rate': 0.042378422704058866}. Best is trial 0 with value: 0.17468221485614777.
[I 2023-12-27 11:14:37,456] Trial 43 finished with value: 3.9502525329589844 and parameters: {'gradient_clip_val': 0.13149535108978497, 'hidden_size': 89, 'dropout': 0.4722498602575443, 'hidden_continuous_size': 13, 'attention_head_size': 2, 'learning_rate': 0.0014347335462959686}. Best is trial 0 with value: 0.17468221485614777.
[I 2023-12-27 11:14:38,052] Trial 44 finished with value: 4.881033420562744 and parameters: {'gradient_clip_val': 0.1560813662447111, 'hidden_size': 121, 'dropout': 0.28820046646271963, 'hidden_continuous_size': 120, 'attention_head_size': 4, 'learning_rate': 0.019692163333742397}. Best is trial 0 with value: 0.17468221485614777.
[I 2023-12-27 11:14:38,576] Trial 45 finished with value: 5.882673740386963 and parameters: {'gradient_clip_val': 0.13371594052528762, 'hidden_size': 109, 'dropout': 0.411969730521045, 'hidden_continuous_size': 26, 'attention_head_size': 2, 'learning_rate': 0.09709308679305133}. Best is trial 0 with value: 0.17468221485614777.
[I 2023-12-27 11:14:39,149] Trial 46 finished with value: 3.432210683822632 and parameters: {'gradient_clip_val': 0.11318640854246549, 'hidden_size': 145, 'dropout': 0.43509711380065286, 'hidden_continuous_size': 21, 'attention_head_size': 1, 'learning_rate': 0.008540098083280103}. Best is trial 0 with value: 0.17468221485614777.
[I 2023-12-27 11:14:39,626] Trial 47 finished with value: 2.6882760524749756 and parameters: {'gradient_clip_val': 0.2584960271890323, 'hidden_size': 89, 'dropout': 0.2704287674892284, 'hidden_continuous_size': 32, 'attention_head_size': 4, 'learning_rate': 0.001958229971256301}. Best is trial 0 with value: 0.17468221485614777.
[I 2023-12-27 11:14:40,064] Trial 48 finished with value: 4.595151901245117 and parameters: {'gradient_clip_val': 0.2436202456038891, 'hidden_size': 60, 'dropout': 0.24623876486085752, 'hidden_continuous_size': 5, 'attention_head_size': 4, 'learning_rate': 0.0020894224920347537}. Best is trial 0 with value: 0.17468221485614777.
[I 2023-12-27 11:14:40,531] Trial 49 finished with value: 2.929659605026245 and parameters: {'gradient_clip_val': 0.3000581248508375, 'hidden_size': 86, 'dropout': 0.3144647539190135, 'hidden_continuous_size': 16, 'attention_head_size': 4, 'learning_rate': 0.0028428230790275783}. Best is trial 0 with value: 0.17468221485614777.
[I 2023-12-27 11:14:40,639] A new study created in memory with name: no-name-416b879a-e314-4632-ae8d-1245ffdd0dfc
/home/le004/conda/anaconda3/envs/tsff_env/lib/python3.9/site-packages/lightning/fabric/plugins/environments/slurm.py:191: The `srun` command is available on your system but is not used. HINT: If your intention is to run Lightning on SLURM, prepend your python command with `srun` like so: srun python /home/le004/master_thesis/git/TSFusionForecast/code/ ...
[I 2023-12-27 11:15:07,286] Trial 0 finished with value: 0.1967882663011551 and parameters: {'gradient_clip_val': 0.3632521426876964, 'hidden_size': 5, 'dropout': 0.40855130677393736, 'hidden_continuous_size': 5, 'attention_head_size': 2, 'learning_rate': 0.020379657433631317}. Best is trial 0 with value: 0.1967882663011551.
[I 2023-12-27 11:15:18,491] Trial 1 finished with value: 0.22931061685085297 and parameters: {'gradient_clip_val': 0.10568765652883602, 'hidden_size': 32, 'dropout': 0.3366031201729021, 'hidden_continuous_size': 23, 'attention_head_size': 3, 'learning_rate': 0.020612049498208}. Best is trial 0 with value: 0.1967882663011551.
[I 2023-12-27 11:15:18,834] Trial 2 finished with value: 2.7632668018341064 and parameters: {'gradient_clip_val': 0.1795571806923706, 'hidden_size': 12, 'dropout': 0.16968004382270033, 'hidden_continuous_size': 9, 'attention_head_size': 1, 'learning_rate': 0.019201775307457623}. Best is trial 0 with value: 0.1967882663011551.
[I 2023-12-27 11:15:19,221] Trial 3 finished with value: 3.149907112121582 and parameters: {'gradient_clip_val': 0.12391260567406027, 'hidden_size': 48, 'dropout': 0.3072103910158082, 'hidden_continuous_size': 31, 'attention_head_size': 1, 'learning_rate': 0.021882411985829343}. Best is trial 0 with value: 0.1967882663011551.
[I 2023-12-27 11:15:19,551] Trial 4 finished with value: 2.5052669048309326 and parameters: {'gradient_clip_val': 0.4746868713797773, 'hidden_size': 6, 'dropout': 0.33921373248546105, 'hidden_continuous_size': 5, 'attention_head_size': 2, 'learning_rate': 0.005865281880369552}. Best is trial 0 with value: 0.1967882663011551.
[I 2023-12-27 11:15:19,898] Trial 5 finished with value: 2.8818559646606445 and parameters: {'gradient_clip_val': 0.719248682235359, 'hidden_size': 14, 'dropout': 0.18678920724042705, 'hidden_continuous_size': 8, 'attention_head_size': 2, 'learning_rate': 0.000735322590109199}. Best is trial 0 with value: 0.1967882663011551.
[I 2023-12-27 11:15:20,243] Trial 6 finished with value: 3.3902461528778076 and parameters: {'gradient_clip_val': 0.12454466025797709, 'hidden_size': 8, 'dropout': 0.48689830529564604, 'hidden_continuous_size': 6, 'attention_head_size': 4, 'learning_rate': 0.002636561692277401}. Best is trial 0 with value: 0.1967882663011551.
[I 2023-12-27 11:15:20,591] Trial 7 finished with value: 3.5897433757781982 and parameters: {'gradient_clip_val': 0.12039361850678937, 'hidden_size': 12, 'dropout': 0.32803411832099116, 'hidden_continuous_size': 7, 'attention_head_size': 1, 'learning_rate': 0.04924268930061576}. Best is trial 0 with value: 0.1967882663011551.
[I 2023-12-27 11:15:20,928] Trial 8 finished with value: 2.7247135639190674 and parameters: {'gradient_clip_val': 0.1537027531996498, 'hidden_size': 16, 'dropout': 0.4531674975069533, 'hidden_continuous_size': 5, 'attention_head_size': 4, 'learning_rate': 0.018458035396990133}. Best is trial 0 with value: 0.1967882663011551.
[I 2023-12-27 11:15:21,275] Trial 9 finished with value: 2.51407790184021 and parameters: {'gradient_clip_val': 0.8064957764218376, 'hidden_size': 17, 'dropout': 0.41338473853285096, 'hidden_continuous_size': 5, 'attention_head_size': 2, 'learning_rate': 0.001757170709090643}. Best is trial 0 with value: 0.1967882663011551.
[I 2023-12-27 11:15:21,895] Trial 10 finished with value: 2.506603479385376 and parameters: {'gradient_clip_val': 0.29045164196945317, 'hidden_size': 130, 'dropout': 0.4078537631586797, 'hidden_continuous_size': 122, 'attention_head_size': 3, 'learning_rate': 0.08943133425837455}. Best is trial 0 with value: 0.1967882663011551.
[I 2023-12-27 11:15:22,280] Trial 11 finished with value: 3.564227342605591 and parameters: {'gradient_clip_val': 0.24694697054227926, 'hidden_size': 34, 'dropout': 0.2605377052677243, 'hidden_continuous_size': 13, 'attention_head_size': 3, 'learning_rate': 0.009757043291309487}. Best is trial 0 with value: 0.1967882663011551.
[I 2023-12-27 11:15:22,614] Trial 12 finished with value: 3.2887518405914307 and parameters: {'gradient_clip_val': 0.3806790464819627, 'hidden_size': 5, 'dropout': 0.38308534075711287, 'hidden_continuous_size': 5, 'attention_head_size': 3, 'learning_rate': 0.05043897254123829}. Best is trial 0 with value: 0.1967882663011551.
[I 2023-12-27 11:15:22,994] Trial 13 finished with value: 3.6614484786987305 and parameters: {'gradient_clip_val': 0.1001869140373366, 'hidden_size': 25, 'dropout': 0.3790230236697425, 'hidden_continuous_size': 11, 'attention_head_size': 3, 'learning_rate': 0.008885801143533437}. Best is trial 0 with value: 0.1967882663011551.
[I 2023-12-27 11:15:23,543] Trial 14 finished with value: 2.2180252075195312 and parameters: {'gradient_clip_val': 0.20383348195944453, 'hidden_size': 5, 'dropout': 0.25693764735462765, 'hidden_continuous_size': 5, 'attention_head_size': 2, 'learning_rate': 0.03359593936115834}. Best is trial 0 with value: 0.1967882663011551.
[I 2023-12-27 11:15:23,965] Trial 15 finished with value: 3.0905563831329346 and parameters: {'gradient_clip_val': 0.2299986428241142, 'hidden_size': 52, 'dropout': 0.4564644587666691, 'hidden_continuous_size': 19, 'attention_head_size': 4, 'learning_rate': 0.09779564218083843}. Best is trial 0 with value: 0.1967882663011551.
[I 2023-12-27 11:15:24,318] Trial 16 finished with value: 3.0883941650390625 and parameters: {'gradient_clip_val': 0.35528808246170057, 'hidden_size': 8, 'dropout': 0.351467178730436, 'hidden_continuous_size': 6, 'attention_head_size': 2, 'learning_rate': 0.015502427531096786}. Best is trial 0 with value: 0.1967882663011551.
[I 2023-12-27 11:15:24,696] Trial 17 finished with value: 1.8324142694473267 and parameters: {'gradient_clip_val': 0.17864161238648438, 'hidden_size': 24, 'dropout': 0.2928365884690042, 'hidden_continuous_size': 7, 'attention_head_size': 3, 'learning_rate': 0.005273430553658746}. Best is trial 0 with value: 0.1967882663011551.
[I 2023-12-27 11:15:25,061] Trial 18 finished with value: 3.4618186950683594 and parameters: {'gradient_clip_val': 0.28654809763673933, 'hidden_size': 9, 'dropout': 0.13644394127962428, 'hidden_continuous_size': 6, 'attention_head_size': 2, 'learning_rate': 0.036361456922550765}. Best is trial 0 with value: 0.1967882663011551.
[I 2023-12-27 11:15:25,433] Trial 19 finished with value: 2.623806953430176 and parameters: {'gradient_clip_val': 0.4960947367574971, 'hidden_size': 20, 'dropout': 0.4201980555547487, 'hidden_continuous_size': 10, 'attention_head_size': 3, 'learning_rate': 0.011793022447045151}. Best is trial 0 with value: 0.1967882663011551.
[I 2023-12-27 11:15:25,818] Trial 20 finished with value: 2.7801294326782227 and parameters: {'gradient_clip_val': 0.24644455620026415, 'hidden_size': 32, 'dropout': 0.497676978697435, 'hidden_continuous_size': 13, 'attention_head_size': 4, 'learning_rate': 0.006303489019875597}. Best is trial 0 with value: 0.1967882663011551.
[I 2023-12-27 11:15:26,221] Trial 21 finished with value: 3.1046340465545654 and parameters: {'gradient_clip_val': 0.15739524838376512, 'hidden_size': 24, 'dropout': 0.28095262296051615, 'hidden_continuous_size': 7, 'attention_head_size': 3, 'learning_rate': 0.0037609615913572997}. Best is trial 0 with value: 0.1967882663011551.
[I 2023-12-27 11:15:26,590] Trial 22 finished with value: 4.254017353057861 and parameters: {'gradient_clip_val': 0.17892367061681375, 'hidden_size': 10, 'dropout': 0.30427963258429785, 'hidden_continuous_size': 6, 'attention_head_size': 3, 'learning_rate': 0.012215741574210034}. Best is trial 0 with value: 0.1967882663011551.
[I 2023-12-27 11:15:26,956] Trial 23 finished with value: 2.7126245498657227 and parameters: {'gradient_clip_val': 0.10684394148396538, 'hidden_size': 7, 'dropout': 0.3621403428910159, 'hidden_continuous_size': 5, 'attention_head_size': 3, 'learning_rate': 0.007210579860999539}. Best is trial 0 with value: 0.1967882663011551.
[I 2023-12-27 11:15:27,332] Trial 24 finished with value: 3.7407476902008057 and parameters: {'gradient_clip_val': 0.14136471278937426, 'hidden_size': 19, 'dropout': 0.23411632953399747, 'hidden_continuous_size': 7, 'attention_head_size': 2, 'learning_rate': 0.022596173213757734}. Best is trial 0 with value: 0.1967882663011551.
[I 2023-12-27 11:15:27,696] Trial 25 finished with value: 2.455484390258789 and parameters: {'gradient_clip_val': 0.20209854979845085, 'hidden_size': 6, 'dropout': 0.323981608974282, 'hidden_continuous_size': 5, 'attention_head_size': 3, 'learning_rate': 0.00520971849008532}. Best is trial 0 with value: 0.1967882663011551.
[I 2023-12-27 11:15:28,062] Trial 26 finished with value: 2.089012861251831 and parameters: {'gradient_clip_val': 0.14707626583770178, 'hidden_size': 11, 'dropout': 0.3532208387580611, 'hidden_continuous_size': 6, 'attention_head_size': 4, 'learning_rate': 0.013074144221325072}. Best is trial 0 with value: 0.1967882663011551.
[I 2023-12-27 11:15:28,686] Trial 27 finished with value: 2.320878744125366 and parameters: {'gradient_clip_val': 0.1093335437889347, 'hidden_size': 15, 'dropout': 0.2822464432556746, 'hidden_continuous_size': 8, 'attention_head_size': 2, 'learning_rate': 0.008359807225917795}. Best is trial 0 with value: 0.1967882663011551.
[I 2023-12-27 11:15:29,063] Trial 28 finished with value: 3.187591314315796 and parameters: {'gradient_clip_val': 0.17732451852839276, 'hidden_size': 9, 'dropout': 0.39255510613893196, 'hidden_continuous_size': 6, 'attention_head_size': 1, 'learning_rate': 0.027172513402129332}. Best is trial 0 with value: 0.1967882663011551.
[I 2023-12-27 11:15:29,452] Trial 29 finished with value: 2.36350154876709 and parameters: {'gradient_clip_val': 0.13306059208411716, 'hidden_size': 31, 'dropout': 0.323851739460425, 'hidden_continuous_size': 9, 'attention_head_size': 1, 'learning_rate': 0.017243253438704847}. Best is trial 0 with value: 0.1967882663011551.
[I 2023-12-27 11:15:29,825] Trial 30 finished with value: 3.3183434009552 and parameters: {'gradient_clip_val': 0.16069360041878242, 'hidden_size': 13, 'dropout': 0.22131819808532865, 'hidden_continuous_size': 7, 'attention_head_size': 3, 'learning_rate': 0.013149228488265769}. Best is trial 0 with value: 0.1967882663011551.
[I 2023-12-27 11:15:30,203] Trial 31 finished with value: 3.545607805252075 and parameters: {'gradient_clip_val': 0.13744056054902315, 'hidden_size': 11, 'dropout': 0.35835447488772904, 'hidden_continuous_size': 6, 'attention_head_size': 4, 'learning_rate': 0.013601209645835412}. Best is trial 0 with value: 0.1967882663011551.
[I 2023-12-27 11:15:30,580] Trial 32 finished with value: 3.5744411945343018 and parameters: {'gradient_clip_val': 0.1167265536272703, 'hidden_size': 10, 'dropout': 0.30717238097715066, 'hidden_continuous_size': 6, 'attention_head_size': 4, 'learning_rate': 0.022007240546252485}. Best is trial 0 with value: 0.1967882663011551.
[I 2023-12-27 11:15:30,946] Trial 33 finished with value: 3.0591118335723877 and parameters: {'gradient_clip_val': 0.1024328001284089, 'hidden_size': 7, 'dropout': 0.3583535462359455, 'hidden_continuous_size': 5, 'attention_head_size': 4, 'learning_rate': 0.010225034074980634}. Best is trial 0 with value: 0.1967882663011551.
[I 2023-12-27 11:15:31,313] Trial 34 finished with value: 2.7938392162323 and parameters: {'gradient_clip_val': 0.1441677826460885, 'hidden_size': 12, 'dropout': 0.3424218682648905, 'hidden_continuous_size': 7, 'attention_head_size': 2, 'learning_rate': 0.017330423256987824}. Best is trial 0 with value: 0.1967882663011551.
[I 2023-12-27 11:15:31,650] Trial 35 finished with value: 3.038393020629883 and parameters: {'gradient_clip_val': 0.1249551002364749, 'hidden_size': 5, 'dropout': 0.3226120309716249, 'hidden_continuous_size': 5, 'attention_head_size': 4, 'learning_rate': 0.026600653611002906}. Best is trial 0 with value: 0.1967882663011551.
[I 2023-12-27 11:15:32,029] Trial 36 finished with value: 2.7680137157440186 and parameters: {'gradient_clip_val': 0.16637989111032003, 'hidden_size': 14, 'dropout': 0.37318021712316024, 'hidden_continuous_size': 8, 'attention_head_size': 3, 'learning_rate': 0.0049842593628483004}. Best is trial 0 with value: 0.1967882663011551.
[I 2023-12-27 11:15:32,381] Trial 37 finished with value: 3.1278789043426514 and parameters: {'gradient_clip_val': 0.11987981441898593, 'hidden_size': 6, 'dropout': 0.34072399426840627, 'hidden_continuous_size': 5, 'attention_head_size': 1, 'learning_rate': 0.00935512640703983}. Best is trial 0 with value: 0.1967882663011551.
[I 2023-12-27 11:15:32,787] Trial 38 finished with value: 2.3981597423553467 and parameters: {'gradient_clip_val': 0.1970786347064804, 'hidden_size': 41, 'dropout': 0.4016540427997316, 'hidden_continuous_size': 17, 'attention_head_size': 4, 'learning_rate': 0.007187161077811612}. Best is trial 0 with value: 0.1967882663011551.
[I 2023-12-27 11:15:33,154] Trial 39 finished with value: 2.956146478652954 and parameters: {'gradient_clip_val': 0.14946238255561314, 'hidden_size': 19, 'dropout': 0.3055281096411834, 'hidden_continuous_size': 9, 'attention_head_size': 2, 'learning_rate': 0.014245382384529605}. Best is trial 0 with value: 0.1967882663011551.
[I 2023-12-27 11:15:33,741] Trial 40 finished with value: 2.317209243774414 and parameters: {'gradient_clip_val': 0.11465100824089491, 'hidden_size': 12, 'dropout': 0.41831899569232317, 'hidden_continuous_size': 7, 'attention_head_size': 3, 'learning_rate': 0.018843138292977728}. Best is trial 0 with value: 0.1967882663011551.
[I 2023-12-27 11:15:34,075] Trial 41 finished with value: 2.4191935062408447 and parameters: {'gradient_clip_val': 0.20798258343180678, 'hidden_size': 5, 'dropout': 0.2765411564320188, 'hidden_continuous_size': 5, 'attention_head_size': 2, 'learning_rate': 0.033686358571866346}. Best is trial 0 with value: 0.1967882663011551.
[I 2023-12-27 11:15:34,408] Trial 42 finished with value: 2.6808531284332275 and parameters: {'gradient_clip_val': 0.18112828767052747, 'hidden_size': 5, 'dropout': 0.2593811673390702, 'hidden_continuous_size': 5, 'attention_head_size': 2, 'learning_rate': 0.021603201533188215}. Best is trial 0 with value: 0.1967882663011551.
[I 2023-12-27 11:15:34,767] Trial 43 finished with value: 2.9346258640289307 and parameters: {'gradient_clip_val': 0.12549709679159685, 'hidden_size': 7, 'dropout': 0.3362506359729772, 'hidden_continuous_size': 5, 'attention_head_size': 2, 'learning_rate': 0.04730028392981533}. Best is trial 0 with value: 0.1967882663011551.
[I 2023-12-27 11:15:35,123] Trial 44 finished with value: 3.502653121948242 and parameters: {'gradient_clip_val': 0.1356822396480533, 'hidden_size': 6, 'dropout': 0.2921836015962645, 'hidden_continuous_size': 5, 'attention_head_size': 2, 'learning_rate': 0.03633033188962007}. Best is trial 0 with value: 0.1967882663011551.
[I 2023-12-27 11:15:35,484] Trial 45 finished with value: 2.3175952434539795 and parameters: {'gradient_clip_val': 0.16254815550978963, 'hidden_size': 8, 'dropout': 0.3828498373766626, 'hidden_continuous_size': 6, 'attention_head_size': 1, 'learning_rate': 0.01081198188644397}. Best is trial 0 with value: 0.1967882663011551.
[I 2023-12-27 11:15:35,852] Trial 46 finished with value: 2.727853536605835 and parameters: {'gradient_clip_val': 0.22550570157593788, 'hidden_size': 17, 'dropout': 0.32423037812036776, 'hidden_continuous_size': 8, 'attention_head_size': 3, 'learning_rate': 0.06668913014328014}. Best is trial 0 with value: 0.1967882663011551.
[I 2023-12-27 11:15:36,232] Trial 47 finished with value: 2.96734881401062 and parameters: {'gradient_clip_val': 0.18918513290461908, 'hidden_size': 15, 'dropout': 0.43896266829534125, 'hidden_continuous_size': 6, 'attention_head_size': 2, 'learning_rate': 0.017614170305178537}. Best is trial 0 with value: 0.1967882663011551.
