[I 2023-12-27 10:56:11,313] Trial 43 finished with value: 3.2095115184783936 and parameters: {'gradient_clip_val': 0.21284479660936692, 'hidden_size': 34, 'dropout': 0.3210191075770501, 'hidden_continuous_size': 8, 'attention_head_size': 4, 'learning_rate': 0.0443209924832487}. Best is trial 0 with value: 0.6806092858314514.
[I 2023-12-27 10:56:11,904] Trial 44 finished with value: 3.2546730041503906 and parameters: {'gradient_clip_val': 0.19417349934371536, 'hidden_size': 15, 'dropout': 0.30273801905965164, 'hidden_continuous_size': 6, 'attention_head_size': 4, 'learning_rate': 0.06434109928942613}. Best is trial 0 with value: 0.6806092858314514.
[I 2023-12-27 10:56:12,283] Trial 45 finished with value: 3.480652093887329 and parameters: {'gradient_clip_val': 0.24236742788916849, 'hidden_size': 24, 'dropout': 0.28458264012573475, 'hidden_continuous_size': 7, 'attention_head_size': 4, 'learning_rate': 0.03628971175274241}. Best is trial 0 with value: 0.6806092858314514.
[I 2023-12-27 10:56:12,722] Trial 46 finished with value: 2.596757173538208 and parameters: {'gradient_clip_val': 0.2641871961766141, 'hidden_size': 54, 'dropout': 0.3431443471778412, 'hidden_continuous_size': 11, 'attention_head_size': 4, 'learning_rate': 0.08669012950130964}. Best is trial 0 with value: 0.6806092858314514.
[I 2023-12-27 10:56:13,111] Trial 47 finished with value: 2.8521525859832764 and parameters: {'gradient_clip_val': 0.21637974070433702, 'hidden_size': 40, 'dropout': 0.25027541048570434, 'hidden_continuous_size': 5, 'attention_head_size': 3, 'learning_rate': 0.06065653323219403}. Best is trial 0 with value: 0.6806092858314514.
[I 2023-12-27 10:56:13,481] Trial 48 finished with value: 3.863284111022949 and parameters: {'gradient_clip_val': 0.16781220628823115, 'hidden_size': 21, 'dropout': 0.3240321092392381, 'hidden_continuous_size': 9, 'attention_head_size': 3, 'learning_rate': 0.053958498862184776}. Best is trial 0 with value: 0.6806092858314514.
[I 2023-12-27 10:56:13,862] Trial 49 finished with value: 3.9804842472076416 and parameters: {'gradient_clip_val': 0.14031238315525926, 'hidden_size': 29, 'dropout': 0.2961476292995876, 'hidden_continuous_size': 10, 'attention_head_size': 4, 'learning_rate': 0.08092327862216715}. Best is trial 0 with value: 0.6806092858314514.
[I 2023-12-27 10:56:13,972] A new study created in memory with name: no-name-5263824a-9831-49f5-b66a-92e7dcd7fdf7
/home/le004/conda/anaconda3/envs/tsff_env/lib/python3.9/site-packages/lightning/fabric/plugins/environments/slurm.py:191: The `srun` command is available on your system but is not used. HINT: If your intention is to run Lightning on SLURM, prepend your python command with `srun` like so: srun python /home/le004/master_thesis/git/TSFusionForecast/code/ ...
[I 2023-12-27 10:56:49,841] Trial 0 finished with value: 0.09598392993211746 and parameters: {'gradient_clip_val': 0.11576164383656923, 'hidden_size': 45, 'dropout': 0.39819232915102387, 'hidden_continuous_size': 10, 'attention_head_size': 1, 'learning_rate': 0.042469704984541036}. Best is trial 0 with value: 0.09598392993211746.
[I 2023-12-27 10:56:59,121] Trial 1 finished with value: 1.0441116094589233 and parameters: {'gradient_clip_val': 0.7843818186211683, 'hidden_size': 19, 'dropout': 0.4549255184250115, 'hidden_continuous_size': 6, 'attention_head_size': 1, 'learning_rate': 0.019559358170476854}. Best is trial 0 with value: 0.09598392993211746.
[I 2023-12-27 10:56:59,475] Trial 2 finished with value: 4.044003963470459 and parameters: {'gradient_clip_val': 0.5258766407366964, 'hidden_size': 24, 'dropout': 0.47636150515675324, 'hidden_continuous_size': 9, 'attention_head_size': 4, 'learning_rate': 0.0006529983916260569}. Best is trial 0 with value: 0.09598392993211746.
[I 2023-12-27 10:56:59,806] Trial 3 finished with value: 4.415120601654053 and parameters: {'gradient_clip_val': 0.73801101350883, 'hidden_size': 16, 'dropout': 0.4990106998218554, 'hidden_continuous_size': 14, 'attention_head_size': 2, 'learning_rate': 0.001353857683902007}. Best is trial 0 with value: 0.09598392993211746.
[I 2023-12-27 10:57:00,193] Trial 4 finished with value: 3.3356521129608154 and parameters: {'gradient_clip_val': 0.12474943715904992, 'hidden_size': 47, 'dropout': 0.1403757304202732, 'hidden_continuous_size': 6, 'attention_head_size': 4, 'learning_rate': 0.024811229098058232}. Best is trial 0 with value: 0.09598392993211746.
[I 2023-12-27 10:57:00,742] Trial 5 finished with value: 5.654128551483154 and parameters: {'gradient_clip_val': 0.4869509269299157, 'hidden_size': 6, 'dropout': 0.39593855668655153, 'hidden_continuous_size': 5, 'attention_head_size': 4, 'learning_rate': 0.02398079078089784}. Best is trial 0 with value: 0.09598392993211746.
[I 2023-12-27 10:57:01,228] Trial 6 finished with value: 4.963782787322998 and parameters: {'gradient_clip_val': 0.12416845452115374, 'hidden_size': 107, 'dropout': 0.36156734656924994, 'hidden_continuous_size': 31, 'attention_head_size': 2, 'learning_rate': 0.001541128811929754}. Best is trial 0 with value: 0.09598392993211746.
[I 2023-12-27 10:57:01,536] Trial 7 finished with value: 4.757407188415527 and parameters: {'gradient_clip_val': 0.9787786878667167, 'hidden_size': 5, 'dropout': 0.3659583230135214, 'hidden_continuous_size': 5, 'attention_head_size': 2, 'learning_rate': 0.0009674243186956065}. Best is trial 0 with value: 0.09598392993211746.
[I 2023-12-27 10:57:01,873] Trial 8 finished with value: 4.222956657409668 and parameters: {'gradient_clip_val': 0.44308098224286496, 'hidden_size': 11, 'dropout': 0.18779806762201026, 'hidden_continuous_size': 8, 'attention_head_size': 2, 'learning_rate': 0.0023802987673463014}. Best is trial 0 with value: 0.09598392993211746.
[I 2023-12-27 10:57:02,303] Trial 9 finished with value: 6.6815972328186035 and parameters: {'gradient_clip_val': 0.14545085418783923, 'hidden_size': 83, 'dropout': 0.38762756305476487, 'hidden_continuous_size': 5, 'attention_head_size': 3, 'learning_rate': 0.0026720592960366215}. Best is trial 0 with value: 0.09598392993211746.
[I 2023-12-27 10:57:02,701] Trial 10 finished with value: 4.541306018829346 and parameters: {'gradient_clip_val': 0.21722723608741157, 'hidden_size': 45, 'dropout': 0.27144672362702615, 'hidden_continuous_size': 17, 'attention_head_size': 1, 'learning_rate': 0.09965017554626564}. Best is trial 0 with value: 0.09598392993211746.
[I 2023-12-27 10:57:03,079] Trial 11 finished with value: 4.654628276824951 and parameters: {'gradient_clip_val': 0.26733288755945905, 'hidden_size': 35, 'dropout': 0.4517962061301807, 'hidden_continuous_size': 9, 'attention_head_size': 1, 'learning_rate': 0.013910155529672914}. Best is trial 0 with value: 0.09598392993211746.
[I 2023-12-27 10:57:03,445] Trial 12 finished with value: 4.436882019042969 and parameters: {'gradient_clip_val': 0.19498105103820587, 'hidden_size': 19, 'dropout': 0.4262857709041028, 'hidden_continuous_size': 7, 'attention_head_size': 1, 'learning_rate': 0.06697296257700297}. Best is trial 0 with value: 0.09598392993211746.
[I 2023-12-27 10:57:03,867] Trial 13 finished with value: 4.110676288604736 and parameters: {'gradient_clip_val': 0.3336149296146287, 'hidden_size': 68, 'dropout': 0.32006479743509475, 'hidden_continuous_size': 12, 'attention_head_size': 1, 'learning_rate': 0.009471023421693796}. Best is trial 0 with value: 0.09598392993211746.
[I 2023-12-27 10:57:04,257] Trial 14 finished with value: 4.524303913116455 and parameters: {'gradient_clip_val': 0.17042073431290433, 'hidden_size': 31, 'dropout': 0.45709919886639644, 'hidden_continuous_size': 7, 'attention_head_size': 3, 'learning_rate': 0.03966438562118463}. Best is trial 0 with value: 0.09598392993211746.
[I 2023-12-27 10:57:04,843] Trial 15 finished with value: 3.8272745609283447 and parameters: {'gradient_clip_val': 0.10147163408440772, 'hidden_size': 141, 'dropout': 0.4283193903136197, 'hidden_continuous_size': 58, 'attention_head_size': 1, 'learning_rate': 0.0066221060989337084}. Best is trial 0 with value: 0.09598392993211746.
[I 2023-12-27 10:57:05,199] Trial 16 finished with value: 3.964143991470337 and parameters: {'gradient_clip_val': 0.31052866996175055, 'hidden_size': 13, 'dropout': 0.4923636175457397, 'hidden_continuous_size': 6, 'attention_head_size': 1, 'learning_rate': 0.051884260163052996}. Best is trial 0 with value: 0.09598392993211746.
[I 2023-12-27 10:57:05,563] Trial 17 finished with value: 3.832674264907837 and parameters: {'gradient_clip_val': 0.2196589614162603, 'hidden_size': 24, 'dropout': 0.3243396027438411, 'hidden_continuous_size': 10, 'attention_head_size': 3, 'learning_rate': 0.03172475852024192}. Best is trial 0 with value: 0.09598392993211746.
[I 2023-12-27 10:57:05,976] Trial 18 finished with value: 3.730815887451172 and parameters: {'gradient_clip_val': 0.6611922117245899, 'hidden_size': 55, 'dropout': 0.4217546165872809, 'hidden_continuous_size': 17, 'attention_head_size': 2, 'learning_rate': 0.015418452690987326}. Best is trial 0 with value: 0.09598392993211746.
[I 2023-12-27 10:57:06,610] Trial 19 finished with value: 3.4789011478424072 and parameters: {'gradient_clip_val': 0.3730230933357541, 'hidden_size': 34, 'dropout': 0.2765370422133563, 'hidden_continuous_size': 11, 'attention_head_size': 1, 'learning_rate': 0.09938587023531202}. Best is trial 0 with value: 0.09598392993211746.
[I 2023-12-27 10:57:06,974] Trial 20 finished with value: 4.749716281890869 and parameters: {'gradient_clip_val': 0.29204990376599044, 'hidden_size': 10, 'dropout': 0.4489056761436127, 'hidden_continuous_size': 6, 'attention_head_size': 2, 'learning_rate': 0.05074558049101606}. Best is trial 0 with value: 0.09598392993211746.
[I 2023-12-27 10:57:07,384] Trial 21 finished with value: 5.033269882202148 and parameters: {'gradient_clip_val': 0.10472577346194596, 'hidden_size': 46, 'dropout': 0.1397403916488092, 'hidden_continuous_size': 7, 'attention_head_size': 4, 'learning_rate': 0.02592124517548235}. Best is trial 0 with value: 0.09598392993211746.
[I 2023-12-27 10:57:07,807] Trial 22 finished with value: 4.912373065948486 and parameters: {'gradient_clip_val': 0.1469971979897283, 'hidden_size': 60, 'dropout': 0.19218164631991866, 'hidden_continuous_size': 8, 'attention_head_size': 3, 'learning_rate': 0.020802719078549182}. Best is trial 0 with value: 0.09598392993211746.
[I 2023-12-27 10:57:08,218] Trial 23 finished with value: 5.37312126159668 and parameters: {'gradient_clip_val': 0.12710868173317733, 'hidden_size': 43, 'dropout': 0.1059523712092389, 'hidden_continuous_size': 6, 'attention_head_size': 4, 'learning_rate': 0.036712861147516554}. Best is trial 0 with value: 0.09598392993211746.
[I 2023-12-27 10:57:08,609] Trial 24 finished with value: 5.699278354644775 and parameters: {'gradient_clip_val': 0.17947343764822596, 'hidden_size': 27, 'dropout': 0.255983480652175, 'hidden_continuous_size': 5, 'attention_head_size': 3, 'learning_rate': 0.01357545792020899}. Best is trial 0 with value: 0.09598392993211746.
[I 2023-12-27 10:57:09,057] Trial 25 finished with value: 5.512313365936279 and parameters: {'gradient_clip_val': 0.24882583626804966, 'hidden_size': 83, 'dropout': 0.3428956388593577, 'hidden_continuous_size': 12, 'attention_head_size': 1, 'learning_rate': 0.0231397477014494}. Best is trial 0 with value: 0.09598392993211746.
[I 2023-12-27 10:57:09,445] Trial 26 finished with value: 4.5157084465026855 and parameters: {'gradient_clip_val': 0.15066397955911734, 'hidden_size': 20, 'dropout': 0.3939742381804542, 'hidden_continuous_size': 6, 'attention_head_size': 2, 'learning_rate': 0.00853337269515321}. Best is trial 0 with value: 0.09598392993211746.
[I 2023-12-27 10:57:09,840] Trial 27 finished with value: 4.139236927032471 and parameters: {'gradient_clip_val': 0.12083697200163142, 'hidden_size': 37, 'dropout': 0.2967841885469967, 'hidden_continuous_size': 10, 'attention_head_size': 4, 'learning_rate': 0.037182312877251836}. Best is trial 0 with value: 0.09598392993211746.
[I 2023-12-27 10:57:10,230] Trial 28 finished with value: 4.764134407043457 and parameters: {'gradient_clip_val': 0.2272096322013368, 'hidden_size': 31, 'dropout': 0.22034801621573105, 'hidden_continuous_size': 8, 'attention_head_size': 1, 'learning_rate': 0.054310984033169564}. Best is trial 0 with value: 0.09598392993211746.
[I 2023-12-27 10:57:10,626] Trial 29 finished with value: 4.295009136199951 and parameters: {'gradient_clip_val': 0.39466268112504604, 'hidden_size': 22, 'dropout': 0.459268564370302, 'hidden_continuous_size': 9, 'attention_head_size': 4, 'learning_rate': 0.015827233165800977}. Best is trial 0 with value: 0.09598392993211746.
[I 2023-12-27 10:57:11,036] Trial 30 finished with value: 4.599147796630859 and parameters: {'gradient_clip_val': 0.5802495703715708, 'hidden_size': 28, 'dropout': 0.3512339473923853, 'hidden_continuous_size': 7, 'attention_head_size': 3, 'learning_rate': 0.006759074882071042}. Best is trial 0 with value: 0.09598392993211746.
[I 2023-12-27 10:57:11,444] Trial 31 finished with value: 3.604008674621582 and parameters: {'gradient_clip_val': 0.3643866796221836, 'hidden_size': 38, 'dropout': 0.28696297034369656, 'hidden_continuous_size': 10, 'attention_head_size': 1, 'learning_rate': 0.08444607047307091}. Best is trial 0 with value: 0.09598392993211746.
[I 2023-12-27 10:57:12,076] Trial 32 finished with value: 4.110646724700928 and parameters: {'gradient_clip_val': 0.408094121502064, 'hidden_size': 53, 'dropout': 0.47516059123623045, 'hidden_continuous_size': 13, 'attention_head_size': 1, 'learning_rate': 0.07091747363932532}. Best is trial 0 with value: 0.09598392993211746.
[I 2023-12-27 10:57:12,436] Trial 33 finished with value: 4.335788726806641 and parameters: {'gradient_clip_val': 0.5358430361973858, 'hidden_size': 17, 'dropout': 0.2593404404817885, 'hidden_continuous_size': 5, 'attention_head_size': 1, 'learning_rate': 0.06920370835652548}. Best is trial 0 with value: 0.09598392993211746.
[I 2023-12-27 10:57:12,822] Trial 34 finished with value: 3.8090438842773438 and parameters: {'gradient_clip_val': 0.45597831942637257, 'hidden_size': 26, 'dropout': 0.3166853962751932, 'hidden_continuous_size': 11, 'attention_head_size': 2, 'learning_rate': 0.09975421029906231}. Best is trial 0 with value: 0.09598392993211746.
[I 2023-12-27 10:57:13,212] Trial 35 finished with value: 5.5751953125 and parameters: {'gradient_clip_val': 0.7096688073922987, 'hidden_size': 34, 'dropout': 0.3767374620366792, 'hidden_continuous_size': 15, 'attention_head_size': 2, 'learning_rate': 0.0480590268992349}. Best is trial 0 with value: 0.09598392993211746.
[I 2023-12-27 10:57:13,578] Trial 36 finished with value: 4.994977951049805 and parameters: {'gradient_clip_val': 0.8064516054265968, 'hidden_size': 22, 'dropout': 0.40081958052311156, 'hidden_continuous_size': 9, 'attention_head_size': 1, 'learning_rate': 0.02556921951132021}. Best is trial 0 with value: 0.09598392993211746.
[I 2023-12-27 10:57:13,974] Trial 37 finished with value: 5.2200493812561035 and parameters: {'gradient_clip_val': 0.5171814907593616, 'hidden_size': 42, 'dropout': 0.23544835807315775, 'hidden_continuous_size': 14, 'attention_head_size': 2, 'learning_rate': 0.031204222518679454}. Best is trial 0 with value: 0.09598392993211746.
[I 2023-12-27 10:57:14,376] Trial 38 finished with value: 5.719666004180908 and parameters: {'gradient_clip_val': 0.9995107345216924, 'hidden_size': 49, 'dropout': 0.36238997052639466, 'hidden_continuous_size': 12, 'attention_head_size': 1, 'learning_rate': 0.042743712252564736}. Best is trial 0 with value: 0.09598392993211746.
[I 2023-12-27 10:57:14,800] Trial 39 finished with value: 4.842866897583008 and parameters: {'gradient_clip_val': 0.3549678302108958, 'hidden_size': 62, 'dropout': 0.15630575146545764, 'hidden_continuous_size': 21, 'attention_head_size': 2, 'learning_rate': 0.06206620771004253}. Best is trial 0 with value: 0.09598392993211746.
[I 2023-12-27 10:57:15,188] Trial 40 finished with value: 5.234560012817383 and parameters: {'gradient_clip_val': 0.848259049729963, 'hidden_size': 39, 'dropout': 0.2847526711278337, 'hidden_continuous_size': 8, 'attention_head_size': 1, 'learning_rate': 0.07749077748424378}. Best is trial 0 with value: 0.09598392993211746.
[I 2023-12-27 10:57:15,566] Trial 41 finished with value: 5.7829766273498535 and parameters: {'gradient_clip_val': 0.36403889438696935, 'hidden_size': 36, 'dropout': 0.2331412540456435, 'hidden_continuous_size': 10, 'attention_head_size': 1, 'learning_rate': 0.08822036068154387}. Best is trial 0 with value: 0.09598392993211746.
[I 2023-12-27 10:57:15,950] Trial 42 finished with value: 6.285216808319092 and parameters: {'gradient_clip_val': 0.4569550629384126, 'hidden_size': 31, 'dropout': 0.2781607696074222, 'hidden_continuous_size': 11, 'attention_head_size': 1, 'learning_rate': 0.07850264796665003}. Best is trial 0 with value: 0.09598392993211746.
[I 2023-12-27 10:57:16,333] Trial 43 finished with value: 5.021029472351074 and parameters: {'gradient_clip_val': 0.2752639943568005, 'hidden_size': 38, 'dropout': 0.2967698526814758, 'hidden_continuous_size': 9, 'attention_head_size': 1, 'learning_rate': 0.059092067147136176}. Best is trial 0 with value: 0.09598392993211746.
[I 2023-12-27 10:57:16,731] Trial 44 finished with value: 4.3216729164123535 and parameters: {'gradient_clip_val': 0.6047801849117143, 'hidden_size': 46, 'dropout': 0.34173193484833075, 'hidden_continuous_size': 5, 'attention_head_size': 1, 'learning_rate': 0.09515519971777955}. Best is trial 0 with value: 0.09598392993211746.
[I 2023-12-27 10:57:17,372] Trial 45 finished with value: 4.971137523651123 and parameters: {'gradient_clip_val': 0.33446708362644645, 'hidden_size': 71, 'dropout': 0.30949283004034484, 'hidden_continuous_size': 6, 'attention_head_size': 1, 'learning_rate': 0.043699300926563336}. Best is trial 0 with value: 0.09598392993211746.
[I 2023-12-27 10:57:17,776] Trial 46 finished with value: 5.626732349395752 and parameters: {'gradient_clip_val': 0.3047833924889085, 'hidden_size': 52, 'dropout': 0.3776593815332216, 'hidden_continuous_size': 7, 'attention_head_size': 1, 'learning_rate': 0.061378700931735024}. Best is trial 0 with value: 0.09598392993211746.
[I 2023-12-27 10:57:18,159] Trial 47 finished with value: 5.433619022369385 and parameters: {'gradient_clip_val': 0.4064524648657287, 'hidden_size': 30, 'dropout': 0.41055495105546963, 'hidden_continuous_size': 11, 'attention_head_size': 1, 'learning_rate': 0.033823938761095095}. Best is trial 0 with value: 0.09598392993211746.
[I 2023-12-27 10:57:18,514] Trial 48 finished with value: 5.86790657043457 and parameters: {'gradient_clip_val': 0.19477619189842368, 'hidden_size': 16, 'dropout': 0.38370090210274427, 'hidden_continuous_size': 10, 'attention_head_size': 2, 'learning_rate': 0.07546221138521585}. Best is trial 0 with value: 0.09598392993211746.
[I 2023-12-27 10:57:18,901] Trial 49 finished with value: 4.687297821044922 and parameters: {'gradient_clip_val': 0.2563962506478526, 'hidden_size': 25, 'dropout': 0.32938498443349606, 'hidden_continuous_size': 8, 'attention_head_size': 2, 'learning_rate': 0.048960576799015686}. Best is trial 0 with value: 0.09598392993211746.
[I 2023-12-27 10:57:19,012] A new study created in memory with name: no-name-326efaa1-12a7-4156-98b7-41c4bdace6ec
/home/le004/conda/anaconda3/envs/tsff_env/lib/python3.9/site-packages/lightning/fabric/plugins/environments/slurm.py:191: The `srun` command is available on your system but is not used. HINT: If your intention is to run Lightning on SLURM, prepend your python command with `srun` like so: srun python /home/le004/master_thesis/git/TSFusionForecast/code/ ...
[I 2023-12-27 10:57:54,065] Trial 0 finished with value: 0.39716866612434387 and parameters: {'gradient_clip_val': 0.25964887947455106, 'hidden_size': 41, 'dropout': 0.23980404457633392, 'hidden_continuous_size': 10, 'attention_head_size': 1, 'learning_rate': 0.05736645999876035}. Best is trial 0 with value: 0.39716866612434387.
[I 2023-12-27 10:58:06,818] Trial 1 finished with value: 1.4079629182815552 and parameters: {'gradient_clip_val': 0.26522504671351094, 'hidden_size': 61, 'dropout': 0.16047027105310413, 'hidden_continuous_size': 16, 'attention_head_size': 2, 'learning_rate': 0.00909716306729324}. Best is trial 0 with value: 0.39716866612434387.
[I 2023-12-27 10:58:07,169] Trial 2 finished with value: 8.154679298400879 and parameters: {'gradient_clip_val': 0.12577204493115107, 'hidden_size': 13, 'dropout': 0.2308137266536171, 'hidden_continuous_size': 5, 'attention_head_size': 3, 'learning_rate': 0.012698419456167566}. Best is trial 0 with value: 0.39716866612434387.
[I 2023-12-27 10:58:07,499] Trial 3 finished with value: 6.486992359161377 and parameters: {'gradient_clip_val': 0.7712638600970668, 'hidden_size': 5, 'dropout': 0.16008199158389105, 'hidden_continuous_size': 5, 'attention_head_size': 4, 'learning_rate': 0.001767181966044048}. Best is trial 0 with value: 0.39716866612434387.
[I 2023-12-27 10:58:07,861] Trial 4 finished with value: 6.916513442993164 and parameters: {'gradient_clip_val': 0.9702705084173763, 'hidden_size': 21, 'dropout': 0.25261994428953816, 'hidden_continuous_size': 5, 'attention_head_size': 1, 'learning_rate': 0.0077828734792880876}. Best is trial 0 with value: 0.39716866612434387.
[I 2023-12-27 10:58:08,434] Trial 5 finished with value: 8.457777976989746 and parameters: {'gradient_clip_val': 0.590483306362077, 'hidden_size': 13, 'dropout': 0.16919670720093544, 'hidden_continuous_size': 11, 'attention_head_size': 1, 'learning_rate': 0.027588468847978883}. Best is trial 0 with value: 0.39716866612434387.
[I 2023-12-27 10:58:08,896] Trial 6 finished with value: 7.546136379241943 and parameters: {'gradient_clip_val': 0.2530002907573516, 'hidden_size': 85, 'dropout': 0.28382265700382875, 'hidden_continuous_size': 56, 'attention_head_size': 2, 'learning_rate': 0.0006981937963872097}. Best is trial 0 with value: 0.39716866612434387.
