[I 2023-12-27 10:56:56,548] Trial 44 finished with value: 400.4048767089844 and parameters: {'gradient_clip_val': 0.11535879520383831, 'hidden_size': 12, 'dropout': 0.44636555881549467, 'hidden_continuous_size': 7, 'attention_head_size': 1, 'learning_rate': 0.002529507523052203}. Best is trial 1 with value: 108.44503784179688.
[I 2023-12-27 10:56:56,974] Trial 45 finished with value: 254.3888397216797 and parameters: {'gradient_clip_val': 0.22468468349198878, 'hidden_size': 23, 'dropout': 0.4161856237302002, 'hidden_continuous_size': 9, 'attention_head_size': 2, 'learning_rate': 0.0012216138668828653}. Best is trial 1 with value: 108.44503784179688.
[I 2023-12-27 10:56:57,378] Trial 46 finished with value: 310.45379638671875 and parameters: {'gradient_clip_val': 0.13929339063462556, 'hidden_size': 10, 'dropout': 0.47912258172508837, 'hidden_continuous_size': 6, 'attention_head_size': 3, 'learning_rate': 0.004017274392570886}. Best is trial 1 with value: 108.44503784179688.
[I 2023-12-27 10:56:57,774] Trial 47 finished with value: 291.6061096191406 and parameters: {'gradient_clip_val': 0.11467512060438109, 'hidden_size': 32, 'dropout': 0.43882445218033234, 'hidden_continuous_size': 8, 'attention_head_size': 1, 'learning_rate': 0.001805109729938887}. Best is trial 1 with value: 108.44503784179688.
[I 2023-12-27 10:56:58,185] Trial 48 finished with value: 341.7436218261719 and parameters: {'gradient_clip_val': 0.2005593569566883, 'hidden_size': 23, 'dropout': 0.3999287113252692, 'hidden_continuous_size': 11, 'attention_head_size': 2, 'learning_rate': 0.006006736554259619}. Best is trial 1 with value: 108.44503784179688.
[I 2023-12-27 10:56:58,589] Trial 49 finished with value: 340.55291748046875 and parameters: {'gradient_clip_val': 0.14561816091214883, 'hidden_size': 15, 'dropout': 0.37723271362458255, 'hidden_continuous_size': 5, 'attention_head_size': 1, 'learning_rate': 0.0029866536684934938}. Best is trial 1 with value: 108.44503784179688.
[I 2023-12-27 10:56:58,708] A new study created in memory with name: no-name-caf3807a-43b5-4cc2-8db0-1e193523e490
/home/le004/conda/anaconda3/envs/tsff_env/lib/python3.9/site-packages/lightning/fabric/plugins/environments/slurm.py:191: The `srun` command is available on your system but is not used. HINT: If your intention is to run Lightning on SLURM, prepend your python command with `srun` like so: srun python /home/le004/master_thesis/git/TSFusionForecast/code/ ...
[I 2023-12-27 10:57:30,956] Trial 0 finished with value: 0.11629294604063034 and parameters: {'gradient_clip_val': 0.3036520639235391, 'hidden_size': 14, 'dropout': 0.23714986020643214, 'hidden_continuous_size': 5, 'attention_head_size': 3, 'learning_rate': 0.03858512160346918}. Best is trial 0 with value: 0.11629294604063034.
[I 2023-12-27 10:57:41,418] Trial 1 finished with value: 1.6511716842651367 and parameters: {'gradient_clip_val': 0.7499390907338922, 'hidden_size': 15, 'dropout': 0.23808033043939286, 'hidden_continuous_size': 5, 'attention_head_size': 1, 'learning_rate': 0.005051016796904377}. Best is trial 0 with value: 0.11629294604063034.
[I 2023-12-27 10:57:41,921] Trial 2 finished with value: 3.002819299697876 and parameters: {'gradient_clip_val': 0.2218032641118087, 'hidden_size': 112, 'dropout': 0.37499947003386847, 'hidden_continuous_size': 10, 'attention_head_size': 1, 'learning_rate': 0.0014320656457018893}. Best is trial 0 with value: 0.11629294604063034.
[I 2023-12-27 10:57:42,340] Trial 3 finished with value: 2.4595587253570557 and parameters: {'gradient_clip_val': 0.2225142932180125, 'hidden_size': 59, 'dropout': 0.12220525802254506, 'hidden_continuous_size': 15, 'attention_head_size': 1, 'learning_rate': 0.02731185879906598}. Best is trial 0 with value: 0.11629294604063034.
[I 2023-12-27 10:57:42,725] Trial 4 finished with value: 3.423556089401245 and parameters: {'gradient_clip_val': 0.29165573363333624, 'hidden_size': 30, 'dropout': 0.4693927746920099, 'hidden_continuous_size': 25, 'attention_head_size': 1, 'learning_rate': 0.04367032065089087}. Best is trial 0 with value: 0.11629294604063034.
[I 2023-12-27 10:57:43,052] Trial 5 finished with value: 2.8457987308502197 and parameters: {'gradient_clip_val': 0.7608413554266793, 'hidden_size': 5, 'dropout': 0.49028174791117396, 'hidden_continuous_size': 5, 'attention_head_size': 1, 'learning_rate': 0.01240889784408477}. Best is trial 0 with value: 0.11629294604063034.
[I 2023-12-27 10:57:43,487] Trial 6 finished with value: 2.7139670848846436 and parameters: {'gradient_clip_val': 0.20035554783731996, 'hidden_size': 61, 'dropout': 0.2931673418570298, 'hidden_continuous_size': 32, 'attention_head_size': 1, 'learning_rate': 0.0007942282333150662}. Best is trial 0 with value: 0.11629294604063034.
[I 2023-12-27 10:57:43,845] Trial 7 finished with value: 3.504387617111206 and parameters: {'gradient_clip_val': 0.1099046037211517, 'hidden_size': 7, 'dropout': 0.3116159002194164, 'hidden_continuous_size': 6, 'attention_head_size': 4, 'learning_rate': 0.0005670938796382282}. Best is trial 0 with value: 0.11629294604063034.
[I 2023-12-27 10:57:44,165] Trial 8 finished with value: 2.4950273036956787 and parameters: {'gradient_clip_val': 0.22869123291528032, 'hidden_size': 5, 'dropout': 0.43751630483515813, 'hidden_continuous_size': 5, 'attention_head_size': 1, 'learning_rate': 0.06788292796068582}. Best is trial 0 with value: 0.11629294604063034.
[I 2023-12-27 10:57:44,525] Trial 9 finished with value: 2.129051446914673 and parameters: {'gradient_clip_val': 0.19476528188007822, 'hidden_size': 9, 'dropout': 0.26418623097634014, 'hidden_continuous_size': 8, 'attention_head_size': 4, 'learning_rate': 0.003706645050366481}. Best is trial 0 with value: 0.11629294604063034.
[I 2023-12-27 10:57:44,907] Trial 10 finished with value: 3.1292924880981445 and parameters: {'gradient_clip_val': 0.5213150353614044, 'hidden_size': 17, 'dropout': 0.17342503089444408, 'hidden_continuous_size': 7, 'attention_head_size': 3, 'learning_rate': 0.09502584034748164}. Best is trial 0 with value: 0.11629294604063034.
[I 2023-12-27 10:57:45,322] Trial 11 finished with value: 2.632566213607788 and parameters: {'gradient_clip_val': 0.9106512862603133, 'hidden_size': 14, 'dropout': 0.19689122977238463, 'hidden_continuous_size': 5, 'attention_head_size': 3, 'learning_rate': 0.010247277078913453}. Best is trial 0 with value: 0.11629294604063034.
[I 2023-12-27 10:57:45,712] Trial 12 finished with value: 3.74605655670166 and parameters: {'gradient_clip_val': 0.47306179384588654, 'hidden_size': 18, 'dropout': 0.2433030152914592, 'hidden_continuous_size': 6, 'attention_head_size': 2, 'learning_rate': 0.00362598095052562}. Best is trial 0 with value: 0.11629294604063034.
[I 2023-12-27 10:57:46,105] Trial 13 finished with value: 2.1395645141601562 and parameters: {'gradient_clip_val': 0.43811613050216547, 'hidden_size': 11, 'dropout': 0.19076813455754216, 'hidden_continuous_size': 5, 'attention_head_size': 2, 'learning_rate': 0.02026030833913889}. Best is trial 0 with value: 0.11629294604063034.
[I 2023-12-27 10:57:46,532] Trial 14 finished with value: 2.626136541366577 and parameters: {'gradient_clip_val': 0.627131563496124, 'hidden_size': 26, 'dropout': 0.3310784625148636, 'hidden_continuous_size': 8, 'attention_head_size': 3, 'learning_rate': 0.0064435401710725175}. Best is trial 0 with value: 0.11629294604063034.
[I 2023-12-27 10:57:47,178] Trial 15 finished with value: 2.9893617630004883 and parameters: {'gradient_clip_val': 0.9568805443275152, 'hidden_size': 9, 'dropout': 0.10616387908519001, 'hidden_continuous_size': 5, 'attention_head_size': 2, 'learning_rate': 0.03124285462533857}. Best is trial 0 with value: 0.11629294604063034.
[I 2023-12-27 10:57:47,581] Trial 16 finished with value: 2.530299425125122 and parameters: {'gradient_clip_val': 0.3719141312214125, 'hidden_size': 24, 'dropout': 0.23571079779346976, 'hidden_continuous_size': 7, 'attention_head_size': 3, 'learning_rate': 0.019532491510934495}. Best is trial 0 with value: 0.11629294604063034.
[I 2023-12-27 10:57:47,972] Trial 17 finished with value: 4.0814385414123535 and parameters: {'gradient_clip_val': 0.6321873364615905, 'hidden_size': 14, 'dropout': 0.35672874120766374, 'hidden_continuous_size': 6, 'attention_head_size': 2, 'learning_rate': 0.05750840016052357}. Best is trial 0 with value: 0.11629294604063034.
[I 2023-12-27 10:57:48,357] Trial 18 finished with value: 4.36941385269165 and parameters: {'gradient_clip_val': 0.35218373944747444, 'hidden_size': 7, 'dropout': 0.2690574224658132, 'hidden_continuous_size': 5, 'attention_head_size': 4, 'learning_rate': 0.006202724191065466}. Best is trial 0 with value: 0.11629294604063034.
[I 2023-12-27 10:57:48,787] Trial 19 finished with value: 3.6976101398468018 and parameters: {'gradient_clip_val': 0.6124094723427261, 'hidden_size': 35, 'dropout': 0.21930293498652878, 'hidden_continuous_size': 11, 'attention_head_size': 2, 'learning_rate': 0.03976729261080822}. Best is trial 0 with value: 0.11629294604063034.
[I 2023-12-27 10:57:49,191] Trial 20 finished with value: 3.5308640003204346 and parameters: {'gradient_clip_val': 0.4323035232832101, 'hidden_size': 21, 'dropout': 0.1486966672584604, 'hidden_continuous_size': 6, 'attention_head_size': 3, 'learning_rate': 0.01733692539884524}. Best is trial 0 with value: 0.11629294604063034.
[I 2023-12-27 10:57:49,601] Trial 21 finished with value: 2.5008366107940674 and parameters: {'gradient_clip_val': 0.16770945691584233, 'hidden_size': 10, 'dropout': 0.26923625053416056, 'hidden_continuous_size': 5, 'attention_head_size': 4, 'learning_rate': 0.004146314873435219}. Best is trial 0 with value: 0.11629294604063034.
[I 2023-12-27 10:57:49,998] Trial 22 finished with value: 3.7602014541625977 and parameters: {'gradient_clip_val': 0.2981852078761821, 'hidden_size': 13, 'dropout': 0.23171712591486263, 'hidden_continuous_size': 7, 'attention_head_size': 4, 'learning_rate': 0.0026766038627933793}. Best is trial 0 with value: 0.11629294604063034.
[I 2023-12-27 10:57:50,389] Trial 23 finished with value: 2.531545639038086 and parameters: {'gradient_clip_val': 0.2769388379035767, 'hidden_size': 8, 'dropout': 0.16366304712962204, 'hidden_continuous_size': 5, 'attention_head_size': 4, 'learning_rate': 0.009703556722830438}. Best is trial 0 with value: 0.11629294604063034.
[I 2023-12-27 10:57:50,787] Trial 24 finished with value: 4.299886226654053 and parameters: {'gradient_clip_val': 0.37628591303922804, 'hidden_size': 12, 'dropout': 0.2685199728226484, 'hidden_continuous_size': 6, 'attention_head_size': 3, 'learning_rate': 0.002246508924663838}. Best is trial 0 with value: 0.11629294604063034.
[I 2023-12-27 10:57:51,185] Trial 25 finished with value: 3.023343801498413 and parameters: {'gradient_clip_val': 0.16033612700494612, 'hidden_size': 15, 'dropout': 0.20184328142571292, 'hidden_continuous_size': 8, 'attention_head_size': 4, 'learning_rate': 0.005349938516865688}. Best is trial 0 with value: 0.11629294604063034.
[I 2023-12-27 10:57:51,581] Trial 26 finished with value: 3.2897098064422607 and parameters: {'gradient_clip_val': 0.27805430564341643, 'hidden_size': 10, 'dropout': 0.21498909458829596, 'hidden_continuous_size': 6, 'attention_head_size': 3, 'learning_rate': 0.00900511707232719}. Best is trial 0 with value: 0.11629294604063034.
[I 2023-12-27 10:57:52,227] Trial 27 finished with value: 3.591008186340332 and parameters: {'gradient_clip_val': 0.32219464141454995, 'hidden_size': 19, 'dropout': 0.2517533404781501, 'hidden_continuous_size': 9, 'attention_head_size': 2, 'learning_rate': 0.013648166310040092}. Best is trial 0 with value: 0.11629294604063034.
[I 2023-12-27 10:57:52,616] Trial 28 finished with value: 2.4370858669281006 and parameters: {'gradient_clip_val': 0.802444839931226, 'hidden_size': 7, 'dropout': 0.28682443450451667, 'hidden_continuous_size': 5, 'attention_head_size': 4, 'learning_rate': 0.004529649445006571}. Best is trial 0 with value: 0.11629294604063034.
[I 2023-12-27 10:57:53,021] Trial 29 finished with value: 3.3917205333709717 and parameters: {'gradient_clip_val': 0.542771280733299, 'hidden_size': 12, 'dropout': 0.3207594601034607, 'hidden_continuous_size': 7, 'attention_head_size': 3, 'learning_rate': 0.0018709139385431714}. Best is trial 0 with value: 0.11629294604063034.
[I 2023-12-27 10:57:53,425] Trial 30 finished with value: 2.3687655925750732 and parameters: {'gradient_clip_val': 0.390626779034078, 'hidden_size': 18, 'dropout': 0.35213910741575233, 'hidden_continuous_size': 10, 'attention_head_size': 4, 'learning_rate': 0.0030297555465016554}. Best is trial 0 with value: 0.11629294604063034.
[I 2023-12-27 10:57:53,807] Trial 31 finished with value: 2.9060609340667725 and parameters: {'gradient_clip_val': 0.43025172765386777, 'hidden_size': 11, 'dropout': 0.1952818211396201, 'hidden_continuous_size': 5, 'attention_head_size': 2, 'learning_rate': 0.022043627825104543}. Best is trial 0 with value: 0.11629294604063034.
[I 2023-12-27 10:57:54,198] Trial 32 finished with value: 2.995462656021118 and parameters: {'gradient_clip_val': 0.24259363989703017, 'hidden_size': 9, 'dropout': 0.1826258330743909, 'hidden_continuous_size': 5, 'attention_head_size': 1, 'learning_rate': 0.007887343255920583}. Best is trial 0 with value: 0.11629294604063034.
[I 2023-12-27 10:57:54,597] Trial 33 finished with value: 2.7860851287841797 and parameters: {'gradient_clip_val': 0.3298646722518356, 'hidden_size': 14, 'dropout': 0.1451276585151524, 'hidden_continuous_size': 6, 'attention_head_size': 2, 'learning_rate': 0.025138650035275267}. Best is trial 0 with value: 0.11629294604063034.
[I 2023-12-27 10:57:54,999] Trial 34 finished with value: 2.233031988143921 and parameters: {'gradient_clip_val': 0.7147904809598444, 'hidden_size': 11, 'dropout': 0.21711482463196036, 'hidden_continuous_size': 8, 'attention_head_size': 1, 'learning_rate': 0.015468279844673699}. Best is trial 0 with value: 0.11629294604063034.
[I 2023-12-27 10:57:55,594] Trial 35 finished with value: 3.6043922901153564 and parameters: {'gradient_clip_val': 0.4774831713493194, 'hidden_size': 144, 'dropout': 0.24795097612145853, 'hidden_continuous_size': 13, 'attention_head_size': 1, 'learning_rate': 0.0013995822255195712}. Best is trial 0 with value: 0.11629294604063034.
[I 2023-12-27 10:57:55,979] Trial 36 finished with value: 2.58046555519104 and parameters: {'gradient_clip_val': 0.2503455422060989, 'hidden_size': 16, 'dropout': 0.28796605984208085, 'hidden_continuous_size': 9, 'attention_head_size': 2, 'learning_rate': 0.028905285371017168}. Best is trial 0 with value: 0.11629294604063034.
[I 2023-12-27 10:57:56,363] Trial 37 finished with value: 2.708127021789551 and parameters: {'gradient_clip_val': 0.2019686827988331, 'hidden_size': 6, 'dropout': 0.22166788730011233, 'hidden_continuous_size': 5, 'attention_head_size': 1, 'learning_rate': 0.012590091503258351}. Best is trial 0 with value: 0.11629294604063034.
[I 2023-12-27 10:57:56,758] Trial 38 finished with value: 1.6121574640274048 and parameters: {'gradient_clip_val': 0.3169528511289159, 'hidden_size': 9, 'dropout': 0.3009144002996421, 'hidden_continuous_size': 5, 'attention_head_size': 1, 'learning_rate': 0.005059017176006141}. Best is trial 0 with value: 0.11629294604063034.
[I 2023-12-27 10:57:57,116] Trial 39 finished with value: 2.2209954261779785 and parameters: {'gradient_clip_val': 0.3347670241385005, 'hidden_size': 5, 'dropout': 0.3022837830793462, 'hidden_continuous_size': 5, 'attention_head_size': 1, 'learning_rate': 0.005282784738436336}. Best is trial 0 with value: 0.11629294604063034.
[I 2023-12-27 10:57:57,739] Trial 40 finished with value: 3.4123504161834717 and parameters: {'gradient_clip_val': 0.25724621923813235, 'hidden_size': 8, 'dropout': 0.3848947526851307, 'hidden_continuous_size': 5, 'attention_head_size': 1, 'learning_rate': 0.00786179609356056}. Best is trial 0 with value: 0.11629294604063034.
[I 2023-12-27 10:57:58,123] Trial 41 finished with value: 3.2035858631134033 and parameters: {'gradient_clip_val': 0.29990044376750696, 'hidden_size': 12, 'dropout': 0.2530990400314324, 'hidden_continuous_size': 6, 'attention_head_size': 1, 'learning_rate': 0.011096247774318698}. Best is trial 0 with value: 0.11629294604063034.
[I 2023-12-27 10:57:58,505] Trial 42 finished with value: 2.4513704776763916 and parameters: {'gradient_clip_val': 0.404747212633296, 'hidden_size': 9, 'dropout': 0.2818678108456676, 'hidden_continuous_size': 5, 'attention_head_size': 1, 'learning_rate': 0.0036615283155448613}. Best is trial 0 with value: 0.11629294604063034.
[I 2023-12-27 10:57:58,896] Trial 43 finished with value: 2.6721079349517822 and parameters: {'gradient_clip_val': 0.3606695402434796, 'hidden_size': 15, 'dropout': 0.30704265954988663, 'hidden_continuous_size': 12, 'attention_head_size': 2, 'learning_rate': 0.005661141184487285}. Best is trial 0 with value: 0.11629294604063034.
[I 2023-12-27 10:57:59,271] Trial 44 finished with value: 2.3110718727111816 and parameters: {'gradient_clip_val': 0.21293659203182705, 'hidden_size': 6, 'dropout': 0.23815360458514637, 'hidden_continuous_size': 5, 'attention_head_size': 1, 'learning_rate': 0.00684313009030948}. Best is trial 0 with value: 0.11629294604063034.
[I 2023-12-27 10:57:59,676] Trial 45 finished with value: 3.1496288776397705 and parameters: {'gradient_clip_val': 0.5134234679102079, 'hidden_size': 10, 'dropout': 0.18088883181169765, 'hidden_continuous_size': 8, 'attention_head_size': 3, 'learning_rate': 0.03735015717821411}. Best is trial 0 with value: 0.11629294604063034.
[I 2023-12-27 10:58:00,068] Trial 46 finished with value: 2.5086519718170166 and parameters: {'gradient_clip_val': 0.9797904629322951, 'hidden_size': 13, 'dropout': 0.2029884261896768, 'hidden_continuous_size': 9, 'attention_head_size': 2, 'learning_rate': 0.049078385188456086}. Best is trial 0 with value: 0.11629294604063034.
[I 2023-12-27 10:58:00,465] Trial 47 finished with value: 3.734675168991089 and parameters: {'gradient_clip_val': 0.8567163345208958, 'hidden_size': 21, 'dropout': 0.2605291398545863, 'hidden_continuous_size': 7, 'attention_head_size': 3, 'learning_rate': 0.01952672524696772}. Best is trial 0 with value: 0.11629294604063034.
[I 2023-12-27 10:58:00,854] Trial 48 finished with value: 2.672373056411743 and parameters: {'gradient_clip_val': 0.43121185393728206, 'hidden_size': 16, 'dropout': 0.23001095858166792, 'hidden_continuous_size': 10, 'attention_head_size': 2, 'learning_rate': 0.08046607132581898}. Best is trial 0 with value: 0.11629294604063034.
[I 2023-12-27 10:58:01,241] Trial 49 finished with value: 3.460526466369629 and parameters: {'gradient_clip_val': 0.3123865580856637, 'hidden_size': 8, 'dropout': 0.2679007150953727, 'hidden_continuous_size': 5, 'attention_head_size': 1, 'learning_rate': 0.05597268690100925}. Best is trial 0 with value: 0.11629294604063034.
[I 2023-12-27 10:58:01,361] A new study created in memory with name: no-name-34013065-e28b-494b-bec1-56774f18abf7
/home/le004/conda/anaconda3/envs/tsff_env/lib/python3.9/site-packages/lightning/fabric/plugins/environments/slurm.py:191: The `srun` command is available on your system but is not used. HINT: If your intention is to run Lightning on SLURM, prepend your python command with `srun` like so: srun python /home/le004/master_thesis/git/TSFusionForecast/code/ ...
[I 2023-12-27 10:58:34,618] Trial 0 finished with value: 0.9414289593696594 and parameters: {'gradient_clip_val': 0.31747501980299403, 'hidden_size': 19, 'dropout': 0.2498684355304177, 'hidden_continuous_size': 7, 'attention_head_size': 4, 'learning_rate': 0.000829745351535249}. Best is trial 0 with value: 0.9414289593696594.
[I 2023-12-27 10:58:44,844] Trial 1 finished with value: 1.94183349609375 and parameters: {'gradient_clip_val': 0.7245173814484765, 'hidden_size': 6, 'dropout': 0.13917567768371245, 'hidden_continuous_size': 5, 'attention_head_size': 3, 'learning_rate': 0.015480132225578185}. Best is trial 0 with value: 0.9414289593696594.
[I 2023-12-27 10:58:45,159] Trial 2 finished with value: 3.93924617767334 and parameters: {'gradient_clip_val': 0.9960241636080374, 'hidden_size': 5, 'dropout': 0.3446517236738691, 'hidden_continuous_size': 5, 'attention_head_size': 2, 'learning_rate': 0.0005671946800899088}. Best is trial 0 with value: 0.9414289593696594.
[I 2023-12-27 10:58:45,526] Trial 3 finished with value: 2.582789897918701 and parameters: {'gradient_clip_val': 0.16340155439966936, 'hidden_size': 24, 'dropout': 0.10447281710160056, 'hidden_continuous_size': 7, 'attention_head_size': 2, 'learning_rate': 0.0029106970755898593}. Best is trial 0 with value: 0.9414289593696594.
[I 2023-12-27 10:58:45,847] Trial 4 finished with value: 3.077279806137085 and parameters: {'gradient_clip_val': 0.6740058257225175, 'hidden_size': 19, 'dropout': 0.20830959571910965, 'hidden_continuous_size': 19, 'attention_head_size': 1, 'learning_rate': 0.025540275216241862}. Best is trial 0 with value: 0.9414289593696594.
[I 2023-12-27 10:58:46,200] Trial 5 finished with value: 2.4036834239959717 and parameters: {'gradient_clip_val': 0.5862944048140735, 'hidden_size': 19, 'dropout': 0.3431323978348506, 'hidden_continuous_size': 8, 'attention_head_size': 4, 'learning_rate': 0.02767788060800093}. Best is trial 0 with value: 0.9414289593696594.
[I 2023-12-27 10:58:46,611] Trial 6 finished with value: 2.809326171875 and parameters: {'gradient_clip_val': 0.6491381236161254, 'hidden_size': 26, 'dropout': 0.3531188572945768, 'hidden_continuous_size': 21, 'attention_head_size': 3, 'learning_rate': 0.005370923684417166}. Best is trial 0 with value: 0.9414289593696594.
[I 2023-12-27 10:58:47,154] Trial 7 finished with value: 3.0115573406219482 and parameters: {'gradient_clip_val': 0.4965163938936007, 'hidden_size': 132, 'dropout': 0.24571996056926235, 'hidden_continuous_size': 51, 'attention_head_size': 1, 'learning_rate': 0.007647454778610946}. Best is trial 0 with value: 0.9414289593696594.
