[I 2023-12-27 11:42:16,561] Trial 20 finished with value: 3.5637600421905518 and parameters: {'gradient_clip_val': 0.26799336151117314, 'hidden_size': 67, 'dropout': 0.2880562710717557, 'hidden_continuous_size': 7, 'attention_head_size': 1, 'learning_rate': 0.0027129080467548777}. Best is trial 0 with value: 0.12547533214092255.
[I 2023-12-27 11:42:17,109] Trial 21 finished with value: 2.9648942947387695 and parameters: {'gradient_clip_val': 0.6151166514545284, 'hidden_size': 135, 'dropout': 0.294604352550784, 'hidden_continuous_size': 59, 'attention_head_size': 1, 'learning_rate': 0.00200808753903104}. Best is trial 0 with value: 0.12547533214092255.
[I 2023-12-27 11:42:17,719] Trial 22 finished with value: 2.2109453678131104 and parameters: {'gradient_clip_val': 0.5672674387601873, 'hidden_size': 149, 'dropout': 0.21963002766359246, 'hidden_continuous_size': 105, 'attention_head_size': 1, 'learning_rate': 0.0010328262820169468}. Best is trial 0 with value: 0.12547533214092255.
[I 2023-12-27 11:42:18,204] Trial 23 finished with value: 2.638390302658081 and parameters: {'gradient_clip_val': 0.7536478916383114, 'hidden_size': 108, 'dropout': 0.3353009932093824, 'hidden_continuous_size': 36, 'attention_head_size': 2, 'learning_rate': 0.0017927790087082778}. Best is trial 0 with value: 0.12547533214092255.
[I 2023-12-27 11:42:18,862] Trial 24 finished with value: 3.2390668392181396 and parameters: {'gradient_clip_val': 0.39604439935028796, 'hidden_size': 83, 'dropout': 0.27748745451509493, 'hidden_continuous_size': 22, 'attention_head_size': 1, 'learning_rate': 0.0007586625899799931}. Best is trial 0 with value: 0.12547533214092255.
[I 2023-12-27 11:42:19,374] Trial 25 finished with value: 3.377925157546997 and parameters: {'gradient_clip_val': 0.46939456375853744, 'hidden_size': 114, 'dropout': 0.14224404079925754, 'hidden_continuous_size': 55, 'attention_head_size': 2, 'learning_rate': 0.001230950388663209}. Best is trial 0 with value: 0.12547533214092255.
[I 2023-12-27 11:42:19,944] Trial 26 finished with value: 2.8997154235839844 and parameters: {'gradient_clip_val': 0.7377378061468354, 'hidden_size': 150, 'dropout': 0.24415337206284984, 'hidden_continuous_size': 32, 'attention_head_size': 3, 'learning_rate': 0.0007450874515192041}. Best is trial 0 with value: 0.12547533214092255.
[I 2023-12-27 11:42:20,400] Trial 27 finished with value: 3.2983968257904053 and parameters: {'gradient_clip_val': 0.5467620318961764, 'hidden_size': 79, 'dropout': 0.3080954970370543, 'hidden_continuous_size': 43, 'attention_head_size': 1, 'learning_rate': 0.002336915509662082}. Best is trial 0 with value: 0.12547533214092255.
[I 2023-12-27 11:42:20,919] Trial 28 finished with value: 2.756837844848633 and parameters: {'gradient_clip_val': 0.38971088989144526, 'hidden_size': 115, 'dropout': 0.20668163677977208, 'hidden_continuous_size': 62, 'attention_head_size': 2, 'learning_rate': 0.001430008813316732}. Best is trial 0 with value: 0.12547533214092255.
[I 2023-12-27 11:42:21,324] Trial 29 finished with value: 1.9994741678237915 and parameters: {'gradient_clip_val': 0.3065778699608388, 'hidden_size': 56, 'dropout': 0.28226707942205137, 'hidden_continuous_size': 29, 'attention_head_size': 3, 'learning_rate': 0.0005208497080648393}. Best is trial 0 with value: 0.12547533214092255.
[I 2023-12-27 11:42:21,764] Trial 30 finished with value: 2.3134021759033203 and parameters: {'gradient_clip_val': 0.18967162550912728, 'hidden_size': 81, 'dropout': 0.24950885868385209, 'hidden_continuous_size': 42, 'attention_head_size': 1, 'learning_rate': 0.005275144118084966}. Best is trial 0 with value: 0.12547533214092255.
[I 2023-12-27 11:42:22,174] Trial 31 finished with value: 2.884182929992676 and parameters: {'gradient_clip_val': 0.288377187741618, 'hidden_size': 53, 'dropout': 0.27389341927027155, 'hidden_continuous_size': 30, 'attention_head_size': 3, 'learning_rate': 0.0005637780015286966}. Best is trial 0 with value: 0.12547533214092255.
[I 2023-12-27 11:42:22,661] Trial 32 finished with value: 2.809432029724121 and parameters: {'gradient_clip_val': 0.31797165181422654, 'hidden_size': 116, 'dropout': 0.26302203278991315, 'hidden_continuous_size': 22, 'attention_head_size': 3, 'learning_rate': 0.0009337300996372084}. Best is trial 0 with value: 0.12547533214092255.
[I 2023-12-27 11:42:23,125] Trial 33 finished with value: 2.868809461593628 and parameters: {'gradient_clip_val': 0.3540500729778312, 'hidden_size': 73, 'dropout': 0.3047312708060299, 'hidden_continuous_size': 39, 'attention_head_size': 3, 'learning_rate': 0.0007614103670926515}. Best is trial 0 with value: 0.12547533214092255.
[I 2023-12-27 11:42:23,599] Trial 34 finished with value: 2.931072235107422 and parameters: {'gradient_clip_val': 0.44698294761247, 'hidden_size': 94, 'dropout': 0.33837473439813, 'hidden_continuous_size': 27, 'attention_head_size': 3, 'learning_rate': 0.0005259473250244866}. Best is trial 0 with value: 0.12547533214092255.
[I 2023-12-27 11:42:24,013] Trial 35 finished with value: 2.9890902042388916 and parameters: {'gradient_clip_val': 0.245583472425481, 'hidden_size': 58, 'dropout': 0.36440337680829554, 'hidden_continuous_size': 35, 'attention_head_size': 2, 'learning_rate': 0.001041897084447883}. Best is trial 0 with value: 0.12547533214092255.
[I 2023-12-27 11:42:24,413] Trial 36 finished with value: 3.440540075302124 and parameters: {'gradient_clip_val': 0.3587398136018145, 'hidden_size': 45, 'dropout': 0.28890883893058117, 'hidden_continuous_size': 30, 'attention_head_size': 3, 'learning_rate': 0.002044452339687107}. Best is trial 0 with value: 0.12547533214092255.
[I 2023-12-27 11:42:24,840] Trial 37 finished with value: 2.780808448791504 and parameters: {'gradient_clip_val': 0.1670013438621118, 'hidden_size': 67, 'dropout': 0.49260833715343527, 'hidden_continuous_size': 38, 'attention_head_size': 2, 'learning_rate': 0.0007098743412239902}. Best is trial 0 with value: 0.12547533214092255.
[I 2023-12-27 11:42:25,602] Trial 38 finished with value: 3.410850763320923 and parameters: {'gradient_clip_val': 0.2171506781994564, 'hidden_size': 124, 'dropout': 0.38327947489026853, 'hidden_continuous_size': 72, 'attention_head_size': 4, 'learning_rate': 0.0014219775496447026}. Best is trial 0 with value: 0.12547533214092255.
[I 2023-12-27 11:42:26,067] Trial 39 finished with value: 2.621145009994507 and parameters: {'gradient_clip_val': 0.14178859433682928, 'hidden_size': 88, 'dropout': 0.3476073120437517, 'hidden_continuous_size': 48, 'attention_head_size': 2, 'learning_rate': 0.0009878292679008007}. Best is trial 0 with value: 0.12547533214092255.
[I 2023-12-27 11:42:26,593] Trial 40 finished with value: 2.3902013301849365 and parameters: {'gradient_clip_val': 0.2522959494204064, 'hidden_size': 127, 'dropout': 0.3969789268882592, 'hidden_continuous_size': 21, 'attention_head_size': 1, 'learning_rate': 0.0006653667161725662}. Best is trial 0 with value: 0.12547533214092255.
[I 2023-12-27 11:42:27,258] Trial 41 finished with value: 2.5017106533050537 and parameters: {'gradient_clip_val': 0.5372771952365509, 'hidden_size': 143, 'dropout': 0.22653618318524205, 'hidden_continuous_size': 128, 'attention_head_size': 1, 'learning_rate': 0.0011432702122701423}. Best is trial 0 with value: 0.12547533214092255.
[I 2023-12-27 11:42:27,744] Trial 42 finished with value: 4.045323371887207 and parameters: {'gradient_clip_val': 0.5190572104459257, 'hidden_size': 102, 'dropout': 0.22006576398152397, 'hidden_continuous_size': 5, 'attention_head_size': 1, 'learning_rate': 0.0009006973802822908}. Best is trial 0 with value: 0.12547533214092255.
[I 2023-12-27 11:42:28,363] Trial 43 finished with value: 1.9473708868026733 and parameters: {'gradient_clip_val': 0.5951612211582964, 'hidden_size': 146, 'dropout': 0.3177962091011332, 'hidden_continuous_size': 103, 'attention_head_size': 1, 'learning_rate': 0.0006303758139918018}. Best is trial 0 with value: 0.12547533214092255.
[I 2023-12-27 11:42:28,869] Trial 44 finished with value: 3.6544673442840576 and parameters: {'gradient_clip_val': 0.4440800461102239, 'hidden_size': 102, 'dropout': 0.3127669090369806, 'hidden_continuous_size': 67, 'attention_head_size': 1, 'learning_rate': 0.0006121504973681266}. Best is trial 0 with value: 0.12547533214092255.
[I 2023-12-27 11:42:29,430] Trial 45 finished with value: 2.470576763153076 and parameters: {'gradient_clip_val': 0.10235054365508414, 'hidden_size': 126, 'dropout': 0.25542680856826183, 'hidden_continuous_size': 81, 'attention_head_size': 3, 'learning_rate': 0.0005309017896983865}. Best is trial 0 with value: 0.12547533214092255.
[I 2023-12-27 11:42:29,883] Trial 46 finished with value: 3.837613105773926 and parameters: {'gradient_clip_val': 0.4899710168460617, 'hidden_size': 75, 'dropout': 0.3691764650065017, 'hidden_continuous_size': 49, 'attention_head_size': 1, 'learning_rate': 0.0015556616555184176}. Best is trial 0 with value: 0.12547533214092255.
[I 2023-12-27 11:42:30,355] Trial 47 finished with value: 2.497652530670166 and parameters: {'gradient_clip_val': 0.6469641063531565, 'hidden_size': 96, 'dropout': 0.33209915359742903, 'hidden_continuous_size': 57, 'attention_head_size': 2, 'learning_rate': 0.0006548870575733724}. Best is trial 0 with value: 0.12547533214092255.
[I 2023-12-27 11:42:30,895] Trial 48 finished with value: 3.090611219406128 and parameters: {'gradient_clip_val': 0.32000729502186376, 'hidden_size': 133, 'dropout': 0.2679299048988083, 'hidden_continuous_size': 28, 'attention_head_size': 3, 'learning_rate': 0.001331536131276489}. Best is trial 0 with value: 0.12547533214092255.
[I 2023-12-27 11:42:31,356] Trial 49 finished with value: 3.741924524307251 and parameters: {'gradient_clip_val': 0.19048462374555725, 'hidden_size': 86, 'dropout': 0.3208461192847157, 'hidden_continuous_size': 33, 'attention_head_size': 4, 'learning_rate': 0.0008704155159919017}. Best is trial 0 with value: 0.12547533214092255.
[I 2023-12-27 11:42:31,464] A new study created in memory with name: no-name-2b74c785-fec2-422a-a4f7-02c9f6b4e5e7
/home/le004/conda/anaconda3/envs/tsff_env/lib/python3.9/site-packages/lightning/fabric/plugins/environments/slurm.py:191: The `srun` command is available on your system but is not used. HINT: If your intention is to run Lightning on SLURM, prepend your python command with `srun` like so: srun python /home/le004/master_thesis/git/TSFusionForecast/code/ ...
[I 2023-12-27 11:43:00,846] Trial 0 finished with value: 0.7037243247032166 and parameters: {'gradient_clip_val': 0.5472270227339845, 'hidden_size': 8, 'dropout': 0.3080704297002492, 'hidden_continuous_size': 5, 'attention_head_size': 2, 'learning_rate': 0.0018795416843520238}. Best is trial 0 with value: 0.7037243247032166.
[I 2023-12-27 11:43:28,412] Trial 1 finished with value: 0.0729808583855629 and parameters: {'gradient_clip_val': 0.31611257949139004, 'hidden_size': 52, 'dropout': 0.15135515650963713, 'hidden_continuous_size': 6, 'attention_head_size': 2, 'learning_rate': 0.09505124719325041}. Best is trial 1 with value: 0.0729808583855629.
[I 2023-12-27 11:43:28,780] Trial 2 finished with value: 2.0810182094573975 and parameters: {'gradient_clip_val': 0.8026634253015595, 'hidden_size': 35, 'dropout': 0.12859401542619647, 'hidden_continuous_size': 20, 'attention_head_size': 3, 'learning_rate': 0.001166832920767862}. Best is trial 1 with value: 0.0729808583855629.
[I 2023-12-27 11:43:29,154] Trial 3 finished with value: 2.0266239643096924 and parameters: {'gradient_clip_val': 0.15126239101257713, 'hidden_size': 34, 'dropout': 0.2603200622719527, 'hidden_continuous_size': 23, 'attention_head_size': 4, 'learning_rate': 0.06886562043448193}. Best is trial 1 with value: 0.0729808583855629.
[I 2023-12-27 11:43:29,460] Trial 4 finished with value: 2.1380937099456787 and parameters: {'gradient_clip_val': 0.7919677460636853, 'hidden_size': 5, 'dropout': 0.3490784325910784, 'hidden_continuous_size': 5, 'attention_head_size': 2, 'learning_rate': 0.0019096569126234736}. Best is trial 1 with value: 0.0729808583855629.
[I 2023-12-27 11:43:29,800] Trial 5 finished with value: 2.5000109672546387 and parameters: {'gradient_clip_val': 0.6593855985787291, 'hidden_size': 24, 'dropout': 0.3827284525953124, 'hidden_continuous_size': 6, 'attention_head_size': 1, 'learning_rate': 0.0023002263252097054}. Best is trial 1 with value: 0.0729808583855629.
[I 2023-12-27 11:43:30,146] Trial 6 finished with value: 1.938534140586853 and parameters: {'gradient_clip_val': 0.18684049175555356, 'hidden_size': 32, 'dropout': 0.1951375167592389, 'hidden_continuous_size': 5, 'attention_head_size': 1, 'learning_rate': 0.015014851232989922}. Best is trial 1 with value: 0.0729808583855629.
[I 2023-12-27 11:43:30,515] Trial 7 finished with value: 2.6948108673095703 and parameters: {'gradient_clip_val': 0.14503377324179395, 'hidden_size': 31, 'dropout': 0.44214340003911057, 'hidden_continuous_size': 15, 'attention_head_size': 2, 'learning_rate': 0.0013877754495214695}. Best is trial 1 with value: 0.0729808583855629.
[I 2023-12-27 11:43:30,998] Trial 8 finished with value: 2.590677499771118 and parameters: {'gradient_clip_val': 0.17764067322686855, 'hidden_size': 124, 'dropout': 0.13749685536042275, 'hidden_continuous_size': 17, 'attention_head_size': 1, 'learning_rate': 0.0023159473672108525}. Best is trial 1 with value: 0.0729808583855629.
[I 2023-12-27 11:43:31,453] Trial 9 finished with value: 2.1849205493927 and parameters: {'gradient_clip_val': 0.29274511478591797, 'hidden_size': 89, 'dropout': 0.4314933036921377, 'hidden_continuous_size': 52, 'attention_head_size': 4, 'learning_rate': 0.0005369798507351379}. Best is trial 1 with value: 0.0729808583855629.
[I 2023-12-27 11:43:31,860] Trial 10 finished with value: 2.8055241107940674 and parameters: {'gradient_clip_val': 0.1005491583805461, 'hidden_size': 58, 'dropout': 0.22180081266125135, 'hidden_continuous_size': 8, 'attention_head_size': 3, 'learning_rate': 0.08913506674657515}. Best is trial 1 with value: 0.0729808583855629.
[I 2023-12-27 11:43:32,428] Trial 11 finished with value: 2.7577638626098633 and parameters: {'gradient_clip_val': 0.43297341338295425, 'hidden_size': 11, 'dropout': 0.29984421552905693, 'hidden_continuous_size': 5, 'attention_head_size': 2, 'learning_rate': 0.008440391342610576}. Best is trial 1 with value: 0.0729808583855629.
[I 2023-12-27 11:43:32,796] Trial 12 finished with value: 1.9582796096801758 and parameters: {'gradient_clip_val': 0.4384271271763814, 'hidden_size': 14, 'dropout': 0.2966985744098927, 'hidden_continuous_size': 6, 'attention_head_size': 2, 'learning_rate': 0.03247363111107693}. Best is trial 1 with value: 0.0729808583855629.
[I 2023-12-27 11:43:33,218] Trial 13 finished with value: 2.491229295730591 and parameters: {'gradient_clip_val': 0.31245796712103807, 'hidden_size': 65, 'dropout': 0.4974478567382582, 'hidden_continuous_size': 9, 'attention_head_size': 3, 'learning_rate': 0.0053852861927552505}. Best is trial 1 with value: 0.0729808583855629.
[I 2023-12-27 11:43:33,560] Trial 14 finished with value: 3.7926578521728516 and parameters: {'gradient_clip_val': 0.524768794848729, 'hidden_size': 5, 'dropout': 0.18959276370148415, 'hidden_continuous_size': 5, 'attention_head_size': 2, 'learning_rate': 0.0336994746734643}. Best is trial 1 with value: 0.0729808583855629.
[I 2023-12-27 11:43:33,935] Trial 15 finished with value: 2.5251665115356445 and parameters: {'gradient_clip_val': 0.9421794663481788, 'hidden_size': 11, 'dropout': 0.11528669135598724, 'hidden_continuous_size': 6, 'attention_head_size': 3, 'learning_rate': 0.004809113341538021}. Best is trial 1 with value: 0.0729808583855629.
[I 2023-12-27 11:43:34,311] Trial 16 finished with value: 2.68711256980896 and parameters: {'gradient_clip_val': 0.27049149796137856, 'hidden_size': 18, 'dropout': 0.24489243797534377, 'hidden_continuous_size': 7, 'attention_head_size': 1, 'learning_rate': 0.017422044950600787}. Best is trial 1 with value: 0.0729808583855629.
[I 2023-12-27 11:43:34,682] Trial 17 finished with value: 2.250662088394165 and parameters: {'gradient_clip_val': 0.41527831295305406, 'hidden_size': 7, 'dropout': 0.16490307511119856, 'hidden_continuous_size': 5, 'attention_head_size': 2, 'learning_rate': 0.0998891853986839}. Best is trial 1 with value: 0.0729808583855629.
[I 2023-12-27 11:43:35,091] Trial 18 finished with value: 2.6652746200561523 and parameters: {'gradient_clip_val': 0.6005627613911929, 'hidden_size': 50, 'dropout': 0.26539964506607855, 'hidden_continuous_size': 10, 'attention_head_size': 3, 'learning_rate': 0.00376107566028969}. Best is trial 1 with value: 0.0729808583855629.
[I 2023-12-27 11:43:35,458] Trial 19 finished with value: 1.8340827226638794 and parameters: {'gradient_clip_val': 0.35968159028151253, 'hidden_size': 18, 'dropout': 0.21309922467868417, 'hidden_continuous_size': 6, 'attention_head_size': 1, 'learning_rate': 0.011444007716203226}. Best is trial 1 with value: 0.0729808583855629.
[I 2023-12-27 11:43:35,856] Trial 20 finished with value: 2.871669054031372 and parameters: {'gradient_clip_val': 0.24496905182583129, 'hidden_size': 50, 'dropout': 0.3410499064201371, 'hidden_continuous_size': 11, 'attention_head_size': 2, 'learning_rate': 0.00728888516119984}. Best is trial 1 with value: 0.0729808583855629.
[I 2023-12-27 11:43:36,216] Trial 21 finished with value: 2.215284824371338 and parameters: {'gradient_clip_val': 0.35576500896772845, 'hidden_size': 18, 'dropout': 0.10432729872328395, 'hidden_continuous_size': 6, 'attention_head_size': 1, 'learning_rate': 0.012046566191211411}. Best is trial 1 with value: 0.0729808583855629.
[I 2023-12-27 11:43:36,572] Trial 22 finished with value: 2.6154403686523438 and parameters: {'gradient_clip_val': 0.3639800713586999, 'hidden_size': 9, 'dropout': 0.1737315328478098, 'hidden_continuous_size': 5, 'attention_head_size': 1, 'learning_rate': 0.05148417806873619}. Best is trial 1 with value: 0.0729808583855629.
[I 2023-12-27 11:43:36,944] Trial 23 finished with value: 2.3110549449920654 and parameters: {'gradient_clip_val': 0.5158980220566076, 'hidden_size': 21, 'dropout': 0.15829717575800814, 'hidden_continuous_size': 7, 'attention_head_size': 2, 'learning_rate': 0.02736446543974328}. Best is trial 1 with value: 0.0729808583855629.
[I 2023-12-27 11:43:37,295] Trial 24 finished with value: 2.5130767822265625 and parameters: {'gradient_clip_val': 0.34185854232724877, 'hidden_size': 7, 'dropout': 0.21930764356723742, 'hidden_continuous_size': 5, 'attention_head_size': 1, 'learning_rate': 0.05403115190776369}. Best is trial 1 with value: 0.0729808583855629.
[I 2023-12-27 11:43:37,883] Trial 25 finished with value: 2.2912118434906006 and parameters: {'gradient_clip_val': 0.2507141484020926, 'hidden_size': 14, 'dropout': 0.22163860860378037, 'hidden_continuous_size': 6, 'attention_head_size': 2, 'learning_rate': 0.010814572561898906}. Best is trial 1 with value: 0.0729808583855629.
[I 2023-12-27 11:43:38,279] Trial 26 finished with value: 2.1724154949188232 and parameters: {'gradient_clip_val': 0.5010182696607035, 'hidden_size': 42, 'dropout': 0.14084602050184047, 'hidden_continuous_size': 8, 'attention_head_size': 1, 'learning_rate': 0.022024275899836625}. Best is trial 1 with value: 0.0729808583855629.
[I 2023-12-27 11:43:38,669] Trial 27 finished with value: 2.1297991275787354 and parameters: {'gradient_clip_val': 0.38911516431015164, 'hidden_size': 25, 'dropout': 0.1964591304503487, 'hidden_continuous_size': 7, 'attention_head_size': 2, 'learning_rate': 0.04448490885815268}. Best is trial 1 with value: 0.0729808583855629.
[I 2023-12-27 11:43:39,066] Trial 28 finished with value: 3.2213008403778076 and parameters: {'gradient_clip_val': 0.3069776017729961, 'hidden_size': 19, 'dropout': 0.10034882334539434, 'hidden_continuous_size': 6, 'attention_head_size': 3, 'learning_rate': 0.01977928780712649}. Best is trial 1 with value: 0.0729808583855629.
[I 2023-12-27 11:43:39,459] Trial 29 finished with value: 1.7091137170791626 and parameters: {'gradient_clip_val': 0.7155745648364913, 'hidden_size': 27, 'dropout': 0.13284435210961798, 'hidden_continuous_size': 8, 'attention_head_size': 4, 'learning_rate': 0.010198374964861928}. Best is trial 1 with value: 0.0729808583855629.
[I 2023-12-27 11:43:39,847] Trial 30 finished with value: 2.109534502029419 and parameters: {'gradient_clip_val': 0.7598712123659969, 'hidden_size': 26, 'dropout': 0.13825353195113066, 'hidden_continuous_size': 7, 'attention_head_size': 4, 'learning_rate': 0.003438211256743184}. Best is trial 1 with value: 0.0729808583855629.
[I 2023-12-27 11:43:40,245] Trial 31 finished with value: 2.3582699298858643 and parameters: {'gradient_clip_val': 0.6454141177997015, 'hidden_size': 39, 'dropout': 0.15855299697233077, 'hidden_continuous_size': 8, 'attention_head_size': 4, 'learning_rate': 0.012056378297696646}. Best is trial 1 with value: 0.0729808583855629.
[I 2023-12-27 11:43:40,647] Trial 32 finished with value: 3.2803804874420166 and parameters: {'gradient_clip_val': 0.9002933963859234, 'hidden_size': 31, 'dropout': 0.12974606267400712, 'hidden_continuous_size': 9, 'attention_head_size': 4, 'learning_rate': 0.006771883825884845}. Best is trial 1 with value: 0.0729808583855629.
[I 2023-12-27 11:43:41,052] Trial 33 finished with value: 2.209874391555786 and parameters: {'gradient_clip_val': 0.7007090766113839, 'hidden_size': 37, 'dropout': 0.1844951133040857, 'hidden_continuous_size': 12, 'attention_head_size': 3, 'learning_rate': 0.009435986193813193}. Best is trial 1 with value: 0.0729808583855629.
[I 2023-12-27 11:43:41,431] Trial 34 finished with value: 2.1715219020843506 and parameters: {'gradient_clip_val': 0.581505348619557, 'hidden_size': 15, 'dropout': 0.26918638183708044, 'hidden_continuous_size': 7, 'attention_head_size': 2, 'learning_rate': 0.015756129934564368}. Best is trial 1 with value: 0.0729808583855629.
