[I 2023-12-27 11:36:48,220] Trial 20 finished with value: 7.522641658782959 and parameters: {'gradient_clip_val': 0.30187713451890213, 'hidden_size': 95, 'dropout': 0.4547660496946233, 'hidden_continuous_size': 33, 'attention_head_size': 4, 'learning_rate': 0.017838457800976475}. Best is trial 0 with value: 0.2853720188140869.
[I 2023-12-27 11:36:48,661] Trial 21 finished with value: 4.607361316680908 and parameters: {'gradient_clip_val': 0.18143568801717894, 'hidden_size': 61, 'dropout': 0.429308299628334, 'hidden_continuous_size': 28, 'attention_head_size': 1, 'learning_rate': 0.001096297468727494}. Best is trial 0 with value: 0.2853720188140869.
[I 2023-12-27 11:36:49,112] Trial 22 finished with value: 4.698949337005615 and parameters: {'gradient_clip_val': 0.1460102060931896, 'hidden_size': 63, 'dropout': 0.39198956524192996, 'hidden_continuous_size': 36, 'attention_head_size': 1, 'learning_rate': 0.0012769190960007872}. Best is trial 0 with value: 0.2853720188140869.
[I 2023-12-27 11:36:49,626] Trial 23 finished with value: 5.184168815612793 and parameters: {'gradient_clip_val': 0.19574500539295162, 'hidden_size': 116, 'dropout': 0.3572897301660688, 'hidden_continuous_size': 45, 'attention_head_size': 1, 'learning_rate': 0.0007937775983016763}. Best is trial 0 with value: 0.2853720188140869.
[I 2023-12-27 11:36:50,070] Trial 24 finished with value: 5.890296936035156 and parameters: {'gradient_clip_val': 0.12835361331840703, 'hidden_size': 83, 'dropout': 0.438457828419864, 'hidden_continuous_size': 14, 'attention_head_size': 1, 'learning_rate': 0.0018862731663557334}. Best is trial 0 with value: 0.2853720188140869.
[I 2023-12-27 11:36:50,879] Trial 25 finished with value: 5.886753082275391 and parameters: {'gradient_clip_val': 0.2573457253538843, 'hidden_size': 150, 'dropout': 0.39928062654983243, 'hidden_continuous_size': 19, 'attention_head_size': 2, 'learning_rate': 0.001025282209898471}. Best is trial 0 with value: 0.2853720188140869.
[I 2023-12-27 11:36:51,351] Trial 26 finished with value: 4.567707538604736 and parameters: {'gradient_clip_val': 0.1626188156734801, 'hidden_size': 78, 'dropout': 0.45447396920667193, 'hidden_continuous_size': 11, 'attention_head_size': 3, 'learning_rate': 0.002974464296567001}. Best is trial 0 with value: 0.2853720188140869.
[I 2023-12-27 11:36:51,777] Trial 27 finished with value: 5.457832336425781 and parameters: {'gradient_clip_val': 0.19424518105209732, 'hidden_size': 53, 'dropout': 0.3460122441372412, 'hidden_continuous_size': 16, 'attention_head_size': 2, 'learning_rate': 0.0036580149952048693}. Best is trial 0 with value: 0.2853720188140869.
[I 2023-12-27 11:36:52,280] Trial 28 finished with value: 4.675346851348877 and parameters: {'gradient_clip_val': 0.2211399881129525, 'hidden_size': 113, 'dropout': 0.38576517103635255, 'hidden_continuous_size': 28, 'attention_head_size': 1, 'learning_rate': 0.0018838989437288596}. Best is trial 0 with value: 0.2853720188140869.
[I 2023-12-27 11:36:52,738] Trial 29 finished with value: 3.9773147106170654 and parameters: {'gradient_clip_val': 0.28528409464881455, 'hidden_size': 76, 'dropout': 0.408992703511898, 'hidden_continuous_size': 45, 'attention_head_size': 2, 'learning_rate': 0.0071351451883976446}. Best is trial 0 with value: 0.2853720188140869.
[I 2023-12-27 11:36:53,275] Trial 30 finished with value: 5.0264973640441895 and parameters: {'gradient_clip_val': 0.1252163168707482, 'hidden_size': 120, 'dropout': 0.2975233374825063, 'hidden_continuous_size': 66, 'attention_head_size': 3, 'learning_rate': 0.0007762795928167261}. Best is trial 0 with value: 0.2853720188140869.
[I 2023-12-27 11:36:53,741] Trial 31 finished with value: 5.412359714508057 and parameters: {'gradient_clip_val': 0.3025767972793188, 'hidden_size': 86, 'dropout': 0.4146861415996813, 'hidden_continuous_size': 46, 'attention_head_size': 2, 'learning_rate': 0.00673957762457}. Best is trial 0 with value: 0.2853720188140869.
[I 2023-12-27 11:36:54,199] Trial 32 finished with value: 4.317842483520508 and parameters: {'gradient_clip_val': 0.17033980199005552, 'hidden_size': 69, 'dropout': 0.3804257359991022, 'hidden_continuous_size': 35, 'attention_head_size': 2, 'learning_rate': 0.0021396690924920633}. Best is trial 0 with value: 0.2853720188140869.
[I 2023-12-27 11:36:54,612] Trial 33 finished with value: 4.944761753082275 and parameters: {'gradient_clip_val': 0.26713589787244757, 'hidden_size': 50, 'dropout': 0.4055185778197139, 'hidden_continuous_size': 30, 'attention_head_size': 2, 'learning_rate': 0.0040464298889876914}. Best is trial 0 with value: 0.2853720188140869.
[I 2023-12-27 11:36:55,076] Trial 34 finished with value: 5.50634765625 and parameters: {'gradient_clip_val': 0.21737944664837805, 'hidden_size': 74, 'dropout': 0.34310296000403057, 'hidden_continuous_size': 41, 'attention_head_size': 3, 'learning_rate': 0.0015369149170273296}. Best is trial 0 with value: 0.2853720188140869.
[I 2023-12-27 11:36:55,631] Trial 35 finished with value: 4.123716354370117 and parameters: {'gradient_clip_val': 0.2299515779468809, 'hidden_size': 126, 'dropout': 0.4468588998263134, 'hidden_continuous_size': 63, 'attention_head_size': 1, 'learning_rate': 0.004923575725268762}. Best is trial 0 with value: 0.2853720188140869.
[I 2023-12-27 11:36:56,134] Trial 36 finished with value: 5.095954418182373 and parameters: {'gradient_clip_val': 0.349780782607117, 'hidden_size': 97, 'dropout': 0.3713915150551258, 'hidden_continuous_size': 57, 'attention_head_size': 3, 'learning_rate': 0.0031853590418075943}. Best is trial 0 with value: 0.2853720188140869.
[I 2023-12-27 11:36:56,628] Trial 37 finished with value: 4.980534553527832 and parameters: {'gradient_clip_val': 0.15931670016405, 'hidden_size': 100, 'dropout': 0.46436930957259703, 'hidden_continuous_size': 49, 'attention_head_size': 2, 'learning_rate': 0.006134942017952088}. Best is trial 0 with value: 0.2853720188140869.
[I 2023-12-27 11:36:57,489] Trial 38 finished with value: 4.122947692871094 and parameters: {'gradient_clip_val': 0.18969546944575721, 'hidden_size': 145, 'dropout': 0.4346415929596978, 'hidden_continuous_size': 128, 'attention_head_size': 1, 'learning_rate': 0.009540211993076624}. Best is trial 0 with value: 0.2853720188140869.
[I 2023-12-27 11:36:57,940] Trial 39 finished with value: 5.143576622009277 and parameters: {'gradient_clip_val': 0.2633101032197319, 'hidden_size': 71, 'dropout': 0.48150601325646464, 'hidden_continuous_size': 23, 'attention_head_size': 3, 'learning_rate': 0.0023679125995625964}. Best is trial 0 with value: 0.2853720188140869.
[I 2023-12-27 11:36:58,319] Trial 40 finished with value: 5.133523464202881 and parameters: {'gradient_clip_val': 0.21382334452304846, 'hidden_size': 36, 'dropout': 0.40684963964259446, 'hidden_continuous_size': 6, 'attention_head_size': 4, 'learning_rate': 0.004761467274017509}. Best is trial 0 with value: 0.2853720188140869.
[I 2023-12-27 11:36:58,967] Trial 41 finished with value: 4.934937953948975 and parameters: {'gradient_clip_val': 0.17665697079218928, 'hidden_size': 148, 'dropout': 0.43046472642623496, 'hidden_continuous_size': 138, 'attention_head_size': 1, 'learning_rate': 0.009075159626598604}. Best is trial 0 with value: 0.2853720188140869.
[I 2023-12-27 11:36:59,489] Trial 42 finished with value: 3.914707899093628 and parameters: {'gradient_clip_val': 0.19218455431490356, 'hidden_size': 127, 'dropout': 0.43756294674608454, 'hidden_continuous_size': 35, 'attention_head_size': 1, 'learning_rate': 0.008004423127295473}. Best is trial 0 with value: 0.2853720188140869.
[I 2023-12-27 11:37:00,000] Trial 43 finished with value: 4.913014888763428 and parameters: {'gradient_clip_val': 0.141734135083751, 'hidden_size': 121, 'dropout': 0.39227188851386546, 'hidden_continuous_size': 41, 'attention_head_size': 1, 'learning_rate': 0.007456399071626711}. Best is trial 0 with value: 0.2853720188140869.
[I 2023-12-27 11:37:00,444] Trial 44 finished with value: 3.420869827270508 and parameters: {'gradient_clip_val': 0.19863564304951226, 'hidden_size': 82, 'dropout': 0.4699729724802937, 'hidden_continuous_size': 37, 'attention_head_size': 2, 'learning_rate': 0.003844026947857101}. Best is trial 0 with value: 0.2853720188140869.
[I 2023-12-27 11:37:00,904] Trial 45 finished with value: 4.169168949127197 and parameters: {'gradient_clip_val': 0.19852367552416791, 'hidden_size': 90, 'dropout': 0.47200716200733517, 'hidden_continuous_size': 25, 'attention_head_size': 1, 'learning_rate': 0.06098301682709244}. Best is trial 0 with value: 0.2853720188140869.
[I 2023-12-27 11:37:01,429] Trial 46 finished with value: 4.898507118225098 and parameters: {'gradient_clip_val': 0.24082578452967796, 'hidden_size': 125, 'dropout': 0.4509541416312554, 'hidden_continuous_size': 39, 'attention_head_size': 2, 'learning_rate': 0.014363654254587148}. Best is trial 0 with value: 0.2853720188140869.
[I 2023-12-27 11:37:01,912] Trial 47 finished with value: 5.631814479827881 and parameters: {'gradient_clip_val': 0.16669555070151013, 'hidden_size': 103, 'dropout': 0.47539848185128036, 'hidden_continuous_size': 32, 'attention_head_size': 1, 'learning_rate': 0.0038481232469630877}. Best is trial 0 with value: 0.2853720188140869.
[I 2023-12-27 11:37:02,391] Trial 48 finished with value: 5.263686180114746 and parameters: {'gradient_clip_val': 0.24111902757013773, 'hidden_size': 105, 'dropout': 0.4959960013328948, 'hidden_continuous_size': 26, 'attention_head_size': 2, 'learning_rate': 0.002550809250081827}. Best is trial 0 with value: 0.2853720188140869.
[I 2023-12-27 11:37:02,931] Trial 49 finished with value: 3.241185188293457 and parameters: {'gradient_clip_val': 0.18402499017456608, 'hidden_size': 133, 'dropout': 0.4266513279835077, 'hidden_continuous_size': 33, 'attention_head_size': 3, 'learning_rate': 0.0012942189753152684}. Best is trial 0 with value: 0.2853720188140869.
[I 2023-12-27 11:37:03,036] A new study created in memory with name: no-name-b252999c-b13c-4063-a364-3f348f2b4822
/home/le004/conda/anaconda3/envs/tsff_env/lib/python3.9/site-packages/lightning/fabric/plugins/environments/slurm.py:191: The `srun` command is available on your system but is not used. HINT: If your intention is to run Lightning on SLURM, prepend your python command with `srun` like so: srun python /home/le004/master_thesis/git/TSFusionForecast/code/ ...
[I 2023-12-27 11:37:36,475] Trial 0 finished with value: 0.11502297967672348 and parameters: {'gradient_clip_val': 0.161685252092171, 'hidden_size': 30, 'dropout': 0.232950651220433, 'hidden_continuous_size': 11, 'attention_head_size': 2, 'learning_rate': 0.0052704003882027076}. Best is trial 0 with value: 0.11502297967672348.
[I 2023-12-27 11:37:46,251] Trial 1 finished with value: 4.330094337463379 and parameters: {'gradient_clip_val': 0.9677072698986874, 'hidden_size': 14, 'dropout': 0.4121626534327887, 'hidden_continuous_size': 5, 'attention_head_size': 2, 'learning_rate': 0.001483345377560355}. Best is trial 0 with value: 0.11502297967672348.
[I 2023-12-27 11:37:46,614] Trial 2 finished with value: 4.4371657371521 and parameters: {'gradient_clip_val': 0.1591168356424841, 'hidden_size': 18, 'dropout': 0.31801743230501245, 'hidden_continuous_size': 7, 'attention_head_size': 3, 'learning_rate': 0.0008815303829050975}. Best is trial 0 with value: 0.11502297967672348.
[I 2023-12-27 11:37:46,970] Trial 3 finished with value: 3.001563310623169 and parameters: {'gradient_clip_val': 0.1917264635302709, 'hidden_size': 10, 'dropout': 0.39493291524284346, 'hidden_continuous_size': 9, 'attention_head_size': 4, 'learning_rate': 0.006651344234823207}. Best is trial 0 with value: 0.11502297967672348.
[I 2023-12-27 11:37:47,329] Trial 4 finished with value: 3.2726898193359375 and parameters: {'gradient_clip_val': 0.2821049718571251, 'hidden_size': 14, 'dropout': 0.46986625283957006, 'hidden_continuous_size': 12, 'attention_head_size': 2, 'learning_rate': 0.006386197406430124}. Best is trial 0 with value: 0.11502297967672348.
[I 2023-12-27 11:37:47,716] Trial 5 finished with value: 3.8962552547454834 and parameters: {'gradient_clip_val': 0.29517740804487863, 'hidden_size': 44, 'dropout': 0.3028898354489812, 'hidden_continuous_size': 8, 'attention_head_size': 3, 'learning_rate': 0.0016194067735460181}. Best is trial 0 with value: 0.11502297967672348.
[I 2023-12-27 11:37:48,058] Trial 6 finished with value: 2.337402582168579 and parameters: {'gradient_clip_val': 0.27875927239973874, 'hidden_size': 16, 'dropout': 0.12198498880589602, 'hidden_continuous_size': 5, 'attention_head_size': 1, 'learning_rate': 0.022168740068011998}. Best is trial 0 with value: 0.11502297967672348.
[I 2023-12-27 11:37:48,389] Trial 7 finished with value: 3.4930989742279053 and parameters: {'gradient_clip_val': 0.26987379094932307, 'hidden_size': 7, 'dropout': 0.43493883857491444, 'hidden_continuous_size': 7, 'attention_head_size': 2, 'learning_rate': 0.0006964382912655154}. Best is trial 0 with value: 0.11502297967672348.
[I 2023-12-27 11:37:48,777] Trial 8 finished with value: 3.181833505630493 and parameters: {'gradient_clip_val': 0.40024496080304983, 'hidden_size': 29, 'dropout': 0.389786117587836, 'hidden_continuous_size': 7, 'attention_head_size': 3, 'learning_rate': 0.007764972876148902}. Best is trial 0 with value: 0.11502297967672348.
[I 2023-12-27 11:37:49,146] Trial 9 finished with value: 4.163313388824463 and parameters: {'gradient_clip_val': 0.8047567312682304, 'hidden_size': 37, 'dropout': 0.31800200687141733, 'hidden_continuous_size': 10, 'attention_head_size': 2, 'learning_rate': 0.03533930840890169}. Best is trial 0 with value: 0.11502297967672348.
[I 2023-12-27 11:37:49,674] Trial 10 finished with value: 3.4617631435394287 and parameters: {'gradient_clip_val': 0.10327309605229067, 'hidden_size': 136, 'dropout': 0.17968453062377998, 'hidden_continuous_size': 47, 'attention_head_size': 1, 'learning_rate': 0.09666086593369855}. Best is trial 0 with value: 0.11502297967672348.
[I 2023-12-27 11:37:49,997] Trial 11 finished with value: 3.056560754776001 and parameters: {'gradient_clip_val': 0.15765281008740423, 'hidden_size': 5, 'dropout': 0.1123920309399134, 'hidden_continuous_size': 5, 'attention_head_size': 1, 'learning_rate': 0.016337083069592733}. Best is trial 0 with value: 0.11502297967672348.
[I 2023-12-27 11:37:50,587] Trial 12 finished with value: 3.7069880962371826 and parameters: {'gradient_clip_val': 0.43846560751777625, 'hidden_size': 23, 'dropout': 0.21474181478540277, 'hidden_continuous_size': 13, 'attention_head_size': 1, 'learning_rate': 0.021366043513755813}. Best is trial 0 with value: 0.11502297967672348.
[I 2023-12-27 11:37:50,986] Trial 13 finished with value: 3.9786434173583984 and parameters: {'gradient_clip_val': 0.11111857396902276, 'hidden_size': 54, 'dropout': 0.1055193253824174, 'hidden_continuous_size': 20, 'attention_head_size': 1, 'learning_rate': 0.004389410772049938}. Best is trial 0 with value: 0.11502297967672348.
[I 2023-12-27 11:37:51,353] Trial 14 finished with value: 2.9982969760894775 and parameters: {'gradient_clip_val': 0.20010864855689578, 'hidden_size': 22, 'dropout': 0.22276630538700737, 'hidden_continuous_size': 5, 'attention_head_size': 1, 'learning_rate': 0.003101227633233003}. Best is trial 0 with value: 0.11502297967672348.
[I 2023-12-27 11:37:51,725] Trial 15 finished with value: 2.856741189956665 and parameters: {'gradient_clip_val': 0.22102014843046766, 'hidden_size': 9, 'dropout': 0.16277161337810567, 'hidden_continuous_size': 6, 'attention_head_size': 2, 'learning_rate': 0.012546507020124753}. Best is trial 0 with value: 0.11502297967672348.
[I 2023-12-27 11:37:52,133] Trial 16 finished with value: 3.347001075744629 and parameters: {'gradient_clip_val': 0.3755810516884457, 'hidden_size': 30, 'dropout': 0.25194094975827164, 'hidden_continuous_size': 10, 'attention_head_size': 4, 'learning_rate': 0.035080580618354874}. Best is trial 0 with value: 0.11502297967672348.
[I 2023-12-27 11:37:52,583] Trial 17 finished with value: 4.111308574676514 and parameters: {'gradient_clip_val': 0.14161037059312695, 'hidden_size': 72, 'dropout': 0.14680142827015877, 'hidden_continuous_size': 17, 'attention_head_size': 1, 'learning_rate': 0.003126241886772539}. Best is trial 0 with value: 0.11502297967672348.
[I 2023-12-27 11:37:52,956] Trial 18 finished with value: 3.00174617767334 and parameters: {'gradient_clip_val': 0.22911426972183893, 'hidden_size': 18, 'dropout': 0.25596256723163197, 'hidden_continuous_size': 6, 'attention_head_size': 2, 'learning_rate': 0.011698442307035392}. Best is trial 0 with value: 0.11502297967672348.
[I 2023-12-27 11:37:53,326] Trial 19 finished with value: 4.34694242477417 and parameters: {'gradient_clip_val': 0.12653158970509287, 'hidden_size': 12, 'dropout': 0.14444164609241492, 'hidden_continuous_size': 6, 'attention_head_size': 3, 'learning_rate': 0.029791809665184535}. Best is trial 0 with value: 0.11502297967672348.
[I 2023-12-27 11:37:53,710] Trial 20 finished with value: 3.9078025817871094 and parameters: {'gradient_clip_val': 0.16729030660855987, 'hidden_size': 18, 'dropout': 0.18569088162598818, 'hidden_continuous_size': 5, 'attention_head_size': 1, 'learning_rate': 0.010561410139370071}. Best is trial 0 with value: 0.11502297967672348.
[I 2023-12-27 11:37:54,077] Trial 21 finished with value: 3.3214359283447266 and parameters: {'gradient_clip_val': 0.21702337154113888, 'hidden_size': 9, 'dropout': 0.15647726971974477, 'hidden_continuous_size': 6, 'attention_head_size': 2, 'learning_rate': 0.015238371469638533}. Best is trial 0 with value: 0.11502297967672348.
[I 2023-12-27 11:37:54,440] Trial 22 finished with value: 4.83746862411499 and parameters: {'gradient_clip_val': 0.24559795637528498, 'hidden_size': 7, 'dropout': 0.11349648703079307, 'hidden_continuous_size': 5, 'attention_head_size': 2, 'learning_rate': 0.00995326556750499}. Best is trial 0 with value: 0.11502297967672348.
[I 2023-12-27 11:37:54,818] Trial 23 finished with value: 3.999483823776245 and parameters: {'gradient_clip_val': 0.1871620885212507, 'hidden_size': 11, 'dropout': 0.18589495670143513, 'hidden_continuous_size': 6, 'attention_head_size': 2, 'learning_rate': 0.021146580105407764}. Best is trial 0 with value: 0.11502297967672348.
[I 2023-12-27 11:37:55,210] Trial 24 finished with value: 2.077333450317383 and parameters: {'gradient_clip_val': 0.1335332726659332, 'hidden_size': 15, 'dropout': 0.13681923947927505, 'hidden_continuous_size': 5, 'attention_head_size': 3, 'learning_rate': 0.0048416893695168}. Best is trial 0 with value: 0.11502297967672348.
[I 2023-12-27 11:37:55,613] Trial 25 finished with value: 2.7297210693359375 and parameters: {'gradient_clip_val': 0.12778204804049675, 'hidden_size': 27, 'dropout': 0.1355643763644324, 'hidden_continuous_size': 8, 'attention_head_size': 3, 'learning_rate': 0.004641726920985006}. Best is trial 0 with value: 0.11502297967672348.
[I 2023-12-27 11:37:56,245] Trial 26 finished with value: 3.9764328002929688 and parameters: {'gradient_clip_val': 0.12106942428579491, 'hidden_size': 15, 'dropout': 0.10741102149121072, 'hidden_continuous_size': 5, 'attention_head_size': 4, 'learning_rate': 0.0027093476692551114}. Best is trial 0 with value: 0.11502297967672348.
[I 2023-12-27 11:37:56,626] Trial 27 finished with value: 3.4334287643432617 and parameters: {'gradient_clip_val': 0.10579573816977567, 'hidden_size': 20, 'dropout': 0.20388343458536307, 'hidden_continuous_size': 5, 'attention_head_size': 3, 'learning_rate': 0.005218646287591453}. Best is trial 0 with value: 0.11502297967672348.
[I 2023-12-27 11:37:57,007] Trial 28 finished with value: 3.4628684520721436 and parameters: {'gradient_clip_val': 0.14169226785010766, 'hidden_size': 24, 'dropout': 0.140260006366134, 'hidden_continuous_size': 8, 'attention_head_size': 3, 'learning_rate': 0.00402119600355267}. Best is trial 0 with value: 0.11502297967672348.
[I 2023-12-27 11:37:57,392] Trial 29 finished with value: 3.4909143447875977 and parameters: {'gradient_clip_val': 0.16878896686054934, 'hidden_size': 14, 'dropout': 0.23880528279965837, 'hidden_continuous_size': 5, 'attention_head_size': 4, 'learning_rate': 0.0018250902418554416}. Best is trial 0 with value: 0.11502297967672348.
[I 2023-12-27 11:37:57,804] Trial 30 finished with value: 3.088930130004883 and parameters: {'gradient_clip_val': 0.14160592767208477, 'hidden_size': 36, 'dropout': 0.1735146203005071, 'hidden_continuous_size': 7, 'attention_head_size': 3, 'learning_rate': 0.007526187614214391}. Best is trial 0 with value: 0.11502297967672348.
[I 2023-12-27 11:37:58,197] Trial 31 finished with value: 2.7174875736236572 and parameters: {'gradient_clip_val': 0.12443341107662342, 'hidden_size': 29, 'dropout': 0.12772356836731638, 'hidden_continuous_size': 8, 'attention_head_size': 3, 'learning_rate': 0.0054003152642908715}. Best is trial 0 with value: 0.11502297967672348.
[I 2023-12-27 11:37:58,559] Trial 32 finished with value: 2.6303741931915283 and parameters: {'gradient_clip_val': 0.10366219006600637, 'hidden_size': 16, 'dropout': 0.1304371736832154, 'hidden_continuous_size': 6, 'attention_head_size': 3, 'learning_rate': 0.00257965155657242}. Best is trial 0 with value: 0.11502297967672348.
[I 2023-12-27 11:37:58,936] Trial 33 finished with value: 3.325796127319336 and parameters: {'gradient_clip_val': 0.10828022180997578, 'hidden_size': 15, 'dropout': 0.1680736470536561, 'hidden_continuous_size': 5, 'attention_head_size': 3, 'learning_rate': 0.001063947058360964}. Best is trial 0 with value: 0.11502297967672348.
[I 2023-12-27 11:37:59,306] Trial 34 finished with value: 4.063243865966797 and parameters: {'gradient_clip_val': 0.18849491918525754, 'hidden_size': 18, 'dropout': 0.12709253993030914, 'hidden_continuous_size': 6, 'attention_head_size': 4, 'learning_rate': 0.0022496987121128718}. Best is trial 0 with value: 0.11502297967672348.
