[I 2023-12-27 11:09:42,538] Trial 23 finished with value: 3.3754730224609375 and parameters: {'gradient_clip_val': 0.2761648951928234, 'hidden_size': 5, 'dropout': 0.4999597424104349, 'hidden_continuous_size': 5, 'attention_head_size': 2, 'learning_rate': 0.048193008901646045}. Best is trial 0 with value: 0.36568450927734375.
[I 2023-12-27 11:09:42,912] Trial 24 finished with value: 4.24574613571167 and parameters: {'gradient_clip_val': 0.19644624723736298, 'hidden_size': 8, 'dropout': 0.4609840479781755, 'hidden_continuous_size': 6, 'attention_head_size': 3, 'learning_rate': 0.020642092978898376}. Best is trial 0 with value: 0.36568450927734375.
[I 2023-12-27 11:09:43,304] Trial 25 finished with value: 4.003232479095459 and parameters: {'gradient_clip_val': 0.2503148231713965, 'hidden_size': 10, 'dropout': 0.41680421048527566, 'hidden_continuous_size': 6, 'attention_head_size': 2, 'learning_rate': 0.012102009766276298}. Best is trial 0 with value: 0.36568450927734375.
[I 2023-12-27 11:09:43,676] Trial 26 finished with value: 3.542133331298828 and parameters: {'gradient_clip_val': 0.21402856224975697, 'hidden_size': 6, 'dropout': 0.37102897409516367, 'hidden_continuous_size': 5, 'attention_head_size': 1, 'learning_rate': 0.020770177838970047}. Best is trial 0 with value: 0.36568450927734375.
[I 2023-12-27 11:09:44,066] Trial 27 finished with value: 3.4004452228546143 and parameters: {'gradient_clip_val': 0.1312993790610267, 'hidden_size': 14, 'dropout': 0.4720165125783892, 'hidden_continuous_size': 9, 'attention_head_size': 3, 'learning_rate': 0.0361122371210745}. Best is trial 0 with value: 0.36568450927734375.
[I 2023-12-27 11:09:44,438] Trial 28 finished with value: 3.9404239654541016 and parameters: {'gradient_clip_val': 0.15618723267447232, 'hidden_size': 7, 'dropout': 0.4205935648175839, 'hidden_continuous_size': 5, 'attention_head_size': 2, 'learning_rate': 0.05355630109306972}. Best is trial 0 with value: 0.36568450927734375.
[I 2023-12-27 11:09:44,780] Trial 29 finished with value: 2.402859926223755 and parameters: {'gradient_clip_val': 0.16918255531277773, 'hidden_size': 5, 'dropout': 0.4655706382454828, 'hidden_continuous_size': 5, 'attention_head_size': 1, 'learning_rate': 0.0007439108805107707}. Best is trial 0 with value: 0.36568450927734375.
[I 2023-12-27 11:09:45,122] Trial 30 finished with value: 3.8525478839874268 and parameters: {'gradient_clip_val': 0.18040670016784235, 'hidden_size': 5, 'dropout': 0.4749835074661124, 'hidden_continuous_size': 5, 'attention_head_size': 1, 'learning_rate': 0.0008077600618298905}. Best is trial 0 with value: 0.36568450927734375.
[I 2023-12-27 11:09:45,465] Trial 31 finished with value: 3.449387550354004 and parameters: {'gradient_clip_val': 0.1696728979126834, 'hidden_size': 5, 'dropout': 0.4361761463464756, 'hidden_continuous_size': 5, 'attention_head_size': 1, 'learning_rate': 0.0007031650876775621}. Best is trial 0 with value: 0.36568450927734375.
[I 2023-12-27 11:09:45,854] Trial 32 finished with value: 3.4874095916748047 and parameters: {'gradient_clip_val': 0.12702305797862998, 'hidden_size': 10, 'dropout': 0.4704976972620507, 'hidden_continuous_size': 6, 'attention_head_size': 1, 'learning_rate': 0.0006530567855734349}. Best is trial 0 with value: 0.36568450927734375.
[I 2023-12-27 11:09:46,232] Trial 33 finished with value: 3.0700395107269287 and parameters: {'gradient_clip_val': 0.21035170006415035, 'hidden_size': 8, 'dropout': 0.42860606859145167, 'hidden_continuous_size': 6, 'attention_head_size': 2, 'learning_rate': 0.0005213294005609385}. Best is trial 0 with value: 0.36568450927734375.
[I 2023-12-27 11:09:46,862] Trial 34 finished with value: 4.01812219619751 and parameters: {'gradient_clip_val': 0.12932077022197985, 'hidden_size': 13, 'dropout': 0.394806928145531, 'hidden_continuous_size': 6, 'attention_head_size': 1, 'learning_rate': 0.0016447825375969748}. Best is trial 0 with value: 0.36568450927734375.
[I 2023-12-27 11:09:47,243] Trial 35 finished with value: 2.9416558742523193 and parameters: {'gradient_clip_val': 0.1698921079251472, 'hidden_size': 6, 'dropout': 0.459980719772223, 'hidden_continuous_size': 5, 'attention_head_size': 3, 'learning_rate': 0.0010138805596563523}. Best is trial 0 with value: 0.36568450927734375.
[I 2023-12-27 11:09:47,582] Trial 36 finished with value: 2.8475167751312256 and parameters: {'gradient_clip_val': 0.4806308866635658, 'hidden_size': 5, 'dropout': 0.43484615639321383, 'hidden_continuous_size': 5, 'attention_head_size': 2, 'learning_rate': 0.002483383041456175}. Best is trial 0 with value: 0.36568450927734375.
[I 2023-12-27 11:09:47,967] Trial 37 finished with value: 3.610792398452759 and parameters: {'gradient_clip_val': 0.27999862866414427, 'hidden_size': 11, 'dropout': 0.4827388197561101, 'hidden_continuous_size': 7, 'attention_head_size': 1, 'learning_rate': 0.0257205321506358}. Best is trial 0 with value: 0.36568450927734375.
[I 2023-12-27 11:09:48,358] Trial 38 finished with value: 4.159185886383057 and parameters: {'gradient_clip_val': 0.19946324347836464, 'hidden_size': 16, 'dropout': 0.450663940679808, 'hidden_continuous_size': 10, 'attention_head_size': 4, 'learning_rate': 0.01011877301385399}. Best is trial 0 with value: 0.36568450927734375.
[I 2023-12-27 11:09:48,741] Trial 39 finished with value: 3.7432515621185303 and parameters: {'gradient_clip_val': 0.6260398065260642, 'hidden_size': 9, 'dropout': 0.37386727192018276, 'hidden_continuous_size': 6, 'attention_head_size': 3, 'learning_rate': 0.0008917590035117617}. Best is trial 0 with value: 0.36568450927734375.
[I 2023-12-27 11:09:49,122] Trial 40 finished with value: 3.7061398029327393 and parameters: {'gradient_clip_val': 0.16959366203397694, 'hidden_size': 12, 'dropout': 0.1796071284761006, 'hidden_continuous_size': 7, 'attention_head_size': 2, 'learning_rate': 0.0012033329199747326}. Best is trial 0 with value: 0.36568450927734375.
[I 2023-12-27 11:09:49,467] Trial 41 finished with value: 2.5934722423553467 and parameters: {'gradient_clip_val': 0.51229051628981, 'hidden_size': 5, 'dropout': 0.43822454747313966, 'hidden_continuous_size': 5, 'attention_head_size': 2, 'learning_rate': 0.0006426843926191165}. Best is trial 0 with value: 0.36568450927734375.
[I 2023-12-27 11:09:49,834] Trial 42 finished with value: 3.712190628051758 and parameters: {'gradient_clip_val': 0.5364110986246728, 'hidden_size': 6, 'dropout': 0.4795560360569853, 'hidden_continuous_size': 5, 'attention_head_size': 2, 'learning_rate': 0.0008077029103754867}. Best is trial 0 with value: 0.36568450927734375.
[I 2023-12-27 11:09:50,218] Trial 43 finished with value: 2.9571659564971924 and parameters: {'gradient_clip_val': 0.699828365469733, 'hidden_size': 7, 'dropout': 0.4102869268423517, 'hidden_continuous_size': 5, 'attention_head_size': 2, 'learning_rate': 0.00063851470709452}. Best is trial 0 with value: 0.36568450927734375.
[I 2023-12-27 11:09:50,632] Trial 44 finished with value: 3.528339147567749 and parameters: {'gradient_clip_val': 0.22639619269163427, 'hidden_size': 34, 'dropout': 0.4856093767761227, 'hidden_continuous_size': 10, 'attention_head_size': 2, 'learning_rate': 0.0005342126851454078}. Best is trial 0 with value: 0.36568450927734375.
[I 2023-12-27 11:09:50,972] Trial 45 finished with value: 4.397480487823486 and parameters: {'gradient_clip_val': 0.3431281052754717, 'hidden_size': 5, 'dropout': 0.4486215677175357, 'hidden_continuous_size': 5, 'attention_head_size': 1, 'learning_rate': 0.0015503578998944695}. Best is trial 0 with value: 0.36568450927734375.
[I 2023-12-27 11:09:51,385] Trial 46 finished with value: 2.2787253856658936 and parameters: {'gradient_clip_val': 0.14295922347859968, 'hidden_size': 28, 'dropout': 0.3881620845709995, 'hidden_continuous_size': 8, 'attention_head_size': 4, 'learning_rate': 0.0012687312934560034}. Best is trial 0 with value: 0.36568450927734375.
[I 2023-12-27 11:09:52,057] Trial 47 finished with value: 4.2655816078186035 and parameters: {'gradient_clip_val': 0.11289724171274855, 'hidden_size': 27, 'dropout': 0.3960628303412151, 'hidden_continuous_size': 13, 'attention_head_size': 4, 'learning_rate': 0.001187389937762366}. Best is trial 0 with value: 0.36568450927734375.
[I 2023-12-27 11:09:52,482] Trial 48 finished with value: 3.7368879318237305 and parameters: {'gradient_clip_val': 0.1469044305966009, 'hidden_size': 36, 'dropout': 0.4261672609851762, 'hidden_continuous_size': 15, 'attention_head_size': 4, 'learning_rate': 0.0006638993753595838}. Best is trial 0 with value: 0.36568450927734375.
[I 2023-12-27 11:09:52,872] Trial 49 finished with value: 4.556591033935547 and parameters: {'gradient_clip_val': 0.13783867357701893, 'hidden_size': 16, 'dropout': 0.20556969572944983, 'hidden_continuous_size': 8, 'attention_head_size': 4, 'learning_rate': 0.0010364932735653532}. Best is trial 0 with value: 0.36568450927734375.
[I 2023-12-27 11:09:52,993] A new study created in memory with name: no-name-68ac4df7-972b-4326-b0b6-fbcf0acb8e8f
/home/le004/conda/anaconda3/envs/tsff_env/lib/python3.9/site-packages/lightning/fabric/plugins/environments/slurm.py:191: The `srun` command is available on your system but is not used. HINT: If your intention is to run Lightning on SLURM, prepend your python command with `srun` like so: srun python /home/le004/master_thesis/git/TSFusionForecast/code/ ...
[I 2023-12-27 11:10:35,721] Trial 0 finished with value: 0.2616823613643646 and parameters: {'gradient_clip_val': 0.10298848348563071, 'hidden_size': 80, 'dropout': 0.42622777267212264, 'hidden_continuous_size': 17, 'attention_head_size': 2, 'learning_rate': 0.002820236103172141}. Best is trial 0 with value: 0.2616823613643646.
[I 2023-12-27 11:10:46,538] Trial 1 finished with value: 0.3721941411495209 and parameters: {'gradient_clip_val': 0.5692927091346979, 'hidden_size': 13, 'dropout': 0.4739295110272137, 'hidden_continuous_size': 9, 'attention_head_size': 3, 'learning_rate': 0.06711451320736297}. Best is trial 0 with value: 0.2616823613643646.
[I 2023-12-27 11:10:47,082] Trial 2 finished with value: 4.38801383972168 and parameters: {'gradient_clip_val': 0.4723567022534027, 'hidden_size': 126, 'dropout': 0.20127169799913053, 'hidden_continuous_size': 5, 'attention_head_size': 2, 'learning_rate': 0.0005888177974194208}. Best is trial 0 with value: 0.2616823613643646.
[I 2023-12-27 11:10:47,451] Trial 3 finished with value: 4.036337375640869 and parameters: {'gradient_clip_val': 0.32001524774046936, 'hidden_size': 12, 'dropout': 0.13248412425182687, 'hidden_continuous_size': 6, 'attention_head_size': 3, 'learning_rate': 0.015050513033620976}. Best is trial 0 with value: 0.2616823613643646.
[I 2023-12-27 11:10:47,808] Trial 4 finished with value: 3.5998237133026123 and parameters: {'gradient_clip_val': 0.302602664131669, 'hidden_size': 12, 'dropout': 0.2144651357487133, 'hidden_continuous_size': 10, 'attention_head_size': 4, 'learning_rate': 0.06770976551934586}. Best is trial 0 with value: 0.2616823613643646.
[I 2023-12-27 11:10:48,204] Trial 5 finished with value: 3.676619529724121 and parameters: {'gradient_clip_val': 0.11939069762461157, 'hidden_size': 36, 'dropout': 0.27434239172712066, 'hidden_continuous_size': 29, 'attention_head_size': 3, 'learning_rate': 0.0008435965724753286}. Best is trial 0 with value: 0.2616823613643646.
[I 2023-12-27 11:10:48,668] Trial 6 finished with value: 2.9807045459747314 and parameters: {'gradient_clip_val': 0.21793926561141685, 'hidden_size': 89, 'dropout': 0.29111420841245766, 'hidden_continuous_size': 6, 'attention_head_size': 3, 'learning_rate': 0.0028799010643513145}. Best is trial 0 with value: 0.2616823613643646.
[I 2023-12-27 11:10:49,030] Trial 7 finished with value: 3.371137857437134 and parameters: {'gradient_clip_val': 0.31505516890013135, 'hidden_size': 9, 'dropout': 0.2283330524478603, 'hidden_continuous_size': 8, 'attention_head_size': 4, 'learning_rate': 0.009616185174378738}. Best is trial 0 with value: 0.2616823613643646.
[I 2023-12-27 11:10:49,649] Trial 8 finished with value: 4.290895462036133 and parameters: {'gradient_clip_val': 0.13814595919849204, 'hidden_size': 19, 'dropout': 0.2405566836639809, 'hidden_continuous_size': 10, 'attention_head_size': 3, 'learning_rate': 0.0022470990948877763}. Best is trial 0 with value: 0.2616823613643646.
[I 2023-12-27 11:10:50,127] Trial 9 finished with value: 4.293205261230469 and parameters: {'gradient_clip_val': 0.49120846119266387, 'hidden_size': 73, 'dropout': 0.46200952923615657, 'hidden_continuous_size': 70, 'attention_head_size': 1, 'learning_rate': 0.0897331340738631}. Best is trial 0 with value: 0.2616823613643646.
[I 2023-12-27 11:10:50,544] Trial 10 finished with value: 2.9992034435272217 and parameters: {'gradient_clip_val': 0.10291885668948543, 'hidden_size': 42, 'dropout': 0.38600662832777327, 'hidden_continuous_size': 17, 'attention_head_size': 1, 'learning_rate': 0.004094865125085551}. Best is trial 0 with value: 0.2616823613643646.
[I 2023-12-27 11:10:50,885] Trial 11 finished with value: 2.9423704147338867 and parameters: {'gradient_clip_val': 0.9945305634166298, 'hidden_size': 5, 'dropout': 0.4975541181937121, 'hidden_continuous_size': 5, 'attention_head_size': 2, 'learning_rate': 0.024934614343868886}. Best is trial 0 with value: 0.2616823613643646.
[I 2023-12-27 11:10:51,295] Trial 12 finished with value: 3.4741923809051514 and parameters: {'gradient_clip_val': 0.16452420828738812, 'hidden_size': 27, 'dropout': 0.40338433747328906, 'hidden_continuous_size': 14, 'attention_head_size': 2, 'learning_rate': 0.031047785030168553}. Best is trial 0 with value: 0.2616823613643646.
[I 2023-12-27 11:10:51,744] Trial 13 finished with value: 3.2192296981811523 and parameters: {'gradient_clip_val': 0.10436188477940518, 'hidden_size': 57, 'dropout': 0.40122167013994914, 'hidden_continuous_size': 17, 'attention_head_size': 2, 'learning_rate': 0.006764701327608858}. Best is trial 0 with value: 0.2616823613643646.
[I 2023-12-27 11:10:52,342] Trial 14 finished with value: 2.869873285293579 and parameters: {'gradient_clip_val': 0.18405457392554192, 'hidden_size': 138, 'dropout': 0.35167752912011235, 'hidden_continuous_size': 30, 'attention_head_size': 1, 'learning_rate': 0.04931471302791477}. Best is trial 0 with value: 0.2616823613643646.
[I 2023-12-27 11:10:52,742] Trial 15 finished with value: 2.399430513381958 and parameters: {'gradient_clip_val': 0.1387267325640745, 'hidden_size': 22, 'dropout': 0.4500114551341551, 'hidden_continuous_size': 8, 'attention_head_size': 4, 'learning_rate': 0.018720010751245186}. Best is trial 0 with value: 0.2616823613643646.
[I 2023-12-27 11:10:53,205] Trial 16 finished with value: 2.7611706256866455 and parameters: {'gradient_clip_val': 0.21977520127906403, 'hidden_size': 51, 'dropout': 0.4975080819543014, 'hidden_continuous_size': 13, 'attention_head_size': 3, 'learning_rate': 0.03327465869775919}. Best is trial 0 with value: 0.2616823613643646.
[I 2023-12-27 11:10:53,601] Trial 17 finished with value: 2.8506791591644287 and parameters: {'gradient_clip_val': 0.735826847010543, 'hidden_size': 32, 'dropout': 0.34143071092215366, 'hidden_continuous_size': 10, 'attention_head_size': 2, 'learning_rate': 0.0106219877549298}. Best is trial 0 with value: 0.2616823613643646.
[I 2023-12-27 11:10:54,087] Trial 18 finished with value: 4.267550468444824 and parameters: {'gradient_clip_val': 0.48551291394717055, 'hidden_size': 82, 'dropout': 0.42859087120269096, 'hidden_continuous_size': 31, 'attention_head_size': 2, 'learning_rate': 0.055522463837338665}. Best is trial 0 with value: 0.2616823613643646.
[I 2023-12-27 11:10:54,473] Trial 19 finished with value: 3.1882874965667725 and parameters: {'gradient_clip_val': 0.619793693339218, 'hidden_size': 17, 'dropout': 0.4567389133029185, 'hidden_continuous_size': 7, 'attention_head_size': 3, 'learning_rate': 0.00561371196270851}. Best is trial 0 with value: 0.2616823613643646.
[I 2023-12-27 11:10:54,892] Trial 20 finished with value: 2.821558952331543 and parameters: {'gradient_clip_val': 0.3809951155895221, 'hidden_size': 44, 'dropout': 0.3487588574381198, 'hidden_continuous_size': 12, 'attention_head_size': 4, 'learning_rate': 0.09776492189543412}. Best is trial 0 with value: 0.2616823613643646.
[I 2023-12-27 11:10:55,286] Trial 21 finished with value: 2.901789426803589 and parameters: {'gradient_clip_val': 0.13977276039517003, 'hidden_size': 22, 'dropout': 0.4490384671130325, 'hidden_continuous_size': 8, 'attention_head_size': 4, 'learning_rate': 0.024263161633407703}. Best is trial 0 with value: 0.2616823613643646.
[I 2023-12-27 11:10:55,972] Trial 22 finished with value: 2.693925619125366 and parameters: {'gradient_clip_val': 0.10195349018687873, 'hidden_size': 28, 'dropout': 0.4287390927259321, 'hidden_continuous_size': 8, 'attention_head_size': 4, 'learning_rate': 0.01664090619102143}. Best is trial 0 with value: 0.2616823613643646.
[I 2023-12-27 11:10:56,370] Trial 23 finished with value: 3.5274124145507812 and parameters: {'gradient_clip_val': 0.13455055211538972, 'hidden_size': 24, 'dropout': 0.4738739034444645, 'hidden_continuous_size': 9, 'attention_head_size': 4, 'learning_rate': 0.04496492588351116}. Best is trial 0 with value: 0.2616823613643646.
[I 2023-12-27 11:10:56,744] Trial 24 finished with value: 2.794416666030884 and parameters: {'gradient_clip_val': 0.16710696816885331, 'hidden_size': 16, 'dropout': 0.42556803297709533, 'hidden_continuous_size': 7, 'attention_head_size': 3, 'learning_rate': 0.019498124327447203}. Best is trial 0 with value: 0.2616823613643646.
[I 2023-12-27 11:10:57,163] Trial 25 finished with value: 3.4713287353515625 and parameters: {'gradient_clip_val': 0.13188097023672252, 'hidden_size': 35, 'dropout': 0.48052083332960527, 'hidden_continuous_size': 11, 'attention_head_size': 2, 'learning_rate': 0.03775285026268747}. Best is trial 0 with value: 0.2616823613643646.
[I 2023-12-27 11:10:57,603] Trial 26 finished with value: 3.597247838973999 and parameters: {'gradient_clip_val': 0.2427869485733247, 'hidden_size': 54, 'dropout': 0.447415419149965, 'hidden_continuous_size': 16, 'attention_head_size': 3, 'learning_rate': 0.011808336314895864}. Best is trial 0 with value: 0.2616823613643646.
[I 2023-12-27 11:10:58,003] Trial 27 finished with value: 3.064068555831909 and parameters: {'gradient_clip_val': 0.15760006177746502, 'hidden_size': 21, 'dropout': 0.37569816743870293, 'hidden_continuous_size': 9, 'attention_head_size': 4, 'learning_rate': 0.06897411963982475}. Best is trial 0 with value: 0.2616823613643646.
[I 2023-12-27 11:10:58,411] Trial 28 finished with value: 3.6203575134277344 and parameters: {'gradient_clip_val': 0.12334959965469218, 'hidden_size': 28, 'dropout': 0.42119140317003906, 'hidden_continuous_size': 6, 'attention_head_size': 1, 'learning_rate': 0.01785415328146208}. Best is trial 0 with value: 0.2616823613643646.
[I 2023-12-27 11:10:58,950] Trial 29 finished with value: 2.976154088973999 and parameters: {'gradient_clip_val': 0.11785015848009894, 'hidden_size': 109, 'dropout': 0.4742493363357736, 'hidden_continuous_size': 24, 'attention_head_size': 2, 'learning_rate': 0.030097167053203748}. Best is trial 0 with value: 0.2616823613643646.
[I 2023-12-27 11:10:59,466] Trial 30 finished with value: 4.087235927581787 and parameters: {'gradient_clip_val': 0.19191511482633988, 'hidden_size': 98, 'dropout': 0.4996616138537434, 'hidden_continuous_size': 13, 'attention_head_size': 3, 'learning_rate': 0.04318926597396906}. Best is trial 0 with value: 0.2616823613643646.
[I 2023-12-27 11:11:00,042] Trial 31 finished with value: 2.324718713760376 and parameters: {'gradient_clip_val': 0.1019336139634071, 'hidden_size': 134, 'dropout': 0.43496640867621117, 'hidden_continuous_size': 5, 'attention_head_size': 4, 'learning_rate': 0.016103473925546508}. Best is trial 0 with value: 0.2616823613643646.
[I 2023-12-27 11:11:00,575] Trial 32 finished with value: 3.6090662479400635 and parameters: {'gradient_clip_val': 0.10018199461368078, 'hidden_size': 108, 'dropout': 0.4385411950390959, 'hidden_continuous_size': 5, 'attention_head_size': 4, 'learning_rate': 0.009193597850213854}. Best is trial 0 with value: 0.2616823613643646.
[I 2023-12-27 11:11:01,182] Trial 33 finished with value: 3.653388023376465 and parameters: {'gradient_clip_val': 0.11627870896936715, 'hidden_size': 150, 'dropout': 0.4031557961901053, 'hidden_continuous_size': 5, 'attention_head_size': 4, 'learning_rate': 0.014681903066131296}. Best is trial 0 with value: 0.2616823613643646.
[I 2023-12-27 11:11:01,730] Trial 34 finished with value: 3.086014986038208 and parameters: {'gradient_clip_val': 0.14625576381769867, 'hidden_size': 114, 'dropout': 0.45715162725714764, 'hidden_continuous_size': 6, 'attention_head_size': 4, 'learning_rate': 0.01361771955892921}. Best is trial 0 with value: 0.2616823613643646.
[I 2023-12-27 11:11:02,460] Trial 35 finished with value: 3.8809473514556885 and parameters: {'gradient_clip_val': 0.11805743197801395, 'hidden_size': 67, 'dropout': 0.3169865091712026, 'hidden_continuous_size': 7, 'attention_head_size': 3, 'learning_rate': 0.021337680460944322}. Best is trial 0 with value: 0.2616823613643646.
[I 2023-12-27 11:11:03,012] Trial 36 finished with value: 3.223224401473999 and parameters: {'gradient_clip_val': 0.14907240853762269, 'hidden_size': 120, 'dropout': 0.3817466062791194, 'hidden_continuous_size': 5, 'attention_head_size': 4, 'learning_rate': 0.0647306842262058}. Best is trial 0 with value: 0.2616823613643646.
[I 2023-12-27 11:11:03,483] Trial 37 finished with value: 4.394958019256592 and parameters: {'gradient_clip_val': 0.286130591922712, 'hidden_size': 87, 'dropout': 0.47270759504040005, 'hidden_continuous_size': 11, 'attention_head_size': 3, 'learning_rate': 0.008194807114265887}. Best is trial 0 with value: 0.2616823613643646.
