[I 2023-12-27 11:04:49,737] Trial 30 finished with value: 3.3189074993133545 and parameters: {'gradient_clip_val': 0.4160154663899944, 'hidden_size': 107, 'dropout': 0.4219491743011332, 'hidden_continuous_size': 15, 'attention_head_size': 2, 'learning_rate': 0.014206628747182473}. Best is trial 1 with value: 0.057122427970170975.
[I 2023-12-27 11:04:50,190] Trial 31 finished with value: 3.277420997619629 and parameters: {'gradient_clip_val': 0.8543412531105709, 'hidden_size': 67, 'dropout': 0.2379252450626605, 'hidden_continuous_size': 9, 'attention_head_size': 2, 'learning_rate': 0.011578708334299125}. Best is trial 1 with value: 0.057122427970170975.
[I 2023-12-27 11:04:50,636] Trial 32 finished with value: 3.7093048095703125 and parameters: {'gradient_clip_val': 0.7333295153322269, 'hidden_size': 63, 'dropout': 0.24284885276140167, 'hidden_continuous_size': 10, 'attention_head_size': 1, 'learning_rate': 0.009248333359413934}. Best is trial 1 with value: 0.057122427970170975.
[I 2023-12-27 11:04:51,053] Trial 33 finished with value: 2.1260647773742676 and parameters: {'gradient_clip_val': 0.8659139297153703, 'hidden_size': 53, 'dropout': 0.28835194090554395, 'hidden_continuous_size': 16, 'attention_head_size': 1, 'learning_rate': 0.006634922498207124}. Best is trial 1 with value: 0.057122427970170975.
[I 2023-12-27 11:04:51,664] Trial 34 finished with value: 3.1912364959716797 and parameters: {'gradient_clip_val': 0.9391314964573252, 'hidden_size': 7, 'dropout': 0.2831347400839274, 'hidden_continuous_size': 5, 'attention_head_size': 1, 'learning_rate': 0.00614602183079158}. Best is trial 1 with value: 0.057122427970170975.
[I 2023-12-27 11:04:52,037] Trial 35 finished with value: 3.3429946899414062 and parameters: {'gradient_clip_val': 0.667057875103038, 'hidden_size': 17, 'dropout': 0.32855353380660124, 'hidden_continuous_size': 8, 'attention_head_size': 1, 'learning_rate': 0.0035908855046548937}. Best is trial 1 with value: 0.057122427970170975.
[I 2023-12-27 11:04:52,431] Trial 36 finished with value: 3.5246355533599854 and parameters: {'gradient_clip_val': 0.5253228395374986, 'hidden_size': 10, 'dropout': 0.2719723458570662, 'hidden_continuous_size': 6, 'attention_head_size': 1, 'learning_rate': 0.006199838070271306}. Best is trial 1 with value: 0.057122427970170975.
[I 2023-12-27 11:04:52,895] Trial 37 finished with value: 3.3889806270599365 and parameters: {'gradient_clip_val': 0.721808217396829, 'hidden_size': 72, 'dropout': 0.37294808950951264, 'hidden_continuous_size': 19, 'attention_head_size': 1, 'learning_rate': 0.007594539462913587}. Best is trial 1 with value: 0.057122427970170975.
[I 2023-12-27 11:04:53,272] Trial 38 finished with value: 4.914741039276123 and parameters: {'gradient_clip_val': 0.3808576922925049, 'hidden_size': 14, 'dropout': 0.29454461096633655, 'hidden_continuous_size': 7, 'attention_head_size': 1, 'learning_rate': 0.003029569126950832}. Best is trial 1 with value: 0.057122427970170975.
[I 2023-12-27 11:04:53,703] Trial 39 finished with value: 3.16928768157959 and parameters: {'gradient_clip_val': 0.9026538672796056, 'hidden_size': 55, 'dropout': 0.3154232811528226, 'hidden_continuous_size': 13, 'attention_head_size': 3, 'learning_rate': 0.002246761876451957}. Best is trial 1 with value: 0.057122427970170975.
[I 2023-12-27 11:04:54,130] Trial 40 finished with value: 4.130025863647461 and parameters: {'gradient_clip_val': 0.7568740877761511, 'hidden_size': 45, 'dropout': 0.32263086527600227, 'hidden_continuous_size': 16, 'attention_head_size': 4, 'learning_rate': 0.023290333328436368}. Best is trial 1 with value: 0.057122427970170975.
[I 2023-12-27 11:04:54,559] Trial 41 finished with value: 2.290177345275879 and parameters: {'gradient_clip_val': 0.827690415818538, 'hidden_size': 57, 'dropout': 0.26880039061543265, 'hidden_continuous_size': 12, 'attention_head_size': 2, 'learning_rate': 0.013141244885143833}. Best is trial 1 with value: 0.057122427970170975.
[I 2023-12-27 11:04:54,993] Trial 42 finished with value: 3.1514394283294678 and parameters: {'gradient_clip_val': 0.8852035002557501, 'hidden_size': 55, 'dropout': 0.2752321645178336, 'hidden_continuous_size': 13, 'attention_head_size': 2, 'learning_rate': 0.014158794579374629}. Best is trial 1 with value: 0.057122427970170975.
[I 2023-12-27 11:04:55,466] Trial 43 finished with value: 3.2975103855133057 and parameters: {'gradient_clip_val': 0.7038427476504224, 'hidden_size': 85, 'dropout': 0.3547420014493537, 'hidden_continuous_size': 17, 'attention_head_size': 2, 'learning_rate': 0.009235135044457164}. Best is trial 1 with value: 0.057122427970170975.
[I 2023-12-27 11:04:55,876] Trial 44 finished with value: 2.8682241439819336 and parameters: {'gradient_clip_val': 0.9926226144774323, 'hidden_size': 38, 'dropout': 0.2907554511147029, 'hidden_continuous_size': 14, 'attention_head_size': 1, 'learning_rate': 0.006097581544369781}. Best is trial 1 with value: 0.057122427970170975.
[I 2023-12-27 11:04:56,299] Trial 45 finished with value: 3.2387707233428955 and parameters: {'gradient_clip_val': 0.6466305468888951, 'hidden_size': 44, 'dropout': 0.26077785839479106, 'hidden_continuous_size': 12, 'attention_head_size': 3, 'learning_rate': 0.01766154369120433}. Best is trial 1 with value: 0.057122427970170975.
[I 2023-12-27 11:04:56,749] Trial 46 finished with value: 2.403909683227539 and parameters: {'gradient_clip_val': 0.5677256296931075, 'hidden_size': 68, 'dropout': 0.30784656116055703, 'hidden_continuous_size': 19, 'attention_head_size': 2, 'learning_rate': 0.012760362943838135}. Best is trial 1 with value: 0.057122427970170975.
[I 2023-12-27 11:04:57,532] Trial 47 finished with value: 2.6665260791778564 and parameters: {'gradient_clip_val': 0.7725781026124492, 'hidden_size': 125, 'dropout': 0.34298144338606756, 'hidden_continuous_size': 23, 'attention_head_size': 1, 'learning_rate': 0.008988997945963296}. Best is trial 1 with value: 0.057122427970170975.
[I 2023-12-27 11:04:57,967] Trial 48 finished with value: 2.0313196182250977 and parameters: {'gradient_clip_val': 0.8964094719641031, 'hidden_size': 56, 'dropout': 0.43354409995605236, 'hidden_continuous_size': 16, 'attention_head_size': 4, 'learning_rate': 0.004734575202178587}. Best is trial 1 with value: 0.057122427970170975.
[I 2023-12-27 11:04:58,460] Trial 49 finished with value: 4.1710381507873535 and parameters: {'gradient_clip_val': 0.8890786304614352, 'hidden_size': 83, 'dropout': 0.4399822680031351, 'hidden_continuous_size': 17, 'attention_head_size': 4, 'learning_rate': 0.0039559148846616795}. Best is trial 1 with value: 0.057122427970170975.
[I 2023-12-27 11:04:58,578] A new study created in memory with name: no-name-44b24489-623d-4da1-9d18-018d9fb8e17e
/home/le004/conda/anaconda3/envs/tsff_env/lib/python3.9/site-packages/lightning/fabric/plugins/environments/slurm.py:191: The `srun` command is available on your system but is not used. HINT: If your intention is to run Lightning on SLURM, prepend your python command with `srun` like so: srun python /home/le004/master_thesis/git/TSFusionForecast/code/ ...
[I 2023-12-27 11:05:29,117] Trial 0 finished with value: 0.05705301836133003 and parameters: {'gradient_clip_val': 0.15324980740111752, 'hidden_size': 8, 'dropout': 0.19019802757870724, 'hidden_continuous_size': 5, 'attention_head_size': 4, 'learning_rate': 0.043030155893669576}. Best is trial 0 with value: 0.05705301836133003.
[I 2023-12-27 11:05:40,224] Trial 1 finished with value: 2.226473569869995 and parameters: {'gradient_clip_val': 0.33357968882185457, 'hidden_size': 78, 'dropout': 0.48040503860955464, 'hidden_continuous_size': 21, 'attention_head_size': 4, 'learning_rate': 0.0014484038621916321}. Best is trial 0 with value: 0.05705301836133003.
[I 2023-12-27 11:05:40,748] Trial 2 finished with value: 3.7847321033477783 and parameters: {'gradient_clip_val': 0.19153416636943058, 'hidden_size': 137, 'dropout': 0.23827768906987112, 'hidden_continuous_size': 22, 'attention_head_size': 2, 'learning_rate': 0.005087142420912989}. Best is trial 0 with value: 0.05705301836133003.
[I 2023-12-27 11:05:41,107] Trial 3 finished with value: 3.656147003173828 and parameters: {'gradient_clip_val': 0.3984793970559453, 'hidden_size': 25, 'dropout': 0.4199642642655895, 'hidden_continuous_size': 17, 'attention_head_size': 3, 'learning_rate': 0.00379277281008778}. Best is trial 0 with value: 0.05705301836133003.
[I 2023-12-27 11:05:41,472] Trial 4 finished with value: 3.7581377029418945 and parameters: {'gradient_clip_val': 0.7351574899770844, 'hidden_size': 27, 'dropout': 0.4173050119388323, 'hidden_continuous_size': 7, 'attention_head_size': 2, 'learning_rate': 0.007117250557533562}. Best is trial 0 with value: 0.05705301836133003.
[I 2023-12-27 11:05:41,818] Trial 5 finished with value: 3.83646559715271 and parameters: {'gradient_clip_val': 0.4405038257100315, 'hidden_size': 17, 'dropout': 0.44405754270934017, 'hidden_continuous_size': 6, 'attention_head_size': 4, 'learning_rate': 0.06830118691645091}. Best is trial 0 with value: 0.05705301836133003.
[I 2023-12-27 11:05:42,315] Trial 6 finished with value: 3.661526679992676 and parameters: {'gradient_clip_val': 0.14925438906112157, 'hidden_size': 103, 'dropout': 0.466322450548326, 'hidden_continuous_size': 60, 'attention_head_size': 4, 'learning_rate': 0.014175833625781323}. Best is trial 0 with value: 0.05705301836133003.
[I 2023-12-27 11:05:42,627] Trial 7 finished with value: 2.5900137424468994 and parameters: {'gradient_clip_val': 0.17446397518876902, 'hidden_size': 7, 'dropout': 0.2173045392446812, 'hidden_continuous_size': 7, 'attention_head_size': 3, 'learning_rate': 0.000708847886034947}. Best is trial 0 with value: 0.05705301836133003.
[I 2023-12-27 11:05:43,271] Trial 8 finished with value: 4.0878376960754395 and parameters: {'gradient_clip_val': 0.8875533206004314, 'hidden_size': 63, 'dropout': 0.4696487796111214, 'hidden_continuous_size': 30, 'attention_head_size': 4, 'learning_rate': 0.055648282577730426}. Best is trial 0 with value: 0.05705301836133003.
[I 2023-12-27 11:05:43,789] Trial 9 finished with value: 3.537119150161743 and parameters: {'gradient_clip_val': 0.43424072428014754, 'hidden_size': 131, 'dropout': 0.35237215283774825, 'hidden_continuous_size': 18, 'attention_head_size': 2, 'learning_rate': 0.00246094380052269}. Best is trial 0 with value: 0.05705301836133003.
[I 2023-12-27 11:05:44,115] Trial 10 finished with value: 4.325798988342285 and parameters: {'gradient_clip_val': 0.10295373405923337, 'hidden_size': 5, 'dropout': 0.1000027057397678, 'hidden_continuous_size': 5, 'attention_head_size': 1, 'learning_rate': 0.02377216739251653}. Best is trial 0 with value: 0.05705301836133003.
[I 2023-12-27 11:05:44,552] Trial 11 finished with value: 3.909351348876953 and parameters: {'gradient_clip_val': 0.26509030635624825, 'hidden_size': 57, 'dropout': 0.33245864271860537, 'hidden_continuous_size': 9, 'attention_head_size': 4, 'learning_rate': 0.0009584153094362511}. Best is trial 0 with value: 0.05705301836133003.
[I 2023-12-27 11:05:44,920] Trial 12 finished with value: 4.684443473815918 and parameters: {'gradient_clip_val': 0.2705989840898031, 'hidden_size': 10, 'dropout': 0.26430789753402223, 'hidden_continuous_size': 5, 'attention_head_size': 3, 'learning_rate': 0.001738450194467456}. Best is trial 0 with value: 0.05705301836133003.
[I 2023-12-27 11:05:45,311] Trial 13 finished with value: 3.887324094772339 and parameters: {'gradient_clip_val': 0.10304022095623713, 'hidden_size': 11, 'dropout': 0.17273105278708756, 'hidden_continuous_size': 5, 'attention_head_size': 4, 'learning_rate': 0.0005465263568329354}. Best is trial 0 with value: 0.05705301836133003.
[I 2023-12-27 11:05:45,663] Trial 14 finished with value: 2.913001775741577 and parameters: {'gradient_clip_val': 0.23432657101052812, 'hidden_size': 5, 'dropout': 0.49277976293526654, 'hidden_continuous_size': 5, 'attention_head_size': 3, 'learning_rate': 0.009997349529150457}. Best is trial 0 with value: 0.05705301836133003.
[I 2023-12-27 11:05:46,086] Trial 15 finished with value: 3.20029354095459 and parameters: {'gradient_clip_val': 0.3138663287978538, 'hidden_size': 41, 'dropout': 0.3718927125532295, 'hidden_continuous_size': 11, 'attention_head_size': 1, 'learning_rate': 0.09525462735614082}. Best is trial 0 with value: 0.05705301836133003.
[I 2023-12-27 11:05:46,464] Trial 16 finished with value: 4.771012306213379 and parameters: {'gradient_clip_val': 0.15075926312410923, 'hidden_size': 16, 'dropout': 0.3105053922950782, 'hidden_continuous_size': 6, 'attention_head_size': 4, 'learning_rate': 0.02548433130196629}. Best is trial 0 with value: 0.05705301836133003.
[I 2023-12-27 11:05:46,962] Trial 17 finished with value: 4.44326639175415 and parameters: {'gradient_clip_val': 0.21726699323908, 'hidden_size': 83, 'dropout': 0.39363795977739885, 'hidden_continuous_size': 12, 'attention_head_size': 3, 'learning_rate': 0.001462208669848586}. Best is trial 0 with value: 0.05705301836133003.
[I 2023-12-27 11:05:47,395] Trial 18 finished with value: 3.83959698677063 and parameters: {'gradient_clip_val': 0.36447820544389053, 'hidden_size': 42, 'dropout': 0.32113594034679915, 'hidden_continuous_size': 10, 'attention_head_size': 4, 'learning_rate': 0.0031010363402951486}. Best is trial 0 with value: 0.05705301836133003.
[I 2023-12-27 11:05:47,903] Trial 19 finished with value: 4.064479351043701 and parameters: {'gradient_clip_val': 0.6093278518166485, 'hidden_size': 94, 'dropout': 0.2852108465976555, 'hidden_continuous_size': 32, 'attention_head_size': 3, 'learning_rate': 0.0053496686719251806}. Best is trial 0 with value: 0.05705301836133003.
[I 2023-12-27 11:05:48,285] Trial 20 finished with value: 3.5214507579803467 and parameters: {'gradient_clip_val': 0.5301240663191744, 'hidden_size': 8, 'dropout': 0.4963331233828475, 'hidden_continuous_size': 5, 'attention_head_size': 4, 'learning_rate': 0.0011954531808439338}. Best is trial 0 with value: 0.05705301836133003.
[I 2023-12-27 11:05:48,662] Trial 21 finished with value: 3.089137077331543 and parameters: {'gradient_clip_val': 0.17881015205816386, 'hidden_size': 8, 'dropout': 0.22325196432758934, 'hidden_continuous_size': 6, 'attention_head_size': 3, 'learning_rate': 0.0005069310737082709}. Best is trial 0 with value: 0.05705301836133003.
[I 2023-12-27 11:05:49,311] Trial 22 finished with value: 3.7735767364501953 and parameters: {'gradient_clip_val': 0.3319124802730739, 'hidden_size': 7, 'dropout': 0.19417977631111683, 'hidden_continuous_size': 5, 'attention_head_size': 3, 'learning_rate': 0.0008677892716485344}. Best is trial 0 with value: 0.05705301836133003.
[I 2023-12-27 11:05:49,703] Trial 23 finished with value: 3.4967567920684814 and parameters: {'gradient_clip_val': 0.13420890735258678, 'hidden_size': 13, 'dropout': 0.2784527292115399, 'hidden_continuous_size': 7, 'attention_head_size': 4, 'learning_rate': 0.0021146761842825903}. Best is trial 0 with value: 0.05705301836133003.
[I 2023-12-27 11:05:50,084] Trial 24 finished with value: 5.113101005554199 and parameters: {'gradient_clip_val': 0.19212680345069588, 'hidden_size': 6, 'dropout': 0.15972617455033208, 'hidden_continuous_size': 5, 'attention_head_size': 2, 'learning_rate': 0.000842511714659806}. Best is trial 0 with value: 0.05705301836133003.
[I 2023-12-27 11:05:50,475] Trial 25 finished with value: 3.429291009902954 and parameters: {'gradient_clip_val': 0.27199796928421993, 'hidden_size': 9, 'dropout': 0.2500829770680607, 'hidden_continuous_size': 6, 'attention_head_size': 3, 'learning_rate': 0.0015833313949241503}. Best is trial 0 with value: 0.05705301836133003.
[I 2023-12-27 11:05:50,864] Trial 26 finished with value: 3.9693214893341064 and parameters: {'gradient_clip_val': 0.12484522722044622, 'hidden_size': 6, 'dropout': 0.21612006197587175, 'hidden_continuous_size': 5, 'attention_head_size': 4, 'learning_rate': 0.0024977519680691625}. Best is trial 0 with value: 0.05705301836133003.
[I 2023-12-27 11:05:51,259] Trial 27 finished with value: 3.135810136795044 and parameters: {'gradient_clip_val': 0.2167815799475039, 'hidden_size': 12, 'dropout': 0.26303999159099684, 'hidden_continuous_size': 7, 'attention_head_size': 4, 'learning_rate': 0.0006984762524002835}. Best is trial 0 with value: 0.05705301836133003.
[I 2023-12-27 11:05:51,661] Trial 28 finished with value: 2.8857288360595703 and parameters: {'gradient_clip_val': 0.18297278520273627, 'hidden_size': 7, 'dropout': 0.36315896773112194, 'hidden_continuous_size': 5, 'attention_head_size': 3, 'learning_rate': 0.0012317227910205299}. Best is trial 0 with value: 0.05705301836133003.
[I 2023-12-27 11:05:52,062] Trial 29 finished with value: 3.4155690670013428 and parameters: {'gradient_clip_val': 0.16748575370414034, 'hidden_size': 15, 'dropout': 0.22958585333830045, 'hidden_continuous_size': 8, 'attention_head_size': 2, 'learning_rate': 0.0045871130144411534}. Best is trial 0 with value: 0.05705301836133003.
[I 2023-12-27 11:05:52,472] Trial 30 finished with value: 4.2075724601745605 and parameters: {'gradient_clip_val': 0.20693274140940868, 'hidden_size': 10, 'dropout': 0.2964013659845476, 'hidden_continuous_size': 6, 'attention_head_size': 4, 'learning_rate': 0.0035514368357706673}. Best is trial 0 with value: 0.05705301836133003.
[I 2023-12-27 11:05:52,873] Trial 31 finished with value: 4.862668514251709 and parameters: {'gradient_clip_val': 0.17802100701261178, 'hidden_size': 7, 'dropout': 0.3590320281095471, 'hidden_continuous_size': 5, 'attention_head_size': 3, 'learning_rate': 0.0012598464734945452}. Best is trial 0 with value: 0.05705301836133003.
[I 2023-12-27 11:05:53,227] Trial 32 finished with value: 3.0809974670410156 and parameters: {'gradient_clip_val': 0.1576516784430554, 'hidden_size': 5, 'dropout': 0.39389348151114906, 'hidden_continuous_size': 5, 'attention_head_size': 3, 'learning_rate': 0.0011325340630293623}. Best is trial 0 with value: 0.05705301836133003.
[I 2023-12-27 11:05:53,626] Trial 33 finished with value: 3.4446592330932617 and parameters: {'gradient_clip_val': 0.13034406980020108, 'hidden_size': 21, 'dropout': 0.33428426798728933, 'hidden_continuous_size': 8, 'attention_head_size': 3, 'learning_rate': 0.0018063736834056496}. Best is trial 0 with value: 0.05705301836133003.
[I 2023-12-27 11:05:54,017] Trial 34 finished with value: 3.322641372680664 and parameters: {'gradient_clip_val': 0.20655032151034597, 'hidden_size': 9, 'dropout': 0.42179692264865337, 'hidden_continuous_size': 6, 'attention_head_size': 2, 'learning_rate': 0.0006965024005651485}. Best is trial 0 with value: 0.05705301836133003.
[I 2023-12-27 11:05:54,659] Trial 35 finished with value: 2.710559844970703 and parameters: {'gradient_clip_val': 0.2415770978804829, 'hidden_size': 13, 'dropout': 0.447582532256394, 'hidden_continuous_size': 7, 'attention_head_size': 3, 'learning_rate': 0.0028849841370263913}. Best is trial 0 with value: 0.05705301836133003.
[I 2023-12-27 11:05:55,065] Trial 36 finished with value: 4.643862247467041 and parameters: {'gradient_clip_val': 0.24607151040213393, 'hidden_size': 20, 'dropout': 0.4391888643719992, 'hidden_continuous_size': 7, 'attention_head_size': 4, 'learning_rate': 0.0027085386025511326}. Best is trial 0 with value: 0.05705301836133003.
[I 2023-12-27 11:05:55,456] Trial 37 finished with value: 4.19363260269165 and parameters: {'gradient_clip_val': 0.29384086306402474, 'hidden_size': 13, 'dropout': 0.47447051758195163, 'hidden_continuous_size': 7, 'attention_head_size': 2, 'learning_rate': 0.0064728650083273375}. Best is trial 0 with value: 0.05705301836133003.
[I 2023-12-27 11:05:55,863] Trial 38 finished with value: 4.690791606903076 and parameters: {'gradient_clip_val': 0.23759388437058332, 'hidden_size': 27, 'dropout': 0.44572541985784503, 'hidden_continuous_size': 13, 'attention_head_size': 1, 'learning_rate': 0.00356319941219373}. Best is trial 0 with value: 0.05705301836133003.
[I 2023-12-27 11:05:56,446] Trial 39 finished with value: 3.2705934047698975 and parameters: {'gradient_clip_val': 0.3659326469893157, 'hidden_size': 128, 'dropout': 0.46804688972692776, 'hidden_continuous_size': 14, 'attention_head_size': 4, 'learning_rate': 0.004092901270297017}. Best is trial 0 with value: 0.05705301836133003.
[I 2023-12-27 11:05:56,836] Trial 40 finished with value: 3.93434739112854 and parameters: {'gradient_clip_val': 0.30905847454747637, 'hidden_size': 11, 'dropout': 0.24786687397601279, 'hidden_continuous_size': 8, 'attention_head_size': 3, 'learning_rate': 0.0023228430408795487}. Best is trial 0 with value: 0.05705301836133003.
[I 2023-12-27 11:05:57,222] Trial 41 finished with value: 3.537926435470581 and parameters: {'gradient_clip_val': 0.18742105424957498, 'hidden_size': 8, 'dropout': 0.44991267461562895, 'hidden_continuous_size': 6, 'attention_head_size': 3, 'learning_rate': 0.0014011243248340168}. Best is trial 0 with value: 0.05705301836133003.
[I 2023-12-27 11:05:57,613] Trial 42 finished with value: 3.8243093490600586 and parameters: {'gradient_clip_val': 0.16480282988424028, 'hidden_size': 6, 'dropout': 0.3947371892034433, 'hidden_continuous_size': 5, 'attention_head_size': 3, 'learning_rate': 0.001973361926078697}. Best is trial 0 with value: 0.05705301836133003.
[I 2023-12-27 11:05:58,012] Trial 43 finished with value: 2.061069965362549 and parameters: {'gradient_clip_val': 0.14295973116591246, 'hidden_size': 14, 'dropout': 0.4207876205566785, 'hidden_continuous_size': 9, 'attention_head_size': 3, 'learning_rate': 0.0011578823211529246}. Best is trial 0 with value: 0.05705301836133003.
[I 2023-12-27 11:05:58,415] Trial 44 finished with value: 4.8109002113342285 and parameters: {'gradient_clip_val': 0.13667983511264128, 'hidden_size': 14, 'dropout': 0.430676127870827, 'hidden_continuous_size': 9, 'attention_head_size': 4, 'learning_rate': 0.0010556758322601346}. Best is trial 0 with value: 0.05705301836133003.
