[I 2023-12-27 10:54:17,873] Trial 14 finished with value: 2.4675118923187256 and parameters: {'gradient_clip_val': 0.5702121437198509, 'hidden_size': 8, 'dropout': 0.3080533617252628, 'hidden_continuous_size': 5, 'attention_head_size': 4, 'learning_rate': 0.028914050922264043}. Best is trial 1 with value: 0.3323937952518463.
[I 2023-12-27 10:54:18,455] Trial 15 finished with value: 2.3018434047698975 and parameters: {'gradient_clip_val': 0.26008182270986374, 'hidden_size': 15, 'dropout': 0.3951782183127171, 'hidden_continuous_size': 6, 'attention_head_size': 2, 'learning_rate': 0.007247555213855248}. Best is trial 1 with value: 0.3323937952518463.
[I 2023-12-27 10:54:18,830] Trial 16 finished with value: 3.57427978515625 and parameters: {'gradient_clip_val': 0.5020930214738696, 'hidden_size': 7, 'dropout': 0.4147907261611308, 'hidden_continuous_size': 5, 'attention_head_size': 1, 'learning_rate': 0.08607762492571787}. Best is trial 1 with value: 0.3323937952518463.
[I 2023-12-27 10:54:19,230] Trial 17 finished with value: 2.9507133960723877 and parameters: {'gradient_clip_val': 0.30015468091548, 'hidden_size': 28, 'dropout': 0.3133593727123528, 'hidden_continuous_size': 9, 'attention_head_size': 2, 'learning_rate': 0.03788756700638206}. Best is trial 1 with value: 0.3323937952518463.
[I 2023-12-27 10:54:19,605] Trial 18 finished with value: 2.7027342319488525 and parameters: {'gradient_clip_val': 0.10418579631250391, 'hidden_size': 13, 'dropout': 0.2766016067181361, 'hidden_continuous_size': 6, 'attention_head_size': 3, 'learning_rate': 0.05127620362740921}. Best is trial 1 with value: 0.3323937952518463.
[I 2023-12-27 10:54:19,973] Trial 19 finished with value: 2.9342422485351562 and parameters: {'gradient_clip_val': 0.20548035633125808, 'hidden_size': 7, 'dropout': 0.3519796318635469, 'hidden_continuous_size': 5, 'attention_head_size': 1, 'learning_rate': 0.008577348095738478}. Best is trial 1 with value: 0.3323937952518463.
[I 2023-12-27 10:54:20,351] Trial 20 finished with value: 3.19372296333313 and parameters: {'gradient_clip_val': 0.32932845320812093, 'hidden_size': 21, 'dropout': 0.4884771431704288, 'hidden_continuous_size': 7, 'attention_head_size': 2, 'learning_rate': 0.025775746414728504}. Best is trial 1 with value: 0.3323937952518463.
[I 2023-12-27 10:54:20,711] Trial 21 finished with value: 2.449206590652466 and parameters: {'gradient_clip_val': 0.16965934688824771, 'hidden_size': 6, 'dropout': 0.12147490226635999, 'hidden_continuous_size': 5, 'attention_head_size': 3, 'learning_rate': 0.0005681950325001757}. Best is trial 1 with value: 0.3323937952518463.
[I 2023-12-27 10:54:21,048] Trial 22 finished with value: 2.8161075115203857 and parameters: {'gradient_clip_val': 0.13381533334509987, 'hidden_size': 5, 'dropout': 0.19184599314435347, 'hidden_continuous_size': 5, 'attention_head_size': 4, 'learning_rate': 0.004132612075033026}. Best is trial 1 with value: 0.3323937952518463.
[I 2023-12-27 10:54:21,416] Trial 23 finished with value: 2.873060464859009 and parameters: {'gradient_clip_val': 0.18098087293949908, 'hidden_size': 6, 'dropout': 0.10497212539642248, 'hidden_continuous_size': 5, 'attention_head_size': 3, 'learning_rate': 0.015308296354180292}. Best is trial 1 with value: 0.3323937952518463.
[I 2023-12-27 10:54:21,785] Trial 24 finished with value: 2.2763617038726807 and parameters: {'gradient_clip_val': 0.1998715711857658, 'hidden_size': 8, 'dropout': 0.13884769743737438, 'hidden_continuous_size': 5, 'attention_head_size': 2, 'learning_rate': 0.001182584300888324}. Best is trial 1 with value: 0.3323937952518463.
[I 2023-12-27 10:54:22,119] Trial 25 finished with value: 2.0968666076660156 and parameters: {'gradient_clip_val': 0.13475028552628204, 'hidden_size': 5, 'dropout': 0.1805392402816854, 'hidden_continuous_size': 5, 'attention_head_size': 3, 'learning_rate': 0.005893983655855042}. Best is trial 1 with value: 0.3323937952518463.
[I 2023-12-27 10:54:22,498] Trial 26 finished with value: 2.349794387817383 and parameters: {'gradient_clip_val': 0.19886145657110826, 'hidden_size': 12, 'dropout': 0.13539911486716147, 'hidden_continuous_size': 6, 'attention_head_size': 2, 'learning_rate': 0.009301476712091273}. Best is trial 1 with value: 0.3323937952518463.
[I 2023-12-27 10:54:22,868] Trial 27 finished with value: 1.972019076347351 and parameters: {'gradient_clip_val': 0.12278501541442811, 'hidden_size': 7, 'dropout': 0.19116891751730217, 'hidden_continuous_size': 5, 'attention_head_size': 3, 'learning_rate': 0.001287167121171357}. Best is trial 1 with value: 0.3323937952518463.
[I 2023-12-27 10:54:23,252] Trial 28 finished with value: 2.4060022830963135 and parameters: {'gradient_clip_val': 0.15010479348401404, 'hidden_size': 10, 'dropout': 0.10006487601944741, 'hidden_continuous_size': 6, 'attention_head_size': 4, 'learning_rate': 0.01962354436434165}. Best is trial 1 with value: 0.3323937952518463.
[I 2023-12-27 10:54:23,842] Trial 29 finished with value: 3.2876062393188477 and parameters: {'gradient_clip_val': 0.27838506015070347, 'hidden_size': 9, 'dropout': 0.1510602295984542, 'hidden_continuous_size': 5, 'attention_head_size': 2, 'learning_rate': 0.0045109065467226345}. Best is trial 1 with value: 0.3323937952518463.
[I 2023-12-27 10:54:24,204] Trial 30 finished with value: 2.811253547668457 and parameters: {'gradient_clip_val': 0.21946902179418645, 'hidden_size': 6, 'dropout': 0.17347421585317976, 'hidden_continuous_size': 5, 'attention_head_size': 2, 'learning_rate': 0.010483140699181315}. Best is trial 1 with value: 0.3323937952518463.
[I 2023-12-27 10:54:24,573] Trial 31 finished with value: 2.240842819213867 and parameters: {'gradient_clip_val': 0.11966996161333725, 'hidden_size': 7, 'dropout': 0.1965629370131764, 'hidden_continuous_size': 5, 'attention_head_size': 3, 'learning_rate': 0.001028178142559992}. Best is trial 1 with value: 0.3323937952518463.
[I 2023-12-27 10:54:24,908] Trial 32 finished with value: 2.644885778427124 and parameters: {'gradient_clip_val': 0.14276412838479333, 'hidden_size': 5, 'dropout': 0.2205421526627237, 'hidden_continuous_size': 5, 'attention_head_size': 3, 'learning_rate': 0.001434185708579259}. Best is trial 1 with value: 0.3323937952518463.
[I 2023-12-27 10:54:25,284] Trial 33 finished with value: 2.140878915786743 and parameters: {'gradient_clip_val': 0.11890764366523417, 'hidden_size': 8, 'dropout': 0.16430690715734908, 'hidden_continuous_size': 5, 'attention_head_size': 3, 'learning_rate': 0.0005480158331653972}. Best is trial 1 with value: 0.3323937952518463.
[I 2023-12-27 10:54:25,635] Trial 34 finished with value: 3.88874888420105 and parameters: {'gradient_clip_val': 0.17527546312652315, 'hidden_size': 5, 'dropout': 0.1290893803327356, 'hidden_continuous_size': 5, 'attention_head_size': 3, 'learning_rate': 0.0008167433279902775}. Best is trial 1 with value: 0.3323937952518463.
[I 2023-12-27 10:54:26,018] Trial 35 finished with value: 3.066058397293091 and parameters: {'gradient_clip_val': 0.10401478951625551, 'hidden_size': 6, 'dropout': 0.15952615670930445, 'hidden_continuous_size': 5, 'attention_head_size': 3, 'learning_rate': 0.002960622438684035}. Best is trial 1 with value: 0.3323937952518463.
[I 2023-12-27 10:54:26,390] Trial 36 finished with value: 3.0495073795318604 and parameters: {'gradient_clip_val': 0.15548336108968094, 'hidden_size': 11, 'dropout': 0.21089611599394464, 'hidden_continuous_size': 6, 'attention_head_size': 2, 'learning_rate': 0.0016233070914068064}. Best is trial 1 with value: 0.3323937952518463.
[I 2023-12-27 10:54:26,775] Trial 37 finished with value: 2.3144967555999756 and parameters: {'gradient_clip_val': 0.39028070783832897, 'hidden_size': 9, 'dropout': 0.23255037039618054, 'hidden_continuous_size': 5, 'attention_head_size': 2, 'learning_rate': 0.0019562461654638367}. Best is trial 1 with value: 0.3323937952518463.
[I 2023-12-27 10:54:27,153] Trial 38 finished with value: 2.2527382373809814 and parameters: {'gradient_clip_val': 0.14133586481756136, 'hidden_size': 7, 'dropout': 0.14700872137745968, 'hidden_continuous_size': 5, 'attention_head_size': 3, 'learning_rate': 0.0007169325372171456}. Best is trial 1 with value: 0.3323937952518463.
[I 2023-12-27 10:54:27,531] Trial 39 finished with value: 3.1307172775268555 and parameters: {'gradient_clip_val': 0.12230605807542087, 'hidden_size': 13, 'dropout': 0.1989486611862824, 'hidden_continuous_size': 7, 'attention_head_size': 4, 'learning_rate': 0.0030483578841516107}. Best is trial 1 with value: 0.3323937952518463.
[I 2023-12-27 10:54:27,864] Trial 40 finished with value: 1.8703521490097046 and parameters: {'gradient_clip_val': 0.15701451824251805, 'hidden_size': 5, 'dropout': 0.24868367789503348, 'hidden_continuous_size': 5, 'attention_head_size': 2, 'learning_rate': 0.0011232504149613482}. Best is trial 1 with value: 0.3323937952518463.
[I 2023-12-27 10:54:28,199] Trial 41 finished with value: 2.431966543197632 and parameters: {'gradient_clip_val': 0.16072475287076388, 'hidden_size': 5, 'dropout': 0.24873641972815916, 'hidden_continuous_size': 5, 'attention_head_size': 2, 'learning_rate': 0.0011220465835478765}. Best is trial 1 with value: 0.3323937952518463.
[I 2023-12-27 10:54:28,776] Trial 42 finished with value: 3.0920445919036865 and parameters: {'gradient_clip_val': 0.22590222723435482, 'hidden_size': 6, 'dropout': 0.16931267920210957, 'hidden_continuous_size': 5, 'attention_head_size': 2, 'learning_rate': 0.001805428549815722}. Best is trial 1 with value: 0.3323937952518463.
[I 2023-12-27 10:54:29,137] Trial 43 finished with value: 2.2649219036102295 and parameters: {'gradient_clip_val': 0.18016725663340213, 'hidden_size': 8, 'dropout': 0.24919019122912645, 'hidden_continuous_size': 5, 'attention_head_size': 2, 'learning_rate': 0.0023586918833443764}. Best is trial 1 with value: 0.3323937952518463.
[I 2023-12-27 10:54:29,496] Trial 44 finished with value: 3.0339670181274414 and parameters: {'gradient_clip_val': 0.11299418390317859, 'hidden_size': 6, 'dropout': 0.1843631873247283, 'hidden_continuous_size': 5, 'attention_head_size': 1, 'learning_rate': 0.0014980823011822313}. Best is trial 1 with value: 0.3323937952518463.
[I 2023-12-27 10:54:29,827] Trial 45 finished with value: 2.1212973594665527 and parameters: {'gradient_clip_val': 0.1315912428418754, 'hidden_size': 5, 'dropout': 0.2107087371574713, 'hidden_continuous_size': 5, 'attention_head_size': 3, 'learning_rate': 0.0008217711307227342}. Best is trial 1 with value: 0.3323937952518463.
[I 2023-12-27 10:54:30,200] Trial 46 finished with value: 2.6616034507751465 and parameters: {'gradient_clip_val': 0.1534605796624571, 'hidden_size': 10, 'dropout': 0.12081749338983802, 'hidden_continuous_size': 6, 'attention_head_size': 2, 'learning_rate': 0.0011777848889530126}. Best is trial 1 with value: 0.3323937952518463.
[I 2023-12-27 10:54:30,560] Trial 47 finished with value: 2.5005886554718018 and parameters: {'gradient_clip_val': 0.2501961727580966, 'hidden_size': 7, 'dropout': 0.15531846598118737, 'hidden_continuous_size': 5, 'attention_head_size': 1, 'learning_rate': 0.0023883916355789273}. Best is trial 1 with value: 0.3323937952518463.
[I 2023-12-27 10:54:30,949] Trial 48 finished with value: 3.2583112716674805 and parameters: {'gradient_clip_val': 0.10844339082719533, 'hidden_size': 33, 'dropout': 0.27482505480875624, 'hidden_continuous_size': 9, 'attention_head_size': 2, 'learning_rate': 0.05868564080105471}. Best is trial 1 with value: 0.3323937952518463.
[I 2023-12-27 10:54:31,318] Trial 49 finished with value: 3.2113864421844482 and parameters: {'gradient_clip_val': 0.10014678966137659, 'hidden_size': 9, 'dropout': 0.3202882451876153, 'hidden_continuous_size': 6, 'attention_head_size': 3, 'learning_rate': 0.006244407652053125}. Best is trial 1 with value: 0.3323937952518463.
[I 2023-12-27 10:54:31,433] A new study created in memory with name: no-name-9f7015ce-cc91-4992-91ae-bdd6b1cf47bd
/home/le004/conda/anaconda3/envs/tsff_env/lib/python3.9/site-packages/lightning/fabric/plugins/environments/slurm.py:191: The `srun` command is available on your system but is not used. HINT: If your intention is to run Lightning on SLURM, prepend your python command with `srun` like so: srun python /home/le004/master_thesis/git/TSFusionForecast/code/ ...
[I 2023-12-27 10:55:06,810] Trial 0 finished with value: 0.2934708893299103 and parameters: {'gradient_clip_val': 0.23007376730376086, 'hidden_size': 48, 'dropout': 0.3087130742520119, 'hidden_continuous_size': 18, 'attention_head_size': 2, 'learning_rate': 0.0031897744858608887}. Best is trial 0 with value: 0.2934708893299103.
[I 2023-12-27 10:55:17,192] Trial 1 finished with value: 1.3584094047546387 and parameters: {'gradient_clip_val': 0.7018465285964889, 'hidden_size': 7, 'dropout': 0.1819720790686064, 'hidden_continuous_size': 5, 'attention_head_size': 2, 'learning_rate': 0.04610690184024186}. Best is trial 0 with value: 0.2934708893299103.
[I 2023-12-27 10:55:17,676] Trial 2 finished with value: 4.720785617828369 and parameters: {'gradient_clip_val': 0.2550613533863298, 'hidden_size': 70, 'dropout': 0.16198647343164221, 'hidden_continuous_size': 16, 'attention_head_size': 4, 'learning_rate': 0.004388903550485128}. Best is trial 0 with value: 0.2934708893299103.
[I 2023-12-27 10:55:18,053] Trial 3 finished with value: 5.319467067718506 and parameters: {'gradient_clip_val': 0.10033003731936302, 'hidden_size': 39, 'dropout': 0.42239919879147547, 'hidden_continuous_size': 6, 'attention_head_size': 4, 'learning_rate': 0.005581196934840213}. Best is trial 0 with value: 0.2934708893299103.
[I 2023-12-27 10:55:18,540] Trial 4 finished with value: 6.556606769561768 and parameters: {'gradient_clip_val': 0.4438916170507603, 'hidden_size': 108, 'dropout': 0.3956280594031859, 'hidden_continuous_size': 16, 'attention_head_size': 4, 'learning_rate': 0.0014598053928493275}. Best is trial 0 with value: 0.2934708893299103.
[I 2023-12-27 10:55:18,850] Trial 5 finished with value: 4.55832052230835 and parameters: {'gradient_clip_val': 0.1491423152595165, 'hidden_size': 5, 'dropout': 0.4890958216578215, 'hidden_continuous_size': 5, 'attention_head_size': 1, 'learning_rate': 0.02053121875391733}. Best is trial 0 with value: 0.2934708893299103.
[I 2023-12-27 10:55:19,336] Trial 6 finished with value: 6.053198337554932 and parameters: {'gradient_clip_val': 0.287409651736773, 'hidden_size': 101, 'dropout': 0.31200253980772996, 'hidden_continuous_size': 23, 'attention_head_size': 3, 'learning_rate': 0.001616477784615964}. Best is trial 0 with value: 0.2934708893299103.
[I 2023-12-27 10:55:19,698] Trial 7 finished with value: 5.604763507843018 and parameters: {'gradient_clip_val': 0.9756861340886367, 'hidden_size': 19, 'dropout': 0.420329779824962, 'hidden_continuous_size': 10, 'attention_head_size': 3, 'learning_rate': 0.003147431904589087}. Best is trial 0 with value: 0.2934708893299103.
[I 2023-12-27 10:55:20,049] Trial 8 finished with value: 6.04298210144043 and parameters: {'gradient_clip_val': 0.6417881767586838, 'hidden_size': 12, 'dropout': 0.3053956596516899, 'hidden_continuous_size': 6, 'attention_head_size': 3, 'learning_rate': 0.0020915042968325196}. Best is trial 0 with value: 0.2934708893299103.
[I 2023-12-27 10:55:20,517] Trial 9 finished with value: 5.67009162902832 and parameters: {'gradient_clip_val': 0.10005169781736332, 'hidden_size': 101, 'dropout': 0.42325985234720875, 'hidden_continuous_size': 9, 'attention_head_size': 4, 'learning_rate': 0.0645903184952028}. Best is trial 0 with value: 0.2934708893299103.
[I 2023-12-27 10:55:20,929] Trial 10 finished with value: 5.137495040893555 and parameters: {'gradient_clip_val': 0.2158198188166358, 'hidden_size': 39, 'dropout': 0.10224155141330071, 'hidden_continuous_size': 37, 'attention_head_size': 1, 'learning_rate': 0.013402756584041615}. Best is trial 0 with value: 0.2934708893299103.
[I 2023-12-27 10:55:21,273] Trial 11 finished with value: 5.7487406730651855 and parameters: {'gradient_clip_val': 0.43120172199422707, 'hidden_size': 5, 'dropout': 0.24119131832045712, 'hidden_continuous_size': 5, 'attention_head_size': 2, 'learning_rate': 0.0006602013671858473}. Best is trial 0 with value: 0.2934708893299103.
[I 2023-12-27 10:55:21,655] Trial 12 finished with value: 5.146944999694824 and parameters: {'gradient_clip_val': 0.40829694446386977, 'hidden_size': 11, 'dropout': 0.2309914020210086, 'hidden_continuous_size': 5, 'attention_head_size': 2, 'learning_rate': 0.08263007112082624}. Best is trial 0 with value: 0.2934708893299103.
[I 2023-12-27 10:55:22,051] Trial 13 finished with value: 3.9570674896240234 and parameters: {'gradient_clip_val': 0.6927338228581627, 'hidden_size': 29, 'dropout': 0.23057599214297728, 'hidden_continuous_size': 8, 'attention_head_size': 2, 'learning_rate': 0.010470424122465828}. Best is trial 0 with value: 0.2934708893299103.
[I 2023-12-27 10:55:22,473] Trial 14 finished with value: 5.370906829833984 and parameters: {'gradient_clip_val': 0.20561113551101673, 'hidden_size': 54, 'dropout': 0.16725667126656005, 'hidden_continuous_size': 12, 'attention_head_size': 2, 'learning_rate': 0.029171064698146773}. Best is trial 0 with value: 0.2934708893299103.
[I 2023-12-27 10:55:23,075] Trial 15 finished with value: 5.433659076690674 and parameters: {'gradient_clip_val': 0.32990876552527343, 'hidden_size': 15, 'dropout': 0.3438054678048951, 'hidden_continuous_size': 7, 'attention_head_size': 1, 'learning_rate': 0.008400747094578734}. Best is trial 0 with value: 0.2934708893299103.
[I 2023-12-27 10:55:23,438] Trial 16 finished with value: 4.872520923614502 and parameters: {'gradient_clip_val': 0.17011804921275528, 'hidden_size': 8, 'dropout': 0.27327341033307334, 'hidden_continuous_size': 5, 'attention_head_size': 2, 'learning_rate': 0.03859436096381222}. Best is trial 0 with value: 0.2934708893299103.
[I 2023-12-27 10:55:23,835] Trial 17 finished with value: 5.114476680755615 and parameters: {'gradient_clip_val': 0.337293228795904, 'hidden_size': 23, 'dropout': 0.33612631219200073, 'hidden_continuous_size': 7, 'attention_head_size': 3, 'learning_rate': 0.014266865397922485}. Best is trial 0 with value: 0.2934708893299103.
[I 2023-12-27 10:55:24,469] Trial 18 finished with value: 6.991785526275635 and parameters: {'gradient_clip_val': 0.575189521497018, 'hidden_size': 149, 'dropout': 0.27854797140889653, 'hidden_continuous_size': 73, 'attention_head_size': 1, 'learning_rate': 0.09974489925638215}. Best is trial 0 with value: 0.2934708893299103.
[I 2023-12-27 10:55:24,851] Trial 19 finished with value: 4.394131660461426 and parameters: {'gradient_clip_val': 0.9682382254179217, 'hidden_size': 8, 'dropout': 0.19221603948093907, 'hidden_continuous_size': 5, 'attention_head_size': 2, 'learning_rate': 0.007126813111744166}. Best is trial 0 with value: 0.2934708893299103.
[I 2023-12-27 10:55:25,218] Trial 20 finished with value: 3.756314277648926 and parameters: {'gradient_clip_val': 0.5031344948942243, 'hidden_size': 16, 'dropout': 0.10667038409322943, 'hidden_continuous_size': 6, 'attention_head_size': 3, 'learning_rate': 0.044044658749910384}. Best is trial 0 with value: 0.2934708893299103.
[I 2023-12-27 10:55:25,602] Trial 21 finished with value: 5.464732646942139 and parameters: {'gradient_clip_val': 0.573379140037492, 'hidden_size': 18, 'dropout': 0.10895538734884828, 'hidden_continuous_size': 6, 'attention_head_size': 3, 'learning_rate': 0.05091166059400117}. Best is trial 0 with value: 0.2934708893299103.
[I 2023-12-27 10:55:26,004] Trial 22 finished with value: 4.953909397125244 and parameters: {'gradient_clip_val': 0.7567556890845838, 'hidden_size': 28, 'dropout': 0.14397425811404196, 'hidden_continuous_size': 7, 'attention_head_size': 2, 'learning_rate': 0.027195368047755464}. Best is trial 0 with value: 0.2934708893299103.
[I 2023-12-27 10:55:26,385] Trial 23 finished with value: 5.5570220947265625 and parameters: {'gradient_clip_val': 0.5089725493013149, 'hidden_size': 7, 'dropout': 0.13154542682342743, 'hidden_continuous_size': 5, 'attention_head_size': 3, 'learning_rate': 0.053460673975332156}. Best is trial 0 with value: 0.2934708893299103.
[I 2023-12-27 10:55:26,757] Trial 24 finished with value: 5.809712886810303 and parameters: {'gradient_clip_val': 0.8025316146292618, 'hidden_size': 13, 'dropout': 0.198478776728228, 'hidden_continuous_size': 6, 'attention_head_size': 2, 'learning_rate': 0.022750758377122343}. Best is trial 0 with value: 0.2934708893299103.
[I 2023-12-27 10:55:27,153] Trial 25 finished with value: 6.643944263458252 and parameters: {'gradient_clip_val': 0.37845795553540046, 'hidden_size': 9, 'dropout': 0.13063252920743224, 'hidden_continuous_size': 6, 'attention_head_size': 3, 'learning_rate': 0.039331297383199224}. Best is trial 0 with value: 0.2934708893299103.
[I 2023-12-27 10:55:27,524] Trial 26 finished with value: 4.912194728851318 and parameters: {'gradient_clip_val': 0.4783691912826666, 'hidden_size': 17, 'dropout': 0.18201908547100967, 'hidden_continuous_size': 8, 'attention_head_size': 2, 'learning_rate': 0.015337195148817968}. Best is trial 0 with value: 0.2934708893299103.
[I 2023-12-27 10:55:27,892] Trial 27 finished with value: 5.937849044799805 and parameters: {'gradient_clip_val': 0.5181778106870581, 'hidden_size': 6, 'dropout': 0.10215772218201291, 'hidden_continuous_size': 5, 'attention_head_size': 1, 'learning_rate': 0.07087745607924624}. Best is trial 0 with value: 0.2934708893299103.
[I 2023-12-27 10:55:28,265] Trial 28 finished with value: 5.159962177276611 and parameters: {'gradient_clip_val': 0.5899774569905336, 'hidden_size': 11, 'dropout': 0.15882130476103462, 'hidden_continuous_size': 6, 'attention_head_size': 3, 'learning_rate': 0.03444770000285409}. Best is trial 0 with value: 0.2934708893299103.
