[I 2023-12-27 11:19:36,973] Trial 26 finished with value: 3.5182244777679443 and parameters: {'gradient_clip_val': 0.9815259175257927, 'hidden_size': 117, 'dropout': 0.3559465142140904, 'hidden_continuous_size': 57, 'attention_head_size': 1, 'learning_rate': 0.0007423511980316077}. Best is trial 0 with value: 0.06809516251087189.
[I 2023-12-27 11:19:37,418] Trial 27 finished with value: 3.4079811573028564 and parameters: {'gradient_clip_val': 0.46552703941800616, 'hidden_size': 73, 'dropout': 0.33249478485671885, 'hidden_continuous_size': 23, 'attention_head_size': 1, 'learning_rate': 0.005799427402227349}. Best is trial 0 with value: 0.06809516251087189.
[I 2023-12-27 11:19:37,825] Trial 28 finished with value: 4.2202935218811035 and parameters: {'gradient_clip_val': 0.7667648664497007, 'hidden_size': 51, 'dropout': 0.397417293993239, 'hidden_continuous_size': 33, 'attention_head_size': 2, 'learning_rate': 0.004021214318001721}. Best is trial 0 with value: 0.06809516251087189.
[I 2023-12-27 11:19:38,235] Trial 29 finished with value: 3.7609646320343018 and parameters: {'gradient_clip_val': 0.28041102603319584, 'hidden_size': 41, 'dropout': 0.3109788100465242, 'hidden_continuous_size': 26, 'attention_head_size': 1, 'learning_rate': 0.0005599014300132893}. Best is trial 0 with value: 0.06809516251087189.
[I 2023-12-27 11:19:38,734] Trial 30 finished with value: 3.98476505279541 and parameters: {'gradient_clip_val': 0.5680609318356682, 'hidden_size': 99, 'dropout': 0.3484947373662784, 'hidden_continuous_size': 48, 'attention_head_size': 3, 'learning_rate': 0.009459572234926071}. Best is trial 0 with value: 0.06809516251087189.
[I 2023-12-27 11:19:39,101] Trial 31 finished with value: 3.5115010738372803 and parameters: {'gradient_clip_val': 0.12669164701716693, 'hidden_size': 19, 'dropout': 0.15075214942177914, 'hidden_continuous_size': 10, 'attention_head_size': 2, 'learning_rate': 0.0019402706499834234}. Best is trial 0 with value: 0.06809516251087189.
[I 2023-12-27 11:19:39,525] Trial 32 finished with value: 3.865464448928833 and parameters: {'gradient_clip_val': 0.1491815557619109, 'hidden_size': 53, 'dropout': 0.27939584430371955, 'hidden_continuous_size': 36, 'attention_head_size': 2, 'learning_rate': 0.0011730008908672534}. Best is trial 0 with value: 0.06809516251087189.
[I 2023-12-27 11:19:39,960] Trial 33 finished with value: 3.7695071697235107 and parameters: {'gradient_clip_val': 0.18456608217677445, 'hidden_size': 74, 'dropout': 0.3718077164595137, 'hidden_continuous_size': 9, 'attention_head_size': 3, 'learning_rate': 0.0016154436134362825}. Best is trial 0 with value: 0.06809516251087189.
[I 2023-12-27 11:19:40,336] Trial 34 finished with value: 4.49130916595459 and parameters: {'gradient_clip_val': 0.13446132679405712, 'hidden_size': 11, 'dropout': 0.3224199302106035, 'hidden_continuous_size': 9, 'attention_head_size': 4, 'learning_rate': 0.0011375818667862408}. Best is trial 0 with value: 0.06809516251087189.
[I 2023-12-27 11:19:40,725] Trial 35 finished with value: 4.004608631134033 and parameters: {'gradient_clip_val': 0.2075612719926336, 'hidden_size': 33, 'dropout': 0.10280445952864112, 'hidden_continuous_size': 21, 'attention_head_size': 2, 'learning_rate': 0.0177089929393844}. Best is trial 0 with value: 0.06809516251087189.
[I 2023-12-27 11:19:41,224] Trial 36 finished with value: 2.6941652297973633 and parameters: {'gradient_clip_val': 0.1746592104942094, 'hidden_size': 128, 'dropout': 0.27606087427986864, 'hidden_continuous_size': 7, 'attention_head_size': 1, 'learning_rate': 0.0034176707132054385}. Best is trial 0 with value: 0.06809516251087189.
[I 2023-12-27 11:19:41,734] Trial 37 finished with value: 4.997483730316162 and parameters: {'gradient_clip_val': 0.17914537372095193, 'hidden_size': 128, 'dropout': 0.2236014720064066, 'hidden_continuous_size': 7, 'attention_head_size': 1, 'learning_rate': 0.003072138575946187}. Best is trial 0 with value: 0.06809516251087189.
[I 2023-12-27 11:19:42,213] Trial 38 finished with value: 3.9162395000457764 and parameters: {'gradient_clip_val': 0.1634530802793624, 'hidden_size': 99, 'dropout': 0.37509170640618117, 'hidden_continuous_size': 13, 'attention_head_size': 1, 'learning_rate': 0.004889474640416826}. Best is trial 0 with value: 0.06809516251087189.
[I 2023-12-27 11:19:43,064] Trial 39 finished with value: 4.143535614013672 and parameters: {'gradient_clip_val': 0.2043548130338325, 'hidden_size': 135, 'dropout': 0.3566083818624267, 'hidden_continuous_size': 135, 'attention_head_size': 1, 'learning_rate': 0.011446854211050047}. Best is trial 0 with value: 0.06809516251087189.
[I 2023-12-27 11:19:43,642] Trial 40 finished with value: 3.3360955715179443 and parameters: {'gradient_clip_val': 0.2341796601524934, 'hidden_size': 149, 'dropout': 0.2893450064259815, 'hidden_continuous_size': 5, 'attention_head_size': 1, 'learning_rate': 0.008589732476673566}. Best is trial 0 with value: 0.06809516251087189.
[I 2023-12-27 11:19:44,156] Trial 41 finished with value: 3.94775390625 and parameters: {'gradient_clip_val': 0.11694511797152601, 'hidden_size': 114, 'dropout': 0.2789499243863905, 'hidden_continuous_size': 7, 'attention_head_size': 2, 'learning_rate': 0.003039152046033979}. Best is trial 0 with value: 0.06809516251087189.
[I 2023-12-27 11:19:44,522] Trial 42 finished with value: 2.6881625652313232 and parameters: {'gradient_clip_val': 0.15860111139143354, 'hidden_size': 10, 'dropout': 0.24337921008390762, 'hidden_continuous_size': 8, 'attention_head_size': 2, 'learning_rate': 0.005767906647302337}. Best is trial 0 with value: 0.06809516251087189.
[I 2023-12-27 11:19:44,889] Trial 43 finished with value: 4.528591632843018 and parameters: {'gradient_clip_val': 0.170421407772533, 'hidden_size': 9, 'dropout': 0.25494691719834633, 'hidden_continuous_size': 8, 'attention_head_size': 2, 'learning_rate': 0.0053193312716702445}. Best is trial 0 with value: 0.06809516251087189.
[I 2023-12-27 11:19:45,338] Trial 44 finished with value: 5.3192596435546875 and parameters: {'gradient_clip_val': 0.5308167276929177, 'hidden_size': 80, 'dropout': 0.320957270715973, 'hidden_continuous_size': 11, 'attention_head_size': 1, 'learning_rate': 0.007253012136104249}. Best is trial 0 with value: 0.06809516251087189.
[I 2023-12-27 11:19:45,696] Trial 45 finished with value: 4.237671852111816 and parameters: {'gradient_clip_val': 0.14848522857944985, 'hidden_size': 6, 'dropout': 0.2985567587956895, 'hidden_continuous_size': 5, 'attention_head_size': 3, 'learning_rate': 0.003703969857372716}. Best is trial 0 with value: 0.06809516251087189.
[I 2023-12-27 11:19:46,063] Trial 46 finished with value: 3.471395492553711 and parameters: {'gradient_clip_val': 0.3695962957564086, 'hidden_size': 17, 'dropout': 0.23595885399138777, 'hidden_continuous_size': 14, 'attention_head_size': 1, 'learning_rate': 0.006613018992026283}. Best is trial 0 with value: 0.06809516251087189.
[I 2023-12-27 11:19:46,524] Trial 47 finished with value: 4.851852893829346 and parameters: {'gradient_clip_val': 0.19347821320558445, 'hidden_size': 96, 'dropout': 0.3408594411963305, 'hidden_continuous_size': 18, 'attention_head_size': 2, 'learning_rate': 0.004541922768607739}. Best is trial 0 with value: 0.06809516251087189.
[I 2023-12-27 11:19:47,079] Trial 48 finished with value: 3.778697967529297 and parameters: {'gradient_clip_val': 0.1582249493683987, 'hidden_size': 131, 'dropout': 0.18906959184553046, 'hidden_continuous_size': 16, 'attention_head_size': 4, 'learning_rate': 0.013622612720499095}. Best is trial 0 with value: 0.06809516251087189.
[I 2023-12-27 11:19:47,504] Trial 49 finished with value: 2.9575397968292236 and parameters: {'gradient_clip_val': 0.13916723490193553, 'hidden_size': 69, 'dropout': 0.2605816812876084, 'hidden_continuous_size': 11, 'attention_head_size': 1, 'learning_rate': 0.008927803076474242}. Best is trial 0 with value: 0.06809516251087189.
[I 2023-12-27 11:19:47,611] A new study created in memory with name: no-name-06f06b24-ee75-4599-9389-4414e699d3e2
/home/le004/conda/anaconda3/envs/tsff_env/lib/python3.9/site-packages/lightning/fabric/plugins/environments/slurm.py:191: The `srun` command is available on your system but is not used. HINT: If your intention is to run Lightning on SLURM, prepend your python command with `srun` like so: srun python /home/le004/master_thesis/git/TSFusionForecast/code/ ...
[I 2023-12-27 11:20:33,704] Trial 0 finished with value: 0.2403983473777771 and parameters: {'gradient_clip_val': 0.10879935138510333, 'hidden_size': 86, 'dropout': 0.15464531611486365, 'hidden_continuous_size': 12, 'attention_head_size': 4, 'learning_rate': 0.0036715652253706877}. Best is trial 0 with value: 0.2403983473777771.
[I 2023-12-27 11:20:43,357] Trial 1 finished with value: 3.337623357772827 and parameters: {'gradient_clip_val': 0.5110219130021436, 'hidden_size': 7, 'dropout': 0.18552824639096907, 'hidden_continuous_size': 6, 'attention_head_size': 1, 'learning_rate': 0.0010562907855010308}. Best is trial 0 with value: 0.2403983473777771.
[I 2023-12-27 11:20:43,779] Trial 2 finished with value: 2.9195594787597656 and parameters: {'gradient_clip_val': 0.6497541050941673, 'hidden_size': 56, 'dropout': 0.14850636263566167, 'hidden_continuous_size': 7, 'attention_head_size': 4, 'learning_rate': 0.0016032622447288238}. Best is trial 0 with value: 0.2403983473777771.
[I 2023-12-27 11:20:44,230] Trial 3 finished with value: 4.085813522338867 and parameters: {'gradient_clip_val': 0.4466485257204222, 'hidden_size': 73, 'dropout': 0.3215179095245432, 'hidden_continuous_size': 67, 'attention_head_size': 1, 'learning_rate': 0.0012684500397159289}. Best is trial 0 with value: 0.2403983473777771.
[I 2023-12-27 11:20:44,597] Trial 4 finished with value: 2.907977342605591 and parameters: {'gradient_clip_val': 0.48118746727987516, 'hidden_size': 34, 'dropout': 0.17292254210707353, 'hidden_continuous_size': 15, 'attention_head_size': 3, 'learning_rate': 0.019026092624551103}. Best is trial 0 with value: 0.2403983473777771.
[I 2023-12-27 11:20:44,941] Trial 5 finished with value: 5.225861549377441 and parameters: {'gradient_clip_val': 0.12868769970337865, 'hidden_size': 9, 'dropout': 0.11051867720863165, 'hidden_continuous_size': 5, 'attention_head_size': 1, 'learning_rate': 0.012972463092312916}. Best is trial 0 with value: 0.2403983473777771.
[I 2023-12-27 11:20:45,293] Trial 6 finished with value: 3.344853162765503 and parameters: {'gradient_clip_val': 0.13672960781586194, 'hidden_size': 6, 'dropout': 0.18150318316765068, 'hidden_continuous_size': 5, 'attention_head_size': 3, 'learning_rate': 0.001844759388210637}. Best is trial 0 with value: 0.2403983473777771.
[I 2023-12-27 11:20:45,871] Trial 7 finished with value: 4.996846675872803 and parameters: {'gradient_clip_val': 0.925091863074608, 'hidden_size': 144, 'dropout': 0.3082930929794779, 'hidden_continuous_size': 53, 'attention_head_size': 4, 'learning_rate': 0.07373259745254039}. Best is trial 0 with value: 0.2403983473777771.
[I 2023-12-27 11:20:46,190] Trial 8 finished with value: 2.813455581665039 and parameters: {'gradient_clip_val': 0.2748220995214401, 'hidden_size': 11, 'dropout': 0.13094833785585644, 'hidden_continuous_size': 11, 'attention_head_size': 4, 'learning_rate': 0.002395110499746595}. Best is trial 0 with value: 0.2403983473777771.
[I 2023-12-27 11:20:46,543] Trial 9 finished with value: 4.088955879211426 and parameters: {'gradient_clip_val': 0.4549055663724708, 'hidden_size': 21, 'dropout': 0.4653126645471247, 'hidden_continuous_size': 14, 'attention_head_size': 4, 'learning_rate': 0.01081115401331631}. Best is trial 0 with value: 0.2403983473777771.
[I 2023-12-27 11:20:47,114] Trial 10 finished with value: 3.0788891315460205 and parameters: {'gradient_clip_val': 0.10308389683927527, 'hidden_size': 149, 'dropout': 0.24736668144026236, 'hidden_continuous_size': 29, 'attention_head_size': 2, 'learning_rate': 0.0005770626606038597}. Best is trial 0 with value: 0.2403983473777771.
[I 2023-12-27 11:20:47,494] Trial 11 finished with value: 2.3364644050598145 and parameters: {'gradient_clip_val': 0.2285586362011921, 'hidden_size': 15, 'dropout': 0.11164041081792997, 'hidden_continuous_size': 9, 'attention_head_size': 3, 'learning_rate': 0.0038840166926789295}. Best is trial 0 with value: 0.2403983473777771.
[I 2023-12-27 11:20:47,859] Trial 12 finished with value: 3.426389455795288 and parameters: {'gradient_clip_val': 0.20378059022900985, 'hidden_size': 18, 'dropout': 0.10418873865486322, 'hidden_continuous_size': 8, 'attention_head_size': 3, 'learning_rate': 0.0047145135171916186}. Best is trial 0 with value: 0.2403983473777771.
[I 2023-12-27 11:20:48,452] Trial 13 finished with value: 3.659651041030884 and parameters: {'gradient_clip_val': 0.20323805295628922, 'hidden_size': 14, 'dropout': 0.23293872461408677, 'hidden_continuous_size': 9, 'attention_head_size': 2, 'learning_rate': 0.004623130548885556}. Best is trial 0 with value: 0.2403983473777771.
[I 2023-12-27 11:20:48,838] Trial 14 finished with value: 3.1883504390716553 and parameters: {'gradient_clip_val': 0.17690692411814876, 'hidden_size': 32, 'dropout': 0.22302283640199494, 'hidden_continuous_size': 11, 'attention_head_size': 3, 'learning_rate': 0.0044757843949343006}. Best is trial 0 with value: 0.2403983473777771.
[I 2023-12-27 11:20:49,216] Trial 15 finished with value: 3.8648688793182373 and parameters: {'gradient_clip_val': 0.28151343911609966, 'hidden_size': 14, 'dropout': 0.10952929094808192, 'hidden_continuous_size': 6, 'attention_head_size': 2, 'learning_rate': 0.003059920837877919}. Best is trial 0 with value: 0.2403983473777771.
[I 2023-12-27 11:20:49,548] Trial 16 finished with value: 4.001654624938965 and parameters: {'gradient_clip_val': 0.10939515446372632, 'hidden_size': 5, 'dropout': 0.15179303148165496, 'hidden_continuous_size': 5, 'attention_head_size': 4, 'learning_rate': 0.008346432420272389}. Best is trial 0 with value: 0.2403983473777771.
[I 2023-12-27 11:20:49,940] Trial 17 finished with value: 3.8710689544677734 and parameters: {'gradient_clip_val': 0.1531059495343113, 'hidden_size': 29, 'dropout': 0.2686817791701034, 'hidden_continuous_size': 9, 'attention_head_size': 3, 'learning_rate': 0.003094937322757801}. Best is trial 0 with value: 0.2403983473777771.
[I 2023-12-27 11:20:50,341] Trial 18 finished with value: 3.966341257095337 and parameters: {'gradient_clip_val': 0.250294211215144, 'hidden_size': 48, 'dropout': 0.20677900994444492, 'hidden_continuous_size': 16, 'attention_head_size': 4, 'learning_rate': 0.0005254264745983983}. Best is trial 0 with value: 0.2403983473777771.
[I 2023-12-27 11:20:50,808] Trial 19 finished with value: 2.7009756565093994 and parameters: {'gradient_clip_val': 0.34430303590074407, 'hidden_size': 86, 'dropout': 0.16237708498340758, 'hidden_continuous_size': 24, 'attention_head_size': 3, 'learning_rate': 0.006555631201257966}. Best is trial 0 with value: 0.2403983473777771.
[I 2023-12-27 11:20:51,184] Trial 20 finished with value: 3.249532699584961 and parameters: {'gradient_clip_val': 0.1615679935796459, 'hidden_size': 21, 'dropout': 0.1404620508226719, 'hidden_continuous_size': 8, 'attention_head_size': 2, 'learning_rate': 0.019235012002724188}. Best is trial 0 with value: 0.2403983473777771.
[I 2023-12-27 11:20:51,695] Trial 21 finished with value: 3.641446352005005 and parameters: {'gradient_clip_val': 0.35417760298673107, 'hidden_size': 107, 'dropout': 0.10145653106164967, 'hidden_continuous_size': 25, 'attention_head_size': 3, 'learning_rate': 0.007296948876023899}. Best is trial 0 with value: 0.2403983473777771.
[I 2023-12-27 11:20:52,160] Trial 22 finished with value: 2.949993371963501 and parameters: {'gradient_clip_val': 0.3353675493169873, 'hidden_size': 85, 'dropout': 0.1665487506646979, 'hidden_continuous_size': 22, 'attention_head_size': 3, 'learning_rate': 0.005451254418520927}. Best is trial 0 with value: 0.2403983473777771.
[I 2023-12-27 11:20:52,571] Trial 23 finished with value: 2.839029550552368 and parameters: {'gradient_clip_val': 0.2320546577048862, 'hidden_size': 46, 'dropout': 0.200303430192239, 'hidden_continuous_size': 12, 'attention_head_size': 3, 'learning_rate': 0.003163070075871127}. Best is trial 0 with value: 0.2403983473777771.
[I 2023-12-27 11:20:53,023] Trial 24 finished with value: 3.3234546184539795 and parameters: {'gradient_clip_val': 0.1820765065040796, 'hidden_size': 74, 'dropout': 0.14597066300008035, 'hidden_continuous_size': 20, 'attention_head_size': 4, 'learning_rate': 0.0063578215465852714}. Best is trial 0 with value: 0.2403983473777771.
[I 2023-12-27 11:20:53,522] Trial 25 finished with value: 3.6539394855499268 and parameters: {'gradient_clip_val': 0.12550410023729242, 'hidden_size': 100, 'dropout': 0.19141845384367784, 'hidden_continuous_size': 38, 'attention_head_size': 2, 'learning_rate': 0.0024468874262386325}. Best is trial 0 with value: 0.2403983473777771.
[I 2023-12-27 11:20:54,215] Trial 26 finished with value: 4.022881507873535 and parameters: {'gradient_clip_val': 0.22361652113128921, 'hidden_size': 61, 'dropout': 0.13729139884536756, 'hidden_continuous_size': 18, 'attention_head_size': 3, 'learning_rate': 0.003724860346544229}. Best is trial 0 with value: 0.2403983473777771.
[I 2023-12-27 11:20:54,624] Trial 27 finished with value: 4.132282733917236 and parameters: {'gradient_clip_val': 0.2977834625836688, 'hidden_size': 38, 'dropout': 0.1626637424762503, 'hidden_continuous_size': 12, 'attention_head_size': 4, 'learning_rate': 0.008531796258016089}. Best is trial 0 with value: 0.2403983473777771.
[I 2023-12-27 11:20:55,043] Trial 28 finished with value: 3.5583255290985107 and parameters: {'gradient_clip_val': 0.14609309422712113, 'hidden_size': 46, 'dropout': 0.12725267626142803, 'hidden_continuous_size': 17, 'attention_head_size': 3, 'learning_rate': 0.006120238617326618}. Best is trial 0 with value: 0.2403983473777771.
[I 2023-12-27 11:20:55,438] Trial 29 finished with value: 3.625843048095703 and parameters: {'gradient_clip_val': 0.36833051866742095, 'hidden_size': 27, 'dropout': 0.18210734265814738, 'hidden_continuous_size': 14, 'attention_head_size': 2, 'learning_rate': 0.000987400590999758}. Best is trial 0 with value: 0.2403983473777771.
[I 2023-12-27 11:20:55,953] Trial 30 finished with value: 3.089555501937866 and parameters: {'gradient_clip_val': 0.18100948777394882, 'hidden_size': 113, 'dropout': 0.2069534284350042, 'hidden_continuous_size': 23, 'attention_head_size': 4, 'learning_rate': 0.001830049784883098}. Best is trial 0 with value: 0.2403983473777771.
[I 2023-12-27 11:20:56,320] Trial 31 finished with value: 3.2865142822265625 and parameters: {'gradient_clip_val': 0.26992726365079867, 'hidden_size': 8, 'dropout': 0.1263223977265857, 'hidden_continuous_size': 6, 'attention_head_size': 4, 'learning_rate': 0.00250833116210703}. Best is trial 0 with value: 0.2403983473777771.
[I 2023-12-27 11:20:56,708] Trial 32 finished with value: 3.6995608806610107 and parameters: {'gradient_clip_val': 0.30132897304233924, 'hidden_size': 10, 'dropout': 0.13116569403422088, 'hidden_continuous_size': 7, 'attention_head_size': 4, 'learning_rate': 0.0021880893875685144}. Best is trial 0 with value: 0.2403983473777771.
[I 2023-12-27 11:20:57,145] Trial 33 finished with value: 3.149169683456421 and parameters: {'gradient_clip_val': 0.3790187638204371, 'hidden_size': 65, 'dropout': 0.16165341803580924, 'hidden_continuous_size': 10, 'attention_head_size': 4, 'learning_rate': 0.001415165465902331}. Best is trial 0 with value: 0.2403983473777771.
[I 2023-12-27 11:20:57,520] Trial 34 finished with value: 3.0600998401641846 and parameters: {'gradient_clip_val': 0.25660633388497783, 'hidden_size': 11, 'dropout': 0.15596191748884003, 'hidden_continuous_size': 8, 'attention_head_size': 4, 'learning_rate': 0.0038542276532408637}. Best is trial 0 with value: 0.2403983473777771.
[I 2023-12-27 11:20:57,887] Trial 35 finished with value: 3.214812994003296 and parameters: {'gradient_clip_val': 0.41619258284071314, 'hidden_size': 7, 'dropout': 0.10008856544684173, 'hidden_continuous_size': 6, 'attention_head_size': 1, 'learning_rate': 0.0011658270973997594}. Best is trial 0 with value: 0.2403983473777771.
[I 2023-12-27 11:20:58,348] Trial 36 finished with value: 4.303365707397461 and parameters: {'gradient_clip_val': 0.5659804894339479, 'hidden_size': 78, 'dropout': 0.18173741201003096, 'hidden_continuous_size': 14, 'attention_head_size': 3, 'learning_rate': 0.002380888910652907}. Best is trial 0 with value: 0.2403983473777771.
[I 2023-12-27 11:20:58,781] Trial 37 finished with value: 4.49906063079834 and parameters: {'gradient_clip_val': 0.3208950471351763, 'hidden_size': 55, 'dropout': 0.12334648626492219, 'hidden_continuous_size': 12, 'attention_head_size': 4, 'learning_rate': 0.0016212938706908202}. Best is trial 0 with value: 0.2403983473777771.
[I 2023-12-27 11:20:59,147] Trial 38 finished with value: 3.681955099105835 and parameters: {'gradient_clip_val': 0.41590493183995464, 'hidden_size': 12, 'dropout': 0.17318260456902151, 'hidden_continuous_size': 9, 'attention_head_size': 3, 'learning_rate': 0.005668018383341831}. Best is trial 0 with value: 0.2403983473777771.
[I 2023-12-27 11:20:59,772] Trial 39 finished with value: 3.734827756881714 and parameters: {'gradient_clip_val': 0.12415531463972734, 'hidden_size': 23, 'dropout': 0.12128441407689906, 'hidden_continuous_size': 13, 'attention_head_size': 3, 'learning_rate': 0.0037188667356688482}. Best is trial 0 with value: 0.2403983473777771.
[I 2023-12-27 11:21:00,155] Trial 40 finished with value: 4.3104729652404785 and parameters: {'gradient_clip_val': 0.5236561210117295, 'hidden_size': 9, 'dropout': 0.14936751125436437, 'hidden_continuous_size': 7, 'attention_head_size': 4, 'learning_rate': 0.012395127518522732}. Best is trial 0 with value: 0.2403983473777771.
