[I 2023-12-27 11:13:21,883] Trial 18 finished with value: 2.976426124572754 and parameters: {'gradient_clip_val': 0.6134978186172759, 'hidden_size': 16, 'dropout': 0.3241564833846259, 'hidden_continuous_size': 8, 'attention_head_size': 2, 'learning_rate': 0.04159688444835847}. Best is trial 0 with value: 0.13126547634601593.
[I 2023-12-27 11:13:22,271] Trial 19 finished with value: 3.3929479122161865 and parameters: {'gradient_clip_val': 0.26616043505625203, 'hidden_size': 12, 'dropout': 0.2541811240858634, 'hidden_continuous_size': 6, 'attention_head_size': 3, 'learning_rate': 0.08879905765318227}. Best is trial 0 with value: 0.13126547634601593.
[I 2023-12-27 11:13:22,623] Trial 20 finished with value: 2.7041895389556885 and parameters: {'gradient_clip_val': 0.41234569785255637, 'hidden_size': 8, 'dropout': 0.20248540317837802, 'hidden_continuous_size': 6, 'attention_head_size': 1, 'learning_rate': 0.018372929620553313}. Best is trial 0 with value: 0.13126547634601593.
[I 2023-12-27 11:13:23,008] Trial 21 finished with value: 3.4245712757110596 and parameters: {'gradient_clip_val': 0.26258277762690013, 'hidden_size': 21, 'dropout': 0.3586167812477928, 'hidden_continuous_size': 12, 'attention_head_size': 3, 'learning_rate': 0.050137672794968335}. Best is trial 0 with value: 0.13126547634601593.
[I 2023-12-27 11:13:23,419] Trial 22 finished with value: 3.997978448867798 and parameters: {'gradient_clip_val': 0.21448193858501216, 'hidden_size': 40, 'dropout': 0.2752452695834226, 'hidden_continuous_size': 14, 'attention_head_size': 3, 'learning_rate': 0.042975398741764065}. Best is trial 0 with value: 0.13126547634601593.
[I 2023-12-27 11:13:23,810] Trial 23 finished with value: 2.8139126300811768 and parameters: {'gradient_clip_val': 0.5445599010607801, 'hidden_size': 13, 'dropout': 0.3279645780851548, 'hidden_continuous_size': 7, 'attention_head_size': 4, 'learning_rate': 0.06407271617932861}. Best is trial 0 with value: 0.13126547634601593.
[I 2023-12-27 11:13:24,199] Trial 24 finished with value: 3.6168336868286133 and parameters: {'gradient_clip_val': 0.3813037853908105, 'hidden_size': 18, 'dropout': 0.37454073833074697, 'hidden_continuous_size': 14, 'attention_head_size': 3, 'learning_rate': 0.03550098264737534}. Best is trial 0 with value: 0.13126547634601593.
[I 2023-12-27 11:13:24,583] Trial 25 finished with value: 3.7822134494781494 and parameters: {'gradient_clip_val': 0.43691142980199343, 'hidden_size': 12, 'dropout': 0.3012590100047168, 'hidden_continuous_size': 8, 'attention_head_size': 2, 'learning_rate': 0.019446584431714018}. Best is trial 0 with value: 0.13126547634601593.
[I 2023-12-27 11:13:25,221] Trial 26 finished with value: 3.117504358291626 and parameters: {'gradient_clip_val': 0.5604389254714427, 'hidden_size': 23, 'dropout': 0.2479787059045221, 'hidden_continuous_size': 10, 'attention_head_size': 3, 'learning_rate': 0.05675001307002285}. Best is trial 0 with value: 0.13126547634601593.
[I 2023-12-27 11:13:25,609] Trial 27 finished with value: 3.4226129055023193 and parameters: {'gradient_clip_val': 0.3306277723556611, 'hidden_size': 16, 'dropout': 0.2739192975884911, 'hidden_continuous_size': 9, 'attention_head_size': 2, 'learning_rate': 0.09997537716689248}. Best is trial 0 with value: 0.13126547634601593.
[I 2023-12-27 11:13:25,991] Trial 28 finished with value: 4.046842098236084 and parameters: {'gradient_clip_val': 0.21998368829022313, 'hidden_size': 9, 'dropout': 0.3904664818656417, 'hidden_continuous_size': 6, 'attention_head_size': 4, 'learning_rate': 0.03290095525092506}. Best is trial 0 with value: 0.13126547634601593.
[I 2023-12-27 11:13:26,366] Trial 29 finished with value: 3.2057178020477295 and parameters: {'gradient_clip_val': 0.16147038917667506, 'hidden_size': 12, 'dropout': 0.30833824828089973, 'hidden_continuous_size': 7, 'attention_head_size': 2, 'learning_rate': 0.05722862721097999}. Best is trial 0 with value: 0.13126547634601593.
[I 2023-12-27 11:13:26,755] Trial 30 finished with value: 3.72160267829895 and parameters: {'gradient_clip_val': 0.38764087328634583, 'hidden_size': 10, 'dropout': 0.34451757381867154, 'hidden_continuous_size': 6, 'attention_head_size': 3, 'learning_rate': 0.044504516189574274}. Best is trial 0 with value: 0.13126547634601593.
[I 2023-12-27 11:13:27,126] Trial 31 finished with value: 3.7065467834472656 and parameters: {'gradient_clip_val': 0.5113933798884093, 'hidden_size': 6, 'dropout': 0.40451395737918466, 'hidden_continuous_size': 5, 'attention_head_size': 4, 'learning_rate': 0.0006735701967748889}. Best is trial 0 with value: 0.13126547634601593.
[I 2023-12-27 11:13:27,461] Trial 32 finished with value: 4.021808624267578 and parameters: {'gradient_clip_val': 0.47599569178063916, 'hidden_size': 5, 'dropout': 0.44191777207227834, 'hidden_continuous_size': 5, 'attention_head_size': 4, 'learning_rate': 0.0006336036480320494}. Best is trial 0 with value: 0.13126547634601593.
[I 2023-12-27 11:13:27,834] Trial 33 finished with value: 3.254117727279663 and parameters: {'gradient_clip_val': 0.577086832953372, 'hidden_size': 6, 'dropout': 0.41624694013117003, 'hidden_continuous_size': 5, 'attention_head_size': 4, 'learning_rate': 0.002546335431520178}. Best is trial 0 with value: 0.13126547634601593.
[I 2023-12-27 11:13:28,207] Trial 34 finished with value: 3.7382946014404297 and parameters: {'gradient_clip_val': 0.6408160018896721, 'hidden_size': 8, 'dropout': 0.4652760097596919, 'hidden_continuous_size': 6, 'attention_head_size': 3, 'learning_rate': 0.024597017253231632}. Best is trial 0 with value: 0.13126547634601593.
[I 2023-12-27 11:13:28,555] Trial 35 finished with value: 3.1065428256988525 and parameters: {'gradient_clip_val': 0.4462209742825461, 'hidden_size': 5, 'dropout': 0.38426697604752763, 'hidden_continuous_size': 5, 'attention_head_size': 4, 'learning_rate': 0.008801418700978295}. Best is trial 0 with value: 0.13126547634601593.
[I 2023-12-27 11:13:28,932] Trial 36 finished with value: 2.526348829269409 and parameters: {'gradient_clip_val': 0.4971100985741035, 'hidden_size': 10, 'dropout': 0.4314048691699847, 'hidden_continuous_size': 7, 'attention_head_size': 2, 'learning_rate': 0.015120096012558705}. Best is trial 0 with value: 0.13126547634601593.
[I 2023-12-27 11:13:29,307] Trial 37 finished with value: 2.938796043395996 and parameters: {'gradient_clip_val': 0.6865105259488697, 'hidden_size': 10, 'dropout': 0.355855102591844, 'hidden_continuous_size': 7, 'attention_head_size': 2, 'learning_rate': 0.014822389666472846}. Best is trial 0 with value: 0.13126547634601593.
[I 2023-12-27 11:13:29,670] Trial 38 finished with value: 3.504201889038086 and parameters: {'gradient_clip_val': 0.5098231135368002, 'hidden_size': 15, 'dropout': 0.40129110380055355, 'hidden_continuous_size': 15, 'attention_head_size': 2, 'learning_rate': 0.026610984421893684}. Best is trial 0 with value: 0.13126547634601593.
[I 2023-12-27 11:13:30,045] Trial 39 finished with value: 3.2049551010131836 and parameters: {'gradient_clip_val': 0.8289170241892666, 'hidden_size': 11, 'dropout': 0.4282136293505405, 'hidden_continuous_size': 8, 'attention_head_size': 2, 'learning_rate': 0.02000564308410924}. Best is trial 0 with value: 0.13126547634601593.
[I 2023-12-27 11:13:30,651] Trial 40 finished with value: 2.9570157527923584 and parameters: {'gradient_clip_val': 0.6205930831865087, 'hidden_size': 20, 'dropout': 0.34599358609025677, 'hidden_continuous_size': 19, 'attention_head_size': 1, 'learning_rate': 0.06539926901465715}. Best is trial 0 with value: 0.13126547634601593.
[I 2023-12-27 11:13:31,014] Trial 41 finished with value: 2.874561071395874 and parameters: {'gradient_clip_val': 0.4673902821583193, 'hidden_size': 6, 'dropout': 0.46269305957175166, 'hidden_continuous_size': 5, 'attention_head_size': 3, 'learning_rate': 0.012692603712078367}. Best is trial 0 with value: 0.13126547634601593.
[I 2023-12-27 11:13:31,382] Trial 42 finished with value: 3.9412777423858643 and parameters: {'gradient_clip_val': 0.4951551364732356, 'hidden_size': 8, 'dropout': 0.4234963546461763, 'hidden_continuous_size': 6, 'attention_head_size': 2, 'learning_rate': 0.030574904288811686}. Best is trial 0 with value: 0.13126547634601593.
[I 2023-12-27 11:13:31,760] Trial 43 finished with value: 3.560189962387085 and parameters: {'gradient_clip_val': 0.5575948155892958, 'hidden_size': 14, 'dropout': 0.38981555206248814, 'hidden_continuous_size': 9, 'attention_head_size': 1, 'learning_rate': 0.016021634193035882}. Best is trial 0 with value: 0.13126547634601593.
[I 2023-12-27 11:13:32,143] Trial 44 finished with value: 3.3931949138641357 and parameters: {'gradient_clip_val': 0.7030704863747868, 'hidden_size': 10, 'dropout': 0.44522823620052937, 'hidden_continuous_size': 7, 'attention_head_size': 3, 'learning_rate': 0.02354109926784229}. Best is trial 0 with value: 0.13126547634601593.
[I 2023-12-27 11:13:32,510] Trial 45 finished with value: 3.134382486343384 and parameters: {'gradient_clip_val': 0.4325123778497402, 'hidden_size': 7, 'dropout': 0.4973702876685946, 'hidden_continuous_size': 6, 'attention_head_size': 1, 'learning_rate': 0.008191372199972501}. Best is trial 0 with value: 0.13126547634601593.
[I 2023-12-27 11:13:32,917] Trial 46 finished with value: 4.1611857414245605 and parameters: {'gradient_clip_val': 0.3500925004657122, 'hidden_size': 28, 'dropout': 0.3682237621051517, 'hidden_continuous_size': 12, 'attention_head_size': 2, 'learning_rate': 0.03731252855946471}. Best is trial 0 with value: 0.13126547634601593.
[I 2023-12-27 11:13:33,291] Trial 47 finished with value: 3.928565263748169 and parameters: {'gradient_clip_val': 0.7747150623811434, 'hidden_size': 13, 'dropout': 0.29172953904172644, 'hidden_continuous_size': 9, 'attention_head_size': 2, 'learning_rate': 0.013751256295184802}. Best is trial 0 with value: 0.13126547634601593.
[I 2023-12-27 11:13:33,663] Trial 48 finished with value: 2.9069836139678955 and parameters: {'gradient_clip_val': 0.4141008581277936, 'hidden_size': 17, 'dropout': 0.23830514367929553, 'hidden_continuous_size': 10, 'attention_head_size': 1, 'learning_rate': 0.030205108440469215}. Best is trial 0 with value: 0.13126547634601593.
[I 2023-12-27 11:13:34,046] Trial 49 finished with value: 3.76153302192688 and parameters: {'gradient_clip_val': 0.1349471253353456, 'hidden_size': 9, 'dropout': 0.4750819989072802, 'hidden_continuous_size': 7, 'attention_head_size': 4, 'learning_rate': 0.0754099334650574}. Best is trial 0 with value: 0.13126547634601593.
[I 2023-12-27 11:13:34,165] A new study created in memory with name: no-name-7bc2c271-538f-4363-9fe0-ff04a8c08078
/home/le004/conda/anaconda3/envs/tsff_env/lib/python3.9/site-packages/lightning/fabric/plugins/environments/slurm.py:191: The `srun` command is available on your system but is not used. HINT: If your intention is to run Lightning on SLURM, prepend your python command with `srun` like so: srun python /home/le004/master_thesis/git/TSFusionForecast/code/ ...
[I 2023-12-27 11:14:06,091] Trial 0 finished with value: 0.17468221485614777 and parameters: {'gradient_clip_val': 0.14230119560086474, 'hidden_size': 18, 'dropout': 0.4516534060894941, 'hidden_continuous_size': 5, 'attention_head_size': 4, 'learning_rate': 0.024971047142547907}. Best is trial 0 with value: 0.17468221485614777.
[I 2023-12-27 11:14:19,191] Trial 1 finished with value: 1.7205657958984375 and parameters: {'gradient_clip_val': 0.11921711874590059, 'hidden_size': 71, 'dropout': 0.3239543398481537, 'hidden_continuous_size': 19, 'attention_head_size': 3, 'learning_rate': 0.0017942213931011913}. Best is trial 0 with value: 0.17468221485614777.
[I 2023-12-27 11:14:19,651] Trial 2 finished with value: 4.490421295166016 and parameters: {'gradient_clip_val': 0.8969355087757146, 'hidden_size': 95, 'dropout': 0.3118744798576879, 'hidden_continuous_size': 33, 'attention_head_size': 2, 'learning_rate': 0.00594527120521173}. Best is trial 0 with value: 0.17468221485614777.
[I 2023-12-27 11:14:20,234] Trial 3 finished with value: 2.9105377197265625 and parameters: {'gradient_clip_val': 0.11581679556490093, 'hidden_size': 135, 'dropout': 0.26917193880850765, 'hidden_continuous_size': 100, 'attention_head_size': 2, 'learning_rate': 0.057065334636530254}. Best is trial 0 with value: 0.17468221485614777.
[I 2023-12-27 11:14:20,629] Trial 4 finished with value: 3.3519203662872314 and parameters: {'gradient_clip_val': 0.32823482626007006, 'hidden_size': 51, 'dropout': 0.16006544359347732, 'hidden_continuous_size': 43, 'attention_head_size': 3, 'learning_rate': 0.004552010403370555}. Best is trial 0 with value: 0.17468221485614777.
[I 2023-12-27 11:14:20,943] Trial 5 finished with value: 4.871582508087158 and parameters: {'gradient_clip_val': 0.4282880936247295, 'hidden_size': 7, 'dropout': 0.1366960409099629, 'hidden_continuous_size': 7, 'attention_head_size': 3, 'learning_rate': 0.000879337293422256}. Best is trial 0 with value: 0.17468221485614777.
[I 2023-12-27 11:14:21,301] Trial 6 finished with value: 3.648434638977051 and parameters: {'gradient_clip_val': 0.35229241381025883, 'hidden_size': 25, 'dropout': 0.33486943289285387, 'hidden_continuous_size': 14, 'attention_head_size': 2, 'learning_rate': 0.010346397420087907}. Best is trial 0 with value: 0.17468221485614777.
[I 2023-12-27 11:14:21,777] Trial 7 finished with value: 4.709371089935303 and parameters: {'gradient_clip_val': 0.3079267692947085, 'hidden_size': 113, 'dropout': 0.24977348782402525, 'hidden_continuous_size': 17, 'attention_head_size': 3, 'learning_rate': 0.0006489026252922027}. Best is trial 0 with value: 0.17468221485614777.
[I 2023-12-27 11:14:22,127] Trial 8 finished with value: 3.8413708209991455 and parameters: {'gradient_clip_val': 0.7607665176150264, 'hidden_size': 23, 'dropout': 0.10813136621262723, 'hidden_continuous_size': 6, 'attention_head_size': 4, 'learning_rate': 0.00701316767224957}. Best is trial 0 with value: 0.17468221485614777.
[I 2023-12-27 11:14:22,663] Trial 9 finished with value: 3.601250648498535 and parameters: {'gradient_clip_val': 0.20350750289223243, 'hidden_size': 135, 'dropout': 0.1852797995109249, 'hidden_continuous_size': 56, 'attention_head_size': 4, 'learning_rate': 0.0026371986573998844}. Best is trial 0 with value: 0.17468221485614777.
[I 2023-12-27 11:14:23,020] Trial 10 finished with value: 4.379581928253174 and parameters: {'gradient_clip_val': 0.17503979206184897, 'hidden_size': 10, 'dropout': 0.4758040279715776, 'hidden_continuous_size': 5, 'attention_head_size': 1, 'learning_rate': 0.03168632266444348}. Best is trial 0 with value: 0.17468221485614777.
[I 2023-12-27 11:14:23,419] Trial 11 finished with value: 3.9532699584960938 and parameters: {'gradient_clip_val': 0.10104536139953871, 'hidden_size': 43, 'dropout': 0.41797203681097844, 'hidden_continuous_size': 9, 'attention_head_size': 4, 'learning_rate': 0.02282203442489509}. Best is trial 0 with value: 0.17468221485614777.
[I 2023-12-27 11:14:23,798] Trial 12 finished with value: 3.4260196685791016 and parameters: {'gradient_clip_val': 0.12645583481298195, 'hidden_size': 15, 'dropout': 0.39331377556130565, 'hidden_continuous_size': 5, 'attention_head_size': 4, 'learning_rate': 0.0017219645376536203}. Best is trial 0 with value: 0.17468221485614777.
[I 2023-12-27 11:14:24,438] Trial 13 finished with value: 3.2944581508636475 and parameters: {'gradient_clip_val': 0.15885935932872366, 'hidden_size': 53, 'dropout': 0.47989365152455965, 'hidden_continuous_size': 11, 'attention_head_size': 3, 'learning_rate': 0.09634653144259579}. Best is trial 0 with value: 0.17468221485614777.
[I 2023-12-27 11:14:24,817] Trial 14 finished with value: 4.652860164642334 and parameters: {'gradient_clip_val': 0.14131628716445474, 'hidden_size': 15, 'dropout': 0.380403943691192, 'hidden_continuous_size': 6, 'attention_head_size': 4, 'learning_rate': 0.01716220363786605}. Best is trial 0 with value: 0.17468221485614777.
[I 2023-12-27 11:14:25,175] Trial 15 finished with value: 4.256988048553467 and parameters: {'gradient_clip_val': 0.21392604755976513, 'hidden_size': 6, 'dropout': 0.4276624748887694, 'hidden_continuous_size': 5, 'attention_head_size': 3, 'learning_rate': 0.0016841713159878888}. Best is trial 0 with value: 0.17468221485614777.
[I 2023-12-27 11:14:25,587] Trial 16 finished with value: 4.84137487411499 and parameters: {'gradient_clip_val': 0.10456559368194296, 'hidden_size': 36, 'dropout': 0.34982895807467945, 'hidden_continuous_size': 9, 'attention_head_size': 4, 'learning_rate': 0.012319493115871629}. Best is trial 0 with value: 0.17468221485614777.
[I 2023-12-27 11:14:26,049] Trial 17 finished with value: 3.5800323486328125 and parameters: {'gradient_clip_val': 0.14453194148880766, 'hidden_size': 76, 'dropout': 0.49796610798358476, 'hidden_continuous_size': 20, 'attention_head_size': 1, 'learning_rate': 0.03423705409471606}. Best is trial 0 with value: 0.17468221485614777.
[I 2023-12-27 11:14:26,491] Trial 18 finished with value: 3.588435173034668 and parameters: {'gradient_clip_val': 0.2089028409162025, 'hidden_size': 73, 'dropout': 0.27681987053026536, 'hidden_continuous_size': 19, 'attention_head_size': 3, 'learning_rate': 0.0005112022418353772}. Best is trial 0 with value: 0.17468221485614777.
[I 2023-12-27 11:14:26,872] Trial 19 finished with value: 2.4794557094573975 and parameters: {'gradient_clip_val': 0.10072720049806373, 'hidden_size': 33, 'dropout': 0.45101941936368484, 'hidden_continuous_size': 8, 'attention_head_size': 2, 'learning_rate': 0.0036425887119903026}. Best is trial 0 with value: 0.17468221485614777.
[I 2023-12-27 11:14:27,241] Trial 20 finished with value: 3.752187728881836 and parameters: {'gradient_clip_val': 0.14025586909253024, 'hidden_size': 18, 'dropout': 0.3698960231414157, 'hidden_continuous_size': 7, 'attention_head_size': 4, 'learning_rate': 0.011376061399932464}. Best is trial 0 with value: 0.17468221485614777.
[I 2023-12-27 11:14:27,626] Trial 21 finished with value: 3.8664426803588867 and parameters: {'gradient_clip_val': 0.10586567889983597, 'hidden_size': 34, 'dropout': 0.4265711787017172, 'hidden_continuous_size': 9, 'attention_head_size': 2, 'learning_rate': 0.003725243297077035}. Best is trial 0 with value: 0.17468221485614777.
[I 2023-12-27 11:14:28,010] Trial 22 finished with value: 4.542344570159912 and parameters: {'gradient_clip_val': 0.1223466204211136, 'hidden_size': 29, 'dropout': 0.4504685697686097, 'hidden_continuous_size': 11, 'attention_head_size': 2, 'learning_rate': 0.0030555788536340183}. Best is trial 0 with value: 0.17468221485614777.
[I 2023-12-27 11:14:28,430] Trial 23 finished with value: 3.891336679458618 and parameters: {'gradient_clip_val': 0.10205684932051831, 'hidden_size': 61, 'dropout': 0.45395795378137727, 'hidden_continuous_size': 14, 'attention_head_size': 1, 'learning_rate': 0.006841693643843691}. Best is trial 0 with value: 0.17468221485614777.
[I 2023-12-27 11:14:28,825] Trial 24 finished with value: 2.652733087539673 and parameters: {'gradient_clip_val': 0.16664447537087712, 'hidden_size': 39, 'dropout': 0.37833501828879507, 'hidden_continuous_size': 7, 'attention_head_size': 2, 'learning_rate': 0.0017071744625088258}. Best is trial 0 with value: 0.17468221485614777.
[I 2023-12-27 11:14:29,200] Trial 25 finished with value: 3.445615768432617 and parameters: {'gradient_clip_val': 0.12129040201508053, 'hidden_size': 22, 'dropout': 0.4152424196070817, 'hidden_continuous_size': 8, 'attention_head_size': 3, 'learning_rate': 0.004833704587007567}. Best is trial 0 with value: 0.17468221485614777.
[I 2023-12-27 11:14:29,592] Trial 26 finished with value: 3.404301643371582 and parameters: {'gradient_clip_val': 0.12916381308972663, 'hidden_size': 30, 'dropout': 0.32046920112733246, 'hidden_continuous_size': 6, 'attention_head_size': 2, 'learning_rate': 0.0027246424114796054}. Best is trial 0 with value: 0.17468221485614777.
[I 2023-12-27 11:14:30,228] Trial 27 finished with value: 3.6425540447235107 and parameters: {'gradient_clip_val': 0.17668966510079054, 'hidden_size': 49, 'dropout': 0.359916471676993, 'hidden_continuous_size': 11, 'attention_head_size': 3, 'learning_rate': 0.009955271247198581}. Best is trial 0 with value: 0.17468221485614777.
[I 2023-12-27 11:14:30,620] Trial 28 finished with value: 3.6603052616119385 and parameters: {'gradient_clip_val': 0.14863893554982344, 'hidden_size': 40, 'dropout': 0.4590055401470346, 'hidden_continuous_size': 5, 'attention_head_size': 1, 'learning_rate': 0.0013062632261225601}. Best is trial 0 with value: 0.17468221485614777.
[I 2023-12-27 11:14:31,099] Trial 29 finished with value: 3.287353515625 and parameters: {'gradient_clip_val': 0.10073919065691701, 'hidden_size': 97, 'dropout': 0.29977594737374974, 'hidden_continuous_size': 26, 'attention_head_size': 2, 'learning_rate': 0.005530448228620785}. Best is trial 0 with value: 0.17468221485614777.
[I 2023-12-27 11:14:31,546] Trial 30 finished with value: 3.4692165851593018 and parameters: {'gradient_clip_val': 0.1169046738906934, 'hidden_size': 74, 'dropout': 0.4992653450824806, 'hidden_continuous_size': 26, 'attention_head_size': 3, 'learning_rate': 0.0034302206216038785}. Best is trial 0 with value: 0.17468221485614777.
[I 2023-12-27 11:14:31,936] Trial 31 finished with value: 3.0024006366729736 and parameters: {'gradient_clip_val': 0.16851746567128553, 'hidden_size': 38, 'dropout': 0.3963282731252782, 'hidden_continuous_size': 7, 'attention_head_size': 2, 'learning_rate': 0.0021032410944070543}. Best is trial 0 with value: 0.17468221485614777.
[I 2023-12-27 11:14:32,318] Trial 32 finished with value: 3.6149914264678955 and parameters: {'gradient_clip_val': 0.13007105509139694, 'hidden_size': 27, 'dropout': 0.3961594934396123, 'hidden_continuous_size': 8, 'attention_head_size': 2, 'learning_rate': 0.0011484830051709958}. Best is trial 0 with value: 0.17468221485614777.
