[I 2023-12-27 10:58:55,825] Trial 22 finished with value: 1173.184814453125 and parameters: {'gradient_clip_val': 0.20383374606875862, 'hidden_size': 11, 'dropout': 0.39347949046016373, 'hidden_continuous_size': 6, 'attention_head_size': 4, 'learning_rate': 0.08430429066492226}. Best is trial 0 with value: 326.0166320800781.
[I 2023-12-27 10:58:56,189] Trial 23 finished with value: 1006.7879028320312 and parameters: {'gradient_clip_val': 0.1495634447955344, 'hidden_size': 18, 'dropout': 0.3631597223914917, 'hidden_continuous_size': 5, 'attention_head_size': 3, 'learning_rate': 0.05430993392542131}. Best is trial 0 with value: 326.0166320800781.
[I 2023-12-27 10:58:56,575] Trial 24 finished with value: 1179.8079833984375 and parameters: {'gradient_clip_val': 0.28194116872421066, 'hidden_size': 28, 'dropout': 0.4265454720332538, 'hidden_continuous_size': 9, 'attention_head_size': 2, 'learning_rate': 0.0370221841281253}. Best is trial 0 with value: 326.0166320800781.
[I 2023-12-27 10:58:56,946] Trial 25 finished with value: 737.7172241210938 and parameters: {'gradient_clip_val': 0.21803105706967374, 'hidden_size': 12, 'dropout': 0.338269819670408, 'hidden_continuous_size': 6, 'attention_head_size': 3, 'learning_rate': 0.05596167662806766}. Best is trial 0 with value: 326.0166320800781.
[I 2023-12-27 10:58:57,312] Trial 26 finished with value: 938.74169921875 and parameters: {'gradient_clip_val': 0.18341874144003087, 'hidden_size': 12, 'dropout': 0.2943024833306655, 'hidden_continuous_size': 7, 'attention_head_size': 2, 'learning_rate': 0.09252968207141525}. Best is trial 0 with value: 326.0166320800781.
[I 2023-12-27 10:58:57,700] Trial 27 finished with value: 1070.838134765625 and parameters: {'gradient_clip_val': 0.1339501252324158, 'hidden_size': 21, 'dropout': 0.3298247541693508, 'hidden_continuous_size': 8, 'attention_head_size': 3, 'learning_rate': 0.025007143384049225}. Best is trial 0 with value: 326.0166320800781.
[I 2023-12-27 10:58:58,068] Trial 28 finished with value: 1173.1807861328125 and parameters: {'gradient_clip_val': 0.18161910508594553, 'hidden_size': 7, 'dropout': 0.2498403042412028, 'hidden_continuous_size': 5, 'attention_head_size': 4, 'learning_rate': 0.045617881301836506}. Best is trial 0 with value: 326.0166320800781.
[I 2023-12-27 10:58:58,437] Trial 29 finished with value: 741.4330444335938 and parameters: {'gradient_clip_val': 0.3751602697384551, 'hidden_size': 21, 'dropout': 0.39383406867754167, 'hidden_continuous_size': 7, 'attention_head_size': 2, 'learning_rate': 0.07456770088755738}. Best is trial 0 with value: 326.0166320800781.
[I 2023-12-27 10:58:58,805] Trial 30 finished with value: 958.1719360351562 and parameters: {'gradient_clip_val': 0.23697075945276538, 'hidden_size': 12, 'dropout': 0.30240038456423873, 'hidden_continuous_size': 6, 'attention_head_size': 3, 'learning_rate': 0.0356895105518208}. Best is trial 0 with value: 326.0166320800781.
[I 2023-12-27 10:58:59,189] Trial 31 finished with value: 969.9661254882812 and parameters: {'gradient_clip_val': 0.4083913655212099, 'hidden_size': 23, 'dropout': 0.39742386424052084, 'hidden_continuous_size': 7, 'attention_head_size': 2, 'learning_rate': 0.06867225260909875}. Best is trial 0 with value: 326.0166320800781.
[I 2023-12-27 10:58:59,558] Trial 32 finished with value: 1034.19580078125 and parameters: {'gradient_clip_val': 0.46876154993559316, 'hidden_size': 19, 'dropout': 0.38943931146483135, 'hidden_continuous_size': 8, 'attention_head_size': 2, 'learning_rate': 0.08704035998849535}. Best is trial 0 with value: 326.0166320800781.
[I 2023-12-27 10:58:59,923] Trial 33 finished with value: 1079.4873046875 and parameters: {'gradient_clip_val': 0.36438140889981563, 'hidden_size': 18, 'dropout': 0.21249672230403976, 'hidden_continuous_size': 7, 'attention_head_size': 2, 'learning_rate': 0.06514784667478862}. Best is trial 0 with value: 326.0166320800781.
[I 2023-12-27 10:59:00,522] Trial 34 finished with value: 1345.88037109375 and parameters: {'gradient_clip_val': 0.5341368697731675, 'hidden_size': 25, 'dropout': 0.34482183707734715, 'hidden_continuous_size': 9, 'attention_head_size': 1, 'learning_rate': 0.09975717461784094}. Best is trial 0 with value: 326.0166320800781.
[I 2023-12-27 10:59:00,931] Trial 35 finished with value: 1236.93701171875 and parameters: {'gradient_clip_val': 0.9400423446286542, 'hidden_size': 35, 'dropout': 0.4109111712467599, 'hidden_continuous_size': 13, 'attention_head_size': 2, 'learning_rate': 0.046274100044637057}. Best is trial 0 with value: 326.0166320800781.
[I 2023-12-27 10:59:01,322] Trial 36 finished with value: 1026.3642578125 and parameters: {'gradient_clip_val': 0.31076693466610794, 'hidden_size': 23, 'dropout': 0.4483651079690565, 'hidden_continuous_size': 10, 'attention_head_size': 2, 'learning_rate': 0.01915988255666492}. Best is trial 0 with value: 326.0166320800781.
[I 2023-12-27 10:59:01,712] Trial 37 finished with value: 909.1284790039062 and parameters: {'gradient_clip_val': 0.16833452804640242, 'hidden_size': 10, 'dropout': 0.3070671031575917, 'hidden_continuous_size': 6, 'attention_head_size': 1, 'learning_rate': 0.07447151073162632}. Best is trial 0 with value: 326.0166320800781.
[I 2023-12-27 10:59:02,297] Trial 38 finished with value: 1313.9884033203125 and parameters: {'gradient_clip_val': 0.26767565063541116, 'hidden_size': 146, 'dropout': 0.3695844710366872, 'hidden_continuous_size': 20, 'attention_head_size': 2, 'learning_rate': 0.029351557451452206}. Best is trial 0 with value: 326.0166320800781.
[I 2023-12-27 10:59:02,681] Trial 39 finished with value: 1081.3353271484375 and parameters: {'gradient_clip_val': 0.20676056825330683, 'hidden_size': 13, 'dropout': 0.23237908581332528, 'hidden_continuous_size': 7, 'attention_head_size': 2, 'learning_rate': 0.016739029965519753}. Best is trial 0 with value: 326.0166320800781.
[I 2023-12-27 10:59:03,040] Trial 40 finished with value: 1092.2269287109375 and parameters: {'gradient_clip_val': 0.31527628644346845, 'hidden_size': 8, 'dropout': 0.33786204528055147, 'hidden_continuous_size': 5, 'attention_head_size': 3, 'learning_rate': 0.02592129994147114}. Best is trial 0 with value: 326.0166320800781.
[I 2023-12-27 10:59:03,401] Trial 41 finished with value: 1034.3468017578125 and parameters: {'gradient_clip_val': 0.21986219668388862, 'hidden_size': 16, 'dropout': 0.3662823372149467, 'hidden_continuous_size': 6, 'attention_head_size': 3, 'learning_rate': 0.05986173494441106}. Best is trial 0 with value: 326.0166320800781.
[I 2023-12-27 10:59:03,786] Trial 42 finished with value: 908.0018920898438 and parameters: {'gradient_clip_val': 0.16605279674509985, 'hidden_size': 15, 'dropout': 0.3816410784623665, 'hidden_continuous_size': 7, 'attention_head_size': 3, 'learning_rate': 0.03927600249067341}. Best is trial 0 with value: 326.0166320800781.
[I 2023-12-27 10:59:04,164] Trial 43 finished with value: 1049.0718994140625 and parameters: {'gradient_clip_val': 0.22900211771402174, 'hidden_size': 20, 'dropout': 0.4055935171258744, 'hidden_continuous_size': 8, 'attention_head_size': 3, 'learning_rate': 0.06574990157829914}. Best is trial 0 with value: 326.0166320800781.
[I 2023-12-27 10:59:04,531] Trial 44 finished with value: 1135.1832275390625 and parameters: {'gradient_clip_val': 0.1960821627354666, 'hidden_size': 13, 'dropout': 0.3157585184773914, 'hidden_continuous_size': 6, 'attention_head_size': 2, 'learning_rate': 0.04958043839092464}. Best is trial 0 with value: 326.0166320800781.
[I 2023-12-27 10:59:04,896] Trial 45 finished with value: 899.0161743164062 and parameters: {'gradient_clip_val': 0.26615825974530394, 'hidden_size': 17, 'dropout': 0.3550306916744531, 'hidden_continuous_size': 8, 'attention_head_size': 3, 'learning_rate': 0.03587498381279732}. Best is trial 0 with value: 326.0166320800781.
[I 2023-12-27 10:59:05,268] Trial 46 finished with value: 1028.7430419921875 and parameters: {'gradient_clip_val': 0.21933378775152487, 'hidden_size': 22, 'dropout': 0.3777178213358841, 'hidden_continuous_size': 9, 'attention_head_size': 2, 'learning_rate': 0.07785155017966872}. Best is trial 0 with value: 326.0166320800781.
[I 2023-12-27 10:59:05,858] Trial 47 finished with value: 1095.6083984375 and parameters: {'gradient_clip_val': 0.28893766002045485, 'hidden_size': 14, 'dropout': 0.44276018242750026, 'hidden_continuous_size': 7, 'attention_head_size': 3, 'learning_rate': 0.029353889225268152}. Best is trial 0 with value: 326.0166320800781.
[I 2023-12-27 10:59:06,240] Trial 48 finished with value: 856.5835571289062 and parameters: {'gradient_clip_val': 0.2516480627930016, 'hidden_size': 10, 'dropout': 0.34266539640802, 'hidden_continuous_size': 6, 'attention_head_size': 4, 'learning_rate': 0.05256246887503714}. Best is trial 0 with value: 326.0166320800781.
[I 2023-12-27 10:59:06,621] Trial 49 finished with value: 1195.8675537109375 and parameters: {'gradient_clip_val': 0.33689888146398955, 'hidden_size': 26, 'dropout': 0.2879136912270598, 'hidden_continuous_size': 10, 'attention_head_size': 1, 'learning_rate': 0.01227542237307955}. Best is trial 0 with value: 326.0166320800781.
[I 2023-12-27 10:59:06,735] A new study created in memory with name: no-name-1c5d8667-57b2-492b-92b0-f2e3dfe3c187
/home/le004/conda/anaconda3/envs/tsff_env/lib/python3.9/site-packages/lightning/fabric/plugins/environments/slurm.py:191: The `srun` command is available on your system but is not used. HINT: If your intention is to run Lightning on SLURM, prepend your python command with `srun` like so: srun python /home/le004/master_thesis/git/TSFusionForecast/code/ ...
[I 2023-12-27 10:59:36,463] Trial 0 finished with value: 0.3434738218784332 and parameters: {'gradient_clip_val': 0.28734272710569103, 'hidden_size': 15, 'dropout': 0.4831182291917073, 'hidden_continuous_size': 15, 'attention_head_size': 2, 'learning_rate': 0.025969141199220704}. Best is trial 0 with value: 0.3434738218784332.
[I 2023-12-27 10:59:46,979] Trial 1 finished with value: 0.800728976726532 and parameters: {'gradient_clip_val': 0.37233017189536444, 'hidden_size': 37, 'dropout': 0.19117643894927122, 'hidden_continuous_size': 15, 'attention_head_size': 2, 'learning_rate': 0.007676301570158597}. Best is trial 0 with value: 0.3434738218784332.
[I 2023-12-27 10:59:47,309] Trial 2 finished with value: 5.637360095977783 and parameters: {'gradient_clip_val': 0.7428380232268941, 'hidden_size': 7, 'dropout': 0.13628747096584842, 'hidden_continuous_size': 6, 'attention_head_size': 2, 'learning_rate': 0.027965865687668845}. Best is trial 0 with value: 0.3434738218784332.
[I 2023-12-27 10:59:47,669] Trial 3 finished with value: 5.8185577392578125 and parameters: {'gradient_clip_val': 0.2221218563972733, 'hidden_size': 27, 'dropout': 0.467566865595312, 'hidden_continuous_size': 16, 'attention_head_size': 3, 'learning_rate': 0.008078724426604646}. Best is trial 0 with value: 0.3434738218784332.
[I 2023-12-27 10:59:48,000] Trial 4 finished with value: 3.982442617416382 and parameters: {'gradient_clip_val': 0.16592108478119977, 'hidden_size': 7, 'dropout': 0.24838350020417105, 'hidden_continuous_size': 5, 'attention_head_size': 2, 'learning_rate': 0.006194858830638723}. Best is trial 0 with value: 0.3434738218784332.
[I 2023-12-27 10:59:48,584] Trial 5 finished with value: 5.272305965423584 and parameters: {'gradient_clip_val': 0.11160132196457767, 'hidden_size': 149, 'dropout': 0.3984991432352357, 'hidden_continuous_size': 55, 'attention_head_size': 4, 'learning_rate': 0.0021421184913289447}. Best is trial 0 with value: 0.3434738218784332.
[I 2023-12-27 10:59:48,920] Trial 6 finished with value: 4.676034450531006 and parameters: {'gradient_clip_val': 0.3916578774117517, 'hidden_size': 9, 'dropout': 0.3639575667936866, 'hidden_continuous_size': 7, 'attention_head_size': 2, 'learning_rate': 0.010612221352691834}. Best is trial 0 with value: 0.3434738218784332.
[I 2023-12-27 10:59:49,500] Trial 7 finished with value: 4.394250869750977 and parameters: {'gradient_clip_val': 0.3550054770318676, 'hidden_size': 45, 'dropout': 0.18831665206848408, 'hidden_continuous_size': 9, 'attention_head_size': 2, 'learning_rate': 0.03929748872430513}. Best is trial 0 with value: 0.3434738218784332.
[I 2023-12-27 10:59:49,846] Trial 8 finished with value: 4.750620365142822 and parameters: {'gradient_clip_val': 0.6442111656989804, 'hidden_size': 9, 'dropout': 0.21628987746465467, 'hidden_continuous_size': 8, 'attention_head_size': 4, 'learning_rate': 0.003274373794552153}. Best is trial 0 with value: 0.3434738218784332.
[I 2023-12-27 10:59:50,245] Trial 9 finished with value: 4.625629901885986 and parameters: {'gradient_clip_val': 0.4585085897035267, 'hidden_size': 58, 'dropout': 0.13017020607537685, 'hidden_continuous_size': 15, 'attention_head_size': 3, 'learning_rate': 0.005192357437311064}. Best is trial 0 with value: 0.3434738218784332.
[I 2023-12-27 10:59:50,602] Trial 10 finished with value: 6.0839385986328125 and parameters: {'gradient_clip_val': 0.9601301972960989, 'hidden_size': 16, 'dropout': 0.46612384069704765, 'hidden_continuous_size': 11, 'attention_head_size': 1, 'learning_rate': 0.09465438633605484}. Best is trial 0 with value: 0.3434738218784332.
[I 2023-12-27 10:59:50,979] Trial 11 finished with value: 5.431168079376221 and parameters: {'gradient_clip_val': 0.2649851085428336, 'hidden_size': 15, 'dropout': 0.29020103279912174, 'hidden_continuous_size': 14, 'attention_head_size': 1, 'learning_rate': 0.0010143071703484394}. Best is trial 0 with value: 0.3434738218784332.
[I 2023-12-27 10:59:51,368] Trial 12 finished with value: 4.613522052764893 and parameters: {'gradient_clip_val': 0.2762797744105081, 'hidden_size': 24, 'dropout': 0.3360996508383422, 'hidden_continuous_size': 19, 'attention_head_size': 1, 'learning_rate': 0.017098625060478496}. Best is trial 0 with value: 0.3434738218784332.
[I 2023-12-27 10:59:51,696] Trial 13 finished with value: 4.218987941741943 and parameters: {'gradient_clip_val': 0.4842542609222701, 'hidden_size': 5, 'dropout': 0.27701295756606836, 'hidden_continuous_size': 5, 'attention_head_size': 3, 'learning_rate': 0.01699329474366099}. Best is trial 0 with value: 0.3434738218784332.
[I 2023-12-27 10:59:52,101] Trial 14 finished with value: 5.048701286315918 and parameters: {'gradient_clip_val': 0.2119235393408635, 'hidden_size': 41, 'dropout': 0.49308883452140984, 'hidden_continuous_size': 22, 'attention_head_size': 2, 'learning_rate': 0.0005234734240696355}. Best is trial 0 with value: 0.3434738218784332.
[I 2023-12-27 10:59:52,474] Trial 15 finished with value: 3.6383087635040283 and parameters: {'gradient_clip_val': 0.3394762200064194, 'hidden_size': 15, 'dropout': 0.19022215459962, 'hidden_continuous_size': 11, 'attention_head_size': 3, 'learning_rate': 0.03944020383720339}. Best is trial 0 with value: 0.3434738218784332.
[I 2023-12-27 10:59:52,911] Trial 16 finished with value: 5.184603214263916 and parameters: {'gradient_clip_val': 0.523090802865934, 'hidden_size': 69, 'dropout': 0.4145553057651878, 'hidden_continuous_size': 23, 'attention_head_size': 1, 'learning_rate': 0.014351845714383919}. Best is trial 0 with value: 0.3434738218784332.
[I 2023-12-27 10:59:53,281] Trial 17 finished with value: 4.1938557624816895 and parameters: {'gradient_clip_val': 0.3238073675412314, 'hidden_size': 24, 'dropout': 0.3390202415726685, 'hidden_continuous_size': 12, 'attention_head_size': 2, 'learning_rate': 0.004159401759484716}. Best is trial 0 with value: 0.3434738218784332.
[I 2023-12-27 10:59:53,668] Trial 18 finished with value: 3.7550384998321533 and parameters: {'gradient_clip_val': 0.4133686157418617, 'hidden_size': 33, 'dropout': 0.25563511653952553, 'hidden_continuous_size': 9, 'attention_head_size': 3, 'learning_rate': 0.008995840182325444}. Best is trial 0 with value: 0.3434738218784332.
[I 2023-12-27 10:59:54,030] Trial 19 finished with value: 4.1695990562438965 and parameters: {'gradient_clip_val': 0.5405653985037728, 'hidden_size': 19, 'dropout': 0.30862896734279616, 'hidden_continuous_size': 12, 'attention_head_size': 1, 'learning_rate': 0.0932581884619292}. Best is trial 0 with value: 0.3434738218784332.
[I 2023-12-27 10:59:54,611] Trial 20 finished with value: 5.014518737792969 and parameters: {'gradient_clip_val': 0.2933172113231096, 'hidden_size': 12, 'dropout': 0.41454798654155117, 'hidden_continuous_size': 6, 'attention_head_size': 2, 'learning_rate': 0.0025559325154457177}. Best is trial 0 with value: 0.3434738218784332.
[I 2023-12-27 10:59:54,980] Trial 21 finished with value: 6.254624843597412 and parameters: {'gradient_clip_val': 0.3555172877781225, 'hidden_size': 14, 'dropout': 0.17693905998311288, 'hidden_continuous_size': 11, 'attention_head_size': 3, 'learning_rate': 0.037622016869058826}. Best is trial 0 with value: 0.3434738218784332.
[I 2023-12-27 10:59:55,357] Trial 22 finished with value: 5.07181453704834 and parameters: {'gradient_clip_val': 0.3643889647414359, 'hidden_size': 20, 'dropout': 0.10584806562708898, 'hidden_continuous_size': 10, 'attention_head_size': 4, 'learning_rate': 0.027390561102843127}. Best is trial 0 with value: 0.3434738218784332.
[I 2023-12-27 10:59:55,723] Trial 23 finished with value: 4.909428119659424 and parameters: {'gradient_clip_val': 0.24248111119051094, 'hidden_size': 13, 'dropout': 0.22211121049490778, 'hidden_continuous_size': 10, 'attention_head_size': 3, 'learning_rate': 0.05331334394043587}. Best is trial 0 with value: 0.3434738218784332.
[I 2023-12-27 10:59:56,091] Trial 24 finished with value: 5.191784858703613 and parameters: {'gradient_clip_val': 0.3126756334398794, 'hidden_size': 19, 'dropout': 0.1794887867170158, 'hidden_continuous_size': 13, 'attention_head_size': 2, 'learning_rate': 0.024003257520606364}. Best is trial 0 with value: 0.3434738218784332.
[I 2023-12-27 10:59:56,494] Trial 25 finished with value: 3.6438522338867188 and parameters: {'gradient_clip_val': 0.19223981935535842, 'hidden_size': 31, 'dropout': 0.21967482743531028, 'hidden_continuous_size': 16, 'attention_head_size': 3, 'learning_rate': 0.012253514041673115}. Best is trial 0 with value: 0.3434738218784332.
[I 2023-12-27 10:59:56,863] Trial 26 finished with value: 5.413891315460205 and parameters: {'gradient_clip_val': 0.42035498208781186, 'hidden_size': 11, 'dropout': 0.26127704081273306, 'hidden_continuous_size': 10, 'attention_head_size': 2, 'learning_rate': 0.05571881805397824}. Best is trial 0 with value: 0.3434738218784332.
[I 2023-12-27 10:59:57,232] Trial 27 finished with value: 4.086728572845459 and parameters: {'gradient_clip_val': 0.29454257933374983, 'hidden_size': 17, 'dropout': 0.3085463088284859, 'hidden_continuous_size': 13, 'attention_head_size': 3, 'learning_rate': 0.019516948827962812}. Best is trial 0 with value: 0.3434738218784332.
[I 2023-12-27 10:59:57,610] Trial 28 finished with value: 4.458478927612305 and parameters: {'gradient_clip_val': 0.25051557093198124, 'hidden_size': 23, 'dropout': 0.155593853461205, 'hidden_continuous_size': 14, 'attention_head_size': 4, 'learning_rate': 0.013065266167811042}. Best is trial 0 with value: 0.3434738218784332.
[I 2023-12-27 10:59:57,977] Trial 29 finished with value: 6.132585048675537 and parameters: {'gradient_clip_val': 0.5978011112548376, 'hidden_size': 10, 'dropout': 0.1431334022516679, 'hidden_continuous_size': 8, 'attention_head_size': 2, 'learning_rate': 0.024639175356110127}. Best is trial 0 with value: 0.3434738218784332.
[I 2023-12-27 10:59:58,353] Trial 30 finished with value: 5.13630485534668 and parameters: {'gradient_clip_val': 0.4354125418092156, 'hidden_size': 15, 'dropout': 0.2061844661410199, 'hidden_continuous_size': 12, 'attention_head_size': 2, 'learning_rate': 0.007150384823666816}. Best is trial 0 with value: 0.3434738218784332.
[I 2023-12-27 10:59:58,748] Trial 31 finished with value: 4.560756683349609 and parameters: {'gradient_clip_val': 0.19516122119948903, 'hidden_size': 35, 'dropout': 0.22770426262302676, 'hidden_continuous_size': 17, 'attention_head_size': 3, 'learning_rate': 0.011208156031818638}. Best is trial 0 with value: 0.3434738218784332.
[I 2023-12-27 10:59:59,147] Trial 32 finished with value: 4.575259208679199 and parameters: {'gradient_clip_val': 0.18146756973696684, 'hidden_size': 30, 'dropout': 0.19819062994802678, 'hidden_continuous_size': 17, 'attention_head_size': 3, 'learning_rate': 0.008873041342950614}. Best is trial 0 with value: 0.3434738218784332.
[I 2023-12-27 10:59:59,772] Trial 33 finished with value: 4.342166900634766 and parameters: {'gradient_clip_val': 0.21584728901695718, 'hidden_size': 28, 'dropout': 0.16608352001169488, 'hidden_continuous_size': 15, 'attention_head_size': 3, 'learning_rate': 0.013477196192369425}. Best is trial 0 with value: 0.3434738218784332.
[I 2023-12-27 11:00:00,153] Trial 34 finished with value: 3.568312883377075 and parameters: {'gradient_clip_val': 0.17139012290972344, 'hidden_size': 21, 'dropout': 0.24629001169650128, 'hidden_continuous_size': 16, 'attention_head_size': 3, 'learning_rate': 0.007191472379274711}. Best is trial 0 with value: 0.3434738218784332.
[I 2023-12-27 11:00:00,552] Trial 35 finished with value: 4.724264621734619 and parameters: {'gradient_clip_val': 0.14817609220658867, 'hidden_size': 22, 'dropout': 0.23974930299554478, 'hidden_continuous_size': 14, 'attention_head_size': 4, 'learning_rate': 0.0059916847459757635}. Best is trial 0 with value: 0.3434738218784332.
[I 2023-12-27 11:00:00,916] Trial 36 finished with value: 4.905932426452637 and parameters: {'gradient_clip_val': 0.14036921904366848, 'hidden_size': 8, 'dropout': 0.24947887681399727, 'hidden_continuous_size': 5, 'attention_head_size': 2, 'learning_rate': 0.007668270704018753}. Best is trial 0 with value: 0.3434738218784332.
