[I 2023-12-27 11:20:18,004] Trial 34 finished with value: 4.3585004806518555 and parameters: {'gradient_clip_val': 0.23845934935337953, 'hidden_size': 46, 'dropout': 0.31825153081816276, 'hidden_continuous_size': 20, 'attention_head_size': 4, 'learning_rate': 0.0008266238777780973}. Best is trial 1 with value: 0.09023158997297287.
[I 2023-12-27 11:20:18,422] Trial 35 finished with value: 5.121016502380371 and parameters: {'gradient_clip_val': 0.27772176013657796, 'hidden_size': 26, 'dropout': 0.38475124001787986, 'hidden_continuous_size': 9, 'attention_head_size': 4, 'learning_rate': 0.004485155153577026}. Best is trial 1 with value: 0.09023158997297287.
[I 2023-12-27 11:20:18,896] Trial 36 finished with value: 5.571262359619141 and parameters: {'gradient_clip_val': 0.3472978808384532, 'hidden_size': 93, 'dropout': 0.3433571502068613, 'hidden_continuous_size': 28, 'attention_head_size': 4, 'learning_rate': 0.0566522915385404}. Best is trial 1 with value: 0.09023158997297287.
[I 2023-12-27 11:20:19,293] Trial 37 finished with value: 3.8833653926849365 and parameters: {'gradient_clip_val': 0.22761549267081332, 'hidden_size': 35, 'dropout': 0.30401141071946847, 'hidden_continuous_size': 15, 'attention_head_size': 4, 'learning_rate': 0.0016114963052428711}. Best is trial 1 with value: 0.09023158997297287.
[I 2023-12-27 11:20:19,935] Trial 38 finished with value: 3.562032699584961 and parameters: {'gradient_clip_val': 0.531869419841158, 'hidden_size': 56, 'dropout': 0.36678823600351884, 'hidden_continuous_size': 13, 'attention_head_size': 3, 'learning_rate': 0.000954534784984237}. Best is trial 1 with value: 0.09023158997297287.
[I 2023-12-27 11:20:20,302] Trial 39 finished with value: 4.01887845993042 and parameters: {'gradient_clip_val': 0.2898276955805751, 'hidden_size': 14, 'dropout': 0.332119138386154, 'hidden_continuous_size': 9, 'attention_head_size': 3, 'learning_rate': 0.0036752645028676474}. Best is trial 1 with value: 0.09023158997297287.
[I 2023-12-27 11:20:20,808] Trial 40 finished with value: 5.08920431137085 and parameters: {'gradient_clip_val': 0.9499602418270969, 'hidden_size': 118, 'dropout': 0.28441510771203793, 'hidden_continuous_size': 6, 'attention_head_size': 4, 'learning_rate': 0.0018513492312461344}. Best is trial 1 with value: 0.09023158997297287.
[I 2023-12-27 11:20:21,419] Trial 41 finished with value: 4.869121551513672 and parameters: {'gradient_clip_val': 0.18110221243033342, 'hidden_size': 141, 'dropout': 0.2774997798277992, 'hidden_continuous_size': 70, 'attention_head_size': 1, 'learning_rate': 0.028158286622263915}. Best is trial 1 with value: 0.09023158997297287.
[I 2023-12-27 11:20:22,089] Trial 42 finished with value: 5.194748401641846 and parameters: {'gradient_clip_val': 0.13338084546084358, 'hidden_size': 138, 'dropout': 0.29618049550690334, 'hidden_continuous_size': 135, 'attention_head_size': 1, 'learning_rate': 0.015011982494792579}. Best is trial 1 with value: 0.09023158997297287.
[I 2023-12-27 11:20:22,567] Trial 43 finished with value: 5.116758346557617 and parameters: {'gradient_clip_val': 0.25561153933476033, 'hidden_size': 85, 'dropout': 0.2584132107125318, 'hidden_continuous_size': 19, 'attention_head_size': 1, 'learning_rate': 0.04578946866435048}. Best is trial 1 with value: 0.09023158997297287.
[I 2023-12-27 11:20:23,089] Trial 44 finished with value: 5.068080902099609 and parameters: {'gradient_clip_val': 0.17124901967106312, 'hidden_size': 118, 'dropout': 0.32430978629752416, 'hidden_continuous_size': 29, 'attention_head_size': 1, 'learning_rate': 0.011240268857618758}. Best is trial 1 with value: 0.09023158997297287.
[I 2023-12-27 11:20:23,657] Trial 45 finished with value: 5.346384525299072 and parameters: {'gradient_clip_val': 0.19446614407512577, 'hidden_size': 150, 'dropout': 0.22170694626199738, 'hidden_continuous_size': 12, 'attention_head_size': 2, 'learning_rate': 0.008584931220542307}. Best is trial 1 with value: 0.09023158997297287.
[I 2023-12-27 11:20:24,101] Trial 46 finished with value: 5.093587398529053 and parameters: {'gradient_clip_val': 0.1206799990425332, 'hidden_size': 75, 'dropout': 0.2749023389942142, 'hidden_continuous_size': 15, 'attention_head_size': 1, 'learning_rate': 0.02707120110810061}. Best is trial 1 with value: 0.09023158997297287.
[I 2023-12-27 11:20:24,596] Trial 47 finished with value: 5.482233047485352 and parameters: {'gradient_clip_val': 0.1601023277690307, 'hidden_size': 113, 'dropout': 0.3476176571108506, 'hidden_continuous_size': 7, 'attention_head_size': 2, 'learning_rate': 0.03736778310587585}. Best is trial 1 with value: 0.09023158997297287.
[I 2023-12-27 11:20:25,051] Trial 48 finished with value: 5.699836730957031 and parameters: {'gradient_clip_val': 0.21044959662162518, 'hidden_size': 88, 'dropout': 0.30700998029003534, 'hidden_continuous_size': 18, 'attention_head_size': 1, 'learning_rate': 0.0756728178986827}. Best is trial 1 with value: 0.09023158997297287.
[I 2023-12-27 11:20:25,457] Trial 49 finished with value: 4.774406433105469 and parameters: {'gradient_clip_val': 0.2364397409633644, 'hidden_size': 50, 'dropout': 0.2899895357092289, 'hidden_continuous_size': 11, 'attention_head_size': 2, 'learning_rate': 0.016986065494019188}. Best is trial 1 with value: 0.09023158997297287.
[I 2023-12-27 11:20:25,574] A new study created in memory with name: no-name-6b056ace-a7aa-4784-b0c6-3f41971e8db7
/home/le004/conda/anaconda3/envs/tsff_env/lib/python3.9/site-packages/lightning/fabric/plugins/environments/slurm.py:191: The `srun` command is available on your system but is not used. HINT: If your intention is to run Lightning on SLURM, prepend your python command with `srun` like so: srun python /home/le004/master_thesis/git/TSFusionForecast/code/ ...
[I 2023-12-27 11:20:54,888] Trial 0 finished with value: 0.04420173540711403 and parameters: {'gradient_clip_val': 0.44587824969315726, 'hidden_size': 9, 'dropout': 0.36137380155503884, 'hidden_continuous_size': 9, 'attention_head_size': 3, 'learning_rate': 0.028915989190068728}. Best is trial 0 with value: 0.04420173540711403.
[I 2023-12-27 11:21:04,505] Trial 1 finished with value: 0.5599774718284607 and parameters: {'gradient_clip_val': 0.22208172943706217, 'hidden_size': 9, 'dropout': 0.19012992825314365, 'hidden_continuous_size': 5, 'attention_head_size': 4, 'learning_rate': 0.01802083941554578}. Best is trial 0 with value: 0.04420173540711403.
[I 2023-12-27 11:21:04,878] Trial 2 finished with value: 1.4400444030761719 and parameters: {'gradient_clip_val': 0.8916346042790503, 'hidden_size': 50, 'dropout': 0.38541106471437214, 'hidden_continuous_size': 6, 'attention_head_size': 1, 'learning_rate': 0.09361872369782226}. Best is trial 0 with value: 0.04420173540711403.
[I 2023-12-27 11:21:05,218] Trial 3 finished with value: 1.2327630519866943 and parameters: {'gradient_clip_val': 0.239006457975148, 'hidden_size': 12, 'dropout': 0.4647485280640711, 'hidden_continuous_size': 5, 'attention_head_size': 1, 'learning_rate': 0.0007068561930872648}. Best is trial 0 with value: 0.04420173540711403.
[I 2023-12-27 11:21:05,707] Trial 4 finished with value: 1.446503758430481 and parameters: {'gradient_clip_val': 0.2783575835498268, 'hidden_size': 108, 'dropout': 0.4616266518928531, 'hidden_continuous_size': 6, 'attention_head_size': 1, 'learning_rate': 0.043548409698281686}. Best is trial 0 with value: 0.04420173540711403.
[I 2023-12-27 11:21:06,079] Trial 5 finished with value: 1.300878643989563 and parameters: {'gradient_clip_val': 0.23586918237917576, 'hidden_size': 27, 'dropout': 0.40961892981986414, 'hidden_continuous_size': 19, 'attention_head_size': 3, 'learning_rate': 0.01737122891423852}. Best is trial 0 with value: 0.04420173540711403.
[I 2023-12-27 11:21:06,533] Trial 6 finished with value: 1.1713131666183472 and parameters: {'gradient_clip_val': 0.10434432223524331, 'hidden_size': 101, 'dropout': 0.43330948848447026, 'hidden_continuous_size': 11, 'attention_head_size': 1, 'learning_rate': 0.00995547989842905}. Best is trial 0 with value: 0.04420173540711403.
[I 2023-12-27 11:21:06,929] Trial 7 finished with value: 1.3178890943527222 and parameters: {'gradient_clip_val': 0.11846076134441887, 'hidden_size': 51, 'dropout': 0.2622687198749655, 'hidden_continuous_size': 19, 'attention_head_size': 4, 'learning_rate': 0.09427382273262012}. Best is trial 0 with value: 0.04420173540711403.
[I 2023-12-27 11:21:07,283] Trial 8 finished with value: 1.2168720960617065 and parameters: {'gradient_clip_val': 0.480007694389281, 'hidden_size': 24, 'dropout': 0.33407166344526906, 'hidden_continuous_size': 5, 'attention_head_size': 4, 'learning_rate': 0.006300435291743525}. Best is trial 0 with value: 0.04420173540711403.
[I 2023-12-27 11:21:07,645] Trial 9 finished with value: 1.2870539426803589 and parameters: {'gradient_clip_val': 0.33127860799217346, 'hidden_size': 23, 'dropout': 0.12037577812683638, 'hidden_continuous_size': 13, 'attention_head_size': 4, 'learning_rate': 0.0654492834497557}. Best is trial 0 with value: 0.04420173540711403.
[I 2023-12-27 11:21:07,975] Trial 10 finished with value: 1.4607723951339722 and parameters: {'gradient_clip_val': 0.6730287187077295, 'hidden_size': 5, 'dropout': 0.31332509019751087, 'hidden_continuous_size': 5, 'attention_head_size': 2, 'learning_rate': 0.0037552582775880533}. Best is trial 0 with value: 0.04420173540711403.
[I 2023-12-27 11:21:08,543] Trial 11 finished with value: 1.3695788383483887 and parameters: {'gradient_clip_val': 0.4460398683944075, 'hidden_size': 7, 'dropout': 0.22670586988145494, 'hidden_continuous_size': 5, 'attention_head_size': 3, 'learning_rate': 0.022353769122125427}. Best is trial 0 with value: 0.04420173540711403.
[I 2023-12-27 11:21:08,918] Trial 12 finished with value: 1.4762731790542603 and parameters: {'gradient_clip_val': 0.16950969538319174, 'hidden_size': 10, 'dropout': 0.20948944400851877, 'hidden_continuous_size': 7, 'attention_head_size': 3, 'learning_rate': 0.025918364491477153}. Best is trial 0 with value: 0.04420173540711403.
[I 2023-12-27 11:21:09,253] Trial 13 finished with value: 1.323229432106018 and parameters: {'gradient_clip_val': 0.3924599853190395, 'hidden_size': 5, 'dropout': 0.3427943373777321, 'hidden_continuous_size': 5, 'attention_head_size': 2, 'learning_rate': 0.027925314603947527}. Best is trial 0 with value: 0.04420173540711403.
[I 2023-12-27 11:21:09,619] Trial 14 finished with value: 1.5089181661605835 and parameters: {'gradient_clip_val': 0.18788074950636144, 'hidden_size': 11, 'dropout': 0.1319009044866079, 'hidden_continuous_size': 8, 'attention_head_size': 4, 'learning_rate': 0.012641555170693916}. Best is trial 0 with value: 0.04420173540711403.
[I 2023-12-27 11:21:09,983] Trial 15 finished with value: 1.2181631326675415 and parameters: {'gradient_clip_val': 0.5407645119395723, 'hidden_size': 8, 'dropout': 0.49254673987000147, 'hidden_continuous_size': 6, 'attention_head_size': 3, 'learning_rate': 0.039622113022785815}. Best is trial 0 with value: 0.04420173540711403.
[I 2023-12-27 11:21:10,359] Trial 16 finished with value: 1.0684734582901 and parameters: {'gradient_clip_val': 0.3526486840840948, 'hidden_size': 15, 'dropout': 0.28201367932476823, 'hidden_continuous_size': 9, 'attention_head_size': 2, 'learning_rate': 0.005872591861940539}. Best is trial 0 with value: 0.04420173540711403.
[I 2023-12-27 11:21:10,720] Trial 17 finished with value: 1.0182477235794067 and parameters: {'gradient_clip_val': 0.30493554344630963, 'hidden_size': 16, 'dropout': 0.18838294248212503, 'hidden_continuous_size': 8, 'attention_head_size': 4, 'learning_rate': 0.014607256437741455}. Best is trial 0 with value: 0.04420173540711403.
[I 2023-12-27 11:21:11,079] Trial 18 finished with value: 1.6357542276382446 and parameters: {'gradient_clip_val': 0.5713992886664796, 'hidden_size': 7, 'dropout': 0.3603498333456867, 'hidden_continuous_size': 5, 'attention_head_size': 3, 'learning_rate': 0.048553449838819075}. Best is trial 0 with value: 0.04420173540711403.
[I 2023-12-27 11:21:11,441] Trial 19 finished with value: 1.1535159349441528 and parameters: {'gradient_clip_val': 0.37889502650417556, 'hidden_size': 7, 'dropout': 0.29012098122758634, 'hidden_continuous_size': 5, 'attention_head_size': 4, 'learning_rate': 0.02791648645226267}. Best is trial 0 with value: 0.04420173540711403.
[I 2023-12-27 11:21:11,809] Trial 20 finished with value: 1.309351921081543 and parameters: {'gradient_clip_val': 0.6960696105539576, 'hidden_size': 9, 'dropout': 0.16741483358371667, 'hidden_continuous_size': 7, 'attention_head_size': 3, 'learning_rate': 0.010825553209836294}. Best is trial 0 with value: 0.04420173540711403.
[I 2023-12-27 11:21:12,183] Trial 21 finished with value: 1.1795722246170044 and parameters: {'gradient_clip_val': 0.2940376819959842, 'hidden_size': 15, 'dropout': 0.17804059413391826, 'hidden_continuous_size': 9, 'attention_head_size': 4, 'learning_rate': 0.016524569942028642}. Best is trial 0 with value: 0.04420173540711403.
[I 2023-12-27 11:21:12,561] Trial 22 finished with value: 1.6762882471084595 and parameters: {'gradient_clip_val': 0.4346741834183666, 'hidden_size': 14, 'dropout': 0.2530372407206792, 'hidden_continuous_size': 7, 'attention_head_size': 4, 'learning_rate': 0.017112492083049668}. Best is trial 0 with value: 0.04420173540711403.
[I 2023-12-27 11:21:12,932] Trial 23 finished with value: 1.1568726301193237 and parameters: {'gradient_clip_val': 0.27401048326567773, 'hidden_size': 18, 'dropout': 0.10139632952225512, 'hidden_continuous_size': 10, 'attention_head_size': 4, 'learning_rate': 0.035519652855354966}. Best is trial 0 with value: 0.04420173540711403.
[I 2023-12-27 11:21:13,541] Trial 24 finished with value: 1.3823708295822144 and parameters: {'gradient_clip_val': 0.3233718265307046, 'hidden_size': 11, 'dropout': 0.21121757487341403, 'hidden_continuous_size': 8, 'attention_head_size': 3, 'learning_rate': 0.009697660830072435}. Best is trial 0 with value: 0.04420173540711403.
[I 2023-12-27 11:21:13,879] Trial 25 finished with value: 1.6554995775222778 and parameters: {'gradient_clip_val': 0.2273167982106506, 'hidden_size': 5, 'dropout': 0.1770280911574259, 'hidden_continuous_size': 5, 'attention_head_size': 4, 'learning_rate': 0.05554703949130064}. Best is trial 0 with value: 0.04420173540711403.
[I 2023-12-27 11:21:14,264] Trial 26 finished with value: 1.2924667596817017 and parameters: {'gradient_clip_val': 0.38914225597519475, 'hidden_size': 9, 'dropout': 0.31108063464240343, 'hidden_continuous_size': 6, 'attention_head_size': 2, 'learning_rate': 0.01783171176715771}. Best is trial 0 with value: 0.04420173540711403.
[I 2023-12-27 11:21:14,649] Trial 27 finished with value: 1.2423418760299683 and parameters: {'gradient_clip_val': 0.18989765163295932, 'hidden_size': 18, 'dropout': 0.24493058582165017, 'hidden_continuous_size': 11, 'attention_head_size': 3, 'learning_rate': 0.03103589723287431}. Best is trial 0 with value: 0.04420173540711403.
[I 2023-12-27 11:21:15,037] Trial 28 finished with value: 1.2738059759140015 and parameters: {'gradient_clip_val': 0.3258234938404073, 'hidden_size': 6, 'dropout': 0.2761349740203274, 'hidden_continuous_size': 5, 'attention_head_size': 4, 'learning_rate': 0.004787183437818387}. Best is trial 0 with value: 0.04420173540711403.
[I 2023-12-27 11:21:15,433] Trial 29 finished with value: 1.1609045267105103 and parameters: {'gradient_clip_val': 0.7721451356548168, 'hidden_size': 9, 'dropout': 0.370957546986265, 'hidden_continuous_size': 6, 'attention_head_size': 4, 'learning_rate': 0.00912565295542475}. Best is trial 0 with value: 0.04420173540711403.
[I 2023-12-27 11:21:15,822] Trial 30 finished with value: 1.4850620031356812 and parameters: {'gradient_clip_val': 0.5110056045049678, 'hidden_size': 13, 'dropout': 0.38672548373510335, 'hidden_continuous_size': 7, 'attention_head_size': 3, 'learning_rate': 0.07719764332361438}. Best is trial 0 with value: 0.04420173540711403.
[I 2023-12-27 11:21:16,212] Trial 31 finished with value: 1.4401289224624634 and parameters: {'gradient_clip_val': 0.3757809281795822, 'hidden_size': 16, 'dropout': 0.2866324661849066, 'hidden_continuous_size': 9, 'attention_head_size': 2, 'learning_rate': 0.0068816118519396344}. Best is trial 0 with value: 0.04420173540711403.
[I 2023-12-27 11:21:16,598] Trial 32 finished with value: 1.371565818786621 and parameters: {'gradient_clip_val': 0.8949472045603265, 'hidden_size': 12, 'dropout': 0.23344096207929022, 'hidden_continuous_size': 8, 'attention_head_size': 2, 'learning_rate': 0.003187916430413622}. Best is trial 0 with value: 0.04420173540711403.
[I 2023-12-27 11:21:16,984] Trial 33 finished with value: 1.2224946022033691 and parameters: {'gradient_clip_val': 0.27394048590372083, 'hidden_size': 12, 'dropout': 0.26379390690745474, 'hidden_continuous_size': 9, 'attention_head_size': 1, 'learning_rate': 0.0126179712895247}. Best is trial 0 with value: 0.04420173540711403.
[I 2023-12-27 11:21:17,377] Trial 34 finished with value: 1.238344430923462 and parameters: {'gradient_clip_val': 0.24874893965975922, 'hidden_size': 20, 'dropout': 0.19408457434384896, 'hidden_continuous_size': 10, 'attention_head_size': 2, 'learning_rate': 0.020925515927450147}. Best is trial 0 with value: 0.04420173540711403.
[I 2023-12-27 11:21:17,761] Trial 35 finished with value: 1.3701902627944946 and parameters: {'gradient_clip_val': 0.33960007771226963, 'hidden_size': 13, 'dropout': 0.15568761448822935, 'hidden_continuous_size': 8, 'attention_head_size': 2, 'learning_rate': 0.002081774351358464}. Best is trial 0 with value: 0.04420173540711403.
[I 2023-12-27 11:21:18,161] Trial 36 finished with value: 1.5398898124694824 and parameters: {'gradient_clip_val': 0.45360459958872296, 'hidden_size': 29, 'dropout': 0.22492573643550942, 'hidden_continuous_size': 13, 'attention_head_size': 1, 'learning_rate': 0.015604336181345543}. Best is trial 0 with value: 0.04420173540711403.
[I 2023-12-27 11:21:18,554] Trial 37 finished with value: 1.273131251335144 and parameters: {'gradient_clip_val': 0.9760178851397084, 'hidden_size': 15, 'dropout': 0.200359464509398, 'hidden_continuous_size': 7, 'attention_head_size': 3, 'learning_rate': 0.03824531635346186}. Best is trial 0 with value: 0.04420173540711403.
[I 2023-12-27 11:21:19,200] Trial 38 finished with value: 1.1730748414993286 and parameters: {'gradient_clip_val': 0.35178367842098357, 'hidden_size': 28, 'dropout': 0.4108043688767611, 'hidden_continuous_size': 13, 'attention_head_size': 4, 'learning_rate': 0.0217586392740436}. Best is trial 0 with value: 0.04420173540711403.
[I 2023-12-27 11:21:19,581] Trial 39 finished with value: 1.1272259950637817 and parameters: {'gradient_clip_val': 0.4160421197072118, 'hidden_size': 10, 'dropout': 0.3103618315797423, 'hidden_continuous_size': 6, 'attention_head_size': 1, 'learning_rate': 0.007077511522929135}. Best is trial 0 with value: 0.04420173540711403.
[I 2023-12-27 11:21:19,966] Trial 40 finished with value: 1.4843393564224243 and parameters: {'gradient_clip_val': 0.299597085964567, 'hidden_size': 21, 'dropout': 0.26988592562758423, 'hidden_continuous_size': 11, 'attention_head_size': 2, 'learning_rate': 0.048618674772497664}. Best is trial 0 with value: 0.04420173540711403.
[I 2023-12-27 11:21:20,347] Trial 41 finished with value: 1.172771692276001 and parameters: {'gradient_clip_val': 0.4154633333813941, 'hidden_size': 10, 'dropout': 0.3058586368438146, 'hidden_continuous_size': 6, 'attention_head_size': 1, 'learning_rate': 0.00818899128857276}. Best is trial 0 with value: 0.04420173540711403.
[I 2023-12-27 11:21:20,712] Trial 42 finished with value: 1.380897879600525 and parameters: {'gradient_clip_val': 0.4258778392299874, 'hidden_size': 8, 'dropout': 0.32455340188833887, 'hidden_continuous_size': 6, 'attention_head_size': 1, 'learning_rate': 0.01247012285648934}. Best is trial 0 with value: 0.04420173540711403.
[I 2023-12-27 11:21:21,090] Trial 43 finished with value: 1.1333235502243042 and parameters: {'gradient_clip_val': 0.4687640000015867, 'hidden_size': 11, 'dropout': 0.3215786059244927, 'hidden_continuous_size': 8, 'attention_head_size': 1, 'learning_rate': 0.005149479531398373}. Best is trial 0 with value: 0.04420173540711403.
[I 2023-12-27 11:21:21,495] Trial 44 finished with value: 0.9689390659332275 and parameters: {'gradient_clip_val': 0.34258677219011735, 'hidden_size': 17, 'dropout': 0.34235847587472873, 'hidden_continuous_size': 10, 'attention_head_size': 2, 'learning_rate': 0.007690766076995165}. Best is trial 0 with value: 0.04420173540711403.
[I 2023-12-27 11:21:21,901] Trial 45 finished with value: 1.1311495304107666 and parameters: {'gradient_clip_val': 0.30934676202358163, 'hidden_size': 17, 'dropout': 0.35169681539315617, 'hidden_continuous_size': 10, 'attention_head_size': 2, 'learning_rate': 0.01408660814027514}. Best is trial 0 with value: 0.04420173540711403.
[I 2023-12-27 11:21:22,307] Trial 46 finished with value: 1.98647940158844 and parameters: {'gradient_clip_val': 0.36448167292858746, 'hidden_size': 24, 'dropout': 0.3407008228366367, 'hidden_continuous_size': 12, 'attention_head_size': 2, 'learning_rate': 0.022079784815046914}. Best is trial 0 with value: 0.04420173540711403.
[I 2023-12-27 11:21:22,713] Trial 47 finished with value: 1.4835115671157837 and parameters: {'gradient_clip_val': 0.3495492980410622, 'hidden_size': 15, 'dropout': 0.2889222868129282, 'hidden_continuous_size': 9, 'attention_head_size': 3, 'learning_rate': 0.010980349621096033}. Best is trial 0 with value: 0.04420173540711403.
[I 2023-12-27 11:21:23,138] Trial 48 finished with value: 1.41019868850708 and parameters: {'gradient_clip_val': 0.5765459261392737, 'hidden_size': 33, 'dropout': 0.3325345128217801, 'hidden_continuous_size': 15, 'attention_head_size': 2, 'learning_rate': 0.007815252429802395}. Best is trial 0 with value: 0.04420173540711403.
