[I 2023-12-27 11:37:41,093] Trial 42 finished with value: 4.6160478591918945 and parameters: {'gradient_clip_val': 0.7338843320011454, 'hidden_size': 16, 'dropout': 0.4324879596033294, 'hidden_continuous_size': 6, 'attention_head_size': 3, 'learning_rate': 0.0034112059538993094}. Best is trial 0 with value: 1.7649635076522827.
[I 2023-12-27 11:37:41,467] Trial 43 finished with value: 4.056673526763916 and parameters: {'gradient_clip_val': 0.6095388718417906, 'hidden_size': 8, 'dropout': 0.46795295182438373, 'hidden_continuous_size': 6, 'attention_head_size': 1, 'learning_rate': 0.004970994696203417}. Best is trial 0 with value: 1.7649635076522827.
[I 2023-12-27 11:37:41,858] Trial 44 finished with value: 4.1907196044921875 and parameters: {'gradient_clip_val': 0.9253478418233391, 'hidden_size': 12, 'dropout': 0.4102488945752121, 'hidden_continuous_size': 8, 'attention_head_size': 1, 'learning_rate': 0.0073823780324692575}. Best is trial 0 with value: 1.7649635076522827.
[I 2023-12-27 11:37:42,274] Trial 45 finished with value: 4.033156394958496 and parameters: {'gradient_clip_val': 0.5348698495724428, 'hidden_size': 29, 'dropout': 0.4396908384724877, 'hidden_continuous_size': 10, 'attention_head_size': 3, 'learning_rate': 0.0017076565061716917}. Best is trial 0 with value: 1.7649635076522827.
[I 2023-12-27 11:37:42,652] Trial 46 finished with value: 3.682698965072632 and parameters: {'gradient_clip_val': 0.46269047938195645, 'hidden_size': 6, 'dropout': 0.47196484207311074, 'hidden_continuous_size': 5, 'attention_head_size': 1, 'learning_rate': 0.00260540180206052}. Best is trial 0 with value: 1.7649635076522827.
[I 2023-12-27 11:37:43,032] Trial 47 finished with value: 4.489557266235352 and parameters: {'gradient_clip_val': 0.38986128594991165, 'hidden_size': 18, 'dropout': 0.39209065048759206, 'hidden_continuous_size': 9, 'attention_head_size': 1, 'learning_rate': 0.0021886507536557093}. Best is trial 0 with value: 1.7649635076522827.
[I 2023-12-27 11:37:43,415] Trial 48 finished with value: 5.110419750213623 and parameters: {'gradient_clip_val': 0.6949051137106547, 'hidden_size': 10, 'dropout': 0.44173379100114957, 'hidden_continuous_size': 7, 'attention_head_size': 4, 'learning_rate': 0.0038257105963689702}. Best is trial 0 with value: 1.7649635076522827.
[I 2023-12-27 11:37:44,027] Trial 49 finished with value: 4.540379524230957 and parameters: {'gradient_clip_val': 0.7731500552072983, 'hidden_size': 14, 'dropout': 0.4191390830313484, 'hidden_continuous_size': 8, 'attention_head_size': 2, 'learning_rate': 0.0014198577749054513}. Best is trial 0 with value: 1.7649635076522827.
[I 2023-12-27 11:37:44,137] A new study created in memory with name: no-name-cf9e371c-b2fa-46e0-89ca-19417f18c6df
/home/le004/conda/anaconda3/envs/tsff_env/lib/python3.9/site-packages/lightning/fabric/plugins/environments/slurm.py:191: The `srun` command is available on your system but is not used. HINT: If your intention is to run Lightning on SLURM, prepend your python command with `srun` like so: srun python /home/le004/master_thesis/git/TSFusionForecast/code/ ...
[I 2023-12-27 11:38:16,540] Trial 0 finished with value: 1.762001395225525 and parameters: {'gradient_clip_val': 0.6323536329760966, 'hidden_size': 20, 'dropout': 0.3887730056803712, 'hidden_continuous_size': 8, 'attention_head_size': 1, 'learning_rate': 0.0008227617846099845}. Best is trial 0 with value: 1.762001395225525.
[I 2023-12-27 11:39:21,887] Trial 1 finished with value: 0.12450382113456726 and parameters: {'gradient_clip_val': 0.8636213537478241, 'hidden_size': 125, 'dropout': 0.3536844088115293, 'hidden_continuous_size': 117, 'attention_head_size': 4, 'learning_rate': 0.0005539822404371242}. Best is trial 1 with value: 0.12450382113456726.
[I 2023-12-27 11:39:31,082] Trial 2 finished with value: 0.46184849739074707 and parameters: {'gradient_clip_val': 0.41404562612129764, 'hidden_size': 15, 'dropout': 0.46181937946231466, 'hidden_continuous_size': 5, 'attention_head_size': 3, 'learning_rate': 0.05227796241465056}. Best is trial 1 with value: 0.12450382113456726.
[I 2023-12-27 11:39:31,426] Trial 3 finished with value: 3.2649824619293213 and parameters: {'gradient_clip_val': 0.8202596018100184, 'hidden_size': 11, 'dropout': 0.3615192495582401, 'hidden_continuous_size': 10, 'attention_head_size': 4, 'learning_rate': 0.0007302367704927315}. Best is trial 1 with value: 0.12450382113456726.
[I 2023-12-27 11:39:32,001] Trial 4 finished with value: 2.646406412124634 and parameters: {'gradient_clip_val': 0.8058981774872641, 'hidden_size': 133, 'dropout': 0.3616289137646268, 'hidden_continuous_size': 112, 'attention_head_size': 3, 'learning_rate': 0.00072364595650934}. Best is trial 1 with value: 0.12450382113456726.
[I 2023-12-27 11:39:32,529] Trial 5 finished with value: 3.404559850692749 and parameters: {'gradient_clip_val': 0.18790691872895937, 'hidden_size': 143, 'dropout': 0.49681431087705574, 'hidden_continuous_size': 7, 'attention_head_size': 4, 'learning_rate': 0.0009898681348570568}. Best is trial 1 with value: 0.12450382113456726.
[I 2023-12-27 11:39:32,923] Trial 6 finished with value: 3.182792901992798 and parameters: {'gradient_clip_val': 0.8050445710968429, 'hidden_size': 59, 'dropout': 0.416094342763937, 'hidden_continuous_size': 5, 'attention_head_size': 3, 'learning_rate': 0.0011452106719827169}. Best is trial 1 with value: 0.12450382113456726.
[I 2023-12-27 11:39:33,701] Trial 7 finished with value: 2.685298204421997 and parameters: {'gradient_clip_val': 0.2852080127835703, 'hidden_size': 142, 'dropout': 0.4417680850892046, 'hidden_continuous_size': 106, 'attention_head_size': 2, 'learning_rate': 0.0009071974962410814}. Best is trial 1 with value: 0.12450382113456726.
[I 2023-12-27 11:39:34,221] Trial 8 finished with value: 2.746380090713501 and parameters: {'gradient_clip_val': 0.14561138625457146, 'hidden_size': 138, 'dropout': 0.14994173122374332, 'hidden_continuous_size': 12, 'attention_head_size': 3, 'learning_rate': 0.02884450057333808}. Best is trial 1 with value: 0.12450382113456726.
[I 2023-12-27 11:39:34,577] Trial 9 finished with value: 3.587439775466919 and parameters: {'gradient_clip_val': 0.3622102797434888, 'hidden_size': 32, 'dropout': 0.26734582752577096, 'hidden_continuous_size': 31, 'attention_head_size': 2, 'learning_rate': 0.002615857504273256}. Best is trial 1 with value: 0.12450382113456726.
[I 2023-12-27 11:39:34,940] Trial 10 finished with value: 3.4794673919677734 and parameters: {'gradient_clip_val': 0.5360290807495818, 'hidden_size': 6, 'dropout': 0.2768082424893446, 'hidden_continuous_size': 5, 'attention_head_size': 4, 'learning_rate': 0.006387113124315269}. Best is trial 1 with value: 0.12450382113456726.
[I 2023-12-27 11:39:35,344] Trial 11 finished with value: 3.163904905319214 and parameters: {'gradient_clip_val': 0.4532857196021845, 'hidden_size': 49, 'dropout': 0.4936868100029726, 'hidden_continuous_size': 18, 'attention_head_size': 4, 'learning_rate': 0.09845821094352808}. Best is trial 1 with value: 0.12450382113456726.
[I 2023-12-27 11:39:35,696] Trial 12 finished with value: 3.4372270107269287 and parameters: {'gradient_clip_val': 0.9241637617008482, 'hidden_size': 16, 'dropout': 0.32898781368709284, 'hidden_continuous_size': 6, 'attention_head_size': 3, 'learning_rate': 0.013146743471804955}. Best is trial 1 with value: 0.12450382113456726.
[I 2023-12-27 11:39:36,047] Trial 13 finished with value: 2.4394209384918213 and parameters: {'gradient_clip_val': 0.2883278908818399, 'hidden_size': 11, 'dropout': 0.42803545614202987, 'hidden_continuous_size': 5, 'attention_head_size': 2, 'learning_rate': 0.0032864935441346546}. Best is trial 1 with value: 0.12450382113456726.
[I 2023-12-27 11:39:36,426] Trial 14 finished with value: 3.2506847381591797 and parameters: {'gradient_clip_val': 0.5849745413052262, 'hidden_size': 34, 'dropout': 0.31280572036051424, 'hidden_continuous_size': 9, 'attention_head_size': 4, 'learning_rate': 0.023078746007751123}. Best is trial 1 with value: 0.12450382113456726.
[I 2023-12-27 11:39:36,836] Trial 15 finished with value: 3.8615505695343018 and parameters: {'gradient_clip_val': 0.42044130093064563, 'hidden_size': 64, 'dropout': 0.4465950073339878, 'hidden_continuous_size': 22, 'attention_head_size': 3, 'learning_rate': 0.09201824522351756}. Best is trial 1 with value: 0.12450382113456726.
[I 2023-12-27 11:39:37,190] Trial 16 finished with value: 2.816852569580078 and parameters: {'gradient_clip_val': 0.956417095063463, 'hidden_size': 22, 'dropout': 0.2161744059048138, 'hidden_continuous_size': 6, 'attention_head_size': 1, 'learning_rate': 0.0024663757129588675}. Best is trial 1 with value: 0.12450382113456726.
[I 2023-12-27 11:39:37,510] Trial 17 finished with value: 2.7003095149993896 and parameters: {'gradient_clip_val': 0.6547680875603908, 'hidden_size': 5, 'dropout': 0.38185196629591134, 'hidden_continuous_size': 5, 'attention_head_size': 4, 'learning_rate': 0.0005345841679918297}. Best is trial 1 with value: 0.12450382113456726.
[I 2023-12-27 11:39:37,982] Trial 18 finished with value: 2.9463512897491455 and parameters: {'gradient_clip_val': 0.10563373809867999, 'hidden_size': 87, 'dropout': 0.3444846028127344, 'hidden_continuous_size': 52, 'attention_head_size': 3, 'learning_rate': 0.005036052739203362}. Best is trial 1 with value: 0.12450382113456726.
[I 2023-12-27 11:39:38,370] Trial 19 finished with value: 3.037823438644409 and parameters: {'gradient_clip_val': 0.4812159230985974, 'hidden_size': 39, 'dropout': 0.4592566953825456, 'hidden_continuous_size': 14, 'attention_head_size': 2, 'learning_rate': 0.0018483968108294693}. Best is trial 1 with value: 0.12450382113456726.
[I 2023-12-27 11:39:39,049] Trial 20 finished with value: 3.4247400760650635 and parameters: {'gradient_clip_val': 0.357831222876543, 'hidden_size': 87, 'dropout': 0.3871997965510639, 'hidden_continuous_size': 34, 'attention_head_size': 4, 'learning_rate': 0.009687037747264681}. Best is trial 1 with value: 0.12450382113456726.
[I 2023-12-27 11:39:39,415] Trial 21 finished with value: 3.5223217010498047 and parameters: {'gradient_clip_val': 0.6858488763570807, 'hidden_size': 23, 'dropout': 0.404935413525398, 'hidden_continuous_size': 8, 'attention_head_size': 1, 'learning_rate': 0.001417660376894265}. Best is trial 1 with value: 0.12450382113456726.
[I 2023-12-27 11:39:39,771] Trial 22 finished with value: 3.948270559310913 and parameters: {'gradient_clip_val': 0.6081135611572875, 'hidden_size': 17, 'dropout': 0.40685707237071245, 'hidden_continuous_size': 7, 'attention_head_size': 1, 'learning_rate': 0.0005793230176800828}. Best is trial 1 with value: 0.12450382113456726.
[I 2023-12-27 11:39:40,147] Trial 23 finished with value: 3.0300309658050537 and parameters: {'gradient_clip_val': 0.7050012262124021, 'hidden_size': 28, 'dropout': 0.369590382246853, 'hidden_continuous_size': 9, 'attention_head_size': 2, 'learning_rate': 0.0014608083047233315}. Best is trial 1 with value: 0.12450382113456726.
[I 2023-12-27 11:39:40,539] Trial 24 finished with value: 3.310441017150879 and parameters: {'gradient_clip_val': 0.5349367165663031, 'hidden_size': 41, 'dropout': 0.4673404648511956, 'hidden_continuous_size': 12, 'attention_head_size': 1, 'learning_rate': 0.000508141080697862}. Best is trial 1 with value: 0.12450382113456726.
[I 2023-12-27 11:39:40,920] Trial 25 finished with value: 3.2797000408172607 and parameters: {'gradient_clip_val': 0.7339825597383345, 'hidden_size': 27, 'dropout': 0.3312335260228562, 'hidden_continuous_size': 8, 'attention_head_size': 3, 'learning_rate': 0.00429580887978707}. Best is trial 1 with value: 0.12450382113456726.
[I 2023-12-27 11:39:41,280] Trial 26 finished with value: 2.9587972164154053 and parameters: {'gradient_clip_val': 0.9634416405818618, 'hidden_size': 18, 'dropout': 0.3970009158492575, 'hidden_continuous_size': 6, 'attention_head_size': 2, 'learning_rate': 0.0018324931473727103}. Best is trial 1 with value: 0.12450382113456726.
[I 2023-12-27 11:39:41,639] Trial 27 finished with value: 3.8352744579315186 and parameters: {'gradient_clip_val': 0.5540795441467969, 'hidden_size': 14, 'dropout': 0.4272748260877557, 'hidden_continuous_size': 7, 'attention_head_size': 1, 'learning_rate': 0.0011530955614406564}. Best is trial 1 with value: 0.12450382113456726.
[I 2023-12-27 11:39:42,012] Trial 28 finished with value: 2.8954885005950928 and parameters: {'gradient_clip_val': 0.6198692288876416, 'hidden_size': 22, 'dropout': 0.46649551031672115, 'hidden_continuous_size': 6, 'attention_head_size': 3, 'learning_rate': 0.0009287772826066537}. Best is trial 1 with value: 0.12450382113456726.
[I 2023-12-27 11:39:42,376] Trial 29 finished with value: 2.918490171432495 and parameters: {'gradient_clip_val': 0.85060246519449, 'hidden_size': 11, 'dropout': 0.34707550055741904, 'hidden_continuous_size': 5, 'attention_head_size': 4, 'learning_rate': 0.0007233266663042522}. Best is trial 1 with value: 0.12450382113456726.
[I 2023-12-27 11:39:42,741] Trial 30 finished with value: 2.616882801055908 and parameters: {'gradient_clip_val': 0.9961786412801936, 'hidden_size': 8, 'dropout': 0.36998531427421455, 'hidden_continuous_size': 5, 'attention_head_size': 4, 'learning_rate': 0.00316528575464911}. Best is trial 1 with value: 0.12450382113456726.
[I 2023-12-27 11:39:43,116] Trial 31 finished with value: 2.8021109104156494 and parameters: {'gradient_clip_val': 0.27483275406398455, 'hidden_size': 12, 'dropout': 0.43902367451521007, 'hidden_continuous_size': 6, 'attention_head_size': 2, 'learning_rate': 0.0019971782856972285}. Best is trial 1 with value: 0.12450382113456726.
[I 2023-12-27 11:39:43,482] Trial 32 finished with value: 2.9346883296966553 and parameters: {'gradient_clip_val': 0.75863702459231, 'hidden_size': 9, 'dropout': 0.419736504734482, 'hidden_continuous_size': 5, 'attention_head_size': 2, 'learning_rate': 0.0007619561455074629}. Best is trial 1 with value: 0.12450382113456726.
[I 2023-12-27 11:39:43,839] Trial 33 finished with value: 3.224837303161621 and parameters: {'gradient_clip_val': 0.2546277915995863, 'hidden_size': 13, 'dropout': 0.38125670688319513, 'hidden_continuous_size': 7, 'attention_head_size': 1, 'learning_rate': 0.0042348247730627925}. Best is trial 1 with value: 0.12450382113456726.
[I 2023-12-27 11:39:44,408] Trial 34 finished with value: 2.807525396347046 and parameters: {'gradient_clip_val': 0.41804007252238945, 'hidden_size': 10, 'dropout': 0.4117615228431082, 'hidden_continuous_size': 5, 'attention_head_size': 2, 'learning_rate': 0.0013388338086640747}. Best is trial 1 with value: 0.12450382113456726.
[I 2023-12-27 11:39:44,783] Trial 35 finished with value: 3.4841225147247314 and parameters: {'gradient_clip_val': 0.8363037921307763, 'hidden_size': 18, 'dropout': 0.485684803854319, 'hidden_continuous_size': 8, 'attention_head_size': 3, 'learning_rate': 0.0008503322583054819}. Best is trial 1 with value: 0.12450382113456726.
[I 2023-12-27 11:39:45,150] Trial 36 finished with value: 2.8159420490264893 and parameters: {'gradient_clip_val': 0.3234353187192249, 'hidden_size': 14, 'dropout': 0.4267195216593942, 'hidden_continuous_size': 7, 'attention_head_size': 1, 'learning_rate': 0.0006729301906832958}. Best is trial 1 with value: 0.12450382113456726.
[I 2023-12-27 11:39:45,507] Trial 37 finished with value: 3.0205564498901367 and parameters: {'gradient_clip_val': 0.49003012921569683, 'hidden_size': 8, 'dropout': 0.3577505027637462, 'hidden_continuous_size': 5, 'attention_head_size': 3, 'learning_rate': 0.000981147148728397}. Best is trial 1 with value: 0.12450382113456726.
[I 2023-12-27 11:39:45,913] Trial 38 finished with value: 3.3292582035064697 and parameters: {'gradient_clip_val': 0.22898097971393486, 'hidden_size': 21, 'dropout': 0.44416313831433285, 'hidden_continuous_size': 11, 'attention_head_size': 2, 'learning_rate': 0.002890814801165035}. Best is trial 1 with value: 0.12450382113456726.
[I 2023-12-27 11:39:46,292] Trial 39 finished with value: 3.8034191131591797 and parameters: {'gradient_clip_val': 0.3970601218360631, 'hidden_size': 28, 'dropout': 0.39469893501160774, 'hidden_continuous_size': 10, 'attention_head_size': 2, 'learning_rate': 0.0011320005757600637}. Best is trial 1 with value: 0.12450382113456726.
[I 2023-12-27 11:39:46,644] Trial 40 finished with value: 2.163560390472412 and parameters: {'gradient_clip_val': 0.32453155378507614, 'hidden_size': 16, 'dropout': 0.46967123204231065, 'hidden_continuous_size': 9, 'attention_head_size': 3, 'learning_rate': 0.0007306399362678161}. Best is trial 1 with value: 0.12450382113456726.
[I 2023-12-27 11:39:47,020] Trial 41 finished with value: 2.1881051063537598 and parameters: {'gradient_clip_val': 0.31885240234837614, 'hidden_size': 15, 'dropout': 0.46550334629838763, 'hidden_continuous_size': 9, 'attention_head_size': 3, 'learning_rate': 0.0009402566136262683}. Best is trial 1 with value: 0.12450382113456726.
[I 2023-12-27 11:39:47,387] Trial 42 finished with value: 3.360445022583008 and parameters: {'gradient_clip_val': 0.3521625122858562, 'hidden_size': 19, 'dropout': 0.48062920343107346, 'hidden_continuous_size': 9, 'attention_head_size': 3, 'learning_rate': 0.000690686545662113}. Best is trial 1 with value: 0.12450382113456726.
[I 2023-12-27 11:39:47,755] Trial 43 finished with value: 2.955129384994507 and parameters: {'gradient_clip_val': 0.31725421844414814, 'hidden_size': 15, 'dropout': 0.46143237705287754, 'hidden_continuous_size': 8, 'attention_head_size': 3, 'learning_rate': 0.0006086763733086671}. Best is trial 1 with value: 0.12450382113456726.
[I 2023-12-27 11:39:48,107] Trial 44 finished with value: 3.7004623413085938 and parameters: {'gradient_clip_val': 0.38683285845697224, 'hidden_size': 16, 'dropout': 0.4881778790723341, 'hidden_continuous_size': 10, 'attention_head_size': 3, 'learning_rate': 0.0008915624113564131}. Best is trial 1 with value: 0.12450382113456726.
[I 2023-12-27 11:39:48,479] Trial 45 finished with value: 2.539780378341675 and parameters: {'gradient_clip_val': 0.42698413286184145, 'hidden_size': 24, 'dropout': 0.4475194264704219, 'hidden_continuous_size': 11, 'attention_head_size': 3, 'learning_rate': 0.001143954895930892}. Best is trial 1 with value: 0.12450382113456726.
[I 2023-12-27 11:39:48,848] Trial 46 finished with value: 3.160186767578125 and parameters: {'gradient_clip_val': 0.46986207992148454, 'hidden_size': 20, 'dropout': 0.4966979628507593, 'hidden_continuous_size': 9, 'attention_head_size': 4, 'learning_rate': 0.0007806441210622788}. Best is trial 1 with value: 0.12450382113456726.
[I 2023-12-27 11:39:49,212] Trial 47 finished with value: 3.6801917552948 and parameters: {'gradient_clip_val': 0.7979856676283547, 'hidden_size': 13, 'dropout': 0.46873406514170207, 'hidden_continuous_size': 6, 'attention_head_size': 3, 'learning_rate': 0.0005464669943622432}. Best is trial 1 with value: 0.12450382113456726.
[I 2023-12-27 11:39:49,783] Trial 48 finished with value: 2.6127233505249023 and parameters: {'gradient_clip_val': 0.5205910466026601, 'hidden_size': 16, 'dropout': 0.43002782599979283, 'hidden_continuous_size': 8, 'attention_head_size': 4, 'learning_rate': 0.0005197351417470946}. Best is trial 1 with value: 0.12450382113456726.
[I 2023-12-27 11:39:50,412] Trial 49 finished with value: 3.5244815349578857 and parameters: {'gradient_clip_val': 0.6372766001852862, 'hidden_size': 150, 'dropout': 0.4762651694463412, 'hidden_continuous_size': 105, 'attention_head_size': 3, 'learning_rate': 0.07393025086448518}. Best is trial 1 with value: 0.12450382113456726.
[I 2023-12-27 11:39:50,519] A new study created in memory with name: no-name-ad7feb4d-e528-42ef-a98e-a438c173b38e
/home/le004/conda/anaconda3/envs/tsff_env/lib/python3.9/site-packages/lightning/fabric/plugins/environments/slurm.py:191: The `srun` command is available on your system but is not used. HINT: If your intention is to run Lightning on SLURM, prepend your python command with `srun` like so: srun python /home/le004/master_thesis/git/TSFusionForecast/code/ ...
[I 2023-12-27 11:40:43,408] Trial 0 finished with value: 102.2188720703125 and parameters: {'gradient_clip_val': 0.29261677731447316, 'hidden_size': 111, 'dropout': 0.4569838674068457, 'hidden_continuous_size': 57, 'attention_head_size': 3, 'learning_rate': 0.008329612552140644}. Best is trial 0 with value: 102.2188720703125.
[I 2023-12-27 11:40:43,823] Trial 1 finished with value: 759.8270874023438 and parameters: {'gradient_clip_val': 0.724166629821566, 'hidden_size': 56, 'dropout': 0.4732311304217177, 'hidden_continuous_size': 26, 'attention_head_size': 2, 'learning_rate': 0.022732676658566417}. Best is trial 0 with value: 102.2188720703125.
[I 2023-12-27 11:40:44,160] Trial 2 finished with value: 968.0036010742188 and parameters: {'gradient_clip_val': 0.3084532487155622, 'hidden_size': 11, 'dropout': 0.15236644995091841, 'hidden_continuous_size': 9, 'attention_head_size': 3, 'learning_rate': 0.02692330999802957}. Best is trial 0 with value: 102.2188720703125.
[I 2023-12-27 11:40:44,484] Trial 3 finished with value: 1002.4697265625 and parameters: {'gradient_clip_val': 0.6133421572727046, 'hidden_size': 6, 'dropout': 0.47742873455752133, 'hidden_continuous_size': 5, 'attention_head_size': 2, 'learning_rate': 0.04058706288807895}. Best is trial 0 with value: 102.2188720703125.
[I 2023-12-27 11:40:44,905] Trial 4 finished with value: 881.9530639648438 and parameters: {'gradient_clip_val': 0.14348233409575015, 'hidden_size': 81, 'dropout': 0.2595815104069902, 'hidden_continuous_size': 33, 'attention_head_size': 1, 'learning_rate': 0.013310210688910681}. Best is trial 0 with value: 102.2188720703125.
