[I 2023-12-27 11:08:35,437] Trial 31 finished with value: 2.8975155353546143 and parameters: {'gradient_clip_val': 0.2328806340006492, 'hidden_size': 78, 'dropout': 0.3238279950921206, 'hidden_continuous_size': 21, 'attention_head_size': 1, 'learning_rate': 0.06199170886236723}. Best is trial 1 with value: 0.07500437647104263.
[I 2023-12-27 11:08:35,988] Trial 32 finished with value: 3.8330605030059814 and parameters: {'gradient_clip_val': 0.17982531643238683, 'hidden_size': 120, 'dropout': 0.35940908838301516, 'hidden_continuous_size': 51, 'attention_head_size': 1, 'learning_rate': 0.007985711554672032}. Best is trial 1 with value: 0.07500437647104263.
[I 2023-12-27 11:08:36,517] Trial 33 finished with value: 3.030087471008301 and parameters: {'gradient_clip_val': 0.2815990575555321, 'hidden_size': 99, 'dropout': 0.32201095306135824, 'hidden_continuous_size': 91, 'attention_head_size': 1, 'learning_rate': 0.025007477531810613}. Best is trial 1 with value: 0.07500437647104263.
[I 2023-12-27 11:08:36,964] Trial 34 finished with value: 2.8658721446990967 and parameters: {'gradient_clip_val': 0.36665109217661856, 'hidden_size': 70, 'dropout': 0.3714137844462516, 'hidden_continuous_size': 19, 'attention_head_size': 1, 'learning_rate': 0.043393595986901234}. Best is trial 1 with value: 0.07500437647104263.
[I 2023-12-27 11:08:37,459] Trial 35 finished with value: 4.374423503875732 and parameters: {'gradient_clip_val': 0.11583425819435358, 'hidden_size': 103, 'dropout': 0.33800239260249343, 'hidden_continuous_size': 34, 'attention_head_size': 2, 'learning_rate': 0.010582602271327643}. Best is trial 1 with value: 0.07500437647104263.
[I 2023-12-27 11:08:37,946] Trial 36 finished with value: 3.0771522521972656 and parameters: {'gradient_clip_val': 0.13897425183798856, 'hidden_size': 89, 'dropout': 0.30385370803737166, 'hidden_continuous_size': 10, 'attention_head_size': 2, 'learning_rate': 0.07365542401094281}. Best is trial 1 with value: 0.07500437647104263.
[I 2023-12-27 11:08:38,476] Trial 37 finished with value: 3.0902633666992188 and parameters: {'gradient_clip_val': 0.5532554025415494, 'hidden_size': 115, 'dropout': 0.3884350865266963, 'hidden_continuous_size': 17, 'attention_head_size': 4, 'learning_rate': 0.0984440809757071}. Best is trial 1 with value: 0.07500437647104263.
[I 2023-12-27 11:08:38,929] Trial 38 finished with value: 2.9302799701690674 and parameters: {'gradient_clip_val': 0.11145725160816618, 'hidden_size': 71, 'dropout': 0.11291623691320335, 'hidden_continuous_size': 27, 'attention_head_size': 1, 'learning_rate': 0.0607717177573722}. Best is trial 1 with value: 0.07500437647104263.
[I 2023-12-27 11:08:39,350] Trial 39 finished with value: 3.4173946380615234 and parameters: {'gradient_clip_val': 0.14192335547877463, 'hidden_size': 57, 'dropout': 0.346803907102772, 'hidden_continuous_size': 12, 'attention_head_size': 3, 'learning_rate': 0.006209014078121097}. Best is trial 1 with value: 0.07500437647104263.
[I 2023-12-27 11:08:39,891] Trial 40 finished with value: 2.623377561569214 and parameters: {'gradient_clip_val': 0.11732953344698886, 'hidden_size': 111, 'dropout': 0.2814876424247228, 'hidden_continuous_size': 15, 'attention_head_size': 2, 'learning_rate': 0.013323607733862125}. Best is trial 1 with value: 0.07500437647104263.
[I 2023-12-27 11:08:40,330] Trial 41 finished with value: 3.1961748600006104 and parameters: {'gradient_clip_val': 0.302400010746592, 'hidden_size': 62, 'dropout': 0.3043557182006416, 'hidden_continuous_size': 11, 'attention_head_size': 3, 'learning_rate': 0.0033634712525761963}. Best is trial 1 with value: 0.07500437647104263.
[I 2023-12-27 11:08:41,014] Trial 42 finished with value: 3.220566749572754 and parameters: {'gradient_clip_val': 0.26524555760726215, 'hidden_size': 91, 'dropout': 0.2852523595814258, 'hidden_continuous_size': 9, 'attention_head_size': 3, 'learning_rate': 0.002952977961573016}. Best is trial 1 with value: 0.07500437647104263.
[I 2023-12-27 11:08:41,467] Trial 43 finished with value: 2.349954128265381 and parameters: {'gradient_clip_val': 0.3381215061892759, 'hidden_size': 80, 'dropout': 0.25568193653942656, 'hidden_continuous_size': 8, 'attention_head_size': 3, 'learning_rate': 0.005389629205665484}. Best is trial 1 with value: 0.07500437647104263.
[I 2023-12-27 11:08:41,934] Trial 44 finished with value: 2.4178519248962402 and parameters: {'gradient_clip_val': 0.3396055516506448, 'hidden_size': 83, 'dropout': 0.25584717944257174, 'hidden_continuous_size': 8, 'attention_head_size': 3, 'learning_rate': 0.0050812874907333475}. Best is trial 1 with value: 0.07500437647104263.
[I 2023-12-27 11:08:42,409] Trial 45 finished with value: 3.4625470638275146 and parameters: {'gradient_clip_val': 0.34766742122330074, 'hidden_size': 88, 'dropout': 0.25164918944455095, 'hidden_continuous_size': 8, 'attention_head_size': 3, 'learning_rate': 0.006919037322647953}. Best is trial 1 with value: 0.07500437647104263.
[I 2023-12-27 11:08:42,867] Trial 46 finished with value: 3.2607316970825195 and parameters: {'gradient_clip_val': 0.4014613652250966, 'hidden_size': 76, 'dropout': 0.21115350078896972, 'hidden_continuous_size': 7, 'attention_head_size': 3, 'learning_rate': 0.005026798267773444}. Best is trial 1 with value: 0.07500437647104263.
[I 2023-12-27 11:08:43,387] Trial 47 finished with value: 3.4260826110839844 and parameters: {'gradient_clip_val': 0.5047214355409461, 'hidden_size': 128, 'dropout': 0.2638850605619326, 'hidden_continuous_size': 8, 'attention_head_size': 4, 'learning_rate': 0.004660969127877636}. Best is trial 1 with value: 0.07500437647104263.
[I 2023-12-27 11:08:43,849] Trial 48 finished with value: 2.4471182823181152 and parameters: {'gradient_clip_val': 0.47087356449585727, 'hidden_size': 81, 'dropout': 0.18714379079707416, 'hidden_continuous_size': 9, 'attention_head_size': 3, 'learning_rate': 0.00534620829071925}. Best is trial 1 with value: 0.07500437647104263.
[I 2023-12-27 11:08:44,397] Trial 49 finished with value: 2.571463108062744 and parameters: {'gradient_clip_val': 0.6777255994842221, 'hidden_size': 134, 'dropout': 0.23706767780320795, 'hidden_continuous_size': 6, 'attention_head_size': 3, 'learning_rate': 0.0027028892459520465}. Best is trial 1 with value: 0.07500437647104263.
[I 2023-12-27 11:08:44,524] A new study created in memory with name: no-name-dd513342-6128-448b-8df2-405d092e25fd
/home/le004/conda/anaconda3/envs/tsff_env/lib/python3.9/site-packages/lightning/fabric/plugins/environments/slurm.py:191: The `srun` command is available on your system but is not used. HINT: If your intention is to run Lightning on SLURM, prepend your python command with `srun` like so: srun python /home/le004/master_thesis/git/TSFusionForecast/code/ ...
[I 2023-12-27 11:09:20,527] Trial 0 finished with value: 0.1716165691614151 and parameters: {'gradient_clip_val': 0.4640979770961349, 'hidden_size': 44, 'dropout': 0.14933077442802756, 'hidden_continuous_size': 5, 'attention_head_size': 2, 'learning_rate': 0.04367121455074024}. Best is trial 0 with value: 0.1716165691614151.
[I 2023-12-27 11:09:25,262] Trial 1 finished with value: 2.109196662902832 and parameters: {'gradient_clip_val': 0.3463186930804994, 'hidden_size': 12, 'dropout': 0.17330025559938048, 'hidden_continuous_size': 7, 'attention_head_size': 3, 'learning_rate': 0.011232717637783418}. Best is trial 0 with value: 0.1716165691614151.
[I 2023-12-27 11:09:25,586] Trial 2 finished with value: 2.9225432872772217 and parameters: {'gradient_clip_val': 0.36975860315445486, 'hidden_size': 10, 'dropout': 0.4701229702671226, 'hidden_continuous_size': 10, 'attention_head_size': 2, 'learning_rate': 0.05496041305343307}. Best is trial 0 with value: 0.1716165691614151.
[I 2023-12-27 11:09:26,155] Trial 3 finished with value: 2.647942304611206 and parameters: {'gradient_clip_val': 0.8992086184111534, 'hidden_size': 19, 'dropout': 0.26593686494981594, 'hidden_continuous_size': 6, 'attention_head_size': 2, 'learning_rate': 0.0045628014707974635}. Best is trial 0 with value: 0.1716165691614151.
[I 2023-12-27 11:09:26,506] Trial 4 finished with value: 2.2868969440460205 and parameters: {'gradient_clip_val': 0.1553705092400024, 'hidden_size': 13, 'dropout': 0.2333152819282124, 'hidden_continuous_size': 5, 'attention_head_size': 3, 'learning_rate': 0.006470171390493325}. Best is trial 0 with value: 0.1716165691614151.
[I 2023-12-27 11:09:27,035] Trial 5 finished with value: 3.684126853942871 and parameters: {'gradient_clip_val': 0.43184300896283007, 'hidden_size': 120, 'dropout': 0.41528121573190024, 'hidden_continuous_size': 75, 'attention_head_size': 1, 'learning_rate': 0.04254290375217376}. Best is trial 0 with value: 0.1716165691614151.
[I 2023-12-27 11:09:27,401] Trial 6 finished with value: 2.510923147201538 and parameters: {'gradient_clip_val': 0.2313629906957437, 'hidden_size': 15, 'dropout': 0.374435779254523, 'hidden_continuous_size': 8, 'attention_head_size': 4, 'learning_rate': 0.0036821731470488782}. Best is trial 0 with value: 0.1716165691614151.
[I 2023-12-27 11:09:27,738] Trial 7 finished with value: 3.115509033203125 and parameters: {'gradient_clip_val': 0.21211855728949017, 'hidden_size': 8, 'dropout': 0.3780649772265574, 'hidden_continuous_size': 5, 'attention_head_size': 4, 'learning_rate': 0.0045352985465751255}. Best is trial 0 with value: 0.1716165691614151.
[I 2023-12-27 11:09:28,140] Trial 8 finished with value: 2.289792776107788 and parameters: {'gradient_clip_val': 0.187604792989702, 'hidden_size': 22, 'dropout': 0.28443137463029095, 'hidden_continuous_size': 12, 'attention_head_size': 4, 'learning_rate': 0.0371134914015383}. Best is trial 0 with value: 0.1716165691614151.
[I 2023-12-27 11:09:28,490] Trial 9 finished with value: 3.889456033706665 and parameters: {'gradient_clip_val': 0.36639106080199646, 'hidden_size': 19, 'dropout': 0.22731799373922798, 'hidden_continuous_size': 11, 'attention_head_size': 1, 'learning_rate': 0.03573393557252095}. Best is trial 0 with value: 0.1716165691614151.
[I 2023-12-27 11:09:28,909] Trial 10 finished with value: 2.9322807788848877 and parameters: {'gradient_clip_val': 0.10670464949312586, 'hidden_size': 46, 'dropout': 0.10812447561034785, 'hidden_continuous_size': 18, 'attention_head_size': 2, 'learning_rate': 0.0007127662628379765}. Best is trial 0 with value: 0.1716165691614151.
[I 2023-12-27 11:09:29,247] Trial 11 finished with value: 2.736272096633911 and parameters: {'gradient_clip_val': 0.4928737240669565, 'hidden_size': 5, 'dropout': 0.13195046379030984, 'hidden_continuous_size': 5, 'attention_head_size': 3, 'learning_rate': 0.01677850455185206}. Best is trial 0 with value: 0.1716165691614151.
[I 2023-12-27 11:09:29,637] Trial 12 finished with value: 3.8366596698760986 and parameters: {'gradient_clip_val': 0.6328118172419381, 'hidden_size': 38, 'dropout': 0.17134347617630508, 'hidden_continuous_size': 7, 'attention_head_size': 3, 'learning_rate': 0.015994875744079224}. Best is trial 0 with value: 0.1716165691614151.
[I 2023-12-27 11:09:30,023] Trial 13 finished with value: 2.9367809295654297 and parameters: {'gradient_clip_val': 0.308860465147014, 'hidden_size': 36, 'dropout': 0.17624310760082945, 'hidden_continuous_size': 7, 'attention_head_size': 2, 'learning_rate': 0.0782141171173745}. Best is trial 0 with value: 0.1716165691614151.
[I 2023-12-27 11:09:30,476] Trial 14 finished with value: 2.728830575942993 and parameters: {'gradient_clip_val': 0.6273270385679347, 'hidden_size': 77, 'dropout': 0.10553938843222455, 'hidden_continuous_size': 17, 'attention_head_size': 3, 'learning_rate': 0.08685079195781677}. Best is trial 0 with value: 0.1716165691614151.
[I 2023-12-27 11:09:30,877] Trial 15 finished with value: 3.2416083812713623 and parameters: {'gradient_clip_val': 0.28094249918345, 'hidden_size': 29, 'dropout': 0.18767641748296537, 'hidden_continuous_size': 6, 'attention_head_size': 1, 'learning_rate': 0.015569483901690181}. Best is trial 0 with value: 0.1716165691614151.
[I 2023-12-27 11:09:31,530] Trial 16 finished with value: 3.4034640789031982 and parameters: {'gradient_clip_val': 0.5302855930201051, 'hidden_size': 61, 'dropout': 0.14579440504338498, 'hidden_continuous_size': 9, 'attention_head_size': 2, 'learning_rate': 0.022838308697528446}. Best is trial 0 with value: 0.1716165691614151.
[I 2023-12-27 11:09:31,916] Trial 17 finished with value: 2.3812501430511475 and parameters: {'gradient_clip_val': 0.34207356784004156, 'hidden_size': 28, 'dropout': 0.2027379244806368, 'hidden_continuous_size': 6, 'attention_head_size': 3, 'learning_rate': 0.012278207398424354}. Best is trial 0 with value: 0.1716165691614151.
[I 2023-12-27 11:09:32,330] Trial 18 finished with value: 3.9855575561523438 and parameters: {'gradient_clip_val': 0.2716954623595723, 'hidden_size': 53, 'dropout': 0.15157638221891506, 'hidden_continuous_size': 8, 'attention_head_size': 2, 'learning_rate': 0.0095882072003718}. Best is trial 0 with value: 0.1716165691614151.
[I 2023-12-27 11:09:32,729] Trial 19 finished with value: 2.557603359222412 and parameters: {'gradient_clip_val': 0.4178810361184758, 'hidden_size': 28, 'dropout': 0.2456920167923043, 'hidden_continuous_size': 5, 'attention_head_size': 3, 'learning_rate': 0.0242463615252719}. Best is trial 0 with value: 0.1716165691614151.
[I 2023-12-27 11:09:33,181] Trial 20 finished with value: 3.437249183654785 and parameters: {'gradient_clip_val': 0.8972008278644144, 'hidden_size': 73, 'dropout': 0.30732492178823373, 'hidden_continuous_size': 12, 'attention_head_size': 4, 'learning_rate': 0.09595675184839134}. Best is trial 0 with value: 0.1716165691614151.
[I 2023-12-27 11:09:33,569] Trial 21 finished with value: 2.527269124984741 and parameters: {'gradient_clip_val': 0.15378405129910672, 'hidden_size': 13, 'dropout': 0.21676093334778335, 'hidden_continuous_size': 5, 'attention_head_size': 3, 'learning_rate': 0.007509975680348325}. Best is trial 0 with value: 0.1716165691614151.
[I 2023-12-27 11:09:33,940] Trial 22 finished with value: 3.432742118835449 and parameters: {'gradient_clip_val': 0.1467680921724323, 'hidden_size': 13, 'dropout': 0.19955726197018145, 'hidden_continuous_size': 5, 'attention_head_size': 3, 'learning_rate': 0.007110759535887619}. Best is trial 0 with value: 0.1716165691614151.
[I 2023-12-27 11:09:34,300] Trial 23 finished with value: 2.983819007873535 and parameters: {'gradient_clip_val': 0.26980661892482477, 'hidden_size': 8, 'dropout': 0.23542081352777877, 'hidden_continuous_size': 5, 'attention_head_size': 3, 'learning_rate': 0.0027372409288693366}. Best is trial 0 with value: 0.1716165691614151.
[I 2023-12-27 11:09:34,671] Trial 24 finished with value: 3.2500698566436768 and parameters: {'gradient_clip_val': 0.33138276931566507, 'hidden_size': 17, 'dropout': 0.13681141227575722, 'hidden_continuous_size': 6, 'attention_head_size': 2, 'learning_rate': 0.008962677967424709}. Best is trial 0 with value: 0.1716165691614151.
[I 2023-12-27 11:09:35,061] Trial 25 finished with value: 3.892512083053589 and parameters: {'gradient_clip_val': 0.2353774725450044, 'hidden_size': 23, 'dropout': 0.16629539888394151, 'hidden_continuous_size': 6, 'attention_head_size': 3, 'learning_rate': 0.024702212729600583}. Best is trial 0 with value: 0.1716165691614151.
[I 2023-12-27 11:09:35,441] Trial 26 finished with value: 2.93561053276062 and parameters: {'gradient_clip_val': 0.101431647544454, 'hidden_size': 11, 'dropout': 0.19696222529179422, 'hidden_continuous_size': 5, 'attention_head_size': 4, 'learning_rate': 0.05686247535374316}. Best is trial 0 with value: 0.1716165691614151.
[I 2023-12-27 11:09:35,811] Trial 27 finished with value: 3.264857530593872 and parameters: {'gradient_clip_val': 0.30516853724531356, 'hidden_size': 19, 'dropout': 0.2522176697124588, 'hidden_continuous_size': 7, 'attention_head_size': 2, 'learning_rate': 0.011560200632573374}. Best is trial 0 with value: 0.1716165691614151.
[I 2023-12-27 11:09:36,199] Trial 28 finished with value: 3.1817941665649414 and parameters: {'gradient_clip_val': 0.41279922346811265, 'hidden_size': 34, 'dropout': 0.21928721631180065, 'hidden_continuous_size': 7, 'attention_head_size': 3, 'learning_rate': 0.0020147227445959396}. Best is trial 0 with value: 0.1716165691614151.
[I 2023-12-27 11:09:36,793] Trial 29 finished with value: 2.2673280239105225 and parameters: {'gradient_clip_val': 0.36780026309346775, 'hidden_size': 10, 'dropout': 0.16849300869573264, 'hidden_continuous_size': 5, 'attention_head_size': 1, 'learning_rate': 0.0058134803623892785}. Best is trial 0 with value: 0.1716165691614151.
[I 2023-12-27 11:09:37,159] Trial 30 finished with value: 2.658345937728882 and parameters: {'gradient_clip_val': 0.3755852679495134, 'hidden_size': 8, 'dropout': 0.159753068033312, 'hidden_continuous_size': 5, 'attention_head_size': 1, 'learning_rate': 0.0674057077046636}. Best is trial 0 with value: 0.1716165691614151.
[I 2023-12-27 11:09:37,530] Trial 31 finished with value: 2.590999126434326 and parameters: {'gradient_clip_val': 0.3519596771833928, 'hidden_size': 10, 'dropout': 0.18115420735802895, 'hidden_continuous_size': 5, 'attention_head_size': 1, 'learning_rate': 0.005677966506301118}. Best is trial 0 with value: 0.1716165691614151.
[I 2023-12-27 11:09:37,909] Trial 32 finished with value: 3.593559980392456 and parameters: {'gradient_clip_val': 0.5141821009934554, 'hidden_size': 14, 'dropout': 0.12185407050174402, 'hidden_continuous_size': 6, 'attention_head_size': 1, 'learning_rate': 0.006309171418164069}. Best is trial 0 with value: 0.1716165691614151.
[I 2023-12-27 11:09:38,275] Trial 33 finished with value: 3.2735683917999268 and parameters: {'gradient_clip_val': 0.45942902675766406, 'hidden_size': 11, 'dropout': 0.13400769214468067, 'hidden_continuous_size': 6, 'attention_head_size': 2, 'learning_rate': 0.011317205465532627}. Best is trial 0 with value: 0.1716165691614151.
[I 2023-12-27 11:09:38,638] Trial 34 finished with value: 3.189785957336426 and parameters: {'gradient_clip_val': 0.3892022750597234, 'hidden_size': 16, 'dropout': 0.15744027014380185, 'hidden_continuous_size': 6, 'attention_head_size': 1, 'learning_rate': 0.04740658086448287}. Best is trial 0 with value: 0.1716165691614151.
[I 2023-12-27 11:09:39,001] Trial 35 finished with value: 2.7821226119995117 and parameters: {'gradient_clip_val': 0.4310738753421094, 'hidden_size': 6, 'dropout': 0.49927336225424845, 'hidden_continuous_size': 5, 'attention_head_size': 2, 'learning_rate': 0.004742641198969814}. Best is trial 0 with value: 0.1716165691614151.
[I 2023-12-27 11:09:39,399] Trial 36 finished with value: 2.287869453430176 and parameters: {'gradient_clip_val': 0.31187037346726576, 'hidden_size': 23, 'dropout': 0.2709807141380587, 'hidden_continuous_size': 7, 'attention_head_size': 4, 'learning_rate': 0.0033912986984285685}. Best is trial 0 with value: 0.1716165691614151.
[I 2023-12-27 11:09:39,770] Trial 37 finished with value: 3.255046844482422 and parameters: {'gradient_clip_val': 0.25067575243384066, 'hidden_size': 9, 'dropout': 0.21309990075020946, 'hidden_continuous_size': 5, 'attention_head_size': 2, 'learning_rate': 0.005540958055927656}. Best is trial 0 with value: 0.1716165691614151.
[I 2023-12-27 11:09:40,151] Trial 38 finished with value: 2.869687795639038 and parameters: {'gradient_clip_val': 0.2032584621125161, 'hidden_size': 15, 'dropout': 0.1860412931513108, 'hidden_continuous_size': 6, 'attention_head_size': 1, 'learning_rate': 0.029457779926033482}. Best is trial 0 with value: 0.1716165691614151.
[I 2023-12-27 11:09:40,520] Trial 39 finished with value: 3.466465711593628 and parameters: {'gradient_clip_val': 0.368452091307085, 'hidden_size': 7, 'dropout': 0.11232483850512957, 'hidden_continuous_size': 5, 'attention_head_size': 3, 'learning_rate': 0.04213890513998342}. Best is trial 0 with value: 0.1716165691614151.
[I 2023-12-27 11:09:40,901] Trial 40 finished with value: 3.0321028232574463 and parameters: {'gradient_clip_val': 0.21117271160714324, 'hidden_size': 6, 'dropout': 0.1436041218464058, 'hidden_continuous_size': 5, 'attention_head_size': 4, 'learning_rate': 0.01932093176199798}. Best is trial 0 with value: 0.1716165691614151.
[I 2023-12-27 11:09:41,277] Trial 41 finished with value: 3.23409104347229 and parameters: {'gradient_clip_val': 0.3085510730869416, 'hidden_size': 22, 'dropout': 0.2696072243429613, 'hidden_continuous_size': 8, 'attention_head_size': 4, 'learning_rate': 0.0036103686048571354}. Best is trial 0 with value: 0.1716165691614151.
[I 2023-12-27 11:09:41,865] Trial 42 finished with value: 3.613452196121216 and parameters: {'gradient_clip_val': 0.3216014855716533, 'hidden_size': 12, 'dropout': 0.22953766731587164, 'hidden_continuous_size': 7, 'attention_head_size': 4, 'learning_rate': 0.007749756145242113}. Best is trial 0 with value: 0.1716165691614151.
[I 2023-12-27 11:09:42,244] Trial 43 finished with value: 3.8377554416656494 and parameters: {'gradient_clip_val': 0.23636851599836678, 'hidden_size': 18, 'dropout': 0.2926889014741006, 'hidden_continuous_size': 9, 'attention_head_size': 4, 'learning_rate': 0.0037747855321453804}. Best is trial 0 with value: 0.1716165691614151.
[I 2023-12-27 11:09:42,623] Trial 44 finished with value: 2.2932469844818115 and parameters: {'gradient_clip_val': 0.2875880593309275, 'hidden_size': 10, 'dropout': 0.2645419115782765, 'hidden_continuous_size': 7, 'attention_head_size': 3, 'learning_rate': 0.0323551704903636}. Best is trial 0 with value: 0.1716165691614151.
[I 2023-12-27 11:09:43,004] Trial 45 finished with value: 1.8568090200424194 and parameters: {'gradient_clip_val': 0.38942743565874316, 'hidden_size': 13, 'dropout': 0.3123965924563867, 'hidden_continuous_size': 6, 'attention_head_size': 4, 'learning_rate': 0.0020296017742677196}. Best is trial 0 with value: 0.1716165691614151.
