[I 2023-12-27 11:12:18,571] Trial 10 finished with value: 4669.31884765625 and parameters: {'gradient_clip_val': 0.4022071437014745, 'hidden_size': 51, 'dropout': 0.13698806604425398, 'hidden_continuous_size': 21, 'attention_head_size': 4, 'learning_rate': 0.09802539071971207}. Best is trial 0 with value: 1628.4310302734375.
[I 2023-12-27 11:12:19,156] Trial 11 finished with value: 4406.65869140625 and parameters: {'gradient_clip_val': 0.5118091994157767, 'hidden_size': 148, 'dropout': 0.49857645072300794, 'hidden_continuous_size': 45, 'attention_head_size': 4, 'learning_rate': 0.03246924666950669}. Best is trial 0 with value: 1628.4310302734375.
[I 2023-12-27 11:12:19,797] Trial 12 finished with value: 4731.97607421875 and parameters: {'gradient_clip_val': 0.5826113821972376, 'hidden_size': 137, 'dropout': 0.322376473385838, 'hidden_continuous_size': 133, 'attention_head_size': 3, 'learning_rate': 0.035488481650137176}. Best is trial 0 with value: 1628.4310302734375.
[I 2023-12-27 11:12:20,201] Trial 13 finished with value: 4263.85791015625 and parameters: {'gradient_clip_val': 0.3729903267653103, 'hidden_size': 40, 'dropout': 0.3788939769702018, 'hidden_continuous_size': 19, 'attention_head_size': 4, 'learning_rate': 0.03042757165426122}. Best is trial 0 with value: 1628.4310302734375.
[I 2023-12-27 11:12:20,900] Trial 14 finished with value: 4550.73681640625 and parameters: {'gradient_clip_val': 0.10217964606334742, 'hidden_size': 99, 'dropout': 0.11491115553807038, 'hidden_continuous_size': 31, 'attention_head_size': 2, 'learning_rate': 0.019419138401033802}. Best is trial 0 with value: 1628.4310302734375.
[I 2023-12-27 11:12:21,300] Trial 15 finished with value: 4348.0107421875 and parameters: {'gradient_clip_val': 0.5177665305107031, 'hidden_size': 39, 'dropout': 0.38259130066536323, 'hidden_continuous_size': 16, 'attention_head_size': 3, 'learning_rate': 0.07028307737707627}. Best is trial 0 with value: 1628.4310302734375.
[I 2023-12-27 11:12:21,779] Trial 16 finished with value: 4947.13525390625 and parameters: {'gradient_clip_val': 0.677046475027237, 'hidden_size': 87, 'dropout': 0.2619798902184035, 'hidden_continuous_size': 30, 'attention_head_size': 4, 'learning_rate': 0.05875274794010309}. Best is trial 0 with value: 1628.4310302734375.
[I 2023-12-27 11:12:22,339] Trial 17 finished with value: 4872.66162109375 and parameters: {'gradient_clip_val': 0.41764617368547896, 'hidden_size': 132, 'dropout': 0.32148872068914025, 'hidden_continuous_size': 44, 'attention_head_size': 4, 'learning_rate': 0.04096416448668412}. Best is trial 0 with value: 1628.4310302734375.
[I 2023-12-27 11:12:22,779] Trial 18 finished with value: 3929.111328125 and parameters: {'gradient_clip_val': 0.7071896443326865, 'hidden_size': 63, 'dropout': 0.46207846624620885, 'hidden_continuous_size': 15, 'attention_head_size': 2, 'learning_rate': 0.0171978490700628}. Best is trial 0 with value: 1628.4310302734375.
[I 2023-12-27 11:12:23,206] Trial 19 finished with value: 4589.47802734375 and parameters: {'gradient_clip_val': 0.2996410282616947, 'hidden_size': 64, 'dropout': 0.4971020252095478, 'hidden_continuous_size': 14, 'attention_head_size': 2, 'learning_rate': 0.013031618541897862}. Best is trial 0 with value: 1628.4310302734375.
[I 2023-12-27 11:12:23,644] Trial 20 finished with value: 4024.312744140625 and parameters: {'gradient_clip_val': 0.9848155362265156, 'hidden_size': 71, 'dropout': 0.45971309937915417, 'hidden_continuous_size': 11, 'attention_head_size': 2, 'learning_rate': 0.02147286128896398}. Best is trial 0 with value: 1628.4310302734375.
[I 2023-12-27 11:12:24,091] Trial 21 finished with value: 4021.153564453125 and parameters: {'gradient_clip_val': 0.7284698103558367, 'hidden_size': 69, 'dropout': 0.46229462010274247, 'hidden_continuous_size': 11, 'attention_head_size': 2, 'learning_rate': 0.018495629693936682}. Best is trial 0 with value: 1628.4310302734375.
[I 2023-12-27 11:12:24,499] Trial 22 finished with value: 4235.611328125 and parameters: {'gradient_clip_val': 0.6918307051466555, 'hidden_size': 43, 'dropout': 0.4660845451214994, 'hidden_continuous_size': 8, 'attention_head_size': 2, 'learning_rate': 0.013738549582162928}. Best is trial 0 with value: 1628.4310302734375.
[I 2023-12-27 11:12:24,994] Trial 23 finished with value: 4150.69775390625 and parameters: {'gradient_clip_val': 0.5436434923782477, 'hidden_size': 101, 'dropout': 0.35097982337833483, 'hidden_continuous_size': 17, 'attention_head_size': 2, 'learning_rate': 0.020577732950267495}. Best is trial 0 with value: 1628.4310302734375.
[I 2023-12-27 11:12:25,431] Trial 24 finished with value: 5189.66943359375 and parameters: {'gradient_clip_val': 0.7453442122683547, 'hidden_size': 56, 'dropout': 0.45086845140454157, 'hidden_continuous_size': 14, 'attention_head_size': 3, 'learning_rate': 0.053188420742569804}. Best is trial 0 with value: 1628.4310302734375.
[I 2023-12-27 11:12:25,879] Trial 25 finished with value: 4963.853515625 and parameters: {'gradient_clip_val': 0.45989987466822607, 'hidden_size': 77, 'dropout': 0.4281607024627664, 'hidden_continuous_size': 8, 'attention_head_size': 2, 'learning_rate': 0.04817223834677424}. Best is trial 0 with value: 1628.4310302734375.
[I 2023-12-27 11:12:26,386] Trial 26 finished with value: 3886.015869140625 and parameters: {'gradient_clip_val': 0.593125692081238, 'hidden_size': 116, 'dropout': 0.3629161864144307, 'hidden_continuous_size': 19, 'attention_head_size': 3, 'learning_rate': 0.007011644318115466}. Best is trial 0 with value: 1628.4310302734375.
[I 2023-12-27 11:12:26,912] Trial 27 finished with value: 4321.83251953125 and parameters: {'gradient_clip_val': 0.5900831044546165, 'hidden_size': 118, 'dropout': 0.36088211490284006, 'hidden_continuous_size': 20, 'attention_head_size': 3, 'learning_rate': 0.007882753807110395}. Best is trial 0 with value: 1628.4310302734375.
[I 2023-12-27 11:12:27,734] Trial 28 finished with value: 5362.41943359375 and parameters: {'gradient_clip_val': 0.48806798145701286, 'hidden_size': 146, 'dropout': 0.294662562797376, 'hidden_continuous_size': 24, 'attention_head_size': 3, 'learning_rate': 0.005345227326662996}. Best is trial 0 with value: 1628.4310302734375.
[I 2023-12-27 11:12:28,238] Trial 29 finished with value: 4716.21923828125 and parameters: {'gradient_clip_val': 0.5935427951574751, 'hidden_size': 107, 'dropout': 0.34862785681361297, 'hidden_continuous_size': 17, 'attention_head_size': 3, 'learning_rate': 0.009906973091586349}. Best is trial 0 with value: 1628.4310302734375.
[I 2023-12-27 11:12:28,705] Trial 30 finished with value: 4015.889892578125 and parameters: {'gradient_clip_val': 0.9921534990369687, 'hidden_size': 87, 'dropout': 0.280332101709161, 'hidden_continuous_size': 13, 'attention_head_size': 1, 'learning_rate': 0.011600285208669734}. Best is trial 0 with value: 1628.4310302734375.
[I 2023-12-27 11:12:29,173] Trial 31 finished with value: 4449.984375 and parameters: {'gradient_clip_val': 0.9554651143562796, 'hidden_size': 92, 'dropout': 0.2790536771713562, 'hidden_continuous_size': 13, 'attention_head_size': 1, 'learning_rate': 0.01161933307261084}. Best is trial 0 with value: 1628.4310302734375.
[I 2023-12-27 11:12:29,650] Trial 32 finished with value: 4785.41455078125 and parameters: {'gradient_clip_val': 0.7918896028056157, 'hidden_size': 112, 'dropout': 0.27467033137477276, 'hidden_continuous_size': 17, 'attention_head_size': 1, 'learning_rate': 0.012704102585843735}. Best is trial 0 with value: 1628.4310302734375.
[I 2023-12-27 11:12:30,111] Trial 33 finished with value: 4940.87109375 and parameters: {'gradient_clip_val': 0.8242814647847665, 'hidden_size': 90, 'dropout': 0.3060520286100037, 'hidden_continuous_size': 9, 'attention_head_size': 1, 'learning_rate': 0.015299414015682982}. Best is trial 0 with value: 1628.4310302734375.
[I 2023-12-27 11:12:30,683] Trial 34 finished with value: 4464.8701171875 and parameters: {'gradient_clip_val': 0.6411655779290946, 'hidden_size': 149, 'dropout': 0.29779832905829057, 'hidden_continuous_size': 23, 'attention_head_size': 1, 'learning_rate': 0.0257841027589303}. Best is trial 0 with value: 1628.4310302734375.
[I 2023-12-27 11:12:31,170] Trial 35 finished with value: 4148.23193359375 and parameters: {'gradient_clip_val': 0.9981342135416181, 'hidden_size': 85, 'dropout': 0.2586968988461629, 'hidden_continuous_size': 20, 'attention_head_size': 4, 'learning_rate': 0.006879975671624113}. Best is trial 0 with value: 1628.4310302734375.
[I 2023-12-27 11:12:31,677] Trial 36 finished with value: 5381.322265625 and parameters: {'gradient_clip_val': 0.8035388903821341, 'hidden_size': 116, 'dropout': 0.23986362998177113, 'hidden_continuous_size': 10, 'attention_head_size': 1, 'learning_rate': 0.009673397552741922}. Best is trial 0 with value: 1628.4310302734375.
[I 2023-12-27 11:12:32,140] Trial 37 finished with value: 4453.09375 and parameters: {'gradient_clip_val': 0.8885013764314486, 'hidden_size': 77, 'dropout': 0.19181548753666333, 'hidden_continuous_size': 15, 'attention_head_size': 3, 'learning_rate': 0.017136464665993403}. Best is trial 0 with value: 1628.4310302734375.
[I 2023-12-27 11:12:32,544] Trial 38 finished with value: 4658.126953125 and parameters: {'gradient_clip_val': 0.8923007912813175, 'hidden_size': 55, 'dropout': 0.41743186422172146, 'hidden_continuous_size': 12, 'attention_head_size': 2, 'learning_rate': 0.02453495083924498}. Best is trial 0 with value: 1628.4310302734375.
[I 2023-12-27 11:12:32,927] Trial 39 finished with value: 4410.23583984375 and parameters: {'gradient_clip_val': 0.6439347157019144, 'hidden_size': 30, 'dropout': 0.23794563532704704, 'hidden_continuous_size': 15, 'attention_head_size': 1, 'learning_rate': 0.005317409673797513}. Best is trial 0 with value: 1628.4310302734375.
[I 2023-12-27 11:12:33,458] Trial 40 finished with value: 4369.998046875 and parameters: {'gradient_clip_val': 0.7474654776532786, 'hidden_size': 126, 'dropout': 0.3875608792984311, 'hidden_continuous_size': 25, 'attention_head_size': 3, 'learning_rate': 0.003609281210169646}. Best is trial 0 with value: 1628.4310302734375.
[I 2023-12-27 11:12:33,883] Trial 41 finished with value: 4340.3017578125 and parameters: {'gradient_clip_val': 0.7380507152216156, 'hidden_size': 72, 'dropout': 0.44060559475673033, 'hidden_continuous_size': 12, 'attention_head_size': 2, 'learning_rate': 0.01869479195629838}. Best is trial 0 with value: 1628.4310302734375.
[I 2023-12-27 11:12:34,567] Trial 42 finished with value: 4011.87109375 and parameters: {'gradient_clip_val': 0.6476507834666821, 'hidden_size': 63, 'dropout': 0.40154748514760297, 'hidden_continuous_size': 11, 'attention_head_size': 2, 'learning_rate': 0.010233045836562335}. Best is trial 0 with value: 1628.4310302734375.
[I 2023-12-27 11:12:35,038] Trial 43 finished with value: 4914.30126953125 and parameters: {'gradient_clip_val': 0.6183082349808564, 'hidden_size': 96, 'dropout': 0.3959315318062202, 'hidden_continuous_size': 18, 'attention_head_size': 2, 'learning_rate': 0.009246875973243472}. Best is trial 0 with value: 1628.4310302734375.
[I 2023-12-27 11:12:35,471] Trial 44 finished with value: 4011.305419921875 and parameters: {'gradient_clip_val': 0.5549825769626024, 'hidden_size': 61, 'dropout': 0.40786874729770817, 'hidden_continuous_size': 15, 'attention_head_size': 2, 'learning_rate': 0.014038040628628031}. Best is trial 0 with value: 1628.4310302734375.
[I 2023-12-27 11:12:35,891] Trial 45 finished with value: 4817.48681640625 and parameters: {'gradient_clip_val': 0.5313171227938204, 'hidden_size': 60, 'dropout': 0.4097240964933445, 'hidden_continuous_size': 15, 'attention_head_size': 2, 'learning_rate': 0.01422888801168766}. Best is trial 0 with value: 1628.4310302734375.
[I 2023-12-27 11:12:36,296] Trial 46 finished with value: 4263.90625 and parameters: {'gradient_clip_val': 0.4568437116241964, 'hidden_size': 44, 'dropout': 0.42945186504082794, 'hidden_continuous_size': 18, 'attention_head_size': 2, 'learning_rate': 0.027133893615580124}. Best is trial 0 with value: 1628.4310302734375.
[I 2023-12-27 11:12:36,734] Trial 47 finished with value: 4306.896484375 and parameters: {'gradient_clip_val': 0.5597151678052092, 'hidden_size': 62, 'dropout': 0.37184074324756194, 'hidden_continuous_size': 20, 'attention_head_size': 2, 'learning_rate': 0.007652530374939853}. Best is trial 0 with value: 1628.4310302734375.
[I 2023-12-27 11:12:37,153] Trial 48 finished with value: 5066.171875 and parameters: {'gradient_clip_val': 0.6359856030618039, 'hidden_size': 46, 'dropout': 0.39187414449302266, 'hidden_continuous_size': 16, 'attention_head_size': 4, 'learning_rate': 0.03701205050496437}. Best is trial 0 with value: 1628.4310302734375.
[I 2023-12-27 11:12:37,589] Trial 49 finished with value: 4691.15283203125 and parameters: {'gradient_clip_val': 0.3508925124721211, 'hidden_size': 51, 'dropout': 0.3392711116909772, 'hidden_continuous_size': 21, 'attention_head_size': 3, 'learning_rate': 0.015896648577570442}. Best is trial 0 with value: 1628.4310302734375.
[I 2023-12-27 11:12:37,702] A new study created in memory with name: no-name-1a7a461c-fc22-431c-ab08-44d42af1bf2d
/home/le004/conda/anaconda3/envs/tsff_env/lib/python3.9/site-packages/lightning/fabric/plugins/environments/slurm.py:191: The `srun` command is available on your system but is not used. HINT: If your intention is to run Lightning on SLURM, prepend your python command with `srun` like so: srun python /home/le004/master_thesis/git/TSFusionForecast/code/ ...
[I 2023-12-27 11:13:01,681] Trial 0 finished with value: 0.23646067082881927 and parameters: {'gradient_clip_val': 0.8846421032500639, 'hidden_size': 32, 'dropout': 0.4854419881338169, 'hidden_continuous_size': 13, 'attention_head_size': 3, 'learning_rate': 0.035658251620195335}. Best is trial 0 with value: 0.23646067082881927.
[I 2023-12-27 11:13:02,044] Trial 1 finished with value: 4.118129253387451 and parameters: {'gradient_clip_val': 0.24606732276704363, 'hidden_size': 27, 'dropout': 0.10426508253652132, 'hidden_continuous_size': 19, 'attention_head_size': 1, 'learning_rate': 0.08714418993565845}. Best is trial 0 with value: 0.23646067082881927.
[I 2023-12-27 11:13:02,419] Trial 2 finished with value: 4.103840351104736 and parameters: {'gradient_clip_val': 0.23671839535855438, 'hidden_size': 31, 'dropout': 0.19870363540970792, 'hidden_continuous_size': 20, 'attention_head_size': 3, 'learning_rate': 0.0014623442454929825}. Best is trial 0 with value: 0.23646067082881927.
[I 2023-12-27 11:13:02,770] Trial 3 finished with value: 3.246061325073242 and parameters: {'gradient_clip_val': 0.24357067697982104, 'hidden_size': 12, 'dropout': 0.4545194970565648, 'hidden_continuous_size': 5, 'attention_head_size': 4, 'learning_rate': 0.01684760157004585}. Best is trial 0 with value: 0.23646067082881927.
[I 2023-12-27 11:13:03,323] Trial 4 finished with value: 4.246153354644775 and parameters: {'gradient_clip_val': 0.3176837133156591, 'hidden_size': 7, 'dropout': 0.2203149581522169, 'hidden_continuous_size': 5, 'attention_head_size': 2, 'learning_rate': 0.001610910796950629}. Best is trial 0 with value: 0.23646067082881927.
[I 2023-12-27 11:13:03,675] Trial 5 finished with value: 3.632556915283203 and parameters: {'gradient_clip_val': 0.16915310423625798, 'hidden_size': 7, 'dropout': 0.14436174709487615, 'hidden_continuous_size': 6, 'attention_head_size': 4, 'learning_rate': 0.003828055229678023}. Best is trial 0 with value: 0.23646067082881927.
[I 2023-12-27 11:13:04,011] Trial 6 finished with value: 3.277390241622925 and parameters: {'gradient_clip_val': 0.1357987482034396, 'hidden_size': 18, 'dropout': 0.1809017462590756, 'hidden_continuous_size': 6, 'attention_head_size': 1, 'learning_rate': 0.0025140527689735803}. Best is trial 0 with value: 0.23646067082881927.
[I 2023-12-27 11:13:04,489] Trial 7 finished with value: 4.271483421325684 and parameters: {'gradient_clip_val': 0.298272301735119, 'hidden_size': 108, 'dropout': 0.3485078847101302, 'hidden_continuous_size': 18, 'attention_head_size': 1, 'learning_rate': 0.0010320870222332269}. Best is trial 0 with value: 0.23646067082881927.
[I 2023-12-27 11:13:04,840] Trial 8 finished with value: 3.170318603515625 and parameters: {'gradient_clip_val': 0.7159933400347873, 'hidden_size': 20, 'dropout': 0.23410803079094022, 'hidden_continuous_size': 5, 'attention_head_size': 3, 'learning_rate': 0.02067940541420579}. Best is trial 0 with value: 0.23646067082881927.
[I 2023-12-27 11:13:05,248] Trial 9 finished with value: 3.7822675704956055 and parameters: {'gradient_clip_val': 0.9674316471678172, 'hidden_size': 43, 'dropout': 0.2701299966213827, 'hidden_continuous_size': 10, 'attention_head_size': 1, 'learning_rate': 0.004308040462849833}. Best is trial 0 with value: 0.23646067082881927.
[I 2023-12-27 11:13:05,693] Trial 10 finished with value: 3.2594234943389893 and parameters: {'gradient_clip_val': 0.5090130200334416, 'hidden_size': 61, 'dropout': 0.47033882441731734, 'hidden_continuous_size': 39, 'attention_head_size': 2, 'learning_rate': 0.0005012738520250208}. Best is trial 0 with value: 0.23646067082881927.
[I 2023-12-27 11:13:06,065] Trial 11 finished with value: 3.4441821575164795 and parameters: {'gradient_clip_val': 0.985455383784016, 'hidden_size': 18, 'dropout': 0.35999144584499976, 'hidden_continuous_size': 8, 'attention_head_size': 3, 'learning_rate': 0.017301174343032476}. Best is trial 0 with value: 0.23646067082881927.
[I 2023-12-27 11:13:06,491] Trial 12 finished with value: 3.25823712348938 and parameters: {'gradient_clip_val': 0.6660867669632182, 'hidden_size': 57, 'dropout': 0.27746627517939754, 'hidden_continuous_size': 10, 'attention_head_size': 3, 'learning_rate': 0.03830874478921238}. Best is trial 0 with value: 0.23646067082881927.
[I 2023-12-27 11:13:06,865] Trial 13 finished with value: 3.914721727371216 and parameters: {'gradient_clip_val': 0.6386480158545415, 'hidden_size': 15, 'dropout': 0.39259589000317135, 'hidden_continuous_size': 5, 'attention_head_size': 3, 'learning_rate': 0.011072495537595588}. Best is trial 0 with value: 0.23646067082881927.
[I 2023-12-27 11:13:07,262] Trial 14 finished with value: 4.694678783416748 and parameters: {'gradient_clip_val': 0.4846906465278654, 'hidden_size': 33, 'dropout': 0.4206519026792156, 'hidden_continuous_size': 13, 'attention_head_size': 4, 'learning_rate': 0.03031879990259976}. Best is trial 0 with value: 0.23646067082881927.
[I 2023-12-27 11:13:07,632] Trial 15 finished with value: 3.890632390975952 and parameters: {'gradient_clip_val': 0.7865250715861982, 'hidden_size': 10, 'dropout': 0.31943094892112983, 'hidden_continuous_size': 6, 'attention_head_size': 2, 'learning_rate': 0.006787037069434648}. Best is trial 0 with value: 0.23646067082881927.
[I 2023-12-27 11:13:08,006] Trial 16 finished with value: 3.914289712905884 and parameters: {'gradient_clip_val': 0.46999844003883917, 'hidden_size': 22, 'dropout': 0.499300052911317, 'hidden_continuous_size': 8, 'attention_head_size': 3, 'learning_rate': 0.08909391129824039}. Best is trial 0 with value: 0.23646067082881927.
[I 2023-12-27 11:13:08,594] Trial 17 finished with value: 3.4807422161102295 and parameters: {'gradient_clip_val': 0.771110172198631, 'hidden_size': 24, 'dropout': 0.24722383550477783, 'hidden_continuous_size': 8, 'attention_head_size': 2, 'learning_rate': 0.04261218968239216}. Best is trial 0 with value: 0.23646067082881927.
[I 2023-12-27 11:13:08,970] Trial 18 finished with value: 2.481755495071411 and parameters: {'gradient_clip_val': 0.57672856082302, 'hidden_size': 12, 'dropout': 0.308085680372187, 'hidden_continuous_size': 6, 'attention_head_size': 4, 'learning_rate': 0.01077231684337016}. Best is trial 0 with value: 0.23646067082881927.
[I 2023-12-27 11:13:09,352] Trial 19 finished with value: 4.167032241821289 and parameters: {'gradient_clip_val': 0.5515833473799152, 'hidden_size': 10, 'dropout': 0.4056483281788875, 'hidden_continuous_size': 6, 'attention_head_size': 4, 'learning_rate': 0.009264784641008827}. Best is trial 0 with value: 0.23646067082881927.
[I 2023-12-27 11:13:09,687] Trial 20 finished with value: 2.914137601852417 and parameters: {'gradient_clip_val': 0.4063431422706894, 'hidden_size': 5, 'dropout': 0.3087423865396668, 'hidden_continuous_size': 5, 'attention_head_size': 4, 'learning_rate': 0.007753337537612081}. Best is trial 0 with value: 0.23646067082881927.
[I 2023-12-27 11:13:10,029] Trial 21 finished with value: 3.149019241333008 and parameters: {'gradient_clip_val': 0.43208576597794845, 'hidden_size': 5, 'dropout': 0.3173574967092449, 'hidden_continuous_size': 5, 'attention_head_size': 4, 'learning_rate': 0.009874460712393913}. Best is trial 0 with value: 0.23646067082881927.
[I 2023-12-27 11:13:10,367] Trial 22 finished with value: 4.259490966796875 and parameters: {'gradient_clip_val': 0.39015018056742834, 'hidden_size': 5, 'dropout': 0.3635143921576967, 'hidden_continuous_size': 5, 'attention_head_size': 4, 'learning_rate': 0.006414088197742289}. Best is trial 0 with value: 0.23646067082881927.
[I 2023-12-27 11:13:10,753] Trial 23 finished with value: 3.599686861038208 and parameters: {'gradient_clip_val': 0.5801899018402817, 'hidden_size': 13, 'dropout': 0.2872790834499134, 'hidden_continuous_size': 7, 'attention_head_size': 4, 'learning_rate': 0.013042802985960817}. Best is trial 0 with value: 0.23646067082881927.
[I 2023-12-27 11:13:11,125] Trial 24 finished with value: 3.528424024581909 and parameters: {'gradient_clip_val': 0.8627523863832096, 'hidden_size': 6, 'dropout': 0.3150185884672822, 'hidden_continuous_size': 5, 'attention_head_size': 4, 'learning_rate': 0.024674640514800932}. Best is trial 0 with value: 0.23646067082881927.
