[I 2023-12-27 11:33:33,787] Trial 42 finished with value: 4.19671106338501 and parameters: {'gradient_clip_val': 0.5516122221497511, 'hidden_size': 126, 'dropout': 0.19158533106489062, 'hidden_continuous_size': 23, 'attention_head_size': 2, 'learning_rate': 0.03139108762644855}. Best is trial 0 with value: 0.08614306896924973.
[I 2023-12-27 11:33:34,349] Trial 43 finished with value: 6.483375549316406 and parameters: {'gradient_clip_val': 0.5375084506907747, 'hidden_size': 148, 'dropout': 0.2265073096030033, 'hidden_continuous_size': 35, 'attention_head_size': 2, 'learning_rate': 0.015693793974096388}. Best is trial 0 with value: 0.08614306896924973.
[I 2023-12-27 11:33:34,807] Trial 44 finished with value: 6.122307300567627 and parameters: {'gradient_clip_val': 0.3732694121772406, 'hidden_size': 91, 'dropout': 0.19562314352238108, 'hidden_continuous_size': 21, 'attention_head_size': 2, 'learning_rate': 0.018707532169773854}. Best is trial 0 with value: 0.08614306896924973.
[I 2023-12-27 11:33:35,252] Trial 45 finished with value: 6.327646255493164 and parameters: {'gradient_clip_val': 0.491407144801152, 'hidden_size': 96, 'dropout': 0.23994771615506746, 'hidden_continuous_size': 24, 'attention_head_size': 2, 'learning_rate': 0.031270215948908615}. Best is trial 0 with value: 0.08614306896924973.
[I 2023-12-27 11:33:35,771] Trial 46 finished with value: 6.507343769073486 and parameters: {'gradient_clip_val': 0.4377403546937106, 'hidden_size': 125, 'dropout': 0.11714138658113604, 'hidden_continuous_size': 41, 'attention_head_size': 2, 'learning_rate': 0.02711270779402105}. Best is trial 0 with value: 0.08614306896924973.
[I 2023-12-27 11:33:36,212] Trial 47 finished with value: 5.906429767608643 and parameters: {'gradient_clip_val': 0.5559232792711858, 'hidden_size': 83, 'dropout': 0.1711782688653934, 'hidden_continuous_size': 17, 'attention_head_size': 1, 'learning_rate': 0.055108661597923866}. Best is trial 0 with value: 0.08614306896924973.
[I 2023-12-27 11:33:36,720] Trial 48 finished with value: 8.227566719055176 and parameters: {'gradient_clip_val': 0.9289982343451751, 'hidden_size': 132, 'dropout': 0.1962119525664674, 'hidden_continuous_size': 14, 'attention_head_size': 2, 'learning_rate': 0.022153594906128154}. Best is trial 0 with value: 0.08614306896924973.
[I 2023-12-27 11:33:37,190] Trial 49 finished with value: 7.578254222869873 and parameters: {'gradient_clip_val': 0.6779238948545478, 'hidden_size': 103, 'dropout': 0.25464808974305697, 'hidden_continuous_size': 24, 'attention_head_size': 2, 'learning_rate': 0.08471238746740893}. Best is trial 0 with value: 0.08614306896924973.
[I 2023-12-27 11:33:37,295] A new study created in memory with name: no-name-0de05fb7-547d-449b-b37e-374c822823fe
/home/le004/conda/anaconda3/envs/tsff_env/lib/python3.9/site-packages/lightning/fabric/plugins/environments/slurm.py:191: The `srun` command is available on your system but is not used. HINT: If your intention is to run Lightning on SLURM, prepend your python command with `srun` like so: srun python /home/le004/master_thesis/git/TSFusionForecast/code/ ...
[I 2023-12-27 11:34:07,136] Trial 0 finished with value: 1.5672425031661987 and parameters: {'gradient_clip_val': 0.40447230709884724, 'hidden_size': 7, 'dropout': 0.4173373346938004, 'hidden_continuous_size': 5, 'attention_head_size': 3, 'learning_rate': 0.0007772541994721166}. Best is trial 0 with value: 1.5672425031661987.
[I 2023-12-27 11:34:41,353] Trial 1 finished with value: 0.04425059258937836 and parameters: {'gradient_clip_val': 0.16950004897455853, 'hidden_size': 33, 'dropout': 0.19560530385763136, 'hidden_continuous_size': 25, 'attention_head_size': 4, 'learning_rate': 0.008596671349134822}. Best is trial 1 with value: 0.04425059258937836.
[I 2023-12-27 11:34:52,895] Trial 2 finished with value: 1.8534504175186157 and parameters: {'gradient_clip_val': 0.6942877350728256, 'hidden_size': 53, 'dropout': 0.46789895745430254, 'hidden_continuous_size': 12, 'attention_head_size': 4, 'learning_rate': 0.0005246889290787296}. Best is trial 1 with value: 0.04425059258937836.
[I 2023-12-27 11:34:53,222] Trial 3 finished with value: 2.4501254558563232 and parameters: {'gradient_clip_val': 0.40602948487897045, 'hidden_size': 11, 'dropout': 0.21277511871264224, 'hidden_continuous_size': 8, 'attention_head_size': 1, 'learning_rate': 0.009901621182886858}. Best is trial 1 with value: 0.04425059258937836.
[I 2023-12-27 11:34:53,653] Trial 4 finished with value: 1.9272884130477905 and parameters: {'gradient_clip_val': 0.7068068273773719, 'hidden_size': 58, 'dropout': 0.10538342053386307, 'hidden_continuous_size': 51, 'attention_head_size': 2, 'learning_rate': 0.0005017426933927529}. Best is trial 1 with value: 0.04425059258937836.
[I 2023-12-27 11:34:54,088] Trial 5 finished with value: 2.5497186183929443 and parameters: {'gradient_clip_val': 0.29234308397133946, 'hidden_size': 62, 'dropout': 0.4933455278197876, 'hidden_continuous_size': 58, 'attention_head_size': 4, 'learning_rate': 0.07655384427791995}. Best is trial 1 with value: 0.04425059258937836.
[I 2023-12-27 11:34:54,425] Trial 6 finished with value: 1.6926159858703613 and parameters: {'gradient_clip_val': 0.14460898923724644, 'hidden_size': 19, 'dropout': 0.15298805103202026, 'hidden_continuous_size': 15, 'attention_head_size': 3, 'learning_rate': 0.007758591118602741}. Best is trial 1 with value: 0.04425059258937836.
[I 2023-12-27 11:34:54,757] Trial 7 finished with value: 2.0154101848602295 and parameters: {'gradient_clip_val': 0.33863738092955914, 'hidden_size': 9, 'dropout': 0.2518780106186108, 'hidden_continuous_size': 6, 'attention_head_size': 3, 'learning_rate': 0.021033805979551474}. Best is trial 1 with value: 0.04425059258937836.
[I 2023-12-27 11:34:55,292] Trial 8 finished with value: 1.9402008056640625 and parameters: {'gradient_clip_val': 0.3335322205711743, 'hidden_size': 20, 'dropout': 0.44446176393599013, 'hidden_continuous_size': 17, 'attention_head_size': 3, 'learning_rate': 0.013310022107317711}. Best is trial 1 with value: 0.04425059258937836.
[I 2023-12-27 11:34:55,735] Trial 9 finished with value: 1.9326242208480835 and parameters: {'gradient_clip_val': 0.19923221222061607, 'hidden_size': 72, 'dropout': 0.2304790673039686, 'hidden_continuous_size': 66, 'attention_head_size': 2, 'learning_rate': 0.046953590219807814}. Best is trial 1 with value: 0.04425059258937836.
[I 2023-12-27 11:34:56,430] Trial 10 finished with value: 2.0091540813446045 and parameters: {'gradient_clip_val': 0.11150786286825497, 'hidden_size': 150, 'dropout': 0.3224558655517316, 'hidden_continuous_size': 145, 'attention_head_size': 4, 'learning_rate': 0.0032668774170691124}. Best is trial 1 with value: 0.04425059258937836.
[I 2023-12-27 11:34:56,805] Trial 11 finished with value: 2.2341020107269287 and parameters: {'gradient_clip_val': 0.1877634114650005, 'hidden_size': 6, 'dropout': 0.3590392246808447, 'hidden_continuous_size': 5, 'attention_head_size': 4, 'learning_rate': 0.002453954631976931}. Best is trial 1 with value: 0.04425059258937836.
[I 2023-12-27 11:34:57,156] Trial 12 finished with value: 1.9844824075698853 and parameters: {'gradient_clip_val': 0.5142745091426002, 'hidden_size': 5, 'dropout': 0.3877498091706913, 'hidden_continuous_size': 5, 'attention_head_size': 3, 'learning_rate': 0.002780934545444416}. Best is trial 1 with value: 0.04425059258937836.
[I 2023-12-27 11:34:57,526] Trial 13 finished with value: 1.9961820840835571 and parameters: {'gradient_clip_val': 0.9421578068951413, 'hidden_size': 13, 'dropout': 0.30900010239440806, 'hidden_continuous_size': 6, 'attention_head_size': 2, 'learning_rate': 0.001267119145984828}. Best is trial 1 with value: 0.04425059258937836.
[I 2023-12-27 11:34:57,921] Trial 14 finished with value: 2.7318050861358643 and parameters: {'gradient_clip_val': 0.23380022728617617, 'hidden_size': 35, 'dropout': 0.3967211828020668, 'hidden_continuous_size': 10, 'attention_head_size': 4, 'learning_rate': 0.0052101427158461845}. Best is trial 1 with value: 0.04425059258937836.
[I 2023-12-27 11:34:58,298] Trial 15 finished with value: 2.565890073776245 and parameters: {'gradient_clip_val': 0.14678379869897265, 'hidden_size': 28, 'dropout': 0.26737662794601236, 'hidden_continuous_size': 8, 'attention_head_size': 3, 'learning_rate': 0.0012238884140784946}. Best is trial 1 with value: 0.04425059258937836.
[I 2023-12-27 11:34:58,660] Trial 16 finished with value: 2.3054444789886475 and parameters: {'gradient_clip_val': 0.2515607454073781, 'hidden_size': 7, 'dropout': 0.197262922107726, 'hidden_continuous_size': 5, 'attention_head_size': 4, 'learning_rate': 0.019623458292811945}. Best is trial 1 with value: 0.04425059258937836.
[I 2023-12-27 11:34:59,001] Trial 17 finished with value: 1.3877973556518555 and parameters: {'gradient_clip_val': 0.4314761485705256, 'hidden_size': 12, 'dropout': 0.2762766249226454, 'hidden_continuous_size': 6, 'attention_head_size': 1, 'learning_rate': 0.006122063740933528}. Best is trial 1 with value: 0.04425059258937836.
[I 2023-12-27 11:34:59,346] Trial 18 finished with value: 1.6609491109848022 and parameters: {'gradient_clip_val': 0.25224432514330375, 'hidden_size': 17, 'dropout': 0.29201003570207545, 'hidden_continuous_size': 6, 'attention_head_size': 1, 'learning_rate': 0.006273498951839374}. Best is trial 1 with value: 0.04425059258937836.
[I 2023-12-27 11:34:59,692] Trial 19 finished with value: 2.584630250930786 and parameters: {'gradient_clip_val': 0.10611257440622918, 'hidden_size': 10, 'dropout': 0.18908794258051473, 'hidden_continuous_size': 6, 'attention_head_size': 1, 'learning_rate': 0.004866626299278039}. Best is trial 1 with value: 0.04425059258937836.
[I 2023-12-27 11:35:00,047] Trial 20 finished with value: 2.112982988357544 and parameters: {'gradient_clip_val': 0.4791990675064373, 'hidden_size': 14, 'dropout': 0.2543764994590316, 'hidden_continuous_size': 7, 'attention_head_size': 2, 'learning_rate': 0.01319005837601664}. Best is trial 1 with value: 0.04425059258937836.
[I 2023-12-27 11:35:00,398] Trial 21 finished with value: 2.172938108444214 and parameters: {'gradient_clip_val': 0.3653310331979993, 'hidden_size': 7, 'dropout': 0.33822132597540333, 'hidden_continuous_size': 5, 'attention_head_size': 3, 'learning_rate': 0.0017426217523932733}. Best is trial 1 with value: 0.04425059258937836.
[I 2023-12-27 11:35:00,961] Trial 22 finished with value: 1.5624885559082031 and parameters: {'gradient_clip_val': 0.4136429844992059, 'hidden_size': 5, 'dropout': 0.30081905731509395, 'hidden_continuous_size': 5, 'attention_head_size': 2, 'learning_rate': 0.004238215120031547}. Best is trial 1 with value: 0.04425059258937836.
[I 2023-12-27 11:35:01,281] Trial 23 finished with value: 1.2524601221084595 and parameters: {'gradient_clip_val': 0.29135218325712703, 'hidden_size': 5, 'dropout': 0.2802848150915286, 'hidden_continuous_size': 5, 'attention_head_size': 1, 'learning_rate': 0.00630651777212987}. Best is trial 1 with value: 0.04425059258937836.
[I 2023-12-27 11:35:01,631] Trial 24 finished with value: 1.5874123573303223 and parameters: {'gradient_clip_val': 0.30479347728307743, 'hidden_size': 10, 'dropout': 0.27490571071315045, 'hidden_continuous_size': 6, 'attention_head_size': 1, 'learning_rate': 0.007692363388590955}. Best is trial 1 with value: 0.04425059258937836.
[I 2023-12-27 11:35:02,007] Trial 25 finished with value: 1.839853286743164 and parameters: {'gradient_clip_val': 0.199640993454088, 'hidden_size': 26, 'dropout': 0.22828659237973115, 'hidden_continuous_size': 7, 'attention_head_size': 1, 'learning_rate': 0.0038776505658594442}. Best is trial 1 with value: 0.04425059258937836.
[I 2023-12-27 11:35:02,358] Trial 26 finished with value: 1.8941513299942017 and parameters: {'gradient_clip_val': 0.28074080786178485, 'hidden_size': 14, 'dropout': 0.17480451480005452, 'hidden_continuous_size': 7, 'attention_head_size': 1, 'learning_rate': 0.0070977354918784225}. Best is trial 1 with value: 0.04425059258937836.
[I 2023-12-27 11:35:02,666] Trial 27 finished with value: 2.1719448566436768 and parameters: {'gradient_clip_val': 0.2276207410238013, 'hidden_size': 5, 'dropout': 0.2868201714893498, 'hidden_continuous_size': 5, 'attention_head_size': 1, 'learning_rate': 0.002535117228919364}. Best is trial 1 with value: 0.04425059258937836.
[I 2023-12-27 11:35:03,016] Trial 28 finished with value: 2.3153975009918213 and parameters: {'gradient_clip_val': 0.16091787204951405, 'hidden_size': 9, 'dropout': 0.2489382531528501, 'hidden_continuous_size': 5, 'attention_head_size': 2, 'learning_rate': 0.004650658144916797}. Best is trial 1 with value: 0.04425059258937836.
[I 2023-12-27 11:35:03,353] Trial 29 finished with value: 2.0464277267456055 and parameters: {'gradient_clip_val': 0.2745621526337024, 'hidden_size': 8, 'dropout': 0.34063862802678024, 'hidden_continuous_size': 5, 'attention_head_size': 1, 'learning_rate': 0.009468491380904819}. Best is trial 1 with value: 0.04425059258937836.
[I 2023-12-27 11:35:03,702] Trial 30 finished with value: 3.1177399158477783 and parameters: {'gradient_clip_val': 0.35882563938483664, 'hidden_size': 6, 'dropout': 0.2247653338358501, 'hidden_continuous_size': 5, 'attention_head_size': 2, 'learning_rate': 0.020073920799049197}. Best is trial 1 with value: 0.04425059258937836.
[I 2023-12-27 11:35:04,021] Trial 31 finished with value: 2.2454993724823 and parameters: {'gradient_clip_val': 0.40568786974879667, 'hidden_size': 5, 'dropout': 0.29752770491093344, 'hidden_continuous_size': 5, 'attention_head_size': 2, 'learning_rate': 0.003974219902083099}. Best is trial 1 with value: 0.04425059258937836.
[I 2023-12-27 11:35:04,359] Trial 32 finished with value: 2.8990328311920166 and parameters: {'gradient_clip_val': 0.467750462549951, 'hidden_size': 6, 'dropout': 0.31003425949735613, 'hidden_continuous_size': 5, 'attention_head_size': 1, 'learning_rate': 0.0052358578040362855}. Best is trial 1 with value: 0.04425059258937836.
[I 2023-12-27 11:35:04,707] Trial 33 finished with value: 1.535460114479065 and parameters: {'gradient_clip_val': 0.4401666868266758, 'hidden_size': 8, 'dropout': 0.27188172651629244, 'hidden_continuous_size': 5, 'attention_head_size': 2, 'learning_rate': 0.0036638712508237506}. Best is trial 1 with value: 0.04425059258937836.
[I 2023-12-27 11:35:05,053] Trial 34 finished with value: 2.4643776416778564 and parameters: {'gradient_clip_val': 0.5734252535608341, 'hidden_size': 12, 'dropout': 0.2671314844953339, 'hidden_continuous_size': 6, 'attention_head_size': 1, 'learning_rate': 0.0060126854428751535}. Best is trial 1 with value: 0.04425059258937836.
[I 2023-12-27 11:35:05,420] Trial 35 finished with value: 2.074329376220703 and parameters: {'gradient_clip_val': 0.3134734404616943, 'hidden_size': 11, 'dropout': 0.23872177990256044, 'hidden_continuous_size': 6, 'attention_head_size': 2, 'learning_rate': 0.010724028943696985}. Best is trial 1 with value: 0.04425059258937836.
[I 2023-12-27 11:35:06,001] Trial 36 finished with value: 1.9348710775375366 and parameters: {'gradient_clip_val': 0.596967734372112, 'hidden_size': 7, 'dropout': 0.20661680779172834, 'hidden_continuous_size': 5, 'attention_head_size': 1, 'learning_rate': 0.003136336281724554}. Best is trial 1 with value: 0.04425059258937836.
[I 2023-12-27 11:35:06,347] Trial 37 finished with value: 2.2261054515838623 and parameters: {'gradient_clip_val': 0.43164000273483144, 'hidden_size': 8, 'dropout': 0.1563330569180696, 'hidden_continuous_size': 6, 'attention_head_size': 2, 'learning_rate': 0.008612636549671987}. Best is trial 1 with value: 0.04425059258937836.
[I 2023-12-27 11:35:06,708] Trial 38 finished with value: 2.4605743885040283 and parameters: {'gradient_clip_val': 0.3598795159863559, 'hidden_size': 9, 'dropout': 0.20795571812359911, 'hidden_continuous_size': 6, 'attention_head_size': 1, 'learning_rate': 0.0064599260083461505}. Best is trial 1 with value: 0.04425059258937836.
[I 2023-12-27 11:35:07,073] Trial 39 finished with value: 1.8461064100265503 and parameters: {'gradient_clip_val': 0.37645923831085837, 'hidden_size': 15, 'dropout': 0.2668560370124249, 'hidden_continuous_size': 9, 'attention_head_size': 3, 'learning_rate': 0.0020773394750929174}. Best is trial 1 with value: 0.04425059258937836.
[I 2023-12-27 11:35:07,450] Trial 40 finished with value: 1.769523024559021 and parameters: {'gradient_clip_val': 0.3131803964619046, 'hidden_size': 19, 'dropout': 0.22117233187489216, 'hidden_continuous_size': 11, 'attention_head_size': 4, 'learning_rate': 0.011608066724332101}. Best is trial 1 with value: 0.04425059258937836.
[I 2023-12-27 11:35:07,768] Trial 41 finished with value: 2.578655242919922 and parameters: {'gradient_clip_val': 0.4838855606220048, 'hidden_size': 5, 'dropout': 0.2820650000976695, 'hidden_continuous_size': 5, 'attention_head_size': 2, 'learning_rate': 0.00421447304477144}. Best is trial 1 with value: 0.04425059258937836.
[I 2023-12-27 11:35:08,113] Trial 42 finished with value: 3.0521764755249023 and parameters: {'gradient_clip_val': 0.40733060677945515, 'hidden_size': 6, 'dropout': 0.3191215204535125, 'hidden_continuous_size': 5, 'attention_head_size': 2, 'learning_rate': 0.0038251135657424904}. Best is trial 1 with value: 0.04425059258937836.
[I 2023-12-27 11:35:08,456] Trial 43 finished with value: 2.573618173599243 and parameters: {'gradient_clip_val': 0.4279633237850797, 'hidden_size': 8, 'dropout': 0.2510475191450852, 'hidden_continuous_size': 7, 'attention_head_size': 2, 'learning_rate': 0.007829128044693694}. Best is trial 1 with value: 0.04425059258937836.
[I 2023-12-27 11:35:08,822] Trial 44 finished with value: 2.382780075073242 and parameters: {'gradient_clip_val': 0.33103656620499083, 'hidden_size': 11, 'dropout': 0.29917337067861915, 'hidden_continuous_size': 8, 'attention_head_size': 3, 'learning_rate': 0.005697807733565913}. Best is trial 1 with value: 0.04425059258937836.
[I 2023-12-27 11:35:09,140] Trial 45 finished with value: 1.8345273733139038 and parameters: {'gradient_clip_val': 0.3870250259942819, 'hidden_size': 5, 'dropout': 0.11190895191347716, 'hidden_continuous_size': 5, 'attention_head_size': 2, 'learning_rate': 0.0029253173766573756}. Best is trial 1 with value: 0.04425059258937836.
[I 2023-12-27 11:35:09,480] Trial 46 finished with value: 1.7479714155197144 and parameters: {'gradient_clip_val': 0.545045146096527, 'hidden_size': 6, 'dropout': 0.2810343528461284, 'hidden_continuous_size': 5, 'attention_head_size': 1, 'learning_rate': 0.01583271954459663}. Best is trial 1 with value: 0.04425059258937836.
[I 2023-12-27 11:35:09,880] Trial 47 finished with value: 1.5618258714675903 and parameters: {'gradient_clip_val': 0.4293091675583894, 'hidden_size': 41, 'dropout': 0.23898238118402187, 'hidden_continuous_size': 14, 'attention_head_size': 2, 'learning_rate': 0.009288160719095087}. Best is trial 1 with value: 0.04425059258937836.
[I 2023-12-27 11:35:10,282] Trial 48 finished with value: 2.3930716514587402 and parameters: {'gradient_clip_val': 0.6115690757432851, 'hidden_size': 43, 'dropout': 0.23398444158667886, 'hidden_continuous_size': 13, 'attention_head_size': 3, 'learning_rate': 0.010557108715096684}. Best is trial 1 with value: 0.04425059258937836.
[I 2023-12-27 11:35:10,857] Trial 49 finished with value: 2.72117018699646 and parameters: {'gradient_clip_val': 0.4532752066269696, 'hidden_size': 25, 'dropout': 0.24730837318076926, 'hidden_continuous_size': 15, 'attention_head_size': 3, 'learning_rate': 0.00859992108123771}. Best is trial 1 with value: 0.04425059258937836.
[I 2023-12-27 11:35:10,961] A new study created in memory with name: no-name-7e6066f8-8944-43c9-a9bf-067675d935bf
/home/le004/conda/anaconda3/envs/tsff_env/lib/python3.9/site-packages/lightning/fabric/plugins/environments/slurm.py:191: The `srun` command is available on your system but is not used. HINT: If your intention is to run Lightning on SLURM, prepend your python command with `srun` like so: srun python /home/le004/master_thesis/git/TSFusionForecast/code/ ...
[I 2023-12-27 11:35:40,554] Trial 0 finished with value: 0.9262596964836121 and parameters: {'gradient_clip_val': 0.2022523073000795, 'hidden_size': 18, 'dropout': 0.4838701664279875, 'hidden_continuous_size': 7, 'attention_head_size': 1, 'learning_rate': 0.0023129449017779517}. Best is trial 0 with value: 0.9262596964836121.
[I 2023-12-27 11:35:50,712] Trial 1 finished with value: 5.374736309051514 and parameters: {'gradient_clip_val': 0.13425233918632165, 'hidden_size': 20, 'dropout': 0.406602368321868, 'hidden_continuous_size': 8, 'attention_head_size': 2, 'learning_rate': 0.0018893248372217652}. Best is trial 0 with value: 0.9262596964836121.
[I 2023-12-27 11:35:51,097] Trial 2 finished with value: 4.625473976135254 and parameters: {'gradient_clip_val': 0.37405629727360923, 'hidden_size': 35, 'dropout': 0.34174966555962205, 'hidden_continuous_size': 7, 'attention_head_size': 4, 'learning_rate': 0.022802616774164192}. Best is trial 0 with value: 0.9262596964836121.
[I 2023-12-27 11:35:51,421] Trial 3 finished with value: 4.9620890617370605 and parameters: {'gradient_clip_val': 0.4989498645130206, 'hidden_size': 6, 'dropout': 0.39402347666329884, 'hidden_continuous_size': 5, 'attention_head_size': 2, 'learning_rate': 0.05148509562482223}. Best is trial 0 with value: 0.9262596964836121.
[I 2023-12-27 11:35:51,765] Trial 4 finished with value: 4.6097025871276855 and parameters: {'gradient_clip_val': 0.17178371538316747, 'hidden_size': 9, 'dropout': 0.2258992864653122, 'hidden_continuous_size': 6, 'attention_head_size': 3, 'learning_rate': 0.009494657515554653}. Best is trial 0 with value: 0.9262596964836121.
