[I 2023-12-27 11:25:43,949] Trial 19 finished with value: 3.0297317504882812 and parameters: {'gradient_clip_val': 0.619392356291891, 'hidden_size': 46, 'dropout': 0.22191666591611042, 'hidden_continuous_size': 22, 'attention_head_size': 3, 'learning_rate': 0.006445233188211098}. Best is trial 0 with value: 0.08134299516677856.
[I 2023-12-27 11:25:44,416] Trial 20 finished with value: 4.404941082000732 and parameters: {'gradient_clip_val': 0.33278661052284836, 'hidden_size': 88, 'dropout': 0.2700904399873844, 'hidden_continuous_size': 32, 'attention_head_size': 1, 'learning_rate': 0.0022398327312450925}. Best is trial 0 with value: 0.08134299516677856.
[I 2023-12-27 11:25:44,801] Trial 21 finished with value: 3.4523487091064453 and parameters: {'gradient_clip_val': 0.34906291458789046, 'hidden_size': 22, 'dropout': 0.2811016258821453, 'hidden_continuous_size': 10, 'attention_head_size': 2, 'learning_rate': 0.09805342230034195}. Best is trial 0 with value: 0.08134299516677856.
[I 2023-12-27 11:25:45,197] Trial 22 finished with value: 3.9100427627563477 and parameters: {'gradient_clip_val': 0.23653763110250461, 'hidden_size': 27, 'dropout': 0.34264721446253776, 'hidden_continuous_size': 12, 'attention_head_size': 2, 'learning_rate': 0.012273927319997843}. Best is trial 0 with value: 0.08134299516677856.
[I 2023-12-27 11:25:45,799] Trial 23 finished with value: 3.224299669265747 and parameters: {'gradient_clip_val': 0.4116794290553271, 'hidden_size': 17, 'dropout': 0.2763390176301429, 'hidden_continuous_size': 6, 'attention_head_size': 2, 'learning_rate': 0.021939661656028932}. Best is trial 0 with value: 0.08134299516677856.
[I 2023-12-27 11:25:46,199] Trial 24 finished with value: 3.2921688556671143 and parameters: {'gradient_clip_val': 0.27680338480774014, 'hidden_size': 28, 'dropout': 0.22214458431595607, 'hidden_continuous_size': 9, 'attention_head_size': 3, 'learning_rate': 0.005133107820629031}. Best is trial 0 with value: 0.08134299516677856.
[I 2023-12-27 11:25:46,575] Trial 25 finished with value: 2.9207656383514404 and parameters: {'gradient_clip_val': 0.33585873628590396, 'hidden_size': 13, 'dropout': 0.18515689752171804, 'hidden_continuous_size': 6, 'attention_head_size': 2, 'learning_rate': 0.0008131563353133294}. Best is trial 0 with value: 0.08134299516677856.
[I 2023-12-27 11:25:46,981] Trial 26 finished with value: 3.610801935195923 and parameters: {'gradient_clip_val': 0.3735996082661208, 'hidden_size': 34, 'dropout': 0.23429975663866884, 'hidden_continuous_size': 12, 'attention_head_size': 1, 'learning_rate': 0.0035400500426439555}. Best is trial 0 with value: 0.08134299516677856.
[I 2023-12-27 11:25:47,400] Trial 27 finished with value: 3.559896230697632 and parameters: {'gradient_clip_val': 0.4793586605783387, 'hidden_size': 47, 'dropout': 0.29681828814786726, 'hidden_continuous_size': 17, 'attention_head_size': 3, 'learning_rate': 0.0013499659039973083}. Best is trial 0 with value: 0.08134299516677856.
[I 2023-12-27 11:25:47,792] Trial 28 finished with value: 4.721390247344971 and parameters: {'gradient_clip_val': 0.19174570452599604, 'hidden_size': 23, 'dropout': 0.13986442646063427, 'hidden_continuous_size': 11, 'attention_head_size': 4, 'learning_rate': 0.008867782045186803}. Best is trial 0 with value: 0.08134299516677856.
[I 2023-12-27 11:25:48,166] Trial 29 finished with value: 3.228189706802368 and parameters: {'gradient_clip_val': 0.13906482688740043, 'hidden_size': 9, 'dropout': 0.17375275270358018, 'hidden_continuous_size': 7, 'attention_head_size': 2, 'learning_rate': 0.005012026537250595}. Best is trial 0 with value: 0.08134299516677856.
[I 2023-12-27 11:25:48,545] Trial 30 finished with value: 3.077817916870117 and parameters: {'gradient_clip_val': 0.262523087169576, 'hidden_size': 9, 'dropout': 0.12876029322055774, 'hidden_continuous_size': 7, 'attention_head_size': 3, 'learning_rate': 0.014340428488137288}. Best is trial 0 with value: 0.08134299516677856.
[I 2023-12-27 11:25:49,083] Trial 31 finished with value: 3.1315221786499023 and parameters: {'gradient_clip_val': 0.20861657107665793, 'hidden_size': 126, 'dropout': 0.39635877269924225, 'hidden_continuous_size': 9, 'attention_head_size': 4, 'learning_rate': 0.0006143305555506944}. Best is trial 0 with value: 0.08134299516677856.
[I 2023-12-27 11:25:49,549] Trial 32 finished with value: 2.8377113342285156 and parameters: {'gradient_clip_val': 0.15626640414257006, 'hidden_size': 96, 'dropout': 0.3169208089416876, 'hidden_continuous_size': 8, 'attention_head_size': 4, 'learning_rate': 0.0005283687860735662}. Best is trial 0 with value: 0.08134299516677856.
[I 2023-12-27 11:25:49,994] Trial 33 finished with value: 2.9946670532226562 and parameters: {'gradient_clip_val': 0.14979624353143373, 'hidden_size': 73, 'dropout': 0.3060816655951407, 'hidden_continuous_size': 9, 'attention_head_size': 4, 'learning_rate': 0.0005060507643501861}. Best is trial 0 with value: 0.08134299516677856.
[I 2023-12-27 11:25:50,458] Trial 34 finished with value: 2.6147425174713135 and parameters: {'gradient_clip_val': 0.12344090108398097, 'hidden_size': 96, 'dropout': 0.3259659946881128, 'hidden_continuous_size': 8, 'attention_head_size': 4, 'learning_rate': 0.0007760104190431023}. Best is trial 0 with value: 0.08134299516677856.
[I 2023-12-27 11:25:50,883] Trial 35 finished with value: 3.1909420490264893 and parameters: {'gradient_clip_val': 0.12084613710217453, 'hidden_size': 57, 'dropout': 0.2555565834039034, 'hidden_continuous_size': 11, 'attention_head_size': 4, 'learning_rate': 0.0009064033441473323}. Best is trial 0 with value: 0.08134299516677856.
[I 2023-12-27 11:25:51,393] Trial 36 finished with value: 3.5558722019195557 and parameters: {'gradient_clip_val': 0.10725174064961948, 'hidden_size': 110, 'dropout': 0.21505040876948486, 'hidden_continuous_size': 18, 'attention_head_size': 3, 'learning_rate': 0.0017035428105761589}. Best is trial 0 with value: 0.08134299516677856.
[I 2023-12-27 11:25:52,096] Trial 37 finished with value: 2.9769113063812256 and parameters: {'gradient_clip_val': 0.18237886563585518, 'hidden_size': 74, 'dropout': 0.15833935004972688, 'hidden_continuous_size': 15, 'attention_head_size': 2, 'learning_rate': 0.0007340452957134237}. Best is trial 0 with value: 0.08134299516677856.
[I 2023-12-27 11:25:52,464] Trial 38 finished with value: 3.172825813293457 and parameters: {'gradient_clip_val': 0.3046005613319577, 'hidden_size': 18, 'dropout': 0.17547977122290054, 'hidden_continuous_size': 8, 'attention_head_size': 1, 'learning_rate': 0.0019269963434734433}. Best is trial 0 with value: 0.08134299516677856.
[I 2023-12-27 11:25:52,998] Trial 39 finished with value: 3.5350229740142822 and parameters: {'gradient_clip_val': 0.10021365295153595, 'hidden_size': 116, 'dropout': 0.28925995591826803, 'hidden_continuous_size': 51, 'attention_head_size': 4, 'learning_rate': 0.04486807542249531}. Best is trial 0 with value: 0.08134299516677856.
[I 2023-12-27 11:25:53,577] Trial 40 finished with value: 4.351673603057861 and parameters: {'gradient_clip_val': 0.1344346715909336, 'hidden_size': 145, 'dropout': 0.2617853942673413, 'hidden_continuous_size': 33, 'attention_head_size': 3, 'learning_rate': 0.0011006083577248392}. Best is trial 0 with value: 0.08134299516677856.
[I 2023-12-27 11:25:54,077] Trial 41 finished with value: 3.2089385986328125 and parameters: {'gradient_clip_val': 0.1611878955044802, 'hidden_size': 95, 'dropout': 0.32309863779309167, 'hidden_continuous_size': 8, 'attention_head_size': 4, 'learning_rate': 0.0006543745480799271}. Best is trial 0 with value: 0.08134299516677856.
[I 2023-12-27 11:25:54,541] Trial 42 finished with value: 3.1127665042877197 and parameters: {'gradient_clip_val': 0.1787819905521201, 'hidden_size': 82, 'dropout': 0.31790318831415415, 'hidden_continuous_size': 6, 'attention_head_size': 4, 'learning_rate': 0.0010995550541048238}. Best is trial 0 with value: 0.08134299516677856.
[I 2023-12-27 11:25:55,043] Trial 43 finished with value: 3.5282135009765625 and parameters: {'gradient_clip_val': 0.21032064402714615, 'hidden_size': 105, 'dropout': 0.33647638670123065, 'hidden_continuous_size': 7, 'attention_head_size': 4, 'learning_rate': 0.002686330065825912}. Best is trial 0 with value: 0.08134299516677856.
[I 2023-12-27 11:25:55,538] Trial 44 finished with value: 3.680555582046509 and parameters: {'gradient_clip_val': 0.13963683062705187, 'hidden_size': 102, 'dropout': 0.3595139555544867, 'hidden_continuous_size': 13, 'attention_head_size': 4, 'learning_rate': 0.0008365411183094089}. Best is trial 0 with value: 0.08134299516677856.
[I 2023-12-27 11:25:55,969] Trial 45 finished with value: 4.018346309661865 and parameters: {'gradient_clip_val': 0.1537367656302812, 'hidden_size': 59, 'dropout': 0.2957736784495949, 'hidden_continuous_size': 10, 'attention_head_size': 2, 'learning_rate': 0.0014887971454231772}. Best is trial 0 with value: 0.08134299516677856.
[I 2023-12-27 11:25:56,425] Trial 46 finished with value: 3.7003071308135986 and parameters: {'gradient_clip_val': 0.12785012276139138, 'hidden_size': 75, 'dropout': 0.36648308195418555, 'hidden_continuous_size': 8, 'attention_head_size': 3, 'learning_rate': 0.0005239941602741668}. Best is trial 0 with value: 0.08134299516677856.
[I 2023-12-27 11:25:56,892] Trial 47 finished with value: 4.82294225692749 and parameters: {'gradient_clip_val': 0.1214276833143105, 'hidden_size': 88, 'dropout': 0.3080889286419168, 'hidden_continuous_size': 15, 'attention_head_size': 4, 'learning_rate': 0.0011599123576711433}. Best is trial 0 with value: 0.08134299516677856.
[I 2023-12-27 11:25:57,434] Trial 48 finished with value: 4.749233245849609 and parameters: {'gradient_clip_val': 0.11078477729981814, 'hidden_size': 114, 'dropout': 0.250990587063303, 'hidden_continuous_size': 69, 'attention_head_size': 2, 'learning_rate': 0.0029701537202414946}. Best is trial 0 with value: 0.08134299516677856.
[I 2023-12-27 11:25:57,866] Trial 49 finished with value: 3.761824369430542 and parameters: {'gradient_clip_val': 0.15040684737118518, 'hidden_size': 60, 'dropout': 0.10009279510487798, 'hidden_continuous_size': 9, 'attention_head_size': 4, 'learning_rate': 0.0019053711905204621}. Best is trial 0 with value: 0.08134299516677856.
[I 2023-12-27 11:25:57,977] A new study created in memory with name: no-name-7a4a65dd-f3be-4693-ab5a-b18fa1a0255b
/home/le004/conda/anaconda3/envs/tsff_env/lib/python3.9/site-packages/lightning/fabric/plugins/environments/slurm.py:191: The `srun` command is available on your system but is not used. HINT: If your intention is to run Lightning on SLURM, prepend your python command with `srun` like so: srun python /home/le004/master_thesis/git/TSFusionForecast/code/ ...
[I 2023-12-27 11:26:36,153] Trial 0 finished with value: 3960.8349609375 and parameters: {'gradient_clip_val': 0.2919401340869999, 'hidden_size': 53, 'dropout': 0.11143858212016947, 'hidden_continuous_size': 5, 'attention_head_size': 4, 'learning_rate': 0.0007066356000180483}. Best is trial 0 with value: 3960.8349609375.
[I 2023-12-27 11:26:53,707] Trial 1 finished with value: 4439.93994140625 and parameters: {'gradient_clip_val': 0.30690205245501617, 'hidden_size': 111, 'dropout': 0.47941445662496285, 'hidden_continuous_size': 53, 'attention_head_size': 3, 'learning_rate': 0.0032680198390622928}. Best is trial 0 with value: 3960.8349609375.
[I 2023-12-27 11:26:54,118] Trial 2 finished with value: 16623.115234375 and parameters: {'gradient_clip_val': 0.7208258052230626, 'hidden_size': 69, 'dropout': 0.2677375517708033, 'hidden_continuous_size': 5, 'attention_head_size': 1, 'learning_rate': 0.0035175984272712564}. Best is trial 0 with value: 3960.8349609375.
[I 2023-12-27 11:26:54,483] Trial 3 finished with value: 23354.494140625 and parameters: {'gradient_clip_val': 0.8814615994302042, 'hidden_size': 40, 'dropout': 0.22491598504822885, 'hidden_continuous_size': 6, 'attention_head_size': 4, 'learning_rate': 0.006993164999896485}. Best is trial 0 with value: 3960.8349609375.
[I 2023-12-27 11:26:54,836] Trial 4 finished with value: 21406.712890625 and parameters: {'gradient_clip_val': 0.1706096076937919, 'hidden_size': 14, 'dropout': 0.2760839511378589, 'hidden_continuous_size': 7, 'attention_head_size': 4, 'learning_rate': 0.0006203765561889798}. Best is trial 0 with value: 3960.8349609375.
[I 2023-12-27 11:26:55,183] Trial 5 finished with value: 19407.201171875 and parameters: {'gradient_clip_val': 0.4948448553430135, 'hidden_size': 15, 'dropout': 0.3521176646301366, 'hidden_continuous_size': 6, 'attention_head_size': 3, 'learning_rate': 0.051464543761717656}. Best is trial 0 with value: 3960.8349609375.
[I 2023-12-27 11:26:55,584] Trial 6 finished with value: 14574.171875 and parameters: {'gradient_clip_val': 0.5205650940836745, 'hidden_size': 43, 'dropout': 0.4439831142215288, 'hidden_continuous_size': 25, 'attention_head_size': 3, 'learning_rate': 0.00324851767659628}. Best is trial 0 with value: 3960.8349609375.
[I 2023-12-27 11:26:55,977] Trial 7 finished with value: 15542.2548828125 and parameters: {'gradient_clip_val': 0.25144622636586056, 'hidden_size': 50, 'dropout': 0.17050388728790017, 'hidden_continuous_size': 39, 'attention_head_size': 2, 'learning_rate': 0.0016658745452030055}. Best is trial 0 with value: 3960.8349609375.
[I 2023-12-27 11:26:56,340] Trial 8 finished with value: 26478.181640625 and parameters: {'gradient_clip_val': 0.2798558717263811, 'hidden_size': 28, 'dropout': 0.20882334093300173, 'hidden_continuous_size': 15, 'attention_head_size': 3, 'learning_rate': 0.0007666130156462168}. Best is trial 0 with value: 3960.8349609375.
[I 2023-12-27 11:26:56,694] Trial 9 finished with value: 14628.2509765625 and parameters: {'gradient_clip_val': 0.8632128687149554, 'hidden_size': 14, 'dropout': 0.362898395577791, 'hidden_continuous_size': 7, 'attention_head_size': 2, 'learning_rate': 0.004660882732328116}. Best is trial 0 with value: 3960.8349609375.
[I 2023-12-27 11:26:57,255] Trial 10 finished with value: 19430.720703125 and parameters: {'gradient_clip_val': 0.10593363100802253, 'hidden_size': 6, 'dropout': 0.12369646724054123, 'hidden_continuous_size': 5, 'attention_head_size': 4, 'learning_rate': 0.01944005460224123}. Best is trial 0 with value: 3960.8349609375.
[I 2023-12-27 11:26:57,818] Trial 11 finished with value: 20189.296875 and parameters: {'gradient_clip_val': 0.36410550070283026, 'hidden_size': 116, 'dropout': 0.4981911338303684, 'hidden_continuous_size': 98, 'attention_head_size': 4, 'learning_rate': 0.0013947358214597685}. Best is trial 0 with value: 3960.8349609375.
[I 2023-12-27 11:26:58,398] Trial 12 finished with value: 19369.296875 and parameters: {'gradient_clip_val': 0.22137080605350706, 'hidden_size': 138, 'dropout': 0.11230467003719419, 'hidden_continuous_size': 58, 'attention_head_size': 3, 'learning_rate': 0.001568782914213556}. Best is trial 0 with value: 3960.8349609375.
[I 2023-12-27 11:26:58,873] Trial 13 finished with value: 12991.4560546875 and parameters: {'gradient_clip_val': 0.35684863850274706, 'hidden_size': 100, 'dropout': 0.3415398806135284, 'hidden_continuous_size': 13, 'attention_head_size': 2, 'learning_rate': 0.0005898801588183373}. Best is trial 0 with value: 3960.8349609375.
[I 2023-12-27 11:26:59,318] Trial 14 finished with value: 19464.25 and parameters: {'gradient_clip_val': 0.1950538875825645, 'hidden_size': 77, 'dropout': 0.42735141178191305, 'hidden_continuous_size': 10, 'attention_head_size': 4, 'learning_rate': 0.00939016396730477}. Best is trial 0 with value: 3960.8349609375.
[I 2023-12-27 11:26:59,879] Trial 15 finished with value: 18581.90234375 and parameters: {'gradient_clip_val': 0.3298628865589809, 'hidden_size': 140, 'dropout': 0.16804260217050593, 'hidden_continuous_size': 25, 'attention_head_size': 3, 'learning_rate': 0.0020148960189882254}. Best is trial 0 with value: 3960.8349609375.
[I 2023-12-27 11:27:00,331] Trial 16 finished with value: 16241.4248046875 and parameters: {'gradient_clip_val': 0.43445859514321983, 'hidden_size': 71, 'dropout': 0.31397488060166523, 'hidden_continuous_size': 10, 'attention_head_size': 1, 'learning_rate': 0.0007847402030544359}. Best is trial 0 with value: 3960.8349609375.
[I 2023-12-27 11:27:00,809] Trial 17 finished with value: 15522.2939453125 and parameters: {'gradient_clip_val': 0.2766061088559361, 'hidden_size': 91, 'dropout': 0.3934439333252531, 'hidden_continuous_size': 19, 'attention_head_size': 4, 'learning_rate': 0.0025293799219615627}. Best is trial 0 with value: 3960.8349609375.
[I 2023-12-27 11:27:01,220] Trial 18 finished with value: 14793.9541015625 and parameters: {'gradient_clip_val': 0.5936202742390058, 'hidden_size': 56, 'dropout': 0.2989895326239189, 'hidden_continuous_size': 10, 'attention_head_size': 3, 'learning_rate': 0.0005300622641877587}. Best is trial 0 with value: 3960.8349609375.
[I 2023-12-27 11:27:01,804] Trial 19 finished with value: 17924.859375 and parameters: {'gradient_clip_val': 0.3911236691782149, 'hidden_size': 149, 'dropout': 0.48642413251473965, 'hidden_continuous_size': 42, 'attention_head_size': 2, 'learning_rate': 0.0011121442361993596}. Best is trial 0 with value: 3960.8349609375.
[I 2023-12-27 11:27:02,298] Trial 20 finished with value: 19242.63671875 and parameters: {'gradient_clip_val': 0.30331551491740005, 'hidden_size': 91, 'dropout': 0.38919752315077577, 'hidden_continuous_size': 31, 'attention_head_size': 4, 'learning_rate': 0.0011269700635720282}. Best is trial 0 with value: 3960.8349609375.
[I 2023-12-27 11:27:02,781] Trial 21 finished with value: 19170.052734375 and parameters: {'gradient_clip_val': 0.341766969160474, 'hidden_size': 99, 'dropout': 0.344167043413501, 'hidden_continuous_size': 15, 'attention_head_size': 2, 'learning_rate': 0.0005510423757503674}. Best is trial 0 with value: 3960.8349609375.
[I 2023-12-27 11:27:03,264] Trial 22 finished with value: 20983.271484375 and parameters: {'gradient_clip_val': 0.41895942575033024, 'hidden_size': 106, 'dropout': 0.45153703893534236, 'hidden_continuous_size': 17, 'attention_head_size': 2, 'learning_rate': 0.0010781535020733086}. Best is trial 0 with value: 3960.8349609375.
[I 2023-12-27 11:27:03,921] Trial 23 finished with value: 17275.0390625 and parameters: {'gradient_clip_val': 0.2464556715078748, 'hidden_size': 67, 'dropout': 0.4092777135392767, 'hidden_continuous_size': 12, 'attention_head_size': 2, 'learning_rate': 0.0022316722201277343}. Best is trial 0 with value: 3960.8349609375.
[I 2023-12-27 11:27:04,420] Trial 24 finished with value: 16864.904296875 and parameters: {'gradient_clip_val': 0.32108272365773055, 'hidden_size': 103, 'dropout': 0.4651215645827828, 'hidden_continuous_size': 23, 'attention_head_size': 1, 'learning_rate': 0.0009003671744934659}. Best is trial 0 with value: 3960.8349609375.
[I 2023-12-27 11:27:04,833] Trial 25 finished with value: 18381.37109375 and parameters: {'gradient_clip_val': 0.49225139376072197, 'hidden_size': 56, 'dropout': 0.4298626661680601, 'hidden_continuous_size': 13, 'attention_head_size': 3, 'learning_rate': 0.0005241075149514813}. Best is trial 0 with value: 3960.8349609375.
[I 2023-12-27 11:27:05,273] Trial 26 finished with value: 21181.173828125 and parameters: {'gradient_clip_val': 0.38544536477986396, 'hidden_size': 81, 'dropout': 0.3766330088253653, 'hidden_continuous_size': 8, 'attention_head_size': 2, 'learning_rate': 0.0008653776929915415}. Best is trial 0 with value: 3960.8349609375.
[I 2023-12-27 11:27:05,782] Trial 27 finished with value: 22467.455078125 and parameters: {'gradient_clip_val': 0.3000898535855812, 'hidden_size': 110, 'dropout': 0.33603513687457975, 'hidden_continuous_size': 19, 'attention_head_size': 3, 'learning_rate': 0.001314844202440779}. Best is trial 0 with value: 3960.8349609375.
[I 2023-12-27 11:27:06,175] Trial 28 finished with value: 19390.302734375 and parameters: {'gradient_clip_val': 0.21056139714334465, 'hidden_size': 36, 'dropout': 0.4121942153060188, 'hidden_continuous_size': 9, 'attention_head_size': 1, 'learning_rate': 0.0019012352604681367}. Best is trial 0 with value: 3960.8349609375.
[I 2023-12-27 11:27:06,589] Trial 29 finished with value: 14864.1298828125 and parameters: {'gradient_clip_val': 0.5633687994731063, 'hidden_size': 64, 'dropout': 0.26053937853396175, 'hidden_continuous_size': 5, 'attention_head_size': 1, 'learning_rate': 0.00350193639127065}. Best is trial 0 with value: 3960.8349609375.
[I 2023-12-27 11:27:07,022] Trial 30 finished with value: 17967.923828125 and parameters: {'gradient_clip_val': 0.6234152043501436, 'hidden_size': 72, 'dropout': 0.31794545815568476, 'hidden_continuous_size': 12, 'attention_head_size': 3, 'learning_rate': 0.0006815585149937292}. Best is trial 0 with value: 3960.8349609375.
[I 2023-12-27 11:27:07,443] Trial 31 finished with value: 15425.25390625 and parameters: {'gradient_clip_val': 0.45688160346412315, 'hidden_size': 47, 'dropout': 0.46233758668234404, 'hidden_continuous_size': 13, 'attention_head_size': 3, 'learning_rate': 0.0026036748071006613}. Best is trial 0 with value: 3960.8349609375.
[I 2023-12-27 11:27:07,832] Trial 32 finished with value: 15620.4375 and parameters: {'gradient_clip_val': 0.6905036040709941, 'hidden_size': 40, 'dropout': 0.43974895593235697, 'hidden_continuous_size': 11, 'attention_head_size': 3, 'learning_rate': 0.003423319827609459}. Best is trial 0 with value: 3960.8349609375.
[I 2023-12-27 11:27:08,253] Trial 33 finished with value: 16901.095703125 and parameters: {'gradient_clip_val': 0.3697980224223197, 'hidden_size': 58, 'dropout': 0.4776419381910376, 'hidden_continuous_size': 8, 'attention_head_size': 4, 'learning_rate': 0.005566477129747406}. Best is trial 0 with value: 3960.8349609375.
