[I 2023-12-27 11:14:15,035] Trial 40 finished with value: 4.8899407386779785 and parameters: {'gradient_clip_val': 0.8304275490483335, 'hidden_size': 14, 'dropout': 0.40017500070652057, 'hidden_continuous_size': 8, 'attention_head_size': 1, 'learning_rate': 0.0025124022095592297}. Best is trial 0 with value: 2.6827685832977295.
[I 2023-12-27 11:14:15,481] Trial 41 finished with value: 4.803359508514404 and parameters: {'gradient_clip_val': 0.5362421281582409, 'hidden_size': 35, 'dropout': 0.2993295703424525, 'hidden_continuous_size': 20, 'attention_head_size': 2, 'learning_rate': 0.007993467076688169}. Best is trial 0 with value: 2.6827685832977295.
[I 2023-12-27 11:14:15,939] Trial 42 finished with value: 5.614810466766357 and parameters: {'gradient_clip_val': 0.6297143443665665, 'hidden_size': 72, 'dropout': 0.26173747883417875, 'hidden_continuous_size': 26, 'attention_head_size': 2, 'learning_rate': 0.006347251374638197}. Best is trial 0 with value: 2.6827685832977295.
[I 2023-12-27 11:14:16,570] Trial 43 finished with value: 4.9107584953308105 and parameters: {'gradient_clip_val': 0.4648856038763594, 'hidden_size': 37, 'dropout': 0.2982252767979411, 'hidden_continuous_size': 14, 'attention_head_size': 2, 'learning_rate': 0.003932578810324065}. Best is trial 0 with value: 2.6827685832977295.
[I 2023-12-27 11:14:16,947] Trial 44 finished with value: 6.502166748046875 and parameters: {'gradient_clip_val': 0.6732111255089694, 'hidden_size': 25, 'dropout': 0.3321863705086014, 'hidden_continuous_size': 25, 'attention_head_size': 2, 'learning_rate': 0.003083776855598396}. Best is trial 0 with value: 2.6827685832977295.
[I 2023-12-27 11:14:17,376] Trial 45 finished with value: 6.254432678222656 and parameters: {'gradient_clip_val': 0.7121372132250794, 'hidden_size': 47, 'dropout': 0.2342131983906618, 'hidden_continuous_size': 17, 'attention_head_size': 2, 'learning_rate': 0.014309449309626998}. Best is trial 0 with value: 2.6827685832977295.
[I 2023-12-27 11:14:17,761] Trial 46 finished with value: 4.267265796661377 and parameters: {'gradient_clip_val': 0.5569045482436137, 'hidden_size': 20, 'dropout': 0.4536227830146436, 'hidden_continuous_size': 11, 'attention_head_size': 3, 'learning_rate': 0.004997543996400838}. Best is trial 0 with value: 2.6827685832977295.
[I 2023-12-27 11:14:18,144] Trial 47 finished with value: 5.092606067657471 and parameters: {'gradient_clip_val': 0.5598413088060651, 'hidden_size': 20, 'dropout': 0.45244715385960765, 'hidden_continuous_size': 11, 'attention_head_size': 4, 'learning_rate': 0.004712396856022848}. Best is trial 0 with value: 2.6827685832977295.
[I 2023-12-27 11:14:18,534] Trial 48 finished with value: 5.7859344482421875 and parameters: {'gradient_clip_val': 0.4941543154617282, 'hidden_size': 15, 'dropout': 0.48220490046326187, 'hidden_continuous_size': 8, 'attention_head_size': 3, 'learning_rate': 0.001944112699877826}. Best is trial 0 with value: 2.6827685832977295.
[I 2023-12-27 11:14:18,932] Trial 49 finished with value: 4.975163459777832 and parameters: {'gradient_clip_val': 0.3191685565017327, 'hidden_size': 17, 'dropout': 0.4424534232030226, 'hidden_continuous_size': 10, 'attention_head_size': 4, 'learning_rate': 0.003249700913116843}. Best is trial 0 with value: 2.6827685832977295.
[I 2023-12-27 11:14:19,049] A new study created in memory with name: no-name-21a7d49f-c0aa-4cbb-af99-d4f0ba74c33b
/home/le004/conda/anaconda3/envs/tsff_env/lib/python3.9/site-packages/lightning/fabric/plugins/environments/slurm.py:191: The `srun` command is available on your system but is not used. HINT: If your intention is to run Lightning on SLURM, prepend your python command with `srun` like so: srun python /home/le004/master_thesis/git/TSFusionForecast/code/ ...
[I 2023-12-27 11:14:51,286] Trial 0 finished with value: 0.7694191932678223 and parameters: {'gradient_clip_val': 0.3738314467923365, 'hidden_size': 14, 'dropout': 0.35626578519787533, 'hidden_continuous_size': 5, 'attention_head_size': 3, 'learning_rate': 0.0023626036965945403}. Best is trial 0 with value: 0.7694191932678223.
[I 2023-12-27 11:15:27,814] Trial 1 finished with value: 0.0659693256020546 and parameters: {'gradient_clip_val': 0.5972905935071255, 'hidden_size': 35, 'dropout': 0.35296897144378037, 'hidden_continuous_size': 22, 'attention_head_size': 4, 'learning_rate': 0.00646882124588839}. Best is trial 1 with value: 0.0659693256020546.
[I 2023-12-27 11:15:37,225] Trial 2 finished with value: 0.5038380026817322 and parameters: {'gradient_clip_val': 0.1183884259126513, 'hidden_size': 9, 'dropout': 0.28515282799032826, 'hidden_continuous_size': 9, 'attention_head_size': 3, 'learning_rate': 0.04404569985790983}. Best is trial 1 with value: 0.0659693256020546.
[I 2023-12-27 11:15:37,537] Trial 3 finished with value: 2.263496160507202 and parameters: {'gradient_clip_val': 0.4416677511435686, 'hidden_size': 5, 'dropout': 0.3924385746929143, 'hidden_continuous_size': 5, 'attention_head_size': 2, 'learning_rate': 0.004239742710042773}. Best is trial 1 with value: 0.0659693256020546.
[I 2023-12-27 11:15:37,886] Trial 4 finished with value: 1.9458204507827759 and parameters: {'gradient_clip_val': 0.17797727877094136, 'hidden_size': 12, 'dropout': 0.2821860133097802, 'hidden_continuous_size': 6, 'attention_head_size': 1, 'learning_rate': 0.017280705029109018}. Best is trial 1 with value: 0.0659693256020546.
[I 2023-12-27 11:15:38,195] Trial 5 finished with value: 1.9375020265579224 and parameters: {'gradient_clip_val': 0.792531410730386, 'hidden_size': 5, 'dropout': 0.3522976666496881, 'hidden_continuous_size': 5, 'attention_head_size': 3, 'learning_rate': 0.008661302447837964}. Best is trial 1 with value: 0.0659693256020546.
[I 2023-12-27 11:15:38,513] Trial 6 finished with value: 2.38946795463562 and parameters: {'gradient_clip_val': 0.23593216878527334, 'hidden_size': 9, 'dropout': 0.4936189148196539, 'hidden_continuous_size': 9, 'attention_head_size': 1, 'learning_rate': 0.0065584009471709726}. Best is trial 1 with value: 0.0659693256020546.
[I 2023-12-27 11:15:38,876] Trial 7 finished with value: 2.3248214721679688 and parameters: {'gradient_clip_val': 0.7442036227563299, 'hidden_size': 15, 'dropout': 0.3210595457767227, 'hidden_continuous_size': 10, 'attention_head_size': 2, 'learning_rate': 0.08306261697606251}. Best is trial 1 with value: 0.0659693256020546.
[I 2023-12-27 11:15:39,311] Trial 8 finished with value: 2.312462091445923 and parameters: {'gradient_clip_val': 0.5224586438913126, 'hidden_size': 59, 'dropout': 0.23306612056012543, 'hidden_continuous_size': 30, 'attention_head_size': 1, 'learning_rate': 0.0052082096605623185}. Best is trial 1 with value: 0.0659693256020546.
[I 2023-12-27 11:15:39,704] Trial 9 finished with value: 1.6276434659957886 and parameters: {'gradient_clip_val': 0.326971650342013, 'hidden_size': 35, 'dropout': 0.4833565291760423, 'hidden_continuous_size': 15, 'attention_head_size': 4, 'learning_rate': 0.004819428424867645}. Best is trial 1 with value: 0.0659693256020546.
[I 2023-12-27 11:15:40,236] Trial 10 finished with value: 2.5456655025482178 and parameters: {'gradient_clip_val': 0.9876158716617127, 'hidden_size': 110, 'dropout': 0.10781507762537246, 'hidden_continuous_size': 54, 'attention_head_size': 4, 'learning_rate': 0.0005425559152036637}. Best is trial 1 with value: 0.0659693256020546.
[I 2023-12-27 11:15:40,639] Trial 11 finished with value: 2.0296900272369385 and parameters: {'gradient_clip_val': 0.10505955084993215, 'hidden_size': 26, 'dropout': 0.23189956650382804, 'hidden_continuous_size': 14, 'attention_head_size': 4, 'learning_rate': 0.05042020550338612}. Best is trial 1 with value: 0.0659693256020546.
[I 2023-12-27 11:15:41,023] Trial 12 finished with value: 1.8356951475143433 and parameters: {'gradient_clip_val': 0.10927128109846432, 'hidden_size': 27, 'dropout': 0.40094898559241987, 'hidden_continuous_size': 8, 'attention_head_size': 3, 'learning_rate': 0.02248013371312543}. Best is trial 1 with value: 0.0659693256020546.
[I 2023-12-27 11:15:41,423] Trial 13 finished with value: 1.8927148580551147 and parameters: {'gradient_clip_val': 0.20904590734291917, 'hidden_size': 48, 'dropout': 0.2661061590109594, 'hidden_continuous_size': 17, 'attention_head_size': 4, 'learning_rate': 0.025873927843575784}. Best is trial 1 with value: 0.0659693256020546.
[I 2023-12-27 11:15:41,798] Trial 14 finished with value: 2.1698930263519287 and parameters: {'gradient_clip_val': 0.5330380352406575, 'hidden_size': 23, 'dropout': 0.18446957568797612, 'hidden_continuous_size': 8, 'attention_head_size': 3, 'learning_rate': 0.07847232122640539}. Best is trial 1 with value: 0.0659693256020546.
[I 2023-12-27 11:15:42,365] Trial 15 finished with value: 2.1350061893463135 and parameters: {'gradient_clip_val': 0.13788205633815634, 'hidden_size': 8, 'dropout': 0.30928325206199136, 'hidden_continuous_size': 6, 'attention_head_size': 2, 'learning_rate': 0.013221187225259418}. Best is trial 1 with value: 0.0659693256020546.
[I 2023-12-27 11:15:42,761] Trial 16 finished with value: 2.3855724334716797 and parameters: {'gradient_clip_val': 0.26384742931075833, 'hidden_size': 20, 'dropout': 0.42614925132194736, 'hidden_continuous_size': 11, 'attention_head_size': 4, 'learning_rate': 0.03224328880928607}. Best is trial 1 with value: 0.0659693256020546.
[I 2023-12-27 11:15:43,177] Trial 17 finished with value: 2.6950552463531494 and parameters: {'gradient_clip_val': 0.16159427858592873, 'hidden_size': 43, 'dropout': 0.3389151796260619, 'hidden_continuous_size': 20, 'attention_head_size': 3, 'learning_rate': 0.03781278607269839}. Best is trial 1 with value: 0.0659693256020546.
[I 2023-12-27 11:15:43,650] Trial 18 finished with value: 1.9494820833206177 and parameters: {'gradient_clip_val': 0.29747154143515625, 'hidden_size': 78, 'dropout': 0.29334225779618395, 'hidden_continuous_size': 24, 'attention_head_size': 4, 'learning_rate': 0.013541901817588213}. Best is trial 1 with value: 0.0659693256020546.
[I 2023-12-27 11:15:44,210] Trial 19 finished with value: 1.8497381210327148 and parameters: {'gradient_clip_val': 0.22306691222560412, 'hidden_size': 135, 'dropout': 0.3672926888513759, 'hidden_continuous_size': 31, 'attention_head_size': 3, 'learning_rate': 0.054185384108017265}. Best is trial 1 with value: 0.0659693256020546.
[I 2023-12-27 11:15:44,611] Trial 20 finished with value: 2.074144124984741 and parameters: {'gradient_clip_val': 0.14595518427665766, 'hidden_size': 33, 'dropout': 0.4185689022393142, 'hidden_continuous_size': 13, 'attention_head_size': 2, 'learning_rate': 0.009451907706179423}. Best is trial 1 with value: 0.0659693256020546.
[I 2023-12-27 11:15:44,966] Trial 21 finished with value: 1.6029725074768066 and parameters: {'gradient_clip_val': 0.34884513333248574, 'hidden_size': 16, 'dropout': 0.3476979812073032, 'hidden_continuous_size': 7, 'attention_head_size': 3, 'learning_rate': 0.002670915830135941}. Best is trial 1 with value: 0.0659693256020546.
[I 2023-12-27 11:15:45,352] Trial 22 finished with value: 2.249087333679199 and parameters: {'gradient_clip_val': 0.39231762919118485, 'hidden_size': 12, 'dropout': 0.32263263070837983, 'hidden_continuous_size': 6, 'attention_head_size': 3, 'learning_rate': 0.0018615718626330277}. Best is trial 1 with value: 0.0659693256020546.
[I 2023-12-27 11:15:45,719] Trial 23 finished with value: 1.8395916223526 and parameters: {'gradient_clip_val': 0.2803003461685045, 'hidden_size': 18, 'dropout': 0.3731421568862402, 'hidden_continuous_size': 7, 'attention_head_size': 3, 'learning_rate': 0.0028666065850322443}. Best is trial 1 with value: 0.0659693256020546.
[I 2023-12-27 11:15:46,079] Trial 24 finished with value: 2.1966934204101562 and parameters: {'gradient_clip_val': 0.4416535805705172, 'hidden_size': 8, 'dropout': 0.31384536064274704, 'hidden_continuous_size': 5, 'attention_head_size': 4, 'learning_rate': 0.010443896297459463}. Best is trial 1 with value: 0.0659693256020546.
[I 2023-12-27 11:15:46,456] Trial 25 finished with value: 2.3674190044403076 and parameters: {'gradient_clip_val': 0.3466870855624547, 'hidden_size': 21, 'dropout': 0.44578145111116907, 'hidden_continuous_size': 11, 'attention_head_size': 2, 'learning_rate': 0.014910716947646566}. Best is trial 1 with value: 0.0659693256020546.
[I 2023-12-27 11:15:46,828] Trial 26 finished with value: 2.306131601333618 and parameters: {'gradient_clip_val': 0.19546901436773778, 'hidden_size': 14, 'dropout': 0.37448368049394565, 'hidden_continuous_size': 7, 'attention_head_size': 3, 'learning_rate': 0.020417299125616774}. Best is trial 1 with value: 0.0659693256020546.
[I 2023-12-27 11:15:47,211] Trial 27 finished with value: 1.866697907447815 and parameters: {'gradient_clip_val': 0.25946692625895396, 'hidden_size': 10, 'dropout': 0.34275032293567337, 'hidden_continuous_size': 5, 'attention_head_size': 4, 'learning_rate': 0.09719547371850337}. Best is trial 1 with value: 0.0659693256020546.
[I 2023-12-27 11:15:47,801] Trial 28 finished with value: 1.9856725931167603 and parameters: {'gradient_clip_val': 0.11711617722352453, 'hidden_size': 7, 'dropout': 0.27047050865003713, 'hidden_continuous_size': 5, 'attention_head_size': 3, 'learning_rate': 0.006724222225566612}. Best is trial 1 with value: 0.0659693256020546.
[I 2023-12-27 11:15:48,163] Trial 29 finished with value: 1.8013871908187866 and parameters: {'gradient_clip_val': 0.516318224844539, 'hidden_size': 6, 'dropout': 0.39015573581617136, 'hidden_continuous_size': 5, 'attention_head_size': 2, 'learning_rate': 0.003440939902259259}. Best is trial 1 with value: 0.0659693256020546.
[I 2023-12-27 11:15:48,538] Trial 30 finished with value: 1.9446974992752075 and parameters: {'gradient_clip_val': 0.12774009232009814, 'hidden_size': 11, 'dropout': 0.3965957031484576, 'hidden_continuous_size': 6, 'attention_head_size': 4, 'learning_rate': 0.0017196107648679547}. Best is trial 1 with value: 0.0659693256020546.
[I 2023-12-27 11:15:48,904] Trial 31 finished with value: 1.8068795204162598 and parameters: {'gradient_clip_val': 0.3611630784239317, 'hidden_size': 16, 'dropout': 0.3493688935423227, 'hidden_continuous_size': 7, 'attention_head_size': 3, 'learning_rate': 0.002847750388695932}. Best is trial 1 with value: 0.0659693256020546.
[I 2023-12-27 11:15:49,282] Trial 32 finished with value: 2.915715456008911 and parameters: {'gradient_clip_val': 0.41571441164276907, 'hidden_size': 13, 'dropout': 0.3416706760337976, 'hidden_continuous_size': 7, 'attention_head_size': 3, 'learning_rate': 0.005149815681702463}. Best is trial 1 with value: 0.0659693256020546.
[I 2023-12-27 11:15:49,666] Trial 33 finished with value: 1.9899197816848755 and parameters: {'gradient_clip_val': 0.18703633785057205, 'hidden_size': 17, 'dropout': 0.36608774255362947, 'hidden_continuous_size': 8, 'attention_head_size': 3, 'learning_rate': 0.007439282355111427}. Best is trial 1 with value: 0.0659693256020546.
[I 2023-12-27 11:15:50,057] Trial 34 finished with value: 2.1855647563934326 and parameters: {'gradient_clip_val': 0.2969886504629191, 'hidden_size': 10, 'dropout': 0.2932163146401238, 'hidden_continuous_size': 6, 'attention_head_size': 3, 'learning_rate': 0.002033103545162259}. Best is trial 1 with value: 0.0659693256020546.
[I 2023-12-27 11:15:50,428] Trial 35 finished with value: 1.4371744394302368 and parameters: {'gradient_clip_val': 0.1709651053712688, 'hidden_size': 13, 'dropout': 0.329500276539517, 'hidden_continuous_size': 9, 'attention_head_size': 2, 'learning_rate': 0.003798460833692717}. Best is trial 1 with value: 0.0659693256020546.
[I 2023-12-27 11:15:50,757] Trial 36 finished with value: 1.7925186157226562 and parameters: {'gradient_clip_val': 0.15879677966547034, 'hidden_size': 5, 'dropout': 0.3165104542193137, 'hidden_continuous_size': 5, 'attention_head_size': 1, 'learning_rate': 0.003820554700327224}. Best is trial 1 with value: 0.0659693256020546.
[I 2023-12-27 11:15:51,126] Trial 37 finished with value: 2.029088258743286 and parameters: {'gradient_clip_val': 0.10111039167268691, 'hidden_size': 12, 'dropout': 0.2802110026594039, 'hidden_continuous_size': 9, 'attention_head_size': 2, 'learning_rate': 0.010551964581673196}. Best is trial 1 with value: 0.0659693256020546.
[I 2023-12-27 11:15:51,488] Trial 38 finished with value: 1.9953432083129883 and parameters: {'gradient_clip_val': 0.17406428890323022, 'hidden_size': 9, 'dropout': 0.3269860969402651, 'hidden_continuous_size': 6, 'attention_head_size': 1, 'learning_rate': 0.006134389658041578}. Best is trial 1 with value: 0.0659693256020546.
[I 2023-12-27 11:15:51,859] Trial 39 finished with value: 1.5108190774917603 and parameters: {'gradient_clip_val': 0.12257815152280538, 'hidden_size': 14, 'dropout': 0.29482858786904176, 'hidden_continuous_size': 9, 'attention_head_size': 2, 'learning_rate': 0.004582681060418712}. Best is trial 1 with value: 0.0659693256020546.
[I 2023-12-27 11:15:52,232] Trial 40 finished with value: 2.0373380184173584 and parameters: {'gradient_clip_val': 0.13803866998122238, 'hidden_size': 19, 'dropout': 0.36191021281610414, 'hidden_continuous_size': 10, 'attention_head_size': 2, 'learning_rate': 0.00829521121629204}. Best is trial 1 with value: 0.0659693256020546.
[I 2023-12-27 11:15:52,820] Trial 41 finished with value: 1.7069202661514282 and parameters: {'gradient_clip_val': 0.11516304590788184, 'hidden_size': 14, 'dropout': 0.2520227121210652, 'hidden_continuous_size': 9, 'attention_head_size': 2, 'learning_rate': 0.0048198238774449925}. Best is trial 1 with value: 0.0659693256020546.
[I 2023-12-27 11:15:53,186] Trial 42 finished with value: 1.3117640018463135 and parameters: {'gradient_clip_val': 0.1304320414606999, 'hidden_size': 11, 'dropout': 0.2997149399364525, 'hidden_continuous_size': 8, 'attention_head_size': 2, 'learning_rate': 0.004091533774393334}. Best is trial 1 with value: 0.0659693256020546.
[I 2023-12-27 11:15:53,550] Trial 43 finished with value: 2.1814162731170654 and parameters: {'gradient_clip_val': 0.15980744491105864, 'hidden_size': 11, 'dropout': 0.30329012332412164, 'hidden_continuous_size': 8, 'attention_head_size': 1, 'learning_rate': 0.004069220747510504}. Best is trial 1 with value: 0.0659693256020546.
[I 2023-12-27 11:15:53,935] Trial 44 finished with value: 1.8988676071166992 and parameters: {'gradient_clip_val': 0.10076660484771724, 'hidden_size': 26, 'dropout': 0.32974851432319285, 'hidden_continuous_size': 10, 'attention_head_size': 2, 'learning_rate': 0.005943739621307183}. Best is trial 1 with value: 0.0659693256020546.
[I 2023-12-27 11:15:54,305] Trial 45 finished with value: 2.057558059692383 and parameters: {'gradient_clip_val': 0.23000360891516944, 'hidden_size': 9, 'dropout': 0.25761872847291706, 'hidden_continuous_size': 5, 'attention_head_size': 2, 'learning_rate': 0.018308053767352832}. Best is trial 1 with value: 0.0659693256020546.
[I 2023-12-27 11:15:54,683] Trial 46 finished with value: 1.678444504737854 and parameters: {'gradient_clip_val': 0.13003213265893726, 'hidden_size': 23, 'dropout': 0.3062348570879513, 'hidden_continuous_size': 11, 'attention_head_size': 1, 'learning_rate': 0.006886105654446478}. Best is trial 1 with value: 0.0659693256020546.
[I 2023-12-27 11:15:55,052] Trial 47 finished with value: 1.9424866437911987 and parameters: {'gradient_clip_val': 0.1129159496549613, 'hidden_size': 13, 'dropout': 0.33671802680684676, 'hidden_continuous_size': 8, 'attention_head_size': 2, 'learning_rate': 0.0015088835379691837}. Best is trial 1 with value: 0.0659693256020546.
[I 2023-12-27 11:15:55,427] Trial 48 finished with value: 2.7604408264160156 and parameters: {'gradient_clip_val': 0.6171084569759919, 'hidden_size': 7, 'dropout': 0.2790543675716626, 'hidden_continuous_size': 6, 'attention_head_size': 4, 'learning_rate': 0.0113583941191065}. Best is trial 1 with value: 0.0659693256020546.
[I 2023-12-27 11:15:55,786] Trial 49 finished with value: 2.142155408859253 and parameters: {'gradient_clip_val': 0.20452394866797222, 'hidden_size': 16, 'dropout': 0.24025787133400517, 'hidden_continuous_size': 10, 'attention_head_size': 2, 'learning_rate': 0.001220179578038826}. Best is trial 1 with value: 0.0659693256020546.
[I 2023-12-27 11:15:55,896] A new study created in memory with name: no-name-5e0cc114-ec98-4878-a854-485c94986cb0
/home/le004/conda/anaconda3/envs/tsff_env/lib/python3.9/site-packages/lightning/fabric/plugins/environments/slurm.py:191: The `srun` command is available on your system but is not used. HINT: If your intention is to run Lightning on SLURM, prepend your python command with `srun` like so: srun python /home/le004/master_thesis/git/TSFusionForecast/code/ ...
[I 2023-12-27 11:16:36,500] Trial 0 finished with value: 0.08650046586990356 and parameters: {'gradient_clip_val': 0.34541654764789786, 'hidden_size': 47, 'dropout': 0.12812200663996065, 'hidden_continuous_size': 41, 'attention_head_size': 3, 'learning_rate': 0.009620676782383352}. Best is trial 0 with value: 0.08650046586990356.
[I 2023-12-27 11:16:39,544] Trial 1 finished with value: 4.62822961807251 and parameters: {'gradient_clip_val': 0.30590388937937346, 'hidden_size': 5, 'dropout': 0.21987022917014354, 'hidden_continuous_size': 5, 'attention_head_size': 4, 'learning_rate': 0.002196355715653519}. Best is trial 0 with value: 0.08650046586990356.
[I 2023-12-27 11:16:40,028] Trial 2 finished with value: 4.840278148651123 and parameters: {'gradient_clip_val': 0.527747961596617, 'hidden_size': 113, 'dropout': 0.41478543234010123, 'hidden_continuous_size': 28, 'attention_head_size': 1, 'learning_rate': 0.002626491018315063}. Best is trial 0 with value: 0.08650046586990356.
[I 2023-12-27 11:16:40,385] Trial 3 finished with value: 4.606947422027588 and parameters: {'gradient_clip_val': 0.18302383389883675, 'hidden_size': 19, 'dropout': 0.49484547106419674, 'hidden_continuous_size': 5, 'attention_head_size': 3, 'learning_rate': 0.05606481612915534}. Best is trial 0 with value: 0.08650046586990356.
