[I 2023-12-27 11:00:10,797] Trial 23 finished with value: 2.6789910793304443 and parameters: {'gradient_clip_val': 0.2893616257659544, 'hidden_size': 29, 'dropout': 0.3738987093366138, 'hidden_continuous_size': 14, 'attention_head_size': 4, 'learning_rate': 0.001662065723250542}. Best is trial 0 with value: 0.11973177641630173.
[I 2023-12-27 11:00:11,218] Trial 24 finished with value: 2.4629900455474854 and parameters: {'gradient_clip_val': 0.1640684299258047, 'hidden_size': 49, 'dropout': 0.425189976783634, 'hidden_continuous_size': 16, 'attention_head_size': 4, 'learning_rate': 0.0007616840259349408}. Best is trial 0 with value: 0.11973177641630173.
[I 2023-12-27 11:00:11,636] Trial 25 finished with value: 3.2629191875457764 and parameters: {'gradient_clip_val': 0.1702897805272544, 'hidden_size': 49, 'dropout': 0.4948692081750142, 'hidden_continuous_size': 16, 'attention_head_size': 3, 'learning_rate': 0.0011117617808173274}. Best is trial 0 with value: 0.11973177641630173.
[I 2023-12-27 11:00:12,118] Trial 26 finished with value: 3.845256805419922 and parameters: {'gradient_clip_val': 0.16012820091392707, 'hidden_size': 77, 'dropout': 0.4397878471235269, 'hidden_continuous_size': 33, 'attention_head_size': 4, 'learning_rate': 0.003855923321100887}. Best is trial 0 with value: 0.11973177641630173.
[I 2023-12-27 11:00:12,532] Trial 27 finished with value: 2.9561240673065186 and parameters: {'gradient_clip_val': 0.12887227411781366, 'hidden_size': 50, 'dropout': 0.4021149377102303, 'hidden_continuous_size': 23, 'attention_head_size': 3, 'learning_rate': 0.001760123551231605}. Best is trial 0 with value: 0.11973177641630173.
[I 2023-12-27 11:00:13,230] Trial 28 finished with value: 3.119079828262329 and parameters: {'gradient_clip_val': 0.20590889713591942, 'hidden_size': 68, 'dropout': 0.4245316174227876, 'hidden_continuous_size': 34, 'attention_head_size': 4, 'learning_rate': 0.0012362429548691063}. Best is trial 0 with value: 0.11973177641630173.
[I 2023-12-27 11:00:13,744] Trial 29 finished with value: 3.67667293548584 and parameters: {'gradient_clip_val': 0.16633086870662844, 'hidden_size': 87, 'dropout': 0.3542522972734343, 'hidden_continuous_size': 61, 'attention_head_size': 2, 'learning_rate': 0.0024060329081106433}. Best is trial 0 with value: 0.11973177641630173.
[I 2023-12-27 11:00:14,281] Trial 30 finished with value: 3.257106065750122 and parameters: {'gradient_clip_val': 0.21839121310290935, 'hidden_size': 115, 'dropout': 0.4610840924696868, 'hidden_continuous_size': 41, 'attention_head_size': 3, 'learning_rate': 0.004361886011072109}. Best is trial 0 with value: 0.11973177641630173.
[I 2023-12-27 11:00:14,695] Trial 31 finished with value: 3.2741100788116455 and parameters: {'gradient_clip_val': 0.18934535163005092, 'hidden_size': 28, 'dropout': 0.28904530274722445, 'hidden_continuous_size': 13, 'attention_head_size': 4, 'learning_rate': 0.0006083700834654965}. Best is trial 0 with value: 0.11973177641630173.
[I 2023-12-27 11:00:15,129] Trial 32 finished with value: 3.494018793106079 and parameters: {'gradient_clip_val': 0.41421090193325344, 'hidden_size': 46, 'dropout': 0.2664141511053191, 'hidden_continuous_size': 16, 'attention_head_size': 4, 'learning_rate': 0.0007484618636317945}. Best is trial 0 with value: 0.11973177641630173.
[I 2023-12-27 11:00:15,541] Trial 33 finished with value: 3.176623582839966 and parameters: {'gradient_clip_val': 0.24263885497356483, 'hidden_size': 35, 'dropout': 0.4236131910222051, 'hidden_continuous_size': 22, 'attention_head_size': 4, 'learning_rate': 0.0007737737331351531}. Best is trial 0 with value: 0.11973177641630173.
[I 2023-12-27 11:00:15,963] Trial 34 finished with value: 3.26164174079895 and parameters: {'gradient_clip_val': 0.26469245976663475, 'hidden_size': 43, 'dropout': 0.3821547703284073, 'hidden_continuous_size': 28, 'attention_head_size': 4, 'learning_rate': 0.0005071340848919905}. Best is trial 0 with value: 0.11973177641630173.
[I 2023-12-27 11:00:16,397] Trial 35 finished with value: 3.1587302684783936 and parameters: {'gradient_clip_val': 0.3013509909441859, 'hidden_size': 64, 'dropout': 0.3182496398761381, 'hidden_continuous_size': 26, 'attention_head_size': 4, 'learning_rate': 0.0010646760847502987}. Best is trial 0 with value: 0.11973177641630173.
[I 2023-12-27 11:00:16,805] Trial 36 finished with value: 3.0376570224761963 and parameters: {'gradient_clip_val': 0.35738158413444016, 'hidden_size': 39, 'dropout': 0.38731844449569086, 'hidden_continuous_size': 18, 'attention_head_size': 4, 'learning_rate': 0.0006961325582059523}. Best is trial 0 with value: 0.11973177641630173.
[I 2023-12-27 11:00:17,261] Trial 37 finished with value: 3.1623294353485107 and parameters: {'gradient_clip_val': 0.2005284826151993, 'hidden_size': 86, 'dropout': 0.4350807983087772, 'hidden_continuous_size': 10, 'attention_head_size': 2, 'learning_rate': 0.0013764690908604662}. Best is trial 0 with value: 0.11973177641630173.
[I 2023-12-27 11:00:17,656] Trial 38 finished with value: 3.1934900283813477 and parameters: {'gradient_clip_val': 0.4627389479070828, 'hidden_size': 33, 'dropout': 0.16876968107752843, 'hidden_continuous_size': 23, 'attention_head_size': 3, 'learning_rate': 0.0009304315087569742}. Best is trial 0 with value: 0.11973177641630173.
[I 2023-12-27 11:00:18,089] Trial 39 finished with value: 3.2365448474884033 and parameters: {'gradient_clip_val': 0.3476122094195244, 'hidden_size': 58, 'dropout': 0.24822880847066697, 'hidden_continuous_size': 26, 'attention_head_size': 3, 'learning_rate': 0.002722508716817006}. Best is trial 0 with value: 0.11973177641630173.
[I 2023-12-27 11:00:18,463] Trial 40 finished with value: 3.3415443897247314 and parameters: {'gradient_clip_val': 0.2775910954111428, 'hidden_size': 22, 'dropout': 0.3039746653941011, 'hidden_continuous_size': 12, 'attention_head_size': 1, 'learning_rate': 0.0019103818728265537}. Best is trial 0 with value: 0.11973177641630173.
[I 2023-12-27 11:00:18,872] Trial 41 finished with value: 2.5096819400787354 and parameters: {'gradient_clip_val': 0.600743310234093, 'hidden_size': 44, 'dropout': 0.21055246706983646, 'hidden_continuous_size': 17, 'attention_head_size': 2, 'learning_rate': 0.0015266766044118173}. Best is trial 0 with value: 0.11973177641630173.
[I 2023-12-27 11:00:19,503] Trial 42 finished with value: 2.4143495559692383 and parameters: {'gradient_clip_val': 0.6511877959542887, 'hidden_size': 43, 'dropout': 0.2017360638417925, 'hidden_continuous_size': 15, 'attention_head_size': 2, 'learning_rate': 0.0015138756409277482}. Best is trial 0 with value: 0.11973177641630173.
[I 2023-12-27 11:00:19,919] Trial 43 finished with value: 3.1594226360321045 and parameters: {'gradient_clip_val': 0.6622709964637797, 'hidden_size': 43, 'dropout': 0.19676924094471546, 'hidden_continuous_size': 17, 'attention_head_size': 2, 'learning_rate': 0.0015054314723381755}. Best is trial 0 with value: 0.11973177641630173.
[I 2023-12-27 11:00:20,345] Trial 44 finished with value: 2.8142287731170654 and parameters: {'gradient_clip_val': 0.8918690346069251, 'hidden_size': 53, 'dropout': 0.14199475254577815, 'hidden_continuous_size': 15, 'attention_head_size': 2, 'learning_rate': 0.0030628189393178133}. Best is trial 0 with value: 0.11973177641630173.
[I 2023-12-27 11:00:20,780] Trial 45 finished with value: 2.732877731323242 and parameters: {'gradient_clip_val': 0.7814554243368205, 'hidden_size': 66, 'dropout': 0.2068972684981566, 'hidden_continuous_size': 19, 'attention_head_size': 1, 'learning_rate': 0.002050046825685793}. Best is trial 0 with value: 0.11973177641630173.
[I 2023-12-27 11:00:21,197] Trial 46 finished with value: 2.997781991958618 and parameters: {'gradient_clip_val': 0.5629350017085253, 'hidden_size': 45, 'dropout': 0.22255488905926718, 'hidden_continuous_size': 21, 'attention_head_size': 2, 'learning_rate': 0.0013187092844508881}. Best is trial 0 with value: 0.11973177641630173.
[I 2023-12-27 11:00:21,594] Trial 47 finished with value: 2.6658592224121094 and parameters: {'gradient_clip_val': 0.9899033667689147, 'hidden_size': 35, 'dropout': 0.18211191767251791, 'hidden_continuous_size': 17, 'attention_head_size': 2, 'learning_rate': 0.001555384916579722}. Best is trial 0 with value: 0.11973177641630173.
[I 2023-12-27 11:00:22,040] Trial 48 finished with value: 2.629951238632202 and parameters: {'gradient_clip_val': 0.6456098732616002, 'hidden_size': 71, 'dropout': 0.14391272445071526, 'hidden_continuous_size': 14, 'attention_head_size': 1, 'learning_rate': 0.0009593066055326507}. Best is trial 0 with value: 0.11973177641630173.
[I 2023-12-27 11:00:22,452] Trial 49 finished with value: 3.4061825275421143 and parameters: {'gradient_clip_val': 0.5136312496357117, 'hidden_size': 39, 'dropout': 0.2158032807309391, 'hidden_continuous_size': 21, 'attention_head_size': 2, 'learning_rate': 0.005293167991641875}. Best is trial 0 with value: 0.11973177641630173.
[I 2023-12-27 11:00:22,564] A new study created in memory with name: no-name-c4cade6a-e481-40e2-8c1d-0b72bb53c853
/home/le004/conda/anaconda3/envs/tsff_env/lib/python3.9/site-packages/lightning/fabric/plugins/environments/slurm.py:191: The `srun` command is available on your system but is not used. HINT: If your intention is to run Lightning on SLURM, prepend your python command with `srun` like so: srun python /home/le004/master_thesis/git/TSFusionForecast/code/ ...
[I 2023-12-27 11:00:53,212] Trial 0 finished with value: 3.037898302078247 and parameters: {'gradient_clip_val': 0.17707029945352956, 'hidden_size': 8, 'dropout': 0.3218451839668304, 'hidden_continuous_size': 7, 'attention_head_size': 4, 'learning_rate': 0.0007250446018749893}. Best is trial 0 with value: 3.037898302078247.
[I 2023-12-27 11:01:42,806] Trial 1 finished with value: 0.0766342505812645 and parameters: {'gradient_clip_val': 0.3097912294454023, 'hidden_size': 99, 'dropout': 0.1727739898642966, 'hidden_continuous_size': 44, 'attention_head_size': 1, 'learning_rate': 0.0068619351788035965}. Best is trial 1 with value: 0.0766342505812645.
[I 2023-12-27 11:02:04,896] Trial 2 finished with value: 0.13355045020580292 and parameters: {'gradient_clip_val': 0.25260078488798465, 'hidden_size': 126, 'dropout': 0.2496629488849587, 'hidden_continuous_size': 125, 'attention_head_size': 4, 'learning_rate': 0.01584916650439855}. Best is trial 1 with value: 0.0766342505812645.
[I 2023-12-27 11:02:05,270] Trial 3 finished with value: 3.9069299697875977 and parameters: {'gradient_clip_val': 0.3742103039655695, 'hidden_size': 23, 'dropout': 0.4605626127500607, 'hidden_continuous_size': 5, 'attention_head_size': 1, 'learning_rate': 0.020660663888837492}. Best is trial 1 with value: 0.0766342505812645.
[I 2023-12-27 11:02:05,620] Trial 4 finished with value: 3.7528839111328125 and parameters: {'gradient_clip_val': 0.8556646807675503, 'hidden_size': 15, 'dropout': 0.3011411474305937, 'hidden_continuous_size': 7, 'attention_head_size': 2, 'learning_rate': 0.009068733920490424}. Best is trial 1 with value: 0.0766342505812645.
[I 2023-12-27 11:02:06,154] Trial 5 finished with value: 4.269398212432861 and parameters: {'gradient_clip_val': 0.3810726441805338, 'hidden_size': 136, 'dropout': 0.28947793627224266, 'hidden_continuous_size': 23, 'attention_head_size': 1, 'learning_rate': 0.0018040256423446797}. Best is trial 1 with value: 0.0766342505812645.
[I 2023-12-27 11:02:06,504] Trial 6 finished with value: 4.39677619934082 and parameters: {'gradient_clip_val': 0.5270796546426102, 'hidden_size': 7, 'dropout': 0.3426333862626965, 'hidden_continuous_size': 5, 'attention_head_size': 3, 'learning_rate': 0.00763842991159614}. Best is trial 1 with value: 0.0766342505812645.
[I 2023-12-27 11:02:06,978] Trial 7 finished with value: 3.8833844661712646 and parameters: {'gradient_clip_val': 0.12569060984352562, 'hidden_size': 103, 'dropout': 0.14357922963023537, 'hidden_continuous_size': 9, 'attention_head_size': 4, 'learning_rate': 0.06352413414173193}. Best is trial 1 with value: 0.0766342505812645.
[I 2023-12-27 11:02:07,466] Trial 8 finished with value: 3.91658878326416 and parameters: {'gradient_clip_val': 0.15821391396103313, 'hidden_size': 121, 'dropout': 0.11900002285962925, 'hidden_continuous_size': 22, 'attention_head_size': 1, 'learning_rate': 0.0028143276127249478}. Best is trial 1 with value: 0.0766342505812645.
[I 2023-12-27 11:02:07,888] Trial 9 finished with value: 4.099808216094971 and parameters: {'gradient_clip_val': 0.20241839527037056, 'hidden_size': 63, 'dropout': 0.37507279022647644, 'hidden_continuous_size': 16, 'attention_head_size': 3, 'learning_rate': 0.005455575515888056}. Best is trial 1 with value: 0.0766342505812645.
[I 2023-12-27 11:02:08,314] Trial 10 finished with value: 6.150675296783447 and parameters: {'gradient_clip_val': 0.10772304409863329, 'hidden_size': 52, 'dropout': 0.188512319434059, 'hidden_continuous_size': 43, 'attention_head_size': 2, 'learning_rate': 0.08491527304117112}. Best is trial 1 with value: 0.0766342505812645.
[I 2023-12-27 11:02:08,948] Trial 11 finished with value: 4.042100429534912 and parameters: {'gradient_clip_val': 0.2557998839936444, 'hidden_size': 53, 'dropout': 0.20759845130571164, 'hidden_continuous_size': 52, 'attention_head_size': 3, 'learning_rate': 0.020541811079912684}. Best is trial 1 with value: 0.0766342505812645.
[I 2023-12-27 11:02:09,427] Trial 12 finished with value: 4.114602565765381 and parameters: {'gradient_clip_val': 0.2643833152460638, 'hidden_size': 74, 'dropout': 0.2212458331269275, 'hidden_continuous_size': 70, 'attention_head_size': 2, 'learning_rate': 0.019083717085721853}. Best is trial 1 with value: 0.0766342505812645.
[I 2023-12-27 11:02:10,120] Trial 13 finished with value: 2.3869740962982178 and parameters: {'gradient_clip_val': 0.26991942678541964, 'hidden_size': 147, 'dropout': 0.23314112933607783, 'hidden_continuous_size': 139, 'attention_head_size': 4, 'learning_rate': 0.003885882407703535}. Best is trial 1 with value: 0.0766342505812645.
[I 2023-12-27 11:02:10,519] Trial 14 finished with value: 3.3815107345581055 and parameters: {'gradient_clip_val': 0.43212546337525876, 'hidden_size': 35, 'dropout': 0.1102984337963189, 'hidden_continuous_size': 13, 'attention_head_size': 2, 'learning_rate': 0.012263646946052129}. Best is trial 1 with value: 0.0766342505812645.
[I 2023-12-27 11:02:10,984] Trial 15 finished with value: 5.070059299468994 and parameters: {'gradient_clip_val': 0.2181181715390253, 'hidden_size': 82, 'dropout': 0.26667886270755825, 'hidden_continuous_size': 33, 'attention_head_size': 3, 'learning_rate': 0.03550717502086026}. Best is trial 1 with value: 0.0766342505812645.
[I 2023-12-27 11:02:11,461] Trial 16 finished with value: 3.5180532932281494 and parameters: {'gradient_clip_val': 0.33299367026265203, 'hidden_size': 84, 'dropout': 0.16623524498896025, 'hidden_continuous_size': 64, 'attention_head_size': 1, 'learning_rate': 0.012798764298622402}. Best is trial 1 with value: 0.0766342505812645.
[I 2023-12-27 11:02:12,151] Trial 17 finished with value: 4.543318271636963 and parameters: {'gradient_clip_val': 0.1530198964198223, 'hidden_size': 150, 'dropout': 0.2505630612504661, 'hidden_continuous_size': 141, 'attention_head_size': 4, 'learning_rate': 0.005492626221990029}. Best is trial 1 with value: 0.0766342505812645.
[I 2023-12-27 11:02:12,553] Trial 18 finished with value: 4.440240859985352 and parameters: {'gradient_clip_val': 0.5234421405340782, 'hidden_size': 42, 'dropout': 0.1633738947171372, 'hidden_continuous_size': 23, 'attention_head_size': 3, 'learning_rate': 0.039465188176200094}. Best is trial 1 with value: 0.0766342505812645.
[I 2023-12-27 11:02:13,017] Trial 19 finished with value: 5.32191801071167 and parameters: {'gradient_clip_val': 0.21142305577578205, 'hidden_size': 92, 'dropout': 0.19340195793670614, 'hidden_continuous_size': 33, 'attention_head_size': 2, 'learning_rate': 0.002138472267243209}. Best is trial 1 with value: 0.0766342505812645.
[I 2023-12-27 11:02:13,450] Trial 20 finished with value: 4.117422103881836 and parameters: {'gradient_clip_val': 0.2914278745907705, 'hidden_size': 68, 'dropout': 0.25310188031228237, 'hidden_continuous_size': 33, 'attention_head_size': 4, 'learning_rate': 0.007886743889493505}. Best is trial 1 with value: 0.0766342505812645.
[I 2023-12-27 11:02:14,109] Trial 21 finished with value: 3.1207282543182373 and parameters: {'gradient_clip_val': 0.27857774917235767, 'hidden_size': 141, 'dropout': 0.21485634954345628, 'hidden_continuous_size': 137, 'attention_head_size': 4, 'learning_rate': 0.0040979442742907005}. Best is trial 1 with value: 0.0766342505812645.
[I 2023-12-27 11:02:14,649] Trial 22 finished with value: 3.9083969593048096 and parameters: {'gradient_clip_val': 0.2441459832654465, 'hidden_size': 107, 'dropout': 0.23572187301224373, 'hidden_continuous_size': 95, 'attention_head_size': 4, 'learning_rate': 0.004699947866970427}. Best is trial 1 with value: 0.0766342505812645.
[I 2023-12-27 11:02:15,181] Trial 23 finished with value: 5.0372161865234375 and parameters: {'gradient_clip_val': 0.3197690710469214, 'hidden_size': 112, 'dropout': 0.1732427040076788, 'hidden_continuous_size': 88, 'attention_head_size': 4, 'learning_rate': 0.003985879011994558}. Best is trial 1 with value: 0.0766342505812645.
[I 2023-12-27 11:02:16,038] Trial 24 finished with value: 4.655824184417725 and parameters: {'gradient_clip_val': 0.18952024392033165, 'hidden_size': 142, 'dropout': 0.13925760955015634, 'hidden_continuous_size': 106, 'attention_head_size': 3, 'learning_rate': 0.012206358141484389}. Best is trial 1 with value: 0.0766342505812645.
[I 2023-12-27 11:02:16,546] Trial 25 finished with value: 2.8838462829589844 and parameters: {'gradient_clip_val': 0.2404424225624818, 'hidden_size': 91, 'dropout': 0.2248347463345066, 'hidden_continuous_size': 57, 'attention_head_size': 4, 'learning_rate': 0.0013985910011057765}. Best is trial 1 with value: 0.0766342505812645.
[I 2023-12-27 11:02:17,054] Trial 26 finished with value: 3.4749395847320557 and parameters: {'gradient_clip_val': 0.3228297733541581, 'hidden_size': 98, 'dropout': 0.2750763566275259, 'hidden_continuous_size': 70, 'attention_head_size': 3, 'learning_rate': 0.0037314567661555203}. Best is trial 1 with value: 0.0766342505812645.
[I 2023-12-27 11:02:17,496] Trial 27 finished with value: 4.57543420791626 and parameters: {'gradient_clip_val': 0.22744798928675247, 'hidden_size': 65, 'dropout': 0.10145797314920274, 'hidden_continuous_size': 45, 'attention_head_size': 1, 'learning_rate': 0.006924108549804585}. Best is trial 1 with value: 0.0766342505812645.
[I 2023-12-27 11:02:18,056] Trial 28 finished with value: 4.834775924682617 and parameters: {'gradient_clip_val': 0.291541503425658, 'hidden_size': 107, 'dropout': 0.19331286964523975, 'hidden_continuous_size': 75, 'attention_head_size': 4, 'learning_rate': 0.0028330838328033867}. Best is trial 1 with value: 0.0766342505812645.
[I 2023-12-27 11:02:18,714] Trial 29 finished with value: 4.175332546234131 and parameters: {'gradient_clip_val': 0.17682064069057415, 'hidden_size': 148, 'dropout': 0.24330071264517827, 'hidden_continuous_size': 113, 'attention_head_size': 4, 'learning_rate': 0.0005163317826819768}. Best is trial 1 with value: 0.0766342505812645.
[I 2023-12-27 11:02:19,171] Trial 30 finished with value: 3.6852753162384033 and parameters: {'gradient_clip_val': 0.1757065237141885, 'hidden_size': 75, 'dropout': 0.3044596376860621, 'hidden_continuous_size': 55, 'attention_head_size': 2, 'learning_rate': 0.0011748148496516623}. Best is trial 1 with value: 0.0766342505812645.
[I 2023-12-27 11:02:19,680] Trial 31 finished with value: 3.8839409351348877 and parameters: {'gradient_clip_val': 0.24082277820212084, 'hidden_size': 97, 'dropout': 0.22562990133982588, 'hidden_continuous_size': 74, 'attention_head_size': 4, 'learning_rate': 0.0016755638448759953}. Best is trial 1 with value: 0.0766342505812645.
[I 2023-12-27 11:02:20,247] Trial 32 finished with value: 3.8125622272491455 and parameters: {'gradient_clip_val': 0.26069653953013416, 'hidden_size': 118, 'dropout': 0.21231116088924676, 'hidden_continuous_size': 90, 'attention_head_size': 4, 'learning_rate': 0.0009269144619393731}. Best is trial 1 with value: 0.0766342505812645.
[I 2023-12-27 11:02:20,580] Trial 33 finished with value: 4.449341773986816 and parameters: {'gradient_clip_val': 0.2076896584028734, 'hidden_size': 5, 'dropout': 0.2708966215981125, 'hidden_continuous_size': 5, 'attention_head_size': 4, 'learning_rate': 0.001133421393827356}. Best is trial 1 with value: 0.0766342505812645.
[I 2023-12-27 11:02:21,062] Trial 34 finished with value: 4.347908020019531 and parameters: {'gradient_clip_val': 0.39632765123039493, 'hidden_size': 87, 'dropout': 0.23267183313780648, 'hidden_continuous_size': 59, 'attention_head_size': 4, 'learning_rate': 0.0015790713250099394}. Best is trial 1 with value: 0.0766342505812645.
[I 2023-12-27 11:02:21,433] Trial 35 finished with value: 4.216494560241699 and parameters: {'gradient_clip_val': 0.334404470055842, 'hidden_size': 19, 'dropout': 0.2902916866042981, 'hidden_continuous_size': 12, 'attention_head_size': 3, 'learning_rate': 0.0025363773555545158}. Best is trial 1 with value: 0.0766342505812645.
[I 2023-12-27 11:02:22,014] Trial 36 finished with value: 4.3393025398254395 and parameters: {'gradient_clip_val': 0.2357710707613341, 'hidden_size': 125, 'dropout': 0.18443108377328724, 'hidden_continuous_size': 106, 'attention_head_size': 1, 'learning_rate': 0.009373297988776966}. Best is trial 1 with value: 0.0766342505812645.
[I 2023-12-27 11:02:22,590] Trial 37 finished with value: 3.462568521499634 and parameters: {'gradient_clip_val': 0.2887921725501872, 'hidden_size': 125, 'dropout': 0.144538442822824, 'hidden_continuous_size': 87, 'attention_head_size': 4, 'learning_rate': 0.006426095321535413}. Best is trial 1 with value: 0.0766342505812645.
