[I 2023-12-27 11:11:03,854] Trial 38 finished with value: 4.174898624420166 and parameters: {'gradient_clip_val': 0.11434756275950368, 'hidden_size': 14, 'dropout': 0.4162472449648864, 'hidden_continuous_size': 6, 'attention_head_size': 4, 'learning_rate': 0.0014285756318303958}. Best is trial 0 with value: 0.2616823613643646.
[I 2023-12-27 11:11:04,423] Trial 39 finished with value: 2.857285261154175 and parameters: {'gradient_clip_val': 0.12650401192284313, 'hidden_size': 150, 'dropout': 0.4376644822757581, 'hidden_continuous_size': 9, 'attention_head_size': 3, 'learning_rate': 0.00505238026498372}. Best is trial 0 with value: 0.2616823613643646.
[I 2023-12-27 11:11:04,836] Trial 40 finished with value: 2.5980494022369385 and parameters: {'gradient_clip_val': 0.14368520909668714, 'hidden_size': 10, 'dropout': 0.18052374789394438, 'hidden_continuous_size': 5, 'attention_head_size': 4, 'learning_rate': 0.011988864075885087}. Best is trial 0 with value: 0.2616823613643646.
[I 2023-12-27 11:11:05,197] Trial 41 finished with value: 2.437976837158203 and parameters: {'gradient_clip_val': 0.14547332434002838, 'hidden_size': 12, 'dropout': 0.17356568220739196, 'hidden_continuous_size': 5, 'attention_head_size': 4, 'learning_rate': 0.007329933719993089}. Best is trial 0 with value: 0.2616823613643646.
[I 2023-12-27 11:11:05,577] Trial 42 finished with value: 2.686614751815796 and parameters: {'gradient_clip_val': 0.1700291792765851, 'hidden_size': 14, 'dropout': 0.25890536967495903, 'hidden_continuous_size': 7, 'attention_head_size': 4, 'learning_rate': 0.003665337651921464}. Best is trial 0 with value: 0.2616823613643646.
[I 2023-12-27 11:11:05,944] Trial 43 finished with value: 2.915208101272583 and parameters: {'gradient_clip_val': 0.10877471364630488, 'hidden_size': 11, 'dropout': 0.1204749028004512, 'hidden_continuous_size': 5, 'attention_head_size': 4, 'learning_rate': 0.0070730170221581495}. Best is trial 0 with value: 0.2616823613643646.
[I 2023-12-27 11:11:06,308] Trial 44 finished with value: 5.0547614097595215 and parameters: {'gradient_clip_val': 0.13027385632331273, 'hidden_size': 8, 'dropout': 0.1402667734322932, 'hidden_continuous_size': 5, 'attention_head_size': 4, 'learning_rate': 0.024756243318364988}. Best is trial 0 with value: 0.2616823613643646.
[I 2023-12-27 11:11:06,892] Trial 45 finished with value: 2.901900291442871 and parameters: {'gradient_clip_val': 0.10657737454531528, 'hidden_size': 132, 'dropout': 0.2811384230906451, 'hidden_continuous_size': 6, 'attention_head_size': 3, 'learning_rate': 0.008628651511342974}. Best is trial 0 with value: 0.2616823613643646.
[I 2023-12-27 11:11:07,282] Trial 46 finished with value: 2.6788883209228516 and parameters: {'gradient_clip_val': 0.1867499195192364, 'hidden_size': 20, 'dropout': 0.20576242145593998, 'hidden_continuous_size': 8, 'attention_head_size': 2, 'learning_rate': 0.015477828939132306}. Best is trial 0 with value: 0.2616823613643646.
[I 2023-12-27 11:11:07,724] Trial 47 finished with value: 4.066552639007568 and parameters: {'gradient_clip_val': 0.11268143779026589, 'hidden_size': 72, 'dropout': 0.31137935858837557, 'hidden_continuous_size': 20, 'attention_head_size': 1, 'learning_rate': 0.002829946656493156}. Best is trial 0 with value: 0.2616823613643646.
[I 2023-12-27 11:11:08,517] Trial 48 finished with value: 4.039369583129883 and parameters: {'gradient_clip_val': 0.12474276504807885, 'hidden_size': 98, 'dropout': 0.4040283957997596, 'hidden_continuous_size': 15, 'attention_head_size': 4, 'learning_rate': 0.011037817920068091}. Best is trial 0 with value: 0.2616823613643646.
[I 2023-12-27 11:11:08,902] Trial 49 finished with value: 2.95235538482666 and parameters: {'gradient_clip_val': 0.15086736910363463, 'hidden_size': 18, 'dropout': 0.37017572981211033, 'hidden_continuous_size': 10, 'attention_head_size': 3, 'learning_rate': 0.006438702723279927}. Best is trial 0 with value: 0.2616823613643646.
[I 2023-12-27 11:11:09,016] A new study created in memory with name: no-name-8d4a5249-7951-44a1-bfa6-fa996d8accfd
/home/le004/conda/anaconda3/envs/tsff_env/lib/python3.9/site-packages/lightning/fabric/plugins/environments/slurm.py:191: The `srun` command is available on your system but is not used. HINT: If your intention is to run Lightning on SLURM, prepend your python command with `srun` like so: srun python /home/le004/master_thesis/git/TSFusionForecast/code/ ...
[I 2023-12-27 11:11:36,791] Trial 0 finished with value: 71.09262084960938 and parameters: {'gradient_clip_val': 0.7110289144847555, 'hidden_size': 39, 'dropout': 0.40746173342661296, 'hidden_continuous_size': 8, 'attention_head_size': 1, 'learning_rate': 0.007221829237082745}. Best is trial 0 with value: 71.09262084960938.
[I 2023-12-27 11:11:37,115] Trial 1 finished with value: 186.3609619140625 and parameters: {'gradient_clip_val': 0.1991741096355564, 'hidden_size': 5, 'dropout': 0.13503196601659104, 'hidden_continuous_size': 5, 'attention_head_size': 4, 'learning_rate': 0.0005291299782321865}. Best is trial 0 with value: 71.09262084960938.
[I 2023-12-27 11:11:37,473] Trial 2 finished with value: 246.0544891357422 and parameters: {'gradient_clip_val': 0.13345608337112894, 'hidden_size': 20, 'dropout': 0.11751714427051563, 'hidden_continuous_size': 12, 'attention_head_size': 3, 'learning_rate': 0.012161970728269285}. Best is trial 0 with value: 71.09262084960938.
[I 2023-12-27 11:11:37,782] Trial 3 finished with value: 211.3146209716797 and parameters: {'gradient_clip_val': 0.11039098772652597, 'hidden_size': 5, 'dropout': 0.49911561375915736, 'hidden_continuous_size': 5, 'attention_head_size': 2, 'learning_rate': 0.05402429489092499}. Best is trial 0 with value: 71.09262084960938.
[I 2023-12-27 11:11:38,154] Trial 4 finished with value: 213.1915740966797 and parameters: {'gradient_clip_val': 0.8874423123584072, 'hidden_size': 12, 'dropout': 0.4620324105064382, 'hidden_continuous_size': 8, 'attention_head_size': 3, 'learning_rate': 0.0009155652745672553}. Best is trial 0 with value: 71.09262084960938.
[I 2023-12-27 11:11:38,477] Trial 5 finished with value: 145.38145446777344 and parameters: {'gradient_clip_val': 0.28820258958472317, 'hidden_size': 8, 'dropout': 0.16535052350472693, 'hidden_continuous_size': 8, 'attention_head_size': 4, 'learning_rate': 0.014281932381397217}. Best is trial 0 with value: 71.09262084960938.
[I 2023-12-27 11:11:38,850] Trial 6 finished with value: 170.83018493652344 and parameters: {'gradient_clip_val': 0.3163665714321165, 'hidden_size': 38, 'dropout': 0.2725181284830368, 'hidden_continuous_size': 8, 'attention_head_size': 1, 'learning_rate': 0.02280903629577298}. Best is trial 0 with value: 71.09262084960938.
[I 2023-12-27 11:11:39,207] Trial 7 finished with value: 192.82933044433594 and parameters: {'gradient_clip_val': 0.9505834509983664, 'hidden_size': 15, 'dropout': 0.1912209969367612, 'hidden_continuous_size': 6, 'attention_head_size': 4, 'learning_rate': 0.004993916209031615}. Best is trial 0 with value: 71.09262084960938.
[I 2023-12-27 11:11:39,563] Trial 8 finished with value: 179.703369140625 and parameters: {'gradient_clip_val': 0.2870827985222423, 'hidden_size': 18, 'dropout': 0.30157010591525957, 'hidden_continuous_size': 7, 'attention_head_size': 4, 'learning_rate': 0.015932788456230463}. Best is trial 0 with value: 71.09262084960938.
[I 2023-12-27 11:11:40,132] Trial 9 finished with value: 124.55956268310547 and parameters: {'gradient_clip_val': 0.2651265361280782, 'hidden_size': 11, 'dropout': 0.2614624938635193, 'hidden_continuous_size': 10, 'attention_head_size': 4, 'learning_rate': 0.0006173751819913746}. Best is trial 0 with value: 71.09262084960938.
[I 2023-12-27 11:11:40,620] Trial 10 finished with value: 203.3634490966797 and parameters: {'gradient_clip_val': 0.5738696573876381, 'hidden_size': 94, 'dropout': 0.38902268549945535, 'hidden_continuous_size': 32, 'attention_head_size': 1, 'learning_rate': 0.0030125990741919633}. Best is trial 0 with value: 71.09262084960938.
[I 2023-12-27 11:11:41,025] Trial 11 finished with value: 192.54888916015625 and parameters: {'gradient_clip_val': 0.4963684159015411, 'hidden_size': 37, 'dropout': 0.3698685243881309, 'hidden_continuous_size': 12, 'attention_head_size': 2, 'learning_rate': 0.002189302710418384}. Best is trial 0 with value: 71.09262084960938.
[I 2023-12-27 11:11:41,417] Trial 12 finished with value: 145.18679809570312 and parameters: {'gradient_clip_val': 0.4831473782396993, 'hidden_size': 34, 'dropout': 0.2507463186370728, 'hidden_continuous_size': 16, 'attention_head_size': 2, 'learning_rate': 0.0015269104636066477}. Best is trial 0 with value: 71.09262084960938.
[I 2023-12-27 11:11:41,888] Trial 13 finished with value: 241.9927215576172 and parameters: {'gradient_clip_val': 0.1868290224919894, 'hidden_size': 63, 'dropout': 0.35116459896583274, 'hidden_continuous_size': 27, 'attention_head_size': 3, 'learning_rate': 0.005197318293132736}. Best is trial 0 with value: 71.09262084960938.
[I 2023-12-27 11:11:42,260] Trial 14 finished with value: 220.1682891845703 and parameters: {'gradient_clip_val': 0.6242685348666188, 'hidden_size': 10, 'dropout': 0.22053607539105935, 'hidden_continuous_size': 6, 'attention_head_size': 1, 'learning_rate': 0.0005079320688823396}. Best is trial 0 with value: 71.09262084960938.
[I 2023-12-27 11:11:42,866] Trial 15 finished with value: 186.2731170654297 and parameters: {'gradient_clip_val': 0.3622323281873315, 'hidden_size': 126, 'dropout': 0.3140671869291127, 'hidden_continuous_size': 108, 'attention_head_size': 2, 'learning_rate': 0.003500087313085898}. Best is trial 0 with value: 71.09262084960938.
[I 2023-12-27 11:11:43,274] Trial 16 finished with value: 185.7768096923828 and parameters: {'gradient_clip_val': 0.7755800230816434, 'hidden_size': 26, 'dropout': 0.4154886185260663, 'hidden_continuous_size': 10, 'attention_head_size': 3, 'learning_rate': 0.0014217577829236988}. Best is trial 0 with value: 71.09262084960938.
[I 2023-12-27 11:11:43,708] Trial 17 finished with value: 212.19944763183594 and parameters: {'gradient_clip_val': 0.42244706140740723, 'hidden_size': 63, 'dropout': 0.3289993725638489, 'hidden_continuous_size': 10, 'attention_head_size': 1, 'learning_rate': 0.007203618505635702}. Best is trial 0 with value: 71.09262084960938.
[I 2023-12-27 11:11:44,085] Trial 18 finished with value: 225.2137451171875 and parameters: {'gradient_clip_val': 0.6822328390580186, 'hidden_size': 20, 'dropout': 0.24430926778262357, 'hidden_continuous_size': 7, 'attention_head_size': 3, 'learning_rate': 0.008113618245923538}. Best is trial 0 with value: 71.09262084960938.
[I 2023-12-27 11:11:44,443] Trial 19 finished with value: 248.20326232910156 and parameters: {'gradient_clip_val': 0.7504485863596064, 'hidden_size': 8, 'dropout': 0.2841721303184112, 'hidden_continuous_size': 5, 'attention_head_size': 2, 'learning_rate': 0.0009858152727293579}. Best is trial 0 with value: 71.09262084960938.
[I 2023-12-27 11:11:44,841] Trial 20 finished with value: 168.7854461669922 and parameters: {'gradient_clip_val': 0.22709433819866484, 'hidden_size': 28, 'dropout': 0.427490458549062, 'hidden_continuous_size': 10, 'attention_head_size': 4, 'learning_rate': 0.0026484025791746815}. Best is trial 0 with value: 71.09262084960938.
[I 2023-12-27 11:11:45,250] Trial 21 finished with value: 215.33421325683594 and parameters: {'gradient_clip_val': 0.4786486752031902, 'hidden_size': 42, 'dropout': 0.25301694389671686, 'hidden_continuous_size': 16, 'attention_head_size': 2, 'learning_rate': 0.001695687632873425}. Best is trial 0 with value: 71.09262084960938.
[I 2023-12-27 11:11:45,637] Trial 22 finished with value: 207.5238037109375 and parameters: {'gradient_clip_val': 0.5551536843381466, 'hidden_size': 26, 'dropout': 0.22016216089720275, 'hidden_continuous_size': 9, 'attention_head_size': 1, 'learning_rate': 0.0009762878122946533}. Best is trial 0 with value: 71.09262084960938.
[I 2023-12-27 11:11:46,303] Trial 23 finished with value: 181.91290283203125 and parameters: {'gradient_clip_val': 0.4191604631959672, 'hidden_size': 56, 'dropout': 0.3393410944808798, 'hidden_continuous_size': 15, 'attention_head_size': 2, 'learning_rate': 0.0018827068900478267}. Best is trial 0 with value: 71.09262084960938.
[I 2023-12-27 11:11:46,669] Trial 24 finished with value: 192.4104766845703 and parameters: {'gradient_clip_val': 0.6879534731214622, 'hidden_size': 16, 'dropout': 0.2984787484620311, 'hidden_continuous_size': 7, 'attention_head_size': 1, 'learning_rate': 0.003613461971308555}. Best is trial 0 with value: 71.09262084960938.
[I 2023-12-27 11:11:47,062] Trial 25 finished with value: 203.9920654296875 and parameters: {'gradient_clip_val': 0.9823803357155575, 'hidden_size': 32, 'dropout': 0.2677789791111707, 'hidden_continuous_size': 14, 'attention_head_size': 2, 'learning_rate': 0.001117886061894327}. Best is trial 0 with value: 71.09262084960938.
[I 2023-12-27 11:11:47,494] Trial 26 finished with value: 244.92169189453125 and parameters: {'gradient_clip_val': 0.5030397235654291, 'hidden_size': 46, 'dropout': 0.32941492080391793, 'hidden_continuous_size': 12, 'attention_head_size': 3, 'learning_rate': 0.0006534340794642757}. Best is trial 0 with value: 71.09262084960938.
[I 2023-12-27 11:11:47,888] Trial 27 finished with value: 226.11097717285156 and parameters: {'gradient_clip_val': 0.38415317236602436, 'hidden_size': 23, 'dropout': 0.2314796083809633, 'hidden_continuous_size': 9, 'attention_head_size': 1, 'learning_rate': 0.0014617956421107145}. Best is trial 0 with value: 71.09262084960938.
[I 2023-12-27 11:11:48,281] Trial 28 finished with value: 211.0995635986328 and parameters: {'gradient_clip_val': 0.6229393432787392, 'hidden_size': 32, 'dropout': 0.1927905017811552, 'hidden_continuous_size': 11, 'attention_head_size': 2, 'learning_rate': 0.0007637410895556458}. Best is trial 0 with value: 71.09262084960938.
[I 2023-12-27 11:11:48,716] Trial 29 finished with value: 241.6227569580078 and parameters: {'gradient_clip_val': 0.8080564332167856, 'hidden_size': 51, 'dropout': 0.14226037949940362, 'hidden_continuous_size': 18, 'attention_head_size': 4, 'learning_rate': 0.0005111932417516624}. Best is trial 0 with value: 71.09262084960938.
[I 2023-12-27 11:11:49,180] Trial 30 finished with value: 202.6324920654297 and parameters: {'gradient_clip_val': 0.3410987898199713, 'hidden_size': 79, 'dropout': 0.2863469518643731, 'hidden_continuous_size': 20, 'attention_head_size': 1, 'learning_rate': 0.000676980036516573}. Best is trial 0 with value: 71.09262084960938.
[I 2023-12-27 11:11:49,545] Trial 31 finished with value: 172.0708770751953 and parameters: {'gradient_clip_val': 0.2644963151497782, 'hidden_size': 7, 'dropout': 0.15558266442692037, 'hidden_continuous_size': 5, 'attention_head_size': 4, 'learning_rate': 0.008721095181694775}. Best is trial 0 with value: 71.09262084960938.
[I 2023-12-27 11:11:49,928] Trial 32 finished with value: 204.3761749267578 and parameters: {'gradient_clip_val': 0.26423545055646513, 'hidden_size': 13, 'dropout': 0.19537305045491804, 'hidden_continuous_size': 8, 'attention_head_size': 4, 'learning_rate': 0.012494538369400069}. Best is trial 0 with value: 71.09262084960938.
[I 2023-12-27 11:11:50,293] Trial 33 finished with value: 229.1690673828125 and parameters: {'gradient_clip_val': 0.1999917983849519, 'hidden_size': 6, 'dropout': 0.10747779386595618, 'hidden_continuous_size': 5, 'attention_head_size': 4, 'learning_rate': 0.004740346125435974}. Best is trial 0 with value: 71.09262084960938.
[I 2023-12-27 11:11:50,674] Trial 34 finished with value: 187.95835876464844 and parameters: {'gradient_clip_val': 0.3232778583469887, 'hidden_size': 9, 'dropout': 0.263253854844675, 'hidden_continuous_size': 6, 'attention_head_size': 3, 'learning_rate': 0.02019070350572479}. Best is trial 0 with value: 71.09262084960938.
[I 2023-12-27 11:11:51,018] Trial 35 finished with value: 224.9732208251953 and parameters: {'gradient_clip_val': 0.40378118348095365, 'hidden_size': 5, 'dropout': 0.1781207998660872, 'hidden_continuous_size': 5, 'attention_head_size': 4, 'learning_rate': 0.031422219672097164}. Best is trial 0 with value: 71.09262084960938.
[I 2023-12-27 11:11:51,402] Trial 36 finished with value: 182.3286895751953 and parameters: {'gradient_clip_val': 0.2927765553515787, 'hidden_size': 13, 'dropout': 0.24269201831809775, 'hidden_continuous_size': 8, 'attention_head_size': 3, 'learning_rate': 0.009994225016766457}. Best is trial 0 with value: 71.09262084960938.
[I 2023-12-27 11:11:52,024] Trial 37 finished with value: 200.7764434814453 and parameters: {'gradient_clip_val': 0.15033782314119032, 'hidden_size': 10, 'dropout': 0.12478832569170176, 'hidden_continuous_size': 7, 'attention_head_size': 4, 'learning_rate': 0.006570435434751434}. Best is trial 0 with value: 71.09262084960938.
[I 2023-12-27 11:11:52,403] Trial 38 finished with value: 194.78265380859375 and parameters: {'gradient_clip_val': 0.31553544071815554, 'hidden_size': 7, 'dropout': 0.4994469153341252, 'hidden_continuous_size': 6, 'attention_head_size': 4, 'learning_rate': 0.011444102578004487}. Best is trial 0 with value: 71.09262084960938.
[I 2023-12-27 11:11:52,787] Trial 39 finished with value: 177.46429443359375 and parameters: {'gradient_clip_val': 0.45331851633712483, 'hidden_size': 21, 'dropout': 0.15965226792669773, 'hidden_continuous_size': 9, 'attention_head_size': 3, 'learning_rate': 0.0012525349499552627}. Best is trial 0 with value: 71.09262084960938.
[I 2023-12-27 11:11:53,156] Trial 40 finished with value: 255.82582092285156 and parameters: {'gradient_clip_val': 0.3660687650209075, 'hidden_size': 16, 'dropout': 0.30864368252277985, 'hidden_continuous_size': 8, 'attention_head_size': 3, 'learning_rate': 0.0023714225098552867}. Best is trial 0 with value: 71.09262084960938.
[I 2023-12-27 11:11:53,560] Trial 41 finished with value: 174.2316131591797 and parameters: {'gradient_clip_val': 0.2223062960055667, 'hidden_size': 33, 'dropout': 0.44752278706374116, 'hidden_continuous_size': 13, 'attention_head_size': 4, 'learning_rate': 0.002510146730656276}. Best is trial 0 with value: 71.09262084960938.
[I 2023-12-27 11:11:53,971] Trial 42 finished with value: 217.99267578125 and parameters: {'gradient_clip_val': 0.2387803381364796, 'hidden_size': 37, 'dropout': 0.3978307212907719, 'hidden_continuous_size': 11, 'attention_head_size': 4, 'learning_rate': 0.0008779082658503384}. Best is trial 0 with value: 71.09262084960938.
[I 2023-12-27 11:11:54,388] Trial 43 finished with value: 209.4600372314453 and parameters: {'gradient_clip_val': 0.2906775497899975, 'hidden_size': 30, 'dropout': 0.4681893714162936, 'hidden_continuous_size': 10, 'attention_head_size': 4, 'learning_rate': 0.0018351472885539872}. Best is trial 0 with value: 71.09262084960938.
[I 2023-12-27 11:11:54,777] Trial 44 finished with value: 229.96649169921875 and parameters: {'gradient_clip_val': 0.8698996230140142, 'hidden_size': 23, 'dropout': 0.42372908359828454, 'hidden_continuous_size': 9, 'attention_head_size': 4, 'learning_rate': 0.0012575222241780716}. Best is trial 0 with value: 71.09262084960938.
[I 2023-12-27 11:11:55,151] Trial 45 finished with value: 199.1054229736328 and parameters: {'gradient_clip_val': 0.2289927575126142, 'hidden_size': 11, 'dropout': 0.3808548718099595, 'hidden_continuous_size': 8, 'attention_head_size': 4, 'learning_rate': 0.0027691964727352427}. Best is trial 0 with value: 71.09262084960938.
[I 2023-12-27 11:11:55,535] Trial 46 finished with value: 246.14659118652344 and parameters: {'gradient_clip_val': 0.3366905640986427, 'hidden_size': 18, 'dropout': 0.2110774069978905, 'hidden_continuous_size': 10, 'attention_head_size': 2, 'learning_rate': 0.0037077618796085487}. Best is trial 0 with value: 71.09262084960938.
[I 2023-12-27 11:11:55,936] Trial 47 finished with value: 196.05332946777344 and parameters: {'gradient_clip_val': 0.18488909758765742, 'hidden_size': 40, 'dropout': 0.3500641665224733, 'hidden_continuous_size': 11, 'attention_head_size': 3, 'learning_rate': 0.0047015958790237065}. Best is trial 0 with value: 71.09262084960938.
[I 2023-12-27 11:11:56,330] Trial 48 finished with value: 209.92620849609375 and parameters: {'gradient_clip_val': 0.2626591175874729, 'hidden_size': 28, 'dropout': 0.27120043973064334, 'hidden_continuous_size': 12, 'attention_head_size': 4, 'learning_rate': 0.005866518214122583}. Best is trial 0 with value: 71.09262084960938.
[I 2023-12-27 11:11:56,718] Trial 49 finished with value: 222.190673828125 and parameters: {'gradient_clip_val': 0.5265992311415489, 'hidden_size': 26, 'dropout': 0.23170624011515342, 'hidden_continuous_size': 10, 'attention_head_size': 1, 'learning_rate': 0.0006436941187114091}. Best is trial 0 with value: 71.09262084960938.
[I 2023-12-27 11:11:56,827] A new study created in memory with name: no-name-dff3d11f-2d82-44ee-aad5-ca73ac95bbfc
/home/le004/conda/anaconda3/envs/tsff_env/lib/python3.9/site-packages/lightning/fabric/plugins/environments/slurm.py:191: The `srun` command is available on your system but is not used. HINT: If your intention is to run Lightning on SLURM, prepend your python command with `srun` like so: srun python /home/le004/master_thesis/git/TSFusionForecast/code/ ...
[I 2023-12-27 11:12:17,479] Trial 0 finished with value: 10547.771484375 and parameters: {'gradient_clip_val': 0.7728731572682438, 'hidden_size': 92, 'dropout': 0.22413444522458656, 'hidden_continuous_size': 37, 'attention_head_size': 2, 'learning_rate': 0.022834675778915577}. Best is trial 0 with value: 10547.771484375.
[I 2023-12-27 11:12:17,839] Trial 1 finished with value: 25283.890625 and parameters: {'gradient_clip_val': 0.33873768724936765, 'hidden_size': 9, 'dropout': 0.36229252579920623, 'hidden_continuous_size': 8, 'attention_head_size': 3, 'learning_rate': 0.019021024474818123}. Best is trial 0 with value: 10547.771484375.
