[I 2023-12-27 11:28:36,284] Trial 21 finished with value: 2.884450674057007 and parameters: {'gradient_clip_val': 0.16675785627795878, 'hidden_size': 41, 'dropout': 0.28687822195180945, 'hidden_continuous_size': 17, 'attention_head_size': 2, 'learning_rate': 0.056146689513292214}. Best is trial 0 with value: 2.194629430770874.
[I 2023-12-27 11:28:36,722] Trial 22 finished with value: 3.714323043823242 and parameters: {'gradient_clip_val': 0.20443488863228795, 'hidden_size': 61, 'dropout': 0.33092269808999086, 'hidden_continuous_size': 19, 'attention_head_size': 2, 'learning_rate': 0.044157930377386266}. Best is trial 0 with value: 2.194629430770874.
[I 2023-12-27 11:28:37,116] Trial 23 finished with value: 2.3472721576690674 and parameters: {'gradient_clip_val': 0.14340375453659748, 'hidden_size': 36, 'dropout': 0.2606223226486031, 'hidden_continuous_size': 15, 'attention_head_size': 1, 'learning_rate': 0.05842951842002079}. Best is trial 0 with value: 2.194629430770874.
[I 2023-12-27 11:28:37,523] Trial 24 finished with value: 2.280884027481079 and parameters: {'gradient_clip_val': 0.1255686517202192, 'hidden_size': 46, 'dropout': 0.13513795485940172, 'hidden_continuous_size': 14, 'attention_head_size': 1, 'learning_rate': 0.06938711226896781}. Best is trial 0 with value: 2.194629430770874.
[I 2023-12-27 11:28:38,173] Trial 25 finished with value: 3.329111099243164 and parameters: {'gradient_clip_val': 0.12113308938440066, 'hidden_size': 70, 'dropout': 0.13272198686990583, 'hidden_continuous_size': 13, 'attention_head_size': 1, 'learning_rate': 0.09708947052904475}. Best is trial 0 with value: 2.194629430770874.
[I 2023-12-27 11:28:38,667] Trial 26 finished with value: 2.996495008468628 and parameters: {'gradient_clip_val': 0.10275573953537119, 'hidden_size': 108, 'dropout': 0.17468160909962763, 'hidden_continuous_size': 27, 'attention_head_size': 1, 'learning_rate': 0.025836176313057253}. Best is trial 0 with value: 2.194629430770874.
[I 2023-12-27 11:28:39,074] Trial 27 finished with value: 3.1411335468292236 and parameters: {'gradient_clip_val': 0.12546329018623403, 'hidden_size': 49, 'dropout': 0.1358386732240542, 'hidden_continuous_size': 16, 'attention_head_size': 1, 'learning_rate': 0.03593213428343434}. Best is trial 0 with value: 2.194629430770874.
[I 2023-12-27 11:28:39,565] Trial 28 finished with value: 2.8794877529144287 and parameters: {'gradient_clip_val': 0.1669266346732239, 'hidden_size': 102, 'dropout': 0.1995505222876416, 'hidden_continuous_size': 23, 'attention_head_size': 1, 'learning_rate': 0.06941546750279726}. Best is trial 0 with value: 2.194629430770874.
[I 2023-12-27 11:28:40,013] Trial 29 finished with value: 2.051079034805298 and parameters: {'gradient_clip_val': 0.13360939922880993, 'hidden_size': 71, 'dropout': 0.12118598761401163, 'hidden_continuous_size': 11, 'attention_head_size': 3, 'learning_rate': 0.014075821206250677}. Best is trial 29 with value: 2.051079034805298.
[I 2023-12-27 11:28:40,483] Trial 30 finished with value: 2.3406970500946045 and parameters: {'gradient_clip_val': 0.14887667864567444, 'hidden_size': 70, 'dropout': 0.1689100208574941, 'hidden_continuous_size': 11, 'attention_head_size': 3, 'learning_rate': 0.016229987872495955}. Best is trial 29 with value: 2.051079034805298.
[I 2023-12-27 11:28:40,912] Trial 31 finished with value: 3.3216896057128906 and parameters: {'gradient_clip_val': 0.12653677814329733, 'hidden_size': 48, 'dropout': 0.13307415421933483, 'hidden_continuous_size': 13, 'attention_head_size': 4, 'learning_rate': 0.0360498241424932}. Best is trial 29 with value: 2.051079034805298.
[I 2023-12-27 11:28:41,404] Trial 32 finished with value: 3.681851625442505 and parameters: {'gradient_clip_val': 0.12480639826658162, 'hidden_size': 82, 'dropout': 0.1278127390070643, 'hidden_continuous_size': 21, 'attention_head_size': 3, 'learning_rate': 0.06824156213606843}. Best is trial 29 with value: 2.051079034805298.
[I 2023-12-27 11:28:41,859] Trial 33 finished with value: 3.6302497386932373 and parameters: {'gradient_clip_val': 0.14062476255219047, 'hidden_size': 62, 'dropout': 0.15834119368746896, 'hidden_continuous_size': 16, 'attention_head_size': 2, 'learning_rate': 0.040107480430692476}. Best is trial 29 with value: 2.051079034805298.
[I 2023-12-27 11:28:42,285] Trial 34 finished with value: 4.022970199584961 and parameters: {'gradient_clip_val': 0.10748324203499528, 'hidden_size': 42, 'dropout': 0.11573033680008751, 'hidden_continuous_size': 14, 'attention_head_size': 3, 'learning_rate': 0.028324276092036613}. Best is trial 29 with value: 2.051079034805298.
[I 2023-12-27 11:28:42,739] Trial 35 finished with value: 3.652857542037964 and parameters: {'gradient_clip_val': 0.11765060801604699, 'hidden_size': 54, 'dropout': 0.15402595046982862, 'hidden_continuous_size': 18, 'attention_head_size': 4, 'learning_rate': 0.07849795228437673}. Best is trial 29 with value: 2.051079034805298.
[I 2023-12-27 11:28:43,160] Trial 36 finished with value: 3.644683837890625 and parameters: {'gradient_clip_val': 0.15899298329178446, 'hidden_size': 43, 'dropout': 0.2080013138893156, 'hidden_continuous_size': 15, 'attention_head_size': 2, 'learning_rate': 0.050103834799342266}. Best is trial 29 with value: 2.051079034805298.
[I 2023-12-27 11:28:43,651] Trial 37 finished with value: 2.8036231994628906 and parameters: {'gradient_clip_val': 0.26722998051662644, 'hidden_size': 87, 'dropout': 0.12737817549331845, 'hidden_continuous_size': 24, 'attention_head_size': 2, 'learning_rate': 0.09987516647317396}. Best is trial 29 with value: 2.051079034805298.
[I 2023-12-27 11:28:44,322] Trial 38 finished with value: 2.4084925651550293 and parameters: {'gradient_clip_val': 0.13481352079449807, 'hidden_size': 30, 'dropout': 0.1797452767761107, 'hidden_continuous_size': 13, 'attention_head_size': 2, 'learning_rate': 0.0693324387733366}. Best is trial 29 with value: 2.051079034805298.
[I 2023-12-27 11:28:44,732] Trial 39 finished with value: 2.7216527462005615 and parameters: {'gradient_clip_val': 0.1826647580662358, 'hidden_size': 36, 'dropout': 0.15074974600736343, 'hidden_continuous_size': 16, 'attention_head_size': 3, 'learning_rate': 0.020218833747552158}. Best is trial 29 with value: 2.051079034805298.
[I 2023-12-27 11:28:45,191] Trial 40 finished with value: 2.379087209701538 and parameters: {'gradient_clip_val': 0.15961144224141008, 'hidden_size': 65, 'dropout': 0.12287060863072258, 'hidden_continuous_size': 10, 'attention_head_size': 2, 'learning_rate': 0.03402459253272415}. Best is trial 29 with value: 2.051079034805298.
[I 2023-12-27 11:28:45,656] Trial 41 finished with value: 3.589571237564087 and parameters: {'gradient_clip_val': 0.15233477700543063, 'hidden_size': 71, 'dropout': 0.17531137642719136, 'hidden_continuous_size': 12, 'attention_head_size': 3, 'learning_rate': 0.016054706954421863}. Best is trial 29 with value: 2.051079034805298.
[I 2023-12-27 11:28:46,091] Trial 42 finished with value: 3.5321741104125977 and parameters: {'gradient_clip_val': 0.11605056113612502, 'hidden_size': 52, 'dropout': 0.14944790150104503, 'hidden_continuous_size': 11, 'attention_head_size': 3, 'learning_rate': 0.015011754484037444}. Best is trial 29 with value: 2.051079034805298.
[I 2023-12-27 11:28:46,606] Trial 43 finished with value: 3.52911639213562 and parameters: {'gradient_clip_val': 0.14047773507494996, 'hidden_size': 100, 'dropout': 0.10428116504277948, 'hidden_continuous_size': 9, 'attention_head_size': 4, 'learning_rate': 0.011134623574293488}. Best is trial 29 with value: 2.051079034805298.
[I 2023-12-27 11:28:47,082] Trial 44 finished with value: 2.953004837036133 and parameters: {'gradient_clip_val': 0.17717892429974258, 'hidden_size': 72, 'dropout': 0.2205446384443484, 'hidden_continuous_size': 20, 'attention_head_size': 3, 'learning_rate': 0.04511132335357709}. Best is trial 29 with value: 2.051079034805298.
[I 2023-12-27 11:28:47,515] Trial 45 finished with value: 3.3450279235839844 and parameters: {'gradient_clip_val': 0.11433222738877365, 'hidden_size': 44, 'dropout': 0.16155004458799105, 'hidden_continuous_size': 14, 'attention_head_size': 3, 'learning_rate': 0.02579283888705597}. Best is trial 29 with value: 2.051079034805298.
[I 2023-12-27 11:28:47,956] Trial 46 finished with value: 2.562797784805298 and parameters: {'gradient_clip_val': 0.10068077734554652, 'hidden_size': 59, 'dropout': 0.19217569095363507, 'hidden_continuous_size': 19, 'attention_head_size': 1, 'learning_rate': 0.01765971843095833}. Best is trial 29 with value: 2.051079034805298.
[I 2023-12-27 11:28:48,385] Trial 47 finished with value: 2.7149171829223633 and parameters: {'gradient_clip_val': 0.3233257019821698, 'hidden_size': 33, 'dropout': 0.11373326599542058, 'hidden_continuous_size': 11, 'attention_head_size': 3, 'learning_rate': 0.08074646054677333}. Best is trial 29 with value: 2.051079034805298.
[I 2023-12-27 11:28:48,846] Trial 48 finished with value: 2.9263827800750732 and parameters: {'gradient_clip_val': 0.14998890943900706, 'hidden_size': 80, 'dropout': 0.14027083990888764, 'hidden_continuous_size': 8, 'attention_head_size': 2, 'learning_rate': 0.05332661146368683}. Best is trial 29 with value: 2.051079034805298.
[I 2023-12-27 11:28:49,253] Trial 49 finished with value: 3.51778244972229 and parameters: {'gradient_clip_val': 0.1326447995847814, 'hidden_size': 40, 'dropout': 0.1667830302180861, 'hidden_continuous_size': 12, 'attention_head_size': 1, 'learning_rate': 0.037094505669460265}. Best is trial 29 with value: 2.051079034805298.
[I 2023-12-27 11:28:49,372] A new study created in memory with name: no-name-54a79aa7-a6ae-4b08-a0de-9a13111bf563
/home/le004/conda/anaconda3/envs/tsff_env/lib/python3.9/site-packages/lightning/fabric/plugins/environments/slurm.py:191: The `srun` command is available on your system but is not used. HINT: If your intention is to run Lightning on SLURM, prepend your python command with `srun` like so: srun python /home/le004/master_thesis/git/TSFusionForecast/code/ ...
[I 2023-12-27 11:29:39,084] Trial 0 finished with value: 0.2469947189092636 and parameters: {'gradient_clip_val': 0.16759462443276976, 'hidden_size': 98, 'dropout': 0.37076704017665985, 'hidden_continuous_size': 18, 'attention_head_size': 4, 'learning_rate': 0.0008187107973697376}. Best is trial 0 with value: 0.2469947189092636.
[I 2023-12-27 11:30:16,918] Trial 1 finished with value: 0.04155483469367027 and parameters: {'gradient_clip_val': 0.9078577902682444, 'hidden_size': 46, 'dropout': 0.3710454069965182, 'hidden_continuous_size': 12, 'attention_head_size': 3, 'learning_rate': 0.0741396419769604}. Best is trial 1 with value: 0.04155483469367027.
[I 2023-12-27 11:30:25,912] Trial 2 finished with value: 2.7274110317230225 and parameters: {'gradient_clip_val': 0.9463328993403451, 'hidden_size': 7, 'dropout': 0.4339253565020491, 'hidden_continuous_size': 5, 'attention_head_size': 4, 'learning_rate': 0.001643211780105865}. Best is trial 1 with value: 0.04155483469367027.
[I 2023-12-27 11:30:26,286] Trial 3 finished with value: 3.141403913497925 and parameters: {'gradient_clip_val': 0.13558816388650466, 'hidden_size': 36, 'dropout': 0.1885522097310017, 'hidden_continuous_size': 11, 'attention_head_size': 4, 'learning_rate': 0.0011950599938012434}. Best is trial 1 with value: 0.04155483469367027.
[I 2023-12-27 11:30:26,699] Trial 4 finished with value: 2.5953989028930664 and parameters: {'gradient_clip_val': 0.19328067016126435, 'hidden_size': 72, 'dropout': 0.3099259637990921, 'hidden_continuous_size': 14, 'attention_head_size': 2, 'learning_rate': 0.002086255533241852}. Best is trial 1 with value: 0.04155483469367027.
[I 2023-12-27 11:30:27,030] Trial 5 finished with value: 3.334589958190918 and parameters: {'gradient_clip_val': 0.560770816565755, 'hidden_size': 6, 'dropout': 0.2944807657787345, 'hidden_continuous_size': 5, 'attention_head_size': 1, 'learning_rate': 0.03301443451416197}. Best is trial 1 with value: 0.04155483469367027.
[I 2023-12-27 11:30:27,370] Trial 6 finished with value: 2.468810558319092 and parameters: {'gradient_clip_val': 0.1798842546413637, 'hidden_size': 11, 'dropout': 0.4332581627976235, 'hidden_continuous_size': 7, 'attention_head_size': 2, 'learning_rate': 0.0011161272351097623}. Best is trial 1 with value: 0.04155483469367027.
[I 2023-12-27 11:30:27,680] Trial 7 finished with value: 2.356663942337036 and parameters: {'gradient_clip_val': 0.14517007542398846, 'hidden_size': 6, 'dropout': 0.4354696437929063, 'hidden_continuous_size': 6, 'attention_head_size': 2, 'learning_rate': 0.004411614651744734}. Best is trial 1 with value: 0.04155483469367027.
[I 2023-12-27 11:30:27,998] Trial 8 finished with value: 3.2732698917388916 and parameters: {'gradient_clip_val': 0.7145511076942012, 'hidden_size': 17, 'dropout': 0.15024535570717898, 'hidden_continuous_size': 17, 'attention_head_size': 1, 'learning_rate': 0.0019217604299976096}. Best is trial 1 with value: 0.04155483469367027.
[I 2023-12-27 11:30:28,750] Trial 9 finished with value: 3.0262553691864014 and parameters: {'gradient_clip_val': 0.39329699035529553, 'hidden_size': 141, 'dropout': 0.28946614597173337, 'hidden_continuous_size': 33, 'attention_head_size': 3, 'learning_rate': 0.0005823687367967372}. Best is trial 1 with value: 0.04155483469367027.
[I 2023-12-27 11:30:29,150] Trial 10 finished with value: 2.7287561893463135 and parameters: {'gradient_clip_val': 0.3342330462727803, 'hidden_size': 34, 'dropout': 0.4785912930523336, 'hidden_continuous_size': 9, 'attention_head_size': 3, 'learning_rate': 0.09220036194076128}. Best is trial 1 with value: 0.04155483469367027.
[I 2023-12-27 11:30:29,591] Trial 11 finished with value: 3.0198371410369873 and parameters: {'gradient_clip_val': 0.2583440372264312, 'hidden_size': 67, 'dropout': 0.3530715187084183, 'hidden_continuous_size': 27, 'attention_head_size': 4, 'learning_rate': 0.013553266714033703}. Best is trial 1 with value: 0.04155483469367027.
[I 2023-12-27 11:30:30,184] Trial 12 finished with value: 3.208247423171997 and parameters: {'gradient_clip_val': 0.46718368399564564, 'hidden_size': 143, 'dropout': 0.3681609453382469, 'hidden_continuous_size': 59, 'attention_head_size': 3, 'learning_rate': 0.009441557080133162}. Best is trial 1 with value: 0.04155483469367027.
[I 2023-12-27 11:30:30,613] Trial 13 finished with value: 2.8758656978607178 and parameters: {'gradient_clip_val': 0.1074521009013353, 'hidden_size': 57, 'dropout': 0.3618969410762999, 'hidden_continuous_size': 18, 'attention_head_size': 4, 'learning_rate': 0.004456301824515915}. Best is trial 1 with value: 0.04155483469367027.
[I 2023-12-27 11:30:30,984] Trial 14 finished with value: 2.8261022567749023 and parameters: {'gradient_clip_val': 0.2904272585091271, 'hidden_size': 22, 'dropout': 0.24097436575700146, 'hidden_continuous_size': 9, 'attention_head_size': 3, 'learning_rate': 0.017593851957898605}. Best is trial 1 with value: 0.04155483469367027.
[I 2023-12-27 11:30:31,455] Trial 15 finished with value: 2.33046555519104 and parameters: {'gradient_clip_val': 0.98542832227102, 'hidden_size': 91, 'dropout': 0.38007718632323595, 'hidden_continuous_size': 24, 'attention_head_size': 4, 'learning_rate': 0.000509200061600309}. Best is trial 1 with value: 0.04155483469367027.
[I 2023-12-27 11:30:31,868] Trial 16 finished with value: 3.0510127544403076 and parameters: {'gradient_clip_val': 0.2342258971919865, 'hidden_size': 45, 'dropout': 0.4988394146197135, 'hidden_continuous_size': 13, 'attention_head_size': 3, 'learning_rate': 0.0419857926880841}. Best is trial 1 with value: 0.04155483469367027.
[I 2023-12-27 11:30:32,330] Trial 17 finished with value: 3.491734266281128 and parameters: {'gradient_clip_val': 0.638300691406452, 'hidden_size': 88, 'dropout': 0.10474173379045365, 'hidden_continuous_size': 36, 'attention_head_size': 4, 'learning_rate': 0.005486093487767592}. Best is trial 1 with value: 0.04155483469367027.
[I 2023-12-27 11:30:32,740] Trial 18 finished with value: 3.4792916774749756 and parameters: {'gradient_clip_val': 0.4332520860718107, 'hidden_size': 46, 'dropout': 0.3292043454281054, 'hidden_continuous_size': 18, 'attention_head_size': 3, 'learning_rate': 0.09594626568053101}. Best is trial 1 with value: 0.04155483469367027.
[I 2023-12-27 11:30:33,119] Trial 19 finished with value: 2.1035563945770264 and parameters: {'gradient_clip_val': 0.34867156293422386, 'hidden_size': 28, 'dropout': 0.39733372629065, 'hidden_continuous_size': 11, 'attention_head_size': 2, 'learning_rate': 0.0032759655886884687}. Best is trial 1 with value: 0.04155483469367027.
[I 2023-12-27 11:30:33,620] Trial 20 finished with value: 2.641510486602783 and parameters: {'gradient_clip_val': 0.2368943730003275, 'hidden_size': 105, 'dropout': 0.2691735077566126, 'hidden_continuous_size': 49, 'attention_head_size': 4, 'learning_rate': 0.008556591637715298}. Best is trial 1 with value: 0.04155483469367027.
[I 2023-12-27 11:30:34,008] Trial 21 finished with value: 3.8493223190307617 and parameters: {'gradient_clip_val': 0.3243733846488114, 'hidden_size': 30, 'dropout': 0.3980055906689951, 'hidden_continuous_size': 11, 'attention_head_size': 2, 'learning_rate': 0.0031170616372573887}. Best is trial 1 with value: 0.04155483469367027.
[I 2023-12-27 11:30:34,377] Trial 22 finished with value: 2.7164154052734375 and parameters: {'gradient_clip_val': 0.3741620322027421, 'hidden_size': 24, 'dropout': 0.3350027870154468, 'hidden_continuous_size': 13, 'attention_head_size': 2, 'learning_rate': 0.002917924879196605}. Best is trial 1 with value: 0.04155483469367027.
[I 2023-12-27 11:30:35,061] Trial 23 finished with value: 3.173356056213379 and parameters: {'gradient_clip_val': 0.5125316002336284, 'hidden_size': 53, 'dropout': 0.39325466670009634, 'hidden_continuous_size': 20, 'attention_head_size': 1, 'learning_rate': 0.0008528151108761599}. Best is trial 1 with value: 0.04155483469367027.
[I 2023-12-27 11:30:35,458] Trial 24 finished with value: 2.368781566619873 and parameters: {'gradient_clip_val': 0.7713024484675268, 'hidden_size': 37, 'dropout': 0.4050811803165508, 'hidden_continuous_size': 16, 'attention_head_size': 2, 'learning_rate': 0.0029928780228173414}. Best is trial 1 with value: 0.04155483469367027.
[I 2023-12-27 11:30:35,894] Trial 25 finished with value: 3.2760393619537354 and parameters: {'gradient_clip_val': 0.5571358176368348, 'hidden_size': 67, 'dropout': 0.3343224788658707, 'hidden_continuous_size': 8, 'attention_head_size': 3, 'learning_rate': 0.006622757710738855}. Best is trial 1 with value: 0.04155483469367027.
[I 2023-12-27 11:30:36,306] Trial 26 finished with value: 3.1341302394866943 and parameters: {'gradient_clip_val': 0.40082036082854106, 'hidden_size': 45, 'dropout': 0.36495411524770616, 'hidden_continuous_size': 11, 'attention_head_size': 2, 'learning_rate': 0.0008165582031294118}. Best is trial 1 with value: 0.04155483469367027.
[I 2023-12-27 11:30:36,692] Trial 27 finished with value: 3.515179395675659 and parameters: {'gradient_clip_val': 0.2879516910541449, 'hidden_size': 18, 'dropout': 0.4100970150204542, 'hidden_continuous_size': 10, 'attention_head_size': 3, 'learning_rate': 0.0013438336777554162}. Best is trial 1 with value: 0.04155483469367027.
[I 2023-12-27 11:30:37,256] Trial 28 finished with value: 3.4538357257843018 and parameters: {'gradient_clip_val': 0.8176811668407191, 'hidden_size': 114, 'dropout': 0.47034524225058294, 'hidden_continuous_size': 79, 'attention_head_size': 1, 'learning_rate': 0.002314823594481187}. Best is trial 1 with value: 0.04155483469367027.
[I 2023-12-27 11:30:37,678] Trial 29 finished with value: 3.080641508102417 and parameters: {'gradient_clip_val': 0.9174863161174325, 'hidden_size': 27, 'dropout': 0.4268954054042735, 'hidden_continuous_size': 14, 'attention_head_size': 4, 'learning_rate': 0.001540311693358762}. Best is trial 1 with value: 0.04155483469367027.
[I 2023-12-27 11:30:38,138] Trial 30 finished with value: 3.318610191345215 and parameters: {'gradient_clip_val': 0.4648514037085165, 'hidden_size': 76, 'dropout': 0.3832058022651957, 'hidden_continuous_size': 23, 'attention_head_size': 3, 'learning_rate': 0.00455843016042364}. Best is trial 1 with value: 0.04155483469367027.
[I 2023-12-27 11:30:38,626] Trial 31 finished with value: 3.2648563385009766 and parameters: {'gradient_clip_val': 0.9741783033709371, 'hidden_size': 99, 'dropout': 0.37867029202646646, 'hidden_continuous_size': 24, 'attention_head_size': 4, 'learning_rate': 0.0005406568739847408}. Best is trial 1 with value: 0.04155483469367027.
[I 2023-12-27 11:30:39,104] Trial 32 finished with value: 2.482322931289673 and parameters: {'gradient_clip_val': 0.9961384243955047, 'hidden_size': 85, 'dropout': 0.44837038107521676, 'hidden_continuous_size': 21, 'attention_head_size': 4, 'learning_rate': 0.000730660449237977}. Best is trial 1 with value: 0.04155483469367027.
[I 2023-12-27 11:30:39,533] Trial 33 finished with value: 2.912346839904785 and parameters: {'gradient_clip_val': 0.6726130381369174, 'hidden_size': 58, 'dropout': 0.40415293653817486, 'hidden_continuous_size': 15, 'attention_head_size': 4, 'learning_rate': 0.0009264396967387613}. Best is trial 1 with value: 0.04155483469367027.
[I 2023-12-27 11:30:39,972] Trial 34 finished with value: 3.0304129123687744 and parameters: {'gradient_clip_val': 0.8359295287297527, 'hidden_size': 80, 'dropout': 0.3426090436669611, 'hidden_continuous_size': 12, 'attention_head_size': 4, 'learning_rate': 0.001340735425336129}. Best is trial 1 with value: 0.04155483469367027.
[I 2023-12-27 11:30:40,498] Trial 35 finished with value: 2.7695152759552 and parameters: {'gradient_clip_val': 0.617864041891269, 'hidden_size': 123, 'dropout': 0.31975803867531716, 'hidden_continuous_size': 7, 'attention_head_size': 4, 'learning_rate': 0.0005898510247554377}. Best is trial 1 with value: 0.04155483469367027.
