[I 2023-12-27 11:30:41,245] Trial 36 finished with value: 4.2259955406188965 and parameters: {'gradient_clip_val': 0.7473873385882575, 'hidden_size': 100, 'dropout': 0.35506845904692563, 'hidden_continuous_size': 15, 'attention_head_size': 2, 'learning_rate': 0.0010452480833424282}. Best is trial 1 with value: 0.04155483469367027.
[I 2023-12-27 11:30:41,685] Trial 37 finished with value: 3.4460628032684326 and parameters: {'gradient_clip_val': 0.869335519584742, 'hidden_size': 68, 'dropout': 0.42519669741478683, 'hidden_continuous_size': 12, 'attention_head_size': 4, 'learning_rate': 0.0019738757482199204}. Best is trial 1 with value: 0.04155483469367027.
[I 2023-12-27 11:30:42,083] Trial 38 finished with value: 2.9513580799102783 and parameters: {'gradient_clip_val': 0.17637044898021118, 'hidden_size': 37, 'dropout': 0.3829717652489592, 'hidden_continuous_size': 17, 'attention_head_size': 2, 'learning_rate': 0.0011246075215328984}. Best is trial 1 with value: 0.04155483469367027.
[I 2023-12-27 11:30:42,632] Trial 39 finished with value: 4.351573467254639 and parameters: {'gradient_clip_val': 0.6886004634778065, 'hidden_size': 131, 'dropout': 0.44943109041020546, 'hidden_continuous_size': 27, 'attention_head_size': 3, 'learning_rate': 0.0006818659909199744}. Best is trial 1 with value: 0.04155483469367027.
[I 2023-12-27 11:30:42,996] Trial 40 finished with value: 3.701596260070801 and parameters: {'gradient_clip_val': 0.5890679298661804, 'hidden_size': 11, 'dropout': 0.3135652632497717, 'hidden_continuous_size': 9, 'attention_head_size': 1, 'learning_rate': 0.0016236291313493246}. Best is trial 1 with value: 0.04155483469367027.
[I 2023-12-27 11:30:43,327] Trial 41 finished with value: 3.8535878658294678 and parameters: {'gradient_clip_val': 0.1492551771932723, 'hidden_size': 5, 'dropout': 0.4148865022587421, 'hidden_continuous_size': 5, 'attention_head_size': 2, 'learning_rate': 0.0005253592614857428}. Best is trial 1 with value: 0.04155483469367027.
[I 2023-12-27 11:30:43,689] Trial 42 finished with value: 3.2043344974517822 and parameters: {'gradient_clip_val': 0.20047195622685826, 'hidden_size': 8, 'dropout': 0.44352186558487805, 'hidden_continuous_size': 6, 'attention_head_size': 2, 'learning_rate': 0.004111195787928077}. Best is trial 1 with value: 0.04155483469367027.
[I 2023-12-27 11:30:44,087] Trial 43 finished with value: 2.513277769088745 and parameters: {'gradient_clip_val': 0.13615160249835723, 'hidden_size': 31, 'dropout': 0.3732828336363594, 'hidden_continuous_size': 7, 'attention_head_size': 2, 'learning_rate': 0.002317258091836773}. Best is trial 1 with value: 0.04155483469367027.
[I 2023-12-27 11:30:44,464] Trial 44 finished with value: 3.052626609802246 and parameters: {'gradient_clip_val': 0.11134804990648868, 'hidden_size': 21, 'dropout': 0.42714386369771873, 'hidden_continuous_size': 10, 'attention_head_size': 2, 'learning_rate': 0.0010085312588557877}. Best is trial 1 with value: 0.04155483469367027.
[I 2023-12-27 11:30:44,842] Trial 45 finished with value: 3.244218587875366 and parameters: {'gradient_clip_val': 0.7732495288569791, 'hidden_size': 14, 'dropout': 0.3522660548110536, 'hidden_continuous_size': 10, 'attention_head_size': 3, 'learning_rate': 0.0005025223049321468}. Best is trial 1 with value: 0.04155483469367027.
[I 2023-12-27 11:30:45,417] Trial 46 finished with value: 2.834152936935425 and parameters: {'gradient_clip_val': 0.8856329208745207, 'hidden_size': 143, 'dropout': 0.3872437780491751, 'hidden_continuous_size': 20, 'attention_head_size': 3, 'learning_rate': 0.012198831734754544}. Best is trial 1 with value: 0.04155483469367027.
[I 2023-12-27 11:30:45,778] Trial 47 finished with value: 3.638446569442749 and parameters: {'gradient_clip_val': 0.1614554561300973, 'hidden_size': 7, 'dropout': 0.36822989227712905, 'hidden_continuous_size': 6, 'attention_head_size': 1, 'learning_rate': 0.0064628252301911744}. Best is trial 1 with value: 0.04155483469367027.
[I 2023-12-27 11:30:46,242] Trial 48 finished with value: 3.0752506256103516 and parameters: {'gradient_clip_val': 0.20162372961881844, 'hidden_size': 86, 'dropout': 0.41694396017361435, 'hidden_continuous_size': 17, 'attention_head_size': 4, 'learning_rate': 0.05769664542327266}. Best is trial 1 with value: 0.04155483469367027.
[I 2023-12-27 11:30:46,861] Trial 49 finished with value: 3.254744291305542 and parameters: {'gradient_clip_val': 0.11452766258212074, 'hidden_size': 40, 'dropout': 0.2952744992099133, 'hidden_continuous_size': 15, 'attention_head_size': 2, 'learning_rate': 0.008530028506819361}. Best is trial 1 with value: 0.04155483469367027.
[I 2023-12-27 11:30:46,972] A new study created in memory with name: no-name-5c241394-5558-4953-aa52-055f8a76a98d
/home/le004/conda/anaconda3/envs/tsff_env/lib/python3.9/site-packages/lightning/fabric/plugins/environments/slurm.py:191: The `srun` command is available on your system but is not used. HINT: If your intention is to run Lightning on SLURM, prepend your python command with `srun` like so: srun python /home/le004/master_thesis/git/TSFusionForecast/code/ ...
[I 2023-12-27 11:31:17,333] Trial 0 finished with value: 0.9753272533416748 and parameters: {'gradient_clip_val': 0.70927619661485, 'hidden_size': 16, 'dropout': 0.22208117612952447, 'hidden_continuous_size': 6, 'attention_head_size': 3, 'learning_rate': 0.0009906477827571606}. Best is trial 0 with value: 0.9753272533416748.
[I 2023-12-27 11:31:50,004] Trial 1 finished with value: 0.056212976574897766 and parameters: {'gradient_clip_val': 0.6070041969639509, 'hidden_size': 11, 'dropout': 0.33731169882502543, 'hidden_continuous_size': 6, 'attention_head_size': 2, 'learning_rate': 0.05860015950103903}. Best is trial 1 with value: 0.056212976574897766.
[I 2023-12-27 11:32:02,213] Trial 2 finished with value: 0.09523481130599976 and parameters: {'gradient_clip_val': 0.3970165635029433, 'hidden_size': 50, 'dropout': 0.3673870061721203, 'hidden_continuous_size': 11, 'attention_head_size': 1, 'learning_rate': 0.05109189523787817}. Best is trial 1 with value: 0.056212976574897766.
[I 2023-12-27 11:32:02,530] Trial 3 finished with value: 2.0115034580230713 and parameters: {'gradient_clip_val': 0.7871513103195167, 'hidden_size': 5, 'dropout': 0.24006731934633907, 'hidden_continuous_size': 5, 'attention_head_size': 1, 'learning_rate': 0.0050698153845435655}. Best is trial 1 with value: 0.056212976574897766.
[I 2023-12-27 11:32:02,907] Trial 4 finished with value: 2.2338180541992188 and parameters: {'gradient_clip_val': 0.6215630242418152, 'hidden_size': 36, 'dropout': 0.3427221555499083, 'hidden_continuous_size': 16, 'attention_head_size': 2, 'learning_rate': 0.001310617693664724}. Best is trial 1 with value: 0.056212976574897766.
[I 2023-12-27 11:32:03,272] Trial 5 finished with value: 2.494436264038086 and parameters: {'gradient_clip_val': 0.6730040258059906, 'hidden_size': 22, 'dropout': 0.37772311024476857, 'hidden_continuous_size': 11, 'attention_head_size': 4, 'learning_rate': 0.001375973561725416}. Best is trial 1 with value: 0.056212976574897766.
[I 2023-12-27 11:32:03,629] Trial 6 finished with value: 2.450873374938965 and parameters: {'gradient_clip_val': 0.8619818036776983, 'hidden_size': 10, 'dropout': 0.35749524686158396, 'hidden_continuous_size': 5, 'attention_head_size': 2, 'learning_rate': 0.000977311605750226}. Best is trial 1 with value: 0.056212976574897766.
[I 2023-12-27 11:32:04,207] Trial 7 finished with value: 2.1354758739471436 and parameters: {'gradient_clip_val': 0.867020520139009, 'hidden_size': 39, 'dropout': 0.3141206726772948, 'hidden_continuous_size': 8, 'attention_head_size': 1, 'learning_rate': 0.0017353198678491592}. Best is trial 1 with value: 0.056212976574897766.
[I 2023-12-27 11:32:04,682] Trial 8 finished with value: 3.098848342895508 and parameters: {'gradient_clip_val': 0.5582363303610589, 'hidden_size': 93, 'dropout': 0.34204136196043977, 'hidden_continuous_size': 31, 'attention_head_size': 2, 'learning_rate': 0.046363928957912526}. Best is trial 1 with value: 0.056212976574897766.
[I 2023-12-27 11:32:05,073] Trial 9 finished with value: 2.776432991027832 and parameters: {'gradient_clip_val': 0.29335742232115536, 'hidden_size': 38, 'dropout': 0.4345324379499087, 'hidden_continuous_size': 12, 'attention_head_size': 1, 'learning_rate': 0.015964804660021006}. Best is trial 1 with value: 0.056212976574897766.
[I 2023-12-27 11:32:05,458] Trial 10 finished with value: 2.652411937713623 and parameters: {'gradient_clip_val': 0.16805466984383108, 'hidden_size': 8, 'dropout': 0.11951888510203809, 'hidden_continuous_size': 5, 'attention_head_size': 3, 'learning_rate': 0.09574195383835277}. Best is trial 1 with value: 0.056212976574897766.
[I 2023-12-27 11:32:06,000] Trial 11 finished with value: 2.729077100753784 and parameters: {'gradient_clip_val': 0.3870920027135436, 'hidden_size': 99, 'dropout': 0.421903862017559, 'hidden_continuous_size': 87, 'attention_head_size': 1, 'learning_rate': 0.035776654584861955}. Best is trial 1 with value: 0.056212976574897766.
[I 2023-12-27 11:32:06,379] Trial 12 finished with value: 1.5386537313461304 and parameters: {'gradient_clip_val': 0.4057826136320118, 'hidden_size': 16, 'dropout': 0.4953957551827249, 'hidden_continuous_size': 7, 'attention_head_size': 2, 'learning_rate': 0.09638070987937933}. Best is trial 1 with value: 0.056212976574897766.
[I 2023-12-27 11:32:06,818] Trial 13 finished with value: 1.4289889335632324 and parameters: {'gradient_clip_val': 0.2660008636268945, 'hidden_size': 57, 'dropout': 0.2859134743784785, 'hidden_continuous_size': 9, 'attention_head_size': 3, 'learning_rate': 0.018090087256944245}. Best is trial 1 with value: 0.056212976574897766.
[I 2023-12-27 11:32:07,260] Trial 14 finished with value: 3.134086847305298 and parameters: {'gradient_clip_val': 0.45379842846374097, 'hidden_size': 67, 'dropout': 0.4017400094185256, 'hidden_continuous_size': 8, 'attention_head_size': 1, 'learning_rate': 0.04117468612118766}. Best is trial 1 with value: 0.056212976574897766.
[I 2023-12-27 11:32:07,789] Trial 15 finished with value: 2.2128021717071533 and parameters: {'gradient_clip_val': 0.10332254402729972, 'hidden_size': 118, 'dropout': 0.2768938675001393, 'hidden_continuous_size': 18, 'attention_head_size': 2, 'learning_rate': 0.011439096304331181}. Best is trial 1 with value: 0.056212976574897766.
[I 2023-12-27 11:32:08,186] Trial 16 finished with value: 1.8777570724487305 and parameters: {'gradient_clip_val': 0.9877494799863153, 'hidden_size': 24, 'dropout': 0.4236874323553327, 'hidden_continuous_size': 6, 'attention_head_size': 4, 'learning_rate': 0.004529083792918221}. Best is trial 1 with value: 0.056212976574897766.
[I 2023-12-27 11:32:08,625] Trial 17 finished with value: 2.538182497024536 and parameters: {'gradient_clip_val': 0.5127241870181453, 'hidden_size': 63, 'dropout': 0.47171851261099235, 'hidden_continuous_size': 11, 'attention_head_size': 1, 'learning_rate': 0.024572827980009922}. Best is trial 1 with value: 0.056212976574897766.
[I 2023-12-27 11:32:09,001] Trial 18 finished with value: 1.98906672000885 and parameters: {'gradient_clip_val': 0.3504167661003245, 'hidden_size': 13, 'dropout': 0.3847799292324208, 'hidden_continuous_size': 6, 'attention_head_size': 2, 'learning_rate': 0.0573115090699255}. Best is trial 1 with value: 0.056212976574897766.
[I 2023-12-27 11:32:09,406] Trial 19 finished with value: 1.9712977409362793 and parameters: {'gradient_clip_val': 0.508505085638674, 'hidden_size': 28, 'dropout': 0.31852144664423704, 'hidden_continuous_size': 7, 'attention_head_size': 3, 'learning_rate': 0.02690187799594764}. Best is trial 1 with value: 0.056212976574897766.
[I 2023-12-27 11:32:09,780] Trial 20 finished with value: 2.267977476119995 and parameters: {'gradient_clip_val': 0.25472240894213577, 'hidden_size': 7, 'dropout': 0.4560217285942831, 'hidden_continuous_size': 5, 'attention_head_size': 1, 'learning_rate': 0.05492388941029702}. Best is trial 1 with value: 0.056212976574897766.
[I 2023-12-27 11:32:10,385] Trial 21 finished with value: 2.492130994796753 and parameters: {'gradient_clip_val': 0.6439098172665595, 'hidden_size': 16, 'dropout': 0.24143248932794756, 'hidden_continuous_size': 6, 'attention_head_size': 3, 'learning_rate': 0.0005458942731993245}. Best is trial 1 with value: 0.056212976574897766.
[I 2023-12-27 11:32:10,768] Trial 22 finished with value: 1.6708959341049194 and parameters: {'gradient_clip_val': 0.7452806246380874, 'hidden_size': 12, 'dropout': 0.19398340844878112, 'hidden_continuous_size': 6, 'attention_head_size': 3, 'learning_rate': 0.010241372588274001}. Best is trial 1 with value: 0.056212976574897766.
[I 2023-12-27 11:32:11,155] Trial 23 finished with value: 2.11584210395813 and parameters: {'gradient_clip_val': 0.5575419002960753, 'hidden_size': 19, 'dropout': 0.3677245236786648, 'hidden_continuous_size': 7, 'attention_head_size': 4, 'learning_rate': 0.0038232367677310973}. Best is trial 1 with value: 0.056212976574897766.
[I 2023-12-27 11:32:11,516] Trial 24 finished with value: 1.6851948499679565 and parameters: {'gradient_clip_val': 0.4796652728854378, 'hidden_size': 16, 'dropout': 0.3273960560351441, 'hidden_continuous_size': 5, 'attention_head_size': 3, 'learning_rate': 0.0027423696647188253}. Best is trial 1 with value: 0.056212976574897766.
[I 2023-12-27 11:32:11,890] Trial 25 finished with value: 1.429679274559021 and parameters: {'gradient_clip_val': 0.6467117169101537, 'hidden_size': 10, 'dropout': 0.2862927552252638, 'hidden_continuous_size': 6, 'attention_head_size': 2, 'learning_rate': 0.006308327082513905}. Best is trial 1 with value: 0.056212976574897766.
[I 2023-12-27 11:32:12,491] Trial 26 finished with value: 2.3393125534057617 and parameters: {'gradient_clip_val': 0.4244376214709074, 'hidden_size': 146, 'dropout': 0.39261788159047517, 'hidden_continuous_size': 9, 'attention_head_size': 3, 'learning_rate': 0.009356037687496533}. Best is trial 1 with value: 0.056212976574897766.
[I 2023-12-27 11:32:12,886] Trial 27 finished with value: 2.51003360748291 and parameters: {'gradient_clip_val': 0.7448209051497109, 'hidden_size': 29, 'dropout': 0.3516987110534565, 'hidden_continuous_size': 7, 'attention_head_size': 2, 'learning_rate': 0.003051819396546641}. Best is trial 1 with value: 0.056212976574897766.
[I 2023-12-27 11:32:13,265] Trial 28 finished with value: 2.618112802505493 and parameters: {'gradient_clip_val': 0.3465697057530093, 'hidden_size': 23, 'dropout': 0.2523882561903135, 'hidden_continuous_size': 9, 'attention_head_size': 4, 'learning_rate': 0.06623412345605552}. Best is trial 1 with value: 0.056212976574897766.
[I 2023-12-27 11:32:13,593] Trial 29 finished with value: 2.3692638874053955 and parameters: {'gradient_clip_val': 0.793445964105819, 'hidden_size': 5, 'dropout': 0.19698223893320957, 'hidden_continuous_size': 5, 'attention_head_size': 1, 'learning_rate': 0.005504219510803429}. Best is trial 1 with value: 0.056212976574897766.
[I 2023-12-27 11:32:14,051] Trial 30 finished with value: 2.667692184448242 and parameters: {'gradient_clip_val': 0.9884099546354288, 'hidden_size': 50, 'dropout': 0.31063202471238505, 'hidden_continuous_size': 12, 'attention_head_size': 2, 'learning_rate': 0.0305777716918357}. Best is trial 1 with value: 0.056212976574897766.
[I 2023-12-27 11:32:14,474] Trial 31 finished with value: 2.358663320541382 and parameters: {'gradient_clip_val': 0.2684260709880695, 'hidden_size': 64, 'dropout': 0.2888952346804062, 'hidden_continuous_size': 9, 'attention_head_size': 3, 'learning_rate': 0.018597658091914666}. Best is trial 1 with value: 0.056212976574897766.
[I 2023-12-27 11:32:14,898] Trial 32 finished with value: 2.5461997985839844 and parameters: {'gradient_clip_val': 0.5723447863571053, 'hidden_size': 47, 'dropout': 0.26801023400902774, 'hidden_continuous_size': 10, 'attention_head_size': 3, 'learning_rate': 0.02165432993903847}. Best is trial 1 with value: 0.056212976574897766.
[I 2023-12-27 11:32:15,297] Trial 33 finished with value: 2.110762119293213 and parameters: {'gradient_clip_val': 0.46569269948652553, 'hidden_size': 32, 'dropout': 0.30165373404605017, 'hidden_continuous_size': 8, 'attention_head_size': 3, 'learning_rate': 0.034376421969159875}. Best is trial 1 with value: 0.056212976574897766.
[I 2023-12-27 11:32:15,680] Trial 34 finished with value: 1.7757272720336914 and parameters: {'gradient_clip_val': 0.6436014040091848, 'hidden_size': 22, 'dropout': 0.33193509256285514, 'hidden_continuous_size': 6, 'attention_head_size': 4, 'learning_rate': 0.014779862814972034}. Best is trial 1 with value: 0.056212976574897766.
[I 2023-12-27 11:32:16,307] Trial 35 finished with value: 2.345273733139038 and parameters: {'gradient_clip_val': 0.7044584460667764, 'hidden_size': 29, 'dropout': 0.3576111547719963, 'hidden_continuous_size': 10, 'attention_head_size': 3, 'learning_rate': 0.023945213184407302}. Best is trial 1 with value: 0.056212976574897766.
[I 2023-12-27 11:32:16,699] Trial 36 finished with value: 2.324246644973755 and parameters: {'gradient_clip_val': 0.579026605767105, 'hidden_size': 36, 'dropout': 0.34024964490481724, 'hidden_continuous_size': 14, 'attention_head_size': 2, 'learning_rate': 0.007917534313419664}. Best is trial 1 with value: 0.056212976574897766.
[I 2023-12-27 11:32:17,121] Trial 37 finished with value: 2.0657591819763184 and parameters: {'gradient_clip_val': 0.8278622518306157, 'hidden_size': 47, 'dropout': 0.37313403254862265, 'hidden_continuous_size': 8, 'attention_head_size': 2, 'learning_rate': 0.012900709001961939}. Best is trial 1 with value: 0.056212976574897766.
[I 2023-12-27 11:32:17,509] Trial 38 finished with value: 2.691542625427246 and parameters: {'gradient_clip_val': 0.31487204785095046, 'hidden_size': 20, 'dropout': 0.22231325255850504, 'hidden_continuous_size': 5, 'attention_head_size': 3, 'learning_rate': 0.017651370785916356}. Best is trial 1 with value: 0.056212976574897766.
[I 2023-12-27 11:32:17,965] Trial 39 finished with value: 2.3469302654266357 and parameters: {'gradient_clip_val': 0.37506510171870655, 'hidden_size': 73, 'dropout': 0.30488334776887827, 'hidden_continuous_size': 13, 'attention_head_size': 1, 'learning_rate': 0.04549528274731216}. Best is trial 1 with value: 0.056212976574897766.
[I 2023-12-27 11:32:18,363] Trial 40 finished with value: 2.0683555603027344 and parameters: {'gradient_clip_val': 0.23184252355265653, 'hidden_size': 35, 'dropout': 0.2682014043893098, 'hidden_continuous_size': 10, 'attention_head_size': 4, 'learning_rate': 0.08235251626866179}. Best is trial 1 with value: 0.056212976574897766.
[I 2023-12-27 11:32:18,739] Trial 41 finished with value: 1.903487205505371 and parameters: {'gradient_clip_val': 0.671713149336061, 'hidden_size': 10, 'dropout': 0.2896181210055882, 'hidden_continuous_size': 6, 'attention_head_size': 2, 'learning_rate': 0.007585941942691836}. Best is trial 1 with value: 0.056212976574897766.
[I 2023-12-27 11:32:19,119] Trial 42 finished with value: 3.0602200031280518 and parameters: {'gradient_clip_val': 0.6545480074993102, 'hidden_size': 10, 'dropout': 0.3367466920057833, 'hidden_continuous_size': 6, 'attention_head_size': 2, 'learning_rate': 0.0019746314160497946}. Best is trial 1 with value: 0.056212976574897766.
[I 2023-12-27 11:32:19,495] Trial 43 finished with value: 2.0532031059265137 and parameters: {'gradient_clip_val': 0.5856502778967563, 'hidden_size': 13, 'dropout': 0.3142098098334161, 'hidden_continuous_size': 7, 'attention_head_size': 2, 'learning_rate': 0.006344853072918806}. Best is trial 1 with value: 0.056212976574897766.
[I 2023-12-27 11:32:19,863] Trial 44 finished with value: 2.508007764816284 and parameters: {'gradient_clip_val': 0.8822035557850836, 'hidden_size': 8, 'dropout': 0.36039626090625315, 'hidden_continuous_size': 6, 'attention_head_size': 2, 'learning_rate': 0.02996673852229513}. Best is trial 1 with value: 0.056212976574897766.
[I 2023-12-27 11:32:20,240] Trial 45 finished with value: 1.7163587808609009 and parameters: {'gradient_clip_val': 0.5152952023755806, 'hidden_size': 19, 'dropout': 0.2909055667666467, 'hidden_continuous_size': 5, 'attention_head_size': 1, 'learning_rate': 0.0011251607133496927}. Best is trial 1 with value: 0.056212976574897766.
[I 2023-12-27 11:32:20,658] Trial 46 finished with value: 1.9595365524291992 and parameters: {'gradient_clip_val': 0.4336133633437392, 'hidden_size': 42, 'dropout': 0.3279906483829823, 'hidden_continuous_size': 8, 'attention_head_size': 3, 'learning_rate': 0.04296259593005283}. Best is trial 1 with value: 0.056212976574897766.
[I 2023-12-27 11:32:21,093] Trial 47 finished with value: 2.1170413494110107 and parameters: {'gradient_clip_val': 0.7362427113408501, 'hidden_size': 55, 'dropout': 0.4024808289908484, 'hidden_continuous_size': 17, 'attention_head_size': 2, 'learning_rate': 0.01285099031351479}. Best is trial 1 with value: 0.056212976574897766.
[I 2023-12-27 11:32:21,808] Trial 48 finished with value: 2.265695333480835 and parameters: {'gradient_clip_val': 0.39500408853989566, 'hidden_size': 82, 'dropout': 0.3764082766250124, 'hidden_continuous_size': 25, 'attention_head_size': 1, 'learning_rate': 0.07192843552604102}. Best is trial 1 with value: 0.056212976574897766.
