[I 2023-12-27 11:01:58,101] Trial 0 finished with value: 0.08430895209312439 and parameters: {'gradient_clip_val': 0.31122450781794947, 'hidden_size': 85, 'dropout': 0.45284420300202577, 'hidden_continuous_size': 18, 'attention_head_size': 2, 'learning_rate': 0.02238609329642413}. Best is trial 0 with value: 0.08430895209312439.
[I 2023-12-27 11:02:04,103] Trial 1 finished with value: 2.026925563812256 and parameters: {'gradient_clip_val': 0.5858711608034409, 'hidden_size': 111, 'dropout': 0.17592263287619112, 'hidden_continuous_size': 106, 'attention_head_size': 3, 'learning_rate': 0.0013944963712000473}. Best is trial 0 with value: 0.08430895209312439.
[I 2023-12-27 11:02:04,459] Trial 2 finished with value: 3.8972904682159424 and parameters: {'gradient_clip_val': 0.6648524659754114, 'hidden_size': 32, 'dropout': 0.4444832296044914, 'hidden_continuous_size': 11, 'attention_head_size': 3, 'learning_rate': 0.06391828740962575}. Best is trial 0 with value: 0.08430895209312439.
[I 2023-12-27 11:02:04,765] Trial 3 finished with value: 3.5940425395965576 and parameters: {'gradient_clip_val': 0.10988745714542536, 'hidden_size': 5, 'dropout': 0.3655330591684405, 'hidden_continuous_size': 5, 'attention_head_size': 3, 'learning_rate': 0.0011269539806065697}. Best is trial 0 with value: 0.08430895209312439.
[I 2023-12-27 11:02:05,154] Trial 4 finished with value: 4.478179454803467 and parameters: {'gradient_clip_val': 0.2505615968051222, 'hidden_size': 50, 'dropout': 0.4721243939789068, 'hidden_continuous_size': 38, 'attention_head_size': 1, 'learning_rate': 0.0013384552914865267}. Best is trial 0 with value: 0.08430895209312439.
[I 2023-12-27 11:02:05,609] Trial 5 finished with value: 2.999770164489746 and parameters: {'gradient_clip_val': 0.16249069739083488, 'hidden_size': 97, 'dropout': 0.2189578247686209, 'hidden_continuous_size': 6, 'attention_head_size': 3, 'learning_rate': 0.0026758395620003943}. Best is trial 0 with value: 0.08430895209312439.
[I 2023-12-27 11:02:05,950] Trial 6 finished with value: 2.6691572666168213 and parameters: {'gradient_clip_val': 0.19613196966658963, 'hidden_size': 13, 'dropout': 0.1248729995123878, 'hidden_continuous_size': 8, 'attention_head_size': 2, 'learning_rate': 0.0862523423548476}. Best is trial 0 with value: 0.08430895209312439.
[I 2023-12-27 11:02:06,496] Trial 7 finished with value: 3.6354265213012695 and parameters: {'gradient_clip_val': 0.14943538453423758, 'hidden_size': 9, 'dropout': 0.25919476959261467, 'hidden_continuous_size': 7, 'attention_head_size': 1, 'learning_rate': 0.028790752182143598}. Best is trial 0 with value: 0.08430895209312439.
[I 2023-12-27 11:02:07,004] Trial 8 finished with value: 3.635128974914551 and parameters: {'gradient_clip_val': 0.47885336625280966, 'hidden_size': 126, 'dropout': 0.43574014708234765, 'hidden_continuous_size': 5, 'attention_head_size': 1, 'learning_rate': 0.0019651361778745837}. Best is trial 0 with value: 0.08430895209312439.
[I 2023-12-27 11:02:07,354] Trial 9 finished with value: 3.7480175495147705 and parameters: {'gradient_clip_val': 0.1502879792392074, 'hidden_size': 20, 'dropout': 0.20919353688778794, 'hidden_continuous_size': 12, 'attention_head_size': 4, 'learning_rate': 0.02673385375517092}. Best is trial 0 with value: 0.08430895209312439.
[I 2023-12-27 11:02:07,776] Trial 10 finished with value: 3.380373001098633 and parameters: {'gradient_clip_val': 0.3740745805687814, 'hidden_size': 55, 'dropout': 0.33456158527716406, 'hidden_continuous_size': 20, 'attention_head_size': 2, 'learning_rate': 0.008633066059729858}. Best is trial 0 with value: 0.08430895209312439.
[I 2023-12-27 11:02:08,388] Trial 11 finished with value: 4.044147968292236 and parameters: {'gradient_clip_val': 0.9841240113929763, 'hidden_size': 130, 'dropout': 0.38096119809854123, 'hidden_continuous_size': 121, 'attention_head_size': 4, 'learning_rate': 0.0007566890423808749}. Best is trial 0 with value: 0.08430895209312439.
[I 2023-12-27 11:02:08,839] Trial 12 finished with value: 3.28969407081604 and parameters: {'gradient_clip_val': 0.3444008283324086, 'hidden_size': 76, 'dropout': 0.49521551702052014, 'hidden_continuous_size': 26, 'attention_head_size': 2, 'learning_rate': 0.004228676920720643}. Best is trial 0 with value: 0.08430895209312439.
[I 2023-12-27 11:02:09,422] Trial 13 finished with value: 3.559964895248413 and parameters: {'gradient_clip_val': 0.4782941009025857, 'hidden_size': 139, 'dropout': 0.29912832430293673, 'hidden_continuous_size': 67, 'attention_head_size': 3, 'learning_rate': 0.007197620701418746}. Best is trial 0 with value: 0.08430895209312439.
[I 2023-12-27 11:02:09,845] Trial 14 finished with value: 3.860821485519409 and parameters: {'gradient_clip_val': 0.2520497808634159, 'hidden_size': 68, 'dropout': 0.12683792851175785, 'hidden_continuous_size': 15, 'attention_head_size': 2, 'learning_rate': 0.0006702342693135576}. Best is trial 0 with value: 0.08430895209312439.
[I 2023-12-27 11:02:10,246] Trial 15 finished with value: 4.3955254554748535 and parameters: {'gradient_clip_val': 0.6261659688808969, 'hidden_size': 38, 'dropout': 0.4193798570101053, 'hidden_continuous_size': 9, 'attention_head_size': 4, 'learning_rate': 0.010140505767249664}. Best is trial 0 with value: 0.08430895209312439.
[I 2023-12-27 11:02:10,697] Trial 16 finished with value: 3.08036208152771 and parameters: {'gradient_clip_val': 0.2782482149913195, 'hidden_size': 82, 'dropout': 0.392043682808094, 'hidden_continuous_size': 28, 'attention_head_size': 3, 'learning_rate': 0.0039685274182115985}. Best is trial 0 with value: 0.08430895209312439.
[I 2023-12-27 11:02:11,095] Trial 17 finished with value: 2.6585543155670166 and parameters: {'gradient_clip_val': 0.3856449641455355, 'hidden_size': 45, 'dropout': 0.3188785759028333, 'hidden_continuous_size': 16, 'attention_head_size': 2, 'learning_rate': 0.0005348319835109462}. Best is trial 0 with value: 0.08430895209312439.
[I 2023-12-27 11:02:11,617] Trial 18 finished with value: 3.602525472640991 and parameters: {'gradient_clip_val': 0.29995022830435797, 'hidden_size': 97, 'dropout': 0.17616399670377492, 'hidden_continuous_size': 42, 'attention_head_size': 3, 'learning_rate': 0.014920887886110262}. Best is trial 0 with value: 0.08430895209312439.
[I 2023-12-27 11:02:12,010] Trial 19 finished with value: 4.7979044914245605 and parameters: {'gradient_clip_val': 0.453343634397768, 'hidden_size': 28, 'dropout': 0.2800170928842157, 'hidden_continuous_size': 10, 'attention_head_size': 2, 'learning_rate': 0.004965093357851464}. Best is trial 0 with value: 0.08430895209312439.
[I 2023-12-27 11:02:12,656] Trial 20 finished with value: 4.452574253082275 and parameters: {'gradient_clip_val': 0.6403789112343717, 'hidden_size': 148, 'dropout': 0.3448484936244869, 'hidden_continuous_size': 122, 'attention_head_size': 1, 'learning_rate': 0.0029713403062978537}. Best is trial 0 with value: 0.08430895209312439.
[I 2023-12-27 11:02:13,284] Trial 21 finished with value: 3.9362449645996094 and parameters: {'gradient_clip_val': 0.38915572859871844, 'hidden_size': 55, 'dropout': 0.32737418946861885, 'hidden_continuous_size': 15, 'attention_head_size': 2, 'learning_rate': 0.0006675235077452456}. Best is trial 0 with value: 0.08430895209312439.
[I 2023-12-27 11:02:13,681] Trial 22 finished with value: 2.651076316833496 and parameters: {'gradient_clip_val': 0.3271190172289977, 'hidden_size': 39, 'dropout': 0.2754234956793534, 'hidden_continuous_size': 14, 'attention_head_size': 2, 'learning_rate': 0.0005013905255096978}. Best is trial 0 with value: 0.08430895209312439.
[I 2023-12-27 11:02:14,111] Trial 23 finished with value: 4.0137457847595215 and parameters: {'gradient_clip_val': 0.3089407797817158, 'hidden_size': 69, 'dropout': 0.2649079916420136, 'hidden_continuous_size': 12, 'attention_head_size': 2, 'learning_rate': 0.0011157781384018928}. Best is trial 0 with value: 0.08430895209312439.
[I 2023-12-27 11:02:14,593] Trial 24 finished with value: 3.159158706665039 and parameters: {'gradient_clip_val': 0.2248381138042605, 'hidden_size': 99, 'dropout': 0.23526123451630218, 'hidden_continuous_size': 21, 'attention_head_size': 3, 'learning_rate': 0.0005159080379486914}. Best is trial 0 with value: 0.08430895209312439.
[I 2023-12-27 11:02:14,996] Trial 25 finished with value: 4.62422513961792 and parameters: {'gradient_clip_val': 0.3155720195078306, 'hidden_size': 43, 'dropout': 0.1820911298195873, 'hidden_continuous_size': 13, 'attention_head_size': 2, 'learning_rate': 0.0018801785829655328}. Best is trial 0 with value: 0.08430895209312439.
[I 2023-12-27 11:02:15,413] Trial 26 finished with value: 2.962721824645996 and parameters: {'gradient_clip_val': 0.21326866231140051, 'hidden_size': 59, 'dropout': 0.2869037056197102, 'hidden_continuous_size': 9, 'attention_head_size': 1, 'learning_rate': 0.0010451334943512775}. Best is trial 0 with value: 0.08430895209312439.
[I 2023-12-27 11:02:15,798] Trial 27 finished with value: 3.0171539783477783 and parameters: {'gradient_clip_val': 0.2626737864233694, 'hidden_size': 35, 'dropout': 0.25073116315510213, 'hidden_continuous_size': 10, 'attention_head_size': 3, 'learning_rate': 0.0015602124816297988}. Best is trial 0 with value: 0.08430895209312439.
[I 2023-12-27 11:02:16,296] Trial 28 finished with value: 3.592975378036499 and parameters: {'gradient_clip_val': 0.5617473941958201, 'hidden_size': 108, 'dropout': 0.30874896710993327, 'hidden_continuous_size': 19, 'attention_head_size': 4, 'learning_rate': 0.000771898527854934}. Best is trial 0 with value: 0.08430895209312439.
[I 2023-12-27 11:02:16,689] Trial 29 finished with value: 4.285668849945068 and parameters: {'gradient_clip_val': 0.8288601320768357, 'hidden_size': 32, 'dropout': 0.40737951101337744, 'hidden_continuous_size': 11, 'attention_head_size': 3, 'learning_rate': 0.05451872405995013}. Best is trial 0 with value: 0.08430895209312439.
[I 2023-12-27 11:02:17,129] Trial 30 finished with value: 3.723492383956909 and parameters: {'gradient_clip_val': 0.5420880573499476, 'hidden_size': 82, 'dropout': 0.36113792940197, 'hidden_continuous_size': 17, 'attention_head_size': 2, 'learning_rate': 0.0008799927212727744}. Best is trial 0 with value: 0.08430895209312439.
[I 2023-12-27 11:02:17,530] Trial 31 finished with value: 3.22786545753479 and parameters: {'gradient_clip_val': 0.4001677336624171, 'hidden_size': 44, 'dropout': 0.44650729162319097, 'hidden_continuous_size': 14, 'attention_head_size': 2, 'learning_rate': 0.0005122382962474272}. Best is trial 0 with value: 0.08430895209312439.
[I 2023-12-27 11:02:17,958] Trial 32 finished with value: 3.610630750656128 and parameters: {'gradient_clip_val': 0.3377886891900378, 'hidden_size': 62, 'dropout': 0.31661848040550367, 'hidden_continuous_size': 17, 'attention_head_size': 2, 'learning_rate': 0.001110202859928015}. Best is trial 0 with value: 0.08430895209312439.
[I 2023-12-27 11:02:18,366] Trial 33 finished with value: 4.311323642730713 and parameters: {'gradient_clip_val': 0.43091122652101055, 'hidden_size': 45, 'dropout': 0.359105632226048, 'hidden_continuous_size': 13, 'attention_head_size': 3, 'learning_rate': 0.0005011021501970993}. Best is trial 0 with value: 0.08430895209312439.
[I 2023-12-27 11:02:18,726] Trial 34 finished with value: 2.815953254699707 and parameters: {'gradient_clip_val': 0.36105299078610165, 'hidden_size': 24, 'dropout': 0.37800195375517814, 'hidden_continuous_size': 11, 'attention_head_size': 2, 'learning_rate': 0.0014379481481807208}. Best is trial 0 with value: 0.08430895209312439.
[I 2023-12-27 11:02:19,347] Trial 35 finished with value: 3.4098012447357178 and parameters: {'gradient_clip_val': 0.4192568821766797, 'hidden_size': 50, 'dropout': 0.4601032904290187, 'hidden_continuous_size': 7, 'attention_head_size': 1, 'learning_rate': 0.0008936895829012475}. Best is trial 0 with value: 0.08430895209312439.
[I 2023-12-27 11:02:19,819] Trial 36 finished with value: 2.8063039779663086 and parameters: {'gradient_clip_val': 0.29576230806517473, 'hidden_size': 89, 'dropout': 0.345218603487683, 'hidden_continuous_size': 23, 'attention_head_size': 2, 'learning_rate': 0.0013437895585074453}. Best is trial 0 with value: 0.08430895209312439.
[I 2023-12-27 11:02:20,249] Trial 37 finished with value: 3.36396861076355 and parameters: {'gradient_clip_val': 0.5093492996836123, 'hidden_size': 70, 'dropout': 0.40535007622016955, 'hidden_continuous_size': 15, 'attention_head_size': 1, 'learning_rate': 0.0020643979539633358}. Best is trial 0 with value: 0.08430895209312439.
[I 2023-12-27 11:02:20,748] Trial 38 finished with value: 3.932224988937378 and parameters: {'gradient_clip_val': 0.3478837331302847, 'hidden_size': 113, 'dropout': 0.29107527191631344, 'hidden_continuous_size': 32, 'attention_head_size': 3, 'learning_rate': 0.0007136671246517036}. Best is trial 0 with value: 0.08430895209312439.
[I 2023-12-27 11:02:21,224] Trial 39 finished with value: 3.101210355758667 and parameters: {'gradient_clip_val': 0.4421106491826754, 'hidden_size': 91, 'dropout': 0.3154281165786973, 'hidden_continuous_size': 18, 'attention_head_size': 2, 'learning_rate': 0.0010169363077490278}. Best is trial 0 with value: 0.08430895209312439.
[I 2023-12-27 11:02:21,752] Trial 40 finished with value: 3.1491973400115967 and parameters: {'gradient_clip_val': 0.5724557321399141, 'hidden_size': 121, 'dropout': 0.4846484292588829, 'hidden_continuous_size': 24, 'attention_head_size': 1, 'learning_rate': 0.0025275615959655636}. Best is trial 0 with value: 0.08430895209312439.
[I 2023-12-27 11:02:22,099] Trial 41 finished with value: 3.043013572692871 and parameters: {'gradient_clip_val': 0.1847925521096386, 'hidden_size': 16, 'dropout': 0.1196570469749494, 'hidden_continuous_size': 8, 'attention_head_size': 2, 'learning_rate': 0.08968496241740251}. Best is trial 0 with value: 0.08430895209312439.
[I 2023-12-27 11:02:22,466] Trial 42 finished with value: 3.6513798236846924 and parameters: {'gradient_clip_val': 0.23081866237483012, 'hidden_size': 13, 'dropout': 0.14524918007012158, 'hidden_continuous_size': 6, 'attention_head_size': 2, 'learning_rate': 0.053596240390343705}. Best is trial 0 with value: 0.08430895209312439.
[I 2023-12-27 11:02:22,833] Trial 43 finished with value: 3.118941307067871 and parameters: {'gradient_clip_val': 0.12231009416280557, 'hidden_size': 7, 'dropout': 0.2236507868467244, 'hidden_continuous_size': 5, 'attention_head_size': 2, 'learning_rate': 0.028951033803192125}. Best is trial 0 with value: 0.08430895209312439.
[I 2023-12-27 11:02:23,209] Trial 44 finished with value: 3.6091339588165283 and parameters: {'gradient_clip_val': 0.27695194936429324, 'hidden_size': 24, 'dropout': 0.10211386707898024, 'hidden_continuous_size': 12, 'attention_head_size': 3, 'learning_rate': 0.01440177896983853}. Best is trial 0 with value: 0.08430895209312439.
[I 2023-12-27 11:02:23,599] Trial 45 finished with value: 3.2873992919921875 and parameters: {'gradient_clip_val': 0.3754872266221587, 'hidden_size': 39, 'dropout': 0.2032659283515146, 'hidden_continuous_size': 16, 'attention_head_size': 2, 'learning_rate': 0.09793998044712865}. Best is trial 0 with value: 0.08430895209312439.
[I 2023-12-27 11:02:24,039] Trial 46 finished with value: 3.8705568313598633 and parameters: {'gradient_clip_val': 0.20252251577626326, 'hidden_size': 76, 'dropout': 0.15534408950058548, 'hidden_continuous_size': 20, 'attention_head_size': 2, 'learning_rate': 0.03457562221899794}. Best is trial 0 with value: 0.08430895209312439.
[I 2023-12-27 11:02:24,437] Trial 47 finished with value: 4.607888698577881 and parameters: {'gradient_clip_val': 0.24741302811811522, 'hidden_size': 50, 'dropout': 0.43307707382793004, 'hidden_continuous_size': 18, 'attention_head_size': 2, 'learning_rate': 0.0006070972515046294}. Best is trial 0 with value: 0.08430895209312439.
[I 2023-12-27 11:02:25,270] Trial 48 finished with value: 4.441201210021973 and parameters: {'gradient_clip_val': 0.3290102760996071, 'hidden_size': 132, 'dropout': 0.2730193453173059, 'hidden_continuous_size': 92, 'attention_head_size': 3, 'learning_rate': 0.07216477006512548}. Best is trial 0 with value: 0.08430895209312439.
[I 2023-12-27 11:02:25,725] Trial 49 finished with value: 2.6618380546569824 and parameters: {'gradient_clip_val': 0.4678954397162919, 'hidden_size': 62, 'dropout': 0.19768399379476312, 'hidden_continuous_size': 33, 'attention_head_size': 3, 'learning_rate': 0.0008910744411209842}. Best is trial 0 with value: 0.08430895209312439.
[I 2023-12-27 11:02:25,838] A new study created in memory with name: no-name-9360edaf-a60a-4851-a4b3-b7f2f867c2c5
/home/le004/conda/anaconda3/envs/tsff_env/lib/python3.9/site-packages/lightning/fabric/plugins/environments/slurm.py:191: The `srun` command is available on your system but is not used. HINT: If your intention is to run Lightning on SLURM, prepend your python command with `srun` like so: srun python /home/le004/master_thesis/git/TSFusionForecast/code/ ...
[I 2023-12-27 11:02:50,727] Trial 0 finished with value: 0.25893619656562805 and parameters: {'gradient_clip_val': 0.2933804696356485, 'hidden_size': 6, 'dropout': 0.3216727502204204, 'hidden_continuous_size': 5, 'attention_head_size': 4, 'learning_rate': 0.09015885516678002}. Best is trial 0 with value: 0.25893619656562805.
[I 2023-12-27 11:02:51,088] Trial 1 finished with value: 3.226408004760742 and parameters: {'gradient_clip_val': 0.1857243721012441, 'hidden_size': 8, 'dropout': 0.41589344230654735, 'hidden_continuous_size': 5, 'attention_head_size': 4, 'learning_rate': 0.001531472660728691}. Best is trial 0 with value: 0.25893619656562805.
[I 2023-12-27 11:02:51,485] Trial 2 finished with value: 3.8988840579986572 and parameters: {'gradient_clip_val': 0.33842768096157094, 'hidden_size': 25, 'dropout': 0.10498296080113395, 'hidden_continuous_size': 19, 'attention_head_size': 2, 'learning_rate': 0.0014385791845269499}. Best is trial 0 with value: 0.25893619656562805.
[I 2023-12-27 11:02:51,829] Trial 3 finished with value: 4.351789951324463 and parameters: {'gradient_clip_val': 0.8583493923110322, 'hidden_size': 8, 'dropout': 0.2247177451997585, 'hidden_continuous_size': 6, 'attention_head_size': 1, 'learning_rate': 0.04256533599242085}. Best is trial 0 with value: 0.25893619656562805.
[I 2023-12-27 11:02:52,180] Trial 4 finished with value: 3.2542622089385986 and parameters: {'gradient_clip_val': 0.9176575354119785, 'hidden_size': 6, 'dropout': 0.41841420089950354, 'hidden_continuous_size': 5, 'attention_head_size': 3, 'learning_rate': 0.000592366148022144}. Best is trial 0 with value: 0.25893619656562805.
[I 2023-12-27 11:02:52,538] Trial 5 finished with value: 3.789639711380005 and parameters: {'gradient_clip_val': 0.21533084798401866, 'hidden_size': 7, 'dropout': 0.40244494189749136, 'hidden_continuous_size': 5, 'attention_head_size': 4, 'learning_rate': 0.017741036081843638}. Best is trial 0 with value: 0.25893619656562805.
[I 2023-12-27 11:02:52,917] Trial 6 finished with value: 2.412230968475342 and parameters: {'gradient_clip_val': 0.12807562073394746, 'hidden_size': 14, 'dropout': 0.4818957925274866, 'hidden_continuous_size': 6, 'attention_head_size': 4, 'learning_rate': 0.005392270170154463}. Best is trial 0 with value: 0.25893619656562805.
[I 2023-12-27 11:02:53,397] Trial 7 finished with value: 2.2935779094696045 and parameters: {'gradient_clip_val': 0.8382993762165414, 'hidden_size': 98, 'dropout': 0.16235383247834642, 'hidden_continuous_size': 8, 'attention_head_size': 2, 'learning_rate': 0.018459652717899483}. Best is trial 0 with value: 0.25893619656562805.
[I 2023-12-27 11:02:53,798] Trial 8 finished with value: 2.857192277908325 and parameters: {'gradient_clip_val': 0.3403370662079614, 'hidden_size': 42, 'dropout': 0.36248343621719226, 'hidden_continuous_size': 10, 'attention_head_size': 4, 'learning_rate': 0.03926208667901775}. Best is trial 0 with value: 0.25893619656562805.
[I 2023-12-27 11:02:54,260] Trial 9 finished with value: 2.8307888507843018 and parameters: {'gradient_clip_val': 0.3172113113445245, 'hidden_size': 86, 'dropout': 0.298613729322824, 'hidden_continuous_size': 6, 'attention_head_size': 3, 'learning_rate': 0.007178756712698777}. Best is trial 0 with value: 0.25893619656562805.
[I 2023-12-27 11:02:54,851] Trial 10 finished with value: 2.894930839538574 and parameters: {'gradient_clip_val': 0.5210907283860889, 'hidden_size': 5, 'dropout': 0.2919853660513428, 'hidden_continuous_size': 5, 'attention_head_size': 3, 'learning_rate': 0.09391529766037604}. Best is trial 0 with value: 0.25893619656562805.
[I 2023-12-27 11:02:55,502] Trial 11 finished with value: 3.22454833984375 and parameters: {'gradient_clip_val': 0.5570870141949209, 'hidden_size': 137, 'dropout': 0.20095764663029886, 'hidden_continuous_size': 100, 'attention_head_size': 2, 'learning_rate': 0.09280997971916236}. Best is trial 0 with value: 0.25893619656562805.
[I 2023-12-27 11:02:55,911] Trial 12 finished with value: 3.588336706161499 and parameters: {'gradient_clip_val': 0.516692606457296, 'hidden_size': 38, 'dropout': 0.12420557637516083, 'hidden_continuous_size': 9, 'attention_head_size': 1, 'learning_rate': 0.02259056057089809}. Best is trial 0 with value: 0.25893619656562805.
[I 2023-12-27 11:02:56,311] Trial 13 finished with value: 3.6284453868865967 and parameters: {'gradient_clip_val': 0.9787039461413352, 'hidden_size': 15, 'dropout': 0.22459710246799408, 'hidden_continuous_size': 7, 'attention_head_size': 2, 'learning_rate': 0.01208925646000063}. Best is trial 0 with value: 0.25893619656562805.
[I 2023-12-27 11:02:56,755] Trial 14 finished with value: 2.652181386947632 and parameters: {'gradient_clip_val': 0.22507953638301087, 'hidden_size': 66, 'dropout': 0.33528146887020405, 'hidden_continuous_size': 11, 'attention_head_size': 2, 'learning_rate': 0.046272891674296046}. Best is trial 0 with value: 0.25893619656562805.
