[I 2023-12-27 11:05:46,970] Trial 1 finished with value: 2.521289110183716 and parameters: {'gradient_clip_val': 0.47171857039744686, 'hidden_size': 56, 'dropout': 0.36590319810457195, 'hidden_continuous_size': 6, 'attention_head_size': 3, 'learning_rate': 0.0011217158944014812}. Best is trial 0 with value: 0.2701166868209839.
[I 2023-12-27 11:05:47,422] Trial 2 finished with value: 4.255731105804443 and parameters: {'gradient_clip_val': 0.3032693816559116, 'hidden_size': 76, 'dropout': 0.4193397110582201, 'hidden_continuous_size': 66, 'attention_head_size': 3, 'learning_rate': 0.0036779493457522123}. Best is trial 0 with value: 0.2701166868209839.
[I 2023-12-27 11:05:47,775] Trial 3 finished with value: 5.262691974639893 and parameters: {'gradient_clip_val': 0.11714977308127175, 'hidden_size': 26, 'dropout': 0.37430620988251173, 'hidden_continuous_size': 15, 'attention_head_size': 2, 'learning_rate': 0.0027578739924742864}. Best is trial 0 with value: 0.2701166868209839.
[I 2023-12-27 11:05:48,133] Trial 4 finished with value: 4.504846096038818 and parameters: {'gradient_clip_val': 0.8987775972244171, 'hidden_size': 10, 'dropout': 0.3786388172444196, 'hidden_continuous_size': 5, 'attention_head_size': 4, 'learning_rate': 0.0008439943198879248}. Best is trial 0 with value: 0.2701166868209839.
[I 2023-12-27 11:05:48,435] Trial 5 finished with value: 4.3320088386535645 and parameters: {'gradient_clip_val': 0.17029193751556773, 'hidden_size': 5, 'dropout': 0.47312056438751016, 'hidden_continuous_size': 5, 'attention_head_size': 1, 'learning_rate': 0.000932051752195873}. Best is trial 0 with value: 0.2701166868209839.
[I 2023-12-27 11:05:48,994] Trial 6 finished with value: 3.77807354927063 and parameters: {'gradient_clip_val': 0.5355960890835174, 'hidden_size': 30, 'dropout': 0.36062445081344496, 'hidden_continuous_size': 16, 'attention_head_size': 1, 'learning_rate': 0.0006414907307962771}. Best is trial 0 with value: 0.2701166868209839.
[I 2023-12-27 11:05:49,437] Trial 7 finished with value: 2.2012500762939453 and parameters: {'gradient_clip_val': 0.8065349820304885, 'hidden_size': 90, 'dropout': 0.371097455996772, 'hidden_continuous_size': 19, 'attention_head_size': 4, 'learning_rate': 0.03153313133508571}. Best is trial 0 with value: 0.2701166868209839.
[I 2023-12-27 11:05:49,842] Trial 8 finished with value: 3.6332614421844482 and parameters: {'gradient_clip_val': 0.2736175385065634, 'hidden_size': 63, 'dropout': 0.44365329032861667, 'hidden_continuous_size': 11, 'attention_head_size': 3, 'learning_rate': 0.06382872604342975}. Best is trial 0 with value: 0.2701166868209839.
[I 2023-12-27 11:05:50,210] Trial 9 finished with value: 4.4507646560668945 and parameters: {'gradient_clip_val': 0.31537911808811847, 'hidden_size': 31, 'dropout': 0.23186703982574497, 'hidden_continuous_size': 9, 'attention_head_size': 2, 'learning_rate': 0.0006265375369217776}. Best is trial 0 with value: 0.2701166868209839.
[I 2023-12-27 11:05:50,889] Trial 10 finished with value: 4.012686252593994 and parameters: {'gradient_clip_val': 0.6650372514310218, 'hidden_size': 141, 'dropout': 0.11077670587873084, 'hidden_continuous_size': 140, 'attention_head_size': 4, 'learning_rate': 0.011226754814231287}. Best is trial 0 with value: 0.2701166868209839.
[I 2023-12-27 11:05:51,498] Trial 11 finished with value: 4.819011688232422 and parameters: {'gradient_clip_val': 0.9657003396337929, 'hidden_size': 143, 'dropout': 0.26618200244241735, 'hidden_continuous_size': 38, 'attention_head_size': 4, 'learning_rate': 0.020567897292962906}. Best is trial 0 with value: 0.2701166868209839.
[I 2023-12-27 11:05:52,007] Trial 12 finished with value: 5.30750036239624 and parameters: {'gradient_clip_val': 0.6655489679764617, 'hidden_size': 97, 'dropout': 0.1002145151452116, 'hidden_continuous_size': 27, 'attention_head_size': 4, 'learning_rate': 0.025979401106233833}. Best is trial 0 with value: 0.2701166868209839.
[I 2023-12-27 11:05:52,512] Trial 13 finished with value: 4.164916038513184 and parameters: {'gradient_clip_val': 0.993964660970813, 'hidden_size': 92, 'dropout': 0.20488403186981125, 'hidden_continuous_size': 28, 'attention_head_size': 4, 'learning_rate': 0.006746879846080207}. Best is trial 0 with value: 0.2701166868209839.
[I 2023-12-27 11:05:52,945] Trial 14 finished with value: 5.337031841278076 and parameters: {'gradient_clip_val': 0.4025479698799348, 'hidden_size': 50, 'dropout': 0.3120706414543223, 'hidden_continuous_size': 7, 'attention_head_size': 3, 'learning_rate': 0.0760064816318222}. Best is trial 0 with value: 0.2701166868209839.
[I 2023-12-27 11:05:53,375] Trial 15 finished with value: 4.341021537780762 and parameters: {'gradient_clip_val': 0.7190624415459715, 'hidden_size': 45, 'dropout': 0.16977429959065957, 'hidden_continuous_size': 12, 'attention_head_size': 4, 'learning_rate': 0.02798981141611345}. Best is trial 0 with value: 0.2701166868209839.
[I 2023-12-27 11:05:53,874] Trial 16 finished with value: 4.294039249420166 and parameters: {'gradient_clip_val': 0.514796168909939, 'hidden_size': 104, 'dropout': 0.2910982723120355, 'hidden_continuous_size': 21, 'attention_head_size': 2, 'learning_rate': 0.002323912437895895}. Best is trial 0 with value: 0.2701166868209839.
[I 2023-12-27 11:05:54,454] Trial 17 finished with value: 3.493898630142212 and parameters: {'gradient_clip_val': 0.766541993303198, 'hidden_size': 128, 'dropout': 0.16053195990121816, 'hidden_continuous_size': 74, 'attention_head_size': 3, 'learning_rate': 0.007197921638024719}. Best is trial 0 with value: 0.2701166868209839.
[I 2023-12-27 11:05:54,924] Trial 18 finished with value: 3.484137773513794 and parameters: {'gradient_clip_val': 0.5874257315923217, 'hidden_size': 76, 'dropout': 0.3254840325932927, 'hidden_continuous_size': 8, 'attention_head_size': 4, 'learning_rate': 0.014449333139411312}. Best is trial 0 with value: 0.2701166868209839.
[I 2023-12-27 11:05:55,585] Trial 19 finished with value: 3.023120164871216 and parameters: {'gradient_clip_val': 0.39605998018306465, 'hidden_size': 39, 'dropout': 0.25612585576005564, 'hidden_continuous_size': 10, 'attention_head_size': 3, 'learning_rate': 0.0444326158688907}. Best is trial 0 with value: 0.2701166868209839.
[I 2023-12-27 11:05:56,068] Trial 20 finished with value: 5.361954212188721 and parameters: {'gradient_clip_val': 0.8070708770198841, 'hidden_size': 77, 'dropout': 0.20409824361521572, 'hidden_continuous_size': 21, 'attention_head_size': 4, 'learning_rate': 0.0959087855685693}. Best is trial 0 with value: 0.2701166868209839.
[I 2023-12-27 11:05:56,507] Trial 21 finished with value: 3.946573257446289 and parameters: {'gradient_clip_val': 0.51054877419037, 'hidden_size': 57, 'dropout': 0.334496922480519, 'hidden_continuous_size': 7, 'attention_head_size': 3, 'learning_rate': 0.00191090229808921}. Best is trial 0 with value: 0.2701166868209839.
[I 2023-12-27 11:05:56,956] Trial 22 finished with value: 4.536064624786377 and parameters: {'gradient_clip_val': 0.7728439952273792, 'hidden_size': 62, 'dropout': 0.42065666915845373, 'hidden_continuous_size': 13, 'attention_head_size': 3, 'learning_rate': 0.0014560857916175657}. Best is trial 0 with value: 0.2701166868209839.
[I 2023-12-27 11:05:57,476] Trial 23 finished with value: 3.195836305618286 and parameters: {'gradient_clip_val': 0.6392074133020846, 'hidden_size': 108, 'dropout': 0.2955493414877689, 'hidden_continuous_size': 16, 'attention_head_size': 4, 'learning_rate': 0.00402804627120835}. Best is trial 0 with value: 0.2701166868209839.
[I 2023-12-27 11:05:57,940] Trial 24 finished with value: 3.9355592727661133 and parameters: {'gradient_clip_val': 0.4388870845844469, 'hidden_size': 79, 'dropout': 0.34322193478197816, 'hidden_continuous_size': 6, 'attention_head_size': 2, 'learning_rate': 0.0013432122086236775}. Best is trial 0 with value: 0.2701166868209839.
[I 2023-12-27 11:05:58,353] Trial 25 finished with value: 3.461772918701172 and parameters: {'gradient_clip_val': 0.8508261423358395, 'hidden_size': 42, 'dropout': 0.3946866926059086, 'hidden_continuous_size': 10, 'attention_head_size': 3, 'learning_rate': 0.00512385363505255}. Best is trial 0 with value: 0.2701166868209839.
[I 2023-12-27 11:05:58,893] Trial 26 finished with value: 3.3543636798858643 and parameters: {'gradient_clip_val': 0.5882251647404415, 'hidden_size': 113, 'dropout': 0.4957114920772133, 'hidden_continuous_size': 38, 'attention_head_size': 4, 'learning_rate': 0.0024269683290103253}. Best is trial 0 with value: 0.2701166868209839.
[I 2023-12-27 11:05:59,346] Trial 27 finished with value: 4.072876453399658 and parameters: {'gradient_clip_val': 0.4615169661837812, 'hidden_size': 58, 'dropout': 0.3422088132348462, 'hidden_continuous_size': 13, 'attention_head_size': 4, 'learning_rate': 0.00944295738417522}. Best is trial 0 with value: 0.2701166868209839.
[I 2023-12-27 11:05:59,912] Trial 28 finished with value: 4.553893089294434 and parameters: {'gradient_clip_val': 0.7305463195210908, 'hidden_size': 137, 'dropout': 0.397302105414633, 'hidden_continuous_size': 8, 'attention_head_size': 3, 'learning_rate': 0.0035109662908987473}. Best is trial 0 with value: 0.2701166868209839.
[I 2023-12-27 11:06:00,372] Trial 29 finished with value: 4.092426300048828 and parameters: {'gradient_clip_val': 0.5919124367188462, 'hidden_size': 81, 'dropout': 0.42983372342786563, 'hidden_continuous_size': 5, 'attention_head_size': 3, 'learning_rate': 0.004555764019704343}. Best is trial 0 with value: 0.2701166868209839.
[I 2023-12-27 11:06:00,841] Trial 30 finished with value: 3.501528024673462 and parameters: {'gradient_clip_val': 0.3600172429905783, 'hidden_size': 73, 'dropout': 0.35374102512988803, 'hidden_continuous_size': 19, 'attention_head_size': 2, 'learning_rate': 0.001554647103322084}. Best is trial 0 with value: 0.2701166868209839.
[I 2023-12-27 11:06:01,252] Trial 31 finished with value: 4.535295486450195 and parameters: {'gradient_clip_val': 0.3660406726962113, 'hidden_size': 39, 'dropout': 0.25560633791578746, 'hidden_continuous_size': 10, 'attention_head_size': 3, 'learning_rate': 0.043198511942697124}. Best is trial 0 with value: 0.2701166868209839.
[I 2023-12-27 11:06:01,916] Trial 32 finished with value: 4.016556739807129 and parameters: {'gradient_clip_val': 0.4613554923740621, 'hidden_size': 50, 'dropout': 0.2809711600028377, 'hidden_continuous_size': 6, 'attention_head_size': 3, 'learning_rate': 0.04338481637708369}. Best is trial 0 with value: 0.2701166868209839.
[I 2023-12-27 11:06:02,313] Trial 33 finished with value: 3.3959944248199463 and parameters: {'gradient_clip_val': 0.8633288888653113, 'hidden_size': 22, 'dropout': 0.3800944497885883, 'hidden_continuous_size': 9, 'attention_head_size': 3, 'learning_rate': 0.0028737112349102693}. Best is trial 0 with value: 0.2701166868209839.
[I 2023-12-27 11:06:02,731] Trial 34 finished with value: 3.626514434814453 and parameters: {'gradient_clip_val': 0.2716630371001768, 'hidden_size': 35, 'dropout': 0.3299928806902917, 'hidden_continuous_size': 14, 'attention_head_size': 4, 'learning_rate': 0.0010656922017944158}. Best is trial 0 with value: 0.2701166868209839.
[I 2023-12-27 11:06:03,117] Trial 35 finished with value: 3.7342426776885986 and parameters: {'gradient_clip_val': 0.5431445220137109, 'hidden_size': 24, 'dropout': 0.30878760624201795, 'hidden_continuous_size': 11, 'attention_head_size': 1, 'learning_rate': 0.0005039047181544062}. Best is trial 0 with value: 0.2701166868209839.
[I 2023-12-27 11:06:03,622] Trial 36 finished with value: 4.882380962371826 and parameters: {'gradient_clip_val': 0.6640385656927799, 'hidden_size': 93, 'dropout': 0.35705900850750455, 'hidden_continuous_size': 16, 'attention_head_size': 4, 'learning_rate': 0.017129266993612363}. Best is trial 0 with value: 0.2701166868209839.
[I 2023-12-27 11:06:04,077] Trial 37 finished with value: 3.273055076599121 and parameters: {'gradient_clip_val': 0.881080506736577, 'hidden_size': 62, 'dropout': 0.37250241634126596, 'hidden_continuous_size': 12, 'attention_head_size': 2, 'learning_rate': 0.0008032143356171541}. Best is trial 0 with value: 0.2701166868209839.
[I 2023-12-27 11:06:04,468] Trial 38 finished with value: 3.6878528594970703 and parameters: {'gradient_clip_val': 0.10290735785480294, 'hidden_size': 20, 'dropout': 0.40037678225594125, 'hidden_continuous_size': 5, 'attention_head_size': 3, 'learning_rate': 0.052000709389073994}. Best is trial 0 with value: 0.2701166868209839.
[I 2023-12-27 11:06:04,872] Trial 39 finished with value: 3.2239115238189697 and parameters: {'gradient_clip_val': 0.27537090987529933, 'hidden_size': 30, 'dropout': 0.2427206302041659, 'hidden_continuous_size': 10, 'attention_head_size': 1, 'learning_rate': 0.030339363555388167}. Best is trial 0 with value: 0.2701166868209839.
[I 2023-12-27 11:06:05,322] Trial 40 finished with value: 5.0611701011657715 and parameters: {'gradient_clip_val': 0.9814833786973387, 'hidden_size': 51, 'dropout': 0.44756457223098184, 'hidden_continuous_size': 14, 'attention_head_size': 3, 'learning_rate': 0.03676030446681238}. Best is trial 0 with value: 0.2701166868209839.
[I 2023-12-27 11:06:05,862] Trial 41 finished with value: 5.402877330780029 and parameters: {'gradient_clip_val': 0.6537559694977839, 'hidden_size': 115, 'dropout': 0.29987450418655187, 'hidden_continuous_size': 17, 'attention_head_size': 4, 'learning_rate': 0.003911003698676711}. Best is trial 0 with value: 0.2701166868209839.
[I 2023-12-27 11:06:06,402] Trial 42 finished with value: 4.285447597503662 and parameters: {'gradient_clip_val': 0.7028152623829975, 'hidden_size': 117, 'dropout': 0.27481437329105163, 'hidden_continuous_size': 17, 'attention_head_size': 4, 'learning_rate': 0.003472497395901581}. Best is trial 0 with value: 0.2701166868209839.
[I 2023-12-27 11:06:06,894] Trial 43 finished with value: 4.2048659324646 and parameters: {'gradient_clip_val': 0.620604306233654, 'hidden_size': 91, 'dropout': 0.31638924478016867, 'hidden_continuous_size': 23, 'attention_head_size': 4, 'learning_rate': 0.005407730894652918}. Best is trial 0 with value: 0.2701166868209839.
[I 2023-12-27 11:06:07,354] Trial 44 finished with value: 4.112372398376465 and parameters: {'gradient_clip_val': 0.5478839353316012, 'hidden_size': 65, 'dropout': 0.2813851217149411, 'hidden_continuous_size': 15, 'attention_head_size': 4, 'learning_rate': 0.010842591033691635}. Best is trial 0 with value: 0.2701166868209839.
[I 2023-12-27 11:06:08,281] Trial 45 finished with value: 4.223654270172119 and parameters: {'gradient_clip_val': 0.7951733502151919, 'hidden_size': 146, 'dropout': 0.30210388308212727, 'hidden_continuous_size': 129, 'attention_head_size': 4, 'learning_rate': 0.022941093167347902}. Best is trial 0 with value: 0.2701166868209839.
[I 2023-12-27 11:06:08,812] Trial 46 finished with value: 3.6078546047210693 and parameters: {'gradient_clip_val': 0.48749858600723617, 'hidden_size': 101, 'dropout': 0.12780514303798388, 'hidden_continuous_size': 27, 'attention_head_size': 4, 'learning_rate': 0.061539898111814664}. Best is trial 0 with value: 0.2701166868209839.
[I 2023-12-27 11:06:09,297] Trial 47 finished with value: 3.3827943801879883 and parameters: {'gradient_clip_val': 0.7113859416277025, 'hidden_size': 84, 'dropout': 0.22323457643616787, 'hidden_continuous_size': 18, 'attention_head_size': 4, 'learning_rate': 0.0018784331216542965}. Best is trial 0 with value: 0.2701166868209839.
[I 2023-12-27 11:06:09,772] Trial 48 finished with value: 3.8720195293426514 and parameters: {'gradient_clip_val': 0.622931449796903, 'hidden_size': 69, 'dropout': 0.2598997317251964, 'hidden_continuous_size': 12, 'attention_head_size': 3, 'learning_rate': 0.0070201128098136435}. Best is trial 0 with value: 0.2701166868209839.
[I 2023-12-27 11:06:10,329] Trial 49 finished with value: 4.698935031890869 and parameters: {'gradient_clip_val': 0.927204775274581, 'hidden_size': 121, 'dropout': 0.2922170539864399, 'hidden_continuous_size': 24, 'attention_head_size': 2, 'learning_rate': 0.0029295028912765322}. Best is trial 0 with value: 0.2701166868209839.
[I 2023-12-27 11:06:10,448] A new study created in memory with name: no-name-636d3410-dc22-4cc1-8fff-d2130875c421
/home/le004/conda/anaconda3/envs/tsff_env/lib/python3.9/site-packages/lightning/fabric/plugins/environments/slurm.py:191: The `srun` command is available on your system but is not used. HINT: If your intention is to run Lightning on SLURM, prepend your python command with `srun` like so: srun python /home/le004/master_thesis/git/TSFusionForecast/code/ ...
[I 2023-12-27 11:06:46,135] Trial 0 finished with value: 0.11748436838388443 and parameters: {'gradient_clip_val': 0.8987683540656723, 'hidden_size': 31, 'dropout': 0.24217187374246782, 'hidden_continuous_size': 8, 'attention_head_size': 2, 'learning_rate': 0.03766065965364448}. Best is trial 0 with value: 0.11748436838388443.
[I 2023-12-27 11:06:48,508] Trial 1 finished with value: 3.010953903198242 and parameters: {'gradient_clip_val': 0.22813665489360213, 'hidden_size': 29, 'dropout': 0.419640547868919, 'hidden_continuous_size': 12, 'attention_head_size': 1, 'learning_rate': 0.0032051575193469623}. Best is trial 0 with value: 0.11748436838388443.
[I 2023-12-27 11:06:48,857] Trial 2 finished with value: 2.764949083328247 and parameters: {'gradient_clip_val': 0.4568350193724636, 'hidden_size': 12, 'dropout': 0.2044367565583008, 'hidden_continuous_size': 7, 'attention_head_size': 3, 'learning_rate': 0.0007904987826338325}. Best is trial 0 with value: 0.11748436838388443.
[I 2023-12-27 11:06:49,209] Trial 3 finished with value: 2.859928846359253 and parameters: {'gradient_clip_val': 0.7492203429090223, 'hidden_size': 8, 'dropout': 0.3988450635141244, 'hidden_continuous_size': 7, 'attention_head_size': 3, 'learning_rate': 0.08368556280759544}. Best is trial 0 with value: 0.11748436838388443.
[I 2023-12-27 11:06:49,736] Trial 4 finished with value: 2.4885447025299072 and parameters: {'gradient_clip_val': 0.44626360360780315, 'hidden_size': 132, 'dropout': 0.20141050938508018, 'hidden_continuous_size': 14, 'attention_head_size': 4, 'learning_rate': 0.002107928285598627}. Best is trial 0 with value: 0.11748436838388443.
[I 2023-12-27 11:06:50,292] Trial 5 finished with value: 3.167912721633911 and parameters: {'gradient_clip_val': 0.2566780744614719, 'hidden_size': 14, 'dropout': 0.43079393551209, 'hidden_continuous_size': 5, 'attention_head_size': 3, 'learning_rate': 0.01720255407337435}. Best is trial 0 with value: 0.11748436838388443.
[I 2023-12-27 11:06:50,750] Trial 6 finished with value: 2.5821034908294678 and parameters: {'gradient_clip_val': 0.34820763819634265, 'hidden_size': 94, 'dropout': 0.1979636172410585, 'hidden_continuous_size': 30, 'attention_head_size': 4, 'learning_rate': 0.049611836467495174}. Best is trial 0 with value: 0.11748436838388443.
[I 2023-12-27 11:06:51,100] Trial 7 finished with value: 2.078240156173706 and parameters: {'gradient_clip_val': 0.4798886071500357, 'hidden_size': 24, 'dropout': 0.3887201230682319, 'hidden_continuous_size': 6, 'attention_head_size': 3, 'learning_rate': 0.025364880894161394}. Best is trial 0 with value: 0.11748436838388443.
[I 2023-12-27 11:06:51,451] Trial 8 finished with value: 3.408386468887329 and parameters: {'gradient_clip_val': 0.11478164979952482, 'hidden_size': 15, 'dropout': 0.45842064772874425, 'hidden_continuous_size': 9, 'attention_head_size': 2, 'learning_rate': 0.03585746922592732}. Best is trial 0 with value: 0.11748436838388443.
[I 2023-12-27 11:06:52,014] Trial 9 finished with value: 2.50254225730896 and parameters: {'gradient_clip_val': 0.11656785103547121, 'hidden_size': 148, 'dropout': 0.3306300451660683, 'hidden_continuous_size': 54, 'attention_head_size': 3, 'learning_rate': 0.004293065159262781}. Best is trial 0 with value: 0.11748436838388443.
[I 2023-12-27 11:06:52,353] Trial 10 finished with value: 2.432328462600708 and parameters: {'gradient_clip_val': 0.8735940165837006, 'hidden_size': 5, 'dropout': 0.10374785926033356, 'hidden_continuous_size': 5, 'attention_head_size': 1, 'learning_rate': 0.010019617049347092}. Best is trial 0 with value: 0.11748436838388443.
[I 2023-12-27 11:06:52,740] Trial 11 finished with value: 3.4002163410186768 and parameters: {'gradient_clip_val': 0.9280720444059121, 'hidden_size': 35, 'dropout': 0.3209079357460929, 'hidden_continuous_size': 7, 'attention_head_size': 2, 'learning_rate': 0.019182425747589337}. Best is trial 0 with value: 0.11748436838388443.
[I 2023-12-27 11:06:53,141] Trial 12 finished with value: 2.9105777740478516 and parameters: {'gradient_clip_val': 0.6167856842727398, 'hidden_size': 47, 'dropout': 0.4843441264547683, 'hidden_continuous_size': 10, 'attention_head_size': 2, 'learning_rate': 0.09555544455045334}. Best is trial 0 with value: 0.11748436838388443.
[I 2023-12-27 11:06:53,529] Trial 13 finished with value: 2.3912525177001953 and parameters: {'gradient_clip_val': 0.9856187085134954, 'hidden_size': 22, 'dropout': 0.36830902791469644, 'hidden_continuous_size': 6, 'attention_head_size': 2, 'learning_rate': 0.028892747494528557}. Best is trial 0 with value: 0.11748436838388443.
[I 2023-12-27 11:06:53,941] Trial 14 finished with value: 2.5672829151153564 and parameters: {'gradient_clip_val': 0.643663183975028, 'hidden_size': 53, 'dropout': 0.27471782719280224, 'hidden_continuous_size': 17, 'attention_head_size': 1, 'learning_rate': 0.010640205652124533}. Best is trial 0 with value: 0.11748436838388443.
[I 2023-12-27 11:06:54,325] Trial 15 finished with value: 3.5621278285980225 and parameters: {'gradient_clip_val': 0.5621225517263612, 'hidden_size': 21, 'dropout': 0.3630067601019094, 'hidden_continuous_size': 6, 'attention_head_size': 4, 'learning_rate': 0.047394085670278155}. Best is trial 0 with value: 0.11748436838388443.
