[I 2023-12-27 11:21:23,535] Trial 49 finished with value: 1.201442837715149 and parameters: {'gradient_clip_val': 0.24329511000110435, 'hidden_size': 13, 'dropout': 0.3747823884308367, 'hidden_continuous_size': 9, 'attention_head_size': 3, 'learning_rate': 0.030740204059927553}. Best is trial 0 with value: 0.04420173540711403.
[I 2023-12-27 11:21:23,648] A new study created in memory with name: no-name-8ba3c6d1-cb2b-405f-beb2-741e37207f86
/home/le004/conda/anaconda3/envs/tsff_env/lib/python3.9/site-packages/lightning/fabric/plugins/environments/slurm.py:191: The `srun` command is available on your system but is not used. HINT: If your intention is to run Lightning on SLURM, prepend your python command with `srun` like so: srun python /home/le004/master_thesis/git/TSFusionForecast/code/ ...
[I 2023-12-27 11:21:58,863] Trial 0 finished with value: 0.2523254454135895 and parameters: {'gradient_clip_val': 0.44591357066268583, 'hidden_size': 28, 'dropout': 0.29482931755722636, 'hidden_continuous_size': 24, 'attention_head_size': 2, 'learning_rate': 0.07387127010039968}. Best is trial 0 with value: 0.2523254454135895.
[I 2023-12-27 11:22:02,315] Trial 1 finished with value: 3.43826961517334 and parameters: {'gradient_clip_val': 0.11672869926067558, 'hidden_size': 9, 'dropout': 0.10673994808241055, 'hidden_continuous_size': 5, 'attention_head_size': 3, 'learning_rate': 0.0007060609129418478}. Best is trial 0 with value: 0.2523254454135895.
[I 2023-12-27 11:22:02,789] Trial 2 finished with value: 4.0235915184021 and parameters: {'gradient_clip_val': 0.20824241964397416, 'hidden_size': 104, 'dropout': 0.42580997669936493, 'hidden_continuous_size': 58, 'attention_head_size': 3, 'learning_rate': 0.0088734412504417}. Best is trial 0 with value: 0.2523254454135895.
[I 2023-12-27 11:22:03,127] Trial 3 finished with value: 2.842249870300293 and parameters: {'gradient_clip_val': 0.19937387325238223, 'hidden_size': 12, 'dropout': 0.253566562044089, 'hidden_continuous_size': 10, 'attention_head_size': 1, 'learning_rate': 0.04393068082081545}. Best is trial 0 with value: 0.2523254454135895.
[I 2023-12-27 11:22:03,474] Trial 4 finished with value: 3.917487144470215 and parameters: {'gradient_clip_val': 0.18004282807571192, 'hidden_size': 17, 'dropout': 0.30178637329712044, 'hidden_continuous_size': 14, 'attention_head_size': 2, 'learning_rate': 0.0013858364283216168}. Best is trial 0 with value: 0.2523254454135895.
[I 2023-12-27 11:22:03,777] Trial 5 finished with value: 3.4294378757476807 and parameters: {'gradient_clip_val': 0.22028595192664543, 'hidden_size': 6, 'dropout': 0.16339360445386758, 'hidden_continuous_size': 6, 'attention_head_size': 1, 'learning_rate': 0.012377554701652511}. Best is trial 0 with value: 0.2523254454135895.
[I 2023-12-27 11:22:04,262] Trial 6 finished with value: 2.745774269104004 and parameters: {'gradient_clip_val': 0.26280227955279184, 'hidden_size': 93, 'dropout': 0.4949438926080384, 'hidden_continuous_size': 55, 'attention_head_size': 4, 'learning_rate': 0.004244358956491027}. Best is trial 0 with value: 0.2523254454135895.
[I 2023-12-27 11:22:04,620] Trial 7 finished with value: 4.741358280181885 and parameters: {'gradient_clip_val': 0.3479669495517768, 'hidden_size': 14, 'dropout': 0.27395282682352806, 'hidden_continuous_size': 12, 'attention_head_size': 3, 'learning_rate': 0.057469188144231964}. Best is trial 0 with value: 0.2523254454135895.
[I 2023-12-27 11:22:04,978] Trial 8 finished with value: 3.4199297428131104 and parameters: {'gradient_clip_val': 0.3501439869886564, 'hidden_size': 8, 'dropout': 0.4908339980982329, 'hidden_continuous_size': 6, 'attention_head_size': 3, 'learning_rate': 0.001093222109119577}. Best is trial 0 with value: 0.2523254454135895.
[I 2023-12-27 11:22:05,346] Trial 9 finished with value: 2.682494878768921 and parameters: {'gradient_clip_val': 0.2165300131531025, 'hidden_size': 11, 'dropout': 0.33868067531981894, 'hidden_continuous_size': 9, 'attention_head_size': 2, 'learning_rate': 0.003578268078713324}. Best is trial 0 with value: 0.2523254454135895.
[I 2023-12-27 11:22:05,780] Trial 10 finished with value: 3.168736219406128 and parameters: {'gradient_clip_val': 0.7381283047676802, 'hidden_size': 39, 'dropout': 0.36063060037265215, 'hidden_continuous_size': 23, 'attention_head_size': 4, 'learning_rate': 0.07532702528545593}. Best is trial 0 with value: 0.2523254454135895.
[I 2023-12-27 11:22:06,392] Trial 11 finished with value: 3.79052996635437 and parameters: {'gradient_clip_val': 0.5192106974197779, 'hidden_size': 30, 'dropout': 0.3488413567770488, 'hidden_continuous_size': 9, 'attention_head_size': 2, 'learning_rate': 0.02106898592453591}. Best is trial 0 with value: 0.2523254454135895.
[I 2023-12-27 11:22:06,777] Trial 12 finished with value: 3.4471194744110107 and parameters: {'gradient_clip_val': 0.9661009150915663, 'hidden_size': 23, 'dropout': 0.23093940245964203, 'hidden_continuous_size': 8, 'attention_head_size': 2, 'learning_rate': 0.003760110990295748}. Best is trial 0 with value: 0.2523254454135895.
[I 2023-12-27 11:22:07,122] Trial 13 finished with value: 3.7715320587158203 and parameters: {'gradient_clip_val': 0.4616309821055535, 'hidden_size': 5, 'dropout': 0.3332619005437994, 'hidden_continuous_size': 5, 'attention_head_size': 1, 'learning_rate': 0.09456762802161157}. Best is trial 0 with value: 0.2523254454135895.
[I 2023-12-27 11:22:07,554] Trial 14 finished with value: 3.346231698989868 and parameters: {'gradient_clip_val': 0.49962983922658355, 'hidden_size': 46, 'dropout': 0.39082887066677496, 'hidden_continuous_size': 18, 'attention_head_size': 2, 'learning_rate': 0.025716779295123546}. Best is trial 0 with value: 0.2523254454135895.
[I 2023-12-27 11:22:07,921] Trial 15 finished with value: 2.1385226249694824 and parameters: {'gradient_clip_val': 0.1387310685623464, 'hidden_size': 18, 'dropout': 0.30067851860599326, 'hidden_continuous_size': 8, 'attention_head_size': 2, 'learning_rate': 0.00435227953502293}. Best is trial 0 with value: 0.2523254454135895.
[I 2023-12-27 11:22:08,294] Trial 16 finished with value: 3.8183720111846924 and parameters: {'gradient_clip_val': 0.10109376690324755, 'hidden_size': 19, 'dropout': 0.21325713465793927, 'hidden_continuous_size': 6, 'attention_head_size': 1, 'learning_rate': 0.018533066010348827}. Best is trial 0 with value: 0.2523254454135895.
[I 2023-12-27 11:22:08,676] Trial 17 finished with value: 3.0631134510040283 and parameters: {'gradient_clip_val': 0.151070053103233, 'hidden_size': 25, 'dropout': 0.28177643232340316, 'hidden_continuous_size': 8, 'attention_head_size': 2, 'learning_rate': 0.03901508734784881}. Best is trial 0 with value: 0.2523254454135895.
[I 2023-12-27 11:22:09,110] Trial 18 finished with value: 2.9704506397247314 and parameters: {'gradient_clip_val': 0.15012501674220746, 'hidden_size': 57, 'dropout': 0.308503378808064, 'hidden_continuous_size': 22, 'attention_head_size': 3, 'learning_rate': 0.007096412750436998}. Best is trial 0 with value: 0.2523254454135895.
[I 2023-12-27 11:22:09,512] Trial 19 finished with value: 3.2453386783599854 and parameters: {'gradient_clip_val': 0.27485566332832917, 'hidden_size': 31, 'dropout': 0.2049769239043393, 'hidden_continuous_size': 15, 'attention_head_size': 1, 'learning_rate': 0.03752363313408847}. Best is trial 0 with value: 0.2523254454135895.
[I 2023-12-27 11:22:09,890] Trial 20 finished with value: 3.150933027267456 and parameters: {'gradient_clip_val': 0.40389432800936537, 'hidden_size': 18, 'dropout': 0.25337904738227557, 'hidden_continuous_size': 7, 'attention_head_size': 2, 'learning_rate': 0.013052643747471901}. Best is trial 0 with value: 0.2523254454135895.
[I 2023-12-27 11:22:10,258] Trial 21 finished with value: 4.469934463500977 and parameters: {'gradient_clip_val': 0.26437503168305587, 'hidden_size': 12, 'dropout': 0.3177543149329422, 'hidden_continuous_size': 7, 'attention_head_size': 2, 'learning_rate': 0.004141358864061959}. Best is trial 0 with value: 0.2523254454135895.
[I 2023-12-27 11:22:10,632] Trial 22 finished with value: 3.3950774669647217 and parameters: {'gradient_clip_val': 0.1556249923742289, 'hidden_size': 10, 'dropout': 0.3773212630437641, 'hidden_continuous_size': 5, 'attention_head_size': 2, 'learning_rate': 0.002479422150862655}. Best is trial 0 with value: 0.2523254454135895.
[I 2023-12-27 11:22:11,013] Trial 23 finished with value: 3.3957595825195312 and parameters: {'gradient_clip_val': 0.12706514960199194, 'hidden_size': 15, 'dropout': 0.32850548699071747, 'hidden_continuous_size': 9, 'attention_head_size': 2, 'learning_rate': 0.005873305700859912}. Best is trial 0 with value: 0.2523254454135895.
[I 2023-12-27 11:22:11,639] Trial 24 finished with value: 2.8199775218963623 and parameters: {'gradient_clip_val': 0.23475648517236616, 'hidden_size': 22, 'dropout': 0.2887816718918829, 'hidden_continuous_size': 11, 'attention_head_size': 3, 'learning_rate': 0.0020510679755973986}. Best is trial 0 with value: 0.2523254454135895.
[I 2023-12-27 11:22:12,018] Trial 25 finished with value: 3.5512874126434326 and parameters: {'gradient_clip_val': 0.18551980801262752, 'hidden_size': 8, 'dropout': 0.34089073801931324, 'hidden_continuous_size': 5, 'attention_head_size': 2, 'learning_rate': 0.00928371424637641}. Best is trial 0 with value: 0.2523254454135895.
[I 2023-12-27 11:22:12,391] Trial 26 finished with value: 3.535435438156128 and parameters: {'gradient_clip_val': 0.30697865952137027, 'hidden_size': 14, 'dropout': 0.4064528866275223, 'hidden_continuous_size': 7, 'attention_head_size': 1, 'learning_rate': 0.006108351449353411}. Best is trial 0 with value: 0.2523254454135895.
[I 2023-12-27 11:22:12,788] Trial 27 finished with value: 2.9938037395477295 and parameters: {'gradient_clip_val': 0.17295849859471288, 'hidden_size': 21, 'dropout': 0.31333690498395017, 'hidden_continuous_size': 10, 'attention_head_size': 2, 'learning_rate': 0.09786537148237832}. Best is trial 0 with value: 0.2523254454135895.
[I 2023-12-27 11:22:13,188] Trial 28 finished with value: 2.262091636657715 and parameters: {'gradient_clip_val': 0.12964759969237027, 'hidden_size': 31, 'dropout': 0.37287600625062794, 'hidden_continuous_size': 12, 'attention_head_size': 3, 'learning_rate': 0.0027241128234958187}. Best is trial 0 with value: 0.2523254454135895.
[I 2023-12-27 11:22:13,582] Trial 29 finished with value: 3.8111696243286133 and parameters: {'gradient_clip_val': 0.12583160110816688, 'hidden_size': 29, 'dropout': 0.11352786792364006, 'hidden_continuous_size': 12, 'attention_head_size': 4, 'learning_rate': 0.0005681116597947341}. Best is trial 0 with value: 0.2523254454135895.
[I 2023-12-27 11:22:13,977] Trial 30 finished with value: 3.712660789489746 and parameters: {'gradient_clip_val': 0.10729830727139582, 'hidden_size': 37, 'dropout': 0.361617451217086, 'hidden_continuous_size': 15, 'attention_head_size': 3, 'learning_rate': 0.0008486427544864627}. Best is trial 0 with value: 0.2523254454135895.
[I 2023-12-27 11:22:14,352] Trial 31 finished with value: 3.785085678100586 and parameters: {'gradient_clip_val': 0.11939577783513536, 'hidden_size': 23, 'dropout': 0.29365202731700424, 'hidden_continuous_size': 9, 'attention_head_size': 3, 'learning_rate': 0.0027884910018061253}. Best is trial 0 with value: 0.2523254454135895.
[I 2023-12-27 11:22:14,716] Trial 32 finished with value: 3.4005839824676514 and parameters: {'gradient_clip_val': 0.14348608494314596, 'hidden_size': 17, 'dropout': 0.37435396932952414, 'hidden_continuous_size': 8, 'attention_head_size': 3, 'learning_rate': 0.0017527409679771464}. Best is trial 0 with value: 0.2523254454135895.
[I 2023-12-27 11:22:15,079] Trial 33 finished with value: 2.4879226684570312 and parameters: {'gradient_clip_val': 0.20464010829186563, 'hidden_size': 11, 'dropout': 0.41946028478232467, 'hidden_continuous_size': 8, 'attention_head_size': 2, 'learning_rate': 0.0031817403730001284}. Best is trial 0 with value: 0.2523254454135895.
[I 2023-12-27 11:22:15,467] Trial 34 finished with value: 4.569684982299805 and parameters: {'gradient_clip_val': 0.17501956611512384, 'hidden_size': 26, 'dropout': 0.4190807698078144, 'hidden_continuous_size': 11, 'attention_head_size': 2, 'learning_rate': 0.001511329885082943}. Best is trial 0 with value: 0.2523254454135895.
[I 2023-12-27 11:22:15,841] Trial 35 finished with value: 4.451416492462158 and parameters: {'gradient_clip_val': 0.13029662204714026, 'hidden_size': 15, 'dropout': 0.4253329383715483, 'hidden_continuous_size': 8, 'attention_head_size': 3, 'learning_rate': 0.002648428763338428}. Best is trial 0 with value: 0.2523254454135895.
[I 2023-12-27 11:22:16,230] Trial 36 finished with value: 3.0690364837646484 and parameters: {'gradient_clip_val': 0.19183057278561824, 'hidden_size': 19, 'dropout': 0.44943931778126295, 'hidden_continuous_size': 10, 'attention_head_size': 3, 'learning_rate': 0.005400317765763235}. Best is trial 0 with value: 0.2523254454135895.
[I 2023-12-27 11:22:16,807] Trial 37 finished with value: 4.376605033874512 and parameters: {'gradient_clip_val': 0.10950936456399234, 'hidden_size': 9, 'dropout': 0.3919478285025617, 'hidden_continuous_size': 6, 'attention_head_size': 1, 'learning_rate': 0.002097122107037338}. Best is trial 0 with value: 0.2523254454135895.
[I 2023-12-27 11:22:17,180] Trial 38 finished with value: 3.7976152896881104 and parameters: {'gradient_clip_val': 0.13775881565666662, 'hidden_size': 12, 'dropout': 0.4394737553444627, 'hidden_continuous_size': 7, 'attention_head_size': 4, 'learning_rate': 0.0012120754178639112}. Best is trial 0 with value: 0.2523254454135895.
[I 2023-12-27 11:22:17,607] Trial 39 finished with value: 3.8815155029296875 and parameters: {'gradient_clip_val': 0.11687128662114309, 'hidden_size': 62, 'dropout': 0.35645005274894925, 'hidden_continuous_size': 13, 'attention_head_size': 2, 'learning_rate': 0.009169135832531}. Best is trial 0 with value: 0.2523254454135895.
[I 2023-12-27 11:22:18,146] Trial 40 finished with value: 3.272512674331665 and parameters: {'gradient_clip_val': 0.21143757134031327, 'hidden_size': 129, 'dropout': 0.27512689844750654, 'hidden_continuous_size': 33, 'attention_head_size': 2, 'learning_rate': 0.0029369784408247645}. Best is trial 0 with value: 0.2523254454135895.
[I 2023-12-27 11:22:18,519] Trial 41 finished with value: 3.1842918395996094 and parameters: {'gradient_clip_val': 0.22858582250957418, 'hidden_size': 11, 'dropout': 0.3236415687426352, 'hidden_continuous_size': 8, 'attention_head_size': 2, 'learning_rate': 0.004179557070879729}. Best is trial 0 with value: 0.2523254454135895.
[I 2023-12-27 11:22:18,883] Trial 42 finished with value: 4.107158660888672 and parameters: {'gradient_clip_val': 0.16205924981343592, 'hidden_size': 7, 'dropout': 0.3408248064938697, 'hidden_continuous_size': 6, 'attention_head_size': 2, 'learning_rate': 0.0034230141118449294}. Best is trial 0 with value: 0.2523254454135895.
[I 2023-12-27 11:22:19,258] Trial 43 finished with value: 2.3615853786468506 and parameters: {'gradient_clip_val': 0.2058952762007539, 'hidden_size': 13, 'dropout': 0.3008363107187583, 'hidden_continuous_size': 9, 'attention_head_size': 2, 'learning_rate': 0.004769404723469512}. Best is trial 0 with value: 0.2523254454135895.
[I 2023-12-27 11:22:19,638] Trial 44 finished with value: 3.293672561645508 and parameters: {'gradient_clip_val': 0.16628066131423933, 'hidden_size': 13, 'dropout': 0.29970219250479907, 'hidden_continuous_size': 9, 'attention_head_size': 2, 'learning_rate': 0.004785162881224554}. Best is trial 0 with value: 0.2523254454135895.
[I 2023-12-27 11:22:20,000] Trial 45 finished with value: 3.8905832767486572 and parameters: {'gradient_clip_val': 0.19624455199419613, 'hidden_size': 16, 'dropout': 0.26466964719929953, 'hidden_continuous_size': 10, 'attention_head_size': 3, 'learning_rate': 0.0067866708259516385}. Best is trial 0 with value: 0.2523254454135895.
[I 2023-12-27 11:22:20,380] Trial 46 finished with value: 2.542551279067993 and parameters: {'gradient_clip_val': 0.13922790897705062, 'hidden_size': 19, 'dropout': 0.30171193219938314, 'hidden_continuous_size': 11, 'attention_head_size': 2, 'learning_rate': 0.003182660616769696}. Best is trial 0 with value: 0.2523254454135895.
[I 2023-12-27 11:22:20,753] Trial 47 finished with value: 3.99649977684021 and parameters: {'gradient_clip_val': 0.189131562337738, 'hidden_size': 10, 'dropout': 0.25076995506989025, 'hidden_continuous_size': 8, 'attention_head_size': 1, 'learning_rate': 0.003954478774556422}. Best is trial 0 with value: 0.2523254454135895.
[I 2023-12-27 11:22:21,126] Trial 48 finished with value: 3.1649668216705322 and parameters: {'gradient_clip_val': 0.24274860627294842, 'hidden_size': 13, 'dropout': 0.32234868193509597, 'hidden_continuous_size': 9, 'attention_head_size': 2, 'learning_rate': 0.004631985211304892}. Best is trial 0 with value: 0.2523254454135895.
[I 2023-12-27 11:22:21,492] Trial 49 finished with value: 3.6053695678710938 and parameters: {'gradient_clip_val': 0.16152726226467906, 'hidden_size': 16, 'dropout': 0.3464214612599789, 'hidden_continuous_size': 10, 'attention_head_size': 3, 'learning_rate': 0.0022612518712647202}. Best is trial 0 with value: 0.2523254454135895.
[I 2023-12-27 11:22:21,606] A new study created in memory with name: no-name-3ed7d4b4-6361-40e5-9845-dd72a675087a
/home/le004/conda/anaconda3/envs/tsff_env/lib/python3.9/site-packages/lightning/fabric/plugins/environments/slurm.py:191: The `srun` command is available on your system but is not used. HINT: If your intention is to run Lightning on SLURM, prepend your python command with `srun` like so: srun python /home/le004/master_thesis/git/TSFusionForecast/code/ ...
[I 2023-12-27 11:22:52,810] Trial 0 finished with value: 1.1765028238296509 and parameters: {'gradient_clip_val': 0.4383034476570229, 'hidden_size': 7, 'dropout': 0.28879050478889357, 'hidden_continuous_size': 5, 'attention_head_size': 3, 'learning_rate': 0.006666494579804071}. Best is trial 0 with value: 1.1765028238296509.
[I 2023-12-27 11:23:04,604] Trial 1 finished with value: 3.0207746028900146 and parameters: {'gradient_clip_val': 0.2519937463421017, 'hidden_size': 39, 'dropout': 0.3032370662694863, 'hidden_continuous_size': 6, 'attention_head_size': 3, 'learning_rate': 0.0006037687785414299}. Best is trial 0 with value: 1.1765028238296509.
[I 2023-12-27 11:23:04,977] Trial 2 finished with value: 3.855374574661255 and parameters: {'gradient_clip_val': 0.3072116227581805, 'hidden_size': 32, 'dropout': 0.1921542541208844, 'hidden_continuous_size': 6, 'attention_head_size': 3, 'learning_rate': 0.0034913476078148255}. Best is trial 0 with value: 1.1765028238296509.
[I 2023-12-27 11:23:05,288] Trial 3 finished with value: 4.447161674499512 and parameters: {'gradient_clip_val': 0.11573279573567666, 'hidden_size': 8, 'dropout': 0.31173406566269884, 'hidden_continuous_size': 8, 'attention_head_size': 1, 'learning_rate': 0.007791104639354632}. Best is trial 0 with value: 1.1765028238296509.
[I 2023-12-27 11:23:05,621] Trial 4 finished with value: 3.355487823486328 and parameters: {'gradient_clip_val': 0.7766835705373354, 'hidden_size': 16, 'dropout': 0.3844456587140207, 'hidden_continuous_size': 6, 'attention_head_size': 3, 'learning_rate': 0.0007728971824288591}. Best is trial 0 with value: 1.1765028238296509.
[I 2023-12-27 11:23:05,985] Trial 5 finished with value: 4.871441841125488 and parameters: {'gradient_clip_val': 0.6548066201465204, 'hidden_size': 40, 'dropout': 0.22875164485762675, 'hidden_continuous_size': 9, 'attention_head_size': 3, 'learning_rate': 0.023142791405135196}. Best is trial 0 with value: 1.1765028238296509.
[I 2023-12-27 11:23:06,297] Trial 6 finished with value: 5.864902973175049 and parameters: {'gradient_clip_val': 0.14254653876939422, 'hidden_size': 7, 'dropout': 0.4833380153127631, 'hidden_continuous_size': 7, 'attention_head_size': 2, 'learning_rate': 0.010368331878637931}. Best is trial 0 with value: 1.1765028238296509.
[I 2023-12-27 11:23:06,707] Trial 7 finished with value: 6.164928436279297 and parameters: {'gradient_clip_val': 0.31047074018855514, 'hidden_size': 60, 'dropout': 0.4492341394964702, 'hidden_continuous_size': 41, 'attention_head_size': 4, 'learning_rate': 0.0016764118647226822}. Best is trial 0 with value: 1.1765028238296509.
[I 2023-12-27 11:23:07,073] Trial 8 finished with value: 3.511051893234253 and parameters: {'gradient_clip_val': 0.748634868620871, 'hidden_size': 34, 'dropout': 0.29985506552384167, 'hidden_continuous_size': 11, 'attention_head_size': 4, 'learning_rate': 0.011531445000119343}. Best is trial 0 with value: 1.1765028238296509.
[I 2023-12-27 11:23:07,546] Trial 9 finished with value: 5.323729038238525 and parameters: {'gradient_clip_val': 0.18205808044232366, 'hidden_size': 111, 'dropout': 0.4767271865537398, 'hidden_continuous_size': 6, 'attention_head_size': 3, 'learning_rate': 0.009815028608282882}. Best is trial 0 with value: 1.1765028238296509.
[I 2023-12-27 11:23:07,894] Trial 10 finished with value: 5.473663330078125 and parameters: {'gradient_clip_val': 0.47975111875899507, 'hidden_size': 6, 'dropout': 0.10900447462746513, 'hidden_continuous_size': 5, 'attention_head_size': 1, 'learning_rate': 0.09944206127499426}. Best is trial 0 with value: 1.1765028238296509.
[I 2023-12-27 11:23:08,462] Trial 11 finished with value: 5.246318340301514 and parameters: {'gradient_clip_val': 0.2284203206271102, 'hidden_size': 12, 'dropout': 0.33290099379300736, 'hidden_continuous_size': 5, 'attention_head_size': 2, 'learning_rate': 0.0005228808100921925}. Best is trial 0 with value: 1.1765028238296509.
[I 2023-12-27 11:23:08,836] Trial 12 finished with value: 4.895654201507568 and parameters: {'gradient_clip_val': 0.4375096404635831, 'hidden_size': 19, 'dropout': 0.26521795567557954, 'hidden_continuous_size': 5, 'attention_head_size': 4, 'learning_rate': 0.0019450202289551266}. Best is trial 0 with value: 1.1765028238296509.
