[I 2023-12-27 11:34:20,047] Trial 12 finished with value: 2.7609927654266357 and parameters: {'gradient_clip_val': 0.9734735544189715, 'hidden_size': 9, 'dropout': 0.2610722822125703, 'hidden_continuous_size': 5, 'attention_head_size': 4, 'learning_rate': 0.020417415375007915}. Best is trial 0 with value: 0.07347714900970459.
[I 2023-12-27 11:34:20,387] Trial 13 finished with value: 2.4693546295166016 and parameters: {'gradient_clip_val': 0.39163819590070015, 'hidden_size': 5, 'dropout': 0.3874400665288946, 'hidden_continuous_size': 5, 'attention_head_size': 2, 'learning_rate': 0.045416497308525886}. Best is trial 0 with value: 0.07347714900970459.
[I 2023-12-27 11:34:20,828] Trial 14 finished with value: 2.190411329269409 and parameters: {'gradient_clip_val': 0.10723194327307176, 'hidden_size': 53, 'dropout': 0.24655128847284613, 'hidden_continuous_size': 9, 'attention_head_size': 3, 'learning_rate': 0.01375215274702878}. Best is trial 0 with value: 0.07347714900970459.
[I 2023-12-27 11:34:21,204] Trial 15 finished with value: 2.766202926635742 and parameters: {'gradient_clip_val': 0.15905940807061628, 'hidden_size': 20, 'dropout': 0.4331176151786277, 'hidden_continuous_size': 7, 'attention_head_size': 2, 'learning_rate': 0.053987024621850885}. Best is trial 0 with value: 0.07347714900970459.
[I 2023-12-27 11:34:21,591] Trial 16 finished with value: 2.040595531463623 and parameters: {'gradient_clip_val': 0.3279544057319676, 'hidden_size': 24, 'dropout': 0.10804364682966633, 'hidden_continuous_size': 7, 'attention_head_size': 4, 'learning_rate': 0.02930523645030889}. Best is trial 0 with value: 0.07347714900970459.
[I 2023-12-27 11:34:21,967] Trial 17 finished with value: 2.616865634918213 and parameters: {'gradient_clip_val': 0.18294544365530263, 'hidden_size': 9, 'dropout': 0.27937008803408314, 'hidden_continuous_size': 5, 'attention_head_size': 3, 'learning_rate': 0.0633154450682065}. Best is trial 0 with value: 0.07347714900970459.
[I 2023-12-27 11:34:22,388] Trial 18 finished with value: 1.878221869468689 and parameters: {'gradient_clip_val': 0.1358002463305228, 'hidden_size': 53, 'dropout': 0.323707998757616, 'hidden_continuous_size': 10, 'attention_head_size': 2, 'learning_rate': 0.029625578060556358}. Best is trial 0 with value: 0.07347714900970459.
[I 2023-12-27 11:34:22,786] Trial 19 finished with value: 2.376272439956665 and parameters: {'gradient_clip_val': 0.21335079840819987, 'hidden_size': 13, 'dropout': 0.4993013256258695, 'hidden_continuous_size': 6, 'attention_head_size': 4, 'learning_rate': 0.06919817439895963}. Best is trial 0 with value: 0.07347714900970459.
[I 2023-12-27 11:34:23,177] Trial 20 finished with value: 1.9257802963256836 and parameters: {'gradient_clip_val': 0.3578373388111102, 'hidden_size': 22, 'dropout': 0.22995125257277604, 'hidden_continuous_size': 8, 'attention_head_size': 3, 'learning_rate': 0.01631810289181018}. Best is trial 0 with value: 0.07347714900970459.
[I 2023-12-27 11:34:23,585] Trial 21 finished with value: 3.9318227767944336 and parameters: {'gradient_clip_val': 0.13534113468922013, 'hidden_size': 56, 'dropout': 0.353778723903591, 'hidden_continuous_size': 11, 'attention_head_size': 2, 'learning_rate': 0.03138242501266729}. Best is trial 0 with value: 0.07347714900970459.
[I 2023-12-27 11:34:24,221] Trial 22 finished with value: 2.567669153213501 and parameters: {'gradient_clip_val': 0.12794638034323177, 'hidden_size': 43, 'dropout': 0.31376415617960585, 'hidden_continuous_size': 12, 'attention_head_size': 1, 'learning_rate': 0.03268439684449081}. Best is trial 0 with value: 0.07347714900970459.
[I 2023-12-27 11:34:24,677] Trial 23 finished with value: 2.791935920715332 and parameters: {'gradient_clip_val': 0.17712674182605448, 'hidden_size': 80, 'dropout': 0.2896076697098813, 'hidden_continuous_size': 14, 'attention_head_size': 2, 'learning_rate': 0.02275573210095728}. Best is trial 0 with value: 0.07347714900970459.
[I 2023-12-27 11:34:25,084] Trial 24 finished with value: 2.784353017807007 and parameters: {'gradient_clip_val': 0.12629265719678673, 'hidden_size': 29, 'dropout': 0.4192777580000971, 'hidden_continuous_size': 9, 'attention_head_size': 3, 'learning_rate': 0.046500634954629354}. Best is trial 0 with value: 0.07347714900970459.
[I 2023-12-27 11:34:25,528] Trial 25 finished with value: 2.6105411052703857 and parameters: {'gradient_clip_val': 0.10185069884332915, 'hidden_size': 46, 'dropout': 0.363428180646531, 'hidden_continuous_size': 12, 'attention_head_size': 2, 'learning_rate': 0.07519428413233928}. Best is trial 0 with value: 0.07347714900970459.
[I 2023-12-27 11:34:25,987] Trial 26 finished with value: 2.427736282348633 and parameters: {'gradient_clip_val': 0.15150153995938084, 'hidden_size': 81, 'dropout': 0.33076586970238775, 'hidden_continuous_size': 16, 'attention_head_size': 3, 'learning_rate': 0.010238773294479924}. Best is trial 0 with value: 0.07347714900970459.
[I 2023-12-27 11:34:26,383] Trial 27 finished with value: 3.6697795391082764 and parameters: {'gradient_clip_val': 0.20528024800864195, 'hidden_size': 40, 'dropout': 0.4387353451021926, 'hidden_continuous_size': 8, 'attention_head_size': 2, 'learning_rate': 0.040904025719093115}. Best is trial 0 with value: 0.07347714900970459.
[I 2023-12-27 11:34:26,784] Trial 28 finished with value: 2.9448821544647217 and parameters: {'gradient_clip_val': 0.27952510590672264, 'hidden_size': 29, 'dropout': 0.38795999845471346, 'hidden_continuous_size': 10, 'attention_head_size': 1, 'learning_rate': 0.019429840239002984}. Best is trial 0 with value: 0.07347714900970459.
[I 2023-12-27 11:34:27,202] Trial 29 finished with value: 2.8456056118011475 and parameters: {'gradient_clip_val': 0.2767084726101741, 'hidden_size': 26, 'dropout': 0.26844214465847965, 'hidden_continuous_size': 6, 'attention_head_size': 4, 'learning_rate': 0.010816116322336965}. Best is trial 0 with value: 0.07347714900970459.
[I 2023-12-27 11:34:27,575] Trial 30 finished with value: 2.5642073154449463 and parameters: {'gradient_clip_val': 0.11972931119859571, 'hidden_size': 17, 'dropout': 0.31388537855827725, 'hidden_continuous_size': 8, 'attention_head_size': 3, 'learning_rate': 0.06948179682220415}. Best is trial 0 with value: 0.07347714900970459.
[I 2023-12-27 11:34:27,979] Trial 31 finished with value: 2.7933008670806885 and parameters: {'gradient_clip_val': 0.34048370169478975, 'hidden_size': 36, 'dropout': 0.23776659659160457, 'hidden_continuous_size': 10, 'attention_head_size': 3, 'learning_rate': 0.015938378586787712}. Best is trial 0 with value: 0.07347714900970459.
[I 2023-12-27 11:34:28,360] Trial 32 finished with value: 2.6139943599700928 and parameters: {'gradient_clip_val': 0.23340058315032294, 'hidden_size': 22, 'dropout': 0.216720460298769, 'hidden_continuous_size': 8, 'attention_head_size': 3, 'learning_rate': 0.02702182539652634}. Best is trial 0 with value: 0.07347714900970459.
[I 2023-12-27 11:34:28,749] Trial 33 finished with value: 2.772392511367798 and parameters: {'gradient_clip_val': 0.3789752951672375, 'hidden_size': 21, 'dropout': 0.15858808122921453, 'hidden_continuous_size': 9, 'attention_head_size': 3, 'learning_rate': 0.015709565740455296}. Best is trial 0 with value: 0.07347714900970459.
[I 2023-12-27 11:34:29,156] Trial 34 finished with value: 3.136655807495117 and parameters: {'gradient_clip_val': 0.2554793156227819, 'hidden_size': 38, 'dropout': 0.2954998507224468, 'hidden_continuous_size': 7, 'attention_head_size': 4, 'learning_rate': 0.035400601793917304}. Best is trial 0 with value: 0.07347714900970459.
[I 2023-12-27 11:34:29,764] Trial 35 finished with value: 2.2688791751861572 and parameters: {'gradient_clip_val': 0.2951920957023608, 'hidden_size': 25, 'dropout': 0.1989800603127156, 'hidden_continuous_size': 8, 'attention_head_size': 2, 'learning_rate': 0.025133481615248296}. Best is trial 0 with value: 0.07347714900970459.
[I 2023-12-27 11:34:30,148] Trial 36 finished with value: 2.7696151733398438 and parameters: {'gradient_clip_val': 0.24589285040812242, 'hidden_size': 32, 'dropout': 0.1539978370519227, 'hidden_continuous_size': 6, 'attention_head_size': 3, 'learning_rate': 0.038149452021021865}. Best is trial 0 with value: 0.07347714900970459.
[I 2023-12-27 11:34:30,523] Trial 37 finished with value: 3.1255180835723877 and parameters: {'gradient_clip_val': 0.13950059704239423, 'hidden_size': 18, 'dropout': 0.24471943575804375, 'hidden_continuous_size': 10, 'attention_head_size': 3, 'learning_rate': 0.053440229077326186}. Best is trial 0 with value: 0.07347714900970459.
[I 2023-12-27 11:34:30,987] Trial 38 finished with value: 2.913275957107544 and parameters: {'gradient_clip_val': 0.43461604109896196, 'hidden_size': 86, 'dropout': 0.22080175180009523, 'hidden_continuous_size': 14, 'attention_head_size': 2, 'learning_rate': 0.018004968603811195}. Best is trial 0 with value: 0.07347714900970459.
[I 2023-12-27 11:34:31,494] Trial 39 finished with value: 2.3777761459350586 and parameters: {'gradient_clip_val': 0.18562891814045457, 'hidden_size': 107, 'dropout': 0.19023597351972601, 'hidden_continuous_size': 17, 'attention_head_size': 3, 'learning_rate': 0.00847981675019223}. Best is trial 0 with value: 0.07347714900970459.
[I 2023-12-27 11:34:31,924] Trial 40 finished with value: 2.2517354488372803 and parameters: {'gradient_clip_val': 0.29615337652403156, 'hidden_size': 60, 'dropout': 0.13483664889291846, 'hidden_continuous_size': 6, 'attention_head_size': 2, 'learning_rate': 0.012535004081908092}. Best is trial 0 with value: 0.07347714900970459.
[I 2023-12-27 11:34:32,326] Trial 41 finished with value: 2.9873855113983154 and parameters: {'gradient_clip_val': 0.3319724687319217, 'hidden_size': 48, 'dropout': 0.1012304121212121, 'hidden_continuous_size': 7, 'attention_head_size': 4, 'learning_rate': 0.028857140793246774}. Best is trial 0 with value: 0.07347714900970459.
[I 2023-12-27 11:34:32,728] Trial 42 finished with value: 2.4162824153900146 and parameters: {'gradient_clip_val': 0.33472799030626754, 'hidden_size': 34, 'dropout': 0.11623817713846979, 'hidden_continuous_size': 7, 'attention_head_size': 4, 'learning_rate': 0.02568880677579752}. Best is trial 0 with value: 0.07347714900970459.
[I 2023-12-27 11:34:33,101] Trial 43 finished with value: 2.9565773010253906 and parameters: {'gradient_clip_val': 0.527598187835649, 'hidden_size': 24, 'dropout': 0.12953529147889645, 'hidden_continuous_size': 9, 'attention_head_size': 4, 'learning_rate': 0.0189490847156023}. Best is trial 0 with value: 0.07347714900970459.
[I 2023-12-27 11:34:33,497] Trial 44 finished with value: 2.799459218978882 and parameters: {'gradient_clip_val': 0.368761680933972, 'hidden_size': 30, 'dropout': 0.18787729025866318, 'hidden_continuous_size': 5, 'attention_head_size': 4, 'learning_rate': 0.00546738537946206}. Best is trial 0 with value: 0.07347714900970459.
[I 2023-12-27 11:34:33,859] Trial 45 finished with value: 2.451066255569458 and parameters: {'gradient_clip_val': 0.4308221748265202, 'hidden_size': 16, 'dropout': 0.1671676117521924, 'hidden_continuous_size': 8, 'attention_head_size': 3, 'learning_rate': 0.03839551700500552}. Best is trial 0 with value: 0.07347714900970459.
[I 2023-12-27 11:34:34,289] Trial 46 finished with value: 1.9972060918807983 and parameters: {'gradient_clip_val': 0.11312949843523837, 'hidden_size': 63, 'dropout': 0.12970103847174622, 'hidden_continuous_size': 6, 'attention_head_size': 3, 'learning_rate': 0.014901797017505438}. Best is trial 0 with value: 0.07347714900970459.
[I 2023-12-27 11:34:34,700] Trial 47 finished with value: 2.0107297897338867 and parameters: {'gradient_clip_val': 0.11732866217002429, 'hidden_size': 52, 'dropout': 0.14593667167436528, 'hidden_continuous_size': 6, 'attention_head_size': 3, 'learning_rate': 0.014212044510701656}. Best is trial 0 with value: 0.07347714900970459.
[I 2023-12-27 11:34:35,128] Trial 48 finished with value: 3.4655532836914062 and parameters: {'gradient_clip_val': 0.1115125085733001, 'hidden_size': 67, 'dropout': 0.16746881296599433, 'hidden_continuous_size': 5, 'attention_head_size': 3, 'learning_rate': 0.009542647607196078}. Best is trial 0 with value: 0.07347714900970459.
[I 2023-12-27 11:34:35,817] Trial 49 finished with value: 2.408628225326538 and parameters: {'gradient_clip_val': 0.10134946205186458, 'hidden_size': 45, 'dropout': 0.12658272043768967, 'hidden_continuous_size': 11, 'attention_head_size': 3, 'learning_rate': 0.0122002964525301}. Best is trial 0 with value: 0.07347714900970459.
[I 2023-12-27 11:34:35,931] A new study created in memory with name: no-name-a41a6a10-c86c-44ba-afbd-e0746443b2e2
/home/le004/conda/anaconda3/envs/tsff_env/lib/python3.9/site-packages/lightning/fabric/plugins/environments/slurm.py:191: The `srun` command is available on your system but is not used. HINT: If your intention is to run Lightning on SLURM, prepend your python command with `srun` like so: srun python /home/le004/master_thesis/git/TSFusionForecast/code/ ...
[I 2023-12-27 11:35:10,607] Trial 0 finished with value: 0.8199784159660339 and parameters: {'gradient_clip_val': 0.765915189067298, 'hidden_size': 28, 'dropout': 0.18895202681001233, 'hidden_continuous_size': 13, 'attention_head_size': 1, 'learning_rate': 0.0012187944735543587}. Best is trial 0 with value: 0.8199784159660339.
[I 2023-12-27 11:36:03,228] Trial 1 finished with value: 0.07849789410829544 and parameters: {'gradient_clip_val': 0.32011274944638646, 'hidden_size': 106, 'dropout': 0.21141028535312115, 'hidden_continuous_size': 33, 'attention_head_size': 2, 'learning_rate': 0.007094854848011428}. Best is trial 1 with value: 0.07849789410829544.
[I 2023-12-27 11:36:17,248] Trial 2 finished with value: 0.20426411926746368 and parameters: {'gradient_clip_val': 0.9891686375639118, 'hidden_size': 110, 'dropout': 0.43906487509503045, 'hidden_continuous_size': 26, 'attention_head_size': 1, 'learning_rate': 0.012680725223683664}. Best is trial 1 with value: 0.07849789410829544.
[I 2023-12-27 11:36:17,720] Trial 3 finished with value: 3.3719680309295654 and parameters: {'gradient_clip_val': 0.10026521701921867, 'hidden_size': 89, 'dropout': 0.18641090143731387, 'hidden_continuous_size': 50, 'attention_head_size': 3, 'learning_rate': 0.0008411859115155693}. Best is trial 1 with value: 0.07849789410829544.
[I 2023-12-27 11:36:18,160] Trial 4 finished with value: 3.325566530227661 and parameters: {'gradient_clip_val': 0.6734253848457975, 'hidden_size': 82, 'dropout': 0.2695976875634483, 'hidden_continuous_size': 26, 'attention_head_size': 1, 'learning_rate': 0.06234258278116033}. Best is trial 1 with value: 0.07849789410829544.
[I 2023-12-27 11:36:18,585] Trial 5 finished with value: 2.804400682449341 and parameters: {'gradient_clip_val': 0.12968924320163366, 'hidden_size': 67, 'dropout': 0.4833292700189572, 'hidden_continuous_size': 12, 'attention_head_size': 4, 'learning_rate': 0.06404280115878935}. Best is trial 1 with value: 0.07849789410829544.
[I 2023-12-27 11:36:18,964] Trial 6 finished with value: 2.947831153869629 and parameters: {'gradient_clip_val': 0.6629180211812497, 'hidden_size': 28, 'dropout': 0.4348819118818089, 'hidden_continuous_size': 21, 'attention_head_size': 4, 'learning_rate': 0.0005511103454125973}. Best is trial 1 with value: 0.07849789410829544.
[I 2023-12-27 11:36:19,509] Trial 7 finished with value: 2.5181665420532227 and parameters: {'gradient_clip_val': 0.14749988544601342, 'hidden_size': 16, 'dropout': 0.24347855045580752, 'hidden_continuous_size': 11, 'attention_head_size': 2, 'learning_rate': 0.0006711446566824779}. Best is trial 1 with value: 0.07849789410829544.
[I 2023-12-27 11:36:19,980] Trial 8 finished with value: 3.20424485206604 and parameters: {'gradient_clip_val': 0.11765934515921787, 'hidden_size': 91, 'dropout': 0.11039923048636013, 'hidden_continuous_size': 23, 'attention_head_size': 2, 'learning_rate': 0.06074819311756364}. Best is trial 1 with value: 0.07849789410829544.
[I 2023-12-27 11:36:20,338] Trial 9 finished with value: 2.5614755153656006 and parameters: {'gradient_clip_val': 0.678055903833132, 'hidden_size': 21, 'dropout': 0.45801412947085907, 'hidden_continuous_size': 17, 'attention_head_size': 1, 'learning_rate': 0.0027597086371234573}. Best is trial 1 with value: 0.07849789410829544.
[I 2023-12-27 11:36:20,683] Trial 10 finished with value: 4.192004680633545 and parameters: {'gradient_clip_val': 0.3432511244106766, 'hidden_size': 5, 'dropout': 0.36320459514843606, 'hidden_continuous_size': 5, 'attention_head_size': 3, 'learning_rate': 0.008640110981222532}. Best is trial 1 with value: 0.07849789410829544.
[I 2023-12-27 11:36:21,332] Trial 11 finished with value: 3.256074905395508 and parameters: {'gradient_clip_val': 0.9514524490338918, 'hidden_size': 141, 'dropout': 0.3547990649390102, 'hidden_continuous_size': 115, 'attention_head_size': 2, 'learning_rate': 0.009619281813223702}. Best is trial 1 with value: 0.07849789410829544.
[I 2023-12-27 11:36:21,924] Trial 12 finished with value: 2.648607015609741 and parameters: {'gradient_clip_val': 0.3915382821413233, 'hidden_size': 139, 'dropout': 0.3421903090827736, 'hidden_continuous_size': 51, 'attention_head_size': 1, 'learning_rate': 0.017146479197484292}. Best is trial 1 with value: 0.07849789410829544.
[I 2023-12-27 11:36:22,367] Trial 13 finished with value: 3.0064475536346436 and parameters: {'gradient_clip_val': 0.20630073262168028, 'hidden_size': 53, 'dropout': 0.4094624137377961, 'hidden_continuous_size': 29, 'attention_head_size': 2, 'learning_rate': 0.0038161908821219967}. Best is trial 1 with value: 0.07849789410829544.
[I 2023-12-27 11:36:22,788] Trial 14 finished with value: 2.7714931964874268 and parameters: {'gradient_clip_val': 0.47566695172096163, 'hidden_size': 52, 'dropout': 0.31701459516229785, 'hidden_continuous_size': 8, 'attention_head_size': 3, 'learning_rate': 0.015857132345970814}. Best is trial 1 with value: 0.07849789410829544.
[I 2023-12-27 11:36:23,373] Trial 15 finished with value: 3.386810302734375 and parameters: {'gradient_clip_val': 0.23038140075438784, 'hidden_size': 139, 'dropout': 0.49384499259103093, 'hidden_continuous_size': 39, 'attention_head_size': 1, 'learning_rate': 0.02301215632558677}. Best is trial 1 with value: 0.07849789410829544.
[I 2023-12-27 11:36:23,784] Trial 16 finished with value: 3.409364700317383 and parameters: {'gradient_clip_val': 0.49091655220589137, 'hidden_size': 42, 'dropout': 0.3969377152313754, 'hidden_continuous_size': 15, 'attention_head_size': 2, 'learning_rate': 0.004529360144683433}. Best is trial 1 with value: 0.07849789410829544.
[I 2023-12-27 11:36:24,301] Trial 17 finished with value: 2.433286190032959 and parameters: {'gradient_clip_val': 0.2993733424064623, 'hidden_size': 114, 'dropout': 0.2910392265683326, 'hidden_continuous_size': 37, 'attention_head_size': 1, 'learning_rate': 0.027050702045212534}. Best is trial 1 with value: 0.07849789410829544.
[I 2023-12-27 11:36:24,752] Trial 18 finished with value: 3.239563226699829 and parameters: {'gradient_clip_val': 0.9503194520965934, 'hidden_size': 71, 'dropout': 0.3850365379057353, 'hidden_continuous_size': 20, 'attention_head_size': 2, 'learning_rate': 0.006774347174300261}. Best is trial 1 with value: 0.07849789410829544.
[I 2023-12-27 11:36:25,260] Trial 19 finished with value: 3.3818418979644775 and parameters: {'gradient_clip_val': 0.5305101465424403, 'hidden_size': 102, 'dropout': 0.4430287549392298, 'hidden_continuous_size': 31, 'attention_head_size': 3, 'learning_rate': 0.0019487156224419699}. Best is trial 1 with value: 0.07849789410829544.
[I 2023-12-27 11:36:26,089] Trial 20 finished with value: 2.1261305809020996 and parameters: {'gradient_clip_val': 0.26813393709037925, 'hidden_size': 145, 'dropout': 0.3215090375873489, 'hidden_continuous_size': 74, 'attention_head_size': 1, 'learning_rate': 0.005628218800889067}. Best is trial 1 with value: 0.07849789410829544.
[I 2023-12-27 11:36:26,488] Trial 21 finished with value: 2.868635416030884 and parameters: {'gradient_clip_val': 0.9899898907730034, 'hidden_size': 36, 'dropout': 0.22366647934516481, 'hidden_continuous_size': 14, 'attention_head_size': 1, 'learning_rate': 0.001571934946975917}. Best is trial 1 with value: 0.07849789410829544.
[I 2023-12-27 11:36:26,937] Trial 22 finished with value: 3.367342948913574 and parameters: {'gradient_clip_val': 0.7963364915248314, 'hidden_size': 63, 'dropout': 0.18107903642600923, 'hidden_continuous_size': 18, 'attention_head_size': 1, 'learning_rate': 0.0012677125696666269}. Best is trial 1 with value: 0.07849789410829544.
[I 2023-12-27 11:36:27,358] Trial 23 finished with value: 3.3634841442108154 and parameters: {'gradient_clip_val': 0.7884660176293877, 'hidden_size': 39, 'dropout': 0.2767719805840125, 'hidden_continuous_size': 16, 'attention_head_size': 2, 'learning_rate': 0.0030709721890667223}. Best is trial 1 with value: 0.07849789410829544.
[I 2023-12-27 11:36:27,848] Trial 24 finished with value: 2.7295570373535156 and parameters: {'gradient_clip_val': 0.4122623810664204, 'hidden_size': 90, 'dropout': 0.20105335988802286, 'hidden_continuous_size': 23, 'attention_head_size': 1, 'learning_rate': 0.002370605576945617}. Best is trial 1 with value: 0.07849789410829544.
[I 2023-12-27 11:36:28,278] Trial 25 finished with value: 3.108393430709839 and parameters: {'gradient_clip_val': 0.5844698398104858, 'hidden_size': 56, 'dropout': 0.15222379018061657, 'hidden_continuous_size': 25, 'attention_head_size': 2, 'learning_rate': 0.0011461820827421358}. Best is trial 1 with value: 0.07849789410829544.
[I 2023-12-27 11:36:28,792] Trial 26 finished with value: 1.8730182647705078 and parameters: {'gradient_clip_val': 0.8020858427839671, 'hidden_size': 110, 'dropout': 0.241360744940375, 'hidden_continuous_size': 10, 'attention_head_size': 1, 'learning_rate': 0.004411677616379784}. Best is trial 1 with value: 0.07849789410829544.
