[I 2023-12-27 11:45:10,412] Trial 49 finished with value: 3.4175570011138916 and parameters: {'gradient_clip_val': 0.3284086577774224, 'hidden_size': 40, 'dropout': 0.21616837915292175, 'hidden_continuous_size': 16, 'attention_head_size': 4, 'learning_rate': 0.0018258022010965115}. Best is trial 0 with value: 0.03194417059421539.
[I 2023-12-27 11:45:10,519] A new study created in memory with name: no-name-0a7ed688-1286-4e8a-94c3-13a6a493a787
/home/le004/conda/anaconda3/envs/tsff_env/lib/python3.9/site-packages/lightning/fabric/plugins/environments/slurm.py:191: The `srun` command is available on your system but is not used. HINT: If your intention is to run Lightning on SLURM, prepend your python command with `srun` like so: srun python /home/le004/master_thesis/git/TSFusionForecast/code/ ...
[I 2023-12-27 11:45:41,328] Trial 0 finished with value: 0.5480378270149231 and parameters: {'gradient_clip_val': 0.5719013308010102, 'hidden_size': 20, 'dropout': 0.38537957144267754, 'hidden_continuous_size': 10, 'attention_head_size': 1, 'learning_rate': 0.0029368172430359486}. Best is trial 0 with value: 0.5480378270149231.
[I 2023-12-27 11:46:07,285] Trial 1 finished with value: 0.12445848435163498 and parameters: {'gradient_clip_val': 0.10988964005621256, 'hidden_size': 5, 'dropout': 0.42728335286805663, 'hidden_continuous_size': 5, 'attention_head_size': 1, 'learning_rate': 0.09462883548361092}. Best is trial 1 with value: 0.12445848435163498.
[I 2023-12-27 11:46:08,871] Trial 2 finished with value: 2.536742687225342 and parameters: {'gradient_clip_val': 0.7734633423969804, 'hidden_size': 14, 'dropout': 0.17851106162417532, 'hidden_continuous_size': 5, 'attention_head_size': 3, 'learning_rate': 0.0031399157496488136}. Best is trial 1 with value: 0.12445848435163498.
[I 2023-12-27 11:46:09,309] Trial 3 finished with value: 3.1827566623687744 and parameters: {'gradient_clip_val': 0.1400987146165845, 'hidden_size': 74, 'dropout': 0.11281622876264491, 'hidden_continuous_size': 6, 'attention_head_size': 4, 'learning_rate': 0.05355204034707148}. Best is trial 1 with value: 0.12445848435163498.
[I 2023-12-27 11:46:09,737] Trial 4 finished with value: 3.508193016052246 and parameters: {'gradient_clip_val': 0.17950660870392676, 'hidden_size': 52, 'dropout': 0.15747558552928742, 'hidden_continuous_size': 22, 'attention_head_size': 2, 'learning_rate': 0.04510619885802164}. Best is trial 1 with value: 0.12445848435163498.
[I 2023-12-27 11:46:10,244] Trial 5 finished with value: 3.921613931655884 and parameters: {'gradient_clip_val': 0.35259256263838856, 'hidden_size': 105, 'dropout': 0.33342769481119827, 'hidden_continuous_size': 15, 'attention_head_size': 4, 'learning_rate': 0.0011078633377286243}. Best is trial 1 with value: 0.12445848435163498.
[I 2023-12-27 11:46:10,578] Trial 6 finished with value: 3.5264790058135986 and parameters: {'gradient_clip_val': 0.6706464179120462, 'hidden_size': 6, 'dropout': 0.4510525314413739, 'hidden_continuous_size': 5, 'attention_head_size': 1, 'learning_rate': 0.04224145468507757}. Best is trial 1 with value: 0.12445848435163498.
[I 2023-12-27 11:46:10,949] Trial 7 finished with value: 2.6578309535980225 and parameters: {'gradient_clip_val': 0.8163441576212584, 'hidden_size': 29, 'dropout': 0.1020843232032128, 'hidden_continuous_size': 11, 'attention_head_size': 1, 'learning_rate': 0.021610076342947673}. Best is trial 1 with value: 0.12445848435163498.
[I 2023-12-27 11:46:11,367] Trial 8 finished with value: 3.65730881690979 and parameters: {'gradient_clip_val': 0.9220742032098598, 'hidden_size': 69, 'dropout': 0.27698958328877055, 'hidden_continuous_size': 29, 'attention_head_size': 2, 'learning_rate': 0.019034202484726755}. Best is trial 1 with value: 0.12445848435163498.
[I 2023-12-27 11:46:11,695] Trial 9 finished with value: 3.2611169815063477 and parameters: {'gradient_clip_val': 0.12441471104623768, 'hidden_size': 8, 'dropout': 0.12939760685825666, 'hidden_continuous_size': 5, 'attention_head_size': 4, 'learning_rate': 0.024880227059271263}. Best is trial 1 with value: 0.12445848435163498.
[I 2023-12-27 11:46:12,214] Trial 10 finished with value: 3.793560743331909 and parameters: {'gradient_clip_val': 0.10536377401070088, 'hidden_size': 5, 'dropout': 0.4717480661075548, 'hidden_continuous_size': 5, 'attention_head_size': 2, 'learning_rate': 0.08344321704827035}. Best is trial 1 with value: 0.12445848435163498.
[I 2023-12-27 11:46:12,601] Trial 11 finished with value: 2.918187379837036 and parameters: {'gradient_clip_val': 0.25387464649018177, 'hidden_size': 13, 'dropout': 0.39967545172611274, 'hidden_continuous_size': 8, 'attention_head_size': 1, 'learning_rate': 0.006428662025291841}. Best is trial 1 with value: 0.12445848435163498.
[I 2023-12-27 11:46:13,012] Trial 12 finished with value: 2.483893632888794 and parameters: {'gradient_clip_val': 0.43902645437724047, 'hidden_size': 24, 'dropout': 0.3850181692138886, 'hidden_continuous_size': 8, 'attention_head_size': 1, 'learning_rate': 0.007856479723832547}. Best is trial 1 with value: 0.12445848435163498.
[I 2023-12-27 11:46:13,392] Trial 13 finished with value: 3.140382766723633 and parameters: {'gradient_clip_val': 0.2115830597594348, 'hidden_size': 10, 'dropout': 0.4980075210413708, 'hidden_continuous_size': 6, 'attention_head_size': 3, 'learning_rate': 0.0005305934611996759}. Best is trial 1 with value: 0.12445848435163498.
[I 2023-12-27 11:46:13,713] Trial 14 finished with value: 2.5599043369293213 and parameters: {'gradient_clip_val': 0.553917341666695, 'hidden_size': 5, 'dropout': 0.409187634440136, 'hidden_continuous_size': 5, 'attention_head_size': 2, 'learning_rate': 0.0027033548392859487}. Best is trial 1 with value: 0.12445848435163498.
[I 2023-12-27 11:46:14,080] Trial 15 finished with value: 3.6984660625457764 and parameters: {'gradient_clip_val': 0.32279665253170237, 'hidden_size': 17, 'dropout': 0.3320235360828615, 'hidden_continuous_size': 10, 'attention_head_size': 1, 'learning_rate': 0.09049564347353246}. Best is trial 1 with value: 0.12445848435163498.
[I 2023-12-27 11:46:14,426] Trial 16 finished with value: 4.010670185089111 and parameters: {'gradient_clip_val': 0.4629277505626941, 'hidden_size': 8, 'dropout': 0.43610735888345886, 'hidden_continuous_size': 6, 'attention_head_size': 1, 'learning_rate': 0.012942719698034911}. Best is trial 1 with value: 0.12445848435163498.
[I 2023-12-27 11:46:14,815] Trial 17 finished with value: 3.573472738265991 and parameters: {'gradient_clip_val': 0.2598759048676728, 'hidden_size': 31, 'dropout': 0.49923246135844046, 'hidden_continuous_size': 14, 'attention_head_size': 3, 'learning_rate': 0.004307700361756556}. Best is trial 1 with value: 0.12445848435163498.
[I 2023-12-27 11:46:15,174] Trial 18 finished with value: 2.856959581375122 and parameters: {'gradient_clip_val': 0.17306576427071838, 'hidden_size': 19, 'dropout': 0.3646098503695759, 'hidden_continuous_size': 8, 'attention_head_size': 2, 'learning_rate': 0.01119075233149336}. Best is trial 1 with value: 0.12445848435163498.
[I 2023-12-27 11:46:15,538] Trial 19 finished with value: 3.4990012645721436 and parameters: {'gradient_clip_val': 0.10368064844247102, 'hidden_size': 11, 'dropout': 0.4356940059110581, 'hidden_continuous_size': 7, 'attention_head_size': 1, 'learning_rate': 0.002530196347450173}. Best is trial 1 with value: 0.12445848435163498.
[I 2023-12-27 11:46:15,899] Trial 20 finished with value: 3.059286117553711 and parameters: {'gradient_clip_val': 0.988669844634062, 'hidden_size': 7, 'dropout': 0.2726739026564651, 'hidden_continuous_size': 5, 'attention_head_size': 2, 'learning_rate': 0.005744924587291087}. Best is trial 1 with value: 0.12445848435163498.
[I 2023-12-27 11:46:16,259] Trial 21 finished with value: 3.7471468448638916 and parameters: {'gradient_clip_val': 0.4245956404258151, 'hidden_size': 25, 'dropout': 0.37962434264356343, 'hidden_continuous_size': 9, 'attention_head_size': 1, 'learning_rate': 0.009177062932875416}. Best is trial 1 with value: 0.12445848435163498.
[I 2023-12-27 11:46:16,638] Trial 22 finished with value: 2.9668819904327393 and parameters: {'gradient_clip_val': 0.5697317406918997, 'hidden_size': 40, 'dropout': 0.40744561428496906, 'hidden_continuous_size': 11, 'attention_head_size': 1, 'learning_rate': 0.007876020133745717}. Best is trial 1 with value: 0.12445848435163498.
[I 2023-12-27 11:46:16,992] Trial 23 finished with value: 3.228196144104004 and parameters: {'gradient_clip_val': 0.4013332023427405, 'hidden_size': 21, 'dropout': 0.35336044240754527, 'hidden_continuous_size': 7, 'attention_head_size': 1, 'learning_rate': 0.0016715532501296018}. Best is trial 1 with value: 0.12445848435163498.
[I 2023-12-27 11:46:17,577] Trial 24 finished with value: 3.241476058959961 and parameters: {'gradient_clip_val': 0.495904023584009, 'hidden_size': 15, 'dropout': 0.38699401100123587, 'hidden_continuous_size': 7, 'attention_head_size': 1, 'learning_rate': 0.004450239407813414}. Best is trial 1 with value: 0.12445848435163498.
[I 2023-12-27 11:46:17,940] Trial 25 finished with value: 3.8047873973846436 and parameters: {'gradient_clip_val': 0.39941973572246514, 'hidden_size': 22, 'dropout': 0.42787600043931456, 'hidden_continuous_size': 9, 'attention_head_size': 2, 'learning_rate': 0.012389585372879607}. Best is trial 1 with value: 0.12445848435163498.
[I 2023-12-27 11:46:18,323] Trial 26 finished with value: 3.036543846130371 and parameters: {'gradient_clip_val': 0.29168284344731954, 'hidden_size': 37, 'dropout': 0.45818471815588396, 'hidden_continuous_size': 13, 'attention_head_size': 1, 'learning_rate': 0.02666426292079623}. Best is trial 1 with value: 0.12445848435163498.
[I 2023-12-27 11:46:18,680] Trial 27 finished with value: 3.382589340209961 and parameters: {'gradient_clip_val': 0.3543561124359602, 'hidden_size': 10, 'dropout': 0.36732402890610644, 'hidden_continuous_size': 6, 'attention_head_size': 2, 'learning_rate': 0.007763854970978114}. Best is trial 1 with value: 0.12445848435163498.
[I 2023-12-27 11:46:19,029] Trial 28 finished with value: 2.83835768699646 and parameters: {'gradient_clip_val': 0.6002380587939057, 'hidden_size': 18, 'dropout': 0.3157643331677119, 'hidden_continuous_size': 10, 'attention_head_size': 1, 'learning_rate': 0.03348635538590193}. Best is trial 1 with value: 0.12445848435163498.
[I 2023-12-27 11:46:19,390] Trial 29 finished with value: 2.857783079147339 and parameters: {'gradient_clip_val': 0.7509759408132923, 'hidden_size': 13, 'dropout': 0.2308733677177916, 'hidden_continuous_size': 7, 'attention_head_size': 3, 'learning_rate': 0.017551579178804975}. Best is trial 1 with value: 0.12445848435163498.
[I 2023-12-27 11:46:19,760] Trial 30 finished with value: 2.861412286758423 and parameters: {'gradient_clip_val': 0.4739032619742744, 'hidden_size': 23, 'dropout': 0.4177954708937933, 'hidden_continuous_size': 12, 'attention_head_size': 1, 'learning_rate': 0.004648045942115413}. Best is trial 1 with value: 0.12445848435163498.
[I 2023-12-27 11:46:20,125] Trial 31 finished with value: 4.8428635597229 and parameters: {'gradient_clip_val': 0.6885052190267953, 'hidden_size': 15, 'dropout': 0.37730593221851855, 'hidden_continuous_size': 6, 'attention_head_size': 3, 'learning_rate': 0.06387554269049674}. Best is trial 1 with value: 0.12445848435163498.
[I 2023-12-27 11:46:20,506] Trial 32 finished with value: 2.974294662475586 and parameters: {'gradient_clip_val': 0.15294632716250023, 'hidden_size': 30, 'dropout': 0.1865811393709595, 'hidden_continuous_size': 8, 'attention_head_size': 3, 'learning_rate': 0.04561267530174759}. Best is trial 1 with value: 0.12445848435163498.
[I 2023-12-27 11:46:20,908] Trial 33 finished with value: 3.5512993335723877 and parameters: {'gradient_clip_val': 0.6398562482671921, 'hidden_size': 46, 'dropout': 0.34429709486939286, 'hidden_continuous_size': 16, 'attention_head_size': 4, 'learning_rate': 0.0637730257330416}. Best is trial 1 with value: 0.12445848435163498.
[I 2023-12-27 11:46:21,266] Trial 34 finished with value: 3.20342755317688 and parameters: {'gradient_clip_val': 0.5170661273743805, 'hidden_size': 6, 'dropout': 0.3197879174303069, 'hidden_continuous_size': 5, 'attention_head_size': 3, 'learning_rate': 0.002844845772155792}. Best is trial 1 with value: 0.12445848435163498.
[I 2023-12-27 11:46:21,644] Trial 35 finished with value: 3.335299253463745 and parameters: {'gradient_clip_val': 0.7931433013519794, 'hidden_size': 27, 'dropout': 0.2927054970460455, 'hidden_continuous_size': 6, 'attention_head_size': 4, 'learning_rate': 0.0327508238098597}. Best is trial 1 with value: 0.12445848435163498.
[I 2023-12-27 11:46:22,002] Trial 36 finished with value: 3.67903733253479 and parameters: {'gradient_clip_val': 0.6322612807657346, 'hidden_size': 19, 'dropout': 0.39130737936711246, 'hidden_continuous_size': 9, 'attention_head_size': 2, 'learning_rate': 0.016883299736218674}. Best is trial 1 with value: 0.12445848435163498.
[I 2023-12-27 11:46:22,631] Trial 37 finished with value: 3.455327272415161 and parameters: {'gradient_clip_val': 0.8909142509834284, 'hidden_size': 54, 'dropout': 0.3510175439281651, 'hidden_continuous_size': 52, 'attention_head_size': 1, 'learning_rate': 0.0014882984922664165}. Best is trial 1 with value: 0.12445848435163498.
[I 2023-12-27 11:46:22,995] Trial 38 finished with value: 3.2886276245117188 and parameters: {'gradient_clip_val': 0.7182152586404961, 'hidden_size': 24, 'dropout': 0.1403663072455559, 'hidden_continuous_size': 5, 'attention_head_size': 3, 'learning_rate': 0.003317636388987256}. Best is trial 1 with value: 0.12445848435163498.
[I 2023-12-27 11:46:23,359] Trial 39 finished with value: 3.6128833293914795 and parameters: {'gradient_clip_val': 0.13128470451255564, 'hidden_size': 12, 'dropout': 0.4016121606855821, 'hidden_continuous_size': 6, 'attention_head_size': 2, 'learning_rate': 0.006127062324508989}. Best is trial 1 with value: 0.12445848435163498.
[I 2023-12-27 11:46:23,725] Trial 40 finished with value: 3.752321243286133 and parameters: {'gradient_clip_val': 0.7928659473179465, 'hidden_size': 9, 'dropout': 0.10140491132448234, 'hidden_continuous_size': 5, 'attention_head_size': 4, 'learning_rate': 0.0020237632919540517}. Best is trial 1 with value: 0.12445848435163498.
[I 2023-12-27 11:46:24,075] Trial 41 finished with value: 3.384000778198242 and parameters: {'gradient_clip_val': 0.5425391610292671, 'hidden_size': 6, 'dropout': 0.41411830628270474, 'hidden_continuous_size': 5, 'attention_head_size': 2, 'learning_rate': 0.0035621595458350352}. Best is trial 1 with value: 0.12445848435163498.
[I 2023-12-27 11:46:24,396] Trial 42 finished with value: 3.8262698650360107 and parameters: {'gradient_clip_val': 0.5498705821720032, 'hidden_size': 5, 'dropout': 0.44725476690464855, 'hidden_continuous_size': 5, 'attention_head_size': 1, 'learning_rate': 0.002547308720678294}. Best is trial 1 with value: 0.12445848435163498.
[I 2023-12-27 11:46:24,712] Trial 43 finished with value: 3.6550207138061523 and parameters: {'gradient_clip_val': 0.6454809113384616, 'hidden_size': 5, 'dropout': 0.4641599235544209, 'hidden_continuous_size': 5, 'attention_head_size': 1, 'learning_rate': 0.0012529854269749245}. Best is trial 1 with value: 0.12445848435163498.
[I 2023-12-27 11:46:25,078] Trial 44 finished with value: 3.568239212036133 and parameters: {'gradient_clip_val': 0.45302927563627, 'hidden_size': 7, 'dropout': 0.39893437363476814, 'hidden_continuous_size': 5, 'attention_head_size': 2, 'learning_rate': 0.0020870987569241856}. Best is trial 1 with value: 0.12445848435163498.
[I 2023-12-27 11:46:25,434] Trial 45 finished with value: 2.415907859802246 and parameters: {'gradient_clip_val': 0.5805628099219473, 'hidden_size': 9, 'dropout': 0.4188580997322484, 'hidden_continuous_size': 5, 'attention_head_size': 2, 'learning_rate': 0.0034258188665740397}. Best is trial 1 with value: 0.12445848435163498.
[I 2023-12-27 11:46:25,795] Trial 46 finished with value: 4.059325695037842 and parameters: {'gradient_clip_val': 0.11984775420565984, 'hidden_size': 15, 'dropout': 0.43439919136300753, 'hidden_continuous_size': 6, 'attention_head_size': 1, 'learning_rate': 0.005516860243575692}. Best is trial 1 with value: 0.12445848435163498.
[I 2023-12-27 11:46:26,163] Trial 47 finished with value: 3.543344736099243 and parameters: {'gradient_clip_val': 0.7072190752334082, 'hidden_size': 11, 'dropout': 0.4814910325031866, 'hidden_continuous_size': 8, 'attention_head_size': 3, 'learning_rate': 0.0938852642369172}. Best is trial 1 with value: 0.12445848435163498.
[I 2023-12-27 11:46:26,530] Trial 48 finished with value: 3.67594838142395 and parameters: {'gradient_clip_val': 0.2139388625210151, 'hidden_size': 13, 'dropout': 0.4476130337513226, 'hidden_continuous_size': 7, 'attention_head_size': 2, 'learning_rate': 0.0038344392577828023}. Best is trial 1 with value: 0.12445848435163498.
[I 2023-12-27 11:46:26,884] Trial 49 finished with value: 3.1360082626342773 and parameters: {'gradient_clip_val': 0.5943070513228572, 'hidden_size': 9, 'dropout': 0.421557381706727, 'hidden_continuous_size': 5, 'attention_head_size': 1, 'learning_rate': 0.005195254206061548}. Best is trial 1 with value: 0.12445848435163498.
