[I 2023-12-27 11:27:52,037] Trial 6 finished with value: 2.819960832595825 and parameters: {'gradient_clip_val': 0.3060742541353782, 'hidden_size': 5, 'dropout': 0.43433361436798956, 'hidden_continuous_size': 5, 'attention_head_size': 3, 'learning_rate': 0.008215518771782695}. Best is trial 1 with value: 1.2700098752975464.
[I 2023-12-27 11:27:52,374] Trial 7 finished with value: 2.817136764526367 and parameters: {'gradient_clip_val': 0.1934150449216169, 'hidden_size': 10, 'dropout': 0.39481011577606495, 'hidden_continuous_size': 6, 'attention_head_size': 1, 'learning_rate': 0.0024636301580290747}. Best is trial 1 with value: 1.2700098752975464.
[I 2023-12-27 11:27:52,750] Trial 8 finished with value: 3.2149009704589844 and parameters: {'gradient_clip_val': 0.12973200489667344, 'hidden_size': 33, 'dropout': 0.20511095782359448, 'hidden_continuous_size': 11, 'attention_head_size': 3, 'learning_rate': 0.021364321569326182}. Best is trial 1 with value: 1.2700098752975464.
[I 2023-12-27 11:27:53,285] Trial 9 finished with value: 2.3281798362731934 and parameters: {'gradient_clip_val': 0.6566560813376404, 'hidden_size': 125, 'dropout': 0.11263207364769134, 'hidden_continuous_size': 70, 'attention_head_size': 1, 'learning_rate': 0.002163882562148156}. Best is trial 1 with value: 1.2700098752975464.
[I 2023-12-27 11:27:53,701] Trial 10 finished with value: 2.437161922454834 and parameters: {'gradient_clip_val': 0.49915464731388054, 'hidden_size': 56, 'dropout': 0.3920877215255858, 'hidden_continuous_size': 21, 'attention_head_size': 2, 'learning_rate': 0.04583373507016286}. Best is trial 1 with value: 1.2700098752975464.
[I 2023-12-27 11:27:54,289] Trial 11 finished with value: 2.590067148208618 and parameters: {'gradient_clip_val': 0.11695504981516347, 'hidden_size': 15, 'dropout': 0.49826926031620866, 'hidden_continuous_size': 5, 'attention_head_size': 4, 'learning_rate': 0.0007219466196374135}. Best is trial 1 with value: 1.2700098752975464.
[I 2023-12-27 11:27:54,661] Trial 12 finished with value: 3.069038152694702 and parameters: {'gradient_clip_val': 0.10696875369064777, 'hidden_size': 17, 'dropout': 0.4422744541374281, 'hidden_continuous_size': 5, 'attention_head_size': 2, 'learning_rate': 0.0005552596324605094}. Best is trial 1 with value: 1.2700098752975464.
[I 2023-12-27 11:27:54,999] Trial 13 finished with value: 2.8137311935424805 and parameters: {'gradient_clip_val': 0.147943074917287, 'hidden_size': 5, 'dropout': 0.3588088255859643, 'hidden_continuous_size': 5, 'attention_head_size': 4, 'learning_rate': 0.005518746639273969}. Best is trial 1 with value: 1.2700098752975464.
[I 2023-12-27 11:27:55,414] Trial 14 finished with value: 2.6500325202941895 and parameters: {'gradient_clip_val': 0.38354542334946745, 'hidden_size': 49, 'dropout': 0.4486516236788009, 'hidden_continuous_size': 11, 'attention_head_size': 3, 'learning_rate': 0.005008590547717646}. Best is trial 1 with value: 1.2700098752975464.
[I 2023-12-27 11:27:55,787] Trial 15 finished with value: 2.219461679458618 and parameters: {'gradient_clip_val': 0.10180403666786823, 'hidden_size': 9, 'dropout': 0.3809917638147173, 'hidden_continuous_size': 5, 'attention_head_size': 2, 'learning_rate': 0.0014201875676066158}. Best is trial 1 with value: 1.2700098752975464.
[I 2023-12-27 11:27:56,181] Trial 16 finished with value: 2.8081471920013428 and parameters: {'gradient_clip_val': 0.14932808779135515, 'hidden_size': 21, 'dropout': 0.45768585909760284, 'hidden_continuous_size': 9, 'attention_head_size': 4, 'learning_rate': 0.0005168161692156919}. Best is trial 1 with value: 1.2700098752975464.
[I 2023-12-27 11:27:56,571] Trial 17 finished with value: 2.2184832096099854 and parameters: {'gradient_clip_val': 0.18198578303224594, 'hidden_size': 25, 'dropout': 0.33479379951345467, 'hidden_continuous_size': 13, 'attention_head_size': 3, 'learning_rate': 0.012898696935403907}. Best is trial 1 with value: 1.2700098752975464.
[I 2023-12-27 11:27:56,942] Trial 18 finished with value: 2.970092535018921 and parameters: {'gradient_clip_val': 0.857636643372981, 'hidden_size': 11, 'dropout': 0.4052876035994892, 'hidden_continuous_size': 6, 'attention_head_size': 2, 'learning_rate': 0.004162782065676619}. Best is trial 1 with value: 1.2700098752975464.
[I 2023-12-27 11:27:57,297] Trial 19 finished with value: 2.837839126586914 and parameters: {'gradient_clip_val': 0.36821914676496137, 'hidden_size': 7, 'dropout': 0.474574699587459, 'hidden_continuous_size': 5, 'attention_head_size': 1, 'learning_rate': 0.0018671437300525704}. Best is trial 1 with value: 1.2700098752975464.
[I 2023-12-27 11:27:57,679] Trial 20 finished with value: 2.714639902114868 and parameters: {'gradient_clip_val': 0.14248746041850804, 'hidden_size': 14, 'dropout': 0.4302939932079958, 'hidden_continuous_size': 6, 'attention_head_size': 4, 'learning_rate': 0.0035744219175949947}. Best is trial 1 with value: 1.2700098752975464.
[I 2023-12-27 11:27:58,100] Trial 21 finished with value: 2.7446658611297607 and parameters: {'gradient_clip_val': 0.23217615880835837, 'hidden_size': 54, 'dropout': 0.2968974321240124, 'hidden_continuous_size': 8, 'attention_head_size': 4, 'learning_rate': 0.0029157304382225013}. Best is trial 1 with value: 1.2700098752975464.
[I 2023-12-27 11:27:58,592] Trial 22 finished with value: 2.5601489543914795 and parameters: {'gradient_clip_val': 0.2104885162157103, 'hidden_size': 86, 'dropout': 0.2784493003020166, 'hidden_continuous_size': 31, 'attention_head_size': 4, 'learning_rate': 0.00271138651193679}. Best is trial 1 with value: 1.2700098752975464.
[I 2023-12-27 11:27:59,047] Trial 23 finished with value: 3.53578782081604 and parameters: {'gradient_clip_val': 0.17129862701417078, 'hidden_size': 78, 'dropout': 0.362074681153418, 'hidden_continuous_size': 15, 'attention_head_size': 3, 'learning_rate': 0.0012195101204467952}. Best is trial 1 with value: 1.2700098752975464.
[I 2023-12-27 11:27:59,845] Trial 24 finished with value: 3.0718047618865967 and parameters: {'gradient_clip_val': 0.2308565325848609, 'hidden_size': 149, 'dropout': 0.41646424970388995, 'hidden_continuous_size': 32, 'attention_head_size': 4, 'learning_rate': 0.007438944127087107}. Best is trial 1 with value: 1.2700098752975464.
[I 2023-12-27 11:28:00,240] Trial 25 finished with value: 2.8205292224884033 and parameters: {'gradient_clip_val': 0.12906715327354024, 'hidden_size': 34, 'dropout': 0.46924565083257674, 'hidden_continuous_size': 7, 'attention_head_size': 3, 'learning_rate': 0.0017968577170031353}. Best is trial 1 with value: 1.2700098752975464.
[I 2023-12-27 11:28:00,674] Trial 26 finished with value: 2.3372607231140137 and parameters: {'gradient_clip_val': 0.16678847232267552, 'hidden_size': 67, 'dropout': 0.4199498560805325, 'hidden_continuous_size': 10, 'attention_head_size': 2, 'learning_rate': 0.002586743213826407}. Best is trial 1 with value: 1.2700098752975464.
[I 2023-12-27 11:28:01,171] Trial 27 finished with value: 1.686881422996521 and parameters: {'gradient_clip_val': 0.30721135832505514, 'hidden_size': 101, 'dropout': 0.48136239307571205, 'hidden_continuous_size': 15, 'attention_head_size': 4, 'learning_rate': 0.003854853354699976}. Best is trial 1 with value: 1.2700098752975464.
[I 2023-12-27 11:28:01,544] Trial 28 finished with value: 3.4420673847198486 and parameters: {'gradient_clip_val': 0.27194117258249534, 'hidden_size': 20, 'dropout': 0.4995340527296985, 'hidden_continuous_size': 9, 'attention_head_size': 3, 'learning_rate': 0.0008352665696040602}. Best is trial 1 with value: 1.2700098752975464.
[I 2023-12-27 11:28:02,027] Trial 29 finished with value: 2.656000852584839 and parameters: {'gradient_clip_val': 0.3176328868076175, 'hidden_size': 105, 'dropout': 0.46958296000701893, 'hidden_continuous_size': 16, 'attention_head_size': 1, 'learning_rate': 0.0012328592139870332}. Best is trial 1 with value: 1.2700098752975464.
[I 2023-12-27 11:28:02,437] Trial 30 finished with value: 2.4364686012268066 and parameters: {'gradient_clip_val': 0.1105549568968004, 'hidden_size': 42, 'dropout': 0.45361265332441936, 'hidden_continuous_size': 13, 'attention_head_size': 4, 'learning_rate': 0.0037716633624628143}. Best is trial 1 with value: 1.2700098752975464.
[I 2023-12-27 11:28:02,922] Trial 31 finished with value: 2.554143190383911 and parameters: {'gradient_clip_val': 0.21950266873156668, 'hidden_size': 99, 'dropout': 0.26327873863736007, 'hidden_continuous_size': 7, 'attention_head_size': 4, 'learning_rate': 0.0056245337310238275}. Best is trial 1 with value: 1.2700098752975464.
[I 2023-12-27 11:28:03,441] Trial 32 finished with value: 2.2772457599639893 and parameters: {'gradient_clip_val': 0.2605034811496433, 'hidden_size': 124, 'dropout': 0.4821382698448184, 'hidden_continuous_size': 8, 'attention_head_size': 4, 'learning_rate': 0.0019265932735184803}. Best is trial 1 with value: 1.2700098752975464.
[I 2023-12-27 11:28:03,882] Trial 33 finished with value: 2.35060715675354 and parameters: {'gradient_clip_val': 0.2087473946833177, 'hidden_size': 71, 'dropout': 0.42090365695259724, 'hidden_continuous_size': 7, 'attention_head_size': 4, 'learning_rate': 0.0015230541135948705}. Best is trial 1 with value: 1.2700098752975464.
[I 2023-12-27 11:28:04,364] Trial 34 finished with value: 2.541860818862915 and parameters: {'gradient_clip_val': 0.17368109307974805, 'hidden_size': 92, 'dropout': 0.4801872017331035, 'hidden_continuous_size': 26, 'attention_head_size': 3, 'learning_rate': 0.0010190189566752772}. Best is trial 1 with value: 1.2700098752975464.
[I 2023-12-27 11:28:04,879] Trial 35 finished with value: 2.463996171951294 and parameters: {'gradient_clip_val': 0.2489783157637368, 'hidden_size': 117, 'dropout': 0.4403791265790677, 'hidden_continuous_size': 18, 'attention_head_size': 4, 'learning_rate': 0.002852442175463683}. Best is trial 1 with value: 1.2700098752975464.
[I 2023-12-27 11:28:05,450] Trial 36 finished with value: 2.4479386806488037 and parameters: {'gradient_clip_val': 0.1882653499963701, 'hidden_size': 134, 'dropout': 0.3785375165688367, 'hidden_continuous_size': 41, 'attention_head_size': 3, 'learning_rate': 0.008390714782219973}. Best is trial 1 with value: 1.2700098752975464.
[I 2023-12-27 11:28:05,944] Trial 37 finished with value: 3.104560613632202 and parameters: {'gradient_clip_val': 0.28144035939088696, 'hidden_size': 106, 'dropout': 0.40923787351325835, 'hidden_continuous_size': 12, 'attention_head_size': 2, 'learning_rate': 0.0034982755455960166}. Best is trial 1 with value: 1.2700098752975464.
[I 2023-12-27 11:28:06,740] Trial 38 finished with value: 3.2941064834594727 and parameters: {'gradient_clip_val': 0.3073572310481523, 'hidden_size': 147, 'dropout': 0.3286884987243631, 'hidden_continuous_size': 19, 'attention_head_size': 4, 'learning_rate': 0.0016097633924824484}. Best is trial 1 with value: 1.2700098752975464.
[I 2023-12-27 11:28:07,180] Trial 39 finished with value: 3.1580779552459717 and parameters: {'gradient_clip_val': 0.12229668677527782, 'hidden_size': 67, 'dropout': 0.4574610314647301, 'hidden_continuous_size': 14, 'attention_head_size': 2, 'learning_rate': 0.00233209835775757}. Best is trial 1 with value: 1.2700098752975464.
[I 2023-12-27 11:28:07,648] Trial 40 finished with value: 2.220609664916992 and parameters: {'gradient_clip_val': 0.2018753308834061, 'hidden_size': 85, 'dropout': 0.49055341289061094, 'hidden_continuous_size': 17, 'attention_head_size': 3, 'learning_rate': 0.0009777868485423297}. Best is trial 1 with value: 1.2700098752975464.
[I 2023-12-27 11:28:08,057] Trial 41 finished with value: 2.737274169921875 and parameters: {'gradient_clip_val': 0.1888166277586982, 'hidden_size': 33, 'dropout': 0.24713449365294982, 'hidden_continuous_size': 13, 'attention_head_size': 3, 'learning_rate': 0.010536880267713848}. Best is trial 1 with value: 1.2700098752975464.
[I 2023-12-27 11:28:08,458] Trial 42 finished with value: 2.795984983444214 and parameters: {'gradient_clip_val': 0.23926915111700542, 'hidden_size': 26, 'dropout': 0.3251866174892887, 'hidden_continuous_size': 12, 'attention_head_size': 4, 'learning_rate': 0.012153299407426531}. Best is trial 1 with value: 1.2700098752975464.
[I 2023-12-27 11:28:08,860] Trial 43 finished with value: 2.7225077152252197 and parameters: {'gradient_clip_val': 0.15520861886793427, 'hidden_size': 28, 'dropout': 0.3388027279753587, 'hidden_continuous_size': 15, 'attention_head_size': 4, 'learning_rate': 0.004873388535544149}. Best is trial 1 with value: 1.2700098752975464.
[I 2023-12-27 11:28:09,270] Trial 44 finished with value: 2.5532686710357666 and parameters: {'gradient_clip_val': 0.10012645976153703, 'hidden_size': 42, 'dropout': 0.4349879050649441, 'hidden_continuous_size': 20, 'attention_head_size': 2, 'learning_rate': 0.006042811212738408}. Best is trial 1 with value: 1.2700098752975464.
[I 2023-12-27 11:28:09,701] Trial 45 finished with value: 2.6523733139038086 and parameters: {'gradient_clip_val': 0.17985876566959913, 'hidden_size': 61, 'dropout': 0.39408912252496076, 'hidden_continuous_size': 10, 'attention_head_size': 3, 'learning_rate': 0.01688620652672313}. Best is trial 1 with value: 1.2700098752975464.
[I 2023-12-27 11:28:10,176] Trial 46 finished with value: 2.695847749710083 and parameters: {'gradient_clip_val': 0.11597966537840436, 'hidden_size': 79, 'dropout': 0.2918116245413735, 'hidden_continuous_size': 21, 'attention_head_size': 4, 'learning_rate': 0.004629447408857048}. Best is trial 1 with value: 1.2700098752975464.
[I 2023-12-27 11:28:10,600] Trial 47 finished with value: 2.419001817703247 and parameters: {'gradient_clip_val': 0.14135146625677825, 'hidden_size': 49, 'dropout': 0.31150249819071973, 'hidden_continuous_size': 23, 'attention_head_size': 2, 'learning_rate': 0.006678094293768451}. Best is trial 1 with value: 1.2700098752975464.
[I 2023-12-27 11:28:11,087] Trial 48 finished with value: 2.929351806640625 and parameters: {'gradient_clip_val': 0.1610573730061679, 'hidden_size': 108, 'dropout': 0.3506155299395589, 'hidden_continuous_size': 16, 'attention_head_size': 3, 'learning_rate': 0.0021153265856371575}. Best is trial 1 with value: 1.2700098752975464.
[I 2023-12-27 11:28:11,451] Trial 49 finished with value: 2.872025489807129 and parameters: {'gradient_clip_val': 0.1344872410038118, 'hidden_size': 12, 'dropout': 0.37330795363492864, 'hidden_continuous_size': 9, 'attention_head_size': 1, 'learning_rate': 0.0033825144421234794}. Best is trial 1 with value: 1.2700098752975464.
[I 2023-12-27 11:28:11,563] A new study created in memory with name: no-name-953fa6f1-3bb4-4418-8b21-c53e79ca6cb6
/home/le004/conda/anaconda3/envs/tsff_env/lib/python3.9/site-packages/lightning/fabric/plugins/environments/slurm.py:191: The `srun` command is available on your system but is not used. HINT: If your intention is to run Lightning on SLURM, prepend your python command with `srun` like so: srun python /home/le004/master_thesis/git/TSFusionForecast/code/ ...
[I 2023-12-27 11:28:27,438] Trial 0 finished with value: 2.194629430770874 and parameters: {'gradient_clip_val': 0.22987065765582815, 'hidden_size': 39, 'dropout': 0.11459747388851711, 'hidden_continuous_size': 17, 'attention_head_size': 2, 'learning_rate': 0.06289689909864617}. Best is trial 0 with value: 2.194629430770874.
[I 2023-12-27 11:28:27,807] Trial 1 finished with value: 2.5235323905944824 and parameters: {'gradient_clip_val': 0.1345130386000091, 'hidden_size': 38, 'dropout': 0.35084209872630534, 'hidden_continuous_size': 23, 'attention_head_size': 2, 'learning_rate': 0.0005191088795490391}. Best is trial 0 with value: 2.194629430770874.
[I 2023-12-27 11:28:28,252] Trial 2 finished with value: 2.3734850883483887 and parameters: {'gradient_clip_val': 0.6029600168532975, 'hidden_size': 87, 'dropout': 0.158493051878658, 'hidden_continuous_size': 30, 'attention_head_size': 2, 'learning_rate': 0.03770777447113227}. Best is trial 0 with value: 2.194629430770874.
[I 2023-12-27 11:28:28,608] Trial 3 finished with value: 3.0641796588897705 and parameters: {'gradient_clip_val': 0.17300893528476427, 'hidden_size': 23, 'dropout': 0.23230190742038, 'hidden_continuous_size': 15, 'attention_head_size': 2, 'learning_rate': 0.08977756905849361}. Best is trial 0 with value: 2.194629430770874.
[I 2023-12-27 11:28:28,998] Trial 4 finished with value: 3.078387975692749 and parameters: {'gradient_clip_val': 0.29963431859047723, 'hidden_size': 44, 'dropout': 0.13894083776900976, 'hidden_continuous_size': 14, 'attention_head_size': 4, 'learning_rate': 0.08942481787973539}. Best is trial 0 with value: 2.194629430770874.
[I 2023-12-27 11:28:29,362] Trial 5 finished with value: 2.522418737411499 and parameters: {'gradient_clip_val': 0.26750495233972255, 'hidden_size': 27, 'dropout': 0.2744553360101748, 'hidden_continuous_size': 9, 'attention_head_size': 2, 'learning_rate': 0.016443304710113217}. Best is trial 0 with value: 2.194629430770874.
[I 2023-12-27 11:28:29,746] Trial 6 finished with value: 2.619691848754883 and parameters: {'gradient_clip_val': 0.567021141427894, 'hidden_size': 35, 'dropout': 0.3206675915332293, 'hidden_continuous_size': 28, 'attention_head_size': 2, 'learning_rate': 0.0008006247554548138}. Best is trial 0 with value: 2.194629430770874.
[I 2023-12-27 11:28:30,090] Trial 7 finished with value: 3.4362456798553467 and parameters: {'gradient_clip_val': 0.3636762775967231, 'hidden_size': 22, 'dropout': 0.15007016636604764, 'hidden_continuous_size': 7, 'attention_head_size': 1, 'learning_rate': 0.031404368731288955}. Best is trial 0 with value: 2.194629430770874.
[I 2023-12-27 11:28:30,461] Trial 8 finished with value: 2.360780715942383 and parameters: {'gradient_clip_val': 0.18162995255672582, 'hidden_size': 33, 'dropout': 0.2779174154728403, 'hidden_continuous_size': 19, 'attention_head_size': 2, 'learning_rate': 0.046311075225356914}. Best is trial 0 with value: 2.194629430770874.
[I 2023-12-27 11:28:30,820] Trial 9 finished with value: 2.4912312030792236 and parameters: {'gradient_clip_val': 0.4575752321330443, 'hidden_size': 28, 'dropout': 0.16004872618516358, 'hidden_continuous_size': 5, 'attention_head_size': 2, 'learning_rate': 0.0009458853598073745}. Best is trial 0 with value: 2.194629430770874.
[I 2023-12-27 11:28:31,184] Trial 10 finished with value: 2.9039084911346436 and parameters: {'gradient_clip_val': 0.8311019515939542, 'hidden_size': 8, 'dropout': 0.4631746745524488, 'hidden_continuous_size': 5, 'attention_head_size': 4, 'learning_rate': 0.0062833667530083365}. Best is trial 0 with value: 2.194629430770874.
[I 2023-12-27 11:28:31,743] Trial 11 finished with value: 2.85794997215271 and parameters: {'gradient_clip_val': 0.1859455765457785, 'hidden_size': 128, 'dropout': 0.11076237092441324, 'hidden_continuous_size': 75, 'attention_head_size': 3, 'learning_rate': 0.011390655138727402}. Best is trial 0 with value: 2.194629430770874.
[I 2023-12-27 11:28:32,372] Trial 12 finished with value: 2.2407050132751465 and parameters: {'gradient_clip_val': 0.10892476357018614, 'hidden_size': 63, 'dropout': 0.2190896564638563, 'hidden_continuous_size': 18, 'attention_head_size': 1, 'learning_rate': 0.039298691483617955}. Best is trial 0 with value: 2.194629430770874.
[I 2023-12-27 11:28:32,802] Trial 13 finished with value: 3.2264106273651123 and parameters: {'gradient_clip_val': 0.11427223104711945, 'hidden_size': 62, 'dropout': 0.2117765740445165, 'hidden_continuous_size': 12, 'attention_head_size': 1, 'learning_rate': 0.0955429147782156}. Best is trial 0 with value: 2.194629430770874.
[I 2023-12-27 11:28:33,265] Trial 14 finished with value: 3.052248239517212 and parameters: {'gradient_clip_val': 0.10582248721595454, 'hidden_size': 77, 'dropout': 0.20382288484983024, 'hidden_continuous_size': 36, 'attention_head_size': 1, 'learning_rate': 0.021030069521762132}. Best is trial 0 with value: 2.194629430770874.
[I 2023-12-27 11:28:33,846] Trial 15 finished with value: 3.0578906536102295 and parameters: {'gradient_clip_val': 0.22110856485247907, 'hidden_size': 141, 'dropout': 0.10198476212754254, 'hidden_continuous_size': 44, 'attention_head_size': 3, 'learning_rate': 0.007960710446058877}. Best is trial 0 with value: 2.194629430770874.
[I 2023-12-27 11:28:34,218] Trial 16 finished with value: 3.6622908115386963 and parameters: {'gradient_clip_val': 0.15191915514960935, 'hidden_size': 15, 'dropout': 0.18088173770630253, 'hidden_continuous_size': 9, 'attention_head_size': 1, 'learning_rate': 0.043894824232150444}. Best is trial 0 with value: 2.194629430770874.
[I 2023-12-27 11:28:34,644] Trial 17 finished with value: 3.6739132404327393 and parameters: {'gradient_clip_val': 0.10081425278549835, 'hidden_size': 55, 'dropout': 0.10219586607399017, 'hidden_continuous_size': 18, 'attention_head_size': 3, 'learning_rate': 0.05730093506444729}. Best is trial 0 with value: 2.194629430770874.
[I 2023-12-27 11:28:35,108] Trial 18 finished with value: 3.0598981380462646 and parameters: {'gradient_clip_val': 0.23876298773702523, 'hidden_size': 88, 'dropout': 0.23465846162974213, 'hidden_continuous_size': 22, 'attention_head_size': 1, 'learning_rate': 0.023253586431454077}. Best is trial 0 with value: 2.194629430770874.
[I 2023-12-27 11:28:35,519] Trial 19 finished with value: 2.6587884426116943 and parameters: {'gradient_clip_val': 0.13627730953407685, 'hidden_size': 51, 'dropout': 0.18892326590061367, 'hidden_continuous_size': 11, 'attention_head_size': 1, 'learning_rate': 0.06544379286747432}. Best is trial 0 with value: 2.194629430770874.
[I 2023-12-27 11:28:35,882] Trial 20 finished with value: 3.500960111618042 and parameters: {'gradient_clip_val': 0.2044613313239428, 'hidden_size': 16, 'dropout': 0.2423750173243266, 'hidden_continuous_size': 7, 'attention_head_size': 3, 'learning_rate': 0.029931525442745962}. Best is trial 0 with value: 2.194629430770874.
