[I 2023-12-27 11:37:59,665] Trial 35 finished with value: 2.981083869934082 and parameters: {'gradient_clip_val': 0.10332131001375137, 'hidden_size': 13, 'dropout': 0.10068420727759583, 'hidden_continuous_size': 5, 'attention_head_size': 3, 'learning_rate': 0.001367509932093527}. Best is trial 0 with value: 0.11502297967672348.
[I 2023-12-27 11:38:00,026] Trial 36 finished with value: 3.473051071166992 and parameters: {'gradient_clip_val': 0.1587290328656486, 'hidden_size': 17, 'dropout': 0.20286055302370795, 'hidden_continuous_size': 6, 'attention_head_size': 2, 'learning_rate': 0.0037407153797437446}. Best is trial 0 with value: 0.11502297967672348.
[I 2023-12-27 11:38:00,393] Trial 37 finished with value: 2.912019729614258 and parameters: {'gradient_clip_val': 0.1398063418476386, 'hidden_size': 11, 'dropout': 0.15634618014633989, 'hidden_continuous_size': 6, 'attention_head_size': 3, 'learning_rate': 0.002188318869317992}. Best is trial 0 with value: 0.11502297967672348.
[I 2023-12-27 11:38:00,776] Trial 38 finished with value: 3.222334623336792 and parameters: {'gradient_clip_val': 0.2653829285495134, 'hidden_size': 15, 'dropout': 0.26579982427624815, 'hidden_continuous_size': 7, 'attention_head_size': 2, 'learning_rate': 0.006424933011863272}. Best is trial 0 with value: 0.11502297967672348.
[I 2023-12-27 11:38:01,158] Trial 39 finished with value: 3.5653111934661865 and parameters: {'gradient_clip_val': 0.11641994436967906, 'hidden_size': 22, 'dropout': 0.1901573518860237, 'hidden_continuous_size': 11, 'attention_head_size': 4, 'learning_rate': 0.008544641484699456}. Best is trial 0 with value: 0.11502297967672348.
[I 2023-12-27 11:38:01,771] Trial 40 finished with value: 4.652160167694092 and parameters: {'gradient_clip_val': 0.32397969427948364, 'hidden_size': 20, 'dropout': 0.27616010325769996, 'hidden_continuous_size': 7, 'attention_head_size': 2, 'learning_rate': 0.005883063494272162}. Best is trial 0 with value: 0.11502297967672348.
[I 2023-12-27 11:38:02,162] Trial 41 finished with value: 4.26649284362793 and parameters: {'gradient_clip_val': 0.12580452873372724, 'hidden_size': 27, 'dropout': 0.12526840208895948, 'hidden_continuous_size': 8, 'attention_head_size': 3, 'learning_rate': 0.0054679234890693115}. Best is trial 0 with value: 0.11502297967672348.
[I 2023-12-27 11:38:02,548] Trial 42 finished with value: 3.630819082260132 and parameters: {'gradient_clip_val': 0.10074624127596715, 'hidden_size': 34, 'dropout': 0.1312845792728004, 'hidden_continuous_size': 9, 'attention_head_size': 3, 'learning_rate': 0.003875895344378241}. Best is trial 0 with value: 0.11502297967672348.
[I 2023-12-27 11:38:02,933] Trial 43 finished with value: 3.4715230464935303 and parameters: {'gradient_clip_val': 0.11664263217042428, 'hidden_size': 26, 'dropout': 0.1585817522444291, 'hidden_continuous_size': 9, 'attention_head_size': 3, 'learning_rate': 0.007172231621951913}. Best is trial 0 with value: 0.11502297967672348.
[I 2023-12-27 11:38:03,329] Trial 44 finished with value: 3.92521595954895 and parameters: {'gradient_clip_val': 0.15376490816214244, 'hidden_size': 21, 'dropout': 0.12096854869621212, 'hidden_continuous_size': 8, 'attention_head_size': 3, 'learning_rate': 0.005463262961879511}. Best is trial 0 with value: 0.11502297967672348.
[I 2023-12-27 11:38:03,735] Trial 45 finished with value: 3.522860288619995 and parameters: {'gradient_clip_val': 0.13132475010152225, 'hidden_size': 31, 'dropout': 0.10159819832025307, 'hidden_continuous_size': 13, 'attention_head_size': 3, 'learning_rate': 0.008333050942332575}. Best is trial 0 with value: 0.11502297967672348.
[I 2023-12-27 11:38:04,129] Trial 46 finished with value: 3.4536330699920654 and parameters: {'gradient_clip_val': 0.1763032069404966, 'hidden_size': 44, 'dropout': 0.14075011974248205, 'hidden_continuous_size': 11, 'attention_head_size': 1, 'learning_rate': 0.0005149207638595362}. Best is trial 0 with value: 0.11502297967672348.
[I 2023-12-27 11:38:04,495] Trial 47 finished with value: 3.1126174926757812 and parameters: {'gradient_clip_val': 0.11451371537219422, 'hidden_size': 24, 'dropout': 0.17086168251361128, 'hidden_continuous_size': 7, 'attention_head_size': 3, 'learning_rate': 0.0027808303041325956}. Best is trial 0 with value: 0.11502297967672348.
[I 2023-12-27 11:38:04,851] Trial 48 finished with value: 3.5839569568634033 and parameters: {'gradient_clip_val': 0.20006399631055877, 'hidden_size': 13, 'dropout': 0.2256683822729712, 'hidden_continuous_size': 5, 'attention_head_size': 1, 'learning_rate': 0.004566282198640641}. Best is trial 0 with value: 0.11502297967672348.
[I 2023-12-27 11:38:05,232] Trial 49 finished with value: 2.7750160694122314 and parameters: {'gradient_clip_val': 0.15354265994976482, 'hidden_size': 31, 'dropout': 0.12274738416209349, 'hidden_continuous_size': 10, 'attention_head_size': 2, 'learning_rate': 0.003943158825920224}. Best is trial 0 with value: 0.11502297967672348.
[I 2023-12-27 11:38:05,337] A new study created in memory with name: no-name-4d495dbc-eeac-48e2-acc9-87bc65295c5f
/home/le004/conda/anaconda3/envs/tsff_env/lib/python3.9/site-packages/lightning/fabric/plugins/environments/slurm.py:191: The `srun` command is available on your system but is not used. HINT: If your intention is to run Lightning on SLURM, prepend your python command with `srun` like so: srun python /home/le004/master_thesis/git/TSFusionForecast/code/ ...
[I 2023-12-27 11:38:51,642] Trial 0 finished with value: 0.4385858476161957 and parameters: {'gradient_clip_val': 0.7540172520918046, 'hidden_size': 112, 'dropout': 0.3433471717254265, 'hidden_continuous_size': 8, 'attention_head_size': 4, 'learning_rate': 0.0007035093119749756}. Best is trial 0 with value: 0.4385858476161957.
[I 2023-12-27 11:39:00,359] Trial 1 finished with value: 2.7894561290740967 and parameters: {'gradient_clip_val': 0.263353895226765, 'hidden_size': 5, 'dropout': 0.3053371096274049, 'hidden_continuous_size': 5, 'attention_head_size': 4, 'learning_rate': 0.0038793633491523392}. Best is trial 0 with value: 0.4385858476161957.
[I 2023-12-27 11:39:00,688] Trial 2 finished with value: 5.41752815246582 and parameters: {'gradient_clip_val': 0.10098764070163849, 'hidden_size': 7, 'dropout': 0.17634498524878406, 'hidden_continuous_size': 6, 'attention_head_size': 1, 'learning_rate': 0.03249419390606179}. Best is trial 0 with value: 0.4385858476161957.
[I 2023-12-27 11:39:01,083] Trial 3 finished with value: 3.1762120723724365 and parameters: {'gradient_clip_val': 0.24984838995679398, 'hidden_size': 72, 'dropout': 0.20052841073941258, 'hidden_continuous_size': 9, 'attention_head_size': 2, 'learning_rate': 0.003921276772455192}. Best is trial 0 with value: 0.4385858476161957.
[I 2023-12-27 11:39:01,435] Trial 4 finished with value: 3.9168288707733154 and parameters: {'gradient_clip_val': 0.9667554586766788, 'hidden_size': 26, 'dropout': 0.2446765227563537, 'hidden_continuous_size': 15, 'attention_head_size': 4, 'learning_rate': 0.03424044074308422}. Best is trial 0 with value: 0.4385858476161957.
[I 2023-12-27 11:39:01,798] Trial 5 finished with value: 4.13628625869751 and parameters: {'gradient_clip_val': 0.6708215856579012, 'hidden_size': 37, 'dropout': 0.3971085783993803, 'hidden_continuous_size': 11, 'attention_head_size': 4, 'learning_rate': 0.007877410021349472}. Best is trial 0 with value: 0.4385858476161957.
[I 2023-12-27 11:39:02,144] Trial 6 finished with value: 4.460115432739258 and parameters: {'gradient_clip_val': 0.22163708426213016, 'hidden_size': 21, 'dropout': 0.16980977099641686, 'hidden_continuous_size': 7, 'attention_head_size': 3, 'learning_rate': 0.00121977974544591}. Best is trial 0 with value: 0.4385858476161957.
[I 2023-12-27 11:39:02,665] Trial 7 finished with value: 3.9549617767333984 and parameters: {'gradient_clip_val': 0.2956501003692201, 'hidden_size': 108, 'dropout': 0.23367294353093604, 'hidden_continuous_size': 103, 'attention_head_size': 4, 'learning_rate': 0.0008657688043779499}. Best is trial 0 with value: 0.4385858476161957.
[I 2023-12-27 11:39:03,111] Trial 8 finished with value: 4.761585712432861 and parameters: {'gradient_clip_val': 0.5762123414870709, 'hidden_size': 81, 'dropout': 0.20080056895533294, 'hidden_continuous_size': 72, 'attention_head_size': 4, 'learning_rate': 0.0015164704900729362}. Best is trial 0 with value: 0.4385858476161957.
[I 2023-12-27 11:39:03,448] Trial 9 finished with value: 4.268068790435791 and parameters: {'gradient_clip_val': 0.1849597468508604, 'hidden_size': 12, 'dropout': 0.3930979546207066, 'hidden_continuous_size': 7, 'attention_head_size': 2, 'learning_rate': 0.0006167971053264067}. Best is trial 0 with value: 0.4385858476161957.
[I 2023-12-27 11:39:03,979] Trial 10 finished with value: 4.190093517303467 and parameters: {'gradient_clip_val': 0.45451899095699344, 'hidden_size': 135, 'dropout': 0.4970533682621029, 'hidden_continuous_size': 27, 'attention_head_size': 3, 'learning_rate': 0.08594374938648719}. Best is trial 0 with value: 0.4385858476161957.
[I 2023-12-27 11:39:04,294] Trial 11 finished with value: 4.173163890838623 and parameters: {'gradient_clip_val': 0.40853114166906773, 'hidden_size': 5, 'dropout': 0.31380791884352116, 'hidden_continuous_size': 5, 'attention_head_size': 3, 'learning_rate': 0.002305130387893156}. Best is trial 0 with value: 0.4385858476161957.
[I 2023-12-27 11:39:04,894] Trial 12 finished with value: 4.9586381912231445 and parameters: {'gradient_clip_val': 0.984407231836808, 'hidden_size': 47, 'dropout': 0.3115893530680009, 'hidden_continuous_size': 5, 'attention_head_size': 4, 'learning_rate': 0.0006174420881689715}. Best is trial 0 with value: 0.4385858476161957.
[I 2023-12-27 11:39:05,256] Trial 13 finished with value: 4.077449321746826 and parameters: {'gradient_clip_val': 0.3632955548312162, 'hidden_size': 15, 'dropout': 0.10807194086660551, 'hidden_continuous_size': 5, 'attention_head_size': 3, 'learning_rate': 0.0034499275816085714}. Best is trial 0 with value: 0.4385858476161957.
[I 2023-12-27 11:39:05,614] Trial 14 finished with value: 3.78243350982666 and parameters: {'gradient_clip_val': 0.6059585143223866, 'hidden_size': 9, 'dropout': 0.3561399178332942, 'hidden_continuous_size': 5, 'attention_head_size': 1, 'learning_rate': 0.006947693266342086}. Best is trial 0 with value: 0.4385858476161957.
[I 2023-12-27 11:39:05,980] Trial 15 finished with value: 3.669862985610962 and parameters: {'gradient_clip_val': 0.3172578414507025, 'hidden_size': 17, 'dropout': 0.28078669328812417, 'hidden_continuous_size': 6, 'attention_head_size': 4, 'learning_rate': 0.0005472545997967868}. Best is trial 0 with value: 0.4385858476161957.
[I 2023-12-27 11:39:06,353] Trial 16 finished with value: 4.561276912689209 and parameters: {'gradient_clip_val': 0.49722181775534324, 'hidden_size': 33, 'dropout': 0.3516924705450111, 'hidden_continuous_size': 8, 'attention_head_size': 2, 'learning_rate': 0.0014249746451797593}. Best is trial 0 with value: 0.4385858476161957.
[I 2023-12-27 11:39:06,680] Trial 17 finished with value: 3.0330941677093506 and parameters: {'gradient_clip_val': 0.18980528335274438, 'hidden_size': 5, 'dropout': 0.4380194407697723, 'hidden_continuous_size': 5, 'attention_head_size': 3, 'learning_rate': 0.0022466446562027934}. Best is trial 0 with value: 0.4385858476161957.
[I 2023-12-27 11:39:07,061] Trial 18 finished with value: 4.028885841369629 and parameters: {'gradient_clip_val': 0.7429454670935712, 'hidden_size': 11, 'dropout': 0.27920420679314023, 'hidden_continuous_size': 6, 'attention_head_size': 4, 'learning_rate': 0.00103754773192926}. Best is trial 0 with value: 0.4385858476161957.
[I 2023-12-27 11:39:07,482] Trial 19 finished with value: 3.814332962036133 and parameters: {'gradient_clip_val': 0.7807438480337255, 'hidden_size': 52, 'dropout': 0.3343425919457662, 'hidden_continuous_size': 10, 'attention_head_size': 3, 'learning_rate': 0.007517954022330404}. Best is trial 0 with value: 0.4385858476161957.
[I 2023-12-27 11:39:07,865] Trial 20 finished with value: 4.7290239334106445 and parameters: {'gradient_clip_val': 0.49447294165168504, 'hidden_size': 23, 'dropout': 0.2648487925744738, 'hidden_continuous_size': 7, 'attention_head_size': 4, 'learning_rate': 0.00085970358473994}. Best is trial 0 with value: 0.4385858476161957.
[I 2023-12-27 11:39:08,200] Trial 21 finished with value: 2.911205291748047 and parameters: {'gradient_clip_val': 0.16490710513795098, 'hidden_size': 5, 'dropout': 0.4475551668358293, 'hidden_continuous_size': 5, 'attention_head_size': 3, 'learning_rate': 0.0019478014964408536}. Best is trial 0 with value: 0.4385858476161957.
[I 2023-12-27 11:39:08,568] Trial 22 finished with value: 4.625377178192139 and parameters: {'gradient_clip_val': 0.14888994136642908, 'hidden_size': 6, 'dropout': 0.43901012899487657, 'hidden_continuous_size': 5, 'attention_head_size': 3, 'learning_rate': 0.0020844336287382127}. Best is trial 0 with value: 0.4385858476161957.
[I 2023-12-27 11:39:08,944] Trial 23 finished with value: 4.633150577545166 and parameters: {'gradient_clip_val': 0.359314686148269, 'hidden_size': 8, 'dropout': 0.29965589161227024, 'hidden_continuous_size': 5, 'attention_head_size': 4, 'learning_rate': 0.003599649049020078}. Best is trial 0 with value: 0.4385858476161957.
[I 2023-12-27 11:39:09,278] Trial 24 finished with value: 5.776401519775391 and parameters: {'gradient_clip_val': 0.2759466041141454, 'hidden_size': 5, 'dropout': 0.37895968423898474, 'hidden_continuous_size': 5, 'attention_head_size': 2, 'learning_rate': 0.001560011121053312}. Best is trial 0 with value: 0.4385858476161957.
[I 2023-12-27 11:39:09,660] Trial 25 finished with value: 3.2502877712249756 and parameters: {'gradient_clip_val': 0.22711887184406723, 'hidden_size': 7, 'dropout': 0.3262004201531108, 'hidden_continuous_size': 5, 'attention_head_size': 3, 'learning_rate': 0.0010546426661343148}. Best is trial 0 with value: 0.4385858476161957.
[I 2023-12-27 11:39:10,293] Trial 26 finished with value: 3.7671172618865967 and parameters: {'gradient_clip_val': 0.308849647606454, 'hidden_size': 10, 'dropout': 0.36200277416039894, 'hidden_continuous_size': 6, 'attention_head_size': 4, 'learning_rate': 0.0005233024559796436}. Best is trial 0 with value: 0.4385858476161957.
[I 2023-12-27 11:39:10,683] Trial 27 finished with value: 5.141502857208252 and parameters: {'gradient_clip_val': 0.39164656940493114, 'hidden_size': 15, 'dropout': 0.41670254068319107, 'hidden_continuous_size': 6, 'attention_head_size': 4, 'learning_rate': 0.0007778088742968151}. Best is trial 0 with value: 0.4385858476161957.
[I 2023-12-27 11:39:11,061] Trial 28 finished with value: 5.5174126625061035 and parameters: {'gradient_clip_val': 0.15945387663036278, 'hidden_size': 8, 'dropout': 0.4790292191070116, 'hidden_continuous_size': 5, 'attention_head_size': 3, 'learning_rate': 0.0018627792837775938}. Best is trial 0 with value: 0.4385858476161957.
[I 2023-12-27 11:39:11,405] Trial 29 finished with value: 4.521365165710449 and parameters: {'gradient_clip_val': 0.10754743309340295, 'hidden_size': 7, 'dropout': 0.34028889966553433, 'hidden_continuous_size': 5, 'attention_head_size': 1, 'learning_rate': 0.001168095039724665}. Best is trial 0 with value: 0.4385858476161957.
[I 2023-12-27 11:39:11,763] Trial 30 finished with value: 3.9558541774749756 and parameters: {'gradient_clip_val': 0.25938579724713007, 'hidden_size': 6, 'dropout': 0.3696847707168551, 'hidden_continuous_size': 5, 'attention_head_size': 2, 'learning_rate': 0.005049291840689662}. Best is trial 0 with value: 0.4385858476161957.
[I 2023-12-27 11:39:12,082] Trial 31 finished with value: 3.9389474391937256 and parameters: {'gradient_clip_val': 0.19600566285080348, 'hidden_size': 5, 'dropout': 0.4463713777748304, 'hidden_continuous_size': 5, 'attention_head_size': 3, 'learning_rate': 0.002554327892094897}. Best is trial 0 with value: 0.4385858476161957.
[I 2023-12-27 11:39:12,440] Trial 32 finished with value: 4.758007526397705 and parameters: {'gradient_clip_val': 0.24076138541226394, 'hidden_size': 6, 'dropout': 0.4191719757346677, 'hidden_continuous_size': 5, 'attention_head_size': 3, 'learning_rate': 0.002993026771240945}. Best is trial 0 with value: 0.4385858476161957.
[I 2023-12-27 11:39:12,774] Trial 33 finished with value: 3.384166717529297 and parameters: {'gradient_clip_val': 0.19203694682756606, 'hidden_size': 5, 'dropout': 0.4564363032793599, 'hidden_continuous_size': 5, 'attention_head_size': 3, 'learning_rate': 0.002336509668266906}. Best is trial 0 with value: 0.4385858476161957.
[I 2023-12-27 11:39:13,160] Trial 34 finished with value: 4.343058109283447 and parameters: {'gradient_clip_val': 0.15062968220000197, 'hidden_size': 9, 'dropout': 0.41143794220734053, 'hidden_continuous_size': 6, 'attention_head_size': 4, 'learning_rate': 0.004785270260566919}. Best is trial 0 with value: 0.4385858476161957.
[I 2023-12-27 11:39:13,562] Trial 35 finished with value: 4.342869281768799 and parameters: {'gradient_clip_val': 0.2569859795369592, 'hidden_size': 13, 'dropout': 0.3908780883163843, 'hidden_continuous_size': 6, 'attention_head_size': 4, 'learning_rate': 0.0017887397660178229}. Best is trial 0 with value: 0.4385858476161957.
[I 2023-12-27 11:39:13,941] Trial 36 finished with value: 3.981595993041992 and parameters: {'gradient_clip_val': 0.8688958839947305, 'hidden_size': 10, 'dropout': 0.46698071674570557, 'hidden_continuous_size': 6, 'attention_head_size': 3, 'learning_rate': 0.011430905282563932}. Best is trial 0 with value: 0.4385858476161957.
[I 2023-12-27 11:39:14,328] Trial 37 finished with value: 5.407769680023193 and parameters: {'gradient_clip_val': 0.21581588760909504, 'hidden_size': 19, 'dropout': 0.43034105145050466, 'hidden_continuous_size': 8, 'attention_head_size': 2, 'learning_rate': 0.0013580296638508792}. Best is trial 0 with value: 0.4385858476161957.
[I 2023-12-27 11:39:14,738] Trial 38 finished with value: 3.4854068756103516 and parameters: {'gradient_clip_val': 0.2873244691065103, 'hidden_size': 27, 'dropout': 0.4034366731364088, 'hidden_continuous_size': 7, 'attention_head_size': 4, 'learning_rate': 0.002974387133415615}. Best is trial 0 with value: 0.4385858476161957.
[I 2023-12-27 11:39:15,205] Trial 39 finished with value: 4.6284918785095215 and parameters: {'gradient_clip_val': 0.31526173173120786, 'hidden_size': 87, 'dropout': 0.49904341407614294, 'hidden_continuous_size': 12, 'attention_head_size': 4, 'learning_rate': 0.0007604546030247304}. Best is trial 0 with value: 0.4385858476161957.
[I 2023-12-27 11:39:15,785] Trial 40 finished with value: 3.617717981338501 and parameters: {'gradient_clip_val': 0.17120444819030647, 'hidden_size': 12, 'dropout': 0.3809739439451539, 'hidden_continuous_size': 7, 'attention_head_size': 1, 'learning_rate': 0.0016124702396014242}. Best is trial 0 with value: 0.4385858476161957.
[I 2023-12-27 11:39:16,341] Trial 41 finished with value: 3.9008243083953857 and parameters: {'gradient_clip_val': 0.2169155771322732, 'hidden_size': 138, 'dropout': 0.215316429107793, 'hidden_continuous_size': 9, 'attention_head_size': 2, 'learning_rate': 0.004289452770163672}. Best is trial 0 with value: 0.4385858476161957.
[I 2023-12-27 11:39:16,831] Trial 42 finished with value: 5.20023775100708 and parameters: {'gradient_clip_val': 0.25663501549293777, 'hidden_size': 110, 'dropout': 0.25651722029534463, 'hidden_continuous_size': 14, 'attention_head_size': 2, 'learning_rate': 0.0024714383937277265}. Best is trial 0 with value: 0.4385858476161957.
[I 2023-12-27 11:39:17,229] Trial 43 finished with value: 5.076433181762695 and parameters: {'gradient_clip_val': 0.20822144445206675, 'hidden_size': 56, 'dropout': 0.3068880117509093, 'hidden_continuous_size': 8, 'attention_head_size': 2, 'learning_rate': 0.005733572371270606}. Best is trial 0 with value: 0.4385858476161957.
[I 2023-12-27 11:39:17,698] Trial 44 finished with value: 3.271564245223999 and parameters: {'gradient_clip_val': 0.23931529202815627, 'hidden_size': 83, 'dropout': 0.23654350715314254, 'hidden_continuous_size': 11, 'attention_head_size': 3, 'learning_rate': 0.0038197262802711278}. Best is trial 0 with value: 0.4385858476161957.
[I 2023-12-27 11:39:18,119] Trial 45 finished with value: 3.4065616130828857 and parameters: {'gradient_clip_val': 0.17622766255588745, 'hidden_size': 64, 'dropout': 0.4339114611224867, 'hidden_continuous_size': 9, 'attention_head_size': 2, 'learning_rate': 0.003054893890700187}. Best is trial 0 with value: 0.4385858476161957.
[I 2023-12-27 11:39:18,689] Trial 46 finished with value: 3.548633575439453 and parameters: {'gradient_clip_val': 0.992072163624305, 'hidden_size': 148, 'dropout': 0.1818816452941745, 'hidden_continuous_size': 13, 'attention_head_size': 3, 'learning_rate': 0.0020153166948260175}. Best is trial 0 with value: 0.4385858476161957.
[I 2023-12-27 11:39:19,089] Trial 47 finished with value: 3.588420867919922 and parameters: {'gradient_clip_val': 0.5747426211367724, 'hidden_size': 39, 'dropout': 0.4758815320440444, 'hidden_continuous_size': 16, 'attention_head_size': 2, 'learning_rate': 0.011137952018997407}. Best is trial 0 with value: 0.4385858476161957.
[I 2023-12-27 11:39:19,598] Trial 48 finished with value: 5.629078388214111 and parameters: {'gradient_clip_val': 0.33500778123956343, 'hidden_size': 113, 'dropout': 0.287770704332639, 'hidden_continuous_size': 10, 'attention_head_size': 3, 'learning_rate': 0.001196441221574285}. Best is trial 0 with value: 0.4385858476161957.
