[I 2023-12-27 11:17:51,805] Trial 11 finished with value: 3.5519139766693115 and parameters: {'gradient_clip_val': 0.1958168959843897, 'hidden_size': 54, 'dropout': 0.3859920799658723, 'hidden_continuous_size': 10, 'attention_head_size': 1, 'learning_rate': 0.02618323590575155}. Best is trial 0 with value: 0.5026593208312988.
[I 2023-12-27 11:17:52,384] Trial 12 finished with value: 2.8498287200927734 and parameters: {'gradient_clip_val': 0.10070336297368755, 'hidden_size': 16, 'dropout': 0.42346027582937207, 'hidden_continuous_size': 5, 'attention_head_size': 1, 'learning_rate': 0.0027317024732133434}. Best is trial 0 with value: 0.5026593208312988.
[I 2023-12-27 11:17:52,773] Trial 13 finished with value: 2.5929486751556396 and parameters: {'gradient_clip_val': 0.3660917365056107, 'hidden_size': 38, 'dropout': 0.3367426699692945, 'hidden_continuous_size': 8, 'attention_head_size': 2, 'learning_rate': 0.0005484027382618271}. Best is trial 0 with value: 0.5026593208312988.
[I 2023-12-27 11:17:53,147] Trial 14 finished with value: 2.7222583293914795 and parameters: {'gradient_clip_val': 0.5721412800640379, 'hidden_size': 15, 'dropout': 0.40669024384458624, 'hidden_continuous_size': 5, 'attention_head_size': 3, 'learning_rate': 0.020028567633190213}. Best is trial 0 with value: 0.5026593208312988.
[I 2023-12-27 11:17:53,596] Trial 15 finished with value: 3.003490686416626 and parameters: {'gradient_clip_val': 0.37118408951884146, 'hidden_size': 70, 'dropout': 0.2844677808547291, 'hidden_continuous_size': 14, 'attention_head_size': 1, 'learning_rate': 0.0013905845315822648}. Best is trial 0 with value: 0.5026593208312988.
[I 2023-12-27 11:17:53,995] Trial 16 finished with value: 2.6694610118865967 and parameters: {'gradient_clip_val': 0.3022439473439415, 'hidden_size': 34, 'dropout': 0.4499962738769053, 'hidden_continuous_size': 7, 'attention_head_size': 2, 'learning_rate': 0.0043909879262788035}. Best is trial 0 with value: 0.5026593208312988.
[I 2023-12-27 11:17:54,430] Trial 17 finished with value: 3.3332178592681885 and parameters: {'gradient_clip_val': 0.4692326467236076, 'hidden_size': 70, 'dropout': 0.36198904355067096, 'hidden_continuous_size': 13, 'attention_head_size': 1, 'learning_rate': 0.010122254790695442}. Best is trial 0 with value: 0.5026593208312988.
[I 2023-12-27 11:17:54,979] Trial 18 finished with value: 3.6901607513427734 and parameters: {'gradient_clip_val': 0.22005989528865313, 'hidden_size': 146, 'dropout': 0.4536967991585401, 'hidden_continuous_size': 23, 'attention_head_size': 2, 'learning_rate': 0.0011558775900727487}. Best is trial 0 with value: 0.5026593208312988.
[I 2023-12-27 11:17:55,376] Trial 19 finished with value: 3.202652931213379 and parameters: {'gradient_clip_val': 0.33610134746990594, 'hidden_size': 30, 'dropout': 0.3852822858313849, 'hidden_continuous_size': 8, 'attention_head_size': 3, 'learning_rate': 0.0029754354884301056}. Best is trial 0 with value: 0.5026593208312988.
[I 2023-12-27 11:17:55,774] Trial 20 finished with value: 2.754579782485962 and parameters: {'gradient_clip_val': 0.7153534452368298, 'hidden_size': 49, 'dropout': 0.323181237149722, 'hidden_continuous_size': 13, 'attention_head_size': 1, 'learning_rate': 0.04221982339218736}. Best is trial 0 with value: 0.5026593208312988.
[I 2023-12-27 11:17:56,178] Trial 21 finished with value: 3.7627601623535156 and parameters: {'gradient_clip_val': 0.35569036191453096, 'hidden_size': 39, 'dropout': 0.3497483715617377, 'hidden_continuous_size': 8, 'attention_head_size': 2, 'learning_rate': 0.0005387199072418403}. Best is trial 0 with value: 0.5026593208312988.
[I 2023-12-27 11:17:56,583] Trial 22 finished with value: 3.1830615997314453 and parameters: {'gradient_clip_val': 0.5390383112049424, 'hidden_size': 27, 'dropout': 0.38656356590298746, 'hidden_continuous_size': 6, 'attention_head_size': 2, 'learning_rate': 0.0008655719316101334}. Best is trial 0 with value: 0.5026593208312988.
[I 2023-12-27 11:17:56,988] Trial 23 finished with value: 2.530766487121582 and parameters: {'gradient_clip_val': 0.40870243292735325, 'hidden_size': 44, 'dropout': 0.33505249325107433, 'hidden_continuous_size': 8, 'attention_head_size': 2, 'learning_rate': 0.0010338985783799343}. Best is trial 0 with value: 0.5026593208312988.
[I 2023-12-27 11:17:57,448] Trial 24 finished with value: 2.9343080520629883 and parameters: {'gradient_clip_val': 0.9418972836833445, 'hidden_size': 75, 'dropout': 0.2962522272325303, 'hidden_continuous_size': 10, 'attention_head_size': 3, 'learning_rate': 0.0010704832908137204}. Best is trial 0 with value: 0.5026593208312988.
[I 2023-12-27 11:17:58,149] Trial 25 finished with value: 2.895348310470581 and parameters: {'gradient_clip_val': 0.5895619095338431, 'hidden_size': 50, 'dropout': 0.4482922864389159, 'hidden_continuous_size': 5, 'attention_head_size': 2, 'learning_rate': 0.0015319087718445963}. Best is trial 0 with value: 0.5026593208312988.
[I 2023-12-27 11:17:58,665] Trial 26 finished with value: 3.2004916667938232 and parameters: {'gradient_clip_val': 0.42871239681200474, 'hidden_size': 101, 'dropout': 0.3689196321849492, 'hidden_continuous_size': 25, 'attention_head_size': 1, 'learning_rate': 0.0035193160657311503}. Best is trial 0 with value: 0.5026593208312988.
[I 2023-12-27 11:17:59,084] Trial 27 finished with value: 3.3040122985839844 and parameters: {'gradient_clip_val': 0.8243548247667757, 'hidden_size': 46, 'dropout': 0.40599951300577025, 'hidden_continuous_size': 7, 'attention_head_size': 2, 'learning_rate': 0.0007765929270851301}. Best is trial 0 with value: 0.5026593208312988.
[I 2023-12-27 11:17:59,476] Trial 28 finished with value: 2.8380250930786133 and parameters: {'gradient_clip_val': 0.6562195124474484, 'hidden_size': 32, 'dropout': 0.33592612622126067, 'hidden_continuous_size': 11, 'attention_head_size': 3, 'learning_rate': 0.001747288775039114}. Best is trial 0 with value: 0.5026593208312988.
[I 2023-12-27 11:17:59,846] Trial 29 finished with value: 3.7131564617156982 and parameters: {'gradient_clip_val': 0.292344462746928, 'hidden_size': 6, 'dropout': 0.2559054097958545, 'hidden_continuous_size': 5, 'attention_head_size': 1, 'learning_rate': 0.001942780541996686}. Best is trial 0 with value: 0.5026593208312988.
[I 2023-12-27 11:18:00,297] Trial 30 finished with value: 2.862008810043335 and parameters: {'gradient_clip_val': 0.8441482289695607, 'hidden_size': 63, 'dropout': 0.26588984137270616, 'hidden_continuous_size': 6, 'attention_head_size': 1, 'learning_rate': 0.0008834272448179154}. Best is trial 0 with value: 0.5026593208312988.
[I 2023-12-27 11:18:00,704] Trial 31 finished with value: 3.7462408542633057 and parameters: {'gradient_clip_val': 0.435217219000496, 'hidden_size': 37, 'dropout': 0.33201528429333166, 'hidden_continuous_size': 8, 'attention_head_size': 2, 'learning_rate': 0.0006721398256785136}. Best is trial 0 with value: 0.5026593208312988.
[I 2023-12-27 11:18:01,117] Trial 32 finished with value: 2.542748212814331 and parameters: {'gradient_clip_val': 0.383613973359247, 'hidden_size': 42, 'dropout': 0.34729176018863483, 'hidden_continuous_size': 9, 'attention_head_size': 2, 'learning_rate': 0.0006404349341033606}. Best is trial 0 with value: 0.5026593208312988.
[I 2023-12-27 11:18:01,547] Trial 33 finished with value: 3.390260696411133 and parameters: {'gradient_clip_val': 0.617511499361471, 'hidden_size': 44, 'dropout': 0.4210997626014236, 'hidden_continuous_size': 7, 'attention_head_size': 2, 'learning_rate': 0.0011831438829491198}. Best is trial 0 with value: 0.5026593208312988.
[I 2023-12-27 11:18:01,953] Trial 34 finished with value: 2.6504290103912354 and parameters: {'gradient_clip_val': 0.5025564727797366, 'hidden_size': 27, 'dropout': 0.3652876505182773, 'hidden_continuous_size': 7, 'attention_head_size': 2, 'learning_rate': 0.0005002844700770188}. Best is trial 0 with value: 0.5026593208312988.
[I 2023-12-27 11:18:02,329] Trial 35 finished with value: 2.8565826416015625 and parameters: {'gradient_clip_val': 0.40686939158070146, 'hidden_size': 22, 'dropout': 0.30896456763520697, 'hidden_continuous_size': 9, 'attention_head_size': 2, 'learning_rate': 0.002169621440487375}. Best is trial 0 with value: 0.5026593208312988.
[I 2023-12-27 11:18:02,747] Trial 36 finished with value: 2.793459177017212 and parameters: {'gradient_clip_val': 0.7339591183057236, 'hidden_size': 41, 'dropout': 0.38370390535661386, 'hidden_continuous_size': 6, 'attention_head_size': 4, 'learning_rate': 0.0010362968249611126}. Best is trial 0 with value: 0.5026593208312988.
[I 2023-12-27 11:18:03,201] Trial 37 finished with value: 3.0998318195343018 and parameters: {'gradient_clip_val': 0.25939206338091914, 'hidden_size': 57, 'dropout': 0.34619824851710856, 'hidden_continuous_size': 18, 'attention_head_size': 3, 'learning_rate': 0.000666355966846575}. Best is trial 0 with value: 0.5026593208312988.
[I 2023-12-27 11:18:03,682] Trial 38 finished with value: 2.602893590927124 and parameters: {'gradient_clip_val': 0.31279481765268347, 'hidden_size': 84, 'dropout': 0.3156535398683971, 'hidden_continuous_size': 15, 'attention_head_size': 2, 'learning_rate': 0.001420043510256156}. Best is trial 0 with value: 0.5026593208312988.
[I 2023-12-27 11:18:04,398] Trial 39 finished with value: 2.854482889175415 and parameters: {'gradient_clip_val': 0.6298440922982863, 'hidden_size': 55, 'dropout': 0.4879830947523216, 'hidden_continuous_size': 12, 'attention_head_size': 2, 'learning_rate': 0.0006962607480512644}. Best is trial 0 with value: 0.5026593208312988.
[I 2023-12-27 11:18:04,920] Trial 40 finished with value: 2.7832813262939453 and parameters: {'gradient_clip_val': 0.5307973037818331, 'hidden_size': 110, 'dropout': 0.40420935498994315, 'hidden_continuous_size': 16, 'attention_head_size': 1, 'learning_rate': 0.01110592915243219}. Best is trial 0 with value: 0.5026593208312988.
[I 2023-12-27 11:18:05,321] Trial 41 finished with value: 2.843510389328003 and parameters: {'gradient_clip_val': 0.3924697567374845, 'hidden_size': 36, 'dropout': 0.3360808479199059, 'hidden_continuous_size': 9, 'attention_head_size': 2, 'learning_rate': 0.0005019536739251293}. Best is trial 0 with value: 0.5026593208312988.
[I 2023-12-27 11:18:05,740] Trial 42 finished with value: 3.0116231441497803 and parameters: {'gradient_clip_val': 0.4494890206209514, 'hidden_size': 41, 'dropout': 0.36918096387090527, 'hidden_continuous_size': 11, 'attention_head_size': 2, 'learning_rate': 0.000885367626648705}. Best is trial 0 with value: 0.5026593208312988.
[I 2023-12-27 11:18:06,180] Trial 43 finished with value: 3.0043227672576904 and parameters: {'gradient_clip_val': 0.35850224990392804, 'hidden_size': 61, 'dropout': 0.34226021514143523, 'hidden_continuous_size': 9, 'attention_head_size': 2, 'learning_rate': 0.0007136467974487574}. Best is trial 0 with value: 0.5026593208312988.
[I 2023-12-27 11:18:06,566] Trial 44 finished with value: 3.146993637084961 and parameters: {'gradient_clip_val': 0.23378862180628995, 'hidden_size': 22, 'dropout': 0.3217569502857923, 'hidden_continuous_size': 9, 'attention_head_size': 3, 'learning_rate': 0.0006054216926416801}. Best is trial 0 with value: 0.5026593208312988.
[I 2023-12-27 11:18:06,994] Trial 45 finished with value: 2.0394175052642822 and parameters: {'gradient_clip_val': 0.3304154280382219, 'hidden_size': 47, 'dropout': 0.2916287557609203, 'hidden_continuous_size': 6, 'attention_head_size': 2, 'learning_rate': 0.0010064636577190908}. Best is trial 0 with value: 0.5026593208312988.
[I 2023-12-27 11:18:07,465] Trial 46 finished with value: 2.8463566303253174 and parameters: {'gradient_clip_val': 0.2851512918528605, 'hidden_size': 83, 'dropout': 0.28630344663634066, 'hidden_continuous_size': 5, 'attention_head_size': 2, 'learning_rate': 0.001281320636070801}. Best is trial 0 with value: 0.5026593208312988.
[I 2023-12-27 11:18:07,884] Trial 47 finished with value: 3.370377779006958 and parameters: {'gradient_clip_val': 0.17930601155941622, 'hidden_size': 52, 'dropout': 0.3003514961461075, 'hidden_continuous_size': 6, 'attention_head_size': 1, 'learning_rate': 0.000962280162513652}. Best is trial 0 with value: 0.5026593208312988.
[I 2023-12-27 11:18:08,300] Trial 48 finished with value: 3.4410054683685303 and parameters: {'gradient_clip_val': 0.32215967795209893, 'hidden_size': 44, 'dropout': 0.23584707099471908, 'hidden_continuous_size': 7, 'attention_head_size': 3, 'learning_rate': 0.0020679081962272196}. Best is trial 0 with value: 0.5026593208312988.
[I 2023-12-27 11:18:08,720] Trial 49 finished with value: 2.54837965965271 and parameters: {'gradient_clip_val': 0.48457309133716975, 'hidden_size': 64, 'dropout': 0.356286813716538, 'hidden_continuous_size': 6, 'attention_head_size': 2, 'learning_rate': 0.0015913982627919052}. Best is trial 0 with value: 0.5026593208312988.
[I 2023-12-27 11:18:08,840] A new study created in memory with name: no-name-1ed866cd-d1f0-47fd-9eae-4f826411f88a
/home/le004/conda/anaconda3/envs/tsff_env/lib/python3.9/site-packages/lightning/fabric/plugins/environments/slurm.py:191: The `srun` command is available on your system but is not used. HINT: If your intention is to run Lightning on SLURM, prepend your python command with `srun` like so: srun python /home/le004/master_thesis/git/TSFusionForecast/code/ ...
[I 2023-12-27 11:19:04,698] Trial 0 finished with value: 0.06809516251087189 and parameters: {'gradient_clip_val': 0.5035686133761994, 'hidden_size': 110, 'dropout': 0.3598542595019659, 'hidden_continuous_size': 83, 'attention_head_size': 1, 'learning_rate': 0.00828525374576828}. Best is trial 0 with value: 0.06809516251087189.
[I 2023-12-27 11:19:25,178] Trial 1 finished with value: 0.20362108945846558 and parameters: {'gradient_clip_val': 0.1332116193744945, 'hidden_size': 139, 'dropout': 0.40404451129900787, 'hidden_continuous_size': 43, 'attention_head_size': 2, 'learning_rate': 0.010670875447421856}. Best is trial 0 with value: 0.06809516251087189.
[I 2023-12-27 11:19:25,590] Trial 2 finished with value: 4.939248085021973 and parameters: {'gradient_clip_val': 0.1438171708692088, 'hidden_size': 43, 'dropout': 0.32661510299873, 'hidden_continuous_size': 9, 'attention_head_size': 1, 'learning_rate': 0.022647089164898018}. Best is trial 0 with value: 0.06809516251087189.
[I 2023-12-27 11:19:25,991] Trial 3 finished with value: 4.510512828826904 and parameters: {'gradient_clip_val': 0.2452281143434009, 'hidden_size': 52, 'dropout': 0.3745308795705682, 'hidden_continuous_size': 5, 'attention_head_size': 3, 'learning_rate': 0.01501648989216336}. Best is trial 0 with value: 0.06809516251087189.
[I 2023-12-27 11:19:26,354] Trial 4 finished with value: 4.325157165527344 and parameters: {'gradient_clip_val': 0.19391990803746728, 'hidden_size': 8, 'dropout': 0.2543523745019894, 'hidden_continuous_size': 6, 'attention_head_size': 4, 'learning_rate': 0.0286184155041015}. Best is trial 0 with value: 0.06809516251087189.
[I 2023-12-27 11:19:26,722] Trial 5 finished with value: 3.122685670852661 and parameters: {'gradient_clip_val': 0.13835281762154353, 'hidden_size': 10, 'dropout': 0.2719548597834583, 'hidden_continuous_size': 9, 'attention_head_size': 2, 'learning_rate': 0.0011710623200191284}. Best is trial 0 with value: 0.06809516251087189.
[I 2023-12-27 11:19:27,086] Trial 6 finished with value: 3.8075368404388428 and parameters: {'gradient_clip_val': 0.23389939628257267, 'hidden_size': 13, 'dropout': 0.4456670968391476, 'hidden_continuous_size': 12, 'attention_head_size': 3, 'learning_rate': 0.08749980701893414}. Best is trial 0 with value: 0.06809516251087189.
[I 2023-12-27 11:19:27,474] Trial 7 finished with value: 3.0809478759765625 and parameters: {'gradient_clip_val': 0.9146128925788646, 'hidden_size': 37, 'dropout': 0.14072515797763027, 'hidden_continuous_size': 20, 'attention_head_size': 1, 'learning_rate': 0.0020833733228360746}. Best is trial 0 with value: 0.06809516251087189.
[I 2023-12-27 11:19:27,864] Trial 8 finished with value: 3.264941453933716 and parameters: {'gradient_clip_val': 0.21017386384709458, 'hidden_size': 29, 'dropout': 0.3575704788447325, 'hidden_continuous_size': 7, 'attention_head_size': 2, 'learning_rate': 0.0008293868639807758}. Best is trial 0 with value: 0.06809516251087189.
[I 2023-12-27 11:19:28,236] Trial 9 finished with value: 4.376160144805908 and parameters: {'gradient_clip_val': 0.3311466927654531, 'hidden_size': 19, 'dropout': 0.37586144815385636, 'hidden_continuous_size': 13, 'attention_head_size': 4, 'learning_rate': 0.05684853212496807}. Best is trial 0 with value: 0.06809516251087189.
[I 2023-12-27 11:19:28,580] Trial 10 finished with value: 3.3514816761016846 and parameters: {'gradient_clip_val': 0.4707437480387283, 'hidden_size': 5, 'dropout': 0.4818705361476684, 'hidden_continuous_size': 5, 'attention_head_size': 1, 'learning_rate': 0.004263341846256414}. Best is trial 0 with value: 0.06809516251087189.
[I 2023-12-27 11:19:29,242] Trial 11 finished with value: 4.574438095092773 and parameters: {'gradient_clip_val': 0.11736654544619302, 'hidden_size': 150, 'dropout': 0.43366580613987915, 'hidden_continuous_size': 72, 'attention_head_size': 2, 'learning_rate': 0.007480735527390139}. Best is trial 0 with value: 0.06809516251087189.
[I 2023-12-27 11:19:30,130] Trial 12 finished with value: 4.032498836517334 and parameters: {'gradient_clip_val': 0.10330556371997397, 'hidden_size': 150, 'dropout': 0.4986607644085981, 'hidden_continuous_size': 70, 'attention_head_size': 1, 'learning_rate': 0.006319081900092668}. Best is trial 0 with value: 0.06809516251087189.
[I 2023-12-27 11:19:30,640] Trial 13 finished with value: 4.4046502113342285 and parameters: {'gradient_clip_val': 0.44606743142525485, 'hidden_size': 87, 'dropout': 0.41638520117926225, 'hidden_continuous_size': 46, 'attention_head_size': 2, 'learning_rate': 0.010411421890833791}. Best is trial 0 with value: 0.06809516251087189.
[I 2023-12-27 11:19:31,137] Trial 14 finished with value: 4.182034015655518 and parameters: {'gradient_clip_val': 0.6206357529264941, 'hidden_size': 78, 'dropout': 0.30850495406275624, 'hidden_continuous_size': 41, 'attention_head_size': 3, 'learning_rate': 0.003666923981253179}. Best is trial 0 with value: 0.06809516251087189.
[I 2023-12-27 11:19:31,661] Trial 15 finished with value: 4.270595073699951 and parameters: {'gradient_clip_val': 0.31643410014661144, 'hidden_size': 90, 'dropout': 0.4079096433215067, 'hidden_continuous_size': 43, 'attention_head_size': 1, 'learning_rate': 0.01627650892868635}. Best is trial 0 with value: 0.06809516251087189.
[I 2023-12-27 11:19:32,114] Trial 16 finished with value: 4.359442234039307 and parameters: {'gradient_clip_val': 0.1500950988736362, 'hidden_size': 65, 'dropout': 0.33766624505396853, 'hidden_continuous_size': 31, 'attention_head_size': 2, 'learning_rate': 0.0026408222533679695}. Best is trial 0 with value: 0.06809516251087189.
[I 2023-12-27 11:19:32,664] Trial 17 finished with value: 3.6401755809783936 and parameters: {'gradient_clip_val': 0.1698507605640733, 'hidden_size': 111, 'dropout': 0.2551484869739863, 'hidden_continuous_size': 111, 'attention_head_size': 1, 'learning_rate': 0.008277938195685178}. Best is trial 0 with value: 0.06809516251087189.
[I 2023-12-27 11:19:33,088] Trial 18 finished with value: 4.000665187835693 and parameters: {'gradient_clip_val': 0.1003188484804871, 'hidden_size': 59, 'dropout': 0.38634774802335436, 'hidden_continuous_size': 22, 'attention_head_size': 2, 'learning_rate': 0.03137619018744299}. Best is trial 0 with value: 0.06809516251087189.
[I 2023-12-27 11:19:33,626] Trial 19 finished with value: 4.288949966430664 and parameters: {'gradient_clip_val': 0.2489759532781386, 'hidden_size': 108, 'dropout': 0.45264609121262234, 'hidden_continuous_size': 99, 'attention_head_size': 3, 'learning_rate': 0.011944191329818717}. Best is trial 0 with value: 0.06809516251087189.
[I 2023-12-27 11:19:34,069] Trial 20 finished with value: 3.4362945556640625 and parameters: {'gradient_clip_val': 0.37812204499875796, 'hidden_size': 63, 'dropout': 0.2980779049290284, 'hidden_continuous_size': 29, 'attention_head_size': 1, 'learning_rate': 0.004739482749329783}. Best is trial 0 with value: 0.06809516251087189.
[I 2023-12-27 11:19:34,462] Trial 21 finished with value: 4.552031517028809 and parameters: {'gradient_clip_val': 0.879234135790536, 'hidden_size': 34, 'dropout': 0.15302147692679874, 'hidden_continuous_size': 17, 'attention_head_size': 1, 'learning_rate': 0.0021251885227145406}. Best is trial 0 with value: 0.06809516251087189.
[I 2023-12-27 11:19:34,868] Trial 22 finished with value: 4.417867660522461 and parameters: {'gradient_clip_val': 0.9521252458214491, 'hidden_size': 43, 'dropout': 0.12890788223771502, 'hidden_continuous_size': 19, 'attention_head_size': 1, 'learning_rate': 0.002253782207390015}. Best is trial 0 with value: 0.06809516251087189.
[I 2023-12-27 11:19:35,256] Trial 23 finished with value: 4.893497467041016 and parameters: {'gradient_clip_val': 0.6887355617594221, 'hidden_size': 24, 'dropout': 0.1968658905599971, 'hidden_continuous_size': 15, 'attention_head_size': 2, 'learning_rate': 0.006352982808571366}. Best is trial 0 with value: 0.06809516251087189.
[I 2023-12-27 11:19:35,770] Trial 24 finished with value: 4.239024639129639 and parameters: {'gradient_clip_val': 0.6125744604106779, 'hidden_size': 126, 'dropout': 0.21399596534459872, 'hidden_continuous_size': 26, 'attention_head_size': 1, 'learning_rate': 0.0015988274572855195}. Best is trial 0 with value: 0.06809516251087189.
[I 2023-12-27 11:19:36,218] Trial 25 finished with value: 4.0720930099487305 and parameters: {'gradient_clip_val': 0.807558886796553, 'hidden_size': 88, 'dropout': 0.11320535626674592, 'hidden_continuous_size': 36, 'attention_head_size': 2, 'learning_rate': 0.003022785223008474}. Best is trial 0 with value: 0.06809516251087189.
