[I 2023-12-27 11:39:20,056] Trial 49 finished with value: 4.073334217071533 and parameters: {'gradient_clip_val': 0.2896043014662255, 'hidden_size': 72, 'dropout': 0.3306904287270312, 'hidden_continuous_size': 21, 'attention_head_size': 4, 'learning_rate': 0.0006816934557882481}. Best is trial 0 with value: 0.4385858476161957.
[I 2023-12-27 11:39:20,173] A new study created in memory with name: no-name-3bbac81c-2b9d-4dbd-acb7-6bb4a641fd8e
/home/le004/conda/anaconda3/envs/tsff_env/lib/python3.9/site-packages/lightning/fabric/plugins/environments/slurm.py:191: The `srun` command is available on your system but is not used. HINT: If your intention is to run Lightning on SLURM, prepend your python command with `srun` like so: srun python /home/le004/master_thesis/git/TSFusionForecast/code/ ...
[I 2023-12-27 11:39:40,603] Trial 0 finished with value: 4158.67236328125 and parameters: {'gradient_clip_val': 0.25842463702637364, 'hidden_size': 8, 'dropout': 0.22942006457063063, 'hidden_continuous_size': 6, 'attention_head_size': 3, 'learning_rate': 0.06837438607485681}. Best is trial 0 with value: 4158.67236328125.
[I 2023-12-27 11:39:40,945] Trial 1 finished with value: 12435.5244140625 and parameters: {'gradient_clip_val': 0.5031924915051204, 'hidden_size': 10, 'dropout': 0.26477296739563655, 'hidden_continuous_size': 5, 'attention_head_size': 3, 'learning_rate': 0.014227335803733261}. Best is trial 0 with value: 4158.67236328125.
[I 2023-12-27 11:39:41,517] Trial 2 finished with value: 15855.0966796875 and parameters: {'gradient_clip_val': 0.9310256233661495, 'hidden_size': 15, 'dropout': 0.14540217598821623, 'hidden_continuous_size': 11, 'attention_head_size': 3, 'learning_rate': 0.0018951630888697274}. Best is trial 0 with value: 4158.67236328125.
[I 2023-12-27 11:39:41,854] Trial 3 finished with value: 17990.080078125 and parameters: {'gradient_clip_val': 0.12446107560837029, 'hidden_size': 6, 'dropout': 0.15157060893401428, 'hidden_continuous_size': 5, 'attention_head_size': 4, 'learning_rate': 0.04900067089579674}. Best is trial 0 with value: 4158.67236328125.
[I 2023-12-27 11:39:42,183] Trial 4 finished with value: 12726.171875 and parameters: {'gradient_clip_val': 0.8809581992494308, 'hidden_size': 8, 'dropout': 0.2076946081844176, 'hidden_continuous_size': 6, 'attention_head_size': 2, 'learning_rate': 0.05639263652774345}. Best is trial 0 with value: 4158.67236328125.
[I 2023-12-27 11:39:42,557] Trial 5 finished with value: 17214.599609375 and parameters: {'gradient_clip_val': 0.6336403067750861, 'hidden_size': 31, 'dropout': 0.426429086676953, 'hidden_continuous_size': 29, 'attention_head_size': 3, 'learning_rate': 0.0005823376187082589}. Best is trial 0 with value: 4158.67236328125.
[I 2023-12-27 11:39:42,866] Trial 6 finished with value: 21383.916015625 and parameters: {'gradient_clip_val': 0.20634938192681382, 'hidden_size': 8, 'dropout': 0.2932870508221962, 'hidden_continuous_size': 8, 'attention_head_size': 1, 'learning_rate': 0.004354146452596408}. Best is trial 0 with value: 4158.67236328125.
[I 2023-12-27 11:39:43,346] Trial 7 finished with value: 12054.296875 and parameters: {'gradient_clip_val': 0.9923613568151749, 'hidden_size': 107, 'dropout': 0.3321039442179588, 'hidden_continuous_size': 23, 'attention_head_size': 3, 'learning_rate': 0.018648980403727276}. Best is trial 0 with value: 4158.67236328125.
[I 2023-12-27 11:39:43,729] Trial 8 finished with value: 16218.2470703125 and parameters: {'gradient_clip_val': 0.11359431336567472, 'hidden_size': 41, 'dropout': 0.18014289981018727, 'hidden_continuous_size': 8, 'attention_head_size': 1, 'learning_rate': 0.07417807086117967}. Best is trial 0 with value: 4158.67236328125.
[I 2023-12-27 11:39:44,078] Trial 9 finished with value: 13289.92578125 and parameters: {'gradient_clip_val': 0.49951449606443676, 'hidden_size': 16, 'dropout': 0.1174634392740654, 'hidden_continuous_size': 7, 'attention_head_size': 4, 'learning_rate': 0.0013766045755343413}. Best is trial 0 with value: 4158.67236328125.
[I 2023-12-27 11:39:44,432] Trial 10 finished with value: 13614.34375 and parameters: {'gradient_clip_val': 0.29402889623797007, 'hidden_size': 5, 'dropout': 0.38035345420928907, 'hidden_continuous_size': 5, 'attention_head_size': 2, 'learning_rate': 0.0213087103579804}. Best is trial 0 with value: 4158.67236328125.
[I 2023-12-27 11:39:44,976] Trial 11 finished with value: 12773.5029296875 and parameters: {'gradient_clip_val': 0.25653906442367996, 'hidden_size': 120, 'dropout': 0.347222846998259, 'hidden_continuous_size': 67, 'attention_head_size': 3, 'learning_rate': 0.025058950497504673}. Best is trial 0 with value: 4158.67236328125.
[I 2023-12-27 11:39:45,539] Trial 12 finished with value: 18411.357421875 and parameters: {'gradient_clip_val': 0.36895303595700313, 'hidden_size': 147, 'dropout': 0.49991197089585326, 'hidden_continuous_size': 17, 'attention_head_size': 4, 'learning_rate': 0.0942636281361182}. Best is trial 0 with value: 4158.67236328125.
[I 2023-12-27 11:39:45,947] Trial 13 finished with value: 15340.6015625 and parameters: {'gradient_clip_val': 0.20364882859841762, 'hidden_size': 60, 'dropout': 0.24154582889694887, 'hidden_continuous_size': 16, 'attention_head_size': 2, 'learning_rate': 0.010306503493168825}. Best is trial 0 with value: 4158.67236328125.
[I 2023-12-27 11:39:46,310] Trial 14 finished with value: 17303.9921875 and parameters: {'gradient_clip_val': 0.40480015457416213, 'hidden_size': 20, 'dropout': 0.2339558490766182, 'hidden_continuous_size': 6, 'attention_head_size': 3, 'learning_rate': 0.03256329574611123}. Best is trial 0 with value: 4158.67236328125.
[I 2023-12-27 11:39:46,738] Trial 15 finished with value: 14452.5029296875 and parameters: {'gradient_clip_val': 0.6741368920683165, 'hidden_size': 69, 'dropout': 0.31641292087123785, 'hidden_continuous_size': 27, 'attention_head_size': 2, 'learning_rate': 0.03667606888275364}. Best is trial 0 with value: 4158.67236328125.
[I 2023-12-27 11:39:47,353] Trial 16 finished with value: 13677.3154296875 and parameters: {'gradient_clip_val': 0.9596229263007515, 'hidden_size': 27, 'dropout': 0.28304292259675756, 'hidden_continuous_size': 10, 'attention_head_size': 4, 'learning_rate': 0.01590905133379484}. Best is trial 0 with value: 4158.67236328125.
[I 2023-12-27 11:39:47,711] Trial 17 finished with value: 18279.146484375 and parameters: {'gradient_clip_val': 0.339249920838034, 'hidden_size': 13, 'dropout': 0.20396818130594696, 'hidden_continuous_size': 6, 'attention_head_size': 3, 'learning_rate': 0.006578468647309675}. Best is trial 0 with value: 4158.67236328125.
[I 2023-12-27 11:39:48,171] Trial 18 finished with value: 20259.064453125 and parameters: {'gradient_clip_val': 0.6960238590195209, 'hidden_size': 96, 'dropout': 0.33021414574952995, 'hidden_continuous_size': 37, 'attention_head_size': 2, 'learning_rate': 0.039901173451861664}. Best is trial 0 with value: 4158.67236328125.
[I 2023-12-27 11:39:48,568] Trial 19 finished with value: 15498.46875 and parameters: {'gradient_clip_val': 0.44890064751756564, 'hidden_size': 40, 'dropout': 0.24159415596601289, 'hidden_continuous_size': 12, 'attention_head_size': 4, 'learning_rate': 0.06655801499500434}. Best is trial 0 with value: 4158.67236328125.
[I 2023-12-27 11:39:48,948] Trial 20 finished with value: 17615.146484375 and parameters: {'gradient_clip_val': 0.548519232604348, 'hidden_size': 21, 'dropout': 0.2850546654517308, 'hidden_continuous_size': 8, 'attention_head_size': 3, 'learning_rate': 0.021498246694019084}. Best is trial 0 with value: 4158.67236328125.
[I 2023-12-27 11:39:49,312] Trial 21 finished with value: 14801.7646484375 and parameters: {'gradient_clip_val': 0.7609257370590592, 'hidden_size': 11, 'dropout': 0.2661212557484743, 'hidden_continuous_size': 5, 'attention_head_size': 3, 'learning_rate': 0.01100101446434269}. Best is trial 0 with value: 4158.67236328125.
[I 2023-12-27 11:39:49,686] Trial 22 finished with value: 12903.02734375 and parameters: {'gradient_clip_val': 0.5292305865256902, 'hidden_size': 9, 'dropout': 0.25971168542603945, 'hidden_continuous_size': 5, 'attention_head_size': 3, 'learning_rate': 0.014822904332302685}. Best is trial 0 with value: 4158.67236328125.
[I 2023-12-27 11:39:50,043] Trial 23 finished with value: 19889.740234375 and parameters: {'gradient_clip_val': 0.43465192894404936, 'hidden_size': 6, 'dropout': 0.3081810193555774, 'hidden_continuous_size': 5, 'attention_head_size': 3, 'learning_rate': 0.030264335154211144}. Best is trial 0 with value: 4158.67236328125.
[I 2023-12-27 11:39:50,410] Trial 24 finished with value: 17428.712890625 and parameters: {'gradient_clip_val': 0.7840583299033564, 'hidden_size': 11, 'dropout': 0.3610176966916825, 'hidden_continuous_size': 6, 'attention_head_size': 2, 'learning_rate': 0.0917509659309649}. Best is trial 0 with value: 4158.67236328125.
[I 2023-12-27 11:39:50,798] Trial 25 finished with value: 19259.55078125 and parameters: {'gradient_clip_val': 0.612353149322821, 'hidden_size': 20, 'dropout': 0.19540259785094583, 'hidden_continuous_size': 7, 'attention_head_size': 3, 'learning_rate': 0.05475552876250862}. Best is trial 0 with value: 4158.67236328125.
[I 2023-12-27 11:39:51,148] Trial 26 finished with value: 15949.8466796875 and parameters: {'gradient_clip_val': 0.8104042249109435, 'hidden_size': 5, 'dropout': 0.26324419002094823, 'hidden_continuous_size': 5, 'attention_head_size': 4, 'learning_rate': 0.042163508015189234}. Best is trial 0 with value: 4158.67236328125.
[I 2023-12-27 11:39:51,520] Trial 27 finished with value: 14737.4619140625 and parameters: {'gradient_clip_val': 0.9532142316590373, 'hidden_size': 10, 'dropout': 0.22757325633468428, 'hidden_continuous_size': 6, 'attention_head_size': 3, 'learning_rate': 0.019323297321634444}. Best is trial 0 with value: 4158.67236328125.
[I 2023-12-27 11:39:51,887] Trial 28 finished with value: 13502.0087890625 and parameters: {'gradient_clip_val': 0.5408458677054045, 'hidden_size': 7, 'dropout': 0.311746131791135, 'hidden_continuous_size': 5, 'attention_head_size': 2, 'learning_rate': 0.026117950183740333}. Best is trial 0 with value: 4158.67236328125.
[I 2023-12-27 11:39:52,528] Trial 29 finished with value: 20858.251953125 and parameters: {'gradient_clip_val': 0.9452324433709602, 'hidden_size': 13, 'dropout': 0.16792085832431017, 'hidden_continuous_size': 7, 'attention_head_size': 3, 'learning_rate': 0.006375054807809111}. Best is trial 0 with value: 4158.67236328125.
[I 2023-12-27 11:39:52,904] Trial 30 finished with value: 13307.98828125 and parameters: {'gradient_clip_val': 0.39008711275726543, 'hidden_size': 16, 'dropout': 0.10845958410628745, 'hidden_continuous_size': 9, 'attention_head_size': 4, 'learning_rate': 0.012410801725556364}. Best is trial 0 with value: 4158.67236328125.
[I 2023-12-27 11:39:53,277] Trial 31 finished with value: 14496.6318359375 and parameters: {'gradient_clip_val': 0.8534716908282628, 'hidden_size': 8, 'dropout': 0.20973857709438626, 'hidden_continuous_size': 6, 'attention_head_size': 2, 'learning_rate': 0.05678443874995704}. Best is trial 0 with value: 4158.67236328125.
[I 2023-12-27 11:39:53,652] Trial 32 finished with value: 13251.7890625 and parameters: {'gradient_clip_val': 0.8389795509955332, 'hidden_size': 7, 'dropout': 0.21408124417661342, 'hidden_continuous_size': 5, 'attention_head_size': 2, 'learning_rate': 0.04887900802010497}. Best is trial 0 with value: 4158.67236328125.
[I 2023-12-27 11:39:54,028] Trial 33 finished with value: 17952.822265625 and parameters: {'gradient_clip_val': 0.7190890157280762, 'hidden_size': 9, 'dropout': 0.17719825505930126, 'hidden_continuous_size': 6, 'attention_head_size': 1, 'learning_rate': 0.06989183678497703}. Best is trial 0 with value: 4158.67236328125.
[I 2023-12-27 11:39:54,392] Trial 34 finished with value: 17433.228515625 and parameters: {'gradient_clip_val': 0.9744642146151871, 'hidden_size': 6, 'dropout': 0.14425116733329074, 'hidden_continuous_size': 5, 'attention_head_size': 3, 'learning_rate': 0.030373906650904406}. Best is trial 0 with value: 4158.67236328125.
[I 2023-12-27 11:39:54,774] Trial 35 finished with value: 16950.552734375 and parameters: {'gradient_clip_val': 0.598931900747144, 'hidden_size': 7, 'dropout': 0.28256527350012184, 'hidden_continuous_size': 5, 'attention_head_size': 3, 'learning_rate': 0.0414084947192723}. Best is trial 0 with value: 4158.67236328125.
[I 2023-12-27 11:39:55,152] Trial 36 finished with value: 17864.419921875 and parameters: {'gradient_clip_val': 0.689493407967107, 'hidden_size': 13, 'dropout': 0.252691385691805, 'hidden_continuous_size': 7, 'attention_head_size': 1, 'learning_rate': 0.07420384701146802}. Best is trial 0 with value: 4158.67236328125.
[I 2023-12-27 11:39:55,546] Trial 37 finished with value: 15521.9228515625 and parameters: {'gradient_clip_val': 0.4739670307790129, 'hidden_size': 31, 'dropout': 0.19288244506893984, 'hidden_continuous_size': 9, 'attention_head_size': 2, 'learning_rate': 0.018160444554200513}. Best is trial 0 with value: 4158.67236328125.
[I 2023-12-27 11:39:55,896] Trial 38 finished with value: 12019.4931640625 and parameters: {'gradient_clip_val': 0.8401395395890934, 'hidden_size': 5, 'dropout': 0.22443843038604844, 'hidden_continuous_size': 5, 'attention_head_size': 3, 'learning_rate': 0.008362365444118667}. Best is trial 0 with value: 4158.67236328125.
[I 2023-12-27 11:39:56,248] Trial 39 finished with value: 14317.5361328125 and parameters: {'gradient_clip_val': 0.6160894736819797, 'hidden_size': 5, 'dropout': 0.2225080589153163, 'hidden_continuous_size': 5, 'attention_head_size': 3, 'learning_rate': 0.003965027868387521}. Best is trial 0 with value: 4158.67236328125.
[I 2023-12-27 11:39:56,597] Trial 40 finished with value: 12440.5087890625 and parameters: {'gradient_clip_val': 0.8525332588919436, 'hidden_size': 5, 'dropout': 0.15282523122137756, 'hidden_continuous_size': 5, 'attention_head_size': 4, 'learning_rate': 0.010000637058125095}. Best is trial 0 with value: 4158.67236328125.
[I 2023-12-27 11:39:56,932] Trial 41 finished with value: 13912.01171875 and parameters: {'gradient_clip_val': 0.8422999746771753, 'hidden_size': 5, 'dropout': 0.14996732824338832, 'hidden_continuous_size': 5, 'attention_head_size': 4, 'learning_rate': 0.008482387377652023}. Best is trial 0 with value: 4158.67236328125.
[I 2023-12-27 11:39:57,308] Trial 42 finished with value: 10892.3798828125 and parameters: {'gradient_clip_val': 0.7577005775999344, 'hidden_size': 6, 'dropout': 0.1388471750030434, 'hidden_continuous_size': 5, 'attention_head_size': 4, 'learning_rate': 0.013699773880187472}. Best is trial 0 with value: 4158.67236328125.
[I 2023-12-27 11:39:57,867] Trial 43 finished with value: 21015.9765625 and parameters: {'gradient_clip_val': 0.9994706837520224, 'hidden_size': 6, 'dropout': 0.11873667727695256, 'hidden_continuous_size': 5, 'attention_head_size': 3, 'learning_rate': 0.013941326014498634}. Best is trial 0 with value: 4158.67236328125.
[I 2023-12-27 11:39:58,224] Trial 44 finished with value: 15275.4873046875 and parameters: {'gradient_clip_val': 0.7657103641949747, 'hidden_size': 7, 'dropout': 0.22885773473234622, 'hidden_continuous_size': 5, 'attention_head_size': 4, 'learning_rate': 0.023611544227174198}. Best is trial 0 with value: 4158.67236328125.
[I 2023-12-27 11:39:58,593] Trial 45 finished with value: 16986.029296875 and parameters: {'gradient_clip_val': 0.7219273466375854, 'hidden_size': 9, 'dropout': 0.1862835984067045, 'hidden_continuous_size': 6, 'attention_head_size': 3, 'learning_rate': 0.01653144843453809}. Best is trial 0 with value: 4158.67236328125.
[I 2023-12-27 11:39:58,954] Trial 46 finished with value: 16917.435546875 and parameters: {'gradient_clip_val': 0.28225449679587905, 'hidden_size': 8, 'dropout': 0.2442596588151732, 'hidden_continuous_size': 6, 'attention_head_size': 4, 'learning_rate': 0.012727521693964534}. Best is trial 0 with value: 4158.67236328125.
[I 2023-12-27 11:39:59,306] Trial 47 finished with value: 13126.8330078125 and parameters: {'gradient_clip_val': 0.8624957165118018, 'hidden_size': 6, 'dropout': 0.2700581655723155, 'hidden_continuous_size': 5, 'attention_head_size': 3, 'learning_rate': 0.0073213029454846585}. Best is trial 0 with value: 4158.67236328125.
[I 2023-12-27 11:39:59,728] Trial 48 finished with value: 12862.9248046875 and parameters: {'gradient_clip_val': 0.6495443921828733, 'hidden_size': 59, 'dropout': 0.21319823452216455, 'hidden_continuous_size': 19, 'attention_head_size': 3, 'learning_rate': 0.018627848450668047}. Best is trial 0 with value: 4158.67236328125.
[I 2023-12-27 11:40:00,120] Trial 49 finished with value: 11787.7216796875 and parameters: {'gradient_clip_val': 0.490708072773093, 'hidden_size': 39, 'dropout': 0.28385736665913486, 'hidden_continuous_size': 13, 'attention_head_size': 4, 'learning_rate': 0.02580095335744939}. Best is trial 0 with value: 4158.67236328125.
