[I 2023-12-27 11:24:28,643] Trial 28 finished with value: 1.7660757303237915 and parameters: {'gradient_clip_val': 0.4645770798073795, 'hidden_size': 34, 'dropout': 0.44198606467430823, 'hidden_continuous_size': 14, 'attention_head_size': 2, 'learning_rate': 0.0013449295362271633}. Best is trial 0 with value: 0.0979655385017395.
[I 2023-12-27 11:24:29,044] Trial 29 finished with value: 2.2116544246673584 and parameters: {'gradient_clip_val': 0.555408802368995, 'hidden_size': 28, 'dropout': 0.4401459253532392, 'hidden_continuous_size': 9, 'attention_head_size': 1, 'learning_rate': 0.0006893983305916559}. Best is trial 0 with value: 0.0979655385017395.
[I 2023-12-27 11:24:29,433] Trial 30 finished with value: 2.6684024333953857 and parameters: {'gradient_clip_val': 0.7472110415539801, 'hidden_size': 28, 'dropout': 0.48183677612212705, 'hidden_continuous_size': 11, 'attention_head_size': 3, 'learning_rate': 0.0021790353114306635}. Best is trial 0 with value: 0.0979655385017395.
[I 2023-12-27 11:24:29,831] Trial 31 finished with value: 1.8828727006912231 and parameters: {'gradient_clip_val': 0.37232792708415885, 'hidden_size': 40, 'dropout': 0.4171641998241627, 'hidden_continuous_size': 12, 'attention_head_size': 3, 'learning_rate': 0.0009999875419880748}. Best is trial 0 with value: 0.0979655385017395.
[I 2023-12-27 11:24:30,224] Trial 32 finished with value: 2.121831178665161 and parameters: {'gradient_clip_val': 0.2619274209663323, 'hidden_size': 34, 'dropout': 0.4593286322114312, 'hidden_continuous_size': 15, 'attention_head_size': 3, 'learning_rate': 0.0010563008485155534}. Best is trial 0 with value: 0.0979655385017395.
[I 2023-12-27 11:24:30,659] Trial 33 finished with value: 2.7508866786956787 and parameters: {'gradient_clip_val': 0.37728625659030335, 'hidden_size': 61, 'dropout': 0.383430472772493, 'hidden_continuous_size': 18, 'attention_head_size': 3, 'learning_rate': 0.0006452762796543424}. Best is trial 0 with value: 0.0979655385017395.
[I 2023-12-27 11:24:31,075] Trial 34 finished with value: 2.5053861141204834 and parameters: {'gradient_clip_val': 0.33896654458650427, 'hidden_size': 43, 'dropout': 0.40983871405563727, 'hidden_continuous_size': 13, 'attention_head_size': 3, 'learning_rate': 0.0007870055035076426}. Best is trial 0 with value: 0.0979655385017395.
[I 2023-12-27 11:24:31,480] Trial 35 finished with value: 2.28560733795166 and parameters: {'gradient_clip_val': 0.4135703968479915, 'hidden_size': 23, 'dropout': 0.4554116209736784, 'hidden_continuous_size': 9, 'attention_head_size': 3, 'learning_rate': 0.0014713777413865015}. Best is trial 0 with value: 0.0979655385017395.
[I 2023-12-27 11:24:31,877] Trial 36 finished with value: 1.8196243047714233 and parameters: {'gradient_clip_val': 0.2849553170991461, 'hidden_size': 31, 'dropout': 0.49814499666707734, 'hidden_continuous_size': 11, 'attention_head_size': 3, 'learning_rate': 0.00355825817509995}. Best is trial 0 with value: 0.0979655385017395.
[I 2023-12-27 11:24:32,507] Trial 37 finished with value: 1.8544093370437622 and parameters: {'gradient_clip_val': 0.5187534233328814, 'hidden_size': 47, 'dropout': 0.3643000341193186, 'hidden_continuous_size': 8, 'attention_head_size': 2, 'learning_rate': 0.001096683214048463}. Best is trial 0 with value: 0.0979655385017395.
[I 2023-12-27 11:24:32,894] Trial 38 finished with value: 2.0479774475097656 and parameters: {'gradient_clip_val': 0.24639392111374575, 'hidden_size': 26, 'dropout': 0.32559186215458796, 'hidden_continuous_size': 10, 'attention_head_size': 1, 'learning_rate': 0.0006284437332884111}. Best is trial 0 with value: 0.0979655385017395.
[I 2023-12-27 11:24:33,275] Trial 39 finished with value: 2.5429575443267822 and parameters: {'gradient_clip_val': 0.6106050020266043, 'hidden_size': 19, 'dropout': 0.42895252497259434, 'hidden_continuous_size': 8, 'attention_head_size': 4, 'learning_rate': 0.0008234468200268568}. Best is trial 0 with value: 0.0979655385017395.
[I 2023-12-27 11:24:33,672] Trial 40 finished with value: 2.1119349002838135 and parameters: {'gradient_clip_val': 0.4231503636803955, 'hidden_size': 31, 'dropout': 0.3998484260452984, 'hidden_continuous_size': 17, 'attention_head_size': 3, 'learning_rate': 0.0017143320618362705}. Best is trial 0 with value: 0.0979655385017395.
[I 2023-12-27 11:24:34,044] Trial 41 finished with value: 2.0918073654174805 and parameters: {'gradient_clip_val': 0.288781530184073, 'hidden_size': 18, 'dropout': 0.1395806253460551, 'hidden_continuous_size': 10, 'attention_head_size': 4, 'learning_rate': 0.003000257071166182}. Best is trial 0 with value: 0.0979655385017395.
[I 2023-12-27 11:24:34,425] Trial 42 finished with value: 2.52231764793396 and parameters: {'gradient_clip_val': 0.3549131887464557, 'hidden_size': 12, 'dropout': 0.3336195784338994, 'hidden_continuous_size': 8, 'attention_head_size': 4, 'learning_rate': 0.0022646356179065554}. Best is trial 0 with value: 0.0979655385017395.
[I 2023-12-27 11:24:34,806] Trial 43 finished with value: 2.232337236404419 and parameters: {'gradient_clip_val': 0.4592676562381783, 'hidden_size': 15, 'dropout': 0.360427786285556, 'hidden_continuous_size': 7, 'attention_head_size': 4, 'learning_rate': 0.0012476013694424487}. Best is trial 0 with value: 0.0979655385017395.
[I 2023-12-27 11:24:35,198] Trial 44 finished with value: 2.464022397994995 and parameters: {'gradient_clip_val': 0.3122077428563476, 'hidden_size': 20, 'dropout': 0.30149024011960834, 'hidden_continuous_size': 11, 'attention_head_size': 3, 'learning_rate': 0.0017002954920115555}. Best is trial 0 with value: 0.0979655385017395.
[I 2023-12-27 11:24:35,595] Trial 45 finished with value: 1.7750310897827148 and parameters: {'gradient_clip_val': 0.3962545826769094, 'hidden_size': 38, 'dropout': 0.3301975632789096, 'hidden_continuous_size': 12, 'attention_head_size': 2, 'learning_rate': 0.0008924653062136877}. Best is trial 0 with value: 0.0979655385017395.
[I 2023-12-27 11:24:35,982] Trial 46 finished with value: 2.030117988586426 and parameters: {'gradient_clip_val': 0.11724738184125884, 'hidden_size': 26, 'dropout': 0.4245960125400468, 'hidden_continuous_size': 13, 'attention_head_size': 1, 'learning_rate': 0.0032855838918856572}. Best is trial 0 with value: 0.0979655385017395.
[I 2023-12-27 11:24:36,411] Trial 47 finished with value: 1.6487598419189453 and parameters: {'gradient_clip_val': 0.18147309844380916, 'hidden_size': 57, 'dropout': 0.3936074242006727, 'hidden_continuous_size': 16, 'attention_head_size': 4, 'learning_rate': 0.0013305154222991841}. Best is trial 0 with value: 0.0979655385017395.
[I 2023-12-27 11:24:36,832] Trial 48 finished with value: 2.407404661178589 and parameters: {'gradient_clip_val': 0.18429002823114404, 'hidden_size': 50, 'dropout': 0.40010432539013835, 'hidden_continuous_size': 22, 'attention_head_size': 4, 'learning_rate': 0.0012121223247150094}. Best is trial 0 with value: 0.0979655385017395.
[I 2023-12-27 11:24:37,270] Trial 49 finished with value: 1.947299838066101 and parameters: {'gradient_clip_val': 0.14848488161191412, 'hidden_size': 60, 'dropout': 0.3700577504744505, 'hidden_continuous_size': 15, 'attention_head_size': 3, 'learning_rate': 0.0005506989458769997}. Best is trial 0 with value: 0.0979655385017395.
[I 2023-12-27 11:24:37,379] A new study created in memory with name: no-name-e549e590-3b7a-4bdc-8886-ca7b14015369
/home/le004/conda/anaconda3/envs/tsff_env/lib/python3.9/site-packages/lightning/fabric/plugins/environments/slurm.py:191: The `srun` command is available on your system but is not used. HINT: If your intention is to run Lightning on SLURM, prepend your python command with `srun` like so: srun python /home/le004/master_thesis/git/TSFusionForecast/code/ ...
[I 2023-12-27 11:25:06,298] Trial 0 finished with value: 112.2305679321289 and parameters: {'gradient_clip_val': 0.3770152134231838, 'hidden_size': 6, 'dropout': 0.20223669390595772, 'hidden_continuous_size': 6, 'attention_head_size': 2, 'learning_rate': 0.0330333846662538}. Best is trial 0 with value: 112.2305679321289.
[I 2023-12-27 11:25:07,002] Trial 1 finished with value: 553.3699340820312 and parameters: {'gradient_clip_val': 0.12540999123660043, 'hidden_size': 5, 'dropout': 0.270406236336209, 'hidden_continuous_size': 5, 'attention_head_size': 4, 'learning_rate': 0.0021166643555030097}. Best is trial 0 with value: 112.2305679321289.
[I 2023-12-27 11:25:07,357] Trial 2 finished with value: 362.53369140625 and parameters: {'gradient_clip_val': 0.21824059746324306, 'hidden_size': 14, 'dropout': 0.13104534908749593, 'hidden_continuous_size': 6, 'attention_head_size': 3, 'learning_rate': 0.0011758268262489248}. Best is trial 0 with value: 112.2305679321289.
[I 2023-12-27 11:25:07,743] Trial 3 finished with value: 423.2759704589844 and parameters: {'gradient_clip_val': 0.2384119310807281, 'hidden_size': 13, 'dropout': 0.20289377613843076, 'hidden_continuous_size': 9, 'attention_head_size': 4, 'learning_rate': 0.03542474696203226}. Best is trial 0 with value: 112.2305679321289.
[I 2023-12-27 11:25:08,175] Trial 4 finished with value: 451.0016174316406 and parameters: {'gradient_clip_val': 0.20223729134246407, 'hidden_size': 76, 'dropout': 0.3102883270291613, 'hidden_continuous_size': 11, 'attention_head_size': 1, 'learning_rate': 0.0024748184606172684}. Best is trial 0 with value: 112.2305679321289.
[I 2023-12-27 11:25:08,546] Trial 5 finished with value: 370.2126159667969 and parameters: {'gradient_clip_val': 0.2725961119253542, 'hidden_size': 10, 'dropout': 0.12441519166641896, 'hidden_continuous_size': 7, 'attention_head_size': 3, 'learning_rate': 0.0008342711034948452}. Best is trial 0 with value: 112.2305679321289.
[I 2023-12-27 11:25:08,880] Trial 6 finished with value: 474.2888488769531 and parameters: {'gradient_clip_val': 0.17724674511554772, 'hidden_size': 16, 'dropout': 0.2590542920970309, 'hidden_continuous_size': 8, 'attention_head_size': 3, 'learning_rate': 0.024350771649385046}. Best is trial 0 with value: 112.2305679321289.
[I 2023-12-27 11:25:09,241] Trial 7 finished with value: 507.0299377441406 and parameters: {'gradient_clip_val': 0.3835853282043211, 'hidden_size': 29, 'dropout': 0.17697276891744643, 'hidden_continuous_size': 24, 'attention_head_size': 1, 'learning_rate': 0.06776898383796955}. Best is trial 0 with value: 112.2305679321289.
[I 2023-12-27 11:25:09,729] Trial 8 finished with value: 411.2781677246094 and parameters: {'gradient_clip_val': 0.15339338300684832, 'hidden_size': 101, 'dropout': 0.20648791489595159, 'hidden_continuous_size': 9, 'attention_head_size': 3, 'learning_rate': 0.01221974108177004}. Best is trial 0 with value: 112.2305679321289.
[I 2023-12-27 11:25:10,045] Trial 9 finished with value: 359.0432434082031 and parameters: {'gradient_clip_val': 0.12615709305565453, 'hidden_size': 5, 'dropout': 0.25031890138417645, 'hidden_continuous_size': 5, 'attention_head_size': 3, 'learning_rate': 0.0010900810901639736}. Best is trial 0 with value: 112.2305679321289.
[I 2023-12-27 11:25:10,440] Trial 10 finished with value: 450.7242736816406 and parameters: {'gradient_clip_val': 0.647743846353642, 'hidden_size': 35, 'dropout': 0.3955032212261048, 'hidden_continuous_size': 16, 'attention_head_size': 2, 'learning_rate': 0.007374051025161907}. Best is trial 0 with value: 112.2305679321289.
[I 2023-12-27 11:25:10,970] Trial 11 finished with value: 459.9769592285156 and parameters: {'gradient_clip_val': 0.4279495420415036, 'hidden_size': 5, 'dropout': 0.3431307567217136, 'hidden_continuous_size': 5, 'attention_head_size': 2, 'learning_rate': 0.0005308473742396253}. Best is trial 0 with value: 112.2305679321289.
[I 2023-12-27 11:25:11,336] Trial 12 finished with value: 348.5743408203125 and parameters: {'gradient_clip_val': 0.10115186761571636, 'hidden_size': 7, 'dropout': 0.4855463233292908, 'hidden_continuous_size': 5, 'attention_head_size': 2, 'learning_rate': 0.0032344643023837698}. Best is trial 0 with value: 112.2305679321289.
[I 2023-12-27 11:25:11,696] Trial 13 finished with value: 388.8747863769531 and parameters: {'gradient_clip_val': 0.10419474866031114, 'hidden_size': 8, 'dropout': 0.49473652621700637, 'hidden_continuous_size': 5, 'attention_head_size': 2, 'learning_rate': 0.004704773740388163}. Best is trial 0 with value: 112.2305679321289.
[I 2023-12-27 11:25:12,050] Trial 14 finished with value: 509.1228942871094 and parameters: {'gradient_clip_val': 0.32833529413781215, 'hidden_size': 8, 'dropout': 0.4655331803886888, 'hidden_continuous_size': 6, 'attention_head_size': 1, 'learning_rate': 0.09432380864526389}. Best is trial 0 with value: 112.2305679321289.
[I 2023-12-27 11:25:12,413] Trial 15 finished with value: 388.8272705078125 and parameters: {'gradient_clip_val': 0.5175615630904566, 'hidden_size': 8, 'dropout': 0.41675115089531545, 'hidden_continuous_size': 5, 'attention_head_size': 2, 'learning_rate': 0.013818154148649868}. Best is trial 0 with value: 112.2305679321289.
[I 2023-12-27 11:25:12,791] Trial 16 finished with value: 431.582275390625 and parameters: {'gradient_clip_val': 0.9940480209050291, 'hidden_size': 20, 'dropout': 0.354048860924277, 'hidden_continuous_size': 7, 'attention_head_size': 2, 'learning_rate': 0.004566258653350263}. Best is trial 0 with value: 112.2305679321289.
[I 2023-12-27 11:25:13,214] Trial 17 finished with value: 453.9707946777344 and parameters: {'gradient_clip_val': 0.2879411042895212, 'hidden_size': 21, 'dropout': 0.4405572295406414, 'hidden_continuous_size': 6, 'attention_head_size': 1, 'learning_rate': 0.04348444965692033}. Best is trial 0 with value: 112.2305679321289.
[I 2023-12-27 11:25:13,597] Trial 18 finished with value: 448.9464111328125 and parameters: {'gradient_clip_val': 0.16363643204178907, 'hidden_size': 7, 'dropout': 0.4996963751921353, 'hidden_continuous_size': 5, 'attention_head_size': 2, 'learning_rate': 0.015420051738181057}. Best is trial 0 with value: 112.2305679321289.
[I 2023-12-27 11:25:13,971] Trial 19 finished with value: 390.4923095703125 and parameters: {'gradient_clip_val': 0.25149082932906686, 'hidden_size': 11, 'dropout': 0.38776679664237057, 'hidden_continuous_size': 6, 'attention_head_size': 1, 'learning_rate': 0.024748016335398554}. Best is trial 0 with value: 112.2305679321289.
[I 2023-12-27 11:25:14,340] Trial 20 finished with value: 460.1426696777344 and parameters: {'gradient_clip_val': 0.10184629142190121, 'hidden_size': 7, 'dropout': 0.3002824709136675, 'hidden_continuous_size': 5, 'attention_head_size': 2, 'learning_rate': 0.008032872592556913}. Best is trial 0 with value: 112.2305679321289.
[I 2023-12-27 11:25:14,674] Trial 21 finished with value: 393.5176696777344 and parameters: {'gradient_clip_val': 0.1303505188436901, 'hidden_size': 5, 'dropout': 0.2482857604121409, 'hidden_continuous_size': 5, 'attention_head_size': 3, 'learning_rate': 0.0018906428701586345}. Best is trial 0 with value: 112.2305679321289.
[I 2023-12-27 11:25:15,051] Trial 22 finished with value: 350.6620788574219 and parameters: {'gradient_clip_val': 0.13355448575863244, 'hidden_size': 5, 'dropout': 0.3297149322081584, 'hidden_continuous_size': 5, 'attention_head_size': 4, 'learning_rate': 0.004415191821681357}. Best is trial 0 with value: 112.2305679321289.
[I 2023-12-27 11:25:15,457] Trial 23 finished with value: 424.6441955566406 and parameters: {'gradient_clip_val': 0.192818021513046, 'hidden_size': 6, 'dropout': 0.3534972831852489, 'hidden_continuous_size': 5, 'attention_head_size': 4, 'learning_rate': 0.003484955909265216}. Best is trial 0 with value: 112.2305679321289.
[I 2023-12-27 11:25:16,063] Trial 24 finished with value: 458.3339538574219 and parameters: {'gradient_clip_val': 0.10031513282050647, 'hidden_size': 9, 'dropout': 0.4481452495938837, 'hidden_continuous_size': 6, 'attention_head_size': 4, 'learning_rate': 0.0055381671006119225}. Best is trial 0 with value: 112.2305679321289.
[I 2023-12-27 11:25:16,433] Trial 25 finished with value: 496.4752197265625 and parameters: {'gradient_clip_val': 0.14941528530818152, 'hidden_size': 6, 'dropout': 0.4109131966941716, 'hidden_continuous_size': 5, 'attention_head_size': 2, 'learning_rate': 0.0030620931994861655}. Best is trial 0 with value: 112.2305679321289.
[I 2023-12-27 11:25:16,812] Trial 26 finished with value: 469.2806701660156 and parameters: {'gradient_clip_val': 0.18566987747736452, 'hidden_size': 11, 'dropout': 0.3257749875178306, 'hidden_continuous_size': 6, 'attention_head_size': 3, 'learning_rate': 0.00911817117505588}. Best is trial 0 with value: 112.2305679321289.
[I 2023-12-27 11:25:17,178] Trial 27 finished with value: 458.5279235839844 and parameters: {'gradient_clip_val': 0.321254261468617, 'hidden_size': 6, 'dropout': 0.3790239385262061, 'hidden_continuous_size': 5, 'attention_head_size': 2, 'learning_rate': 0.004808404755938615}. Best is trial 0 with value: 112.2305679321289.
[I 2023-12-27 11:25:17,562] Trial 28 finished with value: 424.7481689453125 and parameters: {'gradient_clip_val': 0.21506921717656102, 'hidden_size': 10, 'dropout': 0.28417581315475465, 'hidden_continuous_size': 6, 'attention_head_size': 4, 'learning_rate': 0.010152491287477894}. Best is trial 0 with value: 112.2305679321289.
[I 2023-12-27 11:25:17,901] Trial 29 finished with value: 446.8377990722656 and parameters: {'gradient_clip_val': 0.13958477501000252, 'hidden_size': 5, 'dropout': 0.28623239969429237, 'hidden_continuous_size': 5, 'attention_head_size': 4, 'learning_rate': 0.0022811322452018826}. Best is trial 0 with value: 112.2305679321289.
[I 2023-12-27 11:25:18,273] Trial 30 finished with value: 475.9151306152344 and parameters: {'gradient_clip_val': 0.11507485917753492, 'hidden_size': 7, 'dropout': 0.3331364914515133, 'hidden_continuous_size': 5, 'attention_head_size': 2, 'learning_rate': 0.006301173250618216}. Best is trial 0 with value: 112.2305679321289.
[I 2023-12-27 11:25:18,639] Trial 31 finished with value: 447.8152770996094 and parameters: {'gradient_clip_val': 0.12192079094639659, 'hidden_size': 6, 'dropout': 0.24959954736495005, 'hidden_continuous_size': 5, 'attention_head_size': 3, 'learning_rate': 0.0015570639820210543}. Best is trial 0 with value: 112.2305679321289.
[I 2023-12-27 11:25:18,989] Trial 32 finished with value: 391.768310546875 and parameters: {'gradient_clip_val': 0.12616959830234664, 'hidden_size': 5, 'dropout': 0.23724038129237318, 'hidden_continuous_size': 5, 'attention_head_size': 3, 'learning_rate': 0.0012318371003308237}. Best is trial 0 with value: 112.2305679321289.
[I 2023-12-27 11:25:19,329] Trial 33 finished with value: 311.58502197265625 and parameters: {'gradient_clip_val': 0.14596935687324147, 'hidden_size': 5, 'dropout': 0.1541574454607132, 'hidden_continuous_size': 5, 'attention_head_size': 4, 'learning_rate': 0.0029864379207198283}. Best is trial 0 with value: 112.2305679321289.
[I 2023-12-27 11:25:19,734] Trial 34 finished with value: 478.22021484375 and parameters: {'gradient_clip_val': 0.14271272651255898, 'hidden_size': 12, 'dropout': 0.10526383665579218, 'hidden_continuous_size': 6, 'attention_head_size': 4, 'learning_rate': 0.002385999863169539}. Best is trial 0 with value: 112.2305679321289.
[I 2023-12-27 11:25:20,140] Trial 35 finished with value: 247.9577178955078 and parameters: {'gradient_clip_val': 0.1608819656985106, 'hidden_size': 9, 'dropout': 0.14792413268686494, 'hidden_continuous_size': 6, 'attention_head_size': 4, 'learning_rate': 0.0037012078162440795}. Best is trial 0 with value: 112.2305679321289.
[I 2023-12-27 11:25:20,558] Trial 36 finished with value: 516.7009887695312 and parameters: {'gradient_clip_val': 0.17194063869290147, 'hidden_size': 13, 'dropout': 0.16238937869339398, 'hidden_continuous_size': 7, 'attention_head_size': 4, 'learning_rate': 0.0036473701232935278}. Best is trial 0 with value: 112.2305679321289.
[I 2023-12-27 11:25:20,940] Trial 37 finished with value: 426.3369445800781 and parameters: {'gradient_clip_val': 0.22779338051623665, 'hidden_size': 10, 'dropout': 0.14819611610128194, 'hidden_continuous_size': 6, 'attention_head_size': 4, 'learning_rate': 0.0028175287863191475}. Best is trial 0 with value: 112.2305679321289.
[I 2023-12-27 11:25:21,559] Trial 38 finished with value: 310.2916564941406 and parameters: {'gradient_clip_val': 0.15952979606087447, 'hidden_size': 14, 'dropout': 0.19340561120624164, 'hidden_continuous_size': 7, 'attention_head_size': 1, 'learning_rate': 0.0066460707698360955}. Best is trial 0 with value: 112.2305679321289.
[I 2023-12-27 11:25:21,921] Trial 39 finished with value: 335.3919982910156 and parameters: {'gradient_clip_val': 0.20181512434803317, 'hidden_size': 16, 'dropout': 0.19061582610342995, 'hidden_continuous_size': 7, 'attention_head_size': 1, 'learning_rate': 0.006599279882194511}. Best is trial 0 with value: 112.2305679321289.
[I 2023-12-27 11:25:22,298] Trial 40 finished with value: 445.3105163574219 and parameters: {'gradient_clip_val': 0.16237223442960497, 'hidden_size': 9, 'dropout': 0.13475715120253792, 'hidden_continuous_size': 7, 'attention_head_size': 1, 'learning_rate': 0.0060986425654847975}. Best is trial 0 with value: 112.2305679321289.
[I 2023-12-27 11:25:22,694] Trial 41 finished with value: 457.32373046875 and parameters: {'gradient_clip_val': 0.19851931119983318, 'hidden_size': 14, 'dropout': 0.18812170946875043, 'hidden_continuous_size': 7, 'attention_head_size': 1, 'learning_rate': 0.00836243340456199}. Best is trial 0 with value: 112.2305679321289.
[I 2023-12-27 11:25:23,056] Trial 42 finished with value: 462.2376708984375 and parameters: {'gradient_clip_val': 0.17458336195634014, 'hidden_size': 16, 'dropout': 0.2134215322022156, 'hidden_continuous_size': 8, 'attention_head_size': 1, 'learning_rate': 0.006650602206077574}. Best is trial 0 with value: 112.2305679321289.
