[I 2023-12-27 11:21:00,570] Trial 41 finished with value: 3.396247148513794 and parameters: {'gradient_clip_val': 0.2363064290682997, 'hidden_size': 39, 'dropout': 0.20028083587987483, 'hidden_continuous_size': 11, 'attention_head_size': 3, 'learning_rate': 0.0026873670623380943}. Best is trial 0 with value: 0.2403983473777771.
[I 2023-12-27 11:21:01,064] Trial 42 finished with value: 3.576744794845581 and parameters: {'gradient_clip_val': 0.22014429111498512, 'hidden_size': 87, 'dropout': 0.18232812866570752, 'hidden_continuous_size': 16, 'attention_head_size': 3, 'learning_rate': 0.0031883161830932464}. Best is trial 0 with value: 0.2403983473777771.
[I 2023-12-27 11:21:01,506] Trial 43 finished with value: 3.860881805419922 and parameters: {'gradient_clip_val': 0.2728937767675167, 'hidden_size': 64, 'dropout': 0.14376331925635435, 'hidden_continuous_size': 11, 'attention_head_size': 3, 'learning_rate': 0.0019857074191354427}. Best is trial 0 with value: 0.2403983473777771.
[I 2023-12-27 11:21:01,878] Trial 44 finished with value: 3.9339253902435303 and parameters: {'gradient_clip_val': 0.3143454144814098, 'hidden_size': 17, 'dropout': 0.11958848521788454, 'hidden_continuous_size': 10, 'attention_head_size': 3, 'learning_rate': 0.004102496937270642}. Best is trial 0 with value: 0.2403983473777771.
[I 2023-12-27 11:21:02,505] Trial 45 finished with value: 3.421720504760742 and parameters: {'gradient_clip_val': 0.23972290496252938, 'hidden_size': 133, 'dropout': 0.21883236258631594, 'hidden_continuous_size': 123, 'attention_head_size': 2, 'learning_rate': 0.0032292161675085305}. Best is trial 0 with value: 0.2403983473777771.
[I 2023-12-27 11:21:02,991] Trial 46 finished with value: 4.492787837982178 and parameters: {'gradient_clip_val': 0.20274382328351442, 'hidden_size': 94, 'dropout': 0.1632684856952889, 'hidden_continuous_size': 18, 'attention_head_size': 4, 'learning_rate': 0.004774957145750471}. Best is trial 0 with value: 0.2403983473777771.
[I 2023-12-27 11:21:03,534] Trial 47 finished with value: 3.4251492023468018 and parameters: {'gradient_clip_val': 0.10131071377395363, 'hidden_size': 119, 'dropout': 0.1945946717194883, 'hidden_continuous_size': 14, 'attention_head_size': 3, 'learning_rate': 0.0018045890172970524}. Best is trial 0 with value: 0.2403983473777771.
[I 2023-12-27 11:21:03,998] Trial 48 finished with value: 3.726106882095337 and parameters: {'gradient_clip_val': 0.287149683039953, 'hidden_size': 77, 'dropout': 0.24666377350305224, 'hidden_continuous_size': 15, 'attention_head_size': 4, 'learning_rate': 0.004650382408280403}. Best is trial 0 with value: 0.2403983473777771.
[I 2023-12-27 11:21:04,427] Trial 49 finished with value: 4.145820140838623 and parameters: {'gradient_clip_val': 0.16714777788696558, 'hidden_size': 55, 'dropout': 0.1139278948818119, 'hidden_continuous_size': 12, 'attention_head_size': 2, 'learning_rate': 0.003111845069767575}. Best is trial 0 with value: 0.2403983473777771.
[I 2023-12-27 11:21:04,539] A new study created in memory with name: no-name-34c1d971-99c5-4adf-8c77-8694395ec177
/home/le004/conda/anaconda3/envs/tsff_env/lib/python3.9/site-packages/lightning/fabric/plugins/environments/slurm.py:191: The `srun` command is available on your system but is not used. HINT: If your intention is to run Lightning on SLURM, prepend your python command with `srun` like so: srun python /home/le004/master_thesis/git/TSFusionForecast/code/ ...
[I 2023-12-27 11:21:35,681] Trial 0 finished with value: 0.8482046127319336 and parameters: {'gradient_clip_val': 0.5807080101091712, 'hidden_size': 24, 'dropout': 0.3191130842864732, 'hidden_continuous_size': 6, 'attention_head_size': 1, 'learning_rate': 0.001080983760152367}. Best is trial 0 with value: 0.8482046127319336.
[I 2023-12-27 11:22:19,003] Trial 1 finished with value: 0.08928132802248001 and parameters: {'gradient_clip_val': 0.4317948426749931, 'hidden_size': 74, 'dropout': 0.4251555326501433, 'hidden_continuous_size': 56, 'attention_head_size': 3, 'learning_rate': 0.039197168294894474}. Best is trial 1 with value: 0.08928132802248001.
[I 2023-12-27 11:22:19,405] Trial 2 finished with value: 3.5315840244293213 and parameters: {'gradient_clip_val': 0.33064352569668815, 'hidden_size': 53, 'dropout': 0.14446211661835098, 'hidden_continuous_size': 7, 'attention_head_size': 2, 'learning_rate': 0.04741493366308929}. Best is trial 1 with value: 0.08928132802248001.
[I 2023-12-27 11:22:19,877] Trial 3 finished with value: 3.744222402572632 and parameters: {'gradient_clip_val': 0.10256111241053441, 'hidden_size': 76, 'dropout': 0.13095818618058497, 'hidden_continuous_size': 69, 'attention_head_size': 2, 'learning_rate': 0.0008908923787952388}. Best is trial 1 with value: 0.08928132802248001.
[I 2023-12-27 11:22:20,252] Trial 4 finished with value: 4.042661190032959 and parameters: {'gradient_clip_val': 0.22974723878461956, 'hidden_size': 39, 'dropout': 0.2648306272018378, 'hidden_continuous_size': 9, 'attention_head_size': 2, 'learning_rate': 0.008524536205809636}. Best is trial 1 with value: 0.08928132802248001.
[I 2023-12-27 11:22:20,717] Trial 5 finished with value: 3.671083688735962 and parameters: {'gradient_clip_val': 0.9144702093333903, 'hidden_size': 87, 'dropout': 0.26777063680671304, 'hidden_continuous_size': 28, 'attention_head_size': 1, 'learning_rate': 0.01062791510896661}. Best is trial 1 with value: 0.08928132802248001.
[I 2023-12-27 11:22:21,133] Trial 6 finished with value: 3.831050157546997 and parameters: {'gradient_clip_val': 0.2697238410204826, 'hidden_size': 75, 'dropout': 0.4451544324496908, 'hidden_continuous_size': 6, 'attention_head_size': 1, 'learning_rate': 0.006802107553721046}. Best is trial 1 with value: 0.08928132802248001.
[I 2023-12-27 11:22:21,519] Trial 7 finished with value: 2.583714008331299 and parameters: {'gradient_clip_val': 0.19687986158178297, 'hidden_size': 36, 'dropout': 0.4543825026199313, 'hidden_continuous_size': 21, 'attention_head_size': 1, 'learning_rate': 0.020786764693759542}. Best is trial 1 with value: 0.08928132802248001.
[I 2023-12-27 11:22:21,879] Trial 8 finished with value: 3.6675941944122314 and parameters: {'gradient_clip_val': 0.1572715239282464, 'hidden_size': 10, 'dropout': 0.35814798947780124, 'hidden_continuous_size': 5, 'attention_head_size': 4, 'learning_rate': 0.01659387741873987}. Best is trial 1 with value: 0.08928132802248001.
[I 2023-12-27 11:22:22,424] Trial 9 finished with value: 2.878507375717163 and parameters: {'gradient_clip_val': 0.912511051075573, 'hidden_size': 117, 'dropout': 0.14577083844865657, 'hidden_continuous_size': 60, 'attention_head_size': 4, 'learning_rate': 0.0015211206659974537}. Best is trial 1 with value: 0.08928132802248001.
[I 2023-12-27 11:22:23,067] Trial 10 finished with value: 3.1821038722991943 and parameters: {'gradient_clip_val': 0.41369461468823376, 'hidden_size': 131, 'dropout': 0.48072367110611397, 'hidden_continuous_size': 129, 'attention_head_size': 3, 'learning_rate': 0.09155431304969944}. Best is trial 1 with value: 0.08928132802248001.
[I 2023-12-27 11:22:23,702] Trial 11 finished with value: 3.9073684215545654 and parameters: {'gradient_clip_val': 0.5250642498713531, 'hidden_size': 21, 'dropout': 0.3593171999334352, 'hidden_continuous_size': 5, 'attention_head_size': 3, 'learning_rate': 0.0028089493932434376}. Best is trial 1 with value: 0.08928132802248001.
[I 2023-12-27 11:22:24,085] Trial 12 finished with value: 4.125192642211914 and parameters: {'gradient_clip_val': 0.6007708459623002, 'hidden_size': 20, 'dropout': 0.3780808204369704, 'hidden_continuous_size': 7, 'attention_head_size': 3, 'learning_rate': 0.0029512987249408176}. Best is trial 1 with value: 0.08928132802248001.
[I 2023-12-27 11:22:24,431] Trial 13 finished with value: 4.715073108673096 and parameters: {'gradient_clip_val': 0.5635601056569669, 'hidden_size': 5, 'dropout': 0.4986036128253196, 'hidden_continuous_size': 5, 'attention_head_size': 3, 'learning_rate': 0.0007956960958311233}. Best is trial 1 with value: 0.08928132802248001.
[I 2023-12-27 11:22:24,836] Trial 14 finished with value: 2.6799957752227783 and parameters: {'gradient_clip_val': 0.40741940304924673, 'hidden_size': 29, 'dropout': 0.3931439659321387, 'hidden_continuous_size': 10, 'attention_head_size': 2, 'learning_rate': 0.031022707829058672}. Best is trial 1 with value: 0.08928132802248001.
[I 2023-12-27 11:22:25,270] Trial 15 finished with value: 3.470640182495117 and parameters: {'gradient_clip_val': 0.6811482048685504, 'hidden_size': 53, 'dropout': 0.42541801653325584, 'hidden_continuous_size': 13, 'attention_head_size': 4, 'learning_rate': 0.0005836331001202529}. Best is trial 1 with value: 0.08928132802248001.
[I 2023-12-27 11:22:25,638] Trial 16 finished with value: 4.834211349487305 and parameters: {'gradient_clip_val': 0.3737302925469009, 'hidden_size': 16, 'dropout': 0.3105391744111586, 'hidden_continuous_size': 6, 'attention_head_size': 1, 'learning_rate': 0.004324072755953855}. Best is trial 1 with value: 0.08928132802248001.
[I 2023-12-27 11:22:26,051] Trial 17 finished with value: 2.592040777206421 and parameters: {'gradient_clip_val': 0.4640751514985377, 'hidden_size': 42, 'dropout': 0.32553991070653565, 'hidden_continuous_size': 11, 'attention_head_size': 2, 'learning_rate': 0.0015896673991990615}. Best is trial 1 with value: 0.08928132802248001.
[I 2023-12-27 11:22:26,449] Trial 18 finished with value: 3.9635934829711914 and parameters: {'gradient_clip_val': 0.6986865930274516, 'hidden_size': 29, 'dropout': 0.4083398217747462, 'hidden_continuous_size': 8, 'attention_head_size': 3, 'learning_rate': 0.08925641104425361}. Best is trial 1 with value: 0.08928132802248001.
[I 2023-12-27 11:22:27,045] Trial 19 finished with value: 4.378342151641846 and parameters: {'gradient_clip_val': 0.4598786490009166, 'hidden_size': 142, 'dropout': 0.4493545704742955, 'hidden_continuous_size': 23, 'attention_head_size': 4, 'learning_rate': 0.013101284562752676}. Best is trial 1 with value: 0.08928132802248001.
[I 2023-12-27 11:22:27,417] Trial 20 finished with value: 3.0226666927337646 and parameters: {'gradient_clip_val': 0.33048614067858373, 'hidden_size': 13, 'dropout': 0.26886526866530425, 'hidden_continuous_size': 6, 'attention_head_size': 1, 'learning_rate': 0.023697315028545805}. Best is trial 1 with value: 0.08928132802248001.
[I 2023-12-27 11:22:27,838] Trial 21 finished with value: 3.715639352798462 and parameters: {'gradient_clip_val': 0.23306561803742898, 'hidden_size': 35, 'dropout': 0.46146029229155844, 'hidden_continuous_size': 13, 'attention_head_size': 1, 'learning_rate': 0.020232410742185812}. Best is trial 1 with value: 0.08928132802248001.
[I 2023-12-27 11:22:28,249] Trial 22 finished with value: 3.685598611831665 and parameters: {'gradient_clip_val': 0.18111194189159546, 'hidden_size': 52, 'dropout': 0.42539286722433467, 'hidden_continuous_size': 17, 'attention_head_size': 1, 'learning_rate': 0.032635430594238624}. Best is trial 1 with value: 0.08928132802248001.
[I 2023-12-27 11:22:28,633] Trial 23 finished with value: 3.3231277465820312 and parameters: {'gradient_clip_val': 0.28238949649654355, 'hidden_size': 27, 'dropout': 0.49882539139415755, 'hidden_continuous_size': 8, 'attention_head_size': 2, 'learning_rate': 0.05434396993035284}. Best is trial 1 with value: 0.08928132802248001.
[I 2023-12-27 11:22:29,288] Trial 24 finished with value: 4.219120502471924 and parameters: {'gradient_clip_val': 0.35043562005448947, 'hidden_size': 65, 'dropout': 0.45749205986924085, 'hidden_continuous_size': 19, 'attention_head_size': 1, 'learning_rate': 0.013522327815516403}. Best is trial 1 with value: 0.08928132802248001.
[I 2023-12-27 11:22:29,700] Trial 25 finished with value: 2.8553435802459717 and parameters: {'gradient_clip_val': 0.472493160707446, 'hidden_size': 38, 'dropout': 0.4097792009605735, 'hidden_continuous_size': 11, 'attention_head_size': 2, 'learning_rate': 0.0069925726057902034}. Best is trial 1 with value: 0.08928132802248001.
[I 2023-12-27 11:22:30,175] Trial 26 finished with value: 4.020987510681152 and parameters: {'gradient_clip_val': 0.7021555995524079, 'hidden_size': 96, 'dropout': 0.37254533084339025, 'hidden_continuous_size': 31, 'attention_head_size': 3, 'learning_rate': 0.019690219025567213}. Best is trial 1 with value: 0.08928132802248001.
[I 2023-12-27 11:22:30,668] Trial 27 finished with value: 3.9126081466674805 and parameters: {'gradient_clip_val': 0.40617642880149196, 'hidden_size': 104, 'dropout': 0.34375951317350445, 'hidden_continuous_size': 36, 'attention_head_size': 1, 'learning_rate': 0.032041524440391586}. Best is trial 1 with value: 0.08928132802248001.
[I 2023-12-27 11:22:31,120] Trial 28 finished with value: 3.67781925201416 and parameters: {'gradient_clip_val': 0.29376816994897414, 'hidden_size': 67, 'dropout': 0.3886147892400927, 'hidden_continuous_size': 17, 'attention_head_size': 2, 'learning_rate': 0.0005058761711998605}. Best is trial 1 with value: 0.08928132802248001.
[I 2023-12-27 11:22:31,536] Trial 29 finished with value: 3.2711784839630127 and parameters: {'gradient_clip_val': 0.3412118985670705, 'hidden_size': 47, 'dropout': 0.4257963361102974, 'hidden_continuous_size': 14, 'attention_head_size': 1, 'learning_rate': 0.040248450348336864}. Best is trial 1 with value: 0.08928132802248001.
[I 2023-12-27 11:22:31,956] Trial 30 finished with value: 2.9424049854278564 and parameters: {'gradient_clip_val': 0.5145255037781683, 'hidden_size': 64, 'dropout': 0.4706362402183256, 'hidden_continuous_size': 22, 'attention_head_size': 2, 'learning_rate': 0.05305189763391614}. Best is trial 1 with value: 0.08928132802248001.
[I 2023-12-27 11:22:32,356] Trial 31 finished with value: 2.8445022106170654 and parameters: {'gradient_clip_val': 0.465140458755297, 'hidden_size': 44, 'dropout': 0.3336385334692959, 'hidden_continuous_size': 11, 'attention_head_size': 2, 'learning_rate': 0.0017231798685792674}. Best is trial 1 with value: 0.08928132802248001.
[I 2023-12-27 11:22:32,741] Trial 32 finished with value: 4.2484846115112305 and parameters: {'gradient_clip_val': 0.6216179574724899, 'hidden_size': 36, 'dropout': 0.3193198706034388, 'hidden_continuous_size': 15, 'attention_head_size': 1, 'learning_rate': 0.0010396391017889542}. Best is trial 1 with value: 0.08928132802248001.
[I 2023-12-27 11:22:33,157] Trial 33 finished with value: 3.029186487197876 and parameters: {'gradient_clip_val': 0.377794983895115, 'hidden_size': 59, 'dropout': 0.29440545990679085, 'hidden_continuous_size': 9, 'attention_head_size': 2, 'learning_rate': 0.0014273815394004775}. Best is trial 1 with value: 0.08928132802248001.
[I 2023-12-27 11:22:33,582] Trial 34 finished with value: 3.5988447666168213 and parameters: {'gradient_clip_val': 0.11210750549338352, 'hidden_size': 44, 'dropout': 0.3461826690990649, 'hidden_continuous_size': 10, 'attention_head_size': 3, 'learning_rate': 0.0009696288102376025}. Best is trial 1 with value: 0.08928132802248001.
[I 2023-12-27 11:22:34,054] Trial 35 finished with value: 4.192941665649414 and parameters: {'gradient_clip_val': 0.3138506454602927, 'hidden_size': 83, 'dropout': 0.2928754062045952, 'hidden_continuous_size': 12, 'attention_head_size': 2, 'learning_rate': 0.008986727657612058}. Best is trial 1 with value: 0.08928132802248001.
[I 2023-12-27 11:22:34,439] Trial 36 finished with value: 3.0241758823394775 and parameters: {'gradient_clip_val': 0.4332870243622723, 'hidden_size': 33, 'dropout': 0.23312548971287844, 'hidden_continuous_size': 12, 'attention_head_size': 1, 'learning_rate': 0.005190249224370818}. Best is trial 1 with value: 0.08928132802248001.
[I 2023-12-27 11:22:34,872] Trial 37 finished with value: 3.0325562953948975 and parameters: {'gradient_clip_val': 0.24695822864143416, 'hidden_size': 74, 'dropout': 0.4374965191869868, 'hidden_continuous_size': 7, 'attention_head_size': 1, 'learning_rate': 0.0006783288660182275}. Best is trial 1 with value: 0.08928132802248001.
[I 2023-12-27 11:22:35,491] Trial 38 finished with value: 4.682753086090088 and parameters: {'gradient_clip_val': 0.1967680315429423, 'hidden_size': 24, 'dropout': 0.3689291338194134, 'hidden_continuous_size': 9, 'attention_head_size': 2, 'learning_rate': 0.00983707432666903}. Best is trial 1 with value: 0.08928132802248001.
[I 2023-12-27 11:22:35,895] Trial 39 finished with value: 3.9732844829559326 and parameters: {'gradient_clip_val': 0.5033478985029787, 'hidden_size': 42, 'dropout': 0.40961132847832277, 'hidden_continuous_size': 15, 'attention_head_size': 3, 'learning_rate': 0.0012481463584172827}. Best is trial 1 with value: 0.08928132802248001.
[I 2023-12-27 11:22:36,335] Trial 40 finished with value: 3.27736496925354 and parameters: {'gradient_clip_val': 0.7931520207068001, 'hidden_size': 51, 'dropout': 0.4814053948579097, 'hidden_continuous_size': 22, 'attention_head_size': 1, 'learning_rate': 0.0017768295667066564}. Best is trial 1 with value: 0.08928132802248001.
[I 2023-12-27 11:22:36,731] Trial 41 finished with value: 3.4070241451263428 and parameters: {'gradient_clip_val': 0.4037583296103592, 'hidden_size': 31, 'dropout': 0.39006866149235275, 'hidden_continuous_size': 10, 'attention_head_size': 2, 'learning_rate': 0.025942847580421376}. Best is trial 1 with value: 0.08928132802248001.
[I 2023-12-27 11:22:37,119] Trial 42 finished with value: 3.6541531085968018 and parameters: {'gradient_clip_val': 0.5633539124929117, 'hidden_size': 27, 'dropout': 0.3873863428915944, 'hidden_continuous_size': 10, 'attention_head_size': 2, 'learning_rate': 0.014900063008286847}. Best is trial 1 with value: 0.08928132802248001.
[I 2023-12-27 11:22:37,497] Trial 43 finished with value: 4.298720359802246 and parameters: {'gradient_clip_val': 0.41364268807667803, 'hidden_size': 24, 'dropout': 0.3604206595175549, 'hidden_continuous_size': 11, 'attention_head_size': 3, 'learning_rate': 0.002287249324491611}. Best is trial 1 with value: 0.08928132802248001.
[I 2023-12-27 11:22:37,892] Trial 44 finished with value: 2.9896419048309326 and parameters: {'gradient_clip_val': 0.5147604310995114, 'hidden_size': 37, 'dropout': 0.32726303128875417, 'hidden_continuous_size': 14, 'attention_head_size': 2, 'learning_rate': 0.000720730816175955}. Best is trial 1 with value: 0.08928132802248001.
[I 2023-12-27 11:22:38,265] Trial 45 finished with value: 2.8696482181549072 and parameters: {'gradient_clip_val': 0.36844185996995876, 'hidden_size': 32, 'dropout': 0.4457371763506358, 'hidden_continuous_size': 8, 'attention_head_size': 3, 'learning_rate': 0.0012186243603052934}. Best is trial 1 with value: 0.08928132802248001.
[I 2023-12-27 11:22:38,641] Trial 46 finished with value: 4.498436450958252 and parameters: {'gradient_clip_val': 0.3021843266324499, 'hidden_size': 22, 'dropout': 0.3980762061513025, 'hidden_continuous_size': 5, 'attention_head_size': 2, 'learning_rate': 0.017126030141704635}. Best is trial 1 with value: 0.08928132802248001.
[I 2023-12-27 11:22:39,002] Trial 47 finished with value: 4.004987716674805 and parameters: {'gradient_clip_val': 0.44893262802185463, 'hidden_size': 19, 'dropout': 0.34587419391342533, 'hidden_continuous_size': 8, 'attention_head_size': 1, 'learning_rate': 0.003615731453299233}. Best is trial 1 with value: 0.08928132802248001.
[I 2023-12-27 11:22:39,421] Trial 48 finished with value: 3.176508665084839 and parameters: {'gradient_clip_val': 0.2540907955298685, 'hidden_size': 28, 'dropout': 0.37238278883554266, 'hidden_continuous_size': 12, 'attention_head_size': 4, 'learning_rate': 0.0008386833720352373}. Best is trial 1 with value: 0.08928132802248001.
[I 2023-12-27 11:22:39,885] Trial 49 finished with value: 4.369929313659668 and parameters: {'gradient_clip_val': 0.5770682916428911, 'hidden_size': 54, 'dropout': 0.42560320080220315, 'hidden_continuous_size': 36, 'attention_head_size': 3, 'learning_rate': 0.005169450147645296}. Best is trial 1 with value: 0.08928132802248001.
[I 2023-12-27 11:22:39,992] A new study created in memory with name: no-name-c9a40116-6617-40ef-9b76-d996369ab36c
/home/le004/conda/anaconda3/envs/tsff_env/lib/python3.9/site-packages/lightning/fabric/plugins/environments/slurm.py:191: The `srun` command is available on your system but is not used. HINT: If your intention is to run Lightning on SLURM, prepend your python command with `srun` like so: srun python /home/le004/master_thesis/git/TSFusionForecast/code/ ...
[I 2023-12-27 11:23:11,967] Trial 0 finished with value: 0.9860809445381165 and parameters: {'gradient_clip_val': 0.36766592703864315, 'hidden_size': 17, 'dropout': 0.34849200338874464, 'hidden_continuous_size': 5, 'attention_head_size': 4, 'learning_rate': 0.0011030219055571222}. Best is trial 0 with value: 0.9860809445381165.
[I 2023-12-27 11:23:53,123] Trial 1 finished with value: 0.12256196141242981 and parameters: {'gradient_clip_val': 0.8434777008989656, 'hidden_size': 55, 'dropout': 0.3046964989090227, 'hidden_continuous_size': 46, 'attention_head_size': 2, 'learning_rate': 0.0029071126962988978}. Best is trial 1 with value: 0.12256196141242981.
[I 2023-12-27 11:24:12,736] Trial 2 finished with value: 0.9745871424674988 and parameters: {'gradient_clip_val': 0.2403760414736844, 'hidden_size': 149, 'dropout': 0.2137900178937273, 'hidden_continuous_size': 8, 'attention_head_size': 4, 'learning_rate': 0.0011284420596926873}. Best is trial 1 with value: 0.12256196141242981.
[I 2023-12-27 11:24:13,112] Trial 3 finished with value: 2.7788727283477783 and parameters: {'gradient_clip_val': 0.29433591937351117, 'hidden_size': 21, 'dropout': 0.15685019192580063, 'hidden_continuous_size': 20, 'attention_head_size': 2, 'learning_rate': 0.0008652173121323058}. Best is trial 1 with value: 0.12256196141242981.
