[I 2023-12-27 11:13:11,499] Trial 25 finished with value: 4.427340507507324 and parameters: {'gradient_clip_val': 0.6448529804186517, 'hidden_size': 9, 'dropout': 0.4220552256748523, 'hidden_continuous_size': 6, 'attention_head_size': 3, 'learning_rate': 0.051876975309524696}. Best is trial 0 with value: 0.23646067082881927.
[I 2023-12-27 11:13:11,872] Trial 26 finished with value: 3.9495627880096436 and parameters: {'gradient_clip_val': 0.8316755619573493, 'hidden_size': 8, 'dropout': 0.3852988575892894, 'hidden_continuous_size': 5, 'attention_head_size': 4, 'learning_rate': 0.014094520141240062}. Best is trial 0 with value: 0.23646067082881927.
[I 2023-12-27 11:13:12,254] Trial 27 finished with value: 3.2164275646209717 and parameters: {'gradient_clip_val': 0.3935929185630478, 'hidden_size': 14, 'dropout': 0.34388274918682654, 'hidden_continuous_size': 7, 'attention_head_size': 3, 'learning_rate': 0.024959610754391785}. Best is trial 0 with value: 0.23646067082881927.
[I 2023-12-27 11:13:12,586] Trial 28 finished with value: 3.8650150299072266 and parameters: {'gradient_clip_val': 0.5914149268735747, 'hidden_size': 5, 'dropout': 0.2671147397601422, 'hidden_continuous_size': 5, 'attention_head_size': 4, 'learning_rate': 0.007514251464907731}. Best is trial 0 with value: 0.23646067082881927.
[I 2023-12-27 11:13:12,962] Trial 29 finished with value: 3.0759401321411133 and parameters: {'gradient_clip_val': 0.6923993755250789, 'hidden_size': 11, 'dropout': 0.3012636848632829, 'hidden_continuous_size': 6, 'attention_head_size': 4, 'learning_rate': 0.051574313669652636}. Best is trial 0 with value: 0.23646067082881927.
[I 2023-12-27 11:13:13,547] Trial 30 finished with value: 3.656222343444824 and parameters: {'gradient_clip_val': 0.5321717116664063, 'hidden_size': 7, 'dropout': 0.1107432757155147, 'hidden_continuous_size': 5, 'attention_head_size': 3, 'learning_rate': 0.07568944899442051}. Best is trial 0 with value: 0.23646067082881927.
[I 2023-12-27 11:13:13,914] Trial 31 finished with value: 3.873638153076172 and parameters: {'gradient_clip_val': 0.7133830902963862, 'hidden_size': 16, 'dropout': 0.30248682767579055, 'hidden_continuous_size': 7, 'attention_head_size': 4, 'learning_rate': 0.06286173647067002}. Best is trial 0 with value: 0.23646067082881927.
[I 2023-12-27 11:13:14,289] Trial 32 finished with value: 3.1839592456817627 and parameters: {'gradient_clip_val': 0.8907016819267761, 'hidden_size': 11, 'dropout': 0.3384525579236505, 'hidden_continuous_size': 6, 'attention_head_size': 4, 'learning_rate': 0.032097456355013466}. Best is trial 0 with value: 0.23646067082881927.
[I 2023-12-27 11:13:14,669] Trial 33 finished with value: 4.266180992126465 and parameters: {'gradient_clip_val': 0.7321771352341587, 'hidden_size': 12, 'dropout': 0.29956439444962246, 'hidden_continuous_size': 6, 'attention_head_size': 4, 'learning_rate': 0.05205420489916298}. Best is trial 0 with value: 0.23646067082881927.
[I 2023-12-27 11:13:15,101] Trial 34 finished with value: 3.471935987472534 and parameters: {'gradient_clip_val': 0.6166267149127928, 'hidden_size': 27, 'dropout': 0.25528739952533697, 'hidden_continuous_size': 12, 'attention_head_size': 4, 'learning_rate': 0.01816658772882358}. Best is trial 0 with value: 0.23646067082881927.
[I 2023-12-27 11:13:15,490] Trial 35 finished with value: 2.6332929134368896 and parameters: {'gradient_clip_val': 0.8331295028927872, 'hidden_size': 9, 'dropout': 0.22960371355703135, 'hidden_continuous_size': 6, 'attention_head_size': 3, 'learning_rate': 0.08994103799927688}. Best is trial 0 with value: 0.23646067082881927.
[I 2023-12-27 11:13:15,860] Trial 36 finished with value: 4.144017696380615 and parameters: {'gradient_clip_val': 0.8491408135531815, 'hidden_size': 8, 'dropout': 0.2202989116730621, 'hidden_continuous_size': 6, 'attention_head_size': 3, 'learning_rate': 0.08050206044918547}. Best is trial 0 with value: 0.23646067082881927.
[I 2023-12-27 11:13:16,225] Trial 37 finished with value: 3.5075721740722656 and parameters: {'gradient_clip_val': 0.9851826180537558, 'hidden_size': 7, 'dropout': 0.18660378135663078, 'hidden_continuous_size': 5, 'attention_head_size': 2, 'learning_rate': 0.09913535115301898}. Best is trial 0 with value: 0.23646067082881927.
[I 2023-12-27 11:13:16,589] Trial 38 finished with value: 3.613950729370117 and parameters: {'gradient_clip_val': 0.3313193894055107, 'hidden_size': 6, 'dropout': 0.20708185950796756, 'hidden_continuous_size': 5, 'attention_head_size': 3, 'learning_rate': 0.014123148013378098}. Best is trial 0 with value: 0.23646067082881927.
[I 2023-12-27 11:13:16,964] Trial 39 finished with value: 3.472811460494995 and parameters: {'gradient_clip_val': 0.5731427846678209, 'hidden_size': 9, 'dropout': 0.23010828853346926, 'hidden_continuous_size': 6, 'attention_head_size': 2, 'learning_rate': 0.06452548491917637}. Best is trial 0 with value: 0.23646067082881927.
[I 2023-12-27 11:13:17,338] Trial 40 finished with value: 4.054505825042725 and parameters: {'gradient_clip_val': 0.7627319951887859, 'hidden_size': 17, 'dropout': 0.16659711219571294, 'hidden_continuous_size': 7, 'attention_head_size': 3, 'learning_rate': 0.025252780563317808}. Best is trial 0 with value: 0.23646067082881927.
[I 2023-12-27 11:13:17,740] Trial 41 finished with value: 2.773420572280884 and parameters: {'gradient_clip_val': 0.6673657702326294, 'hidden_size': 12, 'dropout': 0.24920953543013205, 'hidden_continuous_size': 7, 'attention_head_size': 4, 'learning_rate': 0.043336095585698224}. Best is trial 0 with value: 0.23646067082881927.
[I 2023-12-27 11:13:18,123] Trial 42 finished with value: 3.6302101612091064 and parameters: {'gradient_clip_val': 0.6517682127174904, 'hidden_size': 13, 'dropout': 0.2426384202716237, 'hidden_continuous_size': 7, 'attention_head_size': 4, 'learning_rate': 0.03731705478677503}. Best is trial 0 with value: 0.23646067082881927.
[I 2023-12-27 11:13:18,725] Trial 43 finished with value: 4.343232154846191 and parameters: {'gradient_clip_val': 0.8948864478839911, 'hidden_size': 21, 'dropout': 0.25925213240378275, 'hidden_continuous_size': 9, 'attention_head_size': 3, 'learning_rate': 0.09854463675753274}. Best is trial 0 with value: 0.23646067082881927.
[I 2023-12-27 11:13:19,108] Trial 44 finished with value: 3.182262659072876 and parameters: {'gradient_clip_val': 0.526673041273854, 'hidden_size': 15, 'dropout': 0.19935177515898317, 'hidden_continuous_size': 7, 'attention_head_size': 4, 'learning_rate': 0.020253100560202526}. Best is trial 0 with value: 0.23646067082881927.
[I 2023-12-27 11:13:19,485] Trial 45 finished with value: 3.325363874435425 and parameters: {'gradient_clip_val': 0.760484615715324, 'hidden_size': 19, 'dropout': 0.2702572196694667, 'hidden_continuous_size': 13, 'attention_head_size': 3, 'learning_rate': 0.03220670714383074}. Best is trial 0 with value: 0.23646067082881927.
[I 2023-12-27 11:13:19,883] Trial 46 finished with value: 3.5541446208953857 and parameters: {'gradient_clip_val': 0.6876277149685525, 'hidden_size': 29, 'dropout': 0.22472178483181618, 'hidden_continuous_size': 15, 'attention_head_size': 1, 'learning_rate': 0.045401832288886584}. Best is trial 0 with value: 0.23646067082881927.
[I 2023-12-27 11:13:20,260] Trial 47 finished with value: 3.29366397857666 and parameters: {'gradient_clip_val': 0.9323181158208179, 'hidden_size': 12, 'dropout': 0.447023476193945, 'hidden_continuous_size': 9, 'attention_head_size': 4, 'learning_rate': 0.06529267376116371}. Best is trial 0 with value: 0.23646067082881927.
[I 2023-12-27 11:13:20,666] Trial 48 finished with value: 3.9268782138824463 and parameters: {'gradient_clip_val': 0.8054330773249807, 'hidden_size': 36, 'dropout': 0.2828113632136987, 'hidden_continuous_size': 17, 'attention_head_size': 2, 'learning_rate': 0.0028816634532552875}. Best is trial 0 with value: 0.23646067082881927.
[I 2023-12-27 11:13:21,027] Trial 49 finished with value: 2.3654797077178955 and parameters: {'gradient_clip_val': 0.6093407664562333, 'hidden_size': 6, 'dropout': 0.242769633602032, 'hidden_continuous_size': 5, 'attention_head_size': 3, 'learning_rate': 0.01696738918769318}. Best is trial 0 with value: 0.23646067082881927.
[I 2023-12-27 11:13:21,139] A new study created in memory with name: no-name-010ffb69-36d3-4e66-ad19-2d489a61478d
/home/le004/conda/anaconda3/envs/tsff_env/lib/python3.9/site-packages/lightning/fabric/plugins/environments/slurm.py:191: The `srun` command is available on your system but is not used. HINT: If your intention is to run Lightning on SLURM, prepend your python command with `srun` like so: srun python /home/le004/master_thesis/git/TSFusionForecast/code/ ...
[I 2023-12-27 11:13:48,837] Trial 0 finished with value: 2.6827685832977295 and parameters: {'gradient_clip_val': 0.4815245290398683, 'hidden_size': 8, 'dropout': 0.43532069190114353, 'hidden_continuous_size': 8, 'attention_head_size': 2, 'learning_rate': 0.0036701596738378207}. Best is trial 0 with value: 2.6827685832977295.
[I 2023-12-27 11:13:59,389] Trial 1 finished with value: 3.8779382705688477 and parameters: {'gradient_clip_val': 0.10173419151795193, 'hidden_size': 18, 'dropout': 0.47424075118939546, 'hidden_continuous_size': 6, 'attention_head_size': 4, 'learning_rate': 0.0020281673366476546}. Best is trial 0 with value: 2.6827685832977295.
[I 2023-12-27 11:13:59,765] Trial 2 finished with value: 5.107090950012207 and parameters: {'gradient_clip_val': 0.3715408006821237, 'hidden_size': 25, 'dropout': 0.21830829256014744, 'hidden_continuous_size': 7, 'attention_head_size': 4, 'learning_rate': 0.001163623001218473}. Best is trial 0 with value: 2.6827685832977295.
[I 2023-12-27 11:14:00,382] Trial 3 finished with value: 5.712463855743408 and parameters: {'gradient_clip_val': 0.7555780034235648, 'hidden_size': 54, 'dropout': 0.4955086060499817, 'hidden_continuous_size': 12, 'attention_head_size': 3, 'learning_rate': 0.008576488044446122}. Best is trial 0 with value: 2.6827685832977295.
[I 2023-12-27 11:14:00,745] Trial 4 finished with value: 6.3803558349609375 and parameters: {'gradient_clip_val': 0.7247692062826555, 'hidden_size': 22, 'dropout': 0.2718103296370986, 'hidden_continuous_size': 9, 'attention_head_size': 3, 'learning_rate': 0.001017528615557793}. Best is trial 0 with value: 2.6827685832977295.
[I 2023-12-27 11:14:01,145] Trial 5 finished with value: 5.0676445960998535 and parameters: {'gradient_clip_val': 0.32067205298772056, 'hidden_size': 53, 'dropout': 0.4337612222026498, 'hidden_continuous_size': 12, 'attention_head_size': 3, 'learning_rate': 0.022220999282054264}. Best is trial 0 with value: 2.6827685832977295.
[I 2023-12-27 11:14:01,508] Trial 6 finished with value: 5.506733417510986 and parameters: {'gradient_clip_val': 0.34693229756387384, 'hidden_size': 24, 'dropout': 0.21334529656834145, 'hidden_continuous_size': 20, 'attention_head_size': 4, 'learning_rate': 0.03594907277720071}. Best is trial 0 with value: 2.6827685832977295.
[I 2023-12-27 11:14:01,872] Trial 7 finished with value: 5.649714946746826 and parameters: {'gradient_clip_val': 0.959828200632095, 'hidden_size': 10, 'dropout': 0.35285869233376344, 'hidden_continuous_size': 8, 'attention_head_size': 4, 'learning_rate': 0.025144778320460796}. Best is trial 0 with value: 2.6827685832977295.
[I 2023-12-27 11:14:02,215] Trial 8 finished with value: 5.478916645050049 and parameters: {'gradient_clip_val': 0.1795201240951149, 'hidden_size': 7, 'dropout': 0.40436782432065965, 'hidden_continuous_size': 5, 'attention_head_size': 1, 'learning_rate': 0.003132321480828286}. Best is trial 0 with value: 2.6827685832977295.
[I 2023-12-27 11:14:02,614] Trial 9 finished with value: 4.335872173309326 and parameters: {'gradient_clip_val': 0.7926130529182445, 'hidden_size': 64, 'dropout': 0.3009288278974212, 'hidden_continuous_size': 28, 'attention_head_size': 2, 'learning_rate': 0.010670373188132565}. Best is trial 0 with value: 2.6827685832977295.
[I 2023-12-27 11:14:02,942] Trial 10 finished with value: 5.647985458374023 and parameters: {'gradient_clip_val': 0.4797497981306423, 'hidden_size': 5, 'dropout': 0.12632710831984045, 'hidden_continuous_size': 5, 'attention_head_size': 1, 'learning_rate': 0.0820591565130117}. Best is trial 0 with value: 2.6827685832977295.
[I 2023-12-27 11:14:03,304] Trial 11 finished with value: 5.786397933959961 and parameters: {'gradient_clip_val': 0.10101959123881518, 'hidden_size': 12, 'dropout': 0.48972304818637474, 'hidden_continuous_size': 6, 'attention_head_size': 2, 'learning_rate': 0.0032710577458531166}. Best is trial 0 with value: 2.6827685832977295.
[I 2023-12-27 11:14:03,675] Trial 12 finished with value: 4.324143886566162 and parameters: {'gradient_clip_val': 0.21430427429197924, 'hidden_size': 13, 'dropout': 0.42345758388423, 'hidden_continuous_size': 6, 'attention_head_size': 2, 'learning_rate': 0.0005058032305503509}. Best is trial 0 with value: 2.6827685832977295.
[I 2023-12-27 11:14:04,274] Trial 13 finished with value: 4.787872791290283 and parameters: {'gradient_clip_val': 0.1150411041639755, 'hidden_size': 135, 'dropout': 0.4969222247375839, 'hidden_continuous_size': 61, 'attention_head_size': 2, 'learning_rate': 0.0036368395003544326}. Best is trial 0 with value: 2.6827685832977295.
[I 2023-12-27 11:14:04,615] Trial 14 finished with value: 5.632509231567383 and parameters: {'gradient_clip_val': 0.20596442403460063, 'hidden_size': 5, 'dropout': 0.3797224414205334, 'hidden_continuous_size': 5, 'attention_head_size': 3, 'learning_rate': 0.002195844558596195}. Best is trial 0 with value: 2.6827685832977295.
[I 2023-12-27 11:14:04,991] Trial 15 finished with value: 5.430674076080322 and parameters: {'gradient_clip_val': 0.5077450076669145, 'hidden_size': 14, 'dropout': 0.4435120775932645, 'hidden_continuous_size': 6, 'attention_head_size': 1, 'learning_rate': 0.005553101162105239}. Best is trial 0 with value: 2.6827685832977295.
[I 2023-12-27 11:14:05,599] Trial 16 finished with value: 6.0123443603515625 and parameters: {'gradient_clip_val': 0.14852315192923315, 'hidden_size': 9, 'dropout': 0.3558986375627231, 'hidden_continuous_size': 5, 'attention_head_size': 4, 'learning_rate': 0.0016969682082159825}. Best is trial 0 with value: 2.6827685832977295.
[I 2023-12-27 11:14:05,977] Trial 17 finished with value: 5.260630130767822 and parameters: {'gradient_clip_val': 0.21478147471489825, 'hidden_size': 17, 'dropout': 0.4501716612954489, 'hidden_continuous_size': 7, 'attention_head_size': 3, 'learning_rate': 0.00570256625362988}. Best is trial 0 with value: 2.6827685832977295.
[I 2023-12-27 11:14:06,349] Trial 18 finished with value: 6.145571231842041 and parameters: {'gradient_clip_val': 0.2631556490372207, 'hidden_size': 17, 'dropout': 0.3920720505719959, 'hidden_continuous_size': 7, 'attention_head_size': 2, 'learning_rate': 0.0016482774028779542}. Best is trial 0 with value: 2.6827685832977295.
[I 2023-12-27 11:14:06,701] Trial 19 finished with value: 4.622560024261475 and parameters: {'gradient_clip_val': 0.14160306334503783, 'hidden_size': 8, 'dropout': 0.4660777651387026, 'hidden_continuous_size': 5, 'attention_head_size': 1, 'learning_rate': 0.0006638272943801837}. Best is trial 0 with value: 2.6827685832977295.
[I 2023-12-27 11:14:07,073] Trial 20 finished with value: 5.553104400634766 and parameters: {'gradient_clip_val': 0.25593042552445855, 'hidden_size': 7, 'dropout': 0.46067686674403024, 'hidden_continuous_size': 5, 'attention_head_size': 4, 'learning_rate': 0.0008264967254331918}. Best is trial 0 with value: 2.6827685832977295.
[I 2023-12-27 11:14:07,443] Trial 21 finished with value: 5.1788201332092285 and parameters: {'gradient_clip_val': 0.12927217377229686, 'hidden_size': 12, 'dropout': 0.4155245167763934, 'hidden_continuous_size': 6, 'attention_head_size': 2, 'learning_rate': 0.0005781680035226184}. Best is trial 0 with value: 2.6827685832977295.
[I 2023-12-27 11:14:07,802] Trial 22 finished with value: 5.3754706382751465 and parameters: {'gradient_clip_val': 0.15497110293281127, 'hidden_size': 16, 'dropout': 0.42220931367632897, 'hidden_continuous_size': 6, 'attention_head_size': 2, 'learning_rate': 0.0005141426406040523}. Best is trial 0 with value: 2.6827685832977295.
[I 2023-12-27 11:14:08,181] Trial 23 finished with value: 4.874202728271484 and parameters: {'gradient_clip_val': 0.10386866099544081, 'hidden_size': 10, 'dropout': 0.4634698607981644, 'hidden_continuous_size': 6, 'attention_head_size': 2, 'learning_rate': 0.0011344339619770837}. Best is trial 0 with value: 2.6827685832977295.
[I 2023-12-27 11:14:08,563] Trial 24 finished with value: 4.5989508628845215 and parameters: {'gradient_clip_val': 0.17022352289063758, 'hidden_size': 19, 'dropout': 0.42329862668775514, 'hidden_continuous_size': 8, 'attention_head_size': 3, 'learning_rate': 0.0020058593194590933}. Best is trial 0 with value: 2.6827685832977295.
[I 2023-12-27 11:14:08,962] Trial 25 finished with value: 5.8197340965271 and parameters: {'gradient_clip_val': 0.12625591750281626, 'hidden_size': 30, 'dropout': 0.3775499066407375, 'hidden_continuous_size': 10, 'attention_head_size': 2, 'learning_rate': 0.000865700183586878}. Best is trial 0 with value: 2.6827685832977295.
[I 2023-12-27 11:14:09,328] Trial 26 finished with value: 5.428798675537109 and parameters: {'gradient_clip_val': 0.2591968578806846, 'hidden_size': 12, 'dropout': 0.47251515885873147, 'hidden_continuous_size': 6, 'attention_head_size': 1, 'learning_rate': 0.0014580134406481826}. Best is trial 0 with value: 2.6827685832977295.
[I 2023-12-27 11:14:09,697] Trial 27 finished with value: 5.669947147369385 and parameters: {'gradient_clip_val': 0.18994391107862935, 'hidden_size': 6, 'dropout': 0.4384875698259761, 'hidden_continuous_size': 5, 'attention_head_size': 3, 'learning_rate': 0.0022986345181633433}. Best is trial 0 with value: 2.6827685832977295.
[I 2023-12-27 11:14:10,086] Trial 28 finished with value: 5.034378528594971 and parameters: {'gradient_clip_val': 0.11987823051490624, 'hidden_size': 9, 'dropout': 0.498944308135886, 'hidden_continuous_size': 6, 'attention_head_size': 2, 'learning_rate': 0.0007239828290772306}. Best is trial 0 with value: 2.6827685832977295.
[I 2023-12-27 11:14:10,705] Trial 29 finished with value: 4.829522132873535 and parameters: {'gradient_clip_val': 0.41964834795182754, 'hidden_size': 29, 'dropout': 0.40182912914158325, 'hidden_continuous_size': 7, 'attention_head_size': 3, 'learning_rate': 0.0012231563215566068}. Best is trial 0 with value: 2.6827685832977295.
[I 2023-12-27 11:14:11,069] Trial 30 finished with value: 5.354248046875 and parameters: {'gradient_clip_val': 0.37754249473780216, 'hidden_size': 6, 'dropout': 0.44364801858382946, 'hidden_continuous_size': 5, 'attention_head_size': 2, 'learning_rate': 0.0005230847398786199}. Best is trial 0 with value: 2.6827685832977295.
[I 2023-12-27 11:14:11,451] Trial 31 finished with value: 5.845179080963135 and parameters: {'gradient_clip_val': 0.5531107087389796, 'hidden_size': 14, 'dropout': 0.32626518128548365, 'hidden_continuous_size': 7, 'attention_head_size': 2, 'learning_rate': 0.009702106915146256}. Best is trial 0 with value: 2.6827685832977295.
[I 2023-12-27 11:14:11,849] Trial 32 finished with value: 4.477915287017822 and parameters: {'gradient_clip_val': 0.6216517271007661, 'hidden_size': 34, 'dropout': 0.3127007354680755, 'hidden_continuous_size': 18, 'attention_head_size': 2, 'learning_rate': 0.00988521136693464}. Best is trial 0 with value: 2.6827685832977295.
[I 2023-12-27 11:14:12,233] Trial 33 finished with value: 5.13508939743042 and parameters: {'gradient_clip_val': 0.4282027081903616, 'hidden_size': 21, 'dropout': 0.26328648434813373, 'hidden_continuous_size': 8, 'attention_head_size': 2, 'learning_rate': 0.0010667934430548863}. Best is trial 0 with value: 2.6827685832977295.
[I 2023-12-27 11:14:12,639] Trial 34 finished with value: 5.353134632110596 and parameters: {'gradient_clip_val': 0.7331722023571989, 'hidden_size': 44, 'dropout': 0.47374308807018295, 'hidden_continuous_size': 11, 'attention_head_size': 1, 'learning_rate': 0.004735267591033074}. Best is trial 0 with value: 2.6827685832977295.
[I 2023-12-27 11:14:13,027] Trial 35 finished with value: 5.079853534698486 and parameters: {'gradient_clip_val': 0.31210539236212254, 'hidden_size': 23, 'dropout': 0.4181379597551537, 'hidden_continuous_size': 9, 'attention_head_size': 3, 'learning_rate': 0.007194134567382301}. Best is trial 0 with value: 2.6827685832977295.
[I 2023-12-27 11:14:13,406] Trial 36 finished with value: 6.506509304046631 and parameters: {'gradient_clip_val': 0.9349599317543689, 'hidden_size': 19, 'dropout': 0.35130261880321256, 'hidden_continuous_size': 10, 'attention_head_size': 3, 'learning_rate': 0.01107856889249121}. Best is trial 0 with value: 2.6827685832977295.
[I 2023-12-27 11:14:13,860] Trial 37 finished with value: 4.7266459465026855 and parameters: {'gradient_clip_val': 0.8288525612170966, 'hidden_size': 74, 'dropout': 0.38675918460296105, 'hidden_continuous_size': 13, 'attention_head_size': 2, 'learning_rate': 0.0026074711611304034}. Best is trial 0 with value: 2.6827685832977295.
[I 2023-12-27 11:14:14,264] Trial 38 finished with value: 5.047492980957031 and parameters: {'gradient_clip_val': 0.6003982275218148, 'hidden_size': 25, 'dropout': 0.4325079298440914, 'hidden_continuous_size': 9, 'attention_head_size': 4, 'learning_rate': 0.004070294751458666}. Best is trial 0 with value: 2.6827685832977295.
[I 2023-12-27 11:14:14,644] Trial 39 finished with value: 6.850517749786377 and parameters: {'gradient_clip_val': 0.6562960659051371, 'hidden_size': 11, 'dropout': 0.48169106188833416, 'hidden_continuous_size': 7, 'attention_head_size': 4, 'learning_rate': 0.01410016581580205}. Best is trial 0 with value: 2.6827685832977295.
