[I 2023-12-27 11:02:23,234] Trial 38 finished with value: 3.4435176849365234 and parameters: {'gradient_clip_val': 0.3625723816127213, 'hidden_size': 31, 'dropout': 0.31205986787912393, 'hidden_continuous_size': 19, 'attention_head_size': 3, 'learning_rate': 0.0032324157897113386}. Best is trial 1 with value: 0.0766342505812645.
[I 2023-12-27 11:02:23,733] Trial 39 finished with value: 4.131590366363525 and parameters: {'gradient_clip_val': 0.4331088988476386, 'hidden_size': 89, 'dropout': 0.25566251037925336, 'hidden_continuous_size': 62, 'attention_head_size': 4, 'learning_rate': 0.005228868015147625}. Best is trial 1 with value: 0.0766342505812645.
[I 2023-12-27 11:02:24,155] Trial 40 finished with value: 4.5590338706970215 and parameters: {'gradient_clip_val': 0.2949667125306888, 'hidden_size': 56, 'dropout': 0.334201213282738, 'hidden_continuous_size': 46, 'attention_head_size': 1, 'learning_rate': 0.0021579665188884447}. Best is trial 1 with value: 0.0766342505812645.
[I 2023-12-27 11:02:24,534] Trial 41 finished with value: 5.317087650299072 and parameters: {'gradient_clip_val': 0.19364788551501985, 'hidden_size': 10, 'dropout': 0.3838945104716529, 'hidden_continuous_size': 7, 'attention_head_size': 4, 'learning_rate': 0.00057217645808386}. Best is trial 1 with value: 0.0766342505812645.
[I 2023-12-27 11:02:24,933] Trial 42 finished with value: 4.485304355621338 and parameters: {'gradient_clip_val': 0.1561049817059859, 'hidden_size': 23, 'dropout': 0.2830414807435321, 'hidden_continuous_size': 9, 'attention_head_size': 4, 'learning_rate': 0.000792802425100545}. Best is trial 1 with value: 0.0766342505812645.
[I 2023-12-27 11:02:25,315] Trial 43 finished with value: 4.617312908172607 and parameters: {'gradient_clip_val': 0.2554588302613951, 'hidden_size': 12, 'dropout': 0.2091993112937491, 'hidden_continuous_size': 8, 'attention_head_size': 3, 'learning_rate': 0.0013172908208407763}. Best is trial 1 with value: 0.0766342505812645.
[I 2023-12-27 11:02:25,731] Trial 44 finished with value: 4.548423767089844 and parameters: {'gradient_clip_val': 0.22519195717204438, 'hidden_size': 48, 'dropout': 0.2439910603127276, 'hidden_continuous_size': 38, 'attention_head_size': 4, 'learning_rate': 0.0007195508357194689}. Best is trial 1 with value: 0.0766342505812645.
[I 2023-12-27 11:02:26,200] Trial 45 finished with value: 4.444568634033203 and parameters: {'gradient_clip_val': 0.13745939907660334, 'hidden_size': 74, 'dropout': 0.20282206079858772, 'hidden_continuous_size': 52, 'attention_head_size': 4, 'learning_rate': 0.0019599165696771253}. Best is trial 1 with value: 0.0766342505812645.
[I 2023-12-27 11:02:26,765] Trial 46 finished with value: 4.172633171081543 and parameters: {'gradient_clip_val': 0.20702795801193993, 'hidden_size': 126, 'dropout': 0.22920283156593693, 'hidden_continuous_size': 78, 'attention_head_size': 3, 'learning_rate': 0.0013739385936569872}. Best is trial 1 with value: 0.0766342505812645.
[I 2023-12-27 11:02:27,216] Trial 47 finished with value: 5.874039173126221 and parameters: {'gradient_clip_val': 0.2678448231259516, 'hidden_size': 61, 'dropout': 0.2613363623753937, 'hidden_continuous_size': 50, 'attention_head_size': 2, 'learning_rate': 0.009310697398574016}. Best is trial 1 with value: 0.0766342505812645.
[I 2023-12-27 11:02:27,725] Trial 48 finished with value: 4.595674991607666 and parameters: {'gradient_clip_val': 0.18086542485412135, 'hidden_size': 107, 'dropout': 0.17701783369304758, 'hidden_continuous_size': 27, 'attention_head_size': 4, 'learning_rate': 0.0009847485324761312}. Best is trial 1 with value: 0.0766342505812645.
[I 2023-12-27 11:02:28,189] Trial 49 finished with value: 5.482766628265381 and parameters: {'gradient_clip_val': 0.22431889915041436, 'hidden_size': 74, 'dropout': 0.22182191831489437, 'hidden_continuous_size': 56, 'attention_head_size': 2, 'learning_rate': 0.015114839863707681}. Best is trial 1 with value: 0.0766342505812645.
[I 2023-12-27 11:02:28,302] A new study created in memory with name: no-name-691ef309-9f0c-44db-ab7e-be0b9c46151d
/home/le004/conda/anaconda3/envs/tsff_env/lib/python3.9/site-packages/lightning/fabric/plugins/environments/slurm.py:191: The `srun` command is available on your system but is not used. HINT: If your intention is to run Lightning on SLURM, prepend your python command with `srun` like so: srun python /home/le004/master_thesis/git/TSFusionForecast/code/ ...
[I 2023-12-27 11:02:59,304] Trial 0 finished with value: 0.7654266357421875 and parameters: {'gradient_clip_val': 0.2613818191541404, 'hidden_size': 9, 'dropout': 0.19288840896329287, 'hidden_continuous_size': 7, 'attention_head_size': 1, 'learning_rate': 0.0019212599603964735}. Best is trial 0 with value: 0.7654266357421875.
[I 2023-12-27 11:03:27,399] Trial 1 finished with value: 0.1649944931268692 and parameters: {'gradient_clip_val': 0.7343936870138745, 'hidden_size': 6, 'dropout': 0.43728923434160616, 'hidden_continuous_size': 6, 'attention_head_size': 4, 'learning_rate': 0.031539135107832184}. Best is trial 1 with value: 0.1649944931268692.
[I 2023-12-27 11:04:05,143] Trial 2 finished with value: 0.04378103092312813 and parameters: {'gradient_clip_val': 0.14331977692233314, 'hidden_size': 39, 'dropout': 0.2711454353590895, 'hidden_continuous_size': 23, 'attention_head_size': 2, 'learning_rate': 0.05979348068303579}. Best is trial 2 with value: 0.04378103092312813.
[I 2023-12-27 11:04:24,525] Trial 3 finished with value: 0.16436918079853058 and parameters: {'gradient_clip_val': 0.12368226437021194, 'hidden_size': 122, 'dropout': 0.32342439985976623, 'hidden_continuous_size': 62, 'attention_head_size': 4, 'learning_rate': 0.060707380105611594}. Best is trial 2 with value: 0.04378103092312813.
[I 2023-12-27 11:04:24,892] Trial 4 finished with value: 1.182031273841858 and parameters: {'gradient_clip_val': 0.19312256822638013, 'hidden_size': 29, 'dropout': 0.19224590521210733, 'hidden_continuous_size': 13, 'attention_head_size': 3, 'learning_rate': 0.006409981287856334}. Best is trial 2 with value: 0.04378103092312813.
[I 2023-12-27 11:04:25,291] Trial 5 finished with value: 1.4658275842666626 and parameters: {'gradient_clip_val': 0.45578033836070886, 'hidden_size': 59, 'dropout': 0.2840535071074344, 'hidden_continuous_size': 7, 'attention_head_size': 1, 'learning_rate': 0.0018456139729829805}. Best is trial 2 with value: 0.04378103092312813.
[I 2023-12-27 11:04:25,613] Trial 6 finished with value: 1.6536279916763306 and parameters: {'gradient_clip_val': 0.15295683443950714, 'hidden_size': 7, 'dropout': 0.2726538777195676, 'hidden_continuous_size': 7, 'attention_head_size': 4, 'learning_rate': 0.0392392112565241}. Best is trial 2 with value: 0.04378103092312813.
[I 2023-12-27 11:04:26,135] Trial 7 finished with value: 1.302920937538147 and parameters: {'gradient_clip_val': 0.12425520882191206, 'hidden_size': 5, 'dropout': 0.4098424037094256, 'hidden_continuous_size': 5, 'attention_head_size': 4, 'learning_rate': 0.0060939386950817015}. Best is trial 2 with value: 0.04378103092312813.
[I 2023-12-27 11:04:26,505] Trial 8 finished with value: 1.067594051361084 and parameters: {'gradient_clip_val': 0.25857425102240217, 'hidden_size': 32, 'dropout': 0.3019180502081654, 'hidden_continuous_size': 18, 'attention_head_size': 2, 'learning_rate': 0.00268952392060707}. Best is trial 2 with value: 0.04378103092312813.
[I 2023-12-27 11:04:26,906] Trial 9 finished with value: 0.9081863760948181 and parameters: {'gradient_clip_val': 0.23665579542701884, 'hidden_size': 46, 'dropout': 0.12448090380593216, 'hidden_continuous_size': 20, 'attention_head_size': 4, 'learning_rate': 0.0026576416081841286}. Best is trial 2 with value: 0.04378103092312813.
[I 2023-12-27 11:04:27,328] Trial 10 finished with value: 1.3152891397476196 and parameters: {'gradient_clip_val': 0.10835302747794452, 'hidden_size': 15, 'dropout': 0.4633861758917368, 'hidden_continuous_size': 9, 'attention_head_size': 2, 'learning_rate': 0.08464540970581014}. Best is trial 2 with value: 0.04378103092312813.
[I 2023-12-27 11:04:27,934] Trial 11 finished with value: 1.8335860967636108 and parameters: {'gradient_clip_val': 0.10181129074753366, 'hidden_size': 140, 'dropout': 0.35037844723811956, 'hidden_continuous_size': 56, 'attention_head_size': 3, 'learning_rate': 0.09529574453697628}. Best is trial 2 with value: 0.04378103092312813.
[I 2023-12-27 11:04:28,465] Trial 12 finished with value: 1.3568382263183594 and parameters: {'gradient_clip_val': 0.1553200415093694, 'hidden_size': 113, 'dropout': 0.3682972247532479, 'hidden_continuous_size': 44, 'attention_head_size': 2, 'learning_rate': 0.0005256775306006151}. Best is trial 2 with value: 0.04378103092312813.
[I 2023-12-27 11:04:28,934] Trial 13 finished with value: 1.2881165742874146 and parameters: {'gradient_clip_val': 0.1636740375891326, 'hidden_size': 77, 'dropout': 0.48997659955066525, 'hidden_continuous_size': 31, 'attention_head_size': 3, 'learning_rate': 0.02349781567078589}. Best is trial 2 with value: 0.04378103092312813.
[I 2023-12-27 11:04:29,465] Trial 14 finished with value: 1.3542588949203491 and parameters: {'gradient_clip_val': 0.35683276580310075, 'hidden_size': 92, 'dropout': 0.3375153011700577, 'hidden_continuous_size': 87, 'attention_head_size': 2, 'learning_rate': 0.018163126022008997}. Best is trial 2 with value: 0.04378103092312813.
[I 2023-12-27 11:04:29,886] Trial 15 finished with value: 1.364462971687317 and parameters: {'gradient_clip_val': 0.1312684082126261, 'hidden_size': 49, 'dropout': 0.24831370850917595, 'hidden_continuous_size': 29, 'attention_head_size': 3, 'learning_rate': 0.0494418371113533}. Best is trial 2 with value: 0.04378103092312813.
[I 2023-12-27 11:04:30,570] Trial 16 finished with value: 1.350319266319275 and parameters: {'gradient_clip_val': 0.19298072283115605, 'hidden_size': 150, 'dropout': 0.4007485139004525, 'hidden_continuous_size': 100, 'attention_head_size': 1, 'learning_rate': 0.013613902193905137}. Best is trial 2 with value: 0.04378103092312813.
[I 2023-12-27 11:04:30,953] Trial 17 finished with value: 1.2795621156692505 and parameters: {'gradient_clip_val': 0.1021291149132096, 'hidden_size': 20, 'dropout': 0.33228924739816945, 'hidden_continuous_size': 11, 'attention_head_size': 3, 'learning_rate': 0.058114390789336126}. Best is trial 2 with value: 0.04378103092312813.
[I 2023-12-27 11:04:31,406] Trial 18 finished with value: 1.4449267387390137 and parameters: {'gradient_clip_val': 0.13479870600635985, 'hidden_size': 72, 'dropout': 0.24699280590894926, 'hidden_continuous_size': 27, 'attention_head_size': 2, 'learning_rate': 0.05773770579006895}. Best is trial 2 with value: 0.04378103092312813.
[I 2023-12-27 11:04:31,814] Trial 19 finished with value: 1.2333087921142578 and parameters: {'gradient_clip_val': 0.19058721438321718, 'hidden_size': 39, 'dropout': 0.3745307324562458, 'hidden_continuous_size': 17, 'attention_head_size': 1, 'learning_rate': 0.09817519006934397}. Best is trial 2 with value: 0.04378103092312813.
[I 2023-12-27 11:04:32,570] Trial 20 finished with value: 1.5446580648422241 and parameters: {'gradient_clip_val': 0.12359382048200941, 'hidden_size': 93, 'dropout': 0.3208322923292605, 'hidden_continuous_size': 48, 'attention_head_size': 4, 'learning_rate': 0.028351595195518272}. Best is trial 2 with value: 0.04378103092312813.
[I 2023-12-27 11:04:32,964] Trial 21 finished with value: 1.1152421236038208 and parameters: {'gradient_clip_val': 0.947436269554955, 'hidden_size': 22, 'dropout': 0.43673402544857354, 'hidden_continuous_size': 12, 'attention_head_size': 4, 'learning_rate': 0.0335148951159523}. Best is trial 2 with value: 0.04378103092312813.
[I 2023-12-27 11:04:33,359] Trial 22 finished with value: 1.2724355459213257 and parameters: {'gradient_clip_val': 0.5381232568624638, 'hidden_size': 15, 'dropout': 0.49778671320826434, 'hidden_continuous_size': 9, 'attention_head_size': 4, 'learning_rate': 0.04376226424883004}. Best is trial 2 with value: 0.04378103092312813.
[I 2023-12-27 11:04:33,790] Trial 23 finished with value: 1.2150835990905762 and parameters: {'gradient_clip_val': 0.9738754159322831, 'hidden_size': 56, 'dropout': 0.4101099060083827, 'hidden_continuous_size': 21, 'attention_head_size': 3, 'learning_rate': 0.015512786789682405}. Best is trial 2 with value: 0.04378103092312813.
[I 2023-12-27 11:04:34,208] Trial 24 finished with value: 1.294111967086792 and parameters: {'gradient_clip_val': 0.7189907441072788, 'hidden_size': 37, 'dropout': 0.44646668259561934, 'hidden_continuous_size': 15, 'attention_head_size': 4, 'learning_rate': 0.06494433868068936}. Best is trial 2 with value: 0.04378103092312813.
[I 2023-12-27 11:04:34,618] Trial 25 finished with value: 1.4444125890731812 and parameters: {'gradient_clip_val': 0.33782656044906556, 'hidden_size': 26, 'dropout': 0.37420402056028856, 'hidden_continuous_size': 13, 'attention_head_size': 3, 'learning_rate': 0.03414110045366198}. Best is trial 2 with value: 0.04378103092312813.
[I 2023-12-27 11:04:34,983] Trial 26 finished with value: 1.140146255493164 and parameters: {'gradient_clip_val': 0.43915988463148425, 'hidden_size': 11, 'dropout': 0.3082672041283996, 'hidden_continuous_size': 6, 'attention_head_size': 2, 'learning_rate': 0.06888772862914912}. Best is trial 2 with value: 0.04378103092312813.
[I 2023-12-27 11:04:35,441] Trial 27 finished with value: 1.4976788759231567 and parameters: {'gradient_clip_val': 0.29457831481637686, 'hidden_size': 65, 'dropout': 0.39148362371659073, 'hidden_continuous_size': 23, 'attention_head_size': 4, 'learning_rate': 0.022120678472090576}. Best is trial 2 with value: 0.04378103092312813.
[I 2023-12-27 11:04:35,860] Trial 28 finished with value: 1.309847116470337 and parameters: {'gradient_clip_val': 0.6828568262717074, 'hidden_size': 44, 'dropout': 0.34413784043452367, 'hidden_continuous_size': 15, 'attention_head_size': 3, 'learning_rate': 0.048164437821626216}. Best is trial 2 with value: 0.04378103092312813.
[I 2023-12-27 11:04:36,229] Trial 29 finished with value: 1.2439666986465454 and parameters: {'gradient_clip_val': 0.2366058634097876, 'hidden_size': 9, 'dropout': 0.423849136775159, 'hidden_continuous_size': 6, 'attention_head_size': 1, 'learning_rate': 0.02874999252347641}. Best is trial 2 with value: 0.04378103092312813.
[I 2023-12-27 11:04:36,637] Trial 30 finished with value: 1.4798146486282349 and parameters: {'gradient_clip_val': 0.2931314901101152, 'hidden_size': 34, 'dropout': 0.46455119697016434, 'hidden_continuous_size': 10, 'attention_head_size': 4, 'learning_rate': 0.07525107168561074}. Best is trial 2 with value: 0.04378103092312813.
[I 2023-12-27 11:04:36,967] Trial 31 finished with value: 1.2038651704788208 and parameters: {'gradient_clip_val': 0.21061817638580005, 'hidden_size': 5, 'dropout': 0.21508906658519147, 'hidden_continuous_size': 5, 'attention_head_size': 1, 'learning_rate': 0.011486235440138744}. Best is trial 2 with value: 0.04378103092312813.
[I 2023-12-27 11:04:37,363] Trial 32 finished with value: 1.6046062707901 and parameters: {'gradient_clip_val': 0.17455959738832322, 'hidden_size': 28, 'dropout': 0.1816680119787316, 'hidden_continuous_size': 8, 'attention_head_size': 1, 'learning_rate': 0.03910234157587234}. Best is trial 2 with value: 0.04378103092312813.
[I 2023-12-27 11:04:37,949] Trial 33 finished with value: 1.322752594947815 and parameters: {'gradient_clip_val': 0.1467067705995065, 'hidden_size': 6, 'dropout': 0.26840964123383754, 'hidden_continuous_size': 5, 'attention_head_size': 2, 'learning_rate': 0.008187527428047417}. Best is trial 2 with value: 0.04378103092312813.
[I 2023-12-27 11:04:38,310] Trial 34 finished with value: 1.3867524862289429 and parameters: {'gradient_clip_val': 0.1799298750283974, 'hidden_size': 7, 'dropout': 0.29550535381957194, 'hidden_continuous_size': 6, 'attention_head_size': 1, 'learning_rate': 0.022146313270315916}. Best is trial 2 with value: 0.04378103092312813.
[I 2023-12-27 11:04:38,690] Trial 35 finished with value: 1.3448132276535034 and parameters: {'gradient_clip_val': 0.20585885673561052, 'hidden_size': 9, 'dropout': 0.2850976964710947, 'hidden_continuous_size': 7, 'attention_head_size': 4, 'learning_rate': 0.051384257562016485}. Best is trial 2 with value: 0.04378103092312813.
[I 2023-12-27 11:04:39,030] Trial 36 finished with value: 1.3231101036071777 and parameters: {'gradient_clip_val': 0.1506464561539088, 'hidden_size': 5, 'dropout': 0.31625344171965086, 'hidden_continuous_size': 5, 'attention_head_size': 2, 'learning_rate': 0.005074359446189306}. Best is trial 2 with value: 0.04378103092312813.
[I 2023-12-27 11:04:39,459] Trial 37 finished with value: 1.521062970161438 and parameters: {'gradient_clip_val': 0.11937083658139284, 'hidden_size': 58, 'dropout': 0.18699600376473471, 'hidden_continuous_size': 13, 'attention_head_size': 1, 'learning_rate': 0.037792533895254235}. Best is trial 2 with value: 0.04378103092312813.
[I 2023-12-27 11:04:39,868] Trial 38 finished with value: 1.5057220458984375 and parameters: {'gradient_clip_val': 0.2497218039677694, 'hidden_size': 15, 'dropout': 0.2141025118733953, 'hidden_continuous_size': 10, 'attention_head_size': 3, 'learning_rate': 0.09964354902975198}. Best is trial 2 with value: 0.04378103092312813.
[I 2023-12-27 11:04:40,430] Trial 39 finished with value: 1.3947372436523438 and parameters: {'gradient_clip_val': 0.11456989318032067, 'hidden_size': 121, 'dropout': 0.14759080176534944, 'hidden_continuous_size': 33, 'attention_head_size': 4, 'learning_rate': 0.0730106108557914}. Best is trial 2 with value: 0.04378103092312813.
[I 2023-12-27 11:04:40,848] Trial 40 finished with value: 1.3684903383255005 and parameters: {'gradient_clip_val': 0.13927684513065958, 'hidden_size': 31, 'dropout': 0.26913353961728687, 'hidden_continuous_size': 17, 'attention_head_size': 2, 'learning_rate': 0.0015129045325787968}. Best is trial 2 with value: 0.04378103092312813.
[I 2023-12-27 11:04:41,321] Trial 41 finished with value: 1.2487462759017944 and parameters: {'gradient_clip_val': 0.23498702482702039, 'hidden_size': 84, 'dropout': 0.11024941156887426, 'hidden_continuous_size': 20, 'attention_head_size': 4, 'learning_rate': 0.003071652579178771}. Best is trial 2 with value: 0.04378103092312813.
[I 2023-12-27 11:04:41,750] Trial 42 finished with value: 1.1553375720977783 and parameters: {'gradient_clip_val': 0.16702837472368776, 'hidden_size': 46, 'dropout': 0.1611835971742977, 'hidden_continuous_size': 24, 'attention_head_size': 4, 'learning_rate': 0.0013814770953792476}. Best is trial 2 with value: 0.04378103092312813.
[I 2023-12-27 11:04:42,189] Trial 43 finished with value: 1.8196736574172974 and parameters: {'gradient_clip_val': 0.2721927448359573, 'hidden_size': 54, 'dropout': 0.10096465304739811, 'hidden_continuous_size': 19, 'attention_head_size': 4, 'learning_rate': 0.08040382479880323}. Best is trial 2 with value: 0.04378103092312813.
[I 2023-12-27 11:04:42,597] Trial 44 finished with value: 1.388635277748108 and parameters: {'gradient_clip_val': 0.22497213456428872, 'hidden_size': 40, 'dropout': 0.12980842048409952, 'hidden_continuous_size': 14, 'attention_head_size': 4, 'learning_rate': 0.0035611153029225322}. Best is trial 2 with value: 0.04378103092312813.
[I 2023-12-27 11:04:43,150] Trial 45 finished with value: 0.9760774970054626 and parameters: {'gradient_clip_val': 0.16069324861125828, 'hidden_size': 109, 'dropout': 0.3527767582322835, 'hidden_continuous_size': 67, 'attention_head_size': 3, 'learning_rate': 0.0018035000373690842}. Best is trial 2 with value: 0.04378103092312813.
[I 2023-12-27 11:04:43,833] Trial 46 finished with value: 1.47419273853302 and parameters: {'gradient_clip_val': 0.10991904569873295, 'hidden_size': 70, 'dropout': 0.21943427805835802, 'hidden_continuous_size': 35, 'attention_head_size': 3, 'learning_rate': 0.05503285529802647}. Best is trial 2 with value: 0.04378103092312813.
[I 2023-12-27 11:04:44,251] Trial 47 finished with value: 1.188342571258545 and parameters: {'gradient_clip_val': 0.13447579513920804, 'hidden_size': 45, 'dropout': 0.2498200478187822, 'hidden_continuous_size': 26, 'attention_head_size': 2, 'learning_rate': 0.0010808585476423938}. Best is trial 2 with value: 0.04378103092312813.
[I 2023-12-27 11:04:44,709] Trial 48 finished with value: 1.3981270790100098 and parameters: {'gradient_clip_val': 0.20482202075943529, 'hidden_size': 67, 'dropout': 0.175413623485396, 'hidden_continuous_size': 35, 'attention_head_size': 4, 'learning_rate': 0.002160505642358386}. Best is trial 2 with value: 0.04378103092312813.
[I 2023-12-27 11:04:45,200] Trial 49 finished with value: 1.3113987445831299 and parameters: {'gradient_clip_val': 0.3755631218938809, 'hidden_size': 83, 'dropout': 0.2011055839311897, 'hidden_continuous_size': 22, 'attention_head_size': 3, 'learning_rate': 0.004382993018321052}. Best is trial 2 with value: 0.04378103092312813.
[I 2023-12-27 11:04:45,313] A new study created in memory with name: no-name-f8dad5e1-365b-44e6-ba2b-665b96baad9d
/home/le004/conda/anaconda3/envs/tsff_env/lib/python3.9/site-packages/lightning/fabric/plugins/environments/slurm.py:191: The `srun` command is available on your system but is not used. HINT: If your intention is to run Lightning on SLURM, prepend your python command with `srun` like so: srun python /home/le004/master_thesis/git/TSFusionForecast/code/ ...
[I 2023-12-27 11:05:35,536] Trial 0 finished with value: 0.2701166868209839 and parameters: {'gradient_clip_val': 0.6917194490454822, 'hidden_size': 85, 'dropout': 0.11078565972972272, 'hidden_continuous_size': 84, 'attention_head_size': 4, 'learning_rate': 0.003398900845402826}. Best is trial 0 with value: 0.2701166868209839.
