[I 2023-12-27 11:27:08,699] Trial 34 finished with value: 14160.0654296875 and parameters: {'gradient_clip_val': 0.5350773617207827, 'hidden_size': 80, 'dropout': 0.49517414335448745, 'hidden_continuous_size': 6, 'attention_head_size': 2, 'learning_rate': 0.008344500833471147}. Best is trial 0 with value: 3960.8349609375.
[I 2023-12-27 11:27:09,145] Trial 35 finished with value: 16327.7236328125 and parameters: {'gradient_clip_val': 0.45061069586930413, 'hidden_size': 83, 'dropout': 0.49786036232988196, 'hidden_continuous_size': 5, 'attention_head_size': 2, 'learning_rate': 0.009250078894527322}. Best is trial 0 with value: 3960.8349609375.
[I 2023-12-27 11:27:09,888] Trial 36 finished with value: 21663.595703125 and parameters: {'gradient_clip_val': 0.5485766660726922, 'hidden_size': 121, 'dropout': 0.2634809871441054, 'hidden_continuous_size': 6, 'attention_head_size': 2, 'learning_rate': 0.0007432237136720076}. Best is trial 0 with value: 3960.8349609375.
[I 2023-12-27 11:27:10,346] Trial 37 finished with value: 19596.197265625 and parameters: {'gradient_clip_val': 0.49549638294142995, 'hidden_size': 89, 'dropout': 0.4742661702684805, 'hidden_continuous_size': 6, 'attention_head_size': 2, 'learning_rate': 0.0016071418704132162}. Best is trial 0 with value: 3960.8349609375.
[I 2023-12-27 11:27:10,865] Trial 38 finished with value: 17503.984375 and parameters: {'gradient_clip_val': 0.3496138308291466, 'hidden_size': 124, 'dropout': 0.3597698042710566, 'hidden_continuous_size': 7, 'attention_head_size': 2, 'learning_rate': 0.004682437481367151}. Best is trial 0 with value: 3960.8349609375.
[I 2023-12-27 11:27:11,298] Trial 39 finished with value: 20803.447265625 and parameters: {'gradient_clip_val': 0.26868758225984846, 'hidden_size': 69, 'dropout': 0.4553244598196813, 'hidden_continuous_size': 8, 'attention_head_size': 1, 'learning_rate': 0.0009889262590070558}. Best is trial 0 with value: 3960.8349609375.
[I 2023-12-27 11:27:11,715] Trial 40 finished with value: 14471.08203125 and parameters: {'gradient_clip_val': 0.979075424614783, 'hidden_size': 49, 'dropout': 0.2411522750818648, 'hidden_continuous_size': 6, 'attention_head_size': 4, 'learning_rate': 0.0006446534564923857}. Best is trial 0 with value: 3960.8349609375.
[I 2023-12-27 11:27:12,139] Trial 41 finished with value: 15158.4443359375 and parameters: {'gradient_clip_val': 0.9247159207212124, 'hidden_size': 54, 'dropout': 0.23484704927949096, 'hidden_continuous_size': 6, 'attention_head_size': 4, 'learning_rate': 0.0006258205829294966}. Best is trial 0 with value: 3960.8349609375.
[I 2023-12-27 11:27:12,546] Trial 42 finished with value: 15663.1123046875 and parameters: {'gradient_clip_val': 0.8428196120761297, 'hidden_size': 34, 'dropout': 0.2925437088398928, 'hidden_continuous_size': 5, 'attention_head_size': 4, 'learning_rate': 0.0006794512370462484}. Best is trial 0 with value: 3960.8349609375.
[I 2023-12-27 11:27:12,965] Trial 43 finished with value: 17745.564453125 and parameters: {'gradient_clip_val': 0.9545972815235708, 'hidden_size': 46, 'dropout': 0.1949170967204485, 'hidden_continuous_size': 7, 'attention_head_size': 4, 'learning_rate': 0.0005029010204697045}. Best is trial 0 with value: 3960.8349609375.
[I 2023-12-27 11:27:13,409] Trial 44 finished with value: 14730.7431640625 and parameters: {'gradient_clip_val': 0.7951760944208623, 'hidden_size': 63, 'dropout': 0.14196539767754643, 'hidden_continuous_size': 6, 'attention_head_size': 4, 'learning_rate': 0.0013647671578779351}. Best is trial 0 with value: 3960.8349609375.
[I 2023-12-27 11:27:13,874] Trial 45 finished with value: 13329.9658203125 and parameters: {'gradient_clip_val': 0.7215062832033624, 'hidden_size': 79, 'dropout': 0.10044758824995903, 'hidden_continuous_size': 5, 'attention_head_size': 4, 'learning_rate': 0.000883015740047409}. Best is trial 0 with value: 3960.8349609375.
[I 2023-12-27 11:27:14,328] Trial 46 finished with value: 17755.158203125 and parameters: {'gradient_clip_val': 0.6664465061937902, 'hidden_size': 79, 'dropout': 0.10060086442627826, 'hidden_continuous_size': 5, 'attention_head_size': 3, 'learning_rate': 0.0008932440962112056}. Best is trial 0 with value: 3960.8349609375.
[I 2023-12-27 11:27:14,859] Trial 47 finished with value: 18505.0 and parameters: {'gradient_clip_val': 0.7537342850181715, 'hidden_size': 127, 'dropout': 0.13013381402314755, 'hidden_continuous_size': 9, 'attention_head_size': 3, 'learning_rate': 0.017496563072203826}. Best is trial 0 with value: 3960.8349609375.
[I 2023-12-27 11:27:15,341] Trial 48 finished with value: 16649.412109375 and parameters: {'gradient_clip_val': 0.40357781391945824, 'hidden_size': 101, 'dropout': 0.15128527966757094, 'hidden_continuous_size': 7, 'attention_head_size': 2, 'learning_rate': 0.0027957431504698625}. Best is trial 0 with value: 3960.8349609375.
[I 2023-12-27 11:27:16,224] Trial 49 finished with value: 18395.84765625 and parameters: {'gradient_clip_val': 0.5213745985924271, 'hidden_size': 150, 'dropout': 0.10831582185800939, 'hidden_continuous_size': 89, 'attention_head_size': 4, 'learning_rate': 0.0017966082107379747}. Best is trial 0 with value: 3960.8349609375.
[I 2023-12-27 11:27:16,337] A new study created in memory with name: no-name-4df4728a-a241-48e5-ad10-53025b1e9759
/home/le004/conda/anaconda3/envs/tsff_env/lib/python3.9/site-packages/lightning/fabric/plugins/environments/slurm.py:191: The `srun` command is available on your system but is not used. HINT: If your intention is to run Lightning on SLURM, prepend your python command with `srun` like so: srun python /home/le004/master_thesis/git/TSFusionForecast/code/ ...
[I 2023-12-27 11:27:43,318] Trial 0 finished with value: 0.1880064159631729 and parameters: {'gradient_clip_val': 0.15651235905346947, 'hidden_size': 6, 'dropout': 0.30073532737853875, 'hidden_continuous_size': 6, 'attention_head_size': 1, 'learning_rate': 0.019638356310183253}. Best is trial 0 with value: 0.1880064159631729.
[I 2023-12-27 11:27:53,285] Trial 1 finished with value: 0.2381470948457718 and parameters: {'gradient_clip_val': 0.12659890447883623, 'hidden_size': 11, 'dropout': 0.2193774139225127, 'hidden_continuous_size': 9, 'attention_head_size': 1, 'learning_rate': 0.08784569828790738}. Best is trial 0 with value: 0.1880064159631729.
[I 2023-12-27 11:27:53,688] Trial 2 finished with value: 4.209325313568115 and parameters: {'gradient_clip_val': 0.9527443779304687, 'hidden_size': 53, 'dropout': 0.37273972005076816, 'hidden_continuous_size': 17, 'attention_head_size': 3, 'learning_rate': 0.0009854269789763086}. Best is trial 0 with value: 0.1880064159631729.
[I 2023-12-27 11:27:54,024] Trial 3 finished with value: 4.240236759185791 and parameters: {'gradient_clip_val': 0.11251203633130401, 'hidden_size': 18, 'dropout': 0.20677727683073616, 'hidden_continuous_size': 7, 'attention_head_size': 1, 'learning_rate': 0.010702908525680606}. Best is trial 0 with value: 0.1880064159631729.
[I 2023-12-27 11:27:54,379] Trial 4 finished with value: 3.2680962085723877 and parameters: {'gradient_clip_val': 0.12705811659578578, 'hidden_size': 19, 'dropout': 0.2799325664025707, 'hidden_continuous_size': 5, 'attention_head_size': 3, 'learning_rate': 0.05313153587020346}. Best is trial 0 with value: 0.1880064159631729.
[I 2023-12-27 11:27:54,773] Trial 5 finished with value: 4.390841960906982 and parameters: {'gradient_clip_val': 0.2816216524650828, 'hidden_size': 43, 'dropout': 0.4216238283470206, 'hidden_continuous_size': 41, 'attention_head_size': 3, 'learning_rate': 0.06291893343092571}. Best is trial 0 with value: 0.1880064159631729.
[I 2023-12-27 11:27:55,126] Trial 6 finished with value: 3.56498646736145 and parameters: {'gradient_clip_val': 0.3798679200947507, 'hidden_size': 15, 'dropout': 0.33772990132476305, 'hidden_continuous_size': 8, 'attention_head_size': 4, 'learning_rate': 0.0073272163593817}. Best is trial 0 with value: 0.1880064159631729.
[I 2023-12-27 11:27:55,458] Trial 7 finished with value: 3.7186195850372314 and parameters: {'gradient_clip_val': 0.47322302078377665, 'hidden_size': 16, 'dropout': 0.2755102367093745, 'hidden_continuous_size': 7, 'attention_head_size': 3, 'learning_rate': 0.009166928840816428}. Best is trial 0 with value: 0.1880064159631729.
[I 2023-12-27 11:27:55,909] Trial 8 finished with value: 3.503613233566284 and parameters: {'gradient_clip_val': 0.32967847776966464, 'hidden_size': 87, 'dropout': 0.10484436737525589, 'hidden_continuous_size': 32, 'attention_head_size': 3, 'learning_rate': 0.0005733880546576404}. Best is trial 0 with value: 0.1880064159631729.
[I 2023-12-27 11:27:56,253] Trial 9 finished with value: 3.9093997478485107 and parameters: {'gradient_clip_val': 0.8691257519696665, 'hidden_size': 15, 'dropout': 0.492786151630935, 'hidden_continuous_size': 11, 'attention_head_size': 1, 'learning_rate': 0.011543601277381292}. Best is trial 0 with value: 0.1880064159631729.
[I 2023-12-27 11:27:56,812] Trial 10 finished with value: 3.2557830810546875 and parameters: {'gradient_clip_val': 0.18263659361424753, 'hidden_size': 6, 'dropout': 0.39025383217658205, 'hidden_continuous_size': 5, 'attention_head_size': 2, 'learning_rate': 0.026537711729619627}. Best is trial 0 with value: 0.1880064159631729.
[I 2023-12-27 11:27:57,132] Trial 11 finished with value: 3.297483444213867 and parameters: {'gradient_clip_val': 0.10033943465500533, 'hidden_size': 5, 'dropout': 0.21998142448987157, 'hidden_continuous_size': 5, 'attention_head_size': 1, 'learning_rate': 0.09363732923892354}. Best is trial 0 with value: 0.1880064159631729.
[I 2023-12-27 11:27:57,487] Trial 12 finished with value: 3.7768564224243164 and parameters: {'gradient_clip_val': 0.16941955671654696, 'hidden_size': 8, 'dropout': 0.2075607396726118, 'hidden_continuous_size': 6, 'attention_head_size': 2, 'learning_rate': 0.027362328284293684}. Best is trial 0 with value: 0.1880064159631729.
[I 2023-12-27 11:27:57,841] Trial 13 finished with value: 4.3019795417785645 and parameters: {'gradient_clip_val': 0.17086323092180433, 'hidden_size': 9, 'dropout': 0.3082178787053219, 'hidden_continuous_size': 6, 'attention_head_size': 1, 'learning_rate': 0.030052909064514917}. Best is trial 0 with value: 0.1880064159631729.
[I 2023-12-27 11:27:58,204] Trial 14 finished with value: 4.30927038192749 and parameters: {'gradient_clip_val': 0.14236257823202633, 'hidden_size': 10, 'dropout': 0.25020529063852964, 'hidden_continuous_size': 6, 'attention_head_size': 2, 'learning_rate': 0.08405699644146246}. Best is trial 0 with value: 0.1880064159631729.
[I 2023-12-27 11:27:58,551] Trial 15 finished with value: 4.001519203186035 and parameters: {'gradient_clip_val': 0.21679830240301493, 'hidden_size': 6, 'dropout': 0.15921371903031076, 'hidden_continuous_size': 5, 'attention_head_size': 1, 'learning_rate': 0.03726190896933941}. Best is trial 0 with value: 0.1880064159631729.
[I 2023-12-27 11:27:58,915] Trial 16 finished with value: 2.9853193759918213 and parameters: {'gradient_clip_val': 0.10370933778288864, 'hidden_size': 10, 'dropout': 0.31181514289924583, 'hidden_continuous_size': 6, 'attention_head_size': 2, 'learning_rate': 0.017754855964856986}. Best is trial 0 with value: 0.1880064159631729.
[I 2023-12-27 11:27:59,248] Trial 17 finished with value: 3.3335258960723877 and parameters: {'gradient_clip_val': 0.13738540700494986, 'hidden_size': 5, 'dropout': 0.24323139685265827, 'hidden_continuous_size': 5, 'attention_head_size': 4, 'learning_rate': 0.004139446788064428}. Best is trial 0 with value: 0.1880064159631729.
[I 2023-12-27 11:27:59,640] Trial 18 finished with value: 4.182688236236572 and parameters: {'gradient_clip_val': 0.22808832648317995, 'hidden_size': 27, 'dropout': 0.17318965080068988, 'hidden_continuous_size': 9, 'attention_head_size': 1, 'learning_rate': 0.05510151404339954}. Best is trial 0 with value: 0.1880064159631729.
[I 2023-12-27 11:27:59,998] Trial 19 finished with value: 3.6649882793426514 and parameters: {'gradient_clip_val': 0.12669324135593338, 'hidden_size': 8, 'dropout': 0.3367462457221896, 'hidden_continuous_size': 6, 'attention_head_size': 2, 'learning_rate': 0.099194594140537}. Best is trial 0 with value: 0.1880064159631729.
[I 2023-12-27 11:28:00,560] Trial 20 finished with value: 3.0983152389526367 and parameters: {'gradient_clip_val': 0.1424691577120799, 'hidden_size': 143, 'dropout': 0.2688038354058387, 'hidden_continuous_size': 12, 'attention_head_size': 1, 'learning_rate': 0.004392474696385734}. Best is trial 0 with value: 0.1880064159631729.
[I 2023-12-27 11:28:00,923] Trial 21 finished with value: 3.254688262939453 and parameters: {'gradient_clip_val': 0.11661229028396643, 'hidden_size': 11, 'dropout': 0.30702672407277515, 'hidden_continuous_size': 6, 'attention_head_size': 2, 'learning_rate': 0.01988228054580278}. Best is trial 0 with value: 0.1880064159631729.
[I 2023-12-27 11:28:01,294] Trial 22 finished with value: 3.3262345790863037 and parameters: {'gradient_clip_val': 0.10196255527415941, 'hidden_size': 7, 'dropout': 0.3053107473710602, 'hidden_continuous_size': 5, 'attention_head_size': 2, 'learning_rate': 0.01711891010813941}. Best is trial 0 with value: 0.1880064159631729.
[I 2023-12-27 11:28:01,654] Trial 23 finished with value: 4.248023986816406 and parameters: {'gradient_clip_val': 0.15097844805279773, 'hidden_size': 12, 'dropout': 0.2552645291808645, 'hidden_continuous_size': 7, 'attention_head_size': 1, 'learning_rate': 0.016623539246197184}. Best is trial 0 with value: 0.1880064159631729.
[I 2023-12-27 11:28:02,243] Trial 24 finished with value: 3.832489013671875 and parameters: {'gradient_clip_val': 0.10574597511345205, 'hidden_size': 11, 'dropout': 0.3388316139179949, 'hidden_continuous_size': 6, 'attention_head_size': 2, 'learning_rate': 0.0466751341657699}. Best is trial 0 with value: 0.1880064159631729.
[I 2023-12-27 11:28:02,601] Trial 25 finished with value: 3.9339826107025146 and parameters: {'gradient_clip_val': 0.12493778112971908, 'hidden_size': 7, 'dropout': 0.23376214148928695, 'hidden_continuous_size': 5, 'attention_head_size': 1, 'learning_rate': 0.036295820617610094}. Best is trial 0 with value: 0.1880064159631729.
[I 2023-12-27 11:28:02,968] Trial 26 finished with value: 3.780426263809204 and parameters: {'gradient_clip_val': 0.19299897752740258, 'hidden_size': 9, 'dropout': 0.29400476198133113, 'hidden_continuous_size': 6, 'attention_head_size': 2, 'learning_rate': 0.06833787958107401}. Best is trial 0 with value: 0.1880064159631729.
[I 2023-12-27 11:28:03,288] Trial 27 finished with value: 3.5713043212890625 and parameters: {'gradient_clip_val': 0.14652599310096043, 'hidden_size': 5, 'dropout': 0.18609540701375918, 'hidden_continuous_size': 5, 'attention_head_size': 1, 'learning_rate': 0.04398088884352666}. Best is trial 0 with value: 0.1880064159631729.
[I 2023-12-27 11:28:03,676] Trial 28 finished with value: 3.402181625366211 and parameters: {'gradient_clip_val': 0.11609615713049608, 'hidden_size': 13, 'dropout': 0.2453517913948958, 'hidden_continuous_size': 7, 'attention_head_size': 1, 'learning_rate': 0.020964161923820827}. Best is trial 0 with value: 0.1880064159631729.
[I 2023-12-27 11:28:04,043] Trial 29 finished with value: 3.6857855319976807 and parameters: {'gradient_clip_val': 0.16279203898845301, 'hidden_size': 22, 'dropout': 0.36708968799140634, 'hidden_continuous_size': 9, 'attention_head_size': 2, 'learning_rate': 0.013557612231213519}. Best is trial 0 with value: 0.1880064159631729.
[I 2023-12-27 11:28:04,430] Trial 30 finished with value: 2.380680561065674 and parameters: {'gradient_clip_val': 0.10158541465303181, 'hidden_size': 13, 'dropout': 0.282844054637804, 'hidden_continuous_size': 8, 'attention_head_size': 4, 'learning_rate': 0.004948317911397272}. Best is trial 0 with value: 0.1880064159631729.
[I 2023-12-27 11:28:04,830] Trial 31 finished with value: 3.720064878463745 and parameters: {'gradient_clip_val': 0.10093137382995628, 'hidden_size': 13, 'dropout': 0.27911172431296993, 'hidden_continuous_size': 8, 'attention_head_size': 4, 'learning_rate': 0.005726363032737907}. Best is trial 0 with value: 0.1880064159631729.
[I 2023-12-27 11:28:05,215] Trial 32 finished with value: 3.6053812503814697 and parameters: {'gradient_clip_val': 0.11816450384355748, 'hidden_size': 10, 'dropout': 0.22351161046918977, 'hidden_continuous_size': 8, 'attention_head_size': 4, 'learning_rate': 0.0026513240402976637}. Best is trial 0 with value: 0.1880064159631729.
[I 2023-12-27 11:28:05,595] Trial 33 finished with value: 3.342906951904297 and parameters: {'gradient_clip_val': 0.13265989994506214, 'hidden_size': 19, 'dropout': 0.32052428178537, 'hidden_continuous_size': 10, 'attention_head_size': 3, 'learning_rate': 0.009987909805746516}. Best is trial 0 with value: 0.1880064159631729.
[I 2023-12-27 11:28:05,979] Trial 34 finished with value: 3.2733547687530518 and parameters: {'gradient_clip_val': 0.11796269830663714, 'hidden_size': 7, 'dropout': 0.2862393001362706, 'hidden_continuous_size': 6, 'attention_head_size': 3, 'learning_rate': 0.014444314300007704}. Best is trial 0 with value: 0.1880064159631729.
[I 2023-12-27 11:28:06,386] Trial 35 finished with value: 3.7011992931365967 and parameters: {'gradient_clip_val': 0.15406483310945, 'hidden_size': 28, 'dropout': 0.26043103089382624, 'hidden_continuous_size': 14, 'attention_head_size': 4, 'learning_rate': 0.06633828795876269}. Best is trial 0 with value: 0.1880064159631729.
[I 2023-12-27 11:28:06,765] Trial 36 finished with value: 3.1748857498168945 and parameters: {'gradient_clip_val': 0.11119377128071521, 'hidden_size': 13, 'dropout': 0.2838585803648311, 'hidden_continuous_size': 7, 'attention_head_size': 1, 'learning_rate': 0.022867963576416878}. Best is trial 0 with value: 0.1880064159631729.
[I 2023-12-27 11:28:07,362] Trial 37 finished with value: 3.1355180740356445 and parameters: {'gradient_clip_val': 0.1316798031552677, 'hidden_size': 17, 'dropout': 0.26427241330025336, 'hidden_continuous_size': 8, 'attention_head_size': 3, 'learning_rate': 0.012622728613873658}. Best is trial 0 with value: 0.1880064159631729.
[I 2023-12-27 11:28:07,736] Trial 38 finished with value: 3.3790528774261475 and parameters: {'gradient_clip_val': 0.11378810514955559, 'hidden_size': 22, 'dropout': 0.3304884517503994, 'hidden_continuous_size': 9, 'attention_head_size': 2, 'learning_rate': 0.008176835258344168}. Best is trial 0 with value: 0.1880064159631729.
[I 2023-12-27 11:28:08,114] Trial 39 finished with value: 4.10245943069458 and parameters: {'gradient_clip_val': 0.13225395314399557, 'hidden_size': 15, 'dropout': 0.362480294621652, 'hidden_continuous_size': 7, 'attention_head_size': 3, 'learning_rate': 0.03571444674541887}. Best is trial 0 with value: 0.1880064159631729.
[I 2023-12-27 11:28:08,499] Trial 40 finished with value: 3.850402593612671 and parameters: {'gradient_clip_val': 0.1923493379291968, 'hidden_size': 9, 'dropout': 0.2987529852348124, 'hidden_continuous_size': 7, 'attention_head_size': 4, 'learning_rate': 0.010633533135916773}. Best is trial 0 with value: 0.1880064159631729.
[I 2023-12-27 11:28:08,968] Trial 41 finished with value: 3.5848138332366943 and parameters: {'gradient_clip_val': 0.14712415738617496, 'hidden_size': 92, 'dropout': 0.2644899713265313, 'hidden_continuous_size': 12, 'attention_head_size': 1, 'learning_rate': 0.006062973597839401}. Best is trial 0 with value: 0.1880064159631729.
[I 2023-12-27 11:28:09,471] Trial 42 finished with value: 3.2403347492218018 and parameters: {'gradient_clip_val': 0.10619896631296354, 'hidden_size': 107, 'dropout': 0.2703179533487051, 'hidden_continuous_size': 18, 'attention_head_size': 1, 'learning_rate': 0.0032027655955711126}. Best is trial 0 with value: 0.1880064159631729.
[I 2023-12-27 11:28:09,883] Trial 43 finished with value: 3.0393035411834717 and parameters: {'gradient_clip_val': 0.10010210590886995, 'hidden_size': 54, 'dropout': 0.22627540686467093, 'hidden_continuous_size': 11, 'attention_head_size': 1, 'learning_rate': 0.0064606191834445}. Best is trial 0 with value: 0.1880064159631729.
[I 2023-12-27 11:28:10,271] Trial 44 finished with value: 3.424398422241211 and parameters: {'gradient_clip_val': 0.10085588126080834, 'hidden_size': 48, 'dropout': 0.21502147816658074, 'hidden_continuous_size': 10, 'attention_head_size': 1, 'learning_rate': 0.00877460747086731}. Best is trial 0 with value: 0.1880064159631729.
[I 2023-12-27 11:28:10,651] Trial 45 finished with value: 2.897388458251953 and parameters: {'gradient_clip_val': 0.12350936363993878, 'hidden_size': 34, 'dropout': 0.23347437371379978, 'hidden_continuous_size': 10, 'attention_head_size': 1, 'learning_rate': 0.026407733862107086}. Best is trial 0 with value: 0.1880064159631729.
[I 2023-12-27 11:28:11,035] Trial 46 finished with value: 3.8162481784820557 and parameters: {'gradient_clip_val': 0.1262772621987807, 'hidden_size': 34, 'dropout': 0.19916409154705716, 'hidden_continuous_size': 8, 'attention_head_size': 2, 'learning_rate': 0.02947475559309992}. Best is trial 0 with value: 0.1880064159631729.
[I 2023-12-27 11:28:11,397] Trial 47 finished with value: 3.9711129665374756 and parameters: {'gradient_clip_val': 0.16899362362287418, 'hidden_size': 15, 'dropout': 0.23692404524048016, 'hidden_continuous_size': 9, 'attention_head_size': 1, 'learning_rate': 0.021839139248182763}. Best is trial 0 with value: 0.1880064159631729.
[I 2023-12-27 11:28:11,775] Trial 48 finished with value: 3.8702430725097656 and parameters: {'gradient_clip_val': 0.11215109123865341, 'hidden_size': 6, 'dropout': 0.31803879639298066, 'hidden_continuous_size': 5, 'attention_head_size': 1, 'learning_rate': 0.053391262773912304}. Best is trial 0 with value: 0.1880064159631729.
