[I 2023-12-27 11:23:09,158] Trial 13 finished with value: 4.860549449920654 and parameters: {'gradient_clip_val': 0.2303960766411398, 'hidden_size': 5, 'dropout': 0.36560728061147146, 'hidden_continuous_size': 5, 'attention_head_size': 2, 'learning_rate': 0.0011141634426669875}. Best is trial 0 with value: 1.1765028238296509.
[I 2023-12-27 11:23:09,525] Trial 14 finished with value: 4.8475799560546875 and parameters: {'gradient_clip_val': 0.42761819696341735, 'hidden_size': 12, 'dropout': 0.25272352090445643, 'hidden_continuous_size': 6, 'attention_head_size': 3, 'learning_rate': 0.0032096329166217755}. Best is trial 0 with value: 1.1765028238296509.
[I 2023-12-27 11:23:09,891] Trial 15 finished with value: 5.257768154144287 and parameters: {'gradient_clip_val': 0.9604057026401699, 'hidden_size': 22, 'dropout': 0.3831378068776329, 'hidden_continuous_size': 8, 'attention_head_size': 2, 'learning_rate': 0.0005467005451913674}. Best is trial 0 with value: 1.1765028238296509.
[I 2023-12-27 11:23:10,272] Trial 16 finished with value: 4.596548557281494 and parameters: {'gradient_clip_val': 0.3610857581973807, 'hidden_size': 10, 'dropout': 0.19659440680108392, 'hidden_continuous_size': 5, 'attention_head_size': 4, 'learning_rate': 0.003820231862948573}. Best is trial 0 with value: 1.1765028238296509.
[I 2023-12-27 11:23:10,626] Trial 17 finished with value: 4.669517993927002 and parameters: {'gradient_clip_val': 0.2631604159669968, 'hidden_size': 5, 'dropout': 0.2838933816836341, 'hidden_continuous_size': 5, 'attention_head_size': 3, 'learning_rate': 0.0010032151148666214}. Best is trial 0 with value: 1.1765028238296509.
[I 2023-12-27 11:23:11,011] Trial 18 finished with value: 4.714757442474365 and parameters: {'gradient_clip_val': 0.1839207235753946, 'hidden_size': 16, 'dropout': 0.33879454332802794, 'hidden_continuous_size': 7, 'attention_head_size': 2, 'learning_rate': 0.001807864351517968}. Best is trial 0 with value: 1.1765028238296509.
[I 2023-12-27 11:23:11,466] Trial 19 finished with value: 3.9182698726654053 and parameters: {'gradient_clip_val': 0.540250877926397, 'hidden_size': 52, 'dropout': 0.4232039782904073, 'hidden_continuous_size': 13, 'attention_head_size': 4, 'learning_rate': 0.004879143397303252}. Best is trial 0 with value: 1.1765028238296509.
[I 2023-12-27 11:23:11,867] Trial 20 finished with value: 5.573066711425781 and parameters: {'gradient_clip_val': 0.3679379165619497, 'hidden_size': 26, 'dropout': 0.3411825939681244, 'hidden_continuous_size': 10, 'attention_head_size': 3, 'learning_rate': 0.0014098826881612182}. Best is trial 0 with value: 1.1765028238296509.
[I 2023-12-27 11:23:12,242] Trial 21 finished with value: 6.009304523468018 and parameters: {'gradient_clip_val': 0.5693192428562897, 'hidden_size': 16, 'dropout': 0.39441798113421195, 'hidden_continuous_size': 6, 'attention_head_size': 3, 'learning_rate': 0.0008261236300407485}. Best is trial 0 with value: 1.1765028238296509.
[I 2023-12-27 11:23:12,638] Trial 22 finished with value: 3.8341948986053467 and parameters: {'gradient_clip_val': 0.8008506564605847, 'hidden_size': 9, 'dropout': 0.42389532837806554, 'hidden_continuous_size': 6, 'attention_head_size': 3, 'learning_rate': 0.0007318164172822827}. Best is trial 0 with value: 1.1765028238296509.
[I 2023-12-27 11:23:13,028] Trial 23 finished with value: 6.235411167144775 and parameters: {'gradient_clip_val': 0.6151586317590914, 'hidden_size': 13, 'dropout': 0.310843984134612, 'hidden_continuous_size': 6, 'attention_head_size': 3, 'learning_rate': 0.0005077578346713766}. Best is trial 0 with value: 1.1765028238296509.
[I 2023-12-27 11:23:13,703] Trial 24 finished with value: 5.501514434814453 and parameters: {'gradient_clip_val': 0.9537374658509076, 'hidden_size': 19, 'dropout': 0.3664356047192018, 'hidden_continuous_size': 7, 'attention_head_size': 2, 'learning_rate': 0.0007748118941757035}. Best is trial 0 with value: 1.1765028238296509.
[I 2023-12-27 11:23:14,083] Trial 25 finished with value: 4.8043599128723145 and parameters: {'gradient_clip_val': 0.537760530021921, 'hidden_size': 7, 'dropout': 0.28410135011729376, 'hidden_continuous_size': 5, 'attention_head_size': 3, 'learning_rate': 0.0021672710536950832}. Best is trial 0 with value: 1.1765028238296509.
[I 2023-12-27 11:23:14,488] Trial 26 finished with value: 5.441007137298584 and parameters: {'gradient_clip_val': 0.7564956271945206, 'hidden_size': 10, 'dropout': 0.4070466663370584, 'hidden_continuous_size': 6, 'attention_head_size': 4, 'learning_rate': 0.0009695395516429918}. Best is trial 0 with value: 1.1765028238296509.
[I 2023-12-27 11:23:14,894] Trial 27 finished with value: 5.361739635467529 and parameters: {'gradient_clip_val': 0.475588991531805, 'hidden_size': 26, 'dropout': 0.35779172445076796, 'hidden_continuous_size': 7, 'attention_head_size': 3, 'learning_rate': 0.0012084676691037101}. Best is trial 0 with value: 1.1765028238296509.
[I 2023-12-27 11:23:15,290] Trial 28 finished with value: 4.370652675628662 and parameters: {'gradient_clip_val': 0.3908540652380552, 'hidden_size': 15, 'dropout': 0.31867425444915487, 'hidden_continuous_size': 5, 'attention_head_size': 2, 'learning_rate': 0.0012673190935383427}. Best is trial 0 with value: 1.1765028238296509.
[I 2023-12-27 11:23:15,690] Trial 29 finished with value: 4.801854610443115 and parameters: {'gradient_clip_val': 0.3200533643342162, 'hidden_size': 28, 'dropout': 0.2477247934077777, 'hidden_continuous_size': 8, 'attention_head_size': 3, 'learning_rate': 0.002427368297442444}. Best is trial 0 with value: 1.1765028238296509.
[I 2023-12-27 11:23:16,069] Trial 30 finished with value: 7.0483784675598145 and parameters: {'gradient_clip_val': 0.2735843145573631, 'hidden_size': 6, 'dropout': 0.2896857238171834, 'hidden_continuous_size': 5, 'attention_head_size': 4, 'learning_rate': 0.0028169576629444334}. Best is trial 0 with value: 1.1765028238296509.
[I 2023-12-27 11:23:16,478] Trial 31 finished with value: 4.028918743133545 and parameters: {'gradient_clip_val': 0.7260076957103636, 'hidden_size': 32, 'dropout': 0.31114782828386484, 'hidden_continuous_size': 10, 'attention_head_size': 4, 'learning_rate': 0.004872846809112111}. Best is trial 0 with value: 1.1765028238296509.
[I 2023-12-27 11:23:16,931] Trial 32 finished with value: 6.1841654777526855 and parameters: {'gradient_clip_val': 0.6795052157010452, 'hidden_size': 42, 'dropout': 0.29271201230330146, 'hidden_continuous_size': 12, 'attention_head_size': 4, 'learning_rate': 0.016746904759315038}. Best is trial 0 with value: 1.1765028238296509.
[I 2023-12-27 11:23:17,349] Trial 33 finished with value: 5.183847904205322 and parameters: {'gradient_clip_val': 0.8114298970300676, 'hidden_size': 38, 'dropout': 0.3289538519850132, 'hidden_continuous_size': 15, 'attention_head_size': 1, 'learning_rate': 0.006822729578797349}. Best is trial 0 with value: 1.1765028238296509.
[I 2023-12-27 11:23:17,750] Trial 34 finished with value: 3.6951589584350586 and parameters: {'gradient_clip_val': 0.6362624853155113, 'hidden_size': 22, 'dropout': 0.21344687752188835, 'hidden_continuous_size': 9, 'attention_head_size': 3, 'learning_rate': 0.018525255993843023}. Best is trial 0 with value: 1.1765028238296509.
[I 2023-12-27 11:23:18,171] Trial 35 finished with value: 4.841654300689697 and parameters: {'gradient_clip_val': 0.8964079698288846, 'hidden_size': 34, 'dropout': 0.2635387045055704, 'hidden_continuous_size': 17, 'attention_head_size': 4, 'learning_rate': 0.001550096743314697}. Best is trial 0 with value: 1.1765028238296509.
[I 2023-12-27 11:23:18,616] Trial 36 finished with value: 4.390055179595947 and parameters: {'gradient_clip_val': 0.7001003504890743, 'hidden_size': 47, 'dropout': 0.35112651308153564, 'hidden_continuous_size': 19, 'attention_head_size': 3, 'learning_rate': 0.002461594550732556}. Best is trial 0 with value: 1.1765028238296509.
[I 2023-12-27 11:23:19,078] Trial 37 finished with value: 5.531309604644775 and parameters: {'gradient_clip_val': 0.8296662713357069, 'hidden_size': 61, 'dropout': 0.23859424627546275, 'hidden_continuous_size': 9, 'attention_head_size': 3, 'learning_rate': 0.011326566147659435}. Best is trial 0 with value: 1.1765028238296509.
[I 2023-12-27 11:23:19,754] Trial 38 finished with value: 4.54449987411499 and parameters: {'gradient_clip_val': 0.9811295692333646, 'hidden_size': 9, 'dropout': 0.3164300215940767, 'hidden_continuous_size': 6, 'attention_head_size': 4, 'learning_rate': 0.0006785799295293204}. Best is trial 0 with value: 1.1765028238296509.
[I 2023-12-27 11:23:20,138] Trial 39 finished with value: 4.732597827911377 and parameters: {'gradient_clip_val': 0.6158860217439848, 'hidden_size': 7, 'dropout': 0.2707581319496279, 'hidden_continuous_size': 6, 'attention_head_size': 2, 'learning_rate': 0.025791671124503982}. Best is trial 0 with value: 1.1765028238296509.
[I 2023-12-27 11:23:20,593] Trial 40 finished with value: 4.282413005828857 and parameters: {'gradient_clip_val': 0.4899633426983402, 'hidden_size': 76, 'dropout': 0.30058373458005244, 'hidden_continuous_size': 8, 'attention_head_size': 1, 'learning_rate': 0.0015319725954912504}. Best is trial 0 with value: 1.1765028238296509.
[I 2023-12-27 11:23:20,999] Trial 41 finished with value: 5.186735153198242 and parameters: {'gradient_clip_val': 0.6766695382581946, 'hidden_size': 21, 'dropout': 0.22445749934117942, 'hidden_continuous_size': 7, 'attention_head_size': 3, 'learning_rate': 0.023716677774334956}. Best is trial 0 with value: 1.1765028238296509.
[I 2023-12-27 11:23:21,411] Trial 42 finished with value: 4.9541335105896 and parameters: {'gradient_clip_val': 0.636530585704444, 'hidden_size': 30, 'dropout': 0.22069275698673582, 'hidden_continuous_size': 9, 'attention_head_size': 3, 'learning_rate': 0.015484312038180233}. Best is trial 0 with value: 1.1765028238296509.
[I 2023-12-27 11:23:21,817] Trial 43 finished with value: 4.536062717437744 and parameters: {'gradient_clip_val': 0.8575906104151697, 'hidden_size': 23, 'dropout': 0.16430732693708625, 'hidden_continuous_size': 7, 'attention_head_size': 3, 'learning_rate': 0.006607415174212912}. Best is trial 0 with value: 1.1765028238296509.
[I 2023-12-27 11:23:22,238] Trial 44 finished with value: 5.045808792114258 and parameters: {'gradient_clip_val': 0.7383624304861652, 'hidden_size': 39, 'dropout': 0.26969736498562275, 'hidden_continuous_size': 11, 'attention_head_size': 3, 'learning_rate': 0.03380888961861774}. Best is trial 0 with value: 1.1765028238296509.
[I 2023-12-27 11:23:22,672] Trial 45 finished with value: 5.333776950836182 and parameters: {'gradient_clip_val': 0.6076577160619968, 'hidden_size': 35, 'dropout': 0.3766020630699999, 'hidden_continuous_size': 9, 'attention_head_size': 3, 'learning_rate': 0.008753940436296523}. Best is trial 0 with value: 1.1765028238296509.
[I 2023-12-27 11:23:23,073] Trial 46 finished with value: 3.9644393920898438 and parameters: {'gradient_clip_val': 0.5225489922215336, 'hidden_size': 24, 'dropout': 0.32858901272011537, 'hidden_continuous_size': 11, 'attention_head_size': 2, 'learning_rate': 0.0009581563416432783}. Best is trial 0 with value: 1.1765028238296509.
[I 2023-12-27 11:23:23,497] Trial 47 finished with value: 4.771843433380127 and parameters: {'gradient_clip_val': 0.42571316045505797, 'hidden_size': 29, 'dropout': 0.3523425524240462, 'hidden_continuous_size': 8, 'attention_head_size': 4, 'learning_rate': 0.0019752372843941752}. Best is trial 0 with value: 1.1765028238296509.
[I 2023-12-27 11:23:23,893] Trial 48 finished with value: 4.340307712554932 and parameters: {'gradient_clip_val': 0.7493006760452633, 'hidden_size': 20, 'dropout': 0.47319589793671657, 'hidden_continuous_size': 5, 'attention_head_size': 3, 'learning_rate': 0.0006626783114451773}. Best is trial 0 with value: 1.1765028238296509.
[I 2023-12-27 11:23:24,290] Trial 49 finished with value: 4.007923603057861 and parameters: {'gradient_clip_val': 0.8668467477971433, 'hidden_size': 17, 'dropout': 0.21278836497111137, 'hidden_continuous_size': 10, 'attention_head_size': 4, 'learning_rate': 0.0005743131161390359}. Best is trial 0 with value: 1.1765028238296509.
[I 2023-12-27 11:23:24,402] A new study created in memory with name: no-name-50e18e2d-36b4-4605-af9a-04b5f29bc62d
/home/le004/conda/anaconda3/envs/tsff_env/lib/python3.9/site-packages/lightning/fabric/plugins/environments/slurm.py:191: The `srun` command is available on your system but is not used. HINT: If your intention is to run Lightning on SLURM, prepend your python command with `srun` like so: srun python /home/le004/master_thesis/git/TSFusionForecast/code/ ...
[I 2023-12-27 11:24:06,212] Trial 0 finished with value: 0.0979655385017395 and parameters: {'gradient_clip_val': 0.13860159552745913, 'hidden_size': 55, 'dropout': 0.3553801150086068, 'hidden_continuous_size': 29, 'attention_head_size': 3, 'learning_rate': 0.0019634042595482897}. Best is trial 0 with value: 0.0979655385017395.
[I 2023-12-27 11:24:17,454] Trial 1 finished with value: 1.6674188375473022 and parameters: {'gradient_clip_val': 0.8487286733002125, 'hidden_size': 36, 'dropout': 0.4442887607158893, 'hidden_continuous_size': 10, 'attention_head_size': 1, 'learning_rate': 0.0007859873313236585}. Best is trial 0 with value: 0.0979655385017395.
[I 2023-12-27 11:24:17,818] Trial 2 finished with value: 2.719291925430298 and parameters: {'gradient_clip_val': 0.10249918849685395, 'hidden_size': 29, 'dropout': 0.16902827438930246, 'hidden_continuous_size': 16, 'attention_head_size': 3, 'learning_rate': 0.05229732388882491}. Best is trial 0 with value: 0.0979655385017395.
[I 2023-12-27 11:24:18,165] Trial 3 finished with value: 1.9333066940307617 and parameters: {'gradient_clip_val': 0.13787198891454627, 'hidden_size': 11, 'dropout': 0.1254721620688525, 'hidden_continuous_size': 8, 'attention_head_size': 4, 'learning_rate': 0.0005460282185983571}. Best is trial 0 with value: 0.0979655385017395.
[I 2023-12-27 11:24:18,504] Trial 4 finished with value: 2.530883550643921 and parameters: {'gradient_clip_val': 0.2898671589767408, 'hidden_size': 8, 'dropout': 0.4906763413359234, 'hidden_continuous_size': 7, 'attention_head_size': 3, 'learning_rate': 0.0031702991381712207}. Best is trial 0 with value: 0.0979655385017395.
[I 2023-12-27 11:24:18,863] Trial 5 finished with value: 1.6588853597640991 and parameters: {'gradient_clip_val': 0.3075094868333524, 'hidden_size': 19, 'dropout': 0.18649100635190752, 'hidden_continuous_size': 10, 'attention_head_size': 4, 'learning_rate': 0.00610133639559714}. Best is trial 0 with value: 0.0979655385017395.
[I 2023-12-27 11:24:19,231] Trial 6 finished with value: 2.137103319168091 and parameters: {'gradient_clip_val': 0.24211888148027488, 'hidden_size': 28, 'dropout': 0.4162989897761198, 'hidden_continuous_size': 6, 'attention_head_size': 4, 'learning_rate': 0.0008010379315700336}. Best is trial 0 with value: 0.0979655385017395.
[I 2023-12-27 11:24:19,589] Trial 7 finished with value: 1.8326058387756348 and parameters: {'gradient_clip_val': 0.3929558078566341, 'hidden_size': 14, 'dropout': 0.28311652024040845, 'hidden_continuous_size': 7, 'attention_head_size': 1, 'learning_rate': 0.0261403090521153}. Best is trial 0 with value: 0.0979655385017395.
[I 2023-12-27 11:24:19,948] Trial 8 finished with value: 1.7921762466430664 and parameters: {'gradient_clip_val': 0.4377813102656851, 'hidden_size': 15, 'dropout': 0.17881567279568694, 'hidden_continuous_size': 6, 'attention_head_size': 1, 'learning_rate': 0.01821637479621835}. Best is trial 0 with value: 0.0979655385017395.
[I 2023-12-27 11:24:20,298] Trial 9 finished with value: 2.714940309524536 and parameters: {'gradient_clip_val': 0.4973549116698115, 'hidden_size': 17, 'dropout': 0.34312872973008324, 'hidden_continuous_size': 6, 'attention_head_size': 4, 'learning_rate': 0.0014842418930449957}. Best is trial 0 with value: 0.0979655385017395.
[I 2023-12-27 11:24:20,772] Trial 10 finished with value: 2.1320478916168213 and parameters: {'gradient_clip_val': 0.17841506343034985, 'hidden_size': 90, 'dropout': 0.3106472441449014, 'hidden_continuous_size': 48, 'attention_head_size': 2, 'learning_rate': 0.0038775363746676385}. Best is trial 0 with value: 0.0979655385017395.
[I 2023-12-27 11:24:21,343] Trial 11 finished with value: 2.105433940887451 and parameters: {'gradient_clip_val': 0.2013919889564377, 'hidden_size': 5, 'dropout': 0.23485597694225174, 'hidden_continuous_size': 5, 'attention_head_size': 3, 'learning_rate': 0.007351312900596638}. Best is trial 0 with value: 0.0979655385017395.
[I 2023-12-27 11:24:21,765] Trial 12 finished with value: 2.4657270908355713 and parameters: {'gradient_clip_val': 0.16205495692851485, 'hidden_size': 55, 'dropout': 0.3559974419881059, 'hidden_continuous_size': 20, 'attention_head_size': 2, 'learning_rate': 0.0074417377074357865}. Best is trial 0 with value: 0.0979655385017395.
[I 2023-12-27 11:24:22,350] Trial 13 finished with value: 2.456387519836426 and parameters: {'gradient_clip_val': 0.27079316176803053, 'hidden_size': 134, 'dropout': 0.2507185837786683, 'hidden_continuous_size': 41, 'attention_head_size': 4, 'learning_rate': 0.0025600675015856156}. Best is trial 0 with value: 0.0979655385017395.
[I 2023-12-27 11:24:22,765] Trial 14 finished with value: 2.4353673458099365 and parameters: {'gradient_clip_val': 0.10136056494950778, 'hidden_size': 50, 'dropout': 0.215323382698631, 'hidden_continuous_size': 26, 'attention_head_size': 3, 'learning_rate': 0.0018452620412517924}. Best is trial 0 with value: 0.0979655385017395.
[I 2023-12-27 11:24:23,164] Trial 15 finished with value: 2.1762948036193848 and parameters: {'gradient_clip_val': 0.13538115545198584, 'hidden_size': 21, 'dropout': 0.1154290398674562, 'hidden_continuous_size': 11, 'attention_head_size': 2, 'learning_rate': 0.0049201264792786345}. Best is trial 0 with value: 0.0979655385017395.
[I 2023-12-27 11:24:23,588] Trial 16 finished with value: 2.261895179748535 and parameters: {'gradient_clip_val': 0.2195465299732327, 'hidden_size': 45, 'dropout': 0.2933425474550077, 'hidden_continuous_size': 13, 'attention_head_size': 4, 'learning_rate': 0.011409583855350828}. Best is trial 0 with value: 0.0979655385017395.
[I 2023-12-27 11:24:24,038] Trial 17 finished with value: 2.2840967178344727 and parameters: {'gradient_clip_val': 0.33081284068188194, 'hidden_size': 73, 'dropout': 0.3468075341037977, 'hidden_continuous_size': 31, 'attention_head_size': 3, 'learning_rate': 0.001535720698077587}. Best is trial 0 with value: 0.0979655385017395.
[I 2023-12-27 11:24:24,418] Trial 18 finished with value: 2.011836051940918 and parameters: {'gradient_clip_val': 0.21190280297749073, 'hidden_size': 24, 'dropout': 0.18964780111239463, 'hidden_continuous_size': 14, 'attention_head_size': 4, 'learning_rate': 0.0055267831680277674}. Best is trial 0 with value: 0.0979655385017395.
[I 2023-12-27 11:24:24,821] Trial 19 finished with value: 2.2100048065185547 and parameters: {'gradient_clip_val': 0.5751569846108202, 'hidden_size': 37, 'dropout': 0.26683401567732834, 'hidden_continuous_size': 20, 'attention_head_size': 3, 'learning_rate': 0.08444985857427731}. Best is trial 0 with value: 0.0979655385017395.
[I 2023-12-27 11:24:25,259] Trial 20 finished with value: 1.9738025665283203 and parameters: {'gradient_clip_val': 0.3163343930689377, 'hidden_size': 69, 'dropout': 0.2208020670763743, 'hidden_continuous_size': 69, 'attention_head_size': 2, 'learning_rate': 0.0026325004765934694}. Best is trial 0 with value: 0.0979655385017395.
[I 2023-12-27 11:24:25,644] Trial 21 finished with value: 1.6480135917663574 and parameters: {'gradient_clip_val': 0.8940946036745281, 'hidden_size': 33, 'dropout': 0.4047787113497683, 'hidden_continuous_size': 10, 'attention_head_size': 1, 'learning_rate': 0.001003496292130866}. Best is trial 0 with value: 0.0979655385017395.
[I 2023-12-27 11:24:26,032] Trial 22 finished with value: 2.6440927982330322 and parameters: {'gradient_clip_val': 0.8811813313047975, 'hidden_size': 34, 'dropout': 0.38062461230658867, 'hidden_continuous_size': 10, 'attention_head_size': 2, 'learning_rate': 0.0011626722004245851}. Best is trial 0 with value: 0.0979655385017395.
[I 2023-12-27 11:24:26,407] Trial 23 finished with value: 2.515493154525757 and parameters: {'gradient_clip_val': 0.6677806086544308, 'hidden_size': 23, 'dropout': 0.3149063883182024, 'hidden_continuous_size': 9, 'attention_head_size': 1, 'learning_rate': 0.0020095115072558474}. Best is trial 0 with value: 0.0979655385017395.
[I 2023-12-27 11:24:27,034] Trial 24 finished with value: 1.6586946249008179 and parameters: {'gradient_clip_val': 0.3646121049170733, 'hidden_size': 42, 'dropout': 0.3866363833831868, 'hidden_continuous_size': 12, 'attention_head_size': 3, 'learning_rate': 0.0010355313363613382}. Best is trial 0 with value: 0.0979655385017395.
[I 2023-12-27 11:24:27,444] Trial 25 finished with value: 2.385388135910034 and parameters: {'gradient_clip_val': 0.7055380393052124, 'hidden_size': 41, 'dropout': 0.4023584776853258, 'hidden_continuous_size': 12, 'attention_head_size': 3, 'learning_rate': 0.0005010183637558477}. Best is trial 0 with value: 0.0979655385017395.
[I 2023-12-27 11:24:27,859] Trial 26 finished with value: 2.5495400428771973 and parameters: {'gradient_clip_val': 0.9833732374788502, 'hidden_size': 53, 'dropout': 0.3812282582781768, 'hidden_continuous_size': 16, 'attention_head_size': 2, 'learning_rate': 0.0009095032586676372}. Best is trial 0 with value: 0.0979655385017395.
[I 2023-12-27 11:24:28,254] Trial 27 finished with value: 1.529077172279358 and parameters: {'gradient_clip_val': 0.3725475636491075, 'hidden_size': 30, 'dropout': 0.42969081639434203, 'hidden_continuous_size': 11, 'attention_head_size': 3, 'learning_rate': 0.0014765157324011275}. Best is trial 0 with value: 0.0979655385017395.
