[I 2023-11-30 07:08:26,689] Trial 38 finished with value: 52.88850784301758 and parameters: {'gradient_clip_val': 0.7687475505463958, 'hidden_size': 120, 'dropout': 0.18778987643022202, 'hidden_continuous_size': 15, 'attention_head_size': 3, 'learning_rate': 0.01849590034762566}. Best is trial 13 with value: 42.5617561340332.
LOCAL_RANK: 0 - CUDA_VISIBLE_DEVICES: [0]
[I 2023-11-30 07:08:40,886] Trial 39 finished with value: 57.25532913208008 and parameters: {'gradient_clip_val': 0.5037006217903464, 'hidden_size': 148, 'dropout': 0.15060432207295427, 'hidden_continuous_size': 52, 'attention_head_size': 1, 'learning_rate': 0.08510582596321509}. Best is trial 13 with value: 42.5617561340332.
LOCAL_RANK: 0 - CUDA_VISIBLE_DEVICES: [0]
[I 2023-11-30 07:08:54,419] Trial 40 finished with value: 53.60712814331055 and parameters: {'gradient_clip_val': 0.6711786714826051, 'hidden_size': 95, 'dropout': 0.16462610678370973, 'hidden_continuous_size': 30, 'attention_head_size': 2, 'learning_rate': 0.05189775622833157}. Best is trial 13 with value: 42.5617561340332.
LOCAL_RANK: 0 - CUDA_VISIBLE_DEVICES: [0]
[I 2023-11-30 07:09:07,816] Trial 41 finished with value: 48.29731369018555 and parameters: {'gradient_clip_val': 0.8763224093848935, 'hidden_size': 84, 'dropout': 0.22788128776765862, 'hidden_continuous_size': 34, 'attention_head_size': 2, 'learning_rate': 0.04749438978442931}. Best is trial 13 with value: 42.5617561340332.
LOCAL_RANK: 0 - CUDA_VISIBLE_DEVICES: [0]
[I 2023-11-30 07:09:21,757] Trial 42 finished with value: 47.820068359375 and parameters: {'gradient_clip_val': 0.8708336745916729, 'hidden_size': 126, 'dropout': 0.25137084735849985, 'hidden_continuous_size': 20, 'attention_head_size': 2, 'learning_rate': 0.07349985328594473}. Best is trial 13 with value: 42.5617561340332.
LOCAL_RANK: 0 - CUDA_VISIBLE_DEVICES: [0]
[I 2023-11-30 07:09:35,469] Trial 43 finished with value: 62.172855377197266 and parameters: {'gradient_clip_val': 0.7397483192789562, 'hidden_size': 91, 'dropout': 0.22119326313804755, 'hidden_continuous_size': 34, 'attention_head_size': 2, 'learning_rate': 0.033630134420909216}. Best is trial 13 with value: 42.5617561340332.
LOCAL_RANK: 0 - CUDA_VISIBLE_DEVICES: [0]
[I 2023-11-30 07:09:49,761] Trial 44 finished with value: 49.21244430541992 and parameters: {'gradient_clip_val': 0.5475878384999969, 'hidden_size': 106, 'dropout': 0.20659345973210852, 'hidden_continuous_size': 41, 'attention_head_size': 2, 'learning_rate': 0.05531531511026427}. Best is trial 13 with value: 42.5617561340332.
LOCAL_RANK: 0 - CUDA_VISIBLE_DEVICES: [0]
[I 2023-11-30 07:10:03,094] Trial 45 finished with value: 52.917510986328125 and parameters: {'gradient_clip_val': 0.654878654884605, 'hidden_size': 76, 'dropout': 0.23137033806810686, 'hidden_continuous_size': 30, 'attention_head_size': 2, 'learning_rate': 0.03963988536174626}. Best is trial 13 with value: 42.5617561340332.
LOCAL_RANK: 0 - CUDA_VISIBLE_DEVICES: [0]
[I 2023-11-30 07:10:17,065] Trial 46 finished with value: 47.76075744628906 and parameters: {'gradient_clip_val': 0.8782349231460282, 'hidden_size': 126, 'dropout': 0.1891098980261641, 'hidden_continuous_size': 36, 'attention_head_size': 3, 'learning_rate': 0.028742603280488898}. Best is trial 13 with value: 42.5617561340332.
LOCAL_RANK: 0 - CUDA_VISIBLE_DEVICES: [0]
[I 2023-11-30 07:10:30,672] Trial 47 finished with value: 45.756317138671875 and parameters: {'gradient_clip_val': 0.7661162596744924, 'hidden_size': 92, 'dropout': 0.2149551727580844, 'hidden_continuous_size': 32, 'attention_head_size': 2, 'learning_rate': 0.09056114912898997}. Best is trial 13 with value: 42.5617561340332.
LOCAL_RANK: 0 - CUDA_VISIBLE_DEVICES: [0]
[I 2023-11-30 07:10:43,945] Trial 48 finished with value: 52.39631652832031 and parameters: {'gradient_clip_val': 0.93761613986359, 'hidden_size': 61, 'dropout': 0.1276361609869936, 'hidden_continuous_size': 28, 'attention_head_size': 1, 'learning_rate': 0.02049670887878971}. Best is trial 13 with value: 42.5617561340332.
LOCAL_RANK: 0 - CUDA_VISIBLE_DEVICES: [0]
[I 2023-11-30 07:10:57,926] Trial 49 finished with value: 42.79868698120117 and parameters: {'gradient_clip_val': 0.8161360895872183, 'hidden_size': 111, 'dropout': 0.2418193842548542, 'hidden_continuous_size': 24, 'attention_head_size': 2, 'learning_rate': 0.04400232888214386}. Best is trial 13 with value: 42.5617561340332.
LOCAL_RANK: 0 - CUDA_VISIBLE_DEVICES: [0]
[I 2023-11-30 07:11:11,883] Trial 50 finished with value: 47.39996337890625 and parameters: {'gradient_clip_val': 0.9558937547504426, 'hidden_size': 132, 'dropout': 0.2604320221475579, 'hidden_continuous_size': 16, 'attention_head_size': 4, 'learning_rate': 0.09987468689308386}. Best is trial 13 with value: 42.5617561340332.
LOCAL_RANK: 0 - CUDA_VISIBLE_DEVICES: [0]
[I 2023-11-30 07:11:25,611] Trial 51 finished with value: 45.97660827636719 and parameters: {'gradient_clip_val': 0.8083027681023277, 'hidden_size': 105, 'dropout': 0.24268403081425727, 'hidden_continuous_size': 24, 'attention_head_size': 2, 'learning_rate': 0.039621601626426375}. Best is trial 13 with value: 42.5617561340332.
LOCAL_RANK: 0 - CUDA_VISIBLE_DEVICES: [0]
[I 2023-11-30 07:11:39,377] Trial 52 finished with value: 60.1445198059082 and parameters: {'gradient_clip_val': 0.810742934022884, 'hidden_size': 116, 'dropout': 0.27544032385757933, 'hidden_continuous_size': 26, 'attention_head_size': 2, 'learning_rate': 0.0586155114906094}. Best is trial 13 with value: 42.5617561340332.
LOCAL_RANK: 0 - CUDA_VISIBLE_DEVICES: [0]
[I 2023-11-30 07:11:53,001] Trial 53 finished with value: 52.9842529296875 and parameters: {'gradient_clip_val': 0.6532407125691498, 'hidden_size': 99, 'dropout': 0.20904441104304364, 'hidden_continuous_size': 21, 'attention_head_size': 2, 'learning_rate': 0.03051389584435242}. Best is trial 13 with value: 42.5617561340332.
LOCAL_RANK: 0 - CUDA_VISIBLE_DEVICES: [0]
[I 2023-11-30 07:12:06,768] Trial 54 finished with value: 52.029537200927734 and parameters: {'gradient_clip_val': 0.7429475371227422, 'hidden_size': 83, 'dropout': 0.22320375823126304, 'hidden_continuous_size': 23, 'attention_head_size': 2, 'learning_rate': 0.046380138096613906}. Best is trial 13 with value: 42.5617561340332.
LOCAL_RANK: 0 - CUDA_VISIBLE_DEVICES: [0]
[I 2023-11-30 07:12:20,970] Trial 55 finished with value: 51.562564849853516 and parameters: {'gradient_clip_val': 0.9989695431723536, 'hidden_size': 149, 'dropout': 0.23603358704927113, 'hidden_continuous_size': 18, 'attention_head_size': 2, 'learning_rate': 0.025508869323858225}. Best is trial 13 with value: 42.5617561340332.
LOCAL_RANK: 0 - CUDA_VISIBLE_DEVICES: [0]
[I 2023-11-30 07:12:34,805] Trial 56 finished with value: 58.10615921020508 and parameters: {'gradient_clip_val': 0.6105038644018498, 'hidden_size': 132, 'dropout': 0.1951959584044325, 'hidden_continuous_size': 32, 'attention_head_size': 3, 'learning_rate': 0.04378258007870416}. Best is trial 13 with value: 42.5617561340332.
LOCAL_RANK: 0 - CUDA_VISIBLE_DEVICES: [0]
[I 2023-11-30 07:12:48,461] Trial 57 finished with value: 53.72062301635742 and parameters: {'gradient_clip_val': 0.4553483807038964, 'hidden_size': 112, 'dropout': 0.24312390229659842, 'hidden_continuous_size': 22, 'attention_head_size': 2, 'learning_rate': 0.03398162840844065}. Best is trial 13 with value: 42.5617561340332.
LOCAL_RANK: 0 - CUDA_VISIBLE_DEVICES: [0]
[I 2023-11-30 07:13:01,869] Trial 58 finished with value: 67.22016143798828 and parameters: {'gradient_clip_val': 0.924204808609668, 'hidden_size': 88, 'dropout': 0.17866404673904274, 'hidden_continuous_size': 29, 'attention_head_size': 2, 'learning_rate': 0.0621005574536954}. Best is trial 13 with value: 42.5617561340332.
LOCAL_RANK: 0 - CUDA_VISIBLE_DEVICES: [0]
[I 2023-11-30 07:13:15,319] Trial 59 finished with value: 46.5864372253418 and parameters: {'gradient_clip_val': 0.8244740873527894, 'hidden_size': 70, 'dropout': 0.2015488007044608, 'hidden_continuous_size': 25, 'attention_head_size': 1, 'learning_rate': 0.05101388533941197}. Best is trial 13 with value: 42.5617561340332.
LOCAL_RANK: 0 - CUDA_VISIBLE_DEVICES: [0]
[I 2023-11-30 07:13:28,378] Trial 60 finished with value: 46.98905563354492 and parameters: {'gradient_clip_val': 0.7139204012335129, 'hidden_size': 53, 'dropout': 0.11611183018323334, 'hidden_continuous_size': 27, 'attention_head_size': 2, 'learning_rate': 0.07801002100539883}. Best is trial 13 with value: 42.5617561340332.
LOCAL_RANK: 0 - CUDA_VISIBLE_DEVICES: [0]
[I 2023-11-30 07:13:42,019] Trial 61 finished with value: 52.040740966796875 and parameters: {'gradient_clip_val': 0.7862251213723814, 'hidden_size': 94, 'dropout': 0.21699972806057996, 'hidden_continuous_size': 31, 'attention_head_size': 2, 'learning_rate': 0.07770052136569455}. Best is trial 13 with value: 42.5617561340332.
LOCAL_RANK: 0 - CUDA_VISIBLE_DEVICES: [0]
[I 2023-11-30 07:13:55,485] Trial 62 finished with value: 56.44424057006836 and parameters: {'gradient_clip_val': 0.9274536278371235, 'hidden_size': 78, 'dropout': 0.21270110291497993, 'hidden_continuous_size': 32, 'attention_head_size': 2, 'learning_rate': 0.0886799203464627}. Best is trial 13 with value: 42.5617561340332.
LOCAL_RANK: 0 - CUDA_VISIBLE_DEVICES: [0]
[I 2023-11-30 07:14:09,205] Trial 63 finished with value: 55.12678146362305 and parameters: {'gradient_clip_val': 0.7575412769804007, 'hidden_size': 91, 'dropout': 0.21832222008606092, 'hidden_continuous_size': 38, 'attention_head_size': 2, 'learning_rate': 0.06745659167907139}. Best is trial 13 with value: 42.5617561340332.
LOCAL_RANK: 0 - CUDA_VISIBLE_DEVICES: [0]
[I 2023-11-30 07:14:23,343] Trial 64 finished with value: 56.72470474243164 and parameters: {'gradient_clip_val': 0.6856022228866222, 'hidden_size': 105, 'dropout': 0.16573567341374032, 'hidden_continuous_size': 35, 'attention_head_size': 2, 'learning_rate': 0.05632651464374033}. Best is trial 13 with value: 42.5617561340332.
LOCAL_RANK: 0 - CUDA_VISIBLE_DEVICES: [0]
[I 2023-11-30 07:14:37,391] Trial 65 finished with value: 48.35025405883789 and parameters: {'gradient_clip_val': 0.8412400931337568, 'hidden_size': 121, 'dropout': 0.22766705794562622, 'hidden_continuous_size': 43, 'attention_head_size': 2, 'learning_rate': 0.03984357785704309}. Best is trial 13 with value: 42.5617561340332.
LOCAL_RANK: 0 - CUDA_VISIBLE_DEVICES: [0]
[I 2023-11-30 07:14:51,360] Trial 66 finished with value: 51.68410110473633 and parameters: {'gradient_clip_val': 0.9982998117436367, 'hidden_size': 136, 'dropout': 0.20588848136315804, 'hidden_continuous_size': 37, 'attention_head_size': 2, 'learning_rate': 0.06454315986455991}. Best is trial 13 with value: 42.5617561340332.
LOCAL_RANK: 0 - CUDA_VISIBLE_DEVICES: [0]
[I 2023-11-30 07:15:04,891] Trial 67 finished with value: 51.29254150390625 and parameters: {'gradient_clip_val': 0.5558049304212553, 'hidden_size': 87, 'dropout': 0.18911994269302304, 'hidden_continuous_size': 29, 'attention_head_size': 2, 'learning_rate': 0.03503945663700342}. Best is trial 13 with value: 42.5617561340332.
LOCAL_RANK: 0 - CUDA_VISIBLE_DEVICES: [0]
[I 2023-11-30 07:15:18,344] Trial 68 finished with value: 45.41770553588867 and parameters: {'gradient_clip_val': 0.6152206639872337, 'hidden_size': 78, 'dropout': 0.1386043558486932, 'hidden_continuous_size': 33, 'attention_head_size': 2, 'learning_rate': 0.029736527554169424}. Best is trial 13 with value: 42.5617561340332.
LOCAL_RANK: 0 - CUDA_VISIBLE_DEVICES: [0]
[I 2023-11-30 07:15:32,136] Trial 69 finished with value: 55.36821365356445 and parameters: {'gradient_clip_val': 0.6061455028034387, 'hidden_size': 73, 'dropout': 0.14197560754322444, 'hidden_continuous_size': 34, 'attention_head_size': 3, 'learning_rate': 0.028960251890128033}. Best is trial 13 with value: 42.5617561340332.
LOCAL_RANK: 0 - CUDA_VISIBLE_DEVICES: [0]
[I 2023-11-30 07:15:45,477] Trial 70 finished with value: 56.61268997192383 and parameters: {'gradient_clip_val': 0.9108149293976578, 'hidden_size': 66, 'dropout': 0.1325635642458291, 'hidden_continuous_size': 27, 'attention_head_size': 1, 'learning_rate': 0.02404343352305073}. Best is trial 13 with value: 42.5617561340332.
LOCAL_RANK: 0 - CUDA_VISIBLE_DEVICES: [0]
[I 2023-11-30 07:15:59,037] Trial 71 finished with value: 54.51495361328125 and parameters: {'gradient_clip_val': 0.7694834307809791, 'hidden_size': 79, 'dropout': 0.10452080660388914, 'hidden_continuous_size': 32, 'attention_head_size': 2, 'learning_rate': 0.04317867700694342}. Best is trial 13 with value: 42.5617561340332.
LOCAL_RANK: 0 - CUDA_VISIBLE_DEVICES: [0]
[I 2023-11-30 07:16:12,801] Trial 72 finished with value: 50.67702102661133 and parameters: {'gradient_clip_val': 0.6944326937203574, 'hidden_size': 102, 'dropout': 0.15592284777786977, 'hidden_continuous_size': 24, 'attention_head_size': 2, 'learning_rate': 0.050323460731877385}. Best is trial 13 with value: 42.5617561340332.
LOCAL_RANK: 0 - CUDA_VISIBLE_DEVICES: [0]
[I 2023-11-30 07:16:26,758] Trial 73 finished with value: 63.60334396362305 and parameters: {'gradient_clip_val': 0.8444962097934351, 'hidden_size': 111, 'dropout': 0.2367147080905935, 'hidden_continuous_size': 39, 'attention_head_size': 2, 'learning_rate': 0.027237021506030842}. Best is trial 13 with value: 42.5617561340332.
LOCAL_RANK: 0 - CUDA_VISIBLE_DEVICES: [0]
[I 2023-11-30 07:16:40,627] Trial 74 finished with value: 53.63017272949219 and parameters: {'gradient_clip_val': 0.7375345598738334, 'hidden_size': 97, 'dropout': 0.14095699965457198, 'hidden_continuous_size': 29, 'attention_head_size': 2, 'learning_rate': 0.03423581647367772}. Best is trial 13 with value: 42.5617561340332.
LOCAL_RANK: 0 - CUDA_VISIBLE_DEVICES: [0]
[I 2023-11-30 07:16:54,296] Trial 75 finished with value: 45.258514404296875 and parameters: {'gradient_clip_val': 0.6460484287678956, 'hidden_size': 81, 'dropout': 0.15005396780082497, 'hidden_continuous_size': 36, 'attention_head_size': 2, 'learning_rate': 0.04142634920862787}. Best is trial 13 with value: 42.5617561340332.
LOCAL_RANK: 0 - CUDA_VISIBLE_DEVICES: [0]
[I 2023-11-30 07:17:07,744] Trial 76 finished with value: 55.08928298950195 and parameters: {'gradient_clip_val': 0.6404167500886835, 'hidden_size': 79, 'dropout': 0.15177665260612244, 'hidden_continuous_size': 35, 'attention_head_size': 2, 'learning_rate': 0.030675655993515405}. Best is trial 13 with value: 42.5617561340332.
LOCAL_RANK: 0 - CUDA_VISIBLE_DEVICES: [0]
[I 2023-11-30 07:17:21,180] Trial 77 finished with value: 62.10136032104492 and parameters: {'gradient_clip_val': 0.5646922303914391, 'hidden_size': 58, 'dropout': 0.12706922366824183, 'hidden_continuous_size': 38, 'attention_head_size': 2, 'learning_rate': 0.036996040024235684}. Best is trial 13 with value: 42.5617561340332.
LOCAL_RANK: 0 - CUDA_VISIBLE_DEVICES: [0]
[I 2023-11-30 07:17:34,668] Trial 78 finished with value: 70.28277587890625 and parameters: {'gradient_clip_val': 0.5049804492148932, 'hidden_size': 84, 'dropout': 0.13599037964344232, 'hidden_continuous_size': 30, 'attention_head_size': 2, 'learning_rate': 0.02190970741835832}. Best is trial 13 with value: 42.5617561340332.
LOCAL_RANK: 0 - CUDA_VISIBLE_DEVICES: [0]
[I 2023-11-30 07:17:48,455] Trial 79 finished with value: 48.44243240356445 and parameters: {'gradient_clip_val': 0.8944911198253176, 'hidden_size': 74, 'dropout': 0.1486132249742563, 'hidden_continuous_size': 34, 'attention_head_size': 2, 'learning_rate': 0.048887006384782036}. Best is trial 13 with value: 42.5617561340332.
LOCAL_RANK: 0 - CUDA_VISIBLE_DEVICES: [0]
[I 2023-11-30 07:18:02,515] Trial 80 finished with value: 53.953182220458984 and parameters: {'gradient_clip_val': 0.8391941288594754, 'hidden_size': 119, 'dropout': 0.11141950459649061, 'hidden_continuous_size': 42, 'attention_head_size': 2, 'learning_rate': 0.04146971764413842}. Best is trial 13 with value: 42.5617561340332.
LOCAL_RANK: 0 - CUDA_VISIBLE_DEVICES: [0]
[I 2023-11-30 07:18:16,183] Trial 81 finished with value: 37.0884895324707 and parameters: {'gradient_clip_val': 0.7989294521058694, 'hidden_size': 90, 'dropout': 0.16166915776729646, 'hidden_continuous_size': 32, 'attention_head_size': 2, 'learning_rate': 0.05842611191142493}. Best is trial 81 with value: 37.0884895324707.
LOCAL_RANK: 0 - CUDA_VISIBLE_DEVICES: [0]
[I 2023-11-30 07:18:30,006] Trial 82 finished with value: 52.688228607177734 and parameters: {'gradient_clip_val': 0.6749016217678363, 'hidden_size': 98, 'dropout': 0.1656955460127206, 'hidden_continuous_size': 36, 'attention_head_size': 2, 'learning_rate': 0.04503543046053895}. Best is trial 81 with value: 37.0884895324707.
LOCAL_RANK: 0 - CUDA_VISIBLE_DEVICES: [0]
[I 2023-11-30 07:18:43,924] Trial 83 finished with value: 40.804298400878906 and parameters: {'gradient_clip_val': 0.8079185598678001, 'hidden_size': 110, 'dropout': 0.15820195298821813, 'hidden_continuous_size': 46, 'attention_head_size': 2, 'learning_rate': 0.05942025281566838}. Best is trial 81 with value: 37.0884895324707.
LOCAL_RANK: 0 - CUDA_VISIBLE_DEVICES: [0]
[I 2023-11-30 07:18:58,129] Trial 84 finished with value: 56.76749801635742 and parameters: {'gradient_clip_val': 0.925549360279464, 'hidden_size': 106, 'dropout': 0.15640478085189713, 'hidden_continuous_size': 41, 'attention_head_size': 2, 'learning_rate': 0.056368110524961296}. Best is trial 81 with value: 37.0884895324707.
LOCAL_RANK: 0 - CUDA_VISIBLE_DEVICES: [0]
[I 2023-11-30 07:19:12,151] Trial 85 finished with value: 76.56917572021484 and parameters: {'gradient_clip_val': 0.797281856861925, 'hidden_size': 140, 'dropout': 0.17038567326330492, 'hidden_continuous_size': 47, 'attention_head_size': 2, 'learning_rate': 0.06455712093217177}. Best is trial 81 with value: 37.0884895324707.
LOCAL_RANK: 0 - CUDA_VISIBLE_DEVICES: [0]
[I 2023-11-30 07:19:26,052] Trial 86 finished with value: 56.255889892578125 and parameters: {'gradient_clip_val': 0.7224525207184734, 'hidden_size': 128, 'dropout': 0.1811404685475204, 'hidden_continuous_size': 45, 'attention_head_size': 2, 'learning_rate': 0.05477340547021833}. Best is trial 81 with value: 37.0884895324707.
LOCAL_RANK: 0 - CUDA_VISIBLE_DEVICES: [0]
[I 2023-11-30 07:19:39,794] Trial 87 finished with value: 64.18572235107422 and parameters: {'gradient_clip_val': 0.8644148399572485, 'hidden_size': 89, 'dropout': 0.150190868881714, 'hidden_continuous_size': 39, 'attention_head_size': 2, 'learning_rate': 0.05097129177967539}. Best is trial 81 with value: 37.0884895324707.
LOCAL_RANK: 0 - CUDA_VISIBLE_DEVICES: [0]
[I 2023-11-30 07:19:53,632] Trial 88 finished with value: 43.2830924987793 and parameters: {'gradient_clip_val': 0.8133483526656639, 'hidden_size': 109, 'dropout': 0.17184675148061954, 'hidden_continuous_size': 27, 'attention_head_size': 2, 'learning_rate': 0.06953821634448933}. Best is trial 81 with value: 37.0884895324707.
LOCAL_RANK: 0 - CUDA_VISIBLE_DEVICES: [0]
[I 2023-11-30 07:20:07,579] Trial 89 finished with value: 50.70316696166992 and parameters: {'gradient_clip_val': 0.8187448315507361, 'hidden_size': 110, 'dropout': 0.15979742642005706, 'hidden_continuous_size': 26, 'attention_head_size': 2, 'learning_rate': 0.07136225551138119}. Best is trial 81 with value: 37.0884895324707.
LOCAL_RANK: 0 - CUDA_VISIBLE_DEVICES: [0]
[I 2023-11-30 07:20:21,428] Trial 90 finished with value: 53.46956253051758 and parameters: {'gradient_clip_val': 0.9769959006466498, 'hidden_size': 124, 'dropout': 0.17419987758858177, 'hidden_continuous_size': 28, 'attention_head_size': 1, 'learning_rate': 0.07837502944995345}. Best is trial 81 with value: 37.0884895324707.
LOCAL_RANK: 0 - CUDA_VISIBLE_DEVICES: [0]
[I 2023-11-30 07:20:35,035] Trial 91 finished with value: 39.72562026977539 and parameters: {'gradient_clip_val': 0.7779568162413433, 'hidden_size': 100, 'dropout': 0.16151681187998743, 'hidden_continuous_size': 30, 'attention_head_size': 2, 'learning_rate': 0.05978554895330286}. Best is trial 81 with value: 37.0884895324707.
LOCAL_RANK: 0 - CUDA_VISIBLE_DEVICES: [0]
[I 2023-11-30 07:20:48,973] Trial 92 finished with value: 49.93016052246094 and parameters: {'gradient_clip_val': 0.7814979369926619, 'hidden_size': 114, 'dropout': 0.16248909698361824, 'hidden_continuous_size': 31, 'attention_head_size': 2, 'learning_rate': 0.061431272797259386}. Best is trial 81 with value: 37.0884895324707.
LOCAL_RANK: 0 - CUDA_VISIBLE_DEVICES: [0]
[I 2023-11-30 07:21:02,718] Trial 93 finished with value: 58.11527633666992 and parameters: {'gradient_clip_val': 0.9406215644182415, 'hidden_size': 99, 'dropout': 0.1700730157583757, 'hidden_continuous_size': 26, 'attention_head_size': 2, 'learning_rate': 0.06813367781366757}. Best is trial 81 with value: 37.0884895324707.
LOCAL_RANK: 0 - CUDA_VISIBLE_DEVICES: [0]
[I 2023-11-30 07:21:16,707] Trial 94 finished with value: 60.49473190307617 and parameters: {'gradient_clip_val': 0.8698099180626202, 'hidden_size': 120, 'dropout': 0.18366096628492862, 'hidden_continuous_size': 24, 'attention_head_size': 2, 'learning_rate': 0.059752932969919355}. Best is trial 81 with value: 37.0884895324707.
LOCAL_RANK: 0 - CUDA_VISIBLE_DEVICES: [0]
[I 2023-11-30 07:21:30,835] Trial 95 finished with value: 51.74387741088867 and parameters: {'gradient_clip_val': 0.7130837638585272, 'hidden_size': 139, 'dropout': 0.17722554818552483, 'hidden_continuous_size': 30, 'attention_head_size': 2, 'learning_rate': 0.04697858810233212}. Best is trial 81 with value: 37.0884895324707.
LOCAL_RANK: 0 - CUDA_VISIBLE_DEVICES: [0]
[I 2023-11-30 07:21:44,304] Trial 96 finished with value: 45.2296028137207 and parameters: {'gradient_clip_val': 0.9000217278121071, 'hidden_size': 92, 'dropout': 0.1947357355802804, 'hidden_continuous_size': 28, 'attention_head_size': 2, 'learning_rate': 0.052885194602312446}. Best is trial 81 with value: 37.0884895324707.
LOCAL_RANK: 0 - CUDA_VISIBLE_DEVICES: [0]
