[I 2023-11-29 21:40:01,963] Trial 108 finished with value: 67.37720489501953 and parameters: {'gradient_clip_val': 0.9120580132070026, 'hidden_size': 107, 'dropout': 0.37103572980991845, 'hidden_continuous_size': 57, 'attention_head_size': 4, 'learning_rate': 0.027837322325633095}. Best is trial 30 with value: 59.87215042114258.
LOCAL_RANK: 0 - CUDA_VISIBLE_DEVICES: [0]
[I 2023-11-29 21:40:16,181] Trial 109 finished with value: 81.13846588134766 and parameters: {'gradient_clip_val': 0.9210580953091047, 'hidden_size': 114, 'dropout': 0.3343527503842978, 'hidden_continuous_size': 50, 'attention_head_size': 4, 'learning_rate': 0.042422932601762345}. Best is trial 30 with value: 59.87215042114258.
LOCAL_RANK: 0 - CUDA_VISIBLE_DEVICES: [0]
[I 2023-11-29 21:40:30,503] Trial 110 finished with value: 75.98059844970703 and parameters: {'gradient_clip_val': 0.7972731639231012, 'hidden_size': 107, 'dropout': 0.3714945051199, 'hidden_continuous_size': 77, 'attention_head_size': 4, 'learning_rate': 0.01733168408032802}. Best is trial 30 with value: 59.87215042114258.
LOCAL_RANK: 0 - CUDA_VISIBLE_DEVICES: [0]
[I 2023-11-29 21:40:44,355] Trial 111 finished with value: 82.67401885986328 and parameters: {'gradient_clip_val': 0.8435334113190732, 'hidden_size': 92, 'dropout': 0.3608939771858254, 'hidden_continuous_size': 56, 'attention_head_size': 4, 'learning_rate': 0.02858199969057625}. Best is trial 30 with value: 59.87215042114258.
LOCAL_RANK: 0 - CUDA_VISIBLE_DEVICES: [0]
[I 2023-11-29 21:40:58,395] Trial 112 finished with value: 70.9285659790039 and parameters: {'gradient_clip_val': 0.9313424121368887, 'hidden_size': 84, 'dropout': 0.37703619121756105, 'hidden_continuous_size': 68, 'attention_head_size': 4, 'learning_rate': 0.032020545460069584}. Best is trial 30 with value: 59.87215042114258.
LOCAL_RANK: 0 - CUDA_VISIBLE_DEVICES: [0]
[I 2023-11-29 21:41:12,606] Trial 113 finished with value: 98.66766357421875 and parameters: {'gradient_clip_val': 0.9621175786252216, 'hidden_size': 100, 'dropout': 0.3905269055091905, 'hidden_continuous_size': 60, 'attention_head_size': 4, 'learning_rate': 0.0199647695762842}. Best is trial 30 with value: 59.87215042114258.
LOCAL_RANK: 0 - CUDA_VISIBLE_DEVICES: [0]
[I 2023-11-29 21:41:26,728] Trial 114 finished with value: 84.52652740478516 and parameters: {'gradient_clip_val': 0.7165353054483995, 'hidden_size': 124, 'dropout': 0.366279693553569, 'hidden_continuous_size': 63, 'attention_head_size': 4, 'learning_rate': 0.024179034164957567}. Best is trial 30 with value: 59.87215042114258.
LOCAL_RANK: 0 - CUDA_VISIBLE_DEVICES: [0]
[I 2023-11-29 21:41:40,745] Trial 115 finished with value: 85.9837875366211 and parameters: {'gradient_clip_val': 0.8875153633352144, 'hidden_size': 107, 'dropout': 0.38552610501667617, 'hidden_continuous_size': 52, 'attention_head_size': 4, 'learning_rate': 0.026738122143202037}. Best is trial 30 with value: 59.87215042114258.
LOCAL_RANK: 0 - CUDA_VISIBLE_DEVICES: [0]
[I 2023-11-29 21:41:54,892] Trial 116 finished with value: 85.72821044921875 and parameters: {'gradient_clip_val': 0.6592732522794249, 'hidden_size': 132, 'dropout': 0.3947810412631354, 'hidden_continuous_size': 48, 'attention_head_size': 4, 'learning_rate': 0.030175137030822145}. Best is trial 30 with value: 59.87215042114258.
LOCAL_RANK: 0 - CUDA_VISIBLE_DEVICES: [0]
[I 2023-11-29 21:42:09,119] Trial 117 finished with value: 83.36832427978516 and parameters: {'gradient_clip_val': 0.7479630644318274, 'hidden_size': 115, 'dropout': 0.39981872657933865, 'hidden_continuous_size': 57, 'attention_head_size': 4, 'learning_rate': 0.03636399690998358}. Best is trial 30 with value: 59.87215042114258.
LOCAL_RANK: 0 - CUDA_VISIBLE_DEVICES: [0]
[I 2023-11-29 21:42:23,405] Trial 118 finished with value: 71.52569580078125 and parameters: {'gradient_clip_val': 0.8057490799419926, 'hidden_size': 87, 'dropout': 0.37354820244644044, 'hidden_continuous_size': 67, 'attention_head_size': 3, 'learning_rate': 0.018673898561690532}. Best is trial 30 with value: 59.87215042114258.
LOCAL_RANK: 0 - CUDA_VISIBLE_DEVICES: [0]
[I 2023-11-29 21:42:37,674] Trial 119 finished with value: 77.44300079345703 and parameters: {'gradient_clip_val': 0.8523522255088392, 'hidden_size': 95, 'dropout': 0.3548084947052754, 'hidden_continuous_size': 72, 'attention_head_size': 4, 'learning_rate': 0.022739600686491074}. Best is trial 30 with value: 59.87215042114258.
LOCAL_RANK: 0 - CUDA_VISIBLE_DEVICES: [0]
[I 2023-11-29 21:42:51,741] Trial 120 finished with value: 84.10240936279297 and parameters: {'gradient_clip_val': 0.5978460998997027, 'hidden_size': 81, 'dropout': 0.38236860986468724, 'hidden_continuous_size': 64, 'attention_head_size': 4, 'learning_rate': 0.03502186541890579}. Best is trial 30 with value: 59.87215042114258.
LOCAL_RANK: 0 - CUDA_VISIBLE_DEVICES: [0]
[I 2023-11-29 21:43:05,607] Trial 121 finished with value: 89.71236419677734 and parameters: {'gradient_clip_val': 0.9315402238225977, 'hidden_size': 84, 'dropout': 0.37510489949917036, 'hidden_continuous_size': 59, 'attention_head_size': 4, 'learning_rate': 0.03279022563369522}. Best is trial 30 with value: 59.87215042114258.
LOCAL_RANK: 0 - CUDA_VISIBLE_DEVICES: [0]
[I 2023-11-29 21:43:19,497] Trial 122 finished with value: 86.40840911865234 and parameters: {'gradient_clip_val': 0.9582068122234655, 'hidden_size': 72, 'dropout': 0.36298783847575694, 'hidden_continuous_size': 68, 'attention_head_size': 4, 'learning_rate': 0.027491398324089315}. Best is trial 30 with value: 59.87215042114258.
LOCAL_RANK: 0 - CUDA_VISIBLE_DEVICES: [0]
[I 2023-11-29 21:43:33,981] Trial 123 finished with value: 87.3470458984375 and parameters: {'gradient_clip_val': 0.9961988272238644, 'hidden_size': 90, 'dropout': 0.3780975786335422, 'hidden_continuous_size': 75, 'attention_head_size': 4, 'learning_rate': 0.040556547819682126}. Best is trial 30 with value: 59.87215042114258.
LOCAL_RANK: 0 - CUDA_VISIBLE_DEVICES: [0]
[I 2023-11-29 21:43:48,381] Trial 124 finished with value: 80.9107666015625 and parameters: {'gradient_clip_val': 0.888693597142472, 'hidden_size': 102, 'dropout': 0.38573919771556603, 'hidden_continuous_size': 68, 'attention_head_size': 4, 'learning_rate': 0.031842270658047775}. Best is trial 30 with value: 59.87215042114258.
LOCAL_RANK: 0 - CUDA_VISIBLE_DEVICES: [0]
[I 2023-11-29 21:44:02,651] Trial 125 finished with value: 80.77079010009766 and parameters: {'gradient_clip_val': 0.9261967659643628, 'hidden_size': 109, 'dropout': 0.36897697044852373, 'hidden_continuous_size': 54, 'attention_head_size': 4, 'learning_rate': 0.02580152463116805}. Best is trial 30 with value: 59.87215042114258.
LOCAL_RANK: 0 - CUDA_VISIBLE_DEVICES: [0]
[I 2023-11-29 21:44:17,187] Trial 126 finished with value: 87.82787322998047 and parameters: {'gradient_clip_val': 0.8233707929050651, 'hidden_size': 121, 'dropout': 0.3481444826372397, 'hidden_continuous_size': 83, 'attention_head_size': 4, 'learning_rate': 0.021141947352105856}. Best is trial 30 with value: 59.87215042114258.
LOCAL_RANK: 0 - CUDA_VISIBLE_DEVICES: [0]
[I 2023-11-29 21:44:31,211] Trial 127 finished with value: 87.191162109375 and parameters: {'gradient_clip_val': 0.775443899904299, 'hidden_size': 96, 'dropout': 0.359082846363463, 'hidden_continuous_size': 61, 'attention_head_size': 4, 'learning_rate': 0.029229574616039748}. Best is trial 30 with value: 59.87215042114258.
LOCAL_RANK: 0 - CUDA_VISIBLE_DEVICES: [0]
[I 2023-11-29 21:44:45,462] Trial 128 finished with value: 64.4094467163086 and parameters: {'gradient_clip_val': 0.8994619317142739, 'hidden_size': 78, 'dropout': 0.3898047722055877, 'hidden_continuous_size': 64, 'attention_head_size': 4, 'learning_rate': 0.04637197163810757}. Best is trial 30 with value: 59.87215042114258.
LOCAL_RANK: 0 - CUDA_VISIBLE_DEVICES: [0]
[I 2023-11-29 21:44:59,341] Trial 129 finished with value: 76.30847930908203 and parameters: {'gradient_clip_val': 0.6942601764893872, 'hidden_size': 78, 'dropout': 0.39184636654308463, 'hidden_continuous_size': 64, 'attention_head_size': 4, 'learning_rate': 0.04738472707308956}. Best is trial 30 with value: 59.87215042114258.
LOCAL_RANK: 0 - CUDA_VISIBLE_DEVICES: [0]
[I 2023-11-29 21:45:13,582] Trial 130 finished with value: 83.4063949584961 and parameters: {'gradient_clip_val': 0.5524934328673581, 'hidden_size': 129, 'dropout': 0.3829822427550255, 'hidden_continuous_size': 45, 'attention_head_size': 4, 'learning_rate': 0.04448465565718004}. Best is trial 30 with value: 59.87215042114258.
LOCAL_RANK: 0 - CUDA_VISIBLE_DEVICES: [0]
[I 2023-11-29 21:45:27,430] Trial 131 finished with value: 75.81219482421875 and parameters: {'gradient_clip_val': 0.9033087654543458, 'hidden_size': 84, 'dropout': 0.3783635175210028, 'hidden_continuous_size': 57, 'attention_head_size': 4, 'learning_rate': 0.05287135938513309}. Best is trial 30 with value: 59.87215042114258.
LOCAL_RANK: 0 - CUDA_VISIBLE_DEVICES: [0]
[I 2023-11-29 21:45:41,471] Trial 132 finished with value: 78.71202850341797 and parameters: {'gradient_clip_val': 0.9629951145443935, 'hidden_size': 76, 'dropout': 0.3714033264214202, 'hidden_continuous_size': 65, 'attention_head_size': 4, 'learning_rate': 0.037377996298103844}. Best is trial 30 with value: 59.87215042114258.
LOCAL_RANK: 0 - CUDA_VISIBLE_DEVICES: [0]
[I 2023-11-29 21:45:55,668] Trial 133 finished with value: 94.71575927734375 and parameters: {'gradient_clip_val': 0.8621256407637835, 'hidden_size': 69, 'dropout': 0.3918644615494396, 'hidden_continuous_size': 61, 'attention_head_size': 4, 'learning_rate': 0.02332156250058113}. Best is trial 30 with value: 59.87215042114258.
LOCAL_RANK: 0 - CUDA_VISIBLE_DEVICES: [0]
[I 2023-11-29 21:46:09,966] Trial 134 finished with value: 80.52770233154297 and parameters: {'gradient_clip_val': 0.9986044357689363, 'hidden_size': 87, 'dropout': 0.36292220731004093, 'hidden_continuous_size': 72, 'attention_head_size': 4, 'learning_rate': 0.033206257665996976}. Best is trial 30 with value: 59.87215042114258.
LOCAL_RANK: 0 - CUDA_VISIBLE_DEVICES: [0]
[I 2023-11-29 21:46:24,354] Trial 135 finished with value: 75.81970977783203 and parameters: {'gradient_clip_val': 0.9183286959297621, 'hidden_size': 99, 'dropout': 0.38031085426239947, 'hidden_continuous_size': 69, 'attention_head_size': 4, 'learning_rate': 0.01956838530792898}. Best is trial 30 with value: 59.87215042114258.
LOCAL_RANK: 0 - CUDA_VISIBLE_DEVICES: [0]
[I 2023-11-29 21:46:38,489] Trial 136 finished with value: 78.2870101928711 and parameters: {'gradient_clip_val': 0.8515159620901559, 'hidden_size': 80, 'dropout': 0.3060346603897034, 'hidden_continuous_size': 66, 'attention_head_size': 4, 'learning_rate': 0.025571456945992953}. Best is trial 30 with value: 59.87215042114258.
LOCAL_RANK: 0 - CUDA_VISIBLE_DEVICES: [0]
[I 2023-11-29 21:46:52,599] Trial 137 finished with value: 72.99858856201172 and parameters: {'gradient_clip_val': 0.8112167026502292, 'hidden_size': 113, 'dropout': 0.37255870433250365, 'hidden_continuous_size': 78, 'attention_head_size': 1, 'learning_rate': 0.03085343871376529}. Best is trial 30 with value: 59.87215042114258.
LOCAL_RANK: 0 - CUDA_VISIBLE_DEVICES: [0]
[I 2023-11-29 21:47:06,777] Trial 138 finished with value: 78.7267837524414 and parameters: {'gradient_clip_val': 0.7317006425618103, 'hidden_size': 92, 'dropout': 0.39975084804514277, 'hidden_continuous_size': 55, 'attention_head_size': 4, 'learning_rate': 0.016151393368071514}. Best is trial 30 with value: 59.87215042114258.
LOCAL_RANK: 0 - CUDA_VISIBLE_DEVICES: [0]
[I 2023-11-29 21:47:20,923] Trial 139 finished with value: 70.87383270263672 and parameters: {'gradient_clip_val': 0.9105403858930289, 'hidden_size': 105, 'dropout': 0.29007463079930956, 'hidden_continuous_size': 51, 'attention_head_size': 4, 'learning_rate': 0.03995726527702051}. Best is trial 30 with value: 59.87215042114258.
LOCAL_RANK: 0 - CUDA_VISIBLE_DEVICES: [0]
[I 2023-11-29 21:47:35,029] Trial 140 finished with value: 67.82223510742188 and parameters: {'gradient_clip_val': 0.7651465223282687, 'hidden_size': 105, 'dropout': 0.31640438178702773, 'hidden_continuous_size': 49, 'attention_head_size': 4, 'learning_rate': 0.039390361953306856}. Best is trial 30 with value: 59.87215042114258.
LOCAL_RANK: 0 - CUDA_VISIBLE_DEVICES: [0]
[I 2023-11-29 21:47:49,086] Trial 141 finished with value: 82.34453582763672 and parameters: {'gradient_clip_val': 0.7634201998344607, 'hidden_size': 105, 'dropout': 0.32388721086480443, 'hidden_continuous_size': 52, 'attention_head_size': 4, 'learning_rate': 0.03921297708326036}. Best is trial 30 with value: 59.87215042114258.
LOCAL_RANK: 0 - CUDA_VISIBLE_DEVICES: [0]
[I 2023-11-29 21:48:03,332] Trial 142 finished with value: 77.2391586303711 and parameters: {'gradient_clip_val': 0.8751017383308418, 'hidden_size': 117, 'dropout': 0.31597619698413754, 'hidden_continuous_size': 50, 'attention_head_size': 4, 'learning_rate': 0.04158698219407094}. Best is trial 30 with value: 59.87215042114258.
LOCAL_RANK: 0 - CUDA_VISIBLE_DEVICES: [0]
[I 2023-11-29 21:48:17,617] Trial 143 finished with value: 78.52978515625 and parameters: {'gradient_clip_val': 0.5217936684753921, 'hidden_size': 109, 'dropout': 0.32404000389015797, 'hidden_continuous_size': 47, 'attention_head_size': 4, 'learning_rate': 0.04986589355474616}. Best is trial 30 with value: 59.87215042114258.
LOCAL_RANK: 0 - CUDA_VISIBLE_DEVICES: [0]
[I 2023-11-29 21:48:31,834] Trial 144 finished with value: 77.16975402832031 and parameters: {'gradient_clip_val': 0.8156093062566386, 'hidden_size': 124, 'dropout': 0.29602182593151116, 'hidden_continuous_size': 58, 'attention_head_size': 4, 'learning_rate': 0.058206510124989}. Best is trial 30 with value: 59.87215042114258.
LOCAL_RANK: 0 - CUDA_VISIBLE_DEVICES: [0]
[I 2023-11-29 21:48:46,185] Trial 145 finished with value: 77.13121032714844 and parameters: {'gradient_clip_val': 0.48656153063711527, 'hidden_size': 137, 'dropout': 0.3153000622456512, 'hidden_continuous_size': 44, 'attention_head_size': 4, 'learning_rate': 0.02225977288584433}. Best is trial 30 with value: 59.87215042114258.
LOCAL_RANK: 0 - CUDA_VISIBLE_DEVICES: [0]
[I 2023-11-29 21:49:00,282] Trial 146 finished with value: 74.97198486328125 and parameters: {'gradient_clip_val': 0.8904578855796524, 'hidden_size': 101, 'dropout': 0.2936994096194168, 'hidden_continuous_size': 56, 'attention_head_size': 4, 'learning_rate': 0.04467640503096937}. Best is trial 30 with value: 59.87215042114258.
LOCAL_RANK: 0 - CUDA_VISIBLE_DEVICES: [0]
[I 2023-11-29 21:49:14,365] Trial 147 finished with value: 74.63714599609375 and parameters: {'gradient_clip_val': 0.626643565948976, 'hidden_size': 95, 'dropout': 0.33347194768386645, 'hidden_continuous_size': 52, 'attention_head_size': 4, 'learning_rate': 0.03573173518169239}. Best is trial 30 with value: 59.87215042114258.
LOCAL_RANK: 0 - CUDA_VISIBLE_DEVICES: [0]
[I 2023-11-29 21:49:28,639] Trial 148 finished with value: 80.94988250732422 and parameters: {'gradient_clip_val': 0.781180253865218, 'hidden_size': 117, 'dropout': 0.30702096259499057, 'hidden_continuous_size': 49, 'attention_head_size': 4, 'learning_rate': 0.028235830202265593}. Best is trial 30 with value: 59.87215042114258.
LOCAL_RANK: 0 - CUDA_VISIBLE_DEVICES: [0]
[I 2023-11-29 21:49:42,865] Trial 149 finished with value: 75.0753402709961 and parameters: {'gradient_clip_val': 0.4366104204113677, 'hidden_size': 106, 'dropout': 0.3404510019356204, 'hidden_continuous_size': 60, 'attention_head_size': 4, 'learning_rate': 0.024398407860076035}. Best is trial 30 with value: 59.87215042114258.
[I 2023-11-29 21:49:42,976] A new study created in memory with name: no-name-2778b8cc-1633-4abf-b2c6-828249ecfca1
/home/le004/conda/anaconda3/envs/tsff_env/lib/python3.9/site-packages/lightning/fabric/plugins/environments/slurm.py:191: The `srun` command is available on your system but is not used. HINT: If your intention is to run Lightning on SLURM, prepend your python command with `srun` like so: srun python /home/le004/master_thesis/git/TSFusionForecast/code/ ...
LOCAL_RANK: 0 - CUDA_VISIBLE_DEVICES: [0]
[I 2023-11-29 21:49:55,037] Trial 0 finished with value: 173.6673126220703 and parameters: {'gradient_clip_val': 0.7189853191159721, 'hidden_size': 12, 'dropout': 0.20727742023252868, 'hidden_continuous_size': 11, 'attention_head_size': 3, 'learning_rate': 0.012647658078152388}. Best is trial 0 with value: 173.6673126220703.
LOCAL_RANK: 0 - CUDA_VISIBLE_DEVICES: [0]
[I 2023-11-29 21:50:08,373] Trial 1 finished with value: 122.21932220458984 and parameters: {'gradient_clip_val': 0.3624345345952575, 'hidden_size': 105, 'dropout': 0.13159679550370398, 'hidden_continuous_size': 11, 'attention_head_size': 2, 'learning_rate': 0.0042287150355823306}. Best is trial 1 with value: 122.21932220458984.
LOCAL_RANK: 0 - CUDA_VISIBLE_DEVICES: [0]
[I 2023-11-29 21:50:21,771] Trial 2 finished with value: 136.63905334472656 and parameters: {'gradient_clip_val': 0.6712324470718187, 'hidden_size': 60, 'dropout': 0.11101838014771725, 'hidden_continuous_size': 56, 'attention_head_size': 2, 'learning_rate': 0.037919211867264664}. Best is trial 1 with value: 122.21932220458984.
LOCAL_RANK: 0 - CUDA_VISIBLE_DEVICES: [0]
[I 2023-11-29 21:50:34,209] Trial 3 finished with value: 167.979248046875 and parameters: {'gradient_clip_val': 0.5851145462689555, 'hidden_size': 19, 'dropout': 0.12912201477716864, 'hidden_continuous_size': 14, 'attention_head_size': 3, 'learning_rate': 0.004866504254218008}. Best is trial 1 with value: 122.21932220458984.
LOCAL_RANK: 0 - CUDA_VISIBLE_DEVICES: [0]
[I 2023-11-29 21:50:46,505] Trial 4 finished with value: 122.45974731445312 and parameters: {'gradient_clip_val': 0.14211690602520813, 'hidden_size': 25, 'dropout': 0.17354101838188093, 'hidden_continuous_size': 17, 'attention_head_size': 2, 'learning_rate': 0.026279177276419586}. Best is trial 1 with value: 122.21932220458984.
LOCAL_RANK: 0 - CUDA_VISIBLE_DEVICES: [0]
[I 2023-11-29 21:50:58,707] Trial 5 finished with value: 112.1159896850586 and parameters: {'gradient_clip_val': 0.461443125484325, 'hidden_size': 22, 'dropout': 0.11395593989105439, 'hidden_continuous_size': 16, 'attention_head_size': 1, 'learning_rate': 0.02621621149855083}. Best is trial 5 with value: 112.1159896850586.
LOCAL_RANK: 0 - CUDA_VISIBLE_DEVICES: [0]
[I 2023-11-29 21:51:12,742] Trial 6 finished with value: 136.5769500732422 and parameters: {'gradient_clip_val': 0.34830824168867924, 'hidden_size': 107, 'dropout': 0.19362716221148146, 'hidden_continuous_size': 38, 'attention_head_size': 4, 'learning_rate': 0.01111266668289772}. Best is trial 5 with value: 112.1159896850586.
LOCAL_RANK: 0 - CUDA_VISIBLE_DEVICES: [0]
[I 2023-11-29 21:51:23,329] Trial 7 finished with value: 121.58072662353516 and parameters: {'gradient_clip_val': 0.29212263813408623, 'hidden_size': 10, 'dropout': 0.3564706668904528, 'hidden_continuous_size': 10, 'attention_head_size': 4, 'learning_rate': 0.08187402232249051}. Best is trial 5 with value: 112.1159896850586.
LOCAL_RANK: 0 - CUDA_VISIBLE_DEVICES: [0]
[I 2023-11-29 21:51:33,367] Trial 8 finished with value: 288.472900390625 and parameters: {'gradient_clip_val': 0.7873465416095478, 'hidden_size': 10, 'dropout': 0.38846828399751676, 'hidden_continuous_size': 10, 'attention_head_size': 1, 'learning_rate': 0.001129722922350683}. Best is trial 5 with value: 112.1159896850586.
LOCAL_RANK: 0 - CUDA_VISIBLE_DEVICES: [0]
[I 2023-11-29 21:51:45,598] Trial 9 finished with value: 291.1951904296875 and parameters: {'gradient_clip_val': 0.137587126638566, 'hidden_size': 17, 'dropout': 0.2540031552698015, 'hidden_continuous_size': 13, 'attention_head_size': 2, 'learning_rate': 0.0010141205903464495}. Best is trial 5 with value: 112.1159896850586.
LOCAL_RANK: 0 - CUDA_VISIBLE_DEVICES: [0]
[I 2023-11-29 21:51:58,319] Trial 10 finished with value: 155.9663543701172 and parameters: {'gradient_clip_val': 0.9814942659487313, 'hidden_size': 37, 'dropout': 0.26981966961814774, 'hidden_continuous_size': 20, 'attention_head_size': 1, 'learning_rate': 0.09638075185105696}. Best is trial 5 with value: 112.1159896850586.
LOCAL_RANK: 0 - CUDA_VISIBLE_DEVICES: [0]
[I 2023-11-29 21:52:08,631] Trial 11 finished with value: 122.3077392578125 and parameters: {'gradient_clip_val': 0.27427088262271704, 'hidden_size': 10, 'dropout': 0.3236699014452968, 'hidden_continuous_size': 10, 'attention_head_size': 4, 'learning_rate': 0.05573942494042895}. Best is trial 5 with value: 112.1159896850586.
LOCAL_RANK: 0 - CUDA_VISIBLE_DEVICES: [0]
[I 2023-11-29 21:52:20,819] Trial 12 finished with value: 138.6990509033203 and parameters: {'gradient_clip_val': 0.2392574872708484, 'hidden_size': 17, 'dropout': 0.3053178553272305, 'hidden_continuous_size': 11, 'attention_head_size': 4, 'learning_rate': 0.084238709125944}. Best is trial 5 with value: 112.1159896850586.
LOCAL_RANK: 0 - CUDA_VISIBLE_DEVICES: [0]
[I 2023-11-29 21:52:33,326] Trial 13 finished with value: 106.16336822509766 and parameters: {'gradient_clip_val': 0.4555240524916051, 'hidden_size': 27, 'dropout': 0.36620943943343315, 'hidden_continuous_size': 13, 'attention_head_size': 3, 'learning_rate': 0.02826892954596369}. Best is trial 13 with value: 106.16336822509766.
LOCAL_RANK: 0 - CUDA_VISIBLE_DEVICES: [0]
[I 2023-11-29 21:52:45,931] Trial 14 finished with value: 123.24787139892578 and parameters: {'gradient_clip_val': 0.4829044410458467, 'hidden_size': 31, 'dropout': 0.39158202742229214, 'hidden_continuous_size': 16, 'attention_head_size': 3, 'learning_rate': 0.02216101045385355}. Best is trial 13 with value: 106.16336822509766.
LOCAL_RANK: 0 - CUDA_VISIBLE_DEVICES: [0]
[I 2023-11-29 21:52:58,817] Trial 15 finished with value: 142.06271362304688 and parameters: {'gradient_clip_val': 0.45052706952634364, 'hidden_size': 50, 'dropout': 0.22831884301766056, 'hidden_continuous_size': 22, 'attention_head_size': 1, 'learning_rate': 0.0342378267134438}. Best is trial 13 with value: 106.16336822509766.
LOCAL_RANK: 0 - CUDA_VISIBLE_DEVICES: [0]
