[I 2023-11-30 10:00:30,514] Trial 101 finished with value: 230.812255859375 and parameters: {'gradient_clip_val': 0.11661253675467498, 'hidden_size': 24, 'dropout': 0.34397888152211825, 'hidden_continuous_size': 16, 'attention_head_size': 1, 'learning_rate': 0.05529157960351707}. Best is trial 32 with value: 185.4176788330078.
LOCAL_RANK: 0 - CUDA_VISIBLE_DEVICES: [0]
[I 2023-11-30 10:00:42,590] Trial 102 finished with value: 225.6903533935547 and parameters: {'gradient_clip_val': 0.11140691428141981, 'hidden_size': 22, 'dropout': 0.33739477711909593, 'hidden_continuous_size': 16, 'attention_head_size': 1, 'learning_rate': 0.052057695928829306}. Best is trial 32 with value: 185.4176788330078.
LOCAL_RANK: 0 - CUDA_VISIBLE_DEVICES: [0]
[I 2023-11-30 10:00:54,569] Trial 103 finished with value: 303.712890625 and parameters: {'gradient_clip_val': 0.12734783407897715, 'hidden_size': 26, 'dropout': 0.32097166966165463, 'hidden_continuous_size': 17, 'attention_head_size': 1, 'learning_rate': 0.046130457808092364}. Best is trial 32 with value: 185.4176788330078.
LOCAL_RANK: 0 - CUDA_VISIBLE_DEVICES: [0]
[I 2023-11-30 10:01:06,204] Trial 104 finished with value: 192.8297882080078 and parameters: {'gradient_clip_val': 0.12021486239311781, 'hidden_size': 20, 'dropout': 0.34918553535326513, 'hidden_continuous_size': 15, 'attention_head_size': 1, 'learning_rate': 0.04052252466082994}. Best is trial 32 with value: 185.4176788330078.
LOCAL_RANK: 0 - CUDA_VISIBLE_DEVICES: [0]
[I 2023-11-30 10:01:17,736] Trial 105 finished with value: 239.8304901123047 and parameters: {'gradient_clip_val': 0.10383870748151612, 'hidden_size': 20, 'dropout': 0.3291217068304433, 'hidden_continuous_size': 15, 'attention_head_size': 1, 'learning_rate': 0.03619170551522873}. Best is trial 32 with value: 185.4176788330078.
LOCAL_RANK: 0 - CUDA_VISIBLE_DEVICES: [0]
[I 2023-11-30 10:01:29,777] Trial 106 finished with value: 227.4365234375 and parameters: {'gradient_clip_val': 0.12161915067143773, 'hidden_size': 28, 'dropout': 0.3579285123476209, 'hidden_continuous_size': 26, 'attention_head_size': 2, 'learning_rate': 0.031940969997321246}. Best is trial 32 with value: 185.4176788330078.
LOCAL_RANK: 0 - CUDA_VISIBLE_DEVICES: [0]
[I 2023-11-30 10:01:41,925] Trial 107 finished with value: 229.0020294189453 and parameters: {'gradient_clip_val': 0.1303288592237983, 'hidden_size': 18, 'dropout': 0.3869897048831753, 'hidden_continuous_size': 15, 'attention_head_size': 3, 'learning_rate': 0.04046366771362992}. Best is trial 32 with value: 185.4176788330078.
LOCAL_RANK: 0 - CUDA_VISIBLE_DEVICES: [0]
[I 2023-11-30 10:01:53,773] Trial 108 finished with value: 277.9253234863281 and parameters: {'gradient_clip_val': 0.1396388632977818, 'hidden_size': 17, 'dropout': 0.3338207160920449, 'hidden_continuous_size': 15, 'attention_head_size': 1, 'learning_rate': 0.025225542373252165}. Best is trial 32 with value: 185.4176788330078.
LOCAL_RANK: 0 - CUDA_VISIBLE_DEVICES: [0]
[I 2023-11-30 10:02:05,342] Trial 109 finished with value: 259.1961364746094 and parameters: {'gradient_clip_val': 0.146906993352079, 'hidden_size': 20, 'dropout': 0.30439319477486854, 'hidden_continuous_size': 14, 'attention_head_size': 3, 'learning_rate': 0.029423648690091817}. Best is trial 32 with value: 185.4176788330078.
LOCAL_RANK: 0 - CUDA_VISIBLE_DEVICES: [0]
[I 2023-11-30 10:02:17,478] Trial 110 finished with value: 234.63409423828125 and parameters: {'gradient_clip_val': 0.1797767556785532, 'hidden_size': 23, 'dropout': 0.3655259281961039, 'hidden_continuous_size': 18, 'attention_head_size': 3, 'learning_rate': 0.04679786286951671}. Best is trial 32 with value: 185.4176788330078.
LOCAL_RANK: 0 - CUDA_VISIBLE_DEVICES: [0]
[I 2023-11-30 10:02:29,050] Trial 111 finished with value: 191.14317321777344 and parameters: {'gradient_clip_val': 0.1140345898965797, 'hidden_size': 24, 'dropout': 0.3462952123038323, 'hidden_continuous_size': 16, 'attention_head_size': 1, 'learning_rate': 0.057460930304454885}. Best is trial 32 with value: 185.4176788330078.
LOCAL_RANK: 0 - CUDA_VISIBLE_DEVICES: [0]
[I 2023-11-30 10:02:41,081] Trial 112 finished with value: 250.6107177734375 and parameters: {'gradient_clip_val': 0.11111111992874104, 'hidden_size': 22, 'dropout': 0.3408714968855379, 'hidden_continuous_size': 19, 'attention_head_size': 1, 'learning_rate': 0.05797853772698728}. Best is trial 32 with value: 185.4176788330078.
LOCAL_RANK: 0 - CUDA_VISIBLE_DEVICES: [0]
[I 2023-11-30 10:02:53,008] Trial 113 finished with value: 257.6805725097656 and parameters: {'gradient_clip_val': 0.10391178280822237, 'hidden_size': 27, 'dropout': 0.37666059896263654, 'hidden_continuous_size': 16, 'attention_head_size': 1, 'learning_rate': 0.06696447346118171}. Best is trial 32 with value: 185.4176788330078.
LOCAL_RANK: 0 - CUDA_VISIBLE_DEVICES: [0]
[I 2023-11-30 10:03:05,233] Trial 114 finished with value: 256.4033508300781 and parameters: {'gradient_clip_val': 0.12027211875297142, 'hidden_size': 31, 'dropout': 0.35041661428241533, 'hidden_continuous_size': 20, 'attention_head_size': 1, 'learning_rate': 0.03758086837609301}. Best is trial 32 with value: 185.4176788330078.
LOCAL_RANK: 0 - CUDA_VISIBLE_DEVICES: [0]
[I 2023-11-30 10:03:17,080] Trial 115 finished with value: 247.5426788330078 and parameters: {'gradient_clip_val': 0.1273444144248342, 'hidden_size': 19, 'dropout': 0.356680271501699, 'hidden_continuous_size': 15, 'attention_head_size': 1, 'learning_rate': 0.08005372417163903}. Best is trial 32 with value: 185.4176788330078.
LOCAL_RANK: 0 - CUDA_VISIBLE_DEVICES: [0]
[I 2023-11-30 10:03:29,082] Trial 116 finished with value: 232.294677734375 and parameters: {'gradient_clip_val': 0.1004878954948978, 'hidden_size': 26, 'dropout': 0.3334277057436936, 'hidden_continuous_size': 18, 'attention_head_size': 1, 'learning_rate': 0.04099464495582552}. Best is trial 32 with value: 185.4176788330078.
LOCAL_RANK: 0 - CUDA_VISIBLE_DEVICES: [0]
[I 2023-11-30 10:03:41,229] Trial 117 finished with value: 206.25909423828125 and parameters: {'gradient_clip_val': 0.1135231670993971, 'hidden_size': 21, 'dropout': 0.38177429586687234, 'hidden_continuous_size': 16, 'attention_head_size': 2, 'learning_rate': 0.04890220910767583}. Best is trial 32 with value: 185.4176788330078.
LOCAL_RANK: 0 - CUDA_VISIBLE_DEVICES: [0]
[I 2023-11-30 10:03:53,150] Trial 118 finished with value: 226.81028747558594 and parameters: {'gradient_clip_val': 0.1083413398624328, 'hidden_size': 21, 'dropout': 0.39528494266466285, 'hidden_continuous_size': 11, 'attention_head_size': 2, 'learning_rate': 0.060254315389438554}. Best is trial 32 with value: 185.4176788330078.
LOCAL_RANK: 0 - CUDA_VISIBLE_DEVICES: [0]
[I 2023-11-30 10:04:05,177] Trial 119 finished with value: 224.7831573486328 and parameters: {'gradient_clip_val': 0.11377654357100604, 'hidden_size': 25, 'dropout': 0.3818218205218451, 'hidden_continuous_size': 16, 'attention_head_size': 2, 'learning_rate': 0.0491521750395273}. Best is trial 32 with value: 185.4176788330078.
LOCAL_RANK: 0 - CUDA_VISIBLE_DEVICES: [0]
[I 2023-11-30 10:04:16,827] Trial 120 finished with value: 247.83033752441406 and parameters: {'gradient_clip_val': 0.1329338702507916, 'hidden_size': 24, 'dropout': 0.38628379702763915, 'hidden_continuous_size': 17, 'attention_head_size': 2, 'learning_rate': 0.07143780479915797}. Best is trial 32 with value: 185.4176788330078.
LOCAL_RANK: 0 - CUDA_VISIBLE_DEVICES: [0]
[I 2023-11-30 10:04:28,786] Trial 121 finished with value: 270.1787109375 and parameters: {'gradient_clip_val': 0.12201197255049091, 'hidden_size': 22, 'dropout': 0.3658111022940242, 'hidden_continuous_size': 16, 'attention_head_size': 3, 'learning_rate': 0.04458317206631469}. Best is trial 32 with value: 185.4176788330078.
LOCAL_RANK: 0 - CUDA_VISIBLE_DEVICES: [0]
[I 2023-11-30 10:04:40,799] Trial 122 finished with value: 224.5290985107422 and parameters: {'gradient_clip_val': 0.1180556155048662, 'hidden_size': 20, 'dropout': 0.3266021304876619, 'hidden_continuous_size': 15, 'attention_head_size': 3, 'learning_rate': 0.034293386906327814}. Best is trial 32 with value: 185.4176788330078.
LOCAL_RANK: 0 - CUDA_VISIBLE_DEVICES: [0]
[I 2023-11-30 10:04:52,765] Trial 123 finished with value: 246.9932861328125 and parameters: {'gradient_clip_val': 0.10763053452363025, 'hidden_size': 23, 'dropout': 0.34494313750868544, 'hidden_continuous_size': 14, 'attention_head_size': 2, 'learning_rate': 0.09445487307305232}. Best is trial 32 with value: 185.4176788330078.
LOCAL_RANK: 0 - CUDA_VISIBLE_DEVICES: [0]
[I 2023-11-30 10:05:04,810] Trial 124 finished with value: 251.5187225341797 and parameters: {'gradient_clip_val': 0.13776603753128094, 'hidden_size': 29, 'dropout': 0.37351663432218163, 'hidden_continuous_size': 17, 'attention_head_size': 1, 'learning_rate': 0.05424225232386565}. Best is trial 32 with value: 185.4176788330078.
LOCAL_RANK: 0 - CUDA_VISIBLE_DEVICES: [0]
[I 2023-11-30 10:05:16,804] Trial 125 finished with value: 265.8033142089844 and parameters: {'gradient_clip_val': 0.1146733579045593, 'hidden_size': 22, 'dropout': 0.3959784770843445, 'hidden_continuous_size': 16, 'attention_head_size': 3, 'learning_rate': 0.03922466746153848}. Best is trial 32 with value: 185.4176788330078.
LOCAL_RANK: 0 - CUDA_VISIBLE_DEVICES: [0]
[I 2023-11-30 10:05:28,945] Trial 126 finished with value: 248.37109375 and parameters: {'gradient_clip_val': 0.15875839763293187, 'hidden_size': 28, 'dropout': 0.3157262597925115, 'hidden_continuous_size': 22, 'attention_head_size': 3, 'learning_rate': 0.04859860352172816}. Best is trial 32 with value: 185.4176788330078.
LOCAL_RANK: 0 - CUDA_VISIBLE_DEVICES: [0]
[I 2023-11-30 10:05:41,132] Trial 127 finished with value: 258.1634521484375 and parameters: {'gradient_clip_val': 0.12595083207269725, 'hidden_size': 21, 'dropout': 0.38901489331150796, 'hidden_continuous_size': 18, 'attention_head_size': 4, 'learning_rate': 0.06285336269949118}. Best is trial 32 with value: 185.4176788330078.
LOCAL_RANK: 0 - CUDA_VISIBLE_DEVICES: [0]
[I 2023-11-30 10:05:53,511] Trial 128 finished with value: 207.2635498046875 and parameters: {'gradient_clip_val': 0.1509711651182656, 'hidden_size': 35, 'dropout': 0.3599971194665821, 'hidden_continuous_size': 19, 'attention_head_size': 3, 'learning_rate': 0.044447375664373144}. Best is trial 32 with value: 185.4176788330078.
LOCAL_RANK: 0 - CUDA_VISIBLE_DEVICES: [0]
[I 2023-11-30 10:06:05,772] Trial 129 finished with value: 275.2727355957031 and parameters: {'gradient_clip_val': 0.15165371579833276, 'hidden_size': 35, 'dropout': 0.3787600162468827, 'hidden_continuous_size': 19, 'attention_head_size': 2, 'learning_rate': 0.0756599954660341}. Best is trial 32 with value: 185.4176788330078.
LOCAL_RANK: 0 - CUDA_VISIBLE_DEVICES: [0]
[I 2023-11-30 10:06:16,098] Trial 130 finished with value: 260.2450866699219 and parameters: {'gradient_clip_val': 0.13992423031644663, 'hidden_size': 40, 'dropout': 0.36140013331232307, 'hidden_continuous_size': 40, 'attention_head_size': 4, 'learning_rate': 0.04414409483970735}. Best is trial 32 with value: 185.4176788330078.
LOCAL_RANK: 0 - CUDA_VISIBLE_DEVICES: [0]
[I 2023-11-30 10:06:28,514] Trial 131 finished with value: 334.5097351074219 and parameters: {'gradient_clip_val': 0.16800654942193738, 'hidden_size': 34, 'dropout': 0.3505989887558603, 'hidden_continuous_size': 20, 'attention_head_size': 3, 'learning_rate': 0.05722473158548683}. Best is trial 32 with value: 185.4176788330078.
LOCAL_RANK: 0 - CUDA_VISIBLE_DEVICES: [0]
[I 2023-11-30 10:06:40,692] Trial 132 finished with value: 220.58880615234375 and parameters: {'gradient_clip_val': 0.1302589334687277, 'hidden_size': 18, 'dropout': 0.34173126052457586, 'hidden_continuous_size': 15, 'attention_head_size': 3, 'learning_rate': 0.035922290925631685}. Best is trial 32 with value: 185.4176788330078.
LOCAL_RANK: 0 - CUDA_VISIBLE_DEVICES: [0]
[I 2023-11-30 10:06:52,794] Trial 133 finished with value: 229.3265838623047 and parameters: {'gradient_clip_val': 0.14525900367073047, 'hidden_size': 25, 'dropout': 0.3673565249522622, 'hidden_continuous_size': 18, 'attention_head_size': 3, 'learning_rate': 0.04006581184981637}. Best is trial 32 with value: 185.4176788330078.
LOCAL_RANK: 0 - CUDA_VISIBLE_DEVICES: [0]
[I 2023-11-30 10:07:04,894] Trial 134 finished with value: 202.38848876953125 and parameters: {'gradient_clip_val': 0.12183795750127509, 'hidden_size': 32, 'dropout': 0.35416690897579767, 'hidden_continuous_size': 19, 'attention_head_size': 3, 'learning_rate': 0.03213680851093171}. Best is trial 32 with value: 185.4176788330078.
LOCAL_RANK: 0 - CUDA_VISIBLE_DEVICES: [0]
[I 2023-11-30 10:07:17,351] Trial 135 finished with value: 198.36448669433594 and parameters: {'gradient_clip_val': 0.11055395000474916, 'hidden_size': 38, 'dropout': 0.3539913898664279, 'hidden_continuous_size': 19, 'attention_head_size': 3, 'learning_rate': 0.05178453076953773}. Best is trial 32 with value: 185.4176788330078.
LOCAL_RANK: 0 - CUDA_VISIBLE_DEVICES: [0]
[I 2023-11-30 10:07:29,861] Trial 136 finished with value: 253.2362060546875 and parameters: {'gradient_clip_val': 0.11012380091679497, 'hidden_size': 37, 'dropout': 0.35574672375966765, 'hidden_continuous_size': 20, 'attention_head_size': 3, 'learning_rate': 0.05067615972867567}. Best is trial 32 with value: 185.4176788330078.
LOCAL_RANK: 0 - CUDA_VISIBLE_DEVICES: [0]
[I 2023-11-30 10:07:42,365] Trial 137 finished with value: 262.4217224121094 and parameters: {'gradient_clip_val': 0.20313921585919775, 'hidden_size': 33, 'dropout': 0.3704558026717369, 'hidden_continuous_size': 19, 'attention_head_size': 3, 'learning_rate': 0.0437898063130367}. Best is trial 32 with value: 185.4176788330078.
LOCAL_RANK: 0 - CUDA_VISIBLE_DEVICES: [0]
[I 2023-11-30 10:07:54,759] Trial 138 finished with value: 216.3291015625 and parameters: {'gradient_clip_val': 0.10037424805049139, 'hidden_size': 37, 'dropout': 0.358301341340905, 'hidden_continuous_size': 20, 'attention_head_size': 1, 'learning_rate': 0.03262386231812152}. Best is trial 32 with value: 185.4176788330078.
LOCAL_RANK: 0 - CUDA_VISIBLE_DEVICES: [0]
[I 2023-11-30 10:08:07,186] Trial 139 finished with value: 211.2027587890625 and parameters: {'gradient_clip_val': 0.11458693313795924, 'hidden_size': 31, 'dropout': 0.3818469450614402, 'hidden_continuous_size': 19, 'attention_head_size': 4, 'learning_rate': 0.028149412022531257}. Best is trial 32 with value: 185.4176788330078.
LOCAL_RANK: 0 - CUDA_VISIBLE_DEVICES: [0]
[I 2023-11-30 10:08:19,741] Trial 140 finished with value: 237.9853973388672 and parameters: {'gradient_clip_val': 0.10524528667209983, 'hidden_size': 42, 'dropout': 0.3478721186460937, 'hidden_continuous_size': 21, 'attention_head_size': 3, 'learning_rate': 0.05000174487597175}. Best is trial 32 with value: 185.4176788330078.
LOCAL_RANK: 0 - CUDA_VISIBLE_DEVICES: [0]
[I 2023-11-30 10:08:32,143] Trial 141 finished with value: 241.9022674560547 and parameters: {'gradient_clip_val': 0.12199057860084948, 'hidden_size': 34, 'dropout': 0.3377830976973686, 'hidden_continuous_size': 17, 'attention_head_size': 3, 'learning_rate': 0.06732924923059846}. Best is trial 32 with value: 185.4176788330078.
LOCAL_RANK: 0 - CUDA_VISIBLE_DEVICES: [0]
[I 2023-11-30 10:08:44,708] Trial 142 finished with value: 232.9807891845703 and parameters: {'gradient_clip_val': 0.13336699322429477, 'hidden_size': 35, 'dropout': 0.35289251484226175, 'hidden_continuous_size': 18, 'attention_head_size': 3, 'learning_rate': 0.05393849379169226}. Best is trial 32 with value: 185.4176788330078.
LOCAL_RANK: 0 - CUDA_VISIBLE_DEVICES: [0]
[I 2023-11-30 10:08:56,944] Trial 143 finished with value: 212.539794921875 and parameters: {'gradient_clip_val': 0.12019808760396748, 'hidden_size': 32, 'dropout': 0.39207334849107917, 'hidden_continuous_size': 19, 'attention_head_size': 3, 'learning_rate': 0.06045257385375262}. Best is trial 32 with value: 185.4176788330078.
LOCAL_RANK: 0 - CUDA_VISIBLE_DEVICES: [0]
[I 2023-11-30 10:09:09,186] Trial 144 finished with value: 188.00672912597656 and parameters: {'gradient_clip_val': 0.11256388415932098, 'hidden_size': 29, 'dropout': 0.39931507905538144, 'hidden_continuous_size': 18, 'attention_head_size': 3, 'learning_rate': 0.04546925077250671}. Best is trial 32 with value: 185.4176788330078.
LOCAL_RANK: 0 - CUDA_VISIBLE_DEVICES: [0]
[I 2023-11-30 10:09:21,507] Trial 145 finished with value: 277.5635681152344 and parameters: {'gradient_clip_val': 0.11179369228994182, 'hidden_size': 30, 'dropout': 0.3993660625224516, 'hidden_continuous_size': 18, 'attention_head_size': 3, 'learning_rate': 0.04100188438656193}. Best is trial 32 with value: 185.4176788330078.
LOCAL_RANK: 0 - CUDA_VISIBLE_DEVICES: [0]
[I 2023-11-30 10:09:33,590] Trial 146 finished with value: 286.12847900390625 and parameters: {'gradient_clip_val': 0.1047995343453902, 'hidden_size': 29, 'dropout': 0.3898753070179053, 'hidden_continuous_size': 18, 'attention_head_size': 3, 'learning_rate': 0.03817911633193823}. Best is trial 32 with value: 185.4176788330078.
LOCAL_RANK: 0 - CUDA_VISIBLE_DEVICES: [0]
[I 2023-11-30 10:09:45,520] Trial 147 finished with value: 257.1230773925781 and parameters: {'gradient_clip_val': 0.11504688406574783, 'hidden_size': 27, 'dropout': 0.37618471922235325, 'hidden_continuous_size': 19, 'attention_head_size': 1, 'learning_rate': 0.04665903006070082}. Best is trial 32 with value: 185.4176788330078.
LOCAL_RANK: 0 - CUDA_VISIBLE_DEVICES: [0]
[I 2023-11-30 10:09:58,108] Trial 148 finished with value: 246.8170166015625 and parameters: {'gradient_clip_val': 0.1258827723014006, 'hidden_size': 38, 'dropout': 0.3844851261882728, 'hidden_continuous_size': 17, 'attention_head_size': 3, 'learning_rate': 0.03280220083132113}. Best is trial 32 with value: 185.4176788330078.
LOCAL_RANK: 0 - CUDA_VISIBLE_DEVICES: [0]
[I 2023-11-30 10:10:10,230] Trial 149 finished with value: 255.70367431640625 and parameters: {'gradient_clip_val': 0.10877680920681485, 'hidden_size': 32, 'dropout': 0.36330491744898696, 'hidden_continuous_size': 19, 'attention_head_size': 4, 'learning_rate': 0.04401724949256527}. Best is trial 32 with value: 185.4176788330078.
[I 2023-11-30 10:10:10,338] A new study created in memory with name: no-name-02e38b0c-f9ed-422f-ad74-8f60d7a0f407
/home/le004/conda/anaconda3/envs/tsff_env/lib/python3.9/site-packages/lightning/fabric/plugins/environments/slurm.py:191: The `srun` command is available on your system but is not used. HINT: If your intention is to run Lightning on SLURM, prepend your python command with `srun` like so: srun python /home/le004/master_thesis/git/TSFusionForecast/code/ ...
LOCAL_RANK: 0 - CUDA_VISIBLE_DEVICES: [0]
[I 2023-11-30 10:10:20,387] Trial 0 finished with value: 806.9306640625 and parameters: {'gradient_clip_val': 0.391385779226043, 'hidden_size': 10, 'dropout': 0.3456548713633343, 'hidden_continuous_size': 10, 'attention_head_size': 3, 'learning_rate': 0.06468795881215644}. Best is trial 0 with value: 806.9306640625.
LOCAL_RANK: 0 - CUDA_VISIBLE_DEVICES: [0]
[I 2023-11-30 10:10:34,259] Trial 1 finished with value: 1014.1642456054688 and parameters: {'gradient_clip_val': 0.8021370576793299, 'hidden_size': 131, 'dropout': 0.16205161862014933, 'hidden_continuous_size': 19, 'attention_head_size': 4, 'learning_rate': 0.004574369447895282}. Best is trial 0 with value: 806.9306640625.
LOCAL_RANK: 0 - CUDA_VISIBLE_DEVICES: [0]
[I 2023-11-30 10:10:46,982] Trial 2 finished with value: 704.8899536132812 and parameters: {'gradient_clip_val': 0.2008716261123529, 'hidden_size': 54, 'dropout': 0.16740938393612143, 'hidden_continuous_size': 22, 'attention_head_size': 4, 'learning_rate': 0.004930411333320534}. Best is trial 2 with value: 704.8899536132812.
LOCAL_RANK: 0 - CUDA_VISIBLE_DEVICES: [0]
[I 2023-11-30 10:10:59,290] Trial 3 finished with value: 1859.3853759765625 and parameters: {'gradient_clip_val': 0.5037622119747052, 'hidden_size': 48, 'dropout': 0.2791493323881294, 'hidden_continuous_size': 12, 'attention_head_size': 3, 'learning_rate': 0.001244865811382841}. Best is trial 2 with value: 704.8899536132812.
LOCAL_RANK: 0 - CUDA_VISIBLE_DEVICES: [0]
[I 2023-11-30 10:11:11,069] Trial 4 finished with value: 1725.6683349609375 and parameters: {'gradient_clip_val': 0.5394943667322895, 'hidden_size': 12, 'dropout': 0.1841399467451157, 'hidden_continuous_size': 10, 'attention_head_size': 2, 'learning_rate': 0.004016856534098095}. Best is trial 2 with value: 704.8899536132812.
LOCAL_RANK: 0 - CUDA_VISIBLE_DEVICES: [0]
[I 2023-11-30 10:11:24,357] Trial 5 finished with value: 917.265625 and parameters: {'gradient_clip_val': 0.24077530612246528, 'hidden_size': 62, 'dropout': 0.3044478742303013, 'hidden_continuous_size': 57, 'attention_head_size': 1, 'learning_rate': 0.0775090518543135}. Best is trial 2 with value: 704.8899536132812.
LOCAL_RANK: 0 - CUDA_VISIBLE_DEVICES: [0]
[I 2023-11-30 10:11:36,340] Trial 6 finished with value: 1403.66796875 and parameters: {'gradient_clip_val': 0.7770046196673266, 'hidden_size': 17, 'dropout': 0.30943286166082123, 'hidden_continuous_size': 11, 'attention_head_size': 4, 'learning_rate': 0.003371355242215153}. Best is trial 2 with value: 704.8899536132812.
LOCAL_RANK: 0 - CUDA_VISIBLE_DEVICES: [0]
[I 2023-11-30 10:11:49,887] Trial 7 finished with value: 1135.4991455078125 and parameters: {'gradient_clip_val': 0.3060657865329192, 'hidden_size': 88, 'dropout': 0.3782790864646539, 'hidden_continuous_size': 56, 'attention_head_size': 3, 'learning_rate': 0.017087454432751278}. Best is trial 2 with value: 704.8899536132812.
LOCAL_RANK: 0 - CUDA_VISIBLE_DEVICES: [0]
[I 2023-11-30 10:12:03,485] Trial 8 finished with value: 1141.9495849609375 and parameters: {'gradient_clip_val': 0.651387616385337, 'hidden_size': 112, 'dropout': 0.2475272332823943, 'hidden_continuous_size': 50, 'attention_head_size': 2, 'learning_rate': 0.06125740574687124}. Best is trial 2 with value: 704.8899536132812.
LOCAL_RANK: 0 - CUDA_VISIBLE_DEVICES: [0]
