[I 2023-11-29 21:38:24,570] Trial 110 finished with value: 35.025691986083984 and parameters: {'gradient_clip_val': 0.16835833419686116, 'hidden_size': 14, 'dropout': 0.2097018124492509, 'hidden_continuous_size': 11, 'attention_head_size': 1, 'learning_rate': 0.06271291203350209}. Best is trial 57 with value: 32.656639099121094.
LOCAL_RANK: 0 - CUDA_VISIBLE_DEVICES: [0]
[I 2023-11-29 21:38:37,368] Trial 111 finished with value: 50.67120361328125 and parameters: {'gradient_clip_val': 0.17871062787619713, 'hidden_size': 14, 'dropout': 0.21645698732057872, 'hidden_continuous_size': 11, 'attention_head_size': 1, 'learning_rate': 0.0823231047082013}. Best is trial 57 with value: 32.656639099121094.
LOCAL_RANK: 0 - CUDA_VISIBLE_DEVICES: [0]
[I 2023-11-29 21:38:49,765] Trial 112 finished with value: 39.895694732666016 and parameters: {'gradient_clip_val': 0.16827254034975336, 'hidden_size': 12, 'dropout': 0.21947148640490793, 'hidden_continuous_size': 11, 'attention_head_size': 1, 'learning_rate': 0.09969001922705889}. Best is trial 57 with value: 32.656639099121094.
LOCAL_RANK: 0 - CUDA_VISIBLE_DEVICES: [0]
[I 2023-11-29 21:39:02,342] Trial 113 finished with value: 34.168617248535156 and parameters: {'gradient_clip_val': 0.23537587425325793, 'hidden_size': 13, 'dropout': 0.1764141300738554, 'hidden_continuous_size': 11, 'attention_head_size': 1, 'learning_rate': 0.05999142820234786}. Best is trial 57 with value: 32.656639099121094.
LOCAL_RANK: 0 - CUDA_VISIBLE_DEVICES: [0]
[I 2023-11-29 21:39:14,937] Trial 114 finished with value: 43.3897705078125 and parameters: {'gradient_clip_val': 0.21143521292084602, 'hidden_size': 13, 'dropout': 0.19951709816724675, 'hidden_continuous_size': 11, 'attention_head_size': 1, 'learning_rate': 0.051544594593695744}. Best is trial 57 with value: 32.656639099121094.
LOCAL_RANK: 0 - CUDA_VISIBLE_DEVICES: [0]
[I 2023-11-29 21:39:27,570] Trial 115 finished with value: 41.499542236328125 and parameters: {'gradient_clip_val': 0.23057371393287193, 'hidden_size': 17, 'dropout': 0.1793952720430033, 'hidden_continuous_size': 12, 'attention_head_size': 1, 'learning_rate': 0.05846459445584914}. Best is trial 57 with value: 32.656639099121094.
LOCAL_RANK: 0 - CUDA_VISIBLE_DEVICES: [0]
[I 2023-11-29 21:39:38,605] Trial 116 finished with value: 39.07090377807617 and parameters: {'gradient_clip_val': 0.20351590672172273, 'hidden_size': 10, 'dropout': 0.19343983503397089, 'hidden_continuous_size': 10, 'attention_head_size': 1, 'learning_rate': 0.06662562803245901}. Best is trial 57 with value: 32.656639099121094.
LOCAL_RANK: 0 - CUDA_VISIBLE_DEVICES: [0]
[I 2023-11-29 21:39:51,094] Trial 117 finished with value: 42.78450393676758 and parameters: {'gradient_clip_val': 0.24690358767554998, 'hidden_size': 15, 'dropout': 0.21069501657568743, 'hidden_continuous_size': 11, 'attention_head_size': 1, 'learning_rate': 0.07545315582087178}. Best is trial 57 with value: 32.656639099121094.
LOCAL_RANK: 0 - CUDA_VISIBLE_DEVICES: [0]
[I 2023-11-29 21:40:01,759] Trial 118 finished with value: 54.91645431518555 and parameters: {'gradient_clip_val': 0.19118362046121046, 'hidden_size': 11, 'dropout': 0.20446706961038072, 'hidden_continuous_size': 11, 'attention_head_size': 1, 'learning_rate': 0.04858391281783872}. Best is trial 57 with value: 32.656639099121094.
LOCAL_RANK: 0 - CUDA_VISIBLE_DEVICES: [0]
[I 2023-11-29 21:40:14,923] Trial 119 finished with value: 41.289329528808594 and parameters: {'gradient_clip_val': 0.22310845000633078, 'hidden_size': 26, 'dropout': 0.10962611899366917, 'hidden_continuous_size': 19, 'attention_head_size': 3, 'learning_rate': 0.041217459902548756}. Best is trial 57 with value: 32.656639099121094.
LOCAL_RANK: 0 - CUDA_VISIBLE_DEVICES: [0]
[I 2023-11-29 21:40:27,427] Trial 120 finished with value: 40.92731857299805 and parameters: {'gradient_clip_val': 0.16031905569179133, 'hidden_size': 13, 'dropout': 0.22788699585508612, 'hidden_continuous_size': 11, 'attention_head_size': 1, 'learning_rate': 0.05845684951300569}. Best is trial 57 with value: 32.656639099121094.
LOCAL_RANK: 0 - CUDA_VISIBLE_DEVICES: [0]
[I 2023-11-29 21:40:40,106] Trial 121 finished with value: 37.39485549926758 and parameters: {'gradient_clip_val': 0.28379368379184605, 'hidden_size': 16, 'dropout': 0.22335441834100778, 'hidden_continuous_size': 11, 'attention_head_size': 1, 'learning_rate': 0.09123883583849371}. Best is trial 57 with value: 32.656639099121094.
LOCAL_RANK: 0 - CUDA_VISIBLE_DEVICES: [0]
[I 2023-11-29 21:40:52,732] Trial 122 finished with value: 41.26387405395508 and parameters: {'gradient_clip_val': 0.2597464170910284, 'hidden_size': 14, 'dropout': 0.25917135564549265, 'hidden_continuous_size': 11, 'attention_head_size': 1, 'learning_rate': 0.08653442726175593}. Best is trial 57 with value: 32.656639099121094.
LOCAL_RANK: 0 - CUDA_VISIBLE_DEVICES: [0]
[I 2023-11-29 21:41:04,894] Trial 123 finished with value: 38.65087127685547 and parameters: {'gradient_clip_val': 0.24067656629734543, 'hidden_size': 12, 'dropout': 0.21512378983220581, 'hidden_continuous_size': 11, 'attention_head_size': 1, 'learning_rate': 0.07582488902675033}. Best is trial 57 with value: 32.656639099121094.
LOCAL_RANK: 0 - CUDA_VISIBLE_DEVICES: [0]
[I 2023-11-29 21:41:17,539] Trial 124 finished with value: 40.438438415527344 and parameters: {'gradient_clip_val': 0.18098325631401588, 'hidden_size': 13, 'dropout': 0.23887426914000812, 'hidden_continuous_size': 11, 'attention_head_size': 1, 'learning_rate': 0.06859909543977144}. Best is trial 57 with value: 32.656639099121094.
LOCAL_RANK: 0 - CUDA_VISIBLE_DEVICES: [0]
[I 2023-11-29 21:41:30,044] Trial 125 finished with value: 38.695350646972656 and parameters: {'gradient_clip_val': 0.29494121111427596, 'hidden_size': 14, 'dropout': 0.26731329042346297, 'hidden_continuous_size': 11, 'attention_head_size': 1, 'learning_rate': 0.0822077072852627}. Best is trial 57 with value: 32.656639099121094.
LOCAL_RANK: 0 - CUDA_VISIBLE_DEVICES: [0]
[I 2023-11-29 21:41:42,704] Trial 126 finished with value: 31.67144012451172 and parameters: {'gradient_clip_val': 0.2731457686787022, 'hidden_size': 12, 'dropout': 0.13697519299103475, 'hidden_continuous_size': 11, 'attention_head_size': 2, 'learning_rate': 0.0650356648534048}. Best is trial 126 with value: 31.67144012451172.
LOCAL_RANK: 0 - CUDA_VISIBLE_DEVICES: [0]
[I 2023-11-29 21:41:55,207] Trial 127 finished with value: 37.45555114746094 and parameters: {'gradient_clip_val': 0.2731679930928269, 'hidden_size': 12, 'dropout': 0.1256013517515043, 'hidden_continuous_size': 11, 'attention_head_size': 2, 'learning_rate': 0.06299570351947222}. Best is trial 126 with value: 31.67144012451172.
LOCAL_RANK: 0 - CUDA_VISIBLE_DEVICES: [0]
[I 2023-11-29 21:42:07,869] Trial 128 finished with value: 46.81107711791992 and parameters: {'gradient_clip_val': 0.23388430669746893, 'hidden_size': 18, 'dropout': 0.13299751802518867, 'hidden_continuous_size': 12, 'attention_head_size': 2, 'learning_rate': 0.05371015924873739}. Best is trial 126 with value: 31.67144012451172.
LOCAL_RANK: 0 - CUDA_VISIBLE_DEVICES: [0]
[I 2023-11-29 21:42:19,033] Trial 129 finished with value: 36.14468765258789 and parameters: {'gradient_clip_val': 0.21488125055773383, 'hidden_size': 11, 'dropout': 0.17176288508139864, 'hidden_continuous_size': 11, 'attention_head_size': 3, 'learning_rate': 0.06861149258516253}. Best is trial 126 with value: 31.67144012451172.
LOCAL_RANK: 0 - CUDA_VISIBLE_DEVICES: [0]
[I 2023-11-29 21:42:29,897] Trial 130 finished with value: 38.6711540222168 and parameters: {'gradient_clip_val': 0.20262906454645915, 'hidden_size': 11, 'dropout': 0.2474119058628579, 'hidden_continuous_size': 11, 'attention_head_size': 2, 'learning_rate': 0.05930818932681451}. Best is trial 126 with value: 31.67144012451172.
LOCAL_RANK: 0 - CUDA_VISIBLE_DEVICES: [0]
[I 2023-11-29 21:42:42,725] Trial 131 finished with value: 33.786563873291016 and parameters: {'gradient_clip_val': 0.24997767916758185, 'hidden_size': 13, 'dropout': 0.1502447043038772, 'hidden_continuous_size': 11, 'attention_head_size': 1, 'learning_rate': 0.08931239541052911}. Best is trial 126 with value: 31.67144012451172.
LOCAL_RANK: 0 - CUDA_VISIBLE_DEVICES: [0]
[I 2023-11-29 21:42:55,285] Trial 132 finished with value: 35.95503234863281 and parameters: {'gradient_clip_val': 0.2551145553699675, 'hidden_size': 12, 'dropout': 0.1397728373044511, 'hidden_continuous_size': 11, 'attention_head_size': 1, 'learning_rate': 0.0740932997153304}. Best is trial 126 with value: 31.67144012451172.
LOCAL_RANK: 0 - CUDA_VISIBLE_DEVICES: [0]
[I 2023-11-29 21:43:08,002] Trial 133 finished with value: 31.587142944335938 and parameters: {'gradient_clip_val': 0.22791537495578262, 'hidden_size': 13, 'dropout': 0.15197170759006828, 'hidden_continuous_size': 11, 'attention_head_size': 4, 'learning_rate': 0.09107611758930961}. Best is trial 133 with value: 31.587142944335938.
LOCAL_RANK: 0 - CUDA_VISIBLE_DEVICES: [0]
[I 2023-11-29 21:43:20,879] Trial 134 finished with value: 39.18070602416992 and parameters: {'gradient_clip_val': 0.24545863626880599, 'hidden_size': 15, 'dropout': 0.15550876457938972, 'hidden_continuous_size': 10, 'attention_head_size': 4, 'learning_rate': 0.09164812401210062}. Best is trial 133 with value: 31.587142944335938.
LOCAL_RANK: 0 - CUDA_VISIBLE_DEVICES: [0]
[I 2023-11-29 21:43:33,757] Trial 135 finished with value: 40.40852355957031 and parameters: {'gradient_clip_val': 0.2656455588184835, 'hidden_size': 13, 'dropout': 0.16433126486639058, 'hidden_continuous_size': 11, 'attention_head_size': 4, 'learning_rate': 0.08407405236532595}. Best is trial 133 with value: 31.587142944335938.
LOCAL_RANK: 0 - CUDA_VISIBLE_DEVICES: [0]
[I 2023-11-29 21:43:46,745] Trial 136 finished with value: 41.3261604309082 and parameters: {'gradient_clip_val': 0.1517335722629014, 'hidden_size': 16, 'dropout': 0.1447302958820584, 'hidden_continuous_size': 14, 'attention_head_size': 4, 'learning_rate': 0.0991396389650938}. Best is trial 133 with value: 31.587142944335938.
LOCAL_RANK: 0 - CUDA_VISIBLE_DEVICES: [0]
[I 2023-11-29 21:43:59,534] Trial 137 finished with value: 51.365203857421875 and parameters: {'gradient_clip_val': 0.19228327255566738, 'hidden_size': 14, 'dropout': 0.15048412407405246, 'hidden_continuous_size': 11, 'attention_head_size': 4, 'learning_rate': 0.03596673481933056}. Best is trial 133 with value: 31.587142944335938.
LOCAL_RANK: 0 - CUDA_VISIBLE_DEVICES: [0]
[I 2023-11-29 21:44:12,234] Trial 138 finished with value: 48.20620346069336 and parameters: {'gradient_clip_val': 0.22115781803261075, 'hidden_size': 13, 'dropout': 0.1584088985122492, 'hidden_continuous_size': 11, 'attention_head_size': 4, 'learning_rate': 0.06592573822360914}. Best is trial 133 with value: 31.587142944335938.
LOCAL_RANK: 0 - CUDA_VISIBLE_DEVICES: [0]
[I 2023-11-29 21:44:25,793] Trial 139 finished with value: 56.13661575317383 and parameters: {'gradient_clip_val': 0.17495237648670964, 'hidden_size': 52, 'dropout': 0.13726723492485343, 'hidden_continuous_size': 26, 'attention_head_size': 4, 'learning_rate': 0.07866629970877623}. Best is trial 133 with value: 31.587142944335938.
LOCAL_RANK: 0 - CUDA_VISIBLE_DEVICES: [0]
[I 2023-11-29 21:44:38,454] Trial 140 finished with value: 45.9818115234375 and parameters: {'gradient_clip_val': 0.20647498639976436, 'hidden_size': 15, 'dropout': 0.1515482765154894, 'hidden_continuous_size': 10, 'attention_head_size': 2, 'learning_rate': 0.09097991274296989}. Best is trial 133 with value: 31.587142944335938.
LOCAL_RANK: 0 - CUDA_VISIBLE_DEVICES: [0]
[I 2023-11-29 21:44:50,810] Trial 141 finished with value: 42.022552490234375 and parameters: {'gradient_clip_val': 0.23335757545429922, 'hidden_size': 12, 'dropout': 0.14156711266161406, 'hidden_continuous_size': 11, 'attention_head_size': 1, 'learning_rate': 0.07604233502272505}. Best is trial 133 with value: 31.587142944335938.
LOCAL_RANK: 0 - CUDA_VISIBLE_DEVICES: [0]
[I 2023-11-29 21:45:02,205] Trial 142 finished with value: 38.972625732421875 and parameters: {'gradient_clip_val': 0.18521407339003398, 'hidden_size': 10, 'dropout': 0.12865981018300016, 'hidden_continuous_size': 10, 'attention_head_size': 1, 'learning_rate': 0.08327083515037594}. Best is trial 133 with value: 31.587142944335938.
LOCAL_RANK: 0 - CUDA_VISIBLE_DEVICES: [0]
[I 2023-11-29 21:45:15,271] Trial 143 finished with value: 35.24626159667969 and parameters: {'gradient_clip_val': 0.22803213383286944, 'hidden_size': 17, 'dropout': 0.25695069140002497, 'hidden_continuous_size': 14, 'attention_head_size': 3, 'learning_rate': 0.07061563053837154}. Best is trial 133 with value: 31.587142944335938.
LOCAL_RANK: 0 - CUDA_VISIBLE_DEVICES: [0]
[I 2023-11-29 21:45:27,799] Trial 144 finished with value: 65.53744506835938 and parameters: {'gradient_clip_val': 0.2532173171472151, 'hidden_size': 14, 'dropout': 0.1463267117816139, 'hidden_continuous_size': 11, 'attention_head_size': 1, 'learning_rate': 0.016696176291508248}. Best is trial 133 with value: 31.587142944335938.
LOCAL_RANK: 0 - CUDA_VISIBLE_DEVICES: [0]
[I 2023-11-29 21:45:40,492] Trial 145 finished with value: 35.16202926635742 and parameters: {'gradient_clip_val': 0.1678393763348793, 'hidden_size': 13, 'dropout': 0.2753429335684561, 'hidden_continuous_size': 11, 'attention_head_size': 1, 'learning_rate': 0.06254891697324012}. Best is trial 133 with value: 31.587142944335938.
LOCAL_RANK: 0 - CUDA_VISIBLE_DEVICES: [0]
[I 2023-11-29 21:45:52,972] Trial 146 finished with value: 50.47220993041992 and parameters: {'gradient_clip_val': 0.275670521092536, 'hidden_size': 12, 'dropout': 0.16375551383408987, 'hidden_continuous_size': 11, 'attention_head_size': 1, 'learning_rate': 0.02310386551758878}. Best is trial 133 with value: 31.587142944335938.
LOCAL_RANK: 0 - CUDA_VISIBLE_DEVICES: [0]
[I 2023-11-29 21:46:03,880] Trial 147 finished with value: 111.978271484375 and parameters: {'gradient_clip_val': 0.2174424946703084, 'hidden_size': 11, 'dropout': 0.1755709435655764, 'hidden_continuous_size': 11, 'attention_head_size': 1, 'learning_rate': 0.013119282865401061}. Best is trial 133 with value: 31.587142944335938.
LOCAL_RANK: 0 - CUDA_VISIBLE_DEVICES: [0]
[I 2023-11-29 21:46:16,790] Trial 148 finished with value: 39.41495132446289 and parameters: {'gradient_clip_val': 0.24434770973510975, 'hidden_size': 22, 'dropout': 0.13152824383339226, 'hidden_continuous_size': 12, 'attention_head_size': 2, 'learning_rate': 0.05443102260932992}. Best is trial 133 with value: 31.587142944335938.
LOCAL_RANK: 0 - CUDA_VISIBLE_DEVICES: [0]
[I 2023-11-29 21:46:29,604] Trial 149 finished with value: 37.15030288696289 and parameters: {'gradient_clip_val': 0.1455362184893419, 'hidden_size': 29, 'dropout': 0.26370633682489086, 'hidden_continuous_size': 12, 'attention_head_size': 1, 'learning_rate': 0.07327768390860333}. Best is trial 133 with value: 31.587142944335938.
[I 2023-11-29 21:46:29,713] A new study created in memory with name: no-name-8217418a-dfd8-4309-acf6-628cf45f605f
/home/le004/conda/anaconda3/envs/tsff_env/lib/python3.9/site-packages/lightning/fabric/plugins/environments/slurm.py:191: The `srun` command is available on your system but is not used. HINT: If your intention is to run Lightning on SLURM, prepend your python command with `srun` like so: srun python /home/le004/master_thesis/git/TSFusionForecast/code/ ...
LOCAL_RANK: 0 - CUDA_VISIBLE_DEVICES: [0]
[I 2023-11-29 21:46:42,512] Trial 0 finished with value: 166.92990112304688 and parameters: {'gradient_clip_val': 0.15073699212225344, 'hidden_size': 18, 'dropout': 0.18007167693064952, 'hidden_continuous_size': 16, 'attention_head_size': 3, 'learning_rate': 0.04638821703158866}. Best is trial 0 with value: 166.92990112304688.
LOCAL_RANK: 0 - CUDA_VISIBLE_DEVICES: [0]
[I 2023-11-29 21:46:55,832] Trial 1 finished with value: 179.1866455078125 and parameters: {'gradient_clip_val': 0.9219766739681288, 'hidden_size': 11, 'dropout': 0.11849512622282919, 'hidden_continuous_size': 10, 'attention_head_size': 4, 'learning_rate': 0.06174412724560615}. Best is trial 0 with value: 166.92990112304688.
LOCAL_RANK: 0 - CUDA_VISIBLE_DEVICES: [0]
[I 2023-11-29 21:47:06,535] Trial 2 finished with value: 288.4549255371094 and parameters: {'gradient_clip_val': 0.9239914343679421, 'hidden_size': 11, 'dropout': 0.366028556277593, 'hidden_continuous_size': 11, 'attention_head_size': 1, 'learning_rate': 0.03242770386461808}. Best is trial 0 with value: 166.92990112304688.
LOCAL_RANK: 0 - CUDA_VISIBLE_DEVICES: [0]
[I 2023-11-29 21:47:20,714] Trial 3 finished with value: 334.5633239746094 and parameters: {'gradient_clip_val': 0.9491257391517912, 'hidden_size': 112, 'dropout': 0.18333312904016308, 'hidden_continuous_size': 16, 'attention_head_size': 1, 'learning_rate': 0.001090345034782136}. Best is trial 0 with value: 166.92990112304688.
LOCAL_RANK: 0 - CUDA_VISIBLE_DEVICES: [0]
[I 2023-11-29 21:47:33,905] Trial 4 finished with value: 171.0644989013672 and parameters: {'gradient_clip_val': 0.7685254476134533, 'hidden_size': 36, 'dropout': 0.31001769615579766, 'hidden_continuous_size': 29, 'attention_head_size': 3, 'learning_rate': 0.01961332350249658}. Best is trial 0 with value: 166.92990112304688.
LOCAL_RANK: 0 - CUDA_VISIBLE_DEVICES: [0]
[I 2023-11-29 21:47:46,390] Trial 5 finished with value: 151.5032958984375 and parameters: {'gradient_clip_val': 0.416482291380766, 'hidden_size': 14, 'dropout': 0.16889994962543053, 'hidden_continuous_size': 11, 'attention_head_size': 3, 'learning_rate': 0.0824441776301663}. Best is trial 5 with value: 151.5032958984375.
LOCAL_RANK: 0 - CUDA_VISIBLE_DEVICES: [0]
[I 2023-11-29 21:47:59,575] Trial 6 finished with value: 865.5204467773438 and parameters: {'gradient_clip_val': 0.9904126028740563, 'hidden_size': 16, 'dropout': 0.3274971253003663, 'hidden_continuous_size': 11, 'attention_head_size': 4, 'learning_rate': 0.001153734152095362}. Best is trial 5 with value: 151.5032958984375.
LOCAL_RANK: 0 - CUDA_VISIBLE_DEVICES: [0]
[I 2023-11-29 21:48:12,459] Trial 7 finished with value: 543.8724975585938 and parameters: {'gradient_clip_val': 0.1705810713936097, 'hidden_size': 12, 'dropout': 0.21910857573055675, 'hidden_continuous_size': 10, 'attention_head_size': 4, 'learning_rate': 0.005182907289602495}. Best is trial 5 with value: 151.5032958984375.
LOCAL_RANK: 0 - CUDA_VISIBLE_DEVICES: [0]
[I 2023-11-29 21:48:25,960] Trial 8 finished with value: 200.8814697265625 and parameters: {'gradient_clip_val': 0.6700865430789527, 'hidden_size': 41, 'dropout': 0.2324180236145277, 'hidden_continuous_size': 23, 'attention_head_size': 3, 'learning_rate': 0.012194421254525835}. Best is trial 5 with value: 151.5032958984375.
LOCAL_RANK: 0 - CUDA_VISIBLE_DEVICES: [0]
[I 2023-11-29 21:48:40,073] Trial 9 finished with value: 160.3260040283203 and parameters: {'gradient_clip_val': 0.11204983757646102, 'hidden_size': 53, 'dropout': 0.3279431131756051, 'hidden_continuous_size': 40, 'attention_head_size': 4, 'learning_rate': 0.006758927378643806}. Best is trial 5 with value: 151.5032958984375.
LOCAL_RANK: 0 - CUDA_VISIBLE_DEVICES: [0]
[I 2023-11-29 21:48:53,115] Trial 10 finished with value: 179.52239990234375 and parameters: {'gradient_clip_val': 0.3998465829914188, 'hidden_size': 26, 'dropout': 0.10128380878293682, 'hidden_continuous_size': 13, 'attention_head_size': 2, 'learning_rate': 0.09515178537511507}. Best is trial 5 with value: 151.5032958984375.
LOCAL_RANK: 0 - CUDA_VISIBLE_DEVICES: [0]
[I 2023-11-29 21:49:07,259] Trial 11 finished with value: 263.96246337890625 and parameters: {'gradient_clip_val': 0.10232363734708969, 'hidden_size': 65, 'dropout': 0.2858638456785115, 'hidden_continuous_size': 46, 'attention_head_size': 2, 'learning_rate': 0.0059599822637412155}. Best is trial 5 with value: 151.5032958984375.
LOCAL_RANK: 0 - CUDA_VISIBLE_DEVICES: [0]
[I 2023-11-29 21:49:21,464] Trial 12 finished with value: 135.12997436523438 and parameters: {'gradient_clip_val': 0.3128847952902427, 'hidden_size': 60, 'dropout': 0.398225879169293, 'hidden_continuous_size': 49, 'attention_head_size': 4, 'learning_rate': 0.02066457528911373}. Best is trial 12 with value: 135.12997436523438.
LOCAL_RANK: 0 - CUDA_VISIBLE_DEVICES: [0]
[I 2023-11-29 21:49:34,122] Trial 13 finished with value: 158.2462615966797 and parameters: {'gradient_clip_val': 0.3323870487904945, 'hidden_size': 24, 'dropout': 0.3692936763663524, 'hidden_continuous_size': 14, 'attention_head_size': 3, 'learning_rate': 0.09787061007544949}. Best is trial 12 with value: 135.12997436523438.
LOCAL_RANK: 0 - CUDA_VISIBLE_DEVICES: [0]
[I 2023-11-29 21:49:48,532] Trial 14 finished with value: 144.72337341308594 and parameters: {'gradient_clip_val': 0.2428312294527493, 'hidden_size': 76, 'dropout': 0.3913558136219401, 'hidden_continuous_size': 72, 'attention_head_size': 2, 'learning_rate': 0.026696698203069167}. Best is trial 12 with value: 135.12997436523438.
LOCAL_RANK: 0 - CUDA_VISIBLE_DEVICES: [0]
[I 2023-11-29 21:50:03,348] Trial 15 finished with value: 220.8566436767578 and parameters: {'gradient_clip_val': 0.24915916971334628, 'hidden_size': 93, 'dropout': 0.3989528321021156, 'hidden_continuous_size': 82, 'attention_head_size': 2, 'learning_rate': 0.021239521059940904}. Best is trial 12 with value: 135.12997436523438.
LOCAL_RANK: 0 - CUDA_VISIBLE_DEVICES: [0]
[I 2023-11-29 21:50:18,441] Trial 16 finished with value: 176.37255859375 and parameters: {'gradient_clip_val': 0.25252947315697466, 'hidden_size': 139, 'dropout': 0.39987685709791765, 'hidden_continuous_size': 67, 'attention_head_size': 2, 'learning_rate': 0.03591877253530483}. Best is trial 12 with value: 135.12997436523438.
LOCAL_RANK: 0 - CUDA_VISIBLE_DEVICES: [0]
