[rank: 0] Seed set to 1337
[I 2023-11-29 20:06:38,748] A new study created in memory with name: no-name-0615705f-4844-46b2-b595-af6906675cd6
/home/le004/conda/anaconda3/envs/tsff_env/lib/python3.9/site-packages/lightning/fabric/plugins/environments/slurm.py:191: The `srun` command is available on your system but is not used. HINT: If your intention is to run Lightning on SLURM, prepend your python command with `srun` like so: srun python /home/le004/master_thesis/git/TSFusionForecast/code/ ...
LOCAL_RANK: 0 - CUDA_VISIBLE_DEVICES: [0]
[I 2023-11-29 20:06:54,580] Trial 0 finished with value: 36.431148529052734 and parameters: {'gradient_clip_val': 0.2516729857330796, 'hidden_size': 112, 'dropout': 0.3182594606122784, 'hidden_continuous_size': 61, 'attention_head_size': 1, 'learning_rate': 0.08979475417837911}. Best is trial 0 with value: 36.431148529052734.
LOCAL_RANK: 0 - CUDA_VISIBLE_DEVICES: [0]
[I 2023-11-29 20:07:07,262] Trial 1 finished with value: 40.558738708496094 and parameters: {'gradient_clip_val': 0.3989974319353933, 'hidden_size': 57, 'dropout': 0.10009695758022552, 'hidden_continuous_size': 26, 'attention_head_size': 2, 'learning_rate': 0.01088112270431422}. Best is trial 0 with value: 36.431148529052734.
LOCAL_RANK: 0 - CUDA_VISIBLE_DEVICES: [0]
[I 2023-11-29 20:07:18,960] Trial 2 finished with value: 32.61076354980469 and parameters: {'gradient_clip_val': 0.20025047908879764, 'hidden_size': 17, 'dropout': 0.3972764404094451, 'hidden_continuous_size': 15, 'attention_head_size': 4, 'learning_rate': 0.03240207224808135}. Best is trial 2 with value: 32.61076354980469.
LOCAL_RANK: 0 - CUDA_VISIBLE_DEVICES: [0]
[I 2023-11-29 20:07:31,243] Trial 3 finished with value: 29.1348876953125 and parameters: {'gradient_clip_val': 0.740822840724192, 'hidden_size': 40, 'dropout': 0.31811348271689893, 'hidden_continuous_size': 35, 'attention_head_size': 1, 'learning_rate': 0.005319126336424026}. Best is trial 3 with value: 29.1348876953125.
LOCAL_RANK: 0 - CUDA_VISIBLE_DEVICES: [0]
[I 2023-11-29 20:07:43,488] Trial 4 finished with value: 99.60779571533203 and parameters: {'gradient_clip_val': 0.4379744438135668, 'hidden_size': 54, 'dropout': 0.32697070879518164, 'hidden_continuous_size': 12, 'attention_head_size': 1, 'learning_rate': 0.0015252135282770062}. Best is trial 3 with value: 29.1348876953125.
LOCAL_RANK: 0 - CUDA_VISIBLE_DEVICES: [0]
[I 2023-11-29 20:07:55,687] Trial 5 finished with value: 37.6474723815918 and parameters: {'gradient_clip_val': 0.1959494293967837, 'hidden_size': 35, 'dropout': 0.22145527100310453, 'hidden_continuous_size': 17, 'attention_head_size': 2, 'learning_rate': 0.05827473876548771}. Best is trial 3 with value: 29.1348876953125.
LOCAL_RANK: 0 - CUDA_VISIBLE_DEVICES: [0]
[I 2023-11-29 20:08:08,162] Trial 6 finished with value: 35.59698486328125 and parameters: {'gradient_clip_val': 0.2385749945572352, 'hidden_size': 48, 'dropout': 0.3981159324601996, 'hidden_continuous_size': 37, 'attention_head_size': 2, 'learning_rate': 0.058506296714736505}. Best is trial 3 with value: 29.1348876953125.
LOCAL_RANK: 0 - CUDA_VISIBLE_DEVICES: [0]
[I 2023-11-29 20:08:19,823] Trial 7 finished with value: 34.52091598510742 and parameters: {'gradient_clip_val': 0.40434652693930656, 'hidden_size': 32, 'dropout': 0.39350669759389467, 'hidden_continuous_size': 11, 'attention_head_size': 3, 'learning_rate': 0.011553695809072336}. Best is trial 3 with value: 29.1348876953125.
LOCAL_RANK: 0 - CUDA_VISIBLE_DEVICES: [0]
[I 2023-11-29 20:08:33,300] Trial 8 finished with value: 33.21348190307617 and parameters: {'gradient_clip_val': 0.46239990344198817, 'hidden_size': 115, 'dropout': 0.1577460520389305, 'hidden_continuous_size': 16, 'attention_head_size': 1, 'learning_rate': 0.004223228599464385}. Best is trial 3 with value: 29.1348876953125.
LOCAL_RANK: 0 - CUDA_VISIBLE_DEVICES: [0]
[I 2023-11-29 20:08:47,498] Trial 9 finished with value: 30.695158004760742 and parameters: {'gradient_clip_val': 0.6860176043926711, 'hidden_size': 134, 'dropout': 0.37202136443308575, 'hidden_continuous_size': 74, 'attention_head_size': 3, 'learning_rate': 0.0014703886224076035}. Best is trial 3 with value: 29.1348876953125.
LOCAL_RANK: 0 - CUDA_VISIBLE_DEVICES: [0]
[I 2023-11-29 20:08:57,683] Trial 10 finished with value: 122.95211791992188 and parameters: {'gradient_clip_val': 0.8677291775027622, 'hidden_size': 10, 'dropout': 0.2787611211754979, 'hidden_continuous_size': 10, 'attention_head_size': 4, 'learning_rate': 0.003683240809037898}. Best is trial 3 with value: 29.1348876953125.
LOCAL_RANK: 0 - CUDA_VISIBLE_DEVICES: [0]
[I 2023-11-29 20:09:11,871] Trial 11 finished with value: 30.765321731567383 and parameters: {'gradient_clip_val': 0.9429652529001977, 'hidden_size': 136, 'dropout': 0.3349928264862883, 'hidden_continuous_size': 116, 'attention_head_size': 3, 'learning_rate': 0.0010230259316072524}. Best is trial 3 with value: 29.1348876953125.
LOCAL_RANK: 0 - CUDA_VISIBLE_DEVICES: [0]
[I 2023-11-29 20:09:25,268] Trial 12 finished with value: 41.65193557739258 and parameters: {'gradient_clip_val': 0.6313209233459243, 'hidden_size': 81, 'dropout': 0.28195444863163316, 'hidden_continuous_size': 43, 'attention_head_size': 3, 'learning_rate': 0.0021969793946720727}. Best is trial 3 with value: 29.1348876953125.
LOCAL_RANK: 0 - CUDA_VISIBLE_DEVICES: [0]
[I 2023-11-29 20:09:39,058] Trial 13 finished with value: 37.171871185302734 and parameters: {'gradient_clip_val': 0.12176166182765304, 'hidden_size': 90, 'dropout': 0.34636287702215907, 'hidden_continuous_size': 59, 'attention_head_size': 3, 'learning_rate': 0.0051826210015012975}. Best is trial 3 with value: 29.1348876953125.
LOCAL_RANK: 0 - CUDA_VISIBLE_DEVICES: [0]
[I 2023-11-29 20:09:51,018] Trial 14 finished with value: 107.84930419921875 and parameters: {'gradient_clip_val': 0.6213749554368531, 'hidden_size': 25, 'dropout': 0.3620741297095832, 'hidden_continuous_size': 13, 'attention_head_size': 2, 'learning_rate': 0.0010005312816314595}. Best is trial 3 with value: 29.1348876953125.
LOCAL_RANK: 0 - CUDA_VISIBLE_DEVICES: [0]
[I 2023-11-29 20:10:04,129] Trial 15 finished with value: 36.9985466003418 and parameters: {'gradient_clip_val': 0.6999743904715829, 'hidden_size': 76, 'dropout': 0.29541586611804066, 'hidden_continuous_size': 22, 'attention_head_size': 4, 'learning_rate': 0.0023827635722291464}. Best is trial 3 with value: 29.1348876953125.
LOCAL_RANK: 0 - CUDA_VISIBLE_DEVICES: [0]
[I 2023-11-29 20:10:17,203] Trial 16 finished with value: 34.89567184448242 and parameters: {'gradient_clip_val': 0.9263287567437429, 'hidden_size': 67, 'dropout': 0.3514914994086947, 'hidden_continuous_size': 28, 'attention_head_size': 1, 'learning_rate': 0.0076031079432761165}. Best is trial 3 with value: 29.1348876953125.
LOCAL_RANK: 0 - CUDA_VISIBLE_DEVICES: [0]
[I 2023-11-29 20:10:29,786] Trial 17 finished with value: 61.521053314208984 and parameters: {'gradient_clip_val': 0.5669388010671575, 'hidden_size': 45, 'dropout': 0.24810054897768313, 'hidden_continuous_size': 19, 'attention_head_size': 2, 'learning_rate': 0.002498001129494155}. Best is trial 3 with value: 29.1348876953125.
LOCAL_RANK: 0 - CUDA_VISIBLE_DEVICES: [0]
[I 2023-11-29 20:10:44,295] Trial 18 finished with value: 37.70123291015625 and parameters: {'gradient_clip_val': 0.787675156156963, 'hidden_size': 149, 'dropout': 0.3640525677350085, 'hidden_continuous_size': 102, 'attention_head_size': 3, 'learning_rate': 0.015496043304056727}. Best is trial 3 with value: 29.1348876953125.
LOCAL_RANK: 0 - CUDA_VISIBLE_DEVICES: [0]
[I 2023-11-29 20:10:57,727] Trial 19 finished with value: 35.6708984375 and parameters: {'gradient_clip_val': 0.5407450170582565, 'hidden_size': 90, 'dropout': 0.3088728820514587, 'hidden_continuous_size': 35, 'attention_head_size': 4, 'learning_rate': 0.00596020350261151}. Best is trial 3 with value: 29.1348876953125.
LOCAL_RANK: 0 - CUDA_VISIBLE_DEVICES: [0]
[I 2023-11-29 20:11:10,381] Trial 20 finished with value: 34.339080810546875 and parameters: {'gradient_clip_val': 0.8020842648743404, 'hidden_size': 60, 'dropout': 0.36808340196549055, 'hidden_continuous_size': 22, 'attention_head_size': 1, 'learning_rate': 0.0032615409640164243}. Best is trial 3 with value: 29.1348876953125.
LOCAL_RANK: 0 - CUDA_VISIBLE_DEVICES: [0]
[I 2023-11-29 20:11:24,873] Trial 21 finished with value: 35.5811653137207 and parameters: {'gradient_clip_val': 0.9976409661137129, 'hidden_size': 144, 'dropout': 0.33240292758127504, 'hidden_continuous_size': 138, 'attention_head_size': 3, 'learning_rate': 0.0011383404113460764}. Best is trial 3 with value: 29.1348876953125.
LOCAL_RANK: 0 - CUDA_VISIBLE_DEVICES: [0]
[I 2023-11-29 20:11:39,025] Trial 22 finished with value: 37.85542678833008 and parameters: {'gradient_clip_val': 0.7109342365910041, 'hidden_size': 109, 'dropout': 0.32782769384741317, 'hidden_continuous_size': 76, 'attention_head_size': 3, 'learning_rate': 0.001569682128550359}. Best is trial 3 with value: 29.1348876953125.
LOCAL_RANK: 0 - CUDA_VISIBLE_DEVICES: [0]
[I 2023-11-29 20:11:52,374] Trial 23 finished with value: 55.20639419555664 and parameters: {'gradient_clip_val': 0.9827141374042078, 'hidden_size': 66, 'dropout': 0.3021185424854629, 'hidden_continuous_size': 44, 'attention_head_size': 3, 'learning_rate': 0.0016191190295517788}. Best is trial 3 with value: 29.1348876953125.
LOCAL_RANK: 0 - CUDA_VISIBLE_DEVICES: [0]
[I 2023-11-29 20:12:06,975] Trial 24 finished with value: 33.43768310546875 and parameters: {'gradient_clip_val': 0.7506773607743672, 'hidden_size': 149, 'dropout': 0.3742813143643761, 'hidden_continuous_size': 146, 'attention_head_size': 2, 'learning_rate': 0.0011001169095796464}. Best is trial 3 with value: 29.1348876953125.
LOCAL_RANK: 0 - CUDA_VISIBLE_DEVICES: [0]
[I 2023-11-29 20:12:20,896] Trial 25 finished with value: 32.50998306274414 and parameters: {'gradient_clip_val': 0.5281411450804141, 'hidden_size': 103, 'dropout': 0.33611312650438, 'hidden_continuous_size': 72, 'attention_head_size': 3, 'learning_rate': 0.002567051082314238}. Best is trial 3 with value: 29.1348876953125.
LOCAL_RANK: 0 - CUDA_VISIBLE_DEVICES: [0]
[I 2023-11-29 20:12:34,448] Trial 26 finished with value: 38.53955841064453 and parameters: {'gradient_clip_val': 0.6745843817312401, 'hidden_size': 74, 'dropout': 0.341762889011147, 'hidden_continuous_size': 50, 'attention_head_size': 4, 'learning_rate': 0.0017453711734581347}. Best is trial 3 with value: 29.1348876953125.
LOCAL_RANK: 0 - CUDA_VISIBLE_DEVICES: [0]
[I 2023-11-29 20:12:48,646] Trial 27 finished with value: 33.511173248291016 and parameters: {'gradient_clip_val': 0.7876144883970952, 'hidden_size': 121, 'dropout': 0.3743808009609974, 'hidden_continuous_size': 93, 'attention_head_size': 2, 'learning_rate': 0.0036706617031021845}. Best is trial 3 with value: 29.1348876953125.
LOCAL_RANK: 0 - CUDA_VISIBLE_DEVICES: [0]
[I 2023-11-29 20:13:02,282] Trial 28 finished with value: 52.36018753051758 and parameters: {'gradient_clip_val': 0.8771611420013559, 'hidden_size': 89, 'dropout': 0.31233385899375177, 'hidden_continuous_size': 34, 'attention_head_size': 3, 'learning_rate': 0.0012799888566253786}. Best is trial 3 with value: 29.1348876953125.
LOCAL_RANK: 0 - CUDA_VISIBLE_DEVICES: [0]
[I 2023-11-29 20:13:16,046] Trial 29 finished with value: 32.260135650634766 and parameters: {'gradient_clip_val': 0.35022243814201337, 'hidden_size': 125, 'dropout': 0.3261554766567096, 'hidden_continuous_size': 56, 'attention_head_size': 1, 'learning_rate': 0.0020749488837230844}. Best is trial 3 with value: 29.1348876953125.
LOCAL_RANK: 0 - CUDA_VISIBLE_DEVICES: [0]
[I 2023-11-29 20:13:29,846] Trial 30 finished with value: 31.273040771484375 and parameters: {'gradient_clip_val': 0.5028301848309541, 'hidden_size': 99, 'dropout': 0.3462067279599059, 'hidden_continuous_size': 64, 'attention_head_size': 3, 'learning_rate': 0.0030636758622907987}. Best is trial 3 with value: 29.1348876953125.
LOCAL_RANK: 0 - CUDA_VISIBLE_DEVICES: [0]
[I 2023-11-29 20:13:43,622] Trial 31 finished with value: 35.14369201660156 and parameters: {'gradient_clip_val': 0.5858703721473935, 'hidden_size': 103, 'dropout': 0.35100079783056926, 'hidden_continuous_size': 66, 'attention_head_size': 3, 'learning_rate': 0.0029393365361595654}. Best is trial 3 with value: 29.1348876953125.
LOCAL_RANK: 0 - CUDA_VISIBLE_DEVICES: [0]
[I 2023-11-29 20:13:57,603] Trial 32 finished with value: 36.19563293457031 and parameters: {'gradient_clip_val': 0.6638398396313123, 'hidden_size': 122, 'dropout': 0.379811101976779, 'hidden_continuous_size': 80, 'attention_head_size': 3, 'learning_rate': 0.001434336713285384}. Best is trial 3 with value: 29.1348876953125.
LOCAL_RANK: 0 - CUDA_VISIBLE_DEVICES: [0]
[I 2023-11-29 20:14:11,489] Trial 33 finished with value: 31.823646545410156 and parameters: {'gradient_clip_val': 0.5218415624403916, 'hidden_size': 96, 'dropout': 0.34980727768811615, 'hidden_continuous_size': 61, 'attention_head_size': 4, 'learning_rate': 0.0019927541431520564}. Best is trial 3 with value: 29.1348876953125.
LOCAL_RANK: 0 - CUDA_VISIBLE_DEVICES: [0]
[I 2023-11-29 20:14:25,733] Trial 34 finished with value: 39.002777099609375 and parameters: {'gradient_clip_val': 0.4778134995145026, 'hidden_size': 129, 'dropout': 0.31746407108666197, 'hidden_continuous_size': 91, 'attention_head_size': 3, 'learning_rate': 0.0013358385607849937}. Best is trial 3 with value: 29.1348876953125.
LOCAL_RANK: 0 - CUDA_VISIBLE_DEVICES: [0]
[I 2023-11-29 20:14:39,385] Trial 35 finished with value: 30.9179744720459 and parameters: {'gradient_clip_val': 0.8550572338161935, 'hidden_size': 106, 'dropout': 0.3786628134831589, 'hidden_continuous_size': 47, 'attention_head_size': 2, 'learning_rate': 0.0030037834611489236}. Best is trial 3 with value: 29.1348876953125.
LOCAL_RANK: 0 - CUDA_VISIBLE_DEVICES: [0]
[I 2023-11-29 20:14:52,474] Trial 36 finished with value: 42.75661087036133 and parameters: {'gradient_clip_val': 0.8867173738118005, 'hidden_size': 53, 'dropout': 0.3832360754729695, 'hidden_continuous_size': 40, 'attention_head_size': 1, 'learning_rate': 0.0017690608701605465}. Best is trial 3 with value: 29.1348876953125.
LOCAL_RANK: 0 - CUDA_VISIBLE_DEVICES: [0]
[I 2023-11-29 20:15:06,173] Trial 37 finished with value: 38.82395553588867 and parameters: {'gradient_clip_val': 0.8165387933719062, 'hidden_size': 79, 'dropout': 0.39796508054434515, 'hidden_continuous_size': 51, 'attention_head_size': 2, 'learning_rate': 0.004915920478205154}. Best is trial 3 with value: 29.1348876953125.
LOCAL_RANK: 0 - CUDA_VISIBLE_DEVICES: [0]
[I 2023-11-29 20:15:18,787] Trial 38 finished with value: 61.95328903198242 and parameters: {'gradient_clip_val': 0.9985050734595975, 'hidden_size': 45, 'dropout': 0.38526233093762735, 'hidden_continuous_size': 32, 'attention_head_size': 2, 'learning_rate': 0.0012930444971760236}. Best is trial 3 with value: 29.1348876953125.
LOCAL_RANK: 0 - CUDA_VISIBLE_DEVICES: [0]
[I 2023-11-29 20:15:32,654] Trial 39 finished with value: 31.464174270629883 and parameters: {'gradient_clip_val': 0.6702935957519017, 'hidden_size': 130, 'dropout': 0.36511988035860315, 'hidden_continuous_size': 44, 'attention_head_size': 2, 'learning_rate': 0.0010183037971695605}. Best is trial 3 with value: 29.1348876953125.
LOCAL_RANK: 0 - CUDA_VISIBLE_DEVICES: [0]
[I 2023-11-29 20:15:46,284] Trial 40 finished with value: 43.57244873046875 and parameters: {'gradient_clip_val': 0.7427215379944928, 'hidden_size': 114, 'dropout': 0.3992604130330849, 'hidden_continuous_size': 49, 'attention_head_size': 1, 'learning_rate': 0.004123753649153928}. Best is trial 3 with value: 29.1348876953125.
LOCAL_RANK: 0 - CUDA_VISIBLE_DEVICES: [0]
[I 2023-11-29 20:16:00,144] Trial 41 finished with value: 41.081417083740234 and parameters: {'gradient_clip_val': 0.6224379442333277, 'hidden_size': 100, 'dropout': 0.3555914262753461, 'hidden_continuous_size': 66, 'attention_head_size': 3, 'learning_rate': 0.00282009134787853}. Best is trial 3 with value: 29.1348876953125.
LOCAL_RANK: 0 - CUDA_VISIBLE_DEVICES: [0]
[I 2023-11-29 20:16:14,100] Trial 42 finished with value: 33.261390686035156 and parameters: {'gradient_clip_val': 0.8320788738589264, 'hidden_size': 106, 'dropout': 0.3377260980247978, 'hidden_continuous_size': 55, 'attention_head_size': 3, 'learning_rate': 0.003010103649692064}. Best is trial 3 with value: 29.1348876953125.
LOCAL_RANK: 0 - CUDA_VISIBLE_DEVICES: [0]
[I 2023-11-29 20:16:28,290] Trial 43 finished with value: 40.31993103027344 and parameters: {'gradient_clip_val': 0.4218905219699048, 'hidden_size': 136, 'dropout': 0.3852745539894963, 'hidden_continuous_size': 114, 'attention_head_size': 2, 'learning_rate': 0.0021093888512957446}. Best is trial 3 with value: 29.1348876953125.
LOCAL_RANK: 0 - CUDA_VISIBLE_DEVICES: [0]
[I 2023-11-29 20:16:41,944] Trial 44 finished with value: 34.10129165649414 and parameters: {'gradient_clip_val': 0.741251499033819, 'hidden_size': 88, 'dropout': 0.36095064368205027, 'hidden_continuous_size': 66, 'attention_head_size': 3, 'learning_rate': 0.0017895744984705942}. Best is trial 3 with value: 29.1348876953125.
LOCAL_RANK: 0 - CUDA_VISIBLE_DEVICES: [0]
[I 2023-11-29 20:16:54,285] Trial 45 finished with value: 43.5589485168457 and parameters: {'gradient_clip_val': 0.8876854362801307, 'hidden_size': 37, 'dropout': 0.31770610239765523, 'hidden_continuous_size': 32, 'attention_head_size': 2, 'learning_rate': 0.004108302300496962}. Best is trial 3 with value: 29.1348876953125.
LOCAL_RANK: 0 - CUDA_VISIBLE_DEVICES: [0]
[I 2023-11-29 20:17:08,119] Trial 46 finished with value: 33.206722259521484 and parameters: {'gradient_clip_val': 0.6000354090453608, 'hidden_size': 113, 'dropout': 0.29014221075159735, 'hidden_continuous_size': 81, 'attention_head_size': 1, 'learning_rate': 0.003539327131523588}. Best is trial 3 with value: 29.1348876953125.
LOCAL_RANK: 0 - CUDA_VISIBLE_DEVICES: [0]
[I 2023-11-29 20:17:21,545] Trial 47 finished with value: 31.0555362701416 and parameters: {'gradient_clip_val': 0.4607211866610385, 'hidden_size': 68, 'dropout': 0.3441607489463602, 'hidden_continuous_size': 52, 'attention_head_size': 3, 'learning_rate': 0.0024789960263696792}. Best is trial 3 with value: 29.1348876953125.
LOCAL_RANK: 0 - CUDA_VISIBLE_DEVICES: [0]
[I 2023-11-29 20:17:35,463] Trial 48 finished with value: 35.14523696899414 and parameters: {'gradient_clip_val': 0.5720320303224778, 'hidden_size': 83, 'dropout': 0.32750045246993875, 'hidden_continuous_size': 58, 'attention_head_size': 4, 'learning_rate': 0.0023338577290854924}. Best is trial 3 with value: 29.1348876953125.
LOCAL_RANK: 0 - CUDA_VISIBLE_DEVICES: [0]
[I 2023-11-29 20:17:47,831] Trial 49 finished with value: 37.251094818115234 and parameters: {'gradient_clip_val': 0.44680396064861855, 'hidden_size': 31, 'dropout': 0.27159901443662166, 'hidden_continuous_size': 27, 'attention_head_size': 2, 'learning_rate': 0.005931273144345155}. Best is trial 3 with value: 29.1348876953125.
LOCAL_RANK: 0 - CUDA_VISIBLE_DEVICES: [0]
[I 2023-11-29 20:18:01,212] Trial 50 finished with value: 51.34750747680664 and parameters: {'gradient_clip_val': 0.6469780317829616, 'hidden_size': 66, 'dropout': 0.3655682516296354, 'hidden_continuous_size': 52, 'attention_head_size': 3, 'learning_rate': 0.001423005952515183}. Best is trial 3 with value: 29.1348876953125.
LOCAL_RANK: 0 - CUDA_VISIBLE_DEVICES: [0]
[I 2023-11-29 20:18:14,602] Trial 51 finished with value: 29.66985321044922 and parameters: {'gradient_clip_val': 0.49877682852123206, 'hidden_size': 96, 'dropout': 0.3430549836825297, 'hidden_continuous_size': 39, 'attention_head_size': 3, 'learning_rate': 0.0025770856792286636}. Best is trial 3 with value: 29.1348876953125.
LOCAL_RANK: 0 - CUDA_VISIBLE_DEVICES: [0]
[I 2023-11-29 20:18:28,720] Trial 52 finished with value: 33.137298583984375 and parameters: {'gradient_clip_val': 0.39501248787099624, 'hidden_size': 138, 'dropout': 0.3414779083138719, 'hidden_continuous_size': 40, 'attention_head_size': 3, 'learning_rate': 0.0025663941770811168}. Best is trial 3 with value: 29.1348876953125.
LOCAL_RANK: 0 - CUDA_VISIBLE_DEVICES: [0]
[I 2023-11-29 20:18:42,411] Trial 53 finished with value: 37.16283416748047 and parameters: {'gradient_clip_val': 0.4830636321233382, 'hidden_size': 71, 'dropout': 0.30572947822914637, 'hidden_continuous_size': 47, 'attention_head_size': 3, 'learning_rate': 0.0023190839359529033}. Best is trial 3 with value: 29.1348876953125.
LOCAL_RANK: 0 - CUDA_VISIBLE_DEVICES: [0]
[I 2023-11-29 20:18:56,257] Trial 54 finished with value: 42.527347564697266 and parameters: {'gradient_clip_val': 0.7100537256532563, 'hidden_size': 116, 'dropout': 0.35355532700362824, 'hidden_continuous_size': 45, 'attention_head_size': 3, 'learning_rate': 0.0019525758844948834}. Best is trial 3 with value: 29.1348876953125.
LOCAL_RANK: 0 - CUDA_VISIBLE_DEVICES: [0]
[I 2023-11-29 20:19:09,658] Trial 55 finished with value: 46.711544036865234 and parameters: {'gradient_clip_val': 0.8402274127078366, 'hidden_size': 78, 'dropout': 0.37294962410802934, 'hidden_continuous_size': 40, 'attention_head_size': 3, 'learning_rate': 0.0012182032531468919}. Best is trial 3 with value: 29.1348876953125.
LOCAL_RANK: 0 - CUDA_VISIBLE_DEVICES: [0]
[I 2023-11-29 20:19:23,420] Trial 56 finished with value: 54.93770217895508 and parameters: {'gradient_clip_val': 0.9197096019572178, 'hidden_size': 93, 'dropout': 0.3259295348780897, 'hidden_continuous_size': 37, 'attention_head_size': 4, 'learning_rate': 0.001650229933373121}. Best is trial 3 with value: 29.1348876953125.
LOCAL_RANK: 0 - CUDA_VISIBLE_DEVICES: [0]
[I 2023-11-29 20:19:36,760] Trial 57 finished with value: 36.79426574707031 and parameters: {'gradient_clip_val': 0.569483840341374, 'hidden_size': 59, 'dropout': 0.3896112427843703, 'hidden_continuous_size': 47, 'attention_head_size': 3, 'learning_rate': 0.003368402203574993}. Best is trial 3 with value: 29.1348876953125.
LOCAL_RANK: 0 - CUDA_VISIBLE_DEVICES: [0]
