[I 2023-11-29 20:19:50,581] Trial 58 finished with value: 34.0057373046875 and parameters: {'gradient_clip_val': 0.7861210455760522, 'hidden_size': 128, 'dropout': 0.3603601333284067, 'hidden_continuous_size': 54, 'attention_head_size': 3, 'learning_rate': 0.0015786809841007233}. Best is trial 3 with value: 29.1348876953125.
LOCAL_RANK: 0 - CUDA_VISIBLE_DEVICES: [0]
[I 2023-11-29 20:20:05,141] Trial 59 finished with value: 33.781490325927734 and parameters: {'gradient_clip_val': 0.7089843324837303, 'hidden_size': 150, 'dropout': 0.3765126340588951, 'hidden_continuous_size': 118, 'attention_head_size': 2, 'learning_rate': 0.0010198391278956546}. Best is trial 3 with value: 29.1348876953125.
LOCAL_RANK: 0 - CUDA_VISIBLE_DEVICES: [0]
[I 2023-11-29 20:20:19,004] Trial 60 finished with value: 32.81326675415039 and parameters: {'gradient_clip_val': 0.6379746498613461, 'hidden_size': 109, 'dropout': 0.33742149738989224, 'hidden_continuous_size': 72, 'attention_head_size': 1, 'learning_rate': 0.0026561791755701568}. Best is trial 3 with value: 29.1348876953125.
LOCAL_RANK: 0 - CUDA_VISIBLE_DEVICES: [0]
[I 2023-11-29 20:20:32,731] Trial 61 finished with value: 31.1191349029541 and parameters: {'gradient_clip_val': 0.505018330494461, 'hidden_size': 85, 'dropout': 0.3458405207142686, 'hidden_continuous_size': 60, 'attention_head_size': 3, 'learning_rate': 0.0030108995209808943}. Best is trial 3 with value: 29.1348876953125.
LOCAL_RANK: 0 - CUDA_VISIBLE_DEVICES: [0]
[I 2023-11-29 20:20:46,542] Trial 62 finished with value: 30.944671630859375 and parameters: {'gradient_clip_val': 0.464429396744989, 'hidden_size': 83, 'dropout': 0.3436901575656432, 'hidden_continuous_size': 60, 'attention_head_size': 3, 'learning_rate': 0.004924031909849292}. Best is trial 3 with value: 29.1348876953125.
LOCAL_RANK: 0 - CUDA_VISIBLE_DEVICES: [0]
[I 2023-11-29 20:21:00,075] Trial 63 finished with value: 31.34592628479004 and parameters: {'gradient_clip_val': 0.5371289232666815, 'hidden_size': 70, 'dropout': 0.31878062205315755, 'hidden_continuous_size': 55, 'attention_head_size': 3, 'learning_rate': 0.004653106654985169}. Best is trial 3 with value: 29.1348876953125.
LOCAL_RANK: 0 - CUDA_VISIBLE_DEVICES: [0]
[I 2023-11-29 20:21:13,726] Trial 64 finished with value: 33.52188491821289 and parameters: {'gradient_clip_val': 0.4594088836074415, 'hidden_size': 94, 'dropout': 0.3577479288981066, 'hidden_continuous_size': 49, 'attention_head_size': 3, 'learning_rate': 0.008094326954318396}. Best is trial 3 with value: 29.1348876953125.
LOCAL_RANK: 0 - CUDA_VISIBLE_DEVICES: [0]
[I 2023-11-29 20:21:27,451] Trial 65 finished with value: 36.6458854675293 and parameters: {'gradient_clip_val': 0.9377170787785577, 'hidden_size': 118, 'dropout': 0.37002598882717846, 'hidden_continuous_size': 30, 'attention_head_size': 3, 'learning_rate': 0.003813136842709509}. Best is trial 3 with value: 29.1348876953125.
LOCAL_RANK: 0 - CUDA_VISIBLE_DEVICES: [0]
[I 2023-11-29 20:21:40,995] Trial 66 finished with value: 28.871530532836914 and parameters: {'gradient_clip_val': 0.3781681043128988, 'hidden_size': 85, 'dropout': 0.3414884792660866, 'hidden_continuous_size': 60, 'attention_head_size': 3, 'learning_rate': 0.005571039857234075}. Best is trial 66 with value: 28.871530532836914.
LOCAL_RANK: 0 - CUDA_VISIBLE_DEVICES: [0]
[I 2023-11-29 20:21:55,247] Trial 67 finished with value: 33.01120376586914 and parameters: {'gradient_clip_val': 0.3910179969006894, 'hidden_size': 137, 'dropout': 0.33575390942870836, 'hidden_continuous_size': 42, 'attention_head_size': 4, 'learning_rate': 0.005665577604524189}. Best is trial 66 with value: 28.871530532836914.
LOCAL_RANK: 0 - CUDA_VISIBLE_DEVICES: [0]
[I 2023-11-29 20:22:09,236] Trial 68 finished with value: 28.892974853515625 and parameters: {'gradient_clip_val': 0.33002983324839363, 'hidden_size': 102, 'dropout': 0.3905272210381097, 'hidden_continuous_size': 73, 'attention_head_size': 3, 'learning_rate': 0.00666856222830127}. Best is trial 66 with value: 28.871530532836914.
LOCAL_RANK: 0 - CUDA_VISIBLE_DEVICES: [0]
[I 2023-11-29 20:22:23,254] Trial 69 finished with value: 34.931941986083984 and parameters: {'gradient_clip_val': 0.28255992102819816, 'hidden_size': 103, 'dropout': 0.388683235631693, 'hidden_continuous_size': 74, 'attention_head_size': 3, 'learning_rate': 0.006864983789947414}. Best is trial 66 with value: 28.871530532836914.
LOCAL_RANK: 0 - CUDA_VISIBLE_DEVICES: [0]
[I 2023-11-29 20:22:36,742] Trial 70 finished with value: 33.15725326538086 and parameters: {'gradient_clip_val': 0.3290445939832847, 'hidden_size': 96, 'dropout': 0.3767462486028469, 'hidden_continuous_size': 62, 'attention_head_size': 2, 'learning_rate': 0.008750301520972083}. Best is trial 66 with value: 28.871530532836914.
LOCAL_RANK: 0 - CUDA_VISIBLE_DEVICES: [0]
[I 2023-11-29 20:22:50,803] Trial 71 finished with value: 34.341552734375 and parameters: {'gradient_clip_val': 0.3505872623095894, 'hidden_size': 82, 'dropout': 0.3910649317182283, 'hidden_continuous_size': 68, 'attention_head_size': 3, 'learning_rate': 0.004492269648050085}. Best is trial 66 with value: 28.871530532836914.
LOCAL_RANK: 0 - CUDA_VISIBLE_DEVICES: [0]
[I 2023-11-29 20:23:04,606] Trial 72 finished with value: 34.112178802490234 and parameters: {'gradient_clip_val': 0.42468135663613465, 'hidden_size': 108, 'dropout': 0.3542102114974791, 'hidden_continuous_size': 80, 'attention_head_size': 3, 'learning_rate': 0.005244336756818001}. Best is trial 66 with value: 28.871530532836914.
LOCAL_RANK: 0 - CUDA_VISIBLE_DEVICES: [0]
[I 2023-11-29 20:23:18,565] Trial 73 finished with value: 31.17047691345215 and parameters: {'gradient_clip_val': 0.38205033634596547, 'hidden_size': 120, 'dropout': 0.3663041562076995, 'hidden_continuous_size': 58, 'attention_head_size': 3, 'learning_rate': 0.004810493327632663}. Best is trial 66 with value: 28.871530532836914.
LOCAL_RANK: 0 - CUDA_VISIBLE_DEVICES: [0]
[I 2023-11-29 20:23:32,344] Trial 74 finished with value: 30.91509437561035 and parameters: {'gradient_clip_val': 0.7830508631157608, 'hidden_size': 88, 'dropout': 0.33029645518129025, 'hidden_continuous_size': 70, 'attention_head_size': 3, 'learning_rate': 0.006708084067276655}. Best is trial 66 with value: 28.871530532836914.
LOCAL_RANK: 0 - CUDA_VISIBLE_DEVICES: [0]
[I 2023-11-29 20:23:46,291] Trial 75 finished with value: 32.69314956665039 and parameters: {'gradient_clip_val': 0.7665084918308597, 'hidden_size': 91, 'dropout': 0.33066090471741144, 'hidden_continuous_size': 71, 'attention_head_size': 3, 'learning_rate': 0.006450279593270998}. Best is trial 66 with value: 28.871530532836914.
LOCAL_RANK: 0 - CUDA_VISIBLE_DEVICES: [0]
[I 2023-11-29 20:24:00,330] Trial 76 finished with value: 39.71630859375 and parameters: {'gradient_clip_val': 0.8499334082683947, 'hidden_size': 127, 'dropout': 0.3792622197212529, 'hidden_continuous_size': 89, 'attention_head_size': 1, 'learning_rate': 0.010551720088927}. Best is trial 66 with value: 28.871530532836914.
LOCAL_RANK: 0 - CUDA_VISIBLE_DEVICES: [0]
[I 2023-11-29 20:24:13,993] Trial 77 finished with value: 34.266021728515625 and parameters: {'gradient_clip_val': 0.9417649934352328, 'hidden_size': 74, 'dropout': 0.39464628093755, 'hidden_continuous_size': 64, 'attention_head_size': 3, 'learning_rate': 0.007582809832840877}. Best is trial 66 with value: 28.871530532836914.
LOCAL_RANK: 0 - CUDA_VISIBLE_DEVICES: [0]
[I 2023-11-29 20:24:28,332] Trial 78 finished with value: 33.05366516113281 and parameters: {'gradient_clip_val': 0.807761538654423, 'hidden_size': 102, 'dropout': 0.35122298459018775, 'hidden_continuous_size': 77, 'attention_head_size': 4, 'learning_rate': 0.005543344518831379}. Best is trial 66 with value: 28.871530532836914.
LOCAL_RANK: 0 - CUDA_VISIBLE_DEVICES: [0]
[I 2023-11-29 20:24:42,752] Trial 79 finished with value: 39.58609390258789 and parameters: {'gradient_clip_val': 0.6703131811280317, 'hidden_size': 141, 'dropout': 0.31245500398352644, 'hidden_continuous_size': 86, 'attention_head_size': 3, 'learning_rate': 0.0037980755363376723}. Best is trial 66 with value: 28.871530532836914.
LOCAL_RANK: 0 - CUDA_VISIBLE_DEVICES: [0]
[I 2023-11-29 20:24:56,766] Trial 80 finished with value: 36.21492385864258 and parameters: {'gradient_clip_val': 0.7400078277663258, 'hidden_size': 111, 'dropout': 0.3687222524940763, 'hidden_continuous_size': 85, 'attention_head_size': 3, 'learning_rate': 0.009356223568608664}. Best is trial 66 with value: 28.871530532836914.
LOCAL_RANK: 0 - CUDA_VISIBLE_DEVICES: [0]
[I 2023-11-29 20:25:10,406] Trial 81 finished with value: 36.33994674682617 and parameters: {'gradient_clip_val': 0.6108700519277187, 'hidden_size': 87, 'dropout': 0.34518051856282134, 'hidden_continuous_size': 62, 'attention_head_size': 3, 'learning_rate': 0.006685891447576744}. Best is trial 66 with value: 28.871530532836914.
LOCAL_RANK: 0 - CUDA_VISIBLE_DEVICES: [0]
[I 2023-11-29 20:25:24,179] Trial 82 finished with value: 37.48247146606445 and parameters: {'gradient_clip_val': 0.8664643414285778, 'hidden_size': 78, 'dropout': 0.3334358740315019, 'hidden_continuous_size': 67, 'attention_head_size': 3, 'learning_rate': 0.0051928675640528195}. Best is trial 66 with value: 28.871530532836914.
LOCAL_RANK: 0 - CUDA_VISIBLE_DEVICES: [0]
[I 2023-11-29 20:25:38,271] Trial 83 finished with value: 40.62013626098633 and parameters: {'gradient_clip_val': 0.792489758720067, 'hidden_size': 99, 'dropout': 0.3235829636938162, 'hidden_continuous_size': 69, 'attention_head_size': 3, 'learning_rate': 0.004370395536835266}. Best is trial 66 with value: 28.871530532836914.
LOCAL_RANK: 0 - CUDA_VISIBLE_DEVICES: [0]
[I 2023-11-29 20:25:51,973] Trial 84 finished with value: 34.35404586791992 and parameters: {'gradient_clip_val': 0.6844325857351924, 'hidden_size': 84, 'dropout': 0.3538939228746473, 'hidden_continuous_size': 72, 'attention_head_size': 3, 'learning_rate': 0.006216625985850064}. Best is trial 66 with value: 28.871530532836914.
LOCAL_RANK: 0 - CUDA_VISIBLE_DEVICES: [0]
[I 2023-11-29 20:26:06,059] Trial 85 finished with value: 38.50062942504883 and parameters: {'gradient_clip_val': 0.5452973428771232, 'hidden_size': 121, 'dropout': 0.38220414397862246, 'hidden_continuous_size': 77, 'attention_head_size': 3, 'learning_rate': 0.0011617175359232078}. Best is trial 66 with value: 28.871530532836914.
LOCAL_RANK: 0 - CUDA_VISIBLE_DEVICES: [0]
[I 2023-11-29 20:26:19,082] Trial 86 finished with value: 35.20842742919922 and parameters: {'gradient_clip_val': 0.7373780432835062, 'hidden_size': 53, 'dropout': 0.3591797930242933, 'hidden_continuous_size': 48, 'attention_head_size': 2, 'learning_rate': 0.012203958066673636}. Best is trial 66 with value: 28.871530532836914.
LOCAL_RANK: 0 - CUDA_VISIBLE_DEVICES: [0]
[I 2023-11-29 20:26:32,769] Trial 87 finished with value: 32.733516693115234 and parameters: {'gradient_clip_val': 0.9625638250286749, 'hidden_size': 90, 'dropout': 0.34140352926482254, 'hidden_continuous_size': 59, 'attention_head_size': 3, 'learning_rate': 0.0033802380854807716}. Best is trial 66 with value: 28.871530532836914.
LOCAL_RANK: 0 - CUDA_VISIBLE_DEVICES: [0]
[I 2023-11-29 20:26:46,291] Trial 88 finished with value: 35.82345962524414 and parameters: {'gradient_clip_val': 0.9170393993285987, 'hidden_size': 63, 'dropout': 0.30740130004487726, 'hidden_continuous_size': 57, 'attention_head_size': 3, 'learning_rate': 0.004880576205212404}. Best is trial 66 with value: 28.871530532836914.
LOCAL_RANK: 0 - CUDA_VISIBLE_DEVICES: [0]
[I 2023-11-29 20:26:59,854] Trial 89 finished with value: 34.05520248413086 and parameters: {'gradient_clip_val': 0.5925327757790523, 'hidden_size': 110, 'dropout': 0.399215564693157, 'hidden_continuous_size': 51, 'attention_head_size': 1, 'learning_rate': 0.004067208877128103}. Best is trial 66 with value: 28.871530532836914.
LOCAL_RANK: 0 - CUDA_VISIBLE_DEVICES: [0]
[I 2023-11-29 20:27:13,927] Trial 90 finished with value: 34.729270935058594 and parameters: {'gradient_clip_val': 0.8501305004061461, 'hidden_size': 132, 'dropout': 0.3717477827106123, 'hidden_continuous_size': 92, 'attention_head_size': 3, 'learning_rate': 0.0014345310824835098}. Best is trial 66 with value: 28.871530532836914.
LOCAL_RANK: 0 - CUDA_VISIBLE_DEVICES: [0]
[I 2023-11-29 20:27:27,489] Trial 91 finished with value: 33.01315689086914 and parameters: {'gradient_clip_val': 0.40992054931051003, 'hidden_size': 75, 'dropout': 0.3461481145166537, 'hidden_continuous_size': 53, 'attention_head_size': 3, 'learning_rate': 0.0032493524662558365}. Best is trial 66 with value: 28.871530532836914.
LOCAL_RANK: 0 - CUDA_VISIBLE_DEVICES: [0]
[I 2023-11-29 20:27:41,293] Trial 92 finished with value: 31.005075454711914 and parameters: {'gradient_clip_val': 0.4411969442557166, 'hidden_size': 98, 'dropout': 0.3297724296714797, 'hidden_continuous_size': 62, 'attention_head_size': 3, 'learning_rate': 0.0024710492428971923}. Best is trial 66 with value: 28.871530532836914.
LOCAL_RANK: 0 - CUDA_VISIBLE_DEVICES: [0]
[I 2023-11-29 20:27:55,274] Trial 93 finished with value: 30.08527183532715 and parameters: {'gradient_clip_val': 0.43821216728668616, 'hidden_size': 95, 'dropout': 0.3228405441917896, 'hidden_continuous_size': 64, 'attention_head_size': 3, 'learning_rate': 0.002173286503877713}. Best is trial 66 with value: 28.871530532836914.
LOCAL_RANK: 0 - CUDA_VISIBLE_DEVICES: [0]
[I 2023-11-29 20:28:09,497] Trial 94 finished with value: 32.273189544677734 and parameters: {'gradient_clip_val': 0.431259342972838, 'hidden_size': 104, 'dropout': 0.30152671913221557, 'hidden_continuous_size': 74, 'attention_head_size': 3, 'learning_rate': 0.006972593891886385}. Best is trial 66 with value: 28.871530532836914.
LOCAL_RANK: 0 - CUDA_VISIBLE_DEVICES: [0]
[I 2023-11-29 20:28:23,400] Trial 95 finished with value: 34.57126235961914 and parameters: {'gradient_clip_val': 0.4813891469254473, 'hidden_size': 82, 'dropout': 0.33544287802809675, 'hidden_continuous_size': 65, 'attention_head_size': 3, 'learning_rate': 0.0022096687445749153}. Best is trial 66 with value: 28.871530532836914.
LOCAL_RANK: 0 - CUDA_VISIBLE_DEVICES: [0]
[I 2023-11-29 20:28:37,393] Trial 96 finished with value: 33.85054016113281 and parameters: {'gradient_clip_val': 0.5125796758503871, 'hidden_size': 116, 'dropout': 0.32013396841826197, 'hidden_continuous_size': 98, 'attention_head_size': 2, 'learning_rate': 0.001968573376055518}. Best is trial 66 with value: 28.871530532836914.
LOCAL_RANK: 0 - CUDA_VISIBLE_DEVICES: [0]
[I 2023-11-29 20:28:51,662] Trial 97 finished with value: 28.763132095336914 and parameters: {'gradient_clip_val': 0.36681908367520355, 'hidden_size': 145, 'dropout': 0.3641553430578367, 'hidden_continuous_size': 35, 'attention_head_size': 3, 'learning_rate': 0.005757993252094729}. Best is trial 97 with value: 28.763132095336914.
LOCAL_RANK: 0 - CUDA_VISIBLE_DEVICES: [0]
[I 2023-11-29 20:29:05,871] Trial 98 finished with value: 27.29825782775879 and parameters: {'gradient_clip_val': 0.6466020794057185, 'hidden_size': 150, 'dropout': 0.36052573210276073, 'hidden_continuous_size': 42, 'attention_head_size': 3, 'learning_rate': 0.006000981434722227}. Best is trial 98 with value: 27.29825782775879.
LOCAL_RANK: 0 - CUDA_VISIBLE_DEVICES: [0]
[I 2023-11-29 20:29:19,898] Trial 99 finished with value: 33.084781646728516 and parameters: {'gradient_clip_val': 0.3584541281990868, 'hidden_size': 135, 'dropout': 0.3624178736076172, 'hidden_continuous_size': 44, 'attention_head_size': 3, 'learning_rate': 0.00623472870995796}. Best is trial 98 with value: 27.29825782775879.
LOCAL_RANK: 0 - CUDA_VISIBLE_DEVICES: [0]
[I 2023-11-29 20:29:34,146] Trial 100 finished with value: 35.44602966308594 and parameters: {'gradient_clip_val': 0.6200217104511259, 'hidden_size': 149, 'dropout': 0.32451048116593695, 'hidden_continuous_size': 39, 'attention_head_size': 3, 'learning_rate': 0.007526868737996424}. Best is trial 98 with value: 27.29825782775879.
LOCAL_RANK: 0 - CUDA_VISIBLE_DEVICES: [0]
[I 2023-11-29 20:29:48,216] Trial 101 finished with value: 39.11346435546875 and parameters: {'gradient_clip_val': 0.6983365604178307, 'hidden_size': 142, 'dropout': 0.380105466546352, 'hidden_continuous_size': 35, 'attention_head_size': 3, 'learning_rate': 0.005668251242921275}. Best is trial 98 with value: 27.29825782775879.
LOCAL_RANK: 0 - CUDA_VISIBLE_DEVICES: [0]
[I 2023-11-29 20:30:02,143] Trial 102 finished with value: 34.5575065612793 and parameters: {'gradient_clip_val': 0.6449884621200311, 'hidden_size': 125, 'dropout': 0.3643547289044853, 'hidden_continuous_size': 42, 'attention_head_size': 3, 'learning_rate': 0.0027386759371052553}. Best is trial 98 with value: 27.29825782775879.
LOCAL_RANK: 0 - CUDA_VISIBLE_DEVICES: [0]
[I 2023-11-29 20:30:16,151] Trial 103 finished with value: 38.92982482910156 and parameters: {'gradient_clip_val': 0.752554707625522, 'hidden_size': 131, 'dropout': 0.35741690945772514, 'hidden_continuous_size': 38, 'attention_head_size': 3, 'learning_rate': 0.001788108359414575}. Best is trial 98 with value: 27.29825782775879.
LOCAL_RANK: 0 - CUDA_VISIBLE_DEVICES: [0]
[I 2023-11-29 20:30:30,209] Trial 104 finished with value: 43.451045989990234 and parameters: {'gradient_clip_val': 0.37649426467873265, 'hidden_size': 142, 'dropout': 0.34985362885304805, 'hidden_continuous_size': 37, 'attention_head_size': 3, 'learning_rate': 0.005565558527525083}. Best is trial 98 with value: 27.29825782775879.
LOCAL_RANK: 0 - CUDA_VISIBLE_DEVICES: [0]
[I 2023-11-29 20:30:44,082] Trial 105 finished with value: 33.1627197265625 and parameters: {'gradient_clip_val': 0.8016949202798141, 'hidden_size': 121, 'dropout': 0.37336458026462377, 'hidden_continuous_size': 46, 'attention_head_size': 3, 'learning_rate': 0.004365337659376451}. Best is trial 98 with value: 27.29825782775879.
LOCAL_RANK: 0 - CUDA_VISIBLE_DEVICES: [0]
[I 2023-11-29 20:30:57,742] Trial 106 finished with value: 34.58743667602539 and parameters: {'gradient_clip_val': 0.3713533912315487, 'hidden_size': 112, 'dropout': 0.3881925201998566, 'hidden_continuous_size': 33, 'attention_head_size': 3, 'learning_rate': 0.008108025638327222}. Best is trial 98 with value: 27.29825782775879.
LOCAL_RANK: 0 - CUDA_VISIBLE_DEVICES: [0]
[I 2023-11-29 20:31:11,607] Trial 107 finished with value: 49.66437911987305 and parameters: {'gradient_clip_val': 0.3367378246862118, 'hidden_size': 94, 'dropout': 0.3402123900568544, 'hidden_continuous_size': 70, 'attention_head_size': 2, 'learning_rate': 0.0012829177643153041}. Best is trial 98 with value: 27.29825782775879.
LOCAL_RANK: 0 - CUDA_VISIBLE_DEVICES: [0]
[I 2023-11-29 20:31:25,788] Trial 108 finished with value: 32.584407806396484 and parameters: {'gradient_clip_val': 0.40165743400055526, 'hidden_size': 134, 'dropout': 0.3676345854193688, 'hidden_continuous_size': 35, 'attention_head_size': 3, 'learning_rate': 0.005977258328955548}. Best is trial 98 with value: 27.29825782775879.
LOCAL_RANK: 0 - CUDA_VISIBLE_DEVICES: [0]
[I 2023-11-29 20:31:39,293] Trial 109 finished with value: 29.078962326049805 and parameters: {'gradient_clip_val': 0.9026475023079527, 'hidden_size': 104, 'dropout': 0.3326407434892384, 'hidden_continuous_size': 55, 'attention_head_size': 1, 'learning_rate': 0.0036676930735478615}. Best is trial 98 with value: 27.29825782775879.
LOCAL_RANK: 0 - CUDA_VISIBLE_DEVICES: [0]
[I 2023-11-29 20:31:53,606] Trial 110 finished with value: 34.95684814453125 and parameters: {'gradient_clip_val': 0.31840767300129436, 'hidden_size': 150, 'dropout': 0.3158825929673107, 'hidden_continuous_size': 82, 'attention_head_size': 1, 'learning_rate': 0.005311838621258591}. Best is trial 98 with value: 27.29825782775879.
LOCAL_RANK: 0 - CUDA_VISIBLE_DEVICES: [0]
[I 2023-11-29 20:32:07,312] Trial 111 finished with value: 30.331689834594727 and parameters: {'gradient_clip_val': 0.8279993065959392, 'hidden_size': 105, 'dropout': 0.3314007852288606, 'hidden_continuous_size': 56, 'attention_head_size': 1, 'learning_rate': 0.0038713450158975875}. Best is trial 98 with value: 27.29825782775879.
LOCAL_RANK: 0 - CUDA_VISIBLE_DEVICES: [0]
[I 2023-11-29 20:32:21,063] Trial 112 finished with value: 36.66334533691406 and parameters: {'gradient_clip_val': 0.8881082037863794, 'hidden_size': 125, 'dropout': 0.33497311028273086, 'hidden_continuous_size': 55, 'attention_head_size': 1, 'learning_rate': 0.004545379254487605}. Best is trial 98 with value: 27.29825782775879.
LOCAL_RANK: 0 - CUDA_VISIBLE_DEVICES: [0]
[I 2023-11-29 20:32:34,933] Trial 113 finished with value: 34.958133697509766 and parameters: {'gradient_clip_val': 0.8348425369628063, 'hidden_size': 106, 'dropout': 0.328609180949351, 'hidden_continuous_size': 50, 'attention_head_size': 1, 'learning_rate': 0.004119922498434686}. Best is trial 98 with value: 27.29825782775879.
LOCAL_RANK: 0 - CUDA_VISIBLE_DEVICES: [0]
[I 2023-11-29 20:32:48,667] Trial 114 finished with value: 31.292207717895508 and parameters: {'gradient_clip_val': 0.7652134159290545, 'hidden_size': 117, 'dropout': 0.32198920481196397, 'hidden_continuous_size': 56, 'attention_head_size': 1, 'learning_rate': 0.0037826770362348774}. Best is trial 98 with value: 27.29825782775879.
LOCAL_RANK: 0 - CUDA_VISIBLE_DEVICES: [0]
[I 2023-11-29 20:33:02,435] Trial 115 finished with value: 28.91956329345703 and parameters: {'gradient_clip_val': 0.8912759615354338, 'hidden_size': 100, 'dropout': 0.3404238463097362, 'hidden_continuous_size': 75, 'attention_head_size': 1, 'learning_rate': 0.003584889099296731}. Best is trial 98 with value: 27.29825782775879.
LOCAL_RANK: 0 - CUDA_VISIBLE_DEVICES: [0]
[I 2023-11-29 20:33:16,049] Trial 116 finished with value: 47.14292526245117 and parameters: {'gradient_clip_val': 0.9883295813823992, 'hidden_size': 97, 'dropout': 0.3492490292697444, 'hidden_continuous_size': 64, 'attention_head_size': 1, 'learning_rate': 0.003150976237070342}. Best is trial 98 with value: 27.29825782775879.
LOCAL_RANK: 0 - CUDA_VISIBLE_DEVICES: [0]
