[I 2023-11-30 02:32:24,817] Trial 100 finished with value: 55.02937316894531 and parameters: {'gradient_clip_val': 0.5455278157292954, 'hidden_size': 22, 'dropout': 0.3189192412962907, 'hidden_continuous_size': 16, 'attention_head_size': 4, 'learning_rate': 0.05836478756532281}. Best is trial 26 with value: 42.68107223510742.
LOCAL_RANK: 0 - CUDA_VISIBLE_DEVICES: [0]
[I 2023-11-30 02:32:36,606] Trial 101 finished with value: 51.80620193481445 and parameters: {'gradient_clip_val': 0.7515773063918738, 'hidden_size': 18, 'dropout': 0.35334290806698476, 'hidden_continuous_size': 14, 'attention_head_size': 3, 'learning_rate': 0.027532602262645662}. Best is trial 26 with value: 42.68107223510742.
LOCAL_RANK: 0 - CUDA_VISIBLE_DEVICES: [0]
[I 2023-11-30 02:32:48,373] Trial 102 finished with value: 46.20823287963867 and parameters: {'gradient_clip_val': 0.7107677419371633, 'hidden_size': 20, 'dropout': 0.3432148316417477, 'hidden_continuous_size': 13, 'attention_head_size': 3, 'learning_rate': 0.03875271632461468}. Best is trial 26 with value: 42.68107223510742.
LOCAL_RANK: 0 - CUDA_VISIBLE_DEVICES: [0]
[I 2023-11-30 02:33:00,420] Trial 103 finished with value: 48.039886474609375 and parameters: {'gradient_clip_val': 0.8521853441108495, 'hidden_size': 19, 'dropout': 0.33414135309240883, 'hidden_continuous_size': 14, 'attention_head_size': 3, 'learning_rate': 0.028768414356780375}. Best is trial 26 with value: 42.68107223510742.
LOCAL_RANK: 0 - CUDA_VISIBLE_DEVICES: [0]
[I 2023-11-30 02:33:12,086] Trial 104 finished with value: 42.79787063598633 and parameters: {'gradient_clip_val': 0.6476859138782047, 'hidden_size': 16, 'dropout': 0.343487941960145, 'hidden_continuous_size': 14, 'attention_head_size': 3, 'learning_rate': 0.04220239706587345}. Best is trial 26 with value: 42.68107223510742.
LOCAL_RANK: 0 - CUDA_VISIBLE_DEVICES: [0]
[I 2023-11-30 02:33:23,646] Trial 105 finished with value: 45.95698928833008 and parameters: {'gradient_clip_val': 0.6117016833328741, 'hidden_size': 12, 'dropout': 0.3590689818202082, 'hidden_continuous_size': 11, 'attention_head_size': 3, 'learning_rate': 0.04218030709532471}. Best is trial 26 with value: 42.68107223510742.
LOCAL_RANK: 0 - CUDA_VISIBLE_DEVICES: [0]
[I 2023-11-30 02:33:35,418] Trial 106 finished with value: 47.345062255859375 and parameters: {'gradient_clip_val': 0.6475558527602859, 'hidden_size': 15, 'dropout': 0.325302503691966, 'hidden_continuous_size': 13, 'attention_head_size': 3, 'learning_rate': 0.05113867478254145}. Best is trial 26 with value: 42.68107223510742.
LOCAL_RANK: 0 - CUDA_VISIBLE_DEVICES: [0]
[I 2023-11-30 02:33:46,982] Trial 107 finished with value: 44.82926940917969 and parameters: {'gradient_clip_val': 0.6021533446064391, 'hidden_size': 16, 'dropout': 0.36927363355942117, 'hidden_continuous_size': 10, 'attention_head_size': 3, 'learning_rate': 0.03384414447456337}. Best is trial 26 with value: 42.68107223510742.
LOCAL_RANK: 0 - CUDA_VISIBLE_DEVICES: [0]
[I 2023-11-30 02:33:59,219] Trial 108 finished with value: 48.557708740234375 and parameters: {'gradient_clip_val': 0.6793665489912274, 'hidden_size': 28, 'dropout': 0.3461843705895069, 'hidden_continuous_size': 20, 'attention_head_size': 3, 'learning_rate': 0.0626472959320753}. Best is trial 26 with value: 42.68107223510742.
LOCAL_RANK: 0 - CUDA_VISIBLE_DEVICES: [0]
[I 2023-11-30 02:34:11,213] Trial 109 finished with value: 47.3076057434082 and parameters: {'gradient_clip_val': 0.5743418631054529, 'hidden_size': 17, 'dropout': 0.30611199651733656, 'hidden_continuous_size': 15, 'attention_head_size': 3, 'learning_rate': 0.0460649791457691}. Best is trial 26 with value: 42.68107223510742.
LOCAL_RANK: 0 - CUDA_VISIBLE_DEVICES: [0]
[I 2023-11-30 02:34:23,286] Trial 110 finished with value: 46.34794998168945 and parameters: {'gradient_clip_val': 0.517938486895766, 'hidden_size': 23, 'dropout': 0.3002043205580437, 'hidden_continuous_size': 17, 'attention_head_size': 3, 'learning_rate': 0.022674276386587446}. Best is trial 26 with value: 42.68107223510742.
LOCAL_RANK: 0 - CUDA_VISIBLE_DEVICES: [0]
[I 2023-11-30 02:34:35,336] Trial 111 finished with value: 44.39670181274414 and parameters: {'gradient_clip_val': 0.7615543516819357, 'hidden_size': 21, 'dropout': 0.3514226715764624, 'hidden_continuous_size': 14, 'attention_head_size': 3, 'learning_rate': 0.03821786242138346}. Best is trial 26 with value: 42.68107223510742.
LOCAL_RANK: 0 - CUDA_VISIBLE_DEVICES: [0]
[I 2023-11-30 02:34:47,497] Trial 112 finished with value: 46.0445556640625 and parameters: {'gradient_clip_val': 0.7269167940067733, 'hidden_size': 26, 'dropout': 0.3481507374401984, 'hidden_continuous_size': 17, 'attention_head_size': 3, 'learning_rate': 0.030260736750583633}. Best is trial 26 with value: 42.68107223510742.
LOCAL_RANK: 0 - CUDA_VISIBLE_DEVICES: [0]
[I 2023-11-30 02:34:59,505] Trial 113 finished with value: 53.12605667114258 and parameters: {'gradient_clip_val': 0.7016562585664894, 'hidden_size': 19, 'dropout': 0.3129229250958205, 'hidden_continuous_size': 14, 'attention_head_size': 3, 'learning_rate': 0.0195796634761951}. Best is trial 26 with value: 42.68107223510742.
LOCAL_RANK: 0 - CUDA_VISIBLE_DEVICES: [0]
[I 2023-11-30 02:35:11,457] Trial 114 finished with value: 60.83221435546875 and parameters: {'gradient_clip_val': 0.6304812639259526, 'hidden_size': 13, 'dropout': 0.3628431151752568, 'hidden_continuous_size': 12, 'attention_head_size': 3, 'learning_rate': 0.02454473592102032}. Best is trial 26 with value: 42.68107223510742.
LOCAL_RANK: 0 - CUDA_VISIBLE_DEVICES: [0]
[I 2023-11-30 02:35:23,488] Trial 115 finished with value: 55.71564865112305 and parameters: {'gradient_clip_val': 0.8034031300180399, 'hidden_size': 18, 'dropout': 0.33647141340453685, 'hidden_continuous_size': 14, 'attention_head_size': 3, 'learning_rate': 0.0265059393156785}. Best is trial 26 with value: 42.68107223510742.
LOCAL_RANK: 0 - CUDA_VISIBLE_DEVICES: [0]
[I 2023-11-30 02:35:35,418] Trial 116 finished with value: 43.811065673828125 and parameters: {'gradient_clip_val': 0.6624247217945756, 'hidden_size': 14, 'dropout': 0.3440491556209655, 'hidden_continuous_size': 13, 'attention_head_size': 3, 'learning_rate': 0.04401350364844933}. Best is trial 26 with value: 42.68107223510742.
LOCAL_RANK: 0 - CUDA_VISIBLE_DEVICES: [0]
[I 2023-11-30 02:35:47,148] Trial 117 finished with value: 50.81878662109375 and parameters: {'gradient_clip_val': 0.6703893096456596, 'hidden_size': 14, 'dropout': 0.3311156120948358, 'hidden_continuous_size': 13, 'attention_head_size': 3, 'learning_rate': 0.04344411270055254}. Best is trial 26 with value: 42.68107223510742.
LOCAL_RANK: 0 - CUDA_VISIBLE_DEVICES: [0]
[I 2023-11-30 02:35:59,062] Trial 118 finished with value: 44.38811111450195 and parameters: {'gradient_clip_val': 0.3991795621838902, 'hidden_size': 16, 'dropout': 0.3841892669640673, 'hidden_continuous_size': 13, 'attention_head_size': 3, 'learning_rate': 0.03459086621470998}. Best is trial 26 with value: 42.68107223510742.
LOCAL_RANK: 0 - CUDA_VISIBLE_DEVICES: [0]
[I 2023-11-30 02:36:10,808] Trial 119 finished with value: 50.96763229370117 and parameters: {'gradient_clip_val': 0.5362617252406892, 'hidden_size': 13, 'dropout': 0.32113993145011543, 'hidden_continuous_size': 12, 'attention_head_size': 2, 'learning_rate': 0.05322490955379049}. Best is trial 26 with value: 42.68107223510742.
LOCAL_RANK: 0 - CUDA_VISIBLE_DEVICES: [0]
[I 2023-11-30 02:36:20,958] Trial 120 finished with value: 46.22541809082031 and parameters: {'gradient_clip_val': 0.5921311240706738, 'hidden_size': 11, 'dropout': 0.2939217594874792, 'hidden_continuous_size': 11, 'attention_head_size': 3, 'learning_rate': 0.04939038449291395}. Best is trial 26 with value: 42.68107223510742.
LOCAL_RANK: 0 - CUDA_VISIBLE_DEVICES: [0]
[I 2023-11-30 02:36:32,846] Trial 121 finished with value: 51.61515426635742 and parameters: {'gradient_clip_val': 0.7467031578305355, 'hidden_size': 14, 'dropout': 0.3430286405714447, 'hidden_continuous_size': 13, 'attention_head_size': 3, 'learning_rate': 0.040925734759995724}. Best is trial 26 with value: 42.68107223510742.
LOCAL_RANK: 0 - CUDA_VISIBLE_DEVICES: [0]
[I 2023-11-30 02:36:44,770] Trial 122 finished with value: 45.2375602722168 and parameters: {'gradient_clip_val': 0.6471869393524852, 'hidden_size': 21, 'dropout': 0.3545049177963021, 'hidden_continuous_size': 15, 'attention_head_size': 3, 'learning_rate': 0.037832798081140526}. Best is trial 26 with value: 42.68107223510742.
LOCAL_RANK: 0 - CUDA_VISIBLE_DEVICES: [0]
[I 2023-11-30 02:36:56,724] Trial 123 finished with value: 44.69871139526367 and parameters: {'gradient_clip_val': 0.6989939591302441, 'hidden_size': 20, 'dropout': 0.33635789393415577, 'hidden_continuous_size': 15, 'attention_head_size': 3, 'learning_rate': 0.033665498277793644}. Best is trial 26 with value: 42.68107223510742.
LOCAL_RANK: 0 - CUDA_VISIBLE_DEVICES: [0]
[I 2023-11-30 02:37:08,653] Trial 124 finished with value: 43.92739486694336 and parameters: {'gradient_clip_val': 0.48088810161657175, 'hidden_size': 17, 'dropout': 0.32808548416972166, 'hidden_continuous_size': 14, 'attention_head_size': 3, 'learning_rate': 0.0742389498432256}. Best is trial 26 with value: 42.68107223510742.
LOCAL_RANK: 0 - CUDA_VISIBLE_DEVICES: [0]
[I 2023-11-30 02:37:20,467] Trial 125 finished with value: 47.693603515625 and parameters: {'gradient_clip_val': 0.4812240105017602, 'hidden_size': 17, 'dropout': 0.3254115919633627, 'hidden_continuous_size': 10, 'attention_head_size': 3, 'learning_rate': 0.07087991780717146}. Best is trial 26 with value: 42.68107223510742.
LOCAL_RANK: 0 - CUDA_VISIBLE_DEVICES: [0]
[I 2023-11-30 02:37:32,391] Trial 126 finished with value: 46.48994827270508 and parameters: {'gradient_clip_val': 0.46032467890103196, 'hidden_size': 15, 'dropout': 0.3104797675537796, 'hidden_continuous_size': 10, 'attention_head_size': 3, 'learning_rate': 0.07547266905893325}. Best is trial 26 with value: 42.68107223510742.
LOCAL_RANK: 0 - CUDA_VISIBLE_DEVICES: [0]
[I 2023-11-30 02:37:43,977] Trial 127 finished with value: 45.602569580078125 and parameters: {'gradient_clip_val': 0.4178215854682265, 'hidden_size': 16, 'dropout': 0.3152018545658928, 'hidden_continuous_size': 14, 'attention_head_size': 3, 'learning_rate': 0.0946025652287925}. Best is trial 26 with value: 42.68107223510742.
LOCAL_RANK: 0 - CUDA_VISIBLE_DEVICES: [0]
[I 2023-11-30 02:37:55,989] Trial 128 finished with value: 49.5122184753418 and parameters: {'gradient_clip_val': 0.5520162520400356, 'hidden_size': 17, 'dropout': 0.2844573163662228, 'hidden_continuous_size': 13, 'attention_head_size': 3, 'learning_rate': 0.08342110426725019}. Best is trial 26 with value: 42.68107223510742.
LOCAL_RANK: 0 - CUDA_VISIBLE_DEVICES: [0]
[I 2023-11-30 02:38:07,821] Trial 129 finished with value: 47.591800689697266 and parameters: {'gradient_clip_val': 0.4795407997173665, 'hidden_size': 18, 'dropout': 0.3048933520309851, 'hidden_continuous_size': 12, 'attention_head_size': 1, 'learning_rate': 0.059290722072518155}. Best is trial 26 with value: 42.68107223510742.
LOCAL_RANK: 0 - CUDA_VISIBLE_DEVICES: [0]
[I 2023-11-30 02:38:19,711] Trial 130 finished with value: 43.07084274291992 and parameters: {'gradient_clip_val': 0.502518783847219, 'hidden_size': 19, 'dropout': 0.32898201797816484, 'hidden_continuous_size': 10, 'attention_head_size': 3, 'learning_rate': 0.04501781307230304}. Best is trial 26 with value: 42.68107223510742.
LOCAL_RANK: 0 - CUDA_VISIBLE_DEVICES: [0]
[I 2023-11-30 02:38:31,531] Trial 131 finished with value: 44.045833587646484 and parameters: {'gradient_clip_val': 0.4992477027247021, 'hidden_size': 15, 'dropout': 0.3292811423521898, 'hidden_continuous_size': 10, 'attention_head_size': 3, 'learning_rate': 0.0448870709432323}. Best is trial 26 with value: 42.68107223510742.
LOCAL_RANK: 0 - CUDA_VISIBLE_DEVICES: [0]
[I 2023-11-30 02:38:43,306] Trial 132 finished with value: 47.32595443725586 and parameters: {'gradient_clip_val': 0.4334963805378474, 'hidden_size': 18, 'dropout': 0.3187236205050941, 'hidden_continuous_size': 10, 'attention_head_size': 3, 'learning_rate': 0.06487545527403948}. Best is trial 26 with value: 42.68107223510742.
LOCAL_RANK: 0 - CUDA_VISIBLE_DEVICES: [0]
[I 2023-11-30 02:38:55,297] Trial 133 finished with value: 44.90925979614258 and parameters: {'gradient_clip_val': 0.5136288461287515, 'hidden_size': 19, 'dropout': 0.3358888758165026, 'hidden_continuous_size': 10, 'attention_head_size': 3, 'learning_rate': 0.05465863691267576}. Best is trial 26 with value: 42.68107223510742.
LOCAL_RANK: 0 - CUDA_VISIBLE_DEVICES: [0]
[I 2023-11-30 02:39:06,988] Trial 134 finished with value: 43.84513473510742 and parameters: {'gradient_clip_val': 0.434083517142964, 'hidden_size': 16, 'dropout': 0.39196789277472505, 'hidden_continuous_size': 14, 'attention_head_size': 3, 'learning_rate': 0.04929701879348281}. Best is trial 26 with value: 42.68107223510742.
LOCAL_RANK: 0 - CUDA_VISIBLE_DEVICES: [0]
[I 2023-11-30 02:39:18,557] Trial 135 finished with value: 43.630741119384766 and parameters: {'gradient_clip_val': 0.43856271138749314, 'hidden_size': 16, 'dropout': 0.390854016572282, 'hidden_continuous_size': 10, 'attention_head_size': 3, 'learning_rate': 0.04717352405096825}. Best is trial 26 with value: 42.68107223510742.
LOCAL_RANK: 0 - CUDA_VISIBLE_DEVICES: [0]
[I 2023-11-30 02:39:30,452] Trial 136 finished with value: 46.78019332885742 and parameters: {'gradient_clip_val': 0.3798785314260678, 'hidden_size': 25, 'dropout': 0.39286555391038186, 'hidden_continuous_size': 11, 'attention_head_size': 3, 'learning_rate': 0.04162995841898732}. Best is trial 26 with value: 42.68107223510742.
LOCAL_RANK: 0 - CUDA_VISIBLE_DEVICES: [0]
[I 2023-11-30 02:39:42,197] Trial 137 finished with value: 63.238922119140625 and parameters: {'gradient_clip_val': 0.4602098195294567, 'hidden_size': 19, 'dropout': 0.3689296736423158, 'hidden_continuous_size': 10, 'attention_head_size': 3, 'learning_rate': 0.036091643931118016}. Best is trial 26 with value: 42.68107223510742.
LOCAL_RANK: 0 - CUDA_VISIBLE_DEVICES: [0]
[I 2023-11-30 02:39:54,138] Trial 138 finished with value: 43.77155685424805 and parameters: {'gradient_clip_val': 0.4038671400862185, 'hidden_size': 14, 'dropout': 0.37972003109608304, 'hidden_continuous_size': 10, 'attention_head_size': 3, 'learning_rate': 0.031217385588974064}. Best is trial 26 with value: 42.68107223510742.
LOCAL_RANK: 0 - CUDA_VISIBLE_DEVICES: [0]
[I 2023-11-30 02:40:05,864] Trial 139 finished with value: 51.69941329956055 and parameters: {'gradient_clip_val': 0.4061318967256723, 'hidden_size': 12, 'dropout': 0.3757242988436502, 'hidden_continuous_size': 11, 'attention_head_size': 3, 'learning_rate': 0.04460526205067334}. Best is trial 26 with value: 42.68107223510742.
LOCAL_RANK: 0 - CUDA_VISIBLE_DEVICES: [0]
[I 2023-11-30 02:40:17,534] Trial 140 finished with value: 42.74991989135742 and parameters: {'gradient_clip_val': 0.351259959354254, 'hidden_size': 14, 'dropout': 0.38152407070670985, 'hidden_continuous_size': 10, 'attention_head_size': 3, 'learning_rate': 0.03138718789768364}. Best is trial 26 with value: 42.68107223510742.
LOCAL_RANK: 0 - CUDA_VISIBLE_DEVICES: [0]
[I 2023-11-30 02:40:29,215] Trial 141 finished with value: 47.37904739379883 and parameters: {'gradient_clip_val': 0.3430162278603368, 'hidden_size': 14, 'dropout': 0.3839283495616155, 'hidden_continuous_size': 10, 'attention_head_size': 3, 'learning_rate': 0.03143062600661823}. Best is trial 26 with value: 42.68107223510742.
LOCAL_RANK: 0 - CUDA_VISIBLE_DEVICES: [0]
[I 2023-11-30 02:40:40,969] Trial 142 finished with value: 43.07951736450195 and parameters: {'gradient_clip_val': 0.36655250598690675, 'hidden_size': 14, 'dropout': 0.39394920562873464, 'hidden_continuous_size': 10, 'attention_head_size': 3, 'learning_rate': 0.03821002020244556}. Best is trial 26 with value: 42.68107223510742.
LOCAL_RANK: 0 - CUDA_VISIBLE_DEVICES: [0]
[I 2023-11-30 02:40:53,019] Trial 143 finished with value: 45.88492965698242 and parameters: {'gradient_clip_val': 0.3619609740628392, 'hidden_size': 13, 'dropout': 0.3955418026434869, 'hidden_continuous_size': 10, 'attention_head_size': 3, 'learning_rate': 0.03781100104727858}. Best is trial 26 with value: 42.68107223510742.
LOCAL_RANK: 0 - CUDA_VISIBLE_DEVICES: [0]
[I 2023-11-30 02:41:04,854] Trial 144 finished with value: 46.87907791137695 and parameters: {'gradient_clip_val': 0.32065729213644617, 'hidden_size': 15, 'dropout': 0.3779897110504251, 'hidden_continuous_size': 10, 'attention_head_size': 3, 'learning_rate': 0.031204223631154344}. Best is trial 26 with value: 42.68107223510742.
LOCAL_RANK: 0 - CUDA_VISIBLE_DEVICES: [0]
[I 2023-11-30 02:41:16,401] Trial 145 finished with value: 45.90114212036133 and parameters: {'gradient_clip_val': 0.3446509743482423, 'hidden_size': 16, 'dropout': 0.38909436313775236, 'hidden_continuous_size': 10, 'attention_head_size': 3, 'learning_rate': 0.038001617933298926}. Best is trial 26 with value: 42.68107223510742.
LOCAL_RANK: 0 - CUDA_VISIBLE_DEVICES: [0]
[I 2023-11-30 02:41:27,950] Trial 146 finished with value: 44.38804244995117 and parameters: {'gradient_clip_val': 0.37080721548025647, 'hidden_size': 12, 'dropout': 0.39410702750216803, 'hidden_continuous_size': 10, 'attention_head_size': 3, 'learning_rate': 0.027787007865904115}. Best is trial 26 with value: 42.68107223510742.
LOCAL_RANK: 0 - CUDA_VISIBLE_DEVICES: [0]
[I 2023-11-30 02:41:40,076] Trial 147 finished with value: 49.389312744140625 and parameters: {'gradient_clip_val': 0.37959014339787867, 'hidden_size': 23, 'dropout': 0.381217104443725, 'hidden_continuous_size': 20, 'attention_head_size': 3, 'learning_rate': 0.022619572012082468}. Best is trial 26 with value: 42.68107223510742.
LOCAL_RANK: 0 - CUDA_VISIBLE_DEVICES: [0]
[I 2023-11-30 02:41:52,099] Trial 148 finished with value: 45.752620697021484 and parameters: {'gradient_clip_val': 0.39297494823164153, 'hidden_size': 15, 'dropout': 0.3849331037223695, 'hidden_continuous_size': 10, 'attention_head_size': 3, 'learning_rate': 0.034387305641143055}. Best is trial 26 with value: 42.68107223510742.
LOCAL_RANK: 0 - CUDA_VISIBLE_DEVICES: [0]
[I 2023-11-30 02:42:04,889] Trial 149 finished with value: 61.34849548339844 and parameters: {'gradient_clip_val': 0.33382900278770117, 'hidden_size': 49, 'dropout': 0.3995577485647574, 'hidden_continuous_size': 24, 'attention_head_size': 3, 'learning_rate': 0.04860608391047787}. Best is trial 26 with value: 42.68107223510742.
[I 2023-11-30 02:42:04,999] A new study created in memory with name: no-name-f290b362-e363-4010-aa2a-3372c8821ae6
/home/le004/conda/anaconda3/envs/tsff_env/lib/python3.9/site-packages/lightning/fabric/plugins/environments/slurm.py:191: The `srun` command is available on your system but is not used. HINT: If your intention is to run Lightning on SLURM, prepend your python command with `srun` like so: srun python /home/le004/master_thesis/git/TSFusionForecast/code/ ...
LOCAL_RANK: 0 - CUDA_VISIBLE_DEVICES: [0]
[I 2023-11-30 02:42:17,817] Trial 0 finished with value: 3549.751220703125 and parameters: {'gradient_clip_val': 0.39548892914965383, 'hidden_size': 53, 'dropout': 0.2527943974069242, 'hidden_continuous_size': 23, 'attention_head_size': 4, 'learning_rate': 0.003734910738816999}. Best is trial 0 with value: 3549.751220703125.
LOCAL_RANK: 0 - CUDA_VISIBLE_DEVICES: [0]
[I 2023-11-30 02:42:30,193] Trial 1 finished with value: 2645.759765625 and parameters: {'gradient_clip_val': 0.10629941211014059, 'hidden_size': 41, 'dropout': 0.15990676428835626, 'hidden_continuous_size': 12, 'attention_head_size': 3, 'learning_rate': 0.009906072159718955}. Best is trial 1 with value: 2645.759765625.
LOCAL_RANK: 0 - CUDA_VISIBLE_DEVICES: [0]
[I 2023-11-30 02:42:43,382] Trial 2 finished with value: 3398.76953125 and parameters: {'gradient_clip_val': 0.18261405789135185, 'hidden_size': 65, 'dropout': 0.227959650045378, 'hidden_continuous_size': 55, 'attention_head_size': 1, 'learning_rate': 0.02488384090452018}. Best is trial 1 with value: 2645.759765625.
LOCAL_RANK: 0 - CUDA_VISIBLE_DEVICES: [0]
[I 2023-11-30 02:42:55,818] Trial 3 finished with value: 2488.02587890625 and parameters: {'gradient_clip_val': 0.24012096401911756, 'hidden_size': 40, 'dropout': 0.3611926752466531, 'hidden_continuous_size': 20, 'attention_head_size': 2, 'learning_rate': 0.005782668107614214}. Best is trial 3 with value: 2488.02587890625.
LOCAL_RANK: 0 - CUDA_VISIBLE_DEVICES: [0]
[I 2023-11-30 02:43:07,187] Trial 4 finished with value: 5113.10205078125 and parameters: {'gradient_clip_val': 0.494608855700464, 'hidden_size': 12, 'dropout': 0.2905962831864169, 'hidden_continuous_size': 11, 'attention_head_size': 1, 'learning_rate': 0.005653428157986613}. Best is trial 3 with value: 2488.02587890625.
LOCAL_RANK: 0 - CUDA_VISIBLE_DEVICES: [0]
[I 2023-11-30 02:43:19,220] Trial 5 finished with value: 3903.65234375 and parameters: {'gradient_clip_val': 0.7751673391817943, 'hidden_size': 30, 'dropout': 0.1254025559596954, 'hidden_continuous_size': 13, 'attention_head_size': 1, 'learning_rate': 0.0074112464480179914}. Best is trial 3 with value: 2488.02587890625.
LOCAL_RANK: 0 - CUDA_VISIBLE_DEVICES: [0]
[I 2023-11-30 02:43:31,337] Trial 6 finished with value: 6124.36376953125 and parameters: {'gradient_clip_val': 0.30917116361120717, 'hidden_size': 44, 'dropout': 0.3817355928040558, 'hidden_continuous_size': 10, 'attention_head_size': 2, 'learning_rate': 0.0010639185249523354}. Best is trial 3 with value: 2488.02587890625.
LOCAL_RANK: 0 - CUDA_VISIBLE_DEVICES: [0]
[I 2023-11-30 02:43:43,277] Trial 7 finished with value: 6133.11865234375 and parameters: {'gradient_clip_val': 0.4030587163423202, 'hidden_size': 26, 'dropout': 0.1431966734766648, 'hidden_continuous_size': 11, 'attention_head_size': 3, 'learning_rate': 0.002461961487392392}. Best is trial 3 with value: 2488.02587890625.
LOCAL_RANK: 0 - CUDA_VISIBLE_DEVICES: [0]
