[I 2023-11-30 02:18:35,041] Trial 45 finished with value: 1601.3592529296875 and parameters: {'gradient_clip_val': 0.18701575932772807, 'hidden_size': 15, 'dropout': 0.19072161144475042, 'hidden_continuous_size': 11, 'attention_head_size': 3, 'learning_rate': 0.015964549375817677}. Best is trial 31 with value: 1257.68994140625.
LOCAL_RANK: 0 - CUDA_VISIBLE_DEVICES: [0]
[I 2023-11-30 02:18:47,412] Trial 46 finished with value: 1534.1065673828125 and parameters: {'gradient_clip_val': 0.2560131429424849, 'hidden_size': 29, 'dropout': 0.16064049818453202, 'hidden_continuous_size': 16, 'attention_head_size': 3, 'learning_rate': 0.020356092221946804}. Best is trial 31 with value: 1257.68994140625.
LOCAL_RANK: 0 - CUDA_VISIBLE_DEVICES: [0]
[I 2023-11-30 02:18:59,597] Trial 47 finished with value: 1307.8192138671875 and parameters: {'gradient_clip_val': 0.19702823598635258, 'hidden_size': 24, 'dropout': 0.2341745525154586, 'hidden_continuous_size': 14, 'attention_head_size': 3, 'learning_rate': 0.025685164798648817}. Best is trial 31 with value: 1257.68994140625.
LOCAL_RANK: 0 - CUDA_VISIBLE_DEVICES: [0]
[I 2023-11-30 02:19:12,075] Trial 48 finished with value: 1259.5260009765625 and parameters: {'gradient_clip_val': 0.199380781049478, 'hidden_size': 25, 'dropout': 0.22884860863978682, 'hidden_continuous_size': 14, 'attention_head_size': 4, 'learning_rate': 0.0271306095045768}. Best is trial 31 with value: 1257.68994140625.
LOCAL_RANK: 0 - CUDA_VISIBLE_DEVICES: [0]
[I 2023-11-30 02:19:24,222] Trial 49 finished with value: 1465.2054443359375 and parameters: {'gradient_clip_val': 0.1981748999032715, 'hidden_size': 20, 'dropout': 0.28133084049535556, 'hidden_continuous_size': 13, 'attention_head_size': 4, 'learning_rate': 0.02622259258684746}. Best is trial 31 with value: 1257.68994140625.
LOCAL_RANK: 0 - CUDA_VISIBLE_DEVICES: [0]
[I 2023-11-30 02:19:36,755] Trial 50 finished with value: 1553.7210693359375 and parameters: {'gradient_clip_val': 0.16683180354250662, 'hidden_size': 23, 'dropout': 0.23299591689792404, 'hidden_continuous_size': 14, 'attention_head_size': 4, 'learning_rate': 0.048730922626252414}. Best is trial 31 with value: 1257.68994140625.
LOCAL_RANK: 0 - CUDA_VISIBLE_DEVICES: [0]
[I 2023-11-30 02:19:49,202] Trial 51 finished with value: 1509.6470947265625 and parameters: {'gradient_clip_val': 0.22217309185246545, 'hidden_size': 25, 'dropout': 0.21814549777064093, 'hidden_continuous_size': 13, 'attention_head_size': 4, 'learning_rate': 0.016424446109580396}. Best is trial 31 with value: 1257.68994140625.
LOCAL_RANK: 0 - CUDA_VISIBLE_DEVICES: [0]
[I 2023-11-30 02:20:01,701] Trial 52 finished with value: 1479.7786865234375 and parameters: {'gradient_clip_val': 0.20675054337173374, 'hidden_size': 27, 'dropout': 0.2044564403928708, 'hidden_continuous_size': 15, 'attention_head_size': 3, 'learning_rate': 0.031893256710562194}. Best is trial 31 with value: 1257.68994140625.
LOCAL_RANK: 0 - CUDA_VISIBLE_DEVICES: [0]
[I 2023-11-30 02:20:13,941] Trial 53 finished with value: 1349.1544189453125 and parameters: {'gradient_clip_val': 0.17585505348282376, 'hidden_size': 22, 'dropout': 0.2418022612360001, 'hidden_continuous_size': 10, 'attention_head_size': 2, 'learning_rate': 0.02278898728725002}. Best is trial 31 with value: 1257.68994140625.
LOCAL_RANK: 0 - CUDA_VISIBLE_DEVICES: [0]
[I 2023-11-30 02:20:26,377] Trial 54 finished with value: 1520.9884033203125 and parameters: {'gradient_clip_val': 0.18237286829856234, 'hidden_size': 21, 'dropout': 0.2675024513480773, 'hidden_continuous_size': 10, 'attention_head_size': 2, 'learning_rate': 0.02537558691858494}. Best is trial 31 with value: 1257.68994140625.
LOCAL_RANK: 0 - CUDA_VISIBLE_DEVICES: [0]
[I 2023-11-30 02:20:38,489] Trial 55 finished with value: 1471.1402587890625 and parameters: {'gradient_clip_val': 0.1617216974240019, 'hidden_size': 17, 'dropout': 0.24066616000683808, 'hidden_continuous_size': 11, 'attention_head_size': 2, 'learning_rate': 0.037135554348503186}. Best is trial 31 with value: 1257.68994140625.
LOCAL_RANK: 0 - CUDA_VISIBLE_DEVICES: [0]
[I 2023-11-30 02:20:50,288] Trial 56 finished with value: 1425.1890869140625 and parameters: {'gradient_clip_val': 0.13728215391254844, 'hidden_size': 24, 'dropout': 0.2484709932217203, 'hidden_continuous_size': 10, 'attention_head_size': 1, 'learning_rate': 0.01946442042388657}. Best is trial 31 with value: 1257.68994140625.
LOCAL_RANK: 0 - CUDA_VISIBLE_DEVICES: [0]
[I 2023-11-30 02:21:02,718] Trial 57 finished with value: 1677.8603515625 and parameters: {'gradient_clip_val': 0.11410016021133519, 'hidden_size': 36, 'dropout': 0.2681764180040417, 'hidden_continuous_size': 12, 'attention_head_size': 2, 'learning_rate': 0.04135940931942482}. Best is trial 31 with value: 1257.68994140625.
LOCAL_RANK: 0 - CUDA_VISIBLE_DEVICES: [0]
[I 2023-11-30 02:21:14,917] Trial 58 finished with value: 1397.7977294921875 and parameters: {'gradient_clip_val': 0.1307350661767669, 'hidden_size': 31, 'dropout': 0.23431284376798878, 'hidden_continuous_size': 11, 'attention_head_size': 1, 'learning_rate': 0.02235192555770053}. Best is trial 31 with value: 1257.68994140625.
LOCAL_RANK: 0 - CUDA_VISIBLE_DEVICES: [0]
[I 2023-11-30 02:21:26,973] Trial 59 finished with value: 1634.4654541015625 and parameters: {'gradient_clip_val': 0.10549260178351921, 'hidden_size': 22, 'dropout': 0.2501707999461495, 'hidden_continuous_size': 14, 'attention_head_size': 2, 'learning_rate': 0.029071097992488575}. Best is trial 31 with value: 1257.68994140625.
LOCAL_RANK: 0 - CUDA_VISIBLE_DEVICES: [0]
[I 2023-11-30 02:21:39,780] Trial 60 finished with value: 1726.2091064453125 and parameters: {'gradient_clip_val': 0.1780637786701673, 'hidden_size': 38, 'dropout': 0.2631847254658394, 'hidden_continuous_size': 18, 'attention_head_size': 2, 'learning_rate': 0.01176692060605815}. Best is trial 31 with value: 1257.68994140625.
LOCAL_RANK: 0 - CUDA_VISIBLE_DEVICES: [0]
[I 2023-11-30 02:21:52,052] Trial 61 finished with value: 1306.3538818359375 and parameters: {'gradient_clip_val': 0.21846050295486988, 'hidden_size': 27, 'dropout': 0.23160129559980933, 'hidden_continuous_size': 16, 'attention_head_size': 3, 'learning_rate': 0.017171520794644197}. Best is trial 31 with value: 1257.68994140625.
LOCAL_RANK: 0 - CUDA_VISIBLE_DEVICES: [0]
[I 2023-11-30 02:22:04,001] Trial 62 finished with value: 1629.0179443359375 and parameters: {'gradient_clip_val': 0.19467338488194397, 'hidden_size': 24, 'dropout': 0.22511237636345574, 'hidden_continuous_size': 14, 'attention_head_size': 3, 'learning_rate': 0.017829259733405777}. Best is trial 31 with value: 1257.68994140625.
LOCAL_RANK: 0 - CUDA_VISIBLE_DEVICES: [0]
[I 2023-11-30 02:22:16,373] Trial 63 finished with value: 1546.3218994140625 and parameters: {'gradient_clip_val': 0.1662842281007162, 'hidden_size': 28, 'dropout': 0.23827859423134387, 'hidden_continuous_size': 17, 'attention_head_size': 3, 'learning_rate': 0.010265576079897231}. Best is trial 31 with value: 1257.68994140625.
LOCAL_RANK: 0 - CUDA_VISIBLE_DEVICES: [0]
[I 2023-11-30 02:22:28,865] Trial 64 finished with value: 1332.3740234375 and parameters: {'gradient_clip_val': 0.24133670716549777, 'hidden_size': 31, 'dropout': 0.24860287216380647, 'hidden_continuous_size': 16, 'attention_head_size': 3, 'learning_rate': 0.012954342353164481}. Best is trial 31 with value: 1257.68994140625.
LOCAL_RANK: 0 - CUDA_VISIBLE_DEVICES: [0]
[I 2023-11-30 02:22:41,529] Trial 65 finished with value: 1346.386962890625 and parameters: {'gradient_clip_val': 0.24727581902490228, 'hidden_size': 32, 'dropout': 0.278289050131178, 'hidden_continuous_size': 16, 'attention_head_size': 4, 'learning_rate': 0.02313714567046867}. Best is trial 31 with value: 1257.68994140625.
LOCAL_RANK: 0 - CUDA_VISIBLE_DEVICES: [0]
[I 2023-11-30 02:22:54,354] Trial 66 finished with value: 1770.6966552734375 and parameters: {'gradient_clip_val': 0.25041742419946494, 'hidden_size': 33, 'dropout': 0.27480363891967824, 'hidden_continuous_size': 16, 'attention_head_size': 4, 'learning_rate': 0.01392000033038826}. Best is trial 31 with value: 1257.68994140625.
LOCAL_RANK: 0 - CUDA_VISIBLE_DEVICES: [0]
[I 2023-11-30 02:23:06,819] Trial 67 finished with value: 1496.39453125 and parameters: {'gradient_clip_val': 0.2367275276602875, 'hidden_size': 31, 'dropout': 0.28545067046701256, 'hidden_continuous_size': 16, 'attention_head_size': 4, 'learning_rate': 0.017169295013624304}. Best is trial 31 with value: 1257.68994140625.
LOCAL_RANK: 0 - CUDA_VISIBLE_DEVICES: [0]
[I 2023-11-30 02:23:19,076] Trial 68 finished with value: 1475.8455810546875 and parameters: {'gradient_clip_val': 0.2719589074893393, 'hidden_size': 28, 'dropout': 0.29612292877988305, 'hidden_continuous_size': 17, 'attention_head_size': 4, 'learning_rate': 0.00971370113651155}. Best is trial 31 with value: 1257.68994140625.
LOCAL_RANK: 0 - CUDA_VISIBLE_DEVICES: [0]
[I 2023-11-30 02:23:32,032] Trial 69 finished with value: 1514.7550048828125 and parameters: {'gradient_clip_val': 0.21528458251295762, 'hidden_size': 39, 'dropout': 0.25009419947990474, 'hidden_continuous_size': 18, 'attention_head_size': 4, 'learning_rate': 0.006427726764033235}. Best is trial 31 with value: 1257.68994140625.
LOCAL_RANK: 0 - CUDA_VISIBLE_DEVICES: [0]
[I 2023-11-30 02:23:44,958] Trial 70 finished with value: 1868.73974609375 and parameters: {'gradient_clip_val': 0.24366001164353632, 'hidden_size': 33, 'dropout': 0.2760486051383675, 'hidden_continuous_size': 19, 'attention_head_size': 4, 'learning_rate': 0.019841777711699312}. Best is trial 31 with value: 1257.68994140625.
LOCAL_RANK: 0 - CUDA_VISIBLE_DEVICES: [0]
[I 2023-11-30 02:23:57,306] Trial 71 finished with value: 1395.6241455078125 and parameters: {'gradient_clip_val': 0.21339201976517724, 'hidden_size': 25, 'dropout': 0.2567102472611048, 'hidden_continuous_size': 17, 'attention_head_size': 3, 'learning_rate': 0.02327517504742656}. Best is trial 31 with value: 1257.68994140625.
LOCAL_RANK: 0 - CUDA_VISIBLE_DEVICES: [0]
[I 2023-11-30 02:24:09,613] Trial 72 finished with value: 1851.60595703125 and parameters: {'gradient_clip_val': 0.26759478591327346, 'hidden_size': 23, 'dropout': 0.24060118643974096, 'hidden_continuous_size': 16, 'attention_head_size': 3, 'learning_rate': 0.029344622311805922}. Best is trial 31 with value: 1257.68994140625.
LOCAL_RANK: 0 - CUDA_VISIBLE_DEVICES: [0]
[I 2023-11-30 02:24:22,043] Trial 73 finished with value: 1254.2347412109375 and parameters: {'gradient_clip_val': 0.22922372759809476, 'hidden_size': 26, 'dropout': 0.2650356661776436, 'hidden_continuous_size': 17, 'attention_head_size': 3, 'learning_rate': 0.02600439854985423}. Best is trial 73 with value: 1254.2347412109375.
LOCAL_RANK: 0 - CUDA_VISIBLE_DEVICES: [0]
[I 2023-11-30 02:24:34,807] Trial 74 finished with value: 1481.5322265625 and parameters: {'gradient_clip_val': 0.23841047188096667, 'hidden_size': 35, 'dropout': 0.26561123983964496, 'hidden_continuous_size': 18, 'attention_head_size': 3, 'learning_rate': 0.013053596906702106}. Best is trial 73 with value: 1254.2347412109375.
LOCAL_RANK: 0 - CUDA_VISIBLE_DEVICES: [0]
[I 2023-11-30 02:24:47,454] Trial 75 finished with value: 1532.4447021484375 and parameters: {'gradient_clip_val': 0.19746169794254234, 'hidden_size': 31, 'dropout': 0.28198077208397415, 'hidden_continuous_size': 19, 'attention_head_size': 3, 'learning_rate': 0.01573019507661669}. Best is trial 73 with value: 1254.2347412109375.
LOCAL_RANK: 0 - CUDA_VISIBLE_DEVICES: [0]
[I 2023-11-30 02:24:59,853] Trial 76 finished with value: 1439.1431884765625 and parameters: {'gradient_clip_val': 0.22241155156830625, 'hidden_size': 27, 'dropout': 0.25954654738509264, 'hidden_continuous_size': 15, 'attention_head_size': 3, 'learning_rate': 0.03350655979870402}. Best is trial 73 with value: 1254.2347412109375.
LOCAL_RANK: 0 - CUDA_VISIBLE_DEVICES: [0]
[I 2023-11-30 02:25:12,474] Trial 77 finished with value: 1495.21826171875 and parameters: {'gradient_clip_val': 0.28017792003349423, 'hidden_size': 36, 'dropout': 0.22498298865065572, 'hidden_continuous_size': 20, 'attention_head_size': 3, 'learning_rate': 0.011542539747103859}. Best is trial 73 with value: 1254.2347412109375.
LOCAL_RANK: 0 - CUDA_VISIBLE_DEVICES: [0]
[I 2023-11-30 02:25:25,402] Trial 78 finished with value: 1867.9769287109375 and parameters: {'gradient_clip_val': 0.30826267109891115, 'hidden_size': 46, 'dropout': 0.3030770596283719, 'hidden_continuous_size': 16, 'attention_head_size': 4, 'learning_rate': 0.018759385518943152}. Best is trial 73 with value: 1254.2347412109375.
LOCAL_RANK: 0 - CUDA_VISIBLE_DEVICES: [0]
[I 2023-11-30 02:25:38,351] Trial 79 finished with value: 1627.5439453125 and parameters: {'gradient_clip_val': 0.23453332008308705, 'hidden_size': 40, 'dropout': 0.25212187827348176, 'hidden_continuous_size': 18, 'attention_head_size': 3, 'learning_rate': 0.024953647639982583}. Best is trial 73 with value: 1254.2347412109375.
LOCAL_RANK: 0 - CUDA_VISIBLE_DEVICES: [0]
[I 2023-11-30 02:25:50,853] Trial 80 finished with value: 1601.0517578125 and parameters: {'gradient_clip_val': 0.20504331262958325, 'hidden_size': 29, 'dropout': 0.2918104096182426, 'hidden_continuous_size': 17, 'attention_head_size': 3, 'learning_rate': 0.009359531131879786}. Best is trial 73 with value: 1254.2347412109375.
LOCAL_RANK: 0 - CUDA_VISIBLE_DEVICES: [0]
[I 2023-11-30 02:26:03,134] Trial 81 finished with value: 1507.7890625 and parameters: {'gradient_clip_val': 0.1791335019165739, 'hidden_size': 26, 'dropout': 0.2402724497618855, 'hidden_continuous_size': 17, 'attention_head_size': 3, 'learning_rate': 0.027717997601618867}. Best is trial 73 with value: 1254.2347412109375.
LOCAL_RANK: 0 - CUDA_VISIBLE_DEVICES: [0]
[I 2023-11-30 02:26:15,404] Trial 82 finished with value: 1825.1851806640625 and parameters: {'gradient_clip_val': 0.1883574105919616, 'hidden_size': 21, 'dropout': 0.24794799230292108, 'hidden_continuous_size': 13, 'attention_head_size': 3, 'learning_rate': 0.021877167231566772}. Best is trial 73 with value: 1254.2347412109375.
LOCAL_RANK: 0 - CUDA_VISIBLE_DEVICES: [0]
[I 2023-11-30 02:26:27,414] Trial 83 finished with value: 1605.0682373046875 and parameters: {'gradient_clip_val': 0.25664406643086546, 'hidden_size': 24, 'dropout': 0.2767147584581744, 'hidden_continuous_size': 10, 'attention_head_size': 2, 'learning_rate': 0.024131758567224184}. Best is trial 73 with value: 1254.2347412109375.
LOCAL_RANK: 0 - CUDA_VISIBLE_DEVICES: [0]
[I 2023-11-30 02:26:39,973] Trial 84 finished with value: 1692.6214599609375 and parameters: {'gradient_clip_val': 0.2111594457789708, 'hidden_size': 19, 'dropout': 0.23151533075617442, 'hidden_continuous_size': 14, 'attention_head_size': 4, 'learning_rate': 0.021035383893660838}. Best is trial 73 with value: 1254.2347412109375.
LOCAL_RANK: 0 - CUDA_VISIBLE_DEVICES: [0]
[I 2023-11-30 02:26:52,536] Trial 85 finished with value: 1546.1656494140625 and parameters: {'gradient_clip_val': 0.1580188555796909, 'hidden_size': 30, 'dropout': 0.2671947344281144, 'hidden_continuous_size': 16, 'attention_head_size': 3, 'learning_rate': 0.016666656101106767}. Best is trial 73 with value: 1254.2347412109375.
LOCAL_RANK: 0 - CUDA_VISIBLE_DEVICES: [0]
[I 2023-11-30 02:27:04,955] Trial 86 finished with value: 1293.28857421875 and parameters: {'gradient_clip_val': 0.17233279627590745, 'hidden_size': 27, 'dropout': 0.25964758111013625, 'hidden_continuous_size': 15, 'attention_head_size': 3, 'learning_rate': 0.014590152666072083}. Best is trial 73 with value: 1254.2347412109375.
LOCAL_RANK: 0 - CUDA_VISIBLE_DEVICES: [0]
[I 2023-11-30 02:27:17,301] Trial 87 finished with value: 1514.7886962890625 and parameters: {'gradient_clip_val': 0.22365047581048894, 'hidden_size': 32, 'dropout': 0.2555402235467029, 'hidden_continuous_size': 15, 'attention_head_size': 3, 'learning_rate': 0.013966557653663092}. Best is trial 73 with value: 1254.2347412109375.
LOCAL_RANK: 0 - CUDA_VISIBLE_DEVICES: [0]
[I 2023-11-30 02:27:29,886] Trial 88 finished with value: 1653.2890625 and parameters: {'gradient_clip_val': 0.19900804408854286, 'hidden_size': 33, 'dropout': 0.262940081111634, 'hidden_continuous_size': 15, 'attention_head_size': 3, 'learning_rate': 0.010922748047462209}. Best is trial 73 with value: 1254.2347412109375.
LOCAL_RANK: 0 - CUDA_VISIBLE_DEVICES: [0]
[I 2023-11-30 02:27:42,426] Trial 89 finished with value: 1419.6796875 and parameters: {'gradient_clip_val': 0.24848321741999674, 'hidden_size': 28, 'dropout': 0.2854128577418944, 'hidden_continuous_size': 16, 'attention_head_size': 3, 'learning_rate': 0.01842203030092931}. Best is trial 73 with value: 1254.2347412109375.
LOCAL_RANK: 0 - CUDA_VISIBLE_DEVICES: [0]
[I 2023-11-30 02:27:55,231] Trial 90 finished with value: 1374.01171875 and parameters: {'gradient_clip_val': 0.1873133550963944, 'hidden_size': 37, 'dropout': 0.2714779964458597, 'hidden_continuous_size': 18, 'attention_head_size': 3, 'learning_rate': 0.014729974714454603}. Best is trial 73 with value: 1254.2347412109375.
LOCAL_RANK: 0 - CUDA_VISIBLE_DEVICES: [0]
[I 2023-11-30 02:28:07,774] Trial 91 finished with value: 1386.3865966796875 and parameters: {'gradient_clip_val': 0.17294781925140887, 'hidden_size': 26, 'dropout': 0.24431278893833164, 'hidden_continuous_size': 17, 'attention_head_size': 3, 'learning_rate': 0.027174911475887326}. Best is trial 73 with value: 1254.2347412109375.
LOCAL_RANK: 0 - CUDA_VISIBLE_DEVICES: [0]
[I 2023-11-30 02:28:20,158] Trial 92 finished with value: 1403.5771484375 and parameters: {'gradient_clip_val': 0.17572311660622716, 'hidden_size': 30, 'dropout': 0.253284923472452, 'hidden_continuous_size': 14, 'attention_head_size': 3, 'learning_rate': 0.02097229703038826}. Best is trial 73 with value: 1254.2347412109375.
LOCAL_RANK: 0 - CUDA_VISIBLE_DEVICES: [0]
[I 2023-11-30 02:28:32,345] Trial 93 finished with value: 1661.6624755859375 and parameters: {'gradient_clip_val': 0.14986035538422632, 'hidden_size': 22, 'dropout': 0.23147441171515343, 'hidden_continuous_size': 11, 'attention_head_size': 2, 'learning_rate': 0.031006576771831256}. Best is trial 73 with value: 1254.2347412109375.
LOCAL_RANK: 0 - CUDA_VISIBLE_DEVICES: [0]
[I 2023-11-30 02:28:45,324] Trial 94 finished with value: 1405.4053955078125 and parameters: {'gradient_clip_val': 0.19132511798578708, 'hidden_size': 34, 'dropout': 0.22287013759413205, 'hidden_continuous_size': 19, 'attention_head_size': 4, 'learning_rate': 0.02486767747200827}. Best is trial 73 with value: 1254.2347412109375.
LOCAL_RANK: 0 - CUDA_VISIBLE_DEVICES: [0]
[I 2023-11-30 02:28:57,591] Trial 95 finished with value: 1343.955322265625 and parameters: {'gradient_clip_val': 0.16246510514618004, 'hidden_size': 27, 'dropout': 0.21277295996163256, 'hidden_continuous_size': 15, 'attention_head_size': 3, 'learning_rate': 0.017163547299565853}. Best is trial 73 with value: 1254.2347412109375.
LOCAL_RANK: 0 - CUDA_VISIBLE_DEVICES: [0]
[I 2023-11-30 02:29:09,838] Trial 96 finished with value: 1494.3232421875 and parameters: {'gradient_clip_val': 0.1613170268189573, 'hidden_size': 27, 'dropout': 0.26133852547574554, 'hidden_continuous_size': 15, 'attention_head_size': 3, 'learning_rate': 0.012098282238306045}. Best is trial 73 with value: 1254.2347412109375.
LOCAL_RANK: 0 - CUDA_VISIBLE_DEVICES: [0]
[I 2023-11-30 02:29:22,183] Trial 97 finished with value: 1428.1322021484375 and parameters: {'gradient_clip_val': 0.2045086694879385, 'hidden_size': 25, 'dropout': 0.21586579982414472, 'hidden_continuous_size': 15, 'attention_head_size': 3, 'learning_rate': 0.016262996661443003}. Best is trial 73 with value: 1254.2347412109375.
LOCAL_RANK: 0 - CUDA_VISIBLE_DEVICES: [0]
[I 2023-11-30 02:29:34,645] Trial 98 finished with value: 1478.2041015625 and parameters: {'gradient_clip_val': 0.23011586867806827, 'hidden_size': 29, 'dropout': 0.20812463590015418, 'hidden_continuous_size': 16, 'attention_head_size': 3, 'learning_rate': 0.013505456938812613}. Best is trial 73 with value: 1254.2347412109375.
LOCAL_RANK: 0 - CUDA_VISIBLE_DEVICES: [0]
[I 2023-11-30 02:29:47,472] Trial 99 finished with value: 1433.345703125 and parameters: {'gradient_clip_val': 0.14536205827901624, 'hidden_size': 35, 'dropout': 0.23637083178888352, 'hidden_continuous_size': 14, 'attention_head_size': 3, 'learning_rate': 0.015229216895837104}. Best is trial 73 with value: 1254.2347412109375.
LOCAL_RANK: 0 - CUDA_VISIBLE_DEVICES: [0]
[I 2023-11-30 02:29:59,821] Trial 100 finished with value: 1534.5035400390625 and parameters: {'gradient_clip_val': 0.21848385879588847, 'hidden_size': 32, 'dropout': 0.21075855626657325, 'hidden_continuous_size': 17, 'attention_head_size': 3, 'learning_rate': 0.018371883565345356}. Best is trial 73 with value: 1254.2347412109375.
LOCAL_RANK: 0 - CUDA_VISIBLE_DEVICES: [0]
[I 2023-11-30 02:30:12,086] Trial 101 finished with value: 1517.7822265625 and parameters: {'gradient_clip_val': 0.18303981798477428, 'hidden_size': 23, 'dropout': 0.2452990790925121, 'hidden_continuous_size': 12, 'attention_head_size': 3, 'learning_rate': 0.02288924485519184}. Best is trial 73 with value: 1254.2347412109375.
LOCAL_RANK: 0 - CUDA_VISIBLE_DEVICES: [0]
[I 2023-11-30 02:30:24,420] Trial 102 finished with value: 1366.3369140625 and parameters: {'gradient_clip_val': 0.17322813330804085, 'hidden_size': 25, 'dropout': 0.2219264495265976, 'hidden_continuous_size': 16, 'attention_head_size': 3, 'learning_rate': 0.01948130271779066}. Best is trial 73 with value: 1254.2347412109375.
LOCAL_RANK: 0 - CUDA_VISIBLE_DEVICES: [0]
[I 2023-11-30 02:30:36,742] Trial 103 finished with value: 1377.3704833984375 and parameters: {'gradient_clip_val': 0.16378578590278892, 'hidden_size': 27, 'dropout': 0.22667352336667584, 'hidden_continuous_size': 13, 'attention_head_size': 4, 'learning_rate': 0.017363985025256965}. Best is trial 73 with value: 1254.2347412109375.
LOCAL_RANK: 0 - CUDA_VISIBLE_DEVICES: [0]
