[I 2023-11-30 06:31:53,932] Trial 7 finished with value: 55.675655364990234 and parameters: {'gradient_clip_val': 0.24034386685669962, 'hidden_size': 93, 'dropout': 0.24265397633524674, 'hidden_continuous_size': 68, 'attention_head_size': 2, 'learning_rate': 0.00377089388524421}. Best is trial 4 with value: 47.163604736328125.
LOCAL_RANK: 0 - CUDA_VISIBLE_DEVICES: [0]
[I 2023-11-30 06:32:06,263] Trial 8 finished with value: 120.2366943359375 and parameters: {'gradient_clip_val': 0.778777372493274, 'hidden_size': 34, 'dropout': 0.23891911029492066, 'hidden_continuous_size': 10, 'attention_head_size': 3, 'learning_rate': 0.004131628315897148}. Best is trial 4 with value: 47.163604736328125.
LOCAL_RANK: 0 - CUDA_VISIBLE_DEVICES: [0]
[I 2023-11-30 06:32:16,409] Trial 9 finished with value: 57.77912521362305 and parameters: {'gradient_clip_val': 0.11403305915177324, 'hidden_size': 10, 'dropout': 0.1636791585225793, 'hidden_continuous_size': 10, 'attention_head_size': 4, 'learning_rate': 0.033945815773823024}. Best is trial 4 with value: 47.163604736328125.
LOCAL_RANK: 0 - CUDA_VISIBLE_DEVICES: [0]
[I 2023-11-30 06:32:28,502] Trial 10 finished with value: 72.24675750732422 and parameters: {'gradient_clip_val': 0.4806482891243788, 'hidden_size': 25, 'dropout': 0.11207534043119105, 'hidden_continuous_size': 14, 'attention_head_size': 1, 'learning_rate': 0.09759540085260344}. Best is trial 4 with value: 47.163604736328125.
LOCAL_RANK: 0 - CUDA_VISIBLE_DEVICES: [0]
[I 2023-11-30 06:32:41,396] Trial 11 finished with value: 46.1523323059082 and parameters: {'gradient_clip_val': 0.3618550813153404, 'hidden_size': 62, 'dropout': 0.2199888209924029, 'hidden_continuous_size': 16, 'attention_head_size': 4, 'learning_rate': 0.07534578662970269}. Best is trial 11 with value: 46.1523323059082.
LOCAL_RANK: 0 - CUDA_VISIBLE_DEVICES: [0]
[I 2023-11-30 06:32:54,014] Trial 12 finished with value: 47.27378845214844 and parameters: {'gradient_clip_val': 0.41283249654604876, 'hidden_size': 54, 'dropout': 0.1824201365669127, 'hidden_continuous_size': 18, 'attention_head_size': 1, 'learning_rate': 0.09678218554699831}. Best is trial 11 with value: 46.1523323059082.
LOCAL_RANK: 0 - CUDA_VISIBLE_DEVICES: [0]
[I 2023-11-30 06:33:06,414] Trial 13 finished with value: 55.41181564331055 and parameters: {'gradient_clip_val': 0.6065135450144848, 'hidden_size': 31, 'dropout': 0.20964694296760328, 'hidden_continuous_size': 15, 'attention_head_size': 4, 'learning_rate': 0.05564826297865282}. Best is trial 11 with value: 46.1523323059082.
LOCAL_RANK: 0 - CUDA_VISIBLE_DEVICES: [0]
[I 2023-11-30 06:33:19,255] Trial 14 finished with value: 74.9280776977539 and parameters: {'gradient_clip_val': 0.3422395676709609, 'hidden_size': 64, 'dropout': 0.2546678355952176, 'hidden_continuous_size': 22, 'attention_head_size': 2, 'learning_rate': 0.02160741783116736}. Best is trial 11 with value: 46.1523323059082.
LOCAL_RANK: 0 - CUDA_VISIBLE_DEVICES: [0]
[I 2023-11-30 06:33:31,049] Trial 15 finished with value: 44.60252380371094 and parameters: {'gradient_clip_val': 0.5866947256315242, 'hidden_size': 22, 'dropout': 0.26831195731093216, 'hidden_continuous_size': 14, 'attention_head_size': 1, 'learning_rate': 0.06256720846172835}. Best is trial 15 with value: 44.60252380371094.
LOCAL_RANK: 0 - CUDA_VISIBLE_DEVICES: [0]
[I 2023-11-30 06:33:43,046] Trial 16 finished with value: 46.14876174926758 and parameters: {'gradient_clip_val': 0.5950517178113658, 'hidden_size': 19, 'dropout': 0.19722268026023998, 'hidden_continuous_size': 13, 'attention_head_size': 1, 'learning_rate': 0.028520967067998882}. Best is trial 15 with value: 44.60252380371094.
LOCAL_RANK: 0 - CUDA_VISIBLE_DEVICES: [0]
[I 2023-11-30 06:33:54,793] Trial 17 finished with value: 52.73259353637695 and parameters: {'gradient_clip_val': 0.5976903743514163, 'hidden_size': 17, 'dropout': 0.15395886357062866, 'hidden_continuous_size': 12, 'attention_head_size': 1, 'learning_rate': 0.0214819791519826}. Best is trial 15 with value: 44.60252380371094.
LOCAL_RANK: 0 - CUDA_VISIBLE_DEVICES: [0]
[I 2023-11-30 06:34:06,545] Trial 18 finished with value: 55.529754638671875 and parameters: {'gradient_clip_val': 0.9679008352357026, 'hidden_size': 15, 'dropout': 0.19355890636330078, 'hidden_continuous_size': 11, 'attention_head_size': 1, 'learning_rate': 0.029470316495001928}. Best is trial 15 with value: 44.60252380371094.
LOCAL_RANK: 0 - CUDA_VISIBLE_DEVICES: [0]
[I 2023-11-30 06:34:18,272] Trial 19 finished with value: 43.37871170043945 and parameters: {'gradient_clip_val': 0.6107419212501821, 'hidden_size': 22, 'dropout': 0.1446628254246527, 'hidden_continuous_size': 13, 'attention_head_size': 1, 'learning_rate': 0.04351410885171147}. Best is trial 19 with value: 43.37871170043945.
LOCAL_RANK: 0 - CUDA_VISIBLE_DEVICES: [0]
[I 2023-11-30 06:34:30,516] Trial 20 finished with value: 70.47728729248047 and parameters: {'gradient_clip_val': 0.6755236822328695, 'hidden_size': 37, 'dropout': 0.11054442341731138, 'hidden_continuous_size': 14, 'attention_head_size': 1, 'learning_rate': 0.050475251514073775}. Best is trial 19 with value: 43.37871170043945.
LOCAL_RANK: 0 - CUDA_VISIBLE_DEVICES: [0]
[I 2023-11-30 06:34:42,572] Trial 21 finished with value: 50.85759353637695 and parameters: {'gradient_clip_val': 0.5442321251444184, 'hidden_size': 21, 'dropout': 0.15073437314532576, 'hidden_continuous_size': 13, 'attention_head_size': 1, 'learning_rate': 0.03229659227922057}. Best is trial 19 with value: 43.37871170043945.
LOCAL_RANK: 0 - CUDA_VISIBLE_DEVICES: [0]
[I 2023-11-30 06:34:54,402] Trial 22 finished with value: 55.03090286254883 and parameters: {'gradient_clip_val': 0.6471451844697225, 'hidden_size': 14, 'dropout': 0.12614035089484327, 'hidden_continuous_size': 11, 'attention_head_size': 1, 'learning_rate': 0.05186538575962201}. Best is trial 19 with value: 43.37871170043945.
LOCAL_RANK: 0 - CUDA_VISIBLE_DEVICES: [0]
[I 2023-11-30 06:35:06,023] Trial 23 finished with value: 53.72982406616211 and parameters: {'gradient_clip_val': 0.5259521897712107, 'hidden_size': 24, 'dropout': 0.18764258986986673, 'hidden_continuous_size': 13, 'attention_head_size': 1, 'learning_rate': 0.026272164535264892}. Best is trial 19 with value: 43.37871170043945.
LOCAL_RANK: 0 - CUDA_VISIBLE_DEVICES: [0]
[I 2023-11-30 06:35:17,886] Trial 24 finished with value: 53.36308288574219 and parameters: {'gradient_clip_val': 0.9800397225359665, 'hidden_size': 21, 'dropout': 0.1414724376149712, 'hidden_continuous_size': 13, 'attention_head_size': 2, 'learning_rate': 0.04131203694869123}. Best is trial 19 with value: 43.37871170043945.
LOCAL_RANK: 0 - CUDA_VISIBLE_DEVICES: [0]
[I 2023-11-30 06:35:29,928] Trial 25 finished with value: 47.309879302978516 and parameters: {'gradient_clip_val': 0.43943128831123224, 'hidden_size': 29, 'dropout': 0.16892763917850692, 'hidden_continuous_size': 15, 'attention_head_size': 1, 'learning_rate': 0.0643034761866294}. Best is trial 19 with value: 43.37871170043945.
LOCAL_RANK: 0 - CUDA_VISIBLE_DEVICES: [0]
[I 2023-11-30 06:35:41,748] Trial 26 finished with value: 93.33016204833984 and parameters: {'gradient_clip_val': 0.6957112185352612, 'hidden_size': 13, 'dropout': 0.1320466015958101, 'hidden_continuous_size': 10, 'attention_head_size': 1, 'learning_rate': 0.015712092806317614}. Best is trial 19 with value: 43.37871170043945.
LOCAL_RANK: 0 - CUDA_VISIBLE_DEVICES: [0]
[I 2023-11-30 06:35:53,702] Trial 27 finished with value: 41.86857604980469 and parameters: {'gradient_clip_val': 0.5530318703360131, 'hidden_size': 18, 'dropout': 0.21028243994638438, 'hidden_continuous_size': 12, 'attention_head_size': 2, 'learning_rate': 0.04030151212460385}. Best is trial 27 with value: 41.86857604980469.
LOCAL_RANK: 0 - CUDA_VISIBLE_DEVICES: [0]
[I 2023-11-30 06:36:05,690] Trial 28 finished with value: 50.33692932128906 and parameters: {'gradient_clip_val': 0.4011905563115634, 'hidden_size': 23, 'dropout': 0.2186084695631642, 'hidden_continuous_size': 12, 'attention_head_size': 2, 'learning_rate': 0.0412495824417721}. Best is trial 27 with value: 41.86857604980469.
LOCAL_RANK: 0 - CUDA_VISIBLE_DEVICES: [0]
[I 2023-11-30 06:36:17,989] Trial 29 finished with value: 55.77085494995117 and parameters: {'gradient_clip_val': 0.515484409658663, 'hidden_size': 34, 'dropout': 0.2729259760339052, 'hidden_continuous_size': 16, 'attention_head_size': 2, 'learning_rate': 0.07345956027063272}. Best is trial 27 with value: 41.86857604980469.
LOCAL_RANK: 0 - CUDA_VISIBLE_DEVICES: [0]
[I 2023-11-30 06:36:30,440] Trial 30 finished with value: 47.35795211791992 and parameters: {'gradient_clip_val': 0.7582607511934392, 'hidden_size': 39, 'dropout': 0.10021736603896361, 'hidden_continuous_size': 20, 'attention_head_size': 3, 'learning_rate': 0.012731647925192035}. Best is trial 27 with value: 41.86857604980469.
LOCAL_RANK: 0 - CUDA_VISIBLE_DEVICES: [0]
[I 2023-11-30 06:36:42,360] Trial 31 finished with value: 46.067569732666016 and parameters: {'gradient_clip_val': 0.6124529683032325, 'hidden_size': 18, 'dropout': 0.1993498218115142, 'hidden_continuous_size': 12, 'attention_head_size': 1, 'learning_rate': 0.02754810404439037}. Best is trial 27 with value: 41.86857604980469.
LOCAL_RANK: 0 - CUDA_VISIBLE_DEVICES: [0]
[I 2023-11-30 06:36:53,968] Trial 32 finished with value: 46.58371353149414 and parameters: {'gradient_clip_val': 0.572052208245466, 'hidden_size': 16, 'dropout': 0.21010492847253126, 'hidden_continuous_size': 12, 'attention_head_size': 1, 'learning_rate': 0.044037296924745}. Best is trial 27 with value: 41.86857604980469.
LOCAL_RANK: 0 - CUDA_VISIBLE_DEVICES: [0]
[I 2023-11-30 06:37:05,656] Trial 33 finished with value: 44.55743408203125 and parameters: {'gradient_clip_val': 0.4521058433844138, 'hidden_size': 18, 'dropout': 0.17353561249566657, 'hidden_continuous_size': 11, 'attention_head_size': 2, 'learning_rate': 0.05541339583287587}. Best is trial 27 with value: 41.86857604980469.
LOCAL_RANK: 0 - CUDA_VISIBLE_DEVICES: [0]
[I 2023-11-30 06:37:17,418] Trial 34 finished with value: 50.92484664916992 and parameters: {'gradient_clip_val': 0.436124542818778, 'hidden_size': 28, 'dropout': 0.16313771053073092, 'hidden_continuous_size': 11, 'attention_head_size': 2, 'learning_rate': 0.06428934546422145}. Best is trial 27 with value: 41.86857604980469.
LOCAL_RANK: 0 - CUDA_VISIBLE_DEVICES: [0]
[I 2023-11-30 06:37:29,431] Trial 35 finished with value: 49.60139846801758 and parameters: {'gradient_clip_val': 0.4879425916734593, 'hidden_size': 22, 'dropout': 0.17725557231167205, 'hidden_continuous_size': 14, 'attention_head_size': 2, 'learning_rate': 0.051377562781659294}. Best is trial 27 with value: 41.86857604980469.
LOCAL_RANK: 0 - CUDA_VISIBLE_DEVICES: [0]
[I 2023-11-30 06:37:41,284] Trial 36 finished with value: 46.48626708984375 and parameters: {'gradient_clip_val': 0.3653813822249736, 'hidden_size': 12, 'dropout': 0.14252957860861956, 'hidden_continuous_size': 10, 'attention_head_size': 2, 'learning_rate': 0.08647531266924277}. Best is trial 27 with value: 41.86857604980469.
LOCAL_RANK: 0 - CUDA_VISIBLE_DEVICES: [0]
[I 2023-11-30 06:37:53,221] Trial 37 finished with value: 43.819271087646484 and parameters: {'gradient_clip_val': 0.2923951652150945, 'hidden_size': 19, 'dropout': 0.17491036560599843, 'hidden_continuous_size': 11, 'attention_head_size': 3, 'learning_rate': 0.06550314238549612}. Best is trial 27 with value: 41.86857604980469.
LOCAL_RANK: 0 - CUDA_VISIBLE_DEVICES: [0]
[I 2023-11-30 06:38:05,088] Trial 38 finished with value: 47.516510009765625 and parameters: {'gradient_clip_val': 0.3113565170878342, 'hidden_size': 18, 'dropout': 0.17513221693764544, 'hidden_continuous_size': 11, 'attention_head_size': 3, 'learning_rate': 0.041419149495284906}. Best is trial 27 with value: 41.86857604980469.
LOCAL_RANK: 0 - CUDA_VISIBLE_DEVICES: [0]
[I 2023-11-30 06:38:16,979] Trial 39 finished with value: 45.25625991821289 and parameters: {'gradient_clip_val': 0.3070149450302371, 'hidden_size': 15, 'dropout': 0.16077599146614735, 'hidden_continuous_size': 11, 'attention_head_size': 3, 'learning_rate': 0.08675337880620027}. Best is trial 27 with value: 41.86857604980469.
LOCAL_RANK: 0 - CUDA_VISIBLE_DEVICES: [0]
[I 2023-11-30 06:38:28,530] Trial 40 finished with value: 51.368316650390625 and parameters: {'gradient_clip_val': 0.2882017659705916, 'hidden_size': 12, 'dropout': 0.17606816894270383, 'hidden_continuous_size': 11, 'attention_head_size': 3, 'learning_rate': 0.03680640414697998}. Best is trial 27 with value: 41.86857604980469.
LOCAL_RANK: 0 - CUDA_VISIBLE_DEVICES: [0]
[I 2023-11-30 06:38:40,736] Trial 41 finished with value: 48.703857421875 and parameters: {'gradient_clip_val': 0.46455260785050195, 'hidden_size': 26, 'dropout': 0.22986867954816464, 'hidden_continuous_size': 12, 'attention_head_size': 2, 'learning_rate': 0.061094409141655225}. Best is trial 27 with value: 41.86857604980469.
LOCAL_RANK: 0 - CUDA_VISIBLE_DEVICES: [0]
[I 2023-11-30 06:38:52,648] Trial 42 finished with value: 49.73388671875 and parameters: {'gradient_clip_val': 0.7231343693926987, 'hidden_size': 19, 'dropout': 0.2668354476976038, 'hidden_continuous_size': 13, 'attention_head_size': 3, 'learning_rate': 0.07632184605074363}. Best is trial 27 with value: 41.86857604980469.
LOCAL_RANK: 0 - CUDA_VISIBLE_DEVICES: [0]
[I 2023-11-30 06:39:04,373] Trial 43 finished with value: 47.67347717285156 and parameters: {'gradient_clip_val': 0.5273359516889969, 'hidden_size': 20, 'dropout': 0.23243592294843105, 'hidden_continuous_size': 12, 'attention_head_size': 2, 'learning_rate': 0.05902583088403582}. Best is trial 27 with value: 41.86857604980469.
LOCAL_RANK: 0 - CUDA_VISIBLE_DEVICES: [0]
[I 2023-11-30 06:39:16,303] Trial 44 finished with value: 45.58878707885742 and parameters: {'gradient_clip_val': 0.39724404351047593, 'hidden_size': 25, 'dropout': 0.18734674326362824, 'hidden_continuous_size': 14, 'attention_head_size': 3, 'learning_rate': 0.046160579475885505}. Best is trial 27 with value: 41.86857604980469.
LOCAL_RANK: 0 - CUDA_VISIBLE_DEVICES: [0]
[I 2023-11-30 06:39:28,347] Trial 45 finished with value: 57.63911056518555 and parameters: {'gradient_clip_val': 0.8014676817494027, 'hidden_size': 17, 'dropout': 0.2006636896291296, 'hidden_continuous_size': 12, 'attention_head_size': 4, 'learning_rate': 0.07256693677429538}. Best is trial 27 with value: 41.86857604980469.
LOCAL_RANK: 0 - CUDA_VISIBLE_DEVICES: [0]
[I 2023-11-30 06:39:40,342] Trial 46 finished with value: 44.109859466552734 and parameters: {'gradient_clip_val': 0.6453347686931971, 'hidden_size': 22, 'dropout': 0.2952073455333859, 'hidden_continuous_size': 10, 'attention_head_size': 2, 'learning_rate': 0.03344693215923541}. Best is trial 27 with value: 41.86857604980469.
LOCAL_RANK: 0 - CUDA_VISIBLE_DEVICES: [0]
[I 2023-11-30 06:39:51,943] Trial 47 finished with value: 50.61688232421875 and parameters: {'gradient_clip_val': 0.6746514015171825, 'hidden_size': 16, 'dropout': 0.3591508220130788, 'hidden_continuous_size': 10, 'attention_head_size': 2, 'learning_rate': 0.03519731405271615}. Best is trial 27 with value: 41.86857604980469.
LOCAL_RANK: 0 - CUDA_VISIBLE_DEVICES: [0]
[I 2023-11-30 06:40:03,857] Trial 48 finished with value: 52.93642044067383 and parameters: {'gradient_clip_val': 0.8767278742997772, 'hidden_size': 27, 'dropout': 0.2957467690270469, 'hidden_continuous_size': 10, 'attention_head_size': 2, 'learning_rate': 0.024834121116252064}. Best is trial 27 with value: 41.86857604980469.
LOCAL_RANK: 0 - CUDA_VISIBLE_DEVICES: [0]
[I 2023-11-30 06:40:15,617] Trial 49 finished with value: 55.62489700317383 and parameters: {'gradient_clip_val': 0.46417916108500756, 'hidden_size': 19, 'dropout': 0.15408356251866806, 'hidden_continuous_size': 11, 'attention_head_size': 2, 'learning_rate': 0.09881394522443927}. Best is trial 27 with value: 41.86857604980469.
LOCAL_RANK: 0 - CUDA_VISIBLE_DEVICES: [0]
[I 2023-11-30 06:40:27,652] Trial 50 finished with value: 47.54121017456055 and parameters: {'gradient_clip_val': 0.21397948668427713, 'hidden_size': 30, 'dropout': 0.2100179430704063, 'hidden_continuous_size': 10, 'attention_head_size': 3, 'learning_rate': 0.03318634587803515}. Best is trial 27 with value: 41.86857604980469.
LOCAL_RANK: 0 - CUDA_VISIBLE_DEVICES: [0]
[I 2023-11-30 06:40:39,626] Trial 51 finished with value: 57.6682243347168 and parameters: {'gradient_clip_val': 0.5728865880850669, 'hidden_size': 22, 'dropout': 0.24801078139467916, 'hidden_continuous_size': 13, 'attention_head_size': 2, 'learning_rate': 0.05196775651395666}. Best is trial 27 with value: 41.86857604980469.
LOCAL_RANK: 0 - CUDA_VISIBLE_DEVICES: [0]
[I 2023-11-30 06:40:51,291] Trial 52 finished with value: 47.41267776489258 and parameters: {'gradient_clip_val': 0.5037546613234429, 'hidden_size': 24, 'dropout': 0.2865710449294325, 'hidden_continuous_size': 14, 'attention_head_size': 2, 'learning_rate': 0.06107724799553266}. Best is trial 27 with value: 41.86857604980469.
LOCAL_RANK: 0 - CUDA_VISIBLE_DEVICES: [0]
[I 2023-11-30 06:41:03,026] Trial 53 finished with value: 52.353023529052734 and parameters: {'gradient_clip_val': 0.6327933884134094, 'hidden_size': 20, 'dropout': 0.257466268097979, 'hidden_continuous_size': 11, 'attention_head_size': 3, 'learning_rate': 0.04542681577960906}. Best is trial 27 with value: 41.86857604980469.
LOCAL_RANK: 0 - CUDA_VISIBLE_DEVICES: [0]
[I 2023-11-30 06:41:14,928] Trial 54 finished with value: 51.40543746948242 and parameters: {'gradient_clip_val': 0.6329733134337101, 'hidden_size': 23, 'dropout': 0.31085201784250527, 'hidden_continuous_size': 15, 'attention_head_size': 1, 'learning_rate': 0.03514809030410665}. Best is trial 27 with value: 41.86857604980469.
LOCAL_RANK: 0 - CUDA_VISIBLE_DEVICES: [0]
[I 2023-11-30 06:41:26,654] Trial 55 finished with value: 62.42500686645508 and parameters: {'gradient_clip_val': 0.5416636612571755, 'hidden_size': 17, 'dropout': 0.23755384571198365, 'hidden_continuous_size': 10, 'attention_head_size': 2, 'learning_rate': 0.02124380231953452}. Best is trial 27 with value: 41.86857604980469.
LOCAL_RANK: 0 - CUDA_VISIBLE_DEVICES: [0]
[I 2023-11-30 06:41:38,695] Trial 56 finished with value: 62.23760986328125 and parameters: {'gradient_clip_val': 0.7448668162543006, 'hidden_size': 21, 'dropout': 0.16954296815307637, 'hidden_continuous_size': 13, 'attention_head_size': 1, 'learning_rate': 0.05424909749139251}. Best is trial 27 with value: 41.86857604980469.
LOCAL_RANK: 0 - CUDA_VISIBLE_DEVICES: [0]
[I 2023-11-30 06:41:50,826] Trial 57 finished with value: 54.8192138671875 and parameters: {'gradient_clip_val': 0.58322751125221, 'hidden_size': 25, 'dropout': 0.2237353274569163, 'hidden_continuous_size': 15, 'attention_head_size': 3, 'learning_rate': 0.08410671903295648}. Best is trial 27 with value: 41.86857604980469.
LOCAL_RANK: 0 - CUDA_VISIBLE_DEVICES: [0]
[I 2023-11-30 06:42:02,492] Trial 58 finished with value: 47.671504974365234 and parameters: {'gradient_clip_val': 0.6688750458261036, 'hidden_size': 14, 'dropout': 0.1850764967049047, 'hidden_continuous_size': 11, 'attention_head_size': 1, 'learning_rate': 0.067075259545198}. Best is trial 27 with value: 41.86857604980469.
LOCAL_RANK: 0 - CUDA_VISIBLE_DEVICES: [0]
[I 2023-11-30 06:42:14,760] Trial 59 finished with value: 54.55479049682617 and parameters: {'gradient_clip_val': 0.8392525844683392, 'hidden_size': 27, 'dropout': 0.24555417956652395, 'hidden_continuous_size': 16, 'attention_head_size': 4, 'learning_rate': 0.03804049255117335}. Best is trial 27 with value: 41.86857604980469.
LOCAL_RANK: 0 - CUDA_VISIBLE_DEVICES: [0]
[I 2023-11-30 06:42:26,989] Trial 60 finished with value: 48.067562103271484 and parameters: {'gradient_clip_val': 0.4896964235708136, 'hidden_size': 32, 'dropout': 0.12676344552401397, 'hidden_continuous_size': 18, 'attention_head_size': 2, 'learning_rate': 0.030612956903563388}. Best is trial 27 with value: 41.86857604980469.
LOCAL_RANK: 0 - CUDA_VISIBLE_DEVICES: [0]
[I 2023-11-30 06:42:38,936] Trial 61 finished with value: 47.82171630859375 and parameters: {'gradient_clip_val': 0.2646970946594069, 'hidden_size': 15, 'dropout': 0.1591077076952503, 'hidden_continuous_size': 11, 'attention_head_size': 3, 'learning_rate': 0.08227662340739172}. Best is trial 27 with value: 41.86857604980469.
LOCAL_RANK: 0 - CUDA_VISIBLE_DEVICES: [0]
[I 2023-11-30 06:42:50,832] Trial 62 finished with value: 48.22125244140625 and parameters: {'gradient_clip_val': 0.3409472274597403, 'hidden_size': 18, 'dropout': 0.16295359821537012, 'hidden_continuous_size': 11, 'attention_head_size': 3, 'learning_rate': 0.08749450091862719}. Best is trial 27 with value: 41.86857604980469.
LOCAL_RANK: 0 - CUDA_VISIBLE_DEVICES: [0]
[I 2023-11-30 06:43:02,813] Trial 63 finished with value: 48.116703033447266 and parameters: {'gradient_clip_val': 0.5593556781965957, 'hidden_size': 22, 'dropout': 0.1535092473288432, 'hidden_continuous_size': 12, 'attention_head_size': 3, 'learning_rate': 0.07187471386656107}. Best is trial 27 with value: 41.86857604980469.
LOCAL_RANK: 0 - CUDA_VISIBLE_DEVICES: [0]
[I 2023-11-30 06:43:14,597] Trial 64 finished with value: 67.24100494384766 and parameters: {'gradient_clip_val': 0.4220932929994846, 'hidden_size': 20, 'dropout': 0.141743114234824, 'hidden_continuous_size': 10, 'attention_head_size': 3, 'learning_rate': 0.05572900559285582}. Best is trial 27 with value: 41.86857604980469.
LOCAL_RANK: 0 - CUDA_VISIBLE_DEVICES: [0]
[I 2023-11-30 06:43:26,357] Trial 65 finished with value: 49.71433639526367 and parameters: {'gradient_clip_val': 0.3100680647140836, 'hidden_size': 16, 'dropout': 0.18789040338523635, 'hidden_continuous_size': 11, 'attention_head_size': 1, 'learning_rate': 0.05031650707338458}. Best is trial 27 with value: 41.86857604980469.
LOCAL_RANK: 0 - CUDA_VISIBLE_DEVICES: [0]
