[I 2023-11-29 23:24:13,112] Trial 125 finished with value: 89.5628662109375 and parameters: {'gradient_clip_val': 0.3427744038805014, 'hidden_size': 66, 'dropout': 0.3830140455629204, 'hidden_continuous_size': 26, 'attention_head_size': 2, 'learning_rate': 0.01107298466022667}. Best is trial 111 with value: 70.1901626586914.
LOCAL_RANK: 0 - CUDA_VISIBLE_DEVICES: [0]
[I 2023-11-29 23:24:26,125] Trial 126 finished with value: 86.57699584960938 and parameters: {'gradient_clip_val': 0.42169649335982495, 'hidden_size': 68, 'dropout': 0.37330221826137155, 'hidden_continuous_size': 27, 'attention_head_size': 2, 'learning_rate': 0.019634907895162618}. Best is trial 111 with value: 70.1901626586914.
LOCAL_RANK: 0 - CUDA_VISIBLE_DEVICES: [0]
[I 2023-11-29 23:24:39,130] Trial 127 finished with value: 93.8006820678711 and parameters: {'gradient_clip_val': 0.3286058584295726, 'hidden_size': 57, 'dropout': 0.346682718247679, 'hidden_continuous_size': 25, 'attention_head_size': 2, 'learning_rate': 0.014916909516946637}. Best is trial 111 with value: 70.1901626586914.
LOCAL_RANK: 0 - CUDA_VISIBLE_DEVICES: [0]
[I 2023-11-29 23:24:52,547] Trial 128 finished with value: 72.46697235107422 and parameters: {'gradient_clip_val': 0.37585209910093587, 'hidden_size': 73, 'dropout': 0.3933799077312366, 'hidden_continuous_size': 29, 'attention_head_size': 2, 'learning_rate': 0.013096133045625763}. Best is trial 111 with value: 70.1901626586914.
LOCAL_RANK: 0 - CUDA_VISIBLE_DEVICES: [0]
[I 2023-11-29 23:25:05,825] Trial 129 finished with value: 65.08647918701172 and parameters: {'gradient_clip_val': 0.3730648729941946, 'hidden_size': 81, 'dropout': 0.36429542854258373, 'hidden_continuous_size': 30, 'attention_head_size': 2, 'learning_rate': 0.01678199391388009}. Best is trial 129 with value: 65.08647918701172.
LOCAL_RANK: 0 - CUDA_VISIBLE_DEVICES: [0]
[I 2023-11-29 23:25:18,958] Trial 130 finished with value: 85.43856048583984 and parameters: {'gradient_clip_val': 0.37399244029111994, 'hidden_size': 82, 'dropout': 0.3530704165403643, 'hidden_continuous_size': 31, 'attention_head_size': 1, 'learning_rate': 0.021150345511774988}. Best is trial 129 with value: 65.08647918701172.
LOCAL_RANK: 0 - CUDA_VISIBLE_DEVICES: [0]
[I 2023-11-29 23:25:32,251] Trial 131 finished with value: 101.63326263427734 and parameters: {'gradient_clip_val': 0.35611610968566065, 'hidden_size': 90, 'dropout': 0.378271857839741, 'hidden_continuous_size': 29, 'attention_head_size': 2, 'learning_rate': 0.01617670207367322}. Best is trial 129 with value: 65.08647918701172.
LOCAL_RANK: 0 - CUDA_VISIBLE_DEVICES: [0]
[I 2023-11-29 23:25:45,447] Trial 132 finished with value: 74.96156311035156 and parameters: {'gradient_clip_val': 0.3848423947818107, 'hidden_size': 74, 'dropout': 0.3655445508278986, 'hidden_continuous_size': 30, 'attention_head_size': 2, 'learning_rate': 0.01356102461319638}. Best is trial 129 with value: 65.08647918701172.
LOCAL_RANK: 0 - CUDA_VISIBLE_DEVICES: [0]
[I 2023-11-29 23:25:58,870] Trial 133 finished with value: 89.465087890625 and parameters: {'gradient_clip_val': 0.41776913827716444, 'hidden_size': 78, 'dropout': 0.39091122435492953, 'hidden_continuous_size': 27, 'attention_head_size': 2, 'learning_rate': 0.018293057734448386}. Best is trial 129 with value: 65.08647918701172.
LOCAL_RANK: 0 - CUDA_VISIBLE_DEVICES: [0]
[I 2023-11-29 23:26:12,553] Trial 134 finished with value: 73.30179595947266 and parameters: {'gradient_clip_val': 0.34608477992369974, 'hidden_size': 109, 'dropout': 0.3820039375504013, 'hidden_continuous_size': 35, 'attention_head_size': 2, 'learning_rate': 0.016406221132923646}. Best is trial 129 with value: 65.08647918701172.
LOCAL_RANK: 0 - CUDA_VISIBLE_DEVICES: [0]
[I 2023-11-29 23:26:26,117] Trial 135 finished with value: 74.57173919677734 and parameters: {'gradient_clip_val': 0.4013961142382519, 'hidden_size': 109, 'dropout': 0.368287580277087, 'hidden_continuous_size': 36, 'attention_head_size': 2, 'learning_rate': 0.02373461122361696}. Best is trial 129 with value: 65.08647918701172.
LOCAL_RANK: 0 - CUDA_VISIBLE_DEVICES: [0]
[I 2023-11-29 23:26:39,609] Trial 136 finished with value: 82.13475036621094 and parameters: {'gradient_clip_val': 0.3657615609935013, 'hidden_size': 109, 'dropout': 0.38376733874602376, 'hidden_continuous_size': 34, 'attention_head_size': 2, 'learning_rate': 0.0170049216892758}. Best is trial 129 with value: 65.08647918701172.
LOCAL_RANK: 0 - CUDA_VISIBLE_DEVICES: [0]
[I 2023-11-29 23:26:52,780] Trial 137 finished with value: 91.01058959960938 and parameters: {'gradient_clip_val': 0.28271635272023227, 'hidden_size': 63, 'dropout': 0.37711715399625284, 'hidden_continuous_size': 24, 'attention_head_size': 2, 'learning_rate': 0.015198256448025105}. Best is trial 129 with value: 65.08647918701172.
LOCAL_RANK: 0 - CUDA_VISIBLE_DEVICES: [0]
[I 2023-11-29 23:27:06,312] Trial 138 finished with value: 98.07037353515625 and parameters: {'gradient_clip_val': 0.4374413228665001, 'hidden_size': 83, 'dropout': 0.3580468901641424, 'hidden_continuous_size': 32, 'attention_head_size': 2, 'learning_rate': 0.026846698215802933}. Best is trial 129 with value: 65.08647918701172.
LOCAL_RANK: 0 - CUDA_VISIBLE_DEVICES: [0]
[I 2023-11-29 23:27:19,396] Trial 139 finished with value: 83.12056732177734 and parameters: {'gradient_clip_val': 0.3451826674318377, 'hidden_size': 67, 'dropout': 0.37101866877168754, 'hidden_continuous_size': 26, 'attention_head_size': 2, 'learning_rate': 0.021067640483437226}. Best is trial 129 with value: 65.08647918701172.
LOCAL_RANK: 0 - CUDA_VISIBLE_DEVICES: [0]
[I 2023-11-29 23:27:31,942] Trial 140 finished with value: 96.04959869384766 and parameters: {'gradient_clip_val': 0.38596382183935324, 'hidden_size': 38, 'dropout': 0.3882882844777566, 'hidden_continuous_size': 28, 'attention_head_size': 2, 'learning_rate': 0.03108175126797528}. Best is trial 129 with value: 65.08647918701172.
LOCAL_RANK: 0 - CUDA_VISIBLE_DEVICES: [0]
[I 2023-11-29 23:27:45,063] Trial 141 finished with value: 84.2506103515625 and parameters: {'gradient_clip_val': 0.3286859922524433, 'hidden_size': 72, 'dropout': 0.3951092269427782, 'hidden_continuous_size': 29, 'attention_head_size': 2, 'learning_rate': 0.013726240080244317}. Best is trial 129 with value: 65.08647918701172.
LOCAL_RANK: 0 - CUDA_VISIBLE_DEVICES: [0]
[I 2023-11-29 23:27:58,242] Trial 142 finished with value: 67.95052337646484 and parameters: {'gradient_clip_val': 0.3512094869633373, 'hidden_size': 76, 'dropout': 0.38366064964693614, 'hidden_continuous_size': 31, 'attention_head_size': 2, 'learning_rate': 0.012611786772445593}. Best is trial 129 with value: 65.08647918701172.
LOCAL_RANK: 0 - CUDA_VISIBLE_DEVICES: [0]
[I 2023-11-29 23:28:11,367] Trial 143 finished with value: 92.92667388916016 and parameters: {'gradient_clip_val': 0.31853945598705524, 'hidden_size': 76, 'dropout': 0.38188980131534395, 'hidden_continuous_size': 31, 'attention_head_size': 2, 'learning_rate': 0.016082325407143678}. Best is trial 129 with value: 65.08647918701172.
LOCAL_RANK: 0 - CUDA_VISIBLE_DEVICES: [0]
[I 2023-11-29 23:28:24,807] Trial 144 finished with value: 79.66779327392578 and parameters: {'gradient_clip_val': 0.3607308196767085, 'hidden_size': 89, 'dropout': 0.38936778085690466, 'hidden_continuous_size': 39, 'attention_head_size': 2, 'learning_rate': 0.0180617634299512}. Best is trial 129 with value: 65.08647918701172.
LOCAL_RANK: 0 - CUDA_VISIBLE_DEVICES: [0]
[I 2023-11-29 23:28:38,294] Trial 145 finished with value: 77.889892578125 and parameters: {'gradient_clip_val': 0.407006050368819, 'hidden_size': 96, 'dropout': 0.3759499365855454, 'hidden_continuous_size': 35, 'attention_head_size': 2, 'learning_rate': 0.011900258997252316}. Best is trial 129 with value: 65.08647918701172.
LOCAL_RANK: 0 - CUDA_VISIBLE_DEVICES: [0]
[I 2023-11-29 23:28:51,114] Trial 146 finished with value: 94.6267318725586 and parameters: {'gradient_clip_val': 0.37318174136772764, 'hidden_size': 64, 'dropout': 0.3629384014920433, 'hidden_continuous_size': 32, 'attention_head_size': 2, 'learning_rate': 0.014953936754443503}. Best is trial 129 with value: 65.08647918701172.
LOCAL_RANK: 0 - CUDA_VISIBLE_DEVICES: [0]
[I 2023-11-29 23:29:04,182] Trial 147 finished with value: 91.25582885742188 and parameters: {'gradient_clip_val': 0.34997365413177445, 'hidden_size': 60, 'dropout': 0.3840677963629677, 'hidden_continuous_size': 30, 'attention_head_size': 2, 'learning_rate': 0.010224154882952061}. Best is trial 129 with value: 65.08647918701172.
LOCAL_RANK: 0 - CUDA_VISIBLE_DEVICES: [0]
[I 2023-11-29 23:29:17,689] Trial 148 finished with value: 93.59332275390625 and parameters: {'gradient_clip_val': 0.3032120228137325, 'hidden_size': 80, 'dropout': 0.393449142329362, 'hidden_continuous_size': 37, 'attention_head_size': 2, 'learning_rate': 0.013545122531804753}. Best is trial 129 with value: 65.08647918701172.
LOCAL_RANK: 0 - CUDA_VISIBLE_DEVICES: [0]
[I 2023-11-29 23:29:31,030] Trial 149 finished with value: 83.63124084472656 and parameters: {'gradient_clip_val': 0.4147321866357205, 'hidden_size': 84, 'dropout': 0.30746834769243236, 'hidden_continuous_size': 33, 'attention_head_size': 4, 'learning_rate': 0.01939149365449067}. Best is trial 129 with value: 65.08647918701172.
[I 2023-11-29 23:29:31,138] A new study created in memory with name: no-name-9e67486e-9bee-4ec8-92ca-d26c01515fe1
/home/le004/conda/anaconda3/envs/tsff_env/lib/python3.9/site-packages/lightning/fabric/plugins/environments/slurm.py:191: The `srun` command is available on your system but is not used. HINT: If your intention is to run Lightning on SLURM, prepend your python command with `srun` like so: srun python /home/le004/master_thesis/git/TSFusionForecast/code/ ...
LOCAL_RANK: 0 - CUDA_VISIBLE_DEVICES: [0]
[I 2023-11-29 23:29:44,455] Trial 0 finished with value: 96.1927261352539 and parameters: {'gradient_clip_val': 0.45505294685103376, 'hidden_size': 66, 'dropout': 0.3973697080106001, 'hidden_continuous_size': 45, 'attention_head_size': 3, 'learning_rate': 0.03168281391335674}. Best is trial 0 with value: 96.1927261352539.
LOCAL_RANK: 0 - CUDA_VISIBLE_DEVICES: [0]
[I 2023-11-29 23:29:56,373] Trial 1 finished with value: 97.15316009521484 and parameters: {'gradient_clip_val': 0.19517010481473734, 'hidden_size': 14, 'dropout': 0.34474040373666953, 'hidden_continuous_size': 12, 'attention_head_size': 3, 'learning_rate': 0.04689018954549937}. Best is trial 0 with value: 96.1927261352539.
LOCAL_RANK: 0 - CUDA_VISIBLE_DEVICES: [0]
[I 2023-11-29 23:30:08,329] Trial 2 finished with value: 95.91643524169922 and parameters: {'gradient_clip_val': 0.15026666623916407, 'hidden_size': 21, 'dropout': 0.22279322317968053, 'hidden_continuous_size': 12, 'attention_head_size': 2, 'learning_rate': 0.032271229055317305}. Best is trial 2 with value: 95.91643524169922.
LOCAL_RANK: 0 - CUDA_VISIBLE_DEVICES: [0]
[I 2023-11-29 23:30:22,512] Trial 3 finished with value: 94.72766876220703 and parameters: {'gradient_clip_val': 0.24440115650328792, 'hidden_size': 143, 'dropout': 0.19338170587556325, 'hidden_continuous_size': 26, 'attention_head_size': 2, 'learning_rate': 0.004023603829460886}. Best is trial 3 with value: 94.72766876220703.
LOCAL_RANK: 0 - CUDA_VISIBLE_DEVICES: [0]
[I 2023-11-29 23:30:35,010] Trial 4 finished with value: 251.8225555419922 and parameters: {'gradient_clip_val': 0.1769031443365842, 'hidden_size': 39, 'dropout': 0.306231970207237, 'hidden_continuous_size': 22, 'attention_head_size': 4, 'learning_rate': 0.0035905323104891444}. Best is trial 3 with value: 94.72766876220703.
LOCAL_RANK: 0 - CUDA_VISIBLE_DEVICES: [0]
[I 2023-11-29 23:30:45,122] Trial 5 finished with value: 113.5204086303711 and parameters: {'gradient_clip_val': 0.1948174396240457, 'hidden_size': 15, 'dropout': 0.10236180759603443, 'hidden_continuous_size': 15, 'attention_head_size': 3, 'learning_rate': 0.06999229481157161}. Best is trial 3 with value: 94.72766876220703.
LOCAL_RANK: 0 - CUDA_VISIBLE_DEVICES: [0]
[I 2023-11-29 23:30:57,557] Trial 6 finished with value: 98.82498931884766 and parameters: {'gradient_clip_val': 0.32289848903612883, 'hidden_size': 29, 'dropout': 0.3794682454974191, 'hidden_continuous_size': 27, 'attention_head_size': 1, 'learning_rate': 0.02123609603316702}. Best is trial 3 with value: 94.72766876220703.
LOCAL_RANK: 0 - CUDA_VISIBLE_DEVICES: [0]
[I 2023-11-29 23:31:11,447] Trial 7 finished with value: 107.55440521240234 and parameters: {'gradient_clip_val': 0.7827636481919648, 'hidden_size': 98, 'dropout': 0.3402681356784184, 'hidden_continuous_size': 51, 'attention_head_size': 4, 'learning_rate': 0.026908104338650464}. Best is trial 3 with value: 94.72766876220703.
LOCAL_RANK: 0 - CUDA_VISIBLE_DEVICES: [0]
[I 2023-11-29 23:31:23,480] Trial 8 finished with value: 433.6179504394531 and parameters: {'gradient_clip_val': 0.1234649971259255, 'hidden_size': 11, 'dropout': 0.11988341249767362, 'hidden_continuous_size': 10, 'attention_head_size': 3, 'learning_rate': 0.0016293922423791323}. Best is trial 3 with value: 94.72766876220703.
LOCAL_RANK: 0 - CUDA_VISIBLE_DEVICES: [0]
[I 2023-11-29 23:31:35,112] Trial 9 finished with value: 228.568115234375 and parameters: {'gradient_clip_val': 0.4482429711592934, 'hidden_size': 12, 'dropout': 0.30265307492404936, 'hidden_continuous_size': 11, 'attention_head_size': 2, 'learning_rate': 0.01032541153763247}. Best is trial 3 with value: 94.72766876220703.
LOCAL_RANK: 0 - CUDA_VISIBLE_DEVICES: [0]
[I 2023-11-29 23:31:49,231] Trial 10 finished with value: 85.8171615600586 and parameters: {'gradient_clip_val': 0.10521996612534015, 'hidden_size': 131, 'dropout': 0.1851459474284953, 'hidden_continuous_size': 92, 'attention_head_size': 1, 'learning_rate': 0.004304574026927514}. Best is trial 10 with value: 85.8171615600586.
LOCAL_RANK: 0 - CUDA_VISIBLE_DEVICES: [0]
[I 2023-11-29 23:32:03,367] Trial 11 finished with value: 99.32251739501953 and parameters: {'gradient_clip_val': 0.10025934417628242, 'hidden_size': 144, 'dropout': 0.19264066974021682, 'hidden_continuous_size': 97, 'attention_head_size': 1, 'learning_rate': 0.0044550102430302016}. Best is trial 10 with value: 85.8171615600586.
LOCAL_RANK: 0 - CUDA_VISIBLE_DEVICES: [0]
[I 2023-11-29 23:32:17,960] Trial 12 finished with value: 145.538818359375 and parameters: {'gradient_clip_val': 0.10324699348124193, 'hidden_size': 145, 'dropout': 0.17471409694518436, 'hidden_continuous_size': 143, 'attention_head_size': 1, 'learning_rate': 0.001240136002833757}. Best is trial 10 with value: 85.8171615600586.
LOCAL_RANK: 0 - CUDA_VISIBLE_DEVICES: [0]
[I 2023-11-29 23:32:31,567] Trial 13 finished with value: 116.7233657836914 and parameters: {'gradient_clip_val': 0.22689012405863884, 'hidden_size': 78, 'dropout': 0.24278734383972453, 'hidden_continuous_size': 38, 'attention_head_size': 2, 'learning_rate': 0.0051748328967631315}. Best is trial 10 with value: 85.8171615600586.
LOCAL_RANK: 0 - CUDA_VISIBLE_DEVICES: [0]
[I 2023-11-29 23:32:44,982] Trial 14 finished with value: 113.3461685180664 and parameters: {'gradient_clip_val': 0.1398165920256851, 'hidden_size': 100, 'dropout': 0.1630605867398885, 'hidden_continuous_size': 59, 'attention_head_size': 1, 'learning_rate': 0.0024153990642780706}. Best is trial 10 with value: 85.8171615600586.
LOCAL_RANK: 0 - CUDA_VISIBLE_DEVICES: [0]
[I 2023-11-29 23:32:57,691] Trial 15 finished with value: 91.82455444335938 and parameters: {'gradient_clip_val': 0.26471026215224336, 'hidden_size': 55, 'dropout': 0.22807626240779394, 'hidden_continuous_size': 18, 'attention_head_size': 2, 'learning_rate': 0.008295702597977177}. Best is trial 10 with value: 85.8171615600586.
LOCAL_RANK: 0 - CUDA_VISIBLE_DEVICES: [0]
[I 2023-11-29 23:33:09,950] Trial 16 finished with value: 108.4140853881836 and parameters: {'gradient_clip_val': 0.2877198595195362, 'hidden_size': 48, 'dropout': 0.2612847346279987, 'hidden_continuous_size': 17, 'attention_head_size': 1, 'learning_rate': 0.009817638299503228}. Best is trial 10 with value: 85.8171615600586.
LOCAL_RANK: 0 - CUDA_VISIBLE_DEVICES: [0]
[I 2023-11-29 23:33:22,584] Trial 17 finished with value: 117.06534576416016 and parameters: {'gradient_clip_val': 0.14540267384066433, 'hidden_size': 54, 'dropout': 0.15261154076970646, 'hidden_continuous_size': 19, 'attention_head_size': 2, 'learning_rate': 0.009033669063676414}. Best is trial 10 with value: 85.8171615600586.
LOCAL_RANK: 0 - CUDA_VISIBLE_DEVICES: [0]
[I 2023-11-29 23:33:35,016] Trial 18 finished with value: 375.4030456542969 and parameters: {'gradient_clip_val': 0.12594108200963058, 'hidden_size': 35, 'dropout': 0.21710355067326695, 'hidden_continuous_size': 14, 'attention_head_size': 1, 'learning_rate': 0.0010347355558630712}. Best is trial 10 with value: 85.8171615600586.
LOCAL_RANK: 0 - CUDA_VISIBLE_DEVICES: [0]
[I 2023-11-29 23:33:48,042] Trial 19 finished with value: 104.11590576171875 and parameters: {'gradient_clip_val': 0.16588563102968187, 'hidden_size': 68, 'dropout': 0.26320569878960093, 'hidden_continuous_size': 34, 'attention_head_size': 2, 'learning_rate': 0.015154641419537231}. Best is trial 10 with value: 85.8171615600586.
LOCAL_RANK: 0 - CUDA_VISIBLE_DEVICES: [0]
[I 2023-11-29 23:34:01,215] Trial 20 finished with value: 90.39816284179688 and parameters: {'gradient_clip_val': 0.33701990274660004, 'hidden_size': 91, 'dropout': 0.14291548197403048, 'hidden_continuous_size': 23, 'attention_head_size': 1, 'learning_rate': 0.006890570448390036}. Best is trial 10 with value: 85.8171615600586.
LOCAL_RANK: 0 - CUDA_VISIBLE_DEVICES: [0]
[I 2023-11-29 23:34:14,417] Trial 21 finished with value: 109.7428970336914 and parameters: {'gradient_clip_val': 0.35025186675382364, 'hidden_size': 96, 'dropout': 0.13739754927662023, 'hidden_continuous_size': 22, 'attention_head_size': 1, 'learning_rate': 0.006671606433636207}. Best is trial 10 with value: 85.8171615600586.
LOCAL_RANK: 0 - CUDA_VISIBLE_DEVICES: [0]
[I 2023-11-29 23:34:27,537] Trial 22 finished with value: 120.4500732421875 and parameters: {'gradient_clip_val': 0.26131501852804156, 'hidden_size': 92, 'dropout': 0.14009397115611408, 'hidden_continuous_size': 30, 'attention_head_size': 1, 'learning_rate': 0.0025757616810959693}. Best is trial 10 with value: 85.8171615600586.
LOCAL_RANK: 0 - CUDA_VISIBLE_DEVICES: [0]
[I 2023-11-29 23:34:40,284] Trial 23 finished with value: 105.89382934570312 and parameters: {'gradient_clip_val': 0.21407380968680967, 'hidden_size': 56, 'dropout': 0.17589193102732548, 'hidden_continuous_size': 19, 'attention_head_size': 2, 'learning_rate': 0.006808633828730975}. Best is trial 10 with value: 85.8171615600586.
LOCAL_RANK: 0 - CUDA_VISIBLE_DEVICES: [0]
[I 2023-11-29 23:34:53,683] Trial 24 finished with value: 78.4388427734375 and parameters: {'gradient_clip_val': 0.3711637830423141, 'hidden_size': 112, 'dropout': 0.20207092729338033, 'hidden_continuous_size': 23, 'attention_head_size': 1, 'learning_rate': 0.01351422652791684}. Best is trial 24 with value: 78.4388427734375.
LOCAL_RANK: 0 - CUDA_VISIBLE_DEVICES: [0]
[I 2023-11-29 23:35:07,258] Trial 25 finished with value: 87.90843963623047 and parameters: {'gradient_clip_val': 0.3855655240048697, 'hidden_size': 116, 'dropout': 0.19788983052508777, 'hidden_continuous_size': 36, 'attention_head_size': 1, 'learning_rate': 0.015345583568088348}. Best is trial 24 with value: 78.4388427734375.
LOCAL_RANK: 0 - CUDA_VISIBLE_DEVICES: [0]
[I 2023-11-29 23:35:20,930] Trial 26 finished with value: 86.6361083984375 and parameters: {'gradient_clip_val': 0.4051505352697734, 'hidden_size': 114, 'dropout': 0.19939132909369017, 'hidden_continuous_size': 59, 'attention_head_size': 1, 'learning_rate': 0.012851608348017293}. Best is trial 24 with value: 78.4388427734375.
LOCAL_RANK: 0 - CUDA_VISIBLE_DEVICES: [0]
[I 2023-11-29 23:35:34,740] Trial 27 finished with value: 114.18299102783203 and parameters: {'gradient_clip_val': 0.5776063548465268, 'hidden_size': 111, 'dropout': 0.2099722717771469, 'hidden_continuous_size': 67, 'attention_head_size': 1, 'learning_rate': 0.01234366061921294}. Best is trial 24 with value: 78.4388427734375.
LOCAL_RANK: 0 - CUDA_VISIBLE_DEVICES: [0]
[I 2023-11-29 23:35:48,884] Trial 28 finished with value: 88.86336517333984 and parameters: {'gradient_clip_val': 0.293967173946363, 'hidden_size': 123, 'dropout': 0.17451364237264402, 'hidden_continuous_size': 76, 'attention_head_size': 1, 'learning_rate': 0.017646779301655032}. Best is trial 24 with value: 78.4388427734375.
LOCAL_RANK: 0 - CUDA_VISIBLE_DEVICES: [0]
[I 2023-11-29 23:36:02,121] Trial 29 finished with value: 114.43155670166016 and parameters: {'gradient_clip_val': 0.42854723940992895, 'hidden_size': 73, 'dropout': 0.23615783291460157, 'hidden_continuous_size': 44, 'attention_head_size': 1, 'learning_rate': 0.011731150560527459}. Best is trial 24 with value: 78.4388427734375.
LOCAL_RANK: 0 - CUDA_VISIBLE_DEVICES: [0]
[I 2023-11-29 23:36:15,580] Trial 30 finished with value: 104.58907318115234 and parameters: {'gradient_clip_val': 0.3844384970425215, 'hidden_size': 81, 'dropout': 0.20364076550443586, 'hidden_continuous_size': 44, 'attention_head_size': 2, 'learning_rate': 0.021112396808828895}. Best is trial 24 with value: 78.4388427734375.
LOCAL_RANK: 0 - CUDA_VISIBLE_DEVICES: [0]
[I 2023-11-29 23:36:29,094] Trial 31 finished with value: 77.03681182861328 and parameters: {'gradient_clip_val': 0.527059515690981, 'hidden_size': 121, 'dropout': 0.1925924306854244, 'hidden_continuous_size': 32, 'attention_head_size': 1, 'learning_rate': 0.014343570129360378}. Best is trial 31 with value: 77.03681182861328.
LOCAL_RANK: 0 - CUDA_VISIBLE_DEVICES: [0]
[I 2023-11-29 23:36:42,570] Trial 32 finished with value: 82.48596954345703 and parameters: {'gradient_clip_val': 0.5362838885145474, 'hidden_size': 121, 'dropout': 0.1835605153565093, 'hidden_continuous_size': 29, 'attention_head_size': 1, 'learning_rate': 0.013725850314213518}. Best is trial 31 with value: 77.03681182861328.
LOCAL_RANK: 0 - CUDA_VISIBLE_DEVICES: [0]
