[I 2023-11-30 11:43:58,361] Trial 118 finished with value: 19.49810218811035 and parameters: {'gradient_clip_val': 0.13638203641483782, 'hidden_size': 103, 'dropout': 0.35795913097333953, 'hidden_continuous_size': 20, 'attention_head_size': 2, 'learning_rate': 0.09142624122332911}. Best is trial 104 with value: 11.279751777648926.
LOCAL_RANK: 0 - CUDA_VISIBLE_DEVICES: [0]
[I 2023-11-30 11:44:11,672] Trial 119 finished with value: 14.549286842346191 and parameters: {'gradient_clip_val': 0.11681559438934136, 'hidden_size': 90, 'dropout': 0.36770756467638, 'hidden_continuous_size': 22, 'attention_head_size': 2, 'learning_rate': 0.07385536994339988}. Best is trial 104 with value: 11.279751777648926.
LOCAL_RANK: 0 - CUDA_VISIBLE_DEVICES: [0]
[I 2023-11-30 11:44:25,322] Trial 120 finished with value: 18.641122817993164 and parameters: {'gradient_clip_val': 0.14276596757390939, 'hidden_size': 127, 'dropout': 0.3505466295320759, 'hidden_continuous_size': 29, 'attention_head_size': 2, 'learning_rate': 0.09027553786724145}. Best is trial 104 with value: 11.279751777648926.
LOCAL_RANK: 0 - CUDA_VISIBLE_DEVICES: [0]
[I 2023-11-30 11:44:38,812] Trial 121 finished with value: 16.228843688964844 and parameters: {'gradient_clip_val': 0.16138806676714848, 'hidden_size': 97, 'dropout': 0.33865336951693364, 'hidden_continuous_size': 26, 'attention_head_size': 2, 'learning_rate': 0.06867564809749814}. Best is trial 104 with value: 11.279751777648926.
LOCAL_RANK: 0 - CUDA_VISIBLE_DEVICES: [0]
[I 2023-11-30 11:44:52,014] Trial 122 finished with value: 13.038043975830078 and parameters: {'gradient_clip_val': 0.15242277641396362, 'hidden_size': 78, 'dropout': 0.3562465054084631, 'hidden_continuous_size': 25, 'attention_head_size': 2, 'learning_rate': 0.0789688886388807}. Best is trial 104 with value: 11.279751777648926.
LOCAL_RANK: 0 - CUDA_VISIBLE_DEVICES: [0]
[I 2023-11-30 11:45:05,288] Trial 123 finished with value: 15.143782615661621 and parameters: {'gradient_clip_val': 0.1507028758208475, 'hidden_size': 86, 'dropout': 0.35777842084274264, 'hidden_continuous_size': 25, 'attention_head_size': 2, 'learning_rate': 0.07984408024911166}. Best is trial 104 with value: 11.279751777648926.
LOCAL_RANK: 0 - CUDA_VISIBLE_DEVICES: [0]
[I 2023-11-30 11:45:18,286] Trial 124 finished with value: 16.725488662719727 and parameters: {'gradient_clip_val': 0.12554773128529403, 'hidden_size': 72, 'dropout': 0.36546903513270623, 'hidden_continuous_size': 21, 'attention_head_size': 2, 'learning_rate': 0.09959921822866258}. Best is trial 104 with value: 11.279751777648926.
LOCAL_RANK: 0 - CUDA_VISIBLE_DEVICES: [0]
[I 2023-11-30 11:45:31,462] Trial 125 finished with value: 18.39381217956543 and parameters: {'gradient_clip_val': 0.13207792922656006, 'hidden_size': 79, 'dropout': 0.34380488103213475, 'hidden_continuous_size': 23, 'attention_head_size': 2, 'learning_rate': 0.08567787400600141}. Best is trial 104 with value: 11.279751777648926.
LOCAL_RANK: 0 - CUDA_VISIBLE_DEVICES: [0]
[I 2023-11-30 11:45:45,080] Trial 126 finished with value: 13.890301704406738 and parameters: {'gradient_clip_val': 0.1081156105139971, 'hidden_size': 70, 'dropout': 0.371083129355579, 'hidden_continuous_size': 23, 'attention_head_size': 2, 'learning_rate': 0.06660638663126167}. Best is trial 104 with value: 11.279751777648926.
LOCAL_RANK: 0 - CUDA_VISIBLE_DEVICES: [0]
[I 2023-11-30 11:45:58,585] Trial 127 finished with value: 16.244895935058594 and parameters: {'gradient_clip_val': 0.1425906622222797, 'hidden_size': 109, 'dropout': 0.3487484472626025, 'hidden_continuous_size': 18, 'attention_head_size': 2, 'learning_rate': 0.0816886588857413}. Best is trial 104 with value: 11.279751777648926.
LOCAL_RANK: 0 - CUDA_VISIBLE_DEVICES: [0]
[I 2023-11-30 11:46:11,596] Trial 128 finished with value: 19.873689651489258 and parameters: {'gradient_clip_val': 0.1043567741125926, 'hidden_size': 78, 'dropout': 0.38887904645225235, 'hidden_continuous_size': 22, 'attention_head_size': 2, 'learning_rate': 0.013305770065465437}. Best is trial 104 with value: 11.279751777648926.
LOCAL_RANK: 0 - CUDA_VISIBLE_DEVICES: [0]
[I 2023-11-30 11:46:24,691] Trial 129 finished with value: 16.94623374938965 and parameters: {'gradient_clip_val': 0.11338651643829208, 'hidden_size': 92, 'dropout': 0.35678777683795115, 'hidden_continuous_size': 20, 'attention_head_size': 2, 'learning_rate': 0.07408314125774286}. Best is trial 104 with value: 11.279751777648926.
LOCAL_RANK: 0 - CUDA_VISIBLE_DEVICES: [0]
[I 2023-11-30 11:46:38,416] Trial 130 finished with value: 16.125280380249023 and parameters: {'gradient_clip_val': 0.15072764627255872, 'hidden_size': 119, 'dropout': 0.36190637245117985, 'hidden_continuous_size': 19, 'attention_head_size': 3, 'learning_rate': 0.09144459420392344}. Best is trial 104 with value: 11.279751777648926.
LOCAL_RANK: 0 - CUDA_VISIBLE_DEVICES: [0]
[I 2023-11-30 11:46:51,687] Trial 131 finished with value: 13.190650939941406 and parameters: {'gradient_clip_val': 0.17399651699959715, 'hidden_size': 84, 'dropout': 0.3349155003222558, 'hidden_continuous_size': 24, 'attention_head_size': 2, 'learning_rate': 0.06246566071813124}. Best is trial 104 with value: 11.279751777648926.
LOCAL_RANK: 0 - CUDA_VISIBLE_DEVICES: [0]
[I 2023-11-30 11:47:05,047] Trial 132 finished with value: 15.436271667480469 and parameters: {'gradient_clip_val': 0.1836455233304002, 'hidden_size': 104, 'dropout': 0.32879235811761093, 'hidden_continuous_size': 27, 'attention_head_size': 2, 'learning_rate': 0.05548421027265298}. Best is trial 104 with value: 11.279751777648926.
LOCAL_RANK: 0 - CUDA_VISIBLE_DEVICES: [0]
[I 2023-11-30 11:47:18,382] Trial 133 finished with value: 15.675232887268066 and parameters: {'gradient_clip_val': 0.1211903953576662, 'hidden_size': 97, 'dropout': 0.34041653463709426, 'hidden_continuous_size': 25, 'attention_head_size': 2, 'learning_rate': 0.048331143534319894}. Best is trial 104 with value: 11.279751777648926.
LOCAL_RANK: 0 - CUDA_VISIBLE_DEVICES: [0]
[I 2023-11-30 11:47:31,468] Trial 134 finished with value: 11.167186737060547 and parameters: {'gradient_clip_val': 0.16992370383099456, 'hidden_size': 67, 'dropout': 0.35213493922417993, 'hidden_continuous_size': 24, 'attention_head_size': 2, 'learning_rate': 0.0758390848196427}. Best is trial 134 with value: 11.167186737060547.
LOCAL_RANK: 0 - CUDA_VISIBLE_DEVICES: [0]
[I 2023-11-30 11:47:44,398] Trial 135 finished with value: 16.200103759765625 and parameters: {'gradient_clip_val': 0.16044012466885355, 'hidden_size': 68, 'dropout': 0.3730505300655654, 'hidden_continuous_size': 21, 'attention_head_size': 2, 'learning_rate': 0.07677701078316593}. Best is trial 134 with value: 11.167186737060547.
LOCAL_RANK: 0 - CUDA_VISIBLE_DEVICES: [0]
[I 2023-11-30 11:47:57,402] Trial 136 finished with value: 16.181474685668945 and parameters: {'gradient_clip_val': 0.1691331988617269, 'hidden_size': 64, 'dropout': 0.3797127293578782, 'hidden_continuous_size': 23, 'attention_head_size': 2, 'learning_rate': 0.07110202950408541}. Best is trial 134 with value: 11.167186737060547.
LOCAL_RANK: 0 - CUDA_VISIBLE_DEVICES: [0]
[I 2023-11-30 11:48:10,479] Trial 137 finished with value: 17.439178466796875 and parameters: {'gradient_clip_val': 0.1913701241771976, 'hidden_size': 74, 'dropout': 0.35133705291507494, 'hidden_continuous_size': 22, 'attention_head_size': 2, 'learning_rate': 0.09929143569984407}. Best is trial 134 with value: 11.167186737060547.
LOCAL_RANK: 0 - CUDA_VISIBLE_DEVICES: [0]
[I 2023-11-30 11:48:23,288] Trial 138 finished with value: 14.694236755371094 and parameters: {'gradient_clip_val': 0.13580465904749664, 'hidden_size': 60, 'dropout': 0.3651275445559088, 'hidden_continuous_size': 22, 'attention_head_size': 2, 'learning_rate': 0.0847970482017661}. Best is trial 134 with value: 11.167186737060547.
LOCAL_RANK: 0 - CUDA_VISIBLE_DEVICES: [0]
[I 2023-11-30 11:48:36,190] Trial 139 finished with value: 14.8750638961792 and parameters: {'gradient_clip_val': 0.14582498755589465, 'hidden_size': 65, 'dropout': 0.3431581558729415, 'hidden_continuous_size': 24, 'attention_head_size': 1, 'learning_rate': 0.09118775020194307}. Best is trial 134 with value: 11.167186737060547.
LOCAL_RANK: 0 - CUDA_VISIBLE_DEVICES: [0]
[I 2023-11-30 11:48:49,291] Trial 140 finished with value: 27.92913818359375 and parameters: {'gradient_clip_val': 0.12789692972733052, 'hidden_size': 78, 'dropout': 0.3215073901275245, 'hidden_continuous_size': 26, 'attention_head_size': 2, 'learning_rate': 0.009092622478021898}. Best is trial 134 with value: 11.167186737060547.
LOCAL_RANK: 0 - CUDA_VISIBLE_DEVICES: [0]
[I 2023-11-30 11:49:02,563] Trial 141 finished with value: 14.0043306350708 and parameters: {'gradient_clip_val': 0.1633072775077016, 'hidden_size': 86, 'dropout': 0.35677416820041086, 'hidden_continuous_size': 21, 'attention_head_size': 2, 'learning_rate': 0.06574771917910421}. Best is trial 134 with value: 11.167186737060547.
LOCAL_RANK: 0 - CUDA_VISIBLE_DEVICES: [0]
[I 2023-11-30 11:49:15,783] Trial 142 finished with value: 15.968174934387207 and parameters: {'gradient_clip_val': 0.20171459359564595, 'hidden_size': 92, 'dropout': 0.29387570605041696, 'hidden_continuous_size': 28, 'attention_head_size': 2, 'learning_rate': 0.07699762429212262}. Best is trial 134 with value: 11.167186737060547.
LOCAL_RANK: 0 - CUDA_VISIBLE_DEVICES: [0]
[I 2023-11-30 11:49:29,157] Trial 143 finished with value: 16.294750213623047 and parameters: {'gradient_clip_val': 0.17830085181700386, 'hidden_size': 112, 'dropout': 0.33244569028715415, 'hidden_continuous_size': 19, 'attention_head_size': 2, 'learning_rate': 0.0602506200270533}. Best is trial 134 with value: 11.167186737060547.
LOCAL_RANK: 0 - CUDA_VISIBLE_DEVICES: [0]
[I 2023-11-30 11:49:42,515] Trial 144 finished with value: 23.157241821289062 and parameters: {'gradient_clip_val': 0.15433506277252712, 'hidden_size': 101, 'dropout': 0.3063356178705371, 'hidden_continuous_size': 20, 'attention_head_size': 2, 'learning_rate': 0.06979672980619474}. Best is trial 134 with value: 11.167186737060547.
LOCAL_RANK: 0 - CUDA_VISIBLE_DEVICES: [0]
[I 2023-11-30 11:49:55,766] Trial 145 finished with value: 18.04636573791504 and parameters: {'gradient_clip_val': 0.11160296646128542, 'hidden_size': 83, 'dropout': 0.3138888366033436, 'hidden_continuous_size': 23, 'attention_head_size': 2, 'learning_rate': 0.006914357824257517}. Best is trial 134 with value: 11.167186737060547.
LOCAL_RANK: 0 - CUDA_VISIBLE_DEVICES: [0]
[I 2023-11-30 11:50:09,401] Trial 146 finished with value: 15.850104331970215 and parameters: {'gradient_clip_val': 0.16759343872667207, 'hidden_size': 89, 'dropout': 0.3513210683497306, 'hidden_continuous_size': 24, 'attention_head_size': 4, 'learning_rate': 0.08367226145542168}. Best is trial 134 with value: 11.167186737060547.
LOCAL_RANK: 0 - CUDA_VISIBLE_DEVICES: [0]
[I 2023-11-30 11:50:21,966] Trial 147 finished with value: 16.90196990966797 and parameters: {'gradient_clip_val': 0.18089375934037316, 'hidden_size': 45, 'dropout': 0.32374447107165605, 'hidden_continuous_size': 22, 'attention_head_size': 2, 'learning_rate': 0.036046442440812024}. Best is trial 134 with value: 11.167186737060547.
LOCAL_RANK: 0 - CUDA_VISIBLE_DEVICES: [0]
[I 2023-11-30 11:50:35,104] Trial 148 finished with value: 12.080604553222656 and parameters: {'gradient_clip_val': 0.11986616166847171, 'hidden_size': 75, 'dropout': 0.2840485711673421, 'hidden_continuous_size': 16, 'attention_head_size': 2, 'learning_rate': 0.05561332742896413}. Best is trial 134 with value: 11.167186737060547.
LOCAL_RANK: 0 - CUDA_VISIBLE_DEVICES: [0]
[I 2023-11-30 11:50:48,207] Trial 149 finished with value: 15.501930236816406 and parameters: {'gradient_clip_val': 0.11727455008769141, 'hidden_size': 77, 'dropout': 0.26474901383462524, 'hidden_continuous_size': 16, 'attention_head_size': 2, 'learning_rate': 0.0401082515038168}. Best is trial 134 with value: 11.167186737060547.
[I 2023-11-30 11:50:48,316] A new study created in memory with name: no-name-a49f0bb8-e31d-4121-9308-e9305c462b2a
/home/le004/conda/anaconda3/envs/tsff_env/lib/python3.9/site-packages/lightning/fabric/plugins/environments/slurm.py:191: The `srun` command is available on your system but is not used. HINT: If your intention is to run Lightning on SLURM, prepend your python command with `srun` like so: srun python /home/le004/master_thesis/git/TSFusionForecast/code/ ...
LOCAL_RANK: 0 - CUDA_VISIBLE_DEVICES: [0]
[I 2023-11-30 11:51:02,136] Trial 0 finished with value: 54.24335861206055 and parameters: {'gradient_clip_val': 0.8421770389092983, 'hidden_size': 118, 'dropout': 0.22637098507953374, 'hidden_continuous_size': 40, 'attention_head_size': 3, 'learning_rate': 0.0012288956487050094}. Best is trial 0 with value: 54.24335861206055.
LOCAL_RANK: 0 - CUDA_VISIBLE_DEVICES: [0]
[I 2023-11-30 11:51:15,345] Trial 1 finished with value: 48.815887451171875 and parameters: {'gradient_clip_val': 0.19532847467657768, 'hidden_size': 51, 'dropout': 0.21471123646335635, 'hidden_continuous_size': 50, 'attention_head_size': 2, 'learning_rate': 0.014863996225934107}. Best is trial 1 with value: 48.815887451171875.
LOCAL_RANK: 0 - CUDA_VISIBLE_DEVICES: [0]
[I 2023-11-30 11:51:29,252] Trial 2 finished with value: 70.19832611083984 and parameters: {'gradient_clip_val': 0.25920821953506673, 'hidden_size': 93, 'dropout': 0.16495409641047853, 'hidden_continuous_size': 42, 'attention_head_size': 4, 'learning_rate': 0.01017071356636514}. Best is trial 1 with value: 48.815887451171875.
LOCAL_RANK: 0 - CUDA_VISIBLE_DEVICES: [0]
[I 2023-11-30 11:51:41,151] Trial 3 finished with value: 67.54181671142578 and parameters: {'gradient_clip_val': 0.20721318010281456, 'hidden_size': 25, 'dropout': 0.10114392286811873, 'hidden_continuous_size': 15, 'attention_head_size': 1, 'learning_rate': 0.023487073740588477}. Best is trial 1 with value: 48.815887451171875.
LOCAL_RANK: 0 - CUDA_VISIBLE_DEVICES: [0]
[I 2023-11-30 11:51:53,038] Trial 4 finished with value: 87.44641876220703 and parameters: {'gradient_clip_val': 0.9586573034243053, 'hidden_size': 16, 'dropout': 0.19894236213470207, 'hidden_continuous_size': 14, 'attention_head_size': 4, 'learning_rate': 0.029163096110393746}. Best is trial 1 with value: 48.815887451171875.
LOCAL_RANK: 0 - CUDA_VISIBLE_DEVICES: [0]
[I 2023-11-30 11:52:03,087] Trial 5 finished with value: 114.07587432861328 and parameters: {'gradient_clip_val': 0.9013382995354898, 'hidden_size': 10, 'dropout': 0.25629369421136583, 'hidden_continuous_size': 10, 'attention_head_size': 3, 'learning_rate': 0.0016618716751752565}. Best is trial 1 with value: 48.815887451171875.
LOCAL_RANK: 0 - CUDA_VISIBLE_DEVICES: [0]
[I 2023-11-30 11:52:16,890] Trial 6 finished with value: 61.82228469848633 and parameters: {'gradient_clip_val': 0.13352954231928846, 'hidden_size': 126, 'dropout': 0.32587942732942066, 'hidden_continuous_size': 20, 'attention_head_size': 1, 'learning_rate': 0.006199844669293393}. Best is trial 1 with value: 48.815887451171875.
LOCAL_RANK: 0 - CUDA_VISIBLE_DEVICES: [0]
[I 2023-11-30 11:52:28,884] Trial 7 finished with value: 91.6465072631836 and parameters: {'gradient_clip_val': 0.41528631226769047, 'hidden_size': 15, 'dropout': 0.30889107338903943, 'hidden_continuous_size': 14, 'attention_head_size': 3, 'learning_rate': 0.003605579690439564}. Best is trial 1 with value: 48.815887451171875.
LOCAL_RANK: 0 - CUDA_VISIBLE_DEVICES: [0]
[I 2023-11-30 11:52:41,933] Trial 8 finished with value: 58.3432731628418 and parameters: {'gradient_clip_val': 0.48617875949301304, 'hidden_size': 70, 'dropout': 0.19158834151192816, 'hidden_continuous_size': 18, 'attention_head_size': 1, 'learning_rate': 0.03813040356149759}. Best is trial 1 with value: 48.815887451171875.
LOCAL_RANK: 0 - CUDA_VISIBLE_DEVICES: [0]
[I 2023-11-30 11:52:55,479] Trial 9 finished with value: 54.06207275390625 and parameters: {'gradient_clip_val': 0.13844225309832223, 'hidden_size': 74, 'dropout': 0.28599573326545735, 'hidden_continuous_size': 62, 'attention_head_size': 2, 'learning_rate': 0.02616563641529999}. Best is trial 1 with value: 48.815887451171875.
LOCAL_RANK: 0 - CUDA_VISIBLE_DEVICES: [0]
[I 2023-11-30 11:53:07,886] Trial 10 finished with value: 62.25126266479492 and parameters: {'gradient_clip_val': 0.189111955203729, 'hidden_size': 44, 'dropout': 0.38351830242346197, 'hidden_continuous_size': 25, 'attention_head_size': 2, 'learning_rate': 0.09845825456142852}. Best is trial 1 with value: 48.815887451171875.
LOCAL_RANK: 0 - CUDA_VISIBLE_DEVICES: [0]
[I 2023-11-30 11:53:21,193] Trial 11 finished with value: 49.87869644165039 and parameters: {'gradient_clip_val': 0.1103232992973837, 'hidden_size': 54, 'dropout': 0.26754647138646515, 'hidden_continuous_size': 53, 'attention_head_size': 2, 'learning_rate': 0.012161002651883863}. Best is trial 1 with value: 48.815887451171875.
LOCAL_RANK: 0 - CUDA_VISIBLE_DEVICES: [0]
[I 2023-11-30 11:53:33,887] Trial 12 finished with value: 56.03450393676758 and parameters: {'gradient_clip_val': 0.10323515887154226, 'hidden_size': 45, 'dropout': 0.2572942931494286, 'hidden_continuous_size': 31, 'attention_head_size': 2, 'learning_rate': 0.010051831642960233}. Best is trial 1 with value: 48.815887451171875.
LOCAL_RANK: 0 - CUDA_VISIBLE_DEVICES: [0]
[I 2023-11-30 11:53:46,895] Trial 13 finished with value: 65.89000701904297 and parameters: {'gradient_clip_val': 0.1010053589710709, 'hidden_size': 51, 'dropout': 0.23846785583706903, 'hidden_continuous_size': 48, 'attention_head_size': 2, 'learning_rate': 0.01403383559699023}. Best is trial 1 with value: 48.815887451171875.
LOCAL_RANK: 0 - CUDA_VISIBLE_DEVICES: [0]
[I 2023-11-30 11:53:59,178] Trial 14 finished with value: 57.1728401184082 and parameters: {'gradient_clip_val': 0.16608222935644562, 'hidden_size': 30, 'dropout': 0.34245047059084865, 'hidden_continuous_size': 22, 'attention_head_size': 2, 'learning_rate': 0.005115663433092144}. Best is trial 1 with value: 48.815887451171875.
LOCAL_RANK: 0 - CUDA_VISIBLE_DEVICES: [0]
[I 2023-11-30 11:54:09,676] Trial 15 finished with value: 52.8194465637207 and parameters: {'gradient_clip_val': 0.24378332613228107, 'hidden_size': 57, 'dropout': 0.27907057533154067, 'hidden_continuous_size': 57, 'attention_head_size': 3, 'learning_rate': 0.015701752856489}. Best is trial 1 with value: 48.815887451171875.
LOCAL_RANK: 0 - CUDA_VISIBLE_DEVICES: [0]
[I 2023-11-30 11:54:22,253] Trial 16 finished with value: 63.24041748046875 and parameters: {'gradient_clip_val': 0.13984317781694736, 'hidden_size': 34, 'dropout': 0.21985810928633495, 'hidden_continuous_size': 27, 'attention_head_size': 1, 'learning_rate': 0.006056836987388695}. Best is trial 1 with value: 48.815887451171875.
LOCAL_RANK: 0 - CUDA_VISIBLE_DEVICES: [0]
[I 2023-11-30 11:54:35,419] Trial 17 finished with value: 59.92341995239258 and parameters: {'gradient_clip_val': 0.2936666229207701, 'hidden_size': 66, 'dropout': 0.15231613580306966, 'hidden_continuous_size': 37, 'attention_head_size': 2, 'learning_rate': 0.00282783238440256}. Best is trial 1 with value: 48.815887451171875.
LOCAL_RANK: 0 - CUDA_VISIBLE_DEVICES: [0]
[I 2023-11-30 11:54:49,400] Trial 18 finished with value: 58.23440933227539 and parameters: {'gradient_clip_val': 0.17781545928740167, 'hidden_size': 86, 'dropout': 0.2793730482393007, 'hidden_continuous_size': 79, 'attention_head_size': 3, 'learning_rate': 0.04821817034480258}. Best is trial 1 with value: 48.815887451171875.
LOCAL_RANK: 0 - CUDA_VISIBLE_DEVICES: [0]
[I 2023-11-30 11:55:01,734] Trial 19 finished with value: 53.7490348815918 and parameters: {'gradient_clip_val': 0.11973738629808531, 'hidden_size': 37, 'dropout': 0.2060189831421244, 'hidden_continuous_size': 28, 'attention_head_size': 1, 'learning_rate': 0.015387272350435369}. Best is trial 1 with value: 48.815887451171875.
LOCAL_RANK: 0 - CUDA_VISIBLE_DEVICES: [0]
[I 2023-11-30 11:55:14,558] Trial 20 finished with value: 61.76151657104492 and parameters: {'gradient_clip_val': 0.15773661543076578, 'hidden_size': 51, 'dropout': 0.23985924470657852, 'hidden_continuous_size': 34, 'attention_head_size': 2, 'learning_rate': 0.007961896483861553}. Best is trial 1 with value: 48.815887451171875.
LOCAL_RANK: 0 - CUDA_VISIBLE_DEVICES: [0]
[I 2023-11-30 11:55:27,775] Trial 21 finished with value: 66.27799224853516 and parameters: {'gradient_clip_val': 0.22697776160288768, 'hidden_size': 57, 'dropout': 0.27908421623415625, 'hidden_continuous_size': 48, 'attention_head_size': 3, 'learning_rate': 0.015433105853322021}. Best is trial 1 with value: 48.815887451171875.
LOCAL_RANK: 0 - CUDA_VISIBLE_DEVICES: [0]
[I 2023-11-30 11:55:41,361] Trial 22 finished with value: 57.67164993286133 and parameters: {'gradient_clip_val': 0.23148937376174725, 'hidden_size': 58, 'dropout': 0.25990155397674813, 'hidden_continuous_size': 46, 'attention_head_size': 4, 'learning_rate': 0.017519166813506022}. Best is trial 1 with value: 48.815887451171875.
LOCAL_RANK: 0 - CUDA_VISIBLE_DEVICES: [0]
[I 2023-11-30 11:55:55,316] Trial 23 finished with value: 70.66678619384766 and parameters: {'gradient_clip_val': 0.19774472085896933, 'hidden_size': 89, 'dropout': 0.301224976077598, 'hidden_continuous_size': 61, 'attention_head_size': 3, 'learning_rate': 0.009422641610753964}. Best is trial 1 with value: 48.815887451171875.
LOCAL_RANK: 0 - CUDA_VISIBLE_DEVICES: [0]
[I 2023-11-30 11:56:07,846] Trial 24 finished with value: 52.060977935791016 and parameters: {'gradient_clip_val': 0.31105765372734717, 'hidden_size': 41, 'dropout': 0.26476897973744845, 'hidden_continuous_size': 30, 'attention_head_size': 2, 'learning_rate': 0.012955967577870986}. Best is trial 1 with value: 48.815887451171875.
LOCAL_RANK: 0 - CUDA_VISIBLE_DEVICES: [0]
