[I 2023-11-30 11:53:50,420] Trial 128 finished with value: 137.17173767089844 and parameters: {'gradient_clip_val': 0.15854163544613076, 'hidden_size': 74, 'dropout': 0.11695747748084055, 'hidden_continuous_size': 27, 'attention_head_size': 3, 'learning_rate': 0.02936478531139086}. Best is trial 41 with value: 130.7822723388672.
LOCAL_RANK: 0 - CUDA_VISIBLE_DEVICES: [0]
[I 2023-11-30 11:54:04,124] Trial 129 finished with value: 151.3550567626953 and parameters: {'gradient_clip_val': 0.152266979327036, 'hidden_size': 83, 'dropout': 0.12423973987540746, 'hidden_continuous_size': 28, 'attention_head_size': 3, 'learning_rate': 0.015352511419305683}. Best is trial 41 with value: 130.7822723388672.
LOCAL_RANK: 0 - CUDA_VISIBLE_DEVICES: [0]
[I 2023-11-30 11:54:17,400] Trial 130 finished with value: 152.0172576904297 and parameters: {'gradient_clip_val': 0.1638238327116687, 'hidden_size': 60, 'dropout': 0.11718522442898362, 'hidden_continuous_size': 30, 'attention_head_size': 2, 'learning_rate': 0.03498541262536071}. Best is trial 41 with value: 130.7822723388672.
LOCAL_RANK: 0 - CUDA_VISIBLE_DEVICES: [0]
[I 2023-11-30 11:54:29,923] Trial 131 finished with value: 191.47047424316406 and parameters: {'gradient_clip_val': 0.1428313115413297, 'hidden_size': 34, 'dropout': 0.11128537932102203, 'hidden_continuous_size': 26, 'attention_head_size': 3, 'learning_rate': 0.029239585662520086}. Best is trial 41 with value: 130.7822723388672.
LOCAL_RANK: 0 - CUDA_VISIBLE_DEVICES: [0]
[I 2023-11-30 11:54:43,447] Trial 132 finished with value: 162.30482482910156 and parameters: {'gradient_clip_val': 0.13608927022368522, 'hidden_size': 65, 'dropout': 0.10414840149568363, 'hidden_continuous_size': 27, 'attention_head_size': 3, 'learning_rate': 0.025913420194456183}. Best is trial 41 with value: 130.7822723388672.
LOCAL_RANK: 0 - CUDA_VISIBLE_DEVICES: [0]
[I 2023-11-30 11:54:57,289] Trial 133 finished with value: 151.51170349121094 and parameters: {'gradient_clip_val': 0.15704332810929197, 'hidden_size': 103, 'dropout': 0.1307019291097948, 'hidden_continuous_size': 28, 'attention_head_size': 3, 'learning_rate': 0.03103012523457597}. Best is trial 41 with value: 130.7822723388672.
LOCAL_RANK: 0 - CUDA_VISIBLE_DEVICES: [0]
[I 2023-11-30 11:55:10,704] Trial 134 finished with value: 170.8345947265625 and parameters: {'gradient_clip_val': 0.11803728673455555, 'hidden_size': 74, 'dropout': 0.11870500981328833, 'hidden_continuous_size': 27, 'attention_head_size': 3, 'learning_rate': 0.02078684202130554}. Best is trial 41 with value: 130.7822723388672.
LOCAL_RANK: 0 - CUDA_VISIBLE_DEVICES: [0]
[I 2023-11-30 11:55:23,442] Trial 135 finished with value: 180.05877685546875 and parameters: {'gradient_clip_val': 0.12511972297701318, 'hidden_size': 36, 'dropout': 0.11223612066492988, 'hidden_continuous_size': 20, 'attention_head_size': 3, 'learning_rate': 0.04215061757437354}. Best is trial 41 with value: 130.7822723388672.
LOCAL_RANK: 0 - CUDA_VISIBLE_DEVICES: [0]
[I 2023-11-30 11:55:36,190] Trial 136 finished with value: 155.81829833984375 and parameters: {'gradient_clip_val': 0.13217052984873356, 'hidden_size': 40, 'dropout': 0.1259645043463899, 'hidden_continuous_size': 21, 'attention_head_size': 3, 'learning_rate': 0.03792601543886555}. Best is trial 41 with value: 130.7822723388672.
LOCAL_RANK: 0 - CUDA_VISIBLE_DEVICES: [0]
[I 2023-11-30 11:55:49,228] Trial 137 finished with value: 166.3060760498047 and parameters: {'gradient_clip_val': 0.12146570979297558, 'hidden_size': 45, 'dropout': 0.10029485015504896, 'hidden_continuous_size': 18, 'attention_head_size': 3, 'learning_rate': 0.018522126637574503}. Best is trial 41 with value: 130.7822723388672.
LOCAL_RANK: 0 - CUDA_VISIBLE_DEVICES: [0]
[I 2023-11-30 11:56:01,928] Trial 138 finished with value: 220.70098876953125 and parameters: {'gradient_clip_val': 0.11598049518251624, 'hidden_size': 30, 'dropout': 0.23032499290581476, 'hidden_continuous_size': 20, 'attention_head_size': 3, 'learning_rate': 0.007018838978686767}. Best is trial 41 with value: 130.7822723388672.
LOCAL_RANK: 0 - CUDA_VISIBLE_DEVICES: [0]
[I 2023-11-30 11:56:14,782] Trial 139 finished with value: 199.6021270751953 and parameters: {'gradient_clip_val': 0.14303649864738396, 'hidden_size': 42, 'dropout': 0.2540332727582416, 'hidden_continuous_size': 19, 'attention_head_size': 3, 'learning_rate': 0.024412417240999844}. Best is trial 41 with value: 130.7822723388672.
LOCAL_RANK: 0 - CUDA_VISIBLE_DEVICES: [0]
[I 2023-11-30 11:56:27,626] Trial 140 finished with value: 162.9933319091797 and parameters: {'gradient_clip_val': 0.1268917596555132, 'hidden_size': 38, 'dropout': 0.1071612333685939, 'hidden_continuous_size': 27, 'attention_head_size': 3, 'learning_rate': 0.033964774416330286}. Best is trial 41 with value: 130.7822723388672.
LOCAL_RANK: 0 - CUDA_VISIBLE_DEVICES: [0]
[I 2023-11-30 11:56:41,105] Trial 141 finished with value: 170.49476623535156 and parameters: {'gradient_clip_val': 0.171485572627913, 'hidden_size': 73, 'dropout': 0.12446038306525091, 'hidden_continuous_size': 28, 'attention_head_size': 3, 'learning_rate': 0.015956689730862353}. Best is trial 41 with value: 130.7822723388672.
LOCAL_RANK: 0 - CUDA_VISIBLE_DEVICES: [0]
[I 2023-11-30 11:56:54,883] Trial 142 finished with value: 193.3218994140625 and parameters: {'gradient_clip_val': 0.15188960972650623, 'hidden_size': 81, 'dropout': 0.12237175402127902, 'hidden_continuous_size': 32, 'attention_head_size': 3, 'learning_rate': 0.012928626916734735}. Best is trial 41 with value: 130.7822723388672.
LOCAL_RANK: 0 - CUDA_VISIBLE_DEVICES: [0]
[I 2023-11-30 11:57:08,505] Trial 143 finished with value: 216.2607879638672 and parameters: {'gradient_clip_val': 0.15533459191776153, 'hidden_size': 87, 'dropout': 0.13538247447081037, 'hidden_continuous_size': 30, 'attention_head_size': 3, 'learning_rate': 0.02761296237250799}. Best is trial 41 with value: 130.7822723388672.
LOCAL_RANK: 0 - CUDA_VISIBLE_DEVICES: [0]
[I 2023-11-30 11:57:20,997] Trial 144 finished with value: 329.6949157714844 and parameters: {'gradient_clip_val': 0.14696126973742668, 'hidden_size': 32, 'dropout': 0.11437252714365359, 'hidden_continuous_size': 29, 'attention_head_size': 3, 'learning_rate': 0.004484897678788725}. Best is trial 41 with value: 130.7822723388672.
LOCAL_RANK: 0 - CUDA_VISIBLE_DEVICES: [0]
[I 2023-11-30 11:57:34,573] Trial 145 finished with value: 157.9430694580078 and parameters: {'gradient_clip_val': 0.1637501769567607, 'hidden_size': 96, 'dropout': 0.1312234377563818, 'hidden_continuous_size': 31, 'attention_head_size': 3, 'learning_rate': 0.02194068249538467}. Best is trial 41 with value: 130.7822723388672.
LOCAL_RANK: 0 - CUDA_VISIBLE_DEVICES: [0]
[I 2023-11-30 11:57:47,930] Trial 146 finished with value: 195.86932373046875 and parameters: {'gradient_clip_val': 0.13956613828638204, 'hidden_size': 81, 'dropout': 0.1464790837522025, 'hidden_continuous_size': 24, 'attention_head_size': 3, 'learning_rate': 0.005584860689478545}. Best is trial 41 with value: 130.7822723388672.
LOCAL_RANK: 0 - CUDA_VISIBLE_DEVICES: [0]
[I 2023-11-30 11:58:01,391] Trial 147 finished with value: 150.04994201660156 and parameters: {'gradient_clip_val': 0.1326160778950811, 'hidden_size': 57, 'dropout': 0.11926914718736355, 'hidden_continuous_size': 25, 'attention_head_size': 3, 'learning_rate': 0.03086947965196661}. Best is trial 41 with value: 130.7822723388672.
LOCAL_RANK: 0 - CUDA_VISIBLE_DEVICES: [0]
[I 2023-11-30 11:58:14,622] Trial 148 finished with value: 169.9408721923828 and parameters: {'gradient_clip_val': 0.133390764258711, 'hidden_size': 57, 'dropout': 0.10663903182027987, 'hidden_continuous_size': 23, 'attention_head_size': 4, 'learning_rate': 0.02991956110369686}. Best is trial 41 with value: 130.7822723388672.
LOCAL_RANK: 0 - CUDA_VISIBLE_DEVICES: [0]
[I 2023-11-30 11:58:27,800] Trial 149 finished with value: 162.9836883544922 and parameters: {'gradient_clip_val': 0.12188939616501926, 'hidden_size': 53, 'dropout': 0.11812541657477794, 'hidden_continuous_size': 22, 'attention_head_size': 3, 'learning_rate': 0.04056610298497692}. Best is trial 41 with value: 130.7822723388672.
[I 2023-11-30 11:58:27,912] A new study created in memory with name: no-name-8af261b8-22f2-43c0-af7c-0365358f16a2
/home/le004/conda/anaconda3/envs/tsff_env/lib/python3.9/site-packages/lightning/fabric/plugins/environments/slurm.py:191: The `srun` command is available on your system but is not used. HINT: If your intention is to run Lightning on SLURM, prepend your python command with `srun` like so: srun python /home/le004/master_thesis/git/TSFusionForecast/code/ ...
LOCAL_RANK: 0 - CUDA_VISIBLE_DEVICES: [0]
[I 2023-11-30 11:58:40,566] Trial 0 finished with value: 179.2843475341797 and parameters: {'gradient_clip_val': 0.4241095263329183, 'hidden_size': 36, 'dropout': 0.32251779497732846, 'hidden_continuous_size': 25, 'attention_head_size': 3, 'learning_rate': 0.015586888567267282}. Best is trial 0 with value: 179.2843475341797.
LOCAL_RANK: 0 - CUDA_VISIBLE_DEVICES: [0]
[I 2023-11-30 11:58:54,635] Trial 1 finished with value: 128.26124572753906 and parameters: {'gradient_clip_val': 0.2641689619652065, 'hidden_size': 97, 'dropout': 0.39183618823926847, 'hidden_continuous_size': 94, 'attention_head_size': 1, 'learning_rate': 0.025808528216314852}. Best is trial 1 with value: 128.26124572753906.
LOCAL_RANK: 0 - CUDA_VISIBLE_DEVICES: [0]
[I 2023-11-30 11:59:08,926] Trial 2 finished with value: 169.85507202148438 and parameters: {'gradient_clip_val': 0.2727362323537071, 'hidden_size': 100, 'dropout': 0.15082525395093568, 'hidden_continuous_size': 80, 'attention_head_size': 2, 'learning_rate': 0.0015105885593129284}. Best is trial 1 with value: 128.26124572753906.
LOCAL_RANK: 0 - CUDA_VISIBLE_DEVICES: [0]
[I 2023-11-30 11:59:22,153] Trial 3 finished with value: 132.6807098388672 and parameters: {'gradient_clip_val': 0.7564355696882796, 'hidden_size': 96, 'dropout': 0.34910389446096957, 'hidden_continuous_size': 20, 'attention_head_size': 1, 'learning_rate': 0.003979822006858891}. Best is trial 1 with value: 128.26124572753906.
LOCAL_RANK: 0 - CUDA_VISIBLE_DEVICES: [0]
[I 2023-11-30 11:59:35,645] Trial 4 finished with value: 317.6015319824219 and parameters: {'gradient_clip_val': 0.6587143216475132, 'hidden_size': 59, 'dropout': 0.13009579745219038, 'hidden_continuous_size': 40, 'attention_head_size': 3, 'learning_rate': 0.0016611894936754597}. Best is trial 1 with value: 128.26124572753906.
LOCAL_RANK: 0 - CUDA_VISIBLE_DEVICES: [0]
[I 2023-11-30 11:59:50,274] Trial 5 finished with value: 145.06687927246094 and parameters: {'gradient_clip_val': 0.1145600234510862, 'hidden_size': 142, 'dropout': 0.2546843831721163, 'hidden_continuous_size': 113, 'attention_head_size': 1, 'learning_rate': 0.006520659574030555}. Best is trial 1 with value: 128.26124572753906.
LOCAL_RANK: 0 - CUDA_VISIBLE_DEVICES: [0]
[I 2023-11-30 12:00:04,220] Trial 6 finished with value: 137.3546600341797 and parameters: {'gradient_clip_val': 0.6649536364743267, 'hidden_size': 121, 'dropout': 0.17453718382536676, 'hidden_continuous_size': 19, 'attention_head_size': 4, 'learning_rate': 0.030281403378065622}. Best is trial 1 with value: 128.26124572753906.
LOCAL_RANK: 0 - CUDA_VISIBLE_DEVICES: [0]
[I 2023-11-30 12:00:16,423] Trial 7 finished with value: 517.9111938476562 and parameters: {'gradient_clip_val': 0.626793832418297, 'hidden_size': 15, 'dropout': 0.3901635725078766, 'hidden_continuous_size': 13, 'attention_head_size': 2, 'learning_rate': 0.0012447001835080285}. Best is trial 1 with value: 128.26124572753906.
LOCAL_RANK: 0 - CUDA_VISIBLE_DEVICES: [0]
[I 2023-11-30 12:00:29,200] Trial 8 finished with value: 617.0031127929688 and parameters: {'gradient_clip_val': 0.14708974126879465, 'hidden_size': 33, 'dropout': 0.27794538281981285, 'hidden_continuous_size': 23, 'attention_head_size': 2, 'learning_rate': 0.0018732975962879978}. Best is trial 1 with value: 128.26124572753906.
LOCAL_RANK: 0 - CUDA_VISIBLE_DEVICES: [0]
[I 2023-11-30 12:00:41,089] Trial 9 finished with value: 125.73040771484375 and parameters: {'gradient_clip_val': 0.5953974540195934, 'hidden_size': 24, 'dropout': 0.3376399811988813, 'hidden_continuous_size': 11, 'attention_head_size': 1, 'learning_rate': 0.05858310345369692}. Best is trial 9 with value: 125.73040771484375.
LOCAL_RANK: 0 - CUDA_VISIBLE_DEVICES: [0]
[I 2023-11-30 12:00:53,376] Trial 10 finished with value: 121.41364288330078 and parameters: {'gradient_clip_val': 0.46726308232726643, 'hidden_size': 11, 'dropout': 0.21801266167062952, 'hidden_continuous_size': 10, 'attention_head_size': 4, 'learning_rate': 0.06407521155925186}. Best is trial 10 with value: 121.41364288330078.
LOCAL_RANK: 0 - CUDA_VISIBLE_DEVICES: [0]
[I 2023-11-30 12:01:03,736] Trial 11 finished with value: 116.6992416381836 and parameters: {'gradient_clip_val': 0.43221309994703433, 'hidden_size': 10, 'dropout': 0.20631202064569698, 'hidden_continuous_size': 10, 'attention_head_size': 4, 'learning_rate': 0.08835069886806698}. Best is trial 11 with value: 116.6992416381836.
LOCAL_RANK: 0 - CUDA_VISIBLE_DEVICES: [0]
[I 2023-11-30 12:01:14,034] Trial 12 finished with value: 116.48687744140625 and parameters: {'gradient_clip_val': 0.410062613712724, 'hidden_size': 10, 'dropout': 0.2032322558307591, 'hidden_continuous_size': 10, 'attention_head_size': 4, 'learning_rate': 0.09195277734459274}. Best is trial 12 with value: 116.48687744140625.
LOCAL_RANK: 0 - CUDA_VISIBLE_DEVICES: [0]
[I 2023-11-30 12:01:24,483] Trial 13 finished with value: 123.18570709228516 and parameters: {'gradient_clip_val': 0.35550551020904664, 'hidden_size': 10, 'dropout': 0.196563942713822, 'hidden_continuous_size': 10, 'attention_head_size': 4, 'learning_rate': 0.09788385216900486}. Best is trial 12 with value: 116.48687744140625.
LOCAL_RANK: 0 - CUDA_VISIBLE_DEVICES: [0]
[I 2023-11-30 12:01:36,980] Trial 14 finished with value: 114.08390045166016 and parameters: {'gradient_clip_val': 0.9630807534402225, 'hidden_size': 18, 'dropout': 0.10837539142770837, 'hidden_continuous_size': 10, 'attention_head_size': 3, 'learning_rate': 0.09056647248884035}. Best is trial 14 with value: 114.08390045166016.
LOCAL_RANK: 0 - CUDA_VISIBLE_DEVICES: [0]
[I 2023-11-30 12:01:49,063] Trial 15 finished with value: 146.1432342529297 and parameters: {'gradient_clip_val': 0.8314973007801647, 'hidden_size': 18, 'dropout': 0.11929219332002218, 'hidden_continuous_size': 11, 'attention_head_size': 3, 'learning_rate': 0.03826671573398634}. Best is trial 14 with value: 114.08390045166016.
LOCAL_RANK: 0 - CUDA_VISIBLE_DEVICES: [0]
[I 2023-11-30 12:02:01,028] Trial 16 finished with value: 517.0045776367188 and parameters: {'gradient_clip_val': 0.9824360909252212, 'hidden_size': 16, 'dropout': 0.10214856524179397, 'hidden_continuous_size': 10, 'attention_head_size': 3, 'learning_rate': 0.015918521399390217}. Best is trial 14 with value: 114.08390045166016.
LOCAL_RANK: 0 - CUDA_VISIBLE_DEVICES: [0]
[I 2023-11-30 12:02:13,081] Trial 17 finished with value: 120.33902740478516 and parameters: {'gradient_clip_val': 0.9771643900376856, 'hidden_size': 24, 'dropout': 0.15748342178671743, 'hidden_continuous_size': 12, 'attention_head_size': 4, 'learning_rate': 0.042799466375271}. Best is trial 14 with value: 114.08390045166016.
LOCAL_RANK: 0 - CUDA_VISIBLE_DEVICES: [0]
[I 2023-11-30 12:02:25,481] Trial 18 finished with value: 137.75990295410156 and parameters: {'gradient_clip_val': 0.5261512697109679, 'hidden_size': 13, 'dropout': 0.10206392619868204, 'hidden_continuous_size': 10, 'attention_head_size': 3, 'learning_rate': 0.09300419945967452}. Best is trial 14 with value: 114.08390045166016.
LOCAL_RANK: 0 - CUDA_VISIBLE_DEVICES: [0]
[I 2023-11-30 12:02:37,616] Trial 19 finished with value: 147.96563720703125 and parameters: {'gradient_clip_val': 0.33811953740240647, 'hidden_size': 20, 'dropout': 0.1700648755898734, 'hidden_continuous_size': 11, 'attention_head_size': 4, 'learning_rate': 0.054896552897675255}. Best is trial 14 with value: 114.08390045166016.
LOCAL_RANK: 0 - CUDA_VISIBLE_DEVICES: [0]
[I 2023-11-30 12:02:49,844] Trial 20 finished with value: 199.84339904785156 and parameters: {'gradient_clip_val': 0.8296779593622006, 'hidden_size': 14, 'dropout': 0.13432640788019048, 'hidden_continuous_size': 10, 'attention_head_size': 3, 'learning_rate': 0.022442793544224997}. Best is trial 14 with value: 114.08390045166016.
LOCAL_RANK: 0 - CUDA_VISIBLE_DEVICES: [0]
[I 2023-11-30 12:03:00,074] Trial 21 finished with value: 130.2436981201172 and parameters: {'gradient_clip_val': 0.45554708496662255, 'hidden_size': 10, 'dropout': 0.20206772760310635, 'hidden_continuous_size': 10, 'attention_head_size': 4, 'learning_rate': 0.09493971610805702}. Best is trial 14 with value: 114.08390045166016.
LOCAL_RANK: 0 - CUDA_VISIBLE_DEVICES: [0]
[I 2023-11-30 12:03:12,074] Trial 22 finished with value: 133.85520935058594 and parameters: {'gradient_clip_val': 0.39094268354402717, 'hidden_size': 12, 'dropout': 0.23025537711737568, 'hidden_continuous_size': 10, 'attention_head_size': 4, 'learning_rate': 0.0661282426107906}. Best is trial 14 with value: 114.08390045166016.
LOCAL_RANK: 0 - CUDA_VISIBLE_DEVICES: [0]
[I 2023-11-30 12:03:22,452] Trial 23 finished with value: 202.1317596435547 and parameters: {'gradient_clip_val': 0.5308363666663527, 'hidden_size': 10, 'dropout': 0.18547741081124908, 'hidden_continuous_size': 10, 'attention_head_size': 4, 'learning_rate': 0.04756495998693677}. Best is trial 14 with value: 114.08390045166016.
LOCAL_RANK: 0 - CUDA_VISIBLE_DEVICES: [0]
[I 2023-11-30 12:03:34,534] Trial 24 finished with value: 130.4424285888672 and parameters: {'gradient_clip_val': 0.2873651329484839, 'hidden_size': 13, 'dropout': 0.14925064803966143, 'hidden_continuous_size': 10, 'attention_head_size': 3, 'learning_rate': 0.07438917622995318}. Best is trial 14 with value: 114.08390045166016.
LOCAL_RANK: 0 - CUDA_VISIBLE_DEVICES: [0]
[I 2023-11-30 12:03:46,882] Trial 25 finished with value: 168.17332458496094 and parameters: {'gradient_clip_val': 0.5173569754565553, 'hidden_size': 17, 'dropout': 0.21779625046309975, 'hidden_continuous_size': 11, 'attention_head_size': 4, 'learning_rate': 0.038754472597073736}. Best is trial 14 with value: 114.08390045166016.
LOCAL_RANK: 0 - CUDA_VISIBLE_DEVICES: [0]
[I 2023-11-30 12:03:58,654] Trial 26 finished with value: 129.9529571533203 and parameters: {'gradient_clip_val': 0.22345767742713613, 'hidden_size': 12, 'dropout': 0.18291755392446105, 'hidden_continuous_size': 10, 'attention_head_size': 2, 'learning_rate': 0.09766352546186591}. Best is trial 14 with value: 114.08390045166016.
LOCAL_RANK: 0 - CUDA_VISIBLE_DEVICES: [0]
[I 2023-11-30 12:04:08,829] Trial 27 finished with value: 141.76039123535156 and parameters: {'gradient_clip_val': 0.36412322813849446, 'hidden_size': 10, 'dropout': 0.24872008534124448, 'hidden_continuous_size': 10, 'attention_head_size': 3, 'learning_rate': 0.06730418941051543}. Best is trial 14 with value: 114.08390045166016.
LOCAL_RANK: 0 - CUDA_VISIBLE_DEVICES: [0]
[I 2023-11-30 12:04:21,227] Trial 28 finished with value: 115.83221435546875 and parameters: {'gradient_clip_val': 0.43357169669543894, 'hidden_size': 14, 'dropout': 0.1972632990028101, 'hidden_continuous_size': 11, 'attention_head_size': 4, 'learning_rate': 0.046438224129820585}. Best is trial 14 with value: 114.08390045166016.
LOCAL_RANK: 0 - CUDA_VISIBLE_DEVICES: [0]
[I 2023-11-30 12:04:33,493] Trial 29 finished with value: 178.34326171875 and parameters: {'gradient_clip_val': 0.4020658116670315, 'hidden_size': 22, 'dropout': 0.1645163957963724, 'hidden_continuous_size': 12, 'attention_head_size': 3, 'learning_rate': 0.019226744314729035}. Best is trial 14 with value: 114.08390045166016.
LOCAL_RANK: 0 - CUDA_VISIBLE_DEVICES: [0]
[I 2023-11-30 12:04:45,480] Trial 30 finished with value: 124.63565826416016 and parameters: {'gradient_clip_val': 0.7129273128698238, 'hidden_size': 16, 'dropout': 0.13959411088533977, 'hidden_continuous_size': 11, 'attention_head_size': 4, 'learning_rate': 0.032459561051978045}. Best is trial 14 with value: 114.08390045166016.
LOCAL_RANK: 0 - CUDA_VISIBLE_DEVICES: [0]
[I 2023-11-30 12:04:57,515] Trial 31 finished with value: 134.2386474609375 and parameters: {'gradient_clip_val': 0.4402442987517426, 'hidden_size': 13, 'dropout': 0.19433057146789465, 'hidden_continuous_size': 10, 'attention_head_size': 4, 'learning_rate': 0.0483529124532775}. Best is trial 14 with value: 114.08390045166016.
LOCAL_RANK: 0 - CUDA_VISIBLE_DEVICES: [0]
[I 2023-11-30 12:05:09,504] Trial 32 finished with value: 159.3271026611328 and parameters: {'gradient_clip_val': 0.4356387477043133, 'hidden_size': 12, 'dropout': 0.21087408638208557, 'hidden_continuous_size': 10, 'attention_head_size': 4, 'learning_rate': 0.06592584859876534}. Best is trial 14 with value: 114.08390045166016.
LOCAL_RANK: 0 - CUDA_VISIBLE_DEVICES: [0]
[I 2023-11-30 12:05:21,774] Trial 33 finished with value: 148.1006317138672 and parameters: {'gradient_clip_val': 0.5778102599259715, 'hidden_size': 15, 'dropout': 0.17200758494839635, 'hidden_continuous_size': 11, 'attention_head_size': 4, 'learning_rate': 0.02696853868295183}. Best is trial 14 with value: 114.08390045166016.
LOCAL_RANK: 0 - CUDA_VISIBLE_DEVICES: [0]
[I 2023-11-30 12:05:34,144] Trial 34 finished with value: 138.060546875 and parameters: {'gradient_clip_val': 0.3171069938409181, 'hidden_size': 18, 'dropout': 0.153079834769897, 'hidden_continuous_size': 11, 'attention_head_size': 3, 'learning_rate': 0.07544762504754926}. Best is trial 14 with value: 114.08390045166016.
LOCAL_RANK: 0 - CUDA_VISIBLE_DEVICES: [0]
