[I 2023-11-30 02:56:13,836] Trial 67 finished with value: 2917.951904296875 and parameters: {'gradient_clip_val': 0.12811123718099415, 'hidden_size': 58, 'dropout': 0.27416826991836696, 'hidden_continuous_size': 19, 'attention_head_size': 3, 'learning_rate': 0.01363229741089697}. Best is trial 3 with value: 2488.02587890625.
LOCAL_RANK: 0 - CUDA_VISIBLE_DEVICES: [0]
[I 2023-11-30 02:56:26,551] Trial 68 finished with value: 3818.022216796875 and parameters: {'gradient_clip_val': 0.16088974994251562, 'hidden_size': 46, 'dropout': 0.1811843633907103, 'hidden_continuous_size': 22, 'attention_head_size': 4, 'learning_rate': 0.006469438581498283}. Best is trial 3 with value: 2488.02587890625.
LOCAL_RANK: 0 - CUDA_VISIBLE_DEVICES: [0]
[I 2023-11-30 02:56:38,930] Trial 69 finished with value: 3166.165771484375 and parameters: {'gradient_clip_val': 0.21815025300674476, 'hidden_size': 36, 'dropout': 0.2297807065609198, 'hidden_continuous_size': 18, 'attention_head_size': 2, 'learning_rate': 0.007665896398651835}. Best is trial 3 with value: 2488.02587890625.
LOCAL_RANK: 0 - CUDA_VISIBLE_DEVICES: [0]
[I 2023-11-30 02:56:51,466] Trial 70 finished with value: 3305.343994140625 and parameters: {'gradient_clip_val': 0.23918330310673885, 'hidden_size': 55, 'dropout': 0.14315364475756132, 'hidden_continuous_size': 15, 'attention_head_size': 1, 'learning_rate': 0.004798275098712678}. Best is trial 3 with value: 2488.02587890625.
LOCAL_RANK: 0 - CUDA_VISIBLE_DEVICES: [0]
[I 2023-11-30 02:57:03,864] Trial 71 finished with value: 2730.7978515625 and parameters: {'gradient_clip_val': 0.10971154665755059, 'hidden_size': 41, 'dropout': 0.12511965711863274, 'hidden_continuous_size': 10, 'attention_head_size': 2, 'learning_rate': 0.011729956264389316}. Best is trial 3 with value: 2488.02587890625.
LOCAL_RANK: 0 - CUDA_VISIBLE_DEVICES: [0]
[I 2023-11-30 02:57:16,152] Trial 72 finished with value: 3348.239501953125 and parameters: {'gradient_clip_val': 0.1114961856044202, 'hidden_size': 42, 'dropout': 0.12449061868100708, 'hidden_continuous_size': 10, 'attention_head_size': 2, 'learning_rate': 0.009428226773654076}. Best is trial 3 with value: 2488.02587890625.
LOCAL_RANK: 0 - CUDA_VISIBLE_DEVICES: [0]
[I 2023-11-30 02:57:28,476] Trial 73 finished with value: 3388.827880859375 and parameters: {'gradient_clip_val': 0.14394506631835355, 'hidden_size': 39, 'dropout': 0.15352816571671704, 'hidden_continuous_size': 12, 'attention_head_size': 2, 'learning_rate': 0.011761563024599617}. Best is trial 3 with value: 2488.02587890625.
LOCAL_RANK: 0 - CUDA_VISIBLE_DEVICES: [0]
[I 2023-11-30 02:57:41,177] Trial 74 finished with value: 4977.17333984375 and parameters: {'gradient_clip_val': 0.12157112263817511, 'hidden_size': 51, 'dropout': 0.16778170782408527, 'hidden_continuous_size': 13, 'attention_head_size': 2, 'learning_rate': 0.018529587304582165}. Best is trial 3 with value: 2488.02587890625.
LOCAL_RANK: 0 - CUDA_VISIBLE_DEVICES: [0]
[I 2023-11-30 02:57:53,374] Trial 75 finished with value: 3238.287109375 and parameters: {'gradient_clip_val': 0.10741232051055657, 'hidden_size': 46, 'dropout': 0.13237106213885474, 'hidden_continuous_size': 10, 'attention_head_size': 2, 'learning_rate': 0.007394138442430996}. Best is trial 3 with value: 2488.02587890625.
LOCAL_RANK: 0 - CUDA_VISIBLE_DEVICES: [0]
[I 2023-11-30 02:58:05,585] Trial 76 finished with value: 4026.7822265625 and parameters: {'gradient_clip_val': 0.1928595807588051, 'hidden_size': 41, 'dropout': 0.12177819865581466, 'hidden_continuous_size': 11, 'attention_head_size': 2, 'learning_rate': 0.010683103065577248}. Best is trial 3 with value: 2488.02587890625.
LOCAL_RANK: 0 - CUDA_VISIBLE_DEVICES: [0]
[I 2023-11-30 02:58:17,955] Trial 77 finished with value: 3270.749755859375 and parameters: {'gradient_clip_val': 0.13265478020506682, 'hidden_size': 34, 'dropout': 0.14381166496328007, 'hidden_continuous_size': 12, 'attention_head_size': 3, 'learning_rate': 0.012917617974933534}. Best is trial 3 with value: 2488.02587890625.
LOCAL_RANK: 0 - CUDA_VISIBLE_DEVICES: [0]
[I 2023-11-30 02:58:30,584] Trial 78 finished with value: 3902.501708984375 and parameters: {'gradient_clip_val': 0.10666357978236568, 'hidden_size': 53, 'dropout': 0.19555474315168947, 'hidden_continuous_size': 14, 'attention_head_size': 2, 'learning_rate': 0.008318484428279508}. Best is trial 3 with value: 2488.02587890625.
LOCAL_RANK: 0 - CUDA_VISIBLE_DEVICES: [0]
[I 2023-11-30 02:58:43,108] Trial 79 finished with value: 4103.36572265625 and parameters: {'gradient_clip_val': 0.20445351449330837, 'hidden_size': 45, 'dropout': 0.1713254407747537, 'hidden_continuous_size': 13, 'attention_head_size': 2, 'learning_rate': 0.015311972360232169}. Best is trial 3 with value: 2488.02587890625.
LOCAL_RANK: 0 - CUDA_VISIBLE_DEVICES: [0]
[I 2023-11-30 02:58:55,814] Trial 80 finished with value: 3066.708251953125 and parameters: {'gradient_clip_val': 0.11510864803540748, 'hidden_size': 48, 'dropout': 0.1847028069439337, 'hidden_continuous_size': 33, 'attention_head_size': 2, 'learning_rate': 0.013552280966789168}. Best is trial 3 with value: 2488.02587890625.
LOCAL_RANK: 0 - CUDA_VISIBLE_DEVICES: [0]
[I 2023-11-30 02:59:08,199] Trial 81 finished with value: 3121.61328125 and parameters: {'gradient_clip_val': 0.12357617467595908, 'hidden_size': 43, 'dropout': 0.1346829805409211, 'hidden_continuous_size': 10, 'attention_head_size': 2, 'learning_rate': 0.010050422240633397}. Best is trial 3 with value: 2488.02587890625.
LOCAL_RANK: 0 - CUDA_VISIBLE_DEVICES: [0]
[I 2023-11-30 02:59:20,382] Trial 82 finished with value: 3921.247314453125 and parameters: {'gradient_clip_val': 0.11238729184453299, 'hidden_size': 37, 'dropout': 0.11619838947136316, 'hidden_continuous_size': 10, 'attention_head_size': 2, 'learning_rate': 0.011924411303324823}. Best is trial 3 with value: 2488.02587890625.
LOCAL_RANK: 0 - CUDA_VISIBLE_DEVICES: [0]
[I 2023-11-30 02:59:32,479] Trial 83 finished with value: 3905.956298828125 and parameters: {'gradient_clip_val': 0.1421299690866921, 'hidden_size': 40, 'dropout': 0.1277426269489801, 'hidden_continuous_size': 11, 'attention_head_size': 2, 'learning_rate': 0.016495149205568323}. Best is trial 3 with value: 2488.02587890625.
LOCAL_RANK: 0 - CUDA_VISIBLE_DEVICES: [0]
[I 2023-11-30 02:59:45,146] Trial 84 finished with value: 3631.536376953125 and parameters: {'gradient_clip_val': 0.10461946858259792, 'hidden_size': 59, 'dropout': 0.15922943573973483, 'hidden_continuous_size': 10, 'attention_head_size': 2, 'learning_rate': 0.006911384574166138}. Best is trial 3 with value: 2488.02587890625.
LOCAL_RANK: 0 - CUDA_VISIBLE_DEVICES: [0]
[I 2023-11-30 02:59:57,534] Trial 85 finished with value: 3636.776123046875 and parameters: {'gradient_clip_val': 0.11608302515612369, 'hidden_size': 46, 'dropout': 0.1532729204666035, 'hidden_continuous_size': 11, 'attention_head_size': 2, 'learning_rate': 0.010880348350009792}. Best is trial 3 with value: 2488.02587890625.
LOCAL_RANK: 0 - CUDA_VISIBLE_DEVICES: [0]
[I 2023-11-30 03:00:10,053] Trial 86 finished with value: 3343.6591796875 and parameters: {'gradient_clip_val': 0.10518193499427839, 'hidden_size': 53, 'dropout': 0.11272587941050485, 'hidden_continuous_size': 12, 'attention_head_size': 3, 'learning_rate': 0.009133450446788741}. Best is trial 3 with value: 2488.02587890625.
LOCAL_RANK: 0 - CUDA_VISIBLE_DEVICES: [0]
[I 2023-11-30 03:00:22,085] Trial 87 finished with value: 2710.158935546875 and parameters: {'gradient_clip_val': 0.18409302376663242, 'hidden_size': 31, 'dropout': 0.13940924245385014, 'hidden_continuous_size': 10, 'attention_head_size': 2, 'learning_rate': 0.014353562593929167}. Best is trial 3 with value: 2488.02587890625.
LOCAL_RANK: 0 - CUDA_VISIBLE_DEVICES: [0]
[I 2023-11-30 03:00:33,941] Trial 88 finished with value: 3083.649169921875 and parameters: {'gradient_clip_val': 0.17768017422380858, 'hidden_size': 31, 'dropout': 0.17554862854819117, 'hidden_continuous_size': 11, 'attention_head_size': 1, 'learning_rate': 0.01959091556360001}. Best is trial 3 with value: 2488.02587890625.
LOCAL_RANK: 0 - CUDA_VISIBLE_DEVICES: [0]
[I 2023-11-30 03:00:46,038] Trial 89 finished with value: 2934.6806640625 and parameters: {'gradient_clip_val': 0.1864147307248177, 'hidden_size': 29, 'dropout': 0.3283573441041021, 'hidden_continuous_size': 10, 'attention_head_size': 2, 'learning_rate': 0.014572177650509282}. Best is trial 3 with value: 2488.02587890625.
LOCAL_RANK: 0 - CUDA_VISIBLE_DEVICES: [0]
[I 2023-11-30 03:00:58,383] Trial 90 finished with value: 4225.70751953125 and parameters: {'gradient_clip_val': 0.1637449195427595, 'hidden_size': 33, 'dropout': 0.1381886716782322, 'hidden_continuous_size': 19, 'attention_head_size': 2, 'learning_rate': 0.016740018068692446}. Best is trial 3 with value: 2488.02587890625.
LOCAL_RANK: 0 - CUDA_VISIBLE_DEVICES: [0]
[I 2023-11-30 03:01:10,598] Trial 91 finished with value: 3621.12890625 and parameters: {'gradient_clip_val': 0.2165034790644031, 'hidden_size': 35, 'dropout': 0.14573585731953267, 'hidden_continuous_size': 10, 'attention_head_size': 2, 'learning_rate': 0.01180234453386851}. Best is trial 3 with value: 2488.02587890625.
LOCAL_RANK: 0 - CUDA_VISIBLE_DEVICES: [0]
[I 2023-11-30 03:01:22,902] Trial 92 finished with value: 3725.103515625 and parameters: {'gradient_clip_val': 0.12559794997828794, 'hidden_size': 44, 'dropout': 0.12743869907429506, 'hidden_continuous_size': 12, 'attention_head_size': 2, 'learning_rate': 0.01257649694605341}. Best is trial 3 with value: 2488.02587890625.
LOCAL_RANK: 0 - CUDA_VISIBLE_DEVICES: [0]
[I 2023-11-30 03:01:35,234] Trial 93 finished with value: 2923.154296875 and parameters: {'gradient_clip_val': 0.1116634226740034, 'hidden_size': 39, 'dropout': 0.1387726664424075, 'hidden_continuous_size': 11, 'attention_head_size': 2, 'learning_rate': 0.008198472316259777}. Best is trial 3 with value: 2488.02587890625.
LOCAL_RANK: 0 - CUDA_VISIBLE_DEVICES: [0]
[I 2023-11-30 03:01:47,871] Trial 94 finished with value: 2929.765380859375 and parameters: {'gradient_clip_val': 0.19653693675376016, 'hidden_size': 50, 'dropout': 0.1640857701660221, 'hidden_continuous_size': 13, 'attention_head_size': 2, 'learning_rate': 0.009392141758211809}. Best is trial 3 with value: 2488.02587890625.
LOCAL_RANK: 0 - CUDA_VISIBLE_DEVICES: [0]
[I 2023-11-30 03:01:59,883] Trial 95 finished with value: 3790.018310546875 and parameters: {'gradient_clip_val': 0.10018675319786804, 'hidden_size': 36, 'dropout': 0.1562351913547466, 'hidden_continuous_size': 10, 'attention_head_size': 2, 'learning_rate': 0.014188581534591318}. Best is trial 3 with value: 2488.02587890625.
LOCAL_RANK: 0 - CUDA_VISIBLE_DEVICES: [0]
[I 2023-11-30 03:02:12,288] Trial 96 finished with value: 2927.864013671875 and parameters: {'gradient_clip_val': 0.13220354409529872, 'hidden_size': 41, 'dropout': 0.14826995502674542, 'hidden_continuous_size': 11, 'attention_head_size': 3, 'learning_rate': 0.011105520161751673}. Best is trial 3 with value: 2488.02587890625.
LOCAL_RANK: 0 - CUDA_VISIBLE_DEVICES: [0]
[I 2023-11-30 03:02:24,712] Trial 97 finished with value: 3428.928466796875 and parameters: {'gradient_clip_val': 0.11880896681557257, 'hidden_size': 48, 'dropout': 0.13067909941162995, 'hidden_continuous_size': 14, 'attention_head_size': 2, 'learning_rate': 0.015802536702834737}. Best is trial 3 with value: 2488.02587890625.
LOCAL_RANK: 0 - CUDA_VISIBLE_DEVICES: [0]
[I 2023-11-30 03:02:37,273] Trial 98 finished with value: 3669.069580078125 and parameters: {'gradient_clip_val': 0.18101641645830652, 'hidden_size': 56, 'dropout': 0.1648054079952277, 'hidden_continuous_size': 15, 'attention_head_size': 2, 'learning_rate': 0.017785765533598973}. Best is trial 3 with value: 2488.02587890625.
LOCAL_RANK: 0 - CUDA_VISIBLE_DEVICES: [0]
[I 2023-11-30 03:02:49,618] Trial 99 finished with value: 3046.649658203125 and parameters: {'gradient_clip_val': 0.14581843796046845, 'hidden_size': 44, 'dropout': 0.17100947555928697, 'hidden_continuous_size': 20, 'attention_head_size': 1, 'learning_rate': 0.012828437363248141}. Best is trial 3 with value: 2488.02587890625.
LOCAL_RANK: 0 - CUDA_VISIBLE_DEVICES: [0]
[I 2023-11-30 03:03:01,930] Trial 100 finished with value: 2963.776611328125 and parameters: {'gradient_clip_val': 0.1545284254116304, 'hidden_size': 38, 'dropout': 0.1557434191108579, 'hidden_continuous_size': 12, 'attention_head_size': 2, 'learning_rate': 0.009956181311770665}. Best is trial 3 with value: 2488.02587890625.
LOCAL_RANK: 0 - CUDA_VISIBLE_DEVICES: [0]
[I 2023-11-30 03:03:14,257] Trial 101 finished with value: 3445.897216796875 and parameters: {'gradient_clip_val': 0.20417657395857097, 'hidden_size': 42, 'dropout': 0.12150219598867591, 'hidden_continuous_size': 11, 'attention_head_size': 2, 'learning_rate': 0.007281231408492042}. Best is trial 3 with value: 2488.02587890625.
LOCAL_RANK: 0 - CUDA_VISIBLE_DEVICES: [0]
[I 2023-11-30 03:03:26,672] Trial 102 finished with value: 3598.009765625 and parameters: {'gradient_clip_val': 0.2380001193417941, 'hidden_size': 49, 'dropout': 0.14205762796545784, 'hidden_continuous_size': 10, 'attention_head_size': 2, 'learning_rate': 0.008186179766461526}. Best is trial 3 with value: 2488.02587890625.
LOCAL_RANK: 0 - CUDA_VISIBLE_DEVICES: [0]
[I 2023-11-30 03:03:39,019] Trial 103 finished with value: 4130.79345703125 and parameters: {'gradient_clip_val': 0.23254731168709455, 'hidden_size': 34, 'dropout': 0.10584825224479544, 'hidden_continuous_size': 17, 'attention_head_size': 2, 'learning_rate': 0.005191818902836233}. Best is trial 3 with value: 2488.02587890625.
LOCAL_RANK: 0 - CUDA_VISIBLE_DEVICES: [0]
[I 2023-11-30 03:03:51,449] Trial 104 finished with value: 3326.5625 and parameters: {'gradient_clip_val': 0.2199430146017833, 'hidden_size': 37, 'dropout': 0.12238991412461392, 'hidden_continuous_size': 10, 'attention_head_size': 2, 'learning_rate': 0.008808977994125175}. Best is trial 3 with value: 2488.02587890625.
LOCAL_RANK: 0 - CUDA_VISIBLE_DEVICES: [0]
[I 2023-11-30 03:04:03,982] Trial 105 finished with value: 3178.4775390625 and parameters: {'gradient_clip_val': 0.20998895996899258, 'hidden_size': 41, 'dropout': 0.1487194724523257, 'hidden_continuous_size': 18, 'attention_head_size': 4, 'learning_rate': 0.005905142556889355}. Best is trial 3 with value: 2488.02587890625.
LOCAL_RANK: 0 - CUDA_VISIBLE_DEVICES: [0]
[I 2023-11-30 03:04:16,414] Trial 106 finished with value: 4147.84130859375 and parameters: {'gradient_clip_val': 0.18354857600168947, 'hidden_size': 45, 'dropout': 0.1332136183791685, 'hidden_continuous_size': 12, 'attention_head_size': 2, 'learning_rate': 0.006808349200773783}. Best is trial 3 with value: 2488.02587890625.
LOCAL_RANK: 0 - CUDA_VISIBLE_DEVICES: [0]
[I 2023-11-30 03:04:28,224] Trial 107 finished with value: 2757.592529296875 and parameters: {'gradient_clip_val': 0.16718026387772905, 'hidden_size': 32, 'dropout': 0.1805601755060364, 'hidden_continuous_size': 11, 'attention_head_size': 2, 'learning_rate': 0.011145891359926498}. Best is trial 3 with value: 2488.02587890625.
LOCAL_RANK: 0 - CUDA_VISIBLE_DEVICES: [0]
[I 2023-11-30 03:04:40,325] Trial 108 finished with value: 4284.06884765625 and parameters: {'gradient_clip_val': 0.17212702549299264, 'hidden_size': 31, 'dropout': 0.19045994655375573, 'hidden_continuous_size': 11, 'attention_head_size': 2, 'learning_rate': 0.014046787715183221}. Best is trial 3 with value: 2488.02587890625.
LOCAL_RANK: 0 - CUDA_VISIBLE_DEVICES: [0]
[I 2023-11-30 03:04:52,470] Trial 109 finished with value: 3030.874755859375 and parameters: {'gradient_clip_val': 0.13802522764746963, 'hidden_size': 27, 'dropout': 0.18075135385187838, 'hidden_continuous_size': 10, 'attention_head_size': 2, 'learning_rate': 0.011121079280239528}. Best is trial 3 with value: 2488.02587890625.
LOCAL_RANK: 0 - CUDA_VISIBLE_DEVICES: [0]
[I 2023-11-30 03:05:04,656] Trial 110 finished with value: 3446.1708984375 and parameters: {'gradient_clip_val': 0.16982294519162724, 'hidden_size': 32, 'dropout': 0.1742235703591635, 'hidden_continuous_size': 19, 'attention_head_size': 3, 'learning_rate': 0.01242055987972684}. Best is trial 3 with value: 2488.02587890625.
LOCAL_RANK: 0 - CUDA_VISIBLE_DEVICES: [0]
[I 2023-11-30 03:05:16,791] Trial 111 finished with value: 3632.657470703125 and parameters: {'gradient_clip_val': 0.19548008075244552, 'hidden_size': 40, 'dropout': 0.18644692418311098, 'hidden_continuous_size': 12, 'attention_head_size': 2, 'learning_rate': 0.009722203663115226}. Best is trial 3 with value: 2488.02587890625.
LOCAL_RANK: 0 - CUDA_VISIBLE_DEVICES: [0]
[I 2023-11-30 03:05:29,316] Trial 112 finished with value: 2777.342041015625 and parameters: {'gradient_clip_val': 0.10824840884620962, 'hidden_size': 53, 'dropout': 0.16211756090450485, 'hidden_continuous_size': 13, 'attention_head_size': 2, 'learning_rate': 0.00751726744271532}. Best is trial 3 with value: 2488.02587890625.
LOCAL_RANK: 0 - CUDA_VISIBLE_DEVICES: [0]
[I 2023-11-30 03:05:41,809] Trial 113 finished with value: 3030.7978515625 and parameters: {'gradient_clip_val': 0.15599195884127864, 'hidden_size': 43, 'dropout': 0.13922138070772064, 'hidden_continuous_size': 21, 'attention_head_size': 2, 'learning_rate': 0.014931469963494308}. Best is trial 3 with value: 2488.02587890625.
LOCAL_RANK: 0 - CUDA_VISIBLE_DEVICES: [0]
[I 2023-11-30 03:05:54,282] Trial 114 finished with value: 3099.098388671875 and parameters: {'gradient_clip_val': 0.12393075115850188, 'hidden_size': 35, 'dropout': 0.11495631718470754, 'hidden_continuous_size': 11, 'attention_head_size': 2, 'learning_rate': 0.010447443526821835}. Best is trial 3 with value: 2488.02587890625.
LOCAL_RANK: 0 - CUDA_VISIBLE_DEVICES: [0]
[I 2023-11-30 03:06:06,693] Trial 115 finished with value: 2872.543701171875 and parameters: {'gradient_clip_val': 0.22748193692880708, 'hidden_size': 46, 'dropout': 0.21224244471499915, 'hidden_continuous_size': 11, 'attention_head_size': 2, 'learning_rate': 0.006263072082931038}. Best is trial 3 with value: 2488.02587890625.
LOCAL_RANK: 0 - CUDA_VISIBLE_DEVICES: [0]
[I 2023-11-30 03:06:19,089] Trial 116 finished with value: 2739.861328125 and parameters: {'gradient_clip_val': 0.11536314086035013, 'hidden_size': 38, 'dropout': 0.15491652947679446, 'hidden_continuous_size': 16, 'attention_head_size': 2, 'learning_rate': 0.0132459218847196}. Best is trial 3 with value: 2488.02587890625.
LOCAL_RANK: 0 - CUDA_VISIBLE_DEVICES: [0]
[I 2023-11-30 03:06:31,380] Trial 117 finished with value: 2619.802490234375 and parameters: {'gradient_clip_val': 0.11701411963275556, 'hidden_size': 38, 'dropout': 0.15487126201669188, 'hidden_continuous_size': 17, 'attention_head_size': 2, 'learning_rate': 0.01303319455774863}. Best is trial 3 with value: 2488.02587890625.
LOCAL_RANK: 0 - CUDA_VISIBLE_DEVICES: [0]
[I 2023-11-30 03:06:43,548] Trial 118 finished with value: 2762.093994140625 and parameters: {'gradient_clip_val': 0.11929854628185012, 'hidden_size': 29, 'dropout': 0.16786365027862915, 'hidden_continuous_size': 16, 'attention_head_size': 2, 'learning_rate': 0.013366918293744225}. Best is trial 3 with value: 2488.02587890625.
LOCAL_RANK: 0 - CUDA_VISIBLE_DEVICES: [0]
[I 2023-11-30 03:06:55,946] Trial 119 finished with value: 2791.034912109375 and parameters: {'gradient_clip_val': 0.11340646585419586, 'hidden_size': 38, 'dropout': 0.15491079477957553, 'hidden_continuous_size': 18, 'attention_head_size': 2, 'learning_rate': 0.0159971512149026}. Best is trial 3 with value: 2488.02587890625.
LOCAL_RANK: 0 - CUDA_VISIBLE_DEVICES: [0]
[I 2023-11-30 03:07:08,232] Trial 120 finished with value: 3720.439453125 and parameters: {'gradient_clip_val': 0.14815317068648362, 'hidden_size': 36, 'dropout': 0.1781935163037955, 'hidden_continuous_size': 20, 'attention_head_size': 2, 'learning_rate': 0.011510617201932062}. Best is trial 3 with value: 2488.02587890625.
LOCAL_RANK: 0 - CUDA_VISIBLE_DEVICES: [0]
[I 2023-11-30 03:07:20,629] Trial 121 finished with value: 2717.253173828125 and parameters: {'gradient_clip_val': 0.12914031809420712, 'hidden_size': 33, 'dropout': 0.14782640207985656, 'hidden_continuous_size': 17, 'attention_head_size': 2, 'learning_rate': 0.017896076604625968}. Best is trial 3 with value: 2488.02587890625.
LOCAL_RANK: 0 - CUDA_VISIBLE_DEVICES: [0]
[I 2023-11-30 03:07:32,918] Trial 122 finished with value: 2934.975341796875 and parameters: {'gradient_clip_val': 0.13094007485245102, 'hidden_size': 34, 'dropout': 0.1589979429291946, 'hidden_continuous_size': 17, 'attention_head_size': 2, 'learning_rate': 0.018677117771694826}. Best is trial 3 with value: 2488.02587890625.
LOCAL_RANK: 0 - CUDA_VISIBLE_DEVICES: [0]
[I 2023-11-30 03:07:45,247] Trial 123 finished with value: 3315.876953125 and parameters: {'gradient_clip_val': 0.10438923523661947, 'hidden_size': 39, 'dropout': 0.14731447002917367, 'hidden_continuous_size': 16, 'attention_head_size': 2, 'learning_rate': 0.021640218867847505}. Best is trial 3 with value: 2488.02587890625.
LOCAL_RANK: 0 - CUDA_VISIBLE_DEVICES: [0]
[I 2023-11-30 03:07:57,340] Trial 124 finished with value: 2849.529052734375 and parameters: {'gradient_clip_val': 0.12594287425920384, 'hidden_size': 32, 'dropout': 0.19745110104138028, 'hidden_continuous_size': 17, 'attention_head_size': 2, 'learning_rate': 0.01643790423175755}. Best is trial 3 with value: 2488.02587890625.
LOCAL_RANK: 0 - CUDA_VISIBLE_DEVICES: [0]
[I 2023-11-30 03:08:09,360] Trial 125 finished with value: 2949.3544921875 and parameters: {'gradient_clip_val': 0.16242282477345782, 'hidden_size': 26, 'dropout': 0.16997646345435852, 'hidden_continuous_size': 16, 'attention_head_size': 2, 'learning_rate': 0.013131680994067347}. Best is trial 3 with value: 2488.02587890625.
LOCAL_RANK: 0 - CUDA_VISIBLE_DEVICES: [0]
