[I 2023-11-30 11:04:33,566] Trial 93 finished with value: 157.19068908691406 and parameters: {'gradient_clip_val': 0.46478885461785346, 'hidden_size': 110, 'dropout': 0.3652329557832301, 'hidden_continuous_size': 89, 'attention_head_size': 4, 'learning_rate': 0.006531903197846243}. Best is trial 76 with value: 125.41485595703125.
LOCAL_RANK: 0 - CUDA_VISIBLE_DEVICES: [0]
[I 2023-11-30 11:04:48,448] Trial 94 finished with value: 152.11619567871094 and parameters: {'gradient_clip_val': 0.5070335258241321, 'hidden_size': 145, 'dropout': 0.39379228828490903, 'hidden_continuous_size': 122, 'attention_head_size': 4, 'learning_rate': 0.005763149079732898}. Best is trial 76 with value: 125.41485595703125.
LOCAL_RANK: 0 - CUDA_VISIBLE_DEVICES: [0]
[I 2023-11-30 11:05:02,669] Trial 95 finished with value: 137.0867156982422 and parameters: {'gradient_clip_val': 0.5368660404121602, 'hidden_size': 132, 'dropout': 0.37812887103869014, 'hidden_continuous_size': 95, 'attention_head_size': 4, 'learning_rate': 0.005306467614582287}. Best is trial 76 with value: 125.41485595703125.
LOCAL_RANK: 0 - CUDA_VISIBLE_DEVICES: [0]
[I 2023-11-30 11:05:17,129] Trial 96 finished with value: 138.9535369873047 and parameters: {'gradient_clip_val': 0.545956373633522, 'hidden_size': 131, 'dropout': 0.3773251238719585, 'hidden_continuous_size': 67, 'attention_head_size': 4, 'learning_rate': 0.007423557564082494}. Best is trial 76 with value: 125.41485595703125.
LOCAL_RANK: 0 - CUDA_VISIBLE_DEVICES: [0]
[I 2023-11-30 11:05:31,364] Trial 97 finished with value: 155.8234100341797 and parameters: {'gradient_clip_val': 0.5470230007458242, 'hidden_size': 130, 'dropout': 0.37716959186577437, 'hidden_continuous_size': 69, 'attention_head_size': 4, 'learning_rate': 0.007176939350874895}. Best is trial 76 with value: 125.41485595703125.
LOCAL_RANK: 0 - CUDA_VISIBLE_DEVICES: [0]
[I 2023-11-30 11:05:45,855] Trial 98 finished with value: 157.25953674316406 and parameters: {'gradient_clip_val': 0.4340568984684073, 'hidden_size': 143, 'dropout': 0.3866931811530516, 'hidden_continuous_size': 88, 'attention_head_size': 4, 'learning_rate': 0.004181969589144445}. Best is trial 76 with value: 125.41485595703125.
LOCAL_RANK: 0 - CUDA_VISIBLE_DEVICES: [0]
[I 2023-11-30 11:06:00,222] Trial 99 finished with value: 152.90554809570312 and parameters: {'gradient_clip_val': 0.4801589762207363, 'hidden_size': 135, 'dropout': 0.39339462745623877, 'hidden_continuous_size': 61, 'attention_head_size': 4, 'learning_rate': 0.00525864130571984}. Best is trial 76 with value: 125.41485595703125.
LOCAL_RANK: 0 - CUDA_VISIBLE_DEVICES: [0]
[I 2023-11-30 11:06:14,416] Trial 100 finished with value: 163.69740295410156 and parameters: {'gradient_clip_val': 0.5219626352117016, 'hidden_size': 120, 'dropout': 0.38213695255510727, 'hidden_continuous_size': 106, 'attention_head_size': 4, 'learning_rate': 0.006130380679149367}. Best is trial 76 with value: 125.41485595703125.
LOCAL_RANK: 0 - CUDA_VISIBLE_DEVICES: [0]
[I 2023-11-30 11:06:28,479] Trial 101 finished with value: 163.39097595214844 and parameters: {'gradient_clip_val': 0.5868651101998941, 'hidden_size': 103, 'dropout': 0.373718648167789, 'hidden_continuous_size': 83, 'attention_head_size': 4, 'learning_rate': 0.010656995184764491}. Best is trial 76 with value: 125.41485595703125.
LOCAL_RANK: 0 - CUDA_VISIBLE_DEVICES: [0]
[I 2023-11-30 11:06:42,700] Trial 102 finished with value: 163.9938507080078 and parameters: {'gradient_clip_val': 0.5554032544525731, 'hidden_size': 130, 'dropout': 0.3598788877454875, 'hidden_continuous_size': 95, 'attention_head_size': 4, 'learning_rate': 0.009035508118312587}. Best is trial 76 with value: 125.41485595703125.
LOCAL_RANK: 0 - CUDA_VISIBLE_DEVICES: [0]
[I 2023-11-30 11:06:56,728] Trial 103 finished with value: 162.5135955810547 and parameters: {'gradient_clip_val': 0.6125860613347891, 'hidden_size': 124, 'dropout': 0.2409813538436341, 'hidden_continuous_size': 73, 'attention_head_size': 4, 'learning_rate': 0.010254850899694887}. Best is trial 76 with value: 125.41485595703125.
LOCAL_RANK: 0 - CUDA_VISIBLE_DEVICES: [0]
[I 2023-11-30 11:07:11,055] Trial 104 finished with value: 154.426025390625 and parameters: {'gradient_clip_val': 0.631146317804427, 'hidden_size': 144, 'dropout': 0.3948227011946507, 'hidden_continuous_size': 67, 'attention_head_size': 3, 'learning_rate': 0.00774618847897968}. Best is trial 76 with value: 125.41485595703125.
LOCAL_RANK: 0 - CUDA_VISIBLE_DEVICES: [0]
[I 2023-11-30 11:07:24,958] Trial 105 finished with value: 153.73731994628906 and parameters: {'gradient_clip_val': 0.705667873938588, 'hidden_size': 116, 'dropout': 0.38711270402289805, 'hidden_continuous_size': 78, 'attention_head_size': 2, 'learning_rate': 0.012673934397990807}. Best is trial 76 with value: 125.41485595703125.
LOCAL_RANK: 0 - CUDA_VISIBLE_DEVICES: [0]
[I 2023-11-30 11:07:39,034] Trial 106 finished with value: 162.5948028564453 and parameters: {'gradient_clip_val': 0.448961900162605, 'hidden_size': 106, 'dropout': 0.3803700438704496, 'hidden_continuous_size': 92, 'attention_head_size': 3, 'learning_rate': 0.006372562460331966}. Best is trial 76 with value: 125.41485595703125.
LOCAL_RANK: 0 - CUDA_VISIBLE_DEVICES: [0]
[I 2023-11-30 11:07:52,670] Trial 107 finished with value: 158.38902282714844 and parameters: {'gradient_clip_val': 0.5756484149008643, 'hidden_size': 96, 'dropout': 0.37381328077813986, 'hidden_continuous_size': 88, 'attention_head_size': 1, 'learning_rate': 0.008581011200768658}. Best is trial 76 with value: 125.41485595703125.
LOCAL_RANK: 0 - CUDA_VISIBLE_DEVICES: [0]
[I 2023-11-30 11:08:06,641] Trial 108 finished with value: 141.15162658691406 and parameters: {'gradient_clip_val': 0.4824908813166095, 'hidden_size': 87, 'dropout': 0.34897914467602786, 'hidden_continuous_size': 81, 'attention_head_size': 4, 'learning_rate': 0.003837480659940862}. Best is trial 76 with value: 125.41485595703125.
LOCAL_RANK: 0 - CUDA_VISIBLE_DEVICES: [0]
[I 2023-11-30 11:08:20,689] Trial 109 finished with value: 144.15200805664062 and parameters: {'gradient_clip_val': 0.46692701675965265, 'hidden_size': 88, 'dropout': 0.3462927937636067, 'hidden_continuous_size': 81, 'attention_head_size': 4, 'learning_rate': 0.003950675317487821}. Best is trial 76 with value: 125.41485595703125.
LOCAL_RANK: 0 - CUDA_VISIBLE_DEVICES: [0]
[I 2023-11-30 11:08:35,346] Trial 110 finished with value: 161.3051300048828 and parameters: {'gradient_clip_val': 0.4113447801094276, 'hidden_size': 150, 'dropout': 0.3693365257250871, 'hidden_continuous_size': 112, 'attention_head_size': 4, 'learning_rate': 0.005367778329699515}. Best is trial 76 with value: 125.41485595703125.
LOCAL_RANK: 0 - CUDA_VISIBLE_DEVICES: [0]
[I 2023-11-30 11:08:49,565] Trial 111 finished with value: 146.31793212890625 and parameters: {'gradient_clip_val': 0.5391250681590479, 'hidden_size': 109, 'dropout': 0.3562149405508365, 'hidden_continuous_size': 96, 'attention_head_size': 4, 'learning_rate': 0.005095259277744204}. Best is trial 76 with value: 125.41485595703125.
LOCAL_RANK: 0 - CUDA_VISIBLE_DEVICES: [0]
[I 2023-11-30 11:09:03,591] Trial 112 finished with value: 171.1210479736328 and parameters: {'gradient_clip_val': 0.4962888630928977, 'hidden_size': 101, 'dropout': 0.39954888696273283, 'hidden_continuous_size': 90, 'attention_head_size': 4, 'learning_rate': 0.00686490738673525}. Best is trial 76 with value: 125.41485595703125.
LOCAL_RANK: 0 - CUDA_VISIBLE_DEVICES: [0]
[I 2023-11-30 11:09:17,544] Trial 113 finished with value: 165.354736328125 and parameters: {'gradient_clip_val': 0.5305185672961956, 'hidden_size': 81, 'dropout': 0.3876584975770115, 'hidden_continuous_size': 76, 'attention_head_size': 4, 'learning_rate': 0.005801961535546162}. Best is trial 76 with value: 125.41485595703125.
LOCAL_RANK: 0 - CUDA_VISIBLE_DEVICES: [0]
[I 2023-11-30 11:09:31,863] Trial 114 finished with value: 143.77476501464844 and parameters: {'gradient_clip_val': 0.5901217337997609, 'hidden_size': 117, 'dropout': 0.36111314713438125, 'hidden_continuous_size': 71, 'attention_head_size': 4, 'learning_rate': 0.004406290552737042}. Best is trial 76 with value: 125.41485595703125.
LOCAL_RANK: 0 - CUDA_VISIBLE_DEVICES: [0]
[I 2023-11-30 11:09:46,220] Trial 115 finished with value: 158.78091430664062 and parameters: {'gradient_clip_val': 0.43329243995545325, 'hidden_size': 131, 'dropout': 0.3782482465689632, 'hidden_continuous_size': 106, 'attention_head_size': 3, 'learning_rate': 0.007775474215592359}. Best is trial 76 with value: 125.41485595703125.
LOCAL_RANK: 0 - CUDA_VISIBLE_DEVICES: [0]
[I 2023-11-30 11:10:00,128] Trial 116 finished with value: 162.3035125732422 and parameters: {'gradient_clip_val': 0.4883960992886507, 'hidden_size': 92, 'dropout': 0.2737605394506384, 'hidden_continuous_size': 86, 'attention_head_size': 4, 'learning_rate': 0.0033054872984824464}. Best is trial 76 with value: 125.41485595703125.
LOCAL_RANK: 0 - CUDA_VISIBLE_DEVICES: [0]
[I 2023-11-30 11:10:14,078] Trial 117 finished with value: 154.39366149902344 and parameters: {'gradient_clip_val': 0.5152795489935428, 'hidden_size': 124, 'dropout': 0.3517688674486263, 'hidden_continuous_size': 79, 'attention_head_size': 1, 'learning_rate': 0.0035689322316740193}. Best is trial 76 with value: 125.41485595703125.
LOCAL_RANK: 0 - CUDA_VISIBLE_DEVICES: [0]
[I 2023-11-30 11:10:27,969] Trial 118 finished with value: 187.963623046875 and parameters: {'gradient_clip_val': 0.6365550628707577, 'hidden_size': 140, 'dropout': 0.3652552374821603, 'hidden_continuous_size': 58, 'attention_head_size': 2, 'learning_rate': 0.01733187393379063}. Best is trial 76 with value: 125.41485595703125.
LOCAL_RANK: 0 - CUDA_VISIBLE_DEVICES: [0]
[I 2023-11-30 11:10:42,026] Trial 119 finished with value: 171.0213165283203 and parameters: {'gradient_clip_val': 0.39398209932904205, 'hidden_size': 88, 'dropout': 0.39267161658435745, 'hidden_continuous_size': 83, 'attention_head_size': 4, 'learning_rate': 0.015154400755269026}. Best is trial 76 with value: 125.41485595703125.
LOCAL_RANK: 0 - CUDA_VISIBLE_DEVICES: [0]
[I 2023-11-30 11:10:56,112] Trial 120 finished with value: 144.89642333984375 and parameters: {'gradient_clip_val': 0.7520197596929368, 'hidden_size': 102, 'dropout': 0.3847410201263418, 'hidden_continuous_size': 95, 'attention_head_size': 3, 'learning_rate': 0.019741427554276707}. Best is trial 76 with value: 125.41485595703125.
LOCAL_RANK: 0 - CUDA_VISIBLE_DEVICES: [0]
[I 2023-11-30 11:11:10,241] Trial 121 finished with value: 139.4309539794922 and parameters: {'gradient_clip_val': 0.5007416104733706, 'hidden_size': 111, 'dropout': 0.36985857177778736, 'hidden_continuous_size': 99, 'attention_head_size': 4, 'learning_rate': 0.004779597431286329}. Best is trial 76 with value: 125.41485595703125.
LOCAL_RANK: 0 - CUDA_VISIBLE_DEVICES: [0]
[I 2023-11-30 11:11:24,170] Trial 122 finished with value: 150.6850128173828 and parameters: {'gradient_clip_val': 0.45995514422211664, 'hidden_size': 96, 'dropout': 0.3370028943342047, 'hidden_continuous_size': 85, 'attention_head_size': 4, 'learning_rate': 0.004586085922605566}. Best is trial 76 with value: 125.41485595703125.
LOCAL_RANK: 0 - CUDA_VISIBLE_DEVICES: [0]
[I 2023-11-30 11:11:38,316] Trial 123 finished with value: 140.72698974609375 and parameters: {'gradient_clip_val': 0.5460193432302656, 'hidden_size': 116, 'dropout': 0.37486733652431414, 'hidden_continuous_size': 101, 'attention_head_size': 4, 'learning_rate': 0.004968797951495854}. Best is trial 76 with value: 125.41485595703125.
LOCAL_RANK: 0 - CUDA_VISIBLE_DEVICES: [0]
[I 2023-11-30 11:11:52,705] Trial 124 finished with value: 159.06321716308594 and parameters: {'gradient_clip_val': 0.48357554137193354, 'hidden_size': 115, 'dropout': 0.37086610357852284, 'hidden_continuous_size': 101, 'attention_head_size': 4, 'learning_rate': 0.0049407551567300645}. Best is trial 76 with value: 125.41485595703125.
LOCAL_RANK: 0 - CUDA_VISIBLE_DEVICES: [0]
[I 2023-11-30 11:12:07,140] Trial 125 finished with value: 156.16012573242188 and parameters: {'gradient_clip_val': 0.5541550017075726, 'hidden_size': 134, 'dropout': 0.3782049813278369, 'hidden_continuous_size': 116, 'attention_head_size': 4, 'learning_rate': 0.005694746771915957}. Best is trial 76 with value: 125.41485595703125.
LOCAL_RANK: 0 - CUDA_VISIBLE_DEVICES: [0]
[I 2023-11-30 11:12:21,162] Trial 126 finished with value: 159.91075134277344 and parameters: {'gradient_clip_val': 0.510959952020843, 'hidden_size': 108, 'dropout': 0.3901105765459191, 'hidden_continuous_size': 97, 'attention_head_size': 4, 'learning_rate': 0.0063680468852739145}. Best is trial 76 with value: 125.41485595703125.
LOCAL_RANK: 0 - CUDA_VISIBLE_DEVICES: [0]
[I 2023-11-30 11:12:35,399] Trial 127 finished with value: 144.0601348876953 and parameters: {'gradient_clip_val': 0.4425376343622827, 'hidden_size': 123, 'dropout': 0.38361462762820264, 'hidden_continuous_size': 91, 'attention_head_size': 4, 'learning_rate': 0.0037826633294378506}. Best is trial 76 with value: 125.41485595703125.
LOCAL_RANK: 0 - CUDA_VISIBLE_DEVICES: [0]
[I 2023-11-30 11:12:49,586] Trial 128 finished with value: 145.20361328125 and parameters: {'gradient_clip_val': 0.47356935465438355, 'hidden_size': 119, 'dropout': 0.3725753411192115, 'hidden_continuous_size': 107, 'attention_head_size': 4, 'learning_rate': 0.0041732859794969285}. Best is trial 76 with value: 125.41485595703125.
LOCAL_RANK: 0 - CUDA_VISIBLE_DEVICES: [0]
[I 2023-11-30 11:13:04,058] Trial 129 finished with value: 154.81463623046875 and parameters: {'gradient_clip_val': 0.41825600516246925, 'hidden_size': 127, 'dropout': 0.39956286211727754, 'hidden_continuous_size': 103, 'attention_head_size': 4, 'learning_rate': 0.0030626773086108216}. Best is trial 76 with value: 125.41485595703125.
LOCAL_RANK: 0 - CUDA_VISIBLE_DEVICES: [0]
[I 2023-11-30 11:13:18,225] Trial 130 finished with value: 147.51158142089844 and parameters: {'gradient_clip_val': 0.36764542170019066, 'hidden_size': 111, 'dropout': 0.352602117672932, 'hidden_continuous_size': 99, 'attention_head_size': 4, 'learning_rate': 0.005343668141396463}. Best is trial 76 with value: 125.41485595703125.
LOCAL_RANK: 0 - CUDA_VISIBLE_DEVICES: [0]
[I 2023-11-30 11:13:32,303] Trial 131 finished with value: 124.0805892944336 and parameters: {'gradient_clip_val': 0.603339620336015, 'hidden_size': 98, 'dropout': 0.3632374703455638, 'hidden_continuous_size': 91, 'attention_head_size': 4, 'learning_rate': 0.007125116221262833}. Best is trial 131 with value: 124.0805892944336.
LOCAL_RANK: 0 - CUDA_VISIBLE_DEVICES: [0]
[I 2023-11-30 11:13:46,404] Trial 132 finished with value: 162.17054748535156 and parameters: {'gradient_clip_val': 0.5393767516120678, 'hidden_size': 103, 'dropout': 0.377015456648869, 'hidden_continuous_size': 94, 'attention_head_size': 4, 'learning_rate': 0.006882244748149783}. Best is trial 131 with value: 124.0805892944336.
LOCAL_RANK: 0 - CUDA_VISIBLE_DEVICES: [0]
[I 2023-11-30 11:14:00,508] Trial 133 finished with value: 145.8223419189453 and parameters: {'gradient_clip_val': 0.5935658869074167, 'hidden_size': 99, 'dropout': 0.36403147001724306, 'hidden_continuous_size': 90, 'attention_head_size': 4, 'learning_rate': 0.004894794093303801}. Best is trial 131 with value: 124.0805892944336.
LOCAL_RANK: 0 - CUDA_VISIBLE_DEVICES: [0]
[I 2023-11-30 11:14:15,127] Trial 134 finished with value: 170.2882537841797 and parameters: {'gradient_clip_val': 0.6760160083201422, 'hidden_size': 139, 'dropout': 0.3690671480561698, 'hidden_continuous_size': 73, 'attention_head_size': 4, 'learning_rate': 0.006275104937650698}. Best is trial 131 with value: 124.0805892944336.
LOCAL_RANK: 0 - CUDA_VISIBLE_DEVICES: [0]
[I 2023-11-30 11:14:29,236] Trial 135 finished with value: 145.0157012939453 and parameters: {'gradient_clip_val': 0.5667909481599206, 'hidden_size': 116, 'dropout': 0.3572394275178195, 'hidden_continuous_size': 85, 'attention_head_size': 4, 'learning_rate': 0.00567476964474521}. Best is trial 131 with value: 124.0805892944336.
LOCAL_RANK: 0 - CUDA_VISIBLE_DEVICES: [0]
[I 2023-11-30 11:14:43,219] Trial 136 finished with value: 149.21884155273438 and parameters: {'gradient_clip_val': 0.5236232614252249, 'hidden_size': 132, 'dropout': 0.39427145017602067, 'hidden_continuous_size': 63, 'attention_head_size': 4, 'learning_rate': 0.007911880140872766}. Best is trial 131 with value: 124.0805892944336.
LOCAL_RANK: 0 - CUDA_VISIBLE_DEVICES: [0]
[I 2023-11-30 11:14:57,429] Trial 137 finished with value: 172.6239013671875 and parameters: {'gradient_clip_val': 0.6484347600192902, 'hidden_size': 106, 'dropout': 0.3826348849497116, 'hidden_continuous_size': 100, 'attention_head_size': 4, 'learning_rate': 0.007314628281459834}. Best is trial 131 with value: 124.0805892944336.
LOCAL_RANK: 0 - CUDA_VISIBLE_DEVICES: [0]
[I 2023-11-30 11:15:11,472] Trial 138 finished with value: 133.01576232910156 and parameters: {'gradient_clip_val': 0.6114637994173989, 'hidden_size': 86, 'dropout': 0.34366623611753055, 'hidden_continuous_size': 80, 'attention_head_size': 4, 'learning_rate': 0.004310389261499505}. Best is trial 131 with value: 124.0805892944336.
LOCAL_RANK: 0 - CUDA_VISIBLE_DEVICES: [0]
[I 2023-11-30 11:15:25,598] Trial 139 finished with value: 149.0670623779297 and parameters: {'gradient_clip_val': 0.5962200609754086, 'hidden_size': 77, 'dropout': 0.3445316080546736, 'hidden_continuous_size': 74, 'attention_head_size': 4, 'learning_rate': 0.003914313787346818}. Best is trial 131 with value: 124.0805892944336.
LOCAL_RANK: 0 - CUDA_VISIBLE_DEVICES: [0]
[I 2023-11-30 11:15:39,593] Trial 140 finished with value: 146.8975830078125 and parameters: {'gradient_clip_val': 0.6299388981085727, 'hidden_size': 87, 'dropout': 0.20478430324672953, 'hidden_continuous_size': 81, 'attention_head_size': 4, 'learning_rate': 0.00437503402551079}. Best is trial 131 with value: 124.0805892944336.
LOCAL_RANK: 0 - CUDA_VISIBLE_DEVICES: [0]
[I 2023-11-30 11:15:53,550] Trial 141 finished with value: 173.8347625732422 and parameters: {'gradient_clip_val': 0.5494242826545391, 'hidden_size': 93, 'dropout': 0.3247640874562245, 'hidden_continuous_size': 87, 'attention_head_size': 4, 'learning_rate': 0.004828907139876018}. Best is trial 131 with value: 124.0805892944336.
LOCAL_RANK: 0 - CUDA_VISIBLE_DEVICES: [0]
[I 2023-11-30 11:16:07,398] Trial 142 finished with value: 146.23460388183594 and parameters: {'gradient_clip_val': 0.5052810954235706, 'hidden_size': 81, 'dropout': 0.33427088810436234, 'hidden_continuous_size': 77, 'attention_head_size': 4, 'learning_rate': 0.005926908261802063}. Best is trial 131 with value: 124.0805892944336.
LOCAL_RANK: 0 - CUDA_VISIBLE_DEVICES: [0]
[I 2023-11-30 11:16:21,549] Trial 143 finished with value: 167.8998565673828 and parameters: {'gradient_clip_val': 0.5722327759170398, 'hidden_size': 111, 'dropout': 0.34197480408255826, 'hidden_continuous_size': 96, 'attention_head_size': 4, 'learning_rate': 0.005286768710998886}. Best is trial 131 with value: 124.0805892944336.
LOCAL_RANK: 0 - CUDA_VISIBLE_DEVICES: [0]
[I 2023-11-30 11:16:35,842] Trial 144 finished with value: 156.03614807128906 and parameters: {'gradient_clip_val': 0.6135333040948128, 'hidden_size': 121, 'dropout': 0.37366171345274746, 'hidden_continuous_size': 68, 'attention_head_size': 4, 'learning_rate': 0.0067397860936417925}. Best is trial 131 with value: 124.0805892944336.
LOCAL_RANK: 0 - CUDA_VISIBLE_DEVICES: [0]
[I 2023-11-30 11:16:49,934] Trial 145 finished with value: 160.3588104248047 and parameters: {'gradient_clip_val': 0.4937466177976584, 'hidden_size': 99, 'dropout': 0.2959606226991479, 'hidden_continuous_size': 92, 'attention_head_size': 4, 'learning_rate': 0.0035746943243561854}. Best is trial 131 with value: 124.0805892944336.
LOCAL_RANK: 0 - CUDA_VISIBLE_DEVICES: [0]
[I 2023-11-30 11:17:03,702] Trial 146 finished with value: 137.66844177246094 and parameters: {'gradient_clip_val': 0.6577923949207307, 'hidden_size': 86, 'dropout': 0.35097995737574494, 'hidden_continuous_size': 82, 'attention_head_size': 4, 'learning_rate': 0.0025795312800935837}. Best is trial 131 with value: 124.0805892944336.
LOCAL_RANK: 0 - CUDA_VISIBLE_DEVICES: [0]
[I 2023-11-30 11:17:17,520] Trial 147 finished with value: 205.2804412841797 and parameters: {'gradient_clip_val': 0.7221319884251294, 'hidden_size': 73, 'dropout': 0.34677562455949845, 'hidden_continuous_size': 70, 'attention_head_size': 4, 'learning_rate': 0.002649522173519699}. Best is trial 131 with value: 124.0805892944336.
LOCAL_RANK: 0 - CUDA_VISIBLE_DEVICES: [0]
[I 2023-11-30 11:17:31,412] Trial 148 finished with value: 177.0548553466797 and parameters: {'gradient_clip_val': 0.6890655708016286, 'hidden_size': 88, 'dropout': 0.35167011368897466, 'hidden_continuous_size': 82, 'attention_head_size': 4, 'learning_rate': 0.0024132173470474585}. Best is trial 131 with value: 124.0805892944336.
LOCAL_RANK: 0 - CUDA_VISIBLE_DEVICES: [0]
[I 2023-11-30 11:17:45,578] Trial 149 finished with value: 138.8793487548828 and parameters: {'gradient_clip_val': 0.6418753748959528, 'hidden_size': 82, 'dropout': 0.3614772495358942, 'hidden_continuous_size': 79, 'attention_head_size': 4, 'learning_rate': 0.0042203635986162915}. Best is trial 131 with value: 124.0805892944336.
[I 2023-11-30 11:17:45,702] A new study created in memory with name: no-name-8e93d9be-0dbe-4a4b-884a-0e2e2365d919
/home/le004/conda/anaconda3/envs/tsff_env/lib/python3.9/site-packages/lightning/fabric/plugins/environments/slurm.py:191: The `srun` command is available on your system but is not used. HINT: If your intention is to run Lightning on SLURM, prepend your python command with `srun` like so: srun python /home/le004/master_thesis/git/TSFusionForecast/code/ ...
LOCAL_RANK: 0 - CUDA_VISIBLE_DEVICES: [0]
