[I 2023-11-29 20:19:24,305] Trial 57 finished with value: 29.929414749145508 and parameters: {'gradient_clip_val': 0.40069699755199933, 'hidden_size': 38, 'dropout': 0.38689077446651937, 'hidden_continuous_size': 12, 'attention_head_size': 2, 'learning_rate': 0.015385320954436234}. Best is trial 21 with value: 24.735097885131836.
LOCAL_RANK: 0 - CUDA_VISIBLE_DEVICES: [0]
[I 2023-11-29 20:19:37,369] Trial 58 finished with value: 28.302047729492188 and parameters: {'gradient_clip_val': 0.32468746835281875, 'hidden_size': 44, 'dropout': 0.34020367758228737, 'hidden_continuous_size': 13, 'attention_head_size': 1, 'learning_rate': 0.01920776665850461}. Best is trial 21 with value: 24.735097885131836.
LOCAL_RANK: 0 - CUDA_VISIBLE_DEVICES: [0]
[I 2023-11-29 20:19:50,571] Trial 59 finished with value: 32.103580474853516 and parameters: {'gradient_clip_val': 0.3027002770390073, 'hidden_size': 44, 'dropout': 0.34013495097979035, 'hidden_continuous_size': 15, 'attention_head_size': 2, 'learning_rate': 0.028928403570184613}. Best is trial 21 with value: 24.735097885131836.
LOCAL_RANK: 0 - CUDA_VISIBLE_DEVICES: [0]
[I 2023-11-29 20:20:03,675] Trial 60 finished with value: 29.468164443969727 and parameters: {'gradient_clip_val': 0.32254924521368034, 'hidden_size': 33, 'dropout': 0.3232769245726226, 'hidden_continuous_size': 13, 'attention_head_size': 1, 'learning_rate': 0.019861228018136015}. Best is trial 21 with value: 24.735097885131836.
LOCAL_RANK: 0 - CUDA_VISIBLE_DEVICES: [0]
[I 2023-11-29 20:20:17,264] Trial 61 finished with value: 34.22507858276367 and parameters: {'gradient_clip_val': 0.3605845422233087, 'hidden_size': 50, 'dropout': 0.3569724941887764, 'hidden_continuous_size': 12, 'attention_head_size': 1, 'learning_rate': 0.019928284857331852}. Best is trial 21 with value: 24.735097885131836.
LOCAL_RANK: 0 - CUDA_VISIBLE_DEVICES: [0]
[I 2023-11-29 20:20:30,759] Trial 62 finished with value: 29.243362426757812 and parameters: {'gradient_clip_val': 0.3150117967166158, 'hidden_size': 37, 'dropout': 0.36962472491635745, 'hidden_continuous_size': 11, 'attention_head_size': 1, 'learning_rate': 0.01488346351380455}. Best is trial 21 with value: 24.735097885131836.
LOCAL_RANK: 0 - CUDA_VISIBLE_DEVICES: [0]
[I 2023-11-29 20:20:44,023] Trial 63 finished with value: 35.30546951293945 and parameters: {'gradient_clip_val': 0.39668727472116566, 'hidden_size': 42, 'dropout': 0.3796191649456718, 'hidden_continuous_size': 14, 'attention_head_size': 1, 'learning_rate': 0.012343409322651497}. Best is trial 21 with value: 24.735097885131836.
LOCAL_RANK: 0 - CUDA_VISIBLE_DEVICES: [0]
[I 2023-11-29 20:20:57,359] Trial 64 finished with value: 29.854888916015625 and parameters: {'gradient_clip_val': 0.2714059956923586, 'hidden_size': 46, 'dropout': 0.35272858134258356, 'hidden_continuous_size': 10, 'attention_head_size': 1, 'learning_rate': 0.023143668015117393}. Best is trial 21 with value: 24.735097885131836.
LOCAL_RANK: 0 - CUDA_VISIBLE_DEVICES: [0]
[I 2023-11-29 20:21:10,881] Trial 65 finished with value: 31.57935905456543 and parameters: {'gradient_clip_val': 0.3557551407753519, 'hidden_size': 53, 'dropout': 0.33278203714409016, 'hidden_continuous_size': 20, 'attention_head_size': 2, 'learning_rate': 0.017248978062162273}. Best is trial 21 with value: 24.735097885131836.
LOCAL_RANK: 0 - CUDA_VISIBLE_DEVICES: [0]
[I 2023-11-29 20:21:23,949] Trial 66 finished with value: 34.089481353759766 and parameters: {'gradient_clip_val': 0.3222341973209244, 'hidden_size': 34, 'dropout': 0.3622442585383457, 'hidden_continuous_size': 11, 'attention_head_size': 1, 'learning_rate': 0.013760846275873194}. Best is trial 21 with value: 24.735097885131836.
LOCAL_RANK: 0 - CUDA_VISIBLE_DEVICES: [0]
[I 2023-11-29 20:21:37,297] Trial 67 finished with value: 31.468931198120117 and parameters: {'gradient_clip_val': 0.42177753410142793, 'hidden_size': 31, 'dropout': 0.39293675607673845, 'hidden_continuous_size': 12, 'attention_head_size': 2, 'learning_rate': 0.027353082715878156}. Best is trial 21 with value: 24.735097885131836.
LOCAL_RANK: 0 - CUDA_VISIBLE_DEVICES: [0]
[I 2023-11-29 20:21:50,653] Trial 68 finished with value: 28.858322143554688 and parameters: {'gradient_clip_val': 0.28641083511608634, 'hidden_size': 39, 'dropout': 0.37638994611591275, 'hidden_continuous_size': 10, 'attention_head_size': 2, 'learning_rate': 0.01879395233040085}. Best is trial 21 with value: 24.735097885131836.
LOCAL_RANK: 0 - CUDA_VISIBLE_DEVICES: [0]
[I 2023-11-29 20:22:03,715] Trial 69 finished with value: 30.6043758392334 and parameters: {'gradient_clip_val': 0.38660084693360075, 'hidden_size': 36, 'dropout': 0.347551216392061, 'hidden_continuous_size': 13, 'attention_head_size': 1, 'learning_rate': 0.010818904159362331}. Best is trial 21 with value: 24.735097885131836.
LOCAL_RANK: 0 - CUDA_VISIBLE_DEVICES: [0]
[I 2023-11-29 20:22:17,470] Trial 70 finished with value: 31.872413635253906 and parameters: {'gradient_clip_val': 0.3513857015709937, 'hidden_size': 59, 'dropout': 0.3382626463285503, 'hidden_continuous_size': 14, 'attention_head_size': 2, 'learning_rate': 0.022625825253705663}. Best is trial 21 with value: 24.735097885131836.
LOCAL_RANK: 0 - CUDA_VISIBLE_DEVICES: [0]
[I 2023-11-29 20:22:30,580] Trial 71 finished with value: 30.237245559692383 and parameters: {'gradient_clip_val': 0.29049870771107944, 'hidden_size': 40, 'dropout': 0.37465256619950077, 'hidden_continuous_size': 10, 'attention_head_size': 2, 'learning_rate': 0.02038070854133905}. Best is trial 21 with value: 24.735097885131836.
LOCAL_RANK: 0 - CUDA_VISIBLE_DEVICES: [0]
[I 2023-11-29 20:22:43,913] Trial 72 finished with value: 30.43016242980957 and parameters: {'gradient_clip_val': 0.330887588932047, 'hidden_size': 44, 'dropout': 0.38061617406710985, 'hidden_continuous_size': 10, 'attention_head_size': 2, 'learning_rate': 0.01828668670036763}. Best is trial 21 with value: 24.735097885131836.
LOCAL_RANK: 0 - CUDA_VISIBLE_DEVICES: [0]
[I 2023-11-29 20:22:57,203] Trial 73 finished with value: 30.55277442932129 and parameters: {'gradient_clip_val': 0.2446059127127149, 'hidden_size': 50, 'dropout': 0.37151416253778513, 'hidden_continuous_size': 11, 'attention_head_size': 2, 'learning_rate': 0.015966302838571693}. Best is trial 21 with value: 24.735097885131836.
LOCAL_RANK: 0 - CUDA_VISIBLE_DEVICES: [0]
[I 2023-11-29 20:23:10,261] Trial 74 finished with value: 42.543460845947266 and parameters: {'gradient_clip_val': 0.2840775588835775, 'hidden_size': 29, 'dropout': 0.39926772424785417, 'hidden_continuous_size': 10, 'attention_head_size': 2, 'learning_rate': 0.012741091406166121}. Best is trial 21 with value: 24.735097885131836.
LOCAL_RANK: 0 - CUDA_VISIBLE_DEVICES: [0]
[I 2023-11-29 20:23:23,560] Trial 75 finished with value: 29.206497192382812 and parameters: {'gradient_clip_val': 0.3039479372301052, 'hidden_size': 26, 'dropout': 0.35647393914743253, 'hidden_continuous_size': 11, 'attention_head_size': 3, 'learning_rate': 0.03420937264773849}. Best is trial 21 with value: 24.735097885131836.
LOCAL_RANK: 0 - CUDA_VISIBLE_DEVICES: [0]
[I 2023-11-29 20:23:36,847] Trial 76 finished with value: 29.94989013671875 and parameters: {'gradient_clip_val': 0.2637790766109199, 'hidden_size': 39, 'dropout': 0.3650328060470829, 'hidden_continuous_size': 12, 'attention_head_size': 2, 'learning_rate': 0.01873172341223961}. Best is trial 21 with value: 24.735097885131836.
LOCAL_RANK: 0 - CUDA_VISIBLE_DEVICES: [0]
[I 2023-11-29 20:23:50,783] Trial 77 finished with value: 32.954647064208984 and parameters: {'gradient_clip_val': 0.31731207385209753, 'hidden_size': 54, 'dropout': 0.38915885621562313, 'hidden_continuous_size': 16, 'attention_head_size': 2, 'learning_rate': 0.023115847766646044}. Best is trial 21 with value: 24.735097885131836.
LOCAL_RANK: 0 - CUDA_VISIBLE_DEVICES: [0]
[I 2023-11-29 20:24:04,000] Trial 78 finished with value: 29.215612411499023 and parameters: {'gradient_clip_val': 0.3608864670127332, 'hidden_size': 35, 'dropout': 0.37720542330772455, 'hidden_continuous_size': 10, 'attention_head_size': 1, 'learning_rate': 0.015173054692247178}. Best is trial 21 with value: 24.735097885131836.
LOCAL_RANK: 0 - CUDA_VISIBLE_DEVICES: [0]
[I 2023-11-29 20:24:17,028] Trial 79 finished with value: 36.117767333984375 and parameters: {'gradient_clip_val': 0.2787538363082183, 'hidden_size': 31, 'dropout': 0.34802627714754447, 'hidden_continuous_size': 11, 'attention_head_size': 2, 'learning_rate': 0.026658600473018945}. Best is trial 21 with value: 24.735097885131836.
LOCAL_RANK: 0 - CUDA_VISIBLE_DEVICES: [0]
[I 2023-11-29 20:24:30,420] Trial 80 finished with value: 28.18992042541504 and parameters: {'gradient_clip_val': 0.37743159444789987, 'hidden_size': 47, 'dropout': 0.38421224047363667, 'hidden_continuous_size': 12, 'attention_head_size': 3, 'learning_rate': 0.031476382850147686}. Best is trial 21 with value: 24.735097885131836.
LOCAL_RANK: 0 - CUDA_VISIBLE_DEVICES: [0]
[I 2023-11-29 20:24:43,816] Trial 81 finished with value: 27.331167221069336 and parameters: {'gradient_clip_val': 0.3345698435035235, 'hidden_size': 42, 'dropout': 0.3907632862801797, 'hidden_continuous_size': 12, 'attention_head_size': 3, 'learning_rate': 0.031227098382841413}. Best is trial 21 with value: 24.735097885131836.
LOCAL_RANK: 0 - CUDA_VISIBLE_DEVICES: [0]
[I 2023-11-29 20:24:57,594] Trial 82 finished with value: 33.995819091796875 and parameters: {'gradient_clip_val': 0.4321319648408749, 'hidden_size': 46, 'dropout': 0.3904256493071571, 'hidden_continuous_size': 13, 'attention_head_size': 3, 'learning_rate': 0.03694160199532639}. Best is trial 21 with value: 24.735097885131836.
LOCAL_RANK: 0 - CUDA_VISIBLE_DEVICES: [0]
[I 2023-11-29 20:25:11,110] Trial 83 finished with value: 35.4963264465332 and parameters: {'gradient_clip_val': 0.3792472782431443, 'hidden_size': 43, 'dropout': 0.3834435907431403, 'hidden_continuous_size': 12, 'attention_head_size': 3, 'learning_rate': 0.04010484306954868}. Best is trial 21 with value: 24.735097885131836.
LOCAL_RANK: 0 - CUDA_VISIBLE_DEVICES: [0]
[I 2023-11-29 20:25:24,592] Trial 84 finished with value: 33.796512603759766 and parameters: {'gradient_clip_val': 0.3385738497156977, 'hidden_size': 48, 'dropout': 0.368961243378977, 'hidden_continuous_size': 12, 'attention_head_size': 3, 'learning_rate': 0.03070211534000702}. Best is trial 21 with value: 24.735097885131836.
LOCAL_RANK: 0 - CUDA_VISIBLE_DEVICES: [0]
[I 2023-11-29 20:25:38,388] Trial 85 finished with value: 28.395301818847656 and parameters: {'gradient_clip_val': 0.38128954984196045, 'hidden_size': 41, 'dropout': 0.396053087329787, 'hidden_continuous_size': 22, 'attention_head_size': 4, 'learning_rate': 0.03335863765618369}. Best is trial 21 with value: 24.735097885131836.
LOCAL_RANK: 0 - CUDA_VISIBLE_DEVICES: [0]
[I 2023-11-29 20:25:51,818] Trial 86 finished with value: 29.8245792388916 and parameters: {'gradient_clip_val': 0.39705433111171545, 'hidden_size': 36, 'dropout': 0.39547494336203526, 'hidden_continuous_size': 24, 'attention_head_size': 4, 'learning_rate': 0.031837545083802224}. Best is trial 21 with value: 24.735097885131836.
LOCAL_RANK: 0 - CUDA_VISIBLE_DEVICES: [0]
[I 2023-11-29 20:26:05,260] Trial 87 finished with value: 34.99892044067383 and parameters: {'gradient_clip_val': 0.32736425548286197, 'hidden_size': 41, 'dropout': 0.3999849522837766, 'hidden_continuous_size': 17, 'attention_head_size': 4, 'learning_rate': 0.04834400135009819}. Best is trial 21 with value: 24.735097885131836.
LOCAL_RANK: 0 - CUDA_VISIBLE_DEVICES: [0]
[I 2023-11-29 20:26:18,349] Trial 88 finished with value: 28.855735778808594 and parameters: {'gradient_clip_val': 0.3806122329618034, 'hidden_size': 32, 'dropout': 0.38480964674050266, 'hidden_continuous_size': 18, 'attention_head_size': 4, 'learning_rate': 0.02530738174684335}. Best is trial 21 with value: 24.735097885131836.
LOCAL_RANK: 0 - CUDA_VISIBLE_DEVICES: [0]
[I 2023-11-29 20:26:31,568] Trial 89 finished with value: 31.379716873168945 and parameters: {'gradient_clip_val': 0.30614013809861584, 'hidden_size': 29, 'dropout': 0.39214989454173677, 'hidden_continuous_size': 13, 'attention_head_size': 3, 'learning_rate': 0.03352070846842774}. Best is trial 21 with value: 24.735097885131836.
LOCAL_RANK: 0 - CUDA_VISIBLE_DEVICES: [0]
[I 2023-11-29 20:26:45,230] Trial 90 finished with value: 34.090484619140625 and parameters: {'gradient_clip_val': 0.439838783555163, 'hidden_size': 35, 'dropout': 0.3619506411436973, 'hidden_continuous_size': 20, 'attention_head_size': 3, 'learning_rate': 0.027986927655231156}. Best is trial 21 with value: 24.735097885131836.
LOCAL_RANK: 0 - CUDA_VISIBLE_DEVICES: [0]
[I 2023-11-29 20:26:59,040] Trial 91 finished with value: 28.26934051513672 and parameters: {'gradient_clip_val': 0.3473617213559276, 'hidden_size': 45, 'dropout': 0.38061138942643624, 'hidden_continuous_size': 22, 'attention_head_size': 4, 'learning_rate': 0.02382489245499028}. Best is trial 21 with value: 24.735097885131836.
LOCAL_RANK: 0 - CUDA_VISIBLE_DEVICES: [0]
[I 2023-11-29 20:27:13,020] Trial 92 finished with value: 29.10951805114746 and parameters: {'gradient_clip_val': 0.3498883575113455, 'hidden_size': 42, 'dropout': 0.3807781280079215, 'hidden_continuous_size': 22, 'attention_head_size': 4, 'learning_rate': 0.022104240186268054}. Best is trial 21 with value: 24.735097885131836.
LOCAL_RANK: 0 - CUDA_VISIBLE_DEVICES: [0]
[I 2023-11-29 20:27:26,735] Trial 93 finished with value: 38.50437927246094 and parameters: {'gradient_clip_val': 0.4085684279848725, 'hidden_size': 37, 'dropout': 0.37177930671157977, 'hidden_continuous_size': 24, 'attention_head_size': 4, 'learning_rate': 0.04077352305637639}. Best is trial 21 with value: 24.735097885131836.
LOCAL_RANK: 0 - CUDA_VISIBLE_DEVICES: [0]
[I 2023-11-29 20:27:40,421] Trial 94 finished with value: 29.78434944152832 and parameters: {'gradient_clip_val': 0.33959093058231105, 'hidden_size': 46, 'dropout': 0.3878218302623151, 'hidden_continuous_size': 22, 'attention_head_size': 4, 'learning_rate': 0.023729361491284948}. Best is trial 21 with value: 24.735097885131836.
LOCAL_RANK: 0 - CUDA_VISIBLE_DEVICES: [0]
[I 2023-11-29 20:27:53,657] Trial 95 finished with value: 32.1575813293457 and parameters: {'gradient_clip_val': 0.3763200410380459, 'hidden_size': 40, 'dropout': 0.3932351834936905, 'hidden_continuous_size': 15, 'attention_head_size': 4, 'learning_rate': 0.030591319353073496}. Best is trial 21 with value: 24.735097885131836.
LOCAL_RANK: 0 - CUDA_VISIBLE_DEVICES: [0]
[I 2023-11-29 20:28:07,190] Trial 96 finished with value: 29.560213088989258 and parameters: {'gradient_clip_val': 0.29639584367856736, 'hidden_size': 34, 'dropout': 0.3750723913979256, 'hidden_continuous_size': 19, 'attention_head_size': 4, 'learning_rate': 0.027804741193790485}. Best is trial 21 with value: 24.735097885131836.
LOCAL_RANK: 0 - CUDA_VISIBLE_DEVICES: [0]
[I 2023-11-29 20:28:21,149] Trial 97 finished with value: 29.153654098510742 and parameters: {'gradient_clip_val': 0.3642308107868604, 'hidden_size': 44, 'dropout': 0.3666508421102348, 'hidden_continuous_size': 23, 'attention_head_size': 4, 'learning_rate': 0.02187003338901576}. Best is trial 21 with value: 24.735097885131836.
LOCAL_RANK: 0 - CUDA_VISIBLE_DEVICES: [0]
[I 2023-11-29 20:28:34,618] Trial 98 finished with value: 29.95147705078125 and parameters: {'gradient_clip_val': 0.3221179172473076, 'hidden_size': 37, 'dropout': 0.3552081461682271, 'hidden_continuous_size': 21, 'attention_head_size': 3, 'learning_rate': 0.03525676263829893}. Best is trial 21 with value: 24.735097885131836.
LOCAL_RANK: 0 - CUDA_VISIBLE_DEVICES: [0]
[I 2023-11-29 20:28:48,440] Trial 99 finished with value: 34.094871520996094 and parameters: {'gradient_clip_val': 0.4893206002153325, 'hidden_size': 52, 'dropout': 0.38327374467170927, 'hidden_continuous_size': 26, 'attention_head_size': 3, 'learning_rate': 0.025109178190038616}. Best is trial 21 with value: 24.735097885131836.
LOCAL_RANK: 0 - CUDA_VISIBLE_DEVICES: [0]
[I 2023-11-29 20:29:01,549] Trial 100 finished with value: 28.811731338500977 and parameters: {'gradient_clip_val': 0.4152140688603138, 'hidden_size': 32, 'dropout': 0.394413093338858, 'hidden_continuous_size': 14, 'attention_head_size': 3, 'learning_rate': 0.020498546644112527}. Best is trial 21 with value: 24.735097885131836.
LOCAL_RANK: 0 - CUDA_VISIBLE_DEVICES: [0]
[I 2023-11-29 20:29:15,290] Trial 101 finished with value: 32.90806579589844 and parameters: {'gradient_clip_val': 0.3527795161704833, 'hidden_size': 51, 'dropout': 0.3598456468245871, 'hidden_continuous_size': 29, 'attention_head_size': 1, 'learning_rate': 0.01709094901947653}. Best is trial 21 with value: 24.735097885131836.
LOCAL_RANK: 0 - CUDA_VISIBLE_DEVICES: [0]
[I 2023-11-29 20:29:28,930] Trial 102 finished with value: 39.42671203613281 and parameters: {'gradient_clip_val': 0.38664443284608147, 'hidden_size': 49, 'dropout': 0.3773366881064952, 'hidden_continuous_size': 11, 'attention_head_size': 4, 'learning_rate': 0.019056447823394003}. Best is trial 21 with value: 24.735097885131836.
LOCAL_RANK: 0 - CUDA_VISIBLE_DEVICES: [0]
[I 2023-11-29 20:29:42,409] Trial 103 finished with value: 31.515798568725586 and parameters: {'gradient_clip_val': 0.3686555735980299, 'hidden_size': 55, 'dropout': 0.36502247838931295, 'hidden_continuous_size': 12, 'attention_head_size': 1, 'learning_rate': 0.014004462971836397}. Best is trial 21 with value: 24.735097885131836.
LOCAL_RANK: 0 - CUDA_VISIBLE_DEVICES: [0]
[I 2023-11-29 20:29:55,895] Trial 104 finished with value: 32.87885665893555 and parameters: {'gradient_clip_val': 0.3279397700782207, 'hidden_size': 47, 'dropout': 0.34433447669716943, 'hidden_continuous_size': 13, 'attention_head_size': 1, 'learning_rate': 0.015847204305309465}. Best is trial 21 with value: 24.735097885131836.
LOCAL_RANK: 0 - CUDA_VISIBLE_DEVICES: [0]
[I 2023-11-29 20:30:09,079] Trial 105 finished with value: 34.3768196105957 and parameters: {'gradient_clip_val': 0.30728316317914545, 'hidden_size': 44, 'dropout': 0.33609288302697626, 'hidden_continuous_size': 11, 'attention_head_size': 2, 'learning_rate': 0.02457623434309245}. Best is trial 21 with value: 24.735097885131836.
LOCAL_RANK: 0 - CUDA_VISIBLE_DEVICES: [0]
[I 2023-11-29 20:30:22,606] Trial 106 finished with value: 30.165199279785156 and parameters: {'gradient_clip_val': 0.3478518302180284, 'hidden_size': 39, 'dropout': 0.35141552755037836, 'hidden_continuous_size': 12, 'attention_head_size': 4, 'learning_rate': 0.02897452906213653}. Best is trial 21 with value: 24.735097885131836.
LOCAL_RANK: 0 - CUDA_VISIBLE_DEVICES: [0]
[I 2023-11-29 20:30:36,331] Trial 107 finished with value: 28.909921646118164 and parameters: {'gradient_clip_val': 0.40472515814480514, 'hidden_size': 41, 'dropout': 0.382578076699787, 'hidden_continuous_size': 21, 'attention_head_size': 1, 'learning_rate': 0.032401335214323895}. Best is trial 21 with value: 24.735097885131836.
LOCAL_RANK: 0 - CUDA_VISIBLE_DEVICES: [0]
[I 2023-11-29 20:30:50,111] Trial 108 finished with value: 29.826868057250977 and parameters: {'gradient_clip_val': 0.4469444861189876, 'hidden_size': 60, 'dropout': 0.36948797965824665, 'hidden_continuous_size': 14, 'attention_head_size': 2, 'learning_rate': 0.01790071501009641}. Best is trial 21 with value: 24.735097885131836.
LOCAL_RANK: 0 - CUDA_VISIBLE_DEVICES: [0]
[I 2023-11-29 20:31:03,278] Trial 109 finished with value: 31.155221939086914 and parameters: {'gradient_clip_val': 0.2696969350901917, 'hidden_size': 38, 'dropout': 0.3883038469687333, 'hidden_continuous_size': 11, 'attention_head_size': 3, 'learning_rate': 0.021145809107349867}. Best is trial 21 with value: 24.735097885131836.
LOCAL_RANK: 0 - CUDA_VISIBLE_DEVICES: [0]
[I 2023-11-29 20:31:16,280] Trial 110 finished with value: 30.69061279296875 and parameters: {'gradient_clip_val': 0.3189203341684232, 'hidden_size': 47, 'dropout': 0.35475628017241334, 'hidden_continuous_size': 10, 'attention_head_size': 1, 'learning_rate': 0.016258942711309766}. Best is trial 21 with value: 24.735097885131836.
LOCAL_RANK: 0 - CUDA_VISIBLE_DEVICES: [0]
[I 2023-11-29 20:31:29,429] Trial 111 finished with value: 33.12150955200195 and parameters: {'gradient_clip_val': 0.4189813299388117, 'hidden_size': 32, 'dropout': 0.3921072964292635, 'hidden_continuous_size': 14, 'attention_head_size': 3, 'learning_rate': 0.020106710473316476}. Best is trial 21 with value: 24.735097885131836.
LOCAL_RANK: 0 - CUDA_VISIBLE_DEVICES: [0]
[I 2023-11-29 20:31:42,888] Trial 112 finished with value: 26.54042625427246 and parameters: {'gradient_clip_val': 0.42588129896921706, 'hidden_size': 44, 'dropout': 0.3959382204717658, 'hidden_continuous_size': 13, 'attention_head_size': 3, 'learning_rate': 0.02126547555146333}. Best is trial 21 with value: 24.735097885131836.
LOCAL_RANK: 0 - CUDA_VISIBLE_DEVICES: [0]
[I 2023-11-29 20:31:56,478] Trial 113 finished with value: 37.73708724975586 and parameters: {'gradient_clip_val': 0.3729780640710951, 'hidden_size': 43, 'dropout': 0.39935604557026516, 'hidden_continuous_size': 13, 'attention_head_size': 3, 'learning_rate': 0.024403428179491062}. Best is trial 21 with value: 24.735097885131836.
LOCAL_RANK: 0 - CUDA_VISIBLE_DEVICES: [0]
[I 2023-11-29 20:32:09,807] Trial 114 finished with value: 33.047725677490234 and parameters: {'gradient_clip_val': 0.46844777063385157, 'hidden_size': 41, 'dropout': 0.3734521694094955, 'hidden_continuous_size': 12, 'attention_head_size': 3, 'learning_rate': 0.018608907366105987}. Best is trial 21 with value: 24.735097885131836.
LOCAL_RANK: 0 - CUDA_VISIBLE_DEVICES: [0]
[I 2023-11-29 20:32:23,496] Trial 115 finished with value: 28.489288330078125 and parameters: {'gradient_clip_val': 0.3402204428356974, 'hidden_size': 51, 'dropout': 0.3836783191725351, 'hidden_continuous_size': 15, 'attention_head_size': 2, 'learning_rate': 0.026614455788862127}. Best is trial 21 with value: 24.735097885131836.
LOCAL_RANK: 0 - CUDA_VISIBLE_DEVICES: [0]
