[I 2023-11-30 04:10:51,011] Trial 118 finished with value: 354.8438720703125 and parameters: {'gradient_clip_val': 0.11116074289986419, 'hidden_size': 112, 'dropout': 0.2455087191856769, 'hidden_continuous_size': 20, 'attention_head_size': 4, 'learning_rate': 0.013800624325411036}. Best is trial 54 with value: 216.28675842285156.
LOCAL_RANK: 0 - CUDA_VISIBLE_DEVICES: [0]
[I 2023-11-30 04:11:04,341] Trial 119 finished with value: 289.881103515625 and parameters: {'gradient_clip_val': 0.14763703764247355, 'hidden_size': 90, 'dropout': 0.25425898479255216, 'hidden_continuous_size': 20, 'attention_head_size': 4, 'learning_rate': 0.015705353854748246}. Best is trial 54 with value: 216.28675842285156.
LOCAL_RANK: 0 - CUDA_VISIBLE_DEVICES: [0]
[I 2023-11-30 04:11:17,947] Trial 120 finished with value: 341.55859375 and parameters: {'gradient_clip_val': 0.12971104254949536, 'hidden_size': 95, 'dropout': 0.23988757984368442, 'hidden_continuous_size': 18, 'attention_head_size': 4, 'learning_rate': 0.011243271023338221}. Best is trial 54 with value: 216.28675842285156.
LOCAL_RANK: 0 - CUDA_VISIBLE_DEVICES: [0]
[I 2023-11-30 04:11:31,650] Trial 121 finished with value: 332.8374938964844 and parameters: {'gradient_clip_val': 0.11923175256979024, 'hidden_size': 119, 'dropout': 0.2097737326648071, 'hidden_continuous_size': 21, 'attention_head_size': 4, 'learning_rate': 0.012262633796464953}. Best is trial 54 with value: 216.28675842285156.
LOCAL_RANK: 0 - CUDA_VISIBLE_DEVICES: [0]
[I 2023-11-30 04:11:45,480] Trial 122 finished with value: 273.4465026855469 and parameters: {'gradient_clip_val': 0.10760988352569564, 'hidden_size': 136, 'dropout': 0.22990763590886099, 'hidden_continuous_size': 22, 'attention_head_size': 4, 'learning_rate': 0.01321567923585236}. Best is trial 54 with value: 216.28675842285156.
LOCAL_RANK: 0 - CUDA_VISIBLE_DEVICES: [0]
[I 2023-11-30 04:11:59,547] Trial 123 finished with value: 348.5874938964844 and parameters: {'gradient_clip_val': 0.10953588209690064, 'hidden_size': 135, 'dropout': 0.23093228352567846, 'hidden_continuous_size': 23, 'attention_head_size': 4, 'learning_rate': 0.01823418949028339}. Best is trial 54 with value: 216.28675842285156.
LOCAL_RANK: 0 - CUDA_VISIBLE_DEVICES: [0]
[I 2023-11-30 04:12:13,565] Trial 124 finished with value: 242.474365234375 and parameters: {'gradient_clip_val': 0.1061794872067507, 'hidden_size': 143, 'dropout': 0.2351133303228719, 'hidden_continuous_size': 18, 'attention_head_size': 4, 'learning_rate': 0.013325211336620775}. Best is trial 54 with value: 216.28675842285156.
LOCAL_RANK: 0 - CUDA_VISIBLE_DEVICES: [0]
[I 2023-11-30 04:12:27,830] Trial 125 finished with value: 334.771728515625 and parameters: {'gradient_clip_val': 0.10378647680253102, 'hidden_size': 142, 'dropout': 0.24848919331233985, 'hidden_continuous_size': 18, 'attention_head_size': 4, 'learning_rate': 0.019761011919848893}. Best is trial 54 with value: 216.28675842285156.
LOCAL_RANK: 0 - CUDA_VISIBLE_DEVICES: [0]
[I 2023-11-30 04:12:41,856] Trial 126 finished with value: 311.9599914550781 and parameters: {'gradient_clip_val': 0.11592510652063144, 'hidden_size': 139, 'dropout': 0.23636462933169977, 'hidden_continuous_size': 19, 'attention_head_size': 4, 'learning_rate': 0.014744516601581804}. Best is trial 54 with value: 216.28675842285156.
LOCAL_RANK: 0 - CUDA_VISIBLE_DEVICES: [0]
[I 2023-11-30 04:12:55,360] Trial 127 finished with value: 263.78387451171875 and parameters: {'gradient_clip_val': 0.13382223589296868, 'hidden_size': 108, 'dropout': 0.22687721366787003, 'hidden_continuous_size': 22, 'attention_head_size': 4, 'learning_rate': 0.021975175534424924}. Best is trial 54 with value: 216.28675842285156.
LOCAL_RANK: 0 - CUDA_VISIBLE_DEVICES: [0]
[I 2023-11-30 04:13:09,102] Trial 128 finished with value: 303.00360107421875 and parameters: {'gradient_clip_val': 0.136213326887996, 'hidden_size': 110, 'dropout': 0.257241740813867, 'hidden_continuous_size': 25, 'attention_head_size': 4, 'learning_rate': 0.021961231206753733}. Best is trial 54 with value: 216.28675842285156.
LOCAL_RANK: 0 - CUDA_VISIBLE_DEVICES: [0]
[I 2023-11-30 04:13:22,579] Trial 129 finished with value: 375.2474060058594 and parameters: {'gradient_clip_val': 0.12719226057313457, 'hidden_size': 105, 'dropout': 0.2436443380824021, 'hidden_continuous_size': 21, 'attention_head_size': 4, 'learning_rate': 0.024455348483479317}. Best is trial 54 with value: 216.28675842285156.
LOCAL_RANK: 0 - CUDA_VISIBLE_DEVICES: [0]
[I 2023-11-30 04:13:36,030] Trial 130 finished with value: 359.21435546875 and parameters: {'gradient_clip_val': 0.1421082150387381, 'hidden_size': 98, 'dropout': 0.2502236472396143, 'hidden_continuous_size': 24, 'attention_head_size': 1, 'learning_rate': 0.022702588511594617}. Best is trial 54 with value: 216.28675842285156.
LOCAL_RANK: 0 - CUDA_VISIBLE_DEVICES: [0]
[I 2023-11-30 04:13:49,806] Trial 131 finished with value: 267.5852355957031 and parameters: {'gradient_clip_val': 0.10878323980313569, 'hidden_size': 132, 'dropout': 0.2297651302065535, 'hidden_continuous_size': 22, 'attention_head_size': 4, 'learning_rate': 0.013449954031865798}. Best is trial 54 with value: 216.28675842285156.
LOCAL_RANK: 0 - CUDA_VISIBLE_DEVICES: [0]
[I 2023-11-30 04:14:04,010] Trial 132 finished with value: 212.1384735107422 and parameters: {'gradient_clip_val': 0.11627486083286391, 'hidden_size': 150, 'dropout': 0.23834995894571137, 'hidden_continuous_size': 18, 'attention_head_size': 4, 'learning_rate': 0.016968816815758653}. Best is trial 132 with value: 212.1384735107422.
LOCAL_RANK: 0 - CUDA_VISIBLE_DEVICES: [0]
[I 2023-11-30 04:14:17,995] Trial 133 finished with value: 364.7899475097656 and parameters: {'gradient_clip_val': 0.1183410085576833, 'hidden_size': 143, 'dropout': 0.2265737102684267, 'hidden_continuous_size': 17, 'attention_head_size': 4, 'learning_rate': 0.01865778959776308}. Best is trial 132 with value: 212.1384735107422.
LOCAL_RANK: 0 - CUDA_VISIBLE_DEVICES: [0]
[I 2023-11-30 04:14:32,113] Trial 134 finished with value: 366.09326171875 and parameters: {'gradient_clip_val': 0.1114746278446731, 'hidden_size': 150, 'dropout': 0.23601124818935496, 'hidden_continuous_size': 19, 'attention_head_size': 4, 'learning_rate': 0.017336965540669668}. Best is trial 132 with value: 212.1384735107422.
LOCAL_RANK: 0 - CUDA_VISIBLE_DEVICES: [0]
[I 2023-11-30 04:14:46,194] Trial 135 finished with value: 302.9794616699219 and parameters: {'gradient_clip_val': 0.13213412670110586, 'hidden_size': 131, 'dropout': 0.24148528247435708, 'hidden_continuous_size': 20, 'attention_head_size': 4, 'learning_rate': 0.0214463923804459}. Best is trial 132 with value: 212.1384735107422.
LOCAL_RANK: 0 - CUDA_VISIBLE_DEVICES: [0]
[I 2023-11-30 04:14:59,897] Trial 136 finished with value: 296.4312744140625 and parameters: {'gradient_clip_val': 0.10181920705167673, 'hidden_size': 124, 'dropout': 0.26208730298251887, 'hidden_continuous_size': 22, 'attention_head_size': 4, 'learning_rate': 0.015279580777711679}. Best is trial 132 with value: 212.1384735107422.
LOCAL_RANK: 0 - CUDA_VISIBLE_DEVICES: [0]
[I 2023-11-30 04:15:13,957] Trial 137 finished with value: 307.59600830078125 and parameters: {'gradient_clip_val': 0.10034351758758286, 'hidden_size': 150, 'dropout': 0.23490124062642273, 'hidden_continuous_size': 16, 'attention_head_size': 4, 'learning_rate': 0.010416823225220171}. Best is trial 132 with value: 212.1384735107422.
LOCAL_RANK: 0 - CUDA_VISIBLE_DEVICES: [0]
[I 2023-11-30 04:15:27,615] Trial 138 finished with value: 316.970703125 and parameters: {'gradient_clip_val': 0.1128616622985654, 'hidden_size': 113, 'dropout': 0.2544879010127392, 'hidden_continuous_size': 21, 'attention_head_size': 4, 'learning_rate': 0.013430273597790867}. Best is trial 132 with value: 212.1384735107422.
LOCAL_RANK: 0 - CUDA_VISIBLE_DEVICES: [0]
[I 2023-11-30 04:15:41,555] Trial 139 finished with value: 315.15875244140625 and parameters: {'gradient_clip_val': 0.12405082273581595, 'hidden_size': 134, 'dropout': 0.22624379626759542, 'hidden_continuous_size': 18, 'attention_head_size': 4, 'learning_rate': 0.01752787151621388}. Best is trial 132 with value: 212.1384735107422.
LOCAL_RANK: 0 - CUDA_VISIBLE_DEVICES: [0]
[I 2023-11-30 04:15:55,164] Trial 140 finished with value: 267.7303771972656 and parameters: {'gradient_clip_val': 0.11879498167497338, 'hidden_size': 124, 'dropout': 0.24514003799536166, 'hidden_continuous_size': 23, 'attention_head_size': 4, 'learning_rate': 0.025152247099902762}. Best is trial 132 with value: 212.1384735107422.
LOCAL_RANK: 0 - CUDA_VISIBLE_DEVICES: [0]
[I 2023-11-30 04:16:08,340] Trial 141 finished with value: 304.7769470214844 and parameters: {'gradient_clip_val': 0.11753513386281315, 'hidden_size': 77, 'dropout': 0.2391801249463152, 'hidden_continuous_size': 23, 'attention_head_size': 4, 'learning_rate': 0.02656031345425215}. Best is trial 132 with value: 212.1384735107422.
LOCAL_RANK: 0 - CUDA_VISIBLE_DEVICES: [0]
[I 2023-11-30 04:16:22,107] Trial 142 finished with value: 265.3144836425781 and parameters: {'gradient_clip_val': 0.10846168149869109, 'hidden_size': 123, 'dropout': 0.247630635701371, 'hidden_continuous_size': 20, 'attention_head_size': 4, 'learning_rate': 0.01954138398804916}. Best is trial 132 with value: 212.1384735107422.
LOCAL_RANK: 0 - CUDA_VISIBLE_DEVICES: [0]
[I 2023-11-30 04:16:35,758] Trial 143 finished with value: 293.7534484863281 and parameters: {'gradient_clip_val': 0.10959960126543375, 'hidden_size': 109, 'dropout': 0.23200565863245173, 'hidden_continuous_size': 20, 'attention_head_size': 4, 'learning_rate': 0.01950791439859902}. Best is trial 132 with value: 212.1384735107422.
LOCAL_RANK: 0 - CUDA_VISIBLE_DEVICES: [0]
[I 2023-11-30 04:16:49,529] Trial 144 finished with value: 313.5618591308594 and parameters: {'gradient_clip_val': 0.10515516762166625, 'hidden_size': 131, 'dropout': 0.24966741372816634, 'hidden_continuous_size': 19, 'attention_head_size': 4, 'learning_rate': 0.016512287131633847}. Best is trial 132 with value: 212.1384735107422.
LOCAL_RANK: 0 - CUDA_VISIBLE_DEVICES: [0]
[I 2023-11-30 04:17:03,780] Trial 145 finished with value: 266.8379821777344 and parameters: {'gradient_clip_val': 0.11433539777814561, 'hidden_size': 143, 'dropout': 0.2670816529337997, 'hidden_continuous_size': 17, 'attention_head_size': 4, 'learning_rate': 0.014794631094267294}. Best is trial 132 with value: 212.1384735107422.
LOCAL_RANK: 0 - CUDA_VISIBLE_DEVICES: [0]
[I 2023-11-30 04:17:17,650] Trial 146 finished with value: 299.55963134765625 and parameters: {'gradient_clip_val': 0.13362091798304843, 'hidden_size': 144, 'dropout': 0.27581695620192803, 'hidden_continuous_size': 16, 'attention_head_size': 4, 'learning_rate': 0.014945530606307225}. Best is trial 132 with value: 212.1384735107422.
LOCAL_RANK: 0 - CUDA_VISIBLE_DEVICES: [0]
[I 2023-11-30 04:17:31,386] Trial 147 finished with value: 319.9951477050781 and parameters: {'gradient_clip_val': 0.12618935817142504, 'hidden_size': 119, 'dropout': 0.2666688734939769, 'hidden_continuous_size': 18, 'attention_head_size': 4, 'learning_rate': 0.020428028545437377}. Best is trial 132 with value: 212.1384735107422.
LOCAL_RANK: 0 - CUDA_VISIBLE_DEVICES: [0]
[I 2023-11-30 04:17:45,452] Trial 148 finished with value: 331.5018005371094 and parameters: {'gradient_clip_val': 0.15015327045775972, 'hidden_size': 141, 'dropout': 0.25734233688106767, 'hidden_continuous_size': 17, 'attention_head_size': 4, 'learning_rate': 0.02234573629261164}. Best is trial 132 with value: 212.1384735107422.
LOCAL_RANK: 0 - CUDA_VISIBLE_DEVICES: [0]
[I 2023-11-30 04:17:58,789] Trial 149 finished with value: 280.41650390625 and parameters: {'gradient_clip_val': 0.11470231905587568, 'hidden_size': 93, 'dropout': 0.2686469029899151, 'hidden_continuous_size': 21, 'attention_head_size': 4, 'learning_rate': 0.01602935360536464}. Best is trial 132 with value: 212.1384735107422.
[I 2023-11-30 04:17:58,899] A new study created in memory with name: no-name-f973d2ee-0f33-40e6-bcc3-88767f557c67
/home/le004/conda/anaconda3/envs/tsff_env/lib/python3.9/site-packages/lightning/fabric/plugins/environments/slurm.py:191: The `srun` command is available on your system but is not used. HINT: If your intention is to run Lightning on SLURM, prepend your python command with `srun` like so: srun python /home/le004/master_thesis/git/TSFusionForecast/code/ ...
LOCAL_RANK: 0 - CUDA_VISIBLE_DEVICES: [0]
[I 2023-11-30 04:18:11,773] Trial 0 finished with value: 79.00279998779297 and parameters: {'gradient_clip_val': 0.20951310124236583, 'hidden_size': 53, 'dropout': 0.1331584325115694, 'hidden_continuous_size': 10, 'attention_head_size': 4, 'learning_rate': 0.07880145325260257}. Best is trial 0 with value: 79.00279998779297.
LOCAL_RANK: 0 - CUDA_VISIBLE_DEVICES: [0]
[I 2023-11-30 04:18:23,916] Trial 1 finished with value: 104.98662567138672 and parameters: {'gradient_clip_val': 0.45329366323731596, 'hidden_size': 48, 'dropout': 0.2924107993177364, 'hidden_continuous_size': 11, 'attention_head_size': 1, 'learning_rate': 0.0027459664166116127}. Best is trial 0 with value: 79.00279998779297.
LOCAL_RANK: 0 - CUDA_VISIBLE_DEVICES: [0]
[I 2023-11-30 04:18:34,144] Trial 2 finished with value: 93.3634262084961 and parameters: {'gradient_clip_val': 0.653545383751194, 'hidden_size': 23, 'dropout': 0.2039344999204762, 'hidden_continuous_size': 23, 'attention_head_size': 3, 'learning_rate': 0.012058136200835795}. Best is trial 0 with value: 79.00279998779297.
LOCAL_RANK: 0 - CUDA_VISIBLE_DEVICES: [0]
[I 2023-11-30 04:18:46,122] Trial 3 finished with value: 162.29246520996094 and parameters: {'gradient_clip_val': 0.14009641239697707, 'hidden_size': 21, 'dropout': 0.25772924558577526, 'hidden_continuous_size': 14, 'attention_head_size': 3, 'learning_rate': 0.0013876793030407183}. Best is trial 0 with value: 79.00279998779297.
LOCAL_RANK: 0 - CUDA_VISIBLE_DEVICES: [0]
[I 2023-11-30 04:18:58,480] Trial 4 finished with value: 81.68515014648438 and parameters: {'gradient_clip_val': 0.31273095249736343, 'hidden_size': 48, 'dropout': 0.352839239754444, 'hidden_continuous_size': 19, 'attention_head_size': 4, 'learning_rate': 0.07192146089284128}. Best is trial 0 with value: 79.00279998779297.
LOCAL_RANK: 0 - CUDA_VISIBLE_DEVICES: [0]
[I 2023-11-30 04:19:10,603] Trial 5 finished with value: 124.53436279296875 and parameters: {'gradient_clip_val': 0.7051479983493738, 'hidden_size': 13, 'dropout': 0.30386531906988185, 'hidden_continuous_size': 11, 'attention_head_size': 4, 'learning_rate': 0.007442769299554376}. Best is trial 0 with value: 79.00279998779297.
LOCAL_RANK: 0 - CUDA_VISIBLE_DEVICES: [0]
[I 2023-11-30 04:19:23,856] Trial 6 finished with value: 75.04390716552734 and parameters: {'gradient_clip_val': 0.22124247722059048, 'hidden_size': 91, 'dropout': 0.17029139510923524, 'hidden_continuous_size': 30, 'attention_head_size': 2, 'learning_rate': 0.020827385723291004}. Best is trial 6 with value: 75.04390716552734.
LOCAL_RANK: 0 - CUDA_VISIBLE_DEVICES: [0]
[I 2023-11-30 04:19:36,584] Trial 7 finished with value: 104.05716705322266 and parameters: {'gradient_clip_val': 0.6587551691833226, 'hidden_size': 60, 'dropout': 0.23910818853271143, 'hidden_continuous_size': 19, 'attention_head_size': 3, 'learning_rate': 0.001165806367687806}. Best is trial 6 with value: 75.04390716552734.
LOCAL_RANK: 0 - CUDA_VISIBLE_DEVICES: [0]
[I 2023-11-30 04:19:48,505] Trial 8 finished with value: 87.10140991210938 and parameters: {'gradient_clip_val': 0.34005652027827665, 'hidden_size': 28, 'dropout': 0.23683363215467482, 'hidden_continuous_size': 14, 'attention_head_size': 2, 'learning_rate': 0.009812878875278997}. Best is trial 6 with value: 75.04390716552734.
LOCAL_RANK: 0 - CUDA_VISIBLE_DEVICES: [0]
[I 2023-11-30 04:20:02,465] Trial 9 finished with value: 82.89850616455078 and parameters: {'gradient_clip_val': 0.13309871207566637, 'hidden_size': 118, 'dropout': 0.3513672122293502, 'hidden_continuous_size': 61, 'attention_head_size': 4, 'learning_rate': 0.00157766030794096}. Best is trial 6 with value: 75.04390716552734.
LOCAL_RANK: 0 - CUDA_VISIBLE_DEVICES: [0]
[I 2023-11-30 04:20:17,060] Trial 10 finished with value: 76.80442810058594 and parameters: {'gradient_clip_val': 0.1059698524594821, 'hidden_size': 143, 'dropout': 0.10381215248475735, 'hidden_continuous_size': 130, 'attention_head_size': 1, 'learning_rate': 0.0294402771374743}. Best is trial 6 with value: 75.04390716552734.
LOCAL_RANK: 0 - CUDA_VISIBLE_DEVICES: [0]
[I 2023-11-30 04:20:31,446] Trial 11 finished with value: 83.88687896728516 and parameters: {'gradient_clip_val': 0.11369552997776519, 'hidden_size': 146, 'dropout': 0.11362080254507571, 'hidden_continuous_size': 104, 'attention_head_size': 1, 'learning_rate': 0.029248558566023666}. Best is trial 6 with value: 75.04390716552734.
LOCAL_RANK: 0 - CUDA_VISIBLE_DEVICES: [0]
[I 2023-11-30 04:20:44,876] Trial 12 finished with value: 95.57942962646484 and parameters: {'gradient_clip_val': 0.10027350580564928, 'hidden_size': 93, 'dropout': 0.16144543591611266, 'hidden_continuous_size': 38, 'attention_head_size': 2, 'learning_rate': 0.02960128504450563}. Best is trial 6 with value: 75.04390716552734.
LOCAL_RANK: 0 - CUDA_VISIBLE_DEVICES: [0]
[I 2023-11-30 04:20:58,187] Trial 13 finished with value: 79.17227935791016 and parameters: {'gradient_clip_val': 0.18529689743241995, 'hidden_size': 86, 'dropout': 0.10009694492581858, 'hidden_continuous_size': 34, 'attention_head_size': 1, 'learning_rate': 0.026425269858913258}. Best is trial 6 with value: 75.04390716552734.
LOCAL_RANK: 0 - CUDA_VISIBLE_DEVICES: [0]
[I 2023-11-30 04:21:12,842] Trial 14 finished with value: 71.14359283447266 and parameters: {'gradient_clip_val': 0.17958681312589136, 'hidden_size': 147, 'dropout': 0.16166666247257994, 'hidden_continuous_size': 140, 'attention_head_size': 2, 'learning_rate': 0.01760335784440354}. Best is trial 14 with value: 71.14359283447266.
LOCAL_RANK: 0 - CUDA_VISIBLE_DEVICES: [0]
[I 2023-11-30 04:21:26,499] Trial 15 finished with value: 85.9483642578125 and parameters: {'gradient_clip_val': 0.20772056250905574, 'hidden_size': 79, 'dropout': 0.17896796094100373, 'hidden_continuous_size': 46, 'attention_head_size': 2, 'learning_rate': 0.0050052856048179006}. Best is trial 14 with value: 71.14359283447266.
LOCAL_RANK: 0 - CUDA_VISIBLE_DEVICES: [0]
[I 2023-11-30 04:21:40,196] Trial 16 finished with value: 73.45911407470703 and parameters: {'gradient_clip_val': 0.26173945996550374, 'hidden_size': 108, 'dropout': 0.15792901870779655, 'hidden_continuous_size': 70, 'attention_head_size': 2, 'learning_rate': 0.01278621922564577}. Best is trial 14 with value: 71.14359283447266.
LOCAL_RANK: 0 - CUDA_VISIBLE_DEVICES: [0]
[I 2023-11-30 04:21:54,091] Trial 17 finished with value: 76.69104766845703 and parameters: {'gradient_clip_val': 0.2652342119759784, 'hidden_size': 116, 'dropout': 0.14776388237589314, 'hidden_continuous_size': 78, 'attention_head_size': 2, 'learning_rate': 0.015344429083021673}. Best is trial 14 with value: 71.14359283447266.
LOCAL_RANK: 0 - CUDA_VISIBLE_DEVICES: [0]
[I 2023-11-30 04:22:07,360] Trial 18 finished with value: 71.35771942138672 and parameters: {'gradient_clip_val': 0.1686913859691254, 'hidden_size': 68, 'dropout': 0.20135564824821936, 'hidden_continuous_size': 46, 'attention_head_size': 3, 'learning_rate': 0.006928403877904293}. Best is trial 14 with value: 71.14359283447266.
LOCAL_RANK: 0 - CUDA_VISIBLE_DEVICES: [0]
[I 2023-11-30 04:22:20,609] Trial 19 finished with value: 80.70869445800781 and parameters: {'gradient_clip_val': 0.15705430686510813, 'hidden_size': 64, 'dropout': 0.1981138729357364, 'hidden_continuous_size': 44, 'attention_head_size': 3, 'learning_rate': 0.005142284290788988}. Best is trial 14 with value: 71.14359283447266.
LOCAL_RANK: 0 - CUDA_VISIBLE_DEVICES: [0]
[I 2023-11-30 04:22:33,952] Trial 20 finished with value: 72.22066497802734 and parameters: {'gradient_clip_val': 0.16641722397105604, 'hidden_size': 69, 'dropout': 0.20199882357193327, 'hidden_continuous_size': 26, 'attention_head_size': 3, 'learning_rate': 0.006174133722664461}. Best is trial 14 with value: 71.14359283447266.
LOCAL_RANK: 0 - CUDA_VISIBLE_DEVICES: [0]
[I 2023-11-30 04:22:46,990] Trial 21 finished with value: 67.35095977783203 and parameters: {'gradient_clip_val': 0.16332581440075217, 'hidden_size': 72, 'dropout': 0.20624525659963971, 'hidden_continuous_size': 29, 'attention_head_size': 3, 'learning_rate': 0.00637259965398025}. Best is trial 21 with value: 67.35095977783203.
LOCAL_RANK: 0 - CUDA_VISIBLE_DEVICES: [0]
[I 2023-11-30 04:22:59,617] Trial 22 finished with value: 93.45443725585938 and parameters: {'gradient_clip_val': 0.13916332180490382, 'hidden_size': 43, 'dropout': 0.21194813422800787, 'hidden_continuous_size': 27, 'attention_head_size': 3, 'learning_rate': 0.0035736646459961236}. Best is trial 21 with value: 67.35095977783203.
LOCAL_RANK: 0 - CUDA_VISIBLE_DEVICES: [0]
[I 2023-11-30 04:23:13,094] Trial 23 finished with value: 67.32762908935547 and parameters: {'gradient_clip_val': 0.17093791062545433, 'hidden_size': 76, 'dropout': 0.13154317461208254, 'hidden_continuous_size': 48, 'attention_head_size': 3, 'learning_rate': 0.008131818872056322}. Best is trial 23 with value: 67.32762908935547.
LOCAL_RANK: 0 - CUDA_VISIBLE_DEVICES: [0]
[I 2023-11-30 04:23:26,417] Trial 24 finished with value: 87.64315032958984 and parameters: {'gradient_clip_val': 0.12369176476262904, 'hidden_size': 75, 'dropout': 0.1307007740165912, 'hidden_continuous_size': 39, 'attention_head_size': 3, 'learning_rate': 0.01763813344800156}. Best is trial 23 with value: 67.32762908935547.
LOCAL_RANK: 0 - CUDA_VISIBLE_DEVICES: [0]
