[I 2023-11-29 21:50:32,853] Trial 17 finished with value: 126.18109893798828 and parameters: {'gradient_clip_val': 0.22399491736408783, 'hidden_size': 79, 'dropout': 0.35918276227688894, 'hidden_continuous_size': 55, 'attention_head_size': 1, 'learning_rate': 0.02076796428262938}. Best is trial 17 with value: 126.18109893798828.
LOCAL_RANK: 0 - CUDA_VISIBLE_DEVICES: [0]
[I 2023-11-29 21:50:47,243] Trial 18 finished with value: 128.92539978027344 and parameters: {'gradient_clip_val': 0.539442262603728, 'hidden_size': 78, 'dropout': 0.3560746758356496, 'hidden_continuous_size': 55, 'attention_head_size': 1, 'learning_rate': 0.01391696595713024}. Best is trial 17 with value: 126.18109893798828.
LOCAL_RANK: 0 - CUDA_VISIBLE_DEVICES: [0]
[I 2023-11-29 21:51:01,531] Trial 19 finished with value: 153.13563537597656 and parameters: {'gradient_clip_val': 0.5298297094046583, 'hidden_size': 89, 'dropout': 0.2783866184040258, 'hidden_continuous_size': 59, 'attention_head_size': 1, 'learning_rate': 0.012461977654170134}. Best is trial 17 with value: 126.18109893798828.
LOCAL_RANK: 0 - CUDA_VISIBLE_DEVICES: [0]
[I 2023-11-29 21:51:16,509] Trial 20 finished with value: 141.1488037109375 and parameters: {'gradient_clip_val': 0.5349686229789051, 'hidden_size': 140, 'dropout': 0.3482986269466687, 'hidden_continuous_size': 110, 'attention_head_size': 1, 'learning_rate': 0.04523104520431878}. Best is trial 17 with value: 126.18109893798828.
LOCAL_RANK: 0 - CUDA_VISIBLE_DEVICES: [0]
[I 2023-11-29 21:51:30,633] Trial 21 finished with value: 149.17230224609375 and parameters: {'gradient_clip_val': 0.29608236098058544, 'hidden_size': 68, 'dropout': 0.363932329286253, 'hidden_continuous_size': 44, 'attention_head_size': 1, 'learning_rate': 0.013661260502577387}. Best is trial 17 with value: 126.18109893798828.
LOCAL_RANK: 0 - CUDA_VISIBLE_DEVICES: [0]
[I 2023-11-29 21:51:44,384] Trial 22 finished with value: 134.04769897460938 and parameters: {'gradient_clip_val': 0.19165781434901064, 'hidden_size': 56, 'dropout': 0.34161042081550835, 'hidden_continuous_size': 34, 'attention_head_size': 1, 'learning_rate': 0.024730844457369432}. Best is trial 17 with value: 126.18109893798828.
LOCAL_RANK: 0 - CUDA_VISIBLE_DEVICES: [0]
[I 2023-11-29 21:51:58,267] Trial 23 finished with value: 162.21702575683594 and parameters: {'gradient_clip_val': 0.19470170100652526, 'hidden_size': 53, 'dropout': 0.33633698072106644, 'hidden_continuous_size': 35, 'attention_head_size': 1, 'learning_rate': 0.00890542270498918}. Best is trial 17 with value: 126.18109893798828.
LOCAL_RANK: 0 - CUDA_VISIBLE_DEVICES: [0]
[I 2023-11-29 21:52:12,224] Trial 24 finished with value: 117.83642578125 and parameters: {'gradient_clip_val': 0.19164873221157935, 'hidden_size': 81, 'dropout': 0.30200859808707214, 'hidden_continuous_size': 33, 'attention_head_size': 1, 'learning_rate': 0.016706358476926204}. Best is trial 24 with value: 117.83642578125.
LOCAL_RANK: 0 - CUDA_VISIBLE_DEVICES: [0]
[I 2023-11-29 21:52:26,617] Trial 25 finished with value: 157.52354431152344 and parameters: {'gradient_clip_val': 0.1409389082302905, 'hidden_size': 104, 'dropout': 0.2954503068722803, 'hidden_continuous_size': 55, 'attention_head_size': 1, 'learning_rate': 0.017323572254934066}. Best is trial 24 with value: 117.83642578125.
LOCAL_RANK: 0 - CUDA_VISIBLE_DEVICES: [0]
[I 2023-11-29 21:52:41,159] Trial 26 finished with value: 140.8841094970703 and parameters: {'gradient_clip_val': 0.2133541983495155, 'hidden_size': 82, 'dropout': 0.31049881015646397, 'hidden_continuous_size': 38, 'attention_head_size': 2, 'learning_rate': 0.013921707256313596}. Best is trial 24 with value: 117.83642578125.
LOCAL_RANK: 0 - CUDA_VISIBLE_DEVICES: [0]
[I 2023-11-29 21:52:55,726] Trial 27 finished with value: 144.42422485351562 and parameters: {'gradient_clip_val': 0.21916130421179256, 'hidden_size': 120, 'dropout': 0.26316744525601576, 'hidden_continuous_size': 26, 'attention_head_size': 1, 'learning_rate': 0.009605918415539809}. Best is trial 24 with value: 117.83642578125.
LOCAL_RANK: 0 - CUDA_VISIBLE_DEVICES: [0]
[I 2023-11-29 21:53:09,988] Trial 28 finished with value: 132.5675811767578 and parameters: {'gradient_clip_val': 0.16621573168103881, 'hidden_size': 81, 'dropout': 0.3537596859218758, 'hidden_continuous_size': 51, 'attention_head_size': 1, 'learning_rate': 0.029468136554943552}. Best is trial 24 with value: 117.83642578125.
LOCAL_RANK: 0 - CUDA_VISIBLE_DEVICES: [0]
[I 2023-11-29 21:53:24,318] Trial 29 finished with value: 165.87921142578125 and parameters: {'gradient_clip_val': 0.1397437755385777, 'hidden_size': 108, 'dropout': 0.30908953513180454, 'hidden_continuous_size': 39, 'attention_head_size': 2, 'learning_rate': 0.043762653704137934}. Best is trial 24 with value: 117.83642578125.
LOCAL_RANK: 0 - CUDA_VISIBLE_DEVICES: [0]
[I 2023-11-29 21:53:38,680] Trial 30 finished with value: 158.2017059326172 and parameters: {'gradient_clip_val': 0.27884561022416776, 'hidden_size': 92, 'dropout': 0.3735790395631094, 'hidden_continuous_size': 59, 'attention_head_size': 1, 'learning_rate': 0.01574693648876309}. Best is trial 24 with value: 117.83642578125.
LOCAL_RANK: 0 - CUDA_VISIBLE_DEVICES: [0]
[I 2023-11-29 21:53:53,230] Trial 31 finished with value: 212.685546875 and parameters: {'gradient_clip_val': 0.16613562715437918, 'hidden_size': 78, 'dropout': 0.3457158735621147, 'hidden_continuous_size': 46, 'attention_head_size': 1, 'learning_rate': 0.02916719364300506}. Best is trial 24 with value: 117.83642578125.
LOCAL_RANK: 0 - CUDA_VISIBLE_DEVICES: [0]
[I 2023-11-29 21:54:07,596] Trial 32 finished with value: 196.5785369873047 and parameters: {'gradient_clip_val': 0.14711100615809514, 'hidden_size': 71, 'dropout': 0.3555338917915101, 'hidden_continuous_size': 53, 'attention_head_size': 1, 'learning_rate': 0.06262913379752509}. Best is trial 24 with value: 117.83642578125.
LOCAL_RANK: 0 - CUDA_VISIBLE_DEVICES: [0]
[I 2023-11-29 21:54:21,794] Trial 33 finished with value: 153.3848114013672 and parameters: {'gradient_clip_val': 0.18582083508868338, 'hidden_size': 86, 'dropout': 0.37815839165299936, 'hidden_continuous_size': 50, 'attention_head_size': 1, 'learning_rate': 0.03634589734969775}. Best is trial 24 with value: 117.83642578125.
LOCAL_RANK: 0 - CUDA_VISIBLE_DEVICES: [0]
[I 2023-11-29 21:54:36,357] Trial 34 finished with value: 128.87413024902344 and parameters: {'gradient_clip_val': 0.21077520798287624, 'hidden_size': 121, 'dropout': 0.3282916733455647, 'hidden_continuous_size': 31, 'attention_head_size': 1, 'learning_rate': 0.02627330518505042}. Best is trial 24 with value: 117.83642578125.
LOCAL_RANK: 0 - CUDA_VISIBLE_DEVICES: [0]
[I 2023-11-29 21:54:50,692] Trial 35 finished with value: 164.85272216796875 and parameters: {'gradient_clip_val': 0.22523183980769917, 'hidden_size': 124, 'dropout': 0.33099423424553054, 'hidden_continuous_size': 31, 'attention_head_size': 1, 'learning_rate': 0.021078149664218282}. Best is trial 24 with value: 117.83642578125.
LOCAL_RANK: 0 - CUDA_VISIBLE_DEVICES: [0]
[I 2023-11-29 21:55:05,366] Trial 36 finished with value: 251.24192810058594 and parameters: {'gradient_clip_val': 0.2621986610683509, 'hidden_size': 101, 'dropout': 0.3185380694855111, 'hidden_continuous_size': 20, 'attention_head_size': 2, 'learning_rate': 0.018872933496106022}. Best is trial 24 with value: 117.83642578125.
LOCAL_RANK: 0 - CUDA_VISIBLE_DEVICES: [0]
[I 2023-11-29 21:55:19,921] Trial 37 finished with value: 151.9916229248047 and parameters: {'gradient_clip_val': 0.3343673814316308, 'hidden_size': 144, 'dropout': 0.2987741679692456, 'hidden_continuous_size': 30, 'attention_head_size': 1, 'learning_rate': 0.025102127425163028}. Best is trial 24 with value: 117.83642578125.
LOCAL_RANK: 0 - CUDA_VISIBLE_DEVICES: [0]
[I 2023-11-29 21:55:34,076] Trial 38 finished with value: 117.08053588867188 and parameters: {'gradient_clip_val': 0.20826235742300736, 'hidden_size': 120, 'dropout': 0.32652090783433085, 'hidden_continuous_size': 27, 'attention_head_size': 1, 'learning_rate': 0.06072994215282556}. Best is trial 38 with value: 117.08053588867188.
LOCAL_RANK: 0 - CUDA_VISIBLE_DEVICES: [0]
[I 2023-11-29 21:55:48,621] Trial 39 finished with value: 144.6873016357422 and parameters: {'gradient_clip_val': 0.20957796323825262, 'hidden_size': 115, 'dropout': 0.3205166469775985, 'hidden_continuous_size': 27, 'attention_head_size': 2, 'learning_rate': 0.061849173651771054}. Best is trial 38 with value: 117.08053588867188.
LOCAL_RANK: 0 - CUDA_VISIBLE_DEVICES: [0]
[I 2023-11-29 21:56:02,908] Trial 40 finished with value: 185.6224822998047 and parameters: {'gradient_clip_val': 0.23317695419482024, 'hidden_size': 128, 'dropout': 0.2656023968287119, 'hidden_continuous_size': 22, 'attention_head_size': 1, 'learning_rate': 0.05110974531730319}. Best is trial 38 with value: 117.08053588867188.
LOCAL_RANK: 0 - CUDA_VISIBLE_DEVICES: [0]
[I 2023-11-29 21:56:17,481] Trial 41 finished with value: 140.0863037109375 and parameters: {'gradient_clip_val': 0.28060465263464496, 'hidden_size': 105, 'dropout': 0.3367472736985742, 'hidden_continuous_size': 34, 'attention_head_size': 1, 'learning_rate': 0.033778155528016864}. Best is trial 38 with value: 117.08053588867188.
LOCAL_RANK: 0 - CUDA_VISIBLE_DEVICES: [0]
[I 2023-11-29 21:56:31,443] Trial 42 finished with value: 138.5186309814453 and parameters: {'gradient_clip_val': 0.1996195502890035, 'hidden_size': 96, 'dropout': 0.35756676568496704, 'hidden_continuous_size': 26, 'attention_head_size': 1, 'learning_rate': 0.015314440210205586}. Best is trial 38 with value: 117.08053588867188.
LOCAL_RANK: 0 - CUDA_VISIBLE_DEVICES: [0]
[I 2023-11-29 21:56:45,906] Trial 43 finished with value: 162.6338348388672 and parameters: {'gradient_clip_val': 0.17771464590616645, 'hidden_size': 119, 'dropout': 0.3163782344310407, 'hidden_continuous_size': 41, 'attention_head_size': 1, 'learning_rate': 0.039139286269964796}. Best is trial 38 with value: 117.08053588867188.
LOCAL_RANK: 0 - CUDA_VISIBLE_DEVICES: [0]
[I 2023-11-29 21:56:59,783] Trial 44 finished with value: 125.37483978271484 and parameters: {'gradient_clip_val': 0.22736232259913172, 'hidden_size': 69, 'dropout': 0.29704700993444266, 'hidden_continuous_size': 31, 'attention_head_size': 1, 'learning_rate': 0.011319819400200711}. Best is trial 38 with value: 117.08053588867188.
LOCAL_RANK: 0 - CUDA_VISIBLE_DEVICES: [0]
[I 2023-11-29 21:57:13,771] Trial 45 finished with value: 158.90713500976562 and parameters: {'gradient_clip_val': 0.2249598054112599, 'hidden_size': 67, 'dropout': 0.3001658199804799, 'hidden_continuous_size': 31, 'attention_head_size': 1, 'learning_rate': 0.07336826571299994}. Best is trial 38 with value: 117.08053588867188.
LOCAL_RANK: 0 - CUDA_VISIBLE_DEVICES: [0]
[I 2023-11-29 21:57:28,979] Trial 46 finished with value: 150.4359130859375 and parameters: {'gradient_clip_val': 0.15543076866884187, 'hidden_size': 150, 'dropout': 0.28444758543323145, 'hidden_continuous_size': 20, 'attention_head_size': 2, 'learning_rate': 0.01095750771121852}. Best is trial 38 with value: 117.08053588867188.
LOCAL_RANK: 0 - CUDA_VISIBLE_DEVICES: [0]
[I 2023-11-29 21:57:42,280] Trial 47 finished with value: 132.28453063964844 and parameters: {'gradient_clip_val': 0.20151103801226639, 'hidden_size': 48, 'dropout': 0.3280872930973482, 'hidden_continuous_size': 24, 'attention_head_size': 1, 'learning_rate': 0.049601902979945336}. Best is trial 38 with value: 117.08053588867188.
LOCAL_RANK: 0 - CUDA_VISIBLE_DEVICES: [0]
[I 2023-11-29 21:57:56,221] Trial 48 finished with value: 250.05894470214844 and parameters: {'gradient_clip_val': 0.18167861258597187, 'hidden_size': 63, 'dropout': 0.30487491563690355, 'hidden_continuous_size': 27, 'attention_head_size': 2, 'learning_rate': 0.008322666526836017}. Best is trial 38 with value: 117.08053588867188.
LOCAL_RANK: 0 - CUDA_VISIBLE_DEVICES: [0]
[I 2023-11-29 21:58:10,626] Trial 49 finished with value: 203.8303680419922 and parameters: {'gradient_clip_val': 0.2460155178310461, 'hidden_size': 97, 'dropout': 0.3192245032458322, 'hidden_continuous_size': 29, 'attention_head_size': 3, 'learning_rate': 0.023831423903002844}. Best is trial 38 with value: 117.08053588867188.
LOCAL_RANK: 0 - CUDA_VISIBLE_DEVICES: [0]
[I 2023-11-29 21:58:24,665] Trial 50 finished with value: 161.43565368652344 and parameters: {'gradient_clip_val': 0.12795191966194297, 'hidden_size': 71, 'dropout': 0.29241174918036145, 'hidden_continuous_size': 37, 'attention_head_size': 1, 'learning_rate': 0.017368586494495766}. Best is trial 38 with value: 117.08053588867188.
LOCAL_RANK: 0 - CUDA_VISIBLE_DEVICES: [0]
[I 2023-11-29 21:58:38,839] Trial 51 finished with value: 128.41273498535156 and parameters: {'gradient_clip_val': 0.8472008881788102, 'hidden_size': 75, 'dropout': 0.34561248017837726, 'hidden_continuous_size': 32, 'attention_head_size': 1, 'learning_rate': 0.011878688697575222}. Best is trial 38 with value: 117.08053588867188.
LOCAL_RANK: 0 - CUDA_VISIBLE_DEVICES: [0]
[I 2023-11-29 21:58:52,838] Trial 52 finished with value: 161.13369750976562 and parameters: {'gradient_clip_val': 0.2115678128779554, 'hidden_size': 89, 'dropout': 0.3413478437511797, 'hidden_continuous_size': 33, 'attention_head_size': 1, 'learning_rate': 0.01134824991329231}. Best is trial 38 with value: 117.08053588867188.
LOCAL_RANK: 0 - CUDA_VISIBLE_DEVICES: [0]
[I 2023-11-29 21:59:07,342] Trial 53 finished with value: 146.01910400390625 and parameters: {'gradient_clip_val': 0.2590077564113907, 'hidden_size': 109, 'dropout': 0.3835222427489827, 'hidden_continuous_size': 42, 'attention_head_size': 1, 'learning_rate': 0.020318535118109566}. Best is trial 38 with value: 117.08053588867188.
LOCAL_RANK: 0 - CUDA_VISIBLE_DEVICES: [0]
[I 2023-11-29 21:59:21,445] Trial 54 finished with value: 151.86480712890625 and parameters: {'gradient_clip_val': 0.7656746692405155, 'hidden_size': 61, 'dropout': 0.3676515141401414, 'hidden_continuous_size': 37, 'attention_head_size': 1, 'learning_rate': 0.03045870258844148}. Best is trial 38 with value: 117.08053588867188.
LOCAL_RANK: 0 - CUDA_VISIBLE_DEVICES: [0]
[I 2023-11-29 21:59:35,962] Trial 55 finished with value: 235.2855224609375 and parameters: {'gradient_clip_val': 0.9131561592214877, 'hidden_size': 130, 'dropout': 0.3311095241406927, 'hidden_continuous_size': 32, 'attention_head_size': 1, 'learning_rate': 0.007850569624794579}. Best is trial 38 with value: 117.08053588867188.
LOCAL_RANK: 0 - CUDA_VISIBLE_DEVICES: [0]
[I 2023-11-29 21:59:50,173] Trial 56 finished with value: 162.4857635498047 and parameters: {'gradient_clip_val': 0.2313921203217581, 'hidden_size': 73, 'dropout': 0.34677122409007355, 'hidden_continuous_size': 28, 'attention_head_size': 1, 'learning_rate': 0.010280366715875748}. Best is trial 38 with value: 117.08053588867188.
LOCAL_RANK: 0 - CUDA_VISIBLE_DEVICES: [0]
[I 2023-11-29 22:00:04,256] Trial 57 finished with value: 139.14646911621094 and parameters: {'gradient_clip_val': 0.35413249681913944, 'hidden_size': 84, 'dropout': 0.36424772586416887, 'hidden_continuous_size': 30, 'attention_head_size': 4, 'learning_rate': 0.011905837791711052}. Best is trial 38 with value: 117.08053588867188.
LOCAL_RANK: 0 - CUDA_VISIBLE_DEVICES: [0]
[I 2023-11-29 22:00:18,388] Trial 58 finished with value: 137.61985778808594 and parameters: {'gradient_clip_val': 0.1831054037497432, 'hidden_size': 76, 'dropout': 0.3217910489179641, 'hidden_continuous_size': 36, 'attention_head_size': 1, 'learning_rate': 0.015493936826390652}. Best is trial 38 with value: 117.08053588867188.
LOCAL_RANK: 0 - CUDA_VISIBLE_DEVICES: [0]
[I 2023-11-29 22:00:32,877] Trial 59 finished with value: 227.48329162597656 and parameters: {'gradient_clip_val': 0.3070852950505939, 'hidden_size': 98, 'dropout': 0.2782258178174945, 'hidden_continuous_size': 44, 'attention_head_size': 2, 'learning_rate': 0.005201598999953659}. Best is trial 38 with value: 117.08053588867188.
LOCAL_RANK: 0 - CUDA_VISIBLE_DEVICES: [0]
[I 2023-11-29 22:00:47,281] Trial 60 finished with value: 131.02085876464844 and parameters: {'gradient_clip_val': 0.27571343419996447, 'hidden_size': 112, 'dropout': 0.30976391204342457, 'hidden_continuous_size': 33, 'attention_head_size': 1, 'learning_rate': 0.022766111821632695}. Best is trial 38 with value: 117.08053588867188.
LOCAL_RANK: 0 - CUDA_VISIBLE_DEVICES: [0]
[I 2023-11-29 22:01:01,229] Trial 61 finished with value: 145.6816864013672 and parameters: {'gradient_clip_val': 0.57702233284381, 'hidden_size': 67, 'dropout': 0.3542461973447338, 'hidden_continuous_size': 29, 'attention_head_size': 1, 'learning_rate': 0.014078546305353126}. Best is trial 38 with value: 117.08053588867188.
LOCAL_RANK: 0 - CUDA_VISIBLE_DEVICES: [0]
[I 2023-11-29 22:01:15,331] Trial 62 finished with value: 129.55764770507812 and parameters: {'gradient_clip_val': 0.19779458958661858, 'hidden_size': 80, 'dropout': 0.33486919895402123, 'hidden_continuous_size': 39, 'attention_head_size': 1, 'learning_rate': 0.013894424300547221}. Best is trial 38 with value: 117.08053588867188.
LOCAL_RANK: 0 - CUDA_VISIBLE_DEVICES: [0]
[I 2023-11-29 22:01:29,631] Trial 63 finished with value: 149.0452880859375 and parameters: {'gradient_clip_val': 0.433933827662315, 'hidden_size': 86, 'dropout': 0.38317385098347484, 'hidden_continuous_size': 35, 'attention_head_size': 1, 'learning_rate': 0.017259806726193604}. Best is trial 38 with value: 117.08053588867188.
LOCAL_RANK: 0 - CUDA_VISIBLE_DEVICES: [0]
[I 2023-11-29 22:01:43,684] Trial 64 finished with value: 201.90135192871094 and parameters: {'gradient_clip_val': 0.23471231110769653, 'hidden_size': 58, 'dropout': 0.3433421660930027, 'hidden_continuous_size': 33, 'attention_head_size': 1, 'learning_rate': 0.009695650047213178}. Best is trial 38 with value: 117.08053588867188.
LOCAL_RANK: 0 - CUDA_VISIBLE_DEVICES: [0]
[I 2023-11-29 22:01:57,834] Trial 65 finished with value: 129.91497802734375 and parameters: {'gradient_clip_val': 0.16615428959897763, 'hidden_size': 77, 'dropout': 0.3641529252157719, 'hidden_continuous_size': 41, 'attention_head_size': 1, 'learning_rate': 0.027319658298652554}. Best is trial 38 with value: 117.08053588867188.
LOCAL_RANK: 0 - CUDA_VISIBLE_DEVICES: [0]
[I 2023-11-29 22:02:12,167] Trial 66 finished with value: 116.49810028076172 and parameters: {'gradient_clip_val': 0.21114015217320417, 'hidden_size': 92, 'dropout': 0.33148214201807824, 'hidden_continuous_size': 47, 'attention_head_size': 1, 'learning_rate': 0.019185406808681034}. Best is trial 66 with value: 116.49810028076172.
LOCAL_RANK: 0 - CUDA_VISIBLE_DEVICES: [0]
[I 2023-11-29 22:02:26,915] Trial 67 finished with value: 108.95870971679688 and parameters: {'gradient_clip_val': 0.2059476875191825, 'hidden_size': 133, 'dropout': 0.32749986057877967, 'hidden_continuous_size': 46, 'attention_head_size': 1, 'learning_rate': 0.0185321210228595}. Best is trial 67 with value: 108.95870971679688.
LOCAL_RANK: 0 - CUDA_VISIBLE_DEVICES: [0]
[I 2023-11-29 22:02:41,660] Trial 68 finished with value: 124.17989349365234 and parameters: {'gradient_clip_val': 0.25112006507817686, 'hidden_size': 139, 'dropout': 0.30934347032693255, 'hidden_continuous_size': 46, 'attention_head_size': 1, 'learning_rate': 0.019399463134215224}. Best is trial 67 with value: 108.95870971679688.
LOCAL_RANK: 0 - CUDA_VISIBLE_DEVICES: [0]
[I 2023-11-29 22:02:56,443] Trial 69 finished with value: 167.2541961669922 and parameters: {'gradient_clip_val': 0.25429567937173714, 'hidden_size': 135, 'dropout': 0.3044483515374218, 'hidden_continuous_size': 44, 'attention_head_size': 2, 'learning_rate': 0.019486213514057566}. Best is trial 67 with value: 108.95870971679688.
LOCAL_RANK: 0 - CUDA_VISIBLE_DEVICES: [0]
[I 2023-11-29 22:03:11,175] Trial 70 finished with value: 109.77670288085938 and parameters: {'gradient_clip_val': 0.2202901620407376, 'hidden_size': 150, 'dropout': 0.31201207937925135, 'hidden_continuous_size': 48, 'attention_head_size': 1, 'learning_rate': 0.022357051504264078}. Best is trial 67 with value: 108.95870971679688.
LOCAL_RANK: 0 - CUDA_VISIBLE_DEVICES: [0]
[I 2023-11-29 22:03:25,867] Trial 71 finished with value: 127.35684967041016 and parameters: {'gradient_clip_val': 0.19388963959131356, 'hidden_size': 136, 'dropout': 0.3099495856655166, 'hidden_continuous_size': 47, 'attention_head_size': 1, 'learning_rate': 0.022842138851420786}. Best is trial 67 with value: 108.95870971679688.
LOCAL_RANK: 0 - CUDA_VISIBLE_DEVICES: [0]
[I 2023-11-29 22:03:40,698] Trial 72 finished with value: 131.03244018554688 and parameters: {'gradient_clip_val': 0.21994917573986603, 'hidden_size': 150, 'dropout': 0.29504237052259086, 'hidden_continuous_size': 49, 'attention_head_size': 1, 'learning_rate': 0.018359179073063964}. Best is trial 67 with value: 108.95870971679688.
LOCAL_RANK: 0 - CUDA_VISIBLE_DEVICES: [0]
[I 2023-11-29 22:03:55,428] Trial 73 finished with value: 168.12359619140625 and parameters: {'gradient_clip_val': 0.21010673273045935, 'hidden_size': 130, 'dropout': 0.3224712725600086, 'hidden_continuous_size': 57, 'attention_head_size': 1, 'learning_rate': 0.02097892281523549}. Best is trial 67 with value: 108.95870971679688.
LOCAL_RANK: 0 - CUDA_VISIBLE_DEVICES: [0]
[I 2023-11-29 22:04:09,969] Trial 74 finished with value: 176.7755126953125 and parameters: {'gradient_clip_val': 0.24696477268436617, 'hidden_size': 117, 'dropout': 0.3155550298736769, 'hidden_continuous_size': 53, 'attention_head_size': 1, 'learning_rate': 0.031453639232995254}. Best is trial 67 with value: 108.95870971679688.
LOCAL_RANK: 0 - CUDA_VISIBLE_DEVICES: [0]
[I 2023-11-29 22:04:24,415] Trial 75 finished with value: 136.052978515625 and parameters: {'gradient_clip_val': 0.2364573640334399, 'hidden_size': 107, 'dropout': 0.32710600903320397, 'hidden_continuous_size': 64, 'attention_head_size': 1, 'learning_rate': 0.02642881543603477}. Best is trial 67 with value: 108.95870971679688.
LOCAL_RANK: 0 - CUDA_VISIBLE_DEVICES: [0]
