[I 2023-11-29 22:43:15,400] Trial 101 finished with value: 305.21514892578125 and parameters: {'gradient_clip_val': 0.2889107676336013, 'hidden_size': 124, 'dropout': 0.27119859635056626, 'hidden_continuous_size': 21, 'attention_head_size': 4, 'learning_rate': 0.002360740984738762}. Best is trial 92 with value: 295.8279113769531.
LOCAL_RANK: 0 - CUDA_VISIBLE_DEVICES: [0]
[I 2023-11-29 22:43:29,415] Trial 102 finished with value: 342.9638671875 and parameters: {'gradient_clip_val': 0.29179538698495505, 'hidden_size': 122, 'dropout': 0.2721532423462689, 'hidden_continuous_size': 20, 'attention_head_size': 4, 'learning_rate': 0.0023076589058716704}. Best is trial 92 with value: 295.8279113769531.
LOCAL_RANK: 0 - CUDA_VISIBLE_DEVICES: [0]
[I 2023-11-29 22:43:43,562] Trial 103 finished with value: 327.6791076660156 and parameters: {'gradient_clip_val': 0.23576847760657677, 'hidden_size': 126, 'dropout': 0.27908779890957675, 'hidden_continuous_size': 22, 'attention_head_size': 4, 'learning_rate': 0.0019667009745536015}. Best is trial 92 with value: 295.8279113769531.
LOCAL_RANK: 0 - CUDA_VISIBLE_DEVICES: [0]
[I 2023-11-29 22:43:57,339] Trial 104 finished with value: 370.97021484375 and parameters: {'gradient_clip_val': 0.25384385143757016, 'hidden_size': 101, 'dropout': 0.3053231619834658, 'hidden_continuous_size': 19, 'attention_head_size': 4, 'learning_rate': 0.0017422333017638372}. Best is trial 92 with value: 295.8279113769531.
LOCAL_RANK: 0 - CUDA_VISIBLE_DEVICES: [0]
[I 2023-11-29 22:44:11,444] Trial 105 finished with value: 334.2477722167969 and parameters: {'gradient_clip_val': 0.3047210768340579, 'hidden_size': 142, 'dropout': 0.2694931504355029, 'hidden_continuous_size': 24, 'attention_head_size': 4, 'learning_rate': 0.002484423709715491}. Best is trial 92 with value: 295.8279113769531.
LOCAL_RANK: 0 - CUDA_VISIBLE_DEVICES: [0]
[I 2023-11-29 22:44:25,382] Trial 106 finished with value: 329.13916015625 and parameters: {'gradient_clip_val': 0.2209256917420362, 'hidden_size': 117, 'dropout': 0.2548605844320406, 'hidden_continuous_size': 18, 'attention_head_size': 4, 'learning_rate': 0.0015775814093576593}. Best is trial 92 with value: 295.8279113769531.
LOCAL_RANK: 0 - CUDA_VISIBLE_DEVICES: [0]
[I 2023-11-29 22:44:39,475] Trial 107 finished with value: 332.3170471191406 and parameters: {'gradient_clip_val': 0.27901600820668776, 'hidden_size': 130, 'dropout': 0.2853505446299488, 'hidden_continuous_size': 21, 'attention_head_size': 4, 'learning_rate': 0.0029694216078348726}. Best is trial 92 with value: 295.8279113769531.
LOCAL_RANK: 0 - CUDA_VISIBLE_DEVICES: [0]
[I 2023-11-29 22:44:53,628] Trial 108 finished with value: 354.2322692871094 and parameters: {'gradient_clip_val': 0.2663501949673681, 'hidden_size': 110, 'dropout': 0.2613675829593507, 'hidden_continuous_size': 25, 'attention_head_size': 4, 'learning_rate': 0.002059072632158371}. Best is trial 92 with value: 295.8279113769531.
LOCAL_RANK: 0 - CUDA_VISIBLE_DEVICES: [0]
[I 2023-11-29 22:45:07,613] Trial 109 finished with value: 301.0849304199219 and parameters: {'gradient_clip_val': 0.2948073115459285, 'hidden_size': 136, 'dropout': 0.29633607897517233, 'hidden_continuous_size': 17, 'attention_head_size': 4, 'learning_rate': 0.0022457280506978424}. Best is trial 92 with value: 295.8279113769531.
LOCAL_RANK: 0 - CUDA_VISIBLE_DEVICES: [0]
[I 2023-11-29 22:45:21,346] Trial 110 finished with value: 367.7459411621094 and parameters: {'gradient_clip_val': 0.2915220130512898, 'hidden_size': 103, 'dropout': 0.2764222458292, 'hidden_continuous_size': 17, 'attention_head_size': 4, 'learning_rate': 0.0013925124703327775}. Best is trial 92 with value: 295.8279113769531.
LOCAL_RANK: 0 - CUDA_VISIBLE_DEVICES: [0]
[I 2023-11-29 22:45:35,325] Trial 111 finished with value: 330.4061584472656 and parameters: {'gradient_clip_val': 0.3245957288108087, 'hidden_size': 136, 'dropout': 0.29732287515989386, 'hidden_continuous_size': 20, 'attention_head_size': 4, 'learning_rate': 0.0016807921428462873}. Best is trial 92 with value: 295.8279113769531.
LOCAL_RANK: 0 - CUDA_VISIBLE_DEVICES: [0]
[I 2023-11-29 22:45:49,639] Trial 112 finished with value: 311.8426208496094 and parameters: {'gradient_clip_val': 0.3105256473033533, 'hidden_size': 143, 'dropout': 0.31324692179936864, 'hidden_continuous_size': 23, 'attention_head_size': 4, 'learning_rate': 0.00218564348664647}. Best is trial 92 with value: 295.8279113769531.
LOCAL_RANK: 0 - CUDA_VISIBLE_DEVICES: [0]
[I 2023-11-29 22:46:03,786] Trial 113 finished with value: 370.71875 and parameters: {'gradient_clip_val': 0.3189167126354963, 'hidden_size': 118, 'dropout': 0.3122413516915081, 'hidden_continuous_size': 23, 'attention_head_size': 4, 'learning_rate': 0.0025096398806460107}. Best is trial 92 with value: 295.8279113769531.
LOCAL_RANK: 0 - CUDA_VISIBLE_DEVICES: [0]
[I 2023-11-29 22:46:18,078] Trial 114 finished with value: 328.810791015625 and parameters: {'gradient_clip_val': 0.3055561125660278, 'hidden_size': 148, 'dropout': 0.24718936808431027, 'hidden_continuous_size': 22, 'attention_head_size': 4, 'learning_rate': 0.0036872365086768094}. Best is trial 92 with value: 295.8279113769531.
LOCAL_RANK: 0 - CUDA_VISIBLE_DEVICES: [0]
[I 2023-11-29 22:46:32,152] Trial 115 finished with value: 318.6995849609375 and parameters: {'gradient_clip_val': 0.28037852118383333, 'hidden_size': 126, 'dropout': 0.31663983564418474, 'hidden_continuous_size': 27, 'attention_head_size': 4, 'learning_rate': 0.0022885582389444033}. Best is trial 92 with value: 295.8279113769531.
LOCAL_RANK: 0 - CUDA_VISIBLE_DEVICES: [0]
[I 2023-11-29 22:46:46,386] Trial 116 finished with value: 295.8230895996094 and parameters: {'gradient_clip_val': 0.24814122637193498, 'hidden_size': 133, 'dropout': 0.32859020022819624, 'hidden_continuous_size': 18, 'attention_head_size': 4, 'learning_rate': 0.0027815700206849023}. Best is trial 116 with value: 295.8230895996094.
LOCAL_RANK: 0 - CUDA_VISIBLE_DEVICES: [0]
[I 2023-11-29 22:47:00,549] Trial 117 finished with value: 377.4854431152344 and parameters: {'gradient_clip_val': 0.24295826910359974, 'hidden_size': 134, 'dropout': 0.32280950909213607, 'hidden_continuous_size': 19, 'attention_head_size': 4, 'learning_rate': 0.0027538354124239718}. Best is trial 116 with value: 295.8230895996094.
LOCAL_RANK: 0 - CUDA_VISIBLE_DEVICES: [0]
[I 2023-11-29 22:47:14,519] Trial 118 finished with value: 339.7192687988281 and parameters: {'gradient_clip_val': 0.2619669407543272, 'hidden_size': 109, 'dropout': 0.26947673068880196, 'hidden_continuous_size': 18, 'attention_head_size': 4, 'learning_rate': 0.0017487059617403659}. Best is trial 116 with value: 295.8230895996094.
LOCAL_RANK: 0 - CUDA_VISIBLE_DEVICES: [0]
[I 2023-11-29 22:47:28,875] Trial 119 finished with value: 296.3116760253906 and parameters: {'gradient_clip_val': 0.2526727069087585, 'hidden_size': 150, 'dropout': 0.29414634229459635, 'hidden_continuous_size': 21, 'attention_head_size': 4, 'learning_rate': 0.0020006801776320596}. Best is trial 116 with value: 295.8230895996094.
LOCAL_RANK: 0 - CUDA_VISIBLE_DEVICES: [0]
[I 2023-11-29 22:47:42,738] Trial 120 finished with value: 307.1369934082031 and parameters: {'gradient_clip_val': 0.22064057853715585, 'hidden_size': 136, 'dropout': 0.33124732492169345, 'hidden_continuous_size': 17, 'attention_head_size': 4, 'learning_rate': 0.001998178179458332}. Best is trial 116 with value: 295.8230895996094.
LOCAL_RANK: 0 - CUDA_VISIBLE_DEVICES: [0]
[I 2023-11-29 22:47:57,112] Trial 121 finished with value: 306.5782775878906 and parameters: {'gradient_clip_val': 0.22396086521494318, 'hidden_size': 147, 'dropout': 0.3335093101155895, 'hidden_continuous_size': 16, 'attention_head_size': 4, 'learning_rate': 0.0019234708700462551}. Best is trial 116 with value: 295.8230895996094.
LOCAL_RANK: 0 - CUDA_VISIBLE_DEVICES: [0]
[I 2023-11-29 22:48:11,229] Trial 122 finished with value: 310.8934020996094 and parameters: {'gradient_clip_val': 0.22745382034802566, 'hidden_size': 144, 'dropout': 0.3346185047739965, 'hidden_continuous_size': 15, 'attention_head_size': 4, 'learning_rate': 0.001968673406236841}. Best is trial 116 with value: 295.8230895996094.
LOCAL_RANK: 0 - CUDA_VISIBLE_DEVICES: [0]
[I 2023-11-29 22:48:25,588] Trial 123 finished with value: 285.5741271972656 and parameters: {'gradient_clip_val': 0.21036888316236663, 'hidden_size': 150, 'dropout': 0.34531340649696673, 'hidden_continuous_size': 17, 'attention_head_size': 4, 'learning_rate': 0.002013133845088809}. Best is trial 123 with value: 285.5741271972656.
LOCAL_RANK: 0 - CUDA_VISIBLE_DEVICES: [0]
[I 2023-11-29 22:48:39,492] Trial 124 finished with value: 331.6210632324219 and parameters: {'gradient_clip_val': 0.20869080312064583, 'hidden_size': 136, 'dropout': 0.3533370206137963, 'hidden_continuous_size': 17, 'attention_head_size': 4, 'learning_rate': 0.0015108634578762195}. Best is trial 123 with value: 285.5741271972656.
LOCAL_RANK: 0 - CUDA_VISIBLE_DEVICES: [0]
[I 2023-11-29 22:48:53,634] Trial 125 finished with value: 312.5806884765625 and parameters: {'gradient_clip_val': 0.24633362672921624, 'hidden_size': 130, 'dropout': 0.32981658863556124, 'hidden_continuous_size': 15, 'attention_head_size': 4, 'learning_rate': 0.0026025205106526856}. Best is trial 123 with value: 285.5741271972656.
LOCAL_RANK: 0 - CUDA_VISIBLE_DEVICES: [0]
[I 2023-11-29 22:49:07,844] Trial 126 finished with value: 398.7880859375 and parameters: {'gradient_clip_val': 0.21123411976061326, 'hidden_size': 148, 'dropout': 0.3445706195959388, 'hidden_continuous_size': 14, 'attention_head_size': 4, 'learning_rate': 0.0012653317004930262}. Best is trial 123 with value: 285.5741271972656.
LOCAL_RANK: 0 - CUDA_VISIBLE_DEVICES: [0]
[I 2023-11-29 22:49:21,791] Trial 127 finished with value: 316.3243408203125 and parameters: {'gradient_clip_val': 0.19560259403072172, 'hidden_size': 123, 'dropout': 0.3043938796425508, 'hidden_continuous_size': 16, 'attention_head_size': 4, 'learning_rate': 0.003026946040100035}. Best is trial 123 with value: 285.5741271972656.
LOCAL_RANK: 0 - CUDA_VISIBLE_DEVICES: [0]
[I 2023-11-29 22:49:36,200] Trial 128 finished with value: 381.6614685058594 and parameters: {'gradient_clip_val': 0.222322762309246, 'hidden_size': 150, 'dropout': 0.2617710247595159, 'hidden_continuous_size': 18, 'attention_head_size': 4, 'learning_rate': 0.0017109679826095435}. Best is trial 123 with value: 285.5741271972656.
LOCAL_RANK: 0 - CUDA_VISIBLE_DEVICES: [0]
[I 2023-11-29 22:49:50,279] Trial 129 finished with value: 298.2939758300781 and parameters: {'gradient_clip_val': 0.28667305558269235, 'hidden_size': 133, 'dropout': 0.32297451540651384, 'hidden_continuous_size': 17, 'attention_head_size': 4, 'learning_rate': 0.0019739643804473246}. Best is trial 123 with value: 285.5741271972656.
LOCAL_RANK: 0 - CUDA_VISIBLE_DEVICES: [0]
[I 2023-11-29 22:50:04,201] Trial 130 finished with value: 335.3635559082031 and parameters: {'gradient_clip_val': 0.2509310503644492, 'hidden_size': 117, 'dropout': 0.2948277240087975, 'hidden_continuous_size': 16, 'attention_head_size': 4, 'learning_rate': 0.002448237743452231}. Best is trial 123 with value: 285.5741271972656.
LOCAL_RANK: 0 - CUDA_VISIBLE_DEVICES: [0]
[I 2023-11-29 22:50:18,394] Trial 131 finished with value: 352.6673583984375 and parameters: {'gradient_clip_val': 0.242328554494864, 'hidden_size': 131, 'dropout': 0.3218968493268139, 'hidden_continuous_size': 17, 'attention_head_size': 4, 'learning_rate': 0.0020553178486016235}. Best is trial 123 with value: 285.5741271972656.
LOCAL_RANK: 0 - CUDA_VISIBLE_DEVICES: [0]
[I 2023-11-29 22:50:32,624] Trial 132 finished with value: 321.7383117675781 and parameters: {'gradient_clip_val': 0.23435666917333114, 'hidden_size': 137, 'dropout': 0.33034492282480604, 'hidden_continuous_size': 19, 'attention_head_size': 4, 'learning_rate': 0.0019258669337345713}. Best is trial 123 with value: 285.5741271972656.
LOCAL_RANK: 0 - CUDA_VISIBLE_DEVICES: [0]
[I 2023-11-29 22:50:47,177] Trial 133 finished with value: 368.1266174316406 and parameters: {'gradient_clip_val': 0.28807151510251455, 'hidden_size': 150, 'dropout': 0.3423776753532487, 'hidden_continuous_size': 17, 'attention_head_size': 4, 'learning_rate': 0.0014055349519926314}. Best is trial 123 with value: 285.5741271972656.
LOCAL_RANK: 0 - CUDA_VISIBLE_DEVICES: [0]
[I 2023-11-29 22:51:01,292] Trial 134 finished with value: 347.1459045410156 and parameters: {'gradient_clip_val': 0.21506710801770854, 'hidden_size': 125, 'dropout': 0.2549862323580039, 'hidden_continuous_size': 18, 'attention_head_size': 4, 'learning_rate': 0.001580049445633865}. Best is trial 123 with value: 285.5741271972656.
LOCAL_RANK: 0 - CUDA_VISIBLE_DEVICES: [0]
[I 2023-11-29 22:51:15,418] Trial 135 finished with value: 310.9352722167969 and parameters: {'gradient_clip_val': 0.23200788219295415, 'hidden_size': 137, 'dropout': 0.32621007339862984, 'hidden_continuous_size': 16, 'attention_head_size': 4, 'learning_rate': 0.002873459097604701}. Best is trial 123 with value: 285.5741271972656.
LOCAL_RANK: 0 - CUDA_VISIBLE_DEVICES: [0]
[I 2023-11-29 22:51:29,433] Trial 136 finished with value: 366.0711669921875 and parameters: {'gradient_clip_val': 0.20003010591620055, 'hidden_size': 119, 'dropout': 0.3175391255127976, 'hidden_continuous_size': 20, 'attention_head_size': 4, 'learning_rate': 0.002372306695693029}. Best is trial 123 with value: 285.5741271972656.
LOCAL_RANK: 0 - CUDA_VISIBLE_DEVICES: [0]
[I 2023-11-29 22:51:43,552] Trial 137 finished with value: 319.4398498535156 and parameters: {'gradient_clip_val': 0.18395609136508292, 'hidden_size': 130, 'dropout': 0.3101095280957, 'hidden_continuous_size': 15, 'attention_head_size': 4, 'learning_rate': 0.001854066978525916}. Best is trial 123 with value: 285.5741271972656.
LOCAL_RANK: 0 - CUDA_VISIBLE_DEVICES: [0]
[I 2023-11-29 22:51:57,551] Trial 138 finished with value: 310.3782958984375 and parameters: {'gradient_clip_val': 0.25522921211657457, 'hidden_size': 114, 'dropout': 0.27736536813384494, 'hidden_continuous_size': 14, 'attention_head_size': 4, 'learning_rate': 0.003395504562251973}. Best is trial 123 with value: 285.5741271972656.
LOCAL_RANK: 0 - CUDA_VISIBLE_DEVICES: [0]
[I 2023-11-29 22:52:11,846] Trial 139 finished with value: 326.7331848144531 and parameters: {'gradient_clip_val': 0.29323200033682295, 'hidden_size': 142, 'dropout': 0.34144196063991206, 'hidden_continuous_size': 21, 'attention_head_size': 4, 'learning_rate': 0.002043163050513193}. Best is trial 123 with value: 285.5741271972656.
LOCAL_RANK: 0 - CUDA_VISIBLE_DEVICES: [0]
[I 2023-11-29 22:52:26,093] Trial 140 finished with value: 316.643798828125 and parameters: {'gradient_clip_val': 0.2755175114413633, 'hidden_size': 123, 'dropout': 0.36591021164960197, 'hidden_continuous_size': 19, 'attention_head_size': 4, 'learning_rate': 0.002753480878152784}. Best is trial 123 with value: 285.5741271972656.
LOCAL_RANK: 0 - CUDA_VISIBLE_DEVICES: [0]
[I 2023-11-29 22:52:39,944] Trial 141 finished with value: 323.6029968261719 and parameters: {'gradient_clip_val': 0.2566914304518923, 'hidden_size': 132, 'dropout': 0.27815186450889123, 'hidden_continuous_size': 13, 'attention_head_size': 4, 'learning_rate': 0.0034554333578330205}. Best is trial 123 with value: 285.5741271972656.
LOCAL_RANK: 0 - CUDA_VISIBLE_DEVICES: [0]
[I 2023-11-29 22:52:53,802] Trial 142 finished with value: 315.8627014160156 and parameters: {'gradient_clip_val': 0.25327567002720897, 'hidden_size': 115, 'dropout': 0.26713839910260484, 'hidden_continuous_size': 18, 'attention_head_size': 4, 'learning_rate': 0.003091321178308443}. Best is trial 123 with value: 285.5741271972656.
LOCAL_RANK: 0 - CUDA_VISIBLE_DEVICES: [0]
[I 2023-11-29 22:53:08,152] Trial 143 finished with value: 315.5610656738281 and parameters: {'gradient_clip_val': 0.24182086116007132, 'hidden_size': 139, 'dropout': 0.3009075811458001, 'hidden_continuous_size': 14, 'attention_head_size': 4, 'learning_rate': 0.0025640459259676563}. Best is trial 123 with value: 285.5741271972656.
LOCAL_RANK: 0 - CUDA_VISIBLE_DEVICES: [0]
[I 2023-11-29 22:53:22,133] Trial 144 finished with value: 316.9167175292969 and parameters: {'gradient_clip_val': 0.22689433161173997, 'hidden_size': 113, 'dropout': 0.2734783976094483, 'hidden_continuous_size': 16, 'attention_head_size': 4, 'learning_rate': 0.0032686408800777092}. Best is trial 123 with value: 285.5741271972656.
LOCAL_RANK: 0 - CUDA_VISIBLE_DEVICES: [0]
[I 2023-11-29 22:53:36,053] Trial 145 finished with value: 317.4428405761719 and parameters: {'gradient_clip_val': 0.2844524258321503, 'hidden_size': 128, 'dropout': 0.28187699976572994, 'hidden_continuous_size': 17, 'attention_head_size': 4, 'learning_rate': 0.0022606992037811145}. Best is trial 123 with value: 285.5741271972656.
LOCAL_RANK: 0 - CUDA_VISIBLE_DEVICES: [0]
[I 2023-11-29 22:53:49,801] Trial 146 finished with value: 318.1354675292969 and parameters: {'gradient_clip_val': 0.2981113543151469, 'hidden_size': 99, 'dropout': 0.2612751583109657, 'hidden_continuous_size': 19, 'attention_head_size': 4, 'learning_rate': 0.004254276859398089}. Best is trial 123 with value: 285.5741271972656.
LOCAL_RANK: 0 - CUDA_VISIBLE_DEVICES: [0]
[I 2023-11-29 22:54:03,563] Trial 147 finished with value: 319.96380615234375 and parameters: {'gradient_clip_val': 0.26830602153917954, 'hidden_size': 122, 'dropout': 0.250409377335615, 'hidden_continuous_size': 21, 'attention_head_size': 1, 'learning_rate': 0.001776615034213486}. Best is trial 123 with value: 285.5741271972656.
LOCAL_RANK: 0 - CUDA_VISIBLE_DEVICES: [0]
[I 2023-11-29 22:54:18,051] Trial 148 finished with value: 313.1609191894531 and parameters: {'gradient_clip_val': 0.22015279934728377, 'hidden_size': 150, 'dropout': 0.2931954823230044, 'hidden_continuous_size': 12, 'attention_head_size': 4, 'learning_rate': 0.003570411231858732}. Best is trial 123 with value: 285.5741271972656.
LOCAL_RANK: 0 - CUDA_VISIBLE_DEVICES: [0]
[I 2023-11-29 22:54:31,755] Trial 149 finished with value: 319.3619079589844 and parameters: {'gradient_clip_val': 0.3316097405256567, 'hidden_size': 89, 'dropout': 0.30802319145808765, 'hidden_continuous_size': 24, 'attention_head_size': 4, 'learning_rate': 0.0039039029611941008}. Best is trial 123 with value: 285.5741271972656.
[I 2023-11-29 22:54:31,868] A new study created in memory with name: no-name-36a097e7-8e1b-4e81-8a50-b7499e7f4615
/home/le004/conda/anaconda3/envs/tsff_env/lib/python3.9/site-packages/lightning/fabric/plugins/environments/slurm.py:191: The `srun` command is available on your system but is not used. HINT: If your intention is to run Lightning on SLURM, prepend your python command with `srun` like so: srun python /home/le004/master_thesis/git/TSFusionForecast/code/ ...
LOCAL_RANK: 0 - CUDA_VISIBLE_DEVICES: [0]
[I 2023-11-29 22:54:44,268] Trial 0 finished with value: 9566.5400390625 and parameters: {'gradient_clip_val': 0.42191959380200234, 'hidden_size': 27, 'dropout': 0.36957239710462575, 'hidden_continuous_size': 11, 'attention_head_size': 4, 'learning_rate': 0.002442705273589207}. Best is trial 0 with value: 9566.5400390625.
LOCAL_RANK: 0 - CUDA_VISIBLE_DEVICES: [0]
[I 2023-11-29 22:54:57,009] Trial 1 finished with value: 4665.0009765625 and parameters: {'gradient_clip_val': 0.17049890173037438, 'hidden_size': 31, 'dropout': 0.35858292437197403, 'hidden_continuous_size': 26, 'attention_head_size': 4, 'learning_rate': 0.012568807647415458}. Best is trial 1 with value: 4665.0009765625.
LOCAL_RANK: 0 - CUDA_VISIBLE_DEVICES: [0]
[I 2023-11-29 22:55:09,230] Trial 2 finished with value: 12133.5 and parameters: {'gradient_clip_val': 0.32206012303266107, 'hidden_size': 31, 'dropout': 0.3481489268180473, 'hidden_continuous_size': 10, 'attention_head_size': 3, 'learning_rate': 0.0015623667925062771}. Best is trial 1 with value: 4665.0009765625.
LOCAL_RANK: 0 - CUDA_VISIBLE_DEVICES: [0]
[I 2023-11-29 22:55:23,864] Trial 3 finished with value: 4030.913330078125 and parameters: {'gradient_clip_val': 0.1144628900043921, 'hidden_size': 144, 'dropout': 0.16041407730209697, 'hidden_continuous_size': 127, 'attention_head_size': 1, 'learning_rate': 0.07108334093997688}. Best is trial 3 with value: 4030.913330078125.
LOCAL_RANK: 0 - CUDA_VISIBLE_DEVICES: [0]
[I 2023-11-29 22:55:37,987] Trial 4 finished with value: 3326.775634765625 and parameters: {'gradient_clip_val': 0.29651761838620727, 'hidden_size': 145, 'dropout': 0.375337888775916, 'hidden_continuous_size': 12, 'attention_head_size': 3, 'learning_rate': 0.06748112350555195}. Best is trial 4 with value: 3326.775634765625.
LOCAL_RANK: 0 - CUDA_VISIBLE_DEVICES: [0]
[I 2023-11-29 22:55:50,999] Trial 5 finished with value: 4317.24267578125 and parameters: {'gradient_clip_val': 0.8163151493680764, 'hidden_size': 52, 'dropout': 0.34851819661053157, 'hidden_continuous_size': 24, 'attention_head_size': 3, 'learning_rate': 0.008225192486716291}. Best is trial 4 with value: 3326.775634765625.
LOCAL_RANK: 0 - CUDA_VISIBLE_DEVICES: [0]
[I 2023-11-29 22:56:04,939] Trial 6 finished with value: 4335.43505859375 and parameters: {'gradient_clip_val': 0.2953935217085746, 'hidden_size': 126, 'dropout': 0.17760035714619102, 'hidden_continuous_size': 17, 'attention_head_size': 4, 'learning_rate': 0.03888278281275407}. Best is trial 4 with value: 3326.775634765625.
LOCAL_RANK: 0 - CUDA_VISIBLE_DEVICES: [0]
[I 2023-11-29 22:56:18,089] Trial 7 finished with value: 4031.883544921875 and parameters: {'gradient_clip_val': 0.2173734005329716, 'hidden_size': 49, 'dropout': 0.19633943982988306, 'hidden_continuous_size': 38, 'attention_head_size': 1, 'learning_rate': 0.034921203534953364}. Best is trial 4 with value: 3326.775634765625.
LOCAL_RANK: 0 - CUDA_VISIBLE_DEVICES: [0]
