[I 2023-11-30 13:05:22,273] Trial 27 finished with value: 523.5320434570312 and parameters: {'gradient_clip_val': 0.6548826382922076, 'hidden_size': 48, 'dropout': 0.10784208156229347, 'hidden_continuous_size': 22, 'attention_head_size': 2, 'learning_rate': 0.0015216560053025801}. Best is trial 11 with value: 230.527587890625.
LOCAL_RANK: 0 - CUDA_VISIBLE_DEVICES: [0]
[I 2023-11-30 13:05:35,441] Trial 28 finished with value: 446.156982421875 and parameters: {'gradient_clip_val': 0.3565262270627288, 'hidden_size': 62, 'dropout': 0.18671532782982123, 'hidden_continuous_size': 14, 'attention_head_size': 3, 'learning_rate': 0.002630367912232934}. Best is trial 11 with value: 230.527587890625.
LOCAL_RANK: 0 - CUDA_VISIBLE_DEVICES: [0]
[I 2023-11-30 13:05:48,753] Trial 29 finished with value: 239.366943359375 and parameters: {'gradient_clip_val': 0.8329709564047414, 'hidden_size': 76, 'dropout': 0.16884281588784023, 'hidden_continuous_size': 32, 'attention_head_size': 2, 'learning_rate': 0.003263176122807931}. Best is trial 11 with value: 230.527587890625.
LOCAL_RANK: 0 - CUDA_VISIBLE_DEVICES: [0]
[I 2023-11-30 13:06:02,057] Trial 30 finished with value: 307.50616455078125 and parameters: {'gradient_clip_val': 0.8058429878616801, 'hidden_size': 73, 'dropout': 0.17641157135476473, 'hidden_continuous_size': 32, 'attention_head_size': 1, 'learning_rate': 0.006057948895381818}. Best is trial 11 with value: 230.527587890625.
LOCAL_RANK: 0 - CUDA_VISIBLE_DEVICES: [0]
[I 2023-11-30 13:06:15,839] Trial 31 finished with value: 281.0984191894531 and parameters: {'gradient_clip_val': 0.864103098575389, 'hidden_size': 97, 'dropout': 0.1430000232190296, 'hidden_continuous_size': 34, 'attention_head_size': 2, 'learning_rate': 0.0032082886988668937}. Best is trial 11 with value: 230.527587890625.
LOCAL_RANK: 0 - CUDA_VISIBLE_DEVICES: [0]
[I 2023-11-30 13:06:29,202] Trial 32 finished with value: 504.3805236816406 and parameters: {'gradient_clip_val': 0.6963436058581841, 'hidden_size': 69, 'dropout': 0.16507691608609104, 'hidden_continuous_size': 27, 'attention_head_size': 2, 'learning_rate': 0.002319219651177819}. Best is trial 11 with value: 230.527587890625.
LOCAL_RANK: 0 - CUDA_VISIBLE_DEVICES: [0]
[I 2023-11-30 13:06:43,351] Trial 33 finished with value: 221.81248474121094 and parameters: {'gradient_clip_val': 0.7681390416743065, 'hidden_size': 118, 'dropout': 0.12038089268316797, 'hidden_continuous_size': 39, 'attention_head_size': 2, 'learning_rate': 0.005169811856516896}. Best is trial 33 with value: 221.81248474121094.
LOCAL_RANK: 0 - CUDA_VISIBLE_DEVICES: [0]
[I 2023-11-30 13:06:57,264] Trial 34 finished with value: 295.81903076171875 and parameters: {'gradient_clip_val': 0.5848588171831554, 'hidden_size': 124, 'dropout': 0.12886756542699965, 'hidden_continuous_size': 38, 'attention_head_size': 2, 'learning_rate': 0.0060455319369802415}. Best is trial 33 with value: 221.81248474121094.
LOCAL_RANK: 0 - CUDA_VISIBLE_DEVICES: [0]
[I 2023-11-30 13:07:10,857] Trial 35 finished with value: 266.7313537597656 and parameters: {'gradient_clip_val': 0.7626342202216243, 'hidden_size': 77, 'dropout': 0.11558954241444044, 'hidden_continuous_size': 42, 'attention_head_size': 2, 'learning_rate': 0.004776492835183489}. Best is trial 33 with value: 221.81248474121094.
LOCAL_RANK: 0 - CUDA_VISIBLE_DEVICES: [0]
[I 2023-11-30 13:07:24,839] Trial 36 finished with value: 261.1074523925781 and parameters: {'gradient_clip_val': 0.5277817950463695, 'hidden_size': 120, 'dropout': 0.20744541333531227, 'hidden_continuous_size': 52, 'attention_head_size': 3, 'learning_rate': 0.007159869275048196}. Best is trial 33 with value: 221.81248474121094.
LOCAL_RANK: 0 - CUDA_VISIBLE_DEVICES: [0]
[I 2023-11-30 13:07:37,627] Trial 37 finished with value: 614.7905883789062 and parameters: {'gradient_clip_val': 0.6878732639524109, 'hidden_size': 41, 'dropout': 0.11411784264344144, 'hidden_continuous_size': 28, 'attention_head_size': 1, 'learning_rate': 0.004600213879942235}. Best is trial 33 with value: 221.81248474121094.
LOCAL_RANK: 0 - CUDA_VISIBLE_DEVICES: [0]
[I 2023-11-30 13:07:51,018] Trial 38 finished with value: 218.63970947265625 and parameters: {'gradient_clip_val': 0.8156169528537184, 'hidden_size': 56, 'dropout': 0.19415539211607782, 'hidden_continuous_size': 32, 'attention_head_size': 4, 'learning_rate': 0.0031871949377250434}. Best is trial 38 with value: 218.63970947265625.
LOCAL_RANK: 0 - CUDA_VISIBLE_DEVICES: [0]
[I 2023-11-30 13:08:04,472] Trial 39 finished with value: 275.5804748535156 and parameters: {'gradient_clip_val': 0.8197548976529396, 'hidden_size': 55, 'dropout': 0.16117016214861177, 'hidden_continuous_size': 34, 'attention_head_size': 4, 'learning_rate': 0.0026815108375344713}. Best is trial 38 with value: 218.63970947265625.
LOCAL_RANK: 0 - CUDA_VISIBLE_DEVICES: [0]
[I 2023-11-30 13:08:18,103] Trial 40 finished with value: 311.7021484375 and parameters: {'gradient_clip_val': 0.7362748642913565, 'hidden_size': 66, 'dropout': 0.1992915573746479, 'hidden_continuous_size': 36, 'attention_head_size': 4, 'learning_rate': 0.0036403912881463924}. Best is trial 38 with value: 218.63970947265625.
LOCAL_RANK: 0 - CUDA_VISIBLE_DEVICES: [0]
[I 2023-11-30 13:08:30,696] Trial 41 finished with value: 418.4673156738281 and parameters: {'gradient_clip_val': 0.6320832775451488, 'hidden_size': 32, 'dropout': 0.1385503775766305, 'hidden_continuous_size': 24, 'attention_head_size': 4, 'learning_rate': 0.0040813407240006165}. Best is trial 38 with value: 218.63970947265625.
LOCAL_RANK: 0 - CUDA_VISIBLE_DEVICES: [0]
[I 2023-11-30 13:08:44,011] Trial 42 finished with value: 291.3974304199219 and parameters: {'gradient_clip_val': 0.8683199387301482, 'hidden_size': 58, 'dropout': 0.23044556178378603, 'hidden_continuous_size': 30, 'attention_head_size': 3, 'learning_rate': 0.0029609433300979335}. Best is trial 38 with value: 218.63970947265625.
LOCAL_RANK: 0 - CUDA_VISIBLE_DEVICES: [0]
[I 2023-11-30 13:08:57,754] Trial 43 finished with value: 246.2395477294922 and parameters: {'gradient_clip_val': 0.49982815206238657, 'hidden_size': 80, 'dropout': 0.1704809797280172, 'hidden_continuous_size': 40, 'attention_head_size': 2, 'learning_rate': 0.005654070044006422}. Best is trial 38 with value: 218.63970947265625.
LOCAL_RANK: 0 - CUDA_VISIBLE_DEVICES: [0]
[I 2023-11-30 13:09:11,610] Trial 44 finished with value: 274.6888427734375 and parameters: {'gradient_clip_val': 0.46882920177282666, 'hidden_size': 106, 'dropout': 0.1153924075197903, 'hidden_continuous_size': 33, 'attention_head_size': 3, 'learning_rate': 0.009578297515880385}. Best is trial 38 with value: 218.63970947265625.
LOCAL_RANK: 0 - CUDA_VISIBLE_DEVICES: [0]
[I 2023-11-30 13:09:25,371] Trial 45 finished with value: 264.4246826171875 and parameters: {'gradient_clip_val': 0.611734045061026, 'hidden_size': 89, 'dropout': 0.21484929676937572, 'hidden_continuous_size': 29, 'attention_head_size': 1, 'learning_rate': 0.002200076389680121}. Best is trial 38 with value: 218.63970947265625.
LOCAL_RANK: 0 - CUDA_VISIBLE_DEVICES: [0]
[I 2023-11-30 13:09:39,035] Trial 46 finished with value: 240.5775909423828 and parameters: {'gradient_clip_val': 0.6851264507200516, 'hidden_size': 68, 'dropout': 0.1906364919972921, 'hidden_continuous_size': 36, 'attention_head_size': 4, 'learning_rate': 0.003122959444711166}. Best is trial 38 with value: 218.63970947265625.
LOCAL_RANK: 0 - CUDA_VISIBLE_DEVICES: [0]
[I 2023-11-30 13:09:52,818] Trial 47 finished with value: 445.7378845214844 and parameters: {'gradient_clip_val': 0.7239615296805618, 'hidden_size': 71, 'dropout': 0.1927594888530811, 'hidden_continuous_size': 36, 'attention_head_size': 4, 'learning_rate': 0.0028947057364495958}. Best is trial 38 with value: 218.63970947265625.
LOCAL_RANK: 0 - CUDA_VISIBLE_DEVICES: [0]
[I 2023-11-30 13:10:07,206] Trial 48 finished with value: 291.4548645019531 and parameters: {'gradient_clip_val': 0.8568953978350857, 'hidden_size': 132, 'dropout': 0.17442174504016303, 'hidden_continuous_size': 43, 'attention_head_size': 4, 'learning_rate': 0.003947248674499906}. Best is trial 38 with value: 218.63970947265625.
LOCAL_RANK: 0 - CUDA_VISIBLE_DEVICES: [0]
[I 2023-11-30 13:10:21,375] Trial 49 finished with value: 286.4642028808594 and parameters: {'gradient_clip_val': 0.675536888068897, 'hidden_size': 112, 'dropout': 0.10002494878919527, 'hidden_continuous_size': 47, 'attention_head_size': 4, 'learning_rate': 0.0031596580338344423}. Best is trial 38 with value: 218.63970947265625.
LOCAL_RANK: 0 - CUDA_VISIBLE_DEVICES: [0]
[I 2023-11-30 13:10:35,365] Trial 50 finished with value: 404.1229553222656 and parameters: {'gradient_clip_val': 0.7836244912209428, 'hidden_size': 90, 'dropout': 0.1532280749897989, 'hidden_continuous_size': 33, 'attention_head_size': 4, 'learning_rate': 0.005369706202521112}. Best is trial 38 with value: 218.63970947265625.
LOCAL_RANK: 0 - CUDA_VISIBLE_DEVICES: [0]
[I 2023-11-30 13:10:48,764] Trial 51 finished with value: 216.658203125 and parameters: {'gradient_clip_val': 0.5520823134988034, 'hidden_size': 63, 'dropout': 0.2085058419107476, 'hidden_continuous_size': 26, 'attention_head_size': 3, 'learning_rate': 0.003795774753979322}. Best is trial 51 with value: 216.658203125.
LOCAL_RANK: 0 - CUDA_VISIBLE_DEVICES: [0]
[I 2023-11-30 13:11:02,169] Trial 52 finished with value: 323.2680969238281 and parameters: {'gradient_clip_val': 0.5712431294621124, 'hidden_size': 63, 'dropout': 0.1998908838404323, 'hidden_continuous_size': 30, 'attention_head_size': 4, 'learning_rate': 0.0022015579784243817}. Best is trial 51 with value: 216.658203125.
LOCAL_RANK: 0 - CUDA_VISIBLE_DEVICES: [0]
[I 2023-11-30 13:11:15,905] Trial 53 finished with value: 368.0679016113281 and parameters: {'gradient_clip_val': 0.6435214608399371, 'hidden_size': 74, 'dropout': 0.20939414490468722, 'hidden_continuous_size': 26, 'attention_head_size': 3, 'learning_rate': 0.0039947415066432755}. Best is trial 51 with value: 216.658203125.
LOCAL_RANK: 0 - CUDA_VISIBLE_DEVICES: [0]
[I 2023-11-30 13:11:29,186] Trial 54 finished with value: 385.4355773925781 and parameters: {'gradient_clip_val': 0.7366073160149849, 'hidden_size': 51, 'dropout': 0.22887413678895702, 'hidden_continuous_size': 31, 'attention_head_size': 3, 'learning_rate': 0.0031816761007470084}. Best is trial 51 with value: 216.658203125.
LOCAL_RANK: 0 - CUDA_VISIBLE_DEVICES: [0]
[I 2023-11-30 13:11:43,173] Trial 55 finished with value: 319.3900451660156 and parameters: {'gradient_clip_val': 0.9120033293140983, 'hidden_size': 103, 'dropout': 0.1823343543427391, 'hidden_continuous_size': 37, 'attention_head_size': 2, 'learning_rate': 0.007144945725667244}. Best is trial 51 with value: 216.658203125.
LOCAL_RANK: 0 - CUDA_VISIBLE_DEVICES: [0]
[I 2023-11-30 13:11:56,875] Trial 56 finished with value: 455.1993713378906 and parameters: {'gradient_clip_val': 0.8065232109124917, 'hidden_size': 81, 'dropout': 0.13335736565678108, 'hidden_continuous_size': 34, 'attention_head_size': 4, 'learning_rate': 0.005043649959469376}. Best is trial 51 with value: 216.658203125.
LOCAL_RANK: 0 - CUDA_VISIBLE_DEVICES: [0]
[I 2023-11-30 13:12:10,237] Trial 57 finished with value: 344.34033203125 and parameters: {'gradient_clip_val': 0.5547884655873425, 'hidden_size': 66, 'dropout': 0.19463714126977316, 'hidden_continuous_size': 28, 'attention_head_size': 2, 'learning_rate': 0.003711221593512795}. Best is trial 51 with value: 216.658203125.
LOCAL_RANK: 0 - CUDA_VISIBLE_DEVICES: [0]
[I 2023-11-30 13:12:24,203] Trial 58 finished with value: 303.4078674316406 and parameters: {'gradient_clip_val': 0.6157700451185151, 'hidden_size': 93, 'dropout': 0.14868136002276794, 'hidden_continuous_size': 25, 'attention_head_size': 4, 'learning_rate': 0.002051486994797306}. Best is trial 51 with value: 216.658203125.
LOCAL_RANK: 0 - CUDA_VISIBLE_DEVICES: [0]
[I 2023-11-30 13:12:37,712] Trial 59 finished with value: 512.3753051757812 and parameters: {'gradient_clip_val': 0.44156230710428407, 'hidden_size': 59, 'dropout': 0.22131555445324436, 'hidden_continuous_size': 40, 'attention_head_size': 2, 'learning_rate': 0.0029708496159365784}. Best is trial 51 with value: 216.658203125.
LOCAL_RANK: 0 - CUDA_VISIBLE_DEVICES: [0]
[I 2023-11-30 13:12:51,002] Trial 60 finished with value: 202.10906982421875 and parameters: {'gradient_clip_val': 0.5260126747808461, 'hidden_size': 53, 'dropout': 0.17003548265977025, 'hidden_continuous_size': 31, 'attention_head_size': 3, 'learning_rate': 0.004209722981436383}. Best is trial 60 with value: 202.10906982421875.
LOCAL_RANK: 0 - CUDA_VISIBLE_DEVICES: [0]
[I 2023-11-30 13:13:04,191] Trial 61 finished with value: 390.3697814941406 and parameters: {'gradient_clip_val': 0.5197476071133508, 'hidden_size': 53, 'dropout': 0.1781017309369072, 'hidden_continuous_size': 31, 'attention_head_size': 3, 'learning_rate': 0.004380005085779029}. Best is trial 60 with value: 202.10906982421875.
LOCAL_RANK: 0 - CUDA_VISIBLE_DEVICES: [0]
[I 2023-11-30 13:13:17,409] Trial 62 finished with value: 380.1646423339844 and parameters: {'gradient_clip_val': 0.6965446447805423, 'hidden_size': 45, 'dropout': 0.1582268285232613, 'hidden_continuous_size': 35, 'attention_head_size': 3, 'learning_rate': 0.0035125594585112994}. Best is trial 60 with value: 202.10906982421875.
LOCAL_RANK: 0 - CUDA_VISIBLE_DEVICES: [0]
[I 2023-11-30 13:13:31,099] Trial 63 finished with value: 289.253173828125 and parameters: {'gradient_clip_val': 0.6491038944602873, 'hidden_size': 76, 'dropout': 0.1706089702311902, 'hidden_continuous_size': 32, 'attention_head_size': 3, 'learning_rate': 0.002475906629907808}. Best is trial 60 with value: 202.10906982421875.
LOCAL_RANK: 0 - CUDA_VISIBLE_DEVICES: [0]
[I 2023-11-30 13:13:44,556] Trial 64 finished with value: 311.0318603515625 and parameters: {'gradient_clip_val': 0.5429483595832182, 'hidden_size': 68, 'dropout': 0.1864884073487747, 'hidden_continuous_size': 27, 'attention_head_size': 2, 'learning_rate': 0.005310307601783662}. Best is trial 60 with value: 202.10906982421875.
LOCAL_RANK: 0 - CUDA_VISIBLE_DEVICES: [0]
[I 2023-11-30 13:13:58,062] Trial 65 finished with value: 238.237060546875 and parameters: {'gradient_clip_val': 0.5839563213481874, 'hidden_size': 61, 'dropout': 0.12344952014853797, 'hidden_continuous_size': 36, 'attention_head_size': 3, 'learning_rate': 0.004272446818364957}. Best is trial 60 with value: 202.10906982421875.
LOCAL_RANK: 0 - CUDA_VISIBLE_DEVICES: [0]
[I 2023-11-30 13:14:11,313] Trial 66 finished with value: 394.4194641113281 and parameters: {'gradient_clip_val': 0.4469440992810658, 'hidden_size': 50, 'dropout': 0.1224611455805295, 'hidden_continuous_size': 32, 'attention_head_size': 3, 'learning_rate': 0.0042232793487435175}. Best is trial 60 with value: 202.10906982421875.
LOCAL_RANK: 0 - CUDA_VISIBLE_DEVICES: [0]
[I 2023-11-30 13:14:24,703] Trial 67 finished with value: 319.59075927734375 and parameters: {'gradient_clip_val': 0.40731410895876374, 'hidden_size': 56, 'dropout': 0.13748305980311662, 'hidden_continuous_size': 38, 'attention_head_size': 3, 'learning_rate': 0.006770101789606242}. Best is trial 60 with value: 202.10906982421875.
LOCAL_RANK: 0 - CUDA_VISIBLE_DEVICES: [0]
[I 2023-11-30 13:14:38,272] Trial 68 finished with value: 262.35302734375 and parameters: {'gradient_clip_val': 0.5087302889397085, 'hidden_size': 62, 'dropout': 0.10635727879802588, 'hidden_continuous_size': 35, 'attention_head_size': 3, 'learning_rate': 0.008681244133263944}. Best is trial 60 with value: 202.10906982421875.
LOCAL_RANK: 0 - CUDA_VISIBLE_DEVICES: [0]
[I 2023-11-30 13:14:51,815] Trial 69 finished with value: 322.3470764160156 and parameters: {'gradient_clip_val': 0.6099614202455226, 'hidden_size': 85, 'dropout': 0.1298810658107543, 'hidden_continuous_size': 29, 'attention_head_size': 2, 'learning_rate': 0.00509052856053692}. Best is trial 60 with value: 202.10906982421875.
LOCAL_RANK: 0 - CUDA_VISIBLE_DEVICES: [0]
[I 2023-11-30 13:15:04,712] Trial 70 finished with value: 324.66461181640625 and parameters: {'gradient_clip_val': 0.9294994908597236, 'hidden_size': 44, 'dropout': 0.1166814579929171, 'hidden_continuous_size': 33, 'attention_head_size': 2, 'learning_rate': 0.006239325229901508}. Best is trial 60 with value: 202.10906982421875.
LOCAL_RANK: 0 - CUDA_VISIBLE_DEVICES: [0]
[I 2023-11-30 13:15:18,065] Trial 71 finished with value: 332.30670166015625 and parameters: {'gradient_clip_val': 0.5801630806234795, 'hidden_size': 49, 'dropout': 0.14457941391750828, 'hidden_continuous_size': 36, 'attention_head_size': 4, 'learning_rate': 0.0033358893254937455}. Best is trial 60 with value: 202.10906982421875.
LOCAL_RANK: 0 - CUDA_VISIBLE_DEVICES: [0]
[I 2023-11-30 13:15:31,880] Trial 72 finished with value: 335.9643249511719 and parameters: {'gradient_clip_val': 0.7855949979945109, 'hidden_size': 70, 'dropout': 0.17010217482428147, 'hidden_continuous_size': 39, 'attention_head_size': 3, 'learning_rate': 0.002702387474367531}. Best is trial 60 with value: 202.10906982421875.
LOCAL_RANK: 0 - CUDA_VISIBLE_DEVICES: [0]
[I 2023-11-30 13:15:45,270] Trial 73 finished with value: 335.0813903808594 and parameters: {'gradient_clip_val': 0.7175784760555568, 'hidden_size': 59, 'dropout': 0.1521362132998589, 'hidden_continuous_size': 35, 'attention_head_size': 2, 'learning_rate': 0.003821846820615467}. Best is trial 60 with value: 202.10906982421875.
LOCAL_RANK: 0 - CUDA_VISIBLE_DEVICES: [0]
[I 2023-11-30 13:15:58,668] Trial 74 finished with value: 223.47210693359375 and parameters: {'gradient_clip_val': 0.667790927653073, 'hidden_size': 55, 'dropout': 0.16448440896505093, 'hidden_continuous_size': 37, 'attention_head_size': 3, 'learning_rate': 0.004530906543899643}. Best is trial 60 with value: 202.10906982421875.
LOCAL_RANK: 0 - CUDA_VISIBLE_DEVICES: [0]
[I 2023-11-30 13:16:11,594] Trial 75 finished with value: 287.3651123046875 and parameters: {'gradient_clip_val': 0.5365954426610263, 'hidden_size': 42, 'dropout': 0.16169708505648045, 'hidden_continuous_size': 31, 'attention_head_size': 3, 'learning_rate': 0.004442995027834119}. Best is trial 60 with value: 202.10906982421875.
LOCAL_RANK: 0 - CUDA_VISIBLE_DEVICES: [0]
[I 2023-11-30 13:16:24,501] Trial 76 finished with value: 273.52728271484375 and parameters: {'gradient_clip_val': 0.4772462560599365, 'hidden_size': 48, 'dropout': 0.1252259702308827, 'hidden_continuous_size': 29, 'attention_head_size': 3, 'learning_rate': 0.004753403342313877}. Best is trial 60 with value: 202.10906982421875.
LOCAL_RANK: 0 - CUDA_VISIBLE_DEVICES: [0]
[I 2023-11-30 13:16:38,066] Trial 77 finished with value: 333.0721435546875 and parameters: {'gradient_clip_val': 0.8403857948194385, 'hidden_size': 53, 'dropout': 0.10507983304676917, 'hidden_continuous_size': 38, 'attention_head_size': 3, 'learning_rate': 0.005964526005782209}. Best is trial 60 with value: 202.10906982421875.
LOCAL_RANK: 0 - CUDA_VISIBLE_DEVICES: [0]
[I 2023-11-30 13:16:51,046] Trial 78 finished with value: 265.3504333496094 and parameters: {'gradient_clip_val': 0.6566986975656155, 'hidden_size': 39, 'dropout': 0.13629259045700876, 'hidden_continuous_size': 33, 'attention_head_size': 3, 'learning_rate': 0.003391939409293824}. Best is trial 60 with value: 202.10906982421875.
LOCAL_RANK: 0 - CUDA_VISIBLE_DEVICES: [0]
[I 2023-11-30 13:17:04,468] Trial 79 finished with value: 307.7444152832031 and parameters: {'gradient_clip_val': 0.583459728913329, 'hidden_size': 62, 'dropout': 0.14251417308899492, 'hidden_continuous_size': 42, 'attention_head_size': 2, 'learning_rate': 0.0024951167931955556}. Best is trial 60 with value: 202.10906982421875.
LOCAL_RANK: 0 - CUDA_VISIBLE_DEVICES: [0]
[I 2023-11-30 13:17:17,880] Trial 80 finished with value: 241.3158721923828 and parameters: {'gradient_clip_val': 0.7503090627120796, 'hidden_size': 77, 'dropout': 0.16576919620414293, 'hidden_continuous_size': 24, 'attention_head_size': 2, 'learning_rate': 0.003943742422635857}. Best is trial 60 with value: 202.10906982421875.
LOCAL_RANK: 0 - CUDA_VISIBLE_DEVICES: [0]
[I 2023-11-30 13:17:31,264] Trial 81 finished with value: 350.975341796875 and parameters: {'gradient_clip_val': 0.6858207294707099, 'hidden_size': 56, 'dropout': 0.19292535415346942, 'hidden_continuous_size': 37, 'attention_head_size': 4, 'learning_rate': 0.0030166596075865584}. Best is trial 60 with value: 202.10906982421875.
LOCAL_RANK: 0 - CUDA_VISIBLE_DEVICES: [0]
[I 2023-11-30 13:17:44,965] Trial 82 finished with value: 295.0514831542969 and parameters: {'gradient_clip_val': 0.7771295274076155, 'hidden_size': 74, 'dropout': 0.1777882086677778, 'hidden_continuous_size': 40, 'attention_head_size': 3, 'learning_rate': 0.0028142592188196446}. Best is trial 60 with value: 202.10906982421875.
LOCAL_RANK: 0 - CUDA_VISIBLE_DEVICES: [0]
[I 2023-11-30 13:17:58,536] Trial 83 finished with value: 245.6353759765625 and parameters: {'gradient_clip_val': 0.6136983923910981, 'hidden_size': 68, 'dropout': 0.2042007241895079, 'hidden_continuous_size': 35, 'attention_head_size': 4, 'learning_rate': 0.0035673502825105587}. Best is trial 60 with value: 202.10906982421875.
LOCAL_RANK: 0 - CUDA_VISIBLE_DEVICES: [0]
[I 2023-11-30 13:18:11,860] Trial 84 finished with value: 385.875732421875 and parameters: {'gradient_clip_val': 0.7095166190651448, 'hidden_size': 64, 'dropout': 0.1567005225412142, 'hidden_continuous_size': 30, 'attention_head_size': 3, 'learning_rate': 0.004870486057269941}. Best is trial 60 with value: 202.10906982421875.
LOCAL_RANK: 0 - CUDA_VISIBLE_DEVICES: [0]
[I 2023-11-30 13:18:25,704] Trial 85 finished with value: 246.3243865966797 and parameters: {'gradient_clip_val': 0.8838285202131944, 'hidden_size': 95, 'dropout': 0.18494910323666902, 'hidden_continuous_size': 44, 'attention_head_size': 2, 'learning_rate': 0.004274651008116694}. Best is trial 60 with value: 202.10906982421875.
LOCAL_RANK: 0 - CUDA_VISIBLE_DEVICES: [0]
