[I 2023-11-30 06:16:24,215] Trial 105 finished with value: 26.310874938964844 and parameters: {'gradient_clip_val': 0.1039856158727393, 'hidden_size': 38, 'dropout': 0.1716279395352905, 'hidden_continuous_size': 15, 'attention_head_size': 2, 'learning_rate': 0.0026483859181938734}. Best is trial 64 with value: 15.855354309082031.
LOCAL_RANK: 0 - CUDA_VISIBLE_DEVICES: [0]
[I 2023-11-30 06:16:37,314] Trial 106 finished with value: 18.339454650878906 and parameters: {'gradient_clip_val': 0.15600960759114346, 'hidden_size': 54, 'dropout': 0.2173340799382078, 'hidden_continuous_size': 11, 'attention_head_size': 4, 'learning_rate': 0.006757134790066651}. Best is trial 64 with value: 15.855354309082031.
LOCAL_RANK: 0 - CUDA_VISIBLE_DEVICES: [0]
[I 2023-11-30 06:16:49,907] Trial 107 finished with value: 16.940092086791992 and parameters: {'gradient_clip_val': 0.114402931989487, 'hidden_size': 41, 'dropout': 0.22703694920103334, 'hidden_continuous_size': 11, 'attention_head_size': 2, 'learning_rate': 0.004896020309750454}. Best is trial 64 with value: 15.855354309082031.
LOCAL_RANK: 0 - CUDA_VISIBLE_DEVICES: [0]
[I 2023-11-30 06:17:02,522] Trial 108 finished with value: 18.0134334564209 and parameters: {'gradient_clip_val': 0.13485008036426058, 'hidden_size': 41, 'dropout': 0.18957522822884815, 'hidden_continuous_size': 11, 'attention_head_size': 2, 'learning_rate': 0.005626549870544012}. Best is trial 64 with value: 15.855354309082031.
LOCAL_RANK: 0 - CUDA_VISIBLE_DEVICES: [0]
[I 2023-11-30 06:17:15,103] Trial 109 finished with value: 27.445159912109375 and parameters: {'gradient_clip_val': 0.12337764635305182, 'hidden_size': 35, 'dropout': 0.20548961645738448, 'hidden_continuous_size': 10, 'attention_head_size': 2, 'learning_rate': 0.0035974564304585323}. Best is trial 64 with value: 15.855354309082031.
LOCAL_RANK: 0 - CUDA_VISIBLE_DEVICES: [0]
[I 2023-11-30 06:17:27,799] Trial 110 finished with value: 18.48350715637207 and parameters: {'gradient_clip_val': 0.11057991822553573, 'hidden_size': 45, 'dropout': 0.22797795403218474, 'hidden_continuous_size': 12, 'attention_head_size': 2, 'learning_rate': 0.004804288828543401}. Best is trial 64 with value: 15.855354309082031.
LOCAL_RANK: 0 - CUDA_VISIBLE_DEVICES: [0]
[I 2023-11-30 06:17:40,769] Trial 111 finished with value: 18.750879287719727 and parameters: {'gradient_clip_val': 0.11525909323723213, 'hidden_size': 50, 'dropout': 0.24363807717941183, 'hidden_continuous_size': 19, 'attention_head_size': 2, 'learning_rate': 0.00606172302297317}. Best is trial 64 with value: 15.855354309082031.
LOCAL_RANK: 0 - CUDA_VISIBLE_DEVICES: [0]
[I 2023-11-30 06:17:53,352] Trial 112 finished with value: 21.889503479003906 and parameters: {'gradient_clip_val': 0.10000751054536068, 'hidden_size': 48, 'dropout': 0.22128417667700354, 'hidden_continuous_size': 12, 'attention_head_size': 2, 'learning_rate': 0.004201229687025394}. Best is trial 64 with value: 15.855354309082031.
LOCAL_RANK: 0 - CUDA_VISIBLE_DEVICES: [0]
[I 2023-11-30 06:18:06,228] Trial 113 finished with value: 22.42266082763672 and parameters: {'gradient_clip_val': 0.12143893030542786, 'hidden_size': 57, 'dropout': 0.25257936612226806, 'hidden_continuous_size': 11, 'attention_head_size': 3, 'learning_rate': 0.0049717820947289566}. Best is trial 64 with value: 15.855354309082031.
LOCAL_RANK: 0 - CUDA_VISIBLE_DEVICES: [0]
[I 2023-11-30 06:18:19,788] Trial 114 finished with value: 18.21993637084961 and parameters: {'gradient_clip_val': 0.13085228173792865, 'hidden_size': 62, 'dropout': 0.2077111251928413, 'hidden_continuous_size': 31, 'attention_head_size': 2, 'learning_rate': 0.003871570905307845}. Best is trial 64 with value: 15.855354309082031.
LOCAL_RANK: 0 - CUDA_VISIBLE_DEVICES: [0]
[I 2023-11-30 06:18:32,508] Trial 115 finished with value: 22.2803955078125 and parameters: {'gradient_clip_val': 0.10655446644626651, 'hidden_size': 42, 'dropout': 0.1355978958277369, 'hidden_continuous_size': 14, 'attention_head_size': 2, 'learning_rate': 0.004535034497418068}. Best is trial 64 with value: 15.855354309082031.
LOCAL_RANK: 0 - CUDA_VISIBLE_DEVICES: [0]
[I 2023-11-30 06:18:45,155] Trial 116 finished with value: 19.665082931518555 and parameters: {'gradient_clip_val': 0.14139461860619743, 'hidden_size': 37, 'dropout': 0.23562010166895442, 'hidden_continuous_size': 11, 'attention_head_size': 3, 'learning_rate': 0.005652306920500297}. Best is trial 64 with value: 15.855354309082031.
LOCAL_RANK: 0 - CUDA_VISIBLE_DEVICES: [0]
[I 2023-11-30 06:18:57,482] Trial 117 finished with value: 18.42609977722168 and parameters: {'gradient_clip_val': 0.11517821827668089, 'hidden_size': 30, 'dropout': 0.21597956129504386, 'hidden_continuous_size': 10, 'attention_head_size': 2, 'learning_rate': 0.0068525110395613285}. Best is trial 64 with value: 15.855354309082031.
LOCAL_RANK: 0 - CUDA_VISIBLE_DEVICES: [0]
[I 2023-11-30 06:19:10,486] Trial 118 finished with value: 17.813024520874023 and parameters: {'gradient_clip_val': 0.12886933924943791, 'hidden_size': 53, 'dropout': 0.18162336633551618, 'hidden_continuous_size': 13, 'attention_head_size': 3, 'learning_rate': 0.005251853050018297}. Best is trial 64 with value: 15.855354309082031.
LOCAL_RANK: 0 - CUDA_VISIBLE_DEVICES: [0]
[I 2023-11-30 06:19:23,493] Trial 119 finished with value: 32.12282943725586 and parameters: {'gradient_clip_val': 0.14941926624284557, 'hidden_size': 45, 'dropout': 0.22747877463753868, 'hidden_continuous_size': 15, 'attention_head_size': 4, 'learning_rate': 0.003314851301732508}. Best is trial 64 with value: 15.855354309082031.
LOCAL_RANK: 0 - CUDA_VISIBLE_DEVICES: [0]
[I 2023-11-30 06:19:35,969] Trial 120 finished with value: 18.798372268676758 and parameters: {'gradient_clip_val': 0.12053534330842756, 'hidden_size': 34, 'dropout': 0.16221154854459507, 'hidden_continuous_size': 10, 'attention_head_size': 2, 'learning_rate': 0.006337890856441876}. Best is trial 64 with value: 15.855354309082031.
LOCAL_RANK: 0 - CUDA_VISIBLE_DEVICES: [0]
[I 2023-11-30 06:19:48,981] Trial 121 finished with value: 19.260894775390625 and parameters: {'gradient_clip_val': 0.13709990714262438, 'hidden_size': 64, 'dropout': 0.17172554827670952, 'hidden_continuous_size': 16, 'attention_head_size': 2, 'learning_rate': 0.002957875753739306}. Best is trial 64 with value: 15.855354309082031.
LOCAL_RANK: 0 - CUDA_VISIBLE_DEVICES: [0]
[I 2023-11-30 06:20:02,074] Trial 122 finished with value: 18.324918746948242 and parameters: {'gradient_clip_val': 0.16472323736550612, 'hidden_size': 67, 'dropout': 0.19905845130844513, 'hidden_continuous_size': 14, 'attention_head_size': 2, 'learning_rate': 0.0037025787950236023}. Best is trial 64 with value: 15.855354309082031.
LOCAL_RANK: 0 - CUDA_VISIBLE_DEVICES: [0]
[I 2023-11-30 06:20:14,895] Trial 123 finished with value: 19.557931900024414 and parameters: {'gradient_clip_val': 0.11269037780863318, 'hidden_size': 60, 'dropout': 0.18717200343959647, 'hidden_continuous_size': 13, 'attention_head_size': 2, 'learning_rate': 0.0033086596967596424}. Best is trial 64 with value: 15.855354309082031.
LOCAL_RANK: 0 - CUDA_VISIBLE_DEVICES: [0]
[I 2023-11-30 06:20:28,402] Trial 124 finished with value: 18.025680541992188 and parameters: {'gradient_clip_val': 0.1256925526011428, 'hidden_size': 71, 'dropout': 0.2328352681017432, 'hidden_continuous_size': 15, 'attention_head_size': 2, 'learning_rate': 0.004228087852555873}. Best is trial 64 with value: 15.855354309082031.
LOCAL_RANK: 0 - CUDA_VISIBLE_DEVICES: [0]
[I 2023-11-30 06:20:41,468] Trial 125 finished with value: 16.438188552856445 and parameters: {'gradient_clip_val': 0.10728236430726872, 'hidden_size': 57, 'dropout': 0.19545285858170566, 'hidden_continuous_size': 17, 'attention_head_size': 2, 'learning_rate': 0.004541284478529857}. Best is trial 64 with value: 15.855354309082031.
LOCAL_RANK: 0 - CUDA_VISIBLE_DEVICES: [0]
[I 2023-11-30 06:20:54,201] Trial 126 finished with value: 20.180648803710938 and parameters: {'gradient_clip_val': 0.10656237935934122, 'hidden_size': 49, 'dropout': 0.2123846538765423, 'hidden_continuous_size': 11, 'attention_head_size': 2, 'learning_rate': 0.0047819335583599454}. Best is trial 64 with value: 15.855354309082031.
LOCAL_RANK: 0 - CUDA_VISIBLE_DEVICES: [0]
[I 2023-11-30 06:21:06,976] Trial 127 finished with value: 21.263700485229492 and parameters: {'gradient_clip_val': 0.11569606588492368, 'hidden_size': 57, 'dropout': 0.19143916675508316, 'hidden_continuous_size': 12, 'attention_head_size': 2, 'learning_rate': 0.00777946523852822}. Best is trial 64 with value: 15.855354309082031.
LOCAL_RANK: 0 - CUDA_VISIBLE_DEVICES: [0]
[I 2023-11-30 06:21:19,679] Trial 128 finished with value: 21.999359130859375 and parameters: {'gradient_clip_val': 0.10357176957834319, 'hidden_size': 41, 'dropout': 0.17796494462238713, 'hidden_continuous_size': 10, 'attention_head_size': 3, 'learning_rate': 0.004049143169429062}. Best is trial 64 with value: 15.855354309082031.
LOCAL_RANK: 0 - CUDA_VISIBLE_DEVICES: [0]
[I 2023-11-30 06:21:32,778] Trial 129 finished with value: 19.465177536010742 and parameters: {'gradient_clip_val': 0.12077446644771031, 'hidden_size': 54, 'dropout': 0.1967211940925311, 'hidden_continuous_size': 12, 'attention_head_size': 2, 'learning_rate': 0.005315544540917967}. Best is trial 64 with value: 15.855354309082031.
LOCAL_RANK: 0 - CUDA_VISIBLE_DEVICES: [0]
[I 2023-11-30 06:21:45,707] Trial 130 finished with value: 16.46510887145996 and parameters: {'gradient_clip_val': 0.10998046473451628, 'hidden_size': 52, 'dropout': 0.24042388611966622, 'hidden_continuous_size': 17, 'attention_head_size': 3, 'learning_rate': 0.006083245115308994}. Best is trial 64 with value: 15.855354309082031.
LOCAL_RANK: 0 - CUDA_VISIBLE_DEVICES: [0]
[I 2023-11-30 06:21:58,703] Trial 131 finished with value: 17.631805419921875 and parameters: {'gradient_clip_val': 0.10866979223692302, 'hidden_size': 50, 'dropout': 0.24764645568900984, 'hidden_continuous_size': 18, 'attention_head_size': 3, 'learning_rate': 0.00608860908905294}. Best is trial 64 with value: 15.855354309082031.
LOCAL_RANK: 0 - CUDA_VISIBLE_DEVICES: [0]
[I 2023-11-30 06:22:11,706] Trial 132 finished with value: 17.260496139526367 and parameters: {'gradient_clip_val': 0.11222190606734556, 'hidden_size': 57, 'dropout': 0.22148598702111208, 'hidden_continuous_size': 17, 'attention_head_size': 3, 'learning_rate': 0.004536063731047048}. Best is trial 64 with value: 15.855354309082031.
LOCAL_RANK: 0 - CUDA_VISIBLE_DEVICES: [0]
[I 2023-11-30 06:22:24,739] Trial 133 finished with value: 20.14141273498535 and parameters: {'gradient_clip_val': 0.11048925231518011, 'hidden_size': 46, 'dropout': 0.22520793897391375, 'hidden_continuous_size': 20, 'attention_head_size': 3, 'learning_rate': 0.004499417378131917}. Best is trial 64 with value: 15.855354309082031.
LOCAL_RANK: 0 - CUDA_VISIBLE_DEVICES: [0]
[I 2023-11-30 06:22:37,473] Trial 134 finished with value: 20.230545043945312 and parameters: {'gradient_clip_val': 0.10076480227205802, 'hidden_size': 52, 'dropout': 0.20993612589661537, 'hidden_continuous_size': 16, 'attention_head_size': 3, 'learning_rate': 0.008725431314498298}. Best is trial 64 with value: 15.855354309082031.
LOCAL_RANK: 0 - CUDA_VISIBLE_DEVICES: [0]
[I 2023-11-30 06:22:50,281] Trial 135 finished with value: 19.190597534179688 and parameters: {'gradient_clip_val': 0.11388441653427644, 'hidden_size': 39, 'dropout': 0.21934195189348213, 'hidden_continuous_size': 17, 'attention_head_size': 4, 'learning_rate': 0.007117116341864122}. Best is trial 64 with value: 15.855354309082031.
LOCAL_RANK: 0 - CUDA_VISIBLE_DEVICES: [0]
[I 2023-11-30 06:23:03,610] Trial 136 finished with value: 19.22774314880371 and parameters: {'gradient_clip_val': 0.10662190974685999, 'hidden_size': 62, 'dropout': 0.20407964790741057, 'hidden_continuous_size': 20, 'attention_head_size': 3, 'learning_rate': 0.005520091672638461}. Best is trial 64 with value: 15.855354309082031.
LOCAL_RANK: 0 - CUDA_VISIBLE_DEVICES: [0]
[I 2023-11-30 06:23:16,727] Trial 137 finished with value: 16.955394744873047 and parameters: {'gradient_clip_val': 0.13070806790125658, 'hidden_size': 57, 'dropout': 0.23224489372015525, 'hidden_continuous_size': 23, 'attention_head_size': 3, 'learning_rate': 0.004974743588665105}. Best is trial 64 with value: 15.855354309082031.
LOCAL_RANK: 0 - CUDA_VISIBLE_DEVICES: [0]
[I 2023-11-30 06:23:29,621] Trial 138 finished with value: 18.410245895385742 and parameters: {'gradient_clip_val': 0.1323906900269959, 'hidden_size': 44, 'dropout': 0.23971446928478474, 'hidden_continuous_size': 18, 'attention_head_size': 3, 'learning_rate': 0.006486148143424969}. Best is trial 64 with value: 15.855354309082031.
LOCAL_RANK: 0 - CUDA_VISIBLE_DEVICES: [0]
[I 2023-11-30 06:23:42,047] Trial 139 finished with value: 21.058773040771484 and parameters: {'gradient_clip_val': 0.1418727621073038, 'hidden_size': 32, 'dropout': 0.2313071326285885, 'hidden_continuous_size': 17, 'attention_head_size': 3, 'learning_rate': 0.005005755703601364}. Best is trial 64 with value: 15.855354309082031.
LOCAL_RANK: 0 - CUDA_VISIBLE_DEVICES: [0]
[I 2023-11-30 06:23:54,659] Trial 140 finished with value: 18.445905685424805 and parameters: {'gradient_clip_val': 0.12590159539699083, 'hidden_size': 36, 'dropout': 0.22525999488103393, 'hidden_continuous_size': 18, 'attention_head_size': 3, 'learning_rate': 0.008269952328782826}. Best is trial 64 with value: 15.855354309082031.
LOCAL_RANK: 0 - CUDA_VISIBLE_DEVICES: [0]
[I 2023-11-30 06:24:07,708] Trial 141 finished with value: 18.05303955078125 and parameters: {'gradient_clip_val': 0.1193021409628417, 'hidden_size': 57, 'dropout': 0.2146082295485199, 'hidden_continuous_size': 22, 'attention_head_size': 3, 'learning_rate': 0.004541558418131094}. Best is trial 64 with value: 15.855354309082031.
LOCAL_RANK: 0 - CUDA_VISIBLE_DEVICES: [0]
[I 2023-11-30 06:24:20,773] Trial 142 finished with value: 19.619047164916992 and parameters: {'gradient_clip_val': 0.11409069223011706, 'hidden_size': 53, 'dropout': 0.16534838273415725, 'hidden_continuous_size': 21, 'attention_head_size': 3, 'learning_rate': 0.0037121443218844697}. Best is trial 64 with value: 15.855354309082031.
LOCAL_RANK: 0 - CUDA_VISIBLE_DEVICES: [0]
[I 2023-11-30 06:24:34,034] Trial 143 finished with value: 18.988229751586914 and parameters: {'gradient_clip_val': 0.2424017364904803, 'hidden_size': 60, 'dropout': 0.15413206881838934, 'hidden_continuous_size': 24, 'attention_head_size': 2, 'learning_rate': 0.00576877948078045}. Best is trial 64 with value: 15.855354309082031.
LOCAL_RANK: 0 - CUDA_VISIBLE_DEVICES: [0]
[I 2023-11-30 06:24:46,882] Trial 144 finished with value: 15.79405689239502 and parameters: {'gradient_clip_val': 0.1302482716492645, 'hidden_size': 48, 'dropout': 0.2370127232931082, 'hidden_continuous_size': 22, 'attention_head_size': 2, 'learning_rate': 0.003991501339330735}. Best is trial 144 with value: 15.79405689239502.
LOCAL_RANK: 0 - CUDA_VISIBLE_DEVICES: [0]
[I 2023-11-30 06:24:59,741] Trial 145 finished with value: 19.55308723449707 and parameters: {'gradient_clip_val': 0.12935976981447755, 'hidden_size': 48, 'dropout': 0.23712579004840093, 'hidden_continuous_size': 22, 'attention_head_size': 4, 'learning_rate': 0.004378900528741738}. Best is trial 144 with value: 15.79405689239502.
LOCAL_RANK: 0 - CUDA_VISIBLE_DEVICES: [0]
[I 2023-11-30 06:25:12,745] Trial 146 finished with value: 18.95433807373047 and parameters: {'gradient_clip_val': 0.13674968127232062, 'hidden_size': 43, 'dropout': 0.2554251925111018, 'hidden_continuous_size': 23, 'attention_head_size': 3, 'learning_rate': 0.004924241289788894}. Best is trial 144 with value: 15.79405689239502.
LOCAL_RANK: 0 - CUDA_VISIBLE_DEVICES: [0]
[I 2023-11-30 06:25:25,699] Trial 147 finished with value: 21.11408233642578 and parameters: {'gradient_clip_val': 0.1466148887418872, 'hidden_size': 47, 'dropout': 0.24733608592286857, 'hidden_continuous_size': 22, 'attention_head_size': 2, 'learning_rate': 0.005947068869724152}. Best is trial 144 with value: 15.79405689239502.
LOCAL_RANK: 0 - CUDA_VISIBLE_DEVICES: [0]
[I 2023-11-30 06:25:38,653] Trial 148 finished with value: 17.09664535522461 and parameters: {'gradient_clip_val': 0.25866150307734576, 'hidden_size': 38, 'dropout': 0.23187367316247987, 'hidden_continuous_size': 16, 'attention_head_size': 3, 'learning_rate': 0.007454975088809857}. Best is trial 144 with value: 15.79405689239502.
LOCAL_RANK: 0 - CUDA_VISIBLE_DEVICES: [0]
[I 2023-11-30 06:25:51,228] Trial 149 finished with value: 19.133832931518555 and parameters: {'gradient_clip_val': 0.20618754457224572, 'hidden_size': 38, 'dropout': 0.23261956430259972, 'hidden_continuous_size': 17, 'attention_head_size': 3, 'learning_rate': 0.009200947721793412}. Best is trial 144 with value: 15.79405689239502.
[I 2023-11-30 06:25:51,355] A new study created in memory with name: no-name-65b0abea-720e-402a-a74b-b9f7dd0990aa
/home/le004/conda/anaconda3/envs/tsff_env/lib/python3.9/site-packages/lightning/fabric/plugins/environments/slurm.py:191: The `srun` command is available on your system but is not used. HINT: If your intention is to run Lightning on SLURM, prepend your python command with `srun` like so: srun python /home/le004/master_thesis/git/TSFusionForecast/code/ ...
LOCAL_RANK: 0 - CUDA_VISIBLE_DEVICES: [0]
[I 2023-11-30 06:26:05,315] Trial 0 finished with value: 109.09671783447266 and parameters: {'gradient_clip_val': 0.29190133701060667, 'hidden_size': 102, 'dropout': 0.12698074494979067, 'hidden_continuous_size': 44, 'attention_head_size': 3, 'learning_rate': 0.0030309431778476016}. Best is trial 0 with value: 109.09671783447266.
LOCAL_RANK: 0 - CUDA_VISIBLE_DEVICES: [0]
[I 2023-11-30 06:26:19,590] Trial 1 finished with value: 129.14060974121094 and parameters: {'gradient_clip_val': 0.3479368652665886, 'hidden_size': 105, 'dropout': 0.3570547469897367, 'hidden_continuous_size': 89, 'attention_head_size': 2, 'learning_rate': 0.020135400562418478}. Best is trial 0 with value: 109.09671783447266.
LOCAL_RANK: 0 - CUDA_VISIBLE_DEVICES: [0]
[I 2023-11-30 06:26:31,878] Trial 2 finished with value: 97.30152130126953 and parameters: {'gradient_clip_val': 0.4187147247400796, 'hidden_size': 22, 'dropout': 0.15313568092677482, 'hidden_continuous_size': 16, 'attention_head_size': 3, 'learning_rate': 0.03144094338104894}. Best is trial 2 with value: 97.30152130126953.
LOCAL_RANK: 0 - CUDA_VISIBLE_DEVICES: [0]
[I 2023-11-30 06:26:44,126] Trial 3 finished with value: 179.1862335205078 and parameters: {'gradient_clip_val': 0.13689833146239583, 'hidden_size': 14, 'dropout': 0.1341799204243524, 'hidden_continuous_size': 13, 'attention_head_size': 1, 'learning_rate': 0.008216455965194783}. Best is trial 2 with value: 97.30152130126953.
LOCAL_RANK: 0 - CUDA_VISIBLE_DEVICES: [0]
[I 2023-11-30 06:26:56,193] Trial 4 finished with value: 263.5093078613281 and parameters: {'gradient_clip_val': 0.11906003737956945, 'hidden_size': 14, 'dropout': 0.2914542984215046, 'hidden_continuous_size': 10, 'attention_head_size': 3, 'learning_rate': 0.005259840297836382}. Best is trial 2 with value: 97.30152130126953.
LOCAL_RANK: 0 - CUDA_VISIBLE_DEVICES: [0]
[I 2023-11-30 06:27:10,050] Trial 5 finished with value: 77.17523193359375 and parameters: {'gradient_clip_val': 0.2870335241872995, 'hidden_size': 134, 'dropout': 0.261331515488439, 'hidden_continuous_size': 12, 'attention_head_size': 1, 'learning_rate': 0.006664966891191107}. Best is trial 5 with value: 77.17523193359375.
LOCAL_RANK: 0 - CUDA_VISIBLE_DEVICES: [0]
[I 2023-11-30 06:27:23,989] Trial 6 finished with value: 123.47086334228516 and parameters: {'gradient_clip_val': 0.1147887436469259, 'hidden_size': 131, 'dropout': 0.3623451022333378, 'hidden_continuous_size': 24, 'attention_head_size': 1, 'learning_rate': 0.004180956439859248}. Best is trial 5 with value: 77.17523193359375.
LOCAL_RANK: 0 - CUDA_VISIBLE_DEVICES: [0]
[I 2023-11-30 06:27:37,732] Trial 7 finished with value: 144.20986938476562 and parameters: {'gradient_clip_val': 0.17003901082496098, 'hidden_size': 85, 'dropout': 0.14744578971518615, 'hidden_continuous_size': 26, 'attention_head_size': 4, 'learning_rate': 0.0016459376686841424}. Best is trial 5 with value: 77.17523193359375.
LOCAL_RANK: 0 - CUDA_VISIBLE_DEVICES: [0]
[I 2023-11-30 06:27:51,333] Trial 8 finished with value: 269.2645568847656 and parameters: {'gradient_clip_val': 0.2655896764061343, 'hidden_size': 99, 'dropout': 0.36928264050438353, 'hidden_continuous_size': 17, 'attention_head_size': 1, 'learning_rate': 0.0010332273584250393}. Best is trial 5 with value: 77.17523193359375.
LOCAL_RANK: 0 - CUDA_VISIBLE_DEVICES: [0]
[I 2023-11-30 06:28:04,028] Trial 9 finished with value: 122.25384521484375 and parameters: {'gradient_clip_val': 0.2588874378027808, 'hidden_size': 39, 'dropout': 0.32309800042399117, 'hidden_continuous_size': 20, 'attention_head_size': 2, 'learning_rate': 0.013690740517428888}. Best is trial 5 with value: 77.17523193359375.
LOCAL_RANK: 0 - CUDA_VISIBLE_DEVICES: [0]
[I 2023-11-30 06:28:16,873] Trial 10 finished with value: 104.5872802734375 and parameters: {'gradient_clip_val': 0.7207542964973556, 'hidden_size': 55, 'dropout': 0.23229288750818838, 'hidden_continuous_size': 10, 'attention_head_size': 2, 'learning_rate': 0.09703660935129356}. Best is trial 5 with value: 77.17523193359375.
LOCAL_RANK: 0 - CUDA_VISIBLE_DEVICES: [0]
[I 2023-11-30 06:28:28,972] Trial 11 finished with value: 114.20874786376953 and parameters: {'gradient_clip_val': 0.48465647523791916, 'hidden_size': 24, 'dropout': 0.21019587545267504, 'hidden_continuous_size': 12, 'attention_head_size': 4, 'learning_rate': 0.02741725240934375}. Best is trial 5 with value: 77.17523193359375.
LOCAL_RANK: 0 - CUDA_VISIBLE_DEVICES: [0]
