[I 2023-11-30 11:28:31,548] Trial 10 finished with value: 172.4490509033203 and parameters: {'gradient_clip_val': 0.2175256343875181, 'hidden_size': 145, 'dropout': 0.2030030074076591, 'hidden_continuous_size': 84, 'attention_head_size': 4, 'learning_rate': 0.07699639993151995}. Best is trial 7 with value: 150.10638427734375.
LOCAL_RANK: 0 - CUDA_VISIBLE_DEVICES: [0]
[I 2023-11-30 11:28:45,226] Trial 11 finished with value: 184.10693359375 and parameters: {'gradient_clip_val': 0.102846232542771, 'hidden_size': 84, 'dropout': 0.18280724268009438, 'hidden_continuous_size': 23, 'attention_head_size': 4, 'learning_rate': 0.025496367799678742}. Best is trial 7 with value: 150.10638427734375.
LOCAL_RANK: 0 - CUDA_VISIBLE_DEVICES: [0]
[I 2023-11-30 11:28:57,451] Trial 12 finished with value: 550.1561889648438 and parameters: {'gradient_clip_val': 0.17745430341237814, 'hidden_size': 24, 'dropout': 0.1711868258775724, 'hidden_continuous_size': 15, 'attention_head_size': 4, 'learning_rate': 0.004610101580425944}. Best is trial 7 with value: 150.10638427734375.
LOCAL_RANK: 0 - CUDA_VISIBLE_DEVICES: [0]
[I 2023-11-30 11:29:11,205] Trial 13 finished with value: 244.1548614501953 and parameters: {'gradient_clip_val': 0.1938887305113495, 'hidden_size': 87, 'dropout': 0.27845175725335986, 'hidden_continuous_size': 40, 'attention_head_size': 2, 'learning_rate': 0.022958013965569353}. Best is trial 7 with value: 150.10638427734375.
LOCAL_RANK: 0 - CUDA_VISIBLE_DEVICES: [0]
[I 2023-11-30 11:29:23,699] Trial 14 finished with value: 212.1132354736328 and parameters: {'gradient_clip_val': 0.100409509049224, 'hidden_size': 27, 'dropout': 0.15215991619550628, 'hidden_continuous_size': 17, 'attention_head_size': 4, 'learning_rate': 0.008652109641180256}. Best is trial 7 with value: 150.10638427734375.
LOCAL_RANK: 0 - CUDA_VISIBLE_DEVICES: [0]
[I 2023-11-30 11:29:37,875] Trial 15 finished with value: 199.7154083251953 and parameters: {'gradient_clip_val': 0.15728946507986416, 'hidden_size': 129, 'dropout': 0.20108445178449144, 'hidden_continuous_size': 56, 'attention_head_size': 3, 'learning_rate': 0.0022464332848424295}. Best is trial 7 with value: 150.10638427734375.
LOCAL_RANK: 0 - CUDA_VISIBLE_DEVICES: [0]
[I 2023-11-30 11:29:51,248] Trial 16 finished with value: 302.2931213378906 and parameters: {'gradient_clip_val': 0.13817142684842237, 'hidden_size': 62, 'dropout': 0.10067061750944852, 'hidden_continuous_size': 30, 'attention_head_size': 1, 'learning_rate': 0.003323499360140751}. Best is trial 7 with value: 150.10638427734375.
LOCAL_RANK: 0 - CUDA_VISIBLE_DEVICES: [0]
[I 2023-11-30 11:30:04,161] Trial 17 finished with value: 227.2925262451172 and parameters: {'gradient_clip_val': 0.23432639502328603, 'hidden_size': 35, 'dropout': 0.22307069041975922, 'hidden_continuous_size': 20, 'attention_head_size': 4, 'learning_rate': 0.00776271255436432}. Best is trial 7 with value: 150.10638427734375.
LOCAL_RANK: 0 - CUDA_VISIBLE_DEVICES: [0]
[I 2023-11-30 11:30:17,948] Trial 18 finished with value: 178.4298858642578 and parameters: {'gradient_clip_val': 0.17572628080370464, 'hidden_size': 98, 'dropout': 0.1571441105900801, 'hidden_continuous_size': 25, 'attention_head_size': 3, 'learning_rate': 0.013025645554501454}. Best is trial 7 with value: 150.10638427734375.
LOCAL_RANK: 0 - CUDA_VISIBLE_DEVICES: [0]
[I 2023-11-30 11:30:30,761] Trial 19 finished with value: 385.2216491699219 and parameters: {'gradient_clip_val': 0.12480303046566055, 'hidden_size': 48, 'dropout': 0.1336967110641417, 'hidden_continuous_size': 21, 'attention_head_size': 2, 'learning_rate': 0.0027191253816689228}. Best is trial 7 with value: 150.10638427734375.
LOCAL_RANK: 0 - CUDA_VISIBLE_DEVICES: [0]
[I 2023-11-30 11:30:44,219] Trial 20 finished with value: 244.55516052246094 and parameters: {'gradient_clip_val': 0.10083343321104647, 'hidden_size': 68, 'dropout': 0.2096360984955268, 'hidden_continuous_size': 31, 'attention_head_size': 4, 'learning_rate': 0.005701615258884404}. Best is trial 7 with value: 150.10638427734375.
LOCAL_RANK: 0 - CUDA_VISIBLE_DEVICES: [0]
[I 2023-11-30 11:30:56,723] Trial 21 finished with value: 175.30078125 and parameters: {'gradient_clip_val': 0.14785498862504226, 'hidden_size': 31, 'dropout': 0.12947474605491527, 'hidden_continuous_size': 12, 'attention_head_size': 3, 'learning_rate': 0.016472025584511437}. Best is trial 7 with value: 150.10638427734375.
LOCAL_RANK: 0 - CUDA_VISIBLE_DEVICES: [0]
[I 2023-11-30 11:31:09,541] Trial 22 finished with value: 150.25416564941406 and parameters: {'gradient_clip_val': 0.13409303430992928, 'hidden_size': 33, 'dropout': 0.10104284971684564, 'hidden_continuous_size': 17, 'attention_head_size': 3, 'learning_rate': 0.020737774130306207}. Best is trial 7 with value: 150.10638427734375.
LOCAL_RANK: 0 - CUDA_VISIBLE_DEVICES: [0]
[I 2023-11-30 11:31:22,185] Trial 23 finished with value: 159.07888793945312 and parameters: {'gradient_clip_val': 0.17832057683679825, 'hidden_size': 40, 'dropout': 0.10353902867553227, 'hidden_continuous_size': 17, 'attention_head_size': 3, 'learning_rate': 0.029432746186637125}. Best is trial 7 with value: 150.10638427734375.
LOCAL_RANK: 0 - CUDA_VISIBLE_DEVICES: [0]
[I 2023-11-30 11:31:35,100] Trial 24 finished with value: 179.81036376953125 and parameters: {'gradient_clip_val': 0.18121417875487503, 'hidden_size': 52, 'dropout': 0.1650028336792872, 'hidden_continuous_size': 17, 'attention_head_size': 2, 'learning_rate': 0.03095327037800151}. Best is trial 7 with value: 150.10638427734375.
LOCAL_RANK: 0 - CUDA_VISIBLE_DEVICES: [0]
[I 2023-11-30 11:31:47,257] Trial 25 finished with value: 353.5144958496094 and parameters: {'gradient_clip_val': 0.20939005504024882, 'hidden_size': 20, 'dropout': 0.14542643088069346, 'hidden_continuous_size': 12, 'attention_head_size': 3, 'learning_rate': 0.010795285304676678}. Best is trial 7 with value: 150.10638427734375.
LOCAL_RANK: 0 - CUDA_VISIBLE_DEVICES: [0]
[I 2023-11-30 11:32:00,905] Trial 26 finished with value: 208.5627899169922 and parameters: {'gradient_clip_val': 0.15836659923280438, 'hidden_size': 112, 'dropout': 0.13317274205829566, 'hidden_continuous_size': 14, 'attention_head_size': 4, 'learning_rate': 0.04055697872748847}. Best is trial 7 with value: 150.10638427734375.
LOCAL_RANK: 0 - CUDA_VISIBLE_DEVICES: [0]
[I 2023-11-30 11:32:14,557] Trial 27 finished with value: 209.7920684814453 and parameters: {'gradient_clip_val': 0.12014936985128492, 'hidden_size': 74, 'dropout': 0.18315822883276803, 'hidden_continuous_size': 17, 'attention_head_size': 3, 'learning_rate': 0.010822056317917182}. Best is trial 7 with value: 150.10638427734375.
LOCAL_RANK: 0 - CUDA_VISIBLE_DEVICES: [0]
[I 2023-11-30 11:32:28,116] Trial 28 finished with value: 207.21710205078125 and parameters: {'gradient_clip_val': 0.2552485314125765, 'hidden_size': 112, 'dropout': 0.11985451670442614, 'hidden_continuous_size': 27, 'attention_head_size': 2, 'learning_rate': 0.06272770322523064}. Best is trial 7 with value: 150.10638427734375.
LOCAL_RANK: 0 - CUDA_VISIBLE_DEVICES: [0]
[I 2023-11-30 11:32:40,812] Trial 29 finished with value: 199.08677673339844 and parameters: {'gradient_clip_val': 0.12157299593889548, 'hidden_size': 43, 'dropout': 0.23622786119189626, 'hidden_continuous_size': 19, 'attention_head_size': 1, 'learning_rate': 0.0063347361160830465}. Best is trial 7 with value: 150.10638427734375.
LOCAL_RANK: 0 - CUDA_VISIBLE_DEVICES: [0]
[I 2023-11-30 11:32:54,411] Trial 30 finished with value: 184.8771514892578 and parameters: {'gradient_clip_val': 0.167982160213949, 'hidden_size': 76, 'dropout': 0.2711781924007956, 'hidden_continuous_size': 33, 'attention_head_size': 4, 'learning_rate': 0.09091784462099313}. Best is trial 7 with value: 150.10638427734375.
LOCAL_RANK: 0 - CUDA_VISIBLE_DEVICES: [0]
[I 2023-11-30 11:33:07,255] Trial 31 finished with value: 164.54331970214844 and parameters: {'gradient_clip_val': 0.13826114960555697, 'hidden_size': 37, 'dropout': 0.1001187189272936, 'hidden_continuous_size': 22, 'attention_head_size': 3, 'learning_rate': 0.02039766810087307}. Best is trial 7 with value: 150.10638427734375.
LOCAL_RANK: 0 - CUDA_VISIBLE_DEVICES: [0]
[I 2023-11-30 11:33:20,280] Trial 32 finished with value: 149.95208740234375 and parameters: {'gradient_clip_val': 0.1190694059368046, 'hidden_size': 41, 'dropout': 0.11654831153358154, 'hidden_continuous_size': 19, 'attention_head_size': 3, 'learning_rate': 0.03380887591001285}. Best is trial 32 with value: 149.95208740234375.
LOCAL_RANK: 0 - CUDA_VISIBLE_DEVICES: [0]
[I 2023-11-30 11:33:33,008] Trial 33 finished with value: 186.481201171875 and parameters: {'gradient_clip_val': 0.11546795304928148, 'hidden_size': 43, 'dropout': 0.14392847489475963, 'hidden_continuous_size': 18, 'attention_head_size': 3, 'learning_rate': 0.029921037183385162}. Best is trial 32 with value: 149.95208740234375.
LOCAL_RANK: 0 - CUDA_VISIBLE_DEVICES: [0]
[I 2023-11-30 11:33:46,008] Trial 34 finished with value: 202.2080535888672 and parameters: {'gradient_clip_val': 0.15393873471030708, 'hidden_size': 54, 'dropout': 0.11424185152990715, 'hidden_continuous_size': 16, 'attention_head_size': 3, 'learning_rate': 0.04282966729826238}. Best is trial 32 with value: 149.95208740234375.
LOCAL_RANK: 0 - CUDA_VISIBLE_DEVICES: [0]
[I 2023-11-30 11:33:58,753] Trial 35 finished with value: 168.4840087890625 and parameters: {'gradient_clip_val': 0.19457308003004395, 'hidden_size': 44, 'dropout': 0.11586317528835038, 'hidden_continuous_size': 19, 'attention_head_size': 3, 'learning_rate': 0.0314938069073501}. Best is trial 32 with value: 149.95208740234375.
LOCAL_RANK: 0 - CUDA_VISIBLE_DEVICES: [0]
[I 2023-11-30 11:34:11,509] Trial 36 finished with value: 180.4019317626953 and parameters: {'gradient_clip_val': 0.1362031161444446, 'hidden_size': 34, 'dropout': 0.137885598045199, 'hidden_continuous_size': 16, 'attention_head_size': 4, 'learning_rate': 0.020767185592600452}. Best is trial 32 with value: 149.95208740234375.
LOCAL_RANK: 0 - CUDA_VISIBLE_DEVICES: [0]
[I 2023-11-30 11:34:24,289] Trial 37 finished with value: 145.9908905029297 and parameters: {'gradient_clip_val': 0.11519392072169386, 'hidden_size': 40, 'dropout': 0.11232520501968338, 'hidden_continuous_size': 21, 'attention_head_size': 2, 'learning_rate': 0.05595751283846192}. Best is trial 37 with value: 145.9908905029297.
LOCAL_RANK: 0 - CUDA_VISIBLE_DEVICES: [0]
[I 2023-11-30 11:34:34,659] Trial 38 finished with value: 192.2346954345703 and parameters: {'gradient_clip_val': 0.11202343473500252, 'hidden_size': 10, 'dropout': 0.12066482352901846, 'hidden_continuous_size': 10, 'attention_head_size': 1, 'learning_rate': 0.061641942251324834}. Best is trial 37 with value: 145.9908905029297.
LOCAL_RANK: 0 - CUDA_VISIBLE_DEVICES: [0]
[I 2023-11-30 11:34:47,889] Trial 39 finished with value: 168.90333557128906 and parameters: {'gradient_clip_val': 0.12788125624509744, 'hidden_size': 60, 'dropout': 0.15499299438277092, 'hidden_continuous_size': 24, 'attention_head_size': 2, 'learning_rate': 0.045480787327233686}. Best is trial 37 with value: 145.9908905029297.
LOCAL_RANK: 0 - CUDA_VISIBLE_DEVICES: [0]
[I 2023-11-30 11:35:00,408] Trial 40 finished with value: 174.3137664794922 and parameters: {'gradient_clip_val': 0.11443582095790257, 'hidden_size': 30, 'dropout': 0.12478306111013399, 'hidden_continuous_size': 18, 'attention_head_size': 2, 'learning_rate': 0.013629568177096665}. Best is trial 37 with value: 145.9908905029297.
LOCAL_RANK: 0 - CUDA_VISIBLE_DEVICES: [0]
[I 2023-11-30 11:35:13,211] Trial 41 finished with value: 130.7822723388672 and parameters: {'gradient_clip_val': 0.14656644968302457, 'hidden_size': 39, 'dropout': 0.10822867497797015, 'hidden_continuous_size': 21, 'attention_head_size': 3, 'learning_rate': 0.036131333654120135}. Best is trial 41 with value: 130.7822723388672.
LOCAL_RANK: 0 - CUDA_VISIBLE_DEVICES: [0]
[I 2023-11-30 11:35:25,978] Trial 42 finished with value: 165.11988830566406 and parameters: {'gradient_clip_val': 0.14130459541096832, 'hidden_size': 39, 'dropout': 0.11323534558713877, 'hidden_continuous_size': 21, 'attention_head_size': 2, 'learning_rate': 0.054593221005049465}. Best is trial 41 with value: 130.7822723388672.
LOCAL_RANK: 0 - CUDA_VISIBLE_DEVICES: [0]
[I 2023-11-30 11:35:38,762] Trial 43 finished with value: 183.96337890625 and parameters: {'gradient_clip_val': 0.10928112158473996, 'hidden_size': 48, 'dropout': 0.1431779176223749, 'hidden_continuous_size': 22, 'attention_head_size': 3, 'learning_rate': 0.033600544472697044}. Best is trial 41 with value: 130.7822723388672.
LOCAL_RANK: 0 - CUDA_VISIBLE_DEVICES: [0]
[I 2023-11-30 11:35:51,039] Trial 44 finished with value: 169.9547576904297 and parameters: {'gradient_clip_val': 0.1283178534981038, 'hidden_size': 28, 'dropout': 0.13010783380274527, 'hidden_continuous_size': 19, 'attention_head_size': 2, 'learning_rate': 0.025447308535068748}. Best is trial 41 with value: 130.7822723388672.
LOCAL_RANK: 0 - CUDA_VISIBLE_DEVICES: [0]
[I 2023-11-30 11:36:03,722] Trial 45 finished with value: 171.47218322753906 and parameters: {'gradient_clip_val': 0.15306073555600574, 'hidden_size': 34, 'dropout': 0.11122796125202977, 'hidden_continuous_size': 21, 'attention_head_size': 3, 'learning_rate': 0.039645954919812064}. Best is trial 41 with value: 130.7822723388672.
LOCAL_RANK: 0 - CUDA_VISIBLE_DEVICES: [0]
[I 2023-11-30 11:36:16,113] Trial 46 finished with value: 186.55767822265625 and parameters: {'gradient_clip_val': 0.10898187751433809, 'hidden_size': 25, 'dropout': 0.17519484060917362, 'hidden_continuous_size': 15, 'attention_head_size': 3, 'learning_rate': 0.0189703654512468}. Best is trial 41 with value: 130.7822723388672.
LOCAL_RANK: 0 - CUDA_VISIBLE_DEVICES: [0]
[I 2023-11-30 11:36:28,387] Trial 47 finished with value: 165.6420135498047 and parameters: {'gradient_clip_val': 0.12879467465052977, 'hidden_size': 22, 'dropout': 0.10007997888812104, 'hidden_continuous_size': 14, 'attention_head_size': 2, 'learning_rate': 0.05121765238521021}. Best is trial 41 with value: 130.7822723388672.
LOCAL_RANK: 0 - CUDA_VISIBLE_DEVICES: [0]
[I 2023-11-30 11:36:40,833] Trial 48 finished with value: 171.51171875 and parameters: {'gradient_clip_val': 0.10118623478295682, 'hidden_size': 16, 'dropout': 0.16072305544535004, 'hidden_continuous_size': 13, 'attention_head_size': 4, 'learning_rate': 0.07365466751238453}. Best is trial 41 with value: 130.7822723388672.
LOCAL_RANK: 0 - CUDA_VISIBLE_DEVICES: [0]
[I 2023-11-30 11:36:53,525] Trial 49 finished with value: 162.25900268554688 and parameters: {'gradient_clip_val': 0.14153766156085587, 'hidden_size': 33, 'dropout': 0.14941807181916597, 'hidden_continuous_size': 19, 'attention_head_size': 3, 'learning_rate': 0.024634918216950533}. Best is trial 41 with value: 130.7822723388672.
LOCAL_RANK: 0 - CUDA_VISIBLE_DEVICES: [0]
[I 2023-11-30 11:37:05,852] Trial 50 finished with value: 167.39442443847656 and parameters: {'gradient_clip_val': 0.16224526914427242, 'hidden_size': 28, 'dropout': 0.12216329233876226, 'hidden_continuous_size': 18, 'attention_head_size': 4, 'learning_rate': 0.03667240381939005}. Best is trial 41 with value: 130.7822723388672.
LOCAL_RANK: 0 - CUDA_VISIBLE_DEVICES: [0]
[I 2023-11-30 11:37:18,526] Trial 51 finished with value: 150.35328674316406 and parameters: {'gradient_clip_val': 0.12383029898468781, 'hidden_size': 39, 'dropout': 0.10532727243518597, 'hidden_continuous_size': 20, 'attention_head_size': 3, 'learning_rate': 0.02761402226074881}. Best is trial 41 with value: 130.7822723388672.
LOCAL_RANK: 0 - CUDA_VISIBLE_DEVICES: [0]
[I 2023-11-30 11:37:31,314] Trial 52 finished with value: 142.0026397705078 and parameters: {'gradient_clip_val': 0.123260967878255, 'hidden_size': 38, 'dropout': 0.11385003713258293, 'hidden_continuous_size': 20, 'attention_head_size': 3, 'learning_rate': 0.04643735026914998}. Best is trial 41 with value: 130.7822723388672.
LOCAL_RANK: 0 - CUDA_VISIBLE_DEVICES: [0]
[I 2023-11-30 11:37:44,144] Trial 53 finished with value: 151.65077209472656 and parameters: {'gradient_clip_val': 0.11118920056526106, 'hidden_size': 36, 'dropout': 0.13805774032937812, 'hidden_continuous_size': 23, 'attention_head_size': 3, 'learning_rate': 0.049243315608196836}. Best is trial 41 with value: 130.7822723388672.
LOCAL_RANK: 0 - CUDA_VISIBLE_DEVICES: [0]
[I 2023-11-30 11:37:57,158] Trial 54 finished with value: 175.63304138183594 and parameters: {'gradient_clip_val': 0.14339961030111192, 'hidden_size': 47, 'dropout': 0.125359244084345, 'hidden_continuous_size': 25, 'attention_head_size': 3, 'learning_rate': 0.03757320241734296}. Best is trial 41 with value: 130.7822723388672.
LOCAL_RANK: 0 - CUDA_VISIBLE_DEVICES: [0]
[I 2023-11-30 11:38:10,208] Trial 55 finished with value: 168.6157989501953 and parameters: {'gradient_clip_val': 0.1313514924890849, 'hidden_size': 56, 'dropout': 0.11300577003466927, 'hidden_continuous_size': 25, 'attention_head_size': 2, 'learning_rate': 0.05767378303586536}. Best is trial 41 with value: 130.7822723388672.
LOCAL_RANK: 0 - CUDA_VISIBLE_DEVICES: [0]
[I 2023-11-30 11:38:23,014] Trial 56 finished with value: 155.84205627441406 and parameters: {'gradient_clip_val': 0.10742959810897118, 'hidden_size': 40, 'dropout': 0.13559157406213634, 'hidden_continuous_size': 20, 'attention_head_size': 3, 'learning_rate': 0.04649248177100515}. Best is trial 41 with value: 130.7822723388672.
LOCAL_RANK: 0 - CUDA_VISIBLE_DEVICES: [0]
[I 2023-11-30 11:38:35,843] Trial 57 finished with value: 189.87303161621094 and parameters: {'gradient_clip_val': 0.11993833129379973, 'hidden_size': 30, 'dropout': 0.11046146047459401, 'hidden_continuous_size': 22, 'attention_head_size': 3, 'learning_rate': 0.03514465790372914}. Best is trial 41 with value: 130.7822723388672.
LOCAL_RANK: 0 - CUDA_VISIBLE_DEVICES: [0]
[I 2023-11-30 11:38:49,846] Trial 58 finished with value: 205.0617218017578 and parameters: {'gradient_clip_val': 0.16245534515770307, 'hidden_size': 148, 'dropout': 0.14833836833331523, 'hidden_continuous_size': 29, 'attention_head_size': 2, 'learning_rate': 0.022770018480262565}. Best is trial 41 with value: 130.7822723388672.
LOCAL_RANK: 0 - CUDA_VISIBLE_DEVICES: [0]
[I 2023-11-30 11:39:03,077] Trial 59 finished with value: 167.9683074951172 and parameters: {'gradient_clip_val': 0.14807826569640567, 'hidden_size': 50, 'dropout': 0.12953780720609812, 'hidden_continuous_size': 23, 'attention_head_size': 4, 'learning_rate': 0.017478010743300736}. Best is trial 41 with value: 130.7822723388672.
LOCAL_RANK: 0 - CUDA_VISIBLE_DEVICES: [0]
[I 2023-11-30 11:39:16,312] Trial 60 finished with value: 191.8529510498047 and parameters: {'gradient_clip_val': 0.1004810885196655, 'hidden_size': 58, 'dropout': 0.166326655115972, 'hidden_continuous_size': 26, 'attention_head_size': 3, 'learning_rate': 0.0728977593940628}. Best is trial 41 with value: 130.7822723388672.
LOCAL_RANK: 0 - CUDA_VISIBLE_DEVICES: [0]
[I 2023-11-30 11:39:29,092] Trial 61 finished with value: 170.2178497314453 and parameters: {'gradient_clip_val': 0.12131752004526515, 'hidden_size': 39, 'dropout': 0.10638161337236123, 'hidden_continuous_size': 20, 'attention_head_size': 3, 'learning_rate': 0.029642115517283525}. Best is trial 41 with value: 130.7822723388672.
LOCAL_RANK: 0 - CUDA_VISIBLE_DEVICES: [0]
[I 2023-11-30 11:39:42,178] Trial 62 finished with value: 213.7851104736328 and parameters: {'gradient_clip_val': 0.12895233855209698, 'hidden_size': 46, 'dropout': 0.10086140573150641, 'hidden_continuous_size': 20, 'attention_head_size': 3, 'learning_rate': 0.02518151564764468}. Best is trial 41 with value: 130.7822723388672.
LOCAL_RANK: 0 - CUDA_VISIBLE_DEVICES: [0]
[I 2023-11-30 11:39:54,879] Trial 63 finished with value: 178.61407470703125 and parameters: {'gradient_clip_val': 0.12049818845807019, 'hidden_size': 37, 'dropout': 0.11975520584724045, 'hidden_continuous_size': 21, 'attention_head_size': 3, 'learning_rate': 0.04056610484010907}. Best is trial 41 with value: 130.7822723388672.
LOCAL_RANK: 0 - CUDA_VISIBLE_DEVICES: [0]
[I 2023-11-30 11:40:08,120] Trial 64 finished with value: 176.7610626220703 and parameters: {'gradient_clip_val': 0.13525575676731674, 'hidden_size': 64, 'dropout': 0.11244231576080285, 'hidden_continuous_size': 27, 'attention_head_size': 3, 'learning_rate': 0.05011614414615632}. Best is trial 41 with value: 130.7822723388672.
LOCAL_RANK: 0 - CUDA_VISIBLE_DEVICES: [0]
[I 2023-11-30 11:40:21,020] Trial 65 finished with value: 159.9716339111328 and parameters: {'gradient_clip_val': 0.1505615925634725, 'hidden_size': 42, 'dropout': 0.12759446031111726, 'hidden_continuous_size': 18, 'attention_head_size': 3, 'learning_rate': 0.015518809549493246}. Best is trial 41 with value: 130.7822723388672.
LOCAL_RANK: 0 - CUDA_VISIBLE_DEVICES: [0]
[I 2023-11-30 11:40:34,162] Trial 66 finished with value: 170.40541076660156 and parameters: {'gradient_clip_val': 0.17084937011330129, 'hidden_size': 51, 'dropout': 0.10748723472421037, 'hidden_continuous_size': 24, 'attention_head_size': 3, 'learning_rate': 0.028557325373355532}. Best is trial 41 with value: 130.7822723388672.
LOCAL_RANK: 0 - CUDA_VISIBLE_DEVICES: [0]
[I 2023-11-30 11:40:47,012] Trial 67 finished with value: 163.9100799560547 and parameters: {'gradient_clip_val': 0.10697845483112484, 'hidden_size': 32, 'dropout': 0.1391500687435742, 'hidden_continuous_size': 19, 'attention_head_size': 4, 'learning_rate': 0.03526913495488926}. Best is trial 41 with value: 130.7822723388672.
LOCAL_RANK: 0 - CUDA_VISIBLE_DEVICES: [0]
[I 2023-11-30 11:40:59,841] Trial 68 finished with value: 216.63197326660156 and parameters: {'gradient_clip_val': 0.12144679336730063, 'hidden_size': 44, 'dropout': 0.15567967855243442, 'hidden_continuous_size': 22, 'attention_head_size': 2, 'learning_rate': 0.02196148093990541}. Best is trial 41 with value: 130.7822723388672.
LOCAL_RANK: 0 - CUDA_VISIBLE_DEVICES: [0]
