[I 2023-11-30 15:05:13,874] Trial 103 finished with value: 70.09075927734375 and parameters: {'gradient_clip_val': 0.7972275854057543, 'hidden_size': 19, 'dropout': 0.38581305167111446, 'hidden_continuous_size': 16, 'attention_head_size': 1, 'learning_rate': 0.020658847817558276}. Best is trial 57 with value: 62.1993293762207.
LOCAL_RANK: 0 - CUDA_VISIBLE_DEVICES: [0]
[I 2023-11-30 15:05:27,367] Trial 104 finished with value: 74.23321533203125 and parameters: {'gradient_clip_val': 0.8487113739051197, 'hidden_size': 23, 'dropout': 0.3996150098539532, 'hidden_continuous_size': 19, 'attention_head_size': 1, 'learning_rate': 0.016456927291395702}. Best is trial 57 with value: 62.1993293762207.
LOCAL_RANK: 0 - CUDA_VISIBLE_DEVICES: [0]
[I 2023-11-30 15:05:40,278] Trial 105 finished with value: 64.29237365722656 and parameters: {'gradient_clip_val': 0.9131892151656875, 'hidden_size': 16, 'dropout': 0.35857045265739396, 'hidden_continuous_size': 15, 'attention_head_size': 1, 'learning_rate': 0.008644902024306483}. Best is trial 57 with value: 62.1993293762207.
LOCAL_RANK: 0 - CUDA_VISIBLE_DEVICES: [0]
[I 2023-11-30 15:05:53,413] Trial 106 finished with value: 91.66988372802734 and parameters: {'gradient_clip_val': 0.9986786942469065, 'hidden_size': 21, 'dropout': 0.38147194434396237, 'hidden_continuous_size': 15, 'attention_head_size': 1, 'learning_rate': 0.009735194312713219}. Best is trial 57 with value: 62.1993293762207.
LOCAL_RANK: 0 - CUDA_VISIBLE_DEVICES: [0]
[I 2023-11-30 15:06:07,182] Trial 107 finished with value: 78.54898834228516 and parameters: {'gradient_clip_val': 0.737422447801502, 'hidden_size': 17, 'dropout': 0.3610208943998672, 'hidden_continuous_size': 14, 'attention_head_size': 1, 'learning_rate': 0.00889526774164265}. Best is trial 57 with value: 62.1993293762207.
LOCAL_RANK: 0 - CUDA_VISIBLE_DEVICES: [0]
[I 2023-11-30 15:06:20,467] Trial 108 finished with value: 62.769683837890625 and parameters: {'gradient_clip_val': 0.8995928845271695, 'hidden_size': 29, 'dropout': 0.39178162731557997, 'hidden_continuous_size': 16, 'attention_head_size': 2, 'learning_rate': 0.008115945662569481}. Best is trial 57 with value: 62.1993293762207.
LOCAL_RANK: 0 - CUDA_VISIBLE_DEVICES: [0]
[I 2023-11-30 15:06:33,455] Trial 109 finished with value: 72.61461639404297 and parameters: {'gradient_clip_val': 0.9034520580376221, 'hidden_size': 32, 'dropout': 0.3934832343665797, 'hidden_continuous_size': 16, 'attention_head_size': 2, 'learning_rate': 0.008311942490381663}. Best is trial 57 with value: 62.1993293762207.
LOCAL_RANK: 0 - CUDA_VISIBLE_DEVICES: [0]
[I 2023-11-30 15:06:47,383] Trial 110 finished with value: 73.00598907470703 and parameters: {'gradient_clip_val': 0.7762545846622455, 'hidden_size': 30, 'dropout': 0.37383718466407595, 'hidden_continuous_size': 17, 'attention_head_size': 2, 'learning_rate': 0.010276748852343353}. Best is trial 57 with value: 62.1993293762207.
LOCAL_RANK: 0 - CUDA_VISIBLE_DEVICES: [0]
[I 2023-11-30 15:07:00,465] Trial 111 finished with value: 74.7118911743164 and parameters: {'gradient_clip_val': 0.828458476387612, 'hidden_size': 27, 'dropout': 0.3856857983649142, 'hidden_continuous_size': 17, 'attention_head_size': 2, 'learning_rate': 0.006384857835052511}. Best is trial 57 with value: 62.1993293762207.
LOCAL_RANK: 0 - CUDA_VISIBLE_DEVICES: [0]
[I 2023-11-30 15:07:13,411] Trial 112 finished with value: 62.3814582824707 and parameters: {'gradient_clip_val': 0.9155895541156616, 'hidden_size': 29, 'dropout': 0.35687311520771525, 'hidden_continuous_size': 18, 'attention_head_size': 2, 'learning_rate': 0.007643457155429736}. Best is trial 57 with value: 62.1993293762207.
LOCAL_RANK: 0 - CUDA_VISIBLE_DEVICES: [0]
[I 2023-11-30 15:07:27,531] Trial 113 finished with value: 67.52904510498047 and parameters: {'gradient_clip_val': 0.9366428159265142, 'hidden_size': 35, 'dropout': 0.3552701888815125, 'hidden_continuous_size': 18, 'attention_head_size': 2, 'learning_rate': 0.007136245871621817}. Best is trial 57 with value: 62.1993293762207.
LOCAL_RANK: 0 - CUDA_VISIBLE_DEVICES: [0]
[I 2023-11-30 15:07:40,778] Trial 114 finished with value: 61.14107894897461 and parameters: {'gradient_clip_val': 0.8629021597155562, 'hidden_size': 29, 'dropout': 0.34554328241351506, 'hidden_continuous_size': 18, 'attention_head_size': 2, 'learning_rate': 0.008220096932919078}. Best is trial 114 with value: 61.14107894897461.
LOCAL_RANK: 0 - CUDA_VISIBLE_DEVICES: [0]
[I 2023-11-30 15:07:54,425] Trial 115 finished with value: 70.40740203857422 and parameters: {'gradient_clip_val': 0.8803159033869975, 'hidden_size': 28, 'dropout': 0.3673271620811299, 'hidden_continuous_size': 19, 'attention_head_size': 2, 'learning_rate': 0.008622393880841734}. Best is trial 114 with value: 61.14107894897461.
LOCAL_RANK: 0 - CUDA_VISIBLE_DEVICES: [0]
[I 2023-11-30 15:08:07,211] Trial 116 finished with value: 68.76505279541016 and parameters: {'gradient_clip_val': 0.9506432931519598, 'hidden_size': 29, 'dropout': 0.3471418589442882, 'hidden_continuous_size': 18, 'attention_head_size': 2, 'learning_rate': 0.007901657965323633}. Best is trial 114 with value: 61.14107894897461.
LOCAL_RANK: 0 - CUDA_VISIBLE_DEVICES: [0]
[I 2023-11-30 15:08:20,949] Trial 117 finished with value: 76.75707244873047 and parameters: {'gradient_clip_val': 0.9129353096320953, 'hidden_size': 32, 'dropout': 0.35951779903738934, 'hidden_continuous_size': 17, 'attention_head_size': 2, 'learning_rate': 0.006504264599586488}. Best is trial 114 with value: 61.14107894897461.
LOCAL_RANK: 0 - CUDA_VISIBLE_DEVICES: [0]
[I 2023-11-30 15:08:33,802] Trial 118 finished with value: 67.24856567382812 and parameters: {'gradient_clip_val': 0.8610170108292585, 'hidden_size': 33, 'dropout': 0.3418437018915502, 'hidden_continuous_size': 19, 'attention_head_size': 2, 'learning_rate': 0.011202514173010715}. Best is trial 114 with value: 61.14107894897461.
LOCAL_RANK: 0 - CUDA_VISIBLE_DEVICES: [0]
[I 2023-11-30 15:08:46,200] Trial 119 finished with value: 66.79889678955078 and parameters: {'gradient_clip_val': 0.9993402322442688, 'hidden_size': 30, 'dropout': 0.38950200794194983, 'hidden_continuous_size': 16, 'attention_head_size': 2, 'learning_rate': 0.006035393051114598}. Best is trial 114 with value: 61.14107894897461.
LOCAL_RANK: 0 - CUDA_VISIBLE_DEVICES: [0]
[I 2023-11-30 15:08:58,983] Trial 120 finished with value: 63.573734283447266 and parameters: {'gradient_clip_val': 0.8018344591297645, 'hidden_size': 39, 'dropout': 0.3529721646217241, 'hidden_continuous_size': 20, 'attention_head_size': 2, 'learning_rate': 0.0073758606167584635}. Best is trial 114 with value: 61.14107894897461.
LOCAL_RANK: 0 - CUDA_VISIBLE_DEVICES: [0]
[I 2023-11-30 15:09:11,556] Trial 121 finished with value: 70.66868591308594 and parameters: {'gradient_clip_val': 0.8283471918420116, 'hidden_size': 39, 'dropout': 0.35092011985060756, 'hidden_continuous_size': 20, 'attention_head_size': 2, 'learning_rate': 0.007502979839873121}. Best is trial 114 with value: 61.14107894897461.
LOCAL_RANK: 0 - CUDA_VISIBLE_DEVICES: [0]
[I 2023-11-30 15:09:24,288] Trial 122 finished with value: 66.68136596679688 and parameters: {'gradient_clip_val': 0.7957375389486298, 'hidden_size': 37, 'dropout': 0.3756909909618884, 'hidden_continuous_size': 20, 'attention_head_size': 2, 'learning_rate': 0.00685355573287313}. Best is trial 114 with value: 61.14107894897461.
LOCAL_RANK: 0 - CUDA_VISIBLE_DEVICES: [0]
[I 2023-11-30 15:09:37,372] Trial 123 finished with value: 72.08120727539062 and parameters: {'gradient_clip_val': 0.7446154488983949, 'hidden_size': 43, 'dropout': 0.3312922198696868, 'hidden_continuous_size': 22, 'attention_head_size': 2, 'learning_rate': 0.00960276606272409}. Best is trial 114 with value: 61.14107894897461.
LOCAL_RANK: 0 - CUDA_VISIBLE_DEVICES: [0]
[I 2023-11-30 15:09:50,062] Trial 124 finished with value: 57.76438522338867 and parameters: {'gradient_clip_val': 0.9003518794709551, 'hidden_size': 35, 'dropout': 0.3637427075043206, 'hidden_continuous_size': 18, 'attention_head_size': 2, 'learning_rate': 0.005719505836644695}. Best is trial 124 with value: 57.76438522338867.
LOCAL_RANK: 0 - CUDA_VISIBLE_DEVICES: [0]
[I 2023-11-30 15:10:02,621] Trial 125 finished with value: 70.09449005126953 and parameters: {'gradient_clip_val': 0.8915428482739197, 'hidden_size': 36, 'dropout': 0.3656908246183707, 'hidden_continuous_size': 19, 'attention_head_size': 2, 'learning_rate': 0.036244032463662666}. Best is trial 124 with value: 57.76438522338867.
LOCAL_RANK: 0 - CUDA_VISIBLE_DEVICES: [0]
[I 2023-11-30 15:10:15,239] Trial 126 finished with value: 68.30638122558594 and parameters: {'gradient_clip_val': 0.9471239410019792, 'hidden_size': 34, 'dropout': 0.3710636074723302, 'hidden_continuous_size': 17, 'attention_head_size': 2, 'learning_rate': 0.008246813156210009}. Best is trial 124 with value: 57.76438522338867.
LOCAL_RANK: 0 - CUDA_VISIBLE_DEVICES: [0]
[I 2023-11-30 15:10:27,800] Trial 127 finished with value: 65.33954620361328 and parameters: {'gradient_clip_val': 0.7110347540492039, 'hidden_size': 31, 'dropout': 0.3537276452700319, 'hidden_continuous_size': 18, 'attention_head_size': 2, 'learning_rate': 0.006016009037508089}. Best is trial 124 with value: 57.76438522338867.
LOCAL_RANK: 0 - CUDA_VISIBLE_DEVICES: [0]
[I 2023-11-30 15:10:40,523] Trial 128 finished with value: 69.0938491821289 and parameters: {'gradient_clip_val': 0.5873197487461873, 'hidden_size': 34, 'dropout': 0.3255388859681237, 'hidden_continuous_size': 19, 'attention_head_size': 2, 'learning_rate': 0.0056191027906477885}. Best is trial 124 with value: 57.76438522338867.
LOCAL_RANK: 0 - CUDA_VISIBLE_DEVICES: [0]
[I 2023-11-30 15:10:53,325] Trial 129 finished with value: 65.93404388427734 and parameters: {'gradient_clip_val': 0.9113758859176472, 'hidden_size': 41, 'dropout': 0.3451606331226381, 'hidden_continuous_size': 21, 'attention_head_size': 2, 'learning_rate': 0.005119986781651004}. Best is trial 124 with value: 57.76438522338867.
LOCAL_RANK: 0 - CUDA_VISIBLE_DEVICES: [0]
[I 2023-11-30 15:11:05,800] Trial 130 finished with value: 72.09229278564453 and parameters: {'gradient_clip_val': 0.7800818638250534, 'hidden_size': 37, 'dropout': 0.33700694016164034, 'hidden_continuous_size': 15, 'attention_head_size': 2, 'learning_rate': 0.028214388000508184}. Best is trial 124 with value: 57.76438522338867.
LOCAL_RANK: 0 - CUDA_VISIBLE_DEVICES: [0]
[I 2023-11-30 15:11:18,207] Trial 131 finished with value: 72.82355499267578 and parameters: {'gradient_clip_val': 0.864883665677251, 'hidden_size': 25, 'dropout': 0.35892843571180766, 'hidden_continuous_size': 18, 'attention_head_size': 2, 'learning_rate': 0.007525807102855889}. Best is trial 124 with value: 57.76438522338867.
LOCAL_RANK: 0 - CUDA_VISIBLE_DEVICES: [0]
[I 2023-11-30 15:11:31,122] Trial 132 finished with value: 76.51146697998047 and parameters: {'gradient_clip_val': 0.8072444369382358, 'hidden_size': 39, 'dropout': 0.3791057573875278, 'hidden_continuous_size': 18, 'attention_head_size': 3, 'learning_rate': 0.01568716975429225}. Best is trial 124 with value: 57.76438522338867.
LOCAL_RANK: 0 - CUDA_VISIBLE_DEVICES: [0]
[I 2023-11-30 15:11:43,495] Trial 133 finished with value: 74.62159729003906 and parameters: {'gradient_clip_val': 0.8473210099948102, 'hidden_size': 24, 'dropout': 0.36291945541882825, 'hidden_continuous_size': 18, 'attention_head_size': 2, 'learning_rate': 0.09813934576069909}. Best is trial 124 with value: 57.76438522338867.
LOCAL_RANK: 0 - CUDA_VISIBLE_DEVICES: [0]
[I 2023-11-30 15:11:55,928] Trial 134 finished with value: 59.21163558959961 and parameters: {'gradient_clip_val': 0.9697190921542144, 'hidden_size': 27, 'dropout': 0.35191943536741443, 'hidden_continuous_size': 17, 'attention_head_size': 2, 'learning_rate': 0.01059937032609362}. Best is trial 124 with value: 57.76438522338867.
LOCAL_RANK: 0 - CUDA_VISIBLE_DEVICES: [0]
[I 2023-11-30 15:12:08,220] Trial 135 finished with value: 68.82048797607422 and parameters: {'gradient_clip_val': 0.9664161875306378, 'hidden_size': 27, 'dropout': 0.31857979468731973, 'hidden_continuous_size': 17, 'attention_head_size': 2, 'learning_rate': 0.008880339132731837}. Best is trial 124 with value: 57.76438522338867.
LOCAL_RANK: 0 - CUDA_VISIBLE_DEVICES: [0]
[I 2023-11-30 15:12:20,635] Trial 136 finished with value: 70.89605712890625 and parameters: {'gradient_clip_val': 0.9234352322903409, 'hidden_size': 29, 'dropout': 0.34811533146642387, 'hidden_continuous_size': 16, 'attention_head_size': 2, 'learning_rate': 0.017938184612958874}. Best is trial 124 with value: 57.76438522338867.
LOCAL_RANK: 0 - CUDA_VISIBLE_DEVICES: [0]
[I 2023-11-30 15:12:33,156] Trial 137 finished with value: 68.1430435180664 and parameters: {'gradient_clip_val': 0.9643209745239176, 'hidden_size': 30, 'dropout': 0.3402117587593719, 'hidden_continuous_size': 17, 'attention_head_size': 2, 'learning_rate': 0.023753593099200016}. Best is trial 124 with value: 57.76438522338867.
LOCAL_RANK: 0 - CUDA_VISIBLE_DEVICES: [0]
[I 2023-11-30 15:12:45,824] Trial 138 finished with value: 70.45244598388672 and parameters: {'gradient_clip_val': 0.44919763885745145, 'hidden_size': 32, 'dropout': 0.372463404052621, 'hidden_continuous_size': 19, 'attention_head_size': 2, 'learning_rate': 0.01930562013662284}. Best is trial 124 with value: 57.76438522338867.
LOCAL_RANK: 0 - CUDA_VISIBLE_DEVICES: [0]
[I 2023-11-30 15:12:57,966] Trial 139 finished with value: 62.40843200683594 and parameters: {'gradient_clip_val': 0.887922681899966, 'hidden_size': 26, 'dropout': 0.35486176137990555, 'hidden_continuous_size': 15, 'attention_head_size': 1, 'learning_rate': 0.012503325858953687}. Best is trial 124 with value: 57.76438522338867.
LOCAL_RANK: 0 - CUDA_VISIBLE_DEVICES: [0]
[I 2023-11-30 15:13:10,225] Trial 140 finished with value: 66.38153076171875 and parameters: {'gradient_clip_val': 0.7589172507743815, 'hidden_size': 26, 'dropout': 0.33365584762598494, 'hidden_continuous_size': 16, 'attention_head_size': 3, 'learning_rate': 0.013861119782673919}. Best is trial 124 with value: 57.76438522338867.
LOCAL_RANK: 0 - CUDA_VISIBLE_DEVICES: [0]
[I 2023-11-30 15:13:22,308] Trial 141 finished with value: 69.06546783447266 and parameters: {'gradient_clip_val': 0.8785033934431412, 'hidden_size': 27, 'dropout': 0.352610538126679, 'hidden_continuous_size': 15, 'attention_head_size': 1, 'learning_rate': 0.010428016921844712}. Best is trial 124 with value: 57.76438522338867.
LOCAL_RANK: 0 - CUDA_VISIBLE_DEVICES: [0]
[I 2023-11-30 15:13:34,402] Trial 142 finished with value: 75.05310821533203 and parameters: {'gradient_clip_val': 0.9022955196145139, 'hidden_size': 28, 'dropout': 0.3645434057335309, 'hidden_continuous_size': 15, 'attention_head_size': 1, 'learning_rate': 0.08472756084559337}. Best is trial 124 with value: 57.76438522338867.
LOCAL_RANK: 0 - CUDA_VISIBLE_DEVICES: [0]
[I 2023-11-30 15:13:47,063] Trial 143 finished with value: 70.00276947021484 and parameters: {'gradient_clip_val': 0.8110161387712389, 'hidden_size': 25, 'dropout': 0.381770918390711, 'hidden_continuous_size': 15, 'attention_head_size': 1, 'learning_rate': 0.01251539589422793}. Best is trial 124 with value: 57.76438522338867.
LOCAL_RANK: 0 - CUDA_VISIBLE_DEVICES: [0]
[I 2023-11-30 15:13:59,819] Trial 144 finished with value: 64.90372467041016 and parameters: {'gradient_clip_val': 0.9999805609259227, 'hidden_size': 45, 'dropout': 0.3434645820684642, 'hidden_continuous_size': 20, 'attention_head_size': 1, 'learning_rate': 0.009276788161933463}. Best is trial 124 with value: 57.76438522338867.
LOCAL_RANK: 0 - CUDA_VISIBLE_DEVICES: [0]
[I 2023-11-30 15:14:12,334] Trial 145 finished with value: 59.10942459106445 and parameters: {'gradient_clip_val': 0.8562864573495813, 'hidden_size': 35, 'dropout': 0.35606888415481147, 'hidden_continuous_size': 14, 'attention_head_size': 1, 'learning_rate': 0.006959065876151482}. Best is trial 124 with value: 57.76438522338867.
LOCAL_RANK: 0 - CUDA_VISIBLE_DEVICES: [0]
[I 2023-11-30 15:14:24,919] Trial 146 finished with value: 70.24571990966797 and parameters: {'gradient_clip_val': 0.8493214450261687, 'hidden_size': 34, 'dropout': 0.3922320946273312, 'hidden_continuous_size': 14, 'attention_head_size': 2, 'learning_rate': 0.006868927426364106}. Best is trial 124 with value: 57.76438522338867.
LOCAL_RANK: 0 - CUDA_VISIBLE_DEVICES: [0]
[I 2023-11-30 15:14:37,488] Trial 147 finished with value: 65.5250015258789 and parameters: {'gradient_clip_val': 0.6141431541478588, 'hidden_size': 41, 'dropout': 0.35122946737273253, 'hidden_continuous_size': 16, 'attention_head_size': 1, 'learning_rate': 0.014677244110068018}. Best is trial 124 with value: 57.76438522338867.
LOCAL_RANK: 0 - CUDA_VISIBLE_DEVICES: [0]
[I 2023-11-30 15:14:50,243] Trial 148 finished with value: 78.52706146240234 and parameters: {'gradient_clip_val': 0.7065212127359239, 'hidden_size': 36, 'dropout': 0.3689591150454698, 'hidden_continuous_size': 20, 'attention_head_size': 2, 'learning_rate': 0.04521287851444377}. Best is trial 124 with value: 57.76438522338867.
LOCAL_RANK: 0 - CUDA_VISIBLE_DEVICES: [0]
[I 2023-11-30 15:15:03,292] Trial 149 finished with value: 61.640411376953125 and parameters: {'gradient_clip_val': 0.6763624068776523, 'hidden_size': 31, 'dropout': 0.3256044473521158, 'hidden_continuous_size': 13, 'attention_head_size': 1, 'learning_rate': 0.016704083790402002}. Best is trial 124 with value: 57.76438522338867.
[I 2023-11-30 15:15:03,419] A new study created in memory with name: no-name-3d28e1cf-94ee-458d-af6b-b1cb57369bfe
/home/le004/conda/anaconda3/envs/tsff_env/lib/python3.9/site-packages/lightning/fabric/plugins/environments/slurm.py:191: The `srun` command is available on your system but is not used. HINT: If your intention is to run Lightning on SLURM, prepend your python command with `srun` like so: srun python /home/le004/master_thesis/git/TSFusionForecast/code/ ...
LOCAL_RANK: 0 - CUDA_VISIBLE_DEVICES: [0]
[I 2023-11-30 15:15:18,456] Trial 0 finished with value: 74.54573059082031 and parameters: {'gradient_clip_val': 0.8083113186522856, 'hidden_size': 110, 'dropout': 0.262476233839431, 'hidden_continuous_size': 24, 'attention_head_size': 3, 'learning_rate': 0.034018809842882476}. Best is trial 0 with value: 74.54573059082031.
LOCAL_RANK: 0 - CUDA_VISIBLE_DEVICES: [0]
[I 2023-11-30 15:15:33,411] Trial 1 finished with value: 74.9593734741211 and parameters: {'gradient_clip_val': 0.15551840726443547, 'hidden_size': 68, 'dropout': 0.30847725712340235, 'hidden_continuous_size': 24, 'attention_head_size': 3, 'learning_rate': 0.005691518239327564}. Best is trial 0 with value: 74.54573059082031.
LOCAL_RANK: 0 - CUDA_VISIBLE_DEVICES: [0]
[I 2023-11-30 15:15:48,053] Trial 2 finished with value: 83.94087219238281 and parameters: {'gradient_clip_val': 0.1683854344893376, 'hidden_size': 54, 'dropout': 0.3063614261893387, 'hidden_continuous_size': 32, 'attention_head_size': 2, 'learning_rate': 0.02182305700824725}. Best is trial 0 with value: 74.54573059082031.
LOCAL_RANK: 0 - CUDA_VISIBLE_DEVICES: [0]
[I 2023-11-30 15:16:02,851] Trial 3 finished with value: 111.86541748046875 and parameters: {'gradient_clip_val': 0.9482023358925201, 'hidden_size': 37, 'dropout': 0.2573777668086413, 'hidden_continuous_size': 20, 'attention_head_size': 4, 'learning_rate': 0.001663711532824953}. Best is trial 0 with value: 74.54573059082031.
LOCAL_RANK: 0 - CUDA_VISIBLE_DEVICES: [0]
[I 2023-11-30 15:16:17,663] Trial 4 finished with value: 77.94837188720703 and parameters: {'gradient_clip_val': 0.8971102562346526, 'hidden_size': 148, 'dropout': 0.27016852731659874, 'hidden_continuous_size': 20, 'attention_head_size': 2, 'learning_rate': 0.04066727011688898}. Best is trial 0 with value: 74.54573059082031.
LOCAL_RANK: 0 - CUDA_VISIBLE_DEVICES: [0]
[I 2023-11-30 15:16:31,200] Trial 5 finished with value: 70.98615264892578 and parameters: {'gradient_clip_val': 0.3100829943531116, 'hidden_size': 29, 'dropout': 0.19528469923900865, 'hidden_continuous_size': 20, 'attention_head_size': 3, 'learning_rate': 0.0108062379492968}. Best is trial 5 with value: 70.98615264892578.
LOCAL_RANK: 0 - CUDA_VISIBLE_DEVICES: [0]
[I 2023-11-30 15:16:42,743] Trial 6 finished with value: 146.6203155517578 and parameters: {'gradient_clip_val': 0.9031231735105008, 'hidden_size': 10, 'dropout': 0.3948765807465058, 'hidden_continuous_size': 10, 'attention_head_size': 2, 'learning_rate': 0.0012461925999935819}. Best is trial 5 with value: 70.98615264892578.
LOCAL_RANK: 0 - CUDA_VISIBLE_DEVICES: [0]
[I 2023-11-30 15:16:54,743] Trial 7 finished with value: 74.60070037841797 and parameters: {'gradient_clip_val': 0.1767416880964677, 'hidden_size': 15, 'dropout': 0.11433940422607067, 'hidden_continuous_size': 15, 'attention_head_size': 2, 'learning_rate': 0.0073315094974585595}. Best is trial 5 with value: 70.98615264892578.
LOCAL_RANK: 0 - CUDA_VISIBLE_DEVICES: [0]
[I 2023-11-30 15:17:08,527] Trial 8 finished with value: 77.14912414550781 and parameters: {'gradient_clip_val': 0.18709434758098004, 'hidden_size': 55, 'dropout': 0.26757491063218497, 'hidden_continuous_size': 21, 'attention_head_size': 3, 'learning_rate': 0.03284386682502569}. Best is trial 5 with value: 70.98615264892578.
LOCAL_RANK: 0 - CUDA_VISIBLE_DEVICES: [0]
[I 2023-11-30 15:17:23,457] Trial 9 finished with value: 80.69092559814453 and parameters: {'gradient_clip_val': 0.5380138676801881, 'hidden_size': 144, 'dropout': 0.31385145363572053, 'hidden_continuous_size': 22, 'attention_head_size': 2, 'learning_rate': 0.04285415725779297}. Best is trial 5 with value: 70.98615264892578.
LOCAL_RANK: 0 - CUDA_VISIBLE_DEVICES: [0]
[I 2023-11-30 15:17:37,543] Trial 10 finished with value: 70.96126556396484 and parameters: {'gradient_clip_val': 0.33596275707687223, 'hidden_size': 25, 'dropout': 0.16999011708744136, 'hidden_continuous_size': 15, 'attention_head_size': 1, 'learning_rate': 0.08875639199371176}. Best is trial 10 with value: 70.96126556396484.
LOCAL_RANK: 0 - CUDA_VISIBLE_DEVICES: [0]
