[I 2023-11-30 10:23:46,820] Trial 17 finished with value: 113.33472442626953 and parameters: {'gradient_clip_val': 0.2659971608950803, 'hidden_size': 80, 'dropout': 0.2616084976132356, 'hidden_continuous_size': 20, 'attention_head_size': 2, 'learning_rate': 0.024085457947105003}. Best is trial 14 with value: 99.4836654663086.
LOCAL_RANK: 0 - CUDA_VISIBLE_DEVICES: [0]
[I 2023-11-30 10:23:59,586] Trial 18 finished with value: 106.9603271484375 and parameters: {'gradient_clip_val': 0.16601424795328176, 'hidden_size': 50, 'dropout': 0.19793964534301478, 'hidden_continuous_size': 12, 'attention_head_size': 3, 'learning_rate': 0.06558821178673828}. Best is trial 14 with value: 99.4836654663086.
LOCAL_RANK: 0 - CUDA_VISIBLE_DEVICES: [0]
[I 2023-11-30 10:24:12,191] Trial 19 finished with value: 115.8324203491211 and parameters: {'gradient_clip_val': 0.2767915517970411, 'hidden_size': 38, 'dropout': 0.2105535735899026, 'hidden_continuous_size': 13, 'attention_head_size': 1, 'learning_rate': 0.08866146616418533}. Best is trial 14 with value: 99.4836654663086.
LOCAL_RANK: 0 - CUDA_VISIBLE_DEVICES: [0]
[I 2023-11-30 10:24:26,473] Trial 20 finished with value: 130.82691955566406 and parameters: {'gradient_clip_val': 0.130019113210058, 'hidden_size': 150, 'dropout': 0.26037596433327054, 'hidden_continuous_size': 46, 'attention_head_size': 2, 'learning_rate': 0.041589865278752206}. Best is trial 14 with value: 99.4836654663086.
LOCAL_RANK: 0 - CUDA_VISIBLE_DEVICES: [0]
[I 2023-11-30 10:24:40,549] Trial 21 finished with value: 133.193359375 and parameters: {'gradient_clip_val': 0.21174714255460186, 'hidden_size': 106, 'dropout': 0.15591823363922153, 'hidden_continuous_size': 26, 'attention_head_size': 2, 'learning_rate': 0.007291379821442944}. Best is trial 14 with value: 99.4836654663086.
LOCAL_RANK: 0 - CUDA_VISIBLE_DEVICES: [0]
[I 2023-11-30 10:24:54,160] Trial 22 finished with value: 119.70464324951172 and parameters: {'gradient_clip_val': 0.3077008965634706, 'hidden_size': 97, 'dropout': 0.1431489998396239, 'hidden_continuous_size': 20, 'attention_head_size': 2, 'learning_rate': 0.009133915238692288}. Best is trial 14 with value: 99.4836654663086.
LOCAL_RANK: 0 - CUDA_VISIBLE_DEVICES: [0]
[I 2023-11-30 10:25:07,572] Trial 23 finished with value: 107.73963165283203 and parameters: {'gradient_clip_val': 0.1795716326073633, 'hidden_size': 63, 'dropout': 0.18789456188981957, 'hidden_continuous_size': 30, 'attention_head_size': 2, 'learning_rate': 0.022284836959360392}. Best is trial 14 with value: 99.4836654663086.
LOCAL_RANK: 0 - CUDA_VISIBLE_DEVICES: [0]
[I 2023-11-30 10:25:22,072] Trial 24 finished with value: 102.90372467041016 and parameters: {'gradient_clip_val': 0.1404338200968582, 'hidden_size': 126, 'dropout': 0.2150672244930612, 'hidden_continuous_size': 120, 'attention_head_size': 3, 'learning_rate': 0.05101678734410002}. Best is trial 14 with value: 99.4836654663086.
LOCAL_RANK: 0 - CUDA_VISIBLE_DEVICES: [0]
[I 2023-11-30 10:25:35,884] Trial 25 finished with value: 132.57923889160156 and parameters: {'gradient_clip_val': 0.1924844003952816, 'hidden_size': 121, 'dropout': 0.1667378810712921, 'hidden_continuous_size': 19, 'attention_head_size': 2, 'learning_rate': 0.07229810030702188}. Best is trial 14 with value: 99.4836654663086.
LOCAL_RANK: 0 - CUDA_VISIBLE_DEVICES: [0]
[I 2023-11-30 10:25:50,037] Trial 26 finished with value: 127.2697982788086 and parameters: {'gradient_clip_val': 0.2623983246045484, 'hidden_size': 150, 'dropout': 0.12918015448511647, 'hidden_continuous_size': 25, 'attention_head_size': 1, 'learning_rate': 0.09865734011601986}. Best is trial 14 with value: 99.4836654663086.
LOCAL_RANK: 0 - CUDA_VISIBLE_DEVICES: [0]
[I 2023-11-30 10:26:03,276] Trial 27 finished with value: 105.59830474853516 and parameters: {'gradient_clip_val': 0.1208369224742038, 'hidden_size': 88, 'dropout': 0.17624567393633256, 'hidden_continuous_size': 17, 'attention_head_size': 2, 'learning_rate': 0.043281581679821435}. Best is trial 14 with value: 99.4836654663086.
LOCAL_RANK: 0 - CUDA_VISIBLE_DEVICES: [0]
[I 2023-11-30 10:26:16,771] Trial 28 finished with value: 131.13795471191406 and parameters: {'gradient_clip_val': 0.1988363186532704, 'hidden_size': 90, 'dropout': 0.10301581149150502, 'hidden_continuous_size': 12, 'attention_head_size': 3, 'learning_rate': 0.03130048221280492}. Best is trial 14 with value: 99.4836654663086.
LOCAL_RANK: 0 - CUDA_VISIBLE_DEVICES: [0]
[I 2023-11-30 10:26:29,743] Trial 29 finished with value: 259.7101135253906 and parameters: {'gradient_clip_val': 0.13146853153879623, 'hidden_size': 60, 'dropout': 0.2409757358364712, 'hidden_continuous_size': 22, 'attention_head_size': 1, 'learning_rate': 0.0013701451237593577}. Best is trial 14 with value: 99.4836654663086.
LOCAL_RANK: 0 - CUDA_VISIBLE_DEVICES: [0]
[I 2023-11-30 10:26:43,404] Trial 30 finished with value: 111.7602310180664 and parameters: {'gradient_clip_val': 0.3399414347082489, 'hidden_size': 111, 'dropout': 0.21213371246049553, 'hidden_continuous_size': 22, 'attention_head_size': 1, 'learning_rate': 0.005222963371419433}. Best is trial 14 with value: 99.4836654663086.
LOCAL_RANK: 0 - CUDA_VISIBLE_DEVICES: [0]
[I 2023-11-30 10:26:58,040] Trial 31 finished with value: 111.57442474365234 and parameters: {'gradient_clip_val': 0.15055166478344953, 'hidden_size': 125, 'dropout': 0.2090131961090385, 'hidden_continuous_size': 114, 'attention_head_size': 3, 'learning_rate': 0.04953129662533847}. Best is trial 14 with value: 99.4836654663086.
LOCAL_RANK: 0 - CUDA_VISIBLE_DEVICES: [0]
[I 2023-11-30 10:27:11,847] Trial 32 finished with value: 107.3778305053711 and parameters: {'gradient_clip_val': 0.14736323532650691, 'hidden_size': 98, 'dropout': 0.22348955596243775, 'hidden_continuous_size': 24, 'attention_head_size': 4, 'learning_rate': 0.07016404878589372}. Best is trial 14 with value: 99.4836654663086.
LOCAL_RANK: 0 - CUDA_VISIBLE_DEVICES: [0]
[I 2023-11-30 10:27:26,482] Trial 33 finished with value: 131.8022003173828 and parameters: {'gradient_clip_val': 0.1802356397885285, 'hidden_size': 131, 'dropout': 0.186227252704657, 'hidden_continuous_size': 116, 'attention_head_size': 3, 'learning_rate': 0.05110273389925768}. Best is trial 14 with value: 99.4836654663086.
LOCAL_RANK: 0 - CUDA_VISIBLE_DEVICES: [0]
[I 2023-11-30 10:27:40,352] Trial 34 finished with value: 111.89415740966797 and parameters: {'gradient_clip_val': 0.23748152670723224, 'hidden_size': 114, 'dropout': 0.24589421006301107, 'hidden_continuous_size': 30, 'attention_head_size': 2, 'learning_rate': 0.07314806163119753}. Best is trial 14 with value: 99.4836654663086.
LOCAL_RANK: 0 - CUDA_VISIBLE_DEVICES: [0]
[I 2023-11-30 10:27:53,625] Trial 35 finished with value: 134.6752471923828 and parameters: {'gradient_clip_val': 0.13766026473509557, 'hidden_size': 79, 'dropout': 0.12366479381148862, 'hidden_continuous_size': 10, 'attention_head_size': 2, 'learning_rate': 0.019928159217140886}. Best is trial 14 with value: 99.4836654663086.
LOCAL_RANK: 0 - CUDA_VISIBLE_DEVICES: [0]
[I 2023-11-30 10:28:06,028] Trial 36 finished with value: 144.65736389160156 and parameters: {'gradient_clip_val': 0.12046107113608083, 'hidden_size': 14, 'dropout': 0.15311371852191408, 'hidden_continuous_size': 11, 'attention_head_size': 3, 'learning_rate': 0.011600779575194153}. Best is trial 14 with value: 99.4836654663086.
LOCAL_RANK: 0 - CUDA_VISIBLE_DEVICES: [0]
[I 2023-11-30 10:28:18,914] Trial 37 finished with value: 148.4153594970703 and parameters: {'gradient_clip_val': 0.17600057794837037, 'hidden_size': 23, 'dropout': 0.27825256063101284, 'hidden_continuous_size': 14, 'attention_head_size': 2, 'learning_rate': 0.018969593375856585}. Best is trial 14 with value: 99.4836654663086.
LOCAL_RANK: 0 - CUDA_VISIBLE_DEVICES: [0]
[I 2023-11-30 10:28:32,625] Trial 38 finished with value: 113.3001708984375 and parameters: {'gradient_clip_val': 0.42372496425242184, 'hidden_size': 93, 'dropout': 0.12967532388088493, 'hidden_continuous_size': 16, 'attention_head_size': 2, 'learning_rate': 0.056408325057642775}. Best is trial 14 with value: 99.4836654663086.
LOCAL_RANK: 0 - CUDA_VISIBLE_DEVICES: [0]
[I 2023-11-30 10:28:46,824] Trial 39 finished with value: 132.1772918701172 and parameters: {'gradient_clip_val': 0.20531953076520226, 'hidden_size': 110, 'dropout': 0.17758673523434884, 'hidden_continuous_size': 38, 'attention_head_size': 4, 'learning_rate': 0.08115291476148292}. Best is trial 14 with value: 99.4836654663086.
LOCAL_RANK: 0 - CUDA_VISIBLE_DEVICES: [0]
[I 2023-11-30 10:29:01,162] Trial 40 finished with value: 112.1317367553711 and parameters: {'gradient_clip_val': 0.2358325267580844, 'hidden_size': 137, 'dropout': 0.2209380382023225, 'hidden_continuous_size': 17, 'attention_head_size': 3, 'learning_rate': 0.029655507952186046}. Best is trial 14 with value: 99.4836654663086.
LOCAL_RANK: 0 - CUDA_VISIBLE_DEVICES: [0]
[I 2023-11-30 10:29:15,524] Trial 41 finished with value: 110.9762954711914 and parameters: {'gradient_clip_val': 0.5414221147720015, 'hidden_size': 106, 'dropout': 0.14624932608725824, 'hidden_continuous_size': 28, 'attention_head_size': 4, 'learning_rate': 0.0818866258802881}. Best is trial 14 with value: 99.4836654663086.
LOCAL_RANK: 0 - CUDA_VISIBLE_DEVICES: [0]
[I 2023-11-30 10:29:30,403] Trial 42 finished with value: 125.54889678955078 and parameters: {'gradient_clip_val': 0.5781264293551631, 'hidden_size': 123, 'dropout': 0.19744168130434508, 'hidden_continuous_size': 53, 'attention_head_size': 4, 'learning_rate': 0.09535611387746384}. Best is trial 14 with value: 99.4836654663086.
LOCAL_RANK: 0 - CUDA_VISIBLE_DEVICES: [0]
[I 2023-11-30 10:29:45,011] Trial 43 finished with value: 112.6477279663086 and parameters: {'gradient_clip_val': 0.11199442514948664, 'hidden_size': 88, 'dropout': 0.11472167221594644, 'hidden_continuous_size': 34, 'attention_head_size': 4, 'learning_rate': 0.06327141874522528}. Best is trial 14 with value: 99.4836654663086.
LOCAL_RANK: 0 - CUDA_VISIBLE_DEVICES: [0]
[I 2023-11-30 10:29:58,778] Trial 44 finished with value: 102.60575103759766 and parameters: {'gradient_clip_val': 0.6331116393869859, 'hidden_size': 103, 'dropout': 0.16492649839417006, 'hidden_continuous_size': 27, 'attention_head_size': 2, 'learning_rate': 0.037373242389610054}. Best is trial 14 with value: 99.4836654663086.
LOCAL_RANK: 0 - CUDA_VISIBLE_DEVICES: [0]
[I 2023-11-30 10:30:12,607] Trial 45 finished with value: 120.59521484375 and parameters: {'gradient_clip_val': 0.6726829494625903, 'hidden_size': 132, 'dropout': 0.16262153429673318, 'hidden_continuous_size': 23, 'attention_head_size': 2, 'learning_rate': 0.03554255417854198}. Best is trial 14 with value: 99.4836654663086.
LOCAL_RANK: 0 - CUDA_VISIBLE_DEVICES: [0]
[I 2023-11-30 10:30:26,276] Trial 46 finished with value: 117.93888092041016 and parameters: {'gradient_clip_val': 0.3926489482353692, 'hidden_size': 104, 'dropout': 0.17150365727331293, 'hidden_continuous_size': 15, 'attention_head_size': 2, 'learning_rate': 0.050143155161542496}. Best is trial 14 with value: 99.4836654663086.
LOCAL_RANK: 0 - CUDA_VISIBLE_DEVICES: [0]
[I 2023-11-30 10:30:39,692] Trial 47 finished with value: 113.27217864990234 and parameters: {'gradient_clip_val': 0.10013012450166826, 'hidden_size': 80, 'dropout': 0.19225813071359316, 'hidden_continuous_size': 18, 'attention_head_size': 2, 'learning_rate': 0.014632337741186911}. Best is trial 14 with value: 99.4836654663086.
LOCAL_RANK: 0 - CUDA_VISIBLE_DEVICES: [0]
[I 2023-11-30 10:30:53,597] Trial 48 finished with value: 100.69000244140625 and parameters: {'gradient_clip_val': 0.14058350083452126, 'hidden_size': 120, 'dropout': 0.23684444560544005, 'hidden_continuous_size': 28, 'attention_head_size': 2, 'learning_rate': 0.05953758678751491}. Best is trial 14 with value: 99.4836654663086.
LOCAL_RANK: 0 - CUDA_VISIBLE_DEVICES: [0]
[I 2023-11-30 10:31:05,805] Trial 49 finished with value: 116.2889175415039 and parameters: {'gradient_clip_val': 0.4384099749425059, 'hidden_size': 19, 'dropout': 0.25807139436681875, 'hidden_continuous_size': 14, 'attention_head_size': 2, 'learning_rate': 0.07714196388016736}. Best is trial 14 with value: 99.4836654663086.
LOCAL_RANK: 0 - CUDA_VISIBLE_DEVICES: [0]
[I 2023-11-30 10:31:19,136] Trial 50 finished with value: 107.09420013427734 and parameters: {'gradient_clip_val': 0.35296425852734464, 'hidden_size': 62, 'dropout': 0.23341950010106033, 'hidden_continuous_size': 26, 'attention_head_size': 2, 'learning_rate': 0.06308451349334757}. Best is trial 14 with value: 99.4836654663086.
LOCAL_RANK: 0 - CUDA_VISIBLE_DEVICES: [0]
[I 2023-11-30 10:31:33,238] Trial 51 finished with value: 106.00350952148438 and parameters: {'gradient_clip_val': 0.14324255363111954, 'hidden_size': 119, 'dropout': 0.20425881652802158, 'hidden_continuous_size': 30, 'attention_head_size': 2, 'learning_rate': 0.04363068565436345}. Best is trial 14 with value: 99.4836654663086.
LOCAL_RANK: 0 - CUDA_VISIBLE_DEVICES: [0]
[I 2023-11-30 10:31:47,310] Trial 52 finished with value: 105.67669677734375 and parameters: {'gradient_clip_val': 0.16493620639245454, 'hidden_size': 139, 'dropout': 0.2260119704377621, 'hidden_continuous_size': 22, 'attention_head_size': 2, 'learning_rate': 0.09995793987601116}. Best is trial 14 with value: 99.4836654663086.
LOCAL_RANK: 0 - CUDA_VISIBLE_DEVICES: [0]
[I 2023-11-30 10:32:01,040] Trial 53 finished with value: 126.76351928710938 and parameters: {'gradient_clip_val': 0.15128563735047842, 'hidden_size': 98, 'dropout': 0.2159910372902229, 'hidden_continuous_size': 28, 'attention_head_size': 3, 'learning_rate': 0.05657183540991775}. Best is trial 14 with value: 99.4836654663086.
LOCAL_RANK: 0 - CUDA_VISIBLE_DEVICES: [0]
[I 2023-11-30 10:32:15,227] Trial 54 finished with value: 121.098876953125 and parameters: {'gradient_clip_val': 0.12324600537120096, 'hidden_size': 148, 'dropout': 0.24222729028374332, 'hidden_continuous_size': 34, 'attention_head_size': 2, 'learning_rate': 0.03496749299851634}. Best is trial 14 with value: 99.4836654663086.
LOCAL_RANK: 0 - CUDA_VISIBLE_DEVICES: [0]
[I 2023-11-30 10:32:28,957] Trial 55 finished with value: 119.75963592529297 and parameters: {'gradient_clip_val': 0.11212698957943701, 'hidden_size': 116, 'dropout': 0.18528494430198666, 'hidden_continuous_size': 25, 'attention_head_size': 2, 'learning_rate': 0.07585102731802383}. Best is trial 14 with value: 99.4836654663086.
LOCAL_RANK: 0 - CUDA_VISIBLE_DEVICES: [0]
[I 2023-11-30 10:32:42,923] Trial 56 finished with value: 115.10774993896484 and parameters: {'gradient_clip_val': 0.32354164445367173, 'hidden_size': 128, 'dropout': 0.20277368442874116, 'hidden_continuous_size': 20, 'attention_head_size': 3, 'learning_rate': 0.06414054210899177}. Best is trial 14 with value: 99.4836654663086.
LOCAL_RANK: 0 - CUDA_VISIBLE_DEVICES: [0]
[I 2023-11-30 10:32:56,180] Trial 57 finished with value: 111.50961303710938 and parameters: {'gradient_clip_val': 0.13241016819717225, 'hidden_size': 72, 'dropout': 0.22901162515659607, 'hidden_continuous_size': 18, 'attention_head_size': 1, 'learning_rate': 0.05027570037755737}. Best is trial 14 with value: 99.4836654663086.
LOCAL_RANK: 0 - CUDA_VISIBLE_DEVICES: [0]
[I 2023-11-30 10:33:09,893] Trial 58 finished with value: 127.50908660888672 and parameters: {'gradient_clip_val': 0.16220699009627584, 'hidden_size': 102, 'dropout': 0.16341102091564447, 'hidden_continuous_size': 27, 'attention_head_size': 2, 'learning_rate': 0.0897926573359443}. Best is trial 14 with value: 99.4836654663086.
LOCAL_RANK: 0 - CUDA_VISIBLE_DEVICES: [0]
[I 2023-11-30 10:33:23,496] Trial 59 finished with value: 109.12630462646484 and parameters: {'gradient_clip_val': 0.28865506568445415, 'hidden_size': 116, 'dropout': 0.2538442668780106, 'hidden_continuous_size': 40, 'attention_head_size': 2, 'learning_rate': 0.025953125446523218}. Best is trial 14 with value: 99.4836654663086.
LOCAL_RANK: 0 - CUDA_VISIBLE_DEVICES: [0]
[I 2023-11-30 10:33:37,027] Trial 60 finished with value: 113.29790496826172 and parameters: {'gradient_clip_val': 0.13917196808964924, 'hidden_size': 83, 'dropout': 0.21539031868921885, 'hidden_continuous_size': 21, 'attention_head_size': 3, 'learning_rate': 0.03936246220533004}. Best is trial 14 with value: 99.4836654663086.
LOCAL_RANK: 0 - CUDA_VISIBLE_DEVICES: [0]
[I 2023-11-30 10:33:50,879] Trial 61 finished with value: 111.8884506225586 and parameters: {'gradient_clip_val': 0.6631284638054025, 'hidden_size': 95, 'dropout': 0.13733779204729504, 'hidden_continuous_size': 32, 'attention_head_size': 2, 'learning_rate': 0.08560738220890532}. Best is trial 14 with value: 99.4836654663086.
LOCAL_RANK: 0 - CUDA_VISIBLE_DEVICES: [0]
[I 2023-11-30 10:34:04,607] Trial 62 finished with value: 139.71908569335938 and parameters: {'gradient_clip_val': 0.38612303719019236, 'hidden_size': 104, 'dropout': 0.14941852392524643, 'hidden_continuous_size': 24, 'attention_head_size': 2, 'learning_rate': 0.06863680512086158}. Best is trial 14 with value: 99.4836654663086.
LOCAL_RANK: 0 - CUDA_VISIBLE_DEVICES: [0]
[I 2023-11-30 10:34:19,183] Trial 63 finished with value: 118.7449722290039 and parameters: {'gradient_clip_val': 0.22359956806977177, 'hidden_size': 137, 'dropout': 0.15756767172879738, 'hidden_continuous_size': 76, 'attention_head_size': 4, 'learning_rate': 0.0846041288451653}. Best is trial 14 with value: 99.4836654663086.
LOCAL_RANK: 0 - CUDA_VISIBLE_DEVICES: [0]
[I 2023-11-30 10:34:33,129] Trial 64 finished with value: 114.61246490478516 and parameters: {'gradient_clip_val': 0.18988878780000346, 'hidden_size': 125, 'dropout': 0.1365938196086455, 'hidden_continuous_size': 40, 'attention_head_size': 1, 'learning_rate': 0.05692716842636398}. Best is trial 14 with value: 99.4836654663086.
LOCAL_RANK: 0 - CUDA_VISIBLE_DEVICES: [0]
[I 2023-11-30 10:34:46,630] Trial 65 finished with value: 128.5556182861328 and parameters: {'gradient_clip_val': 0.46678642169684836, 'hidden_size': 88, 'dropout': 0.17598397668255347, 'hidden_continuous_size': 24, 'attention_head_size': 2, 'learning_rate': 0.07223967001828487}. Best is trial 14 with value: 99.4836654663086.
LOCAL_RANK: 0 - CUDA_VISIBLE_DEVICES: [0]
[I 2023-11-30 10:35:00,365] Trial 66 finished with value: 106.154296875 and parameters: {'gradient_clip_val': 0.1690195275054197, 'hidden_size': 111, 'dropout': 0.1936127297674766, 'hidden_continuous_size': 19, 'attention_head_size': 2, 'learning_rate': 0.09832300391601709}. Best is trial 14 with value: 99.4836654663086.
LOCAL_RANK: 0 - CUDA_VISIBLE_DEVICES: [0]
[I 2023-11-30 10:35:14,226] Trial 67 finished with value: 101.51211547851562 and parameters: {'gradient_clip_val': 0.1544775772343891, 'hidden_size': 97, 'dropout': 0.2070307989146881, 'hidden_continuous_size': 27, 'attention_head_size': 3, 'learning_rate': 0.04291970536474685}. Best is trial 14 with value: 99.4836654663086.
LOCAL_RANK: 0 - CUDA_VISIBLE_DEVICES: [0]
[I 2023-11-30 10:35:28,087] Trial 68 finished with value: 118.56707000732422 and parameters: {'gradient_clip_val': 0.15084695076193663, 'hidden_size': 98, 'dropout': 0.2353989904318741, 'hidden_continuous_size': 28, 'attention_head_size': 3, 'learning_rate': 0.046980715934702745}. Best is trial 14 with value: 99.4836654663086.
LOCAL_RANK: 0 - CUDA_VISIBLE_DEVICES: [0]
[I 2023-11-30 10:35:42,386] Trial 69 finished with value: 107.91429901123047 and parameters: {'gradient_clip_val': 0.18662562161913615, 'hidden_size': 150, 'dropout': 0.20573453130232838, 'hidden_continuous_size': 22, 'attention_head_size': 3, 'learning_rate': 0.038186929577954054}. Best is trial 14 with value: 99.4836654663086.
LOCAL_RANK: 0 - CUDA_VISIBLE_DEVICES: [0]
[I 2023-11-30 10:35:55,918] Trial 70 finished with value: 120.60830688476562 and parameters: {'gradient_clip_val': 0.15753330582621938, 'hidden_size': 75, 'dropout': 0.2476162418741486, 'hidden_continuous_size': 26, 'attention_head_size': 3, 'learning_rate': 0.030807060955886933}. Best is trial 14 with value: 99.4836654663086.
LOCAL_RANK: 0 - CUDA_VISIBLE_DEVICES: [0]
[I 2023-11-30 10:36:09,759] Trial 71 finished with value: 107.8582763671875 and parameters: {'gradient_clip_val': 0.1266062447556793, 'hidden_size': 117, 'dropout': 0.2195145376698659, 'hidden_continuous_size': 31, 'attention_head_size': 2, 'learning_rate': 0.04635824497268256}. Best is trial 14 with value: 99.4836654663086.
LOCAL_RANK: 0 - CUDA_VISIBLE_DEVICES: [0]
[I 2023-11-30 10:36:23,540] Trial 72 finished with value: 131.1026153564453 and parameters: {'gradient_clip_val': 0.13787484065169775, 'hidden_size': 85, 'dropout': 0.23392509869427217, 'hidden_continuous_size': 29, 'attention_head_size': 4, 'learning_rate': 0.05779815838330237}. Best is trial 14 with value: 99.4836654663086.
LOCAL_RANK: 0 - CUDA_VISIBLE_DEVICES: [0]
[I 2023-11-30 10:36:37,110] Trial 73 finished with value: 129.16151428222656 and parameters: {'gradient_clip_val': 0.17113021668013706, 'hidden_size': 92, 'dropout': 0.18615118020766727, 'hidden_continuous_size': 16, 'attention_head_size': 3, 'learning_rate': 0.06762262657620925}. Best is trial 14 with value: 99.4836654663086.
LOCAL_RANK: 0 - CUDA_VISIBLE_DEVICES: [0]
[I 2023-11-30 10:36:50,896] Trial 74 finished with value: 107.8213882446289 and parameters: {'gradient_clip_val': 0.21380029496059447, 'hidden_size': 108, 'dropout': 0.21107645541583553, 'hidden_continuous_size': 36, 'attention_head_size': 2, 'learning_rate': 0.08541653815456836}. Best is trial 14 with value: 99.4836654663086.
LOCAL_RANK: 0 - CUDA_VISIBLE_DEVICES: [0]
[I 2023-11-30 10:37:04,234] Trial 75 finished with value: 108.52042388916016 and parameters: {'gradient_clip_val': 0.25536620824739176, 'hidden_size': 68, 'dropout': 0.1984289778070334, 'hidden_continuous_size': 27, 'attention_head_size': 2, 'learning_rate': 0.054529428193032}. Best is trial 14 with value: 99.4836654663086.
LOCAL_RANK: 0 - CUDA_VISIBLE_DEVICES: [0]
