[I 2023-11-30 07:33:24,289] Trial 149 finished with value: 38.74371337890625 and parameters: {'gradient_clip_val': 0.3659577775272447, 'hidden_size': 79, 'dropout': 0.15119724004161855, 'hidden_continuous_size': 68, 'attention_head_size': 3, 'learning_rate': 0.014650075830471888}. Best is trial 128 with value: 32.05702590942383.
[I 2023-11-30 07:33:24,397] A new study created in memory with name: no-name-b56a61fe-7167-430c-a71d-9dc4a1928c4a
/home/le004/conda/anaconda3/envs/tsff_env/lib/python3.9/site-packages/lightning/fabric/plugins/environments/slurm.py:191: The `srun` command is available on your system but is not used. HINT: If your intention is to run Lightning on SLURM, prepend your python command with `srun` like so: srun python /home/le004/master_thesis/git/TSFusionForecast/code/ ...
LOCAL_RANK: 0 - CUDA_VISIBLE_DEVICES: [0]
[I 2023-11-30 07:33:34,600] Trial 0 finished with value: 3198.145751953125 and parameters: {'gradient_clip_val': 0.7543927825948298, 'hidden_size': 12, 'dropout': 0.31725967973153424, 'hidden_continuous_size': 12, 'attention_head_size': 3, 'learning_rate': 0.017659854180223464}. Best is trial 0 with value: 3198.145751953125.
LOCAL_RANK: 0 - CUDA_VISIBLE_DEVICES: [0]
[I 2023-11-30 07:33:47,537] Trial 1 finished with value: 1014.888916015625 and parameters: {'gradient_clip_val': 0.23086538184985467, 'hidden_size': 88, 'dropout': 0.16656565027801182, 'hidden_continuous_size': 11, 'attention_head_size': 3, 'learning_rate': 0.01306767590190366}. Best is trial 1 with value: 1014.888916015625.
LOCAL_RANK: 0 - CUDA_VISIBLE_DEVICES: [0]
[I 2023-11-30 07:34:00,565] Trial 2 finished with value: 767.8583984375 and parameters: {'gradient_clip_val': 0.9110413028592304, 'hidden_size': 65, 'dropout': 0.2747634326501266, 'hidden_continuous_size': 45, 'attention_head_size': 1, 'learning_rate': 0.017435514435941362}. Best is trial 2 with value: 767.8583984375.
LOCAL_RANK: 0 - CUDA_VISIBLE_DEVICES: [0]
[I 2023-11-30 07:34:13,431] Trial 3 finished with value: 933.9264526367188 and parameters: {'gradient_clip_val': 0.1847664896863722, 'hidden_size': 53, 'dropout': 0.24185974328312052, 'hidden_continuous_size': 33, 'attention_head_size': 2, 'learning_rate': 0.015949617929640315}. Best is trial 2 with value: 767.8583984375.
LOCAL_RANK: 0 - CUDA_VISIBLE_DEVICES: [0]
[I 2023-11-30 07:34:24,874] Trial 4 finished with value: 8704.3994140625 and parameters: {'gradient_clip_val': 0.627406083078432, 'hidden_size': 12, 'dropout': 0.262055890061548, 'hidden_continuous_size': 10, 'attention_head_size': 3, 'learning_rate': 0.001006434098101416}. Best is trial 2 with value: 767.8583984375.
LOCAL_RANK: 0 - CUDA_VISIBLE_DEVICES: [0]
[I 2023-11-30 07:34:36,756] Trial 5 finished with value: 1001.953857421875 and parameters: {'gradient_clip_val': 0.2976940322196674, 'hidden_size': 13, 'dropout': 0.12066525402715775, 'hidden_continuous_size': 11, 'attention_head_size': 1, 'learning_rate': 0.04248412242889239}. Best is trial 2 with value: 767.8583984375.
LOCAL_RANK: 0 - CUDA_VISIBLE_DEVICES: [0]
[I 2023-11-30 07:34:48,763] Trial 6 finished with value: 8295.8681640625 and parameters: {'gradient_clip_val': 0.7912489721368395, 'hidden_size': 14, 'dropout': 0.3765728882190903, 'hidden_continuous_size': 11, 'attention_head_size': 4, 'learning_rate': 0.0029080234545059004}. Best is trial 2 with value: 767.8583984375.
LOCAL_RANK: 0 - CUDA_VISIBLE_DEVICES: [0]
[I 2023-11-30 07:35:01,719] Trial 7 finished with value: 859.331787109375 and parameters: {'gradient_clip_val': 0.5664153817844384, 'hidden_size': 62, 'dropout': 0.1316268390407147, 'hidden_continuous_size': 16, 'attention_head_size': 3, 'learning_rate': 0.017943299975639662}. Best is trial 2 with value: 767.8583984375.
LOCAL_RANK: 0 - CUDA_VISIBLE_DEVICES: [0]
[I 2023-11-30 07:35:14,391] Trial 8 finished with value: 1850.9285888671875 and parameters: {'gradient_clip_val': 0.9205621399884222, 'hidden_size': 39, 'dropout': 0.38353320548872727, 'hidden_continuous_size': 37, 'attention_head_size': 4, 'learning_rate': 0.004495849126995926}. Best is trial 2 with value: 767.8583984375.
LOCAL_RANK: 0 - CUDA_VISIBLE_DEVICES: [0]
[I 2023-11-30 07:35:24,389] Trial 9 finished with value: 4840.69580078125 and parameters: {'gradient_clip_val': 0.36656197964218024, 'hidden_size': 10, 'dropout': 0.23876366703173496, 'hidden_continuous_size': 10, 'attention_head_size': 2, 'learning_rate': 0.008405670171079594}. Best is trial 2 with value: 767.8583984375.
LOCAL_RANK: 0 - CUDA_VISIBLE_DEVICES: [0]
[I 2023-11-30 07:35:38,439] Trial 10 finished with value: 1150.0072021484375 and parameters: {'gradient_clip_val': 0.10676402616018488, 'hidden_size': 120, 'dropout': 0.3105079880509815, 'hidden_continuous_size': 112, 'attention_head_size': 1, 'learning_rate': 0.07939704961738414}. Best is trial 2 with value: 767.8583984375.
LOCAL_RANK: 0 - CUDA_VISIBLE_DEVICES: [0]
[I 2023-11-30 07:35:51,440] Trial 11 finished with value: 714.3287963867188 and parameters: {'gradient_clip_val': 0.5159091845400708, 'hidden_size': 67, 'dropout': 0.16887214642701778, 'hidden_continuous_size': 20, 'attention_head_size': 2, 'learning_rate': 0.0324870986218235}. Best is trial 11 with value: 714.3287963867188.
LOCAL_RANK: 0 - CUDA_VISIBLE_DEVICES: [0]
[I 2023-11-30 07:36:05,258] Trial 12 finished with value: 1161.0859375 and parameters: {'gradient_clip_val': 0.9963283494212578, 'hidden_size': 139, 'dropout': 0.17835666397545577, 'hidden_continuous_size': 26, 'attention_head_size': 1, 'learning_rate': 0.03628653223832957}. Best is trial 11 with value: 714.3287963867188.
LOCAL_RANK: 0 - CUDA_VISIBLE_DEVICES: [0]
[I 2023-11-30 07:36:18,792] Trial 13 finished with value: 973.8706665039062 and parameters: {'gradient_clip_val': 0.4875159367702529, 'hidden_size': 84, 'dropout': 0.19415073153649826, 'hidden_continuous_size': 45, 'attention_head_size': 2, 'learning_rate': 0.034801053747296355}. Best is trial 11 with value: 714.3287963867188.
LOCAL_RANK: 0 - CUDA_VISIBLE_DEVICES: [0]
[I 2023-11-30 07:36:30,787] Trial 14 finished with value: 939.9932250976562 and parameters: {'gradient_clip_val': 0.45461328725994493, 'hidden_size': 29, 'dropout': 0.10020975614357007, 'hidden_continuous_size': 14, 'attention_head_size': 1, 'learning_rate': 0.08284927861639571}. Best is trial 11 with value: 714.3287963867188.
LOCAL_RANK: 0 - CUDA_VISIBLE_DEVICES: [0]
[I 2023-11-30 07:36:43,626] Trial 15 finished with value: 874.8005981445312 and parameters: {'gradient_clip_val': 0.6741732470857384, 'hidden_size': 51, 'dropout': 0.2032019096572403, 'hidden_continuous_size': 19, 'attention_head_size': 2, 'learning_rate': 0.02834583344107119}. Best is trial 11 with value: 714.3287963867188.
LOCAL_RANK: 0 - CUDA_VISIBLE_DEVICES: [0]
[I 2023-11-30 07:36:56,504] Trial 16 finished with value: 866.210205078125 and parameters: {'gradient_clip_val': 0.5493175186098428, 'hidden_size': 84, 'dropout': 0.15136481850029793, 'hidden_continuous_size': 24, 'attention_head_size': 1, 'learning_rate': 0.007440612147532608}. Best is trial 11 with value: 714.3287963867188.
LOCAL_RANK: 0 - CUDA_VISIBLE_DEVICES: [0]
[I 2023-11-30 07:37:08,727] Trial 17 finished with value: 989.7799682617188 and parameters: {'gradient_clip_val': 0.992790154266788, 'hidden_size': 34, 'dropout': 0.2783067150889473, 'hidden_continuous_size': 14, 'attention_head_size': 2, 'learning_rate': 0.062485985317177924}. Best is trial 11 with value: 714.3287963867188.
LOCAL_RANK: 0 - CUDA_VISIBLE_DEVICES: [0]
[I 2023-11-30 07:37:20,456] Trial 18 finished with value: 1095.6412353515625 and parameters: {'gradient_clip_val': 0.704021063461472, 'hidden_size': 24, 'dropout': 0.21289191196231083, 'hidden_continuous_size': 13, 'attention_head_size': 1, 'learning_rate': 0.026723513530873898}. Best is trial 11 with value: 714.3287963867188.
LOCAL_RANK: 0 - CUDA_VISIBLE_DEVICES: [0]
[I 2023-11-30 07:37:33,546] Trial 19 finished with value: 927.7883911132812 and parameters: {'gradient_clip_val': 0.4425374482558641, 'hidden_size': 73, 'dropout': 0.1572487812269741, 'hidden_continuous_size': 21, 'attention_head_size': 2, 'learning_rate': 0.059826593157246664}. Best is trial 11 with value: 714.3287963867188.
LOCAL_RANK: 0 - CUDA_VISIBLE_DEVICES: [0]
[I 2023-11-30 07:37:47,292] Trial 20 finished with value: 979.6862182617188 and parameters: {'gradient_clip_val': 0.7364220605774339, 'hidden_size': 106, 'dropout': 0.2203967057024774, 'hidden_continuous_size': 49, 'attention_head_size': 1, 'learning_rate': 0.026070707403674207}. Best is trial 11 with value: 714.3287963867188.
LOCAL_RANK: 0 - CUDA_VISIBLE_DEVICES: [0]
[I 2023-11-30 07:38:00,171] Trial 21 finished with value: 959.2666015625 and parameters: {'gradient_clip_val': 0.5661514148668545, 'hidden_size': 63, 'dropout': 0.1255578486588086, 'hidden_continuous_size': 17, 'attention_head_size': 3, 'learning_rate': 0.022193212055579295}. Best is trial 11 with value: 714.3287963867188.
LOCAL_RANK: 0 - CUDA_VISIBLE_DEVICES: [0]
[I 2023-11-30 07:38:12,880] Trial 22 finished with value: 909.42822265625 and parameters: {'gradient_clip_val': 0.5915058181317984, 'hidden_size': 58, 'dropout': 0.13954150684324687, 'hidden_continuous_size': 16, 'attention_head_size': 3, 'learning_rate': 0.013035481949356173}. Best is trial 11 with value: 714.3287963867188.
LOCAL_RANK: 0 - CUDA_VISIBLE_DEVICES: [0]
[I 2023-11-30 07:38:25,397] Trial 23 finished with value: 599.07763671875 and parameters: {'gradient_clip_val': 0.858112180044914, 'hidden_size': 48, 'dropout': 0.17869116915709216, 'hidden_continuous_size': 17, 'attention_head_size': 4, 'learning_rate': 0.018669947097937244}. Best is trial 23 with value: 599.07763671875.
LOCAL_RANK: 0 - CUDA_VISIBLE_DEVICES: [0]
[I 2023-11-30 07:38:38,057] Trial 24 finished with value: 1018.3825073242188 and parameters: {'gradient_clip_val': 0.8156052236078517, 'hidden_size': 45, 'dropout': 0.18537883135076966, 'hidden_continuous_size': 20, 'attention_head_size': 4, 'learning_rate': 0.04125722861553494}. Best is trial 23 with value: 599.07763671875.
LOCAL_RANK: 0 - CUDA_VISIBLE_DEVICES: [0]
[I 2023-11-30 07:38:51,308] Trial 25 finished with value: 838.110595703125 and parameters: {'gradient_clip_val': 0.8504086989340486, 'hidden_size': 68, 'dropout': 0.18011374194844182, 'hidden_continuous_size': 23, 'attention_head_size': 4, 'learning_rate': 0.010323539838018682}. Best is trial 23 with value: 599.07763671875.
LOCAL_RANK: 0 - CUDA_VISIBLE_DEVICES: [0]
[I 2023-11-30 07:39:03,850] Trial 26 finished with value: 811.7843627929688 and parameters: {'gradient_clip_val': 0.8424873442183789, 'hidden_size': 43, 'dropout': 0.2225662515075611, 'hidden_continuous_size': 18, 'attention_head_size': 2, 'learning_rate': 0.020618877011664698}. Best is trial 23 with value: 599.07763671875.
LOCAL_RANK: 0 - CUDA_VISIBLE_DEVICES: [0]
[I 2023-11-30 07:39:16,587] Trial 27 finished with value: 1057.3262939453125 and parameters: {'gradient_clip_val': 0.6518149966766297, 'hidden_size': 49, 'dropout': 0.16332722611816158, 'hidden_continuous_size': 15, 'attention_head_size': 4, 'learning_rate': 0.0992428650526106}. Best is trial 23 with value: 599.07763671875.
LOCAL_RANK: 0 - CUDA_VISIBLE_DEVICES: [0]
[I 2023-11-30 07:39:30,091] Trial 28 finished with value: 1369.92822265625 and parameters: {'gradient_clip_val': 0.9864872203256856, 'hidden_size': 102, 'dropout': 0.20272924128624042, 'hidden_continuous_size': 28, 'attention_head_size': 2, 'learning_rate': 0.04469957703179551}. Best is trial 23 with value: 599.07763671875.
LOCAL_RANK: 0 - CUDA_VISIBLE_DEVICES: [0]
[I 2023-11-30 07:39:43,155] Trial 29 finished with value: 875.5813598632812 and parameters: {'gradient_clip_val': 0.7358275912106021, 'hidden_size': 77, 'dropout': 0.2716098425513649, 'hidden_continuous_size': 13, 'attention_head_size': 3, 'learning_rate': 0.0174448770837303}. Best is trial 23 with value: 599.07763671875.
LOCAL_RANK: 0 - CUDA_VISIBLE_DEVICES: [0]
[I 2023-11-30 07:39:55,984] Trial 30 finished with value: 1135.0322265625 and parameters: {'gradient_clip_val': 0.802670286972634, 'hidden_size': 57, 'dropout': 0.23351165379369954, 'hidden_continuous_size': 18, 'attention_head_size': 1, 'learning_rate': 0.027967690282506553}. Best is trial 23 with value: 599.07763671875.
LOCAL_RANK: 0 - CUDA_VISIBLE_DEVICES: [0]
[I 2023-11-30 07:40:08,432] Trial 31 finished with value: 1115.33154296875 and parameters: {'gradient_clip_val': 0.8373972488735606, 'hidden_size': 42, 'dropout': 0.2319492924651233, 'hidden_continuous_size': 18, 'attention_head_size': 2, 'learning_rate': 0.022627724466886656}. Best is trial 23 with value: 599.07763671875.
LOCAL_RANK: 0 - CUDA_VISIBLE_DEVICES: [0]
[I 2023-11-30 07:40:21,035] Trial 32 finished with value: 1046.0234375 and parameters: {'gradient_clip_val': 0.8910691610200894, 'hidden_size': 47, 'dropout': 0.21679808651264398, 'hidden_continuous_size': 20, 'attention_head_size': 2, 'learning_rate': 0.01941995350739986}. Best is trial 23 with value: 599.07763671875.
LOCAL_RANK: 0 - CUDA_VISIBLE_DEVICES: [0]
[I 2023-11-30 07:40:33,189] Trial 33 finished with value: 977.4883422851562 and parameters: {'gradient_clip_val': 0.708549338752666, 'hidden_size': 36, 'dropout': 0.17468687817930004, 'hidden_continuous_size': 17, 'attention_head_size': 2, 'learning_rate': 0.014187319866392874}. Best is trial 23 with value: 599.07763671875.
LOCAL_RANK: 0 - CUDA_VISIBLE_DEVICES: [0]
[I 2023-11-30 07:40:46,248] Trial 34 finished with value: 992.0416870117188 and parameters: {'gradient_clip_val': 0.6650525318035767, 'hidden_size': 65, 'dropout': 0.25177433196317256, 'hidden_continuous_size': 22, 'attention_head_size': 3, 'learning_rate': 0.012600451325881269}. Best is trial 23 with value: 599.07763671875.
LOCAL_RANK: 0 - CUDA_VISIBLE_DEVICES: [0]
[I 2023-11-30 07:40:58,940] Trial 35 finished with value: 832.4218139648438 and parameters: {'gradient_clip_val': 0.883240001624391, 'hidden_size': 52, 'dropout': 0.19433491728582677, 'hidden_continuous_size': 20, 'attention_head_size': 2, 'learning_rate': 0.018625371728132237}. Best is trial 23 with value: 599.07763671875.
LOCAL_RANK: 0 - CUDA_VISIBLE_DEVICES: [0]
[I 2023-11-30 07:41:12,058] Trial 36 finished with value: 665.0424194335938 and parameters: {'gradient_clip_val': 0.5042910059054015, 'hidden_size': 73, 'dropout': 0.16436539143640427, 'hidden_continuous_size': 15, 'attention_head_size': 3, 'learning_rate': 0.03285322485339583}. Best is trial 23 with value: 599.07763671875.
LOCAL_RANK: 0 - CUDA_VISIBLE_DEVICES: [0]
[I 2023-11-30 07:41:25,024] Trial 37 finished with value: 1087.5382080078125 and parameters: {'gradient_clip_val': 0.3935872256906135, 'hidden_size': 72, 'dropout': 0.15125848754111057, 'hidden_continuous_size': 12, 'attention_head_size': 4, 'learning_rate': 0.052915117215937564}. Best is trial 23 with value: 599.07763671875.
LOCAL_RANK: 0 - CUDA_VISIBLE_DEVICES: [0]
[I 2023-11-30 07:41:38,135] Trial 38 finished with value: 998.5676879882812 and parameters: {'gradient_clip_val': 0.5334532883075496, 'hidden_size': 92, 'dropout': 0.1764033811676879, 'hidden_continuous_size': 12, 'attention_head_size': 3, 'learning_rate': 0.030270411266324387}. Best is trial 23 with value: 599.07763671875.
LOCAL_RANK: 0 - CUDA_VISIBLE_DEVICES: [0]
[I 2023-11-30 07:41:51,390] Trial 39 finished with value: 1059.0223388671875 and parameters: {'gradient_clip_val': 0.6193822927531799, 'hidden_size': 79, 'dropout': 0.14004694083639574, 'hidden_continuous_size': 15, 'attention_head_size': 4, 'learning_rate': 0.03480559046899041}. Best is trial 23 with value: 599.07763671875.
LOCAL_RANK: 0 - CUDA_VISIBLE_DEVICES: [0]
[I 2023-11-30 07:42:04,104] Trial 40 finished with value: 1113.9334716796875 and parameters: {'gradient_clip_val': 0.30937198207311173, 'hidden_size': 57, 'dropout': 0.163315234763749, 'hidden_continuous_size': 16, 'attention_head_size': 3, 'learning_rate': 0.015242403606116811}. Best is trial 23 with value: 599.07763671875.
LOCAL_RANK: 0 - CUDA_VISIBLE_DEVICES: [0]
[I 2023-11-30 07:42:16,588] Trial 41 finished with value: 1029.73681640625 and parameters: {'gradient_clip_val': 0.7695882737291239, 'hidden_size': 44, 'dropout': 0.2521694084822738, 'hidden_continuous_size': 18, 'attention_head_size': 3, 'learning_rate': 0.022899758058143985}. Best is trial 23 with value: 599.07763671875.
LOCAL_RANK: 0 - CUDA_VISIBLE_DEVICES: [0]
[I 2023-11-30 07:42:29,574] Trial 42 finished with value: 815.5175170898438 and parameters: {'gradient_clip_val': 0.6101685265648378, 'hidden_size': 66, 'dropout': 0.1918040311191475, 'hidden_continuous_size': 22, 'attention_head_size': 2, 'learning_rate': 0.01939054114450414}. Best is trial 23 with value: 599.07763671875.
LOCAL_RANK: 0 - CUDA_VISIBLE_DEVICES: [0]
[I 2023-11-30 07:42:42,294] Trial 43 finished with value: 934.4945678710938 and parameters: {'gradient_clip_val': 0.5062813901958076, 'hidden_size': 53, 'dropout': 0.16862548788807455, 'hidden_continuous_size': 19, 'attention_head_size': 3, 'learning_rate': 0.03213631268752277}. Best is trial 23 with value: 599.07763671875.
LOCAL_RANK: 0 - CUDA_VISIBLE_DEVICES: [0]
[I 2023-11-30 07:42:55,009] Trial 44 finished with value: 1138.958984375 and parameters: {'gradient_clip_val': 0.769067140964273, 'hidden_size': 92, 'dropout': 0.22566733418025006, 'hidden_continuous_size': 10, 'attention_head_size': 1, 'learning_rate': 0.04248189545490527}. Best is trial 23 with value: 599.07763671875.
LOCAL_RANK: 0 - CUDA_VISIBLE_DEVICES: [0]
[I 2023-11-30 07:43:08,130] Trial 45 finished with value: 1059.5845947265625 and parameters: {'gradient_clip_val': 0.8866883333947577, 'hidden_size': 61, 'dropout': 0.21024354363585904, 'hidden_continuous_size': 25, 'attention_head_size': 2, 'learning_rate': 0.015805696936451064}. Best is trial 23 with value: 599.07763671875.
LOCAL_RANK: 0 - CUDA_VISIBLE_DEVICES: [0]
[I 2023-11-30 07:43:20,475] Trial 46 finished with value: 1286.8641357421875 and parameters: {'gradient_clip_val': 0.34333911909974313, 'hidden_size': 40, 'dropout': 0.20108531887933145, 'hidden_continuous_size': 15, 'attention_head_size': 4, 'learning_rate': 0.010859671927946006}. Best is trial 23 with value: 599.07763671875.
LOCAL_RANK: 0 - CUDA_VISIBLE_DEVICES: [0]
[I 2023-11-30 07:43:33,531] Trial 47 finished with value: 1149.8338623046875 and parameters: {'gradient_clip_val': 0.6271418548231209, 'hidden_size': 70, 'dropout': 0.2930052635798381, 'hidden_continuous_size': 28, 'attention_head_size': 1, 'learning_rate': 0.023385589436684555}. Best is trial 23 with value: 599.07763671875.
LOCAL_RANK: 0 - CUDA_VISIBLE_DEVICES: [0]
[I 2023-11-30 07:43:46,164] Trial 48 finished with value: 931.09814453125 and parameters: {'gradient_clip_val': 0.48645026218236403, 'hidden_size': 54, 'dropout': 0.24232964333886636, 'hidden_continuous_size': 21, 'attention_head_size': 2, 'learning_rate': 0.03351826836032678}. Best is trial 23 with value: 599.07763671875.
LOCAL_RANK: 0 - CUDA_VISIBLE_DEVICES: [0]
[I 2023-11-30 07:43:58,991] Trial 49 finished with value: 950.077880859375 and parameters: {'gradient_clip_val': 0.41432143152375583, 'hidden_size': 80, 'dropout': 0.18536475979962902, 'hidden_continuous_size': 13, 'attention_head_size': 3, 'learning_rate': 0.007906286495462968}. Best is trial 23 with value: 599.07763671875.
LOCAL_RANK: 0 - CUDA_VISIBLE_DEVICES: [0]
[I 2023-11-30 07:44:11,715] Trial 50 finished with value: 1256.72216796875 and parameters: {'gradient_clip_val': 0.2716435333318084, 'hidden_size': 49, 'dropout': 0.10717100484651629, 'hidden_continuous_size': 17, 'attention_head_size': 1, 'learning_rate': 0.026117213079666433}. Best is trial 23 with value: 599.07763671875.
LOCAL_RANK: 0 - CUDA_VISIBLE_DEVICES: [0]
[I 2023-11-30 07:44:24,615] Trial 51 finished with value: 969.65869140625 and parameters: {'gradient_clip_val': 0.5895430890236015, 'hidden_size': 66, 'dropout': 0.19405684072020665, 'hidden_continuous_size': 23, 'attention_head_size': 2, 'learning_rate': 0.019737988901566656}. Best is trial 23 with value: 599.07763671875.
LOCAL_RANK: 0 - CUDA_VISIBLE_DEVICES: [0]
[I 2023-11-30 07:44:37,367] Trial 52 finished with value: 1053.3621826171875 and parameters: {'gradient_clip_val': 0.6871259810162335, 'hidden_size': 61, 'dropout': 0.22393753514656176, 'hidden_continuous_size': 22, 'attention_head_size': 2, 'learning_rate': 0.016856506251785204}. Best is trial 23 with value: 599.07763671875.
LOCAL_RANK: 0 - CUDA_VISIBLE_DEVICES: [0]
[I 2023-11-30 07:44:50,569] Trial 53 finished with value: 1035.30615234375 and parameters: {'gradient_clip_val': 0.9341842222014473, 'hidden_size': 74, 'dropout': 0.15043023392957092, 'hidden_continuous_size': 25, 'attention_head_size': 2, 'learning_rate': 0.01887574417680942}. Best is trial 23 with value: 599.07763671875.
LOCAL_RANK: 0 - CUDA_VISIBLE_DEVICES: [0]
[I 2023-11-30 07:45:03,903] Trial 54 finished with value: 896.51953125 and parameters: {'gradient_clip_val': 0.5424517567553132, 'hidden_size': 85, 'dropout': 0.16842257419180043, 'hidden_continuous_size': 32, 'attention_head_size': 2, 'learning_rate': 0.01318256228303618}. Best is trial 23 with value: 599.07763671875.
LOCAL_RANK: 0 - CUDA_VISIBLE_DEVICES: [0]
[I 2023-11-30 07:45:16,951] Trial 55 finished with value: 983.3678588867188 and parameters: {'gradient_clip_val': 0.7807413339479544, 'hidden_size': 66, 'dropout': 0.21541830232432574, 'hidden_continuous_size': 19, 'attention_head_size': 2, 'learning_rate': 0.021669549886778147}. Best is trial 23 with value: 599.07763671875.
LOCAL_RANK: 0 - CUDA_VISIBLE_DEVICES: [0]
[I 2023-11-30 07:45:29,615] Trial 56 finished with value: 1022.1599731445312 and parameters: {'gradient_clip_val': 0.6174698697227713, 'hidden_size': 56, 'dropout': 0.1881162656203661, 'hidden_continuous_size': 21, 'attention_head_size': 3, 'learning_rate': 0.028960162640390242}. Best is trial 23 with value: 599.07763671875.
LOCAL_RANK: 0 - CUDA_VISIBLE_DEVICES: [0]
