[I 2023-11-30 15:31:45,266] Trial 70 finished with value: 79.78512573242188 and parameters: {'gradient_clip_val': 0.11501226576346095, 'hidden_size': 62, 'dropout': 0.19028631391705111, 'hidden_continuous_size': 31, 'attention_head_size': 1, 'learning_rate': 0.049895431175404965}. Best is trial 44 with value: 63.95524978637695.
LOCAL_RANK: 0 - CUDA_VISIBLE_DEVICES: [0]
[I 2023-11-30 15:31:59,937] Trial 71 finished with value: 68.73812866210938 and parameters: {'gradient_clip_val': 0.14483236426065765, 'hidden_size': 79, 'dropout': 0.17980638351664938, 'hidden_continuous_size': 28, 'attention_head_size': 3, 'learning_rate': 0.08689152889461182}. Best is trial 44 with value: 63.95524978637695.
LOCAL_RANK: 0 - CUDA_VISIBLE_DEVICES: [0]
[I 2023-11-30 15:32:14,867] Trial 72 finished with value: 85.53368377685547 and parameters: {'gradient_clip_val': 0.13081192276525377, 'hidden_size': 75, 'dropout': 0.20886393155757116, 'hidden_continuous_size': 32, 'attention_head_size': 3, 'learning_rate': 0.08896526573089845}. Best is trial 44 with value: 63.95524978637695.
LOCAL_RANK: 0 - CUDA_VISIBLE_DEVICES: [0]
[I 2023-11-30 15:32:29,590] Trial 73 finished with value: 71.66268920898438 and parameters: {'gradient_clip_val': 0.10456686095393326, 'hidden_size': 82, 'dropout': 0.1579266711213006, 'hidden_continuous_size': 29, 'attention_head_size': 3, 'learning_rate': 0.061985122531231535}. Best is trial 44 with value: 63.95524978637695.
LOCAL_RANK: 0 - CUDA_VISIBLE_DEVICES: [0]
[I 2023-11-30 15:32:44,283] Trial 74 finished with value: 86.9408950805664 and parameters: {'gradient_clip_val': 0.1603054481661848, 'hidden_size': 71, 'dropout': 0.17262377718783403, 'hidden_continuous_size': 34, 'attention_head_size': 3, 'learning_rate': 0.09978524450149794}. Best is trial 44 with value: 63.95524978637695.
LOCAL_RANK: 0 - CUDA_VISIBLE_DEVICES: [0]
[I 2023-11-30 15:32:58,819] Trial 75 finished with value: 79.1397705078125 and parameters: {'gradient_clip_val': 0.12196070852907039, 'hidden_size': 87, 'dropout': 0.1123160683303626, 'hidden_continuous_size': 37, 'attention_head_size': 3, 'learning_rate': 0.07403417351348676}. Best is trial 44 with value: 63.95524978637695.
LOCAL_RANK: 0 - CUDA_VISIBLE_DEVICES: [0]
[I 2023-11-30 15:33:12,721] Trial 76 finished with value: 72.38042449951172 and parameters: {'gradient_clip_val': 0.14523259488048715, 'hidden_size': 96, 'dropout': 0.10151694474485111, 'hidden_continuous_size': 31, 'attention_head_size': 2, 'learning_rate': 0.06720002942419799}. Best is trial 44 with value: 63.95524978637695.
LOCAL_RANK: 0 - CUDA_VISIBLE_DEVICES: [0]
[I 2023-11-30 15:33:26,924] Trial 77 finished with value: 90.9135971069336 and parameters: {'gradient_clip_val': 0.13220243128078948, 'hidden_size': 77, 'dropout': 0.14535328936870856, 'hidden_continuous_size': 24, 'attention_head_size': 1, 'learning_rate': 0.05630006394882449}. Best is trial 44 with value: 63.95524978637695.
LOCAL_RANK: 0 - CUDA_VISIBLE_DEVICES: [0]
[I 2023-11-30 15:33:41,761] Trial 78 finished with value: 77.28829956054688 and parameters: {'gradient_clip_val': 0.18097320507894957, 'hidden_size': 67, 'dropout': 0.18651827423316625, 'hidden_continuous_size': 26, 'attention_head_size': 2, 'learning_rate': 0.08516704134398853}. Best is trial 44 with value: 63.95524978637695.
LOCAL_RANK: 0 - CUDA_VISIBLE_DEVICES: [0]
[I 2023-11-30 15:33:56,331] Trial 79 finished with value: 66.73787689208984 and parameters: {'gradient_clip_val': 0.11290141146528031, 'hidden_size': 60, 'dropout': 0.16835456093676987, 'hidden_continuous_size': 30, 'attention_head_size': 1, 'learning_rate': 0.03910700791074597}. Best is trial 44 with value: 63.95524978637695.
LOCAL_RANK: 0 - CUDA_VISIBLE_DEVICES: [0]
[I 2023-11-30 15:34:10,351] Trial 80 finished with value: 68.59968566894531 and parameters: {'gradient_clip_val': 0.10662081502394988, 'hidden_size': 58, 'dropout': 0.16853136747110425, 'hidden_continuous_size': 22, 'attention_head_size': 1, 'learning_rate': 0.04082324827527492}. Best is trial 44 with value: 63.95524978637695.
LOCAL_RANK: 0 - CUDA_VISIBLE_DEVICES: [0]
[I 2023-11-30 15:34:24,643] Trial 81 finished with value: 77.1758804321289 and parameters: {'gradient_clip_val': 0.11354653005311906, 'hidden_size': 61, 'dropout': 0.16438798274350794, 'hidden_continuous_size': 32, 'attention_head_size': 1, 'learning_rate': 0.029383055414745774}. Best is trial 44 with value: 63.95524978637695.
LOCAL_RANK: 0 - CUDA_VISIBLE_DEVICES: [0]
[I 2023-11-30 15:34:38,654] Trial 82 finished with value: 82.81682586669922 and parameters: {'gradient_clip_val': 0.12047100059742388, 'hidden_size': 87, 'dropout': 0.18093392198328065, 'hidden_continuous_size': 29, 'attention_head_size': 1, 'learning_rate': 0.05162427721609214}. Best is trial 44 with value: 63.95524978637695.
LOCAL_RANK: 0 - CUDA_VISIBLE_DEVICES: [0]
[I 2023-11-30 15:34:52,732] Trial 83 finished with value: 78.35140991210938 and parameters: {'gradient_clip_val': 0.1000792862840561, 'hidden_size': 52, 'dropout': 0.15606285183330948, 'hidden_continuous_size': 30, 'attention_head_size': 1, 'learning_rate': 0.074553581617325}. Best is trial 44 with value: 63.95524978637695.
LOCAL_RANK: 0 - CUDA_VISIBLE_DEVICES: [0]
[I 2023-11-30 15:35:07,015] Trial 84 finished with value: 74.98667907714844 and parameters: {'gradient_clip_val': 0.13524855047276219, 'hidden_size': 71, 'dropout': 0.20578334316517066, 'hidden_continuous_size': 25, 'attention_head_size': 1, 'learning_rate': 0.06259500495592621}. Best is trial 44 with value: 63.95524978637695.
LOCAL_RANK: 0 - CUDA_VISIBLE_DEVICES: [0]
[I 2023-11-30 15:35:21,462] Trial 85 finished with value: 66.26275634765625 and parameters: {'gradient_clip_val': 0.111744994696419, 'hidden_size': 80, 'dropout': 0.1345967128779496, 'hidden_continuous_size': 28, 'attention_head_size': 1, 'learning_rate': 0.0465031212540781}. Best is trial 44 with value: 63.95524978637695.
LOCAL_RANK: 0 - CUDA_VISIBLE_DEVICES: [0]
[I 2023-11-30 15:35:35,228] Trial 86 finished with value: 74.01961517333984 and parameters: {'gradient_clip_val': 0.11148405950083995, 'hidden_size': 65, 'dropout': 0.12303194232361636, 'hidden_continuous_size': 27, 'attention_head_size': 1, 'learning_rate': 0.047428514926439055}. Best is trial 44 with value: 63.95524978637695.
LOCAL_RANK: 0 - CUDA_VISIBLE_DEVICES: [0]
[I 2023-11-30 15:35:50,324] Trial 87 finished with value: 69.88738250732422 and parameters: {'gradient_clip_val': 0.1252861680177202, 'hidden_size': 73, 'dropout': 0.13530497824033336, 'hidden_continuous_size': 28, 'attention_head_size': 1, 'learning_rate': 0.038651001305659474}. Best is trial 44 with value: 63.95524978637695.
LOCAL_RANK: 0 - CUDA_VISIBLE_DEVICES: [0]
[I 2023-11-30 15:36:04,721] Trial 88 finished with value: 83.96554565429688 and parameters: {'gradient_clip_val': 0.11512665207935625, 'hidden_size': 60, 'dropout': 0.14746499550823783, 'hidden_continuous_size': 34, 'attention_head_size': 1, 'learning_rate': 0.04460297992465759}. Best is trial 44 with value: 63.95524978637695.
LOCAL_RANK: 0 - CUDA_VISIBLE_DEVICES: [0]
[I 2023-11-30 15:36:18,625] Trial 89 finished with value: 76.65139770507812 and parameters: {'gradient_clip_val': 0.1059626019478493, 'hidden_size': 80, 'dropout': 0.13772190323641958, 'hidden_continuous_size': 23, 'attention_head_size': 1, 'learning_rate': 0.03561524018149997}. Best is trial 44 with value: 63.95524978637695.
LOCAL_RANK: 0 - CUDA_VISIBLE_DEVICES: [0]
[I 2023-11-30 15:36:33,490] Trial 90 finished with value: 78.60172271728516 and parameters: {'gradient_clip_val': 0.11966867483200498, 'hidden_size': 92, 'dropout': 0.1933376078906055, 'hidden_continuous_size': 38, 'attention_head_size': 1, 'learning_rate': 0.05504300271693741}. Best is trial 44 with value: 63.95524978637695.
LOCAL_RANK: 0 - CUDA_VISIBLE_DEVICES: [0]
[I 2023-11-30 15:36:47,750] Trial 91 finished with value: 84.34429931640625 and parameters: {'gradient_clip_val': 0.12696265811195342, 'hidden_size': 78, 'dropout': 0.1772611894872358, 'hidden_continuous_size': 31, 'attention_head_size': 3, 'learning_rate': 0.07889506588648627}. Best is trial 44 with value: 63.95524978637695.
LOCAL_RANK: 0 - CUDA_VISIBLE_DEVICES: [0]
[I 2023-11-30 15:37:01,606] Trial 92 finished with value: 71.432861328125 and parameters: {'gradient_clip_val': 0.13804744680458547, 'hidden_size': 68, 'dropout': 0.15277525502427775, 'hidden_continuous_size': 34, 'attention_head_size': 2, 'learning_rate': 0.09023860216365095}. Best is trial 44 with value: 63.95524978637695.
LOCAL_RANK: 0 - CUDA_VISIBLE_DEVICES: [0]
[I 2023-11-30 15:37:16,866] Trial 93 finished with value: 85.76261138916016 and parameters: {'gradient_clip_val': 0.11021657412992303, 'hidden_size': 84, 'dropout': 0.17142007017921224, 'hidden_continuous_size': 28, 'attention_head_size': 1, 'learning_rate': 0.0665833233696788}. Best is trial 44 with value: 63.95524978637695.
LOCAL_RANK: 0 - CUDA_VISIBLE_DEVICES: [0]
[I 2023-11-30 15:37:32,090] Trial 94 finished with value: 68.92090606689453 and parameters: {'gradient_clip_val': 0.1496801569458609, 'hidden_size': 64, 'dropout': 0.19718692083009923, 'hidden_continuous_size': 33, 'attention_head_size': 2, 'learning_rate': 0.07318396415096229}. Best is trial 44 with value: 63.95524978637695.
LOCAL_RANK: 0 - CUDA_VISIBLE_DEVICES: [0]
[I 2023-11-30 15:37:47,249] Trial 95 finished with value: 76.4330062866211 and parameters: {'gradient_clip_val': 0.11881844409347048, 'hidden_size': 71, 'dropout': 0.16493393173290835, 'hidden_continuous_size': 30, 'attention_head_size': 1, 'learning_rate': 0.05965869891148539}. Best is trial 44 with value: 63.95524978637695.
LOCAL_RANK: 0 - CUDA_VISIBLE_DEVICES: [0]
[I 2023-11-30 15:37:58,880] Trial 96 finished with value: 80.49185943603516 and parameters: {'gradient_clip_val': 0.12862349853306332, 'hidden_size': 23, 'dropout': 0.11289937158618212, 'hidden_continuous_size': 23, 'attention_head_size': 3, 'learning_rate': 0.09119740041996}. Best is trial 44 with value: 63.95524978637695.
LOCAL_RANK: 0 - CUDA_VISIBLE_DEVICES: [0]
[I 2023-11-30 15:38:14,467] Trial 97 finished with value: 82.58991241455078 and parameters: {'gradient_clip_val': 0.14320634684582864, 'hidden_size': 105, 'dropout': 0.14318771073352674, 'hidden_continuous_size': 39, 'attention_head_size': 1, 'learning_rate': 0.08084757263175783}. Best is trial 44 with value: 63.95524978637695.
LOCAL_RANK: 0 - CUDA_VISIBLE_DEVICES: [0]
