[I 2023-11-30 08:57:12,803] Trial 55 finished with value: 556.8894653320312 and parameters: {'gradient_clip_val': 0.15371339954306637, 'hidden_size': 39, 'dropout': 0.3067924288875935, 'hidden_continuous_size': 15, 'attention_head_size': 3, 'learning_rate': 0.019187396158473095}. Best is trial 28 with value: 420.8121643066406.
LOCAL_RANK: 0 - CUDA_VISIBLE_DEVICES: [0]
[I 2023-11-30 08:57:25,688] Trial 56 finished with value: 445.1211242675781 and parameters: {'gradient_clip_val': 0.1850858825995202, 'hidden_size': 47, 'dropout': 0.32140642472089864, 'hidden_continuous_size': 12, 'attention_head_size': 4, 'learning_rate': 0.011267803012967738}. Best is trial 28 with value: 420.8121643066406.
LOCAL_RANK: 0 - CUDA_VISIBLE_DEVICES: [0]
[I 2023-11-30 08:57:38,432] Trial 57 finished with value: 432.1333923339844 and parameters: {'gradient_clip_val': 0.18503094975722376, 'hidden_size': 48, 'dropout': 0.32118940648840905, 'hidden_continuous_size': 13, 'attention_head_size': 4, 'learning_rate': 0.02166914410501995}. Best is trial 28 with value: 420.8121643066406.
LOCAL_RANK: 0 - CUDA_VISIBLE_DEVICES: [0]
[I 2023-11-30 08:57:51,621] Trial 58 finished with value: 443.0999450683594 and parameters: {'gradient_clip_val': 0.1912194144342565, 'hidden_size': 46, 'dropout': 0.33659770731044464, 'hidden_continuous_size': 13, 'attention_head_size': 4, 'learning_rate': 0.013490994672663462}. Best is trial 28 with value: 420.8121643066406.
LOCAL_RANK: 0 - CUDA_VISIBLE_DEVICES: [0]
[I 2023-11-30 08:58:04,540] Trial 59 finished with value: 592.61962890625 and parameters: {'gradient_clip_val': 0.1907546414067104, 'hidden_size': 45, 'dropout': 0.3344272280761288, 'hidden_continuous_size': 12, 'attention_head_size': 4, 'learning_rate': 0.02093150797038431}. Best is trial 28 with value: 420.8121643066406.
LOCAL_RANK: 0 - CUDA_VISIBLE_DEVICES: [0]
[I 2023-11-30 08:58:17,529] Trial 60 finished with value: 463.8971862792969 and parameters: {'gradient_clip_val': 0.220499703080234, 'hidden_size': 49, 'dropout': 0.3544077919586967, 'hidden_continuous_size': 14, 'attention_head_size': 4, 'learning_rate': 0.014587676085021057}. Best is trial 28 with value: 420.8121643066406.
LOCAL_RANK: 0 - CUDA_VISIBLE_DEVICES: [0]
[I 2023-11-30 08:58:30,759] Trial 61 finished with value: 494.485595703125 and parameters: {'gradient_clip_val': 0.1698133960047673, 'hidden_size': 65, 'dropout': 0.3225947648749451, 'hidden_continuous_size': 13, 'attention_head_size': 4, 'learning_rate': 0.013010530778313439}. Best is trial 28 with value: 420.8121643066406.
LOCAL_RANK: 0 - CUDA_VISIBLE_DEVICES: [0]
[I 2023-11-30 08:58:43,568] Trial 62 finished with value: 507.1221923828125 and parameters: {'gradient_clip_val': 0.20818333455631136, 'hidden_size': 42, 'dropout': 0.3357846973685201, 'hidden_continuous_size': 12, 'attention_head_size': 4, 'learning_rate': 0.017387861865148457}. Best is trial 28 with value: 420.8121643066406.
LOCAL_RANK: 0 - CUDA_VISIBLE_DEVICES: [0]
[I 2023-11-30 08:58:56,779] Trial 63 finished with value: 573.8141479492188 and parameters: {'gradient_clip_val': 0.17674699938696214, 'hidden_size': 53, 'dropout': 0.3207087916729162, 'hidden_continuous_size': 14, 'attention_head_size': 4, 'learning_rate': 0.008972425666348604}. Best is trial 28 with value: 420.8121643066406.
LOCAL_RANK: 0 - CUDA_VISIBLE_DEVICES: [0]
[I 2023-11-30 08:59:09,459] Trial 64 finished with value: 506.300048828125 and parameters: {'gradient_clip_val': 0.19733152412319, 'hidden_size': 36, 'dropout': 0.3522341429772173, 'hidden_continuous_size': 17, 'attention_head_size': 4, 'learning_rate': 0.01127067925675622}. Best is trial 28 with value: 420.8121643066406.
LOCAL_RANK: 0 - CUDA_VISIBLE_DEVICES: [0]
[I 2023-11-30 08:59:22,262] Trial 65 finished with value: 484.6151428222656 and parameters: {'gradient_clip_val': 0.1617390286259095, 'hidden_size': 47, 'dropout': 0.3068286322305215, 'hidden_continuous_size': 13, 'attention_head_size': 4, 'learning_rate': 0.020516522009001337}. Best is trial 28 with value: 420.8121643066406.
LOCAL_RANK: 0 - CUDA_VISIBLE_DEVICES: [0]
[I 2023-11-30 08:59:34,741] Trial 66 finished with value: 477.0972900390625 and parameters: {'gradient_clip_val': 0.1431509841278487, 'hidden_size': 40, 'dropout': 0.329680368975201, 'hidden_continuous_size': 12, 'attention_head_size': 4, 'learning_rate': 0.023292708924840543}. Best is trial 28 with value: 420.8121643066406.
LOCAL_RANK: 0 - CUDA_VISIBLE_DEVICES: [0]
[I 2023-11-30 08:59:47,876] Trial 67 finished with value: 599.1693115234375 and parameters: {'gradient_clip_val': 0.1837954568141443, 'hidden_size': 63, 'dropout': 0.34521325866534897, 'hidden_continuous_size': 11, 'attention_head_size': 4, 'learning_rate': 0.017623638588204982}. Best is trial 28 with value: 420.8121643066406.
LOCAL_RANK: 0 - CUDA_VISIBLE_DEVICES: [0]
[I 2023-11-30 09:00:00,924] Trial 68 finished with value: 470.7411193847656 and parameters: {'gradient_clip_val': 0.24550054787599795, 'hidden_size': 45, 'dropout': 0.319925931445968, 'hidden_continuous_size': 19, 'attention_head_size': 4, 'learning_rate': 0.013711926366290884}. Best is trial 28 with value: 420.8121643066406.
LOCAL_RANK: 0 - CUDA_VISIBLE_DEVICES: [0]
[I 2023-11-30 09:00:14,141] Trial 69 finished with value: 436.6533508300781 and parameters: {'gradient_clip_val': 0.2186046443361871, 'hidden_size': 68, 'dropout': 0.30486140483184226, 'hidden_continuous_size': 10, 'attention_head_size': 4, 'learning_rate': 0.01069453787360514}. Best is trial 28 with value: 420.8121643066406.
LOCAL_RANK: 0 - CUDA_VISIBLE_DEVICES: [0]
[I 2023-11-30 09:00:27,397] Trial 70 finished with value: 481.6591796875 and parameters: {'gradient_clip_val': 0.2212846163879184, 'hidden_size': 69, 'dropout': 0.3050962314057486, 'hidden_continuous_size': 10, 'attention_head_size': 4, 'learning_rate': 0.02775122568939141}. Best is trial 28 with value: 420.8121643066406.
LOCAL_RANK: 0 - CUDA_VISIBLE_DEVICES: [0]
[I 2023-11-30 09:00:40,421] Trial 71 finished with value: 513.1135864257812 and parameters: {'gradient_clip_val': 0.1982967721092447, 'hidden_size': 51, 'dropout': 0.3157521789943931, 'hidden_continuous_size': 13, 'attention_head_size': 4, 'learning_rate': 0.011172256161999983}. Best is trial 28 with value: 420.8121643066406.
LOCAL_RANK: 0 - CUDA_VISIBLE_DEVICES: [0]
[I 2023-11-30 09:00:53,380] Trial 72 finished with value: 465.0409851074219 and parameters: {'gradient_clip_val': 0.16434326713750397, 'hidden_size': 60, 'dropout': 0.3318663595212638, 'hidden_continuous_size': 11, 'attention_head_size': 4, 'learning_rate': 0.00823072963405512}. Best is trial 28 with value: 420.8121643066406.
LOCAL_RANK: 0 - CUDA_VISIBLE_DEVICES: [0]
[I 2023-11-30 09:01:06,683] Trial 73 finished with value: 442.2640075683594 and parameters: {'gradient_clip_val': 0.17851104754923727, 'hidden_size': 68, 'dropout': 0.34087449063088043, 'hidden_continuous_size': 16, 'attention_head_size': 4, 'learning_rate': 0.009733315068058192}. Best is trial 28 with value: 420.8121643066406.
LOCAL_RANK: 0 - CUDA_VISIBLE_DEVICES: [0]
[I 2023-11-30 09:01:19,644] Trial 74 finished with value: 454.525634765625 and parameters: {'gradient_clip_val': 0.18313795700652943, 'hidden_size': 56, 'dropout': 0.34122131110303544, 'hidden_continuous_size': 17, 'attention_head_size': 4, 'learning_rate': 0.010144465766372039}. Best is trial 28 with value: 420.8121643066406.
LOCAL_RANK: 0 - CUDA_VISIBLE_DEVICES: [0]
[I 2023-11-30 09:01:33,203] Trial 75 finished with value: 566.78662109375 and parameters: {'gradient_clip_val': 0.2107696924816461, 'hidden_size': 77, 'dropout': 0.34898075448643257, 'hidden_continuous_size': 21, 'attention_head_size': 4, 'learning_rate': 0.014804610412196537}. Best is trial 28 with value: 420.8121643066406.
LOCAL_RANK: 0 - CUDA_VISIBLE_DEVICES: [0]
[I 2023-11-30 09:01:46,787] Trial 76 finished with value: 469.2524719238281 and parameters: {'gradient_clip_val': 0.19746672854858635, 'hidden_size': 67, 'dropout': 0.36301646012418914, 'hidden_continuous_size': 27, 'attention_head_size': 4, 'learning_rate': 0.012791158964804525}. Best is trial 28 with value: 420.8121643066406.
LOCAL_RANK: 0 - CUDA_VISIBLE_DEVICES: [0]
[I 2023-11-30 09:01:59,723] Trial 77 finished with value: 704.0879516601562 and parameters: {'gradient_clip_val': 0.17204735938325055, 'hidden_size': 48, 'dropout': 0.32625382856065743, 'hidden_continuous_size': 16, 'attention_head_size': 4, 'learning_rate': 0.019550586162707932}. Best is trial 28 with value: 420.8121643066406.
LOCAL_RANK: 0 - CUDA_VISIBLE_DEVICES: [0]
[I 2023-11-30 09:02:12,918] Trial 78 finished with value: 440.64453125 and parameters: {'gradient_clip_val': 0.2569036854157493, 'hidden_size': 53, 'dropout': 0.3598126274513187, 'hidden_continuous_size': 14, 'attention_head_size': 4, 'learning_rate': 0.015240574972097154}. Best is trial 28 with value: 420.8121643066406.
LOCAL_RANK: 0 - CUDA_VISIBLE_DEVICES: [0]
[I 2023-11-30 09:02:25,898] Trial 79 finished with value: 554.6366577148438 and parameters: {'gradient_clip_val': 0.23745778932728215, 'hidden_size': 51, 'dropout': 0.3591557497063122, 'hidden_continuous_size': 15, 'attention_head_size': 4, 'learning_rate': 0.024962044300229896}. Best is trial 28 with value: 420.8121643066406.
LOCAL_RANK: 0 - CUDA_VISIBLE_DEVICES: [0]
[I 2023-11-30 09:02:39,534] Trial 80 finished with value: 491.1336364746094 and parameters: {'gradient_clip_val': 0.26777686123223243, 'hidden_size': 62, 'dropout': 0.3548182528230386, 'hidden_continuous_size': 35, 'attention_head_size': 4, 'learning_rate': 0.015439550804177863}. Best is trial 28 with value: 420.8121643066406.
LOCAL_RANK: 0 - CUDA_VISIBLE_DEVICES: [0]
[I 2023-11-30 09:02:52,659] Trial 81 finished with value: 464.778076171875 and parameters: {'gradient_clip_val': 0.25391452090811767, 'hidden_size': 54, 'dropout': 0.34065980987452854, 'hidden_continuous_size': 14, 'attention_head_size': 4, 'learning_rate': 0.012155339416676845}. Best is trial 28 with value: 420.8121643066406.
LOCAL_RANK: 0 - CUDA_VISIBLE_DEVICES: [0]
[I 2023-11-30 09:03:05,480] Trial 82 finished with value: 626.88916015625 and parameters: {'gradient_clip_val': 0.2253686842160876, 'hidden_size': 45, 'dropout': 0.32580898676559994, 'hidden_continuous_size': 14, 'attention_head_size': 4, 'learning_rate': 0.01059324294424783}. Best is trial 28 with value: 420.8121643066406.
LOCAL_RANK: 0 - CUDA_VISIBLE_DEVICES: [0]
[I 2023-11-30 09:03:18,849] Trial 83 finished with value: 449.9964904785156 and parameters: {'gradient_clip_val': 0.1767656089402635, 'hidden_size': 61, 'dropout': 0.3028787988876367, 'hidden_continuous_size': 12, 'attention_head_size': 4, 'learning_rate': 0.01761652644990252}. Best is trial 28 with value: 420.8121643066406.
LOCAL_RANK: 0 - CUDA_VISIBLE_DEVICES: [0]
[I 2023-11-30 09:03:31,836] Trial 84 finished with value: 518.3123779296875 and parameters: {'gradient_clip_val': 0.15769193064966736, 'hidden_size': 67, 'dropout': 0.3683116317480067, 'hidden_continuous_size': 12, 'attention_head_size': 4, 'learning_rate': 0.018360803661584175}. Best is trial 28 with value: 420.8121643066406.
LOCAL_RANK: 0 - CUDA_VISIBLE_DEVICES: [0]
[I 2023-11-30 09:03:44,780] Trial 85 finished with value: 477.7200622558594 and parameters: {'gradient_clip_val': 0.1750325851268433, 'hidden_size': 42, 'dropout': 0.30028135208595924, 'hidden_continuous_size': 12, 'attention_head_size': 4, 'learning_rate': 0.016109442387820652}. Best is trial 28 with value: 420.8121643066406.
LOCAL_RANK: 0 - CUDA_VISIBLE_DEVICES: [0]
[I 2023-11-30 09:03:57,741] Trial 86 finished with value: 538.0095825195312 and parameters: {'gradient_clip_val': 0.20957327546483262, 'hidden_size': 62, 'dropout': 0.3323374396620875, 'hidden_continuous_size': 13, 'attention_head_size': 4, 'learning_rate': 0.021828307725884157}. Best is trial 28 with value: 420.8121643066406.
LOCAL_RANK: 0 - CUDA_VISIBLE_DEVICES: [0]
[I 2023-11-30 09:04:10,543] Trial 87 finished with value: 559.8799438476562 and parameters: {'gradient_clip_val': 0.18959794880211162, 'hidden_size': 54, 'dropout': 0.3455982907132887, 'hidden_continuous_size': 10, 'attention_head_size': 4, 'learning_rate': 0.014131413959422684}. Best is trial 28 with value: 420.8121643066406.
LOCAL_RANK: 0 - CUDA_VISIBLE_DEVICES: [0]
[I 2023-11-30 09:04:24,044] Trial 88 finished with value: 454.2893371582031 and parameters: {'gradient_clip_val': 0.23093629163598786, 'hidden_size': 77, 'dropout': 0.37990888588106947, 'hidden_continuous_size': 11, 'attention_head_size': 4, 'learning_rate': 0.01768874261510993}. Best is trial 28 with value: 420.8121643066406.
LOCAL_RANK: 0 - CUDA_VISIBLE_DEVICES: [0]
[I 2023-11-30 09:04:37,510] Trial 89 finished with value: 581.1581420898438 and parameters: {'gradient_clip_val': 0.1478324371387274, 'hidden_size': 71, 'dropout': 0.38611532847573976, 'hidden_continuous_size': 16, 'attention_head_size': 4, 'learning_rate': 0.03342419372019707}. Best is trial 28 with value: 420.8121643066406.
LOCAL_RANK: 0 - CUDA_VISIBLE_DEVICES: [0]
[I 2023-11-30 09:04:50,587] Trial 90 finished with value: 531.0021362304688 and parameters: {'gradient_clip_val': 0.2036033497438163, 'hidden_size': 50, 'dropout': 0.31217025398466014, 'hidden_continuous_size': 12, 'attention_head_size': 4, 'learning_rate': 0.012196734849970402}. Best is trial 28 with value: 420.8121643066406.
LOCAL_RANK: 0 - CUDA_VISIBLE_DEVICES: [0]
[I 2023-11-30 09:05:03,772] Trial 91 finished with value: 470.133544921875 and parameters: {'gradient_clip_val': 0.1892516183404192, 'hidden_size': 59, 'dropout': 0.3035837008081278, 'hidden_continuous_size': 15, 'attention_head_size': 4, 'learning_rate': 0.010381511070638883}. Best is trial 28 with value: 420.8121643066406.
LOCAL_RANK: 0 - CUDA_VISIBLE_DEVICES: [0]
[I 2023-11-30 09:05:16,698] Trial 92 finished with value: 544.0759887695312 and parameters: {'gradient_clip_val': 0.17799176163555805, 'hidden_size': 47, 'dropout': 0.31123357368051496, 'hidden_continuous_size': 14, 'attention_head_size': 4, 'learning_rate': 0.013362753696602999}. Best is trial 28 with value: 420.8121643066406.
LOCAL_RANK: 0 - CUDA_VISIBLE_DEVICES: [0]
[I 2023-11-30 09:05:30,000] Trial 93 finished with value: 499.8468322753906 and parameters: {'gradient_clip_val': 0.21819070496737872, 'hidden_size': 57, 'dropout': 0.33535888994935054, 'hidden_continuous_size': 13, 'attention_head_size': 4, 'learning_rate': 0.009548728937552492}. Best is trial 28 with value: 420.8121643066406.
LOCAL_RANK: 0 - CUDA_VISIBLE_DEVICES: [0]
[I 2023-11-30 09:05:42,934] Trial 94 finished with value: 565.7840576171875 and parameters: {'gradient_clip_val': 0.15934418330267547, 'hidden_size': 55, 'dropout': 0.2937712941775237, 'hidden_continuous_size': 15, 'attention_head_size': 3, 'learning_rate': 0.01601585565227253}. Best is trial 28 with value: 420.8121643066406.
LOCAL_RANK: 0 - CUDA_VISIBLE_DEVICES: [0]
[I 2023-11-30 09:05:56,063] Trial 95 finished with value: 452.9012756347656 and parameters: {'gradient_clip_val': 0.1692597902624582, 'hidden_size': 64, 'dropout': 0.3229303161762025, 'hidden_continuous_size': 14, 'attention_head_size': 4, 'learning_rate': 0.011242380101416271}. Best is trial 28 with value: 420.8121643066406.
LOCAL_RANK: 0 - CUDA_VISIBLE_DEVICES: [0]
[I 2023-11-30 09:06:09,098] Trial 96 finished with value: 576.5485229492188 and parameters: {'gradient_clip_val': 0.16654505091355418, 'hidden_size': 61, 'dropout': 0.3206717087270557, 'hidden_continuous_size': 13, 'attention_head_size': 4, 'learning_rate': 0.022808228255374187}. Best is trial 28 with value: 420.8121643066406.
LOCAL_RANK: 0 - CUDA_VISIBLE_DEVICES: [0]
[I 2023-11-30 09:06:22,193] Trial 97 finished with value: 552.217041015625 and parameters: {'gradient_clip_val': 0.1967133577456705, 'hidden_size': 65, 'dropout': 0.32641207346557227, 'hidden_continuous_size': 11, 'attention_head_size': 4, 'learning_rate': 0.01934328365232648}. Best is trial 28 with value: 420.8121643066406.
LOCAL_RANK: 0 - CUDA_VISIBLE_DEVICES: [0]
[I 2023-11-30 09:06:35,140] Trial 98 finished with value: 486.8675842285156 and parameters: {'gradient_clip_val': 0.1750818857956748, 'hidden_size': 37, 'dropout': 0.3377471247578934, 'hidden_continuous_size': 14, 'attention_head_size': 4, 'learning_rate': 0.012130961547078016}. Best is trial 28 with value: 420.8121643066406.
LOCAL_RANK: 0 - CUDA_VISIBLE_DEVICES: [0]
[I 2023-11-30 09:06:48,224] Trial 99 finished with value: 462.1044006347656 and parameters: {'gradient_clip_val': 0.15230087145966487, 'hidden_size': 50, 'dropout': 0.35014301972921397, 'hidden_continuous_size': 24, 'attention_head_size': 4, 'learning_rate': 0.014521747864557438}. Best is trial 28 with value: 420.8121643066406.
LOCAL_RANK: 0 - CUDA_VISIBLE_DEVICES: [0]
[I 2023-11-30 09:07:01,184] Trial 100 finished with value: 490.6933898925781 and parameters: {'gradient_clip_val': 0.1908334411730833, 'hidden_size': 43, 'dropout': 0.3157809772722101, 'hidden_continuous_size': 19, 'attention_head_size': 4, 'learning_rate': 0.008013861632893865}. Best is trial 28 with value: 420.8121643066406.
LOCAL_RANK: 0 - CUDA_VISIBLE_DEVICES: [0]
[I 2023-11-30 09:07:14,277] Trial 101 finished with value: 480.1714782714844 and parameters: {'gradient_clip_val': 0.1680368754253027, 'hidden_size': 54, 'dropout': 0.3088292644758296, 'hidden_continuous_size': 15, 'attention_head_size': 4, 'learning_rate': 0.009520672708865195}. Best is trial 28 with value: 420.8121643066406.
LOCAL_RANK: 0 - CUDA_VISIBLE_DEVICES: [0]
[I 2023-11-30 09:07:26,977] Trial 102 finished with value: 489.5901184082031 and parameters: {'gradient_clip_val': 0.1833207119950005, 'hidden_size': 48, 'dropout': 0.3311733209851843, 'hidden_continuous_size': 14, 'attention_head_size': 3, 'learning_rate': 0.011197607712324075}. Best is trial 28 with value: 420.8121643066406.
LOCAL_RANK: 0 - CUDA_VISIBLE_DEVICES: [0]
[I 2023-11-30 09:07:40,654] Trial 103 finished with value: 541.3310546875 and parameters: {'gradient_clip_val': 0.2059917333096261, 'hidden_size': 73, 'dropout': 0.30008014970491265, 'hidden_continuous_size': 16, 'attention_head_size': 4, 'learning_rate': 0.013214710129066774}. Best is trial 28 with value: 420.8121643066406.
LOCAL_RANK: 0 - CUDA_VISIBLE_DEVICES: [0]
[I 2023-11-30 09:07:53,789] Trial 104 finished with value: 412.269775390625 and parameters: {'gradient_clip_val': 0.17883123991912256, 'hidden_size': 60, 'dropout': 0.3224304570770257, 'hidden_continuous_size': 22, 'attention_head_size': 3, 'learning_rate': 0.01080921910954694}. Best is trial 104 with value: 412.269775390625.
LOCAL_RANK: 0 - CUDA_VISIBLE_DEVICES: [0]
[I 2023-11-30 09:08:07,030] Trial 105 finished with value: 473.7494812011719 and parameters: {'gradient_clip_val': 0.21733287121891015, 'hidden_size': 68, 'dropout': 0.34116896016022047, 'hidden_continuous_size': 21, 'attention_head_size': 1, 'learning_rate': 0.008893621415149955}. Best is trial 104 with value: 412.269775390625.
LOCAL_RANK: 0 - CUDA_VISIBLE_DEVICES: [0]
[I 2023-11-30 09:08:20,148] Trial 106 finished with value: 458.8634033203125 and parameters: {'gradient_clip_val': 0.14029187459698367, 'hidden_size': 52, 'dropout': 0.3246422738878729, 'hidden_continuous_size': 22, 'attention_head_size': 4, 'learning_rate': 0.016810895475975658}. Best is trial 104 with value: 412.269775390625.
LOCAL_RANK: 0 - CUDA_VISIBLE_DEVICES: [0]
[I 2023-11-30 09:08:33,264] Trial 107 finished with value: 516.954833984375 and parameters: {'gradient_clip_val': 0.15488147343445277, 'hidden_size': 60, 'dropout': 0.3205470591411328, 'hidden_continuous_size': 26, 'attention_head_size': 3, 'learning_rate': 0.014699835061877739}. Best is trial 104 with value: 412.269775390625.
LOCAL_RANK: 0 - CUDA_VISIBLE_DEVICES: [0]
[I 2023-11-30 09:08:46,256] Trial 108 finished with value: 563.4207153320312 and parameters: {'gradient_clip_val': 0.1785164522115839, 'hidden_size': 39, 'dropout': 0.3483283445718516, 'hidden_continuous_size': 13, 'attention_head_size': 4, 'learning_rate': 0.011837043546693522}. Best is trial 104 with value: 412.269775390625.
LOCAL_RANK: 0 - CUDA_VISIBLE_DEVICES: [0]
[I 2023-11-30 09:08:59,811] Trial 109 finished with value: 476.8445129394531 and parameters: {'gradient_clip_val': 0.20113780712912752, 'hidden_size': 66, 'dropout': 0.3583707376245308, 'hidden_continuous_size': 28, 'attention_head_size': 4, 'learning_rate': 0.020527957713221197}. Best is trial 104 with value: 412.269775390625.
LOCAL_RANK: 0 - CUDA_VISIBLE_DEVICES: [0]
[I 2023-11-30 09:09:13,299] Trial 110 finished with value: 460.8426208496094 and parameters: {'gradient_clip_val': 0.16867937024304655, 'hidden_size': 81, 'dropout': 0.33088878916483233, 'hidden_continuous_size': 17, 'attention_head_size': 3, 'learning_rate': 0.009988300934583572}. Best is trial 104 with value: 412.269775390625.
LOCAL_RANK: 0 - CUDA_VISIBLE_DEVICES: [0]
[I 2023-11-30 09:09:26,517] Trial 111 finished with value: 512.6683349609375 and parameters: {'gradient_clip_val': 0.18863920212465896, 'hidden_size': 57, 'dropout': 0.2898166178218071, 'hidden_continuous_size': 25, 'attention_head_size': 3, 'learning_rate': 0.010980947741917563}. Best is trial 104 with value: 412.269775390625.
LOCAL_RANK: 0 - CUDA_VISIBLE_DEVICES: [0]
[I 2023-11-30 09:09:39,777] Trial 112 finished with value: 451.6690368652344 and parameters: {'gradient_clip_val': 0.18249003720448484, 'hidden_size': 59, 'dropout': 0.3031900014241874, 'hidden_continuous_size': 23, 'attention_head_size': 3, 'learning_rate': 0.007786913094318027}. Best is trial 104 with value: 412.269775390625.
LOCAL_RANK: 0 - CUDA_VISIBLE_DEVICES: [0]
[I 2023-11-30 09:09:53,302] Trial 113 finished with value: 451.9858093261719 and parameters: {'gradient_clip_val': 0.1611950365924599, 'hidden_size': 61, 'dropout': 0.31398743524863354, 'hidden_continuous_size': 23, 'attention_head_size': 3, 'learning_rate': 0.007667343479061446}. Best is trial 104 with value: 412.269775390625.
LOCAL_RANK: 0 - CUDA_VISIBLE_DEVICES: [0]
