[I 2023-11-29 20:45:39,867] Trial 23 finished with value: 9.660922050476074 and parameters: {'gradient_clip_val': 0.29804104918174423, 'hidden_size': 48, 'dropout': 0.1905268501543363, 'hidden_continuous_size': 21, 'attention_head_size': 3, 'learning_rate': 0.006403229360923529}. Best is trial 0 with value: 8.232415199279785.
LOCAL_RANK: 0 - CUDA_VISIBLE_DEVICES: [0]
[I 2023-11-29 20:45:53,921] Trial 24 finished with value: 11.633522033691406 and parameters: {'gradient_clip_val': 0.3090885207573279, 'hidden_size': 73, 'dropout': 0.14192917417677905, 'hidden_continuous_size': 27, 'attention_head_size': 2, 'learning_rate': 0.003694801613075411}. Best is trial 0 with value: 8.232415199279785.
LOCAL_RANK: 0 - CUDA_VISIBLE_DEVICES: [0]
[I 2023-11-29 20:46:08,440] Trial 25 finished with value: 13.603074073791504 and parameters: {'gradient_clip_val': 0.18783190756629614, 'hidden_size': 116, 'dropout': 0.19534527963176856, 'hidden_continuous_size': 38, 'attention_head_size': 3, 'learning_rate': 0.008032169576082385}. Best is trial 0 with value: 8.232415199279785.
LOCAL_RANK: 0 - CUDA_VISIBLE_DEVICES: [0]
[I 2023-11-29 20:46:21,937] Trial 26 finished with value: 9.553254127502441 and parameters: {'gradient_clip_val': 0.27339128179102706, 'hidden_size': 43, 'dropout': 0.16558296310379533, 'hidden_continuous_size': 21, 'attention_head_size': 2, 'learning_rate': 0.014239579182547223}. Best is trial 0 with value: 8.232415199279785.
LOCAL_RANK: 0 - CUDA_VISIBLE_DEVICES: [0]
[I 2023-11-29 20:46:35,905] Trial 27 finished with value: 10.014843940734863 and parameters: {'gradient_clip_val': 0.34487391541173196, 'hidden_size': 59, 'dropout': 0.13302894490027503, 'hidden_continuous_size': 18, 'attention_head_size': 3, 'learning_rate': 0.004193425928642165}. Best is trial 0 with value: 8.232415199279785.
LOCAL_RANK: 0 - CUDA_VISIBLE_DEVICES: [0]
[I 2023-11-29 20:46:50,199] Trial 28 finished with value: 10.139527320861816 and parameters: {'gradient_clip_val': 0.23396139541212083, 'hidden_size': 83, 'dropout': 0.1644232754403737, 'hidden_continuous_size': 14, 'attention_head_size': 2, 'learning_rate': 0.008101155398021552}. Best is trial 0 with value: 8.232415199279785.
LOCAL_RANK: 0 - CUDA_VISIBLE_DEVICES: [0]
[I 2023-11-29 20:47:03,400] Trial 29 finished with value: 17.02656364440918 and parameters: {'gradient_clip_val': 0.3818015082842721, 'hidden_size': 28, 'dropout': 0.12571375686566658, 'hidden_continuous_size': 18, 'attention_head_size': 3, 'learning_rate': 0.002701751650288296}. Best is trial 0 with value: 8.232415199279785.
LOCAL_RANK: 0 - CUDA_VISIBLE_DEVICES: [0]
[I 2023-11-29 20:47:17,155] Trial 30 finished with value: 12.992630004882812 and parameters: {'gradient_clip_val': 0.2583342397527005, 'hidden_size': 39, 'dropout': 0.15580554525638649, 'hidden_continuous_size': 22, 'attention_head_size': 4, 'learning_rate': 0.004394289912058925}. Best is trial 0 with value: 8.232415199279785.
LOCAL_RANK: 0 - CUDA_VISIBLE_DEVICES: [0]
[I 2023-11-29 20:47:30,661] Trial 31 finished with value: 9.50329875946045 and parameters: {'gradient_clip_val': 0.2769128651294404, 'hidden_size': 42, 'dropout': 0.177314253836432, 'hidden_continuous_size': 20, 'attention_head_size': 2, 'learning_rate': 0.012673154256451425}. Best is trial 0 with value: 8.232415199279785.
LOCAL_RANK: 0 - CUDA_VISIBLE_DEVICES: [0]
[I 2023-11-29 20:47:44,172] Trial 32 finished with value: 10.839667320251465 and parameters: {'gradient_clip_val': 0.32839992870862156, 'hidden_size': 56, 'dropout': 0.18868088332323277, 'hidden_continuous_size': 25, 'attention_head_size': 2, 'learning_rate': 0.01802102029951717}. Best is trial 0 with value: 8.232415199279785.
LOCAL_RANK: 0 - CUDA_VISIBLE_DEVICES: [0]
[I 2023-11-29 20:47:57,776] Trial 33 finished with value: 9.495989799499512 and parameters: {'gradient_clip_val': 0.4499649616477797, 'hidden_size': 43, 'dropout': 0.1277120722098139, 'hidden_continuous_size': 19, 'attention_head_size': 2, 'learning_rate': 0.008473060415893312}. Best is trial 0 with value: 8.232415199279785.
LOCAL_RANK: 0 - CUDA_VISIBLE_DEVICES: [0]
[I 2023-11-29 20:48:11,690] Trial 34 finished with value: 9.253243446350098 and parameters: {'gradient_clip_val': 0.39131760072347066, 'hidden_size': 61, 'dropout': 0.13260696171721967, 'hidden_continuous_size': 16, 'attention_head_size': 2, 'learning_rate': 0.007734468599084791}. Best is trial 0 with value: 8.232415199279785.
LOCAL_RANK: 0 - CUDA_VISIBLE_DEVICES: [0]
[I 2023-11-29 20:48:25,456] Trial 35 finished with value: 10.385733604431152 and parameters: {'gradient_clip_val': 0.392128556951204, 'hidden_size': 61, 'dropout': 0.11795518344945471, 'hidden_continuous_size': 15, 'attention_head_size': 3, 'learning_rate': 0.0065207803451682025}. Best is trial 0 with value: 8.232415199279785.
LOCAL_RANK: 0 - CUDA_VISIBLE_DEVICES: [0]
[I 2023-11-29 20:48:39,576] Trial 36 finished with value: 9.408206939697266 and parameters: {'gradient_clip_val': 0.3363424399722064, 'hidden_size': 81, 'dropout': 0.10189951029474745, 'hidden_continuous_size': 16, 'attention_head_size': 1, 'learning_rate': 0.00330071021132494}. Best is trial 0 with value: 8.232415199279785.
LOCAL_RANK: 0 - CUDA_VISIBLE_DEVICES: [0]
[I 2023-11-29 20:48:53,946] Trial 37 finished with value: 9.575526237487793 and parameters: {'gradient_clip_val': 0.4500028924037113, 'hidden_size': 107, 'dropout': 0.15664322603787856, 'hidden_continuous_size': 12, 'attention_head_size': 3, 'learning_rate': 0.004654190184694431}. Best is trial 0 with value: 8.232415199279785.
LOCAL_RANK: 0 - CUDA_VISIBLE_DEVICES: [0]
[I 2023-11-29 20:49:07,572] Trial 38 finished with value: 11.98160457611084 and parameters: {'gradient_clip_val': 0.31467573991425624, 'hidden_size': 52, 'dropout': 0.12871507782077166, 'hidden_continuous_size': 16, 'attention_head_size': 1, 'learning_rate': 0.010447153543905862}. Best is trial 0 with value: 8.232415199279785.
LOCAL_RANK: 0 - CUDA_VISIBLE_DEVICES: [0]
[I 2023-11-29 20:49:21,368] Trial 39 finished with value: 10.546968460083008 and parameters: {'gradient_clip_val': 0.581533801639967, 'hidden_size': 65, 'dropout': 0.11770428213521662, 'hidden_continuous_size': 18, 'attention_head_size': 2, 'learning_rate': 0.005894705096938027}. Best is trial 0 with value: 8.232415199279785.
LOCAL_RANK: 0 - CUDA_VISIBLE_DEVICES: [0]
[I 2023-11-29 20:49:34,641] Trial 40 finished with value: 8.405356407165527 and parameters: {'gradient_clip_val': 0.42987100548831875, 'hidden_size': 33, 'dropout': 0.15166406541594762, 'hidden_continuous_size': 17, 'attention_head_size': 2, 'learning_rate': 0.015495809904748045}. Best is trial 0 with value: 8.232415199279785.
LOCAL_RANK: 0 - CUDA_VISIBLE_DEVICES: [0]
[I 2023-11-29 20:49:47,923] Trial 41 finished with value: 10.435498237609863 and parameters: {'gradient_clip_val': 0.4138492928361088, 'hidden_size': 33, 'dropout': 0.15234129970298382, 'hidden_continuous_size': 17, 'attention_head_size': 2, 'learning_rate': 0.01578601123951473}. Best is trial 0 with value: 8.232415199279785.
LOCAL_RANK: 0 - CUDA_VISIBLE_DEVICES: [0]
[I 2023-11-29 20:50:01,262] Trial 42 finished with value: 11.425929069519043 and parameters: {'gradient_clip_val': 0.46889559976664724, 'hidden_size': 29, 'dropout': 0.17324342730475562, 'hidden_continuous_size': 19, 'attention_head_size': 2, 'learning_rate': 0.0232577530270056}. Best is trial 0 with value: 8.232415199279785.
LOCAL_RANK: 0 - CUDA_VISIBLE_DEVICES: [0]
[I 2023-11-29 20:50:14,995] Trial 43 finished with value: 9.639580726623535 and parameters: {'gradient_clip_val': 0.36191376528249025, 'hidden_size': 37, 'dropout': 0.11637557408957114, 'hidden_continuous_size': 22, 'attention_head_size': 1, 'learning_rate': 0.015762225673690317}. Best is trial 0 with value: 8.232415199279785.
LOCAL_RANK: 0 - CUDA_VISIBLE_DEVICES: [0]
[I 2023-11-29 20:50:28,485] Trial 44 finished with value: 12.479377746582031 and parameters: {'gradient_clip_val': 0.41436906357396813, 'hidden_size': 48, 'dropout': 0.13444129673638403, 'hidden_continuous_size': 16, 'attention_head_size': 2, 'learning_rate': 0.011169369480588371}. Best is trial 0 with value: 8.232415199279785.
LOCAL_RANK: 0 - CUDA_VISIBLE_DEVICES: [0]
[I 2023-11-29 20:50:42,860] Trial 45 finished with value: 11.692456245422363 and parameters: {'gradient_clip_val': 0.6300121917306182, 'hidden_size': 39, 'dropout': 0.1020621615161231, 'hidden_continuous_size': 18, 'attention_head_size': 3, 'learning_rate': 0.007021800517326217}. Best is trial 0 with value: 8.232415199279785.
LOCAL_RANK: 0 - CUDA_VISIBLE_DEVICES: [0]
[I 2023-11-29 20:50:56,977] Trial 46 finished with value: 8.202338218688965 and parameters: {'gradient_clip_val': 0.44869088215887604, 'hidden_size': 56, 'dropout': 0.15086398886841956, 'hidden_continuous_size': 23, 'attention_head_size': 2, 'learning_rate': 0.00961751576374627}. Best is trial 46 with value: 8.202338218688965.
LOCAL_RANK: 0 - CUDA_VISIBLE_DEVICES: [0]
[I 2023-11-29 20:51:10,163] Trial 47 finished with value: 9.034995079040527 and parameters: {'gradient_clip_val': 0.46823099388111444, 'hidden_size': 30, 'dropout': 0.15483114065735235, 'hidden_continuous_size': 22, 'attention_head_size': 3, 'learning_rate': 0.009339364681088086}. Best is trial 46 with value: 8.202338218688965.
LOCAL_RANK: 0 - CUDA_VISIBLE_DEVICES: [0]
[I 2023-11-29 20:51:22,949] Trial 48 finished with value: 9.000544548034668 and parameters: {'gradient_clip_val': 0.48788107140553, 'hidden_size': 25, 'dropout': 0.1770785817923493, 'hidden_continuous_size': 17, 'attention_head_size': 1, 'learning_rate': 0.025656400743008942}. Best is trial 46 with value: 8.202338218688965.
LOCAL_RANK: 0 - CUDA_VISIBLE_DEVICES: [0]
[I 2023-11-29 20:51:37,108] Trial 49 finished with value: 12.666659355163574 and parameters: {'gradient_clip_val': 0.49748475963290245, 'hidden_size': 129, 'dropout': 0.20198386506196664, 'hidden_continuous_size': 31, 'attention_head_size': 4, 'learning_rate': 0.011177629949407419}. Best is trial 46 with value: 8.202338218688965.
LOCAL_RANK: 0 - CUDA_VISIBLE_DEVICES: [0]
[I 2023-11-29 20:51:49,812] Trial 50 finished with value: 10.76634693145752 and parameters: {'gradient_clip_val': 0.5468363150146984, 'hidden_size': 33, 'dropout': 0.18480410953465598, 'hidden_continuous_size': 19, 'attention_head_size': 2, 'learning_rate': 0.019531350671342245}. Best is trial 46 with value: 8.202338218688965.
LOCAL_RANK: 0 - CUDA_VISIBLE_DEVICES: [0]
[I 2023-11-29 20:52:02,601] Trial 51 finished with value: 8.94086742401123 and parameters: {'gradient_clip_val': 0.44056667681840644, 'hidden_size': 21, 'dropout': 0.18194521526657847, 'hidden_continuous_size': 17, 'attention_head_size': 1, 'learning_rate': 0.028095872418788075}. Best is trial 46 with value: 8.202338218688965.
LOCAL_RANK: 0 - CUDA_VISIBLE_DEVICES: [0]
[I 2023-11-29 20:52:15,238] Trial 52 finished with value: 12.176521301269531 and parameters: {'gradient_clip_val': 0.43354352726100354, 'hidden_size': 18, 'dropout': 0.1605389721632817, 'hidden_continuous_size': 15, 'attention_head_size': 1, 'learning_rate': 0.03564309136381164}. Best is trial 46 with value: 8.202338218688965.
LOCAL_RANK: 0 - CUDA_VISIBLE_DEVICES: [0]
[I 2023-11-29 20:52:28,577] Trial 53 finished with value: 9.474778175354004 and parameters: {'gradient_clip_val': 0.369967422180212, 'hidden_size': 35, 'dropout': 0.14880402628273462, 'hidden_continuous_size': 24, 'attention_head_size': 1, 'learning_rate': 0.017867135095945452}. Best is trial 46 with value: 8.202338218688965.
LOCAL_RANK: 0 - CUDA_VISIBLE_DEVICES: [0]
[I 2023-11-29 20:52:42,163] Trial 54 finished with value: 11.320716857910156 and parameters: {'gradient_clip_val': 0.3303701278584012, 'hidden_size': 51, 'dropout': 0.1668391778249686, 'hidden_continuous_size': 21, 'attention_head_size': 3, 'learning_rate': 0.012419257932345317}. Best is trial 46 with value: 8.202338218688965.
LOCAL_RANK: 0 - CUDA_VISIBLE_DEVICES: [0]
[I 2023-11-29 20:52:55,558] Trial 55 finished with value: 10.711243629455566 and parameters: {'gradient_clip_val': 0.4194030458524852, 'hidden_size': 47, 'dropout': 0.1432640862906491, 'hidden_continuous_size': 26, 'attention_head_size': 1, 'learning_rate': 0.02942487187245466}. Best is trial 46 with value: 8.202338218688965.
LOCAL_RANK: 0 - CUDA_VISIBLE_DEVICES: [0]
[I 2023-11-29 20:53:09,095] Trial 56 finished with value: 9.275158882141113 and parameters: {'gradient_clip_val': 0.3060698163726785, 'hidden_size': 54, 'dropout': 0.1756871751863888, 'hidden_continuous_size': 23, 'attention_head_size': 2, 'learning_rate': 0.00950051144896661}. Best is trial 46 with value: 8.202338218688965.
LOCAL_RANK: 0 - CUDA_VISIBLE_DEVICES: [0]
[I 2023-11-29 20:53:22,294] Trial 57 finished with value: 9.93661117553711 and parameters: {'gradient_clip_val': 0.5323596779487416, 'hidden_size': 40, 'dropout': 0.20366713697367894, 'hidden_continuous_size': 20, 'attention_head_size': 3, 'learning_rate': 0.014730546529199792}. Best is trial 46 with value: 8.202338218688965.
LOCAL_RANK: 0 - CUDA_VISIBLE_DEVICES: [0]
[I 2023-11-29 20:53:35,941] Trial 58 finished with value: 14.55069637298584 and parameters: {'gradient_clip_val': 0.3498348748521444, 'hidden_size': 46, 'dropout': 0.22858872931195937, 'hidden_continuous_size': 24, 'attention_head_size': 2, 'learning_rate': 0.001783356987497314}. Best is trial 46 with value: 8.202338218688965.
LOCAL_RANK: 0 - CUDA_VISIBLE_DEVICES: [0]
[I 2023-11-29 20:53:49,989] Trial 59 finished with value: 11.522570610046387 and parameters: {'gradient_clip_val': 0.2888238722140649, 'hidden_size': 69, 'dropout': 0.1681632597137693, 'hidden_continuous_size': 28, 'attention_head_size': 3, 'learning_rate': 0.021903587716354284}. Best is trial 46 with value: 8.202338218688965.
LOCAL_RANK: 0 - CUDA_VISIBLE_DEVICES: [0]
[I 2023-11-29 20:54:04,179] Trial 60 finished with value: 9.168240547180176 and parameters: {'gradient_clip_val': 0.49521489248514017, 'hidden_size': 83, 'dropout': 0.18478317248484394, 'hidden_continuous_size': 28, 'attention_head_size': 3, 'learning_rate': 0.004906942863135024}. Best is trial 46 with value: 8.202338218688965.
LOCAL_RANK: 0 - CUDA_VISIBLE_DEVICES: [0]
[I 2023-11-29 20:54:16,893] Trial 61 finished with value: 9.407105445861816 and parameters: {'gradient_clip_val': 0.47110243338289953, 'hidden_size': 22, 'dropout': 0.17944311685157224, 'hidden_continuous_size': 17, 'attention_head_size': 1, 'learning_rate': 0.02629898876172136}. Best is trial 46 with value: 8.202338218688965.
LOCAL_RANK: 0 - CUDA_VISIBLE_DEVICES: [0]
[I 2023-11-29 20:54:29,804] Trial 62 finished with value: 12.947723388671875 and parameters: {'gradient_clip_val': 0.6031348196244726, 'hidden_size': 26, 'dropout': 0.14037079029908855, 'hidden_continuous_size': 17, 'attention_head_size': 1, 'learning_rate': 0.0427576954118275}. Best is trial 46 with value: 8.202338218688965.
LOCAL_RANK: 0 - CUDA_VISIBLE_DEVICES: [0]
[I 2023-11-29 20:54:42,961] Trial 63 finished with value: 14.897847175598145 and parameters: {'gradient_clip_val': 0.4011027131846864, 'hidden_size': 36, 'dropout': 0.1501566583320583, 'hidden_continuous_size': 19, 'attention_head_size': 1, 'learning_rate': 0.02466370292949437}. Best is trial 46 with value: 8.202338218688965.
LOCAL_RANK: 0 - CUDA_VISIBLE_DEVICES: [0]
[I 2023-11-29 20:54:56,591] Trial 64 finished with value: 12.000266075134277 and parameters: {'gradient_clip_val': 0.6617413471406484, 'hidden_size': 57, 'dropout': 0.16342081341212064, 'hidden_continuous_size': 25, 'attention_head_size': 1, 'learning_rate': 0.020093193505513186}. Best is trial 46 with value: 8.202338218688965.
LOCAL_RANK: 0 - CUDA_VISIBLE_DEVICES: [0]
[I 2023-11-29 20:55:09,440] Trial 65 finished with value: 10.45278549194336 and parameters: {'gradient_clip_val': 0.5033173298221019, 'hidden_size': 25, 'dropout': 0.172242194935309, 'hidden_continuous_size': 17, 'attention_head_size': 2, 'learning_rate': 0.016866764781627828}. Best is trial 46 with value: 8.202338218688965.
LOCAL_RANK: 0 - CUDA_VISIBLE_DEVICES: [0]
[I 2023-11-29 20:55:23,391] Trial 66 finished with value: 12.885730743408203 and parameters: {'gradient_clip_val': 0.3688432636049187, 'hidden_size': 95, 'dropout': 0.158107908057413, 'hidden_continuous_size': 14, 'attention_head_size': 1, 'learning_rate': 0.012787756560136362}. Best is trial 46 with value: 8.202338218688965.
LOCAL_RANK: 0 - CUDA_VISIBLE_DEVICES: [0]
[I 2023-11-29 20:55:36,470] Trial 67 finished with value: 10.057357788085938 and parameters: {'gradient_clip_val': 0.5585518825246114, 'hidden_size': 31, 'dropout': 0.19421432198094254, 'hidden_continuous_size': 18, 'attention_head_size': 2, 'learning_rate': 0.029265411187631818}. Best is trial 46 with value: 8.202338218688965.
LOCAL_RANK: 0 - CUDA_VISIBLE_DEVICES: [0]
[I 2023-11-29 20:55:49,862] Trial 68 finished with value: 10.10840129852295 and parameters: {'gradient_clip_val': 0.4373205486092195, 'hidden_size': 42, 'dropout': 0.14324941080665704, 'hidden_continuous_size': 21, 'attention_head_size': 1, 'learning_rate': 0.014845858667066761}. Best is trial 46 with value: 8.202338218688965.
LOCAL_RANK: 0 - CUDA_VISIBLE_DEVICES: [0]
[I 2023-11-29 20:56:04,348] Trial 69 finished with value: 14.69092845916748 and parameters: {'gradient_clip_val': 0.2558683736504816, 'hidden_size': 108, 'dropout': 0.12166762396221764, 'hidden_continuous_size': 33, 'attention_head_size': 3, 'learning_rate': 0.0210912743135937}. Best is trial 46 with value: 8.202338218688965.
LOCAL_RANK: 0 - CUDA_VISIBLE_DEVICES: [0]
[I 2023-11-29 20:56:18,070] Trial 70 finished with value: 13.470343589782715 and parameters: {'gradient_clip_val': 0.22396520168499992, 'hidden_size': 50, 'dropout': 0.13512593795993172, 'hidden_continuous_size': 23, 'attention_head_size': 4, 'learning_rate': 0.01697424787431687}. Best is trial 46 with value: 8.202338218688965.
LOCAL_RANK: 0 - CUDA_VISIBLE_DEVICES: [0]
[I 2023-11-29 20:56:31,233] Trial 71 finished with value: 8.944682121276855 and parameters: {'gradient_clip_val': 0.4779669302355919, 'hidden_size': 31, 'dropout': 0.15062846194188953, 'hidden_continuous_size': 22, 'attention_head_size': 3, 'learning_rate': 0.00939282857685303}. Best is trial 46 with value: 8.202338218688965.
LOCAL_RANK: 0 - CUDA_VISIBLE_DEVICES: [0]
[I 2023-11-29 20:56:44,587] Trial 72 finished with value: 12.23062801361084 and parameters: {'gradient_clip_val': 0.5175816873015935, 'hidden_size': 35, 'dropout': 0.15104833744487633, 'hidden_continuous_size': 21, 'attention_head_size': 3, 'learning_rate': 0.007230276819249365}. Best is trial 46 with value: 8.202338218688965.
LOCAL_RANK: 0 - CUDA_VISIBLE_DEVICES: [0]
[I 2023-11-29 20:56:59,634] Trial 73 finished with value: 11.066825866699219 and parameters: {'gradient_clip_val': 0.3968397991079782, 'hidden_size': 150, 'dropout': 0.1815393355287199, 'hidden_continuous_size': 12, 'attention_head_size': 3, 'learning_rate': 0.00916493867870266}. Best is trial 46 with value: 8.202338218688965.
LOCAL_RANK: 0 - CUDA_VISIBLE_DEVICES: [0]
[I 2023-11-29 20:57:13,088] Trial 74 finished with value: 9.48233413696289 and parameters: {'gradient_clip_val': 0.4681955347115298, 'hidden_size': 38, 'dropout': 0.17073096792522427, 'hidden_continuous_size': 20, 'attention_head_size': 3, 'learning_rate': 0.005657148548863311}. Best is trial 46 with value: 8.202338218688965.
LOCAL_RANK: 0 - CUDA_VISIBLE_DEVICES: [0]
[I 2023-11-29 20:57:26,219] Trial 75 finished with value: 9.118693351745605 and parameters: {'gradient_clip_val': 0.4332036675627526, 'hidden_size': 32, 'dropout': 0.15902966433544938, 'hidden_continuous_size': 23, 'attention_head_size': 3, 'learning_rate': 0.013491954581441598}. Best is trial 46 with value: 8.202338218688965.
LOCAL_RANK: 0 - CUDA_VISIBLE_DEVICES: [0]
[I 2023-11-29 20:57:40,221] Trial 76 finished with value: 10.030266761779785 and parameters: {'gradient_clip_val': 0.32140124712050366, 'hidden_size': 78, 'dropout': 0.11104548181209405, 'hidden_continuous_size': 26, 'attention_head_size': 2, 'learning_rate': 0.010333410351051788}. Best is trial 46 with value: 8.202338218688965.
LOCAL_RANK: 0 - CUDA_VISIBLE_DEVICES: [0]
[I 2023-11-29 20:57:53,499] Trial 77 finished with value: 12.046829223632812 and parameters: {'gradient_clip_val': 0.3768557178172731, 'hidden_size': 44, 'dropout': 0.12614348321039812, 'hidden_continuous_size': 22, 'attention_head_size': 2, 'learning_rate': 0.008698333625022071}. Best is trial 46 with value: 8.202338218688965.
LOCAL_RANK: 0 - CUDA_VISIBLE_DEVICES: [0]
[I 2023-11-29 20:58:07,106] Trial 78 finished with value: 9.630938529968262 and parameters: {'gradient_clip_val': 0.5689623532344908, 'hidden_size': 55, 'dropout': 0.14068539365106292, 'hidden_continuous_size': 19, 'attention_head_size': 3, 'learning_rate': 0.007700844658532192}. Best is trial 46 with value: 8.202338218688965.
LOCAL_RANK: 0 - CUDA_VISIBLE_DEVICES: [0]
[I 2023-11-29 20:58:20,123] Trial 79 finished with value: 10.181339263916016 and parameters: {'gradient_clip_val': 0.4926131764050757, 'hidden_size': 28, 'dropout': 0.14801837164195047, 'hidden_continuous_size': 18, 'attention_head_size': 2, 'learning_rate': 0.011295425662673188}. Best is trial 46 with value: 8.202338218688965.
LOCAL_RANK: 0 - CUDA_VISIBLE_DEVICES: [0]
[I 2023-11-29 20:58:34,047] Trial 80 finished with value: 11.911231994628906 and parameters: {'gradient_clip_val': 0.533598801815575, 'hidden_size': 66, 'dropout': 0.190713707556848, 'hidden_continuous_size': 20, 'attention_head_size': 3, 'learning_rate': 0.018541096209092146}. Best is trial 46 with value: 8.202338218688965.
LOCAL_RANK: 0 - CUDA_VISIBLE_DEVICES: [0]
[I 2023-11-29 20:58:47,325] Trial 81 finished with value: 8.852999687194824 and parameters: {'gradient_clip_val': 0.4610284938759317, 'hidden_size': 31, 'dropout': 0.15505327774298325, 'hidden_continuous_size': 22, 'attention_head_size': 3, 'learning_rate': 0.009725364993475287}. Best is trial 46 with value: 8.202338218688965.
LOCAL_RANK: 0 - CUDA_VISIBLE_DEVICES: [0]
