[I 2023-11-30 12:46:22,518] Trial 108 finished with value: 14.84180736541748 and parameters: {'gradient_clip_val': 0.20153623119899516, 'hidden_size': 104, 'dropout': 0.3868627507458712, 'hidden_continuous_size': 23, 'attention_head_size': 2, 'learning_rate': 0.05367555580781147}. Best is trial 102 with value: 13.184955596923828.
LOCAL_RANK: 0 - CUDA_VISIBLE_DEVICES: [0]
[I 2023-11-30 12:46:36,465] Trial 109 finished with value: 14.557459831237793 and parameters: {'gradient_clip_val': 0.2566281552576029, 'hidden_size': 138, 'dropout': 0.39404510536348986, 'hidden_continuous_size': 20, 'attention_head_size': 2, 'learning_rate': 0.035552364042902206}. Best is trial 102 with value: 13.184955596923828.
LOCAL_RANK: 0 - CUDA_VISIBLE_DEVICES: [0]
[I 2023-11-30 12:46:50,225] Trial 110 finished with value: 14.232547760009766 and parameters: {'gradient_clip_val': 0.22069320965851122, 'hidden_size': 124, 'dropout': 0.3740540127840233, 'hidden_continuous_size': 44, 'attention_head_size': 2, 'learning_rate': 0.04069635470707146}. Best is trial 102 with value: 13.184955596923828.
LOCAL_RANK: 0 - CUDA_VISIBLE_DEVICES: [0]
[I 2023-11-30 12:47:03,942] Trial 111 finished with value: 18.641010284423828 and parameters: {'gradient_clip_val': 0.24801092978754619, 'hidden_size': 113, 'dropout': 0.3668393806942651, 'hidden_continuous_size': 29, 'attention_head_size': 3, 'learning_rate': 0.03141841303491884}. Best is trial 102 with value: 13.184955596923828.
LOCAL_RANK: 0 - CUDA_VISIBLE_DEVICES: [0]
[I 2023-11-30 12:47:17,521] Trial 112 finished with value: 17.92484474182129 and parameters: {'gradient_clip_val': 0.27695908749909215, 'hidden_size': 99, 'dropout': 0.38082755597150664, 'hidden_continuous_size': 25, 'attention_head_size': 2, 'learning_rate': 0.04901682482557142}. Best is trial 102 with value: 13.184955596923828.
LOCAL_RANK: 0 - CUDA_VISIBLE_DEVICES: [0]
[I 2023-11-30 12:47:30,964] Trial 113 finished with value: 14.8197021484375 and parameters: {'gradient_clip_val': 0.23885208286535958, 'hidden_size': 120, 'dropout': 0.3551541055457853, 'hidden_continuous_size': 16, 'attention_head_size': 3, 'learning_rate': 0.03739463462771437}. Best is trial 102 with value: 13.184955596923828.
LOCAL_RANK: 0 - CUDA_VISIBLE_DEVICES: [0]
[I 2023-11-30 12:47:44,863] Trial 114 finished with value: 18.15654754638672 and parameters: {'gradient_clip_val': 0.19137412092377554, 'hidden_size': 132, 'dropout': 0.3711076687625708, 'hidden_continuous_size': 21, 'attention_head_size': 3, 'learning_rate': 0.060833622064015214}. Best is trial 102 with value: 13.184955596923828.
LOCAL_RANK: 0 - CUDA_VISIBLE_DEVICES: [0]
[I 2023-11-30 12:47:58,774] Trial 115 finished with value: 17.13477897644043 and parameters: {'gradient_clip_val': 0.22693158435629182, 'hidden_size': 144, 'dropout': 0.347398501227722, 'hidden_continuous_size': 24, 'attention_head_size': 3, 'learning_rate': 0.04441385458063147}. Best is trial 102 with value: 13.184955596923828.
LOCAL_RANK: 0 - CUDA_VISIBLE_DEVICES: [0]
[I 2023-11-30 12:48:12,258] Trial 116 finished with value: 16.899669647216797 and parameters: {'gradient_clip_val': 0.20824397063062938, 'hidden_size': 92, 'dropout': 0.36167623725003334, 'hidden_continuous_size': 30, 'attention_head_size': 2, 'learning_rate': 0.02737857850288329}. Best is trial 102 with value: 13.184955596923828.
LOCAL_RANK: 0 - CUDA_VISIBLE_DEVICES: [0]
[I 2023-11-30 12:48:25,890] Trial 117 finished with value: 14.79419231414795 and parameters: {'gradient_clip_val': 0.25286229968644264, 'hidden_size': 105, 'dropout': 0.3792565630185656, 'hidden_continuous_size': 27, 'attention_head_size': 3, 'learning_rate': 0.021562662846011917}. Best is trial 102 with value: 13.184955596923828.
LOCAL_RANK: 0 - CUDA_VISIBLE_DEVICES: [0]
[I 2023-11-30 12:48:39,676] Trial 118 finished with value: 18.57964324951172 and parameters: {'gradient_clip_val': 0.2160845283739923, 'hidden_size': 111, 'dropout': 0.3885199094765113, 'hidden_continuous_size': 22, 'attention_head_size': 2, 'learning_rate': 0.03237073973890354}. Best is trial 102 with value: 13.184955596923828.
LOCAL_RANK: 0 - CUDA_VISIBLE_DEVICES: [0]
[I 2023-11-30 12:48:53,323] Trial 119 finished with value: 14.067230224609375 and parameters: {'gradient_clip_val': 0.26725581781818714, 'hidden_size': 98, 'dropout': 0.3541373942924173, 'hidden_continuous_size': 39, 'attention_head_size': 3, 'learning_rate': 0.06850680851028189}. Best is trial 102 with value: 13.184955596923828.
LOCAL_RANK: 0 - CUDA_VISIBLE_DEVICES: [0]
[I 2023-11-30 12:49:06,868] Trial 120 finished with value: 13.372736930847168 and parameters: {'gradient_clip_val': 0.299698320401795, 'hidden_size': 126, 'dropout': 0.33634308497917076, 'hidden_continuous_size': 10, 'attention_head_size': 4, 'learning_rate': 0.005956124235428308}. Best is trial 102 with value: 13.184955596923828.
LOCAL_RANK: 0 - CUDA_VISIBLE_DEVICES: [0]
[I 2023-11-30 12:49:20,327] Trial 121 finished with value: 20.298486709594727 and parameters: {'gradient_clip_val': 0.28532525156352034, 'hidden_size': 125, 'dropout': 0.3671613981621174, 'hidden_continuous_size': 11, 'attention_head_size': 4, 'learning_rate': 0.005587517690684301}. Best is trial 102 with value: 13.184955596923828.
LOCAL_RANK: 0 - CUDA_VISIBLE_DEVICES: [0]
[I 2023-11-30 12:49:33,782] Trial 122 finished with value: 14.949610710144043 and parameters: {'gradient_clip_val': 0.30191461523721613, 'hidden_size': 115, 'dropout': 0.33061924308789303, 'hidden_continuous_size': 10, 'attention_head_size': 4, 'learning_rate': 0.050692988721259206}. Best is trial 102 with value: 13.184955596923828.
LOCAL_RANK: 0 - CUDA_VISIBLE_DEVICES: [0]
[I 2023-11-30 12:49:47,869] Trial 123 finished with value: 14.773200988769531 and parameters: {'gradient_clip_val': 0.2433564915340648, 'hidden_size': 133, 'dropout': 0.33673251632348633, 'hidden_continuous_size': 12, 'attention_head_size': 4, 'learning_rate': 0.04035735644250625}. Best is trial 102 with value: 13.184955596923828.
LOCAL_RANK: 0 - CUDA_VISIBLE_DEVICES: [0]
[I 2023-11-30 12:50:01,679] Trial 124 finished with value: 15.077770233154297 and parameters: {'gradient_clip_val': 0.2738163920165706, 'hidden_size': 148, 'dropout': 0.34595776601377, 'hidden_continuous_size': 10, 'attention_head_size': 4, 'learning_rate': 0.009203568421901705}. Best is trial 102 with value: 13.184955596923828.
LOCAL_RANK: 0 - CUDA_VISIBLE_DEVICES: [0]
[I 2023-11-30 12:50:15,357] Trial 125 finished with value: 15.040265083312988 and parameters: {'gradient_clip_val': 0.23176276212978306, 'hidden_size': 118, 'dropout': 0.3773852315780812, 'hidden_continuous_size': 32, 'attention_head_size': 4, 'learning_rate': 0.006600501128150987}. Best is trial 102 with value: 13.184955596923828.
LOCAL_RANK: 0 - CUDA_VISIBLE_DEVICES: [0]
[I 2023-11-30 12:50:29,016] Trial 126 finished with value: 14.202560424804688 and parameters: {'gradient_clip_val': 0.3282654204231297, 'hidden_size': 125, 'dropout': 0.36130372970894936, 'hidden_continuous_size': 26, 'attention_head_size': 3, 'learning_rate': 0.03628243893172159}. Best is trial 102 with value: 13.184955596923828.
LOCAL_RANK: 0 - CUDA_VISIBLE_DEVICES: [0]
[I 2023-11-30 12:50:42,726] Trial 127 finished with value: 18.35230827331543 and parameters: {'gradient_clip_val': 0.3075740735127353, 'hidden_size': 139, 'dropout': 0.32891499204977603, 'hidden_continuous_size': 13, 'attention_head_size': 1, 'learning_rate': 0.011951355722292663}. Best is trial 102 with value: 13.184955596923828.
LOCAL_RANK: 0 - CUDA_VISIBLE_DEVICES: [0]
[I 2023-11-30 12:50:56,449] Trial 128 finished with value: 15.936400413513184 and parameters: {'gradient_clip_val': 0.25650366868732316, 'hidden_size': 104, 'dropout': 0.31240880136072946, 'hidden_continuous_size': 28, 'attention_head_size': 4, 'learning_rate': 0.020442781744250776}. Best is trial 102 with value: 13.184955596923828.
LOCAL_RANK: 0 - CUDA_VISIBLE_DEVICES: [0]
[I 2023-11-30 12:51:10,247] Trial 129 finished with value: 14.260403633117676 and parameters: {'gradient_clip_val': 0.2003951518136816, 'hidden_size': 111, 'dropout': 0.34056392715936684, 'hidden_continuous_size': 37, 'attention_head_size': 3, 'learning_rate': 0.02358003066960004}. Best is trial 102 with value: 13.184955596923828.
LOCAL_RANK: 0 - CUDA_VISIBLE_DEVICES: [0]
[I 2023-11-30 12:51:23,345] Trial 130 finished with value: 15.624810218811035 and parameters: {'gradient_clip_val': 0.219978816211429, 'hidden_size': 83, 'dropout': 0.3173444717660602, 'hidden_continuous_size': 14, 'attention_head_size': 3, 'learning_rate': 0.010243661088891333}. Best is trial 102 with value: 13.184955596923828.
LOCAL_RANK: 0 - CUDA_VISIBLE_DEVICES: [0]
[I 2023-11-30 12:51:36,728] Trial 131 finished with value: 14.851353645324707 and parameters: {'gradient_clip_val': 0.19335928834287142, 'hidden_size': 94, 'dropout': 0.26286085982164314, 'hidden_continuous_size': 29, 'attention_head_size': 2, 'learning_rate': 0.07488613164584024}. Best is trial 102 with value: 13.184955596923828.
LOCAL_RANK: 0 - CUDA_VISIBLE_DEVICES: [0]
[I 2023-11-30 12:51:50,430] Trial 132 finished with value: 15.462023735046387 and parameters: {'gradient_clip_val': 0.1808160150776282, 'hidden_size': 129, 'dropout': 0.28592644699884734, 'hidden_continuous_size': 16, 'attention_head_size': 2, 'learning_rate': 0.08761553055164771}. Best is trial 102 with value: 13.184955596923828.
LOCAL_RANK: 0 - CUDA_VISIBLE_DEVICES: [0]
[I 2023-11-30 12:52:02,759] Trial 133 finished with value: 15.073928833007812 and parameters: {'gradient_clip_val': 0.20799011712292162, 'hidden_size': 32, 'dropout': 0.2742380231338338, 'hidden_continuous_size': 31, 'attention_head_size': 2, 'learning_rate': 0.06184570378033116}. Best is trial 102 with value: 13.184955596923828.
LOCAL_RANK: 0 - CUDA_VISIBLE_DEVICES: [0]
[I 2023-11-30 12:52:16,286] Trial 134 finished with value: 15.103327751159668 and parameters: {'gradient_clip_val': 0.23970032282258605, 'hidden_size': 117, 'dropout': 0.3723405851323141, 'hidden_continuous_size': 20, 'attention_head_size': 2, 'learning_rate': 0.0809439000959037}. Best is trial 102 with value: 13.184955596923828.
LOCAL_RANK: 0 - CUDA_VISIBLE_DEVICES: [0]
[I 2023-11-30 12:52:29,447] Trial 135 finished with value: 13.582610130310059 and parameters: {'gradient_clip_val': 0.28596333478648656, 'hidden_size': 99, 'dropout': 0.24563323633861248, 'hidden_continuous_size': 15, 'attention_head_size': 2, 'learning_rate': 0.055926056030614735}. Best is trial 102 with value: 13.184955596923828.
LOCAL_RANK: 0 - CUDA_VISIBLE_DEVICES: [0]
[I 2023-11-30 12:52:42,651] Trial 136 finished with value: 13.3394136428833 and parameters: {'gradient_clip_val': 0.28618766861023676, 'hidden_size': 89, 'dropout': 0.2550854377163127, 'hidden_continuous_size': 18, 'attention_head_size': 2, 'learning_rate': 0.0549695696108004}. Best is trial 102 with value: 13.184955596923828.
LOCAL_RANK: 0 - CUDA_VISIBLE_DEVICES: [0]
[I 2023-11-30 12:52:55,841] Trial 137 finished with value: 14.621186256408691 and parameters: {'gradient_clip_val': 0.2915149165271368, 'hidden_size': 90, 'dropout': 0.2489715870219948, 'hidden_continuous_size': 18, 'attention_head_size': 2, 'learning_rate': 0.0560858848397257}. Best is trial 102 with value: 13.184955596923828.
LOCAL_RANK: 0 - CUDA_VISIBLE_DEVICES: [0]
[I 2023-11-30 12:53:09,124] Trial 138 finished with value: 13.850855827331543 and parameters: {'gradient_clip_val': 0.2818630457951541, 'hidden_size': 86, 'dropout': 0.25095375859171276, 'hidden_continuous_size': 17, 'attention_head_size': 2, 'learning_rate': 0.04656929692466097}. Best is trial 102 with value: 13.184955596923828.
LOCAL_RANK: 0 - CUDA_VISIBLE_DEVICES: [0]
[I 2023-11-30 12:53:22,408] Trial 139 finished with value: 17.118520736694336 and parameters: {'gradient_clip_val': 0.3403805862364871, 'hidden_size': 97, 'dropout': 0.24471971464934847, 'hidden_continuous_size': 19, 'attention_head_size': 2, 'learning_rate': 0.06491407765085953}. Best is trial 102 with value: 13.184955596923828.
LOCAL_RANK: 0 - CUDA_VISIBLE_DEVICES: [0]
[I 2023-11-30 12:53:36,106] Trial 140 finished with value: 15.031773567199707 and parameters: {'gradient_clip_val': 0.2687700029452678, 'hidden_size': 102, 'dropout': 0.3080450251959585, 'hidden_continuous_size': 50, 'attention_head_size': 2, 'learning_rate': 0.054768464545670956}. Best is trial 102 with value: 13.184955596923828.
LOCAL_RANK: 0 - CUDA_VISIBLE_DEVICES: [0]
[I 2023-11-30 12:53:49,533] Trial 141 finished with value: 13.862095832824707 and parameters: {'gradient_clip_val': 0.31379988196661657, 'hidden_size': 111, 'dropout': 0.2546593354949174, 'hidden_continuous_size': 15, 'attention_head_size': 2, 'learning_rate': 0.04234636899722459}. Best is trial 102 with value: 13.184955596923828.
LOCAL_RANK: 0 - CUDA_VISIBLE_DEVICES: [0]
[I 2023-11-30 12:54:02,470] Trial 142 finished with value: 17.541349411010742 and parameters: {'gradient_clip_val': 0.2610736678775994, 'hidden_size': 76, 'dropout': 0.38484293993447904, 'hidden_continuous_size': 14, 'attention_head_size': 3, 'learning_rate': 0.04870308417345444}. Best is trial 102 with value: 13.184955596923828.
LOCAL_RANK: 0 - CUDA_VISIBLE_DEVICES: [0]
[I 2023-11-30 12:54:16,125] Trial 143 finished with value: 14.788604736328125 and parameters: {'gradient_clip_val': 0.2981282013532803, 'hidden_size': 106, 'dropout': 0.23051716039999268, 'hidden_continuous_size': 24, 'attention_head_size': 2, 'learning_rate': 0.015349148162888925}. Best is trial 102 with value: 13.184955596923828.
LOCAL_RANK: 0 - CUDA_VISIBLE_DEVICES: [0]
[I 2023-11-30 12:54:30,052] Trial 144 finished with value: 17.72442054748535 and parameters: {'gradient_clip_val': 0.3577684854638134, 'hidden_size': 135, 'dropout': 0.26762121428223135, 'hidden_continuous_size': 22, 'attention_head_size': 3, 'learning_rate': 0.059710317495257056}. Best is trial 102 with value: 13.184955596923828.
LOCAL_RANK: 0 - CUDA_VISIBLE_DEVICES: [0]
[I 2023-11-30 12:54:43,428] Trial 145 finished with value: 15.264657020568848 and parameters: {'gradient_clip_val': 0.24925930187578532, 'hidden_size': 91, 'dropout': 0.3964152133746732, 'hidden_continuous_size': 23, 'attention_head_size': 3, 'learning_rate': 0.05218292882068655}. Best is trial 102 with value: 13.184955596923828.
LOCAL_RANK: 0 - CUDA_VISIBLE_DEVICES: [0]
[I 2023-11-30 12:54:57,170] Trial 146 finished with value: 17.019304275512695 and parameters: {'gradient_clip_val': 0.27916032420035236, 'hidden_size': 122, 'dropout': 0.2860256916998018, 'hidden_continuous_size': 20, 'attention_head_size': 3, 'learning_rate': 0.07027106423544757}. Best is trial 102 with value: 13.184955596923828.
LOCAL_RANK: 0 - CUDA_VISIBLE_DEVICES: [0]
[I 2023-11-30 12:55:10,793] Trial 147 finished with value: 14.198159217834473 and parameters: {'gradient_clip_val': 0.23320146622757804, 'hidden_size': 99, 'dropout': 0.23959809264169563, 'hidden_continuous_size': 47, 'attention_head_size': 2, 'learning_rate': 0.030957784873128672}. Best is trial 102 with value: 13.184955596923828.
LOCAL_RANK: 0 - CUDA_VISIBLE_DEVICES: [0]
[I 2023-11-30 12:55:24,005] Trial 148 finished with value: 14.854872703552246 and parameters: {'gradient_clip_val': 0.22749216212904172, 'hidden_size': 70, 'dropout': 0.35185578206200685, 'hidden_continuous_size': 25, 'attention_head_size': 1, 'learning_rate': 0.03537363151185701}. Best is trial 102 with value: 13.184955596923828.
LOCAL_RANK: 0 - CUDA_VISIBLE_DEVICES: [0]
[I 2023-11-30 12:55:38,144] Trial 149 finished with value: 13.75214672088623 and parameters: {'gradient_clip_val': 0.24955278521081792, 'hidden_size': 143, 'dropout': 0.29329001558263174, 'hidden_continuous_size': 35, 'attention_head_size': 3, 'learning_rate': 0.01851840485383439}. Best is trial 102 with value: 13.184955596923828.
[I 2023-11-30 12:55:38,251] A new study created in memory with name: no-name-1069134e-2ddc-46da-9df7-9e7665e8e324
/home/le004/conda/anaconda3/envs/tsff_env/lib/python3.9/site-packages/lightning/fabric/plugins/environments/slurm.py:191: The `srun` command is available on your system but is not used. HINT: If your intention is to run Lightning on SLURM, prepend your python command with `srun` like so: srun python /home/le004/master_thesis/git/TSFusionForecast/code/ ...
LOCAL_RANK: 0 - CUDA_VISIBLE_DEVICES: [0]
[I 2023-11-30 12:55:50,826] Trial 0 finished with value: 237.3312530517578 and parameters: {'gradient_clip_val': 0.5781605672199506, 'hidden_size': 44, 'dropout': 0.1546626507812054, 'hidden_continuous_size': 23, 'attention_head_size': 3, 'learning_rate': 0.0012406161507839246}. Best is trial 0 with value: 237.3312530517578.
LOCAL_RANK: 0 - CUDA_VISIBLE_DEVICES: [0]
[I 2023-11-30 12:56:03,777] Trial 1 finished with value: 179.79754638671875 and parameters: {'gradient_clip_val': 0.5121326631782253, 'hidden_size': 80, 'dropout': 0.2842248607745592, 'hidden_continuous_size': 10, 'attention_head_size': 3, 'learning_rate': 0.0019178835020457648}. Best is trial 1 with value: 179.79754638671875.
LOCAL_RANK: 0 - CUDA_VISIBLE_DEVICES: [0]
[I 2023-11-30 12:56:15,733] Trial 2 finished with value: 201.3359832763672 and parameters: {'gradient_clip_val': 0.11771254386829749, 'hidden_size': 11, 'dropout': 0.34820815493939805, 'hidden_continuous_size': 10, 'attention_head_size': 4, 'learning_rate': 0.0058863253775050615}. Best is trial 1 with value: 179.79754638671875.
LOCAL_RANK: 0 - CUDA_VISIBLE_DEVICES: [0]
[I 2023-11-30 12:56:27,620] Trial 3 finished with value: 163.8386993408203 and parameters: {'gradient_clip_val': 0.23911053290909023, 'hidden_size': 16, 'dropout': 0.2126151906461162, 'hidden_continuous_size': 13, 'attention_head_size': 3, 'learning_rate': 0.07030516115736095}. Best is trial 3 with value: 163.8386993408203.
LOCAL_RANK: 0 - CUDA_VISIBLE_DEVICES: [0]
[I 2023-11-30 12:56:40,630] Trial 4 finished with value: 167.78648376464844 and parameters: {'gradient_clip_val': 0.1965495531347547, 'hidden_size': 62, 'dropout': 0.1822516984786437, 'hidden_continuous_size': 42, 'attention_head_size': 1, 'learning_rate': 0.004795031452242377}. Best is trial 3 with value: 163.8386993408203.
LOCAL_RANK: 0 - CUDA_VISIBLE_DEVICES: [0]
[I 2023-11-30 12:56:52,414] Trial 5 finished with value: 194.40283203125 and parameters: {'gradient_clip_val': 0.4734389775079038, 'hidden_size': 12, 'dropout': 0.14656794838342413, 'hidden_continuous_size': 11, 'attention_head_size': 4, 'learning_rate': 0.02505482378590432}. Best is trial 3 with value: 163.8386993408203.
LOCAL_RANK: 0 - CUDA_VISIBLE_DEVICES: [0]
[I 2023-11-30 12:57:05,261] Trial 6 finished with value: 222.8206787109375 and parameters: {'gradient_clip_val': 0.24043991863518419, 'hidden_size': 80, 'dropout': 0.37737898089747046, 'hidden_continuous_size': 12, 'attention_head_size': 3, 'learning_rate': 0.0010713009522397181}. Best is trial 3 with value: 163.8386993408203.
LOCAL_RANK: 0 - CUDA_VISIBLE_DEVICES: [0]
[I 2023-11-30 12:57:17,100] Trial 7 finished with value: 147.53550720214844 and parameters: {'gradient_clip_val': 0.13048259078667218, 'hidden_size': 26, 'dropout': 0.36590226640725765, 'hidden_continuous_size': 12, 'attention_head_size': 1, 'learning_rate': 0.07385148489212216}. Best is trial 7 with value: 147.53550720214844.
LOCAL_RANK: 0 - CUDA_VISIBLE_DEVICES: [0]
[I 2023-11-30 12:57:30,129] Trial 8 finished with value: 155.5609588623047 and parameters: {'gradient_clip_val': 0.53520882812286, 'hidden_size': 62, 'dropout': 0.2841504446242804, 'hidden_continuous_size': 39, 'attention_head_size': 3, 'learning_rate': 0.0574400880709058}. Best is trial 7 with value: 147.53550720214844.
LOCAL_RANK: 0 - CUDA_VISIBLE_DEVICES: [0]
[I 2023-11-30 12:57:43,797] Trial 9 finished with value: 151.40411376953125 and parameters: {'gradient_clip_val': 0.231312936740968, 'hidden_size': 120, 'dropout': 0.2194565047352046, 'hidden_continuous_size': 14, 'attention_head_size': 1, 'learning_rate': 0.05587929678413955}. Best is trial 7 with value: 147.53550720214844.
LOCAL_RANK: 0 - CUDA_VISIBLE_DEVICES: [0]
[I 2023-11-30 12:57:55,822] Trial 10 finished with value: 212.05873107910156 and parameters: {'gradient_clip_val': 0.9276196507395013, 'hidden_size': 25, 'dropout': 0.3851488995849157, 'hidden_continuous_size': 16, 'attention_head_size': 2, 'learning_rate': 0.018911058236416377}. Best is trial 7 with value: 147.53550720214844.
LOCAL_RANK: 0 - CUDA_VISIBLE_DEVICES: [0]
[I 2023-11-30 12:58:10,013] Trial 11 finished with value: 173.2407684326172 and parameters: {'gradient_clip_val': 0.11829300446881268, 'hidden_size': 139, 'dropout': 0.24180370331416218, 'hidden_continuous_size': 74, 'attention_head_size': 1, 'learning_rate': 0.07793127037416477}. Best is trial 7 with value: 147.53550720214844.
LOCAL_RANK: 0 - CUDA_VISIBLE_DEVICES: [0]
[I 2023-11-30 12:58:22,012] Trial 12 finished with value: 149.13516235351562 and parameters: {'gradient_clip_val': 0.16028715266115218, 'hidden_size': 27, 'dropout': 0.10251033327935477, 'hidden_continuous_size': 13, 'attention_head_size': 1, 'learning_rate': 0.036197191705137334}. Best is trial 7 with value: 147.53550720214844.
LOCAL_RANK: 0 - CUDA_VISIBLE_DEVICES: [0]
[I 2023-11-30 12:58:34,149] Trial 13 finished with value: 142.90232849121094 and parameters: {'gradient_clip_val': 0.10079082898571416, 'hidden_size': 27, 'dropout': 0.14897429767391046, 'hidden_continuous_size': 12, 'attention_head_size': 2, 'learning_rate': 0.03228357582588515}. Best is trial 13 with value: 142.90232849121094.
LOCAL_RANK: 0 - CUDA_VISIBLE_DEVICES: [0]
[I 2023-11-30 12:58:46,010] Trial 14 finished with value: 182.9952850341797 and parameters: {'gradient_clip_val': 0.10497922717200003, 'hidden_size': 27, 'dropout': 0.30970409951103645, 'hidden_continuous_size': 11, 'attention_head_size': 2, 'learning_rate': 0.015007241227549298}. Best is trial 13 with value: 142.90232849121094.
LOCAL_RANK: 0 - CUDA_VISIBLE_DEVICES: [0]
