[I 2023-11-30 03:08:21,519] Trial 126 finished with value: 3296.973876953125 and parameters: {'gradient_clip_val': 0.11696483233760101, 'hidden_size': 29, 'dropout': 0.1632570395114171, 'hidden_continuous_size': 18, 'attention_head_size': 2, 'learning_rate': 0.014766380510511157}. Best is trial 3 with value: 2488.02587890625.
LOCAL_RANK: 0 - CUDA_VISIBLE_DEVICES: [0]
[I 2023-11-30 03:08:33,625] Trial 127 finished with value: 3016.91796875 and parameters: {'gradient_clip_val': 0.13900316879583985, 'hidden_size': 33, 'dropout': 0.15471349042444726, 'hidden_continuous_size': 13, 'attention_head_size': 2, 'learning_rate': 0.01742459184600311}. Best is trial 3 with value: 2488.02587890625.
LOCAL_RANK: 0 - CUDA_VISIBLE_DEVICES: [0]
[I 2023-11-30 03:08:45,623] Trial 128 finished with value: 3875.573974609375 and parameters: {'gradient_clip_val': 0.1101059753460188, 'hidden_size': 36, 'dropout': 0.20411743465986962, 'hidden_continuous_size': 17, 'attention_head_size': 1, 'learning_rate': 0.020625975324653576}. Best is trial 3 with value: 2488.02587890625.
LOCAL_RANK: 0 - CUDA_VISIBLE_DEVICES: [0]
[I 2023-11-30 03:08:58,012] Trial 129 finished with value: 3396.030029296875 and parameters: {'gradient_clip_val': 0.10474404759065768, 'hidden_size': 38, 'dropout': 0.14457284020991404, 'hidden_continuous_size': 19, 'attention_head_size': 2, 'learning_rate': 0.022987209444087914}. Best is trial 3 with value: 2488.02587890625.
LOCAL_RANK: 0 - CUDA_VISIBLE_DEVICES: [0]
[I 2023-11-30 03:09:10,222] Trial 130 finished with value: 3132.612548828125 and parameters: {'gradient_clip_val': 0.1285281137462825, 'hidden_size': 31, 'dropout': 0.1822611927848888, 'hidden_continuous_size': 14, 'attention_head_size': 3, 'learning_rate': 0.018432720291418552}. Best is trial 3 with value: 2488.02587890625.
LOCAL_RANK: 0 - CUDA_VISIBLE_DEVICES: [0]
[I 2023-11-30 03:09:22,832] Trial 131 finished with value: 3291.489013671875 and parameters: {'gradient_clip_val': 0.11349666981110346, 'hidden_size': 51, 'dropout': 0.1341269617468598, 'hidden_continuous_size': 20, 'attention_head_size': 2, 'learning_rate': 0.011574071142703422}. Best is trial 3 with value: 2488.02587890625.
LOCAL_RANK: 0 - CUDA_VISIBLE_DEVICES: [0]
[I 2023-11-30 03:09:35,230] Trial 132 finished with value: 2709.309814453125 and parameters: {'gradient_clip_val': 0.12245088969423838, 'hidden_size': 41, 'dropout': 0.12800172192742784, 'hidden_continuous_size': 19, 'attention_head_size': 2, 'learning_rate': 0.012600094436733156}. Best is trial 3 with value: 2488.02587890625.
LOCAL_RANK: 0 - CUDA_VISIBLE_DEVICES: [0]
[I 2023-11-30 03:09:47,583] Trial 133 finished with value: 3377.946533203125 and parameters: {'gradient_clip_val': 0.11970321335485395, 'hidden_size': 41, 'dropout': 0.15069022376760297, 'hidden_continuous_size': 19, 'attention_head_size': 2, 'learning_rate': 0.012705784715087709}. Best is trial 3 with value: 2488.02587890625.
LOCAL_RANK: 0 - CUDA_VISIBLE_DEVICES: [0]
[I 2023-11-30 03:09:59,971] Trial 134 finished with value: 3201.317138671875 and parameters: {'gradient_clip_val': 0.1347745315396508, 'hidden_size': 48, 'dropout': 0.1738612468927232, 'hidden_continuous_size': 21, 'attention_head_size': 2, 'learning_rate': 0.01436090617483862}. Best is trial 3 with value: 2488.02587890625.
LOCAL_RANK: 0 - CUDA_VISIBLE_DEVICES: [0]
[I 2023-11-30 03:10:12,478] Trial 135 finished with value: 2826.207275390625 and parameters: {'gradient_clip_val': 0.12292724057816956, 'hidden_size': 40, 'dropout': 0.1382969397593063, 'hidden_continuous_size': 18, 'attention_head_size': 2, 'learning_rate': 0.010469159745870201}. Best is trial 3 with value: 2488.02587890625.
LOCAL_RANK: 0 - CUDA_VISIBLE_DEVICES: [0]
[I 2023-11-30 03:10:25,018] Trial 136 finished with value: 3950.595703125 and parameters: {'gradient_clip_val': 0.10907653360024858, 'hidden_size': 43, 'dropout': 0.12867570766429914, 'hidden_continuous_size': 19, 'attention_head_size': 2, 'learning_rate': 0.009074274437742757}. Best is trial 3 with value: 2488.02587890625.
LOCAL_RANK: 0 - CUDA_VISIBLE_DEVICES: [0]
[I 2023-11-30 03:10:37,430] Trial 137 finished with value: 3259.915283203125 and parameters: {'gradient_clip_val': 0.17724353713295432, 'hidden_size': 37, 'dropout': 0.16152063710856732, 'hidden_continuous_size': 20, 'attention_head_size': 2, 'learning_rate': 0.015703080845163406}. Best is trial 3 with value: 2488.02587890625.
LOCAL_RANK: 0 - CUDA_VISIBLE_DEVICES: [0]
[I 2023-11-30 03:10:49,745] Trial 138 finished with value: 2505.0634765625 and parameters: {'gradient_clip_val': 0.18612118896605273, 'hidden_size': 34, 'dropout': 0.14375228638110057, 'hidden_continuous_size': 18, 'attention_head_size': 2, 'learning_rate': 0.013676235776164867}. Best is trial 3 with value: 2488.02587890625.
LOCAL_RANK: 0 - CUDA_VISIBLE_DEVICES: [0]
[I 2023-11-30 03:11:02,210] Trial 139 finished with value: 3244.451904296875 and parameters: {'gradient_clip_val': 0.18520843554641034, 'hidden_size': 35, 'dropout': 0.14355511728570092, 'hidden_continuous_size': 15, 'attention_head_size': 2, 'learning_rate': 0.01366128503674327}. Best is trial 3 with value: 2488.02587890625.
LOCAL_RANK: 0 - CUDA_VISIBLE_DEVICES: [0]
[I 2023-11-30 03:11:14,756] Trial 140 finished with value: 3117.6181640625 and parameters: {'gradient_clip_val': 0.19181748016019143, 'hidden_size': 45, 'dropout': 0.15289541074683596, 'hidden_continuous_size': 18, 'attention_head_size': 2, 'learning_rate': 0.016911244060999312}. Best is trial 3 with value: 2488.02587890625.
LOCAL_RANK: 0 - CUDA_VISIBLE_DEVICES: [0]
[I 2023-11-30 03:11:27,095] Trial 141 finished with value: 3892.0732421875 and parameters: {'gradient_clip_val': 0.10016590439973673, 'hidden_size': 33, 'dropout': 0.1483635264026391, 'hidden_continuous_size': 17, 'attention_head_size': 2, 'learning_rate': 0.011932415423412897}. Best is trial 3 with value: 2488.02587890625.
LOCAL_RANK: 0 - CUDA_VISIBLE_DEVICES: [0]
[I 2023-11-30 03:11:39,337] Trial 142 finished with value: 3188.018310546875 and parameters: {'gradient_clip_val': 0.20118024440909124, 'hidden_size': 31, 'dropout': 0.1322047193607178, 'hidden_continuous_size': 18, 'attention_head_size': 2, 'learning_rate': 0.010812833125470295}. Best is trial 3 with value: 2488.02587890625.
LOCAL_RANK: 0 - CUDA_VISIBLE_DEVICES: [0]
[I 2023-11-30 03:11:51,725] Trial 143 finished with value: 3066.623046875 and parameters: {'gradient_clip_val': 0.1777235119970779, 'hidden_size': 38, 'dropout': 0.1905072509328516, 'hidden_continuous_size': 16, 'attention_head_size': 2, 'learning_rate': 0.013989571710678975}. Best is trial 3 with value: 2488.02587890625.
LOCAL_RANK: 0 - CUDA_VISIBLE_DEVICES: [0]
[I 2023-11-30 03:12:04,085] Trial 144 finished with value: 2952.037841796875 and parameters: {'gradient_clip_val': 0.17026404921755867, 'hidden_size': 42, 'dropout': 0.38193285330032756, 'hidden_continuous_size': 19, 'attention_head_size': 2, 'learning_rate': 0.012240895787909246}. Best is trial 3 with value: 2488.02587890625.
LOCAL_RANK: 0 - CUDA_VISIBLE_DEVICES: [0]
[I 2023-11-30 03:12:16,309] Trial 145 finished with value: 3513.670166015625 and parameters: {'gradient_clip_val': 0.15705866954033731, 'hidden_size': 36, 'dropout': 0.16675921760259968, 'hidden_continuous_size': 12, 'attention_head_size': 2, 'learning_rate': 0.015017900589129506}. Best is trial 3 with value: 2488.02587890625.
LOCAL_RANK: 0 - CUDA_VISIBLE_DEVICES: [0]
[I 2023-11-30 03:12:28,599] Trial 146 finished with value: 4678.56689453125 and parameters: {'gradient_clip_val': 0.16407551988181354, 'hidden_size': 40, 'dropout': 0.12454701075104038, 'hidden_continuous_size': 17, 'attention_head_size': 2, 'learning_rate': 0.019588416323572094}. Best is trial 3 with value: 2488.02587890625.
LOCAL_RANK: 0 - CUDA_VISIBLE_DEVICES: [0]
[I 2023-11-30 03:12:40,807] Trial 147 finished with value: 3575.552978515625 and parameters: {'gradient_clip_val': 0.14739662954262675, 'hidden_size': 33, 'dropout': 0.15825518036948147, 'hidden_continuous_size': 19, 'attention_head_size': 2, 'learning_rate': 0.009734683413201214}. Best is trial 3 with value: 2488.02587890625.
LOCAL_RANK: 0 - CUDA_VISIBLE_DEVICES: [0]
[I 2023-11-30 03:12:53,607] Trial 148 finished with value: 2783.821533203125 and parameters: {'gradient_clip_val': 0.11730700244475618, 'hidden_size': 60, 'dropout': 0.13949834829638, 'hidden_continuous_size': 22, 'attention_head_size': 2, 'learning_rate': 0.01290846028624679}. Best is trial 3 with value: 2488.02587890625.
LOCAL_RANK: 0 - CUDA_VISIBLE_DEVICES: [0]
[I 2023-11-30 03:13:06,247] Trial 149 finished with value: 3146.904052734375 and parameters: {'gradient_clip_val': 0.1902897839710828, 'hidden_size': 47, 'dropout': 0.2550154394869293, 'hidden_continuous_size': 21, 'attention_head_size': 3, 'learning_rate': 0.008343522108998027}. Best is trial 3 with value: 2488.02587890625.
[I 2023-11-30 03:13:06,371] A new study created in memory with name: no-name-a5348118-bfcd-492a-ac8e-c349dd2de62d
/home/le004/conda/anaconda3/envs/tsff_env/lib/python3.9/site-packages/lightning/fabric/plugins/environments/slurm.py:191: The `srun` command is available on your system but is not used. HINT: If your intention is to run Lightning on SLURM, prepend your python command with `srun` like so: srun python /home/le004/master_thesis/git/TSFusionForecast/code/ ...
LOCAL_RANK: 0 - CUDA_VISIBLE_DEVICES: [0]
[I 2023-11-30 03:13:18,650] Trial 0 finished with value: 4320.3876953125 and parameters: {'gradient_clip_val': 0.19507217963517406, 'hidden_size': 30, 'dropout': 0.29208192272616235, 'hidden_continuous_size': 13, 'attention_head_size': 1, 'learning_rate': 0.0015955425442953763}. Best is trial 0 with value: 4320.3876953125.
LOCAL_RANK: 0 - CUDA_VISIBLE_DEVICES: [0]
[I 2023-11-30 03:13:28,616] Trial 1 finished with value: 5011.51611328125 and parameters: {'gradient_clip_val': 0.6355854719102705, 'hidden_size': 11, 'dropout': 0.21143325798278925, 'hidden_continuous_size': 11, 'attention_head_size': 1, 'learning_rate': 0.0025330904586642494}. Best is trial 0 with value: 4320.3876953125.
LOCAL_RANK: 0 - CUDA_VISIBLE_DEVICES: [0]
[I 2023-11-30 03:13:40,542] Trial 2 finished with value: 3625.452880859375 and parameters: {'gradient_clip_val': 0.15814103642387534, 'hidden_size': 15, 'dropout': 0.3127937342601472, 'hidden_continuous_size': 10, 'attention_head_size': 3, 'learning_rate': 0.013707836350998977}. Best is trial 2 with value: 3625.452880859375.
LOCAL_RANK: 0 - CUDA_VISIBLE_DEVICES: [0]
[I 2023-11-30 03:13:53,229] Trial 3 finished with value: 3072.292236328125 and parameters: {'gradient_clip_val': 0.1360452316374146, 'hidden_size': 57, 'dropout': 0.28496079196039115, 'hidden_continuous_size': 11, 'attention_head_size': 4, 'learning_rate': 0.0066143730539744375}. Best is trial 3 with value: 3072.292236328125.
LOCAL_RANK: 0 - CUDA_VISIBLE_DEVICES: [0]
[I 2023-11-30 03:14:05,215] Trial 4 finished with value: 3132.384521484375 and parameters: {'gradient_clip_val': 0.20849425457895987, 'hidden_size': 13, 'dropout': 0.38638413174271813, 'hidden_continuous_size': 11, 'attention_head_size': 3, 'learning_rate': 0.02948070634233127}. Best is trial 3 with value: 3072.292236328125.
LOCAL_RANK: 0 - CUDA_VISIBLE_DEVICES: [0]
[I 2023-11-30 03:14:17,061] Trial 5 finished with value: 5236.33447265625 and parameters: {'gradient_clip_val': 0.986171459218471, 'hidden_size': 19, 'dropout': 0.14619523205813087, 'hidden_continuous_size': 15, 'attention_head_size': 1, 'learning_rate': 0.0022907169061191887}. Best is trial 3 with value: 3072.292236328125.
LOCAL_RANK: 0 - CUDA_VISIBLE_DEVICES: [0]
[I 2023-11-30 03:14:29,367] Trial 6 finished with value: 3141.983642578125 and parameters: {'gradient_clip_val': 0.11027102136391777, 'hidden_size': 36, 'dropout': 0.33835440560572105, 'hidden_continuous_size': 24, 'attention_head_size': 3, 'learning_rate': 0.007803023791634783}. Best is trial 3 with value: 3072.292236328125.
LOCAL_RANK: 0 - CUDA_VISIBLE_DEVICES: [0]
[I 2023-11-30 03:14:42,272] Trial 7 finished with value: 2865.656005859375 and parameters: {'gradient_clip_val': 0.4810925385515928, 'hidden_size': 62, 'dropout': 0.1880413159954356, 'hidden_continuous_size': 16, 'attention_head_size': 3, 'learning_rate': 0.05266574601502393}. Best is trial 7 with value: 2865.656005859375.
LOCAL_RANK: 0 - CUDA_VISIBLE_DEVICES: [0]
[I 2023-11-30 03:14:54,508] Trial 8 finished with value: 5012.87646484375 and parameters: {'gradient_clip_val': 0.1801091749160528, 'hidden_size': 33, 'dropout': 0.24102862012516876, 'hidden_continuous_size': 13, 'attention_head_size': 4, 'learning_rate': 0.0015986374385184429}. Best is trial 7 with value: 2865.656005859375.
LOCAL_RANK: 0 - CUDA_VISIBLE_DEVICES: [0]
[I 2023-11-30 03:15:06,398] Trial 9 finished with value: 2403.6953125 and parameters: {'gradient_clip_val': 0.9520290155994594, 'hidden_size': 16, 'dropout': 0.2795390865293972, 'hidden_continuous_size': 13, 'attention_head_size': 2, 'learning_rate': 0.05091448390929452}. Best is trial 9 with value: 2403.6953125.
LOCAL_RANK: 0 - CUDA_VISIBLE_DEVICES: [0]
[I 2023-11-30 03:15:20,271] Trial 10 finished with value: 2817.332275390625 and parameters: {'gradient_clip_val': 0.3512437245750798, 'hidden_size': 125, 'dropout': 0.10257769592075336, 'hidden_continuous_size': 52, 'attention_head_size': 2, 'learning_rate': 0.07488815476376759}. Best is trial 9 with value: 2403.6953125.
LOCAL_RANK: 0 - CUDA_VISIBLE_DEVICES: [0]
[I 2023-11-30 03:15:34,085] Trial 11 finished with value: 2766.5107421875 and parameters: {'gradient_clip_val': 0.33240677096461824, 'hidden_size': 132, 'dropout': 0.10780098749437911, 'hidden_continuous_size': 61, 'attention_head_size': 2, 'learning_rate': 0.09774159504589597}. Best is trial 9 with value: 2403.6953125.
LOCAL_RANK: 0 - CUDA_VISIBLE_DEVICES: [0]
[I 2023-11-30 03:15:48,031] Trial 12 finished with value: 3179.857421875 and parameters: {'gradient_clip_val': 0.29545783441044216, 'hidden_size': 113, 'dropout': 0.24722500388722496, 'hidden_continuous_size': 100, 'attention_head_size': 2, 'learning_rate': 0.09834579895761691}. Best is trial 9 with value: 2403.6953125.
LOCAL_RANK: 0 - CUDA_VISIBLE_DEVICES: [0]
[I 2023-11-30 03:15:59,759] Trial 13 finished with value: 2470.256103515625 and parameters: {'gradient_clip_val': 0.9769209751563334, 'hidden_size': 20, 'dropout': 0.18375013097077808, 'hidden_continuous_size': 16, 'attention_head_size': 2, 'learning_rate': 0.04188498387846406}. Best is trial 9 with value: 2403.6953125.
LOCAL_RANK: 0 - CUDA_VISIBLE_DEVICES: [0]
[I 2023-11-30 03:16:11,718] Trial 14 finished with value: 2705.7158203125 and parameters: {'gradient_clip_val': 0.9613976914621579, 'hidden_size': 21, 'dropout': 0.1813726559457503, 'hidden_continuous_size': 13, 'attention_head_size': 2, 'learning_rate': 0.04087725440451678}. Best is trial 9 with value: 2403.6953125.
LOCAL_RANK: 0 - CUDA_VISIBLE_DEVICES: [0]
[I 2023-11-30 03:16:23,767] Trial 15 finished with value: 3756.8359375 and parameters: {'gradient_clip_val': 0.7189567229261448, 'hidden_size': 11, 'dropout': 0.2248768507568284, 'hidden_continuous_size': 10, 'attention_head_size': 2, 'learning_rate': 0.027859002165752236}. Best is trial 9 with value: 2403.6953125.
LOCAL_RANK: 0 - CUDA_VISIBLE_DEVICES: [0]
[I 2023-11-30 03:16:35,390] Trial 16 finished with value: 3103.38671875 and parameters: {'gradient_clip_val': 0.6907425164476995, 'hidden_size': 21, 'dropout': 0.27259742823851973, 'hidden_continuous_size': 14, 'attention_head_size': 1, 'learning_rate': 0.020052410295267897}. Best is trial 9 with value: 2403.6953125.
LOCAL_RANK: 0 - CUDA_VISIBLE_DEVICES: [0]
[I 2023-11-30 03:16:46,928] Trial 17 finished with value: 2617.9697265625 and parameters: {'gradient_clip_val': 0.516962772483485, 'hidden_size': 16, 'dropout': 0.19744309292342707, 'hidden_continuous_size': 11, 'attention_head_size': 2, 'learning_rate': 0.0514327844979214}. Best is trial 9 with value: 2403.6953125.
LOCAL_RANK: 0 - CUDA_VISIBLE_DEVICES: [0]
[I 2023-11-30 03:16:59,012] Trial 18 finished with value: 2801.764404296875 and parameters: {'gradient_clip_val': 0.8860501887520496, 'hidden_size': 26, 'dropout': 0.15531808910765763, 'hidden_continuous_size': 16, 'attention_head_size': 3, 'learning_rate': 0.016581652287614428}. Best is trial 9 with value: 2403.6953125.
LOCAL_RANK: 0 - CUDA_VISIBLE_DEVICES: [0]
[I 2023-11-30 03:17:08,937] Trial 19 finished with value: 3762.042236328125 and parameters: {'gradient_clip_val': 0.7897541337589735, 'hidden_size': 10, 'dropout': 0.2607142128129388, 'hidden_continuous_size': 10, 'attention_head_size': 1, 'learning_rate': 0.03446785517965008}. Best is trial 9 with value: 2403.6953125.
LOCAL_RANK: 0 - CUDA_VISIBLE_DEVICES: [0]
[I 2023-11-30 03:17:20,654] Trial 20 finished with value: 2851.825927734375 and parameters: {'gradient_clip_val': 0.6020069156018323, 'hidden_size': 16, 'dropout': 0.2316911862217342, 'hidden_continuous_size': 12, 'attention_head_size': 2, 'learning_rate': 0.061888774018029134}. Best is trial 9 with value: 2403.6953125.
LOCAL_RANK: 0 - CUDA_VISIBLE_DEVICES: [0]
[I 2023-11-30 03:17:32,579] Trial 21 finished with value: 2643.385009765625 and parameters: {'gradient_clip_val': 0.5224409494424884, 'hidden_size': 17, 'dropout': 0.2022161653706107, 'hidden_continuous_size': 11, 'attention_head_size': 2, 'learning_rate': 0.051188641058363314}. Best is trial 9 with value: 2403.6953125.
LOCAL_RANK: 0 - CUDA_VISIBLE_DEVICES: [0]
[I 2023-11-30 03:17:44,504] Trial 22 finished with value: 2527.7119140625 and parameters: {'gradient_clip_val': 0.8263019046350744, 'hidden_size': 23, 'dropout': 0.21236382051203678, 'hidden_continuous_size': 12, 'attention_head_size': 2, 'learning_rate': 0.041703836597690135}. Best is trial 9 with value: 2403.6953125.
LOCAL_RANK: 0 - CUDA_VISIBLE_DEVICES: [0]
[I 2023-11-30 03:17:56,324] Trial 23 finished with value: 2441.190673828125 and parameters: {'gradient_clip_val': 0.8212730181514327, 'hidden_size': 24, 'dropout': 0.252664796067528, 'hidden_continuous_size': 14, 'attention_head_size': 2, 'learning_rate': 0.02370034432306997}. Best is trial 9 with value: 2403.6953125.
LOCAL_RANK: 0 - CUDA_VISIBLE_DEVICES: [0]
[I 2023-11-30 03:18:08,545] Trial 24 finished with value: 2450.564208984375 and parameters: {'gradient_clip_val': 0.84753216666642, 'hidden_size': 27, 'dropout': 0.26091344072849915, 'hidden_continuous_size': 15, 'attention_head_size': 3, 'learning_rate': 0.02119689905813003}. Best is trial 9 with value: 2403.6953125.
LOCAL_RANK: 0 - CUDA_VISIBLE_DEVICES: [0]
[I 2023-11-30 03:18:20,761] Trial 25 finished with value: 2706.056640625 and parameters: {'gradient_clip_val': 0.804033026201141, 'hidden_size': 26, 'dropout': 0.24822517175592534, 'hidden_continuous_size': 14, 'attention_head_size': 4, 'learning_rate': 0.021053606883037996}. Best is trial 9 with value: 2403.6953125.
LOCAL_RANK: 0 - CUDA_VISIBLE_DEVICES: [0]
[I 2023-11-30 03:18:33,150] Trial 26 finished with value: 2889.451904296875 and parameters: {'gradient_clip_val': 0.733781169909538, 'hidden_size': 41, 'dropout': 0.2726019546141597, 'hidden_continuous_size': 17, 'attention_head_size': 3, 'learning_rate': 0.011701893234331351}. Best is trial 9 with value: 2403.6953125.
LOCAL_RANK: 0 - CUDA_VISIBLE_DEVICES: [0]
[I 2023-11-30 03:18:45,057] Trial 27 finished with value: 3408.208984375 and parameters: {'gradient_clip_val': 0.6279247081738252, 'hidden_size': 13, 'dropout': 0.30549250748311874, 'hidden_continuous_size': 10, 'attention_head_size': 3, 'learning_rate': 0.02823398628820058}. Best is trial 9 with value: 2403.6953125.
LOCAL_RANK: 0 - CUDA_VISIBLE_DEVICES: [0]
[I 2023-11-30 03:18:57,069] Trial 28 finished with value: 2683.6337890625 and parameters: {'gradient_clip_val': 0.8402267136838397, 'hidden_size': 27, 'dropout': 0.26057701682454654, 'hidden_continuous_size': 14, 'attention_head_size': 3, 'learning_rate': 0.02258250564374132}. Best is trial 9 with value: 2403.6953125.
LOCAL_RANK: 0 - CUDA_VISIBLE_DEVICES: [0]
[I 2023-11-30 03:19:09,137] Trial 29 finished with value: 2969.462158203125 and parameters: {'gradient_clip_val': 0.9767680167265725, 'hidden_size': 29, 'dropout': 0.29734302056935513, 'hidden_continuous_size': 15, 'attention_head_size': 1, 'learning_rate': 0.015273801270512205}. Best is trial 9 with value: 2403.6953125.
LOCAL_RANK: 0 - CUDA_VISIBLE_DEVICES: [0]
[I 2023-11-30 03:19:21,229] Trial 30 finished with value: 3360.490234375 and parameters: {'gradient_clip_val': 0.7254939500078538, 'hidden_size': 23, 'dropout': 0.3172468955202903, 'hidden_continuous_size': 13, 'attention_head_size': 4, 'learning_rate': 0.009847932103986766}. Best is trial 9 with value: 2403.6953125.
LOCAL_RANK: 0 - CUDA_VISIBLE_DEVICES: [0]
[I 2023-11-30 03:19:33,179] Trial 31 finished with value: 2483.156005859375 and parameters: {'gradient_clip_val': 0.9839236304050812, 'hidden_size': 19, 'dropout': 0.22800192019154636, 'hidden_continuous_size': 14, 'attention_head_size': 2, 'learning_rate': 0.035048996336043255}. Best is trial 9 with value: 2403.6953125.
LOCAL_RANK: 0 - CUDA_VISIBLE_DEVICES: [0]
[I 2023-11-30 03:19:44,967] Trial 32 finished with value: 2594.09765625 and parameters: {'gradient_clip_val': 0.8833506176586929, 'hidden_size': 19, 'dropout': 0.2810557728294219, 'hidden_continuous_size': 12, 'attention_head_size': 2, 'learning_rate': 0.04116723221330207}. Best is trial 9 with value: 2403.6953125.
LOCAL_RANK: 0 - CUDA_VISIBLE_DEVICES: [0]
[I 2023-11-30 03:19:56,839] Trial 33 finished with value: 3174.277099609375 and parameters: {'gradient_clip_val': 0.6170415089368243, 'hidden_size': 14, 'dropout': 0.25908179520721236, 'hidden_continuous_size': 12, 'attention_head_size': 2, 'learning_rate': 0.025270505563701615}. Best is trial 9 with value: 2403.6953125.
LOCAL_RANK: 0 - CUDA_VISIBLE_DEVICES: [0]
