[I 2023-11-30 10:24:43,490] Trial 68 finished with value: 859.908935546875 and parameters: {'gradient_clip_val': 0.17623382235378074, 'hidden_size': 42, 'dropout': 0.3922818027721266, 'hidden_continuous_size': 21, 'attention_head_size': 2, 'learning_rate': 0.005494983986660091}. Best is trial 37 with value: 640.91064453125.
LOCAL_RANK: 0 - CUDA_VISIBLE_DEVICES: [0]
[I 2023-11-30 10:24:56,590] Trial 69 finished with value: 713.86865234375 and parameters: {'gradient_clip_val': 0.135296966226784, 'hidden_size': 59, 'dropout': 0.34688777464686915, 'hidden_continuous_size': 27, 'attention_head_size': 3, 'learning_rate': 0.004907834351837465}. Best is trial 37 with value: 640.91064453125.
LOCAL_RANK: 0 - CUDA_VISIBLE_DEVICES: [0]
[I 2023-11-30 10:25:09,643] Trial 70 finished with value: 810.47509765625 and parameters: {'gradient_clip_val': 0.17705713790368272, 'hidden_size': 65, 'dropout': 0.3339858484064254, 'hidden_continuous_size': 37, 'attention_head_size': 2, 'learning_rate': 0.003555105151224402}. Best is trial 37 with value: 640.91064453125.
LOCAL_RANK: 0 - CUDA_VISIBLE_DEVICES: [0]
[I 2023-11-30 10:25:22,229] Trial 71 finished with value: 652.4656372070312 and parameters: {'gradient_clip_val': 0.15331429921362935, 'hidden_size': 53, 'dropout': 0.3535302232345851, 'hidden_continuous_size': 23, 'attention_head_size': 1, 'learning_rate': 0.009640610988613576}. Best is trial 37 with value: 640.91064453125.
LOCAL_RANK: 0 - CUDA_VISIBLE_DEVICES: [0]
[I 2023-11-30 10:25:34,973] Trial 72 finished with value: 706.5870971679688 and parameters: {'gradient_clip_val': 0.15428531867229758, 'hidden_size': 55, 'dropout': 0.3631152863859655, 'hidden_continuous_size': 25, 'attention_head_size': 1, 'learning_rate': 0.009986247914426186}. Best is trial 37 with value: 640.91064453125.
LOCAL_RANK: 0 - CUDA_VISIBLE_DEVICES: [0]
[I 2023-11-30 10:25:47,559] Trial 73 finished with value: 1070.0684814453125 and parameters: {'gradient_clip_val': 0.14062478541177126, 'hidden_size': 45, 'dropout': 0.3578067133456624, 'hidden_continuous_size': 22, 'attention_head_size': 1, 'learning_rate': 0.004348462064720574}. Best is trial 37 with value: 640.91064453125.
LOCAL_RANK: 0 - CUDA_VISIBLE_DEVICES: [0]
[I 2023-11-30 10:26:00,697] Trial 74 finished with value: 817.8544921875 and parameters: {'gradient_clip_val': 0.17134183215968962, 'hidden_size': 74, 'dropout': 0.34008322117267104, 'hidden_continuous_size': 30, 'attention_head_size': 2, 'learning_rate': 0.007693233752390517}. Best is trial 37 with value: 640.91064453125.
LOCAL_RANK: 0 - CUDA_VISIBLE_DEVICES: [0]
[I 2023-11-30 10:26:13,334] Trial 75 finished with value: 737.3003540039062 and parameters: {'gradient_clip_val': 0.12886178344609417, 'hidden_size': 51, 'dropout': 0.32447104265082066, 'hidden_continuous_size': 21, 'attention_head_size': 1, 'learning_rate': 0.0058349599691844755}. Best is trial 37 with value: 640.91064453125.
LOCAL_RANK: 0 - CUDA_VISIBLE_DEVICES: [0]
[I 2023-11-30 10:26:26,219] Trial 76 finished with value: 794.2833862304688 and parameters: {'gradient_clip_val': 0.1926301364571438, 'hidden_size': 61, 'dropout': 0.37425797196785876, 'hidden_continuous_size': 25, 'attention_head_size': 1, 'learning_rate': 0.013103374751121118}. Best is trial 37 with value: 640.91064453125.
LOCAL_RANK: 0 - CUDA_VISIBLE_DEVICES: [0]
[I 2023-11-30 10:26:39,423] Trial 77 finished with value: 727.8670043945312 and parameters: {'gradient_clip_val': 0.14781660268875255, 'hidden_size': 83, 'dropout': 0.34873094450981024, 'hidden_continuous_size': 29, 'attention_head_size': 2, 'learning_rate': 0.007587228920752788}. Best is trial 37 with value: 640.91064453125.
LOCAL_RANK: 0 - CUDA_VISIBLE_DEVICES: [0]
[I 2023-11-30 10:26:51,953] Trial 78 finished with value: 686.81298828125 and parameters: {'gradient_clip_val': 0.20458118975954123, 'hidden_size': 41, 'dropout': 0.36657004455312253, 'hidden_continuous_size': 18, 'attention_head_size': 1, 'learning_rate': 0.011054471522864772}. Best is trial 37 with value: 640.91064453125.
LOCAL_RANK: 0 - CUDA_VISIBLE_DEVICES: [0]
[I 2023-11-30 10:27:05,171] Trial 79 finished with value: 649.033935546875 and parameters: {'gradient_clip_val': 0.1585565429652034, 'hidden_size': 69, 'dropout': 0.3803998860768268, 'hidden_continuous_size': 26, 'attention_head_size': 3, 'learning_rate': 0.0070327408161658085}. Best is trial 37 with value: 640.91064453125.
LOCAL_RANK: 0 - CUDA_VISIBLE_DEVICES: [0]
[I 2023-11-30 10:27:18,127] Trial 80 finished with value: 633.134521484375 and parameters: {'gradient_clip_val': 0.18742494486192696, 'hidden_size': 54, 'dropout': 0.39856675081562476, 'hidden_continuous_size': 26, 'attention_head_size': 3, 'learning_rate': 0.006651314223880822}. Best is trial 80 with value: 633.134521484375.
LOCAL_RANK: 0 - CUDA_VISIBLE_DEVICES: [0]
[I 2023-11-30 10:27:30,848] Trial 81 finished with value: 684.9125366210938 and parameters: {'gradient_clip_val': 0.18454455796229774, 'hidden_size': 54, 'dropout': 0.3927184420781161, 'hidden_continuous_size': 26, 'attention_head_size': 3, 'learning_rate': 0.006951383621519008}. Best is trial 80 with value: 633.134521484375.
LOCAL_RANK: 0 - CUDA_VISIBLE_DEVICES: [0]
[I 2023-11-30 10:27:43,557] Trial 82 finished with value: 747.8329467773438 and parameters: {'gradient_clip_val': 0.1581048958858734, 'hidden_size': 47, 'dropout': 0.38157172037219467, 'hidden_continuous_size': 31, 'attention_head_size': 3, 'learning_rate': 0.008646105653461961}. Best is trial 80 with value: 633.134521484375.
LOCAL_RANK: 0 - CUDA_VISIBLE_DEVICES: [0]
[I 2023-11-30 10:27:56,535] Trial 83 finished with value: 664.2844848632812 and parameters: {'gradient_clip_val': 0.16587466799863246, 'hidden_size': 56, 'dropout': 0.39930882895797415, 'hidden_continuous_size': 27, 'attention_head_size': 3, 'learning_rate': 0.00599049422898573}. Best is trial 80 with value: 633.134521484375.
LOCAL_RANK: 0 - CUDA_VISIBLE_DEVICES: [0]
[I 2023-11-30 10:28:09,705] Trial 84 finished with value: 690.3583374023438 and parameters: {'gradient_clip_val': 0.21391508792927563, 'hidden_size': 66, 'dropout': 0.3980075173529503, 'hidden_continuous_size': 28, 'attention_head_size': 3, 'learning_rate': 0.005978037362798543}. Best is trial 80 with value: 633.134521484375.
LOCAL_RANK: 0 - CUDA_VISIBLE_DEVICES: [0]
[I 2023-11-30 10:28:23,481] Trial 85 finished with value: 724.4163208007812 and parameters: {'gradient_clip_val': 0.1674623699362474, 'hidden_size': 58, 'dropout': 0.3878219984968212, 'hidden_continuous_size': 27, 'attention_head_size': 3, 'learning_rate': 0.004477613407670391}. Best is trial 80 with value: 633.134521484375.
LOCAL_RANK: 0 - CUDA_VISIBLE_DEVICES: [0]
[I 2023-11-30 10:28:36,904] Trial 86 finished with value: 726.2373046875 and parameters: {'gradient_clip_val': 0.17874377682793222, 'hidden_size': 70, 'dropout': 0.377449568711203, 'hidden_continuous_size': 32, 'attention_head_size': 3, 'learning_rate': 0.00699993485792772}. Best is trial 80 with value: 633.134521484375.
LOCAL_RANK: 0 - CUDA_VISIBLE_DEVICES: [0]
[I 2023-11-30 10:28:49,996] Trial 87 finished with value: 715.6217651367188 and parameters: {'gradient_clip_val': 0.19785838036448644, 'hidden_size': 61, 'dropout': 0.39319448058465906, 'hidden_continuous_size': 29, 'attention_head_size': 3, 'learning_rate': 0.01025392139772679}. Best is trial 80 with value: 633.134521484375.
LOCAL_RANK: 0 - CUDA_VISIBLE_DEVICES: [0]
[I 2023-11-30 10:29:02,997] Trial 88 finished with value: 798.8497924804688 and parameters: {'gradient_clip_val': 0.15325373297487618, 'hidden_size': 51, 'dropout': 0.36673407435454686, 'hidden_continuous_size': 23, 'attention_head_size': 3, 'learning_rate': 0.0061251684525270335}. Best is trial 80 with value: 633.134521484375.
LOCAL_RANK: 0 - CUDA_VISIBLE_DEVICES: [0]
[I 2023-11-30 10:29:15,731] Trial 89 finished with value: 652.7176513671875 and parameters: {'gradient_clip_val': 0.18302629933670192, 'hidden_size': 46, 'dropout': 0.3559160392269628, 'hidden_continuous_size': 27, 'attention_head_size': 3, 'learning_rate': 0.008347599809652549}. Best is trial 80 with value: 633.134521484375.
LOCAL_RANK: 0 - CUDA_VISIBLE_DEVICES: [0]
[I 2023-11-30 10:29:28,598] Trial 90 finished with value: 700.7273559570312 and parameters: {'gradient_clip_val': 0.18911316581979132, 'hidden_size': 45, 'dropout': 0.35786080787498753, 'hidden_continuous_size': 25, 'attention_head_size': 3, 'learning_rate': 0.009374862056218831}. Best is trial 80 with value: 633.134521484375.
LOCAL_RANK: 0 - CUDA_VISIBLE_DEVICES: [0]
[I 2023-11-30 10:29:42,056] Trial 91 finished with value: 785.9558715820312 and parameters: {'gradient_clip_val': 0.16942437452528242, 'hidden_size': 48, 'dropout': 0.38073242575395233, 'hidden_continuous_size': 26, 'attention_head_size': 3, 'learning_rate': 0.008296688113822838}. Best is trial 80 with value: 633.134521484375.
LOCAL_RANK: 0 - CUDA_VISIBLE_DEVICES: [0]
[I 2023-11-30 10:29:55,055] Trial 92 finished with value: 786.3561401367188 and parameters: {'gradient_clip_val': 0.1438858674522533, 'hidden_size': 57, 'dropout': 0.3712711103313096, 'hidden_continuous_size': 28, 'attention_head_size': 3, 'learning_rate': 0.0071202423345527125}. Best is trial 80 with value: 633.134521484375.
LOCAL_RANK: 0 - CUDA_VISIBLE_DEVICES: [0]
[I 2023-11-30 10:30:08,081] Trial 93 finished with value: 756.2879028320312 and parameters: {'gradient_clip_val': 0.16077395603775438, 'hidden_size': 53, 'dropout': 0.3520871934336253, 'hidden_continuous_size': 27, 'attention_head_size': 3, 'learning_rate': 0.005711561303904854}. Best is trial 80 with value: 633.134521484375.
LOCAL_RANK: 0 - CUDA_VISIBLE_DEVICES: [0]
[I 2023-11-30 10:30:20,671] Trial 94 finished with value: 1002.3886108398438 and parameters: {'gradient_clip_val': 0.1853882163543784, 'hidden_size': 39, 'dropout': 0.3985050634488385, 'hidden_continuous_size': 29, 'attention_head_size': 3, 'learning_rate': 0.004664254898211976}. Best is trial 80 with value: 633.134521484375.
LOCAL_RANK: 0 - CUDA_VISIBLE_DEVICES: [0]
[I 2023-11-30 10:30:33,765] Trial 95 finished with value: 648.5145874023438 and parameters: {'gradient_clip_val': 0.16902641912505728, 'hidden_size': 63, 'dropout': 0.3896253752094336, 'hidden_continuous_size': 26, 'attention_head_size': 3, 'learning_rate': 0.006386133444610234}. Best is trial 80 with value: 633.134521484375.
LOCAL_RANK: 0 - CUDA_VISIBLE_DEVICES: [0]
[I 2023-11-30 10:30:46,896] Trial 96 finished with value: 678.8342895507812 and parameters: {'gradient_clip_val': 0.20556824465182433, 'hidden_size': 62, 'dropout': 0.38771023819765904, 'hidden_continuous_size': 25, 'attention_head_size': 3, 'learning_rate': 0.008707320341691189}. Best is trial 80 with value: 633.134521484375.
LOCAL_RANK: 0 - CUDA_VISIBLE_DEVICES: [0]
[I 2023-11-30 10:31:00,059] Trial 97 finished with value: 1019.1484375 and parameters: {'gradient_clip_val': 0.14711571568536058, 'hidden_size': 70, 'dropout': 0.36054108240290883, 'hidden_continuous_size': 31, 'attention_head_size': 3, 'learning_rate': 0.012008473308011705}. Best is trial 80 with value: 633.134521484375.
LOCAL_RANK: 0 - CUDA_VISIBLE_DEVICES: [0]
[I 2023-11-30 10:31:12,983] Trial 98 finished with value: 760.857421875 and parameters: {'gradient_clip_val': 0.17240807323141655, 'hidden_size': 51, 'dropout': 0.3402033280805673, 'hidden_continuous_size': 26, 'attention_head_size': 3, 'learning_rate': 0.010223544830816281}. Best is trial 80 with value: 633.134521484375.
LOCAL_RANK: 0 - CUDA_VISIBLE_DEVICES: [0]
[I 2023-11-30 10:31:26,128] Trial 99 finished with value: 739.22802734375 and parameters: {'gradient_clip_val': 0.15581851426111704, 'hidden_size': 65, 'dropout': 0.36620556142596783, 'hidden_continuous_size': 23, 'attention_head_size': 3, 'learning_rate': 0.00787718664159011}. Best is trial 80 with value: 633.134521484375.
LOCAL_RANK: 0 - CUDA_VISIBLE_DEVICES: [0]
[I 2023-11-30 10:31:39,353] Trial 100 finished with value: 929.9500122070312 and parameters: {'gradient_clip_val': 0.21596252334827695, 'hidden_size': 78, 'dropout': 0.3474291419889042, 'hidden_continuous_size': 33, 'attention_head_size': 1, 'learning_rate': 0.006588938874378262}. Best is trial 80 with value: 633.134521484375.
LOCAL_RANK: 0 - CUDA_VISIBLE_DEVICES: [0]
[I 2023-11-30 10:31:52,155] Trial 101 finished with value: 970.4127807617188 and parameters: {'gradient_clip_val': 0.16432244802303606, 'hidden_size': 49, 'dropout': 0.3791631163634604, 'hidden_continuous_size': 27, 'attention_head_size': 3, 'learning_rate': 0.005237582607310631}. Best is trial 80 with value: 633.134521484375.
LOCAL_RANK: 0 - CUDA_VISIBLE_DEVICES: [0]
[I 2023-11-30 10:32:04,914] Trial 102 finished with value: 703.8600463867188 and parameters: {'gradient_clip_val': 0.1898440555230822, 'hidden_size': 56, 'dropout': 0.37379356523367246, 'hidden_continuous_size': 29, 'attention_head_size': 3, 'learning_rate': 0.005704191953983407}. Best is trial 80 with value: 633.134521484375.
LOCAL_RANK: 0 - CUDA_VISIBLE_DEVICES: [0]
[I 2023-11-30 10:32:17,727] Trial 103 finished with value: 634.521728515625 and parameters: {'gradient_clip_val': 0.17963383088365717, 'hidden_size': 43, 'dropout': 0.39024295660608277, 'hidden_continuous_size': 28, 'attention_head_size': 3, 'learning_rate': 0.006282898647110413}. Best is trial 80 with value: 633.134521484375.
LOCAL_RANK: 0 - CUDA_VISIBLE_DEVICES: [0]
[I 2023-11-30 10:32:30,299] Trial 104 finished with value: 800.3955078125 and parameters: {'gradient_clip_val': 0.18006986566403602, 'hidden_size': 43, 'dropout': 0.38950718132008455, 'hidden_continuous_size': 28, 'attention_head_size': 3, 'learning_rate': 0.007287027721793038}. Best is trial 80 with value: 633.134521484375.
LOCAL_RANK: 0 - CUDA_VISIBLE_DEVICES: [0]
[I 2023-11-30 10:32:43,086] Trial 105 finished with value: 738.1288452148438 and parameters: {'gradient_clip_val': 0.14196120838446083, 'hidden_size': 46, 'dropout': 0.35538701112327054, 'hidden_continuous_size': 26, 'attention_head_size': 3, 'learning_rate': 0.009214191799207967}. Best is trial 80 with value: 633.134521484375.
LOCAL_RANK: 0 - CUDA_VISIBLE_DEVICES: [0]
[I 2023-11-30 10:32:55,560] Trial 106 finished with value: 802.3601684570312 and parameters: {'gradient_clip_val': 0.19836884009679434, 'hidden_size': 40, 'dropout': 0.38611132382066976, 'hidden_continuous_size': 24, 'attention_head_size': 3, 'learning_rate': 0.00652801335481263}. Best is trial 80 with value: 633.134521484375.
LOCAL_RANK: 0 - CUDA_VISIBLE_DEVICES: [0]
[I 2023-11-30 10:33:08,078] Trial 107 finished with value: 1082.1861572265625 and parameters: {'gradient_clip_val': 0.1510008043883385, 'hidden_size': 42, 'dropout': 0.37050810791863986, 'hidden_continuous_size': 25, 'attention_head_size': 1, 'learning_rate': 0.0041882299506485}. Best is trial 80 with value: 633.134521484375.
LOCAL_RANK: 0 - CUDA_VISIBLE_DEVICES: [0]
[I 2023-11-30 10:33:20,610] Trial 108 finished with value: 810.099853515625 and parameters: {'gradient_clip_val': 0.13400920611372927, 'hidden_size': 37, 'dropout': 0.36238529297273986, 'hidden_continuous_size': 28, 'attention_head_size': 1, 'learning_rate': 0.005065389828300207}. Best is trial 80 with value: 633.134521484375.
LOCAL_RANK: 0 - CUDA_VISIBLE_DEVICES: [0]
[I 2023-11-30 10:33:33,142] Trial 109 finished with value: 894.2382202148438 and parameters: {'gradient_clip_val': 0.1741730791947356, 'hidden_size': 44, 'dropout': 0.3831271653528413, 'hidden_continuous_size': 22, 'attention_head_size': 3, 'learning_rate': 0.008276079533831509}. Best is trial 80 with value: 633.134521484375.
LOCAL_RANK: 0 - CUDA_VISIBLE_DEVICES: [0]
[I 2023-11-30 10:33:45,755] Trial 110 finished with value: 800.3831176757812 and parameters: {'gradient_clip_val': 0.15647614307442972, 'hidden_size': 47, 'dropout': 0.3323685462556629, 'hidden_continuous_size': 30, 'attention_head_size': 1, 'learning_rate': 0.0073220945891923385}. Best is trial 80 with value: 633.134521484375.
LOCAL_RANK: 0 - CUDA_VISIBLE_DEVICES: [0]
[I 2023-11-30 10:33:58,621] Trial 111 finished with value: 750.5296020507812 and parameters: {'gradient_clip_val': 0.16707626125003203, 'hidden_size': 53, 'dropout': 0.3987733707439424, 'hidden_continuous_size': 27, 'attention_head_size': 3, 'learning_rate': 0.006287793614334839}. Best is trial 80 with value: 633.134521484375.
LOCAL_RANK: 0 - CUDA_VISIBLE_DEVICES: [0]
[I 2023-11-30 10:34:11,644] Trial 112 finished with value: 886.6737670898438 and parameters: {'gradient_clip_val': 0.18290177485398132, 'hidden_size': 58, 'dropout': 0.39074722227291964, 'hidden_continuous_size': 26, 'attention_head_size': 3, 'learning_rate': 0.004746840913195199}. Best is trial 80 with value: 633.134521484375.
LOCAL_RANK: 0 - CUDA_VISIBLE_DEVICES: [0]
[I 2023-11-30 10:34:24,695] Trial 113 finished with value: 878.8460083007812 and parameters: {'gradient_clip_val': 0.1617817713383768, 'hidden_size': 55, 'dropout': 0.3941816044944537, 'hidden_continuous_size': 24, 'attention_head_size': 3, 'learning_rate': 0.0054714790908015586}. Best is trial 80 with value: 633.134521484375.
LOCAL_RANK: 0 - CUDA_VISIBLE_DEVICES: [0]
[I 2023-11-30 10:34:37,464] Trial 114 finished with value: 696.5906372070312 and parameters: {'gradient_clip_val': 0.14515209685685926, 'hidden_size': 49, 'dropout': 0.37869817611238427, 'hidden_continuous_size': 29, 'attention_head_size': 3, 'learning_rate': 0.006162757878343614}. Best is trial 80 with value: 633.134521484375.
LOCAL_RANK: 0 - CUDA_VISIBLE_DEVICES: [0]
[I 2023-11-30 10:34:50,624] Trial 115 finished with value: 636.0891723632812 and parameters: {'gradient_clip_val': 0.13907337914219706, 'hidden_size': 62, 'dropout': 0.39988934073453697, 'hidden_continuous_size': 31, 'attention_head_size': 3, 'learning_rate': 0.009826627997331052}. Best is trial 80 with value: 633.134521484375.
LOCAL_RANK: 0 - CUDA_VISIBLE_DEVICES: [0]
[I 2023-11-30 10:35:03,816] Trial 116 finished with value: 759.5753784179688 and parameters: {'gradient_clip_val': 0.12763617144901035, 'hidden_size': 67, 'dropout': 0.36761794666640063, 'hidden_continuous_size': 31, 'attention_head_size': 3, 'learning_rate': 0.01120767322102545}. Best is trial 80 with value: 633.134521484375.
LOCAL_RANK: 0 - CUDA_VISIBLE_DEVICES: [0]
[I 2023-11-30 10:35:16,705] Trial 117 finished with value: 784.2117309570312 and parameters: {'gradient_clip_val': 0.13860330944261748, 'hidden_size': 62, 'dropout': 0.35423078219217724, 'hidden_continuous_size': 23, 'attention_head_size': 3, 'learning_rate': 0.00990761309793155}. Best is trial 80 with value: 633.134521484375.
LOCAL_RANK: 0 - CUDA_VISIBLE_DEVICES: [0]
[I 2023-11-30 10:35:29,844] Trial 118 finished with value: 1240.8372802734375 and parameters: {'gradient_clip_val': 0.14961863957961088, 'hidden_size': 63, 'dropout': 0.34276090819104643, 'hidden_continuous_size': 32, 'attention_head_size': 1, 'learning_rate': 0.012606350585997614}. Best is trial 80 with value: 633.134521484375.
LOCAL_RANK: 0 - CUDA_VISIBLE_DEVICES: [0]
[I 2023-11-30 10:35:43,136] Trial 119 finished with value: 1210.3486328125 and parameters: {'gradient_clip_val': 0.1184456961012765, 'hidden_size': 68, 'dropout': 0.3754133210738769, 'hidden_continuous_size': 35, 'attention_head_size': 4, 'learning_rate': 0.01456070473962914}. Best is trial 80 with value: 633.134521484375.
LOCAL_RANK: 0 - CUDA_VISIBLE_DEVICES: [0]
[I 2023-11-30 10:35:56,410] Trial 120 finished with value: 723.6701049804688 and parameters: {'gradient_clip_val': 0.1338982020467524, 'hidden_size': 73, 'dropout': 0.38528322365802636, 'hidden_continuous_size': 20, 'attention_head_size': 2, 'learning_rate': 0.00795581599742352}. Best is trial 80 with value: 633.134521484375.
LOCAL_RANK: 0 - CUDA_VISIBLE_DEVICES: [0]
[I 2023-11-30 10:36:09,443] Trial 121 finished with value: 696.9534301757812 and parameters: {'gradient_clip_val': 0.1724195824269478, 'hidden_size': 58, 'dropout': 0.3985881271565684, 'hidden_continuous_size': 27, 'attention_head_size': 3, 'learning_rate': 0.0069264287029829515}. Best is trial 80 with value: 633.134521484375.
LOCAL_RANK: 0 - CUDA_VISIBLE_DEVICES: [0]
[I 2023-11-30 10:36:22,162] Trial 122 finished with value: 719.6653442382812 and parameters: {'gradient_clip_val': 0.15901499764751503, 'hidden_size': 52, 'dropout': 0.3910335823430302, 'hidden_continuous_size': 28, 'attention_head_size': 3, 'learning_rate': 0.009050847190621877}. Best is trial 80 with value: 633.134521484375.
LOCAL_RANK: 0 - CUDA_VISIBLE_DEVICES: [0]
[I 2023-11-30 10:36:35,085] Trial 123 finished with value: 699.6500854492188 and parameters: {'gradient_clip_val': 0.12487373262658914, 'hidden_size': 55, 'dropout': 0.3807356868831367, 'hidden_continuous_size': 25, 'attention_head_size': 3, 'learning_rate': 0.0038455020854731444}. Best is trial 80 with value: 633.134521484375.
LOCAL_RANK: 0 - CUDA_VISIBLE_DEVICES: [0]
[I 2023-11-30 10:36:48,152] Trial 124 finished with value: 730.35205078125 and parameters: {'gradient_clip_val': 0.20549279895709685, 'hidden_size': 60, 'dropout': 0.3928585818263781, 'hidden_continuous_size': 30, 'attention_head_size': 3, 'learning_rate': 0.00495221888051452}. Best is trial 80 with value: 633.134521484375.
LOCAL_RANK: 0 - CUDA_VISIBLE_DEVICES: [0]
[I 2023-11-30 10:37:00,969] Trial 125 finished with value: 758.873779296875 and parameters: {'gradient_clip_val': 0.16790977953070282, 'hidden_size': 46, 'dropout': 0.36205101501087644, 'hidden_continuous_size': 29, 'attention_head_size': 3, 'learning_rate': 0.010504866953949117}. Best is trial 80 with value: 633.134521484375.
LOCAL_RANK: 0 - CUDA_VISIBLE_DEVICES: [0]
[I 2023-11-30 10:37:13,811] Trial 126 finished with value: 752.690185546875 and parameters: {'gradient_clip_val': 0.19110974954900892, 'hidden_size': 64, 'dropout': 0.3501887145297023, 'hidden_continuous_size': 17, 'attention_head_size': 3, 'learning_rate': 0.0057321341708356024}. Best is trial 80 with value: 633.134521484375.
LOCAL_RANK: 0 - CUDA_VISIBLE_DEVICES: [0]
