[rank: 0] Seed set to 1337
[I 2023-11-29 20:06:32,059] A new study created in memory with name: no-name-f6e8f6e8-b36a-45b1-8824-6c75b4bf05cd
/home/le004/conda/anaconda3/envs/tsff_env/lib/python3.9/site-packages/lightning/fabric/plugins/environments/slurm.py:191: The `srun` command is available on your system but is not used. HINT: If your intention is to run Lightning on SLURM, prepend your python command with `srun` like so: srun python /home/le004/master_thesis/git/TSFusionForecast/code/ ...
LOCAL_RANK: 0 - CUDA_VISIBLE_DEVICES: [0]
[I 2023-11-29 20:06:46,290] Trial 0 finished with value: 33.54886245727539 and parameters: {'gradient_clip_val': 0.6778201323908384, 'hidden_size': 18, 'dropout': 0.2098741773796613, 'hidden_continuous_size': 13, 'attention_head_size': 4, 'learning_rate': 0.012917440349954797}. Best is trial 0 with value: 33.54886245727539.
LOCAL_RANK: 0 - CUDA_VISIBLE_DEVICES: [0]
[I 2023-11-29 20:06:59,333] Trial 1 finished with value: 30.17568016052246 and parameters: {'gradient_clip_val': 0.21482195225929546, 'hidden_size': 27, 'dropout': 0.2786889216062101, 'hidden_continuous_size': 16, 'attention_head_size': 4, 'learning_rate': 0.051677881297512315}. Best is trial 1 with value: 30.17568016052246.
LOCAL_RANK: 0 - CUDA_VISIBLE_DEVICES: [0]
[I 2023-11-29 20:07:12,381] Trial 2 finished with value: 96.65978240966797 and parameters: {'gradient_clip_val': 0.2563943169134345, 'hidden_size': 30, 'dropout': 0.24284157268977838, 'hidden_continuous_size': 21, 'attention_head_size': 3, 'learning_rate': 0.002117927239525503}. Best is trial 1 with value: 30.17568016052246.
LOCAL_RANK: 0 - CUDA_VISIBLE_DEVICES: [0]
[I 2023-11-29 20:07:27,474] Trial 3 finished with value: 30.983564376831055 and parameters: {'gradient_clip_val': 0.10850791287433598, 'hidden_size': 124, 'dropout': 0.38177144793904894, 'hidden_continuous_size': 111, 'attention_head_size': 3, 'learning_rate': 0.009969843410798603}. Best is trial 1 with value: 30.17568016052246.
LOCAL_RANK: 0 - CUDA_VISIBLE_DEVICES: [0]
[I 2023-11-29 20:07:38,381] Trial 4 finished with value: 90.22718048095703 and parameters: {'gradient_clip_val': 0.15303606351166213, 'hidden_size': 10, 'dropout': 0.3083889612464402, 'hidden_continuous_size': 10, 'attention_head_size': 4, 'learning_rate': 0.012796990347402372}. Best is trial 1 with value: 30.17568016052246.
LOCAL_RANK: 0 - CUDA_VISIBLE_DEVICES: [0]
[I 2023-11-29 20:07:51,059] Trial 5 finished with value: 57.622528076171875 and parameters: {'gradient_clip_val': 0.24448598179293143, 'hidden_size': 22, 'dropout': 0.15541371018917863, 'hidden_continuous_size': 16, 'attention_head_size': 3, 'learning_rate': 0.008478855529028136}. Best is trial 1 with value: 30.17568016052246.
LOCAL_RANK: 0 - CUDA_VISIBLE_DEVICES: [0]
[I 2023-11-29 20:08:04,912] Trial 6 finished with value: 32.08085632324219 and parameters: {'gradient_clip_val': 0.48444938179113134, 'hidden_size': 117, 'dropout': 0.38650707614962354, 'hidden_continuous_size': 14, 'attention_head_size': 1, 'learning_rate': 0.0025697745140499267}. Best is trial 1 with value: 30.17568016052246.
LOCAL_RANK: 0 - CUDA_VISIBLE_DEVICES: [0]
[I 2023-11-29 20:08:18,189] Trial 7 finished with value: 43.40608596801758 and parameters: {'gradient_clip_val': 0.7685720843619196, 'hidden_size': 44, 'dropout': 0.36244037260900497, 'hidden_continuous_size': 16, 'attention_head_size': 2, 'learning_rate': 0.003115763530616156}. Best is trial 1 with value: 30.17568016052246.
LOCAL_RANK: 0 - CUDA_VISIBLE_DEVICES: [0]
[I 2023-11-29 20:08:31,073] Trial 8 finished with value: 35.75299072265625 and parameters: {'gradient_clip_val': 0.1796745808590493, 'hidden_size': 23, 'dropout': 0.16796373792316402, 'hidden_continuous_size': 14, 'attention_head_size': 4, 'learning_rate': 0.07886688369400324}. Best is trial 1 with value: 30.17568016052246.
LOCAL_RANK: 0 - CUDA_VISIBLE_DEVICES: [0]
[I 2023-11-29 20:08:43,843] Trial 9 finished with value: 88.36284637451172 and parameters: {'gradient_clip_val': 0.25785440071840104, 'hidden_size': 13, 'dropout': 0.3007471795879431, 'hidden_continuous_size': 12, 'attention_head_size': 2, 'learning_rate': 0.008301346498162193}. Best is trial 1 with value: 30.17568016052246.
LOCAL_RANK: 0 - CUDA_VISIBLE_DEVICES: [0]
[I 2023-11-29 20:08:57,450] Trial 10 finished with value: 40.605953216552734 and parameters: {'gradient_clip_val': 0.42239470800982215, 'hidden_size': 51, 'dropout': 0.11025053811077973, 'hidden_continuous_size': 25, 'attention_head_size': 1, 'learning_rate': 0.07002972099846104}. Best is trial 1 with value: 30.17568016052246.
LOCAL_RANK: 0 - CUDA_VISIBLE_DEVICES: [0]
[I 2023-11-29 20:09:12,860] Trial 11 finished with value: 33.916805267333984 and parameters: {'gradient_clip_val': 0.1045373570925993, 'hidden_size': 146, 'dropout': 0.3278190502221351, 'hidden_continuous_size': 108, 'attention_head_size': 3, 'learning_rate': 0.029465523938692628}. Best is trial 1 with value: 30.17568016052246.
LOCAL_RANK: 0 - CUDA_VISIBLE_DEVICES: [0]
[I 2023-11-29 20:09:27,436] Trial 12 finished with value: 34.45371627807617 and parameters: {'gradient_clip_val': 0.10644574233130602, 'hidden_size': 72, 'dropout': 0.39491163415176, 'hidden_continuous_size': 43, 'attention_head_size': 4, 'learning_rate': 0.03257072784495341}. Best is trial 1 with value: 30.17568016052246.
LOCAL_RANK: 0 - CUDA_VISIBLE_DEVICES: [0]
[I 2023-11-29 20:09:41,599] Trial 13 finished with value: 56.53006362915039 and parameters: {'gradient_clip_val': 0.14727618909871465, 'hidden_size': 75, 'dropout': 0.27080909409200793, 'hidden_continuous_size': 40, 'attention_head_size': 3, 'learning_rate': 0.0010460224660944644}. Best is trial 1 with value: 30.17568016052246.
LOCAL_RANK: 0 - CUDA_VISIBLE_DEVICES: [0]
[I 2023-11-29 20:09:54,693] Trial 14 finished with value: 29.186317443847656 and parameters: {'gradient_clip_val': 0.18289303670692936, 'hidden_size': 35, 'dropout': 0.3429345277199719, 'hidden_continuous_size': 10, 'attention_head_size': 2, 'learning_rate': 0.02847302551950913}. Best is trial 14 with value: 29.186317443847656.
LOCAL_RANK: 0 - CUDA_VISIBLE_DEVICES: [0]
[I 2023-11-29 20:10:07,868] Trial 15 finished with value: 29.210556030273438 and parameters: {'gradient_clip_val': 0.18490391155492017, 'hidden_size': 33, 'dropout': 0.33604413394093946, 'hidden_continuous_size': 10, 'attention_head_size': 2, 'learning_rate': 0.03670086455212139}. Best is trial 14 with value: 29.186317443847656.
LOCAL_RANK: 0 - CUDA_VISIBLE_DEVICES: [0]
[I 2023-11-29 20:10:21,077] Trial 16 finished with value: 29.1265869140625 and parameters: {'gradient_clip_val': 0.33822970483188947, 'hidden_size': 35, 'dropout': 0.3533177476546089, 'hidden_continuous_size': 10, 'attention_head_size': 2, 'learning_rate': 0.029535437751884202}. Best is trial 16 with value: 29.1265869140625.
LOCAL_RANK: 0 - CUDA_VISIBLE_DEVICES: [0]
[I 2023-11-29 20:10:34,651] Trial 17 finished with value: 27.58268928527832 and parameters: {'gradient_clip_val': 0.3402508869782622, 'hidden_size': 39, 'dropout': 0.35113283396421463, 'hidden_continuous_size': 10, 'attention_head_size': 2, 'learning_rate': 0.02052064856925718}. Best is trial 17 with value: 27.58268928527832.
LOCAL_RANK: 0 - CUDA_VISIBLE_DEVICES: [0]
[I 2023-11-29 20:10:48,063] Trial 18 finished with value: 28.466323852539062 and parameters: {'gradient_clip_val': 0.3641040481029795, 'hidden_size': 49, 'dropout': 0.3567566712107493, 'hidden_continuous_size': 11, 'attention_head_size': 1, 'learning_rate': 0.016505955955956393}. Best is trial 17 with value: 27.58268928527832.
LOCAL_RANK: 0 - CUDA_VISIBLE_DEVICES: [0]
[I 2023-11-29 20:11:01,595] Trial 19 finished with value: 32.98930740356445 and parameters: {'gradient_clip_val': 0.33317089441272935, 'hidden_size': 57, 'dropout': 0.3136017136701267, 'hidden_continuous_size': 12, 'attention_head_size': 1, 'learning_rate': 0.020098071909386204}. Best is trial 17 with value: 27.58268928527832.
LOCAL_RANK: 0 - CUDA_VISIBLE_DEVICES: [0]
[I 2023-11-29 20:11:14,861] Trial 20 finished with value: 32.53916931152344 and parameters: {'gradient_clip_val': 0.9501191853769388, 'hidden_size': 52, 'dropout': 0.36535929103764564, 'hidden_continuous_size': 11, 'attention_head_size': 1, 'learning_rate': 0.017721784379735872}. Best is trial 17 with value: 27.58268928527832.
LOCAL_RANK: 0 - CUDA_VISIBLE_DEVICES: [0]
[I 2023-11-29 20:11:27,999] Trial 21 finished with value: 24.735097885131836 and parameters: {'gradient_clip_val': 0.3636841044258585, 'hidden_size': 42, 'dropout': 0.35141892043118994, 'hidden_continuous_size': 10, 'attention_head_size': 2, 'learning_rate': 0.017838067175262543}. Best is trial 21 with value: 24.735097885131836.
LOCAL_RANK: 0 - CUDA_VISIBLE_DEVICES: [0]
[I 2023-11-29 20:11:41,494] Trial 22 finished with value: 33.22804641723633 and parameters: {'gradient_clip_val': 0.4160473437862821, 'hidden_size': 44, 'dropout': 0.39773714850109465, 'hidden_continuous_size': 11, 'attention_head_size': 1, 'learning_rate': 0.018989693409078735}. Best is trial 21 with value: 24.735097885131836.
LOCAL_RANK: 0 - CUDA_VISIBLE_DEVICES: [0]
[I 2023-11-29 20:11:55,269] Trial 23 finished with value: 35.1998176574707 and parameters: {'gradient_clip_val': 0.3053974949069683, 'hidden_size': 67, 'dropout': 0.35469190675021056, 'hidden_continuous_size': 12, 'attention_head_size': 2, 'learning_rate': 0.04795671407498921}. Best is trial 21 with value: 24.735097885131836.
LOCAL_RANK: 0 - CUDA_VISIBLE_DEVICES: [0]
[I 2023-11-29 20:12:08,321] Trial 24 finished with value: 36.94255065917969 and parameters: {'gradient_clip_val': 0.5077973010574338, 'hidden_size': 36, 'dropout': 0.3333206082708561, 'hidden_continuous_size': 11, 'attention_head_size': 1, 'learning_rate': 0.006240396482503116}. Best is trial 21 with value: 24.735097885131836.
LOCAL_RANK: 0 - CUDA_VISIBLE_DEVICES: [0]
[I 2023-11-29 20:12:21,745] Trial 25 finished with value: 31.9725284576416 and parameters: {'gradient_clip_val': 0.3759805267677458, 'hidden_size': 46, 'dropout': 0.37166073748950323, 'hidden_continuous_size': 10, 'attention_head_size': 2, 'learning_rate': 0.020538427132702746}. Best is trial 21 with value: 24.735097885131836.
LOCAL_RANK: 0 - CUDA_VISIBLE_DEVICES: [0]
[I 2023-11-29 20:12:35,059] Trial 26 finished with value: 33.252960205078125 and parameters: {'gradient_clip_val': 0.30978725106199434, 'hidden_size': 42, 'dropout': 0.319652253532012, 'hidden_continuous_size': 11, 'attention_head_size': 2, 'learning_rate': 0.014362397571899619}. Best is trial 21 with value: 24.735097885131836.
LOCAL_RANK: 0 - CUDA_VISIBLE_DEVICES: [0]
[I 2023-11-29 20:12:48,762] Trial 27 finished with value: 30.26513671875 and parameters: {'gradient_clip_val': 0.5073441838543358, 'hidden_size': 62, 'dropout': 0.39974499188866314, 'hidden_continuous_size': 14, 'attention_head_size': 1, 'learning_rate': 0.00686917829689583}. Best is trial 21 with value: 24.735097885131836.
LOCAL_RANK: 0 - CUDA_VISIBLE_DEVICES: [0]
[I 2023-11-29 20:13:02,740] Trial 28 finished with value: 31.586830139160156 and parameters: {'gradient_clip_val': 0.280288925535019, 'hidden_size': 87, 'dropout': 0.3481980307164338, 'hidden_continuous_size': 18, 'attention_head_size': 2, 'learning_rate': 0.02251569395959135}. Best is trial 21 with value: 24.735097885131836.
LOCAL_RANK: 0 - CUDA_VISIBLE_DEVICES: [0]
[I 2023-11-29 20:13:15,393] Trial 29 finished with value: 41.660526275634766 and parameters: {'gradient_clip_val': 0.5817081066964499, 'hidden_size': 28, 'dropout': 0.2908004649302619, 'hidden_continuous_size': 10, 'attention_head_size': 1, 'learning_rate': 0.011670404725105032}. Best is trial 21 with value: 24.735097885131836.
LOCAL_RANK: 0 - CUDA_VISIBLE_DEVICES: [0]
[I 2023-11-29 20:13:28,680] Trial 30 finished with value: 27.376630783081055 and parameters: {'gradient_clip_val': 0.36795218966691406, 'hidden_size': 40, 'dropout': 0.3735222969373509, 'hidden_continuous_size': 13, 'attention_head_size': 2, 'learning_rate': 0.014849605102965568}. Best is trial 21 with value: 24.735097885131836.
LOCAL_RANK: 0 - CUDA_VISIBLE_DEVICES: [0]
[I 2023-11-29 20:13:42,109] Trial 31 finished with value: 32.542598724365234 and parameters: {'gradient_clip_val': 0.37211641223914543, 'hidden_size': 41, 'dropout': 0.37348296051344854, 'hidden_continuous_size': 13, 'attention_head_size': 2, 'learning_rate': 0.014526864173400348}. Best is trial 21 with value: 24.735097885131836.
LOCAL_RANK: 0 - CUDA_VISIBLE_DEVICES: [0]
[I 2023-11-29 20:13:55,928] Trial 32 finished with value: 37.2763557434082 and parameters: {'gradient_clip_val': 0.3806145347714212, 'hidden_size': 54, 'dropout': 0.33312194446363713, 'hidden_continuous_size': 12, 'attention_head_size': 2, 'learning_rate': 0.014891566322509268}. Best is trial 21 with value: 24.735097885131836.
LOCAL_RANK: 0 - CUDA_VISIBLE_DEVICES: [0]
[I 2023-11-29 20:14:09,058] Trial 33 finished with value: 32.482418060302734 and parameters: {'gradient_clip_val': 0.2922590058237157, 'hidden_size': 30, 'dropout': 0.37313942643026227, 'hidden_continuous_size': 11, 'attention_head_size': 3, 'learning_rate': 0.023154595005281962}. Best is trial 21 with value: 24.735097885131836.
LOCAL_RANK: 0 - CUDA_VISIBLE_DEVICES: [0]
[I 2023-11-29 20:14:22,158] Trial 34 finished with value: 33.76643753051758 and parameters: {'gradient_clip_val': 0.4365638870885906, 'hidden_size': 36, 'dropout': 0.3520898472458765, 'hidden_continuous_size': 11, 'attention_head_size': 2, 'learning_rate': 0.04282400325106049}. Best is trial 21 with value: 24.735097885131836.
LOCAL_RANK: 0 - CUDA_VISIBLE_DEVICES: [0]
[I 2023-11-29 20:14:34,968] Trial 35 finished with value: 38.02652359008789 and parameters: {'gradient_clip_val': 0.33717256486862834, 'hidden_size': 25, 'dropout': 0.27620588970564486, 'hidden_continuous_size': 10, 'attention_head_size': 3, 'learning_rate': 0.010943148564139459}. Best is trial 21 with value: 24.735097885131836.
LOCAL_RANK: 0 - CUDA_VISIBLE_DEVICES: [0]
[I 2023-11-29 20:14:47,697] Trial 36 finished with value: 28.18208885192871 and parameters: {'gradient_clip_val': 0.239649636502179, 'hidden_size': 30, 'dropout': 0.37817457324450826, 'hidden_continuous_size': 11, 'attention_head_size': 1, 'learning_rate': 0.01785798362931913}. Best is trial 21 with value: 24.735097885131836.
LOCAL_RANK: 0 - CUDA_VISIBLE_DEVICES: [0]
[I 2023-11-29 20:15:00,877] Trial 37 finished with value: 31.48798179626465 and parameters: {'gradient_clip_val': 0.2272733687661572, 'hidden_size': 19, 'dropout': 0.37724008448780333, 'hidden_continuous_size': 10, 'attention_head_size': 3, 'learning_rate': 0.055715003075674084}. Best is trial 21 with value: 24.735097885131836.
LOCAL_RANK: 0 - CUDA_VISIBLE_DEVICES: [0]
[I 2023-11-29 20:15:13,658] Trial 38 finished with value: 28.465377807617188 and parameters: {'gradient_clip_val': 0.28228696671360193, 'hidden_size': 28, 'dropout': 0.388308571944513, 'hidden_continuous_size': 12, 'attention_head_size': 2, 'learning_rate': 0.025840326944094702}. Best is trial 21 with value: 24.735097885131836.
LOCAL_RANK: 0 - CUDA_VISIBLE_DEVICES: [0]
[I 2023-11-29 20:15:26,939] Trial 39 finished with value: 32.983760833740234 and parameters: {'gradient_clip_val': 0.2517143666794084, 'hidden_size': 31, 'dropout': 0.3122782950910247, 'hidden_continuous_size': 13, 'attention_head_size': 3, 'learning_rate': 0.011849836210376694}. Best is trial 21 with value: 24.735097885131836.
LOCAL_RANK: 0 - CUDA_VISIBLE_DEVICES: [0]
[I 2023-11-29 20:15:40,007] Trial 40 finished with value: 33.87123489379883 and parameters: {'gradient_clip_val': 0.20579673940130144, 'hidden_size': 40, 'dropout': 0.3797247370482676, 'hidden_continuous_size': 13, 'attention_head_size': 1, 'learning_rate': 0.03737522326815042}. Best is trial 21 with value: 24.735097885131836.
LOCAL_RANK: 0 - CUDA_VISIBLE_DEVICES: [0]
[I 2023-11-29 20:15:52,982] Trial 41 finished with value: 29.264307022094727 and parameters: {'gradient_clip_val': 0.2841466124737801, 'hidden_size': 26, 'dropout': 0.38213450484780204, 'hidden_continuous_size': 12, 'attention_head_size': 2, 'learning_rate': 0.021717656586235652}. Best is trial 21 with value: 24.735097885131836.
LOCAL_RANK: 0 - CUDA_VISIBLE_DEVICES: [0]
[I 2023-11-29 20:16:05,922] Trial 42 finished with value: 31.80278778076172 and parameters: {'gradient_clip_val': 0.2673057368874268, 'hidden_size': 30, 'dropout': 0.3899161054673366, 'hidden_continuous_size': 11, 'attention_head_size': 2, 'learning_rate': 0.026252700341562116}. Best is trial 21 with value: 24.735097885131836.
LOCAL_RANK: 0 - CUDA_VISIBLE_DEVICES: [0]
[I 2023-11-29 20:16:18,335] Trial 43 finished with value: 47.3586311340332 and parameters: {'gradient_clip_val': 0.3102137634553399, 'hidden_size': 24, 'dropout': 0.3627573301269533, 'hidden_continuous_size': 10, 'attention_head_size': 2, 'learning_rate': 0.01660045838995891}. Best is trial 21 with value: 24.735097885131836.
LOCAL_RANK: 0 - CUDA_VISIBLE_DEVICES: [0]
[I 2023-11-29 20:16:31,715] Trial 44 finished with value: 33.84769821166992 and parameters: {'gradient_clip_val': 0.24262037901709815, 'hidden_size': 39, 'dropout': 0.34285912302558746, 'hidden_continuous_size': 14, 'attention_head_size': 2, 'learning_rate': 0.026043832483168654}. Best is trial 21 with value: 24.735097885131836.
LOCAL_RANK: 0 - CUDA_VISIBLE_DEVICES: [0]
[I 2023-11-29 20:16:44,744] Trial 45 finished with value: 52.669795989990234 and parameters: {'gradient_clip_val': 0.2749963634858818, 'hidden_size': 22, 'dropout': 0.38633189019444325, 'hidden_continuous_size': 12, 'attention_head_size': 2, 'learning_rate': 0.010093448790031913}. Best is trial 21 with value: 24.735097885131836.
LOCAL_RANK: 0 - CUDA_VISIBLE_DEVICES: [0]
[I 2023-11-29 20:16:57,746] Trial 46 finished with value: 30.761655807495117 and parameters: {'gradient_clip_val': 0.22704991326112986, 'hidden_size': 27, 'dropout': 0.32375957789957543, 'hidden_continuous_size': 11, 'attention_head_size': 2, 'learning_rate': 0.013414281836071146}. Best is trial 21 with value: 24.735097885131836.
LOCAL_RANK: 0 - CUDA_VISIBLE_DEVICES: [0]
[I 2023-11-29 20:17:11,572] Trial 47 finished with value: 29.045028686523438 and parameters: {'gradient_clip_val': 0.3376169884119309, 'hidden_size': 46, 'dropout': 0.3984540959814247, 'hidden_continuous_size': 15, 'attention_head_size': 3, 'learning_rate': 0.033654181365603726}. Best is trial 21 with value: 24.735097885131836.
LOCAL_RANK: 0 - CUDA_VISIBLE_DEVICES: [0]
[I 2023-11-29 20:17:24,787] Trial 48 finished with value: 30.732513427734375 and parameters: {'gradient_clip_val': 0.41675967892349, 'hidden_size': 33, 'dropout': 0.30050421497274793, 'hidden_continuous_size': 12, 'attention_head_size': 1, 'learning_rate': 0.025279624882797048}. Best is trial 21 with value: 24.735097885131836.
LOCAL_RANK: 0 - CUDA_VISIBLE_DEVICES: [0]
[I 2023-11-29 20:17:38,313] Trial 49 finished with value: 31.895044326782227 and parameters: {'gradient_clip_val': 0.2593135951305068, 'hidden_size': 38, 'dropout': 0.36826472688957546, 'hidden_continuous_size': 13, 'attention_head_size': 4, 'learning_rate': 0.01776879142946744}. Best is trial 21 with value: 24.735097885131836.
LOCAL_RANK: 0 - CUDA_VISIBLE_DEVICES: [0]
[I 2023-11-29 20:17:51,018] Trial 50 finished with value: 64.21022033691406 and parameters: {'gradient_clip_val': 0.2943042958374394, 'hidden_size': 21, 'dropout': 0.3429725392030042, 'hidden_continuous_size': 10, 'attention_head_size': 2, 'learning_rate': 0.009391185635359482}. Best is trial 21 with value: 24.735097885131836.
LOCAL_RANK: 0 - CUDA_VISIBLE_DEVICES: [0]
[I 2023-11-29 20:18:04,174] Trial 51 finished with value: 29.17863655090332 and parameters: {'gradient_clip_val': 0.36827601853158687, 'hidden_size': 48, 'dropout': 0.3606284922755928, 'hidden_continuous_size': 15, 'attention_head_size': 1, 'learning_rate': 0.01689339284002872}. Best is trial 21 with value: 24.735097885131836.
LOCAL_RANK: 0 - CUDA_VISIBLE_DEVICES: [0]
[I 2023-11-29 20:18:17,797] Trial 52 finished with value: 31.837677001953125 and parameters: {'gradient_clip_val': 0.45574024300826693, 'hidden_size': 49, 'dropout': 0.35926303197571013, 'hidden_continuous_size': 11, 'attention_head_size': 1, 'learning_rate': 0.02065024032851883}. Best is trial 21 with value: 24.735097885131836.
LOCAL_RANK: 0 - CUDA_VISIBLE_DEVICES: [0]
[I 2023-11-29 20:18:30,826] Trial 53 finished with value: 31.76319694519043 and parameters: {'gradient_clip_val': 0.3413973445648099, 'hidden_size': 33, 'dropout': 0.3873502442397224, 'hidden_continuous_size': 10, 'attention_head_size': 1, 'learning_rate': 0.03034389935070037}. Best is trial 21 with value: 24.735097885131836.
LOCAL_RANK: 0 - CUDA_VISIBLE_DEVICES: [0]
[I 2023-11-29 20:18:44,316] Trial 54 finished with value: 28.988794326782227 and parameters: {'gradient_clip_val': 0.3958013853733376, 'hidden_size': 42, 'dropout': 0.3296214567348341, 'hidden_continuous_size': 13, 'attention_head_size': 1, 'learning_rate': 0.012959131135451179}. Best is trial 21 with value: 24.735097885131836.
LOCAL_RANK: 0 - CUDA_VISIBLE_DEVICES: [0]
[I 2023-11-29 20:18:58,108] Trial 55 finished with value: 33.90298843383789 and parameters: {'gradient_clip_val': 0.4662397698117067, 'hidden_size': 57, 'dropout': 0.3485962075218118, 'hidden_continuous_size': 17, 'attention_head_size': 1, 'learning_rate': 0.016987408845481982}. Best is trial 21 with value: 24.735097885131836.
LOCAL_RANK: 0 - CUDA_VISIBLE_DEVICES: [0]
[I 2023-11-29 20:19:11,050] Trial 56 finished with value: 29.806787490844727 and parameters: {'gradient_clip_val': 0.3556788408098485, 'hidden_size': 28, 'dropout': 0.3671880547256543, 'hidden_continuous_size': 11, 'attention_head_size': 2, 'learning_rate': 0.024544195628928248}. Best is trial 21 with value: 24.735097885131836.
LOCAL_RANK: 0 - CUDA_VISIBLE_DEVICES: [0]
