[I 2023-11-30 08:23:18,948] Trial 83 finished with value: 1660.6597900390625 and parameters: {'gradient_clip_val': 0.4388355115030987, 'hidden_size': 36, 'dropout': 0.39261373929517995, 'hidden_continuous_size': 26, 'attention_head_size': 3, 'learning_rate': 0.005833369865010936}. Best is trial 11 with value: 1007.5975952148438.
LOCAL_RANK: 0 - CUDA_VISIBLE_DEVICES: [0]
[I 2023-11-30 08:23:31,536] Trial 84 finished with value: 1063.1641845703125 and parameters: {'gradient_clip_val': 0.5079560343766746, 'hidden_size': 41, 'dropout': 0.3771588726332361, 'hidden_continuous_size': 29, 'attention_head_size': 3, 'learning_rate': 0.007391281957837109}. Best is trial 11 with value: 1007.5975952148438.
LOCAL_RANK: 0 - CUDA_VISIBLE_DEVICES: [0]
[I 2023-11-30 08:23:43,816] Trial 85 finished with value: 1474.640625 and parameters: {'gradient_clip_val': 0.501283596824712, 'hidden_size': 36, 'dropout': 0.3757919879340563, 'hidden_continuous_size': 30, 'attention_head_size': 3, 'learning_rate': 0.006742792408207775}. Best is trial 11 with value: 1007.5975952148438.
LOCAL_RANK: 0 - CUDA_VISIBLE_DEVICES: [0]
[I 2023-11-30 08:23:56,306] Trial 86 finished with value: 1280.6376953125 and parameters: {'gradient_clip_val': 0.562290431334239, 'hidden_size': 40, 'dropout': 0.39058404362534915, 'hidden_continuous_size': 32, 'attention_head_size': 3, 'learning_rate': 0.007519704989992558}. Best is trial 11 with value: 1007.5975952148438.
LOCAL_RANK: 0 - CUDA_VISIBLE_DEVICES: [0]
[I 2023-11-30 08:24:09,301] Trial 87 finished with value: 1416.3348388671875 and parameters: {'gradient_clip_val': 0.43859927776206403, 'hidden_size': 52, 'dropout': 0.3785420040471814, 'hidden_continuous_size': 36, 'attention_head_size': 3, 'learning_rate': 0.008946067201288098}. Best is trial 11 with value: 1007.5975952148438.
LOCAL_RANK: 0 - CUDA_VISIBLE_DEVICES: [0]
[I 2023-11-30 08:24:21,943] Trial 88 finished with value: 1147.8382568359375 and parameters: {'gradient_clip_val': 0.5326118306464909, 'hidden_size': 40, 'dropout': 0.36040799714646476, 'hidden_continuous_size': 30, 'attention_head_size': 4, 'learning_rate': 0.007846306689774374}. Best is trial 11 with value: 1007.5975952148438.
LOCAL_RANK: 0 - CUDA_VISIBLE_DEVICES: [0]
[I 2023-11-30 08:24:34,836] Trial 89 finished with value: 1076.1981201171875 and parameters: {'gradient_clip_val': 0.41124204166162154, 'hidden_size': 47, 'dropout': 0.36960454558679423, 'hidden_continuous_size': 33, 'attention_head_size': 3, 'learning_rate': 0.009999059696030946}. Best is trial 11 with value: 1007.5975952148438.
LOCAL_RANK: 0 - CUDA_VISIBLE_DEVICES: [0]
[I 2023-11-30 08:24:48,023] Trial 90 finished with value: 1242.0992431640625 and parameters: {'gradient_clip_val': 0.4102812495025462, 'hidden_size': 57, 'dropout': 0.39144259299752815, 'hidden_continuous_size': 35, 'attention_head_size': 3, 'learning_rate': 0.009734986823105373}. Best is trial 11 with value: 1007.5975952148438.
LOCAL_RANK: 0 - CUDA_VISIBLE_DEVICES: [0]
[I 2023-11-30 08:25:00,575] Trial 91 finished with value: 1291.8382568359375 and parameters: {'gradient_clip_val': 0.46574473712608006, 'hidden_size': 44, 'dropout': 0.373501265444383, 'hidden_continuous_size': 33, 'attention_head_size': 3, 'learning_rate': 0.006395198680602067}. Best is trial 11 with value: 1007.5975952148438.
LOCAL_RANK: 0 - CUDA_VISIBLE_DEVICES: [0]
[I 2023-11-30 08:25:13,289] Trial 92 finished with value: 1019.4275512695312 and parameters: {'gradient_clip_val': 0.3745208448186276, 'hidden_size': 47, 'dropout': 0.36592752302509374, 'hidden_continuous_size': 32, 'attention_head_size': 3, 'learning_rate': 0.007075881342312226}. Best is trial 11 with value: 1007.5975952148438.
LOCAL_RANK: 0 - CUDA_VISIBLE_DEVICES: [0]
[I 2023-11-30 08:25:26,449] Trial 93 finished with value: 1227.68994140625 and parameters: {'gradient_clip_val': 0.36992356699897777, 'hidden_size': 50, 'dropout': 0.35610913921900034, 'hidden_continuous_size': 32, 'attention_head_size': 3, 'learning_rate': 0.004757248156980727}. Best is trial 11 with value: 1007.5975952148438.
LOCAL_RANK: 0 - CUDA_VISIBLE_DEVICES: [0]
[I 2023-11-30 08:25:38,985] Trial 94 finished with value: 1208.45263671875 and parameters: {'gradient_clip_val': 0.3482568051804497, 'hidden_size': 42, 'dropout': 0.36920616055604716, 'hidden_continuous_size': 29, 'attention_head_size': 3, 'learning_rate': 0.00840400147434423}. Best is trial 11 with value: 1007.5975952148438.
LOCAL_RANK: 0 - CUDA_VISIBLE_DEVICES: [0]
[I 2023-11-30 08:25:51,836] Trial 95 finished with value: 1168.2828369140625 and parameters: {'gradient_clip_val': 0.39022343164925305, 'hidden_size': 47, 'dropout': 0.38203403447532763, 'hidden_continuous_size': 34, 'attention_head_size': 3, 'learning_rate': 0.0069593477121441556}. Best is trial 11 with value: 1007.5975952148438.
LOCAL_RANK: 0 - CUDA_VISIBLE_DEVICES: [0]
[I 2023-11-30 08:26:04,545] Trial 96 finished with value: 1350.4332275390625 and parameters: {'gradient_clip_val': 0.41398400170508876, 'hidden_size': 52, 'dropout': 0.39913362872653707, 'hidden_continuous_size': 32, 'attention_head_size': 3, 'learning_rate': 0.01085300778675664}. Best is trial 11 with value: 1007.5975952148438.
LOCAL_RANK: 0 - CUDA_VISIBLE_DEVICES: [0]
[I 2023-11-30 08:26:17,445] Trial 97 finished with value: 1618.89990234375 and parameters: {'gradient_clip_val': 0.38120074747130755, 'hidden_size': 49, 'dropout': 0.3462849658280102, 'hidden_continuous_size': 31, 'attention_head_size': 3, 'learning_rate': 0.009371248212169067}. Best is trial 11 with value: 1007.5975952148438.
LOCAL_RANK: 0 - CUDA_VISIBLE_DEVICES: [0]
[I 2023-11-30 08:26:30,694] Trial 98 finished with value: 1311.0736083984375 and parameters: {'gradient_clip_val': 0.43013689837841124, 'hidden_size': 55, 'dropout': 0.325200580284389, 'hidden_continuous_size': 37, 'attention_head_size': 3, 'learning_rate': 0.005795973853617268}. Best is trial 11 with value: 1007.5975952148438.
LOCAL_RANK: 0 - CUDA_VISIBLE_DEVICES: [0]
[I 2023-11-30 08:26:43,374] Trial 99 finished with value: 1142.0447998046875 and parameters: {'gradient_clip_val': 0.3202596458756697, 'hidden_size': 43, 'dropout': 0.3364377126041371, 'hidden_continuous_size': 27, 'attention_head_size': 3, 'learning_rate': 0.006963275411506267}. Best is trial 11 with value: 1007.5975952148438.
LOCAL_RANK: 0 - CUDA_VISIBLE_DEVICES: [0]
[I 2023-11-30 08:26:56,101] Trial 100 finished with value: 1440.2227783203125 and parameters: {'gradient_clip_val': 0.4989072995800803, 'hidden_size': 46, 'dropout': 0.359911635295709, 'hidden_continuous_size': 29, 'attention_head_size': 3, 'learning_rate': 0.007931816758347828}. Best is trial 11 with value: 1007.5975952148438.
LOCAL_RANK: 0 - CUDA_VISIBLE_DEVICES: [0]
[I 2023-11-30 08:27:08,597] Trial 101 finished with value: 1834.8287353515625 and parameters: {'gradient_clip_val': 0.45255062224495507, 'hidden_size': 39, 'dropout': 0.36885527086322945, 'hidden_continuous_size': 21, 'attention_head_size': 3, 'learning_rate': 0.006044466684643328}. Best is trial 11 with value: 1007.5975952148438.
LOCAL_RANK: 0 - CUDA_VISIBLE_DEVICES: [0]
[I 2023-11-30 08:27:21,190] Trial 102 finished with value: 1163.32958984375 and parameters: {'gradient_clip_val': 0.5310972898800487, 'hidden_size': 42, 'dropout': 0.36374182889465156, 'hidden_continuous_size': 30, 'attention_head_size': 3, 'learning_rate': 0.009109517407789657}. Best is trial 11 with value: 1007.5975952148438.
LOCAL_RANK: 0 - CUDA_VISIBLE_DEVICES: [0]
[I 2023-11-30 08:27:34,102] Trial 103 finished with value: 1182.1796875 and parameters: {'gradient_clip_val': 0.4091958736953406, 'hidden_size': 47, 'dropout': 0.35167735447170095, 'hidden_continuous_size': 33, 'attention_head_size': 3, 'learning_rate': 0.00828347566168468}. Best is trial 11 with value: 1007.5975952148438.
LOCAL_RANK: 0 - CUDA_VISIBLE_DEVICES: [0]
[I 2023-11-30 08:27:47,069] Trial 104 finished with value: 1129.3275146484375 and parameters: {'gradient_clip_val': 0.5060107122350546, 'hidden_size': 52, 'dropout': 0.3805080950576488, 'hidden_continuous_size': 35, 'attention_head_size': 4, 'learning_rate': 0.007307327386774407}. Best is trial 11 with value: 1007.5975952148438.
LOCAL_RANK: 0 - CUDA_VISIBLE_DEVICES: [0]
[I 2023-11-30 08:28:00,180] Trial 105 finished with value: 1602.9710693359375 and parameters: {'gradient_clip_val': 0.46412882643077086, 'hidden_size': 60, 'dropout': 0.3892362340333004, 'hidden_continuous_size': 41, 'attention_head_size': 4, 'learning_rate': 0.010404293522303853}. Best is trial 11 with value: 1007.5975952148438.
LOCAL_RANK: 0 - CUDA_VISIBLE_DEVICES: [0]
[I 2023-11-30 08:28:13,218] Trial 106 finished with value: 1211.640625 and parameters: {'gradient_clip_val': 0.5019207843536858, 'hidden_size': 51, 'dropout': 0.37510697074882, 'hidden_continuous_size': 31, 'attention_head_size': 4, 'learning_rate': 0.007199575891014446}. Best is trial 11 with value: 1007.5975952148438.
LOCAL_RANK: 0 - CUDA_VISIBLE_DEVICES: [0]
[I 2023-11-30 08:28:26,379] Trial 107 finished with value: 1243.69189453125 and parameters: {'gradient_clip_val': 0.4323880369249863, 'hidden_size': 53, 'dropout': 0.3829519840032115, 'hidden_continuous_size': 34, 'attention_head_size': 4, 'learning_rate': 0.006442963425142867}. Best is trial 11 with value: 1007.5975952148438.
LOCAL_RANK: 0 - CUDA_VISIBLE_DEVICES: [0]
[I 2023-11-30 08:28:39,273] Trial 108 finished with value: 1464.3255615234375 and parameters: {'gradient_clip_val': 0.39753093642696236, 'hidden_size': 42, 'dropout': 0.37924516316086193, 'hidden_continuous_size': 35, 'attention_head_size': 4, 'learning_rate': 0.00491855073939323}. Best is trial 11 with value: 1007.5975952148438.
LOCAL_RANK: 0 - CUDA_VISIBLE_DEVICES: [0]
[I 2023-11-30 08:28:52,160] Trial 109 finished with value: 1344.12744140625 and parameters: {'gradient_clip_val': 0.5155119216907901, 'hidden_size': 47, 'dropout': 0.394288246325891, 'hidden_continuous_size': 33, 'attention_head_size': 4, 'learning_rate': 0.005515726469706661}. Best is trial 11 with value: 1007.5975952148438.
LOCAL_RANK: 0 - CUDA_VISIBLE_DEVICES: [0]
[I 2023-11-30 08:29:04,671] Trial 110 finished with value: 1860.5953369140625 and parameters: {'gradient_clip_val': 0.54728512047755, 'hidden_size': 37, 'dropout': 0.34641665699818736, 'hidden_continuous_size': 30, 'attention_head_size': 3, 'learning_rate': 0.00456413173695419}. Best is trial 11 with value: 1007.5975952148438.
LOCAL_RANK: 0 - CUDA_VISIBLE_DEVICES: [0]
[I 2023-11-30 08:29:17,217] Trial 111 finished with value: 1103.1561279296875 and parameters: {'gradient_clip_val': 0.5864172077877261, 'hidden_size': 49, 'dropout': 0.3672672270457894, 'hidden_continuous_size': 13, 'attention_head_size': 3, 'learning_rate': 0.007419409778068216}. Best is trial 11 with value: 1007.5975952148438.
LOCAL_RANK: 0 - CUDA_VISIBLE_DEVICES: [0]
[I 2023-11-30 08:29:29,721] Trial 112 finished with value: 1415.2828369140625 and parameters: {'gradient_clip_val': 0.6008631348577838, 'hidden_size': 44, 'dropout': 0.35649350157096815, 'hidden_continuous_size': 13, 'attention_head_size': 3, 'learning_rate': 0.008783827983490615}. Best is trial 11 with value: 1007.5975952148438.
LOCAL_RANK: 0 - CUDA_VISIBLE_DEVICES: [0]
[I 2023-11-30 08:29:42,322] Trial 113 finished with value: 1121.47705078125 and parameters: {'gradient_clip_val': 0.4686652994707013, 'hidden_size': 49, 'dropout': 0.36907567072912933, 'hidden_continuous_size': 28, 'attention_head_size': 3, 'learning_rate': 0.007368315436071944}. Best is trial 11 with value: 1007.5975952148438.
LOCAL_RANK: 0 - CUDA_VISIBLE_DEVICES: [0]
[I 2023-11-30 08:29:55,101] Trial 114 finished with value: 1575.0469970703125 and parameters: {'gradient_clip_val': 0.48884363929134717, 'hidden_size': 55, 'dropout': 0.37046530765877067, 'hidden_continuous_size': 11, 'attention_head_size': 3, 'learning_rate': 0.006274761304241565}. Best is trial 11 with value: 1007.5975952148438.
LOCAL_RANK: 0 - CUDA_VISIBLE_DEVICES: [0]
[I 2023-11-30 08:30:07,802] Trial 115 finished with value: 1233.3564453125 and parameters: {'gradient_clip_val': 0.6077149077970238, 'hidden_size': 49, 'dropout': 0.3640695362455294, 'hidden_continuous_size': 28, 'attention_head_size': 3, 'learning_rate': 0.009963955808088723}. Best is trial 11 with value: 1007.5975952148438.
LOCAL_RANK: 0 - CUDA_VISIBLE_DEVICES: [0]
[I 2023-11-30 08:30:20,559] Trial 116 finished with value: 1142.9317626953125 and parameters: {'gradient_clip_val': 0.55084729055059, 'hidden_size': 62, 'dropout': 0.3488784361204285, 'hidden_continuous_size': 12, 'attention_head_size': 3, 'learning_rate': 0.0075492111176195175}. Best is trial 11 with value: 1007.5975952148438.
LOCAL_RANK: 0 - CUDA_VISIBLE_DEVICES: [0]
[I 2023-11-30 08:30:33,762] Trial 117 finished with value: 1253.8553466796875 and parameters: {'gradient_clip_val': 0.4698567808080089, 'hidden_size': 58, 'dropout': 0.33516072665367724, 'hidden_continuous_size': 36, 'attention_head_size': 3, 'learning_rate': 0.0070631077699501495}. Best is trial 11 with value: 1007.5975952148438.
LOCAL_RANK: 0 - CUDA_VISIBLE_DEVICES: [0]
[I 2023-11-30 08:30:46,494] Trial 118 finished with value: 1364.178955078125 and parameters: {'gradient_clip_val': 0.42638724800365224, 'hidden_size': 40, 'dropout': 0.3582346015208739, 'hidden_continuous_size': 29, 'attention_head_size': 4, 'learning_rate': 0.011744890868945812}. Best is trial 11 with value: 1007.5975952148438.
LOCAL_RANK: 0 - CUDA_VISIBLE_DEVICES: [0]
[I 2023-11-30 08:30:59,303] Trial 119 finished with value: 1320.9869384765625 and parameters: {'gradient_clip_val': 0.5235770333744393, 'hidden_size': 50, 'dropout': 0.3290500036835119, 'hidden_continuous_size': 27, 'attention_head_size': 3, 'learning_rate': 0.0054095923180336285}. Best is trial 11 with value: 1007.5975952148438.
LOCAL_RANK: 0 - CUDA_VISIBLE_DEVICES: [0]
[I 2023-11-30 08:31:12,384] Trial 120 finished with value: 1342.1292724609375 and parameters: {'gradient_clip_val': 0.5838865728651024, 'hidden_size': 54, 'dropout': 0.3422944454361067, 'hidden_continuous_size': 32, 'attention_head_size': 3, 'learning_rate': 0.005733510212649553}. Best is trial 11 with value: 1007.5975952148438.
LOCAL_RANK: 0 - CUDA_VISIBLE_DEVICES: [0]
[I 2023-11-30 08:31:25,098] Trial 121 finished with value: 1183.8834228515625 and parameters: {'gradient_clip_val': 0.4584945351425443, 'hidden_size': 46, 'dropout': 0.38529119390131655, 'hidden_continuous_size': 31, 'attention_head_size': 3, 'learning_rate': 0.007955155526362511}. Best is trial 11 with value: 1007.5975952148438.
LOCAL_RANK: 0 - CUDA_VISIBLE_DEVICES: [0]
[I 2023-11-30 08:31:37,744] Trial 122 finished with value: 1224.6192626953125 and parameters: {'gradient_clip_val': 0.4477058085839276, 'hidden_size': 43, 'dropout': 0.3737362897884653, 'hidden_continuous_size': 30, 'attention_head_size': 3, 'learning_rate': 0.006743980325631561}. Best is trial 11 with value: 1007.5975952148438.
LOCAL_RANK: 0 - CUDA_VISIBLE_DEVICES: [0]
[I 2023-11-30 08:31:50,489] Trial 123 finished with value: 1118.5181884765625 and parameters: {'gradient_clip_val': 0.482230756179373, 'hidden_size': 39, 'dropout': 0.36646122920313234, 'hidden_continuous_size': 32, 'attention_head_size': 3, 'learning_rate': 0.008745535803192438}. Best is trial 11 with value: 1007.5975952148438.
LOCAL_RANK: 0 - CUDA_VISIBLE_DEVICES: [0]
[I 2023-11-30 08:32:03,032] Trial 124 finished with value: 1058.60302734375 and parameters: {'gradient_clip_val': 0.485066243359677, 'hidden_size': 34, 'dropout': 0.35227808546414974, 'hidden_continuous_size': 28, 'attention_head_size': 3, 'learning_rate': 0.00862187940355741}. Best is trial 11 with value: 1007.5975952148438.
LOCAL_RANK: 0 - CUDA_VISIBLE_DEVICES: [0]
[I 2023-11-30 08:32:15,422] Trial 125 finished with value: 1175.6114501953125 and parameters: {'gradient_clip_val': 0.48332273245810803, 'hidden_size': 34, 'dropout': 0.35135270640746225, 'hidden_continuous_size': 26, 'attention_head_size': 3, 'learning_rate': 0.009230689258701822}. Best is trial 11 with value: 1007.5975952148438.
LOCAL_RANK: 0 - CUDA_VISIBLE_DEVICES: [0]
[I 2023-11-30 08:32:27,868] Trial 126 finished with value: 1195.93359375 and parameters: {'gradient_clip_val': 0.37313092585533236, 'hidden_size': 31, 'dropout': 0.3601060080086288, 'hidden_continuous_size': 28, 'attention_head_size': 3, 'learning_rate': 0.010766455228535305}. Best is trial 11 with value: 1007.5975952148438.
LOCAL_RANK: 0 - CUDA_VISIBLE_DEVICES: [0]
[I 2023-11-30 08:32:40,507] Trial 127 finished with value: 1157.564697265625 and parameters: {'gradient_clip_val': 0.41759644234643056, 'hidden_size': 38, 'dropout': 0.3404099195574965, 'hidden_continuous_size': 29, 'attention_head_size': 3, 'learning_rate': 0.00864885317469367}. Best is trial 11 with value: 1007.5975952148438.
LOCAL_RANK: 0 - CUDA_VISIBLE_DEVICES: [0]
[I 2023-11-30 08:32:52,794] Trial 128 finished with value: 1248.2547607421875 and parameters: {'gradient_clip_val': 0.5525723367077494, 'hidden_size': 40, 'dropout': 0.3676925959562358, 'hidden_continuous_size': 26, 'attention_head_size': 3, 'learning_rate': 0.009980736126875885}. Best is trial 11 with value: 1007.5975952148438.
LOCAL_RANK: 0 - CUDA_VISIBLE_DEVICES: [0]
[I 2023-11-30 08:33:05,301] Trial 129 finished with value: 1182.7144775390625 and parameters: {'gradient_clip_val': 0.3589510030882868, 'hidden_size': 35, 'dropout': 0.35366555256915677, 'hidden_continuous_size': 28, 'attention_head_size': 3, 'learning_rate': 0.00614060935145266}. Best is trial 11 with value: 1007.5975952148438.
LOCAL_RANK: 0 - CUDA_VISIBLE_DEVICES: [0]
[I 2023-11-30 08:33:17,681] Trial 130 finished with value: 1223.2037353515625 and parameters: {'gradient_clip_val': 0.3966655299246692, 'hidden_size': 33, 'dropout': 0.36622280459839945, 'hidden_continuous_size': 27, 'attention_head_size': 1, 'learning_rate': 0.012018823513235041}. Best is trial 11 with value: 1007.5975952148438.
LOCAL_RANK: 0 - CUDA_VISIBLE_DEVICES: [0]
[I 2023-11-30 08:33:30,499] Trial 131 finished with value: 1120.60546875 and parameters: {'gradient_clip_val': 0.4984393285084831, 'hidden_size': 48, 'dropout': 0.37994228169875305, 'hidden_continuous_size': 35, 'attention_head_size': 3, 'learning_rate': 0.007611963988817308}. Best is trial 11 with value: 1007.5975952148438.
LOCAL_RANK: 0 - CUDA_VISIBLE_DEVICES: [0]
[I 2023-11-30 08:33:43,235] Trial 132 finished with value: 1147.4329833984375 and parameters: {'gradient_clip_val': 0.47416088664381806, 'hidden_size': 48, 'dropout': 0.37349011660172227, 'hidden_continuous_size': 32, 'attention_head_size': 3, 'learning_rate': 0.008236731229430116}. Best is trial 11 with value: 1007.5975952148438.
LOCAL_RANK: 0 - CUDA_VISIBLE_DEVICES: [0]
[I 2023-11-30 08:33:55,706] Trial 133 finished with value: 1321.171630859375 and parameters: {'gradient_clip_val': 0.4346555034727782, 'hidden_size': 38, 'dropout': 0.34647720476949095, 'hidden_continuous_size': 31, 'attention_head_size': 3, 'learning_rate': 0.006590843484691913}. Best is trial 11 with value: 1007.5975952148438.
LOCAL_RANK: 0 - CUDA_VISIBLE_DEVICES: [0]
[I 2023-11-30 08:34:08,382] Trial 134 finished with value: 1137.7017822265625 and parameters: {'gradient_clip_val': 0.5258296746622934, 'hidden_size': 41, 'dropout': 0.358775275959709, 'hidden_continuous_size': 33, 'attention_head_size': 3, 'learning_rate': 0.007420609064542403}. Best is trial 11 with value: 1007.5975952148438.
LOCAL_RANK: 0 - CUDA_VISIBLE_DEVICES: [0]
[I 2023-11-30 08:34:21,565] Trial 135 finished with value: 1689.3336181640625 and parameters: {'gradient_clip_val': 0.49242487571325516, 'hidden_size': 57, 'dropout': 0.3373802414824071, 'hidden_continuous_size': 37, 'attention_head_size': 3, 'learning_rate': 0.013281401818116025}. Best is trial 11 with value: 1007.5975952148438.
LOCAL_RANK: 0 - CUDA_VISIBLE_DEVICES: [0]
[I 2023-11-30 08:34:34,589] Trial 136 finished with value: 1373.5355224609375 and parameters: {'gradient_clip_val': 0.5598980046629244, 'hidden_size': 49, 'dropout': 0.3526806543096487, 'hidden_continuous_size': 34, 'attention_head_size': 3, 'learning_rate': 0.008582348087100263}. Best is trial 11 with value: 1007.5975952148438.
LOCAL_RANK: 0 - CUDA_VISIBLE_DEVICES: [0]
[I 2023-11-30 08:34:47,382] Trial 137 finished with value: 1188.080810546875 and parameters: {'gradient_clip_val': 0.19040867304797918, 'hidden_size': 45, 'dropout': 0.3653675516419327, 'hidden_continuous_size': 31, 'attention_head_size': 3, 'learning_rate': 0.009200478574346273}. Best is trial 11 with value: 1007.5975952148438.
LOCAL_RANK: 0 - CUDA_VISIBLE_DEVICES: [0]
[I 2023-11-30 08:34:59,784] Trial 138 finished with value: 1087.1343994140625 and parameters: {'gradient_clip_val': 0.44661470386481744, 'hidden_size': 36, 'dropout': 0.3785240901560027, 'hidden_continuous_size': 29, 'attention_head_size': 3, 'learning_rate': 0.006080803753512499}. Best is trial 11 with value: 1007.5975952148438.
LOCAL_RANK: 0 - CUDA_VISIBLE_DEVICES: [0]
[I 2023-11-30 08:35:12,036] Trial 139 finished with value: 1453.63427734375 and parameters: {'gradient_clip_val': 0.5155223542058961, 'hidden_size': 36, 'dropout': 0.37839825536043054, 'hidden_continuous_size': 29, 'attention_head_size': 3, 'learning_rate': 0.0060060040359152704}. Best is trial 11 with value: 1007.5975952148438.
LOCAL_RANK: 0 - CUDA_VISIBLE_DEVICES: [0]
[I 2023-11-30 08:35:24,275] Trial 140 finished with value: 1842.6702880859375 and parameters: {'gradient_clip_val': 0.4415409437188968, 'hidden_size': 29, 'dropout': 0.3837883795405654, 'hidden_continuous_size': 14, 'attention_head_size': 3, 'learning_rate': 0.0069652679149568445}. Best is trial 11 with value: 1007.5975952148438.
LOCAL_RANK: 0 - CUDA_VISIBLE_DEVICES: [0]
[I 2023-11-30 08:35:36,800] Trial 141 finished with value: 1416.4449462890625 and parameters: {'gradient_clip_val': 0.4799329327866203, 'hidden_size': 38, 'dropout': 0.3753344230392927, 'hidden_continuous_size': 32, 'attention_head_size': 3, 'learning_rate': 0.005112113627043949}. Best is trial 11 with value: 1007.5975952148438.
LOCAL_RANK: 0 - CUDA_VISIBLE_DEVICES: [0]
