[I 2023-11-29 20:59:25,680] Trial 84 finished with value: 247.0383758544922 and parameters: {'gradient_clip_val': 0.10620414523185667, 'hidden_size': 115, 'dropout': 0.378595367627736, 'hidden_continuous_size': 12, 'attention_head_size': 4, 'learning_rate': 0.00590012036056765}. Best is trial 84 with value: 247.0383758544922.
LOCAL_RANK: 0 - CUDA_VISIBLE_DEVICES: [0]
[I 2023-11-29 20:59:40,089] Trial 85 finished with value: 302.1408996582031 and parameters: {'gradient_clip_val': 0.10922759366641781, 'hidden_size': 118, 'dropout': 0.38018343497766094, 'hidden_continuous_size': 11, 'attention_head_size': 4, 'learning_rate': 0.00405277341064909}. Best is trial 84 with value: 247.0383758544922.
LOCAL_RANK: 0 - CUDA_VISIBLE_DEVICES: [0]
[I 2023-11-29 20:59:54,393] Trial 86 finished with value: 247.416015625 and parameters: {'gradient_clip_val': 0.10551825006926722, 'hidden_size': 128, 'dropout': 0.3464152451751498, 'hidden_continuous_size': 10, 'attention_head_size': 4, 'learning_rate': 0.005821116740890577}. Best is trial 84 with value: 247.0383758544922.
LOCAL_RANK: 0 - CUDA_VISIBLE_DEVICES: [0]
[I 2023-11-29 21:00:08,618] Trial 87 finished with value: 313.2395935058594 and parameters: {'gradient_clip_val': 0.10619280968619704, 'hidden_size': 115, 'dropout': 0.3456402945208344, 'hidden_continuous_size': 10, 'attention_head_size': 4, 'learning_rate': 0.006156150788343149}. Best is trial 84 with value: 247.0383758544922.
LOCAL_RANK: 0 - CUDA_VISIBLE_DEVICES: [0]
[I 2023-11-29 21:00:23,307] Trial 88 finished with value: 311.5804443359375 and parameters: {'gradient_clip_val': 0.11453511177610833, 'hidden_size': 130, 'dropout': 0.33436903991969863, 'hidden_continuous_size': 12, 'attention_head_size': 4, 'learning_rate': 0.00507441377229373}. Best is trial 84 with value: 247.0383758544922.
LOCAL_RANK: 0 - CUDA_VISIBLE_DEVICES: [0]
[I 2023-11-29 21:00:37,847] Trial 89 finished with value: 302.8457946777344 and parameters: {'gradient_clip_val': 0.10435523120931904, 'hidden_size': 130, 'dropout': 0.3607406332075676, 'hidden_continuous_size': 10, 'attention_head_size': 4, 'learning_rate': 0.005769290631626649}. Best is trial 84 with value: 247.0383758544922.
LOCAL_RANK: 0 - CUDA_VISIBLE_DEVICES: [0]
[I 2023-11-29 21:00:52,235] Trial 90 finished with value: 277.27520751953125 and parameters: {'gradient_clip_val': 0.13289760044124446, 'hidden_size': 102, 'dropout': 0.350040928995774, 'hidden_continuous_size': 12, 'attention_head_size': 4, 'learning_rate': 0.003718533877275325}. Best is trial 84 with value: 247.0383758544922.
LOCAL_RANK: 0 - CUDA_VISIBLE_DEVICES: [0]
[I 2023-11-29 21:01:06,592] Trial 91 finished with value: 292.2761535644531 and parameters: {'gradient_clip_val': 0.1282726947880995, 'hidden_size': 106, 'dropout': 0.3509253485271679, 'hidden_continuous_size': 12, 'attention_head_size': 4, 'learning_rate': 0.003780795111951665}. Best is trial 84 with value: 247.0383758544922.
LOCAL_RANK: 0 - CUDA_VISIBLE_DEVICES: [0]
[I 2023-11-29 21:01:20,766] Trial 92 finished with value: 299.9103088378906 and parameters: {'gradient_clip_val': 0.12494168818135348, 'hidden_size': 101, 'dropout': 0.3584694037773377, 'hidden_continuous_size': 11, 'attention_head_size': 4, 'learning_rate': 0.004409073617888624}. Best is trial 84 with value: 247.0383758544922.
LOCAL_RANK: 0 - CUDA_VISIBLE_DEVICES: [0]
[I 2023-11-29 21:01:35,116] Trial 93 finished with value: 302.2486877441406 and parameters: {'gradient_clip_val': 0.13986451379805057, 'hidden_size': 115, 'dropout': 0.3414599184864766, 'hidden_continuous_size': 12, 'attention_head_size': 4, 'learning_rate': 0.006940687591866769}. Best is trial 84 with value: 247.0383758544922.
LOCAL_RANK: 0 - CUDA_VISIBLE_DEVICES: [0]
[I 2023-11-29 21:01:49,883] Trial 94 finished with value: 325.8774108886719 and parameters: {'gradient_clip_val': 0.1081287455465473, 'hidden_size': 142, 'dropout': 0.394084628545307, 'hidden_continuous_size': 10, 'attention_head_size': 4, 'learning_rate': 0.004818212241483171}. Best is trial 84 with value: 247.0383758544922.
LOCAL_RANK: 0 - CUDA_VISIBLE_DEVICES: [0]
[I 2023-11-29 21:02:03,833] Trial 95 finished with value: 300.65924072265625 and parameters: {'gradient_clip_val': 0.1317796922858222, 'hidden_size': 96, 'dropout': 0.3860310689457134, 'hidden_continuous_size': 13, 'attention_head_size': 4, 'learning_rate': 0.0036947750109063916}. Best is trial 84 with value: 247.0383758544922.
LOCAL_RANK: 0 - CUDA_VISIBLE_DEVICES: [0]
[I 2023-11-29 21:02:18,257] Trial 96 finished with value: 307.4412841796875 and parameters: {'gradient_clip_val': 0.1151652567947582, 'hidden_size': 125, 'dropout': 0.3498466608603249, 'hidden_continuous_size': 11, 'attention_head_size': 4, 'learning_rate': 0.005662951349719523}. Best is trial 84 with value: 247.0383758544922.
LOCAL_RANK: 0 - CUDA_VISIBLE_DEVICES: [0]
[I 2023-11-29 21:02:32,828] Trial 97 finished with value: 311.4938659667969 and parameters: {'gradient_clip_val': 0.14174909827677856, 'hidden_size': 111, 'dropout': 0.367440528845309, 'hidden_continuous_size': 14, 'attention_head_size': 4, 'learning_rate': 0.004659007602189677}. Best is trial 84 with value: 247.0383758544922.
LOCAL_RANK: 0 - CUDA_VISIBLE_DEVICES: [0]
[I 2023-11-29 21:02:46,988] Trial 98 finished with value: 320.1282958984375 and parameters: {'gradient_clip_val': 0.12262952557870564, 'hidden_size': 104, 'dropout': 0.3636455840996993, 'hidden_continuous_size': 13, 'attention_head_size': 4, 'learning_rate': 0.006404770434385311}. Best is trial 84 with value: 247.0383758544922.
LOCAL_RANK: 0 - CUDA_VISIBLE_DEVICES: [0]
[I 2023-11-29 21:03:01,185] Trial 99 finished with value: 303.3877868652344 and parameters: {'gradient_clip_val': 0.1130663565580991, 'hidden_size': 94, 'dropout': 0.33882874206830554, 'hidden_continuous_size': 12, 'attention_head_size': 4, 'learning_rate': 0.005064460341323695}. Best is trial 84 with value: 247.0383758544922.
LOCAL_RANK: 0 - CUDA_VISIBLE_DEVICES: [0]
[I 2023-11-29 21:03:15,658] Trial 100 finished with value: 283.3704833984375 and parameters: {'gradient_clip_val': 0.1046109314683101, 'hidden_size': 136, 'dropout': 0.3749927855123366, 'hidden_continuous_size': 11, 'attention_head_size': 4, 'learning_rate': 0.00416548744283161}. Best is trial 84 with value: 247.0383758544922.
LOCAL_RANK: 0 - CUDA_VISIBLE_DEVICES: [0]
[I 2023-11-29 21:03:29,803] Trial 101 finished with value: 326.8584899902344 and parameters: {'gradient_clip_val': 0.10024969417654593, 'hidden_size': 124, 'dropout': 0.3985253105329387, 'hidden_continuous_size': 10, 'attention_head_size': 4, 'learning_rate': 0.004205820836383354}. Best is trial 84 with value: 247.0383758544922.
LOCAL_RANK: 0 - CUDA_VISIBLE_DEVICES: [0]
[I 2023-11-29 21:03:44,669] Trial 102 finished with value: 294.3677673339844 and parameters: {'gradient_clip_val': 0.1078537943494241, 'hidden_size': 134, 'dropout': 0.3784203667006548, 'hidden_continuous_size': 11, 'attention_head_size': 4, 'learning_rate': 0.003543937529212034}. Best is trial 84 with value: 247.0383758544922.
LOCAL_RANK: 0 - CUDA_VISIBLE_DEVICES: [0]
[I 2023-11-29 21:03:58,958] Trial 103 finished with value: 300.3401794433594 and parameters: {'gradient_clip_val': 0.1316590885561093, 'hidden_size': 116, 'dropout': 0.3745804093660848, 'hidden_continuous_size': 12, 'attention_head_size': 4, 'learning_rate': 0.007169648855150746}. Best is trial 84 with value: 247.0383758544922.
LOCAL_RANK: 0 - CUDA_VISIBLE_DEVICES: [0]
[I 2023-11-29 21:04:13,897] Trial 104 finished with value: 326.0802917480469 and parameters: {'gradient_clip_val': 0.11884338950124694, 'hidden_size': 150, 'dropout': 0.3880935015319299, 'hidden_continuous_size': 16, 'attention_head_size': 4, 'learning_rate': 0.005502561966242374}. Best is trial 84 with value: 247.0383758544922.
LOCAL_RANK: 0 - CUDA_VISIBLE_DEVICES: [0]
[I 2023-11-29 21:04:27,992] Trial 105 finished with value: 296.06787109375 and parameters: {'gradient_clip_val': 0.12606602222943386, 'hidden_size': 112, 'dropout': 0.3596691039678335, 'hidden_continuous_size': 13, 'attention_head_size': 4, 'learning_rate': 0.004383808746420728}. Best is trial 84 with value: 247.0383758544922.
LOCAL_RANK: 0 - CUDA_VISIBLE_DEVICES: [0]
[I 2023-11-29 21:04:42,452] Trial 106 finished with value: 318.446533203125 and parameters: {'gradient_clip_val': 0.10314686221719604, 'hidden_size': 122, 'dropout': 0.3548345630317317, 'hidden_continuous_size': 15, 'attention_head_size': 4, 'learning_rate': 0.006069664301144629}. Best is trial 84 with value: 247.0383758544922.
LOCAL_RANK: 0 - CUDA_VISIBLE_DEVICES: [0]
[I 2023-11-29 21:04:56,912] Trial 107 finished with value: 455.5663146972656 and parameters: {'gradient_clip_val': 0.10902713459331059, 'hidden_size': 101, 'dropout': 0.36771449820059776, 'hidden_continuous_size': 14, 'attention_head_size': 4, 'learning_rate': 0.004077106512159173}. Best is trial 84 with value: 247.0383758544922.
LOCAL_RANK: 0 - CUDA_VISIBLE_DEVICES: [0]
[I 2023-11-29 21:05:11,881] Trial 108 finished with value: 299.7000427246094 and parameters: {'gradient_clip_val': 0.1160800400773106, 'hidden_size': 138, 'dropout': 0.38618138012411846, 'hidden_continuous_size': 16, 'attention_head_size': 4, 'learning_rate': 0.0033354140546541095}. Best is trial 84 with value: 247.0383758544922.
LOCAL_RANK: 0 - CUDA_VISIBLE_DEVICES: [0]
[I 2023-11-29 21:05:25,923] Trial 109 finished with value: 282.7080993652344 and parameters: {'gradient_clip_val': 0.1362002327123884, 'hidden_size': 108, 'dropout': 0.3331775371424909, 'hidden_continuous_size': 11, 'attention_head_size': 4, 'learning_rate': 0.007970125905998403}. Best is trial 84 with value: 247.0383758544922.
LOCAL_RANK: 0 - CUDA_VISIBLE_DEVICES: [0]
[I 2023-11-29 21:05:40,041] Trial 110 finished with value: 320.6462707519531 and parameters: {'gradient_clip_val': 0.13772852551923187, 'hidden_size': 110, 'dropout': 0.3327756046339694, 'hidden_continuous_size': 10, 'attention_head_size': 4, 'learning_rate': 0.005212334582427252}. Best is trial 84 with value: 247.0383758544922.
LOCAL_RANK: 0 - CUDA_VISIBLE_DEVICES: [0]
[I 2023-11-29 21:05:54,858] Trial 111 finished with value: 323.7138977050781 and parameters: {'gradient_clip_val': 0.15945301142323712, 'hidden_size': 129, 'dropout': 0.326391816551935, 'hidden_continuous_size': 11, 'attention_head_size': 4, 'learning_rate': 0.006693501826092434}. Best is trial 84 with value: 247.0383758544922.
LOCAL_RANK: 0 - CUDA_VISIBLE_DEVICES: [0]
[I 2023-11-29 21:06:09,173] Trial 112 finished with value: 313.8380432128906 and parameters: {'gradient_clip_val': 0.12942078831698944, 'hidden_size': 105, 'dropout': 0.34711894720768455, 'hidden_continuous_size': 12, 'attention_head_size': 4, 'learning_rate': 0.0077910679031806505}. Best is trial 84 with value: 247.0383758544922.
LOCAL_RANK: 0 - CUDA_VISIBLE_DEVICES: [0]
[I 2023-11-29 21:06:23,256] Trial 113 finished with value: 302.8609924316406 and parameters: {'gradient_clip_val': 0.12379626808286445, 'hidden_size': 87, 'dropout': 0.340425343195771, 'hidden_continuous_size': 11, 'attention_head_size': 4, 'learning_rate': 0.004778821273887277}. Best is trial 84 with value: 247.0383758544922.
LOCAL_RANK: 0 - CUDA_VISIBLE_DEVICES: [0]
[I 2023-11-29 21:06:37,443] Trial 114 finished with value: 285.6823425292969 and parameters: {'gradient_clip_val': 0.14964419872151793, 'hidden_size': 97, 'dropout': 0.372465792455173, 'hidden_continuous_size': 10, 'attention_head_size': 4, 'learning_rate': 0.006003922545230085}. Best is trial 84 with value: 247.0383758544922.
LOCAL_RANK: 0 - CUDA_VISIBLE_DEVICES: [0]
[I 2023-11-29 21:06:51,163] Trial 115 finished with value: 287.4848327636719 and parameters: {'gradient_clip_val': 0.15084186933437674, 'hidden_size': 96, 'dropout': 0.3529653121282058, 'hidden_continuous_size': 10, 'attention_head_size': 4, 'learning_rate': 0.006091758462619895}. Best is trial 84 with value: 247.0383758544922.
LOCAL_RANK: 0 - CUDA_VISIBLE_DEVICES: [0]
[I 2023-11-29 21:07:05,722] Trial 116 finished with value: 314.0278015136719 and parameters: {'gradient_clip_val': 0.16486775325342398, 'hidden_size': 121, 'dropout': 0.37375553111646936, 'hidden_continuous_size': 10, 'attention_head_size': 4, 'learning_rate': 0.005972300523545011}. Best is trial 84 with value: 247.0383758544922.
LOCAL_RANK: 0 - CUDA_VISIBLE_DEVICES: [0]
[I 2023-11-29 21:07:19,984] Trial 117 finished with value: 313.4672546386719 and parameters: {'gradient_clip_val': 0.15103761097073393, 'hidden_size': 99, 'dropout': 0.3547271674870692, 'hidden_continuous_size': 10, 'attention_head_size': 4, 'learning_rate': 0.0066723566716934725}. Best is trial 84 with value: 247.0383758544922.
LOCAL_RANK: 0 - CUDA_VISIBLE_DEVICES: [0]
[I 2023-11-29 21:07:34,413] Trial 118 finished with value: 298.5501708984375 and parameters: {'gradient_clip_val': 0.14470827050353233, 'hidden_size': 92, 'dropout': 0.3663625302630327, 'hidden_continuous_size': 11, 'attention_head_size': 4, 'learning_rate': 0.008171390271179475}. Best is trial 84 with value: 247.0383758544922.
LOCAL_RANK: 0 - CUDA_VISIBLE_DEVICES: [0]
[I 2023-11-29 21:07:48,312] Trial 119 finished with value: 329.8020324707031 and parameters: {'gradient_clip_val': 0.17501260963241458, 'hidden_size': 110, 'dropout': 0.3220307720678381, 'hidden_continuous_size': 11, 'attention_head_size': 1, 'learning_rate': 0.007381518203440283}. Best is trial 84 with value: 247.0383758544922.
LOCAL_RANK: 0 - CUDA_VISIBLE_DEVICES: [0]
[I 2023-11-29 21:08:03,251] Trial 120 finished with value: 322.2240905761719 and parameters: {'gradient_clip_val': 0.13742587778543808, 'hidden_size': 134, 'dropout': 0.3805485175607759, 'hidden_continuous_size': 13, 'attention_head_size': 4, 'learning_rate': 0.005806268617677998}. Best is trial 84 with value: 247.0383758544922.
LOCAL_RANK: 0 - CUDA_VISIBLE_DEVICES: [0]
[I 2023-11-29 21:08:17,606] Trial 121 finished with value: 272.4659423828125 and parameters: {'gradient_clip_val': 0.15563019692714067, 'hidden_size': 85, 'dropout': 0.3444031371791841, 'hidden_continuous_size': 10, 'attention_head_size': 4, 'learning_rate': 0.0052948248490277145}. Best is trial 84 with value: 247.0383758544922.
LOCAL_RANK: 0 - CUDA_VISIBLE_DEVICES: [0]
[I 2023-11-29 21:08:31,311] Trial 122 finished with value: 309.7364807128906 and parameters: {'gradient_clip_val': 0.15855953762054792, 'hidden_size': 96, 'dropout': 0.3425220294209471, 'hidden_continuous_size': 10, 'attention_head_size': 4, 'learning_rate': 0.004590140960092443}. Best is trial 84 with value: 247.0383758544922.
LOCAL_RANK: 0 - CUDA_VISIBLE_DEVICES: [0]
[I 2023-11-29 21:08:45,273] Trial 123 finished with value: 315.4648132324219 and parameters: {'gradient_clip_val': 0.1519896761312394, 'hidden_size': 84, 'dropout': 0.3328974493238751, 'hidden_continuous_size': 10, 'attention_head_size': 4, 'learning_rate': 0.005157863210385158}. Best is trial 84 with value: 247.0383758544922.
LOCAL_RANK: 0 - CUDA_VISIBLE_DEVICES: [0]
[I 2023-11-29 21:08:59,295] Trial 124 finished with value: 296.7919921875 and parameters: {'gradient_clip_val': 0.18427638850171035, 'hidden_size': 104, 'dropout': 0.3616980319777991, 'hidden_continuous_size': 12, 'attention_head_size': 4, 'learning_rate': 0.006121147375155953}. Best is trial 84 with value: 247.0383758544922.
LOCAL_RANK: 0 - CUDA_VISIBLE_DEVICES: [0]
[I 2023-11-29 21:09:13,603] Trial 125 finished with value: 266.34326171875 and parameters: {'gradient_clip_val': 0.1430633238893925, 'hidden_size': 116, 'dropout': 0.35289630562019303, 'hidden_continuous_size': 12, 'attention_head_size': 4, 'learning_rate': 0.006943505608464303}. Best is trial 84 with value: 247.0383758544922.
LOCAL_RANK: 0 - CUDA_VISIBLE_DEVICES: [0]
[I 2023-11-29 21:09:28,316] Trial 126 finished with value: 325.03228759765625 and parameters: {'gradient_clip_val': 0.14209971869170582, 'hidden_size': 125, 'dropout': 0.31698948998213505, 'hidden_continuous_size': 11, 'attention_head_size': 4, 'learning_rate': 0.008687756707030972}. Best is trial 84 with value: 247.0383758544922.
LOCAL_RANK: 0 - CUDA_VISIBLE_DEVICES: [0]
[I 2023-11-29 21:09:42,665] Trial 127 finished with value: 335.2338562011719 and parameters: {'gradient_clip_val': 0.11321865345604469, 'hidden_size': 110, 'dropout': 0.3447838234658945, 'hidden_continuous_size': 12, 'attention_head_size': 4, 'learning_rate': 0.006637299163359218}. Best is trial 84 with value: 247.0383758544922.
LOCAL_RANK: 0 - CUDA_VISIBLE_DEVICES: [0]
[I 2023-11-29 21:09:56,917] Trial 128 finished with value: 253.5882568359375 and parameters: {'gradient_clip_val': 0.1197840219260029, 'hidden_size': 119, 'dropout': 0.37177698429591577, 'hidden_continuous_size': 14, 'attention_head_size': 4, 'learning_rate': 0.0039753047648309016}. Best is trial 84 with value: 247.0383758544922.
LOCAL_RANK: 0 - CUDA_VISIBLE_DEVICES: [0]
[I 2023-11-29 21:10:11,481] Trial 129 finished with value: 295.0643615722656 and parameters: {'gradient_clip_val': 0.11866010956447431, 'hidden_size': 114, 'dropout': 0.3357909847028416, 'hidden_continuous_size': 13, 'attention_head_size': 4, 'learning_rate': 0.004109403549363435}. Best is trial 84 with value: 247.0383758544922.
LOCAL_RANK: 0 - CUDA_VISIBLE_DEVICES: [0]
[I 2023-11-29 21:10:25,694] Trial 130 finished with value: 295.0381164550781 and parameters: {'gradient_clip_val': 0.10499751225587607, 'hidden_size': 119, 'dropout': 0.37292481185856213, 'hidden_continuous_size': 11, 'attention_head_size': 4, 'learning_rate': 0.0037320448007230056}. Best is trial 84 with value: 247.0383758544922.
LOCAL_RANK: 0 - CUDA_VISIBLE_DEVICES: [0]
[I 2023-11-29 21:10:40,708] Trial 131 finished with value: 269.48345947265625 and parameters: {'gradient_clip_val': 0.13532643467685174, 'hidden_size': 141, 'dropout': 0.3634071029156739, 'hidden_continuous_size': 12, 'attention_head_size': 4, 'learning_rate': 0.005401976755212378}. Best is trial 84 with value: 247.0383758544922.
LOCAL_RANK: 0 - CUDA_VISIBLE_DEVICES: [0]
[I 2023-11-29 21:10:55,593] Trial 132 finished with value: 282.62359619140625 and parameters: {'gradient_clip_val': 0.12277130955695417, 'hidden_size': 139, 'dropout': 0.3620312690699533, 'hidden_continuous_size': 12, 'attention_head_size': 4, 'learning_rate': 0.004859858889608177}. Best is trial 84 with value: 247.0383758544922.
LOCAL_RANK: 0 - CUDA_VISIBLE_DEVICES: [0]
[I 2023-11-29 21:11:10,059] Trial 133 finished with value: 311.2021484375 and parameters: {'gradient_clip_val': 0.13333215809201404, 'hidden_size': 141, 'dropout': 0.361080838125406, 'hidden_continuous_size': 13, 'attention_head_size': 4, 'learning_rate': 0.004715107003698338}. Best is trial 84 with value: 247.0383758544922.
LOCAL_RANK: 0 - CUDA_VISIBLE_DEVICES: [0]
[I 2023-11-29 21:11:24,972] Trial 134 finished with value: 310.6338806152344 and parameters: {'gradient_clip_val': 0.12231524470892711, 'hidden_size': 149, 'dropout': 0.349852360174458, 'hidden_continuous_size': 12, 'attention_head_size': 4, 'learning_rate': 0.00538599615028266}. Best is trial 84 with value: 247.0383758544922.
LOCAL_RANK: 0 - CUDA_VISIBLE_DEVICES: [0]
[I 2023-11-29 21:11:39,735] Trial 135 finished with value: 286.4759521484375 and parameters: {'gradient_clip_val': 0.10992796264276011, 'hidden_size': 130, 'dropout': 0.3572614738114819, 'hidden_continuous_size': 14, 'attention_head_size': 4, 'learning_rate': 0.004428450833800797}. Best is trial 84 with value: 247.0383758544922.
LOCAL_RANK: 0 - CUDA_VISIBLE_DEVICES: [0]
[I 2023-11-29 21:11:54,557] Trial 136 finished with value: 277.3006286621094 and parameters: {'gradient_clip_val': 0.11575985488257878, 'hidden_size': 136, 'dropout': 0.3662326268244318, 'hidden_continuous_size': 13, 'attention_head_size': 4, 'learning_rate': 0.004033745628701597}. Best is trial 84 with value: 247.0383758544922.
LOCAL_RANK: 0 - CUDA_VISIBLE_DEVICES: [0]
[I 2023-11-29 21:12:08,864] Trial 137 finished with value: 327.8337097167969 and parameters: {'gradient_clip_val': 0.10054914747589186, 'hidden_size': 136, 'dropout': 0.36399895798304527, 'hidden_continuous_size': 13, 'attention_head_size': 4, 'learning_rate': 0.003140664879516306}. Best is trial 84 with value: 247.0383758544922.
LOCAL_RANK: 0 - CUDA_VISIBLE_DEVICES: [0]
[I 2023-11-29 21:12:23,684] Trial 138 finished with value: 288.4370422363281 and parameters: {'gradient_clip_val': 0.11207386353065092, 'hidden_size': 142, 'dropout': 0.36790929426392727, 'hidden_continuous_size': 12, 'attention_head_size': 4, 'learning_rate': 0.0038838504883281976}. Best is trial 84 with value: 247.0383758544922.
LOCAL_RANK: 0 - CUDA_VISIBLE_DEVICES: [0]
[I 2023-11-29 21:12:38,269] Trial 139 finished with value: 317.2300720214844 and parameters: {'gradient_clip_val': 0.11724914865960447, 'hidden_size': 127, 'dropout': 0.3816277520086462, 'hidden_continuous_size': 13, 'attention_head_size': 4, 'learning_rate': 0.003535059645038238}. Best is trial 84 with value: 247.0383758544922.
LOCAL_RANK: 0 - CUDA_VISIBLE_DEVICES: [0]
[I 2023-11-29 21:12:52,805] Trial 140 finished with value: 302.07763671875 and parameters: {'gradient_clip_val': 0.1055753046362117, 'hidden_size': 136, 'dropout': 0.3778854813211001, 'hidden_continuous_size': 14, 'attention_head_size': 4, 'learning_rate': 0.0041469929969671915}. Best is trial 84 with value: 247.0383758544922.
LOCAL_RANK: 0 - CUDA_VISIBLE_DEVICES: [0]
[I 2023-11-29 21:13:07,331] Trial 141 finished with value: 318.0216064453125 and parameters: {'gradient_clip_val': 0.12558362276097823, 'hidden_size': 117, 'dropout': 0.34502393042387736, 'hidden_continuous_size': 11, 'attention_head_size': 4, 'learning_rate': 0.0050421320802613795}. Best is trial 84 with value: 247.0383758544922.
LOCAL_RANK: 0 - CUDA_VISIBLE_DEVICES: [0]
[I 2023-11-29 21:13:21,576] Trial 142 finished with value: 332.1737976074219 and parameters: {'gradient_clip_val': 0.13117168638703777, 'hidden_size': 123, 'dropout': 0.3564670414812928, 'hidden_continuous_size': 12, 'attention_head_size': 4, 'learning_rate': 0.004868564229654729}. Best is trial 84 with value: 247.0383758544922.
LOCAL_RANK: 0 - CUDA_VISIBLE_DEVICES: [0]
