[I 2023-11-30 14:10:49,935] Trial 19 finished with value: 197.95361328125 and parameters: {'gradient_clip_val': 0.35015615578422166, 'hidden_size': 116, 'dropout': 0.24414584193532052, 'hidden_continuous_size': 43, 'attention_head_size': 1, 'learning_rate': 0.0018520604482484342}. Best is trial 8 with value: 161.75990295410156.
LOCAL_RANK: 0 - CUDA_VISIBLE_DEVICES: [0]
[I 2023-11-30 14:11:04,142] Trial 20 finished with value: 201.9788818359375 and parameters: {'gradient_clip_val': 0.7183020941087943, 'hidden_size': 147, 'dropout': 0.1731948497548657, 'hidden_continuous_size': 26, 'attention_head_size': 2, 'learning_rate': 0.004833716279978521}. Best is trial 8 with value: 161.75990295410156.
LOCAL_RANK: 0 - CUDA_VISIBLE_DEVICES: [0]
[I 2023-11-30 14:11:17,158] Trial 21 finished with value: 298.71649169921875 and parameters: {'gradient_clip_val': 0.7448593877197756, 'hidden_size': 58, 'dropout': 0.10408251775837744, 'hidden_continuous_size': 13, 'attention_head_size': 3, 'learning_rate': 0.006654039116695397}. Best is trial 8 with value: 161.75990295410156.
LOCAL_RANK: 0 - CUDA_VISIBLE_DEVICES: [0]
[I 2023-11-30 14:11:30,890] Trial 22 finished with value: 191.3344268798828 and parameters: {'gradient_clip_val': 0.6425969879050071, 'hidden_size': 109, 'dropout': 0.12163337113387711, 'hidden_continuous_size': 15, 'attention_head_size': 3, 'learning_rate': 0.008547224204715735}. Best is trial 8 with value: 161.75990295410156.
LOCAL_RANK: 0 - CUDA_VISIBLE_DEVICES: [0]
[I 2023-11-30 14:11:44,464] Trial 23 finished with value: 227.276123046875 and parameters: {'gradient_clip_val': 0.4744801232756723, 'hidden_size': 75, 'dropout': 0.10118483729830566, 'hidden_continuous_size': 13, 'attention_head_size': 3, 'learning_rate': 0.00266564440357686}. Best is trial 8 with value: 161.75990295410156.
LOCAL_RANK: 0 - CUDA_VISIBLE_DEVICES: [0]
[I 2023-11-30 14:11:58,305] Trial 24 finished with value: 184.22300720214844 and parameters: {'gradient_clip_val': 0.9615423912690513, 'hidden_size': 49, 'dropout': 0.13178791173420673, 'hidden_continuous_size': 17, 'attention_head_size': 3, 'learning_rate': 0.01438968821694863}. Best is trial 8 with value: 161.75990295410156.
LOCAL_RANK: 0 - CUDA_VISIBLE_DEVICES: [0]
[I 2023-11-30 14:12:12,760] Trial 25 finished with value: 211.2886505126953 and parameters: {'gradient_clip_val': 0.41725112092150657, 'hidden_size': 77, 'dropout': 0.14839447850819049, 'hidden_continuous_size': 13, 'attention_head_size': 2, 'learning_rate': 0.005032959406011351}. Best is trial 8 with value: 161.75990295410156.
LOCAL_RANK: 0 - CUDA_VISIBLE_DEVICES: [0]
[I 2023-11-30 14:12:28,264] Trial 26 finished with value: 274.1830749511719 and parameters: {'gradient_clip_val': 0.5965809345675681, 'hidden_size': 117, 'dropout': 0.12079320833104801, 'hidden_continuous_size': 23, 'attention_head_size': 3, 'learning_rate': 0.0076568184371429105}. Best is trial 8 with value: 161.75990295410156.
LOCAL_RANK: 0 - CUDA_VISIBLE_DEVICES: [0]
[I 2023-11-30 14:12:41,974] Trial 27 finished with value: 230.21998596191406 and parameters: {'gradient_clip_val': 0.769805771961514, 'hidden_size': 33, 'dropout': 0.16189928399094977, 'hidden_continuous_size': 14, 'attention_head_size': 2, 'learning_rate': 0.004726292458983151}. Best is trial 8 with value: 161.75990295410156.
LOCAL_RANK: 0 - CUDA_VISIBLE_DEVICES: [0]
[I 2023-11-30 14:12:57,359] Trial 28 finished with value: 171.0652313232422 and parameters: {'gradient_clip_val': 0.49709469598457334, 'hidden_size': 122, 'dropout': 0.13227985894394267, 'hidden_continuous_size': 19, 'attention_head_size': 1, 'learning_rate': 0.010137885810912439}. Best is trial 8 with value: 161.75990295410156.
LOCAL_RANK: 0 - CUDA_VISIBLE_DEVICES: [0]
[I 2023-11-30 14:13:12,635] Trial 29 finished with value: 184.46226501464844 and parameters: {'gradient_clip_val': 0.37182848561524373, 'hidden_size': 121, 'dropout': 0.19709805738531386, 'hidden_continuous_size': 19, 'attention_head_size': 1, 'learning_rate': 0.011314141955533086}. Best is trial 8 with value: 161.75990295410156.
LOCAL_RANK: 0 - CUDA_VISIBLE_DEVICES: [0]
[I 2023-11-30 14:13:28,543] Trial 30 finished with value: 218.9168243408203 and parameters: {'gradient_clip_val': 0.47774613212270467, 'hidden_size': 130, 'dropout': 0.13476213374998922, 'hidden_continuous_size': 28, 'attention_head_size': 1, 'learning_rate': 0.01681408815002195}. Best is trial 8 with value: 161.75990295410156.
LOCAL_RANK: 0 - CUDA_VISIBLE_DEVICES: [0]
[I 2023-11-30 14:13:43,910] Trial 31 finished with value: 317.6661682128906 and parameters: {'gradient_clip_val': 0.681716300530612, 'hidden_size': 150, 'dropout': 0.11525127605308266, 'hidden_continuous_size': 12, 'attention_head_size': 1, 'learning_rate': 0.0069234023803919345}. Best is trial 8 with value: 161.75990295410156.
LOCAL_RANK: 0 - CUDA_VISIBLE_DEVICES: [0]
[I 2023-11-30 14:13:59,225] Trial 32 finished with value: 188.10731506347656 and parameters: {'gradient_clip_val': 0.582887742362814, 'hidden_size': 95, 'dropout': 0.11453479167510879, 'hidden_continuous_size': 12, 'attention_head_size': 1, 'learning_rate': 0.004012458480063838}. Best is trial 8 with value: 161.75990295410156.
LOCAL_RANK: 0 - CUDA_VISIBLE_DEVICES: [0]
[I 2023-11-30 14:14:14,413] Trial 33 finished with value: 236.0590362548828 and parameters: {'gradient_clip_val': 0.819704452687689, 'hidden_size': 120, 'dropout': 0.1427682431679148, 'hidden_continuous_size': 17, 'attention_head_size': 2, 'learning_rate': 0.0087746124400355}. Best is trial 8 with value: 161.75990295410156.
LOCAL_RANK: 0 - CUDA_VISIBLE_DEVICES: [0]
[I 2023-11-30 14:14:29,302] Trial 34 finished with value: 380.4881896972656 and parameters: {'gradient_clip_val': 0.7891807218645585, 'hidden_size': 100, 'dropout': 0.16178030452557696, 'hidden_continuous_size': 11, 'attention_head_size': 1, 'learning_rate': 0.021479785285316}. Best is trial 8 with value: 161.75990295410156.
LOCAL_RANK: 0 - CUDA_VISIBLE_DEVICES: [0]
[I 2023-11-30 14:14:45,243] Trial 35 finished with value: 167.78326416015625 and parameters: {'gradient_clip_val': 0.5225924080878722, 'hidden_size': 121, 'dropout': 0.12294763264014746, 'hidden_continuous_size': 22, 'attention_head_size': 2, 'learning_rate': 0.010637785880740639}. Best is trial 8 with value: 161.75990295410156.
LOCAL_RANK: 0 - CUDA_VISIBLE_DEVICES: [0]
[I 2023-11-30 14:15:00,440] Trial 36 finished with value: 174.5222625732422 and parameters: {'gradient_clip_val': 0.5291249581942812, 'hidden_size': 127, 'dropout': 0.12662400480868014, 'hidden_continuous_size': 22, 'attention_head_size': 2, 'learning_rate': 0.012281780893152225}. Best is trial 8 with value: 161.75990295410156.
LOCAL_RANK: 0 - CUDA_VISIBLE_DEVICES: [0]
[I 2023-11-30 14:15:15,429] Trial 37 finished with value: 269.7080993652344 and parameters: {'gradient_clip_val': 0.2959118496885706, 'hidden_size': 132, 'dropout': 0.17038415886767905, 'hidden_continuous_size': 36, 'attention_head_size': 2, 'learning_rate': 0.009920818311008994}. Best is trial 8 with value: 161.75990295410156.
LOCAL_RANK: 0 - CUDA_VISIBLE_DEVICES: [0]
[I 2023-11-30 14:15:29,965] Trial 38 finished with value: 445.1329040527344 and parameters: {'gradient_clip_val': 0.483412385957995, 'hidden_size': 83, 'dropout': 0.14843367603974994, 'hidden_continuous_size': 19, 'attention_head_size': 1, 'learning_rate': 0.03956623237903161}. Best is trial 8 with value: 161.75990295410156.
LOCAL_RANK: 0 - CUDA_VISIBLE_DEVICES: [0]
[I 2023-11-30 14:15:45,638] Trial 39 finished with value: 198.1107940673828 and parameters: {'gradient_clip_val': 0.3969976961780552, 'hidden_size': 101, 'dropout': 0.12211912286516105, 'hidden_continuous_size': 10, 'attention_head_size': 2, 'learning_rate': 0.013094157256992157}. Best is trial 8 with value: 161.75990295410156.
LOCAL_RANK: 0 - CUDA_VISIBLE_DEVICES: [0]
[I 2023-11-30 14:16:00,374] Trial 40 finished with value: 193.23399353027344 and parameters: {'gradient_clip_val': 0.3426055586104931, 'hidden_size': 132, 'dropout': 0.18506555406555011, 'hidden_continuous_size': 21, 'attention_head_size': 1, 'learning_rate': 0.009877398993660068}. Best is trial 8 with value: 161.75990295410156.
LOCAL_RANK: 0 - CUDA_VISIBLE_DEVICES: [0]
[I 2023-11-30 14:16:16,172] Trial 41 finished with value: 208.5672607421875 and parameters: {'gradient_clip_val': 0.6778857297258725, 'hidden_size': 148, 'dropout': 0.10082762908594307, 'hidden_continuous_size': 17, 'attention_head_size': 3, 'learning_rate': 0.005918500541005157}. Best is trial 8 with value: 161.75990295410156.
LOCAL_RANK: 0 - CUDA_VISIBLE_DEVICES: [0]
[I 2023-11-30 14:16:31,028] Trial 42 finished with value: 328.5173645019531 and parameters: {'gradient_clip_val': 0.8481078500000403, 'hidden_size': 111, 'dropout': 0.11614843686409822, 'hidden_continuous_size': 11, 'attention_head_size': 4, 'learning_rate': 0.01696715465186942}. Best is trial 8 with value: 161.75990295410156.
LOCAL_RANK: 0 - CUDA_VISIBLE_DEVICES: [0]
[I 2023-11-30 14:16:46,017] Trial 43 finished with value: 178.19671630859375 and parameters: {'gradient_clip_val': 0.5483803510223971, 'hidden_size': 91, 'dropout': 0.14074519618262807, 'hidden_continuous_size': 18, 'attention_head_size': 3, 'learning_rate': 0.007247743501499703}. Best is trial 8 with value: 161.75990295410156.
LOCAL_RANK: 0 - CUDA_VISIBLE_DEVICES: [0]
[I 2023-11-30 14:17:00,974] Trial 44 finished with value: 177.0907440185547 and parameters: {'gradient_clip_val': 0.6186056243094527, 'hidden_size': 80, 'dropout': 0.1588695276174788, 'hidden_continuous_size': 25, 'attention_head_size': 2, 'learning_rate': 0.013951220285136012}. Best is trial 8 with value: 161.75990295410156.
LOCAL_RANK: 0 - CUDA_VISIBLE_DEVICES: [0]
[I 2023-11-30 14:17:15,476] Trial 45 finished with value: 213.8196258544922 and parameters: {'gradient_clip_val': 0.6979252325424908, 'hidden_size': 100, 'dropout': 0.11076236960759427, 'hidden_continuous_size': 15, 'attention_head_size': 3, 'learning_rate': 0.00969828627652681}. Best is trial 8 with value: 161.75990295410156.
LOCAL_RANK: 0 - CUDA_VISIBLE_DEVICES: [0]
[I 2023-11-30 14:17:30,229] Trial 46 finished with value: 275.8248596191406 and parameters: {'gradient_clip_val': 0.45113357287137595, 'hidden_size': 129, 'dropout': 0.13262921547778095, 'hidden_continuous_size': 11, 'attention_head_size': 2, 'learning_rate': 0.02119950684945757}. Best is trial 8 with value: 161.75990295410156.
LOCAL_RANK: 0 - CUDA_VISIBLE_DEVICES: [0]
[I 2023-11-30 14:17:43,803] Trial 47 finished with value: 281.9106140136719 and parameters: {'gradient_clip_val': 0.5112664236817394, 'hidden_size': 25, 'dropout': 0.12909564779063126, 'hidden_continuous_size': 14, 'attention_head_size': 1, 'learning_rate': 0.011298261832590454}. Best is trial 8 with value: 161.75990295410156.
LOCAL_RANK: 0 - CUDA_VISIBLE_DEVICES: [0]
[I 2023-11-30 14:17:57,802] Trial 48 finished with value: 306.653076171875 and parameters: {'gradient_clip_val': 0.23972974925479854, 'hidden_size': 69, 'dropout': 0.1526756200241009, 'hidden_continuous_size': 22, 'attention_head_size': 4, 'learning_rate': 0.0035436587807496614}. Best is trial 8 with value: 161.75990295410156.
LOCAL_RANK: 0 - CUDA_VISIBLE_DEVICES: [0]
[I 2023-11-30 14:18:12,887] Trial 49 finished with value: 176.0230255126953 and parameters: {'gradient_clip_val': 0.611028603866342, 'hidden_size': 114, 'dropout': 0.10551531411716884, 'hidden_continuous_size': 10, 'attention_head_size': 1, 'learning_rate': 0.008152659925346228}. Best is trial 8 with value: 161.75990295410156.
LOCAL_RANK: 0 - CUDA_VISIBLE_DEVICES: [0]
[I 2023-11-30 14:18:27,884] Trial 50 finished with value: 293.2510986328125 and parameters: {'gradient_clip_val': 0.8927564425201752, 'hidden_size': 91, 'dropout': 0.1431979094346533, 'hidden_continuous_size': 20, 'attention_head_size': 2, 'learning_rate': 0.001194676025795407}. Best is trial 8 with value: 161.75990295410156.
LOCAL_RANK: 0 - CUDA_VISIBLE_DEVICES: [0]
[I 2023-11-30 14:18:42,860] Trial 51 finished with value: 183.8916473388672 and parameters: {'gradient_clip_val': 0.5398088416929916, 'hidden_size': 130, 'dropout': 0.12487640709131083, 'hidden_continuous_size': 22, 'attention_head_size': 2, 'learning_rate': 0.011359646133919696}. Best is trial 8 with value: 161.75990295410156.
LOCAL_RANK: 0 - CUDA_VISIBLE_DEVICES: [0]
[I 2023-11-30 14:18:58,294] Trial 52 finished with value: 170.1474151611328 and parameters: {'gradient_clip_val': 0.5150274411412927, 'hidden_size': 144, 'dropout': 0.11518440725404432, 'hidden_continuous_size': 35, 'attention_head_size': 2, 'learning_rate': 0.014221041849740462}. Best is trial 8 with value: 161.75990295410156.
LOCAL_RANK: 0 - CUDA_VISIBLE_DEVICES: [0]
[I 2023-11-30 14:19:13,806] Trial 53 finished with value: 179.529052734375 and parameters: {'gradient_clip_val': 0.4373003023603947, 'hidden_size': 143, 'dropout': 0.11081368943124927, 'hidden_continuous_size': 51, 'attention_head_size': 2, 'learning_rate': 0.014799618042540218}. Best is trial 8 with value: 161.75990295410156.
LOCAL_RANK: 0 - CUDA_VISIBLE_DEVICES: [0]
[I 2023-11-30 14:19:28,726] Trial 54 finished with value: 195.2570037841797 and parameters: {'gradient_clip_val': 0.7336651850772372, 'hidden_size': 110, 'dropout': 0.1364652370992572, 'hidden_continuous_size': 35, 'attention_head_size': 2, 'learning_rate': 0.020081637820139317}. Best is trial 8 with value: 161.75990295410156.
LOCAL_RANK: 0 - CUDA_VISIBLE_DEVICES: [0]
[I 2023-11-30 14:19:44,260] Trial 55 finished with value: 195.1635284423828 and parameters: {'gradient_clip_val': 0.5709216536965217, 'hidden_size': 147, 'dropout': 0.11175465221700208, 'hidden_continuous_size': 30, 'attention_head_size': 3, 'learning_rate': 0.026433920999132193}. Best is trial 8 with value: 161.75990295410156.
LOCAL_RANK: 0 - CUDA_VISIBLE_DEVICES: [0]
[I 2023-11-30 14:19:59,507] Trial 56 finished with value: 185.746337890625 and parameters: {'gradient_clip_val': 0.6575758854250202, 'hidden_size': 119, 'dropout': 0.10060009625193128, 'hidden_continuous_size': 39, 'attention_head_size': 3, 'learning_rate': 0.015627812954225846}. Best is trial 8 with value: 161.75990295410156.
LOCAL_RANK: 0 - CUDA_VISIBLE_DEVICES: [0]
[I 2023-11-30 14:20:15,014] Trial 57 finished with value: 487.1841735839844 and parameters: {'gradient_clip_val': 0.4929656861572882, 'hidden_size': 102, 'dropout': 0.12523771765465447, 'hidden_continuous_size': 28, 'attention_head_size': 1, 'learning_rate': 0.0021446061847409906}. Best is trial 8 with value: 161.75990295410156.
LOCAL_RANK: 0 - CUDA_VISIBLE_DEVICES: [0]
[I 2023-11-30 14:20:29,865] Trial 58 finished with value: 251.1591033935547 and parameters: {'gradient_clip_val': 0.9944183551939799, 'hidden_size': 87, 'dropout': 0.15308723599279864, 'hidden_continuous_size': 25, 'attention_head_size': 2, 'learning_rate': 0.01809914771133997}. Best is trial 8 with value: 161.75990295410156.
LOCAL_RANK: 0 - CUDA_VISIBLE_DEVICES: [0]
[I 2023-11-30 14:20:45,325] Trial 59 finished with value: 175.2850341796875 and parameters: {'gradient_clip_val': 0.779594428851424, 'hidden_size': 135, 'dropout': 0.1400386024378439, 'hidden_continuous_size': 65, 'attention_head_size': 2, 'learning_rate': 0.0015516068499138388}. Best is trial 8 with value: 161.75990295410156.
LOCAL_RANK: 0 - CUDA_VISIBLE_DEVICES: [0]
[I 2023-11-30 14:20:59,806] Trial 60 finished with value: 191.3340606689453 and parameters: {'gradient_clip_val': 0.6194179988110159, 'hidden_size': 108, 'dropout': 0.11861311235045953, 'hidden_continuous_size': 16, 'attention_head_size': 1, 'learning_rate': 0.005432075802106077}. Best is trial 8 with value: 161.75990295410156.
LOCAL_RANK: 0 - CUDA_VISIBLE_DEVICES: [0]
[I 2023-11-30 14:21:15,278] Trial 61 finished with value: 173.93792724609375 and parameters: {'gradient_clip_val': 0.5230648070718934, 'hidden_size': 123, 'dropout': 0.12808560623826512, 'hidden_continuous_size': 32, 'attention_head_size': 2, 'learning_rate': 0.011924355073575773}. Best is trial 8 with value: 161.75990295410156.
LOCAL_RANK: 0 - CUDA_VISIBLE_DEVICES: [0]
[I 2023-11-30 14:21:30,652] Trial 62 finished with value: 292.7716979980469 and parameters: {'gradient_clip_val': 0.5318835756458358, 'hidden_size': 138, 'dropout': 0.10986807079234641, 'hidden_continuous_size': 33, 'attention_head_size': 2, 'learning_rate': 0.006621358318792704}. Best is trial 8 with value: 161.75990295410156.
LOCAL_RANK: 0 - CUDA_VISIBLE_DEVICES: [0]
[I 2023-11-30 14:21:45,494] Trial 63 finished with value: 286.63330078125 and parameters: {'gradient_clip_val': 0.4489280171257413, 'hidden_size': 122, 'dropout': 0.13125686376111556, 'hidden_continuous_size': 39, 'attention_head_size': 2, 'learning_rate': 0.0010110072451596445}. Best is trial 8 with value: 161.75990295410156.
LOCAL_RANK: 0 - CUDA_VISIBLE_DEVICES: [0]
[I 2023-11-30 14:22:00,861] Trial 64 finished with value: 224.43870544433594 and parameters: {'gradient_clip_val': 0.5737941484542173, 'hidden_size': 150, 'dropout': 0.16693659283586956, 'hidden_continuous_size': 31, 'attention_head_size': 2, 'learning_rate': 0.01291523162236683}. Best is trial 8 with value: 161.75990295410156.
LOCAL_RANK: 0 - CUDA_VISIBLE_DEVICES: [0]
[I 2023-11-30 14:22:16,149] Trial 65 finished with value: 205.4611053466797 and parameters: {'gradient_clip_val': 0.7287945622424196, 'hidden_size': 114, 'dropout': 0.14916620222678934, 'hidden_continuous_size': 24, 'attention_head_size': 3, 'learning_rate': 0.009170588821776541}. Best is trial 8 with value: 161.75990295410156.
LOCAL_RANK: 0 - CUDA_VISIBLE_DEVICES: [0]
[I 2023-11-30 14:22:30,758] Trial 66 finished with value: 160.2551727294922 and parameters: {'gradient_clip_val': 0.6432756426564756, 'hidden_size': 124, 'dropout': 0.1001993419243071, 'hidden_continuous_size': 26, 'attention_head_size': 1, 'learning_rate': 0.01137686186575534}. Best is trial 66 with value: 160.2551727294922.
LOCAL_RANK: 0 - CUDA_VISIBLE_DEVICES: [0]
[I 2023-11-30 14:22:46,504] Trial 67 finished with value: 155.58885192871094 and parameters: {'gradient_clip_val': 0.6726858125761939, 'hidden_size': 137, 'dropout': 0.10051929171168295, 'hidden_continuous_size': 27, 'attention_head_size': 1, 'learning_rate': 0.007955481581233735}. Best is trial 67 with value: 155.58885192871094.
LOCAL_RANK: 0 - CUDA_VISIBLE_DEVICES: [0]
[I 2023-11-30 14:23:01,634] Trial 68 finished with value: 165.8544921875 and parameters: {'gradient_clip_val': 0.6301411645178432, 'hidden_size': 138, 'dropout': 0.11435616944920421, 'hidden_continuous_size': 26, 'attention_head_size': 1, 'learning_rate': 0.004394113497091748}. Best is trial 67 with value: 155.58885192871094.
LOCAL_RANK: 0 - CUDA_VISIBLE_DEVICES: [0]
[I 2023-11-30 14:23:17,009] Trial 69 finished with value: 214.4455108642578 and parameters: {'gradient_clip_val': 0.6611771219988828, 'hidden_size': 133, 'dropout': 0.11841123242176815, 'hidden_continuous_size': 28, 'attention_head_size': 1, 'learning_rate': 0.007774215392570907}. Best is trial 67 with value: 155.58885192871094.
LOCAL_RANK: 0 - CUDA_VISIBLE_DEVICES: [0]
[I 2023-11-30 14:23:31,945] Trial 70 finished with value: 177.8733367919922 and parameters: {'gradient_clip_val': 0.6143902432250423, 'hidden_size': 139, 'dropout': 0.10520497733406961, 'hidden_continuous_size': 29, 'attention_head_size': 1, 'learning_rate': 0.002765422398904044}. Best is trial 67 with value: 155.58885192871094.
LOCAL_RANK: 0 - CUDA_VISIBLE_DEVICES: [0]
[I 2023-11-30 14:23:47,523] Trial 71 finished with value: 188.0106964111328 and parameters: {'gradient_clip_val': 0.6959869169637527, 'hidden_size': 150, 'dropout': 0.11807258935299637, 'hidden_continuous_size': 23, 'attention_head_size': 1, 'learning_rate': 0.004198417643065186}. Best is trial 67 with value: 155.58885192871094.
LOCAL_RANK: 0 - CUDA_VISIBLE_DEVICES: [0]
[I 2023-11-30 14:24:01,994] Trial 72 finished with value: 210.29345703125 and parameters: {'gradient_clip_val': 0.5633838787851604, 'hidden_size': 121, 'dropout': 0.10973692803893206, 'hidden_continuous_size': 26, 'attention_head_size': 1, 'learning_rate': 0.010826032759675148}. Best is trial 67 with value: 155.58885192871094.
LOCAL_RANK: 0 - CUDA_VISIBLE_DEVICES: [0]
[I 2023-11-30 14:24:16,643] Trial 73 finished with value: 155.01504516601562 and parameters: {'gradient_clip_val': 0.6496179838413987, 'hidden_size': 136, 'dropout': 0.1356703715113371, 'hidden_continuous_size': 20, 'attention_head_size': 1, 'learning_rate': 0.008128098497151902}. Best is trial 73 with value: 155.01504516601562.
LOCAL_RANK: 0 - CUDA_VISIBLE_DEVICES: [0]
[I 2023-11-30 14:24:32,574] Trial 74 finished with value: 177.0498046875 and parameters: {'gradient_clip_val': 0.6446364020778779, 'hidden_size': 138, 'dropout': 0.1000985257539938, 'hidden_continuous_size': 33, 'attention_head_size': 1, 'learning_rate': 0.008365577141451164}. Best is trial 73 with value: 155.01504516601562.
LOCAL_RANK: 0 - CUDA_VISIBLE_DEVICES: [0]
[I 2023-11-30 14:24:47,675] Trial 75 finished with value: 200.7137908935547 and parameters: {'gradient_clip_val': 0.7848588384230355, 'hidden_size': 105, 'dropout': 0.14005902377188983, 'hidden_continuous_size': 27, 'attention_head_size': 1, 'learning_rate': 0.005775376742316795}. Best is trial 73 with value: 155.01504516601562.
LOCAL_RANK: 0 - CUDA_VISIBLE_DEVICES: [0]
[I 2023-11-30 14:25:03,271] Trial 76 finished with value: 235.0435028076172 and parameters: {'gradient_clip_val': 0.8349343835923503, 'hidden_size': 137, 'dropout': 0.12308638664498399, 'hidden_continuous_size': 25, 'attention_head_size': 1, 'learning_rate': 0.006425213242835219}. Best is trial 73 with value: 155.01504516601562.
LOCAL_RANK: 0 - CUDA_VISIBLE_DEVICES: [0]
[I 2023-11-30 14:25:18,039] Trial 77 finished with value: 245.2444305419922 and parameters: {'gradient_clip_val': 0.7015286304799426, 'hidden_size': 95, 'dropout': 0.11306930450842116, 'hidden_continuous_size': 30, 'attention_head_size': 1, 'learning_rate': 0.005230114984942818}. Best is trial 73 with value: 155.01504516601562.
LOCAL_RANK: 0 - CUDA_VISIBLE_DEVICES: [0]
