[I 2023-11-30 04:23:39,013] Trial 25 finished with value: 78.27206420898438 and parameters: {'gradient_clip_val': 0.18200870876886185, 'hidden_size': 37, 'dropout': 0.1362466787699672, 'hidden_continuous_size': 22, 'attention_head_size': 2, 'learning_rate': 0.008950090949068623}. Best is trial 23 with value: 67.32762908935547.
LOCAL_RANK: 0 - CUDA_VISIBLE_DEVICES: [0]
[I 2023-11-30 04:23:52,755] Trial 26 finished with value: 73.36766815185547 and parameters: {'gradient_clip_val': 0.15290667066690183, 'hidden_size': 102, 'dropout': 0.18539763526205094, 'hidden_continuous_size': 52, 'attention_head_size': 3, 'learning_rate': 0.010203265030317437}. Best is trial 23 with value: 67.32762908935547.
LOCAL_RANK: 0 - CUDA_VISIBLE_DEVICES: [0]
[I 2023-11-30 04:24:06,909] Trial 27 finished with value: 69.48175811767578 and parameters: {'gradient_clip_val': 0.1270675172720331, 'hidden_size': 136, 'dropout': 0.15694698057892437, 'hidden_continuous_size': 92, 'attention_head_size': 4, 'learning_rate': 0.0037019555987016757}. Best is trial 23 with value: 67.32762908935547.
LOCAL_RANK: 0 - CUDA_VISIBLE_DEVICES: [0]
[I 2023-11-30 04:24:20,423] Trial 28 finished with value: 77.44055938720703 and parameters: {'gradient_clip_val': 0.12098787326225434, 'hidden_size': 88, 'dropout': 0.1186720931626992, 'hidden_continuous_size': 57, 'attention_head_size': 4, 'learning_rate': 0.0032344108944941177}. Best is trial 23 with value: 67.32762908935547.
LOCAL_RANK: 0 - CUDA_VISIBLE_DEVICES: [0]
[I 2023-11-30 04:24:33,710] Trial 29 finished with value: 112.1882095336914 and parameters: {'gradient_clip_val': 0.1003162702419918, 'hidden_size': 58, 'dropout': 0.13691062019097083, 'hidden_continuous_size': 33, 'attention_head_size': 4, 'learning_rate': 0.002029884105812534}. Best is trial 23 with value: 67.32762908935547.
LOCAL_RANK: 0 - CUDA_VISIBLE_DEVICES: [0]
[I 2023-11-30 04:24:48,038] Trial 30 finished with value: 73.41007232666016 and parameters: {'gradient_clip_val': 0.12385203853730123, 'hidden_size': 117, 'dropout': 0.14254904689212977, 'hidden_continuous_size': 80, 'attention_head_size': 4, 'learning_rate': 0.004670902258561505}. Best is trial 23 with value: 67.32762908935547.
LOCAL_RANK: 0 - CUDA_VISIBLE_DEVICES: [0]
[I 2023-11-30 04:25:02,872] Trial 31 finished with value: 71.45059967041016 and parameters: {'gradient_clip_val': 0.20324254510665826, 'hidden_size': 146, 'dropout': 0.16319521890967803, 'hidden_continuous_size': 131, 'attention_head_size': 4, 'learning_rate': 0.004048162570814049}. Best is trial 23 with value: 67.32762908935547.
LOCAL_RANK: 0 - CUDA_VISIBLE_DEVICES: [0]
[I 2023-11-30 04:25:17,236] Trial 32 finished with value: 66.70519256591797 and parameters: {'gradient_clip_val': 0.1593482764772575, 'hidden_size': 135, 'dropout': 0.17346249553825394, 'hidden_continuous_size': 101, 'attention_head_size': 3, 'learning_rate': 0.0027688139036894785}. Best is trial 32 with value: 66.70519256591797.
LOCAL_RANK: 0 - CUDA_VISIBLE_DEVICES: [0]
[I 2023-11-30 04:25:30,781] Trial 33 finished with value: 91.32709503173828 and parameters: {'gradient_clip_val': 0.14365675943682019, 'hidden_size': 80, 'dropout': 0.1829631474572527, 'hidden_continuous_size': 54, 'attention_head_size': 3, 'learning_rate': 0.002248879163904045}. Best is trial 32 with value: 66.70519256591797.
LOCAL_RANK: 0 - CUDA_VISIBLE_DEVICES: [0]
[I 2023-11-30 04:25:44,625] Trial 34 finished with value: 80.61579895019531 and parameters: {'gradient_clip_val': 0.15293831415140935, 'hidden_size': 100, 'dropout': 0.12635967306478949, 'hidden_continuous_size': 68, 'attention_head_size': 3, 'learning_rate': 0.0032550784941565145}. Best is trial 32 with value: 66.70519256591797.
LOCAL_RANK: 0 - CUDA_VISIBLE_DEVICES: [0]
[I 2023-11-30 04:25:58,981] Trial 35 finished with value: 76.52103424072266 and parameters: {'gradient_clip_val': 0.1309121307551106, 'hidden_size': 125, 'dropout': 0.14668096399919778, 'hidden_continuous_size': 85, 'attention_head_size': 4, 'learning_rate': 0.002652412089773456}. Best is trial 32 with value: 66.70519256591797.
LOCAL_RANK: 0 - CUDA_VISIBLE_DEVICES: [0]
[I 2023-11-30 04:26:13,156] Trial 36 finished with value: 76.79019165039062 and parameters: {'gradient_clip_val': 0.11491225636325858, 'hidden_size': 124, 'dropout': 0.22452713323842916, 'hidden_continuous_size': 101, 'attention_head_size': 3, 'learning_rate': 0.005943260725851187}. Best is trial 32 with value: 66.70519256591797.
LOCAL_RANK: 0 - CUDA_VISIBLE_DEVICES: [0]
[I 2023-11-30 04:26:26,426] Trial 37 finished with value: 77.18660736083984 and parameters: {'gradient_clip_val': 0.9375445597955783, 'hidden_size': 54, 'dropout': 0.18324505276721043, 'hidden_continuous_size': 41, 'attention_head_size': 4, 'learning_rate': 0.004142331625466931}. Best is trial 32 with value: 66.70519256591797.
LOCAL_RANK: 0 - CUDA_VISIBLE_DEVICES: [0]
[I 2023-11-30 04:26:39,956] Trial 38 finished with value: 75.16053009033203 and parameters: {'gradient_clip_val': 0.14756147565420397, 'hidden_size': 100, 'dropout': 0.26128772513371706, 'hidden_continuous_size': 64, 'attention_head_size': 3, 'learning_rate': 0.007814355352943758}. Best is trial 32 with value: 66.70519256591797.
LOCAL_RANK: 0 - CUDA_VISIBLE_DEVICES: [0]
[I 2023-11-30 04:26:53,363] Trial 39 finished with value: 79.97783660888672 and parameters: {'gradient_clip_val': 0.22422726879221325, 'hidden_size': 74, 'dropout': 0.1708755624137616, 'hidden_continuous_size': 51, 'attention_head_size': 3, 'learning_rate': 0.00275242716548839}. Best is trial 32 with value: 66.70519256591797.
LOCAL_RANK: 0 - CUDA_VISIBLE_DEVICES: [0]
[I 2023-11-30 04:27:06,618] Trial 40 finished with value: 129.5978240966797 and parameters: {'gradient_clip_val': 0.13453474508610955, 'hidden_size': 50, 'dropout': 0.21671201278897292, 'hidden_continuous_size': 35, 'attention_head_size': 4, 'learning_rate': 0.0010280962806770025}. Best is trial 32 with value: 66.70519256591797.
LOCAL_RANK: 0 - CUDA_VISIBLE_DEVICES: [0]
[I 2023-11-30 04:27:20,781] Trial 41 finished with value: 83.5728530883789 and parameters: {'gradient_clip_val': 0.17434399419607213, 'hidden_size': 126, 'dropout': 0.1532893258685378, 'hidden_continuous_size': 108, 'attention_head_size': 2, 'learning_rate': 0.006626004123979985}. Best is trial 32 with value: 66.70519256591797.
LOCAL_RANK: 0 - CUDA_VISIBLE_DEVICES: [0]
[I 2023-11-30 04:27:34,993] Trial 42 finished with value: 72.70769500732422 and parameters: {'gradient_clip_val': 0.1881574999539647, 'hidden_size': 133, 'dropout': 0.16779494019918412, 'hidden_continuous_size': 91, 'attention_head_size': 2, 'learning_rate': 0.011928091917717551}. Best is trial 32 with value: 66.70519256591797.
LOCAL_RANK: 0 - CUDA_VISIBLE_DEVICES: [0]
[I 2023-11-30 04:27:48,922] Trial 43 finished with value: 71.551025390625 and parameters: {'gradient_clip_val': 0.16506367863432533, 'hidden_size': 105, 'dropout': 0.19138472387208813, 'hidden_continuous_size': 73, 'attention_head_size': 3, 'learning_rate': 0.005475301602020222}. Best is trial 32 with value: 66.70519256591797.
LOCAL_RANK: 0 - CUDA_VISIBLE_DEVICES: [0]
[I 2023-11-30 04:28:03,567] Trial 44 finished with value: 64.69671630859375 and parameters: {'gradient_clip_val': 0.1134432489826679, 'hidden_size': 150, 'dropout': 0.11966427729134564, 'hidden_continuous_size': 140, 'attention_head_size': 2, 'learning_rate': 0.004267704861474482}. Best is trial 44 with value: 64.69671630859375.
LOCAL_RANK: 0 - CUDA_VISIBLE_DEVICES: [0]
[I 2023-11-30 04:28:18,122] Trial 45 finished with value: 80.28881072998047 and parameters: {'gradient_clip_val': 0.10986558517876995, 'hidden_size': 131, 'dropout': 0.10927160149438805, 'hidden_continuous_size': 117, 'attention_head_size': 3, 'learning_rate': 0.004126970338046332}. Best is trial 44 with value: 64.69671630859375.
LOCAL_RANK: 0 - CUDA_VISIBLE_DEVICES: [0]
[I 2023-11-30 04:28:31,908] Trial 46 finished with value: 89.59728240966797 and parameters: {'gradient_clip_val': 0.11453290087897874, 'hidden_size': 89, 'dropout': 0.12231552714208614, 'hidden_continuous_size': 74, 'attention_head_size': 1, 'learning_rate': 0.001667225450835914}. Best is trial 44 with value: 64.69671630859375.
LOCAL_RANK: 0 - CUDA_VISIBLE_DEVICES: [0]
[I 2023-11-30 04:28:45,834] Trial 47 finished with value: 73.8544692993164 and parameters: {'gradient_clip_val': 0.13219006883655038, 'hidden_size': 111, 'dropout': 0.11474025556794779, 'hidden_continuous_size': 92, 'attention_head_size': 2, 'learning_rate': 0.004423768437933774}. Best is trial 44 with value: 64.69671630859375.
LOCAL_RANK: 0 - CUDA_VISIBLE_DEVICES: [0]
[I 2023-11-30 04:29:00,607] Trial 48 finished with value: 82.44489288330078 and parameters: {'gradient_clip_val': 0.14897011929819667, 'hidden_size': 150, 'dropout': 0.1487768546319286, 'hidden_continuous_size': 149, 'attention_head_size': 3, 'learning_rate': 0.007938192503212458}. Best is trial 44 with value: 64.69671630859375.
LOCAL_RANK: 0 - CUDA_VISIBLE_DEVICES: [0]
[I 2023-11-30 04:29:14,540] Trial 49 finished with value: 80.47715759277344 and parameters: {'gradient_clip_val': 0.10769968735403677, 'hidden_size': 94, 'dropout': 0.17701246465959736, 'hidden_continuous_size': 81, 'attention_head_size': 2, 'learning_rate': 0.005586267950191266}. Best is trial 44 with value: 64.69671630859375.
LOCAL_RANK: 0 - CUDA_VISIBLE_DEVICES: [0]
[I 2023-11-30 04:29:29,162] Trial 50 finished with value: 70.0717544555664 and parameters: {'gradient_clip_val': 0.12201603768055111, 'hidden_size': 134, 'dropout': 0.12726173667307766, 'hidden_continuous_size': 115, 'attention_head_size': 4, 'learning_rate': 0.0030508323035219227}. Best is trial 44 with value: 64.69671630859375.
LOCAL_RANK: 0 - CUDA_VISIBLE_DEVICES: [0]
[I 2023-11-30 04:29:43,502] Trial 51 finished with value: 76.20663452148438 and parameters: {'gradient_clip_val': 0.12347575581682557, 'hidden_size': 132, 'dropout': 0.12863314817498916, 'hidden_continuous_size': 117, 'attention_head_size': 4, 'learning_rate': 0.0034593898835452164}. Best is trial 44 with value: 64.69671630859375.
LOCAL_RANK: 0 - CUDA_VISIBLE_DEVICES: [0]
[I 2023-11-30 04:29:57,615] Trial 52 finished with value: 68.20614624023438 and parameters: {'gradient_clip_val': 0.13999975137163864, 'hidden_size': 110, 'dropout': 0.1008142858439198, 'hidden_continuous_size': 88, 'attention_head_size': 4, 'learning_rate': 0.0027504078749499635}. Best is trial 44 with value: 64.69671630859375.
LOCAL_RANK: 0 - CUDA_VISIBLE_DEVICES: [0]
[I 2023-11-30 04:30:11,669] Trial 53 finished with value: 73.62364959716797 and parameters: {'gradient_clip_val': 0.1399660689381563, 'hidden_size': 111, 'dropout': 0.1019835689631472, 'hidden_continuous_size': 93, 'attention_head_size': 4, 'learning_rate': 0.002364636674202283}. Best is trial 44 with value: 64.69671630859375.
LOCAL_RANK: 0 - CUDA_VISIBLE_DEVICES: [0]
[I 2023-11-30 04:30:25,831] Trial 54 finished with value: 71.81607055664062 and parameters: {'gradient_clip_val': 0.15957708193647852, 'hidden_size': 121, 'dropout': 0.10995297814364577, 'hidden_continuous_size': 99, 'attention_head_size': 4, 'learning_rate': 0.0037104384773820605}. Best is trial 44 with value: 64.69671630859375.
LOCAL_RANK: 0 - CUDA_VISIBLE_DEVICES: [0]
[I 2023-11-30 04:30:40,674] Trial 55 finished with value: 82.60662078857422 and parameters: {'gradient_clip_val': 0.1941751440566002, 'hidden_size': 150, 'dropout': 0.15593387334227138, 'hidden_continuous_size': 130, 'attention_head_size': 3, 'learning_rate': 0.0019374848296547325}. Best is trial 44 with value: 64.69671630859375.
LOCAL_RANK: 0 - CUDA_VISIBLE_DEVICES: [0]
[I 2023-11-30 04:30:54,479] Trial 56 finished with value: 73.31644439697266 and parameters: {'gradient_clip_val': 0.1002497665942323, 'hidden_size': 96, 'dropout': 0.14109666223618428, 'hidden_continuous_size': 83, 'attention_head_size': 3, 'learning_rate': 0.005236464145515023}. Best is trial 44 with value: 64.69671630859375.
LOCAL_RANK: 0 - CUDA_VISIBLE_DEVICES: [0]
[I 2023-11-30 04:31:08,287] Trial 57 finished with value: 76.91743469238281 and parameters: {'gradient_clip_val': 0.16430553455829763, 'hidden_size': 83, 'dropout': 0.10032944809043048, 'hidden_continuous_size': 67, 'attention_head_size': 4, 'learning_rate': 0.0028076676454432273}. Best is trial 44 with value: 64.69671630859375.
LOCAL_RANK: 0 - CUDA_VISIBLE_DEVICES: [0]
[I 2023-11-30 04:31:22,101] Trial 58 finished with value: 86.04834747314453 and parameters: {'gradient_clip_val': 0.1313616624059575, 'hidden_size': 115, 'dropout': 0.13293571212606922, 'hidden_continuous_size': 62, 'attention_head_size': 2, 'learning_rate': 0.0014124948807062916}. Best is trial 44 with value: 64.69671630859375.
LOCAL_RANK: 0 - CUDA_VISIBLE_DEVICES: [0]
[I 2023-11-30 04:31:36,115] Trial 59 finished with value: 73.80066680908203 and parameters: {'gradient_clip_val': 0.17550198759485366, 'hidden_size': 105, 'dropout': 0.12063715070887122, 'hidden_continuous_size': 88, 'attention_head_size': 1, 'learning_rate': 0.004510927759724921}. Best is trial 44 with value: 64.69671630859375.
LOCAL_RANK: 0 - CUDA_VISIBLE_DEVICES: [0]
[I 2023-11-30 04:31:49,963] Trial 60 finished with value: 70.52862548828125 and parameters: {'gradient_clip_val': 0.1437159259785978, 'hidden_size': 86, 'dropout': 0.17209837850903553, 'hidden_continuous_size': 74, 'attention_head_size': 3, 'learning_rate': 0.007212560227145714}. Best is trial 44 with value: 64.69671630859375.
LOCAL_RANK: 0 - CUDA_VISIBLE_DEVICES: [0]
[I 2023-11-30 04:32:04,477] Trial 61 finished with value: 69.8879623413086 and parameters: {'gradient_clip_val': 0.11554829802937001, 'hidden_size': 137, 'dropout': 0.11977114709060006, 'hidden_continuous_size': 110, 'attention_head_size': 4, 'learning_rate': 0.0031482146586115107}. Best is trial 44 with value: 64.69671630859375.
LOCAL_RANK: 0 - CUDA_VISIBLE_DEVICES: [0]
[I 2023-11-30 04:32:19,006] Trial 62 finished with value: 81.74818420410156 and parameters: {'gradient_clip_val': 0.11942500925783911, 'hidden_size': 139, 'dropout': 0.11661076275333707, 'hidden_continuous_size': 107, 'attention_head_size': 4, 'learning_rate': 0.0025161388331136595}. Best is trial 44 with value: 64.69671630859375.
LOCAL_RANK: 0 - CUDA_VISIBLE_DEVICES: [0]
[I 2023-11-30 04:32:33,487] Trial 63 finished with value: 79.4640121459961 and parameters: {'gradient_clip_val': 0.10818863755656645, 'hidden_size': 138, 'dropout': 0.13979847367017323, 'hidden_continuous_size': 96, 'attention_head_size': 4, 'learning_rate': 0.003708106010325802}. Best is trial 44 with value: 64.69671630859375.
LOCAL_RANK: 0 - CUDA_VISIBLE_DEVICES: [0]
[I 2023-11-30 04:32:47,967] Trial 64 finished with value: 70.16765594482422 and parameters: {'gradient_clip_val': 0.15365830178728115, 'hidden_size': 121, 'dropout': 0.15571369592894532, 'hidden_continuous_size': 99, 'attention_head_size': 4, 'learning_rate': 0.0030464835163741405}. Best is trial 44 with value: 64.69671630859375.
LOCAL_RANK: 0 - CUDA_VISIBLE_DEVICES: [0]
[I 2023-11-30 04:33:02,122] Trial 65 finished with value: 74.47150421142578 and parameters: {'gradient_clip_val': 0.12991685880558457, 'hidden_size': 113, 'dropout': 0.11371743649381141, 'hidden_continuous_size': 90, 'attention_head_size': 4, 'learning_rate': 0.0021618473907269995}. Best is trial 44 with value: 64.69671630859375.
LOCAL_RANK: 0 - CUDA_VISIBLE_DEVICES: [0]
[I 2023-11-30 04:33:15,969] Trial 66 finished with value: 74.22854614257812 and parameters: {'gradient_clip_val': 0.14016774711504962, 'hidden_size': 96, 'dropout': 0.13403119604511057, 'hidden_continuous_size': 83, 'attention_head_size': 3, 'learning_rate': 0.004963424962703445}. Best is trial 44 with value: 64.69671630859375.
LOCAL_RANK: 0 - CUDA_VISIBLE_DEVICES: [0]
[I 2023-11-30 04:33:30,481] Trial 67 finished with value: 71.99356842041016 and parameters: {'gradient_clip_val': 0.11294943001438533, 'hidden_size': 138, 'dropout': 0.14625527841124855, 'hidden_continuous_size': 121, 'attention_head_size': 4, 'learning_rate': 0.005933127190065861}. Best is trial 44 with value: 64.69671630859375.
LOCAL_RANK: 0 - CUDA_VISIBLE_DEVICES: [0]
[I 2023-11-30 04:33:44,134] Trial 68 finished with value: 74.64329528808594 and parameters: {'gradient_clip_val': 0.17183459704504223, 'hidden_size': 75, 'dropout': 0.16410203155010336, 'hidden_continuous_size': 70, 'attention_head_size': 2, 'learning_rate': 0.0036560771287697867}. Best is trial 44 with value: 64.69671630859375.
LOCAL_RANK: 0 - CUDA_VISIBLE_DEVICES: [0]
[I 2023-11-30 04:33:58,244] Trial 69 finished with value: 75.66083526611328 and parameters: {'gradient_clip_val': 0.15995740987104579, 'hidden_size': 105, 'dropout': 0.10780783642375837, 'hidden_continuous_size': 88, 'attention_head_size': 3, 'learning_rate': 0.0018674706688236297}. Best is trial 44 with value: 64.69671630859375.
LOCAL_RANK: 0 - CUDA_VISIBLE_DEVICES: [0]
[I 2023-11-30 04:34:12,561] Trial 70 finished with value: 82.2555160522461 and parameters: {'gradient_clip_val': 0.10526175418814003, 'hidden_size': 127, 'dropout': 0.12345129263350972, 'hidden_continuous_size': 105, 'attention_head_size': 4, 'learning_rate': 0.002501111808350887}. Best is trial 44 with value: 64.69671630859375.
LOCAL_RANK: 0 - CUDA_VISIBLE_DEVICES: [0]
[I 2023-11-30 04:34:27,146] Trial 71 finished with value: 76.83013153076172 and parameters: {'gradient_clip_val': 0.12137020155348892, 'hidden_size': 141, 'dropout': 0.12730997688555007, 'hidden_continuous_size': 113, 'attention_head_size': 4, 'learning_rate': 0.0026652712902490282}. Best is trial 44 with value: 64.69671630859375.
LOCAL_RANK: 0 - CUDA_VISIBLE_DEVICES: [0]
[I 2023-11-30 04:34:41,407] Trial 72 finished with value: 73.03038787841797 and parameters: {'gradient_clip_val': 0.12802537506181558, 'hidden_size': 119, 'dropout': 0.13231068791097036, 'hidden_continuous_size': 102, 'attention_head_size': 4, 'learning_rate': 0.0030996524776087803}. Best is trial 44 with value: 64.69671630859375.
LOCAL_RANK: 0 - CUDA_VISIBLE_DEVICES: [0]
[I 2023-11-30 04:34:55,939] Trial 73 finished with value: 68.21065521240234 and parameters: {'gradient_clip_val': 0.14031793753104035, 'hidden_size': 135, 'dropout': 0.1502972702865761, 'hidden_continuous_size': 122, 'attention_head_size': 4, 'learning_rate': 0.0031460912676153484}. Best is trial 44 with value: 64.69671630859375.
LOCAL_RANK: 0 - CUDA_VISIBLE_DEVICES: [0]
[I 2023-11-30 04:35:10,931] Trial 74 finished with value: 70.98037719726562 and parameters: {'gradient_clip_val': 0.1394472665984182, 'hidden_size': 150, 'dropout': 0.15096845537471634, 'hidden_continuous_size': 135, 'attention_head_size': 4, 'learning_rate': 0.004610402232573299}. Best is trial 44 with value: 64.69671630859375.
LOCAL_RANK: 0 - CUDA_VISIBLE_DEVICES: [0]
[I 2023-11-30 04:35:25,171] Trial 75 finished with value: 76.77814483642578 and parameters: {'gradient_clip_val': 0.148199458543132, 'hidden_size': 111, 'dropout': 0.14113842447904307, 'hidden_continuous_size': 98, 'attention_head_size': 4, 'learning_rate': 0.004068128329996682}. Best is trial 44 with value: 64.69671630859375.
LOCAL_RANK: 0 - CUDA_VISIBLE_DEVICES: [0]
[I 2023-11-30 04:35:39,327] Trial 76 finished with value: 67.46266174316406 and parameters: {'gradient_clip_val': 0.11741530647948088, 'hidden_size': 128, 'dropout': 0.15869640929718595, 'hidden_continuous_size': 110, 'attention_head_size': 3, 'learning_rate': 0.003505342426441035}. Best is trial 44 with value: 64.69671630859375.
LOCAL_RANK: 0 - CUDA_VISIBLE_DEVICES: [0]
[I 2023-11-30 04:35:53,336] Trial 77 finished with value: 74.79642486572266 and parameters: {'gradient_clip_val': 0.1370467780850811, 'hidden_size': 91, 'dropout': 0.15937515615556366, 'hidden_continuous_size': 82, 'attention_head_size': 3, 'learning_rate': 0.006330066585720536}. Best is trial 44 with value: 64.69671630859375.
LOCAL_RANK: 0 - CUDA_VISIBLE_DEVICES: [0]
[I 2023-11-30 04:36:07,407] Trial 78 finished with value: 70.13749694824219 and parameters: {'gradient_clip_val': 0.15498645943788203, 'hidden_size': 102, 'dropout': 0.16773623148111672, 'hidden_continuous_size': 93, 'attention_head_size': 3, 'learning_rate': 0.003542548959044195}. Best is trial 44 with value: 64.69671630859375.
LOCAL_RANK: 0 - CUDA_VISIBLE_DEVICES: [0]
[I 2023-11-30 04:36:22,056] Trial 79 finished with value: 71.9990005493164 and parameters: {'gradient_clip_val': 0.18865149408544796, 'hidden_size': 129, 'dropout': 0.19000960328150304, 'hidden_continuous_size': 121, 'attention_head_size': 3, 'learning_rate': 0.00231586335699933}. Best is trial 44 with value: 64.69671630859375.
LOCAL_RANK: 0 - CUDA_VISIBLE_DEVICES: [0]
[I 2023-11-30 04:36:35,717] Trial 80 finished with value: 75.53971099853516 and parameters: {'gradient_clip_val': 0.1264315489679613, 'hidden_size': 67, 'dropout': 0.17406081361405273, 'hidden_continuous_size': 63, 'attention_head_size': 3, 'learning_rate': 0.004969307973047776}. Best is trial 44 with value: 64.69671630859375.
LOCAL_RANK: 0 - CUDA_VISIBLE_DEVICES: [0]
[I 2023-11-30 04:36:50,062] Trial 81 finished with value: 67.19954681396484 and parameters: {'gradient_clip_val': 0.11406403726969809, 'hidden_size': 122, 'dropout': 0.14468216336602294, 'hidden_continuous_size': 109, 'attention_head_size': 3, 'learning_rate': 0.0029409676314120056}. Best is trial 44 with value: 64.69671630859375.
LOCAL_RANK: 0 - CUDA_VISIBLE_DEVICES: [0]
[I 2023-11-30 04:37:04,374] Trial 82 finished with value: 70.57353973388672 and parameters: {'gradient_clip_val': 0.11633877137502979, 'hidden_size': 123, 'dropout': 0.15088485531091053, 'hidden_continuous_size': 107, 'attention_head_size': 3, 'learning_rate': 0.0028891126231342275}. Best is trial 44 with value: 64.69671630859375.
LOCAL_RANK: 0 - CUDA_VISIBLE_DEVICES: [0]
[I 2023-11-30 04:37:18,587] Trial 83 finished with value: 73.3479232788086 and parameters: {'gradient_clip_val': 0.10454981647036345, 'hidden_size': 117, 'dropout': 0.1610049467199818, 'hidden_continuous_size': 104, 'attention_head_size': 3, 'learning_rate': 0.003993535720012358}. Best is trial 44 with value: 64.69671630859375.
LOCAL_RANK: 0 - CUDA_VISIBLE_DEVICES: [0]
