[I 2023-11-30 04:37:33,040] Trial 84 finished with value: 92.0573501586914 and parameters: {'gradient_clip_val': 0.14747064156258047, 'hidden_size': 109, 'dropout': 0.17809631723981822, 'hidden_continuous_size': 97, 'attention_head_size': 3, 'learning_rate': 0.003424673833161938}. Best is trial 44 with value: 64.69671630859375.
LOCAL_RANK: 0 - CUDA_VISIBLE_DEVICES: [0]
[I 2023-11-30 04:37:47,313] Trial 85 finished with value: 69.5472640991211 and parameters: {'gradient_clip_val': 0.13230632545600446, 'hidden_size': 129, 'dropout': 0.14052786876400633, 'hidden_continuous_size': 121, 'attention_head_size': 3, 'learning_rate': 0.002113120754679384}. Best is trial 44 with value: 64.69671630859375.
LOCAL_RANK: 0 - CUDA_VISIBLE_DEVICES: [0]
[I 2023-11-30 04:38:01,823] Trial 86 finished with value: 81.49823760986328 and parameters: {'gradient_clip_val': 0.11107565721948083, 'hidden_size': 141, 'dropout': 0.14708554888395065, 'hidden_continuous_size': 128, 'attention_head_size': 2, 'learning_rate': 0.002710035582604081}. Best is trial 44 with value: 64.69671630859375.
LOCAL_RANK: 0 - CUDA_VISIBLE_DEVICES: [0]
[I 2023-11-30 04:38:15,833] Trial 87 finished with value: 69.21283721923828 and parameters: {'gradient_clip_val': 0.12620718971742903, 'hidden_size': 98, 'dropout': 0.19542766492372216, 'hidden_continuous_size': 87, 'attention_head_size': 3, 'learning_rate': 0.005631566313077103}. Best is trial 44 with value: 64.69671630859375.
LOCAL_RANK: 0 - CUDA_VISIBLE_DEVICES: [0]
[I 2023-11-30 04:38:29,751] Trial 88 finished with value: 91.36505126953125 and parameters: {'gradient_clip_val': 0.16720126980383718, 'hidden_size': 89, 'dropout': 0.20736531306438621, 'hidden_continuous_size': 85, 'attention_head_size': 3, 'learning_rate': 0.005818902025864283}. Best is trial 44 with value: 64.69671630859375.
LOCAL_RANK: 0 - CUDA_VISIBLE_DEVICES: [0]
[I 2023-11-30 04:38:43,762] Trial 89 finished with value: 70.22162628173828 and parameters: {'gradient_clip_val': 0.11918195151119623, 'hidden_size': 96, 'dropout': 0.19606752981505665, 'hidden_continuous_size': 88, 'attention_head_size': 3, 'learning_rate': 0.006664767016982854}. Best is trial 44 with value: 64.69671630859375.
LOCAL_RANK: 0 - CUDA_VISIBLE_DEVICES: [0]
[I 2023-11-30 04:38:57,635] Trial 90 finished with value: 72.18558502197266 and parameters: {'gradient_clip_val': 0.13685473078347668, 'hidden_size': 81, 'dropout': 0.1829431703969998, 'hidden_continuous_size': 77, 'attention_head_size': 3, 'learning_rate': 0.00808327214600562}. Best is trial 44 with value: 64.69671630859375.
LOCAL_RANK: 0 - CUDA_VISIBLE_DEVICES: [0]
[I 2023-11-30 04:39:11,864] Trial 91 finished with value: 76.79193115234375 and parameters: {'gradient_clip_val': 0.12177358022375824, 'hidden_size': 119, 'dropout': 0.16246925166782905, 'hidden_continuous_size': 107, 'attention_head_size': 3, 'learning_rate': 0.005258553477928294}. Best is trial 44 with value: 64.69671630859375.
LOCAL_RANK: 0 - CUDA_VISIBLE_DEVICES: [0]
[I 2023-11-30 04:39:26,003] Trial 92 finished with value: 68.51085662841797 and parameters: {'gradient_clip_val': 0.12650181519319914, 'hidden_size': 102, 'dropout': 0.16751733985662132, 'hidden_continuous_size': 95, 'attention_head_size': 3, 'learning_rate': 0.004300438470041457}. Best is trial 44 with value: 64.69671630859375.
LOCAL_RANK: 0 - CUDA_VISIBLE_DEVICES: [0]
[I 2023-11-30 04:39:40,034] Trial 93 finished with value: 69.84130096435547 and parameters: {'gradient_clip_val': 0.14366618604548417, 'hidden_size': 99, 'dropout': 0.19242200278535893, 'hidden_continuous_size': 92, 'attention_head_size': 3, 'learning_rate': 0.0044959515153400265}. Best is trial 44 with value: 64.69671630859375.
LOCAL_RANK: 0 - CUDA_VISIBLE_DEVICES: [0]
[I 2023-11-30 04:39:54,291] Trial 94 finished with value: 74.23278045654297 and parameters: {'gradient_clip_val': 0.12805884111272375, 'hidden_size': 107, 'dropout': 0.1706898774050943, 'hidden_continuous_size': 99, 'attention_head_size': 3, 'learning_rate': 0.003228850582306428}. Best is trial 44 with value: 64.69671630859375.
LOCAL_RANK: 0 - CUDA_VISIBLE_DEVICES: [0]
[I 2023-11-30 04:40:08,102] Trial 95 finished with value: 68.04692077636719 and parameters: {'gradient_clip_val': 0.1578916280293153, 'hidden_size': 86, 'dropout': 0.1892919810736511, 'hidden_continuous_size': 80, 'attention_head_size': 2, 'learning_rate': 0.004229503319534908}. Best is trial 44 with value: 64.69671630859375.
LOCAL_RANK: 0 - CUDA_VISIBLE_DEVICES: [0]
[I 2023-11-30 04:40:22,002] Trial 96 finished with value: 75.3801040649414 and parameters: {'gradient_clip_val': 0.17826351919909764, 'hidden_size': 84, 'dropout': 0.18621638480472041, 'hidden_continuous_size': 78, 'attention_head_size': 2, 'learning_rate': 0.004187823138565705}. Best is trial 44 with value: 64.69671630859375.
LOCAL_RANK: 0 - CUDA_VISIBLE_DEVICES: [0]
[I 2023-11-30 04:40:35,554] Trial 97 finished with value: 76.77986907958984 and parameters: {'gradient_clip_val': 0.15661964113652072, 'hidden_size': 72, 'dropout': 0.178146465367874, 'hidden_continuous_size': 70, 'attention_head_size': 2, 'learning_rate': 0.002901873445076705}. Best is trial 44 with value: 64.69671630859375.
LOCAL_RANK: 0 - CUDA_VISIBLE_DEVICES: [0]
[I 2023-11-30 04:40:49,240] Trial 98 finished with value: 83.00699615478516 and parameters: {'gradient_clip_val': 0.1514060952960264, 'hidden_size': 76, 'dropout': 0.13383278561589648, 'hidden_continuous_size': 74, 'attention_head_size': 2, 'learning_rate': 0.002416150327712417}. Best is trial 44 with value: 64.69671630859375.
LOCAL_RANK: 0 - CUDA_VISIBLE_DEVICES: [0]
[I 2023-11-30 04:41:02,757] Trial 99 finished with value: 80.18318939208984 and parameters: {'gradient_clip_val': 0.1611159866602523, 'hidden_size': 63, 'dropout': 0.10609635176443911, 'hidden_continuous_size': 60, 'attention_head_size': 2, 'learning_rate': 0.003756285855043116}. Best is trial 44 with value: 64.69671630859375.
LOCAL_RANK: 0 - CUDA_VISIBLE_DEVICES: [0]
[I 2023-11-30 04:41:16,815] Trial 100 finished with value: 75.16127014160156 and parameters: {'gradient_clip_val': 0.13491040819157335, 'hidden_size': 113, 'dropout': 0.15386853012833118, 'hidden_continuous_size': 103, 'attention_head_size': 2, 'learning_rate': 0.0032815072157496242}. Best is trial 44 with value: 64.69671630859375.
LOCAL_RANK: 0 - CUDA_VISIBLE_DEVICES: [0]
[I 2023-11-30 04:41:30,931] Trial 101 finished with value: 68.54672241210938 and parameters: {'gradient_clip_val': 0.11244464904212079, 'hidden_size': 103, 'dropout': 0.20502563292782908, 'hidden_continuous_size': 95, 'attention_head_size': 3, 'learning_rate': 0.004602354369916838}. Best is trial 44 with value: 64.69671630859375.
LOCAL_RANK: 0 - CUDA_VISIBLE_DEVICES: [0]
[I 2023-11-30 04:41:44,913] Trial 102 finished with value: 74.2714614868164 and parameters: {'gradient_clip_val': 0.10999045881489279, 'hidden_size': 89, 'dropout': 0.20118473472687073, 'hidden_continuous_size': 84, 'attention_head_size': 3, 'learning_rate': 0.004912437359373495}. Best is trial 44 with value: 64.69671630859375.
LOCAL_RANK: 0 - CUDA_VISIBLE_DEVICES: [0]
[I 2023-11-30 04:41:59,273] Trial 103 finished with value: 73.74694061279297 and parameters: {'gradient_clip_val': 0.1034478319748343, 'hidden_size': 125, 'dropout': 0.16698399293975166, 'hidden_continuous_size': 115, 'attention_head_size': 3, 'learning_rate': 0.004343358922637543}. Best is trial 44 with value: 64.69671630859375.
LOCAL_RANK: 0 - CUDA_VISIBLE_DEVICES: [0]
[I 2023-11-30 04:42:13,408] Trial 104 finished with value: 70.4888687133789 and parameters: {'gradient_clip_val': 0.11307542310762693, 'hidden_size': 103, 'dropout': 0.20862020508769816, 'hidden_continuous_size': 95, 'attention_head_size': 3, 'learning_rate': 0.004691147402828231}. Best is trial 44 with value: 64.69671630859375.
LOCAL_RANK: 0 - CUDA_VISIBLE_DEVICES: [0]
[I 2023-11-30 04:42:27,278] Trial 105 finished with value: 77.34524536132812 and parameters: {'gradient_clip_val': 0.11676873774308864, 'hidden_size': 78, 'dropout': 0.1861533118477759, 'hidden_continuous_size': 76, 'attention_head_size': 3, 'learning_rate': 0.0039060413774682223}. Best is trial 44 with value: 64.69671630859375.
LOCAL_RANK: 0 - CUDA_VISIBLE_DEVICES: [0]
[I 2023-11-30 04:42:41,615] Trial 106 finished with value: 68.41664123535156 and parameters: {'gradient_clip_val': 0.14650400839145228, 'hidden_size': 130, 'dropout': 0.22212333835508596, 'hidden_continuous_size': 114, 'attention_head_size': 2, 'learning_rate': 0.0033571174869027024}. Best is trial 44 with value: 64.69671630859375.
LOCAL_RANK: 0 - CUDA_VISIBLE_DEVICES: [0]
[I 2023-11-30 04:42:56,176] Trial 107 finished with value: 82.56977081298828 and parameters: {'gradient_clip_val': 0.1704592616745555, 'hidden_size': 148, 'dropout': 0.21778899517238268, 'hidden_continuous_size': 140, 'attention_head_size': 2, 'learning_rate': 0.0034597183663308433}. Best is trial 44 with value: 64.69671630859375.
LOCAL_RANK: 0 - CUDA_VISIBLE_DEVICES: [0]
[I 2023-11-30 04:43:10,406] Trial 108 finished with value: 77.01652526855469 and parameters: {'gradient_clip_val': 0.14500667291009173, 'hidden_size': 132, 'dropout': 0.11175183860862722, 'hidden_continuous_size': 113, 'attention_head_size': 2, 'learning_rate': 0.0026058520789196326}. Best is trial 44 with value: 64.69671630859375.
LOCAL_RANK: 0 - CUDA_VISIBLE_DEVICES: [0]
[I 2023-11-30 04:43:25,055] Trial 109 finished with value: 71.14315032958984 and parameters: {'gradient_clip_val': 0.16175098382706365, 'hidden_size': 142, 'dropout': 0.12374518733581079, 'hidden_continuous_size': 124, 'attention_head_size': 2, 'learning_rate': 0.002945686118789867}. Best is trial 44 with value: 64.69671630859375.
LOCAL_RANK: 0 - CUDA_VISIBLE_DEVICES: [0]
[I 2023-11-30 04:43:39,077] Trial 110 finished with value: 73.81295776367188 and parameters: {'gradient_clip_val': 0.14058066086539328, 'hidden_size': 116, 'dropout': 0.14639621543196907, 'hidden_continuous_size': 107, 'attention_head_size': 1, 'learning_rate': 0.003849148214977503}. Best is trial 44 with value: 64.69671630859375.
LOCAL_RANK: 0 - CUDA_VISIBLE_DEVICES: [0]
[I 2023-11-30 04:43:53,330] Trial 111 finished with value: 73.10919952392578 and parameters: {'gradient_clip_val': 0.13225131333957643, 'hidden_size': 125, 'dropout': 0.2247516007792784, 'hidden_continuous_size': 112, 'attention_head_size': 2, 'learning_rate': 0.003326232776282742}. Best is trial 44 with value: 64.69671630859375.
LOCAL_RANK: 0 - CUDA_VISIBLE_DEVICES: [0]
[I 2023-11-30 04:44:07,489] Trial 112 finished with value: 65.50372314453125 and parameters: {'gradient_clip_val': 0.15115440545573156, 'hidden_size': 108, 'dropout': 0.203606151019308, 'hidden_continuous_size': 101, 'attention_head_size': 3, 'learning_rate': 0.004302032242084102}. Best is trial 44 with value: 64.69671630859375.
LOCAL_RANK: 0 - CUDA_VISIBLE_DEVICES: [0]
[I 2023-11-30 04:44:21,555] Trial 113 finished with value: 71.14141082763672 and parameters: {'gradient_clip_val': 0.1797002731135277, 'hidden_size': 109, 'dropout': 0.15847279904939987, 'hidden_continuous_size': 102, 'attention_head_size': 2, 'learning_rate': 0.004215518460711232}. Best is trial 44 with value: 64.69671630859375.
LOCAL_RANK: 0 - CUDA_VISIBLE_DEVICES: [0]
[I 2023-11-30 04:44:36,241] Trial 114 finished with value: 73.29534149169922 and parameters: {'gradient_clip_val': 0.15161790341180054, 'hidden_size': 134, 'dropout': 0.19989857326298882, 'hidden_continuous_size': 118, 'attention_head_size': 3, 'learning_rate': 0.005265797997980313}. Best is trial 44 with value: 64.69671630859375.
LOCAL_RANK: 0 - CUDA_VISIBLE_DEVICES: [0]
[I 2023-11-30 04:44:50,054] Trial 115 finished with value: 74.173095703125 and parameters: {'gradient_clip_val': 0.16698402957262354, 'hidden_size': 92, 'dropout': 0.13690662683944888, 'hidden_continuous_size': 88, 'attention_head_size': 2, 'learning_rate': 0.006274614602127493}. Best is trial 44 with value: 64.69671630859375.
LOCAL_RANK: 0 - CUDA_VISIBLE_DEVICES: [0]
[I 2023-11-30 04:45:04,339] Trial 116 finished with value: 74.22240447998047 and parameters: {'gradient_clip_val': 0.14342551478426352, 'hidden_size': 122, 'dropout': 0.17307237073419537, 'hidden_continuous_size': 107, 'attention_head_size': 3, 'learning_rate': 0.0029114068924127926}. Best is trial 44 with value: 64.69671630859375.
LOCAL_RANK: 0 - CUDA_VISIBLE_DEVICES: [0]
[I 2023-11-30 04:45:18,982] Trial 117 finished with value: 65.93917846679688 and parameters: {'gradient_clip_val': 0.15775481656184606, 'hidden_size': 143, 'dropout': 0.11871932341586983, 'hidden_continuous_size': 125, 'attention_head_size': 3, 'learning_rate': 0.007203926708483038}. Best is trial 44 with value: 64.69671630859375.
LOCAL_RANK: 0 - CUDA_VISIBLE_DEVICES: [0]
[I 2023-11-30 04:45:33,606] Trial 118 finished with value: 61.962432861328125 and parameters: {'gradient_clip_val': 0.1976661943267682, 'hidden_size': 143, 'dropout': 0.10005392432507945, 'hidden_continuous_size': 127, 'attention_head_size': 3, 'learning_rate': 0.007137368014411278}. Best is trial 118 with value: 61.962432861328125.
LOCAL_RANK: 0 - CUDA_VISIBLE_DEVICES: [0]
[I 2023-11-30 04:45:44,809] Trial 119 finished with value: 73.38011932373047 and parameters: {'gradient_clip_val': 0.19030120732463385, 'hidden_size': 150, 'dropout': 0.10420637031062427, 'hidden_continuous_size': 150, 'attention_head_size': 3, 'learning_rate': 0.006791571940167632}. Best is trial 118 with value: 61.962432861328125.
LOCAL_RANK: 0 - CUDA_VISIBLE_DEVICES: [0]
[I 2023-11-30 04:45:59,443] Trial 120 finished with value: 75.21012115478516 and parameters: {'gradient_clip_val': 0.20559414106070364, 'hidden_size': 143, 'dropout': 0.11772526131662073, 'hidden_continuous_size': 127, 'attention_head_size': 3, 'learning_rate': 0.007418436094367373}. Best is trial 118 with value: 61.962432861328125.
LOCAL_RANK: 0 - CUDA_VISIBLE_DEVICES: [0]
[I 2023-11-30 04:46:13,985] Trial 121 finished with value: 76.1998062133789 and parameters: {'gradient_clip_val': 0.16005909751438577, 'hidden_size': 133, 'dropout': 0.10065989948427922, 'hidden_continuous_size': 124, 'attention_head_size': 3, 'learning_rate': 0.008867124082612922}. Best is trial 118 with value: 61.962432861328125.
LOCAL_RANK: 0 - CUDA_VISIBLE_DEVICES: [0]
[I 2023-11-30 04:46:28,681] Trial 122 finished with value: 69.36752319335938 and parameters: {'gradient_clip_val': 0.17563057606813134, 'hidden_size': 139, 'dropout': 0.10684375183275348, 'hidden_continuous_size': 132, 'attention_head_size': 3, 'learning_rate': 0.0071935723155659975}. Best is trial 118 with value: 61.962432861328125.
LOCAL_RANK: 0 - CUDA_VISIBLE_DEVICES: [0]
[I 2023-11-30 04:46:43,127] Trial 123 finished with value: 70.43260192871094 and parameters: {'gradient_clip_val': 0.18425731095582953, 'hidden_size': 130, 'dropout': 0.12888902809719163, 'hidden_continuous_size': 118, 'attention_head_size': 3, 'learning_rate': 0.00950866809456693}. Best is trial 118 with value: 61.962432861328125.
LOCAL_RANK: 0 - CUDA_VISIBLE_DEVICES: [0]
[I 2023-11-30 04:46:57,568] Trial 124 finished with value: 82.1127700805664 and parameters: {'gradient_clip_val': 0.15321641710557313, 'hidden_size': 116, 'dropout': 0.11884335641993006, 'hidden_continuous_size': 110, 'attention_head_size': 3, 'learning_rate': 0.005808138655244428}. Best is trial 118 with value: 61.962432861328125.
LOCAL_RANK: 0 - CUDA_VISIBLE_DEVICES: [0]
[I 2023-11-30 04:47:11,733] Trial 125 finished with value: 89.1427993774414 and parameters: {'gradient_clip_val': 0.1664416695408014, 'hidden_size': 126, 'dropout': 0.1136343314225533, 'hidden_continuous_size': 116, 'attention_head_size': 2, 'learning_rate': 0.0063694563192236075}. Best is trial 118 with value: 61.962432861328125.
LOCAL_RANK: 0 - CUDA_VISIBLE_DEVICES: [0]
[I 2023-11-30 04:47:26,403] Trial 126 finished with value: 72.72040557861328 and parameters: {'gradient_clip_val': 0.19620006990823197, 'hidden_size': 142, 'dropout': 0.11043085307107303, 'hidden_continuous_size': 125, 'attention_head_size': 3, 'learning_rate': 0.002249682501862249}. Best is trial 118 with value: 61.962432861328125.
LOCAL_RANK: 0 - CUDA_VISIBLE_DEVICES: [0]
[I 2023-11-30 04:47:40,594] Trial 127 finished with value: 70.9312973022461 and parameters: {'gradient_clip_val': 0.14963857738726954, 'hidden_size': 120, 'dropout': 0.12319470874819889, 'hidden_continuous_size': 111, 'attention_head_size': 3, 'learning_rate': 0.008025986935780398}. Best is trial 118 with value: 61.962432861328125.
LOCAL_RANK: 0 - CUDA_VISIBLE_DEVICES: [0]
[I 2023-11-30 04:47:55,065] Trial 128 finished with value: 71.77845764160156 and parameters: {'gradient_clip_val': 0.13703379121225792, 'hidden_size': 135, 'dropout': 0.10024797060379441, 'hidden_continuous_size': 123, 'attention_head_size': 3, 'learning_rate': 0.002562518396670771}. Best is trial 118 with value: 61.962432861328125.
LOCAL_RANK: 0 - CUDA_VISIBLE_DEVICES: [0]
[I 2023-11-30 04:48:09,346] Trial 129 finished with value: 73.88024139404297 and parameters: {'gradient_clip_val': 0.17268047950293136, 'hidden_size': 111, 'dropout': 0.13407800881200546, 'hidden_continuous_size': 102, 'attention_head_size': 2, 'learning_rate': 0.00359775844569198}. Best is trial 118 with value: 61.962432861328125.
LOCAL_RANK: 0 - CUDA_VISIBLE_DEVICES: [0]
[I 2023-11-30 04:48:24,050] Trial 130 finished with value: 67.15959930419922 and parameters: {'gradient_clip_val': 0.15731323281715737, 'hidden_size': 146, 'dropout': 0.1268336011537934, 'hidden_continuous_size': 132, 'attention_head_size': 3, 'learning_rate': 0.0031104700002345022}. Best is trial 118 with value: 61.962432861328125.
LOCAL_RANK: 0 - CUDA_VISIBLE_DEVICES: [0]
[I 2023-11-30 04:48:38,901] Trial 131 finished with value: 69.89461517333984 and parameters: {'gradient_clip_val': 0.15670551420990925, 'hidden_size': 149, 'dropout': 0.12624747814651108, 'hidden_continuous_size': 139, 'attention_head_size': 3, 'learning_rate': 0.003088740710106157}. Best is trial 118 with value: 61.962432861328125.
LOCAL_RANK: 0 - CUDA_VISIBLE_DEVICES: [0]
[I 2023-11-30 04:48:53,242] Trial 132 finished with value: 77.20587158203125 and parameters: {'gradient_clip_val': 0.14701844923836407, 'hidden_size': 130, 'dropout': 0.11977390536781755, 'hidden_continuous_size': 118, 'attention_head_size': 3, 'learning_rate': 0.002772077646584746}. Best is trial 118 with value: 61.962432861328125.
LOCAL_RANK: 0 - CUDA_VISIBLE_DEVICES: [0]
[I 2023-11-30 04:49:07,936] Trial 133 finished with value: 72.95259094238281 and parameters: {'gradient_clip_val': 0.21477826926433563, 'hidden_size': 143, 'dropout': 0.1424419982027594, 'hidden_continuous_size': 135, 'attention_head_size': 3, 'learning_rate': 0.003459066998313218}. Best is trial 118 with value: 61.962432861328125.
LOCAL_RANK: 0 - CUDA_VISIBLE_DEVICES: [0]
[I 2023-11-30 04:49:21,996] Trial 134 finished with value: 97.68465423583984 and parameters: {'gradient_clip_val': 0.18021406532947115, 'hidden_size': 136, 'dropout': 0.11267373302217876, 'hidden_continuous_size': 31, 'attention_head_size': 3, 'learning_rate': 0.003914179764190626}. Best is trial 118 with value: 61.962432861328125.
LOCAL_RANK: 0 - CUDA_VISIBLE_DEVICES: [0]
[I 2023-11-30 04:49:36,374] Trial 135 finished with value: 68.90538787841797 and parameters: {'gradient_clip_val': 0.1604794422145882, 'hidden_size': 125, 'dropout': 0.13897419797624702, 'hidden_continuous_size': 117, 'attention_head_size': 3, 'learning_rate': 0.0031429048522063755}. Best is trial 118 with value: 61.962432861328125.
LOCAL_RANK: 0 - CUDA_VISIBLE_DEVICES: [0]
[I 2023-11-30 04:49:50,610] Trial 136 finished with value: 70.26272583007812 and parameters: {'gradient_clip_val': 0.14029409244341398, 'hidden_size': 118, 'dropout': 0.10711283542895737, 'hidden_continuous_size': 109, 'attention_head_size': 3, 'learning_rate': 0.00503255538590369}. Best is trial 118 with value: 61.962432861328125.
LOCAL_RANK: 0 - CUDA_VISIBLE_DEVICES: [0]
[I 2023-11-30 04:50:04,504] Trial 137 finished with value: 76.83991241455078 and parameters: {'gradient_clip_val': 0.16885389808198237, 'hidden_size': 83, 'dropout': 0.15180709367448145, 'hidden_continuous_size': 80, 'attention_head_size': 3, 'learning_rate': 0.002516188743939927}. Best is trial 118 with value: 61.962432861328125.
LOCAL_RANK: 0 - CUDA_VISIBLE_DEVICES: [0]
[I 2023-11-30 04:50:19,123] Trial 138 finished with value: 74.8875503540039 and parameters: {'gradient_clip_val': 0.1554900349166449, 'hidden_size': 142, 'dropout': 0.12944453827306918, 'hidden_continuous_size': 139, 'attention_head_size': 2, 'learning_rate': 0.005418648120122905}. Best is trial 118 with value: 61.962432861328125.
LOCAL_RANK: 0 - CUDA_VISIBLE_DEVICES: [0]
[I 2023-11-30 04:50:33,394] Trial 139 finished with value: 68.00372314453125 and parameters: {'gradient_clip_val': 0.13483320450207115, 'hidden_size': 109, 'dropout': 0.19177737378711773, 'hidden_continuous_size': 101, 'attention_head_size': 3, 'learning_rate': 0.008583141587090585}. Best is trial 118 with value: 61.962432861328125.
LOCAL_RANK: 0 - CUDA_VISIBLE_DEVICES: [0]
[I 2023-11-30 04:50:47,402] Trial 140 finished with value: 70.42989349365234 and parameters: {'gradient_clip_val': 0.13241167625156167, 'hidden_size': 108, 'dropout': 0.19430050767208376, 'hidden_continuous_size': 102, 'attention_head_size': 3, 'learning_rate': 0.008564873517276219}. Best is trial 118 with value: 61.962432861328125.
LOCAL_RANK: 0 - CUDA_VISIBLE_DEVICES: [0]
[I 2023-11-30 04:51:01,789] Trial 141 finished with value: 80.82006072998047 and parameters: {'gradient_clip_val': 0.15060878694680482, 'hidden_size': 129, 'dropout': 0.2018829948254279, 'hidden_continuous_size': 112, 'attention_head_size': 3, 'learning_rate': 0.010436338793572805}. Best is trial 118 with value: 61.962432861328125.
LOCAL_RANK: 0 - CUDA_VISIBLE_DEVICES: [0]
