[I 2023-11-30 01:21:11,525] Trial 49 finished with value: 1562.5562744140625 and parameters: {'gradient_clip_val': 0.37057488995944193, 'hidden_size': 25, 'dropout': 0.2745129741558341, 'hidden_continuous_size': 11, 'attention_head_size': 2, 'learning_rate': 0.013527012236830305}. Best is trial 11 with value: 1190.5955810546875.
LOCAL_RANK: 0 - CUDA_VISIBLE_DEVICES: [0]
[I 2023-11-30 01:21:23,267] Trial 50 finished with value: 1911.0218505859375 and parameters: {'gradient_clip_val': 0.19269806526271976, 'hidden_size': 11, 'dropout': 0.3508482122464082, 'hidden_continuous_size': 10, 'attention_head_size': 1, 'learning_rate': 0.017726548385465103}. Best is trial 11 with value: 1190.5955810546875.
LOCAL_RANK: 0 - CUDA_VISIBLE_DEVICES: [0]
[I 2023-11-30 01:21:35,703] Trial 51 finished with value: 1352.981201171875 and parameters: {'gradient_clip_val': 0.4829353860932217, 'hidden_size': 33, 'dropout': 0.36243433203736813, 'hidden_continuous_size': 18, 'attention_head_size': 3, 'learning_rate': 0.012732628304543348}. Best is trial 11 with value: 1190.5955810546875.
LOCAL_RANK: 0 - CUDA_VISIBLE_DEVICES: [0]
[I 2023-11-30 01:21:47,697] Trial 52 finished with value: 1735.11376953125 and parameters: {'gradient_clip_val': 0.37613365419190153, 'hidden_size': 32, 'dropout': 0.3363803327552972, 'hidden_continuous_size': 12, 'attention_head_size': 3, 'learning_rate': 0.010571056840625101}. Best is trial 11 with value: 1190.5955810546875.
LOCAL_RANK: 0 - CUDA_VISIBLE_DEVICES: [0]
[I 2023-11-30 01:22:00,233] Trial 53 finished with value: 1421.6314697265625 and parameters: {'gradient_clip_val': 0.4022054777453485, 'hidden_size': 29, 'dropout': 0.36365920022978987, 'hidden_continuous_size': 16, 'attention_head_size': 3, 'learning_rate': 0.01739017570531042}. Best is trial 11 with value: 1190.5955810546875.
LOCAL_RANK: 0 - CUDA_VISIBLE_DEVICES: [0]
[I 2023-11-30 01:22:12,365] Trial 54 finished with value: 1197.3822021484375 and parameters: {'gradient_clip_val': 0.2964427089929348, 'hidden_size': 23, 'dropout': 0.386832706540305, 'hidden_continuous_size': 13, 'attention_head_size': 3, 'learning_rate': 0.022244986890716866}. Best is trial 11 with value: 1190.5955810546875.
LOCAL_RANK: 0 - CUDA_VISIBLE_DEVICES: [0]
[I 2023-11-30 01:22:24,441] Trial 55 finished with value: 1091.1256103515625 and parameters: {'gradient_clip_val': 0.2950002541354462, 'hidden_size': 22, 'dropout': 0.3899515661275683, 'hidden_continuous_size': 13, 'attention_head_size': 4, 'learning_rate': 0.028333013011281445}. Best is trial 55 with value: 1091.1256103515625.
LOCAL_RANK: 0 - CUDA_VISIBLE_DEVICES: [0]
[I 2023-11-30 01:22:36,439] Trial 56 finished with value: 1259.4127197265625 and parameters: {'gradient_clip_val': 0.2567133078965414, 'hidden_size': 22, 'dropout': 0.3934698847470257, 'hidden_continuous_size': 13, 'attention_head_size': 4, 'learning_rate': 0.028738818476054685}. Best is trial 55 with value: 1091.1256103515625.
LOCAL_RANK: 0 - CUDA_VISIBLE_DEVICES: [0]
[I 2023-11-30 01:22:48,480] Trial 57 finished with value: 1356.0478515625 and parameters: {'gradient_clip_val': 0.2897517381119609, 'hidden_size': 18, 'dropout': 0.38929522690587015, 'hidden_continuous_size': 12, 'attention_head_size': 4, 'learning_rate': 0.03427054534863535}. Best is trial 55 with value: 1091.1256103515625.
LOCAL_RANK: 0 - CUDA_VISIBLE_DEVICES: [0]
[I 2023-11-30 01:23:00,432] Trial 58 finished with value: 1512.3922119140625 and parameters: {'gradient_clip_val': 0.2649757319972819, 'hidden_size': 24, 'dropout': 0.37993249900666054, 'hidden_continuous_size': 11, 'attention_head_size': 4, 'learning_rate': 0.021930138026198472}. Best is trial 55 with value: 1091.1256103515625.
LOCAL_RANK: 0 - CUDA_VISIBLE_DEVICES: [0]
[I 2023-11-30 01:23:12,414] Trial 59 finished with value: 1312.6685791015625 and parameters: {'gradient_clip_val': 0.29742645782829136, 'hidden_size': 22, 'dropout': 0.39150789677694214, 'hidden_continuous_size': 13, 'attention_head_size': 4, 'learning_rate': 0.027523590620837812}. Best is trial 55 with value: 1091.1256103515625.
LOCAL_RANK: 0 - CUDA_VISIBLE_DEVICES: [0]
[I 2023-11-30 01:23:24,403] Trial 60 finished with value: 1327.4150390625 and parameters: {'gradient_clip_val': 0.3409713304242087, 'hidden_size': 19, 'dropout': 0.3738298234621994, 'hidden_continuous_size': 10, 'attention_head_size': 3, 'learning_rate': 0.042764803029279486}. Best is trial 55 with value: 1091.1256103515625.
LOCAL_RANK: 0 - CUDA_VISIBLE_DEVICES: [0]
[I 2023-11-30 01:23:36,325] Trial 61 finished with value: 1149.0323486328125 and parameters: {'gradient_clip_val': 0.2512468568214445, 'hidden_size': 22, 'dropout': 0.39818345662018245, 'hidden_continuous_size': 13, 'attention_head_size': 4, 'learning_rate': 0.029870544705162785}. Best is trial 55 with value: 1091.1256103515625.
LOCAL_RANK: 0 - CUDA_VISIBLE_DEVICES: [0]
[I 2023-11-30 01:23:48,609] Trial 62 finished with value: 1209.920166015625 and parameters: {'gradient_clip_val': 0.23270773331675096, 'hidden_size': 25, 'dropout': 0.39696665962866984, 'hidden_continuous_size': 12, 'attention_head_size': 4, 'learning_rate': 0.021278541891919495}. Best is trial 55 with value: 1091.1256103515625.
LOCAL_RANK: 0 - CUDA_VISIBLE_DEVICES: [0]
[I 2023-11-30 01:24:00,439] Trial 63 finished with value: 1407.5413818359375 and parameters: {'gradient_clip_val': 0.22468156555165597, 'hidden_size': 20, 'dropout': 0.39817363174391085, 'hidden_continuous_size': 13, 'attention_head_size': 4, 'learning_rate': 0.033250380883877724}. Best is trial 55 with value: 1091.1256103515625.
LOCAL_RANK: 0 - CUDA_VISIBLE_DEVICES: [0]
[I 2023-11-30 01:24:12,543] Trial 64 finished with value: 1381.9267578125 and parameters: {'gradient_clip_val': 0.23776712558211938, 'hidden_size': 17, 'dropout': 0.3874482574315487, 'hidden_continuous_size': 12, 'attention_head_size': 4, 'learning_rate': 0.022032930872303007}. Best is trial 55 with value: 1091.1256103515625.
LOCAL_RANK: 0 - CUDA_VISIBLE_DEVICES: [0]
[I 2023-11-30 01:24:24,478] Trial 65 finished with value: 1289.366943359375 and parameters: {'gradient_clip_val': 0.2599687513958406, 'hidden_size': 22, 'dropout': 0.3719221220449874, 'hidden_continuous_size': 14, 'attention_head_size': 4, 'learning_rate': 0.025559148106341054}. Best is trial 55 with value: 1091.1256103515625.
LOCAL_RANK: 0 - CUDA_VISIBLE_DEVICES: [0]
[I 2023-11-30 01:24:36,739] Trial 66 finished with value: 1562.0589599609375 and parameters: {'gradient_clip_val': 0.3218920085863, 'hidden_size': 27, 'dropout': 0.3999812629612798, 'hidden_continuous_size': 15, 'attention_head_size': 4, 'learning_rate': 0.035495990824049244}. Best is trial 55 with value: 1091.1256103515625.
LOCAL_RANK: 0 - CUDA_VISIBLE_DEVICES: [0]
[I 2023-11-30 01:24:48,738] Trial 67 finished with value: 1273.1895751953125 and parameters: {'gradient_clip_val': 0.2911496014514185, 'hidden_size': 24, 'dropout': 0.38712158861883794, 'hidden_continuous_size': 12, 'attention_head_size': 4, 'learning_rate': 0.046024897397452885}. Best is trial 55 with value: 1091.1256103515625.
LOCAL_RANK: 0 - CUDA_VISIBLE_DEVICES: [0]
[I 2023-11-30 01:25:00,809] Trial 68 finished with value: 1420.0 and parameters: {'gradient_clip_val': 0.27564944136678116, 'hidden_size': 15, 'dropout': 0.37855146649459503, 'hidden_continuous_size': 13, 'attention_head_size': 4, 'learning_rate': 0.030591428245820906}. Best is trial 55 with value: 1091.1256103515625.
LOCAL_RANK: 0 - CUDA_VISIBLE_DEVICES: [0]
[I 2023-11-30 01:25:13,019] Trial 69 finished with value: 1346.3873291015625 and parameters: {'gradient_clip_val': 0.2240311237269691, 'hidden_size': 29, 'dropout': 0.35509583075221707, 'hidden_continuous_size': 11, 'attention_head_size': 4, 'learning_rate': 0.023233399148596484}. Best is trial 55 with value: 1091.1256103515625.
LOCAL_RANK: 0 - CUDA_VISIBLE_DEVICES: [0]
[I 2023-11-30 01:25:25,027] Trial 70 finished with value: 1973.4866943359375 and parameters: {'gradient_clip_val': 0.2428196964588397, 'hidden_size': 19, 'dropout': 0.39106996964184976, 'hidden_continuous_size': 13, 'attention_head_size': 3, 'learning_rate': 0.015947191058000323}. Best is trial 55 with value: 1091.1256103515625.
LOCAL_RANK: 0 - CUDA_VISIBLE_DEVICES: [0]
[I 2023-11-30 01:25:36,829] Trial 71 finished with value: 1392.0263671875 and parameters: {'gradient_clip_val': 0.32261749264899353, 'hidden_size': 24, 'dropout': 0.3724163308286797, 'hidden_continuous_size': 14, 'attention_head_size': 4, 'learning_rate': 0.019273052449994846}. Best is trial 55 with value: 1091.1256103515625.
LOCAL_RANK: 0 - CUDA_VISIBLE_DEVICES: [0]
[I 2023-11-30 01:25:48,915] Trial 72 finished with value: 1300.1322021484375 and parameters: {'gradient_clip_val': 0.3007608280766087, 'hidden_size': 26, 'dropout': 0.3825930838344787, 'hidden_continuous_size': 12, 'attention_head_size': 3, 'learning_rate': 0.020179022273871288}. Best is trial 55 with value: 1091.1256103515625.
LOCAL_RANK: 0 - CUDA_VISIBLE_DEVICES: [0]
[I 2023-11-30 01:26:01,087] Trial 73 finished with value: 1183.8184814453125 and parameters: {'gradient_clip_val': 0.3803731822597554, 'hidden_size': 25, 'dropout': 0.3468807542491114, 'hidden_continuous_size': 11, 'attention_head_size': 4, 'learning_rate': 0.0258973676546186}. Best is trial 55 with value: 1091.1256103515625.
LOCAL_RANK: 0 - CUDA_VISIBLE_DEVICES: [0]
[I 2023-11-30 01:26:13,222] Trial 74 finished with value: 1443.7677001953125 and parameters: {'gradient_clip_val': 0.3319623179796567, 'hidden_size': 21, 'dropout': 0.3458619284930611, 'hidden_continuous_size': 12, 'attention_head_size': 4, 'learning_rate': 0.027125819098705792}. Best is trial 55 with value: 1091.1256103515625.
LOCAL_RANK: 0 - CUDA_VISIBLE_DEVICES: [0]
[I 2023-11-30 01:26:25,324] Trial 75 finished with value: 1341.2655029296875 and parameters: {'gradient_clip_val': 0.26833934143568616, 'hidden_size': 23, 'dropout': 0.36876186024441937, 'hidden_continuous_size': 11, 'attention_head_size': 4, 'learning_rate': 0.037810728658607046}. Best is trial 55 with value: 1091.1256103515625.
LOCAL_RANK: 0 - CUDA_VISIBLE_DEVICES: [0]
[I 2023-11-30 01:26:37,448] Trial 76 finished with value: 1311.425048828125 and parameters: {'gradient_clip_val': 0.3686322395497753, 'hidden_size': 27, 'dropout': 0.35837203767347736, 'hidden_continuous_size': 15, 'attention_head_size': 4, 'learning_rate': 0.029790333856907922}. Best is trial 55 with value: 1091.1256103515625.
LOCAL_RANK: 0 - CUDA_VISIBLE_DEVICES: [0]
[I 2023-11-30 01:26:49,543] Trial 77 finished with value: 1221.3131103515625 and parameters: {'gradient_clip_val': 0.30351811857804306, 'hidden_size': 17, 'dropout': 0.3997197854513935, 'hidden_continuous_size': 13, 'attention_head_size': 4, 'learning_rate': 0.024248776002732907}. Best is trial 55 with value: 1091.1256103515625.
LOCAL_RANK: 0 - CUDA_VISIBLE_DEVICES: [0]
[I 2023-11-30 01:27:02,045] Trial 78 finished with value: 1391.09423828125 and parameters: {'gradient_clip_val': 0.30670620546620136, 'hidden_size': 30, 'dropout': 0.3942076091849091, 'hidden_continuous_size': 14, 'attention_head_size': 4, 'learning_rate': 0.025262504957683007}. Best is trial 55 with value: 1091.1256103515625.
LOCAL_RANK: 0 - CUDA_VISIBLE_DEVICES: [0]
[I 2023-11-30 01:27:14,027] Trial 79 finished with value: 1665.1484375 and parameters: {'gradient_clip_val': 0.24804548159593487, 'hidden_size': 17, 'dropout': 0.3846337816118622, 'hidden_continuous_size': 13, 'attention_head_size': 4, 'learning_rate': 0.0541881018503161}. Best is trial 55 with value: 1091.1256103515625.
LOCAL_RANK: 0 - CUDA_VISIBLE_DEVICES: [0]
[I 2023-11-30 01:27:26,028] Trial 80 finished with value: 1604.7938232421875 and parameters: {'gradient_clip_val': 0.28695678848203393, 'hidden_size': 14, 'dropout': 0.39347240174735254, 'hidden_continuous_size': 13, 'attention_head_size': 4, 'learning_rate': 0.03863434631112875}. Best is trial 55 with value: 1091.1256103515625.
LOCAL_RANK: 0 - CUDA_VISIBLE_DEVICES: [0]
[I 2023-11-30 01:27:37,834] Trial 81 finished with value: 1646.3580322265625 and parameters: {'gradient_clip_val': 0.3306298846194107, 'hidden_size': 20, 'dropout': 0.399831544818535, 'hidden_continuous_size': 12, 'attention_head_size': 4, 'learning_rate': 0.01573966583543874}. Best is trial 55 with value: 1091.1256103515625.
LOCAL_RANK: 0 - CUDA_VISIBLE_DEVICES: [0]
[I 2023-11-30 01:27:49,775] Trial 82 finished with value: 1770.1361083984375 and parameters: {'gradient_clip_val': 0.2740446186902762, 'hidden_size': 18, 'dropout': 0.379299810506228, 'hidden_continuous_size': 13, 'attention_head_size': 3, 'learning_rate': 0.021185482757480528}. Best is trial 55 with value: 1091.1256103515625.
LOCAL_RANK: 0 - CUDA_VISIBLE_DEVICES: [0]
[I 2023-11-30 01:28:01,861] Trial 83 finished with value: 1341.0416259765625 and parameters: {'gradient_clip_val': 0.3804161997498582, 'hidden_size': 16, 'dropout': 0.3823167331669128, 'hidden_continuous_size': 11, 'attention_head_size': 4, 'learning_rate': 0.026155898577096937}. Best is trial 55 with value: 1091.1256103515625.
LOCAL_RANK: 0 - CUDA_VISIBLE_DEVICES: [0]
[I 2023-11-30 01:28:13,988] Trial 84 finished with value: 1291.108642578125 and parameters: {'gradient_clip_val': 0.31188005781376943, 'hidden_size': 25, 'dropout': 0.367858921716739, 'hidden_continuous_size': 14, 'attention_head_size': 4, 'learning_rate': 0.023880839671998836}. Best is trial 55 with value: 1091.1256103515625.
LOCAL_RANK: 0 - CUDA_VISIBLE_DEVICES: [0]
[I 2023-11-30 01:28:25,954] Trial 85 finished with value: 1374.0982666015625 and parameters: {'gradient_clip_val': 0.3439969080706919, 'hidden_size': 22, 'dropout': 0.35719829293818023, 'hidden_continuous_size': 11, 'attention_head_size': 3, 'learning_rate': 0.03194743342976161}. Best is trial 55 with value: 1091.1256103515625.
LOCAL_RANK: 0 - CUDA_VISIBLE_DEVICES: [0]
[I 2023-11-30 01:28:38,008] Trial 86 finished with value: 1756.9593505859375 and parameters: {'gradient_clip_val': 0.26003932420159204, 'hidden_size': 19, 'dropout': 0.3493407822602336, 'hidden_continuous_size': 13, 'attention_head_size': 4, 'learning_rate': 0.016605309867994356}. Best is trial 55 with value: 1091.1256103515625.
LOCAL_RANK: 0 - CUDA_VISIBLE_DEVICES: [0]
[I 2023-11-30 01:28:50,154] Trial 87 finished with value: 1801.5504150390625 and parameters: {'gradient_clip_val': 0.2979111983322336, 'hidden_size': 13, 'dropout': 0.37221713319954486, 'hidden_continuous_size': 10, 'attention_head_size': 4, 'learning_rate': 0.01993066039327485}. Best is trial 55 with value: 1091.1256103515625.
LOCAL_RANK: 0 - CUDA_VISIBLE_DEVICES: [0]
[I 2023-11-30 01:29:02,042] Trial 88 finished with value: 1781.1884765625 and parameters: {'gradient_clip_val': 0.3578691774491066, 'hidden_size': 28, 'dropout': 0.3899025987358977, 'hidden_continuous_size': 11, 'attention_head_size': 2, 'learning_rate': 0.013890363448153437}. Best is trial 55 with value: 1091.1256103515625.
LOCAL_RANK: 0 - CUDA_VISIBLE_DEVICES: [0]
[I 2023-11-30 01:29:14,279] Trial 89 finished with value: 1333.740478515625 and parameters: {'gradient_clip_val': 0.23224588525728687, 'hidden_size': 32, 'dropout': 0.3765248686786016, 'hidden_continuous_size': 16, 'attention_head_size': 3, 'learning_rate': 0.023352788980368456}. Best is trial 55 with value: 1091.1256103515625.
LOCAL_RANK: 0 - CUDA_VISIBLE_DEVICES: [0]
[I 2023-11-30 01:29:26,372] Trial 90 finished with value: 1756.3934326171875 and parameters: {'gradient_clip_val': 0.20122563451953596, 'hidden_size': 21, 'dropout': 0.3663637262031489, 'hidden_continuous_size': 12, 'attention_head_size': 4, 'learning_rate': 0.01777742097194754}. Best is trial 55 with value: 1091.1256103515625.
LOCAL_RANK: 0 - CUDA_VISIBLE_DEVICES: [0]
[I 2023-11-30 01:29:38,270] Trial 91 finished with value: 1307.2310791015625 and parameters: {'gradient_clip_val': 0.41810487250661876, 'hidden_size': 26, 'dropout': 0.34067843648190205, 'hidden_continuous_size': 10, 'attention_head_size': 1, 'learning_rate': 0.01914741013407015}. Best is trial 55 with value: 1091.1256103515625.
LOCAL_RANK: 0 - CUDA_VISIBLE_DEVICES: [0]
[I 2023-11-30 01:29:50,226] Trial 92 finished with value: 1420.2001953125 and parameters: {'gradient_clip_val': 0.35882515085672295, 'hidden_size': 25, 'dropout': 0.32271349006925054, 'hidden_continuous_size': 10, 'attention_head_size': 1, 'learning_rate': 0.02925211859517131}. Best is trial 55 with value: 1091.1256103515625.
LOCAL_RANK: 0 - CUDA_VISIBLE_DEVICES: [0]
[I 2023-11-30 01:30:01,928] Trial 93 finished with value: 1301.7559814453125 and parameters: {'gradient_clip_val': 0.3836849606732318, 'hidden_size': 24, 'dropout': 0.39343798476950836, 'hidden_continuous_size': 10, 'attention_head_size': 1, 'learning_rate': 0.02131211334092725}. Best is trial 55 with value: 1091.1256103515625.
LOCAL_RANK: 0 - CUDA_VISIBLE_DEVICES: [0]
[I 2023-11-30 01:30:14,042] Trial 94 finished with value: 1546.1546630859375 and parameters: {'gradient_clip_val': 0.3219909950708874, 'hidden_size': 30, 'dropout': 0.3328543291784646, 'hidden_continuous_size': 11, 'attention_head_size': 2, 'learning_rate': 0.015244899455398869}. Best is trial 55 with value: 1091.1256103515625.
LOCAL_RANK: 0 - CUDA_VISIBLE_DEVICES: [0]
[I 2023-11-30 01:30:26,191] Trial 95 finished with value: 1251.181884765625 and parameters: {'gradient_clip_val': 0.2786093487301024, 'hidden_size': 23, 'dropout': 0.384201121148551, 'hidden_continuous_size': 14, 'attention_head_size': 4, 'learning_rate': 0.03537889218783917}. Best is trial 55 with value: 1091.1256103515625.
LOCAL_RANK: 0 - CUDA_VISIBLE_DEVICES: [0]
[I 2023-11-30 01:30:38,219] Trial 96 finished with value: 1280.2305908203125 and parameters: {'gradient_clip_val': 0.2862239599803565, 'hidden_size': 23, 'dropout': 0.38340737076930753, 'hidden_continuous_size': 14, 'attention_head_size': 4, 'learning_rate': 0.03675177235263522}. Best is trial 55 with value: 1091.1256103515625.
LOCAL_RANK: 0 - CUDA_VISIBLE_DEVICES: [0]
[I 2023-11-30 01:30:50,272] Trial 97 finished with value: 1297.4102783203125 and parameters: {'gradient_clip_val': 0.2650259702541884, 'hidden_size': 20, 'dropout': 0.3997827416179083, 'hidden_continuous_size': 13, 'attention_head_size': 4, 'learning_rate': 0.03269785845141234}. Best is trial 55 with value: 1091.1256103515625.
LOCAL_RANK: 0 - CUDA_VISIBLE_DEVICES: [0]
[I 2023-11-30 01:31:02,495] Trial 98 finished with value: 1295.1268310546875 and parameters: {'gradient_clip_val': 0.2509525704229555, 'hidden_size': 22, 'dropout': 0.38622339767408237, 'hidden_continuous_size': 14, 'attention_head_size': 4, 'learning_rate': 0.027652084107235523}. Best is trial 55 with value: 1091.1256103515625.
LOCAL_RANK: 0 - CUDA_VISIBLE_DEVICES: [0]
[I 2023-11-30 01:31:14,581] Trial 99 finished with value: 1204.7242431640625 and parameters: {'gradient_clip_val': 0.2959988636471306, 'hidden_size': 18, 'dropout': 0.36266438615493546, 'hidden_continuous_size': 13, 'attention_head_size': 4, 'learning_rate': 0.02425119812406033}. Best is trial 55 with value: 1091.1256103515625.
LOCAL_RANK: 0 - CUDA_VISIBLE_DEVICES: [0]
[I 2023-11-30 01:31:26,622] Trial 100 finished with value: 1238.7064208984375 and parameters: {'gradient_clip_val': 0.30820508302339894, 'hidden_size': 18, 'dropout': 0.37726977400858247, 'hidden_continuous_size': 13, 'attention_head_size': 4, 'learning_rate': 0.034420507768821294}. Best is trial 55 with value: 1091.1256103515625.
LOCAL_RANK: 0 - CUDA_VISIBLE_DEVICES: [0]
[I 2023-11-30 01:31:38,720] Trial 101 finished with value: 1264.6627197265625 and parameters: {'gradient_clip_val': 0.2757984207879997, 'hidden_size': 17, 'dropout': 0.3781435289024773, 'hidden_continuous_size': 13, 'attention_head_size': 4, 'learning_rate': 0.042314862753246224}. Best is trial 55 with value: 1091.1256103515625.
LOCAL_RANK: 0 - CUDA_VISIBLE_DEVICES: [0]
[I 2023-11-30 01:31:50,877] Trial 102 finished with value: 1477.0130615234375 and parameters: {'gradient_clip_val': 0.3062471808627659, 'hidden_size': 18, 'dropout': 0.39324858418457415, 'hidden_continuous_size': 13, 'attention_head_size': 4, 'learning_rate': 0.025328902046795956}. Best is trial 55 with value: 1091.1256103515625.
LOCAL_RANK: 0 - CUDA_VISIBLE_DEVICES: [0]
[I 2023-11-30 01:32:02,938] Trial 103 finished with value: 1232.717041015625 and parameters: {'gradient_clip_val': 0.2965132123615672, 'hidden_size': 21, 'dropout': 0.3682584183146835, 'hidden_continuous_size': 13, 'attention_head_size': 4, 'learning_rate': 0.03528689230325261}. Best is trial 55 with value: 1091.1256103515625.
LOCAL_RANK: 0 - CUDA_VISIBLE_DEVICES: [0]
[I 2023-11-30 01:32:14,989] Trial 104 finished with value: 1332.7403564453125 and parameters: {'gradient_clip_val': 0.3137929674813515, 'hidden_size': 21, 'dropout': 0.36049078221973563, 'hidden_continuous_size': 13, 'attention_head_size': 4, 'learning_rate': 0.03193861482214466}. Best is trial 55 with value: 1091.1256103515625.
LOCAL_RANK: 0 - CUDA_VISIBLE_DEVICES: [0]
[I 2023-11-30 01:32:27,008] Trial 105 finished with value: 1259.3167724609375 and parameters: {'gradient_clip_val': 0.29343736542664256, 'hidden_size': 19, 'dropout': 0.3682276152872494, 'hidden_continuous_size': 13, 'attention_head_size': 4, 'learning_rate': 0.02869708229668684}. Best is trial 55 with value: 1091.1256103515625.
LOCAL_RANK: 0 - CUDA_VISIBLE_DEVICES: [0]
[I 2023-11-30 01:32:39,024] Trial 106 finished with value: 2002.10546875 and parameters: {'gradient_clip_val': 0.333509957314008, 'hidden_size': 15, 'dropout': 0.3731698392257899, 'hidden_continuous_size': 13, 'attention_head_size': 4, 'learning_rate': 0.023162151542389844}. Best is trial 55 with value: 1091.1256103515625.
LOCAL_RANK: 0 - CUDA_VISIBLE_DEVICES: [0]
[I 2023-11-30 01:32:51,058] Trial 107 finished with value: 1167.3162841796875 and parameters: {'gradient_clip_val': 0.254578889877641, 'hidden_size': 20, 'dropout': 0.35121560944785724, 'hidden_continuous_size': 12, 'attention_head_size': 4, 'learning_rate': 0.025259236224903246}. Best is trial 55 with value: 1091.1256103515625.
LOCAL_RANK: 0 - CUDA_VISIBLE_DEVICES: [0]
