[I 2023-11-30 02:56:23,260] Trial 70 finished with value: 2994.027099609375 and parameters: {'gradient_clip_val': 0.1766076207289134, 'hidden_size': 93, 'dropout': 0.34847737500754866, 'hidden_continuous_size': 37, 'attention_head_size': 3, 'learning_rate': 0.02600675817511744}. Best is trial 3 with value: 2148.797119140625.
LOCAL_RANK: 0 - CUDA_VISIBLE_DEVICES: [0]
[I 2023-11-30 02:56:37,179] Trial 71 finished with value: 2290.039306640625 and parameters: {'gradient_clip_val': 0.1572362223481309, 'hidden_size': 101, 'dropout': 0.3836117325909407, 'hidden_continuous_size': 39, 'attention_head_size': 4, 'learning_rate': 0.020345670787990124}. Best is trial 3 with value: 2148.797119140625.
LOCAL_RANK: 0 - CUDA_VISIBLE_DEVICES: [0]
[I 2023-11-30 02:56:51,439] Trial 72 finished with value: 2580.106201171875 and parameters: {'gradient_clip_val': 0.12846551156587832, 'hidden_size': 127, 'dropout': 0.37104958046932013, 'hidden_continuous_size': 48, 'attention_head_size': 4, 'learning_rate': 0.04022421531422762}. Best is trial 3 with value: 2148.797119140625.
LOCAL_RANK: 0 - CUDA_VISIBLE_DEVICES: [0]
[I 2023-11-30 02:57:05,599] Trial 73 finished with value: 2784.798828125 and parameters: {'gradient_clip_val': 0.1463414741337377, 'hidden_size': 111, 'dropout': 0.3907481198546748, 'hidden_continuous_size': 42, 'attention_head_size': 4, 'learning_rate': 0.030813446376087135}. Best is trial 3 with value: 2148.797119140625.
LOCAL_RANK: 0 - CUDA_VISIBLE_DEVICES: [0]
[I 2023-11-30 02:57:19,507] Trial 74 finished with value: 2631.611328125 and parameters: {'gradient_clip_val': 0.13722083358161258, 'hidden_size': 122, 'dropout': 0.3787061310233221, 'hidden_continuous_size': 33, 'attention_head_size': 3, 'learning_rate': 0.013363367021048102}. Best is trial 3 with value: 2148.797119140625.
LOCAL_RANK: 0 - CUDA_VISIBLE_DEVICES: [0]
[I 2023-11-30 02:57:33,234] Trial 75 finished with value: 2719.860595703125 and parameters: {'gradient_clip_val': 0.169525996322042, 'hidden_size': 99, 'dropout': 0.359115475645741, 'hidden_continuous_size': 36, 'attention_head_size': 1, 'learning_rate': 0.0195557670156049}. Best is trial 3 with value: 2148.797119140625.
LOCAL_RANK: 0 - CUDA_VISIBLE_DEVICES: [0]
[I 2023-11-30 02:57:47,116] Trial 76 finished with value: 2662.180908203125 and parameters: {'gradient_clip_val': 0.15963211000212243, 'hidden_size': 90, 'dropout': 0.3672174975268226, 'hidden_continuous_size': 30, 'attention_head_size': 4, 'learning_rate': 0.023161608633212694}. Best is trial 3 with value: 2148.797119140625.
LOCAL_RANK: 0 - CUDA_VISIBLE_DEVICES: [0]
[I 2023-11-30 02:58:00,730] Trial 77 finished with value: 2670.930908203125 and parameters: {'gradient_clip_val': 0.10645392747435688, 'hidden_size': 82, 'dropout': 0.3383218955584649, 'hidden_continuous_size': 26, 'attention_head_size': 3, 'learning_rate': 0.015203037995054604}. Best is trial 3 with value: 2148.797119140625.
LOCAL_RANK: 0 - CUDA_VISIBLE_DEVICES: [0]
[I 2023-11-30 02:58:14,493] Trial 78 finished with value: 2282.2431640625 and parameters: {'gradient_clip_val': 0.12847024986438593, 'hidden_size': 104, 'dropout': 0.3215348935820716, 'hidden_continuous_size': 28, 'attention_head_size': 3, 'learning_rate': 0.027405172582488525}. Best is trial 3 with value: 2148.797119140625.
LOCAL_RANK: 0 - CUDA_VISIBLE_DEVICES: [0]
[I 2023-11-30 02:58:28,690] Trial 79 finished with value: 2465.8740234375 and parameters: {'gradient_clip_val': 0.12412773901067228, 'hidden_size': 139, 'dropout': 0.3186383161276107, 'hidden_continuous_size': 24, 'attention_head_size': 3, 'learning_rate': 0.0378671915637028}. Best is trial 3 with value: 2148.797119140625.
LOCAL_RANK: 0 - CUDA_VISIBLE_DEVICES: [0]
[I 2023-11-30 02:58:42,706] Trial 80 finished with value: 2629.77880859375 and parameters: {'gradient_clip_val': 0.1156862238041849, 'hidden_size': 107, 'dropout': 0.3497351879844994, 'hidden_continuous_size': 28, 'attention_head_size': 3, 'learning_rate': 0.028347141544893324}. Best is trial 3 with value: 2148.797119140625.
LOCAL_RANK: 0 - CUDA_VISIBLE_DEVICES: [0]
[I 2023-11-30 02:58:56,844] Trial 81 finished with value: 2931.055419921875 and parameters: {'gradient_clip_val': 0.14805668137053207, 'hidden_size': 117, 'dropout': 0.3570690721369792, 'hidden_continuous_size': 31, 'attention_head_size': 3, 'learning_rate': 0.02662579490862557}. Best is trial 3 with value: 2148.797119140625.
LOCAL_RANK: 0 - CUDA_VISIBLE_DEVICES: [0]
[I 2023-11-30 02:59:10,800] Trial 82 finished with value: 2832.139892578125 and parameters: {'gradient_clip_val': 0.13285154778359223, 'hidden_size': 98, 'dropout': 0.32600120288846435, 'hidden_continuous_size': 33, 'attention_head_size': 3, 'learning_rate': 0.03225825775376696}. Best is trial 3 with value: 2148.797119140625.
LOCAL_RANK: 0 - CUDA_VISIBLE_DEVICES: [0]
[I 2023-11-30 02:59:24,497] Trial 83 finished with value: 2227.607666015625 and parameters: {'gradient_clip_val': 0.10609020936279133, 'hidden_size': 90, 'dropout': 0.37374621268911895, 'hidden_continuous_size': 34, 'attention_head_size': 3, 'learning_rate': 0.023382344386442513}. Best is trial 3 with value: 2148.797119140625.
LOCAL_RANK: 0 - CUDA_VISIBLE_DEVICES: [0]
[I 2023-11-30 02:59:37,903] Trial 84 finished with value: 2477.047607421875 and parameters: {'gradient_clip_val': 0.10610452669757238, 'hidden_size': 76, 'dropout': 0.31322707906409275, 'hidden_continuous_size': 28, 'attention_head_size': 3, 'learning_rate': 0.04316814011837353}. Best is trial 3 with value: 2148.797119140625.
LOCAL_RANK: 0 - CUDA_VISIBLE_DEVICES: [0]
[I 2023-11-30 02:59:51,705] Trial 85 finished with value: 2521.43798828125 and parameters: {'gradient_clip_val': 0.11890553328956627, 'hidden_size': 88, 'dropout': 0.34333678619428554, 'hidden_continuous_size': 39, 'attention_head_size': 3, 'learning_rate': 0.024332856982350243}. Best is trial 3 with value: 2148.797119140625.
LOCAL_RANK: 0 - CUDA_VISIBLE_DEVICES: [0]
[I 2023-11-30 03:00:05,988] Trial 86 finished with value: 2730.778564453125 and parameters: {'gradient_clip_val': 0.10991129152349871, 'hidden_size': 126, 'dropout': 0.30160972032878225, 'hidden_continuous_size': 30, 'attention_head_size': 3, 'learning_rate': 0.01616049313538997}. Best is trial 3 with value: 2148.797119140625.
LOCAL_RANK: 0 - CUDA_VISIBLE_DEVICES: [0]
[I 2023-11-30 03:00:19,925] Trial 87 finished with value: 2889.724609375 and parameters: {'gradient_clip_val': 0.12706573056462528, 'hidden_size': 107, 'dropout': 0.3742603505747877, 'hidden_continuous_size': 44, 'attention_head_size': 3, 'learning_rate': 0.0351005418457568}. Best is trial 3 with value: 2148.797119140625.
LOCAL_RANK: 0 - CUDA_VISIBLE_DEVICES: [0]
[I 2023-11-30 03:00:33,577] Trial 88 finished with value: 2894.994873046875 and parameters: {'gradient_clip_val': 0.10122569759051891, 'hidden_size': 92, 'dropout': 0.3361853012904371, 'hidden_continuous_size': 34, 'attention_head_size': 2, 'learning_rate': 0.03012773866334876}. Best is trial 3 with value: 2148.797119140625.
LOCAL_RANK: 0 - CUDA_VISIBLE_DEVICES: [0]
[I 2023-11-30 03:00:47,326] Trial 89 finished with value: 2823.7890625 and parameters: {'gradient_clip_val': 0.11753703746894038, 'hidden_size': 82, 'dropout': 0.3557861240952304, 'hidden_continuous_size': 41, 'attention_head_size': 3, 'learning_rate': 0.011523281989573631}. Best is trial 3 with value: 2148.797119140625.
LOCAL_RANK: 0 - CUDA_VISIBLE_DEVICES: [0]
[I 2023-11-30 03:01:01,329] Trial 90 finished with value: 2748.817138671875 and parameters: {'gradient_clip_val': 0.135560009421424, 'hidden_size': 117, 'dropout': 0.2875637855233907, 'hidden_continuous_size': 27, 'attention_head_size': 2, 'learning_rate': 0.05328640773125355}. Best is trial 3 with value: 2148.797119140625.
LOCAL_RANK: 0 - CUDA_VISIBLE_DEVICES: [0]
[I 2023-11-30 03:01:15,389] Trial 91 finished with value: 2710.1083984375 and parameters: {'gradient_clip_val': 0.1431956242751064, 'hidden_size': 103, 'dropout': 0.3885662572377505, 'hidden_continuous_size': 35, 'attention_head_size': 4, 'learning_rate': 0.01793750257294495}. Best is trial 3 with value: 2148.797119140625.
LOCAL_RANK: 0 - CUDA_VISIBLE_DEVICES: [0]
[I 2023-11-30 03:01:29,237] Trial 92 finished with value: 3123.498291015625 and parameters: {'gradient_clip_val': 0.12345354738660023, 'hidden_size': 94, 'dropout': 0.3658013331900056, 'hidden_continuous_size': 37, 'attention_head_size': 3, 'learning_rate': 0.02154696407405171}. Best is trial 3 with value: 2148.797119140625.
LOCAL_RANK: 0 - CUDA_VISIBLE_DEVICES: [0]
[I 2023-11-30 03:01:42,677] Trial 93 finished with value: 2694.8779296875 and parameters: {'gradient_clip_val': 0.154847877838407, 'hidden_size': 72, 'dropout': 0.37981937382031866, 'hidden_continuous_size': 32, 'attention_head_size': 4, 'learning_rate': 0.020035493293367047}. Best is trial 3 with value: 2148.797119140625.
LOCAL_RANK: 0 - CUDA_VISIBLE_DEVICES: [0]
[I 2023-11-30 03:01:56,789] Trial 94 finished with value: 3101.640380859375 and parameters: {'gradient_clip_val': 0.1312986133534708, 'hidden_size': 133, 'dropout': 0.3938994534166307, 'hidden_continuous_size': 25, 'attention_head_size': 3, 'learning_rate': 0.024913095788835743}. Best is trial 3 with value: 2148.797119140625.
LOCAL_RANK: 0 - CUDA_VISIBLE_DEVICES: [0]
[I 2023-11-30 03:02:10,783] Trial 95 finished with value: 2891.784423828125 and parameters: {'gradient_clip_val': 0.11074925480838639, 'hidden_size': 111, 'dropout': 0.3709984585618413, 'hidden_continuous_size': 21, 'attention_head_size': 3, 'learning_rate': 0.017795113377844257}. Best is trial 3 with value: 2148.797119140625.
LOCAL_RANK: 0 - CUDA_VISIBLE_DEVICES: [0]
[I 2023-11-30 03:02:24,754] Trial 96 finished with value: 2663.72412109375 and parameters: {'gradient_clip_val': 0.14849367181822443, 'hidden_size': 100, 'dropout': 0.3610692290029721, 'hidden_continuous_size': 38, 'attention_head_size': 4, 'learning_rate': 0.027796474096890733}. Best is trial 3 with value: 2148.797119140625.
LOCAL_RANK: 0 - CUDA_VISIBLE_DEVICES: [0]
[I 2023-11-30 03:02:38,506] Trial 97 finished with value: 2662.0087890625 and parameters: {'gradient_clip_val': 0.1055619591655112, 'hidden_size': 85, 'dropout': 0.38323190083846315, 'hidden_continuous_size': 35, 'attention_head_size': 3, 'learning_rate': 0.021225967476994657}. Best is trial 3 with value: 2148.797119140625.
LOCAL_RANK: 0 - CUDA_VISIBLE_DEVICES: [0]
[I 2023-11-30 03:02:52,207] Trial 98 finished with value: 2935.54296875 and parameters: {'gradient_clip_val': 0.16784717179896574, 'hidden_size': 79, 'dropout': 0.349820949405297, 'hidden_continuous_size': 29, 'attention_head_size': 4, 'learning_rate': 0.014356108812057011}. Best is trial 3 with value: 2148.797119140625.
LOCAL_RANK: 0 - CUDA_VISIBLE_DEVICES: [0]
[I 2023-11-30 03:03:06,273] Trial 99 finished with value: 2819.5087890625 and parameters: {'gradient_clip_val': 0.14075714491331617, 'hidden_size': 125, 'dropout': 0.32129822344433, 'hidden_continuous_size': 48, 'attention_head_size': 2, 'learning_rate': 0.037827578689779054}. Best is trial 3 with value: 2148.797119140625.
LOCAL_RANK: 0 - CUDA_VISIBLE_DEVICES: [0]
[I 2023-11-30 03:03:20,569] Trial 100 finished with value: 3151.575439453125 and parameters: {'gradient_clip_val': 0.11407981707660876, 'hidden_size': 106, 'dropout': 0.36647547306341305, 'hidden_continuous_size': 41, 'attention_head_size': 3, 'learning_rate': 0.02275473053325744}. Best is trial 3 with value: 2148.797119140625.
LOCAL_RANK: 0 - CUDA_VISIBLE_DEVICES: [0]
[I 2023-11-30 03:03:34,334] Trial 101 finished with value: 2510.531982421875 and parameters: {'gradient_clip_val': 0.18342624061415597, 'hidden_size': 100, 'dropout': 0.38208167222392847, 'hidden_continuous_size': 39, 'attention_head_size': 4, 'learning_rate': 0.01966779196563728}. Best is trial 3 with value: 2148.797119140625.
LOCAL_RANK: 0 - CUDA_VISIBLE_DEVICES: [0]
[I 2023-11-30 03:03:48,205] Trial 102 finished with value: 2662.42626953125 and parameters: {'gradient_clip_val': 0.1519804429202236, 'hidden_size': 96, 'dropout': 0.37454254198639936, 'hidden_continuous_size': 36, 'attention_head_size': 4, 'learning_rate': 0.025848575478745268}. Best is trial 3 with value: 2148.797119140625.
LOCAL_RANK: 0 - CUDA_VISIBLE_DEVICES: [0]
[I 2023-11-30 03:04:02,294] Trial 103 finished with value: 2443.8515625 and parameters: {'gradient_clip_val': 0.16567161752315296, 'hidden_size': 117, 'dropout': 0.3846062774420548, 'hidden_continuous_size': 32, 'attention_head_size': 4, 'learning_rate': 0.03078222496078403}. Best is trial 3 with value: 2148.797119140625.
LOCAL_RANK: 0 - CUDA_VISIBLE_DEVICES: [0]
[I 2023-11-30 03:04:16,253] Trial 104 finished with value: 2414.677978515625 and parameters: {'gradient_clip_val': 0.16226374086919448, 'hidden_size': 91, 'dropout': 0.394343721943079, 'hidden_continuous_size': 40, 'attention_head_size': 4, 'learning_rate': 0.020481346356910544}. Best is trial 3 with value: 2148.797119140625.
LOCAL_RANK: 0 - CUDA_VISIBLE_DEVICES: [0]
[I 2023-11-30 03:04:30,581] Trial 105 finished with value: 2553.310546875 and parameters: {'gradient_clip_val': 0.15520075425821558, 'hidden_size': 103, 'dropout': 0.3601421049997239, 'hidden_continuous_size': 43, 'attention_head_size': 4, 'learning_rate': 0.015809925181265953}. Best is trial 3 with value: 2148.797119140625.
LOCAL_RANK: 0 - CUDA_VISIBLE_DEVICES: [0]
[I 2023-11-30 03:04:45,177] Trial 106 finished with value: 3110.262939453125 and parameters: {'gradient_clip_val': 0.12840420490901208, 'hidden_size': 144, 'dropout': 0.35413577189833306, 'hidden_continuous_size': 96, 'attention_head_size': 4, 'learning_rate': 0.01815595528483827}. Best is trial 3 with value: 2148.797119140625.
LOCAL_RANK: 0 - CUDA_VISIBLE_DEVICES: [0]
[I 2023-11-30 03:04:59,128] Trial 107 finished with value: 2559.457763671875 and parameters: {'gradient_clip_val': 0.12136477312777247, 'hidden_size': 112, 'dropout': 0.3886426969998651, 'hidden_continuous_size': 34, 'attention_head_size': 3, 'learning_rate': 0.023354264269416804}. Best is trial 3 with value: 2148.797119140625.
LOCAL_RANK: 0 - CUDA_VISIBLE_DEVICES: [0]
[I 2023-11-30 03:05:13,204] Trial 108 finished with value: 2379.7021484375 and parameters: {'gradient_clip_val': 0.13577701888130914, 'hidden_size': 87, 'dropout': 0.3719061895166278, 'hidden_continuous_size': 61, 'attention_head_size': 4, 'learning_rate': 0.03343150335002552}. Best is trial 3 with value: 2148.797119140625.
LOCAL_RANK: 0 - CUDA_VISIBLE_DEVICES: [0]
[I 2023-11-30 03:05:27,195] Trial 109 finished with value: 2817.672607421875 and parameters: {'gradient_clip_val': 0.14350891177165367, 'hidden_size': 97, 'dropout': 0.3789798634915577, 'hidden_continuous_size': 37, 'attention_head_size': 3, 'learning_rate': 0.028533835955683297}. Best is trial 3 with value: 2148.797119140625.
LOCAL_RANK: 0 - CUDA_VISIBLE_DEVICES: [0]
[I 2023-11-30 03:05:41,092] Trial 110 finished with value: 2453.687255859375 and parameters: {'gradient_clip_val': 0.17365973636215493, 'hidden_size': 121, 'dropout': 0.36566850231148057, 'hidden_continuous_size': 14, 'attention_head_size': 4, 'learning_rate': 0.016837501039101095}. Best is trial 3 with value: 2148.797119140625.
LOCAL_RANK: 0 - CUDA_VISIBLE_DEVICES: [0]
[I 2023-11-30 03:05:54,766] Trial 111 finished with value: 2262.465576171875 and parameters: {'gradient_clip_val': 0.43986549258685637, 'hidden_size': 106, 'dropout': 0.34537943522808884, 'hidden_continuous_size': 18, 'attention_head_size': 2, 'learning_rate': 0.024464520023151946}. Best is trial 3 with value: 2148.797119140625.
LOCAL_RANK: 0 - CUDA_VISIBLE_DEVICES: [0]
[I 2023-11-30 03:06:08,307] Trial 112 finished with value: 2775.399658203125 and parameters: {'gradient_clip_val': 0.39359200057547683, 'hidden_size': 106, 'dropout': 0.34730849192734475, 'hidden_continuous_size': 17, 'attention_head_size': 2, 'learning_rate': 0.020924264811278216}. Best is trial 3 with value: 2148.797119140625.
LOCAL_RANK: 0 - CUDA_VISIBLE_DEVICES: [0]
[I 2023-11-30 03:06:22,222] Trial 113 finished with value: 2690.4560546875 and parameters: {'gradient_clip_val': 0.4300971449526265, 'hidden_size': 132, 'dropout': 0.33080272805512384, 'hidden_continuous_size': 20, 'attention_head_size': 2, 'learning_rate': 0.025545102666071722}. Best is trial 3 with value: 2148.797119140625.
LOCAL_RANK: 0 - CUDA_VISIBLE_DEVICES: [0]
[I 2023-11-30 03:06:36,065] Trial 114 finished with value: 2664.81884765625 and parameters: {'gradient_clip_val': 0.16013640766142767, 'hidden_size': 114, 'dropout': 0.3416324563607038, 'hidden_continuous_size': 19, 'attention_head_size': 2, 'learning_rate': 0.02315779536375553}. Best is trial 3 with value: 2148.797119140625.
LOCAL_RANK: 0 - CUDA_VISIBLE_DEVICES: [0]
[I 2023-11-30 03:06:50,140] Trial 115 finished with value: 2264.595947265625 and parameters: {'gradient_clip_val': 0.1983215414956378, 'hidden_size': 95, 'dropout': 0.3546206226027866, 'hidden_continuous_size': 43, 'attention_head_size': 2, 'learning_rate': 0.013658134018855782}. Best is trial 3 with value: 2148.797119140625.
LOCAL_RANK: 0 - CUDA_VISIBLE_DEVICES: [0]
[I 2023-11-30 03:07:03,748] Trial 116 finished with value: 2405.8330078125 and parameters: {'gradient_clip_val': 0.21581560481395148, 'hidden_size': 91, 'dropout': 0.33655313406195086, 'hidden_continuous_size': 31, 'attention_head_size': 2, 'learning_rate': 0.013737019609777851}. Best is trial 3 with value: 2148.797119140625.
LOCAL_RANK: 0 - CUDA_VISIBLE_DEVICES: [0]
[I 2023-11-30 03:07:17,826] Trial 117 finished with value: 2817.549072265625 and parameters: {'gradient_clip_val': 0.20127914001018604, 'hidden_size': 138, 'dropout': 0.35361895750288286, 'hidden_continuous_size': 22, 'attention_head_size': 2, 'learning_rate': 0.010673226838932424}. Best is trial 3 with value: 2148.797119140625.
LOCAL_RANK: 0 - CUDA_VISIBLE_DEVICES: [0]
[I 2023-11-30 03:07:31,648] Trial 118 finished with value: 2454.699951171875 and parameters: {'gradient_clip_val': 0.37356512170167366, 'hidden_size': 95, 'dropout': 0.34301863915466896, 'hidden_continuous_size': 45, 'attention_head_size': 2, 'learning_rate': 0.012104992423110906}. Best is trial 3 with value: 2148.797119140625.
LOCAL_RANK: 0 - CUDA_VISIBLE_DEVICES: [0]
[I 2023-11-30 03:07:45,078] Trial 119 finished with value: 2612.172119140625 and parameters: {'gradient_clip_val': 0.18022977595044154, 'hidden_size': 78, 'dropout': 0.3589109550632728, 'hidden_continuous_size': 26, 'attention_head_size': 2, 'learning_rate': 0.04060630054312511}. Best is trial 3 with value: 2148.797119140625.
LOCAL_RANK: 0 - CUDA_VISIBLE_DEVICES: [0]
[I 2023-11-30 03:07:58,984] Trial 120 finished with value: 2960.723876953125 and parameters: {'gradient_clip_val': 0.10105381918672085, 'hidden_size': 108, 'dropout': 0.3263276025197728, 'hidden_continuous_size': 18, 'attention_head_size': 2, 'learning_rate': 0.01482266387347336}. Best is trial 3 with value: 2148.797119140625.
LOCAL_RANK: 0 - CUDA_VISIBLE_DEVICES: [0]
[I 2023-11-30 03:08:12,863] Trial 121 finished with value: 2482.72998046875 and parameters: {'gradient_clip_val': 0.18939554256841296, 'hidden_size': 103, 'dropout': 0.36904441679716743, 'hidden_continuous_size': 43, 'attention_head_size': 1, 'learning_rate': 0.018962049239464474}. Best is trial 3 with value: 2148.797119140625.
LOCAL_RANK: 0 - CUDA_VISIBLE_DEVICES: [0]
[I 2023-11-30 03:08:26,476] Trial 122 finished with value: 2623.646240234375 and parameters: {'gradient_clip_val': 0.17372391261853945, 'hidden_size': 84, 'dropout': 0.37624592653997685, 'hidden_continuous_size': 38, 'attention_head_size': 2, 'learning_rate': 0.028078505251433586}. Best is trial 3 with value: 2148.797119140625.
LOCAL_RANK: 0 - CUDA_VISIBLE_DEVICES: [0]
[I 2023-11-30 03:08:40,651] Trial 123 finished with value: 2707.357177734375 and parameters: {'gradient_clip_val': 0.11554971920983095, 'hidden_size': 125, 'dropout': 0.36179680879696097, 'hidden_continuous_size': 39, 'attention_head_size': 3, 'learning_rate': 0.033790745823558295}. Best is trial 3 with value: 2148.797119140625.
LOCAL_RANK: 0 - CUDA_VISIBLE_DEVICES: [0]
[I 2023-11-30 03:08:54,357] Trial 124 finished with value: 2552.558349609375 and parameters: {'gradient_clip_val': 0.13215208154421262, 'hidden_size': 100, 'dropout': 0.3467816274500854, 'hidden_continuous_size': 34, 'attention_head_size': 3, 'learning_rate': 0.012806636341605344}. Best is trial 3 with value: 2148.797119140625.
LOCAL_RANK: 0 - CUDA_VISIBLE_DEVICES: [0]
[I 2023-11-30 03:09:08,569] Trial 125 finished with value: 2153.197509765625 and parameters: {'gradient_clip_val': 0.3291087332442572, 'hidden_size': 111, 'dropout': 0.3532831775297657, 'hidden_continuous_size': 40, 'attention_head_size': 3, 'learning_rate': 0.016899858087091085}. Best is trial 3 with value: 2148.797119140625.
LOCAL_RANK: 0 - CUDA_VISIBLE_DEVICES: [0]
[I 2023-11-30 03:09:22,642] Trial 126 finished with value: 2327.0693359375 and parameters: {'gradient_clip_val': 0.3254749770222407, 'hidden_size': 119, 'dropout': 0.3516784267271695, 'hidden_continuous_size': 51, 'attention_head_size': 3, 'learning_rate': 0.017261457623794784}. Best is trial 3 with value: 2148.797119140625.
LOCAL_RANK: 0 - CUDA_VISIBLE_DEVICES: [0]
[I 2023-11-30 03:09:36,541] Trial 127 finished with value: 2391.386474609375 and parameters: {'gradient_clip_val': 0.27994760149800596, 'hidden_size': 112, 'dropout': 0.33360666173762177, 'hidden_continuous_size': 42, 'attention_head_size': 3, 'learning_rate': 0.01601571802994294}. Best is trial 3 with value: 2148.797119140625.
LOCAL_RANK: 0 - CUDA_VISIBLE_DEVICES: [0]
[I 2023-11-30 03:09:50,110] Trial 128 finished with value: 3212.262451171875 and parameters: {'gradient_clip_val': 0.3188325473498748, 'hidden_size': 91, 'dropout': 0.33841348886959693, 'hidden_continuous_size': 16, 'attention_head_size': 3, 'learning_rate': 0.013604286493924252}. Best is trial 3 with value: 2148.797119140625.
LOCAL_RANK: 0 - CUDA_VISIBLE_DEVICES: [0]
