[I 2023-11-30 05:54:28,502] Trial 132 finished with value: 46.69972229003906 and parameters: {'gradient_clip_val': 0.2389233440228776, 'hidden_size': 109, 'dropout': 0.3728298376477166, 'hidden_continuous_size': 37, 'attention_head_size': 4, 'learning_rate': 0.008746591339313055}. Best is trial 107 with value: 32.954715728759766.
LOCAL_RANK: 0 - CUDA_VISIBLE_DEVICES: [0]
[I 2023-11-30 05:54:41,945] Trial 133 finished with value: 39.01509094238281 and parameters: {'gradient_clip_val': 0.25539930473485134, 'hidden_size': 92, 'dropout': 0.33570366286704234, 'hidden_continuous_size': 30, 'attention_head_size': 4, 'learning_rate': 0.0060885964583033535}. Best is trial 107 with value: 32.954715728759766.
LOCAL_RANK: 0 - CUDA_VISIBLE_DEVICES: [0]
[I 2023-11-30 05:54:55,345] Trial 134 finished with value: 50.72119140625 and parameters: {'gradient_clip_val': 0.20722866327458694, 'hidden_size': 87, 'dropout': 0.2701465417452627, 'hidden_continuous_size': 29, 'attention_head_size': 4, 'learning_rate': 0.0051866115707345254}. Best is trial 107 with value: 32.954715728759766.
LOCAL_RANK: 0 - CUDA_VISIBLE_DEVICES: [0]
[I 2023-11-30 05:55:09,277] Trial 135 finished with value: 40.932979583740234 and parameters: {'gradient_clip_val': 0.3463129113122331, 'hidden_size': 105, 'dropout': 0.3790425951530682, 'hidden_continuous_size': 33, 'attention_head_size': 4, 'learning_rate': 0.008164177108859255}. Best is trial 107 with value: 32.954715728759766.
LOCAL_RANK: 0 - CUDA_VISIBLE_DEVICES: [0]
[I 2023-11-30 05:55:22,850] Trial 136 finished with value: 39.82074737548828 and parameters: {'gradient_clip_val': 0.2933202846158494, 'hidden_size': 96, 'dropout': 0.3205122172949104, 'hidden_continuous_size': 44, 'attention_head_size': 4, 'learning_rate': 0.0069942843301390445}. Best is trial 107 with value: 32.954715728759766.
LOCAL_RANK: 0 - CUDA_VISIBLE_DEVICES: [0]
[I 2023-11-30 05:55:36,509] Trial 137 finished with value: 43.31340408325195 and parameters: {'gradient_clip_val': 0.22165005950608407, 'hidden_size': 113, 'dropout': 0.2505486641906583, 'hidden_continuous_size': 23, 'attention_head_size': 4, 'learning_rate': 0.005577228464230162}. Best is trial 107 with value: 32.954715728759766.
LOCAL_RANK: 0 - CUDA_VISIBLE_DEVICES: [0]
[I 2023-11-30 05:55:50,355] Trial 138 finished with value: 39.49204635620117 and parameters: {'gradient_clip_val': 0.33140580123513375, 'hidden_size': 101, 'dropout': 0.3583181500246518, 'hidden_continuous_size': 62, 'attention_head_size': 4, 'learning_rate': 0.004671042487217467}. Best is trial 107 with value: 32.954715728759766.
LOCAL_RANK: 0 - CUDA_VISIBLE_DEVICES: [0]
[I 2023-11-30 05:56:03,774] Trial 139 finished with value: 34.85688400268555 and parameters: {'gradient_clip_val': 0.3628495668244148, 'hidden_size': 81, 'dropout': 0.3079245631024484, 'hidden_continuous_size': 40, 'attention_head_size': 3, 'learning_rate': 0.006491329464557151}. Best is trial 107 with value: 32.954715728759766.
LOCAL_RANK: 0 - CUDA_VISIBLE_DEVICES: [0]
[I 2023-11-30 05:56:17,459] Trial 140 finished with value: 37.81721496582031 and parameters: {'gradient_clip_val': 0.36238893376221637, 'hidden_size': 79, 'dropout': 0.3087388742099398, 'hidden_continuous_size': 40, 'attention_head_size': 4, 'learning_rate': 0.006497672819096857}. Best is trial 107 with value: 32.954715728759766.
LOCAL_RANK: 0 - CUDA_VISIBLE_DEVICES: [0]
[I 2023-11-30 05:56:31,118] Trial 141 finished with value: 36.09098434448242 and parameters: {'gradient_clip_val': 0.3504846843236556, 'hidden_size': 89, 'dropout': 0.29297085506481746, 'hidden_continuous_size': 41, 'attention_head_size': 3, 'learning_rate': 0.0077145675905953065}. Best is trial 107 with value: 32.954715728759766.
LOCAL_RANK: 0 - CUDA_VISIBLE_DEVICES: [0]
[I 2023-11-30 05:56:44,465] Trial 142 finished with value: 45.218196868896484 and parameters: {'gradient_clip_val': 0.24286436516624205, 'hidden_size': 78, 'dropout': 0.3665977110342635, 'hidden_continuous_size': 38, 'attention_head_size': 3, 'learning_rate': 0.005964249534802293}. Best is trial 107 with value: 32.954715728759766.
LOCAL_RANK: 0 - CUDA_VISIBLE_DEVICES: [0]
[I 2023-11-30 05:56:58,070] Trial 143 finished with value: 46.35432052612305 and parameters: {'gradient_clip_val': 0.4017557395916655, 'hidden_size': 83, 'dropout': 0.3004299189774443, 'hidden_continuous_size': 51, 'attention_head_size': 3, 'learning_rate': 0.005189302688065715}. Best is trial 107 with value: 32.954715728759766.
LOCAL_RANK: 0 - CUDA_VISIBLE_DEVICES: [0]
[I 2023-11-30 05:57:11,493] Trial 144 finished with value: 37.69499588012695 and parameters: {'gradient_clip_val': 0.30829343999225456, 'hidden_size': 73, 'dropout': 0.342657400689868, 'hidden_continuous_size': 46, 'attention_head_size': 3, 'learning_rate': 0.004013881368947491}. Best is trial 107 with value: 32.954715728759766.
LOCAL_RANK: 0 - CUDA_VISIBLE_DEVICES: [0]
[I 2023-11-30 05:57:25,260] Trial 145 finished with value: 40.801753997802734 and parameters: {'gradient_clip_val': 0.26906501817693124, 'hidden_size': 94, 'dropout': 0.3287537228323332, 'hidden_continuous_size': 43, 'attention_head_size': 3, 'learning_rate': 0.006732318692834959}. Best is trial 107 with value: 32.954715728759766.
LOCAL_RANK: 0 - CUDA_VISIBLE_DEVICES: [0]
[I 2023-11-30 05:57:38,572] Trial 146 finished with value: 39.589141845703125 and parameters: {'gradient_clip_val': 0.24917679674019425, 'hidden_size': 67, 'dropout': 0.3612774521230162, 'hidden_continuous_size': 50, 'attention_head_size': 3, 'learning_rate': 0.007698046294364521}. Best is trial 107 with value: 32.954715728759766.
LOCAL_RANK: 0 - CUDA_VISIBLE_DEVICES: [0]
[I 2023-11-30 05:57:52,518] Trial 147 finished with value: 34.52291488647461 and parameters: {'gradient_clip_val': 0.28784286102972395, 'hidden_size': 119, 'dropout': 0.35575316425513687, 'hidden_continuous_size': 36, 'attention_head_size': 4, 'learning_rate': 0.005940928560017877}. Best is trial 107 with value: 32.954715728759766.
LOCAL_RANK: 0 - CUDA_VISIBLE_DEVICES: [0]
[I 2023-11-30 05:58:06,278] Trial 148 finished with value: 35.527313232421875 and parameters: {'gradient_clip_val': 0.23140345399150877, 'hidden_size': 119, 'dropout': 0.37063562917039533, 'hidden_continuous_size': 35, 'attention_head_size': 4, 'learning_rate': 0.006067664285972793}. Best is trial 107 with value: 32.954715728759766.
LOCAL_RANK: 0 - CUDA_VISIBLE_DEVICES: [0]
[I 2023-11-30 05:58:20,121] Trial 149 finished with value: 50.68830490112305 and parameters: {'gradient_clip_val': 0.28503167062957985, 'hidden_size': 130, 'dropout': 0.37832847590779406, 'hidden_continuous_size': 32, 'attention_head_size': 4, 'learning_rate': 0.008838756700110932}. Best is trial 107 with value: 32.954715728759766.
[I 2023-11-30 05:58:20,229] A new study created in memory with name: no-name-d14fc57a-f1e3-4615-80d1-3d06b7805c71
/home/le004/conda/anaconda3/envs/tsff_env/lib/python3.9/site-packages/lightning/fabric/plugins/environments/slurm.py:191: The `srun` command is available on your system but is not used. HINT: If your intention is to run Lightning on SLURM, prepend your python command with `srun` like so: srun python /home/le004/master_thesis/git/TSFusionForecast/code/ ...
LOCAL_RANK: 0 - CUDA_VISIBLE_DEVICES: [0]
[I 2023-11-30 05:58:32,020] Trial 0 finished with value: 692.2835083007812 and parameters: {'gradient_clip_val': 0.5722472844977788, 'hidden_size': 11, 'dropout': 0.104965420587321, 'hidden_continuous_size': 10, 'attention_head_size': 1, 'learning_rate': 0.042489033819670674}. Best is trial 0 with value: 692.2835083007812.
LOCAL_RANK: 0 - CUDA_VISIBLE_DEVICES: [0]
[I 2023-11-30 05:58:44,381] Trial 1 finished with value: 954.908447265625 and parameters: {'gradient_clip_val': 0.16668814911580768, 'hidden_size': 56, 'dropout': 0.2422674500279767, 'hidden_continuous_size': 10, 'attention_head_size': 1, 'learning_rate': 0.004241321020643779}. Best is trial 0 with value: 692.2835083007812.
LOCAL_RANK: 0 - CUDA_VISIBLE_DEVICES: [0]
[I 2023-11-30 05:58:56,676] Trial 2 finished with value: 2374.262451171875 and parameters: {'gradient_clip_val': 0.674600886215065, 'hidden_size': 45, 'dropout': 0.25842085934344833, 'hidden_continuous_size': 10, 'attention_head_size': 1, 'learning_rate': 0.0015082941737562432}. Best is trial 0 with value: 692.2835083007812.
LOCAL_RANK: 0 - CUDA_VISIBLE_DEVICES: [0]
[I 2023-11-30 05:59:10,044] Trial 3 finished with value: 1229.9957275390625 and parameters: {'gradient_clip_val': 0.105369736291603, 'hidden_size': 109, 'dropout': 0.18085533244666274, 'hidden_continuous_size': 14, 'attention_head_size': 3, 'learning_rate': 0.0017153155891133536}. Best is trial 0 with value: 692.2835083007812.
LOCAL_RANK: 0 - CUDA_VISIBLE_DEVICES: [0]
[I 2023-11-30 05:59:23,726] Trial 4 finished with value: 905.9002075195312 and parameters: {'gradient_clip_val': 0.45434936412213567, 'hidden_size': 133, 'dropout': 0.2794938854824778, 'hidden_continuous_size': 19, 'attention_head_size': 1, 'learning_rate': 0.0778168207256318}. Best is trial 0 with value: 692.2835083007812.
LOCAL_RANK: 0 - CUDA_VISIBLE_DEVICES: [0]
[I 2023-11-30 05:59:35,537] Trial 5 finished with value: 846.999267578125 and parameters: {'gradient_clip_val': 0.6590651724257488, 'hidden_size': 20, 'dropout': 0.1462035988129819, 'hidden_continuous_size': 14, 'attention_head_size': 1, 'learning_rate': 0.03310415585667615}. Best is trial 0 with value: 692.2835083007812.
LOCAL_RANK: 0 - CUDA_VISIBLE_DEVICES: [0]
[I 2023-11-30 05:59:47,438] Trial 6 finished with value: 845.6072387695312 and parameters: {'gradient_clip_val': 0.44091567218980987, 'hidden_size': 23, 'dropout': 0.24669272416804133, 'hidden_continuous_size': 22, 'attention_head_size': 1, 'learning_rate': 0.011123733229708346}. Best is trial 0 with value: 692.2835083007812.
LOCAL_RANK: 0 - CUDA_VISIBLE_DEVICES: [0]
[I 2023-11-30 05:59:59,861] Trial 7 finished with value: 826.8408203125 and parameters: {'gradient_clip_val': 0.3938611989432359, 'hidden_size': 39, 'dropout': 0.3795755488102597, 'hidden_continuous_size': 35, 'attention_head_size': 1, 'learning_rate': 0.07017663769502137}. Best is trial 0 with value: 692.2835083007812.
LOCAL_RANK: 0 - CUDA_VISIBLE_DEVICES: [0]
[I 2023-11-30 06:00:12,417] Trial 8 finished with value: 665.7199096679688 and parameters: {'gradient_clip_val': 0.2631967745335492, 'hidden_size': 56, 'dropout': 0.3195042543787078, 'hidden_continuous_size': 20, 'attention_head_size': 3, 'learning_rate': 0.009632441302371947}. Best is trial 8 with value: 665.7199096679688.
LOCAL_RANK: 0 - CUDA_VISIBLE_DEVICES: [0]
[I 2023-11-30 06:00:24,410] Trial 9 finished with value: 2250.750244140625 and parameters: {'gradient_clip_val': 0.15244257188125052, 'hidden_size': 18, 'dropout': 0.21315391723883553, 'hidden_continuous_size': 10, 'attention_head_size': 3, 'learning_rate': 0.0038662161305662705}. Best is trial 8 with value: 665.7199096679688.
LOCAL_RANK: 0 - CUDA_VISIBLE_DEVICES: [0]
[I 2023-11-30 06:00:38,148] Trial 10 finished with value: 815.1409301757812 and parameters: {'gradient_clip_val': 0.9670299976661128, 'hidden_size': 67, 'dropout': 0.3289582395524575, 'hidden_continuous_size': 65, 'attention_head_size': 4, 'learning_rate': 0.016782161926123626}. Best is trial 8 with value: 665.7199096679688.
LOCAL_RANK: 0 - CUDA_VISIBLE_DEVICES: [0]
[I 2023-11-30 06:00:48,338] Trial 11 finished with value: 850.8093872070312 and parameters: {'gradient_clip_val': 0.2592742411961924, 'hidden_size': 10, 'dropout': 0.11261641934078015, 'hidden_continuous_size': 10, 'attention_head_size': 2, 'learning_rate': 0.025500279632886872}. Best is trial 8 with value: 665.7199096679688.
LOCAL_RANK: 0 - CUDA_VISIBLE_DEVICES: [0]
[I 2023-11-30 06:00:58,244] Trial 12 finished with value: 1724.3148193359375 and parameters: {'gradient_clip_val': 0.30234233675038674, 'hidden_size': 10, 'dropout': 0.1119460404265496, 'hidden_continuous_size': 10, 'attention_head_size': 2, 'learning_rate': 0.007998722617360059}. Best is trial 8 with value: 665.7199096679688.
LOCAL_RANK: 0 - CUDA_VISIBLE_DEVICES: [0]
[I 2023-11-30 06:01:10,521] Trial 13 finished with value: 654.3277587890625 and parameters: {'gradient_clip_val': 0.23070043657690353, 'hidden_size': 30, 'dropout': 0.30977484720632015, 'hidden_continuous_size': 13, 'attention_head_size': 4, 'learning_rate': 0.03359495785380116}. Best is trial 13 with value: 654.3277587890625.
LOCAL_RANK: 0 - CUDA_VISIBLE_DEVICES: [0]
[I 2023-11-30 06:01:22,741] Trial 14 finished with value: 743.76953125 and parameters: {'gradient_clip_val': 0.24080149950730848, 'hidden_size': 31, 'dropout': 0.3149136619260935, 'hidden_continuous_size': 13, 'attention_head_size': 4, 'learning_rate': 0.017795929891046842}. Best is trial 13 with value: 654.3277587890625.
LOCAL_RANK: 0 - CUDA_VISIBLE_DEVICES: [0]
[I 2023-11-30 06:01:36,013] Trial 15 finished with value: 738.25341796875 and parameters: {'gradient_clip_val': 0.22572226362600717, 'hidden_size': 78, 'dropout': 0.3873673481819902, 'hidden_continuous_size': 26, 'attention_head_size': 4, 'learning_rate': 0.042314338054502326}. Best is trial 13 with value: 654.3277587890625.
LOCAL_RANK: 0 - CUDA_VISIBLE_DEVICES: [0]
[I 2023-11-30 06:01:48,268] Trial 16 finished with value: 805.6640014648438 and parameters: {'gradient_clip_val': 0.32492896145658345, 'hidden_size': 32, 'dropout': 0.3170435943052054, 'hidden_continuous_size': 15, 'attention_head_size': 3, 'learning_rate': 0.009837292181833877}. Best is trial 13 with value: 654.3277587890625.
LOCAL_RANK: 0 - CUDA_VISIBLE_DEVICES: [0]
[I 2023-11-30 06:02:01,085] Trial 17 finished with value: 694.8942260742188 and parameters: {'gradient_clip_val': 0.21575015888513505, 'hidden_size': 50, 'dropout': 0.34861782209739944, 'hidden_continuous_size': 17, 'attention_head_size': 4, 'learning_rate': 0.022306921435909607}. Best is trial 13 with value: 654.3277587890625.
LOCAL_RANK: 0 - CUDA_VISIBLE_DEVICES: [0]
[I 2023-11-30 06:02:14,333] Trial 18 finished with value: 808.3046875 and parameters: {'gradient_clip_val': 0.3230034230997904, 'hidden_size': 88, 'dropout': 0.296755251904891, 'hidden_continuous_size': 32, 'attention_head_size': 3, 'learning_rate': 0.04950178750391741}. Best is trial 13 with value: 654.3277587890625.
LOCAL_RANK: 0 - CUDA_VISIBLE_DEVICES: [0]
[I 2023-11-30 06:02:27,083] Trial 19 finished with value: 616.281982421875 and parameters: {'gradient_clip_val': 0.17782366295928928, 'hidden_size': 61, 'dropout': 0.3618073130829308, 'hidden_continuous_size': 19, 'attention_head_size': 2, 'learning_rate': 0.014556887947419809}. Best is trial 19 with value: 616.281982421875.
LOCAL_RANK: 0 - CUDA_VISIBLE_DEVICES: [0]
[I 2023-11-30 06:02:40,138] Trial 20 finished with value: 785.46728515625 and parameters: {'gradient_clip_val': 0.18026177400104482, 'hidden_size': 73, 'dropout': 0.3557187401016473, 'hidden_continuous_size': 17, 'attention_head_size': 2, 'learning_rate': 0.08373844317313327}. Best is trial 19 with value: 616.281982421875.
LOCAL_RANK: 0 - CUDA_VISIBLE_DEVICES: [0]
[I 2023-11-30 06:02:53,172] Trial 21 finished with value: 740.6539916992188 and parameters: {'gradient_clip_val': 0.13869560520560859, 'hidden_size': 58, 'dropout': 0.3516934705968609, 'hidden_continuous_size': 21, 'attention_head_size': 2, 'learning_rate': 0.014323036272901324}. Best is trial 19 with value: 616.281982421875.
LOCAL_RANK: 0 - CUDA_VISIBLE_DEVICES: [0]
[I 2023-11-30 06:03:05,558] Trial 22 finished with value: 868.4440307617188 and parameters: {'gradient_clip_val': 0.1943901110425286, 'hidden_size': 44, 'dropout': 0.2951049035959818, 'hidden_continuous_size': 12, 'attention_head_size': 3, 'learning_rate': 0.029335717667152}. Best is trial 19 with value: 616.281982421875.
LOCAL_RANK: 0 - CUDA_VISIBLE_DEVICES: [0]
[I 2023-11-30 06:03:18,284] Trial 23 finished with value: 723.6576538085938 and parameters: {'gradient_clip_val': 0.27144499179852644, 'hidden_size': 57, 'dropout': 0.3984947975446065, 'hidden_continuous_size': 18, 'attention_head_size': 2, 'learning_rate': 0.007827069028735643}. Best is trial 19 with value: 616.281982421875.
LOCAL_RANK: 0 - CUDA_VISIBLE_DEVICES: [0]
[I 2023-11-30 06:03:31,693] Trial 24 finished with value: 1026.6097412109375 and parameters: {'gradient_clip_val': 0.20157224470233023, 'hidden_size': 94, 'dropout': 0.33372713430772777, 'hidden_continuous_size': 25, 'attention_head_size': 4, 'learning_rate': 0.024669695845861282}. Best is trial 19 with value: 616.281982421875.
LOCAL_RANK: 0 - CUDA_VISIBLE_DEVICES: [0]
[I 2023-11-30 06:03:44,105] Trial 25 finished with value: 738.381591796875 and parameters: {'gradient_clip_val': 0.13023092776304587, 'hidden_size': 37, 'dropout': 0.36428742600262937, 'hidden_continuous_size': 16, 'attention_head_size': 3, 'learning_rate': 0.01284154320433667}. Best is trial 19 with value: 616.281982421875.
LOCAL_RANK: 0 - CUDA_VISIBLE_DEVICES: [0]
[I 2023-11-30 06:03:56,927] Trial 26 finished with value: 691.3165893554688 and parameters: {'gradient_clip_val': 0.17870292307200342, 'hidden_size': 59, 'dropout': 0.36827145820198837, 'hidden_continuous_size': 12, 'attention_head_size': 2, 'learning_rate': 0.018974806083917994}. Best is trial 19 with value: 616.281982421875.
LOCAL_RANK: 0 - CUDA_VISIBLE_DEVICES: [0]
[I 2023-11-30 06:04:10,109] Trial 27 finished with value: 605.3361206054688 and parameters: {'gradient_clip_val': 0.23193934755698747, 'hidden_size': 70, 'dropout': 0.3376523122483855, 'hidden_continuous_size': 20, 'attention_head_size': 4, 'learning_rate': 0.00620625876207304}. Best is trial 27 with value: 605.3361206054688.
LOCAL_RANK: 0 - CUDA_VISIBLE_DEVICES: [0]
[I 2023-11-30 06:04:23,483] Trial 28 finished with value: 913.2384643554688 and parameters: {'gradient_clip_val': 0.22403857962957163, 'hidden_size': 73, 'dropout': 0.34310153306241664, 'hidden_continuous_size': 16, 'attention_head_size': 4, 'learning_rate': 0.005625160520203853}. Best is trial 27 with value: 605.3361206054688.
LOCAL_RANK: 0 - CUDA_VISIBLE_DEVICES: [0]
[I 2023-11-30 06:04:37,170] Trial 29 finished with value: 909.5088500976562 and parameters: {'gradient_clip_val': 0.19541184134200132, 'hidden_size': 110, 'dropout': 0.3742071327057257, 'hidden_continuous_size': 25, 'attention_head_size': 4, 'learning_rate': 0.04692459184905541}. Best is trial 27 with value: 605.3361206054688.
LOCAL_RANK: 0 - CUDA_VISIBLE_DEVICES: [0]
[I 2023-11-30 06:04:49,151] Trial 30 finished with value: 1435.2308349609375 and parameters: {'gradient_clip_val': 0.15853417658735453, 'hidden_size': 13, 'dropout': 0.3956748219678851, 'hidden_continuous_size': 11, 'attention_head_size': 4, 'learning_rate': 0.014963560111497893}. Best is trial 27 with value: 605.3361206054688.
LOCAL_RANK: 0 - CUDA_VISIBLE_DEVICES: [0]
[I 2023-11-30 06:05:01,895] Trial 31 finished with value: 622.0023803710938 and parameters: {'gradient_clip_val': 0.27791136064082334, 'hidden_size': 47, 'dropout': 0.3171104168369298, 'hidden_continuous_size': 19, 'attention_head_size': 3, 'learning_rate': 0.00941602035808154}. Best is trial 27 with value: 605.3361206054688.
LOCAL_RANK: 0 - CUDA_VISIBLE_DEVICES: [0]
[I 2023-11-30 06:05:14,391] Trial 32 finished with value: 1151.9722900390625 and parameters: {'gradient_clip_val': 0.24269566079882202, 'hidden_size': 44, 'dropout': 0.3410121589560573, 'hidden_continuous_size': 18, 'attention_head_size': 4, 'learning_rate': 0.006480503528448209}. Best is trial 27 with value: 605.3361206054688.
LOCAL_RANK: 0 - CUDA_VISIBLE_DEVICES: [0]
[I 2023-11-30 06:05:26,819] Trial 33 finished with value: 909.4412231445312 and parameters: {'gradient_clip_val': 0.2846971901729691, 'hidden_size': 48, 'dropout': 0.27616882787198255, 'hidden_continuous_size': 15, 'attention_head_size': 3, 'learning_rate': 0.012056640573749914}. Best is trial 27 with value: 605.3361206054688.
LOCAL_RANK: 0 - CUDA_VISIBLE_DEVICES: [0]
[I 2023-11-30 06:05:39,781] Trial 34 finished with value: 658.306884765625 and parameters: {'gradient_clip_val': 0.16501760963503698, 'hidden_size': 67, 'dropout': 0.3027803333426177, 'hidden_continuous_size': 14, 'attention_head_size': 4, 'learning_rate': 0.004232041462063106}. Best is trial 27 with value: 605.3361206054688.
LOCAL_RANK: 0 - CUDA_VISIBLE_DEVICES: [0]
[I 2023-11-30 06:05:51,990] Trial 35 finished with value: 1687.83056640625 and parameters: {'gradient_clip_val': 0.34564004295254275, 'hidden_size': 30, 'dropout': 0.3307562394063525, 'hidden_continuous_size': 18, 'attention_head_size': 2, 'learning_rate': 0.0034435953142655973}. Best is trial 27 with value: 605.3361206054688.
LOCAL_RANK: 0 - CUDA_VISIBLE_DEVICES: [0]
[I 2023-11-30 06:06:04,648] Trial 36 finished with value: 719.974609375 and parameters: {'gradient_clip_val': 0.21392467644637803, 'hidden_size': 38, 'dropout': 0.28247204213924904, 'hidden_continuous_size': 19, 'attention_head_size': 3, 'learning_rate': 0.0053596397453854324}. Best is trial 27 with value: 605.3361206054688.
LOCAL_RANK: 0 - CUDA_VISIBLE_DEVICES: [0]
[I 2023-11-30 06:06:17,322] Trial 37 finished with value: 1774.4857177734375 and parameters: {'gradient_clip_val': 0.2955762648816215, 'hidden_size': 50, 'dropout': 0.3591832822871208, 'hidden_continuous_size': 21, 'attention_head_size': 3, 'learning_rate': 0.00282356449027533}. Best is trial 27 with value: 605.3361206054688.
LOCAL_RANK: 0 - CUDA_VISIBLE_DEVICES: [0]
[I 2023-11-30 06:06:31,437] Trial 38 finished with value: 896.2986450195312 and parameters: {'gradient_clip_val': 0.24753197023909546, 'hidden_size': 134, 'dropout': 0.2667969063716652, 'hidden_continuous_size': 29, 'attention_head_size': 4, 'learning_rate': 0.009311957633017934}. Best is trial 27 with value: 605.3361206054688.
LOCAL_RANK: 0 - CUDA_VISIBLE_DEVICES: [0]
[I 2023-11-30 06:06:43,477] Trial 39 finished with value: 873.7879028320312 and parameters: {'gradient_clip_val': 0.17523186554879797, 'hidden_size': 26, 'dropout': 0.3793208670029278, 'hidden_continuous_size': 13, 'attention_head_size': 2, 'learning_rate': 0.011574551716290115}. Best is trial 27 with value: 605.3361206054688.
LOCAL_RANK: 0 - CUDA_VISIBLE_DEVICES: [0]
