[I 2023-11-29 23:50:21,931] Trial 92 finished with value: 82.08397674560547 and parameters: {'gradient_clip_val': 0.5964352881933239, 'hidden_size': 112, 'dropout': 0.1790916976117375, 'hidden_continuous_size': 31, 'attention_head_size': 2, 'learning_rate': 0.015103802659293829}. Best is trial 84 with value: 62.78177261352539.
LOCAL_RANK: 0 - CUDA_VISIBLE_DEVICES: [0]
[I 2023-11-29 23:50:35,729] Trial 93 finished with value: 70.63333129882812 and parameters: {'gradient_clip_val': 0.8173274242316094, 'hidden_size': 100, 'dropout': 0.1963566904785069, 'hidden_continuous_size': 35, 'attention_head_size': 2, 'learning_rate': 0.017675162684286067}. Best is trial 84 with value: 62.78177261352539.
LOCAL_RANK: 0 - CUDA_VISIBLE_DEVICES: [0]
[I 2023-11-29 23:50:49,227] Trial 94 finished with value: 102.70914459228516 and parameters: {'gradient_clip_val': 0.7713231988362133, 'hidden_size': 100, 'dropout': 0.19447124577336647, 'hidden_continuous_size': 35, 'attention_head_size': 2, 'learning_rate': 0.021640951836591458}. Best is trial 84 with value: 62.78177261352539.
LOCAL_RANK: 0 - CUDA_VISIBLE_DEVICES: [0]
[I 2023-11-29 23:51:02,692] Trial 95 finished with value: 104.49396514892578 and parameters: {'gradient_clip_val': 0.8054573435181217, 'hidden_size': 93, 'dropout': 0.2274958890961965, 'hidden_continuous_size': 32, 'attention_head_size': 2, 'learning_rate': 0.016969059777305524}. Best is trial 84 with value: 62.78177261352539.
LOCAL_RANK: 0 - CUDA_VISIBLE_DEVICES: [0]
[I 2023-11-29 23:51:16,721] Trial 96 finished with value: 88.2498779296875 and parameters: {'gradient_clip_val': 0.8319931916360803, 'hidden_size': 137, 'dropout': 0.16900506770223053, 'hidden_continuous_size': 49, 'attention_head_size': 2, 'learning_rate': 0.02715368320555368}. Best is trial 84 with value: 62.78177261352539.
LOCAL_RANK: 0 - CUDA_VISIBLE_DEVICES: [0]
[I 2023-11-29 23:51:30,204] Trial 97 finished with value: 86.89385986328125 and parameters: {'gradient_clip_val': 0.6897882688702017, 'hidden_size': 104, 'dropout': 0.18522517770207217, 'hidden_continuous_size': 37, 'attention_head_size': 3, 'learning_rate': 0.02243718067343215}. Best is trial 84 with value: 62.78177261352539.
LOCAL_RANK: 0 - CUDA_VISIBLE_DEVICES: [0]
[I 2023-11-29 23:51:44,182] Trial 98 finished with value: 88.61194610595703 and parameters: {'gradient_clip_val': 0.669041115719815, 'hidden_size': 118, 'dropout': 0.20918221651237845, 'hidden_continuous_size': 30, 'attention_head_size': 2, 'learning_rate': 0.013509814088431995}. Best is trial 84 with value: 62.78177261352539.
LOCAL_RANK: 0 - CUDA_VISIBLE_DEVICES: [0]
[I 2023-11-29 23:51:58,419] Trial 99 finished with value: 100.39090728759766 and parameters: {'gradient_clip_val': 0.7405378454798562, 'hidden_size': 149, 'dropout': 0.21973562291656912, 'hidden_continuous_size': 43, 'attention_head_size': 2, 'learning_rate': 0.018221998237885312}. Best is trial 84 with value: 62.78177261352539.
LOCAL_RANK: 0 - CUDA_VISIBLE_DEVICES: [0]
[I 2023-11-29 23:52:12,227] Trial 100 finished with value: 114.40221405029297 and parameters: {'gradient_clip_val': 0.629478578455485, 'hidden_size': 126, 'dropout': 0.17458299412239903, 'hidden_continuous_size': 38, 'attention_head_size': 3, 'learning_rate': 0.011885634950297161}. Best is trial 84 with value: 62.78177261352539.
LOCAL_RANK: 0 - CUDA_VISIBLE_DEVICES: [0]
[I 2023-11-29 23:52:25,828] Trial 101 finished with value: 115.22528076171875 and parameters: {'gradient_clip_val': 0.7143988643928544, 'hidden_size': 116, 'dropout': 0.19679133517883304, 'hidden_continuous_size': 27, 'attention_head_size': 2, 'learning_rate': 0.015719298994976226}. Best is trial 84 with value: 62.78177261352539.
LOCAL_RANK: 0 - CUDA_VISIBLE_DEVICES: [0]
[I 2023-11-29 23:52:39,307] Trial 102 finished with value: 103.14603424072266 and parameters: {'gradient_clip_val': 0.5567044123096836, 'hidden_size': 89, 'dropout': 0.20160257150247549, 'hidden_continuous_size': 34, 'attention_head_size': 2, 'learning_rate': 0.013477217961635054}. Best is trial 84 with value: 62.78177261352539.
LOCAL_RANK: 0 - CUDA_VISIBLE_DEVICES: [0]
[I 2023-11-29 23:52:53,269] Trial 103 finished with value: 62.25958251953125 and parameters: {'gradient_clip_val': 0.46187766041861256, 'hidden_size': 140, 'dropout': 0.18788465166975926, 'hidden_continuous_size': 25, 'attention_head_size': 2, 'learning_rate': 0.01461603612249598}. Best is trial 103 with value: 62.25958251953125.
LOCAL_RANK: 0 - CUDA_VISIBLE_DEVICES: [0]
[I 2023-11-29 23:53:07,105] Trial 104 finished with value: 99.22872161865234 and parameters: {'gradient_clip_val': 0.49832418157473163, 'hidden_size': 144, 'dropout': 0.18136572309745463, 'hidden_continuous_size': 24, 'attention_head_size': 2, 'learning_rate': 0.017282369443656014}. Best is trial 103 with value: 62.25958251953125.
LOCAL_RANK: 0 - CUDA_VISIBLE_DEVICES: [0]
[I 2023-11-29 23:53:20,817] Trial 105 finished with value: 102.54876708984375 and parameters: {'gradient_clip_val': 0.5798108967776286, 'hidden_size': 132, 'dropout': 0.18855736334629922, 'hidden_continuous_size': 29, 'attention_head_size': 2, 'learning_rate': 0.01533830285596996}. Best is trial 103 with value: 62.25958251953125.
LOCAL_RANK: 0 - CUDA_VISIBLE_DEVICES: [0]
[I 2023-11-29 23:53:34,679] Trial 106 finished with value: 72.81320190429688 and parameters: {'gradient_clip_val': 0.46602224021307864, 'hidden_size': 139, 'dropout': 0.16154254755650768, 'hidden_continuous_size': 25, 'attention_head_size': 2, 'learning_rate': 0.025795361584761832}. Best is trial 103 with value: 62.25958251953125.
LOCAL_RANK: 0 - CUDA_VISIBLE_DEVICES: [0]
[I 2023-11-29 23:53:48,415] Trial 107 finished with value: 95.11473846435547 and parameters: {'gradient_clip_val': 0.45881740877750093, 'hidden_size': 140, 'dropout': 0.16444435856985973, 'hidden_continuous_size': 25, 'attention_head_size': 2, 'learning_rate': 0.0316522576495464}. Best is trial 103 with value: 62.25958251953125.
LOCAL_RANK: 0 - CUDA_VISIBLE_DEVICES: [0]
[I 2023-11-29 23:54:02,588] Trial 108 finished with value: 91.01599884033203 and parameters: {'gradient_clip_val': 0.442786415439716, 'hidden_size': 129, 'dropout': 0.17447375860202366, 'hidden_continuous_size': 27, 'attention_head_size': 4, 'learning_rate': 0.025865655832301264}. Best is trial 103 with value: 62.25958251953125.
LOCAL_RANK: 0 - CUDA_VISIBLE_DEVICES: [0]
[I 2023-11-29 23:54:16,190] Trial 109 finished with value: 107.18265533447266 and parameters: {'gradient_clip_val': 0.5063707504787288, 'hidden_size': 121, 'dropout': 0.160457537834085, 'hidden_continuous_size': 26, 'attention_head_size': 2, 'learning_rate': 0.011380267418642415}. Best is trial 103 with value: 62.25958251953125.
LOCAL_RANK: 0 - CUDA_VISIBLE_DEVICES: [0]
[I 2023-11-29 23:54:30,152] Trial 110 finished with value: 111.26741790771484 and parameters: {'gradient_clip_val': 0.5484149350777164, 'hidden_size': 142, 'dropout': 0.17070517342056205, 'hidden_continuous_size': 22, 'attention_head_size': 2, 'learning_rate': 0.028763879922192086}. Best is trial 103 with value: 62.25958251953125.
LOCAL_RANK: 0 - CUDA_VISIBLE_DEVICES: [0]
[I 2023-11-29 23:54:43,639] Trial 111 finished with value: 84.74337005615234 and parameters: {'gradient_clip_val': 0.60369389858507, 'hidden_size': 105, 'dropout': 0.19113314568104958, 'hidden_continuous_size': 30, 'attention_head_size': 2, 'learning_rate': 0.021606569872991376}. Best is trial 103 with value: 62.25958251953125.
LOCAL_RANK: 0 - CUDA_VISIBLE_DEVICES: [0]
[I 2023-11-29 23:54:57,201] Trial 112 finished with value: 82.50604248046875 and parameters: {'gradient_clip_val': 0.49078166713646365, 'hidden_size': 132, 'dropout': 0.1825714161706043, 'hidden_continuous_size': 32, 'attention_head_size': 2, 'learning_rate': 0.023877205297198497}. Best is trial 103 with value: 62.25958251953125.
LOCAL_RANK: 0 - CUDA_VISIBLE_DEVICES: [0]
[I 2023-11-29 23:55:11,503] Trial 113 finished with value: 75.0520248413086 and parameters: {'gradient_clip_val': 0.46861098423469194, 'hidden_size': 150, 'dropout': 0.2073972634548156, 'hidden_continuous_size': 28, 'attention_head_size': 2, 'learning_rate': 0.01880845433972878}. Best is trial 103 with value: 62.25958251953125.
LOCAL_RANK: 0 - CUDA_VISIBLE_DEVICES: [0]
[I 2023-11-29 23:55:25,470] Trial 114 finished with value: 101.24535369873047 and parameters: {'gradient_clip_val': 0.47073523354216706, 'hidden_size': 150, 'dropout': 0.20617067857604573, 'hidden_continuous_size': 25, 'attention_head_size': 2, 'learning_rate': 0.017883593506195342}. Best is trial 103 with value: 62.25958251953125.
LOCAL_RANK: 0 - CUDA_VISIBLE_DEVICES: [0]
[I 2023-11-29 23:55:39,382] Trial 115 finished with value: 100.73223876953125 and parameters: {'gradient_clip_val': 0.41648284848624917, 'hidden_size': 137, 'dropout': 0.15671054391108044, 'hidden_continuous_size': 23, 'attention_head_size': 2, 'learning_rate': 0.01986321944868187}. Best is trial 103 with value: 62.25958251953125.
LOCAL_RANK: 0 - CUDA_VISIBLE_DEVICES: [0]
[I 2023-11-29 23:55:53,155] Trial 116 finished with value: 107.10565185546875 and parameters: {'gradient_clip_val': 0.4462148275429953, 'hidden_size': 125, 'dropout': 0.21453141907160447, 'hidden_continuous_size': 28, 'attention_head_size': 2, 'learning_rate': 0.012356432100563156}. Best is trial 103 with value: 62.25958251953125.
LOCAL_RANK: 0 - CUDA_VISIBLE_DEVICES: [0]
[I 2023-11-29 23:56:07,344] Trial 117 finished with value: 101.40624237060547 and parameters: {'gradient_clip_val': 0.39085633844371886, 'hidden_size': 150, 'dropout': 0.14775225431521694, 'hidden_continuous_size': 34, 'attention_head_size': 3, 'learning_rate': 0.014846031425335547}. Best is trial 103 with value: 62.25958251953125.
LOCAL_RANK: 0 - CUDA_VISIBLE_DEVICES: [0]
[I 2023-11-29 23:56:21,085] Trial 118 finished with value: 111.54891967773438 and parameters: {'gradient_clip_val': 0.5345947419939602, 'hidden_size': 112, 'dropout': 0.13732068161843275, 'hidden_continuous_size': 28, 'attention_head_size': 2, 'learning_rate': 0.019100160228956862}. Best is trial 103 with value: 62.25958251953125.
LOCAL_RANK: 0 - CUDA_VISIBLE_DEVICES: [0]
[I 2023-11-29 23:56:34,957] Trial 119 finished with value: 94.22064208984375 and parameters: {'gradient_clip_val': 0.47770286453137556, 'hidden_size': 135, 'dropout': 0.22152631164878367, 'hidden_continuous_size': 24, 'attention_head_size': 2, 'learning_rate': 0.025071079684033413}. Best is trial 103 with value: 62.25958251953125.
LOCAL_RANK: 0 - CUDA_VISIBLE_DEVICES: [0]
[I 2023-11-29 23:56:48,782] Trial 120 finished with value: 98.37047576904297 and parameters: {'gradient_clip_val': 0.42385146403031465, 'hidden_size': 117, 'dropout': 0.20524192802588803, 'hidden_continuous_size': 32, 'attention_head_size': 4, 'learning_rate': 0.03760737426712363}. Best is trial 103 with value: 62.25958251953125.
LOCAL_RANK: 0 - CUDA_VISIBLE_DEVICES: [0]
[I 2023-11-29 23:57:02,302] Trial 121 finished with value: 73.9076156616211 and parameters: {'gradient_clip_val': 0.6542922435943536, 'hidden_size': 102, 'dropout': 0.19296962621952973, 'hidden_continuous_size': 30, 'attention_head_size': 2, 'learning_rate': 0.022196704250123257}. Best is trial 103 with value: 62.25958251953125.
LOCAL_RANK: 0 - CUDA_VISIBLE_DEVICES: [0]
[I 2023-11-29 23:57:15,961] Trial 122 finished with value: 94.75015258789062 and parameters: {'gradient_clip_val': 0.8842943440506458, 'hidden_size': 124, 'dropout': 0.19102603635395793, 'hidden_continuous_size': 26, 'attention_head_size': 2, 'learning_rate': 0.016643824288197263}. Best is trial 103 with value: 62.25958251953125.
LOCAL_RANK: 0 - CUDA_VISIBLE_DEVICES: [0]
[I 2023-11-29 23:57:29,467] Trial 123 finished with value: 63.79844284057617 and parameters: {'gradient_clip_val': 0.569194611088111, 'hidden_size': 110, 'dropout': 0.18186510507642925, 'hidden_continuous_size': 29, 'attention_head_size': 2, 'learning_rate': 0.010441158940727757}. Best is trial 103 with value: 62.25958251953125.
LOCAL_RANK: 0 - CUDA_VISIBLE_DEVICES: [0]
[I 2023-11-29 23:57:43,645] Trial 124 finished with value: 93.12483978271484 and parameters: {'gradient_clip_val': 0.5550008521144537, 'hidden_size': 142, 'dropout': 0.16317087737202726, 'hidden_continuous_size': 29, 'attention_head_size': 2, 'learning_rate': 0.010256859959048353}. Best is trial 103 with value: 62.25958251953125.
LOCAL_RANK: 0 - CUDA_VISIBLE_DEVICES: [0]
[I 2023-11-29 23:57:57,245] Trial 125 finished with value: 72.76224517822266 and parameters: {'gradient_clip_val': 0.5099487324534723, 'hidden_size': 109, 'dropout': 0.18141455694666508, 'hidden_continuous_size': 27, 'attention_head_size': 2, 'learning_rate': 0.013233029432969477}. Best is trial 103 with value: 62.25958251953125.
LOCAL_RANK: 0 - CUDA_VISIBLE_DEVICES: [0]
[I 2023-11-29 23:58:10,837] Trial 126 finished with value: 116.569580078125 and parameters: {'gradient_clip_val': 0.46127621824003495, 'hidden_size': 109, 'dropout': 0.17279136326115713, 'hidden_continuous_size': 27, 'attention_head_size': 2, 'learning_rate': 0.013110362405166349}. Best is trial 103 with value: 62.25958251953125.
LOCAL_RANK: 0 - CUDA_VISIBLE_DEVICES: [0]
[I 2023-11-29 23:58:24,238] Trial 127 finished with value: 106.95043182373047 and parameters: {'gradient_clip_val': 0.49984401408790924, 'hidden_size': 94, 'dropout': 0.1793787079947909, 'hidden_continuous_size': 29, 'attention_head_size': 2, 'learning_rate': 0.02790006325632084}. Best is trial 103 with value: 62.25958251953125.
LOCAL_RANK: 0 - CUDA_VISIBLE_DEVICES: [0]
[I 2023-11-29 23:58:37,857] Trial 128 finished with value: 104.04735565185547 and parameters: {'gradient_clip_val': 0.4030604696604435, 'hidden_size': 113, 'dropout': 0.18664737699294282, 'hidden_continuous_size': 26, 'attention_head_size': 2, 'learning_rate': 0.02111139786992469}. Best is trial 103 with value: 62.25958251953125.
LOCAL_RANK: 0 - CUDA_VISIBLE_DEVICES: [0]
[I 2023-11-29 23:58:51,855] Trial 129 finished with value: 119.46075439453125 and parameters: {'gradient_clip_val': 0.5756687749828442, 'hidden_size': 131, 'dropout': 0.1559382623587624, 'hidden_continuous_size': 24, 'attention_head_size': 2, 'learning_rate': 0.062342129945106815}. Best is trial 103 with value: 62.25958251953125.
LOCAL_RANK: 0 - CUDA_VISIBLE_DEVICES: [0]
[I 2023-11-29 23:59:05,554] Trial 130 finished with value: 107.55155181884766 and parameters: {'gradient_clip_val': 0.5202242678583406, 'hidden_size': 121, 'dropout': 0.10768449265626387, 'hidden_continuous_size': 22, 'attention_head_size': 2, 'learning_rate': 0.044729513863349155}. Best is trial 103 with value: 62.25958251953125.
LOCAL_RANK: 0 - CUDA_VISIBLE_DEVICES: [0]
[I 2023-11-29 23:59:19,124] Trial 131 finished with value: 73.56486511230469 and parameters: {'gradient_clip_val': 0.4311304852858861, 'hidden_size': 107, 'dropout': 0.18451103996966714, 'hidden_continuous_size': 31, 'attention_head_size': 2, 'learning_rate': 0.014363084396948451}. Best is trial 103 with value: 62.25958251953125.
LOCAL_RANK: 0 - CUDA_VISIBLE_DEVICES: [0]
[I 2023-11-29 23:59:32,623] Trial 132 finished with value: 97.12005615234375 and parameters: {'gradient_clip_val': 0.4385820820882929, 'hidden_size': 97, 'dropout': 0.16568436380306545, 'hidden_continuous_size': 31, 'attention_head_size': 2, 'learning_rate': 0.014105989873204461}. Best is trial 103 with value: 62.25958251953125.
LOCAL_RANK: 0 - CUDA_VISIBLE_DEVICES: [0]
[I 2023-11-29 23:59:46,120] Trial 133 finished with value: 136.72784423828125 and parameters: {'gradient_clip_val': 0.4786525115447522, 'hidden_size': 106, 'dropout': 0.18264984994638084, 'hidden_continuous_size': 28, 'attention_head_size': 2, 'learning_rate': 0.09007216197585023}. Best is trial 103 with value: 62.25958251953125.
LOCAL_RANK: 0 - CUDA_VISIBLE_DEVICES: [0]
[I 2023-11-29 23:59:59,935] Trial 134 finished with value: 95.1912612915039 and parameters: {'gradient_clip_val': 0.42640094983670424, 'hidden_size': 114, 'dropout': 0.19651166179051377, 'hidden_continuous_size': 31, 'attention_head_size': 2, 'learning_rate': 0.015889168500310944}. Best is trial 103 with value: 62.25958251953125.
LOCAL_RANK: 0 - CUDA_VISIBLE_DEVICES: [0]
[I 2023-11-30 00:00:13,640] Trial 135 finished with value: 109.62932586669922 and parameters: {'gradient_clip_val': 0.460276073068486, 'hidden_size': 127, 'dropout': 0.1743190342781629, 'hidden_continuous_size': 25, 'attention_head_size': 2, 'learning_rate': 0.010879025062077568}. Best is trial 103 with value: 62.25958251953125.
LOCAL_RANK: 0 - CUDA_VISIBLE_DEVICES: [0]
[I 2023-11-30 00:00:27,702] Trial 136 finished with value: 90.34976196289062 and parameters: {'gradient_clip_val': 0.5014109260998393, 'hidden_size': 142, 'dropout': 0.132778000119626, 'hidden_continuous_size': 36, 'attention_head_size': 2, 'learning_rate': 0.023257435149147583}. Best is trial 103 with value: 62.25958251953125.
LOCAL_RANK: 0 - CUDA_VISIBLE_DEVICES: [0]
[I 2023-11-30 00:00:41,356] Trial 137 finished with value: 113.03076934814453 and parameters: {'gradient_clip_val': 0.5376811410970315, 'hidden_size': 108, 'dropout': 0.14692717210577888, 'hidden_continuous_size': 33, 'attention_head_size': 2, 'learning_rate': 0.018773457778881394}. Best is trial 103 with value: 62.25958251953125.
LOCAL_RANK: 0 - CUDA_VISIBLE_DEVICES: [0]
[I 2023-11-30 00:00:54,720] Trial 138 finished with value: 106.41988372802734 and parameters: {'gradient_clip_val': 0.37997472566854357, 'hidden_size': 88, 'dropout': 0.21047416491766083, 'hidden_continuous_size': 27, 'attention_head_size': 2, 'learning_rate': 0.03335484537882474}. Best is trial 103 with value: 62.25958251953125.
LOCAL_RANK: 0 - CUDA_VISIBLE_DEVICES: [0]
[I 2023-11-30 00:01:08,287] Trial 139 finished with value: 102.02777862548828 and parameters: {'gradient_clip_val': 0.6908471216344728, 'hidden_size': 98, 'dropout': 0.1872926476509317, 'hidden_continuous_size': 30, 'attention_head_size': 2, 'learning_rate': 0.012277047225323044}. Best is trial 103 with value: 62.25958251953125.
LOCAL_RANK: 0 - CUDA_VISIBLE_DEVICES: [0]
[I 2023-11-30 00:01:22,225] Trial 140 finished with value: 111.8026351928711 and parameters: {'gradient_clip_val': 0.6032629416997244, 'hidden_size': 135, 'dropout': 0.20259100152846748, 'hidden_continuous_size': 20, 'attention_head_size': 2, 'learning_rate': 0.0146860702283724}. Best is trial 103 with value: 62.25958251953125.
LOCAL_RANK: 0 - CUDA_VISIBLE_DEVICES: [0]
[I 2023-11-30 00:01:35,887] Trial 141 finished with value: 82.48324584960938 and parameters: {'gradient_clip_val': 0.5210064551796396, 'hidden_size': 120, 'dropout': 0.17850084519546278, 'hidden_continuous_size': 35, 'attention_head_size': 2, 'learning_rate': 0.013270850235526474}. Best is trial 103 with value: 62.25958251953125.
LOCAL_RANK: 0 - CUDA_VISIBLE_DEVICES: [0]
[I 2023-11-30 00:01:49,371] Trial 142 finished with value: 121.63412475585938 and parameters: {'gradient_clip_val': 0.5651483806092855, 'hidden_size': 116, 'dropout': 0.1987266380789501, 'hidden_continuous_size': 32, 'attention_head_size': 2, 'learning_rate': 0.01707312353015189}. Best is trial 103 with value: 62.25958251953125.
LOCAL_RANK: 0 - CUDA_VISIBLE_DEVICES: [0]
[I 2023-11-30 00:02:03,138] Trial 143 finished with value: 78.38739013671875 and parameters: {'gradient_clip_val': 0.4917279670873645, 'hidden_size': 128, 'dropout': 0.16787888718507138, 'hidden_continuous_size': 28, 'attention_head_size': 2, 'learning_rate': 0.009744355573850162}. Best is trial 103 with value: 62.25958251953125.
LOCAL_RANK: 0 - CUDA_VISIBLE_DEVICES: [0]
[I 2023-11-30 00:02:16,902] Trial 144 finished with value: 87.07818603515625 and parameters: {'gradient_clip_val': 0.47281431324156675, 'hidden_size': 105, 'dropout': 0.18820477782578182, 'hidden_continuous_size': 33, 'attention_head_size': 2, 'learning_rate': 0.01992710622241866}. Best is trial 103 with value: 62.25958251953125.
LOCAL_RANK: 0 - CUDA_VISIBLE_DEVICES: [0]
[I 2023-11-30 00:02:31,022] Trial 145 finished with value: 120.1076889038086 and parameters: {'gradient_clip_val': 0.44681099086030723, 'hidden_size': 150, 'dropout': 0.18201777895544105, 'hidden_continuous_size': 30, 'attention_head_size': 2, 'learning_rate': 0.011535714568012377}. Best is trial 103 with value: 62.25958251953125.
LOCAL_RANK: 0 - CUDA_VISIBLE_DEVICES: [0]
[I 2023-11-30 00:02:44,496] Trial 146 finished with value: 103.67411041259766 and parameters: {'gradient_clip_val': 0.4154629715586664, 'hidden_size': 93, 'dropout': 0.19454525993761757, 'hidden_continuous_size': 31, 'attention_head_size': 3, 'learning_rate': 0.014294692641656608}. Best is trial 103 with value: 62.25958251953125.
LOCAL_RANK: 0 - CUDA_VISIBLE_DEVICES: [0]
[I 2023-11-30 00:02:58,072] Trial 147 finished with value: 103.5378646850586 and parameters: {'gradient_clip_val': 0.5433656986585835, 'hidden_size': 120, 'dropout': 0.21537834848482143, 'hidden_continuous_size': 26, 'attention_head_size': 2, 'learning_rate': 0.015857724878289674}. Best is trial 103 with value: 62.25958251953125.
LOCAL_RANK: 0 - CUDA_VISIBLE_DEVICES: [0]
[I 2023-11-30 00:03:12,096] Trial 148 finished with value: 128.4466552734375 and parameters: {'gradient_clip_val': 0.6602680994088717, 'hidden_size': 138, 'dropout': 0.1606668123987951, 'hidden_continuous_size': 38, 'attention_head_size': 2, 'learning_rate': 0.017913135393678642}. Best is trial 103 with value: 62.25958251953125.
LOCAL_RANK: 0 - CUDA_VISIBLE_DEVICES: [0]
