[I 2023-11-30 10:50:46,818] Trial 34 finished with value: 148.6550750732422 and parameters: {'gradient_clip_val': 0.8355371920102888, 'hidden_size': 78, 'dropout': 0.3511419856904059, 'hidden_continuous_size': 62, 'attention_head_size': 4, 'learning_rate': 0.00599961397248112}. Best is trial 14 with value: 132.8220977783203.
LOCAL_RANK: 0 - CUDA_VISIBLE_DEVICES: [0]
[I 2023-11-30 10:51:01,229] Trial 35 finished with value: 181.97596740722656 and parameters: {'gradient_clip_val': 0.32815065403135174, 'hidden_size': 127, 'dropout': 0.38314477893802984, 'hidden_continuous_size': 98, 'attention_head_size': 3, 'learning_rate': 0.009092731406996856}. Best is trial 14 with value: 132.8220977783203.
LOCAL_RANK: 0 - CUDA_VISIBLE_DEVICES: [0]
[I 2023-11-30 10:51:15,200] Trial 36 finished with value: 162.0223388671875 and parameters: {'gradient_clip_val': 0.6800534673821238, 'hidden_size': 98, 'dropout': 0.3222581883306775, 'hidden_continuous_size': 72, 'attention_head_size': 4, 'learning_rate': 0.0018050977160084275}. Best is trial 14 with value: 132.8220977783203.
LOCAL_RANK: 0 - CUDA_VISIBLE_DEVICES: [0]
[I 2023-11-30 10:51:28,427] Trial 37 finished with value: 177.8569793701172 and parameters: {'gradient_clip_val': 0.38856413097722087, 'hidden_size': 62, 'dropout': 0.34976347436945093, 'hidden_continuous_size': 49, 'attention_head_size': 3, 'learning_rate': 0.003997760734062939}. Best is trial 14 with value: 132.8220977783203.
LOCAL_RANK: 0 - CUDA_VISIBLE_DEVICES: [0]
[I 2023-11-30 10:51:42,154] Trial 38 finished with value: 135.0432891845703 and parameters: {'gradient_clip_val': 0.5595090327728409, 'hidden_size': 128, 'dropout': 0.3726600397180451, 'hidden_continuous_size': 43, 'attention_head_size': 4, 'learning_rate': 0.00237789980555767}. Best is trial 14 with value: 132.8220977783203.
LOCAL_RANK: 0 - CUDA_VISIBLE_DEVICES: [0]
[I 2023-11-30 10:51:56,137] Trial 39 finished with value: 144.99559020996094 and parameters: {'gradient_clip_val': 0.3029523049403402, 'hidden_size': 135, 'dropout': 0.34299497740325646, 'hidden_continuous_size': 43, 'attention_head_size': 3, 'learning_rate': 0.0022946633405262866}. Best is trial 14 with value: 132.8220977783203.
LOCAL_RANK: 0 - CUDA_VISIBLE_DEVICES: [0]
[I 2023-11-30 10:52:09,257] Trial 40 finished with value: 212.8226318359375 and parameters: {'gradient_clip_val': 0.45600176553367616, 'hidden_size': 45, 'dropout': 0.39893403304816394, 'hidden_continuous_size': 37, 'attention_head_size': 4, 'learning_rate': 0.0017339377039471675}. Best is trial 14 with value: 132.8220977783203.
LOCAL_RANK: 0 - CUDA_VISIBLE_DEVICES: [0]
[I 2023-11-30 10:52:23,094] Trial 41 finished with value: 142.9306182861328 and parameters: {'gradient_clip_val': 0.2854534718213184, 'hidden_size': 130, 'dropout': 0.33708987305243127, 'hidden_continuous_size': 32, 'attention_head_size': 3, 'learning_rate': 0.002881343008568451}. Best is trial 14 with value: 132.8220977783203.
LOCAL_RANK: 0 - CUDA_VISIBLE_DEVICES: [0]
[I 2023-11-30 10:52:36,665] Trial 42 finished with value: 154.79087829589844 and parameters: {'gradient_clip_val': 0.22476070890122457, 'hidden_size': 127, 'dropout': 0.369013840383703, 'hidden_continuous_size': 31, 'attention_head_size': 2, 'learning_rate': 0.0027306654161188574}. Best is trial 14 with value: 132.8220977783203.
LOCAL_RANK: 0 - CUDA_VISIBLE_DEVICES: [0]
[I 2023-11-30 10:52:50,055] Trial 43 finished with value: 184.494384765625 and parameters: {'gradient_clip_val': 0.5724652646617345, 'hidden_size': 99, 'dropout': 0.33772964602363453, 'hidden_continuous_size': 23, 'attention_head_size': 3, 'learning_rate': 0.0032153245376480336}. Best is trial 14 with value: 132.8220977783203.
LOCAL_RANK: 0 - CUDA_VISIBLE_DEVICES: [0]
[I 2023-11-30 10:53:04,927] Trial 44 finished with value: 151.3693084716797 and parameters: {'gradient_clip_val': 0.27470975459501107, 'hidden_size': 150, 'dropout': 0.36992621430601985, 'hidden_continuous_size': 121, 'attention_head_size': 3, 'learning_rate': 0.004245420987985231}. Best is trial 14 with value: 132.8220977783203.
LOCAL_RANK: 0 - CUDA_VISIBLE_DEVICES: [0]
[I 2023-11-30 10:53:18,621] Trial 45 finished with value: 146.4324493408203 and parameters: {'gradient_clip_val': 0.3819991485805093, 'hidden_size': 120, 'dropout': 0.3285029583213912, 'hidden_continuous_size': 42, 'attention_head_size': 3, 'learning_rate': 0.0023158650918030854}. Best is trial 14 with value: 132.8220977783203.
LOCAL_RANK: 0 - CUDA_VISIBLE_DEVICES: [0]
[I 2023-11-30 10:53:32,445] Trial 46 finished with value: 148.46685791015625 and parameters: {'gradient_clip_val': 0.7123082819093133, 'hidden_size': 135, 'dropout': 0.35621095366238464, 'hidden_continuous_size': 32, 'attention_head_size': 2, 'learning_rate': 0.006675800897515434}. Best is trial 14 with value: 132.8220977783203.
LOCAL_RANK: 0 - CUDA_VISIBLE_DEVICES: [0]
[I 2023-11-30 10:53:46,381] Trial 47 finished with value: 149.52090454101562 and parameters: {'gradient_clip_val': 0.49030548547216807, 'hidden_size': 89, 'dropout': 0.38920461688545877, 'hidden_continuous_size': 65, 'attention_head_size': 4, 'learning_rate': 0.004371442768563594}. Best is trial 14 with value: 132.8220977783203.
LOCAL_RANK: 0 - CUDA_VISIBLE_DEVICES: [0]
[I 2023-11-30 10:54:00,423] Trial 48 finished with value: 168.37413024902344 and parameters: {'gradient_clip_val': 0.5701880160806503, 'hidden_size': 109, 'dropout': 0.37100688739459436, 'hidden_continuous_size': 81, 'attention_head_size': 3, 'learning_rate': 0.003311122689617889}. Best is trial 14 with value: 132.8220977783203.
LOCAL_RANK: 0 - CUDA_VISIBLE_DEVICES: [0]
[I 2023-11-30 10:54:14,257] Trial 49 finished with value: 150.6427764892578 and parameters: {'gradient_clip_val': 0.44268055163540276, 'hidden_size': 76, 'dropout': 0.31605788494525255, 'hidden_continuous_size': 59, 'attention_head_size': 4, 'learning_rate': 0.008788501225746138}. Best is trial 14 with value: 132.8220977783203.
LOCAL_RANK: 0 - CUDA_VISIBLE_DEVICES: [0]
[I 2023-11-30 10:54:28,742] Trial 50 finished with value: 144.49586486816406 and parameters: {'gradient_clip_val': 0.3556383412593349, 'hidden_size': 149, 'dropout': 0.3407425382982107, 'hidden_continuous_size': 116, 'attention_head_size': 1, 'learning_rate': 0.006280124228260351}. Best is trial 14 with value: 132.8220977783203.
LOCAL_RANK: 0 - CUDA_VISIBLE_DEVICES: [0]
[I 2023-11-30 10:54:43,112] Trial 51 finished with value: 163.6935272216797 and parameters: {'gradient_clip_val': 0.35711338129558307, 'hidden_size': 148, 'dropout': 0.34213847383556195, 'hidden_continuous_size': 127, 'attention_head_size': 1, 'learning_rate': 0.006022120202837633}. Best is trial 14 with value: 132.8220977783203.
LOCAL_RANK: 0 - CUDA_VISIBLE_DEVICES: [0]
[I 2023-11-30 10:54:57,311] Trial 52 finished with value: 141.6793670654297 and parameters: {'gradient_clip_val': 0.4150625454504487, 'hidden_size': 129, 'dropout': 0.38997692036246967, 'hidden_continuous_size': 104, 'attention_head_size': 1, 'learning_rate': 0.007508624798554705}. Best is trial 14 with value: 132.8220977783203.
LOCAL_RANK: 0 - CUDA_VISIBLE_DEVICES: [0]
[I 2023-11-30 10:55:11,161] Trial 53 finished with value: 151.12130737304688 and parameters: {'gradient_clip_val': 0.5426588332468815, 'hidden_size': 120, 'dropout': 0.3877908079744062, 'hidden_continuous_size': 101, 'attention_head_size': 2, 'learning_rate': 0.007497780914222071}. Best is trial 14 with value: 132.8220977783203.
LOCAL_RANK: 0 - CUDA_VISIBLE_DEVICES: [0]
[I 2023-11-30 10:55:25,028] Trial 54 finished with value: 154.2063446044922 and parameters: {'gradient_clip_val': 0.39615896648196536, 'hidden_size': 104, 'dropout': 0.3767836777128854, 'hidden_continuous_size': 88, 'attention_head_size': 1, 'learning_rate': 0.010692842948270982}. Best is trial 14 with value: 132.8220977783203.
LOCAL_RANK: 0 - CUDA_VISIBLE_DEVICES: [0]
[I 2023-11-30 10:55:38,894] Trial 55 finished with value: 134.015625 and parameters: {'gradient_clip_val': 0.42808720648992554, 'hidden_size': 91, 'dropout': 0.3989176828727947, 'hidden_continuous_size': 77, 'attention_head_size': 3, 'learning_rate': 0.013139425546743619}. Best is trial 14 with value: 132.8220977783203.
LOCAL_RANK: 0 - CUDA_VISIBLE_DEVICES: [0]
[I 2023-11-30 10:55:52,708] Trial 56 finished with value: 148.47715759277344 and parameters: {'gradient_clip_val': 0.48183493667121013, 'hidden_size': 91, 'dropout': 0.392917219645504, 'hidden_continuous_size': 79, 'attention_head_size': 2, 'learning_rate': 0.012741804497604712}. Best is trial 14 with value: 132.8220977783203.
LOCAL_RANK: 0 - CUDA_VISIBLE_DEVICES: [0]
[I 2023-11-30 10:56:06,445] Trial 57 finished with value: 152.0762481689453 and parameters: {'gradient_clip_val': 0.4254995712495408, 'hidden_size': 84, 'dropout': 0.3935085456215112, 'hidden_continuous_size': 68, 'attention_head_size': 4, 'learning_rate': 0.009561569247983995}. Best is trial 14 with value: 132.8220977783203.
LOCAL_RANK: 0 - CUDA_VISIBLE_DEVICES: [0]
[I 2023-11-30 10:56:20,570] Trial 58 finished with value: 148.4713134765625 and parameters: {'gradient_clip_val': 0.6459009839996265, 'hidden_size': 111, 'dropout': 0.3992127738954784, 'hidden_continuous_size': 90, 'attention_head_size': 4, 'learning_rate': 0.013773699623276504}. Best is trial 14 with value: 132.8220977783203.
LOCAL_RANK: 0 - CUDA_VISIBLE_DEVICES: [0]
[I 2023-11-30 10:56:35,255] Trial 59 finished with value: 159.37840270996094 and parameters: {'gradient_clip_val': 0.5078015327459711, 'hidden_size': 138, 'dropout': 0.3782378423070991, 'hidden_continuous_size': 105, 'attention_head_size': 3, 'learning_rate': 0.01899700060979016}. Best is trial 14 with value: 132.8220977783203.
LOCAL_RANK: 0 - CUDA_VISIBLE_DEVICES: [0]
[I 2023-11-30 10:56:49,174] Trial 60 finished with value: 141.71719360351562 and parameters: {'gradient_clip_val': 0.5852660882051817, 'hidden_size': 93, 'dropout': 0.3626979936781183, 'hidden_continuous_size': 78, 'attention_head_size': 2, 'learning_rate': 0.011165105670415247}. Best is trial 14 with value: 132.8220977783203.
LOCAL_RANK: 0 - CUDA_VISIBLE_DEVICES: [0]
[I 2023-11-30 10:57:02,912] Trial 61 finished with value: 186.8800811767578 and parameters: {'gradient_clip_val': 0.5927586475110437, 'hidden_size': 92, 'dropout': 0.36374204359247586, 'hidden_continuous_size': 76, 'attention_head_size': 2, 'learning_rate': 0.011176003143957869}. Best is trial 14 with value: 132.8220977783203.
LOCAL_RANK: 0 - CUDA_VISIBLE_DEVICES: [0]
[I 2023-11-30 10:57:17,003] Trial 62 finished with value: 152.8936309814453 and parameters: {'gradient_clip_val': 0.5202583015462696, 'hidden_size': 118, 'dropout': 0.37462521668224696, 'hidden_continuous_size': 90, 'attention_head_size': 2, 'learning_rate': 0.008131938428225682}. Best is trial 14 with value: 132.8220977783203.
LOCAL_RANK: 0 - CUDA_VISIBLE_DEVICES: [0]
[I 2023-11-30 10:57:30,843] Trial 63 finished with value: 145.189697265625 and parameters: {'gradient_clip_val': 0.45200321735465465, 'hidden_size': 106, 'dropout': 0.3862057064160719, 'hidden_continuous_size': 93, 'attention_head_size': 1, 'learning_rate': 0.007380251329942703}. Best is trial 14 with value: 132.8220977783203.
LOCAL_RANK: 0 - CUDA_VISIBLE_DEVICES: [0]
[I 2023-11-30 10:57:44,843] Trial 64 finished with value: 153.35008239746094 and parameters: {'gradient_clip_val': 0.6465914071171498, 'hidden_size': 85, 'dropout': 0.359268545028282, 'hidden_continuous_size': 79, 'attention_head_size': 1, 'learning_rate': 0.009744660232882089}. Best is trial 14 with value: 132.8220977783203.
LOCAL_RANK: 0 - CUDA_VISIBLE_DEVICES: [0]
[I 2023-11-30 10:57:58,944] Trial 65 finished with value: 178.34120178222656 and parameters: {'gradient_clip_val': 0.5542161785256013, 'hidden_size': 99, 'dropout': 0.38148043419888034, 'hidden_continuous_size': 87, 'attention_head_size': 4, 'learning_rate': 0.012842983721191017}. Best is trial 14 with value: 132.8220977783203.
LOCAL_RANK: 0 - CUDA_VISIBLE_DEVICES: [0]
[I 2023-11-30 10:58:13,156] Trial 66 finished with value: 183.9395751953125 and parameters: {'gradient_clip_val': 0.4072555949162555, 'hidden_size': 138, 'dropout': 0.39950556399811266, 'hidden_continuous_size': 109, 'attention_head_size': 2, 'learning_rate': 0.015170961042619608}. Best is trial 14 with value: 132.8220977783203.
LOCAL_RANK: 0 - CUDA_VISIBLE_DEVICES: [0]
[I 2023-11-30 10:58:27,333] Trial 67 finished with value: 140.23345947265625 and parameters: {'gradient_clip_val': 0.4765869615096414, 'hidden_size': 117, 'dropout': 0.36397373544256106, 'hidden_continuous_size': 97, 'attention_head_size': 3, 'learning_rate': 0.018246534498046307}. Best is trial 14 with value: 132.8220977783203.
LOCAL_RANK: 0 - CUDA_VISIBLE_DEVICES: [0]
[I 2023-11-30 10:58:41,479] Trial 68 finished with value: 191.5368194580078 and parameters: {'gradient_clip_val': 0.47943817424325474, 'hidden_size': 119, 'dropout': 0.38752940278194115, 'hidden_continuous_size': 98, 'attention_head_size': 3, 'learning_rate': 0.024167169471995854}. Best is trial 14 with value: 132.8220977783203.
LOCAL_RANK: 0 - CUDA_VISIBLE_DEVICES: [0]
[I 2023-11-30 10:58:55,927] Trial 69 finished with value: 149.00173950195312 and parameters: {'gradient_clip_val': 0.5262146789043883, 'hidden_size': 129, 'dropout': 0.3714460578476967, 'hidden_continuous_size': 110, 'attention_head_size': 3, 'learning_rate': 0.01817339638656113}. Best is trial 14 with value: 132.8220977783203.
LOCAL_RANK: 0 - CUDA_VISIBLE_DEVICES: [0]
[I 2023-11-30 10:59:10,204] Trial 70 finished with value: 167.6260528564453 and parameters: {'gradient_clip_val': 0.4336499981976284, 'hidden_size': 111, 'dropout': 0.35386679957056605, 'hidden_continuous_size': 93, 'attention_head_size': 4, 'learning_rate': 0.021276884152896938}. Best is trial 14 with value: 132.8220977783203.
LOCAL_RANK: 0 - CUDA_VISIBLE_DEVICES: [0]
[I 2023-11-30 10:59:24,476] Trial 71 finished with value: 164.8086395263672 and parameters: {'gradient_clip_val': 0.5980409174950205, 'hidden_size': 102, 'dropout': 0.36039641167422737, 'hidden_continuous_size': 83, 'attention_head_size': 3, 'learning_rate': 0.014259450841563362}. Best is trial 14 with value: 132.8220977783203.
LOCAL_RANK: 0 - CUDA_VISIBLE_DEVICES: [0]
[I 2023-11-30 10:59:38,427] Trial 72 finished with value: 145.7622528076172 and parameters: {'gradient_clip_val': 0.48715298196100265, 'hidden_size': 94, 'dropout': 0.37778519467407645, 'hidden_continuous_size': 74, 'attention_head_size': 3, 'learning_rate': 0.011413212110228414}. Best is trial 14 with value: 132.8220977783203.
LOCAL_RANK: 0 - CUDA_VISIBLE_DEVICES: [0]
[I 2023-11-30 10:59:52,327] Trial 73 finished with value: 155.5297088623047 and parameters: {'gradient_clip_val': 0.527888432069269, 'hidden_size': 79, 'dropout': 0.3655014855081745, 'hidden_continuous_size': 74, 'attention_head_size': 4, 'learning_rate': 0.008748796926850946}. Best is trial 14 with value: 132.8220977783203.
LOCAL_RANK: 0 - CUDA_VISIBLE_DEVICES: [0]
[I 2023-11-30 11:00:06,465] Trial 74 finished with value: 184.7246856689453 and parameters: {'gradient_clip_val': 0.4660023351799742, 'hidden_size': 119, 'dropout': 0.3919969345460821, 'hidden_continuous_size': 66, 'attention_head_size': 4, 'learning_rate': 0.016404506219075653}. Best is trial 14 with value: 132.8220977783203.
LOCAL_RANK: 0 - CUDA_VISIBLE_DEVICES: [0]
[I 2023-11-30 11:00:21,024] Trial 75 finished with value: 157.484619140625 and parameters: {'gradient_clip_val': 0.6127544191540862, 'hidden_size': 137, 'dropout': 0.3480356690835426, 'hidden_continuous_size': 136, 'attention_head_size': 3, 'learning_rate': 0.004861667852904982}. Best is trial 14 with value: 132.8220977783203.
LOCAL_RANK: 0 - CUDA_VISIBLE_DEVICES: [0]
[I 2023-11-30 11:00:34,861] Trial 76 finished with value: 125.41485595703125 and parameters: {'gradient_clip_val': 0.6902684421804177, 'hidden_size': 106, 'dropout': 0.38206966197311487, 'hidden_continuous_size': 83, 'attention_head_size': 1, 'learning_rate': 0.005741085597825355}. Best is trial 76 with value: 125.41485595703125.
LOCAL_RANK: 0 - CUDA_VISIBLE_DEVICES: [0]
[I 2023-11-30 11:00:48,953] Trial 77 finished with value: 155.84986877441406 and parameters: {'gradient_clip_val': 0.7299290264762196, 'hidden_size': 127, 'dropout': 0.38207270250332803, 'hidden_continuous_size': 104, 'attention_head_size': 1, 'learning_rate': 0.0051810914319275385}. Best is trial 76 with value: 125.41485595703125.
LOCAL_RANK: 0 - CUDA_VISIBLE_DEVICES: [0]
[I 2023-11-30 11:01:02,745] Trial 78 finished with value: 145.5523681640625 and parameters: {'gradient_clip_val': 0.6678671707133857, 'hidden_size': 106, 'dropout': 0.39206527918491346, 'hidden_continuous_size': 84, 'attention_head_size': 1, 'learning_rate': 0.007020103326526046}. Best is trial 76 with value: 125.41485595703125.
LOCAL_RANK: 0 - CUDA_VISIBLE_DEVICES: [0]
[I 2023-11-30 11:01:16,912] Trial 79 finished with value: 154.18368530273438 and parameters: {'gradient_clip_val': 0.7898761373603296, 'hidden_size': 114, 'dropout': 0.3712999636940124, 'hidden_continuous_size': 95, 'attention_head_size': 1, 'learning_rate': 0.0062519677656094}. Best is trial 76 with value: 125.41485595703125.
LOCAL_RANK: 0 - CUDA_VISIBLE_DEVICES: [0]
[I 2023-11-30 11:01:31,206] Trial 80 finished with value: 156.536376953125 and parameters: {'gradient_clip_val': 0.5625841839130451, 'hidden_size': 141, 'dropout': 0.12565052658793624, 'hidden_continuous_size': 56, 'attention_head_size': 4, 'learning_rate': 0.005554705357511294}. Best is trial 76 with value: 125.41485595703125.
LOCAL_RANK: 0 - CUDA_VISIBLE_DEVICES: [0]
[I 2023-11-30 11:01:45,067] Trial 81 finished with value: 154.8305206298828 and parameters: {'gradient_clip_val': 0.6358117214618104, 'hidden_size': 89, 'dropout': 0.3805928804880215, 'hidden_continuous_size': 77, 'attention_head_size': 1, 'learning_rate': 0.007969484843763584}. Best is trial 76 with value: 125.41485595703125.
LOCAL_RANK: 0 - CUDA_VISIBLE_DEVICES: [0]
[I 2023-11-30 11:01:58,647] Trial 82 finished with value: 175.6411895751953 and parameters: {'gradient_clip_val': 0.5820406378852055, 'hidden_size': 75, 'dropout': 0.36015474776715545, 'hidden_continuous_size': 70, 'attention_head_size': 1, 'learning_rate': 0.009723250428655354}. Best is trial 76 with value: 125.41485595703125.
LOCAL_RANK: 0 - CUDA_VISIBLE_DEVICES: [0]
[I 2023-11-30 11:02:12,738] Trial 83 finished with value: 145.25341796875 and parameters: {'gradient_clip_val': 0.6714837255461003, 'hidden_size': 124, 'dropout': 0.3996210654612585, 'hidden_continuous_size': 85, 'attention_head_size': 3, 'learning_rate': 0.003997396240135619}. Best is trial 76 with value: 125.41485595703125.
LOCAL_RANK: 0 - CUDA_VISIBLE_DEVICES: [0]
[I 2023-11-30 11:02:26,794] Trial 84 finished with value: 157.5554656982422 and parameters: {'gradient_clip_val': 0.41556751171314993, 'hidden_size': 98, 'dropout': 0.34729554345945, 'hidden_continuous_size': 83, 'attention_head_size': 2, 'learning_rate': 0.006872097835074018}. Best is trial 76 with value: 125.41485595703125.
LOCAL_RANK: 0 - CUDA_VISIBLE_DEVICES: [0]
[I 2023-11-30 11:02:40,908] Trial 85 finished with value: 142.4938507080078 and parameters: {'gradient_clip_val': 0.5025801224435906, 'hidden_size': 113, 'dropout': 0.3671357512264697, 'hidden_continuous_size': 99, 'attention_head_size': 4, 'learning_rate': 0.004786536318927406}. Best is trial 76 with value: 125.41485595703125.
LOCAL_RANK: 0 - CUDA_VISIBLE_DEVICES: [0]
[I 2023-11-30 11:02:54,801] Trial 86 finished with value: 168.4581298828125 and parameters: {'gradient_clip_val': 0.5371222965673206, 'hidden_size': 104, 'dropout': 0.3898387269923846, 'hidden_continuous_size': 93, 'attention_head_size': 3, 'learning_rate': 0.005690651486238754}. Best is trial 76 with value: 125.41485595703125.
LOCAL_RANK: 0 - CUDA_VISIBLE_DEVICES: [0]
[I 2023-11-30 11:03:09,101] Trial 87 finished with value: 148.88768005371094 and parameters: {'gradient_clip_val': 0.4501309062001914, 'hidden_size': 134, 'dropout': 0.3749144573408377, 'hidden_continuous_size': 114, 'attention_head_size': 2, 'learning_rate': 0.0036562755433674683}. Best is trial 76 with value: 125.41485595703125.
LOCAL_RANK: 0 - CUDA_VISIBLE_DEVICES: [0]
[I 2023-11-30 11:03:22,917] Trial 88 finished with value: 157.6504669189453 and parameters: {'gradient_clip_val': 0.384560392613081, 'hidden_size': 95, 'dropout': 0.33069427099320337, 'hidden_continuous_size': 79, 'attention_head_size': 1, 'learning_rate': 0.011745311516860138}. Best is trial 76 with value: 125.41485595703125.
LOCAL_RANK: 0 - CUDA_VISIBLE_DEVICES: [0]
[I 2023-11-30 11:03:37,088] Trial 89 finished with value: 206.122802734375 and parameters: {'gradient_clip_val': 0.68711267043412, 'hidden_size': 83, 'dropout': 0.178557183795587, 'hidden_continuous_size': 76, 'attention_head_size': 4, 'learning_rate': 0.029058567912440932}. Best is trial 76 with value: 125.41485595703125.
LOCAL_RANK: 0 - CUDA_VISIBLE_DEVICES: [0]
[I 2023-11-30 11:03:50,977] Trial 90 finished with value: 153.9872283935547 and parameters: {'gradient_clip_val': 0.6150012899471172, 'hidden_size': 70, 'dropout': 0.354591461866826, 'hidden_continuous_size': 64, 'attention_head_size': 3, 'learning_rate': 0.008204028363916108}. Best is trial 76 with value: 125.41485595703125.
LOCAL_RANK: 0 - CUDA_VISIBLE_DEVICES: [0]
[I 2023-11-30 11:04:05,270] Trial 91 finished with value: 150.539794921875 and parameters: {'gradient_clip_val': 0.5016098062225939, 'hidden_size': 113, 'dropout': 0.3674320584204579, 'hidden_continuous_size': 102, 'attention_head_size': 4, 'learning_rate': 0.004553767522581371}. Best is trial 76 with value: 125.41485595703125.
LOCAL_RANK: 0 - CUDA_VISIBLE_DEVICES: [0]
[I 2023-11-30 11:04:19,519] Trial 92 finished with value: 160.62318420410156 and parameters: {'gradient_clip_val': 0.5664537169622041, 'hidden_size': 123, 'dropout': 0.38412636261048494, 'hidden_continuous_size': 100, 'attention_head_size': 4, 'learning_rate': 0.004632701211888108}. Best is trial 76 with value: 125.41485595703125.
LOCAL_RANK: 0 - CUDA_VISIBLE_DEVICES: [0]
