[I 2023-11-29 20:59:00,591] Trial 82 finished with value: 10.127177238464355 and parameters: {'gradient_clip_val': 0.43999015316949314, 'hidden_size': 33, 'dropout': 0.1344506736876046, 'hidden_continuous_size': 22, 'attention_head_size': 3, 'learning_rate': 0.006830342047635152}. Best is trial 46 with value: 8.202338218688965.
LOCAL_RANK: 0 - CUDA_VISIBLE_DEVICES: [0]
[I 2023-11-29 20:59:13,244] Trial 83 finished with value: 9.877386093139648 and parameters: {'gradient_clip_val': 0.40695549588718166, 'hidden_size': 24, 'dropout': 0.16149468167770084, 'hidden_continuous_size': 16, 'attention_head_size': 3, 'learning_rate': 0.008542034490603739}. Best is trial 46 with value: 8.202338218688965.
LOCAL_RANK: 0 - CUDA_VISIBLE_DEVICES: [0]
[I 2023-11-29 20:59:26,720] Trial 84 finished with value: 8.14660930633545 and parameters: {'gradient_clip_val': 0.34922369416583493, 'hidden_size': 30, 'dropout': 0.1766195514219236, 'hidden_continuous_size': 24, 'attention_head_size': 3, 'learning_rate': 0.011776432657998501}. Best is trial 84 with value: 8.14660930633545.
LOCAL_RANK: 0 - CUDA_VISIBLE_DEVICES: [0]
[I 2023-11-29 20:59:40,011] Trial 85 finished with value: 10.288394927978516 and parameters: {'gradient_clip_val': 0.3465700613307792, 'hidden_size': 40, 'dropout': 0.15286376448345645, 'hidden_continuous_size': 24, 'attention_head_size': 3, 'learning_rate': 0.01221404900259106}. Best is trial 84 with value: 8.14660930633545.
LOCAL_RANK: 0 - CUDA_VISIBLE_DEVICES: [0]
[I 2023-11-29 20:59:53,290] Trial 86 finished with value: 8.28115177154541 and parameters: {'gradient_clip_val': 0.38447891023077874, 'hidden_size': 37, 'dropout': 0.16675845492476704, 'hidden_continuous_size': 23, 'attention_head_size': 3, 'learning_rate': 0.010637493761868618}. Best is trial 84 with value: 8.14660930633545.
LOCAL_RANK: 0 - CUDA_VISIBLE_DEVICES: [0]
[I 2023-11-29 21:00:06,733] Trial 87 finished with value: 9.363014221191406 and parameters: {'gradient_clip_val': 0.3622148260266776, 'hidden_size': 41, 'dropout': 0.16737858103680228, 'hidden_continuous_size': 25, 'attention_head_size': 3, 'learning_rate': 0.010291893865082235}. Best is trial 84 with value: 8.14660930633545.
LOCAL_RANK: 0 - CUDA_VISIBLE_DEVICES: [0]
[I 2023-11-29 21:00:20,144] Trial 88 finished with value: 11.717227935791016 and parameters: {'gradient_clip_val': 0.3888828766628757, 'hidden_size': 45, 'dropout': 0.17530753082736114, 'hidden_continuous_size': 23, 'attention_head_size': 3, 'learning_rate': 0.014231869047755669}. Best is trial 84 with value: 8.14660930633545.
LOCAL_RANK: 0 - CUDA_VISIBLE_DEVICES: [0]
[I 2023-11-29 21:00:33,682] Trial 89 finished with value: 13.214229583740234 and parameters: {'gradient_clip_val': 0.3312424070513723, 'hidden_size': 35, 'dropout': 0.16120092492572194, 'hidden_continuous_size': 24, 'attention_head_size': 4, 'learning_rate': 0.011789070312051331}. Best is trial 84 with value: 8.14660930633545.
LOCAL_RANK: 0 - CUDA_VISIBLE_DEVICES: [0]
[I 2023-11-29 21:00:47,411] Trial 90 finished with value: 11.335627555847168 and parameters: {'gradient_clip_val': 0.2900311345251231, 'hidden_size': 49, 'dropout': 0.137392783429487, 'hidden_continuous_size': 26, 'attention_head_size': 3, 'learning_rate': 0.0062535611791255455}. Best is trial 84 with value: 8.14660930633545.
LOCAL_RANK: 0 - CUDA_VISIBLE_DEVICES: [0]
[I 2023-11-29 21:01:00,544] Trial 91 finished with value: 8.49016284942627 and parameters: {'gradient_clip_val': 0.44884012451945865, 'hidden_size': 37, 'dropout': 0.1544462219313232, 'hidden_continuous_size': 21, 'attention_head_size': 3, 'learning_rate': 0.010114360690884285}. Best is trial 84 with value: 8.14660930633545.
LOCAL_RANK: 0 - CUDA_VISIBLE_DEVICES: [0]
[I 2023-11-29 21:01:13,890] Trial 92 finished with value: 9.034929275512695 and parameters: {'gradient_clip_val': 0.4516959416504492, 'hidden_size': 38, 'dropout': 0.12943206422725909, 'hidden_continuous_size': 21, 'attention_head_size': 3, 'learning_rate': 0.013452647118371446}. Best is trial 84 with value: 8.14660930633545.
LOCAL_RANK: 0 - CUDA_VISIBLE_DEVICES: [0]
[I 2023-11-29 21:01:27,533] Trial 93 finished with value: 8.961298942565918 and parameters: {'gradient_clip_val': 0.40297667026128225, 'hidden_size': 42, 'dropout': 0.14532856778322317, 'hidden_continuous_size': 20, 'attention_head_size': 3, 'learning_rate': 0.007537110199014473}. Best is trial 84 with value: 8.14660930633545.
LOCAL_RANK: 0 - CUDA_VISIBLE_DEVICES: [0]
[I 2023-11-29 21:01:40,803] Trial 94 finished with value: 8.9744234085083 and parameters: {'gradient_clip_val': 0.4162625601054902, 'hidden_size': 29, 'dropout': 0.1851975858916043, 'hidden_continuous_size': 23, 'attention_head_size': 3, 'learning_rate': 0.010343049805750907}. Best is trial 84 with value: 8.14660930633545.
LOCAL_RANK: 0 - CUDA_VISIBLE_DEVICES: [0]
[I 2023-11-29 21:01:53,989] Trial 95 finished with value: 11.931384086608887 and parameters: {'gradient_clip_val': 0.4555344109462712, 'hidden_size': 37, 'dropout': 0.16756400218722212, 'hidden_continuous_size': 21, 'attention_head_size': 3, 'learning_rate': 0.011114920468385097}. Best is trial 84 with value: 8.14660930633545.
LOCAL_RANK: 0 - CUDA_VISIBLE_DEVICES: [0]
[I 2023-11-29 21:02:07,507] Trial 96 finished with value: 9.89342212677002 and parameters: {'gradient_clip_val': 0.3821730890020405, 'hidden_size': 46, 'dropout': 0.1589878403007839, 'hidden_continuous_size': 25, 'attention_head_size': 3, 'learning_rate': 0.015234781371342153}. Best is trial 84 with value: 8.14660930633545.
LOCAL_RANK: 0 - CUDA_VISIBLE_DEVICES: [0]
[I 2023-11-29 21:02:21,138] Trial 97 finished with value: 8.405220031738281 and parameters: {'gradient_clip_val': 0.3522038974727594, 'hidden_size': 53, 'dropout': 0.15389763449687213, 'hidden_continuous_size': 27, 'attention_head_size': 2, 'learning_rate': 0.008447306333498801}. Best is trial 84 with value: 8.14660930633545.
LOCAL_RANK: 0 - CUDA_VISIBLE_DEVICES: [0]
[I 2023-11-29 21:02:34,962] Trial 98 finished with value: 9.70604419708252 and parameters: {'gradient_clip_val': 0.3587379461947639, 'hidden_size': 56, 'dropout': 0.12400561457091182, 'hidden_continuous_size': 28, 'attention_head_size': 2, 'learning_rate': 0.007979332551858644}. Best is trial 84 with value: 8.14660930633545.
LOCAL_RANK: 0 - CUDA_VISIBLE_DEVICES: [0]
[I 2023-11-29 21:02:48,761] Trial 99 finished with value: 8.583884239196777 and parameters: {'gradient_clip_val': 0.3039471872405854, 'hidden_size': 61, 'dropout': 0.1555780763163049, 'hidden_continuous_size': 27, 'attention_head_size': 2, 'learning_rate': 0.0087451674423255}. Best is trial 84 with value: 8.14660930633545.
LOCAL_RANK: 0 - CUDA_VISIBLE_DEVICES: [0]
[I 2023-11-29 21:03:02,296] Trial 100 finished with value: 13.71140193939209 and parameters: {'gradient_clip_val': 0.3152668553680403, 'hidden_size': 53, 'dropout': 0.14703856670210025, 'hidden_continuous_size': 27, 'attention_head_size': 2, 'learning_rate': 0.008623822440585802}. Best is trial 84 with value: 8.14660930633545.
LOCAL_RANK: 0 - CUDA_VISIBLE_DEVICES: [0]
[I 2023-11-29 21:03:15,761] Trial 101 finished with value: 8.116284370422363 and parameters: {'gradient_clip_val': 0.30337372252149186, 'hidden_size': 49, 'dropout': 0.1536779620318237, 'hidden_continuous_size': 24, 'attention_head_size': 2, 'learning_rate': 0.0096208646480469}. Best is trial 101 with value: 8.116284370422363.
LOCAL_RANK: 0 - CUDA_VISIBLE_DEVICES: [0]
[I 2023-11-29 21:03:29,195] Trial 102 finished with value: 9.48000431060791 and parameters: {'gradient_clip_val': 0.270128537481638, 'hidden_size': 49, 'dropout': 0.13767525747451625, 'hidden_continuous_size': 26, 'attention_head_size': 2, 'learning_rate': 0.006412084306288904}. Best is trial 101 with value: 8.116284370422363.
LOCAL_RANK: 0 - CUDA_VISIBLE_DEVICES: [0]
[I 2023-11-29 21:03:42,940] Trial 103 finished with value: 12.513038635253906 and parameters: {'gradient_clip_val': 0.29420792825498454, 'hidden_size': 60, 'dropout': 0.15412771850376375, 'hidden_continuous_size': 30, 'attention_head_size': 2, 'learning_rate': 0.011973990943985428}. Best is trial 101 with value: 8.116284370422363.
LOCAL_RANK: 0 - CUDA_VISIBLE_DEVICES: [0]
[I 2023-11-29 21:03:57,075] Trial 104 finished with value: 7.739830017089844 and parameters: {'gradient_clip_val': 0.3335553936286905, 'hidden_size': 63, 'dropout': 0.17050797830623832, 'hidden_continuous_size': 29, 'attention_head_size': 2, 'learning_rate': 0.00710773507940828}. Best is trial 104 with value: 7.739830017089844.
LOCAL_RANK: 0 - CUDA_VISIBLE_DEVICES: [0]
[I 2023-11-29 21:04:10,909] Trial 105 finished with value: 10.922871589660645 and parameters: {'gradient_clip_val': 0.34067655519755274, 'hidden_size': 61, 'dropout': 0.16433835786483747, 'hidden_continuous_size': 27, 'attention_head_size': 2, 'learning_rate': 0.007259895355265835}. Best is trial 104 with value: 7.739830017089844.
LOCAL_RANK: 0 - CUDA_VISIBLE_DEVICES: [0]
[I 2023-11-29 21:04:24,389] Trial 106 finished with value: 8.420146942138672 and parameters: {'gradient_clip_val': 0.3051925240224455, 'hidden_size': 52, 'dropout': 0.17343959756875685, 'hidden_continuous_size': 29, 'attention_head_size': 2, 'learning_rate': 0.012742203170457378}. Best is trial 104 with value: 7.739830017089844.
LOCAL_RANK: 0 - CUDA_VISIBLE_DEVICES: [0]
[I 2023-11-29 21:04:37,475] Trial 107 finished with value: 8.163246154785156 and parameters: {'gradient_clip_val': 0.3335908585782613, 'hidden_size': 52, 'dropout': 0.17219136406695246, 'hidden_continuous_size': 30, 'attention_head_size': 2, 'learning_rate': 0.013353096778119833}. Best is trial 104 with value: 7.739830017089844.
LOCAL_RANK: 0 - CUDA_VISIBLE_DEVICES: [0]
[I 2023-11-29 21:04:50,631] Trial 108 finished with value: 10.276545524597168 and parameters: {'gradient_clip_val': 0.3210132422264119, 'hidden_size': 51, 'dropout': 0.1751029685654115, 'hidden_continuous_size': 29, 'attention_head_size': 2, 'learning_rate': 0.013571029262776486}. Best is trial 104 with value: 7.739830017089844.
LOCAL_RANK: 0 - CUDA_VISIBLE_DEVICES: [0]
[I 2023-11-29 21:05:04,646] Trial 109 finished with value: 12.162371635437012 and parameters: {'gradient_clip_val': 0.345282799305542, 'hidden_size': 58, 'dropout': 0.16994984957539214, 'hidden_continuous_size': 31, 'attention_head_size': 2, 'learning_rate': 0.017342902427118098}. Best is trial 104 with value: 7.739830017089844.
LOCAL_RANK: 0 - CUDA_VISIBLE_DEVICES: [0]
[I 2023-11-29 21:05:18,201] Trial 110 finished with value: 12.750605583190918 and parameters: {'gradient_clip_val': 0.3055015285582351, 'hidden_size': 53, 'dropout': 0.17430945363655578, 'hidden_continuous_size': 24, 'attention_head_size': 2, 'learning_rate': 0.013114833100494171}. Best is trial 104 with value: 7.739830017089844.
LOCAL_RANK: 0 - CUDA_VISIBLE_DEVICES: [0]
[I 2023-11-29 21:05:31,528] Trial 111 finished with value: 9.618243217468262 and parameters: {'gradient_clip_val': 0.36559734385677634, 'hidden_size': 48, 'dropout': 0.17969545073499504, 'hidden_continuous_size': 25, 'attention_head_size': 2, 'learning_rate': 0.01602071424560608}. Best is trial 104 with value: 7.739830017089844.
LOCAL_RANK: 0 - CUDA_VISIBLE_DEVICES: [0]
[I 2023-11-29 21:05:45,487] Trial 112 finished with value: 11.657066345214844 and parameters: {'gradient_clip_val': 0.327388857846839, 'hidden_size': 65, 'dropout': 0.1646838082264014, 'hidden_continuous_size': 29, 'attention_head_size': 2, 'learning_rate': 0.01091513387403669}. Best is trial 104 with value: 7.739830017089844.
LOCAL_RANK: 0 - CUDA_VISIBLE_DEVICES: [0]
[I 2023-11-29 21:05:59,169] Trial 113 finished with value: 8.83049201965332 and parameters: {'gradient_clip_val': 0.27563124216034174, 'hidden_size': 55, 'dropout': 0.19308157520287322, 'hidden_continuous_size': 26, 'attention_head_size': 2, 'learning_rate': 0.009743139240638236}. Best is trial 104 with value: 7.739830017089844.
LOCAL_RANK: 0 - CUDA_VISIBLE_DEVICES: [0]
[I 2023-11-29 21:06:12,880] Trial 114 finished with value: 8.5574312210083 and parameters: {'gradient_clip_val': 0.35739134835120007, 'hidden_size': 46, 'dropout': 0.18734531244194602, 'hidden_continuous_size': 32, 'attention_head_size': 2, 'learning_rate': 0.012206161303789747}. Best is trial 104 with value: 7.739830017089844.
LOCAL_RANK: 0 - CUDA_VISIBLE_DEVICES: [0]
[I 2023-11-29 21:06:26,165] Trial 115 finished with value: 11.093432426452637 and parameters: {'gradient_clip_val': 0.3902431439923767, 'hidden_size': 44, 'dropout': 0.14446379166789672, 'hidden_continuous_size': 29, 'attention_head_size': 2, 'learning_rate': 0.010167477073929565}. Best is trial 104 with value: 7.739830017089844.
LOCAL_RANK: 0 - CUDA_VISIBLE_DEVICES: [0]
[I 2023-11-29 21:06:40,285] Trial 116 finished with value: 15.288737297058105 and parameters: {'gradient_clip_val': 0.3364696259835886, 'hidden_size': 74, 'dropout': 0.17115311961744606, 'hidden_continuous_size': 36, 'attention_head_size': 2, 'learning_rate': 0.014784887499725924}. Best is trial 104 with value: 7.739830017089844.
LOCAL_RANK: 0 - CUDA_VISIBLE_DEVICES: [0]
[I 2023-11-29 21:06:53,826] Trial 117 finished with value: 11.353767395019531 and parameters: {'gradient_clip_val': 0.42155821075558775, 'hidden_size': 50, 'dropout': 0.15925996845621526, 'hidden_continuous_size': 23, 'attention_head_size': 2, 'learning_rate': 0.011297471107493545}. Best is trial 104 with value: 7.739830017089844.
LOCAL_RANK: 0 - CUDA_VISIBLE_DEVICES: [0]
[I 2023-11-29 21:07:07,582] Trial 118 finished with value: 8.400344848632812 and parameters: {'gradient_clip_val': 0.37806566752764575, 'hidden_size': 58, 'dropout': 0.18007405630082599, 'hidden_continuous_size': 28, 'attention_head_size': 2, 'learning_rate': 0.005205924905677843}. Best is trial 104 with value: 7.739830017089844.
LOCAL_RANK: 0 - CUDA_VISIBLE_DEVICES: [0]
[I 2023-11-29 21:07:21,662] Trial 119 finished with value: 14.125823020935059 and parameters: {'gradient_clip_val': 0.3728165253252602, 'hidden_size': 63, 'dropout': 0.19899273336444406, 'hidden_continuous_size': 27, 'attention_head_size': 2, 'learning_rate': 0.006992251800171613}. Best is trial 104 with value: 7.739830017089844.
LOCAL_RANK: 0 - CUDA_VISIBLE_DEVICES: [0]
[I 2023-11-29 21:07:35,365] Trial 120 finished with value: 10.293234825134277 and parameters: {'gradient_clip_val': 0.3083200377590532, 'hidden_size': 58, 'dropout': 0.1772914212845198, 'hidden_continuous_size': 28, 'attention_head_size': 2, 'learning_rate': 0.008088559033235543}. Best is trial 104 with value: 7.739830017089844.
LOCAL_RANK: 0 - CUDA_VISIBLE_DEVICES: [0]
[I 2023-11-29 21:07:49,285] Trial 121 finished with value: 8.054749488830566 and parameters: {'gradient_clip_val': 0.3537485603374086, 'hidden_size': 68, 'dropout': 0.16354019534171266, 'hidden_continuous_size': 30, 'attention_head_size': 2, 'learning_rate': 0.005152831838062918}. Best is trial 104 with value: 7.739830017089844.
LOCAL_RANK: 0 - CUDA_VISIBLE_DEVICES: [0]
[I 2023-11-29 21:08:03,268] Trial 122 finished with value: 8.553242683410645 and parameters: {'gradient_clip_val': 0.349418966576933, 'hidden_size': 67, 'dropout': 0.18679857522236173, 'hidden_continuous_size': 30, 'attention_head_size': 2, 'learning_rate': 0.00536700761530918}. Best is trial 104 with value: 7.739830017089844.
LOCAL_RANK: 0 - CUDA_VISIBLE_DEVICES: [0]
[I 2023-11-29 21:08:17,065] Trial 123 finished with value: 8.155972480773926 and parameters: {'gradient_clip_val': 0.28487410018363685, 'hidden_size': 68, 'dropout': 0.1655970720504166, 'hidden_continuous_size': 33, 'attention_head_size': 2, 'learning_rate': 0.003835214547852907}. Best is trial 104 with value: 7.739830017089844.
LOCAL_RANK: 0 - CUDA_VISIBLE_DEVICES: [0]
[I 2023-11-29 21:08:31,262] Trial 124 finished with value: 9.471264839172363 and parameters: {'gradient_clip_val': 0.3217404407780177, 'hidden_size': 70, 'dropout': 0.16554074244240813, 'hidden_continuous_size': 33, 'attention_head_size': 2, 'learning_rate': 0.0038390446534940915}. Best is trial 104 with value: 7.739830017089844.
LOCAL_RANK: 0 - CUDA_VISIBLE_DEVICES: [0]
[I 2023-11-29 21:08:45,272] Trial 125 finished with value: 8.635537147521973 and parameters: {'gradient_clip_val': 0.2786963361197006, 'hidden_size': 69, 'dropout': 0.1714516155670189, 'hidden_continuous_size': 32, 'attention_head_size': 2, 'learning_rate': 0.005166211608478825}. Best is trial 104 with value: 7.739830017089844.
LOCAL_RANK: 0 - CUDA_VISIBLE_DEVICES: [0]
[I 2023-11-29 21:08:59,052] Trial 126 finished with value: 7.632017135620117 and parameters: {'gradient_clip_val': 0.3761741595205053, 'hidden_size': 63, 'dropout': 0.18344172742676781, 'hidden_continuous_size': 31, 'attention_head_size': 2, 'learning_rate': 0.005565252605872999}. Best is trial 126 with value: 7.632017135620117.
LOCAL_RANK: 0 - CUDA_VISIBLE_DEVICES: [0]
[I 2023-11-29 21:09:12,889] Trial 127 finished with value: 13.910523414611816 and parameters: {'gradient_clip_val': 0.38433551867560495, 'hidden_size': 63, 'dropout': 0.18325168760909913, 'hidden_continuous_size': 35, 'attention_head_size': 2, 'learning_rate': 0.005810857911355658}. Best is trial 126 with value: 7.632017135620117.
LOCAL_RANK: 0 - CUDA_VISIBLE_DEVICES: [0]
[I 2023-11-29 21:09:26,858] Trial 128 finished with value: 11.890122413635254 and parameters: {'gradient_clip_val': 0.41425207502660727, 'hidden_size': 74, 'dropout': 0.1952461694843496, 'hidden_continuous_size': 31, 'attention_head_size': 2, 'learning_rate': 0.0048791955837484855}. Best is trial 126 with value: 7.632017135620117.
LOCAL_RANK: 0 - CUDA_VISIBLE_DEVICES: [0]
[I 2023-11-29 21:09:40,875] Trial 129 finished with value: 9.967479705810547 and parameters: {'gradient_clip_val': 0.37666856924234543, 'hidden_size': 57, 'dropout': 0.16175278901066614, 'hidden_continuous_size': 30, 'attention_head_size': 2, 'learning_rate': 0.004293832070411266}. Best is trial 126 with value: 7.632017135620117.
LOCAL_RANK: 0 - CUDA_VISIBLE_DEVICES: [0]
[I 2023-11-29 21:09:54,971] Trial 130 finished with value: 11.431857109069824 and parameters: {'gradient_clip_val': 0.33740751724498846, 'hidden_size': 87, 'dropout': 0.2086959506776495, 'hidden_continuous_size': 28, 'attention_head_size': 2, 'learning_rate': 0.0061503915563569074}. Best is trial 126 with value: 7.632017135620117.
LOCAL_RANK: 0 - CUDA_VISIBLE_DEVICES: [0]
[I 2023-11-29 21:10:08,630] Trial 131 finished with value: 9.744592666625977 and parameters: {'gradient_clip_val': 0.2906387243721246, 'hidden_size': 53, 'dropout': 0.181709303467686, 'hidden_continuous_size': 30, 'attention_head_size': 2, 'learning_rate': 0.0044713898527095905}. Best is trial 126 with value: 7.632017135620117.
LOCAL_RANK: 0 - CUDA_VISIBLE_DEVICES: [0]
[I 2023-11-29 21:10:22,633] Trial 132 finished with value: 7.151064395904541 and parameters: {'gradient_clip_val': 0.31570575233771336, 'hidden_size': 66, 'dropout': 0.1702500461778961, 'hidden_continuous_size': 34, 'attention_head_size': 2, 'learning_rate': 0.0058231368963051755}. Best is trial 132 with value: 7.151064395904541.
LOCAL_RANK: 0 - CUDA_VISIBLE_DEVICES: [0]
[I 2023-11-29 21:10:36,485] Trial 133 finished with value: 9.12587833404541 and parameters: {'gradient_clip_val': 0.3539242052634308, 'hidden_size': 64, 'dropout': 0.16738656265704338, 'hidden_continuous_size': 34, 'attention_head_size': 2, 'learning_rate': 0.005390322593970857}. Best is trial 132 with value: 7.151064395904541.
LOCAL_RANK: 0 - CUDA_VISIBLE_DEVICES: [0]
[I 2023-11-29 21:10:50,823] Trial 134 finished with value: 11.124470710754395 and parameters: {'gradient_clip_val': 0.39635050979841996, 'hidden_size': 75, 'dropout': 0.1495774147855143, 'hidden_continuous_size': 38, 'attention_head_size': 2, 'learning_rate': 0.00658522651028014}. Best is trial 132 with value: 7.151064395904541.
LOCAL_RANK: 0 - CUDA_VISIBLE_DEVICES: [0]
[I 2023-11-29 21:11:04,791] Trial 135 finished with value: 8.994338035583496 and parameters: {'gradient_clip_val': 0.3242401099051935, 'hidden_size': 70, 'dropout': 0.19019605880308582, 'hidden_continuous_size': 32, 'attention_head_size': 2, 'learning_rate': 0.004706896389934496}. Best is trial 132 with value: 7.151064395904541.
LOCAL_RANK: 0 - CUDA_VISIBLE_DEVICES: [0]
[I 2023-11-29 21:11:18,950] Trial 136 finished with value: 15.415278434753418 and parameters: {'gradient_clip_val': 0.3597002429190904, 'hidden_size': 79, 'dropout': 0.177924938336569, 'hidden_continuous_size': 34, 'attention_head_size': 2, 'learning_rate': 0.005905741576334473}. Best is trial 132 with value: 7.151064395904541.
LOCAL_RANK: 0 - CUDA_VISIBLE_DEVICES: [0]
[I 2023-11-29 21:11:32,873] Trial 137 finished with value: 9.337766647338867 and parameters: {'gradient_clip_val': 0.33616573587638826, 'hidden_size': 67, 'dropout': 0.1567383739321047, 'hidden_continuous_size': 31, 'attention_head_size': 2, 'learning_rate': 0.00408304059413173}. Best is trial 132 with value: 7.151064395904541.
LOCAL_RANK: 0 - CUDA_VISIBLE_DEVICES: [0]
[I 2023-11-29 21:11:46,561] Trial 138 finished with value: 14.211482048034668 and parameters: {'gradient_clip_val': 0.42383993258976166, 'hidden_size': 60, 'dropout': 0.16186485805743392, 'hidden_continuous_size': 32, 'attention_head_size': 2, 'learning_rate': 0.005064930435724192}. Best is trial 132 with value: 7.151064395904541.
LOCAL_RANK: 0 - CUDA_VISIBLE_DEVICES: [0]
[I 2023-11-29 21:12:00,632] Trial 139 finished with value: 12.254685401916504 and parameters: {'gradient_clip_val': 0.3815884257291637, 'hidden_size': 72, 'dropout': 0.14947686220625464, 'hidden_continuous_size': 28, 'attention_head_size': 2, 'learning_rate': 0.006913274797229019}. Best is trial 132 with value: 7.151064395904541.
LOCAL_RANK: 0 - CUDA_VISIBLE_DEVICES: [0]
[I 2023-11-29 21:12:14,468] Trial 140 finished with value: 7.574822902679443 and parameters: {'gradient_clip_val': 0.40469075555205836, 'hidden_size': 57, 'dropout': 0.16948369475370223, 'hidden_continuous_size': 29, 'attention_head_size': 2, 'learning_rate': 0.003360699395956458}. Best is trial 132 with value: 7.151064395904541.
LOCAL_RANK: 0 - CUDA_VISIBLE_DEVICES: [0]
