[I 2023-11-30 02:43:55,756] Trial 8 finished with value: 3837.224609375 and parameters: {'gradient_clip_val': 0.3420861802381864, 'hidden_size': 36, 'dropout': 0.3414667037843403, 'hidden_continuous_size': 21, 'attention_head_size': 4, 'learning_rate': 0.004854999457836431}. Best is trial 3 with value: 2488.02587890625.
LOCAL_RANK: 0 - CUDA_VISIBLE_DEVICES: [0]
[I 2023-11-30 02:44:09,111] Trial 9 finished with value: 4186.44287109375 and parameters: {'gradient_clip_val': 0.12957648601980587, 'hidden_size': 102, 'dropout': 0.11304255177785612, 'hidden_continuous_size': 28, 'attention_head_size': 1, 'learning_rate': 0.0036942501453062168}. Best is trial 3 with value: 2488.02587890625.
LOCAL_RANK: 0 - CUDA_VISIBLE_DEVICES: [0]
[I 2023-11-30 02:44:23,648] Trial 10 finished with value: 3963.7490234375 and parameters: {'gradient_clip_val': 0.21069975692804585, 'hidden_size': 149, 'dropout': 0.39035899564854887, 'hidden_continuous_size': 119, 'attention_head_size': 2, 'learning_rate': 0.056166026471816975}. Best is trial 3 with value: 2488.02587890625.
LOCAL_RANK: 0 - CUDA_VISIBLE_DEVICES: [0]
[I 2023-11-30 02:44:35,637] Trial 11 finished with value: 3042.379638671875 and parameters: {'gradient_clip_val': 0.10101865549344832, 'hidden_size': 23, 'dropout': 0.18561097156319636, 'hidden_continuous_size': 13, 'attention_head_size': 3, 'learning_rate': 0.015149235107214668}. Best is trial 3 with value: 2488.02587890625.
LOCAL_RANK: 0 - CUDA_VISIBLE_DEVICES: [0]
[I 2023-11-30 02:44:48,587] Trial 12 finished with value: 3217.321533203125 and parameters: {'gradient_clip_val': 0.19573920984416382, 'hidden_size': 68, 'dropout': 0.30957672249730706, 'hidden_continuous_size': 17, 'attention_head_size': 3, 'learning_rate': 0.013139977208368249}. Best is trial 3 with value: 2488.02587890625.
LOCAL_RANK: 0 - CUDA_VISIBLE_DEVICES: [0]
[I 2023-11-30 02:45:01,139] Trial 13 finished with value: 4261.4375 and parameters: {'gradient_clip_val': 0.10835592529532798, 'hidden_size': 19, 'dropout': 0.18787743115614142, 'hidden_continuous_size': 12, 'attention_head_size': 2, 'learning_rate': 0.009263714792114073}. Best is trial 3 with value: 2488.02587890625.
LOCAL_RANK: 0 - CUDA_VISIBLE_DEVICES: [0]
[I 2023-11-30 02:45:13,796] Trial 14 finished with value: 3064.775634765625 and parameters: {'gradient_clip_val': 0.14083011105779975, 'hidden_size': 41, 'dropout': 0.25912012510879234, 'hidden_continuous_size': 16, 'attention_head_size': 3, 'learning_rate': 0.025092554325092956}. Best is trial 3 with value: 2488.02587890625.
LOCAL_RANK: 0 - CUDA_VISIBLE_DEVICES: [0]
[I 2023-11-30 02:45:26,311] Trial 15 finished with value: 3420.156982421875 and parameters: {'gradient_clip_val': 0.25190902455111447, 'hidden_size': 56, 'dropout': 0.33177121543297783, 'hidden_continuous_size': 16, 'attention_head_size': 2, 'learning_rate': 0.07939552562557385}. Best is trial 3 with value: 2488.02587890625.
LOCAL_RANK: 0 - CUDA_VISIBLE_DEVICES: [0]
[I 2023-11-30 02:45:38,754] Trial 16 finished with value: 3507.642333984375 and parameters: {'gradient_clip_val': 0.149507643215251, 'hidden_size': 34, 'dropout': 0.21820681133478287, 'hidden_continuous_size': 14, 'attention_head_size': 4, 'learning_rate': 0.009084124754954341}. Best is trial 3 with value: 2488.02587890625.
LOCAL_RANK: 0 - CUDA_VISIBLE_DEVICES: [0]
[I 2023-11-30 02:45:50,492] Trial 17 finished with value: 6069.11083984375 and parameters: {'gradient_clip_val': 0.16110299268989597, 'hidden_size': 19, 'dropout': 0.10037859003622104, 'hidden_continuous_size': 10, 'attention_head_size': 3, 'learning_rate': 0.002390119835718474}. Best is trial 3 with value: 2488.02587890625.
LOCAL_RANK: 0 - CUDA_VISIBLE_DEVICES: [0]
[I 2023-11-30 02:46:03,049] Trial 18 finished with value: 3528.888427734375 and parameters: {'gradient_clip_val': 0.2359753864449103, 'hidden_size': 47, 'dropout': 0.27856330985259586, 'hidden_continuous_size': 10, 'attention_head_size': 2, 'learning_rate': 0.018448257121815286}. Best is trial 3 with value: 2488.02587890625.
LOCAL_RANK: 0 - CUDA_VISIBLE_DEVICES: [0]
[I 2023-11-30 02:46:16,143] Trial 19 finished with value: 3237.574462890625 and parameters: {'gradient_clip_val': 0.12292519284195685, 'hidden_size': 69, 'dropout': 0.1612860828554073, 'hidden_continuous_size': 19, 'attention_head_size': 3, 'learning_rate': 0.007303510160816891}. Best is trial 3 with value: 2488.02587890625.
LOCAL_RANK: 0 - CUDA_VISIBLE_DEVICES: [0]
[I 2023-11-30 02:46:28,060] Trial 20 finished with value: 2988.671875 and parameters: {'gradient_clip_val': 0.16809365940563722, 'hidden_size': 32, 'dropout': 0.2173478810097751, 'hidden_continuous_size': 14, 'attention_head_size': 2, 'learning_rate': 0.035025591070534774}. Best is trial 3 with value: 2488.02587890625.
LOCAL_RANK: 0 - CUDA_VISIBLE_DEVICES: [0]
[I 2023-11-30 02:46:40,193] Trial 21 finished with value: 3687.7734375 and parameters: {'gradient_clip_val': 0.16120875592595, 'hidden_size': 30, 'dropout': 0.2213145242756271, 'hidden_continuous_size': 14, 'attention_head_size': 2, 'learning_rate': 0.04020942060620836}. Best is trial 3 with value: 2488.02587890625.
LOCAL_RANK: 0 - CUDA_VISIBLE_DEVICES: [0]
[I 2023-11-30 02:46:52,575] Trial 22 finished with value: 3648.422607421875 and parameters: {'gradient_clip_val': 0.1015353840701331, 'hidden_size': 39, 'dropout': 0.18367778091804823, 'hidden_continuous_size': 15, 'attention_head_size': 2, 'learning_rate': 0.012173023458868608}. Best is trial 3 with value: 2488.02587890625.
LOCAL_RANK: 0 - CUDA_VISIBLE_DEVICES: [0]
[I 2023-11-30 02:47:04,599] Trial 23 finished with value: 2858.384033203125 and parameters: {'gradient_clip_val': 0.17763891980000776, 'hidden_size': 26, 'dropout': 0.15159557500352933, 'hidden_continuous_size': 12, 'attention_head_size': 2, 'learning_rate': 0.03306523444043759}. Best is trial 3 with value: 2488.02587890625.
LOCAL_RANK: 0 - CUDA_VISIBLE_DEVICES: [0]
[I 2023-11-30 02:47:16,530] Trial 24 finished with value: 2935.848388671875 and parameters: {'gradient_clip_val': 0.12636324726637052, 'hidden_size': 24, 'dropout': 0.141474094957862, 'hidden_continuous_size': 12, 'attention_head_size': 3, 'learning_rate': 0.018129964937152965}. Best is trial 3 with value: 2488.02587890625.
LOCAL_RANK: 0 - CUDA_VISIBLE_DEVICES: [0]
[I 2023-11-30 02:47:28,896] Trial 25 finished with value: 2669.926025390625 and parameters: {'gradient_clip_val': 0.20416099950950298, 'hidden_size': 46, 'dropout': 0.16008746767370247, 'hidden_continuous_size': 12, 'attention_head_size': 2, 'learning_rate': 0.009706646563591801}. Best is trial 3 with value: 2488.02587890625.
LOCAL_RANK: 0 - CUDA_VISIBLE_DEVICES: [0]
[I 2023-11-30 02:47:41,461] Trial 26 finished with value: 3536.031982421875 and parameters: {'gradient_clip_val': 0.2504907659379173, 'hidden_size': 50, 'dropout': 0.17009111734852117, 'hidden_continuous_size': 18, 'attention_head_size': 1, 'learning_rate': 0.008799021517436978}. Best is trial 3 with value: 2488.02587890625.
LOCAL_RANK: 0 - CUDA_VISIBLE_DEVICES: [0]
[I 2023-11-30 02:47:53,822] Trial 27 finished with value: 3419.35546875 and parameters: {'gradient_clip_val': 0.21200595973153172, 'hidden_size': 40, 'dropout': 0.13203813059822614, 'hidden_continuous_size': 16, 'attention_head_size': 3, 'learning_rate': 0.006210882234544881}. Best is trial 3 with value: 2488.02587890625.
LOCAL_RANK: 0 - CUDA_VISIBLE_DEVICES: [0]
[I 2023-11-30 02:48:07,260] Trial 28 finished with value: 3476.405029296875 and parameters: {'gradient_clip_val': 0.14319450265177877, 'hidden_size': 83, 'dropout': 0.200556742260028, 'hidden_continuous_size': 22, 'attention_head_size': 4, 'learning_rate': 0.011354156973614202}. Best is trial 3 with value: 2488.02587890625.
LOCAL_RANK: 0 - CUDA_VISIBLE_DEVICES: [0]
[I 2023-11-30 02:48:20,276] Trial 29 finished with value: 3468.840576171875 and parameters: {'gradient_clip_val': 0.2926465440994038, 'hidden_size': 57, 'dropout': 0.24882132101787352, 'hidden_continuous_size': 24, 'attention_head_size': 4, 'learning_rate': 0.0039066448462356605}. Best is trial 3 with value: 2488.02587890625.
LOCAL_RANK: 0 - CUDA_VISIBLE_DEVICES: [0]
[I 2023-11-30 02:48:32,541] Trial 30 finished with value: 2864.501953125 and parameters: {'gradient_clip_val': 0.20253036708247937, 'hidden_size': 46, 'dropout': 0.15091435322408034, 'hidden_continuous_size': 11, 'attention_head_size': 2, 'learning_rate': 0.009933890668976061}. Best is trial 3 with value: 2488.02587890625.
LOCAL_RANK: 0 - CUDA_VISIBLE_DEVICES: [0]
[I 2023-11-30 02:48:44,808] Trial 31 finished with value: 2494.111328125 and parameters: {'gradient_clip_val': 0.16866492872477004, 'hidden_size': 37, 'dropout': 0.16507356159934142, 'hidden_continuous_size': 12, 'attention_head_size': 2, 'learning_rate': 0.014730550648963255}. Best is trial 3 with value: 2488.02587890625.
LOCAL_RANK: 0 - CUDA_VISIBLE_DEVICES: [0]
[I 2023-11-30 02:48:57,458] Trial 32 finished with value: 2714.97265625 and parameters: {'gradient_clip_val': 0.18701797405155973, 'hidden_size': 53, 'dropout': 0.174528359010111, 'hidden_continuous_size': 13, 'attention_head_size': 2, 'learning_rate': 0.015786550282879633}. Best is trial 3 with value: 2488.02587890625.
LOCAL_RANK: 0 - CUDA_VISIBLE_DEVICES: [0]
[I 2023-11-30 02:49:09,707] Trial 33 finished with value: 2831.934814453125 and parameters: {'gradient_clip_val': 0.1646572022490299, 'hidden_size': 37, 'dropout': 0.199552300002809, 'hidden_continuous_size': 11, 'attention_head_size': 1, 'learning_rate': 0.021969238625960372}. Best is trial 3 with value: 2488.02587890625.
LOCAL_RANK: 0 - CUDA_VISIBLE_DEVICES: [0]
[I 2023-11-30 02:49:22,039] Trial 34 finished with value: 2758.224853515625 and parameters: {'gradient_clip_val': 0.11220466119886671, 'hidden_size': 45, 'dropout': 0.1277476110340309, 'hidden_continuous_size': 10, 'attention_head_size': 2, 'learning_rate': 0.011981581535951453}. Best is trial 3 with value: 2488.02587890625.
LOCAL_RANK: 0 - CUDA_VISIBLE_DEVICES: [0]
[I 2023-11-30 02:49:34,213] Trial 35 finished with value: 4043.153076171875 and parameters: {'gradient_clip_val': 0.14006928477118746, 'hidden_size': 34, 'dropout': 0.1625209779649833, 'hidden_continuous_size': 12, 'attention_head_size': 1, 'learning_rate': 0.006912325644496005}. Best is trial 3 with value: 2488.02587890625.
LOCAL_RANK: 0 - CUDA_VISIBLE_DEVICES: [0]
[I 2023-11-30 02:49:46,878] Trial 36 finished with value: 2869.134033203125 and parameters: {'gradient_clip_val': 0.11812028436775968, 'hidden_size': 57, 'dropout': 0.23702165555281127, 'hidden_continuous_size': 18, 'attention_head_size': 3, 'learning_rate': 0.01358941725922027}. Best is trial 3 with value: 2488.02587890625.
LOCAL_RANK: 0 - CUDA_VISIBLE_DEVICES: [0]
[I 2023-11-30 02:49:59,239] Trial 37 finished with value: 2768.317626953125 and parameters: {'gradient_clip_val': 0.22955492736615882, 'hidden_size': 42, 'dropout': 0.11937808098393896, 'hidden_continuous_size': 11, 'attention_head_size': 2, 'learning_rate': 0.007631468229674323}. Best is trial 3 with value: 2488.02587890625.
LOCAL_RANK: 0 - CUDA_VISIBLE_DEVICES: [0]
[I 2023-11-30 02:50:11,173] Trial 38 finished with value: 4890.70947265625 and parameters: {'gradient_clip_val': 0.26962493537738164, 'hidden_size': 30, 'dropout': 0.35802149437282005, 'hidden_continuous_size': 13, 'attention_head_size': 1, 'learning_rate': 0.005265474702543831}. Best is trial 3 with value: 2488.02587890625.
LOCAL_RANK: 0 - CUDA_VISIBLE_DEVICES: [0]
[I 2023-11-30 02:50:23,848] Trial 39 finished with value: 3074.917236328125 and parameters: {'gradient_clip_val': 0.3339626162839424, 'hidden_size': 47, 'dropout': 0.14115182894662492, 'hidden_continuous_size': 15, 'attention_head_size': 2, 'learning_rate': 0.005554144959086846}. Best is trial 3 with value: 2488.02587890625.
LOCAL_RANK: 0 - CUDA_VISIBLE_DEVICES: [0]
[I 2023-11-30 02:50:36,189] Trial 40 finished with value: 3362.716552734375 and parameters: {'gradient_clip_val': 0.18558489736724446, 'hidden_size': 38, 'dropout': 0.37662178527278006, 'hidden_continuous_size': 10, 'attention_head_size': 3, 'learning_rate': 0.008384092274698994}. Best is trial 3 with value: 2488.02587890625.
LOCAL_RANK: 0 - CUDA_VISIBLE_DEVICES: [0]
[I 2023-11-30 02:50:48,810] Trial 41 finished with value: 3161.7783203125 and parameters: {'gradient_clip_val': 0.22461942551192654, 'hidden_size': 55, 'dropout': 0.17340850019631465, 'hidden_continuous_size': 13, 'attention_head_size': 2, 'learning_rate': 0.01597780026329062}. Best is trial 3 with value: 2488.02587890625.
LOCAL_RANK: 0 - CUDA_VISIBLE_DEVICES: [0]
[I 2023-11-30 02:51:01,324] Trial 42 finished with value: 3017.260498046875 and parameters: {'gradient_clip_val': 0.19027634384615116, 'hidden_size': 50, 'dropout': 0.16055643334872377, 'hidden_continuous_size': 13, 'attention_head_size': 2, 'learning_rate': 0.01064224308037012}. Best is trial 3 with value: 2488.02587890625.
LOCAL_RANK: 0 - CUDA_VISIBLE_DEVICES: [0]
[I 2023-11-30 02:51:14,269] Trial 43 finished with value: 3089.637939453125 and parameters: {'gradient_clip_val': 0.18059647015048555, 'hidden_size': 65, 'dropout': 0.17660679060455695, 'hidden_continuous_size': 20, 'attention_head_size': 2, 'learning_rate': 0.01505066614286539}. Best is trial 3 with value: 2488.02587890625.
LOCAL_RANK: 0 - CUDA_VISIBLE_DEVICES: [0]
[I 2023-11-30 02:51:26,690] Trial 44 finished with value: 3530.53515625 and parameters: {'gradient_clip_val': 0.20877100317279187, 'hidden_size': 44, 'dropout': 0.39807268514824456, 'hidden_continuous_size': 12, 'attention_head_size': 2, 'learning_rate': 0.021882238988995682}. Best is trial 3 with value: 2488.02587890625.
LOCAL_RANK: 0 - CUDA_VISIBLE_DEVICES: [0]
[I 2023-11-30 02:51:38,769] Trial 45 finished with value: 2865.335205078125 and parameters: {'gradient_clip_val': 0.13150951178317177, 'hidden_size': 35, 'dropout': 0.19250291947294085, 'hidden_continuous_size': 11, 'attention_head_size': 1, 'learning_rate': 0.010574878573151664}. Best is trial 3 with value: 2488.02587890625.
LOCAL_RANK: 0 - CUDA_VISIBLE_DEVICES: [0]
[I 2023-11-30 02:51:51,387] Trial 46 finished with value: 3727.848876953125 and parameters: {'gradient_clip_val': 0.2799575127803926, 'hidden_size': 54, 'dropout': 0.20952221805396776, 'hidden_continuous_size': 15, 'attention_head_size': 2, 'learning_rate': 0.013819011177107139}. Best is trial 3 with value: 2488.02587890625.
LOCAL_RANK: 0 - CUDA_VISIBLE_DEVICES: [0]
[I 2023-11-30 02:52:03,268] Trial 47 finished with value: 3432.918212890625 and parameters: {'gradient_clip_val': 0.36973754972324485, 'hidden_size': 28, 'dropout': 0.1761526229724982, 'hidden_continuous_size': 12, 'attention_head_size': 3, 'learning_rate': 0.006927348905511193}. Best is trial 3 with value: 2488.02587890625.
LOCAL_RANK: 0 - CUDA_VISIBLE_DEVICES: [0]
[I 2023-11-30 02:52:15,698] Trial 48 finished with value: 3652.48046875 and parameters: {'gradient_clip_val': 0.2566356499341628, 'hidden_size': 41, 'dropout': 0.1132024819850373, 'hidden_continuous_size': 17, 'attention_head_size': 2, 'learning_rate': 0.004567126182002073}. Best is trial 3 with value: 2488.02587890625.
LOCAL_RANK: 0 - CUDA_VISIBLE_DEVICES: [0]
[I 2023-11-30 02:52:28,117] Trial 49 finished with value: 3131.709716796875 and parameters: {'gradient_clip_val': 0.1517105532595664, 'hidden_size': 33, 'dropout': 0.20432547330908413, 'hidden_continuous_size': 14, 'attention_head_size': 3, 'learning_rate': 0.016765848882270947}. Best is trial 3 with value: 2488.02587890625.
LOCAL_RANK: 0 - CUDA_VISIBLE_DEVICES: [0]
[I 2023-11-30 02:52:40,246] Trial 50 finished with value: 3864.16796875 and parameters: {'gradient_clip_val': 0.3078943342634785, 'hidden_size': 36, 'dropout': 0.1916932085000921, 'hidden_continuous_size': 13, 'attention_head_size': 2, 'learning_rate': 0.008835865080067668}. Best is trial 3 with value: 2488.02587890625.
LOCAL_RANK: 0 - CUDA_VISIBLE_DEVICES: [0]
[I 2023-11-30 02:52:52,644] Trial 51 finished with value: 2638.455078125 and parameters: {'gradient_clip_val': 0.11120119603633874, 'hidden_size': 47, 'dropout': 0.1354133778149531, 'hidden_continuous_size': 10, 'attention_head_size': 2, 'learning_rate': 0.014610475241815808}. Best is trial 3 with value: 2488.02587890625.
LOCAL_RANK: 0 - CUDA_VISIBLE_DEVICES: [0]
[I 2023-11-30 02:53:05,105] Trial 52 finished with value: 3909.441162109375 and parameters: {'gradient_clip_val': 0.11348049096145775, 'hidden_size': 51, 'dropout': 0.13617595987451903, 'hidden_continuous_size': 10, 'attention_head_size': 2, 'learning_rate': 0.012271803744794554}. Best is trial 3 with value: 2488.02587890625.
LOCAL_RANK: 0 - CUDA_VISIBLE_DEVICES: [0]
[I 2023-11-30 02:53:17,673] Trial 53 finished with value: 3352.1044921875 and parameters: {'gradient_clip_val': 0.10191868622267451, 'hidden_size': 63, 'dropout': 0.151068502054171, 'hidden_continuous_size': 11, 'attention_head_size': 2, 'learning_rate': 0.02008234437422615}. Best is trial 3 with value: 2488.02587890625.
LOCAL_RANK: 0 - CUDA_VISIBLE_DEVICES: [0]
[I 2023-11-30 02:53:30,144] Trial 54 finished with value: 3944.8984375 and parameters: {'gradient_clip_val': 0.12681505411571614, 'hidden_size': 43, 'dropout': 0.12785734788225941, 'hidden_continuous_size': 10, 'attention_head_size': 2, 'learning_rate': 0.01450981245322325}. Best is trial 3 with value: 2488.02587890625.
LOCAL_RANK: 0 - CUDA_VISIBLE_DEVICES: [0]
[I 2023-11-30 02:53:42,410] Trial 55 finished with value: 3377.757080078125 and parameters: {'gradient_clip_val': 0.17317769074531691, 'hidden_size': 39, 'dropout': 0.3005472081146689, 'hidden_continuous_size': 11, 'attention_head_size': 2, 'learning_rate': 0.025245827321743877}. Best is trial 3 with value: 2488.02587890625.
LOCAL_RANK: 0 - CUDA_VISIBLE_DEVICES: [0]
[I 2023-11-30 02:53:55,006] Trial 56 finished with value: 3070.330078125 and parameters: {'gradient_clip_val': 0.15316667303353007, 'hidden_size': 48, 'dropout': 0.10127125903940096, 'hidden_continuous_size': 27, 'attention_head_size': 3, 'learning_rate': 0.010182351205695259}. Best is trial 3 with value: 2488.02587890625.
LOCAL_RANK: 0 - CUDA_VISIBLE_DEVICES: [0]
[I 2023-11-30 02:54:07,992] Trial 57 finished with value: 3254.266357421875 and parameters: {'gradient_clip_val': 0.13470774418283643, 'hidden_size': 76, 'dropout': 0.16638124752839029, 'hidden_continuous_size': 25, 'attention_head_size': 2, 'learning_rate': 0.017430246562780482}. Best is trial 3 with value: 2488.02587890625.
LOCAL_RANK: 0 - CUDA_VISIBLE_DEVICES: [0]
[I 2023-11-30 02:54:20,361] Trial 58 finished with value: 3551.473388671875 and parameters: {'gradient_clip_val': 0.1960036829345802, 'hidden_size': 43, 'dropout': 0.1503875886556367, 'hidden_continuous_size': 14, 'attention_head_size': 3, 'learning_rate': 0.007867802230846578}. Best is trial 3 with value: 2488.02587890625.
LOCAL_RANK: 0 - CUDA_VISIBLE_DEVICES: [0]
[I 2023-11-30 02:54:33,152] Trial 59 finished with value: 2731.323486328125 and parameters: {'gradient_clip_val': 0.11553132559979763, 'hidden_size': 59, 'dropout': 0.17877350290760097, 'hidden_continuous_size': 19, 'attention_head_size': 1, 'learning_rate': 0.006571676629102443}. Best is trial 3 with value: 2488.02587890625.
LOCAL_RANK: 0 - CUDA_VISIBLE_DEVICES: [0]
[I 2023-11-30 02:54:45,558] Trial 60 finished with value: 2828.365234375 and parameters: {'gradient_clip_val': 0.15152799572220504, 'hidden_size': 52, 'dropout': 0.18625645520951575, 'hidden_continuous_size': 12, 'attention_head_size': 2, 'learning_rate': 0.012598488777549799}. Best is trial 3 with value: 2488.02587890625.
LOCAL_RANK: 0 - CUDA_VISIBLE_DEVICES: [0]
[I 2023-11-30 02:54:58,428] Trial 61 finished with value: 4287.17333984375 and parameters: {'gradient_clip_val': 0.12000626601557063, 'hidden_size': 62, 'dropout': 0.16000556400512012, 'hidden_continuous_size': 20, 'attention_head_size': 1, 'learning_rate': 0.005835562244649898}. Best is trial 3 with value: 2488.02587890625.
LOCAL_RANK: 0 - CUDA_VISIBLE_DEVICES: [0]
[I 2023-11-30 02:55:11,202] Trial 62 finished with value: 3757.316650390625 and parameters: {'gradient_clip_val': 0.10922662751717627, 'hidden_size': 60, 'dropout': 0.17891296152865, 'hidden_continuous_size': 23, 'attention_head_size': 1, 'learning_rate': 0.009830861496865342}. Best is trial 3 with value: 2488.02587890625.
LOCAL_RANK: 0 - CUDA_VISIBLE_DEVICES: [0]
[I 2023-11-30 02:55:23,822] Trial 63 finished with value: 3220.454345703125 and parameters: {'gradient_clip_val': 0.10018811774364823, 'hidden_size': 49, 'dropout': 0.14560066629134683, 'hidden_continuous_size': 21, 'attention_head_size': 1, 'learning_rate': 0.006261709982745919}. Best is trial 3 with value: 2488.02587890625.
LOCAL_RANK: 0 - CUDA_VISIBLE_DEVICES: [0]
[I 2023-11-30 02:55:36,347] Trial 64 finished with value: 3082.27734375 and parameters: {'gradient_clip_val': 0.11872359985909244, 'hidden_size': 38, 'dropout': 0.13610075711333963, 'hidden_continuous_size': 17, 'attention_head_size': 2, 'learning_rate': 0.008698184785207832}. Best is trial 3 with value: 2488.02587890625.
LOCAL_RANK: 0 - CUDA_VISIBLE_DEVICES: [0]
[I 2023-11-30 02:55:49,200] Trial 65 finished with value: 3652.705078125 and parameters: {'gradient_clip_val': 0.13672382081425183, 'hidden_size': 69, 'dropout': 0.16789180615786586, 'hidden_continuous_size': 16, 'attention_head_size': 1, 'learning_rate': 0.015288595283962121}. Best is trial 3 with value: 2488.02587890625.
LOCAL_RANK: 0 - CUDA_VISIBLE_DEVICES: [0]
[I 2023-11-30 02:56:00,958] Trial 66 finished with value: 3426.295654296875 and parameters: {'gradient_clip_val': 0.1726310675281762, 'hidden_size': 32, 'dropout': 0.15841417974199126, 'hidden_continuous_size': 11, 'attention_head_size': 2, 'learning_rate': 0.011347583835945637}. Best is trial 3 with value: 2488.02587890625.
LOCAL_RANK: 0 - CUDA_VISIBLE_DEVICES: [0]
