[I 2023-11-29 20:33:30,017] Trial 117 finished with value: 36.30221939086914 and parameters: {'gradient_clip_val': 0.8926552087783994, 'hidden_size': 143, 'dropout': 0.3401820098777029, 'hidden_continuous_size': 42, 'attention_head_size': 1, 'learning_rate': 0.003490076222156485}. Best is trial 98 with value: 27.29825782775879.
LOCAL_RANK: 0 - CUDA_VISIBLE_DEVICES: [0]
[I 2023-11-29 20:33:43,941] Trial 118 finished with value: 32.61250686645508 and parameters: {'gradient_clip_val': 0.9415616897895803, 'hidden_size': 126, 'dropout': 0.3119879566255108, 'hidden_continuous_size': 53, 'attention_head_size': 1, 'learning_rate': 0.002684799320353093}. Best is trial 98 with value: 27.29825782775879.
LOCAL_RANK: 0 - CUDA_VISIBLE_DEVICES: [0]
[I 2023-11-29 20:33:57,798] Trial 119 finished with value: 35.55878829956055 and parameters: {'gradient_clip_val': 0.9988847216810144, 'hidden_size': 114, 'dropout': 0.35848336672362824, 'hidden_continuous_size': 79, 'attention_head_size': 1, 'learning_rate': 0.0038283729941087983}. Best is trial 98 with value: 27.29825782775879.
LOCAL_RANK: 0 - CUDA_VISIBLE_DEVICES: [0]
[I 2023-11-29 20:34:11,711] Trial 120 finished with value: 30.555532455444336 and parameters: {'gradient_clip_val': 0.8324084913582429, 'hidden_size': 90, 'dropout': 0.3504681897688387, 'hidden_continuous_size': 74, 'attention_head_size': 1, 'learning_rate': 0.0029289475174385394}. Best is trial 98 with value: 27.29825782775879.
LOCAL_RANK: 0 - CUDA_VISIBLE_DEVICES: [0]
[I 2023-11-29 20:34:25,385] Trial 121 finished with value: 31.22477149963379 and parameters: {'gradient_clip_val': 0.9148300413624886, 'hidden_size': 92, 'dropout': 0.3509542681534023, 'hidden_continuous_size': 76, 'attention_head_size': 1, 'learning_rate': 0.002900625764553467}. Best is trial 98 with value: 27.29825782775879.
LOCAL_RANK: 0 - CUDA_VISIBLE_DEVICES: [0]
[I 2023-11-29 20:34:38,870] Trial 122 finished with value: 30.177282333374023 and parameters: {'gradient_clip_val': 0.7194099878927191, 'hidden_size': 100, 'dropout': 0.33701911225192815, 'hidden_continuous_size': 67, 'attention_head_size': 1, 'learning_rate': 0.002187371507758031}. Best is trial 98 with value: 27.29825782775879.
LOCAL_RANK: 0 - CUDA_VISIBLE_DEVICES: [0]
[I 2023-11-29 20:34:52,868] Trial 123 finished with value: 40.274776458740234 and parameters: {'gradient_clip_val': 0.7213734897601701, 'hidden_size': 101, 'dropout': 0.33801528851845336, 'hidden_continuous_size': 65, 'attention_head_size': 1, 'learning_rate': 0.0024653788021691487}. Best is trial 98 with value: 27.29825782775879.
LOCAL_RANK: 0 - CUDA_VISIBLE_DEVICES: [0]
[I 2023-11-29 20:35:06,410] Trial 124 finished with value: 33.136600494384766 and parameters: {'gradient_clip_val': 0.6837773408989637, 'hidden_size': 88, 'dropout': 0.34485452276503925, 'hidden_continuous_size': 68, 'attention_head_size': 1, 'learning_rate': 0.002200618945731203}. Best is trial 98 with value: 27.29825782775879.
LOCAL_RANK: 0 - CUDA_VISIBLE_DEVICES: [0]
[I 2023-11-29 20:35:20,011] Trial 125 finished with value: 36.45536422729492 and parameters: {'gradient_clip_val': 0.8166447392620068, 'hidden_size': 108, 'dropout': 0.3323302965822166, 'hidden_continuous_size': 59, 'attention_head_size': 1, 'learning_rate': 0.00356980185975987}. Best is trial 98 with value: 27.29825782775879.
LOCAL_RANK: 0 - CUDA_VISIBLE_DEVICES: [0]
[I 2023-11-29 20:35:33,689] Trial 126 finished with value: 31.108596801757812 and parameters: {'gradient_clip_val': 0.7219411814237852, 'hidden_size': 79, 'dropout': 0.35495357484297496, 'hidden_continuous_size': 67, 'attention_head_size': 1, 'learning_rate': 0.0032293653127324776}. Best is trial 98 with value: 27.29825782775879.
LOCAL_RANK: 0 - CUDA_VISIBLE_DEVICES: [0]
[I 2023-11-29 20:35:47,267] Trial 127 finished with value: 33.49928665161133 and parameters: {'gradient_clip_val': 0.7847553682625132, 'hidden_size': 96, 'dropout': 0.3239165922849293, 'hidden_continuous_size': 62, 'attention_head_size': 1, 'learning_rate': 0.0028399709686934556}. Best is trial 98 with value: 27.29825782775879.
LOCAL_RANK: 0 - CUDA_VISIBLE_DEVICES: [0]
[I 2023-11-29 20:36:01,270] Trial 128 finished with value: 35.13838195800781 and parameters: {'gradient_clip_val': 0.8326820510073076, 'hidden_size': 106, 'dropout': 0.36022987998202854, 'hidden_continuous_size': 72, 'attention_head_size': 1, 'learning_rate': 0.0019305423126830354}. Best is trial 98 with value: 27.29825782775879.
LOCAL_RANK: 0 - CUDA_VISIBLE_DEVICES: [0]
[I 2023-11-29 20:36:15,018] Trial 129 finished with value: 35.11629867553711 and parameters: {'gradient_clip_val': 0.6361892071217139, 'hidden_size': 101, 'dropout': 0.34152272257508165, 'hidden_continuous_size': 73, 'attention_head_size': 1, 'learning_rate': 0.004799055974489416}. Best is trial 98 with value: 27.29825782775879.
LOCAL_RANK: 0 - CUDA_VISIBLE_DEVICES: [0]
[I 2023-11-29 20:36:28,808] Trial 130 finished with value: 30.031042098999023 and parameters: {'gradient_clip_val': 0.6642233225281502, 'hidden_size': 87, 'dropout': 0.3483215003513165, 'hidden_continuous_size': 70, 'attention_head_size': 1, 'learning_rate': 0.0023503688390647264}. Best is trial 98 with value: 27.29825782775879.
LOCAL_RANK: 0 - CUDA_VISIBLE_DEVICES: [0]
[I 2023-11-29 20:36:42,538] Trial 131 finished with value: 41.40935134887695 and parameters: {'gradient_clip_val': 0.6611498888385728, 'hidden_size': 85, 'dropout': 0.3510576361727342, 'hidden_continuous_size': 68, 'attention_head_size': 1, 'learning_rate': 0.0023180636819232357}. Best is trial 98 with value: 27.29825782775879.
LOCAL_RANK: 0 - CUDA_VISIBLE_DEVICES: [0]
[I 2023-11-29 20:36:55,880] Trial 132 finished with value: 29.694318771362305 and parameters: {'gradient_clip_val': 0.5679139544831506, 'hidden_size': 72, 'dropout': 0.3467445513661166, 'hidden_continuous_size': 64, 'attention_head_size': 1, 'learning_rate': 0.0026007094460161}. Best is trial 98 with value: 27.29825782775879.
LOCAL_RANK: 0 - CUDA_VISIBLE_DEVICES: [0]
[I 2023-11-29 20:37:09,650] Trial 133 finished with value: 32.580810546875 and parameters: {'gradient_clip_val': 0.582727801576486, 'hidden_size': 92, 'dropout': 0.3330382102138634, 'hidden_continuous_size': 61, 'attention_head_size': 1, 'learning_rate': 0.002653503261767314}. Best is trial 98 with value: 27.29825782775879.
LOCAL_RANK: 0 - CUDA_VISIBLE_DEVICES: [0]
[I 2023-11-29 20:37:23,202] Trial 134 finished with value: 38.976139068603516 and parameters: {'gradient_clip_val': 0.5354269291456382, 'hidden_size': 75, 'dropout': 0.3469693356558827, 'hidden_continuous_size': 63, 'attention_head_size': 1, 'learning_rate': 0.002090385013707418}. Best is trial 98 with value: 27.29825782775879.
LOCAL_RANK: 0 - CUDA_VISIBLE_DEVICES: [0]
[I 2023-11-29 20:37:36,582] Trial 135 finished with value: 31.787078857421875 and parameters: {'gradient_clip_val': 0.4945909588049056, 'hidden_size': 72, 'dropout': 0.3180442178835038, 'hidden_continuous_size': 65, 'attention_head_size': 1, 'learning_rate': 0.0028612836793629947}. Best is trial 98 with value: 27.29825782775879.
LOCAL_RANK: 0 - CUDA_VISIBLE_DEVICES: [0]
[I 2023-11-29 20:37:50,201] Trial 136 finished with value: 31.471511840820312 and parameters: {'gradient_clip_val': 0.3040114915973447, 'hidden_size': 80, 'dropout': 0.3397450155762583, 'hidden_continuous_size': 70, 'attention_head_size': 1, 'learning_rate': 0.0032145404290557793}. Best is trial 98 with value: 27.29825782775879.
LOCAL_RANK: 0 - CUDA_VISIBLE_DEVICES: [0]
[I 2023-11-29 20:38:03,683] Trial 137 finished with value: 47.44101333618164 and parameters: {'gradient_clip_val': 0.6020929855364165, 'hidden_size': 88, 'dropout': 0.3273294133734798, 'hidden_continuous_size': 59, 'attention_head_size': 1, 'learning_rate': 0.0023372963022447093}. Best is trial 98 with value: 27.29825782775879.
LOCAL_RANK: 0 - CUDA_VISIBLE_DEVICES: [0]
[I 2023-11-29 20:38:17,645] Trial 138 finished with value: 31.812299728393555 and parameters: {'gradient_clip_val': 0.6859164209634586, 'hidden_size': 93, 'dropout': 0.363476808741172, 'hidden_continuous_size': 75, 'attention_head_size': 1, 'learning_rate': 0.00406142406003995}. Best is trial 98 with value: 27.29825782775879.
LOCAL_RANK: 0 - CUDA_VISIBLE_DEVICES: [0]
[I 2023-11-29 20:38:31,210] Trial 139 finished with value: 37.91885757446289 and parameters: {'gradient_clip_val': 0.8751709011690585, 'hidden_size': 85, 'dropout': 0.35485636027564044, 'hidden_continuous_size': 67, 'attention_head_size': 1, 'learning_rate': 0.005177624478928407}. Best is trial 98 with value: 27.29825782775879.
LOCAL_RANK: 0 - CUDA_VISIBLE_DEVICES: [0]
[I 2023-11-29 20:38:44,672] Trial 140 finished with value: 32.121036529541016 and parameters: {'gradient_clip_val': 0.555585672423803, 'hidden_size': 70, 'dropout': 0.3450292615906029, 'hidden_continuous_size': 63, 'attention_head_size': 1, 'learning_rate': 0.0035756331746024006}. Best is trial 98 with value: 27.29825782775879.
LOCAL_RANK: 0 - CUDA_VISIBLE_DEVICES: [0]
[I 2023-11-29 20:38:58,430] Trial 141 finished with value: 36.15195083618164 and parameters: {'gradient_clip_val': 0.7543961705233916, 'hidden_size': 98, 'dropout': 0.37140165429005345, 'hidden_continuous_size': 78, 'attention_head_size': 1, 'learning_rate': 0.001864179754064072}. Best is trial 98 with value: 27.29825782775879.
LOCAL_RANK: 0 - CUDA_VISIBLE_DEVICES: [0]
[I 2023-11-29 20:39:11,753] Trial 142 finished with value: 32.703582763671875 and parameters: {'gradient_clip_val': 0.6447059795590446, 'hidden_size': 102, 'dropout': 0.3334225849625542, 'hidden_continuous_size': 30, 'attention_head_size': 1, 'learning_rate': 0.0021460952292814525}. Best is trial 98 with value: 27.29825782775879.
LOCAL_RANK: 0 - CUDA_VISIBLE_DEVICES: [0]
[I 2023-11-29 20:39:25,644] Trial 143 finished with value: 35.1890983581543 and parameters: {'gradient_clip_val': 0.5696001948503223, 'hidden_size': 114, 'dropout': 0.36747062362088173, 'hidden_continuous_size': 57, 'attention_head_size': 1, 'learning_rate': 0.0030797208679426507}. Best is trial 98 with value: 27.29825782775879.
LOCAL_RANK: 0 - CUDA_VISIBLE_DEVICES: [0]
[I 2023-11-29 20:39:39,313] Trial 144 finished with value: 39.35295104980469 and parameters: {'gradient_clip_val': 0.6931713701876303, 'hidden_size': 91, 'dropout': 0.3816251223390516, 'hidden_continuous_size': 74, 'attention_head_size': 1, 'learning_rate': 0.002633815985769539}. Best is trial 98 with value: 27.29825782775879.
LOCAL_RANK: 0 - CUDA_VISIBLE_DEVICES: [0]
[I 2023-11-29 20:39:53,027] Trial 145 finished with value: 43.99483871459961 and parameters: {'gradient_clip_val': 0.4143526698797312, 'hidden_size': 78, 'dropout': 0.3504310832688521, 'hidden_continuous_size': 70, 'attention_head_size': 1, 'learning_rate': 0.0016750226323819961}. Best is trial 98 with value: 27.29825782775879.
LOCAL_RANK: 0 - CUDA_VISIBLE_DEVICES: [0]
[I 2023-11-29 20:40:06,555] Trial 146 finished with value: 33.6419677734375 and parameters: {'gradient_clip_val': 0.7132989062240208, 'hidden_size': 107, 'dropout': 0.35705944164252923, 'hidden_continuous_size': 36, 'attention_head_size': 1, 'learning_rate': 0.004521979566340636}. Best is trial 98 with value: 27.29825782775879.
LOCAL_RANK: 0 - CUDA_VISIBLE_DEVICES: [0]
[I 2023-11-29 20:40:16,672] Trial 147 finished with value: 41.04275131225586 and parameters: {'gradient_clip_val': 0.36898839891501156, 'hidden_size': 42, 'dropout': 0.3361041643099696, 'hidden_continuous_size': 42, 'attention_head_size': 1, 'learning_rate': 0.002478618658343225}. Best is trial 98 with value: 27.29825782775879.
LOCAL_RANK: 0 - CUDA_VISIBLE_DEVICES: [0]
[I 2023-11-29 20:40:30,237] Trial 148 finished with value: 44.011844635009766 and parameters: {'gradient_clip_val': 0.6154507315162111, 'hidden_size': 96, 'dropout': 0.3625107514960026, 'hidden_continuous_size': 34, 'attention_head_size': 1, 'learning_rate': 0.0016372978489910838}. Best is trial 98 with value: 27.29825782775879.
LOCAL_RANK: 0 - CUDA_VISIBLE_DEVICES: [0]
[I 2023-11-29 20:40:44,285] Trial 149 finished with value: 32.894588470458984 and parameters: {'gradient_clip_val': 0.8116643279441496, 'hidden_size': 120, 'dropout': 0.3924418545435298, 'hidden_continuous_size': 83, 'attention_head_size': 3, 'learning_rate': 0.001967571524807707}. Best is trial 98 with value: 27.29825782775879.
[I 2023-11-29 20:40:44,394] A new study created in memory with name: no-name-571c58fb-e520-42f7-8889-6b344d9780e1
/home/le004/conda/anaconda3/envs/tsff_env/lib/python3.9/site-packages/lightning/fabric/plugins/environments/slurm.py:191: The `srun` command is available on your system but is not used. HINT: If your intention is to run Lightning on SLURM, prepend your python command with `srun` like so: srun python /home/le004/master_thesis/git/TSFusionForecast/code/ ...
LOCAL_RANK: 0 - CUDA_VISIBLE_DEVICES: [0]
[I 2023-11-29 20:40:56,729] Trial 0 finished with value: 396.0799255371094 and parameters: {'gradient_clip_val': 0.13314443387407848, 'hidden_size': 64, 'dropout': 0.31857541330209216, 'hidden_continuous_size': 10, 'attention_head_size': 1, 'learning_rate': 0.04406269989458592}. Best is trial 0 with value: 396.0799255371094.
LOCAL_RANK: 0 - CUDA_VISIBLE_DEVICES: [0]
[I 2023-11-29 20:41:10,268] Trial 1 finished with value: 400.9920959472656 and parameters: {'gradient_clip_val': 0.2944200096318827, 'hidden_size': 127, 'dropout': 0.10048736358707924, 'hidden_continuous_size': 18, 'attention_head_size': 1, 'learning_rate': 0.07451752266633048}. Best is trial 0 with value: 396.0799255371094.
LOCAL_RANK: 0 - CUDA_VISIBLE_DEVICES: [0]
[I 2023-11-29 20:41:22,292] Trial 2 finished with value: 733.5502319335938 and parameters: {'gradient_clip_val': 0.4674549328397664, 'hidden_size': 17, 'dropout': 0.3184486919535626, 'hidden_continuous_size': 10, 'attention_head_size': 4, 'learning_rate': 0.003982845755110314}. Best is trial 0 with value: 396.0799255371094.
LOCAL_RANK: 0 - CUDA_VISIBLE_DEVICES: [0]
[I 2023-11-29 20:41:34,433] Trial 3 finished with value: 368.90478515625 and parameters: {'gradient_clip_val': 0.22341658874196882, 'hidden_size': 13, 'dropout': 0.29914142729747334, 'hidden_continuous_size': 12, 'attention_head_size': 4, 'learning_rate': 0.03314240626798398}. Best is trial 3 with value: 368.90478515625.
LOCAL_RANK: 0 - CUDA_VISIBLE_DEVICES: [0]
[I 2023-11-29 20:41:44,448] Trial 4 finished with value: 438.0530090332031 and parameters: {'gradient_clip_val': 0.8868475670765366, 'hidden_size': 10, 'dropout': 0.24394443969700344, 'hidden_continuous_size': 10, 'attention_head_size': 3, 'learning_rate': 0.02737614923386158}. Best is trial 3 with value: 368.90478515625.
LOCAL_RANK: 0 - CUDA_VISIBLE_DEVICES: [0]
[I 2023-11-29 20:41:54,455] Trial 5 finished with value: 895.99658203125 and parameters: {'gradient_clip_val': 0.1619463453731845, 'hidden_size': 10, 'dropout': 0.2944331202167847, 'hidden_continuous_size': 10, 'attention_head_size': 4, 'learning_rate': 0.003958183479459112}. Best is trial 3 with value: 368.90478515625.
LOCAL_RANK: 0 - CUDA_VISIBLE_DEVICES: [0]
[I 2023-11-29 20:42:07,328] Trial 6 finished with value: 533.4285278320312 and parameters: {'gradient_clip_val': 0.2170196456416348, 'hidden_size': 61, 'dropout': 0.11396821147400889, 'hidden_continuous_size': 21, 'attention_head_size': 2, 'learning_rate': 0.0017377839050741657}. Best is trial 3 with value: 368.90478515625.
LOCAL_RANK: 0 - CUDA_VISIBLE_DEVICES: [0]
[I 2023-11-29 20:42:19,885] Trial 7 finished with value: 429.7856750488281 and parameters: {'gradient_clip_val': 0.38773073243064154, 'hidden_size': 34, 'dropout': 0.28962691077874836, 'hidden_continuous_size': 18, 'attention_head_size': 4, 'learning_rate': 0.006272511714475655}. Best is trial 3 with value: 368.90478515625.
LOCAL_RANK: 0 - CUDA_VISIBLE_DEVICES: [0]
[I 2023-11-29 20:42:31,504] Trial 8 finished with value: 669.9141235351562 and parameters: {'gradient_clip_val': 0.3466854353091696, 'hidden_size': 16, 'dropout': 0.31654537184835596, 'hidden_continuous_size': 12, 'attention_head_size': 2, 'learning_rate': 0.004848037450208643}. Best is trial 3 with value: 368.90478515625.
LOCAL_RANK: 0 - CUDA_VISIBLE_DEVICES: [0]
[I 2023-11-29 20:42:41,531] Trial 9 finished with value: 336.4491271972656 and parameters: {'gradient_clip_val': 0.11708033794023023, 'hidden_size': 11, 'dropout': 0.17584298398077491, 'hidden_continuous_size': 11, 'attention_head_size': 2, 'learning_rate': 0.04927136979733572}. Best is trial 9 with value: 336.4491271972656.
LOCAL_RANK: 0 - CUDA_VISIBLE_DEVICES: [0]
[I 2023-11-29 20:42:53,593] Trial 10 finished with value: 327.0426330566406 and parameters: {'gradient_clip_val': 0.10486124479104532, 'hidden_size': 23, 'dropout': 0.38703110832702936, 'hidden_continuous_size': 14, 'attention_head_size': 3, 'learning_rate': 0.015005772917024318}. Best is trial 10 with value: 327.0426330566406.
LOCAL_RANK: 0 - CUDA_VISIBLE_DEVICES: [0]
[I 2023-11-29 20:43:05,502] Trial 11 finished with value: 333.2203674316406 and parameters: {'gradient_clip_val': 0.10590365200006199, 'hidden_size': 23, 'dropout': 0.3877471402542619, 'hidden_continuous_size': 14, 'attention_head_size': 3, 'learning_rate': 0.01767188439115425}. Best is trial 10 with value: 327.0426330566406.
LOCAL_RANK: 0 - CUDA_VISIBLE_DEVICES: [0]
[I 2023-11-29 20:43:17,654] Trial 12 finished with value: 295.198486328125 and parameters: {'gradient_clip_val': 0.10074296215062412, 'hidden_size': 22, 'dropout': 0.39958859980257133, 'hidden_continuous_size': 14, 'attention_head_size': 3, 'learning_rate': 0.014839631639163076}. Best is trial 12 with value: 295.198486328125.
LOCAL_RANK: 0 - CUDA_VISIBLE_DEVICES: [0]
[I 2023-11-29 20:43:29,666] Trial 13 finished with value: 345.7662353515625 and parameters: {'gradient_clip_val': 0.10156127114163302, 'hidden_size': 25, 'dropout': 0.3855710779222279, 'hidden_continuous_size': 14, 'attention_head_size': 3, 'learning_rate': 0.012759198063806236}. Best is trial 12 with value: 295.198486328125.
LOCAL_RANK: 0 - CUDA_VISIBLE_DEVICES: [0]
[I 2023-11-29 20:43:41,570] Trial 14 finished with value: 364.6521911621094 and parameters: {'gradient_clip_val': 0.15531716078515156, 'hidden_size': 23, 'dropout': 0.3995577787763757, 'hidden_continuous_size': 15, 'attention_head_size': 3, 'learning_rate': 0.014900534237190989}. Best is trial 12 with value: 295.198486328125.
LOCAL_RANK: 0 - CUDA_VISIBLE_DEVICES: [0]
[I 2023-11-29 20:43:54,063] Trial 15 finished with value: 340.6189270019531 and parameters: {'gradient_clip_val': 0.10220309875774762, 'hidden_size': 38, 'dropout': 0.3540385801249969, 'hidden_continuous_size': 24, 'attention_head_size': 3, 'learning_rate': 0.007531015546749601}. Best is trial 12 with value: 295.198486328125.
LOCAL_RANK: 0 - CUDA_VISIBLE_DEVICES: [0]
[I 2023-11-29 20:44:05,980] Trial 16 finished with value: 387.9695739746094 and parameters: {'gradient_clip_val': 0.14501668141870866, 'hidden_size': 17, 'dropout': 0.3568645860104962, 'hidden_continuous_size': 13, 'attention_head_size': 2, 'learning_rate': 0.010244516183076155}. Best is trial 12 with value: 295.198486328125.
LOCAL_RANK: 0 - CUDA_VISIBLE_DEVICES: [0]
[I 2023-11-29 20:44:18,442] Trial 17 finished with value: 316.394775390625 and parameters: {'gradient_clip_val': 0.18009848840273796, 'hidden_size': 33, 'dropout': 0.3586246714626668, 'hidden_continuous_size': 15, 'attention_head_size': 3, 'learning_rate': 0.018693921080138003}. Best is trial 12 with value: 295.198486328125.
LOCAL_RANK: 0 - CUDA_VISIBLE_DEVICES: [0]
[I 2023-11-29 20:44:30,685] Trial 18 finished with value: 311.3243408203125 and parameters: {'gradient_clip_val': 0.18543597619521002, 'hidden_size': 38, 'dropout': 0.3589359621638256, 'hidden_continuous_size': 17, 'attention_head_size': 2, 'learning_rate': 0.022678397716365536}. Best is trial 12 with value: 295.198486328125.
LOCAL_RANK: 0 - CUDA_VISIBLE_DEVICES: [0]
[I 2023-11-29 20:44:43,414] Trial 19 finished with value: 359.6532287597656 and parameters: {'gradient_clip_val': 0.1348868166631469, 'hidden_size': 50, 'dropout': 0.2531000766845002, 'hidden_continuous_size': 30, 'attention_head_size': 1, 'learning_rate': 0.026330141210754363}. Best is trial 12 with value: 295.198486328125.
LOCAL_RANK: 0 - CUDA_VISIBLE_DEVICES: [0]
[I 2023-11-29 20:44:55,952] Trial 20 finished with value: 380.9294738769531 and parameters: {'gradient_clip_val': 0.18995636936748364, 'hidden_size': 42, 'dropout': 0.3521386348523678, 'hidden_continuous_size': 17, 'attention_head_size': 2, 'learning_rate': 0.08435123274346697}. Best is trial 12 with value: 295.198486328125.
LOCAL_RANK: 0 - CUDA_VISIBLE_DEVICES: [0]
[I 2023-11-29 20:45:08,049] Trial 21 finished with value: 330.85369873046875 and parameters: {'gradient_clip_val': 0.18473771260722885, 'hidden_size': 28, 'dropout': 0.3572895251698339, 'hidden_continuous_size': 16, 'attention_head_size': 3, 'learning_rate': 0.023811068127925848}. Best is trial 12 with value: 295.198486328125.
LOCAL_RANK: 0 - CUDA_VISIBLE_DEVICES: [0]
[I 2023-11-29 20:45:20,359] Trial 22 finished with value: 324.6156311035156 and parameters: {'gradient_clip_val': 0.2323905675964257, 'hidden_size': 31, 'dropout': 0.36829146170712757, 'hidden_continuous_size': 16, 'attention_head_size': 2, 'learning_rate': 0.019924987624128233}. Best is trial 12 with value: 295.198486328125.
LOCAL_RANK: 0 - CUDA_VISIBLE_DEVICES: [0]
[I 2023-11-29 20:45:32,999] Trial 23 finished with value: 309.5340270996094 and parameters: {'gradient_clip_val': 0.12962397252253066, 'hidden_size': 43, 'dropout': 0.3983670577644052, 'hidden_continuous_size': 20, 'attention_head_size': 3, 'learning_rate': 0.01068053505318907}. Best is trial 12 with value: 295.198486328125.
LOCAL_RANK: 0 - CUDA_VISIBLE_DEVICES: [0]
[I 2023-11-29 20:45:45,543] Trial 24 finished with value: 295.358642578125 and parameters: {'gradient_clip_val': 0.12892884520265507, 'hidden_size': 45, 'dropout': 0.3813155632533538, 'hidden_continuous_size': 20, 'attention_head_size': 2, 'learning_rate': 0.008534901280673355}. Best is trial 12 with value: 295.198486328125.
LOCAL_RANK: 0 - CUDA_VISIBLE_DEVICES: [0]
