[I 2023-11-30 07:58:11,536] Trial 116 finished with value: 747.1267700195312 and parameters: {'gradient_clip_val': 0.7337280546237319, 'hidden_size': 44, 'dropout': 0.17119953779855288, 'hidden_continuous_size': 22, 'attention_head_size': 4, 'learning_rate': 0.018351065651551285}. Best is trial 23 with value: 599.07763671875.
LOCAL_RANK: 0 - CUDA_VISIBLE_DEVICES: [0]
[I 2023-11-30 07:58:24,476] Trial 117 finished with value: 1156.3468017578125 and parameters: {'gradient_clip_val': 0.7240380736249561, 'hidden_size': 45, 'dropout': 0.1685902988400079, 'hidden_continuous_size': 33, 'attention_head_size': 4, 'learning_rate': 0.017924654389596846}. Best is trial 23 with value: 599.07763671875.
LOCAL_RANK: 0 - CUDA_VISIBLE_DEVICES: [0]
[I 2023-11-30 07:58:37,018] Trial 118 finished with value: 856.078369140625 and parameters: {'gradient_clip_val': 0.638930357142274, 'hidden_size': 41, 'dropout': 0.17360877304450675, 'hidden_continuous_size': 17, 'attention_head_size': 4, 'learning_rate': 0.015330010572435626}. Best is trial 23 with value: 599.07763671875.
LOCAL_RANK: 0 - CUDA_VISIBLE_DEVICES: [0]
[I 2023-11-30 07:58:49,555] Trial 119 finished with value: 914.6354370117188 and parameters: {'gradient_clip_val': 0.5935643004821439, 'hidden_size': 39, 'dropout': 0.15792358850259763, 'hidden_continuous_size': 19, 'attention_head_size': 4, 'learning_rate': 0.019656928867856183}. Best is trial 23 with value: 599.07763671875.
LOCAL_RANK: 0 - CUDA_VISIBLE_DEVICES: [0]
[I 2023-11-30 07:59:02,114] Trial 120 finished with value: 958.921875 and parameters: {'gradient_clip_val': 0.762411454169081, 'hidden_size': 37, 'dropout': 0.1468797383092575, 'hidden_continuous_size': 26, 'attention_head_size': 4, 'learning_rate': 0.016542282801274795}. Best is trial 23 with value: 599.07763671875.
LOCAL_RANK: 0 - CUDA_VISIBLE_DEVICES: [0]
[I 2023-11-30 07:59:14,882] Trial 121 finished with value: 738.8577270507812 and parameters: {'gradient_clip_val': 0.8690755934709197, 'hidden_size': 44, 'dropout': 0.18007863860760998, 'hidden_continuous_size': 22, 'attention_head_size': 4, 'learning_rate': 0.023677446101570944}. Best is trial 23 with value: 599.07763671875.
LOCAL_RANK: 0 - CUDA_VISIBLE_DEVICES: [0]
[I 2023-11-30 07:59:27,497] Trial 122 finished with value: 675.6740112304688 and parameters: {'gradient_clip_val': 0.8047850597570669, 'hidden_size': 43, 'dropout': 0.16454467894526575, 'hidden_continuous_size': 22, 'attention_head_size': 4, 'learning_rate': 0.023707868372177025}. Best is trial 23 with value: 599.07763671875.
LOCAL_RANK: 0 - CUDA_VISIBLE_DEVICES: [0]
[I 2023-11-30 07:59:40,426] Trial 123 finished with value: 1151.3582763671875 and parameters: {'gradient_clip_val': 0.6806264110423889, 'hidden_size': 50, 'dropout': 0.16483608376646877, 'hidden_continuous_size': 22, 'attention_head_size': 4, 'learning_rate': 0.023022293050846607}. Best is trial 23 with value: 599.07763671875.
LOCAL_RANK: 0 - CUDA_VISIBLE_DEVICES: [0]
[I 2023-11-30 07:59:53,193] Trial 124 finished with value: 939.5994262695312 and parameters: {'gradient_clip_val': 0.8067316254885359, 'hidden_size': 46, 'dropout': 0.15014395219980703, 'hidden_continuous_size': 23, 'attention_head_size': 4, 'learning_rate': 0.021425112094624613}. Best is trial 23 with value: 599.07763671875.
LOCAL_RANK: 0 - CUDA_VISIBLE_DEVICES: [0]
[I 2023-11-30 08:00:05,566] Trial 125 finished with value: 1039.744140625 and parameters: {'gradient_clip_val': 0.7372017391062805, 'hidden_size': 44, 'dropout': 0.17877948289368106, 'hidden_continuous_size': 10, 'attention_head_size': 4, 'learning_rate': 0.01849222148524003}. Best is trial 23 with value: 599.07763671875.
LOCAL_RANK: 0 - CUDA_VISIBLE_DEVICES: [0]
[I 2023-11-30 08:00:18,182] Trial 126 finished with value: 763.2599487304688 and parameters: {'gradient_clip_val': 0.7019942484894214, 'hidden_size': 36, 'dropout': 0.16301536255315766, 'hidden_continuous_size': 20, 'attention_head_size': 4, 'learning_rate': 0.026141336690257932}. Best is trial 23 with value: 599.07763671875.
LOCAL_RANK: 0 - CUDA_VISIBLE_DEVICES: [0]
[I 2023-11-30 08:00:30,728] Trial 127 finished with value: 864.4166870117188 and parameters: {'gradient_clip_val': 0.7005842834875702, 'hidden_size': 35, 'dropout': 0.15575899311318048, 'hidden_continuous_size': 22, 'attention_head_size': 4, 'learning_rate': 0.028411860589126283}. Best is trial 23 with value: 599.07763671875.
LOCAL_RANK: 0 - CUDA_VISIBLE_DEVICES: [0]
[I 2023-11-30 08:00:43,136] Trial 128 finished with value: 1203.5880126953125 and parameters: {'gradient_clip_val': 0.6184824654487967, 'hidden_size': 40, 'dropout': 0.1634632429965656, 'hidden_continuous_size': 21, 'attention_head_size': 4, 'learning_rate': 0.02363091052109892}. Best is trial 23 with value: 599.07763671875.
LOCAL_RANK: 0 - CUDA_VISIBLE_DEVICES: [0]
[I 2023-11-30 08:00:55,734] Trial 129 finished with value: 825.7940063476562 and parameters: {'gradient_clip_val': 0.7808155773400164, 'hidden_size': 38, 'dropout': 0.1434676668982798, 'hidden_continuous_size': 24, 'attention_head_size': 4, 'learning_rate': 0.01969513368483169}. Best is trial 23 with value: 599.07763671875.
LOCAL_RANK: 0 - CUDA_VISIBLE_DEVICES: [0]
[I 2023-11-30 08:01:08,193] Trial 130 finished with value: 667.7813110351562 and parameters: {'gradient_clip_val': 0.6586136298401792, 'hidden_size': 33, 'dropout': 0.18322530133557857, 'hidden_continuous_size': 20, 'attention_head_size': 4, 'learning_rate': 0.03249660556519325}. Best is trial 23 with value: 599.07763671875.
LOCAL_RANK: 0 - CUDA_VISIBLE_DEVICES: [0]
[I 2023-11-30 08:01:20,774] Trial 131 finished with value: 978.3108520507812 and parameters: {'gradient_clip_val': 0.6652962740192704, 'hidden_size': 31, 'dropout': 0.18081636306332174, 'hidden_continuous_size': 20, 'attention_head_size': 4, 'learning_rate': 0.03313089648043784}. Best is trial 23 with value: 599.07763671875.
LOCAL_RANK: 0 - CUDA_VISIBLE_DEVICES: [0]
[I 2023-11-30 08:01:33,016] Trial 132 finished with value: 1262.8580322265625 and parameters: {'gradient_clip_val': 0.5778687097053542, 'hidden_size': 36, 'dropout': 0.1675684575999775, 'hidden_continuous_size': 20, 'attention_head_size': 4, 'learning_rate': 0.026694892482355147}. Best is trial 23 with value: 599.07763671875.
LOCAL_RANK: 0 - CUDA_VISIBLE_DEVICES: [0]
[I 2023-11-30 08:01:45,633] Trial 133 finished with value: 866.2798461914062 and parameters: {'gradient_clip_val': 0.5380588210845453, 'hidden_size': 43, 'dropout': 0.17622173808280656, 'hidden_continuous_size': 19, 'attention_head_size': 4, 'learning_rate': 0.030720976767256}. Best is trial 23 with value: 599.07763671875.
LOCAL_RANK: 0 - CUDA_VISIBLE_DEVICES: [0]
[I 2023-11-30 08:01:57,927] Trial 134 finished with value: 932.851806640625 and parameters: {'gradient_clip_val': 0.7061619751954865, 'hidden_size': 40, 'dropout': 0.15387090754406846, 'hidden_continuous_size': 21, 'attention_head_size': 4, 'learning_rate': 0.023905853856169106}. Best is trial 23 with value: 599.07763671875.
LOCAL_RANK: 0 - CUDA_VISIBLE_DEVICES: [0]
[I 2023-11-30 08:02:10,252] Trial 135 finished with value: 1258.834716796875 and parameters: {'gradient_clip_val': 0.6241118686850142, 'hidden_size': 34, 'dropout': 0.1856666179338155, 'hidden_continuous_size': 19, 'attention_head_size': 4, 'learning_rate': 0.014175706079577891}. Best is trial 23 with value: 599.07763671875.
LOCAL_RANK: 0 - CUDA_VISIBLE_DEVICES: [0]
[I 2023-11-30 08:02:22,877] Trial 136 finished with value: 1068.63232421875 and parameters: {'gradient_clip_val': 0.7608332781148817, 'hidden_size': 36, 'dropout': 0.16044395705843328, 'hidden_continuous_size': 27, 'attention_head_size': 4, 'learning_rate': 0.036574600970474394}. Best is trial 23 with value: 599.07763671875.
LOCAL_RANK: 0 - CUDA_VISIBLE_DEVICES: [0]
[I 2023-11-30 08:02:34,927] Trial 137 finished with value: 879.2808227539062 and parameters: {'gradient_clip_val': 0.6539173702882274, 'hidden_size': 32, 'dropout': 0.13827090009592086, 'hidden_continuous_size': 12, 'attention_head_size': 4, 'learning_rate': 0.02071788199922052}. Best is trial 23 with value: 599.07763671875.
LOCAL_RANK: 0 - CUDA_VISIBLE_DEVICES: [0]
[I 2023-11-30 08:02:47,589] Trial 138 finished with value: 476.0472412109375 and parameters: {'gradient_clip_val': 0.80256354506428, 'hidden_size': 44, 'dropout': 0.16859749042065106, 'hidden_continuous_size': 23, 'attention_head_size': 4, 'learning_rate': 0.0419002039722367}. Best is trial 138 with value: 476.0472412109375.
LOCAL_RANK: 0 - CUDA_VISIBLE_DEVICES: [0]
[I 2023-11-30 08:03:00,134] Trial 139 finished with value: 796.7575073242188 and parameters: {'gradient_clip_val': 0.8178783634075026, 'hidden_size': 39, 'dropout': 0.16965587031078969, 'hidden_continuous_size': 22, 'attention_head_size': 4, 'learning_rate': 0.042098010818262095}. Best is trial 138 with value: 476.0472412109375.
LOCAL_RANK: 0 - CUDA_VISIBLE_DEVICES: [0]
[I 2023-11-30 08:03:12,887] Trial 140 finished with value: 860.7584838867188 and parameters: {'gradient_clip_val': 0.8413404993359026, 'hidden_size': 44, 'dropout': 0.14993521040759353, 'hidden_continuous_size': 23, 'attention_head_size': 4, 'learning_rate': 0.01608588214907106}. Best is trial 138 with value: 476.0472412109375.
LOCAL_RANK: 0 - CUDA_VISIBLE_DEVICES: [0]
[I 2023-11-30 08:03:25,705] Trial 141 finished with value: 835.5993041992188 and parameters: {'gradient_clip_val': 0.7379367371295469, 'hidden_size': 48, 'dropout': 0.16269366468356336, 'hidden_continuous_size': 23, 'attention_head_size': 4, 'learning_rate': 0.03454455192319547}. Best is trial 138 with value: 476.0472412109375.
LOCAL_RANK: 0 - CUDA_VISIBLE_DEVICES: [0]
[I 2023-11-30 08:03:38,304] Trial 142 finished with value: 921.1203002929688 and parameters: {'gradient_clip_val': 0.796393837329774, 'hidden_size': 41, 'dropout': 0.18961726280114005, 'hidden_continuous_size': 21, 'attention_head_size': 4, 'learning_rate': 0.03826293878588259}. Best is trial 138 with value: 476.0472412109375.
LOCAL_RANK: 0 - CUDA_VISIBLE_DEVICES: [0]
[I 2023-11-30 08:03:50,798] Trial 143 finished with value: 807.85400390625 and parameters: {'gradient_clip_val': 0.6819332217481672, 'hidden_size': 44, 'dropout': 0.17634633238728475, 'hidden_continuous_size': 20, 'attention_head_size': 4, 'learning_rate': 0.03202007378799267}. Best is trial 138 with value: 476.0472412109375.
LOCAL_RANK: 0 - CUDA_VISIBLE_DEVICES: [0]
[I 2023-11-30 08:04:03,639] Trial 144 finished with value: 859.2763671875 and parameters: {'gradient_clip_val': 0.867565814742351, 'hidden_size': 47, 'dropout': 0.18340463497833362, 'hidden_continuous_size': 30, 'attention_head_size': 4, 'learning_rate': 0.02923213626000653}. Best is trial 138 with value: 476.0472412109375.
LOCAL_RANK: 0 - CUDA_VISIBLE_DEVICES: [0]
[I 2023-11-30 08:04:16,062] Trial 145 finished with value: 843.3934936523438 and parameters: {'gradient_clip_val': 0.5593619256740149, 'hidden_size': 38, 'dropout': 0.16781903195048387, 'hidden_continuous_size': 22, 'attention_head_size': 4, 'learning_rate': 0.042502338668483436}. Best is trial 138 with value: 476.0472412109375.
LOCAL_RANK: 0 - CUDA_VISIBLE_DEVICES: [0]
[I 2023-11-30 08:04:28,828] Trial 146 finished with value: 950.9973754882812 and parameters: {'gradient_clip_val': 0.48675090846287483, 'hidden_size': 42, 'dropout': 0.1606370944784837, 'hidden_continuous_size': 21, 'attention_head_size': 4, 'learning_rate': 0.049823616604133404}. Best is trial 138 with value: 476.0472412109375.
LOCAL_RANK: 0 - CUDA_VISIBLE_DEVICES: [0]
[I 2023-11-30 08:04:42,039] Trial 147 finished with value: 819.52490234375 and parameters: {'gradient_clip_val': 0.71294071175397, 'hidden_size': 49, 'dropout': 0.1551906408953829, 'hidden_continuous_size': 45, 'attention_head_size': 4, 'learning_rate': 0.0394873261946769}. Best is trial 138 with value: 476.0472412109375.
LOCAL_RANK: 0 - CUDA_VISIBLE_DEVICES: [0]
[I 2023-11-30 08:04:54,527] Trial 148 finished with value: 825.8436889648438 and parameters: {'gradient_clip_val': 0.45749197882212583, 'hidden_size': 41, 'dropout': 0.17278498059218292, 'hidden_continuous_size': 24, 'attention_head_size': 4, 'learning_rate': 0.027742830482321512}. Best is trial 138 with value: 476.0472412109375.
LOCAL_RANK: 0 - CUDA_VISIBLE_DEVICES: [0]
[I 2023-11-30 08:05:07,160] Trial 149 finished with value: 1062.3873291015625 and parameters: {'gradient_clip_val': 0.7883043299547946, 'hidden_size': 37, 'dropout': 0.19261998313648995, 'hidden_continuous_size': 18, 'attention_head_size': 4, 'learning_rate': 0.03314288343640727}. Best is trial 138 with value: 476.0472412109375.
[I 2023-11-30 08:05:07,268] A new study created in memory with name: no-name-2c55aef2-69a0-4bfa-9e02-04370f61bcc8
/home/le004/conda/anaconda3/envs/tsff_env/lib/python3.9/site-packages/lightning/fabric/plugins/environments/slurm.py:191: The `srun` command is available on your system but is not used. HINT: If your intention is to run Lightning on SLURM, prepend your python command with `srun` like so: srun python /home/le004/master_thesis/git/TSFusionForecast/code/ ...
LOCAL_RANK: 0 - CUDA_VISIBLE_DEVICES: [0]
[I 2023-11-30 08:05:19,090] Trial 0 finished with value: 1205.1590576171875 and parameters: {'gradient_clip_val': 0.12334875814944567, 'hidden_size': 27, 'dropout': 0.3509859830899531, 'hidden_continuous_size': 12, 'attention_head_size': 1, 'learning_rate': 0.021302580562582774}. Best is trial 0 with value: 1205.1590576171875.
LOCAL_RANK: 0 - CUDA_VISIBLE_DEVICES: [0]
[I 2023-11-30 08:05:31,685] Trial 1 finished with value: 3953.1484375 and parameters: {'gradient_clip_val': 0.13959377826219613, 'hidden_size': 41, 'dropout': 0.10841528560554906, 'hidden_continuous_size': 13, 'attention_head_size': 4, 'learning_rate': 0.0016760490887547947}. Best is trial 0 with value: 1205.1590576171875.
LOCAL_RANK: 0 - CUDA_VISIBLE_DEVICES: [0]
[I 2023-11-30 08:05:44,091] Trial 2 finished with value: 1851.57861328125 and parameters: {'gradient_clip_val': 0.298066009206262, 'hidden_size': 59, 'dropout': 0.37114228627767765, 'hidden_continuous_size': 10, 'attention_head_size': 2, 'learning_rate': 0.003499148538206386}. Best is trial 0 with value: 1205.1590576171875.
LOCAL_RANK: 0 - CUDA_VISIBLE_DEVICES: [0]
[I 2023-11-30 08:05:54,321] Trial 3 finished with value: 1372.5377197265625 and parameters: {'gradient_clip_val': 0.48343497574109767, 'hidden_size': 14, 'dropout': 0.17315786673888417, 'hidden_continuous_size': 14, 'attention_head_size': 4, 'learning_rate': 0.0883123074992855}. Best is trial 0 with value: 1205.1590576171875.
LOCAL_RANK: 0 - CUDA_VISIBLE_DEVICES: [0]
[I 2023-11-30 08:06:07,035] Trial 4 finished with value: 2031.0787353515625 and parameters: {'gradient_clip_val': 0.8256113397171964, 'hidden_size': 50, 'dropout': 0.1312190250963149, 'hidden_continuous_size': 27, 'attention_head_size': 3, 'learning_rate': 0.002049543327464564}. Best is trial 0 with value: 1205.1590576171875.
LOCAL_RANK: 0 - CUDA_VISIBLE_DEVICES: [0]
[I 2023-11-30 08:06:20,732] Trial 5 finished with value: 1123.6522216796875 and parameters: {'gradient_clip_val': 0.4211293097090755, 'hidden_size': 95, 'dropout': 0.3461741387963646, 'hidden_continuous_size': 45, 'attention_head_size': 3, 'learning_rate': 0.005312613959608463}. Best is trial 5 with value: 1123.6522216796875.
LOCAL_RANK: 0 - CUDA_VISIBLE_DEVICES: [0]
[I 2023-11-30 08:06:33,479] Trial 6 finished with value: 1707.3134765625 and parameters: {'gradient_clip_val': 0.11361381844943924, 'hidden_size': 43, 'dropout': 0.29087293095205347, 'hidden_continuous_size': 17, 'attention_head_size': 3, 'learning_rate': 0.06928224740735787}. Best is trial 5 with value: 1123.6522216796875.
LOCAL_RANK: 0 - CUDA_VISIBLE_DEVICES: [0]
[I 2023-11-30 08:06:45,144] Trial 7 finished with value: 3211.873046875 and parameters: {'gradient_clip_val': 0.16572232476676066, 'hidden_size': 11, 'dropout': 0.30534154816283415, 'hidden_continuous_size': 10, 'attention_head_size': 1, 'learning_rate': 0.007102845148532788}. Best is trial 5 with value: 1123.6522216796875.
LOCAL_RANK: 0 - CUDA_VISIBLE_DEVICES: [0]
[I 2023-11-30 08:06:57,109] Trial 8 finished with value: 4640.1650390625 and parameters: {'gradient_clip_val': 0.37535170431574055, 'hidden_size': 28, 'dropout': 0.2117351277494675, 'hidden_continuous_size': 22, 'attention_head_size': 1, 'learning_rate': 0.001183327013158222}. Best is trial 5 with value: 1123.6522216796875.
LOCAL_RANK: 0 - CUDA_VISIBLE_DEVICES: [0]
[I 2023-11-30 08:07:10,700] Trial 9 finished with value: 1644.1331787109375 and parameters: {'gradient_clip_val': 0.2343600734041886, 'hidden_size': 104, 'dropout': 0.24551744707008583, 'hidden_continuous_size': 67, 'attention_head_size': 1, 'learning_rate': 0.02861396335139562}. Best is trial 5 with value: 1123.6522216796875.
LOCAL_RANK: 0 - CUDA_VISIBLE_DEVICES: [0]
[I 2023-11-30 08:07:24,769] Trial 10 finished with value: 1603.6907958984375 and parameters: {'gradient_clip_val': 0.5509457494140774, 'hidden_size': 150, 'dropout': 0.39898332672063225, 'hidden_continuous_size': 50, 'attention_head_size': 2, 'learning_rate': 0.005886731296114789}. Best is trial 5 with value: 1123.6522216796875.
LOCAL_RANK: 0 - CUDA_VISIBLE_DEVICES: [0]
[I 2023-11-30 08:07:36,695] Trial 11 finished with value: 1007.5975952148438 and parameters: {'gradient_clip_val': 0.21306390113558382, 'hidden_size': 24, 'dropout': 0.34515791607662816, 'hidden_continuous_size': 12, 'attention_head_size': 3, 'learning_rate': 0.013854036221185398}. Best is trial 11 with value: 1007.5975952148438.
LOCAL_RANK: 0 - CUDA_VISIBLE_DEVICES: [0]
[I 2023-11-30 08:07:50,091] Trial 12 finished with value: 1625.6822509765625 and parameters: {'gradient_clip_val': 0.222740509695185, 'hidden_size': 82, 'dropout': 0.32249114950656177, 'hidden_continuous_size': 39, 'attention_head_size': 3, 'learning_rate': 0.014382991249740244}. Best is trial 11 with value: 1007.5975952148438.
LOCAL_RANK: 0 - CUDA_VISIBLE_DEVICES: [0]
[I 2023-11-30 08:08:01,941] Trial 13 finished with value: 1379.46044921875 and parameters: {'gradient_clip_val': 0.21863616476242057, 'hidden_size': 20, 'dropout': 0.348310619947502, 'hidden_continuous_size': 11, 'attention_head_size': 3, 'learning_rate': 0.01066671780938884}. Best is trial 11 with value: 1007.5975952148438.
LOCAL_RANK: 0 - CUDA_VISIBLE_DEVICES: [0]
[I 2023-11-30 08:08:15,220] Trial 14 finished with value: 1309.622802734375 and parameters: {'gradient_clip_val': 0.3652632904738448, 'hidden_size': 73, 'dropout': 0.27271489973094265, 'hidden_continuous_size': 32, 'attention_head_size': 4, 'learning_rate': 0.0038580299677221483}. Best is trial 11 with value: 1007.5975952148438.
LOCAL_RANK: 0 - CUDA_VISIBLE_DEVICES: [0]
[I 2023-11-30 08:08:27,193] Trial 15 finished with value: 1793.4859619140625 and parameters: {'gradient_clip_val': 0.1705729636237814, 'hidden_size': 32, 'dropout': 0.3280427970945124, 'hidden_continuous_size': 16, 'attention_head_size': 2, 'learning_rate': 0.008400822423343801}. Best is trial 11 with value: 1007.5975952148438.
LOCAL_RANK: 0 - CUDA_VISIBLE_DEVICES: [0]
[I 2023-11-30 08:08:39,193] Trial 16 finished with value: 1447.60400390625 and parameters: {'gradient_clip_val': 0.2900983207715393, 'hidden_size': 19, 'dropout': 0.3955498048065475, 'hidden_continuous_size': 12, 'attention_head_size': 3, 'learning_rate': 0.01594577421771289}. Best is trial 11 with value: 1007.5975952148438.
LOCAL_RANK: 0 - CUDA_VISIBLE_DEVICES: [0]
[I 2023-11-30 08:08:52,052] Trial 17 finished with value: 1753.1492919921875 and parameters: {'gradient_clip_val': 0.5115172942434515, 'hidden_size': 53, 'dropout': 0.27318262521031195, 'hidden_continuous_size': 22, 'attention_head_size': 2, 'learning_rate': 0.030526490042145103}. Best is trial 11 with value: 1007.5975952148438.
LOCAL_RANK: 0 - CUDA_VISIBLE_DEVICES: [0]
[I 2023-11-30 08:09:04,600] Trial 18 finished with value: 2780.464599609375 and parameters: {'gradient_clip_val': 0.10520432319838828, 'hidden_size': 38, 'dropout': 0.35819012109604287, 'hidden_continuous_size': 19, 'attention_head_size': 4, 'learning_rate': 0.004641185052555913}. Best is trial 11 with value: 1007.5975952148438.
LOCAL_RANK: 0 - CUDA_VISIBLE_DEVICES: [0]
[I 2023-11-30 08:09:18,882] Trial 19 finished with value: 1170.8486328125 and parameters: {'gradient_clip_val': 0.7590739433561948, 'hidden_size': 126, 'dropout': 0.3193063690044185, 'hidden_continuous_size': 116, 'attention_head_size': 3, 'learning_rate': 0.0029074652571735708}. Best is trial 11 with value: 1007.5975952148438.
LOCAL_RANK: 0 - CUDA_VISIBLE_DEVICES: [0]
[I 2023-11-30 08:09:32,022] Trial 20 finished with value: 1185.1444091796875 and parameters: {'gradient_clip_val': 0.9389049179890222, 'hidden_size': 88, 'dropout': 0.37090177775258876, 'hidden_continuous_size': 27, 'attention_head_size': 2, 'learning_rate': 0.010667681501559473}. Best is trial 11 with value: 1007.5975952148438.
LOCAL_RANK: 0 - CUDA_VISIBLE_DEVICES: [0]
[I 2023-11-30 08:09:46,634] Trial 21 finished with value: 1303.61279296875 and parameters: {'gradient_clip_val': 0.7201925411413422, 'hidden_size': 141, 'dropout': 0.3182562514165021, 'hidden_continuous_size': 119, 'attention_head_size': 3, 'learning_rate': 0.0028696710267594734}. Best is trial 11 with value: 1007.5975952148438.
LOCAL_RANK: 0 - CUDA_VISIBLE_DEVICES: [0]
[I 2023-11-30 08:10:00,885] Trial 22 finished with value: 1610.90380859375 and parameters: {'gradient_clip_val': 0.6693165634186087, 'hidden_size': 116, 'dropout': 0.3328548803095172, 'hidden_continuous_size': 75, 'attention_head_size': 3, 'learning_rate': 0.005233704783426975}. Best is trial 11 with value: 1007.5975952148438.
LOCAL_RANK: 0 - CUDA_VISIBLE_DEVICES: [0]
[I 2023-11-30 08:10:14,589] Trial 23 finished with value: 1277.6461181640625 and parameters: {'gradient_clip_val': 0.4254289377462816, 'hidden_size': 110, 'dropout': 0.30969929459378753, 'hidden_continuous_size': 43, 'attention_head_size': 3, 'learning_rate': 0.0026681093163848316}. Best is trial 11 with value: 1007.5975952148438.
LOCAL_RANK: 0 - CUDA_VISIBLE_DEVICES: [0]
