[I 2023-11-30 03:59:20,719] Trial 62 finished with value: 41.7293815612793 and parameters: {'gradient_clip_val': 0.30618575086489264, 'hidden_size': 141, 'dropout': 0.3083323817587495, 'hidden_continuous_size': 17, 'attention_head_size': 4, 'learning_rate': 0.04901402440081183}. Best is trial 51 with value: 38.212181091308594.
LOCAL_RANK: 0 - CUDA_VISIBLE_DEVICES: [0]
[I 2023-11-30 03:59:33,360] Trial 63 finished with value: 50.04920959472656 and parameters: {'gradient_clip_val': 0.3949760499343632, 'hidden_size': 29, 'dropout': 0.29705405818253183, 'hidden_continuous_size': 16, 'attention_head_size': 4, 'learning_rate': 0.032514535169156804}. Best is trial 51 with value: 38.212181091308594.
LOCAL_RANK: 0 - CUDA_VISIBLE_DEVICES: [0]
[I 2023-11-30 03:59:46,338] Trial 64 finished with value: 52.66975784301758 and parameters: {'gradient_clip_val': 0.3308305005860611, 'hidden_size': 46, 'dropout': 0.27582794958907403, 'hidden_continuous_size': 18, 'attention_head_size': 4, 'learning_rate': 0.06364225081735272}. Best is trial 51 with value: 38.212181091308594.
LOCAL_RANK: 0 - CUDA_VISIBLE_DEVICES: [0]
[I 2023-11-30 04:00:00,645] Trial 65 finished with value: 40.83498764038086 and parameters: {'gradient_clip_val': 0.2714688716669652, 'hidden_size': 146, 'dropout': 0.2911797102525976, 'hidden_continuous_size': 26, 'attention_head_size': 4, 'learning_rate': 0.0465296648127979}. Best is trial 51 with value: 38.212181091308594.
LOCAL_RANK: 0 - CUDA_VISIBLE_DEVICES: [0]
[I 2023-11-30 04:00:14,897] Trial 66 finished with value: 47.2849006652832 and parameters: {'gradient_clip_val': 0.2711567488107226, 'hidden_size': 130, 'dropout': 0.2922113151653046, 'hidden_continuous_size': 24, 'attention_head_size': 4, 'learning_rate': 0.03959808693199151}. Best is trial 51 with value: 38.212181091308594.
LOCAL_RANK: 0 - CUDA_VISIBLE_DEVICES: [0]
[I 2023-11-30 04:00:29,267] Trial 67 finished with value: 41.32417678833008 and parameters: {'gradient_clip_val': 0.23852304818508555, 'hidden_size': 149, 'dropout': 0.30764066361547554, 'hidden_continuous_size': 28, 'attention_head_size': 4, 'learning_rate': 0.049805095344988844}. Best is trial 51 with value: 38.212181091308594.
LOCAL_RANK: 0 - CUDA_VISIBLE_DEVICES: [0]
[I 2023-11-30 04:00:43,372] Trial 68 finished with value: 49.77828598022461 and parameters: {'gradient_clip_val': 0.3594392951086842, 'hidden_size': 132, 'dropout': 0.3173776553710004, 'hidden_continuous_size': 27, 'attention_head_size': 4, 'learning_rate': 0.02871623367398017}. Best is trial 51 with value: 38.212181091308594.
LOCAL_RANK: 0 - CUDA_VISIBLE_DEVICES: [0]
[I 2023-11-30 04:00:57,672] Trial 69 finished with value: 42.211395263671875 and parameters: {'gradient_clip_val': 0.2886074112222272, 'hidden_size': 149, 'dropout': 0.27154490387207686, 'hidden_continuous_size': 22, 'attention_head_size': 4, 'learning_rate': 0.024246776039669796}. Best is trial 51 with value: 38.212181091308594.
LOCAL_RANK: 0 - CUDA_VISIBLE_DEVICES: [0]
[I 2023-11-30 04:01:09,710] Trial 70 finished with value: 51.948638916015625 and parameters: {'gradient_clip_val': 0.22400700438278195, 'hidden_size': 16, 'dropout': 0.29482426686770113, 'hidden_continuous_size': 13, 'attention_head_size': 4, 'learning_rate': 0.03781187074779155}. Best is trial 51 with value: 38.212181091308594.
LOCAL_RANK: 0 - CUDA_VISIBLE_DEVICES: [0]
[I 2023-11-30 04:01:22,078] Trial 71 finished with value: 73.6291732788086 and parameters: {'gradient_clip_val': 0.31815818457658174, 'hidden_size': 13, 'dropout': 0.33328627094489427, 'hidden_continuous_size': 12, 'attention_head_size': 4, 'learning_rate': 0.03191895970058654}. Best is trial 51 with value: 38.212181091308594.
LOCAL_RANK: 0 - CUDA_VISIBLE_DEVICES: [0]
[I 2023-11-30 04:01:35,999] Trial 72 finished with value: 60.21389389038086 and parameters: {'gradient_clip_val': 0.35620173659302856, 'hidden_size': 124, 'dropout': 0.32558629656023863, 'hidden_continuous_size': 26, 'attention_head_size': 2, 'learning_rate': 0.045116583798325595}. Best is trial 51 with value: 38.212181091308594.
LOCAL_RANK: 0 - CUDA_VISIBLE_DEVICES: [0]
[I 2023-11-30 04:01:49,726] Trial 73 finished with value: 43.906890869140625 and parameters: {'gradient_clip_val': 0.29894409564350866, 'hidden_size': 103, 'dropout': 0.3449627923098419, 'hidden_continuous_size': 20, 'attention_head_size': 4, 'learning_rate': 0.053886337637282275}. Best is trial 51 with value: 38.212181091308594.
LOCAL_RANK: 0 - CUDA_VISIBLE_DEVICES: [0]
[I 2023-11-30 04:02:03,813] Trial 74 finished with value: 44.423580169677734 and parameters: {'gradient_clip_val': 0.26896656751926473, 'hidden_size': 138, 'dropout': 0.3125458896570659, 'hidden_continuous_size': 25, 'attention_head_size': 2, 'learning_rate': 0.037082448854183124}. Best is trial 51 with value: 38.212181091308594.
LOCAL_RANK: 0 - CUDA_VISIBLE_DEVICES: [0]
[I 2023-11-30 04:02:16,478] Trial 75 finished with value: 39.27532958984375 and parameters: {'gradient_clip_val': 0.32786812581760477, 'hidden_size': 56, 'dropout': 0.2639209943345076, 'hidden_continuous_size': 14, 'attention_head_size': 1, 'learning_rate': 0.02188455148771439}. Best is trial 51 with value: 38.212181091308594.
LOCAL_RANK: 0 - CUDA_VISIBLE_DEVICES: [0]
[I 2023-11-30 04:02:29,341] Trial 76 finished with value: 53.645748138427734 and parameters: {'gradient_clip_val': 0.3812221197697592, 'hidden_size': 50, 'dropout': 0.2697700521334496, 'hidden_continuous_size': 14, 'attention_head_size': 1, 'learning_rate': 0.021210522060332016}. Best is trial 51 with value: 38.212181091308594.
LOCAL_RANK: 0 - CUDA_VISIBLE_DEVICES: [0]
[I 2023-11-30 04:02:42,214] Trial 77 finished with value: 40.63124465942383 and parameters: {'gradient_clip_val': 0.33342550318169956, 'hidden_size': 55, 'dropout': 0.2598008932578004, 'hidden_continuous_size': 15, 'attention_head_size': 1, 'learning_rate': 0.029689067409400378}. Best is trial 51 with value: 38.212181091308594.
LOCAL_RANK: 0 - CUDA_VISIBLE_DEVICES: [0]
[I 2023-11-30 04:02:55,137] Trial 78 finished with value: 52.07341384887695 and parameters: {'gradient_clip_val': 0.32440211631707294, 'hidden_size': 57, 'dropout': 0.25755364786660556, 'hidden_continuous_size': 15, 'attention_head_size': 1, 'learning_rate': 0.029049707267485587}. Best is trial 51 with value: 38.212181091308594.
LOCAL_RANK: 0 - CUDA_VISIBLE_DEVICES: [0]
[I 2023-11-30 04:03:07,858] Trial 79 finished with value: 52.97283935546875 and parameters: {'gradient_clip_val': 0.2637070325029902, 'hidden_size': 45, 'dropout': 0.2634957050673511, 'hidden_continuous_size': 14, 'attention_head_size': 1, 'learning_rate': 0.027098953482066004}. Best is trial 51 with value: 38.212181091308594.
LOCAL_RANK: 0 - CUDA_VISIBLE_DEVICES: [0]
[I 2023-11-30 04:03:20,695] Trial 80 finished with value: 47.68967819213867 and parameters: {'gradient_clip_val': 0.2821090634861506, 'hidden_size': 55, 'dropout': 0.28412158957847283, 'hidden_continuous_size': 16, 'attention_head_size': 1, 'learning_rate': 0.03445679616963135}. Best is trial 51 with value: 38.212181091308594.
LOCAL_RANK: 0 - CUDA_VISIBLE_DEVICES: [0]
[I 2023-11-30 04:03:33,753] Trial 81 finished with value: 49.04594421386719 and parameters: {'gradient_clip_val': 0.3475712568472428, 'hidden_size': 69, 'dropout': 0.2770499442481124, 'hidden_continuous_size': 10, 'attention_head_size': 1, 'learning_rate': 0.021825759074834944}. Best is trial 51 with value: 38.212181091308594.
LOCAL_RANK: 0 - CUDA_VISIBLE_DEVICES: [0]
[I 2023-11-30 04:03:46,334] Trial 82 finished with value: 42.1171989440918 and parameters: {'gradient_clip_val': 0.401898696252128, 'hidden_size': 41, 'dropout': 0.28916010004733794, 'hidden_continuous_size': 15, 'attention_head_size': 1, 'learning_rate': 0.04370543508879518}. Best is trial 51 with value: 38.212181091308594.
LOCAL_RANK: 0 - CUDA_VISIBLE_DEVICES: [0]
[I 2023-11-30 04:03:59,188] Trial 83 finished with value: 47.28925704956055 and parameters: {'gradient_clip_val': 0.36370293072865273, 'hidden_size': 60, 'dropout': 0.24155958528719557, 'hidden_continuous_size': 13, 'attention_head_size': 1, 'learning_rate': 0.029388083954398188}. Best is trial 51 with value: 38.212181091308594.
LOCAL_RANK: 0 - CUDA_VISIBLE_DEVICES: [0]
[I 2023-11-30 04:04:11,964] Trial 84 finished with value: 43.42959213256836 and parameters: {'gradient_clip_val': 0.34009105404571727, 'hidden_size': 49, 'dropout': 0.299551823435539, 'hidden_continuous_size': 17, 'attention_head_size': 1, 'learning_rate': 0.03518663006989921}. Best is trial 51 with value: 38.212181091308594.
LOCAL_RANK: 0 - CUDA_VISIBLE_DEVICES: [0]
[I 2023-11-30 04:04:24,475] Trial 85 finished with value: 46.38444900512695 and parameters: {'gradient_clip_val': 0.4340408190770846, 'hidden_size': 44, 'dropout': 0.3497359533823465, 'hidden_continuous_size': 14, 'attention_head_size': 1, 'learning_rate': 0.040387238772482584}. Best is trial 51 with value: 38.212181091308594.
LOCAL_RANK: 0 - CUDA_VISIBLE_DEVICES: [0]
[I 2023-11-30 04:04:37,519] Trial 86 finished with value: 43.92527389526367 and parameters: {'gradient_clip_val': 0.2968024240626093, 'hidden_size': 54, 'dropout': 0.302666407441312, 'hidden_continuous_size': 16, 'attention_head_size': 1, 'learning_rate': 0.019926516843674285}. Best is trial 51 with value: 38.212181091308594.
LOCAL_RANK: 0 - CUDA_VISIBLE_DEVICES: [0]
[I 2023-11-30 04:04:50,572] Trial 87 finished with value: 39.9449348449707 and parameters: {'gradient_clip_val': 0.3187236874934095, 'hidden_size': 63, 'dropout': 0.36125495674261465, 'hidden_continuous_size': 11, 'attention_head_size': 4, 'learning_rate': 0.02412418198556944}. Best is trial 51 with value: 38.212181091308594.
LOCAL_RANK: 0 - CUDA_VISIBLE_DEVICES: [0]
[I 2023-11-30 04:05:03,692] Trial 88 finished with value: 47.49113464355469 and parameters: {'gradient_clip_val': 0.3208116176300723, 'hidden_size': 64, 'dropout': 0.3864034649725487, 'hidden_continuous_size': 12, 'attention_head_size': 4, 'learning_rate': 0.02502149716555233}. Best is trial 51 with value: 38.212181091308594.
LOCAL_RANK: 0 - CUDA_VISIBLE_DEVICES: [0]
[I 2023-11-30 04:05:16,316] Trial 89 finished with value: 51.55988693237305 and parameters: {'gradient_clip_val': 0.252636334326505, 'hidden_size': 37, 'dropout': 0.36168992491929247, 'hidden_continuous_size': 11, 'attention_head_size': 4, 'learning_rate': 0.03225011881333081}. Best is trial 51 with value: 38.212181091308594.
LOCAL_RANK: 0 - CUDA_VISIBLE_DEVICES: [0]
[I 2023-11-30 04:05:29,084] Trial 90 finished with value: 37.02791213989258 and parameters: {'gradient_clip_val': 0.2751875593080343, 'hidden_size': 52, 'dropout': 0.39401473248183805, 'hidden_continuous_size': 10, 'attention_head_size': 4, 'learning_rate': 0.02376506647632422}. Best is trial 90 with value: 37.02791213989258.
LOCAL_RANK: 0 - CUDA_VISIBLE_DEVICES: [0]
[I 2023-11-30 04:05:42,023] Trial 91 finished with value: 51.087493896484375 and parameters: {'gradient_clip_val': 0.298264783438737, 'hidden_size': 52, 'dropout': 0.3907544044940064, 'hidden_continuous_size': 10, 'attention_head_size': 4, 'learning_rate': 0.024670095726337937}. Best is trial 90 with value: 37.02791213989258.
LOCAL_RANK: 0 - CUDA_VISIBLE_DEVICES: [0]
[I 2023-11-30 04:05:55,158] Trial 92 finished with value: 40.30708694458008 and parameters: {'gradient_clip_val': 0.27512191827351484, 'hidden_size': 57, 'dropout': 0.3700105533148862, 'hidden_continuous_size': 13, 'attention_head_size': 4, 'learning_rate': 0.019217897041880636}. Best is trial 90 with value: 37.02791213989258.
LOCAL_RANK: 0 - CUDA_VISIBLE_DEVICES: [0]
[I 2023-11-30 04:06:08,318] Trial 93 finished with value: 43.28397750854492 and parameters: {'gradient_clip_val': 0.318675628659761, 'hidden_size': 58, 'dropout': 0.36950994310146695, 'hidden_continuous_size': 13, 'attention_head_size': 4, 'learning_rate': 0.01655630762559681}. Best is trial 90 with value: 37.02791213989258.
LOCAL_RANK: 0 - CUDA_VISIBLE_DEVICES: [0]
[I 2023-11-30 04:06:21,159] Trial 94 finished with value: 44.142704010009766 and parameters: {'gradient_clip_val': 0.2872780539978719, 'hidden_size': 43, 'dropout': 0.3981893785544612, 'hidden_continuous_size': 11, 'attention_head_size': 4, 'learning_rate': 0.02243020836151013}. Best is trial 90 with value: 37.02791213989258.
LOCAL_RANK: 0 - CUDA_VISIBLE_DEVICES: [0]
[I 2023-11-30 04:06:33,986] Trial 95 finished with value: 44.44467544555664 and parameters: {'gradient_clip_val': 0.3345117979257774, 'hidden_size': 48, 'dropout': 0.3809367090515306, 'hidden_continuous_size': 14, 'attention_head_size': 4, 'learning_rate': 0.025923134602919704}. Best is trial 90 with value: 37.02791213989258.
LOCAL_RANK: 0 - CUDA_VISIBLE_DEVICES: [0]
[I 2023-11-30 04:06:46,883] Trial 96 finished with value: 42.08388900756836 and parameters: {'gradient_clip_val': 0.37763159796604817, 'hidden_size': 52, 'dropout': 0.36890347873238194, 'hidden_continuous_size': 12, 'attention_head_size': 4, 'learning_rate': 0.019135873506284498}. Best is trial 90 with value: 37.02791213989258.
LOCAL_RANK: 0 - CUDA_VISIBLE_DEVICES: [0]
[I 2023-11-30 04:06:59,909] Trial 97 finished with value: 43.85757064819336 and parameters: {'gradient_clip_val': 0.31019471150081623, 'hidden_size': 63, 'dropout': 0.3580058296474191, 'hidden_continuous_size': 10, 'attention_head_size': 4, 'learning_rate': 0.015832897518494267}. Best is trial 90 with value: 37.02791213989258.
LOCAL_RANK: 0 - CUDA_VISIBLE_DEVICES: [0]
[I 2023-11-30 04:07:12,778] Trial 98 finished with value: 46.00111770629883 and parameters: {'gradient_clip_val': 0.24198401481282997, 'hidden_size': 39, 'dropout': 0.3906734082162664, 'hidden_continuous_size': 15, 'attention_head_size': 4, 'learning_rate': 0.020829688624414575}. Best is trial 90 with value: 37.02791213989258.
LOCAL_RANK: 0 - CUDA_VISIBLE_DEVICES: [0]
[I 2023-11-30 04:07:25,999] Trial 99 finished with value: 43.48933029174805 and parameters: {'gradient_clip_val': 0.2572270541505989, 'hidden_size': 71, 'dropout': 0.37548832622603673, 'hidden_continuous_size': 11, 'attention_head_size': 4, 'learning_rate': 0.018242352870875306}. Best is trial 90 with value: 37.02791213989258.
LOCAL_RANK: 0 - CUDA_VISIBLE_DEVICES: [0]
[I 2023-11-30 04:07:39,017] Trial 100 finished with value: 48.87922286987305 and parameters: {'gradient_clip_val': 0.28271409462606306, 'hidden_size': 62, 'dropout': 0.3652171534408854, 'hidden_continuous_size': 13, 'attention_head_size': 3, 'learning_rate': 0.023348132969504838}. Best is trial 90 with value: 37.02791213989258.
LOCAL_RANK: 0 - CUDA_VISIBLE_DEVICES: [0]
[I 2023-11-30 04:07:52,270] Trial 101 finished with value: 46.74361038208008 and parameters: {'gradient_clip_val': 0.2739942416604319, 'hidden_size': 66, 'dropout': 0.3532196653013596, 'hidden_continuous_size': 10, 'attention_head_size': 4, 'learning_rate': 0.027776506395464973}. Best is trial 90 with value: 37.02791213989258.
LOCAL_RANK: 0 - CUDA_VISIBLE_DEVICES: [0]
[I 2023-11-30 04:08:05,406] Trial 102 finished with value: 44.30246353149414 and parameters: {'gradient_clip_val': 0.26599355357058563, 'hidden_size': 55, 'dropout': 0.38452737330881426, 'hidden_continuous_size': 14, 'attention_head_size': 4, 'learning_rate': 0.03042325798038002}. Best is trial 90 with value: 37.02791213989258.
LOCAL_RANK: 0 - CUDA_VISIBLE_DEVICES: [0]
[I 2023-11-30 04:08:18,441] Trial 103 finished with value: 47.470916748046875 and parameters: {'gradient_clip_val': 0.33544958228857513, 'hidden_size': 60, 'dropout': 0.37334826107094765, 'hidden_continuous_size': 12, 'attention_head_size': 4, 'learning_rate': 0.04412006751832643}. Best is trial 90 with value: 37.02791213989258.
LOCAL_RANK: 0 - CUDA_VISIBLE_DEVICES: [0]
[I 2023-11-30 04:08:31,496] Trial 104 finished with value: 38.20851516723633 and parameters: {'gradient_clip_val': 0.30494161619102933, 'hidden_size': 47, 'dropout': 0.3999260331179619, 'hidden_continuous_size': 16, 'attention_head_size': 4, 'learning_rate': 0.04824982663285152}. Best is trial 90 with value: 37.02791213989258.
LOCAL_RANK: 0 - CUDA_VISIBLE_DEVICES: [0]
[I 2023-11-30 04:08:44,443] Trial 105 finished with value: 45.68385314941406 and parameters: {'gradient_clip_val': 0.29793944010035406, 'hidden_size': 45, 'dropout': 0.39884591041384987, 'hidden_continuous_size': 15, 'attention_head_size': 4, 'learning_rate': 0.039744162416055974}. Best is trial 90 with value: 37.02791213989258.
LOCAL_RANK: 0 - CUDA_VISIBLE_DEVICES: [0]
[I 2023-11-30 04:08:57,673] Trial 106 finished with value: 49.34040451049805 and parameters: {'gradient_clip_val': 0.34813476790611325, 'hidden_size': 50, 'dropout': 0.38619355392767607, 'hidden_continuous_size': 16, 'attention_head_size': 4, 'learning_rate': 0.05713645906463832}. Best is trial 90 with value: 37.02791213989258.
LOCAL_RANK: 0 - CUDA_VISIBLE_DEVICES: [0]
[I 2023-11-30 04:09:10,383] Trial 107 finished with value: 45.538330078125 and parameters: {'gradient_clip_val': 0.3119470919650512, 'hidden_size': 41, 'dropout': 0.39227774341470273, 'hidden_continuous_size': 18, 'attention_head_size': 1, 'learning_rate': 0.03465090459740616}. Best is trial 90 with value: 37.02791213989258.
LOCAL_RANK: 0 - CUDA_VISIBLE_DEVICES: [0]
[I 2023-11-30 04:09:23,404] Trial 108 finished with value: 40.57365036010742 and parameters: {'gradient_clip_val': 0.3978408743716959, 'hidden_size': 46, 'dropout': 0.35886744176705665, 'hidden_continuous_size': 17, 'attention_head_size': 4, 'learning_rate': 0.05045734480862763}. Best is trial 90 with value: 37.02791213989258.
LOCAL_RANK: 0 - CUDA_VISIBLE_DEVICES: [0]
[I 2023-11-30 04:09:36,263] Trial 109 finished with value: 46.57741165161133 and parameters: {'gradient_clip_val': 0.3889957858889883, 'hidden_size': 47, 'dropout': 0.36238109961518916, 'hidden_continuous_size': 17, 'attention_head_size': 4, 'learning_rate': 0.04930395129624654}. Best is trial 90 with value: 37.02791213989258.
LOCAL_RANK: 0 - CUDA_VISIBLE_DEVICES: [0]
[I 2023-11-30 04:09:48,819] Trial 110 finished with value: 54.3984489440918 and parameters: {'gradient_clip_val': 0.3687755772885692, 'hidden_size': 36, 'dropout': 0.37402449577374636, 'hidden_continuous_size': 17, 'attention_head_size': 4, 'learning_rate': 0.06739430753945805}. Best is trial 90 with value: 37.02791213989258.
LOCAL_RANK: 0 - CUDA_VISIBLE_DEVICES: [0]
[I 2023-11-30 04:10:01,850] Trial 111 finished with value: 50.51594924926758 and parameters: {'gradient_clip_val': 0.33079161504023924, 'hidden_size': 52, 'dropout': 0.3794650206798444, 'hidden_continuous_size': 15, 'attention_head_size': 4, 'learning_rate': 0.05256777666237363}. Best is trial 90 with value: 37.02791213989258.
LOCAL_RANK: 0 - CUDA_VISIBLE_DEVICES: [0]
[I 2023-11-30 04:10:14,682] Trial 112 finished with value: 50.041561126708984 and parameters: {'gradient_clip_val': 0.35101412318932645, 'hidden_size': 43, 'dropout': 0.3530063055481394, 'hidden_continuous_size': 16, 'attention_head_size': 4, 'learning_rate': 0.056793035578544565}. Best is trial 90 with value: 37.02791213989258.
LOCAL_RANK: 0 - CUDA_VISIBLE_DEVICES: [0]
[I 2023-11-30 04:10:27,732] Trial 113 finished with value: 43.61836624145508 and parameters: {'gradient_clip_val': 0.3157687465726671, 'hidden_size': 56, 'dropout': 0.33401213139639563, 'hidden_continuous_size': 19, 'attention_head_size': 4, 'learning_rate': 0.037034724531871274}. Best is trial 90 with value: 37.02791213989258.
LOCAL_RANK: 0 - CUDA_VISIBLE_DEVICES: [0]
[I 2023-11-30 04:10:40,515] Trial 114 finished with value: 46.60664749145508 and parameters: {'gradient_clip_val': 0.4126254928801908, 'hidden_size': 46, 'dropout': 0.3451155290908666, 'hidden_continuous_size': 14, 'attention_head_size': 4, 'learning_rate': 0.0826486568044493}. Best is trial 90 with value: 37.02791213989258.
LOCAL_RANK: 0 - CUDA_VISIBLE_DEVICES: [0]
[I 2023-11-30 04:10:53,485] Trial 115 finished with value: 44.55367660522461 and parameters: {'gradient_clip_val': 0.29046609633314113, 'hidden_size': 49, 'dropout': 0.3610295360522237, 'hidden_continuous_size': 13, 'attention_head_size': 4, 'learning_rate': 0.03206244139084659}. Best is trial 90 with value: 37.02791213989258.
LOCAL_RANK: 0 - CUDA_VISIBLE_DEVICES: [0]
[I 2023-11-30 04:11:06,637] Trial 116 finished with value: 51.7406120300293 and parameters: {'gradient_clip_val': 0.38773018362820844, 'hidden_size': 58, 'dropout': 0.3680957955273984, 'hidden_continuous_size': 18, 'attention_head_size': 1, 'learning_rate': 0.0630009164613899}. Best is trial 90 with value: 37.02791213989258.
LOCAL_RANK: 0 - CUDA_VISIBLE_DEVICES: [0]
[I 2023-11-30 04:11:19,596] Trial 117 finished with value: 47.9960823059082 and parameters: {'gradient_clip_val': 0.32549339109201325, 'hidden_size': 54, 'dropout': 0.3917939096100044, 'hidden_continuous_size': 11, 'attention_head_size': 4, 'learning_rate': 0.026443335953439544}. Best is trial 90 with value: 37.02791213989258.
LOCAL_RANK: 0 - CUDA_VISIBLE_DEVICES: [0]
[I 2023-11-30 04:11:32,176] Trial 118 finished with value: 52.533294677734375 and parameters: {'gradient_clip_val': 0.3716510532960948, 'hidden_size': 30, 'dropout': 0.3804719070540452, 'hidden_continuous_size': 15, 'attention_head_size': 3, 'learning_rate': 0.04089963977630203}. Best is trial 90 with value: 37.02791213989258.
LOCAL_RANK: 0 - CUDA_VISIBLE_DEVICES: [0]
[I 2023-11-30 04:11:45,773] Trial 119 finished with value: 43.07975387573242 and parameters: {'gradient_clip_val': 0.3037440132115556, 'hidden_size': 86, 'dropout': 0.3209110134265554, 'hidden_continuous_size': 18, 'attention_head_size': 4, 'learning_rate': 0.019046087455195204}. Best is trial 90 with value: 37.02791213989258.
LOCAL_RANK: 0 - CUDA_VISIBLE_DEVICES: [0]
[I 2023-11-30 04:11:58,857] Trial 120 finished with value: 58.12030029296875 and parameters: {'gradient_clip_val': 0.3460397530153891, 'hidden_size': 72, 'dropout': 0.34290643659997644, 'hidden_continuous_size': 16, 'attention_head_size': 1, 'learning_rate': 0.04622825707492443}. Best is trial 90 with value: 37.02791213989258.
LOCAL_RANK: 0 - CUDA_VISIBLE_DEVICES: [0]
