[I 2023-11-30 13:58:34,918] Trial 112 finished with value: 189.2698211669922 and parameters: {'gradient_clip_val': 0.671106526255909, 'hidden_size': 46, 'dropout': 0.15166147568388713, 'hidden_continuous_size': 22, 'attention_head_size': 1, 'learning_rate': 0.010239772298293648}. Best is trial 91 with value: 166.9946746826172.
LOCAL_RANK: 0 - CUDA_VISIBLE_DEVICES: [0]
[I 2023-11-30 13:58:47,619] Trial 113 finished with value: 193.9359130859375 and parameters: {'gradient_clip_val': 0.7307989915231283, 'hidden_size': 36, 'dropout': 0.1671102595963886, 'hidden_continuous_size': 24, 'attention_head_size': 1, 'learning_rate': 0.012492714635918823}. Best is trial 91 with value: 166.9946746826172.
LOCAL_RANK: 0 - CUDA_VISIBLE_DEVICES: [0]
[I 2023-11-30 13:59:00,597] Trial 114 finished with value: 178.58795166015625 and parameters: {'gradient_clip_val': 0.596736343131139, 'hidden_size': 51, 'dropout': 0.18455900591358218, 'hidden_continuous_size': 26, 'attention_head_size': 1, 'learning_rate': 0.01566980194364796}. Best is trial 91 with value: 166.9946746826172.
LOCAL_RANK: 0 - CUDA_VISIBLE_DEVICES: [0]
[I 2023-11-30 13:59:13,375] Trial 115 finished with value: 201.79798889160156 and parameters: {'gradient_clip_val': 0.5563788535571583, 'hidden_size': 43, 'dropout': 0.14813562746381648, 'hidden_continuous_size': 25, 'attention_head_size': 1, 'learning_rate': 0.02720409026331554}. Best is trial 91 with value: 166.9946746826172.
LOCAL_RANK: 0 - CUDA_VISIBLE_DEVICES: [0]
[I 2023-11-30 13:59:26,132] Trial 116 finished with value: 195.25445556640625 and parameters: {'gradient_clip_val': 0.6356686627841578, 'hidden_size': 48, 'dropout': 0.1576162501462264, 'hidden_continuous_size': 20, 'attention_head_size': 1, 'learning_rate': 0.01145868155935251}. Best is trial 91 with value: 166.9946746826172.
LOCAL_RANK: 0 - CUDA_VISIBLE_DEVICES: [0]
[I 2023-11-30 13:59:39,316] Trial 117 finished with value: 194.25413513183594 and parameters: {'gradient_clip_val': 0.7733856306602697, 'hidden_size': 55, 'dropout': 0.20525273758563312, 'hidden_continuous_size': 28, 'attention_head_size': 1, 'learning_rate': 0.013909607536791654}. Best is trial 91 with value: 166.9946746826172.
LOCAL_RANK: 0 - CUDA_VISIBLE_DEVICES: [0]
[I 2023-11-30 13:59:52,060] Trial 118 finished with value: 181.36175537109375 and parameters: {'gradient_clip_val': 0.9063744739699152, 'hidden_size': 31, 'dropout': 0.13737128560390105, 'hidden_continuous_size': 23, 'attention_head_size': 1, 'learning_rate': 0.009058629479071358}. Best is trial 91 with value: 166.9946746826172.
LOCAL_RANK: 0 - CUDA_VISIBLE_DEVICES: [0]
[I 2023-11-30 14:00:04,634] Trial 119 finished with value: 219.8776397705078 and parameters: {'gradient_clip_val': 0.6984213986997275, 'hidden_size': 29, 'dropout': 0.17380654388364478, 'hidden_continuous_size': 24, 'attention_head_size': 1, 'learning_rate': 0.02918490829846497}. Best is trial 91 with value: 166.9946746826172.
LOCAL_RANK: 0 - CUDA_VISIBLE_DEVICES: [0]
[I 2023-11-30 14:00:17,337] Trial 120 finished with value: 211.97808837890625 and parameters: {'gradient_clip_val': 0.5792893157980928, 'hidden_size': 39, 'dropout': 0.16314369990873684, 'hidden_continuous_size': 22, 'attention_head_size': 1, 'learning_rate': 0.022843843742903096}. Best is trial 91 with value: 166.9946746826172.
LOCAL_RANK: 0 - CUDA_VISIBLE_DEVICES: [0]
[I 2023-11-30 14:00:30,170] Trial 121 finished with value: 179.42120361328125 and parameters: {'gradient_clip_val': 0.5372685446124975, 'hidden_size': 45, 'dropout': 0.10943130747757872, 'hidden_continuous_size': 30, 'attention_head_size': 1, 'learning_rate': 0.009609065368967164}. Best is trial 91 with value: 166.9946746826172.
LOCAL_RANK: 0 - CUDA_VISIBLE_DEVICES: [0]
[I 2023-11-30 14:00:42,908] Trial 122 finished with value: 163.9200897216797 and parameters: {'gradient_clip_val': 0.5890203501882172, 'hidden_size': 43, 'dropout': 0.12332115847447706, 'hidden_continuous_size': 27, 'attention_head_size': 1, 'learning_rate': 0.010480951851861816}. Best is trial 122 with value: 163.9200897216797.
LOCAL_RANK: 0 - CUDA_VISIBLE_DEVICES: [0]
[I 2023-11-30 14:00:55,654] Trial 123 finished with value: 211.7313995361328 and parameters: {'gradient_clip_val': 0.6382804070474934, 'hidden_size': 36, 'dropout': 0.12968043264877177, 'hidden_continuous_size': 27, 'attention_head_size': 1, 'learning_rate': 0.010638796307122804}. Best is trial 122 with value: 163.9200897216797.
LOCAL_RANK: 0 - CUDA_VISIBLE_DEVICES: [0]
[I 2023-11-30 14:01:08,205] Trial 124 finished with value: 188.0371856689453 and parameters: {'gradient_clip_val': 0.6696019672146661, 'hidden_size': 40, 'dropout': 0.14060981586607668, 'hidden_continuous_size': 26, 'attention_head_size': 1, 'learning_rate': 0.012316653498695564}. Best is trial 122 with value: 163.9200897216797.
LOCAL_RANK: 0 - CUDA_VISIBLE_DEVICES: [0]
[I 2023-11-30 14:01:20,838] Trial 125 finished with value: 198.3485870361328 and parameters: {'gradient_clip_val': 0.6135847694934958, 'hidden_size': 34, 'dropout': 0.12234025969674457, 'hidden_continuous_size': 27, 'attention_head_size': 1, 'learning_rate': 0.00870629217756593}. Best is trial 122 with value: 163.9200897216797.
LOCAL_RANK: 0 - CUDA_VISIBLE_DEVICES: [0]
[I 2023-11-30 14:01:33,869] Trial 126 finished with value: 216.51806640625 and parameters: {'gradient_clip_val': 0.74012409916887, 'hidden_size': 58, 'dropout': 0.13382527798541285, 'hidden_continuous_size': 21, 'attention_head_size': 1, 'learning_rate': 0.007202745853593754}. Best is trial 122 with value: 163.9200897216797.
LOCAL_RANK: 0 - CUDA_VISIBLE_DEVICES: [0]
[I 2023-11-30 14:01:46,746] Trial 127 finished with value: 193.8286590576172 and parameters: {'gradient_clip_val': 0.4823215419458581, 'hidden_size': 49, 'dropout': 0.14488058205151555, 'hidden_continuous_size': 25, 'attention_head_size': 1, 'learning_rate': 0.014467148413112673}. Best is trial 122 with value: 163.9200897216797.
LOCAL_RANK: 0 - CUDA_VISIBLE_DEVICES: [0]
[I 2023-11-30 14:01:59,694] Trial 128 finished with value: 177.18174743652344 and parameters: {'gradient_clip_val': 0.5850352259088656, 'hidden_size': 42, 'dropout': 0.15510796029392757, 'hidden_continuous_size': 24, 'attention_head_size': 1, 'learning_rate': 0.011356791325302427}. Best is trial 122 with value: 163.9200897216797.
LOCAL_RANK: 0 - CUDA_VISIBLE_DEVICES: [0]
[I 2023-11-30 14:02:12,086] Trial 129 finished with value: 351.2709045410156 and parameters: {'gradient_clip_val': 0.5303339889732502, 'hidden_size': 25, 'dropout': 0.15439096549332898, 'hidden_continuous_size': 24, 'attention_head_size': 2, 'learning_rate': 0.008111683446946679}. Best is trial 122 with value: 163.9200897216797.
LOCAL_RANK: 0 - CUDA_VISIBLE_DEVICES: [0]
[I 2023-11-30 14:02:25,000] Trial 130 finished with value: 186.0316162109375 and parameters: {'gradient_clip_val': 0.584486920620374, 'hidden_size': 38, 'dropout': 0.16786393385383383, 'hidden_continuous_size': 26, 'attention_head_size': 4, 'learning_rate': 0.010469192065644747}. Best is trial 122 with value: 163.9200897216797.
LOCAL_RANK: 0 - CUDA_VISIBLE_DEVICES: [0]
[I 2023-11-30 14:02:37,476] Trial 131 finished with value: 181.0679931640625 and parameters: {'gradient_clip_val': 0.5628304140519983, 'hidden_size': 40, 'dropout': 0.15159647290019374, 'hidden_continuous_size': 23, 'attention_head_size': 1, 'learning_rate': 0.01175140120439139}. Best is trial 122 with value: 163.9200897216797.
LOCAL_RANK: 0 - CUDA_VISIBLE_DEVICES: [0]
[I 2023-11-30 14:02:50,284] Trial 132 finished with value: 183.6536407470703 and parameters: {'gradient_clip_val': 0.6425171985054592, 'hidden_size': 46, 'dropout': 0.180947482540175, 'hidden_continuous_size': 28, 'attention_head_size': 1, 'learning_rate': 0.01336895416309681}. Best is trial 122 with value: 163.9200897216797.
LOCAL_RANK: 0 - CUDA_VISIBLE_DEVICES: [0]
[I 2023-11-30 14:03:03,288] Trial 133 finished with value: 184.3321075439453 and parameters: {'gradient_clip_val': 0.6943894831202866, 'hidden_size': 43, 'dropout': 0.15950019374609972, 'hidden_continuous_size': 22, 'attention_head_size': 1, 'learning_rate': 0.010937411571028729}. Best is trial 122 with value: 163.9200897216797.
LOCAL_RANK: 0 - CUDA_VISIBLE_DEVICES: [0]
[I 2023-11-30 14:03:15,931] Trial 134 finished with value: 185.7061767578125 and parameters: {'gradient_clip_val': 0.6076850925154421, 'hidden_size': 42, 'dropout': 0.18875774438964776, 'hidden_continuous_size': 25, 'attention_head_size': 1, 'learning_rate': 0.009822740624657352}. Best is trial 122 with value: 163.9200897216797.
LOCAL_RANK: 0 - CUDA_VISIBLE_DEVICES: [0]
[I 2023-11-30 14:03:28,629] Trial 135 finished with value: 176.898193359375 and parameters: {'gradient_clip_val': 0.5115618083612602, 'hidden_size': 37, 'dropout': 0.1730888966082082, 'hidden_continuous_size': 24, 'attention_head_size': 1, 'learning_rate': 0.01575138450677256}. Best is trial 122 with value: 163.9200897216797.
LOCAL_RANK: 0 - CUDA_VISIBLE_DEVICES: [0]
[I 2023-11-30 14:03:40,974] Trial 136 finished with value: 162.66485595703125 and parameters: {'gradient_clip_val': 0.4958969628673533, 'hidden_size': 32, 'dropout': 0.17204401871542246, 'hidden_continuous_size': 24, 'attention_head_size': 1, 'learning_rate': 0.017397209084334116}. Best is trial 136 with value: 162.66485595703125.
LOCAL_RANK: 0 - CUDA_VISIBLE_DEVICES: [0]
[I 2023-11-30 14:03:53,582] Trial 137 finished with value: 178.06915283203125 and parameters: {'gradient_clip_val': 0.49986158666966335, 'hidden_size': 33, 'dropout': 0.17656657998586106, 'hidden_continuous_size': 24, 'attention_head_size': 1, 'learning_rate': 0.017310136575502354}. Best is trial 136 with value: 162.66485595703125.
LOCAL_RANK: 0 - CUDA_VISIBLE_DEVICES: [0]
[I 2023-11-30 14:04:06,379] Trial 138 finished with value: 247.1284942626953 and parameters: {'gradient_clip_val': 0.46354822582821464, 'hidden_size': 35, 'dropout': 0.17063839384294396, 'hidden_continuous_size': 24, 'attention_head_size': 1, 'learning_rate': 0.020162150530859117}. Best is trial 136 with value: 162.66485595703125.
LOCAL_RANK: 0 - CUDA_VISIBLE_DEVICES: [0]
[I 2023-11-30 14:04:18,538] Trial 139 finished with value: 186.90838623046875 and parameters: {'gradient_clip_val': 0.5041388303783418, 'hidden_size': 28, 'dropout': 0.1933599331028871, 'hidden_continuous_size': 17, 'attention_head_size': 1, 'learning_rate': 0.016173133727704538}. Best is trial 136 with value: 162.66485595703125.
LOCAL_RANK: 0 - CUDA_VISIBLE_DEVICES: [0]
[I 2023-11-30 14:04:31,130] Trial 140 finished with value: 180.3307342529297 and parameters: {'gradient_clip_val': 0.9974973811055076, 'hidden_size': 31, 'dropout': 0.16313646024620782, 'hidden_continuous_size': 25, 'attention_head_size': 1, 'learning_rate': 0.025809786747100435}. Best is trial 136 with value: 162.66485595703125.
LOCAL_RANK: 0 - CUDA_VISIBLE_DEVICES: [0]
[I 2023-11-30 14:04:43,720] Trial 141 finished with value: 207.1280059814453 and parameters: {'gradient_clip_val': 0.5477860058393264, 'hidden_size': 37, 'dropout': 0.17163122943476267, 'hidden_continuous_size': 27, 'attention_head_size': 1, 'learning_rate': 0.018165188092874603}. Best is trial 136 with value: 162.66485595703125.
LOCAL_RANK: 0 - CUDA_VISIBLE_DEVICES: [0]
[I 2023-11-30 14:04:56,186] Trial 142 finished with value: 197.4293670654297 and parameters: {'gradient_clip_val': 0.5183814769015207, 'hidden_size': 33, 'dropout': 0.18320047770020134, 'hidden_continuous_size': 25, 'attention_head_size': 1, 'learning_rate': 0.023494637674396752}. Best is trial 136 with value: 162.66485595703125.
LOCAL_RANK: 0 - CUDA_VISIBLE_DEVICES: [0]
[I 2023-11-30 14:05:08,895] Trial 143 finished with value: 206.5707550048828 and parameters: {'gradient_clip_val': 0.5729046241465292, 'hidden_size': 37, 'dropout': 0.15541109150401955, 'hidden_continuous_size': 26, 'attention_head_size': 1, 'learning_rate': 0.014958131162406556}. Best is trial 136 with value: 162.66485595703125.
LOCAL_RANK: 0 - CUDA_VISIBLE_DEVICES: [0]
[I 2023-11-30 14:05:21,610] Trial 144 finished with value: 187.8336639404297 and parameters: {'gradient_clip_val': 0.48184655971384943, 'hidden_size': 30, 'dropout': 0.14758931742071354, 'hidden_continuous_size': 24, 'attention_head_size': 1, 'learning_rate': 0.013566336468206118}. Best is trial 136 with value: 162.66485595703125.
LOCAL_RANK: 0 - CUDA_VISIBLE_DEVICES: [0]
[I 2023-11-30 14:05:35,545] Trial 145 finished with value: 187.4907684326172 and parameters: {'gradient_clip_val': 0.6727500462625644, 'hidden_size': 35, 'dropout': 0.16143790611751033, 'hidden_continuous_size': 23, 'attention_head_size': 1, 'learning_rate': 0.01265997710274642}. Best is trial 136 with value: 162.66485595703125.
LOCAL_RANK: 0 - CUDA_VISIBLE_DEVICES: [0]
[I 2023-11-30 14:05:48,047] Trial 146 finished with value: 220.1645050048828 and parameters: {'gradient_clip_val': 0.9370815180547513, 'hidden_size': 38, 'dropout': 0.17788060703674807, 'hidden_continuous_size': 23, 'attention_head_size': 1, 'learning_rate': 0.01933763047871383}. Best is trial 136 with value: 162.66485595703125.
LOCAL_RANK: 0 - CUDA_VISIBLE_DEVICES: [0]
[I 2023-11-30 14:06:00,568] Trial 147 finished with value: 195.9992218017578 and parameters: {'gradient_clip_val': 0.536146258213616, 'hidden_size': 44, 'dropout': 0.1676586673292266, 'hidden_continuous_size': 29, 'attention_head_size': 1, 'learning_rate': 0.01599808767511399}. Best is trial 136 with value: 162.66485595703125.
LOCAL_RANK: 0 - CUDA_VISIBLE_DEVICES: [0]
[I 2023-11-30 14:06:13,089] Trial 148 finished with value: 180.0127410888672 and parameters: {'gradient_clip_val': 0.4453264775523848, 'hidden_size': 26, 'dropout': 0.1436420765321973, 'hidden_continuous_size': 25, 'attention_head_size': 1, 'learning_rate': 0.021806936965366903}. Best is trial 136 with value: 162.66485595703125.
LOCAL_RANK: 0 - CUDA_VISIBLE_DEVICES: [0]
[I 2023-11-30 14:06:25,502] Trial 149 finished with value: 224.8092041015625 and parameters: {'gradient_clip_val': 0.567507536808786, 'hidden_size': 32, 'dropout': 0.15570515334297833, 'hidden_continuous_size': 26, 'attention_head_size': 1, 'learning_rate': 0.009175306054123911}. Best is trial 136 with value: 162.66485595703125.
[I 2023-11-30 14:06:25,631] A new study created in memory with name: no-name-f3e0910b-6b81-4cd8-8a6d-876689f16931
/home/le004/conda/anaconda3/envs/tsff_env/lib/python3.9/site-packages/lightning/fabric/plugins/environments/slurm.py:191: The `srun` command is available on your system but is not used. HINT: If your intention is to run Lightning on SLURM, prepend your python command with `srun` like so: srun python /home/le004/master_thesis/git/TSFusionForecast/code/ ...
LOCAL_RANK: 0 - CUDA_VISIBLE_DEVICES: [0]
[I 2023-11-30 14:06:37,697] Trial 0 finished with value: 565.5587768554688 and parameters: {'gradient_clip_val': 0.3691832878573077, 'hidden_size': 14, 'dropout': 0.11107800496142431, 'hidden_continuous_size': 12, 'attention_head_size': 1, 'learning_rate': 0.00382246075779362}. Best is trial 0 with value: 565.5587768554688.
LOCAL_RANK: 0 - CUDA_VISIBLE_DEVICES: [0]
[I 2023-11-30 14:06:49,806] Trial 1 finished with value: 201.40492248535156 and parameters: {'gradient_clip_val': 0.1762876952148869, 'hidden_size': 15, 'dropout': 0.15408785212916726, 'hidden_continuous_size': 11, 'attention_head_size': 3, 'learning_rate': 0.056982392203300626}. Best is trial 1 with value: 201.40492248535156.
LOCAL_RANK: 0 - CUDA_VISIBLE_DEVICES: [0]
[I 2023-11-30 14:07:01,907] Trial 2 finished with value: 196.25157165527344 and parameters: {'gradient_clip_val': 0.3171503283820189, 'hidden_size': 11, 'dropout': 0.17794982114779812, 'hidden_continuous_size': 10, 'attention_head_size': 2, 'learning_rate': 0.09478237240418005}. Best is trial 2 with value: 196.25157165527344.
LOCAL_RANK: 0 - CUDA_VISIBLE_DEVICES: [0]
[I 2023-11-30 14:07:12,493] Trial 3 finished with value: 779.1959838867188 and parameters: {'gradient_clip_val': 0.8525681608610387, 'hidden_size': 11, 'dropout': 0.12749207765752463, 'hidden_continuous_size': 11, 'attention_head_size': 4, 'learning_rate': 0.0010378474666878715}. Best is trial 2 with value: 196.25157165527344.
LOCAL_RANK: 0 - CUDA_VISIBLE_DEVICES: [0]
[I 2023-11-30 14:07:25,178] Trial 4 finished with value: 790.97314453125 and parameters: {'gradient_clip_val': 0.5273877618919478, 'hidden_size': 29, 'dropout': 0.3167421303504802, 'hidden_continuous_size': 19, 'attention_head_size': 4, 'learning_rate': 0.001720088745921929}. Best is trial 2 with value: 196.25157165527344.
LOCAL_RANK: 0 - CUDA_VISIBLE_DEVICES: [0]
[I 2023-11-30 14:07:39,243] Trial 5 finished with value: 177.5197296142578 and parameters: {'gradient_clip_val': 0.5285784409801288, 'hidden_size': 145, 'dropout': 0.30603278627439484, 'hidden_continuous_size': 10, 'attention_head_size': 4, 'learning_rate': 0.009942424545114112}. Best is trial 5 with value: 177.5197296142578.
LOCAL_RANK: 0 - CUDA_VISIBLE_DEVICES: [0]
[I 2023-11-30 14:07:53,504] Trial 6 finished with value: 185.68408203125 and parameters: {'gradient_clip_val': 0.44465043474799837, 'hidden_size': 144, 'dropout': 0.3823842105047365, 'hidden_continuous_size': 46, 'attention_head_size': 4, 'learning_rate': 0.08275420870803187}. Best is trial 5 with value: 177.5197296142578.
LOCAL_RANK: 0 - CUDA_VISIBLE_DEVICES: [0]
[I 2023-11-30 14:08:06,568] Trial 7 finished with value: 183.4647216796875 and parameters: {'gradient_clip_val': 0.203379825181037, 'hidden_size': 88, 'dropout': 0.33645665550505566, 'hidden_continuous_size': 10, 'attention_head_size': 1, 'learning_rate': 0.08316964926189366}. Best is trial 5 with value: 177.5197296142578.
LOCAL_RANK: 0 - CUDA_VISIBLE_DEVICES: [0]
[I 2023-11-30 14:08:20,764] Trial 8 finished with value: 161.75990295410156 and parameters: {'gradient_clip_val': 0.6897097843432112, 'hidden_size': 146, 'dropout': 0.15739995077894192, 'hidden_continuous_size': 43, 'attention_head_size': 1, 'learning_rate': 0.001622028444814811}. Best is trial 8 with value: 161.75990295410156.
LOCAL_RANK: 0 - CUDA_VISIBLE_DEVICES: [0]
[I 2023-11-30 14:08:34,845] Trial 9 finished with value: 167.06727600097656 and parameters: {'gradient_clip_val': 0.2515167130272371, 'hidden_size': 150, 'dropout': 0.11428816024747913, 'hidden_continuous_size': 10, 'attention_head_size': 2, 'learning_rate': 0.020282246701673803}. Best is trial 8 with value: 161.75990295410156.
LOCAL_RANK: 0 - CUDA_VISIBLE_DEVICES: [0]
[I 2023-11-30 14:08:48,121] Trial 10 finished with value: 266.2353820800781 and parameters: {'gradient_clip_val': 0.1250202476039266, 'hidden_size': 60, 'dropout': 0.2115355075785417, 'hidden_continuous_size': 58, 'attention_head_size': 1, 'learning_rate': 0.0031697194015153788}. Best is trial 8 with value: 161.75990295410156.
LOCAL_RANK: 0 - CUDA_VISIBLE_DEVICES: [0]
[I 2023-11-30 14:09:01,665] Trial 11 finished with value: 199.103271484375 and parameters: {'gradient_clip_val': 0.8925582612417006, 'hidden_size': 90, 'dropout': 0.10049413826729392, 'hidden_continuous_size': 32, 'attention_head_size': 2, 'learning_rate': 0.0182329884715496}. Best is trial 8 with value: 161.75990295410156.
LOCAL_RANK: 0 - CUDA_VISIBLE_DEVICES: [0]
[I 2023-11-30 14:09:16,082] Trial 12 finished with value: 193.11767578125 and parameters: {'gradient_clip_val': 0.2518987969140932, 'hidden_size': 140, 'dropout': 0.20000100405710508, 'hidden_continuous_size': 99, 'attention_head_size': 2, 'learning_rate': 0.012237995952996978}. Best is trial 8 with value: 161.75990295410156.
LOCAL_RANK: 0 - CUDA_VISIBLE_DEVICES: [0]
[I 2023-11-30 14:09:28,936] Trial 13 finished with value: 255.3199005126953 and parameters: {'gradient_clip_val': 0.6425221105125839, 'hidden_size': 45, 'dropout': 0.14514950062892432, 'hidden_continuous_size': 16, 'attention_head_size': 3, 'learning_rate': 0.028130090629720984}. Best is trial 8 with value: 161.75990295410156.
LOCAL_RANK: 0 - CUDA_VISIBLE_DEVICES: [0]
[I 2023-11-30 14:09:42,377] Trial 14 finished with value: 184.520263671875 and parameters: {'gradient_clip_val': 0.28914021523945677, 'hidden_size': 88, 'dropout': 0.24595342283323202, 'hidden_continuous_size': 24, 'attention_head_size': 1, 'learning_rate': 0.0059897047727676435}. Best is trial 8 with value: 161.75990295410156.
LOCAL_RANK: 0 - CUDA_VISIBLE_DEVICES: [0]
[I 2023-11-30 14:09:56,140] Trial 15 finished with value: 174.8205108642578 and parameters: {'gradient_clip_val': 0.4131084040323399, 'hidden_size': 102, 'dropout': 0.15320518051841894, 'hidden_continuous_size': 30, 'attention_head_size': 2, 'learning_rate': 0.029692227530894105}. Best is trial 8 with value: 161.75990295410156.
LOCAL_RANK: 0 - CUDA_VISIBLE_DEVICES: [0]
[I 2023-11-30 14:10:09,201] Trial 16 finished with value: 172.1402587890625 and parameters: {'gradient_clip_val': 0.7308252312182775, 'hidden_size': 60, 'dropout': 0.10120328381061744, 'hidden_continuous_size': 14, 'attention_head_size': 3, 'learning_rate': 0.006971924502991072}. Best is trial 8 with value: 161.75990295410156.
LOCAL_RANK: 0 - CUDA_VISIBLE_DEVICES: [0]
[I 2023-11-30 14:10:22,732] Trial 17 finished with value: 198.1371612548828 and parameters: {'gradient_clip_val': 0.9471223019419485, 'hidden_size': 108, 'dropout': 0.1788019828678893, 'hidden_continuous_size': 20, 'attention_head_size': 1, 'learning_rate': 0.002696258743324077}. Best is trial 8 with value: 161.75990295410156.
LOCAL_RANK: 0 - CUDA_VISIBLE_DEVICES: [0]
[I 2023-11-30 14:10:36,061] Trial 18 finished with value: 351.4413146972656 and parameters: {'gradient_clip_val': 0.5688329252946592, 'hidden_size': 68, 'dropout': 0.13440943171310613, 'hidden_continuous_size': 15, 'attention_head_size': 2, 'learning_rate': 0.0012931293154208622}. Best is trial 8 with value: 161.75990295410156.
LOCAL_RANK: 0 - CUDA_VISIBLE_DEVICES: [0]
