[I 2023-11-29 22:56:32,124] Trial 8 finished with value: 2069.236328125 and parameters: {'gradient_clip_val': 0.8743754490786583, 'hidden_size': 80, 'dropout': 0.10009517950850555, 'hidden_continuous_size': 55, 'attention_head_size': 3, 'learning_rate': 0.016764753340660545}. Best is trial 8 with value: 2069.236328125.
LOCAL_RANK: 0 - CUDA_VISIBLE_DEVICES: [0]
[I 2023-11-29 22:56:44,214] Trial 9 finished with value: 16776.5859375 and parameters: {'gradient_clip_val': 0.2588485688906014, 'hidden_size': 14, 'dropout': 0.3762453811075066, 'hidden_continuous_size': 10, 'attention_head_size': 1, 'learning_rate': 0.0013592192520618335}. Best is trial 8 with value: 2069.236328125.
LOCAL_RANK: 0 - CUDA_VISIBLE_DEVICES: [0]
[I 2023-11-29 22:56:57,901] Trial 10 finished with value: 3970.917724609375 and parameters: {'gradient_clip_val': 0.9910345001942306, 'hidden_size': 75, 'dropout': 0.10407314001093887, 'hidden_continuous_size': 49, 'attention_head_size': 2, 'learning_rate': 0.011737869895596586}. Best is trial 8 with value: 2069.236328125.
LOCAL_RANK: 0 - CUDA_VISIBLE_DEVICES: [0]
[I 2023-11-29 22:57:11,826] Trial 11 finished with value: 2898.552978515625 and parameters: {'gradient_clip_val': 0.5748678918523924, 'hidden_size': 89, 'dropout': 0.274594466548977, 'hidden_continuous_size': 51, 'attention_head_size': 3, 'learning_rate': 0.09387414726012465}. Best is trial 8 with value: 2069.236328125.
LOCAL_RANK: 0 - CUDA_VISIBLE_DEVICES: [0]
[I 2023-11-29 22:57:25,661] Trial 12 finished with value: 4927.66015625 and parameters: {'gradient_clip_val': 0.6334173717020691, 'hidden_size': 81, 'dropout': 0.2659981942423907, 'hidden_continuous_size': 56, 'attention_head_size': 2, 'learning_rate': 0.0961280457846428}. Best is trial 8 with value: 2069.236328125.
LOCAL_RANK: 0 - CUDA_VISIBLE_DEVICES: [0]
[I 2023-11-29 22:57:39,926] Trial 13 finished with value: 5322.31689453125 and parameters: {'gradient_clip_val': 0.5643514592836643, 'hidden_size': 85, 'dropout': 0.27412840757732887, 'hidden_continuous_size': 65, 'attention_head_size': 3, 'learning_rate': 0.024730160624255225}. Best is trial 8 with value: 2069.236328125.
LOCAL_RANK: 0 - CUDA_VISIBLE_DEVICES: [0]
[I 2023-11-29 22:57:53,761] Trial 14 finished with value: 1971.6865234375 and parameters: {'gradient_clip_val': 0.604454493739971, 'hidden_size': 99, 'dropout': 0.2278881670843176, 'hidden_continuous_size': 36, 'attention_head_size': 2, 'learning_rate': 0.022739141801625975}. Best is trial 14 with value: 1971.6865234375.
LOCAL_RANK: 0 - CUDA_VISIBLE_DEVICES: [0]
[I 2023-11-29 22:58:07,039] Trial 15 finished with value: 4230.9267578125 and parameters: {'gradient_clip_val': 0.8202406018275057, 'hidden_size': 57, 'dropout': 0.10246283425936742, 'hidden_continuous_size': 29, 'attention_head_size': 2, 'learning_rate': 0.019753589872254087}. Best is trial 14 with value: 1971.6865234375.
LOCAL_RANK: 0 - CUDA_VISIBLE_DEVICES: [0]
[I 2023-11-29 22:58:20,975] Trial 16 finished with value: 4236.25830078125 and parameters: {'gradient_clip_val': 0.430778860909469, 'hidden_size': 101, 'dropout': 0.21861265734548654, 'hidden_continuous_size': 35, 'attention_head_size': 2, 'learning_rate': 0.005201974696729303}. Best is trial 14 with value: 1971.6865234375.
LOCAL_RANK: 0 - CUDA_VISIBLE_DEVICES: [0]
[I 2023-11-29 22:58:34,047] Trial 17 finished with value: 4143.49072265625 and parameters: {'gradient_clip_val': 0.979742161577109, 'hidden_size': 59, 'dropout': 0.1537664032954354, 'hidden_continuous_size': 18, 'attention_head_size': 2, 'learning_rate': 0.018635110264223365}. Best is trial 14 with value: 1971.6865234375.
LOCAL_RANK: 0 - CUDA_VISIBLE_DEVICES: [0]
[I 2023-11-29 22:58:47,940] Trial 18 finished with value: 3306.446533203125 and parameters: {'gradient_clip_val': 0.7227843373443108, 'hidden_size': 100, 'dropout': 0.23337493468373455, 'hidden_continuous_size': 43, 'attention_head_size': 3, 'learning_rate': 0.0068173363538367605}. Best is trial 14 with value: 1971.6865234375.
LOCAL_RANK: 0 - CUDA_VISIBLE_DEVICES: [0]
[I 2023-11-29 22:59:02,361] Trial 19 finished with value: 3546.710205078125 and parameters: {'gradient_clip_val': 0.4939326314785704, 'hidden_size': 120, 'dropout': 0.3027225698510336, 'hidden_continuous_size': 71, 'attention_head_size': 2, 'learning_rate': 0.004474804793304024}. Best is trial 14 with value: 1971.6865234375.
LOCAL_RANK: 0 - CUDA_VISIBLE_DEVICES: [0]
[I 2023-11-29 22:59:15,939] Trial 20 finished with value: 3742.852294921875 and parameters: {'gradient_clip_val': 0.6736724487771795, 'hidden_size': 72, 'dropout': 0.12878761758975493, 'hidden_continuous_size': 33, 'attention_head_size': 4, 'learning_rate': 0.013074301477369207}. Best is trial 14 with value: 1971.6865234375.
LOCAL_RANK: 0 - CUDA_VISIBLE_DEVICES: [0]
[I 2023-11-29 22:59:29,991] Trial 21 finished with value: 4572.99072265625 and parameters: {'gradient_clip_val': 0.5833920449938886, 'hidden_size': 103, 'dropout': 0.20975806733374996, 'hidden_continuous_size': 46, 'attention_head_size': 3, 'learning_rate': 0.04100652994853191}. Best is trial 14 with value: 1971.6865234375.
LOCAL_RANK: 0 - CUDA_VISIBLE_DEVICES: [0]
[I 2023-11-29 22:59:43,595] Trial 22 finished with value: 4256.05224609375 and parameters: {'gradient_clip_val': 0.4958113419005533, 'hidden_size': 67, 'dropout': 0.24309527234072398, 'hidden_continuous_size': 40, 'attention_head_size': 3, 'learning_rate': 0.028532812960954994}. Best is trial 14 with value: 1971.6865234375.
LOCAL_RANK: 0 - CUDA_VISIBLE_DEVICES: [0]
[I 2023-11-29 22:59:57,816] Trial 23 finished with value: 2359.240478515625 and parameters: {'gradient_clip_val': 0.7794698648466305, 'hidden_size': 90, 'dropout': 0.19076145860588967, 'hidden_continuous_size': 53, 'attention_head_size': 3, 'learning_rate': 0.04774504742955981}. Best is trial 14 with value: 1971.6865234375.
LOCAL_RANK: 0 - CUDA_VISIBLE_DEVICES: [0]
[I 2023-11-29 23:00:10,730] Trial 24 finished with value: 5371.78173828125 and parameters: {'gradient_clip_val': 0.7931698723426496, 'hidden_size': 44, 'dropout': 0.18630869976435113, 'hidden_continuous_size': 33, 'attention_head_size': 2, 'learning_rate': 0.05403411319793851}. Best is trial 14 with value: 1971.6865234375.
LOCAL_RANK: 0 - CUDA_VISIBLE_DEVICES: [0]
[I 2023-11-29 23:00:24,963] Trial 25 finished with value: 4747.84228515625 and parameters: {'gradient_clip_val': 0.8680670197294882, 'hidden_size': 116, 'dropout': 0.21135188728798593, 'hidden_continuous_size': 75, 'attention_head_size': 3, 'learning_rate': 0.019959768575180337}. Best is trial 14 with value: 1971.6865234375.
LOCAL_RANK: 0 - CUDA_VISIBLE_DEVICES: [0]
[I 2023-11-29 23:00:38,612] Trial 26 finished with value: 2714.889404296875 and parameters: {'gradient_clip_val': 0.7092558107305035, 'hidden_size': 70, 'dropout': 0.13620258464124785, 'hidden_continuous_size': 44, 'attention_head_size': 4, 'learning_rate': 0.05198742193232088}. Best is trial 14 with value: 1971.6865234375.
LOCAL_RANK: 0 - CUDA_VISIBLE_DEVICES: [0]
[I 2023-11-29 23:00:52,404] Trial 27 finished with value: 2316.414306640625 and parameters: {'gradient_clip_val': 0.9158287907526591, 'hidden_size': 89, 'dropout': 0.16680096848781514, 'hidden_continuous_size': 54, 'attention_head_size': 2, 'learning_rate': 0.026300299890230194}. Best is trial 14 with value: 1971.6865234375.
LOCAL_RANK: 0 - CUDA_VISIBLE_DEVICES: [0]
[I 2023-11-29 23:01:05,699] Trial 28 finished with value: 2660.5947265625 and parameters: {'gradient_clip_val': 0.9732513681428052, 'hidden_size': 62, 'dropout': 0.16459306304733734, 'hidden_continuous_size': 38, 'attention_head_size': 1, 'learning_rate': 0.027573676767274676}. Best is trial 14 with value: 1971.6865234375.
LOCAL_RANK: 0 - CUDA_VISIBLE_DEVICES: [0]
[I 2023-11-29 23:01:18,538] Trial 29 finished with value: 3395.862060546875 and parameters: {'gradient_clip_val': 0.6701528820282429, 'hidden_size': 44, 'dropout': 0.1375630521568041, 'hidden_continuous_size': 30, 'attention_head_size': 2, 'learning_rate': 0.013001744669819923}. Best is trial 14 with value: 1971.6865234375.
LOCAL_RANK: 0 - CUDA_VISIBLE_DEVICES: [0]
[I 2023-11-29 23:01:33,011] Trial 30 finished with value: 1784.16943359375 and parameters: {'gradient_clip_val': 0.37900656379557995, 'hidden_size': 148, 'dropout': 0.11815294337599178, 'hidden_continuous_size': 86, 'attention_head_size': 2, 'learning_rate': 0.017707034506965043}. Best is trial 30 with value: 1784.16943359375.
LOCAL_RANK: 0 - CUDA_VISIBLE_DEVICES: [0]
[I 2023-11-29 23:01:47,325] Trial 31 finished with value: 2470.90625 and parameters: {'gradient_clip_val': 0.38421581378719255, 'hidden_size': 121, 'dropout': 0.11621231906891791, 'hidden_continuous_size': 89, 'attention_head_size': 2, 'learning_rate': 0.016191144280999867}. Best is trial 30 with value: 1784.16943359375.
LOCAL_RANK: 0 - CUDA_VISIBLE_DEVICES: [0]
[I 2023-11-29 23:02:01,945] Trial 32 finished with value: 2869.849609375 and parameters: {'gradient_clip_val': 0.4979717619840354, 'hidden_size': 150, 'dropout': 0.12123137427497126, 'hidden_continuous_size': 89, 'attention_head_size': 2, 'learning_rate': 0.025585803806821596}. Best is trial 30 with value: 1784.16943359375.
LOCAL_RANK: 0 - CUDA_VISIBLE_DEVICES: [0]
[I 2023-11-29 23:02:16,118] Trial 33 finished with value: 6572.06005859375 and parameters: {'gradient_clip_val': 0.8826469926969605, 'hidden_size': 107, 'dropout': 0.15042900692926695, 'hidden_continuous_size': 57, 'attention_head_size': 1, 'learning_rate': 0.015204428061622139}. Best is trial 30 with value: 1784.16943359375.
LOCAL_RANK: 0 - CUDA_VISIBLE_DEVICES: [0]
[I 2023-11-29 23:02:30,340] Trial 34 finished with value: 4142.822265625 and parameters: {'gradient_clip_val': 0.3978273815335082, 'hidden_size': 130, 'dropout': 0.10226563350166097, 'hidden_continuous_size': 61, 'attention_head_size': 2, 'learning_rate': 0.009365864386024164}. Best is trial 30 with value: 1784.16943359375.
LOCAL_RANK: 0 - CUDA_VISIBLE_DEVICES: [0]
[I 2023-11-29 23:02:44,240] Trial 35 finished with value: 5081.93505859375 and parameters: {'gradient_clip_val': 0.7342947928305922, 'hidden_size': 91, 'dropout': 0.1416561381993018, 'hidden_continuous_size': 46, 'attention_head_size': 2, 'learning_rate': 0.03298629252562695}. Best is trial 30 with value: 1784.16943359375.
LOCAL_RANK: 0 - CUDA_VISIBLE_DEVICES: [0]
[I 2023-11-29 23:02:58,783] Trial 36 finished with value: 1958.4200439453125 and parameters: {'gradient_clip_val': 0.6165699188116228, 'hidden_size': 139, 'dropout': 0.16727224150849523, 'hidden_continuous_size': 83, 'attention_head_size': 1, 'learning_rate': 0.022210271569996186}. Best is trial 30 with value: 1784.16943359375.
LOCAL_RANK: 0 - CUDA_VISIBLE_DEVICES: [0]
[I 2023-11-29 23:03:13,594] Trial 37 finished with value: 2000.1734619140625 and parameters: {'gradient_clip_val': 0.33871967712285944, 'hidden_size': 145, 'dropout': 0.12331973055236367, 'hidden_continuous_size': 141, 'attention_head_size': 1, 'learning_rate': 0.010463113432281011}. Best is trial 30 with value: 1784.16943359375.
LOCAL_RANK: 0 - CUDA_VISIBLE_DEVICES: [0]
[I 2023-11-29 23:03:28,407] Trial 38 finished with value: 2660.866943359375 and parameters: {'gradient_clip_val': 0.3726597751764636, 'hidden_size': 143, 'dropout': 0.17231621586845636, 'hidden_continuous_size': 133, 'attention_head_size': 1, 'learning_rate': 0.010139051409159345}. Best is trial 30 with value: 1784.16943359375.
LOCAL_RANK: 0 - CUDA_VISIBLE_DEVICES: [0]
[I 2023-11-29 23:03:42,753] Trial 39 finished with value: 2680.83984375 and parameters: {'gradient_clip_val': 0.3379961760134853, 'hidden_size': 127, 'dropout': 0.12701638996852507, 'hidden_continuous_size': 113, 'attention_head_size': 1, 'learning_rate': 0.020895031353266213}. Best is trial 30 with value: 1784.16943359375.
LOCAL_RANK: 0 - CUDA_VISIBLE_DEVICES: [0]
[I 2023-11-29 23:03:57,499] Trial 40 finished with value: 3878.778076171875 and parameters: {'gradient_clip_val': 0.44171225293851096, 'hidden_size': 149, 'dropout': 0.15145147420407953, 'hidden_continuous_size': 140, 'attention_head_size': 1, 'learning_rate': 0.007963970807363299}. Best is trial 30 with value: 1784.16943359375.
LOCAL_RANK: 0 - CUDA_VISIBLE_DEVICES: [0]
[I 2023-11-29 23:04:11,749] Trial 41 finished with value: 2782.559814453125 and parameters: {'gradient_clip_val': 0.27179859092761377, 'hidden_size': 114, 'dropout': 0.1179796254475072, 'hidden_continuous_size': 78, 'attention_head_size': 1, 'learning_rate': 0.014689916268333233}. Best is trial 30 with value: 1784.16943359375.
LOCAL_RANK: 0 - CUDA_VISIBLE_DEVICES: [0]
[I 2023-11-29 23:04:26,242] Trial 42 finished with value: 3883.358154296875 and parameters: {'gradient_clip_val': 0.46035659825767006, 'hidden_size': 137, 'dropout': 0.11377744966171482, 'hidden_continuous_size': 111, 'attention_head_size': 1, 'learning_rate': 0.0159737551064741}. Best is trial 30 with value: 1784.16943359375.
LOCAL_RANK: 0 - CUDA_VISIBLE_DEVICES: [0]
[I 2023-11-29 23:04:40,588] Trial 43 finished with value: 5569.01708984375 and parameters: {'gradient_clip_val': 0.6096347618988688, 'hidden_size': 129, 'dropout': 0.13355007220652226, 'hidden_continuous_size': 92, 'attention_head_size': 1, 'learning_rate': 0.011160323424805442}. Best is trial 30 with value: 1784.16943359375.
LOCAL_RANK: 0 - CUDA_VISIBLE_DEVICES: [0]
[I 2023-11-29 23:04:54,979] Trial 44 finished with value: 5104.50244140625 and parameters: {'gradient_clip_val': 0.3430527600290593, 'hidden_size': 106, 'dropout': 0.1452093474365239, 'hidden_continuous_size': 66, 'attention_head_size': 1, 'learning_rate': 0.02206837877792903}. Best is trial 30 with value: 1784.16943359375.
LOCAL_RANK: 0 - CUDA_VISIBLE_DEVICES: [0]
[I 2023-11-29 23:05:09,020] Trial 45 finished with value: 4688.77587890625 and parameters: {'gradient_clip_val': 0.5461749252512718, 'hidden_size': 81, 'dropout': 0.10083535469546405, 'hidden_continuous_size': 61, 'attention_head_size': 4, 'learning_rate': 0.01207266010426074}. Best is trial 30 with value: 1784.16943359375.
LOCAL_RANK: 0 - CUDA_VISIBLE_DEVICES: [0]
[I 2023-11-29 23:05:23,279] Trial 46 finished with value: 4170.2744140625 and parameters: {'gradient_clip_val': 0.6560626368559606, 'hidden_size': 132, 'dropout': 0.1799811729005557, 'hidden_continuous_size': 112, 'attention_head_size': 1, 'learning_rate': 0.03356833160228895}. Best is trial 30 with value: 1784.16943359375.
LOCAL_RANK: 0 - CUDA_VISIBLE_DEVICES: [0]
[I 2023-11-29 23:05:37,628] Trial 47 finished with value: 2601.464111328125 and parameters: {'gradient_clip_val': 0.3009735877493853, 'hidden_size': 115, 'dropout': 0.11561152115096666, 'hidden_continuous_size': 84, 'attention_head_size': 3, 'learning_rate': 0.017391941528051607}. Best is trial 30 with value: 1784.16943359375.
LOCAL_RANK: 0 - CUDA_VISIBLE_DEVICES: [0]
[I 2023-11-29 23:05:52,110] Trial 48 finished with value: 2057.892333984375 and parameters: {'gradient_clip_val': 0.22716595458698743, 'hidden_size': 149, 'dropout': 0.16384342226079274, 'hidden_continuous_size': 107, 'attention_head_size': 1, 'learning_rate': 0.021616976543900122}. Best is trial 30 with value: 1784.16943359375.
LOCAL_RANK: 0 - CUDA_VISIBLE_DEVICES: [0]
[I 2023-11-29 23:06:07,099] Trial 49 finished with value: 3033.447998046875 and parameters: {'gradient_clip_val': 0.2429317068928351, 'hidden_size': 150, 'dropout': 0.15933453143189635, 'hidden_continuous_size': 149, 'attention_head_size': 1, 'learning_rate': 0.02122233124449641}. Best is trial 30 with value: 1784.16943359375.
LOCAL_RANK: 0 - CUDA_VISIBLE_DEVICES: [0]
[I 2023-11-29 23:06:21,606] Trial 50 finished with value: 3093.1630859375 and parameters: {'gradient_clip_val': 0.1987171036154259, 'hidden_size': 138, 'dropout': 0.17727174753461375, 'hidden_continuous_size': 101, 'attention_head_size': 1, 'learning_rate': 0.022649892867612913}. Best is trial 30 with value: 1784.16943359375.
LOCAL_RANK: 0 - CUDA_VISIBLE_DEVICES: [0]
[I 2023-11-29 23:06:35,701] Trial 51 finished with value: 2456.486572265625 and parameters: {'gradient_clip_val': 0.3134211098588714, 'hidden_size': 98, 'dropout': 0.19804150809546492, 'hidden_continuous_size': 82, 'attention_head_size': 1, 'learning_rate': 0.016350062802368632}. Best is trial 30 with value: 1784.16943359375.
LOCAL_RANK: 0 - CUDA_VISIBLE_DEVICES: [0]
[I 2023-11-29 23:06:49,994] Trial 52 finished with value: 1991.9583740234375 and parameters: {'gradient_clip_val': 0.3590814388089662, 'hidden_size': 119, 'dropout': 0.16117652056521015, 'hidden_continuous_size': 94, 'attention_head_size': 2, 'learning_rate': 0.013641486925834922}. Best is trial 30 with value: 1784.16943359375.
LOCAL_RANK: 0 - CUDA_VISIBLE_DEVICES: [0]
[I 2023-11-29 23:07:04,221] Trial 53 finished with value: 2161.08984375 and parameters: {'gradient_clip_val': 0.36828724373131155, 'hidden_size': 115, 'dropout': 0.16037229830622018, 'hidden_continuous_size': 101, 'attention_head_size': 2, 'learning_rate': 0.012940593179936883}. Best is trial 30 with value: 1784.16943359375.
LOCAL_RANK: 0 - CUDA_VISIBLE_DEVICES: [0]
[I 2023-11-29 23:07:18,900] Trial 54 finished with value: 3369.4384765625 and parameters: {'gradient_clip_val': 0.4083029921920594, 'hidden_size': 131, 'dropout': 0.14538244218640736, 'hidden_continuous_size': 120, 'attention_head_size': 2, 'learning_rate': 0.01895350921201477}. Best is trial 30 with value: 1784.16943359375.
LOCAL_RANK: 0 - CUDA_VISIBLE_DEVICES: [0]
[I 2023-11-29 23:07:33,516] Trial 55 finished with value: 2877.123046875 and parameters: {'gradient_clip_val': 0.27820993087177054, 'hidden_size': 150, 'dropout': 0.17063643963723224, 'hidden_continuous_size': 132, 'attention_head_size': 2, 'learning_rate': 0.02935573174078373}. Best is trial 30 with value: 1784.16943359375.
LOCAL_RANK: 0 - CUDA_VISIBLE_DEVICES: [0]
[I 2023-11-29 23:07:47,491] Trial 56 finished with value: 4516.55615234375 and parameters: {'gradient_clip_val': 0.326380451268568, 'hidden_size': 98, 'dropout': 0.13010253986253575, 'hidden_continuous_size': 70, 'attention_head_size': 1, 'learning_rate': 0.02354445952642822}. Best is trial 30 with value: 1784.16943359375.
LOCAL_RANK: 0 - CUDA_VISIBLE_DEVICES: [0]
[I 2023-11-29 23:08:01,780] Trial 57 finished with value: 3602.5634765625 and parameters: {'gradient_clip_val': 0.43948223982980206, 'hidden_size': 111, 'dropout': 0.15573945223905156, 'hidden_continuous_size': 97, 'attention_head_size': 2, 'learning_rate': 0.009968209734516249}. Best is trial 30 with value: 1784.16943359375.
LOCAL_RANK: 0 - CUDA_VISIBLE_DEVICES: [0]
[I 2023-11-29 23:08:16,194] Trial 58 finished with value: 2405.632080078125 and parameters: {'gradient_clip_val': 0.3489131148948951, 'hidden_size': 126, 'dropout': 0.19585223851406672, 'hidden_continuous_size': 102, 'attention_head_size': 2, 'learning_rate': 0.03738647162131221}. Best is trial 30 with value: 1784.16943359375.
LOCAL_RANK: 0 - CUDA_VISIBLE_DEVICES: [0]
[I 2023-11-29 23:08:30,413] Trial 59 finished with value: 3638.623046875 and parameters: {'gradient_clip_val': 0.2928205650397561, 'hidden_size': 78, 'dropout': 0.18365679071980073, 'hidden_continuous_size': 71, 'attention_head_size': 1, 'learning_rate': 0.01904359882207964}. Best is trial 30 with value: 1784.16943359375.
LOCAL_RANK: 0 - CUDA_VISIBLE_DEVICES: [0]
[I 2023-11-29 23:08:44,686] Trial 60 finished with value: 3760.431884765625 and parameters: {'gradient_clip_val': 0.25138725848283533, 'hidden_size': 121, 'dropout': 0.14230026216570874, 'hidden_continuous_size': 80, 'attention_head_size': 2, 'learning_rate': 0.014201224678190195}. Best is trial 30 with value: 1784.16943359375.
LOCAL_RANK: 0 - CUDA_VISIBLE_DEVICES: [0]
[I 2023-11-29 23:08:58,872] Trial 61 finished with value: 1662.7503662109375 and parameters: {'gradient_clip_val': 0.5205093292478374, 'hidden_size': 94, 'dropout': 0.1084650785987047, 'hidden_continuous_size': 76, 'attention_head_size': 3, 'learning_rate': 0.016640710336004047}. Best is trial 61 with value: 1662.7503662109375.
LOCAL_RANK: 0 - CUDA_VISIBLE_DEVICES: [0]
[I 2023-11-29 23:09:13,603] Trial 62 finished with value: 3954.826416015625 and parameters: {'gradient_clip_val': 0.5401718008356522, 'hidden_size': 137, 'dropout': 0.12698595466581006, 'hidden_continuous_size': 121, 'attention_head_size': 3, 'learning_rate': 0.018132476714989555}. Best is trial 61 with value: 1662.7503662109375.
LOCAL_RANK: 0 - CUDA_VISIBLE_DEVICES: [0]
[I 2023-11-29 23:09:27,803] Trial 63 finished with value: 4790.46044921875 and parameters: {'gradient_clip_val': 0.40782817975269775, 'hidden_size': 108, 'dropout': 0.11350184310225449, 'hidden_continuous_size': 86, 'attention_head_size': 3, 'learning_rate': 0.013584327493062062}. Best is trial 61 with value: 1662.7503662109375.
LOCAL_RANK: 0 - CUDA_VISIBLE_DEVICES: [0]
[I 2023-11-29 23:09:41,889] Trial 64 finished with value: 2922.091064453125 and parameters: {'gradient_clip_val': 0.6104764921250174, 'hidden_size': 94, 'dropout': 0.10955788635420384, 'hidden_continuous_size': 77, 'attention_head_size': 1, 'learning_rate': 0.029751586536034245}. Best is trial 61 with value: 1662.7503662109375.
LOCAL_RANK: 0 - CUDA_VISIBLE_DEVICES: [0]
[I 2023-11-29 23:09:56,028] Trial 65 finished with value: 4293.8583984375 and parameters: {'gradient_clip_val': 0.4736107362981875, 'hidden_size': 84, 'dropout': 0.1249652817075604, 'hidden_continuous_size': 77, 'attention_head_size': 3, 'learning_rate': 0.011239327332925387}. Best is trial 61 with value: 1662.7503662109375.
LOCAL_RANK: 0 - CUDA_VISIBLE_DEVICES: [0]
[I 2023-11-29 23:10:10,253] Trial 66 finished with value: 2075.743408203125 and parameters: {'gradient_clip_val': 0.5263056714771506, 'hidden_size': 107, 'dropout': 0.1339199423398876, 'hidden_continuous_size': 89, 'attention_head_size': 2, 'learning_rate': 0.023655026308511278}. Best is trial 61 with value: 1662.7503662109375.
LOCAL_RANK: 0 - CUDA_VISIBLE_DEVICES: [0]
