[I 2023-11-29 22:04:39,364] Trial 76 finished with value: 140.71475219726562 and parameters: {'gradient_clip_val': 0.17333942757521584, 'hidden_size': 141, 'dropout': 0.28811764122814276, 'hidden_continuous_size': 48, 'attention_head_size': 1, 'learning_rate': 0.015907304609937993}. Best is trial 67 with value: 108.95870971679688.
LOCAL_RANK: 0 - CUDA_VISIBLE_DEVICES: [0]
[I 2023-11-29 22:04:54,221] Trial 77 finished with value: 202.3556671142578 and parameters: {'gradient_clip_val': 0.2204903169322891, 'hidden_size': 125, 'dropout': 0.2996296606679791, 'hidden_continuous_size': 52, 'attention_head_size': 3, 'learning_rate': 0.012652949395295775}. Best is trial 67 with value: 108.95870971679688.
LOCAL_RANK: 0 - CUDA_VISIBLE_DEVICES: [0]
[I 2023-11-29 22:05:08,664] Trial 78 finished with value: 141.2030487060547 and parameters: {'gradient_clip_val': 0.20280917303154736, 'hidden_size': 101, 'dropout': 0.3370393734629004, 'hidden_continuous_size': 43, 'attention_head_size': 1, 'learning_rate': 0.03982960072813316}. Best is trial 67 with value: 108.95870971679688.
LOCAL_RANK: 0 - CUDA_VISIBLE_DEVICES: [0]
[I 2023-11-29 22:05:22,980] Trial 79 finished with value: 131.1625213623047 and parameters: {'gradient_clip_val': 0.18829552139256836, 'hidden_size': 93, 'dropout': 0.313993026654012, 'hidden_continuous_size': 47, 'attention_head_size': 1, 'learning_rate': 0.018022287970890675}. Best is trial 67 with value: 108.95870971679688.
LOCAL_RANK: 0 - CUDA_VISIBLE_DEVICES: [0]
[I 2023-11-29 22:05:37,499] Trial 80 finished with value: 130.1082000732422 and parameters: {'gradient_clip_val': 0.22737314782013615, 'hidden_size': 114, 'dropout': 0.30572126075374834, 'hidden_continuous_size': 39, 'attention_head_size': 1, 'learning_rate': 0.02226571178876188}. Best is trial 67 with value: 108.95870971679688.
LOCAL_RANK: 0 - CUDA_VISIBLE_DEVICES: [0]
[I 2023-11-29 22:05:52,500] Trial 81 finished with value: 134.9059600830078 and parameters: {'gradient_clip_val': 0.19751405398489388, 'hidden_size': 141, 'dropout': 0.3133429707176136, 'hidden_continuous_size': 60, 'attention_head_size': 1, 'learning_rate': 0.021721682237816713}. Best is trial 67 with value: 108.95870971679688.
LOCAL_RANK: 0 - CUDA_VISIBLE_DEVICES: [0]
[I 2023-11-29 22:06:07,294] Trial 82 finished with value: 144.4272003173828 and parameters: {'gradient_clip_val': 0.18558319687114952, 'hidden_size': 135, 'dropout': 0.3085438694285261, 'hidden_continuous_size': 47, 'attention_head_size': 1, 'learning_rate': 0.024493470522022956}. Best is trial 67 with value: 108.95870971679688.
LOCAL_RANK: 0 - CUDA_VISIBLE_DEVICES: [0]
[I 2023-11-29 22:06:21,919] Trial 83 finished with value: 205.8179168701172 and parameters: {'gradient_clip_val': 0.2668720540977325, 'hidden_size': 125, 'dropout': 0.3302287367783308, 'hidden_continuous_size': 51, 'attention_head_size': 1, 'learning_rate': 0.030490384685658768}. Best is trial 67 with value: 108.95870971679688.
LOCAL_RANK: 0 - CUDA_VISIBLE_DEVICES: [0]
[I 2023-11-29 22:06:36,519] Trial 84 finished with value: 132.63113403320312 and parameters: {'gradient_clip_val': 0.17382576259242696, 'hidden_size': 137, 'dropout': 0.3242642061627487, 'hidden_continuous_size': 55, 'attention_head_size': 1, 'learning_rate': 0.018797483422327933}. Best is trial 67 with value: 108.95870971679688.
LOCAL_RANK: 0 - CUDA_VISIBLE_DEVICES: [0]
[I 2023-11-29 22:06:51,360] Trial 85 finished with value: 128.92547607421875 and parameters: {'gradient_clip_val': 0.1919518469885093, 'hidden_size': 150, 'dropout': 0.30211929777008983, 'hidden_continuous_size': 45, 'attention_head_size': 1, 'learning_rate': 0.023371105828103256}. Best is trial 67 with value: 108.95870971679688.
LOCAL_RANK: 0 - CUDA_VISIBLE_DEVICES: [0]
[I 2023-11-29 22:07:06,085] Trial 86 finished with value: 150.5689239501953 and parameters: {'gradient_clip_val': 0.23954082433887122, 'hidden_size': 103, 'dropout': 0.2808109673640793, 'hidden_continuous_size': 50, 'attention_head_size': 1, 'learning_rate': 0.03376238751206835}. Best is trial 67 with value: 108.95870971679688.
LOCAL_RANK: 0 - CUDA_VISIBLE_DEVICES: [0]
[I 2023-11-29 22:07:20,683] Trial 87 finished with value: 141.02125549316406 and parameters: {'gradient_clip_val': 0.2117974898191661, 'hidden_size': 115, 'dropout': 0.3517091670794465, 'hidden_continuous_size': 41, 'attention_head_size': 1, 'learning_rate': 0.01653672911504532}. Best is trial 67 with value: 108.95870971679688.
LOCAL_RANK: 0 - CUDA_VISIBLE_DEVICES: [0]
[I 2023-11-29 22:07:35,025] Trial 88 finished with value: 151.87457275390625 and parameters: {'gradient_clip_val': 0.15924054373780536, 'hidden_size': 91, 'dropout': 0.29306260706611975, 'hidden_continuous_size': 47, 'attention_head_size': 1, 'learning_rate': 0.01454555182768011}. Best is trial 67 with value: 108.95870971679688.
LOCAL_RANK: 0 - CUDA_VISIBLE_DEVICES: [0]
[I 2023-11-29 22:07:49,566] Trial 89 finished with value: 137.46546936035156 and parameters: {'gradient_clip_val': 0.2474055085500339, 'hidden_size': 122, 'dropout': 0.3352047099465457, 'hidden_continuous_size': 37, 'attention_head_size': 1, 'learning_rate': 0.01313860072623957}. Best is trial 67 with value: 108.95870971679688.
LOCAL_RANK: 0 - CUDA_VISIBLE_DEVICES: [0]
[I 2023-11-29 22:08:04,276] Trial 90 finished with value: 151.74510192871094 and parameters: {'gradient_clip_val': 0.20422752886576762, 'hidden_size': 131, 'dropout': 0.3194391984017012, 'hidden_continuous_size': 42, 'attention_head_size': 1, 'learning_rate': 0.01942277749372069}. Best is trial 67 with value: 108.95870971679688.
LOCAL_RANK: 0 - CUDA_VISIBLE_DEVICES: [0]
[I 2023-11-29 22:08:18,753] Trial 91 finished with value: 139.8428955078125 and parameters: {'gradient_clip_val': 0.2172124077911253, 'hidden_size': 82, 'dropout': 0.34829286852235947, 'hidden_continuous_size': 40, 'attention_head_size': 1, 'learning_rate': 0.011812946008830297}. Best is trial 67 with value: 108.95870971679688.
LOCAL_RANK: 0 - CUDA_VISIBLE_DEVICES: [0]
[I 2023-11-29 22:08:33,151] Trial 92 finished with value: 144.21461486816406 and parameters: {'gradient_clip_val': 0.189030864342034, 'hidden_size': 108, 'dropout': 0.34492070484898574, 'hidden_continuous_size': 35, 'attention_head_size': 1, 'learning_rate': 0.01608984635793273}. Best is trial 67 with value: 108.95870971679688.
LOCAL_RANK: 0 - CUDA_VISIBLE_DEVICES: [0]
[I 2023-11-29 22:08:47,341] Trial 93 finished with value: 142.01829528808594 and parameters: {'gradient_clip_val': 0.29317803866506936, 'hidden_size': 98, 'dropout': 0.3382889830419277, 'hidden_continuous_size': 44, 'attention_head_size': 1, 'learning_rate': 0.02753220121329465}. Best is trial 67 with value: 108.95870971679688.
LOCAL_RANK: 0 - CUDA_VISIBLE_DEVICES: [0]
[I 2023-11-29 22:09:01,629] Trial 94 finished with value: 155.50856018066406 and parameters: {'gradient_clip_val': 0.22740288129980268, 'hidden_size': 88, 'dropout': 0.35979189432211955, 'hidden_continuous_size': 46, 'attention_head_size': 1, 'learning_rate': 0.01446942377027506}. Best is trial 67 with value: 108.95870971679688.
LOCAL_RANK: 0 - CUDA_VISIBLE_DEVICES: [0]
[I 2023-11-29 22:09:16,166] Trial 95 finished with value: 149.076171875 and parameters: {'gradient_clip_val': 0.26252400490039, 'hidden_size': 123, 'dropout': 0.32754395234318745, 'hidden_continuous_size': 38, 'attention_head_size': 1, 'learning_rate': 0.012525818184050361}. Best is trial 67 with value: 108.95870971679688.
LOCAL_RANK: 0 - CUDA_VISIBLE_DEVICES: [0]
[I 2023-11-29 22:09:31,151] Trial 96 finished with value: 232.09742736816406 and parameters: {'gradient_clip_val': 0.17954253016681657, 'hidden_size': 142, 'dropout': 0.3120695112029209, 'hidden_continuous_size': 35, 'attention_head_size': 1, 'learning_rate': 0.010446871660223367}. Best is trial 67 with value: 108.95870971679688.
LOCAL_RANK: 0 - CUDA_VISIBLE_DEVICES: [0]
[I 2023-11-29 22:09:45,153] Trial 97 finished with value: 139.5102996826172 and parameters: {'gradient_clip_val': 0.19613477922668085, 'hidden_size': 72, 'dropout': 0.32236796258996375, 'hidden_continuous_size': 48, 'attention_head_size': 1, 'learning_rate': 0.020589858045621346}. Best is trial 67 with value: 108.95870971679688.
LOCAL_RANK: 0 - CUDA_VISIBLE_DEVICES: [0]
[I 2023-11-29 22:09:59,400] Trial 98 finished with value: 155.61972045898438 and parameters: {'gradient_clip_val': 0.2068688203397351, 'hidden_size': 64, 'dropout': 0.2976905979037501, 'hidden_continuous_size': 50, 'attention_head_size': 4, 'learning_rate': 0.01707193737848988}. Best is trial 67 with value: 108.95870971679688.
LOCAL_RANK: 0 - CUDA_VISIBLE_DEVICES: [0]
[I 2023-11-29 22:10:13,810] Trial 99 finished with value: 148.79380798339844 and parameters: {'gradient_clip_val': 0.24331266907614332, 'hidden_size': 111, 'dropout': 0.3397808838707018, 'hidden_continuous_size': 32, 'attention_head_size': 1, 'learning_rate': 0.02455568429671023}. Best is trial 67 with value: 108.95870971679688.
LOCAL_RANK: 0 - CUDA_VISIBLE_DEVICES: [0]
[I 2023-11-29 22:10:28,260] Trial 100 finished with value: 192.9185791015625 and parameters: {'gradient_clip_val': 0.22087887323297972, 'hidden_size': 94, 'dropout': 0.3166788313546276, 'hidden_continuous_size': 43, 'attention_head_size': 1, 'learning_rate': 0.028016758487451734}. Best is trial 67 with value: 108.95870971679688.
LOCAL_RANK: 0 - CUDA_VISIBLE_DEVICES: [0]
[I 2023-11-29 22:10:42,846] Trial 101 finished with value: 198.54347229003906 and parameters: {'gradient_clip_val': 0.21271453173299648, 'hidden_size': 120, 'dropout': 0.33383315648753487, 'hidden_continuous_size': 31, 'attention_head_size': 1, 'learning_rate': 0.025397370849593735}. Best is trial 67 with value: 108.95870971679688.
LOCAL_RANK: 0 - CUDA_VISIBLE_DEVICES: [0]
[I 2023-11-29 22:10:57,143] Trial 102 finished with value: 152.70042419433594 and parameters: {'gradient_clip_val': 0.23571599465750426, 'hidden_size': 126, 'dropout': 0.3271642726877581, 'hidden_continuous_size': 28, 'attention_head_size': 1, 'learning_rate': 0.021871227209704767}. Best is trial 67 with value: 108.95870971679688.
LOCAL_RANK: 0 - CUDA_VISIBLE_DEVICES: [0]
[I 2023-11-29 22:11:11,678] Trial 103 finished with value: 160.63368225097656 and parameters: {'gradient_clip_val': 0.1924489011694929, 'hidden_size': 133, 'dropout': 0.30566128650002466, 'hidden_continuous_size': 25, 'attention_head_size': 1, 'learning_rate': 0.01911838897066462}. Best is trial 67 with value: 108.95870971679688.
LOCAL_RANK: 0 - CUDA_VISIBLE_DEVICES: [0]
[I 2023-11-29 22:11:26,115] Trial 104 finished with value: 157.0570526123047 and parameters: {'gradient_clip_val': 0.17766261670788963, 'hidden_size': 104, 'dropout': 0.34777205589286475, 'hidden_continuous_size': 55, 'attention_head_size': 1, 'learning_rate': 0.015170852409675457}. Best is trial 67 with value: 108.95870971679688.
LOCAL_RANK: 0 - CUDA_VISIBLE_DEVICES: [0]
[I 2023-11-29 22:11:40,754] Trial 105 finished with value: 261.00018310546875 and parameters: {'gradient_clip_val': 0.20734750572711527, 'hidden_size': 144, 'dropout': 0.3100793411709822, 'hidden_continuous_size': 36, 'attention_head_size': 1, 'learning_rate': 0.017255103988349917}. Best is trial 67 with value: 108.95870971679688.
LOCAL_RANK: 0 - CUDA_VISIBLE_DEVICES: [0]
[I 2023-11-29 22:11:55,605] Trial 106 finished with value: 150.90289306640625 and parameters: {'gradient_clip_val': 0.22898624542327983, 'hidden_size': 115, 'dropout': 0.34105917230040583, 'hidden_continuous_size': 40, 'attention_head_size': 1, 'learning_rate': 0.010965082119254439}. Best is trial 67 with value: 108.95870971679688.
LOCAL_RANK: 0 - CUDA_VISIBLE_DEVICES: [0]
[I 2023-11-29 22:12:09,886] Trial 107 finished with value: 123.6299057006836 and parameters: {'gradient_clip_val': 0.2490760276353274, 'hidden_size': 85, 'dropout': 0.2901188869721153, 'hidden_continuous_size': 45, 'attention_head_size': 2, 'learning_rate': 0.013317250973919463}. Best is trial 67 with value: 108.95870971679688.
LOCAL_RANK: 0 - CUDA_VISIBLE_DEVICES: [0]
[I 2023-11-29 22:12:24,314] Trial 108 finished with value: 144.98037719726562 and parameters: {'gradient_clip_val': 0.2570527249745676, 'hidden_size': 84, 'dropout': 0.2917539547184416, 'hidden_continuous_size': 53, 'attention_head_size': 2, 'learning_rate': 0.012409338343335186}. Best is trial 67 with value: 108.95870971679688.
LOCAL_RANK: 0 - CUDA_VISIBLE_DEVICES: [0]
[I 2023-11-29 22:12:38,848] Trial 109 finished with value: 145.05909729003906 and parameters: {'gradient_clip_val': 0.2741966170903728, 'hidden_size': 75, 'dropout': 0.2858486578763403, 'hidden_continuous_size': 46, 'attention_head_size': 3, 'learning_rate': 0.013304027317737558}. Best is trial 67 with value: 108.95870971679688.
LOCAL_RANK: 0 - CUDA_VISIBLE_DEVICES: [0]
[I 2023-11-29 22:12:53,120] Trial 110 finished with value: 143.29429626464844 and parameters: {'gradient_clip_val': 0.2536723332830483, 'hidden_size': 78, 'dropout': 0.3186616900998672, 'hidden_continuous_size': 45, 'attention_head_size': 1, 'learning_rate': 0.009574037256176875}. Best is trial 67 with value: 108.95870971679688.
LOCAL_RANK: 0 - CUDA_VISIBLE_DEVICES: [0]
[I 2023-11-29 22:13:07,694] Trial 111 finished with value: 157.68699645996094 and parameters: {'gradient_clip_val': 0.21735498332608374, 'hidden_size': 91, 'dropout': 0.29900478265757036, 'hidden_continuous_size': 50, 'attention_head_size': 2, 'learning_rate': 0.022566605039849513}. Best is trial 67 with value: 108.95870971679688.
LOCAL_RANK: 0 - CUDA_VISIBLE_DEVICES: [0]
[I 2023-11-29 22:13:21,919] Trial 112 finished with value: 125.47802734375 and parameters: {'gradient_clip_val': 0.20177963756836434, 'hidden_size': 69, 'dropout': 0.33135949100455064, 'hidden_continuous_size': 29, 'attention_head_size': 1, 'learning_rate': 0.02022897131799322}. Best is trial 67 with value: 108.95870971679688.
LOCAL_RANK: 0 - CUDA_VISIBLE_DEVICES: [0]
[I 2023-11-29 22:13:35,963] Trial 113 finished with value: 245.3024139404297 and parameters: {'gradient_clip_val': 0.19960143701686048, 'hidden_size': 71, 'dropout': 0.30479346913688743, 'hidden_continuous_size': 28, 'attention_head_size': 1, 'learning_rate': 0.015294605136864446}. Best is trial 67 with value: 108.95870971679688.
LOCAL_RANK: 0 - CUDA_VISIBLE_DEVICES: [0]
[I 2023-11-29 22:13:49,734] Trial 114 finished with value: 117.4957275390625 and parameters: {'gradient_clip_val': 0.23953417479752187, 'hidden_size': 69, 'dropout': 0.3326452100015745, 'hidden_continuous_size': 30, 'attention_head_size': 1, 'learning_rate': 0.020229204197951895}. Best is trial 67 with value: 108.95870971679688.
LOCAL_RANK: 0 - CUDA_VISIBLE_DEVICES: [0]
[I 2023-11-29 22:14:03,954] Trial 115 finished with value: 138.65452575683594 and parameters: {'gradient_clip_val': 0.23299019761594594, 'hidden_size': 67, 'dropout': 0.32376354730341744, 'hidden_continuous_size': 49, 'attention_head_size': 1, 'learning_rate': 0.020415541508670948}. Best is trial 67 with value: 108.95870971679688.
LOCAL_RANK: 0 - CUDA_VISIBLE_DEVICES: [0]
[I 2023-11-29 22:14:18,081] Trial 116 finished with value: 122.26363372802734 and parameters: {'gradient_clip_val': 0.22301200244437294, 'hidden_size': 87, 'dropout': 0.330718603871033, 'hidden_continuous_size': 26, 'attention_head_size': 2, 'learning_rate': 0.017830452165093415}. Best is trial 67 with value: 108.95870971679688.
LOCAL_RANK: 0 - CUDA_VISIBLE_DEVICES: [0]
[I 2023-11-29 22:14:32,174] Trial 117 finished with value: 108.26739501953125 and parameters: {'gradient_clip_val': 0.2451681496474184, 'hidden_size': 80, 'dropout': 0.33026092571026794, 'hidden_continuous_size': 26, 'attention_head_size': 2, 'learning_rate': 0.01820890179019134}. Best is trial 117 with value: 108.26739501953125.
LOCAL_RANK: 0 - CUDA_VISIBLE_DEVICES: [0]
[I 2023-11-29 22:14:46,293] Trial 118 finished with value: 185.93019104003906 and parameters: {'gradient_clip_val': 0.2456041950303317, 'hidden_size': 82, 'dropout': 0.330278661990149, 'hidden_continuous_size': 26, 'attention_head_size': 2, 'learning_rate': 0.01749942576731808}. Best is trial 117 with value: 108.26739501953125.
LOCAL_RANK: 0 - CUDA_VISIBLE_DEVICES: [0]
[I 2023-11-29 22:15:00,554] Trial 119 finished with value: 144.95005798339844 and parameters: {'gradient_clip_val': 0.26840241886447347, 'hidden_size': 86, 'dropout': 0.3335857377802865, 'hidden_continuous_size': 30, 'attention_head_size': 2, 'learning_rate': 0.01925555899960354}. Best is trial 117 with value: 108.26739501953125.
LOCAL_RANK: 0 - CUDA_VISIBLE_DEVICES: [0]
[I 2023-11-29 22:15:14,508] Trial 120 finished with value: 140.54237365722656 and parameters: {'gradient_clip_val': 0.28210878116356136, 'hidden_size': 61, 'dropout': 0.314537488541889, 'hidden_continuous_size': 27, 'attention_head_size': 2, 'learning_rate': 0.013978161526439499}. Best is trial 117 with value: 108.26739501953125.
LOCAL_RANK: 0 - CUDA_VISIBLE_DEVICES: [0]
[I 2023-11-29 22:15:28,497] Trial 121 finished with value: 151.6056671142578 and parameters: {'gradient_clip_val': 0.2220163320211399, 'hidden_size': 70, 'dropout': 0.32374398102528534, 'hidden_continuous_size': 25, 'attention_head_size': 2, 'learning_rate': 0.016069028938745157}. Best is trial 117 with value: 108.26739501953125.
LOCAL_RANK: 0 - CUDA_VISIBLE_DEVICES: [0]
[I 2023-11-29 22:15:42,518] Trial 122 finished with value: 108.09766387939453 and parameters: {'gradient_clip_val': 0.24013222768525466, 'hidden_size': 78, 'dropout': 0.3538693798221908, 'hidden_continuous_size': 23, 'attention_head_size': 2, 'learning_rate': 0.018675176918620043}. Best is trial 122 with value: 108.09766387939453.
LOCAL_RANK: 0 - CUDA_VISIBLE_DEVICES: [0]
[I 2023-11-29 22:15:56,623] Trial 123 finished with value: 130.6521759033203 and parameters: {'gradient_clip_val': 0.23750239749005353, 'hidden_size': 79, 'dropout': 0.3519686431607371, 'hidden_continuous_size': 23, 'attention_head_size': 2, 'learning_rate': 0.017645168383370883}. Best is trial 122 with value: 108.09766387939453.
LOCAL_RANK: 0 - CUDA_VISIBLE_DEVICES: [0]
[I 2023-11-29 22:16:10,639] Trial 124 finished with value: 143.49122619628906 and parameters: {'gradient_clip_val': 0.248458012941464, 'hidden_size': 74, 'dropout': 0.3360846164052363, 'hidden_continuous_size': 29, 'attention_head_size': 2, 'learning_rate': 0.08226356412999267}. Best is trial 122 with value: 108.09766387939453.
LOCAL_RANK: 0 - CUDA_VISIBLE_DEVICES: [0]
[I 2023-11-29 22:16:24,549] Trial 125 finished with value: 184.65892028808594 and parameters: {'gradient_clip_val': 0.2631534095624323, 'hidden_size': 67, 'dropout': 0.3410651119553719, 'hidden_continuous_size': 24, 'attention_head_size': 2, 'learning_rate': 0.020414848774012933}. Best is trial 122 with value: 108.09766387939453.
LOCAL_RANK: 0 - CUDA_VISIBLE_DEVICES: [0]
[I 2023-11-29 22:16:38,787] Trial 126 finished with value: 129.16676330566406 and parameters: {'gradient_clip_val': 0.22578622380099733, 'hidden_size': 97, 'dropout': 0.3166882927204276, 'hidden_continuous_size': 22, 'attention_head_size': 2, 'learning_rate': 0.025016301444932394}. Best is trial 122 with value: 108.09766387939453.
LOCAL_RANK: 0 - CUDA_VISIBLE_DEVICES: [0]
[I 2023-11-29 22:16:53,064] Trial 127 finished with value: 107.9903564453125 and parameters: {'gradient_clip_val': 0.20944407455477093, 'hidden_size': 89, 'dropout': 0.3303398394424841, 'hidden_continuous_size': 30, 'attention_head_size': 3, 'learning_rate': 0.01834472604365838}. Best is trial 127 with value: 107.9903564453125.
LOCAL_RANK: 0 - CUDA_VISIBLE_DEVICES: [0]
[I 2023-11-29 22:17:07,347] Trial 128 finished with value: 140.80697631835938 and parameters: {'gradient_clip_val': 0.21434004711985005, 'hidden_size': 85, 'dropout': 0.325237118775609, 'hidden_continuous_size': 30, 'attention_head_size': 3, 'learning_rate': 0.015395309643080416}. Best is trial 127 with value: 107.9903564453125.
LOCAL_RANK: 0 - CUDA_VISIBLE_DEVICES: [0]
[I 2023-11-29 22:17:21,494] Trial 129 finished with value: 198.6093292236328 and parameters: {'gradient_clip_val': 0.23497542042652944, 'hidden_size': 89, 'dropout': 0.27652739264305404, 'hidden_continuous_size': 27, 'attention_head_size': 3, 'learning_rate': 0.01839519652642592}. Best is trial 127 with value: 107.9903564453125.
LOCAL_RANK: 0 - CUDA_VISIBLE_DEVICES: [0]
[I 2023-11-29 22:17:35,952] Trial 130 finished with value: 165.4547576904297 and parameters: {'gradient_clip_val': 0.2554174740904441, 'hidden_size': 95, 'dropout': 0.3592222986085895, 'hidden_continuous_size': 33, 'attention_head_size': 3, 'learning_rate': 0.013480379010378594}. Best is trial 127 with value: 107.9903564453125.
LOCAL_RANK: 0 - CUDA_VISIBLE_DEVICES: [0]
[I 2023-11-29 22:17:50,152] Trial 131 finished with value: 120.59893798828125 and parameters: {'gradient_clip_val': 0.20611055582113635, 'hidden_size': 76, 'dropout': 0.33258667211527926, 'hidden_continuous_size': 28, 'attention_head_size': 2, 'learning_rate': 0.01649811221463475}. Best is trial 127 with value: 107.9903564453125.
LOCAL_RANK: 0 - CUDA_VISIBLE_DEVICES: [0]
[I 2023-11-29 22:18:04,324] Trial 132 finished with value: 146.10675048828125 and parameters: {'gradient_clip_val': 0.2067945291196277, 'hidden_size': 81, 'dropout': 0.3202677020625014, 'hidden_continuous_size': 26, 'attention_head_size': 2, 'learning_rate': 0.016539280979021038}. Best is trial 127 with value: 107.9903564453125.
LOCAL_RANK: 0 - CUDA_VISIBLE_DEVICES: [0]
[I 2023-11-29 22:18:18,463] Trial 133 finished with value: 112.1745376586914 and parameters: {'gradient_clip_val': 0.18615286415210142, 'hidden_size': 88, 'dropout': 0.3090852465840194, 'hidden_continuous_size': 28, 'attention_head_size': 2, 'learning_rate': 0.023337173547497536}. Best is trial 127 with value: 107.9903564453125.
LOCAL_RANK: 0 - CUDA_VISIBLE_DEVICES: [0]
