[I 2023-11-29 22:16:59,036] Trial 134 finished with value: 109.3587875366211 and parameters: {'gradient_clip_val': 0.40452949388498893, 'hidden_size': 12, 'dropout': 0.2138762921249537, 'hidden_continuous_size': 11, 'attention_head_size': 4, 'learning_rate': 0.02487678220509791}. Best is trial 44 with value: 81.78107452392578.
LOCAL_RANK: 0 - CUDA_VISIBLE_DEVICES: [0]
[I 2023-11-29 22:17:11,241] Trial 135 finished with value: 122.2509765625 and parameters: {'gradient_clip_val': 0.35557806966612443, 'hidden_size': 15, 'dropout': 0.18808599844163565, 'hidden_continuous_size': 13, 'attention_head_size': 4, 'learning_rate': 0.023020805882064607}. Best is trial 44 with value: 81.78107452392578.
LOCAL_RANK: 0 - CUDA_VISIBLE_DEVICES: [0]
[I 2023-11-29 22:17:23,460] Trial 136 finished with value: 108.7805404663086 and parameters: {'gradient_clip_val': 0.488475095138782, 'hidden_size': 14, 'dropout': 0.2040763722516766, 'hidden_continuous_size': 13, 'attention_head_size': 4, 'learning_rate': 0.03480280846705106}. Best is trial 44 with value: 81.78107452392578.
LOCAL_RANK: 0 - CUDA_VISIBLE_DEVICES: [0]
[I 2023-11-29 22:17:35,741] Trial 137 finished with value: 119.2569580078125 and parameters: {'gradient_clip_val': 0.42841099725646187, 'hidden_size': 13, 'dropout': 0.2239348154005277, 'hidden_continuous_size': 10, 'attention_head_size': 4, 'learning_rate': 0.01693707603673023}. Best is trial 44 with value: 81.78107452392578.
LOCAL_RANK: 0 - CUDA_VISIBLE_DEVICES: [0]
[I 2023-11-29 22:17:47,672] Trial 138 finished with value: 115.2617416381836 and parameters: {'gradient_clip_val': 0.4527945417573992, 'hidden_size': 16, 'dropout': 0.17381215464282584, 'hidden_continuous_size': 13, 'attention_head_size': 4, 'learning_rate': 0.02681151097895108}. Best is trial 44 with value: 81.78107452392578.
LOCAL_RANK: 0 - CUDA_VISIBLE_DEVICES: [0]
[I 2023-11-29 22:18:00,047] Trial 139 finished with value: 114.15682220458984 and parameters: {'gradient_clip_val': 0.3970771055017252, 'hidden_size': 18, 'dropout': 0.19907305277213258, 'hidden_continuous_size': 12, 'attention_head_size': 4, 'learning_rate': 0.020223565743860677}. Best is trial 44 with value: 81.78107452392578.
LOCAL_RANK: 0 - CUDA_VISIBLE_DEVICES: [0]
[I 2023-11-29 22:18:12,387] Trial 140 finished with value: 104.0677719116211 and parameters: {'gradient_clip_val': 0.5152498504185781, 'hidden_size': 19, 'dropout': 0.13962609429245476, 'hidden_continuous_size': 14, 'attention_head_size': 4, 'learning_rate': 0.03021823233162647}. Best is trial 44 with value: 81.78107452392578.
LOCAL_RANK: 0 - CUDA_VISIBLE_DEVICES: [0]
[I 2023-11-29 22:18:24,612] Trial 141 finished with value: 123.12537384033203 and parameters: {'gradient_clip_val': 0.5133693554156625, 'hidden_size': 19, 'dropout': 0.14345788413352453, 'hidden_continuous_size': 14, 'attention_head_size': 4, 'learning_rate': 0.02982427635287333}. Best is trial 44 with value: 81.78107452392578.
LOCAL_RANK: 0 - CUDA_VISIBLE_DEVICES: [0]
[I 2023-11-29 22:18:36,827] Trial 142 finished with value: 121.36055755615234 and parameters: {'gradient_clip_val': 0.4703236752990444, 'hidden_size': 18, 'dropout': 0.11887211002261652, 'hidden_continuous_size': 14, 'attention_head_size': 4, 'learning_rate': 0.023518663381320314}. Best is trial 44 with value: 81.78107452392578.
LOCAL_RANK: 0 - CUDA_VISIBLE_DEVICES: [0]
[I 2023-11-29 22:18:49,048] Trial 143 finished with value: 110.0079574584961 and parameters: {'gradient_clip_val': 0.42445555443354177, 'hidden_size': 17, 'dropout': 0.13333971737345326, 'hidden_continuous_size': 13, 'attention_head_size': 4, 'learning_rate': 0.02674872862915282}. Best is trial 44 with value: 81.78107452392578.
LOCAL_RANK: 0 - CUDA_VISIBLE_DEVICES: [0]
[I 2023-11-29 22:19:01,671] Trial 144 finished with value: 132.44366455078125 and parameters: {'gradient_clip_val': 0.4991462177397263, 'hidden_size': 22, 'dropout': 0.19150635187708823, 'hidden_continuous_size': 14, 'attention_head_size': 4, 'learning_rate': 0.03741473540118688}. Best is trial 44 with value: 81.78107452392578.
LOCAL_RANK: 0 - CUDA_VISIBLE_DEVICES: [0]
[I 2023-11-29 22:19:13,909] Trial 145 finished with value: 117.1613998413086 and parameters: {'gradient_clip_val': 0.37086570198809043, 'hidden_size': 19, 'dropout': 0.15231154757498722, 'hidden_continuous_size': 12, 'attention_head_size': 4, 'learning_rate': 0.03147629144842162}. Best is trial 44 with value: 81.78107452392578.
LOCAL_RANK: 0 - CUDA_VISIBLE_DEVICES: [0]
[I 2023-11-29 22:19:26,090] Trial 146 finished with value: 127.0669937133789 and parameters: {'gradient_clip_val': 0.44883103096840593, 'hidden_size': 15, 'dropout': 0.2072316721769385, 'hidden_continuous_size': 12, 'attention_head_size': 4, 'learning_rate': 0.019632512306092444}. Best is trial 44 with value: 81.78107452392578.
LOCAL_RANK: 0 - CUDA_VISIBLE_DEVICES: [0]
[I 2023-11-29 22:19:38,361] Trial 147 finished with value: 102.3176040649414 and parameters: {'gradient_clip_val': 0.38969462918561304, 'hidden_size': 13, 'dropout': 0.35759277148101615, 'hidden_continuous_size': 12, 'attention_head_size': 4, 'learning_rate': 0.02428488643130092}. Best is trial 44 with value: 81.78107452392578.
LOCAL_RANK: 0 - CUDA_VISIBLE_DEVICES: [0]
[I 2023-11-29 22:19:48,738] Trial 148 finished with value: 120.03650665283203 and parameters: {'gradient_clip_val': 0.4127037981325698, 'hidden_size': 12, 'dropout': 0.3508711737530349, 'hidden_continuous_size': 12, 'attention_head_size': 4, 'learning_rate': 0.023671734660463607}. Best is trial 44 with value: 81.78107452392578.
LOCAL_RANK: 0 - CUDA_VISIBLE_DEVICES: [0]
[I 2023-11-29 22:20:01,377] Trial 149 finished with value: 113.351806640625 and parameters: {'gradient_clip_val': 0.515825253134159, 'hidden_size': 14, 'dropout': 0.3659928358122273, 'hidden_continuous_size': 12, 'attention_head_size': 4, 'learning_rate': 0.027087744822589774}. Best is trial 44 with value: 81.78107452392578.
[I 2023-11-29 22:20:01,488] A new study created in memory with name: no-name-f2922001-4bda-461e-abca-a2bdf7cc7148
/home/le004/conda/anaconda3/envs/tsff_env/lib/python3.9/site-packages/lightning/fabric/plugins/environments/slurm.py:191: The `srun` command is available on your system but is not used. HINT: If your intention is to run Lightning on SLURM, prepend your python command with `srun` like so: srun python /home/le004/master_thesis/git/TSFusionForecast/code/ ...
LOCAL_RANK: 0 - CUDA_VISIBLE_DEVICES: [0]
[I 2023-11-29 22:20:14,966] Trial 0 finished with value: 338.3506164550781 and parameters: {'gradient_clip_val': 0.7190120794184954, 'hidden_size': 69, 'dropout': 0.12411368892324402, 'hidden_continuous_size': 26, 'attention_head_size': 4, 'learning_rate': 0.003986161746511013}. Best is trial 0 with value: 338.3506164550781.
LOCAL_RANK: 0 - CUDA_VISIBLE_DEVICES: [0]
[I 2023-11-29 22:20:27,315] Trial 1 finished with value: 344.4346618652344 and parameters: {'gradient_clip_val': 0.1421774962000205, 'hidden_size': 27, 'dropout': 0.22408984437520996, 'hidden_continuous_size': 16, 'attention_head_size': 2, 'learning_rate': 0.02608782784098944}. Best is trial 0 with value: 338.3506164550781.
LOCAL_RANK: 0 - CUDA_VISIBLE_DEVICES: [0]
[I 2023-11-29 22:20:39,712] Trial 2 finished with value: 447.7857360839844 and parameters: {'gradient_clip_val': 0.4825058540864184, 'hidden_size': 48, 'dropout': 0.21907779843868952, 'hidden_continuous_size': 10, 'attention_head_size': 1, 'learning_rate': 0.0018866991061392932}. Best is trial 0 with value: 338.3506164550781.
LOCAL_RANK: 0 - CUDA_VISIBLE_DEVICES: [0]
[I 2023-11-29 22:20:51,732] Trial 3 finished with value: 342.8445129394531 and parameters: {'gradient_clip_val': 0.8370744601121165, 'hidden_size': 19, 'dropout': 0.36207681114692114, 'hidden_continuous_size': 15, 'attention_head_size': 1, 'learning_rate': 0.06366494572912446}. Best is trial 0 with value: 338.3506164550781.
LOCAL_RANK: 0 - CUDA_VISIBLE_DEVICES: [0]
[I 2023-11-29 22:21:03,994] Trial 4 finished with value: 337.1818542480469 and parameters: {'gradient_clip_val': 0.10770337727019719, 'hidden_size': 27, 'dropout': 0.38226943007580494, 'hidden_continuous_size': 11, 'attention_head_size': 1, 'learning_rate': 0.023013824764758363}. Best is trial 4 with value: 337.1818542480469.
LOCAL_RANK: 0 - CUDA_VISIBLE_DEVICES: [0]
[I 2023-11-29 22:21:15,994] Trial 5 finished with value: 397.4918212890625 and parameters: {'gradient_clip_val': 0.22212651620165733, 'hidden_size': 16, 'dropout': 0.18559015902953266, 'hidden_continuous_size': 10, 'attention_head_size': 3, 'learning_rate': 0.013836572342040788}. Best is trial 4 with value: 337.1818542480469.
LOCAL_RANK: 0 - CUDA_VISIBLE_DEVICES: [0]
[I 2023-11-29 22:21:27,882] Trial 6 finished with value: 450.2420959472656 and parameters: {'gradient_clip_val': 0.45545025778108245, 'hidden_size': 12, 'dropout': 0.2907284630687158, 'hidden_continuous_size': 10, 'attention_head_size': 2, 'learning_rate': 0.0056374151794221635}. Best is trial 4 with value: 337.1818542480469.
LOCAL_RANK: 0 - CUDA_VISIBLE_DEVICES: [0]
[I 2023-11-29 22:21:37,835] Trial 7 finished with value: 347.3648681640625 and parameters: {'gradient_clip_val': 0.18427505923818663, 'hidden_size': 12, 'dropout': 0.3155578849606171, 'hidden_continuous_size': 12, 'attention_head_size': 2, 'learning_rate': 0.028716300945163486}. Best is trial 4 with value: 337.1818542480469.
LOCAL_RANK: 0 - CUDA_VISIBLE_DEVICES: [0]
[I 2023-11-29 22:21:51,344] Trial 8 finished with value: 384.3685607910156 and parameters: {'gradient_clip_val': 0.10535996528295788, 'hidden_size': 59, 'dropout': 0.19562943794893733, 'hidden_continuous_size': 55, 'attention_head_size': 2, 'learning_rate': 0.03833264093496743}. Best is trial 4 with value: 337.1818542480469.
LOCAL_RANK: 0 - CUDA_VISIBLE_DEVICES: [0]
[I 2023-11-29 22:22:04,048] Trial 9 finished with value: 356.8582763671875 and parameters: {'gradient_clip_val': 0.31685076929944783, 'hidden_size': 41, 'dropout': 0.21935023145843013, 'hidden_continuous_size': 22, 'attention_head_size': 1, 'learning_rate': 0.04086920493002616}. Best is trial 4 with value: 337.1818542480469.
LOCAL_RANK: 0 - CUDA_VISIBLE_DEVICES: [0]
[I 2023-11-29 22:22:18,829] Trial 10 finished with value: 325.3783874511719 and parameters: {'gradient_clip_val': 0.11098651263769407, 'hidden_size': 140, 'dropout': 0.3959546060537667, 'hidden_continuous_size': 122, 'attention_head_size': 4, 'learning_rate': 0.009004375222654012}. Best is trial 10 with value: 325.3783874511719.
LOCAL_RANK: 0 - CUDA_VISIBLE_DEVICES: [0]
[I 2023-11-29 22:22:34,331] Trial 11 finished with value: 337.5002136230469 and parameters: {'gradient_clip_val': 0.11197266093491998, 'hidden_size': 150, 'dropout': 0.3983631374588659, 'hidden_continuous_size': 142, 'attention_head_size': 4, 'learning_rate': 0.012237674045463776}. Best is trial 10 with value: 325.3783874511719.
LOCAL_RANK: 0 - CUDA_VISIBLE_DEVICES: [0]
[I 2023-11-29 22:22:48,527] Trial 12 finished with value: 385.45556640625 and parameters: {'gradient_clip_val': 0.1038186776212003, 'hidden_size': 131, 'dropout': 0.3975888690724066, 'hidden_continuous_size': 46, 'attention_head_size': 3, 'learning_rate': 0.08602863463923448}. Best is trial 10 with value: 325.3783874511719.
LOCAL_RANK: 0 - CUDA_VISIBLE_DEVICES: [0]
[I 2023-11-29 22:23:00,749] Trial 13 finished with value: 408.5205993652344 and parameters: {'gradient_clip_val': 0.15871333861073944, 'hidden_size': 27, 'dropout': 0.34279728636528006, 'hidden_continuous_size': 13, 'attention_head_size': 3, 'learning_rate': 0.015681798902859305}. Best is trial 10 with value: 325.3783874511719.
LOCAL_RANK: 0 - CUDA_VISIBLE_DEVICES: [0]
[I 2023-11-29 22:23:14,483] Trial 14 finished with value: 321.3081359863281 and parameters: {'gradient_clip_val': 0.20621011313836515, 'hidden_size': 92, 'dropout': 0.28790295206892685, 'hidden_continuous_size': 19, 'attention_head_size': 4, 'learning_rate': 0.0061955337825575765}. Best is trial 14 with value: 321.3081359863281.
LOCAL_RANK: 0 - CUDA_VISIBLE_DEVICES: [0]
[I 2023-11-29 22:23:28,301] Trial 15 finished with value: 324.7553405761719 and parameters: {'gradient_clip_val': 0.2213424629525647, 'hidden_size': 96, 'dropout': 0.2815186544889509, 'hidden_continuous_size': 36, 'attention_head_size': 4, 'learning_rate': 0.006880287403073918}. Best is trial 14 with value: 321.3081359863281.
LOCAL_RANK: 0 - CUDA_VISIBLE_DEVICES: [0]
[I 2023-11-29 22:23:42,037] Trial 16 finished with value: 418.999755859375 and parameters: {'gradient_clip_val': 0.23712201065683206, 'hidden_size': 89, 'dropout': 0.27729882741149037, 'hidden_continuous_size': 20, 'attention_head_size': 4, 'learning_rate': 0.00106399764826251}. Best is trial 14 with value: 321.3081359863281.
LOCAL_RANK: 0 - CUDA_VISIBLE_DEVICES: [0]
[I 2023-11-29 22:23:55,638] Trial 17 finished with value: 322.624267578125 and parameters: {'gradient_clip_val': 0.2705171013917003, 'hidden_size': 87, 'dropout': 0.26596022986230183, 'hidden_continuous_size': 31, 'attention_head_size': 3, 'learning_rate': 0.006048813805800317}. Best is trial 14 with value: 321.3081359863281.
LOCAL_RANK: 0 - CUDA_VISIBLE_DEVICES: [0]
[I 2023-11-29 22:24:09,167] Trial 18 finished with value: 306.7728576660156 and parameters: {'gradient_clip_val': 0.2917444784076806, 'hidden_size': 84, 'dropout': 0.255434588570731, 'hidden_continuous_size': 19, 'attention_head_size': 3, 'learning_rate': 0.003190918650864513}. Best is trial 18 with value: 306.7728576660156.
LOCAL_RANK: 0 - CUDA_VISIBLE_DEVICES: [0]
[I 2023-11-29 22:24:22,503] Trial 19 finished with value: 370.43310546875 and parameters: {'gradient_clip_val': 0.295785717357402, 'hidden_size': 62, 'dropout': 0.3214580980502705, 'hidden_continuous_size': 16, 'attention_head_size': 3, 'learning_rate': 0.003414226904676212}. Best is trial 18 with value: 306.7728576660156.
LOCAL_RANK: 0 - CUDA_VISIBLE_DEVICES: [0]
[I 2023-11-29 22:24:36,305] Trial 20 finished with value: 321.99298095703125 and parameters: {'gradient_clip_val': 0.3567164855888447, 'hidden_size': 103, 'dropout': 0.24692375135238748, 'hidden_continuous_size': 19, 'attention_head_size': 4, 'learning_rate': 0.002866565086322645}. Best is trial 18 with value: 306.7728576660156.
LOCAL_RANK: 0 - CUDA_VISIBLE_DEVICES: [0]
[I 2023-11-29 22:24:50,128] Trial 21 finished with value: 321.5016784667969 and parameters: {'gradient_clip_val': 0.3538692162277672, 'hidden_size': 99, 'dropout': 0.23631858963177532, 'hidden_continuous_size': 20, 'attention_head_size': 4, 'learning_rate': 0.0028600237116788614}. Best is trial 18 with value: 306.7728576660156.
LOCAL_RANK: 0 - CUDA_VISIBLE_DEVICES: [0]
[I 2023-11-29 22:25:03,683] Trial 22 finished with value: 382.5715026855469 and parameters: {'gradient_clip_val': 0.37524329848422106, 'hidden_size': 71, 'dropout': 0.25108125912463064, 'hidden_continuous_size': 22, 'attention_head_size': 4, 'learning_rate': 0.002214998601830268}. Best is trial 18 with value: 306.7728576660156.
LOCAL_RANK: 0 - CUDA_VISIBLE_DEVICES: [0]
[I 2023-11-29 22:25:17,463] Trial 23 finished with value: 327.7472839355469 and parameters: {'gradient_clip_val': 0.1949136602810777, 'hidden_size': 111, 'dropout': 0.3100419453946677, 'hidden_continuous_size': 17, 'attention_head_size': 3, 'learning_rate': 0.004371332844340978}. Best is trial 18 with value: 306.7728576660156.
LOCAL_RANK: 0 - CUDA_VISIBLE_DEVICES: [0]
[I 2023-11-29 22:25:31,025] Trial 24 finished with value: 370.0170593261719 and parameters: {'gradient_clip_val': 0.26204290218601334, 'hidden_size': 74, 'dropout': 0.24999956255682193, 'hidden_continuous_size': 13, 'attention_head_size': 4, 'learning_rate': 0.00829588395952365}. Best is trial 18 with value: 306.7728576660156.
LOCAL_RANK: 0 - CUDA_VISIBLE_DEVICES: [0]
[I 2023-11-29 22:25:44,740] Trial 25 finished with value: 323.5808410644531 and parameters: {'gradient_clip_val': 0.31028354690557475, 'hidden_size': 112, 'dropout': 0.29092385495150125, 'hidden_continuous_size': 23, 'attention_head_size': 3, 'learning_rate': 0.004730751909126476}. Best is trial 18 with value: 306.7728576660156.
LOCAL_RANK: 0 - CUDA_VISIBLE_DEVICES: [0]
[I 2023-11-29 22:25:57,897] Trial 26 finished with value: 496.6536560058594 and parameters: {'gradient_clip_val': 0.4173014628798709, 'hidden_size': 54, 'dropout': 0.3347445908189846, 'hidden_continuous_size': 18, 'attention_head_size': 4, 'learning_rate': 0.002366727677952566}. Best is trial 18 with value: 306.7728576660156.
LOCAL_RANK: 0 - CUDA_VISIBLE_DEVICES: [0]
[I 2023-11-29 22:26:11,335] Trial 27 finished with value: 390.459716796875 and parameters: {'gradient_clip_val': 0.5335292092660282, 'hidden_size': 79, 'dropout': 0.2958993858659531, 'hidden_continuous_size': 14, 'attention_head_size': 3, 'learning_rate': 0.0014894091341206897}. Best is trial 18 with value: 306.7728576660156.
LOCAL_RANK: 0 - CUDA_VISIBLE_DEVICES: [0]
[I 2023-11-29 22:26:25,310] Trial 28 finished with value: 316.7159118652344 and parameters: {'gradient_clip_val': 0.3342909911118257, 'hidden_size': 117, 'dropout': 0.2637046349244028, 'hidden_continuous_size': 27, 'attention_head_size': 4, 'learning_rate': 0.0031172178796414736}. Best is trial 18 with value: 306.7728576660156.
LOCAL_RANK: 0 - CUDA_VISIBLE_DEVICES: [0]
[I 2023-11-29 22:26:39,496] Trial 29 finished with value: 315.07354736328125 and parameters: {'gradient_clip_val': 0.6233766381281105, 'hidden_size': 124, 'dropout': 0.10063941189867384, 'hidden_continuous_size': 28, 'attention_head_size': 4, 'learning_rate': 0.003714313225298965}. Best is trial 18 with value: 306.7728576660156.
LOCAL_RANK: 0 - CUDA_VISIBLE_DEVICES: [0]
[I 2023-11-29 22:26:53,443] Trial 30 finished with value: 344.50390625 and parameters: {'gradient_clip_val': 0.6041203362335569, 'hidden_size': 124, 'dropout': 0.12513407953303773, 'hidden_continuous_size': 28, 'attention_head_size': 4, 'learning_rate': 0.003138021128934572}. Best is trial 18 with value: 306.7728576660156.
LOCAL_RANK: 0 - CUDA_VISIBLE_DEVICES: [0]
[I 2023-11-29 22:27:07,562] Trial 31 finished with value: 326.0901184082031 and parameters: {'gradient_clip_val': 0.6601209017399042, 'hidden_size': 123, 'dropout': 0.26693484884292323, 'hidden_continuous_size': 25, 'attention_head_size': 4, 'learning_rate': 0.004308204445728883}. Best is trial 18 with value: 306.7728576660156.
LOCAL_RANK: 0 - CUDA_VISIBLE_DEVICES: [0]
[I 2023-11-29 22:27:21,065] Trial 32 finished with value: 327.19378662109375 and parameters: {'gradient_clip_val': 0.8020042997095791, 'hidden_size': 80, 'dropout': 0.11353027336273713, 'hidden_continuous_size': 24, 'attention_head_size': 4, 'learning_rate': 0.003827164847082367}. Best is trial 18 with value: 306.7728576660156.
LOCAL_RANK: 0 - CUDA_VISIBLE_DEVICES: [0]
[I 2023-11-29 22:27:35,441] Trial 33 finished with value: 414.533203125 and parameters: {'gradient_clip_val': 0.9581134313089158, 'hidden_size': 146, 'dropout': 0.14006139457024352, 'hidden_continuous_size': 31, 'attention_head_size': 4, 'learning_rate': 0.005824888554783733}. Best is trial 18 with value: 306.7728576660156.
LOCAL_RANK: 0 - CUDA_VISIBLE_DEVICES: [0]
[I 2023-11-29 22:27:49,472] Trial 34 finished with value: 312.142822265625 and parameters: {'gradient_clip_val': 0.5594154513668587, 'hidden_size': 107, 'dropout': 0.1010909780380995, 'hidden_continuous_size': 27, 'attention_head_size': 3, 'learning_rate': 0.0018387026726554494}. Best is trial 18 with value: 306.7728576660156.
LOCAL_RANK: 0 - CUDA_VISIBLE_DEVICES: [0]
[I 2023-11-29 22:28:03,449] Trial 35 finished with value: 328.6537170410156 and parameters: {'gradient_clip_val': 0.5210735059036511, 'hidden_size': 114, 'dropout': 0.10666629189922341, 'hidden_continuous_size': 27, 'attention_head_size': 3, 'learning_rate': 0.001916195683763578}. Best is trial 18 with value: 306.7728576660156.
LOCAL_RANK: 0 - CUDA_VISIBLE_DEVICES: [0]
[I 2023-11-29 22:28:16,794] Trial 36 finished with value: 376.8288269042969 and parameters: {'gradient_clip_val': 0.5839403747004708, 'hidden_size': 71, 'dropout': 0.15884050546740808, 'hidden_continuous_size': 16, 'attention_head_size': 2, 'learning_rate': 0.0015016893986105416}. Best is trial 18 with value: 306.7728576660156.
LOCAL_RANK: 0 - CUDA_VISIBLE_DEVICES: [0]
[I 2023-11-29 22:28:30,755] Trial 37 finished with value: 319.1253356933594 and parameters: {'gradient_clip_val': 0.4688442457013122, 'hidden_size': 103, 'dropout': 0.14036924490807814, 'hidden_continuous_size': 35, 'attention_head_size': 3, 'learning_rate': 0.0023936108770758616}. Best is trial 18 with value: 306.7728576660156.
LOCAL_RANK: 0 - CUDA_VISIBLE_DEVICES: [0]
[I 2023-11-29 22:28:44,902] Trial 38 finished with value: 354.9752502441406 and parameters: {'gradient_clip_val': 0.7512583611983552, 'hidden_size': 131, 'dropout': 0.10461198527219909, 'hidden_continuous_size': 26, 'attention_head_size': 3, 'learning_rate': 0.003649623986279779}. Best is trial 18 with value: 306.7728576660156.
LOCAL_RANK: 0 - CUDA_VISIBLE_DEVICES: [0]
[I 2023-11-29 22:28:58,510] Trial 39 finished with value: 358.1341247558594 and parameters: {'gradient_clip_val': 0.41984684281879797, 'hidden_size': 83, 'dropout': 0.20098678416775193, 'hidden_continuous_size': 22, 'attention_head_size': 2, 'learning_rate': 0.0016513345950366694}. Best is trial 18 with value: 306.7728576660156.
LOCAL_RANK: 0 - CUDA_VISIBLE_DEVICES: [0]
[I 2023-11-29 22:29:11,799] Trial 40 finished with value: 393.2353820800781 and parameters: {'gradient_clip_val': 0.7062454173852073, 'hidden_size': 63, 'dropout': 0.16164915215998807, 'hidden_continuous_size': 21, 'attention_head_size': 2, 'learning_rate': 0.00274290050247933}. Best is trial 18 with value: 306.7728576660156.
LOCAL_RANK: 0 - CUDA_VISIBLE_DEVICES: [0]
[I 2023-11-29 22:29:25,683] Trial 41 finished with value: 336.7117614746094 and parameters: {'gradient_clip_val': 0.46097240918505245, 'hidden_size': 108, 'dropout': 0.12105238474940377, 'hidden_continuous_size': 34, 'attention_head_size': 3, 'learning_rate': 0.00241276073092865}. Best is trial 18 with value: 306.7728576660156.
LOCAL_RANK: 0 - CUDA_VISIBLE_DEVICES: [0]
