[I 2023-11-30 03:44:19,996] Trial 1 finished with value: 505.5733947753906 and parameters: {'gradient_clip_val': 0.9727514024208931, 'hidden_size': 10, 'dropout': 0.3300948547156498, 'hidden_continuous_size': 10, 'attention_head_size': 3, 'learning_rate': 0.032710887277305145}. Best is trial 1 with value: 505.5733947753906.
LOCAL_RANK: 0 - CUDA_VISIBLE_DEVICES: [0]
[I 2023-11-30 03:44:32,849] Trial 2 finished with value: 407.6634216308594 and parameters: {'gradient_clip_val': 0.6061822356634077, 'hidden_size': 58, 'dropout': 0.3477976267887115, 'hidden_continuous_size': 15, 'attention_head_size': 4, 'learning_rate': 0.0025157200928855963}. Best is trial 2 with value: 407.6634216308594.
LOCAL_RANK: 0 - CUDA_VISIBLE_DEVICES: [0]
[I 2023-11-30 03:44:45,308] Trial 3 finished with value: 335.9368591308594 and parameters: {'gradient_clip_val': 0.383861655593648, 'hidden_size': 40, 'dropout': 0.3810109884051338, 'hidden_continuous_size': 35, 'attention_head_size': 4, 'learning_rate': 0.006204580015177021}. Best is trial 3 with value: 335.9368591308594.
LOCAL_RANK: 0 - CUDA_VISIBLE_DEVICES: [0]
[I 2023-11-30 03:44:58,477] Trial 4 finished with value: 403.9361572265625 and parameters: {'gradient_clip_val': 0.16519355358576682, 'hidden_size': 58, 'dropout': 0.27215729830320534, 'hidden_continuous_size': 57, 'attention_head_size': 3, 'learning_rate': 0.07612187431051524}. Best is trial 3 with value: 335.9368591308594.
LOCAL_RANK: 0 - CUDA_VISIBLE_DEVICES: [0]
[I 2023-11-30 03:45:10,672] Trial 5 finished with value: 367.9935302734375 and parameters: {'gradient_clip_val': 0.6565925091107955, 'hidden_size': 19, 'dropout': 0.10563512633067884, 'hidden_continuous_size': 16, 'attention_head_size': 3, 'learning_rate': 0.062107723803955135}. Best is trial 3 with value: 335.9368591308594.
LOCAL_RANK: 0 - CUDA_VISIBLE_DEVICES: [0]
[I 2023-11-30 03:45:22,538] Trial 6 finished with value: 377.2730712890625 and parameters: {'gradient_clip_val': 0.46974100980636574, 'hidden_size': 19, 'dropout': 0.10633553175431452, 'hidden_continuous_size': 11, 'attention_head_size': 3, 'learning_rate': 0.07426136543776725}. Best is trial 3 with value: 335.9368591308594.
LOCAL_RANK: 0 - CUDA_VISIBLE_DEVICES: [0]
[I 2023-11-30 03:45:34,529] Trial 7 finished with value: 347.0037536621094 and parameters: {'gradient_clip_val': 0.5354722269980334, 'hidden_size': 22, 'dropout': 0.3511642665626097, 'hidden_continuous_size': 10, 'attention_head_size': 4, 'learning_rate': 0.06361972436078309}. Best is trial 3 with value: 335.9368591308594.
LOCAL_RANK: 0 - CUDA_VISIBLE_DEVICES: [0]
[I 2023-11-30 03:45:47,541] Trial 8 finished with value: 316.5908203125 and parameters: {'gradient_clip_val': 0.12690662598110136, 'hidden_size': 78, 'dropout': 0.23400761721789953, 'hidden_continuous_size': 21, 'attention_head_size': 1, 'learning_rate': 0.008204947405269785}. Best is trial 8 with value: 316.5908203125.
LOCAL_RANK: 0 - CUDA_VISIBLE_DEVICES: [0]
[I 2023-11-30 03:46:00,409] Trial 9 finished with value: 603.0160522460938 and parameters: {'gradient_clip_val': 0.8146051553153689, 'hidden_size': 48, 'dropout': 0.15839313077502182, 'hidden_continuous_size': 38, 'attention_head_size': 2, 'learning_rate': 0.001856358514412809}. Best is trial 8 with value: 316.5908203125.
LOCAL_RANK: 0 - CUDA_VISIBLE_DEVICES: [0]
[I 2023-11-30 03:46:14,569] Trial 10 finished with value: 342.2916259765625 and parameters: {'gradient_clip_val': 0.22257850120213968, 'hidden_size': 117, 'dropout': 0.2019221932494461, 'hidden_continuous_size': 111, 'attention_head_size': 1, 'learning_rate': 0.0010161182981103043}. Best is trial 8 with value: 316.5908203125.
LOCAL_RANK: 0 - CUDA_VISIBLE_DEVICES: [0]
[I 2023-11-30 03:46:27,722] Trial 11 finished with value: 352.8232727050781 and parameters: {'gradient_clip_val': 0.34250911523853167, 'hidden_size': 100, 'dropout': 0.37444921356340577, 'hidden_continuous_size': 24, 'attention_head_size': 1, 'learning_rate': 0.008849717919156435}. Best is trial 8 with value: 316.5908203125.
LOCAL_RANK: 0 - CUDA_VISIBLE_DEVICES: [0]
[I 2023-11-30 03:46:40,121] Trial 12 finished with value: 377.0926513671875 and parameters: {'gradient_clip_val': 0.3240936333900932, 'hidden_size': 34, 'dropout': 0.3920867231662134, 'hidden_continuous_size': 21, 'attention_head_size': 1, 'learning_rate': 0.004608310309400717}. Best is trial 8 with value: 316.5908203125.
LOCAL_RANK: 0 - CUDA_VISIBLE_DEVICES: [0]
[I 2023-11-30 03:46:53,409] Trial 13 finished with value: 371.6400451660156 and parameters: {'gradient_clip_val': 0.19816446637982849, 'hidden_size': 81, 'dropout': 0.3016430621563153, 'hidden_continuous_size': 33, 'attention_head_size': 2, 'learning_rate': 0.017384619663275237}. Best is trial 8 with value: 316.5908203125.
LOCAL_RANK: 0 - CUDA_VISIBLE_DEVICES: [0]
[I 2023-11-30 03:47:07,467] Trial 14 finished with value: 334.5827331542969 and parameters: {'gradient_clip_val': 0.10927072556467579, 'hidden_size': 134, 'dropout': 0.24953583242250335, 'hidden_continuous_size': 38, 'attention_head_size': 4, 'learning_rate': 0.005261586963378861}. Best is trial 8 with value: 316.5908203125.
LOCAL_RANK: 0 - CUDA_VISIBLE_DEVICES: [0]
[I 2023-11-30 03:47:21,508] Trial 15 finished with value: 283.2855224609375 and parameters: {'gradient_clip_val': 0.1005175598616435, 'hidden_size': 134, 'dropout': 0.22752233654617063, 'hidden_continuous_size': 51, 'attention_head_size': 2, 'learning_rate': 0.014038771550019294}. Best is trial 15 with value: 283.2855224609375.
LOCAL_RANK: 0 - CUDA_VISIBLE_DEVICES: [0]
[I 2023-11-30 03:47:35,014] Trial 16 finished with value: 371.033935546875 and parameters: {'gradient_clip_val': 0.13492306066892493, 'hidden_size': 94, 'dropout': 0.20671994006463917, 'hidden_continuous_size': 52, 'attention_head_size': 1, 'learning_rate': 0.017547159664259078}. Best is trial 15 with value: 283.2855224609375.
LOCAL_RANK: 0 - CUDA_VISIBLE_DEVICES: [0]
[I 2023-11-30 03:47:49,271] Trial 17 finished with value: 419.3936462402344 and parameters: {'gradient_clip_val': 0.133729332613991, 'hidden_size': 138, 'dropout': 0.21458424321088096, 'hidden_continuous_size': 79, 'attention_head_size': 2, 'learning_rate': 0.014787782460293686}. Best is trial 15 with value: 283.2855224609375.
LOCAL_RANK: 0 - CUDA_VISIBLE_DEVICES: [0]
[I 2023-11-30 03:48:02,360] Trial 18 finished with value: 343.462646484375 and parameters: {'gradient_clip_val': 0.20089402246692054, 'hidden_size': 79, 'dropout': 0.28099755214804495, 'hidden_continuous_size': 26, 'attention_head_size': 1, 'learning_rate': 0.028402419582698773}. Best is trial 15 with value: 283.2855224609375.
LOCAL_RANK: 0 - CUDA_VISIBLE_DEVICES: [0]
[I 2023-11-30 03:48:15,703] Trial 19 finished with value: 364.8907165527344 and parameters: {'gradient_clip_val': 0.1260939571386594, 'hidden_size': 112, 'dropout': 0.233325680116369, 'hidden_continuous_size': 19, 'attention_head_size': 2, 'learning_rate': 0.012132173693375624}. Best is trial 15 with value: 283.2855224609375.
LOCAL_RANK: 0 - CUDA_VISIBLE_DEVICES: [0]
[I 2023-11-30 03:48:29,578] Trial 20 finished with value: 357.306396484375 and parameters: {'gradient_clip_val': 0.2571093228674237, 'hidden_size': 144, 'dropout': 0.18857989212906406, 'hidden_continuous_size': 27, 'attention_head_size': 1, 'learning_rate': 0.00363591787625645}. Best is trial 15 with value: 283.2855224609375.
LOCAL_RANK: 0 - CUDA_VISIBLE_DEVICES: [0]
[I 2023-11-30 03:48:43,550] Trial 21 finished with value: 336.9987487792969 and parameters: {'gradient_clip_val': 0.10273108624880407, 'hidden_size': 148, 'dropout': 0.26297425082060516, 'hidden_continuous_size': 46, 'attention_head_size': 2, 'learning_rate': 0.006207112174988638}. Best is trial 15 with value: 283.2855224609375.
LOCAL_RANK: 0 - CUDA_VISIBLE_DEVICES: [0]
[I 2023-11-30 03:48:56,695] Trial 22 finished with value: 291.2214050292969 and parameters: {'gradient_clip_val': 0.15908891867058825, 'hidden_size': 79, 'dropout': 0.23947968317207036, 'hidden_continuous_size': 31, 'attention_head_size': 3, 'learning_rate': 0.010662459144582715}. Best is trial 15 with value: 283.2855224609375.
LOCAL_RANK: 0 - CUDA_VISIBLE_DEVICES: [0]
[I 2023-11-30 03:49:09,947] Trial 23 finished with value: 284.3262023925781 and parameters: {'gradient_clip_val': 0.14928968138215237, 'hidden_size': 82, 'dropout': 0.2305169797862672, 'hidden_continuous_size': 31, 'attention_head_size': 3, 'learning_rate': 0.00928356313324508}. Best is trial 15 with value: 283.2855224609375.
LOCAL_RANK: 0 - CUDA_VISIBLE_DEVICES: [0]
[I 2023-11-30 03:49:23,723] Trial 24 finished with value: 439.531494140625 and parameters: {'gradient_clip_val': 0.16316519923190823, 'hidden_size': 98, 'dropout': 0.3021056053794823, 'hidden_continuous_size': 31, 'attention_head_size': 3, 'learning_rate': 0.012347606849352122}. Best is trial 15 with value: 283.2855224609375.
LOCAL_RANK: 0 - CUDA_VISIBLE_DEVICES: [0]
[I 2023-11-30 03:49:36,932] Trial 25 finished with value: 359.2281188964844 and parameters: {'gradient_clip_val': 0.1573372457035262, 'hidden_size': 69, 'dropout': 0.17396081801325333, 'hidden_continuous_size': 29, 'attention_head_size': 3, 'learning_rate': 0.022330195827955666}. Best is trial 15 with value: 283.2855224609375.
LOCAL_RANK: 0 - CUDA_VISIBLE_DEVICES: [0]
[I 2023-11-30 03:49:50,618] Trial 26 finished with value: 333.8652038574219 and parameters: {'gradient_clip_val': 0.2552725597931171, 'hidden_size': 116, 'dropout': 0.22909214764093028, 'hidden_continuous_size': 44, 'attention_head_size': 3, 'learning_rate': 0.011199341144300193}. Best is trial 15 with value: 283.2855224609375.
LOCAL_RANK: 0 - CUDA_VISIBLE_DEVICES: [0]
[I 2023-11-30 03:50:04,051] Trial 27 finished with value: 284.1915588378906 and parameters: {'gradient_clip_val': 0.15752956853971936, 'hidden_size': 87, 'dropout': 0.2201424153028651, 'hidden_continuous_size': 30, 'attention_head_size': 3, 'learning_rate': 0.008949168701617882}. Best is trial 15 with value: 283.2855224609375.
LOCAL_RANK: 0 - CUDA_VISIBLE_DEVICES: [0]
[I 2023-11-30 03:50:17,686] Trial 28 finished with value: 325.0143127441406 and parameters: {'gradient_clip_val': 0.10872417866678631, 'hidden_size': 99, 'dropout': 0.21934944522072386, 'hidden_continuous_size': 43, 'attention_head_size': 2, 'learning_rate': 0.00682353554575693}. Best is trial 15 with value: 283.2855224609375.
LOCAL_RANK: 0 - CUDA_VISIBLE_DEVICES: [0]
[I 2023-11-30 03:50:30,914] Trial 29 finished with value: 321.8030700683594 and parameters: {'gradient_clip_val': 0.10250833441988323, 'hidden_size': 61, 'dropout': 0.25844722357957467, 'hidden_continuous_size': 25, 'attention_head_size': 3, 'learning_rate': 0.009466703294787245}. Best is trial 15 with value: 283.2855224609375.
LOCAL_RANK: 0 - CUDA_VISIBLE_DEVICES: [0]
[I 2023-11-30 03:50:44,723] Trial 30 finished with value: 301.859130859375 and parameters: {'gradient_clip_val': 0.12309472791674175, 'hidden_size': 122, 'dropout': 0.18621984255844495, 'hidden_continuous_size': 58, 'attention_head_size': 2, 'learning_rate': 0.007194101706263962}. Best is trial 15 with value: 283.2855224609375.
LOCAL_RANK: 0 - CUDA_VISIBLE_DEVICES: [0]
[I 2023-11-30 03:50:57,852] Trial 31 finished with value: 288.4966125488281 and parameters: {'gradient_clip_val': 0.15718248741468618, 'hidden_size': 87, 'dropout': 0.24718751568928593, 'hidden_continuous_size': 30, 'attention_head_size': 3, 'learning_rate': 0.009977045331503528}. Best is trial 15 with value: 283.2855224609375.
LOCAL_RANK: 0 - CUDA_VISIBLE_DEVICES: [0]
[I 2023-11-30 03:51:11,347] Trial 32 finished with value: 365.908203125 and parameters: {'gradient_clip_val': 0.14554052567651338, 'hidden_size': 89, 'dropout': 0.25286196728952043, 'hidden_continuous_size': 35, 'attention_head_size': 3, 'learning_rate': 0.01495469198651719}. Best is trial 15 with value: 283.2855224609375.
LOCAL_RANK: 0 - CUDA_VISIBLE_DEVICES: [0]
[I 2023-11-30 03:51:24,577] Trial 33 finished with value: 309.5039978027344 and parameters: {'gradient_clip_val': 0.19135567213044294, 'hidden_size': 69, 'dropout': 0.2825109043434779, 'hidden_continuous_size': 29, 'attention_head_size': 4, 'learning_rate': 0.008356018557463561}. Best is trial 15 with value: 283.2855224609375.
LOCAL_RANK: 0 - CUDA_VISIBLE_DEVICES: [0]
[I 2023-11-30 03:51:38,330] Trial 34 finished with value: 282.2527160644531 and parameters: {'gradient_clip_val': 0.11876373430562534, 'hidden_size': 111, 'dropout': 0.22126603775735781, 'hidden_continuous_size': 36, 'attention_head_size': 3, 'learning_rate': 0.020486019108459617}. Best is trial 34 with value: 282.2527160644531.
LOCAL_RANK: 0 - CUDA_VISIBLE_DEVICES: [0]
[I 2023-11-30 03:51:52,043] Trial 35 finished with value: 305.2381286621094 and parameters: {'gradient_clip_val': 0.1138504624736827, 'hidden_size': 116, 'dropout': 0.22200764825823915, 'hidden_continuous_size': 37, 'attention_head_size': 3, 'learning_rate': 0.03470243793119198}. Best is trial 34 with value: 282.2527160644531.
LOCAL_RANK: 0 - CUDA_VISIBLE_DEVICES: [0]
[I 2023-11-30 03:52:05,643] Trial 36 finished with value: 292.1755676269531 and parameters: {'gradient_clip_val': 0.1007068751259368, 'hidden_size': 104, 'dropout': 0.2111707304648326, 'hidden_continuous_size': 39, 'attention_head_size': 4, 'learning_rate': 0.021482795682466294}. Best is trial 34 with value: 282.2527160644531.
LOCAL_RANK: 0 - CUDA_VISIBLE_DEVICES: [0]
[I 2023-11-30 03:52:19,394] Trial 37 finished with value: 366.0806884765625 and parameters: {'gradient_clip_val': 0.13723178038135903, 'hidden_size': 129, 'dropout': 0.19734131115834772, 'hidden_continuous_size': 14, 'attention_head_size': 3, 'learning_rate': 0.013393326157842554}. Best is trial 34 with value: 282.2527160644531.
LOCAL_RANK: 0 - CUDA_VISIBLE_DEVICES: [0]
[I 2023-11-30 03:52:33,514] Trial 38 finished with value: 409.8794860839844 and parameters: {'gradient_clip_val': 0.11754348819220374, 'hidden_size': 145, 'dropout': 0.23805803676529347, 'hidden_continuous_size': 63, 'attention_head_size': 2, 'learning_rate': 0.041133815742557374}. Best is trial 34 with value: 282.2527160644531.
LOCAL_RANK: 0 - CUDA_VISIBLE_DEVICES: [0]
[I 2023-11-30 03:52:47,188] Trial 39 finished with value: 297.5238952636719 and parameters: {'gradient_clip_val': 0.17968781133183664, 'hidden_size': 107, 'dropout': 0.1641486937619867, 'hidden_continuous_size': 33, 'attention_head_size': 3, 'learning_rate': 0.02089994840924688}. Best is trial 34 with value: 282.2527160644531.
LOCAL_RANK: 0 - CUDA_VISIBLE_DEVICES: [0]
[I 2023-11-30 03:53:00,603] Trial 40 finished with value: 283.1869812011719 and parameters: {'gradient_clip_val': 0.14310663507764246, 'hidden_size': 68, 'dropout': 0.22241689373554388, 'hidden_continuous_size': 35, 'attention_head_size': 4, 'learning_rate': 0.027332477359850813}. Best is trial 34 with value: 282.2527160644531.
LOCAL_RANK: 0 - CUDA_VISIBLE_DEVICES: [0]
[I 2023-11-30 03:53:13,773] Trial 41 finished with value: 381.2194519042969 and parameters: {'gradient_clip_val': 0.13915240908150636, 'hidden_size': 68, 'dropout': 0.21679501178431973, 'hidden_continuous_size': 41, 'attention_head_size': 4, 'learning_rate': 0.027555576429395615}. Best is trial 34 with value: 282.2527160644531.
LOCAL_RANK: 0 - CUDA_VISIBLE_DEVICES: [0]
[I 2023-11-30 03:53:26,856] Trial 42 finished with value: 325.6509704589844 and parameters: {'gradient_clip_val': 0.1214204808061224, 'hidden_size': 49, 'dropout': 0.23266750274029463, 'hidden_continuous_size': 33, 'attention_head_size': 4, 'learning_rate': 0.04485796366352785}. Best is trial 34 with value: 282.2527160644531.
LOCAL_RANK: 0 - CUDA_VISIBLE_DEVICES: [0]
[I 2023-11-30 03:53:40,297] Trial 43 finished with value: 426.864990234375 and parameters: {'gradient_clip_val': 0.1446685298851292, 'hidden_size': 92, 'dropout': 0.1953297015095998, 'hidden_continuous_size': 48, 'attention_head_size': 3, 'learning_rate': 0.016899288637648554}. Best is trial 34 with value: 282.2527160644531.
LOCAL_RANK: 0 - CUDA_VISIBLE_DEVICES: [0]
[I 2023-11-30 03:53:54,295] Trial 44 finished with value: 288.4778137207031 and parameters: {'gradient_clip_val': 0.11847142422525538, 'hidden_size': 127, 'dropout': 0.26706765402582533, 'hidden_continuous_size': 40, 'attention_head_size': 4, 'learning_rate': 0.02435437635024504}. Best is trial 34 with value: 282.2527160644531.
LOCAL_RANK: 0 - CUDA_VISIBLE_DEVICES: [0]
[I 2023-11-30 03:54:07,998] Trial 45 finished with value: 303.8672790527344 and parameters: {'gradient_clip_val': 0.17518539078347625, 'hidden_size': 86, 'dropout': 0.22065513855011323, 'hidden_continuous_size': 35, 'attention_head_size': 3, 'learning_rate': 0.09430636380450998}. Best is trial 34 with value: 282.2527160644531.
LOCAL_RANK: 0 - CUDA_VISIBLE_DEVICES: [0]
[I 2023-11-30 03:54:21,708] Trial 46 finished with value: 329.3431701660156 and parameters: {'gradient_clip_val': 0.14296034016404408, 'hidden_size': 103, 'dropout': 0.20300807616978572, 'hidden_continuous_size': 28, 'attention_head_size': 4, 'learning_rate': 0.019320326272243036}. Best is trial 34 with value: 282.2527160644531.
LOCAL_RANK: 0 - CUDA_VISIBLE_DEVICES: [0]
[I 2023-11-30 03:54:34,687] Trial 47 finished with value: 350.1630554199219 and parameters: {'gradient_clip_val': 0.11064843696250515, 'hidden_size': 72, 'dropout': 0.23956605313980872, 'hidden_continuous_size': 24, 'attention_head_size': 2, 'learning_rate': 0.014984555902216977}. Best is trial 34 with value: 282.2527160644531.
LOCAL_RANK: 0 - CUDA_VISIBLE_DEVICES: [0]
[I 2023-11-30 03:54:47,811] Trial 48 finished with value: 306.252197265625 and parameters: {'gradient_clip_val': 0.12479981052898217, 'hidden_size': 58, 'dropout': 0.18440190336078027, 'hidden_continuous_size': 36, 'attention_head_size': 3, 'learning_rate': 0.007788076217764449}. Best is trial 34 with value: 282.2527160644531.
LOCAL_RANK: 0 - CUDA_VISIBLE_DEVICES: [0]
[I 2023-11-30 03:55:01,657] Trial 49 finished with value: 296.7532043457031 and parameters: {'gradient_clip_val': 0.15089901207132705, 'hidden_size': 125, 'dropout': 0.25054186773413945, 'hidden_continuous_size': 50, 'attention_head_size': 2, 'learning_rate': 0.010879153898091569}. Best is trial 34 with value: 282.2527160644531.
LOCAL_RANK: 0 - CUDA_VISIBLE_DEVICES: [0]
[I 2023-11-30 03:55:15,505] Trial 50 finished with value: 323.7308044433594 and parameters: {'gradient_clip_val': 0.1764363916224473, 'hidden_size': 90, 'dropout': 0.14222416290963044, 'hidden_continuous_size': 42, 'attention_head_size': 4, 'learning_rate': 0.017335627990841252}. Best is trial 34 with value: 282.2527160644531.
LOCAL_RANK: 0 - CUDA_VISIBLE_DEVICES: [0]
[I 2023-11-30 03:55:29,364] Trial 51 finished with value: 284.914306640625 and parameters: {'gradient_clip_val': 0.13002546502581297, 'hidden_size': 131, 'dropout': 0.26124075922937934, 'hidden_continuous_size': 39, 'attention_head_size': 4, 'learning_rate': 0.023090552691523554}. Best is trial 34 with value: 282.2527160644531.
LOCAL_RANK: 0 - CUDA_VISIBLE_DEVICES: [0]
[I 2023-11-30 03:55:43,082] Trial 52 finished with value: 287.075927734375 and parameters: {'gradient_clip_val': 0.12900712706475148, 'hidden_size': 112, 'dropout': 0.20635450392623786, 'hidden_continuous_size': 34, 'attention_head_size': 4, 'learning_rate': 0.026847685184762566}. Best is trial 34 with value: 282.2527160644531.
LOCAL_RANK: 0 - CUDA_VISIBLE_DEVICES: [0]
[I 2023-11-30 03:55:56,870] Trial 53 finished with value: 240.4764404296875 and parameters: {'gradient_clip_val': 0.13334152667371596, 'hidden_size': 132, 'dropout': 0.22774284270476128, 'hidden_continuous_size': 22, 'attention_head_size': 4, 'learning_rate': 0.022494627506472006}. Best is trial 53 with value: 240.4764404296875.
LOCAL_RANK: 0 - CUDA_VISIBLE_DEVICES: [0]
[I 2023-11-30 03:56:11,050] Trial 54 finished with value: 216.28675842285156 and parameters: {'gradient_clip_val': 0.11238369287053314, 'hidden_size': 149, 'dropout': 0.22464994599552773, 'hidden_continuous_size': 23, 'attention_head_size': 4, 'learning_rate': 0.012614685942093562}. Best is trial 54 with value: 216.28675842285156.
LOCAL_RANK: 0 - CUDA_VISIBLE_DEVICES: [0]
[I 2023-11-30 03:56:25,380] Trial 55 finished with value: 314.7189636230469 and parameters: {'gradient_clip_val': 0.10954059441539, 'hidden_size': 145, 'dropout': 0.2246497273931754, 'hidden_continuous_size': 23, 'attention_head_size': 4, 'learning_rate': 0.012915951898276554}. Best is trial 54 with value: 216.28675842285156.
LOCAL_RANK: 0 - CUDA_VISIBLE_DEVICES: [0]
[I 2023-11-30 03:56:39,460] Trial 56 finished with value: 338.3832092285156 and parameters: {'gradient_clip_val': 0.10211929293631569, 'hidden_size': 148, 'dropout': 0.2121924028851445, 'hidden_continuous_size': 19, 'attention_head_size': 4, 'learning_rate': 0.032986185717296196}. Best is trial 54 with value: 216.28675842285156.
LOCAL_RANK: 0 - CUDA_VISIBLE_DEVICES: [0]
[I 2023-11-30 03:56:52,844] Trial 57 finished with value: 318.4906921386719 and parameters: {'gradient_clip_val': 0.11784816422778334, 'hidden_size': 112, 'dropout': 0.24180321160995444, 'hidden_continuous_size': 26, 'attention_head_size': 4, 'learning_rate': 0.019337594699818002}. Best is trial 54 with value: 216.28675842285156.
LOCAL_RANK: 0 - CUDA_VISIBLE_DEVICES: [0]
[I 2023-11-30 03:57:06,825] Trial 58 finished with value: 370.7175598144531 and parameters: {'gradient_clip_val': 0.12942759435634044, 'hidden_size': 135, 'dropout': 0.20408017418860902, 'hidden_continuous_size': 19, 'attention_head_size': 4, 'learning_rate': 0.016316293964396697}. Best is trial 54 with value: 216.28675842285156.
LOCAL_RANK: 0 - CUDA_VISIBLE_DEVICES: [0]
[I 2023-11-30 03:57:20,283] Trial 59 finished with value: 267.0321044921875 and parameters: {'gradient_clip_val': 0.1123132540700636, 'hidden_size': 97, 'dropout': 0.22929213831850592, 'hidden_continuous_size': 27, 'attention_head_size': 4, 'learning_rate': 0.01356419016899796}. Best is trial 54 with value: 216.28675842285156.
LOCAL_RANK: 0 - CUDA_VISIBLE_DEVICES: [0]
