[I 2023-11-29 22:29:39,366] Trial 42 finished with value: 341.0267639160156 and parameters: {'gradient_clip_val': 0.4874339303927634, 'hidden_size': 103, 'dropout': 0.10350778304795552, 'hidden_continuous_size': 29, 'attention_head_size': 3, 'learning_rate': 0.0021025455152706637}. Best is trial 18 with value: 306.7728576660156.
LOCAL_RANK: 0 - CUDA_VISIBLE_DEVICES: [0]
[I 2023-11-29 22:29:53,385] Trial 43 finished with value: 364.7263488769531 and parameters: {'gradient_clip_val': 0.5669952384793744, 'hidden_size': 118, 'dropout': 0.1308509134214477, 'hidden_continuous_size': 38, 'attention_head_size': 3, 'learning_rate': 0.004727571184929517}. Best is trial 18 with value: 306.7728576660156.
LOCAL_RANK: 0 - CUDA_VISIBLE_DEVICES: [0]
[I 2023-11-29 22:30:07,915] Trial 44 finished with value: 377.2680969238281 and parameters: {'gradient_clip_val': 0.427914986203373, 'hidden_size': 142, 'dropout': 0.1443858630171177, 'hidden_continuous_size': 38, 'attention_head_size': 3, 'learning_rate': 0.0030872146551684417}. Best is trial 18 with value: 306.7728576660156.
LOCAL_RANK: 0 - CUDA_VISIBLE_DEVICES: [0]
[I 2023-11-29 22:30:21,514] Trial 45 finished with value: 407.3153381347656 and parameters: {'gradient_clip_val': 0.5111481552866105, 'hidden_size': 95, 'dropout': 0.10065111822628929, 'hidden_continuous_size': 25, 'attention_head_size': 2, 'learning_rate': 0.0012354750067948505}. Best is trial 18 with value: 306.7728576660156.
LOCAL_RANK: 0 - CUDA_VISIBLE_DEVICES: [0]
[I 2023-11-29 22:30:35,721] Trial 46 finished with value: 341.0616455078125 and parameters: {'gradient_clip_val': 0.6275946784480307, 'hidden_size': 150, 'dropout': 0.12136070243875047, 'hidden_continuous_size': 42, 'attention_head_size': 1, 'learning_rate': 0.0016957084194348668}. Best is trial 18 with value: 306.7728576660156.
LOCAL_RANK: 0 - CUDA_VISIBLE_DEVICES: [0]
[I 2023-11-29 22:30:49,775] Trial 47 finished with value: 345.6132507324219 and parameters: {'gradient_clip_val': 0.38571998229526744, 'hidden_size': 129, 'dropout': 0.22458622449053037, 'hidden_continuous_size': 32, 'attention_head_size': 3, 'learning_rate': 0.0021415269696289426}. Best is trial 18 with value: 306.7728576660156.
LOCAL_RANK: 0 - CUDA_VISIBLE_DEVICES: [0]
[I 2023-11-29 22:31:03,269] Trial 48 finished with value: 361.5553894042969 and parameters: {'gradient_clip_val': 0.3344908092379516, 'hidden_size': 85, 'dropout': 0.17723041000125533, 'hidden_continuous_size': 28, 'attention_head_size': 3, 'learning_rate': 0.001313429060203495}. Best is trial 18 with value: 306.7728576660156.
LOCAL_RANK: 0 - CUDA_VISIBLE_DEVICES: [0]
[I 2023-11-29 22:31:16,980] Trial 49 finished with value: 321.3174133300781 and parameters: {'gradient_clip_val': 0.4618096706594384, 'hidden_size': 96, 'dropout': 0.13572061246494035, 'hidden_continuous_size': 29, 'attention_head_size': 2, 'learning_rate': 0.0017953849990361757}. Best is trial 18 with value: 306.7728576660156.
LOCAL_RANK: 0 - CUDA_VISIBLE_DEVICES: [0]
[I 2023-11-29 22:31:29,935] Trial 50 finished with value: 425.60546875 and parameters: {'gradient_clip_val': 0.670520244628906, 'hidden_size': 49, 'dropout': 0.12026584784905626, 'hidden_continuous_size': 24, 'attention_head_size': 3, 'learning_rate': 0.002754146825936314}. Best is trial 18 with value: 306.7728576660156.
LOCAL_RANK: 0 - CUDA_VISIBLE_DEVICES: [0]
[I 2023-11-29 22:31:43,540] Trial 51 finished with value: 356.9964599609375 and parameters: {'gradient_clip_val': 0.2943408624654942, 'hidden_size': 90, 'dropout': 0.11131828013293979, 'hidden_continuous_size': 18, 'attention_head_size': 4, 'learning_rate': 0.007068802619524658}. Best is trial 18 with value: 306.7728576660156.
LOCAL_RANK: 0 - CUDA_VISIBLE_DEVICES: [0]
[I 2023-11-29 22:31:57,316] Trial 52 finished with value: 363.48681640625 and parameters: {'gradient_clip_val': 0.331804875862011, 'hidden_size': 105, 'dropout': 0.2076593890691012, 'hidden_continuous_size': 20, 'attention_head_size': 4, 'learning_rate': 0.003696865535256764}. Best is trial 18 with value: 306.7728576660156.
LOCAL_RANK: 0 - CUDA_VISIBLE_DEVICES: [0]
[I 2023-11-29 22:32:11,361] Trial 53 finished with value: 336.83209228515625 and parameters: {'gradient_clip_val': 0.5512959346126654, 'hidden_size': 120, 'dropout': 0.2633086743650711, 'hidden_continuous_size': 33, 'attention_head_size': 4, 'learning_rate': 0.005169641216384013}. Best is trial 18 with value: 306.7728576660156.
LOCAL_RANK: 0 - CUDA_VISIBLE_DEVICES: [0]
[I 2023-11-29 22:32:25,151] Trial 54 finished with value: 318.07952880859375 and parameters: {'gradient_clip_val': 0.38879830746964655, 'hidden_size': 75, 'dropout': 0.2336794955168634, 'hidden_continuous_size': 26, 'attention_head_size': 4, 'learning_rate': 0.004065944351305171}. Best is trial 18 with value: 306.7728576660156.
LOCAL_RANK: 0 - CUDA_VISIBLE_DEVICES: [0]
[I 2023-11-29 22:32:38,689] Trial 55 finished with value: 306.6550598144531 and parameters: {'gradient_clip_val': 0.4870076860447701, 'hidden_size': 65, 'dropout': 0.22837755171927984, 'hidden_continuous_size': 26, 'attention_head_size': 4, 'learning_rate': 0.003895013876973815}. Best is trial 55 with value: 306.6550598144531.
LOCAL_RANK: 0 - CUDA_VISIBLE_DEVICES: [0]
[I 2023-11-29 22:32:52,088] Trial 56 finished with value: 353.4891662597656 and parameters: {'gradient_clip_val': 0.39564237665174357, 'hidden_size': 65, 'dropout': 0.2306303766947102, 'hidden_continuous_size': 26, 'attention_head_size': 4, 'learning_rate': 0.0040159245806818305}. Best is trial 55 with value: 306.6550598144531.
LOCAL_RANK: 0 - CUDA_VISIBLE_DEVICES: [0]
[I 2023-11-29 22:33:05,486] Trial 57 finished with value: 317.7895812988281 and parameters: {'gradient_clip_val': 0.36220227816699224, 'hidden_size': 75, 'dropout': 0.21783465960721762, 'hidden_continuous_size': 23, 'attention_head_size': 4, 'learning_rate': 0.003343442226413565}. Best is trial 55 with value: 306.6550598144531.
LOCAL_RANK: 0 - CUDA_VISIBLE_DEVICES: [0]
[I 2023-11-29 22:33:18,724] Trial 58 finished with value: 343.0931701660156 and parameters: {'gradient_clip_val': 0.35157817020430815, 'hidden_size': 55, 'dropout': 0.21245073211624876, 'hidden_continuous_size': 23, 'attention_head_size': 4, 'learning_rate': 0.003295657664319517}. Best is trial 55 with value: 306.6550598144531.
LOCAL_RANK: 0 - CUDA_VISIBLE_DEVICES: [0]
[I 2023-11-29 22:33:32,504] Trial 59 finished with value: 319.3221130371094 and parameters: {'gradient_clip_val': 0.28045131759883546, 'hidden_size': 79, 'dropout': 0.19162023814244925, 'hidden_continuous_size': 30, 'attention_head_size': 4, 'learning_rate': 0.004813621500627787}. Best is trial 55 with value: 306.6550598144531.
LOCAL_RANK: 0 - CUDA_VISIBLE_DEVICES: [0]
[I 2023-11-29 22:33:45,885] Trial 60 finished with value: 354.0393981933594 and parameters: {'gradient_clip_val': 0.44116635923893716, 'hidden_size': 65, 'dropout': 0.21807315515966594, 'hidden_continuous_size': 27, 'attention_head_size': 4, 'learning_rate': 0.0027396472763001295}. Best is trial 55 with value: 306.6550598144531.
LOCAL_RANK: 0 - CUDA_VISIBLE_DEVICES: [0]
[I 2023-11-29 22:33:59,457] Trial 61 finished with value: 339.1647644042969 and parameters: {'gradient_clip_val': 0.38817132274854554, 'hidden_size': 71, 'dropout': 0.23442756826998187, 'hidden_continuous_size': 26, 'attention_head_size': 4, 'learning_rate': 0.0034532295833784826}. Best is trial 55 with value: 306.6550598144531.
LOCAL_RANK: 0 - CUDA_VISIBLE_DEVICES: [0]
[I 2023-11-29 22:34:12,927] Trial 62 finished with value: 347.8905334472656 and parameters: {'gradient_clip_val': 0.3198175000528422, 'hidden_size': 75, 'dropout': 0.24801350304926423, 'hidden_continuous_size': 23, 'attention_head_size': 4, 'learning_rate': 0.004049325568641016}. Best is trial 55 with value: 306.6550598144531.
LOCAL_RANK: 0 - CUDA_VISIBLE_DEVICES: [0]
[I 2023-11-29 22:34:26,699] Trial 63 finished with value: 329.664794921875 and parameters: {'gradient_clip_val': 0.5025980707662249, 'hidden_size': 88, 'dropout': 0.24261413034604576, 'hidden_continuous_size': 30, 'attention_head_size': 4, 'learning_rate': 0.0053771668149806195}. Best is trial 55 with value: 306.6550598144531.
LOCAL_RANK: 0 - CUDA_VISIBLE_DEVICES: [0]
[I 2023-11-29 22:34:40,298] Trial 64 finished with value: 338.9126281738281 and parameters: {'gradient_clip_val': 0.36363989808363406, 'hidden_size': 92, 'dropout': 0.25853598938562183, 'hidden_continuous_size': 21, 'attention_head_size': 4, 'learning_rate': 0.004309384031624646}. Best is trial 55 with value: 306.6550598144531.
LOCAL_RANK: 0 - CUDA_VISIBLE_DEVICES: [0]
[I 2023-11-29 22:34:54,490] Trial 65 finished with value: 323.0834655761719 and parameters: {'gradient_clip_val': 0.25151863575233036, 'hidden_size': 133, 'dropout': 0.2259351502539509, 'hidden_continuous_size': 18, 'attention_head_size': 4, 'learning_rate': 0.003257048640072599}. Best is trial 55 with value: 306.6550598144531.
LOCAL_RANK: 0 - CUDA_VISIBLE_DEVICES: [0]
[I 2023-11-29 22:35:08,101] Trial 66 finished with value: 322.8597106933594 and parameters: {'gradient_clip_val': 0.39703590212920276, 'hidden_size': 77, 'dropout': 0.27512057755454833, 'hidden_continuous_size': 24, 'attention_head_size': 4, 'learning_rate': 0.0025711946500721994}. Best is trial 55 with value: 306.6550598144531.
LOCAL_RANK: 0 - CUDA_VISIBLE_DEVICES: [0]
[I 2023-11-29 22:35:21,715] Trial 67 finished with value: 326.0086669921875 and parameters: {'gradient_clip_val': 0.2993701177105706, 'hidden_size': 84, 'dropout': 0.23551556203188556, 'hidden_continuous_size': 28, 'attention_head_size': 4, 'learning_rate': 0.0030609166056759364}. Best is trial 55 with value: 306.6550598144531.
LOCAL_RANK: 0 - CUDA_VISIBLE_DEVICES: [0]
[I 2023-11-29 22:35:35,836] Trial 68 finished with value: 346.7594299316406 and parameters: {'gradient_clip_val': 0.5550704872770545, 'hidden_size': 115, 'dropout': 0.2587719704109928, 'hidden_continuous_size': 21, 'attention_head_size': 4, 'learning_rate': 0.002046925643114341}. Best is trial 55 with value: 306.6550598144531.
LOCAL_RANK: 0 - CUDA_VISIBLE_DEVICES: [0]
[I 2023-11-29 22:35:49,641] Trial 69 finished with value: 344.158935546875 and parameters: {'gradient_clip_val': 0.48786838489306694, 'hidden_size': 98, 'dropout': 0.24117579473003353, 'hidden_continuous_size': 32, 'attention_head_size': 4, 'learning_rate': 0.002428102539910437}. Best is trial 55 with value: 306.6550598144531.
LOCAL_RANK: 0 - CUDA_VISIBLE_DEVICES: [0]
[I 2023-11-29 22:36:02,802] Trial 70 finished with value: 356.971435546875 and parameters: {'gradient_clip_val': 0.4333364549983178, 'hidden_size': 57, 'dropout': 0.21310021490861397, 'hidden_continuous_size': 25, 'attention_head_size': 1, 'learning_rate': 0.006161688756607303}. Best is trial 55 with value: 306.6550598144531.
LOCAL_RANK: 0 - CUDA_VISIBLE_DEVICES: [0]
[I 2023-11-29 22:36:16,847] Trial 71 finished with value: 319.94464111328125 and parameters: {'gradient_clip_val': 0.6064595116703914, 'hidden_size': 107, 'dropout': 0.22162445698075664, 'hidden_continuous_size': 34, 'attention_head_size': 3, 'learning_rate': 0.002387580041907269}. Best is trial 55 with value: 306.6550598144531.
LOCAL_RANK: 0 - CUDA_VISIBLE_DEVICES: [0]
[I 2023-11-29 22:36:30,595] Trial 72 finished with value: 412.6228332519531 and parameters: {'gradient_clip_val': 0.4647436069652093, 'hidden_size': 102, 'dropout': 0.11335722258512533, 'hidden_continuous_size': 27, 'attention_head_size': 3, 'learning_rate': 0.003700014217583656}. Best is trial 55 with value: 306.6550598144531.
LOCAL_RANK: 0 - CUDA_VISIBLE_DEVICES: [0]
[I 2023-11-29 22:36:44,359] Trial 73 finished with value: 370.9014587402344 and parameters: {'gradient_clip_val': 0.5315694562614436, 'hidden_size': 70, 'dropout': 0.20212928755283807, 'hidden_continuous_size': 30, 'attention_head_size': 4, 'learning_rate': 0.0021220482662532725}. Best is trial 55 with value: 306.6550598144531.
LOCAL_RANK: 0 - CUDA_VISIBLE_DEVICES: [0]
[I 2023-11-29 22:36:58,339] Trial 74 finished with value: 317.4824523925781 and parameters: {'gradient_clip_val': 0.34943608543649873, 'hidden_size': 113, 'dropout': 0.1822089562063184, 'hidden_continuous_size': 35, 'attention_head_size': 3, 'learning_rate': 0.001852784175930573}. Best is trial 55 with value: 306.6550598144531.
LOCAL_RANK: 0 - CUDA_VISIBLE_DEVICES: [0]
[I 2023-11-29 22:37:12,381] Trial 75 finished with value: 331.970947265625 and parameters: {'gradient_clip_val': 0.34740371781838564, 'hidden_size': 121, 'dropout': 0.1820002616750885, 'hidden_continuous_size': 22, 'attention_head_size': 4, 'learning_rate': 0.0018951049956119107}. Best is trial 55 with value: 306.6550598144531.
LOCAL_RANK: 0 - CUDA_VISIBLE_DEVICES: [0]
[I 2023-11-29 22:37:26,258] Trial 76 finished with value: 324.9836120605469 and parameters: {'gradient_clip_val': 0.36682799165080743, 'hidden_size': 114, 'dropout': 0.24991631570454315, 'hidden_continuous_size': 19, 'attention_head_size': 3, 'learning_rate': 0.0028699604020823604}. Best is trial 55 with value: 306.6550598144531.
LOCAL_RANK: 0 - CUDA_VISIBLE_DEVICES: [0]
[I 2023-11-29 22:37:40,518] Trial 77 finished with value: 334.0124816894531 and parameters: {'gradient_clip_val': 0.3174143734758692, 'hidden_size': 133, 'dropout': 0.271012605725635, 'hidden_continuous_size': 36, 'attention_head_size': 4, 'learning_rate': 0.004496134440570444}. Best is trial 55 with value: 306.6550598144531.
LOCAL_RANK: 0 - CUDA_VISIBLE_DEVICES: [0]
[I 2023-11-29 22:37:54,260] Trial 78 finished with value: 337.4508361816406 and parameters: {'gradient_clip_val': 0.405094359806086, 'hidden_size': 83, 'dropout': 0.22681933835227988, 'hidden_continuous_size': 28, 'attention_head_size': 3, 'learning_rate': 0.0032601854648854054}. Best is trial 55 with value: 306.6550598144531.
LOCAL_RANK: 0 - CUDA_VISIBLE_DEVICES: [0]
[I 2023-11-29 22:38:08,048] Trial 79 finished with value: 296.3716735839844 and parameters: {'gradient_clip_val': 0.378860222074994, 'hidden_size': 94, 'dropout': 0.2555212512990523, 'hidden_continuous_size': 31, 'attention_head_size': 4, 'learning_rate': 0.0039049024336415515}. Best is trial 79 with value: 296.3716735839844.
LOCAL_RANK: 0 - CUDA_VISIBLE_DEVICES: [0]
[I 2023-11-29 22:38:21,545] Trial 80 finished with value: 335.8436584472656 and parameters: {'gradient_clip_val': 0.2884086934188075, 'hidden_size': 96, 'dropout': 0.25749760110383463, 'hidden_continuous_size': 31, 'attention_head_size': 3, 'learning_rate': 0.0050914909345390206}. Best is trial 79 with value: 296.3716735839844.
LOCAL_RANK: 0 - CUDA_VISIBLE_DEVICES: [0]
[I 2023-11-29 22:38:35,344] Trial 81 finished with value: 320.7157287597656 and parameters: {'gradient_clip_val': 0.3742682843493159, 'hidden_size': 92, 'dropout': 0.23933238792546388, 'hidden_continuous_size': 32, 'attention_head_size': 4, 'learning_rate': 0.003984684514182087}. Best is trial 79 with value: 296.3716735839844.
LOCAL_RANK: 0 - CUDA_VISIBLE_DEVICES: [0]
[I 2023-11-29 22:38:49,302] Trial 82 finished with value: 323.2867431640625 and parameters: {'gradient_clip_val': 0.3308834732345474, 'hidden_size': 107, 'dropout': 0.23361544022041242, 'hidden_continuous_size': 25, 'attention_head_size': 4, 'learning_rate': 0.0034361916306795757}. Best is trial 79 with value: 296.3716735839844.
LOCAL_RANK: 0 - CUDA_VISIBLE_DEVICES: [0]
[I 2023-11-29 22:39:03,113] Trial 83 finished with value: 336.0293273925781 and parameters: {'gradient_clip_val': 0.4448684456132837, 'hidden_size': 77, 'dropout': 0.28342852225455867, 'hidden_continuous_size': 26, 'attention_head_size': 4, 'learning_rate': 0.004587410994913306}. Best is trial 79 with value: 296.3716735839844.
LOCAL_RANK: 0 - CUDA_VISIBLE_DEVICES: [0]
[I 2023-11-29 22:39:17,375] Trial 84 finished with value: 350.128662109375 and parameters: {'gradient_clip_val': 0.42178324168173076, 'hidden_size': 141, 'dropout': 0.10001626354194831, 'hidden_continuous_size': 39, 'attention_head_size': 4, 'learning_rate': 0.002633869806836952}. Best is trial 79 with value: 296.3716735839844.
LOCAL_RANK: 0 - CUDA_VISIBLE_DEVICES: [0]
[I 2023-11-29 22:39:31,013] Trial 85 finished with value: 320.6440734863281 and parameters: {'gradient_clip_val': 0.3042751489415765, 'hidden_size': 86, 'dropout': 0.25413804139218493, 'hidden_continuous_size': 29, 'attention_head_size': 4, 'learning_rate': 0.0030354847942131915}. Best is trial 79 with value: 296.3716735839844.
LOCAL_RANK: 0 - CUDA_VISIBLE_DEVICES: [0]
[I 2023-11-29 22:39:45,126] Trial 86 finished with value: 318.0699768066406 and parameters: {'gradient_clip_val': 0.3435518383940301, 'hidden_size': 126, 'dropout': 0.2657049492202986, 'hidden_continuous_size': 23, 'attention_head_size': 4, 'learning_rate': 0.0018557559798091099}. Best is trial 79 with value: 296.3716735839844.
LOCAL_RANK: 0 - CUDA_VISIBLE_DEVICES: [0]
[I 2023-11-29 22:39:59,002] Trial 87 finished with value: 348.0032653808594 and parameters: {'gradient_clip_val': 0.3413431663502412, 'hidden_size': 120, 'dropout': 0.2661131615758827, 'hidden_continuous_size': 34, 'attention_head_size': 3, 'learning_rate': 0.0016300167301519111}. Best is trial 79 with value: 296.3716735839844.
LOCAL_RANK: 0 - CUDA_VISIBLE_DEVICES: [0]
[I 2023-11-29 22:40:12,816] Trial 88 finished with value: 351.0978698730469 and parameters: {'gradient_clip_val': 0.2792780813690235, 'hidden_size': 112, 'dropout': 0.24163819378420623, 'hidden_continuous_size': 24, 'attention_head_size': 2, 'learning_rate': 0.0018635459744610532}. Best is trial 79 with value: 296.3716735839844.
LOCAL_RANK: 0 - CUDA_VISIBLE_DEVICES: [0]
[I 2023-11-29 22:40:26,775] Trial 89 finished with value: 301.6960144042969 and parameters: {'gradient_clip_val': 0.3128847624833903, 'hidden_size': 124, 'dropout': 0.2738147416935028, 'hidden_continuous_size': 23, 'attention_head_size': 4, 'learning_rate': 0.002224920874230487}. Best is trial 79 with value: 296.3716735839844.
LOCAL_RANK: 0 - CUDA_VISIBLE_DEVICES: [0]
[I 2023-11-29 22:40:40,513] Trial 90 finished with value: 333.6958923339844 and parameters: {'gradient_clip_val': 0.3139455212942107, 'hidden_size': 97, 'dropout': 0.2806359709347974, 'hidden_continuous_size': 20, 'attention_head_size': 4, 'learning_rate': 0.002238549072050049}. Best is trial 79 with value: 296.3716735839844.
LOCAL_RANK: 0 - CUDA_VISIBLE_DEVICES: [0]
[I 2023-11-29 22:40:54,472] Trial 91 finished with value: 302.69659423828125 and parameters: {'gradient_clip_val': 0.2661623342325256, 'hidden_size': 126, 'dropout': 0.2648046115208627, 'hidden_continuous_size': 23, 'attention_head_size': 4, 'learning_rate': 0.0020045427239811535}. Best is trial 79 with value: 296.3716735839844.
LOCAL_RANK: 0 - CUDA_VISIBLE_DEVICES: [0]
[I 2023-11-29 22:41:08,549] Trial 92 finished with value: 295.8279113769531 and parameters: {'gradient_clip_val': 0.2647151276810275, 'hidden_size': 129, 'dropout': 0.27695809113934633, 'hidden_continuous_size': 21, 'attention_head_size': 4, 'learning_rate': 0.0025481424996423984}. Best is trial 92 with value: 295.8279113769531.
LOCAL_RANK: 0 - CUDA_VISIBLE_DEVICES: [0]
[I 2023-11-29 22:41:22,761] Trial 93 finished with value: 322.5560302734375 and parameters: {'gradient_clip_val': 0.2726443583395554, 'hidden_size': 132, 'dropout': 0.27420941433650703, 'hidden_continuous_size': 16, 'attention_head_size': 4, 'learning_rate': 0.002525179661514084}. Best is trial 92 with value: 295.8279113769531.
LOCAL_RANK: 0 - CUDA_VISIBLE_DEVICES: [0]
[I 2023-11-29 22:41:36,673] Trial 94 finished with value: 374.8227233886719 and parameters: {'gradient_clip_val': 0.24723588351206197, 'hidden_size': 126, 'dropout': 0.2952743360655709, 'hidden_continuous_size': 22, 'attention_head_size': 4, 'learning_rate': 0.0014803867928618905}. Best is trial 92 with value: 295.8279113769531.
LOCAL_RANK: 0 - CUDA_VISIBLE_DEVICES: [0]
[I 2023-11-29 22:41:50,519] Trial 95 finished with value: 314.1485900878906 and parameters: {'gradient_clip_val': 0.2635578872343795, 'hidden_size': 109, 'dropout': 0.2871672142992029, 'hidden_continuous_size': 21, 'attention_head_size': 4, 'learning_rate': 0.0022501902797950587}. Best is trial 92 with value: 295.8279113769531.
LOCAL_RANK: 0 - CUDA_VISIBLE_DEVICES: [0]
[I 2023-11-29 22:42:04,758] Trial 96 finished with value: 316.3089599609375 and parameters: {'gradient_clip_val': 0.26888138992992777, 'hidden_size': 142, 'dropout': 0.28975964197575665, 'hidden_continuous_size': 20, 'attention_head_size': 4, 'learning_rate': 0.0021529338881057453}. Best is trial 92 with value: 295.8279113769531.
LOCAL_RANK: 0 - CUDA_VISIBLE_DEVICES: [0]
[I 2023-11-29 22:42:19,082] Trial 97 finished with value: 355.750244140625 and parameters: {'gradient_clip_val': 0.23387832065112094, 'hidden_size': 150, 'dropout': 0.3020979898475928, 'hidden_continuous_size': 19, 'attention_head_size': 4, 'learning_rate': 0.0022413243919648246}. Best is trial 92 with value: 295.8279113769531.
LOCAL_RANK: 0 - CUDA_VISIBLE_DEVICES: [0]
[I 2023-11-29 22:42:33,072] Trial 98 finished with value: 340.8962097167969 and parameters: {'gradient_clip_val': 0.27348884825106085, 'hidden_size': 107, 'dropout': 0.28604417524681325, 'hidden_continuous_size': 21, 'attention_head_size': 4, 'learning_rate': 0.002069311020343105}. Best is trial 92 with value: 295.8279113769531.
LOCAL_RANK: 0 - CUDA_VISIBLE_DEVICES: [0]
[I 2023-11-29 22:42:47,239] Trial 99 finished with value: 366.7184143066406 and parameters: {'gradient_clip_val': 0.2644071966679513, 'hidden_size': 138, 'dropout': 0.2807322207592454, 'hidden_continuous_size': 15, 'attention_head_size': 4, 'learning_rate': 0.002670077237040928}. Best is trial 92 with value: 295.8279113769531.
LOCAL_RANK: 0 - CUDA_VISIBLE_DEVICES: [0]
[I 2023-11-29 22:43:01,486] Trial 100 finished with value: 320.6207275390625 and parameters: {'gradient_clip_val': 0.25987046293247396, 'hidden_size': 139, 'dropout': 0.2908192696163737, 'hidden_continuous_size': 17, 'attention_head_size': 4, 'learning_rate': 0.002832316452644945}. Best is trial 92 with value: 295.8279113769531.
LOCAL_RANK: 0 - CUDA_VISIBLE_DEVICES: [0]
