[I 2023-11-29 20:32:36,874] Trial 116 finished with value: 31.715469360351562 and parameters: {'gradient_clip_val': 0.3883302479664268, 'hidden_size': 44, 'dropout': 0.37821180757276707, 'hidden_continuous_size': 12, 'attention_head_size': 3, 'learning_rate': 0.014397601085137938}. Best is trial 21 with value: 24.735097885131836.
LOCAL_RANK: 0 - CUDA_VISIBLE_DEVICES: [0]
[I 2023-11-29 20:32:50,360] Trial 117 finished with value: 30.683982849121094 and parameters: {'gradient_clip_val': 0.2974245724293117, 'hidden_size': 49, 'dropout': 0.36198518804051977, 'hidden_continuous_size': 13, 'attention_head_size': 3, 'learning_rate': 0.02204557726675585}. Best is trial 21 with value: 24.735097885131836.
LOCAL_RANK: 0 - CUDA_VISIBLE_DEVICES: [0]
[I 2023-11-29 20:33:03,728] Trial 118 finished with value: 28.995168685913086 and parameters: {'gradient_clip_val': 0.4337771871847069, 'hidden_size': 39, 'dropout': 0.38852893273965444, 'hidden_continuous_size': 12, 'attention_head_size': 2, 'learning_rate': 0.01308534907960309}. Best is trial 21 with value: 24.735097885131836.
LOCAL_RANK: 0 - CUDA_VISIBLE_DEVICES: [0]
[I 2023-11-29 20:33:17,850] Trial 119 finished with value: 37.29905319213867 and parameters: {'gradient_clip_val': 0.3572141815788336, 'hidden_size': 54, 'dropout': 0.3953272082720133, 'hidden_continuous_size': 32, 'attention_head_size': 2, 'learning_rate': 0.037178080457187825}. Best is trial 21 with value: 24.735097885131836.
LOCAL_RANK: 0 - CUDA_VISIBLE_DEVICES: [0]
[I 2023-11-29 20:33:31,433] Trial 120 finished with value: 50.14140319824219 and parameters: {'gradient_clip_val': 0.4030516281710256, 'hidden_size': 45, 'dropout': 0.3400340293884521, 'hidden_continuous_size': 20, 'attention_head_size': 1, 'learning_rate': 0.01597588518540226}. Best is trial 21 with value: 24.735097885131836.
LOCAL_RANK: 0 - CUDA_VISIBLE_DEVICES: [0]
[I 2023-11-29 20:33:45,194] Trial 121 finished with value: 31.27347755432129 and parameters: {'gradient_clip_val': 0.3389525805855397, 'hidden_size': 52, 'dropout': 0.3824636071599552, 'hidden_continuous_size': 15, 'attention_head_size': 2, 'learning_rate': 0.027196400521987456}. Best is trial 21 with value: 24.735097885131836.
LOCAL_RANK: 0 - CUDA_VISIBLE_DEVICES: [0]
[I 2023-11-29 20:33:58,567] Trial 122 finished with value: 26.101303100585938 and parameters: {'gradient_clip_val': 0.3332735134616366, 'hidden_size': 48, 'dropout': 0.37460647808032166, 'hidden_continuous_size': 11, 'attention_head_size': 2, 'learning_rate': 0.030234645530978838}. Best is trial 21 with value: 24.735097885131836.
LOCAL_RANK: 0 - CUDA_VISIBLE_DEVICES: [0]
[I 2023-11-29 20:34:11,803] Trial 123 finished with value: 32.715843200683594 and parameters: {'gradient_clip_val': 0.3102979091568325, 'hidden_size': 48, 'dropout': 0.3704433705602552, 'hidden_continuous_size': 11, 'attention_head_size': 2, 'learning_rate': 0.030153836599416166}. Best is trial 21 with value: 24.735097885131836.
LOCAL_RANK: 0 - CUDA_VISIBLE_DEVICES: [0]
[I 2023-11-29 20:34:24,971] Trial 124 finished with value: 29.029052734375 and parameters: {'gradient_clip_val': 0.36871718916776197, 'hidden_size': 42, 'dropout': 0.3761554747167927, 'hidden_continuous_size': 11, 'attention_head_size': 2, 'learning_rate': 0.02290330955013642}. Best is trial 21 with value: 24.735097885131836.
LOCAL_RANK: 0 - CUDA_VISIBLE_DEVICES: [0]
[I 2023-11-29 20:34:38,559] Trial 125 finished with value: 31.59489631652832 and parameters: {'gradient_clip_val': 0.3247977323915929, 'hidden_size': 57, 'dropout': 0.3568233403904918, 'hidden_continuous_size': 16, 'attention_head_size': 2, 'learning_rate': 0.042750652993248636}. Best is trial 21 with value: 24.735097885131836.
LOCAL_RANK: 0 - CUDA_VISIBLE_DEVICES: [0]
[I 2023-11-29 20:34:52,039] Trial 126 finished with value: 33.999725341796875 and parameters: {'gradient_clip_val': 0.2834508511729783, 'hidden_size': 35, 'dropout': 0.34940248301602017, 'hidden_continuous_size': 18, 'attention_head_size': 2, 'learning_rate': 0.033341054915832856}. Best is trial 21 with value: 24.735097885131836.
LOCAL_RANK: 0 - CUDA_VISIBLE_DEVICES: [0]
[I 2023-11-29 20:35:05,916] Trial 127 finished with value: 33.07052230834961 and parameters: {'gradient_clip_val': 0.2526618717275147, 'hidden_size': 45, 'dropout': 0.366212929033197, 'hidden_continuous_size': 22, 'attention_head_size': 3, 'learning_rate': 0.019480913193900322}. Best is trial 21 with value: 24.735097885131836.
LOCAL_RANK: 0 - CUDA_VISIBLE_DEVICES: [0]
[I 2023-11-29 20:35:19,246] Trial 128 finished with value: 31.033445358276367 and parameters: {'gradient_clip_val': 0.38458852182722725, 'hidden_size': 37, 'dropout': 0.32712992637059646, 'hidden_continuous_size': 10, 'attention_head_size': 2, 'learning_rate': 0.025231734288064002}. Best is trial 21 with value: 24.735097885131836.
LOCAL_RANK: 0 - CUDA_VISIBLE_DEVICES: [0]
[I 2023-11-29 20:35:32,897] Trial 129 finished with value: 30.678787231445312 and parameters: {'gradient_clip_val': 0.36123483875110324, 'hidden_size': 41, 'dropout': 0.3993892843578065, 'hidden_continuous_size': 13, 'attention_head_size': 4, 'learning_rate': 0.029816629864853717}. Best is trial 21 with value: 24.735097885131836.
LOCAL_RANK: 0 - CUDA_VISIBLE_DEVICES: [0]
[I 2023-11-29 20:35:46,422] Trial 130 finished with value: 30.547842025756836 and parameters: {'gradient_clip_val': 0.3337733978265201, 'hidden_size': 47, 'dropout': 0.37428305293032926, 'hidden_continuous_size': 20, 'attention_head_size': 1, 'learning_rate': 0.01711823653562957}. Best is trial 21 with value: 24.735097885131836.
LOCAL_RANK: 0 - CUDA_VISIBLE_DEVICES: [0]
[I 2023-11-29 20:35:59,830] Trial 131 finished with value: 29.79560661315918 and parameters: {'gradient_clip_val': 0.34182831564759747, 'hidden_size': 51, 'dropout': 0.38637730187221236, 'hidden_continuous_size': 14, 'attention_head_size': 2, 'learning_rate': 0.027618451580896094}. Best is trial 21 with value: 24.735097885131836.
LOCAL_RANK: 0 - CUDA_VISIBLE_DEVICES: [0]
[I 2023-11-29 20:36:13,598] Trial 132 finished with value: 33.55983352661133 and parameters: {'gradient_clip_val': 0.3455388440798335, 'hidden_size': 63, 'dropout': 0.3830025315758545, 'hidden_continuous_size': 15, 'attention_head_size': 2, 'learning_rate': 0.02137288522560827}. Best is trial 21 with value: 24.735097885131836.
LOCAL_RANK: 0 - CUDA_VISIBLE_DEVICES: [0]
[I 2023-11-29 20:36:27,465] Trial 133 finished with value: 34.68741226196289 and parameters: {'gradient_clip_val': 0.31514465192904884, 'hidden_size': 50, 'dropout': 0.39160636552381795, 'hidden_continuous_size': 23, 'attention_head_size': 2, 'learning_rate': 0.025242806997473305}. Best is trial 21 with value: 24.735097885131836.
LOCAL_RANK: 0 - CUDA_VISIBLE_DEVICES: [0]
[I 2023-11-29 20:36:40,857] Trial 134 finished with value: 33.93206787109375 and parameters: {'gradient_clip_val': 0.29744751391126695, 'hidden_size': 45, 'dropout': 0.3819192329708145, 'hidden_continuous_size': 12, 'attention_head_size': 2, 'learning_rate': 0.03716790387559931}. Best is trial 21 with value: 24.735097885131836.
LOCAL_RANK: 0 - CUDA_VISIBLE_DEVICES: [0]
[I 2023-11-29 20:36:54,455] Trial 135 finished with value: 33.09718322753906 and parameters: {'gradient_clip_val': 0.4000556905643908, 'hidden_size': 43, 'dropout': 0.36201828515271245, 'hidden_continuous_size': 19, 'attention_head_size': 2, 'learning_rate': 0.026962945687553475}. Best is trial 21 with value: 24.735097885131836.
LOCAL_RANK: 0 - CUDA_VISIBLE_DEVICES: [0]
[I 2023-11-29 20:37:07,789] Trial 136 finished with value: 34.8852424621582 and parameters: {'gradient_clip_val': 0.3688575542391043, 'hidden_size': 39, 'dropout': 0.36885161091071195, 'hidden_continuous_size': 13, 'attention_head_size': 2, 'learning_rate': 0.02335028000626097}. Best is trial 21 with value: 24.735097885131836.
LOCAL_RANK: 0 - CUDA_VISIBLE_DEVICES: [0]
[I 2023-11-29 20:37:21,981] Trial 137 finished with value: 31.371490478515625 and parameters: {'gradient_clip_val': 0.3277522029442233, 'hidden_size': 56, 'dropout': 0.3922426865558501, 'hidden_continuous_size': 26, 'attention_head_size': 3, 'learning_rate': 0.03327790390392717}. Best is trial 21 with value: 24.735097885131836.
LOCAL_RANK: 0 - CUDA_VISIBLE_DEVICES: [0]
[I 2023-11-29 20:37:35,248] Trial 138 finished with value: 31.280128479003906 and parameters: {'gradient_clip_val': 0.34849202690633135, 'hidden_size': 48, 'dropout': 0.376449776101905, 'hidden_continuous_size': 11, 'attention_head_size': 2, 'learning_rate': 0.019343989712177642}. Best is trial 21 with value: 24.735097885131836.
LOCAL_RANK: 0 - CUDA_VISIBLE_DEVICES: [0]
[I 2023-11-29 20:37:48,371] Trial 139 finished with value: 22.929651260375977 and parameters: {'gradient_clip_val': 0.42026204020560964, 'hidden_size': 52, 'dropout': 0.34411256210899166, 'hidden_continuous_size': 12, 'attention_head_size': 1, 'learning_rate': 0.02113812442063806}. Best is trial 139 with value: 22.929651260375977.
LOCAL_RANK: 0 - CUDA_VISIBLE_DEVICES: [0]
[I 2023-11-29 20:38:01,484] Trial 140 finished with value: 29.005643844604492 and parameters: {'gradient_clip_val': 0.4246226736800807, 'hidden_size': 34, 'dropout': 0.34439279778630955, 'hidden_continuous_size': 12, 'attention_head_size': 1, 'learning_rate': 0.017603454073248}. Best is trial 139 with value: 22.929651260375977.
LOCAL_RANK: 0 - CUDA_VISIBLE_DEVICES: [0]
[I 2023-11-29 20:38:14,992] Trial 141 finished with value: 28.77625274658203 and parameters: {'gradient_clip_val': 0.37681693767033575, 'hidden_size': 53, 'dropout': 0.35197628162277095, 'hidden_continuous_size': 11, 'attention_head_size': 1, 'learning_rate': 0.014682910428801007}. Best is trial 139 with value: 22.929651260375977.
LOCAL_RANK: 0 - CUDA_VISIBLE_DEVICES: [0]
[I 2023-11-29 20:38:28,670] Trial 142 finished with value: 35.48244857788086 and parameters: {'gradient_clip_val': 0.38650480335185755, 'hidden_size': 50, 'dropout': 0.386057055779327, 'hidden_continuous_size': 13, 'attention_head_size': 1, 'learning_rate': 0.02073306872459164}. Best is trial 139 with value: 22.929651260375977.
LOCAL_RANK: 0 - CUDA_VISIBLE_DEVICES: [0]
[I 2023-11-29 20:38:41,985] Trial 143 finished with value: 33.917781829833984 and parameters: {'gradient_clip_val': 0.34972090483349566, 'hidden_size': 41, 'dropout': 0.26341873177549213, 'hidden_continuous_size': 12, 'attention_head_size': 1, 'learning_rate': 0.02306532176050047}. Best is trial 139 with value: 22.929651260375977.
LOCAL_RANK: 0 - CUDA_VISIBLE_DEVICES: [0]
[I 2023-11-29 20:38:55,342] Trial 144 finished with value: 32.39509582519531 and parameters: {'gradient_clip_val': 0.44903062042234965, 'hidden_size': 46, 'dropout': 0.3203817605598968, 'hidden_continuous_size': 10, 'attention_head_size': 1, 'learning_rate': 0.011615067548923826}. Best is trial 139 with value: 22.929651260375977.
LOCAL_RANK: 0 - CUDA_VISIBLE_DEVICES: [0]
[I 2023-11-29 20:39:08,755] Trial 145 finished with value: 28.796117782592773 and parameters: {'gradient_clip_val': 0.4097197709415764, 'hidden_size': 37, 'dropout': 0.3598475857814483, 'hidden_continuous_size': 17, 'attention_head_size': 1, 'learning_rate': 0.02700729288764669}. Best is trial 139 with value: 22.929651260375977.
LOCAL_RANK: 0 - CUDA_VISIBLE_DEVICES: [0]
[I 2023-11-29 20:39:22,351] Trial 146 finished with value: 36.840370178222656 and parameters: {'gradient_clip_val': 0.31141158861331575, 'hidden_size': 54, 'dropout': 0.338341169433399, 'hidden_continuous_size': 14, 'attention_head_size': 4, 'learning_rate': 0.030338819803860356}. Best is trial 139 with value: 22.929651260375977.
LOCAL_RANK: 0 - CUDA_VISIBLE_DEVICES: [0]
[I 2023-11-29 20:39:35,772] Trial 147 finished with value: 27.39829444885254 and parameters: {'gradient_clip_val': 0.3634032667086127, 'hidden_size': 43, 'dropout': 0.33381887645375563, 'hidden_continuous_size': 11, 'attention_head_size': 2, 'learning_rate': 0.021339460591947194}. Best is trial 139 with value: 22.929651260375977.
LOCAL_RANK: 0 - CUDA_VISIBLE_DEVICES: [0]
[I 2023-11-29 20:39:49,176] Trial 148 finished with value: 30.762895584106445 and parameters: {'gradient_clip_val': 0.4227476635994359, 'hidden_size': 43, 'dropout': 0.33057830620407164, 'hidden_continuous_size': 11, 'attention_head_size': 2, 'learning_rate': 0.018058390683649273}. Best is trial 139 with value: 22.929651260375977.
LOCAL_RANK: 0 - CUDA_VISIBLE_DEVICES: [0]
[I 2023-11-29 20:40:02,390] Trial 149 finished with value: 26.368431091308594 and parameters: {'gradient_clip_val': 0.36337379789459373, 'hidden_size': 41, 'dropout': 0.34357728415818184, 'hidden_continuous_size': 10, 'attention_head_size': 1, 'learning_rate': 0.020809651459169003}. Best is trial 139 with value: 22.929651260375977.
[I 2023-11-29 20:40:02,509] A new study created in memory with name: no-name-e782b2f6-716d-4532-85bc-c3bf3bf76211
/home/le004/conda/anaconda3/envs/tsff_env/lib/python3.9/site-packages/lightning/fabric/plugins/environments/slurm.py:191: The `srun` command is available on your system but is not used. HINT: If your intention is to run Lightning on SLURM, prepend your python command with `srun` like so: srun python /home/le004/master_thesis/git/TSFusionForecast/code/ ...
LOCAL_RANK: 0 - CUDA_VISIBLE_DEVICES: [0]
[I 2023-11-29 20:40:16,966] Trial 0 finished with value: 8.232415199279785 and parameters: {'gradient_clip_val': 0.42694791118253195, 'hidden_size': 103, 'dropout': 0.16796431699227193, 'hidden_continuous_size': 18, 'attention_head_size': 2, 'learning_rate': 0.002055410413588476}. Best is trial 0 with value: 8.232415199279785.
LOCAL_RANK: 0 - CUDA_VISIBLE_DEVICES: [0]
[I 2023-11-29 20:40:30,103] Trial 1 finished with value: 22.043777465820312 and parameters: {'gradient_clip_val': 0.41846613860516035, 'hidden_size': 19, 'dropout': 0.3596126312239244, 'hidden_continuous_size': 17, 'attention_head_size': 4, 'learning_rate': 0.003248907288177517}. Best is trial 0 with value: 8.232415199279785.
LOCAL_RANK: 0 - CUDA_VISIBLE_DEVICES: [0]
[I 2023-11-29 20:40:45,459] Trial 2 finished with value: 9.648458480834961 and parameters: {'gradient_clip_val': 0.43030191962329, 'hidden_size': 93, 'dropout': 0.22591407942275007, 'hidden_continuous_size': 72, 'attention_head_size': 4, 'learning_rate': 0.08743500082901881}. Best is trial 0 with value: 8.232415199279785.
LOCAL_RANK: 0 - CUDA_VISIBLE_DEVICES: [0]
[I 2023-11-29 20:40:59,417] Trial 3 finished with value: 10.188475608825684 and parameters: {'gradient_clip_val': 0.3078795934118767, 'hidden_size': 58, 'dropout': 0.1031968034176484, 'hidden_continuous_size': 33, 'attention_head_size': 2, 'learning_rate': 0.06722706853230831}. Best is trial 0 with value: 8.232415199279785.
LOCAL_RANK: 0 - CUDA_VISIBLE_DEVICES: [0]
[I 2023-11-29 20:41:12,405] Trial 4 finished with value: 11.001975059509277 and parameters: {'gradient_clip_val': 0.718721465954927, 'hidden_size': 35, 'dropout': 0.3734334570422514, 'hidden_continuous_size': 15, 'attention_head_size': 1, 'learning_rate': 0.005613014729411742}. Best is trial 0 with value: 8.232415199279785.
LOCAL_RANK: 0 - CUDA_VISIBLE_DEVICES: [0]
[I 2023-11-29 20:41:25,480] Trial 5 finished with value: 11.449280738830566 and parameters: {'gradient_clip_val': 0.7068009661878207, 'hidden_size': 21, 'dropout': 0.17270515749665805, 'hidden_continuous_size': 17, 'attention_head_size': 3, 'learning_rate': 0.07329367132175665}. Best is trial 0 with value: 8.232415199279785.
LOCAL_RANK: 0 - CUDA_VISIBLE_DEVICES: [0]
[I 2023-11-29 20:41:38,761] Trial 6 finished with value: 11.953753471374512 and parameters: {'gradient_clip_val': 0.16912786552658585, 'hidden_size': 36, 'dropout': 0.10874717791865224, 'hidden_continuous_size': 29, 'attention_head_size': 1, 'learning_rate': 0.01929040120223931}. Best is trial 0 with value: 8.232415199279785.
LOCAL_RANK: 0 - CUDA_VISIBLE_DEVICES: [0]
[I 2023-11-29 20:41:52,149] Trial 7 finished with value: 10.946159362792969 and parameters: {'gradient_clip_val': 0.4228522603596001, 'hidden_size': 32, 'dropout': 0.3835484981284969, 'hidden_continuous_size': 20, 'attention_head_size': 1, 'learning_rate': 0.05109170477565758}. Best is trial 0 with value: 8.232415199279785.
LOCAL_RANK: 0 - CUDA_VISIBLE_DEVICES: [0]
[I 2023-11-29 20:42:06,834] Trial 8 finished with value: 10.563254356384277 and parameters: {'gradient_clip_val': 0.5117488057816421, 'hidden_size': 101, 'dropout': 0.10705957952191618, 'hidden_continuous_size': 30, 'attention_head_size': 1, 'learning_rate': 0.038719699351457526}. Best is trial 0 with value: 8.232415199279785.
LOCAL_RANK: 0 - CUDA_VISIBLE_DEVICES: [0]
[I 2023-11-29 20:42:20,983] Trial 9 finished with value: 11.56005573272705 and parameters: {'gradient_clip_val': 0.23462831806632756, 'hidden_size': 73, 'dropout': 0.10864085409367327, 'hidden_continuous_size': 13, 'attention_head_size': 3, 'learning_rate': 0.05206900661972691}. Best is trial 0 with value: 8.232415199279785.
LOCAL_RANK: 0 - CUDA_VISIBLE_DEVICES: [0]
[I 2023-11-29 20:42:35,513] Trial 10 finished with value: 17.575387954711914 and parameters: {'gradient_clip_val': 0.12633174361063676, 'hidden_size': 139, 'dropout': 0.2852780413374848, 'hidden_continuous_size': 10, 'attention_head_size': 2, 'learning_rate': 0.0010293628421616794}. Best is trial 0 with value: 8.232415199279785.
LOCAL_RANK: 0 - CUDA_VISIBLE_DEVICES: [0]
[I 2023-11-29 20:42:50,578] Trial 11 finished with value: 11.276885986328125 and parameters: {'gradient_clip_val': 0.893232629174425, 'hidden_size': 126, 'dropout': 0.21802691725133366, 'hidden_continuous_size': 76, 'attention_head_size': 4, 'learning_rate': 0.011254191172699234}. Best is trial 0 with value: 8.232415199279785.
LOCAL_RANK: 0 - CUDA_VISIBLE_DEVICES: [0]
[I 2023-11-29 20:43:05,296] Trial 12 finished with value: 12.844712257385254 and parameters: {'gradient_clip_val': 0.2863796041264136, 'hidden_size': 72, 'dropout': 0.22601619501787204, 'hidden_continuous_size': 67, 'attention_head_size': 3, 'learning_rate': 0.021783917792517097}. Best is trial 0 with value: 8.232415199279785.
LOCAL_RANK: 0 - CUDA_VISIBLE_DEVICES: [0]
[I 2023-11-29 20:43:20,461] Trial 13 finished with value: 10.102298736572266 and parameters: {'gradient_clip_val': 0.5444752900424596, 'hidden_size': 94, 'dropout': 0.1801566153259692, 'hidden_continuous_size': 93, 'attention_head_size': 2, 'learning_rate': 0.09583282911025374}. Best is trial 0 with value: 8.232415199279785.
LOCAL_RANK: 0 - CUDA_VISIBLE_DEVICES: [0]
[I 2023-11-29 20:43:34,533] Trial 14 finished with value: 11.683545112609863 and parameters: {'gradient_clip_val': 0.3765781890222121, 'hidden_size': 53, 'dropout': 0.2838999549535661, 'hidden_continuous_size': 24, 'attention_head_size': 4, 'learning_rate': 0.0025109327827838646}. Best is trial 0 with value: 8.232415199279785.
LOCAL_RANK: 0 - CUDA_VISIBLE_DEVICES: [0]
[I 2023-11-29 20:43:49,687] Trial 15 finished with value: 17.22974395751953 and parameters: {'gradient_clip_val': 0.22700595588420514, 'hidden_size': 145, 'dropout': 0.16539132117513455, 'hidden_continuous_size': 50, 'attention_head_size': 3, 'learning_rate': 0.00983367624986641}. Best is trial 0 with value: 8.232415199279785.
LOCAL_RANK: 0 - CUDA_VISIBLE_DEVICES: [0]
[I 2023-11-29 20:44:04,229] Trial 16 finished with value: 14.8336763381958 and parameters: {'gradient_clip_val': 0.5197314913674583, 'hidden_size': 92, 'dropout': 0.2602207530581152, 'hidden_continuous_size': 41, 'attention_head_size': 2, 'learning_rate': 0.028775187384087384}. Best is trial 0 with value: 8.232415199279785.
LOCAL_RANK: 0 - CUDA_VISIBLE_DEVICES: [0]
[I 2023-11-29 20:44:17,062] Trial 17 finished with value: 10.157471656799316 and parameters: {'gradient_clip_val': 0.3521246513189176, 'hidden_size': 11, 'dropout': 0.2099648849996305, 'hidden_continuous_size': 10, 'attention_head_size': 4, 'learning_rate': 0.09697868350937716}. Best is trial 0 with value: 8.232415199279785.
LOCAL_RANK: 0 - CUDA_VISIBLE_DEVICES: [0]
[I 2023-11-29 20:44:30,922] Trial 18 finished with value: 8.444125175476074 and parameters: {'gradient_clip_val': 0.2645901206979804, 'hidden_size': 50, 'dropout': 0.1473916820462996, 'hidden_continuous_size': 24, 'attention_head_size': 3, 'learning_rate': 0.014621239558429871}. Best is trial 0 with value: 8.232415199279785.
LOCAL_RANK: 0 - CUDA_VISIBLE_DEVICES: [0]
[I 2023-11-29 20:44:44,586] Trial 19 finished with value: 11.392033576965332 and parameters: {'gradient_clip_val': 0.10433828361338608, 'hidden_size': 50, 'dropout': 0.14163026596489547, 'hidden_continuous_size': 23, 'attention_head_size': 2, 'learning_rate': 0.013236903651484085}. Best is trial 0 with value: 8.232415199279785.
LOCAL_RANK: 0 - CUDA_VISIBLE_DEVICES: [0]
[I 2023-11-29 20:44:58,166] Trial 20 finished with value: 8.605725288391113 and parameters: {'gradient_clip_val': 0.25916676078552575, 'hidden_size': 44, 'dropout': 0.14183205412963673, 'hidden_continuous_size': 21, 'attention_head_size': 3, 'learning_rate': 0.0055862119890442066}. Best is trial 0 with value: 8.232415199279785.
LOCAL_RANK: 0 - CUDA_VISIBLE_DEVICES: [0]
[I 2023-11-29 20:45:11,857] Trial 21 finished with value: 10.283967018127441 and parameters: {'gradient_clip_val': 0.2519274012353985, 'hidden_size': 45, 'dropout': 0.14651936507486765, 'hidden_continuous_size': 20, 'attention_head_size': 3, 'learning_rate': 0.0054745195216071175}. Best is trial 0 with value: 8.232415199279785.
LOCAL_RANK: 0 - CUDA_VISIBLE_DEVICES: [0]
[I 2023-11-29 20:45:26,052] Trial 22 finished with value: 15.323341369628906 and parameters: {'gradient_clip_val': 0.19343086073502205, 'hidden_size': 65, 'dropout': 0.14225954343164215, 'hidden_continuous_size': 25, 'attention_head_size': 3, 'learning_rate': 0.0017761622409618136}. Best is trial 0 with value: 8.232415199279785.
LOCAL_RANK: 0 - CUDA_VISIBLE_DEVICES: [0]
