[I 2023-11-30 03:32:24,750] Trial 93 finished with value: 2415.783203125 and parameters: {'gradient_clip_val': 0.7117722826734005, 'hidden_size': 28, 'dropout': 0.31995519252542354, 'hidden_continuous_size': 18, 'attention_head_size': 3, 'learning_rate': 0.028857084276411323}. Best is trial 66 with value: 2128.0751953125.
LOCAL_RANK: 0 - CUDA_VISIBLE_DEVICES: [0]
[I 2023-11-30 03:32:37,007] Trial 94 finished with value: 2560.472412109375 and parameters: {'gradient_clip_val': 0.5728736225888383, 'hidden_size': 31, 'dropout': 0.29974024591630616, 'hidden_continuous_size': 18, 'attention_head_size': 3, 'learning_rate': 0.03487642268918761}. Best is trial 66 with value: 2128.0751953125.
LOCAL_RANK: 0 - CUDA_VISIBLE_DEVICES: [0]
[I 2023-11-30 03:32:49,580] Trial 95 finished with value: 2314.29443359375 and parameters: {'gradient_clip_val': 0.7863511621515116, 'hidden_size': 35, 'dropout': 0.31312919769466385, 'hidden_continuous_size': 17, 'attention_head_size': 3, 'learning_rate': 0.022828124433874986}. Best is trial 66 with value: 2128.0751953125.
LOCAL_RANK: 0 - CUDA_VISIBLE_DEVICES: [0]
[I 2023-11-30 03:33:01,673] Trial 96 finished with value: 2342.693115234375 and parameters: {'gradient_clip_val': 0.7761622105111715, 'hidden_size': 36, 'dropout': 0.33583903424967837, 'hidden_continuous_size': 17, 'attention_head_size': 3, 'learning_rate': 0.022779136794453207}. Best is trial 66 with value: 2128.0751953125.
LOCAL_RANK: 0 - CUDA_VISIBLE_DEVICES: [0]
[I 2023-11-30 03:33:14,051] Trial 97 finished with value: 2498.420654296875 and parameters: {'gradient_clip_val': 0.8617699091228417, 'hidden_size': 34, 'dropout': 0.33959183424726813, 'hidden_continuous_size': 17, 'attention_head_size': 3, 'learning_rate': 0.023349989967238267}. Best is trial 66 with value: 2128.0751953125.
LOCAL_RANK: 0 - CUDA_VISIBLE_DEVICES: [0]
[I 2023-11-30 03:33:26,239] Trial 98 finished with value: 2630.9921875 and parameters: {'gradient_clip_val': 0.8073393919604411, 'hidden_size': 36, 'dropout': 0.3232895462039455, 'hidden_continuous_size': 16, 'attention_head_size': 3, 'learning_rate': 0.021804965567114903}. Best is trial 66 with value: 2128.0751953125.
LOCAL_RANK: 0 - CUDA_VISIBLE_DEVICES: [0]
[I 2023-11-30 03:33:38,331] Trial 99 finished with value: 2841.291259765625 and parameters: {'gradient_clip_val': 0.7736630050794844, 'hidden_size': 26, 'dropout': 0.31280221396460983, 'hidden_continuous_size': 17, 'attention_head_size': 3, 'learning_rate': 0.01833998070822762}. Best is trial 66 with value: 2128.0751953125.
LOCAL_RANK: 0 - CUDA_VISIBLE_DEVICES: [0]
[I 2023-11-30 03:33:50,671] Trial 100 finished with value: 2403.140625 and parameters: {'gradient_clip_val': 0.9418460282505007, 'hidden_size': 31, 'dropout': 0.3386562623408602, 'hidden_continuous_size': 16, 'attention_head_size': 3, 'learning_rate': 0.02525983018944022}. Best is trial 66 with value: 2128.0751953125.
LOCAL_RANK: 0 - CUDA_VISIBLE_DEVICES: [0]
[I 2023-11-30 03:34:03,266] Trial 101 finished with value: 2398.376953125 and parameters: {'gradient_clip_val': 0.744140716591875, 'hidden_size': 46, 'dropout': 0.29102795460824693, 'hidden_continuous_size': 22, 'attention_head_size': 3, 'learning_rate': 0.029530944097092806}. Best is trial 66 with value: 2128.0751953125.
LOCAL_RANK: 0 - CUDA_VISIBLE_DEVICES: [0]
[I 2023-11-30 03:34:15,480] Trial 102 finished with value: 2604.5419921875 and parameters: {'gradient_clip_val': 0.6920264698422047, 'hidden_size': 35, 'dropout': 0.313813457005205, 'hidden_continuous_size': 15, 'attention_head_size': 3, 'learning_rate': 0.019551353465483843}. Best is trial 66 with value: 2128.0751953125.
LOCAL_RANK: 0 - CUDA_VISIBLE_DEVICES: [0]
[I 2023-11-30 03:34:28,011] Trial 103 finished with value: 2225.731689453125 and parameters: {'gradient_clip_val': 0.8807916241503949, 'hidden_size': 41, 'dropout': 0.30535745091430216, 'hidden_continuous_size': 21, 'attention_head_size': 3, 'learning_rate': 0.027823283307376212}. Best is trial 66 with value: 2128.0751953125.
LOCAL_RANK: 0 - CUDA_VISIBLE_DEVICES: [0]
[I 2023-11-30 03:34:40,502] Trial 104 finished with value: 2565.701904296875 and parameters: {'gradient_clip_val': 0.8764213248601317, 'hidden_size': 39, 'dropout': 0.30723923794913166, 'hidden_continuous_size': 19, 'attention_head_size': 3, 'learning_rate': 0.030566982995344782}. Best is trial 66 with value: 2128.0751953125.
LOCAL_RANK: 0 - CUDA_VISIBLE_DEVICES: [0]
[I 2023-11-30 03:34:53,073] Trial 105 finished with value: 2611.97314453125 and parameters: {'gradient_clip_val': 0.8397206882483017, 'hidden_size': 33, 'dropout': 0.3238354281682435, 'hidden_continuous_size': 17, 'attention_head_size': 3, 'learning_rate': 0.031902861949600306}. Best is trial 66 with value: 2128.0751953125.
LOCAL_RANK: 0 - CUDA_VISIBLE_DEVICES: [0]
[I 2023-11-30 03:35:05,613] Trial 106 finished with value: 2729.818603515625 and parameters: {'gradient_clip_val': 0.8105155742472788, 'hidden_size': 42, 'dropout': 0.28485495385943205, 'hidden_continuous_size': 20, 'attention_head_size': 3, 'learning_rate': 0.025457007185470545}. Best is trial 66 with value: 2128.0751953125.
LOCAL_RANK: 0 - CUDA_VISIBLE_DEVICES: [0]
[I 2023-11-30 03:35:18,003] Trial 107 finished with value: 2514.2841796875 and parameters: {'gradient_clip_val': 0.9631209995518089, 'hidden_size': 37, 'dropout': 0.276402791809874, 'hidden_continuous_size': 16, 'attention_head_size': 3, 'learning_rate': 0.022566504146503616}. Best is trial 66 with value: 2128.0751953125.
LOCAL_RANK: 0 - CUDA_VISIBLE_DEVICES: [0]
[I 2023-11-30 03:35:30,412] Trial 108 finished with value: 2487.1572265625 and parameters: {'gradient_clip_val': 0.7765582737721702, 'hidden_size': 40, 'dropout': 0.33396120019462305, 'hidden_continuous_size': 19, 'attention_head_size': 3, 'learning_rate': 0.027748101664577217}. Best is trial 66 with value: 2128.0751953125.
LOCAL_RANK: 0 - CUDA_VISIBLE_DEVICES: [0]
[I 2023-11-30 03:35:42,931] Trial 109 finished with value: 2742.788818359375 and parameters: {'gradient_clip_val': 0.8989486447900926, 'hidden_size': 45, 'dropout': 0.31708924581359155, 'hidden_continuous_size': 14, 'attention_head_size': 3, 'learning_rate': 0.016379163152379455}. Best is trial 66 with value: 2128.0751953125.
LOCAL_RANK: 0 - CUDA_VISIBLE_DEVICES: [0]
[I 2023-11-30 03:35:55,667] Trial 110 finished with value: 2711.755126953125 and parameters: {'gradient_clip_val': 0.740372540423567, 'hidden_size': 42, 'dropout': 0.2961095288746896, 'hidden_continuous_size': 24, 'attention_head_size': 4, 'learning_rate': 0.039788337004155815}. Best is trial 66 with value: 2128.0751953125.
LOCAL_RANK: 0 - CUDA_VISIBLE_DEVICES: [0]
[I 2023-11-30 03:36:08,311] Trial 111 finished with value: 2410.05078125 and parameters: {'gradient_clip_val': 0.6626893649294802, 'hidden_size': 46, 'dropout': 0.3048155147993684, 'hidden_continuous_size': 22, 'attention_head_size': 3, 'learning_rate': 0.03567822812132661}. Best is trial 66 with value: 2128.0751953125.
LOCAL_RANK: 0 - CUDA_VISIBLE_DEVICES: [0]
[I 2023-11-30 03:36:21,015] Trial 112 finished with value: 2593.244384765625 and parameters: {'gradient_clip_val': 0.7160921171387701, 'hidden_size': 49, 'dropout': 0.2905257995175729, 'hidden_continuous_size': 24, 'attention_head_size': 3, 'learning_rate': 0.028676008998319368}. Best is trial 66 with value: 2128.0751953125.
LOCAL_RANK: 0 - CUDA_VISIBLE_DEVICES: [0]
[I 2023-11-30 03:36:33,379] Trial 113 finished with value: 2400.039794921875 and parameters: {'gradient_clip_val': 0.7914697510617926, 'hidden_size': 30, 'dropout': 0.3101244735954576, 'hidden_continuous_size': 21, 'attention_head_size': 3, 'learning_rate': 0.03222213065070387}. Best is trial 66 with value: 2128.0751953125.
LOCAL_RANK: 0 - CUDA_VISIBLE_DEVICES: [0]
[I 2023-11-30 03:36:45,897] Trial 114 finished with value: 2577.862548828125 and parameters: {'gradient_clip_val': 0.8422741143035034, 'hidden_size': 35, 'dropout': 0.3300265232191854, 'hidden_continuous_size': 21, 'attention_head_size': 3, 'learning_rate': 0.024289909062057986}. Best is trial 66 with value: 2128.0751953125.
LOCAL_RANK: 0 - CUDA_VISIBLE_DEVICES: [0]
[I 2023-11-30 03:36:58,305] Trial 115 finished with value: 2490.036376953125 and parameters: {'gradient_clip_val': 0.6877131762445132, 'hidden_size': 40, 'dropout': 0.304109940634121, 'hidden_continuous_size': 23, 'attention_head_size': 3, 'learning_rate': 0.01987664736129648}. Best is trial 66 with value: 2128.0751953125.
LOCAL_RANK: 0 - CUDA_VISIBLE_DEVICES: [0]
[I 2023-11-30 03:37:10,434] Trial 116 finished with value: 2411.067138671875 and parameters: {'gradient_clip_val': 0.9013047388652188, 'hidden_size': 29, 'dropout': 0.3220159747103384, 'hidden_continuous_size': 16, 'attention_head_size': 3, 'learning_rate': 0.044969381366760604}. Best is trial 66 with value: 2128.0751953125.
LOCAL_RANK: 0 - CUDA_VISIBLE_DEVICES: [0]
[I 2023-11-30 03:37:22,849] Trial 117 finished with value: 2517.545166015625 and parameters: {'gradient_clip_val': 0.6411137828047688, 'hidden_size': 37, 'dropout': 0.2969874476105134, 'hidden_continuous_size': 20, 'attention_head_size': 3, 'learning_rate': 0.027630431504051867}. Best is trial 66 with value: 2128.0751953125.
LOCAL_RANK: 0 - CUDA_VISIBLE_DEVICES: [0]
[I 2023-11-30 03:37:35,046] Trial 118 finished with value: 2772.364013671875 and parameters: {'gradient_clip_val': 0.943149232738703, 'hidden_size': 32, 'dropout': 0.2854306477922804, 'hidden_continuous_size': 18, 'attention_head_size': 3, 'learning_rate': 0.03514332110798501}. Best is trial 66 with value: 2128.0751953125.
LOCAL_RANK: 0 - CUDA_VISIBLE_DEVICES: [0]
[I 2023-11-30 03:37:47,576] Trial 119 finished with value: 2678.343505859375 and parameters: {'gradient_clip_val': 0.7803909656945563, 'hidden_size': 43, 'dropout': 0.31492746930943033, 'hidden_continuous_size': 19, 'attention_head_size': 3, 'learning_rate': 0.022050815865479183}. Best is trial 66 with value: 2128.0751953125.
LOCAL_RANK: 0 - CUDA_VISIBLE_DEVICES: [0]
[I 2023-11-30 03:38:00,617] Trial 120 finished with value: 2421.8349609375 and parameters: {'gradient_clip_val': 0.7328186445630036, 'hidden_size': 54, 'dropout': 0.27772456107030224, 'hidden_continuous_size': 26, 'attention_head_size': 3, 'learning_rate': 0.039758301245816204}. Best is trial 66 with value: 2128.0751953125.
LOCAL_RANK: 0 - CUDA_VISIBLE_DEVICES: [0]
[I 2023-11-30 03:38:13,068] Trial 121 finished with value: 2519.618896484375 and parameters: {'gradient_clip_val': 0.6013597338316437, 'hidden_size': 38, 'dropout': 0.29935495409148966, 'hidden_continuous_size': 17, 'attention_head_size': 3, 'learning_rate': 0.033024368055538794}. Best is trial 66 with value: 2128.0751953125.
LOCAL_RANK: 0 - CUDA_VISIBLE_DEVICES: [0]
[I 2023-11-30 03:38:25,436] Trial 122 finished with value: 2726.593505859375 and parameters: {'gradient_clip_val': 0.5525411386068527, 'hidden_size': 34, 'dropout': 0.2899536571187984, 'hidden_continuous_size': 18, 'attention_head_size': 3, 'learning_rate': 0.03727858265009598}. Best is trial 66 with value: 2128.0751953125.
LOCAL_RANK: 0 - CUDA_VISIBLE_DEVICES: [0]
[I 2023-11-30 03:38:38,075] Trial 123 finished with value: 2721.12060546875 and parameters: {'gradient_clip_val': 0.8337440701266268, 'hidden_size': 46, 'dropout': 0.3028199088339935, 'hidden_continuous_size': 22, 'attention_head_size': 3, 'learning_rate': 0.048879158898756284}. Best is trial 66 with value: 2128.0751953125.
LOCAL_RANK: 0 - CUDA_VISIBLE_DEVICES: [0]
[I 2023-11-30 03:38:50,680] Trial 124 finished with value: 2352.7294921875 and parameters: {'gradient_clip_val': 0.6226692674284117, 'hidden_size': 38, 'dropout': 0.29343090625277474, 'hidden_continuous_size': 18, 'attention_head_size': 3, 'learning_rate': 0.04348385316342493}. Best is trial 66 with value: 2128.0751953125.
LOCAL_RANK: 0 - CUDA_VISIBLE_DEVICES: [0]
[I 2023-11-30 03:39:03,155] Trial 125 finished with value: 2353.0048828125 and parameters: {'gradient_clip_val': 0.6598611228150262, 'hidden_size': 37, 'dropout': 0.29415266847502225, 'hidden_continuous_size': 20, 'attention_head_size': 3, 'learning_rate': 0.027098949351951073}. Best is trial 66 with value: 2128.0751953125.
LOCAL_RANK: 0 - CUDA_VISIBLE_DEVICES: [0]
[I 2023-11-30 03:39:15,388] Trial 126 finished with value: 2115.075439453125 and parameters: {'gradient_clip_val': 0.6697608953670009, 'hidden_size': 27, 'dropout': 0.28080297532658455, 'hidden_continuous_size': 17, 'attention_head_size': 3, 'learning_rate': 0.04368131852678051}. Best is trial 126 with value: 2115.075439453125.
LOCAL_RANK: 0 - CUDA_VISIBLE_DEVICES: [0]
[I 2023-11-30 03:39:27,363] Trial 127 finished with value: 2462.686767578125 and parameters: {'gradient_clip_val': 0.7089521553557959, 'hidden_size': 28, 'dropout': 0.2733783274967825, 'hidden_continuous_size': 17, 'attention_head_size': 3, 'learning_rate': 0.05488006210770587}. Best is trial 126 with value: 2115.075439453125.
LOCAL_RANK: 0 - CUDA_VISIBLE_DEVICES: [0]
[I 2023-11-30 03:39:39,684] Trial 128 finished with value: 2417.780029296875 and parameters: {'gradient_clip_val': 0.8790811541923056, 'hidden_size': 30, 'dropout': 0.2810492207517831, 'hidden_continuous_size': 17, 'attention_head_size': 3, 'learning_rate': 0.04424569942145143}. Best is trial 126 with value: 2115.075439453125.
LOCAL_RANK: 0 - CUDA_VISIBLE_DEVICES: [0]
[I 2023-11-30 03:39:51,762] Trial 129 finished with value: 2538.48583984375 and parameters: {'gradient_clip_val': 0.7623496420653404, 'hidden_size': 25, 'dropout': 0.2553984223096368, 'hidden_continuous_size': 17, 'attention_head_size': 3, 'learning_rate': 0.04851045423757396}. Best is trial 126 with value: 2115.075439453125.
LOCAL_RANK: 0 - CUDA_VISIBLE_DEVICES: [0]
[I 2023-11-30 03:40:04,066] Trial 130 finished with value: 2534.077392578125 and parameters: {'gradient_clip_val': 0.6172547459491071, 'hidden_size': 32, 'dropout': 0.2868741061769557, 'hidden_continuous_size': 16, 'attention_head_size': 3, 'learning_rate': 0.041462090177888496}. Best is trial 126 with value: 2115.075439453125.
LOCAL_RANK: 0 - CUDA_VISIBLE_DEVICES: [0]
[I 2023-11-30 03:40:16,165] Trial 131 finished with value: 2581.553466796875 and parameters: {'gradient_clip_val': 0.6764308269920145, 'hidden_size': 27, 'dropout': 0.29353602418875857, 'hidden_continuous_size': 18, 'attention_head_size': 3, 'learning_rate': 0.03162291833157813}. Best is trial 126 with value: 2115.075439453125.
LOCAL_RANK: 0 - CUDA_VISIBLE_DEVICES: [0]
[I 2023-11-30 03:40:28,406] Trial 132 finished with value: 2551.709228515625 and parameters: {'gradient_clip_val': 0.6562430715009367, 'hidden_size': 36, 'dropout': 0.268119852920329, 'hidden_continuous_size': 19, 'attention_head_size': 3, 'learning_rate': 0.026093518719611422}. Best is trial 126 with value: 2115.075439453125.
LOCAL_RANK: 0 - CUDA_VISIBLE_DEVICES: [0]
[I 2023-11-30 03:40:40,717] Trial 133 finished with value: 2632.225341796875 and parameters: {'gradient_clip_val': 0.8019273453269717, 'hidden_size': 34, 'dropout': 0.28077549478480734, 'hidden_continuous_size': 15, 'attention_head_size': 3, 'learning_rate': 0.03690872431814076}. Best is trial 126 with value: 2115.075439453125.
LOCAL_RANK: 0 - CUDA_VISIBLE_DEVICES: [0]
[I 2023-11-30 03:40:53,135] Trial 134 finished with value: 2405.31689453125 and parameters: {'gradient_clip_val': 0.6405496727027868, 'hidden_size': 40, 'dropout': 0.2632545809478349, 'hidden_continuous_size': 20, 'attention_head_size': 3, 'learning_rate': 0.029040094647870173}. Best is trial 126 with value: 2115.075439453125.
LOCAL_RANK: 0 - CUDA_VISIBLE_DEVICES: [0]
[I 2023-11-30 03:41:05,391] Trial 135 finished with value: 2450.978515625 and parameters: {'gradient_clip_val': 0.7315528781174526, 'hidden_size': 32, 'dropout': 0.3074631874524092, 'hidden_continuous_size': 18, 'attention_head_size': 3, 'learning_rate': 0.03357202947233426}. Best is trial 126 with value: 2115.075439453125.
LOCAL_RANK: 0 - CUDA_VISIBLE_DEVICES: [0]
[I 2023-11-30 03:41:17,818] Trial 136 finished with value: 2361.357177734375 and parameters: {'gradient_clip_val': 0.6924393847900447, 'hidden_size': 37, 'dropout': 0.3110031807889421, 'hidden_continuous_size': 16, 'attention_head_size': 3, 'learning_rate': 0.02369350364033283}. Best is trial 126 with value: 2115.075439453125.
LOCAL_RANK: 0 - CUDA_VISIBLE_DEVICES: [0]
[I 2023-11-30 03:41:29,995] Trial 137 finished with value: 2753.521484375 and parameters: {'gradient_clip_val': 0.8453767863039083, 'hidden_size': 30, 'dropout': 0.2941558036011254, 'hidden_continuous_size': 18, 'attention_head_size': 3, 'learning_rate': 0.013635642649362002}. Best is trial 126 with value: 2115.075439453125.
LOCAL_RANK: 0 - CUDA_VISIBLE_DEVICES: [0]
[I 2023-11-30 03:41:42,556] Trial 138 finished with value: 2617.3994140625 and parameters: {'gradient_clip_val': 0.7741211529838006, 'hidden_size': 41, 'dropout': 0.2854778576209778, 'hidden_continuous_size': 19, 'attention_head_size': 3, 'learning_rate': 0.042671337388427676}. Best is trial 126 with value: 2115.075439453125.
LOCAL_RANK: 0 - CUDA_VISIBLE_DEVICES: [0]
[I 2023-11-30 03:41:55,076] Trial 139 finished with value: 2707.291015625 and parameters: {'gradient_clip_val': 0.5853566042569902, 'hidden_size': 35, 'dropout': 0.2748898609877112, 'hidden_continuous_size': 20, 'attention_head_size': 3, 'learning_rate': 0.053878167062806986}. Best is trial 126 with value: 2115.075439453125.
LOCAL_RANK: 0 - CUDA_VISIBLE_DEVICES: [0]
[I 2023-11-30 03:42:07,787] Trial 140 finished with value: 2650.261474609375 and parameters: {'gradient_clip_val': 0.9591074558580794, 'hidden_size': 43, 'dropout': 0.3249430370473218, 'hidden_continuous_size': 21, 'attention_head_size': 3, 'learning_rate': 0.030570756168193915}. Best is trial 126 with value: 2115.075439453125.
LOCAL_RANK: 0 - CUDA_VISIBLE_DEVICES: [0]
[I 2023-11-30 03:42:20,115] Trial 141 finished with value: 2326.2470703125 and parameters: {'gradient_clip_val': 0.6833038550633321, 'hidden_size': 37, 'dropout': 0.31123626056619974, 'hidden_continuous_size': 16, 'attention_head_size': 3, 'learning_rate': 0.024859068460641894}. Best is trial 126 with value: 2115.075439453125.
LOCAL_RANK: 0 - CUDA_VISIBLE_DEVICES: [0]
[I 2023-11-30 03:42:32,481] Trial 142 finished with value: 2225.15234375 and parameters: {'gradient_clip_val': 0.6667181625518538, 'hidden_size': 33, 'dropout': 0.3157331576280239, 'hidden_continuous_size': 17, 'attention_head_size': 3, 'learning_rate': 0.025728693370508968}. Best is trial 126 with value: 2115.075439453125.
LOCAL_RANK: 0 - CUDA_VISIBLE_DEVICES: [0]
[I 2023-11-30 03:42:44,861] Trial 143 finished with value: 2218.831787109375 and parameters: {'gradient_clip_val': 0.7191132753228613, 'hidden_size': 34, 'dropout': 0.32024318684788095, 'hidden_continuous_size': 17, 'attention_head_size': 3, 'learning_rate': 0.025495778909596}. Best is trial 126 with value: 2115.075439453125.
LOCAL_RANK: 0 - CUDA_VISIBLE_DEVICES: [0]
[I 2023-11-30 03:42:57,104] Trial 144 finished with value: 2463.631103515625 and parameters: {'gradient_clip_val': 0.7150781463382415, 'hidden_size': 33, 'dropout': 0.31914083558369716, 'hidden_continuous_size': 17, 'attention_head_size': 3, 'learning_rate': 0.020567837031045207}. Best is trial 126 with value: 2115.075439453125.
LOCAL_RANK: 0 - CUDA_VISIBLE_DEVICES: [0]
[I 2023-11-30 03:43:09,241] Trial 145 finished with value: 2791.239990234375 and parameters: {'gradient_clip_val': 0.7521423660665316, 'hidden_size': 28, 'dropout': 0.3437138297663013, 'hidden_continuous_size': 16, 'attention_head_size': 3, 'learning_rate': 0.023805432451459756}. Best is trial 126 with value: 2115.075439453125.
LOCAL_RANK: 0 - CUDA_VISIBLE_DEVICES: [0]
[I 2023-11-30 03:43:21,391] Trial 146 finished with value: 2702.143310546875 and parameters: {'gradient_clip_val': 0.8298660239992945, 'hidden_size': 30, 'dropout': 0.3160694042329954, 'hidden_continuous_size': 16, 'attention_head_size': 3, 'learning_rate': 0.025169893326808957}. Best is trial 126 with value: 2115.075439453125.
LOCAL_RANK: 0 - CUDA_VISIBLE_DEVICES: [0]
[I 2023-11-30 03:43:33,715] Trial 147 finished with value: 2653.066162109375 and parameters: {'gradient_clip_val': 0.7991633274382047, 'hidden_size': 33, 'dropout': 0.3315648504613117, 'hidden_continuous_size': 17, 'attention_head_size': 3, 'learning_rate': 0.017831913064944162}. Best is trial 126 with value: 2115.075439453125.
LOCAL_RANK: 0 - CUDA_VISIBLE_DEVICES: [0]
[I 2023-11-30 03:43:45,996] Trial 148 finished with value: 2427.6767578125 and parameters: {'gradient_clip_val': 0.6857261156301043, 'hidden_size': 31, 'dropout': 0.32905067271815164, 'hidden_continuous_size': 15, 'attention_head_size': 3, 'learning_rate': 0.0210868595872058}. Best is trial 126 with value: 2115.075439453125.
LOCAL_RANK: 0 - CUDA_VISIBLE_DEVICES: [0]
[I 2023-11-30 03:43:57,883] Trial 149 finished with value: 2696.8330078125 and parameters: {'gradient_clip_val': 0.8676737718709843, 'hidden_size': 24, 'dropout': 0.3365088461508659, 'hidden_continuous_size': 17, 'attention_head_size': 3, 'learning_rate': 0.028607660676406636}. Best is trial 126 with value: 2115.075439453125.
[I 2023-11-30 03:43:57,991] A new study created in memory with name: no-name-e438c8b3-437c-460b-a97d-0c0ea3e3ae6e
/home/le004/conda/anaconda3/envs/tsff_env/lib/python3.9/site-packages/lightning/fabric/plugins/environments/slurm.py:191: The `srun` command is available on your system but is not used. HINT: If your intention is to run Lightning on SLURM, prepend your python command with `srun` like so: srun python /home/le004/master_thesis/git/TSFusionForecast/code/ ...
LOCAL_RANK: 0 - CUDA_VISIBLE_DEVICES: [0]
[I 2023-11-30 03:44:09,972] Trial 0 finished with value: 584.5838012695312 and parameters: {'gradient_clip_val': 0.100404807769985, 'hidden_size': 13, 'dropout': 0.24959441391983234, 'hidden_continuous_size': 12, 'attention_head_size': 2, 'learning_rate': 0.00829949496786669}. Best is trial 0 with value: 584.5838012695312.
LOCAL_RANK: 0 - CUDA_VISIBLE_DEVICES: [0]
