[I 2023-11-30 02:42:46,860] Trial 11 finished with value: 3084.126953125 and parameters: {'gradient_clip_val': 0.10489060767481917, 'hidden_size': 138, 'dropout': 0.21972762975205354, 'hidden_continuous_size': 45, 'attention_head_size': 3, 'learning_rate': 0.005839332589486998}. Best is trial 3 with value: 2148.797119140625.
LOCAL_RANK: 0 - CUDA_VISIBLE_DEVICES: [0]
[I 2023-11-30 02:43:00,522] Trial 12 finished with value: 2517.2900390625 and parameters: {'gradient_clip_val': 0.26684082735784315, 'hidden_size': 82, 'dropout': 0.22059877299529057, 'hidden_continuous_size': 34, 'attention_head_size': 3, 'learning_rate': 0.00803103603397492}. Best is trial 3 with value: 2148.797119140625.
LOCAL_RANK: 0 - CUDA_VISIBLE_DEVICES: [0]
[I 2023-11-30 02:43:14,057] Trial 13 finished with value: 2312.276123046875 and parameters: {'gradient_clip_val': 0.46333448001060634, 'hidden_size': 94, 'dropout': 0.35542244472181983, 'hidden_continuous_size': 18, 'attention_head_size': 2, 'learning_rate': 0.024728611583507924}. Best is trial 3 with value: 2148.797119140625.
LOCAL_RANK: 0 - CUDA_VISIBLE_DEVICES: [0]
[I 2023-11-30 02:43:28,542] Trial 14 finished with value: 2831.94140625 and parameters: {'gradient_clip_val': 0.20949772963147748, 'hidden_size': 149, 'dropout': 0.23347153758251568, 'hidden_continuous_size': 59, 'attention_head_size': 3, 'learning_rate': 0.0035469815027147304}. Best is trial 3 with value: 2148.797119140625.
LOCAL_RANK: 0 - CUDA_VISIBLE_DEVICES: [0]
[I 2023-11-30 02:43:42,018] Trial 15 finished with value: 2448.9609375 and parameters: {'gradient_clip_val': 0.28863033540893174, 'hidden_size': 60, 'dropout': 0.3989885305577293, 'hidden_continuous_size': 25, 'attention_head_size': 3, 'learning_rate': 0.011383159326849876}. Best is trial 3 with value: 2148.797119140625.
LOCAL_RANK: 0 - CUDA_VISIBLE_DEVICES: [0]
[I 2023-11-30 02:43:55,782] Trial 16 finished with value: 2283.080078125 and parameters: {'gradient_clip_val': 0.1327274364510641, 'hidden_size': 104, 'dropout': 0.34410272178403023, 'hidden_continuous_size': 33, 'attention_head_size': 2, 'learning_rate': 0.030207774371982292}. Best is trial 3 with value: 2148.797119140625.
LOCAL_RANK: 0 - CUDA_VISIBLE_DEVICES: [0]
[I 2023-11-30 02:44:08,635] Trial 17 finished with value: 2474.1845703125 and parameters: {'gradient_clip_val': 0.15577497041689367, 'hidden_size': 60, 'dropout': 0.1780507781036128, 'hidden_continuous_size': 15, 'attention_head_size': 3, 'learning_rate': 0.019436634747387545}. Best is trial 3 with value: 2148.797119140625.
LOCAL_RANK: 0 - CUDA_VISIBLE_DEVICES: [0]
[I 2023-11-30 02:44:22,546] Trial 18 finished with value: 2972.607177734375 and parameters: {'gradient_clip_val': 0.10080550067656763, 'hidden_size': 105, 'dropout': 0.2593454319974909, 'hidden_continuous_size': 43, 'attention_head_size': 2, 'learning_rate': 0.09886399456390042}. Best is trial 3 with value: 2148.797119140625.
LOCAL_RANK: 0 - CUDA_VISIBLE_DEVICES: [0]
[I 2023-11-30 02:44:35,969] Trial 19 finished with value: 2837.358154296875 and parameters: {'gradient_clip_val': 0.42077515040418517, 'hidden_size': 67, 'dropout': 0.1945243841584965, 'hidden_continuous_size': 21, 'attention_head_size': 4, 'learning_rate': 0.008622997870112425}. Best is trial 3 with value: 2148.797119140625.
LOCAL_RANK: 0 - CUDA_VISIBLE_DEVICES: [0]
[I 2023-11-30 02:44:50,489] Trial 20 finished with value: 2819.002685546875 and parameters: {'gradient_clip_val': 0.5864547341677618, 'hidden_size': 118, 'dropout': 0.31537346764249996, 'hidden_continuous_size': 85, 'attention_head_size': 3, 'learning_rate': 0.02882334800288905}. Best is trial 3 with value: 2148.797119140625.
LOCAL_RANK: 0 - CUDA_VISIBLE_DEVICES: [0]
[I 2023-11-30 02:45:04,012] Trial 21 finished with value: 3028.327880859375 and parameters: {'gradient_clip_val': 0.1401774239877201, 'hidden_size': 104, 'dropout': 0.36497622396352974, 'hidden_continuous_size': 31, 'attention_head_size': 2, 'learning_rate': 0.041082992370209244}. Best is trial 3 with value: 2148.797119140625.
LOCAL_RANK: 0 - CUDA_VISIBLE_DEVICES: [0]
[I 2023-11-30 02:45:17,886] Trial 22 finished with value: 3133.26953125 and parameters: {'gradient_clip_val': 0.19389853902192594, 'hidden_size': 115, 'dropout': 0.34477124008096605, 'hidden_continuous_size': 34, 'attention_head_size': 1, 'learning_rate': 0.029049925609187493}. Best is trial 3 with value: 2148.797119140625.
LOCAL_RANK: 0 - CUDA_VISIBLE_DEVICES: [0]
[I 2023-11-30 02:45:31,666] Trial 23 finished with value: 2770.086669921875 and parameters: {'gradient_clip_val': 0.13235186374254929, 'hidden_size': 107, 'dropout': 0.33779279925832617, 'hidden_continuous_size': 26, 'attention_head_size': 2, 'learning_rate': 0.01576130310134629}. Best is trial 3 with value: 2148.797119140625.
LOCAL_RANK: 0 - CUDA_VISIBLE_DEVICES: [0]
[I 2023-11-30 02:45:46,150] Trial 24 finished with value: 2992.346923828125 and parameters: {'gradient_clip_val': 0.2355601352790572, 'hidden_size': 147, 'dropout': 0.37081771579799855, 'hidden_continuous_size': 46, 'attention_head_size': 3, 'learning_rate': 0.06142826515196789}. Best is trial 3 with value: 2148.797119140625.
LOCAL_RANK: 0 - CUDA_VISIBLE_DEVICES: [0]
[I 2023-11-30 02:45:59,821] Trial 25 finished with value: 2786.375 and parameters: {'gradient_clip_val': 0.1783334840574924, 'hidden_size': 79, 'dropout': 0.33856790664352926, 'hidden_continuous_size': 18, 'attention_head_size': 2, 'learning_rate': 0.031115964543267684}. Best is trial 3 with value: 2148.797119140625.
LOCAL_RANK: 0 - CUDA_VISIBLE_DEVICES: [0]
[I 2023-11-30 02:46:13,805] Trial 26 finished with value: 2603.033203125 and parameters: {'gradient_clip_val': 0.293932247652683, 'hidden_size': 118, 'dropout': 0.38097824313039036, 'hidden_continuous_size': 38, 'attention_head_size': 3, 'learning_rate': 0.0185399265433968}. Best is trial 3 with value: 2148.797119140625.
LOCAL_RANK: 0 - CUDA_VISIBLE_DEVICES: [0]
[I 2023-11-30 02:46:27,248] Trial 27 finished with value: 2918.762451171875 and parameters: {'gradient_clip_val': 0.13042053507286056, 'hidden_size': 70, 'dropout': 0.31737464696419837, 'hidden_continuous_size': 27, 'attention_head_size': 2, 'learning_rate': 0.012555082286044085}. Best is trial 3 with value: 2148.797119140625.
LOCAL_RANK: 0 - CUDA_VISIBLE_DEVICES: [0]
[I 2023-11-30 02:46:40,779] Trial 28 finished with value: 2396.034912109375 and parameters: {'gradient_clip_val': 0.21177305810001876, 'hidden_size': 93, 'dropout': 0.27736257228923084, 'hidden_continuous_size': 22, 'attention_head_size': 1, 'learning_rate': 0.021756185026556674}. Best is trial 3 with value: 2148.797119140625.
LOCAL_RANK: 0 - CUDA_VISIBLE_DEVICES: [0]
[I 2023-11-30 02:46:54,470] Trial 29 finished with value: 3178.013671875 and parameters: {'gradient_clip_val': 0.3511873823786919, 'hidden_size': 92, 'dropout': 0.13117948084055472, 'hidden_continuous_size': 29, 'attention_head_size': 4, 'learning_rate': 0.04011630048107732}. Best is trial 3 with value: 2148.797119140625.
LOCAL_RANK: 0 - CUDA_VISIBLE_DEVICES: [0]
[I 2023-11-30 02:47:08,787] Trial 30 finished with value: 2970.449951171875 and parameters: {'gradient_clip_val': 0.3062592685175406, 'hidden_size': 120, 'dropout': 0.35595397878357465, 'hidden_continuous_size': 53, 'attention_head_size': 3, 'learning_rate': 0.061371561203812056}. Best is trial 3 with value: 2148.797119140625.
LOCAL_RANK: 0 - CUDA_VISIBLE_DEVICES: [0]
[I 2023-11-30 02:47:22,320] Trial 31 finished with value: 2934.53125 and parameters: {'gradient_clip_val': 0.40762585881138297, 'hidden_size': 94, 'dropout': 0.356348097580532, 'hidden_continuous_size': 17, 'attention_head_size': 2, 'learning_rate': 0.028012026676579847}. Best is trial 3 with value: 2148.797119140625.
LOCAL_RANK: 0 - CUDA_VISIBLE_DEVICES: [0]
[I 2023-11-30 02:47:36,536] Trial 32 finished with value: 2886.476318359375 and parameters: {'gradient_clip_val': 0.4033344902031609, 'hidden_size': 149, 'dropout': 0.3217201839463524, 'hidden_continuous_size': 21, 'attention_head_size': 2, 'learning_rate': 0.027119927510937746}. Best is trial 3 with value: 2148.797119140625.
LOCAL_RANK: 0 - CUDA_VISIBLE_DEVICES: [0]
[I 2023-11-30 02:47:50,232] Trial 33 finished with value: 2754.080810546875 and parameters: {'gradient_clip_val': 0.24292736202225107, 'hidden_size': 97, 'dropout': 0.3550423644674926, 'hidden_continuous_size': 24, 'attention_head_size': 2, 'learning_rate': 0.02435069247349993}. Best is trial 3 with value: 2148.797119140625.
LOCAL_RANK: 0 - CUDA_VISIBLE_DEVICES: [0]
[I 2023-11-30 02:48:04,148] Trial 34 finished with value: 2780.347412109375 and parameters: {'gradient_clip_val': 0.5029349002789267, 'hidden_size': 124, 'dropout': 0.281702138610419, 'hidden_continuous_size': 18, 'attention_head_size': 2, 'learning_rate': 0.07457467063885415}. Best is trial 3 with value: 2148.797119140625.
LOCAL_RANK: 0 - CUDA_VISIBLE_DEVICES: [0]
[I 2023-11-30 02:48:18,938] Trial 35 finished with value: 2824.102294921875 and parameters: {'gradient_clip_val': 0.816708761194188, 'hidden_size': 127, 'dropout': 0.38713484127452485, 'hidden_continuous_size': 119, 'attention_head_size': 3, 'learning_rate': 0.037499956478162885}. Best is trial 3 with value: 2148.797119140625.
LOCAL_RANK: 0 - CUDA_VISIBLE_DEVICES: [0]
[I 2023-11-30 02:48:32,195] Trial 36 finished with value: 2974.09765625 and parameters: {'gradient_clip_val': 0.33656052452509505, 'hidden_size': 79, 'dropout': 0.3258117044017351, 'hidden_continuous_size': 14, 'attention_head_size': 1, 'learning_rate': 0.0504060100993661}. Best is trial 3 with value: 2148.797119140625.
LOCAL_RANK: 0 - CUDA_VISIBLE_DEVICES: [0]
[I 2023-11-30 02:48:45,255] Trial 37 finished with value: 2830.684814453125 and parameters: {'gradient_clip_val': 0.15282235984824682, 'hidden_size': 51, 'dropout': 0.2986042581289789, 'hidden_continuous_size': 23, 'attention_head_size': 2, 'learning_rate': 0.048176531342107504}. Best is trial 3 with value: 2148.797119140625.
LOCAL_RANK: 0 - CUDA_VISIBLE_DEVICES: [0]
[I 2023-11-30 02:48:58,610] Trial 38 finished with value: 2923.40625 and parameters: {'gradient_clip_val': 0.11308585894343406, 'hidden_size': 88, 'dropout': 0.37661051390688943, 'hidden_continuous_size': 16, 'attention_head_size': 2, 'learning_rate': 0.034438198856908735}. Best is trial 3 with value: 2148.797119140625.
LOCAL_RANK: 0 - CUDA_VISIBLE_DEVICES: [0]
[I 2023-11-30 02:49:12,214] Trial 39 finished with value: 3072.291015625 and parameters: {'gradient_clip_val': 0.24909228435740288, 'hidden_size': 105, 'dropout': 0.3426036109118397, 'hidden_continuous_size': 13, 'attention_head_size': 3, 'learning_rate': 0.021606846868382285}. Best is trial 3 with value: 2148.797119140625.
LOCAL_RANK: 0 - CUDA_VISIBLE_DEVICES: [0]
[I 2023-11-30 02:49:26,030] Trial 40 finished with value: 2251.114501953125 and parameters: {'gradient_clip_val': 0.11868195630107801, 'hidden_size': 76, 'dropout': 0.30129451475544194, 'hidden_continuous_size': 19, 'attention_head_size': 4, 'learning_rate': 0.01574756784603093}. Best is trial 3 with value: 2148.797119140625.
LOCAL_RANK: 0 - CUDA_VISIBLE_DEVICES: [0]
[I 2023-11-30 02:49:40,156] Trial 41 finished with value: 2627.677734375 and parameters: {'gradient_clip_val': 0.11777821647777244, 'hidden_size': 131, 'dropout': 0.3087622858049116, 'hidden_continuous_size': 19, 'attention_head_size': 4, 'learning_rate': 0.015112206521308253}. Best is trial 3 with value: 2148.797119140625.
LOCAL_RANK: 0 - CUDA_VISIBLE_DEVICES: [0]
[I 2023-11-30 02:49:53,723] Trial 42 finished with value: 2442.0419921875 and parameters: {'gradient_clip_val': 0.1382170392146677, 'hidden_size': 74, 'dropout': 0.3268960964838214, 'hidden_continuous_size': 19, 'attention_head_size': 4, 'learning_rate': 0.01856629359515186}. Best is trial 3 with value: 2148.797119140625.
LOCAL_RANK: 0 - CUDA_VISIBLE_DEVICES: [0]
[I 2023-11-30 02:50:07,338] Trial 43 finished with value: 2945.374755859375 and parameters: {'gradient_clip_val': 0.12026489789462028, 'hidden_size': 86, 'dropout': 0.29412443553346046, 'hidden_continuous_size': 16, 'attention_head_size': 4, 'learning_rate': 0.010620774520584164}. Best is trial 3 with value: 2148.797119140625.
LOCAL_RANK: 0 - CUDA_VISIBLE_DEVICES: [0]
[I 2023-11-30 02:50:21,342] Trial 44 finished with value: 2714.160888671875 and parameters: {'gradient_clip_val': 0.1712584078190114, 'hidden_size': 131, 'dropout': 0.38591942989289174, 'hidden_continuous_size': 13, 'attention_head_size': 4, 'learning_rate': 0.022684373511136842}. Best is trial 3 with value: 2148.797119140625.
LOCAL_RANK: 0 - CUDA_VISIBLE_DEVICES: [0]
[I 2023-11-30 02:50:35,281] Trial 45 finished with value: 2243.5673828125 and parameters: {'gradient_clip_val': 0.10021184539863495, 'hidden_size': 102, 'dropout': 0.3641714212647769, 'hidden_continuous_size': 20, 'attention_head_size': 3, 'learning_rate': 0.032293369825047234}. Best is trial 3 with value: 2148.797119140625.
LOCAL_RANK: 0 - CUDA_VISIBLE_DEVICES: [0]
[I 2023-11-30 02:50:49,094] Trial 46 finished with value: 2396.208251953125 and parameters: {'gradient_clip_val': 0.10996173456536888, 'hidden_size': 105, 'dropout': 0.36995550335336813, 'hidden_continuous_size': 29, 'attention_head_size': 3, 'learning_rate': 0.07493968528036106}. Best is trial 3 with value: 2148.797119140625.
LOCAL_RANK: 0 - CUDA_VISIBLE_DEVICES: [0]
[I 2023-11-30 02:51:02,584] Trial 47 finished with value: 2375.449951171875 and parameters: {'gradient_clip_val': 0.10628996330343261, 'hidden_size': 82, 'dropout': 0.3977802367180189, 'hidden_continuous_size': 20, 'attention_head_size': 3, 'learning_rate': 0.035735649262346486}. Best is trial 3 with value: 2148.797119140625.
LOCAL_RANK: 0 - CUDA_VISIBLE_DEVICES: [0]
[I 2023-11-30 02:51:16,102] Trial 48 finished with value: 2532.052001953125 and parameters: {'gradient_clip_val': 0.10007511401684074, 'hidden_size': 66, 'dropout': 0.3084416756392988, 'hidden_continuous_size': 23, 'attention_head_size': 4, 'learning_rate': 0.014086767645737375}. Best is trial 3 with value: 2148.797119140625.
LOCAL_RANK: 0 - CUDA_VISIBLE_DEVICES: [0]
[I 2023-11-30 02:51:30,274] Trial 49 finished with value: 2886.6748046875 and parameters: {'gradient_clip_val': 0.12117378296305709, 'hidden_size': 141, 'dropout': 0.24601459479002769, 'hidden_continuous_size': 25, 'attention_head_size': 3, 'learning_rate': 0.04486214836036568}. Best is trial 3 with value: 2148.797119140625.
LOCAL_RANK: 0 - CUDA_VISIBLE_DEVICES: [0]
[I 2023-11-30 02:51:43,706] Trial 50 finished with value: 3049.472900390625 and parameters: {'gradient_clip_val': 0.14906248829573382, 'hidden_size': 57, 'dropout': 0.2737383041565745, 'hidden_continuous_size': 22, 'attention_head_size': 3, 'learning_rate': 0.009055479710061038}. Best is trial 3 with value: 2148.797119140625.
LOCAL_RANK: 0 - CUDA_VISIBLE_DEVICES: [0]
[I 2023-11-30 02:51:57,231] Trial 51 finished with value: 3010.470458984375 and parameters: {'gradient_clip_val': 0.12255421924431037, 'hidden_size': 95, 'dropout': 0.3516017432633357, 'hidden_continuous_size': 17, 'attention_head_size': 2, 'learning_rate': 0.032416236807933804}. Best is trial 3 with value: 2148.797119140625.
LOCAL_RANK: 0 - CUDA_VISIBLE_DEVICES: [0]
[I 2023-11-30 02:52:10,871] Trial 52 finished with value: 2728.035888671875 and parameters: {'gradient_clip_val': 0.11185998517540159, 'hidden_size': 113, 'dropout': 0.3626426116020307, 'hidden_continuous_size': 11, 'attention_head_size': 3, 'learning_rate': 0.026183590296274595}. Best is trial 3 with value: 2148.797119140625.
LOCAL_RANK: 0 - CUDA_VISIBLE_DEVICES: [0]
[I 2023-11-30 02:52:24,340] Trial 53 finished with value: 2439.8955078125 and parameters: {'gradient_clip_val': 0.14419221951116257, 'hidden_size': 75, 'dropout': 0.3297976716740461, 'hidden_continuous_size': 20, 'attention_head_size': 3, 'learning_rate': 0.017450386029657077}. Best is trial 3 with value: 2148.797119140625.
LOCAL_RANK: 0 - CUDA_VISIBLE_DEVICES: [0]
[I 2023-11-30 02:52:38,109] Trial 54 finished with value: 3200.417236328125 and parameters: {'gradient_clip_val': 0.16604824119680778, 'hidden_size': 132, 'dropout': 0.3453978222388996, 'hidden_continuous_size': 15, 'attention_head_size': 2, 'learning_rate': 0.012659422317360466}. Best is trial 3 with value: 2148.797119140625.
LOCAL_RANK: 0 - CUDA_VISIBLE_DEVICES: [0]
[I 2023-11-30 02:52:52,214] Trial 55 finished with value: 2271.4423828125 and parameters: {'gradient_clip_val': 0.1326145806634985, 'hidden_size': 105, 'dropout': 0.36476370819317905, 'hidden_continuous_size': 35, 'attention_head_size': 4, 'learning_rate': 0.021036999470693773}. Best is trial 3 with value: 2148.797119140625.
LOCAL_RANK: 0 - CUDA_VISIBLE_DEVICES: [0]
[I 2023-11-30 02:53:06,216] Trial 56 finished with value: 2518.204833984375 and parameters: {'gradient_clip_val': 0.13278738362865525, 'hidden_size': 111, 'dropout': 0.3678548197805028, 'hidden_continuous_size': 32, 'attention_head_size': 4, 'learning_rate': 0.0068099629931173515}. Best is trial 3 with value: 2148.797119140625.
LOCAL_RANK: 0 - CUDA_VISIBLE_DEVICES: [0]
[I 2023-11-30 02:53:20,142] Trial 57 finished with value: 2283.30078125 and parameters: {'gradient_clip_val': 0.1570221943677192, 'hidden_size': 100, 'dropout': 0.3834720692127178, 'hidden_continuous_size': 35, 'attention_head_size': 4, 'learning_rate': 0.020286795240867142}. Best is trial 3 with value: 2148.797119140625.
LOCAL_RANK: 0 - CUDA_VISIBLE_DEVICES: [0]
[I 2023-11-30 02:53:33,964] Trial 58 finished with value: 2525.678955078125 and parameters: {'gradient_clip_val': 0.12915251945132286, 'hidden_size': 85, 'dropout': 0.3341986188175091, 'hidden_continuous_size': 39, 'attention_head_size': 4, 'learning_rate': 0.016638933085921445}. Best is trial 3 with value: 2148.797119140625.
LOCAL_RANK: 0 - CUDA_VISIBLE_DEVICES: [0]
[I 2023-11-30 02:53:48,244] Trial 59 finished with value: 2458.236083984375 and parameters: {'gradient_clip_val': 0.10145293685975569, 'hidden_size': 114, 'dropout': 0.3745318560487476, 'hidden_continuous_size': 70, 'attention_head_size': 4, 'learning_rate': 0.01056280026872303}. Best is trial 3 with value: 2148.797119140625.
LOCAL_RANK: 0 - CUDA_VISIBLE_DEVICES: [0]
[I 2023-11-30 02:54:02,738] Trial 60 finished with value: 2862.2236328125 and parameters: {'gradient_clip_val': 0.1422233885612969, 'hidden_size': 135, 'dropout': 0.3915878912750874, 'hidden_continuous_size': 41, 'attention_head_size': 4, 'learning_rate': 0.033868160371907007}. Best is trial 3 with value: 2148.797119140625.
LOCAL_RANK: 0 - CUDA_VISIBLE_DEVICES: [0]
[I 2023-11-30 02:54:16,643] Trial 61 finished with value: 2693.600341796875 and parameters: {'gradient_clip_val': 0.15378527265590244, 'hidden_size': 100, 'dropout': 0.3769732585703389, 'hidden_continuous_size': 35, 'attention_head_size': 4, 'learning_rate': 0.021603171128592814}. Best is trial 3 with value: 2148.797119140625.
LOCAL_RANK: 0 - CUDA_VISIBLE_DEVICES: [0]
[I 2023-11-30 02:54:30,239] Trial 62 finished with value: 2438.705810546875 and parameters: {'gradient_clip_val': 0.18532597295088607, 'hidden_size': 88, 'dropout': 0.38380550668006325, 'hidden_continuous_size': 27, 'attention_head_size': 4, 'learning_rate': 0.019002924065903325}. Best is trial 3 with value: 2148.797119140625.
LOCAL_RANK: 0 - CUDA_VISIBLE_DEVICES: [0]
[I 2023-11-30 02:54:44,253] Trial 63 finished with value: 2503.485107421875 and parameters: {'gradient_clip_val': 0.12495651731627912, 'hidden_size': 101, 'dropout': 0.39921377802194163, 'hidden_continuous_size': 36, 'attention_head_size': 4, 'learning_rate': 0.029584290018944446}. Best is trial 3 with value: 2148.797119140625.
LOCAL_RANK: 0 - CUDA_VISIBLE_DEVICES: [0]
[I 2023-11-30 02:54:58,466] Trial 64 finished with value: 2247.223876953125 and parameters: {'gradient_clip_val': 0.15950703373208105, 'hidden_size': 123, 'dropout': 0.36671209141581085, 'hidden_continuous_size': 49, 'attention_head_size': 3, 'learning_rate': 0.01382305780472583}. Best is trial 3 with value: 2148.797119140625.
LOCAL_RANK: 0 - CUDA_VISIBLE_DEVICES: [0]
[I 2023-11-30 02:55:12,705] Trial 65 finished with value: 2489.127685546875 and parameters: {'gradient_clip_val': 0.16292567761400295, 'hidden_size': 118, 'dropout': 0.341413761096324, 'hidden_continuous_size': 53, 'attention_head_size': 3, 'learning_rate': 0.014284557606590155}. Best is trial 3 with value: 2148.797119140625.
LOCAL_RANK: 0 - CUDA_VISIBLE_DEVICES: [0]
[I 2023-11-30 02:55:26,917] Trial 66 finished with value: 2461.958984375 and parameters: {'gradient_clip_val': 0.11127498680618109, 'hidden_size': 140, 'dropout': 0.36283481757918074, 'hidden_continuous_size': 46, 'attention_head_size': 3, 'learning_rate': 0.024081210915678133}. Best is trial 3 with value: 2148.797119140625.
LOCAL_RANK: 0 - CUDA_VISIBLE_DEVICES: [0]
[I 2023-11-30 02:55:41,285] Trial 67 finished with value: 2366.525634765625 and parameters: {'gradient_clip_val': 0.13836421183016004, 'hidden_size': 149, 'dropout': 0.35074894050281835, 'hidden_continuous_size': 33, 'attention_head_size': 3, 'learning_rate': 0.011896300047236054}. Best is trial 3 with value: 2148.797119140625.
LOCAL_RANK: 0 - CUDA_VISIBLE_DEVICES: [0]
[I 2023-11-30 02:55:55,161] Trial 68 finished with value: 2568.017822265625 and parameters: {'gradient_clip_val': 0.1925935740807841, 'hidden_size': 123, 'dropout': 0.3616907323822657, 'hidden_continuous_size': 29, 'attention_head_size': 3, 'learning_rate': 0.016627470125071885}. Best is trial 3 with value: 2148.797119140625.
LOCAL_RANK: 0 - CUDA_VISIBLE_DEVICES: [0]
[I 2023-11-30 02:56:09,115] Trial 69 finished with value: 3059.194091796875 and parameters: {'gradient_clip_val': 0.11626431261870854, 'hidden_size': 110, 'dropout': 0.3322799846762465, 'hidden_continuous_size': 31, 'attention_head_size': 3, 'learning_rate': 0.009454057633546125}. Best is trial 3 with value: 2148.797119140625.
LOCAL_RANK: 0 - CUDA_VISIBLE_DEVICES: [0]
