[I 2023-11-30 03:34:39,811] Trial 96 finished with value: 1376.5716552734375 and parameters: {'gradient_clip_val': 0.7780637918428496, 'hidden_size': 43, 'dropout': 0.2193614902823803, 'hidden_continuous_size': 10, 'attention_head_size': 4, 'learning_rate': 0.010012346375480319}. Best is trial 87 with value: 1073.8319091796875.
LOCAL_RANK: 0 - CUDA_VISIBLE_DEVICES: [0]
[I 2023-11-30 03:34:52,347] Trial 97 finished with value: 1329.9678955078125 and parameters: {'gradient_clip_val': 0.993209018109955, 'hidden_size': 29, 'dropout': 0.183694969648308, 'hidden_continuous_size': 13, 'attention_head_size': 4, 'learning_rate': 0.018176652446443647}. Best is trial 87 with value: 1073.8319091796875.
LOCAL_RANK: 0 - CUDA_VISIBLE_DEVICES: [0]
[I 2023-11-30 03:35:05,012] Trial 98 finished with value: 1421.6351318359375 and parameters: {'gradient_clip_val': 0.8208937489611515, 'hidden_size': 34, 'dropout': 0.22794046414060815, 'hidden_continuous_size': 11, 'attention_head_size': 4, 'learning_rate': 0.011494968619440977}. Best is trial 87 with value: 1073.8319091796875.
LOCAL_RANK: 0 - CUDA_VISIBLE_DEVICES: [0]
[I 2023-11-30 03:35:18,169] Trial 99 finished with value: 1357.3404541015625 and parameters: {'gradient_clip_val': 0.9132981782299724, 'hidden_size': 47, 'dropout': 0.17535385121710462, 'hidden_continuous_size': 25, 'attention_head_size': 4, 'learning_rate': 0.013153105180825745}. Best is trial 87 with value: 1073.8319091796875.
LOCAL_RANK: 0 - CUDA_VISIBLE_DEVICES: [0]
[I 2023-11-30 03:35:30,962] Trial 100 finished with value: 1256.7176513671875 and parameters: {'gradient_clip_val': 0.8651688425115559, 'hidden_size': 31, 'dropout': 0.20263360093700905, 'hidden_continuous_size': 10, 'attention_head_size': 4, 'learning_rate': 0.022731515296627484}. Best is trial 87 with value: 1073.8319091796875.
LOCAL_RANK: 0 - CUDA_VISIBLE_DEVICES: [0]
[I 2023-11-30 03:35:43,308] Trial 101 finished with value: 1242.091796875 and parameters: {'gradient_clip_val': 0.8728305462626303, 'hidden_size': 32, 'dropout': 0.21075335245414217, 'hidden_continuous_size': 10, 'attention_head_size': 4, 'learning_rate': 0.023978651072799752}. Best is trial 87 with value: 1073.8319091796875.
LOCAL_RANK: 0 - CUDA_VISIBLE_DEVICES: [0]
[I 2023-11-30 03:35:55,698] Trial 102 finished with value: 1382.1527099609375 and parameters: {'gradient_clip_val': 0.8766419311539287, 'hidden_size': 31, 'dropout': 0.20212592432275356, 'hidden_continuous_size': 10, 'attention_head_size': 4, 'learning_rate': 0.025811794640346147}. Best is trial 87 with value: 1073.8319091796875.
LOCAL_RANK: 0 - CUDA_VISIBLE_DEVICES: [0]
[I 2023-11-30 03:36:08,140] Trial 103 finished with value: 1349.6832275390625 and parameters: {'gradient_clip_val': 0.9441457471913652, 'hidden_size': 30, 'dropout': 0.18819399708279402, 'hidden_continuous_size': 10, 'attention_head_size': 4, 'learning_rate': 0.02297788095143229}. Best is trial 87 with value: 1073.8319091796875.
LOCAL_RANK: 0 - CUDA_VISIBLE_DEVICES: [0]
[I 2023-11-30 03:36:20,681] Trial 104 finished with value: 1924.5439453125 and parameters: {'gradient_clip_val': 0.8493540351351905, 'hidden_size': 36, 'dropout': 0.20984941768257562, 'hidden_continuous_size': 10, 'attention_head_size': 4, 'learning_rate': 0.03019320383305999}. Best is trial 87 with value: 1073.8319091796875.
LOCAL_RANK: 0 - CUDA_VISIBLE_DEVICES: [0]
[I 2023-11-30 03:36:33,472] Trial 105 finished with value: 1374.1510009765625 and parameters: {'gradient_clip_val': 0.7904686271957347, 'hidden_size': 33, 'dropout': 0.19463110681946003, 'hidden_continuous_size': 10, 'attention_head_size': 4, 'learning_rate': 0.026584387771216165}. Best is trial 87 with value: 1073.8319091796875.
LOCAL_RANK: 0 - CUDA_VISIBLE_DEVICES: [0]
[I 2023-11-30 03:36:45,904] Trial 106 finished with value: 1143.8458251953125 and parameters: {'gradient_clip_val': 0.7258026772680932, 'hidden_size': 27, 'dropout': 0.16730334523865711, 'hidden_continuous_size': 10, 'attention_head_size': 4, 'learning_rate': 0.01880424486718103}. Best is trial 87 with value: 1073.8319091796875.
LOCAL_RANK: 0 - CUDA_VISIBLE_DEVICES: [0]
[I 2023-11-30 03:36:58,226] Trial 107 finished with value: 1558.9410400390625 and parameters: {'gradient_clip_val': 0.9135414432545529, 'hidden_size': 27, 'dropout': 0.18183034371801404, 'hidden_continuous_size': 10, 'attention_head_size': 4, 'learning_rate': 0.03315149385269735}. Best is trial 87 with value: 1073.8319091796875.
LOCAL_RANK: 0 - CUDA_VISIBLE_DEVICES: [0]
[I 2023-11-30 03:37:10,959] Trial 108 finished with value: 1304.8592529296875 and parameters: {'gradient_clip_val': 0.7276667449699048, 'hidden_size': 39, 'dropout': 0.1706575590129139, 'hidden_continuous_size': 11, 'attention_head_size': 4, 'learning_rate': 0.01909758388971082}. Best is trial 87 with value: 1073.8319091796875.
LOCAL_RANK: 0 - CUDA_VISIBLE_DEVICES: [0]
[I 2023-11-30 03:37:23,427] Trial 109 finished with value: 1466.3905029296875 and parameters: {'gradient_clip_val': 0.843879462667526, 'hidden_size': 29, 'dropout': 0.21082592687396673, 'hidden_continuous_size': 10, 'attention_head_size': 4, 'learning_rate': 0.023724590450400942}. Best is trial 87 with value: 1073.8319091796875.
LOCAL_RANK: 0 - CUDA_VISIBLE_DEVICES: [0]
[I 2023-11-30 03:37:36,065] Trial 110 finished with value: 1622.8455810546875 and parameters: {'gradient_clip_val': 0.9691579368321217, 'hidden_size': 36, 'dropout': 0.2225907462606852, 'hidden_continuous_size': 11, 'attention_head_size': 4, 'learning_rate': 0.03491992137718375}. Best is trial 87 with value: 1073.8319091796875.
LOCAL_RANK: 0 - CUDA_VISIBLE_DEVICES: [0]
[I 2023-11-30 03:37:48,373] Trial 111 finished with value: 1093.6268310546875 and parameters: {'gradient_clip_val': 0.802213071558554, 'hidden_size': 21, 'dropout': 0.1555916951618579, 'hidden_continuous_size': 10, 'attention_head_size': 4, 'learning_rate': 0.021155714848370526}. Best is trial 87 with value: 1073.8319091796875.
LOCAL_RANK: 0 - CUDA_VISIBLE_DEVICES: [0]
[I 2023-11-30 03:38:00,682] Trial 112 finished with value: 1251.19873046875 and parameters: {'gradient_clip_val': 0.8065474349075529, 'hidden_size': 22, 'dropout': 0.1516191533116903, 'hidden_continuous_size': 10, 'attention_head_size': 4, 'learning_rate': 0.026949775534130083}. Best is trial 87 with value: 1073.8319091796875.
LOCAL_RANK: 0 - CUDA_VISIBLE_DEVICES: [0]
[I 2023-11-30 03:38:12,970] Trial 113 finished with value: 1689.8255615234375 and parameters: {'gradient_clip_val': 0.6798726577062394, 'hidden_size': 19, 'dropout': 0.15053795908259407, 'hidden_continuous_size': 10, 'attention_head_size': 4, 'learning_rate': 0.021087327664584876}. Best is trial 87 with value: 1073.8319091796875.
LOCAL_RANK: 0 - CUDA_VISIBLE_DEVICES: [0]
[I 2023-11-30 03:38:25,163] Trial 114 finished with value: 1347.3302001953125 and parameters: {'gradient_clip_val': 0.8013659969334554, 'hidden_size': 22, 'dropout': 0.16407223868393628, 'hidden_continuous_size': 10, 'attention_head_size': 4, 'learning_rate': 0.028481776424641104}. Best is trial 87 with value: 1073.8319091796875.
LOCAL_RANK: 0 - CUDA_VISIBLE_DEVICES: [0]
[I 2023-11-30 03:38:37,602] Trial 115 finished with value: 1286.1363525390625 and parameters: {'gradient_clip_val': 0.7252545192281272, 'hidden_size': 21, 'dropout': 0.15310175429908982, 'hidden_continuous_size': 10, 'attention_head_size': 4, 'learning_rate': 0.026711588007300693}. Best is trial 87 with value: 1073.8319091796875.
LOCAL_RANK: 0 - CUDA_VISIBLE_DEVICES: [0]
[I 2023-11-30 03:38:49,860] Trial 116 finished with value: 1210.8369140625 and parameters: {'gradient_clip_val': 0.7497500781034661, 'hidden_size': 19, 'dropout': 0.1349331111001985, 'hidden_continuous_size': 10, 'attention_head_size': 4, 'learning_rate': 0.018461376362595747}. Best is trial 87 with value: 1073.8319091796875.
LOCAL_RANK: 0 - CUDA_VISIBLE_DEVICES: [0]
[I 2023-11-30 03:39:01,988] Trial 117 finished with value: 1344.0413818359375 and parameters: {'gradient_clip_val': 0.7621390926054711, 'hidden_size': 24, 'dropout': 0.14519078809709624, 'hidden_continuous_size': 10, 'attention_head_size': 4, 'learning_rate': 0.015444886108521166}. Best is trial 87 with value: 1073.8319091796875.
LOCAL_RANK: 0 - CUDA_VISIBLE_DEVICES: [0]
[I 2023-11-30 03:39:14,146] Trial 118 finished with value: 1658.09521484375 and parameters: {'gradient_clip_val': 0.7069040009554848, 'hidden_size': 19, 'dropout': 0.1358205511630043, 'hidden_continuous_size': 10, 'attention_head_size': 4, 'learning_rate': 0.01869723433710165}. Best is trial 87 with value: 1073.8319091796875.
LOCAL_RANK: 0 - CUDA_VISIBLE_DEVICES: [0]
[I 2023-11-30 03:39:26,508] Trial 119 finished with value: 1518.4638671875 and parameters: {'gradient_clip_val': 0.6540309272222511, 'hidden_size': 18, 'dropout': 0.1445452053325342, 'hidden_continuous_size': 10, 'attention_head_size': 4, 'learning_rate': 0.017404733810418533}. Best is trial 87 with value: 1073.8319091796875.
LOCAL_RANK: 0 - CUDA_VISIBLE_DEVICES: [0]
[I 2023-11-30 03:39:39,123] Trial 120 finished with value: 1617.4642333984375 and parameters: {'gradient_clip_val': 0.8200980261837363, 'hidden_size': 23, 'dropout': 0.15627865068678137, 'hidden_continuous_size': 10, 'attention_head_size': 4, 'learning_rate': 0.014416012700403564}. Best is trial 87 with value: 1073.8319091796875.
LOCAL_RANK: 0 - CUDA_VISIBLE_DEVICES: [0]
[I 2023-11-30 03:39:51,260] Trial 121 finished with value: 1401.68017578125 and parameters: {'gradient_clip_val': 0.9058528205377692, 'hidden_size': 20, 'dropout': 0.12656769043222849, 'hidden_continuous_size': 10, 'attention_head_size': 4, 'learning_rate': 0.021203081804599143}. Best is trial 87 with value: 1073.8319091796875.
LOCAL_RANK: 0 - CUDA_VISIBLE_DEVICES: [0]
[I 2023-11-30 03:40:03,415] Trial 122 finished with value: 1259.8238525390625 and parameters: {'gradient_clip_val': 0.995809970301744, 'hidden_size': 21, 'dropout': 0.1654225294716416, 'hidden_continuous_size': 10, 'attention_head_size': 4, 'learning_rate': 0.02465914452270265}. Best is trial 87 with value: 1073.8319091796875.
LOCAL_RANK: 0 - CUDA_VISIBLE_DEVICES: [0]
[I 2023-11-30 03:40:15,605] Trial 123 finished with value: 1503.0455322265625 and parameters: {'gradient_clip_val': 0.7629294134185813, 'hidden_size': 23, 'dropout': 0.15968053160994003, 'hidden_continuous_size': 10, 'attention_head_size': 4, 'learning_rate': 0.03099194135698183}. Best is trial 87 with value: 1073.8319091796875.
LOCAL_RANK: 0 - CUDA_VISIBLE_DEVICES: [0]
[I 2023-11-30 03:40:27,821] Trial 124 finished with value: 1375.4312744140625 and parameters: {'gradient_clip_val': 0.938762933125096, 'hidden_size': 17, 'dropout': 0.1369403398704322, 'hidden_continuous_size': 10, 'attention_head_size': 4, 'learning_rate': 0.019216178112518342}. Best is trial 87 with value: 1073.8319091796875.
LOCAL_RANK: 0 - CUDA_VISIBLE_DEVICES: [0]
[I 2023-11-30 03:40:40,482] Trial 125 finished with value: 1757.4039306640625 and parameters: {'gradient_clip_val': 0.866767990794862, 'hidden_size': 27, 'dropout': 0.17074038739999073, 'hidden_continuous_size': 11, 'attention_head_size': 4, 'learning_rate': 0.040251816700559204}. Best is trial 87 with value: 1073.8319091796875.
LOCAL_RANK: 0 - CUDA_VISIBLE_DEVICES: [0]
[I 2023-11-30 03:40:52,763] Trial 126 finished with value: 1812.9166259765625 and parameters: {'gradient_clip_val': 0.8067700516183058, 'hidden_size': 15, 'dropout': 0.14031115029859645, 'hidden_continuous_size': 10, 'attention_head_size': 4, 'learning_rate': 0.015836360522352846}. Best is trial 87 with value: 1073.8319091796875.
LOCAL_RANK: 0 - CUDA_VISIBLE_DEVICES: [0]
[I 2023-11-30 03:41:04,855] Trial 127 finished with value: 1328.6214599609375 and parameters: {'gradient_clip_val': 0.7437038726592731, 'hidden_size': 20, 'dropout': 0.17697543235833912, 'hidden_continuous_size': 14, 'attention_head_size': 4, 'learning_rate': 0.016930442240398365}. Best is trial 87 with value: 1073.8319091796875.
LOCAL_RANK: 0 - CUDA_VISIBLE_DEVICES: [0]
[I 2023-11-30 03:41:17,257] Trial 128 finished with value: 1670.7821044921875 and parameters: {'gradient_clip_val': 0.8932835757587035, 'hidden_size': 25, 'dropout': 0.19896102450077538, 'hidden_continuous_size': 11, 'attention_head_size': 4, 'learning_rate': 0.021663907310626597}. Best is trial 87 with value: 1073.8319091796875.
LOCAL_RANK: 0 - CUDA_VISIBLE_DEVICES: [0]
[I 2023-11-30 03:41:29,624] Trial 129 finished with value: 1406.0413818359375 and parameters: {'gradient_clip_val': 0.6912082044979694, 'hidden_size': 22, 'dropout': 0.23633671880293397, 'hidden_continuous_size': 10, 'attention_head_size': 4, 'learning_rate': 0.024784617685763136}. Best is trial 87 with value: 1073.8319091796875.
LOCAL_RANK: 0 - CUDA_VISIBLE_DEVICES: [0]
[I 2023-11-30 03:41:42,148] Trial 130 finished with value: 1275.6318359375 and parameters: {'gradient_clip_val': 0.8344041142296093, 'hidden_size': 28, 'dropout': 0.19190575895269843, 'hidden_continuous_size': 15, 'attention_head_size': 4, 'learning_rate': 0.018248531557729472}. Best is trial 87 with value: 1073.8319091796875.
LOCAL_RANK: 0 - CUDA_VISIBLE_DEVICES: [0]
[I 2023-11-30 03:41:54,713] Trial 131 finished with value: 1282.27587890625 and parameters: {'gradient_clip_val': 0.8635066312006151, 'hidden_size': 30, 'dropout': 0.20819498491583682, 'hidden_continuous_size': 11, 'attention_head_size': 4, 'learning_rate': 0.022453862279563357}. Best is trial 87 with value: 1073.8319091796875.
LOCAL_RANK: 0 - CUDA_VISIBLE_DEVICES: [0]
[I 2023-11-30 03:42:07,322] Trial 132 finished with value: 1447.7164306640625 and parameters: {'gradient_clip_val': 0.7819249253082361, 'hidden_size': 33, 'dropout': 0.20206557777919726, 'hidden_continuous_size': 11, 'attention_head_size': 4, 'learning_rate': 0.0195811182374612}. Best is trial 87 with value: 1073.8319091796875.
LOCAL_RANK: 0 - CUDA_VISIBLE_DEVICES: [0]
[I 2023-11-30 03:42:19,844] Trial 133 finished with value: 1268.8272705078125 and parameters: {'gradient_clip_val': 0.932727700280414, 'hidden_size': 31, 'dropout': 0.21594518270100993, 'hidden_continuous_size': 11, 'attention_head_size': 4, 'learning_rate': 0.028764457896534448}. Best is trial 87 with value: 1073.8319091796875.
LOCAL_RANK: 0 - CUDA_VISIBLE_DEVICES: [0]
[I 2023-11-30 03:42:32,503] Trial 134 finished with value: 1267.4287109375 and parameters: {'gradient_clip_val': 0.8606339737963192, 'hidden_size': 35, 'dropout': 0.22804318781012653, 'hidden_continuous_size': 11, 'attention_head_size': 4, 'learning_rate': 0.023643782876034112}. Best is trial 87 with value: 1073.8319091796875.
LOCAL_RANK: 0 - CUDA_VISIBLE_DEVICES: [0]
[I 2023-11-30 03:42:44,981] Trial 135 finished with value: 1638.5728759765625 and parameters: {'gradient_clip_val': 0.6390282107366861, 'hidden_size': 25, 'dropout': 0.206119214416435, 'hidden_continuous_size': 10, 'attention_head_size': 4, 'learning_rate': 0.014165555352612186}. Best is trial 87 with value: 1073.8319091796875.
LOCAL_RANK: 0 - CUDA_VISIBLE_DEVICES: [0]
[I 2023-11-30 03:42:57,053] Trial 136 finished with value: 1375.1748046875 and parameters: {'gradient_clip_val': 0.9510951149672313, 'hidden_size': 22, 'dropout': 0.18704862714105808, 'hidden_continuous_size': 10, 'attention_head_size': 1, 'learning_rate': 0.02024055171369175}. Best is trial 87 with value: 1073.8319091796875.
LOCAL_RANK: 0 - CUDA_VISIBLE_DEVICES: [0]
[I 2023-11-30 03:43:09,817] Trial 137 finished with value: 1532.4178466796875 and parameters: {'gradient_clip_val': 0.9937929944267221, 'hidden_size': 38, 'dropout': 0.22051083539884975, 'hidden_continuous_size': 11, 'attention_head_size': 4, 'learning_rate': 0.026895864835558624}. Best is trial 87 with value: 1073.8319091796875.
LOCAL_RANK: 0 - CUDA_VISIBLE_DEVICES: [0]
[I 2023-11-30 03:43:22,298] Trial 138 finished with value: 1388.3135986328125 and parameters: {'gradient_clip_val': 0.8912505391783747, 'hidden_size': 33, 'dropout': 0.1975761767723012, 'hidden_continuous_size': 12, 'attention_head_size': 4, 'learning_rate': 0.016079251452280927}. Best is trial 87 with value: 1073.8319091796875.
LOCAL_RANK: 0 - CUDA_VISIBLE_DEVICES: [0]
[I 2023-11-30 03:43:34,378] Trial 139 finished with value: 1430.658203125 and parameters: {'gradient_clip_val': 0.8273981429664787, 'hidden_size': 28, 'dropout': 0.18158790621468407, 'hidden_continuous_size': 10, 'attention_head_size': 4, 'learning_rate': 0.012752493523782465}. Best is trial 87 with value: 1073.8319091796875.
LOCAL_RANK: 0 - CUDA_VISIBLE_DEVICES: [0]
[I 2023-11-30 03:43:46,759] Trial 140 finished with value: 1503.8037109375 and parameters: {'gradient_clip_val': 0.7508937795174457, 'hidden_size': 26, 'dropout': 0.23102443319167518, 'hidden_continuous_size': 13, 'attention_head_size': 2, 'learning_rate': 0.04447994172356121}. Best is trial 87 with value: 1073.8319091796875.
LOCAL_RANK: 0 - CUDA_VISIBLE_DEVICES: [0]
[I 2023-11-30 03:43:58,898] Trial 141 finished with value: 1487.4498291015625 and parameters: {'gradient_clip_val': 0.794707464518081, 'hidden_size': 24, 'dropout': 0.1564313814510773, 'hidden_continuous_size': 14, 'attention_head_size': 4, 'learning_rate': 0.01727091203303477}. Best is trial 87 with value: 1073.8319091796875.
LOCAL_RANK: 0 - CUDA_VISIBLE_DEVICES: [0]
[I 2023-11-30 03:44:11,474] Trial 142 finished with value: 1622.9622802734375 and parameters: {'gradient_clip_val': 0.728431103538948, 'hidden_size': 30, 'dropout': 0.1526796317059705, 'hidden_continuous_size': 13, 'attention_head_size': 4, 'learning_rate': 0.021848025929365883}. Best is trial 87 with value: 1073.8319091796875.
LOCAL_RANK: 0 - CUDA_VISIBLE_DEVICES: [0]
[I 2023-11-30 03:44:23,907] Trial 143 finished with value: 1244.51416015625 and parameters: {'gradient_clip_val': 0.9031212622147203, 'hidden_size': 27, 'dropout': 0.21228791130090627, 'hidden_continuous_size': 13, 'attention_head_size': 4, 'learning_rate': 0.03409577944632349}. Best is trial 87 with value: 1073.8319091796875.
LOCAL_RANK: 0 - CUDA_VISIBLE_DEVICES: [0]
[I 2023-11-30 03:44:36,671] Trial 144 finished with value: 1266.1165771484375 and parameters: {'gradient_clip_val': 0.9073343531551782, 'hidden_size': 35, 'dropout': 0.21627816893683163, 'hidden_continuous_size': 12, 'attention_head_size': 4, 'learning_rate': 0.03438792069664201}. Best is trial 87 with value: 1073.8319091796875.
LOCAL_RANK: 0 - CUDA_VISIBLE_DEVICES: [0]
[I 2023-11-30 03:44:49,144] Trial 145 finished with value: 1269.3658447265625 and parameters: {'gradient_clip_val': 0.8613113133617607, 'hidden_size': 18, 'dropout': 0.24111749797210677, 'hidden_continuous_size': 13, 'attention_head_size': 4, 'learning_rate': 0.031057334310422072}. Best is trial 87 with value: 1073.8319091796875.
LOCAL_RANK: 0 - CUDA_VISIBLE_DEVICES: [0]
[I 2023-11-30 03:45:01,507] Trial 146 finished with value: 1328.0155029296875 and parameters: {'gradient_clip_val': 0.9500699396994775, 'hidden_size': 27, 'dropout': 0.2110770010911893, 'hidden_continuous_size': 15, 'attention_head_size': 4, 'learning_rate': 0.02527288802471799}. Best is trial 87 with value: 1073.8319091796875.
LOCAL_RANK: 0 - CUDA_VISIBLE_DEVICES: [0]
[I 2023-11-30 03:45:13,964] Trial 147 finished with value: 1335.90185546875 and parameters: {'gradient_clip_val': 0.8246339002754932, 'hidden_size': 21, 'dropout': 0.2036122459589266, 'hidden_continuous_size': 14, 'attention_head_size': 4, 'learning_rate': 0.036171422974592755}. Best is trial 87 with value: 1073.8319091796875.
LOCAL_RANK: 0 - CUDA_VISIBLE_DEVICES: [0]
[I 2023-11-30 03:45:26,601] Trial 148 finished with value: 1450.685546875 and parameters: {'gradient_clip_val': 0.8844070198206274, 'hidden_size': 32, 'dropout': 0.1962466590977159, 'hidden_continuous_size': 20, 'attention_head_size': 4, 'learning_rate': 0.02735867418448576}. Best is trial 87 with value: 1073.8319091796875.
LOCAL_RANK: 0 - CUDA_VISIBLE_DEVICES: [0]
[I 2023-11-30 03:45:38,864] Trial 149 finished with value: 1332.4820556640625 and parameters: {'gradient_clip_val': 0.998221811955, 'hidden_size': 23, 'dropout': 0.19155945164632096, 'hidden_continuous_size': 10, 'attention_head_size': 4, 'learning_rate': 0.06019263354103459}. Best is trial 87 with value: 1073.8319091796875.
[I 2023-11-30 03:45:38,978] A new study created in memory with name: no-name-44b93b0a-e606-4f1f-bb5e-f6d22fc5a4c0
/home/le004/conda/anaconda3/envs/tsff_env/lib/python3.9/site-packages/lightning/fabric/plugins/environments/slurm.py:191: The `srun` command is available on your system but is not used. HINT: If your intention is to run Lightning on SLURM, prepend your python command with `srun` like so: srun python /home/le004/master_thesis/git/TSFusionForecast/code/ ...
LOCAL_RANK: 0 - CUDA_VISIBLE_DEVICES: [0]
[I 2023-11-30 03:45:53,186] Trial 0 finished with value: 67.2503662109375 and parameters: {'gradient_clip_val': 0.1677013473902707, 'hidden_size': 87, 'dropout': 0.10907357506195402, 'hidden_continuous_size': 69, 'attention_head_size': 2, 'learning_rate': 0.002932465585385935}. Best is trial 0 with value: 67.2503662109375.
LOCAL_RANK: 0 - CUDA_VISIBLE_DEVICES: [0]
[I 2023-11-30 03:46:05,361] Trial 1 finished with value: 213.32484436035156 and parameters: {'gradient_clip_val': 0.11905149870081402, 'hidden_size': 11, 'dropout': 0.1449611901651212, 'hidden_continuous_size': 10, 'attention_head_size': 4, 'learning_rate': 0.0018130544090143655}. Best is trial 0 with value: 67.2503662109375.
LOCAL_RANK: 0 - CUDA_VISIBLE_DEVICES: [0]
[I 2023-11-30 03:46:18,014] Trial 2 finished with value: 45.87022018432617 and parameters: {'gradient_clip_val': 0.13794366124200608, 'hidden_size': 44, 'dropout': 0.294868130818542, 'hidden_continuous_size': 19, 'attention_head_size': 2, 'learning_rate': 0.014207850913848394}. Best is trial 2 with value: 45.87022018432617.
LOCAL_RANK: 0 - CUDA_VISIBLE_DEVICES: [0]
