[I 2023-11-30 06:06:55,689] Trial 40 finished with value: 746.4428100585938 and parameters: {'gradient_clip_val': 0.3682765799361112, 'hidden_size': 36, 'dropout': 0.30665932087496584, 'hidden_continuous_size': 20, 'attention_head_size': 1, 'learning_rate': 0.018932935038090726}. Best is trial 27 with value: 605.3361206054688.
LOCAL_RANK: 0 - CUDA_VISIBLE_DEVICES: [0]
[I 2023-11-30 06:07:08,722] Trial 41 finished with value: 842.9747924804688 and parameters: {'gradient_clip_val': 0.15937874968072316, 'hidden_size': 65, 'dropout': 0.30099166550166867, 'hidden_continuous_size': 14, 'attention_head_size': 4, 'learning_rate': 0.004899838981177074}. Best is trial 27 with value: 605.3361206054688.
LOCAL_RANK: 0 - CUDA_VISIBLE_DEVICES: [0]
[I 2023-11-30 06:07:21,558] Trial 42 finished with value: 964.3010864257812 and parameters: {'gradient_clip_val': 0.11274950836367638, 'hidden_size': 65, 'dropout': 0.31952839567242974, 'hidden_continuous_size': 15, 'attention_head_size': 4, 'learning_rate': 0.006977368395569791}. Best is trial 27 with value: 605.3361206054688.
LOCAL_RANK: 0 - CUDA_VISIBLE_DEVICES: [0]
[I 2023-11-30 06:07:34,740] Trial 43 finished with value: 673.4780883789062 and parameters: {'gradient_clip_val': 0.19539586545996707, 'hidden_size': 80, 'dropout': 0.28811481670384187, 'hidden_continuous_size': 23, 'attention_head_size': 4, 'learning_rate': 0.004386557900325607}. Best is trial 27 with value: 605.3361206054688.
LOCAL_RANK: 0 - CUDA_VISIBLE_DEVICES: [0]
[I 2023-11-30 06:07:47,608] Trial 44 finished with value: 897.8887329101562 and parameters: {'gradient_clip_val': 0.27018692380004955, 'hidden_size': 51, 'dropout': 0.2531261841444874, 'hidden_continuous_size': 20, 'attention_head_size': 4, 'learning_rate': 0.006238451253192833}. Best is trial 27 with value: 605.3361206054688.
LOCAL_RANK: 0 - CUDA_VISIBLE_DEVICES: [0]
[I 2023-11-30 06:08:00,139] Trial 45 finished with value: 781.8847045898438 and parameters: {'gradient_clip_val': 0.14324524049933313, 'hidden_size': 44, 'dropout': 0.3301688125475906, 'hidden_continuous_size': 22, 'attention_head_size': 3, 'learning_rate': 0.007617715158119566}. Best is trial 27 with value: 605.3361206054688.
LOCAL_RANK: 0 - CUDA_VISIBLE_DEVICES: [0]
[I 2023-11-30 06:08:13,065] Trial 46 finished with value: 1431.6939697265625 and parameters: {'gradient_clip_val': 0.17022944822028788, 'hidden_size': 54, 'dropout': 0.30906804623586653, 'hidden_continuous_size': 13, 'attention_head_size': 4, 'learning_rate': 0.002826363087836248}. Best is trial 27 with value: 605.3361206054688.
LOCAL_RANK: 0 - CUDA_VISIBLE_DEVICES: [0]
[I 2023-11-30 06:08:26,269] Trial 47 finished with value: 832.357666015625 and parameters: {'gradient_clip_val': 0.23703549768661492, 'hidden_size': 104, 'dropout': 0.26596517784635926, 'hidden_continuous_size': 11, 'attention_head_size': 4, 'learning_rate': 0.00872259748759958}. Best is trial 27 with value: 605.3361206054688.
LOCAL_RANK: 0 - CUDA_VISIBLE_DEVICES: [0]
[I 2023-11-30 06:08:39,177] Trial 48 finished with value: 805.0505981445312 and parameters: {'gradient_clip_val': 0.21280484197219884, 'hidden_size': 66, 'dropout': 0.3220292963160757, 'hidden_continuous_size': 16, 'attention_head_size': 3, 'learning_rate': 0.010087974192250607}. Best is trial 27 with value: 605.3361206054688.
LOCAL_RANK: 0 - CUDA_VISIBLE_DEVICES: [0]
[I 2023-11-30 06:08:51,989] Trial 49 finished with value: 805.9990234375 and parameters: {'gradient_clip_val': 0.287278839671398, 'hidden_size': 61, 'dropout': 0.3421350245957852, 'hidden_continuous_size': 19, 'attention_head_size': 2, 'learning_rate': 0.03400960981297767}. Best is trial 27 with value: 605.3361206054688.
LOCAL_RANK: 0 - CUDA_VISIBLE_DEVICES: [0]
[I 2023-11-30 06:09:05,119] Trial 50 finished with value: 998.2844848632812 and parameters: {'gradient_clip_val': 0.2600416780910494, 'hidden_size': 71, 'dropout': 0.3094565854801355, 'hidden_continuous_size': 14, 'attention_head_size': 4, 'learning_rate': 0.09769499697788539}. Best is trial 27 with value: 605.3361206054688.
LOCAL_RANK: 0 - CUDA_VISIBLE_DEVICES: [0]
[I 2023-11-30 06:09:17,980] Trial 51 finished with value: 677.9434204101562 and parameters: {'gradient_clip_val': 0.23392881781527047, 'hidden_size': 60, 'dropout': 0.31957815535787115, 'hidden_continuous_size': 22, 'attention_head_size': 3, 'learning_rate': 0.010292847755254178}. Best is trial 27 with value: 605.3361206054688.
LOCAL_RANK: 0 - CUDA_VISIBLE_DEVICES: [0]
[I 2023-11-30 06:09:30,780] Trial 52 finished with value: 656.8611450195312 and parameters: {'gradient_clip_val': 0.3138375485363974, 'hidden_size': 53, 'dropout': 0.2935094835647316, 'hidden_continuous_size': 17, 'attention_head_size': 3, 'learning_rate': 0.014481317707664264}. Best is trial 27 with value: 605.3361206054688.
LOCAL_RANK: 0 - CUDA_VISIBLE_DEVICES: [0]
[I 2023-11-30 06:09:43,284] Trial 53 finished with value: 739.09130859375 and parameters: {'gradient_clip_val': 0.32209848460797574, 'hidden_size': 41, 'dropout': 0.3008235470979116, 'hidden_continuous_size': 17, 'attention_head_size': 3, 'learning_rate': 0.014166258455619259}. Best is trial 27 with value: 605.3361206054688.
LOCAL_RANK: 0 - CUDA_VISIBLE_DEVICES: [0]
[I 2023-11-30 06:09:55,918] Trial 54 finished with value: 956.51220703125 and parameters: {'gradient_clip_val': 0.4229195898263642, 'hidden_size': 53, 'dropout': 0.28809944729879106, 'hidden_continuous_size': 19, 'attention_head_size': 3, 'learning_rate': 0.01626120182107388}. Best is trial 27 with value: 605.3361206054688.
LOCAL_RANK: 0 - CUDA_VISIBLE_DEVICES: [0]
[I 2023-11-30 06:10:08,909] Trial 55 finished with value: 762.6400756835938 and parameters: {'gradient_clip_val': 0.3012367170711356, 'hidden_size': 83, 'dropout': 0.3549785951072654, 'hidden_continuous_size': 15, 'attention_head_size': 1, 'learning_rate': 0.008282563712095311}. Best is trial 27 with value: 605.3361206054688.
LOCAL_RANK: 0 - CUDA_VISIBLE_DEVICES: [0]
[I 2023-11-30 06:10:22,129] Trial 56 finished with value: 816.91455078125 and parameters: {'gradient_clip_val': 0.25356791074474533, 'hidden_size': 76, 'dropout': 0.3323723502582425, 'hidden_continuous_size': 23, 'attention_head_size': 2, 'learning_rate': 0.021994668933852372}. Best is trial 27 with value: 605.3361206054688.
LOCAL_RANK: 0 - CUDA_VISIBLE_DEVICES: [0]
[I 2023-11-30 06:10:34,999] Trial 57 finished with value: 852.642578125 and parameters: {'gradient_clip_val': 0.1859505382474547, 'hidden_size': 55, 'dropout': 0.2934433086440482, 'hidden_continuous_size': 17, 'attention_head_size': 4, 'learning_rate': 0.012052081844483408}. Best is trial 27 with value: 605.3361206054688.
LOCAL_RANK: 0 - CUDA_VISIBLE_DEVICES: [0]
[I 2023-11-30 06:10:47,695] Trial 58 finished with value: 804.2715454101562 and parameters: {'gradient_clip_val': 0.2085380412228876, 'hidden_size': 45, 'dropout': 0.31254197143702467, 'hidden_continuous_size': 20, 'attention_head_size': 3, 'learning_rate': 0.013904785846338273}. Best is trial 27 with value: 605.3361206054688.
LOCAL_RANK: 0 - CUDA_VISIBLE_DEVICES: [0]
[I 2023-11-30 06:11:00,124] Trial 59 finished with value: 1092.7713623046875 and parameters: {'gradient_clip_val': 0.22365004083191128, 'hidden_size': 34, 'dropout': 0.3476380031977485, 'hidden_continuous_size': 18, 'attention_head_size': 4, 'learning_rate': 0.006877938905860735}. Best is trial 27 with value: 605.3361206054688.
LOCAL_RANK: 0 - CUDA_VISIBLE_DEVICES: [0]
[I 2023-11-30 06:11:12,361] Trial 60 finished with value: 772.3582153320312 and parameters: {'gradient_clip_val': 0.3582251019243697, 'hidden_size': 40, 'dropout': 0.3667812949140937, 'hidden_continuous_size': 16, 'attention_head_size': 3, 'learning_rate': 0.017654853011069352}. Best is trial 27 with value: 605.3361206054688.
LOCAL_RANK: 0 - CUDA_VISIBLE_DEVICES: [0]
[I 2023-11-30 06:11:25,038] Trial 61 finished with value: 690.8983764648438 and parameters: {'gradient_clip_val': 0.27097693251441063, 'hidden_size': 48, 'dropout': 0.3207045738243886, 'hidden_continuous_size': 21, 'attention_head_size': 3, 'learning_rate': 0.011479633540508216}. Best is trial 27 with value: 605.3361206054688.
LOCAL_RANK: 0 - CUDA_VISIBLE_DEVICES: [0]
[I 2023-11-30 06:11:38,212] Trial 62 finished with value: 660.1010131835938 and parameters: {'gradient_clip_val': 0.25143237425940457, 'hidden_size': 70, 'dropout': 0.3401708004390684, 'hidden_continuous_size': 24, 'attention_head_size': 3, 'learning_rate': 0.010037754680807736}. Best is trial 27 with value: 605.3361206054688.
LOCAL_RANK: 0 - CUDA_VISIBLE_DEVICES: [0]
[I 2023-11-30 06:11:51,368] Trial 63 finished with value: 635.2188110351562 and parameters: {'gradient_clip_val': 0.1918897731105684, 'hidden_size': 68, 'dropout': 0.33946080104899656, 'hidden_continuous_size': 24, 'attention_head_size': 3, 'learning_rate': 0.00897224990916884}. Best is trial 27 with value: 605.3361206054688.
LOCAL_RANK: 0 - CUDA_VISIBLE_DEVICES: [0]
[I 2023-11-30 06:12:04,143] Trial 64 finished with value: 639.1142578125 and parameters: {'gradient_clip_val': 0.18582408293549613, 'hidden_size': 62, 'dropout': 0.24093148190868655, 'hidden_continuous_size': 14, 'attention_head_size': 2, 'learning_rate': 0.008396476269091159}. Best is trial 27 with value: 605.3361206054688.
LOCAL_RANK: 0 - CUDA_VISIBLE_DEVICES: [0]
[I 2023-11-30 06:12:17,202] Trial 65 finished with value: 711.2588500976562 and parameters: {'gradient_clip_val': 0.2066821346572973, 'hidden_size': 61, 'dropout': 0.23561599606680078, 'hidden_continuous_size': 26, 'attention_head_size': 2, 'learning_rate': 0.008437904235488432}. Best is trial 27 with value: 605.3361206054688.
LOCAL_RANK: 0 - CUDA_VISIBLE_DEVICES: [0]
[I 2023-11-30 06:12:29,870] Trial 66 finished with value: 787.3499145507812 and parameters: {'gradient_clip_val': 0.18863898541918822, 'hidden_size': 55, 'dropout': 0.35417356901778757, 'hidden_continuous_size': 16, 'attention_head_size': 2, 'learning_rate': 0.015460885513603416}. Best is trial 27 with value: 605.3361206054688.
LOCAL_RANK: 0 - CUDA_VISIBLE_DEVICES: [0]
[I 2023-11-30 06:12:43,095] Trial 67 finished with value: 700.2761840820312 and parameters: {'gradient_clip_val': 0.2245110476118723, 'hidden_size': 88, 'dropout': 0.2425607395892515, 'hidden_continuous_size': 28, 'attention_head_size': 2, 'learning_rate': 0.005953450757590446}. Best is trial 27 with value: 605.3361206054688.
LOCAL_RANK: 0 - CUDA_VISIBLE_DEVICES: [0]
[I 2023-11-30 06:12:56,221] Trial 68 finished with value: 753.8796997070312 and parameters: {'gradient_clip_val': 0.18182846386310486, 'hidden_size': 77, 'dropout': 0.3357112879895319, 'hidden_continuous_size': 24, 'attention_head_size': 2, 'learning_rate': 0.007549639095393727}. Best is trial 27 with value: 605.3361206054688.
LOCAL_RANK: 0 - CUDA_VISIBLE_DEVICES: [0]
[I 2023-11-30 06:13:10,171] Trial 69 finished with value: 715.1941528320312 and parameters: {'gradient_clip_val': 0.19778042064282284, 'hidden_size': 62, 'dropout': 0.3733029597393226, 'hidden_continuous_size': 21, 'attention_head_size': 1, 'learning_rate': 0.01342560973000885}. Best is trial 27 with value: 605.3361206054688.
LOCAL_RANK: 0 - CUDA_VISIBLE_DEVICES: [0]
[I 2023-11-30 06:13:22,799] Trial 70 finished with value: 611.517578125 and parameters: {'gradient_clip_val': 0.16900428416814225, 'hidden_size': 47, 'dropout': 0.3266201890712318, 'hidden_continuous_size': 18, 'attention_head_size': 2, 'learning_rate': 0.010777968884746327}. Best is trial 27 with value: 605.3361206054688.
LOCAL_RANK: 0 - CUDA_VISIBLE_DEVICES: [0]
[I 2023-11-30 06:13:35,474] Trial 71 finished with value: 707.7677612304688 and parameters: {'gradient_clip_val': 0.1715392346488629, 'hidden_size': 50, 'dropout': 0.32780259163202735, 'hidden_continuous_size': 18, 'attention_head_size': 2, 'learning_rate': 0.00911505741938611}. Best is trial 27 with value: 605.3361206054688.
LOCAL_RANK: 0 - CUDA_VISIBLE_DEVICES: [0]
[I 2023-11-30 06:13:48,085] Trial 72 finished with value: 822.47998046875 and parameters: {'gradient_clip_val': 0.16098114575093206, 'hidden_size': 56, 'dropout': 0.3584402956730014, 'hidden_continuous_size': 17, 'attention_head_size': 2, 'learning_rate': 0.010913237609768813}. Best is trial 27 with value: 605.3361206054688.
LOCAL_RANK: 0 - CUDA_VISIBLE_DEVICES: [0]
[I 2023-11-30 06:14:00,613] Trial 73 finished with value: 612.66259765625 and parameters: {'gradient_clip_val': 0.15188965970814286, 'hidden_size': 48, 'dropout': 0.3429263323502996, 'hidden_continuous_size': 20, 'attention_head_size': 2, 'learning_rate': 0.007249719637756297}. Best is trial 27 with value: 605.3361206054688.
LOCAL_RANK: 0 - CUDA_VISIBLE_DEVICES: [0]
[I 2023-11-30 06:14:13,171] Trial 74 finished with value: 764.8544921875 and parameters: {'gradient_clip_val': 0.14818000000216983, 'hidden_size': 42, 'dropout': 0.3377264423815124, 'hidden_continuous_size': 20, 'attention_head_size': 2, 'learning_rate': 0.00700222431975545}. Best is trial 27 with value: 605.3361206054688.
LOCAL_RANK: 0 - CUDA_VISIBLE_DEVICES: [0]
[I 2023-11-30 06:14:25,572] Trial 75 finished with value: 680.8356323242188 and parameters: {'gradient_clip_val': 0.15043127592170658, 'hidden_size': 48, 'dropout': 0.34727331827250496, 'hidden_continuous_size': 19, 'attention_head_size': 2, 'learning_rate': 0.005684276264668735}. Best is trial 27 with value: 605.3361206054688.
LOCAL_RANK: 0 - CUDA_VISIBLE_DEVICES: [0]
[I 2023-11-30 06:14:38,596] Trial 76 finished with value: 659.804443359375 and parameters: {'gradient_clip_val': 0.13307675190408813, 'hidden_size': 69, 'dropout': 0.364147016782393, 'hidden_continuous_size': 22, 'attention_head_size': 2, 'learning_rate': 0.009226382592395032}. Best is trial 27 with value: 605.3361206054688.
LOCAL_RANK: 0 - CUDA_VISIBLE_DEVICES: [0]
[I 2023-11-30 06:14:51,040] Trial 77 finished with value: 671.11767578125 and parameters: {'gradient_clip_val': 0.1730183998530191, 'hidden_size': 47, 'dropout': 0.32610587287347836, 'hidden_continuous_size': 21, 'attention_head_size': 2, 'learning_rate': 0.012354906193328713}. Best is trial 27 with value: 605.3361206054688.
LOCAL_RANK: 0 - CUDA_VISIBLE_DEVICES: [0]
[I 2023-11-30 06:15:03,813] Trial 78 finished with value: 655.2998657226562 and parameters: {'gradient_clip_val': 0.20085629513787967, 'hidden_size': 58, 'dropout': 0.3875778562662901, 'hidden_continuous_size': 19, 'attention_head_size': 2, 'learning_rate': 0.007735747146564468}. Best is trial 27 with value: 605.3361206054688.
LOCAL_RANK: 0 - CUDA_VISIBLE_DEVICES: [0]
[I 2023-11-30 06:15:16,217] Trial 79 finished with value: 765.1611328125 and parameters: {'gradient_clip_val': 0.16187544928966302, 'hidden_size': 39, 'dropout': 0.3413518325562945, 'hidden_continuous_size': 18, 'attention_head_size': 2, 'learning_rate': 0.0064889784100519215}. Best is trial 27 with value: 605.3361206054688.
LOCAL_RANK: 0 - CUDA_VISIBLE_DEVICES: [0]
[I 2023-11-30 06:15:29,207] Trial 80 finished with value: 735.1458129882812 and parameters: {'gradient_clip_val': 0.1777529657998546, 'hidden_size': 64, 'dropout': 0.34740426641141203, 'hidden_continuous_size': 23, 'attention_head_size': 2, 'learning_rate': 0.010332809700828347}. Best is trial 27 with value: 605.3361206054688.
LOCAL_RANK: 0 - CUDA_VISIBLE_DEVICES: [0]
[I 2023-11-30 06:15:41,822] Trial 81 finished with value: 959.3693237304688 and parameters: {'gradient_clip_val': 0.19106219458563664, 'hidden_size': 58, 'dropout': 0.38398858679601716, 'hidden_continuous_size': 19, 'attention_head_size': 2, 'learning_rate': 0.007880252144579911}. Best is trial 27 with value: 605.3361206054688.
LOCAL_RANK: 0 - CUDA_VISIBLE_DEVICES: [0]
[I 2023-11-30 06:15:54,812] Trial 82 finished with value: 809.0764770507812 and parameters: {'gradient_clip_val': 0.20262895136702047, 'hidden_size': 71, 'dropout': 0.3954806089861512, 'hidden_continuous_size': 20, 'attention_head_size': 2, 'learning_rate': 0.005249098558800523}. Best is trial 27 with value: 605.3361206054688.
LOCAL_RANK: 0 - CUDA_VISIBLE_DEVICES: [0]
[I 2023-11-30 06:16:07,336] Trial 83 finished with value: 747.6919555664062 and parameters: {'gradient_clip_val': 0.2296137091462142, 'hidden_size': 52, 'dropout': 0.3727251677901818, 'hidden_continuous_size': 19, 'attention_head_size': 2, 'learning_rate': 0.008916201804495412}. Best is trial 27 with value: 605.3361206054688.
LOCAL_RANK: 0 - CUDA_VISIBLE_DEVICES: [0]
[I 2023-11-30 06:16:19,842] Trial 84 finished with value: 798.7675170898438 and parameters: {'gradient_clip_val': 0.2140655367648714, 'hidden_size': 42, 'dropout': 0.36085868114680875, 'hidden_continuous_size': 21, 'attention_head_size': 2, 'learning_rate': 0.0069034981268353}. Best is trial 27 with value: 605.3361206054688.
LOCAL_RANK: 0 - CUDA_VISIBLE_DEVICES: [0]
[I 2023-11-30 06:16:32,656] Trial 85 finished with value: 652.10693359375 and parameters: {'gradient_clip_val': 0.240151573987073, 'hidden_size': 58, 'dropout': 0.3803161050941586, 'hidden_continuous_size': 13, 'attention_head_size': 2, 'learning_rate': 0.010958095588110226}. Best is trial 27 with value: 605.3361206054688.
LOCAL_RANK: 0 - CUDA_VISIBLE_DEVICES: [0]
[I 2023-11-30 06:16:45,378] Trial 86 finished with value: 684.4970092773438 and parameters: {'gradient_clip_val': 0.18463278951603998, 'hidden_size': 63, 'dropout': 0.31536535202381244, 'hidden_continuous_size': 13, 'attention_head_size': 2, 'learning_rate': 0.011308084911623582}. Best is trial 27 with value: 605.3361206054688.
LOCAL_RANK: 0 - CUDA_VISIBLE_DEVICES: [0]
[I 2023-11-30 06:16:57,974] Trial 87 finished with value: 761.3439331054688 and parameters: {'gradient_clip_val': 0.24109048410765835, 'hidden_size': 46, 'dropout': 0.3505347947441031, 'hidden_continuous_size': 12, 'attention_head_size': 2, 'learning_rate': 0.01633409461143752}. Best is trial 27 with value: 605.3361206054688.
LOCAL_RANK: 0 - CUDA_VISIBLE_DEVICES: [0]
[I 2023-11-30 06:17:11,085] Trial 88 finished with value: 753.4808959960938 and parameters: {'gradient_clip_val': 0.22086143975348727, 'hidden_size': 74, 'dropout': 0.3347729654523449, 'hidden_continuous_size': 15, 'attention_head_size': 2, 'learning_rate': 0.012433651258328614}. Best is trial 27 with value: 605.3361206054688.
LOCAL_RANK: 0 - CUDA_VISIBLE_DEVICES: [0]
[I 2023-11-30 06:17:23,794] Trial 89 finished with value: 752.58251953125 and parameters: {'gradient_clip_val': 0.15607073026909146, 'hidden_size': 67, 'dropout': 0.36519134738135345, 'hidden_continuous_size': 14, 'attention_head_size': 1, 'learning_rate': 0.01016873813861626}. Best is trial 27 with value: 605.3361206054688.
LOCAL_RANK: 0 - CUDA_VISIBLE_DEVICES: [0]
[I 2023-11-30 06:17:36,434] Trial 90 finished with value: 642.6712036132812 and parameters: {'gradient_clip_val': 0.281656884832199, 'hidden_size': 51, 'dropout': 0.3271706172817895, 'hidden_continuous_size': 12, 'attention_head_size': 2, 'learning_rate': 0.008641278044646553}. Best is trial 27 with value: 605.3361206054688.
LOCAL_RANK: 0 - CUDA_VISIBLE_DEVICES: [0]
[I 2023-11-30 06:17:48,836] Trial 91 finished with value: 801.8269653320312 and parameters: {'gradient_clip_val': 0.2846482592570977, 'hidden_size': 51, 'dropout': 0.3277627648878531, 'hidden_continuous_size': 11, 'attention_head_size': 2, 'learning_rate': 0.008499740474945252}. Best is trial 27 with value: 605.3361206054688.
LOCAL_RANK: 0 - CUDA_VISIBLE_DEVICES: [0]
[I 2023-11-30 06:18:01,328] Trial 92 finished with value: 684.8840942382812 and parameters: {'gradient_clip_val': 0.2539200336455157, 'hidden_size': 58, 'dropout': 0.32459350772332246, 'hidden_continuous_size': 12, 'attention_head_size': 2, 'learning_rate': 0.006197274392766724}. Best is trial 27 with value: 605.3361206054688.
LOCAL_RANK: 0 - CUDA_VISIBLE_DEVICES: [0]
[I 2023-11-30 06:18:13,704] Trial 93 finished with value: 866.353271484375 and parameters: {'gradient_clip_val': 0.23262143224743312, 'hidden_size': 43, 'dropout': 0.3527901944051742, 'hidden_continuous_size': 12, 'attention_head_size': 2, 'learning_rate': 0.009672694120373432}. Best is trial 27 with value: 605.3361206054688.
LOCAL_RANK: 0 - CUDA_VISIBLE_DEVICES: [0]
[I 2023-11-30 06:18:26,090] Trial 94 finished with value: 754.846923828125 and parameters: {'gradient_clip_val': 0.16529564713498607, 'hidden_size': 46, 'dropout': 0.31061549201104655, 'hidden_continuous_size': 13, 'attention_head_size': 2, 'learning_rate': 0.012725508478921238}. Best is trial 27 with value: 605.3361206054688.
LOCAL_RANK: 0 - CUDA_VISIBLE_DEVICES: [0]
[I 2023-11-30 06:18:38,552] Trial 95 finished with value: 806.2153930664062 and parameters: {'gradient_clip_val': 0.2766918066007981, 'hidden_size': 36, 'dropout': 0.30515609755756246, 'hidden_continuous_size': 20, 'attention_head_size': 2, 'learning_rate': 0.011170943446883429}. Best is trial 27 with value: 605.3361206054688.
LOCAL_RANK: 0 - CUDA_VISIBLE_DEVICES: [0]
[I 2023-11-30 06:18:51,093] Trial 96 finished with value: 717.46142578125 and parameters: {'gradient_clip_val': 0.2685066551962734, 'hidden_size': 53, 'dropout': 0.3181537606422874, 'hidden_continuous_size': 14, 'attention_head_size': 2, 'learning_rate': 0.007520828856462332}. Best is trial 27 with value: 605.3361206054688.
LOCAL_RANK: 0 - CUDA_VISIBLE_DEVICES: [0]
[I 2023-11-30 06:19:04,095] Trial 97 finished with value: 682.9895629882812 and parameters: {'gradient_clip_val': 0.21270099370933757, 'hidden_size': 65, 'dropout': 0.33592755828799087, 'hidden_continuous_size': 15, 'attention_head_size': 4, 'learning_rate': 0.00955525549504088}. Best is trial 27 with value: 605.3361206054688.
LOCAL_RANK: 0 - CUDA_VISIBLE_DEVICES: [0]
[I 2023-11-30 06:19:16,825] Trial 98 finished with value: 708.3644409179688 and parameters: {'gradient_clip_val': 0.24821730172625475, 'hidden_size': 61, 'dropout': 0.3415120405591603, 'hidden_continuous_size': 10, 'attention_head_size': 3, 'learning_rate': 0.00874422472475809}. Best is trial 27 with value: 605.3361206054688.
LOCAL_RANK: 0 - CUDA_VISIBLE_DEVICES: [0]
