[I 2023-11-30 01:53:03,462] Trial 78 finished with value: 31.48587989807129 and parameters: {'gradient_clip_val': 0.14014282450798157, 'hidden_size': 58, 'dropout': 0.38531884774937764, 'hidden_continuous_size': 22, 'attention_head_size': 3, 'learning_rate': 0.010929286928011801}. Best is trial 53 with value: 30.03006935119629.
LOCAL_RANK: 0 - CUDA_VISIBLE_DEVICES: [0]
[I 2023-11-30 01:53:16,973] Trial 79 finished with value: 33.54058074951172 and parameters: {'gradient_clip_val': 0.12490573798043045, 'hidden_size': 80, 'dropout': 0.38568522141919287, 'hidden_continuous_size': 18, 'attention_head_size': 3, 'learning_rate': 0.00819908588886752}. Best is trial 53 with value: 30.03006935119629.
LOCAL_RANK: 0 - CUDA_VISIBLE_DEVICES: [0]
[I 2023-11-30 01:53:30,219] Trial 80 finished with value: 30.902437210083008 and parameters: {'gradient_clip_val': 0.16705926419424635, 'hidden_size': 57, 'dropout': 0.3942439098215431, 'hidden_continuous_size': 22, 'attention_head_size': 3, 'learning_rate': 0.006992652111137008}. Best is trial 53 with value: 30.03006935119629.
LOCAL_RANK: 0 - CUDA_VISIBLE_DEVICES: [0]
[I 2023-11-30 01:53:43,661] Trial 81 finished with value: 35.2458381652832 and parameters: {'gradient_clip_val': 0.14571834818572205, 'hidden_size': 59, 'dropout': 0.38423534065961296, 'hidden_continuous_size': 22, 'attention_head_size': 3, 'learning_rate': 0.007380508024161242}. Best is trial 53 with value: 30.03006935119629.
LOCAL_RANK: 0 - CUDA_VISIBLE_DEVICES: [0]
[I 2023-11-30 01:53:57,103] Trial 82 finished with value: 42.82890319824219 and parameters: {'gradient_clip_val': 0.17694239191185082, 'hidden_size': 67, 'dropout': 0.3947071297357037, 'hidden_continuous_size': 23, 'attention_head_size': 3, 'learning_rate': 0.005124108792626944}. Best is trial 53 with value: 30.03006935119629.
LOCAL_RANK: 0 - CUDA_VISIBLE_DEVICES: [0]
[I 2023-11-30 01:54:10,299] Trial 83 finished with value: 37.8978271484375 and parameters: {'gradient_clip_val': 0.16350289104872426, 'hidden_size': 64, 'dropout': 0.3759506541121658, 'hidden_continuous_size': 21, 'attention_head_size': 3, 'learning_rate': 0.006512689036124496}. Best is trial 53 with value: 30.03006935119629.
LOCAL_RANK: 0 - CUDA_VISIBLE_DEVICES: [0]
[I 2023-11-30 01:54:23,366] Trial 84 finished with value: 35.8267936706543 and parameters: {'gradient_clip_val': 0.18288297969784745, 'hidden_size': 56, 'dropout': 0.3946194064589809, 'hidden_continuous_size': 24, 'attention_head_size': 3, 'learning_rate': 0.005550288024736102}. Best is trial 53 with value: 30.03006935119629.
LOCAL_RANK: 0 - CUDA_VISIBLE_DEVICES: [0]
[I 2023-11-30 01:54:36,401] Trial 85 finished with value: 33.1295051574707 and parameters: {'gradient_clip_val': 0.16912494899959293, 'hidden_size': 53, 'dropout': 0.3666622818765296, 'hidden_continuous_size': 20, 'attention_head_size': 3, 'learning_rate': 0.011508357495497397}. Best is trial 53 with value: 30.03006935119629.
LOCAL_RANK: 0 - CUDA_VISIBLE_DEVICES: [0]
[I 2023-11-30 01:54:49,936] Trial 86 finished with value: 33.69730758666992 and parameters: {'gradient_clip_val': 0.1388749872028509, 'hidden_size': 72, 'dropout': 0.3819387454445011, 'hidden_continuous_size': 21, 'attention_head_size': 3, 'learning_rate': 0.008562982236633227}. Best is trial 53 with value: 30.03006935119629.
LOCAL_RANK: 0 - CUDA_VISIBLE_DEVICES: [0]
[I 2023-11-30 01:55:03,457] Trial 87 finished with value: 45.56791305541992 and parameters: {'gradient_clip_val': 0.1553186217271407, 'hidden_size': 93, 'dropout': 0.3924239119494078, 'hidden_continuous_size': 17, 'attention_head_size': 2, 'learning_rate': 0.009472713288291926}. Best is trial 53 with value: 30.03006935119629.
LOCAL_RANK: 0 - CUDA_VISIBLE_DEVICES: [0]
[I 2023-11-30 01:55:16,987] Trial 88 finished with value: 31.97369956970215 and parameters: {'gradient_clip_val': 0.10029470326479731, 'hidden_size': 84, 'dropout': 0.35948072594721664, 'hidden_continuous_size': 19, 'attention_head_size': 3, 'learning_rate': 0.006864373441020802}. Best is trial 53 with value: 30.03006935119629.
LOCAL_RANK: 0 - CUDA_VISIBLE_DEVICES: [0]
[I 2023-11-30 01:55:30,954] Trial 89 finished with value: 38.20890808105469 and parameters: {'gradient_clip_val': 0.11262217895921989, 'hidden_size': 110, 'dropout': 0.3714389398671609, 'hidden_continuous_size': 28, 'attention_head_size': 3, 'learning_rate': 0.004615846614728796}. Best is trial 53 with value: 30.03006935119629.
LOCAL_RANK: 0 - CUDA_VISIBLE_DEVICES: [0]
[I 2023-11-30 01:55:44,401] Trial 90 finished with value: 30.427568435668945 and parameters: {'gradient_clip_val': 0.12770466780900344, 'hidden_size': 60, 'dropout': 0.3867107960298354, 'hidden_continuous_size': 23, 'attention_head_size': 4, 'learning_rate': 0.010144679090826976}. Best is trial 53 with value: 30.03006935119629.
LOCAL_RANK: 0 - CUDA_VISIBLE_DEVICES: [0]
[I 2023-11-30 01:55:57,778] Trial 91 finished with value: 31.186325073242188 and parameters: {'gradient_clip_val': 0.125467897857483, 'hidden_size': 60, 'dropout': 0.38558073003834537, 'hidden_continuous_size': 23, 'attention_head_size': 4, 'learning_rate': 0.010443397443377826}. Best is trial 53 with value: 30.03006935119629.
LOCAL_RANK: 0 - CUDA_VISIBLE_DEVICES: [0]
[I 2023-11-30 01:56:11,010] Trial 92 finished with value: 33.78689956665039 and parameters: {'gradient_clip_val': 0.14933047082592865, 'hidden_size': 58, 'dropout': 0.3998826093129895, 'hidden_continuous_size': 23, 'attention_head_size': 4, 'learning_rate': 0.010925073238645664}. Best is trial 53 with value: 30.03006935119629.
LOCAL_RANK: 0 - CUDA_VISIBLE_DEVICES: [0]
[I 2023-11-30 01:56:24,570] Trial 93 finished with value: 33.59858703613281 and parameters: {'gradient_clip_val': 0.13131835831852698, 'hidden_size': 62, 'dropout': 0.3877225763458244, 'hidden_continuous_size': 26, 'attention_head_size': 4, 'learning_rate': 0.01320132283439538}. Best is trial 53 with value: 30.03006935119629.
LOCAL_RANK: 0 - CUDA_VISIBLE_DEVICES: [0]
[I 2023-11-30 01:56:37,445] Trial 94 finished with value: 32.35712432861328 and parameters: {'gradient_clip_val': 0.123989343115491, 'hidden_size': 48, 'dropout': 0.366345549675582, 'hidden_continuous_size': 22, 'attention_head_size': 4, 'learning_rate': 0.010461738264402689}. Best is trial 53 with value: 30.03006935119629.
LOCAL_RANK: 0 - CUDA_VISIBLE_DEVICES: [0]
[I 2023-11-30 01:56:50,929] Trial 95 finished with value: 32.3064079284668 and parameters: {'gradient_clip_val': 0.1395636155877892, 'hidden_size': 66, 'dropout': 0.38408766625139834, 'hidden_continuous_size': 24, 'attention_head_size': 4, 'learning_rate': 0.014344435651887661}. Best is trial 53 with value: 30.03006935119629.
LOCAL_RANK: 0 - CUDA_VISIBLE_DEVICES: [0]
[I 2023-11-30 01:57:04,257] Trial 96 finished with value: 30.30762481689453 and parameters: {'gradient_clip_val': 0.18632811872106897, 'hidden_size': 52, 'dropout': 0.39169869058155876, 'hidden_continuous_size': 23, 'attention_head_size': 4, 'learning_rate': 0.011786810101514932}. Best is trial 53 with value: 30.03006935119629.
LOCAL_RANK: 0 - CUDA_VISIBLE_DEVICES: [0]
[I 2023-11-30 01:57:17,521] Trial 97 finished with value: 31.95660972595215 and parameters: {'gradient_clip_val': 0.18339827012067222, 'hidden_size': 54, 'dropout': 0.37768412691972, 'hidden_continuous_size': 24, 'attention_head_size': 4, 'learning_rate': 0.012284013751212648}. Best is trial 53 with value: 30.03006935119629.
LOCAL_RANK: 0 - CUDA_VISIBLE_DEVICES: [0]
[I 2023-11-30 01:57:30,548] Trial 98 finished with value: 41.91795349121094 and parameters: {'gradient_clip_val': 0.19147197965918256, 'hidden_size': 52, 'dropout': 0.3924322522854818, 'hidden_continuous_size': 23, 'attention_head_size': 4, 'learning_rate': 0.01664943664390525}. Best is trial 53 with value: 30.03006935119629.
LOCAL_RANK: 0 - CUDA_VISIBLE_DEVICES: [0]
[I 2023-11-30 01:57:43,690] Trial 99 finished with value: 30.568471908569336 and parameters: {'gradient_clip_val': 0.16829340671669005, 'hidden_size': 49, 'dropout': 0.35662268475619, 'hidden_continuous_size': 25, 'attention_head_size': 4, 'learning_rate': 0.00962310249211147}. Best is trial 53 with value: 30.03006935119629.
LOCAL_RANK: 0 - CUDA_VISIBLE_DEVICES: [0]
[I 2023-11-30 01:57:57,057] Trial 100 finished with value: 33.92051696777344 and parameters: {'gradient_clip_val': 0.16911546500637742, 'hidden_size': 55, 'dropout': 0.35555157033081153, 'hidden_continuous_size': 25, 'attention_head_size': 4, 'learning_rate': 0.008321371668106446}. Best is trial 53 with value: 30.03006935119629.
LOCAL_RANK: 0 - CUDA_VISIBLE_DEVICES: [0]
[I 2023-11-30 01:58:10,258] Trial 101 finished with value: 36.24872589111328 and parameters: {'gradient_clip_val': 0.20108606290354197, 'hidden_size': 43, 'dropout': 0.372719650208607, 'hidden_continuous_size': 23, 'attention_head_size': 4, 'learning_rate': 0.009457424808515915}. Best is trial 53 with value: 30.03006935119629.
LOCAL_RANK: 0 - CUDA_VISIBLE_DEVICES: [0]
[I 2023-11-30 01:58:23,186] Trial 102 finished with value: 30.514677047729492 and parameters: {'gradient_clip_val': 0.16153110130022605, 'hidden_size': 49, 'dropout': 0.3427763202485668, 'hidden_continuous_size': 26, 'attention_head_size': 4, 'learning_rate': 0.013342270246775404}. Best is trial 53 with value: 30.03006935119629.
LOCAL_RANK: 0 - CUDA_VISIBLE_DEVICES: [0]
[I 2023-11-30 01:58:36,278] Trial 103 finished with value: 33.800872802734375 and parameters: {'gradient_clip_val': 0.16062669855799025, 'hidden_size': 47, 'dropout': 0.39431261522721783, 'hidden_continuous_size': 26, 'attention_head_size': 4, 'learning_rate': 0.013227278446472509}. Best is trial 53 with value: 30.03006935119629.
LOCAL_RANK: 0 - CUDA_VISIBLE_DEVICES: [0]
[I 2023-11-30 01:58:49,093] Trial 104 finished with value: 38.17560958862305 and parameters: {'gradient_clip_val': 0.17582756155317592, 'hidden_size': 48, 'dropout': 0.3417594426032592, 'hidden_continuous_size': 27, 'attention_head_size': 4, 'learning_rate': 0.007701958141048587}. Best is trial 53 with value: 30.03006935119629.
LOCAL_RANK: 0 - CUDA_VISIBLE_DEVICES: [0]
[I 2023-11-30 01:59:02,194] Trial 105 finished with value: 31.081430435180664 and parameters: {'gradient_clip_val': 0.19110029477208748, 'hidden_size': 50, 'dropout': 0.3616599712407211, 'hidden_continuous_size': 25, 'attention_head_size': 4, 'learning_rate': 0.010115373496430121}. Best is trial 53 with value: 30.03006935119629.
LOCAL_RANK: 0 - CUDA_VISIBLE_DEVICES: [0]
[I 2023-11-30 01:59:15,331] Trial 106 finished with value: 30.81455421447754 and parameters: {'gradient_clip_val': 0.14978397286996176, 'hidden_size': 52, 'dropout': 0.36167669835097815, 'hidden_continuous_size': 25, 'attention_head_size': 4, 'learning_rate': 0.011643592111724202}. Best is trial 53 with value: 30.03006935119629.
LOCAL_RANK: 0 - CUDA_VISIBLE_DEVICES: [0]
[I 2023-11-30 01:59:28,323] Trial 107 finished with value: 33.93082809448242 and parameters: {'gradient_clip_val': 0.1665933119052288, 'hidden_size': 50, 'dropout': 0.36199006738768424, 'hidden_continuous_size': 25, 'attention_head_size': 4, 'learning_rate': 0.01415311840466762}. Best is trial 53 with value: 30.03006935119629.
LOCAL_RANK: 0 - CUDA_VISIBLE_DEVICES: [0]
[I 2023-11-30 01:59:41,531] Trial 108 finished with value: 35.38579559326172 and parameters: {'gradient_clip_val': 0.1848594369920996, 'hidden_size': 51, 'dropout': 0.3533818952116221, 'hidden_continuous_size': 27, 'attention_head_size': 4, 'learning_rate': 0.012336358160976087}. Best is trial 53 with value: 30.03006935119629.
LOCAL_RANK: 0 - CUDA_VISIBLE_DEVICES: [0]
[I 2023-11-30 01:59:54,347] Trial 109 finished with value: 35.29630661010742 and parameters: {'gradient_clip_val': 0.1487875356567627, 'hidden_size': 44, 'dropout': 0.3643432696112199, 'hidden_continuous_size': 26, 'attention_head_size': 4, 'learning_rate': 0.011536297127530749}. Best is trial 53 with value: 30.03006935119629.
LOCAL_RANK: 0 - CUDA_VISIBLE_DEVICES: [0]
[I 2023-11-30 02:00:07,297] Trial 110 finished with value: 34.2513542175293 and parameters: {'gradient_clip_val': 0.15688462467932388, 'hidden_size': 39, 'dropout': 0.3497978547100153, 'hidden_continuous_size': 25, 'attention_head_size': 4, 'learning_rate': 0.009907155914028533}. Best is trial 53 with value: 30.03006935119629.
LOCAL_RANK: 0 - CUDA_VISIBLE_DEVICES: [0]
[I 2023-11-30 02:00:20,407] Trial 111 finished with value: 31.63912010192871 and parameters: {'gradient_clip_val': 0.17617315766246497, 'hidden_size': 48, 'dropout': 0.37947495652709357, 'hidden_continuous_size': 24, 'attention_head_size': 4, 'learning_rate': 0.010329944061415984}. Best is trial 53 with value: 30.03006935119629.
LOCAL_RANK: 0 - CUDA_VISIBLE_DEVICES: [0]
[I 2023-11-30 02:00:33,871] Trial 112 finished with value: 34.00525665283203 and parameters: {'gradient_clip_val': 0.18982424310149343, 'hidden_size': 54, 'dropout': 0.37519589418662536, 'hidden_continuous_size': 29, 'attention_head_size': 4, 'learning_rate': 0.00843436340258389}. Best is trial 53 with value: 30.03006935119629.
LOCAL_RANK: 0 - CUDA_VISIBLE_DEVICES: [0]
[I 2023-11-30 02:00:47,403] Trial 113 finished with value: 36.12299728393555 and parameters: {'gradient_clip_val': 0.11801505750730153, 'hidden_size': 61, 'dropout': 0.3887566017907101, 'hidden_continuous_size': 25, 'attention_head_size': 4, 'learning_rate': 0.009060681402865312}. Best is trial 53 with value: 30.03006935119629.
LOCAL_RANK: 0 - CUDA_VISIBLE_DEVICES: [0]
[I 2023-11-30 02:01:00,409] Trial 114 finished with value: 30.58588218688965 and parameters: {'gradient_clip_val': 0.20220009097721006, 'hidden_size': 43, 'dropout': 0.3693475559533025, 'hidden_continuous_size': 23, 'attention_head_size': 4, 'learning_rate': 0.01141854431909643}. Best is trial 53 with value: 30.03006935119629.
LOCAL_RANK: 0 - CUDA_VISIBLE_DEVICES: [0]
[I 2023-11-30 02:01:13,441] Trial 115 finished with value: 40.31837844848633 and parameters: {'gradient_clip_val': 0.21708422314007225, 'hidden_size': 42, 'dropout': 0.3582418498311885, 'hidden_continuous_size': 26, 'attention_head_size': 4, 'learning_rate': 0.011429732634104966}. Best is trial 53 with value: 30.03006935119629.
LOCAL_RANK: 0 - CUDA_VISIBLE_DEVICES: [0]
[I 2023-11-30 02:01:26,630] Trial 116 finished with value: 38.842994689941406 and parameters: {'gradient_clip_val': 0.1970176766539434, 'hidden_size': 45, 'dropout': 0.3671426136180513, 'hidden_continuous_size': 24, 'attention_head_size': 4, 'learning_rate': 0.016088809880025725}. Best is trial 53 with value: 30.03006935119629.
LOCAL_RANK: 0 - CUDA_VISIBLE_DEVICES: [0]
[I 2023-11-30 02:01:39,833] Trial 117 finished with value: 34.09748840332031 and parameters: {'gradient_clip_val': 0.167018399915735, 'hidden_size': 50, 'dropout': 0.3350063702540898, 'hidden_continuous_size': 27, 'attention_head_size': 4, 'learning_rate': 0.014479649263286907}. Best is trial 53 with value: 30.03006935119629.
LOCAL_RANK: 0 - CUDA_VISIBLE_DEVICES: [0]
[I 2023-11-30 02:01:52,619] Trial 118 finished with value: 31.57621192932129 and parameters: {'gradient_clip_val': 0.2033173218766365, 'hidden_size': 39, 'dropout': 0.34062746262511573, 'hidden_continuous_size': 25, 'attention_head_size': 4, 'learning_rate': 0.012751574613977289}. Best is trial 53 with value: 30.03006935119629.
LOCAL_RANK: 0 - CUDA_VISIBLE_DEVICES: [0]
[I 2023-11-30 02:02:05,750] Trial 119 finished with value: 31.205360412597656 and parameters: {'gradient_clip_val': 0.21284955614668852, 'hidden_size': 43, 'dropout': 0.36986702700600943, 'hidden_continuous_size': 23, 'attention_head_size': 4, 'learning_rate': 0.007219404294656357}. Best is trial 53 with value: 30.03006935119629.
LOCAL_RANK: 0 - CUDA_VISIBLE_DEVICES: [0]
[I 2023-11-30 02:02:18,891] Trial 120 finished with value: 32.662227630615234 and parameters: {'gradient_clip_val': 0.18899107670517254, 'hidden_size': 46, 'dropout': 0.3504669015352583, 'hidden_continuous_size': 28, 'attention_head_size': 4, 'learning_rate': 0.009754956877807553}. Best is trial 53 with value: 30.03006935119629.
LOCAL_RANK: 0 - CUDA_VISIBLE_DEVICES: [0]
[I 2023-11-30 02:02:32,186] Trial 121 finished with value: 31.8134822845459 and parameters: {'gradient_clip_val': 0.1286523408547091, 'hidden_size': 56, 'dropout': 0.38275225000294427, 'hidden_continuous_size': 22, 'attention_head_size': 4, 'learning_rate': 0.0116077756874096}. Best is trial 53 with value: 30.03006935119629.
LOCAL_RANK: 0 - CUDA_VISIBLE_DEVICES: [0]
[I 2023-11-30 02:02:45,237] Trial 122 finished with value: 31.396203994750977 and parameters: {'gradient_clip_val': 0.14524779137724936, 'hidden_size': 52, 'dropout': 0.37596233977925675, 'hidden_continuous_size': 23, 'attention_head_size': 4, 'learning_rate': 0.008901172165137564}. Best is trial 53 with value: 30.03006935119629.
LOCAL_RANK: 0 - CUDA_VISIBLE_DEVICES: [0]
[I 2023-11-30 02:02:58,666] Trial 123 finished with value: 34.3748779296875 and parameters: {'gradient_clip_val': 0.1594125030939257, 'hidden_size': 58, 'dropout': 0.3940182087483317, 'hidden_continuous_size': 24, 'attention_head_size': 4, 'learning_rate': 0.01348833335793314}. Best is trial 53 with value: 30.03006935119629.
LOCAL_RANK: 0 - CUDA_VISIBLE_DEVICES: [0]
[I 2023-11-30 02:03:11,828] Trial 124 finished with value: 34.16450881958008 and parameters: {'gradient_clip_val': 0.17478764839294622, 'hidden_size': 49, 'dropout': 0.36030320179061476, 'hidden_continuous_size': 23, 'attention_head_size': 4, 'learning_rate': 0.010084907159676883}. Best is trial 53 with value: 30.03006935119629.
LOCAL_RANK: 0 - CUDA_VISIBLE_DEVICES: [0]
[I 2023-11-30 02:03:25,653] Trial 125 finished with value: 35.696590423583984 and parameters: {'gradient_clip_val': 0.13539973275308684, 'hidden_size': 69, 'dropout': 0.38708995652797523, 'hidden_continuous_size': 30, 'attention_head_size': 4, 'learning_rate': 0.016681246040111713}. Best is trial 53 with value: 30.03006935119629.
LOCAL_RANK: 0 - CUDA_VISIBLE_DEVICES: [0]
[I 2023-11-30 02:03:38,552] Trial 126 finished with value: 37.12437438964844 and parameters: {'gradient_clip_val': 0.15028519968153223, 'hidden_size': 41, 'dropout': 0.39588943478807337, 'hidden_continuous_size': 26, 'attention_head_size': 4, 'learning_rate': 0.008003473886075094}. Best is trial 53 with value: 30.03006935119629.
LOCAL_RANK: 0 - CUDA_VISIBLE_DEVICES: [0]
[I 2023-11-30 02:03:52,035] Trial 127 finished with value: 38.04597091674805 and parameters: {'gradient_clip_val': 0.22513453138803352, 'hidden_size': 76, 'dropout': 0.39997616712509987, 'hidden_continuous_size': 29, 'attention_head_size': 4, 'learning_rate': 0.02029498373598395}. Best is trial 53 with value: 30.03006935119629.
LOCAL_RANK: 0 - CUDA_VISIBLE_DEVICES: [0]
[I 2023-11-30 02:04:04,984] Trial 128 finished with value: 32.880985260009766 and parameters: {'gradient_clip_val': 0.1640210498437517, 'hidden_size': 46, 'dropout': 0.3813538332391116, 'hidden_continuous_size': 22, 'attention_head_size': 4, 'learning_rate': 0.014906150711495971}. Best is trial 53 with value: 30.03006935119629.
LOCAL_RANK: 0 - CUDA_VISIBLE_DEVICES: [0]
[I 2023-11-30 02:04:18,340] Trial 129 finished with value: 31.701126098632812 and parameters: {'gradient_clip_val': 0.12297271887849749, 'hidden_size': 60, 'dropout': 0.37039234914921854, 'hidden_continuous_size': 28, 'attention_head_size': 4, 'learning_rate': 0.011140321123926118}. Best is trial 53 with value: 30.03006935119629.
LOCAL_RANK: 0 - CUDA_VISIBLE_DEVICES: [0]
[I 2023-11-30 02:04:31,814] Trial 130 finished with value: 31.82068634033203 and parameters: {'gradient_clip_val': 0.23610277399688837, 'hidden_size': 53, 'dropout': 0.38809949329584215, 'hidden_continuous_size': 21, 'attention_head_size': 4, 'learning_rate': 0.012483415406999113}. Best is trial 53 with value: 30.03006935119629.
LOCAL_RANK: 0 - CUDA_VISIBLE_DEVICES: [0]
[I 2023-11-30 02:04:44,706] Trial 131 finished with value: 36.531097412109375 and parameters: {'gradient_clip_val': 0.1990048469193115, 'hidden_size': 44, 'dropout': 0.3689872447787494, 'hidden_continuous_size': 23, 'attention_head_size': 4, 'learning_rate': 0.007291808756219381}. Best is trial 53 with value: 30.03006935119629.
LOCAL_RANK: 0 - CUDA_VISIBLE_DEVICES: [0]
[I 2023-11-30 02:04:57,560] Trial 132 finished with value: 38.21322250366211 and parameters: {'gradient_clip_val': 0.20767844054254317, 'hidden_size': 37, 'dropout': 0.3757629793611169, 'hidden_continuous_size': 25, 'attention_head_size': 4, 'learning_rate': 0.006197678731930619}. Best is trial 53 with value: 30.03006935119629.
LOCAL_RANK: 0 - CUDA_VISIBLE_DEVICES: [0]
[I 2023-11-30 02:05:10,559] Trial 133 finished with value: 35.45200729370117 and parameters: {'gradient_clip_val': 0.21375316151127685, 'hidden_size': 49, 'dropout': 0.3619682545182894, 'hidden_continuous_size': 24, 'attention_head_size': 4, 'learning_rate': 0.00696646464572748}. Best is trial 53 with value: 30.03006935119629.
LOCAL_RANK: 0 - CUDA_VISIBLE_DEVICES: [0]
[I 2023-11-30 02:05:23,277] Trial 134 finished with value: 36.8954963684082 and parameters: {'gradient_clip_val': 0.18207598871368583, 'hidden_size': 42, 'dropout': 0.35548097852897936, 'hidden_continuous_size': 23, 'attention_head_size': 1, 'learning_rate': 0.008834112352336436}. Best is trial 53 with value: 30.03006935119629.
LOCAL_RANK: 0 - CUDA_VISIBLE_DEVICES: [0]
[I 2023-11-30 02:05:36,646] Trial 135 finished with value: 33.4590950012207 and parameters: {'gradient_clip_val': 0.19002297649835426, 'hidden_size': 56, 'dropout': 0.3456452766930552, 'hidden_continuous_size': 22, 'attention_head_size': 4, 'learning_rate': 0.010083425369296437}. Best is trial 53 with value: 30.03006935119629.
LOCAL_RANK: 0 - CUDA_VISIBLE_DEVICES: [0]
[I 2023-11-30 02:05:49,420] Trial 136 finished with value: 38.07915115356445 and parameters: {'gradient_clip_val': 0.17278338642436347, 'hidden_size': 44, 'dropout': 0.37242294912785184, 'hidden_continuous_size': 26, 'attention_head_size': 4, 'learning_rate': 0.007365925361766007}. Best is trial 53 with value: 30.03006935119629.
LOCAL_RANK: 0 - CUDA_VISIBLE_DEVICES: [0]
