[I 2023-11-30 15:26:53,637] Trial 55 finished with value: 2181.236572265625 and parameters: {'gradient_clip_val': 0.35945181540816057, 'hidden_size': 133, 'dropout': 0.28228963658337847, 'hidden_continuous_size': 48, 'attention_head_size': 3, 'learning_rate': 0.0010677809743113878}. Best is trial 13 with value: 1250.66259765625.
LOCAL_RANK: 0 - CUDA_VISIBLE_DEVICES: [0]
[I 2023-11-30 15:27:07,992] Trial 56 finished with value: 1896.9267578125 and parameters: {'gradient_clip_val': 0.32271463137833545, 'hidden_size': 109, 'dropout': 0.29483717054337016, 'hidden_continuous_size': 59, 'attention_head_size': 3, 'learning_rate': 0.0014497974195002655}. Best is trial 13 with value: 1250.66259765625.
LOCAL_RANK: 0 - CUDA_VISIBLE_DEVICES: [0]
[I 2023-11-30 15:27:23,798] Trial 57 finished with value: 1418.4525146484375 and parameters: {'gradient_clip_val': 0.2838843525111373, 'hidden_size': 131, 'dropout': 0.2694571447790276, 'hidden_continuous_size': 69, 'attention_head_size': 4, 'learning_rate': 0.0023705565896228655}. Best is trial 13 with value: 1250.66259765625.
LOCAL_RANK: 0 - CUDA_VISIBLE_DEVICES: [0]
[I 2023-11-30 15:27:38,523] Trial 58 finished with value: 1465.5706787109375 and parameters: {'gradient_clip_val': 0.29091480306460027, 'hidden_size': 104, 'dropout': 0.27199122090636146, 'hidden_continuous_size': 61, 'attention_head_size': 4, 'learning_rate': 0.002557595360682068}. Best is trial 13 with value: 1250.66259765625.
LOCAL_RANK: 0 - CUDA_VISIBLE_DEVICES: [0]
[I 2023-11-30 15:27:54,227] Trial 59 finished with value: 1541.1064453125 and parameters: {'gradient_clip_val': 0.4045354747009447, 'hidden_size': 98, 'dropout': 0.26410231236641707, 'hidden_continuous_size': 69, 'attention_head_size': 4, 'learning_rate': 0.0024841484740545047}. Best is trial 13 with value: 1250.66259765625.
LOCAL_RANK: 0 - CUDA_VISIBLE_DEVICES: [0]
[I 2023-11-30 15:28:09,542] Trial 60 finished with value: 1975.7532958984375 and parameters: {'gradient_clip_val': 0.2809057135515355, 'hidden_size': 123, 'dropout': 0.2858328470326689, 'hidden_continuous_size': 82, 'attention_head_size': 4, 'learning_rate': 0.0016524709567352172}. Best is trial 13 with value: 1250.66259765625.
LOCAL_RANK: 0 - CUDA_VISIBLE_DEVICES: [0]
[I 2023-11-30 15:28:25,249] Trial 61 finished with value: 1710.0706787109375 and parameters: {'gradient_clip_val': 0.2843846370678127, 'hidden_size': 138, 'dropout': 0.2711318498361737, 'hidden_continuous_size': 63, 'attention_head_size': 4, 'learning_rate': 0.0032729721752621857}. Best is trial 13 with value: 1250.66259765625.
LOCAL_RANK: 0 - CUDA_VISIBLE_DEVICES: [0]
[I 2023-11-30 15:28:40,030] Trial 62 finished with value: 1868.15087890625 and parameters: {'gradient_clip_val': 0.3739314367689644, 'hidden_size': 112, 'dropout': 0.25268087316816124, 'hidden_continuous_size': 59, 'attention_head_size': 4, 'learning_rate': 0.0010034033085450538}. Best is trial 13 with value: 1250.66259765625.
LOCAL_RANK: 0 - CUDA_VISIBLE_DEVICES: [0]
[I 2023-11-30 15:28:55,982] Trial 63 finished with value: 1424.8369140625 and parameters: {'gradient_clip_val': 0.3304806683593199, 'hidden_size': 149, 'dropout': 0.22972979708581787, 'hidden_continuous_size': 69, 'attention_head_size': 4, 'learning_rate': 0.002249413688654826}. Best is trial 13 with value: 1250.66259765625.
LOCAL_RANK: 0 - CUDA_VISIBLE_DEVICES: [0]
[I 2023-11-30 15:29:11,420] Trial 64 finished with value: 1189.2901611328125 and parameters: {'gradient_clip_val': 0.3302558694584834, 'hidden_size': 124, 'dropout': 0.2611931524914091, 'hidden_continuous_size': 69, 'attention_head_size': 4, 'learning_rate': 0.002334238506134748}. Best is trial 64 with value: 1189.2901611328125.
LOCAL_RANK: 0 - CUDA_VISIBLE_DEVICES: [0]
[I 2023-11-30 15:29:25,906] Trial 65 finished with value: 1409.4161376953125 and parameters: {'gradient_clip_val': 0.34452598483448926, 'hidden_size': 124, 'dropout': 0.2295330183474735, 'hidden_continuous_size': 69, 'attention_head_size': 4, 'learning_rate': 0.0022985294055106395}. Best is trial 64 with value: 1189.2901611328125.
LOCAL_RANK: 0 - CUDA_VISIBLE_DEVICES: [0]
[I 2023-11-30 15:29:41,217] Trial 66 finished with value: 1660.5152587890625 and parameters: {'gradient_clip_val': 0.3454938657273159, 'hidden_size': 125, 'dropout': 0.23071633120929466, 'hidden_continuous_size': 86, 'attention_head_size': 4, 'learning_rate': 0.0023074505508837114}. Best is trial 64 with value: 1189.2901611328125.
LOCAL_RANK: 0 - CUDA_VISIBLE_DEVICES: [0]
[I 2023-11-30 15:29:56,296] Trial 67 finished with value: 1520.9556884765625 and parameters: {'gradient_clip_val': 0.42593949017078103, 'hidden_size': 114, 'dropout': 0.22677976411804468, 'hidden_continuous_size': 69, 'attention_head_size': 4, 'learning_rate': 0.0017942874941667755}. Best is trial 64 with value: 1189.2901611328125.
LOCAL_RANK: 0 - CUDA_VISIBLE_DEVICES: [0]
[I 2023-11-30 15:30:11,650] Trial 68 finished with value: 1981.14892578125 and parameters: {'gradient_clip_val': 0.3170665338035539, 'hidden_size': 88, 'dropout': 0.2981491433321192, 'hidden_continuous_size': 57, 'attention_head_size': 4, 'learning_rate': 0.0035273357937713693}. Best is trial 64 with value: 1189.2901611328125.
LOCAL_RANK: 0 - CUDA_VISIBLE_DEVICES: [0]
[I 2023-11-30 15:30:26,845] Trial 69 finished with value: 1438.328125 and parameters: {'gradient_clip_val': 0.37112202251665655, 'hidden_size': 136, 'dropout': 0.24591939175797525, 'hidden_continuous_size': 87, 'attention_head_size': 4, 'learning_rate': 0.0028823163486547095}. Best is trial 64 with value: 1189.2901611328125.
LOCAL_RANK: 0 - CUDA_VISIBLE_DEVICES: [0]
[I 2023-11-30 15:30:41,917] Trial 70 finished with value: 1499.6976318359375 and parameters: {'gradient_clip_val': 0.33552284053839276, 'hidden_size': 122, 'dropout': 0.26211462472670055, 'hidden_continuous_size': 74, 'attention_head_size': 4, 'learning_rate': 0.002314245297437837}. Best is trial 64 with value: 1189.2901611328125.
LOCAL_RANK: 0 - CUDA_VISIBLE_DEVICES: [0]
[I 2023-11-30 15:30:57,800] Trial 71 finished with value: 1604.3853759765625 and parameters: {'gradient_clip_val': 0.3095703744273308, 'hidden_size': 150, 'dropout': 0.2812642449729313, 'hidden_continuous_size': 66, 'attention_head_size': 4, 'learning_rate': 0.0019330920536403016}. Best is trial 64 with value: 1189.2901611328125.
LOCAL_RANK: 0 - CUDA_VISIBLE_DEVICES: [0]
[I 2023-11-30 15:31:12,889] Trial 72 finished with value: 1463.1539306640625 and parameters: {'gradient_clip_val': 0.2617810953581048, 'hidden_size': 138, 'dropout': 0.2539458497129434, 'hidden_continuous_size': 76, 'attention_head_size': 4, 'learning_rate': 0.0028942697697898227}. Best is trial 64 with value: 1189.2901611328125.
LOCAL_RANK: 0 - CUDA_VISIBLE_DEVICES: [0]
[I 2023-11-30 15:31:28,533] Trial 73 finished with value: 2125.724609375 and parameters: {'gradient_clip_val': 0.337667420119313, 'hidden_size': 100, 'dropout': 0.2339383839840016, 'hidden_continuous_size': 66, 'attention_head_size': 4, 'learning_rate': 0.001250110627482894}. Best is trial 64 with value: 1189.2901611328125.
LOCAL_RANK: 0 - CUDA_VISIBLE_DEVICES: [0]
[I 2023-11-30 15:31:43,450] Trial 74 finished with value: 1715.447265625 and parameters: {'gradient_clip_val': 0.45143641593192696, 'hidden_size': 115, 'dropout': 0.2573587374133344, 'hidden_continuous_size': 71, 'attention_head_size': 2, 'learning_rate': 0.002320625739843228}. Best is trial 64 with value: 1189.2901611328125.
LOCAL_RANK: 0 - CUDA_VISIBLE_DEVICES: [0]
[I 2023-11-30 15:31:58,514] Trial 75 finished with value: 1552.2880859375 and parameters: {'gradient_clip_val': 0.3912283810941354, 'hidden_size': 140, 'dropout': 0.21178147135626252, 'hidden_continuous_size': 53, 'attention_head_size': 4, 'learning_rate': 0.0017087471976180535}. Best is trial 64 with value: 1189.2901611328125.
LOCAL_RANK: 0 - CUDA_VISIBLE_DEVICES: [0]
[I 2023-11-30 15:32:13,477] Trial 76 finished with value: 1539.1793212890625 and parameters: {'gradient_clip_val': 0.30352056746016265, 'hidden_size': 125, 'dropout': 0.267602033015749, 'hidden_continuous_size': 61, 'attention_head_size': 2, 'learning_rate': 0.0019832260861203624}. Best is trial 64 with value: 1189.2901611328125.
LOCAL_RANK: 0 - CUDA_VISIBLE_DEVICES: [0]
[I 2023-11-30 15:32:28,786] Trial 77 finished with value: 1561.5322265625 and parameters: {'gradient_clip_val': 0.27225521726714935, 'hidden_size': 104, 'dropout': 0.2503327197464608, 'hidden_continuous_size': 68, 'attention_head_size': 4, 'learning_rate': 0.0014900328983709383}. Best is trial 64 with value: 1189.2901611328125.
LOCAL_RANK: 0 - CUDA_VISIBLE_DEVICES: [0]
[I 2023-11-30 15:32:43,732] Trial 78 finished with value: 1532.064453125 and parameters: {'gradient_clip_val': 0.3574038428817827, 'hidden_size': 93, 'dropout': 0.22303577395311003, 'hidden_continuous_size': 58, 'attention_head_size': 2, 'learning_rate': 0.003748925965134936}. Best is trial 64 with value: 1189.2901611328125.
LOCAL_RANK: 0 - CUDA_VISIBLE_DEVICES: [0]
[I 2023-11-30 15:32:59,104] Trial 79 finished with value: 1540.9056396484375 and parameters: {'gradient_clip_val': 0.323831535247127, 'hidden_size': 132, 'dropout': 0.2912414476786762, 'hidden_continuous_size': 90, 'attention_head_size': 4, 'learning_rate': 0.0028524518098957557}. Best is trial 64 with value: 1189.2901611328125.
LOCAL_RANK: 0 - CUDA_VISIBLE_DEVICES: [0]
[I 2023-11-30 15:33:14,279] Trial 80 finished with value: 1454.8634033203125 and parameters: {'gradient_clip_val': 0.2603819891035375, 'hidden_size': 150, 'dropout': 0.27741387033638193, 'hidden_continuous_size': 81, 'attention_head_size': 3, 'learning_rate': 0.0012615821638907745}. Best is trial 64 with value: 1189.2901611328125.
LOCAL_RANK: 0 - CUDA_VISIBLE_DEVICES: [0]
[I 2023-11-30 15:33:29,236] Trial 81 finished with value: 1521.2623291015625 and parameters: {'gradient_clip_val': 0.3751533289840444, 'hidden_size': 136, 'dropout': 0.2455022762687092, 'hidden_continuous_size': 95, 'attention_head_size': 4, 'learning_rate': 0.0029576832983087423}. Best is trial 64 with value: 1189.2901611328125.
LOCAL_RANK: 0 - CUDA_VISIBLE_DEVICES: [0]
[I 2023-11-30 15:33:44,237] Trial 82 finished with value: 1463.51708984375 and parameters: {'gradient_clip_val': 0.28714585526662584, 'hidden_size': 113, 'dropout': 0.23785254068652972, 'hidden_continuous_size': 75, 'attention_head_size': 4, 'learning_rate': 0.0021671186540197646}. Best is trial 64 with value: 1189.2901611328125.
LOCAL_RANK: 0 - CUDA_VISIBLE_DEVICES: [0]
[I 2023-11-30 15:33:59,629] Trial 83 finished with value: 1567.7125244140625 and parameters: {'gradient_clip_val': 0.356340639788329, 'hidden_size': 126, 'dropout': 0.2595260493231813, 'hidden_continuous_size': 66, 'attention_head_size': 4, 'learning_rate': 0.0025189464571736164}. Best is trial 64 with value: 1189.2901611328125.
LOCAL_RANK: 0 - CUDA_VISIBLE_DEVICES: [0]
[I 2023-11-30 15:34:15,328] Trial 84 finished with value: 1590.5089111328125 and parameters: {'gradient_clip_val': 0.30928597440598626, 'hidden_size': 139, 'dropout': 0.25038011933857, 'hidden_continuous_size': 73, 'attention_head_size': 4, 'learning_rate': 0.0015850264181980216}. Best is trial 64 with value: 1189.2901611328125.
LOCAL_RANK: 0 - CUDA_VISIBLE_DEVICES: [0]
[I 2023-11-30 15:34:31,529] Trial 85 finished with value: 1489.3790283203125 and parameters: {'gradient_clip_val': 0.5028900432278364, 'hidden_size': 119, 'dropout': 0.20785814045234968, 'hidden_continuous_size': 80, 'attention_head_size': 2, 'learning_rate': 0.0018604996410210126}. Best is trial 64 with value: 1189.2901611328125.
LOCAL_RANK: 0 - CUDA_VISIBLE_DEVICES: [0]
[I 2023-11-30 15:34:47,218] Trial 86 finished with value: 1530.138671875 and parameters: {'gradient_clip_val': 0.3387567475630253, 'hidden_size': 140, 'dropout': 0.2685128802126618, 'hidden_continuous_size': 88, 'attention_head_size': 4, 'learning_rate': 0.002801800352046891}. Best is trial 64 with value: 1189.2901611328125.
LOCAL_RANK: 0 - CUDA_VISIBLE_DEVICES: [0]
[I 2023-11-30 15:35:02,198] Trial 87 finished with value: 1619.3355712890625 and parameters: {'gradient_clip_val': 0.3913631600428415, 'hidden_size': 108, 'dropout': 0.2428517857905184, 'hidden_continuous_size': 65, 'attention_head_size': 3, 'learning_rate': 0.0033607375669720014}. Best is trial 64 with value: 1189.2901611328125.
LOCAL_RANK: 0 - CUDA_VISIBLE_DEVICES: [0]
[I 2023-11-30 15:35:17,964] Trial 88 finished with value: 1618.0595703125 and parameters: {'gradient_clip_val': 0.29651227251782664, 'hidden_size': 129, 'dropout': 0.2336483566681345, 'hidden_continuous_size': 72, 'attention_head_size': 2, 'learning_rate': 0.0019298727431207678}. Best is trial 64 with value: 1189.2901611328125.
LOCAL_RANK: 0 - CUDA_VISIBLE_DEVICES: [0]
[I 2023-11-30 15:35:33,542] Trial 89 finished with value: 1529.4283447265625 and parameters: {'gradient_clip_val': 0.3243132378221631, 'hidden_size': 150, 'dropout': 0.2796114791775848, 'hidden_continuous_size': 105, 'attention_head_size': 4, 'learning_rate': 0.002363602298325971}. Best is trial 64 with value: 1189.2901611328125.
LOCAL_RANK: 0 - CUDA_VISIBLE_DEVICES: [0]
[I 2023-11-30 15:35:48,326] Trial 90 finished with value: 1649.8385009765625 and parameters: {'gradient_clip_val': 0.4170025980492207, 'hidden_size': 117, 'dropout': 0.2214999303677021, 'hidden_continuous_size': 49, 'attention_head_size': 2, 'learning_rate': 0.002058175126112705}. Best is trial 64 with value: 1189.2901611328125.
LOCAL_RANK: 0 - CUDA_VISIBLE_DEVICES: [0]
[I 2023-11-30 15:36:04,452] Trial 91 finished with value: 1657.21337890625 and parameters: {'gradient_clip_val': 0.2584372861038262, 'hidden_size': 142, 'dropout': 0.25868890226963287, 'hidden_continuous_size': 79, 'attention_head_size': 3, 'learning_rate': 0.001348625372639889}. Best is trial 64 with value: 1189.2901611328125.
LOCAL_RANK: 0 - CUDA_VISIBLE_DEVICES: [0]
[I 2023-11-30 15:36:19,694] Trial 92 finished with value: 1614.8336181640625 and parameters: {'gradient_clip_val': 0.26747951140112475, 'hidden_size': 130, 'dropout': 0.2748550959430515, 'hidden_continuous_size': 77, 'attention_head_size': 3, 'learning_rate': 0.001234028876216143}. Best is trial 64 with value: 1189.2901611328125.
LOCAL_RANK: 0 - CUDA_VISIBLE_DEVICES: [0]
[I 2023-11-30 15:36:35,324] Trial 93 finished with value: 1450.3963623046875 and parameters: {'gradient_clip_val': 0.2820497888315173, 'hidden_size': 143, 'dropout': 0.27654896840574067, 'hidden_continuous_size': 85, 'attention_head_size': 4, 'learning_rate': 0.0015600326195121023}. Best is trial 64 with value: 1189.2901611328125.
LOCAL_RANK: 0 - CUDA_VISIBLE_DEVICES: [0]
