[I 2023-11-30 12:58:57,848] Trial 15 finished with value: 160.45201110839844 and parameters: {'gradient_clip_val': 0.14017442945513361, 'hidden_size': 19, 'dropout': 0.33456347974783845, 'hidden_continuous_size': 11, 'attention_head_size': 2, 'learning_rate': 0.03562615334781051}. Best is trial 13 with value: 142.90232849121094.
LOCAL_RANK: 0 - CUDA_VISIBLE_DEVICES: [0]
[I 2023-11-30 12:59:10,033] Trial 16 finished with value: 151.2511444091797 and parameters: {'gradient_clip_val': 0.10218907220786723, 'hidden_size': 36, 'dropout': 0.39652509366581257, 'hidden_continuous_size': 15, 'attention_head_size': 2, 'learning_rate': 0.0918300962807338}. Best is trial 13 with value: 142.90232849121094.
LOCAL_RANK: 0 - CUDA_VISIBLE_DEVICES: [0]
[I 2023-11-30 12:59:21,784] Trial 17 finished with value: 151.36114501953125 and parameters: {'gradient_clip_val': 0.15144427581481762, 'hidden_size': 19, 'dropout': 0.2659854567210238, 'hidden_continuous_size': 12, 'attention_head_size': 1, 'learning_rate': 0.09819214611886767}. Best is trial 13 with value: 142.90232849121094.
LOCAL_RANK: 0 - CUDA_VISIBLE_DEVICES: [0]
[I 2023-11-30 12:59:34,319] Trial 18 finished with value: 158.45567321777344 and parameters: {'gradient_clip_val': 0.15020440332341348, 'hidden_size': 38, 'dropout': 0.3323678898090496, 'hidden_continuous_size': 17, 'attention_head_size': 2, 'learning_rate': 0.04015076487078511}. Best is trial 13 with value: 142.90232849121094.
LOCAL_RANK: 0 - CUDA_VISIBLE_DEVICES: [0]
[I 2023-11-30 12:59:44,234] Trial 19 finished with value: 196.13621520996094 and parameters: {'gradient_clip_val': 0.18953866049441664, 'hidden_size': 10, 'dropout': 0.2518233192788348, 'hidden_continuous_size': 10, 'attention_head_size': 1, 'learning_rate': 0.022676576060673175}. Best is trial 13 with value: 142.90232849121094.
LOCAL_RANK: 0 - CUDA_VISIBLE_DEVICES: [0]
[I 2023-11-30 12:59:56,586] Trial 20 finished with value: 172.74163818359375 and parameters: {'gradient_clip_val': 0.1291581218426189, 'hidden_size': 31, 'dropout': 0.2920508510563137, 'hidden_continuous_size': 14, 'attention_head_size': 2, 'learning_rate': 0.011491149443346994}. Best is trial 13 with value: 142.90232849121094.
LOCAL_RANK: 0 - CUDA_VISIBLE_DEVICES: [0]
[I 2023-11-30 13:00:08,529] Trial 21 finished with value: 169.32980346679688 and parameters: {'gradient_clip_val': 0.10147264278908734, 'hidden_size': 23, 'dropout': 0.10358194714957458, 'hidden_continuous_size': 12, 'attention_head_size': 1, 'learning_rate': 0.03167939787866187}. Best is trial 13 with value: 142.90232849121094.
LOCAL_RANK: 0 - CUDA_VISIBLE_DEVICES: [0]
[I 2023-11-30 13:00:20,527] Trial 22 finished with value: 146.71804809570312 and parameters: {'gradient_clip_val': 0.16283896075214732, 'hidden_size': 31, 'dropout': 0.1205454148262807, 'hidden_continuous_size': 13, 'attention_head_size': 1, 'learning_rate': 0.048002482802469534}. Best is trial 13 with value: 142.90232849121094.
LOCAL_RANK: 0 - CUDA_VISIBLE_DEVICES: [0]
[I 2023-11-30 13:00:33,003] Trial 23 finished with value: 155.58502197265625 and parameters: {'gradient_clip_val': 0.12918668173550846, 'hidden_size': 44, 'dropout': 0.13580611602718262, 'hidden_continuous_size': 17, 'attention_head_size': 1, 'learning_rate': 0.05558540830389307}. Best is trial 13 with value: 142.90232849121094.
LOCAL_RANK: 0 - CUDA_VISIBLE_DEVICES: [0]
[I 2023-11-30 13:00:45,312] Trial 24 finished with value: 145.0771484375 and parameters: {'gradient_clip_val': 0.17011187813687756, 'hidden_size': 34, 'dropout': 0.18014734050168238, 'hidden_continuous_size': 14, 'attention_head_size': 2, 'learning_rate': 0.045685415218145425}. Best is trial 13 with value: 142.90232849121094.
LOCAL_RANK: 0 - CUDA_VISIBLE_DEVICES: [0]
[I 2023-11-30 13:00:57,580] Trial 25 finished with value: 150.12571716308594 and parameters: {'gradient_clip_val': 0.1725776589155511, 'hidden_size': 33, 'dropout': 0.170488691662724, 'hidden_continuous_size': 15, 'attention_head_size': 2, 'learning_rate': 0.04369994414116712}. Best is trial 13 with value: 142.90232849121094.
LOCAL_RANK: 0 - CUDA_VISIBLE_DEVICES: [0]
[I 2023-11-30 13:01:10,124] Trial 26 finished with value: 162.7506103515625 and parameters: {'gradient_clip_val': 0.29339883312485365, 'hidden_size': 42, 'dropout': 0.12911120180726932, 'hidden_continuous_size': 18, 'attention_head_size': 2, 'learning_rate': 0.028302944356758803}. Best is trial 13 with value: 142.90232849121094.
LOCAL_RANK: 0 - CUDA_VISIBLE_DEVICES: [0]
[I 2023-11-30 13:01:22,063] Trial 27 finished with value: 156.81387329101562 and parameters: {'gradient_clip_val': 0.17426760236024846, 'hidden_size': 32, 'dropout': 0.16897847368832625, 'hidden_continuous_size': 13, 'attention_head_size': 2, 'learning_rate': 0.01927528693242292}. Best is trial 13 with value: 142.90232849121094.
LOCAL_RANK: 0 - CUDA_VISIBLE_DEVICES: [0]
[I 2023-11-30 13:01:34,109] Trial 28 finished with value: 145.0000762939453 and parameters: {'gradient_clip_val': 0.19546040372019108, 'hidden_size': 21, 'dropout': 0.1881580234464833, 'hidden_continuous_size': 13, 'attention_head_size': 2, 'learning_rate': 0.0481102126525439}. Best is trial 13 with value: 142.90232849121094.
LOCAL_RANK: 0 - CUDA_VISIBLE_DEVICES: [0]
[I 2023-11-30 13:01:45,987] Trial 29 finished with value: 198.14256286621094 and parameters: {'gradient_clip_val': 0.2076658983708912, 'hidden_size': 14, 'dropout': 0.19375558256444508, 'hidden_continuous_size': 11, 'attention_head_size': 3, 'learning_rate': 0.031393237865881746}. Best is trial 13 with value: 142.90232849121094.
LOCAL_RANK: 0 - CUDA_VISIBLE_DEVICES: [0]
[I 2023-11-30 13:01:57,933] Trial 30 finished with value: 148.9735565185547 and parameters: {'gradient_clip_val': 0.3333017200669646, 'hidden_size': 18, 'dropout': 0.15361889983171842, 'hidden_continuous_size': 12, 'attention_head_size': 2, 'learning_rate': 0.04777112065761529}. Best is trial 13 with value: 142.90232849121094.
LOCAL_RANK: 0 - CUDA_VISIBLE_DEVICES: [0]
[I 2023-11-30 13:02:09,871] Trial 31 finished with value: 150.5259246826172 and parameters: {'gradient_clip_val': 0.15153846664792428, 'hidden_size': 22, 'dropout': 0.12274085912280508, 'hidden_continuous_size': 13, 'attention_head_size': 2, 'learning_rate': 0.045133279072573695}. Best is trial 13 with value: 142.90232849121094.
LOCAL_RANK: 0 - CUDA_VISIBLE_DEVICES: [0]
[I 2023-11-30 13:02:22,071] Trial 32 finished with value: 147.01773071289062 and parameters: {'gradient_clip_val': 0.17264262095372118, 'hidden_size': 30, 'dropout': 0.16176144745226348, 'hidden_continuous_size': 14, 'attention_head_size': 3, 'learning_rate': 0.06057050301411764}. Best is trial 13 with value: 142.90232849121094.
LOCAL_RANK: 0 - CUDA_VISIBLE_DEVICES: [0]
[I 2023-11-30 13:02:34,241] Trial 33 finished with value: 172.65821838378906 and parameters: {'gradient_clip_val': 0.11777370393006856, 'hidden_size': 21, 'dropout': 0.19022284124963065, 'hidden_continuous_size': 13, 'attention_head_size': 4, 'learning_rate': 0.02686490437920597}. Best is trial 13 with value: 142.90232849121094.
LOCAL_RANK: 0 - CUDA_VISIBLE_DEVICES: [0]
[I 2023-11-30 13:02:46,274] Trial 34 finished with value: 144.0275421142578 and parameters: {'gradient_clip_val': 0.13655317902629363, 'hidden_size': 36, 'dropout': 0.14068259106668093, 'hidden_continuous_size': 10, 'attention_head_size': 2, 'learning_rate': 0.04599345610360033}. Best is trial 13 with value: 142.90232849121094.
LOCAL_RANK: 0 - CUDA_VISIBLE_DEVICES: [0]
[I 2023-11-30 13:02:58,590] Trial 35 finished with value: 155.9230194091797 and parameters: {'gradient_clip_val': 0.14072292014523125, 'hidden_size': 38, 'dropout': 0.14671746052103926, 'hidden_continuous_size': 10, 'attention_head_size': 2, 'learning_rate': 0.07056814466317529}. Best is trial 13 with value: 142.90232849121094.
LOCAL_RANK: 0 - CUDA_VISIBLE_DEVICES: [0]
[I 2023-11-30 13:03:10,272] Trial 36 finished with value: 168.81689453125 and parameters: {'gradient_clip_val': 0.11597470654326739, 'hidden_size': 16, 'dropout': 0.2025120837973129, 'hidden_continuous_size': 10, 'attention_head_size': 2, 'learning_rate': 0.036528377016612004}. Best is trial 13 with value: 142.90232849121094.
LOCAL_RANK: 0 - CUDA_VISIBLE_DEVICES: [0]
[I 2023-11-30 13:03:22,936] Trial 37 finished with value: 181.8534393310547 and parameters: {'gradient_clip_val': 0.18636311558662114, 'hidden_size': 51, 'dropout': 0.18362690584105731, 'hidden_continuous_size': 19, 'attention_head_size': 3, 'learning_rate': 0.023145128397274818}. Best is trial 13 with value: 142.90232849121094.
LOCAL_RANK: 0 - CUDA_VISIBLE_DEVICES: [0]
[I 2023-11-30 13:03:35,500] Trial 38 finished with value: 151.94183349609375 and parameters: {'gradient_clip_val': 0.20800374684475453, 'hidden_size': 47, 'dropout': 0.15782341207030243, 'hidden_continuous_size': 10, 'attention_head_size': 2, 'learning_rate': 0.008382621270073769}. Best is trial 13 with value: 142.90232849121094.
LOCAL_RANK: 0 - CUDA_VISIBLE_DEVICES: [0]
[I 2023-11-30 13:03:47,551] Trial 39 finished with value: 147.26072692871094 and parameters: {'gradient_clip_val': 0.13427432937141168, 'hidden_size': 26, 'dropout': 0.17411780637827942, 'hidden_continuous_size': 11, 'attention_head_size': 3, 'learning_rate': 0.09049228340891143}. Best is trial 13 with value: 142.90232849121094.
LOCAL_RANK: 0 - CUDA_VISIBLE_DEVICES: [0]
[I 2023-11-30 13:03:59,484] Trial 40 finished with value: 147.5201416015625 and parameters: {'gradient_clip_val': 0.11252729729334247, 'hidden_size': 23, 'dropout': 0.1427953568582693, 'hidden_continuous_size': 11, 'attention_head_size': 2, 'learning_rate': 0.058426283337223855}. Best is trial 13 with value: 142.90232849121094.
LOCAL_RANK: 0 - CUDA_VISIBLE_DEVICES: [0]
[I 2023-11-30 13:04:11,575] Trial 41 finished with value: 151.5924835205078 and parameters: {'gradient_clip_val': 0.12532445652523222, 'hidden_size': 29, 'dropout': 0.12153000548623802, 'hidden_continuous_size': 12, 'attention_head_size': 2, 'learning_rate': 0.04900062311552485}. Best is trial 13 with value: 142.90232849121094.
LOCAL_RANK: 0 - CUDA_VISIBLE_DEVICES: [0]
[I 2023-11-30 13:04:23,786] Trial 42 finished with value: 152.88433837890625 and parameters: {'gradient_clip_val': 0.16378657461716792, 'hidden_size': 34, 'dropout': 0.15104247647846972, 'hidden_continuous_size': 14, 'attention_head_size': 1, 'learning_rate': 0.04180561495711007}. Best is trial 13 with value: 142.90232849121094.
LOCAL_RANK: 0 - CUDA_VISIBLE_DEVICES: [0]
[I 2023-11-30 13:04:36,315] Trial 43 finished with value: 151.94261169433594 and parameters: {'gradient_clip_val': 0.14390325793337025, 'hidden_size': 30, 'dropout': 0.1354604871757319, 'hidden_continuous_size': 13, 'attention_head_size': 4, 'learning_rate': 0.07042607051014765}. Best is trial 13 with value: 142.90232849121094.
LOCAL_RANK: 0 - CUDA_VISIBLE_DEVICES: [0]
[I 2023-11-30 13:04:48,513] Trial 44 finished with value: 142.0334930419922 and parameters: {'gradient_clip_val': 0.15704102374314147, 'hidden_size': 36, 'dropout': 0.2190158373085981, 'hidden_continuous_size': 15, 'attention_head_size': 1, 'learning_rate': 0.03183687977079549}. Best is trial 44 with value: 142.0334930419922.
LOCAL_RANK: 0 - CUDA_VISIBLE_DEVICES: [0]
[I 2023-11-30 13:05:00,930] Trial 45 finished with value: 143.43212890625 and parameters: {'gradient_clip_val': 0.11273848415602589, 'hidden_size': 39, 'dropout': 0.21759961362133798, 'hidden_continuous_size': 15, 'attention_head_size': 3, 'learning_rate': 0.03078396039412071}. Best is trial 44 with value: 142.0334930419922.
LOCAL_RANK: 0 - CUDA_VISIBLE_DEVICES: [0]
[I 2023-11-30 13:05:13,327] Trial 46 finished with value: 143.98045349121094 and parameters: {'gradient_clip_val': 0.10421238459145259, 'hidden_size': 39, 'dropout': 0.2239244540791804, 'hidden_continuous_size': 16, 'attention_head_size': 3, 'learning_rate': 0.030181534274910382}. Best is trial 44 with value: 142.0334930419922.
LOCAL_RANK: 0 - CUDA_VISIBLE_DEVICES: [0]
[I 2023-11-30 13:05:26,061] Trial 47 finished with value: 147.8087615966797 and parameters: {'gradient_clip_val': 0.10005034178662937, 'hidden_size': 53, 'dropout': 0.22906092992031857, 'hidden_continuous_size': 21, 'attention_head_size': 3, 'learning_rate': 0.027837457395748975}. Best is trial 44 with value: 142.0334930419922.
LOCAL_RANK: 0 - CUDA_VISIBLE_DEVICES: [0]
[I 2023-11-30 13:05:38,550] Trial 48 finished with value: 145.47607421875 and parameters: {'gradient_clip_val': 0.11128788921509754, 'hidden_size': 40, 'dropout': 0.21373342064014747, 'hidden_continuous_size': 16, 'attention_head_size': 3, 'learning_rate': 0.01900325370031643}. Best is trial 44 with value: 142.0334930419922.
LOCAL_RANK: 0 - CUDA_VISIBLE_DEVICES: [0]
[I 2023-11-30 13:05:50,945] Trial 49 finished with value: 144.10377502441406 and parameters: {'gradient_clip_val': 0.12208154457627733, 'hidden_size': 39, 'dropout': 0.20541881685566696, 'hidden_continuous_size': 15, 'attention_head_size': 4, 'learning_rate': 0.0350279424792023}. Best is trial 44 with value: 142.0334930419922.
LOCAL_RANK: 0 - CUDA_VISIBLE_DEVICES: [0]
[I 2023-11-30 13:06:03,604] Trial 50 finished with value: 141.0714874267578 and parameters: {'gradient_clip_val': 0.11439350671571379, 'hidden_size': 47, 'dropout': 0.22540638603117935, 'hidden_continuous_size': 19, 'attention_head_size': 3, 'learning_rate': 0.01375592997069631}. Best is trial 50 with value: 141.0714874267578.
LOCAL_RANK: 0 - CUDA_VISIBLE_DEVICES: [0]
[I 2023-11-30 13:06:16,107] Trial 51 finished with value: 149.48033142089844 and parameters: {'gradient_clip_val': 0.10949112842538382, 'hidden_size': 47, 'dropout': 0.22542960989280153, 'hidden_continuous_size': 19, 'attention_head_size': 3, 'learning_rate': 0.014928417014144999}. Best is trial 50 with value: 141.0714874267578.
LOCAL_RANK: 0 - CUDA_VISIBLE_DEVICES: [0]
[I 2023-11-30 13:06:28,238] Trial 52 finished with value: 138.7638397216797 and parameters: {'gradient_clip_val': 0.12022264134551526, 'hidden_size': 36, 'dropout': 0.2425329546623079, 'hidden_continuous_size': 16, 'attention_head_size': 3, 'learning_rate': 0.02335877148271065}. Best is trial 52 with value: 138.7638397216797.
LOCAL_RANK: 0 - CUDA_VISIBLE_DEVICES: [0]
[I 2023-11-30 13:06:41,144] Trial 53 finished with value: 150.9286651611328 and parameters: {'gradient_clip_val': 0.10864203448876342, 'hidden_size': 57, 'dropout': 0.23230516919069255, 'hidden_continuous_size': 16, 'attention_head_size': 3, 'learning_rate': 0.023766680089897796}. Best is trial 52 with value: 138.7638397216797.
LOCAL_RANK: 0 - CUDA_VISIBLE_DEVICES: [0]
[I 2023-11-30 13:06:53,658] Trial 54 finished with value: 151.17388916015625 and parameters: {'gradient_clip_val': 0.12203454336070635, 'hidden_size': 43, 'dropout': 0.2438112174337135, 'hidden_continuous_size': 17, 'attention_head_size': 3, 'learning_rate': 0.03098150435408896}. Best is trial 52 with value: 138.7638397216797.
LOCAL_RANK: 0 - CUDA_VISIBLE_DEVICES: [0]
[I 2023-11-30 13:07:06,525] Trial 55 finished with value: 145.31558227539062 and parameters: {'gradient_clip_val': 0.10043518137950193, 'hidden_size': 64, 'dropout': 0.21805845559277073, 'hidden_continuous_size': 21, 'attention_head_size': 3, 'learning_rate': 0.02158337128443603}. Best is trial 52 with value: 138.7638397216797.
LOCAL_RANK: 0 - CUDA_VISIBLE_DEVICES: [0]
[I 2023-11-30 13:07:18,944] Trial 56 finished with value: 147.9011993408203 and parameters: {'gradient_clip_val': 0.11197785727118079, 'hidden_size': 37, 'dropout': 0.2510121977949652, 'hidden_continuous_size': 15, 'attention_head_size': 3, 'learning_rate': 0.015883156219376995}. Best is trial 52 with value: 138.7638397216797.
LOCAL_RANK: 0 - CUDA_VISIBLE_DEVICES: [0]
[I 2023-11-30 13:07:30,863] Trial 57 finished with value: 140.91587829589844 and parameters: {'gradient_clip_val': 0.1255970546042514, 'hidden_size': 28, 'dropout': 0.26260082698395093, 'hidden_continuous_size': 16, 'attention_head_size': 3, 'learning_rate': 0.025465531159351518}. Best is trial 52 with value: 138.7638397216797.
LOCAL_RANK: 0 - CUDA_VISIBLE_DEVICES: [0]
[I 2023-11-30 13:07:43,084] Trial 58 finished with value: 160.71115112304688 and parameters: {'gradient_clip_val': 0.1307003036251257, 'hidden_size': 28, 'dropout': 0.26399006430662486, 'hidden_continuous_size': 15, 'attention_head_size': 4, 'learning_rate': 0.025068259984585207}. Best is trial 52 with value: 138.7638397216797.
LOCAL_RANK: 0 - CUDA_VISIBLE_DEVICES: [0]
[I 2023-11-30 13:07:55,475] Trial 59 finished with value: 157.020263671875 and parameters: {'gradient_clip_val': 0.12326452136165765, 'hidden_size': 34, 'dropout': 0.2366238768751915, 'hidden_continuous_size': 18, 'attention_head_size': 3, 'learning_rate': 0.016656638278602805}. Best is trial 52 with value: 138.7638397216797.
LOCAL_RANK: 0 - CUDA_VISIBLE_DEVICES: [0]
[I 2023-11-30 13:08:07,519] Trial 60 finished with value: 174.16314697265625 and parameters: {'gradient_clip_val': 0.14653888525787787, 'hidden_size': 26, 'dropout': 0.20928698701449847, 'hidden_continuous_size': 17, 'attention_head_size': 3, 'learning_rate': 0.012377841864168421}. Best is trial 52 with value: 138.7638397216797.
LOCAL_RANK: 0 - CUDA_VISIBLE_DEVICES: [0]
[I 2023-11-30 13:08:19,972] Trial 61 finished with value: 157.2177276611328 and parameters: {'gradient_clip_val': 0.10829018309452129, 'hidden_size': 42, 'dropout': 0.22951742810123119, 'hidden_continuous_size': 16, 'attention_head_size': 3, 'learning_rate': 0.021087372532403937}. Best is trial 52 with value: 138.7638397216797.
LOCAL_RANK: 0 - CUDA_VISIBLE_DEVICES: [0]
[I 2023-11-30 13:08:32,208] Trial 62 finished with value: 160.1721649169922 and parameters: {'gradient_clip_val': 0.11951719168384586, 'hidden_size': 25, 'dropout': 0.21965641233076885, 'hidden_continuous_size': 16, 'attention_head_size': 3, 'learning_rate': 0.03117720417755854}. Best is trial 52 with value: 138.7638397216797.
LOCAL_RANK: 0 - CUDA_VISIBLE_DEVICES: [0]
[I 2023-11-30 13:08:44,473] Trial 63 finished with value: 148.13124084472656 and parameters: {'gradient_clip_val': 0.1006216270185399, 'hidden_size': 36, 'dropout': 0.2603512381182173, 'hidden_continuous_size': 18, 'attention_head_size': 3, 'learning_rate': 0.02543940566821696}. Best is trial 52 with value: 138.7638397216797.
LOCAL_RANK: 0 - CUDA_VISIBLE_DEVICES: [0]
[I 2023-11-30 13:08:56,805] Trial 64 finished with value: 149.40419006347656 and parameters: {'gradient_clip_val': 0.1373777734140888, 'hidden_size': 33, 'dropout': 0.24224089005687718, 'hidden_continuous_size': 17, 'attention_head_size': 3, 'learning_rate': 0.035016866585874044}. Best is trial 52 with value: 138.7638397216797.
LOCAL_RANK: 0 - CUDA_VISIBLE_DEVICES: [0]
[I 2023-11-30 13:09:08,639] Trial 65 finished with value: 179.0233612060547 and parameters: {'gradient_clip_val': 0.10811228689799306, 'hidden_size': 28, 'dropout': 0.19851677208715285, 'hidden_continuous_size': 15, 'attention_head_size': 3, 'learning_rate': 0.018195213355002734}. Best is trial 52 with value: 138.7638397216797.
LOCAL_RANK: 0 - CUDA_VISIBLE_DEVICES: [0]
[I 2023-11-30 13:09:21,044] Trial 66 finished with value: 147.75808715820312 and parameters: {'gradient_clip_val': 0.1303713650744594, 'hidden_size': 40, 'dropout': 0.27633231211848563, 'hidden_continuous_size': 20, 'attention_head_size': 3, 'learning_rate': 0.0282321617863309}. Best is trial 52 with value: 138.7638397216797.
LOCAL_RANK: 0 - CUDA_VISIBLE_DEVICES: [0]
[I 2023-11-30 13:09:33,533] Trial 67 finished with value: 164.107421875 and parameters: {'gradient_clip_val': 0.15360055700649405, 'hidden_size': 31, 'dropout': 0.20723955714451817, 'hidden_continuous_size': 16, 'attention_head_size': 4, 'learning_rate': 0.02170046440896551}. Best is trial 52 with value: 138.7638397216797.
LOCAL_RANK: 0 - CUDA_VISIBLE_DEVICES: [0]
[I 2023-11-30 13:09:46,272] Trial 68 finished with value: 153.7029266357422 and parameters: {'gradient_clip_val': 0.11569300811160801, 'hidden_size': 46, 'dropout': 0.2222229368495128, 'hidden_continuous_size': 22, 'attention_head_size': 3, 'learning_rate': 0.03874080971866769}. Best is trial 52 with value: 138.7638397216797.
LOCAL_RANK: 0 - CUDA_VISIBLE_DEVICES: [0]
[I 2023-11-30 13:09:58,714] Trial 69 finished with value: 160.6861572265625 and parameters: {'gradient_clip_val': 0.12728414398963112, 'hidden_size': 35, 'dropout': 0.2542518933469474, 'hidden_continuous_size': 14, 'attention_head_size': 3, 'learning_rate': 0.031242289180696683}. Best is trial 52 with value: 138.7638397216797.
LOCAL_RANK: 0 - CUDA_VISIBLE_DEVICES: [0]
[I 2023-11-30 13:10:10,576] Trial 70 finished with value: 161.06329345703125 and parameters: {'gradient_clip_val': 0.13822129745030226, 'hidden_size': 24, 'dropout': 0.2381587751111648, 'hidden_continuous_size': 14, 'attention_head_size': 3, 'learning_rate': 0.024934301241340485}. Best is trial 52 with value: 138.7638397216797.
LOCAL_RANK: 0 - CUDA_VISIBLE_DEVICES: [0]
[I 2023-11-30 13:10:23,003] Trial 71 finished with value: 152.7415771484375 and parameters: {'gradient_clip_val': 0.10605818489339695, 'hidden_size': 37, 'dropout': 0.24483363758617788, 'hidden_continuous_size': 18, 'attention_head_size': 1, 'learning_rate': 0.03889191916685046}. Best is trial 52 with value: 138.7638397216797.
LOCAL_RANK: 0 - CUDA_VISIBLE_DEVICES: [0]
[I 2023-11-30 13:10:35,353] Trial 72 finished with value: 146.7066192626953 and parameters: {'gradient_clip_val': 0.1161993856383232, 'hidden_size': 31, 'dropout': 0.19423072456196636, 'hidden_continuous_size': 16, 'attention_head_size': 3, 'learning_rate': 0.03503578436228469}. Best is trial 52 with value: 138.7638397216797.
LOCAL_RANK: 0 - CUDA_VISIBLE_DEVICES: [0]
[I 2023-11-30 13:10:47,755] Trial 73 finished with value: 149.9053955078125 and parameters: {'gradient_clip_val': 0.1361384746453797, 'hidden_size': 41, 'dropout': 0.21402804362673328, 'hidden_continuous_size': 15, 'attention_head_size': 1, 'learning_rate': 0.02757463985990815}. Best is trial 52 with value: 138.7638397216797.
LOCAL_RANK: 0 - CUDA_VISIBLE_DEVICES: [0]
