[I 2023-11-30 11:17:59,024] Trial 0 finished with value: 14.150856018066406 and parameters: {'gradient_clip_val': 0.15578277195792675, 'hidden_size': 97, 'dropout': 0.23503327138874727, 'hidden_continuous_size': 23, 'attention_head_size': 2, 'learning_rate': 0.008114774325850062}. Best is trial 0 with value: 14.150856018066406.
LOCAL_RANK: 0 - CUDA_VISIBLE_DEVICES: [0]
[I 2023-11-30 11:18:11,746] Trial 1 finished with value: 15.850387573242188 and parameters: {'gradient_clip_val': 0.1506535083385362, 'hidden_size': 47, 'dropout': 0.3855625516831106, 'hidden_continuous_size': 25, 'attention_head_size': 3, 'learning_rate': 0.05633518399095695}. Best is trial 0 with value: 14.150856018066406.
LOCAL_RANK: 0 - CUDA_VISIBLE_DEVICES: [0]
[I 2023-11-30 11:18:23,745] Trial 2 finished with value: 94.71695709228516 and parameters: {'gradient_clip_val': 0.1611453154019461, 'hidden_size': 17, 'dropout': 0.1013885284706359, 'hidden_continuous_size': 10, 'attention_head_size': 4, 'learning_rate': 0.0011327895902860988}. Best is trial 0 with value: 14.150856018066406.
LOCAL_RANK: 0 - CUDA_VISIBLE_DEVICES: [0]
[I 2023-11-30 11:18:35,625] Trial 3 finished with value: 14.632624626159668 and parameters: {'gradient_clip_val': 0.11954975967522141, 'hidden_size': 22, 'dropout': 0.34624309998746716, 'hidden_continuous_size': 15, 'attention_head_size': 2, 'learning_rate': 0.06764781879261096}. Best is trial 0 with value: 14.150856018066406.
LOCAL_RANK: 0 - CUDA_VISIBLE_DEVICES: [0]
[I 2023-11-30 11:18:49,414] Trial 4 finished with value: 12.619290351867676 and parameters: {'gradient_clip_val': 0.1272999438194241, 'hidden_size': 129, 'dropout': 0.2535481527585213, 'hidden_continuous_size': 17, 'attention_head_size': 1, 'learning_rate': 0.012100930839947432}. Best is trial 4 with value: 12.619290351867676.
LOCAL_RANK: 0 - CUDA_VISIBLE_DEVICES: [0]
[I 2023-11-30 11:19:01,298] Trial 5 finished with value: 79.82213592529297 and parameters: {'gradient_clip_val': 0.3808151859005519, 'hidden_size': 16, 'dropout': 0.36710958971150476, 'hidden_continuous_size': 12, 'attention_head_size': 4, 'learning_rate': 0.0013920224453356314}. Best is trial 4 with value: 12.619290351867676.
LOCAL_RANK: 0 - CUDA_VISIBLE_DEVICES: [0]
[I 2023-11-30 11:19:12,804] Trial 6 finished with value: 77.48859405517578 and parameters: {'gradient_clip_val': 0.32445923218991235, 'hidden_size': 16, 'dropout': 0.31346399648948176, 'hidden_continuous_size': 11, 'attention_head_size': 3, 'learning_rate': 0.0018260693703518664}. Best is trial 4 with value: 12.619290351867676.
LOCAL_RANK: 0 - CUDA_VISIBLE_DEVICES: [0]
[I 2023-11-30 11:19:26,428] Trial 7 finished with value: 20.225534439086914 and parameters: {'gradient_clip_val': 0.48819349327498596, 'hidden_size': 118, 'dropout': 0.2934130192849872, 'hidden_continuous_size': 38, 'attention_head_size': 2, 'learning_rate': 0.005761294272968384}. Best is trial 4 with value: 12.619290351867676.
LOCAL_RANK: 0 - CUDA_VISIBLE_DEVICES: [0]
[I 2023-11-30 11:19:39,431] Trial 8 finished with value: 18.673303604125977 and parameters: {'gradient_clip_val': 0.11559991157516428, 'hidden_size': 65, 'dropout': 0.3812541381757293, 'hidden_continuous_size': 32, 'attention_head_size': 2, 'learning_rate': 0.01173922506339477}. Best is trial 4 with value: 12.619290351867676.
LOCAL_RANK: 0 - CUDA_VISIBLE_DEVICES: [0]
[I 2023-11-30 11:19:51,952] Trial 9 finished with value: 51.20981216430664 and parameters: {'gradient_clip_val': 0.6776909739306851, 'hidden_size': 31, 'dropout': 0.32483292246264106, 'hidden_continuous_size': 17, 'attention_head_size': 4, 'learning_rate': 0.0023613318908405393}. Best is trial 4 with value: 12.619290351867676.
LOCAL_RANK: 0 - CUDA_VISIBLE_DEVICES: [0]
[I 2023-11-30 11:20:06,192] Trial 10 finished with value: 14.864850044250488 and parameters: {'gradient_clip_val': 0.22684857058190747, 'hidden_size': 149, 'dropout': 0.2385205309549816, 'hidden_continuous_size': 67, 'attention_head_size': 1, 'learning_rate': 0.024965607746669238}. Best is trial 4 with value: 12.619290351867676.
LOCAL_RANK: 0 - CUDA_VISIBLE_DEVICES: [0]
[I 2023-11-30 11:20:19,310] Trial 11 finished with value: 20.655731201171875 and parameters: {'gradient_clip_val': 0.19909434688893846, 'hidden_size': 93, 'dropout': 0.23403812588431178, 'hidden_continuous_size': 22, 'attention_head_size': 1, 'learning_rate': 0.00800693680562787}. Best is trial 4 with value: 12.619290351867676.
LOCAL_RANK: 0 - CUDA_VISIBLE_DEVICES: [0]
[I 2023-11-30 11:20:32,396] Trial 12 finished with value: 15.359870910644531 and parameters: {'gradient_clip_val': 0.10123035118673653, 'hidden_size': 77, 'dropout': 0.20320106219956294, 'hidden_continuous_size': 19, 'attention_head_size': 1, 'learning_rate': 0.014197328529966217}. Best is trial 4 with value: 12.619290351867676.
LOCAL_RANK: 0 - CUDA_VISIBLE_DEVICES: [0]
[I 2023-11-30 11:20:46,316] Trial 13 finished with value: 19.84055519104004 and parameters: {'gradient_clip_val': 0.2377544069018674, 'hidden_size': 149, 'dropout': 0.2690289794545501, 'hidden_continuous_size': 46, 'attention_head_size': 1, 'learning_rate': 0.004713205134693142}. Best is trial 4 with value: 12.619290351867676.
LOCAL_RANK: 0 - CUDA_VISIBLE_DEVICES: [0]
[I 2023-11-30 11:20:59,687] Trial 14 finished with value: 17.652048110961914 and parameters: {'gradient_clip_val': 0.169108007668346, 'hidden_size': 88, 'dropout': 0.20487355001616975, 'hidden_continuous_size': 26, 'attention_head_size': 2, 'learning_rate': 0.021610995995808038}. Best is trial 4 with value: 12.619290351867676.
LOCAL_RANK: 0 - CUDA_VISIBLE_DEVICES: [0]
[I 2023-11-30 11:21:09,811] Trial 15 finished with value: 81.72107696533203 and parameters: {'gradient_clip_val': 0.25249083229051955, 'hidden_size': 10, 'dropout': 0.27913394276188885, 'hidden_continuous_size': 10, 'attention_head_size': 3, 'learning_rate': 0.003523944026218999}. Best is trial 4 with value: 12.619290351867676.
LOCAL_RANK: 0 - CUDA_VISIBLE_DEVICES: [0]
[I 2023-11-30 11:21:22,545] Trial 16 finished with value: 17.043670654296875 and parameters: {'gradient_clip_val': 0.1413955474999133, 'hidden_size': 63, 'dropout': 0.18427167964235883, 'hidden_continuous_size': 14, 'attention_head_size': 1, 'learning_rate': 0.008059356370148147}. Best is trial 4 with value: 12.619290351867676.
LOCAL_RANK: 0 - CUDA_VISIBLE_DEVICES: [0]
[I 2023-11-30 11:21:36,593] Trial 17 finished with value: 22.322595596313477 and parameters: {'gradient_clip_val': 0.10351484264006905, 'hidden_size': 109, 'dropout': 0.26152877144444636, 'hidden_continuous_size': 108, 'attention_head_size': 2, 'learning_rate': 0.0032983036628770543}. Best is trial 4 with value: 12.619290351867676.
LOCAL_RANK: 0 - CUDA_VISIBLE_DEVICES: [0]
[I 2023-11-30 11:21:49,247] Trial 18 finished with value: 19.338336944580078 and parameters: {'gradient_clip_val': 0.18297062328654992, 'hidden_size': 59, 'dropout': 0.30128443140882816, 'hidden_continuous_size': 20, 'attention_head_size': 1, 'learning_rate': 0.01554940529145163}. Best is trial 4 with value: 12.619290351867676.
LOCAL_RANK: 0 - CUDA_VISIBLE_DEVICES: [0]
[I 2023-11-30 11:22:02,686] Trial 19 finished with value: 20.41820526123047 and parameters: {'gradient_clip_val': 0.12724323381355648, 'hidden_size': 117, 'dropout': 0.34028028723413273, 'hidden_continuous_size': 14, 'attention_head_size': 2, 'learning_rate': 0.031138951595018866}. Best is trial 4 with value: 12.619290351867676.
LOCAL_RANK: 0 - CUDA_VISIBLE_DEVICES: [0]
[I 2023-11-30 11:22:15,412] Trial 20 finished with value: 26.145376205444336 and parameters: {'gradient_clip_val': 0.139408462978287, 'hidden_size': 42, 'dropout': 0.24226871949201653, 'hidden_continuous_size': 17, 'attention_head_size': 3, 'learning_rate': 0.008823425454129107}. Best is trial 4 with value: 12.619290351867676.
LOCAL_RANK: 0 - CUDA_VISIBLE_DEVICES: [0]
[I 2023-11-30 11:22:27,652] Trial 21 finished with value: 17.326353073120117 and parameters: {'gradient_clip_val': 0.12342037110092098, 'hidden_size': 31, 'dropout': 0.2884565369680456, 'hidden_continuous_size': 15, 'attention_head_size': 2, 'learning_rate': 0.09444937726497916}. Best is trial 4 with value: 12.619290351867676.
LOCAL_RANK: 0 - CUDA_VISIBLE_DEVICES: [0]
[I 2023-11-30 11:22:40,791] Trial 22 finished with value: 16.124771118164062 and parameters: {'gradient_clip_val': 0.12418385183716232, 'hidden_size': 83, 'dropout': 0.34677475464081475, 'hidden_continuous_size': 21, 'attention_head_size': 2, 'learning_rate': 0.03434620151877931}. Best is trial 4 with value: 12.619290351867676.
LOCAL_RANK: 0 - CUDA_VISIBLE_DEVICES: [0]
[I 2023-11-30 11:22:54,288] Trial 23 finished with value: 14.632506370544434 and parameters: {'gradient_clip_val': 0.1812958415607392, 'hidden_size': 113, 'dropout': 0.3454601215117982, 'hidden_continuous_size': 15, 'attention_head_size': 2, 'learning_rate': 0.047789014529890136}. Best is trial 4 with value: 12.619290351867676.
LOCAL_RANK: 0 - CUDA_VISIBLE_DEVICES: [0]
[I 2023-11-30 11:23:07,806] Trial 24 finished with value: 17.62543487548828 and parameters: {'gradient_clip_val': 0.19582473327167818, 'hidden_size': 118, 'dropout': 0.3900720131648249, 'hidden_continuous_size': 26, 'attention_head_size': 1, 'learning_rate': 0.016663491016644008}. Best is trial 4 with value: 12.619290351867676.
LOCAL_RANK: 0 - CUDA_VISIBLE_DEVICES: [0]
[I 2023-11-30 11:23:21,156] Trial 25 finished with value: 17.32069206237793 and parameters: {'gradient_clip_val': 0.1573187792974127, 'hidden_size': 100, 'dropout': 0.32288298131877863, 'hidden_continuous_size': 12, 'attention_head_size': 3, 'learning_rate': 0.011037468844488373}. Best is trial 4 with value: 12.619290351867676.
LOCAL_RANK: 0 - CUDA_VISIBLE_DEVICES: [0]
[I 2023-11-30 11:23:35,095] Trial 26 finished with value: 25.042037963867188 and parameters: {'gradient_clip_val': 0.18899186779077917, 'hidden_size': 145, 'dropout': 0.2602467761069356, 'hidden_continuous_size': 18, 'attention_head_size': 2, 'learning_rate': 0.0057925059734811836}. Best is trial 4 with value: 12.619290351867676.
LOCAL_RANK: 0 - CUDA_VISIBLE_DEVICES: [0]
[I 2023-11-30 11:23:48,057] Trial 27 finished with value: 13.9789457321167 and parameters: {'gradient_clip_val': 0.1539012297215034, 'hidden_size': 76, 'dropout': 0.3041740671433092, 'hidden_continuous_size': 22, 'attention_head_size': 1, 'learning_rate': 0.0408197250833167}. Best is trial 4 with value: 12.619290351867676.
LOCAL_RANK: 0 - CUDA_VISIBLE_DEVICES: [0]
[I 2023-11-30 11:24:00,983] Trial 28 finished with value: 19.468097686767578 and parameters: {'gradient_clip_val': 0.10190631933132256, 'hidden_size': 74, 'dropout': 0.27799535132532394, 'hidden_continuous_size': 20, 'attention_head_size': 1, 'learning_rate': 0.020502513564196932}. Best is trial 4 with value: 12.619290351867676.
LOCAL_RANK: 0 - CUDA_VISIBLE_DEVICES: [0]
[I 2023-11-30 11:24:13,640] Trial 29 finished with value: 17.54964256286621 and parameters: {'gradient_clip_val': 0.15271889760754132, 'hidden_size': 50, 'dropout': 0.2967266012084968, 'hidden_continuous_size': 22, 'attention_head_size': 1, 'learning_rate': 0.04546052967877777}. Best is trial 4 with value: 12.619290351867676.
LOCAL_RANK: 0 - CUDA_VISIBLE_DEVICES: [0]
[I 2023-11-30 11:24:26,862] Trial 30 finished with value: 18.251169204711914 and parameters: {'gradient_clip_val': 0.1405785893363531, 'hidden_size': 72, 'dropout': 0.2542568647122178, 'hidden_continuous_size': 29, 'attention_head_size': 1, 'learning_rate': 0.012019635967228218}. Best is trial 4 with value: 12.619290351867676.
LOCAL_RANK: 0 - CUDA_VISIBLE_DEVICES: [0]
[I 2023-11-30 11:24:40,200] Trial 31 finished with value: 13.04699993133545 and parameters: {'gradient_clip_val': 0.1736503537247765, 'hidden_size': 98, 'dropout': 0.30892878260257506, 'hidden_continuous_size': 24, 'attention_head_size': 2, 'learning_rate': 0.060685472913575914}. Best is trial 4 with value: 12.619290351867676.
LOCAL_RANK: 0 - CUDA_VISIBLE_DEVICES: [0]
[I 2023-11-30 11:24:53,324] Trial 32 finished with value: 14.469216346740723 and parameters: {'gradient_clip_val': 0.15789767835925117, 'hidden_size': 89, 'dropout': 0.3025105131835872, 'hidden_continuous_size': 24, 'attention_head_size': 1, 'learning_rate': 0.07250820469724643}. Best is trial 4 with value: 12.619290351867676.
LOCAL_RANK: 0 - CUDA_VISIBLE_DEVICES: [0]
[I 2023-11-30 11:25:06,432] Trial 33 finished with value: 13.364588737487793 and parameters: {'gradient_clip_val': 0.20995328429688218, 'hidden_size': 100, 'dropout': 0.27698155458635887, 'hidden_continuous_size': 24, 'attention_head_size': 2, 'learning_rate': 0.03407654818086573}. Best is trial 4 with value: 12.619290351867676.
LOCAL_RANK: 0 - CUDA_VISIBLE_DEVICES: [0]
[I 2023-11-30 11:25:19,735] Trial 34 finished with value: 13.985697746276855 and parameters: {'gradient_clip_val': 0.21435389641990585, 'hidden_size': 95, 'dropout': 0.31312638193379844, 'hidden_continuous_size': 24, 'attention_head_size': 2, 'learning_rate': 0.037355370867381825}. Best is trial 4 with value: 12.619290351867676.
LOCAL_RANK: 0 - CUDA_VISIBLE_DEVICES: [0]
[I 2023-11-30 11:25:33,461] Trial 35 finished with value: 15.10107707977295 and parameters: {'gradient_clip_val': 0.1680064065587498, 'hidden_size': 132, 'dropout': 0.27935363084038717, 'hidden_continuous_size': 30, 'attention_head_size': 1, 'learning_rate': 0.056267773729670865}. Best is trial 4 with value: 12.619290351867676.
LOCAL_RANK: 0 - CUDA_VISIBLE_DEVICES: [0]
[I 2023-11-30 11:25:47,342] Trial 36 finished with value: 20.340085983276367 and parameters: {'gradient_clip_val': 0.24621832043702568, 'hidden_size': 129, 'dropout': 0.36244993503380407, 'hidden_continuous_size': 36, 'attention_head_size': 3, 'learning_rate': 0.03063887480171752}. Best is trial 4 with value: 12.619290351867676.
LOCAL_RANK: 0 - CUDA_VISIBLE_DEVICES: [0]
[I 2023-11-30 11:26:00,779] Trial 37 finished with value: 14.743788719177246 and parameters: {'gradient_clip_val': 0.268735537107278, 'hidden_size': 102, 'dropout': 0.32777379847798926, 'hidden_continuous_size': 27, 'attention_head_size': 2, 'learning_rate': 0.07067872577250402}. Best is trial 4 with value: 12.619290351867676.
LOCAL_RANK: 0 - CUDA_VISIBLE_DEVICES: [0]
[I 2023-11-30 11:26:13,549] Trial 38 finished with value: 16.88746452331543 and parameters: {'gradient_clip_val': 0.2143401743553336, 'hidden_size': 56, 'dropout': 0.3075617682518545, 'hidden_continuous_size': 23, 'attention_head_size': 3, 'learning_rate': 0.03968276866232084}. Best is trial 4 with value: 12.619290351867676.
LOCAL_RANK: 0 - CUDA_VISIBLE_DEVICES: [0]
[I 2023-11-30 11:26:26,698] Trial 39 finished with value: 15.997729301452637 and parameters: {'gradient_clip_val': 0.13917100810029806, 'hidden_size': 81, 'dropout': 0.29274405351189986, 'hidden_continuous_size': 17, 'attention_head_size': 2, 'learning_rate': 0.05392810300778982}. Best is trial 4 with value: 12.619290351867676.
LOCAL_RANK: 0 - CUDA_VISIBLE_DEVICES: [0]
[I 2023-11-30 11:26:40,049] Trial 40 finished with value: 17.024368286132812 and parameters: {'gradient_clip_val': 0.29557391645767767, 'hidden_size': 66, 'dropout': 0.2728816356216055, 'hidden_continuous_size': 21, 'attention_head_size': 4, 'learning_rate': 0.027919064679859742}. Best is trial 4 with value: 12.619290351867676.
LOCAL_RANK: 0 - CUDA_VISIBLE_DEVICES: [0]
[I 2023-11-30 11:26:53,406] Trial 41 finished with value: 18.752609252929688 and parameters: {'gradient_clip_val': 0.21066213849675922, 'hidden_size': 101, 'dropout': 0.3126004717755, 'hidden_continuous_size': 25, 'attention_head_size': 2, 'learning_rate': 0.037932710483424364}. Best is trial 4 with value: 12.619290351867676.
LOCAL_RANK: 0 - CUDA_VISIBLE_DEVICES: [0]
[I 2023-11-30 11:27:06,697] Trial 42 finished with value: 13.016510963439941 and parameters: {'gradient_clip_val': 0.17217908480897548, 'hidden_size': 94, 'dropout': 0.31635944384231063, 'hidden_continuous_size': 23, 'attention_head_size': 2, 'learning_rate': 0.04096615391361522}. Best is trial 4 with value: 12.619290351867676.
LOCAL_RANK: 0 - CUDA_VISIBLE_DEVICES: [0]
[I 2023-11-30 11:27:20,335] Trial 43 finished with value: 18.201494216918945 and parameters: {'gradient_clip_val': 0.17333877706331585, 'hidden_size': 129, 'dropout': 0.3305788870897839, 'hidden_continuous_size': 31, 'attention_head_size': 2, 'learning_rate': 0.02360731030221443}. Best is trial 4 with value: 12.619290351867676.
LOCAL_RANK: 0 - CUDA_VISIBLE_DEVICES: [0]
[I 2023-11-30 11:27:33,591] Trial 44 finished with value: 21.001310348510742 and parameters: {'gradient_clip_val': 0.1941789890336795, 'hidden_size': 86, 'dropout': 0.28806944053906297, 'hidden_continuous_size': 23, 'attention_head_size': 1, 'learning_rate': 0.04401580042186409}. Best is trial 4 with value: 12.619290351867676.
LOCAL_RANK: 0 - CUDA_VISIBLE_DEVICES: [0]
[I 2023-11-30 11:27:47,033] Trial 45 finished with value: 18.35108184814453 and parameters: {'gradient_clip_val': 0.11424152403877369, 'hidden_size': 71, 'dropout': 0.31525280106103915, 'hidden_continuous_size': 18, 'attention_head_size': 2, 'learning_rate': 0.06111575098196281}. Best is trial 4 with value: 12.619290351867676.
LOCAL_RANK: 0 - CUDA_VISIBLE_DEVICES: [0]
[I 2023-11-30 11:28:00,289] Trial 46 finished with value: 19.81319236755371 and parameters: {'gradient_clip_val': 0.16545675541430305, 'hidden_size': 105, 'dropout': 0.2502013997044856, 'hidden_continuous_size': 19, 'attention_head_size': 1, 'learning_rate': 0.027391471953607936}. Best is trial 4 with value: 12.619290351867676.
LOCAL_RANK: 0 - CUDA_VISIBLE_DEVICES: [0]
[I 2023-11-30 11:28:13,488] Trial 47 finished with value: 14.182713508605957 and parameters: {'gradient_clip_val': 0.14676546952010952, 'hidden_size': 80, 'dropout': 0.26849353764434775, 'hidden_continuous_size': 28, 'attention_head_size': 3, 'learning_rate': 0.019545171084148154}. Best is trial 4 with value: 12.619290351867676.
LOCAL_RANK: 0 - CUDA_VISIBLE_DEVICES: [0]
[I 2023-11-30 11:28:26,794] Trial 48 finished with value: 17.9491024017334 and parameters: {'gradient_clip_val': 0.21682290941548188, 'hidden_size': 91, 'dropout': 0.2877137596821354, 'hidden_continuous_size': 26, 'attention_head_size': 2, 'learning_rate': 0.0891854246813032}. Best is trial 4 with value: 12.619290351867676.
LOCAL_RANK: 0 - CUDA_VISIBLE_DEVICES: [0]
[I 2023-11-30 11:28:40,424] Trial 49 finished with value: 16.052412033081055 and parameters: {'gradient_clip_val': 0.17700422564558005, 'hidden_size': 111, 'dropout': 0.36826863345516747, 'hidden_continuous_size': 33, 'attention_head_size': 1, 'learning_rate': 0.03355533688976811}. Best is trial 4 with value: 12.619290351867676.
LOCAL_RANK: 0 - CUDA_VISIBLE_DEVICES: [0]
[I 2023-11-30 11:28:54,311] Trial 50 finished with value: 17.412466049194336 and parameters: {'gradient_clip_val': 0.1324644379119139, 'hidden_size': 132, 'dropout': 0.2999618117123679, 'hidden_continuous_size': 40, 'attention_head_size': 2, 'learning_rate': 0.026653462729240903}. Best is trial 4 with value: 12.619290351867676.
LOCAL_RANK: 0 - CUDA_VISIBLE_DEVICES: [0]
[I 2023-11-30 11:29:07,605] Trial 51 finished with value: 23.131423950195312 and parameters: {'gradient_clip_val': 0.22218816777533218, 'hidden_size': 92, 'dropout': 0.33453438848858585, 'hidden_continuous_size': 24, 'attention_head_size': 2, 'learning_rate': 0.03974272436551877}. Best is trial 4 with value: 12.619290351867676.
LOCAL_RANK: 0 - CUDA_VISIBLE_DEVICES: [0]
[I 2023-11-30 11:29:20,955] Trial 52 finished with value: 18.292463302612305 and parameters: {'gradient_clip_val': 0.2053260670563621, 'hidden_size': 97, 'dropout': 0.3163236991918497, 'hidden_continuous_size': 22, 'attention_head_size': 2, 'learning_rate': 0.05160975817125812}. Best is trial 4 with value: 12.619290351867676.
LOCAL_RANK: 0 - CUDA_VISIBLE_DEVICES: [0]
[I 2023-11-30 11:29:34,305] Trial 53 finished with value: 14.08182430267334 and parameters: {'gradient_clip_val': 0.15525360790090878, 'hidden_size': 95, 'dropout': 0.315924470405055, 'hidden_continuous_size': 24, 'attention_head_size': 2, 'learning_rate': 0.06528578508206505}. Best is trial 4 with value: 12.619290351867676.
LOCAL_RANK: 0 - CUDA_VISIBLE_DEVICES: [0]
[I 2023-11-30 11:29:47,593] Trial 54 finished with value: 15.205899238586426 and parameters: {'gradient_clip_val': 0.23348005139777003, 'hidden_size': 79, 'dropout': 0.3070597251625695, 'hidden_continuous_size': 28, 'attention_head_size': 2, 'learning_rate': 0.03771757133348296}. Best is trial 4 with value: 12.619290351867676.
LOCAL_RANK: 0 - CUDA_VISIBLE_DEVICES: [0]
[I 2023-11-30 11:30:01,458] Trial 55 finished with value: 20.403789520263672 and parameters: {'gradient_clip_val': 0.18486816628802322, 'hidden_size': 117, 'dropout': 0.32300477741167316, 'hidden_continuous_size': 20, 'attention_head_size': 3, 'learning_rate': 0.04633413787916044}. Best is trial 4 with value: 12.619290351867676.
LOCAL_RANK: 0 - CUDA_VISIBLE_DEVICES: [0]
[I 2023-11-30 11:30:14,582] Trial 56 finished with value: 16.01300048828125 and parameters: {'gradient_clip_val': 0.11579733435715528, 'hidden_size': 66, 'dropout': 0.23160085509853068, 'hidden_continuous_size': 25, 'attention_head_size': 1, 'learning_rate': 0.023858941965201188}. Best is trial 4 with value: 12.619290351867676.
LOCAL_RANK: 0 - CUDA_VISIBLE_DEVICES: [0]
[I 2023-11-30 11:30:27,782] Trial 57 finished with value: 16.265064239501953 and parameters: {'gradient_clip_val': 0.13195096482214125, 'hidden_size': 108, 'dropout': 0.2859610437707573, 'hidden_continuous_size': 16, 'attention_head_size': 2, 'learning_rate': 0.03172994460479677}. Best is trial 4 with value: 12.619290351867676.
LOCAL_RANK: 0 - CUDA_VISIBLE_DEVICES: [0]
[I 2023-11-30 11:30:41,055] Trial 58 finished with value: 11.961455345153809 and parameters: {'gradient_clip_val': 0.1650204010756301, 'hidden_size': 83, 'dropout': 0.3399281313609065, 'hidden_continuous_size': 22, 'attention_head_size': 2, 'learning_rate': 0.08026757505964956}. Best is trial 58 with value: 11.961455345153809.
LOCAL_RANK: 0 - CUDA_VISIBLE_DEVICES: [0]
