[I 2023-11-30 14:25:33,777] Trial 78 finished with value: 189.4324951171875 and parameters: {'gradient_clip_val': 0.5779562056554989, 'hidden_size': 127, 'dropout': 0.13433922030610881, 'hidden_continuous_size': 21, 'attention_head_size': 1, 'learning_rate': 0.014279331564448673}. Best is trial 73 with value: 155.01504516601562.
LOCAL_RANK: 0 - CUDA_VISIBLE_DEVICES: [0]
[I 2023-11-30 14:25:48,469] Trial 79 finished with value: 213.4405059814453 and parameters: {'gradient_clip_val': 0.7559893123719853, 'hidden_size': 112, 'dropout': 0.158631114801857, 'hidden_continuous_size': 27, 'attention_head_size': 1, 'learning_rate': 0.009280713699136078}. Best is trial 73 with value: 155.01504516601562.
LOCAL_RANK: 0 - CUDA_VISIBLE_DEVICES: [0]
[I 2023-11-30 14:26:03,894] Trial 80 finished with value: 168.66465759277344 and parameters: {'gradient_clip_val': 0.6389228112269898, 'hidden_size': 141, 'dropout': 0.12093606822959058, 'hidden_continuous_size': 23, 'attention_head_size': 1, 'learning_rate': 0.007483108096326122}. Best is trial 73 with value: 155.01504516601562.
LOCAL_RANK: 0 - CUDA_VISIBLE_DEVICES: [0]
[I 2023-11-30 14:26:19,719] Trial 81 finished with value: 189.6140594482422 and parameters: {'gradient_clip_val': 0.6507824513192355, 'hidden_size': 150, 'dropout': 0.12376005677975785, 'hidden_continuous_size': 23, 'attention_head_size': 1, 'learning_rate': 0.008534873318487776}. Best is trial 73 with value: 155.01504516601562.
LOCAL_RANK: 0 - CUDA_VISIBLE_DEVICES: [0]
[I 2023-11-30 14:26:35,366] Trial 82 finished with value: 179.50917053222656 and parameters: {'gradient_clip_val': 0.6948830070951159, 'hidden_size': 127, 'dropout': 0.11757581852650298, 'hidden_continuous_size': 24, 'attention_head_size': 1, 'learning_rate': 0.007548354338272546}. Best is trial 73 with value: 155.01504516601562.
LOCAL_RANK: 0 - CUDA_VISIBLE_DEVICES: [0]
[I 2023-11-30 14:26:50,716] Trial 83 finished with value: 183.3278350830078 and parameters: {'gradient_clip_val': 0.5907124011824793, 'hidden_size': 116, 'dropout': 0.10614061551516135, 'hidden_continuous_size': 26, 'attention_head_size': 1, 'learning_rate': 0.004329278102184924}. Best is trial 73 with value: 155.01504516601562.
LOCAL_RANK: 0 - CUDA_VISIBLE_DEVICES: [0]
[I 2023-11-30 14:27:06,152] Trial 84 finished with value: 171.9599609375 and parameters: {'gradient_clip_val': 0.6321501695199465, 'hidden_size': 139, 'dropout': 0.14339420061499256, 'hidden_continuous_size': 20, 'attention_head_size': 1, 'learning_rate': 0.006148401518050309}. Best is trial 73 with value: 155.01504516601562.
LOCAL_RANK: 0 - CUDA_VISIBLE_DEVICES: [0]
[I 2023-11-30 14:27:21,377] Trial 85 finished with value: 173.0595703125 and parameters: {'gradient_clip_val': 0.8976159433358629, 'hidden_size': 139, 'dropout': 0.13185778672052023, 'hidden_continuous_size': 28, 'attention_head_size': 1, 'learning_rate': 0.01065598051231065}. Best is trial 73 with value: 155.01504516601562.
LOCAL_RANK: 0 - CUDA_VISIBLE_DEVICES: [0]
[I 2023-11-30 14:27:36,237] Trial 86 finished with value: 167.85504150390625 and parameters: {'gradient_clip_val': 0.5028795987347373, 'hidden_size': 125, 'dropout': 0.11070993326772822, 'hidden_continuous_size': 18, 'attention_head_size': 1, 'learning_rate': 0.007127198653866051}. Best is trial 73 with value: 155.01504516601562.
LOCAL_RANK: 0 - CUDA_VISIBLE_DEVICES: [0]
[I 2023-11-30 14:27:51,023] Trial 87 finished with value: 181.25689697265625 and parameters: {'gradient_clip_val': 0.7174299425283462, 'hidden_size': 107, 'dropout': 0.10750863968306379, 'hidden_continuous_size': 18, 'attention_head_size': 1, 'learning_rate': 0.007013737213533532}. Best is trial 73 with value: 155.01504516601562.
LOCAL_RANK: 0 - CUDA_VISIBLE_DEVICES: [0]
[I 2023-11-30 14:28:05,852] Trial 88 finished with value: 282.3601379394531 and parameters: {'gradient_clip_val': 0.8118350175242126, 'hidden_size': 123, 'dropout': 0.1261068529965373, 'hidden_continuous_size': 16, 'attention_head_size': 1, 'learning_rate': 0.004745599307067066}. Best is trial 73 with value: 155.01504516601562.
LOCAL_RANK: 0 - CUDA_VISIBLE_DEVICES: [0]
[I 2023-11-30 14:28:20,070] Trial 89 finished with value: 182.9879913330078 and parameters: {'gradient_clip_val': 0.6039550609393579, 'hidden_size': 96, 'dropout': 0.10105065005364856, 'hidden_continuous_size': 21, 'attention_head_size': 1, 'learning_rate': 0.0036783759421620582}. Best is trial 73 with value: 155.01504516601562.
LOCAL_RANK: 0 - CUDA_VISIBLE_DEVICES: [0]
[I 2023-11-30 14:28:35,725] Trial 90 finished with value: 200.104736328125 and parameters: {'gradient_clip_val': 0.6717547855470665, 'hidden_size': 130, 'dropout': 0.14797530107277493, 'hidden_continuous_size': 19, 'attention_head_size': 1, 'learning_rate': 0.007662330441989086}. Best is trial 73 with value: 155.01504516601562.
LOCAL_RANK: 0 - CUDA_VISIBLE_DEVICES: [0]
[I 2023-11-30 14:28:50,831] Trial 91 finished with value: 212.5769500732422 and parameters: {'gradient_clip_val': 0.5082052175041408, 'hidden_size': 142, 'dropout': 0.11595119686498903, 'hidden_continuous_size': 23, 'attention_head_size': 1, 'learning_rate': 0.012947034740404777}. Best is trial 73 with value: 155.01504516601562.
LOCAL_RANK: 0 - CUDA_VISIBLE_DEVICES: [0]
[I 2023-11-30 14:29:05,697] Trial 92 finished with value: 199.12339782714844 and parameters: {'gradient_clip_val': 0.5528550850716013, 'hidden_size': 128, 'dropout': 0.1087846849952443, 'hidden_continuous_size': 30, 'attention_head_size': 1, 'learning_rate': 0.009375390155617145}. Best is trial 73 with value: 155.01504516601562.
LOCAL_RANK: 0 - CUDA_VISIBLE_DEVICES: [0]
[I 2023-11-30 14:29:20,466] Trial 93 finished with value: 185.020751953125 and parameters: {'gradient_clip_val': 0.5522107250136008, 'hidden_size': 116, 'dropout': 0.13682522392677493, 'hidden_continuous_size': 24, 'attention_head_size': 1, 'learning_rate': 0.010419388292194192}. Best is trial 73 with value: 155.01504516601562.
LOCAL_RANK: 0 - CUDA_VISIBLE_DEVICES: [0]
[I 2023-11-30 14:29:36,081] Trial 94 finished with value: 176.4008331298828 and parameters: {'gradient_clip_val': 0.46613287625683825, 'hidden_size': 142, 'dropout': 0.12047983921077557, 'hidden_continuous_size': 34, 'attention_head_size': 1, 'learning_rate': 0.00586363088253025}. Best is trial 73 with value: 155.01504516601562.
LOCAL_RANK: 0 - CUDA_VISIBLE_DEVICES: [0]
[I 2023-11-30 14:29:51,177] Trial 95 finished with value: 169.25274658203125 and parameters: {'gradient_clip_val': 0.5962493731428362, 'hidden_size': 105, 'dropout': 0.11157978821032205, 'hidden_continuous_size': 21, 'attention_head_size': 1, 'learning_rate': 0.008296445073731758}. Best is trial 73 with value: 155.01504516601562.
LOCAL_RANK: 0 - CUDA_VISIBLE_DEVICES: [0]
[I 2023-11-30 14:30:05,969] Trial 96 finished with value: 179.7799530029297 and parameters: {'gradient_clip_val': 0.7445745384581727, 'hidden_size': 106, 'dropout': 0.1272972255058713, 'hidden_continuous_size': 18, 'attention_head_size': 1, 'learning_rate': 0.008236999026594617}. Best is trial 73 with value: 155.01504516601562.
LOCAL_RANK: 0 - CUDA_VISIBLE_DEVICES: [0]
[I 2023-11-30 14:30:20,968] Trial 97 finished with value: 199.1894073486328 and parameters: {'gradient_clip_val': 0.6351653635469975, 'hidden_size': 117, 'dropout': 0.10704813403275604, 'hidden_continuous_size': 20, 'attention_head_size': 1, 'learning_rate': 0.005475949306096214}. Best is trial 73 with value: 155.01504516601562.
LOCAL_RANK: 0 - CUDA_VISIBLE_DEVICES: [0]
[I 2023-11-30 14:30:36,297] Trial 98 finished with value: 201.58030700683594 and parameters: {'gradient_clip_val': 0.6009219078253492, 'hidden_size': 132, 'dropout': 0.11339109371023867, 'hidden_continuous_size': 21, 'attention_head_size': 1, 'learning_rate': 0.00669929037031521}. Best is trial 73 with value: 155.01504516601562.
LOCAL_RANK: 0 - CUDA_VISIBLE_DEVICES: [0]
[I 2023-11-30 14:30:50,780] Trial 99 finished with value: 172.8827667236328 and parameters: {'gradient_clip_val': 0.6676954412815974, 'hidden_size': 110, 'dropout': 0.13862137983748626, 'hidden_continuous_size': 22, 'attention_head_size': 1, 'learning_rate': 0.007199357704680754}. Best is trial 73 with value: 155.01504516601562.
LOCAL_RANK: 0 - CUDA_VISIBLE_DEVICES: [0]
[I 2023-11-30 14:31:05,641] Trial 100 finished with value: 178.24725341796875 and parameters: {'gradient_clip_val': 0.497480674706414, 'hidden_size': 100, 'dropout': 0.1226691995727858, 'hidden_continuous_size': 26, 'attention_head_size': 1, 'learning_rate': 0.009015825804463229}. Best is trial 73 with value: 155.01504516601562.
LOCAL_RANK: 0 - CUDA_VISIBLE_DEVICES: [0]
[I 2023-11-30 14:31:21,985] Trial 101 finished with value: 194.48631286621094 and parameters: {'gradient_clip_val': 0.5286017409869425, 'hidden_size': 150, 'dropout': 0.11336361485153316, 'hidden_continuous_size': 36, 'attention_head_size': 2, 'learning_rate': 0.011575209927860338}. Best is trial 73 with value: 155.01504516601562.
LOCAL_RANK: 0 - CUDA_VISIBLE_DEVICES: [0]
[I 2023-11-30 14:31:37,506] Trial 102 finished with value: 188.6157989501953 and parameters: {'gradient_clip_val': 0.5856614168336471, 'hidden_size': 134, 'dropout': 0.10591136103666873, 'hidden_continuous_size': 17, 'attention_head_size': 1, 'learning_rate': 0.010184731709754742}. Best is trial 73 with value: 155.01504516601562.
LOCAL_RANK: 0 - CUDA_VISIBLE_DEVICES: [0]
[I 2023-11-30 14:31:53,556] Trial 103 finished with value: 237.3009033203125 and parameters: {'gradient_clip_val': 0.6232453240898438, 'hidden_size': 124, 'dropout': 0.13046257426383057, 'hidden_continuous_size': 13, 'attention_head_size': 1, 'learning_rate': 0.01595386938459743}. Best is trial 73 with value: 155.01504516601562.
LOCAL_RANK: 0 - CUDA_VISIBLE_DEVICES: [0]
[I 2023-11-30 14:32:08,981] Trial 104 finished with value: 308.8484802246094 and parameters: {'gradient_clip_val': 0.4800703572098655, 'hidden_size': 141, 'dropout': 0.11818450780983816, 'hidden_continuous_size': 32, 'attention_head_size': 2, 'learning_rate': 0.012505431624435064}. Best is trial 73 with value: 155.01504516601562.
LOCAL_RANK: 0 - CUDA_VISIBLE_DEVICES: [0]
[I 2023-11-30 14:32:24,780] Trial 105 finished with value: 194.42449951171875 and parameters: {'gradient_clip_val': 0.5658468722228471, 'hidden_size': 120, 'dropout': 0.10204028938218308, 'hidden_continuous_size': 22, 'attention_head_size': 1, 'learning_rate': 0.007868171722013349}. Best is trial 73 with value: 155.01504516601562.
LOCAL_RANK: 0 - CUDA_VISIBLE_DEVICES: [0]
[I 2023-11-30 14:32:40,827] Trial 106 finished with value: 185.68121337890625 and parameters: {'gradient_clip_val': 0.5202393687663741, 'hidden_size': 127, 'dropout': 0.11185275220382486, 'hidden_continuous_size': 15, 'attention_head_size': 1, 'learning_rate': 0.008688575635244604}. Best is trial 73 with value: 155.01504516601562.
LOCAL_RANK: 0 - CUDA_VISIBLE_DEVICES: [0]
[I 2023-11-30 14:32:55,649] Trial 107 finished with value: 192.87078857421875 and parameters: {'gradient_clip_val': 0.688159303577732, 'hidden_size': 144, 'dropout': 0.12137510801319584, 'hidden_continuous_size': 18, 'attention_head_size': 2, 'learning_rate': 0.006360667490130484}. Best is trial 73 with value: 155.01504516601562.
LOCAL_RANK: 0 - CUDA_VISIBLE_DEVICES: [0]
[I 2023-11-30 14:33:10,587] Trial 108 finished with value: 244.7462921142578 and parameters: {'gradient_clip_val': 0.723838785975235, 'hidden_size': 134, 'dropout': 0.13414126110301122, 'hidden_continuous_size': 24, 'attention_head_size': 1, 'learning_rate': 0.013731847049673339}. Best is trial 73 with value: 155.01504516601562.
LOCAL_RANK: 0 - CUDA_VISIBLE_DEVICES: [0]
[I 2023-11-30 14:33:25,331] Trial 109 finished with value: 253.059326171875 and parameters: {'gradient_clip_val': 0.5416682870511867, 'hidden_size': 113, 'dropout': 0.113086614477119, 'hidden_continuous_size': 27, 'attention_head_size': 1, 'learning_rate': 0.004998435872396352}. Best is trial 73 with value: 155.01504516601562.
LOCAL_RANK: 0 - CUDA_VISIBLE_DEVICES: [0]
[I 2023-11-30 14:33:39,199] Trial 110 finished with value: 179.55113220214844 and parameters: {'gradient_clip_val': 0.6415840578168089, 'hidden_size': 123, 'dropout': 0.12757724643147328, 'hidden_continuous_size': 29, 'attention_head_size': 1, 'learning_rate': 0.011792205176883775}. Best is trial 73 with value: 155.01504516601562.
LOCAL_RANK: 0 - CUDA_VISIBLE_DEVICES: [0]
[I 2023-11-30 14:33:52,941] Trial 111 finished with value: 200.0717315673828 and parameters: {'gradient_clip_val': 0.4953968684851405, 'hidden_size': 144, 'dropout': 0.14517068194154348, 'hidden_continuous_size': 19, 'attention_head_size': 1, 'learning_rate': 0.009128664553620738}. Best is trial 73 with value: 155.01504516601562.
LOCAL_RANK: 0 - CUDA_VISIBLE_DEVICES: [0]
[I 2023-11-30 14:34:06,750] Trial 112 finished with value: 207.03564453125 and parameters: {'gradient_clip_val': 0.593995579007657, 'hidden_size': 134, 'dropout': 0.10048946423800167, 'hidden_continuous_size': 21, 'attention_head_size': 1, 'learning_rate': 0.010723659946224007}. Best is trial 73 with value: 155.01504516601562.
LOCAL_RANK: 0 - CUDA_VISIBLE_DEVICES: [0]
[I 2023-11-30 14:34:20,560] Trial 113 finished with value: 175.10736083984375 and parameters: {'gradient_clip_val': 0.4569366207314314, 'hidden_size': 117, 'dropout': 0.13630734845443732, 'hidden_continuous_size': 14, 'attention_head_size': 1, 'learning_rate': 0.009928371350545886}. Best is trial 73 with value: 155.01504516601562.
LOCAL_RANK: 0 - CUDA_VISIBLE_DEVICES: [0]
[I 2023-11-30 14:34:34,211] Trial 114 finished with value: 180.1373291015625 and parameters: {'gradient_clip_val': 0.5111728840888127, 'hidden_size': 106, 'dropout': 0.11804802737058542, 'hidden_continuous_size': 25, 'attention_head_size': 1, 'learning_rate': 0.015203034646920141}. Best is trial 73 with value: 155.01504516601562.
LOCAL_RANK: 0 - CUDA_VISIBLE_DEVICES: [0]
[I 2023-11-30 14:34:48,469] Trial 115 finished with value: 193.2014617919922 and parameters: {'gradient_clip_val': 0.5544439109627604, 'hidden_size': 150, 'dropout': 0.12875459008772114, 'hidden_continuous_size': 40, 'attention_head_size': 1, 'learning_rate': 0.007098852094392654}. Best is trial 73 with value: 155.01504516601562.
LOCAL_RANK: 0 - CUDA_VISIBLE_DEVICES: [0]
[I 2023-11-30 14:35:02,353] Trial 116 finished with value: 176.71673583984375 and parameters: {'gradient_clip_val': 0.42694351598540414, 'hidden_size': 122, 'dropout': 0.10572462698999835, 'hidden_continuous_size': 20, 'attention_head_size': 2, 'learning_rate': 0.00814925762669379}. Best is trial 73 with value: 155.01504516601562.
LOCAL_RANK: 0 - CUDA_VISIBLE_DEVICES: [0]
[I 2023-11-30 14:35:16,129] Trial 117 finished with value: 189.32203674316406 and parameters: {'gradient_clip_val': 0.39190803130888413, 'hidden_size': 127, 'dropout': 0.12364458731830894, 'hidden_continuous_size': 19, 'attention_head_size': 1, 'learning_rate': 0.013904968493101202}. Best is trial 73 with value: 155.01504516601562.
LOCAL_RANK: 0 - CUDA_VISIBLE_DEVICES: [0]
[I 2023-11-30 14:35:30,097] Trial 118 finished with value: 174.027587890625 and parameters: {'gradient_clip_val': 0.7586695321962769, 'hidden_size': 134, 'dropout': 0.15586215168754655, 'hidden_continuous_size': 10, 'attention_head_size': 4, 'learning_rate': 0.010030141259341332}. Best is trial 73 with value: 155.01504516601562.
LOCAL_RANK: 0 - CUDA_VISIBLE_DEVICES: [0]
[I 2023-11-30 14:35:43,955] Trial 119 finished with value: 226.1023712158203 and parameters: {'gradient_clip_val': 0.6532564128463917, 'hidden_size': 114, 'dropout': 0.15070806674472614, 'hidden_continuous_size': 23, 'attention_head_size': 2, 'learning_rate': 0.012193229566121545}. Best is trial 73 with value: 155.01504516601562.
LOCAL_RANK: 0 - CUDA_VISIBLE_DEVICES: [0]
[I 2023-11-30 14:35:59,265] Trial 120 finished with value: 167.6180877685547 and parameters: {'gradient_clip_val': 0.4792505858132764, 'hidden_size': 139, 'dropout': 0.14178071290696076, 'hidden_continuous_size': 22, 'attention_head_size': 1, 'learning_rate': 0.005779383609664177}. Best is trial 73 with value: 155.01504516601562.
LOCAL_RANK: 0 - CUDA_VISIBLE_DEVICES: [0]
[I 2023-11-30 14:36:13,818] Trial 121 finished with value: 181.8330841064453 and parameters: {'gradient_clip_val': 0.4758925440393177, 'hidden_size': 143, 'dropout': 0.14153992883880356, 'hidden_continuous_size': 22, 'attention_head_size': 1, 'learning_rate': 0.005755572754583031}. Best is trial 73 with value: 155.01504516601562.
LOCAL_RANK: 0 - CUDA_VISIBLE_DEVICES: [0]
[I 2023-11-30 14:36:29,052] Trial 122 finished with value: 179.71607971191406 and parameters: {'gradient_clip_val': 0.6215095642428207, 'hidden_size': 137, 'dropout': 0.13210946172920088, 'hidden_continuous_size': 25, 'attention_head_size': 1, 'learning_rate': 0.006466628167523933}. Best is trial 73 with value: 155.01504516601562.
LOCAL_RANK: 0 - CUDA_VISIBLE_DEVICES: [0]
[I 2023-11-30 14:36:43,540] Trial 123 finished with value: 249.4661407470703 and parameters: {'gradient_clip_val': 0.43119124039238976, 'hidden_size': 126, 'dropout': 0.1154642321472726, 'hidden_continuous_size': 21, 'attention_head_size': 1, 'learning_rate': 0.007619252339678843}. Best is trial 73 with value: 155.01504516601562.
LOCAL_RANK: 0 - CUDA_VISIBLE_DEVICES: [0]
[I 2023-11-30 14:36:58,077] Trial 124 finished with value: 171.7102813720703 and parameters: {'gradient_clip_val': 0.5772229637566967, 'hidden_size': 133, 'dropout': 0.10725245670863795, 'hidden_continuous_size': 17, 'attention_head_size': 1, 'learning_rate': 0.005344060330091112}. Best is trial 73 with value: 155.01504516601562.
LOCAL_RANK: 0 - CUDA_VISIBLE_DEVICES: [0]
[I 2023-11-30 14:37:12,615] Trial 125 finished with value: 172.9765167236328 and parameters: {'gradient_clip_val': 0.49433430974336956, 'hidden_size': 142, 'dropout': 0.16452074204059888, 'hidden_continuous_size': 23, 'attention_head_size': 1, 'learning_rate': 0.004576203742161697}. Best is trial 73 with value: 155.01504516601562.
LOCAL_RANK: 0 - CUDA_VISIBLE_DEVICES: [0]
[I 2023-11-30 14:37:27,266] Trial 126 finished with value: 196.1465301513672 and parameters: {'gradient_clip_val': 0.5319463744350015, 'hidden_size': 118, 'dropout': 0.1214966516262655, 'hidden_continuous_size': 16, 'attention_head_size': 1, 'learning_rate': 0.0034601524812993005}. Best is trial 73 with value: 155.01504516601562.
LOCAL_RANK: 0 - CUDA_VISIBLE_DEVICES: [0]
[I 2023-11-30 14:37:41,076] Trial 127 finished with value: 194.32763671875 and parameters: {'gradient_clip_val': 0.45797706703560953, 'hidden_size': 102, 'dropout': 0.14624723174776105, 'hidden_continuous_size': 20, 'attention_head_size': 1, 'learning_rate': 0.007063297217206459}. Best is trial 73 with value: 155.01504516601562.
LOCAL_RANK: 0 - CUDA_VISIBLE_DEVICES: [0]
[I 2023-11-30 14:37:55,934] Trial 128 finished with value: 198.4574432373047 and parameters: {'gradient_clip_val': 0.6041509532405029, 'hidden_size': 128, 'dropout': 0.11077293342689294, 'hidden_continuous_size': 31, 'attention_head_size': 1, 'learning_rate': 0.008703217279804441}. Best is trial 73 with value: 155.01504516601562.
LOCAL_RANK: 0 - CUDA_VISIBLE_DEVICES: [0]
[I 2023-11-30 14:38:10,635] Trial 129 finished with value: 245.40826416015625 and parameters: {'gradient_clip_val': 0.6830805259281304, 'hidden_size': 109, 'dropout': 0.10001657963420735, 'hidden_continuous_size': 26, 'attention_head_size': 1, 'learning_rate': 0.002233724923050013}. Best is trial 73 with value: 155.01504516601562.
LOCAL_RANK: 0 - CUDA_VISIBLE_DEVICES: [0]
[I 2023-11-30 14:38:26,021] Trial 130 finished with value: 198.0079803466797 and parameters: {'gradient_clip_val': 0.40432380352708747, 'hidden_size': 148, 'dropout': 0.1385982501078251, 'hidden_continuous_size': 37, 'attention_head_size': 2, 'learning_rate': 0.004109106441183492}. Best is trial 73 with value: 155.01504516601562.
LOCAL_RANK: 0 - CUDA_VISIBLE_DEVICES: [0]
[I 2023-11-30 14:38:40,588] Trial 131 finished with value: 230.2369842529297 and parameters: {'gradient_clip_val': 0.5714107599652126, 'hidden_size': 131, 'dropout': 0.10687617813207076, 'hidden_continuous_size': 18, 'attention_head_size': 1, 'learning_rate': 0.006020743747903751}. Best is trial 73 with value: 155.01504516601562.
LOCAL_RANK: 0 - CUDA_VISIBLE_DEVICES: [0]
[I 2023-11-30 14:38:55,220] Trial 132 finished with value: 296.1112365722656 and parameters: {'gradient_clip_val': 0.5751450636155516, 'hidden_size': 137, 'dropout': 0.11705374745524315, 'hidden_continuous_size': 20, 'attention_head_size': 1, 'learning_rate': 0.005424111179337605}. Best is trial 73 with value: 155.01504516601562.
LOCAL_RANK: 0 - CUDA_VISIBLE_DEVICES: [0]
[I 2023-11-30 14:39:10,389] Trial 133 finished with value: 221.3218536376953 and parameters: {'gradient_clip_val': 0.5403282915048497, 'hidden_size': 150, 'dropout': 0.12707071810598927, 'hidden_continuous_size': 19, 'attention_head_size': 1, 'learning_rate': 0.011066837687970968}. Best is trial 73 with value: 155.01504516601562.
LOCAL_RANK: 0 - CUDA_VISIBLE_DEVICES: [0]
[I 2023-11-30 14:39:25,158] Trial 134 finished with value: 247.75218200683594 and parameters: {'gradient_clip_val': 0.6533387889154401, 'hidden_size': 121, 'dropout': 0.10928134114294437, 'hidden_continuous_size': 17, 'attention_head_size': 1, 'learning_rate': 0.004579676628396943}. Best is trial 73 with value: 155.01504516601562.
LOCAL_RANK: 0 - CUDA_VISIBLE_DEVICES: [0]
[I 2023-11-30 14:39:40,142] Trial 135 finished with value: 193.337158203125 and parameters: {'gradient_clip_val': 0.7125090148499136, 'hidden_size': 132, 'dropout': 0.12235569331547082, 'hidden_continuous_size': 12, 'attention_head_size': 1, 'learning_rate': 0.005165783252061036}. Best is trial 73 with value: 155.01504516601562.
LOCAL_RANK: 0 - CUDA_VISIBLE_DEVICES: [0]
