[I 2023-11-30 08:35:49,647] Trial 142 finished with value: 1107.6607666015625 and parameters: {'gradient_clip_val': 0.4161397970850725, 'hidden_size': 42, 'dropout': 0.3713751510755279, 'hidden_continuous_size': 30, 'attention_head_size': 3, 'learning_rate': 0.007862806161778204}. Best is trial 11 with value: 1007.5975952148438.
LOCAL_RANK: 0 - CUDA_VISIBLE_DEVICES: [0]
[I 2023-11-30 08:36:02,208] Trial 143 finished with value: 1158.8995361328125 and parameters: {'gradient_clip_val': 0.4196372728699127, 'hidden_size': 42, 'dropout': 0.3719571166120164, 'hidden_continuous_size': 28, 'attention_head_size': 3, 'learning_rate': 0.007909889036222067}. Best is trial 11 with value: 1007.5975952148438.
LOCAL_RANK: 0 - CUDA_VISIBLE_DEVICES: [0]
[I 2023-11-30 08:36:14,934] Trial 144 finished with value: 1379.8355712890625 and parameters: {'gradient_clip_val': 0.3839979847868784, 'hidden_size': 46, 'dropout': 0.36221065079590975, 'hidden_continuous_size': 30, 'attention_head_size': 3, 'learning_rate': 0.006604241271967583}. Best is trial 11 with value: 1007.5975952148438.
LOCAL_RANK: 0 - CUDA_VISIBLE_DEVICES: [0]
[I 2023-11-30 08:36:27,392] Trial 145 finished with value: 1192.9200439453125 and parameters: {'gradient_clip_val': 0.4596041449221616, 'hidden_size': 40, 'dropout': 0.3883026963844993, 'hidden_continuous_size': 29, 'attention_head_size': 3, 'learning_rate': 0.01002268583604617}. Best is trial 11 with value: 1007.5975952148438.
LOCAL_RANK: 0 - CUDA_VISIBLE_DEVICES: [0]
[I 2023-11-30 08:36:39,856] Trial 146 finished with value: 1242.9661865234375 and parameters: {'gradient_clip_val': 0.40363404892635263, 'hidden_size': 35, 'dropout': 0.36784436812010535, 'hidden_continuous_size': 13, 'attention_head_size': 3, 'learning_rate': 0.007478612947626904}. Best is trial 11 with value: 1007.5975952148438.
LOCAL_RANK: 0 - CUDA_VISIBLE_DEVICES: [0]
[I 2023-11-30 08:36:51,908] Trial 147 finished with value: 1508.5111083984375 and parameters: {'gradient_clip_val': 0.5020703007476441, 'hidden_size': 32, 'dropout': 0.37826672082595403, 'hidden_continuous_size': 10, 'attention_head_size': 3, 'learning_rate': 0.008734159193455215}. Best is trial 11 with value: 1007.5975952148438.
LOCAL_RANK: 0 - CUDA_VISIBLE_DEVICES: [0]
[I 2023-11-30 08:37:04,537] Trial 148 finished with value: 1146.2371826171875 and parameters: {'gradient_clip_val': 0.5842379212804892, 'hidden_size': 44, 'dropout': 0.3580969941360887, 'hidden_continuous_size': 33, 'attention_head_size': 3, 'learning_rate': 0.011046882029450771}. Best is trial 11 with value: 1007.5975952148438.
LOCAL_RANK: 0 - CUDA_VISIBLE_DEVICES: [0]
[I 2023-11-30 08:37:17,057] Trial 149 finished with value: 1312.4688720703125 and parameters: {'gradient_clip_val': 0.3427522267197608, 'hidden_size': 37, 'dropout': 0.38669291564196234, 'hidden_continuous_size': 31, 'attention_head_size': 3, 'learning_rate': 0.0059237467766365464}. Best is trial 11 with value: 1007.5975952148438.
[I 2023-11-30 08:37:17,172] A new study created in memory with name: no-name-0f42be7e-c946-4a18-bf26-98cf3f2db0ac
/home/le004/conda/anaconda3/envs/tsff_env/lib/python3.9/site-packages/lightning/fabric/plugins/environments/slurm.py:191: The `srun` command is available on your system but is not used. HINT: If your intention is to run Lightning on SLURM, prepend your python command with `srun` like so: srun python /home/le004/master_thesis/git/TSFusionForecast/code/ ...
LOCAL_RANK: 0 - CUDA_VISIBLE_DEVICES: [0]
[I 2023-11-30 08:37:28,868] Trial 0 finished with value: 1215.30078125 and parameters: {'gradient_clip_val': 0.2282787009454843, 'hidden_size': 16, 'dropout': 0.367794963586519, 'hidden_continuous_size': 12, 'attention_head_size': 4, 'learning_rate': 0.04862510571784647}. Best is trial 0 with value: 1215.30078125.
LOCAL_RANK: 0 - CUDA_VISIBLE_DEVICES: [0]
[I 2023-11-30 08:37:39,300] Trial 1 finished with value: 1678.9378662109375 and parameters: {'gradient_clip_val': 0.14140766530014393, 'hidden_size': 61, 'dropout': 0.14333672670546807, 'hidden_continuous_size': 61, 'attention_head_size': 3, 'learning_rate': 0.024580568723456254}. Best is trial 0 with value: 1215.30078125.
LOCAL_RANK: 0 - CUDA_VISIBLE_DEVICES: [0]
[I 2023-11-30 08:37:52,237] Trial 2 finished with value: 1647.4913330078125 and parameters: {'gradient_clip_val': 0.6972639916923011, 'hidden_size': 74, 'dropout': 0.3390127455744737, 'hidden_continuous_size': 14, 'attention_head_size': 3, 'learning_rate': 0.009096163617293996}. Best is trial 0 with value: 1215.30078125.
LOCAL_RANK: 0 - CUDA_VISIBLE_DEVICES: [0]
[I 2023-11-30 08:38:04,292] Trial 3 finished with value: 1138.509765625 and parameters: {'gradient_clip_val': 0.19500615996250908, 'hidden_size': 36, 'dropout': 0.19079485608110577, 'hidden_continuous_size': 14, 'attention_head_size': 1, 'learning_rate': 0.014474160908489266}. Best is trial 3 with value: 1138.509765625.
LOCAL_RANK: 0 - CUDA_VISIBLE_DEVICES: [0]
[I 2023-11-30 08:38:15,906] Trial 4 finished with value: 5202.89013671875 and parameters: {'gradient_clip_val': 0.715980667965027, 'hidden_size': 16, 'dropout': 0.11394692174346913, 'hidden_continuous_size': 10, 'attention_head_size': 3, 'learning_rate': 0.0019418480079559182}. Best is trial 3 with value: 1138.509765625.
LOCAL_RANK: 0 - CUDA_VISIBLE_DEVICES: [0]
[I 2023-11-30 08:38:25,720] Trial 5 finished with value: 1596.7596435546875 and parameters: {'gradient_clip_val': 0.3927658905745456, 'hidden_size': 12, 'dropout': 0.30706011786382637, 'hidden_continuous_size': 12, 'attention_head_size': 1, 'learning_rate': 0.046164654751697246}. Best is trial 3 with value: 1138.509765625.
LOCAL_RANK: 0 - CUDA_VISIBLE_DEVICES: [0]
[I 2023-11-30 08:38:37,325] Trial 6 finished with value: 2050.270751953125 and parameters: {'gradient_clip_val': 0.6184550514935466, 'hidden_size': 16, 'dropout': 0.3505492810344064, 'hidden_continuous_size': 15, 'attention_head_size': 2, 'learning_rate': 0.01684583720730343}. Best is trial 3 with value: 1138.509765625.
LOCAL_RANK: 0 - CUDA_VISIBLE_DEVICES: [0]
[I 2023-11-30 08:38:50,300] Trial 7 finished with value: 1297.81005859375 and parameters: {'gradient_clip_val': 0.6559109466619362, 'hidden_size': 66, 'dropout': 0.15610081767704034, 'hidden_continuous_size': 18, 'attention_head_size': 2, 'learning_rate': 0.010024291762633085}. Best is trial 3 with value: 1138.509765625.
LOCAL_RANK: 0 - CUDA_VISIBLE_DEVICES: [0]
[I 2023-11-30 08:39:00,550] Trial 8 finished with value: 5358.77001953125 and parameters: {'gradient_clip_val': 0.12131658635164412, 'hidden_size': 11, 'dropout': 0.18416515024160143, 'hidden_continuous_size': 11, 'attention_head_size': 4, 'learning_rate': 0.002403770855006999}. Best is trial 3 with value: 1138.509765625.
LOCAL_RANK: 0 - CUDA_VISIBLE_DEVICES: [0]
[I 2023-11-30 08:39:10,564] Trial 9 finished with value: 3159.653564453125 and parameters: {'gradient_clip_val': 0.1346361151589036, 'hidden_size': 20, 'dropout': 0.18745219083405984, 'hidden_continuous_size': 20, 'attention_head_size': 2, 'learning_rate': 0.0030188290757337546}. Best is trial 3 with value: 1138.509765625.
LOCAL_RANK: 0 - CUDA_VISIBLE_DEVICES: [0]
[I 2023-11-30 08:39:22,962] Trial 10 finished with value: 1318.3155517578125 and parameters: {'gradient_clip_val': 0.23460696249397617, 'hidden_size': 34, 'dropout': 0.24894328808719687, 'hidden_continuous_size': 19, 'attention_head_size': 1, 'learning_rate': 0.09126567348000146}. Best is trial 3 with value: 1138.509765625.
LOCAL_RANK: 0 - CUDA_VISIBLE_DEVICES: [0]
[I 2023-11-30 08:39:35,235] Trial 11 finished with value: 1563.9173583984375 and parameters: {'gradient_clip_val': 0.2282719768478434, 'hidden_size': 30, 'dropout': 0.38945877748189633, 'hidden_continuous_size': 13, 'attention_head_size': 4, 'learning_rate': 0.04528276792789038}. Best is trial 3 with value: 1138.509765625.
LOCAL_RANK: 0 - CUDA_VISIBLE_DEVICES: [0]
[I 2023-11-30 08:39:49,394] Trial 12 finished with value: 1232.3497314453125 and parameters: {'gradient_clip_val': 0.20472320991593887, 'hidden_size': 143, 'dropout': 0.24159825955044523, 'hidden_continuous_size': 31, 'attention_head_size': 4, 'learning_rate': 0.006045243138329386}. Best is trial 3 with value: 1138.509765625.
LOCAL_RANK: 0 - CUDA_VISIBLE_DEVICES: [0]
[I 2023-11-30 08:40:01,256] Trial 13 finished with value: 1391.2701416015625 and parameters: {'gradient_clip_val': 0.31131124429427215, 'hidden_size': 24, 'dropout': 0.29662933076819403, 'hidden_continuous_size': 10, 'attention_head_size': 1, 'learning_rate': 0.02214113901484135}. Best is trial 3 with value: 1138.509765625.
LOCAL_RANK: 0 - CUDA_VISIBLE_DEVICES: [0]
[I 2023-11-30 08:40:13,746] Trial 14 finished with value: 3590.766357421875 and parameters: {'gradient_clip_val': 0.1666165803375229, 'hidden_size': 42, 'dropout': 0.3943207180231783, 'hidden_continuous_size': 15, 'attention_head_size': 2, 'learning_rate': 0.0011622909590058162}. Best is trial 3 with value: 1138.509765625.
LOCAL_RANK: 0 - CUDA_VISIBLE_DEVICES: [0]
[I 2023-11-30 08:40:23,875] Trial 15 finished with value: 1138.7398681640625 and parameters: {'gradient_clip_val': 0.2939147059268134, 'hidden_size': 10, 'dropout': 0.21906545710026756, 'hidden_continuous_size': 10, 'attention_head_size': 3, 'learning_rate': 0.07403475936463669}. Best is trial 3 with value: 1138.509765625.
LOCAL_RANK: 0 - CUDA_VISIBLE_DEVICES: [0]
[I 2023-11-30 08:40:33,903] Trial 16 finished with value: 1145.92333984375 and parameters: {'gradient_clip_val': 0.36603107359703824, 'hidden_size': 10, 'dropout': 0.21656294746903168, 'hidden_continuous_size': 10, 'attention_head_size': 3, 'learning_rate': 0.09050347566560546}. Best is trial 3 with value: 1138.509765625.
LOCAL_RANK: 0 - CUDA_VISIBLE_DEVICES: [0]
[I 2023-11-30 08:40:46,023] Trial 17 finished with value: 3125.563720703125 and parameters: {'gradient_clip_val': 0.9583227523895884, 'hidden_size': 25, 'dropout': 0.21307904569273334, 'hidden_continuous_size': 11, 'attention_head_size': 1, 'learning_rate': 0.004540500952767035}. Best is trial 3 with value: 1138.509765625.
LOCAL_RANK: 0 - CUDA_VISIBLE_DEVICES: [0]
[I 2023-11-30 08:40:58,377] Trial 18 finished with value: 1183.5560302734375 and parameters: {'gradient_clip_val': 0.2998549915667745, 'hidden_size': 44, 'dropout': 0.2841654126896322, 'hidden_continuous_size': 16, 'attention_head_size': 2, 'learning_rate': 0.011081889155300865}. Best is trial 3 with value: 1138.509765625.
LOCAL_RANK: 0 - CUDA_VISIBLE_DEVICES: [0]
[I 2023-11-30 08:41:08,465] Trial 19 finished with value: 2219.496826171875 and parameters: {'gradient_clip_val': 0.16239314528996138, 'hidden_size': 10, 'dropout': 0.10180119936411046, 'hidden_continuous_size': 10, 'attention_head_size': 3, 'learning_rate': 0.02693358708825837}. Best is trial 3 with value: 1138.509765625.
LOCAL_RANK: 0 - CUDA_VISIBLE_DEVICES: [0]
[I 2023-11-30 08:41:20,404] Trial 20 finished with value: 1765.9169921875 and parameters: {'gradient_clip_val': 0.10743256192855706, 'hidden_size': 14, 'dropout': 0.27070973142308025, 'hidden_continuous_size': 11, 'attention_head_size': 1, 'learning_rate': 0.016786411817456093}. Best is trial 3 with value: 1138.509765625.
LOCAL_RANK: 0 - CUDA_VISIBLE_DEVICES: [0]
[I 2023-11-30 08:41:30,238] Trial 21 finished with value: 1092.22412109375 and parameters: {'gradient_clip_val': 0.4012964235266602, 'hidden_size': 10, 'dropout': 0.21887160347742304, 'hidden_continuous_size': 10, 'attention_head_size': 3, 'learning_rate': 0.09571277735573769}. Best is trial 21 with value: 1092.22412109375.
LOCAL_RANK: 0 - CUDA_VISIBLE_DEVICES: [0]
[I 2023-11-30 08:41:42,311] Trial 22 finished with value: 1312.3690185546875 and parameters: {'gradient_clip_val': 0.46412142314891747, 'hidden_size': 13, 'dropout': 0.22370001469992318, 'hidden_continuous_size': 10, 'attention_head_size': 3, 'learning_rate': 0.0976324199076726}. Best is trial 21 with value: 1092.22412109375.
LOCAL_RANK: 0 - CUDA_VISIBLE_DEVICES: [0]
[I 2023-11-30 08:41:54,215] Trial 23 finished with value: 1168.6094970703125 and parameters: {'gradient_clip_val': 0.2860808199914439, 'hidden_size': 19, 'dropout': 0.1835761361155628, 'hidden_continuous_size': 11, 'attention_head_size': 3, 'learning_rate': 0.032104790278697504}. Best is trial 21 with value: 1092.22412109375.
LOCAL_RANK: 0 - CUDA_VISIBLE_DEVICES: [0]
[I 2023-11-30 08:42:04,160] Trial 24 finished with value: 1344.05126953125 and parameters: {'gradient_clip_val': 0.4528284988650794, 'hidden_size': 10, 'dropout': 0.2530878843798961, 'hidden_continuous_size': 10, 'attention_head_size': 2, 'learning_rate': 0.04834398334787136}. Best is trial 21 with value: 1092.22412109375.
LOCAL_RANK: 0 - CUDA_VISIBLE_DEVICES: [0]
[I 2023-11-30 08:42:15,900] Trial 25 finished with value: 1448.2904052734375 and parameters: {'gradient_clip_val': 0.26218513102864677, 'hidden_size': 14, 'dropout': 0.20197956031607497, 'hidden_continuous_size': 10, 'attention_head_size': 3, 'learning_rate': 0.06885823543495953}. Best is trial 21 with value: 1092.22412109375.
LOCAL_RANK: 0 - CUDA_VISIBLE_DEVICES: [0]
[I 2023-11-30 08:42:27,564] Trial 26 finished with value: 1207.236572265625 and parameters: {'gradient_clip_val': 0.34160461231064504, 'hidden_size': 12, 'dropout': 0.2299307904484905, 'hidden_continuous_size': 10, 'attention_head_size': 4, 'learning_rate': 0.06743183360627814}. Best is trial 21 with value: 1092.22412109375.
LOCAL_RANK: 0 - CUDA_VISIBLE_DEVICES: [0]
[I 2023-11-30 08:42:39,412] Trial 27 finished with value: 1377.18310546875 and parameters: {'gradient_clip_val': 0.18839148524894045, 'hidden_size': 20, 'dropout': 0.16226259706141946, 'hidden_continuous_size': 12, 'attention_head_size': 2, 'learning_rate': 0.03586461519676132}. Best is trial 21 with value: 1092.22412109375.
LOCAL_RANK: 0 - CUDA_VISIBLE_DEVICES: [0]
[I 2023-11-30 08:42:49,396] Trial 28 finished with value: 1168.9737548828125 and parameters: {'gradient_clip_val': 0.28090269739338997, 'hidden_size': 10, 'dropout': 0.19779190746507241, 'hidden_continuous_size': 10, 'attention_head_size': 3, 'learning_rate': 0.06526335818073671}. Best is trial 21 with value: 1092.22412109375.
LOCAL_RANK: 0 - CUDA_VISIBLE_DEVICES: [0]
[I 2023-11-30 08:43:01,210] Trial 29 finished with value: 1259.68505859375 and parameters: {'gradient_clip_val': 0.2393394075492841, 'hidden_size': 16, 'dropout': 0.2390510661466817, 'hidden_continuous_size': 11, 'attention_head_size': 4, 'learning_rate': 0.03657756352645193}. Best is trial 21 with value: 1092.22412109375.
LOCAL_RANK: 0 - CUDA_VISIBLE_DEVICES: [0]
[I 2023-11-30 08:43:12,947] Trial 30 finished with value: 1253.1790771484375 and parameters: {'gradient_clip_val': 0.2039210613143209, 'hidden_size': 13, 'dropout': 0.2633248270582153, 'hidden_continuous_size': 10, 'attention_head_size': 3, 'learning_rate': 0.06356014227784414}. Best is trial 21 with value: 1092.22412109375.
LOCAL_RANK: 0 - CUDA_VISIBLE_DEVICES: [0]
[I 2023-11-30 08:43:22,760] Trial 31 finished with value: 1433.70703125 and parameters: {'gradient_clip_val': 0.3696669405207366, 'hidden_size': 10, 'dropout': 0.21801548026913245, 'hidden_continuous_size': 10, 'attention_head_size': 3, 'learning_rate': 0.09537399451910078}. Best is trial 21 with value: 1092.22412109375.
LOCAL_RANK: 0 - CUDA_VISIBLE_DEVICES: [0]
[I 2023-11-30 08:43:34,725] Trial 32 finished with value: 1456.2591552734375 and parameters: {'gradient_clip_val': 0.3315140227474319, 'hidden_size': 11, 'dropout': 0.2054718930109738, 'hidden_continuous_size': 10, 'attention_head_size': 3, 'learning_rate': 0.07781319004034994}. Best is trial 21 with value: 1092.22412109375.
LOCAL_RANK: 0 - CUDA_VISIBLE_DEVICES: [0]
[I 2023-11-30 08:43:46,571] Trial 33 finished with value: 1221.2847900390625 and parameters: {'gradient_clip_val': 0.4051556056730008, 'hidden_size': 14, 'dropout': 0.22565646327084657, 'hidden_continuous_size': 11, 'attention_head_size': 3, 'learning_rate': 0.054753237468096766}. Best is trial 21 with value: 1092.22412109375.
LOCAL_RANK: 0 - CUDA_VISIBLE_DEVICES: [0]
[I 2023-11-30 08:43:58,526] Trial 34 finished with value: 1542.7113037109375 and parameters: {'gradient_clip_val': 0.2616346938496709, 'hidden_size': 17, 'dropout': 0.1687581311960074, 'hidden_continuous_size': 11, 'attention_head_size': 3, 'learning_rate': 0.07582894130267828}. Best is trial 21 with value: 1092.22412109375.
LOCAL_RANK: 0 - CUDA_VISIBLE_DEVICES: [0]
[I 2023-11-30 08:44:10,043] Trial 35 finished with value: 1119.0350341796875 and parameters: {'gradient_clip_val': 0.33318500981173615, 'hidden_size': 12, 'dropout': 0.1475440414993051, 'hidden_continuous_size': 10, 'attention_head_size': 3, 'learning_rate': 0.05242930498977987}. Best is trial 21 with value: 1092.22412109375.
LOCAL_RANK: 0 - CUDA_VISIBLE_DEVICES: [0]
[I 2023-11-30 08:44:21,506] Trial 36 finished with value: 1341.589599609375 and parameters: {'gradient_clip_val': 0.4565727013950033, 'hidden_size': 12, 'dropout': 0.13637588992896046, 'hidden_continuous_size': 10, 'attention_head_size': 4, 'learning_rate': 0.05400889461223134}. Best is trial 21 with value: 1092.22412109375.
LOCAL_RANK: 0 - CUDA_VISIBLE_DEVICES: [0]
[I 2023-11-30 08:44:33,522] Trial 37 finished with value: 1143.36083984375 and parameters: {'gradient_clip_val': 0.3027833144400039, 'hidden_size': 17, 'dropout': 0.1466339246366476, 'hidden_continuous_size': 12, 'attention_head_size': 2, 'learning_rate': 0.03701447488224088}. Best is trial 21 with value: 1092.22412109375.
LOCAL_RANK: 0 - CUDA_VISIBLE_DEVICES: [0]
[I 2023-11-30 08:44:45,427] Trial 38 finished with value: 1495.1993408203125 and parameters: {'gradient_clip_val': 0.4114816715811372, 'hidden_size': 15, 'dropout': 0.12382860322084985, 'hidden_continuous_size': 11, 'attention_head_size': 3, 'learning_rate': 0.045686520317329456}. Best is trial 21 with value: 1092.22412109375.
LOCAL_RANK: 0 - CUDA_VISIBLE_DEVICES: [0]
[I 2023-11-30 08:44:56,952] Trial 39 finished with value: 1778.7548828125 and parameters: {'gradient_clip_val': 0.5279270681350856, 'hidden_size': 12, 'dropout': 0.17259629548387367, 'hidden_continuous_size': 10, 'attention_head_size': 2, 'learning_rate': 0.023474612195454138}. Best is trial 21 with value: 1092.22412109375.
LOCAL_RANK: 0 - CUDA_VISIBLE_DEVICES: [0]
[I 2023-11-30 08:45:09,433] Trial 40 finished with value: 1324.0595703125 and parameters: {'gradient_clip_val': 0.36187357729524416, 'hidden_size': 48, 'dropout': 0.15064121551719625, 'hidden_continuous_size': 13, 'attention_head_size': 3, 'learning_rate': 0.05680261509417915}. Best is trial 21 with value: 1092.22412109375.
LOCAL_RANK: 0 - CUDA_VISIBLE_DEVICES: [0]
[I 2023-11-30 08:45:21,155] Trial 41 finished with value: 1456.6845703125 and parameters: {'gradient_clip_val': 0.3234442394196127, 'hidden_size': 17, 'dropout': 0.14717071084194422, 'hidden_continuous_size': 12, 'attention_head_size': 1, 'learning_rate': 0.041473208817982644}. Best is trial 21 with value: 1092.22412109375.
LOCAL_RANK: 0 - CUDA_VISIBLE_DEVICES: [0]
[I 2023-11-30 08:45:32,744] Trial 42 finished with value: 1621.1947021484375 and parameters: {'gradient_clip_val': 0.32043177253033045, 'hidden_size': 12, 'dropout': 0.13692829790764807, 'hidden_continuous_size': 10, 'attention_head_size': 2, 'learning_rate': 0.032138533992495305}. Best is trial 21 with value: 1092.22412109375.
LOCAL_RANK: 0 - CUDA_VISIBLE_DEVICES: [0]
[I 2023-11-30 08:45:44,528] Trial 43 finished with value: 1110.6168212890625 and parameters: {'gradient_clip_val': 0.2659567267363041, 'hidden_size': 15, 'dropout': 0.18201721887494485, 'hidden_continuous_size': 12, 'attention_head_size': 2, 'learning_rate': 0.05616163574687846}. Best is trial 21 with value: 1092.22412109375.
LOCAL_RANK: 0 - CUDA_VISIBLE_DEVICES: [0]
[I 2023-11-30 08:45:56,278] Trial 44 finished with value: 1492.4075927734375 and parameters: {'gradient_clip_val': 0.2472802202936252, 'hidden_size': 24, 'dropout': 0.18436332420059853, 'hidden_continuous_size': 13, 'attention_head_size': 1, 'learning_rate': 0.05425088392532603}. Best is trial 21 with value: 1092.22412109375.
LOCAL_RANK: 0 - CUDA_VISIBLE_DEVICES: [0]
[I 2023-11-30 08:46:08,015] Trial 45 finished with value: 1470.3291015625 and parameters: {'gradient_clip_val': 0.22596946567879236, 'hidden_size': 11, 'dropout': 0.19605538799073696, 'hidden_continuous_size': 10, 'attention_head_size': 2, 'learning_rate': 0.08298841381846933}. Best is trial 21 with value: 1092.22412109375.
LOCAL_RANK: 0 - CUDA_VISIBLE_DEVICES: [0]
[I 2023-11-30 08:46:19,682] Trial 46 finished with value: 1259.3897705078125 and parameters: {'gradient_clip_val': 0.2729244926905386, 'hidden_size': 15, 'dropout': 0.1745291093073116, 'hidden_continuous_size': 12, 'attention_head_size': 1, 'learning_rate': 0.07661195897635378}. Best is trial 21 with value: 1092.22412109375.
LOCAL_RANK: 0 - CUDA_VISIBLE_DEVICES: [0]
[I 2023-11-30 08:46:32,125] Trial 47 finished with value: 1288.402099609375 and parameters: {'gradient_clip_val': 0.2131384079640374, 'hidden_size': 33, 'dropout': 0.18995557437264435, 'hidden_continuous_size': 14, 'attention_head_size': 3, 'learning_rate': 0.09970867319694324}. Best is trial 21 with value: 1092.22412109375.
LOCAL_RANK: 0 - CUDA_VISIBLE_DEVICES: [0]
[I 2023-11-30 08:46:44,087] Trial 48 finished with value: 1322.3668212890625 and parameters: {'gradient_clip_val': 0.2579770599193157, 'hidden_size': 20, 'dropout': 0.15979132373993762, 'hidden_continuous_size': 13, 'attention_head_size': 4, 'learning_rate': 0.05813802518517398}. Best is trial 21 with value: 1092.22412109375.
LOCAL_RANK: 0 - CUDA_VISIBLE_DEVICES: [0]
[I 2023-11-30 08:46:55,904] Trial 49 finished with value: 1413.7342529296875 and parameters: {'gradient_clip_val': 0.2947238183462118, 'hidden_size': 11, 'dropout': 0.2078966511525485, 'hidden_continuous_size': 10, 'attention_head_size': 3, 'learning_rate': 0.04139365420788454}. Best is trial 21 with value: 1092.22412109375.
LOCAL_RANK: 0 - CUDA_VISIBLE_DEVICES: [0]
