[I 2023-11-30 11:16:13,811] Trial 102 finished with value: 105.03763580322266 and parameters: {'gradient_clip_val': 0.22303801588143352, 'hidden_size': 28, 'dropout': 0.3552574404564238, 'hidden_continuous_size': 13, 'attention_head_size': 4, 'learning_rate': 0.029322292815201014}. Best is trial 82 with value: 76.45369720458984.
LOCAL_RANK: 0 - CUDA_VISIBLE_DEVICES: [0]
[I 2023-11-30 11:16:26,548] Trial 103 finished with value: 85.6099853515625 and parameters: {'gradient_clip_val': 0.21726535668038666, 'hidden_size': 37, 'dropout': 0.33352461766361613, 'hidden_continuous_size': 17, 'attention_head_size': 4, 'learning_rate': 0.0339987545816735}. Best is trial 82 with value: 76.45369720458984.
LOCAL_RANK: 0 - CUDA_VISIBLE_DEVICES: [0]
[I 2023-11-30 11:16:39,416] Trial 104 finished with value: 89.2847900390625 and parameters: {'gradient_clip_val': 0.22174702246123748, 'hidden_size': 33, 'dropout': 0.3195585219224262, 'hidden_continuous_size': 19, 'attention_head_size': 4, 'learning_rate': 0.03910917881088991}. Best is trial 82 with value: 76.45369720458984.
LOCAL_RANK: 0 - CUDA_VISIBLE_DEVICES: [0]
[I 2023-11-30 11:16:51,936] Trial 105 finished with value: 79.013427734375 and parameters: {'gradient_clip_val': 0.15644977224939308, 'hidden_size': 36, 'dropout': 0.3346716152688374, 'hidden_continuous_size': 17, 'attention_head_size': 4, 'learning_rate': 0.032838763838001626}. Best is trial 82 with value: 76.45369720458984.
LOCAL_RANK: 0 - CUDA_VISIBLE_DEVICES: [0]
[I 2023-11-30 11:17:04,930] Trial 106 finished with value: 86.0029525756836 and parameters: {'gradient_clip_val': 0.15949708916701644, 'hidden_size': 38, 'dropout': 0.37787066970590855, 'hidden_continuous_size': 17, 'attention_head_size': 4, 'learning_rate': 0.04935959352704242}. Best is trial 82 with value: 76.45369720458984.
LOCAL_RANK: 0 - CUDA_VISIBLE_DEVICES: [0]
[I 2023-11-30 11:17:17,525] Trial 107 finished with value: 106.35186767578125 and parameters: {'gradient_clip_val': 0.18974125443556986, 'hidden_size': 36, 'dropout': 0.346580525442261, 'hidden_continuous_size': 18, 'attention_head_size': 4, 'learning_rate': 0.03400806361165643}. Best is trial 82 with value: 76.45369720458984.
LOCAL_RANK: 0 - CUDA_VISIBLE_DEVICES: [0]
[I 2023-11-30 11:17:30,356] Trial 108 finished with value: 114.09503173828125 and parameters: {'gradient_clip_val': 0.20679192363837462, 'hidden_size': 34, 'dropout': 0.335171820602952, 'hidden_continuous_size': 19, 'attention_head_size': 4, 'learning_rate': 0.04190496358348498}. Best is trial 82 with value: 76.45369720458984.
LOCAL_RANK: 0 - CUDA_VISIBLE_DEVICES: [0]
[I 2023-11-30 11:17:43,190] Trial 109 finished with value: 91.06689453125 and parameters: {'gradient_clip_val': 0.1963462416123074, 'hidden_size': 37, 'dropout': 0.3588851144655006, 'hidden_continuous_size': 20, 'attention_head_size': 4, 'learning_rate': 0.025854354172846716}. Best is trial 82 with value: 76.45369720458984.
LOCAL_RANK: 0 - CUDA_VISIBLE_DEVICES: [0]
[I 2023-11-30 11:17:56,167] Trial 110 finished with value: 103.76615142822266 and parameters: {'gradient_clip_val': 0.14935155214926293, 'hidden_size': 41, 'dropout': 0.36787935767976265, 'hidden_continuous_size': 17, 'attention_head_size': 4, 'learning_rate': 0.03571645871487501}. Best is trial 82 with value: 76.45369720458984.
LOCAL_RANK: 0 - CUDA_VISIBLE_DEVICES: [0]
[I 2023-11-30 11:18:09,209] Trial 111 finished with value: 96.4735336303711 and parameters: {'gradient_clip_val': 0.177431638650623, 'hidden_size': 35, 'dropout': 0.32784643605273445, 'hidden_continuous_size': 17, 'attention_head_size': 4, 'learning_rate': 0.03157097238719684}. Best is trial 82 with value: 76.45369720458984.
LOCAL_RANK: 0 - CUDA_VISIBLE_DEVICES: [0]
[I 2023-11-30 11:18:22,043] Trial 112 finished with value: 92.44783782958984 and parameters: {'gradient_clip_val': 0.171121941431386, 'hidden_size': 44, 'dropout': 0.31211438918333756, 'hidden_continuous_size': 16, 'attention_head_size': 4, 'learning_rate': 0.02305649978013238}. Best is trial 82 with value: 76.45369720458984.
LOCAL_RANK: 0 - CUDA_VISIBLE_DEVICES: [0]
[I 2023-11-30 11:18:34,777] Trial 113 finished with value: 99.7933120727539 and parameters: {'gradient_clip_val': 0.1611608370777657, 'hidden_size': 31, 'dropout': 0.3430787358920398, 'hidden_continuous_size': 18, 'attention_head_size': 4, 'learning_rate': 0.0448520717623888}. Best is trial 82 with value: 76.45369720458984.
LOCAL_RANK: 0 - CUDA_VISIBLE_DEVICES: [0]
[I 2023-11-30 11:18:47,473] Trial 114 finished with value: 105.41952514648438 and parameters: {'gradient_clip_val': 0.1349279178645528, 'hidden_size': 40, 'dropout': 0.33572908584775657, 'hidden_continuous_size': 16, 'attention_head_size': 4, 'learning_rate': 0.03790840789609608}. Best is trial 82 with value: 76.45369720458984.
LOCAL_RANK: 0 - CUDA_VISIBLE_DEVICES: [0]
[I 2023-11-30 11:18:59,925] Trial 115 finished with value: 97.00957489013672 and parameters: {'gradient_clip_val': 0.1829717536895457, 'hidden_size': 28, 'dropout': 0.3514366336256408, 'hidden_continuous_size': 17, 'attention_head_size': 4, 'learning_rate': 0.03321285047193791}. Best is trial 82 with value: 76.45369720458984.
LOCAL_RANK: 0 - CUDA_VISIBLE_DEVICES: [0]
[I 2023-11-30 11:19:12,860] Trial 116 finished with value: 98.80087280273438 and parameters: {'gradient_clip_val': 0.21675465033317895, 'hidden_size': 38, 'dropout': 0.3167610158150132, 'hidden_continuous_size': 13, 'attention_head_size': 4, 'learning_rate': 0.027730259227732663}. Best is trial 82 with value: 76.45369720458984.
LOCAL_RANK: 0 - CUDA_VISIBLE_DEVICES: [0]
[I 2023-11-30 11:19:25,439] Trial 117 finished with value: 100.76476287841797 and parameters: {'gradient_clip_val': 0.15484291974154016, 'hidden_size': 32, 'dropout': 0.32271607132339714, 'hidden_continuous_size': 19, 'attention_head_size': 4, 'learning_rate': 0.029644188888730844}. Best is trial 82 with value: 76.45369720458984.
LOCAL_RANK: 0 - CUDA_VISIBLE_DEVICES: [0]
[I 2023-11-30 11:19:38,429] Trial 118 finished with value: 91.6104965209961 and parameters: {'gradient_clip_val': 0.19090778743727052, 'hidden_size': 48, 'dropout': 0.3597657240429197, 'hidden_continuous_size': 24, 'attention_head_size': 4, 'learning_rate': 0.019658432374110243}. Best is trial 82 with value: 76.45369720458984.
LOCAL_RANK: 0 - CUDA_VISIBLE_DEVICES: [0]
[I 2023-11-30 11:19:51,083] Trial 119 finished with value: 93.22269439697266 and parameters: {'gradient_clip_val': 0.1662287302539004, 'hidden_size': 30, 'dropout': 0.34701933109589717, 'hidden_continuous_size': 15, 'attention_head_size': 4, 'learning_rate': 0.050567967010373686}. Best is trial 82 with value: 76.45369720458984.
LOCAL_RANK: 0 - CUDA_VISIBLE_DEVICES: [0]
[I 2023-11-30 11:20:03,847] Trial 120 finished with value: 81.33202362060547 and parameters: {'gradient_clip_val': 0.20868787981444123, 'hidden_size': 35, 'dropout': 0.33524510407307945, 'hidden_continuous_size': 20, 'attention_head_size': 4, 'learning_rate': 0.02510988115390195}. Best is trial 82 with value: 76.45369720458984.
LOCAL_RANK: 0 - CUDA_VISIBLE_DEVICES: [0]
[I 2023-11-30 11:20:16,772] Trial 121 finished with value: 125.32674407958984 and parameters: {'gradient_clip_val': 0.20869344364300227, 'hidden_size': 35, 'dropout': 0.33708768580036064, 'hidden_continuous_size': 20, 'attention_head_size': 4, 'learning_rate': 0.025416467740274548}. Best is trial 82 with value: 76.45369720458984.
LOCAL_RANK: 0 - CUDA_VISIBLE_DEVICES: [0]
[I 2023-11-30 11:20:29,605] Trial 122 finished with value: 84.3506851196289 and parameters: {'gradient_clip_val': 0.17749237096897863, 'hidden_size': 33, 'dropout': 0.3290496718865366, 'hidden_continuous_size': 19, 'attention_head_size': 4, 'learning_rate': 0.02320840744840822}. Best is trial 82 with value: 76.45369720458984.
LOCAL_RANK: 0 - CUDA_VISIBLE_DEVICES: [0]
[I 2023-11-30 11:20:42,411] Trial 123 finished with value: 98.4002456665039 and parameters: {'gradient_clip_val': 0.20228792778532226, 'hidden_size': 38, 'dropout': 0.35563613526363924, 'hidden_continuous_size': 20, 'attention_head_size': 4, 'learning_rate': 0.022902125937649873}. Best is trial 82 with value: 76.45369720458984.
LOCAL_RANK: 0 - CUDA_VISIBLE_DEVICES: [0]
[I 2023-11-30 11:20:54,892] Trial 124 finished with value: 84.19217681884766 and parameters: {'gradient_clip_val': 0.17798253011520204, 'hidden_size': 32, 'dropout': 0.3067114591244552, 'hidden_continuous_size': 19, 'attention_head_size': 4, 'learning_rate': 0.017460315045465795}. Best is trial 82 with value: 76.45369720458984.
LOCAL_RANK: 0 - CUDA_VISIBLE_DEVICES: [0]
[I 2023-11-30 11:21:07,903] Trial 125 finished with value: 95.87374114990234 and parameters: {'gradient_clip_val': 0.1825261520263947, 'hidden_size': 42, 'dropout': 0.330852224927742, 'hidden_continuous_size': 21, 'attention_head_size': 4, 'learning_rate': 0.01678221215905569}. Best is trial 82 with value: 76.45369720458984.
LOCAL_RANK: 0 - CUDA_VISIBLE_DEVICES: [0]
[I 2023-11-30 11:21:21,060] Trial 126 finished with value: 94.92449188232422 and parameters: {'gradient_clip_val': 0.19477464685319326, 'hidden_size': 34, 'dropout': 0.3142151224732458, 'hidden_continuous_size': 18, 'attention_head_size': 4, 'learning_rate': 0.021459840737372508}. Best is trial 82 with value: 76.45369720458984.
LOCAL_RANK: 0 - CUDA_VISIBLE_DEVICES: [0]
[I 2023-11-30 11:21:33,632] Trial 127 finished with value: 82.13433074951172 and parameters: {'gradient_clip_val': 0.17564822446741848, 'hidden_size': 30, 'dropout': 0.30300941171302276, 'hidden_continuous_size': 19, 'attention_head_size': 4, 'learning_rate': 0.01924983663681684}. Best is trial 82 with value: 76.45369720458984.
LOCAL_RANK: 0 - CUDA_VISIBLE_DEVICES: [0]
[I 2023-11-30 11:21:46,340] Trial 128 finished with value: 87.0431900024414 and parameters: {'gradient_clip_val': 0.17525965884673567, 'hidden_size': 29, 'dropout': 0.3018960185514554, 'hidden_continuous_size': 19, 'attention_head_size': 4, 'learning_rate': 0.016360243652076462}. Best is trial 82 with value: 76.45369720458984.
LOCAL_RANK: 0 - CUDA_VISIBLE_DEVICES: [0]
[I 2023-11-30 11:21:58,858] Trial 129 finished with value: 109.70153045654297 and parameters: {'gradient_clip_val': 0.1635285883259014, 'hidden_size': 30, 'dropout': 0.2994823318768199, 'hidden_continuous_size': 20, 'attention_head_size': 4, 'learning_rate': 0.014748427231282443}. Best is trial 82 with value: 76.45369720458984.
LOCAL_RANK: 0 - CUDA_VISIBLE_DEVICES: [0]
[I 2023-11-30 11:22:11,431] Trial 130 finished with value: 70.5261459350586 and parameters: {'gradient_clip_val': 0.1550941721512408, 'hidden_size': 27, 'dropout': 0.30979256656041165, 'hidden_continuous_size': 18, 'attention_head_size': 4, 'learning_rate': 0.01971026149151299}. Best is trial 130 with value: 70.5261459350586.
LOCAL_RANK: 0 - CUDA_VISIBLE_DEVICES: [0]
[I 2023-11-30 11:22:24,199] Trial 131 finished with value: 88.918701171875 and parameters: {'gradient_clip_val': 0.1576614582833036, 'hidden_size': 26, 'dropout': 0.3067359693283283, 'hidden_continuous_size': 18, 'attention_head_size': 4, 'learning_rate': 0.018199709805501983}. Best is trial 130 with value: 70.5261459350586.
LOCAL_RANK: 0 - CUDA_VISIBLE_DEVICES: [0]
[I 2023-11-30 11:22:36,621] Trial 132 finished with value: 110.71847534179688 and parameters: {'gradient_clip_val': 0.15116312300962043, 'hidden_size': 27, 'dropout': 0.3078447595582919, 'hidden_continuous_size': 19, 'attention_head_size': 4, 'learning_rate': 0.01999243030217675}. Best is trial 130 with value: 70.5261459350586.
LOCAL_RANK: 0 - CUDA_VISIBLE_DEVICES: [0]
[I 2023-11-30 11:22:49,416] Trial 133 finished with value: 88.3871078491211 and parameters: {'gradient_clip_val': 0.17830996475332295, 'hidden_size': 33, 'dropout': 0.31920741680687414, 'hidden_continuous_size': 19, 'attention_head_size': 4, 'learning_rate': 0.02430926329535067}. Best is trial 130 with value: 70.5261459350586.
LOCAL_RANK: 0 - CUDA_VISIBLE_DEVICES: [0]
[I 2023-11-30 11:23:02,094] Trial 134 finished with value: 81.05769348144531 and parameters: {'gradient_clip_val': 0.16952550863756374, 'hidden_size': 31, 'dropout': 0.29682134184117526, 'hidden_continuous_size': 18, 'attention_head_size': 4, 'learning_rate': 0.018500872485350126}. Best is trial 130 with value: 70.5261459350586.
LOCAL_RANK: 0 - CUDA_VISIBLE_DEVICES: [0]
[I 2023-11-30 11:23:14,733] Trial 135 finished with value: 92.90374755859375 and parameters: {'gradient_clip_val': 0.1690655952497589, 'hidden_size': 31, 'dropout': 0.2995477917755478, 'hidden_continuous_size': 20, 'attention_head_size': 4, 'learning_rate': 0.018552539712289}. Best is trial 130 with value: 70.5261459350586.
LOCAL_RANK: 0 - CUDA_VISIBLE_DEVICES: [0]
[I 2023-11-30 11:23:27,449] Trial 136 finished with value: 90.73595428466797 and parameters: {'gradient_clip_val': 0.16144837439317367, 'hidden_size': 28, 'dropout': 0.2900088573251197, 'hidden_continuous_size': 18, 'attention_head_size': 4, 'learning_rate': 0.02027079028658185}. Best is trial 130 with value: 70.5261459350586.
LOCAL_RANK: 0 - CUDA_VISIBLE_DEVICES: [0]
[I 2023-11-30 11:23:39,949] Trial 137 finished with value: 90.97154998779297 and parameters: {'gradient_clip_val': 0.19808485836517042, 'hidden_size': 29, 'dropout': 0.28308897885432277, 'hidden_continuous_size': 18, 'attention_head_size': 4, 'learning_rate': 0.016656780704885788}. Best is trial 130 with value: 70.5261459350586.
LOCAL_RANK: 0 - CUDA_VISIBLE_DEVICES: [0]
[I 2023-11-30 11:23:52,195] Trial 138 finished with value: 89.8324203491211 and parameters: {'gradient_clip_val': 0.1522854051809967, 'hidden_size': 24, 'dropout': 0.30954561126592484, 'hidden_continuous_size': 14, 'attention_head_size': 4, 'learning_rate': 0.02305031911596446}. Best is trial 130 with value: 70.5261459350586.
LOCAL_RANK: 0 - CUDA_VISIBLE_DEVICES: [0]
[I 2023-11-30 11:24:04,482] Trial 139 finished with value: 137.53839111328125 and parameters: {'gradient_clip_val': 0.17408367271101902, 'hidden_size': 23, 'dropout': 0.30558565730591464, 'hidden_continuous_size': 13, 'attention_head_size': 4, 'learning_rate': 0.012708558915228986}. Best is trial 130 with value: 70.5261459350586.
LOCAL_RANK: 0 - CUDA_VISIBLE_DEVICES: [0]
[I 2023-11-30 11:24:17,053] Trial 140 finished with value: 126.72381591796875 and parameters: {'gradient_clip_val': 0.24467068842946074, 'hidden_size': 32, 'dropout': 0.295184670689947, 'hidden_continuous_size': 19, 'attention_head_size': 4, 'learning_rate': 0.027376310829773372}. Best is trial 130 with value: 70.5261459350586.
LOCAL_RANK: 0 - CUDA_VISIBLE_DEVICES: [0]
[I 2023-11-30 11:24:30,053] Trial 141 finished with value: 85.12279510498047 and parameters: {'gradient_clip_val': 0.18696879479370038, 'hidden_size': 34, 'dropout': 0.32415694050061, 'hidden_continuous_size': 19, 'attention_head_size': 4, 'learning_rate': 0.02123673638086901}. Best is trial 130 with value: 70.5261459350586.
LOCAL_RANK: 0 - CUDA_VISIBLE_DEVICES: [0]
[I 2023-11-30 11:24:42,797] Trial 142 finished with value: 98.8612289428711 and parameters: {'gradient_clip_val': 0.18895062866564316, 'hidden_size': 36, 'dropout': 0.34271063813239333, 'hidden_continuous_size': 21, 'attention_head_size': 4, 'learning_rate': 0.02614714324686715}. Best is trial 130 with value: 70.5261459350586.
LOCAL_RANK: 0 - CUDA_VISIBLE_DEVICES: [0]
[I 2023-11-30 11:24:55,328] Trial 143 finished with value: 147.84373474121094 and parameters: {'gradient_clip_val': 0.1668210119656307, 'hidden_size': 27, 'dropout': 0.32784405017234025, 'hidden_continuous_size': 18, 'attention_head_size': 4, 'learning_rate': 0.017323822452028168}. Best is trial 130 with value: 70.5261459350586.
LOCAL_RANK: 0 - CUDA_VISIBLE_DEVICES: [0]
[I 2023-11-30 11:25:08,071] Trial 144 finished with value: 129.19000244140625 and parameters: {'gradient_clip_val': 0.2297178141038733, 'hidden_size': 33, 'dropout': 0.31510951118426817, 'hidden_continuous_size': 20, 'attention_head_size': 4, 'learning_rate': 0.019100512978679932}. Best is trial 130 with value: 70.5261459350586.
LOCAL_RANK: 0 - CUDA_VISIBLE_DEVICES: [0]
[I 2023-11-30 11:25:20,944] Trial 145 finished with value: 185.1441650390625 and parameters: {'gradient_clip_val': 0.17841842604923763, 'hidden_size': 40, 'dropout': 0.3499788755096967, 'hidden_continuous_size': 21, 'attention_head_size': 4, 'learning_rate': 0.015514482597832195}. Best is trial 130 with value: 70.5261459350586.
LOCAL_RANK: 0 - CUDA_VISIBLE_DEVICES: [0]
[I 2023-11-30 11:25:33,803] Trial 146 finished with value: 75.19038391113281 and parameters: {'gradient_clip_val': 0.2099786701379298, 'hidden_size': 30, 'dropout': 0.33848881376870676, 'hidden_continuous_size': 18, 'attention_head_size': 4, 'learning_rate': 0.022993698753779643}. Best is trial 130 with value: 70.5261459350586.
LOCAL_RANK: 0 - CUDA_VISIBLE_DEVICES: [0]
[I 2023-11-30 11:25:46,361] Trial 147 finished with value: 95.9500732421875 and parameters: {'gradient_clip_val': 0.21343440355803667, 'hidden_size': 30, 'dropout': 0.3383145378711722, 'hidden_continuous_size': 17, 'attention_head_size': 4, 'learning_rate': 0.021597387721420853}. Best is trial 130 with value: 70.5261459350586.
LOCAL_RANK: 0 - CUDA_VISIBLE_DEVICES: [0]
[I 2023-11-30 11:25:58,797] Trial 148 finished with value: 94.36544799804688 and parameters: {'gradient_clip_val': 0.2070081552891239, 'hidden_size': 26, 'dropout': 0.3033973701317439, 'hidden_continuous_size': 14, 'attention_head_size': 4, 'learning_rate': 0.024409716657680307}. Best is trial 130 with value: 70.5261459350586.
LOCAL_RANK: 0 - CUDA_VISIBLE_DEVICES: [0]
[I 2023-11-30 11:26:11,336] Trial 149 finished with value: 95.22576141357422 and parameters: {'gradient_clip_val': 0.24637545851940895, 'hidden_size': 25, 'dropout': 0.32091830537162774, 'hidden_continuous_size': 19, 'attention_head_size': 4, 'learning_rate': 0.02834086973444552}. Best is trial 130 with value: 70.5261459350586.
[I 2023-11-30 11:26:11,449] A new study created in memory with name: no-name-3bfcd4d8-d4bf-4cd6-93de-eac43d4148b9
/home/le004/conda/anaconda3/envs/tsff_env/lib/python3.9/site-packages/lightning/fabric/plugins/environments/slurm.py:191: The `srun` command is available on your system but is not used. HINT: If your intention is to run Lightning on SLURM, prepend your python command with `srun` like so: srun python /home/le004/master_thesis/git/TSFusionForecast/code/ ...
LOCAL_RANK: 0 - CUDA_VISIBLE_DEVICES: [0]
[I 2023-11-30 11:26:21,688] Trial 0 finished with value: 177.49586486816406 and parameters: {'gradient_clip_val': 0.12228060297029404, 'hidden_size': 40, 'dropout': 0.24814111806068714, 'hidden_continuous_size': 40, 'attention_head_size': 1, 'learning_rate': 0.006279519081511797}. Best is trial 0 with value: 177.49586486816406.
LOCAL_RANK: 0 - CUDA_VISIBLE_DEVICES: [0]
[I 2023-11-30 11:26:34,977] Trial 1 finished with value: 187.44056701660156 and parameters: {'gradient_clip_val': 0.25429065713563476, 'hidden_size': 42, 'dropout': 0.3447323149371434, 'hidden_continuous_size': 36, 'attention_head_size': 3, 'learning_rate': 0.044666165427506774}. Best is trial 0 with value: 177.49586486816406.
LOCAL_RANK: 0 - CUDA_VISIBLE_DEVICES: [0]
[I 2023-11-30 11:26:46,924] Trial 2 finished with value: 1101.8192138671875 and parameters: {'gradient_clip_val': 0.8693506952130958, 'hidden_size': 12, 'dropout': 0.10944150678377032, 'hidden_continuous_size': 10, 'attention_head_size': 3, 'learning_rate': 0.004090238933421125}. Best is trial 0 with value: 177.49586486816406.
LOCAL_RANK: 0 - CUDA_VISIBLE_DEVICES: [0]
[I 2023-11-30 11:26:59,137] Trial 3 finished with value: 1306.767822265625 and parameters: {'gradient_clip_val': 0.14996050779573497, 'hidden_size': 14, 'dropout': 0.339540609608492, 'hidden_continuous_size': 11, 'attention_head_size': 4, 'learning_rate': 0.0012784015925711059}. Best is trial 0 with value: 177.49586486816406.
LOCAL_RANK: 0 - CUDA_VISIBLE_DEVICES: [0]
[I 2023-11-30 11:27:11,498] Trial 4 finished with value: 172.16712951660156 and parameters: {'gradient_clip_val': 0.13879397163245813, 'hidden_size': 31, 'dropout': 0.12508858348770652, 'hidden_continuous_size': 10, 'attention_head_size': 3, 'learning_rate': 0.016134497892526255}. Best is trial 4 with value: 172.16712951660156.
LOCAL_RANK: 0 - CUDA_VISIBLE_DEVICES: [0]
[I 2023-11-30 11:27:24,307] Trial 5 finished with value: 162.7274932861328 and parameters: {'gradient_clip_val': 0.1347376269377301, 'hidden_size': 37, 'dropout': 0.1020100758522525, 'hidden_continuous_size': 23, 'attention_head_size': 3, 'learning_rate': 0.017789278196589698}. Best is trial 5 with value: 162.7274932861328.
LOCAL_RANK: 0 - CUDA_VISIBLE_DEVICES: [0]
[I 2023-11-30 11:27:37,438] Trial 6 finished with value: 190.6536865234375 and parameters: {'gradient_clip_val': 0.3433495966816224, 'hidden_size': 52, 'dropout': 0.2460468404573994, 'hidden_continuous_size': 27, 'attention_head_size': 2, 'learning_rate': 0.009246702952946557}. Best is trial 5 with value: 162.7274932861328.
LOCAL_RANK: 0 - CUDA_VISIBLE_DEVICES: [0]
[I 2023-11-30 11:27:51,456] Trial 7 finished with value: 150.10638427734375 and parameters: {'gradient_clip_val': 0.13263367489150774, 'hidden_size': 108, 'dropout': 0.2533090885572798, 'hidden_continuous_size': 38, 'attention_head_size': 4, 'learning_rate': 0.005481460370597169}. Best is trial 7 with value: 150.10638427734375.
LOCAL_RANK: 0 - CUDA_VISIBLE_DEVICES: [0]
[I 2023-11-30 11:28:03,768] Trial 8 finished with value: 392.1262512207031 and parameters: {'gradient_clip_val': 0.44258176449977704, 'hidden_size': 19, 'dropout': 0.29565756222911854, 'hidden_continuous_size': 14, 'attention_head_size': 3, 'learning_rate': 0.013924161779476876}. Best is trial 7 with value: 150.10638427734375.
LOCAL_RANK: 0 - CUDA_VISIBLE_DEVICES: [0]
[I 2023-11-30 11:28:16,816] Trial 9 finished with value: 376.7737121582031 and parameters: {'gradient_clip_val': 0.11494180159586376, 'hidden_size': 60, 'dropout': 0.37858595707581744, 'hidden_continuous_size': 20, 'attention_head_size': 2, 'learning_rate': 0.001451341458798515}. Best is trial 7 with value: 150.10638427734375.
LOCAL_RANK: 0 - CUDA_VISIBLE_DEVICES: [0]
