[I 2023-11-30 01:33:03,043] Trial 108 finished with value: 1167.07373046875 and parameters: {'gradient_clip_val': 0.24222323814580302, 'hidden_size': 21, 'dropout': 0.3478549888409498, 'hidden_continuous_size': 12, 'attention_head_size': 4, 'learning_rate': 0.021025727575755517}. Best is trial 55 with value: 1091.1256103515625.
LOCAL_RANK: 0 - CUDA_VISIBLE_DEVICES: [0]
[I 2023-11-30 01:33:14,752] Trial 109 finished with value: 1381.8895263671875 and parameters: {'gradient_clip_val': 0.23671450815474526, 'hidden_size': 20, 'dropout': 0.3504217885147641, 'hidden_continuous_size': 12, 'attention_head_size': 4, 'learning_rate': 0.021099877156154034}. Best is trial 55 with value: 1091.1256103515625.
LOCAL_RANK: 0 - CUDA_VISIBLE_DEVICES: [0]
[I 2023-11-30 01:33:26,819] Trial 110 finished with value: 1369.7413330078125 and parameters: {'gradient_clip_val': 0.25472024370181673, 'hidden_size': 26, 'dropout': 0.3583889652438645, 'hidden_continuous_size': 12, 'attention_head_size': 4, 'learning_rate': 0.018400453781896833}. Best is trial 55 with value: 1091.1256103515625.
LOCAL_RANK: 0 - CUDA_VISIBLE_DEVICES: [0]
[I 2023-11-30 01:33:38,772] Trial 111 finished with value: 1343.4686279296875 and parameters: {'gradient_clip_val': 0.24487003378330657, 'hidden_size': 21, 'dropout': 0.36293762768182797, 'hidden_continuous_size': 12, 'attention_head_size': 4, 'learning_rate': 0.0248858517118244}. Best is trial 55 with value: 1091.1256103515625.
LOCAL_RANK: 0 - CUDA_VISIBLE_DEVICES: [0]
[I 2023-11-30 01:33:51,017] Trial 112 finished with value: 1300.936767578125 and parameters: {'gradient_clip_val': 0.2168234610485351, 'hidden_size': 23, 'dropout': 0.38895617016273376, 'hidden_continuous_size': 12, 'attention_head_size': 4, 'learning_rate': 0.030664455479859663}. Best is trial 55 with value: 1091.1256103515625.
LOCAL_RANK: 0 - CUDA_VISIBLE_DEVICES: [0]
[I 2023-11-30 01:34:03,183] Trial 113 finished with value: 1275.8505859375 and parameters: {'gradient_clip_val': 0.285121033957765, 'hidden_size': 22, 'dropout': 0.3461416355009529, 'hidden_continuous_size': 12, 'attention_head_size': 4, 'learning_rate': 0.026954186874620444}. Best is trial 55 with value: 1091.1256103515625.
LOCAL_RANK: 0 - CUDA_VISIBLE_DEVICES: [0]
[I 2023-11-30 01:34:15,405] Trial 114 finished with value: 1417.1380615234375 and parameters: {'gradient_clip_val': 0.2610406799520411, 'hidden_size': 28, 'dropout': 0.3421665163805703, 'hidden_continuous_size': 15, 'attention_head_size': 4, 'learning_rate': 0.022158496030308384}. Best is trial 55 with value: 1091.1256103515625.
LOCAL_RANK: 0 - CUDA_VISIBLE_DEVICES: [0]
[I 2023-11-30 01:34:27,340] Trial 115 finished with value: 1515.5242919921875 and parameters: {'gradient_clip_val': 0.23534945390706521, 'hidden_size': 16, 'dropout': 0.35440842477595136, 'hidden_continuous_size': 13, 'attention_head_size': 4, 'learning_rate': 0.02479629132307117}. Best is trial 55 with value: 1091.1256103515625.
LOCAL_RANK: 0 - CUDA_VISIBLE_DEVICES: [0]
[I 2023-11-30 01:34:39,390] Trial 116 finished with value: 1212.03662109375 and parameters: {'gradient_clip_val': 0.2661542927744059, 'hidden_size': 19, 'dropout': 0.39560128477242323, 'hidden_continuous_size': 12, 'attention_head_size': 4, 'learning_rate': 0.020340894878672328}. Best is trial 55 with value: 1091.1256103515625.
LOCAL_RANK: 0 - CUDA_VISIBLE_DEVICES: [0]
[I 2023-11-30 01:34:51,611] Trial 117 finished with value: 1744.7041015625 and parameters: {'gradient_clip_val': 0.2714806906770807, 'hidden_size': 17, 'dropout': 0.3955858293637823, 'hidden_continuous_size': 12, 'attention_head_size': 4, 'learning_rate': 0.017260806437807013}. Best is trial 55 with value: 1091.1256103515625.
LOCAL_RANK: 0 - CUDA_VISIBLE_DEVICES: [0]
[I 2023-11-30 01:35:03,668] Trial 118 finished with value: 1558.9508056640625 and parameters: {'gradient_clip_val': 0.22088480953428857, 'hidden_size': 19, 'dropout': 0.3998145717434978, 'hidden_continuous_size': 12, 'attention_head_size': 4, 'learning_rate': 0.019797978258886965}. Best is trial 55 with value: 1091.1256103515625.
LOCAL_RANK: 0 - CUDA_VISIBLE_DEVICES: [0]
[I 2023-11-30 01:35:15,439] Trial 119 finished with value: 1272.7215576171875 and parameters: {'gradient_clip_val': 0.24564023059469003, 'hidden_size': 24, 'dropout': 0.39014578597287847, 'hidden_continuous_size': 11, 'attention_head_size': 3, 'learning_rate': 0.02292803018288472}. Best is trial 55 with value: 1091.1256103515625.
LOCAL_RANK: 0 - CUDA_VISIBLE_DEVICES: [0]
[I 2023-11-30 01:35:27,392] Trial 120 finished with value: 1464.1431884765625 and parameters: {'gradient_clip_val': 0.2638832906247153, 'hidden_size': 19, 'dropout': 0.38193263891059925, 'hidden_continuous_size': 12, 'attention_head_size': 4, 'learning_rate': 0.016343534275592576}. Best is trial 55 with value: 1091.1256103515625.
LOCAL_RANK: 0 - CUDA_VISIBLE_DEVICES: [0]
[I 2023-11-30 01:35:39,293] Trial 121 finished with value: 1187.3760986328125 and parameters: {'gradient_clip_val': 0.2918069355484885, 'hidden_size': 21, 'dropout': 0.3683731352580107, 'hidden_continuous_size': 13, 'attention_head_size': 4, 'learning_rate': 0.02015776059297542}. Best is trial 55 with value: 1091.1256103515625.
LOCAL_RANK: 0 - CUDA_VISIBLE_DEVICES: [0]
[I 2023-11-30 01:35:51,344] Trial 122 finished with value: 1552.2623291015625 and parameters: {'gradient_clip_val': 0.2837851539065456, 'hidden_size': 20, 'dropout': 0.3937446362380721, 'hidden_continuous_size': 13, 'attention_head_size': 4, 'learning_rate': 0.020664530781489873}. Best is trial 55 with value: 1091.1256103515625.
LOCAL_RANK: 0 - CUDA_VISIBLE_DEVICES: [0]
[I 2023-11-30 01:36:03,305] Trial 123 finished with value: 1911.2923583984375 and parameters: {'gradient_clip_val': 0.23206887304782658, 'hidden_size': 17, 'dropout': 0.37553115252264657, 'hidden_continuous_size': 13, 'attention_head_size': 4, 'learning_rate': 0.01890976138422456}. Best is trial 55 with value: 1091.1256103515625.
LOCAL_RANK: 0 - CUDA_VISIBLE_DEVICES: [0]
[I 2023-11-30 01:36:15,299] Trial 124 finished with value: 1363.8656005859375 and parameters: {'gradient_clip_val': 0.27046681402219663, 'hidden_size': 25, 'dropout': 0.3303355059000365, 'hidden_continuous_size': 14, 'attention_head_size': 4, 'learning_rate': 0.027034835887406197}. Best is trial 55 with value: 1091.1256103515625.
LOCAL_RANK: 0 - CUDA_VISIBLE_DEVICES: [0]
[I 2023-11-30 01:36:27,388] Trial 125 finished with value: 1339.3404541015625 and parameters: {'gradient_clip_val': 0.2519554462552932, 'hidden_size': 22, 'dropout': 0.386587190909603, 'hidden_continuous_size': 12, 'attention_head_size': 4, 'learning_rate': 0.023951280796147396}. Best is trial 55 with value: 1091.1256103515625.
LOCAL_RANK: 0 - CUDA_VISIBLE_DEVICES: [0]
[I 2023-11-30 01:36:39,348] Trial 126 finished with value: 1639.9915771484375 and parameters: {'gradient_clip_val': 0.3178737737793848, 'hidden_size': 20, 'dropout': 0.33912525054817794, 'hidden_continuous_size': 12, 'attention_head_size': 4, 'learning_rate': 0.012892709245860758}. Best is trial 55 with value: 1091.1256103515625.
LOCAL_RANK: 0 - CUDA_VISIBLE_DEVICES: [0]
[I 2023-11-30 01:36:51,135] Trial 127 finished with value: 2005.3870849609375 and parameters: {'gradient_clip_val': 0.2962232136319317, 'hidden_size': 16, 'dropout': 0.39493396312362034, 'hidden_continuous_size': 10, 'attention_head_size': 4, 'learning_rate': 0.02089148768201995}. Best is trial 55 with value: 1091.1256103515625.
LOCAL_RANK: 0 - CUDA_VISIBLE_DEVICES: [0]
[I 2023-11-30 01:37:03,267] Trial 128 finished with value: 1156.6207275390625 and parameters: {'gradient_clip_val': 0.34001890949150954, 'hidden_size': 18, 'dropout': 0.364166444040615, 'hidden_continuous_size': 13, 'attention_head_size': 4, 'learning_rate': 0.02941250265548246}. Best is trial 55 with value: 1091.1256103515625.
LOCAL_RANK: 0 - CUDA_VISIBLE_DEVICES: [0]
[I 2023-11-30 01:37:15,280] Trial 129 finished with value: 1192.0859375 and parameters: {'gradient_clip_val': 0.3445267474315809, 'hidden_size': 23, 'dropout': 0.347005900761087, 'hidden_continuous_size': 11, 'attention_head_size': 3, 'learning_rate': 0.02935625897854764}. Best is trial 55 with value: 1091.1256103515625.
LOCAL_RANK: 0 - CUDA_VISIBLE_DEVICES: [0]
[I 2023-11-30 01:37:27,404] Trial 130 finished with value: 1392.2562255859375 and parameters: {'gradient_clip_val': 0.34305250471026866, 'hidden_size': 27, 'dropout': 0.3489449404003032, 'hidden_continuous_size': 14, 'attention_head_size': 3, 'learning_rate': 0.03006197079081427}. Best is trial 55 with value: 1091.1256103515625.
LOCAL_RANK: 0 - CUDA_VISIBLE_DEVICES: [0]
[I 2023-11-30 01:37:39,383] Trial 131 finished with value: 1396.6126708984375 and parameters: {'gradient_clip_val': 0.34271292602815806, 'hidden_size': 24, 'dropout': 0.3546649744674345, 'hidden_continuous_size': 11, 'attention_head_size': 3, 'learning_rate': 0.027926492704905777}. Best is trial 55 with value: 1091.1256103515625.
LOCAL_RANK: 0 - CUDA_VISIBLE_DEVICES: [0]
[I 2023-11-30 01:37:51,357] Trial 132 finished with value: 1414.41162109375 and parameters: {'gradient_clip_val': 0.32788374802613884, 'hidden_size': 22, 'dropout': 0.36402659292746203, 'hidden_continuous_size': 17, 'attention_head_size': 3, 'learning_rate': 0.014759107331294418}. Best is trial 55 with value: 1091.1256103515625.
LOCAL_RANK: 0 - CUDA_VISIBLE_DEVICES: [0]
[I 2023-11-30 01:38:03,141] Trial 133 finished with value: 1260.443359375 and parameters: {'gradient_clip_val': 0.3667531513627798, 'hidden_size': 23, 'dropout': 0.3443711861808621, 'hidden_continuous_size': 11, 'attention_head_size': 3, 'learning_rate': 0.022064554823385985}. Best is trial 55 with value: 1091.1256103515625.
LOCAL_RANK: 0 - CUDA_VISIBLE_DEVICES: [0]
[I 2023-11-30 01:38:14,995] Trial 134 finished with value: 1412.9476318359375 and parameters: {'gradient_clip_val': 0.21211102608359042, 'hidden_size': 18, 'dropout': 0.3361316954999021, 'hidden_continuous_size': 10, 'attention_head_size': 3, 'learning_rate': 0.025630517433927566}. Best is trial 55 with value: 1091.1256103515625.
LOCAL_RANK: 0 - CUDA_VISIBLE_DEVICES: [0]
[I 2023-11-30 01:38:27,100] Trial 135 finished with value: 1336.843017578125 and parameters: {'gradient_clip_val': 0.3931033642073268, 'hidden_size': 25, 'dropout': 0.3268730595363033, 'hidden_continuous_size': 11, 'attention_head_size': 4, 'learning_rate': 0.018035452366544132}. Best is trial 55 with value: 1091.1256103515625.
LOCAL_RANK: 0 - CUDA_VISIBLE_DEVICES: [0]
[I 2023-11-30 01:38:39,285] Trial 136 finished with value: 1304.552490234375 and parameters: {'gradient_clip_val': 0.2275404592172021, 'hidden_size': 21, 'dropout': 0.3178246965924567, 'hidden_continuous_size': 12, 'attention_head_size': 4, 'learning_rate': 0.030020453025463016}. Best is trial 55 with value: 1091.1256103515625.
LOCAL_RANK: 0 - CUDA_VISIBLE_DEVICES: [0]
[I 2023-11-30 01:38:51,980] Trial 137 finished with value: 1484.8232421875 and parameters: {'gradient_clip_val': 0.31798838971745674, 'hidden_size': 36, 'dropout': 0.3714970352004376, 'hidden_continuous_size': 20, 'attention_head_size': 4, 'learning_rate': 0.04005295025774864}. Best is trial 55 with value: 1091.1256103515625.
LOCAL_RANK: 0 - CUDA_VISIBLE_DEVICES: [0]
[I 2023-11-30 01:39:03,975] Trial 138 finished with value: 1605.2161865234375 and parameters: {'gradient_clip_val': 0.2866993332079331, 'hidden_size': 19, 'dropout': 0.3594440676593788, 'hidden_continuous_size': 10, 'attention_head_size': 3, 'learning_rate': 0.019734766165536075}. Best is trial 55 with value: 1091.1256103515625.
LOCAL_RANK: 0 - CUDA_VISIBLE_DEVICES: [0]
[I 2023-11-30 01:39:16,238] Trial 139 finished with value: 1266.4013671875 and parameters: {'gradient_clip_val': 0.35614522208957533, 'hidden_size': 28, 'dropout': 0.3797393981427241, 'hidden_continuous_size': 25, 'attention_head_size': 4, 'learning_rate': 0.026963822879590607}. Best is trial 55 with value: 1091.1256103515625.
LOCAL_RANK: 0 - CUDA_VISIBLE_DEVICES: [0]
[I 2023-11-30 01:39:28,050] Trial 140 finished with value: 1461.9979248046875 and parameters: {'gradient_clip_val': 0.2574458694382521, 'hidden_size': 20, 'dropout': 0.36654476487511445, 'hidden_continuous_size': 12, 'attention_head_size': 4, 'learning_rate': 0.02314767784225784}. Best is trial 55 with value: 1091.1256103515625.
LOCAL_RANK: 0 - CUDA_VISIBLE_DEVICES: [0]
[I 2023-11-30 01:39:40,088] Trial 141 finished with value: 1483.7171630859375 and parameters: {'gradient_clip_val': 0.30577923786107714, 'hidden_size': 23, 'dropout': 0.3857154760865848, 'hidden_continuous_size': 13, 'attention_head_size': 4, 'learning_rate': 0.02419059712019988}. Best is trial 55 with value: 1091.1256103515625.
LOCAL_RANK: 0 - CUDA_VISIBLE_DEVICES: [0]
[I 2023-11-30 01:39:52,231] Trial 142 finished with value: 1414.8857421875 and parameters: {'gradient_clip_val': 0.27732388428025534, 'hidden_size': 18, 'dropout': 0.3509321674245327, 'hidden_continuous_size': 13, 'attention_head_size': 4, 'learning_rate': 0.03309479073877005}. Best is trial 55 with value: 1091.1256103515625.
LOCAL_RANK: 0 - CUDA_VISIBLE_DEVICES: [0]
[I 2023-11-30 01:40:04,393] Trial 143 finished with value: 1456.998046875 and parameters: {'gradient_clip_val': 0.33377702348022326, 'hidden_size': 17, 'dropout': 0.3883579955770912, 'hidden_continuous_size': 13, 'attention_head_size': 4, 'learning_rate': 0.021028958186707056}. Best is trial 55 with value: 1091.1256103515625.
LOCAL_RANK: 0 - CUDA_VISIBLE_DEVICES: [0]
[I 2023-11-30 01:40:16,342] Trial 144 finished with value: 1513.408203125 and parameters: {'gradient_clip_val': 0.2922616758418847, 'hidden_size': 15, 'dropout': 0.39566261882250764, 'hidden_continuous_size': 10, 'attention_head_size': 4, 'learning_rate': 0.028966597230610795}. Best is trial 55 with value: 1091.1256103515625.
LOCAL_RANK: 0 - CUDA_VISIBLE_DEVICES: [0]
[I 2023-11-30 01:40:28,604] Trial 145 finished with value: 1377.6080322265625 and parameters: {'gradient_clip_val': 0.30820934267201194, 'hidden_size': 26, 'dropout': 0.376196481874018, 'hidden_continuous_size': 18, 'attention_head_size': 4, 'learning_rate': 0.01655119809811988}. Best is trial 55 with value: 1091.1256103515625.
LOCAL_RANK: 0 - CUDA_VISIBLE_DEVICES: [0]
[I 2023-11-30 01:40:40,993] Trial 146 finished with value: 1173.0087890625 and parameters: {'gradient_clip_val': 0.24426197617880166, 'hidden_size': 21, 'dropout': 0.30255017571838605, 'hidden_continuous_size': 13, 'attention_head_size': 4, 'learning_rate': 0.026375971917064613}. Best is trial 55 with value: 1091.1256103515625.
LOCAL_RANK: 0 - CUDA_VISIBLE_DEVICES: [0]
[I 2023-11-30 01:40:53,037] Trial 147 finished with value: 1558.58935546875 and parameters: {'gradient_clip_val': 0.2700986915492002, 'hidden_size': 21, 'dropout': 0.30518538665287026, 'hidden_continuous_size': 11, 'attention_head_size': 4, 'learning_rate': 0.026148409601991236}. Best is trial 55 with value: 1091.1256103515625.
LOCAL_RANK: 0 - CUDA_VISIBLE_DEVICES: [0]
[I 2023-11-30 01:41:04,957] Trial 148 finished with value: 1450.2952880859375 and parameters: {'gradient_clip_val': 0.24291466539409087, 'hidden_size': 24, 'dropout': 0.32030157484274085, 'hidden_continuous_size': 15, 'attention_head_size': 4, 'learning_rate': 0.031546293329496315}. Best is trial 55 with value: 1091.1256103515625.
LOCAL_RANK: 0 - CUDA_VISIBLE_DEVICES: [0]
[I 2023-11-30 01:41:17,086] Trial 149 finished with value: 1259.5269775390625 and parameters: {'gradient_clip_val': 0.2243725214263914, 'hidden_size': 22, 'dropout': 0.2942541645563301, 'hidden_continuous_size': 14, 'attention_head_size': 3, 'learning_rate': 0.018208520012036468}. Best is trial 55 with value: 1091.1256103515625.
[I 2023-11-30 01:41:17,212] A new study created in memory with name: no-name-0a14a1bf-bf89-4636-bd8c-43084cfaf739
/home/le004/conda/anaconda3/envs/tsff_env/lib/python3.9/site-packages/lightning/fabric/plugins/environments/slurm.py:191: The `srun` command is available on your system but is not used. HINT: If your intention is to run Lightning on SLURM, prepend your python command with `srun` like so: srun python /home/le004/master_thesis/git/TSFusionForecast/code/ ...
LOCAL_RANK: 0 - CUDA_VISIBLE_DEVICES: [0]
[I 2023-11-30 01:41:29,458] Trial 0 finished with value: 1895.4307861328125 and parameters: {'gradient_clip_val': 0.6232949434589135, 'hidden_size': 30, 'dropout': 0.18145195497216998, 'hidden_continuous_size': 19, 'attention_head_size': 2, 'learning_rate': 0.0051267191883537224}. Best is trial 0 with value: 1895.4307861328125.
LOCAL_RANK: 0 - CUDA_VISIBLE_DEVICES: [0]
[I 2023-11-30 01:41:41,422] Trial 1 finished with value: 1775.6781005859375 and parameters: {'gradient_clip_val': 0.3339827856343053, 'hidden_size': 14, 'dropout': 0.3380040208899191, 'hidden_continuous_size': 10, 'attention_head_size': 2, 'learning_rate': 0.014032249029313697}. Best is trial 1 with value: 1775.6781005859375.
LOCAL_RANK: 0 - CUDA_VISIBLE_DEVICES: [0]
[I 2023-11-30 01:41:53,972] Trial 2 finished with value: 834.0802612304688 and parameters: {'gradient_clip_val': 0.30320706467125125, 'hidden_size': 35, 'dropout': 0.1279281652217028, 'hidden_continuous_size': 15, 'attention_head_size': 4, 'learning_rate': 0.07774050311277773}. Best is trial 2 with value: 834.0802612304688.
LOCAL_RANK: 0 - CUDA_VISIBLE_DEVICES: [0]
[I 2023-11-30 01:42:07,310] Trial 3 finished with value: 965.0165405273438 and parameters: {'gradient_clip_val': 0.1070072654682284, 'hidden_size': 59, 'dropout': 0.3647883286209156, 'hidden_continuous_size': 52, 'attention_head_size': 2, 'learning_rate': 0.03333144629366031}. Best is trial 2 with value: 834.0802612304688.
LOCAL_RANK: 0 - CUDA_VISIBLE_DEVICES: [0]
[I 2023-11-30 01:42:20,387] Trial 4 finished with value: 1887.693359375 and parameters: {'gradient_clip_val': 0.10018159619677915, 'hidden_size': 98, 'dropout': 0.23788272515218645, 'hidden_continuous_size': 13, 'attention_head_size': 1, 'learning_rate': 0.002113925188746451}. Best is trial 2 with value: 834.0802612304688.
LOCAL_RANK: 0 - CUDA_VISIBLE_DEVICES: [0]
[I 2023-11-30 01:42:33,833] Trial 5 finished with value: 1014.8157348632812 and parameters: {'gradient_clip_val': 0.6609090401102007, 'hidden_size': 78, 'dropout': 0.25010758838184377, 'hidden_continuous_size': 33, 'attention_head_size': 4, 'learning_rate': 0.0527914987912691}. Best is trial 2 with value: 834.0802612304688.
LOCAL_RANK: 0 - CUDA_VISIBLE_DEVICES: [0]
[I 2023-11-30 01:42:46,636] Trial 6 finished with value: 936.29248046875 and parameters: {'gradient_clip_val': 0.40049635296869857, 'hidden_size': 41, 'dropout': 0.3946432953767347, 'hidden_continuous_size': 29, 'attention_head_size': 4, 'learning_rate': 0.01143397251723323}. Best is trial 2 with value: 834.0802612304688.
LOCAL_RANK: 0 - CUDA_VISIBLE_DEVICES: [0]
[I 2023-11-30 01:42:59,881] Trial 7 finished with value: 1133.986083984375 and parameters: {'gradient_clip_val': 0.40841360296832857, 'hidden_size': 101, 'dropout': 0.39340568950235943, 'hidden_continuous_size': 18, 'attention_head_size': 1, 'learning_rate': 0.02140716551715223}. Best is trial 2 with value: 834.0802612304688.
LOCAL_RANK: 0 - CUDA_VISIBLE_DEVICES: [0]
[I 2023-11-30 01:43:12,115] Trial 8 finished with value: 3894.781982421875 and parameters: {'gradient_clip_val': 0.4790939399072063, 'hidden_size': 23, 'dropout': 0.20553488383831048, 'hidden_continuous_size': 22, 'attention_head_size': 4, 'learning_rate': 0.0015895366606570858}. Best is trial 2 with value: 834.0802612304688.
LOCAL_RANK: 0 - CUDA_VISIBLE_DEVICES: [0]
[I 2023-11-30 01:43:24,733] Trial 9 finished with value: 965.3397827148438 and parameters: {'gradient_clip_val': 0.913703035086151, 'hidden_size': 46, 'dropout': 0.3069616684020942, 'hidden_continuous_size': 32, 'attention_head_size': 1, 'learning_rate': 0.017414419659758266}. Best is trial 2 with value: 834.0802612304688.
LOCAL_RANK: 0 - CUDA_VISIBLE_DEVICES: [0]
[I 2023-11-30 01:43:39,296] Trial 10 finished with value: 865.7886352539062 and parameters: {'gradient_clip_val': 0.20065507652653086, 'hidden_size': 140, 'dropout': 0.11279980836826542, 'hidden_continuous_size': 130, 'attention_head_size': 3, 'learning_rate': 0.08338381130107884}. Best is trial 2 with value: 834.0802612304688.
LOCAL_RANK: 0 - CUDA_VISIBLE_DEVICES: [0]
[I 2023-11-30 01:43:53,978] Trial 11 finished with value: 926.9912109375 and parameters: {'gradient_clip_val': 0.21648706313241267, 'hidden_size': 142, 'dropout': 0.10161133646047349, 'hidden_continuous_size': 103, 'attention_head_size': 3, 'learning_rate': 0.0794748498627008}. Best is trial 2 with value: 834.0802612304688.
LOCAL_RANK: 0 - CUDA_VISIBLE_DEVICES: [0]
[I 2023-11-30 01:44:06,654] Trial 12 finished with value: 1088.6708984375 and parameters: {'gradient_clip_val': 0.2220996501053871, 'hidden_size': 59, 'dropout': 0.10084493520828525, 'hidden_continuous_size': 14, 'attention_head_size': 3, 'learning_rate': 0.07849270815534451}. Best is trial 2 with value: 834.0802612304688.
LOCAL_RANK: 0 - CUDA_VISIBLE_DEVICES: [0]
[I 2023-11-30 01:44:18,872] Trial 13 finished with value: 1125.6353759765625 and parameters: {'gradient_clip_val': 0.2457110067161191, 'hidden_size': 27, 'dropout': 0.1445530693471077, 'hidden_continuous_size': 12, 'attention_head_size': 3, 'learning_rate': 0.040230138359812026}. Best is trial 2 with value: 834.0802612304688.
LOCAL_RANK: 0 - CUDA_VISIBLE_DEVICES: [0]
[I 2023-11-30 01:44:33,440] Trial 14 finished with value: 978.0679321289062 and parameters: {'gradient_clip_val': 0.15753448579959814, 'hidden_size': 142, 'dropout': 0.14424627283837554, 'hidden_continuous_size': 124, 'attention_head_size': 4, 'learning_rate': 0.06469919007521474}. Best is trial 2 with value: 834.0802612304688.
LOCAL_RANK: 0 - CUDA_VISIBLE_DEVICES: [0]
