[I 2023-11-30 12:20:45,463] Trial 143 finished with value: 57.81805419921875 and parameters: {'gradient_clip_val': 0.22150615386906652, 'hidden_size': 43, 'dropout': 0.25703450565170116, 'hidden_continuous_size': 30, 'attention_head_size': 1, 'learning_rate': 0.006847519748235544}. Best is trial 32 with value: 45.3888053894043.
LOCAL_RANK: 0 - CUDA_VISIBLE_DEVICES: [0]
[I 2023-11-30 12:20:57,820] Trial 144 finished with value: 58.4336051940918 and parameters: {'gradient_clip_val': 0.2307476344699141, 'hidden_size': 35, 'dropout': 0.24574954802285068, 'hidden_continuous_size': 27, 'attention_head_size': 1, 'learning_rate': 0.007481112988313362}. Best is trial 32 with value: 45.3888053894043.
LOCAL_RANK: 0 - CUDA_VISIBLE_DEVICES: [0]
[I 2023-11-30 12:21:10,417] Trial 145 finished with value: 62.61143112182617 and parameters: {'gradient_clip_val': 0.18342954929656827, 'hidden_size': 41, 'dropout': 0.238780459020511, 'hidden_continuous_size': 32, 'attention_head_size': 2, 'learning_rate': 0.0170551799948964}. Best is trial 32 with value: 45.3888053894043.
LOCAL_RANK: 0 - CUDA_VISIBLE_DEVICES: [0]
[I 2023-11-30 12:21:22,618] Trial 146 finished with value: 62.69355392456055 and parameters: {'gradient_clip_val': 0.21192641381599797, 'hidden_size': 32, 'dropout': 0.2670650019240174, 'hidden_continuous_size': 26, 'attention_head_size': 1, 'learning_rate': 0.013354013362631029}. Best is trial 32 with value: 45.3888053894043.
LOCAL_RANK: 0 - CUDA_VISIBLE_DEVICES: [0]
[I 2023-11-30 12:21:34,971] Trial 147 finished with value: 55.3671875 and parameters: {'gradient_clip_val': 0.16947212544715964, 'hidden_size': 25, 'dropout': 0.3105628916642497, 'hidden_continuous_size': 23, 'attention_head_size': 2, 'learning_rate': 0.010312183352694173}. Best is trial 32 with value: 45.3888053894043.
LOCAL_RANK: 0 - CUDA_VISIBLE_DEVICES: [0]
[I 2023-11-30 12:21:47,681] Trial 148 finished with value: 70.60147857666016 and parameters: {'gradient_clip_val': 0.14192890202980077, 'hidden_size': 46, 'dropout': 0.2545434292860933, 'hidden_continuous_size': 34, 'attention_head_size': 1, 'learning_rate': 0.00868875482395033}. Best is trial 32 with value: 45.3888053894043.
LOCAL_RANK: 0 - CUDA_VISIBLE_DEVICES: [0]
[I 2023-11-30 12:22:01,063] Trial 149 finished with value: 57.2168083190918 and parameters: {'gradient_clip_val': 0.2408589329395582, 'hidden_size': 58, 'dropout': 0.28008566429761367, 'hidden_continuous_size': 52, 'attention_head_size': 4, 'learning_rate': 0.009562403062251779}. Best is trial 32 with value: 45.3888053894043.
[I 2023-11-30 12:22:01,171] A new study created in memory with name: no-name-d88728f9-f4d1-4b63-ac3b-48c5474d79b5
/home/le004/conda/anaconda3/envs/tsff_env/lib/python3.9/site-packages/lightning/fabric/plugins/environments/slurm.py:191: The `srun` command is available on your system but is not used. HINT: If your intention is to run Lightning on SLURM, prepend your python command with `srun` like so: srun python /home/le004/master_thesis/git/TSFusionForecast/code/ ...
LOCAL_RANK: 0 - CUDA_VISIBLE_DEVICES: [0]
[I 2023-11-30 12:22:13,167] Trial 0 finished with value: 50.62758255004883 and parameters: {'gradient_clip_val': 0.11993963493924428, 'hidden_size': 13, 'dropout': 0.24607049014350277, 'hidden_continuous_size': 11, 'attention_head_size': 4, 'learning_rate': 0.0025952214712524992}. Best is trial 0 with value: 50.62758255004883.
LOCAL_RANK: 0 - CUDA_VISIBLE_DEVICES: [0]
[I 2023-11-30 12:22:27,137] Trial 1 finished with value: 13.566842079162598 and parameters: {'gradient_clip_val': 0.22376496004295637, 'hidden_size': 131, 'dropout': 0.39584564232110997, 'hidden_continuous_size': 45, 'attention_head_size': 3, 'learning_rate': 0.0678350907816547}. Best is trial 1 with value: 13.566842079162598.
LOCAL_RANK: 0 - CUDA_VISIBLE_DEVICES: [0]
[I 2023-11-30 12:22:40,258] Trial 2 finished with value: 15.780720710754395 and parameters: {'gradient_clip_val': 0.34692898099929576, 'hidden_size': 71, 'dropout': 0.27906770713721124, 'hidden_continuous_size': 11, 'attention_head_size': 4, 'learning_rate': 0.0235058891361256}. Best is trial 1 with value: 13.566842079162598.
LOCAL_RANK: 0 - CUDA_VISIBLE_DEVICES: [0]
[I 2023-11-30 12:22:53,653] Trial 3 finished with value: 14.39659595489502 and parameters: {'gradient_clip_val': 0.48304733226462127, 'hidden_size': 69, 'dropout': 0.12891571256292886, 'hidden_continuous_size': 49, 'attention_head_size': 2, 'learning_rate': 0.004267757417920575}. Best is trial 1 with value: 13.566842079162598.
LOCAL_RANK: 0 - CUDA_VISIBLE_DEVICES: [0]
[I 2023-11-30 12:23:06,006] Trial 4 finished with value: 23.300352096557617 and parameters: {'gradient_clip_val': 0.6560152586611764, 'hidden_size': 34, 'dropout': 0.2676565631606611, 'hidden_continuous_size': 20, 'attention_head_size': 2, 'learning_rate': 0.003815594175241697}. Best is trial 1 with value: 13.566842079162598.
LOCAL_RANK: 0 - CUDA_VISIBLE_DEVICES: [0]
[I 2023-11-30 12:23:15,970] Trial 5 finished with value: 38.341156005859375 and parameters: {'gradient_clip_val': 0.30422980242459347, 'hidden_size': 10, 'dropout': 0.309168320337913, 'hidden_continuous_size': 10, 'attention_head_size': 1, 'learning_rate': 0.011023633682631115}. Best is trial 1 with value: 13.566842079162598.
LOCAL_RANK: 0 - CUDA_VISIBLE_DEVICES: [0]
[I 2023-11-30 12:23:28,978] Trial 6 finished with value: 43.966217041015625 and parameters: {'gradient_clip_val': 0.13273559122465764, 'hidden_size': 56, 'dropout': 0.34017191696012233, 'hidden_continuous_size': 51, 'attention_head_size': 2, 'learning_rate': 0.001180472592228018}. Best is trial 1 with value: 13.566842079162598.
LOCAL_RANK: 0 - CUDA_VISIBLE_DEVICES: [0]
[I 2023-11-30 12:23:41,624] Trial 7 finished with value: 16.81137466430664 and parameters: {'gradient_clip_val': 0.5828800224738007, 'hidden_size': 60, 'dropout': 0.17223660500442192, 'hidden_continuous_size': 13, 'attention_head_size': 1, 'learning_rate': 0.013928831192464484}. Best is trial 1 with value: 13.566842079162598.
LOCAL_RANK: 0 - CUDA_VISIBLE_DEVICES: [0]
[I 2023-11-30 12:23:53,583] Trial 8 finished with value: 13.708511352539062 and parameters: {'gradient_clip_val': 0.20351192304970267, 'hidden_size': 18, 'dropout': 0.26257157265257747, 'hidden_continuous_size': 13, 'attention_head_size': 2, 'learning_rate': 0.08076231190562873}. Best is trial 1 with value: 13.566842079162598.
LOCAL_RANK: 0 - CUDA_VISIBLE_DEVICES: [0]
[I 2023-11-30 12:24:03,720] Trial 9 finished with value: 43.35661315917969 and parameters: {'gradient_clip_val': 0.5227114991223738, 'hidden_size': 13, 'dropout': 0.2638470110087631, 'hidden_continuous_size': 13, 'attention_head_size': 4, 'learning_rate': 0.0020191546683017048}. Best is trial 1 with value: 13.566842079162598.
LOCAL_RANK: 0 - CUDA_VISIBLE_DEVICES: [0]
[I 2023-11-30 12:24:18,193] Trial 10 finished with value: 15.480561256408691 and parameters: {'gradient_clip_val': 0.8443139305640535, 'hidden_size': 143, 'dropout': 0.38572090447676505, 'hidden_continuous_size': 99, 'attention_head_size': 3, 'learning_rate': 0.08828125751536833}. Best is trial 1 with value: 13.566842079162598.
LOCAL_RANK: 0 - CUDA_VISIBLE_DEVICES: [0]
[I 2023-11-30 12:24:30,035] Trial 11 finished with value: 14.012626647949219 and parameters: {'gradient_clip_val': 0.19566160963262597, 'hidden_size': 24, 'dropout': 0.3923798733651664, 'hidden_continuous_size': 15, 'attention_head_size': 3, 'learning_rate': 0.09678189333237698}. Best is trial 1 with value: 13.566842079162598.
LOCAL_RANK: 0 - CUDA_VISIBLE_DEVICES: [0]
[I 2023-11-30 12:24:43,919] Trial 12 finished with value: 14.825329780578613 and parameters: {'gradient_clip_val': 0.19693589667296732, 'hidden_size': 123, 'dropout': 0.20734491071077926, 'hidden_continuous_size': 25, 'attention_head_size': 3, 'learning_rate': 0.047534845424205587}. Best is trial 1 with value: 13.566842079162598.
LOCAL_RANK: 0 - CUDA_VISIBLE_DEVICES: [0]
[I 2023-11-30 12:24:55,881] Trial 13 finished with value: 14.79007339477539 and parameters: {'gradient_clip_val': 0.21144406857597547, 'hidden_size': 22, 'dropout': 0.34483398436146595, 'hidden_continuous_size': 10, 'attention_head_size': 2, 'learning_rate': 0.039801313814543146}. Best is trial 1 with value: 13.566842079162598.
LOCAL_RANK: 0 - CUDA_VISIBLE_DEVICES: [0]
[I 2023-11-30 12:25:08,358] Trial 14 finished with value: 15.349136352539062 and parameters: {'gradient_clip_val': 0.29785662209008845, 'hidden_size': 42, 'dropout': 0.2157866552664081, 'hidden_continuous_size': 17, 'attention_head_size': 3, 'learning_rate': 0.0466800486242853}. Best is trial 1 with value: 13.566842079162598.
LOCAL_RANK: 0 - CUDA_VISIBLE_DEVICES: [0]
[I 2023-11-30 12:25:21,648] Trial 15 finished with value: 15.550084114074707 and parameters: {'gradient_clip_val': 0.10296112648593717, 'hidden_size': 100, 'dropout': 0.3136759833070455, 'hidden_continuous_size': 31, 'attention_head_size': 1, 'learning_rate': 0.023043010422036568}. Best is trial 1 with value: 13.566842079162598.
LOCAL_RANK: 0 - CUDA_VISIBLE_DEVICES: [0]
[I 2023-11-30 12:25:34,866] Trial 16 finished with value: 16.66961097717285 and parameters: {'gradient_clip_val': 0.15725984811555452, 'hidden_size': 96, 'dropout': 0.39513620815506045, 'hidden_continuous_size': 21, 'attention_head_size': 2, 'learning_rate': 0.08730326919642031}. Best is trial 1 with value: 13.566842079162598.
LOCAL_RANK: 0 - CUDA_VISIBLE_DEVICES: [0]
[I 2023-11-30 12:25:47,391] Trial 17 finished with value: 14.711833953857422 and parameters: {'gradient_clip_val': 0.23701265048209838, 'hidden_size': 25, 'dropout': 0.11072000806035898, 'hidden_continuous_size': 13, 'attention_head_size': 3, 'learning_rate': 0.052944529061107276}. Best is trial 1 with value: 13.566842079162598.
LOCAL_RANK: 0 - CUDA_VISIBLE_DEVICES: [0]
[I 2023-11-30 12:25:59,821] Trial 18 finished with value: 15.799659729003906 and parameters: {'gradient_clip_val': 0.15984393838124325, 'hidden_size': 42, 'dropout': 0.3586862764642085, 'hidden_continuous_size': 16, 'attention_head_size': 3, 'learning_rate': 0.024797893353438544}. Best is trial 1 with value: 13.566842079162598.
LOCAL_RANK: 0 - CUDA_VISIBLE_DEVICES: [0]
[I 2023-11-30 12:26:13,756] Trial 19 finished with value: 16.120241165161133 and parameters: {'gradient_clip_val': 0.3940306311825863, 'hidden_size': 143, 'dropout': 0.3104983811036555, 'hidden_continuous_size': 36, 'attention_head_size': 2, 'learning_rate': 0.06678539302556132}. Best is trial 1 with value: 13.566842079162598.
LOCAL_RANK: 0 - CUDA_VISIBLE_DEVICES: [0]
[I 2023-11-30 12:26:26,938] Trial 20 finished with value: 13.450279235839844 and parameters: {'gradient_clip_val': 0.221688438782973, 'hidden_size': 100, 'dropout': 0.2948164097927115, 'hidden_continuous_size': 27, 'attention_head_size': 1, 'learning_rate': 0.033833342350057825}. Best is trial 20 with value: 13.450279235839844.
LOCAL_RANK: 0 - CUDA_VISIBLE_DEVICES: [0]
[I 2023-11-30 12:26:40,278] Trial 21 finished with value: 13.824362754821777 and parameters: {'gradient_clip_val': 0.2421094081121394, 'hidden_size': 103, 'dropout': 0.29263117835321273, 'hidden_continuous_size': 27, 'attention_head_size': 1, 'learning_rate': 0.03376856634584519}. Best is trial 20 with value: 13.450279235839844.
LOCAL_RANK: 0 - CUDA_VISIBLE_DEVICES: [0]
[I 2023-11-30 12:26:53,533] Trial 22 finished with value: 17.531862258911133 and parameters: {'gradient_clip_val': 0.2771260390060507, 'hidden_size': 81, 'dropout': 0.24172406463979335, 'hidden_continuous_size': 21, 'attention_head_size': 1, 'learning_rate': 0.06343030610642116}. Best is trial 20 with value: 13.450279235839844.
LOCAL_RANK: 0 - CUDA_VISIBLE_DEVICES: [0]
[I 2023-11-30 12:27:07,580] Trial 23 finished with value: 14.165743827819824 and parameters: {'gradient_clip_val': 0.17021948467005366, 'hidden_size': 149, 'dropout': 0.36222819683591845, 'hidden_continuous_size': 43, 'attention_head_size': 1, 'learning_rate': 0.033230458208141106}. Best is trial 20 with value: 13.450279235839844.
LOCAL_RANK: 0 - CUDA_VISIBLE_DEVICES: [0]
[I 2023-11-30 12:27:21,255] Trial 24 finished with value: 19.74684715270996 and parameters: {'gradient_clip_val': 0.2534663238843444, 'hidden_size': 120, 'dropout': 0.3195723501235325, 'hidden_continuous_size': 60, 'attention_head_size': 2, 'learning_rate': 0.07157490327519386}. Best is trial 20 with value: 13.450279235839844.
LOCAL_RANK: 0 - CUDA_VISIBLE_DEVICES: [0]
[I 2023-11-30 12:27:34,641] Trial 25 finished with value: 13.49597454071045 and parameters: {'gradient_clip_val': 0.21786169627250962, 'hidden_size': 90, 'dropout': 0.2801989979890504, 'hidden_continuous_size': 32, 'attention_head_size': 3, 'learning_rate': 0.05967213557057056}. Best is trial 20 with value: 13.450279235839844.
LOCAL_RANK: 0 - CUDA_VISIBLE_DEVICES: [0]
[I 2023-11-30 12:27:47,912] Trial 26 finished with value: 15.414509773254395 and parameters: {'gradient_clip_val': 0.34443028687196386, 'hidden_size': 81, 'dropout': 0.2887154050267018, 'hidden_continuous_size': 36, 'attention_head_size': 4, 'learning_rate': 0.05419481472044233}. Best is trial 20 with value: 13.450279235839844.
LOCAL_RANK: 0 - CUDA_VISIBLE_DEVICES: [0]
[I 2023-11-30 12:28:01,731] Trial 27 finished with value: 13.630024909973145 and parameters: {'gradient_clip_val': 0.24709361618042305, 'hidden_size': 115, 'dropout': 0.3697929277091837, 'hidden_continuous_size': 27, 'attention_head_size': 3, 'learning_rate': 0.01857096608550582}. Best is trial 20 with value: 13.450279235839844.
LOCAL_RANK: 0 - CUDA_VISIBLE_DEVICES: [0]
[I 2023-11-30 12:28:15,144] Trial 28 finished with value: 16.31989288330078 and parameters: {'gradient_clip_val': 0.3924719078358222, 'hidden_size': 89, 'dropout': 0.3350140018192846, 'hidden_continuous_size': 33, 'attention_head_size': 3, 'learning_rate': 0.03794511772680367}. Best is trial 20 with value: 13.450279235839844.
LOCAL_RANK: 0 - CUDA_VISIBLE_DEVICES: [0]
[I 2023-11-30 12:28:29,025] Trial 29 finished with value: 18.166757583618164 and parameters: {'gradient_clip_val': 0.1290628654374487, 'hidden_size': 114, 'dropout': 0.3764135783334618, 'hidden_continuous_size': 40, 'attention_head_size': 4, 'learning_rate': 0.03035082205957908}. Best is trial 20 with value: 13.450279235839844.
LOCAL_RANK: 0 - CUDA_VISIBLE_DEVICES: [0]
[I 2023-11-30 12:28:42,412] Trial 30 finished with value: 14.224019050598145 and parameters: {'gradient_clip_val': 0.1754254378889441, 'hidden_size': 86, 'dropout': 0.35098875898747894, 'hidden_continuous_size': 30, 'attention_head_size': 4, 'learning_rate': 0.05520332535749681}. Best is trial 20 with value: 13.450279235839844.
LOCAL_RANK: 0 - CUDA_VISIBLE_DEVICES: [0]
[I 2023-11-30 12:28:56,357] Trial 31 finished with value: 18.732572555541992 and parameters: {'gradient_clip_val': 0.22844116622201738, 'hidden_size': 119, 'dropout': 0.3757301093113874, 'hidden_continuous_size': 26, 'attention_head_size': 3, 'learning_rate': 0.017584069168270124}. Best is trial 20 with value: 13.450279235839844.
LOCAL_RANK: 0 - CUDA_VISIBLE_DEVICES: [0]
[I 2023-11-30 12:29:10,050] Trial 32 finished with value: 13.344168663024902 and parameters: {'gradient_clip_val': 0.2657610231957504, 'hidden_size': 106, 'dropout': 0.36841793710795806, 'hidden_continuous_size': 24, 'attention_head_size': 3, 'learning_rate': 0.017197969309224955}. Best is trial 32 with value: 13.344168663024902.
LOCAL_RANK: 0 - CUDA_VISIBLE_DEVICES: [0]
[I 2023-11-30 12:29:23,206] Trial 33 finished with value: 13.730690956115723 and parameters: {'gradient_clip_val': 0.2777889063213875, 'hidden_size': 76, 'dropout': 0.399436533663545, 'hidden_continuous_size': 23, 'attention_head_size': 3, 'learning_rate': 0.02738328750827}. Best is trial 32 with value: 13.344168663024902.
LOCAL_RANK: 0 - CUDA_VISIBLE_DEVICES: [0]
[I 2023-11-30 12:29:36,771] Trial 34 finished with value: 13.207844734191895 and parameters: {'gradient_clip_val': 0.2765763769197117, 'hidden_size': 98, 'dropout': 0.33966054331856704, 'hidden_continuous_size': 31, 'attention_head_size': 4, 'learning_rate': 0.00715147124798548}. Best is trial 34 with value: 13.207844734191895.
LOCAL_RANK: 0 - CUDA_VISIBLE_DEVICES: [0]
[I 2023-11-30 12:29:50,043] Trial 35 finished with value: 14.447803497314453 and parameters: {'gradient_clip_val': 0.33675310226266775, 'hidden_size': 66, 'dropout': 0.3235055412728857, 'hidden_continuous_size': 29, 'attention_head_size': 4, 'learning_rate': 0.008195937278235397}. Best is trial 34 with value: 13.207844734191895.
LOCAL_RANK: 0 - CUDA_VISIBLE_DEVICES: [0]
[I 2023-11-30 12:30:03,724] Trial 36 finished with value: 14.711377143859863 and parameters: {'gradient_clip_val': 0.27647692014218767, 'hidden_size': 95, 'dropout': 0.3007824058272092, 'hidden_continuous_size': 24, 'attention_head_size': 4, 'learning_rate': 0.007718976761702662}. Best is trial 34 with value: 13.207844734191895.
LOCAL_RANK: 0 - CUDA_VISIBLE_DEVICES: [0]
[I 2023-11-30 12:30:16,900] Trial 37 finished with value: 17.507295608520508 and parameters: {'gradient_clip_val': 0.2209264595320195, 'hidden_size': 71, 'dropout': 0.33111978678450005, 'hidden_continuous_size': 19, 'attention_head_size': 4, 'learning_rate': 0.011208966580341734}. Best is trial 34 with value: 13.207844734191895.
LOCAL_RANK: 0 - CUDA_VISIBLE_DEVICES: [0]
[I 2023-11-30 12:30:29,886] Trial 38 finished with value: 15.038716316223145 and parameters: {'gradient_clip_val': 0.30991787208349897, 'hidden_size': 57, 'dropout': 0.34702180637640095, 'hidden_continuous_size': 24, 'attention_head_size': 4, 'learning_rate': 0.006802944324795884}. Best is trial 34 with value: 13.207844734191895.
LOCAL_RANK: 0 - CUDA_VISIBLE_DEVICES: [0]
[I 2023-11-30 12:30:43,429] Trial 39 finished with value: 15.890982627868652 and parameters: {'gradient_clip_val': 0.1831351431031422, 'hidden_size': 105, 'dropout': 0.2905188601700923, 'hidden_continuous_size': 32, 'attention_head_size': 2, 'learning_rate': 0.01856503206112685}. Best is trial 34 with value: 13.207844734191895.
LOCAL_RANK: 0 - CUDA_VISIBLE_DEVICES: [0]
[I 2023-11-30 12:30:56,570] Trial 40 finished with value: 14.669449806213379 and parameters: {'gradient_clip_val': 0.3904853049760736, 'hidden_size': 88, 'dropout': 0.30292623099559113, 'hidden_continuous_size': 22, 'attention_head_size': 3, 'learning_rate': 0.005742095235362213}. Best is trial 34 with value: 13.207844734191895.
LOCAL_RANK: 0 - CUDA_VISIBLE_DEVICES: [0]
[I 2023-11-30 12:31:10,686] Trial 41 finished with value: 13.53079605102539 and parameters: {'gradient_clip_val': 0.21396809304713477, 'hidden_size': 130, 'dropout': 0.3789661211734164, 'hidden_continuous_size': 40, 'attention_head_size': 3, 'learning_rate': 0.03949302790121013}. Best is trial 34 with value: 13.207844734191895.
LOCAL_RANK: 0 - CUDA_VISIBLE_DEVICES: [0]
[I 2023-11-30 12:31:24,502] Trial 42 finished with value: 14.13183307647705 and parameters: {'gradient_clip_val': 0.21222320163863254, 'hidden_size': 132, 'dropout': 0.3267753471266852, 'hidden_continuous_size': 40, 'attention_head_size': 3, 'learning_rate': 0.03852910044257965}. Best is trial 34 with value: 13.207844734191895.
LOCAL_RANK: 0 - CUDA_VISIBLE_DEVICES: [0]
[I 2023-11-30 12:31:38,197] Trial 43 finished with value: 15.346888542175293 and parameters: {'gradient_clip_val': 0.2605383188753166, 'hidden_size': 128, 'dropout': 0.35957928109633014, 'hidden_continuous_size': 48, 'attention_head_size': 3, 'learning_rate': 0.010642666792359026}. Best is trial 34 with value: 13.207844734191895.
LOCAL_RANK: 0 - CUDA_VISIBLE_DEVICES: [0]
[I 2023-11-30 12:31:51,757] Trial 44 finished with value: 13.895651817321777 and parameters: {'gradient_clip_val': 0.227402398747502, 'hidden_size': 107, 'dropout': 0.2780468176922093, 'hidden_continuous_size': 28, 'attention_head_size': 2, 'learning_rate': 0.012527306289693974}. Best is trial 34 with value: 13.207844734191895.
LOCAL_RANK: 0 - CUDA_VISIBLE_DEVICES: [0]
[I 2023-11-30 12:32:05,719] Trial 45 finished with value: 14.545170783996582 and parameters: {'gradient_clip_val': 0.198920234187787, 'hidden_size': 133, 'dropout': 0.38241685888441, 'hidden_continuous_size': 36, 'attention_head_size': 3, 'learning_rate': 0.015447901609548596}. Best is trial 34 with value: 13.207844734191895.
LOCAL_RANK: 0 - CUDA_VISIBLE_DEVICES: [0]
[I 2023-11-30 12:32:18,932] Trial 46 finished with value: 17.66710090637207 and parameters: {'gradient_clip_val': 0.1479553071944539, 'hidden_size': 67, 'dropout': 0.33858196168497545, 'hidden_continuous_size': 25, 'attention_head_size': 4, 'learning_rate': 0.04233722603812806}. Best is trial 34 with value: 13.207844734191895.
LOCAL_RANK: 0 - CUDA_VISIBLE_DEVICES: [0]
[I 2023-11-30 12:32:33,228] Trial 47 finished with value: 13.23098373413086 and parameters: {'gradient_clip_val': 0.19938991392017888, 'hidden_size': 150, 'dropout': 0.37199849773243715, 'hidden_continuous_size': 19, 'attention_head_size': 3, 'learning_rate': 0.023279409151795258}. Best is trial 34 with value: 13.207844734191895.
LOCAL_RANK: 0 - CUDA_VISIBLE_DEVICES: [0]
[I 2023-11-30 12:32:46,401] Trial 48 finished with value: 14.73766803741455 and parameters: {'gradient_clip_val': 0.17823900066627912, 'hidden_size': 93, 'dropout': 0.3466072270843231, 'hidden_continuous_size': 18, 'attention_head_size': 2, 'learning_rate': 0.024099368578657684}. Best is trial 34 with value: 13.207844734191895.
LOCAL_RANK: 0 - CUDA_VISIBLE_DEVICES: [0]
[I 2023-11-30 12:33:00,371] Trial 49 finished with value: 14.52258014678955 and parameters: {'gradient_clip_val': 0.1989278150537832, 'hidden_size': 150, 'dropout': 0.31739682554659776, 'hidden_continuous_size': 21, 'attention_head_size': 3, 'learning_rate': 0.014328055872551537}. Best is trial 34 with value: 13.207844734191895.
LOCAL_RANK: 0 - CUDA_VISIBLE_DEVICES: [0]
