[I 2023-11-29 21:13:36,181] Trial 143 finished with value: 269.2348937988281 and parameters: {'gradient_clip_val': 0.12135328605356024, 'hidden_size': 144, 'dropout': 0.33715186509759215, 'hidden_continuous_size': 12, 'attention_head_size': 4, 'learning_rate': 0.005373502503687516}. Best is trial 84 with value: 247.0383758544922.
LOCAL_RANK: 0 - CUDA_VISIBLE_DEVICES: [0]
[I 2023-11-29 21:13:51,122] Trial 144 finished with value: 246.6337890625 and parameters: {'gradient_clip_val': 0.114811229423207, 'hidden_size': 147, 'dropout': 0.33863319445119905, 'hidden_continuous_size': 14, 'attention_head_size': 4, 'learning_rate': 0.005362116560113753}. Best is trial 144 with value: 246.6337890625.
LOCAL_RANK: 0 - CUDA_VISIBLE_DEVICES: [0]
[I 2023-11-29 21:14:06,113] Trial 145 finished with value: 287.0916442871094 and parameters: {'gradient_clip_val': 0.12099834431763855, 'hidden_size': 150, 'dropout': 0.32951921805239887, 'hidden_continuous_size': 14, 'attention_head_size': 4, 'learning_rate': 0.005538924349260972}. Best is trial 144 with value: 246.6337890625.
LOCAL_RANK: 0 - CUDA_VISIBLE_DEVICES: [0]
[I 2023-11-29 21:14:20,868] Trial 146 finished with value: 308.8902282714844 and parameters: {'gradient_clip_val': 0.1156310061936835, 'hidden_size': 139, 'dropout': 0.3481275644655172, 'hidden_continuous_size': 13, 'attention_head_size': 4, 'learning_rate': 0.005395273723619273}. Best is trial 144 with value: 246.6337890625.
LOCAL_RANK: 0 - CUDA_VISIBLE_DEVICES: [0]
[I 2023-11-29 21:14:35,423] Trial 147 finished with value: 333.5406188964844 and parameters: {'gradient_clip_val': 0.13798454100551016, 'hidden_size': 128, 'dropout': 0.3376637100096608, 'hidden_continuous_size': 15, 'attention_head_size': 4, 'learning_rate': 0.007011312335741286}. Best is trial 144 with value: 246.6337890625.
LOCAL_RANK: 0 - CUDA_VISIBLE_DEVICES: [0]
[I 2023-11-29 21:14:50,343] Trial 148 finished with value: 270.6383056640625 and parameters: {'gradient_clip_val': 0.12520771158125693, 'hidden_size': 149, 'dropout': 0.3534528560225756, 'hidden_continuous_size': 14, 'attention_head_size': 4, 'learning_rate': 0.00450869247454896}. Best is trial 144 with value: 246.6337890625.
LOCAL_RANK: 0 - CUDA_VISIBLE_DEVICES: [0]
[I 2023-11-29 21:15:05,210] Trial 149 finished with value: 316.6642761230469 and parameters: {'gradient_clip_val': 0.12418650952591244, 'hidden_size': 145, 'dropout': 0.35250088130826446, 'hidden_continuous_size': 15, 'attention_head_size': 4, 'learning_rate': 0.004610865296450374}. Best is trial 144 with value: 246.6337890625.
[I 2023-11-29 21:15:05,337] A new study created in memory with name: no-name-099a2201-0dde-42f6-8aaf-5c2126238807
/home/le004/conda/anaconda3/envs/tsff_env/lib/python3.9/site-packages/lightning/fabric/plugins/environments/slurm.py:191: The `srun` command is available on your system but is not used. HINT: If your intention is to run Lightning on SLURM, prepend your python command with `srun` like so: srun python /home/le004/master_thesis/git/TSFusionForecast/code/ ...
LOCAL_RANK: 0 - CUDA_VISIBLE_DEVICES: [0]
[I 2023-11-29 21:15:18,485] Trial 0 finished with value: 43.9720458984375 and parameters: {'gradient_clip_val': 0.14789974921645935, 'hidden_size': 48, 'dropout': 0.21367789353755717, 'hidden_continuous_size': 12, 'attention_head_size': 1, 'learning_rate': 0.009505429274175952}. Best is trial 0 with value: 43.9720458984375.
LOCAL_RANK: 0 - CUDA_VISIBLE_DEVICES: [0]
[I 2023-11-29 21:15:31,303] Trial 1 finished with value: 60.849822998046875 and parameters: {'gradient_clip_val': 0.18216134155685032, 'hidden_size': 17, 'dropout': 0.30586390328604196, 'hidden_continuous_size': 15, 'attention_head_size': 2, 'learning_rate': 0.01988373515828077}. Best is trial 0 with value: 43.9720458984375.
LOCAL_RANK: 0 - CUDA_VISIBLE_DEVICES: [0]
[I 2023-11-29 21:15:44,101] Trial 2 finished with value: 85.6827621459961 and parameters: {'gradient_clip_val': 0.696045027183801, 'hidden_size': 26, 'dropout': 0.32248554199613316, 'hidden_continuous_size': 11, 'attention_head_size': 1, 'learning_rate': 0.004106295675179647}. Best is trial 0 with value: 43.9720458984375.
LOCAL_RANK: 0 - CUDA_VISIBLE_DEVICES: [0]
[I 2023-11-29 21:15:57,592] Trial 3 finished with value: 67.9455337524414 and parameters: {'gradient_clip_val': 0.226138165786803, 'hidden_size': 44, 'dropout': 0.15319842493196112, 'hidden_continuous_size': 16, 'attention_head_size': 4, 'learning_rate': 0.006001561009736175}. Best is trial 0 with value: 43.9720458984375.
LOCAL_RANK: 0 - CUDA_VISIBLE_DEVICES: [0]
[I 2023-11-29 21:16:08,505] Trial 4 finished with value: 78.8125 and parameters: {'gradient_clip_val': 0.14811757399763725, 'hidden_size': 12, 'dropout': 0.39056597024122963, 'hidden_continuous_size': 12, 'attention_head_size': 1, 'learning_rate': 0.014180029986975862}. Best is trial 0 with value: 43.9720458984375.
LOCAL_RANK: 0 - CUDA_VISIBLE_DEVICES: [0]
[I 2023-11-29 21:16:21,204] Trial 5 finished with value: 49.30341720581055 and parameters: {'gradient_clip_val': 0.3448244759149232, 'hidden_size': 13, 'dropout': 0.23875676876726884, 'hidden_continuous_size': 10, 'attention_head_size': 1, 'learning_rate': 0.060341429771426626}. Best is trial 0 with value: 43.9720458984375.
LOCAL_RANK: 0 - CUDA_VISIBLE_DEVICES: [0]
[I 2023-11-29 21:16:35,211] Trial 6 finished with value: 43.57803726196289 and parameters: {'gradient_clip_val': 0.5607085423188911, 'hidden_size': 46, 'dropout': 0.2405101845886125, 'hidden_continuous_size': 41, 'attention_head_size': 2, 'learning_rate': 0.027479075345929783}. Best is trial 6 with value: 43.57803726196289.
LOCAL_RANK: 0 - CUDA_VISIBLE_DEVICES: [0]
[I 2023-11-29 21:16:47,865] Trial 7 finished with value: 108.03089141845703 and parameters: {'gradient_clip_val': 0.11526410339665731, 'hidden_size': 15, 'dropout': 0.3674609029195328, 'hidden_continuous_size': 12, 'attention_head_size': 1, 'learning_rate': 0.007721236474640762}. Best is trial 6 with value: 43.57803726196289.
LOCAL_RANK: 0 - CUDA_VISIBLE_DEVICES: [0]
[I 2023-11-29 21:17:02,587] Trial 8 finished with value: 50.9692497253418 and parameters: {'gradient_clip_val': 0.9686248117222781, 'hidden_size': 83, 'dropout': 0.18460595476849528, 'hidden_continuous_size': 75, 'attention_head_size': 3, 'learning_rate': 0.05647166992593721}. Best is trial 6 with value: 43.57803726196289.
LOCAL_RANK: 0 - CUDA_VISIBLE_DEVICES: [0]
[I 2023-11-29 21:17:15,083] Trial 9 finished with value: 36.220394134521484 and parameters: {'gradient_clip_val': 0.19644659313219245, 'hidden_size': 15, 'dropout': 0.10414942357904085, 'hidden_continuous_size': 12, 'attention_head_size': 1, 'learning_rate': 0.05146279988809166}. Best is trial 9 with value: 36.220394134521484.
LOCAL_RANK: 0 - CUDA_VISIBLE_DEVICES: [0]
[I 2023-11-29 21:17:27,903] Trial 10 finished with value: 148.92869567871094 and parameters: {'gradient_clip_val': 0.28433094339445125, 'hidden_size': 24, 'dropout': 0.10395972402633594, 'hidden_continuous_size': 10, 'attention_head_size': 3, 'learning_rate': 0.0012160611746463905}. Best is trial 9 with value: 36.220394134521484.
LOCAL_RANK: 0 - CUDA_VISIBLE_DEVICES: [0]
[I 2023-11-29 21:17:42,668] Trial 11 finished with value: 41.018455505371094 and parameters: {'gradient_clip_val': 0.4227235048619113, 'hidden_size': 142, 'dropout': 0.10623354772700726, 'hidden_continuous_size': 29, 'attention_head_size': 2, 'learning_rate': 0.09072420166659895}. Best is trial 9 with value: 36.220394134521484.
LOCAL_RANK: 0 - CUDA_VISIBLE_DEVICES: [0]
[I 2023-11-29 21:17:57,368] Trial 12 finished with value: 55.67048263549805 and parameters: {'gradient_clip_val': 0.3798991022607159, 'hidden_size': 133, 'dropout': 0.10009114448947122, 'hidden_continuous_size': 24, 'attention_head_size': 2, 'learning_rate': 0.09624668536427387}. Best is trial 9 with value: 36.220394134521484.
LOCAL_RANK: 0 - CUDA_VISIBLE_DEVICES: [0]
[I 2023-11-29 21:18:11,860] Trial 13 finished with value: 40.85745620727539 and parameters: {'gradient_clip_val': 0.23694525994759255, 'hidden_size': 126, 'dropout': 0.14030902320881555, 'hidden_continuous_size': 25, 'attention_head_size': 2, 'learning_rate': 0.03800019944772624}. Best is trial 9 with value: 36.220394134521484.
LOCAL_RANK: 0 - CUDA_VISIBLE_DEVICES: [0]
[I 2023-11-29 21:18:25,902] Trial 14 finished with value: 40.035343170166016 and parameters: {'gradient_clip_val': 0.24040280485804189, 'hidden_size': 65, 'dropout': 0.15388552735401173, 'hidden_continuous_size': 19, 'attention_head_size': 3, 'learning_rate': 0.03241015134273993}. Best is trial 9 with value: 36.220394134521484.
LOCAL_RANK: 0 - CUDA_VISIBLE_DEVICES: [0]
[I 2023-11-29 21:18:39,845] Trial 15 finished with value: 44.492279052734375 and parameters: {'gradient_clip_val': 0.10001599826547039, 'hidden_size': 66, 'dropout': 0.16729982138733196, 'hidden_continuous_size': 17, 'attention_head_size': 4, 'learning_rate': 0.03164547201438793}. Best is trial 9 with value: 36.220394134521484.
LOCAL_RANK: 0 - CUDA_VISIBLE_DEVICES: [0]
[I 2023-11-29 21:18:52,924] Trial 16 finished with value: 44.74446487426758 and parameters: {'gradient_clip_val': 0.2594521724474218, 'hidden_size': 26, 'dropout': 0.1414463290698483, 'hidden_continuous_size': 14, 'attention_head_size': 3, 'learning_rate': 0.018295777620071705}. Best is trial 9 with value: 36.220394134521484.
LOCAL_RANK: 0 - CUDA_VISIBLE_DEVICES: [0]
[I 2023-11-29 21:19:06,219] Trial 17 finished with value: 43.4522590637207 and parameters: {'gradient_clip_val': 0.1867357949316877, 'hidden_size': 31, 'dropout': 0.19845882458371422, 'hidden_continuous_size': 15, 'attention_head_size': 3, 'learning_rate': 0.04022186726680266}. Best is trial 9 with value: 36.220394134521484.
LOCAL_RANK: 0 - CUDA_VISIBLE_DEVICES: [0]
[I 2023-11-29 21:19:19,125] Trial 18 finished with value: 40.76860427856445 and parameters: {'gradient_clip_val': 0.3139292107503147, 'hidden_size': 11, 'dropout': 0.13297965408056547, 'hidden_continuous_size': 10, 'attention_head_size': 4, 'learning_rate': 0.05679685841460245}. Best is trial 9 with value: 36.220394134521484.
LOCAL_RANK: 0 - CUDA_VISIBLE_DEVICES: [0]
[I 2023-11-29 21:19:32,100] Trial 19 finished with value: 41.47640609741211 and parameters: {'gradient_clip_val': 0.20736164839385593, 'hidden_size': 21, 'dropout': 0.19501868003141543, 'hidden_continuous_size': 13, 'attention_head_size': 3, 'learning_rate': 0.02181173583355803}. Best is trial 9 with value: 36.220394134521484.
LOCAL_RANK: 0 - CUDA_VISIBLE_DEVICES: [0]
[I 2023-11-29 21:19:43,437] Trial 20 finished with value: 80.83792877197266 and parameters: {'gradient_clip_val': 0.2743491915135705, 'hidden_size': 10, 'dropout': 0.17316772563469807, 'hidden_continuous_size': 10, 'attention_head_size': 4, 'learning_rate': 0.014953540105507541}. Best is trial 9 with value: 36.220394134521484.
LOCAL_RANK: 0 - CUDA_VISIBLE_DEVICES: [0]
[I 2023-11-29 21:19:54,610] Trial 21 finished with value: 45.55390548706055 and parameters: {'gradient_clip_val': 0.32537664954801904, 'hidden_size': 10, 'dropout': 0.13295173104813754, 'hidden_continuous_size': 10, 'attention_head_size': 4, 'learning_rate': 0.057318540829539494}. Best is trial 9 with value: 36.220394134521484.
LOCAL_RANK: 0 - CUDA_VISIBLE_DEVICES: [0]
[I 2023-11-29 21:20:07,662] Trial 22 finished with value: 33.451656341552734 and parameters: {'gradient_clip_val': 0.28267283934580345, 'hidden_size': 18, 'dropout': 0.1275934257339428, 'hidden_continuous_size': 11, 'attention_head_size': 4, 'learning_rate': 0.04440525866085887}. Best is trial 22 with value: 33.451656341552734.
LOCAL_RANK: 0 - CUDA_VISIBLE_DEVICES: [0]
[I 2023-11-29 21:20:20,643] Trial 23 finished with value: 35.91861343383789 and parameters: {'gradient_clip_val': 0.23575722080168485, 'hidden_size': 19, 'dropout': 0.12066405942525468, 'hidden_continuous_size': 11, 'attention_head_size': 3, 'learning_rate': 0.03092060478781158}. Best is trial 22 with value: 33.451656341552734.
LOCAL_RANK: 0 - CUDA_VISIBLE_DEVICES: [0]
[I 2023-11-29 21:20:33,461] Trial 24 finished with value: 40.2191276550293 and parameters: {'gradient_clip_val': 0.17112369900604069, 'hidden_size': 18, 'dropout': 0.1216863934028412, 'hidden_continuous_size': 11, 'attention_head_size': 4, 'learning_rate': 0.047326599257976026}. Best is trial 22 with value: 33.451656341552734.
LOCAL_RANK: 0 - CUDA_VISIBLE_DEVICES: [0]
[I 2023-11-29 21:20:46,321] Trial 25 finished with value: 45.79234313964844 and parameters: {'gradient_clip_val': 0.20535697494244964, 'hidden_size': 15, 'dropout': 0.12050988963868817, 'hidden_continuous_size': 11, 'attention_head_size': 3, 'learning_rate': 0.02489119133558477}. Best is trial 22 with value: 33.451656341552734.
LOCAL_RANK: 0 - CUDA_VISIBLE_DEVICES: [0]
[I 2023-11-29 21:20:59,112] Trial 26 finished with value: 57.7335090637207 and parameters: {'gradient_clip_val': 0.25241963745171986, 'hidden_size': 19, 'dropout': 0.16976080477223832, 'hidden_continuous_size': 11, 'attention_head_size': 2, 'learning_rate': 0.08804953940359252}. Best is trial 22 with value: 33.451656341552734.
LOCAL_RANK: 0 - CUDA_VISIBLE_DEVICES: [0]
[I 2023-11-29 21:21:12,048] Trial 27 finished with value: 47.72079086303711 and parameters: {'gradient_clip_val': 0.40452447701393585, 'hidden_size': 14, 'dropout': 0.1197043725164245, 'hidden_continuous_size': 11, 'attention_head_size': 4, 'learning_rate': 0.036867340335839126}. Best is trial 22 with value: 33.451656341552734.
LOCAL_RANK: 0 - CUDA_VISIBLE_DEVICES: [0]
[I 2023-11-29 21:21:24,924] Trial 28 finished with value: 45.89443588256836 and parameters: {'gradient_clip_val': 0.14997023988775854, 'hidden_size': 21, 'dropout': 0.1539031063397058, 'hidden_continuous_size': 12, 'attention_head_size': 3, 'learning_rate': 0.07112624106031669}. Best is trial 22 with value: 33.451656341552734.
LOCAL_RANK: 0 - CUDA_VISIBLE_DEVICES: [0]
[I 2023-11-29 21:21:37,905] Trial 29 finished with value: 38.47114562988281 and parameters: {'gradient_clip_val': 0.16280726398548412, 'hidden_size': 31, 'dropout': 0.19672752028124446, 'hidden_continuous_size': 13, 'attention_head_size': 1, 'learning_rate': 0.04225850690377236}. Best is trial 22 with value: 33.451656341552734.
LOCAL_RANK: 0 - CUDA_VISIBLE_DEVICES: [0]
[I 2023-11-29 21:21:50,620] Trial 30 finished with value: 43.82820510864258 and parameters: {'gradient_clip_val': 0.2055225753647691, 'hidden_size': 16, 'dropout': 0.21138820808904207, 'hidden_continuous_size': 11, 'attention_head_size': 4, 'learning_rate': 0.02691690692969118}. Best is trial 22 with value: 33.451656341552734.
LOCAL_RANK: 0 - CUDA_VISIBLE_DEVICES: [0]
[I 2023-11-29 21:22:03,590] Trial 31 finished with value: 41.639400482177734 and parameters: {'gradient_clip_val': 0.16078518238073994, 'hidden_size': 33, 'dropout': 0.12214767764108173, 'hidden_continuous_size': 13, 'attention_head_size': 1, 'learning_rate': 0.046181232388227474}. Best is trial 22 with value: 33.451656341552734.
LOCAL_RANK: 0 - CUDA_VISIBLE_DEVICES: [0]
[I 2023-11-29 21:22:16,325] Trial 32 finished with value: 41.92312240600586 and parameters: {'gradient_clip_val': 0.13147753563327827, 'hidden_size': 19, 'dropout': 0.10036883336557961, 'hidden_continuous_size': 12, 'attention_head_size': 1, 'learning_rate': 0.045382229750462764}. Best is trial 22 with value: 33.451656341552734.
LOCAL_RANK: 0 - CUDA_VISIBLE_DEVICES: [0]
[I 2023-11-29 21:22:29,291] Trial 33 finished with value: 43.78670883178711 and parameters: {'gradient_clip_val': 0.1828306221391514, 'hidden_size': 30, 'dropout': 0.2219414733311642, 'hidden_continuous_size': 13, 'attention_head_size': 1, 'learning_rate': 0.07799682639414551}. Best is trial 22 with value: 33.451656341552734.
LOCAL_RANK: 0 - CUDA_VISIBLE_DEVICES: [0]
[I 2023-11-29 21:22:41,891] Trial 34 finished with value: 35.95368576049805 and parameters: {'gradient_clip_val': 0.13118196291411918, 'hidden_size': 24, 'dropout': 0.27438261747171544, 'hidden_continuous_size': 13, 'attention_head_size': 1, 'learning_rate': 0.06698314990200425}. Best is trial 22 with value: 33.451656341552734.
LOCAL_RANK: 0 - CUDA_VISIBLE_DEVICES: [0]
[I 2023-11-29 21:22:55,005] Trial 35 finished with value: 38.57685852050781 and parameters: {'gradient_clip_val': 0.13153288663905258, 'hidden_size': 23, 'dropout': 0.26170343906955884, 'hidden_continuous_size': 12, 'attention_head_size': 2, 'learning_rate': 0.06748698342384798}. Best is trial 22 with value: 33.451656341552734.
LOCAL_RANK: 0 - CUDA_VISIBLE_DEVICES: [0]
[I 2023-11-29 21:23:07,820] Trial 36 finished with value: 35.29597091674805 and parameters: {'gradient_clip_val': 0.22739987267934572, 'hidden_size': 13, 'dropout': 0.27288085389166294, 'hidden_continuous_size': 11, 'attention_head_size': 1, 'learning_rate': 0.06595073023066059}. Best is trial 22 with value: 33.451656341552734.
LOCAL_RANK: 0 - CUDA_VISIBLE_DEVICES: [0]
[I 2023-11-29 21:23:20,444] Trial 37 finished with value: 33.748077392578125 and parameters: {'gradient_clip_val': 0.2174160320298185, 'hidden_size': 13, 'dropout': 0.27470815002807936, 'hidden_continuous_size': 11, 'attention_head_size': 2, 'learning_rate': 0.09911061225036348}. Best is trial 22 with value: 33.451656341552734.
LOCAL_RANK: 0 - CUDA_VISIBLE_DEVICES: [0]
[I 2023-11-29 21:23:32,988] Trial 38 finished with value: 43.18284225463867 and parameters: {'gradient_clip_val': 0.22234887599810108, 'hidden_size': 12, 'dropout': 0.2875058708440061, 'hidden_continuous_size': 11, 'attention_head_size': 2, 'learning_rate': 0.077689668483544}. Best is trial 22 with value: 33.451656341552734.
LOCAL_RANK: 0 - CUDA_VISIBLE_DEVICES: [0]
[I 2023-11-29 21:23:45,551] Trial 39 finished with value: 38.641204833984375 and parameters: {'gradient_clip_val': 0.29074725890704595, 'hidden_size': 13, 'dropout': 0.30651099533510057, 'hidden_continuous_size': 11, 'attention_head_size': 2, 'learning_rate': 0.08858005482147278}. Best is trial 22 with value: 33.451656341552734.
LOCAL_RANK: 0 - CUDA_VISIBLE_DEVICES: [0]
[I 2023-11-29 21:23:58,313] Trial 40 finished with value: 44.776981353759766 and parameters: {'gradient_clip_val': 0.2367982089020005, 'hidden_size': 17, 'dropout': 0.27018342791392946, 'hidden_continuous_size': 10, 'attention_head_size': 2, 'learning_rate': 0.03138622494141855}. Best is trial 22 with value: 33.451656341552734.
LOCAL_RANK: 0 - CUDA_VISIBLE_DEVICES: [0]
[I 2023-11-29 21:24:11,111] Trial 41 finished with value: 34.282222747802734 and parameters: {'gradient_clip_val': 0.21897526320197713, 'hidden_size': 13, 'dropout': 0.25304474547641126, 'hidden_continuous_size': 11, 'attention_head_size': 1, 'learning_rate': 0.06725923233048657}. Best is trial 22 with value: 33.451656341552734.
LOCAL_RANK: 0 - CUDA_VISIBLE_DEVICES: [0]
[I 2023-11-29 21:24:23,534] Trial 42 finished with value: 39.26914978027344 and parameters: {'gradient_clip_val': 0.21978433164998976, 'hidden_size': 13, 'dropout': 0.23346718019509166, 'hidden_continuous_size': 11, 'attention_head_size': 1, 'learning_rate': 0.06041848897872343}. Best is trial 22 with value: 33.451656341552734.
LOCAL_RANK: 0 - CUDA_VISIBLE_DEVICES: [0]
[I 2023-11-29 21:24:36,146] Trial 43 finished with value: 36.38642120361328 and parameters: {'gradient_clip_val': 0.2635069565725073, 'hidden_size': 11, 'dropout': 0.24942169993138333, 'hidden_continuous_size': 10, 'attention_head_size': 1, 'learning_rate': 0.09640097764102226}. Best is trial 22 with value: 33.451656341552734.
LOCAL_RANK: 0 - CUDA_VISIBLE_DEVICES: [0]
[I 2023-11-29 21:24:48,675] Trial 44 finished with value: 34.019229888916016 and parameters: {'gradient_clip_val': 0.18269984822307425, 'hidden_size': 16, 'dropout': 0.2530752459121219, 'hidden_continuous_size': 11, 'attention_head_size': 1, 'learning_rate': 0.0699280221848608}. Best is trial 22 with value: 33.451656341552734.
LOCAL_RANK: 0 - CUDA_VISIBLE_DEVICES: [0]
[I 2023-11-29 21:25:01,277] Trial 45 finished with value: 34.82954025268555 and parameters: {'gradient_clip_val': 0.18730888892879866, 'hidden_size': 14, 'dropout': 0.25151349222090935, 'hidden_continuous_size': 11, 'attention_head_size': 1, 'learning_rate': 0.07412219832924141}. Best is trial 22 with value: 33.451656341552734.
LOCAL_RANK: 0 - CUDA_VISIBLE_DEVICES: [0]
[I 2023-11-29 21:25:14,087] Trial 46 finished with value: 36.36067581176758 and parameters: {'gradient_clip_val': 0.1831067532098817, 'hidden_size': 15, 'dropout': 0.23998436323411626, 'hidden_continuous_size': 11, 'attention_head_size': 1, 'learning_rate': 0.07701893150776291}. Best is trial 22 with value: 33.451656341552734.
LOCAL_RANK: 0 - CUDA_VISIBLE_DEVICES: [0]
[I 2023-11-29 21:25:26,406] Trial 47 finished with value: 36.75370788574219 and parameters: {'gradient_clip_val': 0.19252257638571596, 'hidden_size': 16, 'dropout': 0.2581417092352976, 'hidden_continuous_size': 12, 'attention_head_size': 1, 'learning_rate': 0.05399990392151491}. Best is trial 22 with value: 33.451656341552734.
LOCAL_RANK: 0 - CUDA_VISIBLE_DEVICES: [0]
[I 2023-11-29 21:25:39,055] Trial 48 finished with value: 34.527706146240234 and parameters: {'gradient_clip_val': 0.2898277247106659, 'hidden_size': 14, 'dropout': 0.21990522362347442, 'hidden_continuous_size': 11, 'attention_head_size': 1, 'learning_rate': 0.09663241808555094}. Best is trial 22 with value: 33.451656341552734.
LOCAL_RANK: 0 - CUDA_VISIBLE_DEVICES: [0]
[I 2023-11-29 21:25:51,367] Trial 49 finished with value: 44.796749114990234 and parameters: {'gradient_clip_val': 0.35497146865792284, 'hidden_size': 12, 'dropout': 0.22632679903159345, 'hidden_continuous_size': 11, 'attention_head_size': 1, 'learning_rate': 0.09913031037817842}. Best is trial 22 with value: 33.451656341552734.
LOCAL_RANK: 0 - CUDA_VISIBLE_DEVICES: [0]
[I 2023-11-29 21:26:04,021] Trial 50 finished with value: 39.221580505371094 and parameters: {'gradient_clip_val': 0.28789023935895985, 'hidden_size': 17, 'dropout': 0.29086038730553604, 'hidden_continuous_size': 10, 'attention_head_size': 2, 'learning_rate': 0.09987594762910922}. Best is trial 22 with value: 33.451656341552734.
LOCAL_RANK: 0 - CUDA_VISIBLE_DEVICES: [0]
