[I 2023-11-30 09:36:35,796] Trial 134 finished with value: 41.53608322143555 and parameters: {'gradient_clip_val': 0.37216906786330606, 'hidden_size': 120, 'dropout': 0.3307245513895557, 'hidden_continuous_size': 49, 'attention_head_size': 2, 'learning_rate': 0.0412554565251304}. Best is trial 76 with value: 32.84381866455078.
LOCAL_RANK: 0 - CUDA_VISIBLE_DEVICES: [0]
[I 2023-11-30 09:36:49,320] Trial 135 finished with value: 31.8902645111084 and parameters: {'gradient_clip_val': 0.48550363674236086, 'hidden_size': 88, 'dropout': 0.3663214712283486, 'hidden_continuous_size': 43, 'attention_head_size': 2, 'learning_rate': 0.08852442532645804}. Best is trial 135 with value: 31.8902645111084.
LOCAL_RANK: 0 - CUDA_VISIBLE_DEVICES: [0]
[I 2023-11-30 09:37:02,879] Trial 136 finished with value: 47.17912292480469 and parameters: {'gradient_clip_val': 0.47331483544926833, 'hidden_size': 104, 'dropout': 0.363694028166684, 'hidden_continuous_size': 43, 'attention_head_size': 2, 'learning_rate': 0.06288964777305124}. Best is trial 135 with value: 31.8902645111084.
LOCAL_RANK: 0 - CUDA_VISIBLE_DEVICES: [0]
[I 2023-11-30 09:37:16,363] Trial 137 finished with value: 40.88380813598633 and parameters: {'gradient_clip_val': 0.527065869986685, 'hidden_size': 85, 'dropout': 0.3536135837295872, 'hidden_continuous_size': 48, 'attention_head_size': 2, 'learning_rate': 0.027184387580631582}. Best is trial 135 with value: 31.8902645111084.
LOCAL_RANK: 0 - CUDA_VISIBLE_DEVICES: [0]
[I 2023-11-30 09:37:30,196] Trial 138 finished with value: 56.67547607421875 and parameters: {'gradient_clip_val': 0.582292155772166, 'hidden_size': 113, 'dropout': 0.375058045525405, 'hidden_continuous_size': 39, 'attention_head_size': 2, 'learning_rate': 0.034310082631848315}. Best is trial 135 with value: 31.8902645111084.
LOCAL_RANK: 0 - CUDA_VISIBLE_DEVICES: [0]
[I 2023-11-30 09:37:43,679] Trial 139 finished with value: 42.61174392700195 and parameters: {'gradient_clip_val': 0.32760948678077817, 'hidden_size': 78, 'dropout': 0.3709012879624997, 'hidden_continuous_size': 46, 'attention_head_size': 2, 'learning_rate': 0.0463587184013975}. Best is trial 135 with value: 31.8902645111084.
LOCAL_RANK: 0 - CUDA_VISIBLE_DEVICES: [0]
[I 2023-11-30 09:37:57,407] Trial 140 finished with value: 42.59884262084961 and parameters: {'gradient_clip_val': 0.5012235514362675, 'hidden_size': 96, 'dropout': 0.3784707013555696, 'hidden_continuous_size': 42, 'attention_head_size': 2, 'learning_rate': 0.0698795978877647}. Best is trial 135 with value: 31.8902645111084.
LOCAL_RANK: 0 - CUDA_VISIBLE_DEVICES: [0]
[I 2023-11-30 09:38:11,054] Trial 141 finished with value: 44.10529708862305 and parameters: {'gradient_clip_val': 0.45305962182289583, 'hidden_size': 91, 'dropout': 0.360182262070684, 'hidden_continuous_size': 53, 'attention_head_size': 2, 'learning_rate': 0.09028983405842575}. Best is trial 135 with value: 31.8902645111084.
LOCAL_RANK: 0 - CUDA_VISIBLE_DEVICES: [0]
[I 2023-11-30 09:38:24,703] Trial 142 finished with value: 42.83002853393555 and parameters: {'gradient_clip_val': 0.4224554411211019, 'hidden_size': 128, 'dropout': 0.34679790161733487, 'hidden_continuous_size': 36, 'attention_head_size': 2, 'learning_rate': 0.08973652893416292}. Best is trial 135 with value: 31.8902645111084.
LOCAL_RANK: 0 - CUDA_VISIBLE_DEVICES: [0]
[I 2023-11-30 09:38:39,042] Trial 143 finished with value: 53.68437576293945 and parameters: {'gradient_clip_val': 0.4067510680276325, 'hidden_size': 141, 'dropout': 0.34153996362830175, 'hidden_continuous_size': 35, 'attention_head_size': 2, 'learning_rate': 0.08125481885172856}. Best is trial 135 with value: 31.8902645111084.
LOCAL_RANK: 0 - CUDA_VISIBLE_DEVICES: [0]
[I 2023-11-30 09:38:53,197] Trial 144 finished with value: 45.337615966796875 and parameters: {'gradient_clip_val': 0.44587770608813654, 'hidden_size': 149, 'dropout': 0.3519495003212272, 'hidden_continuous_size': 56, 'attention_head_size': 2, 'learning_rate': 0.017566378900879153}. Best is trial 135 with value: 31.8902645111084.
LOCAL_RANK: 0 - CUDA_VISIBLE_DEVICES: [0]
[I 2023-11-30 09:39:06,946] Trial 145 finished with value: 44.174747467041016 and parameters: {'gradient_clip_val': 0.4841880867600979, 'hidden_size': 124, 'dropout': 0.29660519234272026, 'hidden_continuous_size': 51, 'attention_head_size': 2, 'learning_rate': 0.09141767486146543}. Best is trial 135 with value: 31.8902645111084.
LOCAL_RANK: 0 - CUDA_VISIBLE_DEVICES: [0]
[I 2023-11-30 09:39:20,535] Trial 146 finished with value: 35.547271728515625 and parameters: {'gradient_clip_val': 0.38257106426592935, 'hidden_size': 89, 'dropout': 0.3823045598939754, 'hidden_continuous_size': 45, 'attention_head_size': 2, 'learning_rate': 0.0786570131309532}. Best is trial 135 with value: 31.8902645111084.
LOCAL_RANK: 0 - CUDA_VISIBLE_DEVICES: [0]
[I 2023-11-30 09:39:34,002] Trial 147 finished with value: 39.272987365722656 and parameters: {'gradient_clip_val': 0.3821521306711309, 'hidden_size': 85, 'dropout': 0.3788977823084324, 'hidden_continuous_size': 45, 'attention_head_size': 2, 'learning_rate': 0.07643382805711049}. Best is trial 135 with value: 31.8902645111084.
LOCAL_RANK: 0 - CUDA_VISIBLE_DEVICES: [0]
[I 2023-11-30 09:39:47,359] Trial 148 finished with value: 48.18353271484375 and parameters: {'gradient_clip_val': 0.35578084353920925, 'hidden_size': 71, 'dropout': 0.38588561187681225, 'hidden_continuous_size': 47, 'attention_head_size': 2, 'learning_rate': 0.024006596972337667}. Best is trial 135 with value: 31.8902645111084.
LOCAL_RANK: 0 - CUDA_VISIBLE_DEVICES: [0]
[I 2023-11-30 09:40:01,085] Trial 149 finished with value: 43.61757278442383 and parameters: {'gradient_clip_val': 0.4043318182574339, 'hidden_size': 90, 'dropout': 0.368317114885405, 'hidden_continuous_size': 43, 'attention_head_size': 2, 'learning_rate': 0.06117536888774847}. Best is trial 135 with value: 31.8902645111084.
[I 2023-11-30 09:40:01,210] A new study created in memory with name: no-name-a90a45cf-e5de-47e5-abe4-30f16aab1625
/home/le004/conda/anaconda3/envs/tsff_env/lib/python3.9/site-packages/lightning/fabric/plugins/environments/slurm.py:191: The `srun` command is available on your system but is not used. HINT: If your intention is to run Lightning on SLURM, prepend your python command with `srun` like so: srun python /home/le004/master_thesis/git/TSFusionForecast/code/ ...
LOCAL_RANK: 0 - CUDA_VISIBLE_DEVICES: [0]
[I 2023-11-30 09:40:13,210] Trial 0 finished with value: 371.6111145019531 and parameters: {'gradient_clip_val': 0.1889212568172701, 'hidden_size': 11, 'dropout': 0.311710241973557, 'hidden_continuous_size': 10, 'attention_head_size': 4, 'learning_rate': 0.0330573971334513}. Best is trial 0 with value: 371.6111145019531.
LOCAL_RANK: 0 - CUDA_VISIBLE_DEVICES: [0]
[I 2023-11-30 09:40:25,072] Trial 1 finished with value: 257.1546936035156 and parameters: {'gradient_clip_val': 0.28271886389739437, 'hidden_size': 23, 'dropout': 0.2154640435684348, 'hidden_continuous_size': 10, 'attention_head_size': 1, 'learning_rate': 0.01548062045058656}. Best is trial 1 with value: 257.1546936035156.
LOCAL_RANK: 0 - CUDA_VISIBLE_DEVICES: [0]
[I 2023-11-30 09:40:38,371] Trial 2 finished with value: 333.5495910644531 and parameters: {'gradient_clip_val': 0.19302933477859005, 'hidden_size': 91, 'dropout': 0.1827109485018769, 'hidden_continuous_size': 29, 'attention_head_size': 2, 'learning_rate': 0.06608113687240595}. Best is trial 1 with value: 257.1546936035156.
LOCAL_RANK: 0 - CUDA_VISIBLE_DEVICES: [0]
[I 2023-11-30 09:40:50,072] Trial 3 finished with value: 249.85301208496094 and parameters: {'gradient_clip_val': 0.33973838627280456, 'hidden_size': 17, 'dropout': 0.261555018123906, 'hidden_continuous_size': 11, 'attention_head_size': 1, 'learning_rate': 0.023303772220420862}. Best is trial 3 with value: 249.85301208496094.
LOCAL_RANK: 0 - CUDA_VISIBLE_DEVICES: [0]
[I 2023-11-30 09:41:02,197] Trial 4 finished with value: 256.8141174316406 and parameters: {'gradient_clip_val': 0.14389012895698394, 'hidden_size': 22, 'dropout': 0.34525591939974865, 'hidden_continuous_size': 14, 'attention_head_size': 1, 'learning_rate': 0.023379428238427855}. Best is trial 3 with value: 249.85301208496094.
LOCAL_RANK: 0 - CUDA_VISIBLE_DEVICES: [0]
[I 2023-11-30 09:41:14,147] Trial 5 finished with value: 574.793701171875 and parameters: {'gradient_clip_val': 0.8906478838539669, 'hidden_size': 20, 'dropout': 0.3498448154608018, 'hidden_continuous_size': 17, 'attention_head_size': 3, 'learning_rate': 0.004501672253425359}. Best is trial 3 with value: 249.85301208496094.
LOCAL_RANK: 0 - CUDA_VISIBLE_DEVICES: [0]
[I 2023-11-30 09:41:25,626] Trial 6 finished with value: 286.3623962402344 and parameters: {'gradient_clip_val': 0.5121424650698739, 'hidden_size': 12, 'dropout': 0.3445732035115679, 'hidden_continuous_size': 11, 'attention_head_size': 1, 'learning_rate': 0.028086788737814825}. Best is trial 3 with value: 249.85301208496094.
LOCAL_RANK: 0 - CUDA_VISIBLE_DEVICES: [0]
[I 2023-11-30 09:41:37,513] Trial 7 finished with value: 620.3556518554688 and parameters: {'gradient_clip_val': 0.21203894139886856, 'hidden_size': 18, 'dropout': 0.1283317959480167, 'hidden_continuous_size': 11, 'attention_head_size': 2, 'learning_rate': 0.004928390627051787}. Best is trial 3 with value: 249.85301208496094.
LOCAL_RANK: 0 - CUDA_VISIBLE_DEVICES: [0]
[I 2023-11-30 09:41:51,060] Trial 8 finished with value: 299.7109069824219 and parameters: {'gradient_clip_val': 0.5814371977458227, 'hidden_size': 121, 'dropout': 0.10081705429612137, 'hidden_continuous_size': 14, 'attention_head_size': 4, 'learning_rate': 0.003336353199257455}. Best is trial 3 with value: 249.85301208496094.
LOCAL_RANK: 0 - CUDA_VISIBLE_DEVICES: [0]
[I 2023-11-30 09:42:03,723] Trial 9 finished with value: 289.0185241699219 and parameters: {'gradient_clip_val': 0.4260773287999511, 'hidden_size': 44, 'dropout': 0.20484028332722598, 'hidden_continuous_size': 30, 'attention_head_size': 2, 'learning_rate': 0.02865707880564046}. Best is trial 3 with value: 249.85301208496094.
LOCAL_RANK: 0 - CUDA_VISIBLE_DEVICES: [0]
[I 2023-11-30 09:42:16,195] Trial 10 finished with value: 737.2625122070312 and parameters: {'gradient_clip_val': 0.10770140232886465, 'hidden_size': 38, 'dropout': 0.269913517159038, 'hidden_continuous_size': 22, 'attention_head_size': 3, 'learning_rate': 0.001730855541912191}. Best is trial 3 with value: 249.85301208496094.
LOCAL_RANK: 0 - CUDA_VISIBLE_DEVICES: [0]
[I 2023-11-30 09:42:28,170] Trial 11 finished with value: 230.1356964111328 and parameters: {'gradient_clip_val': 0.11263260670472268, 'hidden_size': 27, 'dropout': 0.3937296203232092, 'hidden_continuous_size': 13, 'attention_head_size': 1, 'learning_rate': 0.011496368594708394}. Best is trial 11 with value: 230.1356964111328.
LOCAL_RANK: 0 - CUDA_VISIBLE_DEVICES: [0]
[I 2023-11-30 09:42:40,368] Trial 12 finished with value: 316.9595642089844 and parameters: {'gradient_clip_val': 0.3029217815318609, 'hidden_size': 33, 'dropout': 0.38891919778835216, 'hidden_continuous_size': 14, 'attention_head_size': 1, 'learning_rate': 0.010047606404659074}. Best is trial 11 with value: 230.1356964111328.
LOCAL_RANK: 0 - CUDA_VISIBLE_DEVICES: [0]
[I 2023-11-30 09:42:50,318] Trial 13 finished with value: 772.1823120117188 and parameters: {'gradient_clip_val': 0.1029430416118152, 'hidden_size': 10, 'dropout': 0.3971505627187562, 'hidden_continuous_size': 10, 'attention_head_size': 1, 'learning_rate': 0.010449492745324735}. Best is trial 11 with value: 230.1356964111328.
LOCAL_RANK: 0 - CUDA_VISIBLE_DEVICES: [0]
[I 2023-11-30 09:43:03,153] Trial 14 finished with value: 333.4220275878906 and parameters: {'gradient_clip_val': 0.2584970964287192, 'hidden_size': 56, 'dropout': 0.2710625499488207, 'hidden_continuous_size': 20, 'attention_head_size': 2, 'learning_rate': 0.060388482111607564}. Best is trial 11 with value: 230.1356964111328.
LOCAL_RANK: 0 - CUDA_VISIBLE_DEVICES: [0]
[I 2023-11-30 09:43:14,964] Trial 15 finished with value: 380.4954833984375 and parameters: {'gradient_clip_val': 0.3655644464721323, 'hidden_size': 15, 'dropout': 0.2949451958686351, 'hidden_continuous_size': 11, 'attention_head_size': 1, 'learning_rate': 0.013868255748313804}. Best is trial 11 with value: 230.1356964111328.
LOCAL_RANK: 0 - CUDA_VISIBLE_DEVICES: [0]
[I 2023-11-30 09:43:27,055] Trial 16 finished with value: 295.675537109375 and parameters: {'gradient_clip_val': 0.14196582037331087, 'hidden_size': 29, 'dropout': 0.23450933864479095, 'hidden_continuous_size': 13, 'attention_head_size': 3, 'learning_rate': 0.09295328566271129}. Best is trial 11 with value: 230.1356964111328.
LOCAL_RANK: 0 - CUDA_VISIBLE_DEVICES: [0]
[I 2023-11-30 09:43:38,664] Trial 17 finished with value: 240.5571746826172 and parameters: {'gradient_clip_val': 0.3555598495792468, 'hidden_size': 16, 'dropout': 0.25023043128829575, 'hidden_continuous_size': 12, 'attention_head_size': 2, 'learning_rate': 0.01761231167820458}. Best is trial 11 with value: 230.1356964111328.
LOCAL_RANK: 0 - CUDA_VISIBLE_DEVICES: [0]
[I 2023-11-30 09:43:50,376] Trial 18 finished with value: 409.8775939941406 and parameters: {'gradient_clip_val': 0.23895393898615935, 'hidden_size': 28, 'dropout': 0.30642669825825186, 'hidden_continuous_size': 13, 'attention_head_size': 2, 'learning_rate': 0.006682964400116832}. Best is trial 11 with value: 230.1356964111328.
LOCAL_RANK: 0 - CUDA_VISIBLE_DEVICES: [0]
[I 2023-11-30 09:44:02,454] Trial 19 finished with value: 967.7637329101562 and parameters: {'gradient_clip_val': 0.1719945296148647, 'hidden_size': 14, 'dropout': 0.1866229491006678, 'hidden_continuous_size': 12, 'attention_head_size': 2, 'learning_rate': 0.0010510280969607147}. Best is trial 11 with value: 230.1356964111328.
LOCAL_RANK: 0 - CUDA_VISIBLE_DEVICES: [0]
[I 2023-11-30 09:44:14,298] Trial 20 finished with value: 457.6456604003906 and parameters: {'gradient_clip_val': 0.24617198085711134, 'hidden_size': 14, 'dropout': 0.36517000184259474, 'hidden_continuous_size': 12, 'attention_head_size': 3, 'learning_rate': 0.007341270515299591}. Best is trial 11 with value: 230.1356964111328.
LOCAL_RANK: 0 - CUDA_VISIBLE_DEVICES: [0]
[I 2023-11-30 09:44:26,130] Trial 21 finished with value: 281.4731140136719 and parameters: {'gradient_clip_val': 0.3387633754624428, 'hidden_size': 19, 'dropout': 0.2475077966844699, 'hidden_continuous_size': 12, 'attention_head_size': 1, 'learning_rate': 0.017738291395122847}. Best is trial 11 with value: 230.1356964111328.
LOCAL_RANK: 0 - CUDA_VISIBLE_DEVICES: [0]
[I 2023-11-30 09:44:37,534] Trial 22 finished with value: 295.7264709472656 and parameters: {'gradient_clip_val': 0.38315710261314323, 'hidden_size': 16, 'dropout': 0.26995714298943635, 'hidden_continuous_size': 11, 'attention_head_size': 1, 'learning_rate': 0.01636547072984891}. Best is trial 11 with value: 230.1356964111328.
LOCAL_RANK: 0 - CUDA_VISIBLE_DEVICES: [0]
[I 2023-11-30 09:44:49,704] Trial 23 finished with value: 222.1162567138672 and parameters: {'gradient_clip_val': 0.332601015104658, 'hidden_size': 26, 'dropout': 0.3233860873168409, 'hidden_continuous_size': 15, 'attention_head_size': 2, 'learning_rate': 0.039411997683445}. Best is trial 23 with value: 222.1162567138672.
LOCAL_RANK: 0 - CUDA_VISIBLE_DEVICES: [0]
[I 2023-11-30 09:45:01,809] Trial 24 finished with value: 238.7985076904297 and parameters: {'gradient_clip_val': 0.30208221937484925, 'hidden_size': 25, 'dropout': 0.37471629599928197, 'hidden_continuous_size': 16, 'attention_head_size': 2, 'learning_rate': 0.040603214384889445}. Best is trial 23 with value: 222.1162567138672.
LOCAL_RANK: 0 - CUDA_VISIBLE_DEVICES: [0]
[I 2023-11-30 09:45:13,512] Trial 25 finished with value: 286.8590087890625 and parameters: {'gradient_clip_val': 0.22721356340712745, 'hidden_size': 28, 'dropout': 0.3753979946280766, 'hidden_continuous_size': 16, 'attention_head_size': 2, 'learning_rate': 0.04200671859917257}. Best is trial 23 with value: 222.1162567138672.
LOCAL_RANK: 0 - CUDA_VISIBLE_DEVICES: [0]
[I 2023-11-30 09:45:25,280] Trial 26 finished with value: 204.2878875732422 and parameters: {'gradient_clip_val': 0.16083564907599968, 'hidden_size': 24, 'dropout': 0.3994990697189108, 'hidden_continuous_size': 15, 'attention_head_size': 3, 'learning_rate': 0.043822931917732844}. Best is trial 26 with value: 204.2878875732422.
LOCAL_RANK: 0 - CUDA_VISIBLE_DEVICES: [0]
[I 2023-11-30 09:45:37,765] Trial 27 finished with value: 312.6498718261719 and parameters: {'gradient_clip_val': 0.12426698742040702, 'hidden_size': 35, 'dropout': 0.3925845312568355, 'hidden_continuous_size': 18, 'attention_head_size': 3, 'learning_rate': 0.058998011861083166}. Best is trial 26 with value: 204.2878875732422.
LOCAL_RANK: 0 - CUDA_VISIBLE_DEVICES: [0]
[I 2023-11-30 09:45:49,581] Trial 28 finished with value: 234.2679443359375 and parameters: {'gradient_clip_val': 0.1605076904061984, 'hidden_size': 24, 'dropout': 0.3288297960204035, 'hidden_continuous_size': 15, 'attention_head_size': 4, 'learning_rate': 0.042351125555007314}. Best is trial 26 with value: 204.2878875732422.
LOCAL_RANK: 0 - CUDA_VISIBLE_DEVICES: [0]
[I 2023-11-30 09:46:02,023] Trial 29 finished with value: 266.9629211425781 and parameters: {'gradient_clip_val': 0.1914540614588068, 'hidden_size': 44, 'dropout': 0.39894241344779247, 'hidden_continuous_size': 19, 'attention_head_size': 4, 'learning_rate': 0.08692430696858908}. Best is trial 26 with value: 204.2878875732422.
LOCAL_RANK: 0 - CUDA_VISIBLE_DEVICES: [0]
[I 2023-11-30 09:46:14,013] Trial 30 finished with value: 225.4017791748047 and parameters: {'gradient_clip_val': 0.12378916665384199, 'hidden_size': 21, 'dropout': 0.32985853216194955, 'hidden_continuous_size': 15, 'attention_head_size': 3, 'learning_rate': 0.03414040212250823}. Best is trial 26 with value: 204.2878875732422.
LOCAL_RANK: 0 - CUDA_VISIBLE_DEVICES: [0]
[I 2023-11-30 09:46:26,034] Trial 31 finished with value: 208.2141571044922 and parameters: {'gradient_clip_val': 0.12353713539527576, 'hidden_size': 22, 'dropout': 0.3167335884061512, 'hidden_continuous_size': 15, 'attention_head_size': 3, 'learning_rate': 0.03557951321795767}. Best is trial 26 with value: 204.2878875732422.
LOCAL_RANK: 0 - CUDA_VISIBLE_DEVICES: [0]
[I 2023-11-30 09:46:37,983] Trial 32 finished with value: 185.4176788330078 and parameters: {'gradient_clip_val': 0.12871967160220213, 'hidden_size': 22, 'dropout': 0.3223417212774033, 'hidden_continuous_size': 15, 'attention_head_size': 3, 'learning_rate': 0.03725012034619514}. Best is trial 32 with value: 185.4176788330078.
LOCAL_RANK: 0 - CUDA_VISIBLE_DEVICES: [0]
[I 2023-11-30 09:46:50,268] Trial 33 finished with value: 261.5317077636719 and parameters: {'gradient_clip_val': 0.15131172476933874, 'hidden_size': 23, 'dropout': 0.30633673910969994, 'hidden_continuous_size': 16, 'attention_head_size': 3, 'learning_rate': 0.04818138702039734}. Best is trial 32 with value: 185.4176788330078.
LOCAL_RANK: 0 - CUDA_VISIBLE_DEVICES: [0]
[I 2023-11-30 09:47:02,109] Trial 34 finished with value: 207.7574005126953 and parameters: {'gradient_clip_val': 0.13355997402732128, 'hidden_size': 20, 'dropout': 0.3265017282937951, 'hidden_continuous_size': 15, 'attention_head_size': 3, 'learning_rate': 0.06926552477727388}. Best is trial 32 with value: 185.4176788330078.
LOCAL_RANK: 0 - CUDA_VISIBLE_DEVICES: [0]
[I 2023-11-30 09:47:14,107] Trial 35 finished with value: 250.7938995361328 and parameters: {'gradient_clip_val': 0.13110326322069213, 'hidden_size': 19, 'dropout': 0.2941593238354732, 'hidden_continuous_size': 15, 'attention_head_size': 3, 'learning_rate': 0.06799185657037576}. Best is trial 32 with value: 185.4176788330078.
LOCAL_RANK: 0 - CUDA_VISIBLE_DEVICES: [0]
[I 2023-11-30 09:47:26,035] Trial 36 finished with value: 207.66246032714844 and parameters: {'gradient_clip_val': 0.10094423923612884, 'hidden_size': 21, 'dropout': 0.3548751644045793, 'hidden_continuous_size': 14, 'attention_head_size': 4, 'learning_rate': 0.055432637361488256}. Best is trial 32 with value: 185.4176788330078.
LOCAL_RANK: 0 - CUDA_VISIBLE_DEVICES: [0]
[I 2023-11-30 09:47:38,153] Trial 37 finished with value: 210.8426055908203 and parameters: {'gradient_clip_val': 0.10311778265260896, 'hidden_size': 13, 'dropout': 0.35780479024697404, 'hidden_continuous_size': 10, 'attention_head_size': 4, 'learning_rate': 0.09820359199259995}. Best is trial 32 with value: 185.4176788330078.
LOCAL_RANK: 0 - CUDA_VISIBLE_DEVICES: [0]
[I 2023-11-30 09:47:50,125] Trial 38 finished with value: 233.96142578125 and parameters: {'gradient_clip_val': 0.17383671971942985, 'hidden_size': 11, 'dropout': 0.34247862760068565, 'hidden_continuous_size': 10, 'attention_head_size': 4, 'learning_rate': 0.053860505715878255}. Best is trial 32 with value: 185.4176788330078.
LOCAL_RANK: 0 - CUDA_VISIBLE_DEVICES: [0]
[I 2023-11-30 09:48:02,089] Trial 39 finished with value: 238.7003173828125 and parameters: {'gradient_clip_val': 0.13868298581504718, 'hidden_size': 19, 'dropout': 0.3614962748234009, 'hidden_continuous_size': 14, 'attention_head_size': 4, 'learning_rate': 0.07857724822377171}. Best is trial 32 with value: 185.4176788330078.
LOCAL_RANK: 0 - CUDA_VISIBLE_DEVICES: [0]
[I 2023-11-30 09:48:13,798] Trial 40 finished with value: 301.5389099121094 and parameters: {'gradient_clip_val': 0.15714055330237522, 'hidden_size': 16, 'dropout': 0.352508339595376, 'hidden_continuous_size': 14, 'attention_head_size': 3, 'learning_rate': 0.07117679822508238}. Best is trial 32 with value: 185.4176788330078.
LOCAL_RANK: 0 - CUDA_VISIBLE_DEVICES: [0]
[I 2023-11-30 09:48:25,690] Trial 41 finished with value: 229.4641876220703 and parameters: {'gradient_clip_val': 0.11696747551599589, 'hidden_size': 22, 'dropout': 0.33530299809640973, 'hidden_continuous_size': 16, 'attention_head_size': 3, 'learning_rate': 0.031221122147453786}. Best is trial 32 with value: 185.4176788330078.
LOCAL_RANK: 0 - CUDA_VISIBLE_DEVICES: [0]
