[I 2023-11-30 09:22:55,012] Trial 75 finished with value: 43.59153366088867 and parameters: {'gradient_clip_val': 0.5847165740049656, 'hidden_size': 107, 'dropout': 0.39038418755533116, 'hidden_continuous_size': 54, 'attention_head_size': 2, 'learning_rate': 0.06683993651033096}. Best is trial 53 with value: 34.58664321899414.
LOCAL_RANK: 0 - CUDA_VISIBLE_DEVICES: [0]
[I 2023-11-30 09:23:08,996] Trial 76 finished with value: 32.84381866455078 and parameters: {'gradient_clip_val': 0.4514405944931463, 'hidden_size': 135, 'dropout': 0.36353011985772676, 'hidden_continuous_size': 58, 'attention_head_size': 2, 'learning_rate': 0.09908989024501734}. Best is trial 76 with value: 32.84381866455078.
LOCAL_RANK: 0 - CUDA_VISIBLE_DEVICES: [0]
[I 2023-11-30 09:23:22,933] Trial 77 finished with value: 36.790828704833984 and parameters: {'gradient_clip_val': 0.45584855105000516, 'hidden_size': 136, 'dropout': 0.3405777411827162, 'hidden_continuous_size': 52, 'attention_head_size': 2, 'learning_rate': 0.09172274850622257}. Best is trial 76 with value: 32.84381866455078.
LOCAL_RANK: 0 - CUDA_VISIBLE_DEVICES: [0]
[I 2023-11-30 09:23:36,835] Trial 78 finished with value: 35.61289978027344 and parameters: {'gradient_clip_val': 0.45040685404904984, 'hidden_size': 140, 'dropout': 0.33647742989273044, 'hidden_continuous_size': 59, 'attention_head_size': 2, 'learning_rate': 0.0693664088289694}. Best is trial 76 with value: 32.84381866455078.
LOCAL_RANK: 0 - CUDA_VISIBLE_DEVICES: [0]
[I 2023-11-30 09:23:50,744] Trial 79 finished with value: 33.67520523071289 and parameters: {'gradient_clip_val': 0.43740097223474445, 'hidden_size': 135, 'dropout': 0.3421977708241179, 'hidden_continuous_size': 59, 'attention_head_size': 2, 'learning_rate': 0.09134492388763675}. Best is trial 76 with value: 32.84381866455078.
LOCAL_RANK: 0 - CUDA_VISIBLE_DEVICES: [0]
[I 2023-11-30 09:24:04,946] Trial 80 finished with value: 39.45064926147461 and parameters: {'gradient_clip_val': 0.37597059626288454, 'hidden_size': 145, 'dropout': 0.3268152652286556, 'hidden_continuous_size': 60, 'attention_head_size': 2, 'learning_rate': 0.09731995460669068}. Best is trial 76 with value: 32.84381866455078.
LOCAL_RANK: 0 - CUDA_VISIBLE_DEVICES: [0]
[I 2023-11-30 09:24:19,014] Trial 81 finished with value: 50.682926177978516 and parameters: {'gradient_clip_val': 0.461092708661491, 'hidden_size': 137, 'dropout': 0.33924667268573944, 'hidden_continuous_size': 58, 'attention_head_size': 2, 'learning_rate': 0.07146935317081142}. Best is trial 76 with value: 32.84381866455078.
LOCAL_RANK: 0 - CUDA_VISIBLE_DEVICES: [0]
[I 2023-11-30 09:24:33,190] Trial 82 finished with value: 39.39777755737305 and parameters: {'gradient_clip_val': 0.43618760670913154, 'hidden_size': 139, 'dropout': 0.33637064125654215, 'hidden_continuous_size': 51, 'attention_head_size': 2, 'learning_rate': 0.09930232323460643}. Best is trial 76 with value: 32.84381866455078.
LOCAL_RANK: 0 - CUDA_VISIBLE_DEVICES: [0]
[I 2023-11-30 09:24:47,057] Trial 83 finished with value: 44.57426834106445 and parameters: {'gradient_clip_val': 0.5071242791755517, 'hidden_size': 123, 'dropout': 0.34948791158798465, 'hidden_continuous_size': 62, 'attention_head_size': 2, 'learning_rate': 0.0901531730272412}. Best is trial 76 with value: 32.84381866455078.
LOCAL_RANK: 0 - CUDA_VISIBLE_DEVICES: [0]
[I 2023-11-30 09:25:00,734] Trial 84 finished with value: 34.56581115722656 and parameters: {'gradient_clip_val': 0.5348099544777144, 'hidden_size': 116, 'dropout': 0.3209149303237268, 'hidden_continuous_size': 56, 'attention_head_size': 2, 'learning_rate': 0.061986486185371455}. Best is trial 76 with value: 32.84381866455078.
LOCAL_RANK: 0 - CUDA_VISIBLE_DEVICES: [0]
[I 2023-11-30 09:25:14,357] Trial 85 finished with value: 36.97720718383789 and parameters: {'gradient_clip_val': 0.5508583985064166, 'hidden_size': 112, 'dropout': 0.32086063013665717, 'hidden_continuous_size': 56, 'attention_head_size': 2, 'learning_rate': 0.060309592700496496}. Best is trial 76 with value: 32.84381866455078.
LOCAL_RANK: 0 - CUDA_VISIBLE_DEVICES: [0]
[I 2023-11-30 09:25:28,452] Trial 86 finished with value: 49.592010498046875 and parameters: {'gradient_clip_val': 0.4820844741091839, 'hidden_size': 118, 'dropout': 0.3122736987677494, 'hidden_continuous_size': 70, 'attention_head_size': 2, 'learning_rate': 0.04461365686010605}. Best is trial 76 with value: 32.84381866455078.
LOCAL_RANK: 0 - CUDA_VISIBLE_DEVICES: [0]
[I 2023-11-30 09:25:42,699] Trial 87 finished with value: 51.83506774902344 and parameters: {'gradient_clip_val': 0.5309466239473526, 'hidden_size': 149, 'dropout': 0.35882787518675907, 'hidden_continuous_size': 48, 'attention_head_size': 2, 'learning_rate': 0.07257804159225419}. Best is trial 76 with value: 32.84381866455078.
LOCAL_RANK: 0 - CUDA_VISIBLE_DEVICES: [0]
[I 2023-11-30 09:25:56,300] Trial 88 finished with value: 41.00786590576172 and parameters: {'gradient_clip_val': 0.4325844340830195, 'hidden_size': 101, 'dropout': 0.33164431231187097, 'hidden_continuous_size': 55, 'attention_head_size': 2, 'learning_rate': 0.06501438877076725}. Best is trial 76 with value: 32.84381866455078.
LOCAL_RANK: 0 - CUDA_VISIBLE_DEVICES: [0]
[I 2023-11-30 09:26:10,176] Trial 89 finished with value: 54.73832321166992 and parameters: {'gradient_clip_val': 0.4054820401368665, 'hidden_size': 119, 'dropout': 0.3233389860869406, 'hidden_continuous_size': 45, 'attention_head_size': 3, 'learning_rate': 0.06008142906938041}. Best is trial 76 with value: 32.84381866455078.
LOCAL_RANK: 0 - CUDA_VISIBLE_DEVICES: [0]
[I 2023-11-30 09:26:24,081] Trial 90 finished with value: 38.53606033325195 and parameters: {'gradient_clip_val': 0.5053428832772306, 'hidden_size': 128, 'dropout': 0.30617459440637895, 'hidden_continuous_size': 74, 'attention_head_size': 2, 'learning_rate': 0.07445123706337202}. Best is trial 76 with value: 32.84381866455078.
LOCAL_RANK: 0 - CUDA_VISIBLE_DEVICES: [0]
[I 2023-11-30 09:26:38,141] Trial 91 finished with value: 36.72928237915039 and parameters: {'gradient_clip_val': 0.4619267837041162, 'hidden_size': 138, 'dropout': 0.34411815609528906, 'hidden_continuous_size': 58, 'attention_head_size': 2, 'learning_rate': 0.08736473881205052}. Best is trial 76 with value: 32.84381866455078.
LOCAL_RANK: 0 - CUDA_VISIBLE_DEVICES: [0]
[I 2023-11-30 09:26:52,224] Trial 92 finished with value: 37.690303802490234 and parameters: {'gradient_clip_val': 0.4757754691349853, 'hidden_size': 136, 'dropout': 0.35019754493191063, 'hidden_continuous_size': 59, 'attention_head_size': 2, 'learning_rate': 0.0502145439681394}. Best is trial 76 with value: 32.84381866455078.
LOCAL_RANK: 0 - CUDA_VISIBLE_DEVICES: [0]
[I 2023-11-30 09:27:06,462] Trial 93 finished with value: 42.64185333251953 and parameters: {'gradient_clip_val': 0.3586213768990807, 'hidden_size': 150, 'dropout': 0.33413474519405156, 'hidden_continuous_size': 64, 'attention_head_size': 2, 'learning_rate': 0.08935188794448604}. Best is trial 76 with value: 32.84381866455078.
LOCAL_RANK: 0 - CUDA_VISIBLE_DEVICES: [0]
[I 2023-11-30 09:27:20,129] Trial 94 finished with value: 50.14265441894531 and parameters: {'gradient_clip_val': 0.39425532924800155, 'hidden_size': 105, 'dropout': 0.3440211522862482, 'hidden_continuous_size': 56, 'attention_head_size': 2, 'learning_rate': 0.07823175527191553}. Best is trial 76 with value: 32.84381866455078.
LOCAL_RANK: 0 - CUDA_VISIBLE_DEVICES: [0]
[I 2023-11-30 09:27:33,885] Trial 95 finished with value: 36.960018157958984 and parameters: {'gradient_clip_val': 0.5981008946724024, 'hidden_size': 114, 'dropout': 0.3610872457568368, 'hidden_continuous_size': 50, 'attention_head_size': 2, 'learning_rate': 0.0548943920267943}. Best is trial 76 with value: 32.84381866455078.
LOCAL_RANK: 0 - CUDA_VISIBLE_DEVICES: [0]
[I 2023-11-30 09:27:47,749] Trial 96 finished with value: 49.034576416015625 and parameters: {'gradient_clip_val': 0.5491159010070389, 'hidden_size': 123, 'dropout': 0.37037247716677585, 'hidden_continuous_size': 52, 'attention_head_size': 2, 'learning_rate': 0.0673260018324033}. Best is trial 76 with value: 32.84381866455078.
LOCAL_RANK: 0 - CUDA_VISIBLE_DEVICES: [0]
[I 2023-11-30 09:28:02,177] Trial 97 finished with value: 38.63269805908203 and parameters: {'gradient_clip_val': 0.441538488059788, 'hidden_size': 142, 'dropout': 0.3551343350639363, 'hidden_continuous_size': 67, 'attention_head_size': 2, 'learning_rate': 0.08645095987749879}. Best is trial 76 with value: 32.84381866455078.
LOCAL_RANK: 0 - CUDA_VISIBLE_DEVICES: [0]
[I 2023-11-30 09:28:16,052] Trial 98 finished with value: 47.36248779296875 and parameters: {'gradient_clip_val': 0.5345027344853827, 'hidden_size': 129, 'dropout': 0.3239702608366305, 'hidden_continuous_size': 58, 'attention_head_size': 2, 'learning_rate': 0.09957458201426854}. Best is trial 76 with value: 32.84381866455078.
LOCAL_RANK: 0 - CUDA_VISIBLE_DEVICES: [0]
[I 2023-11-30 09:28:29,698] Trial 99 finished with value: 49.11774826049805 and parameters: {'gradient_clip_val': 0.46938568498490474, 'hidden_size': 111, 'dropout': 0.3120814027771082, 'hidden_continuous_size': 54, 'attention_head_size': 2, 'learning_rate': 0.07871883189868907}. Best is trial 76 with value: 32.84381866455078.
LOCAL_RANK: 0 - CUDA_VISIBLE_DEVICES: [0]
[I 2023-11-30 09:28:43,321] Trial 100 finished with value: 45.143890380859375 and parameters: {'gradient_clip_val': 0.5065067550062119, 'hidden_size': 100, 'dropout': 0.3447841337011623, 'hidden_continuous_size': 60, 'attention_head_size': 2, 'learning_rate': 0.06483106834961132}. Best is trial 76 with value: 32.84381866455078.
LOCAL_RANK: 0 - CUDA_VISIBLE_DEVICES: [0]
[I 2023-11-30 09:28:56,996] Trial 101 finished with value: 43.66498947143555 and parameters: {'gradient_clip_val': 0.4604220627526159, 'hidden_size': 136, 'dropout': 0.33406754052659765, 'hidden_continuous_size': 48, 'attention_head_size': 2, 'learning_rate': 0.08701083446500456}. Best is trial 76 with value: 32.84381866455078.
LOCAL_RANK: 0 - CUDA_VISIBLE_DEVICES: [0]
[I 2023-11-30 09:29:11,213] Trial 102 finished with value: 35.86787414550781 and parameters: {'gradient_clip_val': 0.4368363426809112, 'hidden_size': 137, 'dropout': 0.34008830151383507, 'hidden_continuous_size': 53, 'attention_head_size': 2, 'learning_rate': 0.08852672264264463}. Best is trial 76 with value: 32.84381866455078.
LOCAL_RANK: 0 - CUDA_VISIBLE_DEVICES: [0]
[I 2023-11-30 09:29:24,953] Trial 103 finished with value: 42.32660675048828 and parameters: {'gradient_clip_val': 0.4185616133262367, 'hidden_size': 123, 'dropout': 0.36246682292043075, 'hidden_continuous_size': 54, 'attention_head_size': 2, 'learning_rate': 0.07188460037798998}. Best is trial 76 with value: 32.84381866455078.
LOCAL_RANK: 0 - CUDA_VISIBLE_DEVICES: [0]
[I 2023-11-30 09:29:38,946] Trial 104 finished with value: 36.124664306640625 and parameters: {'gradient_clip_val': 0.3966539782542848, 'hidden_size': 141, 'dropout': 0.34754416856872467, 'hidden_continuous_size': 44, 'attention_head_size': 2, 'learning_rate': 0.055323225538887}. Best is trial 76 with value: 32.84381866455078.
LOCAL_RANK: 0 - CUDA_VISIBLE_DEVICES: [0]
[I 2023-11-30 09:29:52,648] Trial 105 finished with value: 41.44815444946289 and parameters: {'gradient_clip_val': 0.3671932623686546, 'hidden_size': 94, 'dropout': 0.3547455405084981, 'hidden_continuous_size': 44, 'attention_head_size': 2, 'learning_rate': 0.04787676498104098}. Best is trial 76 with value: 32.84381866455078.
LOCAL_RANK: 0 - CUDA_VISIBLE_DEVICES: [0]
[I 2023-11-30 09:30:06,439] Trial 106 finished with value: 39.41754913330078 and parameters: {'gradient_clip_val': 0.39834525643535706, 'hidden_size': 129, 'dropout': 0.31803007405936484, 'hidden_continuous_size': 42, 'attention_head_size': 2, 'learning_rate': 0.056378634085387555}. Best is trial 76 with value: 32.84381866455078.
LOCAL_RANK: 0 - CUDA_VISIBLE_DEVICES: [0]
[I 2023-11-30 09:30:20,095] Trial 107 finished with value: 33.75878143310547 and parameters: {'gradient_clip_val': 0.4384383517299324, 'hidden_size': 118, 'dropout': 0.34850898902122757, 'hidden_continuous_size': 47, 'attention_head_size': 2, 'learning_rate': 0.042187787565062064}. Best is trial 76 with value: 32.84381866455078.
LOCAL_RANK: 0 - CUDA_VISIBLE_DEVICES: [0]
[I 2023-11-30 09:30:34,042] Trial 108 finished with value: 46.715484619140625 and parameters: {'gradient_clip_val': 0.43000649335441926, 'hidden_size': 109, 'dropout': 0.3394949521314824, 'hidden_continuous_size': 47, 'attention_head_size': 2, 'learning_rate': 0.04059664093798774}. Best is trial 76 with value: 32.84381866455078.
LOCAL_RANK: 0 - CUDA_VISIBLE_DEVICES: [0]
[I 2023-11-30 09:30:47,733] Trial 109 finished with value: 44.713504791259766 and parameters: {'gradient_clip_val': 0.3577376272917379, 'hidden_size': 119, 'dropout': 0.3317366878856136, 'hidden_continuous_size': 49, 'attention_head_size': 2, 'learning_rate': 0.03384272906277794}. Best is trial 76 with value: 32.84381866455078.
LOCAL_RANK: 0 - CUDA_VISIBLE_DEVICES: [0]
[I 2023-11-30 09:31:01,961] Trial 110 finished with value: 35.039329528808594 and parameters: {'gradient_clip_val': 0.3841769292477788, 'hidden_size': 142, 'dropout': 0.3518817941970808, 'hidden_continuous_size': 45, 'attention_head_size': 2, 'learning_rate': 0.04621465897592354}. Best is trial 76 with value: 32.84381866455078.
LOCAL_RANK: 0 - CUDA_VISIBLE_DEVICES: [0]
[I 2023-11-30 09:31:15,806] Trial 111 finished with value: 50.26288986206055 and parameters: {'gradient_clip_val': 0.38969064676734944, 'hidden_size': 142, 'dropout': 0.35028761769846123, 'hidden_continuous_size': 44, 'attention_head_size': 2, 'learning_rate': 0.04516796686364674}. Best is trial 76 with value: 32.84381866455078.
LOCAL_RANK: 0 - CUDA_VISIBLE_DEVICES: [0]
[I 2023-11-30 09:31:29,486] Trial 112 finished with value: 55.867244720458984 and parameters: {'gradient_clip_val': 0.4249677424490924, 'hidden_size': 132, 'dropout': 0.3623068190826426, 'hidden_continuous_size': 40, 'attention_head_size': 2, 'learning_rate': 0.05387372356242932}. Best is trial 76 with value: 32.84381866455078.
LOCAL_RANK: 0 - CUDA_VISIBLE_DEVICES: [0]
[I 2023-11-30 09:31:43,722] Trial 113 finished with value: 39.916080474853516 and parameters: {'gradient_clip_val': 0.4889482370887023, 'hidden_size': 149, 'dropout': 0.3295140350655567, 'hidden_continuous_size': 38, 'attention_head_size': 2, 'learning_rate': 0.04076400359668548}. Best is trial 76 with value: 32.84381866455078.
LOCAL_RANK: 0 - CUDA_VISIBLE_DEVICES: [0]
[I 2023-11-30 09:31:57,429] Trial 114 finished with value: 38.917789459228516 and parameters: {'gradient_clip_val': 0.3442377039897731, 'hidden_size': 125, 'dropout': 0.348432819981897, 'hidden_continuous_size': 46, 'attention_head_size': 2, 'learning_rate': 0.049789443102476634}. Best is trial 76 with value: 32.84381866455078.
LOCAL_RANK: 0 - CUDA_VISIBLE_DEVICES: [0]
[I 2023-11-30 09:32:11,205] Trial 115 finished with value: 38.796566009521484 and parameters: {'gradient_clip_val': 0.3769094439900552, 'hidden_size': 115, 'dropout': 0.35569929364329506, 'hidden_continuous_size': 49, 'attention_head_size': 2, 'learning_rate': 0.08028001352036165}. Best is trial 76 with value: 32.84381866455078.
LOCAL_RANK: 0 - CUDA_VISIBLE_DEVICES: [0]
[I 2023-11-30 09:32:25,010] Trial 116 finished with value: 58.70404052734375 and parameters: {'gradient_clip_val': 0.4428955101860766, 'hidden_size': 106, 'dropout': 0.34043374955800687, 'hidden_continuous_size': 52, 'attention_head_size': 2, 'learning_rate': 0.03531382034194377}. Best is trial 76 with value: 32.84381866455078.
LOCAL_RANK: 0 - CUDA_VISIBLE_DEVICES: [0]
[I 2023-11-30 09:32:38,917] Trial 117 finished with value: 33.36955642700195 and parameters: {'gradient_clip_val': 0.40381823076019774, 'hidden_size': 134, 'dropout': 0.36857921274585637, 'hidden_continuous_size': 43, 'attention_head_size': 2, 'learning_rate': 0.06873365520075636}. Best is trial 76 with value: 32.84381866455078.
LOCAL_RANK: 0 - CUDA_VISIBLE_DEVICES: [0]
[I 2023-11-30 09:32:52,855] Trial 118 finished with value: 45.9700813293457 and parameters: {'gradient_clip_val': 0.3180838574347957, 'hidden_size': 118, 'dropout': 0.368158852756457, 'hidden_continuous_size': 42, 'attention_head_size': 2, 'learning_rate': 0.06754489955005674}. Best is trial 76 with value: 32.84381866455078.
LOCAL_RANK: 0 - CUDA_VISIBLE_DEVICES: [0]
[I 2023-11-30 09:33:06,866] Trial 119 finished with value: 41.64852523803711 and parameters: {'gradient_clip_val': 0.4110183642676615, 'hidden_size': 133, 'dropout': 0.37419212426726384, 'hidden_continuous_size': 62, 'attention_head_size': 2, 'learning_rate': 0.07553255186018533}. Best is trial 76 with value: 32.84381866455078.
LOCAL_RANK: 0 - CUDA_VISIBLE_DEVICES: [0]
[I 2023-11-30 09:33:20,423] Trial 120 finished with value: 49.06972885131836 and parameters: {'gradient_clip_val': 0.5181180737667237, 'hidden_size': 96, 'dropout': 0.3636982057583887, 'hidden_continuous_size': 52, 'attention_head_size': 4, 'learning_rate': 0.06390382499515526}. Best is trial 76 with value: 32.84381866455078.
LOCAL_RANK: 0 - CUDA_VISIBLE_DEVICES: [0]
[I 2023-11-30 09:33:34,268] Trial 121 finished with value: 43.06351852416992 and parameters: {'gradient_clip_val': 0.38449999035919336, 'hidden_size': 123, 'dropout': 0.3355277599449283, 'hidden_continuous_size': 44, 'attention_head_size': 2, 'learning_rate': 0.05884419164558368}. Best is trial 76 with value: 32.84381866455078.
LOCAL_RANK: 0 - CUDA_VISIBLE_DEVICES: [0]
[I 2023-11-30 09:33:48,261] Trial 122 finished with value: 35.2132682800293 and parameters: {'gradient_clip_val': 0.40283086122919615, 'hidden_size': 137, 'dropout': 0.35191195934165337, 'hidden_continuous_size': 39, 'attention_head_size': 2, 'learning_rate': 0.05170140110223084}. Best is trial 76 with value: 32.84381866455078.
LOCAL_RANK: 0 - CUDA_VISIBLE_DEVICES: [0]
[I 2023-11-30 09:34:02,281] Trial 123 finished with value: 42.871551513671875 and parameters: {'gradient_clip_val': 0.43713843783022954, 'hidden_size': 130, 'dropout': 0.32565449352179304, 'hidden_continuous_size': 40, 'attention_head_size': 2, 'learning_rate': 0.043011494786961854}. Best is trial 76 with value: 32.84381866455078.
LOCAL_RANK: 0 - CUDA_VISIBLE_DEVICES: [0]
[I 2023-11-30 09:34:16,346] Trial 124 finished with value: 50.3456916809082 and parameters: {'gradient_clip_val': 0.4950206893600535, 'hidden_size': 143, 'dropout': 0.35720764350246315, 'hidden_continuous_size': 37, 'attention_head_size': 2, 'learning_rate': 0.04703951527465634}. Best is trial 76 with value: 32.84381866455078.
LOCAL_RANK: 0 - CUDA_VISIBLE_DEVICES: [0]
[I 2023-11-30 09:34:30,175] Trial 125 finished with value: 48.68562316894531 and parameters: {'gradient_clip_val': 0.4727567873751837, 'hidden_size': 115, 'dropout': 0.36894032606526467, 'hidden_continuous_size': 46, 'attention_head_size': 2, 'learning_rate': 0.07063389688513597}. Best is trial 76 with value: 32.84381866455078.
LOCAL_RANK: 0 - CUDA_VISIBLE_DEVICES: [0]
[I 2023-11-30 09:34:44,289] Trial 126 finished with value: 48.839263916015625 and parameters: {'gradient_clip_val': 0.40976010092852166, 'hidden_size': 150, 'dropout': 0.35201084919415204, 'hidden_continuous_size': 36, 'attention_head_size': 2, 'learning_rate': 0.09998326853930352}. Best is trial 76 with value: 32.84381866455078.
LOCAL_RANK: 0 - CUDA_VISIBLE_DEVICES: [0]
[I 2023-11-30 09:34:58,094] Trial 127 finished with value: 36.1715202331543 and parameters: {'gradient_clip_val': 0.45068354415688705, 'hidden_size': 101, 'dropout': 0.3406374901289113, 'hidden_continuous_size': 50, 'attention_head_size': 2, 'learning_rate': 0.08437062185717845}. Best is trial 76 with value: 32.84381866455078.
LOCAL_RANK: 0 - CUDA_VISIBLE_DEVICES: [0]
[I 2023-11-30 09:35:11,848] Trial 128 finished with value: 43.57863998413086 and parameters: {'gradient_clip_val': 0.3688535570222654, 'hidden_size': 110, 'dropout': 0.3127982916725885, 'hidden_continuous_size': 42, 'attention_head_size': 2, 'learning_rate': 0.07617154409656969}. Best is trial 76 with value: 32.84381866455078.
LOCAL_RANK: 0 - CUDA_VISIBLE_DEVICES: [0]
[I 2023-11-30 09:35:25,769] Trial 129 finished with value: 38.01665115356445 and parameters: {'gradient_clip_val': 0.5606128913238366, 'hidden_size': 135, 'dropout': 0.322024690705002, 'hidden_continuous_size': 39, 'attention_head_size': 2, 'learning_rate': 0.03170425724630227}. Best is trial 76 with value: 32.84381866455078.
LOCAL_RANK: 0 - CUDA_VISIBLE_DEVICES: [0]
[I 2023-11-30 09:35:39,586] Trial 130 finished with value: 37.37540817260742 and parameters: {'gradient_clip_val': 0.423803861952547, 'hidden_size': 125, 'dropout': 0.35808456121142196, 'hidden_continuous_size': 56, 'attention_head_size': 2, 'learning_rate': 0.05157124287251958}. Best is trial 76 with value: 32.84381866455078.
LOCAL_RANK: 0 - CUDA_VISIBLE_DEVICES: [0]
[I 2023-11-30 09:35:53,596] Trial 131 finished with value: 42.64163589477539 and parameters: {'gradient_clip_val': 0.3931577829640772, 'hidden_size': 141, 'dropout': 0.346654702817293, 'hidden_continuous_size': 46, 'attention_head_size': 2, 'learning_rate': 0.05706844544984886}. Best is trial 76 with value: 32.84381866455078.
LOCAL_RANK: 0 - CUDA_VISIBLE_DEVICES: [0]
[I 2023-11-30 09:36:07,519] Trial 132 finished with value: 35.356990814208984 and parameters: {'gradient_clip_val': 0.39391937210978994, 'hidden_size': 143, 'dropout': 0.3500788187793976, 'hidden_continuous_size': 42, 'attention_head_size': 2, 'learning_rate': 0.03749516119129111}. Best is trial 76 with value: 32.84381866455078.
LOCAL_RANK: 0 - CUDA_VISIBLE_DEVICES: [0]
[I 2023-11-30 09:36:21,987] Trial 133 finished with value: 45.64116287231445 and parameters: {'gradient_clip_val': 0.3489203398748158, 'hidden_size': 133, 'dropout': 0.3376788143352814, 'hidden_continuous_size': 41, 'attention_head_size': 2, 'learning_rate': 0.03779645153319581}. Best is trial 76 with value: 32.84381866455078.
LOCAL_RANK: 0 - CUDA_VISIBLE_DEVICES: [0]
