[I 2023-11-30 04:36:52,306] Trial 87 finished with value: 191.23114013671875 and parameters: {'gradient_clip_val': 0.17092012074905996, 'hidden_size': 28, 'dropout': 0.3420568218258305, 'hidden_continuous_size': 19, 'attention_head_size': 1, 'learning_rate': 0.0630076911522051}. Best is trial 3 with value: 165.63755798339844.
LOCAL_RANK: 0 - CUDA_VISIBLE_DEVICES: [0]
[I 2023-11-30 04:37:04,723] Trial 88 finished with value: 207.38934326171875 and parameters: {'gradient_clip_val': 0.15056421822505986, 'hidden_size': 25, 'dropout': 0.3430557344195646, 'hidden_continuous_size': 18, 'attention_head_size': 2, 'learning_rate': 0.06260391654312457}. Best is trial 3 with value: 165.63755798339844.
LOCAL_RANK: 0 - CUDA_VISIBLE_DEVICES: [0]
[I 2023-11-30 04:37:16,846] Trial 89 finished with value: 204.4013214111328 and parameters: {'gradient_clip_val': 0.1394539554580855, 'hidden_size': 17, 'dropout': 0.3359040363838155, 'hidden_continuous_size': 16, 'attention_head_size': 1, 'learning_rate': 0.03836501545879034}. Best is trial 3 with value: 165.63755798339844.
LOCAL_RANK: 0 - CUDA_VISIBLE_DEVICES: [0]
[I 2023-11-30 04:37:29,402] Trial 90 finished with value: 244.5600128173828 and parameters: {'gradient_clip_val': 0.16918257537011586, 'hidden_size': 21, 'dropout': 0.35151465556281986, 'hidden_continuous_size': 17, 'attention_head_size': 3, 'learning_rate': 0.07977691334945916}. Best is trial 3 with value: 165.63755798339844.
LOCAL_RANK: 0 - CUDA_VISIBLE_DEVICES: [0]
[I 2023-11-30 04:37:41,968] Trial 91 finished with value: 240.7725067138672 and parameters: {'gradient_clip_val': 0.12619529334713547, 'hidden_size': 34, 'dropout': 0.36095817158106114, 'hidden_continuous_size': 19, 'attention_head_size': 1, 'learning_rate': 0.0463691227321389}. Best is trial 3 with value: 165.63755798339844.
LOCAL_RANK: 0 - CUDA_VISIBLE_DEVICES: [0]
[I 2023-11-30 04:37:54,432] Trial 92 finished with value: 204.92254638671875 and parameters: {'gradient_clip_val': 0.11492346623162267, 'hidden_size': 31, 'dropout': 0.37839150149156553, 'hidden_continuous_size': 19, 'attention_head_size': 1, 'learning_rate': 0.057789850098776505}. Best is trial 3 with value: 165.63755798339844.
LOCAL_RANK: 0 - CUDA_VISIBLE_DEVICES: [0]
[I 2023-11-30 04:38:06,870] Trial 93 finished with value: 240.0321044921875 and parameters: {'gradient_clip_val': 0.13126709575119172, 'hidden_size': 29, 'dropout': 0.393330288856988, 'hidden_continuous_size': 21, 'attention_head_size': 1, 'learning_rate': 0.05076483854139969}. Best is trial 3 with value: 165.63755798339844.
LOCAL_RANK: 0 - CUDA_VISIBLE_DEVICES: [0]
[I 2023-11-30 04:38:19,414] Trial 94 finished with value: 239.9707794189453 and parameters: {'gradient_clip_val': 0.1566367181919618, 'hidden_size': 37, 'dropout': 0.3667477584412896, 'hidden_continuous_size': 20, 'attention_head_size': 1, 'learning_rate': 0.07145574522057585}. Best is trial 3 with value: 165.63755798339844.
LOCAL_RANK: 0 - CUDA_VISIBLE_DEVICES: [0]
[I 2023-11-30 04:38:31,666] Trial 95 finished with value: 258.80810546875 and parameters: {'gradient_clip_val': 0.18114474786854165, 'hidden_size': 28, 'dropout': 0.35177503960363077, 'hidden_continuous_size': 18, 'attention_head_size': 1, 'learning_rate': 0.04278693472660098}. Best is trial 3 with value: 165.63755798339844.
LOCAL_RANK: 0 - CUDA_VISIBLE_DEVICES: [0]
[I 2023-11-30 04:38:44,177] Trial 96 finished with value: 261.0296936035156 and parameters: {'gradient_clip_val': 0.12061521244781469, 'hidden_size': 34, 'dropout': 0.32700097114175347, 'hidden_continuous_size': 25, 'attention_head_size': 1, 'learning_rate': 0.05350401126072978}. Best is trial 3 with value: 165.63755798339844.
LOCAL_RANK: 0 - CUDA_VISIBLE_DEVICES: [0]
[I 2023-11-30 04:38:56,511] Trial 97 finished with value: 220.6816864013672 and parameters: {'gradient_clip_val': 0.14601329499308618, 'hidden_size': 31, 'dropout': 0.37492841015998357, 'hidden_continuous_size': 19, 'attention_head_size': 1, 'learning_rate': 0.03233971273422878}. Best is trial 3 with value: 165.63755798339844.
LOCAL_RANK: 0 - CUDA_VISIBLE_DEVICES: [0]
[I 2023-11-30 04:39:08,614] Trial 98 finished with value: 217.5127716064453 and parameters: {'gradient_clip_val': 0.22813211776686662, 'hidden_size': 24, 'dropout': 0.3398903042580926, 'hidden_continuous_size': 17, 'attention_head_size': 2, 'learning_rate': 0.06341812468299123}. Best is trial 3 with value: 165.63755798339844.
LOCAL_RANK: 0 - CUDA_VISIBLE_DEVICES: [0]
[I 2023-11-30 04:39:21,226] Trial 99 finished with value: 218.5240936279297 and parameters: {'gradient_clip_val': 0.10508047338237327, 'hidden_size': 33, 'dropout': 0.3583387361505347, 'hidden_continuous_size': 20, 'attention_head_size': 1, 'learning_rate': 0.035216311504852785}. Best is trial 3 with value: 165.63755798339844.
LOCAL_RANK: 0 - CUDA_VISIBLE_DEVICES: [0]
[I 2023-11-30 04:39:34,004] Trial 100 finished with value: 231.663818359375 and parameters: {'gradient_clip_val': 0.13404647334549621, 'hidden_size': 26, 'dropout': 0.38642835964497085, 'hidden_continuous_size': 22, 'attention_head_size': 4, 'learning_rate': 0.05031668478662764}. Best is trial 3 with value: 165.63755798339844.
LOCAL_RANK: 0 - CUDA_VISIBLE_DEVICES: [0]
[I 2023-11-30 04:39:46,179] Trial 101 finished with value: 219.4955291748047 and parameters: {'gradient_clip_val': 0.11192753343828193, 'hidden_size': 26, 'dropout': 0.35493786986739323, 'hidden_continuous_size': 15, 'attention_head_size': 2, 'learning_rate': 0.04028495080369556}. Best is trial 3 with value: 165.63755798339844.
LOCAL_RANK: 0 - CUDA_VISIBLE_DEVICES: [0]
[I 2023-11-30 04:39:58,215] Trial 102 finished with value: 199.6887664794922 and parameters: {'gradient_clip_val': 0.10611340574464698, 'hidden_size': 28, 'dropout': 0.34714366688621867, 'hidden_continuous_size': 15, 'attention_head_size': 2, 'learning_rate': 0.04531759234533478}. Best is trial 3 with value: 165.63755798339844.
LOCAL_RANK: 0 - CUDA_VISIBLE_DEVICES: [0]
[I 2023-11-30 04:40:10,474] Trial 103 finished with value: 245.8256378173828 and parameters: {'gradient_clip_val': 0.11687576928002559, 'hidden_size': 23, 'dropout': 0.36761932637645084, 'hidden_continuous_size': 16, 'attention_head_size': 2, 'learning_rate': 0.030647205509573283}. Best is trial 3 with value: 165.63755798339844.
LOCAL_RANK: 0 - CUDA_VISIBLE_DEVICES: [0]
[I 2023-11-30 04:40:22,698] Trial 104 finished with value: 212.3218231201172 and parameters: {'gradient_clip_val': 0.1006535063093109, 'hidden_size': 22, 'dropout': 0.3335265193810327, 'hidden_continuous_size': 16, 'attention_head_size': 2, 'learning_rate': 0.03746725843989481}. Best is trial 3 with value: 165.63755798339844.
LOCAL_RANK: 0 - CUDA_VISIBLE_DEVICES: [0]
[I 2023-11-30 04:40:35,492] Trial 105 finished with value: 207.1227264404297 and parameters: {'gradient_clip_val': 0.12267685128409947, 'hidden_size': 30, 'dropout': 0.36061709992305535, 'hidden_continuous_size': 25, 'attention_head_size': 2, 'learning_rate': 0.026739692220890624}. Best is trial 3 with value: 165.63755798339844.
LOCAL_RANK: 0 - CUDA_VISIBLE_DEVICES: [0]
[I 2023-11-30 04:40:47,713] Trial 106 finished with value: 187.26475524902344 and parameters: {'gradient_clip_val': 0.12954216399239263, 'hidden_size': 25, 'dropout': 0.3724214156471405, 'hidden_continuous_size': 15, 'attention_head_size': 2, 'learning_rate': 0.043852697711000074}. Best is trial 3 with value: 165.63755798339844.
LOCAL_RANK: 0 - CUDA_VISIBLE_DEVICES: [0]
[I 2023-11-30 04:41:00,472] Trial 107 finished with value: 206.8345184326172 and parameters: {'gradient_clip_val': 0.12979425375805412, 'hidden_size': 51, 'dropout': 0.37236389956270466, 'hidden_continuous_size': 14, 'attention_head_size': 1, 'learning_rate': 0.05562085525440247}. Best is trial 3 with value: 165.63755798339844.
LOCAL_RANK: 0 - CUDA_VISIBLE_DEVICES: [0]
[I 2023-11-30 04:41:13,178] Trial 108 finished with value: 226.5794219970703 and parameters: {'gradient_clip_val': 0.1393874448197768, 'hidden_size': 44, 'dropout': 0.3802987193837132, 'hidden_continuous_size': 22, 'attention_head_size': 2, 'learning_rate': 0.043441205957653974}. Best is trial 3 with value: 165.63755798339844.
LOCAL_RANK: 0 - CUDA_VISIBLE_DEVICES: [0]
[I 2023-11-30 04:41:25,388] Trial 109 finished with value: 193.7953643798828 and parameters: {'gradient_clip_val': 0.14709318434949073, 'hidden_size': 25, 'dropout': 0.3882452527258568, 'hidden_continuous_size': 17, 'attention_head_size': 2, 'learning_rate': 0.059847259057919495}. Best is trial 3 with value: 165.63755798339844.
LOCAL_RANK: 0 - CUDA_VISIBLE_DEVICES: [0]
[I 2023-11-30 04:41:37,890] Trial 110 finished with value: 212.2509765625 and parameters: {'gradient_clip_val': 0.15940202661565273, 'hidden_size': 27, 'dropout': 0.37423909518046533, 'hidden_continuous_size': 18, 'attention_head_size': 1, 'learning_rate': 0.049379927183224814}. Best is trial 3 with value: 165.63755798339844.
LOCAL_RANK: 0 - CUDA_VISIBLE_DEVICES: [0]
[I 2023-11-30 04:41:50,105] Trial 111 finished with value: 194.8732452392578 and parameters: {'gradient_clip_val': 0.1424088982389811, 'hidden_size': 25, 'dropout': 0.3989507620686871, 'hidden_continuous_size': 17, 'attention_head_size': 2, 'learning_rate': 0.06672578737802456}. Best is trial 3 with value: 165.63755798339844.
LOCAL_RANK: 0 - CUDA_VISIBLE_DEVICES: [0]
[I 2023-11-30 04:42:02,155] Trial 112 finished with value: 217.06787109375 and parameters: {'gradient_clip_val': 0.12619002018867714, 'hidden_size': 20, 'dropout': 0.38772780115256766, 'hidden_continuous_size': 17, 'attention_head_size': 2, 'learning_rate': 0.058349040888437516}. Best is trial 3 with value: 165.63755798339844.
LOCAL_RANK: 0 - CUDA_VISIBLE_DEVICES: [0]
[I 2023-11-30 04:42:14,844] Trial 113 finished with value: 209.5427703857422 and parameters: {'gradient_clip_val': 0.1524758583230401, 'hidden_size': 37, 'dropout': 0.3645209884746548, 'hidden_continuous_size': 18, 'attention_head_size': 2, 'learning_rate': 0.07596069152831303}. Best is trial 3 with value: 165.63755798339844.
LOCAL_RANK: 0 - CUDA_VISIBLE_DEVICES: [0]
[I 2023-11-30 04:42:26,890] Trial 114 finished with value: 253.5712890625 and parameters: {'gradient_clip_val': 0.13350446397547314, 'hidden_size': 24, 'dropout': 0.392701370561145, 'hidden_continuous_size': 16, 'attention_head_size': 2, 'learning_rate': 0.05297090574634249}. Best is trial 3 with value: 165.63755798339844.
LOCAL_RANK: 0 - CUDA_VISIBLE_DEVICES: [0]
[I 2023-11-30 04:42:39,306] Trial 115 finished with value: 206.8489990234375 and parameters: {'gradient_clip_val': 0.14810128886158672, 'hidden_size': 22, 'dropout': 0.38374491761805046, 'hidden_continuous_size': 15, 'attention_head_size': 2, 'learning_rate': 0.061651655253930966}. Best is trial 3 with value: 165.63755798339844.
LOCAL_RANK: 0 - CUDA_VISIBLE_DEVICES: [0]
[I 2023-11-30 04:42:51,582] Trial 116 finished with value: 179.251708984375 and parameters: {'gradient_clip_val': 0.16495020351310843, 'hidden_size': 19, 'dropout': 0.37757426255968923, 'hidden_continuous_size': 17, 'attention_head_size': 2, 'learning_rate': 0.041394481331275955}. Best is trial 3 with value: 165.63755798339844.
LOCAL_RANK: 0 - CUDA_VISIBLE_DEVICES: [0]
[I 2023-11-30 04:43:03,852] Trial 117 finished with value: 182.02854919433594 and parameters: {'gradient_clip_val': 0.1121955621267071, 'hidden_size': 18, 'dropout': 0.3470658274879037, 'hidden_continuous_size': 17, 'attention_head_size': 2, 'learning_rate': 0.037733728437634693}. Best is trial 3 with value: 165.63755798339844.
LOCAL_RANK: 0 - CUDA_VISIBLE_DEVICES: [0]
[I 2023-11-30 04:43:15,995] Trial 118 finished with value: 242.57568359375 and parameters: {'gradient_clip_val': 0.16916968912363087, 'hidden_size': 18, 'dropout': 0.34931345288959226, 'hidden_continuous_size': 16, 'attention_head_size': 2, 'learning_rate': 0.03548568500771744}. Best is trial 3 with value: 165.63755798339844.
LOCAL_RANK: 0 - CUDA_VISIBLE_DEVICES: [0]
[I 2023-11-30 04:43:28,208] Trial 119 finished with value: 204.7190704345703 and parameters: {'gradient_clip_val': 0.11433357536456569, 'hidden_size': 19, 'dropout': 0.34052161561566907, 'hidden_continuous_size': 17, 'attention_head_size': 2, 'learning_rate': 0.03980042577231616}. Best is trial 3 with value: 165.63755798339844.
LOCAL_RANK: 0 - CUDA_VISIBLE_DEVICES: [0]
[I 2023-11-30 04:43:40,658] Trial 120 finished with value: 221.55572509765625 and parameters: {'gradient_clip_val': 0.10848421606824779, 'hidden_size': 21, 'dropout': 0.31872338659955424, 'hidden_continuous_size': 15, 'attention_head_size': 2, 'learning_rate': 0.0326869997157143}. Best is trial 3 with value: 165.63755798339844.
LOCAL_RANK: 0 - CUDA_VISIBLE_DEVICES: [0]
[I 2023-11-30 04:43:53,008] Trial 121 finished with value: 294.9082946777344 and parameters: {'gradient_clip_val': 0.12212741967874932, 'hidden_size': 15, 'dropout': 0.35691079356556016, 'hidden_continuous_size': 14, 'attention_head_size': 2, 'learning_rate': 0.04407715585357765}. Best is trial 3 with value: 165.63755798339844.
LOCAL_RANK: 0 - CUDA_VISIBLE_DEVICES: [0]
[I 2023-11-30 04:44:05,165] Trial 122 finished with value: 194.33973693847656 and parameters: {'gradient_clip_val': 0.1154584127657266, 'hidden_size': 18, 'dropout': 0.3704009527438391, 'hidden_continuous_size': 17, 'attention_head_size': 2, 'learning_rate': 0.03769971762756588}. Best is trial 3 with value: 165.63755798339844.
LOCAL_RANK: 0 - CUDA_VISIBLE_DEVICES: [0]
[I 2023-11-30 04:44:17,393] Trial 123 finished with value: 263.9285583496094 and parameters: {'gradient_clip_val': 0.13650589589112722, 'hidden_size': 17, 'dropout': 0.3635234653562415, 'hidden_continuous_size': 16, 'attention_head_size': 1, 'learning_rate': 0.029824855258372345}. Best is trial 3 with value: 165.63755798339844.
LOCAL_RANK: 0 - CUDA_VISIBLE_DEVICES: [0]
[I 2023-11-30 04:44:29,388] Trial 124 finished with value: 213.21142578125 and parameters: {'gradient_clip_val': 0.12827464815515677, 'hidden_size': 20, 'dropout': 0.3450522904748463, 'hidden_continuous_size': 18, 'attention_head_size': 2, 'learning_rate': 0.047187730695397424}. Best is trial 3 with value: 165.63755798339844.
LOCAL_RANK: 0 - CUDA_VISIBLE_DEVICES: [0]
[I 2023-11-30 04:44:41,805] Trial 125 finished with value: 230.2940673828125 and parameters: {'gradient_clip_val': 0.12000083306331469, 'hidden_size': 23, 'dropout': 0.3771303836860494, 'hidden_continuous_size': 21, 'attention_head_size': 1, 'learning_rate': 0.04138070298108521}. Best is trial 3 with value: 165.63755798339844.
LOCAL_RANK: 0 - CUDA_VISIBLE_DEVICES: [0]
[I 2023-11-30 04:44:53,899] Trial 126 finished with value: 256.8148193359375 and parameters: {'gradient_clip_val': 0.18423004924976252, 'hidden_size': 19, 'dropout': 0.35647208873920755, 'hidden_continuous_size': 17, 'attention_head_size': 2, 'learning_rate': 0.033416087958182863}. Best is trial 3 with value: 165.63755798339844.
LOCAL_RANK: 0 - CUDA_VISIBLE_DEVICES: [0]
[I 2023-11-30 04:45:06,113] Trial 127 finished with value: 202.774658203125 and parameters: {'gradient_clip_val': 0.11342273625620554, 'hidden_size': 28, 'dropout': 0.3649210530232193, 'hidden_continuous_size': 19, 'attention_head_size': 2, 'learning_rate': 0.05094053498640296}. Best is trial 3 with value: 165.63755798339844.
LOCAL_RANK: 0 - CUDA_VISIBLE_DEVICES: [0]
[I 2023-11-30 04:45:18,327] Trial 128 finished with value: 198.55638122558594 and parameters: {'gradient_clip_val': 0.15647254436176955, 'hidden_size': 32, 'dropout': 0.3300109644343584, 'hidden_continuous_size': 18, 'attention_head_size': 1, 'learning_rate': 0.06918069588243464}. Best is trial 3 with value: 165.63755798339844.
LOCAL_RANK: 0 - CUDA_VISIBLE_DEVICES: [0]
[I 2023-11-30 04:45:31,108] Trial 129 finished with value: 211.43080139160156 and parameters: {'gradient_clip_val': 0.16776892287591819, 'hidden_size': 39, 'dropout': 0.3512051393770123, 'hidden_continuous_size': 19, 'attention_head_size': 3, 'learning_rate': 0.036906106648813705}. Best is trial 3 with value: 165.63755798339844.
LOCAL_RANK: 0 - CUDA_VISIBLE_DEVICES: [0]
[I 2023-11-30 04:45:41,644] Trial 130 finished with value: 338.9622497558594 and parameters: {'gradient_clip_val': 0.10890599299702607, 'hidden_size': 16, 'dropout': 0.3716770120216645, 'hidden_continuous_size': 16, 'attention_head_size': 2, 'learning_rate': 0.02458936392018422}. Best is trial 3 with value: 165.63755798339844.
LOCAL_RANK: 0 - CUDA_VISIBLE_DEVICES: [0]
[I 2023-11-30 04:45:53,689] Trial 131 finished with value: 223.82713317871094 and parameters: {'gradient_clip_val': 0.1439696744418623, 'hidden_size': 24, 'dropout': 0.38747009621350026, 'hidden_continuous_size': 17, 'attention_head_size': 2, 'learning_rate': 0.0565876535128552}. Best is trial 3 with value: 165.63755798339844.
LOCAL_RANK: 0 - CUDA_VISIBLE_DEVICES: [0]
[I 2023-11-30 04:46:06,042] Trial 132 finished with value: 225.0773468017578 and parameters: {'gradient_clip_val': 0.1628357659983105, 'hidden_size': 21, 'dropout': 0.39477506229496284, 'hidden_continuous_size': 17, 'attention_head_size': 2, 'learning_rate': 0.048256528622428733}. Best is trial 3 with value: 165.63755798339844.
LOCAL_RANK: 0 - CUDA_VISIBLE_DEVICES: [0]
[I 2023-11-30 04:46:18,642] Trial 133 finished with value: 220.9740447998047 and parameters: {'gradient_clip_val': 0.13646012112036013, 'hidden_size': 30, 'dropout': 0.37832197813822893, 'hidden_continuous_size': 23, 'attention_head_size': 2, 'learning_rate': 0.0625030875743314}. Best is trial 3 with value: 165.63755798339844.
LOCAL_RANK: 0 - CUDA_VISIBLE_DEVICES: [0]
[I 2023-11-30 04:46:30,986] Trial 134 finished with value: 195.7496795654297 and parameters: {'gradient_clip_val': 0.12801343022587044, 'hidden_size': 26, 'dropout': 0.3798611885852913, 'hidden_continuous_size': 20, 'attention_head_size': 2, 'learning_rate': 0.0432592918009986}. Best is trial 3 with value: 165.63755798339844.
LOCAL_RANK: 0 - CUDA_VISIBLE_DEVICES: [0]
[I 2023-11-30 04:46:43,430] Trial 135 finished with value: 157.85781860351562 and parameters: {'gradient_clip_val': 0.14832447894452985, 'hidden_size': 25, 'dropout': 0.38811346719395484, 'hidden_continuous_size': 22, 'attention_head_size': 1, 'learning_rate': 0.053015758959246095}. Best is trial 135 with value: 157.85781860351562.
LOCAL_RANK: 0 - CUDA_VISIBLE_DEVICES: [0]
[I 2023-11-30 04:46:55,600] Trial 136 finished with value: 188.6453094482422 and parameters: {'gradient_clip_val': 0.11962158200442825, 'hidden_size': 23, 'dropout': 0.35995342221546434, 'hidden_continuous_size': 21, 'attention_head_size': 1, 'learning_rate': 0.03962753418844902}. Best is trial 135 with value: 157.85781860351562.
LOCAL_RANK: 0 - CUDA_VISIBLE_DEVICES: [0]
[I 2023-11-30 04:47:07,834] Trial 137 finished with value: 206.9625244140625 and parameters: {'gradient_clip_val': 0.18856646688567164, 'hidden_size': 22, 'dropout': 0.3431054921914533, 'hidden_continuous_size': 20, 'attention_head_size': 1, 'learning_rate': 0.027747635170537136}. Best is trial 135 with value: 157.85781860351562.
LOCAL_RANK: 0 - CUDA_VISIBLE_DEVICES: [0]
[I 2023-11-30 04:47:19,911] Trial 138 finished with value: 208.768310546875 and parameters: {'gradient_clip_val': 0.1725637233453842, 'hidden_size': 23, 'dropout': 0.3580868398741982, 'hidden_continuous_size': 22, 'attention_head_size': 1, 'learning_rate': 0.034540459532333485}. Best is trial 135 with value: 157.85781860351562.
LOCAL_RANK: 0 - CUDA_VISIBLE_DEVICES: [0]
[I 2023-11-30 04:47:32,182] Trial 139 finished with value: 204.5055694580078 and parameters: {'gradient_clip_val': 0.2152229604945035, 'hidden_size': 19, 'dropout': 0.3369069559991018, 'hidden_continuous_size': 18, 'attention_head_size': 1, 'learning_rate': 0.029839609690678944}. Best is trial 135 with value: 157.85781860351562.
LOCAL_RANK: 0 - CUDA_VISIBLE_DEVICES: [0]
[I 2023-11-30 04:47:44,440] Trial 140 finished with value: 331.23480224609375 and parameters: {'gradient_clip_val': 0.12265829475582023, 'hidden_size': 21, 'dropout': 0.36889120211500215, 'hidden_continuous_size': 20, 'attention_head_size': 1, 'learning_rate': 0.040253157082252085}. Best is trial 135 with value: 157.85781860351562.
LOCAL_RANK: 0 - CUDA_VISIBLE_DEVICES: [0]
[I 2023-11-30 04:47:56,801] Trial 141 finished with value: 206.0218963623047 and parameters: {'gradient_clip_val': 0.11813086207459954, 'hidden_size': 27, 'dropout': 0.36458959421950515, 'hidden_continuous_size': 21, 'attention_head_size': 1, 'learning_rate': 0.0450838393233993}. Best is trial 135 with value: 157.85781860351562.
LOCAL_RANK: 0 - CUDA_VISIBLE_DEVICES: [0]
[I 2023-11-30 04:48:08,854] Trial 142 finished with value: 192.8486785888672 and parameters: {'gradient_clip_val': 0.10489538647474873, 'hidden_size': 24, 'dropout': 0.3519934497826995, 'hidden_continuous_size': 22, 'attention_head_size': 1, 'learning_rate': 0.05246711054971646}. Best is trial 135 with value: 157.85781860351562.
LOCAL_RANK: 0 - CUDA_VISIBLE_DEVICES: [0]
[I 2023-11-30 04:48:21,032] Trial 143 finished with value: 246.5398712158203 and parameters: {'gradient_clip_val': 0.10401872746862512, 'hidden_size': 25, 'dropout': 0.34535115081994044, 'hidden_continuous_size': 22, 'attention_head_size': 1, 'learning_rate': 0.05136473012166895}. Best is trial 135 with value: 157.85781860351562.
LOCAL_RANK: 0 - CUDA_VISIBLE_DEVICES: [0]
[I 2023-11-30 04:48:33,175] Trial 144 finished with value: 217.2557830810547 and parameters: {'gradient_clip_val': 0.11128753871426983, 'hidden_size': 23, 'dropout': 0.3528617069903496, 'hidden_continuous_size': 21, 'attention_head_size': 1, 'learning_rate': 0.04706787590283625}. Best is trial 135 with value: 157.85781860351562.
LOCAL_RANK: 0 - CUDA_VISIBLE_DEVICES: [0]
[I 2023-11-30 04:48:45,398] Trial 145 finished with value: 217.9834442138672 and parameters: {'gradient_clip_val': 0.10588296776405266, 'hidden_size': 20, 'dropout': 0.36195230576261145, 'hidden_continuous_size': 19, 'attention_head_size': 1, 'learning_rate': 0.03943161327469982}. Best is trial 135 with value: 157.85781860351562.
LOCAL_RANK: 0 - CUDA_VISIBLE_DEVICES: [0]
