[I 2023-11-30 06:03:45,818] Trial 46 finished with value: 19.21947479248047 and parameters: {'gradient_clip_val': 0.12788552319182178, 'hidden_size': 31, 'dropout': 0.20907679704060292, 'hidden_continuous_size': 11, 'attention_head_size': 2, 'learning_rate': 0.011368219484579625}. Best is trial 21 with value: 16.34564208984375.
LOCAL_RANK: 0 - CUDA_VISIBLE_DEVICES: [0]
[I 2023-11-30 06:03:59,023] Trial 47 finished with value: 21.84490966796875 and parameters: {'gradient_clip_val': 0.15411352961955238, 'hidden_size': 53, 'dropout': 0.1651940185206545, 'hidden_continuous_size': 15, 'attention_head_size': 3, 'learning_rate': 0.0057793020340984255}. Best is trial 21 with value: 16.34564208984375.
LOCAL_RANK: 0 - CUDA_VISIBLE_DEVICES: [0]
[I 2023-11-30 06:04:12,245] Trial 48 finished with value: 17.6444034576416 and parameters: {'gradient_clip_val': 0.1633082860790541, 'hidden_size': 65, 'dropout': 0.19650101772955514, 'hidden_continuous_size': 17, 'attention_head_size': 2, 'learning_rate': 0.0034574614974961777}. Best is trial 21 with value: 16.34564208984375.
LOCAL_RANK: 0 - CUDA_VISIBLE_DEVICES: [0]
[I 2023-11-30 06:04:24,924] Trial 49 finished with value: 18.015506744384766 and parameters: {'gradient_clip_val': 0.30045847846420276, 'hidden_size': 44, 'dropout': 0.22225862726775203, 'hidden_continuous_size': 12, 'attention_head_size': 4, 'learning_rate': 0.007623434936342365}. Best is trial 21 with value: 16.34564208984375.
LOCAL_RANK: 0 - CUDA_VISIBLE_DEVICES: [0]
[I 2023-11-30 06:04:37,668] Trial 50 finished with value: 32.40574645996094 and parameters: {'gradient_clip_val': 0.12530686386894527, 'hidden_size': 35, 'dropout': 0.17744928284109637, 'hidden_continuous_size': 10, 'attention_head_size': 3, 'learning_rate': 0.0023276724172776662}. Best is trial 21 with value: 16.34564208984375.
LOCAL_RANK: 0 - CUDA_VISIBLE_DEVICES: [0]
[I 2023-11-30 06:04:50,727] Trial 51 finished with value: 19.32281494140625 and parameters: {'gradient_clip_val': 0.16280441450941224, 'hidden_size': 65, 'dropout': 0.20466918667644873, 'hidden_continuous_size': 19, 'attention_head_size': 2, 'learning_rate': 0.003435938264505634}. Best is trial 21 with value: 16.34564208984375.
LOCAL_RANK: 0 - CUDA_VISIBLE_DEVICES: [0]
[I 2023-11-30 06:05:04,052] Trial 52 finished with value: 18.33765983581543 and parameters: {'gradient_clip_val': 0.14244465059676173, 'hidden_size': 75, 'dropout': 0.19490988751641175, 'hidden_continuous_size': 17, 'attention_head_size': 2, 'learning_rate': 0.004306899552276627}. Best is trial 21 with value: 16.34564208984375.
LOCAL_RANK: 0 - CUDA_VISIBLE_DEVICES: [0]
[I 2023-11-30 06:05:16,963] Trial 53 finished with value: 23.80975914001465 and parameters: {'gradient_clip_val': 0.10840556718466424, 'hidden_size': 55, 'dropout': 0.23126113446149582, 'hidden_continuous_size': 14, 'attention_head_size': 2, 'learning_rate': 0.0033153027121944263}. Best is trial 21 with value: 16.34564208984375.
LOCAL_RANK: 0 - CUDA_VISIBLE_DEVICES: [0]
[I 2023-11-30 06:05:30,314] Trial 54 finished with value: 22.152694702148438 and parameters: {'gradient_clip_val': 0.13442070219058214, 'hidden_size': 63, 'dropout': 0.18407711659089554, 'hidden_continuous_size': 17, 'attention_head_size': 2, 'learning_rate': 0.0055046749662932045}. Best is trial 21 with value: 16.34564208984375.
LOCAL_RANK: 0 - CUDA_VISIBLE_DEVICES: [0]
[I 2023-11-30 06:05:42,941] Trial 55 finished with value: 20.648839950561523 and parameters: {'gradient_clip_val': 0.16418271685605967, 'hidden_size': 39, 'dropout': 0.1682390371183799, 'hidden_continuous_size': 13, 'attention_head_size': 2, 'learning_rate': 0.003747280899109188}. Best is trial 21 with value: 16.34564208984375.
LOCAL_RANK: 0 - CUDA_VISIBLE_DEVICES: [0]
[I 2023-11-30 06:05:56,502] Trial 56 finished with value: 18.161333084106445 and parameters: {'gradient_clip_val': 0.14465990205809218, 'hidden_size': 81, 'dropout': 0.25703155671618394, 'hidden_continuous_size': 21, 'attention_head_size': 2, 'learning_rate': 0.002791164697289538}. Best is trial 21 with value: 16.34564208984375.
LOCAL_RANK: 0 - CUDA_VISIBLE_DEVICES: [0]
[I 2023-11-30 06:06:10,054] Trial 57 finished with value: 20.28839683532715 and parameters: {'gradient_clip_val': 0.1245682456747617, 'hidden_size': 97, 'dropout': 0.15333512380940037, 'hidden_continuous_size': 18, 'attention_head_size': 3, 'learning_rate': 0.0065988780886890724}. Best is trial 21 with value: 16.34564208984375.
LOCAL_RANK: 0 - CUDA_VISIBLE_DEVICES: [0]
[I 2023-11-30 06:06:22,841] Trial 58 finished with value: 17.738862991333008 and parameters: {'gradient_clip_val': 0.100065261700845, 'hidden_size': 52, 'dropout': 0.19995839319302047, 'hidden_continuous_size': 15, 'attention_head_size': 2, 'learning_rate': 0.005089399644651634}. Best is trial 21 with value: 16.34564208984375.
LOCAL_RANK: 0 - CUDA_VISIBLE_DEVICES: [0]
[I 2023-11-30 06:06:35,799] Trial 59 finished with value: 21.53070068359375 and parameters: {'gradient_clip_val': 0.1117583112341869, 'hidden_size': 43, 'dropout': 0.24382327326144165, 'hidden_continuous_size': 12, 'attention_head_size': 2, 'learning_rate': 0.004466414893007199}. Best is trial 21 with value: 16.34564208984375.
LOCAL_RANK: 0 - CUDA_VISIBLE_DEVICES: [0]
[I 2023-11-30 06:06:48,593] Trial 60 finished with value: 29.344202041625977 and parameters: {'gradient_clip_val': 0.18623223161622607, 'hidden_size': 60, 'dropout': 0.21184965378149856, 'hidden_continuous_size': 14, 'attention_head_size': 1, 'learning_rate': 0.0015717282782120037}. Best is trial 21 with value: 16.34564208984375.
LOCAL_RANK: 0 - CUDA_VISIBLE_DEVICES: [0]
[I 2023-11-30 06:07:01,310] Trial 61 finished with value: 24.218435287475586 and parameters: {'gradient_clip_val': 0.12089824669971017, 'hidden_size': 37, 'dropout': 0.21851707716844138, 'hidden_continuous_size': 13, 'attention_head_size': 3, 'learning_rate': 0.004938301194995844}. Best is trial 21 with value: 16.34564208984375.
LOCAL_RANK: 0 - CUDA_VISIBLE_DEVICES: [0]
[I 2023-11-30 06:07:13,847] Trial 62 finished with value: 16.33466148376465 and parameters: {'gradient_clip_val': 0.11216264088243047, 'hidden_size': 34, 'dropout': 0.21846042768182125, 'hidden_continuous_size': 10, 'attention_head_size': 3, 'learning_rate': 0.006157774041360874}. Best is trial 62 with value: 16.33466148376465.
LOCAL_RANK: 0 - CUDA_VISIBLE_DEVICES: [0]
[I 2023-11-30 06:07:26,076] Trial 63 finished with value: 21.09937858581543 and parameters: {'gradient_clip_val': 0.13101591648393077, 'hidden_size': 32, 'dropout': 0.23269413818408033, 'hidden_continuous_size': 10, 'attention_head_size': 3, 'learning_rate': 0.006403806471816643}. Best is trial 62 with value: 16.33466148376465.
LOCAL_RANK: 0 - CUDA_VISIBLE_DEVICES: [0]
[I 2023-11-30 06:07:39,019] Trial 64 finished with value: 15.855354309082031 and parameters: {'gradient_clip_val': 0.10829870872541214, 'hidden_size': 45, 'dropout': 0.1761609578893566, 'hidden_continuous_size': 11, 'attention_head_size': 4, 'learning_rate': 0.008466441477990378}. Best is trial 64 with value: 15.855354309082031.
LOCAL_RANK: 0 - CUDA_VISIBLE_DEVICES: [0]
[I 2023-11-30 06:07:51,476] Trial 65 finished with value: 19.596471786499023 and parameters: {'gradient_clip_val': 0.10622569089004817, 'hidden_size': 34, 'dropout': 0.17663224529265772, 'hidden_continuous_size': 10, 'attention_head_size': 4, 'learning_rate': 0.008700679632600569}. Best is trial 64 with value: 15.855354309082031.
LOCAL_RANK: 0 - CUDA_VISIBLE_DEVICES: [0]
[I 2023-11-30 06:08:04,134] Trial 66 finished with value: 18.576637268066406 and parameters: {'gradient_clip_val': 0.10882885382167864, 'hidden_size': 45, 'dropout': 0.18680954497652075, 'hidden_continuous_size': 11, 'attention_head_size': 4, 'learning_rate': 0.010321926854070032}. Best is trial 64 with value: 15.855354309082031.
LOCAL_RANK: 0 - CUDA_VISIBLE_DEVICES: [0]
[I 2023-11-30 06:08:16,777] Trial 67 finished with value: 18.371891021728516 and parameters: {'gradient_clip_val': 0.1217145505190577, 'hidden_size': 40, 'dropout': 0.14095786604995586, 'hidden_continuous_size': 11, 'attention_head_size': 4, 'learning_rate': 0.0058515267439291}. Best is trial 64 with value: 15.855354309082031.
LOCAL_RANK: 0 - CUDA_VISIBLE_DEVICES: [0]
[I 2023-11-30 06:08:29,233] Trial 68 finished with value: 21.685571670532227 and parameters: {'gradient_clip_val': 0.13385057201204137, 'hidden_size': 30, 'dropout': 0.226406854524881, 'hidden_continuous_size': 10, 'attention_head_size': 4, 'learning_rate': 0.008128772904085832}. Best is trial 64 with value: 15.855354309082031.
LOCAL_RANK: 0 - CUDA_VISIBLE_DEVICES: [0]
[I 2023-11-30 06:08:42,390] Trial 69 finished with value: 18.183225631713867 and parameters: {'gradient_clip_val': 0.14901689208403382, 'hidden_size': 46, 'dropout': 0.1574109045138205, 'hidden_continuous_size': 12, 'attention_head_size': 4, 'learning_rate': 0.007149188462380186}. Best is trial 64 with value: 15.855354309082031.
LOCAL_RANK: 0 - CUDA_VISIBLE_DEVICES: [0]
[I 2023-11-30 06:08:55,245] Trial 70 finished with value: 23.042360305786133 and parameters: {'gradient_clip_val': 0.10482346321639856, 'hidden_size': 50, 'dropout': 0.21027444848531993, 'hidden_continuous_size': 11, 'attention_head_size': 3, 'learning_rate': 0.013571205880071354}. Best is trial 64 with value: 15.855354309082031.
LOCAL_RANK: 0 - CUDA_VISIBLE_DEVICES: [0]
[I 2023-11-30 06:09:08,206] Trial 71 finished with value: 17.408510208129883 and parameters: {'gradient_clip_val': 0.11712360788881386, 'hidden_size': 58, 'dropout': 0.19572784795839138, 'hidden_continuous_size': 12, 'attention_head_size': 2, 'learning_rate': 0.004051378261994724}. Best is trial 64 with value: 15.855354309082031.
LOCAL_RANK: 0 - CUDA_VISIBLE_DEVICES: [0]
[I 2023-11-30 06:09:20,792] Trial 72 finished with value: 18.593448638916016 and parameters: {'gradient_clip_val': 0.11666964979986694, 'hidden_size': 41, 'dropout': 0.20123481525664788, 'hidden_continuous_size': 11, 'attention_head_size': 2, 'learning_rate': 0.003882741838516124}. Best is trial 64 with value: 15.855354309082031.
LOCAL_RANK: 0 - CUDA_VISIBLE_DEVICES: [0]
[I 2023-11-30 06:09:33,919] Trial 73 finished with value: 19.21464729309082 and parameters: {'gradient_clip_val': 0.1257918526337914, 'hidden_size': 58, 'dropout': 0.17345959543642103, 'hidden_continuous_size': 12, 'attention_head_size': 4, 'learning_rate': 0.006336720080877353}. Best is trial 64 with value: 15.855354309082031.
LOCAL_RANK: 0 - CUDA_VISIBLE_DEVICES: [0]
[I 2023-11-30 06:09:46,822] Trial 74 finished with value: 18.14091682434082 and parameters: {'gradient_clip_val': 0.11288812473246833, 'hidden_size': 51, 'dropout': 0.18992234657561347, 'hidden_continuous_size': 10, 'attention_head_size': 3, 'learning_rate': 0.004656711356631542}. Best is trial 64 with value: 15.855354309082031.
LOCAL_RANK: 0 - CUDA_VISIBLE_DEVICES: [0]
[I 2023-11-30 06:09:59,218] Trial 75 finished with value: 18.857362747192383 and parameters: {'gradient_clip_val': 0.1394912617485207, 'hidden_size': 36, 'dropout': 0.22157044334512838, 'hidden_continuous_size': 11, 'attention_head_size': 2, 'learning_rate': 0.009506817100728555}. Best is trial 64 with value: 15.855354309082031.
LOCAL_RANK: 0 - CUDA_VISIBLE_DEVICES: [0]
[I 2023-11-30 06:10:11,880] Trial 76 finished with value: 18.542451858520508 and parameters: {'gradient_clip_val': 0.10453671379440127, 'hidden_size': 38, 'dropout': 0.16681461518335633, 'hidden_continuous_size': 10, 'attention_head_size': 3, 'learning_rate': 0.005347074687915737}. Best is trial 64 with value: 15.855354309082031.
LOCAL_RANK: 0 - CUDA_VISIBLE_DEVICES: [0]
[I 2023-11-30 06:10:24,689] Trial 77 finished with value: 19.0164737701416 and parameters: {'gradient_clip_val': 0.11454429279525184, 'hidden_size': 46, 'dropout': 0.18130909014522703, 'hidden_continuous_size': 13, 'attention_head_size': 4, 'learning_rate': 0.007587140840712009}. Best is trial 64 with value: 15.855354309082031.
LOCAL_RANK: 0 - CUDA_VISIBLE_DEVICES: [0]
[I 2023-11-30 06:10:37,402] Trial 78 finished with value: 22.513113021850586 and parameters: {'gradient_clip_val': 0.10012445922466424, 'hidden_size': 43, 'dropout': 0.23997225873395012, 'hidden_continuous_size': 12, 'attention_head_size': 2, 'learning_rate': 0.003973852250156028}. Best is trial 64 with value: 15.855354309082031.
LOCAL_RANK: 0 - CUDA_VISIBLE_DEVICES: [0]
[I 2023-11-30 06:10:50,094] Trial 79 finished with value: 19.619585037231445 and parameters: {'gradient_clip_val': 0.1292496557291019, 'hidden_size': 33, 'dropout': 0.20824594999050589, 'hidden_continuous_size': 10, 'attention_head_size': 2, 'learning_rate': 0.005954294687915982}. Best is trial 64 with value: 15.855354309082031.
LOCAL_RANK: 0 - CUDA_VISIBLE_DEVICES: [0]
[I 2023-11-30 06:11:02,991] Trial 80 finished with value: 16.877172470092773 and parameters: {'gradient_clip_val': 0.15013451923511115, 'hidden_size': 56, 'dropout': 0.2495832188335727, 'hidden_continuous_size': 11, 'attention_head_size': 3, 'learning_rate': 0.00309798937660331}. Best is trial 64 with value: 15.855354309082031.
LOCAL_RANK: 0 - CUDA_VISIBLE_DEVICES: [0]
[I 2023-11-30 06:11:15,988] Trial 81 finished with value: 21.2034912109375 and parameters: {'gradient_clip_val': 0.1502320194936641, 'hidden_size': 55, 'dropout': 0.2449490798874088, 'hidden_continuous_size': 11, 'attention_head_size': 3, 'learning_rate': 0.004495383792812078}. Best is trial 64 with value: 15.855354309082031.
LOCAL_RANK: 0 - CUDA_VISIBLE_DEVICES: [0]
[I 2023-11-30 06:11:28,877] Trial 82 finished with value: 22.3498592376709 and parameters: {'gradient_clip_val': 0.12173230486728481, 'hidden_size': 49, 'dropout': 0.2509866109357809, 'hidden_continuous_size': 13, 'attention_head_size': 3, 'learning_rate': 0.0037603205834365154}. Best is trial 64 with value: 15.855354309082031.
LOCAL_RANK: 0 - CUDA_VISIBLE_DEVICES: [0]
[I 2023-11-30 06:11:41,946] Trial 83 finished with value: 20.350807189941406 and parameters: {'gradient_clip_val': 0.13450927350552416, 'hidden_size': 58, 'dropout': 0.21680355278564817, 'hidden_continuous_size': 11, 'attention_head_size': 3, 'learning_rate': 0.0030834132374707693}. Best is trial 64 with value: 15.855354309082031.
LOCAL_RANK: 0 - CUDA_VISIBLE_DEVICES: [0]
[I 2023-11-30 06:11:55,038] Trial 84 finished with value: 18.9171142578125 and parameters: {'gradient_clip_val': 0.11315393364689874, 'hidden_size': 47, 'dropout': 0.2345133989947631, 'hidden_continuous_size': 12, 'attention_head_size': 3, 'learning_rate': 0.0052335928122161125}. Best is trial 64 with value: 15.855354309082031.
LOCAL_RANK: 0 - CUDA_VISIBLE_DEVICES: [0]
[I 2023-11-30 06:12:07,805] Trial 85 finished with value: 20.612314224243164 and parameters: {'gradient_clip_val': 0.14034811232031108, 'hidden_size': 52, 'dropout': 0.2284235371658586, 'hidden_continuous_size': 10, 'attention_head_size': 2, 'learning_rate': 0.006816321450843596}. Best is trial 64 with value: 15.855354309082031.
LOCAL_RANK: 0 - CUDA_VISIBLE_DEVICES: [0]
[I 2023-11-30 06:12:20,839] Trial 86 finished with value: 20.139629364013672 and parameters: {'gradient_clip_val': 0.15577445322038816, 'hidden_size': 68, 'dropout': 0.26176498804395004, 'hidden_continuous_size': 14, 'attention_head_size': 2, 'learning_rate': 0.004032263863894455}. Best is trial 64 with value: 15.855354309082031.
LOCAL_RANK: 0 - CUDA_VISIBLE_DEVICES: [0]
[I 2023-11-30 06:12:33,567] Trial 87 finished with value: 21.750497817993164 and parameters: {'gradient_clip_val': 0.1255682825047888, 'hidden_size': 39, 'dropout': 0.20415025389078817, 'hidden_continuous_size': 11, 'attention_head_size': 4, 'learning_rate': 0.0030325752754670606}. Best is trial 64 with value: 15.855354309082031.
LOCAL_RANK: 0 - CUDA_VISIBLE_DEVICES: [0]
[I 2023-11-30 06:12:46,645] Trial 88 finished with value: 26.775911331176758 and parameters: {'gradient_clip_val': 0.17214832129916613, 'hidden_size': 43, 'dropout': 0.190070672622491, 'hidden_continuous_size': 12, 'attention_head_size': 3, 'learning_rate': 0.002441208898803522}. Best is trial 64 with value: 15.855354309082031.
LOCAL_RANK: 0 - CUDA_VISIBLE_DEVICES: [0]
[I 2023-11-30 06:12:59,183] Trial 89 finished with value: 16.842180252075195 and parameters: {'gradient_clip_val': 0.1199732131541226, 'hidden_size': 35, 'dropout': 0.19543384924007848, 'hidden_continuous_size': 10, 'attention_head_size': 2, 'learning_rate': 0.004666334994384616}. Best is trial 64 with value: 15.855354309082031.
LOCAL_RANK: 0 - CUDA_VISIBLE_DEVICES: [0]
[I 2023-11-30 06:13:12,485] Trial 90 finished with value: 18.361785888671875 and parameters: {'gradient_clip_val': 0.10781747735604415, 'hidden_size': 28, 'dropout': 0.1801670559123381, 'hidden_continuous_size': 10, 'attention_head_size': 2, 'learning_rate': 0.008018459690566169}. Best is trial 64 with value: 15.855354309082031.
LOCAL_RANK: 0 - CUDA_VISIBLE_DEVICES: [0]
[I 2023-11-30 06:13:24,794] Trial 91 finished with value: 21.848241806030273 and parameters: {'gradient_clip_val': 0.11907587519817028, 'hidden_size': 35, 'dropout': 0.20083883792163582, 'hidden_continuous_size': 11, 'attention_head_size': 2, 'learning_rate': 0.004708816399923232}. Best is trial 64 with value: 15.855354309082031.
LOCAL_RANK: 0 - CUDA_VISIBLE_DEVICES: [0]
[I 2023-11-30 06:13:37,092] Trial 92 finished with value: 25.24774742126465 and parameters: {'gradient_clip_val': 0.14463980246521962, 'hidden_size': 31, 'dropout': 0.21279904515682388, 'hidden_continuous_size': 10, 'attention_head_size': 2, 'learning_rate': 0.005346046320660723}. Best is trial 64 with value: 15.855354309082031.
LOCAL_RANK: 0 - CUDA_VISIBLE_DEVICES: [0]
[I 2023-11-30 06:13:49,950] Trial 93 finished with value: 17.79780387878418 and parameters: {'gradient_clip_val': 0.13341153248868867, 'hidden_size': 41, 'dropout': 0.19685737932194505, 'hidden_continuous_size': 12, 'attention_head_size': 2, 'learning_rate': 0.004454665032073036}. Best is trial 64 with value: 15.855354309082031.
LOCAL_RANK: 0 - CUDA_VISIBLE_DEVICES: [0]
[I 2023-11-30 06:14:02,388] Trial 94 finished with value: 22.01955223083496 and parameters: {'gradient_clip_val': 0.1113514859844249, 'hidden_size': 36, 'dropout': 0.16886753155774287, 'hidden_continuous_size': 10, 'attention_head_size': 2, 'learning_rate': 0.003498793552626859}. Best is trial 64 with value: 15.855354309082031.
LOCAL_RANK: 0 - CUDA_VISIBLE_DEVICES: [0]
[I 2023-11-30 06:14:15,542] Trial 95 finished with value: 20.45888328552246 and parameters: {'gradient_clip_val': 0.11760314326418997, 'hidden_size': 55, 'dropout': 0.22381914428054675, 'hidden_continuous_size': 26, 'attention_head_size': 2, 'learning_rate': 0.006288060472657286}. Best is trial 64 with value: 15.855354309082031.
LOCAL_RANK: 0 - CUDA_VISIBLE_DEVICES: [0]
[I 2023-11-30 06:14:28,235] Trial 96 finished with value: 18.799665451049805 and parameters: {'gradient_clip_val': 0.10444889647482514, 'hidden_size': 47, 'dropout': 0.19469974688836827, 'hidden_continuous_size': 11, 'attention_head_size': 1, 'learning_rate': 0.005795435952132444}. Best is trial 64 with value: 15.855354309082031.
LOCAL_RANK: 0 - CUDA_VISIBLE_DEVICES: [0]
[I 2023-11-30 06:14:41,269] Trial 97 finished with value: 17.16077995300293 and parameters: {'gradient_clip_val': 0.12788626128242725, 'hidden_size': 61, 'dropout': 0.1503437974956627, 'hidden_continuous_size': 13, 'attention_head_size': 3, 'learning_rate': 0.004105905698655569}. Best is trial 64 with value: 15.855354309082031.
LOCAL_RANK: 0 - CUDA_VISIBLE_DEVICES: [0]
[I 2023-11-30 06:14:54,353] Trial 98 finished with value: 18.72348976135254 and parameters: {'gradient_clip_val': 0.12922862352689363, 'hidden_size': 62, 'dropout': 0.15217395242192247, 'hidden_continuous_size': 13, 'attention_head_size': 2, 'learning_rate': 0.00411083093528982}. Best is trial 64 with value: 15.855354309082031.
LOCAL_RANK: 0 - CUDA_VISIBLE_DEVICES: [0]
[I 2023-11-30 06:15:07,115] Trial 99 finished with value: 30.12761878967285 and parameters: {'gradient_clip_val': 0.13850197695821942, 'hidden_size': 39, 'dropout': 0.15837852755207907, 'hidden_continuous_size': 21, 'attention_head_size': 3, 'learning_rate': 0.0031554107970397714}. Best is trial 64 with value: 15.855354309082031.
LOCAL_RANK: 0 - CUDA_VISIBLE_DEVICES: [0]
[I 2023-11-30 06:15:19,700] Trial 100 finished with value: 19.3303279876709 and parameters: {'gradient_clip_val': 0.12321914079212759, 'hidden_size': 33, 'dropout': 0.18448734964523245, 'hidden_continuous_size': 10, 'attention_head_size': 4, 'learning_rate': 0.003572287833679198}. Best is trial 64 with value: 15.855354309082031.
LOCAL_RANK: 0 - CUDA_VISIBLE_DEVICES: [0]
[I 2023-11-30 06:15:32,726] Trial 101 finished with value: 22.739639282226562 and parameters: {'gradient_clip_val': 0.14670767660136444, 'hidden_size': 59, 'dropout': 0.16239662594500154, 'hidden_continuous_size': 14, 'attention_head_size': 3, 'learning_rate': 0.004776931110877047}. Best is trial 64 with value: 15.855354309082031.
LOCAL_RANK: 0 - CUDA_VISIBLE_DEVICES: [0]
[I 2023-11-30 06:15:45,608] Trial 102 finished with value: 19.578031539916992 and parameters: {'gradient_clip_val': 0.10973179205414423, 'hidden_size': 51, 'dropout': 0.14752509876343878, 'hidden_continuous_size': 12, 'attention_head_size': 3, 'learning_rate': 0.005284408336549106}. Best is trial 64 with value: 15.855354309082031.
LOCAL_RANK: 0 - CUDA_VISIBLE_DEVICES: [0]
[I 2023-11-30 06:15:58,419] Trial 103 finished with value: 18.52881622314453 and parameters: {'gradient_clip_val': 0.1276483511889855, 'hidden_size': 44, 'dropout': 0.1758356807349267, 'hidden_continuous_size': 13, 'attention_head_size': 3, 'learning_rate': 0.0072342353381545715}. Best is trial 64 with value: 15.855354309082031.
LOCAL_RANK: 0 - CUDA_VISIBLE_DEVICES: [0]
[I 2023-11-30 06:16:11,592] Trial 104 finished with value: 19.11823272705078 and parameters: {'gradient_clip_val': 0.11805971735279894, 'hidden_size': 68, 'dropout': 0.2375769669371156, 'hidden_continuous_size': 16, 'attention_head_size': 3, 'learning_rate': 0.004149893539895408}. Best is trial 64 with value: 15.855354309082031.
LOCAL_RANK: 0 - CUDA_VISIBLE_DEVICES: [0]
