[I 2023-11-30 00:03:25,478] Trial 149 finished with value: 99.83984375 and parameters: {'gradient_clip_val': 0.734794274581649, 'hidden_size': 82, 'dropout': 0.2330152226466031, 'hidden_continuous_size': 29, 'attention_head_size': 2, 'learning_rate': 0.02586732686012223}. Best is trial 103 with value: 62.25958251953125.
[I 2023-11-30 00:03:25,589] A new study created in memory with name: no-name-02013025-ef32-4e57-bfc4-cb50bee77079
/home/le004/conda/anaconda3/envs/tsff_env/lib/python3.9/site-packages/lightning/fabric/plugins/environments/slurm.py:191: The `srun` command is available on your system but is not used. HINT: If your intention is to run Lightning on SLURM, prepend your python command with `srun` like so: srun python /home/le004/master_thesis/git/TSFusionForecast/code/ ...
LOCAL_RANK: 0 - CUDA_VISIBLE_DEVICES: [0]
[I 2023-11-30 00:03:37,482] Trial 0 finished with value: 478.2086486816406 and parameters: {'gradient_clip_val': 0.16843312017232023, 'hidden_size': 20, 'dropout': 0.1280105925029903, 'hidden_continuous_size': 12, 'attention_head_size': 4, 'learning_rate': 0.021347685728828975}. Best is trial 0 with value: 478.2086486816406.
LOCAL_RANK: 0 - CUDA_VISIBLE_DEVICES: [0]
[I 2023-11-30 00:03:49,539] Trial 1 finished with value: 1140.2205810546875 and parameters: {'gradient_clip_val': 0.12711692776636846, 'hidden_size': 23, 'dropout': 0.34261647693230296, 'hidden_continuous_size': 11, 'attention_head_size': 3, 'learning_rate': 0.0015808744703108145}. Best is trial 0 with value: 478.2086486816406.
LOCAL_RANK: 0 - CUDA_VISIBLE_DEVICES: [0]
[I 2023-11-30 00:04:02,229] Trial 2 finished with value: 486.044921875 and parameters: {'gradient_clip_val': 0.4189589779529153, 'hidden_size': 39, 'dropout': 0.29149186532190935, 'hidden_continuous_size': 24, 'attention_head_size': 4, 'learning_rate': 0.0114138891140088}. Best is trial 0 with value: 478.2086486816406.
LOCAL_RANK: 0 - CUDA_VISIBLE_DEVICES: [0]
[I 2023-11-30 00:04:15,592] Trial 3 finished with value: 556.7536010742188 and parameters: {'gradient_clip_val': 0.30292323280176603, 'hidden_size': 46, 'dropout': 0.2623631594409791, 'hidden_continuous_size': 43, 'attention_head_size': 4, 'learning_rate': 0.0035222151537369836}. Best is trial 0 with value: 478.2086486816406.
LOCAL_RANK: 0 - CUDA_VISIBLE_DEVICES: [0]
[I 2023-11-30 00:04:29,756] Trial 4 finished with value: 531.18994140625 and parameters: {'gradient_clip_val': 0.4348514270837622, 'hidden_size': 141, 'dropout': 0.33834816637823983, 'hidden_continuous_size': 42, 'attention_head_size': 4, 'learning_rate': 0.0012510745809541969}. Best is trial 0 with value: 478.2086486816406.
LOCAL_RANK: 0 - CUDA_VISIBLE_DEVICES: [0]
[I 2023-11-30 00:04:43,220] Trial 5 finished with value: 401.451904296875 and parameters: {'gradient_clip_val': 0.23808658714887415, 'hidden_size': 102, 'dropout': 0.16014421621269898, 'hidden_continuous_size': 22, 'attention_head_size': 3, 'learning_rate': 0.006692955120308267}. Best is trial 5 with value: 401.451904296875.
LOCAL_RANK: 0 - CUDA_VISIBLE_DEVICES: [0]
[I 2023-11-30 00:04:53,527] Trial 6 finished with value: 1580.0072021484375 and parameters: {'gradient_clip_val': 0.10264131746364899, 'hidden_size': 10, 'dropout': 0.16228706321073644, 'hidden_continuous_size': 10, 'attention_head_size': 4, 'learning_rate': 0.0010676779186253769}. Best is trial 5 with value: 401.451904296875.
LOCAL_RANK: 0 - CUDA_VISIBLE_DEVICES: [0]
[I 2023-11-30 00:05:05,686] Trial 7 finished with value: 1242.1187744140625 and parameters: {'gradient_clip_val': 0.12063381141607686, 'hidden_size': 28, 'dropout': 0.12144642849782901, 'hidden_continuous_size': 14, 'attention_head_size': 3, 'learning_rate': 0.0025362013645471196}. Best is trial 5 with value: 401.451904296875.
LOCAL_RANK: 0 - CUDA_VISIBLE_DEVICES: [0]
[I 2023-11-30 00:05:18,800] Trial 8 finished with value: 600.8954467773438 and parameters: {'gradient_clip_val': 0.15081827972755926, 'hidden_size': 60, 'dropout': 0.1935345573114141, 'hidden_continuous_size': 23, 'attention_head_size': 3, 'learning_rate': 0.0030281330303728116}. Best is trial 5 with value: 401.451904296875.
LOCAL_RANK: 0 - CUDA_VISIBLE_DEVICES: [0]
[I 2023-11-30 00:05:32,973] Trial 9 finished with value: 454.2471923828125 and parameters: {'gradient_clip_val': 0.14369934192282643, 'hidden_size': 113, 'dropout': 0.13941864178913718, 'hidden_continuous_size': 77, 'attention_head_size': 3, 'learning_rate': 0.035632564537829196}. Best is trial 5 with value: 401.451904296875.
LOCAL_RANK: 0 - CUDA_VISIBLE_DEVICES: [0]
[I 2023-11-30 00:05:45,990] Trial 10 finished with value: 357.1475830078125 and parameters: {'gradient_clip_val': 0.8006245280085414, 'hidden_size': 88, 'dropout': 0.20926622292176322, 'hidden_continuous_size': 18, 'attention_head_size': 1, 'learning_rate': 0.09960927586378912}. Best is trial 10 with value: 357.1475830078125.
LOCAL_RANK: 0 - CUDA_VISIBLE_DEVICES: [0]
[I 2023-11-30 00:05:59,147] Trial 11 finished with value: 430.4118957519531 and parameters: {'gradient_clip_val': 0.8671230846909646, 'hidden_size': 94, 'dropout': 0.20777556165353642, 'hidden_continuous_size': 17, 'attention_head_size': 1, 'learning_rate': 0.0691979977472022}. Best is trial 10 with value: 357.1475830078125.
LOCAL_RANK: 0 - CUDA_VISIBLE_DEVICES: [0]
[I 2023-11-30 00:06:12,201] Trial 12 finished with value: 464.9874267578125 and parameters: {'gradient_clip_val': 0.9545697639810201, 'hidden_size': 71, 'dropout': 0.2148966674632301, 'hidden_continuous_size': 19, 'attention_head_size': 1, 'learning_rate': 0.08908125511319222}. Best is trial 10 with value: 357.1475830078125.
LOCAL_RANK: 0 - CUDA_VISIBLE_DEVICES: [0]
[I 2023-11-30 00:06:25,603] Trial 13 finished with value: 287.47637939453125 and parameters: {'gradient_clip_val': 0.23188020298035217, 'hidden_size': 90, 'dropout': 0.1769790489457152, 'hidden_continuous_size': 30, 'attention_head_size': 2, 'learning_rate': 0.006415817755897701}. Best is trial 13 with value: 287.47637939453125.
LOCAL_RANK: 0 - CUDA_VISIBLE_DEVICES: [0]
[I 2023-11-30 00:06:39,023] Trial 14 finished with value: 416.0654296875 and parameters: {'gradient_clip_val': 0.619424883450612, 'hidden_size': 73, 'dropout': 0.10215732740718894, 'hidden_continuous_size': 30, 'attention_head_size': 2, 'learning_rate': 0.009889547785087093}. Best is trial 13 with value: 287.47637939453125.
LOCAL_RANK: 0 - CUDA_VISIBLE_DEVICES: [0]
[I 2023-11-30 00:06:52,912] Trial 15 finished with value: 304.9444274902344 and parameters: {'gradient_clip_val': 0.23769921737711777, 'hidden_size': 134, 'dropout': 0.2428062830776153, 'hidden_continuous_size': 33, 'attention_head_size': 2, 'learning_rate': 0.037015577713884106}. Best is trial 13 with value: 287.47637939453125.
LOCAL_RANK: 0 - CUDA_VISIBLE_DEVICES: [0]
[I 2023-11-30 00:07:06,962] Trial 16 finished with value: 356.1871643066406 and parameters: {'gradient_clip_val': 0.2088209959323216, 'hidden_size': 148, 'dropout': 0.2575966958579742, 'hidden_continuous_size': 61, 'attention_head_size': 2, 'learning_rate': 0.029148535100269407}. Best is trial 13 with value: 287.47637939453125.
LOCAL_RANK: 0 - CUDA_VISIBLE_DEVICES: [0]
[I 2023-11-30 00:07:21,629] Trial 17 finished with value: 330.25872802734375 and parameters: {'gradient_clip_val': 0.2114056840265114, 'hidden_size': 146, 'dropout': 0.39849279598360743, 'hidden_continuous_size': 138, 'attention_head_size': 2, 'learning_rate': 0.01706516085669037}. Best is trial 13 with value: 287.47637939453125.
LOCAL_RANK: 0 - CUDA_VISIBLE_DEVICES: [0]
[I 2023-11-30 00:07:34,383] Trial 18 finished with value: 418.4717712402344 and parameters: {'gradient_clip_val': 0.3070390614223989, 'hidden_size': 56, 'dropout': 0.2376825094093227, 'hidden_continuous_size': 29, 'attention_head_size': 2, 'learning_rate': 0.0061693081799744556}. Best is trial 13 with value: 287.47637939453125.
LOCAL_RANK: 0 - CUDA_VISIBLE_DEVICES: [0]
[I 2023-11-30 00:07:48,199] Trial 19 finished with value: 337.1091003417969 and parameters: {'gradient_clip_val': 0.1782724646454351, 'hidden_size': 110, 'dropout': 0.16735105049453902, 'hidden_continuous_size': 37, 'attention_head_size': 2, 'learning_rate': 0.04258709176532006}. Best is trial 13 with value: 287.47637939453125.
LOCAL_RANK: 0 - CUDA_VISIBLE_DEVICES: [0]
[I 2023-11-30 00:08:01,424] Trial 20 finished with value: 409.0118713378906 and parameters: {'gradient_clip_val': 0.2634975104874431, 'hidden_size': 78, 'dropout': 0.18084280440318265, 'hidden_continuous_size': 29, 'attention_head_size': 1, 'learning_rate': 0.051395826465548196}. Best is trial 13 with value: 287.47637939453125.
LOCAL_RANK: 0 - CUDA_VISIBLE_DEVICES: [0]
[I 2023-11-30 00:08:15,765] Trial 21 finished with value: 459.0709228515625 and parameters: {'gradient_clip_val': 0.2178165810045207, 'hidden_size': 129, 'dropout': 0.39425896526026283, 'hidden_continuous_size': 108, 'attention_head_size': 2, 'learning_rate': 0.01966687699310946}. Best is trial 13 with value: 287.47637939453125.
LOCAL_RANK: 0 - CUDA_VISIBLE_DEVICES: [0]
[I 2023-11-30 00:08:30,280] Trial 22 finished with value: 409.6412048339844 and parameters: {'gradient_clip_val': 0.19643671239323166, 'hidden_size': 143, 'dropout': 0.2969301328817792, 'hidden_continuous_size': 126, 'attention_head_size': 2, 'learning_rate': 0.017376652590935664}. Best is trial 13 with value: 287.47637939453125.
LOCAL_RANK: 0 - CUDA_VISIBLE_DEVICES: [0]
[I 2023-11-30 00:08:44,032] Trial 23 finished with value: 394.6175231933594 and parameters: {'gradient_clip_val': 0.2523799442794341, 'hidden_size': 110, 'dropout': 0.2333722312232822, 'hidden_continuous_size': 59, 'attention_head_size': 2, 'learning_rate': 0.02847593473129583}. Best is trial 13 with value: 287.47637939453125.
LOCAL_RANK: 0 - CUDA_VISIBLE_DEVICES: [0]
[I 2023-11-30 00:08:57,726] Trial 24 finished with value: 370.7190246582031 and parameters: {'gradient_clip_val': 0.19152261095453174, 'hidden_size': 90, 'dropout': 0.3885110005815129, 'hidden_continuous_size': 36, 'attention_head_size': 2, 'learning_rate': 0.014360431647734005}. Best is trial 13 with value: 287.47637939453125.
LOCAL_RANK: 0 - CUDA_VISIBLE_DEVICES: [0]
[I 2023-11-30 00:09:11,422] Trial 25 finished with value: 297.41168212890625 and parameters: {'gradient_clip_val': 0.3704075740212535, 'hidden_size': 122, 'dropout': 0.1888365134728749, 'hidden_continuous_size': 47, 'attention_head_size': 1, 'learning_rate': 0.025509401316353927}. Best is trial 13 with value: 287.47637939453125.
LOCAL_RANK: 0 - CUDA_VISIBLE_DEVICES: [0]
[I 2023-11-30 00:09:25,125] Trial 26 finished with value: 430.1936340332031 and parameters: {'gradient_clip_val': 0.37071029900893243, 'hidden_size': 119, 'dropout': 0.19716167032454723, 'hidden_continuous_size': 46, 'attention_head_size': 1, 'learning_rate': 0.024922978824311017}. Best is trial 13 with value: 287.47637939453125.
LOCAL_RANK: 0 - CUDA_VISIBLE_DEVICES: [0]
[I 2023-11-30 00:09:38,437] Trial 27 finished with value: 370.92578125 and parameters: {'gradient_clip_val': 0.27176027338513087, 'hidden_size': 88, 'dropout': 0.17582334706753164, 'hidden_continuous_size': 34, 'attention_head_size': 1, 'learning_rate': 0.03510424027987308}. Best is trial 13 with value: 287.47637939453125.
LOCAL_RANK: 0 - CUDA_VISIBLE_DEVICES: [0]
[I 2023-11-30 00:09:52,234] Trial 28 finished with value: 542.2886352539062 and parameters: {'gradient_clip_val': 0.3591996378438609, 'hidden_size': 123, 'dropout': 0.1483985567513167, 'hidden_continuous_size': 55, 'attention_head_size': 1, 'learning_rate': 0.06016308473820303}. Best is trial 13 with value: 287.47637939453125.
LOCAL_RANK: 0 - CUDA_VISIBLE_DEVICES: [0]
[I 2023-11-30 00:10:05,425] Trial 29 finished with value: 367.1959533691406 and parameters: {'gradient_clip_val': 0.1692546458413259, 'hidden_size': 62, 'dropout': 0.18222458110917475, 'hidden_continuous_size': 32, 'attention_head_size': 1, 'learning_rate': 0.022080432378768812}. Best is trial 13 with value: 287.47637939453125.
LOCAL_RANK: 0 - CUDA_VISIBLE_DEVICES: [0]
[I 2023-11-30 00:10:18,759] Trial 30 finished with value: 271.36749267578125 and parameters: {'gradient_clip_val': 0.514908484394211, 'hidden_size': 104, 'dropout': 0.22893470063561913, 'hidden_continuous_size': 25, 'attention_head_size': 2, 'learning_rate': 0.03637139791486284}. Best is trial 30 with value: 271.36749267578125.
LOCAL_RANK: 0 - CUDA_VISIBLE_DEVICES: [0]
[I 2023-11-30 00:10:32,284] Trial 31 finished with value: 563.0546264648438 and parameters: {'gradient_clip_val': 0.5239795151659088, 'hidden_size': 101, 'dropout': 0.22389717849759389, 'hidden_continuous_size': 26, 'attention_head_size': 2, 'learning_rate': 0.04552035408442923}. Best is trial 30 with value: 271.36749267578125.
LOCAL_RANK: 0 - CUDA_VISIBLE_DEVICES: [0]
[I 2023-11-30 00:10:45,645] Trial 32 finished with value: 459.6937561035156 and parameters: {'gradient_clip_val': 0.3159507500286119, 'hidden_size': 81, 'dropout': 0.24328325537196474, 'hidden_continuous_size': 26, 'attention_head_size': 3, 'learning_rate': 0.030927580260268563}. Best is trial 30 with value: 271.36749267578125.
LOCAL_RANK: 0 - CUDA_VISIBLE_DEVICES: [0]
[I 2023-11-30 00:10:59,294] Trial 33 finished with value: 386.5916442871094 and parameters: {'gradient_clip_val': 0.3782617790918342, 'hidden_size': 120, 'dropout': 0.19758722474428095, 'hidden_continuous_size': 37, 'attention_head_size': 2, 'learning_rate': 0.0401955356331246}. Best is trial 30 with value: 271.36749267578125.
LOCAL_RANK: 0 - CUDA_VISIBLE_DEVICES: [0]
[I 2023-11-30 00:11:12,983] Trial 34 finished with value: 382.010009765625 and parameters: {'gradient_clip_val': 0.2938093627392079, 'hidden_size': 98, 'dropout': 0.22077658429983252, 'hidden_continuous_size': 27, 'attention_head_size': 2, 'learning_rate': 0.06366584301775341}. Best is trial 30 with value: 271.36749267578125.
LOCAL_RANK: 0 - CUDA_VISIBLE_DEVICES: [0]
[I 2023-11-30 00:11:26,851] Trial 35 finished with value: 427.5569152832031 and parameters: {'gradient_clip_val': 0.5099143624448921, 'hidden_size': 128, 'dropout': 0.2668202124458654, 'hidden_continuous_size': 43, 'attention_head_size': 3, 'learning_rate': 0.023347893208069664}. Best is trial 30 with value: 271.36749267578125.
LOCAL_RANK: 0 - CUDA_VISIBLE_DEVICES: [0]
[I 2023-11-30 00:11:39,916] Trial 36 finished with value: 383.6279296875 and parameters: {'gradient_clip_val': 0.23805667764965752, 'hidden_size': 72, 'dropout': 0.24902884658144142, 'hidden_continuous_size': 31, 'attention_head_size': 1, 'learning_rate': 0.012821426008614177}. Best is trial 30 with value: 271.36749267578125.
LOCAL_RANK: 0 - CUDA_VISIBLE_DEVICES: [0]
[I 2023-11-30 00:11:53,427] Trial 37 finished with value: 410.6072998046875 and parameters: {'gradient_clip_val': 0.3428885638376043, 'hidden_size': 102, 'dropout': 0.22465256035742925, 'hidden_continuous_size': 22, 'attention_head_size': 2, 'learning_rate': 0.009420530977175668}. Best is trial 30 with value: 271.36749267578125.
LOCAL_RANK: 0 - CUDA_VISIBLE_DEVICES: [0]
[I 2023-11-30 00:12:06,253] Trial 38 finished with value: 438.3230285644531 and parameters: {'gradient_clip_val': 0.43494656121390496, 'hidden_size': 49, 'dropout': 0.27322422623582154, 'hidden_continuous_size': 24, 'attention_head_size': 3, 'learning_rate': 0.02689957834324038}. Best is trial 30 with value: 271.36749267578125.
LOCAL_RANK: 0 - CUDA_VISIBLE_DEVICES: [0]
[I 2023-11-30 00:12:20,111] Trial 39 finished with value: 273.183837890625 and parameters: {'gradient_clip_val': 0.2976106861471976, 'hidden_size': 131, 'dropout': 0.1534054426951353, 'hidden_continuous_size': 13, 'attention_head_size': 2, 'learning_rate': 0.04730652423100007}. Best is trial 30 with value: 271.36749267578125.
LOCAL_RANK: 0 - CUDA_VISIBLE_DEVICES: [0]
[I 2023-11-30 00:12:32,416] Trial 40 finished with value: 436.370849609375 and parameters: {'gradient_clip_val': 0.27647816407115483, 'hidden_size': 40, 'dropout': 0.15585329938759077, 'hidden_continuous_size': 12, 'attention_head_size': 3, 'learning_rate': 0.051695344707878295}. Best is trial 30 with value: 271.36749267578125.
LOCAL_RANK: 0 - CUDA_VISIBLE_DEVICES: [0]
[I 2023-11-30 00:12:46,245] Trial 41 finished with value: 503.7647399902344 and parameters: {'gradient_clip_val': 0.3298775055601445, 'hidden_size': 130, 'dropout': 0.14088836267348326, 'hidden_continuous_size': 14, 'attention_head_size': 2, 'learning_rate': 0.03604185744244578}. Best is trial 30 with value: 271.36749267578125.
LOCAL_RANK: 0 - CUDA_VISIBLE_DEVICES: [0]
[I 2023-11-30 00:13:00,133] Trial 42 finished with value: 298.20379638671875 and parameters: {'gradient_clip_val': 0.2350774731027986, 'hidden_size': 147, 'dropout': 0.17109652447170356, 'hidden_continuous_size': 10, 'attention_head_size': 2, 'learning_rate': 0.048144969031477455}. Best is trial 30 with value: 271.36749267578125.
LOCAL_RANK: 0 - CUDA_VISIBLE_DEVICES: [0]
[I 2023-11-30 00:13:13,348] Trial 43 finished with value: 461.9214782714844 and parameters: {'gradient_clip_val': 0.3987822489799484, 'hidden_size': 114, 'dropout': 0.17070973157566302, 'hidden_continuous_size': 10, 'attention_head_size': 2, 'learning_rate': 0.07185333904037705}. Best is trial 30 with value: 271.36749267578125.
LOCAL_RANK: 0 - CUDA_VISIBLE_DEVICES: [0]
[I 2023-11-30 00:13:27,525] Trial 44 finished with value: 300.5990905761719 and parameters: {'gradient_clip_val': 0.30500754468618807, 'hidden_size': 149, 'dropout': 0.18699462280177565, 'hidden_continuous_size': 11, 'attention_head_size': 4, 'learning_rate': 0.046190812703642635}. Best is trial 30 with value: 271.36749267578125.
LOCAL_RANK: 0 - CUDA_VISIBLE_DEVICES: [0]
[I 2023-11-30 00:13:40,949] Trial 45 finished with value: 375.1956787109375 and parameters: {'gradient_clip_val': 0.28531108312832926, 'hidden_size': 105, 'dropout': 0.1608872122439826, 'hidden_continuous_size': 20, 'attention_head_size': 1, 'learning_rate': 0.08607473032718768}. Best is trial 30 with value: 271.36749267578125.
LOCAL_RANK: 0 - CUDA_VISIBLE_DEVICES: [0]
[I 2023-11-30 00:13:54,018] Trial 46 finished with value: 386.813720703125 and parameters: {'gradient_clip_val': 0.24142142802467817, 'hidden_size': 82, 'dropout': 0.2033665844561517, 'hidden_continuous_size': 14, 'attention_head_size': 2, 'learning_rate': 0.049156587440994236}. Best is trial 30 with value: 271.36749267578125.
LOCAL_RANK: 0 - CUDA_VISIBLE_DEVICES: [0]
[I 2023-11-30 00:14:07,303] Trial 47 finished with value: 405.8228759765625 and parameters: {'gradient_clip_val': 0.41300104488410944, 'hidden_size': 94, 'dropout': 0.12334209438576635, 'hidden_continuous_size': 16, 'attention_head_size': 3, 'learning_rate': 0.06330837611766482}. Best is trial 30 with value: 271.36749267578125.
LOCAL_RANK: 0 - CUDA_VISIBLE_DEVICES: [0]
[I 2023-11-30 00:14:20,891] Trial 48 finished with value: 326.1075439453125 and parameters: {'gradient_clip_val': 0.33658632378484044, 'hidden_size': 131, 'dropout': 0.13692820211058793, 'hidden_continuous_size': 10, 'attention_head_size': 1, 'learning_rate': 0.029279299880191578}. Best is trial 30 with value: 271.36749267578125.
LOCAL_RANK: 0 - CUDA_VISIBLE_DEVICES: [0]
[I 2023-11-30 00:14:34,275] Trial 49 finished with value: 526.5936279296875 and parameters: {'gradient_clip_val': 0.2574033867511435, 'hidden_size': 116, 'dropout': 0.15276938109986188, 'hidden_continuous_size': 12, 'attention_head_size': 2, 'learning_rate': 0.07751610239597413}. Best is trial 30 with value: 271.36749267578125.
LOCAL_RANK: 0 - CUDA_VISIBLE_DEVICES: [0]
[I 2023-11-30 00:14:47,690] Trial 50 finished with value: 442.3018798828125 and parameters: {'gradient_clip_val': 0.43595644681220397, 'hidden_size': 98, 'dropout': 0.19153719037061948, 'hidden_continuous_size': 20, 'attention_head_size': 3, 'learning_rate': 0.05435469134843249}. Best is trial 30 with value: 271.36749267578125.
LOCAL_RANK: 0 - CUDA_VISIBLE_DEVICES: [0]
[I 2023-11-30 00:15:01,680] Trial 51 finished with value: 347.5645751953125 and parameters: {'gradient_clip_val': 0.30551873940725316, 'hidden_size': 147, 'dropout': 0.18444335371888926, 'hidden_continuous_size': 11, 'attention_head_size': 4, 'learning_rate': 0.04519202251869579}. Best is trial 30 with value: 271.36749267578125.
LOCAL_RANK: 0 - CUDA_VISIBLE_DEVICES: [0]
[I 2023-11-30 00:15:15,678] Trial 52 finished with value: 385.1923522949219 and parameters: {'gradient_clip_val': 0.22051236838420465, 'hidden_size': 139, 'dropout': 0.17213248744020868, 'hidden_continuous_size': 13, 'attention_head_size': 4, 'learning_rate': 0.03363783689952522}. Best is trial 30 with value: 271.36749267578125.
LOCAL_RANK: 0 - CUDA_VISIBLE_DEVICES: [0]
[I 2023-11-30 00:15:29,877] Trial 53 finished with value: 474.7630310058594 and parameters: {'gradient_clip_val': 0.28790756479438534, 'hidden_size': 150, 'dropout': 0.20668614371224983, 'hidden_continuous_size': 11, 'attention_head_size': 4, 'learning_rate': 0.040996987526279505}. Best is trial 30 with value: 271.36749267578125.
LOCAL_RANK: 0 - CUDA_VISIBLE_DEVICES: [0]
[I 2023-11-30 00:15:43,205] Trial 54 finished with value: 393.13916015625 and parameters: {'gradient_clip_val': 0.3232226349560886, 'hidden_size': 108, 'dropout': 0.1881532623502505, 'hidden_continuous_size': 16, 'attention_head_size': 2, 'learning_rate': 0.055795589102962104}. Best is trial 30 with value: 271.36749267578125.
LOCAL_RANK: 0 - CUDA_VISIBLE_DEVICES: [0]
[I 2023-11-30 00:15:56,931] Trial 55 finished with value: 647.1400756835938 and parameters: {'gradient_clip_val': 0.2240606463267352, 'hidden_size': 132, 'dropout': 0.1681825590245162, 'hidden_continuous_size': 15, 'attention_head_size': 2, 'learning_rate': 0.07732182916871132}. Best is trial 30 with value: 271.36749267578125.
LOCAL_RANK: 0 - CUDA_VISIBLE_DEVICES: [0]
