[I 2023-11-29 21:25:59,372] Trial 49 finished with value: 81.10635375976562 and parameters: {'gradient_clip_val': 0.29384836263435027, 'hidden_size': 77, 'dropout': 0.34666852264753223, 'hidden_continuous_size': 56, 'attention_head_size': 3, 'learning_rate': 0.028823488418712538}. Best is trial 30 with value: 59.87215042114258.
LOCAL_RANK: 0 - CUDA_VISIBLE_DEVICES: [0]
[I 2023-11-29 21:26:14,051] Trial 50 finished with value: 79.75146484375 and parameters: {'gradient_clip_val': 0.6715710347968381, 'hidden_size': 139, 'dropout': 0.3360114647681793, 'hidden_continuous_size': 88, 'attention_head_size': 2, 'learning_rate': 0.01589041485042158}. Best is trial 30 with value: 59.87215042114258.
LOCAL_RANK: 0 - CUDA_VISIBLE_DEVICES: [0]
[I 2023-11-29 21:26:27,689] Trial 51 finished with value: 84.38048553466797 and parameters: {'gradient_clip_val': 0.7697623972951194, 'hidden_size': 68, 'dropout': 0.3737638841449367, 'hidden_continuous_size': 49, 'attention_head_size': 4, 'learning_rate': 0.012202084010883548}. Best is trial 30 with value: 59.87215042114258.
LOCAL_RANK: 0 - CUDA_VISIBLE_DEVICES: [0]
[I 2023-11-29 21:26:41,305] Trial 52 finished with value: 89.37313079833984 and parameters: {'gradient_clip_val': 0.6858623462805271, 'hidden_size': 61, 'dropout': 0.3891339580790143, 'hidden_continuous_size': 48, 'attention_head_size': 4, 'learning_rate': 0.013746007079240922}. Best is trial 30 with value: 59.87215042114258.
LOCAL_RANK: 0 - CUDA_VISIBLE_DEVICES: [0]
[I 2023-11-29 21:26:54,961] Trial 53 finished with value: 90.98824310302734 and parameters: {'gradient_clip_val': 0.6097424586156143, 'hidden_size': 72, 'dropout': 0.37496669043866265, 'hidden_continuous_size': 50, 'attention_head_size': 4, 'learning_rate': 0.018798933502623218}. Best is trial 30 with value: 59.87215042114258.
LOCAL_RANK: 0 - CUDA_VISIBLE_DEVICES: [0]
[I 2023-11-29 21:27:08,544] Trial 54 finished with value: 75.90618133544922 and parameters: {'gradient_clip_val': 0.7233762374478502, 'hidden_size': 57, 'dropout': 0.3601339267814979, 'hidden_continuous_size': 44, 'attention_head_size': 4, 'learning_rate': 0.008597806539235696}. Best is trial 30 with value: 59.87215042114258.
LOCAL_RANK: 0 - CUDA_VISIBLE_DEVICES: [0]
[I 2023-11-29 21:27:22,715] Trial 55 finished with value: 70.10806274414062 and parameters: {'gradient_clip_val': 0.9156679115740788, 'hidden_size': 92, 'dropout': 0.3763003043304542, 'hidden_continuous_size': 61, 'attention_head_size': 4, 'learning_rate': 0.03111514251594606}. Best is trial 30 with value: 59.87215042114258.
LOCAL_RANK: 0 - CUDA_VISIBLE_DEVICES: [0]
[I 2023-11-29 21:27:37,253] Trial 56 finished with value: 79.53893280029297 and parameters: {'gradient_clip_val': 0.861005951561622, 'hidden_size': 149, 'dropout': 0.34138428557949246, 'hidden_continuous_size': 74, 'attention_head_size': 2, 'learning_rate': 0.034371411266332544}. Best is trial 30 with value: 59.87215042114258.
LOCAL_RANK: 0 - CUDA_VISIBLE_DEVICES: [0]
[I 2023-11-29 21:27:51,472] Trial 57 finished with value: 66.14461517333984 and parameters: {'gradient_clip_val': 0.9995742714059039, 'hidden_size': 109, 'dropout': 0.31033036556788784, 'hidden_continuous_size': 62, 'attention_head_size': 4, 'learning_rate': 0.040583592985223696}. Best is trial 30 with value: 59.87215042114258.
LOCAL_RANK: 0 - CUDA_VISIBLE_DEVICES: [0]
[I 2023-11-29 21:28:05,814] Trial 58 finished with value: 66.57733917236328 and parameters: {'gradient_clip_val': 0.9468971440407645, 'hidden_size': 106, 'dropout': 0.38999370703787867, 'hidden_continuous_size': 69, 'attention_head_size': 4, 'learning_rate': 0.023299589516875135}. Best is trial 30 with value: 59.87215042114258.
LOCAL_RANK: 0 - CUDA_VISIBLE_DEVICES: [0]
[I 2023-11-29 21:28:20,087] Trial 59 finished with value: 75.70203399658203 and parameters: {'gradient_clip_val': 0.9676530429663082, 'hidden_size': 102, 'dropout': 0.39076529938927296, 'hidden_continuous_size': 69, 'attention_head_size': 4, 'learning_rate': 0.02565539432136936}. Best is trial 30 with value: 59.87215042114258.
LOCAL_RANK: 0 - CUDA_VISIBLE_DEVICES: [0]
[I 2023-11-29 21:28:34,898] Trial 60 finished with value: 83.48898315429688 and parameters: {'gradient_clip_val': 0.9198145765305236, 'hidden_size': 134, 'dropout': 0.28208057244810886, 'hidden_continuous_size': 67, 'attention_head_size': 4, 'learning_rate': 0.039810118456140395}. Best is trial 30 with value: 59.87215042114258.
LOCAL_RANK: 0 - CUDA_VISIBLE_DEVICES: [0]
[I 2023-11-29 21:28:48,686] Trial 61 finished with value: 75.70501708984375 and parameters: {'gradient_clip_val': 0.9123746195982491, 'hidden_size': 92, 'dropout': 0.3985760018833586, 'hidden_continuous_size': 60, 'attention_head_size': 4, 'learning_rate': 0.03120141866275433}. Best is trial 30 with value: 59.87215042114258.
LOCAL_RANK: 0 - CUDA_VISIBLE_DEVICES: [0]
[I 2023-11-29 21:29:03,059] Trial 62 finished with value: 92.72125244140625 and parameters: {'gradient_clip_val': 0.9895726920130643, 'hidden_size': 108, 'dropout': 0.3780448144232485, 'hidden_continuous_size': 73, 'attention_head_size': 4, 'learning_rate': 0.023022926198457378}. Best is trial 30 with value: 59.87215042114258.
LOCAL_RANK: 0 - CUDA_VISIBLE_DEVICES: [0]
[I 2023-11-29 21:29:17,125] Trial 63 finished with value: 82.76325225830078 and parameters: {'gradient_clip_val': 0.8037113869627516, 'hidden_size': 80, 'dropout': 0.35537634089993625, 'hidden_continuous_size': 58, 'attention_head_size': 4, 'learning_rate': 0.026398775774550173}. Best is trial 30 with value: 59.87215042114258.
LOCAL_RANK: 0 - CUDA_VISIBLE_DEVICES: [0]
[I 2023-11-29 21:29:31,436] Trial 64 finished with value: 73.0811538696289 and parameters: {'gradient_clip_val': 0.8380800675207329, 'hidden_size': 111, 'dropout': 0.3897176393894767, 'hidden_continuous_size': 62, 'attention_head_size': 4, 'learning_rate': 0.03107300718114106}. Best is trial 30 with value: 59.87215042114258.
LOCAL_RANK: 0 - CUDA_VISIBLE_DEVICES: [0]
[I 2023-11-29 21:29:45,561] Trial 65 finished with value: 89.36846923828125 and parameters: {'gradient_clip_val': 0.8901954979880425, 'hidden_size': 88, 'dropout': 0.3659195196659332, 'hidden_continuous_size': 64, 'attention_head_size': 4, 'learning_rate': 0.019949491406433345}. Best is trial 30 with value: 59.87215042114258.
LOCAL_RANK: 0 - CUDA_VISIBLE_DEVICES: [0]
[I 2023-11-29 21:29:59,581] Trial 66 finished with value: 82.87420654296875 and parameters: {'gradient_clip_val': 0.8062939994360687, 'hidden_size': 102, 'dropout': 0.31028863173773424, 'hidden_continuous_size': 55, 'attention_head_size': 4, 'learning_rate': 0.04606614447219985}. Best is trial 30 with value: 59.87215042114258.
LOCAL_RANK: 0 - CUDA_VISIBLE_DEVICES: [0]
[I 2023-11-29 21:30:14,108] Trial 67 finished with value: 71.29215240478516 and parameters: {'gradient_clip_val': 0.9828612946144406, 'hidden_size': 130, 'dropout': 0.35201923058590606, 'hidden_continuous_size': 76, 'attention_head_size': 4, 'learning_rate': 0.02154560416603479}. Best is trial 30 with value: 59.87215042114258.
LOCAL_RANK: 0 - CUDA_VISIBLE_DEVICES: [0]
[I 2023-11-29 21:30:28,385] Trial 68 finished with value: 73.08890533447266 and parameters: {'gradient_clip_val': 0.7520502086286215, 'hidden_size': 116, 'dropout': 0.3276240335710581, 'hidden_continuous_size': 70, 'attention_head_size': 4, 'learning_rate': 0.016780476593156714}. Best is trial 30 with value: 59.87215042114258.
LOCAL_RANK: 0 - CUDA_VISIBLE_DEVICES: [0]
[I 2023-11-29 21:30:42,489] Trial 69 finished with value: 80.3552474975586 and parameters: {'gradient_clip_val': 0.8398166103445134, 'hidden_size': 92, 'dropout': 0.3750018372938386, 'hidden_continuous_size': 52, 'attention_head_size': 3, 'learning_rate': 0.022859552013922962}. Best is trial 30 with value: 59.87215042114258.
LOCAL_RANK: 0 - CUDA_VISIBLE_DEVICES: [0]
[I 2023-11-29 21:30:57,023] Trial 70 finished with value: 85.248046875 and parameters: {'gradient_clip_val': 0.9014128852227343, 'hidden_size': 131, 'dropout': 0.346391526100845, 'hidden_continuous_size': 80, 'attention_head_size': 4, 'learning_rate': 0.0291684121700192}. Best is trial 30 with value: 59.87215042114258.
LOCAL_RANK: 0 - CUDA_VISIBLE_DEVICES: [0]
[I 2023-11-29 21:31:11,194] Trial 71 finished with value: 83.09195709228516 and parameters: {'gradient_clip_val': 0.692700985667441, 'hidden_size': 110, 'dropout': 0.33893579860823514, 'hidden_continuous_size': 65, 'attention_head_size': 2, 'learning_rate': 0.05631887481411686}. Best is trial 30 with value: 59.87215042114258.
LOCAL_RANK: 0 - CUDA_VISIBLE_DEVICES: [0]
[I 2023-11-29 21:31:25,358] Trial 72 finished with value: 89.2456283569336 and parameters: {'gradient_clip_val': 0.5757144838457429, 'hidden_size': 120, 'dropout': 0.3605375556512269, 'hidden_continuous_size': 84, 'attention_head_size': 2, 'learning_rate': 0.04145251927982502}. Best is trial 30 with value: 59.87215042114258.
LOCAL_RANK: 0 - CUDA_VISIBLE_DEVICES: [0]
[I 2023-11-29 21:31:39,133] Trial 73 finished with value: 77.67312622070312 and parameters: {'gradient_clip_val': 0.6245439196760542, 'hidden_size': 96, 'dropout': 0.3190936808947127, 'hidden_continuous_size': 59, 'attention_head_size': 2, 'learning_rate': 0.03388824029014081}. Best is trial 30 with value: 59.87215042114258.
LOCAL_RANK: 0 - CUDA_VISIBLE_DEVICES: [0]
[I 2023-11-29 21:31:53,982] Trial 74 finished with value: 75.2771987915039 and parameters: {'gradient_clip_val': 0.9467968001917842, 'hidden_size': 142, 'dropout': 0.38155513636296995, 'hidden_continuous_size': 93, 'attention_head_size': 3, 'learning_rate': 0.04874292456542991}. Best is trial 30 with value: 59.87215042114258.
LOCAL_RANK: 0 - CUDA_VISIBLE_DEVICES: [0]
[I 2023-11-29 21:32:08,506] Trial 75 finished with value: 78.91699981689453 and parameters: {'gradient_clip_val': 0.7510887519514184, 'hidden_size': 115, 'dropout': 0.3285783440013179, 'hidden_continuous_size': 73, 'attention_head_size': 4, 'learning_rate': 0.03653280126143024}. Best is trial 30 with value: 59.87215042114258.
LOCAL_RANK: 0 - CUDA_VISIBLE_DEVICES: [0]
[I 2023-11-29 21:32:22,873] Trial 76 finished with value: 79.08525848388672 and parameters: {'gradient_clip_val': 0.8122398444485064, 'hidden_size': 103, 'dropout': 0.37039363401778314, 'hidden_continuous_size': 70, 'attention_head_size': 4, 'learning_rate': 0.0268902395347825}. Best is trial 30 with value: 59.87215042114258.
LOCAL_RANK: 0 - CUDA_VISIBLE_DEVICES: [0]
[I 2023-11-29 21:32:36,866] Trial 77 finished with value: 83.27438354492188 and parameters: {'gradient_clip_val': 0.862027221984603, 'hidden_size': 83, 'dropout': 0.38779054483530473, 'hidden_continuous_size': 63, 'attention_head_size': 3, 'learning_rate': 0.042471265489954856}. Best is trial 30 with value: 59.87215042114258.
LOCAL_RANK: 0 - CUDA_VISIBLE_DEVICES: [0]
[I 2023-11-29 21:32:51,276] Trial 78 finished with value: 85.75377655029297 and parameters: {'gradient_clip_val': 0.9968450086937202, 'hidden_size': 125, 'dropout': 0.360217747649831, 'hidden_continuous_size': 81, 'attention_head_size': 2, 'learning_rate': 0.01866773036313638}. Best is trial 30 with value: 59.87215042114258.
LOCAL_RANK: 0 - CUDA_VISIBLE_DEVICES: [0]
[I 2023-11-29 21:33:05,542] Trial 79 finished with value: 90.49553680419922 and parameters: {'gradient_clip_val': 0.5407477269409334, 'hidden_size': 87, 'dropout': 0.39403435161618144, 'hidden_continuous_size': 59, 'attention_head_size': 4, 'learning_rate': 0.024919431726440965}. Best is trial 30 with value: 59.87215042114258.
LOCAL_RANK: 0 - CUDA_VISIBLE_DEVICES: [0]
[I 2023-11-29 21:33:19,464] Trial 80 finished with value: 88.13998413085938 and parameters: {'gradient_clip_val': 0.6369074437141092, 'hidden_size': 74, 'dropout': 0.3483432809263068, 'hidden_continuous_size': 53, 'attention_head_size': 4, 'learning_rate': 0.07364469508928959}. Best is trial 30 with value: 59.87215042114258.
LOCAL_RANK: 0 - CUDA_VISIBLE_DEVICES: [0]
[I 2023-11-29 21:33:34,067] Trial 81 finished with value: 70.59766387939453 and parameters: {'gradient_clip_val': 0.9368203519539589, 'hidden_size': 130, 'dropout': 0.3580967414084558, 'hidden_continuous_size': 76, 'attention_head_size': 4, 'learning_rate': 0.02268473589066965}. Best is trial 30 with value: 59.87215042114258.
LOCAL_RANK: 0 - CUDA_VISIBLE_DEVICES: [0]
[I 2023-11-29 21:33:48,446] Trial 82 finished with value: 69.8475112915039 and parameters: {'gradient_clip_val': 0.9238157812791717, 'hidden_size': 116, 'dropout': 0.36809939645750556, 'hidden_continuous_size': 79, 'attention_head_size': 4, 'learning_rate': 0.02305244521147459}. Best is trial 30 with value: 59.87215042114258.
LOCAL_RANK: 0 - CUDA_VISIBLE_DEVICES: [0]
[I 2023-11-29 21:34:02,873] Trial 83 finished with value: 87.3176498413086 and parameters: {'gradient_clip_val': 0.9117095364914451, 'hidden_size': 106, 'dropout': 0.36703756942623017, 'hidden_continuous_size': 67, 'attention_head_size': 4, 'learning_rate': 0.022613159088578593}. Best is trial 30 with value: 59.87215042114258.
LOCAL_RANK: 0 - CUDA_VISIBLE_DEVICES: [0]
[I 2023-11-29 21:34:17,599] Trial 84 finished with value: 70.47949981689453 and parameters: {'gradient_clip_val': 0.9293485872521536, 'hidden_size': 126, 'dropout': 0.3798490499394875, 'hidden_continuous_size': 77, 'attention_head_size': 4, 'learning_rate': 0.028937955087718445}. Best is trial 30 with value: 59.87215042114258.
LOCAL_RANK: 0 - CUDA_VISIBLE_DEVICES: [0]
[I 2023-11-29 21:34:31,781] Trial 85 finished with value: 70.8453140258789 and parameters: {'gradient_clip_val': 0.8652567803750395, 'hidden_size': 94, 'dropout': 0.3786999516246474, 'hidden_continuous_size': 56, 'attention_head_size': 4, 'learning_rate': 0.028275494321034305}. Best is trial 30 with value: 59.87215042114258.
LOCAL_RANK: 0 - CUDA_VISIBLE_DEVICES: [0]
[I 2023-11-29 21:34:46,266] Trial 86 finished with value: 85.92105865478516 and parameters: {'gradient_clip_val': 0.7862161250479295, 'hidden_size': 117, 'dropout': 0.38588294081520624, 'hidden_continuous_size': 71, 'attention_head_size': 4, 'learning_rate': 0.033189343064016254}. Best is trial 30 with value: 59.87215042114258.
LOCAL_RANK: 0 - CUDA_VISIBLE_DEVICES: [0]
[I 2023-11-29 21:35:00,547] Trial 87 finished with value: 86.96092987060547 and parameters: {'gradient_clip_val': 0.7276584616657916, 'hidden_size': 100, 'dropout': 0.3936553596126499, 'hidden_continuous_size': 66, 'attention_head_size': 4, 'learning_rate': 0.01923494641684239}. Best is trial 30 with value: 59.87215042114258.
LOCAL_RANK: 0 - CUDA_VISIBLE_DEVICES: [0]
[I 2023-11-29 21:35:15,253] Trial 88 finished with value: 77.32128143310547 and parameters: {'gradient_clip_val': 0.9452739439659061, 'hidden_size': 139, 'dropout': 0.39959690369387346, 'hidden_continuous_size': 79, 'attention_head_size': 4, 'learning_rate': 0.036559008564252364}. Best is trial 30 with value: 59.87215042114258.
LOCAL_RANK: 0 - CUDA_VISIBLE_DEVICES: [0]
[I 2023-11-29 21:35:29,671] Trial 89 finished with value: 86.22650909423828 and parameters: {'gradient_clip_val': 0.8223099650908609, 'hidden_size': 110, 'dropout': 0.37235993322302785, 'hidden_continuous_size': 61, 'attention_head_size': 4, 'learning_rate': 0.01765695084163821}. Best is trial 30 with value: 59.87215042114258.
LOCAL_RANK: 0 - CUDA_VISIBLE_DEVICES: [0]
[I 2023-11-29 21:35:44,197] Trial 90 finished with value: 82.39041137695312 and parameters: {'gradient_clip_val': 0.8932873641220794, 'hidden_size': 125, 'dropout': 0.37984792443348936, 'hidden_continuous_size': 74, 'attention_head_size': 4, 'learning_rate': 0.01526444752233361}. Best is trial 30 with value: 59.87215042114258.
LOCAL_RANK: 0 - CUDA_VISIBLE_DEVICES: [0]
[I 2023-11-29 21:35:58,947] Trial 91 finished with value: 73.73471069335938 and parameters: {'gradient_clip_val': 0.9544868124630757, 'hidden_size': 142, 'dropout': 0.3581737773075834, 'hidden_continuous_size': 90, 'attention_head_size': 4, 'learning_rate': 0.023270844630533978}. Best is trial 30 with value: 59.87215042114258.
LOCAL_RANK: 0 - CUDA_VISIBLE_DEVICES: [0]
[I 2023-11-29 21:36:13,492] Trial 92 finished with value: 74.09503173828125 and parameters: {'gradient_clip_val': 0.9975555941152477, 'hidden_size': 127, 'dropout': 0.36678396873749397, 'hidden_continuous_size': 75, 'attention_head_size': 4, 'learning_rate': 0.020598250205262847}. Best is trial 30 with value: 59.87215042114258.
LOCAL_RANK: 0 - CUDA_VISIBLE_DEVICES: [0]
[I 2023-11-29 21:36:27,786] Trial 93 finished with value: 94.41365814208984 and parameters: {'gradient_clip_val': 0.8512270709116933, 'hidden_size': 97, 'dropout': 0.38481945251989913, 'hidden_continuous_size': 66, 'attention_head_size': 4, 'learning_rate': 0.027167884061623217}. Best is trial 30 with value: 59.87215042114258.
LOCAL_RANK: 0 - CUDA_VISIBLE_DEVICES: [0]
[I 2023-11-29 21:36:42,437] Trial 94 finished with value: 82.19115447998047 and parameters: {'gradient_clip_val': 0.9317387971533456, 'hidden_size': 118, 'dropout': 0.3539145003477666, 'hidden_continuous_size': 78, 'attention_head_size': 4, 'learning_rate': 0.024465497935433865}. Best is trial 30 with value: 59.87215042114258.
LOCAL_RANK: 0 - CUDA_VISIBLE_DEVICES: [0]
[I 2023-11-29 21:36:57,097] Trial 95 finished with value: 86.2940902709961 and parameters: {'gradient_clip_val': 0.7813825204088751, 'hidden_size': 148, 'dropout': 0.3448485784077183, 'hidden_continuous_size': 83, 'attention_head_size': 4, 'learning_rate': 0.03119783755211168}. Best is trial 30 with value: 59.87215042114258.
LOCAL_RANK: 0 - CUDA_VISIBLE_DEVICES: [0]
[I 2023-11-29 21:37:11,247] Trial 96 finished with value: 89.34223175048828 and parameters: {'gradient_clip_val': 0.8626704815002184, 'hidden_size': 106, 'dropout': 0.3752091782801204, 'hidden_continuous_size': 57, 'attention_head_size': 4, 'learning_rate': 0.017784836791135742}. Best is trial 30 with value: 59.87215042114258.
LOCAL_RANK: 0 - CUDA_VISIBLE_DEVICES: [0]
[I 2023-11-29 21:37:25,319] Trial 97 finished with value: 83.8216323852539 and parameters: {'gradient_clip_val': 0.9370101963178105, 'hidden_size': 86, 'dropout': 0.36212098360340206, 'hidden_continuous_size': 62, 'attention_head_size': 4, 'learning_rate': 0.015282126792133807}. Best is trial 30 with value: 59.87215042114258.
LOCAL_RANK: 0 - CUDA_VISIBLE_DEVICES: [0]
[I 2023-11-29 21:37:39,931] Trial 98 finished with value: 77.73904418945312 and parameters: {'gradient_clip_val': 0.6926306818340001, 'hidden_size': 130, 'dropout': 0.3927243610251694, 'hidden_continuous_size': 96, 'attention_head_size': 4, 'learning_rate': 0.021896743483572106}. Best is trial 30 with value: 59.87215042114258.
LOCAL_RANK: 0 - CUDA_VISIBLE_DEVICES: [0]
[I 2023-11-29 21:37:54,293] Trial 99 finished with value: 91.12288665771484 and parameters: {'gradient_clip_val': 0.7510355953181368, 'hidden_size': 81, 'dropout': 0.37000850544545205, 'hidden_continuous_size': 70, 'attention_head_size': 4, 'learning_rate': 0.02022961769072394}. Best is trial 30 with value: 59.87215042114258.
LOCAL_RANK: 0 - CUDA_VISIBLE_DEVICES: [0]
[I 2023-11-29 21:38:08,590] Trial 100 finished with value: 82.63306427001953 and parameters: {'gradient_clip_val': 0.8870452501090983, 'hidden_size': 135, 'dropout': 0.3776797271802911, 'hidden_continuous_size': 47, 'attention_head_size': 3, 'learning_rate': 0.027387326385306644}. Best is trial 30 with value: 59.87215042114258.
LOCAL_RANK: 0 - CUDA_VISIBLE_DEVICES: [0]
[I 2023-11-29 21:38:22,529] Trial 101 finished with value: 89.52498626708984 and parameters: {'gradient_clip_val': 0.8244324675250602, 'hidden_size': 97, 'dropout': 0.381508212009141, 'hidden_continuous_size': 54, 'attention_head_size': 4, 'learning_rate': 0.028791294866494673}. Best is trial 30 with value: 59.87215042114258.
LOCAL_RANK: 0 - CUDA_VISIBLE_DEVICES: [0]
[I 2023-11-29 21:38:36,682] Trial 102 finished with value: 79.13024139404297 and parameters: {'gradient_clip_val': 0.8706715337886826, 'hidden_size': 91, 'dropout': 0.35564070638189865, 'hidden_continuous_size': 58, 'attention_head_size': 4, 'learning_rate': 0.024418244883628988}. Best is trial 30 with value: 59.87215042114258.
LOCAL_RANK: 0 - CUDA_VISIBLE_DEVICES: [0]
[I 2023-11-29 21:38:50,857] Trial 103 finished with value: 77.23197174072266 and parameters: {'gradient_clip_val': 0.9447148784066085, 'hidden_size': 113, 'dropout': 0.38749954395562114, 'hidden_continuous_size': 52, 'attention_head_size': 4, 'learning_rate': 0.03334716086863381}. Best is trial 30 with value: 59.87215042114258.
LOCAL_RANK: 0 - CUDA_VISIBLE_DEVICES: [0]
[I 2023-11-29 21:39:05,170] Trial 104 finished with value: 79.09275817871094 and parameters: {'gradient_clip_val': 0.7799253845953704, 'hidden_size': 93, 'dropout': 0.37864135983261005, 'hidden_continuous_size': 64, 'attention_head_size': 4, 'learning_rate': 0.029838675971713188}. Best is trial 30 with value: 59.87215042114258.
LOCAL_RANK: 0 - CUDA_VISIBLE_DEVICES: [0]
[I 2023-11-29 21:39:19,357] Trial 105 finished with value: 79.06969451904297 and parameters: {'gradient_clip_val': 0.9969446055569315, 'hidden_size': 102, 'dropout': 0.3663688353755159, 'hidden_continuous_size': 55, 'attention_head_size': 4, 'learning_rate': 0.02532806486913621}. Best is trial 30 with value: 59.87215042114258.
LOCAL_RANK: 0 - CUDA_VISIBLE_DEVICES: [0]
[I 2023-11-29 21:39:33,799] Trial 106 finished with value: 82.73016357421875 and parameters: {'gradient_clip_val': 0.8303700183958367, 'hidden_size': 121, 'dropout': 0.34218504629498686, 'hidden_continuous_size': 71, 'attention_head_size': 4, 'learning_rate': 0.03777236655964246}. Best is trial 30 with value: 59.87215042114258.
LOCAL_RANK: 0 - CUDA_VISIBLE_DEVICES: [0]
[I 2023-11-29 21:39:47,638] Trial 107 finished with value: 76.34941864013672 and parameters: {'gradient_clip_val': 0.8828108793125206, 'hidden_size': 76, 'dropout': 0.3505818865833885, 'hidden_continuous_size': 61, 'attention_head_size': 4, 'learning_rate': 0.02182737312163075}. Best is trial 30 with value: 59.87215042114258.
LOCAL_RANK: 0 - CUDA_VISIBLE_DEVICES: [0]
