[I 2023-11-29 23:11:18,712] Trial 66 finished with value: 73.91171264648438 and parameters: {'gradient_clip_val': 0.35569043093011726, 'hidden_size': 62, 'dropout': 0.3918106999611094, 'hidden_continuous_size': 26, 'attention_head_size': 4, 'learning_rate': 0.01507415753857709}. Best is trial 65 with value: 71.65798950195312.
LOCAL_RANK: 0 - CUDA_VISIBLE_DEVICES: [0]
[I 2023-11-29 23:11:31,973] Trial 67 finished with value: 101.59942626953125 and parameters: {'gradient_clip_val': 0.3659934634846043, 'hidden_size': 69, 'dropout': 0.3937426624715615, 'hidden_continuous_size': 30, 'attention_head_size': 4, 'learning_rate': 0.01673134022676682}. Best is trial 65 with value: 71.65798950195312.
LOCAL_RANK: 0 - CUDA_VISIBLE_DEVICES: [0]
[I 2023-11-29 23:11:45,128] Trial 68 finished with value: 79.1276626586914 and parameters: {'gradient_clip_val': 0.34429692461483974, 'hidden_size': 64, 'dropout': 0.39051711664213945, 'hidden_continuous_size': 26, 'attention_head_size': 4, 'learning_rate': 0.01889605291723857}. Best is trial 65 with value: 71.65798950195312.
LOCAL_RANK: 0 - CUDA_VISIBLE_DEVICES: [0]
[I 2023-11-29 23:11:58,235] Trial 69 finished with value: 74.3183822631836 and parameters: {'gradient_clip_val': 0.3986401417497731, 'hidden_size': 54, 'dropout': 0.3999575879139565, 'hidden_continuous_size': 28, 'attention_head_size': 4, 'learning_rate': 0.015673253118281175}. Best is trial 65 with value: 71.65798950195312.
LOCAL_RANK: 0 - CUDA_VISIBLE_DEVICES: [0]
[I 2023-11-29 23:12:11,146] Trial 70 finished with value: 75.19960021972656 and parameters: {'gradient_clip_val': 0.3920149959834286, 'hidden_size': 54, 'dropout': 0.3967595370639219, 'hidden_continuous_size': 28, 'attention_head_size': 4, 'learning_rate': 0.0151626600892361}. Best is trial 65 with value: 71.65798950195312.
LOCAL_RANK: 0 - CUDA_VISIBLE_DEVICES: [0]
[I 2023-11-29 23:12:24,468] Trial 71 finished with value: 95.66246795654297 and parameters: {'gradient_clip_val': 0.43018355444511147, 'hidden_size': 76, 'dropout': 0.38970707513496816, 'hidden_continuous_size': 31, 'attention_head_size': 4, 'learning_rate': 0.013448804028135803}. Best is trial 65 with value: 71.65798950195312.
LOCAL_RANK: 0 - CUDA_VISIBLE_DEVICES: [0]
[I 2023-11-29 23:12:37,633] Trial 72 finished with value: 71.00231170654297 and parameters: {'gradient_clip_val': 0.37230435988835986, 'hidden_size': 61, 'dropout': 0.38250575898080147, 'hidden_continuous_size': 26, 'attention_head_size': 4, 'learning_rate': 0.01677402656979184}. Best is trial 72 with value: 71.00231170654297.
LOCAL_RANK: 0 - CUDA_VISIBLE_DEVICES: [0]
[I 2023-11-29 23:12:50,769] Trial 73 finished with value: 75.08089447021484 and parameters: {'gradient_clip_val': 0.36748488853359024, 'hidden_size': 50, 'dropout': 0.3792581060109608, 'hidden_continuous_size': 27, 'attention_head_size': 4, 'learning_rate': 0.010632777418358826}. Best is trial 72 with value: 71.00231170654297.
LOCAL_RANK: 0 - CUDA_VISIBLE_DEVICES: [0]
[I 2023-11-29 23:13:03,820] Trial 74 finished with value: 76.16095733642578 and parameters: {'gradient_clip_val': 0.32772206410704324, 'hidden_size': 55, 'dropout': 0.3678657381934868, 'hidden_continuous_size': 28, 'attention_head_size': 4, 'learning_rate': 0.016075952925651546}. Best is trial 72 with value: 71.00231170654297.
LOCAL_RANK: 0 - CUDA_VISIBLE_DEVICES: [0]
[I 2023-11-29 23:13:16,795] Trial 75 finished with value: 84.8421401977539 and parameters: {'gradient_clip_val': 0.4124270134966488, 'hidden_size': 60, 'dropout': 0.3978776838126096, 'hidden_continuous_size': 29, 'attention_head_size': 4, 'learning_rate': 0.013445306129417215}. Best is trial 72 with value: 71.00231170654297.
LOCAL_RANK: 0 - CUDA_VISIBLE_DEVICES: [0]
[I 2023-11-29 23:13:29,402] Trial 76 finished with value: 79.56194305419922 and parameters: {'gradient_clip_val': 0.38561689074266636, 'hidden_size': 48, 'dropout': 0.3835697926569955, 'hidden_continuous_size': 26, 'attention_head_size': 4, 'learning_rate': 0.009707033231060713}. Best is trial 72 with value: 71.00231170654297.
LOCAL_RANK: 0 - CUDA_VISIBLE_DEVICES: [0]
[I 2023-11-29 23:13:42,092] Trial 77 finished with value: 89.93720245361328 and parameters: {'gradient_clip_val': 0.3446393295646669, 'hidden_size': 42, 'dropout': 0.37198633120390634, 'hidden_continuous_size': 26, 'attention_head_size': 4, 'learning_rate': 0.012043538623956193}. Best is trial 72 with value: 71.00231170654297.
LOCAL_RANK: 0 - CUDA_VISIBLE_DEVICES: [0]
[I 2023-11-29 23:13:55,364] Trial 78 finished with value: 85.51556396484375 and parameters: {'gradient_clip_val': 0.4546761260144114, 'hidden_size': 57, 'dropout': 0.3619976343857984, 'hidden_continuous_size': 24, 'attention_head_size': 4, 'learning_rate': 0.017543300875685636}. Best is trial 72 with value: 71.00231170654297.
LOCAL_RANK: 0 - CUDA_VISIBLE_DEVICES: [0]
[I 2023-11-29 23:14:08,708] Trial 79 finished with value: 89.92180633544922 and parameters: {'gradient_clip_val': 0.2977469414255633, 'hidden_size': 70, 'dropout': 0.3904849837992676, 'hidden_continuous_size': 32, 'attention_head_size': 4, 'learning_rate': 0.024848987747089393}. Best is trial 72 with value: 71.00231170654297.
LOCAL_RANK: 0 - CUDA_VISIBLE_DEVICES: [0]
[I 2023-11-29 23:14:21,934] Trial 80 finished with value: 72.1836166381836 and parameters: {'gradient_clip_val': 0.41806667572638573, 'hidden_size': 62, 'dropout': 0.3994611955308335, 'hidden_continuous_size': 31, 'attention_head_size': 4, 'learning_rate': 0.030186677906100662}. Best is trial 72 with value: 71.00231170654297.
LOCAL_RANK: 0 - CUDA_VISIBLE_DEVICES: [0]
[I 2023-11-29 23:14:35,004] Trial 81 finished with value: 85.87347412109375 and parameters: {'gradient_clip_val': 0.41031058601418363, 'hidden_size': 62, 'dropout': 0.399568539244748, 'hidden_continuous_size': 30, 'attention_head_size': 4, 'learning_rate': 0.02857941967443645}. Best is trial 72 with value: 71.00231170654297.
LOCAL_RANK: 0 - CUDA_VISIBLE_DEVICES: [0]
[I 2023-11-29 23:14:47,780] Trial 82 finished with value: 99.13693237304688 and parameters: {'gradient_clip_val': 0.36183413747804066, 'hidden_size': 52, 'dropout': 0.37945561409378986, 'hidden_continuous_size': 29, 'attention_head_size': 4, 'learning_rate': 0.032381249762992406}. Best is trial 72 with value: 71.00231170654297.
LOCAL_RANK: 0 - CUDA_VISIBLE_DEVICES: [0]
[I 2023-11-29 23:15:01,086] Trial 83 finished with value: 89.2050552368164 and parameters: {'gradient_clip_val': 0.4306811534721433, 'hidden_size': 62, 'dropout': 0.38900825232818115, 'hidden_continuous_size': 27, 'attention_head_size': 4, 'learning_rate': 0.016039623742853223}. Best is trial 72 with value: 71.00231170654297.
LOCAL_RANK: 0 - CUDA_VISIBLE_DEVICES: [0]
[I 2023-11-29 23:15:14,019] Trial 84 finished with value: 88.3228530883789 and parameters: {'gradient_clip_val': 0.3934398129234983, 'hidden_size': 57, 'dropout': 0.38157082472564796, 'hidden_continuous_size': 25, 'attention_head_size': 4, 'learning_rate': 0.023207162029394223}. Best is trial 72 with value: 71.00231170654297.
LOCAL_RANK: 0 - CUDA_VISIBLE_DEVICES: [0]
[I 2023-11-29 23:15:27,277] Trial 85 finished with value: 87.49236297607422 and parameters: {'gradient_clip_val': 0.32215409901318826, 'hidden_size': 68, 'dropout': 0.3913142178606781, 'hidden_continuous_size': 33, 'attention_head_size': 4, 'learning_rate': 0.017757424211993778}. Best is trial 72 with value: 71.00231170654297.
LOCAL_RANK: 0 - CUDA_VISIBLE_DEVICES: [0]
[I 2023-11-29 23:15:40,101] Trial 86 finished with value: 94.51595306396484 and parameters: {'gradient_clip_val': 0.3748095888705971, 'hidden_size': 46, 'dropout': 0.3997854640596796, 'hidden_continuous_size': 31, 'attention_head_size': 4, 'learning_rate': 0.02112370601761433}. Best is trial 72 with value: 71.00231170654297.
LOCAL_RANK: 0 - CUDA_VISIBLE_DEVICES: [0]
[I 2023-11-29 23:15:53,001] Trial 87 finished with value: 91.24188995361328 and parameters: {'gradient_clip_val': 0.447277942384334, 'hidden_size': 53, 'dropout': 0.3657826964269762, 'hidden_continuous_size': 24, 'attention_head_size': 3, 'learning_rate': 0.03700903157856702}. Best is trial 72 with value: 71.00231170654297.
LOCAL_RANK: 0 - CUDA_VISIBLE_DEVICES: [0]
[I 2023-11-29 23:16:06,629] Trial 88 finished with value: 96.00823974609375 and parameters: {'gradient_clip_val': 0.34314485394021593, 'hidden_size': 75, 'dropout': 0.37459076284801845, 'hidden_continuous_size': 34, 'attention_head_size': 4, 'learning_rate': 0.010937333188036297}. Best is trial 72 with value: 71.00231170654297.
LOCAL_RANK: 0 - CUDA_VISIBLE_DEVICES: [0]
[I 2023-11-29 23:16:19,498] Trial 89 finished with value: 77.17400360107422 and parameters: {'gradient_clip_val': 0.4917486315882177, 'hidden_size': 50, 'dropout': 0.3835814722910818, 'hidden_continuous_size': 27, 'attention_head_size': 4, 'learning_rate': 0.014255058607581025}. Best is trial 72 with value: 71.00231170654297.
LOCAL_RANK: 0 - CUDA_VISIBLE_DEVICES: [0]
[I 2023-11-29 23:16:32,454] Trial 90 finished with value: 80.15762329101562 and parameters: {'gradient_clip_val': 0.4040491000777018, 'hidden_size': 60, 'dropout': 0.3554251775345608, 'hidden_continuous_size': 22, 'attention_head_size': 3, 'learning_rate': 0.018621564112130614}. Best is trial 72 with value: 71.00231170654297.
LOCAL_RANK: 0 - CUDA_VISIBLE_DEVICES: [0]
[I 2023-11-29 23:16:45,638] Trial 91 finished with value: 94.76715850830078 and parameters: {'gradient_clip_val': 0.46240805252340733, 'hidden_size': 65, 'dropout': 0.39286208935472006, 'hidden_continuous_size': 26, 'attention_head_size': 4, 'learning_rate': 0.012040003335643179}. Best is trial 72 with value: 71.00231170654297.
LOCAL_RANK: 0 - CUDA_VISIBLE_DEVICES: [0]
[I 2023-11-29 23:16:58,511] Trial 92 finished with value: 78.40191650390625 and parameters: {'gradient_clip_val': 0.3761099490293449, 'hidden_size': 56, 'dropout': 0.38781030161576585, 'hidden_continuous_size': 25, 'attention_head_size': 4, 'learning_rate': 0.021809521834726748}. Best is trial 72 with value: 71.00231170654297.
LOCAL_RANK: 0 - CUDA_VISIBLE_DEVICES: [0]
[I 2023-11-29 23:17:11,690] Trial 93 finished with value: 91.0151596069336 and parameters: {'gradient_clip_val': 0.43277732921202666, 'hidden_size': 65, 'dropout': 0.3776173441333426, 'hidden_continuous_size': 29, 'attention_head_size': 2, 'learning_rate': 0.015452459583021879}. Best is trial 72 with value: 71.00231170654297.
LOCAL_RANK: 0 - CUDA_VISIBLE_DEVICES: [0]
[I 2023-11-29 23:17:24,743] Trial 94 finished with value: 79.89644622802734 and parameters: {'gradient_clip_val': 0.5386975386723183, 'hidden_size': 72, 'dropout': 0.39278207428171397, 'hidden_continuous_size': 23, 'attention_head_size': 2, 'learning_rate': 0.01823342012118141}. Best is trial 72 with value: 71.00231170654297.
LOCAL_RANK: 0 - CUDA_VISIBLE_DEVICES: [0]
[I 2023-11-29 23:17:38,198] Trial 95 finished with value: 80.7981948852539 and parameters: {'gradient_clip_val': 0.5015819767919324, 'hidden_size': 80, 'dropout': 0.36833162113630824, 'hidden_continuous_size': 35, 'attention_head_size': 4, 'learning_rate': 0.013991490394647548}. Best is trial 72 with value: 71.00231170654297.
LOCAL_RANK: 0 - CUDA_VISIBLE_DEVICES: [0]
[I 2023-11-29 23:17:50,707] Trial 96 finished with value: 94.43392944335938 and parameters: {'gradient_clip_val': 0.46257686190371705, 'hidden_size': 44, 'dropout': 0.3848532803948163, 'hidden_continuous_size': 25, 'attention_head_size': 2, 'learning_rate': 0.019874704021904225}. Best is trial 72 with value: 71.00231170654297.
LOCAL_RANK: 0 - CUDA_VISIBLE_DEVICES: [0]
[I 2023-11-29 23:18:03,851] Trial 97 finished with value: 74.63121795654297 and parameters: {'gradient_clip_val': 0.35289021705206824, 'hidden_size': 67, 'dropout': 0.3999522021859624, 'hidden_continuous_size': 28, 'attention_head_size': 2, 'learning_rate': 0.012848999792643614}. Best is trial 72 with value: 71.00231170654297.
LOCAL_RANK: 0 - CUDA_VISIBLE_DEVICES: [0]
[I 2023-11-29 23:18:17,014] Trial 98 finished with value: 95.3281021118164 and parameters: {'gradient_clip_val': 0.41968008412866986, 'hidden_size': 61, 'dropout': 0.37328837647597174, 'hidden_continuous_size': 23, 'attention_head_size': 3, 'learning_rate': 0.024991814144088454}. Best is trial 72 with value: 71.00231170654297.
LOCAL_RANK: 0 - CUDA_VISIBLE_DEVICES: [0]
[I 2023-11-29 23:18:29,896] Trial 99 finished with value: 101.1439208984375 and parameters: {'gradient_clip_val': 0.3824353063797314, 'hidden_size': 54, 'dropout': 0.36140206793231866, 'hidden_continuous_size': 24, 'attention_head_size': 4, 'learning_rate': 0.015890905082915137}. Best is trial 72 with value: 71.00231170654297.
LOCAL_RANK: 0 - CUDA_VISIBLE_DEVICES: [0]
[I 2023-11-29 23:18:42,721] Trial 100 finished with value: 91.6962890625 and parameters: {'gradient_clip_val': 0.40478355619911466, 'hidden_size': 49, 'dropout': 0.380070818127997, 'hidden_continuous_size': 27, 'attention_head_size': 2, 'learning_rate': 0.022335258373878543}. Best is trial 72 with value: 71.00231170654297.
LOCAL_RANK: 0 - CUDA_VISIBLE_DEVICES: [0]
[I 2023-11-29 23:18:55,811] Trial 101 finished with value: 75.7978286743164 and parameters: {'gradient_clip_val': 0.3548633172713282, 'hidden_size': 67, 'dropout': 0.39445085541635616, 'hidden_continuous_size': 31, 'attention_head_size': 2, 'learning_rate': 0.012349477994110484}. Best is trial 72 with value: 71.00231170654297.
LOCAL_RANK: 0 - CUDA_VISIBLE_DEVICES: [0]
[I 2023-11-29 23:19:08,977] Trial 102 finished with value: 74.18375396728516 and parameters: {'gradient_clip_val': 0.33597447107047734, 'hidden_size': 71, 'dropout': 0.39907282892721385, 'hidden_continuous_size': 29, 'attention_head_size': 2, 'learning_rate': 0.012778959245581048}. Best is trial 72 with value: 71.00231170654297.
LOCAL_RANK: 0 - CUDA_VISIBLE_DEVICES: [0]
[I 2023-11-29 23:19:22,154] Trial 103 finished with value: 85.8806381225586 and parameters: {'gradient_clip_val': 0.31294833484154844, 'hidden_size': 58, 'dropout': 0.3875860517906573, 'hidden_continuous_size': 26, 'attention_head_size': 2, 'learning_rate': 0.010682240597213486}. Best is trial 72 with value: 71.00231170654297.
LOCAL_RANK: 0 - CUDA_VISIBLE_DEVICES: [0]
[I 2023-11-29 23:19:35,288] Trial 104 finished with value: 99.61969757080078 and parameters: {'gradient_clip_val': 0.3317320578460345, 'hidden_size': 74, 'dropout': 0.3936739796108071, 'hidden_continuous_size': 29, 'attention_head_size': 2, 'learning_rate': 0.014023933211359477}. Best is trial 72 with value: 71.00231170654297.
LOCAL_RANK: 0 - CUDA_VISIBLE_DEVICES: [0]
[I 2023-11-29 23:19:48,292] Trial 105 finished with value: 89.17755889892578 and parameters: {'gradient_clip_val': 0.44709749454794534, 'hidden_size': 63, 'dropout': 0.3854883724585449, 'hidden_continuous_size': 25, 'attention_head_size': 2, 'learning_rate': 0.008798764786788468}. Best is trial 72 with value: 71.00231170654297.
LOCAL_RANK: 0 - CUDA_VISIBLE_DEVICES: [0]
[I 2023-11-29 23:20:01,339] Trial 106 finished with value: 87.7476577758789 and parameters: {'gradient_clip_val': 0.4767055863748433, 'hidden_size': 71, 'dropout': 0.3789096641603459, 'hidden_continuous_size': 22, 'attention_head_size': 2, 'learning_rate': 0.019115753268514432}. Best is trial 72 with value: 71.00231170654297.
LOCAL_RANK: 0 - CUDA_VISIBLE_DEVICES: [0]
[I 2023-11-29 23:20:14,657] Trial 107 finished with value: 73.46160125732422 and parameters: {'gradient_clip_val': 0.3892718200396353, 'hidden_size': 87, 'dropout': 0.3712174234274069, 'hidden_continuous_size': 32, 'attention_head_size': 2, 'learning_rate': 0.016732339719129227}. Best is trial 72 with value: 71.00231170654297.
LOCAL_RANK: 0 - CUDA_VISIBLE_DEVICES: [0]
[I 2023-11-29 23:20:28,200] Trial 108 finished with value: 83.42948150634766 and parameters: {'gradient_clip_val': 0.36699087413195414, 'hidden_size': 90, 'dropout': 0.3718442901931934, 'hidden_continuous_size': 32, 'attention_head_size': 2, 'learning_rate': 0.01647444858816095}. Best is trial 72 with value: 71.00231170654297.
LOCAL_RANK: 0 - CUDA_VISIBLE_DEVICES: [0]
[I 2023-11-29 23:20:41,552] Trial 109 finished with value: 79.0276107788086 and parameters: {'gradient_clip_val': 0.39913523461996336, 'hidden_size': 77, 'dropout': 0.3939217383881156, 'hidden_continuous_size': 39, 'attention_head_size': 2, 'learning_rate': 0.009926522731000186}. Best is trial 72 with value: 71.00231170654297.
LOCAL_RANK: 0 - CUDA_VISIBLE_DEVICES: [0]
[I 2023-11-29 23:20:54,844] Trial 110 finished with value: 85.57825469970703 and parameters: {'gradient_clip_val': 0.334375722462617, 'hidden_size': 84, 'dropout': 0.36701650754437815, 'hidden_continuous_size': 30, 'attention_head_size': 4, 'learning_rate': 0.012469021713059537}. Best is trial 72 with value: 71.00231170654297.
LOCAL_RANK: 0 - CUDA_VISIBLE_DEVICES: [0]
[I 2023-11-29 23:21:08,006] Trial 111 finished with value: 70.1901626586914 and parameters: {'gradient_clip_val': 0.38406036645398817, 'hidden_size': 79, 'dropout': 0.3994206685763514, 'hidden_continuous_size': 28, 'attention_head_size': 2, 'learning_rate': 0.014711906562944545}. Best is trial 111 with value: 70.1901626586914.
LOCAL_RANK: 0 - CUDA_VISIBLE_DEVICES: [0]
[I 2023-11-29 23:21:21,225] Trial 112 finished with value: 74.0926284790039 and parameters: {'gradient_clip_val': 0.38595458898503626, 'hidden_size': 70, 'dropout': 0.3878959717926808, 'hidden_continuous_size': 28, 'attention_head_size': 2, 'learning_rate': 0.01481752762037499}. Best is trial 111 with value: 70.1901626586914.
LOCAL_RANK: 0 - CUDA_VISIBLE_DEVICES: [0]
[I 2023-11-29 23:21:34,522] Trial 113 finished with value: 79.9483413696289 and parameters: {'gradient_clip_val': 0.3740153195677332, 'hidden_size': 79, 'dropout': 0.3868112572688493, 'hidden_continuous_size': 29, 'attention_head_size': 2, 'learning_rate': 0.01452952312584981}. Best is trial 111 with value: 70.1901626586914.
LOCAL_RANK: 0 - CUDA_VISIBLE_DEVICES: [0]
[I 2023-11-29 23:21:47,857] Trial 114 finished with value: 74.72040557861328 and parameters: {'gradient_clip_val': 0.4225444137925794, 'hidden_size': 87, 'dropout': 0.37779316440687566, 'hidden_continuous_size': 36, 'attention_head_size': 2, 'learning_rate': 0.011296986170680532}. Best is trial 111 with value: 70.1901626586914.
LOCAL_RANK: 0 - CUDA_VISIBLE_DEVICES: [0]
[I 2023-11-29 23:22:01,297] Trial 115 finished with value: 78.92237854003906 and parameters: {'gradient_clip_val': 0.3531554572504811, 'hidden_size': 81, 'dropout': 0.3918487198750171, 'hidden_continuous_size': 33, 'attention_head_size': 2, 'learning_rate': 0.01323564388637278}. Best is trial 111 with value: 70.1901626586914.
LOCAL_RANK: 0 - CUDA_VISIBLE_DEVICES: [0]
[I 2023-11-29 23:22:14,359] Trial 116 finished with value: 71.656005859375 and parameters: {'gradient_clip_val': 0.3064543742150004, 'hidden_size': 71, 'dropout': 0.38397767085264295, 'hidden_continuous_size': 27, 'attention_head_size': 2, 'learning_rate': 0.009251380826797872}. Best is trial 111 with value: 70.1901626586914.
LOCAL_RANK: 0 - CUDA_VISIBLE_DEVICES: [0]
[I 2023-11-29 23:22:27,461] Trial 117 finished with value: 76.31266021728516 and parameters: {'gradient_clip_val': 0.29598453130405417, 'hidden_size': 70, 'dropout': 0.37360983188860153, 'hidden_continuous_size': 27, 'attention_head_size': 2, 'learning_rate': 0.017052281688687863}. Best is trial 111 with value: 70.1901626586914.
LOCAL_RANK: 0 - CUDA_VISIBLE_DEVICES: [0]
[I 2023-11-29 23:22:40,812] Trial 118 finished with value: 85.77776336669922 and parameters: {'gradient_clip_val': 0.31691408552758826, 'hidden_size': 74, 'dropout': 0.38119490946776075, 'hidden_continuous_size': 31, 'attention_head_size': 2, 'learning_rate': 0.008168752487365634}. Best is trial 111 with value: 70.1901626586914.
LOCAL_RANK: 0 - CUDA_VISIBLE_DEVICES: [0]
[I 2023-11-29 23:22:54,256] Trial 119 finished with value: 75.83477020263672 and parameters: {'gradient_clip_val': 0.33633403250167493, 'hidden_size': 96, 'dropout': 0.3862419626133957, 'hidden_continuous_size': 33, 'attention_head_size': 2, 'learning_rate': 0.009027616072031851}. Best is trial 111 with value: 70.1901626586914.
LOCAL_RANK: 0 - CUDA_VISIBLE_DEVICES: [0]
[I 2023-11-29 23:23:07,532] Trial 120 finished with value: 96.78839111328125 and parameters: {'gradient_clip_val': 0.30648398958616, 'hidden_size': 85, 'dropout': 0.3605933240214194, 'hidden_continuous_size': 26, 'attention_head_size': 2, 'learning_rate': 0.014797204699653652}. Best is trial 111 with value: 70.1901626586914.
LOCAL_RANK: 0 - CUDA_VISIBLE_DEVICES: [0]
[I 2023-11-29 23:23:20,579] Trial 121 finished with value: 84.22264862060547 and parameters: {'gradient_clip_val': 0.38083628110981843, 'hidden_size': 71, 'dropout': 0.39409166680266133, 'hidden_continuous_size': 28, 'attention_head_size': 2, 'learning_rate': 0.01008566510709148}. Best is trial 111 with value: 70.1901626586914.
LOCAL_RANK: 0 - CUDA_VISIBLE_DEVICES: [0]
[I 2023-11-29 23:23:33,576] Trial 122 finished with value: 115.0957260131836 and parameters: {'gradient_clip_val': 0.3614102937818847, 'hidden_size': 59, 'dropout': 0.3988876141650776, 'hidden_continuous_size': 24, 'attention_head_size': 2, 'learning_rate': 0.01169771447002768}. Best is trial 111 with value: 70.1901626586914.
LOCAL_RANK: 0 - CUDA_VISIBLE_DEVICES: [0]
[I 2023-11-29 23:23:46,990] Trial 123 finished with value: 82.75687408447266 and parameters: {'gradient_clip_val': 0.39145842439953676, 'hidden_size': 78, 'dropout': 0.38821117762856183, 'hidden_continuous_size': 30, 'attention_head_size': 2, 'learning_rate': 0.01767888161003306}. Best is trial 111 with value: 70.1901626586914.
LOCAL_RANK: 0 - CUDA_VISIBLE_DEVICES: [0]
[I 2023-11-29 23:24:00,086] Trial 124 finished with value: 78.94202423095703 and parameters: {'gradient_clip_val': 0.4435639980236708, 'hidden_size': 62, 'dropout': 0.3999146422044216, 'hidden_continuous_size': 28, 'attention_head_size': 2, 'learning_rate': 0.012829060096518779}. Best is trial 111 with value: 70.1901626586914.
LOCAL_RANK: 0 - CUDA_VISIBLE_DEVICES: [0]
