[I 2023-11-30 04:51:16,551] Trial 142 finished with value: 78.2257308959961 and parameters: {'gradient_clip_val': 0.12222649819252421, 'hidden_size': 150, 'dropout': 0.21226667643343347, 'hidden_continuous_size': 144, 'attention_head_size': 3, 'learning_rate': 0.007022159158793544}. Best is trial 118 with value: 61.962432861328125.
LOCAL_RANK: 0 - CUDA_VISIBLE_DEVICES: [0]
[I 2023-11-30 04:51:30,808] Trial 143 finished with value: 92.07454681396484 and parameters: {'gradient_clip_val': 0.14370158679646855, 'hidden_size': 115, 'dropout': 0.18136540344304472, 'hidden_continuous_size': 107, 'attention_head_size': 3, 'learning_rate': 0.007701029076865329}. Best is trial 118 with value: 61.962432861328125.
LOCAL_RANK: 0 - CUDA_VISIBLE_DEVICES: [0]
[I 2023-11-30 04:51:44,833] Trial 144 finished with value: 77.33402252197266 and parameters: {'gradient_clip_val': 0.1383683403157517, 'hidden_size': 71, 'dropout': 0.1939694204610601, 'hidden_continuous_size': 70, 'attention_head_size': 3, 'learning_rate': 0.008354415907425975}. Best is trial 118 with value: 61.962432861328125.
LOCAL_RANK: 0 - CUDA_VISIBLE_DEVICES: [0]
[I 2023-11-30 04:51:59,111] Trial 145 finished with value: 72.92577362060547 and parameters: {'gradient_clip_val': 0.12600438628286204, 'hidden_size': 122, 'dropout': 0.11862148136221787, 'hidden_continuous_size': 115, 'attention_head_size': 3, 'learning_rate': 0.010513623459348476}. Best is trial 118 with value: 61.962432861328125.
LOCAL_RANK: 0 - CUDA_VISIBLE_DEVICES: [0]
[I 2023-11-30 04:52:13,292] Trial 146 finished with value: 74.35594940185547 and parameters: {'gradient_clip_val': 0.1314208912332364, 'hidden_size': 106, 'dropout': 0.18799783957330585, 'hidden_continuous_size': 99, 'attention_head_size': 3, 'learning_rate': 0.009411095370992434}. Best is trial 118 with value: 61.962432861328125.
LOCAL_RANK: 0 - CUDA_VISIBLE_DEVICES: [0]
[I 2023-11-30 04:52:27,310] Trial 147 finished with value: 82.14508819580078 and parameters: {'gradient_clip_val': 0.11812519091395043, 'hidden_size': 95, 'dropout': 0.17566653327887427, 'hidden_continuous_size': 92, 'attention_head_size': 3, 'learning_rate': 0.002832663500301606}. Best is trial 118 with value: 61.962432861328125.
LOCAL_RANK: 0 - CUDA_VISIBLE_DEVICES: [0]
[I 2023-11-30 04:52:41,776] Trial 148 finished with value: 88.96146392822266 and parameters: {'gradient_clip_val': 0.1629212294601617, 'hidden_size': 137, 'dropout': 0.14616253291387654, 'hidden_continuous_size': 128, 'attention_head_size': 2, 'learning_rate': 0.003312951908734859}. Best is trial 118 with value: 61.962432861328125.
LOCAL_RANK: 0 - CUDA_VISIBLE_DEVICES: [0]
[I 2023-11-30 04:52:55,224] Trial 149 finished with value: 81.47544860839844 and parameters: {'gradient_clip_val': 0.14549727495551765, 'hidden_size': 58, 'dropout': 0.18913437343800008, 'hidden_continuous_size': 57, 'attention_head_size': 3, 'learning_rate': 0.0037423820639592145}. Best is trial 118 with value: 61.962432861328125.
[I 2023-11-30 04:52:55,337] A new study created in memory with name: no-name-36da7434-9f97-4c55-9c55-828ff41ee9c0
/home/le004/conda/anaconda3/envs/tsff_env/lib/python3.9/site-packages/lightning/fabric/plugins/environments/slurm.py:191: The `srun` command is available on your system but is not used. HINT: If your intention is to run Lightning on SLURM, prepend your python command with `srun` like so: srun python /home/le004/master_thesis/git/TSFusionForecast/code/ ...
LOCAL_RANK: 0 - CUDA_VISIBLE_DEVICES: [0]
[I 2023-11-30 04:53:07,574] Trial 0 finished with value: 39.77742004394531 and parameters: {'gradient_clip_val': 0.16917809083154176, 'hidden_size': 36, 'dropout': 0.14097335343928352, 'hidden_continuous_size': 14, 'attention_head_size': 3, 'learning_rate': 0.050882944481666914}. Best is trial 0 with value: 39.77742004394531.
LOCAL_RANK: 0 - CUDA_VISIBLE_DEVICES: [0]
[I 2023-11-30 04:53:20,471] Trial 1 finished with value: 39.70904541015625 and parameters: {'gradient_clip_val': 0.7403940971811104, 'hidden_size': 64, 'dropout': 0.30170551449841165, 'hidden_continuous_size': 23, 'attention_head_size': 2, 'learning_rate': 0.0022783984429028334}. Best is trial 1 with value: 39.70904541015625.
LOCAL_RANK: 0 - CUDA_VISIBLE_DEVICES: [0]
[I 2023-11-30 04:53:32,780] Trial 2 finished with value: 44.01992416381836 and parameters: {'gradient_clip_val': 0.32408571775450834, 'hidden_size': 36, 'dropout': 0.2655746380102981, 'hidden_continuous_size': 21, 'attention_head_size': 4, 'learning_rate': 0.005355909240002913}. Best is trial 1 with value: 39.70904541015625.
LOCAL_RANK: 0 - CUDA_VISIBLE_DEVICES: [0]
[I 2023-11-30 04:53:44,849] Trial 3 finished with value: 54.328277587890625 and parameters: {'gradient_clip_val': 0.10608624388773692, 'hidden_size': 11, 'dropout': 0.20036786351474828, 'hidden_continuous_size': 10, 'attention_head_size': 3, 'learning_rate': 0.006796150215318116}. Best is trial 1 with value: 39.70904541015625.
LOCAL_RANK: 0 - CUDA_VISIBLE_DEVICES: [0]
[I 2023-11-30 04:53:59,385] Trial 4 finished with value: 38.967193603515625 and parameters: {'gradient_clip_val': 0.9437609017190292, 'hidden_size': 150, 'dropout': 0.3556125379286518, 'hidden_continuous_size': 81, 'attention_head_size': 3, 'learning_rate': 0.005452473946148039}. Best is trial 4 with value: 38.967193603515625.
LOCAL_RANK: 0 - CUDA_VISIBLE_DEVICES: [0]
[I 2023-11-30 04:54:11,230] Trial 5 finished with value: 74.44857025146484 and parameters: {'gradient_clip_val': 0.41632115917390977, 'hidden_size': 13, 'dropout': 0.185501275074286, 'hidden_continuous_size': 11, 'attention_head_size': 3, 'learning_rate': 0.001393872231420952}. Best is trial 4 with value: 38.967193603515625.
LOCAL_RANK: 0 - CUDA_VISIBLE_DEVICES: [0]
[I 2023-11-30 04:54:24,523] Trial 6 finished with value: 36.667911529541016 and parameters: {'gradient_clip_val': 0.6863789573519852, 'hidden_size': 74, 'dropout': 0.2416048569419812, 'hidden_continuous_size': 19, 'attention_head_size': 4, 'learning_rate': 0.007222629213717942}. Best is trial 6 with value: 36.667911529541016.
LOCAL_RANK: 0 - CUDA_VISIBLE_DEVICES: [0]
[I 2023-11-30 04:54:34,433] Trial 7 finished with value: 53.78143310546875 and parameters: {'gradient_clip_val': 0.8170948739534668, 'hidden_size': 10, 'dropout': 0.2570031073158342, 'hidden_continuous_size': 10, 'attention_head_size': 1, 'learning_rate': 0.0034445910934407862}. Best is trial 6 with value: 36.667911529541016.
LOCAL_RANK: 0 - CUDA_VISIBLE_DEVICES: [0]
[I 2023-11-30 04:54:47,975] Trial 8 finished with value: 37.74837875366211 and parameters: {'gradient_clip_val': 0.6762635810944828, 'hidden_size': 81, 'dropout': 0.38436546312852815, 'hidden_continuous_size': 41, 'attention_head_size': 1, 'learning_rate': 0.011597469044071832}. Best is trial 6 with value: 36.667911529541016.
LOCAL_RANK: 0 - CUDA_VISIBLE_DEVICES: [0]
[I 2023-11-30 04:55:01,106] Trial 9 finished with value: 40.55746078491211 and parameters: {'gradient_clip_val': 0.9526991680699682, 'hidden_size': 124, 'dropout': 0.33711867428788234, 'hidden_continuous_size': 11, 'attention_head_size': 1, 'learning_rate': 0.0014768607706795824}. Best is trial 6 with value: 36.667911529541016.
LOCAL_RANK: 0 - CUDA_VISIBLE_DEVICES: [0]
[I 2023-11-30 04:55:13,975] Trial 10 finished with value: 30.831642150878906 and parameters: {'gradient_clip_val': 0.5104118742735494, 'hidden_size': 58, 'dropout': 0.20700747889765306, 'hidden_continuous_size': 16, 'attention_head_size': 4, 'learning_rate': 0.017574378096416963}. Best is trial 10 with value: 30.831642150878906.
LOCAL_RANK: 0 - CUDA_VISIBLE_DEVICES: [0]
[I 2023-11-30 04:55:26,857] Trial 11 finished with value: 32.90401077270508 and parameters: {'gradient_clip_val': 0.4596133678989309, 'hidden_size': 58, 'dropout': 0.21046462716415096, 'hidden_continuous_size': 17, 'attention_head_size': 4, 'learning_rate': 0.015990063401712093}. Best is trial 10 with value: 30.831642150878906.
LOCAL_RANK: 0 - CUDA_VISIBLE_DEVICES: [0]
[I 2023-11-30 04:55:39,538] Trial 12 finished with value: 32.78519058227539 and parameters: {'gradient_clip_val': 0.4668454315837198, 'hidden_size': 51, 'dropout': 0.12018507685267042, 'hidden_continuous_size': 16, 'attention_head_size': 4, 'learning_rate': 0.018907996429215885}. Best is trial 10 with value: 30.831642150878906.
LOCAL_RANK: 0 - CUDA_VISIBLE_DEVICES: [0]
[I 2023-11-30 04:55:52,204] Trial 13 finished with value: 35.10648727416992 and parameters: {'gradient_clip_val': 0.4916991886448478, 'hidden_size': 44, 'dropout': 0.1046567538782767, 'hidden_continuous_size': 15, 'attention_head_size': 4, 'learning_rate': 0.024007129932230867}. Best is trial 10 with value: 30.831642150878906.
LOCAL_RANK: 0 - CUDA_VISIBLE_DEVICES: [0]
[I 2023-11-30 04:56:04,194] Trial 14 finished with value: 34.666324615478516 and parameters: {'gradient_clip_val': 0.2775658427668574, 'hidden_size': 26, 'dropout': 0.15107959282720243, 'hidden_continuous_size': 13, 'attention_head_size': 2, 'learning_rate': 0.02901033432901714}. Best is trial 10 with value: 30.831642150878906.
LOCAL_RANK: 0 - CUDA_VISIBLE_DEVICES: [0]
[I 2023-11-30 04:56:17,773] Trial 15 finished with value: 44.17630386352539 and parameters: {'gradient_clip_val': 0.560505844738235, 'hidden_size': 103, 'dropout': 0.10298416703235368, 'hidden_continuous_size': 26, 'attention_head_size': 4, 'learning_rate': 0.09956314720473297}. Best is trial 10 with value: 30.831642150878906.
LOCAL_RANK: 0 - CUDA_VISIBLE_DEVICES: [0]
[I 2023-11-30 04:56:30,524] Trial 16 finished with value: 34.001461029052734 and parameters: {'gradient_clip_val': 0.3180904664756716, 'hidden_size': 50, 'dropout': 0.16050548741314125, 'hidden_continuous_size': 16, 'attention_head_size': 4, 'learning_rate': 0.017890670132114837}. Best is trial 10 with value: 30.831642150878906.
LOCAL_RANK: 0 - CUDA_VISIBLE_DEVICES: [0]
[I 2023-11-30 04:56:43,789] Trial 17 finished with value: 42.28392028808594 and parameters: {'gradient_clip_val': 0.5677943112108925, 'hidden_size': 86, 'dropout': 0.22386427934258932, 'hidden_continuous_size': 32, 'attention_head_size': 2, 'learning_rate': 0.012613962450478952}. Best is trial 10 with value: 30.831642150878906.
LOCAL_RANK: 0 - CUDA_VISIBLE_DEVICES: [0]
[I 2023-11-30 04:56:56,577] Trial 18 finished with value: 38.67582321166992 and parameters: {'gradient_clip_val': 0.36067884920406384, 'hidden_size': 63, 'dropout': 0.17823500168004763, 'hidden_continuous_size': 14, 'attention_head_size': 3, 'learning_rate': 0.03474279116153309}. Best is trial 10 with value: 30.831642150878906.
LOCAL_RANK: 0 - CUDA_VISIBLE_DEVICES: [0]
[I 2023-11-30 04:57:08,633] Trial 19 finished with value: 37.24677276611328 and parameters: {'gradient_clip_val': 0.24038190395655315, 'hidden_size': 26, 'dropout': 0.1390242839916498, 'hidden_continuous_size': 13, 'attention_head_size': 4, 'learning_rate': 0.010176606316170457}. Best is trial 10 with value: 30.831642150878906.
LOCAL_RANK: 0 - CUDA_VISIBLE_DEVICES: [0]
[I 2023-11-30 04:57:22,043] Trial 20 finished with value: 37.147647857666016 and parameters: {'gradient_clip_val': 0.4344563376506425, 'hidden_size': 99, 'dropout': 0.17575983589612326, 'hidden_continuous_size': 20, 'attention_head_size': 3, 'learning_rate': 0.018419434243947312}. Best is trial 10 with value: 30.831642150878906.
LOCAL_RANK: 0 - CUDA_VISIBLE_DEVICES: [0]
[I 2023-11-30 04:57:34,850] Trial 21 finished with value: 33.63386917114258 and parameters: {'gradient_clip_val': 0.5139276645758263, 'hidden_size': 64, 'dropout': 0.21085531974525962, 'hidden_continuous_size': 17, 'attention_head_size': 4, 'learning_rate': 0.0171209455166646}. Best is trial 10 with value: 30.831642150878906.
LOCAL_RANK: 0 - CUDA_VISIBLE_DEVICES: [0]
[I 2023-11-30 04:57:47,487] Trial 22 finished with value: 37.28322219848633 and parameters: {'gradient_clip_val': 0.40868649231957493, 'hidden_size': 52, 'dropout': 0.2290438837418938, 'hidden_continuous_size': 18, 'attention_head_size': 4, 'learning_rate': 0.01260379209662232}. Best is trial 10 with value: 30.831642150878906.
LOCAL_RANK: 0 - CUDA_VISIBLE_DEVICES: [0]
[I 2023-11-30 04:58:00,065] Trial 23 finished with value: 45.87807083129883 and parameters: {'gradient_clip_val': 0.5908538105630434, 'hidden_size': 50, 'dropout': 0.1993732584789121, 'hidden_continuous_size': 16, 'attention_head_size': 4, 'learning_rate': 0.04156647198321325}. Best is trial 10 with value: 30.831642150878906.
LOCAL_RANK: 0 - CUDA_VISIBLE_DEVICES: [0]
[I 2023-11-30 04:58:13,119] Trial 24 finished with value: 31.63340187072754 and parameters: {'gradient_clip_val': 0.44354211250043024, 'hidden_size': 62, 'dropout': 0.27361617704970925, 'hidden_continuous_size': 12, 'attention_head_size': 4, 'learning_rate': 0.026601731114189477}. Best is trial 10 with value: 30.831642150878906.
LOCAL_RANK: 0 - CUDA_VISIBLE_DEVICES: [0]
[I 2023-11-30 04:58:26,121] Trial 25 finished with value: 34.68275451660156 and parameters: {'gradient_clip_val': 0.39295745423242456, 'hidden_size': 79, 'dropout': 0.2844053709628868, 'hidden_continuous_size': 12, 'attention_head_size': 3, 'learning_rate': 0.025026922691515383}. Best is trial 10 with value: 30.831642150878906.
LOCAL_RANK: 0 - CUDA_VISIBLE_DEVICES: [0]
[I 2023-11-30 04:58:38,637] Trial 26 finished with value: 35.8442268371582 and parameters: {'gradient_clip_val': 0.5009290024589389, 'hidden_size': 41, 'dropout': 0.25101623097369286, 'hidden_continuous_size': 15, 'attention_head_size': 4, 'learning_rate': 0.05337887681101846}. Best is trial 10 with value: 30.831642150878906.
LOCAL_RANK: 0 - CUDA_VISIBLE_DEVICES: [0]
[I 2023-11-30 04:58:51,506] Trial 27 finished with value: 35.123653411865234 and parameters: {'gradient_clip_val': 0.5913153479868347, 'hidden_size': 69, 'dropout': 0.11971652435436946, 'hidden_continuous_size': 12, 'attention_head_size': 3, 'learning_rate': 0.02216766906357891}. Best is trial 10 with value: 30.831642150878906.
LOCAL_RANK: 0 - CUDA_VISIBLE_DEVICES: [0]
[I 2023-11-30 04:59:04,716] Trial 28 finished with value: 38.03055953979492 and parameters: {'gradient_clip_val': 0.3698070256434529, 'hidden_size': 88, 'dropout': 0.12962904226033523, 'hidden_continuous_size': 10, 'attention_head_size': 4, 'learning_rate': 0.03168628614460764}. Best is trial 10 with value: 30.831642150878906.
LOCAL_RANK: 0 - CUDA_VISIBLE_DEVICES: [0]
[I 2023-11-30 04:59:17,126] Trial 29 finished with value: 33.2444953918457 and parameters: {'gradient_clip_val': 0.22877333428726562, 'hidden_size': 36, 'dropout': 0.15836508347847417, 'hidden_continuous_size': 14, 'attention_head_size': 3, 'learning_rate': 0.052746105355768985}. Best is trial 10 with value: 30.831642150878906.
LOCAL_RANK: 0 - CUDA_VISIBLE_DEVICES: [0]
[I 2023-11-30 04:59:29,289] Trial 30 finished with value: 38.788856506347656 and parameters: {'gradient_clip_val': 0.47927030784925523, 'hidden_size': 31, 'dropout': 0.1220179942220829, 'hidden_continuous_size': 13, 'attention_head_size': 2, 'learning_rate': 0.009495497360715097}. Best is trial 10 with value: 30.831642150878906.
LOCAL_RANK: 0 - CUDA_VISIBLE_DEVICES: [0]
[I 2023-11-30 04:59:42,020] Trial 31 finished with value: 37.676822662353516 and parameters: {'gradient_clip_val': 0.45451866502950294, 'hidden_size': 56, 'dropout': 0.22264843146267216, 'hidden_continuous_size': 17, 'attention_head_size': 4, 'learning_rate': 0.01547762133941348}. Best is trial 10 with value: 30.831642150878906.
LOCAL_RANK: 0 - CUDA_VISIBLE_DEVICES: [0]
[I 2023-11-30 04:59:54,897] Trial 32 finished with value: 35.727622985839844 and parameters: {'gradient_clip_val': 0.3664987388169622, 'hidden_size': 58, 'dropout': 0.2769366827741508, 'hidden_continuous_size': 15, 'attention_head_size': 4, 'learning_rate': 0.01957421990081409}. Best is trial 10 with value: 30.831642150878906.
LOCAL_RANK: 0 - CUDA_VISIBLE_DEVICES: [0]
[I 2023-11-30 05:00:07,326] Trial 33 finished with value: 36.74959182739258 and parameters: {'gradient_clip_val': 0.6368889047219123, 'hidden_size': 44, 'dropout': 0.24169952583322812, 'hidden_continuous_size': 18, 'attention_head_size': 4, 'learning_rate': 0.01431304313096365}. Best is trial 10 with value: 30.831642150878906.
LOCAL_RANK: 0 - CUDA_VISIBLE_DEVICES: [0]
[I 2023-11-30 05:00:20,495] Trial 34 finished with value: 45.88258743286133 and parameters: {'gradient_clip_val': 0.4483808307189566, 'hidden_size': 69, 'dropout': 0.29451845868157367, 'hidden_continuous_size': 21, 'attention_head_size': 4, 'learning_rate': 0.024125438715870716}. Best is trial 10 with value: 30.831642150878906.
LOCAL_RANK: 0 - CUDA_VISIBLE_DEVICES: [0]
[I 2023-11-30 05:00:33,387] Trial 35 finished with value: 42.9149055480957 and parameters: {'gradient_clip_val': 0.7645976772627805, 'hidden_size': 59, 'dropout': 0.26467767056897223, 'hidden_continuous_size': 19, 'attention_head_size': 3, 'learning_rate': 0.009513700464562192}. Best is trial 10 with value: 30.831642150878906.
LOCAL_RANK: 0 - CUDA_VISIBLE_DEVICES: [0]
[I 2023-11-30 05:00:46,654] Trial 36 finished with value: 34.16237258911133 and parameters: {'gradient_clip_val': 0.5299987761765813, 'hidden_size': 70, 'dropout': 0.19674672519162426, 'hidden_continuous_size': 23, 'attention_head_size': 4, 'learning_rate': 0.014803263730849727}. Best is trial 10 with value: 30.831642150878906.
LOCAL_RANK: 0 - CUDA_VISIBLE_DEVICES: [0]
[I 2023-11-30 05:00:59,373] Trial 37 finished with value: 44.02750015258789 and parameters: {'gradient_clip_val': 0.327142824725767, 'hidden_size': 49, 'dropout': 0.31492236458768347, 'hidden_continuous_size': 16, 'attention_head_size': 4, 'learning_rate': 0.008510958707435724}. Best is trial 10 with value: 30.831642150878906.
LOCAL_RANK: 0 - CUDA_VISIBLE_DEVICES: [0]
[I 2023-11-30 05:01:11,728] Trial 38 finished with value: 33.233821868896484 and parameters: {'gradient_clip_val': 0.6408019621543736, 'hidden_size': 40, 'dropout': 0.210660075443379, 'hidden_continuous_size': 14, 'attention_head_size': 3, 'learning_rate': 0.006047768900449805}. Best is trial 10 with value: 30.831642150878906.
LOCAL_RANK: 0 - CUDA_VISIBLE_DEVICES: [0]
[I 2023-11-30 05:01:24,605] Trial 39 finished with value: 34.843631744384766 and parameters: {'gradient_clip_val': 0.4316975064640759, 'hidden_size': 58, 'dropout': 0.1719307208503694, 'hidden_continuous_size': 12, 'attention_head_size': 4, 'learning_rate': 0.004135039866476238}. Best is trial 10 with value: 30.831642150878906.
LOCAL_RANK: 0 - CUDA_VISIBLE_DEVICES: [0]
[I 2023-11-30 05:01:37,664] Trial 40 finished with value: 37.2865104675293 and parameters: {'gradient_clip_val': 0.8041487775496801, 'hidden_size': 76, 'dropout': 0.1876656969640289, 'hidden_continuous_size': 22, 'attention_head_size': 3, 'learning_rate': 0.00805556521067676}. Best is trial 10 with value: 30.831642150878906.
LOCAL_RANK: 0 - CUDA_VISIBLE_DEVICES: [0]
[I 2023-11-30 05:01:50,111] Trial 41 finished with value: 49.314453125 and parameters: {'gradient_clip_val': 0.6676442510726771, 'hidden_size': 38, 'dropout': 0.20953966087365408, 'hidden_continuous_size': 14, 'attention_head_size': 3, 'learning_rate': 0.00653265523483331}. Best is trial 10 with value: 30.831642150878906.
LOCAL_RANK: 0 - CUDA_VISIBLE_DEVICES: [0]
[I 2023-11-30 05:02:02,680] Trial 42 finished with value: 32.356224060058594 and parameters: {'gradient_clip_val': 0.5245309194990742, 'hidden_size': 42, 'dropout': 0.24153191099717275, 'hidden_continuous_size': 17, 'attention_head_size': 4, 'learning_rate': 0.011390609733490027}. Best is trial 10 with value: 30.831642150878906.
LOCAL_RANK: 0 - CUDA_VISIBLE_DEVICES: [0]
[I 2023-11-30 05:02:15,320] Trial 43 finished with value: 34.69624328613281 and parameters: {'gradient_clip_val': 0.4948680340869877, 'hidden_size': 46, 'dropout': 0.23925658440937025, 'hidden_continuous_size': 17, 'attention_head_size': 4, 'learning_rate': 0.012392844405147853}. Best is trial 10 with value: 30.831642150878906.
LOCAL_RANK: 0 - CUDA_VISIBLE_DEVICES: [0]
[I 2023-11-30 05:02:28,241] Trial 44 finished with value: 33.7889518737793 and parameters: {'gradient_clip_val': 0.5417949994429347, 'hidden_size': 54, 'dropout': 0.2605037297362176, 'hidden_continuous_size': 20, 'attention_head_size': 4, 'learning_rate': 0.020694935353034245}. Best is trial 10 with value: 30.831642150878906.
LOCAL_RANK: 0 - CUDA_VISIBLE_DEVICES: [0]
[I 2023-11-30 05:02:40,553] Trial 45 finished with value: 50.665069580078125 and parameters: {'gradient_clip_val': 0.4522180832693761, 'hidden_size': 44, 'dropout': 0.24863411224034332, 'hidden_continuous_size': 11, 'attention_head_size': 4, 'learning_rate': 0.010800803710359994}. Best is trial 10 with value: 30.831642150878906.
LOCAL_RANK: 0 - CUDA_VISIBLE_DEVICES: [0]
[I 2023-11-30 05:02:53,579] Trial 46 finished with value: 34.37627410888672 and parameters: {'gradient_clip_val': 0.7076341124244928, 'hidden_size': 63, 'dropout': 0.2688089787628477, 'hidden_continuous_size': 19, 'attention_head_size': 4, 'learning_rate': 0.014762315809036676}. Best is trial 10 with value: 30.831642150878906.
LOCAL_RANK: 0 - CUDA_VISIBLE_DEVICES: [0]
[I 2023-11-30 05:03:05,711] Trial 47 finished with value: 33.98564529418945 and parameters: {'gradient_clip_val': 0.6023775619122964, 'hidden_size': 32, 'dropout': 0.23003654399205367, 'hidden_continuous_size': 16, 'attention_head_size': 4, 'learning_rate': 0.02847400615901094}. Best is trial 10 with value: 30.831642150878906.
LOCAL_RANK: 0 - CUDA_VISIBLE_DEVICES: [0]
[I 2023-11-30 05:03:18,132] Trial 48 finished with value: 34.0832633972168 and parameters: {'gradient_clip_val': 0.8702747484650496, 'hidden_size': 52, 'dropout': 0.15134584568939533, 'hidden_continuous_size': 18, 'attention_head_size': 1, 'learning_rate': 0.018302778594537494}. Best is trial 10 with value: 30.831642150878906.
LOCAL_RANK: 0 - CUDA_VISIBLE_DEVICES: [0]
