[I 2023-11-29 22:45:58,179] Trial 100 finished with value: 85.01667022705078 and parameters: {'gradient_clip_val': 0.14569064401416676, 'hidden_size': 144, 'dropout': 0.3803339221833216, 'hidden_continuous_size': 54, 'attention_head_size': 3, 'learning_rate': 0.006629756540270969}. Best is trial 97 with value: 62.963897705078125.
LOCAL_RANK: 0 - CUDA_VISIBLE_DEVICES: [0]
[I 2023-11-29 22:46:11,751] Trial 101 finished with value: 78.30635833740234 and parameters: {'gradient_clip_val': 0.13769081449639634, 'hidden_size': 74, 'dropout': 0.35839796050623335, 'hidden_continuous_size': 47, 'attention_head_size': 3, 'learning_rate': 0.005505944959056225}. Best is trial 97 with value: 62.963897705078125.
LOCAL_RANK: 0 - CUDA_VISIBLE_DEVICES: [0]
[I 2023-11-29 22:46:26,235] Trial 102 finished with value: 78.83464813232422 and parameters: {'gradient_clip_val': 0.15565742657148407, 'hidden_size': 150, 'dropout': 0.3760331009615126, 'hidden_continuous_size': 66, 'attention_head_size': 3, 'learning_rate': 0.004080563245192339}. Best is trial 97 with value: 62.963897705078125.
LOCAL_RANK: 0 - CUDA_VISIBLE_DEVICES: [0]
[I 2023-11-29 22:46:40,305] Trial 103 finished with value: 86.69477081298828 and parameters: {'gradient_clip_val': 0.12844264054309337, 'hidden_size': 119, 'dropout': 0.35077372514631144, 'hidden_continuous_size': 51, 'attention_head_size': 3, 'learning_rate': 0.004973881615338217}. Best is trial 97 with value: 62.963897705078125.
LOCAL_RANK: 0 - CUDA_VISIBLE_DEVICES: [0]
[I 2023-11-29 22:46:53,937] Trial 104 finished with value: 76.62462615966797 and parameters: {'gradient_clip_val': 0.16846139485952197, 'hidden_size': 82, 'dropout': 0.36812516776510956, 'hidden_continuous_size': 45, 'attention_head_size': 3, 'learning_rate': 0.007708522951339479}. Best is trial 97 with value: 62.963897705078125.
LOCAL_RANK: 0 - CUDA_VISIBLE_DEVICES: [0]
[I 2023-11-29 22:47:07,480] Trial 105 finished with value: 88.45556640625 and parameters: {'gradient_clip_val': 0.11512330641471356, 'hidden_size': 103, 'dropout': 0.39907902806792045, 'hidden_continuous_size': 39, 'attention_head_size': 1, 'learning_rate': 0.005586010718688076}. Best is trial 97 with value: 62.963897705078125.
LOCAL_RANK: 0 - CUDA_VISIBLE_DEVICES: [0]
[I 2023-11-29 22:47:21,330] Trial 106 finished with value: 95.0673599243164 and parameters: {'gradient_clip_val': 0.1438098843982147, 'hidden_size': 130, 'dropout': 0.3345493757129583, 'hidden_continuous_size': 33, 'attention_head_size': 2, 'learning_rate': 0.004535379964466923}. Best is trial 97 with value: 62.963897705078125.
LOCAL_RANK: 0 - CUDA_VISIBLE_DEVICES: [0]
[I 2023-11-29 22:47:35,088] Trial 107 finished with value: 75.40641021728516 and parameters: {'gradient_clip_val': 0.13544778845283637, 'hidden_size': 88, 'dropout': 0.3617560854958379, 'hidden_continuous_size': 47, 'attention_head_size': 3, 'learning_rate': 0.003782214832081638}. Best is trial 97 with value: 62.963897705078125.
LOCAL_RANK: 0 - CUDA_VISIBLE_DEVICES: [0]
[I 2023-11-29 22:47:48,758] Trial 108 finished with value: 74.64329528808594 and parameters: {'gradient_clip_val': 0.14870436693118572, 'hidden_size': 97, 'dropout': 0.3423494969674895, 'hidden_continuous_size': 43, 'attention_head_size': 3, 'learning_rate': 0.006451216273366503}. Best is trial 97 with value: 62.963897705078125.
LOCAL_RANK: 0 - CUDA_VISIBLE_DEVICES: [0]
[I 2023-11-29 22:48:02,667] Trial 109 finished with value: 87.24437713623047 and parameters: {'gradient_clip_val': 0.12135127313344635, 'hidden_size': 110, 'dropout': 0.3733624942286804, 'hidden_continuous_size': 49, 'attention_head_size': 3, 'learning_rate': 0.002612845356720437}. Best is trial 97 with value: 62.963897705078125.
LOCAL_RANK: 0 - CUDA_VISIBLE_DEVICES: [0]
[I 2023-11-29 22:48:16,457] Trial 110 finished with value: 72.25110626220703 and parameters: {'gradient_clip_val': 0.18198144492880122, 'hidden_size': 121, 'dropout': 0.3871414774658818, 'hidden_continuous_size': 59, 'attention_head_size': 2, 'learning_rate': 0.007287559577764511}. Best is trial 97 with value: 62.963897705078125.
LOCAL_RANK: 0 - CUDA_VISIBLE_DEVICES: [0]
[I 2023-11-29 22:48:30,237] Trial 111 finished with value: 85.30867767333984 and parameters: {'gradient_clip_val': 0.18334903842116057, 'hidden_size': 121, 'dropout': 0.38230628741298045, 'hidden_continuous_size': 63, 'attention_head_size': 2, 'learning_rate': 0.0069404489755857885}. Best is trial 97 with value: 62.963897705078125.
LOCAL_RANK: 0 - CUDA_VISIBLE_DEVICES: [0]
[I 2023-11-29 22:48:44,435] Trial 112 finished with value: 101.65665435791016 and parameters: {'gradient_clip_val': 0.17149484814024185, 'hidden_size': 137, 'dropout': 0.38914898765519595, 'hidden_continuous_size': 56, 'attention_head_size': 2, 'learning_rate': 0.008830073485113265}. Best is trial 97 with value: 62.963897705078125.
LOCAL_RANK: 0 - CUDA_VISIBLE_DEVICES: [0]
[I 2023-11-29 22:48:58,372] Trial 113 finished with value: 61.7747917175293 and parameters: {'gradient_clip_val': 0.16440221359527576, 'hidden_size': 127, 'dropout': 0.3940837353283966, 'hidden_continuous_size': 59, 'attention_head_size': 2, 'learning_rate': 0.005940255299788798}. Best is trial 113 with value: 61.7747917175293.
LOCAL_RANK: 0 - CUDA_VISIBLE_DEVICES: [0]
[I 2023-11-29 22:49:12,448] Trial 114 finished with value: 106.6075668334961 and parameters: {'gradient_clip_val': 0.1595935253707502, 'hidden_size': 125, 'dropout': 0.3937383383683135, 'hidden_continuous_size': 72, 'attention_head_size': 2, 'learning_rate': 0.00598070003948974}. Best is trial 113 with value: 61.7747917175293.
LOCAL_RANK: 0 - CUDA_VISIBLE_DEVICES: [0]
[I 2023-11-29 22:49:26,685] Trial 115 finished with value: 95.891357421875 and parameters: {'gradient_clip_val': 0.19675612945384008, 'hidden_size': 149, 'dropout': 0.39235242862338626, 'hidden_continuous_size': 59, 'attention_head_size': 2, 'learning_rate': 0.005094481597398712}. Best is trial 113 with value: 61.7747917175293.
LOCAL_RANK: 0 - CUDA_VISIBLE_DEVICES: [0]
[I 2023-11-29 22:49:40,630] Trial 116 finished with value: 107.0511703491211 and parameters: {'gradient_clip_val': 0.18008497465331466, 'hidden_size': 133, 'dropout': 0.3847919193824145, 'hidden_continuous_size': 51, 'attention_head_size': 2, 'learning_rate': 0.007538871572938321}. Best is trial 113 with value: 61.7747917175293.
LOCAL_RANK: 0 - CUDA_VISIBLE_DEVICES: [0]
[I 2023-11-29 22:49:54,528] Trial 117 finished with value: 89.37777709960938 and parameters: {'gradient_clip_val': 0.21295997717671508, 'hidden_size': 115, 'dropout': 0.3766557583292504, 'hidden_continuous_size': 54, 'attention_head_size': 2, 'learning_rate': 0.010887756968867224}. Best is trial 113 with value: 61.7747917175293.
LOCAL_RANK: 0 - CUDA_VISIBLE_DEVICES: [0]
[I 2023-11-29 22:50:08,825] Trial 118 finished with value: 80.44629669189453 and parameters: {'gradient_clip_val': 0.18937154382639415, 'hidden_size': 142, 'dropout': 0.36595120606718584, 'hidden_continuous_size': 59, 'attention_head_size': 2, 'learning_rate': 0.004231086113629854}. Best is trial 113 with value: 61.7747917175293.
LOCAL_RANK: 0 - CUDA_VISIBLE_DEVICES: [0]
[I 2023-11-29 22:50:22,416] Trial 119 finished with value: 68.79285430908203 and parameters: {'gradient_clip_val': 0.1575718867834671, 'hidden_size': 110, 'dropout': 0.3985235417727466, 'hidden_continuous_size': 53, 'attention_head_size': 2, 'learning_rate': 0.001783443084623352}. Best is trial 113 with value: 61.7747917175293.
LOCAL_RANK: 0 - CUDA_VISIBLE_DEVICES: [0]
[I 2023-11-29 22:50:36,072] Trial 120 finished with value: 90.90625 and parameters: {'gradient_clip_val': 0.15122166587800645, 'hidden_size': 108, 'dropout': 0.39726569276971047, 'hidden_continuous_size': 45, 'attention_head_size': 2, 'learning_rate': 0.0016321679902386401}. Best is trial 113 with value: 61.7747917175293.
LOCAL_RANK: 0 - CUDA_VISIBLE_DEVICES: [0]
[I 2023-11-29 22:50:49,955] Trial 121 finished with value: 74.76903533935547 and parameters: {'gradient_clip_val': 0.16086030972518903, 'hidden_size': 126, 'dropout': 0.3995024181112292, 'hidden_continuous_size': 56, 'attention_head_size': 2, 'learning_rate': 0.0018397885838790102}. Best is trial 113 with value: 61.7747917175293.
LOCAL_RANK: 0 - CUDA_VISIBLE_DEVICES: [0]
[I 2023-11-29 22:51:03,655] Trial 122 finished with value: 71.66651153564453 and parameters: {'gradient_clip_val': 0.17096108263519005, 'hidden_size': 103, 'dropout': 0.384337690744996, 'hidden_continuous_size': 54, 'attention_head_size': 2, 'learning_rate': 0.0021708003622777547}. Best is trial 113 with value: 61.7747917175293.
LOCAL_RANK: 0 - CUDA_VISIBLE_DEVICES: [0]
[I 2023-11-29 22:51:17,578] Trial 123 finished with value: 82.25961303710938 and parameters: {'gradient_clip_val': 0.16716101587560522, 'hidden_size': 104, 'dropout': 0.38081937473365346, 'hidden_continuous_size': 51, 'attention_head_size': 2, 'learning_rate': 0.0014508430497196746}. Best is trial 113 with value: 61.7747917175293.
LOCAL_RANK: 0 - CUDA_VISIBLE_DEVICES: [0]
[I 2023-11-29 22:51:31,190] Trial 124 finished with value: 75.14179229736328 and parameters: {'gradient_clip_val': 0.17250687410593074, 'hidden_size': 93, 'dropout': 0.38998564512181827, 'hidden_continuous_size': 53, 'attention_head_size': 2, 'learning_rate': 0.002155239176952633}. Best is trial 113 with value: 61.7747917175293.
LOCAL_RANK: 0 - CUDA_VISIBLE_DEVICES: [0]
[I 2023-11-29 22:51:44,743] Trial 125 finished with value: 77.3568344116211 and parameters: {'gradient_clip_val': 0.15533390855611628, 'hidden_size': 79, 'dropout': 0.3729409861699244, 'hidden_continuous_size': 49, 'attention_head_size': 2, 'learning_rate': 0.0023013394629488645}. Best is trial 113 with value: 61.7747917175293.
LOCAL_RANK: 0 - CUDA_VISIBLE_DEVICES: [0]
[I 2023-11-29 22:51:58,468] Trial 126 finished with value: 77.77110290527344 and parameters: {'gradient_clip_val': 0.14451790737442172, 'hidden_size': 100, 'dropout': 0.38208424279438646, 'hidden_continuous_size': 53, 'attention_head_size': 2, 'learning_rate': 0.002061427929480097}. Best is trial 113 with value: 61.7747917175293.
LOCAL_RANK: 0 - CUDA_VISIBLE_DEVICES: [0]
[I 2023-11-29 22:52:11,964] Trial 127 finished with value: 80.24192810058594 and parameters: {'gradient_clip_val': 0.1396977981476637, 'hidden_size': 84, 'dropout': 0.36000683877653733, 'hidden_continuous_size': 49, 'attention_head_size': 1, 'learning_rate': 0.0018112493088539342}. Best is trial 113 with value: 61.7747917175293.
LOCAL_RANK: 0 - CUDA_VISIBLE_DEVICES: [0]
[I 2023-11-29 22:52:25,747] Trial 128 finished with value: 68.46781921386719 and parameters: {'gradient_clip_val': 0.131840017457517, 'hidden_size': 112, 'dropout': 0.3494411520844472, 'hidden_continuous_size': 41, 'attention_head_size': 2, 'learning_rate': 0.0025370855333466413}. Best is trial 113 with value: 61.7747917175293.
LOCAL_RANK: 0 - CUDA_VISIBLE_DEVICES: [0]
[I 2023-11-29 22:52:39,422] Trial 129 finished with value: 80.77495574951172 and parameters: {'gradient_clip_val': 0.13322309090445444, 'hidden_size': 114, 'dropout': 0.3492326580400275, 'hidden_continuous_size': 41, 'attention_head_size': 1, 'learning_rate': 0.002426206881685977}. Best is trial 113 with value: 61.7747917175293.
LOCAL_RANK: 0 - CUDA_VISIBLE_DEVICES: [0]
[I 2023-11-29 22:52:53,538] Trial 130 finished with value: 81.19155883789062 and parameters: {'gradient_clip_val': 0.12780529999238646, 'hidden_size': 138, 'dropout': 0.33829948339116317, 'hidden_continuous_size': 35, 'attention_head_size': 3, 'learning_rate': 0.0035563601721789132}. Best is trial 113 with value: 61.7747917175293.
LOCAL_RANK: 0 - CUDA_VISIBLE_DEVICES: [0]
[I 2023-11-29 22:53:07,136] Trial 131 finished with value: 91.6026382446289 and parameters: {'gradient_clip_val': 0.15819364259340063, 'hidden_size': 89, 'dropout': 0.32726584471161957, 'hidden_continuous_size': 46, 'attention_head_size': 2, 'learning_rate': 0.0029178278147464127}. Best is trial 113 with value: 61.7747917175293.
LOCAL_RANK: 0 - CUDA_VISIBLE_DEVICES: [0]
[I 2023-11-29 22:53:20,937] Trial 132 finished with value: 73.29300689697266 and parameters: {'gradient_clip_val': 0.14992438503751196, 'hidden_size': 132, 'dropout': 0.3222407800816311, 'hidden_continuous_size': 43, 'attention_head_size': 2, 'learning_rate': 0.001904064446163871}. Best is trial 113 with value: 61.7747917175293.
LOCAL_RANK: 0 - CUDA_VISIBLE_DEVICES: [0]
[I 2023-11-29 22:53:34,947] Trial 133 finished with value: 83.5751953125 and parameters: {'gradient_clip_val': 0.10951245374544842, 'hidden_size': 106, 'dropout': 0.3534564459020429, 'hidden_continuous_size': 62, 'attention_head_size': 2, 'learning_rate': 0.0020573021716360934}. Best is trial 113 with value: 61.7747917175293.
LOCAL_RANK: 0 - CUDA_VISIBLE_DEVICES: [0]
[I 2023-11-29 22:53:48,130] Trial 134 finished with value: 89.1321029663086 and parameters: {'gradient_clip_val': 0.16465798014252422, 'hidden_size': 71, 'dropout': 0.39337678048772673, 'hidden_continuous_size': 25, 'attention_head_size': 2, 'learning_rate': 0.0016636634502667218}. Best is trial 113 with value: 61.7747917175293.
LOCAL_RANK: 0 - CUDA_VISIBLE_DEVICES: [0]
[I 2023-11-29 22:54:01,856] Trial 135 finished with value: 74.14041137695312 and parameters: {'gradient_clip_val': 0.1246628401037247, 'hidden_size': 97, 'dropout': 0.37774048528151216, 'hidden_continuous_size': 56, 'attention_head_size': 2, 'learning_rate': 0.0026230533762356266}. Best is trial 113 with value: 61.7747917175293.
LOCAL_RANK: 0 - CUDA_VISIBLE_DEVICES: [0]
[I 2023-11-29 22:54:15,313] Trial 136 finished with value: 79.26526641845703 and parameters: {'gradient_clip_val': 0.10300326707191917, 'hidden_size': 77, 'dropout': 0.36824156026415694, 'hidden_continuous_size': 48, 'attention_head_size': 2, 'learning_rate': 0.002227073893589849}. Best is trial 113 with value: 61.7747917175293.
LOCAL_RANK: 0 - CUDA_VISIBLE_DEVICES: [0]
[I 2023-11-29 22:54:29,192] Trial 137 finished with value: 97.8646240234375 and parameters: {'gradient_clip_val': 0.140783310802664, 'hidden_size': 119, 'dropout': 0.3465315954739614, 'hidden_continuous_size': 38, 'attention_head_size': 3, 'learning_rate': 0.00468266526647579}. Best is trial 113 with value: 61.7747917175293.
LOCAL_RANK: 0 - CUDA_VISIBLE_DEVICES: [0]
[I 2023-11-29 22:54:43,023] Trial 138 finished with value: 69.8553695678711 and parameters: {'gradient_clip_val': 0.118684301521403, 'hidden_size': 110, 'dropout': 0.3856775339478885, 'hidden_continuous_size': 41, 'attention_head_size': 3, 'learning_rate': 0.001433481082823675}. Best is trial 113 with value: 61.7747917175293.
LOCAL_RANK: 0 - CUDA_VISIBLE_DEVICES: [0]
[I 2023-11-29 22:54:56,927] Trial 139 finished with value: 80.6495590209961 and parameters: {'gradient_clip_val': 0.11663798839196539, 'hidden_size': 128, 'dropout': 0.33512382941036123, 'hidden_continuous_size': 39, 'attention_head_size': 3, 'learning_rate': 0.0014297891590303073}. Best is trial 113 with value: 61.7747917175293.
LOCAL_RANK: 0 - CUDA_VISIBLE_DEVICES: [0]
[I 2023-11-29 22:55:10,605] Trial 140 finished with value: 83.46556854248047 and parameters: {'gradient_clip_val': 0.12092835010441162, 'hidden_size': 111, 'dropout': 0.36104753678117324, 'hidden_continuous_size': 42, 'attention_head_size': 3, 'learning_rate': 0.0012151070304643827}. Best is trial 113 with value: 61.7747917175293.
LOCAL_RANK: 0 - CUDA_VISIBLE_DEVICES: [0]
[I 2023-11-29 22:55:24,240] Trial 141 finished with value: 82.51636505126953 and parameters: {'gradient_clip_val': 0.1334328085136505, 'hidden_size': 100, 'dropout': 0.3864187330894653, 'hidden_continuous_size': 46, 'attention_head_size': 3, 'learning_rate': 0.0018745957710542011}. Best is trial 113 with value: 61.7747917175293.
LOCAL_RANK: 0 - CUDA_VISIBLE_DEVICES: [0]
[I 2023-11-29 22:55:38,368] Trial 142 finished with value: 85.49744415283203 and parameters: {'gradient_clip_val': 0.11160327396849912, 'hidden_size': 150, 'dropout': 0.39967302506955893, 'hidden_continuous_size': 22, 'attention_head_size': 3, 'learning_rate': 0.001414345099238594}. Best is trial 113 with value: 61.7747917175293.
LOCAL_RANK: 0 - CUDA_VISIBLE_DEVICES: [0]
[I 2023-11-29 22:55:52,556] Trial 143 finished with value: 80.66717529296875 and parameters: {'gradient_clip_val': 0.1761007495686504, 'hidden_size': 141, 'dropout': 0.3730352542775122, 'hidden_continuous_size': 41, 'attention_head_size': 3, 'learning_rate': 0.0016476740560879887}. Best is trial 113 with value: 61.7747917175293.
LOCAL_RANK: 0 - CUDA_VISIBLE_DEVICES: [0]
[I 2023-11-29 22:56:06,256] Trial 144 finished with value: 74.47760009765625 and parameters: {'gradient_clip_val': 0.15215933003857918, 'hidden_size': 91, 'dropout': 0.38425299873178476, 'hidden_continuous_size': 44, 'attention_head_size': 3, 'learning_rate': 0.005938625215728325}. Best is trial 113 with value: 61.7747917175293.
LOCAL_RANK: 0 - CUDA_VISIBLE_DEVICES: [0]
[I 2023-11-29 22:56:19,772] Trial 145 finished with value: 117.25882720947266 and parameters: {'gradient_clip_val': 0.14332935544360134, 'hidden_size': 83, 'dropout': 0.3927675271429765, 'hidden_continuous_size': 52, 'attention_head_size': 1, 'learning_rate': 0.0011107771791502357}. Best is trial 113 with value: 61.7747917175293.
LOCAL_RANK: 0 - CUDA_VISIBLE_DEVICES: [0]
[I 2023-11-29 22:56:29,970] Trial 146 finished with value: 129.21597290039062 and parameters: {'gradient_clip_val': 0.12912317898751144, 'hidden_size': 32, 'dropout': 0.3423197860940304, 'hidden_continuous_size': 32, 'attention_head_size': 3, 'learning_rate': 0.0010025832446576364}. Best is trial 113 with value: 61.7747917175293.
LOCAL_RANK: 0 - CUDA_VISIBLE_DEVICES: [0]
[I 2023-11-29 22:56:43,724] Trial 147 finished with value: 70.1904067993164 and parameters: {'gradient_clip_val': 0.19390728505590824, 'hidden_size': 105, 'dropout': 0.31548098267250035, 'hidden_continuous_size': 37, 'attention_head_size': 2, 'learning_rate': 0.0052523776386562875}. Best is trial 113 with value: 61.7747917175293.
LOCAL_RANK: 0 - CUDA_VISIBLE_DEVICES: [0]
[I 2023-11-29 22:56:57,518] Trial 148 finished with value: 82.5931625366211 and parameters: {'gradient_clip_val': 0.19589413331499242, 'hidden_size': 114, 'dropout': 0.3139655186960937, 'hidden_continuous_size': 36, 'attention_head_size': 3, 'learning_rate': 0.00545288080519034}. Best is trial 113 with value: 61.7747917175293.
LOCAL_RANK: 0 - CUDA_VISIBLE_DEVICES: [0]
[I 2023-11-29 22:57:11,092] Trial 149 finished with value: 67.42727661132812 and parameters: {'gradient_clip_val': 0.10624539048004138, 'hidden_size': 75, 'dropout': 0.3486214558457545, 'hidden_continuous_size': 38, 'attention_head_size': 2, 'learning_rate': 0.0051534456647168055}. Best is trial 113 with value: 61.7747917175293.
[I 2023-11-29 22:57:11,201] A new study created in memory with name: no-name-37e4768d-c802-479b-87a1-3bb15ccaf2cb
/home/le004/conda/anaconda3/envs/tsff_env/lib/python3.9/site-packages/lightning/fabric/plugins/environments/slurm.py:191: The `srun` command is available on your system but is not used. HINT: If your intention is to run Lightning on SLURM, prepend your python command with `srun` like so: srun python /home/le004/master_thesis/git/TSFusionForecast/code/ ...
LOCAL_RANK: 0 - CUDA_VISIBLE_DEVICES: [0]
[I 2023-11-29 22:57:21,141] Trial 0 finished with value: 141.57017517089844 and parameters: {'gradient_clip_val': 0.5325419512885502, 'hidden_size': 16, 'dropout': 0.2635323323527097, 'hidden_continuous_size': 16, 'attention_head_size': 3, 'learning_rate': 0.007496189979121347}. Best is trial 0 with value: 141.57017517089844.
LOCAL_RANK: 0 - CUDA_VISIBLE_DEVICES: [0]
[I 2023-11-29 22:57:33,018] Trial 1 finished with value: 246.57861328125 and parameters: {'gradient_clip_val': 0.9563601410804999, 'hidden_size': 24, 'dropout': 0.1562602154602175, 'hidden_continuous_size': 18, 'attention_head_size': 4, 'learning_rate': 0.0021268265374824163}. Best is trial 0 with value: 141.57017517089844.
LOCAL_RANK: 0 - CUDA_VISIBLE_DEVICES: [0]
[I 2023-11-29 22:57:44,626] Trial 2 finished with value: 259.9980163574219 and parameters: {'gradient_clip_val': 0.19262576031932338, 'hidden_size': 20, 'dropout': 0.3590506601550546, 'hidden_continuous_size': 11, 'attention_head_size': 1, 'learning_rate': 0.0024299830187357032}. Best is trial 0 with value: 141.57017517089844.
LOCAL_RANK: 0 - CUDA_VISIBLE_DEVICES: [0]
[I 2023-11-29 22:57:56,574] Trial 3 finished with value: 90.5458984375 and parameters: {'gradient_clip_val': 0.2015433812970599, 'hidden_size': 13, 'dropout': 0.13495649888328526, 'hidden_continuous_size': 11, 'attention_head_size': 3, 'learning_rate': 0.04504580385914019}. Best is trial 3 with value: 90.5458984375.
LOCAL_RANK: 0 - CUDA_VISIBLE_DEVICES: [0]
[I 2023-11-29 22:58:08,790] Trial 4 finished with value: 178.10365295410156 and parameters: {'gradient_clip_val': 0.2689312511438057, 'hidden_size': 17, 'dropout': 0.11718023502025954, 'hidden_continuous_size': 12, 'attention_head_size': 4, 'learning_rate': 0.004252543348088757}. Best is trial 3 with value: 90.5458984375.
LOCAL_RANK: 0 - CUDA_VISIBLE_DEVICES: [0]
[I 2023-11-29 22:58:21,570] Trial 5 finished with value: 78.29874420166016 and parameters: {'gradient_clip_val': 0.30690055507668307, 'hidden_size': 56, 'dropout': 0.34825131237601337, 'hidden_continuous_size': 23, 'attention_head_size': 2, 'learning_rate': 0.0030319574426424375}. Best is trial 5 with value: 78.29874420166016.
LOCAL_RANK: 0 - CUDA_VISIBLE_DEVICES: [0]
[I 2023-11-29 22:58:34,368] Trial 6 finished with value: 89.9825210571289 and parameters: {'gradient_clip_val': 0.9833606798806769, 'hidden_size': 52, 'dropout': 0.15352017927439374, 'hidden_continuous_size': 36, 'attention_head_size': 1, 'learning_rate': 0.02530265962337464}. Best is trial 5 with value: 78.29874420166016.
LOCAL_RANK: 0 - CUDA_VISIBLE_DEVICES: [0]
