[I 2023-11-30 05:41:11,177] Trial 74 finished with value: 52.02622604370117 and parameters: {'gradient_clip_val': 0.2219684664601043, 'hidden_size': 66, 'dropout': 0.35234188482727474, 'hidden_continuous_size': 37, 'attention_head_size': 3, 'learning_rate': 0.004034327921683752}. Best is trial 70 with value: 33.25297927856445.
LOCAL_RANK: 0 - CUDA_VISIBLE_DEVICES: [0]
[I 2023-11-30 05:41:24,638] Trial 75 finished with value: 48.66664505004883 and parameters: {'gradient_clip_val': 0.19776967328245346, 'hidden_size': 77, 'dropout': 0.3337151602369362, 'hidden_continuous_size': 31, 'attention_head_size': 4, 'learning_rate': 0.006193189399852626}. Best is trial 70 with value: 33.25297927856445.
LOCAL_RANK: 0 - CUDA_VISIBLE_DEVICES: [0]
[I 2023-11-30 05:41:38,154] Trial 76 finished with value: 37.46470260620117 and parameters: {'gradient_clip_val': 0.27278646602221074, 'hidden_size': 98, 'dropout': 0.3695184580239175, 'hidden_continuous_size': 27, 'attention_head_size': 3, 'learning_rate': 0.005136383234571576}. Best is trial 70 with value: 33.25297927856445.
LOCAL_RANK: 0 - CUDA_VISIBLE_DEVICES: [0]
[I 2023-11-30 05:41:51,716] Trial 77 finished with value: 43.333160400390625 and parameters: {'gradient_clip_val': 0.21652464746961958, 'hidden_size': 85, 'dropout': 0.3922422344601692, 'hidden_continuous_size': 43, 'attention_head_size': 4, 'learning_rate': 0.00706994239217438}. Best is trial 70 with value: 33.25297927856445.
LOCAL_RANK: 0 - CUDA_VISIBLE_DEVICES: [0]
[I 2023-11-30 05:42:05,258] Trial 78 finished with value: 45.55314636230469 and parameters: {'gradient_clip_val': 0.23519585151019468, 'hidden_size': 113, 'dropout': 0.38238016655189677, 'hidden_continuous_size': 25, 'attention_head_size': 2, 'learning_rate': 0.0092046194241972}. Best is trial 70 with value: 33.25297927856445.
LOCAL_RANK: 0 - CUDA_VISIBLE_DEVICES: [0]
[I 2023-11-30 05:42:18,503] Trial 79 finished with value: 39.4866828918457 and parameters: {'gradient_clip_val': 0.1856364764363392, 'hidden_size': 73, 'dropout': 0.3635343545800725, 'hidden_continuous_size': 29, 'attention_head_size': 4, 'learning_rate': 0.007977028060118643}. Best is trial 70 with value: 33.25297927856445.
LOCAL_RANK: 0 - CUDA_VISIBLE_DEVICES: [0]
[I 2023-11-30 05:42:31,618] Trial 80 finished with value: 36.888797760009766 and parameters: {'gradient_clip_val': 0.3012976868446558, 'hidden_size': 60, 'dropout': 0.3417009616998871, 'hidden_continuous_size': 36, 'attention_head_size': 3, 'learning_rate': 0.004478575974301248}. Best is trial 70 with value: 33.25297927856445.
LOCAL_RANK: 0 - CUDA_VISIBLE_DEVICES: [0]
[I 2023-11-30 05:42:45,974] Trial 81 finished with value: 37.42622756958008 and parameters: {'gradient_clip_val': 0.15229934144419294, 'hidden_size': 122, 'dropout': 0.39721265356656565, 'hidden_continuous_size': 46, 'attention_head_size': 4, 'learning_rate': 0.005900833045856593}. Best is trial 70 with value: 33.25297927856445.
LOCAL_RANK: 0 - CUDA_VISIBLE_DEVICES: [0]
[I 2023-11-30 05:43:00,715] Trial 82 finished with value: 54.43073654174805 and parameters: {'gradient_clip_val': 0.1301789361793826, 'hidden_size': 140, 'dropout': 0.3989833198731372, 'hidden_continuous_size': 104, 'attention_head_size': 4, 'learning_rate': 0.010199976529213357}. Best is trial 70 with value: 33.25297927856445.
LOCAL_RANK: 0 - CUDA_VISIBLE_DEVICES: [0]
[I 2023-11-30 05:43:14,374] Trial 83 finished with value: 42.43607711791992 and parameters: {'gradient_clip_val': 0.17315554633256247, 'hidden_size': 101, 'dropout': 0.38721942780021607, 'hidden_continuous_size': 32, 'attention_head_size': 4, 'learning_rate': 0.008967754503913551}. Best is trial 70 with value: 33.25297927856445.
LOCAL_RANK: 0 - CUDA_VISIBLE_DEVICES: [0]
[I 2023-11-30 05:43:28,261] Trial 84 finished with value: 36.750091552734375 and parameters: {'gradient_clip_val': 0.16567346903584546, 'hidden_size': 123, 'dropout': 0.3770341820441776, 'hidden_continuous_size': 41, 'attention_head_size': 4, 'learning_rate': 0.011180095227607911}. Best is trial 70 with value: 33.25297927856445.
LOCAL_RANK: 0 - CUDA_VISIBLE_DEVICES: [0]
[I 2023-11-30 05:43:42,138] Trial 85 finished with value: 37.06913375854492 and parameters: {'gradient_clip_val': 0.1351566957843254, 'hidden_size': 91, 'dropout': 0.3550485880695331, 'hidden_continuous_size': 35, 'attention_head_size': 4, 'learning_rate': 0.006519392487150449}. Best is trial 70 with value: 33.25297927856445.
LOCAL_RANK: 0 - CUDA_VISIBLE_DEVICES: [0]
[I 2023-11-30 05:43:56,177] Trial 86 finished with value: 35.33497619628906 and parameters: {'gradient_clip_val': 0.26533723680428883, 'hidden_size': 114, 'dropout': 0.3810582090361164, 'hidden_continuous_size': 49, 'attention_head_size': 4, 'learning_rate': 0.007619147442026752}. Best is trial 70 with value: 33.25297927856445.
LOCAL_RANK: 0 - CUDA_VISIBLE_DEVICES: [0]
[I 2023-11-30 05:44:09,893] Trial 87 finished with value: 36.38072204589844 and parameters: {'gradient_clip_val': 0.2692575122370812, 'hidden_size': 113, 'dropout': 0.3681662912504656, 'hidden_continuous_size': 44, 'attention_head_size': 4, 'learning_rate': 0.007743238219224424}. Best is trial 70 with value: 33.25297927856445.
LOCAL_RANK: 0 - CUDA_VISIBLE_DEVICES: [0]
[I 2023-11-30 05:44:24,121] Trial 88 finished with value: 40.28377151489258 and parameters: {'gradient_clip_val': 0.21247977352970443, 'hidden_size': 142, 'dropout': 0.3159001684242563, 'hidden_continuous_size': 49, 'attention_head_size': 4, 'learning_rate': 0.005346221959424095}. Best is trial 70 with value: 33.25297927856445.
LOCAL_RANK: 0 - CUDA_VISIBLE_DEVICES: [0]
[I 2023-11-30 05:44:37,813] Trial 89 finished with value: 35.085933685302734 and parameters: {'gradient_clip_val': 0.2446930111527354, 'hidden_size': 86, 'dropout': 0.3766321597543466, 'hidden_continuous_size': 40, 'attention_head_size': 4, 'learning_rate': 0.007698381922978313}. Best is trial 70 with value: 33.25297927856445.
LOCAL_RANK: 0 - CUDA_VISIBLE_DEVICES: [0]
[I 2023-11-30 05:44:51,696] Trial 90 finished with value: 35.87888717651367 and parameters: {'gradient_clip_val': 0.2461467555908793, 'hidden_size': 93, 'dropout': 0.37770109305479616, 'hidden_continuous_size': 39, 'attention_head_size': 4, 'learning_rate': 0.0042389749336404015}. Best is trial 70 with value: 33.25297927856445.
LOCAL_RANK: 0 - CUDA_VISIBLE_DEVICES: [0]
[I 2023-11-30 05:45:05,333] Trial 91 finished with value: 43.22883605957031 and parameters: {'gradient_clip_val': 0.25101037086011824, 'hidden_size': 93, 'dropout': 0.3795595450102926, 'hidden_continuous_size': 42, 'attention_head_size': 4, 'learning_rate': 0.004252511068974503}. Best is trial 70 with value: 33.25297927856445.
LOCAL_RANK: 0 - CUDA_VISIBLE_DEVICES: [0]
[I 2023-11-30 05:45:19,072] Trial 92 finished with value: 39.53304672241211 and parameters: {'gradient_clip_val': 0.26475029948081447, 'hidden_size': 105, 'dropout': 0.38468639071435157, 'hidden_continuous_size': 39, 'attention_head_size': 4, 'learning_rate': 0.007532908570565134}. Best is trial 70 with value: 33.25297927856445.
LOCAL_RANK: 0 - CUDA_VISIBLE_DEVICES: [0]
[I 2023-11-30 05:45:32,906] Trial 93 finished with value: 37.661529541015625 and parameters: {'gradient_clip_val': 0.23771452871815524, 'hidden_size': 97, 'dropout': 0.3883009536827442, 'hidden_continuous_size': 47, 'attention_head_size': 4, 'learning_rate': 0.004920334313991162}. Best is trial 70 with value: 33.25297927856445.
LOCAL_RANK: 0 - CUDA_VISIBLE_DEVICES: [0]
[I 2023-11-30 05:45:46,539] Trial 94 finished with value: 35.99229049682617 and parameters: {'gradient_clip_val': 0.2461596059538343, 'hidden_size': 87, 'dropout': 0.3728198335631954, 'hidden_continuous_size': 39, 'attention_head_size': 4, 'learning_rate': 0.006421480882961824}. Best is trial 70 with value: 33.25297927856445.
LOCAL_RANK: 0 - CUDA_VISIBLE_DEVICES: [0]
[I 2023-11-30 05:46:00,693] Trial 95 finished with value: 46.10874557495117 and parameters: {'gradient_clip_val': 0.24662644672349898, 'hidden_size': 130, 'dropout': 0.3586371311231178, 'hidden_continuous_size': 50, 'attention_head_size': 4, 'learning_rate': 0.006798308827167445}. Best is trial 70 with value: 33.25297927856445.
LOCAL_RANK: 0 - CUDA_VISIBLE_DEVICES: [0]
[I 2023-11-30 05:46:14,642] Trial 96 finished with value: 40.7393798828125 and parameters: {'gradient_clip_val': 0.2866140470265586, 'hidden_size': 115, 'dropout': 0.36289819149059244, 'hidden_continuous_size': 44, 'attention_head_size': 4, 'learning_rate': 0.006421628313970299}. Best is trial 70 with value: 33.25297927856445.
LOCAL_RANK: 0 - CUDA_VISIBLE_DEVICES: [0]
[I 2023-11-30 05:46:28,304] Trial 97 finished with value: 37.13984298706055 and parameters: {'gradient_clip_val': 0.2990053909482227, 'hidden_size': 90, 'dropout': 0.37483602773893065, 'hidden_continuous_size': 40, 'attention_head_size': 4, 'learning_rate': 0.0037357386360251546}. Best is trial 70 with value: 33.25297927856445.
LOCAL_RANK: 0 - CUDA_VISIBLE_DEVICES: [0]
[I 2023-11-30 05:46:41,730] Trial 98 finished with value: 44.80318832397461 and parameters: {'gradient_clip_val': 0.23364912720120257, 'hidden_size': 76, 'dropout': 0.342601306447825, 'hidden_continuous_size': 41, 'attention_head_size': 4, 'learning_rate': 0.005031516767306379}. Best is trial 70 with value: 33.25297927856445.
LOCAL_RANK: 0 - CUDA_VISIBLE_DEVICES: [0]
[I 2023-11-30 05:46:55,411] Trial 99 finished with value: 40.42555618286133 and parameters: {'gradient_clip_val': 0.22519417125561408, 'hidden_size': 83, 'dropout': 0.3515212578007011, 'hidden_continuous_size': 46, 'attention_head_size': 4, 'learning_rate': 0.008332221949307404}. Best is trial 70 with value: 33.25297927856445.
LOCAL_RANK: 0 - CUDA_VISIBLE_DEVICES: [0]
[I 2023-11-30 05:47:09,337] Trial 100 finished with value: 35.30595779418945 and parameters: {'gradient_clip_val': 0.26452404452534095, 'hidden_size': 105, 'dropout': 0.37021615605644737, 'hidden_continuous_size': 52, 'attention_head_size': 4, 'learning_rate': 0.005612540325676631}. Best is trial 70 with value: 33.25297927856445.
LOCAL_RANK: 0 - CUDA_VISIBLE_DEVICES: [0]
[I 2023-11-30 05:47:23,146] Trial 101 finished with value: 47.92081832885742 and parameters: {'gradient_clip_val': 0.26897619322349914, 'hidden_size': 105, 'dropout': 0.36962442256086275, 'hidden_continuous_size': 55, 'attention_head_size': 4, 'learning_rate': 0.0056869009376925485}. Best is trial 70 with value: 33.25297927856445.
LOCAL_RANK: 0 - CUDA_VISIBLE_DEVICES: [0]
[I 2023-11-30 05:47:37,085] Trial 102 finished with value: 53.76338577270508 and parameters: {'gradient_clip_val': 0.2546245076930332, 'hidden_size': 126, 'dropout': 0.3768468534958391, 'hidden_continuous_size': 52, 'attention_head_size': 4, 'learning_rate': 0.00429787888035519}. Best is trial 70 with value: 33.25297927856445.
LOCAL_RANK: 0 - CUDA_VISIBLE_DEVICES: [0]
[I 2023-11-30 05:47:50,984] Trial 103 finished with value: 39.14126968383789 and parameters: {'gradient_clip_val': 0.3203098274634328, 'hidden_size': 110, 'dropout': 0.39109525435622017, 'hidden_continuous_size': 58, 'attention_head_size': 4, 'learning_rate': 0.006178805862588942}. Best is trial 70 with value: 33.25297927856445.
LOCAL_RANK: 0 - CUDA_VISIBLE_DEVICES: [0]
[I 2023-11-30 05:48:04,621] Trial 104 finished with value: 34.773216247558594 and parameters: {'gradient_clip_val': 0.24422526620733295, 'hidden_size': 97, 'dropout': 0.3570871021155192, 'hidden_continuous_size': 34, 'attention_head_size': 4, 'learning_rate': 0.007611556048960102}. Best is trial 70 with value: 33.25297927856445.
LOCAL_RANK: 0 - CUDA_VISIBLE_DEVICES: [0]
[I 2023-11-30 05:48:18,432] Trial 105 finished with value: 38.0839958190918 and parameters: {'gradient_clip_val': 0.21905498763710635, 'hidden_size': 98, 'dropout': 0.35694220140167715, 'hidden_continuous_size': 33, 'attention_head_size': 4, 'learning_rate': 0.009148179252134373}. Best is trial 70 with value: 33.25297927856445.
LOCAL_RANK: 0 - CUDA_VISIBLE_DEVICES: [0]
[I 2023-11-30 05:48:32,227] Trial 106 finished with value: 45.98508834838867 and parameters: {'gradient_clip_val': 0.2788291717039785, 'hidden_size': 102, 'dropout': 0.34842792669388256, 'hidden_continuous_size': 48, 'attention_head_size': 4, 'learning_rate': 0.007230124380527786}. Best is trial 70 with value: 33.25297927856445.
LOCAL_RANK: 0 - CUDA_VISIBLE_DEVICES: [0]
[I 2023-11-30 05:48:45,683] Trial 107 finished with value: 32.954715728759766 and parameters: {'gradient_clip_val': 0.26585748252589225, 'hidden_size': 94, 'dropout': 0.3629165441468849, 'hidden_continuous_size': 37, 'attention_head_size': 2, 'learning_rate': 0.0052905224011764096}. Best is trial 107 with value: 32.954715728759766.
LOCAL_RANK: 0 - CUDA_VISIBLE_DEVICES: [0]
[I 2023-11-30 05:48:59,216] Trial 108 finished with value: 39.14884567260742 and parameters: {'gradient_clip_val': 0.26218444922125805, 'hidden_size': 108, 'dropout': 0.3638075493702623, 'hidden_continuous_size': 34, 'attention_head_size': 2, 'learning_rate': 0.007336607284867178}. Best is trial 107 with value: 32.954715728759766.
LOCAL_RANK: 0 - CUDA_VISIBLE_DEVICES: [0]
[I 2023-11-30 05:49:12,904] Trial 109 finished with value: 40.12974548339844 and parameters: {'gradient_clip_val': 0.22994947122548678, 'hidden_size': 117, 'dropout': 0.33262029646188546, 'hidden_continuous_size': 36, 'attention_head_size': 2, 'learning_rate': 0.008340127726449863}. Best is trial 107 with value: 32.954715728759766.
LOCAL_RANK: 0 - CUDA_VISIBLE_DEVICES: [0]
[I 2023-11-30 05:49:26,340] Trial 110 finished with value: 42.116756439208984 and parameters: {'gradient_clip_val': 0.19989777109423024, 'hidden_size': 80, 'dropout': 0.3478605455769849, 'hidden_continuous_size': 43, 'attention_head_size': 2, 'learning_rate': 0.005246857357711008}. Best is trial 107 with value: 32.954715728759766.
LOCAL_RANK: 0 - CUDA_VISIBLE_DEVICES: [0]
[I 2023-11-30 05:49:39,867] Trial 111 finished with value: 36.1976203918457 and parameters: {'gradient_clip_val': 0.24195219596008555, 'hidden_size': 90, 'dropout': 0.3820679230045195, 'hidden_continuous_size': 37, 'attention_head_size': 2, 'learning_rate': 0.004562728758110888}. Best is trial 107 with value: 32.954715728759766.
LOCAL_RANK: 0 - CUDA_VISIBLE_DEVICES: [0]
[I 2023-11-30 05:49:53,221] Trial 112 finished with value: 43.90488815307617 and parameters: {'gradient_clip_val': 0.2959449996043264, 'hidden_size': 98, 'dropout': 0.3656140141354356, 'hidden_continuous_size': 52, 'attention_head_size': 1, 'learning_rate': 0.003271239133637154}. Best is trial 107 with value: 32.954715728759766.
LOCAL_RANK: 0 - CUDA_VISIBLE_DEVICES: [0]
[I 2023-11-30 05:50:06,822] Trial 113 finished with value: 35.550392150878906 and parameters: {'gradient_clip_val': 0.3110186774675673, 'hidden_size': 94, 'dropout': 0.35458130258681375, 'hidden_continuous_size': 45, 'attention_head_size': 3, 'learning_rate': 0.0038530433585171973}. Best is trial 107 with value: 32.954715728759766.
LOCAL_RANK: 0 - CUDA_VISIBLE_DEVICES: [0]
[I 2023-11-30 05:50:20,678] Trial 114 finished with value: 46.0030403137207 and parameters: {'gradient_clip_val': 0.27737066643419583, 'hidden_size': 118, 'dropout': 0.3557127717784258, 'hidden_continuous_size': 45, 'attention_head_size': 3, 'learning_rate': 0.005881651541908023}. Best is trial 107 with value: 32.954715728759766.
LOCAL_RANK: 0 - CUDA_VISIBLE_DEVICES: [0]
[I 2023-11-30 05:50:34,155] Trial 115 finished with value: 42.16213607788086 and parameters: {'gradient_clip_val': 0.33936538530539206, 'hidden_size': 70, 'dropout': 0.3388702638605247, 'hidden_continuous_size': 34, 'attention_head_size': 3, 'learning_rate': 0.003753706286537593}. Best is trial 107 with value: 32.954715728759766.
LOCAL_RANK: 0 - CUDA_VISIBLE_DEVICES: [0]
[I 2023-11-30 05:50:47,660] Trial 116 finished with value: 38.65550231933594 and parameters: {'gradient_clip_val': 0.3117826943635027, 'hidden_size': 75, 'dropout': 0.3565272660247583, 'hidden_continuous_size': 49, 'attention_head_size': 3, 'learning_rate': 0.007671371451023878}. Best is trial 107 with value: 32.954715728759766.
LOCAL_RANK: 0 - CUDA_VISIBLE_DEVICES: [0]
[I 2023-11-30 05:51:01,719] Trial 117 finished with value: 35.34524154663086 and parameters: {'gradient_clip_val': 0.2634249353408008, 'hidden_size': 127, 'dropout': 0.36161134404513723, 'hidden_continuous_size': 62, 'attention_head_size': 3, 'learning_rate': 0.004784651882542094}. Best is trial 107 with value: 32.954715728759766.
LOCAL_RANK: 0 - CUDA_VISIBLE_DEVICES: [0]
[I 2023-11-30 05:51:15,527] Trial 118 finished with value: 40.02092361450195 and parameters: {'gradient_clip_val': 0.2583992154779207, 'hidden_size': 124, 'dropout': 0.3684285262729794, 'hidden_continuous_size': 60, 'attention_head_size': 3, 'learning_rate': 0.005492142372682564}. Best is trial 107 with value: 32.954715728759766.
LOCAL_RANK: 0 - CUDA_VISIBLE_DEVICES: [0]
[I 2023-11-30 05:51:29,793] Trial 119 finished with value: 42.02288818359375 and parameters: {'gradient_clip_val': 0.28591740114921904, 'hidden_size': 138, 'dropout': 0.34606767016115386, 'hidden_continuous_size': 72, 'attention_head_size': 3, 'learning_rate': 0.0046861885442947325}. Best is trial 107 with value: 32.954715728759766.
LOCAL_RANK: 0 - CUDA_VISIBLE_DEVICES: [0]
[I 2023-11-30 05:51:44,211] Trial 120 finished with value: 44.0179443359375 and parameters: {'gradient_clip_val': 0.21518404747464004, 'hidden_size': 150, 'dropout': 0.32804955916830714, 'hidden_continuous_size': 64, 'attention_head_size': 3, 'learning_rate': 0.006802671095706812}. Best is trial 107 with value: 32.954715728759766.
LOCAL_RANK: 0 - CUDA_VISIBLE_DEVICES: [0]
[I 2023-11-30 05:51:57,777] Trial 121 finished with value: 35.610389709472656 and parameters: {'gradient_clip_val': 0.27075897435500107, 'hidden_size': 104, 'dropout': 0.36156249253761613, 'hidden_continuous_size': 56, 'attention_head_size': 3, 'learning_rate': 0.004875748191681987}. Best is trial 107 with value: 32.954715728759766.
LOCAL_RANK: 0 - CUDA_VISIBLE_DEVICES: [0]
[I 2023-11-30 05:52:11,546] Trial 122 finished with value: 40.356510162353516 and parameters: {'gradient_clip_val': 0.3044219843560539, 'hidden_size': 111, 'dropout': 0.35100258569228704, 'hidden_continuous_size': 52, 'attention_head_size': 3, 'learning_rate': 0.004095665817069636}. Best is trial 107 with value: 32.954715728759766.
LOCAL_RANK: 0 - CUDA_VISIBLE_DEVICES: [0]
[I 2023-11-30 05:52:25,397] Trial 123 finished with value: 38.409908294677734 and parameters: {'gradient_clip_val': 0.29140404511926443, 'hidden_size': 95, 'dropout': 0.37305303778823157, 'hidden_continuous_size': 54, 'attention_head_size': 3, 'learning_rate': 0.002842868957644918}. Best is trial 107 with value: 32.954715728759766.
LOCAL_RANK: 0 - CUDA_VISIBLE_DEVICES: [0]
[I 2023-11-30 05:52:39,027] Trial 124 finished with value: 50.3612060546875 and parameters: {'gradient_clip_val': 0.3275470849278869, 'hidden_size': 86, 'dropout': 0.3394094341877229, 'hidden_continuous_size': 47, 'attention_head_size': 3, 'learning_rate': 0.003264722027787708}. Best is trial 107 with value: 32.954715728759766.
LOCAL_RANK: 0 - CUDA_VISIBLE_DEVICES: [0]
[I 2023-11-30 05:52:52,836] Trial 125 finished with value: 36.326229095458984 and parameters: {'gradient_clip_val': 0.2293273397058326, 'hidden_size': 81, 'dropout': 0.38565918712798347, 'hidden_continuous_size': 59, 'attention_head_size': 3, 'learning_rate': 0.005646612926687301}. Best is trial 107 with value: 32.954715728759766.
LOCAL_RANK: 0 - CUDA_VISIBLE_DEVICES: [0]
[I 2023-11-30 05:53:06,592] Trial 126 finished with value: 37.77687072753906 and parameters: {'gradient_clip_val': 0.19223364713363997, 'hidden_size': 126, 'dropout': 0.3597153069209406, 'hidden_continuous_size': 31, 'attention_head_size': 3, 'learning_rate': 0.0036778393427435566}. Best is trial 107 with value: 32.954715728759766.
LOCAL_RANK: 0 - CUDA_VISIBLE_DEVICES: [0]
[I 2023-11-30 05:53:20,603] Trial 127 finished with value: 41.370819091796875 and parameters: {'gradient_clip_val': 0.26087698223334516, 'hidden_size': 131, 'dropout': 0.3931865716428549, 'hidden_continuous_size': 42, 'attention_head_size': 4, 'learning_rate': 0.009782345051675818}. Best is trial 107 with value: 32.954715728759766.
LOCAL_RANK: 0 - CUDA_VISIBLE_DEVICES: [0]
[I 2023-11-30 05:53:33,588] Trial 128 finished with value: 48.67367172241211 and parameters: {'gradient_clip_val': 0.27702415780724066, 'hidden_size': 64, 'dropout': 0.365575701232236, 'hidden_continuous_size': 35, 'attention_head_size': 2, 'learning_rate': 0.0034935582381657323}. Best is trial 107 with value: 32.954715728759766.
LOCAL_RANK: 0 - CUDA_VISIBLE_DEVICES: [0]
[I 2023-11-30 05:53:47,265] Trial 129 finished with value: 34.26231384277344 and parameters: {'gradient_clip_val': 0.3582205369735252, 'hidden_size': 99, 'dropout': 0.3442669276215958, 'hidden_continuous_size': 28, 'attention_head_size': 4, 'learning_rate': 0.006320542467031496}. Best is trial 107 with value: 32.954715728759766.
LOCAL_RANK: 0 - CUDA_VISIBLE_DEVICES: [0]
[I 2023-11-30 05:54:01,274] Trial 130 finished with value: 42.067508697509766 and parameters: {'gradient_clip_val': 0.3674964919698004, 'hidden_size': 118, 'dropout': 0.344627909638923, 'hidden_continuous_size': 28, 'attention_head_size': 4, 'learning_rate': 0.006447227143503569}. Best is trial 107 with value: 32.954715728759766.
LOCAL_RANK: 0 - CUDA_VISIBLE_DEVICES: [0]
[I 2023-11-30 05:54:14,829] Trial 131 finished with value: 44.20076370239258 and parameters: {'gradient_clip_val': 0.31267506127705574, 'hidden_size': 100, 'dropout': 0.35174874480625307, 'hidden_continuous_size': 26, 'attention_head_size': 4, 'learning_rate': 0.00731047100702162}. Best is trial 107 with value: 32.954715728759766.
LOCAL_RANK: 0 - CUDA_VISIBLE_DEVICES: [0]
