[I 2023-11-30 13:10:59,732] Trial 74 finished with value: 148.25852966308594 and parameters: {'gradient_clip_val': 0.15481521602964515, 'hidden_size': 28, 'dropout': 0.18054008367837077, 'hidden_continuous_size': 17, 'attention_head_size': 3, 'learning_rate': 0.02032076511494696}. Best is trial 52 with value: 138.7638397216797.
LOCAL_RANK: 0 - CUDA_VISIBLE_DEVICES: [0]
[I 2023-11-30 13:11:12,028] Trial 75 finished with value: 154.0880889892578 and parameters: {'gradient_clip_val': 0.12223426258768068, 'hidden_size': 37, 'dropout': 0.2717828001880478, 'hidden_continuous_size': 19, 'attention_head_size': 2, 'learning_rate': 0.04202319470387476}. Best is trial 52 with value: 138.7638397216797.
LOCAL_RANK: 0 - CUDA_VISIBLE_DEVICES: [0]
[I 2023-11-30 13:11:24,256] Trial 76 finished with value: 170.47996520996094 and parameters: {'gradient_clip_val': 0.1466409249526118, 'hidden_size': 33, 'dropout': 0.19992592709097978, 'hidden_continuous_size': 11, 'attention_head_size': 3, 'learning_rate': 0.05118431580300551}. Best is trial 52 with value: 138.7638397216797.
LOCAL_RANK: 0 - CUDA_VISIBLE_DEVICES: [0]
[I 2023-11-30 13:11:36,653] Trial 77 finished with value: 152.00022888183594 and parameters: {'gradient_clip_val': 0.13078427420434977, 'hidden_size': 44, 'dropout': 0.23261515030249041, 'hidden_continuous_size': 12, 'attention_head_size': 2, 'learning_rate': 0.03289164474555053}. Best is trial 52 with value: 138.7638397216797.
LOCAL_RANK: 0 - CUDA_VISIBLE_DEVICES: [0]
[I 2023-11-30 13:11:48,830] Trial 78 finished with value: 150.5310821533203 and parameters: {'gradient_clip_val': 0.11639665300211847, 'hidden_size': 29, 'dropout': 0.25585782429342696, 'hidden_continuous_size': 15, 'attention_head_size': 2, 'learning_rate': 0.040080918843652134}. Best is trial 52 with value: 138.7638397216797.
LOCAL_RANK: 0 - CUDA_VISIBLE_DEVICES: [0]
[I 2023-11-30 13:12:00,942] Trial 79 finished with value: 175.4470672607422 and parameters: {'gradient_clip_val': 0.10633937893322852, 'hidden_size': 36, 'dropout': 0.22356636721514078, 'hidden_continuous_size': 10, 'attention_head_size': 3, 'learning_rate': 0.02927252645159932}. Best is trial 52 with value: 138.7638397216797.
LOCAL_RANK: 0 - CUDA_VISIBLE_DEVICES: [0]
[I 2023-11-30 13:12:13,355] Trial 80 finished with value: 150.0417938232422 and parameters: {'gradient_clip_val': 0.14137102595064885, 'hidden_size': 39, 'dropout': 0.15973451166408661, 'hidden_continuous_size': 25, 'attention_head_size': 1, 'learning_rate': 0.02324015869670107}. Best is trial 52 with value: 138.7638397216797.
LOCAL_RANK: 0 - CUDA_VISIBLE_DEVICES: [0]
[I 2023-11-30 13:12:25,703] Trial 81 finished with value: 162.90341186523438 and parameters: {'gradient_clip_val': 0.1234057812367075, 'hidden_size': 39, 'dropout': 0.24735774759680865, 'hidden_continuous_size': 14, 'attention_head_size': 4, 'learning_rate': 0.035107802250616056}. Best is trial 52 with value: 138.7638397216797.
LOCAL_RANK: 0 - CUDA_VISIBLE_DEVICES: [0]
[I 2023-11-30 13:12:37,988] Trial 82 finished with value: 168.4462890625 and parameters: {'gradient_clip_val': 0.10562604613958938, 'hidden_size': 32, 'dropout': 0.2063693196373245, 'hidden_continuous_size': 15, 'attention_head_size': 4, 'learning_rate': 0.034022736765844754}. Best is trial 52 with value: 138.7638397216797.
LOCAL_RANK: 0 - CUDA_VISIBLE_DEVICES: [0]
[I 2023-11-30 13:12:50,732] Trial 83 finished with value: 161.06350708007812 and parameters: {'gradient_clip_val': 0.11878485431939778, 'hidden_size': 49, 'dropout': 0.2114684378364266, 'hidden_continuous_size': 12, 'attention_head_size': 4, 'learning_rate': 0.05409682420097578}. Best is trial 52 with value: 138.7638397216797.
LOCAL_RANK: 0 - CUDA_VISIBLE_DEVICES: [0]
[I 2023-11-30 13:13:03,255] Trial 84 finished with value: 144.5569610595703 and parameters: {'gradient_clip_val': 0.1266205670299901, 'hidden_size': 45, 'dropout': 0.23681787970401136, 'hidden_continuous_size': 13, 'attention_head_size': 4, 'learning_rate': 0.043619072409695835}. Best is trial 52 with value: 138.7638397216797.
LOCAL_RANK: 0 - CUDA_VISIBLE_DEVICES: [0]
[I 2023-11-30 13:13:15,824] Trial 85 finished with value: 140.8725128173828 and parameters: {'gradient_clip_val': 0.11245993942978616, 'hidden_size': 41, 'dropout': 0.16638869144415513, 'hidden_continuous_size': 17, 'attention_head_size': 4, 'learning_rate': 0.0379384870411435}. Best is trial 52 with value: 138.7638397216797.
LOCAL_RANK: 0 - CUDA_VISIBLE_DEVICES: [0]
[I 2023-11-30 13:13:28,260] Trial 86 finished with value: 177.9747314453125 and parameters: {'gradient_clip_val': 0.11242578612949138, 'hidden_size': 42, 'dropout': 0.17054545950289493, 'hidden_continuous_size': 17, 'attention_head_size': 2, 'learning_rate': 0.02690620679789874}. Best is trial 52 with value: 138.7638397216797.
LOCAL_RANK: 0 - CUDA_VISIBLE_DEVICES: [0]
[I 2023-11-30 13:13:40,854] Trial 87 finished with value: 151.9882354736328 and parameters: {'gradient_clip_val': 0.10444616168607075, 'hidden_size': 51, 'dropout': 0.16315336293492688, 'hidden_continuous_size': 18, 'attention_head_size': 2, 'learning_rate': 0.03819353742891412}. Best is trial 52 with value: 138.7638397216797.
LOCAL_RANK: 0 - CUDA_VISIBLE_DEVICES: [0]
[I 2023-11-30 13:13:53,392] Trial 88 finished with value: 150.45083618164062 and parameters: {'gradient_clip_val': 0.13580930079352627, 'hidden_size': 35, 'dropout': 0.18770276416266768, 'hidden_continuous_size': 11, 'attention_head_size': 3, 'learning_rate': 0.0299509726845582}. Best is trial 52 with value: 138.7638397216797.
LOCAL_RANK: 0 - CUDA_VISIBLE_DEVICES: [0]
[I 2023-11-30 13:14:05,675] Trial 89 finished with value: 174.49024963378906 and parameters: {'gradient_clip_val': 0.11474166207749097, 'hidden_size': 30, 'dropout': 0.14455372488650992, 'hidden_continuous_size': 16, 'attention_head_size': 3, 'learning_rate': 0.04657754075178676}. Best is trial 52 with value: 138.7638397216797.
LOCAL_RANK: 0 - CUDA_VISIBLE_DEVICES: [0]
[I 2023-11-30 13:14:17,994] Trial 90 finished with value: 152.992919921875 and parameters: {'gradient_clip_val': 0.1596640611438807, 'hidden_size': 44, 'dropout': 0.17769614837617798, 'hidden_continuous_size': 20, 'attention_head_size': 1, 'learning_rate': 0.06059682617169061}. Best is trial 52 with value: 138.7638397216797.
LOCAL_RANK: 0 - CUDA_VISIBLE_DEVICES: [0]
[I 2023-11-30 13:14:30,417] Trial 91 finished with value: 139.5968780517578 and parameters: {'gradient_clip_val': 0.12304806182801001, 'hidden_size': 39, 'dropout': 0.2041804610068181, 'hidden_continuous_size': 10, 'attention_head_size': 4, 'learning_rate': 0.024443844063397772}. Best is trial 52 with value: 138.7638397216797.
LOCAL_RANK: 0 - CUDA_VISIBLE_DEVICES: [0]
[I 2023-11-30 13:14:42,924] Trial 92 finished with value: 155.2593536376953 and parameters: {'gradient_clip_val': 0.11138594544383443, 'hidden_size': 41, 'dropout': 0.21676197332646904, 'hidden_continuous_size': 10, 'attention_head_size': 4, 'learning_rate': 0.024878438126612053}. Best is trial 52 with value: 138.7638397216797.
LOCAL_RANK: 0 - CUDA_VISIBLE_DEVICES: [0]
[I 2023-11-30 13:14:55,328] Trial 93 finished with value: 159.22264099121094 and parameters: {'gradient_clip_val': 0.10136332400272127, 'hidden_size': 33, 'dropout': 0.2273397651837128, 'hidden_continuous_size': 10, 'attention_head_size': 4, 'learning_rate': 0.018075824803357878}. Best is trial 52 with value: 138.7638397216797.
LOCAL_RANK: 0 - CUDA_VISIBLE_DEVICES: [0]
[I 2023-11-30 13:15:07,705] Trial 94 finished with value: 182.5325469970703 and parameters: {'gradient_clip_val': 0.1282149041520977, 'hidden_size': 35, 'dropout': 0.1969904923852092, 'hidden_continuous_size': 16, 'attention_head_size': 4, 'learning_rate': 0.023196421464660694}. Best is trial 52 with value: 138.7638397216797.
LOCAL_RANK: 0 - CUDA_VISIBLE_DEVICES: [0]
[I 2023-11-30 13:15:20,336] Trial 95 finished with value: 138.594970703125 and parameters: {'gradient_clip_val': 0.14450313083203914, 'hidden_size': 48, 'dropout': 0.189056478059404, 'hidden_continuous_size': 14, 'attention_head_size': 4, 'learning_rate': 0.020471643471470374}. Best is trial 95 with value: 138.594970703125.
LOCAL_RANK: 0 - CUDA_VISIBLE_DEVICES: [0]
[I 2023-11-30 13:15:32,696] Trial 96 finished with value: 146.00657653808594 and parameters: {'gradient_clip_val': 0.14346971086193175, 'hidden_size': 48, 'dropout': 0.18984776842719836, 'hidden_continuous_size': 14, 'attention_head_size': 4, 'learning_rate': 0.019433227187512222}. Best is trial 95 with value: 138.594970703125.
LOCAL_RANK: 0 - CUDA_VISIBLE_DEVICES: [0]
[I 2023-11-30 13:15:45,723] Trial 97 finished with value: 150.92942810058594 and parameters: {'gradient_clip_val': 0.12027749246904323, 'hidden_size': 54, 'dropout': 0.20190008216295427, 'hidden_continuous_size': 13, 'attention_head_size': 4, 'learning_rate': 0.02164259721826981}. Best is trial 95 with value: 138.594970703125.
LOCAL_RANK: 0 - CUDA_VISIBLE_DEVICES: [0]
[I 2023-11-30 13:15:58,150] Trial 98 finished with value: 151.2330780029297 and parameters: {'gradient_clip_val': 0.11079528070580846, 'hidden_size': 39, 'dropout': 0.2219425205629194, 'hidden_continuous_size': 17, 'attention_head_size': 4, 'learning_rate': 0.026749861875643717}. Best is trial 95 with value: 138.594970703125.
LOCAL_RANK: 0 - CUDA_VISIBLE_DEVICES: [0]
[I 2023-11-30 13:16:10,715] Trial 99 finished with value: 142.66273498535156 and parameters: {'gradient_clip_val': 0.10415328228313268, 'hidden_size': 42, 'dropout': 0.21691865408709382, 'hidden_continuous_size': 15, 'attention_head_size': 4, 'learning_rate': 0.01725426627716145}. Best is trial 95 with value: 138.594970703125.
LOCAL_RANK: 0 - CUDA_VISIBLE_DEVICES: [0]
[I 2023-11-30 13:16:23,366] Trial 100 finished with value: 146.38677978515625 and parameters: {'gradient_clip_val': 0.10031671874431276, 'hidden_size': 46, 'dropout': 0.1843903432218686, 'hidden_continuous_size': 14, 'attention_head_size': 4, 'learning_rate': 0.015688494579466163}. Best is trial 95 with value: 138.594970703125.
LOCAL_RANK: 0 - CUDA_VISIBLE_DEVICES: [0]
[I 2023-11-30 13:16:35,876] Trial 101 finished with value: 147.40805053710938 and parameters: {'gradient_clip_val': 0.10560700091007315, 'hidden_size': 42, 'dropout': 0.21265262807895802, 'hidden_continuous_size': 15, 'attention_head_size': 4, 'learning_rate': 0.01426933820609663}. Best is trial 95 with value: 138.594970703125.
LOCAL_RANK: 0 - CUDA_VISIBLE_DEVICES: [0]
[I 2023-11-30 13:16:48,456] Trial 102 finished with value: 138.9778289794922 and parameters: {'gradient_clip_val': 0.11662492312818566, 'hidden_size': 38, 'dropout': 0.23344594370468968, 'hidden_continuous_size': 16, 'attention_head_size': 4, 'learning_rate': 0.018127125010222678}. Best is trial 95 with value: 138.594970703125.
LOCAL_RANK: 0 - CUDA_VISIBLE_DEVICES: [0]
[I 2023-11-30 13:17:01,185] Trial 103 finished with value: 161.76307678222656 and parameters: {'gradient_clip_val': 0.132350112096456, 'hidden_size': 49, 'dropout': 0.2341072155962403, 'hidden_continuous_size': 18, 'attention_head_size': 4, 'learning_rate': 0.017744148568439658}. Best is trial 95 with value: 138.594970703125.
LOCAL_RANK: 0 - CUDA_VISIBLE_DEVICES: [0]
[I 2023-11-30 13:17:13,912] Trial 104 finished with value: 151.0738067626953 and parameters: {'gradient_clip_val': 0.12448162556966574, 'hidden_size': 45, 'dropout': 0.2492070907296571, 'hidden_continuous_size': 17, 'attention_head_size': 4, 'learning_rate': 0.020454961833490697}. Best is trial 95 with value: 138.594970703125.
LOCAL_RANK: 0 - CUDA_VISIBLE_DEVICES: [0]
[I 2023-11-30 13:17:26,419] Trial 105 finished with value: 140.57858276367188 and parameters: {'gradient_clip_val': 0.11694608799237764, 'hidden_size': 37, 'dropout': 0.2283534490520828, 'hidden_continuous_size': 15, 'attention_head_size': 4, 'learning_rate': 0.014191485022346883}. Best is trial 95 with value: 138.594970703125.
LOCAL_RANK: 0 - CUDA_VISIBLE_DEVICES: [0]
[I 2023-11-30 13:17:38,542] Trial 106 finished with value: 150.26077270507812 and parameters: {'gradient_clip_val': 0.1190039576750926, 'hidden_size': 32, 'dropout': 0.23849619590681514, 'hidden_continuous_size': 16, 'attention_head_size': 4, 'learning_rate': 0.016819963268011735}. Best is trial 95 with value: 138.594970703125.
LOCAL_RANK: 0 - CUDA_VISIBLE_DEVICES: [0]
[I 2023-11-30 13:17:51,204] Trial 107 finished with value: 197.8851776123047 and parameters: {'gradient_clip_val': 0.1497741366086643, 'hidden_size': 43, 'dropout': 0.20468580321532223, 'hidden_continuous_size': 14, 'attention_head_size': 4, 'learning_rate': 0.01320746347754007}. Best is trial 95 with value: 138.594970703125.
LOCAL_RANK: 0 - CUDA_VISIBLE_DEVICES: [0]
[I 2023-11-30 13:18:03,569] Trial 108 finished with value: 189.853515625 and parameters: {'gradient_clip_val': 0.13323666555587788, 'hidden_size': 37, 'dropout': 0.22844271587346965, 'hidden_continuous_size': 15, 'attention_head_size': 4, 'learning_rate': 0.010253878353419836}. Best is trial 95 with value: 138.594970703125.
LOCAL_RANK: 0 - CUDA_VISIBLE_DEVICES: [0]
[I 2023-11-30 13:18:16,005] Trial 109 finished with value: 183.2521514892578 and parameters: {'gradient_clip_val': 0.1136854985478341, 'hidden_size': 34, 'dropout': 0.24376788452320544, 'hidden_continuous_size': 13, 'attention_head_size': 4, 'learning_rate': 0.014606986560191697}. Best is trial 95 with value: 138.594970703125.
LOCAL_RANK: 0 - CUDA_VISIBLE_DEVICES: [0]
[I 2023-11-30 13:18:28,263] Trial 110 finished with value: 146.65383911132812 and parameters: {'gradient_clip_val': 0.12688324470412796, 'hidden_size': 27, 'dropout': 0.2587785948523448, 'hidden_continuous_size': 11, 'attention_head_size': 4, 'learning_rate': 0.016966360431665297}. Best is trial 95 with value: 138.594970703125.
LOCAL_RANK: 0 - CUDA_VISIBLE_DEVICES: [0]
[I 2023-11-30 13:18:40,603] Trial 111 finished with value: 148.5530242919922 and parameters: {'gradient_clip_val': 0.10735537791696437, 'hidden_size': 37, 'dropout': 0.21946320335132563, 'hidden_continuous_size': 15, 'attention_head_size': 4, 'learning_rate': 0.02220720666595154}. Best is trial 95 with value: 138.594970703125.
LOCAL_RANK: 0 - CUDA_VISIBLE_DEVICES: [0]
[I 2023-11-30 13:18:53,230] Trial 112 finished with value: 164.6284942626953 and parameters: {'gradient_clip_val': 0.1162756514065872, 'hidden_size': 40, 'dropout': 0.1939039231132199, 'hidden_continuous_size': 16, 'attention_head_size': 4, 'learning_rate': 0.013687882454678564}. Best is trial 95 with value: 138.594970703125.
LOCAL_RANK: 0 - CUDA_VISIBLE_DEVICES: [0]
[I 2023-11-30 13:19:05,814] Trial 113 finished with value: 149.0054473876953 and parameters: {'gradient_clip_val': 0.11003525224883613, 'hidden_size': 38, 'dropout': 0.2161082195907736, 'hidden_continuous_size': 17, 'attention_head_size': 4, 'learning_rate': 0.020084114492789094}. Best is trial 95 with value: 138.594970703125.
LOCAL_RANK: 0 - CUDA_VISIBLE_DEVICES: [0]
[I 2023-11-30 13:19:18,324] Trial 114 finished with value: 147.86973571777344 and parameters: {'gradient_clip_val': 0.12137298577457889, 'hidden_size': 41, 'dropout': 0.22854957781671723, 'hidden_continuous_size': 15, 'attention_head_size': 4, 'learning_rate': 0.018872132512280638}. Best is trial 95 with value: 138.594970703125.
LOCAL_RANK: 0 - CUDA_VISIBLE_DEVICES: [0]
[I 2023-11-30 13:19:30,813] Trial 115 finished with value: 150.46803283691406 and parameters: {'gradient_clip_val': 0.10383276010788732, 'hidden_size': 44, 'dropout': 0.2095213957592213, 'hidden_continuous_size': 16, 'attention_head_size': 4, 'learning_rate': 0.01575151942274626}. Best is trial 95 with value: 138.594970703125.
LOCAL_RANK: 0 - CUDA_VISIBLE_DEVICES: [0]
[I 2023-11-30 13:19:43,304] Trial 116 finished with value: 142.54371643066406 and parameters: {'gradient_clip_val': 0.14079347536315176, 'hidden_size': 35, 'dropout': 0.23910626032783175, 'hidden_continuous_size': 12, 'attention_head_size': 4, 'learning_rate': 0.02448968405595582}. Best is trial 95 with value: 138.594970703125.
LOCAL_RANK: 0 - CUDA_VISIBLE_DEVICES: [0]
[I 2023-11-30 13:19:55,715] Trial 117 finished with value: 144.8263702392578 and parameters: {'gradient_clip_val': 0.14420736262544254, 'hidden_size': 35, 'dropout': 0.24802249010723887, 'hidden_continuous_size': 12, 'attention_head_size': 4, 'learning_rate': 0.024661832848515478}. Best is trial 95 with value: 138.594970703125.
LOCAL_RANK: 0 - CUDA_VISIBLE_DEVICES: [0]
[I 2023-11-30 13:20:07,897] Trial 118 finished with value: 177.5975341796875 and parameters: {'gradient_clip_val': 0.14065922518782992, 'hidden_size': 30, 'dropout': 0.23875793115644353, 'hidden_continuous_size': 12, 'attention_head_size': 4, 'learning_rate': 0.012036036183277619}. Best is trial 95 with value: 138.594970703125.
LOCAL_RANK: 0 - CUDA_VISIBLE_DEVICES: [0]
[I 2023-11-30 13:20:19,958] Trial 119 finished with value: 157.4258575439453 and parameters: {'gradient_clip_val': 0.13176354596662532, 'hidden_size': 32, 'dropout': 0.25315895201743166, 'hidden_continuous_size': 14, 'attention_head_size': 4, 'learning_rate': 0.017715832252877806}. Best is trial 95 with value: 138.594970703125.
LOCAL_RANK: 0 - CUDA_VISIBLE_DEVICES: [0]
[I 2023-11-30 13:20:32,110] Trial 120 finished with value: 140.60226440429688 and parameters: {'gradient_clip_val': 0.1661319986647176, 'hidden_size': 26, 'dropout': 0.23478957643159312, 'hidden_continuous_size': 15, 'attention_head_size': 4, 'learning_rate': 0.02313359564259919}. Best is trial 95 with value: 138.594970703125.
LOCAL_RANK: 0 - CUDA_VISIBLE_DEVICES: [0]
[I 2023-11-30 13:20:44,053] Trial 121 finished with value: 152.39915466308594 and parameters: {'gradient_clip_val': 0.1662188174165182, 'hidden_size': 24, 'dropout': 0.23398151919295504, 'hidden_continuous_size': 15, 'attention_head_size': 4, 'learning_rate': 0.026319267755272262}. Best is trial 95 with value: 138.594970703125.
LOCAL_RANK: 0 - CUDA_VISIBLE_DEVICES: [0]
[I 2023-11-30 13:20:56,551] Trial 122 finished with value: 150.28651428222656 and parameters: {'gradient_clip_val': 0.15465885257792458, 'hidden_size': 34, 'dropout': 0.2255514724073254, 'hidden_continuous_size': 11, 'attention_head_size': 4, 'learning_rate': 0.02378534900113589}. Best is trial 95 with value: 138.594970703125.
LOCAL_RANK: 0 - CUDA_VISIBLE_DEVICES: [0]
[I 2023-11-30 13:21:08,722] Trial 123 finished with value: 150.22021484375 and parameters: {'gradient_clip_val': 0.180035064089011, 'hidden_size': 26, 'dropout': 0.23379836472842216, 'hidden_continuous_size': 16, 'attention_head_size': 4, 'learning_rate': 0.020713854765372224}. Best is trial 95 with value: 138.594970703125.
LOCAL_RANK: 0 - CUDA_VISIBLE_DEVICES: [0]
[I 2023-11-30 13:21:20,936] Trial 124 finished with value: 160.87937927246094 and parameters: {'gradient_clip_val': 0.16181334705685926, 'hidden_size': 29, 'dropout': 0.24590125850273012, 'hidden_continuous_size': 15, 'attention_head_size': 4, 'learning_rate': 0.028150510514032657}. Best is trial 95 with value: 138.594970703125.
LOCAL_RANK: 0 - CUDA_VISIBLE_DEVICES: [0]
[I 2023-11-30 13:21:33,650] Trial 125 finished with value: 142.6817626953125 and parameters: {'gradient_clip_val': 0.13798064394120627, 'hidden_size': 47, 'dropout': 0.2646152900845798, 'hidden_continuous_size': 14, 'attention_head_size': 4, 'learning_rate': 0.022062809949159552}. Best is trial 95 with value: 138.594970703125.
LOCAL_RANK: 0 - CUDA_VISIBLE_DEVICES: [0]
[I 2023-11-30 13:21:46,103] Trial 126 finished with value: 144.99835205078125 and parameters: {'gradient_clip_val': 0.13806219598245253, 'hidden_size': 47, 'dropout': 0.2709143751024244, 'hidden_continuous_size': 14, 'attention_head_size': 4, 'learning_rate': 0.019121177239528466}. Best is trial 95 with value: 138.594970703125.
LOCAL_RANK: 0 - CUDA_VISIBLE_DEVICES: [0]
[I 2023-11-30 13:21:58,831] Trial 127 finished with value: 147.59559631347656 and parameters: {'gradient_clip_val': 0.14728338024816384, 'hidden_size': 42, 'dropout': 0.2601098409307851, 'hidden_continuous_size': 13, 'attention_head_size': 4, 'learning_rate': 0.016225096676667976}. Best is trial 95 with value: 138.594970703125.
LOCAL_RANK: 0 - CUDA_VISIBLE_DEVICES: [0]
[I 2023-11-30 13:22:11,612] Trial 128 finished with value: 137.99168395996094 and parameters: {'gradient_clip_val': 0.15515308764981328, 'hidden_size': 51, 'dropout': 0.25500194281200106, 'hidden_continuous_size': 17, 'attention_head_size': 4, 'learning_rate': 0.022553739611526277}. Best is trial 128 with value: 137.99168395996094.
LOCAL_RANK: 0 - CUDA_VISIBLE_DEVICES: [0]
[I 2023-11-30 13:22:24,272] Trial 129 finished with value: 145.41555786132812 and parameters: {'gradient_clip_val': 0.16682797915248662, 'hidden_size': 51, 'dropout': 0.22337251754384474, 'hidden_continuous_size': 17, 'attention_head_size': 4, 'learning_rate': 0.014779008770813878}. Best is trial 128 with value: 137.99168395996094.
LOCAL_RANK: 0 - CUDA_VISIBLE_DEVICES: [0]
[I 2023-11-30 13:22:36,843] Trial 130 finished with value: 141.73675537109375 and parameters: {'gradient_clip_val': 0.1577919489953532, 'hidden_size': 38, 'dropout': 0.24127326552066522, 'hidden_continuous_size': 18, 'attention_head_size': 4, 'learning_rate': 0.025251244319057425}. Best is trial 128 with value: 137.99168395996094.
LOCAL_RANK: 0 - CUDA_VISIBLE_DEVICES: [0]
[I 2023-11-30 13:22:49,371] Trial 131 finished with value: 159.6425018310547 and parameters: {'gradient_clip_val': 0.158067507096303, 'hidden_size': 37, 'dropout': 0.2412465638507517, 'hidden_continuous_size': 18, 'attention_head_size': 4, 'learning_rate': 0.02357098434277105}. Best is trial 128 with value: 137.99168395996094.
LOCAL_RANK: 0 - CUDA_VISIBLE_DEVICES: [0]
[I 2023-11-30 13:23:02,232] Trial 132 finished with value: 143.2082977294922 and parameters: {'gradient_clip_val': 0.17415308592674208, 'hidden_size': 39, 'dropout': 0.2552645254445129, 'hidden_continuous_size': 19, 'attention_head_size': 4, 'learning_rate': 0.025346545960108647}. Best is trial 128 with value: 137.99168395996094.
LOCAL_RANK: 0 - CUDA_VISIBLE_DEVICES: [0]
