[I 2023-11-30 10:12:15,527] Trial 9 finished with value: 928.4561157226562 and parameters: {'gradient_clip_val': 0.11254459513376432, 'hidden_size': 13, 'dropout': 0.14223442166107586, 'hidden_continuous_size': 11, 'attention_head_size': 3, 'learning_rate': 0.016772157706176922}. Best is trial 2 with value: 704.8899536132812.
LOCAL_RANK: 0 - CUDA_VISIBLE_DEVICES: [0]
[I 2023-11-30 10:12:27,914] Trial 10 finished with value: 1832.1285400390625 and parameters: {'gradient_clip_val': 0.2005500256195359, 'hidden_size': 29, 'dropout': 0.10826264719493495, 'hidden_continuous_size': 20, 'attention_head_size': 4, 'learning_rate': 0.001306899357145301}. Best is trial 2 with value: 704.8899536132812.
LOCAL_RANK: 0 - CUDA_VISIBLE_DEVICES: [0]
[I 2023-11-30 10:12:40,100] Trial 11 finished with value: 737.3816528320312 and parameters: {'gradient_clip_val': 0.39683052003367375, 'hidden_size': 30, 'dropout': 0.39870965558166294, 'hidden_continuous_size': 14, 'attention_head_size': 4, 'learning_rate': 0.04055381027448635}. Best is trial 2 with value: 704.8899536132812.
LOCAL_RANK: 0 - CUDA_VISIBLE_DEVICES: [0]
[I 2023-11-30 10:12:52,421] Trial 12 finished with value: 715.835693359375 and parameters: {'gradient_clip_val': 0.17414995228481225, 'hidden_size': 31, 'dropout': 0.3956505332977386, 'hidden_continuous_size': 15, 'attention_head_size': 4, 'learning_rate': 0.024065875357749438}. Best is trial 2 with value: 704.8899536132812.
LOCAL_RANK: 0 - CUDA_VISIBLE_DEVICES: [0]
[I 2023-11-30 10:13:04,986] Trial 13 finished with value: 792.380126953125 and parameters: {'gradient_clip_val': 0.15826500860692091, 'hidden_size': 41, 'dropout': 0.22483720001578575, 'hidden_continuous_size': 19, 'attention_head_size': 4, 'learning_rate': 0.009222712046780398}. Best is trial 2 with value: 704.8899536132812.
LOCAL_RANK: 0 - CUDA_VISIBLE_DEVICES: [0]
[I 2023-11-30 10:13:18,243] Trial 14 finished with value: 980.5009765625 and parameters: {'gradient_clip_val': 0.15432240807430353, 'hidden_size': 69, 'dropout': 0.1929944064617408, 'hidden_continuous_size': 32, 'attention_head_size': 1, 'learning_rate': 0.028303335622913584}. Best is trial 2 with value: 704.8899536132812.
LOCAL_RANK: 0 - CUDA_VISIBLE_DEVICES: [0]
[I 2023-11-30 10:13:30,184] Trial 15 finished with value: 895.0115356445312 and parameters: {'gradient_clip_val': 0.1055660840130122, 'hidden_size': 24, 'dropout': 0.22005219387339928, 'hidden_continuous_size': 15, 'attention_head_size': 4, 'learning_rate': 0.008694150623315487}. Best is trial 2 with value: 704.8899536132812.
LOCAL_RANK: 0 - CUDA_VISIBLE_DEVICES: [0]
[I 2023-11-30 10:13:42,869] Trial 16 finished with value: 1067.76123046875 and parameters: {'gradient_clip_val': 0.2439318238242779, 'hidden_size': 50, 'dropout': 0.3496925347293231, 'hidden_continuous_size': 25, 'attention_head_size': 2, 'learning_rate': 0.020239494785761633}. Best is trial 2 with value: 704.8899536132812.
LOCAL_RANK: 0 - CUDA_VISIBLE_DEVICES: [0]
[I 2023-11-30 10:13:54,954] Trial 17 finished with value: 1068.3231201171875 and parameters: {'gradient_clip_val': 0.16482389459816715, 'hidden_size': 32, 'dropout': 0.26642647279401355, 'hidden_continuous_size': 16, 'attention_head_size': 3, 'learning_rate': 0.03734737535040394}. Best is trial 2 with value: 704.8899536132812.
LOCAL_RANK: 0 - CUDA_VISIBLE_DEVICES: [0]
[I 2023-11-30 10:14:06,991] Trial 18 finished with value: 868.1712036132812 and parameters: {'gradient_clip_val': 0.12725869017626598, 'hidden_size': 20, 'dropout': 0.2302825890748258, 'hidden_continuous_size': 13, 'attention_head_size': 4, 'learning_rate': 0.012269239512513106}. Best is trial 2 with value: 704.8899536132812.
LOCAL_RANK: 0 - CUDA_VISIBLE_DEVICES: [0]
[I 2023-11-30 10:14:19,379] Trial 19 finished with value: 747.7745971679688 and parameters: {'gradient_clip_val': 0.20104934493863905, 'hidden_size': 38, 'dropout': 0.11992176772955201, 'hidden_continuous_size': 15, 'attention_head_size': 3, 'learning_rate': 0.007295282526382475}. Best is trial 2 with value: 704.8899536132812.
LOCAL_RANK: 0 - CUDA_VISIBLE_DEVICES: [0]
[I 2023-11-30 10:14:32,532] Trial 20 finished with value: 1006.7726440429688 and parameters: {'gradient_clip_val': 0.13265741615439988, 'hidden_size': 63, 'dropout': 0.15101299137847674, 'hidden_continuous_size': 25, 'attention_head_size': 4, 'learning_rate': 0.002119918780888171}. Best is trial 2 with value: 704.8899536132812.
LOCAL_RANK: 0 - CUDA_VISIBLE_DEVICES: [0]
[I 2023-11-30 10:14:44,460] Trial 21 finished with value: 962.2168579101562 and parameters: {'gradient_clip_val': 0.33124046550442665, 'hidden_size': 32, 'dropout': 0.3997011214536233, 'hidden_continuous_size': 13, 'attention_head_size': 4, 'learning_rate': 0.03598300031032465}. Best is trial 2 with value: 704.8899536132812.
LOCAL_RANK: 0 - CUDA_VISIBLE_DEVICES: [0]
[I 2023-11-30 10:14:56,384] Trial 22 finished with value: 764.12353515625 and parameters: {'gradient_clip_val': 0.972088128109086, 'hidden_size': 28, 'dropout': 0.3903315961699781, 'hidden_continuous_size': 14, 'attention_head_size': 4, 'learning_rate': 0.04163793479680304}. Best is trial 2 with value: 704.8899536132812.
LOCAL_RANK: 0 - CUDA_VISIBLE_DEVICES: [0]
[I 2023-11-30 10:15:08,085] Trial 23 finished with value: 844.110107421875 and parameters: {'gradient_clip_val': 0.2641054425126818, 'hidden_size': 24, 'dropout': 0.3536078698700822, 'hidden_continuous_size': 16, 'attention_head_size': 4, 'learning_rate': 0.022719403976355055}. Best is trial 2 with value: 704.8899536132812.
LOCAL_RANK: 0 - CUDA_VISIBLE_DEVICES: [0]
[I 2023-11-30 10:15:20,759] Trial 24 finished with value: 1026.9888916015625 and parameters: {'gradient_clip_val': 0.3787047836107139, 'hidden_size': 44, 'dropout': 0.36732637207885455, 'hidden_continuous_size': 17, 'attention_head_size': 3, 'learning_rate': 0.08933818444516071}. Best is trial 2 with value: 704.8899536132812.
LOCAL_RANK: 0 - CUDA_VISIBLE_DEVICES: [0]
[I 2023-11-30 10:15:33,210] Trial 25 finished with value: 739.6343383789062 and parameters: {'gradient_clip_val': 0.21035080184777827, 'hidden_size': 33, 'dropout': 0.3232377944362391, 'hidden_continuous_size': 14, 'attention_head_size': 4, 'learning_rate': 0.01313580377509965}. Best is trial 2 with value: 704.8899536132812.
LOCAL_RANK: 0 - CUDA_VISIBLE_DEVICES: [0]
[I 2023-11-30 10:15:46,051] Trial 26 finished with value: 1064.1143798828125 and parameters: {'gradient_clip_val': 0.17596461911288294, 'hidden_size': 54, 'dropout': 0.39829707709218687, 'hidden_continuous_size': 22, 'attention_head_size': 3, 'learning_rate': 0.050412852397529004}. Best is trial 2 with value: 704.8899536132812.
LOCAL_RANK: 0 - CUDA_VISIBLE_DEVICES: [0]
[I 2023-11-30 10:15:58,479] Trial 27 finished with value: 1032.254638671875 and parameters: {'gradient_clip_val': 0.2984788456335399, 'hidden_size': 38, 'dropout': 0.3771377435576947, 'hidden_continuous_size': 17, 'attention_head_size': 4, 'learning_rate': 0.0277562643593273}. Best is trial 2 with value: 704.8899536132812.
LOCAL_RANK: 0 - CUDA_VISIBLE_DEVICES: [0]
[I 2023-11-30 10:16:10,895] Trial 28 finished with value: 737.5249633789062 and parameters: {'gradient_clip_val': 0.22582052300646166, 'hidden_size': 42, 'dropout': 0.3421339534709166, 'hidden_continuous_size': 12, 'attention_head_size': 2, 'learning_rate': 0.006227668291895945}. Best is trial 2 with value: 704.8899536132812.
LOCAL_RANK: 0 - CUDA_VISIBLE_DEVICES: [0]
[I 2023-11-30 10:16:24,336] Trial 29 finished with value: 993.3557739257812 and parameters: {'gradient_clip_val': 0.40238994098643116, 'hidden_size': 79, 'dropout': 0.36833074707229846, 'hidden_continuous_size': 22, 'attention_head_size': 3, 'learning_rate': 0.09729262102375599}. Best is trial 2 with value: 704.8899536132812.
LOCAL_RANK: 0 - CUDA_VISIBLE_DEVICES: [0]
[I 2023-11-30 10:16:37,063] Trial 30 finished with value: 1163.0465087890625 and parameters: {'gradient_clip_val': 0.2684367390016972, 'hidden_size': 57, 'dropout': 0.3294573254304006, 'hidden_continuous_size': 10, 'attention_head_size': 4, 'learning_rate': 0.05998014793189413}. Best is trial 2 with value: 704.8899536132812.
LOCAL_RANK: 0 - CUDA_VISIBLE_DEVICES: [0]
[I 2023-11-30 10:16:49,127] Trial 31 finished with value: 846.751953125 and parameters: {'gradient_clip_val': 0.220540182686324, 'hidden_size': 44, 'dropout': 0.3451973887617809, 'hidden_continuous_size': 12, 'attention_head_size': 2, 'learning_rate': 0.00565264072591448}. Best is trial 2 with value: 704.8899536132812.
LOCAL_RANK: 0 - CUDA_VISIBLE_DEVICES: [0]
[I 2023-11-30 10:17:01,511] Trial 32 finished with value: 760.5466918945312 and parameters: {'gradient_clip_val': 0.18839651060721968, 'hidden_size': 39, 'dropout': 0.38361696119627686, 'hidden_continuous_size': 13, 'attention_head_size': 2, 'learning_rate': 0.005750259370767767}. Best is trial 2 with value: 704.8899536132812.
LOCAL_RANK: 0 - CUDA_VISIBLE_DEVICES: [0]
[I 2023-11-30 10:17:13,709] Trial 33 finished with value: 722.9216918945312 and parameters: {'gradient_clip_val': 0.2296845368249985, 'hidden_size': 48, 'dropout': 0.362813496088094, 'hidden_continuous_size': 12, 'attention_head_size': 1, 'learning_rate': 0.010774946097005631}. Best is trial 2 with value: 704.8899536132812.
LOCAL_RANK: 0 - CUDA_VISIBLE_DEVICES: [0]
[I 2023-11-30 10:17:26,090] Trial 34 finished with value: 663.87841796875 and parameters: {'gradient_clip_val': 0.1813649904515606, 'hidden_size': 48, 'dropout': 0.3659619786553996, 'hidden_continuous_size': 18, 'attention_head_size': 1, 'learning_rate': 0.011308403756013425}. Best is trial 34 with value: 663.87841796875.
LOCAL_RANK: 0 - CUDA_VISIBLE_DEVICES: [0]
[I 2023-11-30 10:17:38,556] Trial 35 finished with value: 776.13818359375 and parameters: {'gradient_clip_val': 0.18302348141356134, 'hidden_size': 54, 'dropout': 0.2885970586030111, 'hidden_continuous_size': 18, 'attention_head_size': 1, 'learning_rate': 0.010851009005785754}. Best is trial 34 with value: 663.87841796875.
LOCAL_RANK: 0 - CUDA_VISIBLE_DEVICES: [0]
[I 2023-11-30 10:17:51,096] Trial 36 finished with value: 662.4755859375 and parameters: {'gradient_clip_val': 0.14755859817410055, 'hidden_size': 48, 'dropout': 0.36331463642044537, 'hidden_continuous_size': 20, 'attention_head_size': 1, 'learning_rate': 0.012581155197662569}. Best is trial 36 with value: 662.4755859375.
LOCAL_RANK: 0 - CUDA_VISIBLE_DEVICES: [0]
[I 2023-11-30 10:18:04,163] Trial 37 finished with value: 640.91064453125 and parameters: {'gradient_clip_val': 0.1391739144265819, 'hidden_size': 74, 'dropout': 0.3244914059051142, 'hidden_continuous_size': 29, 'attention_head_size': 1, 'learning_rate': 0.004394903306076098}. Best is trial 37 with value: 640.91064453125.
LOCAL_RANK: 0 - CUDA_VISIBLE_DEVICES: [0]
[I 2023-11-30 10:18:17,090] Trial 38 finished with value: 716.6467895507812 and parameters: {'gradient_clip_val': 0.14715775213545124, 'hidden_size': 72, 'dropout': 0.29083747366261237, 'hidden_continuous_size': 30, 'attention_head_size': 1, 'learning_rate': 0.004349831094581182}. Best is trial 37 with value: 640.91064453125.
LOCAL_RANK: 0 - CUDA_VISIBLE_DEVICES: [0]
[I 2023-11-30 10:18:30,194] Trial 39 finished with value: 1057.1929931640625 and parameters: {'gradient_clip_val': 0.13977650704210176, 'hidden_size': 62, 'dropout': 0.31482484460345384, 'hidden_continuous_size': 27, 'attention_head_size': 1, 'learning_rate': 0.0028899517355342897}. Best is trial 37 with value: 640.91064453125.
LOCAL_RANK: 0 - CUDA_VISIBLE_DEVICES: [0]
[I 2023-11-30 10:18:43,635] Trial 40 finished with value: 904.6637573242188 and parameters: {'gradient_clip_val': 0.1127260195405907, 'hidden_size': 90, 'dropout': 0.33339556629295175, 'hidden_continuous_size': 33, 'attention_head_size': 1, 'learning_rate': 0.007099671621999932}. Best is trial 37 with value: 640.91064453125.
LOCAL_RANK: 0 - CUDA_VISIBLE_DEVICES: [0]
[I 2023-11-30 10:18:56,023] Trial 41 finished with value: 760.754150390625 and parameters: {'gradient_clip_val': 0.16482032511826974, 'hidden_size': 47, 'dropout': 0.35968337539688644, 'hidden_continuous_size': 20, 'attention_head_size': 1, 'learning_rate': 0.013235114327743486}. Best is trial 37 with value: 640.91064453125.
LOCAL_RANK: 0 - CUDA_VISIBLE_DEVICES: [0]
[I 2023-11-30 10:19:08,626] Trial 42 finished with value: 667.8807983398438 and parameters: {'gradient_clip_val': 0.13029867994337357, 'hidden_size': 54, 'dropout': 0.37833186554977644, 'hidden_continuous_size': 21, 'attention_head_size': 1, 'learning_rate': 0.015682071363007796}. Best is trial 37 with value: 640.91064453125.
LOCAL_RANK: 0 - CUDA_VISIBLE_DEVICES: [0]
[I 2023-11-30 10:19:21,415] Trial 43 finished with value: 757.8447265625 and parameters: {'gradient_clip_val': 0.12415111726483602, 'hidden_size': 57, 'dropout': 0.3780254577421746, 'hidden_continuous_size': 21, 'attention_head_size': 1, 'learning_rate': 0.004651777566174218}. Best is trial 37 with value: 640.91064453125.
LOCAL_RANK: 0 - CUDA_VISIBLE_DEVICES: [0]
[I 2023-11-30 10:19:34,513] Trial 44 finished with value: 895.1559448242188 and parameters: {'gradient_clip_val': 0.14371121278697438, 'hidden_size': 86, 'dropout': 0.33707751567240846, 'hidden_continuous_size': 24, 'attention_head_size': 1, 'learning_rate': 0.016753682604973928}. Best is trial 37 with value: 640.91064453125.
LOCAL_RANK: 0 - CUDA_VISIBLE_DEVICES: [0]
[I 2023-11-30 10:19:47,400] Trial 45 finished with value: 733.3579711914062 and parameters: {'gradient_clip_val': 0.1209741934627498, 'hidden_size': 68, 'dropout': 0.3078414881162942, 'hidden_continuous_size': 19, 'attention_head_size': 1, 'learning_rate': 0.007805885758112066}. Best is trial 37 with value: 640.91064453125.
LOCAL_RANK: 0 - CUDA_VISIBLE_DEVICES: [0]
[I 2023-11-30 10:20:00,040] Trial 46 finished with value: 692.80029296875 and parameters: {'gradient_clip_val': 0.10288257726414683, 'hidden_size': 51, 'dropout': 0.3530617406533512, 'hidden_continuous_size': 23, 'attention_head_size': 1, 'learning_rate': 0.008871065602224898}. Best is trial 37 with value: 640.91064453125.
LOCAL_RANK: 0 - CUDA_VISIBLE_DEVICES: [0]
[I 2023-11-30 10:20:12,524] Trial 47 finished with value: 738.3726196289062 and parameters: {'gradient_clip_val': 0.11320870759802547, 'hidden_size': 51, 'dropout': 0.35478424459336544, 'hidden_continuous_size': 23, 'attention_head_size': 1, 'learning_rate': 0.009754156613805774}. Best is trial 37 with value: 640.91064453125.
LOCAL_RANK: 0 - CUDA_VISIBLE_DEVICES: [0]
[I 2023-11-30 10:20:25,925] Trial 48 finished with value: 1139.8524169921875 and parameters: {'gradient_clip_val': 0.10581666423654128, 'hidden_size': 103, 'dropout': 0.37242142931643324, 'hidden_continuous_size': 28, 'attention_head_size': 1, 'learning_rate': 0.01489671739550132}. Best is trial 37 with value: 640.91064453125.
LOCAL_RANK: 0 - CUDA_VISIBLE_DEVICES: [0]
[I 2023-11-30 10:20:39,788] Trial 49 finished with value: 806.1625366210938 and parameters: {'gradient_clip_val': 0.13549516619799232, 'hidden_size': 143, 'dropout': 0.3191646842328662, 'hidden_continuous_size': 28, 'attention_head_size': 1, 'learning_rate': 0.01860391198255674}. Best is trial 37 with value: 640.91064453125.
LOCAL_RANK: 0 - CUDA_VISIBLE_DEVICES: [0]
[I 2023-11-30 10:20:52,582] Trial 50 finished with value: 760.03125 and parameters: {'gradient_clip_val': 0.14981048807339095, 'hidden_size': 61, 'dropout': 0.3424213127616282, 'hidden_continuous_size': 21, 'attention_head_size': 2, 'learning_rate': 0.009503191697609947}. Best is trial 37 with value: 640.91064453125.
LOCAL_RANK: 0 - CUDA_VISIBLE_DEVICES: [0]
[I 2023-11-30 10:21:04,893] Trial 51 finished with value: 704.7659301757812 and parameters: {'gradient_clip_val': 0.12219937629560204, 'hidden_size': 48, 'dropout': 0.38357598124052117, 'hidden_continuous_size': 20, 'attention_head_size': 1, 'learning_rate': 0.007842749772258753}. Best is trial 37 with value: 640.91064453125.
LOCAL_RANK: 0 - CUDA_VISIBLE_DEVICES: [0]
[I 2023-11-30 10:21:17,403] Trial 52 finished with value: 736.729248046875 and parameters: {'gradient_clip_val': 0.10186356719533764, 'hidden_size': 49, 'dropout': 0.38444376759278587, 'hidden_continuous_size': 20, 'attention_head_size': 1, 'learning_rate': 0.008219176741553542}. Best is trial 37 with value: 640.91064453125.
LOCAL_RANK: 0 - CUDA_VISIBLE_DEVICES: [0]
[I 2023-11-30 10:21:29,999] Trial 53 finished with value: 851.0962524414062 and parameters: {'gradient_clip_val': 0.12116166324782397, 'hidden_size': 45, 'dropout': 0.3589924672959779, 'hidden_continuous_size': 19, 'attention_head_size': 1, 'learning_rate': 0.011326388126247715}. Best is trial 37 with value: 640.91064453125.
LOCAL_RANK: 0 - CUDA_VISIBLE_DEVICES: [0]
[I 2023-11-30 10:21:42,163] Trial 54 finished with value: 807.1653442382812 and parameters: {'gradient_clip_val': 0.13187981473027952, 'hidden_size': 36, 'dropout': 0.3868881661403905, 'hidden_continuous_size': 18, 'attention_head_size': 1, 'learning_rate': 0.00657432339778893}. Best is trial 37 with value: 640.91064453125.
LOCAL_RANK: 0 - CUDA_VISIBLE_DEVICES: [0]
[I 2023-11-30 10:21:54,813] Trial 55 finished with value: 801.6719360351562 and parameters: {'gradient_clip_val': 0.16242765480336463, 'hidden_size': 55, 'dropout': 0.372561542942178, 'hidden_continuous_size': 22, 'attention_head_size': 1, 'learning_rate': 0.014777491584303701}. Best is trial 37 with value: 640.91064453125.
LOCAL_RANK: 0 - CUDA_VISIBLE_DEVICES: [0]
[I 2023-11-30 10:22:07,893] Trial 56 finished with value: 693.8635864257812 and parameters: {'gradient_clip_val': 0.11620051490280794, 'hidden_size': 71, 'dropout': 0.34636770558234997, 'hidden_continuous_size': 24, 'attention_head_size': 2, 'learning_rate': 0.005092219209060965}. Best is trial 37 with value: 640.91064453125.
LOCAL_RANK: 0 - CUDA_VISIBLE_DEVICES: [0]
[I 2023-11-30 10:22:20,981] Trial 57 finished with value: 697.0625 and parameters: {'gradient_clip_val': 0.14150960360836268, 'hidden_size': 75, 'dropout': 0.3260431608926119, 'hidden_continuous_size': 24, 'attention_head_size': 2, 'learning_rate': 0.005191138364639889}. Best is trial 37 with value: 640.91064453125.
LOCAL_RANK: 0 - CUDA_VISIBLE_DEVICES: [0]
[I 2023-11-30 10:22:34,216] Trial 58 finished with value: 899.9021606445312 and parameters: {'gradient_clip_val': 0.10067728110722038, 'hidden_size': 65, 'dropout': 0.3525545289784092, 'hidden_continuous_size': 26, 'attention_head_size': 2, 'learning_rate': 0.0037899140644114923}. Best is trial 37 with value: 640.91064453125.
LOCAL_RANK: 0 - CUDA_VISIBLE_DEVICES: [0]
[I 2023-11-30 10:22:47,158] Trial 59 finished with value: 765.9381713867188 and parameters: {'gradient_clip_val': 0.11313698814407615, 'hidden_size': 68, 'dropout': 0.3375911669860651, 'hidden_continuous_size': 24, 'attention_head_size': 2, 'learning_rate': 0.008889508000486747}. Best is trial 37 with value: 640.91064453125.
LOCAL_RANK: 0 - CUDA_VISIBLE_DEVICES: [0]
[I 2023-11-30 10:23:00,432] Trial 60 finished with value: 865.232421875 and parameters: {'gradient_clip_val': 0.1503002616854736, 'hidden_size': 78, 'dropout': 0.36415432111015256, 'hidden_continuous_size': 34, 'attention_head_size': 1, 'learning_rate': 0.006656681215665441}. Best is trial 37 with value: 640.91064453125.
LOCAL_RANK: 0 - CUDA_VISIBLE_DEVICES: [0]
[I 2023-11-30 10:23:13,615] Trial 61 finished with value: 674.6212768554688 and parameters: {'gradient_clip_val': 0.13620133540112653, 'hidden_size': 74, 'dropout': 0.3237202341097064, 'hidden_continuous_size': 24, 'attention_head_size': 2, 'learning_rate': 0.005244145527270607}. Best is trial 37 with value: 640.91064453125.
LOCAL_RANK: 0 - CUDA_VISIBLE_DEVICES: [0]
[I 2023-11-30 10:23:26,544] Trial 62 finished with value: 648.4805297851562 and parameters: {'gradient_clip_val': 0.13459542814879144, 'hidden_size': 60, 'dropout': 0.3495483343915082, 'hidden_continuous_size': 26, 'attention_head_size': 2, 'learning_rate': 0.005113506007518122}. Best is trial 37 with value: 640.91064453125.
LOCAL_RANK: 0 - CUDA_VISIBLE_DEVICES: [0]
[I 2023-11-30 10:23:39,466] Trial 63 finished with value: 904.20263671875 and parameters: {'gradient_clip_val': 0.12831424242855738, 'hidden_size': 60, 'dropout': 0.3287056647562737, 'hidden_continuous_size': 26, 'attention_head_size': 2, 'learning_rate': 0.004010988830437241}. Best is trial 37 with value: 640.91064453125.
LOCAL_RANK: 0 - CUDA_VISIBLE_DEVICES: [0]
[I 2023-11-30 10:23:52,008] Trial 64 finished with value: 833.6282348632812 and parameters: {'gradient_clip_val': 0.1576720108965245, 'hidden_size': 52, 'dropout': 0.3142381111968039, 'hidden_continuous_size': 23, 'attention_head_size': 1, 'learning_rate': 0.011975983970655406}. Best is trial 37 with value: 640.91064453125.
LOCAL_RANK: 0 - CUDA_VISIBLE_DEVICES: [0]
[I 2023-11-30 10:24:05,004] Trial 65 finished with value: 646.244140625 and parameters: {'gradient_clip_val': 0.1736311164416859, 'hidden_size': 58, 'dropout': 0.34829467246681534, 'hidden_continuous_size': 30, 'attention_head_size': 2, 'learning_rate': 0.00569232287525689}. Best is trial 37 with value: 640.91064453125.
LOCAL_RANK: 0 - CUDA_VISIBLE_DEVICES: [0]
[I 2023-11-30 10:24:17,907] Trial 66 finished with value: 766.8043823242188 and parameters: {'gradient_clip_val': 0.19507995284727436, 'hidden_size': 65, 'dropout': 0.30342550013367614, 'hidden_continuous_size': 30, 'attention_head_size': 2, 'learning_rate': 0.003132161469843387}. Best is trial 37 with value: 640.91064453125.
LOCAL_RANK: 0 - CUDA_VISIBLE_DEVICES: [0]
[I 2023-11-30 10:24:30,776] Trial 67 finished with value: 880.963623046875 and parameters: {'gradient_clip_val': 0.16478407193753813, 'hidden_size': 58, 'dropout': 0.37120832613227195, 'hidden_continuous_size': 36, 'attention_head_size': 2, 'learning_rate': 0.006386275191785555}. Best is trial 37 with value: 640.91064453125.
LOCAL_RANK: 0 - CUDA_VISIBLE_DEVICES: [0]
