[I 2023-11-30 10:11:18,657] Trial 109 finished with value: 31991.875 and parameters: {'gradient_clip_val': 0.9561974500986742, 'hidden_size': 53, 'dropout': 0.1263295867206917, 'hidden_continuous_size': 24, 'attention_head_size': 1, 'learning_rate': 0.00357565706896374}. Best is trial 47 with value: 21960.109375.
LOCAL_RANK: 0 - CUDA_VISIBLE_DEVICES: [0]
[I 2023-11-30 10:11:31,807] Trial 110 finished with value: 23583.443359375 and parameters: {'gradient_clip_val': 0.34524367810878515, 'hidden_size': 59, 'dropout': 0.14211329113428225, 'hidden_continuous_size': 19, 'attention_head_size': 1, 'learning_rate': 0.006231690685169034}. Best is trial 47 with value: 21960.109375.
LOCAL_RANK: 0 - CUDA_VISIBLE_DEVICES: [0]
[I 2023-11-30 10:11:44,879] Trial 111 finished with value: 28966.962890625 and parameters: {'gradient_clip_val': 0.35513100320647417, 'hidden_size': 58, 'dropout': 0.14243472883775574, 'hidden_continuous_size': 19, 'attention_head_size': 1, 'learning_rate': 0.006263123492407412}. Best is trial 47 with value: 21960.109375.
LOCAL_RANK: 0 - CUDA_VISIBLE_DEVICES: [0]
[I 2023-11-30 10:11:58,239] Trial 112 finished with value: 24364.732421875 and parameters: {'gradient_clip_val': 0.3151848145913741, 'hidden_size': 70, 'dropout': 0.14881673187368158, 'hidden_continuous_size': 25, 'attention_head_size': 1, 'learning_rate': 0.004805744180673951}. Best is trial 47 with value: 21960.109375.
LOCAL_RANK: 0 - CUDA_VISIBLE_DEVICES: [0]
[I 2023-11-30 10:12:11,152] Trial 113 finished with value: 24279.15625 and parameters: {'gradient_clip_val': 0.3398282724460852, 'hidden_size': 50, 'dropout': 0.15262061443786862, 'hidden_continuous_size': 20, 'attention_head_size': 1, 'learning_rate': 0.00394592699754441}. Best is trial 47 with value: 21960.109375.
LOCAL_RANK: 0 - CUDA_VISIBLE_DEVICES: [0]
[I 2023-11-30 10:12:23,853] Trial 114 finished with value: 31068.521484375 and parameters: {'gradient_clip_val': 0.3937688216746676, 'hidden_size': 44, 'dropout': 0.1599999061361399, 'hidden_continuous_size': 21, 'attention_head_size': 1, 'learning_rate': 0.0065446324133514155}. Best is trial 47 with value: 21960.109375.
LOCAL_RANK: 0 - CUDA_VISIBLE_DEVICES: [0]
[I 2023-11-30 10:12:36,463] Trial 115 finished with value: 29004.7890625 and parameters: {'gradient_clip_val': 0.4042399741617731, 'hidden_size': 40, 'dropout': 0.1338717388611815, 'hidden_continuous_size': 19, 'attention_head_size': 1, 'learning_rate': 0.005527118546196677}. Best is trial 47 with value: 21960.109375.
LOCAL_RANK: 0 - CUDA_VISIBLE_DEVICES: [0]
[I 2023-11-30 10:12:49,474] Trial 116 finished with value: 21870.046875 and parameters: {'gradient_clip_val': 0.4706848013776879, 'hidden_size': 61, 'dropout': 0.17279232839766254, 'hidden_continuous_size': 18, 'attention_head_size': 1, 'learning_rate': 0.01017158444847097}. Best is trial 116 with value: 21870.046875.
LOCAL_RANK: 0 - CUDA_VISIBLE_DEVICES: [0]
[I 2023-11-30 10:13:02,255] Trial 117 finished with value: 24779.525390625 and parameters: {'gradient_clip_val': 0.47063332106398464, 'hidden_size': 47, 'dropout': 0.1738982370595012, 'hidden_continuous_size': 18, 'attention_head_size': 1, 'learning_rate': 0.009453382442622692}. Best is trial 116 with value: 21870.046875.
LOCAL_RANK: 0 - CUDA_VISIBLE_DEVICES: [0]
[I 2023-11-30 10:13:15,193] Trial 118 finished with value: 27291.384765625 and parameters: {'gradient_clip_val': 0.5481834419376784, 'hidden_size': 54, 'dropout': 0.1187236421718495, 'hidden_continuous_size': 17, 'attention_head_size': 1, 'learning_rate': 0.010561566539452389}. Best is trial 116 with value: 21870.046875.
LOCAL_RANK: 0 - CUDA_VISIBLE_DEVICES: [0]
[I 2023-11-30 10:13:28,380] Trial 119 finished with value: 27117.375 and parameters: {'gradient_clip_val': 0.4992996644757029, 'hidden_size': 67, 'dropout': 0.10855867940567075, 'hidden_continuous_size': 18, 'attention_head_size': 1, 'learning_rate': 0.011829117480562947}. Best is trial 116 with value: 21870.046875.
LOCAL_RANK: 0 - CUDA_VISIBLE_DEVICES: [0]
[I 2023-11-30 10:13:41,444] Trial 120 finished with value: 26602.609375 and parameters: {'gradient_clip_val': 0.5783578470845974, 'hidden_size': 58, 'dropout': 0.16947647725892923, 'hidden_continuous_size': 20, 'attention_head_size': 1, 'learning_rate': 0.0077626437169839345}. Best is trial 116 with value: 21870.046875.
LOCAL_RANK: 0 - CUDA_VISIBLE_DEVICES: [0]
[I 2023-11-30 10:13:54,502] Trial 121 finished with value: 25321.416015625 and parameters: {'gradient_clip_val': 0.4149869451255922, 'hidden_size': 61, 'dropout': 0.15839396830240937, 'hidden_continuous_size': 22, 'attention_head_size': 1, 'learning_rate': 0.004562148851509728}. Best is trial 116 with value: 21870.046875.
LOCAL_RANK: 0 - CUDA_VISIBLE_DEVICES: [0]
[I 2023-11-30 10:14:07,453] Trial 122 finished with value: 24379.3203125 and parameters: {'gradient_clip_val': 0.4420229804441665, 'hidden_size': 51, 'dropout': 0.1831540027169059, 'hidden_continuous_size': 21, 'attention_head_size': 1, 'learning_rate': 0.01301988683519938}. Best is trial 116 with value: 21870.046875.
LOCAL_RANK: 0 - CUDA_VISIBLE_DEVICES: [0]
[I 2023-11-30 10:14:20,597] Trial 123 finished with value: 27664.810546875 and parameters: {'gradient_clip_val': 0.3837091464718745, 'hidden_size': 64, 'dropout': 0.14084572809264942, 'hidden_continuous_size': 23, 'attention_head_size': 1, 'learning_rate': 0.008413853619999105}. Best is trial 116 with value: 21870.046875.
LOCAL_RANK: 0 - CUDA_VISIBLE_DEVICES: [0]
[I 2023-11-30 10:14:33,276] Trial 124 finished with value: 22338.982421875 and parameters: {'gradient_clip_val': 0.2970591382270688, 'hidden_size': 42, 'dropout': 0.14792858432819392, 'hidden_continuous_size': 19, 'attention_head_size': 1, 'learning_rate': 0.005977331404167856}. Best is trial 116 with value: 21870.046875.
LOCAL_RANK: 0 - CUDA_VISIBLE_DEVICES: [0]
[I 2023-11-30 10:14:46,056] Trial 125 finished with value: 28464.615234375 and parameters: {'gradient_clip_val': 0.5236626009064184, 'hidden_size': 42, 'dropout': 0.13153360368170386, 'hidden_continuous_size': 19, 'attention_head_size': 1, 'learning_rate': 0.006028027267480048}. Best is trial 116 with value: 21870.046875.
LOCAL_RANK: 0 - CUDA_VISIBLE_DEVICES: [0]
[I 2023-11-30 10:14:58,982] Trial 126 finished with value: 29835.611328125 and parameters: {'gradient_clip_val': 0.276002296677254, 'hidden_size': 46, 'dropout': 0.1489014503352881, 'hidden_continuous_size': 20, 'attention_head_size': 1, 'learning_rate': 0.007274565699901176}. Best is trial 116 with value: 21870.046875.
LOCAL_RANK: 0 - CUDA_VISIBLE_DEVICES: [0]
[I 2023-11-30 10:15:11,680] Trial 127 finished with value: 25674.291015625 and parameters: {'gradient_clip_val': 0.3578385063080735, 'hidden_size': 43, 'dropout': 0.12508338037189742, 'hidden_continuous_size': 19, 'attention_head_size': 1, 'learning_rate': 0.009901169601839505}. Best is trial 116 with value: 21870.046875.
LOCAL_RANK: 0 - CUDA_VISIBLE_DEVICES: [0]
[I 2023-11-30 10:15:24,283] Trial 128 finished with value: 26417.380859375 and parameters: {'gradient_clip_val': 0.10439530293892421, 'hidden_size': 39, 'dropout': 0.16413990722964328, 'hidden_continuous_size': 18, 'attention_head_size': 1, 'learning_rate': 0.006682527393878215}. Best is trial 116 with value: 21870.046875.
LOCAL_RANK: 0 - CUDA_VISIBLE_DEVICES: [0]
[I 2023-11-30 10:15:37,074] Trial 129 finished with value: 22328.9453125 and parameters: {'gradient_clip_val': 0.3284872361280073, 'hidden_size': 48, 'dropout': 0.15507923039147642, 'hidden_continuous_size': 31, 'attention_head_size': 1, 'learning_rate': 0.00565213714379938}. Best is trial 116 with value: 21870.046875.
LOCAL_RANK: 0 - CUDA_VISIBLE_DEVICES: [0]
[I 2023-11-30 10:15:50,455] Trial 130 finished with value: 29026.34375 and parameters: {'gradient_clip_val': 0.29759956296804535, 'hidden_size': 54, 'dropout': 0.1550336621406108, 'hidden_continuous_size': 31, 'attention_head_size': 1, 'learning_rate': 0.00606652387183128}. Best is trial 116 with value: 21870.046875.
LOCAL_RANK: 0 - CUDA_VISIBLE_DEVICES: [0]
[I 2023-11-30 10:16:03,551] Trial 131 finished with value: 24764.404296875 and parameters: {'gradient_clip_val': 0.3416927797675663, 'hidden_size': 49, 'dropout': 0.14332881284765034, 'hidden_continuous_size': 33, 'attention_head_size': 1, 'learning_rate': 0.005182404485156558}. Best is trial 116 with value: 21870.046875.
LOCAL_RANK: 0 - CUDA_VISIBLE_DEVICES: [0]
[I 2023-11-30 10:16:16,362] Trial 132 finished with value: 33090.97265625 and parameters: {'gradient_clip_val': 0.3009294837947379, 'hidden_size': 45, 'dropout': 0.1722203325367302, 'hidden_continuous_size': 31, 'attention_head_size': 1, 'learning_rate': 0.005516743764720943}. Best is trial 116 with value: 21870.046875.
LOCAL_RANK: 0 - CUDA_VISIBLE_DEVICES: [0]
[I 2023-11-30 10:16:29,492] Trial 133 finished with value: 22191.974609375 and parameters: {'gradient_clip_val': 0.3307659297518576, 'hidden_size': 56, 'dropout': 0.13837559442759767, 'hidden_continuous_size': 36, 'attention_head_size': 1, 'learning_rate': 0.004803910551510868}. Best is trial 116 with value: 21870.046875.
LOCAL_RANK: 0 - CUDA_VISIBLE_DEVICES: [0]
[I 2023-11-30 10:16:42,746] Trial 134 finished with value: 25574.412109375 and parameters: {'gradient_clip_val': 0.3251764156170288, 'hidden_size': 57, 'dropout': 0.13742363594111254, 'hidden_continuous_size': 36, 'attention_head_size': 1, 'learning_rate': 0.004613577530839184}. Best is trial 116 with value: 21870.046875.
LOCAL_RANK: 0 - CUDA_VISIBLE_DEVICES: [0]
[I 2023-11-30 10:16:56,183] Trial 135 finished with value: 26765.248046875 and parameters: {'gradient_clip_val': 0.2892628483499083, 'hidden_size': 53, 'dropout': 0.12920575948718926, 'hidden_continuous_size': 39, 'attention_head_size': 1, 'learning_rate': 0.008279123764846155}. Best is trial 116 with value: 21870.046875.
LOCAL_RANK: 0 - CUDA_VISIBLE_DEVICES: [0]
[I 2023-11-30 10:17:09,294] Trial 136 finished with value: 28020.84375 and parameters: {'gradient_clip_val': 0.26213676024284815, 'hidden_size': 61, 'dropout': 0.1610230937576983, 'hidden_continuous_size': 16, 'attention_head_size': 1, 'learning_rate': 0.007317019528206432}. Best is trial 116 with value: 21870.046875.
LOCAL_RANK: 0 - CUDA_VISIBLE_DEVICES: [0]
[I 2023-11-30 10:17:22,113] Trial 137 finished with value: 27404.177734375 and parameters: {'gradient_clip_val': 0.3130561808143614, 'hidden_size': 41, 'dropout': 0.12054789127938778, 'hidden_continuous_size': 27, 'attention_head_size': 1, 'learning_rate': 0.004915302515579186}. Best is trial 116 with value: 21870.046875.
LOCAL_RANK: 0 - CUDA_VISIBLE_DEVICES: [0]
[I 2023-11-30 10:17:35,225] Trial 138 finished with value: 24404.4375 and parameters: {'gradient_clip_val': 0.32805071817860687, 'hidden_size': 51, 'dropout': 0.18806045225510323, 'hidden_continuous_size': 29, 'attention_head_size': 1, 'learning_rate': 0.004121948163684703}. Best is trial 116 with value: 21870.046875.
LOCAL_RANK: 0 - CUDA_VISIBLE_DEVICES: [0]
[I 2023-11-30 10:17:47,857] Trial 139 finished with value: 24243.109375 and parameters: {'gradient_clip_val': 0.1571322017214056, 'hidden_size': 39, 'dropout': 0.14353784699577427, 'hidden_continuous_size': 30, 'attention_head_size': 1, 'learning_rate': 0.006759598024027597}. Best is trial 116 with value: 21870.046875.
LOCAL_RANK: 0 - CUDA_VISIBLE_DEVICES: [0]
[I 2023-11-30 10:18:01,067] Trial 140 finished with value: 23320.615234375 and parameters: {'gradient_clip_val': 0.3722663856810474, 'hidden_size': 68, 'dropout': 0.13500137436101373, 'hidden_continuous_size': 17, 'attention_head_size': 1, 'learning_rate': 0.010632296717623524}. Best is trial 116 with value: 21870.046875.
LOCAL_RANK: 0 - CUDA_VISIBLE_DEVICES: [0]
[I 2023-11-30 10:18:14,508] Trial 141 finished with value: 27851.884765625 and parameters: {'gradient_clip_val': 0.35601420468879913, 'hidden_size': 69, 'dropout': 0.13626420513006837, 'hidden_continuous_size': 17, 'attention_head_size': 4, 'learning_rate': 0.01154300276715076}. Best is trial 116 with value: 21870.046875.
LOCAL_RANK: 0 - CUDA_VISIBLE_DEVICES: [0]
[I 2023-11-30 10:18:27,647] Trial 142 finished with value: 27319.462890625 and parameters: {'gradient_clip_val': 0.37418603627857727, 'hidden_size': 57, 'dropout': 0.15483449241765943, 'hidden_continuous_size': 36, 'attention_head_size': 1, 'learning_rate': 0.014489872451945194}. Best is trial 116 with value: 21870.046875.
LOCAL_RANK: 0 - CUDA_VISIBLE_DEVICES: [0]
[I 2023-11-30 10:18:40,725] Trial 143 finished with value: 24209.208984375 and parameters: {'gradient_clip_val': 0.33711760129066487, 'hidden_size': 72, 'dropout': 0.1322588106363609, 'hidden_continuous_size': 15, 'attention_head_size': 1, 'learning_rate': 0.01034011347880026}. Best is trial 116 with value: 21870.046875.
LOCAL_RANK: 0 - CUDA_VISIBLE_DEVICES: [0]
[I 2023-11-30 10:18:53,821] Trial 144 finished with value: 29049.369140625 and parameters: {'gradient_clip_val': 0.3722067471570295, 'hidden_size': 65, 'dropout': 0.14720913142618883, 'hidden_continuous_size': 16, 'attention_head_size': 1, 'learning_rate': 0.009241402543076278}. Best is trial 116 with value: 21870.046875.
LOCAL_RANK: 0 - CUDA_VISIBLE_DEVICES: [0]
[I 2023-11-30 10:19:06,983] Trial 145 finished with value: 29631.15625 and parameters: {'gradient_clip_val': 0.31291274038435446, 'hidden_size': 61, 'dropout': 0.1675635900785906, 'hidden_continuous_size': 18, 'attention_head_size': 1, 'learning_rate': 0.010909490073184818}. Best is trial 116 with value: 21870.046875.
LOCAL_RANK: 0 - CUDA_VISIBLE_DEVICES: [0]
[I 2023-11-30 10:19:19,933] Trial 146 finished with value: 26211.25 and parameters: {'gradient_clip_val': 0.11709416232065936, 'hidden_size': 43, 'dropout': 0.1236114474139253, 'hidden_continuous_size': 33, 'attention_head_size': 1, 'learning_rate': 0.005863111454666399}. Best is trial 116 with value: 21870.046875.
LOCAL_RANK: 0 - CUDA_VISIBLE_DEVICES: [0]
[I 2023-11-30 10:19:32,779] Trial 147 finished with value: 25452.064453125 and parameters: {'gradient_clip_val': 0.459617398041265, 'hidden_size': 57, 'dropout': 0.11349601829286293, 'hidden_continuous_size': 17, 'attention_head_size': 1, 'learning_rate': 0.0049266679532989875}. Best is trial 116 with value: 21870.046875.
LOCAL_RANK: 0 - CUDA_VISIBLE_DEVICES: [0]
[I 2023-11-30 10:19:45,598] Trial 148 finished with value: 29453.072265625 and parameters: {'gradient_clip_val': 0.3886251554023749, 'hidden_size': 47, 'dropout': 0.1388371985020206, 'hidden_continuous_size': 19, 'attention_head_size': 1, 'learning_rate': 0.008229971870331395}. Best is trial 116 with value: 21870.046875.
LOCAL_RANK: 0 - CUDA_VISIBLE_DEVICES: [0]
[I 2023-11-30 10:19:58,839] Trial 149 finished with value: 29409.775390625 and parameters: {'gradient_clip_val': 0.14240785819826762, 'hidden_size': 75, 'dropout': 0.17732663208230107, 'hidden_continuous_size': 18, 'attention_head_size': 1, 'learning_rate': 0.006185172205284697}. Best is trial 116 with value: 21870.046875.
[I 2023-11-30 10:19:58,949] A new study created in memory with name: no-name-d8b0957c-d4b1-4c4a-9602-f11e091d035f
/home/le004/conda/anaconda3/envs/tsff_env/lib/python3.9/site-packages/lightning/fabric/plugins/environments/slurm.py:191: The `srun` command is available on your system but is not used. HINT: If your intention is to run Lightning on SLURM, prepend your python command with `srun` like so: srun python /home/le004/master_thesis/git/TSFusionForecast/code/ ...
LOCAL_RANK: 0 - CUDA_VISIBLE_DEVICES: [0]
[I 2023-11-30 10:20:09,407] Trial 0 finished with value: 294.0411376953125 and parameters: {'gradient_clip_val': 0.41749689021432135, 'hidden_size': 23, 'dropout': 0.38699501497341215, 'hidden_continuous_size': 23, 'attention_head_size': 1, 'learning_rate': 0.0019160170822882325}. Best is trial 0 with value: 294.0411376953125.
LOCAL_RANK: 0 - CUDA_VISIBLE_DEVICES: [0]
[I 2023-11-30 10:20:21,429] Trial 1 finished with value: 209.9141387939453 and parameters: {'gradient_clip_val': 0.5007263111257746, 'hidden_size': 11, 'dropout': 0.33013743201078716, 'hidden_continuous_size': 10, 'attention_head_size': 2, 'learning_rate': 0.015897225664921053}. Best is trial 1 with value: 209.9141387939453.
LOCAL_RANK: 0 - CUDA_VISIBLE_DEVICES: [0]
[I 2023-11-30 10:20:33,482] Trial 2 finished with value: 100.50533294677734 and parameters: {'gradient_clip_val': 0.13946871256616314, 'hidden_size': 24, 'dropout': 0.2317231694203518, 'hidden_continuous_size': 12, 'attention_head_size': 2, 'learning_rate': 0.09747146174536311}. Best is trial 2 with value: 100.50533294677734.
LOCAL_RANK: 0 - CUDA_VISIBLE_DEVICES: [0]
[I 2023-11-30 10:20:45,399] Trial 3 finished with value: 354.7831115722656 and parameters: {'gradient_clip_val': 0.47891367706454435, 'hidden_size': 16, 'dropout': 0.11488055564589902, 'hidden_continuous_size': 15, 'attention_head_size': 1, 'learning_rate': 0.0017882657756430375}. Best is trial 2 with value: 100.50533294677734.
LOCAL_RANK: 0 - CUDA_VISIBLE_DEVICES: [0]
[I 2023-11-30 10:20:57,524] Trial 4 finished with value: 155.24913024902344 and parameters: {'gradient_clip_val': 0.22448878849484713, 'hidden_size': 20, 'dropout': 0.18039500125391866, 'hidden_continuous_size': 17, 'attention_head_size': 2, 'learning_rate': 0.013912213675504862}. Best is trial 2 with value: 100.50533294677734.
LOCAL_RANK: 0 - CUDA_VISIBLE_DEVICES: [0]
[I 2023-11-30 10:21:10,429] Trial 5 finished with value: 207.1398468017578 and parameters: {'gradient_clip_val': 0.36406411792382964, 'hidden_size': 29, 'dropout': 0.3842327265504567, 'hidden_continuous_size': 27, 'attention_head_size': 3, 'learning_rate': 0.0036638951259348814}. Best is trial 2 with value: 100.50533294677734.
LOCAL_RANK: 0 - CUDA_VISIBLE_DEVICES: [0]
[I 2023-11-30 10:21:24,330] Trial 6 finished with value: 101.84673309326172 and parameters: {'gradient_clip_val': 0.406428987223939, 'hidden_size': 123, 'dropout': 0.13785018796837134, 'hidden_continuous_size': 27, 'attention_head_size': 2, 'learning_rate': 0.007429096734784169}. Best is trial 2 with value: 100.50533294677734.
LOCAL_RANK: 0 - CUDA_VISIBLE_DEVICES: [0]
[I 2023-11-30 10:21:38,329] Trial 7 finished with value: 104.2627944946289 and parameters: {'gradient_clip_val': 0.6078641420286706, 'hidden_size': 107, 'dropout': 0.14076958509144627, 'hidden_continuous_size': 37, 'attention_head_size': 4, 'learning_rate': 0.08558042995360149}. Best is trial 2 with value: 100.50533294677734.
LOCAL_RANK: 0 - CUDA_VISIBLE_DEVICES: [0]
[I 2023-11-30 10:21:51,094] Trial 8 finished with value: 159.65586853027344 and parameters: {'gradient_clip_val': 0.37171563072342356, 'hidden_size': 46, 'dropout': 0.27812732372773946, 'hidden_continuous_size': 15, 'attention_head_size': 2, 'learning_rate': 0.05799213194704141}. Best is trial 2 with value: 100.50533294677734.
LOCAL_RANK: 0 - CUDA_VISIBLE_DEVICES: [0]
[I 2023-11-30 10:22:04,000] Trial 9 finished with value: 130.12249755859375 and parameters: {'gradient_clip_val': 0.4727631045551184, 'hidden_size': 50, 'dropout': 0.3066534654584971, 'hidden_continuous_size': 15, 'attention_head_size': 2, 'learning_rate': 0.014549724109068808}. Best is trial 2 with value: 100.50533294677734.
LOCAL_RANK: 0 - CUDA_VISIBLE_DEVICES: [0]
[I 2023-11-30 10:22:14,557] Trial 10 finished with value: 141.74888610839844 and parameters: {'gradient_clip_val': 0.10308845048515158, 'hidden_size': 10, 'dropout': 0.22959057872810754, 'hidden_continuous_size': 10, 'attention_head_size': 4, 'learning_rate': 0.04083853815323653}. Best is trial 2 with value: 100.50533294677734.
LOCAL_RANK: 0 - CUDA_VISIBLE_DEVICES: [0]
[I 2023-11-30 10:22:28,795] Trial 11 finished with value: 109.3910140991211 and parameters: {'gradient_clip_val': 0.9414384236465555, 'hidden_size': 134, 'dropout': 0.19753086810175124, 'hidden_continuous_size': 64, 'attention_head_size': 3, 'learning_rate': 0.006313935811160796}. Best is trial 2 with value: 100.50533294677734.
LOCAL_RANK: 0 - CUDA_VISIBLE_DEVICES: [0]
[I 2023-11-30 10:22:41,944] Trial 12 finished with value: 130.43125915527344 and parameters: {'gradient_clip_val': 0.22728088044545816, 'hidden_size': 72, 'dropout': 0.16613452023233372, 'hidden_continuous_size': 34, 'attention_head_size': 1, 'learning_rate': 0.0350743312155521}. Best is trial 2 with value: 100.50533294677734.
LOCAL_RANK: 0 - CUDA_VISIBLE_DEVICES: [0]
[I 2023-11-30 10:22:54,436] Trial 13 finished with value: 130.603271484375 and parameters: {'gradient_clip_val': 0.10542806139150722, 'hidden_size': 36, 'dropout': 0.10558431636257368, 'hidden_continuous_size': 13, 'attention_head_size': 3, 'learning_rate': 0.02628863135806322}. Best is trial 2 with value: 100.50533294677734.
LOCAL_RANK: 0 - CUDA_VISIBLE_DEVICES: [0]
[I 2023-11-30 10:23:07,816] Trial 14 finished with value: 99.4836654663086 and parameters: {'gradient_clip_val': 0.22515627748585612, 'hidden_size': 84, 'dropout': 0.21902654610138622, 'hidden_continuous_size': 21, 'attention_head_size': 2, 'learning_rate': 0.09487557809458809}. Best is trial 14 with value: 99.4836654663086.
LOCAL_RANK: 0 - CUDA_VISIBLE_DEVICES: [0]
[I 2023-11-30 10:23:21,258] Trial 15 finished with value: 109.88653564453125 and parameters: {'gradient_clip_val': 0.15987670620065042, 'hidden_size': 70, 'dropout': 0.23641441598933516, 'hidden_continuous_size': 20, 'attention_head_size': 3, 'learning_rate': 0.09996903084392596}. Best is trial 14 with value: 99.4836654663086.
LOCAL_RANK: 0 - CUDA_VISIBLE_DEVICES: [0]
[I 2023-11-30 10:23:33,462] Trial 16 finished with value: 115.17957305908203 and parameters: {'gradient_clip_val': 0.15690016680837568, 'hidden_size': 28, 'dropout': 0.22731921245021827, 'hidden_continuous_size': 11, 'attention_head_size': 1, 'learning_rate': 0.06032510606859324}. Best is trial 14 with value: 99.4836654663086.
LOCAL_RANK: 0 - CUDA_VISIBLE_DEVICES: [0]
