[I 2023-11-30 01:39:55,918] Trial 19 finished with value: 33.87009048461914 and parameters: {'gradient_clip_val': 0.3124715234933757, 'hidden_size': 114, 'dropout': 0.3159908953399322, 'hidden_continuous_size': 44, 'attention_head_size': 4, 'learning_rate': 0.0023074188202690106}. Best is trial 13 with value: 30.69474220275879.
LOCAL_RANK: 0 - CUDA_VISIBLE_DEVICES: [0]
[I 2023-11-30 01:40:09,273] Trial 20 finished with value: 31.33713722229004 and parameters: {'gradient_clip_val': 0.207615837873906, 'hidden_size': 63, 'dropout': 0.3682141425055723, 'hidden_continuous_size': 24, 'attention_head_size': 3, 'learning_rate': 0.006451728364504927}. Best is trial 13 with value: 30.69474220275879.
LOCAL_RANK: 0 - CUDA_VISIBLE_DEVICES: [0]
[I 2023-11-30 01:40:22,829] Trial 21 finished with value: 33.496028900146484 and parameters: {'gradient_clip_val': 0.21028094477465153, 'hidden_size': 84, 'dropout': 0.3661854245047385, 'hidden_continuous_size': 24, 'attention_head_size': 3, 'learning_rate': 0.006417725476878638}. Best is trial 13 with value: 30.69474220275879.
LOCAL_RANK: 0 - CUDA_VISIBLE_DEVICES: [0]
[I 2023-11-30 01:40:36,024] Trial 22 finished with value: 32.2421989440918 and parameters: {'gradient_clip_val': 0.13594187623539247, 'hidden_size': 61, 'dropout': 0.37121120508256017, 'hidden_continuous_size': 18, 'attention_head_size': 3, 'learning_rate': 0.00789928998961799}. Best is trial 13 with value: 30.69474220275879.
LOCAL_RANK: 0 - CUDA_VISIBLE_DEVICES: [0]
[I 2023-11-30 01:40:49,312] Trial 23 finished with value: 33.29740524291992 and parameters: {'gradient_clip_val': 0.14225965667498802, 'hidden_size': 63, 'dropout': 0.3777698960111037, 'hidden_continuous_size': 26, 'attention_head_size': 3, 'learning_rate': 0.009574387944556981}. Best is trial 13 with value: 30.69474220275879.
LOCAL_RANK: 0 - CUDA_VISIBLE_DEVICES: [0]
[I 2023-11-30 01:41:02,340] Trial 24 finished with value: 45.19935989379883 and parameters: {'gradient_clip_val': 0.2065305652106893, 'hidden_size': 57, 'dropout': 0.3382830584986628, 'hidden_continuous_size': 21, 'attention_head_size': 2, 'learning_rate': 0.004499901801065768}. Best is trial 13 with value: 30.69474220275879.
LOCAL_RANK: 0 - CUDA_VISIBLE_DEVICES: [0]
[I 2023-11-30 01:41:15,154] Trial 25 finished with value: 33.784271240234375 and parameters: {'gradient_clip_val': 0.13538815735918025, 'hidden_size': 41, 'dropout': 0.371906643029621, 'hidden_continuous_size': 17, 'attention_head_size': 3, 'learning_rate': 0.012853615452979934}. Best is trial 13 with value: 30.69474220275879.
LOCAL_RANK: 0 - CUDA_VISIBLE_DEVICES: [0]
[I 2023-11-30 01:41:28,419] Trial 26 finished with value: 32.7371711730957 and parameters: {'gradient_clip_val': 0.11325742566411046, 'hidden_size': 61, 'dropout': 0.3988520830034996, 'hidden_continuous_size': 16, 'attention_head_size': 4, 'learning_rate': 0.00796329479554147}. Best is trial 13 with value: 30.69474220275879.
LOCAL_RANK: 0 - CUDA_VISIBLE_DEVICES: [0]
[I 2023-11-30 01:41:42,183] Trial 27 finished with value: 31.953712463378906 and parameters: {'gradient_clip_val': 0.10106079328514486, 'hidden_size': 99, 'dropout': 0.35850375067424733, 'hidden_continuous_size': 26, 'attention_head_size': 3, 'learning_rate': 0.0034360473461859976}. Best is trial 13 with value: 30.69474220275879.
LOCAL_RANK: 0 - CUDA_VISIBLE_DEVICES: [0]
[I 2023-11-30 01:41:56,030] Trial 28 finished with value: 72.8699951171875 and parameters: {'gradient_clip_val': 0.1956368862667198, 'hidden_size': 98, 'dropout': 0.34130236724397367, 'hidden_continuous_size': 36, 'attention_head_size': 2, 'learning_rate': 0.0010144323446525565}. Best is trial 13 with value: 30.69474220275879.
LOCAL_RANK: 0 - CUDA_VISIBLE_DEVICES: [0]
[I 2023-11-30 01:42:09,689] Trial 29 finished with value: 42.14918899536133 and parameters: {'gradient_clip_val': 0.10201197282388487, 'hidden_size': 95, 'dropout': 0.38023107173714915, 'hidden_continuous_size': 27, 'attention_head_size': 3, 'learning_rate': 0.0032708584318911784}. Best is trial 13 with value: 30.69474220275879.
LOCAL_RANK: 0 - CUDA_VISIBLE_DEVICES: [0]
[I 2023-11-30 01:42:23,897] Trial 30 finished with value: 37.65310287475586 and parameters: {'gradient_clip_val': 0.3118233074520347, 'hidden_size': 127, 'dropout': 0.3596196941588852, 'hidden_continuous_size': 42, 'attention_head_size': 4, 'learning_rate': 0.00572828577842948}. Best is trial 13 with value: 30.69474220275879.
LOCAL_RANK: 0 - CUDA_VISIBLE_DEVICES: [0]
[I 2023-11-30 01:42:37,503] Trial 31 finished with value: 33.345951080322266 and parameters: {'gradient_clip_val': 0.1302404073153769, 'hidden_size': 76, 'dropout': 0.3802418494777218, 'hidden_continuous_size': 23, 'attention_head_size': 3, 'learning_rate': 0.0049978265142195605}. Best is trial 13 with value: 30.69474220275879.
LOCAL_RANK: 0 - CUDA_VISIBLE_DEVICES: [0]
[I 2023-11-30 01:42:51,226] Trial 32 finished with value: 34.092166900634766 and parameters: {'gradient_clip_val': 0.14697778483964394, 'hidden_size': 93, 'dropout': 0.37805384297816225, 'hidden_continuous_size': 28, 'attention_head_size': 3, 'learning_rate': 0.011481648630369537}. Best is trial 13 with value: 30.69474220275879.
LOCAL_RANK: 0 - CUDA_VISIBLE_DEVICES: [0]
[I 2023-11-30 01:43:04,741] Trial 33 finished with value: 36.865535736083984 and parameters: {'gradient_clip_val': 0.10131952031915353, 'hidden_size': 74, 'dropout': 0.3549520969389669, 'hidden_continuous_size': 20, 'attention_head_size': 3, 'learning_rate': 0.007576103631393731}. Best is trial 13 with value: 30.69474220275879.
LOCAL_RANK: 0 - CUDA_VISIBLE_DEVICES: [0]
[I 2023-11-30 01:43:18,349] Trial 34 finished with value: 32.748905181884766 and parameters: {'gradient_clip_val': 0.12748490204473562, 'hidden_size': 112, 'dropout': 0.3352607781485085, 'hidden_continuous_size': 15, 'attention_head_size': 3, 'learning_rate': 0.0038665184874489946}. Best is trial 13 with value: 30.69474220275879.
LOCAL_RANK: 0 - CUDA_VISIBLE_DEVICES: [0]
[I 2023-11-30 01:43:31,643] Trial 35 finished with value: 83.88700103759766 and parameters: {'gradient_clip_val': 0.15226537625636302, 'hidden_size': 55, 'dropout': 0.3803788109619055, 'hidden_continuous_size': 23, 'attention_head_size': 4, 'learning_rate': 0.002436943717848717}. Best is trial 13 with value: 30.69474220275879.
LOCAL_RANK: 0 - CUDA_VISIBLE_DEVICES: [0]
[I 2023-11-30 01:43:44,752] Trial 36 finished with value: 40.921897888183594 and parameters: {'gradient_clip_val': 0.12571263564807303, 'hidden_size': 45, 'dropout': 0.3526427788438297, 'hidden_continuous_size': 21, 'attention_head_size': 3, 'learning_rate': 0.0058768393464493345}. Best is trial 13 with value: 30.69474220275879.
LOCAL_RANK: 0 - CUDA_VISIBLE_DEVICES: [0]
[I 2023-11-30 01:43:58,209] Trial 37 finished with value: 34.158668518066406 and parameters: {'gradient_clip_val': 0.18198162429239226, 'hidden_size': 67, 'dropout': 0.324485032483474, 'hidden_continuous_size': 18, 'attention_head_size': 4, 'learning_rate': 0.018250863106498618}. Best is trial 13 with value: 30.69474220275879.
LOCAL_RANK: 0 - CUDA_VISIBLE_DEVICES: [0]
[I 2023-11-30 01:44:11,201] Trial 38 finished with value: 32.21671676635742 and parameters: {'gradient_clip_val': 0.11258071801337234, 'hidden_size': 56, 'dropout': 0.2941416970759614, 'hidden_continuous_size': 23, 'attention_head_size': 3, 'learning_rate': 0.01063648340012254}. Best is trial 13 with value: 30.69474220275879.
LOCAL_RANK: 0 - CUDA_VISIBLE_DEVICES: [0]
[I 2023-11-30 01:44:24,212] Trial 39 finished with value: 38.59737777709961 and parameters: {'gradient_clip_val': 0.11027577836527001, 'hidden_size': 53, 'dropout': 0.2957509707190539, 'hidden_continuous_size': 24, 'attention_head_size': 2, 'learning_rate': 0.023419664788352803}. Best is trial 13 with value: 30.69474220275879.
LOCAL_RANK: 0 - CUDA_VISIBLE_DEVICES: [0]
[I 2023-11-30 01:44:37,130] Trial 40 finished with value: 56.62761306762695 and parameters: {'gradient_clip_val': 0.11569561415433033, 'hidden_size': 37, 'dropout': 0.2750784049987302, 'hidden_continuous_size': 22, 'attention_head_size': 4, 'learning_rate': 0.00512713954697529}. Best is trial 13 with value: 30.69474220275879.
LOCAL_RANK: 0 - CUDA_VISIBLE_DEVICES: [0]
[I 2023-11-30 01:44:50,237] Trial 41 finished with value: 31.66178321838379 and parameters: {'gradient_clip_val': 0.1350380127176488, 'hidden_size': 46, 'dropout': 0.3323336639144543, 'hidden_continuous_size': 25, 'attention_head_size': 3, 'learning_rate': 0.010737634189718138}. Best is trial 13 with value: 30.69474220275879.
LOCAL_RANK: 0 - CUDA_VISIBLE_DEVICES: [0]
[I 2023-11-30 01:45:03,127] Trial 42 finished with value: 35.07569122314453 and parameters: {'gradient_clip_val': 0.10523914673052039, 'hidden_size': 46, 'dropout': 0.3290047291151926, 'hidden_continuous_size': 25, 'attention_head_size': 3, 'learning_rate': 0.010546305089684056}. Best is trial 13 with value: 30.69474220275879.
LOCAL_RANK: 0 - CUDA_VISIBLE_DEVICES: [0]
[I 2023-11-30 01:45:15,857] Trial 43 finished with value: 32.02516174316406 and parameters: {'gradient_clip_val': 0.12159163647424286, 'hidden_size': 33, 'dropout': 0.3254166666705486, 'hidden_continuous_size': 23, 'attention_head_size': 3, 'learning_rate': 0.012033846688534001}. Best is trial 13 with value: 30.69474220275879.
LOCAL_RANK: 0 - CUDA_VISIBLE_DEVICES: [0]
[I 2023-11-30 01:45:28,354] Trial 44 finished with value: 31.43377113342285 and parameters: {'gradient_clip_val': 0.15422646704608872, 'hidden_size': 32, 'dropout': 0.3465847078867632, 'hidden_continuous_size': 22, 'attention_head_size': 3, 'learning_rate': 0.015268128150111042}. Best is trial 13 with value: 30.69474220275879.
LOCAL_RANK: 0 - CUDA_VISIBLE_DEVICES: [0]
[I 2023-11-30 01:45:40,720] Trial 45 finished with value: 32.707706451416016 and parameters: {'gradient_clip_val': 0.15176654928724606, 'hidden_size': 26, 'dropout': 0.3454752061389161, 'hidden_continuous_size': 12, 'attention_head_size': 3, 'learning_rate': 0.015482437839819039}. Best is trial 13 with value: 30.69474220275879.
LOCAL_RANK: 0 - CUDA_VISIBLE_DEVICES: [0]
[I 2023-11-30 01:45:53,704] Trial 46 finished with value: 33.7055778503418 and parameters: {'gradient_clip_val': 0.23030896915855725, 'hidden_size': 41, 'dropout': 0.39190132605824474, 'hidden_continuous_size': 28, 'attention_head_size': 1, 'learning_rate': 0.022086737004042414}. Best is trial 13 with value: 30.69474220275879.
LOCAL_RANK: 0 - CUDA_VISIBLE_DEVICES: [0]
[I 2023-11-30 01:46:06,103] Trial 47 finished with value: 35.94826889038086 and parameters: {'gradient_clip_val': 0.16193916269488526, 'hidden_size': 32, 'dropout': 0.34860714540967047, 'hidden_continuous_size': 20, 'attention_head_size': 3, 'learning_rate': 0.008682442305693224}. Best is trial 13 with value: 30.69474220275879.
LOCAL_RANK: 0 - CUDA_VISIBLE_DEVICES: [0]
[I 2023-11-30 01:46:18,363] Trial 48 finished with value: 72.7378921508789 and parameters: {'gradient_clip_val': 0.18865264161858175, 'hidden_size': 21, 'dropout': 0.38904633799449473, 'hidden_continuous_size': 13, 'attention_head_size': 2, 'learning_rate': 0.006948684257213663}. Best is trial 13 with value: 30.69474220275879.
LOCAL_RANK: 0 - CUDA_VISIBLE_DEVICES: [0]
[I 2023-11-30 01:46:31,974] Trial 49 finished with value: 33.955284118652344 and parameters: {'gradient_clip_val': 0.13977521826195494, 'hidden_size': 85, 'dropout': 0.3617061501963782, 'hidden_continuous_size': 30, 'attention_head_size': 3, 'learning_rate': 0.004173305820027779}. Best is trial 13 with value: 30.69474220275879.
LOCAL_RANK: 0 - CUDA_VISIBLE_DEVICES: [0]
[I 2023-11-30 01:46:45,399] Trial 50 finished with value: 33.791114807128906 and parameters: {'gradient_clip_val': 0.1654376524064981, 'hidden_size': 69, 'dropout': 0.36371889591747786, 'hidden_continuous_size': 29, 'attention_head_size': 2, 'learning_rate': 0.008988527828870486}. Best is trial 13 with value: 30.69474220275879.
LOCAL_RANK: 0 - CUDA_VISIBLE_DEVICES: [0]
[I 2023-11-30 01:46:58,640] Trial 51 finished with value: 36.44060516357422 and parameters: {'gradient_clip_val': 0.12336919929074215, 'hidden_size': 50, 'dropout': 0.3312729238718839, 'hidden_continuous_size': 26, 'attention_head_size': 3, 'learning_rate': 0.012193052365081981}. Best is trial 13 with value: 30.69474220275879.
LOCAL_RANK: 0 - CUDA_VISIBLE_DEVICES: [0]
[I 2023-11-30 01:47:11,420] Trial 52 finished with value: 34.86064529418945 and parameters: {'gradient_clip_val': 0.11838724157146709, 'hidden_size': 35, 'dropout': 0.3221534637976182, 'hidden_continuous_size': 22, 'attention_head_size': 3, 'learning_rate': 0.012600422461225468}. Best is trial 13 with value: 30.69474220275879.
LOCAL_RANK: 0 - CUDA_VISIBLE_DEVICES: [0]
[I 2023-11-30 01:47:24,205] Trial 53 finished with value: 30.03006935119629 and parameters: {'gradient_clip_val': 0.13022975239775525, 'hidden_size': 41, 'dropout': 0.3088701157824509, 'hidden_continuous_size': 25, 'attention_head_size': 3, 'learning_rate': 0.01591525791135643}. Best is trial 53 with value: 30.03006935119629.
LOCAL_RANK: 0 - CUDA_VISIBLE_DEVICES: [0]
[I 2023-11-30 01:47:37,161] Trial 54 finished with value: 34.1424674987793 and parameters: {'gradient_clip_val': 0.15914523090439756, 'hidden_size': 45, 'dropout': 0.3475159034015318, 'hidden_continuous_size': 25, 'attention_head_size': 3, 'learning_rate': 0.015226405548040169}. Best is trial 53 with value: 30.03006935119629.
LOCAL_RANK: 0 - CUDA_VISIBLE_DEVICES: [0]
[I 2023-11-30 01:47:50,038] Trial 55 finished with value: 32.979698181152344 and parameters: {'gradient_clip_val': 0.135505131073888, 'hidden_size': 41, 'dropout': 0.3395731411968609, 'hidden_continuous_size': 26, 'attention_head_size': 3, 'learning_rate': 0.017987453256875948}. Best is trial 53 with value: 30.03006935119629.
LOCAL_RANK: 0 - CUDA_VISIBLE_DEVICES: [0]
[I 2023-11-30 01:48:03,764] Trial 56 finished with value: 36.78445053100586 and parameters: {'gradient_clip_val': 0.17198536555177427, 'hidden_size': 77, 'dropout': 0.3064096347551198, 'hidden_continuous_size': 31, 'attention_head_size': 3, 'learning_rate': 0.009637551331127838}. Best is trial 53 with value: 30.03006935119629.
LOCAL_RANK: 0 - CUDA_VISIBLE_DEVICES: [0]
[I 2023-11-30 01:48:17,543] Trial 57 finished with value: 30.654382705688477 and parameters: {'gradient_clip_val': 0.18063840434579, 'hidden_size': 90, 'dropout': 0.38905078653113834, 'hidden_continuous_size': 34, 'attention_head_size': 3, 'learning_rate': 0.005877938857365614}. Best is trial 53 with value: 30.03006935119629.
LOCAL_RANK: 0 - CUDA_VISIBLE_DEVICES: [0]
[I 2023-11-30 01:48:30,816] Trial 58 finished with value: 33.41107177734375 and parameters: {'gradient_clip_val': 0.1975119847438027, 'hidden_size': 51, 'dropout': 0.38861451920814394, 'hidden_continuous_size': 28, 'attention_head_size': 4, 'learning_rate': 0.006347576203808265}. Best is trial 53 with value: 30.03006935119629.
LOCAL_RANK: 0 - CUDA_VISIBLE_DEVICES: [0]
[I 2023-11-30 01:48:44,386] Trial 59 finished with value: 36.033241271972656 and parameters: {'gradient_clip_val': 0.22254297683973154, 'hidden_size': 65, 'dropout': 0.39024978282502587, 'hidden_continuous_size': 34, 'attention_head_size': 3, 'learning_rate': 0.007185531917721298}. Best is trial 53 with value: 30.03006935119629.
LOCAL_RANK: 0 - CUDA_VISIBLE_DEVICES: [0]
[I 2023-11-30 01:48:57,835] Trial 60 finished with value: 33.74790573120117 and parameters: {'gradient_clip_val': 0.1806498294757336, 'hidden_size': 88, 'dropout': 0.3702394743155868, 'hidden_continuous_size': 20, 'attention_head_size': 3, 'learning_rate': 0.008855812581214845}. Best is trial 53 with value: 30.03006935119629.
LOCAL_RANK: 0 - CUDA_VISIBLE_DEVICES: [0]
[I 2023-11-30 01:49:11,463] Trial 61 finished with value: 32.555728912353516 and parameters: {'gradient_clip_val': 0.144318531453883, 'hidden_size': 80, 'dropout': 0.35327438081464513, 'hidden_continuous_size': 30, 'attention_head_size': 3, 'learning_rate': 0.005044437691280938}. Best is trial 53 with value: 30.03006935119629.
LOCAL_RANK: 0 - CUDA_VISIBLE_DEVICES: [0]
[I 2023-11-30 01:49:25,347] Trial 62 finished with value: 35.26839828491211 and parameters: {'gradient_clip_val': 0.15637068624708356, 'hidden_size': 104, 'dropout': 0.3683477971858355, 'hidden_continuous_size': 33, 'attention_head_size': 3, 'learning_rate': 0.0061305063150045}. Best is trial 53 with value: 30.03006935119629.
LOCAL_RANK: 0 - CUDA_VISIBLE_DEVICES: [0]
[I 2023-11-30 01:49:39,043] Trial 63 finished with value: 37.24366760253906 and parameters: {'gradient_clip_val': 0.17310617242190943, 'hidden_size': 91, 'dropout': 0.3588324062188339, 'hidden_continuous_size': 27, 'attention_head_size': 3, 'learning_rate': 0.01058039380880294}. Best is trial 53 with value: 30.03006935119629.
LOCAL_RANK: 0 - CUDA_VISIBLE_DEVICES: [0]
[I 2023-11-30 01:49:53,164] Trial 64 finished with value: 34.24370193481445 and parameters: {'gradient_clip_val': 0.13115057829323729, 'hidden_size': 123, 'dropout': 0.3831669387628795, 'hidden_continuous_size': 39, 'attention_head_size': 3, 'learning_rate': 0.003653582356404139}. Best is trial 53 with value: 30.03006935119629.
LOCAL_RANK: 0 - CUDA_VISIBLE_DEVICES: [0]
[I 2023-11-30 01:50:06,684] Trial 65 finished with value: 36.73103713989258 and parameters: {'gradient_clip_val': 0.19468219864962635, 'hidden_size': 73, 'dropout': 0.39988713895380085, 'hidden_continuous_size': 24, 'attention_head_size': 2, 'learning_rate': 0.007728396504403487}. Best is trial 53 with value: 30.03006935119629.
LOCAL_RANK: 0 - CUDA_VISIBLE_DEVICES: [0]
[I 2023-11-30 01:50:20,153] Trial 66 finished with value: 55.69881057739258 and parameters: {'gradient_clip_val': 0.14314672028730518, 'hidden_size': 59, 'dropout': 0.37341928972339455, 'hidden_continuous_size': 25, 'attention_head_size': 3, 'learning_rate': 0.0031208608704978535}. Best is trial 53 with value: 30.03006935119629.
LOCAL_RANK: 0 - CUDA_VISIBLE_DEVICES: [0]
[I 2023-11-30 01:50:34,043] Trial 67 finished with value: 39.106624603271484 and parameters: {'gradient_clip_val': 0.10897507290264362, 'hidden_size': 102, 'dropout': 0.3369923555357252, 'hidden_continuous_size': 32, 'attention_head_size': 3, 'learning_rate': 0.004634889557632928}. Best is trial 53 with value: 30.03006935119629.
LOCAL_RANK: 0 - CUDA_VISIBLE_DEVICES: [0]
[I 2023-11-30 01:50:47,663] Trial 68 finished with value: 31.184402465820312 and parameters: {'gradient_clip_val': 0.10128625219964983, 'hidden_size': 83, 'dropout': 0.36989076644178975, 'hidden_continuous_size': 29, 'attention_head_size': 3, 'learning_rate': 0.005668929809759595}. Best is trial 53 with value: 30.03006935119629.
LOCAL_RANK: 0 - CUDA_VISIBLE_DEVICES: [0]
[I 2023-11-30 01:51:01,103] Trial 69 finished with value: 32.09090042114258 and parameters: {'gradient_clip_val': 0.269176240834634, 'hidden_size': 68, 'dropout': 0.37145890020600575, 'hidden_continuous_size': 30, 'attention_head_size': 3, 'learning_rate': 0.007962478569538262}. Best is trial 53 with value: 30.03006935119629.
LOCAL_RANK: 0 - CUDA_VISIBLE_DEVICES: [0]
[I 2023-11-30 01:51:14,742] Trial 70 finished with value: 38.161354064941406 and parameters: {'gradient_clip_val': 0.20912624279062153, 'hidden_size': 81, 'dropout': 0.38791591460079977, 'hidden_continuous_size': 29, 'attention_head_size': 3, 'learning_rate': 0.013761234062572639}. Best is trial 53 with value: 30.03006935119629.
LOCAL_RANK: 0 - CUDA_VISIBLE_DEVICES: [0]
[I 2023-11-30 01:51:28,744] Trial 71 finished with value: 36.12302017211914 and parameters: {'gradient_clip_val': 0.10245849844272559, 'hidden_size': 91, 'dropout': 0.3538237341096812, 'hidden_continuous_size': 36, 'attention_head_size': 3, 'learning_rate': 0.006177235410032211}. Best is trial 53 with value: 30.03006935119629.
LOCAL_RANK: 0 - CUDA_VISIBLE_DEVICES: [0]
[I 2023-11-30 01:51:42,506] Trial 72 finished with value: 34.40706253051758 and parameters: {'gradient_clip_val': 0.11940256458107865, 'hidden_size': 98, 'dropout': 0.36465499937048595, 'hidden_continuous_size': 27, 'attention_head_size': 3, 'learning_rate': 0.004310507413180705}. Best is trial 53 with value: 30.03006935119629.
LOCAL_RANK: 0 - CUDA_VISIBLE_DEVICES: [0]
[I 2023-11-30 01:51:55,930] Trial 73 finished with value: 31.625574111938477 and parameters: {'gradient_clip_val': 0.10828640151011844, 'hidden_size': 83, 'dropout': 0.3785859716067325, 'hidden_continuous_size': 21, 'attention_head_size': 3, 'learning_rate': 0.00547573865109165}. Best is trial 53 with value: 30.03006935119629.
LOCAL_RANK: 0 - CUDA_VISIBLE_DEVICES: [0]
[I 2023-11-30 01:52:09,467] Trial 74 finished with value: 37.29924011230469 and parameters: {'gradient_clip_val': 0.13057253263994195, 'hidden_size': 76, 'dropout': 0.3996669039439908, 'hidden_continuous_size': 21, 'attention_head_size': 3, 'learning_rate': 0.005776561460363919}. Best is trial 53 with value: 30.03006935119629.
LOCAL_RANK: 0 - CUDA_VISIBLE_DEVICES: [0]
[I 2023-11-30 01:52:23,150] Trial 75 finished with value: 33.81639099121094 and parameters: {'gradient_clip_val': 0.10770707074384338, 'hidden_size': 86, 'dropout': 0.37967026382410834, 'hidden_continuous_size': 19, 'attention_head_size': 3, 'learning_rate': 0.00542685663304021}. Best is trial 53 with value: 30.03006935119629.
LOCAL_RANK: 0 - CUDA_VISIBLE_DEVICES: [0]
[I 2023-11-30 01:52:36,628] Trial 76 finished with value: 32.75424575805664 and parameters: {'gradient_clip_val': 0.15383945263840273, 'hidden_size': 62, 'dropout': 0.3750891291708894, 'hidden_continuous_size': 22, 'attention_head_size': 3, 'learning_rate': 0.006882892451226388}. Best is trial 53 with value: 30.03006935119629.
LOCAL_RANK: 0 - CUDA_VISIBLE_DEVICES: [0]
[I 2023-11-30 01:52:50,204] Trial 77 finished with value: 34.7037467956543 and parameters: {'gradient_clip_val': 0.11508300071264109, 'hidden_size': 71, 'dropout': 0.3463686691605268, 'hidden_continuous_size': 24, 'attention_head_size': 4, 'learning_rate': 0.009485637077431087}. Best is trial 53 with value: 30.03006935119629.
LOCAL_RANK: 0 - CUDA_VISIBLE_DEVICES: [0]
