[I 2023-11-29 22:58:47,088] Trial 7 finished with value: 93.05313110351562 and parameters: {'gradient_clip_val': 0.1724924706158813, 'hidden_size': 41, 'dropout': 0.22365670779873398, 'hidden_continuous_size': 22, 'attention_head_size': 4, 'learning_rate': 0.00430992765287522}. Best is trial 5 with value: 78.29874420166016.
LOCAL_RANK: 0 - CUDA_VISIBLE_DEVICES: [0]
[I 2023-11-29 22:58:59,067] Trial 8 finished with value: 90.26995849609375 and parameters: {'gradient_clip_val': 0.7412557887765037, 'hidden_size': 15, 'dropout': 0.14682261696248253, 'hidden_continuous_size': 10, 'attention_head_size': 4, 'learning_rate': 0.08353250061149069}. Best is trial 5 with value: 78.29874420166016.
LOCAL_RANK: 0 - CUDA_VISIBLE_DEVICES: [0]
[I 2023-11-29 22:59:11,367] Trial 9 finished with value: 103.45951080322266 and parameters: {'gradient_clip_val': 0.11919911350028957, 'hidden_size': 26, 'dropout': 0.35514933043816466, 'hidden_continuous_size': 11, 'attention_head_size': 4, 'learning_rate': 0.004375091605273722}. Best is trial 5 with value: 78.29874420166016.
LOCAL_RANK: 0 - CUDA_VISIBLE_DEVICES: [0]
[I 2023-11-29 22:59:25,136] Trial 10 finished with value: 114.8381576538086 and parameters: {'gradient_clip_val': 0.4483325806901549, 'hidden_size': 101, 'dropout': 0.37591537011033427, 'hidden_continuous_size': 60, 'attention_head_size': 2, 'learning_rate': 0.0010976351464101698}. Best is trial 5 with value: 78.29874420166016.
LOCAL_RANK: 0 - CUDA_VISIBLE_DEVICES: [0]
[I 2023-11-29 22:59:38,216] Trial 11 finished with value: 87.590576171875 and parameters: {'gradient_clip_val': 0.3322480872236043, 'hidden_size': 57, 'dropout': 0.2987883197065148, 'hidden_continuous_size': 32, 'attention_head_size': 1, 'learning_rate': 0.017204048453143467}. Best is trial 5 with value: 78.29874420166016.
LOCAL_RANK: 0 - CUDA_VISIBLE_DEVICES: [0]
[I 2023-11-29 22:59:51,388] Trial 12 finished with value: 88.2056884765625 and parameters: {'gradient_clip_val': 0.35523027716129874, 'hidden_size': 68, 'dropout': 0.30780891995612847, 'hidden_continuous_size': 30, 'attention_head_size': 2, 'learning_rate': 0.009302194776703456}. Best is trial 5 with value: 78.29874420166016.
LOCAL_RANK: 0 - CUDA_VISIBLE_DEVICES: [0]
[I 2023-11-29 23:00:05,290] Trial 13 finished with value: 94.8817367553711 and parameters: {'gradient_clip_val': 0.31689391909391307, 'hidden_size': 140, 'dropout': 0.32155410710035714, 'hidden_continuous_size': 53, 'attention_head_size': 1, 'learning_rate': 0.0168051871219159}. Best is trial 5 with value: 78.29874420166016.
LOCAL_RANK: 0 - CUDA_VISIBLE_DEVICES: [0]
[I 2023-11-29 23:00:18,534] Trial 14 finished with value: 78.99019622802734 and parameters: {'gradient_clip_val': 0.4408349230504878, 'hidden_size': 66, 'dropout': 0.3926898384960712, 'hidden_continuous_size': 27, 'attention_head_size': 2, 'learning_rate': 0.0183562680657975}. Best is trial 5 with value: 78.29874420166016.
LOCAL_RANK: 0 - CUDA_VISIBLE_DEVICES: [0]
[I 2023-11-29 23:00:31,686] Trial 15 finished with value: 80.2574234008789 and parameters: {'gradient_clip_val': 0.5112566715447103, 'hidden_size': 74, 'dropout': 0.3868616729448302, 'hidden_continuous_size': 25, 'attention_head_size': 2, 'learning_rate': 0.013517239719945466}. Best is trial 5 with value: 78.29874420166016.
LOCAL_RANK: 0 - CUDA_VISIBLE_DEVICES: [0]
[I 2023-11-29 23:00:43,981] Trial 16 finished with value: 78.939453125 and parameters: {'gradient_clip_val': 0.44489713380681956, 'hidden_size': 36, 'dropout': 0.395037700321311, 'hidden_continuous_size': 22, 'attention_head_size': 2, 'learning_rate': 0.03271395435155878}. Best is trial 5 with value: 78.29874420166016.
LOCAL_RANK: 0 - CUDA_VISIBLE_DEVICES: [0]
[I 2023-11-29 23:00:54,026] Trial 17 finished with value: 88.09228515625 and parameters: {'gradient_clip_val': 0.6173122252746922, 'hidden_size': 10, 'dropout': 0.39652079481839464, 'hidden_continuous_size': 10, 'attention_head_size': 3, 'learning_rate': 0.04852535483542461}. Best is trial 5 with value: 78.29874420166016.
LOCAL_RANK: 0 - CUDA_VISIBLE_DEVICES: [0]
[I 2023-11-29 23:01:06,438] Trial 18 finished with value: 97.08281707763672 and parameters: {'gradient_clip_val': 0.255581674994279, 'hidden_size': 33, 'dropout': 0.3416926334551748, 'hidden_continuous_size': 19, 'attention_head_size': 2, 'learning_rate': 0.03280824058391578}. Best is trial 5 with value: 78.29874420166016.
LOCAL_RANK: 0 - CUDA_VISIBLE_DEVICES: [0]
[I 2023-11-29 23:01:18,780] Trial 19 finished with value: 91.6248550415039 and parameters: {'gradient_clip_val': 0.37161309009022303, 'hidden_size': 36, 'dropout': 0.3392724666270132, 'hidden_continuous_size': 15, 'attention_head_size': 3, 'learning_rate': 0.09946356708220067}. Best is trial 5 with value: 78.29874420166016.
LOCAL_RANK: 0 - CUDA_VISIBLE_DEVICES: [0]
[I 2023-11-29 23:01:31,133] Trial 20 finished with value: 91.3288345336914 and parameters: {'gradient_clip_val': 0.4239185054460062, 'hidden_size': 48, 'dropout': 0.3990318964373436, 'hidden_continuous_size': 22, 'attention_head_size': 2, 'learning_rate': 0.008256150559134836}. Best is trial 5 with value: 78.29874420166016.
LOCAL_RANK: 0 - CUDA_VISIBLE_DEVICES: [0]
[I 2023-11-29 23:01:44,219] Trial 21 finished with value: 89.87686920166016 and parameters: {'gradient_clip_val': 0.42121129032089977, 'hidden_size': 73, 'dropout': 0.3701865113452665, 'hidden_continuous_size': 26, 'attention_head_size': 2, 'learning_rate': 0.029165299912427545}. Best is trial 5 with value: 78.29874420166016.
LOCAL_RANK: 0 - CUDA_VISIBLE_DEVICES: [0]
[I 2023-11-29 23:01:56,820] Trial 22 finished with value: 78.50879669189453 and parameters: {'gradient_clip_val': 0.594298478028722, 'hidden_size': 43, 'dropout': 0.37089185470169367, 'hidden_continuous_size': 21, 'attention_head_size': 2, 'learning_rate': 0.02102755236260453}. Best is trial 5 with value: 78.29874420166016.
LOCAL_RANK: 0 - CUDA_VISIBLE_DEVICES: [0]
[I 2023-11-29 23:02:09,191] Trial 23 finished with value: 81.39947509765625 and parameters: {'gradient_clip_val': 0.5783828434857166, 'hidden_size': 32, 'dropout': 0.35976682114696534, 'hidden_continuous_size': 20, 'attention_head_size': 2, 'learning_rate': 0.0131349674137461}. Best is trial 5 with value: 78.29874420166016.
LOCAL_RANK: 0 - CUDA_VISIBLE_DEVICES: [0]
[I 2023-11-29 23:02:21,648] Trial 24 finished with value: 84.8184585571289 and parameters: {'gradient_clip_val': 0.6886094746350455, 'hidden_size': 44, 'dropout': 0.33480063467122906, 'hidden_continuous_size': 17, 'attention_head_size': 3, 'learning_rate': 0.0228488455323057}. Best is trial 5 with value: 78.29874420166016.
LOCAL_RANK: 0 - CUDA_VISIBLE_DEVICES: [0]
[I 2023-11-29 23:02:34,029] Trial 25 finished with value: 86.22998809814453 and parameters: {'gradient_clip_val': 0.7744291226352837, 'hidden_size': 42, 'dropout': 0.3723016751613238, 'hidden_continuous_size': 22, 'attention_head_size': 1, 'learning_rate': 0.03523337341371617}. Best is trial 5 with value: 78.29874420166016.
LOCAL_RANK: 0 - CUDA_VISIBLE_DEVICES: [0]
[I 2023-11-29 23:02:46,295] Trial 26 finished with value: 84.26542663574219 and parameters: {'gradient_clip_val': 0.5096674238708705, 'hidden_size': 30, 'dropout': 0.2971707022079091, 'hidden_continuous_size': 21, 'attention_head_size': 2, 'learning_rate': 0.05253359240211869}. Best is trial 5 with value: 78.29874420166016.
LOCAL_RANK: 0 - CUDA_VISIBLE_DEVICES: [0]
[I 2023-11-29 23:02:58,708] Trial 27 finished with value: 83.30118560791016 and parameters: {'gradient_clip_val': 0.27873585137109663, 'hidden_size': 40, 'dropout': 0.37817231119801265, 'hidden_continuous_size': 14, 'attention_head_size': 3, 'learning_rate': 0.022585540228871864}. Best is trial 5 with value: 78.29874420166016.
LOCAL_RANK: 0 - CUDA_VISIBLE_DEVICES: [0]
[I 2023-11-29 23:03:11,577] Trial 28 finished with value: 84.7966537475586 and parameters: {'gradient_clip_val': 0.6100716506877792, 'hidden_size': 54, 'dropout': 0.3492238819150372, 'hidden_continuous_size': 19, 'attention_head_size': 2, 'learning_rate': 0.012875041717033677}. Best is trial 5 with value: 78.29874420166016.
LOCAL_RANK: 0 - CUDA_VISIBLE_DEVICES: [0]
[I 2023-11-29 23:03:23,408] Trial 29 finished with value: 117.12398529052734 and parameters: {'gradient_clip_val': 0.511040189273952, 'hidden_size': 28, 'dropout': 0.27750294498486683, 'hidden_continuous_size': 17, 'attention_head_size': 1, 'learning_rate': 0.005733775457542106}. Best is trial 5 with value: 78.29874420166016.
LOCAL_RANK: 0 - CUDA_VISIBLE_DEVICES: [0]
[I 2023-11-29 23:03:35,617] Trial 30 finished with value: 89.28104400634766 and parameters: {'gradient_clip_val': 0.3758796645583946, 'hidden_size': 36, 'dropout': 0.3223811386657019, 'hidden_continuous_size': 24, 'attention_head_size': 2, 'learning_rate': 0.008448709195164095}. Best is trial 5 with value: 78.29874420166016.
LOCAL_RANK: 0 - CUDA_VISIBLE_DEVICES: [0]
[I 2023-11-29 23:03:48,643] Trial 31 finished with value: 74.40438842773438 and parameters: {'gradient_clip_val': 0.4659639140143095, 'hidden_size': 65, 'dropout': 0.3919595802394266, 'hidden_continuous_size': 25, 'attention_head_size': 2, 'learning_rate': 0.01966414728546522}. Best is trial 31 with value: 74.40438842773438.
LOCAL_RANK: 0 - CUDA_VISIBLE_DEVICES: [0]
[I 2023-11-29 23:04:01,669] Trial 32 finished with value: 76.30628967285156 and parameters: {'gradient_clip_val': 0.49327691057296597, 'hidden_size': 59, 'dropout': 0.37886367131579524, 'hidden_continuous_size': 24, 'attention_head_size': 2, 'learning_rate': 0.011907585330045512}. Best is trial 31 with value: 74.40438842773438.
LOCAL_RANK: 0 - CUDA_VISIBLE_DEVICES: [0]
[I 2023-11-29 23:04:15,013] Trial 33 finished with value: 82.00112915039062 and parameters: {'gradient_clip_val': 0.8172612008921646, 'hidden_size': 84, 'dropout': 0.36531107218596476, 'hidden_continuous_size': 34, 'attention_head_size': 2, 'learning_rate': 0.011328480502938991}. Best is trial 31 with value: 74.40438842773438.
LOCAL_RANK: 0 - CUDA_VISIBLE_DEVICES: [0]
[I 2023-11-29 23:04:28,005] Trial 34 finished with value: 93.54261016845703 and parameters: {'gradient_clip_val': 0.5479290939439512, 'hidden_size': 57, 'dropout': 0.3501326529269696, 'hidden_continuous_size': 27, 'attention_head_size': 3, 'learning_rate': 0.010051031582799156}. Best is trial 31 with value: 74.40438842773438.
LOCAL_RANK: 0 - CUDA_VISIBLE_DEVICES: [0]
[I 2023-11-29 23:04:40,466] Trial 35 finished with value: 92.28143310546875 and parameters: {'gradient_clip_val': 0.6615150713471745, 'hidden_size': 48, 'dropout': 0.37703648562491077, 'hidden_continuous_size': 24, 'attention_head_size': 1, 'learning_rate': 0.006589678199410401}. Best is trial 31 with value: 74.40438842773438.
LOCAL_RANK: 0 - CUDA_VISIBLE_DEVICES: [0]
[I 2023-11-29 23:04:52,474] Trial 36 finished with value: 282.47833251953125 and parameters: {'gradient_clip_val': 0.8950494321028335, 'hidden_size': 23, 'dropout': 0.35842827206758265, 'hidden_continuous_size': 14, 'attention_head_size': 3, 'learning_rate': 0.0025249987616260774}. Best is trial 31 with value: 74.40438842773438.
LOCAL_RANK: 0 - CUDA_VISIBLE_DEVICES: [0]
[I 2023-11-29 23:05:05,214] Trial 37 finished with value: 95.68924713134766 and parameters: {'gradient_clip_val': 0.6777168410307877, 'hidden_size': 61, 'dropout': 0.3830948290231372, 'hidden_continuous_size': 18, 'attention_head_size': 2, 'learning_rate': 0.016813815439969803}. Best is trial 31 with value: 74.40438842773438.
LOCAL_RANK: 0 - CUDA_VISIBLE_DEVICES: [0]
[I 2023-11-29 23:05:17,854] Trial 38 finished with value: 97.79109954833984 and parameters: {'gradient_clip_val': 0.5562176903562897, 'hidden_size': 47, 'dropout': 0.3279530635574694, 'hidden_continuous_size': 20, 'attention_head_size': 1, 'learning_rate': 0.006806940624230435}. Best is trial 31 with value: 74.40438842773438.
LOCAL_RANK: 0 - CUDA_VISIBLE_DEVICES: [0]
[I 2023-11-29 23:05:30,591] Trial 39 finished with value: 74.28390502929688 and parameters: {'gradient_clip_val': 0.3928557318048335, 'hidden_size': 52, 'dropout': 0.39953969261311445, 'hidden_continuous_size': 28, 'attention_head_size': 2, 'learning_rate': 0.011077569810316126}. Best is trial 39 with value: 74.28390502929688.
LOCAL_RANK: 0 - CUDA_VISIBLE_DEVICES: [0]
[I 2023-11-29 23:05:44,200] Trial 40 finished with value: 115.2071762084961 and parameters: {'gradient_clip_val': 0.29610334796324733, 'hidden_size': 91, 'dropout': 0.3978157783105085, 'hidden_continuous_size': 38, 'attention_head_size': 3, 'learning_rate': 0.00538593118940492}. Best is trial 39 with value: 74.28390502929688.
LOCAL_RANK: 0 - CUDA_VISIBLE_DEVICES: [0]
[I 2023-11-29 23:05:56,780] Trial 41 finished with value: 81.2833251953125 and parameters: {'gradient_clip_val': 0.3881579487128482, 'hidden_size': 52, 'dropout': 0.3638957703159337, 'hidden_continuous_size': 29, 'attention_head_size': 2, 'learning_rate': 0.010938171888902136}. Best is trial 39 with value: 74.28390502929688.
LOCAL_RANK: 0 - CUDA_VISIBLE_DEVICES: [0]
[I 2023-11-29 23:06:09,718] Trial 42 finished with value: 73.84614562988281 and parameters: {'gradient_clip_val': 0.4811796738181827, 'hidden_size': 60, 'dropout': 0.38013663494304933, 'hidden_continuous_size': 24, 'attention_head_size': 2, 'learning_rate': 0.01415389530767918}. Best is trial 42 with value: 73.84614562988281.
LOCAL_RANK: 0 - CUDA_VISIBLE_DEVICES: [0]
[I 2023-11-29 23:06:22,790] Trial 43 finished with value: 93.06442260742188 and parameters: {'gradient_clip_val': 0.4836676010130526, 'hidden_size': 58, 'dropout': 0.3497832803888234, 'hidden_continuous_size': 24, 'attention_head_size': 2, 'learning_rate': 0.015171167255129799}. Best is trial 42 with value: 73.84614562988281.
LOCAL_RANK: 0 - CUDA_VISIBLE_DEVICES: [0]
[I 2023-11-29 23:06:35,802] Trial 44 finished with value: 96.19635009765625 and parameters: {'gradient_clip_val': 0.3458106500378595, 'hidden_size': 64, 'dropout': 0.38297070500550334, 'hidden_continuous_size': 28, 'attention_head_size': 2, 'learning_rate': 0.008969732056769123}. Best is trial 42 with value: 73.84614562988281.
LOCAL_RANK: 0 - CUDA_VISIBLE_DEVICES: [0]
[I 2023-11-29 23:06:48,304] Trial 45 finished with value: 92.30802154541016 and parameters: {'gradient_clip_val': 0.47124093301954445, 'hidden_size': 52, 'dropout': 0.38438848685884475, 'hidden_continuous_size': 25, 'attention_head_size': 2, 'learning_rate': 0.011429016681363079}. Best is trial 42 with value: 73.84614562988281.
LOCAL_RANK: 0 - CUDA_VISIBLE_DEVICES: [0]
[I 2023-11-29 23:07:01,285] Trial 46 finished with value: 94.30422973632812 and parameters: {'gradient_clip_val': 0.39210846323706794, 'hidden_size': 72, 'dropout': 0.3610073037171116, 'hidden_continuous_size': 30, 'attention_head_size': 1, 'learning_rate': 0.014887177177299088}. Best is trial 42 with value: 73.84614562988281.
LOCAL_RANK: 0 - CUDA_VISIBLE_DEVICES: [0]
[I 2023-11-29 23:07:14,379] Trial 47 finished with value: 83.91333770751953 and parameters: {'gradient_clip_val': 0.33123499121377487, 'hidden_size': 62, 'dropout': 0.3981615878600472, 'hidden_continuous_size': 32, 'attention_head_size': 2, 'learning_rate': 0.0035987142543055066}. Best is trial 42 with value: 73.84614562988281.
LOCAL_RANK: 0 - CUDA_VISIBLE_DEVICES: [0]
[I 2023-11-29 23:07:27,983] Trial 48 finished with value: 97.9968032836914 and parameters: {'gradient_clip_val': 0.4116456141602968, 'hidden_size': 82, 'dropout': 0.23271425132892634, 'hidden_continuous_size': 37, 'attention_head_size': 2, 'learning_rate': 0.01989028796505435}. Best is trial 42 with value: 73.84614562988281.
LOCAL_RANK: 0 - CUDA_VISIBLE_DEVICES: [0]
[I 2023-11-29 23:07:41,117] Trial 49 finished with value: 97.81548309326172 and parameters: {'gradient_clip_val': 0.4858566008741741, 'hidden_size': 66, 'dropout': 0.3848387243898034, 'hidden_continuous_size': 26, 'attention_head_size': 2, 'learning_rate': 0.007157035437239781}. Best is trial 42 with value: 73.84614562988281.
LOCAL_RANK: 0 - CUDA_VISIBLE_DEVICES: [0]
[I 2023-11-29 23:07:54,533] Trial 50 finished with value: 94.4642105102539 and parameters: {'gradient_clip_val': 0.45920634338230815, 'hidden_size': 97, 'dropout': 0.34672126790853247, 'hidden_continuous_size': 34, 'attention_head_size': 1, 'learning_rate': 0.017479088999127278}. Best is trial 42 with value: 73.84614562988281.
LOCAL_RANK: 0 - CUDA_VISIBLE_DEVICES: [0]
[I 2023-11-29 23:08:06,989] Trial 51 finished with value: 80.98526000976562 and parameters: {'gradient_clip_val': 0.5667662751173739, 'hidden_size': 44, 'dropout': 0.3676661239668683, 'hidden_continuous_size': 23, 'attention_head_size': 2, 'learning_rate': 0.013768102225898131}. Best is trial 42 with value: 73.84614562988281.
LOCAL_RANK: 0 - CUDA_VISIBLE_DEVICES: [0]
[I 2023-11-29 23:08:19,766] Trial 52 finished with value: 81.4438705444336 and parameters: {'gradient_clip_val': 0.5283529152520531, 'hidden_size': 55, 'dropout': 0.3765088784116775, 'hidden_continuous_size': 21, 'attention_head_size': 2, 'learning_rate': 0.020386857420406333}. Best is trial 42 with value: 73.84614562988281.
LOCAL_RANK: 0 - CUDA_VISIBLE_DEVICES: [0]
[I 2023-11-29 23:08:32,551] Trial 53 finished with value: 116.23363494873047 and parameters: {'gradient_clip_val': 0.35823842463016364, 'hidden_size': 49, 'dropout': 0.3882645795773433, 'hidden_continuous_size': 23, 'attention_head_size': 2, 'learning_rate': 0.02599836884389588}. Best is trial 42 with value: 73.84614562988281.
LOCAL_RANK: 0 - CUDA_VISIBLE_DEVICES: [0]
[I 2023-11-29 23:08:45,094] Trial 54 finished with value: 89.1852035522461 and parameters: {'gradient_clip_val': 0.4431855825069535, 'hidden_size': 39, 'dropout': 0.36870759016880655, 'hidden_continuous_size': 25, 'attention_head_size': 2, 'learning_rate': 0.00978834659972177}. Best is trial 42 with value: 73.84614562988281.
LOCAL_RANK: 0 - CUDA_VISIBLE_DEVICES: [0]
[I 2023-11-29 23:08:58,082] Trial 55 finished with value: 92.9107666015625 and parameters: {'gradient_clip_val': 0.24673214492689213, 'hidden_size': 59, 'dropout': 0.33755256278348106, 'hidden_continuous_size': 27, 'attention_head_size': 2, 'learning_rate': 0.012187282177580014}. Best is trial 42 with value: 73.84614562988281.
LOCAL_RANK: 0 - CUDA_VISIBLE_DEVICES: [0]
[I 2023-11-29 23:09:10,675] Trial 56 finished with value: 87.6599349975586 and parameters: {'gradient_clip_val': 0.3122884094192927, 'hidden_size': 45, 'dropout': 0.3903583734156279, 'hidden_continuous_size': 23, 'attention_head_size': 2, 'learning_rate': 0.019936954120588633}. Best is trial 42 with value: 73.84614562988281.
LOCAL_RANK: 0 - CUDA_VISIBLE_DEVICES: [0]
[I 2023-11-29 23:09:23,754] Trial 57 finished with value: 86.95687103271484 and parameters: {'gradient_clip_val': 0.4024903535798102, 'hidden_size': 68, 'dropout': 0.35429062296027375, 'hidden_continuous_size': 28, 'attention_head_size': 2, 'learning_rate': 0.014670226609493492}. Best is trial 42 with value: 73.84614562988281.
LOCAL_RANK: 0 - CUDA_VISIBLE_DEVICES: [0]
[I 2023-11-29 23:09:36,983] Trial 58 finished with value: 80.57462310791016 and parameters: {'gradient_clip_val': 0.42693498224095916, 'hidden_size': 76, 'dropout': 0.3748520099483907, 'hidden_continuous_size': 20, 'attention_head_size': 2, 'learning_rate': 0.008113157138220686}. Best is trial 42 with value: 73.84614562988281.
LOCAL_RANK: 0 - CUDA_VISIBLE_DEVICES: [0]
[I 2023-11-29 23:09:49,663] Trial 59 finished with value: 162.5355682373047 and parameters: {'gradient_clip_val': 0.5881912719523269, 'hidden_size': 51, 'dropout': 0.39937640387101486, 'hidden_continuous_size': 21, 'attention_head_size': 3, 'learning_rate': 0.0014320519022321693}. Best is trial 42 with value: 73.84614562988281.
LOCAL_RANK: 0 - CUDA_VISIBLE_DEVICES: [0]
[I 2023-11-29 23:10:02,215] Trial 60 finished with value: 84.36321258544922 and parameters: {'gradient_clip_val': 0.6307013759934471, 'hidden_size': 41, 'dropout': 0.35749865516261614, 'hidden_continuous_size': 22, 'attention_head_size': 2, 'learning_rate': 0.02450082114646557}. Best is trial 42 with value: 73.84614562988281.
LOCAL_RANK: 0 - CUDA_VISIBLE_DEVICES: [0]
[I 2023-11-29 23:10:14,640] Trial 61 finished with value: 71.66043090820312 and parameters: {'gradient_clip_val': 0.4580144514166809, 'hidden_size': 37, 'dropout': 0.39111211370205756, 'hidden_continuous_size': 23, 'attention_head_size': 2, 'learning_rate': 0.028395097201853042}. Best is trial 61 with value: 71.66043090820312.
LOCAL_RANK: 0 - CUDA_VISIBLE_DEVICES: [0]
[I 2023-11-29 23:10:26,926] Trial 62 finished with value: 80.54271697998047 and parameters: {'gradient_clip_val': 0.47815677666827205, 'hidden_size': 36, 'dropout': 0.38454007549562463, 'hidden_continuous_size': 25, 'attention_head_size': 2, 'learning_rate': 0.02782357730888132}. Best is trial 61 with value: 71.66043090820312.
LOCAL_RANK: 0 - CUDA_VISIBLE_DEVICES: [0]
[I 2023-11-29 23:10:39,539] Trial 63 finished with value: 88.36093139648438 and parameters: {'gradient_clip_val': 0.5220474742528078, 'hidden_size': 46, 'dropout': 0.3737639837247347, 'hidden_continuous_size': 23, 'attention_head_size': 2, 'learning_rate': 0.021967780764876325}. Best is trial 61 with value: 71.66043090820312.
LOCAL_RANK: 0 - CUDA_VISIBLE_DEVICES: [0]
[I 2023-11-29 23:10:52,492] Trial 64 finished with value: 73.25164031982422 and parameters: {'gradient_clip_val': 0.3660539276683251, 'hidden_size': 56, 'dropout': 0.3996356002316454, 'hidden_continuous_size': 26, 'attention_head_size': 2, 'learning_rate': 0.015147041568576752}. Best is trial 61 with value: 71.66043090820312.
LOCAL_RANK: 0 - CUDA_VISIBLE_DEVICES: [0]
[I 2023-11-29 23:11:05,646] Trial 65 finished with value: 71.65798950195312 and parameters: {'gradient_clip_val': 0.3732549048182974, 'hidden_size': 62, 'dropout': 0.39131487044391994, 'hidden_continuous_size': 26, 'attention_head_size': 4, 'learning_rate': 0.01578363636331668}. Best is trial 65 with value: 71.65798950195312.
LOCAL_RANK: 0 - CUDA_VISIBLE_DEVICES: [0]
