[I 2023-11-30 00:55:46,885] Trial 82 finished with value: 2217.108154296875 and parameters: {'gradient_clip_val': 0.16037649544536112, 'hidden_size': 147, 'dropout': 0.37459753302116816, 'hidden_continuous_size': 28, 'attention_head_size': 3, 'learning_rate': 0.005974114512750112}. Best is trial 78 with value: 1952.8665771484375.
LOCAL_RANK: 0 - CUDA_VISIBLE_DEVICES: [0]
[I 2023-11-30 00:56:00,542] Trial 83 finished with value: 2274.132568359375 and parameters: {'gradient_clip_val': 0.18720205907746898, 'hidden_size': 101, 'dropout': 0.3995565389924983, 'hidden_continuous_size': 26, 'attention_head_size': 4, 'learning_rate': 0.003614696212159714}. Best is trial 78 with value: 1952.8665771484375.
LOCAL_RANK: 0 - CUDA_VISIBLE_DEVICES: [0]
[I 2023-11-30 00:56:14,049] Trial 84 finished with value: 2395.082275390625 and parameters: {'gradient_clip_val': 0.1734238194629361, 'hidden_size': 114, 'dropout': 0.3902067746589247, 'hidden_continuous_size': 20, 'attention_head_size': 3, 'learning_rate': 0.00316695697190514}. Best is trial 78 with value: 1952.8665771484375.
LOCAL_RANK: 0 - CUDA_VISIBLE_DEVICES: [0]
[I 2023-11-30 00:56:27,767] Trial 85 finished with value: 1986.1024169921875 and parameters: {'gradient_clip_val': 0.14091639182487, 'hidden_size': 128, 'dropout': 0.3520184658470319, 'hidden_continuous_size': 22, 'attention_head_size': 4, 'learning_rate': 0.0048810414068820905}. Best is trial 78 with value: 1952.8665771484375.
LOCAL_RANK: 0 - CUDA_VISIBLE_DEVICES: [0]
[I 2023-11-30 00:56:41,725] Trial 86 finished with value: 2188.365478515625 and parameters: {'gradient_clip_val': 0.1702883968012037, 'hidden_size': 129, 'dropout': 0.36179994667826343, 'hidden_continuous_size': 22, 'attention_head_size': 4, 'learning_rate': 0.004900028489688696}. Best is trial 78 with value: 1952.8665771484375.
LOCAL_RANK: 0 - CUDA_VISIBLE_DEVICES: [0]
[I 2023-11-30 00:56:55,878] Trial 87 finished with value: 2373.610107421875 and parameters: {'gradient_clip_val': 0.14972609413887078, 'hidden_size': 141, 'dropout': 0.33964937558020786, 'hidden_continuous_size': 25, 'attention_head_size': 4, 'learning_rate': 0.006929312658320692}. Best is trial 78 with value: 1952.8665771484375.
LOCAL_RANK: 0 - CUDA_VISIBLE_DEVICES: [0]
[I 2023-11-30 00:57:09,929] Trial 88 finished with value: 2114.926513671875 and parameters: {'gradient_clip_val': 0.20090492590328166, 'hidden_size': 123, 'dropout': 0.32984041950048726, 'hidden_continuous_size': 30, 'attention_head_size': 4, 'learning_rate': 0.004003419786735155}. Best is trial 78 with value: 1952.8665771484375.
LOCAL_RANK: 0 - CUDA_VISIBLE_DEVICES: [0]
[I 2023-11-30 00:57:23,636] Trial 89 finished with value: 2224.29248046875 and parameters: {'gradient_clip_val': 0.1419728104638035, 'hidden_size': 114, 'dropout': 0.38202965265845834, 'hidden_continuous_size': 27, 'attention_head_size': 4, 'learning_rate': 0.00459097808414376}. Best is trial 78 with value: 1952.8665771484375.
LOCAL_RANK: 0 - CUDA_VISIBLE_DEVICES: [0]
[I 2023-11-30 00:57:37,133] Trial 90 finished with value: 2271.943603515625 and parameters: {'gradient_clip_val': 0.1670607596821755, 'hidden_size': 104, 'dropout': 0.3524138973495954, 'hidden_continuous_size': 25, 'attention_head_size': 4, 'learning_rate': 0.00524884075790038}. Best is trial 78 with value: 1952.8665771484375.
LOCAL_RANK: 0 - CUDA_VISIBLE_DEVICES: [0]
[I 2023-11-30 00:57:50,498] Trial 91 finished with value: 2394.893310546875 and parameters: {'gradient_clip_val': 0.11607679836369401, 'hidden_size': 94, 'dropout': 0.3463908982508271, 'hidden_continuous_size': 21, 'attention_head_size': 4, 'learning_rate': 0.0036584683229522173}. Best is trial 78 with value: 1952.8665771484375.
LOCAL_RANK: 0 - CUDA_VISIBLE_DEVICES: [0]
[I 2023-11-30 00:58:03,845] Trial 92 finished with value: 2155.915283203125 and parameters: {'gradient_clip_val': 0.13722771274347756, 'hidden_size': 81, 'dropout': 0.32807201288698185, 'hidden_continuous_size': 23, 'attention_head_size': 4, 'learning_rate': 0.00586662936036282}. Best is trial 78 with value: 1952.8665771484375.
LOCAL_RANK: 0 - CUDA_VISIBLE_DEVICES: [0]
[I 2023-11-30 00:58:17,417] Trial 93 finished with value: 2425.809814453125 and parameters: {'gradient_clip_val': 0.1563466106529695, 'hidden_size': 97, 'dropout': 0.33941407514284294, 'hidden_continuous_size': 23, 'attention_head_size': 3, 'learning_rate': 0.005402413217327862}. Best is trial 78 with value: 1952.8665771484375.
LOCAL_RANK: 0 - CUDA_VISIBLE_DEVICES: [0]
[I 2023-11-30 00:58:31,378] Trial 94 finished with value: 2416.587158203125 and parameters: {'gradient_clip_val': 0.10672273215951919, 'hidden_size': 132, 'dropout': 0.35511594959578086, 'hidden_continuous_size': 34, 'attention_head_size': 4, 'learning_rate': 0.003183502163327302}. Best is trial 78 with value: 1952.8665771484375.
LOCAL_RANK: 0 - CUDA_VISIBLE_DEVICES: [0]
[I 2023-11-30 00:58:44,667] Trial 95 finished with value: 2183.900146484375 and parameters: {'gradient_clip_val': 0.12728684019782638, 'hidden_size': 88, 'dropout': 0.37090325999924734, 'hidden_continuous_size': 27, 'attention_head_size': 4, 'learning_rate': 0.004179530007792973}. Best is trial 78 with value: 1952.8665771484375.
LOCAL_RANK: 0 - CUDA_VISIBLE_DEVICES: [0]
[I 2023-11-30 00:58:58,422] Trial 96 finished with value: 2387.699462890625 and parameters: {'gradient_clip_val': 0.14916047009379954, 'hidden_size': 118, 'dropout': 0.3624492002281035, 'hidden_continuous_size': 19, 'attention_head_size': 4, 'learning_rate': 0.004659926694064249}. Best is trial 78 with value: 1952.8665771484375.
LOCAL_RANK: 0 - CUDA_VISIBLE_DEVICES: [0]
[I 2023-11-30 00:59:12,058] Trial 97 finished with value: 2253.911865234375 and parameters: {'gradient_clip_val': 0.13328715795970544, 'hidden_size': 111, 'dropout': 0.3909615679415079, 'hidden_continuous_size': 29, 'attention_head_size': 4, 'learning_rate': 0.006844023695645445}. Best is trial 78 with value: 1952.8665771484375.
LOCAL_RANK: 0 - CUDA_VISIBLE_DEVICES: [0]
[I 2023-11-30 00:59:26,490] Trial 98 finished with value: 2419.681884765625 and parameters: {'gradient_clip_val': 0.11643355476989926, 'hidden_size': 150, 'dropout': 0.3834275361065505, 'hidden_continuous_size': 31, 'attention_head_size': 4, 'learning_rate': 0.006223112322680794}. Best is trial 78 with value: 1952.8665771484375.
LOCAL_RANK: 0 - CUDA_VISIBLE_DEVICES: [0]
[I 2023-11-30 00:59:39,998] Trial 99 finished with value: 2235.473876953125 and parameters: {'gradient_clip_val': 0.16101761414402466, 'hidden_size': 101, 'dropout': 0.37473371476898704, 'hidden_continuous_size': 25, 'attention_head_size': 3, 'learning_rate': 0.005611887449855403}. Best is trial 78 with value: 1952.8665771484375.
LOCAL_RANK: 0 - CUDA_VISIBLE_DEVICES: [0]
[I 2023-11-30 00:59:53,590] Trial 100 finished with value: 2192.61328125 and parameters: {'gradient_clip_val': 0.1448961278806121, 'hidden_size': 107, 'dropout': 0.3234107443796299, 'hidden_continuous_size': 21, 'attention_head_size': 4, 'learning_rate': 0.003419327385720609}. Best is trial 78 with value: 1952.8665771484375.
LOCAL_RANK: 0 - CUDA_VISIBLE_DEVICES: [0]
[I 2023-11-30 01:00:07,605] Trial 101 finished with value: 2294.127197265625 and parameters: {'gradient_clip_val': 0.1849348065709667, 'hidden_size': 135, 'dropout': 0.39199950255240856, 'hidden_continuous_size': 29, 'attention_head_size': 4, 'learning_rate': 0.005164024364341633}. Best is trial 78 with value: 1952.8665771484375.
LOCAL_RANK: 0 - CUDA_VISIBLE_DEVICES: [0]
[I 2023-11-30 01:00:21,789] Trial 102 finished with value: 2491.952880859375 and parameters: {'gradient_clip_val': 0.18210040408277306, 'hidden_size': 139, 'dropout': 0.38747493478057354, 'hidden_continuous_size': 34, 'attention_head_size': 4, 'learning_rate': 0.00424137382186182}. Best is trial 78 with value: 1952.8665771484375.
LOCAL_RANK: 0 - CUDA_VISIBLE_DEVICES: [0]
[I 2023-11-30 01:00:35,841] Trial 103 finished with value: 2316.634521484375 and parameters: {'gradient_clip_val': 0.1671835734400987, 'hidden_size': 126, 'dropout': 0.36785933272358906, 'hidden_continuous_size': 32, 'attention_head_size': 4, 'learning_rate': 0.005095413693363048}. Best is trial 78 with value: 1952.8665771484375.
LOCAL_RANK: 0 - CUDA_VISIBLE_DEVICES: [0]
[I 2023-11-30 01:00:50,082] Trial 104 finished with value: 2334.896240234375 and parameters: {'gradient_clip_val': 0.13890143299706176, 'hidden_size': 142, 'dropout': 0.3804190666774314, 'hidden_continuous_size': 39, 'attention_head_size': 4, 'learning_rate': 0.0037807236344448093}. Best is trial 78 with value: 1952.8665771484375.
LOCAL_RANK: 0 - CUDA_VISIBLE_DEVICES: [0]
[I 2023-11-30 01:01:03,784] Trial 105 finished with value: 2190.133056640625 and parameters: {'gradient_clip_val': 0.15124749669398743, 'hidden_size': 116, 'dropout': 0.3491984524415005, 'hidden_continuous_size': 28, 'attention_head_size': 4, 'learning_rate': 0.004525530300685011}. Best is trial 78 with value: 1952.8665771484375.
LOCAL_RANK: 0 - CUDA_VISIBLE_DEVICES: [0]
[I 2023-11-30 01:01:17,474] Trial 106 finished with value: 2426.789794921875 and parameters: {'gradient_clip_val': 0.17289064371104604, 'hidden_size': 123, 'dropout': 0.3369169381502439, 'hidden_continuous_size': 30, 'attention_head_size': 4, 'learning_rate': 0.005573548675521274}. Best is trial 78 with value: 1952.8665771484375.
LOCAL_RANK: 0 - CUDA_VISIBLE_DEVICES: [0]
[I 2023-11-30 01:01:31,061] Trial 107 finished with value: 2429.2783203125 and parameters: {'gradient_clip_val': 0.12090533351093428, 'hidden_size': 108, 'dropout': 0.3766190994368032, 'hidden_continuous_size': 24, 'attention_head_size': 4, 'learning_rate': 0.007121574416518304}. Best is trial 78 with value: 1952.8665771484375.
LOCAL_RANK: 0 - CUDA_VISIBLE_DEVICES: [0]
[I 2023-11-30 01:01:45,004] Trial 108 finished with value: 2135.720703125 and parameters: {'gradient_clip_val': 0.12946583442978266, 'hidden_size': 136, 'dropout': 0.3935705026034879, 'hidden_continuous_size': 18, 'attention_head_size': 2, 'learning_rate': 0.008013390032626645}. Best is trial 78 with value: 1952.8665771484375.
LOCAL_RANK: 0 - CUDA_VISIBLE_DEVICES: [0]
[I 2023-11-30 01:01:59,010] Trial 109 finished with value: 2265.70849609375 and parameters: {'gradient_clip_val': 0.10411005321185866, 'hidden_size': 129, 'dropout': 0.35816736341785277, 'hidden_continuous_size': 27, 'attention_head_size': 4, 'learning_rate': 0.006336730173221365}. Best is trial 78 with value: 1952.8665771484375.
LOCAL_RANK: 0 - CUDA_VISIBLE_DEVICES: [0]
[I 2023-11-30 01:02:12,370] Trial 110 finished with value: 2079.119873046875 and parameters: {'gradient_clip_val': 0.11138933317013058, 'hidden_size': 93, 'dropout': 0.3641975982389504, 'hidden_continuous_size': 29, 'attention_head_size': 4, 'learning_rate': 0.0038649292684350962}. Best is trial 78 with value: 1952.8665771484375.
LOCAL_RANK: 0 - CUDA_VISIBLE_DEVICES: [0]
[I 2023-11-30 01:02:25,765] Trial 111 finished with value: 2008.525390625 and parameters: {'gradient_clip_val': 0.1111020619201689, 'hidden_size': 96, 'dropout': 0.3427520098011606, 'hidden_continuous_size': 25, 'attention_head_size': 4, 'learning_rate': 0.0048392027488484285}. Best is trial 78 with value: 1952.8665771484375.
LOCAL_RANK: 0 - CUDA_VISIBLE_DEVICES: [0]
[I 2023-11-30 01:02:39,240] Trial 112 finished with value: 2634.341064453125 and parameters: {'gradient_clip_val': 0.11080143006587743, 'hidden_size': 91, 'dropout': 0.3646727190429412, 'hidden_continuous_size': 25, 'attention_head_size': 4, 'learning_rate': 0.003270758658796043}. Best is trial 78 with value: 1952.8665771484375.
LOCAL_RANK: 0 - CUDA_VISIBLE_DEVICES: [0]
[I 2023-11-30 01:02:52,986] Trial 113 finished with value: 2344.321533203125 and parameters: {'gradient_clip_val': 0.11105908991273676, 'hidden_size': 95, 'dropout': 0.3435703518394977, 'hidden_continuous_size': 23, 'attention_head_size': 4, 'learning_rate': 0.004080175590588897}. Best is trial 78 with value: 1952.8665771484375.
LOCAL_RANK: 0 - CUDA_VISIBLE_DEVICES: [0]
[I 2023-11-30 01:03:06,514] Trial 114 finished with value: 1756.7822265625 and parameters: {'gradient_clip_val': 0.12297571886234371, 'hidden_size': 86, 'dropout': 0.33519999251727717, 'hidden_continuous_size': 26, 'attention_head_size': 4, 'learning_rate': 0.003682309228725245}. Best is trial 114 with value: 1756.7822265625.
LOCAL_RANK: 0 - CUDA_VISIBLE_DEVICES: [0]
[I 2023-11-30 01:03:19,898] Trial 115 finished with value: 2754.10546875 and parameters: {'gradient_clip_val': 0.12385191686975082, 'hidden_size': 85, 'dropout': 0.3155860585909796, 'hidden_continuous_size': 27, 'attention_head_size': 4, 'learning_rate': 0.0028162476583953274}. Best is trial 114 with value: 1756.7822265625.
LOCAL_RANK: 0 - CUDA_VISIBLE_DEVICES: [0]
[I 2023-11-30 01:03:33,439] Trial 116 finished with value: 3254.972412109375 and parameters: {'gradient_clip_val': 0.13929861859780016, 'hidden_size': 100, 'dropout': 0.3352903468891758, 'hidden_continuous_size': 22, 'attention_head_size': 4, 'learning_rate': 0.0024259864020488866}. Best is trial 114 with value: 1756.7822265625.
LOCAL_RANK: 0 - CUDA_VISIBLE_DEVICES: [0]
[I 2023-11-30 01:03:46,817] Trial 117 finished with value: 2114.939453125 and parameters: {'gradient_clip_val': 0.1311735631794873, 'hidden_size': 79, 'dropout': 0.327976576207614, 'hidden_continuous_size': 26, 'attention_head_size': 4, 'learning_rate': 0.003806768255744319}. Best is trial 114 with value: 1756.7822265625.
LOCAL_RANK: 0 - CUDA_VISIBLE_DEVICES: [0]
[I 2023-11-30 01:04:00,276] Trial 118 finished with value: 3121.345947265625 and parameters: {'gradient_clip_val': 0.11873350462201396, 'hidden_size': 85, 'dropout': 0.34328836134665625, 'hidden_continuous_size': 28, 'attention_head_size': 4, 'learning_rate': 0.0030754619922196127}. Best is trial 114 with value: 1756.7822265625.
LOCAL_RANK: 0 - CUDA_VISIBLE_DEVICES: [0]
[I 2023-11-30 01:04:13,655] Trial 119 finished with value: 2156.406494140625 and parameters: {'gradient_clip_val': 0.14469042515312364, 'hidden_size': 91, 'dropout': 0.3522823812110663, 'hidden_continuous_size': 29, 'attention_head_size': 4, 'learning_rate': 0.004589683798420315}. Best is trial 114 with value: 1756.7822265625.
LOCAL_RANK: 0 - CUDA_VISIBLE_DEVICES: [0]
[I 2023-11-30 01:04:26,943] Trial 120 finished with value: 2553.720458984375 and parameters: {'gradient_clip_val': 0.11409219657744786, 'hidden_size': 76, 'dropout': 0.3600017245896287, 'hidden_continuous_size': 26, 'attention_head_size': 4, 'learning_rate': 0.0034316760663432723}. Best is trial 114 with value: 1756.7822265625.
LOCAL_RANK: 0 - CUDA_VISIBLE_DEVICES: [0]
[I 2023-11-30 01:04:40,531] Trial 121 finished with value: 2636.791015625 and parameters: {'gradient_clip_val': 0.10410015179858628, 'hidden_size': 103, 'dropout': 0.347745067414253, 'hidden_continuous_size': 24, 'attention_head_size': 4, 'learning_rate': 0.0036752574469549573}. Best is trial 114 with value: 1756.7822265625.
LOCAL_RANK: 0 - CUDA_VISIBLE_DEVICES: [0]
[I 2023-11-30 01:04:53,855] Trial 122 finished with value: 2076.159912109375 and parameters: {'gradient_clip_val': 0.12499493585213184, 'hidden_size': 82, 'dropout': 0.33623250654806464, 'hidden_continuous_size': 25, 'attention_head_size': 4, 'learning_rate': 0.004800971390859918}. Best is trial 114 with value: 1756.7822265625.
LOCAL_RANK: 0 - CUDA_VISIBLE_DEVICES: [0]
[I 2023-11-30 01:05:07,270] Trial 123 finished with value: 2164.698974609375 and parameters: {'gradient_clip_val': 0.1261514895274052, 'hidden_size': 84, 'dropout': 0.3222827358224543, 'hidden_continuous_size': 27, 'attention_head_size': 4, 'learning_rate': 0.004761703151041555}. Best is trial 114 with value: 1756.7822265625.
LOCAL_RANK: 0 - CUDA_VISIBLE_DEVICES: [0]
[I 2023-11-30 01:05:20,782] Trial 124 finished with value: 2078.030029296875 and parameters: {'gradient_clip_val': 0.13425585451408498, 'hidden_size': 97, 'dropout': 0.3364442308183823, 'hidden_continuous_size': 25, 'attention_head_size': 4, 'learning_rate': 0.0042682341113596456}. Best is trial 114 with value: 1756.7822265625.
LOCAL_RANK: 0 - CUDA_VISIBLE_DEVICES: [0]
[I 2023-11-30 01:05:34,590] Trial 125 finished with value: 2166.197021484375 and parameters: {'gradient_clip_val': 0.13632663616673832, 'hidden_size': 114, 'dropout': 0.33188621850780575, 'hidden_continuous_size': 25, 'attention_head_size': 4, 'learning_rate': 0.0043557002286916295}. Best is trial 114 with value: 1756.7822265625.
LOCAL_RANK: 0 - CUDA_VISIBLE_DEVICES: [0]
[I 2023-11-30 01:05:48,259] Trial 126 finished with value: 2369.695556640625 and parameters: {'gradient_clip_val': 0.15595597067994552, 'hidden_size': 106, 'dropout': 0.3385194541666091, 'hidden_continuous_size': 23, 'attention_head_size': 4, 'learning_rate': 0.005050594586383623}. Best is trial 114 with value: 1756.7822265625.
LOCAL_RANK: 0 - CUDA_VISIBLE_DEVICES: [0]
[I 2023-11-30 01:06:01,439] Trial 127 finished with value: 2543.346435546875 and parameters: {'gradient_clip_val': 0.13563072948552532, 'hidden_size': 72, 'dropout': 0.31236222467798624, 'hidden_continuous_size': 25, 'attention_head_size': 4, 'learning_rate': 0.004155083615175716}. Best is trial 114 with value: 1756.7822265625.
LOCAL_RANK: 0 - CUDA_VISIBLE_DEVICES: [0]
[I 2023-11-30 01:06:14,893] Trial 128 finished with value: 2324.591552734375 and parameters: {'gradient_clip_val': 0.1507013603298228, 'hidden_size': 78, 'dropout': 0.334750904606545, 'hidden_continuous_size': 26, 'attention_head_size': 4, 'learning_rate': 0.0026632582203346055}. Best is trial 114 with value: 1756.7822265625.
LOCAL_RANK: 0 - CUDA_VISIBLE_DEVICES: [0]
[I 2023-11-30 01:06:28,378] Trial 129 finished with value: 2527.6748046875 and parameters: {'gradient_clip_val': 0.16211876603345632, 'hidden_size': 99, 'dropout': 0.32589526170763394, 'hidden_continuous_size': 24, 'attention_head_size': 4, 'learning_rate': 0.0032866199542400604}. Best is trial 114 with value: 1756.7822265625.
LOCAL_RANK: 0 - CUDA_VISIBLE_DEVICES: [0]
[I 2023-11-30 01:06:42,074] Trial 130 finished with value: 2642.703857421875 and parameters: {'gradient_clip_val': 0.12435596784116108, 'hidden_size': 120, 'dropout': 0.31813073081492316, 'hidden_continuous_size': 22, 'attention_head_size': 4, 'learning_rate': 0.003014388514722416}. Best is trial 114 with value: 1756.7822265625.
LOCAL_RANK: 0 - CUDA_VISIBLE_DEVICES: [0]
[I 2023-11-30 01:06:55,595] Trial 131 finished with value: 2392.654296875 and parameters: {'gradient_clip_val': 0.13030237585653565, 'hidden_size': 89, 'dropout': 0.35329748364913766, 'hidden_continuous_size': 28, 'attention_head_size': 4, 'learning_rate': 0.0038816784563536033}. Best is trial 114 with value: 1756.7822265625.
LOCAL_RANK: 0 - CUDA_VISIBLE_DEVICES: [0]
[I 2023-11-30 01:07:09,012] Trial 132 finished with value: 2203.408203125 and parameters: {'gradient_clip_val': 0.12043900157528066, 'hidden_size': 81, 'dropout': 0.3412240054098217, 'hidden_continuous_size': 27, 'attention_head_size': 4, 'learning_rate': 0.004536530866080586}. Best is trial 114 with value: 1756.7822265625.
LOCAL_RANK: 0 - CUDA_VISIBLE_DEVICES: [0]
[I 2023-11-30 01:07:23,168] Trial 133 finished with value: 2446.521240234375 and parameters: {'gradient_clip_val': 0.1438361862242911, 'hidden_size': 110, 'dropout': 0.37217024138846205, 'hidden_continuous_size': 20, 'attention_head_size': 4, 'learning_rate': 0.003664979272201424}. Best is trial 114 with value: 1756.7822265625.
LOCAL_RANK: 0 - CUDA_VISIBLE_DEVICES: [0]
[I 2023-11-30 01:07:36,799] Trial 134 finished with value: 2198.40234375 and parameters: {'gradient_clip_val': 0.11336628021632449, 'hidden_size': 95, 'dropout': 0.34804700545139455, 'hidden_continuous_size': 29, 'attention_head_size': 4, 'learning_rate': 0.004889022123718286}. Best is trial 114 with value: 1756.7822265625.
LOCAL_RANK: 0 - CUDA_VISIBLE_DEVICES: [0]
[I 2023-11-30 01:07:50,346] Trial 135 finished with value: 2168.152587890625 and parameters: {'gradient_clip_val': 0.11813335722178299, 'hidden_size': 98, 'dropout': 0.3555192509159953, 'hidden_continuous_size': 24, 'attention_head_size': 4, 'learning_rate': 0.004035761369893531}. Best is trial 114 with value: 1756.7822265625.
LOCAL_RANK: 0 - CUDA_VISIBLE_DEVICES: [0]
[I 2023-11-30 01:08:03,800] Trial 136 finished with value: 2208.648193359375 and parameters: {'gradient_clip_val': 0.12973650849853594, 'hidden_size': 86, 'dropout': 0.3627819656872415, 'hidden_continuous_size': 26, 'attention_head_size': 4, 'learning_rate': 0.00623081435715416}. Best is trial 114 with value: 1756.7822265625.
LOCAL_RANK: 0 - CUDA_VISIBLE_DEVICES: [0]
[I 2023-11-30 01:08:17,308] Trial 137 finished with value: 2741.801513671875 and parameters: {'gradient_clip_val': 0.10701468761515336, 'hidden_size': 90, 'dropout': 0.3834464723199407, 'hidden_continuous_size': 30, 'attention_head_size': 4, 'learning_rate': 0.005531108512160969}. Best is trial 114 with value: 1756.7822265625.
LOCAL_RANK: 0 - CUDA_VISIBLE_DEVICES: [0]
[I 2023-11-30 01:08:31,047] Trial 138 finished with value: 2211.16015625 and parameters: {'gradient_clip_val': 0.1393011047149339, 'hidden_size': 104, 'dropout': 0.32916902219983185, 'hidden_continuous_size': 31, 'attention_head_size': 4, 'learning_rate': 0.0034303922368266807}. Best is trial 114 with value: 1756.7822265625.
LOCAL_RANK: 0 - CUDA_VISIBLE_DEVICES: [0]
[I 2023-11-30 01:08:44,905] Trial 139 finished with value: 2160.397216796875 and parameters: {'gradient_clip_val': 0.15304888835558464, 'hidden_size': 127, 'dropout': 0.36636817463420057, 'hidden_continuous_size': 22, 'attention_head_size': 4, 'learning_rate': 0.0042941204836300486}. Best is trial 114 with value: 1756.7822265625.
LOCAL_RANK: 0 - CUDA_VISIBLE_DEVICES: [0]
[I 2023-11-30 01:08:58,472] Trial 140 finished with value: 2207.534912109375 and parameters: {'gradient_clip_val': 0.1582072668947406, 'hidden_size': 116, 'dropout': 0.377979873619491, 'hidden_continuous_size': 23, 'attention_head_size': 4, 'learning_rate': 0.004756153149863392}. Best is trial 114 with value: 1756.7822265625.
LOCAL_RANK: 0 - CUDA_VISIBLE_DEVICES: [0]
