[I 2023-11-30 02:09:00,617] Trial 133 finished with value: 1011.8452758789062 and parameters: {'gradient_clip_val': 0.17189721202255354, 'hidden_size': 40, 'dropout': 0.11604440213773749, 'hidden_continuous_size': 18, 'attention_head_size': 2, 'learning_rate': 0.08216108591469609}. Best is trial 32 with value: 694.9998168945312.
LOCAL_RANK: 0 - CUDA_VISIBLE_DEVICES: [0]
[I 2023-11-30 02:09:13,056] Trial 134 finished with value: 1042.2596435546875 and parameters: {'gradient_clip_val': 0.18550727914484305, 'hidden_size': 43, 'dropout': 0.12533056781310942, 'hidden_continuous_size': 21, 'attention_head_size': 2, 'learning_rate': 0.07505180622713784}. Best is trial 32 with value: 694.9998168945312.
LOCAL_RANK: 0 - CUDA_VISIBLE_DEVICES: [0]
[I 2023-11-30 02:09:25,478] Trial 135 finished with value: 891.711669921875 and parameters: {'gradient_clip_val': 0.2118073454538671, 'hidden_size': 39, 'dropout': 0.14799772774083503, 'hidden_continuous_size': 20, 'attention_head_size': 2, 'learning_rate': 0.0916204476313984}. Best is trial 32 with value: 694.9998168945312.
LOCAL_RANK: 0 - CUDA_VISIBLE_DEVICES: [0]
[I 2023-11-30 02:09:38,195] Trial 136 finished with value: 1092.5003662109375 and parameters: {'gradient_clip_val': 0.23265299657309402, 'hidden_size': 50, 'dropout': 0.13329974519834847, 'hidden_continuous_size': 16, 'attention_head_size': 3, 'learning_rate': 0.06572178600249987}. Best is trial 32 with value: 694.9998168945312.
LOCAL_RANK: 0 - CUDA_VISIBLE_DEVICES: [0]
[I 2023-11-30 02:09:50,939] Trial 137 finished with value: 1187.6263427734375 and parameters: {'gradient_clip_val': 0.14385115352326458, 'hidden_size': 57, 'dropout': 0.18517483380448754, 'hidden_continuous_size': 17, 'attention_head_size': 2, 'learning_rate': 0.05695384993053754}. Best is trial 32 with value: 694.9998168945312.
LOCAL_RANK: 0 - CUDA_VISIBLE_DEVICES: [0]
[I 2023-11-30 02:10:03,305] Trial 138 finished with value: 942.33447265625 and parameters: {'gradient_clip_val': 0.16208259634918593, 'hidden_size': 37, 'dropout': 0.10890085059728304, 'hidden_continuous_size': 19, 'attention_head_size': 3, 'learning_rate': 0.07672746151170566}. Best is trial 32 with value: 694.9998168945312.
LOCAL_RANK: 0 - CUDA_VISIBLE_DEVICES: [0]
[I 2023-11-30 02:10:16,008] Trial 139 finished with value: 931.8007202148438 and parameters: {'gradient_clip_val': 0.15349370157288447, 'hidden_size': 52, 'dropout': 0.1546945998739, 'hidden_continuous_size': 25, 'attention_head_size': 2, 'learning_rate': 0.0674400745585776}. Best is trial 32 with value: 694.9998168945312.
LOCAL_RANK: 0 - CUDA_VISIBLE_DEVICES: [0]
[I 2023-11-30 02:10:28,501] Trial 140 finished with value: 878.9714965820312 and parameters: {'gradient_clip_val': 0.1945275397425492, 'hidden_size': 42, 'dropout': 0.16140742526687507, 'hidden_continuous_size': 17, 'attention_head_size': 3, 'learning_rate': 0.0467243988021216}. Best is trial 32 with value: 694.9998168945312.
LOCAL_RANK: 0 - CUDA_VISIBLE_DEVICES: [0]
[I 2023-11-30 02:10:40,694] Trial 141 finished with value: 1064.4471435546875 and parameters: {'gradient_clip_val': 0.24863416025818047, 'hidden_size': 32, 'dropout': 0.14139245107251508, 'hidden_continuous_size': 16, 'attention_head_size': 3, 'learning_rate': 0.0609985696369472}. Best is trial 32 with value: 694.9998168945312.
LOCAL_RANK: 0 - CUDA_VISIBLE_DEVICES: [0]
[I 2023-11-30 02:10:53,024] Trial 142 finished with value: 1070.8284912109375 and parameters: {'gradient_clip_val': 0.22386494695091846, 'hidden_size': 34, 'dropout': 0.17192939043675, 'hidden_continuous_size': 14, 'attention_head_size': 3, 'learning_rate': 0.07136855934033322}. Best is trial 32 with value: 694.9998168945312.
LOCAL_RANK: 0 - CUDA_VISIBLE_DEVICES: [0]
[I 2023-11-30 02:11:04,980] Trial 143 finished with value: 959.8291015625 and parameters: {'gradient_clip_val': 0.14054769301932676, 'hidden_size': 28, 'dropout': 0.17996294193236806, 'hidden_continuous_size': 15, 'attention_head_size': 3, 'learning_rate': 0.052118821893237834}. Best is trial 32 with value: 694.9998168945312.
LOCAL_RANK: 0 - CUDA_VISIBLE_DEVICES: [0]
[I 2023-11-30 02:11:16,826] Trial 144 finished with value: 1136.9542236328125 and parameters: {'gradient_clip_val': 0.3048161205790183, 'hidden_size': 20, 'dropout': 0.15251098386747622, 'hidden_continuous_size': 14, 'attention_head_size': 4, 'learning_rate': 0.09182164668250689}. Best is trial 32 with value: 694.9998168945312.
LOCAL_RANK: 0 - CUDA_VISIBLE_DEVICES: [0]
[I 2023-11-30 02:11:28,999] Trial 145 finished with value: 948.2369995117188 and parameters: {'gradient_clip_val': 0.2016527525442109, 'hidden_size': 30, 'dropout': 0.1459423121110947, 'hidden_continuous_size': 13, 'attention_head_size': 3, 'learning_rate': 0.08304946625768575}. Best is trial 32 with value: 694.9998168945312.
LOCAL_RANK: 0 - CUDA_VISIBLE_DEVICES: [0]
[I 2023-11-30 02:11:41,316] Trial 146 finished with value: 918.4979858398438 and parameters: {'gradient_clip_val': 0.17395593828596267, 'hidden_size': 25, 'dropout': 0.19485285118922888, 'hidden_continuous_size': 18, 'attention_head_size': 3, 'learning_rate': 0.04248181183439849}. Best is trial 32 with value: 694.9998168945312.
LOCAL_RANK: 0 - CUDA_VISIBLE_DEVICES: [0]
[I 2023-11-30 02:11:53,738] Trial 147 finished with value: 1122.2008056640625 and parameters: {'gradient_clip_val': 0.18673658692195516, 'hidden_size': 38, 'dropout': 0.16552356468846743, 'hidden_continuous_size': 20, 'attention_head_size': 2, 'learning_rate': 0.056899792755878004}. Best is trial 32 with value: 694.9998168945312.
LOCAL_RANK: 0 - CUDA_VISIBLE_DEVICES: [0]
[I 2023-11-30 02:12:05,908] Trial 148 finished with value: 925.2081909179688 and parameters: {'gradient_clip_val': 0.14712576035647928, 'hidden_size': 26, 'dropout': 0.11914645962696566, 'hidden_continuous_size': 15, 'attention_head_size': 2, 'learning_rate': 0.06491274193714584}. Best is trial 32 with value: 694.9998168945312.
LOCAL_RANK: 0 - CUDA_VISIBLE_DEVICES: [0]
[I 2023-11-30 02:12:18,550] Trial 149 finished with value: 1007.3318481445312 and parameters: {'gradient_clip_val': 0.130885725476087, 'hidden_size': 47, 'dropout': 0.15816790684517068, 'hidden_continuous_size': 23, 'attention_head_size': 3, 'learning_rate': 0.07345675030637244}. Best is trial 32 with value: 694.9998168945312.
[I 2023-11-30 02:12:18,670] A new study created in memory with name: no-name-8a3451c1-3ee5-4f1f-8ee4-cfd32468c35c
/home/le004/conda/anaconda3/envs/tsff_env/lib/python3.9/site-packages/lightning/fabric/plugins/environments/slurm.py:191: The `srun` command is available on your system but is not used. HINT: If your intention is to run Lightning on SLURM, prepend your python command with `srun` like so: srun python /home/le004/master_thesis/git/TSFusionForecast/code/ ...
LOCAL_RANK: 0 - CUDA_VISIBLE_DEVICES: [0]
[I 2023-11-30 02:12:32,073] Trial 0 finished with value: 90.6526107788086 and parameters: {'gradient_clip_val': 0.8502687484949164, 'hidden_size': 79, 'dropout': 0.29321267776162113, 'hidden_continuous_size': 34, 'attention_head_size': 4, 'learning_rate': 0.001188264445046665}. Best is trial 0 with value: 90.6526107788086.
LOCAL_RANK: 0 - CUDA_VISIBLE_DEVICES: [0]
[I 2023-11-30 02:12:44,727] Trial 1 finished with value: 74.00501251220703 and parameters: {'gradient_clip_val': 0.1654819327399359, 'hidden_size': 60, 'dropout': 0.27794932777978343, 'hidden_continuous_size': 16, 'attention_head_size': 1, 'learning_rate': 0.002840320546657057}. Best is trial 1 with value: 74.00501251220703.
LOCAL_RANK: 0 - CUDA_VISIBLE_DEVICES: [0]
[I 2023-11-30 02:12:58,544] Trial 2 finished with value: 55.39999771118164 and parameters: {'gradient_clip_val': 0.3310800934524342, 'hidden_size': 86, 'dropout': 0.3197159870804951, 'hidden_continuous_size': 75, 'attention_head_size': 2, 'learning_rate': 0.04878837285479493}. Best is trial 2 with value: 55.39999771118164.
LOCAL_RANK: 0 - CUDA_VISIBLE_DEVICES: [0]
[I 2023-11-30 02:13:11,708] Trial 3 finished with value: 52.143314361572266 and parameters: {'gradient_clip_val': 0.12939549647616308, 'hidden_size': 59, 'dropout': 0.3222440331126257, 'hidden_continuous_size': 36, 'attention_head_size': 3, 'learning_rate': 0.01739421045410701}. Best is trial 3 with value: 52.143314361572266.
LOCAL_RANK: 0 - CUDA_VISIBLE_DEVICES: [0]
[I 2023-11-30 02:13:23,687] Trial 4 finished with value: 52.12460708618164 and parameters: {'gradient_clip_val': 0.13311571044070844, 'hidden_size': 26, 'dropout': 0.21324863521708154, 'hidden_continuous_size': 12, 'attention_head_size': 3, 'learning_rate': 0.06331057712893239}. Best is trial 4 with value: 52.12460708618164.
LOCAL_RANK: 0 - CUDA_VISIBLE_DEVICES: [0]
[I 2023-11-30 02:13:37,107] Trial 5 finished with value: 47.7669563293457 and parameters: {'gradient_clip_val': 0.12262609662896878, 'hidden_size': 71, 'dropout': 0.3785260292167475, 'hidden_continuous_size': 49, 'attention_head_size': 2, 'learning_rate': 0.013699418778268408}. Best is trial 5 with value: 47.7669563293457.
LOCAL_RANK: 0 - CUDA_VISIBLE_DEVICES: [0]
[I 2023-11-30 02:13:46,937] Trial 6 finished with value: 77.74323272705078 and parameters: {'gradient_clip_val': 0.41735374429121336, 'hidden_size': 12, 'dropout': 0.2608520080454778, 'hidden_continuous_size': 12, 'attention_head_size': 1, 'learning_rate': 0.031069225422616396}. Best is trial 5 with value: 47.7669563293457.
LOCAL_RANK: 0 - CUDA_VISIBLE_DEVICES: [0]
[I 2023-11-30 02:13:59,656] Trial 7 finished with value: 46.691253662109375 and parameters: {'gradient_clip_val': 0.8407630095973746, 'hidden_size': 42, 'dropout': 0.21799123470558865, 'hidden_continuous_size': 12, 'attention_head_size': 4, 'learning_rate': 0.008335865495113311}. Best is trial 7 with value: 46.691253662109375.
LOCAL_RANK: 0 - CUDA_VISIBLE_DEVICES: [0]
[I 2023-11-30 02:14:11,835] Trial 8 finished with value: 45.78204345703125 and parameters: {'gradient_clip_val': 0.36454646419709524, 'hidden_size': 26, 'dropout': 0.3321464044020236, 'hidden_continuous_size': 24, 'attention_head_size': 4, 'learning_rate': 0.023529138618342993}. Best is trial 8 with value: 45.78204345703125.
LOCAL_RANK: 0 - CUDA_VISIBLE_DEVICES: [0]
[I 2023-11-30 02:14:24,109] Trial 9 finished with value: 85.27468872070312 and parameters: {'gradient_clip_val': 0.24600424412114655, 'hidden_size': 39, 'dropout': 0.2972402787880671, 'hidden_continuous_size': 14, 'attention_head_size': 1, 'learning_rate': 0.003824285278056362}. Best is trial 8 with value: 45.78204345703125.
LOCAL_RANK: 0 - CUDA_VISIBLE_DEVICES: [0]
[I 2023-11-30 02:14:38,894] Trial 10 finished with value: 56.389739990234375 and parameters: {'gradient_clip_val': 0.48967804312946706, 'hidden_size': 145, 'dropout': 0.1649123548049073, 'hidden_continuous_size': 141, 'attention_head_size': 4, 'learning_rate': 0.08349046765919384}. Best is trial 8 with value: 45.78204345703125.
LOCAL_RANK: 0 - CUDA_VISIBLE_DEVICES: [0]
[I 2023-11-30 02:14:50,969] Trial 11 finished with value: 66.36448669433594 and parameters: {'gradient_clip_val': 0.8513123513406817, 'hidden_size': 26, 'dropout': 0.12690622628292075, 'hidden_continuous_size': 10, 'attention_head_size': 4, 'learning_rate': 0.009506292407498881}. Best is trial 8 with value: 45.78204345703125.
LOCAL_RANK: 0 - CUDA_VISIBLE_DEVICES: [0]
[I 2023-11-30 02:15:02,872] Trial 12 finished with value: 42.795013427734375 and parameters: {'gradient_clip_val': 0.5918535228418657, 'hidden_size': 21, 'dropout': 0.20831855768091123, 'hidden_continuous_size': 10, 'attention_head_size': 3, 'learning_rate': 0.02754836525758208}. Best is trial 12 with value: 42.795013427734375.
LOCAL_RANK: 0 - CUDA_VISIBLE_DEVICES: [0]
[I 2023-11-30 02:15:14,834] Trial 13 finished with value: 55.23862838745117 and parameters: {'gradient_clip_val': 0.518554253185022, 'hidden_size': 17, 'dropout': 0.36232024974226695, 'hidden_continuous_size': 10, 'attention_head_size': 3, 'learning_rate': 0.02854097288057598}. Best is trial 12 with value: 42.795013427734375.
LOCAL_RANK: 0 - CUDA_VISIBLE_DEVICES: [0]
[I 2023-11-30 02:15:24,886] Trial 14 finished with value: 95.42009735107422 and parameters: {'gradient_clip_val': 0.6154009686250377, 'hidden_size': 10, 'dropout': 0.2178982778502458, 'hidden_continuous_size': 10, 'attention_head_size': 3, 'learning_rate': 0.029967074191063103}. Best is trial 12 with value: 42.795013427734375.
LOCAL_RANK: 0 - CUDA_VISIBLE_DEVICES: [0]
[I 2023-11-30 02:15:36,857] Trial 15 finished with value: 44.75898742675781 and parameters: {'gradient_clip_val': 0.32716608679887194, 'hidden_size': 22, 'dropout': 0.3923506146096075, 'hidden_continuous_size': 11, 'attention_head_size': 2, 'learning_rate': 0.09870873916107081}. Best is trial 12 with value: 42.795013427734375.
LOCAL_RANK: 0 - CUDA_VISIBLE_DEVICES: [0]
[I 2023-11-30 02:15:48,728] Trial 16 finished with value: 43.610504150390625 and parameters: {'gradient_clip_val': 0.2622303530376194, 'hidden_size': 17, 'dropout': 0.3960826391110109, 'hidden_continuous_size': 10, 'attention_head_size': 2, 'learning_rate': 0.09241865610306914}. Best is trial 12 with value: 42.795013427734375.
LOCAL_RANK: 0 - CUDA_VISIBLE_DEVICES: [0]
[I 2023-11-30 02:16:00,527] Trial 17 finished with value: 46.79176712036133 and parameters: {'gradient_clip_val': 0.22287051644762565, 'hidden_size': 13, 'dropout': 0.2503898126011764, 'hidden_continuous_size': 10, 'attention_head_size': 2, 'learning_rate': 0.05136893715542632}. Best is trial 12 with value: 42.795013427734375.
LOCAL_RANK: 0 - CUDA_VISIBLE_DEVICES: [0]
[I 2023-11-30 02:16:12,410] Trial 18 finished with value: 53.975250244140625 and parameters: {'gradient_clip_val': 0.2493240386839483, 'hidden_size': 18, 'dropout': 0.35383963810986596, 'hidden_continuous_size': 11, 'attention_head_size': 2, 'learning_rate': 0.046022593563358555}. Best is trial 12 with value: 42.795013427734375.
LOCAL_RANK: 0 - CUDA_VISIBLE_DEVICES: [0]
[I 2023-11-30 02:16:24,060] Trial 19 finished with value: 45.538394927978516 and parameters: {'gradient_clip_val': 0.5729202040147967, 'hidden_size': 16, 'dropout': 0.38925835371386125, 'hidden_continuous_size': 10, 'attention_head_size': 3, 'learning_rate': 0.09185486878282458}. Best is trial 12 with value: 42.795013427734375.
LOCAL_RANK: 0 - CUDA_VISIBLE_DEVICES: [0]
[I 2023-11-30 02:16:33,878] Trial 20 finished with value: 60.46805953979492 and parameters: {'gradient_clip_val': 0.42453657466199507, 'hidden_size': 10, 'dropout': 0.34238736828452343, 'hidden_continuous_size': 10, 'attention_head_size': 2, 'learning_rate': 0.03947336701655241}. Best is trial 12 with value: 42.795013427734375.
LOCAL_RANK: 0 - CUDA_VISIBLE_DEVICES: [0]
[I 2023-11-30 02:16:45,957] Trial 21 finished with value: 64.33795928955078 and parameters: {'gradient_clip_val': 0.29870781773301885, 'hidden_size': 21, 'dropout': 0.3846279436927528, 'hidden_continuous_size': 11, 'attention_head_size': 2, 'learning_rate': 0.07801641621481152}. Best is trial 12 with value: 42.795013427734375.
LOCAL_RANK: 0 - CUDA_VISIBLE_DEVICES: [0]
[I 2023-11-30 02:16:57,876] Trial 22 finished with value: 52.08746337890625 and parameters: {'gradient_clip_val': 0.3058714532266318, 'hidden_size': 22, 'dropout': 0.36453550758609243, 'hidden_continuous_size': 11, 'attention_head_size': 2, 'learning_rate': 0.08054217950547318}. Best is trial 12 with value: 42.795013427734375.
LOCAL_RANK: 0 - CUDA_VISIBLE_DEVICES: [0]
[I 2023-11-30 02:17:10,110] Trial 23 finished with value: 46.25137710571289 and parameters: {'gradient_clip_val': 0.20614172656560323, 'hidden_size': 30, 'dropout': 0.39737656265748866, 'hidden_continuous_size': 13, 'attention_head_size': 3, 'learning_rate': 0.06008508492279967}. Best is trial 12 with value: 42.795013427734375.
LOCAL_RANK: 0 - CUDA_VISIBLE_DEVICES: [0]
[I 2023-11-30 02:17:21,836] Trial 24 finished with value: 52.0010871887207 and parameters: {'gradient_clip_val': 0.10277118649930016, 'hidden_size': 15, 'dropout': 0.3995179843226081, 'hidden_continuous_size': 10, 'attention_head_size': 1, 'learning_rate': 0.04095942627079436}. Best is trial 12 with value: 42.795013427734375.
LOCAL_RANK: 0 - CUDA_VISIBLE_DEVICES: [0]
[I 2023-11-30 02:17:33,729] Trial 25 finished with value: 55.0425910949707 and parameters: {'gradient_clip_val': 0.29179592000565907, 'hidden_size': 19, 'dropout': 0.36721765907347725, 'hidden_continuous_size': 11, 'attention_head_size': 2, 'learning_rate': 0.09512153918564469}. Best is trial 12 with value: 42.795013427734375.
LOCAL_RANK: 0 - CUDA_VISIBLE_DEVICES: [0]
[I 2023-11-30 02:17:45,621] Trial 26 finished with value: 42.68107223510742 and parameters: {'gradient_clip_val': 0.37121076178792456, 'hidden_size': 13, 'dropout': 0.348459677002927, 'hidden_continuous_size': 10, 'attention_head_size': 3, 'learning_rate': 0.053742632118211044}. Best is trial 26 with value: 42.68107223510742.
LOCAL_RANK: 0 - CUDA_VISIBLE_DEVICES: [0]
[I 2023-11-30 02:17:57,559] Trial 27 finished with value: 44.85966873168945 and parameters: {'gradient_clip_val': 0.37589824920789444, 'hidden_size': 14, 'dropout': 0.3382703000241205, 'hidden_continuous_size': 10, 'attention_head_size': 3, 'learning_rate': 0.06132799323505759}. Best is trial 26 with value: 42.68107223510742.
LOCAL_RANK: 0 - CUDA_VISIBLE_DEVICES: [0]
[I 2023-11-30 02:18:09,248] Trial 28 finished with value: 75.05115509033203 and parameters: {'gradient_clip_val': 0.6286250378454717, 'hidden_size': 12, 'dropout': 0.3102733946236327, 'hidden_continuous_size': 10, 'attention_head_size': 3, 'learning_rate': 0.020364469833769112}. Best is trial 26 with value: 42.68107223510742.
LOCAL_RANK: 0 - CUDA_VISIBLE_DEVICES: [0]
[I 2023-11-30 02:18:21,052] Trial 29 finished with value: 43.59196090698242 and parameters: {'gradient_clip_val': 0.675988322717875, 'hidden_size': 15, 'dropout': 0.2893130511820688, 'hidden_continuous_size': 10, 'attention_head_size': 3, 'learning_rate': 0.0353772702457993}. Best is trial 26 with value: 42.68107223510742.
LOCAL_RANK: 0 - CUDA_VISIBLE_DEVICES: [0]
[I 2023-11-30 02:18:32,866] Trial 30 finished with value: 96.13863372802734 and parameters: {'gradient_clip_val': 0.6964193576660659, 'hidden_size': 14, 'dropout': 0.2833543452400119, 'hidden_continuous_size': 10, 'attention_head_size': 4, 'learning_rate': 0.014138215249817872}. Best is trial 26 with value: 42.68107223510742.
LOCAL_RANK: 0 - CUDA_VISIBLE_DEVICES: [0]
[I 2023-11-30 02:18:44,952] Trial 31 finished with value: 42.68881607055664 and parameters: {'gradient_clip_val': 0.7440736303107921, 'hidden_size': 17, 'dropout': 0.304705587893027, 'hidden_continuous_size': 11, 'attention_head_size': 3, 'learning_rate': 0.03528405583236474}. Best is trial 26 with value: 42.68107223510742.
LOCAL_RANK: 0 - CUDA_VISIBLE_DEVICES: [0]
[I 2023-11-30 02:18:56,464] Trial 32 finished with value: 52.18695068359375 and parameters: {'gradient_clip_val': 0.9782117659826658, 'hidden_size': 12, 'dropout': 0.27774429330309913, 'hidden_continuous_size': 10, 'attention_head_size': 3, 'learning_rate': 0.03531038207648461}. Best is trial 26 with value: 42.68107223510742.
LOCAL_RANK: 0 - CUDA_VISIBLE_DEVICES: [0]
[I 2023-11-30 02:19:08,135] Trial 33 finished with value: 44.43971252441406 and parameters: {'gradient_clip_val': 0.7271509672504188, 'hidden_size': 15, 'dropout': 0.30317602850799, 'hidden_continuous_size': 11, 'attention_head_size': 3, 'learning_rate': 0.026588877698464713}. Best is trial 26 with value: 42.68107223510742.
LOCAL_RANK: 0 - CUDA_VISIBLE_DEVICES: [0]
[I 2023-11-30 02:19:19,920] Trial 34 finished with value: 43.54323196411133 and parameters: {'gradient_clip_val': 0.5043788425613001, 'hidden_size': 20, 'dropout': 0.32055203381765507, 'hidden_continuous_size': 11, 'attention_head_size': 3, 'learning_rate': 0.04691308782722041}. Best is trial 26 with value: 42.68107223510742.
LOCAL_RANK: 0 - CUDA_VISIBLE_DEVICES: [0]
[I 2023-11-30 02:19:31,691] Trial 35 finished with value: 45.0966796875 and parameters: {'gradient_clip_val': 0.5197052645496184, 'hidden_size': 19, 'dropout': 0.32540616802859307, 'hidden_continuous_size': 11, 'attention_head_size': 3, 'learning_rate': 0.047844009002883936}. Best is trial 26 with value: 42.68107223510742.
LOCAL_RANK: 0 - CUDA_VISIBLE_DEVICES: [0]
[I 2023-11-30 02:19:43,891] Trial 36 finished with value: 44.15708541870117 and parameters: {'gradient_clip_val': 0.5573416013667113, 'hidden_size': 30, 'dropout': 0.31410483420893437, 'hidden_continuous_size': 14, 'attention_head_size': 3, 'learning_rate': 0.021524605965910822}. Best is trial 26 with value: 42.68107223510742.
LOCAL_RANK: 0 - CUDA_VISIBLE_DEVICES: [0]
[I 2023-11-30 02:19:55,568] Trial 37 finished with value: 45.993072509765625 and parameters: {'gradient_clip_val': 0.47530281705548133, 'hidden_size': 20, 'dropout': 0.35029077353906624, 'hidden_continuous_size': 12, 'attention_head_size': 4, 'learning_rate': 0.05785535886131197}. Best is trial 26 with value: 42.68107223510742.
LOCAL_RANK: 0 - CUDA_VISIBLE_DEVICES: [0]
[I 2023-11-30 02:20:07,406] Trial 38 finished with value: 67.3342514038086 and parameters: {'gradient_clip_val': 0.4217295129953471, 'hidden_size': 11, 'dropout': 0.319986141372407, 'hidden_continuous_size': 10, 'attention_head_size': 3, 'learning_rate': 0.0330598967195515}. Best is trial 26 with value: 42.68107223510742.
LOCAL_RANK: 0 - CUDA_VISIBLE_DEVICES: [0]
[I 2023-11-30 02:20:19,323] Trial 39 finished with value: 50.409149169921875 and parameters: {'gradient_clip_val': 0.44765487355908185, 'hidden_size': 13, 'dropout': 0.27406835309432176, 'hidden_continuous_size': 11, 'attention_head_size': 4, 'learning_rate': 0.04203283338582864}. Best is trial 26 with value: 42.68107223510742.
LOCAL_RANK: 0 - CUDA_VISIBLE_DEVICES: [0]
[I 2023-11-30 02:20:31,163] Trial 40 finished with value: 88.1789779663086 and parameters: {'gradient_clip_val': 0.37769745009528066, 'hidden_size': 17, 'dropout': 0.3335390882168966, 'hidden_continuous_size': 11, 'attention_head_size': 3, 'learning_rate': 0.016451577065017754}. Best is trial 26 with value: 42.68107223510742.
LOCAL_RANK: 0 - CUDA_VISIBLE_DEVICES: [0]
