[I 2023-11-30 09:45:51,795] Trial 140 finished with value: 657.6428833007812 and parameters: {'gradient_clip_val': 0.6084027133245146, 'hidden_size': 23, 'dropout': 0.12876539727710506, 'hidden_continuous_size': 14, 'attention_head_size': 3, 'learning_rate': 0.07856840860845861}. Best is trial 92 with value: 471.2001647949219.
LOCAL_RANK: 0 - CUDA_VISIBLE_DEVICES: [0]
[I 2023-11-30 09:46:03,836] Trial 141 finished with value: 714.8143920898438 and parameters: {'gradient_clip_val': 0.6330859863056348, 'hidden_size': 13, 'dropout': 0.13583846256057128, 'hidden_continuous_size': 12, 'attention_head_size': 3, 'learning_rate': 0.07267161976646291}. Best is trial 92 with value: 471.2001647949219.
LOCAL_RANK: 0 - CUDA_VISIBLE_DEVICES: [0]
[I 2023-11-30 09:46:15,882] Trial 142 finished with value: 555.2363891601562 and parameters: {'gradient_clip_val': 0.5594339653787185, 'hidden_size': 13, 'dropout': 0.144913522499583, 'hidden_continuous_size': 12, 'attention_head_size': 3, 'learning_rate': 0.06952388182381712}. Best is trial 92 with value: 471.2001647949219.
LOCAL_RANK: 0 - CUDA_VISIBLE_DEVICES: [0]
[I 2023-11-30 09:46:27,783] Trial 143 finished with value: 589.4838256835938 and parameters: {'gradient_clip_val': 0.5440306109090626, 'hidden_size': 12, 'dropout': 0.15298847562814713, 'hidden_continuous_size': 10, 'attention_head_size': 3, 'learning_rate': 0.09020032249759616}. Best is trial 92 with value: 471.2001647949219.
LOCAL_RANK: 0 - CUDA_VISIBLE_DEVICES: [0]
[I 2023-11-30 09:46:40,020] Trial 144 finished with value: 604.6107788085938 and parameters: {'gradient_clip_val': 0.5827155137314783, 'hidden_size': 14, 'dropout': 0.14288044376271788, 'hidden_continuous_size': 12, 'attention_head_size': 3, 'learning_rate': 0.08300665289482606}. Best is trial 92 with value: 471.2001647949219.
LOCAL_RANK: 0 - CUDA_VISIBLE_DEVICES: [0]
[I 2023-11-30 09:46:52,202] Trial 145 finished with value: 533.4495849609375 and parameters: {'gradient_clip_val': 0.7128030926794925, 'hidden_size': 11, 'dropout': 0.1566450212467339, 'hidden_continuous_size': 10, 'attention_head_size': 3, 'learning_rate': 0.09914808236447568}. Best is trial 92 with value: 471.2001647949219.
LOCAL_RANK: 0 - CUDA_VISIBLE_DEVICES: [0]
[I 2023-11-30 09:47:04,158] Trial 146 finished with value: 594.9063110351562 and parameters: {'gradient_clip_val': 0.6336343854781321, 'hidden_size': 11, 'dropout': 0.16227142875645337, 'hidden_continuous_size': 10, 'attention_head_size': 3, 'learning_rate': 0.09681925642687748}. Best is trial 92 with value: 471.2001647949219.
LOCAL_RANK: 0 - CUDA_VISIBLE_DEVICES: [0]
[I 2023-11-30 09:47:16,134] Trial 147 finished with value: 619.3944702148438 and parameters: {'gradient_clip_val': 0.6586558054392817, 'hidden_size': 11, 'dropout': 0.17719545435036893, 'hidden_continuous_size': 10, 'attention_head_size': 3, 'learning_rate': 0.07879089167182934}. Best is trial 92 with value: 471.2001647949219.
LOCAL_RANK: 0 - CUDA_VISIBLE_DEVICES: [0]
[I 2023-11-30 09:47:26,432] Trial 148 finished with value: 522.9176635742188 and parameters: {'gradient_clip_val': 0.7002971963200307, 'hidden_size': 10, 'dropout': 0.11433887575196704, 'hidden_continuous_size': 10, 'attention_head_size': 3, 'learning_rate': 0.0882720239492345}. Best is trial 92 with value: 471.2001647949219.
LOCAL_RANK: 0 - CUDA_VISIBLE_DEVICES: [0]
[I 2023-11-30 09:47:36,615] Trial 149 finished with value: 702.3158569335938 and parameters: {'gradient_clip_val': 0.7253470366330025, 'hidden_size': 10, 'dropout': 0.11238867222994024, 'hidden_continuous_size': 10, 'attention_head_size': 3, 'learning_rate': 0.08644077693668849}. Best is trial 92 with value: 471.2001647949219.
[I 2023-11-30 09:47:36,730] A new study created in memory with name: no-name-93c1dfb3-1d39-4631-82bd-ff54b317ba6f
/home/le004/conda/anaconda3/envs/tsff_env/lib/python3.9/site-packages/lightning/fabric/plugins/environments/slurm.py:191: The `srun` command is available on your system but is not used. HINT: If your intention is to run Lightning on SLURM, prepend your python command with `srun` like so: srun python /home/le004/master_thesis/git/TSFusionForecast/code/ ...
LOCAL_RANK: 0 - CUDA_VISIBLE_DEVICES: [0]
[I 2023-11-30 09:47:50,454] Trial 0 finished with value: 29145.353515625 and parameters: {'gradient_clip_val': 0.3009733831538691, 'hidden_size': 63, 'dropout': 0.250389549997162, 'hidden_continuous_size': 43, 'attention_head_size': 3, 'learning_rate': 0.019763023881495638}. Best is trial 0 with value: 29145.353515625.
LOCAL_RANK: 0 - CUDA_VISIBLE_DEVICES: [0]
[I 2023-11-30 09:48:04,184] Trial 1 finished with value: 28895.5 and parameters: {'gradient_clip_val': 0.13317164534516926, 'hidden_size': 125, 'dropout': 0.24318899520254414, 'hidden_continuous_size': 10, 'attention_head_size': 4, 'learning_rate': 0.003167521480748122}. Best is trial 1 with value: 28895.5.
LOCAL_RANK: 0 - CUDA_VISIBLE_DEVICES: [0]
[I 2023-11-30 09:48:17,946] Trial 2 finished with value: 26909.3984375 and parameters: {'gradient_clip_val': 0.217384476356164, 'hidden_size': 99, 'dropout': 0.10766500130076156, 'hidden_continuous_size': 30, 'attention_head_size': 3, 'learning_rate': 0.00226783466220899}. Best is trial 2 with value: 26909.3984375.
LOCAL_RANK: 0 - CUDA_VISIBLE_DEVICES: [0]
[I 2023-11-30 09:48:31,432] Trial 3 finished with value: 38988.25 and parameters: {'gradient_clip_val': 0.3183398314948992, 'hidden_size': 77, 'dropout': 0.24382318579101497, 'hidden_continuous_size': 30, 'attention_head_size': 2, 'learning_rate': 0.09820905256243254}. Best is trial 2 with value: 26909.3984375.
LOCAL_RANK: 0 - CUDA_VISIBLE_DEVICES: [0]
[I 2023-11-30 09:48:43,751] Trial 4 finished with value: 26193.708984375 and parameters: {'gradient_clip_val': 0.8107926013031529, 'hidden_size': 28, 'dropout': 0.20323819596460763, 'hidden_continuous_size': 19, 'attention_head_size': 3, 'learning_rate': 0.0079245910451127}. Best is trial 4 with value: 26193.708984375.
LOCAL_RANK: 0 - CUDA_VISIBLE_DEVICES: [0]
[I 2023-11-30 09:48:58,279] Trial 5 finished with value: 27978.046875 and parameters: {'gradient_clip_val': 0.15141594228269922, 'hidden_size': 98, 'dropout': 0.13565479916903078, 'hidden_continuous_size': 90, 'attention_head_size': 4, 'learning_rate': 0.013636848918726466}. Best is trial 4 with value: 26193.708984375.
LOCAL_RANK: 0 - CUDA_VISIBLE_DEVICES: [0]
[I 2023-11-30 09:49:12,707] Trial 6 finished with value: 32967.36328125 and parameters: {'gradient_clip_val': 0.3345232918667658, 'hidden_size': 132, 'dropout': 0.12977960481590706, 'hidden_continuous_size': 126, 'attention_head_size': 2, 'learning_rate': 0.042719533277928705}. Best is trial 4 with value: 26193.708984375.
LOCAL_RANK: 0 - CUDA_VISIBLE_DEVICES: [0]
[I 2023-11-30 09:49:24,780] Trial 7 finished with value: 114577.5 and parameters: {'gradient_clip_val': 0.4967409135921697, 'hidden_size': 13, 'dropout': 0.25269938544450987, 'hidden_continuous_size': 12, 'attention_head_size': 2, 'learning_rate': 0.0011172951063064976}. Best is trial 4 with value: 26193.708984375.
LOCAL_RANK: 0 - CUDA_VISIBLE_DEVICES: [0]
[I 2023-11-30 09:49:38,161] Trial 8 finished with value: 32467.380859375 and parameters: {'gradient_clip_val': 0.2695879604943137, 'hidden_size': 67, 'dropout': 0.3830512760571029, 'hidden_continuous_size': 24, 'attention_head_size': 3, 'learning_rate': 0.04950710490042122}. Best is trial 4 with value: 26193.708984375.
LOCAL_RANK: 0 - CUDA_VISIBLE_DEVICES: [0]
[I 2023-11-30 09:49:50,286] Trial 9 finished with value: 84832.5546875 and parameters: {'gradient_clip_val': 0.32528884031023614, 'hidden_size': 16, 'dropout': 0.20286892357741704, 'hidden_continuous_size': 15, 'attention_head_size': 4, 'learning_rate': 0.002743213959908448}. Best is trial 4 with value: 26193.708984375.
LOCAL_RANK: 0 - CUDA_VISIBLE_DEVICES: [0]
[I 2023-11-30 09:50:02,630] Trial 10 finished with value: 23836.173828125 and parameters: {'gradient_clip_val': 0.928663194419345, 'hidden_size': 32, 'dropout': 0.1800635561212879, 'hidden_continuous_size': 15, 'attention_head_size': 1, 'learning_rate': 0.007525200527217018}. Best is trial 10 with value: 23836.173828125.
LOCAL_RANK: 0 - CUDA_VISIBLE_DEVICES: [0]
[I 2023-11-30 09:50:14,769] Trial 11 finished with value: 34649.74609375 and parameters: {'gradient_clip_val': 0.9631212957410528, 'hidden_size': 25, 'dropout': 0.17939891055137386, 'hidden_continuous_size': 14, 'attention_head_size': 1, 'learning_rate': 0.007209743419091706}. Best is trial 10 with value: 23836.173828125.
LOCAL_RANK: 0 - CUDA_VISIBLE_DEVICES: [0]
[I 2023-11-30 09:50:27,248] Trial 12 finished with value: 25820.470703125 and parameters: {'gradient_clip_val': 0.983246486536697, 'hidden_size': 36, 'dropout': 0.16916999673404232, 'hidden_continuous_size': 17, 'attention_head_size': 1, 'learning_rate': 0.008625585262592864}. Best is trial 10 with value: 23836.173828125.
LOCAL_RANK: 0 - CUDA_VISIBLE_DEVICES: [0]
[I 2023-11-30 09:50:39,934] Trial 13 finished with value: 23418.25 and parameters: {'gradient_clip_val': 0.6576876702067529, 'hidden_size': 41, 'dropout': 0.1624543798620351, 'hidden_continuous_size': 16, 'attention_head_size': 1, 'learning_rate': 0.005900927677003136}. Best is trial 13 with value: 23418.25.
LOCAL_RANK: 0 - CUDA_VISIBLE_DEVICES: [0]
[I 2023-11-30 09:50:52,637] Trial 14 finished with value: 32968.19140625 and parameters: {'gradient_clip_val': 0.64656418943483, 'hidden_size': 46, 'dropout': 0.15209850616221737, 'hidden_continuous_size': 13, 'attention_head_size': 1, 'learning_rate': 0.005382999662144468}. Best is trial 13 with value: 23418.25.
LOCAL_RANK: 0 - CUDA_VISIBLE_DEVICES: [0]
[I 2023-11-30 09:51:05,257] Trial 15 finished with value: 27216.8125 and parameters: {'gradient_clip_val': 0.5850999172827086, 'hidden_size': 44, 'dropout': 0.11480146434445124, 'hidden_continuous_size': 10, 'attention_head_size': 1, 'learning_rate': 0.01618058050509597}. Best is trial 13 with value: 23418.25.
LOCAL_RANK: 0 - CUDA_VISIBLE_DEVICES: [0]
[I 2023-11-30 09:51:17,508] Trial 16 finished with value: 71567.5234375 and parameters: {'gradient_clip_val': 0.7332953163470698, 'hidden_size': 21, 'dropout': 0.16687453724999257, 'hidden_continuous_size': 12, 'attention_head_size': 2, 'learning_rate': 0.004655602229558262}. Best is trial 13 with value: 23418.25.
LOCAL_RANK: 0 - CUDA_VISIBLE_DEVICES: [0]
[I 2023-11-30 09:51:29,666] Trial 17 finished with value: 27719.384765625 and parameters: {'gradient_clip_val': 0.48610182718455197, 'hidden_size': 32, 'dropout': 0.10340737974265876, 'hidden_continuous_size': 16, 'attention_head_size': 1, 'learning_rate': 0.01738473620181158}. Best is trial 13 with value: 23418.25.
LOCAL_RANK: 0 - CUDA_VISIBLE_DEVICES: [0]
[I 2023-11-30 09:51:39,917] Trial 18 finished with value: 52751.23046875 and parameters: {'gradient_clip_val': 0.7829243904503561, 'hidden_size': 10, 'dropout': 0.20331727823734902, 'hidden_continuous_size': 10, 'attention_head_size': 1, 'learning_rate': 0.004590586901960578}. Best is trial 13 with value: 23418.25.
LOCAL_RANK: 0 - CUDA_VISIBLE_DEVICES: [0]
[I 2023-11-30 09:51:52,653] Trial 19 finished with value: 29365.970703125 and parameters: {'gradient_clip_val': 0.5136492908165368, 'hidden_size': 48, 'dropout': 0.14643409187942338, 'hidden_continuous_size': 18, 'attention_head_size': 2, 'learning_rate': 0.01072410628473072}. Best is trial 13 with value: 23418.25.
LOCAL_RANK: 0 - CUDA_VISIBLE_DEVICES: [0]
[I 2023-11-30 09:52:04,732] Trial 20 finished with value: 86611.5234375 and parameters: {'gradient_clip_val': 0.4253364484916512, 'hidden_size': 20, 'dropout': 0.2838378634272186, 'hidden_continuous_size': 13, 'attention_head_size': 1, 'learning_rate': 0.001597211900841351}. Best is trial 13 with value: 23418.25.
LOCAL_RANK: 0 - CUDA_VISIBLE_DEVICES: [0]
[I 2023-11-30 09:52:16,992] Trial 21 finished with value: 33082.640625 and parameters: {'gradient_clip_val': 0.9988887972996721, 'hidden_size': 36, 'dropout': 0.17471955239346804, 'hidden_continuous_size': 16, 'attention_head_size': 1, 'learning_rate': 0.00814083598718771}. Best is trial 13 with value: 23418.25.
LOCAL_RANK: 0 - CUDA_VISIBLE_DEVICES: [0]
[I 2023-11-30 09:52:29,616] Trial 22 finished with value: 25867.982421875 and parameters: {'gradient_clip_val': 0.9959317357886407, 'hidden_size': 35, 'dropout': 0.14990225496926063, 'hidden_continuous_size': 17, 'attention_head_size': 1, 'learning_rate': 0.005754981847034134}. Best is trial 13 with value: 23418.25.
LOCAL_RANK: 0 - CUDA_VISIBLE_DEVICES: [0]
[I 2023-11-30 09:52:41,950] Trial 23 finished with value: 27098.275390625 and parameters: {'gradient_clip_val': 0.6372736250417319, 'hidden_size': 27, 'dropout': 0.177891677626836, 'hidden_continuous_size': 15, 'attention_head_size': 2, 'learning_rate': 0.008854283009199557}. Best is trial 13 with value: 23418.25.
LOCAL_RANK: 0 - CUDA_VISIBLE_DEVICES: [0]
[I 2023-11-30 09:52:54,700] Trial 24 finished with value: 25440.09375 and parameters: {'gradient_clip_val': 0.7711782375377694, 'hidden_size': 43, 'dropout': 0.1285201587360667, 'hidden_continuous_size': 20, 'attention_head_size': 1, 'learning_rate': 0.012423703301603804}. Best is trial 13 with value: 23418.25.
LOCAL_RANK: 0 - CUDA_VISIBLE_DEVICES: [0]
[I 2023-11-30 09:53:07,728] Trial 25 finished with value: 27504.0625 and parameters: {'gradient_clip_val': 0.7509793879182121, 'hidden_size': 53, 'dropout': 0.12551770037408594, 'hidden_continuous_size': 19, 'attention_head_size': 1, 'learning_rate': 0.011406310636577195}. Best is trial 13 with value: 23418.25.
LOCAL_RANK: 0 - CUDA_VISIBLE_DEVICES: [0]
[I 2023-11-30 09:53:20,633] Trial 26 finished with value: 30269.53125 and parameters: {'gradient_clip_val': 0.8077348538802819, 'hidden_size': 42, 'dropout': 0.10104981867543267, 'hidden_continuous_size': 21, 'attention_head_size': 2, 'learning_rate': 0.0034349033316942806}. Best is trial 13 with value: 23418.25.
LOCAL_RANK: 0 - CUDA_VISIBLE_DEVICES: [0]
[I 2023-11-30 09:53:33,129] Trial 27 finished with value: 29385.283203125 and parameters: {'gradient_clip_val': 0.6121031035322863, 'hidden_size': 31, 'dropout': 0.13300414637553407, 'hidden_continuous_size': 14, 'attention_head_size': 1, 'learning_rate': 0.022605456078099977}. Best is trial 13 with value: 23418.25.
LOCAL_RANK: 0 - CUDA_VISIBLE_DEVICES: [0]
[I 2023-11-30 09:53:46,157] Trial 28 finished with value: 24335.330078125 and parameters: {'gradient_clip_val': 0.41172652983552427, 'hidden_size': 54, 'dropout': 0.12795553411954508, 'hidden_continuous_size': 21, 'attention_head_size': 2, 'learning_rate': 0.006337834296694872}. Best is trial 13 with value: 23418.25.
LOCAL_RANK: 0 - CUDA_VISIBLE_DEVICES: [0]
[I 2023-11-30 09:53:59,313] Trial 29 finished with value: 23765.791015625 and parameters: {'gradient_clip_val': 0.41851173764174143, 'hidden_size': 61, 'dropout': 0.15049006392595082, 'hidden_continuous_size': 22, 'attention_head_size': 2, 'learning_rate': 0.004314538448048892}. Best is trial 13 with value: 23418.25.
LOCAL_RANK: 0 - CUDA_VISIBLE_DEVICES: [0]
[I 2023-11-30 09:54:12,916] Trial 30 finished with value: 29115.412109375 and parameters: {'gradient_clip_val': 0.5515224957038072, 'hidden_size': 62, 'dropout': 0.15685440365617065, 'hidden_continuous_size': 24, 'attention_head_size': 3, 'learning_rate': 0.00481932116999012}. Best is trial 13 with value: 23418.25.
LOCAL_RANK: 0 - CUDA_VISIBLE_DEVICES: [0]
[I 2023-11-30 09:54:26,024] Trial 31 finished with value: 26067.9296875 and parameters: {'gradient_clip_val': 0.42426768867327086, 'hidden_size': 55, 'dropout': 0.1409236722454014, 'hidden_continuous_size': 22, 'attention_head_size': 2, 'learning_rate': 0.006302612898620496}. Best is trial 13 with value: 23418.25.
LOCAL_RANK: 0 - CUDA_VISIBLE_DEVICES: [0]
[I 2023-11-30 09:54:38,818] Trial 32 finished with value: 33998.72265625 and parameters: {'gradient_clip_val': 0.42363937241063293, 'hidden_size': 55, 'dropout': 0.18812329540281406, 'hidden_continuous_size': 18, 'attention_head_size': 2, 'learning_rate': 0.0030673296842407146}. Best is trial 13 with value: 23418.25.
LOCAL_RANK: 0 - CUDA_VISIBLE_DEVICES: [0]
[I 2023-11-30 09:54:52,254] Trial 33 finished with value: 27790.396484375 and parameters: {'gradient_clip_val': 0.38124739243982797, 'hidden_size': 69, 'dropout': 0.12124695921752668, 'hidden_continuous_size': 28, 'attention_head_size': 2, 'learning_rate': 0.004007715241779891}. Best is trial 13 with value: 23418.25.
LOCAL_RANK: 0 - CUDA_VISIBLE_DEVICES: [0]
[I 2023-11-30 09:55:05,015] Trial 34 finished with value: 30379.328125 and parameters: {'gradient_clip_val': 0.26418193047349764, 'hidden_size': 39, 'dropout': 0.15796219028602373, 'hidden_continuous_size': 22, 'attention_head_size': 3, 'learning_rate': 0.006357936326008335}. Best is trial 13 with value: 23418.25.
LOCAL_RANK: 0 - CUDA_VISIBLE_DEVICES: [0]
[I 2023-11-30 09:55:18,528] Trial 35 finished with value: 35072.01171875 and parameters: {'gradient_clip_val': 0.4741080768746842, 'hidden_size': 80, 'dropout': 0.10032855275997932, 'hidden_continuous_size': 34, 'attention_head_size': 2, 'learning_rate': 0.002252868645761041}. Best is trial 13 with value: 23418.25.
LOCAL_RANK: 0 - CUDA_VISIBLE_DEVICES: [0]
[I 2023-11-30 09:55:31,974] Trial 36 finished with value: 23874.103515625 and parameters: {'gradient_clip_val': 0.5697694099848724, 'hidden_size': 84, 'dropout': 0.18834886136769796, 'hidden_continuous_size': 26, 'attention_head_size': 2, 'learning_rate': 0.003901376286929715}. Best is trial 13 with value: 23418.25.
LOCAL_RANK: 0 - CUDA_VISIBLE_DEVICES: [0]
[I 2023-11-30 09:55:45,891] Trial 37 finished with value: 27561.333984375 and parameters: {'gradient_clip_val': 0.693811146140084, 'hidden_size': 108, 'dropout': 0.19103359621942873, 'hidden_continuous_size': 35, 'attention_head_size': 3, 'learning_rate': 0.003829100672964566}. Best is trial 13 with value: 23418.25.
LOCAL_RANK: 0 - CUDA_VISIBLE_DEVICES: [0]
[I 2023-11-30 09:55:59,530] Trial 38 finished with value: 27677.3125 and parameters: {'gradient_clip_val': 0.5557908041655685, 'hidden_size': 81, 'dropout': 0.22030678372301676, 'hidden_continuous_size': 25, 'attention_head_size': 4, 'learning_rate': 0.002632837501717653}. Best is trial 13 with value: 23418.25.
LOCAL_RANK: 0 - CUDA_VISIBLE_DEVICES: [0]
[I 2023-11-30 09:56:13,887] Trial 39 finished with value: 26834.306640625 and parameters: {'gradient_clip_val': 0.6789300145236303, 'hidden_size': 142, 'dropout': 0.1643082752553348, 'hidden_continuous_size': 44, 'attention_head_size': 2, 'learning_rate': 0.003873353655884133}. Best is trial 13 with value: 23418.25.
LOCAL_RANK: 0 - CUDA_VISIBLE_DEVICES: [0]
[I 2023-11-30 09:56:27,996] Trial 40 finished with value: 24651.353515625 and parameters: {'gradient_clip_val': 0.8678427218465267, 'hidden_size': 117, 'dropout': 0.2165558052147293, 'hidden_continuous_size': 27, 'attention_head_size': 3, 'learning_rate': 0.0020960985025998873}. Best is trial 13 with value: 23418.25.
LOCAL_RANK: 0 - CUDA_VISIBLE_DEVICES: [0]
[I 2023-11-30 09:56:41,420] Trial 41 finished with value: 28295.7421875 and parameters: {'gradient_clip_val': 0.5789289909220288, 'hidden_size': 92, 'dropout': 0.13922112369361894, 'hidden_continuous_size': 20, 'attention_head_size': 2, 'learning_rate': 0.006307409579240994}. Best is trial 13 with value: 23418.25.
LOCAL_RANK: 0 - CUDA_VISIBLE_DEVICES: [0]
[I 2023-11-30 09:56:54,667] Trial 42 finished with value: 31236.955078125 and parameters: {'gradient_clip_val': 0.37922036347790855, 'hidden_size': 63, 'dropout': 0.11622198479387162, 'hidden_continuous_size': 22, 'attention_head_size': 2, 'learning_rate': 0.007284382544445815}. Best is trial 13 with value: 23418.25.
LOCAL_RANK: 0 - CUDA_VISIBLE_DEVICES: [0]
[I 2023-11-30 09:57:07,941] Trial 43 finished with value: 26380.193359375 and parameters: {'gradient_clip_val': 0.8606548328888004, 'hidden_size': 72, 'dropout': 0.14515602960971602, 'hidden_continuous_size': 24, 'attention_head_size': 2, 'learning_rate': 0.0052007153105207956}. Best is trial 13 with value: 23418.25.
LOCAL_RANK: 0 - CUDA_VISIBLE_DEVICES: [0]
[I 2023-11-30 09:57:21,320] Trial 44 finished with value: 30751.978515625 and parameters: {'gradient_clip_val': 0.6773252988558182, 'hidden_size': 85, 'dropout': 0.16323155273407475, 'hidden_continuous_size': 18, 'attention_head_size': 2, 'learning_rate': 0.009347407130098703}. Best is trial 13 with value: 23418.25.
LOCAL_RANK: 0 - CUDA_VISIBLE_DEVICES: [0]
[I 2023-11-30 09:57:34,344] Trial 45 finished with value: 29381.03125 and parameters: {'gradient_clip_val': 0.6181362049790086, 'hidden_size': 51, 'dropout': 0.18461209342315552, 'hidden_continuous_size': 19, 'attention_head_size': 1, 'learning_rate': 0.003111270450008921}. Best is trial 13 with value: 23418.25.
LOCAL_RANK: 0 - CUDA_VISIBLE_DEVICES: [0]
[I 2023-11-30 09:57:47,659] Trial 46 finished with value: 29403.755859375 and parameters: {'gradient_clip_val': 0.4969952186056953, 'hidden_size': 92, 'dropout': 0.12005415162203453, 'hidden_continuous_size': 16, 'attention_head_size': 2, 'learning_rate': 0.007315385813561572}. Best is trial 13 with value: 23418.25.
LOCAL_RANK: 0 - CUDA_VISIBLE_DEVICES: [0]
[I 2023-11-30 09:58:00,696] Trial 47 finished with value: 21960.109375 and parameters: {'gradient_clip_val': 0.10390876042212847, 'hidden_size': 59, 'dropout': 0.13609869992166068, 'hidden_continuous_size': 21, 'attention_head_size': 1, 'learning_rate': 0.0041387863652118}. Best is trial 47 with value: 21960.109375.
LOCAL_RANK: 0 - CUDA_VISIBLE_DEVICES: [0]
[I 2023-11-30 09:58:13,903] Trial 48 finished with value: 32819.23828125 and parameters: {'gradient_clip_val': 0.10452919949290634, 'hidden_size': 61, 'dropout': 0.17091976382906304, 'hidden_continuous_size': 17, 'attention_head_size': 1, 'learning_rate': 0.004467903595871725}. Best is trial 47 with value: 21960.109375.
LOCAL_RANK: 0 - CUDA_VISIBLE_DEVICES: [0]
