[I 2023-11-30 08:58:24,913] Trial 109 finished with value: 1381.7059326171875 and parameters: {'gradient_clip_val': 0.2399394456153647, 'hidden_size': 28, 'dropout': 0.202111017549509, 'hidden_continuous_size': 15, 'attention_head_size': 3, 'learning_rate': 0.0728930116826155}. Best is trial 102 with value: 1035.95556640625.
LOCAL_RANK: 0 - CUDA_VISIBLE_DEVICES: [0]
[I 2023-11-30 08:58:36,403] Trial 110 finished with value: 1781.4383544921875 and parameters: {'gradient_clip_val': 0.28056786179106946, 'hidden_size': 12, 'dropout': 0.15127152833507965, 'hidden_continuous_size': 10, 'attention_head_size': 3, 'learning_rate': 0.08988059523126406}. Best is trial 102 with value: 1035.95556640625.
LOCAL_RANK: 0 - CUDA_VISIBLE_DEVICES: [0]
[I 2023-11-30 08:58:46,458] Trial 111 finished with value: 1332.794189453125 and parameters: {'gradient_clip_val': 0.2607798529430633, 'hidden_size': 10, 'dropout': 0.13876469964375537, 'hidden_continuous_size': 10, 'attention_head_size': 3, 'learning_rate': 0.06189437956037557}. Best is trial 102 with value: 1035.95556640625.
LOCAL_RANK: 0 - CUDA_VISIBLE_DEVICES: [0]
[I 2023-11-30 08:58:58,208] Trial 112 finished with value: 1102.2991943359375 and parameters: {'gradient_clip_val': 0.3042811339182293, 'hidden_size': 11, 'dropout': 0.1669462288757136, 'hidden_continuous_size': 10, 'attention_head_size': 3, 'learning_rate': 0.05669653515704562}. Best is trial 102 with value: 1035.95556640625.
LOCAL_RANK: 0 - CUDA_VISIBLE_DEVICES: [0]
[I 2023-11-30 08:59:09,922] Trial 113 finished with value: 1261.1024169921875 and parameters: {'gradient_clip_val': 0.33164825486650745, 'hidden_size': 11, 'dropout': 0.16260593590449585, 'hidden_continuous_size': 10, 'attention_head_size': 3, 'learning_rate': 0.08054232091839866}. Best is trial 102 with value: 1035.95556640625.
LOCAL_RANK: 0 - CUDA_VISIBLE_DEVICES: [0]
[I 2023-11-30 08:59:21,740] Trial 114 finished with value: 1453.328125 and parameters: {'gradient_clip_val': 0.3064206382551242, 'hidden_size': 13, 'dropout': 0.19430485045803733, 'hidden_continuous_size': 10, 'attention_head_size': 3, 'learning_rate': 0.055598528089410446}. Best is trial 102 with value: 1035.95556640625.
LOCAL_RANK: 0 - CUDA_VISIBLE_DEVICES: [0]
[I 2023-11-30 08:59:33,406] Trial 115 finished with value: 1145.2271728515625 and parameters: {'gradient_clip_val': 0.3657915921481437, 'hidden_size': 11, 'dropout': 0.16985738531695194, 'hidden_continuous_size': 10, 'attention_head_size': 3, 'learning_rate': 0.06949638078397337}. Best is trial 102 with value: 1035.95556640625.
LOCAL_RANK: 0 - CUDA_VISIBLE_DEVICES: [0]
[I 2023-11-30 08:59:44,918] Trial 116 finished with value: 1024.0125732421875 and parameters: {'gradient_clip_val': 0.39520493565381803, 'hidden_size': 12, 'dropout': 0.18250327781548906, 'hidden_continuous_size': 10, 'attention_head_size': 3, 'learning_rate': 0.09178911415769751}. Best is trial 116 with value: 1024.0125732421875.
LOCAL_RANK: 0 - CUDA_VISIBLE_DEVICES: [0]
[I 2023-11-30 08:59:56,918] Trial 117 finished with value: 1526.50390625 and parameters: {'gradient_clip_val': 0.4169219198352263, 'hidden_size': 14, 'dropout': 0.1806454065745049, 'hidden_continuous_size': 13, 'attention_head_size': 3, 'learning_rate': 0.061842620305405036}. Best is trial 116 with value: 1024.0125732421875.
LOCAL_RANK: 0 - CUDA_VISIBLE_DEVICES: [0]
[I 2023-11-30 09:00:08,453] Trial 118 finished with value: 1761.3441162109375 and parameters: {'gradient_clip_val': 0.3936770268655303, 'hidden_size': 12, 'dropout': 0.18608296906669963, 'hidden_continuous_size': 10, 'attention_head_size': 3, 'learning_rate': 0.09221790274874106}. Best is trial 116 with value: 1024.0125732421875.
LOCAL_RANK: 0 - CUDA_VISIBLE_DEVICES: [0]
[I 2023-11-30 09:00:20,003] Trial 119 finished with value: 1040.83935546875 and parameters: {'gradient_clip_val': 0.29393820153686107, 'hidden_size': 12, 'dropout': 0.16677041553197797, 'hidden_continuous_size': 10, 'attention_head_size': 3, 'learning_rate': 0.07499160836926112}. Best is trial 116 with value: 1024.0125732421875.
LOCAL_RANK: 0 - CUDA_VISIBLE_DEVICES: [0]
[I 2023-11-30 09:00:32,142] Trial 120 finished with value: 1480.3985595703125 and parameters: {'gradient_clip_val': 0.2660929305510881, 'hidden_size': 15, 'dropout': 0.15865033751323385, 'hidden_continuous_size': 14, 'attention_head_size': 3, 'learning_rate': 0.06660444673395145}. Best is trial 116 with value: 1024.0125732421875.
LOCAL_RANK: 0 - CUDA_VISIBLE_DEVICES: [0]
[I 2023-11-30 09:00:43,817] Trial 121 finished with value: 1258.965576171875 and parameters: {'gradient_clip_val': 0.29568809413960806, 'hidden_size': 13, 'dropout': 0.16631507151373737, 'hidden_continuous_size': 10, 'attention_head_size': 3, 'learning_rate': 0.07518169404423446}. Best is trial 116 with value: 1024.0125732421875.
LOCAL_RANK: 0 - CUDA_VISIBLE_DEVICES: [0]
[I 2023-11-30 09:00:55,732] Trial 122 finished with value: 1258.8568115234375 and parameters: {'gradient_clip_val': 0.273920915930652, 'hidden_size': 11, 'dropout': 0.172919568666706, 'hidden_continuous_size': 10, 'attention_head_size': 3, 'learning_rate': 0.07984520870414182}. Best is trial 116 with value: 1024.0125732421875.
LOCAL_RANK: 0 - CUDA_VISIBLE_DEVICES: [0]
[I 2023-11-30 09:01:07,236] Trial 123 finished with value: 1400.51513671875 and parameters: {'gradient_clip_val': 0.3453266448919678, 'hidden_size': 12, 'dropout': 0.1491480156333471, 'hidden_continuous_size': 11, 'attention_head_size': 3, 'learning_rate': 0.05566163581985218}. Best is trial 116 with value: 1024.0125732421875.
LOCAL_RANK: 0 - CUDA_VISIBLE_DEVICES: [0]
[I 2023-11-30 09:01:18,952] Trial 124 finished with value: 1403.9730224609375 and parameters: {'gradient_clip_val': 0.31319553028837827, 'hidden_size': 11, 'dropout': 0.17707276326659063, 'hidden_continuous_size': 10, 'attention_head_size': 3, 'learning_rate': 0.04801298459890835}. Best is trial 116 with value: 1024.0125732421875.
LOCAL_RANK: 0 - CUDA_VISIBLE_DEVICES: [0]
[I 2023-11-30 09:01:30,455] Trial 125 finished with value: 1359.8350830078125 and parameters: {'gradient_clip_val': 0.3290989918159112, 'hidden_size': 12, 'dropout': 0.15555859023599533, 'hidden_continuous_size': 10, 'attention_head_size': 3, 'learning_rate': 0.09510388732324562}. Best is trial 116 with value: 1024.0125732421875.
LOCAL_RANK: 0 - CUDA_VISIBLE_DEVICES: [0]
[I 2023-11-30 09:01:42,430] Trial 126 finished with value: 1444.6151123046875 and parameters: {'gradient_clip_val': 0.22781574277264655, 'hidden_size': 21, 'dropout': 0.16739491260776138, 'hidden_continuous_size': 15, 'attention_head_size': 3, 'learning_rate': 0.09923751656274529}. Best is trial 116 with value: 1024.0125732421875.
LOCAL_RANK: 0 - CUDA_VISIBLE_DEVICES: [0]
[I 2023-11-30 09:01:54,639] Trial 127 finished with value: 1301.1072998046875 and parameters: {'gradient_clip_val': 0.28077662515508056, 'hidden_size': 25, 'dropout': 0.14409890674814307, 'hidden_continuous_size': 17, 'attention_head_size': 1, 'learning_rate': 0.07149168530730744}. Best is trial 116 with value: 1024.0125732421875.
LOCAL_RANK: 0 - CUDA_VISIBLE_DEVICES: [0]
[I 2023-11-30 09:02:04,820] Trial 128 finished with value: 4210.75537109375 and parameters: {'gradient_clip_val': 0.25192163142724716, 'hidden_size': 10, 'dropout': 0.19145174806423926, 'hidden_continuous_size': 10, 'attention_head_size': 3, 'learning_rate': 0.008619672696520404}. Best is trial 116 with value: 1024.0125732421875.
LOCAL_RANK: 0 - CUDA_VISIBLE_DEVICES: [0]
[I 2023-11-30 09:02:16,807] Trial 129 finished with value: 1207.0279541015625 and parameters: {'gradient_clip_val': 0.3034898572760105, 'hidden_size': 32, 'dropout': 0.13047754579101264, 'hidden_continuous_size': 11, 'attention_head_size': 3, 'learning_rate': 0.08643641350275176}. Best is trial 116 with value: 1024.0125732421875.
LOCAL_RANK: 0 - CUDA_VISIBLE_DEVICES: [0]
[I 2023-11-30 09:02:28,737] Trial 130 finished with value: 1404.2906494140625 and parameters: {'gradient_clip_val': 0.3940450194950677, 'hidden_size': 19, 'dropout': 0.21198822092388064, 'hidden_continuous_size': 14, 'attention_head_size': 3, 'learning_rate': 0.061094167178422594}. Best is trial 116 with value: 1024.0125732421875.
LOCAL_RANK: 0 - CUDA_VISIBLE_DEVICES: [0]
[I 2023-11-30 09:02:38,563] Trial 131 finished with value: 1379.1712646484375 and parameters: {'gradient_clip_val': 0.3730282482552445, 'hidden_size': 10, 'dropout': 0.1823157769242914, 'hidden_continuous_size': 10, 'attention_head_size': 3, 'learning_rate': 0.0856680774835677}. Best is trial 116 with value: 1024.0125732421875.
LOCAL_RANK: 0 - CUDA_VISIBLE_DEVICES: [0]
[I 2023-11-30 09:02:50,943] Trial 132 finished with value: 1318.6510009765625 and parameters: {'gradient_clip_val': 0.42663765283224264, 'hidden_size': 35, 'dropout': 0.2025412874636631, 'hidden_continuous_size': 11, 'attention_head_size': 3, 'learning_rate': 0.07639948349203114}. Best is trial 116 with value: 1024.0125732421875.
LOCAL_RANK: 0 - CUDA_VISIBLE_DEVICES: [0]
[I 2023-11-30 09:03:00,887] Trial 133 finished with value: 1455.99853515625 and parameters: {'gradient_clip_val': 0.35579194569788336, 'hidden_size': 10, 'dropout': 0.2260191669405111, 'hidden_continuous_size': 10, 'attention_head_size': 3, 'learning_rate': 0.08370388667401475}. Best is trial 116 with value: 1024.0125732421875.
LOCAL_RANK: 0 - CUDA_VISIBLE_DEVICES: [0]
[I 2023-11-30 09:03:12,658] Trial 134 finished with value: 1266.92578125 and parameters: {'gradient_clip_val': 0.3785423521660245, 'hidden_size': 11, 'dropout': 0.1611659962293733, 'hidden_continuous_size': 10, 'attention_head_size': 3, 'learning_rate': 0.04029912123761594}. Best is trial 116 with value: 1024.0125732421875.
LOCAL_RANK: 0 - CUDA_VISIBLE_DEVICES: [0]
[I 2023-11-30 09:03:24,524] Trial 135 finished with value: 1399.18896484375 and parameters: {'gradient_clip_val': 0.3234290992014949, 'hidden_size': 13, 'dropout': 0.19348980608679386, 'hidden_continuous_size': 10, 'attention_head_size': 3, 'learning_rate': 0.06685840417856626}. Best is trial 116 with value: 1024.0125732421875.
LOCAL_RANK: 0 - CUDA_VISIBLE_DEVICES: [0]
[I 2023-11-30 09:03:36,089] Trial 136 finished with value: 1820.5784912109375 and parameters: {'gradient_clip_val': 0.402226792885056, 'hidden_size': 12, 'dropout': 0.1746694611645386, 'hidden_continuous_size': 10, 'attention_head_size': 3, 'learning_rate': 0.020342311107510915}. Best is trial 116 with value: 1024.0125732421875.
LOCAL_RANK: 0 - CUDA_VISIBLE_DEVICES: [0]
[I 2023-11-30 09:03:47,914] Trial 137 finished with value: 1468.41943359375 and parameters: {'gradient_clip_val': 0.34448935780184703, 'hidden_size': 11, 'dropout': 0.22069867885058636, 'hidden_continuous_size': 10, 'attention_head_size': 3, 'learning_rate': 0.027078643945447456}. Best is trial 116 with value: 1024.0125732421875.
LOCAL_RANK: 0 - CUDA_VISIBLE_DEVICES: [0]
[I 2023-11-30 09:03:57,980] Trial 138 finished with value: 1144.9705810546875 and parameters: {'gradient_clip_val': 0.29285045371382634, 'hidden_size': 10, 'dropout': 0.21162498475690003, 'hidden_continuous_size': 10, 'attention_head_size': 3, 'learning_rate': 0.08991023784644032}. Best is trial 116 with value: 1024.0125732421875.
LOCAL_RANK: 0 - CUDA_VISIBLE_DEVICES: [0]
[I 2023-11-30 09:04:10,002] Trial 139 finished with value: 1518.9288330078125 and parameters: {'gradient_clip_val': 0.3653180693729463, 'hidden_size': 18, 'dropout': 0.1855583581107201, 'hidden_continuous_size': 14, 'attention_head_size': 3, 'learning_rate': 0.04560456637648485}. Best is trial 116 with value: 1024.0125732421875.
LOCAL_RANK: 0 - CUDA_VISIBLE_DEVICES: [0]
[I 2023-11-30 09:04:21,873] Trial 140 finished with value: 1243.6748046875 and parameters: {'gradient_clip_val': 0.3130423468932531, 'hidden_size': 14, 'dropout': 0.15069496827286555, 'hidden_continuous_size': 13, 'attention_head_size': 3, 'learning_rate': 0.05478832078352364}. Best is trial 116 with value: 1024.0125732421875.
LOCAL_RANK: 0 - CUDA_VISIBLE_DEVICES: [0]
[I 2023-11-30 09:04:33,699] Trial 141 finished with value: 1590.13427734375 and parameters: {'gradient_clip_val': 0.3005862554770743, 'hidden_size': 18, 'dropout': 0.1445763068393112, 'hidden_continuous_size': 12, 'attention_head_size': 1, 'learning_rate': 0.05128214758082704}. Best is trial 116 with value: 1024.0125732421875.
LOCAL_RANK: 0 - CUDA_VISIBLE_DEVICES: [0]
[I 2023-11-30 09:04:45,371] Trial 142 finished with value: 1202.7913818359375 and parameters: {'gradient_clip_val': 0.15532766593999026, 'hidden_size': 16, 'dropout': 0.1568955513065659, 'hidden_continuous_size': 12, 'attention_head_size': 2, 'learning_rate': 0.0300748829356823}. Best is trial 116 with value: 1024.0125732421875.
LOCAL_RANK: 0 - CUDA_VISIBLE_DEVICES: [0]
[I 2023-11-30 09:04:57,440] Trial 143 finished with value: 1443.6043701171875 and parameters: {'gradient_clip_val': 0.33439902893740653, 'hidden_size': 15, 'dropout': 0.16499203638157922, 'hidden_continuous_size': 12, 'attention_head_size': 3, 'learning_rate': 0.03669061194786797}. Best is trial 116 with value: 1024.0125732421875.
LOCAL_RANK: 0 - CUDA_VISIBLE_DEVICES: [0]
[I 2023-11-30 09:05:08,910] Trial 144 finished with value: 1264.244873046875 and parameters: {'gradient_clip_val': 0.2896136368631745, 'hidden_size': 12, 'dropout': 0.1373364092475174, 'hidden_continuous_size': 11, 'attention_head_size': 3, 'learning_rate': 0.07212517037457863}. Best is trial 116 with value: 1024.0125732421875.
LOCAL_RANK: 0 - CUDA_VISIBLE_DEVICES: [0]
[I 2023-11-30 09:05:18,890] Trial 145 finished with value: 1725.0064697265625 and parameters: {'gradient_clip_val': 0.4508157681105416, 'hidden_size': 10, 'dropout': 0.150603263655611, 'hidden_continuous_size': 10, 'attention_head_size': 2, 'learning_rate': 0.08085020005252791}. Best is trial 116 with value: 1024.0125732421875.
LOCAL_RANK: 0 - CUDA_VISIBLE_DEVICES: [0]
[I 2023-11-30 09:05:30,655] Trial 146 finished with value: 1663.5767822265625 and parameters: {'gradient_clip_val': 0.21399475510553956, 'hidden_size': 13, 'dropout': 0.230572570982577, 'hidden_continuous_size': 12, 'attention_head_size': 3, 'learning_rate': 0.09983978232152764}. Best is trial 116 with value: 1024.0125732421875.
LOCAL_RANK: 0 - CUDA_VISIBLE_DEVICES: [0]
[I 2023-11-30 09:05:40,498] Trial 147 finished with value: 1111.7689208984375 and parameters: {'gradient_clip_val': 0.27112299564224135, 'hidden_size': 11, 'dropout': 0.17032481410693937, 'hidden_continuous_size': 11, 'attention_head_size': 3, 'learning_rate': 0.06081850828332458}. Best is trial 116 with value: 1024.0125732421875.
LOCAL_RANK: 0 - CUDA_VISIBLE_DEVICES: [0]
[I 2023-11-30 09:05:50,470] Trial 148 finished with value: 1670.2373046875 and parameters: {'gradient_clip_val': 0.2567902468151166, 'hidden_size': 11, 'dropout': 0.17139230632960126, 'hidden_continuous_size': 11, 'attention_head_size': 3, 'learning_rate': 0.0621050316673322}. Best is trial 116 with value: 1024.0125732421875.
LOCAL_RANK: 0 - CUDA_VISIBLE_DEVICES: [0]
[I 2023-11-30 09:06:02,219] Trial 149 finished with value: 1095.8687744140625 and parameters: {'gradient_clip_val': 0.24298346004980287, 'hidden_size': 11, 'dropout': 0.17957733852630758, 'hidden_continuous_size': 10, 'attention_head_size': 3, 'learning_rate': 0.08901905996768023}. Best is trial 116 with value: 1024.0125732421875.
[I 2023-11-30 09:06:02,328] A new study created in memory with name: no-name-05b5e953-d0c9-4b6d-9c78-fab14f415949
/home/le004/conda/anaconda3/envs/tsff_env/lib/python3.9/site-packages/lightning/fabric/plugins/environments/slurm.py:191: The `srun` command is available on your system but is not used. HINT: If your intention is to run Lightning on SLURM, prepend your python command with `srun` like so: srun python /home/le004/master_thesis/git/TSFusionForecast/code/ ...
LOCAL_RANK: 0 - CUDA_VISIBLE_DEVICES: [0]
[I 2023-11-30 09:06:15,423] Trial 0 finished with value: 203.61851501464844 and parameters: {'gradient_clip_val': 0.5516634488483557, 'hidden_size': 68, 'dropout': 0.24210343261845899, 'hidden_continuous_size': 30, 'attention_head_size': 3, 'learning_rate': 0.0010857982647379631}. Best is trial 0 with value: 203.61851501464844.
LOCAL_RANK: 0 - CUDA_VISIBLE_DEVICES: [0]
[I 2023-11-30 09:06:28,742] Trial 1 finished with value: 78.32306671142578 and parameters: {'gradient_clip_val': 0.21059981390756985, 'hidden_size': 120, 'dropout': 0.34619551139695476, 'hidden_continuous_size': 10, 'attention_head_size': 3, 'learning_rate': 0.010480383132878827}. Best is trial 1 with value: 78.32306671142578.
LOCAL_RANK: 0 - CUDA_VISIBLE_DEVICES: [0]
[I 2023-11-30 09:06:41,271] Trial 2 finished with value: 256.2110595703125 and parameters: {'gradient_clip_val': 0.2532113669271065, 'hidden_size': 46, 'dropout': 0.26824345052863185, 'hidden_continuous_size': 14, 'attention_head_size': 3, 'learning_rate': 0.0018747405372340452}. Best is trial 1 with value: 78.32306671142578.
LOCAL_RANK: 0 - CUDA_VISIBLE_DEVICES: [0]
[I 2023-11-30 09:06:52,845] Trial 3 finished with value: 238.31787109375 and parameters: {'gradient_clip_val': 0.2547974226323606, 'hidden_size': 12, 'dropout': 0.2789395640080705, 'hidden_continuous_size': 10, 'attention_head_size': 3, 'learning_rate': 0.007772559879137557}. Best is trial 1 with value: 78.32306671142578.
LOCAL_RANK: 0 - CUDA_VISIBLE_DEVICES: [0]
[I 2023-11-30 09:07:06,289] Trial 4 finished with value: 41.62661361694336 and parameters: {'gradient_clip_val': 0.42843750666669017, 'hidden_size': 80, 'dropout': 0.3461454887146585, 'hidden_continuous_size': 47, 'attention_head_size': 3, 'learning_rate': 0.029229033251016865}. Best is trial 4 with value: 41.62661361694336.
LOCAL_RANK: 0 - CUDA_VISIBLE_DEVICES: [0]
[I 2023-11-30 09:07:18,855] Trial 5 finished with value: 57.4141845703125 and parameters: {'gradient_clip_val': 0.19215985720179257, 'hidden_size': 52, 'dropout': 0.37544722131442554, 'hidden_continuous_size': 24, 'attention_head_size': 1, 'learning_rate': 0.0347749181926042}. Best is trial 4 with value: 41.62661361694336.
LOCAL_RANK: 0 - CUDA_VISIBLE_DEVICES: [0]
[I 2023-11-30 09:07:31,291] Trial 6 finished with value: 54.46610641479492 and parameters: {'gradient_clip_val': 0.25973866744378465, 'hidden_size': 44, 'dropout': 0.372278042761527, 'hidden_continuous_size': 28, 'attention_head_size': 3, 'learning_rate': 0.037469641842713265}. Best is trial 4 with value: 41.62661361694336.
LOCAL_RANK: 0 - CUDA_VISIBLE_DEVICES: [0]
[I 2023-11-30 09:07:43,210] Trial 7 finished with value: 90.46087646484375 and parameters: {'gradient_clip_val': 0.13382087168677362, 'hidden_size': 20, 'dropout': 0.3339456458082084, 'hidden_continuous_size': 16, 'attention_head_size': 4, 'learning_rate': 0.010547474717537992}. Best is trial 4 with value: 41.62661361694336.
LOCAL_RANK: 0 - CUDA_VISIBLE_DEVICES: [0]
[I 2023-11-30 09:07:55,090] Trial 8 finished with value: 59.566253662109375 and parameters: {'gradient_clip_val': 0.18350767162719636, 'hidden_size': 21, 'dropout': 0.12745642248172837, 'hidden_continuous_size': 10, 'attention_head_size': 2, 'learning_rate': 0.05469204257634336}. Best is trial 4 with value: 41.62661361694336.
LOCAL_RANK: 0 - CUDA_VISIBLE_DEVICES: [0]
[I 2023-11-30 09:08:08,916] Trial 9 finished with value: 59.0892333984375 and parameters: {'gradient_clip_val': 0.44767711076747563, 'hidden_size': 115, 'dropout': 0.14734564645083212, 'hidden_continuous_size': 84, 'attention_head_size': 1, 'learning_rate': 0.0027298679795065297}. Best is trial 4 with value: 41.62661361694336.
LOCAL_RANK: 0 - CUDA_VISIBLE_DEVICES: [0]
[I 2023-11-30 09:08:22,672] Trial 10 finished with value: 43.38771438598633 and parameters: {'gradient_clip_val': 0.7680107343296254, 'hidden_size': 81, 'dropout': 0.3919744820881713, 'hidden_continuous_size': 56, 'attention_head_size': 4, 'learning_rate': 0.09929173307629723}. Best is trial 4 with value: 41.62661361694336.
LOCAL_RANK: 0 - CUDA_VISIBLE_DEVICES: [0]
[I 2023-11-30 09:08:36,186] Trial 11 finished with value: 39.40278244018555 and parameters: {'gradient_clip_val': 0.946770909800555, 'hidden_size': 80, 'dropout': 0.3957373347340722, 'hidden_continuous_size': 55, 'attention_head_size': 4, 'learning_rate': 0.08247670390559145}. Best is trial 11 with value: 39.40278244018555.
LOCAL_RANK: 0 - CUDA_VISIBLE_DEVICES: [0]
[I 2023-11-30 09:08:50,140] Trial 12 finished with value: 55.32826614379883 and parameters: {'gradient_clip_val': 0.9969347942145018, 'hidden_size': 87, 'dropout': 0.324805122100588, 'hidden_continuous_size': 53, 'attention_head_size': 4, 'learning_rate': 0.07963782011104198}. Best is trial 11 with value: 39.40278244018555.
LOCAL_RANK: 0 - CUDA_VISIBLE_DEVICES: [0]
[I 2023-11-30 09:09:04,507] Trial 13 finished with value: 41.04491424560547 and parameters: {'gradient_clip_val': 0.4070536430027762, 'hidden_size': 138, 'dropout': 0.39830072058537214, 'hidden_continuous_size': 112, 'attention_head_size': 2, 'learning_rate': 0.026056868306374374}. Best is trial 11 with value: 39.40278244018555.
LOCAL_RANK: 0 - CUDA_VISIBLE_DEVICES: [0]
[I 2023-11-30 09:09:18,976] Trial 14 finished with value: 44.72089767456055 and parameters: {'gradient_clip_val': 0.6360056723552476, 'hidden_size': 148, 'dropout': 0.39476896772433623, 'hidden_continuous_size': 143, 'attention_head_size': 2, 'learning_rate': 0.021070573831848075}. Best is trial 11 with value: 39.40278244018555.
LOCAL_RANK: 0 - CUDA_VISIBLE_DEVICES: [0]
[I 2023-11-30 09:09:33,380] Trial 15 finished with value: 42.25973129272461 and parameters: {'gradient_clip_val': 0.3678109732237645, 'hidden_size': 141, 'dropout': 0.3934490178517087, 'hidden_continuous_size': 86, 'attention_head_size': 2, 'learning_rate': 0.05871540376606409}. Best is trial 11 with value: 39.40278244018555.
LOCAL_RANK: 0 - CUDA_VISIBLE_DEVICES: [0]
