[I 2023-11-30 00:27:43,694] Trial 119 finished with value: 309.2967529296875 and parameters: {'gradient_clip_val': 0.10253479727237474, 'hidden_size': 83, 'dropout': 0.222085970361875, 'hidden_continuous_size': 19, 'attention_head_size': 2, 'learning_rate': 0.003210175771378809}. Best is trial 106 with value: 240.8773193359375.
LOCAL_RANK: 0 - CUDA_VISIBLE_DEVICES: [0]
[I 2023-11-30 00:27:57,564] Trial 120 finished with value: 275.0431213378906 and parameters: {'gradient_clip_val': 0.12298059843970428, 'hidden_size': 73, 'dropout': 0.1870348851648997, 'hidden_continuous_size': 24, 'attention_head_size': 2, 'learning_rate': 0.00282545103495059}. Best is trial 106 with value: 240.8773193359375.
LOCAL_RANK: 0 - CUDA_VISIBLE_DEVICES: [0]
[I 2023-11-30 00:28:10,996] Trial 121 finished with value: 349.695556640625 and parameters: {'gradient_clip_val': 0.13873178361470495, 'hidden_size': 78, 'dropout': 0.1935911131544724, 'hidden_continuous_size': 25, 'attention_head_size': 2, 'learning_rate': 0.005798146370380311}. Best is trial 106 with value: 240.8773193359375.
LOCAL_RANK: 0 - CUDA_VISIBLE_DEVICES: [0]
[I 2023-11-30 00:28:24,427] Trial 122 finished with value: 285.4002685546875 and parameters: {'gradient_clip_val': 0.1501448252651632, 'hidden_size': 69, 'dropout': 0.2080342609887556, 'hidden_continuous_size': 22, 'attention_head_size': 2, 'learning_rate': 0.005040100877317119}. Best is trial 106 with value: 240.8773193359375.
LOCAL_RANK: 0 - CUDA_VISIBLE_DEVICES: [0]
[I 2023-11-30 00:28:37,729] Trial 123 finished with value: 288.8067321777344 and parameters: {'gradient_clip_val': 0.14309219004710333, 'hidden_size': 87, 'dropout': 0.2030874190784334, 'hidden_continuous_size': 27, 'attention_head_size': 2, 'learning_rate': 0.00673680049405463}. Best is trial 106 with value: 240.8773193359375.
LOCAL_RANK: 0 - CUDA_VISIBLE_DEVICES: [0]
[I 2023-11-30 00:28:51,489] Trial 124 finished with value: 260.78271484375 and parameters: {'gradient_clip_val': 0.12596537777312983, 'hidden_size': 77, 'dropout': 0.1753282265343375, 'hidden_continuous_size': 53, 'attention_head_size': 2, 'learning_rate': 0.007916873784302277}. Best is trial 106 with value: 240.8773193359375.
LOCAL_RANK: 0 - CUDA_VISIBLE_DEVICES: [0]
[I 2023-11-30 00:29:05,120] Trial 125 finished with value: 315.4883117675781 and parameters: {'gradient_clip_val': 0.1338414486526205, 'hidden_size': 72, 'dropout': 0.21344864472739467, 'hidden_continuous_size': 48, 'attention_head_size': 2, 'learning_rate': 0.004832226892795044}. Best is trial 106 with value: 240.8773193359375.
LOCAL_RANK: 0 - CUDA_VISIBLE_DEVICES: [0]
[I 2023-11-30 00:29:18,557] Trial 126 finished with value: 265.8970031738281 and parameters: {'gradient_clip_val': 0.15329423136834464, 'hidden_size': 67, 'dropout': 0.16510002920419453, 'hidden_continuous_size': 24, 'attention_head_size': 2, 'learning_rate': 0.006196965963707316}. Best is trial 106 with value: 240.8773193359375.
LOCAL_RANK: 0 - CUDA_VISIBLE_DEVICES: [0]
[I 2023-11-30 00:29:32,378] Trial 127 finished with value: 295.3598937988281 and parameters: {'gradient_clip_val': 0.11207164986845247, 'hidden_size': 97, 'dropout': 0.19042754709465307, 'hidden_continuous_size': 51, 'attention_head_size': 2, 'learning_rate': 0.005478959096122651}. Best is trial 106 with value: 240.8773193359375.
LOCAL_RANK: 0 - CUDA_VISIBLE_DEVICES: [0]
[I 2023-11-30 00:29:45,627] Trial 128 finished with value: 351.3095703125 and parameters: {'gradient_clip_val': 0.14469890188200946, 'hidden_size': 62, 'dropout': 0.19818916831500671, 'hidden_continuous_size': 26, 'attention_head_size': 2, 'learning_rate': 0.004221363641862307}. Best is trial 106 with value: 240.8773193359375.
LOCAL_RANK: 0 - CUDA_VISIBLE_DEVICES: [0]
[I 2023-11-30 00:29:59,006] Trial 129 finished with value: 272.6260070800781 and parameters: {'gradient_clip_val': 0.10503246717957498, 'hidden_size': 83, 'dropout': 0.15919268871156125, 'hidden_continuous_size': 21, 'attention_head_size': 2, 'learning_rate': 0.0036944305950732024}. Best is trial 106 with value: 240.8773193359375.
LOCAL_RANK: 0 - CUDA_VISIBLE_DEVICES: [0]
[I 2023-11-30 00:30:12,540] Trial 130 finished with value: 292.8321228027344 and parameters: {'gradient_clip_val': 0.1174190385885102, 'hidden_size': 72, 'dropout': 0.22937082306565532, 'hidden_continuous_size': 46, 'attention_head_size': 2, 'learning_rate': 0.0022771943784960216}. Best is trial 106 with value: 240.8773193359375.
LOCAL_RANK: 0 - CUDA_VISIBLE_DEVICES: [0]
[I 2023-11-30 00:30:25,890] Trial 131 finished with value: 270.6107482910156 and parameters: {'gradient_clip_val': 0.12451584364405219, 'hidden_size': 79, 'dropout': 0.21066644951704924, 'hidden_continuous_size': 21, 'attention_head_size': 2, 'learning_rate': 0.00450044430235443}. Best is trial 106 with value: 240.8773193359375.
LOCAL_RANK: 0 - CUDA_VISIBLE_DEVICES: [0]
[I 2023-11-30 00:30:39,302] Trial 132 finished with value: 244.2833251953125 and parameters: {'gradient_clip_val': 0.13681344055895547, 'hidden_size': 76, 'dropout': 0.2080122425326669, 'hidden_continuous_size': 23, 'attention_head_size': 2, 'learning_rate': 0.004940648589643014}. Best is trial 106 with value: 240.8773193359375.
LOCAL_RANK: 0 - CUDA_VISIBLE_DEVICES: [0]
[I 2023-11-30 00:30:52,621] Trial 133 finished with value: 261.9803771972656 and parameters: {'gradient_clip_val': 0.13440594554834315, 'hidden_size': 65, 'dropout': 0.20037796838528332, 'hidden_continuous_size': 23, 'attention_head_size': 2, 'learning_rate': 0.0049238790532741255}. Best is trial 106 with value: 240.8773193359375.
LOCAL_RANK: 0 - CUDA_VISIBLE_DEVICES: [0]
[I 2023-11-30 00:31:06,141] Trial 134 finished with value: 328.4989013671875 and parameters: {'gradient_clip_val': 0.14027587708318642, 'hidden_size': 88, 'dropout': 0.22058647490218758, 'hidden_continuous_size': 20, 'attention_head_size': 2, 'learning_rate': 0.007319623496777194}. Best is trial 106 with value: 240.8773193359375.
LOCAL_RANK: 0 - CUDA_VISIBLE_DEVICES: [0]
[I 2023-11-30 00:31:19,709] Trial 135 finished with value: 262.6140441894531 and parameters: {'gradient_clip_val': 0.15628222849422502, 'hidden_size': 76, 'dropout': 0.3955218858955205, 'hidden_continuous_size': 28, 'attention_head_size': 2, 'learning_rate': 0.005691411872937131}. Best is trial 106 with value: 240.8773193359375.
LOCAL_RANK: 0 - CUDA_VISIBLE_DEVICES: [0]
[I 2023-11-30 00:31:32,960] Trial 136 finished with value: 270.7809143066406 and parameters: {'gradient_clip_val': 0.12957720265815903, 'hidden_size': 60, 'dropout': 0.18289574783325865, 'hidden_continuous_size': 25, 'attention_head_size': 2, 'learning_rate': 0.0038601070110450305}. Best is trial 106 with value: 240.8773193359375.
LOCAL_RANK: 0 - CUDA_VISIBLE_DEVICES: [0]
[I 2023-11-30 00:31:46,206] Trial 137 finished with value: 271.5106506347656 and parameters: {'gradient_clip_val': 0.14534889512263344, 'hidden_size': 68, 'dropout': 0.19600309690056647, 'hidden_continuous_size': 23, 'attention_head_size': 2, 'learning_rate': 0.0031308095973732945}. Best is trial 106 with value: 240.8773193359375.
LOCAL_RANK: 0 - CUDA_VISIBLE_DEVICES: [0]
[I 2023-11-30 00:31:59,997] Trial 138 finished with value: 276.4168701171875 and parameters: {'gradient_clip_val': 0.16161733224479843, 'hidden_size': 82, 'dropout': 0.2053967616148787, 'hidden_continuous_size': 42, 'attention_head_size': 2, 'learning_rate': 0.006592222498965865}. Best is trial 106 with value: 240.8773193359375.
LOCAL_RANK: 0 - CUDA_VISIBLE_DEVICES: [0]
[I 2023-11-30 00:32:13,766] Trial 139 finished with value: 296.2362976074219 and parameters: {'gradient_clip_val': 0.11081764906445758, 'hidden_size': 91, 'dropout': 0.21282690714548294, 'hidden_continuous_size': 35, 'attention_head_size': 2, 'learning_rate': 0.005142223146752625}. Best is trial 106 with value: 240.8773193359375.
LOCAL_RANK: 0 - CUDA_VISIBLE_DEVICES: [0]
[I 2023-11-30 00:32:27,367] Trial 140 finished with value: 325.0700378417969 and parameters: {'gradient_clip_val': 0.15185602247422833, 'hidden_size': 74, 'dropout': 0.1882870672147757, 'hidden_continuous_size': 22, 'attention_head_size': 2, 'learning_rate': 0.004067128299008688}. Best is trial 106 with value: 240.8773193359375.
LOCAL_RANK: 0 - CUDA_VISIBLE_DEVICES: [0]
[I 2023-11-30 00:32:40,869] Trial 141 finished with value: 299.6925354003906 and parameters: {'gradient_clip_val': 0.12145091008909067, 'hidden_size': 78, 'dropout': 0.20713086588066004, 'hidden_continuous_size': 20, 'attention_head_size': 2, 'learning_rate': 0.0049389304500826545}. Best is trial 106 with value: 240.8773193359375.
LOCAL_RANK: 0 - CUDA_VISIBLE_DEVICES: [0]
[I 2023-11-30 00:32:54,538] Trial 142 finished with value: 249.7779541015625 and parameters: {'gradient_clip_val': 0.12386913228829481, 'hidden_size': 71, 'dropout': 0.21684921448119504, 'hidden_continuous_size': 49, 'attention_head_size': 2, 'learning_rate': 0.004496960766081544}. Best is trial 106 with value: 240.8773193359375.
LOCAL_RANK: 0 - CUDA_VISIBLE_DEVICES: [0]
[I 2023-11-30 00:33:08,119] Trial 143 finished with value: 269.3505554199219 and parameters: {'gradient_clip_val': 0.13713520211409724, 'hidden_size': 69, 'dropout': 0.21807304479113918, 'hidden_continuous_size': 48, 'attention_head_size': 2, 'learning_rate': 0.0034510861393958147}. Best is trial 106 with value: 240.8773193359375.
LOCAL_RANK: 0 - CUDA_VISIBLE_DEVICES: [0]
[I 2023-11-30 00:33:21,417] Trial 144 finished with value: 252.62400817871094 and parameters: {'gradient_clip_val': 0.11624875551461823, 'hidden_size': 64, 'dropout': 0.22796212600326135, 'hidden_continuous_size': 45, 'attention_head_size': 2, 'learning_rate': 0.004389696419056041}. Best is trial 106 with value: 240.8773193359375.
LOCAL_RANK: 0 - CUDA_VISIBLE_DEVICES: [0]
[I 2023-11-30 00:33:35,052] Trial 145 finished with value: 270.599853515625 and parameters: {'gradient_clip_val': 0.11640804344786927, 'hidden_size': 63, 'dropout': 0.2259983111361189, 'hidden_continuous_size': 45, 'attention_head_size': 2, 'learning_rate': 0.004438845323340933}. Best is trial 106 with value: 240.8773193359375.
LOCAL_RANK: 0 - CUDA_VISIBLE_DEVICES: [0]
[I 2023-11-30 00:33:48,582] Trial 146 finished with value: 263.8759765625 and parameters: {'gradient_clip_val': 0.10529727276934289, 'hidden_size': 71, 'dropout': 0.23234715636125625, 'hidden_continuous_size': 50, 'attention_head_size': 2, 'learning_rate': 0.003006775936799904}. Best is trial 106 with value: 240.8773193359375.
LOCAL_RANK: 0 - CUDA_VISIBLE_DEVICES: [0]
[I 2023-11-30 00:34:02,462] Trial 147 finished with value: 282.7739562988281 and parameters: {'gradient_clip_val': 0.12826506593560855, 'hidden_size': 85, 'dropout': 0.22168641191143915, 'hidden_continuous_size': 55, 'attention_head_size': 2, 'learning_rate': 0.0037460836321541392}. Best is trial 106 with value: 240.8773193359375.
LOCAL_RANK: 0 - CUDA_VISIBLE_DEVICES: [0]
[I 2023-11-30 00:34:16,082] Trial 148 finished with value: 258.6300354003906 and parameters: {'gradient_clip_val': 0.11475338346906026, 'hidden_size': 74, 'dropout': 0.23762437154893287, 'hidden_continuous_size': 50, 'attention_head_size': 2, 'learning_rate': 0.0042030505009965635}. Best is trial 106 with value: 240.8773193359375.
LOCAL_RANK: 0 - CUDA_VISIBLE_DEVICES: [0]
[I 2023-11-30 00:34:29,864] Trial 149 finished with value: 279.7418212890625 and parameters: {'gradient_clip_val': 0.12242796989952195, 'hidden_size': 81, 'dropout': 0.25719032302389205, 'hidden_continuous_size': 43, 'attention_head_size': 2, 'learning_rate': 0.0034135464542289656}. Best is trial 106 with value: 240.8773193359375.
[I 2023-11-30 00:34:29,976] A new study created in memory with name: no-name-59ca3a7c-38c7-4488-a251-219a2c124607
/home/le004/conda/anaconda3/envs/tsff_env/lib/python3.9/site-packages/lightning/fabric/plugins/environments/slurm.py:191: The `srun` command is available on your system but is not used. HINT: If your intention is to run Lightning on SLURM, prepend your python command with `srun` like so: srun python /home/le004/master_thesis/git/TSFusionForecast/code/ ...
LOCAL_RANK: 0 - CUDA_VISIBLE_DEVICES: [0]
[I 2023-11-30 00:34:42,306] Trial 0 finished with value: 162.25904846191406 and parameters: {'gradient_clip_val': 0.14566331305272195, 'hidden_size': 24, 'dropout': 0.23735642518809028, 'hidden_continuous_size': 19, 'attention_head_size': 2, 'learning_rate': 0.0503215074797641}. Best is trial 0 with value: 162.25904846191406.
LOCAL_RANK: 0 - CUDA_VISIBLE_DEVICES: [0]
[I 2023-11-30 00:34:55,763] Trial 1 finished with value: 214.9288330078125 and parameters: {'gradient_clip_val': 0.41899850471322475, 'hidden_size': 102, 'dropout': 0.1645816053533945, 'hidden_continuous_size': 11, 'attention_head_size': 3, 'learning_rate': 0.05171599378167536}. Best is trial 0 with value: 162.25904846191406.
LOCAL_RANK: 0 - CUDA_VISIBLE_DEVICES: [0]
[I 2023-11-30 00:35:06,016] Trial 2 finished with value: 510.825439453125 and parameters: {'gradient_clip_val': 0.13708415040974795, 'hidden_size': 10, 'dropout': 0.23933073797718207, 'hidden_continuous_size': 10, 'attention_head_size': 1, 'learning_rate': 0.004368459357640615}. Best is trial 0 with value: 162.25904846191406.
LOCAL_RANK: 0 - CUDA_VISIBLE_DEVICES: [0]
[I 2023-11-30 00:35:19,610] Trial 3 finished with value: 188.77215576171875 and parameters: {'gradient_clip_val': 0.3805960737580009, 'hidden_size': 93, 'dropout': 0.323780964808939, 'hidden_continuous_size': 17, 'attention_head_size': 2, 'learning_rate': 0.02729406768729271}. Best is trial 0 with value: 162.25904846191406.
LOCAL_RANK: 0 - CUDA_VISIBLE_DEVICES: [0]
[I 2023-11-30 00:35:31,884] Trial 4 finished with value: 142.2281951904297 and parameters: {'gradient_clip_val': 0.2340043461288622, 'hidden_size': 14, 'dropout': 0.14036124266286168, 'hidden_continuous_size': 12, 'attention_head_size': 4, 'learning_rate': 0.020240599071066817}. Best is trial 4 with value: 142.2281951904297.
LOCAL_RANK: 0 - CUDA_VISIBLE_DEVICES: [0]
[I 2023-11-30 00:35:44,441] Trial 5 finished with value: 340.7908630371094 and parameters: {'gradient_clip_val': 0.2925678836548122, 'hidden_size': 32, 'dropout': 0.1420647639443401, 'hidden_continuous_size': 19, 'attention_head_size': 3, 'learning_rate': 0.0015431194986254095}. Best is trial 4 with value: 142.2281951904297.
LOCAL_RANK: 0 - CUDA_VISIBLE_DEVICES: [0]
[I 2023-11-30 00:35:54,949] Trial 6 finished with value: 143.140380859375 and parameters: {'gradient_clip_val': 0.19944910618163683, 'hidden_size': 14, 'dropout': 0.3191314401460654, 'hidden_continuous_size': 14, 'attention_head_size': 3, 'learning_rate': 0.05320157277436941}. Best is trial 4 with value: 142.2281951904297.
LOCAL_RANK: 0 - CUDA_VISIBLE_DEVICES: [0]
[I 2023-11-30 00:36:08,675] Trial 7 finished with value: 316.2945251464844 and parameters: {'gradient_clip_val': 0.13715701396476984, 'hidden_size': 115, 'dropout': 0.36341576824707145, 'hidden_continuous_size': 17, 'attention_head_size': 1, 'learning_rate': 0.0011034931384620408}. Best is trial 4 with value: 142.2281951904297.
LOCAL_RANK: 0 - CUDA_VISIBLE_DEVICES: [0]
[I 2023-11-30 00:36:21,749] Trial 8 finished with value: 196.3312530517578 and parameters: {'gradient_clip_val': 0.4689290587842193, 'hidden_size': 50, 'dropout': 0.3768681497983061, 'hidden_continuous_size': 23, 'attention_head_size': 3, 'learning_rate': 0.02655495069217888}. Best is trial 4 with value: 142.2281951904297.
LOCAL_RANK: 0 - CUDA_VISIBLE_DEVICES: [0]
[I 2023-11-30 00:36:36,179] Trial 9 finished with value: 150.8201446533203 and parameters: {'gradient_clip_val': 0.1560182026602862, 'hidden_size': 136, 'dropout': 0.20385619696549453, 'hidden_continuous_size': 115, 'attention_head_size': 1, 'learning_rate': 0.001929855405105814}. Best is trial 4 with value: 142.2281951904297.
LOCAL_RANK: 0 - CUDA_VISIBLE_DEVICES: [0]
[I 2023-11-30 00:36:48,520] Trial 10 finished with value: 346.4189453125 and parameters: {'gradient_clip_val': 0.7689661816999994, 'hidden_size': 18, 'dropout': 0.1009425342942436, 'hidden_continuous_size': 11, 'attention_head_size': 4, 'learning_rate': 0.009584502478479412}. Best is trial 4 with value: 142.2281951904297.
LOCAL_RANK: 0 - CUDA_VISIBLE_DEVICES: [0]
[I 2023-11-30 00:36:59,111] Trial 11 finished with value: 144.1715850830078 and parameters: {'gradient_clip_val': 0.22928003202499497, 'hidden_size': 10, 'dropout': 0.30822684924134186, 'hidden_continuous_size': 10, 'attention_head_size': 4, 'learning_rate': 0.08745250052269264}. Best is trial 4 with value: 142.2281951904297.
LOCAL_RANK: 0 - CUDA_VISIBLE_DEVICES: [0]
[I 2023-11-30 00:37:11,373] Trial 12 finished with value: 197.0337371826172 and parameters: {'gradient_clip_val': 0.21887475516405097, 'hidden_size': 15, 'dropout': 0.2983034709060969, 'hidden_continuous_size': 12, 'attention_head_size': 4, 'learning_rate': 0.015784426712470444}. Best is trial 4 with value: 142.2281951904297.
LOCAL_RANK: 0 - CUDA_VISIBLE_DEVICES: [0]
[I 2023-11-30 00:37:23,535] Trial 13 finished with value: 133.74876403808594 and parameters: {'gradient_clip_val': 0.20201853005442097, 'hidden_size': 14, 'dropout': 0.2718360168409054, 'hidden_continuous_size': 12, 'attention_head_size': 4, 'learning_rate': 0.09395629849256996}. Best is trial 13 with value: 133.74876403808594.
LOCAL_RANK: 0 - CUDA_VISIBLE_DEVICES: [0]
[I 2023-11-30 00:37:35,840] Trial 14 finished with value: 137.67701721191406 and parameters: {'gradient_clip_val': 0.10021565710723251, 'hidden_size': 21, 'dropout': 0.1965053509343795, 'hidden_continuous_size': 12, 'attention_head_size': 4, 'learning_rate': 0.08377003406241437}. Best is trial 13 with value: 133.74876403808594.
LOCAL_RANK: 0 - CUDA_VISIBLE_DEVICES: [0]
[I 2023-11-30 00:37:48,039] Trial 15 finished with value: 164.6972198486328 and parameters: {'gradient_clip_val': 0.10087302569921136, 'hidden_size': 24, 'dropout': 0.2690964041240348, 'hidden_continuous_size': 13, 'attention_head_size': 4, 'learning_rate': 0.08755614661063975}. Best is trial 13 with value: 133.74876403808594.
LOCAL_RANK: 0 - CUDA_VISIBLE_DEVICES: [0]
[I 2023-11-30 00:38:01,087] Trial 16 finished with value: 199.60101318359375 and parameters: {'gradient_clip_val': 0.10434653593562015, 'hidden_size': 42, 'dropout': 0.2203864551221208, 'hidden_continuous_size': 14, 'attention_head_size': 4, 'learning_rate': 0.0944353788583359}. Best is trial 13 with value: 133.74876403808594.
LOCAL_RANK: 0 - CUDA_VISIBLE_DEVICES: [0]
[I 2023-11-30 00:38:13,275] Trial 17 finished with value: 152.62547302246094 and parameters: {'gradient_clip_val': 0.17906973387004094, 'hidden_size': 22, 'dropout': 0.19154746904266273, 'hidden_continuous_size': 12, 'attention_head_size': 2, 'learning_rate': 0.037788320930363425}. Best is trial 13 with value: 133.74876403808594.
LOCAL_RANK: 0 - CUDA_VISIBLE_DEVICES: [0]
[I 2023-11-30 00:38:25,425] Trial 18 finished with value: 185.08888244628906 and parameters: {'gradient_clip_val': 0.10097803118648571, 'hidden_size': 32, 'dropout': 0.25776282919091476, 'hidden_continuous_size': 10, 'attention_head_size': 3, 'learning_rate': 0.012775501603440912}. Best is trial 13 with value: 133.74876403808594.
LOCAL_RANK: 0 - CUDA_VISIBLE_DEVICES: [0]
[I 2023-11-30 00:38:37,502] Trial 19 finished with value: 142.99122619628906 and parameters: {'gradient_clip_val': 0.2767822030158875, 'hidden_size': 16, 'dropout': 0.27745768912333446, 'hidden_continuous_size': 11, 'attention_head_size': 4, 'learning_rate': 0.06531093000130421}. Best is trial 13 with value: 133.74876403808594.
LOCAL_RANK: 0 - CUDA_VISIBLE_DEVICES: [0]
[I 2023-11-30 00:38:49,380] Trial 20 finished with value: 125.0514144897461 and parameters: {'gradient_clip_val': 0.16356173848366387, 'hidden_size': 12, 'dropout': 0.21340304918611036, 'hidden_continuous_size': 10, 'attention_head_size': 3, 'learning_rate': 0.09914480249846465}. Best is trial 20 with value: 125.0514144897461.
LOCAL_RANK: 0 - CUDA_VISIBLE_DEVICES: [0]
[I 2023-11-30 00:39:01,454] Trial 21 finished with value: 166.92910766601562 and parameters: {'gradient_clip_val': 0.1649803029289911, 'hidden_size': 12, 'dropout': 0.2166289483249586, 'hidden_continuous_size': 10, 'attention_head_size': 3, 'learning_rate': 0.09537020843838831}. Best is trial 20 with value: 125.0514144897461.
LOCAL_RANK: 0 - CUDA_VISIBLE_DEVICES: [0]
[I 2023-11-30 00:39:13,820] Trial 22 finished with value: 129.66104125976562 and parameters: {'gradient_clip_val': 0.12432929236091969, 'hidden_size': 19, 'dropout': 0.19031484046926916, 'hidden_continuous_size': 11, 'attention_head_size': 4, 'learning_rate': 0.036239408658360665}. Best is trial 20 with value: 125.0514144897461.
LOCAL_RANK: 0 - CUDA_VISIBLE_DEVICES: [0]
[I 2023-11-30 00:39:25,770] Trial 23 finished with value: 145.59327697753906 and parameters: {'gradient_clip_val': 0.18609015024232356, 'hidden_size': 12, 'dropout': 0.23701641949627583, 'hidden_continuous_size': 10, 'attention_head_size': 3, 'learning_rate': 0.037959259696467795}. Best is trial 20 with value: 125.0514144897461.
LOCAL_RANK: 0 - CUDA_VISIBLE_DEVICES: [0]
[I 2023-11-30 00:39:38,135] Trial 24 finished with value: 154.33311462402344 and parameters: {'gradient_clip_val': 0.13199194144850973, 'hidden_size': 18, 'dropout': 0.1792983484701459, 'hidden_continuous_size': 11, 'attention_head_size': 4, 'learning_rate': 0.06100328422509232}. Best is trial 20 with value: 125.0514144897461.
LOCAL_RANK: 0 - CUDA_VISIBLE_DEVICES: [0]
[I 2023-11-30 00:39:48,416] Trial 25 finished with value: 166.42803955078125 and parameters: {'gradient_clip_val': 0.12720572887004875, 'hidden_size': 10, 'dropout': 0.22131712254363006, 'hidden_continuous_size': 10, 'attention_head_size': 2, 'learning_rate': 0.037404934655018963}. Best is trial 20 with value: 125.0514144897461.
LOCAL_RANK: 0 - CUDA_VISIBLE_DEVICES: [0]
