[I 2023-11-30 00:40:00,478] Trial 26 finished with value: 195.9627227783203 and parameters: {'gradient_clip_val': 0.17285662090298382, 'hidden_size': 12, 'dropout': 0.2597430731405109, 'hidden_continuous_size': 10, 'attention_head_size': 3, 'learning_rate': 0.0659684773031053}. Best is trial 20 with value: 125.0514144897461.
LOCAL_RANK: 0 - CUDA_VISIBLE_DEVICES: [0]
[I 2023-11-30 00:40:12,752] Trial 27 finished with value: 134.84002685546875 and parameters: {'gradient_clip_val': 0.11985492576346661, 'hidden_size': 18, 'dropout': 0.2831426305946562, 'hidden_continuous_size': 11, 'attention_head_size': 4, 'learning_rate': 0.040695615208499084}. Best is trial 20 with value: 125.0514144897461.
LOCAL_RANK: 0 - CUDA_VISIBLE_DEVICES: [0]
[I 2023-11-30 00:40:24,942] Trial 28 finished with value: 136.28961181640625 and parameters: {'gradient_clip_val': 0.161981468769511, 'hidden_size': 13, 'dropout': 0.24725293750946783, 'hidden_continuous_size': 10, 'attention_head_size': 4, 'learning_rate': 0.06415317881390743}. Best is trial 20 with value: 125.0514144897461.
LOCAL_RANK: 0 - CUDA_VISIBLE_DEVICES: [0]
[I 2023-11-30 00:40:37,161] Trial 29 finished with value: 146.68072509765625 and parameters: {'gradient_clip_val': 0.14693697129656502, 'hidden_size': 23, 'dropout': 0.22744157748808969, 'hidden_continuous_size': 11, 'attention_head_size': 2, 'learning_rate': 0.046524897164238806}. Best is trial 20 with value: 125.0514144897461.
LOCAL_RANK: 0 - CUDA_VISIBLE_DEVICES: [0]
[I 2023-11-30 00:40:49,056] Trial 30 finished with value: 161.41831970214844 and parameters: {'gradient_clip_val': 0.11849634799604314, 'hidden_size': 16, 'dropout': 0.24850108491055378, 'hidden_continuous_size': 11, 'attention_head_size': 3, 'learning_rate': 0.029411379348562187}. Best is trial 20 with value: 125.0514144897461.
LOCAL_RANK: 0 - CUDA_VISIBLE_DEVICES: [0]
[I 2023-11-30 00:41:01,603] Trial 31 finished with value: 136.888427734375 and parameters: {'gradient_clip_val': 0.11812296488928037, 'hidden_size': 18, 'dropout': 0.2843342017017998, 'hidden_continuous_size': 11, 'attention_head_size': 4, 'learning_rate': 0.043015508579096154}. Best is trial 20 with value: 125.0514144897461.
LOCAL_RANK: 0 - CUDA_VISIBLE_DEVICES: [0]
[I 2023-11-30 00:41:13,904] Trial 32 finished with value: 130.94894409179688 and parameters: {'gradient_clip_val': 0.14659688995191672, 'hidden_size': 19, 'dropout': 0.28613726379469423, 'hidden_continuous_size': 11, 'attention_head_size': 4, 'learning_rate': 0.06838711084357053}. Best is trial 20 with value: 125.0514144897461.
LOCAL_RANK: 0 - CUDA_VISIBLE_DEVICES: [0]
[I 2023-11-30 00:41:26,149] Trial 33 finished with value: 115.2528305053711 and parameters: {'gradient_clip_val': 0.15133396862388362, 'hidden_size': 11, 'dropout': 0.24315901296549666, 'hidden_continuous_size': 10, 'attention_head_size': 4, 'learning_rate': 0.07014850721294012}. Best is trial 33 with value: 115.2528305053711.
LOCAL_RANK: 0 - CUDA_VISIBLE_DEVICES: [0]
[I 2023-11-30 00:41:36,454] Trial 34 finished with value: 176.2106170654297 and parameters: {'gradient_clip_val': 0.14566336579528227, 'hidden_size': 10, 'dropout': 0.2367353259536903, 'hidden_continuous_size': 10, 'attention_head_size': 3, 'learning_rate': 0.06663966497425125}. Best is trial 33 with value: 115.2528305053711.
LOCAL_RANK: 0 - CUDA_VISIBLE_DEVICES: [0]
[I 2023-11-30 00:41:48,603] Trial 35 finished with value: 117.17205810546875 and parameters: {'gradient_clip_val': 0.15005036456970722, 'hidden_size': 12, 'dropout': 0.21086288875701728, 'hidden_continuous_size': 10, 'attention_head_size': 4, 'learning_rate': 0.049207086052156936}. Best is trial 33 with value: 115.2528305053711.
LOCAL_RANK: 0 - CUDA_VISIBLE_DEVICES: [0]
[I 2023-11-30 00:42:00,764] Trial 36 finished with value: 167.15419006347656 and parameters: {'gradient_clip_val': 0.17399638070861956, 'hidden_size': 11, 'dropout': 0.17567719875540472, 'hidden_continuous_size': 10, 'attention_head_size': 4, 'learning_rate': 0.049589563047170236}. Best is trial 33 with value: 115.2528305053711.
LOCAL_RANK: 0 - CUDA_VISIBLE_DEVICES: [0]
[I 2023-11-30 00:42:12,720] Trial 37 finished with value: 137.55149841308594 and parameters: {'gradient_clip_val': 0.2548314462938922, 'hidden_size': 12, 'dropout': 0.2076455715578997, 'hidden_continuous_size': 10, 'attention_head_size': 3, 'learning_rate': 0.030465720005538408}. Best is trial 33 with value: 115.2528305053711.
LOCAL_RANK: 0 - CUDA_VISIBLE_DEVICES: [0]
[I 2023-11-30 00:42:24,964] Trial 38 finished with value: 127.466552734375 and parameters: {'gradient_clip_val': 0.13424800488117164, 'hidden_size': 14, 'dropout': 0.15964628229063346, 'hidden_continuous_size': 10, 'attention_head_size': 3, 'learning_rate': 0.05295900859923846}. Best is trial 33 with value: 115.2528305053711.
LOCAL_RANK: 0 - CUDA_VISIBLE_DEVICES: [0]
[I 2023-11-30 00:42:36,988] Trial 39 finished with value: 137.3950653076172 and parameters: {'gradient_clip_val': 0.19654799518757718, 'hidden_size': 14, 'dropout': 0.16227860357144533, 'hidden_continuous_size': 10, 'attention_head_size': 3, 'learning_rate': 0.052439154304580536}. Best is trial 33 with value: 115.2528305053711.
LOCAL_RANK: 0 - CUDA_VISIBLE_DEVICES: [0]
[I 2023-11-30 00:42:49,002] Trial 40 finished with value: 154.45330810546875 and parameters: {'gradient_clip_val': 0.15540544682589788, 'hidden_size': 11, 'dropout': 0.20695360042900465, 'hidden_continuous_size': 10, 'attention_head_size': 2, 'learning_rate': 0.023779268456520005}. Best is trial 33 with value: 115.2528305053711.
LOCAL_RANK: 0 - CUDA_VISIBLE_DEVICES: [0]
[I 2023-11-30 00:43:01,444] Trial 41 finished with value: 154.7493896484375 and parameters: {'gradient_clip_val': 0.13182629736415183, 'hidden_size': 15, 'dropout': 0.1965629953309786, 'hidden_continuous_size': 10, 'attention_head_size': 3, 'learning_rate': 0.05206858573592583}. Best is trial 33 with value: 115.2528305053711.
LOCAL_RANK: 0 - CUDA_VISIBLE_DEVICES: [0]
[I 2023-11-30 00:43:13,719] Trial 42 finished with value: 145.8419647216797 and parameters: {'gradient_clip_val': 0.13863852472624566, 'hidden_size': 13, 'dropout': 0.16407677339013207, 'hidden_continuous_size': 10, 'attention_head_size': 4, 'learning_rate': 0.07452456277059587}. Best is trial 33 with value: 115.2528305053711.
LOCAL_RANK: 0 - CUDA_VISIBLE_DEVICES: [0]
[I 2023-11-30 00:43:23,994] Trial 43 finished with value: 131.16790771484375 and parameters: {'gradient_clip_val': 0.11395374748278057, 'hidden_size': 10, 'dropout': 0.18533534624068831, 'hidden_continuous_size': 10, 'attention_head_size': 3, 'learning_rate': 0.0550180808605382}. Best is trial 33 with value: 115.2528305053711.
LOCAL_RANK: 0 - CUDA_VISIBLE_DEVICES: [0]
[I 2023-11-30 00:43:36,089] Trial 44 finished with value: 123.40300750732422 and parameters: {'gradient_clip_val': 0.15866309757752098, 'hidden_size': 16, 'dropout': 0.1470537464872646, 'hidden_continuous_size': 11, 'attention_head_size': 4, 'learning_rate': 0.031207846264342476}. Best is trial 33 with value: 115.2528305053711.
LOCAL_RANK: 0 - CUDA_VISIBLE_DEVICES: [0]
[I 2023-11-30 00:43:47,797] Trial 45 finished with value: 138.40704345703125 and parameters: {'gradient_clip_val': 0.2088459692881508, 'hidden_size': 16, 'dropout': 0.14654594937758278, 'hidden_continuous_size': 11, 'attention_head_size': 1, 'learning_rate': 0.021351245643569806}. Best is trial 33 with value: 115.2528305053711.
LOCAL_RANK: 0 - CUDA_VISIBLE_DEVICES: [0]
[I 2023-11-30 00:44:00,099] Trial 46 finished with value: 165.15672302246094 and parameters: {'gradient_clip_val': 0.15887573770476138, 'hidden_size': 11, 'dropout': 0.12977276397545484, 'hidden_continuous_size': 10, 'attention_head_size': 3, 'learning_rate': 0.07469392923760032}. Best is trial 33 with value: 115.2528305053711.
LOCAL_RANK: 0 - CUDA_VISIBLE_DEVICES: [0]
[I 2023-11-30 00:44:12,131] Trial 47 finished with value: 225.1428680419922 and parameters: {'gradient_clip_val': 0.185066502286794, 'hidden_size': 13, 'dropout': 0.17436863193512303, 'hidden_continuous_size': 10, 'attention_head_size': 4, 'learning_rate': 0.02945646679803886}. Best is trial 33 with value: 115.2528305053711.
LOCAL_RANK: 0 - CUDA_VISIBLE_DEVICES: [0]
[I 2023-11-30 00:44:24,342] Trial 48 finished with value: 163.1710968017578 and parameters: {'gradient_clip_val': 0.13873557474121676, 'hidden_size': 15, 'dropout': 0.15462324313353476, 'hidden_continuous_size': 11, 'attention_head_size': 3, 'learning_rate': 0.08010229964592248}. Best is trial 33 with value: 115.2528305053711.
LOCAL_RANK: 0 - CUDA_VISIBLE_DEVICES: [0]
[I 2023-11-30 00:44:36,405] Trial 49 finished with value: 156.6873321533203 and parameters: {'gradient_clip_val': 0.2448867867879487, 'hidden_size': 11, 'dropout': 0.23137013274907023, 'hidden_continuous_size': 10, 'attention_head_size': 4, 'learning_rate': 0.04767423326708413}. Best is trial 33 with value: 115.2528305053711.
LOCAL_RANK: 0 - CUDA_VISIBLE_DEVICES: [0]
[I 2023-11-30 00:44:48,681] Trial 50 finished with value: 133.6638641357422 and parameters: {'gradient_clip_val': 0.21264068418786566, 'hidden_size': 25, 'dropout': 0.13038469080687864, 'hidden_continuous_size': 12, 'attention_head_size': 2, 'learning_rate': 0.09831602498657084}. Best is trial 33 with value: 115.2528305053711.
LOCAL_RANK: 0 - CUDA_VISIBLE_DEVICES: [0]
[I 2023-11-30 00:45:00,988] Trial 51 finished with value: 157.40794372558594 and parameters: {'gradient_clip_val': 0.12565354577358445, 'hidden_size': 13, 'dropout': 0.18636681342854866, 'hidden_continuous_size': 11, 'attention_head_size': 4, 'learning_rate': 0.033703577465366195}. Best is trial 33 with value: 115.2528305053711.
LOCAL_RANK: 0 - CUDA_VISIBLE_DEVICES: [0]
[I 2023-11-30 00:45:13,197] Trial 52 finished with value: 144.06922912597656 and parameters: {'gradient_clip_val': 0.11056692113302725, 'hidden_size': 20, 'dropout': 0.19792366755968066, 'hidden_continuous_size': 13, 'attention_head_size': 4, 'learning_rate': 0.024991956455940732}. Best is trial 33 with value: 115.2528305053711.
LOCAL_RANK: 0 - CUDA_VISIBLE_DEVICES: [0]
[I 2023-11-30 00:45:25,167] Trial 53 finished with value: 132.1778106689453 and parameters: {'gradient_clip_val': 0.15368260178240953, 'hidden_size': 16, 'dropout': 0.21825524028585597, 'hidden_continuous_size': 11, 'attention_head_size': 4, 'learning_rate': 0.04434426851791852}. Best is trial 33 with value: 115.2528305053711.
LOCAL_RANK: 0 - CUDA_VISIBLE_DEVICES: [0]
[I 2023-11-30 00:45:37,481] Trial 54 finished with value: 136.55274963378906 and parameters: {'gradient_clip_val': 0.10906464131761193, 'hidden_size': 14, 'dropout': 0.20891428602084366, 'hidden_continuous_size': 10, 'attention_head_size': 4, 'learning_rate': 0.057371739267843475}. Best is trial 33 with value: 115.2528305053711.
LOCAL_RANK: 0 - CUDA_VISIBLE_DEVICES: [0]
[I 2023-11-30 00:45:49,687] Trial 55 finished with value: 138.97161865234375 and parameters: {'gradient_clip_val': 0.12637201919483754, 'hidden_size': 20, 'dropout': 0.17447300500341523, 'hidden_continuous_size': 12, 'attention_head_size': 4, 'learning_rate': 0.033086907850586864}. Best is trial 33 with value: 115.2528305053711.
LOCAL_RANK: 0 - CUDA_VISIBLE_DEVICES: [0]
[I 2023-11-30 00:46:02,171] Trial 56 finished with value: 128.8451385498047 and parameters: {'gradient_clip_val': 0.16761473417901734, 'hidden_size': 17, 'dropout': 0.1895152360709535, 'hidden_continuous_size': 11, 'attention_head_size': 4, 'learning_rate': 0.07634274355452111}. Best is trial 33 with value: 115.2528305053711.
LOCAL_RANK: 0 - CUDA_VISIBLE_DEVICES: [0]
[I 2023-11-30 00:46:14,676] Trial 57 finished with value: 145.5282440185547 and parameters: {'gradient_clip_val': 0.1899356981640222, 'hidden_size': 27, 'dropout': 0.21240242823223238, 'hidden_continuous_size': 13, 'attention_head_size': 4, 'learning_rate': 0.08229526003397332}. Best is trial 33 with value: 115.2528305053711.
LOCAL_RANK: 0 - CUDA_VISIBLE_DEVICES: [0]
[I 2023-11-30 00:46:25,079] Trial 58 finished with value: 129.64450073242188 and parameters: {'gradient_clip_val': 0.17934528528794666, 'hidden_size': 10, 'dropout': 0.23192254673591498, 'hidden_continuous_size': 10, 'attention_head_size': 3, 'learning_rate': 0.07661394370964476}. Best is trial 33 with value: 115.2528305053711.
LOCAL_RANK: 0 - CUDA_VISIBLE_DEVICES: [0]
[I 2023-11-30 00:46:37,260] Trial 59 finished with value: 165.9839630126953 and parameters: {'gradient_clip_val': 0.16705288881758784, 'hidden_size': 11, 'dropout': 0.19928101151281477, 'hidden_continuous_size': 10, 'attention_head_size': 4, 'learning_rate': 0.0983209457860899}. Best is trial 33 with value: 115.2528305053711.
LOCAL_RANK: 0 - CUDA_VISIBLE_DEVICES: [0]
[I 2023-11-30 00:46:49,574] Trial 60 finished with value: 156.52001953125 and parameters: {'gradient_clip_val': 0.13821775020111352, 'hidden_size': 17, 'dropout': 0.16870062844752398, 'hidden_continuous_size': 12, 'attention_head_size': 4, 'learning_rate': 0.057500262471051874}. Best is trial 33 with value: 115.2528305053711.
LOCAL_RANK: 0 - CUDA_VISIBLE_DEVICES: [0]
[I 2023-11-30 00:46:59,666] Trial 61 finished with value: 168.0764923095703 and parameters: {'gradient_clip_val': 0.17278833959391776, 'hidden_size': 10, 'dropout': 0.2276288551172816, 'hidden_continuous_size': 10, 'attention_head_size': 3, 'learning_rate': 0.07620874717793932}. Best is trial 33 with value: 115.2528305053711.
LOCAL_RANK: 0 - CUDA_VISIBLE_DEVICES: [0]
[I 2023-11-30 00:47:11,766] Trial 62 finished with value: 146.0680694580078 and parameters: {'gradient_clip_val': 0.19956167036679834, 'hidden_size': 14, 'dropout': 0.24032046464891776, 'hidden_continuous_size': 10, 'attention_head_size': 3, 'learning_rate': 0.07355887391348327}. Best is trial 33 with value: 115.2528305053711.
LOCAL_RANK: 0 - CUDA_VISIBLE_DEVICES: [0]
[I 2023-11-30 00:47:23,746] Trial 63 finished with value: 132.8006134033203 and parameters: {'gradient_clip_val': 0.15329685322398207, 'hidden_size': 12, 'dropout': 0.22127973641438983, 'hidden_continuous_size': 10, 'attention_head_size': 3, 'learning_rate': 0.0866455564957663}. Best is trial 33 with value: 115.2528305053711.
LOCAL_RANK: 0 - CUDA_VISIBLE_DEVICES: [0]
[I 2023-11-30 00:47:35,988] Trial 64 finished with value: 208.22943115234375 and parameters: {'gradient_clip_val': 0.1812787980068942, 'hidden_size': 15, 'dropout': 0.18977130621750046, 'hidden_continuous_size': 11, 'attention_head_size': 3, 'learning_rate': 0.06086047664760859}. Best is trial 33 with value: 115.2528305053711.
LOCAL_RANK: 0 - CUDA_VISIBLE_DEVICES: [0]
[I 2023-11-30 00:47:48,138] Trial 65 finished with value: 135.0536346435547 and parameters: {'gradient_clip_val': 0.22904524354610606, 'hidden_size': 13, 'dropout': 0.24260575455893305, 'hidden_continuous_size': 10, 'attention_head_size': 3, 'learning_rate': 0.04638912031083856}. Best is trial 33 with value: 115.2528305053711.
LOCAL_RANK: 0 - CUDA_VISIBLE_DEVICES: [0]
[I 2023-11-30 00:48:00,502] Trial 66 finished with value: 180.5984649658203 and parameters: {'gradient_clip_val': 0.16713726105164461, 'hidden_size': 17, 'dropout': 0.25908694708757685, 'hidden_continuous_size': 15, 'attention_head_size': 4, 'learning_rate': 0.0844364029574027}. Best is trial 33 with value: 115.2528305053711.
LOCAL_RANK: 0 - CUDA_VISIBLE_DEVICES: [0]
[I 2023-11-30 00:48:10,610] Trial 67 finished with value: 150.52943420410156 and parameters: {'gradient_clip_val': 0.14379090326529115, 'hidden_size': 10, 'dropout': 0.25365430836376496, 'hidden_continuous_size': 10, 'attention_head_size': 2, 'learning_rate': 0.06567650375542067}. Best is trial 33 with value: 115.2528305053711.
LOCAL_RANK: 0 - CUDA_VISIBLE_DEVICES: [0]
[I 2023-11-30 00:48:22,850] Trial 68 finished with value: 148.2376251220703 and parameters: {'gradient_clip_val': 0.1327516887720851, 'hidden_size': 11, 'dropout': 0.21196249411070395, 'hidden_continuous_size': 10, 'attention_head_size': 4, 'learning_rate': 0.05879113398946994}. Best is trial 33 with value: 115.2528305053711.
LOCAL_RANK: 0 - CUDA_VISIBLE_DEVICES: [0]
[I 2023-11-30 00:48:34,826] Trial 69 finished with value: 123.68904876708984 and parameters: {'gradient_clip_val': 0.18223613779192094, 'hidden_size': 12, 'dropout': 0.20307375747642775, 'hidden_continuous_size': 11, 'attention_head_size': 3, 'learning_rate': 0.041147716822863535}. Best is trial 33 with value: 115.2528305053711.
LOCAL_RANK: 0 - CUDA_VISIBLE_DEVICES: [0]
[I 2023-11-30 00:48:46,798] Trial 70 finished with value: 182.0663299560547 and parameters: {'gradient_clip_val': 0.1599200371088894, 'hidden_size': 12, 'dropout': 0.19870002102396, 'hidden_continuous_size': 11, 'attention_head_size': 4, 'learning_rate': 0.03918486819414845}. Best is trial 33 with value: 115.2528305053711.
LOCAL_RANK: 0 - CUDA_VISIBLE_DEVICES: [0]
[I 2023-11-30 00:48:59,035] Trial 71 finished with value: 192.93775939941406 and parameters: {'gradient_clip_val': 0.1827615715946869, 'hidden_size': 14, 'dropout': 0.22458287777955402, 'hidden_continuous_size': 11, 'attention_head_size': 3, 'learning_rate': 0.04392712596240053}. Best is trial 33 with value: 115.2528305053711.
LOCAL_RANK: 0 - CUDA_VISIBLE_DEVICES: [0]
[I 2023-11-30 00:49:10,765] Trial 72 finished with value: 162.9057159423828 and parameters: {'gradient_clip_val': 0.19249817093315436, 'hidden_size': 12, 'dropout': 0.18226999518888742, 'hidden_continuous_size': 11, 'attention_head_size': 3, 'learning_rate': 0.07131786472808299}. Best is trial 33 with value: 115.2528305053711.
LOCAL_RANK: 0 - CUDA_VISIBLE_DEVICES: [0]
[I 2023-11-30 00:49:22,750] Trial 73 finished with value: 180.30029296875 and parameters: {'gradient_clip_val': 0.14850766805093235, 'hidden_size': 11, 'dropout': 0.2335798216780188, 'hidden_continuous_size': 10, 'attention_head_size': 3, 'learning_rate': 0.052011687907731675}. Best is trial 33 with value: 115.2528305053711.
LOCAL_RANK: 0 - CUDA_VISIBLE_DEVICES: [0]
[I 2023-11-30 00:49:34,949] Trial 74 finished with value: 175.7046661376953 and parameters: {'gradient_clip_val': 0.171860074732178, 'hidden_size': 13, 'dropout': 0.20260442199619758, 'hidden_continuous_size': 11, 'attention_head_size': 3, 'learning_rate': 0.08629287037893182}. Best is trial 33 with value: 115.2528305053711.
LOCAL_RANK: 0 - CUDA_VISIBLE_DEVICES: [0]
[I 2023-11-30 00:49:46,999] Trial 75 finished with value: 141.6183319091797 and parameters: {'gradient_clip_val': 0.2201946761769206, 'hidden_size': 15, 'dropout': 0.2158249424321147, 'hidden_continuous_size': 12, 'attention_head_size': 3, 'learning_rate': 0.03972535105877174}. Best is trial 33 with value: 115.2528305053711.
LOCAL_RANK: 0 - CUDA_VISIBLE_DEVICES: [0]
[I 2023-11-30 00:49:57,333] Trial 76 finished with value: 138.3843536376953 and parameters: {'gradient_clip_val': 0.2043274013329466, 'hidden_size': 10, 'dropout': 0.19044819195680568, 'hidden_continuous_size': 10, 'attention_head_size': 2, 'learning_rate': 0.06624908149303103}. Best is trial 33 with value: 115.2528305053711.
LOCAL_RANK: 0 - CUDA_VISIBLE_DEVICES: [0]
[I 2023-11-30 00:50:09,577] Trial 77 finished with value: 141.7316436767578 and parameters: {'gradient_clip_val': 0.16025249620546242, 'hidden_size': 17, 'dropout': 0.24428788057427397, 'hidden_continuous_size': 14, 'attention_head_size': 3, 'learning_rate': 0.05129411525835712}. Best is trial 33 with value: 115.2528305053711.
LOCAL_RANK: 0 - CUDA_VISIBLE_DEVICES: [0]
[I 2023-11-30 00:50:21,721] Trial 78 finished with value: 135.07664489746094 and parameters: {'gradient_clip_val': 0.14309927519688193, 'hidden_size': 13, 'dropout': 0.23438723652462082, 'hidden_continuous_size': 11, 'attention_head_size': 4, 'learning_rate': 0.061081595313147774}. Best is trial 33 with value: 115.2528305053711.
LOCAL_RANK: 0 - CUDA_VISIBLE_DEVICES: [0]
[I 2023-11-30 00:50:34,191] Trial 79 finished with value: 142.6916046142578 and parameters: {'gradient_clip_val': 0.13336438734614825, 'hidden_size': 22, 'dropout': 0.20484768793704852, 'hidden_continuous_size': 16, 'attention_head_size': 4, 'learning_rate': 0.0992176511489781}. Best is trial 33 with value: 115.2528305053711.
LOCAL_RANK: 0 - CUDA_VISIBLE_DEVICES: [0]
[I 2023-11-30 00:50:45,876] Trial 80 finished with value: 150.9732666015625 and parameters: {'gradient_clip_val': 0.15223456024945448, 'hidden_size': 12, 'dropout': 0.18184985715800384, 'hidden_continuous_size': 11, 'attention_head_size': 1, 'learning_rate': 0.07610686753549169}. Best is trial 33 with value: 115.2528305053711.
LOCAL_RANK: 0 - CUDA_VISIBLE_DEVICES: [0]
[I 2023-11-30 00:50:58,355] Trial 81 finished with value: 125.9947280883789 and parameters: {'gradient_clip_val': 0.12253647697669784, 'hidden_size': 18, 'dropout': 0.22349155857663963, 'hidden_continuous_size': 12, 'attention_head_size': 4, 'learning_rate': 0.03332663721026737}. Best is trial 33 with value: 115.2528305053711.
LOCAL_RANK: 0 - CUDA_VISIBLE_DEVICES: [0]
[I 2023-11-30 00:51:10,766] Trial 82 finished with value: 121.9096908569336 and parameters: {'gradient_clip_val': 0.12407740362905756, 'hidden_size': 19, 'dropout': 0.22798276373257953, 'hidden_continuous_size': 12, 'attention_head_size': 4, 'learning_rate': 0.04268922426017683}. Best is trial 33 with value: 115.2528305053711.
LOCAL_RANK: 0 - CUDA_VISIBLE_DEVICES: [0]
[I 2023-11-30 00:51:22,988] Trial 83 finished with value: 117.95911407470703 and parameters: {'gradient_clip_val': 0.11994948854010484, 'hidden_size': 18, 'dropout': 0.2201869802873883, 'hidden_continuous_size': 12, 'attention_head_size': 4, 'learning_rate': 0.037149202602537}. Best is trial 33 with value: 115.2528305053711.
LOCAL_RANK: 0 - CUDA_VISIBLE_DEVICES: [0]
[I 2023-11-30 00:51:35,324] Trial 84 finished with value: 138.74693298339844 and parameters: {'gradient_clip_val': 0.11841890672315239, 'hidden_size': 19, 'dropout': 0.22253295978007445, 'hidden_continuous_size': 12, 'attention_head_size': 4, 'learning_rate': 0.03451282251628071}. Best is trial 33 with value: 115.2528305053711.
LOCAL_RANK: 0 - CUDA_VISIBLE_DEVICES: [0]
