[I 2023-11-29 23:37:11,739] Trial 34 finished with value: 75.2158203125 and parameters: {'gradient_clip_val': 0.3712895504403904, 'hidden_size': 18, 'dropout': 0.24676114155277, 'hidden_continuous_size': 12, 'attention_head_size': 4, 'learning_rate': 0.07290779568700181}. Best is trial 11 with value: 55.27579879760742.
LOCAL_RANK: 0 - CUDA_VISIBLE_DEVICES: [0]
[I 2023-11-29 23:37:24,123] Trial 35 finished with value: 71.02571105957031 and parameters: {'gradient_clip_val': 0.20286840236549047, 'hidden_size': 30, 'dropout': 0.22844611573449475, 'hidden_continuous_size': 15, 'attention_head_size': 4, 'learning_rate': 0.029072539033094418}. Best is trial 11 with value: 55.27579879760742.
LOCAL_RANK: 0 - CUDA_VISIBLE_DEVICES: [0]
[I 2023-11-29 23:37:36,260] Trial 36 finished with value: 67.006591796875 and parameters: {'gradient_clip_val': 0.3135402989691937, 'hidden_size': 15, 'dropout': 0.20006195846296518, 'hidden_continuous_size': 11, 'attention_head_size': 4, 'learning_rate': 0.04362371432820488}. Best is trial 11 with value: 55.27579879760742.
LOCAL_RANK: 0 - CUDA_VISIBLE_DEVICES: [0]
[I 2023-11-29 23:37:48,740] Trial 37 finished with value: 129.2926483154297 and parameters: {'gradient_clip_val': 0.16653811133643928, 'hidden_size': 24, 'dropout': 0.19805426746928106, 'hidden_continuous_size': 14, 'attention_head_size': 4, 'learning_rate': 0.05481328503616914}. Best is trial 11 with value: 55.27579879760742.
LOCAL_RANK: 0 - CUDA_VISIBLE_DEVICES: [0]
[I 2023-11-29 23:38:01,351] Trial 38 finished with value: 120.390625 and parameters: {'gradient_clip_val': 0.24926623272020276, 'hidden_size': 34, 'dropout': 0.24894144290194956, 'hidden_continuous_size': 16, 'attention_head_size': 3, 'learning_rate': 0.024954004102630135}. Best is trial 11 with value: 55.27579879760742.
LOCAL_RANK: 0 - CUDA_VISIBLE_DEVICES: [0]
[I 2023-11-29 23:38:13,541] Trial 39 finished with value: 84.70870971679688 and parameters: {'gradient_clip_val': 0.39710036916117875, 'hidden_size': 25, 'dropout': 0.1599233547575141, 'hidden_continuous_size': 15, 'attention_head_size': 2, 'learning_rate': 0.03689626027556019}. Best is trial 11 with value: 55.27579879760742.
LOCAL_RANK: 0 - CUDA_VISIBLE_DEVICES: [0]
[I 2023-11-29 23:38:25,575] Trial 40 finished with value: 86.79898834228516 and parameters: {'gradient_clip_val': 0.22249108254864522, 'hidden_size': 12, 'dropout': 0.2301591533983579, 'hidden_continuous_size': 10, 'attention_head_size': 4, 'learning_rate': 0.0817638707998556}. Best is trial 11 with value: 55.27579879760742.
LOCAL_RANK: 0 - CUDA_VISIBLE_DEVICES: [0]
[I 2023-11-29 23:38:37,521] Trial 41 finished with value: 102.16668701171875 and parameters: {'gradient_clip_val': 0.25626954027011595, 'hidden_size': 20, 'dropout': 0.17643460089300977, 'hidden_continuous_size': 13, 'attention_head_size': 3, 'learning_rate': 0.058032013060524364}. Best is trial 11 with value: 55.27579879760742.
LOCAL_RANK: 0 - CUDA_VISIBLE_DEVICES: [0]
[I 2023-11-29 23:38:49,990] Trial 42 finished with value: 109.05606842041016 and parameters: {'gradient_clip_val': 0.29425107340994566, 'hidden_size': 22, 'dropout': 0.16497137843955628, 'hidden_continuous_size': 13, 'attention_head_size': 3, 'learning_rate': 0.07664873256692502}. Best is trial 11 with value: 55.27579879760742.
LOCAL_RANK: 0 - CUDA_VISIBLE_DEVICES: [0]
[I 2023-11-29 23:39:02,210] Trial 43 finished with value: 98.42070770263672 and parameters: {'gradient_clip_val': 0.2648480735082204, 'hidden_size': 18, 'dropout': 0.14166346630157337, 'hidden_continuous_size': 12, 'attention_head_size': 4, 'learning_rate': 0.056568574385105125}. Best is trial 11 with value: 55.27579879760742.
LOCAL_RANK: 0 - CUDA_VISIBLE_DEVICES: [0]
[I 2023-11-29 23:39:14,360] Trial 44 finished with value: 107.64888763427734 and parameters: {'gradient_clip_val': 0.21128721831875782, 'hidden_size': 28, 'dropout': 0.19013889528579508, 'hidden_continuous_size': 14, 'attention_head_size': 2, 'learning_rate': 0.09939358727313902}. Best is trial 11 with value: 55.27579879760742.
LOCAL_RANK: 0 - CUDA_VISIBLE_DEVICES: [0]
[I 2023-11-29 23:39:26,456] Trial 45 finished with value: 81.11195373535156 and parameters: {'gradient_clip_val': 0.1763701663100391, 'hidden_size': 15, 'dropout': 0.21085760621058353, 'hidden_continuous_size': 12, 'attention_head_size': 3, 'learning_rate': 0.04727872214409298}. Best is trial 11 with value: 55.27579879760742.
LOCAL_RANK: 0 - CUDA_VISIBLE_DEVICES: [0]
[I 2023-11-29 23:39:38,788] Trial 46 finished with value: 66.19107818603516 and parameters: {'gradient_clip_val': 0.32798464514342046, 'hidden_size': 19, 'dropout': 0.14789421404204406, 'hidden_continuous_size': 13, 'attention_head_size': 4, 'learning_rate': 0.06991307296786275}. Best is trial 11 with value: 55.27579879760742.
LOCAL_RANK: 0 - CUDA_VISIBLE_DEVICES: [0]
[I 2023-11-29 23:39:51,054] Trial 47 finished with value: 90.3206787109375 and parameters: {'gradient_clip_val': 0.24581239652581413, 'hidden_size': 22, 'dropout': 0.16504332521731413, 'hidden_continuous_size': 11, 'attention_head_size': 2, 'learning_rate': 0.03356754743102974}. Best is trial 11 with value: 55.27579879760742.
LOCAL_RANK: 0 - CUDA_VISIBLE_DEVICES: [0]
[I 2023-11-29 23:40:03,189] Trial 48 finished with value: 73.13190460205078 and parameters: {'gradient_clip_val': 0.4595570373600681, 'hidden_size': 16, 'dropout': 0.20726515005552892, 'hidden_continuous_size': 12, 'attention_head_size': 4, 'learning_rate': 0.08323752552226883}. Best is trial 11 with value: 55.27579879760742.
LOCAL_RANK: 0 - CUDA_VISIBLE_DEVICES: [0]
[I 2023-11-29 23:40:15,580] Trial 49 finished with value: 74.95176696777344 and parameters: {'gradient_clip_val': 0.19945293978513814, 'hidden_size': 26, 'dropout': 0.18710472745101428, 'hidden_continuous_size': 18, 'attention_head_size': 3, 'learning_rate': 0.021521548788553335}. Best is trial 11 with value: 55.27579879760742.
LOCAL_RANK: 0 - CUDA_VISIBLE_DEVICES: [0]
[I 2023-11-29 23:40:27,745] Trial 50 finished with value: 94.37921905517578 and parameters: {'gradient_clip_val': 0.28044103703696205, 'hidden_size': 21, 'dropout': 0.22482054885107905, 'hidden_continuous_size': 13, 'attention_head_size': 2, 'learning_rate': 0.03965665712445527}. Best is trial 11 with value: 55.27579879760742.
LOCAL_RANK: 0 - CUDA_VISIBLE_DEVICES: [0]
[I 2023-11-29 23:40:39,973] Trial 51 finished with value: 56.17243576049805 and parameters: {'gradient_clip_val': 0.3201005761979788, 'hidden_size': 19, 'dropout': 0.14928621501593947, 'hidden_continuous_size': 13, 'attention_head_size': 4, 'learning_rate': 0.0679035489688874}. Best is trial 11 with value: 55.27579879760742.
LOCAL_RANK: 0 - CUDA_VISIBLE_DEVICES: [0]
[I 2023-11-29 23:40:52,602] Trial 52 finished with value: 67.93939208984375 and parameters: {'gradient_clip_val': 0.3061307838845372, 'hidden_size': 17, 'dropout': 0.13620666489320918, 'hidden_continuous_size': 12, 'attention_head_size': 4, 'learning_rate': 0.050793764162856164}. Best is trial 11 with value: 55.27579879760742.
LOCAL_RANK: 0 - CUDA_VISIBLE_DEVICES: [0]
[I 2023-11-29 23:41:04,780] Trial 53 finished with value: 85.64224243164062 and parameters: {'gradient_clip_val': 0.23763362921058861, 'hidden_size': 19, 'dropout': 0.15489375225666177, 'hidden_continuous_size': 14, 'attention_head_size': 4, 'learning_rate': 0.06179614040808662}. Best is trial 11 with value: 55.27579879760742.
LOCAL_RANK: 0 - CUDA_VISIBLE_DEVICES: [0]
[I 2023-11-29 23:41:17,194] Trial 54 finished with value: 86.87618255615234 and parameters: {'gradient_clip_val': 0.355301046015158, 'hidden_size': 23, 'dropout': 0.23508447151113512, 'hidden_continuous_size': 15, 'attention_head_size': 4, 'learning_rate': 0.0814982953241597}. Best is trial 11 with value: 55.27579879760742.
LOCAL_RANK: 0 - CUDA_VISIBLE_DEVICES: [0]
[I 2023-11-29 23:41:29,716] Trial 55 finished with value: 68.82494354248047 and parameters: {'gradient_clip_val': 0.27387679443880075, 'hidden_size': 27, 'dropout': 0.19848440692551045, 'hidden_continuous_size': 16, 'attention_head_size': 4, 'learning_rate': 0.04807298876246951}. Best is trial 11 with value: 55.27579879760742.
LOCAL_RANK: 0 - CUDA_VISIBLE_DEVICES: [0]
[I 2023-11-29 23:41:41,769] Trial 56 finished with value: 71.67174530029297 and parameters: {'gradient_clip_val': 0.37686185389882376, 'hidden_size': 11, 'dropout': 0.18092682046420655, 'hidden_continuous_size': 10, 'attention_head_size': 2, 'learning_rate': 0.06015193985756632}. Best is trial 11 with value: 55.27579879760742.
LOCAL_RANK: 0 - CUDA_VISIBLE_DEVICES: [0]
[I 2023-11-29 23:41:54,269] Trial 57 finished with value: 81.27774047851562 and parameters: {'gradient_clip_val': 0.331994242061323, 'hidden_size': 13, 'dropout': 0.20737727306266812, 'hidden_continuous_size': 12, 'attention_head_size': 4, 'learning_rate': 0.04150504280109467}. Best is trial 11 with value: 55.27579879760742.
LOCAL_RANK: 0 - CUDA_VISIBLE_DEVICES: [0]
[I 2023-11-29 23:42:06,332] Trial 58 finished with value: 104.0237045288086 and parameters: {'gradient_clip_val': 0.4230252716304502, 'hidden_size': 14, 'dropout': 0.2548455829691737, 'hidden_continuous_size': 11, 'attention_head_size': 1, 'learning_rate': 0.08181464443407739}. Best is trial 11 with value: 55.27579879760742.
LOCAL_RANK: 0 - CUDA_VISIBLE_DEVICES: [0]
[I 2023-11-29 23:42:18,412] Trial 59 finished with value: 73.27579498291016 and parameters: {'gradient_clip_val': 0.2166978536193075, 'hidden_size': 16, 'dropout': 0.1697306609418129, 'hidden_continuous_size': 13, 'attention_head_size': 3, 'learning_rate': 0.06773673225991304}. Best is trial 11 with value: 55.27579879760742.
LOCAL_RANK: 0 - CUDA_VISIBLE_DEVICES: [0]
[I 2023-11-29 23:42:30,479] Trial 60 finished with value: 83.12512969970703 and parameters: {'gradient_clip_val': 0.25773490730208387, 'hidden_size': 21, 'dropout': 0.12829236744305533, 'hidden_continuous_size': 13, 'attention_head_size': 2, 'learning_rate': 0.052282208520496594}. Best is trial 11 with value: 55.27579879760742.
LOCAL_RANK: 0 - CUDA_VISIBLE_DEVICES: [0]
[I 2023-11-29 23:42:42,687] Trial 61 finished with value: 93.93014526367188 and parameters: {'gradient_clip_val': 0.32441726552989847, 'hidden_size': 19, 'dropout': 0.15082701864760056, 'hidden_continuous_size': 13, 'attention_head_size': 4, 'learning_rate': 0.06928178779606825}. Best is trial 11 with value: 55.27579879760742.
LOCAL_RANK: 0 - CUDA_VISIBLE_DEVICES: [0]
[I 2023-11-29 23:42:55,347] Trial 62 finished with value: 117.49581146240234 and parameters: {'gradient_clip_val': 0.2938740439201564, 'hidden_size': 19, 'dropout': 0.15266593331470227, 'hidden_continuous_size': 13, 'attention_head_size': 4, 'learning_rate': 0.08958470027814464}. Best is trial 11 with value: 55.27579879760742.
LOCAL_RANK: 0 - CUDA_VISIBLE_DEVICES: [0]
[I 2023-11-29 23:43:07,559] Trial 63 finished with value: 101.10629272460938 and parameters: {'gradient_clip_val': 0.3395911569187313, 'hidden_size': 24, 'dropout': 0.140582031462757, 'hidden_continuous_size': 14, 'attention_head_size': 4, 'learning_rate': 0.06586742742176724}. Best is trial 11 with value: 55.27579879760742.
LOCAL_RANK: 0 - CUDA_VISIBLE_DEVICES: [0]
[I 2023-11-29 23:43:19,881] Trial 64 finished with value: 91.51873016357422 and parameters: {'gradient_clip_val': 0.309814109094179, 'hidden_size': 17, 'dropout': 0.1809582713176695, 'hidden_continuous_size': 12, 'attention_head_size': 4, 'learning_rate': 0.07421225042957888}. Best is trial 11 with value: 55.27579879760742.
LOCAL_RANK: 0 - CUDA_VISIBLE_DEVICES: [0]
[I 2023-11-29 23:43:32,060] Trial 65 finished with value: 108.58673858642578 and parameters: {'gradient_clip_val': 0.3695177879241557, 'hidden_size': 20, 'dropout': 0.1700081810829034, 'hidden_continuous_size': 15, 'attention_head_size': 4, 'learning_rate': 0.05222915310911296}. Best is trial 11 with value: 55.27579879760742.
LOCAL_RANK: 0 - CUDA_VISIBLE_DEVICES: [0]
[I 2023-11-29 23:43:44,549] Trial 66 finished with value: 125.5897216796875 and parameters: {'gradient_clip_val': 0.23225600303985094, 'hidden_size': 30, 'dropout': 0.22014666290347384, 'hidden_continuous_size': 14, 'attention_head_size': 4, 'learning_rate': 0.09946083741352062}. Best is trial 11 with value: 55.27579879760742.
LOCAL_RANK: 0 - CUDA_VISIBLE_DEVICES: [0]
[I 2023-11-29 23:43:56,778] Trial 67 finished with value: 106.59404754638672 and parameters: {'gradient_clip_val': 0.26641290538547086, 'hidden_size': 14, 'dropout': 0.14561408918383228, 'hidden_continuous_size': 11, 'attention_head_size': 3, 'learning_rate': 0.039922278213954165}. Best is trial 11 with value: 55.27579879760742.
LOCAL_RANK: 0 - CUDA_VISIBLE_DEVICES: [0]
[I 2023-11-29 23:44:08,989] Trial 68 finished with value: 85.14000701904297 and parameters: {'gradient_clip_val': 0.2402970026093688, 'hidden_size': 25, 'dropout': 0.1920071934914094, 'hidden_continuous_size': 15, 'attention_head_size': 2, 'learning_rate': 0.03125948333663141}. Best is trial 11 with value: 55.27579879760742.
LOCAL_RANK: 0 - CUDA_VISIBLE_DEVICES: [0]
[I 2023-11-29 23:44:21,329] Trial 69 finished with value: 92.77368927001953 and parameters: {'gradient_clip_val': 0.29204045432618153, 'hidden_size': 22, 'dropout': 0.16034696576973542, 'hidden_continuous_size': 14, 'attention_head_size': 4, 'learning_rate': 0.06257063551267929}. Best is trial 11 with value: 55.27579879760742.
LOCAL_RANK: 0 - CUDA_VISIBLE_DEVICES: [0]
[I 2023-11-29 23:44:34,148] Trial 70 finished with value: 103.0244140625 and parameters: {'gradient_clip_val': 0.3267577944198094, 'hidden_size': 33, 'dropout': 0.11547295995757362, 'hidden_continuous_size': 27, 'attention_head_size': 3, 'learning_rate': 0.045104003822369516}. Best is trial 11 with value: 55.27579879760742.
LOCAL_RANK: 0 - CUDA_VISIBLE_DEVICES: [0]
[I 2023-11-29 23:44:46,583] Trial 71 finished with value: 78.00690460205078 and parameters: {'gradient_clip_val': 0.31706888264825317, 'hidden_size': 15, 'dropout': 0.1998204522863972, 'hidden_continuous_size': 11, 'attention_head_size': 4, 'learning_rate': 0.044874523521514414}. Best is trial 11 with value: 55.27579879760742.
LOCAL_RANK: 0 - CUDA_VISIBLE_DEVICES: [0]
[I 2023-11-29 23:44:58,967] Trial 72 finished with value: 72.38237762451172 and parameters: {'gradient_clip_val': 0.3466920419584126, 'hidden_size': 18, 'dropout': 0.21624404135992714, 'hidden_continuous_size': 13, 'attention_head_size': 4, 'learning_rate': 0.07436042533335886}. Best is trial 11 with value: 55.27579879760742.
LOCAL_RANK: 0 - CUDA_VISIBLE_DEVICES: [0]
[I 2023-11-29 23:45:11,123] Trial 73 finished with value: 65.56352996826172 and parameters: {'gradient_clip_val': 0.28090150365810657, 'hidden_size': 16, 'dropout': 0.23895553175113493, 'hidden_continuous_size': 10, 'attention_head_size': 4, 'learning_rate': 0.03572606458464895}. Best is trial 11 with value: 55.27579879760742.
LOCAL_RANK: 0 - CUDA_VISIBLE_DEVICES: [0]
[I 2023-11-29 23:45:23,042] Trial 74 finished with value: 82.95755767822266 and parameters: {'gradient_clip_val': 0.2853935235833826, 'hidden_size': 16, 'dropout': 0.2424390234876893, 'hidden_continuous_size': 10, 'attention_head_size': 4, 'learning_rate': 0.036373722783353865}. Best is trial 11 with value: 55.27579879760742.
LOCAL_RANK: 0 - CUDA_VISIBLE_DEVICES: [0]
[I 2023-11-29 23:45:35,064] Trial 75 finished with value: 89.21195220947266 and parameters: {'gradient_clip_val': 0.25560179484015816, 'hidden_size': 20, 'dropout': 0.23127119528510137, 'hidden_continuous_size': 10, 'attention_head_size': 4, 'learning_rate': 0.05809296343158292}. Best is trial 11 with value: 55.27579879760742.
LOCAL_RANK: 0 - CUDA_VISIBLE_DEVICES: [0]
[I 2023-11-29 23:45:47,212] Trial 76 finished with value: 79.41123962402344 and parameters: {'gradient_clip_val': 0.2145174069284821, 'hidden_size': 23, 'dropout': 0.22245632943531257, 'hidden_continuous_size': 10, 'attention_head_size': 2, 'learning_rate': 0.052346637291715244}. Best is trial 11 with value: 55.27579879760742.
LOCAL_RANK: 0 - CUDA_VISIBLE_DEVICES: [0]
[I 2023-11-29 23:45:59,711] Trial 77 finished with value: 108.63495635986328 and parameters: {'gradient_clip_val': 0.27142274296456687, 'hidden_size': 17, 'dropout': 0.2565804968775196, 'hidden_continuous_size': 12, 'attention_head_size': 4, 'learning_rate': 0.0895180263887082}. Best is trial 11 with value: 55.27579879760742.
LOCAL_RANK: 0 - CUDA_VISIBLE_DEVICES: [0]
[I 2023-11-29 23:46:12,022] Trial 78 finished with value: 111.9823226928711 and parameters: {'gradient_clip_val': 0.23101209135736386, 'hidden_size': 19, 'dropout': 0.20716954252241326, 'hidden_continuous_size': 13, 'attention_head_size': 4, 'learning_rate': 0.06637758857119175}. Best is trial 11 with value: 55.27579879760742.
LOCAL_RANK: 0 - CUDA_VISIBLE_DEVICES: [0]
[I 2023-11-29 23:46:24,728] Trial 79 finished with value: 126.49517822265625 and parameters: {'gradient_clip_val': 0.2516164350314227, 'hidden_size': 47, 'dropout': 0.2375693639031656, 'hidden_continuous_size': 17, 'attention_head_size': 1, 'learning_rate': 0.04001606348519831}. Best is trial 11 with value: 55.27579879760742.
LOCAL_RANK: 0 - CUDA_VISIBLE_DEVICES: [0]
[I 2023-11-29 23:46:36,905] Trial 80 finished with value: 90.64636993408203 and parameters: {'gradient_clip_val': 0.3121022809400355, 'hidden_size': 26, 'dropout': 0.18569644749017145, 'hidden_continuous_size': 11, 'attention_head_size': 2, 'learning_rate': 0.03114235582638207}. Best is trial 11 with value: 55.27579879760742.
LOCAL_RANK: 0 - CUDA_VISIBLE_DEVICES: [0]
[I 2023-11-29 23:46:49,168] Trial 81 finished with value: 89.77059936523438 and parameters: {'gradient_clip_val': 0.2986695374305567, 'hidden_size': 14, 'dropout': 0.19449508177324581, 'hidden_continuous_size': 10, 'attention_head_size': 4, 'learning_rate': 0.04670975943661357}. Best is trial 11 with value: 55.27579879760742.
LOCAL_RANK: 0 - CUDA_VISIBLE_DEVICES: [0]
[I 2023-11-29 23:47:01,369] Trial 82 finished with value: 79.14885711669922 and parameters: {'gradient_clip_val': 0.2794066108106647, 'hidden_size': 16, 'dropout': 0.21401526878393248, 'hidden_continuous_size': 11, 'attention_head_size': 4, 'learning_rate': 0.0575672052096121}. Best is trial 11 with value: 55.27579879760742.
LOCAL_RANK: 0 - CUDA_VISIBLE_DEVICES: [0]
[I 2023-11-29 23:47:13,740] Trial 83 finished with value: 77.1001205444336 and parameters: {'gradient_clip_val': 0.3552806151761413, 'hidden_size': 15, 'dropout': 0.23097168746236352, 'hidden_continuous_size': 12, 'attention_head_size': 4, 'learning_rate': 0.07499882476306687}. Best is trial 11 with value: 55.27579879760742.
LOCAL_RANK: 0 - CUDA_VISIBLE_DEVICES: [0]
[I 2023-11-29 23:47:25,989] Trial 84 finished with value: 61.11179733276367 and parameters: {'gradient_clip_val': 0.29822576884934293, 'hidden_size': 18, 'dropout': 0.20486814836376674, 'hidden_continuous_size': 11, 'attention_head_size': 4, 'learning_rate': 0.036258189669321525}. Best is trial 11 with value: 55.27579879760742.
LOCAL_RANK: 0 - CUDA_VISIBLE_DEVICES: [0]
[I 2023-11-29 23:47:38,262] Trial 85 finished with value: 58.74650955200195 and parameters: {'gradient_clip_val': 0.268731110150208, 'hidden_size': 18, 'dropout': 0.22521384493363997, 'hidden_continuous_size': 10, 'attention_head_size': 4, 'learning_rate': 0.035814847117650615}. Best is trial 11 with value: 55.27579879760742.
LOCAL_RANK: 0 - CUDA_VISIBLE_DEVICES: [0]
[I 2023-11-29 23:47:50,611] Trial 86 finished with value: 64.42340850830078 and parameters: {'gradient_clip_val': 0.2447700700805912, 'hidden_size': 18, 'dropout': 0.22601758762391125, 'hidden_continuous_size': 10, 'attention_head_size': 4, 'learning_rate': 0.02691558386522091}. Best is trial 11 with value: 55.27579879760742.
LOCAL_RANK: 0 - CUDA_VISIBLE_DEVICES: [0]
[I 2023-11-29 23:48:02,837] Trial 87 finished with value: 69.1947250366211 and parameters: {'gradient_clip_val': 0.24140388696775844, 'hidden_size': 18, 'dropout': 0.2190844875864737, 'hidden_continuous_size': 10, 'attention_head_size': 4, 'learning_rate': 0.02889468279935577}. Best is trial 11 with value: 55.27579879760742.
LOCAL_RANK: 0 - CUDA_VISIBLE_DEVICES: [0]
[I 2023-11-29 23:48:14,999] Trial 88 finished with value: 110.79828643798828 and parameters: {'gradient_clip_val': 0.22430472662643758, 'hidden_size': 21, 'dropout': 0.20451123103082047, 'hidden_continuous_size': 11, 'attention_head_size': 2, 'learning_rate': 0.03338173260427247}. Best is trial 11 with value: 55.27579879760742.
LOCAL_RANK: 0 - CUDA_VISIBLE_DEVICES: [0]
[I 2023-11-29 23:48:27,232] Trial 89 finished with value: 86.7065200805664 and parameters: {'gradient_clip_val': 0.20659903294458387, 'hidden_size': 23, 'dropout': 0.22508092705334656, 'hidden_continuous_size': 10, 'attention_head_size': 3, 'learning_rate': 0.024245958148291506}. Best is trial 11 with value: 55.27579879760742.
LOCAL_RANK: 0 - CUDA_VISIBLE_DEVICES: [0]
[I 2023-11-29 23:48:39,433] Trial 90 finished with value: 92.3423843383789 and parameters: {'gradient_clip_val': 0.26331162803185443, 'hidden_size': 21, 'dropout': 0.21400166573804685, 'hidden_continuous_size': 11, 'attention_head_size': 4, 'learning_rate': 0.04953761890169665}. Best is trial 11 with value: 55.27579879760742.
LOCAL_RANK: 0 - CUDA_VISIBLE_DEVICES: [0]
[I 2023-11-29 23:48:51,863] Trial 91 finished with value: 70.89676666259766 and parameters: {'gradient_clip_val': 0.283963564412542, 'hidden_size': 17, 'dropout': 0.23828946405590576, 'hidden_continuous_size': 10, 'attention_head_size': 4, 'learning_rate': 0.03657350264854844}. Best is trial 11 with value: 55.27579879760742.
LOCAL_RANK: 0 - CUDA_VISIBLE_DEVICES: [0]
[I 2023-11-29 23:49:04,105] Trial 92 finished with value: 66.46721649169922 and parameters: {'gradient_clip_val': 0.2707169010339096, 'hidden_size': 18, 'dropout': 0.24447234407759275, 'hidden_continuous_size': 10, 'attention_head_size': 4, 'learning_rate': 0.027712690104979735}. Best is trial 11 with value: 55.27579879760742.
LOCAL_RANK: 0 - CUDA_VISIBLE_DEVICES: [0]
