[I 2023-11-29 20:45:57,937] Trial 25 finished with value: 291.1474609375 and parameters: {'gradient_clip_val': 0.13043482345196397, 'hidden_size': 48, 'dropout': 0.39981201103881425, 'hidden_continuous_size': 21, 'attention_head_size': 3, 'learning_rate': 0.010565846912419139}. Best is trial 25 with value: 291.1474609375.
LOCAL_RANK: 0 - CUDA_VISIBLE_DEVICES: [0]
[I 2023-11-29 20:46:11,143] Trial 26 finished with value: 308.4846496582031 and parameters: {'gradient_clip_val': 0.1230190814283172, 'hidden_size': 56, 'dropout': 0.39928808143309613, 'hidden_continuous_size': 52, 'attention_head_size': 4, 'learning_rate': 0.007800273854175764}. Best is trial 25 with value: 291.1474609375.
LOCAL_RANK: 0 - CUDA_VISIBLE_DEVICES: [0]
[I 2023-11-29 20:46:24,144] Trial 27 finished with value: 297.7666320800781 and parameters: {'gradient_clip_val': 0.15092486293849022, 'hidden_size': 76, 'dropout': 0.3363612847294039, 'hidden_continuous_size': 29, 'attention_head_size': 2, 'learning_rate': 0.011147120625674675}. Best is trial 25 with value: 291.1474609375.
LOCAL_RANK: 0 - CUDA_VISIBLE_DEVICES: [0]
[I 2023-11-29 20:46:36,857] Trial 28 finished with value: 326.75927734375 and parameters: {'gradient_clip_val': 0.12063251284623375, 'hidden_size': 47, 'dropout': 0.37525027829152796, 'hidden_continuous_size': 22, 'attention_head_size': 1, 'learning_rate': 0.008391289560698038}. Best is trial 25 with value: 291.1474609375.
LOCAL_RANK: 0 - CUDA_VISIBLE_DEVICES: [0]
[I 2023-11-29 20:46:49,891] Trial 29 finished with value: 308.08673095703125 and parameters: {'gradient_clip_val': 0.13891742697738546, 'hidden_size': 73, 'dropout': 0.33859761551823253, 'hidden_continuous_size': 25, 'attention_head_size': 1, 'learning_rate': 0.013586334547364971}. Best is trial 25 with value: 291.1474609375.
LOCAL_RANK: 0 - CUDA_VISIBLE_DEVICES: [0]
[I 2023-11-29 20:47:02,745] Trial 30 finished with value: 344.668701171875 and parameters: {'gradient_clip_val': 0.12111747856545667, 'hidden_size': 53, 'dropout': 0.3776589557604793, 'hidden_continuous_size': 19, 'attention_head_size': 3, 'learning_rate': 0.005908377816920371}. Best is trial 25 with value: 291.1474609375.
LOCAL_RANK: 0 - CUDA_VISIBLE_DEVICES: [0]
[I 2023-11-29 20:47:15,908] Trial 31 finished with value: 299.868408203125 and parameters: {'gradient_clip_val': 0.15200202012497183, 'hidden_size': 73, 'dropout': 0.37660469275431724, 'hidden_continuous_size': 28, 'attention_head_size': 2, 'learning_rate': 0.010817612741596955}. Best is trial 25 with value: 291.1474609375.
LOCAL_RANK: 0 - CUDA_VISIBLE_DEVICES: [0]
[I 2023-11-29 20:47:29,265] Trial 32 finished with value: 312.63934326171875 and parameters: {'gradient_clip_val': 0.14328100912165548, 'hidden_size': 84, 'dropout': 0.3311003788448354, 'hidden_continuous_size': 33, 'attention_head_size': 2, 'learning_rate': 0.00959308438659619}. Best is trial 25 with value: 291.1474609375.
LOCAL_RANK: 0 - CUDA_VISIBLE_DEVICES: [0]
[I 2023-11-29 20:47:43,090] Trial 33 finished with value: 315.48028564453125 and parameters: {'gradient_clip_val': 0.12129264639809213, 'hidden_size': 95, 'dropout': 0.3743244160418364, 'hidden_continuous_size': 35, 'attention_head_size': 2, 'learning_rate': 0.012743013551818158}. Best is trial 25 with value: 291.1474609375.
LOCAL_RANK: 0 - CUDA_VISIBLE_DEVICES: [0]
[I 2023-11-29 20:47:56,885] Trial 34 finished with value: 371.5284118652344 and parameters: {'gradient_clip_val': 0.15627992736477234, 'hidden_size': 144, 'dropout': 0.3382849615514305, 'hidden_continuous_size': 43, 'attention_head_size': 1, 'learning_rate': 0.03612220790862951}. Best is trial 25 with value: 291.1474609375.
LOCAL_RANK: 0 - CUDA_VISIBLE_DEVICES: [0]
[I 2023-11-29 20:48:09,908] Trial 35 finished with value: 321.5807800292969 and parameters: {'gradient_clip_val': 0.11088010101903752, 'hidden_size': 62, 'dropout': 0.3984607595388302, 'hidden_continuous_size': 23, 'attention_head_size': 3, 'learning_rate': 0.015897770341775388}. Best is trial 25 with value: 291.1474609375.
LOCAL_RANK: 0 - CUDA_VISIBLE_DEVICES: [0]
[I 2023-11-29 20:48:22,324] Trial 36 finished with value: 416.0711364746094 and parameters: {'gradient_clip_val': 0.13324160719972328, 'hidden_size': 48, 'dropout': 0.3747279681265965, 'hidden_continuous_size': 20, 'attention_head_size': 2, 'learning_rate': 0.003890478096885169}. Best is trial 25 with value: 291.1474609375.
LOCAL_RANK: 0 - CUDA_VISIBLE_DEVICES: [0]
[I 2023-11-29 20:48:35,914] Trial 37 finished with value: 297.4538269042969 and parameters: {'gradient_clip_val': 0.1013255264329228, 'hidden_size': 101, 'dropout': 0.34147531202706866, 'hidden_continuous_size': 26, 'attention_head_size': 4, 'learning_rate': 0.006463494589271206}. Best is trial 25 with value: 291.1474609375.
LOCAL_RANK: 0 - CUDA_VISIBLE_DEVICES: [0]
[I 2023-11-29 20:48:50,308] Trial 38 finished with value: 295.64739990234375 and parameters: {'gradient_clip_val': 0.1128295321431296, 'hidden_size': 107, 'dropout': 0.3092193666041309, 'hidden_continuous_size': 100, 'attention_head_size': 4, 'learning_rate': 0.0029159557671631035}. Best is trial 25 with value: 291.1474609375.
LOCAL_RANK: 0 - CUDA_VISIBLE_DEVICES: [0]
[I 2023-11-29 20:49:04,497] Trial 39 finished with value: 303.2838439941406 and parameters: {'gradient_clip_val': 0.11391241010360614, 'hidden_size': 120, 'dropout': 0.3114517220099361, 'hidden_continuous_size': 113, 'attention_head_size': 4, 'learning_rate': 0.0029269826839286007}. Best is trial 25 with value: 291.1474609375.
LOCAL_RANK: 0 - CUDA_VISIBLE_DEVICES: [0]
[I 2023-11-29 20:49:17,331] Trial 40 finished with value: 538.8219604492188 and parameters: {'gradient_clip_val': 0.16401089313167977, 'hidden_size': 54, 'dropout': 0.3058911520145671, 'hidden_continuous_size': 19, 'attention_head_size': 4, 'learning_rate': 0.00247883120922232}. Best is trial 25 with value: 291.1474609375.
LOCAL_RANK: 0 - CUDA_VISIBLE_DEVICES: [0]
[I 2023-11-29 20:49:30,765] Trial 41 finished with value: 483.771484375 and parameters: {'gradient_clip_val': 0.11136152900738175, 'hidden_size': 95, 'dropout': 0.34618455777070917, 'hidden_continuous_size': 26, 'attention_head_size': 4, 'learning_rate': 0.0010662750579397856}. Best is trial 25 with value: 291.1474609375.
LOCAL_RANK: 0 - CUDA_VISIBLE_DEVICES: [0]
[I 2023-11-29 20:49:44,312] Trial 42 finished with value: 364.9950866699219 and parameters: {'gradient_clip_val': 0.10002466786450015, 'hidden_size': 120, 'dropout': 0.327748120966652, 'hidden_continuous_size': 22, 'attention_head_size': 4, 'learning_rate': 0.006461958168567321}. Best is trial 25 with value: 291.1474609375.
LOCAL_RANK: 0 - CUDA_VISIBLE_DEVICES: [0]
[I 2023-11-29 20:49:57,379] Trial 43 finished with value: 283.8242492675781 and parameters: {'gradient_clip_val': 0.1301120074274756, 'hidden_size': 65, 'dropout': 0.32383178409070584, 'hidden_continuous_size': 11, 'attention_head_size': 4, 'learning_rate': 0.004991304422079043}. Best is trial 43 with value: 283.8242492675781.
LOCAL_RANK: 0 - CUDA_VISIBLE_DEVICES: [0]
[I 2023-11-29 20:50:10,154] Trial 44 finished with value: 376.5029602050781 and parameters: {'gradient_clip_val': 0.1262797802177289, 'hidden_size': 55, 'dropout': 0.29289022807430776, 'hidden_continuous_size': 11, 'attention_head_size': 4, 'learning_rate': 0.004236516039956785}. Best is trial 43 with value: 283.8242492675781.
LOCAL_RANK: 0 - CUDA_VISIBLE_DEVICES: [0]
[I 2023-11-29 20:50:22,969] Trial 45 finished with value: 330.9389953613281 and parameters: {'gradient_clip_val': 0.13451364816083322, 'hidden_size': 63, 'dropout': 0.32013384482612117, 'hidden_continuous_size': 10, 'attention_head_size': 4, 'learning_rate': 0.008580228059619168}. Best is trial 43 with value: 283.8242492675781.
LOCAL_RANK: 0 - CUDA_VISIBLE_DEVICES: [0]
[I 2023-11-29 20:50:36,121] Trial 46 finished with value: 308.1058349609375 and parameters: {'gradient_clip_val': 0.11139478446756959, 'hidden_size': 65, 'dropout': 0.2791611234181786, 'hidden_continuous_size': 12, 'attention_head_size': 3, 'learning_rate': 0.005045334697262015}. Best is trial 43 with value: 283.8242492675781.
LOCAL_RANK: 0 - CUDA_VISIBLE_DEVICES: [0]
[I 2023-11-29 20:50:50,132] Trial 47 finished with value: 403.953857421875 and parameters: {'gradient_clip_val': 0.1704984502453856, 'hidden_size': 42, 'dropout': 0.3866954060040761, 'hidden_continuous_size': 11, 'attention_head_size': 4, 'learning_rate': 0.005434795024723277}. Best is trial 43 with value: 283.8242492675781.
LOCAL_RANK: 0 - CUDA_VISIBLE_DEVICES: [0]
[I 2023-11-29 20:51:03,326] Trial 48 finished with value: 346.740478515625 and parameters: {'gradient_clip_val': 0.20670570136921382, 'hidden_size': 38, 'dropout': 0.36617145890926733, 'hidden_continuous_size': 13, 'attention_head_size': 3, 'learning_rate': 0.006892035516852935}. Best is trial 43 with value: 283.8242492675781.
LOCAL_RANK: 0 - CUDA_VISIBLE_DEVICES: [0]
[I 2023-11-29 20:51:15,824] Trial 49 finished with value: 833.5631713867188 and parameters: {'gradient_clip_val': 0.16213400399482883, 'hidden_size': 18, 'dropout': 0.3854860961614535, 'hidden_continuous_size': 13, 'attention_head_size': 4, 'learning_rate': 0.0033224509910011273}. Best is trial 43 with value: 283.8242492675781.
LOCAL_RANK: 0 - CUDA_VISIBLE_DEVICES: [0]
[I 2023-11-29 20:51:29,000] Trial 50 finished with value: 480.58984375 and parameters: {'gradient_clip_val': 0.14392429351161112, 'hidden_size': 35, 'dropout': 0.32176141192736146, 'hidden_continuous_size': 11, 'attention_head_size': 3, 'learning_rate': 0.004640191517343305}. Best is trial 43 with value: 283.8242492675781.
LOCAL_RANK: 0 - CUDA_VISIBLE_DEVICES: [0]
[I 2023-11-29 20:51:43,404] Trial 51 finished with value: 282.576171875 and parameters: {'gradient_clip_val': 0.11055721647825323, 'hidden_size': 104, 'dropout': 0.3667352272105757, 'hidden_continuous_size': 18, 'attention_head_size': 4, 'learning_rate': 0.005959539826708806}. Best is trial 51 with value: 282.576171875.
LOCAL_RANK: 0 - CUDA_VISIBLE_DEVICES: [0]
[I 2023-11-29 20:51:57,892] Trial 52 finished with value: 309.0774841308594 and parameters: {'gradient_clip_val': 0.1097519435730344, 'hidden_size': 108, 'dropout': 0.3650126228190681, 'hidden_continuous_size': 18, 'attention_head_size': 4, 'learning_rate': 0.008721897146774404}. Best is trial 51 with value: 282.576171875.
LOCAL_RANK: 0 - CUDA_VISIBLE_DEVICES: [0]
[I 2023-11-29 20:52:12,265] Trial 53 finished with value: 289.586181640625 and parameters: {'gradient_clip_val': 0.12784897220027328, 'hidden_size': 85, 'dropout': 0.3502660746252638, 'hidden_continuous_size': 16, 'attention_head_size': 4, 'learning_rate': 0.005416641440387766}. Best is trial 51 with value: 282.576171875.
LOCAL_RANK: 0 - CUDA_VISIBLE_DEVICES: [0]
[I 2023-11-29 20:52:26,235] Trial 54 finished with value: 317.9076232910156 and parameters: {'gradient_clip_val': 0.12570377972680558, 'hidden_size': 83, 'dropout': 0.3859869654071822, 'hidden_continuous_size': 15, 'attention_head_size': 4, 'learning_rate': 0.005695394549051629}. Best is trial 51 with value: 282.576171875.
LOCAL_RANK: 0 - CUDA_VISIBLE_DEVICES: [0]
[I 2023-11-29 20:52:39,904] Trial 55 finished with value: 304.92236328125 and parameters: {'gradient_clip_val': 0.13628366574414602, 'hidden_size': 65, 'dropout': 0.34975318705788094, 'hidden_continuous_size': 17, 'attention_head_size': 3, 'learning_rate': 0.007211639581604111}. Best is trial 51 with value: 282.576171875.
LOCAL_RANK: 0 - CUDA_VISIBLE_DEVICES: [0]
[I 2023-11-29 20:52:53,483] Trial 56 finished with value: 335.1031799316406 and parameters: {'gradient_clip_val': 0.10465513649013085, 'hidden_size': 45, 'dropout': 0.36339508551376365, 'hidden_continuous_size': 16, 'attention_head_size': 3, 'learning_rate': 0.004976867129659934}. Best is trial 51 with value: 282.576171875.
LOCAL_RANK: 0 - CUDA_VISIBLE_DEVICES: [0]
[I 2023-11-29 20:53:07,165] Trial 57 finished with value: 329.3191833496094 and parameters: {'gradient_clip_val': 0.11769014671989454, 'hidden_size': 60, 'dropout': 0.3517504020473887, 'hidden_continuous_size': 14, 'attention_head_size': 4, 'learning_rate': 0.00751811683772931}. Best is trial 51 with value: 282.576171875.
LOCAL_RANK: 0 - CUDA_VISIBLE_DEVICES: [0]
[I 2023-11-29 20:53:21,175] Trial 58 finished with value: 329.67578125 and parameters: {'gradient_clip_val': 0.14492780502156954, 'hidden_size': 50, 'dropout': 0.38921073934821393, 'hidden_continuous_size': 21, 'attention_head_size': 4, 'learning_rate': 0.005803508706031273}. Best is trial 51 with value: 282.576171875.
LOCAL_RANK: 0 - CUDA_VISIBLE_DEVICES: [0]
[I 2023-11-29 20:53:34,185] Trial 59 finished with value: 339.9122009277344 and parameters: {'gradient_clip_val': 0.1287352033794023, 'hidden_size': 30, 'dropout': 0.36553204483797214, 'hidden_continuous_size': 16, 'attention_head_size': 3, 'learning_rate': 0.01182502629390495}. Best is trial 51 with value: 282.576171875.
LOCAL_RANK: 0 - CUDA_VISIBLE_DEVICES: [0]
[I 2023-11-29 20:53:48,312] Trial 60 finished with value: 307.3682556152344 and parameters: {'gradient_clip_val': 0.24306203511117638, 'hidden_size': 69, 'dropout': 0.34507131630396926, 'hidden_continuous_size': 19, 'attention_head_size': 4, 'learning_rate': 0.009630065080126484}. Best is trial 51 with value: 282.576171875.
LOCAL_RANK: 0 - CUDA_VISIBLE_DEVICES: [0]
[I 2023-11-29 20:54:02,550] Trial 61 finished with value: 336.9637451171875 and parameters: {'gradient_clip_val': 0.11393598010600581, 'hidden_size': 81, 'dropout': 0.32837530974539475, 'hidden_continuous_size': 21, 'attention_head_size': 4, 'learning_rate': 0.004359426547343785}. Best is trial 51 with value: 282.576171875.
LOCAL_RANK: 0 - CUDA_VISIBLE_DEVICES: [0]
[I 2023-11-29 20:54:17,215] Trial 62 finished with value: 340.00286865234375 and parameters: {'gradient_clip_val': 0.1011547453556399, 'hidden_size': 109, 'dropout': 0.39970570953851386, 'hidden_continuous_size': 18, 'attention_head_size': 4, 'learning_rate': 0.01605313406158744}. Best is trial 51 with value: 282.576171875.
LOCAL_RANK: 0 - CUDA_VISIBLE_DEVICES: [0]
[I 2023-11-29 20:54:31,087] Trial 63 finished with value: 292.3260803222656 and parameters: {'gradient_clip_val': 0.11982481756036278, 'hidden_size': 92, 'dropout': 0.380682969689033, 'hidden_continuous_size': 15, 'attention_head_size': 4, 'learning_rate': 0.009113914397480426}. Best is trial 51 with value: 282.576171875.
LOCAL_RANK: 0 - CUDA_VISIBLE_DEVICES: [0]
[I 2023-11-29 20:54:45,051] Trial 64 finished with value: 312.4649658203125 and parameters: {'gradient_clip_val': 0.128242352087144, 'hidden_size': 92, 'dropout': 0.37996241923750834, 'hidden_continuous_size': 15, 'attention_head_size': 4, 'learning_rate': 0.00927226756460675}. Best is trial 51 with value: 282.576171875.
LOCAL_RANK: 0 - CUDA_VISIBLE_DEVICES: [0]
[I 2023-11-29 20:54:59,157] Trial 65 finished with value: 332.57354736328125 and parameters: {'gradient_clip_val': 0.1682343243983034, 'hidden_size': 87, 'dropout': 0.38987379459135296, 'hidden_continuous_size': 14, 'attention_head_size': 4, 'learning_rate': 0.012662994295450074}. Best is trial 51 with value: 282.576171875.
LOCAL_RANK: 0 - CUDA_VISIBLE_DEVICES: [0]
[I 2023-11-29 20:55:13,293] Trial 66 finished with value: 294.8302307128906 and parameters: {'gradient_clip_val': 0.14915361841649974, 'hidden_size': 78, 'dropout': 0.3724044147191785, 'hidden_continuous_size': 17, 'attention_head_size': 2, 'learning_rate': 0.00809139851191547}. Best is trial 51 with value: 282.576171875.
LOCAL_RANK: 0 - CUDA_VISIBLE_DEVICES: [0]
[I 2023-11-29 20:55:27,601] Trial 67 finished with value: 306.86578369140625 and parameters: {'gradient_clip_val': 0.1486157281186198, 'hidden_size': 75, 'dropout': 0.35529297195859383, 'hidden_continuous_size': 17, 'attention_head_size': 3, 'learning_rate': 0.007634635519423794}. Best is trial 51 with value: 282.576171875.
LOCAL_RANK: 0 - CUDA_VISIBLE_DEVICES: [0]
[I 2023-11-29 20:55:41,365] Trial 68 finished with value: 305.8216857910156 and parameters: {'gradient_clip_val': 0.12022670031657441, 'hidden_size': 80, 'dropout': 0.3695293146996921, 'hidden_continuous_size': 12, 'attention_head_size': 4, 'learning_rate': 0.010567239176092305}. Best is trial 51 with value: 282.576171875.
LOCAL_RANK: 0 - CUDA_VISIBLE_DEVICES: [0]
[I 2023-11-29 20:55:55,045] Trial 69 finished with value: 350.648681640625 and parameters: {'gradient_clip_val': 0.13827584387626363, 'hidden_size': 69, 'dropout': 0.3732696914931426, 'hidden_continuous_size': 14, 'attention_head_size': 2, 'learning_rate': 0.013661739883553795}. Best is trial 51 with value: 282.576171875.
LOCAL_RANK: 0 - CUDA_VISIBLE_DEVICES: [0]
[I 2023-11-29 20:56:09,172] Trial 70 finished with value: 312.9164733886719 and parameters: {'gradient_clip_val': 0.10703173515677356, 'hidden_size': 89, 'dropout': 0.39321684435678406, 'hidden_continuous_size': 13, 'attention_head_size': 3, 'learning_rate': 0.01916121331974831}. Best is trial 51 with value: 282.576171875.
LOCAL_RANK: 0 - CUDA_VISIBLE_DEVICES: [0]
[I 2023-11-29 20:56:22,949] Trial 71 finished with value: 318.6584167480469 and parameters: {'gradient_clip_val': 0.1197328214091248, 'hidden_size': 59, 'dropout': 0.3826470060466754, 'hidden_continuous_size': 18, 'attention_head_size': 2, 'learning_rate': 0.006449537318481664}. Best is trial 51 with value: 282.576171875.
LOCAL_RANK: 0 - CUDA_VISIBLE_DEVICES: [0]
[I 2023-11-29 20:56:37,056] Trial 72 finished with value: 312.2573547363281 and parameters: {'gradient_clip_val': 0.13248054521534322, 'hidden_size': 70, 'dropout': 0.36130838865924175, 'hidden_continuous_size': 16, 'attention_head_size': 2, 'learning_rate': 0.008255461524702646}. Best is trial 51 with value: 282.576171875.
LOCAL_RANK: 0 - CUDA_VISIBLE_DEVICES: [0]
[I 2023-11-29 20:56:50,895] Trial 73 finished with value: 299.8031311035156 and parameters: {'gradient_clip_val': 0.1553528269280832, 'hidden_size': 78, 'dropout': 0.3822127576295788, 'hidden_continuous_size': 20, 'attention_head_size': 2, 'learning_rate': 0.009545157210766425}. Best is trial 51 with value: 282.576171875.
LOCAL_RANK: 0 - CUDA_VISIBLE_DEVICES: [0]
[I 2023-11-29 20:57:04,980] Trial 74 finished with value: 285.8885192871094 and parameters: {'gradient_clip_val': 0.14138839199336078, 'hidden_size': 89, 'dropout': 0.39397793288623384, 'hidden_continuous_size': 15, 'attention_head_size': 2, 'learning_rate': 0.00709327266109369}. Best is trial 51 with value: 282.576171875.
LOCAL_RANK: 0 - CUDA_VISIBLE_DEVICES: [0]
[I 2023-11-29 20:57:18,955] Trial 75 finished with value: 269.5992736816406 and parameters: {'gradient_clip_val': 0.14112408832619583, 'hidden_size': 100, 'dropout': 0.3939501429685492, 'hidden_continuous_size': 15, 'attention_head_size': 1, 'learning_rate': 0.0054589783742525185}. Best is trial 75 with value: 269.5992736816406.
LOCAL_RANK: 0 - CUDA_VISIBLE_DEVICES: [0]
[I 2023-11-29 20:57:32,957] Trial 76 finished with value: 348.7634582519531 and parameters: {'gradient_clip_val': 0.17312215199483047, 'hidden_size': 97, 'dropout': 0.3921820336002166, 'hidden_continuous_size': 15, 'attention_head_size': 1, 'learning_rate': 0.005290556857181199}. Best is trial 75 with value: 269.5992736816406.
LOCAL_RANK: 0 - CUDA_VISIBLE_DEVICES: [0]
[I 2023-11-29 20:57:46,875] Trial 77 finished with value: 314.8646545410156 and parameters: {'gradient_clip_val': 0.1431946402607122, 'hidden_size': 87, 'dropout': 0.3704324736570981, 'hidden_continuous_size': 17, 'attention_head_size': 1, 'learning_rate': 0.006790649484656964}. Best is trial 75 with value: 269.5992736816406.
LOCAL_RANK: 0 - CUDA_VISIBLE_DEVICES: [0]
[I 2023-11-29 20:58:00,874] Trial 78 finished with value: 333.3233642578125 and parameters: {'gradient_clip_val': 0.15661828019367316, 'hidden_size': 99, 'dropout': 0.37712665261340833, 'hidden_continuous_size': 15, 'attention_head_size': 1, 'learning_rate': 0.006125073778277337}. Best is trial 75 with value: 269.5992736816406.
LOCAL_RANK: 0 - CUDA_VISIBLE_DEVICES: [0]
[I 2023-11-29 20:58:14,870] Trial 79 finished with value: 310.8166809082031 and parameters: {'gradient_clip_val': 0.1496385976431567, 'hidden_size': 90, 'dropout': 0.3567991673236853, 'hidden_continuous_size': 19, 'attention_head_size': 1, 'learning_rate': 0.004656099450628322}. Best is trial 75 with value: 269.5992736816406.
LOCAL_RANK: 0 - CUDA_VISIBLE_DEVICES: [0]
[I 2023-11-29 20:58:28,772] Trial 80 finished with value: 298.5418395996094 and parameters: {'gradient_clip_val': 0.13557478784118285, 'hidden_size': 78, 'dropout': 0.394636990572127, 'hidden_continuous_size': 17, 'attention_head_size': 2, 'learning_rate': 0.00744837221698516}. Best is trial 75 with value: 269.5992736816406.
LOCAL_RANK: 0 - CUDA_VISIBLE_DEVICES: [0]
[I 2023-11-29 20:58:42,801] Trial 81 finished with value: 298.6837463378906 and parameters: {'gradient_clip_val': 0.11716318557557767, 'hidden_size': 83, 'dropout': 0.39130945830686287, 'hidden_continuous_size': 14, 'attention_head_size': 3, 'learning_rate': 0.01105453535434427}. Best is trial 75 with value: 269.5992736816406.
LOCAL_RANK: 0 - CUDA_VISIBLE_DEVICES: [0]
[I 2023-11-29 20:58:57,035] Trial 82 finished with value: 281.19219970703125 and parameters: {'gradient_clip_val': 0.12234905151205493, 'hidden_size': 101, 'dropout': 0.3795950116881785, 'hidden_continuous_size': 13, 'attention_head_size': 4, 'learning_rate': 0.005723772852702992}. Best is trial 75 with value: 269.5992736816406.
LOCAL_RANK: 0 - CUDA_VISIBLE_DEVICES: [0]
[I 2023-11-29 20:59:11,342] Trial 83 finished with value: 314.2200012207031 and parameters: {'gradient_clip_val': 0.12368576333578975, 'hidden_size': 103, 'dropout': 0.37020251852488023, 'hidden_continuous_size': 13, 'attention_head_size': 4, 'learning_rate': 0.00544206277395639}. Best is trial 75 with value: 269.5992736816406.
LOCAL_RANK: 0 - CUDA_VISIBLE_DEVICES: [0]
