[I 2023-11-29 23:10:24,504] Trial 67 finished with value: 4018.375732421875 and parameters: {'gradient_clip_val': 0.5895874154464789, 'hidden_size': 121, 'dropout': 0.1657450695125042, 'hidden_continuous_size': 95, 'attention_head_size': 2, 'learning_rate': 0.014684878363985153}. Best is trial 61 with value: 1662.7503662109375.
LOCAL_RANK: 0 - CUDA_VISIBLE_DEVICES: [0]
[I 2023-11-29 23:10:38,949] Trial 68 finished with value: 3731.249267578125 and parameters: {'gradient_clip_val': 0.41571448320209536, 'hidden_size': 136, 'dropout': 0.1531057994943254, 'hidden_continuous_size': 105, 'attention_head_size': 3, 'learning_rate': 0.016840747650446842}. Best is trial 61 with value: 1662.7503662109375.
LOCAL_RANK: 0 - CUDA_VISIBLE_DEVICES: [0]
[I 2023-11-29 23:10:53,194] Trial 69 finished with value: 3413.16015625 and parameters: {'gradient_clip_val': 0.5120784879580946, 'hidden_size': 103, 'dropout': 0.12359580422230068, 'hidden_continuous_size': 85, 'attention_head_size': 1, 'learning_rate': 0.026323099871025338}. Best is trial 61 with value: 1662.7503662109375.
LOCAL_RANK: 0 - CUDA_VISIBLE_DEVICES: [0]
[I 2023-11-29 23:11:07,214] Trial 70 finished with value: 2706.15380859375 and parameters: {'gradient_clip_val': 0.4739161458744195, 'hidden_size': 96, 'dropout': 0.1406237248134443, 'hidden_continuous_size': 85, 'attention_head_size': 2, 'learning_rate': 0.042420856693762034}. Best is trial 61 with value: 1662.7503662109375.
LOCAL_RANK: 0 - CUDA_VISIBLE_DEVICES: [0]
[I 2023-11-29 23:11:21,309] Trial 71 finished with value: 4641.97509765625 and parameters: {'gradient_clip_val': 0.5639804587057817, 'hidden_size': 78, 'dropout': 0.10908993309213294, 'hidden_continuous_size': 72, 'attention_head_size': 3, 'learning_rate': 0.0197929099422537}. Best is trial 61 with value: 1662.7503662109375.
LOCAL_RANK: 0 - CUDA_VISIBLE_DEVICES: [0]
[I 2023-11-29 23:11:35,709] Trial 72 finished with value: 2247.0400390625 and parameters: {'gradient_clip_val': 0.7363067409048005, 'hidden_size': 122, 'dropout': 0.10075021067316205, 'hidden_continuous_size': 95, 'attention_head_size': 3, 'learning_rate': 0.01721677952957218}. Best is trial 61 with value: 1662.7503662109375.
LOCAL_RANK: 0 - CUDA_VISIBLE_DEVICES: [0]
[I 2023-11-29 23:11:50,253] Trial 73 finished with value: 2400.2099609375 and parameters: {'gradient_clip_val': 0.8236153520217581, 'hidden_size': 140, 'dropout': 0.12007271267765644, 'hidden_continuous_size': 122, 'attention_head_size': 3, 'learning_rate': 0.012308009434249357}. Best is trial 61 with value: 1662.7503662109375.
LOCAL_RANK: 0 - CUDA_VISIBLE_DEVICES: [0]
[I 2023-11-29 23:12:04,512] Trial 74 finished with value: 2784.512939453125 and parameters: {'gradient_clip_val': 0.6310150391568526, 'hidden_size': 113, 'dropout': 0.10896372092312273, 'hidden_continuous_size': 50, 'attention_head_size': 4, 'learning_rate': 0.024461113162311796}. Best is trial 61 with value: 1662.7503662109375.
LOCAL_RANK: 0 - CUDA_VISIBLE_DEVICES: [0]
[I 2023-11-29 23:12:18,450] Trial 75 finished with value: 2486.486083984375 and parameters: {'gradient_clip_val': 0.6845252681158466, 'hidden_size': 71, 'dropout': 0.13385307164814597, 'hidden_continuous_size': 67, 'attention_head_size': 3, 'learning_rate': 0.014079353761470006}. Best is trial 61 with value: 1662.7503662109375.
LOCAL_RANK: 0 - CUDA_VISIBLE_DEVICES: [0]
[I 2023-11-29 23:12:32,679] Trial 76 finished with value: 2637.556884765625 and parameters: {'gradient_clip_val': 0.36394943371201943, 'hidden_size': 89, 'dropout': 0.14619892992025363, 'hidden_continuous_size': 81, 'attention_head_size': 3, 'learning_rate': 0.020979738261406183}. Best is trial 61 with value: 1662.7503662109375.
LOCAL_RANK: 0 - CUDA_VISIBLE_DEVICES: [0]
[I 2023-11-29 23:12:47,021] Trial 77 finished with value: 7696.48291015625 and parameters: {'gradient_clip_val': 0.44366719241974606, 'hidden_size': 127, 'dropout': 0.17572809810454587, 'hidden_continuous_size': 108, 'attention_head_size': 1, 'learning_rate': 0.030702908658864703}. Best is trial 61 with value: 1662.7503662109375.
LOCAL_RANK: 0 - CUDA_VISIBLE_DEVICES: [0]
[I 2023-11-29 23:13:01,404] Trial 78 finished with value: 2232.10546875 and parameters: {'gradient_clip_val': 0.39901701749642254, 'hidden_size': 103, 'dropout': 0.16151021487928074, 'hidden_continuous_size': 91, 'attention_head_size': 2, 'learning_rate': 0.00865830161622668}. Best is trial 61 with value: 1662.7503662109375.
LOCAL_RANK: 0 - CUDA_VISIBLE_DEVICES: [0]
[I 2023-11-29 23:13:15,605] Trial 79 finished with value: 5843.34814453125 and parameters: {'gradient_clip_val': 0.756218383204312, 'hidden_size': 143, 'dropout': 0.11869467354158739, 'hidden_continuous_size': 58, 'attention_head_size': 1, 'learning_rate': 0.015328220107697951}. Best is trial 61 with value: 1662.7503662109375.
LOCAL_RANK: 0 - CUDA_VISIBLE_DEVICES: [0]
[I 2023-11-29 23:13:29,754] Trial 80 finished with value: 4515.14892578125 and parameters: {'gradient_clip_val': 0.6525551889413961, 'hidden_size': 87, 'dropout': 0.22439485212474597, 'hidden_continuous_size': 75, 'attention_head_size': 2, 'learning_rate': 0.011539292208198146}. Best is trial 61 with value: 1662.7503662109375.
LOCAL_RANK: 0 - CUDA_VISIBLE_DEVICES: [0]
[I 2023-11-29 23:13:44,030] Trial 81 finished with value: 3079.528076171875 and parameters: {'gradient_clip_val': 0.5160022180980626, 'hidden_size': 110, 'dropout': 0.13330967879374683, 'hidden_continuous_size': 91, 'attention_head_size': 2, 'learning_rate': 0.023960416430692886}. Best is trial 61 with value: 1662.7503662109375.
LOCAL_RANK: 0 - CUDA_VISIBLE_DEVICES: [0]
[I 2023-11-29 23:13:58,340] Trial 82 finished with value: 1903.2431640625 and parameters: {'gradient_clip_val': 0.5453538867369825, 'hidden_size': 119, 'dropout': 0.1070130008739611, 'hidden_continuous_size': 98, 'attention_head_size': 2, 'learning_rate': 0.02682711839667707}. Best is trial 61 with value: 1662.7503662109375.
LOCAL_RANK: 0 - CUDA_VISIBLE_DEVICES: [0]
[I 2023-11-29 23:14:12,988] Trial 83 finished with value: 2708.925048828125 and parameters: {'gradient_clip_val': 0.5640870665853608, 'hidden_size': 133, 'dropout': 0.10628346238455298, 'hidden_continuous_size': 105, 'attention_head_size': 2, 'learning_rate': 0.019799499346196337}. Best is trial 61 with value: 1662.7503662109375.
LOCAL_RANK: 0 - CUDA_VISIBLE_DEVICES: [0]
[I 2023-11-29 23:14:27,456] Trial 84 finished with value: 4183.92041015625 and parameters: {'gradient_clip_val': 0.48913380788952143, 'hidden_size': 143, 'dropout': 0.10021725665359281, 'hidden_continuous_size': 116, 'attention_head_size': 2, 'learning_rate': 0.02693972856991065}. Best is trial 61 with value: 1662.7503662109375.
LOCAL_RANK: 0 - CUDA_VISIBLE_DEVICES: [0]
[I 2023-11-29 23:14:41,803] Trial 85 finished with value: 3850.522216796875 and parameters: {'gradient_clip_val': 0.5962744555640674, 'hidden_size': 121, 'dropout': 0.12155827087277385, 'hidden_continuous_size': 98, 'attention_head_size': 2, 'learning_rate': 0.017550840792209206}. Best is trial 61 with value: 1662.7503662109375.
LOCAL_RANK: 0 - CUDA_VISIBLE_DEVICES: [0]
[I 2023-11-29 23:14:55,857] Trial 86 finished with value: 3385.920654296875 and parameters: {'gradient_clip_val': 0.39085522835439346, 'hidden_size': 93, 'dropout': 0.11123237926111382, 'hidden_continuous_size': 85, 'attention_head_size': 1, 'learning_rate': 0.022283878978780272}. Best is trial 61 with value: 1662.7503662109375.
LOCAL_RANK: 0 - CUDA_VISIBLE_DEVICES: [0]
[I 2023-11-29 23:15:10,284] Trial 87 finished with value: 3200.834228515625 and parameters: {'gradient_clip_val': 0.7153227769814375, 'hidden_size': 117, 'dropout': 0.14968938276836308, 'hidden_continuous_size': 106, 'attention_head_size': 3, 'learning_rate': 0.01569821440548442}. Best is trial 61 with value: 1662.7503662109375.
LOCAL_RANK: 0 - CUDA_VISIBLE_DEVICES: [0]
[I 2023-11-29 23:15:24,498] Trial 88 finished with value: 2899.012939453125 and parameters: {'gradient_clip_val': 0.42493769997916536, 'hidden_size': 101, 'dropout': 0.12833170652714368, 'hidden_continuous_size': 94, 'attention_head_size': 1, 'learning_rate': 0.027199905274340283}. Best is trial 61 with value: 1662.7503662109375.
LOCAL_RANK: 0 - CUDA_VISIBLE_DEVICES: [0]
[I 2023-11-29 23:15:38,969] Trial 89 finished with value: 3589.090576171875 and parameters: {'gradient_clip_val': 0.6254011572110652, 'hidden_size': 129, 'dropout': 0.14020139919571986, 'hidden_continuous_size': 113, 'attention_head_size': 2, 'learning_rate': 0.012979336906158575}. Best is trial 61 with value: 1662.7503662109375.
LOCAL_RANK: 0 - CUDA_VISIBLE_DEVICES: [0]
[I 2023-11-29 23:15:53,707] Trial 90 finished with value: 2690.458251953125 and parameters: {'gradient_clip_val': 0.686255528434396, 'hidden_size': 139, 'dropout': 0.10731495634687, 'hidden_continuous_size': 128, 'attention_head_size': 3, 'learning_rate': 0.030832329653399076}. Best is trial 61 with value: 1662.7503662109375.
LOCAL_RANK: 0 - CUDA_VISIBLE_DEVICES: [0]
[I 2023-11-29 23:16:07,947] Trial 91 finished with value: 2811.608642578125 and parameters: {'gradient_clip_val': 0.549746707066582, 'hidden_size': 108, 'dropout': 0.13685874241045384, 'hidden_continuous_size': 98, 'attention_head_size': 2, 'learning_rate': 0.02288970135911887}. Best is trial 61 with value: 1662.7503662109375.
LOCAL_RANK: 0 - CUDA_VISIBLE_DEVICES: [0]
[I 2023-11-29 23:16:22,534] Trial 92 finished with value: 3491.5341796875 and parameters: {'gradient_clip_val': 0.5183708941779177, 'hidden_size': 149, 'dropout': 0.11803535018024143, 'hidden_continuous_size': 89, 'attention_head_size': 2, 'learning_rate': 0.018483050022523536}. Best is trial 61 with value: 1662.7503662109375.
LOCAL_RANK: 0 - CUDA_VISIBLE_DEVICES: [0]
[I 2023-11-29 23:16:37,014] Trial 93 finished with value: 4617.02783203125 and parameters: {'gradient_clip_val': 0.46134805878170315, 'hidden_size': 114, 'dropout': 0.1697278034983475, 'hidden_continuous_size': 101, 'attention_head_size': 2, 'learning_rate': 0.03364255620191196}. Best is trial 61 with value: 1662.7503662109375.
LOCAL_RANK: 0 - CUDA_VISIBLE_DEVICES: [0]
[I 2023-11-29 23:16:51,225] Trial 94 finished with value: 2043.9244384765625 and parameters: {'gradient_clip_val': 0.5365821427806362, 'hidden_size': 98, 'dropout': 0.1311744338253463, 'hidden_continuous_size': 79, 'attention_head_size': 2, 'learning_rate': 0.02035094226659416}. Best is trial 61 with value: 1662.7503662109375.
LOCAL_RANK: 0 - CUDA_VISIBLE_DEVICES: [0]
[I 2023-11-29 23:17:05,396] Trial 95 finished with value: 2491.546630859375 and parameters: {'gradient_clip_val': 0.3180936273745406, 'hidden_size': 125, 'dropout': 0.15561689271520568, 'hidden_continuous_size': 63, 'attention_head_size': 2, 'learning_rate': 0.01574997696557451}. Best is trial 61 with value: 1662.7503662109375.
LOCAL_RANK: 0 - CUDA_VISIBLE_DEVICES: [0]
[I 2023-11-29 23:17:19,517] Trial 96 finished with value: 4066.953125 and parameters: {'gradient_clip_val': 0.5886822294542667, 'hidden_size': 99, 'dropout': 0.12661226436101017, 'hidden_continuous_size': 82, 'attention_head_size': 1, 'learning_rate': 0.021369637358873966}. Best is trial 61 with value: 1662.7503662109375.
LOCAL_RANK: 0 - CUDA_VISIBLE_DEVICES: [0]
[I 2023-11-29 23:17:33,521] Trial 97 finished with value: 2692.419677734375 and parameters: {'gradient_clip_val': 0.6509583555078848, 'hidden_size': 84, 'dropout': 0.11339135675756865, 'hidden_continuous_size': 78, 'attention_head_size': 2, 'learning_rate': 0.01961820819532492}. Best is trial 61 with value: 1662.7503662109375.
LOCAL_RANK: 0 - CUDA_VISIBLE_DEVICES: [0]
[I 2023-11-29 23:17:48,231] Trial 98 finished with value: 3496.455078125 and parameters: {'gradient_clip_val': 0.4914498769035617, 'hidden_size': 134, 'dropout': 0.14773361293606407, 'hidden_continuous_size': 117, 'attention_head_size': 2, 'learning_rate': 0.025547810696215884}. Best is trial 61 with value: 1662.7503662109375.
LOCAL_RANK: 0 - CUDA_VISIBLE_DEVICES: [0]
[I 2023-11-29 23:18:02,329] Trial 99 finished with value: 4953.99072265625 and parameters: {'gradient_clip_val': 0.35098107020916525, 'hidden_size': 94, 'dropout': 0.10647923667931401, 'hidden_continuous_size': 88, 'attention_head_size': 1, 'learning_rate': 0.010744787409604387}. Best is trial 61 with value: 1662.7503662109375.
LOCAL_RANK: 0 - CUDA_VISIBLE_DEVICES: [0]
[I 2023-11-29 23:18:16,902] Trial 100 finished with value: 3786.788818359375 and parameters: {'gradient_clip_val': 0.3812263458009352, 'hidden_size': 118, 'dropout': 0.12421416394293071, 'hidden_continuous_size': 109, 'attention_head_size': 4, 'learning_rate': 0.013845651117590249}. Best is trial 61 with value: 1662.7503662109375.
LOCAL_RANK: 0 - CUDA_VISIBLE_DEVICES: [0]
[I 2023-11-29 23:18:31,188] Trial 101 finished with value: 2846.51171875 and parameters: {'gradient_clip_val': 0.5528677622346906, 'hidden_size': 106, 'dropout': 0.13583706866489095, 'hidden_continuous_size': 94, 'attention_head_size': 2, 'learning_rate': 0.02432879609423146}. Best is trial 61 with value: 1662.7503662109375.
LOCAL_RANK: 0 - CUDA_VISIBLE_DEVICES: [0]
[I 2023-11-29 23:18:45,481] Trial 102 finished with value: 1801.82373046875 and parameters: {'gradient_clip_val': 0.5324476702318633, 'hidden_size': 109, 'dropout': 0.1323431896263365, 'hidden_continuous_size': 100, 'attention_head_size': 2, 'learning_rate': 0.02126614089054489}. Best is trial 61 with value: 1662.7503662109375.
LOCAL_RANK: 0 - CUDA_VISIBLE_DEVICES: [0]
[I 2023-11-29 23:19:00,028] Trial 103 finished with value: 6436.70556640625 and parameters: {'gradient_clip_val': 0.578936176059666, 'hidden_size': 144, 'dropout': 0.11490153830508124, 'hidden_continuous_size': 74, 'attention_head_size': 2, 'learning_rate': 0.017341153228411028}. Best is trial 61 with value: 1662.7503662109375.
LOCAL_RANK: 0 - CUDA_VISIBLE_DEVICES: [0]
[I 2023-11-29 23:19:14,313] Trial 104 finished with value: 1932.5042724609375 and parameters: {'gradient_clip_val': 0.5364673463368456, 'hidden_size': 126, 'dropout': 0.1417634060616897, 'hidden_continuous_size': 67, 'attention_head_size': 2, 'learning_rate': 0.02152037071176715}. Best is trial 61 with value: 1662.7503662109375.
LOCAL_RANK: 0 - CUDA_VISIBLE_DEVICES: [0]
[I 2023-11-29 23:19:28,561] Trial 105 finished with value: 2243.179443359375 and parameters: {'gradient_clip_val': 0.5352496745464207, 'hidden_size': 127, 'dropout': 0.15928921735660573, 'hidden_continuous_size': 68, 'attention_head_size': 2, 'learning_rate': 0.021029535841079628}. Best is trial 61 with value: 1662.7503662109375.
LOCAL_RANK: 0 - CUDA_VISIBLE_DEVICES: [0]
[I 2023-11-29 23:19:43,421] Trial 106 finished with value: 2021.34033203125 and parameters: {'gradient_clip_val': 0.6208681680081389, 'hidden_size': 150, 'dropout': 0.14308586911314955, 'hidden_continuous_size': 138, 'attention_head_size': 2, 'learning_rate': 0.02915887313269714}. Best is trial 61 with value: 1662.7503662109375.
LOCAL_RANK: 0 - CUDA_VISIBLE_DEVICES: [0]
[I 2023-11-29 23:19:58,086] Trial 107 finished with value: 3825.4140625 and parameters: {'gradient_clip_val': 0.6218163115043351, 'hidden_size': 135, 'dropout': 0.1312636019608503, 'hidden_continuous_size': 121, 'attention_head_size': 2, 'learning_rate': 0.027942580262880004}. Best is trial 61 with value: 1662.7503662109375.
LOCAL_RANK: 0 - CUDA_VISIBLE_DEVICES: [0]
[I 2023-11-29 23:20:12,377] Trial 108 finished with value: 2441.080322265625 and parameters: {'gradient_clip_val': 0.5759974810220123, 'hidden_size': 118, 'dropout': 0.14463931783316364, 'hidden_continuous_size': 73, 'attention_head_size': 2, 'learning_rate': 0.018534587220790745}. Best is trial 61 with value: 1662.7503662109375.
LOCAL_RANK: 0 - CUDA_VISIBLE_DEVICES: [0]
[I 2023-11-29 23:20:26,801] Trial 109 finished with value: 2342.971923828125 and parameters: {'gradient_clip_val': 0.52864510255387, 'hidden_size': 126, 'dropout': 0.14065075412638228, 'hidden_continuous_size': 111, 'attention_head_size': 2, 'learning_rate': 0.03737025293269718}. Best is trial 61 with value: 1662.7503662109375.
LOCAL_RANK: 0 - CUDA_VISIBLE_DEVICES: [0]
[I 2023-11-29 23:20:41,009] Trial 110 finished with value: 2084.0869140625 and parameters: {'gradient_clip_val': 0.5006780941269189, 'hidden_size': 112, 'dropout': 0.1522163335098005, 'hidden_continuous_size': 101, 'attention_head_size': 2, 'learning_rate': 0.03158589882275731}. Best is trial 61 with value: 1662.7503662109375.
LOCAL_RANK: 0 - CUDA_VISIBLE_DEVICES: [0]
[I 2023-11-29 23:20:55,816] Trial 111 finished with value: 3254.075927734375 and parameters: {'gradient_clip_val': 0.4567167183329275, 'hidden_size': 143, 'dropout': 0.16543813034761676, 'hidden_continuous_size': 137, 'attention_head_size': 2, 'learning_rate': 0.02142946268761179}. Best is trial 61 with value: 1662.7503662109375.
LOCAL_RANK: 0 - CUDA_VISIBLE_DEVICES: [0]
[I 2023-11-29 23:21:10,606] Trial 112 finished with value: 3408.666015625 and parameters: {'gradient_clip_val': 0.6091090431544854, 'hidden_size': 148, 'dropout': 0.17448096942219193, 'hidden_continuous_size': 146, 'attention_head_size': 2, 'learning_rate': 0.028329141470954156}. Best is trial 61 with value: 1662.7503662109375.
LOCAL_RANK: 0 - CUDA_VISIBLE_DEVICES: [0]
[I 2023-11-29 23:21:25,411] Trial 113 finished with value: 6336.359375 and parameters: {'gradient_clip_val': 0.5512427703398611, 'hidden_size': 133, 'dropout': 0.12168875090383785, 'hidden_continuous_size': 128, 'attention_head_size': 2, 'learning_rate': 0.02427162115457904}. Best is trial 61 with value: 1662.7503662109375.
LOCAL_RANK: 0 - CUDA_VISIBLE_DEVICES: [0]
[I 2023-11-29 23:21:40,114] Trial 114 finished with value: 2473.640380859375 and parameters: {'gradient_clip_val': 0.33591791265143434, 'hidden_size': 141, 'dropout': 0.1314314075116757, 'hidden_continuous_size': 127, 'attention_head_size': 2, 'learning_rate': 0.019934951074377222}. Best is trial 61 with value: 1662.7503662109375.
LOCAL_RANK: 0 - CUDA_VISIBLE_DEVICES: [0]
[I 2023-11-29 23:21:54,998] Trial 115 finished with value: 2131.281982421875 and parameters: {'gradient_clip_val': 0.6467875598398283, 'hidden_size': 150, 'dropout': 0.18108543247436573, 'hidden_continuous_size': 147, 'attention_head_size': 2, 'learning_rate': 0.016159705805748208}. Best is trial 61 with value: 1662.7503662109375.
LOCAL_RANK: 0 - CUDA_VISIBLE_DEVICES: [0]
[I 2023-11-29 23:22:09,437] Trial 116 finished with value: 4755.15185546875 and parameters: {'gradient_clip_val': 0.48739817455503553, 'hidden_size': 121, 'dropout': 0.14872598777648016, 'hidden_continuous_size': 113, 'attention_head_size': 2, 'learning_rate': 0.014674336572772782}. Best is trial 61 with value: 1662.7503662109375.
LOCAL_RANK: 0 - CUDA_VISIBLE_DEVICES: [0]
[I 2023-11-29 23:22:23,783] Trial 117 finished with value: 2695.275390625 and parameters: {'gradient_clip_val': 0.42627630342340894, 'hidden_size': 131, 'dropout': 0.15729285817141672, 'hidden_continuous_size': 80, 'attention_head_size': 1, 'learning_rate': 0.025980977650742147}. Best is trial 61 with value: 1662.7503662109375.
LOCAL_RANK: 0 - CUDA_VISIBLE_DEVICES: [0]
[I 2023-11-29 23:22:38,318] Trial 118 finished with value: 4931.80810546875 and parameters: {'gradient_clip_val': 0.5222955245340987, 'hidden_size': 103, 'dropout': 0.19044900849222596, 'hidden_continuous_size': 97, 'attention_head_size': 2, 'learning_rate': 0.022748250288693372}. Best is trial 61 with value: 1662.7503662109375.
LOCAL_RANK: 0 - CUDA_VISIBLE_DEVICES: [0]
[I 2023-11-29 23:22:52,315] Trial 119 finished with value: 2085.666259765625 and parameters: {'gradient_clip_val': 0.5970757273105618, 'hidden_size': 112, 'dropout': 0.14095279814829115, 'hidden_continuous_size': 105, 'attention_head_size': 1, 'learning_rate': 0.018237686787997955}. Best is trial 61 with value: 1662.7503662109375.
LOCAL_RANK: 0 - CUDA_VISIBLE_DEVICES: [0]
[I 2023-11-29 23:23:06,864] Trial 120 finished with value: 2174.280029296875 and parameters: {'gradient_clip_val': 0.6889014246543924, 'hidden_size': 137, 'dropout': 0.16905496565011519, 'hidden_continuous_size': 117, 'attention_head_size': 2, 'learning_rate': 0.03362908269127263}. Best is trial 61 with value: 1662.7503662109375.
LOCAL_RANK: 0 - CUDA_VISIBLE_DEVICES: [0]
[I 2023-11-29 23:23:21,206] Trial 121 finished with value: 2250.5419921875 and parameters: {'gradient_clip_val': 0.773193699639805, 'hidden_size': 123, 'dropout': 0.11518554893417542, 'hidden_continuous_size': 70, 'attention_head_size': 3, 'learning_rate': 0.01633039596977642}. Best is trial 61 with value: 1662.7503662109375.
LOCAL_RANK: 0 - CUDA_VISIBLE_DEVICES: [0]
[I 2023-11-29 23:23:35,426] Trial 122 finished with value: 3447.675048828125 and parameters: {'gradient_clip_val': 0.7104579133654831, 'hidden_size': 97, 'dropout': 0.10506762450419566, 'hidden_continuous_size': 91, 'attention_head_size': 3, 'learning_rate': 0.013288469287703027}. Best is trial 61 with value: 1662.7503662109375.
LOCAL_RANK: 0 - CUDA_VISIBLE_DEVICES: [0]
[I 2023-11-29 23:23:49,594] Trial 123 finished with value: 2912.379150390625 and parameters: {'gradient_clip_val': 0.8326253753010778, 'hidden_size': 93, 'dropout': 0.12486985109302923, 'hidden_continuous_size': 86, 'attention_head_size': 2, 'learning_rate': 0.02009462550158223}. Best is trial 61 with value: 1662.7503662109375.
LOCAL_RANK: 0 - CUDA_VISIBLE_DEVICES: [0]
[I 2023-11-29 23:24:03,718] Trial 124 finished with value: 2574.530517578125 and parameters: {'gradient_clip_val': 0.9588604114515563, 'hidden_size': 90, 'dropout': 0.11032358440963794, 'hidden_continuous_size': 84, 'attention_head_size': 3, 'learning_rate': 0.012074810615388286}. Best is trial 61 with value: 1662.7503662109375.
LOCAL_RANK: 0 - CUDA_VISIBLE_DEVICES: [0]
[I 2023-11-29 23:24:18,049] Trial 125 finished with value: 2008.7603759765625 and parameters: {'gradient_clip_val': 0.36719497235239296, 'hidden_size': 110, 'dropout': 0.11991044679244989, 'hidden_continuous_size': 104, 'attention_head_size': 2, 'learning_rate': 0.01787854931979988}. Best is trial 61 with value: 1662.7503662109375.
LOCAL_RANK: 0 - CUDA_VISIBLE_DEVICES: [0]
