[I 2023-11-29 21:12:28,528] Trial 141 finished with value: 8.564929962158203 and parameters: {'gradient_clip_val': 0.40541765392360185, 'hidden_size': 58, 'dropout': 0.16883707380857044, 'hidden_continuous_size': 29, 'attention_head_size': 2, 'learning_rate': 0.0036105552839856897}. Best is trial 132 with value: 7.151064395904541.
LOCAL_RANK: 0 - CUDA_VISIBLE_DEVICES: [0]
[I 2023-11-29 21:12:42,433] Trial 142 finished with value: 11.750773429870605 and parameters: {'gradient_clip_val': 0.3697189821454566, 'hidden_size': 62, 'dropout': 0.17660242543411883, 'hidden_continuous_size': 26, 'attention_head_size': 2, 'learning_rate': 0.003012327059115265}. Best is trial 132 with value: 7.151064395904541.
LOCAL_RANK: 0 - CUDA_VISIBLE_DEVICES: [0]
[I 2023-11-29 21:12:56,221] Trial 143 finished with value: 9.839885711669922 and parameters: {'gradient_clip_val': 0.3494035072370406, 'hidden_size': 55, 'dropout': 0.16127106005660183, 'hidden_continuous_size': 30, 'attention_head_size': 2, 'learning_rate': 0.0033664107780632456}. Best is trial 132 with value: 7.151064395904541.
LOCAL_RANK: 0 - CUDA_VISIBLE_DEVICES: [0]
[I 2023-11-29 21:13:10,240] Trial 144 finished with value: 9.07557487487793 and parameters: {'gradient_clip_val': 0.3175261184469617, 'hidden_size': 65, 'dropout': 0.1825762263844869, 'hidden_continuous_size': 25, 'attention_head_size': 2, 'learning_rate': 0.004738310817789873}. Best is trial 132 with value: 7.151064395904541.
LOCAL_RANK: 0 - CUDA_VISIBLE_DEVICES: [0]
[I 2023-11-29 21:13:24,421] Trial 145 finished with value: 10.640143394470215 and parameters: {'gradient_clip_val': 0.42640724376953515, 'hidden_size': 85, 'dropout': 0.1699485592399791, 'hidden_continuous_size': 34, 'attention_head_size': 2, 'learning_rate': 0.002233052916546516}. Best is trial 132 with value: 7.151064395904541.
LOCAL_RANK: 0 - CUDA_VISIBLE_DEVICES: [0]
[I 2023-11-29 21:13:38,404] Trial 146 finished with value: 12.39581298828125 and parameters: {'gradient_clip_val': 0.39807218786824644, 'hidden_size': 78, 'dropout': 0.15541046910301187, 'hidden_continuous_size': 27, 'attention_head_size': 2, 'learning_rate': 0.005623743759883737}. Best is trial 132 with value: 7.151064395904541.
LOCAL_RANK: 0 - CUDA_VISIBLE_DEVICES: [0]
[I 2023-11-29 21:13:52,277] Trial 147 finished with value: 9.791376113891602 and parameters: {'gradient_clip_val': 0.2995342643415893, 'hidden_size': 59, 'dropout': 0.14267061195876685, 'hidden_continuous_size': 31, 'attention_head_size': 2, 'learning_rate': 0.004054610603312782}. Best is trial 132 with value: 7.151064395904541.
LOCAL_RANK: 0 - CUDA_VISIBLE_DEVICES: [0]
[I 2023-11-29 21:14:06,586] Trial 148 finished with value: 13.045783042907715 and parameters: {'gradient_clip_val': 0.3686350122065001, 'hidden_size': 90, 'dropout': 0.16478307515779736, 'hidden_continuous_size': 36, 'attention_head_size': 2, 'learning_rate': 0.00747450406167263}. Best is trial 132 with value: 7.151064395904541.
LOCAL_RANK: 0 - CUDA_VISIBLE_DEVICES: [0]
[I 2023-11-29 21:14:20,235] Trial 149 finished with value: 10.920509338378906 and parameters: {'gradient_clip_val': 0.3372257164291484, 'hidden_size': 55, 'dropout': 0.1906748875940335, 'hidden_continuous_size': 24, 'attention_head_size': 2, 'learning_rate': 0.004375037967088473}. Best is trial 132 with value: 7.151064395904541.
[I 2023-11-29 21:14:20,363] A new study created in memory with name: no-name-b9668879-3a5d-4249-a8ed-fd8f2c9a363d
/home/le004/conda/anaconda3/envs/tsff_env/lib/python3.9/site-packages/lightning/fabric/plugins/environments/slurm.py:191: The `srun` command is available on your system but is not used. HINT: If your intention is to run Lightning on SLURM, prepend your python command with `srun` like so: srun python /home/le004/master_thesis/git/TSFusionForecast/code/ ...
LOCAL_RANK: 0 - CUDA_VISIBLE_DEVICES: [0]
[I 2023-11-29 21:14:35,255] Trial 0 finished with value: 87.83687591552734 and parameters: {'gradient_clip_val': 0.5113297134492433, 'hidden_size': 142, 'dropout': 0.11217667263354167, 'hidden_continuous_size': 47, 'attention_head_size': 3, 'learning_rate': 0.004173764425502852}. Best is trial 0 with value: 87.83687591552734.
LOCAL_RANK: 0 - CUDA_VISIBLE_DEVICES: [0]
[I 2023-11-29 21:14:46,116] Trial 1 finished with value: 167.5467071533203 and parameters: {'gradient_clip_val': 0.2119966792292186, 'hidden_size': 10, 'dropout': 0.23185712333930272, 'hidden_continuous_size': 10, 'attention_head_size': 3, 'learning_rate': 0.0046327083382983695}. Best is trial 0 with value: 87.83687591552734.
LOCAL_RANK: 0 - CUDA_VISIBLE_DEVICES: [0]
[I 2023-11-29 21:15:00,220] Trial 2 finished with value: 81.22100830078125 and parameters: {'gradient_clip_val': 0.5075674012297918, 'hidden_size': 98, 'dropout': 0.2825585707999879, 'hidden_continuous_size': 17, 'attention_head_size': 2, 'learning_rate': 0.038207386256010174}. Best is trial 2 with value: 81.22100830078125.
LOCAL_RANK: 0 - CUDA_VISIBLE_DEVICES: [0]
[I 2023-11-29 21:15:13,383] Trial 3 finished with value: 104.82540893554688 and parameters: {'gradient_clip_val': 0.12186185041260816, 'hidden_size': 41, 'dropout': 0.32956675906445365, 'hidden_continuous_size': 15, 'attention_head_size': 1, 'learning_rate': 0.0022100574955621617}. Best is trial 2 with value: 81.22100830078125.
LOCAL_RANK: 0 - CUDA_VISIBLE_DEVICES: [0]
[I 2023-11-29 21:15:27,107] Trial 4 finished with value: 80.55630493164062 and parameters: {'gradient_clip_val': 0.29252938430499914, 'hidden_size': 73, 'dropout': 0.24968230884136614, 'hidden_continuous_size': 12, 'attention_head_size': 2, 'learning_rate': 0.06245706354779268}. Best is trial 4 with value: 80.55630493164062.
LOCAL_RANK: 0 - CUDA_VISIBLE_DEVICES: [0]
[I 2023-11-29 21:15:40,351] Trial 5 finished with value: 92.24166107177734 and parameters: {'gradient_clip_val': 0.25724496927433027, 'hidden_size': 48, 'dropout': 0.1970782353853657, 'hidden_continuous_size': 14, 'attention_head_size': 1, 'learning_rate': 0.008780706904287752}. Best is trial 4 with value: 80.55630493164062.
LOCAL_RANK: 0 - CUDA_VISIBLE_DEVICES: [0]
[I 2023-11-29 21:15:51,195] Trial 6 finished with value: 115.5440902709961 and parameters: {'gradient_clip_val': 0.20076345500456833, 'hidden_size': 11, 'dropout': 0.38038781539285127, 'hidden_continuous_size': 11, 'attention_head_size': 3, 'learning_rate': 0.01066729600423688}. Best is trial 4 with value: 80.55630493164062.
LOCAL_RANK: 0 - CUDA_VISIBLE_DEVICES: [0]
[I 2023-11-29 21:16:04,215] Trial 7 finished with value: 206.1597900390625 and parameters: {'gradient_clip_val': 0.3640522187985461, 'hidden_size': 25, 'dropout': 0.23359849739241595, 'hidden_continuous_size': 18, 'attention_head_size': 3, 'learning_rate': 0.0020984949971467894}. Best is trial 4 with value: 80.55630493164062.
LOCAL_RANK: 0 - CUDA_VISIBLE_DEVICES: [0]
[I 2023-11-29 21:16:18,687] Trial 8 finished with value: 82.2674331665039 and parameters: {'gradient_clip_val': 0.43176199960893996, 'hidden_size': 75, 'dropout': 0.1556682409655382, 'hidden_continuous_size': 52, 'attention_head_size': 4, 'learning_rate': 0.01161728314008036}. Best is trial 4 with value: 80.55630493164062.
LOCAL_RANK: 0 - CUDA_VISIBLE_DEVICES: [0]
[I 2023-11-29 21:16:29,295] Trial 9 finished with value: 202.0014190673828 and parameters: {'gradient_clip_val': 0.16649211413584555, 'hidden_size': 12, 'dropout': 0.3002680447173645, 'hidden_continuous_size': 12, 'attention_head_size': 2, 'learning_rate': 0.0024880760539190143}. Best is trial 4 with value: 80.55630493164062.
LOCAL_RANK: 0 - CUDA_VISIBLE_DEVICES: [0]
[I 2023-11-29 21:16:43,665] Trial 10 finished with value: 87.73504638671875 and parameters: {'gradient_clip_val': 0.8824986557822986, 'hidden_size': 74, 'dropout': 0.19108743522356458, 'hidden_continuous_size': 26, 'attention_head_size': 4, 'learning_rate': 0.07606207900651053}. Best is trial 4 with value: 80.55630493164062.
LOCAL_RANK: 0 - CUDA_VISIBLE_DEVICES: [0]
[I 2023-11-29 21:16:58,575] Trial 11 finished with value: 79.30477905273438 and parameters: {'gradient_clip_val': 0.5928431586351554, 'hidden_size': 136, 'dropout': 0.2845384570924401, 'hidden_continuous_size': 106, 'attention_head_size': 2, 'learning_rate': 0.06634850278231857}. Best is trial 11 with value: 79.30477905273438.
LOCAL_RANK: 0 - CUDA_VISIBLE_DEVICES: [0]
[I 2023-11-29 21:17:13,698] Trial 12 finished with value: 84.6231918334961 and parameters: {'gradient_clip_val': 0.32212209677359716, 'hidden_size': 135, 'dropout': 0.26500297057664923, 'hidden_continuous_size': 109, 'attention_head_size': 2, 'learning_rate': 0.08260491232040382}. Best is trial 11 with value: 79.30477905273438.
LOCAL_RANK: 0 - CUDA_VISIBLE_DEVICES: [0]
[I 2023-11-29 21:17:27,745] Trial 13 finished with value: 80.10478973388672 and parameters: {'gradient_clip_val': 0.718319043934157, 'hidden_size': 100, 'dropout': 0.32624444733702884, 'hidden_continuous_size': 24, 'attention_head_size': 1, 'learning_rate': 0.03328325050866182}. Best is trial 11 with value: 79.30477905273438.
LOCAL_RANK: 0 - CUDA_VISIBLE_DEVICES: [0]
[I 2023-11-29 21:17:43,432] Trial 14 finished with value: 76.66063690185547 and parameters: {'gradient_clip_val': 0.8304210556246363, 'hidden_size': 149, 'dropout': 0.33571963556865725, 'hidden_continuous_size': 139, 'attention_head_size': 1, 'learning_rate': 0.033592210903021606}. Best is trial 14 with value: 76.66063690185547.
LOCAL_RANK: 0 - CUDA_VISIBLE_DEVICES: [0]
[I 2023-11-29 21:17:58,795] Trial 15 finished with value: 87.34982299804688 and parameters: {'gradient_clip_val': 0.9907693677174327, 'hidden_size': 150, 'dropout': 0.3739276360235591, 'hidden_continuous_size': 144, 'attention_head_size': 1, 'learning_rate': 0.03029057799086172}. Best is trial 14 with value: 76.66063690185547.
LOCAL_RANK: 0 - CUDA_VISIBLE_DEVICES: [0]
[I 2023-11-29 21:18:12,572] Trial 16 finished with value: 78.41044616699219 and parameters: {'gradient_clip_val': 0.664195699312281, 'hidden_size': 52, 'dropout': 0.3409279493525955, 'hidden_continuous_size': 46, 'attention_head_size': 1, 'learning_rate': 0.09828983063121259}. Best is trial 14 with value: 76.66063690185547.
LOCAL_RANK: 0 - CUDA_VISIBLE_DEVICES: [0]
[I 2023-11-29 21:18:25,215] Trial 17 finished with value: 91.659912109375 and parameters: {'gradient_clip_val': 0.7209570918152517, 'hidden_size': 27, 'dropout': 0.34328884949535604, 'hidden_continuous_size': 10, 'attention_head_size': 1, 'learning_rate': 0.020776588148618595}. Best is trial 14 with value: 76.66063690185547.
LOCAL_RANK: 0 - CUDA_VISIBLE_DEVICES: [0]
[I 2023-11-29 21:18:39,030] Trial 18 finished with value: 90.77515411376953 and parameters: {'gradient_clip_val': 0.7264649461043224, 'hidden_size': 59, 'dropout': 0.3964062936869679, 'hidden_continuous_size': 33, 'attention_head_size': 1, 'learning_rate': 0.09710639746804932}. Best is trial 14 with value: 76.66063690185547.
LOCAL_RANK: 0 - CUDA_VISIBLE_DEVICES: [0]
[I 2023-11-29 21:18:52,344] Trial 19 finished with value: 171.2136993408203 and parameters: {'gradient_clip_val': 0.9768771209036554, 'hidden_size': 47, 'dropout': 0.3527937684068366, 'hidden_continuous_size': 21, 'attention_head_size': 1, 'learning_rate': 0.0010713592628500415}. Best is trial 14 with value: 76.66063690185547.
LOCAL_RANK: 0 - CUDA_VISIBLE_DEVICES: [0]
[I 2023-11-29 21:19:05,428] Trial 20 finished with value: 86.22528076171875 and parameters: {'gradient_clip_val': 0.3979105809066567, 'hidden_size': 29, 'dropout': 0.3103095376105026, 'hidden_continuous_size': 14, 'attention_head_size': 2, 'learning_rate': 0.05123779121179933}. Best is trial 14 with value: 76.66063690185547.
LOCAL_RANK: 0 - CUDA_VISIBLE_DEVICES: [0]
[I 2023-11-29 21:19:20,100] Trial 21 finished with value: 78.29876708984375 and parameters: {'gradient_clip_val': 0.5599863343732145, 'hidden_size': 108, 'dropout': 0.29632876399283714, 'hidden_continuous_size': 79, 'attention_head_size': 2, 'learning_rate': 0.05136194363645362}. Best is trial 14 with value: 76.66063690185547.
LOCAL_RANK: 0 - CUDA_VISIBLE_DEVICES: [0]
[I 2023-11-29 21:19:34,773] Trial 22 finished with value: 80.81067657470703 and parameters: {'gradient_clip_val': 0.6032108618948989, 'hidden_size': 107, 'dropout': 0.34565591499115605, 'hidden_continuous_size': 70, 'attention_head_size': 1, 'learning_rate': 0.04610016047706053}. Best is trial 14 with value: 76.66063690185547.
LOCAL_RANK: 0 - CUDA_VISIBLE_DEVICES: [0]
[I 2023-11-29 21:19:49,254] Trial 23 finished with value: 84.5485610961914 and parameters: {'gradient_clip_val': 0.8183143691136893, 'hidden_size': 112, 'dropout': 0.3148986541297627, 'hidden_continuous_size': 68, 'attention_head_size': 2, 'learning_rate': 0.09101628596648505}. Best is trial 14 with value: 76.66063690185547.
LOCAL_RANK: 0 - CUDA_VISIBLE_DEVICES: [0]
[I 2023-11-29 21:20:03,399] Trial 24 finished with value: 81.14488983154297 and parameters: {'gradient_clip_val': 0.591026839603178, 'hidden_size': 88, 'dropout': 0.36227158062116593, 'hidden_continuous_size': 35, 'attention_head_size': 1, 'learning_rate': 0.024365684939309712}. Best is trial 14 with value: 76.66063690185547.
LOCAL_RANK: 0 - CUDA_VISIBLE_DEVICES: [0]
[I 2023-11-29 21:20:18,422] Trial 25 finished with value: 71.27783966064453 and parameters: {'gradient_clip_val': 0.48507678460663595, 'hidden_size': 116, 'dropout': 0.3370778922070406, 'hidden_continuous_size': 84, 'attention_head_size': 2, 'learning_rate': 0.052507862007627054}. Best is trial 25 with value: 71.27783966064453.
LOCAL_RANK: 0 - CUDA_VISIBLE_DEVICES: [0]
[I 2023-11-29 21:20:33,233] Trial 26 finished with value: 82.96173095703125 and parameters: {'gradient_clip_val': 0.47963888249456826, 'hidden_size': 111, 'dropout': 0.299785975376042, 'hidden_continuous_size': 77, 'attention_head_size': 2, 'learning_rate': 0.04493267588916179}. Best is trial 25 with value: 71.27783966064453.
LOCAL_RANK: 0 - CUDA_VISIBLE_DEVICES: [0]
[I 2023-11-29 21:20:48,212] Trial 27 finished with value: 80.91798400878906 and parameters: {'gradient_clip_val': 0.4507178884166641, 'hidden_size': 125, 'dropout': 0.39759192059771215, 'hidden_continuous_size': 87, 'attention_head_size': 3, 'learning_rate': 0.05719579651180978}. Best is trial 25 with value: 71.27783966064453.
LOCAL_RANK: 0 - CUDA_VISIBLE_DEVICES: [0]
[I 2023-11-29 21:21:02,655] Trial 28 finished with value: 65.73796081542969 and parameters: {'gradient_clip_val': 0.8165875162442525, 'hidden_size': 90, 'dropout': 0.323152498255349, 'hidden_continuous_size': 59, 'attention_head_size': 2, 'learning_rate': 0.020651046726606056}. Best is trial 28 with value: 65.73796081542969.
LOCAL_RANK: 0 - CUDA_VISIBLE_DEVICES: [0]
[I 2023-11-29 21:21:17,505] Trial 29 finished with value: 75.7199478149414 and parameters: {'gradient_clip_val': 0.8565136020262234, 'hidden_size': 135, 'dropout': 0.3232657911319196, 'hidden_continuous_size': 58, 'attention_head_size': 3, 'learning_rate': 0.018568962139445762}. Best is trial 28 with value: 65.73796081542969.
LOCAL_RANK: 0 - CUDA_VISIBLE_DEVICES: [0]
[I 2023-11-29 21:21:32,298] Trial 30 finished with value: 59.87215042114258 and parameters: {'gradient_clip_val': 0.5314333708970372, 'hidden_size': 89, 'dropout': 0.36767831549679164, 'hidden_continuous_size': 58, 'attention_head_size': 4, 'learning_rate': 0.02002750118788592}. Best is trial 30 with value: 59.87215042114258.
LOCAL_RANK: 0 - CUDA_VISIBLE_DEVICES: [0]
[I 2023-11-29 21:21:46,746] Trial 31 finished with value: 81.50367736816406 and parameters: {'gradient_clip_val': 0.509833102517996, 'hidden_size': 89, 'dropout': 0.36583700638325056, 'hidden_continuous_size': 55, 'attention_head_size': 4, 'learning_rate': 0.016622717628243546}. Best is trial 30 with value: 59.87215042114258.
LOCAL_RANK: 0 - CUDA_VISIBLE_DEVICES: [0]
[I 2023-11-29 21:22:01,632] Trial 32 finished with value: 84.77498626708984 and parameters: {'gradient_clip_val': 0.6556218358660535, 'hidden_size': 121, 'dropout': 0.32102881659558596, 'hidden_continuous_size': 62, 'attention_head_size': 4, 'learning_rate': 0.015971363295896154}. Best is trial 30 with value: 59.87215042114258.
LOCAL_RANK: 0 - CUDA_VISIBLE_DEVICES: [0]
[I 2023-11-29 21:22:16,021] Trial 33 finished with value: 83.29768371582031 and parameters: {'gradient_clip_val': 0.5319530590299161, 'hidden_size': 90, 'dropout': 0.3573584381096483, 'hidden_continuous_size': 46, 'attention_head_size': 3, 'learning_rate': 0.025475268004091275}. Best is trial 30 with value: 59.87215042114258.
LOCAL_RANK: 0 - CUDA_VISIBLE_DEVICES: [0]
[I 2023-11-29 21:22:30,067] Trial 34 finished with value: 61.992862701416016 and parameters: {'gradient_clip_val': 0.794110313611987, 'hidden_size': 125, 'dropout': 0.38151938974935473, 'hidden_continuous_size': 60, 'attention_head_size': 3, 'learning_rate': 0.019814090111864194}. Best is trial 30 with value: 59.87215042114258.
LOCAL_RANK: 0 - CUDA_VISIBLE_DEVICES: [0]
[I 2023-11-29 21:22:44,251] Trial 35 finished with value: 67.24874877929688 and parameters: {'gradient_clip_val': 0.49321817180563404, 'hidden_size': 79, 'dropout': 0.3733798469157609, 'hidden_continuous_size': 52, 'attention_head_size': 4, 'learning_rate': 0.026959766864293955}. Best is trial 30 with value: 59.87215042114258.
LOCAL_RANK: 0 - CUDA_VISIBLE_DEVICES: [0]
[I 2023-11-29 21:22:57,918] Trial 36 finished with value: 75.28331756591797 and parameters: {'gradient_clip_val': 0.715054361672819, 'hidden_size': 65, 'dropout': 0.3733478984597, 'hidden_continuous_size': 49, 'attention_head_size': 4, 'learning_rate': 0.013005752492308925}. Best is trial 30 with value: 59.87215042114258.
LOCAL_RANK: 0 - CUDA_VISIBLE_DEVICES: [0]
[I 2023-11-29 21:23:11,636] Trial 37 finished with value: 75.81681060791016 and parameters: {'gradient_clip_val': 0.525636278067963, 'hidden_size': 80, 'dropout': 0.38412226879600353, 'hidden_continuous_size': 44, 'attention_head_size': 4, 'learning_rate': 0.008089975779410157}. Best is trial 30 with value: 59.87215042114258.
LOCAL_RANK: 0 - CUDA_VISIBLE_DEVICES: [0]
[I 2023-11-29 21:23:25,524] Trial 38 finished with value: 86.61084747314453 and parameters: {'gradient_clip_val': 0.4003547699354012, 'hidden_size': 96, 'dropout': 0.3813285207541317, 'hidden_continuous_size': 41, 'attention_head_size': 4, 'learning_rate': 0.02428452781286216}. Best is trial 30 with value: 59.87215042114258.
LOCAL_RANK: 0 - CUDA_VISIBLE_DEVICES: [0]
[I 2023-11-29 21:23:39,493] Trial 39 finished with value: 87.83038330078125 and parameters: {'gradient_clip_val': 0.7757536391880627, 'hidden_size': 78, 'dropout': 0.36264769169525507, 'hidden_continuous_size': 53, 'attention_head_size': 3, 'learning_rate': 0.0385230973827586}. Best is trial 30 with value: 59.87215042114258.
LOCAL_RANK: 0 - CUDA_VISIBLE_DEVICES: [0]
[I 2023-11-29 21:23:53,260] Trial 40 finished with value: 93.3410873413086 and parameters: {'gradient_clip_val': 0.6266116015545391, 'hidden_size': 65, 'dropout': 0.39854798638664224, 'hidden_continuous_size': 40, 'attention_head_size': 4, 'learning_rate': 0.013600952503256627}. Best is trial 30 with value: 59.87215042114258.
LOCAL_RANK: 0 - CUDA_VISIBLE_DEVICES: [0]
[I 2023-11-29 21:24:07,501] Trial 41 finished with value: 80.46053314208984 and parameters: {'gradient_clip_val': 0.45114036946696523, 'hidden_size': 122, 'dropout': 0.3521085862688797, 'hidden_continuous_size': 62, 'attention_head_size': 3, 'learning_rate': 0.020963625155896302}. Best is trial 30 with value: 59.87215042114258.
LOCAL_RANK: 0 - CUDA_VISIBLE_DEVICES: [0]
[I 2023-11-29 21:24:21,520] Trial 42 finished with value: 82.89281463623047 and parameters: {'gradient_clip_val': 0.5058801775656071, 'hidden_size': 97, 'dropout': 0.334764274332896, 'hidden_continuous_size': 59, 'attention_head_size': 2, 'learning_rate': 0.027516094829270272}. Best is trial 30 with value: 59.87215042114258.
LOCAL_RANK: 0 - CUDA_VISIBLE_DEVICES: [0]
[I 2023-11-29 21:24:35,387] Trial 43 finished with value: 89.0595932006836 and parameters: {'gradient_clip_val': 0.35981672456890723, 'hidden_size': 84, 'dropout': 0.382082330396355, 'hidden_continuous_size': 50, 'attention_head_size': 3, 'learning_rate': 0.03971259453462802}. Best is trial 30 with value: 59.87215042114258.
LOCAL_RANK: 0 - CUDA_VISIBLE_DEVICES: [0]
[I 2023-11-29 21:24:49,721] Trial 44 finished with value: 79.80229949951172 and parameters: {'gradient_clip_val': 0.5641091952642541, 'hidden_size': 103, 'dropout': 0.3515615200905044, 'hidden_continuous_size': 67, 'attention_head_size': 4, 'learning_rate': 0.030737610576127086}. Best is trial 30 with value: 59.87215042114258.
LOCAL_RANK: 0 - CUDA_VISIBLE_DEVICES: [0]
[I 2023-11-29 21:25:03,584] Trial 45 finished with value: 89.6456298828125 and parameters: {'gradient_clip_val': 0.6513248050871447, 'hidden_size': 68, 'dropout': 0.36918458599793175, 'hidden_continuous_size': 51, 'attention_head_size': 2, 'learning_rate': 0.021037089288618725}. Best is trial 30 with value: 59.87215042114258.
LOCAL_RANK: 0 - CUDA_VISIBLE_DEVICES: [0]
[I 2023-11-29 21:25:17,758] Trial 46 finished with value: 77.87313842773438 and parameters: {'gradient_clip_val': 0.4793819862451122, 'hidden_size': 121, 'dropout': 0.33071205151145, 'hidden_continuous_size': 56, 'attention_head_size': 4, 'learning_rate': 0.06647121762005691}. Best is trial 30 with value: 59.87215042114258.
LOCAL_RANK: 0 - CUDA_VISIBLE_DEVICES: [0]
[I 2023-11-29 21:25:31,664] Trial 47 finished with value: 84.26863861083984 and parameters: {'gradient_clip_val': 0.9024857623092628, 'hidden_size': 84, 'dropout': 0.38588821015240704, 'hidden_continuous_size': 54, 'attention_head_size': 3, 'learning_rate': 0.00993764584192946}. Best is trial 30 with value: 59.87215042114258.
LOCAL_RANK: 0 - CUDA_VISIBLE_DEVICES: [0]
[I 2023-11-29 21:25:45,526] Trial 48 finished with value: 90.6866455078125 and parameters: {'gradient_clip_val': 0.7685373588387644, 'hidden_size': 97, 'dropout': 0.36697938607954644, 'hidden_continuous_size': 64, 'attention_head_size': 2, 'learning_rate': 0.036072803531382744}. Best is trial 30 with value: 59.87215042114258.
LOCAL_RANK: 0 - CUDA_VISIBLE_DEVICES: [0]
