[I 2023-11-30 04:12:12,219] Trial 121 finished with value: 52.24272155761719 and parameters: {'gradient_clip_val': 0.277449987200172, 'hidden_size': 67, 'dropout': 0.2898598992669905, 'hidden_continuous_size': 13, 'attention_head_size': 4, 'learning_rate': 0.04664231234156136}. Best is trial 90 with value: 37.02791213989258.
LOCAL_RANK: 0 - CUDA_VISIBLE_DEVICES: [0]
[I 2023-11-30 04:12:24,659] Trial 122 finished with value: 47.26288986206055 and parameters: {'gradient_clip_val': 0.24978044968741772, 'hidden_size': 26, 'dropout': 0.31107051859815626, 'hidden_continuous_size': 14, 'attention_head_size': 4, 'learning_rate': 0.09965809211891223}. Best is trial 90 with value: 37.02791213989258.
LOCAL_RANK: 0 - CUDA_VISIBLE_DEVICES: [0]
[I 2023-11-30 04:12:38,188] Trial 123 finished with value: 53.20878982543945 and parameters: {'gradient_clip_val': 0.2651769093723606, 'hidden_size': 77, 'dropout': 0.30018312895223587, 'hidden_continuous_size': 17, 'attention_head_size': 4, 'learning_rate': 0.05076770272798513}. Best is trial 90 with value: 37.02791213989258.
LOCAL_RANK: 0 - CUDA_VISIBLE_DEVICES: [0]
[I 2023-11-30 04:12:51,146] Trial 124 finished with value: 51.073543548583984 and parameters: {'gradient_clip_val': 0.29340925359021347, 'hidden_size': 50, 'dropout': 0.2813303735004154, 'hidden_continuous_size': 10, 'attention_head_size': 4, 'learning_rate': 0.05949370268072229}. Best is trial 90 with value: 37.02791213989258.
LOCAL_RANK: 0 - CUDA_VISIBLE_DEVICES: [0]
[I 2023-11-30 04:13:04,176] Trial 125 finished with value: 44.77971267700195 and parameters: {'gradient_clip_val': 0.27537246889307077, 'hidden_size': 38, 'dropout': 0.3995288238648079, 'hidden_continuous_size': 15, 'attention_head_size': 4, 'learning_rate': 0.029097256619380195}. Best is trial 90 with value: 37.02791213989258.
LOCAL_RANK: 0 - CUDA_VISIBLE_DEVICES: [0]
[I 2023-11-30 04:13:16,940] Trial 126 finished with value: 44.55156326293945 and parameters: {'gradient_clip_val': 0.3143778606340197, 'hidden_size': 34, 'dropout': 0.3376270794230832, 'hidden_continuous_size': 16, 'attention_head_size': 4, 'learning_rate': 0.021109583722556884}. Best is trial 90 with value: 37.02791213989258.
LOCAL_RANK: 0 - CUDA_VISIBLE_DEVICES: [0]
[I 2023-11-30 04:13:29,950] Trial 127 finished with value: 45.2705192565918 and parameters: {'gradient_clip_val': 0.33213553257514217, 'hidden_size': 42, 'dropout': 0.3137307528185631, 'hidden_continuous_size': 20, 'attention_head_size': 4, 'learning_rate': 0.042715045234226215}. Best is trial 90 with value: 37.02791213989258.
LOCAL_RANK: 0 - CUDA_VISIBLE_DEVICES: [0]
[I 2023-11-30 04:13:42,911] Trial 128 finished with value: 55.46308517456055 and parameters: {'gradient_clip_val': 0.4078029487489834, 'hidden_size': 59, 'dropout': 0.3560654248300666, 'hidden_continuous_size': 14, 'attention_head_size': 1, 'learning_rate': 0.02344072562033066}. Best is trial 90 with value: 37.02791213989258.
LOCAL_RANK: 0 - CUDA_VISIBLE_DEVICES: [0]
[I 2023-11-30 04:13:56,218] Trial 129 finished with value: 42.54543685913086 and parameters: {'gradient_clip_val': 0.36453459622278506, 'hidden_size': 64, 'dropout': 0.30555699911112416, 'hidden_continuous_size': 23, 'attention_head_size': 4, 'learning_rate': 0.03667199787134059}. Best is trial 90 with value: 37.02791213989258.
LOCAL_RANK: 0 - CUDA_VISIBLE_DEVICES: [0]
[I 2023-11-30 04:14:10,474] Trial 130 finished with value: 43.28900146484375 and parameters: {'gradient_clip_val': 0.3039799441793349, 'hidden_size': 142, 'dropout': 0.34901923075280755, 'hidden_continuous_size': 12, 'attention_head_size': 3, 'learning_rate': 0.033364247829992186}. Best is trial 90 with value: 37.02791213989258.
LOCAL_RANK: 0 - CUDA_VISIBLE_DEVICES: [0]
[I 2023-11-30 04:14:24,426] Trial 131 finished with value: 43.2133903503418 and parameters: {'gradient_clip_val': 0.35467481165476605, 'hidden_size': 117, 'dropout': 0.3221770373779587, 'hidden_continuous_size': 30, 'attention_head_size': 2, 'learning_rate': 0.038246179236178825}. Best is trial 90 with value: 37.02791213989258.
LOCAL_RANK: 0 - CUDA_VISIBLE_DEVICES: [0]
[I 2023-11-30 04:14:38,602] Trial 132 finished with value: 33.36824035644531 and parameters: {'gradient_clip_val': 0.44797541054652695, 'hidden_size': 135, 'dropout': 0.32908127149448047, 'hidden_continuous_size': 36, 'attention_head_size': 2, 'learning_rate': 0.056271202212176186}. Best is trial 132 with value: 33.36824035644531.
LOCAL_RANK: 0 - CUDA_VISIBLE_DEVICES: [0]
[I 2023-11-30 04:14:52,834] Trial 133 finished with value: 46.77190017700195 and parameters: {'gradient_clip_val': 0.42860242022371864, 'hidden_size': 146, 'dropout': 0.3138662555750109, 'hidden_continuous_size': 39, 'attention_head_size': 2, 'learning_rate': 0.04820014652027734}. Best is trial 132 with value: 33.36824035644531.
LOCAL_RANK: 0 - CUDA_VISIBLE_DEVICES: [0]
[I 2023-11-30 04:15:06,902] Trial 134 finished with value: 44.532169342041016 and parameters: {'gradient_clip_val': 0.44763406171140263, 'hidden_size': 137, 'dropout': 0.3326201560664778, 'hidden_continuous_size': 48, 'attention_head_size': 1, 'learning_rate': 0.05556861111499073}. Best is trial 132 with value: 33.36824035644531.
LOCAL_RANK: 0 - CUDA_VISIBLE_DEVICES: [0]
[I 2023-11-30 04:15:21,095] Trial 135 finished with value: 48.93344497680664 and parameters: {'gradient_clip_val': 0.2880631233832544, 'hidden_size': 128, 'dropout': 0.37647180602159036, 'hidden_continuous_size': 34, 'attention_head_size': 4, 'learning_rate': 0.06608607620169724}. Best is trial 132 with value: 33.36824035644531.
LOCAL_RANK: 0 - CUDA_VISIBLE_DEVICES: [0]
[I 2023-11-30 04:15:35,168] Trial 136 finished with value: 40.68000411987305 and parameters: {'gradient_clip_val': 0.39384176193739356, 'hidden_size': 150, 'dropout': 0.2956356347706548, 'hidden_continuous_size': 19, 'attention_head_size': 1, 'learning_rate': 0.04295562064106572}. Best is trial 132 with value: 33.36824035644531.
LOCAL_RANK: 0 - CUDA_VISIBLE_DEVICES: [0]
[I 2023-11-30 04:15:47,880] Trial 137 finished with value: 36.96821212768555 and parameters: {'gradient_clip_val': 0.4014050467537278, 'hidden_size': 47, 'dropout': 0.3661562942966544, 'hidden_continuous_size': 17, 'attention_head_size': 1, 'learning_rate': 0.041687185513786924}. Best is trial 132 with value: 33.36824035644531.
LOCAL_RANK: 0 - CUDA_VISIBLE_DEVICES: [0]
[I 2023-11-30 04:16:00,680] Trial 138 finished with value: 48.364566802978516 and parameters: {'gradient_clip_val': 0.45649981802065365, 'hidden_size': 46, 'dropout': 0.38606217781884883, 'hidden_continuous_size': 22, 'attention_head_size': 1, 'learning_rate': 0.03123869836466953}. Best is trial 132 with value: 33.36824035644531.
LOCAL_RANK: 0 - CUDA_VISIBLE_DEVICES: [0]
[I 2023-11-30 04:16:13,321] Trial 139 finished with value: 41.969486236572266 and parameters: {'gradient_clip_val': 0.4284337556662077, 'hidden_size': 52, 'dropout': 0.36786905676269277, 'hidden_continuous_size': 16, 'attention_head_size': 1, 'learning_rate': 0.02615930332906784}. Best is trial 132 with value: 33.36824035644531.
LOCAL_RANK: 0 - CUDA_VISIBLE_DEVICES: [0]
[I 2023-11-30 04:16:25,886] Trial 140 finished with value: 50.0133056640625 and parameters: {'gradient_clip_val': 0.40595848706641113, 'hidden_size': 40, 'dropout': 0.3578245643531739, 'hidden_continuous_size': 15, 'attention_head_size': 1, 'learning_rate': 0.016721019187089216}. Best is trial 132 with value: 33.36824035644531.
LOCAL_RANK: 0 - CUDA_VISIBLE_DEVICES: [0]
[I 2023-11-30 04:16:38,763] Trial 141 finished with value: 68.29010009765625 and parameters: {'gradient_clip_val': 0.39980484013385315, 'hidden_size': 55, 'dropout': 0.32660781712731574, 'hidden_continuous_size': 17, 'attention_head_size': 1, 'learning_rate': 0.04259851840406869}. Best is trial 132 with value: 33.36824035644531.
LOCAL_RANK: 0 - CUDA_VISIBLE_DEVICES: [0]
[I 2023-11-30 04:16:51,386] Trial 142 finished with value: 44.96975326538086 and parameters: {'gradient_clip_val': 0.4844464062239575, 'hidden_size': 48, 'dropout': 0.3738499762221423, 'hidden_continuous_size': 19, 'attention_head_size': 1, 'learning_rate': 0.03935318860291684}. Best is trial 132 with value: 33.36824035644531.
LOCAL_RANK: 0 - CUDA_VISIBLE_DEVICES: [0]
[I 2023-11-30 04:17:04,909] Trial 143 finished with value: 42.12882614135742 and parameters: {'gradient_clip_val': 0.3811483571124362, 'hidden_size': 123, 'dropout': 0.3652461430680637, 'hidden_continuous_size': 11, 'attention_head_size': 1, 'learning_rate': 0.054071673026171566}. Best is trial 132 with value: 33.36824035644531.
LOCAL_RANK: 0 - CUDA_VISIBLE_DEVICES: [0]
[I 2023-11-30 04:17:16,974] Trial 144 finished with value: 44.6156005859375 and parameters: {'gradient_clip_val': 0.34021332319061737, 'hidden_size': 21, 'dropout': 0.3199467567497494, 'hidden_continuous_size': 14, 'attention_head_size': 1, 'learning_rate': 0.07400003064198032}. Best is trial 132 with value: 33.36824035644531.
LOCAL_RANK: 0 - CUDA_VISIBLE_DEVICES: [0]
[I 2023-11-30 04:17:30,625] Trial 145 finished with value: 40.26140213012695 and parameters: {'gradient_clip_val': 0.35566264469657793, 'hidden_size': 107, 'dropout': 0.29580279059953524, 'hidden_continuous_size': 13, 'attention_head_size': 1, 'learning_rate': 0.034541473216212315}. Best is trial 132 with value: 33.36824035644531.
LOCAL_RANK: 0 - CUDA_VISIBLE_DEVICES: [0]
[I 2023-11-30 04:17:43,930] Trial 146 finished with value: 55.627933502197266 and parameters: {'gradient_clip_val': 0.32587489003977066, 'hidden_size': 112, 'dropout': 0.33968642981928376, 'hidden_continuous_size': 13, 'attention_head_size': 1, 'learning_rate': 0.03494319614406286}. Best is trial 132 with value: 33.36824035644531.
LOCAL_RANK: 0 - CUDA_VISIBLE_DEVICES: [0]
[I 2023-11-30 04:17:57,406] Trial 147 finished with value: 54.10075759887695 and parameters: {'gradient_clip_val': 0.3632193097236805, 'hidden_size': 102, 'dropout': 0.3480911500748896, 'hidden_continuous_size': 12, 'attention_head_size': 2, 'learning_rate': 0.02342700365622254}. Best is trial 132 with value: 33.36824035644531.
LOCAL_RANK: 0 - CUDA_VISIBLE_DEVICES: [0]
[I 2023-11-30 04:18:10,704] Trial 148 finished with value: 41.040435791015625 and parameters: {'gradient_clip_val': 0.313162105294472, 'hidden_size': 91, 'dropout': 0.3036891121473989, 'hidden_continuous_size': 12, 'attention_head_size': 1, 'learning_rate': 0.028921504999418465}. Best is trial 132 with value: 33.36824035644531.
LOCAL_RANK: 0 - CUDA_VISIBLE_DEVICES: [0]
[I 2023-11-30 04:18:20,895] Trial 149 finished with value: 103.0051040649414 and parameters: {'gradient_clip_val': 0.3750504637908914, 'hidden_size': 10, 'dropout': 0.3090546213127123, 'hidden_continuous_size': 10, 'attention_head_size': 1, 'learning_rate': 0.019644577671295994}. Best is trial 132 with value: 33.36824035644531.
[I 2023-11-30 04:18:21,006] A new study created in memory with name: no-name-08368454-b7db-41fe-b63a-caabe8c54499
/home/le004/conda/anaconda3/envs/tsff_env/lib/python3.9/site-packages/lightning/fabric/plugins/environments/slurm.py:191: The `srun` command is available on your system but is not used. HINT: If your intention is to run Lightning on SLURM, prepend your python command with `srun` like so: srun python /home/le004/master_thesis/git/TSFusionForecast/code/ ...
LOCAL_RANK: 0 - CUDA_VISIBLE_DEVICES: [0]
[I 2023-11-30 04:18:34,234] Trial 0 finished with value: 264.8481140136719 and parameters: {'gradient_clip_val': 0.34412212802137526, 'hidden_size': 55, 'dropout': 0.1614413289299094, 'hidden_continuous_size': 29, 'attention_head_size': 1, 'learning_rate': 0.05831567832758858}. Best is trial 0 with value: 264.8481140136719.
LOCAL_RANK: 0 - CUDA_VISIBLE_DEVICES: [0]
[I 2023-11-30 04:18:47,423] Trial 1 finished with value: 245.51890563964844 and parameters: {'gradient_clip_val': 0.933693130547155, 'hidden_size': 56, 'dropout': 0.3521574996966822, 'hidden_continuous_size': 49, 'attention_head_size': 1, 'learning_rate': 0.007477898867254398}. Best is trial 1 with value: 245.51890563964844.
LOCAL_RANK: 0 - CUDA_VISIBLE_DEVICES: [0]
[I 2023-11-30 04:19:00,492] Trial 2 finished with value: 203.6494903564453 and parameters: {'gradient_clip_val': 0.6207492379830164, 'hidden_size': 96, 'dropout': 0.26903659743345726, 'hidden_continuous_size': 10, 'attention_head_size': 3, 'learning_rate': 0.06934762899879557}. Best is trial 2 with value: 203.6494903564453.
LOCAL_RANK: 0 - CUDA_VISIBLE_DEVICES: [0]
[I 2023-11-30 04:19:12,923] Trial 3 finished with value: 165.63755798339844 and parameters: {'gradient_clip_val': 0.2580397753304693, 'hidden_size': 26, 'dropout': 0.32520969289923946, 'hidden_continuous_size': 25, 'attention_head_size': 2, 'learning_rate': 0.03693322220232085}. Best is trial 3 with value: 165.63755798339844.
LOCAL_RANK: 0 - CUDA_VISIBLE_DEVICES: [0]
[I 2023-11-30 04:19:25,124] Trial 4 finished with value: 228.00372314453125 and parameters: {'gradient_clip_val': 0.4544902725071801, 'hidden_size': 27, 'dropout': 0.1614019343509437, 'hidden_continuous_size': 12, 'attention_head_size': 2, 'learning_rate': 0.07115812153373668}. Best is trial 3 with value: 165.63755798339844.
LOCAL_RANK: 0 - CUDA_VISIBLE_DEVICES: [0]
[I 2023-11-30 04:19:37,880] Trial 5 finished with value: 230.7266387939453 and parameters: {'gradient_clip_val': 0.7877237107876711, 'hidden_size': 29, 'dropout': 0.18628925554818115, 'hidden_continuous_size': 27, 'attention_head_size': 2, 'learning_rate': 0.008610541954853883}. Best is trial 3 with value: 165.63755798339844.
LOCAL_RANK: 0 - CUDA_VISIBLE_DEVICES: [0]
[I 2023-11-30 04:19:50,162] Trial 6 finished with value: 494.5166320800781 and parameters: {'gradient_clip_val': 0.16721041115432847, 'hidden_size': 14, 'dropout': 0.2078826765330681, 'hidden_continuous_size': 12, 'attention_head_size': 4, 'learning_rate': 0.007923105652491996}. Best is trial 3 with value: 165.63755798339844.
LOCAL_RANK: 0 - CUDA_VISIBLE_DEVICES: [0]
[I 2023-11-30 04:20:03,372] Trial 7 finished with value: 245.85350036621094 and parameters: {'gradient_clip_val': 0.3883781312552847, 'hidden_size': 61, 'dropout': 0.34151072985603437, 'hidden_continuous_size': 28, 'attention_head_size': 1, 'learning_rate': 0.0571058025743119}. Best is trial 3 with value: 165.63755798339844.
LOCAL_RANK: 0 - CUDA_VISIBLE_DEVICES: [0]
[I 2023-11-30 04:20:15,264] Trial 8 finished with value: 582.8573608398438 and parameters: {'gradient_clip_val': 0.8320317121305092, 'hidden_size': 11, 'dropout': 0.11537172361561492, 'hidden_continuous_size': 10, 'attention_head_size': 1, 'learning_rate': 0.005135747263069719}. Best is trial 3 with value: 165.63755798339844.
LOCAL_RANK: 0 - CUDA_VISIBLE_DEVICES: [0]
[I 2023-11-30 04:20:29,202] Trial 9 finished with value: 308.44097900390625 and parameters: {'gradient_clip_val': 0.803810508173285, 'hidden_size': 103, 'dropout': 0.35157352203992875, 'hidden_continuous_size': 35, 'attention_head_size': 3, 'learning_rate': 0.0010416133582261738}. Best is trial 3 with value: 165.63755798339844.
LOCAL_RANK: 0 - CUDA_VISIBLE_DEVICES: [0]
[I 2023-11-30 04:20:41,643] Trial 10 finished with value: 275.88671875 and parameters: {'gradient_clip_val': 0.2222578715101246, 'hidden_size': 18, 'dropout': 0.27145754975076397, 'hidden_continuous_size': 13, 'attention_head_size': 4, 'learning_rate': 0.02382355013958102}. Best is trial 3 with value: 165.63755798339844.
LOCAL_RANK: 0 - CUDA_VISIBLE_DEVICES: [0]
[I 2023-11-30 04:20:56,192] Trial 11 finished with value: 200.39263916015625 and parameters: {'gradient_clip_val': 0.13329824626596254, 'hidden_size': 134, 'dropout': 0.28140839310004284, 'hidden_continuous_size': 115, 'attention_head_size': 3, 'learning_rate': 0.09955624954059619}. Best is trial 3 with value: 165.63755798339844.
LOCAL_RANK: 0 - CUDA_VISIBLE_DEVICES: [0]
[I 2023-11-30 04:21:10,960] Trial 12 finished with value: 228.4805908203125 and parameters: {'gradient_clip_val': 0.10100276098928913, 'hidden_size': 148, 'dropout': 0.390275438925341, 'hidden_continuous_size': 130, 'attention_head_size': 3, 'learning_rate': 0.026050346250613643}. Best is trial 3 with value: 165.63755798339844.
LOCAL_RANK: 0 - CUDA_VISIBLE_DEVICES: [0]
[I 2023-11-30 04:21:23,668] Trial 13 finished with value: 213.0475311279297 and parameters: {'gradient_clip_val': 0.22314145656721132, 'hidden_size': 38, 'dropout': 0.2886707828439165, 'hidden_continuous_size': 19, 'attention_head_size': 2, 'learning_rate': 0.09270903898189504}. Best is trial 3 with value: 165.63755798339844.
LOCAL_RANK: 0 - CUDA_VISIBLE_DEVICES: [0]
[I 2023-11-30 04:21:35,898] Trial 14 finished with value: 212.7419891357422 and parameters: {'gradient_clip_val': 0.10908153065492604, 'hidden_size': 21, 'dropout': 0.3031111289249532, 'hidden_continuous_size': 15, 'attention_head_size': 3, 'learning_rate': 0.03927345478049832}. Best is trial 3 with value: 165.63755798339844.
LOCAL_RANK: 0 - CUDA_VISIBLE_DEVICES: [0]
[I 2023-11-30 04:21:48,917] Trial 15 finished with value: 243.0574951171875 and parameters: {'gradient_clip_val': 0.25883468003329496, 'hidden_size': 39, 'dropout': 0.2295359674818395, 'hidden_continuous_size': 18, 'attention_head_size': 2, 'learning_rate': 0.0992339034891446}. Best is trial 3 with value: 165.63755798339844.
LOCAL_RANK: 0 - CUDA_VISIBLE_DEVICES: [0]
[I 2023-11-30 04:22:01,241] Trial 16 finished with value: 232.7142333984375 and parameters: {'gradient_clip_val': 0.1500826188220104, 'hidden_size': 19, 'dropout': 0.24547065262932005, 'hidden_continuous_size': 11, 'attention_head_size': 4, 'learning_rate': 0.03192089632948228}. Best is trial 3 with value: 165.63755798339844.
LOCAL_RANK: 0 - CUDA_VISIBLE_DEVICES: [0]
[I 2023-11-30 04:22:11,576] Trial 17 finished with value: 326.0945129394531 and parameters: {'gradient_clip_val': 0.16004542505856403, 'hidden_size': 10, 'dropout': 0.30880570928573314, 'hidden_continuous_size': 10, 'attention_head_size': 3, 'learning_rate': 0.017197402615915958}. Best is trial 3 with value: 165.63755798339844.
LOCAL_RANK: 0 - CUDA_VISIBLE_DEVICES: [0]
[I 2023-11-30 04:22:26,214] Trial 18 finished with value: 292.2274475097656 and parameters: {'gradient_clip_val': 0.2608666112073771, 'hidden_size': 150, 'dropout': 0.3198968788954671, 'hidden_continuous_size': 65, 'attention_head_size': 2, 'learning_rate': 0.03557436205395393}. Best is trial 3 with value: 165.63755798339844.
LOCAL_RANK: 0 - CUDA_VISIBLE_DEVICES: [0]
[I 2023-11-30 04:22:39,618] Trial 19 finished with value: 214.7266845703125 and parameters: {'gradient_clip_val': 0.12991257544990592, 'hidden_size': 76, 'dropout': 0.2637927520772537, 'hidden_continuous_size': 18, 'attention_head_size': 3, 'learning_rate': 0.04883182958687844}. Best is trial 3 with value: 165.63755798339844.
LOCAL_RANK: 0 - CUDA_VISIBLE_DEVICES: [0]
[I 2023-11-30 04:22:52,483] Trial 20 finished with value: 237.5887908935547 and parameters: {'gradient_clip_val': 0.19333148630312322, 'hidden_size': 41, 'dropout': 0.3931940050373019, 'hidden_continuous_size': 14, 'attention_head_size': 2, 'learning_rate': 0.04648328976622866}. Best is trial 3 with value: 165.63755798339844.
LOCAL_RANK: 0 - CUDA_VISIBLE_DEVICES: [0]
[I 2023-11-30 04:23:06,515] Trial 21 finished with value: 242.5289764404297 and parameters: {'gradient_clip_val': 0.5406267430080383, 'hidden_size': 105, 'dropout': 0.27897607156120346, 'hidden_continuous_size': 44, 'attention_head_size': 3, 'learning_rate': 0.09161117057190206}. Best is trial 3 with value: 165.63755798339844.
LOCAL_RANK: 0 - CUDA_VISIBLE_DEVICES: [0]
[I 2023-11-30 04:23:20,331] Trial 22 finished with value: 225.89060974121094 and parameters: {'gradient_clip_val': 0.29044630980197755, 'hidden_size': 114, 'dropout': 0.24484399882310665, 'hidden_continuous_size': 21, 'attention_head_size': 3, 'learning_rate': 0.06803462287287723}. Best is trial 3 with value: 165.63755798339844.
LOCAL_RANK: 0 - CUDA_VISIBLE_DEVICES: [0]
[I 2023-11-30 04:23:33,923] Trial 23 finished with value: 211.676025390625 and parameters: {'gradient_clip_val': 0.5680115687431951, 'hidden_size': 82, 'dropout': 0.2887965067487723, 'hidden_continuous_size': 23, 'attention_head_size': 4, 'learning_rate': 0.06093644367740568}. Best is trial 3 with value: 165.63755798339844.
LOCAL_RANK: 0 - CUDA_VISIBLE_DEVICES: [0]
[I 2023-11-30 04:23:47,337] Trial 24 finished with value: 203.46327209472656 and parameters: {'gradient_clip_val': 0.3066540230921012, 'hidden_size': 77, 'dropout': 0.32110186116709394, 'hidden_continuous_size': 16, 'attention_head_size': 3, 'learning_rate': 0.09788197663515434}. Best is trial 3 with value: 165.63755798339844.
LOCAL_RANK: 0 - CUDA_VISIBLE_DEVICES: [0]
[I 2023-11-30 04:24:01,950] Trial 25 finished with value: 220.2228240966797 and parameters: {'gradient_clip_val': 0.32664656023448735, 'hidden_size': 129, 'dropout': 0.3268710784618632, 'hidden_continuous_size': 116, 'attention_head_size': 2, 'learning_rate': 0.09831924275083258}. Best is trial 3 with value: 165.63755798339844.
LOCAL_RANK: 0 - CUDA_VISIBLE_DEVICES: [0]
[I 2023-11-30 04:24:15,773] Trial 26 finished with value: 217.38035583496094 and parameters: {'gradient_clip_val': 0.20020046000785843, 'hidden_size': 124, 'dropout': 0.29955276047671636, 'hidden_continuous_size': 16, 'attention_head_size': 3, 'learning_rate': 0.040371925368966693}. Best is trial 3 with value: 165.63755798339844.
LOCAL_RANK: 0 - CUDA_VISIBLE_DEVICES: [0]
[I 2023-11-30 04:24:29,541] Trial 27 finished with value: 226.27392578125 and parameters: {'gradient_clip_val': 0.38028494490159, 'hidden_size': 87, 'dropout': 0.3299479789938631, 'hidden_continuous_size': 24, 'attention_head_size': 4, 'learning_rate': 0.01808306702445607}. Best is trial 3 with value: 165.63755798339844.
LOCAL_RANK: 0 - CUDA_VISIBLE_DEVICES: [0]
