[I 2023-11-29 22:18:32,636] Trial 134 finished with value: 147.1486053466797 and parameters: {'gradient_clip_val': 0.18439001158450424, 'hidden_size': 87, 'dropout': 0.3105975582262684, 'hidden_continuous_size': 28, 'attention_head_size': 2, 'learning_rate': 0.022688675871143555}. Best is trial 127 with value: 107.9903564453125.
LOCAL_RANK: 0 - CUDA_VISIBLE_DEVICES: [0]
[I 2023-11-29 22:18:46,779] Trial 135 finished with value: 115.3036880493164 and parameters: {'gradient_clip_val': 0.17059433723778986, 'hidden_size': 101, 'dropout': 0.34180292303436133, 'hidden_continuous_size': 24, 'attention_head_size': 2, 'learning_rate': 0.017946687570880002}. Best is trial 127 with value: 107.9903564453125.
LOCAL_RANK: 0 - CUDA_VISIBLE_DEVICES: [0]
[I 2023-11-29 22:19:01,321] Trial 136 finished with value: 175.7298583984375 and parameters: {'gradient_clip_val': 0.16322470329153552, 'hidden_size': 103, 'dropout': 0.34484785047160366, 'hidden_continuous_size': 24, 'attention_head_size': 2, 'learning_rate': 0.02922722381089652}. Best is trial 127 with value: 107.9903564453125.
LOCAL_RANK: 0 - CUDA_VISIBLE_DEVICES: [0]
[I 2023-11-29 22:19:15,526] Trial 137 finished with value: 120.19673919677734 and parameters: {'gradient_clip_val': 0.16996008163154844, 'hidden_size': 91, 'dropout': 0.35354873861575997, 'hidden_continuous_size': 26, 'attention_head_size': 2, 'learning_rate': 0.055046568362308694}. Best is trial 127 with value: 107.9903564453125.
LOCAL_RANK: 0 - CUDA_VISIBLE_DEVICES: [0]
[I 2023-11-29 22:19:29,671] Trial 138 finished with value: 158.77598571777344 and parameters: {'gradient_clip_val': 0.17576620741579022, 'hidden_size': 92, 'dropout': 0.35169866106718495, 'hidden_continuous_size': 25, 'attention_head_size': 2, 'learning_rate': 0.05172336927093815}. Best is trial 127 with value: 107.9903564453125.
LOCAL_RANK: 0 - CUDA_VISIBLE_DEVICES: [0]
[I 2023-11-29 22:19:43,835] Trial 139 finished with value: 245.5649871826172 and parameters: {'gradient_clip_val': 0.16615541384302554, 'hidden_size': 97, 'dropout': 0.3677618583351796, 'hidden_continuous_size': 22, 'attention_head_size': 2, 'learning_rate': 0.03228705036818402}. Best is trial 127 with value: 107.9903564453125.
LOCAL_RANK: 0 - CUDA_VISIBLE_DEVICES: [0]
[I 2023-11-29 22:19:58,055] Trial 140 finished with value: 171.1429901123047 and parameters: {'gradient_clip_val': 0.17052003606270427, 'hidden_size': 109, 'dropout': 0.35642361415609636, 'hidden_continuous_size': 27, 'attention_head_size': 2, 'learning_rate': 0.026402305399321226}. Best is trial 127 with value: 107.9903564453125.
LOCAL_RANK: 0 - CUDA_VISIBLE_DEVICES: [0]
[I 2023-11-29 22:20:12,370] Trial 141 finished with value: 154.1719207763672 and parameters: {'gradient_clip_val': 0.15440771992707503, 'hidden_size': 78, 'dropout': 0.34383710826776387, 'hidden_continuous_size': 26, 'attention_head_size': 2, 'learning_rate': 0.018250753233494166}. Best is trial 127 with value: 107.9903564453125.
LOCAL_RANK: 0 - CUDA_VISIBLE_DEVICES: [0]
[I 2023-11-29 22:20:26,690] Trial 142 finished with value: 127.64427947998047 and parameters: {'gradient_clip_val': 0.18993539550421926, 'hidden_size': 83, 'dropout': 0.3304613604204642, 'hidden_continuous_size': 27, 'attention_head_size': 2, 'learning_rate': 0.056839104272489206}. Best is trial 127 with value: 107.9903564453125.
LOCAL_RANK: 0 - CUDA_VISIBLE_DEVICES: [0]
[I 2023-11-29 22:20:40,974] Trial 143 finished with value: 147.1603546142578 and parameters: {'gradient_clip_val': 0.1876875104936413, 'hidden_size': 89, 'dropout': 0.3331019930584323, 'hidden_continuous_size': 30, 'attention_head_size': 2, 'learning_rate': 0.014805150925407042}. Best is trial 127 with value: 107.9903564453125.
LOCAL_RANK: 0 - CUDA_VISIBLE_DEVICES: [0]
[I 2023-11-29 22:20:55,141] Trial 144 finished with value: 125.29051971435547 and parameters: {'gradient_clip_val': 0.1992024132446223, 'hidden_size': 99, 'dropout': 0.34150187173164026, 'hidden_continuous_size': 24, 'attention_head_size': 2, 'learning_rate': 0.02137120852365003}. Best is trial 127 with value: 107.9903564453125.
LOCAL_RANK: 0 - CUDA_VISIBLE_DEVICES: [0]
[I 2023-11-29 22:21:09,356] Trial 145 finished with value: 130.07969665527344 and parameters: {'gradient_clip_val': 0.18297437446214077, 'hidden_size': 74, 'dropout': 0.3388923807000047, 'hidden_continuous_size': 28, 'attention_head_size': 2, 'learning_rate': 0.016926259696398698}. Best is trial 127 with value: 107.9903564453125.
LOCAL_RANK: 0 - CUDA_VISIBLE_DEVICES: [0]
[I 2023-11-29 22:21:23,463] Trial 146 finished with value: 172.88294982910156 and parameters: {'gradient_clip_val': 0.17250319160917799, 'hidden_size': 79, 'dropout': 0.34969094375614096, 'hidden_continuous_size': 29, 'attention_head_size': 2, 'learning_rate': 0.06789410583909442}. Best is trial 127 with value: 107.9903564453125.
LOCAL_RANK: 0 - CUDA_VISIBLE_DEVICES: [0]
[I 2023-11-29 22:21:37,664] Trial 147 finished with value: 158.91546630859375 and parameters: {'gradient_clip_val': 0.2108661263821033, 'hidden_size': 86, 'dropout': 0.3240812616361419, 'hidden_continuous_size': 23, 'attention_head_size': 2, 'learning_rate': 0.036410892991346644}. Best is trial 127 with value: 107.9903564453125.
LOCAL_RANK: 0 - CUDA_VISIBLE_DEVICES: [0]
[I 2023-11-29 22:21:51,992] Trial 148 finished with value: 232.46661376953125 and parameters: {'gradient_clip_val': 0.19566136095056366, 'hidden_size': 94, 'dropout': 0.3737522257241148, 'hidden_continuous_size': 21, 'attention_head_size': 2, 'learning_rate': 0.024403265503673787}. Best is trial 127 with value: 107.9903564453125.
LOCAL_RANK: 0 - CUDA_VISIBLE_DEVICES: [0]
[I 2023-11-29 22:22:06,226] Trial 149 finished with value: 184.11669921875 and parameters: {'gradient_clip_val': 0.22360467755853294, 'hidden_size': 103, 'dropout': 0.3352012871996472, 'hidden_continuous_size': 32, 'attention_head_size': 2, 'learning_rate': 0.04430370885309215}. Best is trial 127 with value: 107.9903564453125.
[I 2023-11-29 22:22:06,342] A new study created in memory with name: no-name-ea9ee675-abe0-40ad-a352-500113be3e72
/home/le004/conda/anaconda3/envs/tsff_env/lib/python3.9/site-packages/lightning/fabric/plugins/environments/slurm.py:191: The `srun` command is available on your system but is not used. HINT: If your intention is to run Lightning on SLURM, prepend your python command with `srun` like so: srun python /home/le004/master_thesis/git/TSFusionForecast/code/ ...
LOCAL_RANK: 0 - CUDA_VISIBLE_DEVICES: [0]
[I 2023-11-29 22:22:20,871] Trial 0 finished with value: 74.84868621826172 and parameters: {'gradient_clip_val': 0.2795740452772516, 'hidden_size': 124, 'dropout': 0.2922240796356603, 'hidden_continuous_size': 34, 'attention_head_size': 1, 'learning_rate': 0.001974735298924745}. Best is trial 0 with value: 74.84868621826172.
LOCAL_RANK: 0 - CUDA_VISIBLE_DEVICES: [0]
[I 2023-11-29 22:22:36,357] Trial 1 finished with value: 70.9938735961914 and parameters: {'gradient_clip_val': 0.20536092367816586, 'hidden_size': 146, 'dropout': 0.3792334643732548, 'hidden_continuous_size': 50, 'attention_head_size': 3, 'learning_rate': 0.0017782916121987348}. Best is trial 1 with value: 70.9938735961914.
LOCAL_RANK: 0 - CUDA_VISIBLE_DEVICES: [0]
[I 2023-11-29 22:22:49,334] Trial 2 finished with value: 179.73670959472656 and parameters: {'gradient_clip_val': 0.43363412457623973, 'hidden_size': 11, 'dropout': 0.16327096152099752, 'hidden_continuous_size': 10, 'attention_head_size': 4, 'learning_rate': 0.0034180508452759132}. Best is trial 1 with value: 70.9938735961914.
LOCAL_RANK: 0 - CUDA_VISIBLE_DEVICES: [0]
[I 2023-11-29 22:23:00,276] Trial 3 finished with value: 113.75921630859375 and parameters: {'gradient_clip_val': 0.18676259918525775, 'hidden_size': 10, 'dropout': 0.3044784389213748, 'hidden_continuous_size': 10, 'attention_head_size': 1, 'learning_rate': 0.011576789921164165}. Best is trial 1 with value: 70.9938735961914.
LOCAL_RANK: 0 - CUDA_VISIBLE_DEVICES: [0]
[I 2023-11-29 22:23:13,399] Trial 4 finished with value: 93.3694839477539 and parameters: {'gradient_clip_val': 0.2617961562197268, 'hidden_size': 56, 'dropout': 0.2513642928201037, 'hidden_continuous_size': 12, 'attention_head_size': 2, 'learning_rate': 0.01692548824205086}. Best is trial 1 with value: 70.9938735961914.
LOCAL_RANK: 0 - CUDA_VISIBLE_DEVICES: [0]
[I 2023-11-29 22:23:26,256] Trial 5 finished with value: 127.11219024658203 and parameters: {'gradient_clip_val': 0.34720567573414973, 'hidden_size': 24, 'dropout': 0.18361013848637367, 'hidden_continuous_size': 16, 'attention_head_size': 4, 'learning_rate': 0.0011368523494856408}. Best is trial 1 with value: 70.9938735961914.
LOCAL_RANK: 0 - CUDA_VISIBLE_DEVICES: [0]
[I 2023-11-29 22:23:40,667] Trial 6 finished with value: 91.1551284790039 and parameters: {'gradient_clip_val': 0.5511780325216256, 'hidden_size': 95, 'dropout': 0.17728338482253672, 'hidden_continuous_size': 25, 'attention_head_size': 2, 'learning_rate': 0.005198398450369732}. Best is trial 1 with value: 70.9938735961914.
LOCAL_RANK: 0 - CUDA_VISIBLE_DEVICES: [0]
[I 2023-11-29 22:23:55,033] Trial 7 finished with value: 112.65076446533203 and parameters: {'gradient_clip_val': 0.3861254213126775, 'hidden_size': 86, 'dropout': 0.19094296591722076, 'hidden_continuous_size': 29, 'attention_head_size': 4, 'learning_rate': 0.0440457657886662}. Best is trial 1 with value: 70.9938735961914.
LOCAL_RANK: 0 - CUDA_VISIBLE_DEVICES: [0]
[I 2023-11-29 22:24:08,589] Trial 8 finished with value: 84.56626892089844 and parameters: {'gradient_clip_val': 0.7453813454356688, 'hidden_size': 53, 'dropout': 0.1501245227485056, 'hidden_continuous_size': 21, 'attention_head_size': 3, 'learning_rate': 0.018268166754739985}. Best is trial 1 with value: 70.9938735961914.
LOCAL_RANK: 0 - CUDA_VISIBLE_DEVICES: [0]
[I 2023-11-29 22:24:22,638] Trial 9 finished with value: 77.04602813720703 and parameters: {'gradient_clip_val': 0.20501549230829721, 'hidden_size': 105, 'dropout': 0.2647664368423717, 'hidden_continuous_size': 16, 'attention_head_size': 2, 'learning_rate': 0.004267904536215708}. Best is trial 1 with value: 70.9938735961914.
LOCAL_RANK: 0 - CUDA_VISIBLE_DEVICES: [0]
[I 2023-11-29 22:24:37,788] Trial 10 finished with value: 83.72674560546875 and parameters: {'gradient_clip_val': 0.11354838239784193, 'hidden_size': 141, 'dropout': 0.39154207580777245, 'hidden_continuous_size': 71, 'attention_head_size': 3, 'learning_rate': 0.0011629074841720897}. Best is trial 1 with value: 70.9938735961914.
LOCAL_RANK: 0 - CUDA_VISIBLE_DEVICES: [0]
[I 2023-11-29 22:24:52,895] Trial 11 finished with value: 76.01592254638672 and parameters: {'gradient_clip_val': 0.2502942541919293, 'hidden_size': 150, 'dropout': 0.3680465464953184, 'hidden_continuous_size': 47, 'attention_head_size': 1, 'learning_rate': 0.0020989063387349097}. Best is trial 1 with value: 70.9938735961914.
LOCAL_RANK: 0 - CUDA_VISIBLE_DEVICES: [0]
[I 2023-11-29 22:25:07,895] Trial 12 finished with value: 65.66619873046875 and parameters: {'gradient_clip_val': 0.16715695938514816, 'hidden_size': 150, 'dropout': 0.3336628856890805, 'hidden_continuous_size': 45, 'attention_head_size': 3, 'learning_rate': 0.002245654688304336}. Best is trial 12 with value: 65.66619873046875.
LOCAL_RANK: 0 - CUDA_VISIBLE_DEVICES: [0]
[I 2023-11-29 22:25:22,261] Trial 13 finished with value: 70.2402572631836 and parameters: {'gradient_clip_val': 0.1380076163830605, 'hidden_size': 76, 'dropout': 0.3470927298552136, 'hidden_continuous_size': 48, 'attention_head_size': 3, 'learning_rate': 0.006321524669561918}. Best is trial 12 with value: 65.66619873046875.
LOCAL_RANK: 0 - CUDA_VISIBLE_DEVICES: [0]
[I 2023-11-29 22:25:36,485] Trial 14 finished with value: 70.58809661865234 and parameters: {'gradient_clip_val': 0.12406184824149838, 'hidden_size': 74, 'dropout': 0.33547348448967235, 'hidden_continuous_size': 41, 'attention_head_size': 3, 'learning_rate': 0.004971127392328233}. Best is trial 12 with value: 65.66619873046875.
LOCAL_RANK: 0 - CUDA_VISIBLE_DEVICES: [0]
[I 2023-11-29 22:25:50,799] Trial 15 finished with value: 83.09254455566406 and parameters: {'gradient_clip_val': 0.1245123669737292, 'hidden_size': 68, 'dropout': 0.33950518581877737, 'hidden_continuous_size': 61, 'attention_head_size': 3, 'learning_rate': 0.00679292591522777}. Best is trial 12 with value: 65.66619873046875.
LOCAL_RANK: 0 - CUDA_VISIBLE_DEVICES: [0]
[I 2023-11-29 22:26:05,938] Trial 16 finished with value: 78.01110076904297 and parameters: {'gradient_clip_val': 0.1546302712992118, 'hidden_size': 102, 'dropout': 0.33725784996987873, 'hidden_continuous_size': 101, 'attention_head_size': 2, 'learning_rate': 0.002850064225283285}. Best is trial 12 with value: 65.66619873046875.
LOCAL_RANK: 0 - CUDA_VISIBLE_DEVICES: [0]
[I 2023-11-29 22:26:19,552] Trial 17 finished with value: 91.23116302490234 and parameters: {'gradient_clip_val': 0.10208079576156873, 'hidden_size': 42, 'dropout': 0.11778668009658244, 'hidden_continuous_size': 26, 'attention_head_size': 4, 'learning_rate': 0.008772184668954497}. Best is trial 12 with value: 65.66619873046875.
LOCAL_RANK: 0 - CUDA_VISIBLE_DEVICES: [0]
[I 2023-11-29 22:26:33,608] Trial 18 finished with value: 127.98473358154297 and parameters: {'gradient_clip_val': 0.15562780987551542, 'hidden_size': 80, 'dropout': 0.21878859285556373, 'hidden_continuous_size': 37, 'attention_head_size': 3, 'learning_rate': 0.09337358394258188}. Best is trial 12 with value: 65.66619873046875.
LOCAL_RANK: 0 - CUDA_VISIBLE_DEVICES: [0]
[I 2023-11-29 22:26:48,262] Trial 19 finished with value: 77.96932220458984 and parameters: {'gradient_clip_val': 0.1573822024328214, 'hidden_size': 113, 'dropout': 0.3953632139313615, 'hidden_continuous_size': 62, 'attention_head_size': 2, 'learning_rate': 0.0029438354014760864}. Best is trial 12 with value: 65.66619873046875.
LOCAL_RANK: 0 - CUDA_VISIBLE_DEVICES: [0]
[I 2023-11-29 22:27:02,181] Trial 20 finished with value: 93.76608276367188 and parameters: {'gradient_clip_val': 0.13654259119360962, 'hidden_size': 64, 'dropout': 0.30063030503019506, 'hidden_continuous_size': 32, 'attention_head_size': 4, 'learning_rate': 0.0067322033867024}. Best is trial 12 with value: 65.66619873046875.
LOCAL_RANK: 0 - CUDA_VISIBLE_DEVICES: [0]
[I 2023-11-29 22:27:16,866] Trial 21 finished with value: 68.43712615966797 and parameters: {'gradient_clip_val': 0.11217149403223137, 'hidden_size': 83, 'dropout': 0.34508214430874745, 'hidden_continuous_size': 41, 'attention_head_size': 3, 'learning_rate': 0.004781539997150367}. Best is trial 12 with value: 65.66619873046875.
LOCAL_RANK: 0 - CUDA_VISIBLE_DEVICES: [0]
[I 2023-11-29 22:27:31,493] Trial 22 finished with value: 83.77901458740234 and parameters: {'gradient_clip_val': 0.10327432940244292, 'hidden_size': 108, 'dropout': 0.35734480543943903, 'hidden_continuous_size': 42, 'attention_head_size': 3, 'learning_rate': 0.003581596210485495}. Best is trial 12 with value: 65.66619873046875.
LOCAL_RANK: 0 - CUDA_VISIBLE_DEVICES: [0]
[I 2023-11-29 22:27:45,719] Trial 23 finished with value: 72.44367980957031 and parameters: {'gradient_clip_val': 0.136311055465133, 'hidden_size': 86, 'dropout': 0.3531219187629542, 'hidden_continuous_size': 36, 'attention_head_size': 3, 'learning_rate': 0.0056243890780318506}. Best is trial 12 with value: 65.66619873046875.
LOCAL_RANK: 0 - CUDA_VISIBLE_DEVICES: [0]
[I 2023-11-29 22:28:00,592] Trial 24 finished with value: 103.57808685302734 and parameters: {'gradient_clip_val': 0.10244829936898114, 'hidden_size': 122, 'dropout': 0.3200918606824685, 'hidden_continuous_size': 53, 'attention_head_size': 3, 'learning_rate': 0.009435841532446393}. Best is trial 12 with value: 65.66619873046875.
LOCAL_RANK: 0 - CUDA_VISIBLE_DEVICES: [0]
[I 2023-11-29 22:28:14,881] Trial 25 finished with value: 75.77497100830078 and parameters: {'gradient_clip_val': 0.17800910189261854, 'hidden_size': 86, 'dropout': 0.37199360950658206, 'hidden_continuous_size': 42, 'attention_head_size': 2, 'learning_rate': 0.0024053737272970123}. Best is trial 12 with value: 65.66619873046875.
LOCAL_RANK: 0 - CUDA_VISIBLE_DEVICES: [0]
[I 2023-11-29 22:28:28,797] Trial 26 finished with value: 75.3918228149414 and parameters: {'gradient_clip_val': 0.13376856182240346, 'hidden_size': 52, 'dropout': 0.2799045426366193, 'hidden_continuous_size': 31, 'attention_head_size': 3, 'learning_rate': 0.0037566641358132108}. Best is trial 12 with value: 65.66619873046875.
LOCAL_RANK: 0 - CUDA_VISIBLE_DEVICES: [0]
[I 2023-11-29 22:28:42,898] Trial 27 finished with value: 84.27767181396484 and parameters: {'gradient_clip_val': 0.2263283853618222, 'hidden_size': 70, 'dropout': 0.3237192504452041, 'hidden_continuous_size': 41, 'attention_head_size': 4, 'learning_rate': 0.004101606559134814}. Best is trial 12 with value: 65.66619873046875.
LOCAL_RANK: 0 - CUDA_VISIBLE_DEVICES: [0]
[I 2023-11-29 22:28:57,705] Trial 28 finished with value: 76.18171691894531 and parameters: {'gradient_clip_val': 0.17331492447887772, 'hidden_size': 123, 'dropout': 0.3536165003149321, 'hidden_continuous_size': 64, 'attention_head_size': 3, 'learning_rate': 0.0016207575835265088}. Best is trial 12 with value: 65.66619873046875.
LOCAL_RANK: 0 - CUDA_VISIBLE_DEVICES: [0]
[I 2023-11-29 22:29:12,604] Trial 29 finished with value: 77.76734924316406 and parameters: {'gradient_clip_val': 0.2916245622950148, 'hidden_size': 123, 'dropout': 0.279394463439222, 'hidden_continuous_size': 86, 'attention_head_size': 2, 'learning_rate': 0.002620321304905395}. Best is trial 12 with value: 65.66619873046875.
LOCAL_RANK: 0 - CUDA_VISIBLE_DEVICES: [0]
[I 2023-11-29 22:29:27,315] Trial 30 finished with value: 93.78839111328125 and parameters: {'gradient_clip_val': 0.2251552692197112, 'hidden_size': 100, 'dropout': 0.31298346077171413, 'hidden_continuous_size': 51, 'attention_head_size': 4, 'learning_rate': 0.0017623301853036276}. Best is trial 12 with value: 65.66619873046875.
LOCAL_RANK: 0 - CUDA_VISIBLE_DEVICES: [0]
[I 2023-11-29 22:29:41,692] Trial 31 finished with value: 90.8912124633789 and parameters: {'gradient_clip_val': 0.11663628199896567, 'hidden_size': 76, 'dropout': 0.33344791311379784, 'hidden_continuous_size': 36, 'attention_head_size': 3, 'learning_rate': 0.004842480561883676}. Best is trial 12 with value: 65.66619873046875.
LOCAL_RANK: 0 - CUDA_VISIBLE_DEVICES: [0]
[I 2023-11-29 22:29:55,563] Trial 32 finished with value: 73.63004302978516 and parameters: {'gradient_clip_val': 0.13248847094671135, 'hidden_size': 60, 'dropout': 0.29146428075288394, 'hidden_continuous_size': 45, 'attention_head_size': 3, 'learning_rate': 0.006518425329500137}. Best is trial 12 with value: 65.66619873046875.
LOCAL_RANK: 0 - CUDA_VISIBLE_DEVICES: [0]
[I 2023-11-29 22:30:09,765] Trial 33 finished with value: 79.08199310302734 and parameters: {'gradient_clip_val': 0.11853192937600283, 'hidden_size': 74, 'dropout': 0.37709437018795916, 'hidden_continuous_size': 38, 'attention_head_size': 3, 'learning_rate': 0.0031917120657546667}. Best is trial 12 with value: 65.66619873046875.
LOCAL_RANK: 0 - CUDA_VISIBLE_DEVICES: [0]
[I 2023-11-29 22:30:24,836] Trial 34 finished with value: 97.2433853149414 and parameters: {'gradient_clip_val': 0.15049810776133238, 'hidden_size': 147, 'dropout': 0.34536402417894535, 'hidden_continuous_size': 52, 'attention_head_size': 3, 'learning_rate': 0.004753724465161242}. Best is trial 12 with value: 65.66619873046875.
LOCAL_RANK: 0 - CUDA_VISIBLE_DEVICES: [0]
[I 2023-11-29 22:30:39,451] Trial 35 finished with value: 74.73841094970703 and parameters: {'gradient_clip_val': 0.18099719365897418, 'hidden_size': 94, 'dropout': 0.30987607445416343, 'hidden_continuous_size': 46, 'attention_head_size': 3, 'learning_rate': 0.0025038496841619973}. Best is trial 12 with value: 65.66619873046875.
LOCAL_RANK: 0 - CUDA_VISIBLE_DEVICES: [0]
[I 2023-11-29 22:30:53,318] Trial 36 finished with value: 99.84271240234375 and parameters: {'gradient_clip_val': 0.11294196023174949, 'hidden_size': 47, 'dropout': 0.32639778878833614, 'hidden_continuous_size': 33, 'attention_head_size': 3, 'learning_rate': 0.0015661120877016534}. Best is trial 12 with value: 65.66619873046875.
LOCAL_RANK: 0 - CUDA_VISIBLE_DEVICES: [0]
[I 2023-11-29 22:31:06,765] Trial 37 finished with value: 91.7435531616211 and parameters: {'gradient_clip_val': 0.13755084518347185, 'hidden_size': 38, 'dropout': 0.36031827882304335, 'hidden_continuous_size': 30, 'attention_head_size': 4, 'learning_rate': 0.0038537783987234566}. Best is trial 12 with value: 65.66619873046875.
LOCAL_RANK: 0 - CUDA_VISIBLE_DEVICES: [0]
[I 2023-11-29 22:31:20,540] Trial 38 finished with value: 80.18190002441406 and parameters: {'gradient_clip_val': 0.20220212475591287, 'hidden_size': 60, 'dropout': 0.39780625627701466, 'hidden_continuous_size': 39, 'attention_head_size': 2, 'learning_rate': 0.011452288603050672}. Best is trial 12 with value: 65.66619873046875.
LOCAL_RANK: 0 - CUDA_VISIBLE_DEVICES: [0]
[I 2023-11-29 22:31:34,008] Trial 39 finished with value: 69.00370025634766 and parameters: {'gradient_clip_val': 0.16906477117163604, 'hidden_size': 31, 'dropout': 0.3739965019419229, 'hidden_continuous_size': 28, 'attention_head_size': 1, 'learning_rate': 0.007898253749086474}. Best is trial 12 with value: 65.66619873046875.
LOCAL_RANK: 0 - CUDA_VISIBLE_DEVICES: [0]
[I 2023-11-29 22:31:47,158] Trial 40 finished with value: 78.58349609375 and parameters: {'gradient_clip_val': 0.1685276256001538, 'hidden_size': 31, 'dropout': 0.3829688055630341, 'hidden_continuous_size': 28, 'attention_head_size': 1, 'learning_rate': 0.014279256494495502}. Best is trial 12 with value: 65.66619873046875.
LOCAL_RANK: 0 - CUDA_VISIBLE_DEVICES: [0]
