[I 2023-11-30 13:23:14,994] Trial 133 finished with value: 139.82423400878906 and parameters: {'gradient_clip_val': 0.1518362472579587, 'hidden_size': 56, 'dropout': 0.24204908666536742, 'hidden_continuous_size': 17, 'attention_head_size': 4, 'learning_rate': 0.02926623915075735}. Best is trial 128 with value: 137.99168395996094.
LOCAL_RANK: 0 - CUDA_VISIBLE_DEVICES: [0]
[I 2023-11-30 13:23:27,527] Trial 134 finished with value: 166.97764587402344 and parameters: {'gradient_clip_val': 0.1492131793524794, 'hidden_size': 56, 'dropout': 0.2510481946608676, 'hidden_continuous_size': 18, 'attention_head_size': 4, 'learning_rate': 0.02966998135376406}. Best is trial 128 with value: 137.99168395996094.
LOCAL_RANK: 0 - CUDA_VISIBLE_DEVICES: [0]
[I 2023-11-30 13:23:40,378] Trial 135 finished with value: 153.64585876464844 and parameters: {'gradient_clip_val': 0.15396617123311587, 'hidden_size': 58, 'dropout': 0.23002918160292388, 'hidden_continuous_size': 19, 'attention_head_size': 4, 'learning_rate': 0.03392056068755893}. Best is trial 128 with value: 137.99168395996094.
LOCAL_RANK: 0 - CUDA_VISIBLE_DEVICES: [0]
[I 2023-11-30 13:23:53,211] Trial 136 finished with value: 146.44480895996094 and parameters: {'gradient_clip_val': 0.17940373926758182, 'hidden_size': 50, 'dropout': 0.2408521578237197, 'hidden_continuous_size': 17, 'attention_head_size': 4, 'learning_rate': 0.027905626153144382}. Best is trial 128 with value: 137.99168395996094.
LOCAL_RANK: 0 - CUDA_VISIBLE_DEVICES: [0]
[I 2023-11-30 13:24:06,185] Trial 137 finished with value: 141.59234619140625 and parameters: {'gradient_clip_val': 0.16380004825318123, 'hidden_size': 53, 'dropout': 0.249206109944096, 'hidden_continuous_size': 17, 'attention_head_size': 4, 'learning_rate': 0.02196692781087809}. Best is trial 128 with value: 137.99168395996094.
LOCAL_RANK: 0 - CUDA_VISIBLE_DEVICES: [0]
[I 2023-11-30 13:24:19,210] Trial 138 finished with value: 153.85633850097656 and parameters: {'gradient_clip_val': 0.165839582751311, 'hidden_size': 63, 'dropout': 0.2513435637900596, 'hidden_continuous_size': 19, 'attention_head_size': 4, 'learning_rate': 0.02068221046770331}. Best is trial 128 with value: 137.99168395996094.
LOCAL_RANK: 0 - CUDA_VISIBLE_DEVICES: [0]
[I 2023-11-30 13:24:32,021] Trial 139 finished with value: 146.02081298828125 and parameters: {'gradient_clip_val': 0.18930076572829876, 'hidden_size': 54, 'dropout': 0.2614958287874936, 'hidden_continuous_size': 20, 'attention_head_size': 4, 'learning_rate': 0.022613361234840635}. Best is trial 128 with value: 137.99168395996094.
LOCAL_RANK: 0 - CUDA_VISIBLE_DEVICES: [0]
[I 2023-11-30 13:24:44,949] Trial 140 finished with value: 141.79156494140625 and parameters: {'gradient_clip_val': 0.1590421598528167, 'hidden_size': 61, 'dropout': 0.24367595881766113, 'hidden_continuous_size': 18, 'attention_head_size': 4, 'learning_rate': 0.018901215171976935}. Best is trial 128 with value: 137.99168395996094.
LOCAL_RANK: 0 - CUDA_VISIBLE_DEVICES: [0]
[I 2023-11-30 13:24:57,841] Trial 141 finished with value: 148.8502960205078 and parameters: {'gradient_clip_val': 0.15891528023287277, 'hidden_size': 58, 'dropout': 0.23275898467893144, 'hidden_continuous_size': 18, 'attention_head_size': 4, 'learning_rate': 0.03094810939303071}. Best is trial 128 with value: 137.99168395996094.
LOCAL_RANK: 0 - CUDA_VISIBLE_DEVICES: [0]
[I 2023-11-30 13:25:10,787] Trial 142 finished with value: 137.88426208496094 and parameters: {'gradient_clip_val': 0.17015766082456768, 'hidden_size': 52, 'dropout': 0.24551783965625573, 'hidden_continuous_size': 17, 'attention_head_size': 4, 'learning_rate': 0.018760820522565953}. Best is trial 142 with value: 137.88426208496094.
LOCAL_RANK: 0 - CUDA_VISIBLE_DEVICES: [0]
[I 2023-11-30 13:25:23,706] Trial 143 finished with value: 146.9506072998047 and parameters: {'gradient_clip_val': 0.17432156087912734, 'hidden_size': 60, 'dropout': 0.24427220803167254, 'hidden_continuous_size': 17, 'attention_head_size': 4, 'learning_rate': 0.018838278266110734}. Best is trial 142 with value: 137.88426208496094.
LOCAL_RANK: 0 - CUDA_VISIBLE_DEVICES: [0]
[I 2023-11-30 13:25:36,324] Trial 144 finished with value: 139.73660278320312 and parameters: {'gradient_clip_val': 0.204598286123486, 'hidden_size': 54, 'dropout': 0.2574678392342041, 'hidden_continuous_size': 18, 'attention_head_size': 4, 'learning_rate': 0.020517107388383124}. Best is trial 142 with value: 137.88426208496094.
LOCAL_RANK: 0 - CUDA_VISIBLE_DEVICES: [0]
[I 2023-11-30 13:25:49,197] Trial 145 finished with value: 173.5357208251953 and parameters: {'gradient_clip_val': 0.19769084708750106, 'hidden_size': 51, 'dropout': 0.26641693159907426, 'hidden_continuous_size': 17, 'attention_head_size': 4, 'learning_rate': 0.02036982941720143}. Best is trial 142 with value: 137.88426208496094.
LOCAL_RANK: 0 - CUDA_VISIBLE_DEVICES: [0]
[I 2023-11-30 13:26:01,924] Trial 146 finished with value: 147.8714599609375 and parameters: {'gradient_clip_val': 0.17163637572677792, 'hidden_size': 53, 'dropout': 0.2578002212538639, 'hidden_continuous_size': 16, 'attention_head_size': 4, 'learning_rate': 0.021828374936142782}. Best is trial 142 with value: 137.88426208496094.
LOCAL_RANK: 0 - CUDA_VISIBLE_DEVICES: [0]
[I 2023-11-30 13:26:15,194] Trial 147 finished with value: 151.21124267578125 and parameters: {'gradient_clip_val': 0.18094814505649026, 'hidden_size': 66, 'dropout': 0.2525695790203369, 'hidden_continuous_size': 20, 'attention_head_size': 4, 'learning_rate': 0.013201238086195348}. Best is trial 142 with value: 137.88426208496094.
LOCAL_RANK: 0 - CUDA_VISIBLE_DEVICES: [0]
[I 2023-11-30 13:26:27,908] Trial 148 finished with value: 141.0104217529297 and parameters: {'gradient_clip_val': 0.14835460886439156, 'hidden_size': 49, 'dropout': 0.2779016945697115, 'hidden_continuous_size': 18, 'attention_head_size': 4, 'learning_rate': 0.025794598922794346}. Best is trial 142 with value: 137.88426208496094.
LOCAL_RANK: 0 - CUDA_VISIBLE_DEVICES: [0]
[I 2023-11-30 13:26:40,448] Trial 149 finished with value: 145.7607879638672 and parameters: {'gradient_clip_val': 0.14833393706802364, 'hidden_size': 48, 'dropout': 0.2732213781367336, 'hidden_continuous_size': 17, 'attention_head_size': 4, 'learning_rate': 0.017165605428306717}. Best is trial 142 with value: 137.88426208496094.
[I 2023-11-30 13:26:40,557] A new study created in memory with name: no-name-e7f3b30a-852d-4c23-b1ca-b2bfbc4b07ca
/home/le004/conda/anaconda3/envs/tsff_env/lib/python3.9/site-packages/lightning/fabric/plugins/environments/slurm.py:191: The `srun` command is available on your system but is not used. HINT: If your intention is to run Lightning on SLURM, prepend your python command with `srun` like so: srun python /home/le004/master_thesis/git/TSFusionForecast/code/ ...
LOCAL_RANK: 0 - CUDA_VISIBLE_DEVICES: [0]
[I 2023-11-30 13:26:50,558] Trial 0 finished with value: 118.0622787475586 and parameters: {'gradient_clip_val': 0.5598354238454659, 'hidden_size': 10, 'dropout': 0.39621860392197117, 'hidden_continuous_size': 10, 'attention_head_size': 3, 'learning_rate': 0.0016243675304724015}. Best is trial 0 with value: 118.0622787475586.
LOCAL_RANK: 0 - CUDA_VISIBLE_DEVICES: [0]
[I 2023-11-30 13:27:02,097] Trial 1 finished with value: 27.432456970214844 and parameters: {'gradient_clip_val': 0.5820285902690584, 'hidden_size': 12, 'dropout': 0.30233530638711803, 'hidden_continuous_size': 11, 'attention_head_size': 1, 'learning_rate': 0.017719469537945388}. Best is trial 1 with value: 27.432456970214844.
LOCAL_RANK: 0 - CUDA_VISIBLE_DEVICES: [0]
[I 2023-11-30 13:27:14,217] Trial 2 finished with value: 31.789634704589844 and parameters: {'gradient_clip_val': 0.6178594653463294, 'hidden_size': 32, 'dropout': 0.37695006743461257, 'hidden_continuous_size': 10, 'attention_head_size': 3, 'learning_rate': 0.005798782624932431}. Best is trial 1 with value: 27.432456970214844.
LOCAL_RANK: 0 - CUDA_VISIBLE_DEVICES: [0]
[I 2023-11-30 13:27:27,110] Trial 3 finished with value: 7.914107799530029 and parameters: {'gradient_clip_val': 0.45690929792406076, 'hidden_size': 67, 'dropout': 0.2725227105950477, 'hidden_continuous_size': 11, 'attention_head_size': 3, 'learning_rate': 0.025602948445647828}. Best is trial 3 with value: 7.914107799530029.
LOCAL_RANK: 0 - CUDA_VISIBLE_DEVICES: [0]
[I 2023-11-30 13:27:39,002] Trial 4 finished with value: 11.123313903808594 and parameters: {'gradient_clip_val': 0.44307643054866164, 'hidden_size': 20, 'dropout': 0.36211726110752984, 'hidden_continuous_size': 12, 'attention_head_size': 4, 'learning_rate': 0.04159014801517044}. Best is trial 3 with value: 7.914107799530029.
LOCAL_RANK: 0 - CUDA_VISIBLE_DEVICES: [0]
[I 2023-11-30 13:27:51,111] Trial 5 finished with value: 35.06694030761719 and parameters: {'gradient_clip_val': 0.35004256577465487, 'hidden_size': 15, 'dropout': 0.13723683700445263, 'hidden_continuous_size': 14, 'attention_head_size': 4, 'learning_rate': 0.013405627137733045}. Best is trial 3 with value: 7.914107799530029.
LOCAL_RANK: 0 - CUDA_VISIBLE_DEVICES: [0]
[I 2023-11-30 13:28:04,137] Trial 6 finished with value: 8.494224548339844 and parameters: {'gradient_clip_val': 0.19188097475431048, 'hidden_size': 93, 'dropout': 0.33781570480364853, 'hidden_continuous_size': 14, 'attention_head_size': 1, 'learning_rate': 0.02205414112195365}. Best is trial 3 with value: 7.914107799530029.
LOCAL_RANK: 0 - CUDA_VISIBLE_DEVICES: [0]
[I 2023-11-30 13:28:17,402] Trial 7 finished with value: 12.216212272644043 and parameters: {'gradient_clip_val': 0.1920004926316086, 'hidden_size': 65, 'dropout': 0.12043015405146178, 'hidden_continuous_size': 34, 'attention_head_size': 2, 'learning_rate': 0.004944631690640311}. Best is trial 3 with value: 7.914107799530029.
LOCAL_RANK: 0 - CUDA_VISIBLE_DEVICES: [0]
[I 2023-11-30 13:28:29,240] Trial 8 finished with value: 88.90180206298828 and parameters: {'gradient_clip_val': 0.2252694288305319, 'hidden_size': 14, 'dropout': 0.2751464128702438, 'hidden_continuous_size': 11, 'attention_head_size': 2, 'learning_rate': 0.0018421223430145335}. Best is trial 3 with value: 7.914107799530029.
LOCAL_RANK: 0 - CUDA_VISIBLE_DEVICES: [0]
[I 2023-11-30 13:28:41,478] Trial 9 finished with value: 29.998987197875977 and parameters: {'gradient_clip_val': 0.26186309443182254, 'hidden_size': 30, 'dropout': 0.24367552939970058, 'hidden_continuous_size': 22, 'attention_head_size': 2, 'learning_rate': 0.006482843589957469}. Best is trial 3 with value: 7.914107799530029.
LOCAL_RANK: 0 - CUDA_VISIBLE_DEVICES: [0]
[I 2023-11-30 13:28:55,633] Trial 10 finished with value: 9.314085960388184 and parameters: {'gradient_clip_val': 0.9573994345862514, 'hidden_size': 125, 'dropout': 0.21831694018889536, 'hidden_continuous_size': 98, 'attention_head_size': 3, 'learning_rate': 0.07618822919410376}. Best is trial 3 with value: 7.914107799530029.
LOCAL_RANK: 0 - CUDA_VISIBLE_DEVICES: [0]
[I 2023-11-30 13:29:08,218] Trial 11 finished with value: 9.136908531188965 and parameters: {'gradient_clip_val': 0.12312960087286669, 'hidden_size': 60, 'dropout': 0.3167242191775142, 'hidden_continuous_size': 16, 'attention_head_size': 1, 'learning_rate': 0.0263895521958549}. Best is trial 3 with value: 7.914107799530029.
LOCAL_RANK: 0 - CUDA_VISIBLE_DEVICES: [0]
[I 2023-11-30 13:29:21,972] Trial 12 finished with value: 9.566643714904785 and parameters: {'gradient_clip_val': 0.14882301418359378, 'hidden_size': 124, 'dropout': 0.3333262802197956, 'hidden_continuous_size': 20, 'attention_head_size': 1, 'learning_rate': 0.03226804634632529}. Best is trial 3 with value: 7.914107799530029.
LOCAL_RANK: 0 - CUDA_VISIBLE_DEVICES: [0]
[I 2023-11-30 13:29:35,116] Trial 13 finished with value: 8.757542610168457 and parameters: {'gradient_clip_val': 0.321203858303151, 'hidden_size': 74, 'dropout': 0.2771184984003277, 'hidden_continuous_size': 16, 'attention_head_size': 3, 'learning_rate': 0.09248115435049215}. Best is trial 3 with value: 7.914107799530029.
LOCAL_RANK: 0 - CUDA_VISIBLE_DEVICES: [0]
[I 2023-11-30 13:29:48,369] Trial 14 finished with value: 9.114577293395996 and parameters: {'gradient_clip_val': 0.17155296654376168, 'hidden_size': 87, 'dropout': 0.3402463796682473, 'hidden_continuous_size': 25, 'attention_head_size': 2, 'learning_rate': 0.014567912570018502}. Best is trial 3 with value: 7.914107799530029.
LOCAL_RANK: 0 - CUDA_VISIBLE_DEVICES: [0]
[I 2023-11-30 13:30:00,860] Trial 15 finished with value: 8.869189262390137 and parameters: {'gradient_clip_val': 0.11907329171663417, 'hidden_size': 48, 'dropout': 0.21054373688134853, 'hidden_continuous_size': 13, 'attention_head_size': 4, 'learning_rate': 0.03801703203941327}. Best is trial 3 with value: 7.914107799530029.
LOCAL_RANK: 0 - CUDA_VISIBLE_DEVICES: [0]
[I 2023-11-30 13:30:14,092] Trial 16 finished with value: 11.257011413574219 and parameters: {'gradient_clip_val': 0.2574653004617199, 'hidden_size': 95, 'dropout': 0.3559146411709449, 'hidden_continuous_size': 18, 'attention_head_size': 1, 'learning_rate': 0.021780437680191833}. Best is trial 3 with value: 7.914107799530029.
LOCAL_RANK: 0 - CUDA_VISIBLE_DEVICES: [0]
[I 2023-11-30 13:30:26,609] Trial 17 finished with value: 10.857928276062012 and parameters: {'gradient_clip_val': 0.10324459922743476, 'hidden_size': 48, 'dropout': 0.3036815342151515, 'hidden_continuous_size': 13, 'attention_head_size': 2, 'learning_rate': 0.009329856097713913}. Best is trial 3 with value: 7.914107799530029.
LOCAL_RANK: 0 - CUDA_VISIBLE_DEVICES: [0]
[I 2023-11-30 13:30:40,751] Trial 18 finished with value: 8.532130241394043 and parameters: {'gradient_clip_val': 0.2061174052945142, 'hidden_size': 147, 'dropout': 0.32984955820577605, 'hidden_continuous_size': 32, 'attention_head_size': 3, 'learning_rate': 0.05842586204051901}. Best is trial 3 with value: 7.914107799530029.
LOCAL_RANK: 0 - CUDA_VISIBLE_DEVICES: [0]
[I 2023-11-30 13:30:53,814] Trial 19 finished with value: 8.781982421875 and parameters: {'gradient_clip_val': 0.38641306344679577, 'hidden_size': 88, 'dropout': 0.3998510219583623, 'hidden_continuous_size': 15, 'attention_head_size': 1, 'learning_rate': 0.05345244736393792}. Best is trial 3 with value: 7.914107799530029.
LOCAL_RANK: 0 - CUDA_VISIBLE_DEVICES: [0]
[I 2023-11-30 13:31:06,337] Trial 20 finished with value: 11.573771476745605 and parameters: {'gradient_clip_val': 0.26520755722124517, 'hidden_size': 50, 'dropout': 0.2828992619161085, 'hidden_continuous_size': 10, 'attention_head_size': 4, 'learning_rate': 0.02341559792845001}. Best is trial 3 with value: 7.914107799530029.
LOCAL_RANK: 0 - CUDA_VISIBLE_DEVICES: [0]
[I 2023-11-30 13:31:20,444] Trial 21 finished with value: 9.179300308227539 and parameters: {'gradient_clip_val': 0.19565233309825764, 'hidden_size': 141, 'dropout': 0.32861609386908525, 'hidden_continuous_size': 28, 'attention_head_size': 3, 'learning_rate': 0.05542326353033737}. Best is trial 3 with value: 7.914107799530029.
LOCAL_RANK: 0 - CUDA_VISIBLE_DEVICES: [0]
[I 2023-11-30 13:31:34,124] Trial 22 finished with value: 7.898030757904053 and parameters: {'gradient_clip_val': 0.15442906059329917, 'hidden_size': 112, 'dropout': 0.3469185797980323, 'hidden_continuous_size': 36, 'attention_head_size': 3, 'learning_rate': 0.05448938189458343}. Best is trial 22 with value: 7.898030757904053.
LOCAL_RANK: 0 - CUDA_VISIBLE_DEVICES: [0]
[I 2023-11-30 13:31:47,702] Trial 23 finished with value: 8.99939250946045 and parameters: {'gradient_clip_val': 0.1541744178831839, 'hidden_size': 104, 'dropout': 0.34833283557072225, 'hidden_continuous_size': 40, 'attention_head_size': 3, 'learning_rate': 0.030629737109268078}. Best is trial 22 with value: 7.898030757904053.
LOCAL_RANK: 0 - CUDA_VISIBLE_DEVICES: [0]
[I 2023-11-30 13:32:01,096] Trial 24 finished with value: 10.19394588470459 and parameters: {'gradient_clip_val': 0.15777313006360796, 'hidden_size': 107, 'dropout': 0.368018809896536, 'hidden_continuous_size': 19, 'attention_head_size': 2, 'learning_rate': 0.03478785754794249}. Best is trial 22 with value: 7.898030757904053.
LOCAL_RANK: 0 - CUDA_VISIBLE_DEVICES: [0]
[I 2023-11-30 13:32:13,959] Trial 25 finished with value: 9.366427421569824 and parameters: {'gradient_clip_val': 0.1407343287653061, 'hidden_size': 76, 'dropout': 0.31080172559874414, 'hidden_continuous_size': 13, 'attention_head_size': 3, 'learning_rate': 0.020674593592242402}. Best is trial 22 with value: 7.898030757904053.
LOCAL_RANK: 0 - CUDA_VISIBLE_DEVICES: [0]
[I 2023-11-30 13:32:27,857] Trial 26 finished with value: 10.505354881286621 and parameters: {'gradient_clip_val': 0.1766767053488719, 'hidden_size': 111, 'dropout': 0.3786736191971797, 'hidden_continuous_size': 40, 'attention_head_size': 4, 'learning_rate': 0.08161812212963244}. Best is trial 22 with value: 7.898030757904053.
LOCAL_RANK: 0 - CUDA_VISIBLE_DEVICES: [0]
[I 2023-11-30 13:32:40,978] Trial 27 finished with value: 9.204812049865723 and parameters: {'gradient_clip_val': 0.2178175393831185, 'hidden_size': 90, 'dropout': 0.3491360131534074, 'hidden_continuous_size': 17, 'attention_head_size': 2, 'learning_rate': 0.039972276238694704}. Best is trial 22 with value: 7.898030757904053.
LOCAL_RANK: 0 - CUDA_VISIBLE_DEVICES: [0]
[I 2023-11-30 13:32:53,949] Trial 28 finished with value: 8.836581230163574 and parameters: {'gradient_clip_val': 0.2852937331272021, 'hidden_size': 71, 'dropout': 0.28673688197040925, 'hidden_continuous_size': 15, 'attention_head_size': 3, 'learning_rate': 0.09844660363101879}. Best is trial 22 with value: 7.898030757904053.
LOCAL_RANK: 0 - CUDA_VISIBLE_DEVICES: [0]
[I 2023-11-30 13:33:08,070] Trial 29 finished with value: 8.764490127563477 and parameters: {'gradient_clip_val': 0.23815416069998271, 'hidden_size': 150, 'dropout': 0.39509545732233153, 'hidden_continuous_size': 22, 'attention_head_size': 3, 'learning_rate': 0.027414586210335195}. Best is trial 22 with value: 7.898030757904053.
LOCAL_RANK: 0 - CUDA_VISIBLE_DEVICES: [0]
[I 2023-11-30 13:33:21,136] Trial 30 finished with value: 10.576380729675293 and parameters: {'gradient_clip_val': 0.18317371626872453, 'hidden_size': 83, 'dropout': 0.25730814450781014, 'hidden_continuous_size': 11, 'attention_head_size': 3, 'learning_rate': 0.016209425602502436}. Best is trial 22 with value: 7.898030757904053.
LOCAL_RANK: 0 - CUDA_VISIBLE_DEVICES: [0]
[I 2023-11-30 13:33:35,132] Trial 31 finished with value: 10.657509803771973 and parameters: {'gradient_clip_val': 0.20790690279880203, 'hidden_size': 120, 'dropout': 0.3332835924777725, 'hidden_continuous_size': 49, 'attention_head_size': 3, 'learning_rate': 0.05866161617013065}. Best is trial 22 with value: 7.898030757904053.
LOCAL_RANK: 0 - CUDA_VISIBLE_DEVICES: [0]
[I 2023-11-30 13:33:50,448] Trial 32 finished with value: 9.027441024780273 and parameters: {'gradient_clip_val': 0.22262377114385695, 'hidden_size': 147, 'dropout': 0.3204549236790085, 'hidden_continuous_size': 53, 'attention_head_size': 3, 'learning_rate': 0.05136355092691226}. Best is trial 22 with value: 7.898030757904053.
LOCAL_RANK: 0 - CUDA_VISIBLE_DEVICES: [0]
[I 2023-11-30 13:34:04,976] Trial 33 finished with value: 8.701704978942871 and parameters: {'gradient_clip_val': 0.1383017949200187, 'hidden_size': 100, 'dropout': 0.30383717532265475, 'hidden_continuous_size': 28, 'attention_head_size': 3, 'learning_rate': 0.06332379844743828}. Best is trial 22 with value: 7.898030757904053.
LOCAL_RANK: 0 - CUDA_VISIBLE_DEVICES: [0]
[I 2023-11-30 13:34:19,820] Trial 34 finished with value: 9.801468849182129 and parameters: {'gradient_clip_val': 0.2988384783711789, 'hidden_size': 100, 'dropout': 0.3697705735648449, 'hidden_continuous_size': 11, 'attention_head_size': 4, 'learning_rate': 0.042551857959582405}. Best is trial 22 with value: 7.898030757904053.
LOCAL_RANK: 0 - CUDA_VISIBLE_DEVICES: [0]
[I 2023-11-30 13:34:34,193] Trial 35 finished with value: 9.324727058410645 and parameters: {'gradient_clip_val': 0.16896381378453731, 'hidden_size': 131, 'dropout': 0.3466474381948303, 'hidden_continuous_size': 10, 'attention_head_size': 2, 'learning_rate': 0.07164622526778813}. Best is trial 22 with value: 7.898030757904053.
LOCAL_RANK: 0 - CUDA_VISIBLE_DEVICES: [0]
[I 2023-11-30 13:34:48,377] Trial 36 finished with value: 9.193861961364746 and parameters: {'gradient_clip_val': 0.4710290870205012, 'hidden_size': 116, 'dropout': 0.3218043751461172, 'hidden_continuous_size': 12, 'attention_head_size': 4, 'learning_rate': 0.04678570925097447}. Best is trial 22 with value: 7.898030757904053.
LOCAL_RANK: 0 - CUDA_VISIBLE_DEVICES: [0]
[I 2023-11-30 13:35:03,077] Trial 37 finished with value: 10.33726692199707 and parameters: {'gradient_clip_val': 0.19644218619794454, 'hidden_size': 79, 'dropout': 0.29729755818611187, 'hidden_continuous_size': 14, 'attention_head_size': 3, 'learning_rate': 0.01849146222143481}. Best is trial 22 with value: 7.898030757904053.
LOCAL_RANK: 0 - CUDA_VISIBLE_DEVICES: [0]
[I 2023-11-30 13:35:18,278] Trial 38 finished with value: 9.447354316711426 and parameters: {'gradient_clip_val': 0.34607887948197463, 'hidden_size': 65, 'dropout': 0.37919744020315194, 'hidden_continuous_size': 10, 'attention_head_size': 3, 'learning_rate': 0.02973521169633801}. Best is trial 22 with value: 7.898030757904053.
LOCAL_RANK: 0 - CUDA_VISIBLE_DEVICES: [0]
[I 2023-11-30 13:35:33,638] Trial 39 finished with value: 9.907247543334961 and parameters: {'gradient_clip_val': 0.22856346936478342, 'hidden_size': 130, 'dropout': 0.3589771156125068, 'hidden_continuous_size': 20, 'attention_head_size': 2, 'learning_rate': 0.04392705915117934}. Best is trial 22 with value: 7.898030757904053.
LOCAL_RANK: 0 - CUDA_VISIBLE_DEVICES: [0]
