[I 2023-11-30 00:01:12,161] Trial 1 finished with value: 287.6861877441406 and parameters: {'gradient_clip_val': 0.7990989087685525, 'hidden_size': 31, 'dropout': 0.1429326944216354, 'hidden_continuous_size': 13, 'attention_head_size': 1, 'learning_rate': 0.007821242405508943}. Best is trial 1 with value: 287.6861877441406.
LOCAL_RANK: 0 - CUDA_VISIBLE_DEVICES: [0]
[I 2023-11-30 00:01:24,153] Trial 2 finished with value: 307.2315673828125 and parameters: {'gradient_clip_val': 0.16620126143716896, 'hidden_size': 18, 'dropout': 0.2721486357982645, 'hidden_continuous_size': 15, 'attention_head_size': 1, 'learning_rate': 0.006305381006140148}. Best is trial 1 with value: 287.6861877441406.
LOCAL_RANK: 0 - CUDA_VISIBLE_DEVICES: [0]
[I 2023-11-30 00:01:37,115] Trial 3 finished with value: 270.3964538574219 and parameters: {'gradient_clip_val': 0.24697511901841904, 'hidden_size': 48, 'dropout': 0.3740637490240454, 'hidden_continuous_size': 30, 'attention_head_size': 4, 'learning_rate': 0.004911084876308737}. Best is trial 3 with value: 270.3964538574219.
LOCAL_RANK: 0 - CUDA_VISIBLE_DEVICES: [0]
[I 2023-11-30 00:01:50,429] Trial 4 finished with value: 305.6617126464844 and parameters: {'gradient_clip_val': 0.5066633734102179, 'hidden_size': 53, 'dropout': 0.1743449587665134, 'hidden_continuous_size': 40, 'attention_head_size': 2, 'learning_rate': 0.0023455199973801653}. Best is trial 3 with value: 270.3964538574219.
LOCAL_RANK: 0 - CUDA_VISIBLE_DEVICES: [0]
[I 2023-11-30 00:02:02,912] Trial 5 finished with value: 337.9361877441406 and parameters: {'gradient_clip_val': 0.15072414488822208, 'hidden_size': 37, 'dropout': 0.2507252890253209, 'hidden_continuous_size': 14, 'attention_head_size': 2, 'learning_rate': 0.003345238446098908}. Best is trial 3 with value: 270.3964538574219.
LOCAL_RANK: 0 - CUDA_VISIBLE_DEVICES: [0]
[I 2023-11-30 00:02:15,091] Trial 6 finished with value: 339.1223449707031 and parameters: {'gradient_clip_val': 0.6950167075578925, 'hidden_size': 20, 'dropout': 0.14457221466223932, 'hidden_continuous_size': 13, 'attention_head_size': 3, 'learning_rate': 0.008535743289292514}. Best is trial 3 with value: 270.3964538574219.
LOCAL_RANK: 0 - CUDA_VISIBLE_DEVICES: [0]
[I 2023-11-30 00:02:28,454] Trial 7 finished with value: 265.7425231933594 and parameters: {'gradient_clip_val': 0.25589914804169145, 'hidden_size': 52, 'dropout': 0.2638241945838494, 'hidden_continuous_size': 33, 'attention_head_size': 3, 'learning_rate': 0.003917877229690903}. Best is trial 7 with value: 265.7425231933594.
LOCAL_RANK: 0 - CUDA_VISIBLE_DEVICES: [0]
[I 2023-11-30 00:02:40,195] Trial 8 finished with value: 316.97216796875 and parameters: {'gradient_clip_val': 0.26152747277776134, 'hidden_size': 12, 'dropout': 0.16113176877008906, 'hidden_continuous_size': 11, 'attention_head_size': 1, 'learning_rate': 0.010230034616177408}. Best is trial 7 with value: 265.7425231933594.
LOCAL_RANK: 0 - CUDA_VISIBLE_DEVICES: [0]
[I 2023-11-30 00:02:53,413] Trial 9 finished with value: 298.6209411621094 and parameters: {'gradient_clip_val': 0.19874989962958065, 'hidden_size': 76, 'dropout': 0.37438974222636845, 'hidden_continuous_size': 25, 'attention_head_size': 1, 'learning_rate': 0.008446496710385337}. Best is trial 7 with value: 265.7425231933594.
LOCAL_RANK: 0 - CUDA_VISIBLE_DEVICES: [0]
[I 2023-11-30 00:03:07,903] Trial 10 finished with value: 264.0065002441406 and parameters: {'gradient_clip_val': 0.36440701311590823, 'hidden_size': 131, 'dropout': 0.2287297757993101, 'hidden_continuous_size': 75, 'attention_head_size': 3, 'learning_rate': 0.0012546618963546726}. Best is trial 10 with value: 264.0065002441406.
LOCAL_RANK: 0 - CUDA_VISIBLE_DEVICES: [0]
[I 2023-11-30 00:03:22,776] Trial 11 finished with value: 299.61395263671875 and parameters: {'gradient_clip_val': 0.3449466997596027, 'hidden_size': 147, 'dropout': 0.21787808703519157, 'hidden_continuous_size': 96, 'attention_head_size': 3, 'learning_rate': 0.001001878199355532}. Best is trial 10 with value: 264.0065002441406.
LOCAL_RANK: 0 - CUDA_VISIBLE_DEVICES: [0]
[I 2023-11-30 00:03:37,133] Trial 12 finished with value: 301.9161071777344 and parameters: {'gradient_clip_val': 0.12635401137848887, 'hidden_size': 139, 'dropout': 0.21311281437643115, 'hidden_continuous_size': 64, 'attention_head_size': 3, 'learning_rate': 0.0014653271199821232}. Best is trial 10 with value: 264.0065002441406.
LOCAL_RANK: 0 - CUDA_VISIBLE_DEVICES: [0]
[I 2023-11-30 00:03:51,208] Trial 13 finished with value: 271.6745910644531 and parameters: {'gradient_clip_val': 0.30415320811936863, 'hidden_size': 89, 'dropout': 0.10155847427992906, 'hidden_continuous_size': 52, 'attention_head_size': 3, 'learning_rate': 0.0022840811950765225}. Best is trial 10 with value: 264.0065002441406.
LOCAL_RANK: 0 - CUDA_VISIBLE_DEVICES: [0]
[I 2023-11-30 00:04:05,274] Trial 14 finished with value: 336.8812255859375 and parameters: {'gradient_clip_val': 0.105937013573462, 'hidden_size': 89, 'dropout': 0.3047449855167236, 'hidden_continuous_size': 88, 'attention_head_size': 4, 'learning_rate': 0.0011211506460995382}. Best is trial 10 with value: 264.0065002441406.
LOCAL_RANK: 0 - CUDA_VISIBLE_DEVICES: [0]
[I 2023-11-30 00:04:18,652] Trial 15 finished with value: 273.7295227050781 and parameters: {'gradient_clip_val': 0.4179202339287502, 'hidden_size': 63, 'dropout': 0.22120711727431527, 'hidden_continuous_size': 36, 'attention_head_size': 2, 'learning_rate': 0.0019143172801397855}. Best is trial 10 with value: 264.0065002441406.
LOCAL_RANK: 0 - CUDA_VISIBLE_DEVICES: [0]
[I 2023-11-30 00:04:32,961] Trial 16 finished with value: 271.0152282714844 and parameters: {'gradient_clip_val': 0.22041589358347308, 'hidden_size': 108, 'dropout': 0.3173877107570624, 'hidden_continuous_size': 67, 'attention_head_size': 3, 'learning_rate': 0.0030535680753396295}. Best is trial 10 with value: 264.0065002441406.
LOCAL_RANK: 0 - CUDA_VISIBLE_DEVICES: [0]
[I 2023-11-30 00:04:46,347] Trial 17 finished with value: 354.0395202636719 and parameters: {'gradient_clip_val': 0.577859151988537, 'hidden_size': 66, 'dropout': 0.2656774935786438, 'hidden_continuous_size': 20, 'attention_head_size': 2, 'learning_rate': 0.0016107833830570923}. Best is trial 10 with value: 264.0065002441406.
LOCAL_RANK: 0 - CUDA_VISIBLE_DEVICES: [0]
[I 2023-11-30 00:05:00,411] Trial 18 finished with value: 357.450439453125 and parameters: {'gradient_clip_val': 0.3062113137896482, 'hidden_size': 116, 'dropout': 0.19264619010062956, 'hidden_continuous_size': 45, 'attention_head_size': 4, 'learning_rate': 0.004238341121648327}. Best is trial 10 with value: 264.0065002441406.
LOCAL_RANK: 0 - CUDA_VISIBLE_DEVICES: [0]
[I 2023-11-30 00:05:14,175] Trial 19 finished with value: 333.01739501953125 and parameters: {'gradient_clip_val': 0.18845591653431, 'hidden_size': 96, 'dropout': 0.23779001514991954, 'hidden_continuous_size': 33, 'attention_head_size': 3, 'learning_rate': 0.014175289766122477}. Best is trial 10 with value: 264.0065002441406.
LOCAL_RANK: 0 - CUDA_VISIBLE_DEVICES: [0]
[I 2023-11-30 00:05:27,214] Trial 20 finished with value: 336.4969482421875 and parameters: {'gradient_clip_val': 0.3794730480645422, 'hidden_size': 49, 'dropout': 0.27696703830668773, 'hidden_continuous_size': 28, 'attention_head_size': 2, 'learning_rate': 0.09344040130668457}. Best is trial 10 with value: 264.0065002441406.
LOCAL_RANK: 0 - CUDA_VISIBLE_DEVICES: [0]
[I 2023-11-30 00:05:40,491] Trial 21 finished with value: 287.7835693359375 and parameters: {'gradient_clip_val': 0.25391678446715577, 'hidden_size': 49, 'dropout': 0.39909133157090193, 'hidden_continuous_size': 30, 'attention_head_size': 4, 'learning_rate': 0.004412587605128939}. Best is trial 10 with value: 264.0065002441406.
LOCAL_RANK: 0 - CUDA_VISIBLE_DEVICES: [0]
[I 2023-11-30 00:05:53,763] Trial 22 finished with value: 250.73448181152344 and parameters: {'gradient_clip_val': 0.24827678233392458, 'hidden_size': 60, 'dropout': 0.35075578739757907, 'hidden_continuous_size': 22, 'attention_head_size': 4, 'learning_rate': 0.004794282627721888}. Best is trial 22 with value: 250.73448181152344.
LOCAL_RANK: 0 - CUDA_VISIBLE_DEVICES: [0]
[I 2023-11-30 00:06:07,297] Trial 23 finished with value: 264.030517578125 and parameters: {'gradient_clip_val': 0.9816773401277228, 'hidden_size': 70, 'dropout': 0.3313183621645517, 'hidden_continuous_size': 23, 'attention_head_size': 4, 'learning_rate': 0.0028752812810323154}. Best is trial 22 with value: 250.73448181152344.
LOCAL_RANK: 0 - CUDA_VISIBLE_DEVICES: [0]
[I 2023-11-30 00:06:20,901] Trial 24 finished with value: 266.5252380371094 and parameters: {'gradient_clip_val': 0.9551551804808099, 'hidden_size': 79, 'dropout': 0.33380485494998474, 'hidden_continuous_size': 22, 'attention_head_size': 4, 'learning_rate': 0.002270489794405114}. Best is trial 22 with value: 250.73448181152344.
LOCAL_RANK: 0 - CUDA_VISIBLE_DEVICES: [0]
[I 2023-11-30 00:06:35,475] Trial 25 finished with value: 301.6574401855469 and parameters: {'gradient_clip_val': 0.5001344994802455, 'hidden_size': 115, 'dropout': 0.33829872913880915, 'hidden_continuous_size': 112, 'attention_head_size': 4, 'learning_rate': 0.001513489728001024}. Best is trial 22 with value: 250.73448181152344.
LOCAL_RANK: 0 - CUDA_VISIBLE_DEVICES: [0]
[I 2023-11-30 00:06:48,977] Trial 26 finished with value: 298.4427185058594 and parameters: {'gradient_clip_val': 0.7731608738707918, 'hidden_size': 63, 'dropout': 0.35035384451755813, 'hidden_continuous_size': 19, 'attention_head_size': 4, 'learning_rate': 0.0029529949994607637}. Best is trial 22 with value: 250.73448181152344.
LOCAL_RANK: 0 - CUDA_VISIBLE_DEVICES: [0]
[I 2023-11-30 00:07:02,859] Trial 27 finished with value: 282.35870361328125 and parameters: {'gradient_clip_val': 0.6242818825283358, 'hidden_size': 120, 'dropout': 0.3075226534918824, 'hidden_continuous_size': 17, 'attention_head_size': 4, 'learning_rate': 0.0012397880080638572}. Best is trial 22 with value: 250.73448181152344.
LOCAL_RANK: 0 - CUDA_VISIBLE_DEVICES: [0]
[I 2023-11-30 00:07:16,334] Trial 28 finished with value: 312.9329528808594 and parameters: {'gradient_clip_val': 0.4761630591979684, 'hidden_size': 75, 'dropout': 0.2844548224790592, 'hidden_continuous_size': 24, 'attention_head_size': 3, 'learning_rate': 0.001772017175683186}. Best is trial 22 with value: 250.73448181152344.
LOCAL_RANK: 0 - CUDA_VISIBLE_DEVICES: [0]
[I 2023-11-30 00:07:31,346] Trial 29 finished with value: 339.2899475097656 and parameters: {'gradient_clip_val': 0.9736089725232324, 'hidden_size': 146, 'dropout': 0.2887780759410708, 'hidden_continuous_size': 131, 'attention_head_size': 4, 'learning_rate': 0.002882148092473039}. Best is trial 22 with value: 250.73448181152344.
LOCAL_RANK: 0 - CUDA_VISIBLE_DEVICES: [0]
[I 2023-11-30 00:07:44,964] Trial 30 finished with value: 308.4952697753906 and parameters: {'gradient_clip_val': 0.4194470185717157, 'hidden_size': 96, 'dropout': 0.3131224064845899, 'hidden_continuous_size': 26, 'attention_head_size': 4, 'learning_rate': 0.0013390568059136341}. Best is trial 22 with value: 250.73448181152344.
LOCAL_RANK: 0 - CUDA_VISIBLE_DEVICES: [0]
[I 2023-11-30 00:07:57,988] Trial 31 finished with value: 344.4376525878906 and parameters: {'gradient_clip_val': 0.2911734252065444, 'hidden_size': 43, 'dropout': 0.2621513438851753, 'hidden_continuous_size': 22, 'attention_head_size': 3, 'learning_rate': 0.005302306669468948}. Best is trial 22 with value: 250.73448181152344.
LOCAL_RANK: 0 - CUDA_VISIBLE_DEVICES: [0]
[I 2023-11-30 00:08:11,454] Trial 32 finished with value: 283.9750671386719 and parameters: {'gradient_clip_val': 0.3391493348826421, 'hidden_size': 59, 'dropout': 0.24655630477885043, 'hidden_continuous_size': 26, 'attention_head_size': 3, 'learning_rate': 0.003765941595744217}. Best is trial 22 with value: 250.73448181152344.
LOCAL_RANK: 0 - CUDA_VISIBLE_DEVICES: [0]
[I 2023-11-30 00:08:24,018] Trial 33 finished with value: 312.1923828125 and parameters: {'gradient_clip_val': 0.21984552257164877, 'hidden_size': 32, 'dropout': 0.29750687211873206, 'hidden_continuous_size': 23, 'attention_head_size': 3, 'learning_rate': 0.00605519558485056}. Best is trial 22 with value: 250.73448181152344.
LOCAL_RANK: 0 - CUDA_VISIBLE_DEVICES: [0]
[I 2023-11-30 00:08:37,082] Trial 34 finished with value: 270.6369323730469 and parameters: {'gradient_clip_val': 0.27315777886827564, 'hidden_size': 42, 'dropout': 0.2905061530911187, 'hidden_continuous_size': 18, 'attention_head_size': 4, 'learning_rate': 0.0037556672265214074}. Best is trial 22 with value: 250.73448181152344.
LOCAL_RANK: 0 - CUDA_VISIBLE_DEVICES: [0]
[I 2023-11-30 00:08:50,232] Trial 35 finished with value: 307.4552307128906 and parameters: {'gradient_clip_val': 0.3470303773812763, 'hidden_size': 57, 'dropout': 0.3244961698470987, 'hidden_continuous_size': 16, 'attention_head_size': 3, 'learning_rate': 0.0021493412994747557}. Best is trial 22 with value: 250.73448181152344.
LOCAL_RANK: 0 - CUDA_VISIBLE_DEVICES: [0]
[I 2023-11-30 00:09:03,866] Trial 36 finished with value: 275.9307861328125 and parameters: {'gradient_clip_val': 0.8235371048242108, 'hidden_size': 76, 'dropout': 0.34566959665795427, 'hidden_continuous_size': 34, 'attention_head_size': 4, 'learning_rate': 0.0054795279493043796}. Best is trial 22 with value: 250.73448181152344.
LOCAL_RANK: 0 - CUDA_VISIBLE_DEVICES: [0]
[I 2023-11-30 00:09:16,928] Trial 37 finished with value: 329.7565002441406 and parameters: {'gradient_clip_val': 0.15955840898227658, 'hidden_size': 54, 'dropout': 0.3614327480634219, 'hidden_continuous_size': 20, 'attention_head_size': 2, 'learning_rate': 0.0027580425676709285}. Best is trial 22 with value: 250.73448181152344.
LOCAL_RANK: 0 - CUDA_VISIBLE_DEVICES: [0]
[I 2023-11-30 00:09:29,818] Trial 38 finished with value: 331.054931640625 and parameters: {'gradient_clip_val': 0.22874871573366232, 'hidden_size': 38, 'dropout': 0.3287545853500892, 'hidden_continuous_size': 27, 'attention_head_size': 3, 'learning_rate': 0.006538731972085624}. Best is trial 22 with value: 250.73448181152344.
LOCAL_RANK: 0 - CUDA_VISIBLE_DEVICES: [0]
[I 2023-11-30 00:09:43,276] Trial 39 finished with value: 272.94732666015625 and parameters: {'gradient_clip_val': 0.2648795698718305, 'hidden_size': 71, 'dropout': 0.2710135465312125, 'hidden_continuous_size': 16, 'attention_head_size': 4, 'learning_rate': 0.0018306777577255684}. Best is trial 22 with value: 250.73448181152344.
LOCAL_RANK: 0 - CUDA_VISIBLE_DEVICES: [0]
[I 2023-11-30 00:09:56,524] Trial 40 finished with value: 260.283935546875 and parameters: {'gradient_clip_val': 0.18185837761962806, 'hidden_size': 54, 'dropout': 0.23635392926771503, 'hidden_continuous_size': 30, 'attention_head_size': 2, 'learning_rate': 0.0037500044392729443}. Best is trial 22 with value: 250.73448181152344.
LOCAL_RANK: 0 - CUDA_VISIBLE_DEVICES: [0]
[I 2023-11-30 00:10:09,634] Trial 41 finished with value: 298.6945495605469 and parameters: {'gradient_clip_val': 0.18273694193253365, 'hidden_size': 56, 'dropout': 0.23387947609862936, 'hidden_continuous_size': 29, 'attention_head_size': 2, 'learning_rate': 0.003743090273281108}. Best is trial 22 with value: 250.73448181152344.
LOCAL_RANK: 0 - CUDA_VISIBLE_DEVICES: [0]
[I 2023-11-30 00:10:22,510] Trial 42 finished with value: 297.4349670410156 and parameters: {'gradient_clip_val': 0.2146428858019396, 'hidden_size': 45, 'dropout': 0.2529765345724007, 'hidden_continuous_size': 25, 'attention_head_size': 1, 'learning_rate': 0.0026415227722852153}. Best is trial 22 with value: 250.73448181152344.
LOCAL_RANK: 0 - CUDA_VISIBLE_DEVICES: [0]
[I 2023-11-30 00:10:35,978] Trial 43 finished with value: 260.5076599121094 and parameters: {'gradient_clip_val': 0.17091019243786099, 'hidden_size': 66, 'dropout': 0.19819871291233965, 'hidden_continuous_size': 32, 'attention_head_size': 2, 'learning_rate': 0.004464486973204843}. Best is trial 22 with value: 250.73448181152344.
LOCAL_RANK: 0 - CUDA_VISIBLE_DEVICES: [0]
[I 2023-11-30 00:10:49,556] Trial 44 finished with value: 245.6907958984375 and parameters: {'gradient_clip_val': 0.14501158624907823, 'hidden_size': 67, 'dropout': 0.19891268901483583, 'hidden_continuous_size': 39, 'attention_head_size': 2, 'learning_rate': 0.004490341168445301}. Best is trial 44 with value: 245.6907958984375.
LOCAL_RANK: 0 - CUDA_VISIBLE_DEVICES: [0]
[I 2023-11-30 00:11:03,353] Trial 45 finished with value: 320.2840270996094 and parameters: {'gradient_clip_val': 0.14366173743217175, 'hidden_size': 84, 'dropout': 0.1967426961931708, 'hidden_continuous_size': 39, 'attention_head_size': 2, 'learning_rate': 0.0047625408227449486}. Best is trial 44 with value: 245.6907958984375.
LOCAL_RANK: 0 - CUDA_VISIBLE_DEVICES: [0]
[I 2023-11-30 00:11:16,755] Trial 46 finished with value: 257.863525390625 and parameters: {'gradient_clip_val': 0.14458454318921107, 'hidden_size': 65, 'dropout': 0.1926587810635274, 'hidden_continuous_size': 32, 'attention_head_size': 2, 'learning_rate': 0.006987395660061882}. Best is trial 44 with value: 245.6907958984375.
LOCAL_RANK: 0 - CUDA_VISIBLE_DEVICES: [0]
[I 2023-11-30 00:11:30,064] Trial 47 finished with value: 261.2522888183594 and parameters: {'gradient_clip_val': 0.14118897117049706, 'hidden_size': 66, 'dropout': 0.20298165937325266, 'hidden_continuous_size': 31, 'attention_head_size': 2, 'learning_rate': 0.007436642059832474}. Best is trial 44 with value: 245.6907958984375.
LOCAL_RANK: 0 - CUDA_VISIBLE_DEVICES: [0]
[I 2023-11-30 00:11:43,136] Trial 48 finished with value: 282.1518249511719 and parameters: {'gradient_clip_val': 0.17372145623349083, 'hidden_size': 50, 'dropout': 0.17938600912071037, 'hidden_continuous_size': 31, 'attention_head_size': 1, 'learning_rate': 0.010056452813347931}. Best is trial 44 with value: 245.6907958984375.
LOCAL_RANK: 0 - CUDA_VISIBLE_DEVICES: [0]
[I 2023-11-30 00:11:56,400] Trial 49 finished with value: 276.69683837890625 and parameters: {'gradient_clip_val': 0.17110920995907525, 'hidden_size': 60, 'dropout': 0.20903407246004357, 'hidden_continuous_size': 37, 'attention_head_size': 2, 'learning_rate': 0.006935267069128946}. Best is trial 44 with value: 245.6907958984375.
LOCAL_RANK: 0 - CUDA_VISIBLE_DEVICES: [0]
[I 2023-11-30 00:12:10,041] Trial 50 finished with value: 268.2317199707031 and parameters: {'gradient_clip_val': 0.19505118961548035, 'hidden_size': 68, 'dropout': 0.22054398116756418, 'hidden_continuous_size': 41, 'attention_head_size': 2, 'learning_rate': 0.00468191964427046}. Best is trial 44 with value: 245.6907958984375.
LOCAL_RANK: 0 - CUDA_VISIBLE_DEVICES: [0]
[I 2023-11-30 00:12:23,194] Trial 51 finished with value: 274.684326171875 and parameters: {'gradient_clip_val': 0.14843267819732014, 'hidden_size': 60, 'dropout': 0.2044251458910368, 'hidden_continuous_size': 32, 'attention_head_size': 2, 'learning_rate': 0.007653589047520758}. Best is trial 44 with value: 245.6907958984375.
LOCAL_RANK: 0 - CUDA_VISIBLE_DEVICES: [0]
[I 2023-11-30 00:12:36,514] Trial 52 finished with value: 288.6333923339844 and parameters: {'gradient_clip_val': 0.13454120397739108, 'hidden_size': 68, 'dropout': 0.18900085260032537, 'hidden_continuous_size': 29, 'attention_head_size': 2, 'learning_rate': 0.0062139991259383435}. Best is trial 44 with value: 245.6907958984375.
LOCAL_RANK: 0 - CUDA_VISIBLE_DEVICES: [0]
[I 2023-11-30 00:12:50,136] Trial 53 finished with value: 340.7213439941406 and parameters: {'gradient_clip_val': 0.12360931462209437, 'hidden_size': 79, 'dropout': 0.1692452488136144, 'hidden_continuous_size': 34, 'attention_head_size': 2, 'learning_rate': 0.008972065394764287}. Best is trial 44 with value: 245.6907958984375.
LOCAL_RANK: 0 - CUDA_VISIBLE_DEVICES: [0]
[I 2023-11-30 00:13:03,479] Trial 54 finished with value: 283.2655029296875 and parameters: {'gradient_clip_val': 0.15098445000570765, 'hidden_size': 51, 'dropout': 0.2276073363185975, 'hidden_continuous_size': 30, 'attention_head_size': 2, 'learning_rate': 0.005296886451009082}. Best is trial 44 with value: 245.6907958984375.
LOCAL_RANK: 0 - CUDA_VISIBLE_DEVICES: [0]
[I 2023-11-30 00:13:16,989] Trial 55 finished with value: 279.5042419433594 and parameters: {'gradient_clip_val': 0.16337225263773753, 'hidden_size': 65, 'dropout': 0.20511872317880217, 'hidden_continuous_size': 28, 'attention_head_size': 2, 'learning_rate': 0.0034666515757086065}. Best is trial 44 with value: 245.6907958984375.
LOCAL_RANK: 0 - CUDA_VISIBLE_DEVICES: [0]
[I 2023-11-30 00:13:30,170] Trial 56 finished with value: 319.8217468261719 and parameters: {'gradient_clip_val': 0.12058007924441705, 'hidden_size': 54, 'dropout': 0.18141585486865963, 'hidden_continuous_size': 32, 'attention_head_size': 1, 'learning_rate': 0.00744276558045355}. Best is trial 44 with value: 245.6907958984375.
LOCAL_RANK: 0 - CUDA_VISIBLE_DEVICES: [0]
[I 2023-11-30 00:13:44,030] Trial 57 finished with value: 268.21563720703125 and parameters: {'gradient_clip_val': 0.18215000663583233, 'hidden_size': 85, 'dropout': 0.1592650126812336, 'hidden_continuous_size': 42, 'attention_head_size': 2, 'learning_rate': 0.004345185031465416}. Best is trial 44 with value: 245.6907958984375.
LOCAL_RANK: 0 - CUDA_VISIBLE_DEVICES: [0]
[I 2023-11-30 00:13:57,423] Trial 58 finished with value: 332.4161682128906 and parameters: {'gradient_clip_val': 0.20472133460845218, 'hidden_size': 63, 'dropout': 0.21648623755214613, 'hidden_continuous_size': 36, 'attention_head_size': 2, 'learning_rate': 0.011707997281672718}. Best is trial 44 with value: 245.6907958984375.
LOCAL_RANK: 0 - CUDA_VISIBLE_DEVICES: [0]
[I 2023-11-30 00:14:10,438] Trial 59 finished with value: 276.8759765625 and parameters: {'gradient_clip_val': 0.13805453291919528, 'hidden_size': 47, 'dropout': 0.19910241064827522, 'hidden_continuous_size': 31, 'attention_head_size': 2, 'learning_rate': 0.005715209031654837}. Best is trial 44 with value: 245.6907958984375.
LOCAL_RANK: 0 - CUDA_VISIBLE_DEVICES: [0]
