[I 2023-11-30 02:30:48,932] Trial 104 finished with value: 1464.3355712890625 and parameters: {'gradient_clip_val': 0.19636508410189638, 'hidden_size': 23, 'dropout': 0.23402956406478287, 'hidden_continuous_size': 10, 'attention_head_size': 2, 'learning_rate': 0.02608061377557981}. Best is trial 73 with value: 1254.2347412109375.
LOCAL_RANK: 0 - CUDA_VISIBLE_DEVICES: [0]
[I 2023-11-30 02:31:01,366] Trial 105 finished with value: 1442.9522705078125 and parameters: {'gradient_clip_val': 0.21021850810970244, 'hidden_size': 30, 'dropout': 0.24440671681784581, 'hidden_continuous_size': 18, 'attention_head_size': 1, 'learning_rate': 0.020781007657047296}. Best is trial 73 with value: 1254.2347412109375.
LOCAL_RANK: 0 - CUDA_VISIBLE_DEVICES: [0]
[I 2023-11-30 02:31:13,686] Trial 106 finished with value: 1343.0772705078125 and parameters: {'gradient_clip_val': 0.15710702046675165, 'hidden_size': 28, 'dropout': 0.25527852199713286, 'hidden_continuous_size': 15, 'attention_head_size': 3, 'learning_rate': 0.012876835745076573}. Best is trial 73 with value: 1254.2347412109375.
LOCAL_RANK: 0 - CUDA_VISIBLE_DEVICES: [0]
[I 2023-11-30 02:31:25,909] Trial 107 finished with value: 1607.6558837890625 and parameters: {'gradient_clip_val': 0.15441751091894956, 'hidden_size': 28, 'dropout': 0.25541531314231763, 'hidden_continuous_size': 15, 'attention_head_size': 3, 'learning_rate': 0.010397809479894113}. Best is trial 73 with value: 1254.2347412109375.
LOCAL_RANK: 0 - CUDA_VISIBLE_DEVICES: [0]
[I 2023-11-30 02:31:38,605] Trial 108 finished with value: 1799.1011962890625 and parameters: {'gradient_clip_val': 0.18423556625706922, 'hidden_size': 34, 'dropout': 0.27111073756423804, 'hidden_continuous_size': 14, 'attention_head_size': 3, 'learning_rate': 0.008292310846050364}. Best is trial 73 with value: 1254.2347412109375.
LOCAL_RANK: 0 - CUDA_VISIBLE_DEVICES: [0]
[I 2023-11-30 02:31:50,896] Trial 109 finished with value: 1598.4078369140625 and parameters: {'gradient_clip_val': 0.232164309531371, 'hidden_size': 32, 'dropout': 0.2646642887126159, 'hidden_continuous_size': 15, 'attention_head_size': 3, 'learning_rate': 0.012865829752094179}. Best is trial 73 with value: 1254.2347412109375.
LOCAL_RANK: 0 - CUDA_VISIBLE_DEVICES: [0]
[I 2023-11-30 02:32:03,961] Trial 110 finished with value: 1783.9464111328125 and parameters: {'gradient_clip_val': 0.16809042567561847, 'hidden_size': 38, 'dropout': 0.2806222623713023, 'hidden_continuous_size': 20, 'attention_head_size': 3, 'learning_rate': 0.009056072201403564}. Best is trial 73 with value: 1254.2347412109375.
LOCAL_RANK: 0 - CUDA_VISIBLE_DEVICES: [0]
[I 2023-11-30 02:32:16,111] Trial 111 finished with value: 1328.713623046875 and parameters: {'gradient_clip_val': 0.15925525906521953, 'hidden_size': 24, 'dropout': 0.2503867625671292, 'hidden_continuous_size': 11, 'attention_head_size': 3, 'learning_rate': 0.014261621741855133}. Best is trial 73 with value: 1254.2347412109375.
LOCAL_RANK: 0 - CUDA_VISIBLE_DEVICES: [0]
[I 2023-11-30 02:32:28,194] Trial 112 finished with value: 1664.6884765625 and parameters: {'gradient_clip_val': 0.1406901644424444, 'hidden_size': 24, 'dropout': 0.25020570748678056, 'hidden_continuous_size': 16, 'attention_head_size': 3, 'learning_rate': 0.01118373993918588}. Best is trial 73 with value: 1254.2347412109375.
LOCAL_RANK: 0 - CUDA_VISIBLE_DEVICES: [0]
[I 2023-11-30 02:32:40,574] Trial 113 finished with value: 1349.662109375 and parameters: {'gradient_clip_val': 0.15893745180079896, 'hidden_size': 26, 'dropout': 0.25556258649828717, 'hidden_continuous_size': 12, 'attention_head_size': 3, 'learning_rate': 0.014426286396494133}. Best is trial 73 with value: 1254.2347412109375.
LOCAL_RANK: 0 - CUDA_VISIBLE_DEVICES: [0]
[I 2023-11-30 02:32:53,158] Trial 114 finished with value: 1540.5537109375 and parameters: {'gradient_clip_val': 0.12963395137887873, 'hidden_size': 29, 'dropout': 0.2617607507102095, 'hidden_continuous_size': 17, 'attention_head_size': 3, 'learning_rate': 0.012846131305769172}. Best is trial 73 with value: 1254.2347412109375.
LOCAL_RANK: 0 - CUDA_VISIBLE_DEVICES: [0]
[I 2023-11-30 02:33:05,720] Trial 115 finished with value: 1562.5205078125 and parameters: {'gradient_clip_val': 0.1474591774065713, 'hidden_size': 25, 'dropout': 0.23823507757052087, 'hidden_continuous_size': 14, 'attention_head_size': 3, 'learning_rate': 0.01575824846363905}. Best is trial 73 with value: 1254.2347412109375.
LOCAL_RANK: 0 - CUDA_VISIBLE_DEVICES: [0]
[I 2023-11-30 02:33:18,140] Trial 116 finished with value: 2027.0880126953125 and parameters: {'gradient_clip_val': 0.20118146270146914, 'hidden_size': 27, 'dropout': 0.27754674592585776, 'hidden_continuous_size': 15, 'attention_head_size': 3, 'learning_rate': 0.009979977485978859}. Best is trial 73 with value: 1254.2347412109375.
LOCAL_RANK: 0 - CUDA_VISIBLE_DEVICES: [0]
[I 2023-11-30 02:33:30,684] Trial 117 finished with value: 1785.28564453125 and parameters: {'gradient_clip_val': 0.2439504125398543, 'hidden_size': 30, 'dropout': 0.2686882351051523, 'hidden_continuous_size': 16, 'attention_head_size': 3, 'learning_rate': 0.011945926820319084}. Best is trial 73 with value: 1254.2347412109375.
LOCAL_RANK: 0 - CUDA_VISIBLE_DEVICES: [0]
[I 2023-11-30 02:33:42,907] Trial 118 finished with value: 1686.7320556640625 and parameters: {'gradient_clip_val': 0.19226476440224524, 'hidden_size': 20, 'dropout': 0.22869192725285148, 'hidden_continuous_size': 13, 'attention_head_size': 4, 'learning_rate': 0.013890483115052171}. Best is trial 73 with value: 1254.2347412109375.
LOCAL_RANK: 0 - CUDA_VISIBLE_DEVICES: [0]
[I 2023-11-30 02:33:55,144] Trial 119 finished with value: 1471.9254150390625 and parameters: {'gradient_clip_val': 0.15261772825140826, 'hidden_size': 24, 'dropout': 0.2487265121169144, 'hidden_continuous_size': 17, 'attention_head_size': 3, 'learning_rate': 0.015702925589169355}. Best is trial 73 with value: 1254.2347412109375.
LOCAL_RANK: 0 - CUDA_VISIBLE_DEVICES: [0]
[I 2023-11-30 02:34:07,904] Trial 120 finished with value: 1605.2138671875 and parameters: {'gradient_clip_val': 0.21677367605905248, 'hidden_size': 31, 'dropout': 0.2741295870625763, 'hidden_continuous_size': 18, 'attention_head_size': 3, 'learning_rate': 0.007680304745340092}. Best is trial 73 with value: 1254.2347412109375.
LOCAL_RANK: 0 - CUDA_VISIBLE_DEVICES: [0]
[I 2023-11-30 02:34:20,151] Trial 121 finished with value: 1751.5863037109375 and parameters: {'gradient_clip_val': 0.1770502705988585, 'hidden_size': 22, 'dropout': 0.24372469672413963, 'hidden_continuous_size': 10, 'attention_head_size': 3, 'learning_rate': 0.017769203035644075}. Best is trial 73 with value: 1254.2347412109375.
LOCAL_RANK: 0 - CUDA_VISIBLE_DEVICES: [0]
[I 2023-11-30 02:34:32,331] Trial 122 finished with value: 1434.3421630859375 and parameters: {'gradient_clip_val': 0.1688647877472615, 'hidden_size': 28, 'dropout': 0.23698117457514112, 'hidden_continuous_size': 11, 'attention_head_size': 3, 'learning_rate': 0.023648522616426814}. Best is trial 73 with value: 1254.2347412109375.
LOCAL_RANK: 0 - CUDA_VISIBLE_DEVICES: [0]
[I 2023-11-30 02:34:44,546] Trial 123 finished with value: 1460.4866943359375 and parameters: {'gradient_clip_val': 0.18019588980016576, 'hidden_size': 21, 'dropout': 0.25922289656337216, 'hidden_continuous_size': 11, 'attention_head_size': 2, 'learning_rate': 0.02906204453659944}. Best is trial 73 with value: 1254.2347412109375.
LOCAL_RANK: 0 - CUDA_VISIBLE_DEVICES: [0]
[I 2023-11-30 02:34:56,939] Trial 124 finished with value: 1503.4075927734375 and parameters: {'gradient_clip_val': 0.16510291649515452, 'hidden_size': 23, 'dropout': 0.251101080490209, 'hidden_continuous_size': 10, 'attention_head_size': 3, 'learning_rate': 0.02169265148191998}. Best is trial 73 with value: 1254.2347412109375.
LOCAL_RANK: 0 - CUDA_VISIBLE_DEVICES: [0]
[I 2023-11-30 02:35:09,395] Trial 125 finished with value: 1631.1259765625 and parameters: {'gradient_clip_val': 0.13681329993909266, 'hidden_size': 26, 'dropout': 0.24069291079273267, 'hidden_continuous_size': 15, 'attention_head_size': 4, 'learning_rate': 0.019754683073563113}. Best is trial 73 with value: 1254.2347412109375.
LOCAL_RANK: 0 - CUDA_VISIBLE_DEVICES: [0]
[I 2023-11-30 02:35:21,748] Trial 126 finished with value: 1559.0875244140625 and parameters: {'gradient_clip_val': 0.15828030664984677, 'hidden_size': 25, 'dropout': 0.22111760815592735, 'hidden_continuous_size': 16, 'attention_head_size': 3, 'learning_rate': 0.016850888427297837}. Best is trial 73 with value: 1254.2347412109375.
LOCAL_RANK: 0 - CUDA_VISIBLE_DEVICES: [0]
[I 2023-11-30 02:35:33,921] Trial 127 finished with value: 1682.42529296875 and parameters: {'gradient_clip_val': 0.18980038095237506, 'hidden_size': 28, 'dropout': 0.25815243786795616, 'hidden_continuous_size': 17, 'attention_head_size': 3, 'learning_rate': 0.03373546799393767}. Best is trial 73 with value: 1254.2347412109375.
LOCAL_RANK: 0 - CUDA_VISIBLE_DEVICES: [0]
[I 2023-11-30 02:35:46,693] Trial 128 finished with value: 1780.4300537109375 and parameters: {'gradient_clip_val': 0.20596433645298662, 'hidden_size': 41, 'dropout': 0.2325048656915821, 'hidden_continuous_size': 13, 'attention_head_size': 3, 'learning_rate': 0.02604928217068693}. Best is trial 73 with value: 1254.2347412109375.
LOCAL_RANK: 0 - CUDA_VISIBLE_DEVICES: [0]
[I 2023-11-30 02:35:59,424] Trial 129 finished with value: 1552.5069580078125 and parameters: {'gradient_clip_val': 0.26386587317430166, 'hidden_size': 36, 'dropout': 0.26718437509768833, 'hidden_continuous_size': 14, 'attention_head_size': 4, 'learning_rate': 0.01188816773647575}. Best is trial 73 with value: 1254.2347412109375.
LOCAL_RANK: 0 - CUDA_VISIBLE_DEVICES: [0]
[I 2023-11-30 02:36:12,058] Trial 130 finished with value: 1610.8255615234375 and parameters: {'gradient_clip_val': 0.1712465170114638, 'hidden_size': 30, 'dropout': 0.28752494448001054, 'hidden_continuous_size': 19, 'attention_head_size': 2, 'learning_rate': 0.022946745521309417}. Best is trial 73 with value: 1254.2347412109375.
LOCAL_RANK: 0 - CUDA_VISIBLE_DEVICES: [0]
[I 2023-11-30 02:36:24,311] Trial 131 finished with value: 1742.6748046875 and parameters: {'gradient_clip_val': 0.1596088159847273, 'hidden_size': 26, 'dropout': 0.2542392334619576, 'hidden_continuous_size': 12, 'attention_head_size': 3, 'learning_rate': 0.014384006061170875}. Best is trial 73 with value: 1254.2347412109375.
LOCAL_RANK: 0 - CUDA_VISIBLE_DEVICES: [0]
[I 2023-11-30 02:36:36,714] Trial 132 finished with value: 1525.8896484375 and parameters: {'gradient_clip_val': 0.14499590867481915, 'hidden_size': 27, 'dropout': 0.24636243290520962, 'hidden_continuous_size': 12, 'attention_head_size': 3, 'learning_rate': 0.013155555957624791}. Best is trial 73 with value: 1254.2347412109375.
LOCAL_RANK: 0 - CUDA_VISIBLE_DEVICES: [0]
[I 2023-11-30 02:36:48,994] Trial 133 finished with value: 1522.2266845703125 and parameters: {'gradient_clip_val': 0.1558354741924894, 'hidden_size': 22, 'dropout': 0.2562776009829342, 'hidden_continuous_size': 11, 'attention_head_size': 3, 'learning_rate': 0.014935723818794223}. Best is trial 73 with value: 1254.2347412109375.
LOCAL_RANK: 0 - CUDA_VISIBLE_DEVICES: [0]
[I 2023-11-30 02:37:01,523] Trial 134 finished with value: 1520.8421630859375 and parameters: {'gradient_clip_val': 0.18436955109064293, 'hidden_size': 32, 'dropout': 0.2640959839643948, 'hidden_continuous_size': 16, 'attention_head_size': 3, 'learning_rate': 0.010986236028080434}. Best is trial 73 with value: 1254.2347412109375.
LOCAL_RANK: 0 - CUDA_VISIBLE_DEVICES: [0]
[I 2023-11-30 02:37:13,652] Trial 135 finished with value: 1397.48974609375 and parameters: {'gradient_clip_val': 0.22820047478827996, 'hidden_size': 24, 'dropout': 0.22815525647288423, 'hidden_continuous_size': 12, 'attention_head_size': 3, 'learning_rate': 0.0178498781087676}. Best is trial 73 with value: 1254.2347412109375.
LOCAL_RANK: 0 - CUDA_VISIBLE_DEVICES: [0]
[I 2023-11-30 02:37:25,878] Trial 136 finished with value: 1346.7655029296875 and parameters: {'gradient_clip_val': 0.12522680345409817, 'hidden_size': 26, 'dropout': 0.24015535929465007, 'hidden_continuous_size': 15, 'attention_head_size': 3, 'learning_rate': 0.019864132675663233}. Best is trial 73 with value: 1254.2347412109375.
LOCAL_RANK: 0 - CUDA_VISIBLE_DEVICES: [0]
[I 2023-11-30 02:37:38,373] Trial 137 finished with value: 1334.9959716796875 and parameters: {'gradient_clip_val': 0.21276924322343044, 'hidden_size': 29, 'dropout': 0.21686691960771148, 'hidden_continuous_size': 15, 'attention_head_size': 3, 'learning_rate': 0.021153911443077388}. Best is trial 73 with value: 1254.2347412109375.
LOCAL_RANK: 0 - CUDA_VISIBLE_DEVICES: [0]
[I 2023-11-30 02:37:50,778] Trial 138 finished with value: 1443.6180419921875 and parameters: {'gradient_clip_val': 0.12941497833946886, 'hidden_size': 29, 'dropout': 0.21113568847003775, 'hidden_continuous_size': 15, 'attention_head_size': 3, 'learning_rate': 0.019292385954207767}. Best is trial 73 with value: 1254.2347412109375.
LOCAL_RANK: 0 - CUDA_VISIBLE_DEVICES: [0]
[I 2023-11-30 02:38:03,616] Trial 139 finished with value: 1541.7645263671875 and parameters: {'gradient_clip_val': 0.21259884941087112, 'hidden_size': 34, 'dropout': 0.20010783551848046, 'hidden_continuous_size': 14, 'attention_head_size': 3, 'learning_rate': 0.021078429147312536}. Best is trial 73 with value: 1254.2347412109375.
LOCAL_RANK: 0 - CUDA_VISIBLE_DEVICES: [0]
[I 2023-11-30 02:38:15,972] Trial 140 finished with value: 1455.2554931640625 and parameters: {'gradient_clip_val': 0.11953984676081439, 'hidden_size': 27, 'dropout': 0.21716092350275285, 'hidden_continuous_size': 15, 'attention_head_size': 3, 'learning_rate': 0.03043678297130205}. Best is trial 73 with value: 1254.2347412109375.
LOCAL_RANK: 0 - CUDA_VISIBLE_DEVICES: [0]
[I 2023-11-30 02:38:29,077] Trial 141 finished with value: 1670.4808349609375 and parameters: {'gradient_clip_val': 0.19960498920639005, 'hidden_size': 66, 'dropout': 0.2348524077300625, 'hidden_continuous_size': 13, 'attention_head_size': 3, 'learning_rate': 0.027264224387791774}. Best is trial 73 with value: 1254.2347412109375.
LOCAL_RANK: 0 - CUDA_VISIBLE_DEVICES: [0]
[I 2023-11-30 02:38:41,406] Trial 142 finished with value: 1381.8199462890625 and parameters: {'gradient_clip_val': 0.2416367974319562, 'hidden_size': 25, 'dropout': 0.22635053147916676, 'hidden_continuous_size': 15, 'attention_head_size': 3, 'learning_rate': 0.02250685108644294}. Best is trial 73 with value: 1254.2347412109375.
LOCAL_RANK: 0 - CUDA_VISIBLE_DEVICES: [0]
[I 2023-11-30 02:38:53,750] Trial 143 finished with value: 1794.9710693359375 and parameters: {'gradient_clip_val': 0.21713446909091144, 'hidden_size': 29, 'dropout': 0.2449210527038293, 'hidden_continuous_size': 16, 'attention_head_size': 3, 'learning_rate': 0.024833533354569476}. Best is trial 73 with value: 1254.2347412109375.
LOCAL_RANK: 0 - CUDA_VISIBLE_DEVICES: [0]
[I 2023-11-30 02:39:06,170] Trial 144 finished with value: 1323.14306640625 and parameters: {'gradient_clip_val': 0.17449198779078867, 'hidden_size': 23, 'dropout': 0.23990138911790368, 'hidden_continuous_size': 10, 'attention_head_size': 3, 'learning_rate': 0.01721455968219833}. Best is trial 73 with value: 1254.2347412109375.
LOCAL_RANK: 0 - CUDA_VISIBLE_DEVICES: [0]
[I 2023-11-30 02:39:18,256] Trial 145 finished with value: 1665.7193603515625 and parameters: {'gradient_clip_val': 0.2514243355690324, 'hidden_size': 24, 'dropout': 0.2148374254676655, 'hidden_continuous_size': 15, 'attention_head_size': 3, 'learning_rate': 0.016974405002598714}. Best is trial 73 with value: 1254.2347412109375.
LOCAL_RANK: 0 - CUDA_VISIBLE_DEVICES: [0]
[I 2023-11-30 02:39:30,858] Trial 146 finished with value: 1342.895263671875 and parameters: {'gradient_clip_val': 0.1137860259256213, 'hidden_size': 31, 'dropout': 0.22116010647235013, 'hidden_continuous_size': 16, 'attention_head_size': 3, 'learning_rate': 0.019334389302158857}. Best is trial 73 with value: 1254.2347412109375.
LOCAL_RANK: 0 - CUDA_VISIBLE_DEVICES: [0]
[I 2023-11-30 02:39:43,229] Trial 147 finished with value: 1645.3433837890625 and parameters: {'gradient_clip_val': 0.19314472827982568, 'hidden_size': 32, 'dropout': 0.2241398215063467, 'hidden_continuous_size': 17, 'attention_head_size': 3, 'learning_rate': 0.009548271019895568}. Best is trial 73 with value: 1254.2347412109375.
LOCAL_RANK: 0 - CUDA_VISIBLE_DEVICES: [0]
[I 2023-11-30 02:39:55,726] Trial 148 finished with value: 1388.4329833984375 and parameters: {'gradient_clip_val': 0.10983053545413347, 'hidden_size': 31, 'dropout': 0.2059642333591925, 'hidden_continuous_size': 16, 'attention_head_size': 3, 'learning_rate': 0.015824349692688595}. Best is trial 73 with value: 1254.2347412109375.
LOCAL_RANK: 0 - CUDA_VISIBLE_DEVICES: [0]
[I 2023-11-30 02:40:08,625] Trial 149 finished with value: 1497.3001708984375 and parameters: {'gradient_clip_val': 0.13594177544935973, 'hidden_size': 44, 'dropout': 0.21185176763184987, 'hidden_continuous_size': 18, 'attention_head_size': 3, 'learning_rate': 0.018120508431848606}. Best is trial 73 with value: 1254.2347412109375.
[I 2023-11-30 02:40:08,737] A new study created in memory with name: no-name-6db26ed3-4979-4438-8af4-f81e5c6e2b5f
/home/le004/conda/anaconda3/envs/tsff_env/lib/python3.9/site-packages/lightning/fabric/plugins/environments/slurm.py:191: The `srun` command is available on your system but is not used. HINT: If your intention is to run Lightning on SLURM, prepend your python command with `srun` like so: srun python /home/le004/master_thesis/git/TSFusionForecast/code/ ...
LOCAL_RANK: 0 - CUDA_VISIBLE_DEVICES: [0]
[I 2023-11-30 02:40:22,453] Trial 0 finished with value: 2937.602783203125 and parameters: {'gradient_clip_val': 0.36279505725453765, 'hidden_size': 87, 'dropout': 0.11360424332681686, 'hidden_continuous_size': 25, 'attention_head_size': 4, 'learning_rate': 0.045711803045813355}. Best is trial 0 with value: 2937.602783203125.
LOCAL_RANK: 0 - CUDA_VISIBLE_DEVICES: [0]
[I 2023-11-30 02:40:33,398] Trial 1 finished with value: 2873.028564453125 and parameters: {'gradient_clip_val': 0.8751422852068833, 'hidden_size': 135, 'dropout': 0.2897962774506568, 'hidden_continuous_size': 135, 'attention_head_size': 2, 'learning_rate': 0.02217925329717855}. Best is trial 1 with value: 2873.028564453125.
LOCAL_RANK: 0 - CUDA_VISIBLE_DEVICES: [0]
[I 2023-11-30 02:40:46,051] Trial 2 finished with value: 2574.80078125 and parameters: {'gradient_clip_val': 0.24577881490086403, 'hidden_size': 44, 'dropout': 0.33212841512278535, 'hidden_continuous_size': 15, 'attention_head_size': 4, 'learning_rate': 0.08993395649188853}. Best is trial 2 with value: 2574.80078125.
LOCAL_RANK: 0 - CUDA_VISIBLE_DEVICES: [0]
[I 2023-11-30 02:40:59,548] Trial 3 finished with value: 2148.797119140625 and parameters: {'gradient_clip_val': 0.39704924242971257, 'hidden_size': 93, 'dropout': 0.372681206063326, 'hidden_continuous_size': 15, 'attention_head_size': 3, 'learning_rate': 0.03521513527380521}. Best is trial 3 with value: 2148.797119140625.
LOCAL_RANK: 0 - CUDA_VISIBLE_DEVICES: [0]
[I 2023-11-30 02:41:13,650] Trial 4 finished with value: 2852.975341796875 and parameters: {'gradient_clip_val': 0.3404361303537675, 'hidden_size': 137, 'dropout': 0.26698318167967816, 'hidden_continuous_size': 20, 'attention_head_size': 2, 'learning_rate': 0.0575570376358072}. Best is trial 3 with value: 2148.797119140625.
LOCAL_RANK: 0 - CUDA_VISIBLE_DEVICES: [0]
[I 2023-11-30 02:41:27,935] Trial 5 finished with value: 3231.864501953125 and parameters: {'gradient_clip_val': 0.20635004790271103, 'hidden_size': 82, 'dropout': 0.29470400597818713, 'hidden_continuous_size': 77, 'attention_head_size': 1, 'learning_rate': 0.042442912945035195}. Best is trial 3 with value: 2148.797119140625.
LOCAL_RANK: 0 - CUDA_VISIBLE_DEVICES: [0]
[I 2023-11-30 02:41:40,614] Trial 6 finished with value: 4735.015625 and parameters: {'gradient_clip_val': 0.1729164971886912, 'hidden_size': 33, 'dropout': 0.30564508153377623, 'hidden_continuous_size': 13, 'attention_head_size': 4, 'learning_rate': 0.0012052987802926105}. Best is trial 3 with value: 2148.797119140625.
LOCAL_RANK: 0 - CUDA_VISIBLE_DEVICES: [0]
[I 2023-11-30 02:41:55,257] Trial 7 finished with value: 2245.735595703125 and parameters: {'gradient_clip_val': 0.18789766770263489, 'hidden_size': 141, 'dropout': 0.22220758786887196, 'hidden_continuous_size': 87, 'attention_head_size': 3, 'learning_rate': 0.006531187342118686}. Best is trial 3 with value: 2148.797119140625.
LOCAL_RANK: 0 - CUDA_VISIBLE_DEVICES: [0]
[I 2023-11-30 02:42:07,350] Trial 8 finished with value: 2823.250732421875 and parameters: {'gradient_clip_val': 0.15847194661443695, 'hidden_size': 28, 'dropout': 0.2959927093094449, 'hidden_continuous_size': 11, 'attention_head_size': 1, 'learning_rate': 0.01340260873773104}. Best is trial 3 with value: 2148.797119140625.
LOCAL_RANK: 0 - CUDA_VISIBLE_DEVICES: [0]
[I 2023-11-30 02:42:20,165] Trial 9 finished with value: 2641.414794921875 and parameters: {'gradient_clip_val': 0.12069353391448502, 'hidden_size': 41, 'dropout': 0.3760006308303627, 'hidden_continuous_size': 11, 'attention_head_size': 4, 'learning_rate': 0.016042031052627106}. Best is trial 3 with value: 2148.797119140625.
LOCAL_RANK: 0 - CUDA_VISIBLE_DEVICES: [0]
[I 2023-11-30 02:42:32,578] Trial 10 finished with value: 5102.18505859375 and parameters: {'gradient_clip_val': 0.5200497968535933, 'hidden_size': 11, 'dropout': 0.3942231216416625, 'hidden_continuous_size': 10, 'attention_head_size': 3, 'learning_rate': 0.005165307999853737}. Best is trial 3 with value: 2148.797119140625.
LOCAL_RANK: 0 - CUDA_VISIBLE_DEVICES: [0]
