[I 2023-11-30 08:03:28,369] Trial 122 finished with value: 27.168970108032227 and parameters: {'gradient_clip_val': 0.5276974457831216, 'hidden_size': 124, 'dropout': 0.38929673568508544, 'hidden_continuous_size': 116, 'attention_head_size': 4, 'learning_rate': 0.0014197040225954615}. Best is trial 72 with value: 24.556711196899414.
LOCAL_RANK: 0 - CUDA_VISIBLE_DEVICES: [0]
[I 2023-11-30 08:03:42,971] Trial 123 finished with value: 28.59376335144043 and parameters: {'gradient_clip_val': 0.6100491164819396, 'hidden_size': 124, 'dropout': 0.38887349691648126, 'hidden_continuous_size': 117, 'attention_head_size': 4, 'learning_rate': 0.001443317689425564}. Best is trial 72 with value: 24.556711196899414.
LOCAL_RANK: 0 - CUDA_VISIBLE_DEVICES: [0]
[I 2023-11-30 08:03:57,678] Trial 124 finished with value: 30.787439346313477 and parameters: {'gradient_clip_val': 0.5545431832541156, 'hidden_size': 129, 'dropout': 0.37650077809811777, 'hidden_continuous_size': 119, 'attention_head_size': 4, 'learning_rate': 0.0011944598446513002}. Best is trial 72 with value: 24.556711196899414.
LOCAL_RANK: 0 - CUDA_VISIBLE_DEVICES: [0]
[I 2023-11-30 08:04:12,585] Trial 125 finished with value: 28.750633239746094 and parameters: {'gradient_clip_val': 0.43477727641347125, 'hidden_size': 142, 'dropout': 0.36881773030011783, 'hidden_continuous_size': 135, 'attention_head_size': 4, 'learning_rate': 0.001802337549587552}. Best is trial 72 with value: 24.556711196899414.
LOCAL_RANK: 0 - CUDA_VISIBLE_DEVICES: [0]
[I 2023-11-30 08:04:27,042] Trial 126 finished with value: 32.2142333984375 and parameters: {'gradient_clip_val': 0.5784552714570645, 'hidden_size': 117, 'dropout': 0.38457116569374783, 'hidden_continuous_size': 108, 'attention_head_size': 4, 'learning_rate': 0.002224951505144005}. Best is trial 72 with value: 24.556711196899414.
LOCAL_RANK: 0 - CUDA_VISIBLE_DEVICES: [0]
[I 2023-11-30 08:04:41,432] Trial 127 finished with value: 26.874963760375977 and parameters: {'gradient_clip_val': 0.5004749648193207, 'hidden_size': 106, 'dropout': 0.39094299045850794, 'hidden_continuous_size': 100, 'attention_head_size': 4, 'learning_rate': 0.0015771253227435484}. Best is trial 72 with value: 24.556711196899414.
LOCAL_RANK: 0 - CUDA_VISIBLE_DEVICES: [0]
[I 2023-11-30 08:04:56,079] Trial 128 finished with value: 28.32279396057129 and parameters: {'gradient_clip_val': 0.49485679172519675, 'hidden_size': 111, 'dropout': 0.3990901360508155, 'hidden_continuous_size': 102, 'attention_head_size': 4, 'learning_rate': 0.0020066360802111667}. Best is trial 72 with value: 24.556711196899414.
LOCAL_RANK: 0 - CUDA_VISIBLE_DEVICES: [0]
[I 2023-11-30 08:05:10,688] Trial 129 finished with value: 31.055906295776367 and parameters: {'gradient_clip_val': 0.5304730148573089, 'hidden_size': 123, 'dropout': 0.39185134307204705, 'hidden_continuous_size': 112, 'attention_head_size': 4, 'learning_rate': 0.0016038267139505415}. Best is trial 72 with value: 24.556711196899414.
LOCAL_RANK: 0 - CUDA_VISIBLE_DEVICES: [0]
[I 2023-11-30 08:05:25,317] Trial 130 finished with value: 31.028966903686523 and parameters: {'gradient_clip_val': 0.47569064332408634, 'hidden_size': 135, 'dropout': 0.3931238674588958, 'hidden_continuous_size': 124, 'attention_head_size': 4, 'learning_rate': 0.0026229098613580228}. Best is trial 72 with value: 24.556711196899414.
LOCAL_RANK: 0 - CUDA_VISIBLE_DEVICES: [0]
[I 2023-11-30 08:05:39,785] Trial 131 finished with value: 29.69049072265625 and parameters: {'gradient_clip_val': 0.5197831616249335, 'hidden_size': 102, 'dropout': 0.37948607498191356, 'hidden_continuous_size': 97, 'attention_head_size': 4, 'learning_rate': 0.001323617849098047}. Best is trial 72 with value: 24.556711196899414.
LOCAL_RANK: 0 - CUDA_VISIBLE_DEVICES: [0]
[I 2023-11-30 08:05:54,093] Trial 132 finished with value: 31.589757919311523 and parameters: {'gradient_clip_val': 0.605930717995047, 'hidden_size': 106, 'dropout': 0.3858125351925439, 'hidden_continuous_size': 101, 'attention_head_size': 4, 'learning_rate': 0.001394543373582462}. Best is trial 72 with value: 24.556711196899414.
LOCAL_RANK: 0 - CUDA_VISIBLE_DEVICES: [0]
[I 2023-11-30 08:06:08,834] Trial 133 finished with value: 34.41000747680664 and parameters: {'gradient_clip_val': 0.6536243847971404, 'hidden_size': 119, 'dropout': 0.3723620833690657, 'hidden_continuous_size': 111, 'attention_head_size': 4, 'learning_rate': 0.0010566678201814918}. Best is trial 72 with value: 24.556711196899414.
LOCAL_RANK: 0 - CUDA_VISIBLE_DEVICES: [0]
[I 2023-11-30 08:06:23,505] Trial 134 finished with value: 28.013086318969727 and parameters: {'gradient_clip_val': 0.7451978214363769, 'hidden_size': 127, 'dropout': 0.36334194015807914, 'hidden_continuous_size': 118, 'attention_head_size': 4, 'learning_rate': 0.0017355522973754246}. Best is trial 72 with value: 24.556711196899414.
LOCAL_RANK: 0 - CUDA_VISIBLE_DEVICES: [0]
[I 2023-11-30 08:06:37,786] Trial 135 finished with value: 31.129541397094727 and parameters: {'gradient_clip_val': 0.4558429435371411, 'hidden_size': 98, 'dropout': 0.3772823005303374, 'hidden_continuous_size': 93, 'attention_head_size': 4, 'learning_rate': 0.0015495305108204369}. Best is trial 72 with value: 24.556711196899414.
LOCAL_RANK: 0 - CUDA_VISIBLE_DEVICES: [0]
[I 2023-11-30 08:06:51,945] Trial 136 finished with value: 36.24784469604492 and parameters: {'gradient_clip_val': 0.5657356551140577, 'hidden_size': 78, 'dropout': 0.38966655879566153, 'hidden_continuous_size': 76, 'attention_head_size': 4, 'learning_rate': 0.0012003138793273025}. Best is trial 72 with value: 24.556711196899414.
LOCAL_RANK: 0 - CUDA_VISIBLE_DEVICES: [0]
[I 2023-11-30 08:07:06,837] Trial 137 finished with value: 30.330896377563477 and parameters: {'gradient_clip_val': 0.4997833955458676, 'hidden_size': 139, 'dropout': 0.3995671821767125, 'hidden_continuous_size': 130, 'attention_head_size': 4, 'learning_rate': 0.0020294674011243955}. Best is trial 72 with value: 24.556711196899414.
LOCAL_RANK: 0 - CUDA_VISIBLE_DEVICES: [0]
[I 2023-11-30 08:07:21,344] Trial 138 finished with value: 29.21982765197754 and parameters: {'gradient_clip_val': 0.4139405301383987, 'hidden_size': 91, 'dropout': 0.3669777828299845, 'hidden_continuous_size': 87, 'attention_head_size': 4, 'learning_rate': 0.0024875794599116766}. Best is trial 72 with value: 24.556711196899414.
LOCAL_RANK: 0 - CUDA_VISIBLE_DEVICES: [0]
[I 2023-11-30 08:07:35,859] Trial 139 finished with value: 27.9608211517334 and parameters: {'gradient_clip_val': 0.547299556157242, 'hidden_size': 113, 'dropout': 0.3571863812770591, 'hidden_continuous_size': 106, 'attention_head_size': 4, 'learning_rate': 0.0018432662806801819}. Best is trial 72 with value: 24.556711196899414.
LOCAL_RANK: 0 - CUDA_VISIBLE_DEVICES: [0]
[I 2023-11-30 08:07:50,373] Trial 140 finished with value: 30.158849716186523 and parameters: {'gradient_clip_val': 0.5469836317211765, 'hidden_size': 115, 'dropout': 0.3372596819730345, 'hidden_continuous_size': 106, 'attention_head_size': 4, 'learning_rate': 0.001836483047194171}. Best is trial 72 with value: 24.556711196899414.
LOCAL_RANK: 0 - CUDA_VISIBLE_DEVICES: [0]
[I 2023-11-30 08:08:04,702] Trial 141 finished with value: 27.106843948364258 and parameters: {'gradient_clip_val': 0.5808910101663605, 'hidden_size': 108, 'dropout': 0.3560352922990856, 'hidden_continuous_size': 102, 'attention_head_size': 4, 'learning_rate': 0.0014761801735550288}. Best is trial 72 with value: 24.556711196899414.
LOCAL_RANK: 0 - CUDA_VISIBLE_DEVICES: [0]
[I 2023-11-30 08:08:19,202] Trial 142 finished with value: 27.61379051208496 and parameters: {'gradient_clip_val': 0.580566517538449, 'hidden_size': 109, 'dropout': 0.35757701287698207, 'hidden_continuous_size': 101, 'attention_head_size': 4, 'learning_rate': 0.0016069946160839}. Best is trial 72 with value: 24.556711196899414.
LOCAL_RANK: 0 - CUDA_VISIBLE_DEVICES: [0]
[I 2023-11-30 08:08:34,073] Trial 143 finished with value: 27.474878311157227 and parameters: {'gradient_clip_val': 0.5824755650825587, 'hidden_size': 132, 'dropout': 0.34903069150052773, 'hidden_continuous_size': 123, 'attention_head_size': 4, 'learning_rate': 0.0015799454897752244}. Best is trial 72 with value: 24.556711196899414.
LOCAL_RANK: 0 - CUDA_VISIBLE_DEVICES: [0]
[I 2023-11-30 08:08:48,498] Trial 144 finished with value: 31.25879669189453 and parameters: {'gradient_clip_val': 0.5724063739074184, 'hidden_size': 109, 'dropout': 0.3475136692185043, 'hidden_continuous_size': 103, 'attention_head_size': 4, 'learning_rate': 0.001579066406726537}. Best is trial 72 with value: 24.556711196899414.
LOCAL_RANK: 0 - CUDA_VISIBLE_DEVICES: [0]
[I 2023-11-30 08:09:03,210] Trial 145 finished with value: 27.844614028930664 and parameters: {'gradient_clip_val': 0.6023452632009939, 'hidden_size': 130, 'dropout': 0.3532862702085909, 'hidden_continuous_size': 121, 'attention_head_size': 4, 'learning_rate': 0.0013368157490848843}. Best is trial 72 with value: 24.556711196899414.
LOCAL_RANK: 0 - CUDA_VISIBLE_DEVICES: [0]
[I 2023-11-30 08:09:17,710] Trial 146 finished with value: 35.0191650390625 and parameters: {'gradient_clip_val': 0.5213394157017671, 'hidden_size': 121, 'dropout': 0.34033622305154976, 'hidden_continuous_size': 114, 'attention_head_size': 4, 'learning_rate': 0.0011323817969360567}. Best is trial 72 with value: 24.556711196899414.
LOCAL_RANK: 0 - CUDA_VISIBLE_DEVICES: [0]
[I 2023-11-30 08:09:32,036] Trial 147 finished with value: 32.06574249267578 and parameters: {'gradient_clip_val': 0.48991839499455303, 'hidden_size': 104, 'dropout': 0.34872115622635375, 'hidden_continuous_size': 100, 'attention_head_size': 4, 'learning_rate': 0.001450784502975712}. Best is trial 72 with value: 24.556711196899414.
LOCAL_RANK: 0 - CUDA_VISIBLE_DEVICES: [0]
[I 2023-11-30 08:09:45,853] Trial 148 finished with value: 58.3173828125 and parameters: {'gradient_clip_val': 0.6199527350312252, 'hidden_size': 57, 'dropout': 0.2952936004693641, 'hidden_continuous_size': 56, 'attention_head_size': 4, 'learning_rate': 0.001238694463119062}. Best is trial 72 with value: 24.556711196899414.
LOCAL_RANK: 0 - CUDA_VISIBLE_DEVICES: [0]
[I 2023-11-30 08:10:00,295] Trial 149 finished with value: 28.1042537689209 and parameters: {'gradient_clip_val': 0.5762361254453019, 'hidden_size': 132, 'dropout': 0.3622877524421823, 'hidden_continuous_size': 124, 'attention_head_size': 4, 'learning_rate': 0.0020764245600922537}. Best is trial 72 with value: 24.556711196899414.
[I 2023-11-30 08:10:00,405] A new study created in memory with name: no-name-19d71723-58eb-42ea-9260-87924fbd27a3
/home/le004/conda/anaconda3/envs/tsff_env/lib/python3.9/site-packages/lightning/fabric/plugins/environments/slurm.py:191: The `srun` command is available on your system but is not used. HINT: If your intention is to run Lightning on SLURM, prepend your python command with `srun` like so: srun python /home/le004/master_thesis/git/TSFusionForecast/code/ ...
LOCAL_RANK: 0 - CUDA_VISIBLE_DEVICES: [0]
[I 2023-11-30 08:10:13,836] Trial 0 finished with value: 51.411956787109375 and parameters: {'gradient_clip_val': 0.10820502047437322, 'hidden_size': 99, 'dropout': 0.27571472828659593, 'hidden_continuous_size': 16, 'attention_head_size': 1, 'learning_rate': 0.003417932100663277}. Best is trial 0 with value: 51.411956787109375.
LOCAL_RANK: 0 - CUDA_VISIBLE_DEVICES: [0]
[I 2023-11-30 08:10:26,077] Trial 1 finished with value: 89.1310806274414 and parameters: {'gradient_clip_val': 0.3474762200712632, 'hidden_size': 17, 'dropout': 0.10311782939453419, 'hidden_continuous_size': 13, 'attention_head_size': 4, 'learning_rate': 0.0010947672492858202}. Best is trial 0 with value: 51.411956787109375.
LOCAL_RANK: 0 - CUDA_VISIBLE_DEVICES: [0]
[I 2023-11-30 08:10:38,094] Trial 2 finished with value: 66.92984008789062 and parameters: {'gradient_clip_val': 0.8598118066866232, 'hidden_size': 15, 'dropout': 0.24225948850415766, 'hidden_continuous_size': 14, 'attention_head_size': 1, 'learning_rate': 0.009391186766104394}. Best is trial 0 with value: 51.411956787109375.
LOCAL_RANK: 0 - CUDA_VISIBLE_DEVICES: [0]
[I 2023-11-30 08:10:48,620] Trial 3 finished with value: 98.06146240234375 and parameters: {'gradient_clip_val': 0.17231959320590054, 'hidden_size': 10, 'dropout': 0.11050338698540306, 'hidden_continuous_size': 10, 'attention_head_size': 4, 'learning_rate': 0.0030901985394777938}. Best is trial 0 with value: 51.411956787109375.
LOCAL_RANK: 0 - CUDA_VISIBLE_DEVICES: [0]
[I 2023-11-30 08:11:00,912] Trial 4 finished with value: 52.443538665771484 and parameters: {'gradient_clip_val': 0.5694947885098627, 'hidden_size': 16, 'dropout': 0.12187738848521268, 'hidden_continuous_size': 15, 'attention_head_size': 4, 'learning_rate': 0.027306408484277143}. Best is trial 0 with value: 51.411956787109375.
LOCAL_RANK: 0 - CUDA_VISIBLE_DEVICES: [0]
[I 2023-11-30 08:11:13,877] Trial 5 finished with value: 51.35588073730469 and parameters: {'gradient_clip_val': 0.30024396462874053, 'hidden_size': 54, 'dropout': 0.13370079218279296, 'hidden_continuous_size': 23, 'attention_head_size': 1, 'learning_rate': 0.004389519581389553}. Best is trial 5 with value: 51.35588073730469.
LOCAL_RANK: 0 - CUDA_VISIBLE_DEVICES: [0]
[I 2023-11-30 08:11:28,112] Trial 6 finished with value: 45.69902038574219 and parameters: {'gradient_clip_val': 0.16033607320585214, 'hidden_size': 144, 'dropout': 0.39544695968107635, 'hidden_continuous_size': 44, 'attention_head_size': 4, 'learning_rate': 0.007126064840449127}. Best is trial 6 with value: 45.69902038574219.
LOCAL_RANK: 0 - CUDA_VISIBLE_DEVICES: [0]
[I 2023-11-30 08:11:42,709] Trial 7 finished with value: 48.087982177734375 and parameters: {'gradient_clip_val': 0.2780647299432485, 'hidden_size': 139, 'dropout': 0.1805423266021869, 'hidden_continuous_size': 120, 'attention_head_size': 2, 'learning_rate': 0.06397113800288423}. Best is trial 6 with value: 45.69902038574219.
LOCAL_RANK: 0 - CUDA_VISIBLE_DEVICES: [0]
[I 2023-11-30 08:11:54,892] Trial 8 finished with value: 109.30404663085938 and parameters: {'gradient_clip_val': 0.7466635609940422, 'hidden_size': 15, 'dropout': 0.2663885060720308, 'hidden_continuous_size': 10, 'attention_head_size': 3, 'learning_rate': 0.0012970711347531948}. Best is trial 6 with value: 45.69902038574219.
LOCAL_RANK: 0 - CUDA_VISIBLE_DEVICES: [0]
[I 2023-11-30 08:12:05,256] Trial 9 finished with value: 74.42557525634766 and parameters: {'gradient_clip_val': 0.2689757797409865, 'hidden_size': 11, 'dropout': 0.23454788937985044, 'hidden_continuous_size': 11, 'attention_head_size': 3, 'learning_rate': 0.011647526148470594}. Best is trial 6 with value: 45.69902038574219.
LOCAL_RANK: 0 - CUDA_VISIBLE_DEVICES: [0]
[I 2023-11-30 08:12:18,629] Trial 10 finished with value: 49.53578567504883 and parameters: {'gradient_clip_val': 0.10925936204906994, 'hidden_size': 64, 'dropout': 0.39496544746085055, 'hidden_continuous_size': 43, 'attention_head_size': 3, 'learning_rate': 0.0884064380753187}. Best is trial 6 with value: 45.69902038574219.
LOCAL_RANK: 0 - CUDA_VISIBLE_DEVICES: [0]
[I 2023-11-30 08:12:33,127] Trial 11 finished with value: 52.57596206665039 and parameters: {'gradient_clip_val': 0.18692767567924626, 'hidden_size': 137, 'dropout': 0.38157733868478255, 'hidden_continuous_size': 102, 'attention_head_size': 2, 'learning_rate': 0.09312081492309936}. Best is trial 6 with value: 45.69902038574219.
LOCAL_RANK: 0 - CUDA_VISIBLE_DEVICES: [0]
[I 2023-11-30 08:12:44,142] Trial 12 finished with value: 54.7083740234375 and parameters: {'gradient_clip_val': 0.1923244626442577, 'hidden_size': 142, 'dropout': 0.3450840749659807, 'hidden_continuous_size': 142, 'attention_head_size': 2, 'learning_rate': 0.03701799452167272}. Best is trial 6 with value: 45.69902038574219.
LOCAL_RANK: 0 - CUDA_VISIBLE_DEVICES: [0]
[I 2023-11-30 08:12:58,069] Trial 13 finished with value: 48.214107513427734 and parameters: {'gradient_clip_val': 0.39521711602920456, 'hidden_size': 88, 'dropout': 0.18698662381479247, 'hidden_continuous_size': 49, 'attention_head_size': 2, 'learning_rate': 0.019386090765357963}. Best is trial 6 with value: 45.69902038574219.
LOCAL_RANK: 0 - CUDA_VISIBLE_DEVICES: [0]
[I 2023-11-30 08:13:12,706] Trial 14 finished with value: 48.85654067993164 and parameters: {'gradient_clip_val': 0.2303705411649246, 'hidden_size': 146, 'dropout': 0.32437170039777186, 'hidden_continuous_size': 70, 'attention_head_size': 3, 'learning_rate': 0.04786720146542161}. Best is trial 6 with value: 45.69902038574219.
LOCAL_RANK: 0 - CUDA_VISIBLE_DEVICES: [0]
[I 2023-11-30 08:13:25,407] Trial 15 finished with value: 48.110931396484375 and parameters: {'gradient_clip_val': 0.14384197415166325, 'hidden_size': 34, 'dropout': 0.18294519103619178, 'hidden_continuous_size': 20, 'attention_head_size': 2, 'learning_rate': 0.015420317056737732}. Best is trial 6 with value: 45.69902038574219.
LOCAL_RANK: 0 - CUDA_VISIBLE_DEVICES: [0]
[I 2023-11-30 08:13:39,304] Trial 16 finished with value: 43.83552169799805 and parameters: {'gradient_clip_val': 0.41404645770207293, 'hidden_size': 99, 'dropout': 0.3042844229298708, 'hidden_continuous_size': 32, 'attention_head_size': 4, 'learning_rate': 0.007629424214755848}. Best is trial 16 with value: 43.83552169799805.
LOCAL_RANK: 0 - CUDA_VISIBLE_DEVICES: [0]
[I 2023-11-30 08:13:53,038] Trial 17 finished with value: 45.197689056396484 and parameters: {'gradient_clip_val': 0.4399061654030112, 'hidden_size': 91, 'dropout': 0.33656129039078037, 'hidden_continuous_size': 30, 'attention_head_size': 4, 'learning_rate': 0.007554411650343218}. Best is trial 16 with value: 43.83552169799805.
LOCAL_RANK: 0 - CUDA_VISIBLE_DEVICES: [0]
[I 2023-11-30 08:14:06,733] Trial 18 finished with value: 46.2635498046875 and parameters: {'gradient_clip_val': 0.47392429606393527, 'hidden_size': 84, 'dropout': 0.3165903263507931, 'hidden_continuous_size': 30, 'attention_head_size': 4, 'learning_rate': 0.006285201982842411}. Best is trial 16 with value: 43.83552169799805.
LOCAL_RANK: 0 - CUDA_VISIBLE_DEVICES: [0]
[I 2023-11-30 08:14:19,980] Trial 19 finished with value: 48.27347946166992 and parameters: {'gradient_clip_val': 0.5839473098859904, 'hidden_size': 50, 'dropout': 0.29739295709226865, 'hidden_continuous_size': 26, 'attention_head_size': 4, 'learning_rate': 0.015823521890314104}. Best is trial 16 with value: 43.83552169799805.
LOCAL_RANK: 0 - CUDA_VISIBLE_DEVICES: [0]
[I 2023-11-30 08:14:32,850] Trial 20 finished with value: 47.9361572265625 and parameters: {'gradient_clip_val': 0.40509682298057803, 'hidden_size': 38, 'dropout': 0.35302118106985775, 'hidden_continuous_size': 20, 'attention_head_size': 3, 'learning_rate': 0.00972391985360747}. Best is trial 16 with value: 43.83552169799805.
LOCAL_RANK: 0 - CUDA_VISIBLE_DEVICES: [0]
[I 2023-11-30 08:14:46,995] Trial 21 finished with value: 43.6522331237793 and parameters: {'gradient_clip_val': 0.3325240011774174, 'hidden_size': 109, 'dropout': 0.37050063002685185, 'hidden_continuous_size': 35, 'attention_head_size': 4, 'learning_rate': 0.0063504215379914615}. Best is trial 21 with value: 43.6522331237793.
LOCAL_RANK: 0 - CUDA_VISIBLE_DEVICES: [0]
[I 2023-11-30 08:15:00,979] Trial 22 finished with value: 43.798770904541016 and parameters: {'gradient_clip_val': 0.3514308676139152, 'hidden_size': 105, 'dropout': 0.3617047693049811, 'hidden_continuous_size': 36, 'attention_head_size': 4, 'learning_rate': 0.0062624320408974825}. Best is trial 21 with value: 43.6522331237793.
LOCAL_RANK: 0 - CUDA_VISIBLE_DEVICES: [0]
[I 2023-11-30 08:15:15,223] Trial 23 finished with value: 42.451419830322266 and parameters: {'gradient_clip_val': 0.33624944243188093, 'hidden_size': 97, 'dropout': 0.36810654548410143, 'hidden_continuous_size': 39, 'attention_head_size': 4, 'learning_rate': 0.004007588891089277}. Best is trial 23 with value: 42.451419830322266.
LOCAL_RANK: 0 - CUDA_VISIBLE_DEVICES: [0]
[I 2023-11-30 08:15:28,858] Trial 24 finished with value: 51.605987548828125 and parameters: {'gradient_clip_val': 0.3383220554771907, 'hidden_size': 71, 'dropout': 0.37618728816475494, 'hidden_continuous_size': 37, 'attention_head_size': 3, 'learning_rate': 0.0048062308475485885}. Best is trial 23 with value: 42.451419830322266.
LOCAL_RANK: 0 - CUDA_VISIBLE_DEVICES: [0]
[I 2023-11-30 08:15:42,998] Trial 25 finished with value: 51.42905807495117 and parameters: {'gradient_clip_val': 0.24281558003619005, 'hidden_size': 110, 'dropout': 0.3572811382946105, 'hidden_continuous_size': 39, 'attention_head_size': 4, 'learning_rate': 0.0022136566802866747}. Best is trial 23 with value: 42.451419830322266.
LOCAL_RANK: 0 - CUDA_VISIBLE_DEVICES: [0]
[I 2023-11-30 08:15:57,023] Trial 26 finished with value: 40.26749038696289 and parameters: {'gradient_clip_val': 0.3290883527789051, 'hidden_size': 110, 'dropout': 0.3629505940853156, 'hidden_continuous_size': 54, 'attention_head_size': 4, 'learning_rate': 0.004919548531241793}. Best is trial 26 with value: 40.26749038696289.
LOCAL_RANK: 0 - CUDA_VISIBLE_DEVICES: [0]
[I 2023-11-30 08:16:11,064] Trial 27 finished with value: 46.1940803527832 and parameters: {'gradient_clip_val': 0.2943647930743277, 'hidden_size': 117, 'dropout': 0.3766658876008764, 'hidden_continuous_size': 52, 'attention_head_size': 3, 'learning_rate': 0.0025572700050312995}. Best is trial 26 with value: 40.26749038696289.
LOCAL_RANK: 0 - CUDA_VISIBLE_DEVICES: [0]
[I 2023-11-30 08:16:25,194] Trial 28 finished with value: 45.685150146484375 and parameters: {'gradient_clip_val': 0.24351808655721843, 'hidden_size': 83, 'dropout': 0.33444509709157255, 'hidden_continuous_size': 54, 'attention_head_size': 4, 'learning_rate': 0.004465686689138193}. Best is trial 26 with value: 40.26749038696289.
LOCAL_RANK: 0 - CUDA_VISIBLE_DEVICES: [0]
