[I 2023-11-30 12:08:36,421] Trial 84 finished with value: 75.10453033447266 and parameters: {'gradient_clip_val': 0.21245518894113852, 'hidden_size': 35, 'dropout': 0.22409131451075187, 'hidden_continuous_size': 27, 'attention_head_size': 2, 'learning_rate': 0.010643727737686817}. Best is trial 32 with value: 45.3888053894043.
LOCAL_RANK: 0 - CUDA_VISIBLE_DEVICES: [0]
[I 2023-11-30 12:08:48,448] Trial 85 finished with value: 68.55547332763672 and parameters: {'gradient_clip_val': 0.11554912656103056, 'hidden_size': 26, 'dropout': 0.2709391997612289, 'hidden_continuous_size': 19, 'attention_head_size': 1, 'learning_rate': 0.012126011742931512}. Best is trial 32 with value: 45.3888053894043.
LOCAL_RANK: 0 - CUDA_VISIBLE_DEVICES: [0]
[I 2023-11-30 12:09:00,469] Trial 86 finished with value: 50.42756271362305 and parameters: {'gradient_clip_val': 0.1255638006505663, 'hidden_size': 29, 'dropout': 0.24359104807273763, 'hidden_continuous_size': 18, 'attention_head_size': 2, 'learning_rate': 0.017161793178504046}. Best is trial 32 with value: 45.3888053894043.
LOCAL_RANK: 0 - CUDA_VISIBLE_DEVICES: [0]
[I 2023-11-30 12:09:12,885] Trial 87 finished with value: 51.27946090698242 and parameters: {'gradient_clip_val': 0.17470286045423858, 'hidden_size': 40, 'dropout': 0.2630731297211348, 'hidden_continuous_size': 22, 'attention_head_size': 1, 'learning_rate': 0.008550504244623152}. Best is trial 32 with value: 45.3888053894043.
LOCAL_RANK: 0 - CUDA_VISIBLE_DEVICES: [0]
[I 2023-11-30 12:09:25,213] Trial 88 finished with value: 55.2855110168457 and parameters: {'gradient_clip_val': 0.10487124572928085, 'hidden_size': 33, 'dropout': 0.2792051382994343, 'hidden_continuous_size': 25, 'attention_head_size': 2, 'learning_rate': 0.005128097855687958}. Best is trial 32 with value: 45.3888053894043.
LOCAL_RANK: 0 - CUDA_VISIBLE_DEVICES: [0]
[I 2023-11-30 12:09:37,461] Trial 89 finished with value: 57.158660888671875 and parameters: {'gradient_clip_val': 0.13461788065827301, 'hidden_size': 30, 'dropout': 0.2535764570953575, 'hidden_continuous_size': 23, 'attention_head_size': 2, 'learning_rate': 0.013990797073289814}. Best is trial 32 with value: 45.3888053894043.
LOCAL_RANK: 0 - CUDA_VISIBLE_DEVICES: [0]
[I 2023-11-30 12:09:50,322] Trial 90 finished with value: 52.717159271240234 and parameters: {'gradient_clip_val': 0.19122069748803874, 'hidden_size': 47, 'dropout': 0.23127812131661415, 'hidden_continuous_size': 36, 'attention_head_size': 1, 'learning_rate': 0.007225429751539074}. Best is trial 32 with value: 45.3888053894043.
LOCAL_RANK: 0 - CUDA_VISIBLE_DEVICES: [0]
[I 2023-11-30 12:10:02,370] Trial 91 finished with value: 61.2112922668457 and parameters: {'gradient_clip_val': 0.1240163431443993, 'hidden_size': 27, 'dropout': 0.24497545192309889, 'hidden_continuous_size': 19, 'attention_head_size': 2, 'learning_rate': 0.016905108762663355}. Best is trial 32 with value: 45.3888053894043.
LOCAL_RANK: 0 - CUDA_VISIBLE_DEVICES: [0]
[I 2023-11-30 12:10:14,726] Trial 92 finished with value: 55.29777526855469 and parameters: {'gradient_clip_val': 0.14438394736163412, 'hidden_size': 30, 'dropout': 0.24276298978180094, 'hidden_continuous_size': 25, 'attention_head_size': 2, 'learning_rate': 0.01939256784123492}. Best is trial 32 with value: 45.3888053894043.
LOCAL_RANK: 0 - CUDA_VISIBLE_DEVICES: [0]
[I 2023-11-30 12:10:27,244] Trial 93 finished with value: 68.33370208740234 and parameters: {'gradient_clip_val': 0.11805523510731447, 'hidden_size': 43, 'dropout': 0.23588965062072353, 'hidden_continuous_size': 31, 'attention_head_size': 2, 'learning_rate': 0.021448675679857622}. Best is trial 32 with value: 45.3888053894043.
LOCAL_RANK: 0 - CUDA_VISIBLE_DEVICES: [0]
[I 2023-11-30 12:10:39,272] Trial 94 finished with value: 56.1441764831543 and parameters: {'gradient_clip_val': 0.12732103331396977, 'hidden_size': 25, 'dropout': 0.25014419178361785, 'hidden_continuous_size': 18, 'attention_head_size': 2, 'learning_rate': 0.011667930210977742}. Best is trial 32 with value: 45.3888053894043.
LOCAL_RANK: 0 - CUDA_VISIBLE_DEVICES: [0]
[I 2023-11-30 12:10:51,748] Trial 95 finished with value: 56.579769134521484 and parameters: {'gradient_clip_val': 0.15364973026952738, 'hidden_size': 38, 'dropout': 0.2685965550448073, 'hidden_continuous_size': 27, 'attention_head_size': 2, 'learning_rate': 0.01709124050703048}. Best is trial 32 with value: 45.3888053894043.
LOCAL_RANK: 0 - CUDA_VISIBLE_DEVICES: [0]
[I 2023-11-30 12:11:04,029] Trial 96 finished with value: 53.73628234863281 and parameters: {'gradient_clip_val': 0.10735641811451113, 'hidden_size': 32, 'dropout': 0.2251013219542486, 'hidden_continuous_size': 26, 'attention_head_size': 3, 'learning_rate': 0.014671611696138525}. Best is trial 32 with value: 45.3888053894043.
LOCAL_RANK: 0 - CUDA_VISIBLE_DEVICES: [0]
[I 2023-11-30 12:11:16,194] Trial 97 finished with value: 56.116546630859375 and parameters: {'gradient_clip_val': 0.11311017949725653, 'hidden_size': 22, 'dropout': 0.25939584455270276, 'hidden_continuous_size': 20, 'attention_head_size': 2, 'learning_rate': 0.009876353851658772}. Best is trial 32 with value: 45.3888053894043.
LOCAL_RANK: 0 - CUDA_VISIBLE_DEVICES: [0]
[I 2023-11-30 12:11:28,579] Trial 98 finished with value: 63.96418380737305 and parameters: {'gradient_clip_val': 0.1667153078232984, 'hidden_size': 35, 'dropout': 0.2907347321291808, 'hidden_continuous_size': 28, 'attention_head_size': 1, 'learning_rate': 0.013055073339193144}. Best is trial 32 with value: 45.3888053894043.
LOCAL_RANK: 0 - CUDA_VISIBLE_DEVICES: [0]
[I 2023-11-30 12:11:40,662] Trial 99 finished with value: 54.20246887207031 and parameters: {'gradient_clip_val': 0.10002886054533695, 'hidden_size': 29, 'dropout': 0.2123859403770864, 'hidden_continuous_size': 18, 'attention_head_size': 2, 'learning_rate': 0.022856315695473885}. Best is trial 32 with value: 45.3888053894043.
LOCAL_RANK: 0 - CUDA_VISIBLE_DEVICES: [0]
[I 2023-11-30 12:11:52,306] Trial 100 finished with value: 55.088775634765625 and parameters: {'gradient_clip_val': 0.13048099524108314, 'hidden_size': 24, 'dropout': 0.2815793367076196, 'hidden_continuous_size': 16, 'attention_head_size': 1, 'learning_rate': 0.008952433892958429}. Best is trial 32 with value: 45.3888053894043.
LOCAL_RANK: 0 - CUDA_VISIBLE_DEVICES: [0]
[I 2023-11-30 12:12:04,201] Trial 101 finished with value: 60.38246154785156 and parameters: {'gradient_clip_val': 0.1360250304266172, 'hidden_size': 29, 'dropout': 0.2404480497565341, 'hidden_continuous_size': 14, 'attention_head_size': 1, 'learning_rate': 0.00570678042569026}. Best is trial 32 with value: 45.3888053894043.
LOCAL_RANK: 0 - CUDA_VISIBLE_DEVICES: [0]
[I 2023-11-30 12:12:16,453] Trial 102 finished with value: 61.67741775512695 and parameters: {'gradient_clip_val': 0.12456190989844866, 'hidden_size': 27, 'dropout': 0.23239589909044228, 'hidden_continuous_size': 17, 'attention_head_size': 1, 'learning_rate': 0.0064904703642102045}. Best is trial 32 with value: 45.3888053894043.
LOCAL_RANK: 0 - CUDA_VISIBLE_DEVICES: [0]
[I 2023-11-30 12:12:28,169] Trial 103 finished with value: 57.2055778503418 and parameters: {'gradient_clip_val': 0.12125201083043116, 'hidden_size': 32, 'dropout': 0.24977232531457316, 'hidden_continuous_size': 13, 'attention_head_size': 1, 'learning_rate': 0.01810399579960835}. Best is trial 32 with value: 45.3888053894043.
LOCAL_RANK: 0 - CUDA_VISIBLE_DEVICES: [0]
[I 2023-11-30 12:12:40,429] Trial 104 finished with value: 54.39494705200195 and parameters: {'gradient_clip_val': 0.1468129807080608, 'hidden_size': 36, 'dropout': 0.24144867412510884, 'hidden_continuous_size': 22, 'attention_head_size': 1, 'learning_rate': 0.00567100718747727}. Best is trial 32 with value: 45.3888053894043.
LOCAL_RANK: 0 - CUDA_VISIBLE_DEVICES: [0]
[I 2023-11-30 12:12:52,819] Trial 105 finished with value: 74.63739013671875 and parameters: {'gradient_clip_val': 0.1059571955156974, 'hidden_size': 39, 'dropout': 0.22039264931846456, 'hidden_continuous_size': 21, 'attention_head_size': 1, 'learning_rate': 0.004612851078997128}. Best is trial 32 with value: 45.3888053894043.
LOCAL_RANK: 0 - CUDA_VISIBLE_DEVICES: [0]
[I 2023-11-30 12:13:04,885] Trial 106 finished with value: 59.319671630859375 and parameters: {'gradient_clip_val': 0.11216264779218091, 'hidden_size': 27, 'dropout': 0.25877294922875144, 'hidden_continuous_size': 23, 'attention_head_size': 2, 'learning_rate': 0.016012617519777516}. Best is trial 32 with value: 45.3888053894043.
LOCAL_RANK: 0 - CUDA_VISIBLE_DEVICES: [0]
[I 2023-11-30 12:13:17,228] Trial 107 finished with value: 61.075775146484375 and parameters: {'gradient_clip_val': 0.1407053440676392, 'hidden_size': 34, 'dropout': 0.2733796110512613, 'hidden_continuous_size': 12, 'attention_head_size': 1, 'learning_rate': 0.00660302068140649}. Best is trial 32 with value: 45.3888053894043.
LOCAL_RANK: 0 - CUDA_VISIBLE_DEVICES: [0]
[I 2023-11-30 12:13:29,177] Trial 108 finished with value: 70.37307739257812 and parameters: {'gradient_clip_val': 0.1241743204258865, 'hidden_size': 25, 'dropout': 0.22098683709371744, 'hidden_continuous_size': 21, 'attention_head_size': 1, 'learning_rate': 0.007704599016297651}. Best is trial 32 with value: 45.3888053894043.
LOCAL_RANK: 0 - CUDA_VISIBLE_DEVICES: [0]
[I 2023-11-30 12:13:41,629] Trial 109 finished with value: 54.89487838745117 and parameters: {'gradient_clip_val': 0.11707916773376126, 'hidden_size': 37, 'dropout': 0.22816529208571715, 'hidden_continuous_size': 24, 'attention_head_size': 3, 'learning_rate': 0.005216945814873809}. Best is trial 32 with value: 45.3888053894043.
LOCAL_RANK: 0 - CUDA_VISIBLE_DEVICES: [0]
[I 2023-11-30 12:13:54,184] Trial 110 finished with value: 53.46770095825195 and parameters: {'gradient_clip_val': 0.16080383329643788, 'hidden_size': 43, 'dropout': 0.2646504045849535, 'hidden_continuous_size': 29, 'attention_head_size': 2, 'learning_rate': 0.010366396124023559}. Best is trial 32 with value: 45.3888053894043.
LOCAL_RANK: 0 - CUDA_VISIBLE_DEVICES: [0]
[I 2023-11-30 12:14:06,398] Trial 111 finished with value: 63.5963134765625 and parameters: {'gradient_clip_val': 0.1736653178593165, 'hidden_size': 40, 'dropout': 0.26106265912570764, 'hidden_continuous_size': 22, 'attention_head_size': 1, 'learning_rate': 0.00815622411692993}. Best is trial 32 with value: 45.3888053894043.
LOCAL_RANK: 0 - CUDA_VISIBLE_DEVICES: [0]
[I 2023-11-30 12:14:18,840] Trial 112 finished with value: 57.763240814208984 and parameters: {'gradient_clip_val': 0.1808705586501446, 'hidden_size': 39, 'dropout': 0.24590576006547385, 'hidden_continuous_size': 22, 'attention_head_size': 1, 'learning_rate': 0.008810542910931769}. Best is trial 32 with value: 45.3888053894043.
LOCAL_RANK: 0 - CUDA_VISIBLE_DEVICES: [0]
[I 2023-11-30 12:14:31,324] Trial 113 finished with value: 63.1168098449707 and parameters: {'gradient_clip_val': 0.17031298965878786, 'hidden_size': 42, 'dropout': 0.25347803798598867, 'hidden_continuous_size': 20, 'attention_head_size': 1, 'learning_rate': 0.006199633423022107}. Best is trial 32 with value: 45.3888053894043.
LOCAL_RANK: 0 - CUDA_VISIBLE_DEVICES: [0]
[I 2023-11-30 12:14:43,553] Trial 114 finished with value: 62.969970703125 and parameters: {'gradient_clip_val': 0.1943302806482398, 'hidden_size': 31, 'dropout': 0.2664499079543841, 'hidden_continuous_size': 25, 'attention_head_size': 1, 'learning_rate': 0.011741753084933382}. Best is trial 32 with value: 45.3888053894043.
LOCAL_RANK: 0 - CUDA_VISIBLE_DEVICES: [0]
[I 2023-11-30 12:14:55,914] Trial 115 finished with value: 53.117679595947266 and parameters: {'gradient_clip_val': 0.18509099731127374, 'hidden_size': 52, 'dropout': 0.23643341885646402, 'hidden_continuous_size': 10, 'attention_head_size': 1, 'learning_rate': 0.003956638372753995}. Best is trial 32 with value: 45.3888053894043.
LOCAL_RANK: 0 - CUDA_VISIBLE_DEVICES: [0]
[I 2023-11-30 12:15:08,567] Trial 116 finished with value: 55.28202438354492 and parameters: {'gradient_clip_val': 0.1568246130787575, 'hidden_size': 48, 'dropout': 0.27384525799685133, 'hidden_continuous_size': 24, 'attention_head_size': 1, 'learning_rate': 0.009406704841119445}. Best is trial 32 with value: 45.3888053894043.
LOCAL_RANK: 0 - CUDA_VISIBLE_DEVICES: [0]
[I 2023-11-30 12:15:21,177] Trial 117 finished with value: 49.4360237121582 and parameters: {'gradient_clip_val': 0.13217171850893084, 'hidden_size': 36, 'dropout': 0.20106604318462298, 'hidden_continuous_size': 26, 'attention_head_size': 4, 'learning_rate': 0.007558550561493423}. Best is trial 32 with value: 45.3888053894043.
LOCAL_RANK: 0 - CUDA_VISIBLE_DEVICES: [0]
[I 2023-11-30 12:15:33,477] Trial 118 finished with value: 49.50747299194336 and parameters: {'gradient_clip_val': 0.12958614024473714, 'hidden_size': 28, 'dropout': 0.19988445305440147, 'hidden_continuous_size': 26, 'attention_head_size': 4, 'learning_rate': 0.0068941299358205674}. Best is trial 32 with value: 45.3888053894043.
LOCAL_RANK: 0 - CUDA_VISIBLE_DEVICES: [0]
[I 2023-11-30 12:15:46,130] Trial 119 finished with value: 55.18492126464844 and parameters: {'gradient_clip_val': 0.1312835129872505, 'hidden_size': 35, 'dropout': 0.1964025034144409, 'hidden_continuous_size': 27, 'attention_head_size': 4, 'learning_rate': 0.007185374341880331}. Best is trial 32 with value: 45.3888053894043.
LOCAL_RANK: 0 - CUDA_VISIBLE_DEVICES: [0]
[I 2023-11-30 12:15:58,688] Trial 120 finished with value: 51.06694030761719 and parameters: {'gradient_clip_val': 0.14854870465975048, 'hidden_size': 33, 'dropout': 0.20240372122293077, 'hidden_continuous_size': 28, 'attention_head_size': 4, 'learning_rate': 0.013840027214975365}. Best is trial 32 with value: 45.3888053894043.
LOCAL_RANK: 0 - CUDA_VISIBLE_DEVICES: [0]
[I 2023-11-30 12:16:10,815] Trial 121 finished with value: 73.55516052246094 and parameters: {'gradient_clip_val': 0.13897504030506255, 'hidden_size': 28, 'dropout': 0.19098760088946298, 'hidden_continuous_size': 26, 'attention_head_size': 4, 'learning_rate': 0.005778894965019943}. Best is trial 32 with value: 45.3888053894043.
LOCAL_RANK: 0 - CUDA_VISIBLE_DEVICES: [0]
[I 2023-11-30 12:16:23,484] Trial 122 finished with value: 53.46168518066406 and parameters: {'gradient_clip_val': 0.12588526534838496, 'hidden_size': 30, 'dropout': 0.21430116405849725, 'hidden_continuous_size': 26, 'attention_head_size': 4, 'learning_rate': 0.007627404216537279}. Best is trial 32 with value: 45.3888053894043.
LOCAL_RANK: 0 - CUDA_VISIBLE_DEVICES: [0]
[I 2023-11-30 12:16:35,783] Trial 123 finished with value: 53.77872848510742 and parameters: {'gradient_clip_val': 0.11996785030512505, 'hidden_size': 29, 'dropout': 0.20365652049157842, 'hidden_continuous_size': 24, 'attention_head_size': 4, 'learning_rate': 0.006447614247258607}. Best is trial 32 with value: 45.3888053894043.
LOCAL_RANK: 0 - CUDA_VISIBLE_DEVICES: [0]
[I 2023-11-30 12:16:47,875] Trial 124 finished with value: 66.83499908447266 and parameters: {'gradient_clip_val': 0.11261322380427005, 'hidden_size': 23, 'dropout': 0.18606144751500794, 'hidden_continuous_size': 19, 'attention_head_size': 4, 'learning_rate': 0.005434384555755725}. Best is trial 32 with value: 45.3888053894043.
LOCAL_RANK: 0 - CUDA_VISIBLE_DEVICES: [0]
[I 2023-11-30 12:17:00,151] Trial 125 finished with value: 69.94700622558594 and parameters: {'gradient_clip_val': 0.13585379190598634, 'hidden_size': 26, 'dropout': 0.20787089193999408, 'hidden_continuous_size': 23, 'attention_head_size': 4, 'learning_rate': 0.007089997083864874}. Best is trial 32 with value: 45.3888053894043.
LOCAL_RANK: 0 - CUDA_VISIBLE_DEVICES: [0]
[I 2023-11-30 12:17:12,454] Trial 126 finished with value: 52.62809371948242 and parameters: {'gradient_clip_val': 0.10479324083049972, 'hidden_size': 32, 'dropout': 0.2160979497863826, 'hidden_continuous_size': 25, 'attention_head_size': 4, 'learning_rate': 0.004458824663503712}. Best is trial 32 with value: 45.3888053894043.
LOCAL_RANK: 0 - CUDA_VISIBLE_DEVICES: [0]
[I 2023-11-30 12:17:25,273] Trial 127 finished with value: 62.85078811645508 and parameters: {'gradient_clip_val': 0.13138130905475318, 'hidden_size': 37, 'dropout': 0.21071803661587965, 'hidden_continuous_size': 30, 'attention_head_size': 4, 'learning_rate': 0.005093814479409159}. Best is trial 32 with value: 45.3888053894043.
LOCAL_RANK: 0 - CUDA_VISIBLE_DEVICES: [0]
[I 2023-11-30 12:17:37,299] Trial 128 finished with value: 61.2965087890625 and parameters: {'gradient_clip_val': 0.14436954033348462, 'hidden_size': 28, 'dropout': 0.19829703146074124, 'hidden_continuous_size': 16, 'attention_head_size': 4, 'learning_rate': 0.008094595166504613}. Best is trial 32 with value: 45.3888053894043.
LOCAL_RANK: 0 - CUDA_VISIBLE_DEVICES: [0]
[I 2023-11-30 12:17:49,872] Trial 129 finished with value: 59.526851654052734 and parameters: {'gradient_clip_val': 0.11818179182114796, 'hidden_size': 45, 'dropout': 0.22917063581329292, 'hidden_continuous_size': 28, 'attention_head_size': 2, 'learning_rate': 0.004166455491653513}. Best is trial 32 with value: 45.3888053894043.
LOCAL_RANK: 0 - CUDA_VISIBLE_DEVICES: [0]
[I 2023-11-30 12:18:02,257] Trial 130 finished with value: 75.2670669555664 and parameters: {'gradient_clip_val': 0.10942803768030818, 'hidden_size': 31, 'dropout': 0.22323441761542878, 'hidden_continuous_size': 27, 'attention_head_size': 2, 'learning_rate': 0.003504713526396482}. Best is trial 32 with value: 45.3888053894043.
LOCAL_RANK: 0 - CUDA_VISIBLE_DEVICES: [0]
[I 2023-11-30 12:18:14,910] Trial 131 finished with value: 56.78867721557617 and parameters: {'gradient_clip_val': 0.15046483202419228, 'hidden_size': 33, 'dropout': 0.18445794778936414, 'hidden_continuous_size': 28, 'attention_head_size': 4, 'learning_rate': 0.01396036671000283}. Best is trial 32 with value: 45.3888053894043.
LOCAL_RANK: 0 - CUDA_VISIBLE_DEVICES: [0]
[I 2023-11-30 12:18:27,673] Trial 132 finished with value: 56.988555908203125 and parameters: {'gradient_clip_val': 0.16300559205643453, 'hidden_size': 34, 'dropout': 0.20197343687274105, 'hidden_continuous_size': 29, 'attention_head_size': 4, 'learning_rate': 0.010916621409038584}. Best is trial 32 with value: 45.3888053894043.
LOCAL_RANK: 0 - CUDA_VISIBLE_DEVICES: [0]
[I 2023-11-30 12:18:39,884] Trial 133 finished with value: 54.86500549316406 and parameters: {'gradient_clip_val': 0.15602868393450348, 'hidden_size': 27, 'dropout': 0.19590197333969114, 'hidden_continuous_size': 15, 'attention_head_size': 4, 'learning_rate': 0.012451714346064235}. Best is trial 32 with value: 45.3888053894043.
LOCAL_RANK: 0 - CUDA_VISIBLE_DEVICES: [0]
[I 2023-11-30 12:18:52,379] Trial 134 finished with value: 67.28839111328125 and parameters: {'gradient_clip_val': 0.13006176244620357, 'hidden_size': 30, 'dropout': 0.20660838588883249, 'hidden_continuous_size': 26, 'attention_head_size': 4, 'learning_rate': 0.004785264133810678}. Best is trial 32 with value: 45.3888053894043.
LOCAL_RANK: 0 - CUDA_VISIBLE_DEVICES: [0]
[I 2023-11-30 12:19:04,820] Trial 135 finished with value: 60.34306716918945 and parameters: {'gradient_clip_val': 0.12333780493800055, 'hidden_size': 36, 'dropout': 0.28539058616344565, 'hidden_continuous_size': 31, 'attention_head_size': 4, 'learning_rate': 0.015470529805535942}. Best is trial 32 with value: 45.3888053894043.
LOCAL_RANK: 0 - CUDA_VISIBLE_DEVICES: [0]
[I 2023-11-30 12:19:17,221] Trial 136 finished with value: 56.69099044799805 and parameters: {'gradient_clip_val': 0.14887229766087418, 'hidden_size': 33, 'dropout': 0.20867273994688035, 'hidden_continuous_size': 25, 'attention_head_size': 4, 'learning_rate': 0.009488713777583719}. Best is trial 32 with value: 45.3888053894043.
LOCAL_RANK: 0 - CUDA_VISIBLE_DEVICES: [0]
[I 2023-11-30 12:19:29,550] Trial 137 finished with value: 55.881290435791016 and parameters: {'gradient_clip_val': 0.13768413443269764, 'hidden_size': 26, 'dropout': 0.2953909956633768, 'hidden_continuous_size': 24, 'attention_head_size': 2, 'learning_rate': 0.018557437542593928}. Best is trial 32 with value: 45.3888053894043.
LOCAL_RANK: 0 - CUDA_VISIBLE_DEVICES: [0]
[I 2023-11-30 12:19:42,635] Trial 138 finished with value: 62.46778869628906 and parameters: {'gradient_clip_val': 0.11502402072671629, 'hidden_size': 55, 'dropout': 0.17918285471745132, 'hidden_continuous_size': 50, 'attention_head_size': 2, 'learning_rate': 0.011458340450426993}. Best is trial 32 with value: 45.3888053894043.
LOCAL_RANK: 0 - CUDA_VISIBLE_DEVICES: [0]
[I 2023-11-30 12:19:54,894] Trial 139 finished with value: 55.65922927856445 and parameters: {'gradient_clip_val': 0.20569252211650776, 'hidden_size': 29, 'dropout': 0.23316649356921443, 'hidden_continuous_size': 18, 'attention_head_size': 3, 'learning_rate': 0.020429548740854245}. Best is trial 32 with value: 45.3888053894043.
LOCAL_RANK: 0 - CUDA_VISIBLE_DEVICES: [0]
[I 2023-11-30 12:20:08,142] Trial 140 finished with value: 60.383819580078125 and parameters: {'gradient_clip_val': 0.13049562401228781, 'hidden_size': 50, 'dropout': 0.21600160019489054, 'hidden_continuous_size': 37, 'attention_head_size': 4, 'learning_rate': 0.006054780750720237}. Best is trial 32 with value: 45.3888053894043.
LOCAL_RANK: 0 - CUDA_VISIBLE_DEVICES: [0]
[I 2023-11-30 12:20:20,562] Trial 141 finished with value: 50.82135009765625 and parameters: {'gradient_clip_val': 0.22075148783571216, 'hidden_size': 39, 'dropout': 0.25576798000943207, 'hidden_continuous_size': 33, 'attention_head_size': 1, 'learning_rate': 0.008188680384647214}. Best is trial 32 with value: 45.3888053894043.
LOCAL_RANK: 0 - CUDA_VISIBLE_DEVICES: [0]
[I 2023-11-30 12:20:33,011] Trial 142 finished with value: 56.82088851928711 and parameters: {'gradient_clip_val': 0.1989786114648093, 'hidden_size': 39, 'dropout': 0.25095234840880076, 'hidden_continuous_size': 28, 'attention_head_size': 1, 'learning_rate': 0.008333885074442242}. Best is trial 32 with value: 45.3888053894043.
LOCAL_RANK: 0 - CUDA_VISIBLE_DEVICES: [0]
