[I 2023-11-29 23:36:56,335] Trial 33 finished with value: 135.68218994140625 and parameters: {'gradient_clip_val': 0.5750213816689455, 'hidden_size': 126, 'dropout': 0.18092312508510044, 'hidden_continuous_size': 31, 'attention_head_size': 1, 'learning_rate': 0.03511138439404909}. Best is trial 31 with value: 77.03681182861328.
LOCAL_RANK: 0 - CUDA_VISIBLE_DEVICES: [0]
[I 2023-11-29 23:37:10,030] Trial 34 finished with value: 78.46842193603516 and parameters: {'gradient_clip_val': 0.5376973930264383, 'hidden_size': 130, 'dropout': 0.21772037536417896, 'hidden_continuous_size': 28, 'attention_head_size': 1, 'learning_rate': 0.018931649070927477}. Best is trial 31 with value: 77.03681182861328.
LOCAL_RANK: 0 - CUDA_VISIBLE_DEVICES: [0]
[I 2023-11-29 23:37:24,170] Trial 35 finished with value: 76.55878448486328 and parameters: {'gradient_clip_val': 0.5204800258232175, 'hidden_size': 150, 'dropout': 0.21219848542866773, 'hidden_continuous_size': 27, 'attention_head_size': 2, 'learning_rate': 0.024360796484264494}. Best is trial 35 with value: 76.55878448486328.
LOCAL_RANK: 0 - CUDA_VISIBLE_DEVICES: [0]
[I 2023-11-29 23:37:38,305] Trial 36 finished with value: 93.42660522460938 and parameters: {'gradient_clip_val': 0.48632428144149814, 'hidden_size': 146, 'dropout': 0.21662006787195143, 'hidden_continuous_size': 27, 'attention_head_size': 3, 'learning_rate': 0.04279663936206686}. Best is trial 35 with value: 76.55878448486328.
LOCAL_RANK: 0 - CUDA_VISIBLE_DEVICES: [0]
[I 2023-11-29 23:37:51,676] Trial 37 finished with value: 101.38494110107422 and parameters: {'gradient_clip_val': 0.6582548718090963, 'hidden_size': 84, 'dropout': 0.23019503235598224, 'hidden_continuous_size': 25, 'attention_head_size': 2, 'learning_rate': 0.02486448453286372}. Best is trial 35 with value: 76.55878448486328.
LOCAL_RANK: 0 - CUDA_VISIBLE_DEVICES: [0]
[I 2023-11-29 23:38:05,625] Trial 38 finished with value: 111.91194915771484 and parameters: {'gradient_clip_val': 0.48399527963038735, 'hidden_size': 102, 'dropout': 0.25110153056479545, 'hidden_continuous_size': 33, 'attention_head_size': 4, 'learning_rate': 0.020416615639164755}. Best is trial 35 with value: 76.55878448486328.
LOCAL_RANK: 0 - CUDA_VISIBLE_DEVICES: [0]
[I 2023-11-29 23:38:19,753] Trial 39 finished with value: 102.8231430053711 and parameters: {'gradient_clip_val': 0.9003285025216168, 'hidden_size': 149, 'dropout': 0.21260674572607766, 'hidden_continuous_size': 23, 'attention_head_size': 3, 'learning_rate': 0.026822863585231387}. Best is trial 35 with value: 76.55878448486328.
LOCAL_RANK: 0 - CUDA_VISIBLE_DEVICES: [0]
[I 2023-11-29 23:38:33,338] Trial 40 finished with value: 74.2717056274414 and parameters: {'gradient_clip_val': 0.7431598188361519, 'hidden_size': 111, 'dropout': 0.1621405164578745, 'hidden_continuous_size': 26, 'attention_head_size': 2, 'learning_rate': 0.0644715769571201}. Best is trial 40 with value: 74.2717056274414.
LOCAL_RANK: 0 - CUDA_VISIBLE_DEVICES: [0]
[I 2023-11-29 23:38:46,768] Trial 41 finished with value: 127.37540435791016 and parameters: {'gradient_clip_val': 0.6747464765460517, 'hidden_size': 112, 'dropout': 0.1609656302317622, 'hidden_continuous_size': 26, 'attention_head_size': 2, 'learning_rate': 0.06722151126042732}. Best is trial 40 with value: 74.2717056274414.
LOCAL_RANK: 0 - CUDA_VISIBLE_DEVICES: [0]
[I 2023-11-29 23:39:00,603] Trial 42 finished with value: 109.5079574584961 and parameters: {'gradient_clip_val': 0.675695910263029, 'hidden_size': 131, 'dropout': 0.20063984490800363, 'hidden_continuous_size': 30, 'attention_head_size': 2, 'learning_rate': 0.08798361206754238}. Best is trial 40 with value: 74.2717056274414.
LOCAL_RANK: 0 - CUDA_VISIBLE_DEVICES: [0]
[I 2023-11-29 23:39:14,419] Trial 43 finished with value: 108.65362548828125 and parameters: {'gradient_clip_val': 0.4953035474978464, 'hidden_size': 106, 'dropout': 0.2203043791103208, 'hidden_continuous_size': 37, 'attention_head_size': 2, 'learning_rate': 0.03410699557751641}. Best is trial 40 with value: 74.2717056274414.
LOCAL_RANK: 0 - CUDA_VISIBLE_DEVICES: [0]
[I 2023-11-29 23:39:28,220] Trial 44 finished with value: 99.57959747314453 and parameters: {'gradient_clip_val': 0.42949846078236087, 'hidden_size': 130, 'dropout': 0.18921150807719161, 'hidden_continuous_size': 21, 'attention_head_size': 3, 'learning_rate': 0.017141758767940215}. Best is trial 40 with value: 74.2717056274414.
LOCAL_RANK: 0 - CUDA_VISIBLE_DEVICES: [0]
[I 2023-11-29 23:39:41,492] Trial 45 finished with value: 93.10077667236328 and parameters: {'gradient_clip_val': 0.7824402227127845, 'hidden_size': 85, 'dropout': 0.16036380445723503, 'hidden_continuous_size': 25, 'attention_head_size': 2, 'learning_rate': 0.02863128570918665}. Best is trial 40 with value: 74.2717056274414.
LOCAL_RANK: 0 - CUDA_VISIBLE_DEVICES: [0]
[I 2023-11-29 23:39:54,959] Trial 46 finished with value: 102.44164276123047 and parameters: {'gradient_clip_val': 0.5712967877204136, 'hidden_size': 106, 'dropout': 0.23534219612866475, 'hidden_continuous_size': 28, 'attention_head_size': 2, 'learning_rate': 0.04750662992324716}. Best is trial 40 with value: 74.2717056274414.
LOCAL_RANK: 0 - CUDA_VISIBLE_DEVICES: [0]
[I 2023-11-29 23:40:09,163] Trial 47 finished with value: 67.34103393554688 and parameters: {'gradient_clip_val': 0.4616802402417697, 'hidden_size': 137, 'dropout': 0.11523012387548302, 'hidden_continuous_size': 33, 'attention_head_size': 4, 'learning_rate': 0.02241446075536096}. Best is trial 47 with value: 67.34103393554688.
LOCAL_RANK: 0 - CUDA_VISIBLE_DEVICES: [0]
[I 2023-11-29 23:40:23,505] Trial 48 finished with value: 106.64105987548828 and parameters: {'gradient_clip_val': 0.37971255018635197, 'hidden_size': 149, 'dropout': 0.10282223483047123, 'hidden_continuous_size': 40, 'attention_head_size': 4, 'learning_rate': 0.022919901121854973}. Best is trial 47 with value: 67.34103393554688.
LOCAL_RANK: 0 - CUDA_VISIBLE_DEVICES: [0]
[I 2023-11-29 23:40:37,260] Trial 49 finished with value: 92.62921142578125 and parameters: {'gradient_clip_val': 0.4258455818904713, 'hidden_size': 103, 'dropout': 0.12441339042407318, 'hidden_continuous_size': 35, 'attention_head_size': 4, 'learning_rate': 0.022674733690601804}. Best is trial 47 with value: 67.34103393554688.
LOCAL_RANK: 0 - CUDA_VISIBLE_DEVICES: [0]
[I 2023-11-29 23:40:50,925] Trial 50 finished with value: 83.58460998535156 and parameters: {'gradient_clip_val': 0.4594780447955871, 'hidden_size': 94, 'dropout': 0.16411978194940202, 'hidden_continuous_size': 33, 'attention_head_size': 3, 'learning_rate': 0.015224023232008064}. Best is trial 47 with value: 67.34103393554688.
LOCAL_RANK: 0 - CUDA_VISIBLE_DEVICES: [0]
[I 2023-11-29 23:41:04,730] Trial 51 finished with value: 86.74466705322266 and parameters: {'gradient_clip_val': 0.5227728695506093, 'hidden_size': 131, 'dropout': 0.19116520931305409, 'hidden_continuous_size': 25, 'attention_head_size': 4, 'learning_rate': 0.018082175912685152}. Best is trial 47 with value: 67.34103393554688.
LOCAL_RANK: 0 - CUDA_VISIBLE_DEVICES: [0]
[I 2023-11-29 23:41:18,795] Trial 52 finished with value: 102.54862213134766 and parameters: {'gradient_clip_val': 0.6170859889550242, 'hidden_size': 134, 'dropout': 0.2099641270259613, 'hidden_continuous_size': 31, 'attention_head_size': 3, 'learning_rate': 0.01081862801416697}. Best is trial 47 with value: 67.34103393554688.
LOCAL_RANK: 0 - CUDA_VISIBLE_DEVICES: [0]
[I 2023-11-29 23:41:32,398] Trial 53 finished with value: 71.06680297851562 and parameters: {'gradient_clip_val': 0.46028232618203735, 'hidden_size': 119, 'dropout': 0.17425889000325312, 'hidden_continuous_size': 28, 'attention_head_size': 1, 'learning_rate': 0.03069076837507212}. Best is trial 47 with value: 67.34103393554688.
LOCAL_RANK: 0 - CUDA_VISIBLE_DEVICES: [0]
[I 2023-11-29 23:41:46,022] Trial 54 finished with value: 113.4163818359375 and parameters: {'gradient_clip_val': 0.45900418042057656, 'hidden_size': 116, 'dropout': 0.17051869885434198, 'hidden_continuous_size': 21, 'attention_head_size': 2, 'learning_rate': 0.031771261238899964}. Best is trial 47 with value: 67.34103393554688.
LOCAL_RANK: 0 - CUDA_VISIBLE_DEVICES: [0]
[I 2023-11-29 23:41:58,993] Trial 55 finished with value: 120.92247772216797 and parameters: {'gradient_clip_val': 0.36146613390945304, 'hidden_size': 76, 'dropout': 0.15172616034255176, 'hidden_continuous_size': 32, 'attention_head_size': 1, 'learning_rate': 0.026333369076601804}. Best is trial 47 with value: 67.34103393554688.
LOCAL_RANK: 0 - CUDA_VISIBLE_DEVICES: [0]
[I 2023-11-29 23:42:12,633] Trial 56 finished with value: 84.95667266845703 and parameters: {'gradient_clip_val': 0.3134956207645558, 'hidden_size': 91, 'dropout': 0.18651000195033748, 'hidden_continuous_size': 40, 'attention_head_size': 2, 'learning_rate': 0.04101369798214507}. Best is trial 47 with value: 67.34103393554688.
LOCAL_RANK: 0 - CUDA_VISIBLE_DEVICES: [0]
[I 2023-11-29 23:42:26,598] Trial 57 finished with value: 131.51930236816406 and parameters: {'gradient_clip_val': 0.4559106623346982, 'hidden_size': 141, 'dropout': 0.12504563252087264, 'hidden_continuous_size': 16, 'attention_head_size': 1, 'learning_rate': 0.05306163299189092}. Best is trial 47 with value: 67.34103393554688.
LOCAL_RANK: 0 - CUDA_VISIBLE_DEVICES: [0]
[I 2023-11-29 23:42:40,052] Trial 58 finished with value: 115.29094696044922 and parameters: {'gradient_clip_val': 0.40641534143342023, 'hidden_size': 120, 'dropout': 0.17332517463111607, 'hidden_continuous_size': 24, 'attention_head_size': 1, 'learning_rate': 0.030143887136490726}. Best is trial 47 with value: 67.34103393554688.
LOCAL_RANK: 0 - CUDA_VISIBLE_DEVICES: [0]
[I 2023-11-29 23:42:53,544] Trial 59 finished with value: 106.9035415649414 and parameters: {'gradient_clip_val': 0.33825429111378064, 'hidden_size': 102, 'dropout': 0.15017387849493152, 'hidden_continuous_size': 27, 'attention_head_size': 2, 'learning_rate': 0.024579820806948937}. Best is trial 47 with value: 67.34103393554688.
LOCAL_RANK: 0 - CUDA_VISIBLE_DEVICES: [0]
[I 2023-11-29 23:43:06,611] Trial 60 finished with value: 123.13845825195312 and parameters: {'gradient_clip_val': 0.48547650687220545, 'hidden_size': 88, 'dropout': 0.19366633033352385, 'hidden_continuous_size': 29, 'attention_head_size': 1, 'learning_rate': 0.014155118472698493}. Best is trial 47 with value: 67.34103393554688.
LOCAL_RANK: 0 - CUDA_VISIBLE_DEVICES: [0]
[I 2023-11-29 23:43:20,303] Trial 61 finished with value: 117.2175064086914 and parameters: {'gradient_clip_val': 0.527626047683392, 'hidden_size': 131, 'dropout': 0.22544114852882172, 'hidden_continuous_size': 20, 'attention_head_size': 1, 'learning_rate': 0.01835273590702682}. Best is trial 47 with value: 67.34103393554688.
LOCAL_RANK: 0 - CUDA_VISIBLE_DEVICES: [0]
[I 2023-11-29 23:43:34,316] Trial 62 finished with value: 100.8692855834961 and parameters: {'gradient_clip_val': 0.5331331884150875, 'hidden_size': 137, 'dropout': 0.20409965801831345, 'hidden_continuous_size': 23, 'attention_head_size': 1, 'learning_rate': 0.020450663468761607}. Best is trial 47 with value: 67.34103393554688.
LOCAL_RANK: 0 - CUDA_VISIBLE_DEVICES: [0]
[I 2023-11-29 23:43:47,679] Trial 63 finished with value: 100.77161407470703 and parameters: {'gradient_clip_val': 0.6042758506623715, 'hidden_size': 116, 'dropout': 0.18381646976779398, 'hidden_continuous_size': 28, 'attention_head_size': 1, 'learning_rate': 0.016256793308136747}. Best is trial 47 with value: 67.34103393554688.
LOCAL_RANK: 0 - CUDA_VISIBLE_DEVICES: [0]
[I 2023-11-29 23:44:01,078] Trial 64 finished with value: 113.16131591796875 and parameters: {'gradient_clip_val': 0.3689181180345381, 'hidden_size': 99, 'dropout': 0.22170275353735844, 'hidden_continuous_size': 26, 'attention_head_size': 1, 'learning_rate': 0.011709165608705044}. Best is trial 47 with value: 67.34103393554688.
LOCAL_RANK: 0 - CUDA_VISIBLE_DEVICES: [0]
[I 2023-11-29 23:44:15,060] Trial 65 finished with value: 111.52892303466797 and parameters: {'gradient_clip_val': 0.3985950051820687, 'hidden_size': 150, 'dropout': 0.16833028232695113, 'hidden_continuous_size': 18, 'attention_head_size': 1, 'learning_rate': 0.020155691114935412}. Best is trial 47 with value: 67.34103393554688.
LOCAL_RANK: 0 - CUDA_VISIBLE_DEVICES: [0]
[I 2023-11-29 23:44:28,631] Trial 66 finished with value: 116.4781723022461 and parameters: {'gradient_clip_val': 0.7313942445687102, 'hidden_size': 122, 'dropout': 0.17857756294754892, 'hidden_continuous_size': 22, 'attention_head_size': 1, 'learning_rate': 0.037967795366573576}. Best is trial 47 with value: 67.34103393554688.
LOCAL_RANK: 0 - CUDA_VISIBLE_DEVICES: [0]
[I 2023-11-29 23:44:42,201] Trial 67 finished with value: 119.5554428100586 and parameters: {'gradient_clip_val': 0.5623752683865326, 'hidden_size': 112, 'dropout': 0.13444575411955698, 'hidden_continuous_size': 32, 'attention_head_size': 1, 'learning_rate': 0.03119991113287803}. Best is trial 47 with value: 67.34103393554688.
LOCAL_RANK: 0 - CUDA_VISIBLE_DEVICES: [0]
[I 2023-11-29 23:44:56,247] Trial 68 finished with value: 96.24063110351562 and parameters: {'gradient_clip_val': 0.625390172889874, 'hidden_size': 138, 'dropout': 0.20057568800692416, 'hidden_continuous_size': 34, 'attention_head_size': 2, 'learning_rate': 0.013773897324989867}. Best is trial 47 with value: 67.34103393554688.
LOCAL_RANK: 0 - CUDA_VISIBLE_DEVICES: [0]
[I 2023-11-29 23:45:09,498] Trial 69 finished with value: 81.1206283569336 and parameters: {'gradient_clip_val': 0.5167894638648218, 'hidden_size': 96, 'dropout': 0.15215646915239145, 'hidden_continuous_size': 29, 'attention_head_size': 1, 'learning_rate': 0.024003923300101426}. Best is trial 47 with value: 67.34103393554688.
LOCAL_RANK: 0 - CUDA_VISIBLE_DEVICES: [0]
[I 2023-11-29 23:45:23,634] Trial 70 finished with value: 107.47998046875 and parameters: {'gradient_clip_val': 0.43585675077153996, 'hidden_size': 123, 'dropout': 0.21270199761250985, 'hidden_continuous_size': 38, 'attention_head_size': 3, 'learning_rate': 0.009883150437902301}. Best is trial 47 with value: 67.34103393554688.
LOCAL_RANK: 0 - CUDA_VISIBLE_DEVICES: [0]
[I 2023-11-29 23:45:37,189] Trial 71 finished with value: 100.58950805664062 and parameters: {'gradient_clip_val': 0.5020087721105124, 'hidden_size': 109, 'dropout': 0.1555018497784329, 'hidden_continuous_size': 29, 'attention_head_size': 1, 'learning_rate': 0.024052106227068333}. Best is trial 47 with value: 67.34103393554688.
LOCAL_RANK: 0 - CUDA_VISIBLE_DEVICES: [0]
[I 2023-11-29 23:45:50,340] Trial 72 finished with value: 107.9994888305664 and parameters: {'gradient_clip_val': 0.5570718898080719, 'hidden_size': 96, 'dropout': 0.14925057933896524, 'hidden_continuous_size': 30, 'attention_head_size': 1, 'learning_rate': 0.016115667199694265}. Best is trial 47 with value: 67.34103393554688.
LOCAL_RANK: 0 - CUDA_VISIBLE_DEVICES: [0]
[I 2023-11-29 23:46:04,028] Trial 73 finished with value: 136.8981170654297 and parameters: {'gradient_clip_val': 0.5155645852901005, 'hidden_size': 126, 'dropout': 0.14273849729725793, 'hidden_continuous_size': 24, 'attention_head_size': 1, 'learning_rate': 0.03491658554127213}. Best is trial 47 with value: 67.34103393554688.
LOCAL_RANK: 0 - CUDA_VISIBLE_DEVICES: [0]
[I 2023-11-29 23:46:17,160] Trial 74 finished with value: 106.82450103759766 and parameters: {'gradient_clip_val': 0.4700942738993279, 'hidden_size': 81, 'dropout': 0.16938246933764242, 'hidden_continuous_size': 27, 'attention_head_size': 1, 'learning_rate': 0.027038375142797257}. Best is trial 47 with value: 67.34103393554688.
LOCAL_RANK: 0 - CUDA_VISIBLE_DEVICES: [0]
[I 2023-11-29 23:46:30,957] Trial 75 finished with value: 107.081298828125 and parameters: {'gradient_clip_val': 0.5417647493265819, 'hidden_size': 136, 'dropout': 0.19285972525629685, 'hidden_continuous_size': 35, 'attention_head_size': 1, 'learning_rate': 0.02953664916932006}. Best is trial 47 with value: 67.34103393554688.
LOCAL_RANK: 0 - CUDA_VISIBLE_DEVICES: [0]
[I 2023-11-29 23:46:44,376] Trial 76 finished with value: 119.85931396484375 and parameters: {'gradient_clip_val': 0.44254715770984154, 'hidden_size': 109, 'dropout': 0.1593655981318004, 'hidden_continuous_size': 31, 'attention_head_size': 1, 'learning_rate': 0.01918338118456651}. Best is trial 47 with value: 67.34103393554688.
LOCAL_RANK: 0 - CUDA_VISIBLE_DEVICES: [0]
[I 2023-11-29 23:46:57,656] Trial 77 finished with value: 100.9905776977539 and parameters: {'gradient_clip_val': 0.5942949678721487, 'hidden_size': 71, 'dropout': 0.18553840480230296, 'hidden_continuous_size': 28, 'attention_head_size': 1, 'learning_rate': 0.020973983643022553}. Best is trial 47 with value: 67.34103393554688.
LOCAL_RANK: 0 - CUDA_VISIBLE_DEVICES: [0]
[I 2023-11-29 23:47:11,185] Trial 78 finished with value: 73.5348892211914 and parameters: {'gradient_clip_val': 0.5049237089994163, 'hidden_size': 90, 'dropout': 0.17925527948885892, 'hidden_continuous_size': 33, 'attention_head_size': 2, 'learning_rate': 0.013108474367966902}. Best is trial 47 with value: 67.34103393554688.
LOCAL_RANK: 0 - CUDA_VISIBLE_DEVICES: [0]
[I 2023-11-29 23:47:25,212] Trial 79 finished with value: 107.08161163330078 and parameters: {'gradient_clip_val': 0.41280708650315706, 'hidden_size': 142, 'dropout': 0.17714712296734142, 'hidden_continuous_size': 36, 'attention_head_size': 2, 'learning_rate': 0.012221289867511177}. Best is trial 47 with value: 67.34103393554688.
LOCAL_RANK: 0 - CUDA_VISIBLE_DEVICES: [0]
[I 2023-11-29 23:47:38,910] Trial 80 finished with value: 89.71431732177734 and parameters: {'gradient_clip_val': 0.4796359608165838, 'hidden_size': 121, 'dropout': 0.20644839237886925, 'hidden_continuous_size': 33, 'attention_head_size': 2, 'learning_rate': 0.014362340168897373}. Best is trial 47 with value: 67.34103393554688.
LOCAL_RANK: 0 - CUDA_VISIBLE_DEVICES: [0]
[I 2023-11-29 23:47:52,016] Trial 81 finished with value: 94.37982177734375 and parameters: {'gradient_clip_val': 0.5153760561695085, 'hidden_size': 90, 'dropout': 0.1662352093918296, 'hidden_continuous_size': 26, 'attention_head_size': 2, 'learning_rate': 0.01680885844222931}. Best is trial 47 with value: 67.34103393554688.
LOCAL_RANK: 0 - CUDA_VISIBLE_DEVICES: [0]
[I 2023-11-29 23:48:05,602] Trial 82 finished with value: 78.22337341308594 and parameters: {'gradient_clip_val': 0.6385418272899395, 'hidden_size': 101, 'dropout': 0.1958098816176804, 'hidden_continuous_size': 30, 'attention_head_size': 2, 'learning_rate': 0.022420969714718474}. Best is trial 47 with value: 67.34103393554688.
LOCAL_RANK: 0 - CUDA_VISIBLE_DEVICES: [0]
[I 2023-11-29 23:48:19,424] Trial 83 finished with value: 84.78079223632812 and parameters: {'gradient_clip_val': 0.5906202079407044, 'hidden_size': 106, 'dropout': 0.19995239346464924, 'hidden_continuous_size': 31, 'attention_head_size': 2, 'learning_rate': 0.019321674939185844}. Best is trial 47 with value: 67.34103393554688.
LOCAL_RANK: 0 - CUDA_VISIBLE_DEVICES: [0]
[I 2023-11-29 23:48:33,130] Trial 84 finished with value: 62.78177261352539 and parameters: {'gradient_clip_val': 0.6577265985093135, 'hidden_size': 115, 'dropout': 0.2145429324018533, 'hidden_continuous_size': 34, 'attention_head_size': 2, 'learning_rate': 0.013015395040990797}. Best is trial 84 with value: 62.78177261352539.
LOCAL_RANK: 0 - CUDA_VISIBLE_DEVICES: [0]
[I 2023-11-29 23:48:46,697] Trial 85 finished with value: 78.07270050048828 and parameters: {'gradient_clip_val': 0.6386385657580511, 'hidden_size': 101, 'dropout': 0.19387059773361365, 'hidden_continuous_size': 34, 'attention_head_size': 2, 'learning_rate': 0.008855537858468703}. Best is trial 84 with value: 62.78177261352539.
LOCAL_RANK: 0 - CUDA_VISIBLE_DEVICES: [0]
[I 2023-11-29 23:49:00,178] Trial 86 finished with value: 102.2245864868164 and parameters: {'gradient_clip_val': 0.6413104418499155, 'hidden_size': 85, 'dropout': 0.17883697284064434, 'hidden_continuous_size': 36, 'attention_head_size': 2, 'learning_rate': 0.007662139902395205}. Best is trial 84 with value: 62.78177261352539.
LOCAL_RANK: 0 - CUDA_VISIBLE_DEVICES: [0]
[I 2023-11-29 23:49:13,824] Trial 87 finished with value: 110.13330078125 and parameters: {'gradient_clip_val': 0.7149172630098799, 'hidden_size': 99, 'dropout': 0.19256829685817972, 'hidden_continuous_size': 40, 'attention_head_size': 2, 'learning_rate': 0.010534283375537232}. Best is trial 84 with value: 62.78177261352539.
LOCAL_RANK: 0 - CUDA_VISIBLE_DEVICES: [0]
[I 2023-11-29 23:49:27,646] Trial 88 finished with value: 104.66780853271484 and parameters: {'gradient_clip_val': 0.6365706280948384, 'hidden_size': 116, 'dropout': 0.20860064593744793, 'hidden_continuous_size': 33, 'attention_head_size': 2, 'learning_rate': 0.012759932504122887}. Best is trial 84 with value: 62.78177261352539.
LOCAL_RANK: 0 - CUDA_VISIBLE_DEVICES: [0]
[I 2023-11-29 23:49:41,318] Trial 89 finished with value: 85.19335174560547 and parameters: {'gradient_clip_val': 0.6997232636391614, 'hidden_size': 107, 'dropout': 0.1874371379472692, 'hidden_continuous_size': 38, 'attention_head_size': 2, 'learning_rate': 0.009291640914052471}. Best is trial 84 with value: 62.78177261352539.
LOCAL_RANK: 0 - CUDA_VISIBLE_DEVICES: [0]
[I 2023-11-29 23:49:54,504] Trial 90 finished with value: 99.50687408447266 and parameters: {'gradient_clip_val': 0.7567390208723469, 'hidden_size': 66, 'dropout': 0.21493424144030876, 'hidden_continuous_size': 34, 'attention_head_size': 2, 'learning_rate': 0.008987708684839443}. Best is trial 84 with value: 62.78177261352539.
LOCAL_RANK: 0 - CUDA_VISIBLE_DEVICES: [0]
[I 2023-11-29 23:50:08,398] Trial 91 finished with value: 110.82512664794922 and parameters: {'gradient_clip_val': 0.6588599307182226, 'hidden_size': 126, 'dropout': 0.20007790531080175, 'hidden_continuous_size': 42, 'attention_head_size': 2, 'learning_rate': 0.011059401979900602}. Best is trial 84 with value: 62.78177261352539.
LOCAL_RANK: 0 - CUDA_VISIBLE_DEVICES: [0]
