[I 2023-11-30 08:44:34,713] Trial 147 finished with value: 43.175846099853516 and parameters: {'gradient_clip_val': 0.32297495487812855, 'hidden_size': 142, 'dropout': 0.33294143726659403, 'hidden_continuous_size': 53, 'attention_head_size': 4, 'learning_rate': 0.004523847508277946}. Best is trial 46 with value: 37.2071418762207.
LOCAL_RANK: 0 - CUDA_VISIBLE_DEVICES: [0]
[I 2023-11-30 08:44:48,861] Trial 148 finished with value: 42.39098358154297 and parameters: {'gradient_clip_val': 0.2212355053454239, 'hidden_size': 117, 'dropout': 0.3450999128873616, 'hidden_continuous_size': 68, 'attention_head_size': 3, 'learning_rate': 0.0035166893362526155}. Best is trial 46 with value: 37.2071418762207.
LOCAL_RANK: 0 - CUDA_VISIBLE_DEVICES: [0]
[I 2023-11-30 08:45:03,072] Trial 149 finished with value: 45.02493667602539 and parameters: {'gradient_clip_val': 0.20521077538122254, 'hidden_size': 131, 'dropout': 0.32299497783362163, 'hidden_continuous_size': 50, 'attention_head_size': 2, 'learning_rate': 0.005858425707206076}. Best is trial 46 with value: 37.2071418762207.
[I 2023-11-30 08:45:03,182] A new study created in memory with name: no-name-871589c3-90b4-4fbd-961e-94f7e48f6566
/home/le004/conda/anaconda3/envs/tsff_env/lib/python3.9/site-packages/lightning/fabric/plugins/environments/slurm.py:191: The `srun` command is available on your system but is not used. HINT: If your intention is to run Lightning on SLURM, prepend your python command with `srun` like so: srun python /home/le004/master_thesis/git/TSFusionForecast/code/ ...
LOCAL_RANK: 0 - CUDA_VISIBLE_DEVICES: [0]
[I 2023-11-30 08:45:15,414] Trial 0 finished with value: 1255.5198974609375 and parameters: {'gradient_clip_val': 0.15814696348474985, 'hidden_size': 15, 'dropout': 0.383607958019472, 'hidden_continuous_size': 13, 'attention_head_size': 3, 'learning_rate': 0.002817273530232183}. Best is trial 0 with value: 1255.5198974609375.
LOCAL_RANK: 0 - CUDA_VISIBLE_DEVICES: [0]
[I 2023-11-30 08:45:28,983] Trial 1 finished with value: 686.18212890625 and parameters: {'gradient_clip_val': 0.15016545561156724, 'hidden_size': 114, 'dropout': 0.23111038705046688, 'hidden_continuous_size': 14, 'attention_head_size': 1, 'learning_rate': 0.005782858945462627}. Best is trial 1 with value: 686.18212890625.
LOCAL_RANK: 0 - CUDA_VISIBLE_DEVICES: [0]
[I 2023-11-30 08:45:42,595] Trial 2 finished with value: 521.529296875 and parameters: {'gradient_clip_val': 0.3969360334364451, 'hidden_size': 83, 'dropout': 0.273703504821619, 'hidden_continuous_size': 15, 'attention_head_size': 3, 'learning_rate': 0.005114860291563219}. Best is trial 2 with value: 521.529296875.
LOCAL_RANK: 0 - CUDA_VISIBLE_DEVICES: [0]
[I 2023-11-30 08:45:55,623] Trial 3 finished with value: 686.611572265625 and parameters: {'gradient_clip_val': 0.1844672500021174, 'hidden_size': 48, 'dropout': 0.2517630039252817, 'hidden_continuous_size': 42, 'attention_head_size': 1, 'learning_rate': 0.002380087731411793}. Best is trial 2 with value: 521.529296875.
LOCAL_RANK: 0 - CUDA_VISIBLE_DEVICES: [0]
[I 2023-11-30 08:46:08,643] Trial 4 finished with value: 1212.2969970703125 and parameters: {'gradient_clip_val': 0.4150255481599859, 'hidden_size': 55, 'dropout': 0.34899028336684734, 'hidden_continuous_size': 16, 'attention_head_size': 2, 'learning_rate': 0.0020042163250154886}. Best is trial 2 with value: 521.529296875.
LOCAL_RANK: 0 - CUDA_VISIBLE_DEVICES: [0]
[I 2023-11-30 08:46:22,124] Trial 5 finished with value: 778.2925415039062 and parameters: {'gradient_clip_val': 0.1678216052392699, 'hidden_size': 99, 'dropout': 0.2332414209213907, 'hidden_continuous_size': 18, 'attention_head_size': 1, 'learning_rate': 0.0017928505174946764}. Best is trial 2 with value: 521.529296875.
LOCAL_RANK: 0 - CUDA_VISIBLE_DEVICES: [0]
[I 2023-11-30 08:46:36,080] Trial 6 finished with value: 517.5944213867188 and parameters: {'gradient_clip_val': 0.14408902463642584, 'hidden_size': 114, 'dropout': 0.34278317549307324, 'hidden_continuous_size': 75, 'attention_head_size': 1, 'learning_rate': 0.0959081067471925}. Best is trial 6 with value: 517.5944213867188.
LOCAL_RANK: 0 - CUDA_VISIBLE_DEVICES: [0]
[I 2023-11-30 08:46:49,088] Trial 7 finished with value: 559.279541015625 and parameters: {'gradient_clip_val': 0.19475598561215882, 'hidden_size': 59, 'dropout': 0.17757912209222504, 'hidden_continuous_size': 10, 'attention_head_size': 2, 'learning_rate': 0.03028832194294082}. Best is trial 6 with value: 517.5944213867188.
LOCAL_RANK: 0 - CUDA_VISIBLE_DEVICES: [0]
[I 2023-11-30 08:47:01,656] Trial 8 finished with value: 739.1428833007812 and parameters: {'gradient_clip_val': 0.21088573038688693, 'hidden_size': 30, 'dropout': 0.2782071729480172, 'hidden_continuous_size': 29, 'attention_head_size': 1, 'learning_rate': 0.028361974459775716}. Best is trial 6 with value: 517.5944213867188.
LOCAL_RANK: 0 - CUDA_VISIBLE_DEVICES: [0]
[I 2023-11-30 08:47:14,078] Trial 9 finished with value: 1470.84912109375 and parameters: {'gradient_clip_val': 0.9886251428298057, 'hidden_size': 18, 'dropout': 0.30805596096580323, 'hidden_continuous_size': 16, 'attention_head_size': 3, 'learning_rate': 0.0010089258953786277}. Best is trial 6 with value: 517.5944213867188.
LOCAL_RANK: 0 - CUDA_VISIBLE_DEVICES: [0]
[I 2023-11-30 08:47:28,789] Trial 10 finished with value: 564.541015625 and parameters: {'gradient_clip_val': 0.10045891512855837, 'hidden_size': 135, 'dropout': 0.12978244058570249, 'hidden_continuous_size': 99, 'attention_head_size': 4, 'learning_rate': 0.089539666737948}. Best is trial 6 with value: 517.5944213867188.
LOCAL_RANK: 0 - CUDA_VISIBLE_DEVICES: [0]
[I 2023-11-30 08:47:42,935] Trial 11 finished with value: 588.7212524414062 and parameters: {'gradient_clip_val': 0.3517738781292848, 'hidden_size': 81, 'dropout': 0.32716238037853285, 'hidden_continuous_size': 65, 'attention_head_size': 4, 'learning_rate': 0.008555519630683526}. Best is trial 6 with value: 517.5944213867188.
LOCAL_RANK: 0 - CUDA_VISIBLE_DEVICES: [0]
[I 2023-11-30 08:47:58,015] Trial 12 finished with value: 637.691162109375 and parameters: {'gradient_clip_val': 0.4695710506502106, 'hidden_size': 149, 'dropout': 0.38732979776930776, 'hidden_continuous_size': 142, 'attention_head_size': 3, 'learning_rate': 0.01358502551325858}. Best is trial 6 with value: 517.5944213867188.
LOCAL_RANK: 0 - CUDA_VISIBLE_DEVICES: [0]
[I 2023-11-30 08:48:11,315] Trial 13 finished with value: 492.92919921875 and parameters: {'gradient_clip_val': 0.28374132503870647, 'hidden_size': 81, 'dropout': 0.2984195560640496, 'hidden_continuous_size': 25, 'attention_head_size': 2, 'learning_rate': 0.06293461935565367}. Best is trial 13 with value: 492.92919921875.
LOCAL_RANK: 0 - CUDA_VISIBLE_DEVICES: [0]
[I 2023-11-30 08:48:24,760] Trial 14 finished with value: 572.4195556640625 and parameters: {'gradient_clip_val': 0.2594584541946538, 'hidden_size': 76, 'dropout': 0.32867854485998294, 'hidden_continuous_size': 27, 'attention_head_size': 2, 'learning_rate': 0.09805679930918344}. Best is trial 13 with value: 492.92919921875.
LOCAL_RANK: 0 - CUDA_VISIBLE_DEVICES: [0]
[I 2023-11-30 08:48:37,376] Trial 15 finished with value: 496.8904113769531 and parameters: {'gradient_clip_val': 0.10843013915483546, 'hidden_size': 37, 'dropout': 0.35468614360072587, 'hidden_continuous_size': 21, 'attention_head_size': 2, 'learning_rate': 0.054366198822276425}. Best is trial 13 with value: 492.92919921875.
LOCAL_RANK: 0 - CUDA_VISIBLE_DEVICES: [0]
[I 2023-11-30 08:48:50,071] Trial 16 finished with value: 594.583984375 and parameters: {'gradient_clip_val': 0.11424739322610197, 'hidden_size': 33, 'dropout': 0.39568135984228886, 'hidden_continuous_size': 20, 'attention_head_size': 2, 'learning_rate': 0.040021378971471344}. Best is trial 13 with value: 492.92919921875.
LOCAL_RANK: 0 - CUDA_VISIBLE_DEVICES: [0]
[I 2023-11-30 08:49:00,490] Trial 17 finished with value: 468.9118347167969 and parameters: {'gradient_clip_val': 0.27240366551752254, 'hidden_size': 10, 'dropout': 0.29747938587568096, 'hidden_continuous_size': 10, 'attention_head_size': 2, 'learning_rate': 0.052379728778947546}. Best is trial 17 with value: 468.9118347167969.
LOCAL_RANK: 0 - CUDA_VISIBLE_DEVICES: [0]
[I 2023-11-30 08:49:10,546] Trial 18 finished with value: 722.195068359375 and parameters: {'gradient_clip_val': 0.2527049490760186, 'hidden_size': 10, 'dropout': 0.30043290932104927, 'hidden_continuous_size': 10, 'attention_head_size': 2, 'learning_rate': 0.01872629531446588}. Best is trial 17 with value: 468.9118347167969.
LOCAL_RANK: 0 - CUDA_VISIBLE_DEVICES: [0]
[I 2023-11-30 08:49:22,816] Trial 19 finished with value: 516.1154174804688 and parameters: {'gradient_clip_val': 0.2964829072436409, 'hidden_size': 23, 'dropout': 0.2776774302771906, 'hidden_continuous_size': 11, 'attention_head_size': 3, 'learning_rate': 0.052760886886407225}. Best is trial 17 with value: 468.9118347167969.
LOCAL_RANK: 0 - CUDA_VISIBLE_DEVICES: [0]
[I 2023-11-30 08:49:34,928] Trial 20 finished with value: 780.6240234375 and parameters: {'gradient_clip_val': 0.5331173365144272, 'hidden_size': 11, 'dropout': 0.19951171225273867, 'hidden_continuous_size': 10, 'attention_head_size': 2, 'learning_rate': 0.019885978078987995}. Best is trial 17 with value: 468.9118347167969.
LOCAL_RANK: 0 - CUDA_VISIBLE_DEVICES: [0]
[I 2023-11-30 08:49:47,487] Trial 21 finished with value: 586.238037109375 and parameters: {'gradient_clip_val': 0.12365986260282387, 'hidden_size': 35, 'dropout': 0.35882373145727103, 'hidden_continuous_size': 12, 'attention_head_size': 2, 'learning_rate': 0.06049832438411611}. Best is trial 17 with value: 468.9118347167969.
LOCAL_RANK: 0 - CUDA_VISIBLE_DEVICES: [0]
[I 2023-11-30 08:49:59,714] Trial 22 finished with value: 502.796142578125 and parameters: {'gradient_clip_val': 0.22901817068864758, 'hidden_size': 26, 'dropout': 0.3081466297082791, 'hidden_continuous_size': 12, 'attention_head_size': 2, 'learning_rate': 0.05490013973788218}. Best is trial 17 with value: 468.9118347167969.
LOCAL_RANK: 0 - CUDA_VISIBLE_DEVICES: [0]
[I 2023-11-30 08:50:12,795] Trial 23 finished with value: 596.1630859375 and parameters: {'gradient_clip_val': 0.2701559824484806, 'hidden_size': 45, 'dropout': 0.36529197110061146, 'hidden_continuous_size': 22, 'attention_head_size': 2, 'learning_rate': 0.03569656845194832}. Best is trial 17 with value: 468.9118347167969.
LOCAL_RANK: 0 - CUDA_VISIBLE_DEVICES: [0]
[I 2023-11-30 08:50:25,620] Trial 24 finished with value: 504.6685485839844 and parameters: {'gradient_clip_val': 0.325271374170416, 'hidden_size': 42, 'dropout': 0.3286597617648931, 'hidden_continuous_size': 18, 'attention_head_size': 3, 'learning_rate': 0.05449810991321572}. Best is trial 17 with value: 468.9118347167969.
LOCAL_RANK: 0 - CUDA_VISIBLE_DEVICES: [0]
[I 2023-11-30 08:50:38,902] Trial 25 finished with value: 490.3212585449219 and parameters: {'gradient_clip_val': 0.20864368076883494, 'hidden_size': 64, 'dropout': 0.3666593334072655, 'hidden_continuous_size': 24, 'attention_head_size': 2, 'learning_rate': 0.0240606120086761}. Best is trial 17 with value: 468.9118347167969.
LOCAL_RANK: 0 - CUDA_VISIBLE_DEVICES: [0]
[I 2023-11-30 08:50:52,117] Trial 26 finished with value: 595.5411987304688 and parameters: {'gradient_clip_val': 0.22402041713137652, 'hidden_size': 61, 'dropout': 0.37316261966532455, 'hidden_continuous_size': 31, 'attention_head_size': 1, 'learning_rate': 0.022317358552891402}. Best is trial 17 with value: 468.9118347167969.
LOCAL_RANK: 0 - CUDA_VISIBLE_DEVICES: [0]
[I 2023-11-30 08:51:05,549] Trial 27 finished with value: 624.11767578125 and parameters: {'gradient_clip_val': 0.2918963013004355, 'hidden_size': 67, 'dropout': 0.29283922670200846, 'hidden_continuous_size': 25, 'attention_head_size': 2, 'learning_rate': 0.04034094008035457}. Best is trial 17 with value: 468.9118347167969.
LOCAL_RANK: 0 - CUDA_VISIBLE_DEVICES: [0]
[I 2023-11-30 08:51:18,780] Trial 28 finished with value: 420.8121643066406 and parameters: {'gradient_clip_val': 0.18374634547675392, 'hidden_size': 50, 'dropout': 0.33347408008765955, 'hidden_continuous_size': 24, 'attention_head_size': 3, 'learning_rate': 0.02597279992646762}. Best is trial 28 with value: 420.8121643066406.
LOCAL_RANK: 0 - CUDA_VISIBLE_DEVICES: [0]
[I 2023-11-30 08:51:31,107] Trial 29 finished with value: 948.7969360351562 and parameters: {'gradient_clip_val': 0.17098548890173126, 'hidden_size': 15, 'dropout': 0.3985576850516266, 'hidden_continuous_size': 11, 'attention_head_size': 4, 'learning_rate': 0.015637316146722667}. Best is trial 28 with value: 420.8121643066406.
LOCAL_RANK: 0 - CUDA_VISIBLE_DEVICES: [0]
[I 2023-11-30 08:51:44,062] Trial 30 finished with value: 603.7362670898438 and parameters: {'gradient_clip_val': 0.19539438083296667, 'hidden_size': 49, 'dropout': 0.3757617499878835, 'hidden_continuous_size': 13, 'attention_head_size': 3, 'learning_rate': 0.028242026766193796}. Best is trial 28 with value: 420.8121643066406.
LOCAL_RANK: 0 - CUDA_VISIBLE_DEVICES: [0]
[I 2023-11-30 08:51:57,634] Trial 31 finished with value: 571.8399047851562 and parameters: {'gradient_clip_val': 0.23131574129608817, 'hidden_size': 70, 'dropout': 0.3250713771676428, 'hidden_continuous_size': 33, 'attention_head_size': 3, 'learning_rate': 0.02517058958587579}. Best is trial 28 with value: 420.8121643066406.
LOCAL_RANK: 0 - CUDA_VISIBLE_DEVICES: [0]
[I 2023-11-30 08:52:10,396] Trial 32 finished with value: 566.741455078125 and parameters: {'gradient_clip_val': 0.14716930069059175, 'hidden_size': 39, 'dropout': 0.3416600450912514, 'hidden_continuous_size': 23, 'attention_head_size': 2, 'learning_rate': 0.07158366525709958}. Best is trial 28 with value: 420.8121643066406.
LOCAL_RANK: 0 - CUDA_VISIBLE_DEVICES: [0]
[I 2023-11-30 08:52:23,519] Trial 33 finished with value: 538.1361694335938 and parameters: {'gradient_clip_val': 0.1995023115006895, 'hidden_size': 52, 'dropout': 0.3755171438121473, 'hidden_continuous_size': 23, 'attention_head_size': 3, 'learning_rate': 0.04067515314424587}. Best is trial 28 with value: 420.8121643066406.
LOCAL_RANK: 0 - CUDA_VISIBLE_DEVICES: [0]
[I 2023-11-30 08:52:36,870] Trial 34 finished with value: 482.0232238769531 and parameters: {'gradient_clip_val': 0.1630945196456576, 'hidden_size': 92, 'dropout': 0.3140716848899336, 'hidden_continuous_size': 14, 'attention_head_size': 2, 'learning_rate': 0.01254324870254333}. Best is trial 28 with value: 420.8121643066406.
LOCAL_RANK: 0 - CUDA_VISIBLE_DEVICES: [0]
[I 2023-11-30 08:52:49,892] Trial 35 finished with value: 627.2975463867188 and parameters: {'gradient_clip_val': 0.13291027540320885, 'hidden_size': 63, 'dropout': 0.26523187130310116, 'hidden_continuous_size': 15, 'attention_head_size': 1, 'learning_rate': 0.01147409345554187}. Best is trial 28 with value: 420.8121643066406.
LOCAL_RANK: 0 - CUDA_VISIBLE_DEVICES: [0]
[I 2023-11-30 08:53:03,371] Trial 36 finished with value: 463.82666015625 and parameters: {'gradient_clip_val': 0.16361079610329335, 'hidden_size': 90, 'dropout': 0.3164101618166598, 'hidden_continuous_size': 13, 'attention_head_size': 3, 'learning_rate': 0.008801912683266619}. Best is trial 28 with value: 420.8121643066406.
LOCAL_RANK: 0 - CUDA_VISIBLE_DEVICES: [0]
[I 2023-11-30 08:53:16,955] Trial 37 finished with value: 504.1997985839844 and parameters: {'gradient_clip_val': 0.1645530513360576, 'hidden_size': 95, 'dropout': 0.3117798354194226, 'hidden_continuous_size': 14, 'attention_head_size': 4, 'learning_rate': 0.0083796689948244}. Best is trial 28 with value: 420.8121643066406.
LOCAL_RANK: 0 - CUDA_VISIBLE_DEVICES: [0]
[I 2023-11-30 08:53:30,693] Trial 38 finished with value: 490.3322448730469 and parameters: {'gradient_clip_val': 0.15636395343233223, 'hidden_size': 99, 'dropout': 0.2851846483915087, 'hidden_continuous_size': 13, 'attention_head_size': 3, 'learning_rate': 0.006385261473682923}. Best is trial 28 with value: 420.8121643066406.
LOCAL_RANK: 0 - CUDA_VISIBLE_DEVICES: [0]
[I 2023-11-30 08:53:43,700] Trial 39 finished with value: 480.1538391113281 and parameters: {'gradient_clip_val': 0.1792871198715096, 'hidden_size': 53, 'dropout': 0.26132099017305965, 'hidden_continuous_size': 14, 'attention_head_size': 3, 'learning_rate': 0.015914943758672136}. Best is trial 28 with value: 420.8121643066406.
LOCAL_RANK: 0 - CUDA_VISIBLE_DEVICES: [0]
[I 2023-11-30 08:53:56,658] Trial 40 finished with value: 529.422607421875 and parameters: {'gradient_clip_val': 0.13574789174231722, 'hidden_size': 53, 'dropout': 0.26026736358936037, 'hidden_continuous_size': 18, 'attention_head_size': 3, 'learning_rate': 0.016135765737849642}. Best is trial 28 with value: 420.8121643066406.
LOCAL_RANK: 0 - CUDA_VISIBLE_DEVICES: [0]
[I 2023-11-30 08:54:09,481] Trial 41 finished with value: 432.2884521484375 and parameters: {'gradient_clip_val': 0.16185615647360596, 'hidden_size': 45, 'dropout': 0.24195764100085676, 'hidden_continuous_size': 14, 'attention_head_size': 3, 'learning_rate': 0.011922789132007684}. Best is trial 28 with value: 420.8121643066406.
LOCAL_RANK: 0 - CUDA_VISIBLE_DEVICES: [0]
[I 2023-11-30 08:54:22,227] Trial 42 finished with value: 552.097412109375 and parameters: {'gradient_clip_val': 0.17306727521330148, 'hidden_size': 45, 'dropout': 0.24499812151237588, 'hidden_continuous_size': 16, 'attention_head_size': 3, 'learning_rate': 0.009345539953014514}. Best is trial 28 with value: 420.8121643066406.
LOCAL_RANK: 0 - CUDA_VISIBLE_DEVICES: [0]
[I 2023-11-30 08:54:35,359] Trial 43 finished with value: 736.9431762695312 and parameters: {'gradient_clip_val': 0.18399909811562476, 'hidden_size': 49, 'dropout': 0.2652294494402031, 'hidden_continuous_size': 12, 'attention_head_size': 3, 'learning_rate': 0.004392138366549475}. Best is trial 28 with value: 420.8121643066406.
LOCAL_RANK: 0 - CUDA_VISIBLE_DEVICES: [0]
[I 2023-11-30 08:54:48,176] Trial 44 finished with value: 590.889892578125 and parameters: {'gradient_clip_val': 0.1469489852725436, 'hidden_size': 42, 'dropout': 0.23006389095593502, 'hidden_continuous_size': 11, 'attention_head_size': 4, 'learning_rate': 0.016983406569303788}. Best is trial 28 with value: 420.8121643066406.
LOCAL_RANK: 0 - CUDA_VISIBLE_DEVICES: [0]
[I 2023-11-30 08:55:01,207] Trial 45 finished with value: 454.1001892089844 and parameters: {'gradient_clip_val': 0.18342993510824235, 'hidden_size': 57, 'dropout': 0.2886767065480805, 'hidden_continuous_size': 14, 'attention_head_size': 3, 'learning_rate': 0.010580520059308745}. Best is trial 28 with value: 420.8121643066406.
LOCAL_RANK: 0 - CUDA_VISIBLE_DEVICES: [0]
[I 2023-11-30 08:55:14,162] Trial 46 finished with value: 471.62451171875 and parameters: {'gradient_clip_val': 0.12493809038585858, 'hidden_size': 58, 'dropout': 0.2880899820980952, 'hidden_continuous_size': 15, 'attention_head_size': 3, 'learning_rate': 0.010999022089855568}. Best is trial 28 with value: 420.8121643066406.
LOCAL_RANK: 0 - CUDA_VISIBLE_DEVICES: [0]
[I 2023-11-30 08:55:27,615] Trial 47 finished with value: 480.0361328125 and parameters: {'gradient_clip_val': 0.18610371612814303, 'hidden_size': 74, 'dropout': 0.34574858114010737, 'hidden_continuous_size': 18, 'attention_head_size': 3, 'learning_rate': 0.007334088824150712}. Best is trial 28 with value: 420.8121643066406.
LOCAL_RANK: 0 - CUDA_VISIBLE_DEVICES: [0]
[I 2023-11-30 08:55:41,780] Trial 48 finished with value: 485.5150451660156 and parameters: {'gradient_clip_val': 0.15273619361573887, 'hidden_size': 117, 'dropout': 0.27886929579311115, 'hidden_continuous_size': 20, 'attention_head_size': 4, 'learning_rate': 0.013087766231840612}. Best is trial 28 with value: 420.8121643066406.
LOCAL_RANK: 0 - CUDA_VISIBLE_DEVICES: [0]
[I 2023-11-30 08:55:54,481] Trial 49 finished with value: 633.59619140625 and parameters: {'gradient_clip_val': 0.24249567940925815, 'hidden_size': 33, 'dropout': 0.2962873494660973, 'hidden_continuous_size': 16, 'attention_head_size': 3, 'learning_rate': 0.004885800460250788}. Best is trial 28 with value: 420.8121643066406.
LOCAL_RANK: 0 - CUDA_VISIBLE_DEVICES: [0]
[I 2023-11-30 08:56:07,826] Trial 50 finished with value: 491.9384765625 and parameters: {'gradient_clip_val': 0.2093588636891431, 'hidden_size': 84, 'dropout': 0.31607587507042567, 'hidden_continuous_size': 10, 'attention_head_size': 3, 'learning_rate': 0.010196397719015857}. Best is trial 28 with value: 420.8121643066406.
LOCAL_RANK: 0 - CUDA_VISIBLE_DEVICES: [0]
[I 2023-11-30 08:56:20,705] Trial 51 finished with value: 641.7730102539062 and parameters: {'gradient_clip_val': 0.12068847884007577, 'hidden_size': 58, 'dropout': 0.28774268083465654, 'hidden_continuous_size': 13, 'attention_head_size': 3, 'learning_rate': 0.01187002467962311}. Best is trial 28 with value: 420.8121643066406.
LOCAL_RANK: 0 - CUDA_VISIBLE_DEVICES: [0]
[I 2023-11-30 08:56:33,915] Trial 52 finished with value: 556.0848999023438 and parameters: {'gradient_clip_val': 0.13552519997978504, 'hidden_size': 72, 'dropout': 0.2965839511638776, 'hidden_continuous_size': 15, 'attention_head_size': 3, 'learning_rate': 0.009781639912102751}. Best is trial 28 with value: 420.8121643066406.
LOCAL_RANK: 0 - CUDA_VISIBLE_DEVICES: [0]
[I 2023-11-30 08:56:46,969] Trial 53 finished with value: 505.7781982421875 and parameters: {'gradient_clip_val': 0.1038156258802576, 'hidden_size': 57, 'dropout': 0.27472769049162243, 'hidden_continuous_size': 11, 'attention_head_size': 3, 'learning_rate': 0.007259792863870444}. Best is trial 28 with value: 420.8121643066406.
LOCAL_RANK: 0 - CUDA_VISIBLE_DEVICES: [0]
[I 2023-11-30 08:57:00,003] Trial 54 finished with value: 517.82666015625 and parameters: {'gradient_clip_val': 0.12347995820772956, 'hidden_size': 57, 'dropout': 0.3382334363509449, 'hidden_continuous_size': 17, 'attention_head_size': 3, 'learning_rate': 0.014396134259173816}. Best is trial 28 with value: 420.8121643066406.
LOCAL_RANK: 0 - CUDA_VISIBLE_DEVICES: [0]
