[I 2023-11-30 13:50:25,908] Trial 99 finished with value: 7.992713451385498 and parameters: {'gradient_clip_val': 0.12870790667642115, 'hidden_size': 78, 'dropout': 0.37466945743213087, 'hidden_continuous_size': 10, 'attention_head_size': 3, 'learning_rate': 0.058674015032941625}. Best is trial 79 with value: 7.742837429046631.
LOCAL_RANK: 0 - CUDA_VISIBLE_DEVICES: [0]
[I 2023-11-30 13:50:40,242] Trial 100 finished with value: 9.18676471710205 and parameters: {'gradient_clip_val': 0.12379995100404005, 'hidden_size': 81, 'dropout': 0.3750107602165058, 'hidden_continuous_size': 10, 'attention_head_size': 3, 'learning_rate': 0.060739289456919955}. Best is trial 79 with value: 7.742837429046631.
LOCAL_RANK: 0 - CUDA_VISIBLE_DEVICES: [0]
[I 2023-11-30 13:50:54,441] Trial 101 finished with value: 10.695331573486328 and parameters: {'gradient_clip_val': 0.16205054314049616, 'hidden_size': 85, 'dropout': 0.36939801243448067, 'hidden_continuous_size': 10, 'attention_head_size': 3, 'learning_rate': 0.03801766632318607}. Best is trial 79 with value: 7.742837429046631.
LOCAL_RANK: 0 - CUDA_VISIBLE_DEVICES: [0]
[I 2023-11-30 13:51:08,977] Trial 102 finished with value: 12.61778736114502 and parameters: {'gradient_clip_val': 0.13404622190365506, 'hidden_size': 75, 'dropout': 0.34096501177042604, 'hidden_continuous_size': 12, 'attention_head_size': 3, 'learning_rate': 0.05149866376322021}. Best is trial 79 with value: 7.742837429046631.
LOCAL_RANK: 0 - CUDA_VISIBLE_DEVICES: [0]
[I 2023-11-30 13:51:23,178] Trial 103 finished with value: 8.713665962219238 and parameters: {'gradient_clip_val': 0.14535232512964014, 'hidden_size': 96, 'dropout': 0.33053536194253547, 'hidden_continuous_size': 19, 'attention_head_size': 3, 'learning_rate': 0.057368802357878154}. Best is trial 79 with value: 7.742837429046631.
LOCAL_RANK: 0 - CUDA_VISIBLE_DEVICES: [0]
[I 2023-11-30 13:51:38,473] Trial 104 finished with value: 9.618048667907715 and parameters: {'gradient_clip_val': 0.15432554602434026, 'hidden_size': 125, 'dropout': 0.3832093790066047, 'hidden_continuous_size': 12, 'attention_head_size': 3, 'learning_rate': 0.043201226177106374}. Best is trial 79 with value: 7.742837429046631.
LOCAL_RANK: 0 - CUDA_VISIBLE_DEVICES: [0]
[I 2023-11-30 13:51:53,240] Trial 105 finished with value: 10.673591613769531 and parameters: {'gradient_clip_val': 0.17345479283519985, 'hidden_size': 89, 'dropout': 0.35054600557669974, 'hidden_continuous_size': 13, 'attention_head_size': 3, 'learning_rate': 0.036294391709461034}. Best is trial 79 with value: 7.742837429046631.
LOCAL_RANK: 0 - CUDA_VISIBLE_DEVICES: [0]
[I 2023-11-30 13:52:08,482] Trial 106 finished with value: 9.1763277053833 and parameters: {'gradient_clip_val': 0.19720809003360643, 'hidden_size': 117, 'dropout': 0.3610088855261155, 'hidden_continuous_size': 35, 'attention_head_size': 3, 'learning_rate': 0.028867920793865225}. Best is trial 79 with value: 7.742837429046631.
LOCAL_RANK: 0 - CUDA_VISIBLE_DEVICES: [0]
[I 2023-11-30 13:52:23,338] Trial 107 finished with value: 10.594475746154785 and parameters: {'gradient_clip_val': 0.1271140363998877, 'hidden_size': 105, 'dropout': 0.33783449764947054, 'hidden_continuous_size': 15, 'attention_head_size': 3, 'learning_rate': 0.05410517043135093}. Best is trial 79 with value: 7.742837429046631.
LOCAL_RANK: 0 - CUDA_VISIBLE_DEVICES: [0]
[I 2023-11-30 13:52:38,436] Trial 108 finished with value: 9.279468536376953 and parameters: {'gradient_clip_val': 0.11834200503521275, 'hidden_size': 78, 'dropout': 0.35393525240598794, 'hidden_continuous_size': 14, 'attention_head_size': 3, 'learning_rate': 0.04642874758644766}. Best is trial 79 with value: 7.742837429046631.
LOCAL_RANK: 0 - CUDA_VISIBLE_DEVICES: [0]
[I 2023-11-30 13:52:53,568] Trial 109 finished with value: 9.322274208068848 and parameters: {'gradient_clip_val': 0.14004932351309024, 'hidden_size': 99, 'dropout': 0.3251407305930822, 'hidden_continuous_size': 34, 'attention_head_size': 4, 'learning_rate': 0.04090372921941887}. Best is trial 79 with value: 7.742837429046631.
LOCAL_RANK: 0 - CUDA_VISIBLE_DEVICES: [0]
[I 2023-11-30 13:53:06,997] Trial 110 finished with value: 9.600935935974121 and parameters: {'gradient_clip_val': 0.2177309100895577, 'hidden_size': 71, 'dropout': 0.3085852306616725, 'hidden_continuous_size': 11, 'attention_head_size': 3, 'learning_rate': 0.0708169748350514}. Best is trial 79 with value: 7.742837429046631.
LOCAL_RANK: 0 - CUDA_VISIBLE_DEVICES: [0]
[I 2023-11-30 13:53:22,648] Trial 111 finished with value: 8.630572319030762 and parameters: {'gradient_clip_val': 0.19669903234187353, 'hidden_size': 131, 'dropout': 0.33269153966480364, 'hidden_continuous_size': 37, 'attention_head_size': 2, 'learning_rate': 0.07892515403252648}. Best is trial 79 with value: 7.742837429046631.
LOCAL_RANK: 0 - CUDA_VISIBLE_DEVICES: [0]
[I 2023-11-30 13:53:38,143] Trial 112 finished with value: 8.775322914123535 and parameters: {'gradient_clip_val': 0.2120858181435396, 'hidden_size': 126, 'dropout': 0.32120987623070935, 'hidden_continuous_size': 45, 'attention_head_size': 2, 'learning_rate': 0.08357229126097608}. Best is trial 79 with value: 7.742837429046631.
LOCAL_RANK: 0 - CUDA_VISIBLE_DEVICES: [0]
[I 2023-11-30 13:53:54,201] Trial 113 finished with value: 9.284605979919434 and parameters: {'gradient_clip_val': 0.1688260037337471, 'hidden_size': 142, 'dropout': 0.3413627643007972, 'hidden_continuous_size': 38, 'attention_head_size': 1, 'learning_rate': 0.06233073455347822}. Best is trial 79 with value: 7.742837429046631.
LOCAL_RANK: 0 - CUDA_VISIBLE_DEVICES: [0]
[I 2023-11-30 13:54:09,220] Trial 114 finished with value: 9.436646461486816 and parameters: {'gradient_clip_val': 0.23090807718299092, 'hidden_size': 135, 'dropout': 0.34637803610394313, 'hidden_continuous_size': 26, 'attention_head_size': 3, 'learning_rate': 0.09370806947236042}. Best is trial 79 with value: 7.742837429046631.
LOCAL_RANK: 0 - CUDA_VISIBLE_DEVICES: [0]
[I 2023-11-30 13:54:24,290] Trial 115 finished with value: 10.229072570800781 and parameters: {'gradient_clip_val': 0.15974425067604425, 'hidden_size': 119, 'dropout': 0.3257936735124274, 'hidden_continuous_size': 41, 'attention_head_size': 3, 'learning_rate': 0.08944225891163651}. Best is trial 79 with value: 7.742837429046631.
LOCAL_RANK: 0 - CUDA_VISIBLE_DEVICES: [0]
[I 2023-11-30 13:54:39,391] Trial 116 finished with value: 9.442755699157715 and parameters: {'gradient_clip_val': 0.18181989760074796, 'hidden_size': 112, 'dropout': 0.33086163507390143, 'hidden_continuous_size': 29, 'attention_head_size': 3, 'learning_rate': 0.06971848279609574}. Best is trial 79 with value: 7.742837429046631.
LOCAL_RANK: 0 - CUDA_VISIBLE_DEVICES: [0]
[I 2023-11-30 13:54:54,390] Trial 117 finished with value: 8.48154067993164 and parameters: {'gradient_clip_val': 0.1910460655457931, 'hidden_size': 127, 'dropout': 0.31480947613584, 'hidden_continuous_size': 32, 'attention_head_size': 2, 'learning_rate': 0.06298717608817372}. Best is trial 79 with value: 7.742837429046631.
LOCAL_RANK: 0 - CUDA_VISIBLE_DEVICES: [0]
[I 2023-11-30 13:55:09,125] Trial 118 finished with value: 8.482105255126953 and parameters: {'gradient_clip_val': 0.13109460592570593, 'hidden_size': 93, 'dropout': 0.31048644889668275, 'hidden_continuous_size': 31, 'attention_head_size': 1, 'learning_rate': 0.049090687614750717}. Best is trial 79 with value: 7.742837429046631.
LOCAL_RANK: 0 - CUDA_VISIBLE_DEVICES: [0]
[I 2023-11-30 13:55:23,814] Trial 119 finished with value: 8.793647766113281 and parameters: {'gradient_clip_val': 0.13701438760738122, 'hidden_size': 93, 'dropout': 0.31533582028488416, 'hidden_continuous_size': 31, 'attention_head_size': 3, 'learning_rate': 0.04944964524116903}. Best is trial 79 with value: 7.742837429046631.
LOCAL_RANK: 0 - CUDA_VISIBLE_DEVICES: [0]
[I 2023-11-30 13:55:37,303] Trial 120 finished with value: 9.936358451843262 and parameters: {'gradient_clip_val': 0.1497680206748139, 'hidden_size': 108, 'dropout': 0.3031331917041911, 'hidden_continuous_size': 32, 'attention_head_size': 3, 'learning_rate': 0.06234829607330814}. Best is trial 79 with value: 7.742837429046631.
LOCAL_RANK: 0 - CUDA_VISIBLE_DEVICES: [0]
[I 2023-11-30 13:55:50,607] Trial 121 finished with value: 9.179036140441895 and parameters: {'gradient_clip_val': 0.13080649545714143, 'hidden_size': 101, 'dropout': 0.3118009100146026, 'hidden_continuous_size': 28, 'attention_head_size': 1, 'learning_rate': 0.032824073327381}. Best is trial 79 with value: 7.742837429046631.
LOCAL_RANK: 0 - CUDA_VISIBLE_DEVICES: [0]
[I 2023-11-30 13:56:03,901] Trial 122 finished with value: 9.023991584777832 and parameters: {'gradient_clip_val': 0.18623540964314403, 'hidden_size': 81, 'dropout': 0.2965991668850996, 'hidden_continuous_size': 30, 'attention_head_size': 1, 'learning_rate': 0.05381923922283583}. Best is trial 79 with value: 7.742837429046631.
LOCAL_RANK: 0 - CUDA_VISIBLE_DEVICES: [0]
[I 2023-11-30 13:56:16,776] Trial 123 finished with value: 10.357162475585938 and parameters: {'gradient_clip_val': 0.40058856778675456, 'hidden_size': 88, 'dropout': 0.3055281080716125, 'hidden_continuous_size': 10, 'attention_head_size': 1, 'learning_rate': 0.03954366332501308}. Best is trial 79 with value: 7.742837429046631.
LOCAL_RANK: 0 - CUDA_VISIBLE_DEVICES: [0]
[I 2023-11-30 13:56:30,483] Trial 124 finished with value: 10.319766998291016 and parameters: {'gradient_clip_val': 0.166054589604575, 'hidden_size': 123, 'dropout': 0.31853666030315003, 'hidden_continuous_size': 35, 'attention_head_size': 1, 'learning_rate': 0.043958585027421275}. Best is trial 79 with value: 7.742837429046631.
LOCAL_RANK: 0 - CUDA_VISIBLE_DEVICES: [0]
[I 2023-11-30 13:56:44,080] Trial 125 finished with value: 9.329647064208984 and parameters: {'gradient_clip_val': 0.15495165606657724, 'hidden_size': 114, 'dropout': 0.2780847404240731, 'hidden_continuous_size': 33, 'attention_head_size': 1, 'learning_rate': 0.03573558952123486}. Best is trial 79 with value: 7.742837429046631.
LOCAL_RANK: 0 - CUDA_VISIBLE_DEVICES: [0]
[I 2023-11-30 13:56:58,121] Trial 126 finished with value: 8.708258628845215 and parameters: {'gradient_clip_val': 0.11311867393807166, 'hidden_size': 143, 'dropout': 0.3655406814812924, 'hidden_continuous_size': 26, 'attention_head_size': 3, 'learning_rate': 0.056047656913866366}. Best is trial 79 with value: 7.742837429046631.
LOCAL_RANK: 0 - CUDA_VISIBLE_DEVICES: [0]
[I 2023-11-30 13:57:11,522] Trial 127 finished with value: 9.540569305419922 and parameters: {'gradient_clip_val': 0.14666444399895506, 'hidden_size': 93, 'dropout': 0.2933423093845103, 'hidden_continuous_size': 29, 'attention_head_size': 2, 'learning_rate': 0.04834195155847938}. Best is trial 79 with value: 7.742837429046631.
LOCAL_RANK: 0 - CUDA_VISIBLE_DEVICES: [0]
[I 2023-11-30 13:57:25,292] Trial 128 finished with value: 9.137694358825684 and parameters: {'gradient_clip_val': 0.17766924006196644, 'hidden_size': 133, 'dropout': 0.3531800810601951, 'hidden_continuous_size': 39, 'attention_head_size': 1, 'learning_rate': 0.07536718337741788}. Best is trial 79 with value: 7.742837429046631.
LOCAL_RANK: 0 - CUDA_VISIBLE_DEVICES: [0]
[I 2023-11-30 13:57:39,532] Trial 129 finished with value: 8.573904991149902 and parameters: {'gradient_clip_val': 0.1928971715437259, 'hidden_size': 150, 'dropout': 0.3364773358024098, 'hidden_continuous_size': 43, 'attention_head_size': 3, 'learning_rate': 0.027216463713124858}. Best is trial 79 with value: 7.742837429046631.
LOCAL_RANK: 0 - CUDA_VISIBLE_DEVICES: [0]
[I 2023-11-30 13:57:53,190] Trial 130 finished with value: 8.56213092803955 and parameters: {'gradient_clip_val': 0.1694647962709619, 'hidden_size': 107, 'dropout': 0.3783070412844687, 'hidden_continuous_size': 34, 'attention_head_size': 3, 'learning_rate': 0.06365593816784781}. Best is trial 79 with value: 7.742837429046631.
LOCAL_RANK: 0 - CUDA_VISIBLE_DEVICES: [0]
[I 2023-11-30 13:58:06,649] Trial 131 finished with value: 9.005532264709473 and parameters: {'gradient_clip_val': 0.21084998762842094, 'hidden_size': 124, 'dropout': 0.32634533294609713, 'hidden_continuous_size': 23, 'attention_head_size': 2, 'learning_rate': 0.07858164637472706}. Best is trial 79 with value: 7.742837429046631.
LOCAL_RANK: 0 - CUDA_VISIBLE_DEVICES: [0]
[I 2023-11-30 13:58:20,738] Trial 132 finished with value: 9.116369247436523 and parameters: {'gradient_clip_val': 0.20174836544780544, 'hidden_size': 131, 'dropout': 0.34418569259459997, 'hidden_continuous_size': 37, 'attention_head_size': 2, 'learning_rate': 0.06809987700989723}. Best is trial 79 with value: 7.742837429046631.
LOCAL_RANK: 0 - CUDA_VISIBLE_DEVICES: [0]
[I 2023-11-30 13:58:34,658] Trial 133 finished with value: 8.725154876708984 and parameters: {'gradient_clip_val': 0.19199041491653288, 'hidden_size': 118, 'dropout': 0.3222398805763367, 'hidden_continuous_size': 40, 'attention_head_size': 2, 'learning_rate': 0.05797510923358189}. Best is trial 79 with value: 7.742837429046631.
LOCAL_RANK: 0 - CUDA_VISIBLE_DEVICES: [0]
[I 2023-11-30 13:58:48,191] Trial 134 finished with value: 9.495505332946777 and parameters: {'gradient_clip_val': 0.1635736470047989, 'hidden_size': 140, 'dropout': 0.3323250339438365, 'hidden_continuous_size': 11, 'attention_head_size': 2, 'learning_rate': 0.0240739226586992}. Best is trial 79 with value: 7.742837429046631.
LOCAL_RANK: 0 - CUDA_VISIBLE_DEVICES: [0]
[I 2023-11-30 13:59:01,468] Trial 135 finished with value: 10.141586303710938 and parameters: {'gradient_clip_val': 0.2268134031050033, 'hidden_size': 100, 'dropout': 0.31387403366854955, 'hidden_continuous_size': 21, 'attention_head_size': 2, 'learning_rate': 0.030941042449875233}. Best is trial 79 with value: 7.742837429046631.
LOCAL_RANK: 0 - CUDA_VISIBLE_DEVICES: [0]
[I 2023-11-30 13:59:15,037] Trial 136 finished with value: 8.645149230957031 and parameters: {'gradient_clip_val': 0.24295371119753179, 'hidden_size': 128, 'dropout': 0.3566803654462295, 'hidden_continuous_size': 17, 'attention_head_size': 3, 'learning_rate': 0.050985665408119184}. Best is trial 79 with value: 7.742837429046631.
LOCAL_RANK: 0 - CUDA_VISIBLE_DEVICES: [0]
[I 2023-11-30 13:59:28,592] Trial 137 finished with value: 10.595175743103027 and parameters: {'gradient_clip_val': 0.17583777926189048, 'hidden_size': 111, 'dropout': 0.33867166872120624, 'hidden_continuous_size': 31, 'attention_head_size': 3, 'learning_rate': 0.04266768984528449}. Best is trial 79 with value: 7.742837429046631.
LOCAL_RANK: 0 - CUDA_VISIBLE_DEVICES: [0]
[I 2023-11-30 13:59:42,721] Trial 138 finished with value: 10.613468170166016 and parameters: {'gradient_clip_val': 0.14150083106143305, 'hidden_size': 137, 'dropout': 0.35093155194528297, 'hidden_continuous_size': 36, 'attention_head_size': 3, 'learning_rate': 0.03305203182763132}. Best is trial 79 with value: 7.742837429046631.
LOCAL_RANK: 0 - CUDA_VISIBLE_DEVICES: [0]
[I 2023-11-30 13:59:55,780] Trial 139 finished with value: 8.476083755493164 and parameters: {'gradient_clip_val': 0.1547985187852144, 'hidden_size': 67, 'dropout': 0.36789914270429086, 'hidden_continuous_size': 32, 'attention_head_size': 1, 'learning_rate': 0.03747697824374206}. Best is trial 79 with value: 7.742837429046631.
LOCAL_RANK: 0 - CUDA_VISIBLE_DEVICES: [0]
[I 2023-11-30 14:00:08,746] Trial 140 finished with value: 9.426559448242188 and parameters: {'gradient_clip_val': 0.15537178759066392, 'hidden_size': 68, 'dropout': 0.3736618389580035, 'hidden_continuous_size': 32, 'attention_head_size': 1, 'learning_rate': 0.0393321200743471}. Best is trial 79 with value: 7.742837429046631.
LOCAL_RANK: 0 - CUDA_VISIBLE_DEVICES: [0]
[I 2023-11-30 14:00:22,079] Trial 141 finished with value: 9.460721015930176 and parameters: {'gradient_clip_val': 0.15011743727151494, 'hidden_size': 84, 'dropout': 0.3665219439224096, 'hidden_continuous_size': 35, 'attention_head_size': 1, 'learning_rate': 0.046440692227849655}. Best is trial 79 with value: 7.742837429046631.
LOCAL_RANK: 0 - CUDA_VISIBLE_DEVICES: [0]
[I 2023-11-30 14:00:35,101] Trial 142 finished with value: 9.124218940734863 and parameters: {'gradient_clip_val': 0.1864385678273355, 'hidden_size': 59, 'dropout': 0.3889086348015186, 'hidden_continuous_size': 33, 'attention_head_size': 1, 'learning_rate': 0.02956021337098418}. Best is trial 79 with value: 7.742837429046631.
LOCAL_RANK: 0 - CUDA_VISIBLE_DEVICES: [0]
[I 2023-11-30 14:00:48,160] Trial 143 finished with value: 9.839179039001465 and parameters: {'gradient_clip_val': 0.13303424017623344, 'hidden_size': 74, 'dropout': 0.3455552807391602, 'hidden_continuous_size': 30, 'attention_head_size': 1, 'learning_rate': 0.03641577421035387}. Best is trial 79 with value: 7.742837429046631.
LOCAL_RANK: 0 - CUDA_VISIBLE_DEVICES: [0]
[I 2023-11-30 14:01:01,142] Trial 144 finished with value: 9.741472244262695 and parameters: {'gradient_clip_val': 0.16059233774438483, 'hidden_size': 63, 'dropout': 0.3563623465940639, 'hidden_continuous_size': 27, 'attention_head_size': 1, 'learning_rate': 0.021051078416496068}. Best is trial 79 with value: 7.742837429046631.
LOCAL_RANK: 0 - CUDA_VISIBLE_DEVICES: [0]
[I 2023-11-30 14:01:14,889] Trial 145 finished with value: 9.705520629882812 and parameters: {'gradient_clip_val': 0.20351176588652947, 'hidden_size': 119, 'dropout': 0.3609232475843861, 'hidden_continuous_size': 42, 'attention_head_size': 3, 'learning_rate': 0.07338732736142564}. Best is trial 79 with value: 7.742837429046631.
LOCAL_RANK: 0 - CUDA_VISIBLE_DEVICES: [0]
[I 2023-11-30 14:01:28,317] Trial 146 finished with value: 9.425932884216309 and parameters: {'gradient_clip_val': 0.17384291196563523, 'hidden_size': 77, 'dropout': 0.37232419050533455, 'hidden_continuous_size': 28, 'attention_head_size': 3, 'learning_rate': 0.08787486485570468}. Best is trial 79 with value: 7.742837429046631.
LOCAL_RANK: 0 - CUDA_VISIBLE_DEVICES: [0]
[I 2023-11-30 14:01:41,749] Trial 147 finished with value: 9.8926420211792 and parameters: {'gradient_clip_val': 0.5490229450290373, 'hidden_size': 104, 'dropout': 0.3266532870496359, 'hidden_continuous_size': 39, 'attention_head_size': 1, 'learning_rate': 0.060890489353893025}. Best is trial 79 with value: 7.742837429046631.
LOCAL_RANK: 0 - CUDA_VISIBLE_DEVICES: [0]
[I 2023-11-30 14:01:54,252] Trial 148 finished with value: 11.692181587219238 and parameters: {'gradient_clip_val': 0.144061562704787, 'hidden_size': 43, 'dropout': 0.25209922529551776, 'hidden_continuous_size': 14, 'attention_head_size': 3, 'learning_rate': 0.02593911508912053}. Best is trial 79 with value: 7.742837429046631.
LOCAL_RANK: 0 - CUDA_VISIBLE_DEVICES: [0]
[I 2023-11-30 14:02:07,798] Trial 149 finished with value: 10.6272611618042 and parameters: {'gradient_clip_val': 0.12312046180991053, 'hidden_size': 97, 'dropout': 0.33858436386434404, 'hidden_continuous_size': 37, 'attention_head_size': 2, 'learning_rate': 0.05231849158540055}. Best is trial 79 with value: 7.742837429046631.
[I 2023-11-30 14:02:07,907] A new study created in memory with name: no-name-cf201253-eb7f-4dcd-9ccd-3c836630b5c1
/home/le004/conda/anaconda3/envs/tsff_env/lib/python3.9/site-packages/lightning/fabric/plugins/environments/slurm.py:191: The `srun` command is available on your system but is not used. HINT: If your intention is to run Lightning on SLURM, prepend your python command with `srun` like so: srun python /home/le004/master_thesis/git/TSFusionForecast/code/ ...
LOCAL_RANK: 0 - CUDA_VISIBLE_DEVICES: [0]
[I 2023-11-30 14:02:19,495] Trial 0 finished with value: 149.05389404296875 and parameters: {'gradient_clip_val': 0.3382138183280863, 'hidden_size': 16, 'dropout': 0.17025567255189705, 'hidden_continuous_size': 12, 'attention_head_size': 1, 'learning_rate': 0.016248665234383654}. Best is trial 0 with value: 149.05389404296875.
LOCAL_RANK: 0 - CUDA_VISIBLE_DEVICES: [0]
[I 2023-11-30 14:02:32,432] Trial 1 finished with value: 161.51719665527344 and parameters: {'gradient_clip_val': 0.7949211419496801, 'hidden_size': 39, 'dropout': 0.291573168003332, 'hidden_continuous_size': 33, 'attention_head_size': 1, 'learning_rate': 0.09258471972530037}. Best is trial 0 with value: 149.05389404296875.
LOCAL_RANK: 0 - CUDA_VISIBLE_DEVICES: [0]
[I 2023-11-30 14:02:44,451] Trial 2 finished with value: 163.44850158691406 and parameters: {'gradient_clip_val': 0.708962896068695, 'hidden_size': 23, 'dropout': 0.28435371457451897, 'hidden_continuous_size': 21, 'attention_head_size': 1, 'learning_rate': 0.003459107704934984}. Best is trial 0 with value: 149.05389404296875.
LOCAL_RANK: 0 - CUDA_VISIBLE_DEVICES: [0]
[I 2023-11-30 14:02:56,932] Trial 3 finished with value: 145.67474365234375 and parameters: {'gradient_clip_val': 0.7835097917830833, 'hidden_size': 38, 'dropout': 0.2412630368724064, 'hidden_continuous_size': 21, 'attention_head_size': 3, 'learning_rate': 0.022898675225313626}. Best is trial 3 with value: 145.67474365234375.
LOCAL_RANK: 0 - CUDA_VISIBLE_DEVICES: [0]
[I 2023-11-30 14:03:09,352] Trial 4 finished with value: 154.9420623779297 and parameters: {'gradient_clip_val': 0.9840459965293703, 'hidden_size': 31, 'dropout': 0.21978306953357435, 'hidden_continuous_size': 24, 'attention_head_size': 3, 'learning_rate': 0.0028972655870265125}. Best is trial 3 with value: 145.67474365234375.
LOCAL_RANK: 0 - CUDA_VISIBLE_DEVICES: [0]
[I 2023-11-30 14:03:21,632] Trial 5 finished with value: 137.7469482421875 and parameters: {'gradient_clip_val': 0.1983058845101931, 'hidden_size': 31, 'dropout': 0.37770837942049174, 'hidden_continuous_size': 27, 'attention_head_size': 2, 'learning_rate': 0.005696707773616933}. Best is trial 5 with value: 137.7469482421875.
LOCAL_RANK: 0 - CUDA_VISIBLE_DEVICES: [0]
