[I 2023-11-30 13:35:47,722] Trial 40 finished with value: 8.775222778320312 and parameters: {'gradient_clip_val': 0.509323323503064, 'hidden_size': 110, 'dropout': 0.3366175852151757, 'hidden_continuous_size': 17, 'attention_head_size': 1, 'learning_rate': 0.06613808247623879}. Best is trial 22 with value: 7.898030757904053.
LOCAL_RANK: 0 - CUDA_VISIBLE_DEVICES: [0]
[I 2023-11-30 13:36:02,068] Trial 41 finished with value: 9.165525436401367 and parameters: {'gradient_clip_val': 0.12820415653051115, 'hidden_size': 98, 'dropout': 0.30569650344123417, 'hidden_continuous_size': 30, 'attention_head_size': 3, 'learning_rate': 0.06363908991842304}. Best is trial 22 with value: 7.898030757904053.
LOCAL_RANK: 0 - CUDA_VISIBLE_DEVICES: [0]
[I 2023-11-30 13:36:16,397] Trial 42 finished with value: 9.636937141418457 and parameters: {'gradient_clip_val': 0.1309310415029009, 'hidden_size': 95, 'dropout': 0.29675937849047773, 'hidden_continuous_size': 25, 'attention_head_size': 3, 'learning_rate': 0.07438437574425454}. Best is trial 22 with value: 7.898030757904053.
LOCAL_RANK: 0 - CUDA_VISIBLE_DEVICES: [0]
[I 2023-11-30 13:36:31,854] Trial 43 finished with value: 8.417954444885254 and parameters: {'gradient_clip_val': 0.15883012239413774, 'hidden_size': 116, 'dropout': 0.3175003635876341, 'hidden_continuous_size': 32, 'attention_head_size': 3, 'learning_rate': 0.03410445889977505}. Best is trial 22 with value: 7.898030757904053.
LOCAL_RANK: 0 - CUDA_VISIBLE_DEVICES: [0]
[I 2023-11-30 13:36:46,926] Trial 44 finished with value: 12.771904945373535 and parameters: {'gradient_clip_val': 0.1560883175667004, 'hidden_size': 134, 'dropout': 0.3197647148551551, 'hidden_continuous_size': 33, 'attention_head_size': 3, 'learning_rate': 0.025128858004826008}. Best is trial 22 with value: 7.898030757904053.
LOCAL_RANK: 0 - CUDA_VISIBLE_DEVICES: [0]
[I 2023-11-30 13:37:01,828] Trial 45 finished with value: 10.298274040222168 and parameters: {'gradient_clip_val': 0.1781262301782565, 'hidden_size': 122, 'dropout': 0.33260706125834955, 'hidden_continuous_size': 36, 'attention_head_size': 2, 'learning_rate': 0.03514938694362418}. Best is trial 22 with value: 7.898030757904053.
LOCAL_RANK: 0 - CUDA_VISIBLE_DEVICES: [0]
[I 2023-11-30 13:37:15,796] Trial 46 finished with value: 10.601078987121582 and parameters: {'gradient_clip_val': 0.2059938555715553, 'hidden_size': 84, 'dropout': 0.2679305604777286, 'hidden_continuous_size': 24, 'attention_head_size': 3, 'learning_rate': 0.019611109309631055}. Best is trial 22 with value: 7.898030757904053.
LOCAL_RANK: 0 - CUDA_VISIBLE_DEVICES: [0]
[I 2023-11-30 13:37:30,950] Trial 47 finished with value: 10.431063652038574 and parameters: {'gradient_clip_val': 0.6006821824497004, 'hidden_size': 148, 'dropout': 0.3442008798142574, 'hidden_continuous_size': 45, 'attention_head_size': 4, 'learning_rate': 0.012721426931312329}. Best is trial 22 with value: 7.898030757904053.
LOCAL_RANK: 0 - CUDA_VISIBLE_DEVICES: [0]
[I 2023-11-30 13:37:45,282] Trial 48 finished with value: 12.872570991516113 and parameters: {'gradient_clip_val': 0.16330542469646328, 'hidden_size': 112, 'dropout': 0.3144428353964317, 'hidden_continuous_size': 58, 'attention_head_size': 3, 'learning_rate': 0.046756495955839264}. Best is trial 22 with value: 7.898030757904053.
LOCAL_RANK: 0 - CUDA_VISIBLE_DEVICES: [0]
[I 2023-11-30 13:37:58,791] Trial 49 finished with value: 10.305224418640137 and parameters: {'gradient_clip_val': 0.1134852161326713, 'hidden_size': 57, 'dropout': 0.28661666940771807, 'hidden_continuous_size': 12, 'attention_head_size': 2, 'learning_rate': 0.03436858045464076}. Best is trial 22 with value: 7.898030757904053.
LOCAL_RANK: 0 - CUDA_VISIBLE_DEVICES: [0]
[I 2023-11-30 13:38:12,608] Trial 50 finished with value: 9.836949348449707 and parameters: {'gradient_clip_val': 0.14268282926260342, 'hidden_size': 69, 'dropout': 0.3265746987221791, 'hidden_continuous_size': 31, 'attention_head_size': 1, 'learning_rate': 0.024207822970834125}. Best is trial 22 with value: 7.898030757904053.
LOCAL_RANK: 0 - CUDA_VISIBLE_DEVICES: [0]
[I 2023-11-30 13:38:27,292] Trial 51 finished with value: 10.708938598632812 and parameters: {'gradient_clip_val': 0.1405310066686712, 'hidden_size': 97, 'dropout': 0.30011249930600936, 'hidden_continuous_size': 27, 'attention_head_size': 3, 'learning_rate': 0.06049082714506551}. Best is trial 22 with value: 7.898030757904053.
LOCAL_RANK: 0 - CUDA_VISIBLE_DEVICES: [0]
[I 2023-11-30 13:38:42,704] Trial 52 finished with value: 9.439655303955078 and parameters: {'gradient_clip_val': 0.1875146774392564, 'hidden_size': 127, 'dropout': 0.31178001130800903, 'hidden_continuous_size': 22, 'attention_head_size': 3, 'learning_rate': 0.08419022157992326}. Best is trial 22 with value: 7.898030757904053.
LOCAL_RANK: 0 - CUDA_VISIBLE_DEVICES: [0]
[I 2023-11-30 13:38:57,196] Trial 53 finished with value: 9.19402027130127 and parameters: {'gradient_clip_val': 0.13409028253698924, 'hidden_size': 79, 'dropout': 0.3524124995885234, 'hidden_continuous_size': 30, 'attention_head_size': 3, 'learning_rate': 0.03958604072875116}. Best is trial 22 with value: 7.898030757904053.
LOCAL_RANK: 0 - CUDA_VISIBLE_DEVICES: [0]
[I 2023-11-30 13:39:12,079] Trial 54 finished with value: 10.008383750915527 and parameters: {'gradient_clip_val': 0.14675174212738862, 'hidden_size': 103, 'dropout': 0.2715115361664212, 'hidden_continuous_size': 35, 'attention_head_size': 3, 'learning_rate': 0.02998883035200756}. Best is trial 22 with value: 7.898030757904053.
LOCAL_RANK: 0 - CUDA_VISIBLE_DEVICES: [0]
[I 2023-11-30 13:39:26,907] Trial 55 finished with value: 8.752235412597656 and parameters: {'gradient_clip_val': 0.11737275880379318, 'hidden_size': 89, 'dropout': 0.29356430482251616, 'hidden_continuous_size': 27, 'attention_head_size': 3, 'learning_rate': 0.04930986777298904}. Best is trial 22 with value: 7.898030757904053.
LOCAL_RANK: 0 - CUDA_VISIBLE_DEVICES: [0]
[I 2023-11-30 13:39:42,043] Trial 56 finished with value: 9.775046348571777 and parameters: {'gradient_clip_val': 0.17058625491380233, 'hidden_size': 113, 'dropout': 0.3082518791859778, 'hidden_continuous_size': 36, 'attention_head_size': 4, 'learning_rate': 0.05332094368746587}. Best is trial 22 with value: 7.898030757904053.
LOCAL_RANK: 0 - CUDA_VISIBLE_DEVICES: [0]
[I 2023-11-30 13:39:57,667] Trial 57 finished with value: 7.981375217437744 and parameters: {'gradient_clip_val': 0.16364469234788434, 'hidden_size': 138, 'dropout': 0.33505440989481666, 'hidden_continuous_size': 40, 'attention_head_size': 3, 'learning_rate': 0.07038238314170281}. Best is trial 22 with value: 7.898030757904053.
LOCAL_RANK: 0 - CUDA_VISIBLE_DEVICES: [0]
[I 2023-11-30 13:40:12,699] Trial 58 finished with value: 9.144356727600098 and parameters: {'gradient_clip_val': 0.18589420505330345, 'hidden_size': 137, 'dropout': 0.358697021348469, 'hidden_continuous_size': 43, 'attention_head_size': 3, 'learning_rate': 0.08829281539081449}. Best is trial 22 with value: 7.898030757904053.
LOCAL_RANK: 0 - CUDA_VISIBLE_DEVICES: [0]
[I 2023-11-30 13:40:27,203] Trial 59 finished with value: 9.881108283996582 and parameters: {'gradient_clip_val': 0.15615876363873243, 'hidden_size': 121, 'dropout': 0.33820556585739875, 'hidden_continuous_size': 62, 'attention_head_size': 3, 'learning_rate': 0.03535781634928669}. Best is trial 22 with value: 7.898030757904053.
LOCAL_RANK: 0 - CUDA_VISIBLE_DEVICES: [0]
[I 2023-11-30 13:40:43,032] Trial 60 finished with value: 8.49965763092041 and parameters: {'gradient_clip_val': 0.20312586202111188, 'hidden_size': 130, 'dropout': 0.3282629127539198, 'hidden_continuous_size': 39, 'attention_head_size': 2, 'learning_rate': 0.09947106360769667}. Best is trial 22 with value: 7.898030757904053.
LOCAL_RANK: 0 - CUDA_VISIBLE_DEVICES: [0]
[I 2023-11-30 13:40:58,868] Trial 61 finished with value: 11.316635131835938 and parameters: {'gradient_clip_val': 0.23878819806611243, 'hidden_size': 136, 'dropout': 0.32763060688656914, 'hidden_continuous_size': 33, 'attention_head_size': 1, 'learning_rate': 0.09734186554531138}. Best is trial 22 with value: 7.898030757904053.
LOCAL_RANK: 0 - CUDA_VISIBLE_DEVICES: [0]
[I 2023-11-30 13:41:13,506] Trial 62 finished with value: 9.014885902404785 and parameters: {'gradient_clip_val': 0.20288717841843693, 'hidden_size': 120, 'dropout': 0.3425134355372556, 'hidden_continuous_size': 39, 'attention_head_size': 1, 'learning_rate': 0.07176095319741828}. Best is trial 22 with value: 7.898030757904053.
LOCAL_RANK: 0 - CUDA_VISIBLE_DEVICES: [0]
[I 2023-11-30 13:41:28,584] Trial 63 finished with value: 10.151165962219238 and parameters: {'gradient_clip_val': 0.17082134016084904, 'hidden_size': 143, 'dropout': 0.3212844544931578, 'hidden_continuous_size': 38, 'attention_head_size': 2, 'learning_rate': 0.08249179413610981}. Best is trial 22 with value: 7.898030757904053.
LOCAL_RANK: 0 - CUDA_VISIBLE_DEVICES: [0]
[I 2023-11-30 13:41:43,763] Trial 64 finished with value: 8.810397148132324 and parameters: {'gradient_clip_val': 0.2492561596179382, 'hidden_size': 106, 'dropout': 0.36471714774913405, 'hidden_continuous_size': 33, 'attention_head_size': 2, 'learning_rate': 0.05603591711037276}. Best is trial 22 with value: 7.898030757904053.
LOCAL_RANK: 0 - CUDA_VISIBLE_DEVICES: [0]
[I 2023-11-30 13:41:59,406] Trial 65 finished with value: 8.540865898132324 and parameters: {'gradient_clip_val': 0.21997527852467766, 'hidden_size': 150, 'dropout': 0.3367950834257738, 'hidden_continuous_size': 44, 'attention_head_size': 3, 'learning_rate': 0.09969868715590455}. Best is trial 22 with value: 7.898030757904053.
LOCAL_RANK: 0 - CUDA_VISIBLE_DEVICES: [0]
[I 2023-11-30 13:42:14,645] Trial 66 finished with value: 8.311287879943848 and parameters: {'gradient_clip_val': 0.18879096331961104, 'hidden_size': 127, 'dropout': 0.35232145728610414, 'hidden_continuous_size': 40, 'attention_head_size': 2, 'learning_rate': 0.0416277007112704}. Best is trial 22 with value: 7.898030757904053.
LOCAL_RANK: 0 - CUDA_VISIBLE_DEVICES: [0]
[I 2023-11-30 13:42:29,432] Trial 67 finished with value: 9.705778121948242 and parameters: {'gradient_clip_val': 0.1641171091064542, 'hidden_size': 91, 'dropout': 0.35481138003729157, 'hidden_continuous_size': 36, 'attention_head_size': 2, 'learning_rate': 0.02214159724681779}. Best is trial 22 with value: 7.898030757904053.
LOCAL_RANK: 0 - CUDA_VISIBLE_DEVICES: [0]
[I 2023-11-30 13:42:44,205] Trial 68 finished with value: 10.317655563354492 and parameters: {'gradient_clip_val': 0.14998579519271477, 'hidden_size': 111, 'dropout': 0.3476429579681878, 'hidden_continuous_size': 42, 'attention_head_size': 2, 'learning_rate': 0.04016057677980149}. Best is trial 22 with value: 7.898030757904053.
LOCAL_RANK: 0 - CUDA_VISIBLE_DEVICES: [0]
[I 2023-11-30 13:42:59,059] Trial 69 finished with value: 9.201607704162598 and parameters: {'gradient_clip_val': 0.1777790472629969, 'hidden_size': 130, 'dropout': 0.36807613733971284, 'hidden_continuous_size': 48, 'attention_head_size': 2, 'learning_rate': 0.02794331040744646}. Best is trial 22 with value: 7.898030757904053.
LOCAL_RANK: 0 - CUDA_VISIBLE_DEVICES: [0]
[I 2023-11-30 13:43:13,492] Trial 70 finished with value: 8.775952339172363 and parameters: {'gradient_clip_val': 0.26280332185584226, 'hidden_size': 85, 'dropout': 0.32641212769642114, 'hidden_continuous_size': 38, 'attention_head_size': 1, 'learning_rate': 0.04517264641986638}. Best is trial 22 with value: 7.898030757904053.
LOCAL_RANK: 0 - CUDA_VISIBLE_DEVICES: [0]
[I 2023-11-30 13:43:29,142] Trial 71 finished with value: 9.55053997039795 and parameters: {'gradient_clip_val': 0.19358102098691563, 'hidden_size': 122, 'dropout': 0.3142532485756016, 'hidden_continuous_size': 41, 'attention_head_size': 3, 'learning_rate': 0.0675075911163672}. Best is trial 22 with value: 7.898030757904053.
LOCAL_RANK: 0 - CUDA_VISIBLE_DEVICES: [0]
[I 2023-11-30 13:43:44,662] Trial 72 finished with value: 8.291666030883789 and parameters: {'gradient_clip_val': 0.20983904189549, 'hidden_size': 137, 'dropout': 0.3386179546231189, 'hidden_continuous_size': 30, 'attention_head_size': 3, 'learning_rate': 0.05745111975360828}. Best is trial 22 with value: 7.898030757904053.
LOCAL_RANK: 0 - CUDA_VISIBLE_DEVICES: [0]
[I 2023-11-30 13:44:00,099] Trial 73 finished with value: 9.163825035095215 and parameters: {'gradient_clip_val': 0.21223781435785008, 'hidden_size': 104, 'dropout': 0.3415261376571738, 'hidden_continuous_size': 31, 'attention_head_size': 2, 'learning_rate': 0.07729642795208663}. Best is trial 22 with value: 7.898030757904053.
LOCAL_RANK: 0 - CUDA_VISIBLE_DEVICES: [0]
[I 2023-11-30 13:44:15,590] Trial 74 finished with value: 9.619729042053223 and parameters: {'gradient_clip_val': 0.19123023300574993, 'hidden_size': 136, 'dropout': 0.356809820522885, 'hidden_continuous_size': 34, 'attention_head_size': 3, 'learning_rate': 0.056691001638231715}. Best is trial 22 with value: 7.898030757904053.
LOCAL_RANK: 0 - CUDA_VISIBLE_DEVICES: [0]
[I 2023-11-30 13:44:30,274] Trial 75 finished with value: 8.726140022277832 and parameters: {'gradient_clip_val': 0.16213094565719882, 'hidden_size': 116, 'dropout': 0.3356473478024468, 'hidden_continuous_size': 15, 'attention_head_size': 3, 'learning_rate': 0.030929124345822158}. Best is trial 22 with value: 7.898030757904053.
LOCAL_RANK: 0 - CUDA_VISIBLE_DEVICES: [0]
[I 2023-11-30 13:44:45,587] Trial 76 finished with value: 10.136815071105957 and parameters: {'gradient_clip_val': 0.27703484828039815, 'hidden_size': 127, 'dropout': 0.37474994530920974, 'hidden_continuous_size': 29, 'attention_head_size': 3, 'learning_rate': 0.0491473170418555}. Best is trial 22 with value: 7.898030757904053.
LOCAL_RANK: 0 - CUDA_VISIBLE_DEVICES: [0]
[I 2023-11-30 13:44:59,632] Trial 77 finished with value: 10.478891372680664 and parameters: {'gradient_clip_val': 0.17966192632483274, 'hidden_size': 91, 'dropout': 0.3508980843064824, 'hidden_continuous_size': 37, 'attention_head_size': 1, 'learning_rate': 0.03725180592782427}. Best is trial 22 with value: 7.898030757904053.
LOCAL_RANK: 0 - CUDA_VISIBLE_DEVICES: [0]
[I 2023-11-30 13:45:14,353] Trial 78 finished with value: 8.962824821472168 and parameters: {'gradient_clip_val': 0.20230650482871868, 'hidden_size': 107, 'dropout': 0.318703877882161, 'hidden_continuous_size': 40, 'attention_head_size': 2, 'learning_rate': 0.0666966038445858}. Best is trial 22 with value: 7.898030757904053.
LOCAL_RANK: 0 - CUDA_VISIBLE_DEVICES: [0]
[I 2023-11-30 13:45:30,123] Trial 79 finished with value: 7.742837429046631 and parameters: {'gradient_clip_val': 0.15165376384230195, 'hidden_size': 137, 'dropout': 0.3618822464625964, 'hidden_continuous_size': 20, 'attention_head_size': 3, 'learning_rate': 0.03984636474229734}. Best is trial 79 with value: 7.742837429046631.
LOCAL_RANK: 0 - CUDA_VISIBLE_DEVICES: [0]
[I 2023-11-30 13:45:45,077] Trial 80 finished with value: 8.046762466430664 and parameters: {'gradient_clip_val': 0.15372309063298895, 'hidden_size': 115, 'dropout': 0.38142957481001666, 'hidden_continuous_size': 14, 'attention_head_size': 3, 'learning_rate': 0.026583059028501752}. Best is trial 79 with value: 7.742837429046631.
LOCAL_RANK: 0 - CUDA_VISIBLE_DEVICES: [0]
[I 2023-11-30 13:45:59,842] Trial 81 finished with value: 10.491168975830078 and parameters: {'gradient_clip_val': 0.14577767766134178, 'hidden_size': 141, 'dropout': 0.378504689586886, 'hidden_continuous_size': 14, 'attention_head_size': 3, 'learning_rate': 0.026750441970844994}. Best is trial 79 with value: 7.742837429046631.
LOCAL_RANK: 0 - CUDA_VISIBLE_DEVICES: [0]
[I 2023-11-30 13:46:14,850] Trial 82 finished with value: 9.031994819641113 and parameters: {'gradient_clip_val': 0.15398890869033668, 'hidden_size': 117, 'dropout': 0.392478325648224, 'hidden_continuous_size': 16, 'attention_head_size': 3, 'learning_rate': 0.03253388776110792}. Best is trial 79 with value: 7.742837429046631.
LOCAL_RANK: 0 - CUDA_VISIBLE_DEVICES: [0]
[I 2023-11-30 13:46:29,190] Trial 83 finished with value: 9.411728858947754 and parameters: {'gradient_clip_val': 0.16729486379775185, 'hidden_size': 102, 'dropout': 0.36301505638877835, 'hidden_continuous_size': 18, 'attention_head_size': 3, 'learning_rate': 0.021876828385749118}. Best is trial 79 with value: 7.742837429046631.
LOCAL_RANK: 0 - CUDA_VISIBLE_DEVICES: [0]
[I 2023-11-30 13:46:44,013] Trial 84 finished with value: 9.685173988342285 and parameters: {'gradient_clip_val': 0.13573644923649444, 'hidden_size': 97, 'dropout': 0.3890404927843436, 'hidden_continuous_size': 13, 'attention_head_size': 3, 'learning_rate': 0.043455975720098}. Best is trial 79 with value: 7.742837429046631.
LOCAL_RANK: 0 - CUDA_VISIBLE_DEVICES: [0]
[I 2023-11-30 13:46:58,637] Trial 85 finished with value: 10.66797161102295 and parameters: {'gradient_clip_val': 0.14974895226280788, 'hidden_size': 139, 'dropout': 0.38526527674159206, 'hidden_continuous_size': 11, 'attention_head_size': 3, 'learning_rate': 0.03879993890636879}. Best is trial 79 with value: 7.742837429046631.
LOCAL_RANK: 0 - CUDA_VISIBLE_DEVICES: [0]
[I 2023-11-30 13:47:13,646] Trial 86 finished with value: 8.71721363067627 and parameters: {'gradient_clip_val': 0.12634567203885458, 'hidden_size': 113, 'dropout': 0.37253066642251914, 'hidden_continuous_size': 20, 'attention_head_size': 3, 'learning_rate': 0.025625254334096643}. Best is trial 79 with value: 7.742837429046631.
LOCAL_RANK: 0 - CUDA_VISIBLE_DEVICES: [0]
[I 2023-11-30 13:47:28,917] Trial 87 finished with value: 9.337616920471191 and parameters: {'gradient_clip_val': 0.1767286554779527, 'hidden_size': 125, 'dropout': 0.3620297748195332, 'hidden_continuous_size': 21, 'attention_head_size': 3, 'learning_rate': 0.017290770047967613}. Best is trial 79 with value: 7.742837429046631.
LOCAL_RANK: 0 - CUDA_VISIBLE_DEVICES: [0]
[I 2023-11-30 13:47:42,893] Trial 88 finished with value: 9.86227798461914 and parameters: {'gradient_clip_val': 0.18615095556566738, 'hidden_size': 94, 'dropout': 0.39963898117138397, 'hidden_continuous_size': 24, 'attention_head_size': 3, 'learning_rate': 0.051013563535909794}. Best is trial 79 with value: 7.742837429046631.
LOCAL_RANK: 0 - CUDA_VISIBLE_DEVICES: [0]
[I 2023-11-30 13:47:57,847] Trial 89 finished with value: 8.289772033691406 and parameters: {'gradient_clip_val': 0.15911502847248685, 'hidden_size': 106, 'dropout': 0.34798769704871063, 'hidden_continuous_size': 15, 'attention_head_size': 3, 'learning_rate': 0.033773332760428335}. Best is trial 79 with value: 7.742837429046631.
LOCAL_RANK: 0 - CUDA_VISIBLE_DEVICES: [0]
[I 2023-11-30 13:48:13,243] Trial 90 finished with value: 9.64553451538086 and parameters: {'gradient_clip_val': 0.15998854296362938, 'hidden_size': 142, 'dropout': 0.3470470003598915, 'hidden_continuous_size': 12, 'attention_head_size': 3, 'learning_rate': 0.04194672304645209}. Best is trial 79 with value: 7.742837429046631.
LOCAL_RANK: 0 - CUDA_VISIBLE_DEVICES: [0]
[I 2023-11-30 13:48:28,318] Trial 91 finished with value: 8.993301391601562 and parameters: {'gradient_clip_val': 0.140727046813972, 'hidden_size': 110, 'dropout': 0.35451847150136245, 'hidden_continuous_size': 16, 'attention_head_size': 3, 'learning_rate': 0.0326086726214296}. Best is trial 79 with value: 7.742837429046631.
LOCAL_RANK: 0 - CUDA_VISIBLE_DEVICES: [0]
[I 2023-11-30 13:48:42,968] Trial 92 finished with value: 9.145727157592773 and parameters: {'gradient_clip_val': 0.1577831162894365, 'hidden_size': 121, 'dropout': 0.3686823393708983, 'hidden_continuous_size': 14, 'attention_head_size': 3, 'learning_rate': 0.028209837853795605}. Best is trial 79 with value: 7.742837429046631.
LOCAL_RANK: 0 - CUDA_VISIBLE_DEVICES: [0]
[I 2023-11-30 13:48:57,980] Trial 93 finished with value: 9.430813789367676 and parameters: {'gradient_clip_val': 0.13430977503519398, 'hidden_size': 130, 'dropout': 0.3430030417440446, 'hidden_continuous_size': 13, 'attention_head_size': 3, 'learning_rate': 0.03496614290428197}. Best is trial 79 with value: 7.742837429046631.
LOCAL_RANK: 0 - CUDA_VISIBLE_DEVICES: [0]
[I 2023-11-30 13:49:12,196] Trial 94 finished with value: 10.818150520324707 and parameters: {'gradient_clip_val': 0.166699250814087, 'hidden_size': 102, 'dropout': 0.3832381126929913, 'hidden_continuous_size': 18, 'attention_head_size': 4, 'learning_rate': 0.025264826871136008}. Best is trial 79 with value: 7.742837429046631.
LOCAL_RANK: 0 - CUDA_VISIBLE_DEVICES: [0]
[I 2023-11-30 13:49:26,895] Trial 95 finished with value: 8.572381019592285 and parameters: {'gradient_clip_val': 0.15084363768983325, 'hidden_size': 150, 'dropout': 0.3335395249478293, 'hidden_continuous_size': 15, 'attention_head_size': 3, 'learning_rate': 0.0309289347301303}. Best is trial 79 with value: 7.742837429046631.
LOCAL_RANK: 0 - CUDA_VISIBLE_DEVICES: [0]
[I 2023-11-30 13:49:42,283] Trial 96 finished with value: 9.50871753692627 and parameters: {'gradient_clip_val': 0.1737153258793535, 'hidden_size': 116, 'dropout': 0.35804794456507133, 'hidden_continuous_size': 17, 'attention_head_size': 3, 'learning_rate': 0.04638756368527709}. Best is trial 79 with value: 7.742837429046631.
LOCAL_RANK: 0 - CUDA_VISIBLE_DEVICES: [0]
[I 2023-11-30 13:49:57,225] Trial 97 finished with value: 10.027241706848145 and parameters: {'gradient_clip_val': 0.183672747908001, 'hidden_size': 108, 'dropout': 0.34866913584129744, 'hidden_continuous_size': 32, 'attention_head_size': 3, 'learning_rate': 0.023342855053686964}. Best is trial 79 with value: 7.742837429046631.
LOCAL_RANK: 0 - CUDA_VISIBLE_DEVICES: [0]
[I 2023-11-30 13:50:11,616] Trial 98 finished with value: 9.627457618713379 and parameters: {'gradient_clip_val': 0.14391520329521293, 'hidden_size': 134, 'dropout': 0.3633415267370342, 'hidden_continuous_size': 11, 'attention_head_size': 3, 'learning_rate': 0.01996034578115296}. Best is trial 79 with value: 7.742837429046631.
LOCAL_RANK: 0 - CUDA_VISIBLE_DEVICES: [0]
