[I 2023-11-30 08:47:07,717] Trial 50 finished with value: 1283.9212646484375 and parameters: {'gradient_clip_val': 0.1784008584319349, 'hidden_size': 28, 'dropout': 0.23505839786414276, 'hidden_continuous_size': 14, 'attention_head_size': 1, 'learning_rate': 0.01856596253064389}. Best is trial 21 with value: 1092.22412109375.
LOCAL_RANK: 0 - CUDA_VISIBLE_DEVICES: [0]
[I 2023-11-30 08:47:19,677] Trial 51 finished with value: 1232.5203857421875 and parameters: {'gradient_clip_val': 0.30127872736967853, 'hidden_size': 18, 'dropout': 0.1565117594511146, 'hidden_continuous_size': 12, 'attention_head_size': 2, 'learning_rate': 0.02783961124975688}. Best is trial 21 with value: 1092.22412109375.
LOCAL_RANK: 0 - CUDA_VISIBLE_DEVICES: [0]
[I 2023-11-30 08:47:31,397] Trial 52 finished with value: 1474.5023193359375 and parameters: {'gradient_clip_val': 0.3553584235366374, 'hidden_size': 17, 'dropout': 0.1719863572986877, 'hidden_continuous_size': 12, 'attention_head_size': 2, 'learning_rate': 0.04683493602123957}. Best is trial 21 with value: 1092.22412109375.
LOCAL_RANK: 0 - CUDA_VISIBLE_DEVICES: [0]
[I 2023-11-30 08:47:43,347] Trial 53 finished with value: 1229.444091796875 and parameters: {'gradient_clip_val': 0.3175075569079704, 'hidden_size': 13, 'dropout': 0.12236048150455188, 'hidden_continuous_size': 12, 'attention_head_size': 2, 'learning_rate': 0.07485648938227868}. Best is trial 21 with value: 1092.22412109375.
LOCAL_RANK: 0 - CUDA_VISIBLE_DEVICES: [0]
[I 2023-11-30 08:47:55,376] Trial 54 finished with value: 1824.0003662109375 and parameters: {'gradient_clip_val': 0.28207171368191225, 'hidden_size': 22, 'dropout': 0.21402794052413907, 'hidden_continuous_size': 16, 'attention_head_size': 2, 'learning_rate': 0.06255193560819751}. Best is trial 21 with value: 1092.22412109375.
LOCAL_RANK: 0 - CUDA_VISIBLE_DEVICES: [0]
[I 2023-11-30 08:48:07,059] Trial 55 finished with value: 1630.05712890625 and parameters: {'gradient_clip_val': 0.24009728022167226, 'hidden_size': 16, 'dropout': 0.19097803380766265, 'hidden_continuous_size': 11, 'attention_head_size': 2, 'learning_rate': 0.08655110611982428}. Best is trial 21 with value: 1092.22412109375.
LOCAL_RANK: 0 - CUDA_VISIBLE_DEVICES: [0]
[I 2023-11-30 08:48:18,913] Trial 56 finished with value: 1272.1219482421875 and parameters: {'gradient_clip_val': 0.3762915180476229, 'hidden_size': 22, 'dropout': 0.17845988657919976, 'hidden_continuous_size': 14, 'attention_head_size': 3, 'learning_rate': 0.03831925016479047}. Best is trial 21 with value: 1092.22412109375.
LOCAL_RANK: 0 - CUDA_VISIBLE_DEVICES: [0]
[I 2023-11-30 08:48:30,920] Trial 57 finished with value: 1289.1832275390625 and parameters: {'gradient_clip_val': 0.3393180665205123, 'hidden_size': 15, 'dropout': 0.16444728077885445, 'hidden_continuous_size': 13, 'attention_head_size': 3, 'learning_rate': 0.04763750244275256}. Best is trial 21 with value: 1092.22412109375.
LOCAL_RANK: 0 - CUDA_VISIBLE_DEVICES: [0]
[I 2023-11-30 08:48:42,772] Trial 58 finished with value: 1400.6605224609375 and parameters: {'gradient_clip_val': 0.2222806017446317, 'hidden_size': 11, 'dropout': 0.199424600571453, 'hidden_continuous_size': 10, 'attention_head_size': 2, 'learning_rate': 0.03217071982645976}. Best is trial 21 with value: 1092.22412109375.
LOCAL_RANK: 0 - CUDA_VISIBLE_DEVICES: [0]
[I 2023-11-30 08:48:54,481] Trial 59 finished with value: 1369.1419677734375 and parameters: {'gradient_clip_val': 0.26577297323174265, 'hidden_size': 13, 'dropout': 0.14107123956320022, 'hidden_continuous_size': 12, 'attention_head_size': 1, 'learning_rate': 0.07206433825349316}. Best is trial 21 with value: 1092.22412109375.
LOCAL_RANK: 0 - CUDA_VISIBLE_DEVICES: [0]
[I 2023-11-30 08:49:06,443] Trial 60 finished with value: 1806.8758544921875 and parameters: {'gradient_clip_val': 0.2021711059402821, 'hidden_size': 19, 'dropout': 0.1794810989997682, 'hidden_continuous_size': 11, 'attention_head_size': 3, 'learning_rate': 0.012736460959184934}. Best is trial 21 with value: 1092.22412109375.
LOCAL_RANK: 0 - CUDA_VISIBLE_DEVICES: [0]
[I 2023-11-30 08:49:16,490] Trial 61 finished with value: 1099.9190673828125 and parameters: {'gradient_clip_val': 0.3899805343132243, 'hidden_size': 10, 'dropout': 0.2212671189389041, 'hidden_continuous_size': 10, 'attention_head_size': 3, 'learning_rate': 0.08683388470906933}. Best is trial 21 with value: 1092.22412109375.
LOCAL_RANK: 0 - CUDA_VISIBLE_DEVICES: [0]
[I 2023-11-30 08:49:26,510] Trial 62 finished with value: 1345.9459228515625 and parameters: {'gradient_clip_val': 0.299157523377097, 'hidden_size': 10, 'dropout': 0.22277085063542848, 'hidden_continuous_size': 10, 'attention_head_size': 3, 'learning_rate': 0.08304547671514646}. Best is trial 21 with value: 1092.22412109375.
LOCAL_RANK: 0 - CUDA_VISIBLE_DEVICES: [0]
[I 2023-11-30 08:49:38,455] Trial 63 finished with value: 1126.0445556640625 and parameters: {'gradient_clip_val': 0.4156085190522341, 'hidden_size': 11, 'dropout': 0.21263096435158702, 'hidden_continuous_size': 10, 'attention_head_size': 3, 'learning_rate': 0.05812304464678175}. Best is trial 21 with value: 1092.22412109375.
LOCAL_RANK: 0 - CUDA_VISIBLE_DEVICES: [0]
[I 2023-11-30 08:49:50,173] Trial 64 finished with value: 1475.623046875 and parameters: {'gradient_clip_val': 0.4016367022578246, 'hidden_size': 11, 'dropout': 0.24733808798790974, 'hidden_continuous_size': 10, 'attention_head_size': 3, 'learning_rate': 0.09940102418322891}. Best is trial 21 with value: 1092.22412109375.
LOCAL_RANK: 0 - CUDA_VISIBLE_DEVICES: [0]
[I 2023-11-30 08:50:00,062] Trial 65 finished with value: 1189.8157958984375 and parameters: {'gradient_clip_val': 0.4347806944724858, 'hidden_size': 10, 'dropout': 0.23178073265684876, 'hidden_continuous_size': 10, 'attention_head_size': 3, 'learning_rate': 0.06548031514920158}. Best is trial 21 with value: 1092.22412109375.
LOCAL_RANK: 0 - CUDA_VISIBLE_DEVICES: [0]
[I 2023-11-30 08:50:11,916] Trial 66 finished with value: 1347.1138916015625 and parameters: {'gradient_clip_val': 0.4984182037358163, 'hidden_size': 13, 'dropout': 0.2085992046834648, 'hidden_continuous_size': 11, 'attention_head_size': 3, 'learning_rate': 0.05181406514166235}. Best is trial 21 with value: 1092.22412109375.
LOCAL_RANK: 0 - CUDA_VISIBLE_DEVICES: [0]
[I 2023-11-30 08:50:23,623] Trial 67 finished with value: 1459.5841064453125 and parameters: {'gradient_clip_val': 0.367088967404601, 'hidden_size': 11, 'dropout': 0.22443308542794396, 'hidden_continuous_size': 10, 'attention_head_size': 3, 'learning_rate': 0.08689260247680868}. Best is trial 21 with value: 1092.22412109375.
LOCAL_RANK: 0 - CUDA_VISIBLE_DEVICES: [0]
[I 2023-11-30 08:50:33,749] Trial 68 finished with value: 1215.9544677734375 and parameters: {'gradient_clip_val': 0.38940657079565044, 'hidden_size': 10, 'dropout': 0.21490921591100168, 'hidden_continuous_size': 10, 'attention_head_size': 4, 'learning_rate': 0.06198743449276183}. Best is trial 21 with value: 1092.22412109375.
LOCAL_RANK: 0 - CUDA_VISIBLE_DEVICES: [0]
[I 2023-11-30 08:50:45,421] Trial 69 finished with value: 1245.6578369140625 and parameters: {'gradient_clip_val': 0.33800542070590484, 'hidden_size': 12, 'dropout': 0.19392947044899211, 'hidden_continuous_size': 10, 'attention_head_size': 3, 'learning_rate': 0.06878080444519381}. Best is trial 21 with value: 1092.22412109375.
LOCAL_RANK: 0 - CUDA_VISIBLE_DEVICES: [0]
[I 2023-11-30 08:50:56,946] Trial 70 finished with value: 1538.7354736328125 and parameters: {'gradient_clip_val': 0.4319811169176324, 'hidden_size': 12, 'dropout': 0.20551983107140476, 'hidden_continuous_size': 11, 'attention_head_size': 3, 'learning_rate': 0.08453104813613985}. Best is trial 21 with value: 1092.22412109375.
LOCAL_RANK: 0 - CUDA_VISIBLE_DEVICES: [0]
[I 2023-11-30 08:51:08,839] Trial 71 finished with value: 1374.3629150390625 and parameters: {'gradient_clip_val': 0.34820727433489734, 'hidden_size': 14, 'dropout': 0.18505801123052124, 'hidden_continuous_size': 12, 'attention_head_size': 3, 'learning_rate': 0.043933391959055865}. Best is trial 21 with value: 1092.22412109375.
LOCAL_RANK: 0 - CUDA_VISIBLE_DEVICES: [0]
[I 2023-11-30 08:51:20,721] Trial 72 finished with value: 1365.1324462890625 and parameters: {'gradient_clip_val': 0.3092814503794368, 'hidden_size': 14, 'dropout': 0.24185622456570888, 'hidden_continuous_size': 12, 'attention_head_size': 3, 'learning_rate': 0.05852772931038984}. Best is trial 21 with value: 1092.22412109375.
LOCAL_RANK: 0 - CUDA_VISIBLE_DEVICES: [0]
[I 2023-11-30 08:51:30,685] Trial 73 finished with value: 1339.32275390625 and parameters: {'gradient_clip_val': 0.24926980515703467, 'hidden_size': 10, 'dropout': 0.19904335801401085, 'hidden_continuous_size': 10, 'attention_head_size': 3, 'learning_rate': 0.051225656575882864}. Best is trial 21 with value: 1092.22412109375.
LOCAL_RANK: 0 - CUDA_VISIBLE_DEVICES: [0]
[I 2023-11-30 08:51:42,288] Trial 74 finished with value: 1496.5814208984375 and parameters: {'gradient_clip_val': 0.27505370686149294, 'hidden_size': 12, 'dropout': 0.2186831917551231, 'hidden_continuous_size': 11, 'attention_head_size': 2, 'learning_rate': 0.03795911218330311}. Best is trial 21 with value: 1092.22412109375.
LOCAL_RANK: 0 - CUDA_VISIBLE_DEVICES: [0]
[I 2023-11-30 08:51:54,045] Trial 75 finished with value: 1342.6903076171875 and parameters: {'gradient_clip_val': 0.38848052210801565, 'hidden_size': 11, 'dropout': 0.16800752472546246, 'hidden_continuous_size': 10, 'attention_head_size': 3, 'learning_rate': 0.07124132929985601}. Best is trial 21 with value: 1092.22412109375.
LOCAL_RANK: 0 - CUDA_VISIBLE_DEVICES: [0]
[I 2023-11-30 08:52:06,828] Trial 76 finished with value: 1631.1181640625 and parameters: {'gradient_clip_val': 0.29299086455062456, 'hidden_size': 53, 'dropout': 0.15519067171018408, 'hidden_continuous_size': 23, 'attention_head_size': 3, 'learning_rate': 0.05068038549362872}. Best is trial 21 with value: 1092.22412109375.
LOCAL_RANK: 0 - CUDA_VISIBLE_DEVICES: [0]
[I 2023-11-30 08:52:18,956] Trial 77 finished with value: 1858.2957763671875 and parameters: {'gradient_clip_val': 0.3360454612277694, 'hidden_size': 39, 'dropout': 0.23244467243119527, 'hidden_continuous_size': 11, 'attention_head_size': 1, 'learning_rate': 0.06049921367540858}. Best is trial 21 with value: 1092.22412109375.
LOCAL_RANK: 0 - CUDA_VISIBLE_DEVICES: [0]
[I 2023-11-30 08:52:30,754] Trial 78 finished with value: 1611.8870849609375 and parameters: {'gradient_clip_val': 0.4211645019984846, 'hidden_size': 13, 'dropout': 0.2099030278099407, 'hidden_continuous_size': 10, 'attention_head_size': 2, 'learning_rate': 0.07806488766972035}. Best is trial 21 with value: 1092.22412109375.
LOCAL_RANK: 0 - CUDA_VISIBLE_DEVICES: [0]
[I 2023-11-30 08:52:43,098] Trial 79 finished with value: 1379.0545654296875 and parameters: {'gradient_clip_val': 0.38627659178235957, 'hidden_size': 15, 'dropout': 0.18860978014500732, 'hidden_continuous_size': 13, 'attention_head_size': 3, 'learning_rate': 0.09301957999785113}. Best is trial 21 with value: 1092.22412109375.
LOCAL_RANK: 0 - CUDA_VISIBLE_DEVICES: [0]
[I 2023-11-30 08:52:53,067] Trial 80 finished with value: 1366.375 and parameters: {'gradient_clip_val': 0.31125919435511357, 'hidden_size': 10, 'dropout': 0.14532750911347336, 'hidden_continuous_size': 10, 'attention_head_size': 4, 'learning_rate': 0.04194142482566028}. Best is trial 21 with value: 1092.22412109375.
LOCAL_RANK: 0 - CUDA_VISIBLE_DEVICES: [0]
[I 2023-11-30 08:53:02,992] Trial 81 finished with value: 1139.0230712890625 and parameters: {'gradient_clip_val': 0.3740021203736488, 'hidden_size': 10, 'dropout': 0.22004689095974048, 'hidden_continuous_size': 10, 'attention_head_size': 3, 'learning_rate': 0.08599107306333034}. Best is trial 21 with value: 1092.22412109375.
LOCAL_RANK: 0 - CUDA_VISIBLE_DEVICES: [0]
[I 2023-11-30 08:53:14,728] Trial 82 finished with value: 1395.5211181640625 and parameters: {'gradient_clip_val': 0.3604943472744755, 'hidden_size': 11, 'dropout': 0.22711413720048568, 'hidden_continuous_size': 10, 'attention_head_size': 3, 'learning_rate': 0.0695449431673623}. Best is trial 21 with value: 1092.22412109375.
LOCAL_RANK: 0 - CUDA_VISIBLE_DEVICES: [0]
[I 2023-11-30 08:53:26,434] Trial 83 finished with value: 1521.8306884765625 and parameters: {'gradient_clip_val': 0.3244925545744063, 'hidden_size': 12, 'dropout': 0.20425490717309014, 'hidden_continuous_size': 10, 'attention_head_size': 3, 'learning_rate': 0.08887674658771141}. Best is trial 21 with value: 1092.22412109375.
LOCAL_RANK: 0 - CUDA_VISIBLE_DEVICES: [0]
[I 2023-11-30 08:53:36,379] Trial 84 finished with value: 1421.9249267578125 and parameters: {'gradient_clip_val': 0.4080040520018494, 'hidden_size': 10, 'dropout': 0.2225840014679132, 'hidden_continuous_size': 10, 'attention_head_size': 3, 'learning_rate': 0.05945855906246236}. Best is trial 21 with value: 1092.22412109375.
LOCAL_RANK: 0 - CUDA_VISIBLE_DEVICES: [0]
[I 2023-11-30 08:53:48,299] Trial 85 finished with value: 1248.0350341796875 and parameters: {'gradient_clip_val': 0.3503899386805806, 'hidden_size': 11, 'dropout': 0.19827131137400625, 'hidden_continuous_size': 10, 'attention_head_size': 3, 'learning_rate': 0.07665436431227399}. Best is trial 21 with value: 1092.22412109375.
LOCAL_RANK: 0 - CUDA_VISIBLE_DEVICES: [0]
[I 2023-11-30 08:54:01,337] Trial 86 finished with value: 1744.4705810546875 and parameters: {'gradient_clip_val': 0.47895878537577413, 'hidden_size': 75, 'dropout': 0.2143665954379307, 'hidden_continuous_size': 15, 'attention_head_size': 3, 'learning_rate': 0.0999548593658869}. Best is trial 21 with value: 1092.22412109375.
LOCAL_RANK: 0 - CUDA_VISIBLE_DEVICES: [0]
[I 2023-11-30 08:54:13,258] Trial 87 finished with value: 1404.5267333984375 and parameters: {'gradient_clip_val': 0.28711860170148196, 'hidden_size': 13, 'dropout': 0.17984494466132628, 'hidden_continuous_size': 12, 'attention_head_size': 2, 'learning_rate': 0.05359514862977457}. Best is trial 21 with value: 1092.22412109375.
LOCAL_RANK: 0 - CUDA_VISIBLE_DEVICES: [0]
[I 2023-11-30 08:54:25,038] Trial 88 finished with value: 1552.35546875 and parameters: {'gradient_clip_val': 0.3812984784165593, 'hidden_size': 14, 'dropout': 0.252105643029613, 'hidden_continuous_size': 13, 'attention_head_size': 1, 'learning_rate': 0.06589469172304692}. Best is trial 21 with value: 1092.22412109375.
LOCAL_RANK: 0 - CUDA_VISIBLE_DEVICES: [0]
[I 2023-11-30 08:54:36,851] Trial 89 finished with value: 1205.43115234375 and parameters: {'gradient_clip_val': 0.43386820460495695, 'hidden_size': 16, 'dropout': 0.16352649971001135, 'hidden_continuous_size': 14, 'attention_head_size': 3, 'learning_rate': 0.08151399162889904}. Best is trial 21 with value: 1092.22412109375.
LOCAL_RANK: 0 - CUDA_VISIBLE_DEVICES: [0]
[I 2023-11-30 08:54:48,397] Trial 90 finished with value: 1173.5946044921875 and parameters: {'gradient_clip_val': 0.32113040643602586, 'hidden_size': 12, 'dropout': 0.23962880034648873, 'hidden_continuous_size': 11, 'attention_head_size': 3, 'learning_rate': 0.046362241767730974}. Best is trial 21 with value: 1092.22412109375.
LOCAL_RANK: 0 - CUDA_VISIBLE_DEVICES: [0]
[I 2023-11-30 08:54:58,300] Trial 91 finished with value: 1288.8353271484375 and parameters: {'gradient_clip_val': 0.36906991468752914, 'hidden_size': 10, 'dropout': 0.218538169942183, 'hidden_continuous_size': 10, 'attention_head_size': 3, 'learning_rate': 0.09063945211791938}. Best is trial 21 with value: 1092.22412109375.
LOCAL_RANK: 0 - CUDA_VISIBLE_DEVICES: [0]
[I 2023-11-30 08:55:10,185] Trial 92 finished with value: 1249.8167724609375 and parameters: {'gradient_clip_val': 0.3586343786420941, 'hidden_size': 11, 'dropout': 0.19232834211558214, 'hidden_continuous_size': 10, 'attention_head_size': 3, 'learning_rate': 0.07448521207553888}. Best is trial 21 with value: 1092.22412109375.
LOCAL_RANK: 0 - CUDA_VISIBLE_DEVICES: [0]
[I 2023-11-30 08:55:20,210] Trial 93 finished with value: 1297.9210205078125 and parameters: {'gradient_clip_val': 0.4035554696752118, 'hidden_size': 10, 'dropout': 0.20564870566828403, 'hidden_continuous_size': 10, 'attention_head_size': 3, 'learning_rate': 0.06518186606121394}. Best is trial 21 with value: 1092.22412109375.
LOCAL_RANK: 0 - CUDA_VISIBLE_DEVICES: [0]
[I 2023-11-30 08:55:31,967] Trial 94 finished with value: 1295.898681640625 and parameters: {'gradient_clip_val': 0.3087355940981513, 'hidden_size': 11, 'dropout': 0.23024693176792846, 'hidden_continuous_size': 10, 'attention_head_size': 3, 'learning_rate': 0.0572847792162046}. Best is trial 21 with value: 1092.22412109375.
LOCAL_RANK: 0 - CUDA_VISIBLE_DEVICES: [0]
[I 2023-11-30 08:55:43,395] Trial 95 finished with value: 1350.0013427734375 and parameters: {'gradient_clip_val': 0.27029395876283746, 'hidden_size': 12, 'dropout': 0.2092357662389133, 'hidden_continuous_size': 11, 'attention_head_size': 2, 'learning_rate': 0.08034196955606585}. Best is trial 21 with value: 1092.22412109375.
LOCAL_RANK: 0 - CUDA_VISIBLE_DEVICES: [0]
[I 2023-11-30 08:55:55,263] Trial 96 finished with value: 1271.9542236328125 and parameters: {'gradient_clip_val': 0.33873031730501374, 'hidden_size': 15, 'dropout': 0.21835682265873915, 'hidden_continuous_size': 12, 'attention_head_size': 3, 'learning_rate': 0.09110648797199276}. Best is trial 21 with value: 1092.22412109375.
LOCAL_RANK: 0 - CUDA_VISIBLE_DEVICES: [0]
[I 2023-11-30 08:56:07,202] Trial 97 finished with value: 1567.91943359375 and parameters: {'gradient_clip_val': 0.4512575920523903, 'hidden_size': 13, 'dropout': 0.17488725804489005, 'hidden_continuous_size': 12, 'attention_head_size': 3, 'learning_rate': 0.0728691569609377}. Best is trial 21 with value: 1092.22412109375.
LOCAL_RANK: 0 - CUDA_VISIBLE_DEVICES: [0]
[I 2023-11-30 08:56:18,922] Trial 98 finished with value: 1266.970703125 and parameters: {'gradient_clip_val': 0.2544868334857176, 'hidden_size': 14, 'dropout': 0.19900608287706348, 'hidden_continuous_size': 13, 'attention_head_size': 2, 'learning_rate': 0.050482660990721136}. Best is trial 21 with value: 1092.22412109375.
LOCAL_RANK: 0 - CUDA_VISIBLE_DEVICES: [0]
[I 2023-11-30 08:56:28,920] Trial 99 finished with value: 1164.9822998046875 and parameters: {'gradient_clip_val': 0.29680169257598266, 'hidden_size': 10, 'dropout': 0.18389130587038702, 'hidden_continuous_size': 10, 'attention_head_size': 3, 'learning_rate': 0.08321232224945951}. Best is trial 21 with value: 1092.22412109375.
LOCAL_RANK: 0 - CUDA_VISIBLE_DEVICES: [0]
[I 2023-11-30 08:56:40,903] Trial 100 finished with value: 1363.031982421875 and parameters: {'gradient_clip_val': 0.3802456407492171, 'hidden_size': 17, 'dropout': 0.23645311058375978, 'hidden_continuous_size': 11, 'attention_head_size': 4, 'learning_rate': 0.06771262803645106}. Best is trial 21 with value: 1092.22412109375.
LOCAL_RANK: 0 - CUDA_VISIBLE_DEVICES: [0]
[I 2023-11-30 08:56:50,778] Trial 101 finished with value: 1205.1021728515625 and parameters: {'gradient_clip_val': 0.2872891702812449, 'hidden_size': 10, 'dropout': 0.1887588753118388, 'hidden_continuous_size': 10, 'attention_head_size': 3, 'learning_rate': 0.08449441713961232}. Best is trial 21 with value: 1092.22412109375.
LOCAL_RANK: 0 - CUDA_VISIBLE_DEVICES: [0]
[I 2023-11-30 08:57:02,693] Trial 102 finished with value: 1035.95556640625 and parameters: {'gradient_clip_val': 0.32410369520903887, 'hidden_size': 11, 'dropout': 0.18276210881651447, 'hidden_continuous_size': 10, 'attention_head_size': 3, 'learning_rate': 0.09375230121055614}. Best is trial 102 with value: 1035.95556640625.
LOCAL_RANK: 0 - CUDA_VISIBLE_DEVICES: [0]
[I 2023-11-30 08:57:14,413] Trial 103 finished with value: 1136.7591552734375 and parameters: {'gradient_clip_val': 0.32810570522929217, 'hidden_size': 11, 'dropout': 0.15476507519814933, 'hidden_continuous_size': 10, 'attention_head_size': 3, 'learning_rate': 0.09968882714220341}. Best is trial 102 with value: 1035.95556640625.
LOCAL_RANK: 0 - CUDA_VISIBLE_DEVICES: [0]
[I 2023-11-30 08:57:26,088] Trial 104 finished with value: 1060.049072265625 and parameters: {'gradient_clip_val': 0.32358302435539094, 'hidden_size': 11, 'dropout': 0.15500514762878825, 'hidden_continuous_size': 10, 'attention_head_size': 3, 'learning_rate': 0.09942759811825856}. Best is trial 102 with value: 1035.95556640625.
LOCAL_RANK: 0 - CUDA_VISIBLE_DEVICES: [0]
[I 2023-11-30 08:57:37,798] Trial 105 finished with value: 1495.99560546875 and parameters: {'gradient_clip_val': 0.32659873763018216, 'hidden_size': 11, 'dropout': 0.15404181807444833, 'hidden_continuous_size': 10, 'attention_head_size': 3, 'learning_rate': 0.09922402847947474}. Best is trial 102 with value: 1035.95556640625.
LOCAL_RANK: 0 - CUDA_VISIBLE_DEVICES: [0]
[I 2023-11-30 08:57:49,325] Trial 106 finished with value: 1316.6220703125 and parameters: {'gradient_clip_val': 0.35295692888111774, 'hidden_size': 12, 'dropout': 0.16044689248733582, 'hidden_continuous_size': 10, 'attention_head_size': 3, 'learning_rate': 0.09107904788115048}. Best is trial 102 with value: 1035.95556640625.
LOCAL_RANK: 0 - CUDA_VISIBLE_DEVICES: [0]
[I 2023-11-30 08:58:01,255] Trial 107 finished with value: 1412.8963623046875 and parameters: {'gradient_clip_val': 0.3176735003095651, 'hidden_size': 11, 'dropout': 0.1696460039113676, 'hidden_continuous_size': 10, 'attention_head_size': 3, 'learning_rate': 0.0989487583909153}. Best is trial 102 with value: 1035.95556640625.
LOCAL_RANK: 0 - CUDA_VISIBLE_DEVICES: [0]
[I 2023-11-30 08:58:12,969] Trial 108 finished with value: 1246.1239013671875 and parameters: {'gradient_clip_val': 0.34212158164321554, 'hidden_size': 13, 'dropout': 0.17666513057394412, 'hidden_continuous_size': 10, 'attention_head_size': 3, 'learning_rate': 0.07832043434292664}. Best is trial 102 with value: 1035.95556640625.
LOCAL_RANK: 0 - CUDA_VISIBLE_DEVICES: [0]
