[I 2023-11-30 08:30:34,289] Trial 88 finished with value: 46.563934326171875 and parameters: {'gradient_clip_val': 0.29723475893393275, 'hidden_size': 108, 'dropout': 0.3814718276710519, 'hidden_continuous_size': 52, 'attention_head_size': 4, 'learning_rate': 0.0028882600415783793}. Best is trial 46 with value: 37.2071418762207.
LOCAL_RANK: 0 - CUDA_VISIBLE_DEVICES: [0]
[I 2023-11-30 08:30:48,519] Trial 89 finished with value: 46.438385009765625 and parameters: {'gradient_clip_val': 0.3518473206432662, 'hidden_size': 93, 'dropout': 0.30544386137807966, 'hidden_continuous_size': 69, 'attention_head_size': 3, 'learning_rate': 0.00715056378898455}. Best is trial 46 with value: 37.2071418762207.
LOCAL_RANK: 0 - CUDA_VISIBLE_DEVICES: [0]
[I 2023-11-30 08:31:02,473] Trial 90 finished with value: 47.802616119384766 and parameters: {'gradient_clip_val': 0.2168102981050362, 'hidden_size': 115, 'dropout': 0.36569846553802676, 'hidden_continuous_size': 46, 'attention_head_size': 3, 'learning_rate': 0.004099841280954541}. Best is trial 46 with value: 37.2071418762207.
LOCAL_RANK: 0 - CUDA_VISIBLE_DEVICES: [0]
[I 2023-11-30 08:31:16,808] Trial 91 finished with value: 41.71885681152344 and parameters: {'gradient_clip_val': 0.23300846812715406, 'hidden_size': 141, 'dropout': 0.3438212463659855, 'hidden_continuous_size': 41, 'attention_head_size': 4, 'learning_rate': 0.004377085149890756}. Best is trial 46 with value: 37.2071418762207.
LOCAL_RANK: 0 - CUDA_VISIBLE_DEVICES: [0]
[I 2023-11-30 08:31:31,178] Trial 92 finished with value: 44.687557220458984 and parameters: {'gradient_clip_val': 0.1870246119967688, 'hidden_size': 131, 'dropout': 0.34238994040023196, 'hidden_continuous_size': 38, 'attention_head_size': 4, 'learning_rate': 0.003430811815858536}. Best is trial 46 with value: 37.2071418762207.
LOCAL_RANK: 0 - CUDA_VISIBLE_DEVICES: [0]
[I 2023-11-30 08:31:45,577] Trial 93 finished with value: 45.71686935424805 and parameters: {'gradient_clip_val': 0.27126264820646656, 'hidden_size': 136, 'dropout': 0.32875473027205815, 'hidden_continuous_size': 42, 'attention_head_size': 4, 'learning_rate': 0.0051544499082929575}. Best is trial 46 with value: 37.2071418762207.
LOCAL_RANK: 0 - CUDA_VISIBLE_DEVICES: [0]
[I 2023-11-30 08:31:59,818] Trial 94 finished with value: 46.4415168762207 and parameters: {'gradient_clip_val': 0.2038465187841053, 'hidden_size': 141, 'dropout': 0.3580078289688189, 'hidden_continuous_size': 39, 'attention_head_size': 4, 'learning_rate': 0.002493070701550325}. Best is trial 46 with value: 37.2071418762207.
LOCAL_RANK: 0 - CUDA_VISIBLE_DEVICES: [0]
[I 2023-11-30 08:32:14,056] Trial 95 finished with value: 45.254180908203125 and parameters: {'gradient_clip_val': 0.3170096010881457, 'hidden_size': 122, 'dropout': 0.3190783010320119, 'hidden_continuous_size': 64, 'attention_head_size': 4, 'learning_rate': 0.004480360794441848}. Best is trial 46 with value: 37.2071418762207.
LOCAL_RANK: 0 - CUDA_VISIBLE_DEVICES: [0]
[I 2023-11-30 08:32:28,230] Trial 96 finished with value: 47.15663528442383 and parameters: {'gradient_clip_val': 0.21890537904339466, 'hidden_size': 144, 'dropout': 0.37197212939370344, 'hidden_continuous_size': 44, 'attention_head_size': 4, 'learning_rate': 0.005899519805818812}. Best is trial 46 with value: 37.2071418762207.
LOCAL_RANK: 0 - CUDA_VISIBLE_DEVICES: [0]
[I 2023-11-30 08:32:42,379] Trial 97 finished with value: 43.90995788574219 and parameters: {'gradient_clip_val': 0.2356961540891145, 'hidden_size': 112, 'dropout': 0.3482990427927735, 'hidden_continuous_size': 53, 'attention_head_size': 3, 'learning_rate': 0.003862114372689965}. Best is trial 46 with value: 37.2071418762207.
LOCAL_RANK: 0 - CUDA_VISIBLE_DEVICES: [0]
[I 2023-11-30 08:32:56,612] Trial 98 finished with value: 44.148746490478516 and parameters: {'gradient_clip_val': 0.19326116665178536, 'hidden_size': 130, 'dropout': 0.3382345555544892, 'hidden_continuous_size': 34, 'attention_head_size': 4, 'learning_rate': 0.003104969275919362}. Best is trial 46 with value: 37.2071418762207.
LOCAL_RANK: 0 - CUDA_VISIBLE_DEVICES: [0]
[I 2023-11-30 08:33:10,653] Trial 99 finished with value: 45.60202407836914 and parameters: {'gradient_clip_val': 0.22480491985481793, 'hidden_size': 102, 'dropout': 0.36321503925400966, 'hidden_continuous_size': 37, 'attention_head_size': 4, 'learning_rate': 0.0062734479484822135}. Best is trial 46 with value: 37.2071418762207.
LOCAL_RANK: 0 - CUDA_VISIBLE_DEVICES: [0]
[I 2023-11-30 08:33:24,742] Trial 100 finished with value: 44.64540100097656 and parameters: {'gradient_clip_val': 0.2920750470549367, 'hidden_size': 117, 'dropout': 0.29717546484994384, 'hidden_continuous_size': 47, 'attention_head_size': 3, 'learning_rate': 0.004929778103673253}. Best is trial 46 with value: 37.2071418762207.
LOCAL_RANK: 0 - CUDA_VISIBLE_DEVICES: [0]
[I 2023-11-30 08:33:39,098] Trial 101 finished with value: 43.64718246459961 and parameters: {'gradient_clip_val': 0.23799809622396764, 'hidden_size': 142, 'dropout': 0.3428683762741951, 'hidden_continuous_size': 41, 'attention_head_size': 4, 'learning_rate': 0.004150003740833899}. Best is trial 46 with value: 37.2071418762207.
LOCAL_RANK: 0 - CUDA_VISIBLE_DEVICES: [0]
[I 2023-11-30 08:33:53,478] Trial 102 finished with value: 39.83229446411133 and parameters: {'gradient_clip_val': 0.2513242612526725, 'hidden_size': 125, 'dropout': 0.3524419978338049, 'hidden_continuous_size': 40, 'attention_head_size': 4, 'learning_rate': 0.004300090447477072}. Best is trial 46 with value: 37.2071418762207.
LOCAL_RANK: 0 - CUDA_VISIBLE_DEVICES: [0]
[I 2023-11-30 08:34:07,519] Trial 103 finished with value: 47.74931335449219 and parameters: {'gradient_clip_val': 0.2557486980422804, 'hidden_size': 125, 'dropout': 0.3539807759567852, 'hidden_continuous_size': 36, 'attention_head_size': 4, 'learning_rate': 0.003452479975528304}. Best is trial 46 with value: 37.2071418762207.
LOCAL_RANK: 0 - CUDA_VISIBLE_DEVICES: [0]
[I 2023-11-30 08:34:21,918] Trial 104 finished with value: 47.90876388549805 and parameters: {'gradient_clip_val': 0.2700289934317067, 'hidden_size': 107, 'dropout': 0.3285455146931465, 'hidden_continuous_size': 75, 'attention_head_size': 4, 'learning_rate': 0.005438930619883544}. Best is trial 46 with value: 37.2071418762207.
LOCAL_RANK: 0 - CUDA_VISIBLE_DEVICES: [0]
[I 2023-11-30 08:34:36,488] Trial 105 finished with value: 45.3172492980957 and parameters: {'gradient_clip_val': 0.2452511685518294, 'hidden_size': 150, 'dropout': 0.31333155196836143, 'hidden_continuous_size': 56, 'attention_head_size': 4, 'learning_rate': 0.0029248063953526042}. Best is trial 46 with value: 37.2071418762207.
LOCAL_RANK: 0 - CUDA_VISIBLE_DEVICES: [0]
[I 2023-11-30 08:34:50,662] Trial 106 finished with value: 42.99152755737305 and parameters: {'gradient_clip_val': 0.33053267769506034, 'hidden_size': 132, 'dropout': 0.3682472091578032, 'hidden_continuous_size': 50, 'attention_head_size': 4, 'learning_rate': 0.0038429742335531134}. Best is trial 46 with value: 37.2071418762207.
LOCAL_RANK: 0 - CUDA_VISIBLE_DEVICES: [0]
[I 2023-11-30 08:35:04,506] Trial 107 finished with value: 41.49241256713867 and parameters: {'gradient_clip_val': 0.210660075811351, 'hidden_size': 120, 'dropout': 0.3502892436913301, 'hidden_continuous_size': 40, 'attention_head_size': 1, 'learning_rate': 0.004669364107853515}. Best is trial 46 with value: 37.2071418762207.
LOCAL_RANK: 0 - CUDA_VISIBLE_DEVICES: [0]
[I 2023-11-30 08:35:18,366] Trial 108 finished with value: 43.88813400268555 and parameters: {'gradient_clip_val': 0.21043716964371909, 'hidden_size': 121, 'dropout': 0.33265628166970784, 'hidden_continuous_size': 44, 'attention_head_size': 1, 'learning_rate': 0.004546303707528526}. Best is trial 46 with value: 37.2071418762207.
LOCAL_RANK: 0 - CUDA_VISIBLE_DEVICES: [0]
[I 2023-11-30 08:35:32,427] Trial 109 finished with value: 46.9942741394043 and parameters: {'gradient_clip_val': 0.20092093534292865, 'hidden_size': 115, 'dropout': 0.3490901054796612, 'hidden_continuous_size': 69, 'attention_head_size': 1, 'learning_rate': 0.0023017504553322094}. Best is trial 46 with value: 37.2071418762207.
LOCAL_RANK: 0 - CUDA_VISIBLE_DEVICES: [0]
[I 2023-11-30 08:35:46,521] Trial 110 finished with value: 43.369903564453125 and parameters: {'gradient_clip_val': 0.22847678478009514, 'hidden_size': 134, 'dropout': 0.32517620886715637, 'hidden_continuous_size': 59, 'attention_head_size': 1, 'learning_rate': 0.003305364245145967}. Best is trial 46 with value: 37.2071418762207.
LOCAL_RANK: 0 - CUDA_VISIBLE_DEVICES: [0]
[I 2023-11-30 08:36:00,359] Trial 111 finished with value: 44.211181640625 and parameters: {'gradient_clip_val': 0.25086046812767643, 'hidden_size': 99, 'dropout': 0.356617029624257, 'hidden_continuous_size': 34, 'attention_head_size': 1, 'learning_rate': 0.005183507236296911}. Best is trial 46 with value: 37.2071418762207.
LOCAL_RANK: 0 - CUDA_VISIBLE_DEVICES: [0]
[I 2023-11-30 08:36:14,156] Trial 112 finished with value: 46.13294982910156 and parameters: {'gradient_clip_val': 0.2778860005413635, 'hidden_size': 108, 'dropout': 0.33639502324748166, 'hidden_continuous_size': 43, 'attention_head_size': 1, 'learning_rate': 0.002576311179246534}. Best is trial 46 with value: 37.2071418762207.
LOCAL_RANK: 0 - CUDA_VISIBLE_DEVICES: [0]
[I 2023-11-30 08:36:28,442] Trial 113 finished with value: 43.85039138793945 and parameters: {'gradient_clip_val': 0.2097972072699776, 'hidden_size': 123, 'dropout': 0.35247434922570825, 'hidden_continuous_size': 41, 'attention_head_size': 3, 'learning_rate': 0.004295729050876151}. Best is trial 46 with value: 37.2071418762207.
LOCAL_RANK: 0 - CUDA_VISIBLE_DEVICES: [0]
[I 2023-11-30 08:36:42,606] Trial 114 finished with value: 43.88136291503906 and parameters: {'gradient_clip_val': 0.16644772055814475, 'hidden_size': 139, 'dropout': 0.374729067835262, 'hidden_continuous_size': 39, 'attention_head_size': 1, 'learning_rate': 0.003699284550294972}. Best is trial 46 with value: 37.2071418762207.
LOCAL_RANK: 0 - CUDA_VISIBLE_DEVICES: [0]
[I 2023-11-30 08:36:56,595] Trial 115 finished with value: 45.84503173828125 and parameters: {'gradient_clip_val': 0.1802980258945894, 'hidden_size': 114, 'dropout': 0.36248860599030513, 'hidden_continuous_size': 31, 'attention_head_size': 3, 'learning_rate': 0.004715551539670863}. Best is trial 46 with value: 37.2071418762207.
LOCAL_RANK: 0 - CUDA_VISIBLE_DEVICES: [0]
[I 2023-11-30 08:37:10,654] Trial 116 finished with value: 45.814998626708984 and parameters: {'gradient_clip_val': 0.2215552493818854, 'hidden_size': 128, 'dropout': 0.3452954239288487, 'hidden_continuous_size': 46, 'attention_head_size': 4, 'learning_rate': 0.006082595951997428}. Best is trial 46 with value: 37.2071418762207.
LOCAL_RANK: 0 - CUDA_VISIBLE_DEVICES: [0]
[I 2023-11-30 08:37:24,611] Trial 117 finished with value: 48.95940017700195 and parameters: {'gradient_clip_val': 0.19582773879295762, 'hidden_size': 91, 'dropout': 0.38079454980405236, 'hidden_continuous_size': 48, 'attention_head_size': 3, 'learning_rate': 0.0030120484109448374}. Best is trial 46 with value: 37.2071418762207.
LOCAL_RANK: 0 - CUDA_VISIBLE_DEVICES: [0]
[I 2023-11-30 08:37:38,651] Trial 118 finished with value: 44.843231201171875 and parameters: {'gradient_clip_val': 0.31289633042924375, 'hidden_size': 104, 'dropout': 0.34041988052343003, 'hidden_continuous_size': 51, 'attention_head_size': 1, 'learning_rate': 0.004040392753977521}. Best is trial 46 with value: 37.2071418762207.
LOCAL_RANK: 0 - CUDA_VISIBLE_DEVICES: [0]
[I 2023-11-30 08:37:53,215] Trial 119 finished with value: 48.49753952026367 and parameters: {'gradient_clip_val': 0.17653143860218004, 'hidden_size': 145, 'dropout': 0.3917330045814795, 'hidden_continuous_size': 82, 'attention_head_size': 2, 'learning_rate': 0.006749021577269345}. Best is trial 46 with value: 37.2071418762207.
LOCAL_RANK: 0 - CUDA_VISIBLE_DEVICES: [0]
[I 2023-11-30 08:38:07,244] Trial 120 finished with value: 46.45241165161133 and parameters: {'gradient_clip_val': 0.18930641134600149, 'hidden_size': 97, 'dropout': 0.3681268544603343, 'hidden_continuous_size': 62, 'attention_head_size': 3, 'learning_rate': 0.0027257485558228353}. Best is trial 46 with value: 37.2071418762207.
LOCAL_RANK: 0 - CUDA_VISIBLE_DEVICES: [0]
[I 2023-11-30 08:38:21,608] Trial 121 finished with value: 43.238460540771484 and parameters: {'gradient_clip_val': 0.2360773624067209, 'hidden_size': 143, 'dropout': 0.34646694106802944, 'hidden_continuous_size': 37, 'attention_head_size': 4, 'learning_rate': 0.004298394162519512}. Best is trial 46 with value: 37.2071418762207.
LOCAL_RANK: 0 - CUDA_VISIBLE_DEVICES: [0]
[I 2023-11-30 08:38:35,962] Trial 122 finished with value: 42.31999588012695 and parameters: {'gradient_clip_val': 0.25967833435158594, 'hidden_size': 133, 'dropout': 0.35110769827646005, 'hidden_continuous_size': 40, 'attention_head_size': 4, 'learning_rate': 0.005514909332915579}. Best is trial 46 with value: 37.2071418762207.
LOCAL_RANK: 0 - CUDA_VISIBLE_DEVICES: [0]
[I 2023-11-30 08:38:50,421] Trial 123 finished with value: 41.92368698120117 and parameters: {'gradient_clip_val': 0.29381457031676966, 'hidden_size': 119, 'dropout': 0.35758583385770343, 'hidden_continuous_size': 39, 'attention_head_size': 4, 'learning_rate': 0.005580950985117849}. Best is trial 46 with value: 37.2071418762207.
LOCAL_RANK: 0 - CUDA_VISIBLE_DEVICES: [0]
[I 2023-11-30 08:39:04,689] Trial 124 finished with value: 45.21162033081055 and parameters: {'gradient_clip_val': 0.2599699867502277, 'hidden_size': 130, 'dropout': 0.358684263025335, 'hidden_continuous_size': 33, 'attention_head_size': 4, 'learning_rate': 0.005600762868558665}. Best is trial 46 with value: 37.2071418762207.
LOCAL_RANK: 0 - CUDA_VISIBLE_DEVICES: [0]
[I 2023-11-30 08:39:18,834] Trial 125 finished with value: 50.921142578125 and parameters: {'gradient_clip_val': 0.29558537189458406, 'hidden_size': 118, 'dropout': 0.3324539235689924, 'hidden_continuous_size': 39, 'attention_head_size': 4, 'learning_rate': 0.006971841323182039}. Best is trial 46 with value: 37.2071418762207.
LOCAL_RANK: 0 - CUDA_VISIBLE_DEVICES: [0]
[I 2023-11-30 08:39:33,157] Trial 126 finished with value: 54.98001480102539 and parameters: {'gradient_clip_val': 0.27761835642213084, 'hidden_size': 135, 'dropout': 0.3507357869372845, 'hidden_continuous_size': 35, 'attention_head_size': 4, 'learning_rate': 0.005275503533647897}. Best is trial 46 with value: 37.2071418762207.
LOCAL_RANK: 0 - CUDA_VISIBLE_DEVICES: [0]
[I 2023-11-30 08:39:47,322] Trial 127 finished with value: 44.926700592041016 and parameters: {'gradient_clip_val': 0.21319085122400414, 'hidden_size': 124, 'dropout': 0.32173877718478633, 'hidden_continuous_size': 45, 'attention_head_size': 4, 'learning_rate': 0.007794400664207935}. Best is trial 46 with value: 37.2071418762207.
LOCAL_RANK: 0 - CUDA_VISIBLE_DEVICES: [0]
[I 2023-11-30 08:40:01,588] Trial 128 finished with value: 46.718994140625 and parameters: {'gradient_clip_val': 0.25165782658477315, 'hidden_size': 111, 'dropout': 0.30883209465958616, 'hidden_continuous_size': 42, 'attention_head_size': 4, 'learning_rate': 0.006292891433838387}. Best is trial 46 with value: 37.2071418762207.
LOCAL_RANK: 0 - CUDA_VISIBLE_DEVICES: [0]
[I 2023-11-30 08:40:15,658] Trial 129 finished with value: 44.762760162353516 and parameters: {'gradient_clip_val': 0.3035909047030209, 'hidden_size': 119, 'dropout': 0.3393549217056226, 'hidden_continuous_size': 48, 'attention_head_size': 4, 'learning_rate': 0.007194853654353302}. Best is trial 46 with value: 37.2071418762207.
LOCAL_RANK: 0 - CUDA_VISIBLE_DEVICES: [0]
[I 2023-11-30 08:40:30,286] Trial 130 finished with value: 41.529380798339844 and parameters: {'gradient_clip_val': 0.23042391657465638, 'hidden_size': 150, 'dropout': 0.35996142977612733, 'hidden_continuous_size': 76, 'attention_head_size': 3, 'learning_rate': 0.0047774979434816655}. Best is trial 46 with value: 37.2071418762207.
LOCAL_RANK: 0 - CUDA_VISIBLE_DEVICES: [0]
[I 2023-11-30 08:40:44,769] Trial 131 finished with value: 44.61867141723633 and parameters: {'gradient_clip_val': 0.2696650694313768, 'hidden_size': 150, 'dropout': 0.36117817370937494, 'hidden_continuous_size': 66, 'attention_head_size': 3, 'learning_rate': 0.0048603024895450065}. Best is trial 46 with value: 37.2071418762207.
LOCAL_RANK: 0 - CUDA_VISIBLE_DEVICES: [0]
[I 2023-11-30 08:40:59,246] Trial 132 finished with value: 45.61716842651367 and parameters: {'gradient_clip_val': 0.20138344171356432, 'hidden_size': 138, 'dropout': 0.35420090938220017, 'hidden_continuous_size': 77, 'attention_head_size': 3, 'learning_rate': 0.009228270946488459}. Best is trial 46 with value: 37.2071418762207.
LOCAL_RANK: 0 - CUDA_VISIBLE_DEVICES: [0]
[I 2023-11-30 08:41:13,780] Trial 133 finished with value: 42.04707717895508 and parameters: {'gradient_clip_val': 0.22854929027572313, 'hidden_size': 127, 'dropout': 0.3729466072081787, 'hidden_continuous_size': 72, 'attention_head_size': 3, 'learning_rate': 0.005481998394217739}. Best is trial 46 with value: 37.2071418762207.
LOCAL_RANK: 0 - CUDA_VISIBLE_DEVICES: [0]
[I 2023-11-30 08:41:27,938] Trial 134 finished with value: 45.49770736694336 and parameters: {'gradient_clip_val': 0.22755086597874605, 'hidden_size': 124, 'dropout': 0.37367813559923213, 'hidden_continuous_size': 73, 'attention_head_size': 3, 'learning_rate': 0.005820979214300062}. Best is trial 46 with value: 37.2071418762207.
LOCAL_RANK: 0 - CUDA_VISIBLE_DEVICES: [0]
[I 2023-11-30 08:41:42,179] Trial 135 finished with value: 44.62205123901367 and parameters: {'gradient_clip_val': 0.23948866234030988, 'hidden_size': 128, 'dropout': 0.38047386142858114, 'hidden_continuous_size': 82, 'attention_head_size': 3, 'learning_rate': 0.005367796469254533}. Best is trial 46 with value: 37.2071418762207.
LOCAL_RANK: 0 - CUDA_VISIBLE_DEVICES: [0]
[I 2023-11-30 08:41:56,706] Trial 136 finished with value: 46.06638717651367 and parameters: {'gradient_clip_val': 0.26209697815746913, 'hidden_size': 142, 'dropout': 0.36716722533588314, 'hidden_continuous_size': 88, 'attention_head_size': 3, 'learning_rate': 0.0047131116528188275}. Best is trial 46 with value: 37.2071418762207.
LOCAL_RANK: 0 - CUDA_VISIBLE_DEVICES: [0]
[I 2023-11-30 08:42:11,200] Trial 137 finished with value: 46.62770462036133 and parameters: {'gradient_clip_val': 0.24586608700132354, 'hidden_size': 110, 'dropout': 0.38828284232006144, 'hidden_continuous_size': 75, 'attention_head_size': 3, 'learning_rate': 0.006154359368788022}. Best is trial 46 with value: 37.2071418762207.
LOCAL_RANK: 0 - CUDA_VISIBLE_DEVICES: [0]
[I 2023-11-30 08:42:25,503] Trial 138 finished with value: 47.56034851074219 and parameters: {'gradient_clip_val': 0.22642703602998943, 'hidden_size': 133, 'dropout': 0.3594273725491291, 'hidden_continuous_size': 54, 'attention_head_size': 4, 'learning_rate': 0.00842676628690772}. Best is trial 46 with value: 37.2071418762207.
LOCAL_RANK: 0 - CUDA_VISIBLE_DEVICES: [0]
[I 2023-11-30 08:42:40,076] Trial 139 finished with value: 46.644596099853516 and parameters: {'gradient_clip_val': 0.2852939689712251, 'hidden_size': 150, 'dropout': 0.3491818412115045, 'hidden_continuous_size': 79, 'attention_head_size': 3, 'learning_rate': 0.00488092735637929}. Best is trial 46 with value: 37.2071418762207.
LOCAL_RANK: 0 - CUDA_VISIBLE_DEVICES: [0]
[I 2023-11-30 08:42:54,381] Trial 140 finished with value: 44.17490768432617 and parameters: {'gradient_clip_val': 0.1870759266932576, 'hidden_size': 117, 'dropout': 0.37037457409323665, 'hidden_continuous_size': 71, 'attention_head_size': 3, 'learning_rate': 0.006566719247331174}. Best is trial 46 with value: 37.2071418762207.
LOCAL_RANK: 0 - CUDA_VISIBLE_DEVICES: [0]
[I 2023-11-30 08:43:08,529] Trial 141 finished with value: 41.481143951416016 and parameters: {'gradient_clip_val': 0.21458412733654825, 'hidden_size': 136, 'dropout': 0.315631783533434, 'hidden_continuous_size': 59, 'attention_head_size': 3, 'learning_rate': 0.0035105859849207427}. Best is trial 46 with value: 37.2071418762207.
LOCAL_RANK: 0 - CUDA_VISIBLE_DEVICES: [0]
[I 2023-11-30 08:43:23,024] Trial 142 finished with value: 48.668575286865234 and parameters: {'gradient_clip_val': 0.21976923686239558, 'hidden_size': 129, 'dropout': 0.3169065030564395, 'hidden_continuous_size': 64, 'attention_head_size': 3, 'learning_rate': 0.0035780628916785985}. Best is trial 46 with value: 37.2071418762207.
LOCAL_RANK: 0 - CUDA_VISIBLE_DEVICES: [0]
[I 2023-11-30 08:43:37,355] Trial 143 finished with value: 41.10216522216797 and parameters: {'gradient_clip_val': 0.20836941335649267, 'hidden_size': 138, 'dropout': 0.342177597451259, 'hidden_continuous_size': 59, 'attention_head_size': 3, 'learning_rate': 0.0044354115289072914}. Best is trial 46 with value: 37.2071418762207.
LOCAL_RANK: 0 - CUDA_VISIBLE_DEVICES: [0]
[I 2023-11-30 08:43:51,571] Trial 144 finished with value: 45.34714889526367 and parameters: {'gradient_clip_val': 0.208312512337934, 'hidden_size': 140, 'dropout': 0.33962779213879035, 'hidden_continuous_size': 57, 'attention_head_size': 3, 'learning_rate': 0.004361208907611856}. Best is trial 46 with value: 37.2071418762207.
LOCAL_RANK: 0 - CUDA_VISIBLE_DEVICES: [0]
[I 2023-11-30 08:44:05,836] Trial 145 finished with value: 47.549808502197266 and parameters: {'gradient_clip_val': 0.232158096056819, 'hidden_size': 123, 'dropout': 0.32704592438434343, 'hidden_continuous_size': 58, 'attention_head_size': 3, 'learning_rate': 0.00390938332894751}. Best is trial 46 with value: 37.2071418762207.
LOCAL_RANK: 0 - CUDA_VISIBLE_DEVICES: [0]
[I 2023-11-30 08:44:20,083] Trial 146 finished with value: 44.112884521484375 and parameters: {'gradient_clip_val': 0.24837342897636355, 'hidden_size': 106, 'dropout': 0.3540570794906517, 'hidden_continuous_size': 61, 'attention_head_size': 4, 'learning_rate': 0.005174678939057695}. Best is trial 46 with value: 37.2071418762207.
LOCAL_RANK: 0 - CUDA_VISIBLE_DEVICES: [0]
