[I 2023-11-30 00:16:10,359] Trial 56 finished with value: 353.496826171875 and parameters: {'gradient_clip_val': 0.25841653112188334, 'hidden_size': 120, 'dropout': 0.21051564631144157, 'hidden_continuous_size': 18, 'attention_head_size': 2, 'learning_rate': 0.040968166153486994}. Best is trial 30 with value: 271.36749267578125.
LOCAL_RANK: 0 - CUDA_VISIBLE_DEVICES: [0]
[I 2023-11-30 00:16:24,125] Trial 57 finished with value: 314.1678466796875 and parameters: {'gradient_clip_val': 0.19199431842343456, 'hidden_size': 135, 'dropout': 0.16183125167821932, 'hidden_continuous_size': 11, 'attention_head_size': 3, 'learning_rate': 0.019734268329294355}. Best is trial 30 with value: 271.36749267578125.
LOCAL_RANK: 0 - CUDA_VISIBLE_DEVICES: [0]
[I 2023-11-30 00:16:38,130] Trial 58 finished with value: 333.3639221191406 and parameters: {'gradient_clip_val': 0.35109555698505823, 'hidden_size': 148, 'dropout': 0.19296295219469503, 'hidden_continuous_size': 13, 'attention_head_size': 2, 'learning_rate': 0.03340536049222007}. Best is trial 30 with value: 271.36749267578125.
LOCAL_RANK: 0 - CUDA_VISIBLE_DEVICES: [0]
[I 2023-11-30 00:16:51,656] Trial 59 finished with value: 466.1863098144531 and parameters: {'gradient_clip_val': 0.300055547324142, 'hidden_size': 90, 'dropout': 0.18000838463198762, 'hidden_continuous_size': 22, 'attention_head_size': 4, 'learning_rate': 0.05886732006478647}. Best is trial 30 with value: 271.36749267578125.
LOCAL_RANK: 0 - CUDA_VISIBLE_DEVICES: [0]
[I 2023-11-30 00:17:04,805] Trial 60 finished with value: 395.4042663574219 and parameters: {'gradient_clip_val': 0.23330380923529712, 'hidden_size': 113, 'dropout': 0.12965174994720258, 'hidden_continuous_size': 10, 'attention_head_size': 1, 'learning_rate': 0.025474716691988215}. Best is trial 30 with value: 271.36749267578125.
LOCAL_RANK: 0 - CUDA_VISIBLE_DEVICES: [0]
[I 2023-11-30 00:17:18,814] Trial 61 finished with value: 450.6445617675781 and parameters: {'gradient_clip_val': 0.2748062234225249, 'hidden_size': 137, 'dropout': 0.23409833513474998, 'hidden_continuous_size': 41, 'attention_head_size': 2, 'learning_rate': 0.039688162732010875}. Best is trial 30 with value: 271.36749267578125.
LOCAL_RANK: 0 - CUDA_VISIBLE_DEVICES: [0]
[I 2023-11-30 00:17:32,488] Trial 62 finished with value: 450.0205383300781 and parameters: {'gradient_clip_val': 0.2463149133353463, 'hidden_size': 106, 'dropout': 0.20035037815590498, 'hidden_continuous_size': 28, 'attention_head_size': 2, 'learning_rate': 0.04780643313423526}. Best is trial 30 with value: 271.36749267578125.
LOCAL_RANK: 0 - CUDA_VISIBLE_DEVICES: [0]
[I 2023-11-30 00:17:46,446] Trial 63 finished with value: 454.448974609375 and parameters: {'gradient_clip_val': 0.209906194080665, 'hidden_size': 126, 'dropout': 0.21500462940764342, 'hidden_continuous_size': 32, 'attention_head_size': 2, 'learning_rate': 0.030078261802630412}. Best is trial 30 with value: 271.36749267578125.
LOCAL_RANK: 0 - CUDA_VISIBLE_DEVICES: [0]
[I 2023-11-30 00:18:00,620] Trial 64 finished with value: 364.9649963378906 and parameters: {'gradient_clip_val': 0.2648047967991579, 'hidden_size': 150, 'dropout': 0.176130126485497, 'hidden_continuous_size': 33, 'attention_head_size': 2, 'learning_rate': 0.03760659884912061}. Best is trial 30 with value: 271.36749267578125.
LOCAL_RANK: 0 - CUDA_VISIBLE_DEVICES: [0]
[I 2023-11-30 00:18:14,326] Trial 65 finished with value: 310.2357482910156 and parameters: {'gradient_clip_val': 0.20018472829834175, 'hidden_size': 119, 'dropout': 0.14799454810981008, 'hidden_continuous_size': 29, 'attention_head_size': 2, 'learning_rate': 0.02279736508156798}. Best is trial 30 with value: 271.36749267578125.
LOCAL_RANK: 0 - CUDA_VISIBLE_DEVICES: [0]
[I 2023-11-30 00:18:27,503] Trial 66 finished with value: 465.708251953125 and parameters: {'gradient_clip_val': 0.23362300795973043, 'hidden_size': 84, 'dropout': 0.16433510702443127, 'hidden_continuous_size': 25, 'attention_head_size': 2, 'learning_rate': 0.09966350271954344}. Best is trial 30 with value: 271.36749267578125.
LOCAL_RANK: 0 - CUDA_VISIBLE_DEVICES: [0]
[I 2023-11-30 00:18:41,257] Trial 67 finished with value: 615.5999145507812 and parameters: {'gradient_clip_val': 0.3133875023736718, 'hidden_size': 136, 'dropout': 0.18805894247745134, 'hidden_continuous_size': 37, 'attention_head_size': 1, 'learning_rate': 0.046759652614542305}. Best is trial 30 with value: 271.36749267578125.
LOCAL_RANK: 0 - CUDA_VISIBLE_DEVICES: [0]
[I 2023-11-30 00:18:54,897] Trial 68 finished with value: 425.5309143066406 and parameters: {'gradient_clip_val': 0.3699251852385553, 'hidden_size': 97, 'dropout': 0.21674202644159501, 'hidden_continuous_size': 24, 'attention_head_size': 3, 'learning_rate': 0.03169065390304747}. Best is trial 30 with value: 271.36749267578125.
LOCAL_RANK: 0 - CUDA_VISIBLE_DEVICES: [0]
[I 2023-11-30 00:19:08,649] Trial 69 finished with value: 406.5439453125 and parameters: {'gradient_clip_val': 0.2522403324102865, 'hidden_size': 123, 'dropout': 0.2003626671391484, 'hidden_continuous_size': 30, 'attention_head_size': 2, 'learning_rate': 0.06941626536367444}. Best is trial 30 with value: 271.36749267578125.
LOCAL_RANK: 0 - CUDA_VISIBLE_DEVICES: [0]
[I 2023-11-30 00:19:22,312] Trial 70 finished with value: 251.4758758544922 and parameters: {'gradient_clip_val': 0.287097242947092, 'hidden_size': 108, 'dropout': 0.22552563442674267, 'hidden_continuous_size': 50, 'attention_head_size': 2, 'learning_rate': 0.026192487446470684}. Best is trial 70 with value: 251.4758758544922.
LOCAL_RANK: 0 - CUDA_VISIBLE_DEVICES: [0]
[I 2023-11-30 00:19:35,954] Trial 71 finished with value: 389.904541015625 and parameters: {'gradient_clip_val': 0.276341518834346, 'hidden_size': 112, 'dropout': 0.23533339834317643, 'hidden_continuous_size': 49, 'attention_head_size': 2, 'learning_rate': 0.03778693330293721}. Best is trial 70 with value: 251.4758758544922.
LOCAL_RANK: 0 - CUDA_VISIBLE_DEVICES: [0]
[I 2023-11-30 00:19:49,472] Trial 72 finished with value: 509.1376037597656 and parameters: {'gradient_clip_val': 0.2980546127399903, 'hidden_size': 104, 'dropout': 0.22238895930991764, 'hidden_continuous_size': 34, 'attention_head_size': 2, 'learning_rate': 0.026391759064484255}. Best is trial 70 with value: 251.4758758544922.
LOCAL_RANK: 0 - CUDA_VISIBLE_DEVICES: [0]
[I 2023-11-30 00:20:03,722] Trial 73 finished with value: 532.5165405273438 and parameters: {'gradient_clip_val': 0.22871014468267042, 'hidden_size': 139, 'dropout': 0.24662505637157509, 'hidden_continuous_size': 39, 'attention_head_size': 2, 'learning_rate': 0.0546962667978745}. Best is trial 70 with value: 251.4758758544922.
LOCAL_RANK: 0 - CUDA_VISIBLE_DEVICES: [0]
[I 2023-11-30 00:20:17,440] Trial 74 finished with value: 309.8924255371094 and parameters: {'gradient_clip_val': 0.3202744536046123, 'hidden_size': 124, 'dropout': 0.255740377464533, 'hidden_continuous_size': 40, 'attention_head_size': 2, 'learning_rate': 0.03486572076772491}. Best is trial 70 with value: 251.4758758544922.
LOCAL_RANK: 0 - CUDA_VISIBLE_DEVICES: [0]
[I 2023-11-30 00:20:30,780] Trial 75 finished with value: 347.4128723144531 and parameters: {'gradient_clip_val': 0.18057697323770874, 'hidden_size': 76, 'dropout': 0.1804153414485772, 'hidden_continuous_size': 45, 'attention_head_size': 2, 'learning_rate': 0.02026409684105457}. Best is trial 70 with value: 251.4758758544922.
LOCAL_RANK: 0 - CUDA_VISIBLE_DEVICES: [0]
[I 2023-11-30 00:20:44,149] Trial 76 finished with value: 374.8770446777344 and parameters: {'gradient_clip_val': 0.2525559825008135, 'hidden_size': 87, 'dropout': 0.22694681877119335, 'hidden_continuous_size': 35, 'attention_head_size': 1, 'learning_rate': 0.04586429810016113}. Best is trial 70 with value: 251.4758758544922.
LOCAL_RANK: 0 - CUDA_VISIBLE_DEVICES: [0]
[I 2023-11-30 00:20:57,590] Trial 77 finished with value: 552.1707153320312 and parameters: {'gradient_clip_val': 0.2112152687885954, 'hidden_size': 94, 'dropout': 0.20674359218323687, 'hidden_continuous_size': 27, 'attention_head_size': 2, 'learning_rate': 0.027642588122427935}. Best is trial 70 with value: 251.4758758544922.
LOCAL_RANK: 0 - CUDA_VISIBLE_DEVICES: [0]
[I 2023-11-30 00:21:11,503] Trial 78 finished with value: 319.1590576171875 and parameters: {'gradient_clip_val': 0.2863848670166637, 'hidden_size': 109, 'dropout': 0.19386714699568178, 'hidden_continuous_size': 50, 'attention_head_size': 3, 'learning_rate': 0.04316910510645371}. Best is trial 70 with value: 251.4758758544922.
LOCAL_RANK: 0 - CUDA_VISIBLE_DEVICES: [0]
[I 2023-11-30 00:21:25,073] Trial 79 finished with value: 349.0824890136719 and parameters: {'gradient_clip_val': 0.34406999472225624, 'hidden_size': 128, 'dropout': 0.17389046891840004, 'hidden_continuous_size': 39, 'attention_head_size': 1, 'learning_rate': 0.0174964411717038}. Best is trial 70 with value: 251.4758758544922.
LOCAL_RANK: 0 - CUDA_VISIBLE_DEVICES: [0]
[I 2023-11-30 00:21:38,687] Trial 80 finished with value: 361.1810607910156 and parameters: {'gradient_clip_val': 0.2661449030882297, 'hidden_size': 116, 'dropout': 0.21398350272269026, 'hidden_continuous_size': 31, 'attention_head_size': 2, 'learning_rate': 0.06217899226623466}. Best is trial 70 with value: 251.4758758544922.
LOCAL_RANK: 0 - CUDA_VISIBLE_DEVICES: [0]
[I 2023-11-30 00:21:52,263] Trial 81 finished with value: 358.9642028808594 and parameters: {'gradient_clip_val': 0.33227383548172224, 'hidden_size': 124, 'dropout': 0.2547853375757002, 'hidden_continuous_size': 41, 'attention_head_size': 2, 'learning_rate': 0.03344731066460691}. Best is trial 70 with value: 251.4758758544922.
LOCAL_RANK: 0 - CUDA_VISIBLE_DEVICES: [0]
[I 2023-11-30 00:22:06,085] Trial 82 finished with value: 491.1723327636719 and parameters: {'gradient_clip_val': 0.3119630485739813, 'hidden_size': 140, 'dropout': 0.2377570288530207, 'hidden_continuous_size': 44, 'attention_head_size': 2, 'learning_rate': 0.035504663523965946}. Best is trial 70 with value: 251.4758758544922.
LOCAL_RANK: 0 - CUDA_VISIBLE_DEVICES: [0]
[I 2023-11-30 00:22:19,469] Trial 83 finished with value: 352.4939270019531 and parameters: {'gradient_clip_val': 0.3815465073737927, 'hidden_size': 102, 'dropout': 0.24387224207720382, 'hidden_continuous_size': 10, 'attention_head_size': 2, 'learning_rate': 0.02349120245454086}. Best is trial 70 with value: 251.4758758544922.
LOCAL_RANK: 0 - CUDA_VISIBLE_DEVICES: [0]
[I 2023-11-30 00:22:33,387] Trial 84 finished with value: 697.84130859375 and parameters: {'gradient_clip_val': 0.2892819553720734, 'hidden_size': 125, 'dropout': 0.2569272138388382, 'hidden_continuous_size': 53, 'attention_head_size': 2, 'learning_rate': 0.029926639924693136}. Best is trial 70 with value: 251.4758758544922.
LOCAL_RANK: 0 - CUDA_VISIBLE_DEVICES: [0]
[I 2023-11-30 00:22:47,402] Trial 85 finished with value: 361.9068298339844 and parameters: {'gradient_clip_val': 0.3213416042392279, 'hidden_size': 137, 'dropout': 0.2271402853534523, 'hidden_continuous_size': 61, 'attention_head_size': 2, 'learning_rate': 0.050295546491893245}. Best is trial 70 with value: 251.4758758544922.
LOCAL_RANK: 0 - CUDA_VISIBLE_DEVICES: [0]
[I 2023-11-30 00:23:01,187] Trial 86 finished with value: 375.0772705078125 and parameters: {'gradient_clip_val': 0.24552073787933812, 'hidden_size': 114, 'dropout': 0.26883901552885675, 'hidden_continuous_size': 46, 'attention_head_size': 2, 'learning_rate': 0.035444056129167005}. Best is trial 70 with value: 251.4758758544922.
LOCAL_RANK: 0 - CUDA_VISIBLE_DEVICES: [0]
[I 2023-11-30 00:23:14,796] Trial 87 finished with value: 367.3306579589844 and parameters: {'gradient_clip_val': 0.26613184652054644, 'hidden_size': 93, 'dropout': 0.1565262222550694, 'hidden_continuous_size': 33, 'attention_head_size': 2, 'learning_rate': 0.04063868515247097}. Best is trial 70 with value: 251.4758758544922.
LOCAL_RANK: 0 - CUDA_VISIBLE_DEVICES: [0]
[I 2023-11-30 00:23:28,785] Trial 88 finished with value: 266.7242431640625 and parameters: {'gradient_clip_val': 0.3603052145137329, 'hidden_size': 131, 'dropout': 0.18610194895854154, 'hidden_continuous_size': 13, 'attention_head_size': 3, 'learning_rate': 0.027366294036829622}. Best is trial 70 with value: 251.4758758544922.
LOCAL_RANK: 0 - CUDA_VISIBLE_DEVICES: [0]
[I 2023-11-30 00:23:42,961] Trial 89 finished with value: 559.9172973632812 and parameters: {'gradient_clip_val': 0.3964838952516201, 'hidden_size': 150, 'dropout': 0.18774124782529528, 'hidden_continuous_size': 12, 'attention_head_size': 4, 'learning_rate': 0.025920396349750182}. Best is trial 70 with value: 251.4758758544922.
LOCAL_RANK: 0 - CUDA_VISIBLE_DEVICES: [0]
[I 2023-11-30 00:23:56,631] Trial 90 finished with value: 444.4510803222656 and parameters: {'gradient_clip_val': 0.3586052245773337, 'hidden_size': 131, 'dropout': 0.16621138561751192, 'hidden_continuous_size': 13, 'attention_head_size': 3, 'learning_rate': 0.02169893453702581}. Best is trial 70 with value: 251.4758758544922.
LOCAL_RANK: 0 - CUDA_VISIBLE_DEVICES: [0]
[I 2023-11-30 00:24:09,834] Trial 91 finished with value: 365.1827087402344 and parameters: {'gradient_clip_val': 0.3030337008508456, 'hidden_size': 120, 'dropout': 0.19905162491460823, 'hidden_continuous_size': 11, 'attention_head_size': 3, 'learning_rate': 0.03112916468300603}. Best is trial 70 with value: 251.4758758544922.
LOCAL_RANK: 0 - CUDA_VISIBLE_DEVICES: [0]
[I 2023-11-30 00:24:23,590] Trial 92 finished with value: 415.209716796875 and parameters: {'gradient_clip_val': 0.3311475124172442, 'hidden_size': 108, 'dropout': 0.18110783830553248, 'hidden_continuous_size': 37, 'attention_head_size': 4, 'learning_rate': 0.027997212460286754}. Best is trial 70 with value: 251.4758758544922.
LOCAL_RANK: 0 - CUDA_VISIBLE_DEVICES: [0]
[I 2023-11-30 00:24:36,847] Trial 93 finished with value: 363.0977478027344 and parameters: {'gradient_clip_val': 0.2808340030744505, 'hidden_size': 100, 'dropout': 0.1735325664771972, 'hidden_continuous_size': 12, 'attention_head_size': 2, 'learning_rate': 0.052295417284925226}. Best is trial 70 with value: 251.4758758544922.
LOCAL_RANK: 0 - CUDA_VISIBLE_DEVICES: [0]
[I 2023-11-30 00:24:50,772] Trial 94 finished with value: 405.1702575683594 and parameters: {'gradient_clip_val': 0.22676848417649184, 'hidden_size': 141, 'dropout': 0.20943960756999072, 'hidden_continuous_size': 14, 'attention_head_size': 3, 'learning_rate': 0.04436053125936871}. Best is trial 70 with value: 251.4758758544922.
LOCAL_RANK: 0 - CUDA_VISIBLE_DEVICES: [0]
[I 2023-11-30 00:25:04,522] Trial 95 finished with value: 457.9631652832031 and parameters: {'gradient_clip_val': 0.3522218990575074, 'hidden_size': 132, 'dropout': 0.19355507552554552, 'hidden_continuous_size': 17, 'attention_head_size': 2, 'learning_rate': 0.03855338274233607}. Best is trial 70 with value: 251.4758758544922.
LOCAL_RANK: 0 - CUDA_VISIBLE_DEVICES: [0]
[I 2023-11-30 00:25:18,131] Trial 96 finished with value: 416.1632385253906 and parameters: {'gradient_clip_val': 0.4536657578313579, 'hidden_size': 116, 'dropout': 0.20440766527501797, 'hidden_continuous_size': 34, 'attention_head_size': 2, 'learning_rate': 0.03296286924824105}. Best is trial 70 with value: 251.4758758544922.
LOCAL_RANK: 0 - CUDA_VISIBLE_DEVICES: [0]
[I 2023-11-30 00:25:32,190] Trial 97 finished with value: 387.8880310058594 and parameters: {'gradient_clip_val': 0.3189980183616682, 'hidden_size': 142, 'dropout': 0.15984842352163528, 'hidden_continuous_size': 15, 'attention_head_size': 4, 'learning_rate': 0.024766081070020884}. Best is trial 70 with value: 251.4758758544922.
LOCAL_RANK: 0 - CUDA_VISIBLE_DEVICES: [0]
[I 2023-11-30 00:25:45,986] Trial 98 finished with value: 467.7425537109375 and parameters: {'gradient_clip_val': 0.36697546584102897, 'hidden_size': 122, 'dropout': 0.18428371638930888, 'hidden_continuous_size': 29, 'attention_head_size': 2, 'learning_rate': 0.04331283459970106}. Best is trial 70 with value: 251.4758758544922.
LOCAL_RANK: 0 - CUDA_VISIBLE_DEVICES: [0]
[I 2023-11-30 00:25:59,620] Trial 99 finished with value: 442.9005432128906 and parameters: {'gradient_clip_val': 0.30021294925771275, 'hidden_size': 109, 'dropout': 0.2412924272096964, 'hidden_continuous_size': 42, 'attention_head_size': 1, 'learning_rate': 0.03725057655395834}. Best is trial 70 with value: 251.4758758544922.
LOCAL_RANK: 0 - CUDA_VISIBLE_DEVICES: [0]
[I 2023-11-30 00:26:13,088] Trial 100 finished with value: 428.2294921875 and parameters: {'gradient_clip_val': 0.3392881393029481, 'hidden_size': 128, 'dropout': 0.25163972901587073, 'hidden_continuous_size': 20, 'attention_head_size': 2, 'learning_rate': 0.055802257801183294}. Best is trial 70 with value: 251.4758758544922.
LOCAL_RANK: 0 - CUDA_VISIBLE_DEVICES: [0]
[I 2023-11-30 00:26:26,673] Trial 101 finished with value: 423.25390625 and parameters: {'gradient_clip_val': 0.21741475621748946, 'hidden_size': 120, 'dropout': 0.14626444514353018, 'hidden_continuous_size': 28, 'attention_head_size': 2, 'learning_rate': 0.02912947139428409}. Best is trial 70 with value: 251.4758758544922.
LOCAL_RANK: 0 - CUDA_VISIBLE_DEVICES: [0]
[I 2023-11-30 00:26:40,486] Trial 102 finished with value: 404.8637390136719 and parameters: {'gradient_clip_val': 0.20663922989952374, 'hidden_size': 144, 'dropout': 0.15280491758086362, 'hidden_continuous_size': 26, 'attention_head_size': 2, 'learning_rate': 0.024551563032011062}. Best is trial 70 with value: 251.4758758544922.
LOCAL_RANK: 0 - CUDA_VISIBLE_DEVICES: [0]
[I 2023-11-30 00:26:54,097] Trial 103 finished with value: 340.1847229003906 and parameters: {'gradient_clip_val': 0.24297862562628728, 'hidden_size': 116, 'dropout': 0.16762945915979635, 'hidden_continuous_size': 31, 'attention_head_size': 2, 'learning_rate': 0.03299554915397537}. Best is trial 70 with value: 251.4758758544922.
LOCAL_RANK: 0 - CUDA_VISIBLE_DEVICES: [0]
[I 2023-11-30 00:27:07,563] Trial 104 finished with value: 373.4717102050781 and parameters: {'gradient_clip_val': 0.19691240383019024, 'hidden_size': 104, 'dropout': 0.14996831240234165, 'hidden_continuous_size': 36, 'attention_head_size': 2, 'learning_rate': 0.02337642517116604}. Best is trial 70 with value: 251.4758758544922.
LOCAL_RANK: 0 - CUDA_VISIBLE_DEVICES: [0]
[I 2023-11-30 00:27:21,437] Trial 105 finished with value: 299.1658630371094 and parameters: {'gradient_clip_val': 0.2620256870565036, 'hidden_size': 134, 'dropout': 0.2312162004361507, 'hidden_continuous_size': 21, 'attention_head_size': 2, 'learning_rate': 0.022535568563730575}. Best is trial 70 with value: 251.4758758544922.
LOCAL_RANK: 0 - CUDA_VISIBLE_DEVICES: [0]
[I 2023-11-30 00:27:35,166] Trial 106 finished with value: 291.9607849121094 and parameters: {'gradient_clip_val': 0.2713807949952171, 'hidden_size': 133, 'dropout': 0.23123120613329282, 'hidden_continuous_size': 13, 'attention_head_size': 2, 'learning_rate': 0.047773676560787966}. Best is trial 70 with value: 251.4758758544922.
LOCAL_RANK: 0 - CUDA_VISIBLE_DEVICES: [0]
[I 2023-11-30 00:27:48,841] Trial 107 finished with value: 602.784423828125 and parameters: {'gradient_clip_val': 0.26016535277139446, 'hidden_size': 133, 'dropout': 0.2192453823226219, 'hidden_continuous_size': 13, 'attention_head_size': 3, 'learning_rate': 0.06525629703779821}. Best is trial 70 with value: 251.4758758544922.
LOCAL_RANK: 0 - CUDA_VISIBLE_DEVICES: [0]
[I 2023-11-30 00:28:02,991] Trial 108 finished with value: 460.3368225097656 and parameters: {'gradient_clip_val': 0.27530580930466964, 'hidden_size': 143, 'dropout': 0.2254993406350998, 'hidden_continuous_size': 21, 'attention_head_size': 2, 'learning_rate': 0.05020174222337419}. Best is trial 70 with value: 251.4758758544922.
LOCAL_RANK: 0 - CUDA_VISIBLE_DEVICES: [0]
[I 2023-11-30 00:28:17,147] Trial 109 finished with value: 595.5691528320312 and parameters: {'gradient_clip_val': 0.29148474250680856, 'hidden_size': 150, 'dropout': 0.2118548191117736, 'hidden_continuous_size': 23, 'attention_head_size': 2, 'learning_rate': 0.041467657251493185}. Best is trial 70 with value: 251.4758758544922.
LOCAL_RANK: 0 - CUDA_VISIBLE_DEVICES: [0]
[I 2023-11-30 00:28:30,999] Trial 110 finished with value: 452.3516540527344 and parameters: {'gradient_clip_val': 0.23471826065515525, 'hidden_size': 135, 'dropout': 0.23030566980499548, 'hidden_continuous_size': 18, 'attention_head_size': 2, 'learning_rate': 0.0488748642549366}. Best is trial 70 with value: 251.4758758544922.
LOCAL_RANK: 0 - CUDA_VISIBLE_DEVICES: [0]
[I 2023-11-30 00:28:44,488] Trial 111 finished with value: 462.696533203125 and parameters: {'gradient_clip_val': 0.27073603002367846, 'hidden_size': 125, 'dropout': 0.23704229730979004, 'hidden_continuous_size': 12, 'attention_head_size': 2, 'learning_rate': 0.03800218612080476}. Best is trial 70 with value: 251.4758758544922.
LOCAL_RANK: 0 - CUDA_VISIBLE_DEVICES: [0]
[I 2023-11-30 00:28:57,714] Trial 112 finished with value: 618.8587036132812 and parameters: {'gradient_clip_val': 0.24998527066162032, 'hidden_size': 111, 'dropout': 0.2302237248316318, 'hidden_continuous_size': 11, 'attention_head_size': 2, 'learning_rate': 0.027091279026337768}. Best is trial 70 with value: 251.4758758544922.
LOCAL_RANK: 0 - CUDA_VISIBLE_DEVICES: [0]
[I 2023-11-30 00:29:11,625] Trial 113 finished with value: 475.1138610839844 and parameters: {'gradient_clip_val': 0.3096796951870075, 'hidden_size': 129, 'dropout': 0.24808609247754063, 'hidden_continuous_size': 15, 'attention_head_size': 2, 'learning_rate': 0.05744780149655973}. Best is trial 70 with value: 251.4758758544922.
LOCAL_RANK: 0 - CUDA_VISIBLE_DEVICES: [0]
[I 2023-11-30 00:29:25,367] Trial 114 finished with value: 390.0282287597656 and parameters: {'gradient_clip_val': 0.2840727728583818, 'hidden_size': 142, 'dropout': 0.22229407092748116, 'hidden_continuous_size': 10, 'attention_head_size': 2, 'learning_rate': 0.03165413745343497}. Best is trial 70 with value: 251.4758758544922.
LOCAL_RANK: 0 - CUDA_VISIBLE_DEVICES: [0]
