[I 2023-11-30 06:43:38,103] Trial 66 finished with value: 44.03169631958008 and parameters: {'gradient_clip_val': 0.7080591057548831, 'hidden_size': 14, 'dropout': 0.16930843402808188, 'hidden_continuous_size': 11, 'attention_head_size': 2, 'learning_rate': 0.0463233149625563}. Best is trial 27 with value: 41.86857604980469.
LOCAL_RANK: 0 - CUDA_VISIBLE_DEVICES: [0]
[I 2023-11-30 06:43:48,124] Trial 67 finished with value: 57.50912857055664 and parameters: {'gradient_clip_val': 0.7177279053209814, 'hidden_size': 10, 'dropout': 0.16983400952186103, 'hidden_continuous_size': 10, 'attention_head_size': 2, 'learning_rate': 0.04318544798473852}. Best is trial 27 with value: 41.86857604980469.
LOCAL_RANK: 0 - CUDA_VISIBLE_DEVICES: [0]
[I 2023-11-30 06:43:59,943] Trial 68 finished with value: 45.04067611694336 and parameters: {'gradient_clip_val': 0.6169152795779612, 'hidden_size': 13, 'dropout': 0.20485131106352078, 'hidden_continuous_size': 11, 'attention_head_size': 2, 'learning_rate': 0.039100763221097776}. Best is trial 27 with value: 41.86857604980469.
LOCAL_RANK: 0 - CUDA_VISIBLE_DEVICES: [0]
[I 2023-11-30 06:44:11,851] Trial 69 finished with value: 49.05979537963867 and parameters: {'gradient_clip_val': 0.6854983551715211, 'hidden_size': 23, 'dropout': 0.1954736243145585, 'hidden_continuous_size': 12, 'attention_head_size': 2, 'learning_rate': 0.045742284924254716}. Best is trial 27 with value: 41.86857604980469.
LOCAL_RANK: 0 - CUDA_VISIBLE_DEVICES: [0]
[I 2023-11-30 06:44:23,750] Trial 70 finished with value: 57.518863677978516 and parameters: {'gradient_clip_val': 0.7776679719909009, 'hidden_size': 18, 'dropout': 0.17975173180754675, 'hidden_continuous_size': 13, 'attention_head_size': 1, 'learning_rate': 0.06742798317517786}. Best is trial 27 with value: 41.86857604980469.
LOCAL_RANK: 0 - CUDA_VISIBLE_DEVICES: [0]
[I 2023-11-30 06:44:35,475] Trial 71 finished with value: 58.9296875 and parameters: {'gradient_clip_val': 0.6194479554712349, 'hidden_size': 13, 'dropout': 0.2069330582175164, 'hidden_continuous_size': 11, 'attention_head_size': 2, 'learning_rate': 0.032334004777595814}. Best is trial 27 with value: 41.86857604980469.
LOCAL_RANK: 0 - CUDA_VISIBLE_DEVICES: [0]
[I 2023-11-30 06:44:47,302] Trial 72 finished with value: 47.764739990234375 and parameters: {'gradient_clip_val': 0.5839090829155731, 'hidden_size': 14, 'dropout': 0.21775530598449538, 'hidden_continuous_size': 11, 'attention_head_size': 2, 'learning_rate': 0.057089380010206796}. Best is trial 27 with value: 41.86857604980469.
LOCAL_RANK: 0 - CUDA_VISIBLE_DEVICES: [0]
[I 2023-11-30 06:44:58,954] Trial 73 finished with value: 63.129302978515625 and parameters: {'gradient_clip_val': 0.6481537031272728, 'hidden_size': 12, 'dropout': 0.19128844671169712, 'hidden_continuous_size': 11, 'attention_head_size': 2, 'learning_rate': 0.04177926821803825}. Best is trial 27 with value: 41.86857604980469.
LOCAL_RANK: 0 - CUDA_VISIBLE_DEVICES: [0]
[I 2023-11-30 06:45:10,563] Trial 74 finished with value: 53.990234375 and parameters: {'gradient_clip_val': 0.5356273722506054, 'hidden_size': 20, 'dropout': 0.17970762719830505, 'hidden_continuous_size': 12, 'attention_head_size': 2, 'learning_rate': 0.03901093741816872}. Best is trial 27 with value: 41.86857604980469.
LOCAL_RANK: 0 - CUDA_VISIBLE_DEVICES: [0]
[I 2023-11-30 06:45:22,650] Trial 75 finished with value: 45.49639892578125 and parameters: {'gradient_clip_val': 0.607995846750074, 'hidden_size': 17, 'dropout': 0.20102978125374313, 'hidden_continuous_size': 14, 'attention_head_size': 2, 'learning_rate': 0.048827238562040284}. Best is trial 27 with value: 41.86857604980469.
LOCAL_RANK: 0 - CUDA_VISIBLE_DEVICES: [0]
[I 2023-11-30 06:45:34,647] Trial 76 finished with value: 49.84659194946289 and parameters: {'gradient_clip_val': 0.5112548695649853, 'hidden_size': 29, 'dropout': 0.1491986099823538, 'hidden_continuous_size': 12, 'attention_head_size': 2, 'learning_rate': 0.027449167105098968}. Best is trial 27 with value: 41.86857604980469.
LOCAL_RANK: 0 - CUDA_VISIBLE_DEVICES: [0]
[I 2023-11-30 06:45:46,222] Trial 77 finished with value: 45.827205657958984 and parameters: {'gradient_clip_val': 0.7123775756084136, 'hidden_size': 16, 'dropout': 0.1738490941205259, 'hidden_continuous_size': 13, 'attention_head_size': 1, 'learning_rate': 0.03814053385639698}. Best is trial 27 with value: 41.86857604980469.
LOCAL_RANK: 0 - CUDA_VISIBLE_DEVICES: [0]
[I 2023-11-30 06:45:58,202] Trial 78 finished with value: 44.97414779663086 and parameters: {'gradient_clip_val': 0.5528424904547576, 'hidden_size': 25, 'dropout': 0.1678503279857948, 'hidden_continuous_size': 10, 'attention_head_size': 2, 'learning_rate': 0.06254847876335622}. Best is trial 27 with value: 41.86857604980469.
LOCAL_RANK: 0 - CUDA_VISIBLE_DEVICES: [0]
[I 2023-11-30 06:46:10,026] Trial 79 finished with value: 48.98699951171875 and parameters: {'gradient_clip_val': 0.5604743173614902, 'hidden_size': 25, 'dropout': 0.1372768010704216, 'hidden_continuous_size': 10, 'attention_head_size': 1, 'learning_rate': 0.06656273882560743}. Best is trial 27 with value: 41.86857604980469.
LOCAL_RANK: 0 - CUDA_VISIBLE_DEVICES: [0]
[I 2023-11-30 06:46:22,054] Trial 80 finished with value: 55.16559982299805 and parameters: {'gradient_clip_val': 0.4678849391798288, 'hidden_size': 21, 'dropout': 0.14714035758392618, 'hidden_continuous_size': 10, 'attention_head_size': 2, 'learning_rate': 0.05642811865322013}. Best is trial 27 with value: 41.86857604980469.
LOCAL_RANK: 0 - CUDA_VISIBLE_DEVICES: [0]
[I 2023-11-30 06:46:33,868] Trial 81 finished with value: 47.23228073120117 and parameters: {'gradient_clip_val': 0.651996349643322, 'hidden_size': 19, 'dropout': 0.1640108217286413, 'hidden_continuous_size': 10, 'attention_head_size': 2, 'learning_rate': 0.04903046101416136}. Best is trial 27 with value: 41.86857604980469.
LOCAL_RANK: 0 - CUDA_VISIBLE_DEVICES: [0]
[I 2023-11-30 06:46:45,788] Trial 82 finished with value: 51.56880187988281 and parameters: {'gradient_clip_val': 0.6005684358060766, 'hidden_size': 23, 'dropout': 0.18561794307187546, 'hidden_continuous_size': 11, 'attention_head_size': 2, 'learning_rate': 0.06287394807691213}. Best is trial 27 with value: 41.86857604980469.
LOCAL_RANK: 0 - CUDA_VISIBLE_DEVICES: [0]
[I 2023-11-30 06:46:55,810] Trial 83 finished with value: 44.36030578613281 and parameters: {'gradient_clip_val': 0.5145896364091875, 'hidden_size': 11, 'dropout': 0.1703658676404847, 'hidden_continuous_size': 11, 'attention_head_size': 2, 'learning_rate': 0.07704830254210521}. Best is trial 27 with value: 41.86857604980469.
LOCAL_RANK: 0 - CUDA_VISIBLE_DEVICES: [0]
[I 2023-11-30 06:47:07,526] Trial 84 finished with value: 49.886898040771484 and parameters: {'gradient_clip_val': 0.5101365732487246, 'hidden_size': 11, 'dropout': 0.1573939241079536, 'hidden_continuous_size': 10, 'attention_head_size': 2, 'learning_rate': 0.07344358906781828}. Best is trial 27 with value: 41.86857604980469.
LOCAL_RANK: 0 - CUDA_VISIBLE_DEVICES: [0]
[I 2023-11-30 06:47:19,548] Trial 85 finished with value: 51.13447952270508 and parameters: {'gradient_clip_val': 0.5445049839763909, 'hidden_size': 28, 'dropout': 0.19449004078508306, 'hidden_continuous_size': 12, 'attention_head_size': 2, 'learning_rate': 0.09737075715048302}. Best is trial 27 with value: 41.86857604980469.
LOCAL_RANK: 0 - CUDA_VISIBLE_DEVICES: [0]
[I 2023-11-30 06:47:31,727] Trial 86 finished with value: 62.3236083984375 and parameters: {'gradient_clip_val': 0.4485829513539388, 'hidden_size': 26, 'dropout': 0.1664058199911247, 'hidden_continuous_size': 17, 'attention_head_size': 2, 'learning_rate': 0.07745082815280434}. Best is trial 27 with value: 41.86857604980469.
LOCAL_RANK: 0 - CUDA_VISIBLE_DEVICES: [0]
[I 2023-11-30 06:47:43,508] Trial 87 finished with value: 46.17814636230469 and parameters: {'gradient_clip_val': 0.4799469236578368, 'hidden_size': 18, 'dropout': 0.17246622825296498, 'hidden_continuous_size': 14, 'attention_head_size': 1, 'learning_rate': 0.059598569854972215}. Best is trial 27 with value: 41.86857604980469.
LOCAL_RANK: 0 - CUDA_VISIBLE_DEVICES: [0]
[I 2023-11-30 06:47:55,305] Trial 88 finished with value: 55.14211654663086 and parameters: {'gradient_clip_val': 0.6813369623819734, 'hidden_size': 15, 'dropout': 0.14858140535726744, 'hidden_continuous_size': 13, 'attention_head_size': 2, 'learning_rate': 0.047587358227592316}. Best is trial 27 with value: 41.86857604980469.
LOCAL_RANK: 0 - CUDA_VISIBLE_DEVICES: [0]
[I 2023-11-30 06:48:07,218] Trial 89 finished with value: 45.823482513427734 and parameters: {'gradient_clip_val': 0.5243441498809486, 'hidden_size': 22, 'dropout': 0.1807436277743668, 'hidden_continuous_size': 12, 'attention_head_size': 2, 'learning_rate': 0.054050642532215615}. Best is trial 27 with value: 41.86857604980469.
LOCAL_RANK: 0 - CUDA_VISIBLE_DEVICES: [0]
[I 2023-11-30 06:48:18,945] Trial 90 finished with value: 51.9560432434082 and parameters: {'gradient_clip_val': 0.5705166855846341, 'hidden_size': 20, 'dropout': 0.16107239283356706, 'hidden_continuous_size': 10, 'attention_head_size': 1, 'learning_rate': 0.06796056928656245}. Best is trial 27 with value: 41.86857604980469.
LOCAL_RANK: 0 - CUDA_VISIBLE_DEVICES: [0]
[I 2023-11-30 06:48:28,849] Trial 91 finished with value: 45.474239349365234 and parameters: {'gradient_clip_val': 0.5993481009034103, 'hidden_size': 11, 'dropout': 0.1746247444958572, 'hidden_continuous_size': 11, 'attention_head_size': 2, 'learning_rate': 0.04279530958278117}. Best is trial 27 with value: 41.86857604980469.
LOCAL_RANK: 0 - CUDA_VISIBLE_DEVICES: [0]
[I 2023-11-30 06:48:40,610] Trial 92 finished with value: 48.6910514831543 and parameters: {'gradient_clip_val': 0.6496699698664599, 'hidden_size': 13, 'dropout': 0.205067198021946, 'hidden_continuous_size': 11, 'attention_head_size': 2, 'learning_rate': 0.035010983422246796}. Best is trial 27 with value: 41.86857604980469.
LOCAL_RANK: 0 - CUDA_VISIBLE_DEVICES: [0]
[I 2023-11-30 06:48:52,345] Trial 93 finished with value: 55.03927993774414 and parameters: {'gradient_clip_val': 0.494593794415519, 'hidden_size': 24, 'dropout': 0.1818504090949418, 'hidden_continuous_size': 10, 'attention_head_size': 2, 'learning_rate': 0.030871795013479825}. Best is trial 27 with value: 41.86857604980469.
LOCAL_RANK: 0 - CUDA_VISIBLE_DEVICES: [0]
[I 2023-11-30 06:49:04,139] Trial 94 finished with value: 49.494598388671875 and parameters: {'gradient_clip_val': 0.736491410265993, 'hidden_size': 17, 'dropout': 0.19310672802395126, 'hidden_continuous_size': 11, 'attention_head_size': 2, 'learning_rate': 0.059045912885718754}. Best is trial 27 with value: 41.86857604980469.
LOCAL_RANK: 0 - CUDA_VISIBLE_DEVICES: [0]
[I 2023-11-30 06:49:16,077] Trial 95 finished with value: 53.6205940246582 and parameters: {'gradient_clip_val': 0.6326302852013075, 'hidden_size': 14, 'dropout': 0.1584540500847383, 'hidden_continuous_size': 11, 'attention_head_size': 2, 'learning_rate': 0.03811741068471195}. Best is trial 27 with value: 41.86857604980469.
LOCAL_RANK: 0 - CUDA_VISIBLE_DEVICES: [0]
[I 2023-11-30 06:49:28,142] Trial 96 finished with value: 40.993919372558594 and parameters: {'gradient_clip_val': 0.5507081258938251, 'hidden_size': 19, 'dropout': 0.21388826412749928, 'hidden_continuous_size': 14, 'attention_head_size': 4, 'learning_rate': 0.05192239764647757}. Best is trial 96 with value: 40.993919372558594.
LOCAL_RANK: 0 - CUDA_VISIBLE_DEVICES: [0]
[I 2023-11-30 06:49:40,045] Trial 97 finished with value: 43.97877883911133 and parameters: {'gradient_clip_val': 0.439149780264453, 'hidden_size': 19, 'dropout': 0.2144630931399277, 'hidden_continuous_size': 14, 'attention_head_size': 4, 'learning_rate': 0.0819621410573189}. Best is trial 96 with value: 40.993919372558594.
LOCAL_RANK: 0 - CUDA_VISIBLE_DEVICES: [0]
[I 2023-11-30 06:49:51,998] Trial 98 finished with value: 47.08707809448242 and parameters: {'gradient_clip_val': 0.454723157891073, 'hidden_size': 19, 'dropout': 0.21187540864524035, 'hidden_continuous_size': 14, 'attention_head_size': 4, 'learning_rate': 0.07958327616332124}. Best is trial 96 with value: 40.993919372558594.
LOCAL_RANK: 0 - CUDA_VISIBLE_DEVICES: [0]
[I 2023-11-30 06:50:03,806] Trial 99 finished with value: 49.65522384643555 and parameters: {'gradient_clip_val': 0.404334373731201, 'hidden_size': 16, 'dropout': 0.22909009619631726, 'hidden_continuous_size': 14, 'attention_head_size': 4, 'learning_rate': 0.08770220267437845}. Best is trial 96 with value: 40.993919372558594.
LOCAL_RANK: 0 - CUDA_VISIBLE_DEVICES: [0]
[I 2023-11-30 06:50:15,896] Trial 100 finished with value: 41.8305549621582 and parameters: {'gradient_clip_val': 0.42052468970698625, 'hidden_size': 21, 'dropout': 0.2381184043641772, 'hidden_continuous_size': 15, 'attention_head_size': 4, 'learning_rate': 0.09095479823038889}. Best is trial 96 with value: 40.993919372558594.
LOCAL_RANK: 0 - CUDA_VISIBLE_DEVICES: [0]
[I 2023-11-30 06:50:27,955] Trial 101 finished with value: 44.33492660522461 and parameters: {'gradient_clip_val': 0.43378638271211034, 'hidden_size': 21, 'dropout': 0.23575435461903785, 'hidden_continuous_size': 15, 'attention_head_size': 4, 'learning_rate': 0.09366412507268371}. Best is trial 96 with value: 40.993919372558594.
LOCAL_RANK: 0 - CUDA_VISIBLE_DEVICES: [0]
[I 2023-11-30 06:50:40,129] Trial 102 finished with value: 50.5265998840332 and parameters: {'gradient_clip_val': 0.4313227688195262, 'hidden_size': 18, 'dropout': 0.238005228145289, 'hidden_continuous_size': 15, 'attention_head_size': 4, 'learning_rate': 0.09175542768650694}. Best is trial 96 with value: 40.993919372558594.
LOCAL_RANK: 0 - CUDA_VISIBLE_DEVICES: [0]
[I 2023-11-30 06:50:52,167] Trial 103 finished with value: 45.02159118652344 and parameters: {'gradient_clip_val': 0.39355814850346216, 'hidden_size': 19, 'dropout': 0.2226681649904077, 'hidden_continuous_size': 15, 'attention_head_size': 4, 'learning_rate': 0.08124283411102314}. Best is trial 96 with value: 40.993919372558594.
LOCAL_RANK: 0 - CUDA_VISIBLE_DEVICES: [0]
[I 2023-11-30 06:51:04,169] Trial 104 finished with value: 45.539188385009766 and parameters: {'gradient_clip_val': 0.4228402071636073, 'hidden_size': 21, 'dropout': 0.24346789811682026, 'hidden_continuous_size': 15, 'attention_head_size': 4, 'learning_rate': 0.09860568237817996}. Best is trial 96 with value: 40.993919372558594.
LOCAL_RANK: 0 - CUDA_VISIBLE_DEVICES: [0]
[I 2023-11-30 06:51:16,379] Trial 105 finished with value: 44.95404052734375 and parameters: {'gradient_clip_val': 0.44917209392853424, 'hidden_size': 17, 'dropout': 0.23380839799718645, 'hidden_continuous_size': 14, 'attention_head_size': 4, 'learning_rate': 0.07179926265657408}. Best is trial 96 with value: 40.993919372558594.
LOCAL_RANK: 0 - CUDA_VISIBLE_DEVICES: [0]
[I 2023-11-30 06:51:28,358] Trial 106 finished with value: 43.71385192871094 and parameters: {'gradient_clip_val': 0.4816333082150319, 'hidden_size': 21, 'dropout': 0.21706254242193512, 'hidden_continuous_size': 16, 'attention_head_size': 4, 'learning_rate': 0.08841344869560729}. Best is trial 96 with value: 40.993919372558594.
LOCAL_RANK: 0 - CUDA_VISIBLE_DEVICES: [0]
[I 2023-11-30 06:51:40,325] Trial 107 finished with value: 43.49284744262695 and parameters: {'gradient_clip_val': 0.47757660737348867, 'hidden_size': 21, 'dropout': 0.2134802205715861, 'hidden_continuous_size': 16, 'attention_head_size': 4, 'learning_rate': 0.08757212793736709}. Best is trial 96 with value: 40.993919372558594.
LOCAL_RANK: 0 - CUDA_VISIBLE_DEVICES: [0]
[I 2023-11-30 06:51:52,443] Trial 108 finished with value: 40.015445709228516 and parameters: {'gradient_clip_val': 0.4291273714919944, 'hidden_size': 23, 'dropout': 0.21822837911983237, 'hidden_continuous_size': 16, 'attention_head_size': 4, 'learning_rate': 0.09365592458469599}. Best is trial 108 with value: 40.015445709228516.
LOCAL_RANK: 0 - CUDA_VISIBLE_DEVICES: [0]
[I 2023-11-30 06:52:04,471] Trial 109 finished with value: 48.51666259765625 and parameters: {'gradient_clip_val': 0.38607967066459314, 'hidden_size': 24, 'dropout': 0.21550349301771654, 'hidden_continuous_size': 16, 'attention_head_size': 4, 'learning_rate': 0.08832128983078949}. Best is trial 108 with value: 40.015445709228516.
LOCAL_RANK: 0 - CUDA_VISIBLE_DEVICES: [0]
[I 2023-11-30 06:52:16,741] Trial 110 finished with value: 44.52009201049805 and parameters: {'gradient_clip_val': 0.47817718833272616, 'hidden_size': 22, 'dropout': 0.22720604734657737, 'hidden_continuous_size': 16, 'attention_head_size': 4, 'learning_rate': 0.08172794014212967}. Best is trial 108 with value: 40.015445709228516.
LOCAL_RANK: 0 - CUDA_VISIBLE_DEVICES: [0]
[I 2023-11-30 06:52:28,658] Trial 111 finished with value: 44.25447082519531 and parameters: {'gradient_clip_val': 0.4169814253350847, 'hidden_size': 21, 'dropout': 0.22119235751275526, 'hidden_continuous_size': 16, 'attention_head_size': 4, 'learning_rate': 0.093941739577577}. Best is trial 108 with value: 40.015445709228516.
LOCAL_RANK: 0 - CUDA_VISIBLE_DEVICES: [0]
[I 2023-11-30 06:52:40,702] Trial 112 finished with value: 43.28800964355469 and parameters: {'gradient_clip_val': 0.47625556178581174, 'hidden_size': 19, 'dropout': 0.2159255106965166, 'hidden_continuous_size': 16, 'attention_head_size': 4, 'learning_rate': 0.0937566202691387}. Best is trial 108 with value: 40.015445709228516.
LOCAL_RANK: 0 - CUDA_VISIBLE_DEVICES: [0]
[I 2023-11-30 06:52:52,732] Trial 113 finished with value: 70.76569366455078 and parameters: {'gradient_clip_val': 0.4875228816205108, 'hidden_size': 20, 'dropout': 0.21530958234056458, 'hidden_continuous_size': 17, 'attention_head_size': 4, 'learning_rate': 0.07219701592625631}. Best is trial 108 with value: 40.015445709228516.
LOCAL_RANK: 0 - CUDA_VISIBLE_DEVICES: [0]
[I 2023-11-30 06:53:04,698] Trial 114 finished with value: 45.10209274291992 and parameters: {'gradient_clip_val': 0.537580556341223, 'hidden_size': 19, 'dropout': 0.21137680372649947, 'hidden_continuous_size': 16, 'attention_head_size': 4, 'learning_rate': 0.09860432009134819}. Best is trial 108 with value: 40.015445709228516.
LOCAL_RANK: 0 - CUDA_VISIBLE_DEVICES: [0]
[I 2023-11-30 06:53:16,929] Trial 115 finished with value: 51.80279541015625 and parameters: {'gradient_clip_val': 0.3707819828309568, 'hidden_size': 23, 'dropout': 0.22310028079722394, 'hidden_continuous_size': 17, 'attention_head_size': 4, 'learning_rate': 0.08295033911271076}. Best is trial 108 with value: 40.015445709228516.
LOCAL_RANK: 0 - CUDA_VISIBLE_DEVICES: [0]
[I 2023-11-30 06:53:28,965] Trial 116 finished with value: 83.0313720703125 and parameters: {'gradient_clip_val': 0.4684404751400102, 'hidden_size': 18, 'dropout': 0.20011403041491277, 'hidden_continuous_size': 16, 'attention_head_size': 4, 'learning_rate': 0.07014616115572227}. Best is trial 108 with value: 40.015445709228516.
LOCAL_RANK: 0 - CUDA_VISIBLE_DEVICES: [0]
[I 2023-11-30 06:53:40,971] Trial 117 finished with value: 47.274227142333984 and parameters: {'gradient_clip_val': 0.4981654011767952, 'hidden_size': 22, 'dropout': 0.21751811831444465, 'hidden_continuous_size': 15, 'attention_head_size': 4, 'learning_rate': 0.0777901066334139}. Best is trial 108 with value: 40.015445709228516.
LOCAL_RANK: 0 - CUDA_VISIBLE_DEVICES: [0]
[I 2023-11-30 06:53:52,761] Trial 118 finished with value: 51.70244216918945 and parameters: {'gradient_clip_val': 0.44900061350496623, 'hidden_size': 20, 'dropout': 0.22995390280732605, 'hidden_continuous_size': 16, 'attention_head_size': 4, 'learning_rate': 0.08918014660227791}. Best is trial 108 with value: 40.015445709228516.
LOCAL_RANK: 0 - CUDA_VISIBLE_DEVICES: [0]
[I 2023-11-30 06:54:04,954] Trial 119 finished with value: 45.161441802978516 and parameters: {'gradient_clip_val': 0.5710540218974941, 'hidden_size': 27, 'dropout': 0.20625814469674805, 'hidden_continuous_size': 17, 'attention_head_size': 4, 'learning_rate': 0.06539135501522118}. Best is trial 108 with value: 40.015445709228516.
LOCAL_RANK: 0 - CUDA_VISIBLE_DEVICES: [0]
[I 2023-11-30 06:54:17,025] Trial 120 finished with value: 42.52436828613281 and parameters: {'gradient_clip_val': 0.41551525202534817, 'hidden_size': 24, 'dropout': 0.20025296776761461, 'hidden_continuous_size': 17, 'attention_head_size': 4, 'learning_rate': 0.052404732441102726}. Best is trial 108 with value: 40.015445709228516.
LOCAL_RANK: 0 - CUDA_VISIBLE_DEVICES: [0]
[I 2023-11-30 06:54:28,849] Trial 121 finished with value: 48.64021682739258 and parameters: {'gradient_clip_val': 0.35012320551795806, 'hidden_size': 24, 'dropout': 0.21227976676257684, 'hidden_continuous_size': 18, 'attention_head_size': 4, 'learning_rate': 0.051646236173290984}. Best is trial 108 with value: 40.015445709228516.
LOCAL_RANK: 0 - CUDA_VISIBLE_DEVICES: [0]
[I 2023-11-30 06:54:40,860] Trial 122 finished with value: 60.18232345581055 and parameters: {'gradient_clip_val': 0.4048574003081939, 'hidden_size': 21, 'dropout': 0.2246682209360142, 'hidden_continuous_size': 16, 'attention_head_size': 4, 'learning_rate': 0.04670503244881001}. Best is trial 108 with value: 40.015445709228516.
LOCAL_RANK: 0 - CUDA_VISIBLE_DEVICES: [0]
[I 2023-11-30 06:54:53,025] Trial 123 finished with value: 57.55269241333008 and parameters: {'gradient_clip_val': 0.385629850334409, 'hidden_size': 26, 'dropout': 0.19987403982570165, 'hidden_continuous_size': 17, 'attention_head_size': 4, 'learning_rate': 0.06256187153467878}. Best is trial 108 with value: 40.015445709228516.
LOCAL_RANK: 0 - CUDA_VISIBLE_DEVICES: [0]
[I 2023-11-30 06:55:04,987] Trial 124 finished with value: 47.22321701049805 and parameters: {'gradient_clip_val': 0.43515777984394344, 'hidden_size': 19, 'dropout': 0.21752410135904296, 'hidden_continuous_size': 13, 'attention_head_size': 4, 'learning_rate': 0.05394183415192964}. Best is trial 108 with value: 40.015445709228516.
LOCAL_RANK: 0 - CUDA_VISIBLE_DEVICES: [0]
