[I 2023-11-30 05:15:54,442] Trial 108 finished with value: 31.4174747467041 and parameters: {'gradient_clip_val': 0.6253313220724944, 'hidden_size': 38, 'dropout': 0.13395362871655456, 'hidden_continuous_size': 18, 'attention_head_size': 4, 'learning_rate': 0.009202566244697364}. Best is trial 78 with value: 28.76570701599121.
LOCAL_RANK: 0 - CUDA_VISIBLE_DEVICES: [0]
[I 2023-11-30 05:16:06,899] Trial 109 finished with value: 38.94670104980469 and parameters: {'gradient_clip_val': 0.4493433072319237, 'hidden_size': 37, 'dropout': 0.13366353338356382, 'hidden_continuous_size': 18, 'attention_head_size': 4, 'learning_rate': 0.017231517283623148}. Best is trial 78 with value: 28.76570701599121.
LOCAL_RANK: 0 - CUDA_VISIBLE_DEVICES: [0]
[I 2023-11-30 05:16:19,317] Trial 110 finished with value: 33.62691116333008 and parameters: {'gradient_clip_val': 0.6731576527318105, 'hidden_size': 33, 'dropout': 0.1434986293441842, 'hidden_continuous_size': 19, 'attention_head_size': 4, 'learning_rate': 0.01931301111565025}. Best is trial 78 with value: 28.76570701599121.
LOCAL_RANK: 0 - CUDA_VISIBLE_DEVICES: [0]
[I 2023-11-30 05:16:31,869] Trial 111 finished with value: 36.768550872802734 and parameters: {'gradient_clip_val': 0.6142919934133838, 'hidden_size': 41, 'dropout': 0.12026751852982026, 'hidden_continuous_size': 17, 'attention_head_size': 4, 'learning_rate': 0.010044330146654071}. Best is trial 78 with value: 28.76570701599121.
LOCAL_RANK: 0 - CUDA_VISIBLE_DEVICES: [0]
[I 2023-11-30 05:16:44,294] Trial 112 finished with value: 38.49053955078125 and parameters: {'gradient_clip_val': 0.5584648340806903, 'hidden_size': 45, 'dropout': 0.10618985299267783, 'hidden_continuous_size': 16, 'attention_head_size': 4, 'learning_rate': 0.009134483840718164}. Best is trial 78 with value: 28.76570701599121.
LOCAL_RANK: 0 - CUDA_VISIBLE_DEVICES: [0]
[I 2023-11-30 05:16:56,979] Trial 113 finished with value: 35.32588577270508 and parameters: {'gradient_clip_val': 0.6471899180173513, 'hidden_size': 35, 'dropout': 0.12701872127987546, 'hidden_continuous_size': 20, 'attention_head_size': 4, 'learning_rate': 0.008491933677297394}. Best is trial 78 with value: 28.76570701599121.
LOCAL_RANK: 0 - CUDA_VISIBLE_DEVICES: [0]
[I 2023-11-30 05:17:09,401] Trial 114 finished with value: 35.55651092529297 and parameters: {'gradient_clip_val': 0.5313481256214359, 'hidden_size': 39, 'dropout': 0.13616468210835683, 'hidden_continuous_size': 18, 'attention_head_size': 4, 'learning_rate': 0.011389100546006219}. Best is trial 78 with value: 28.76570701599121.
LOCAL_RANK: 0 - CUDA_VISIBLE_DEVICES: [0]
[I 2023-11-30 05:17:22,699] Trial 115 finished with value: 36.2843017578125 and parameters: {'gradient_clip_val': 0.49250169973784846, 'hidden_size': 57, 'dropout': 0.15907390556883394, 'hidden_continuous_size': 50, 'attention_head_size': 4, 'learning_rate': 0.01350523392748965}. Best is trial 78 with value: 28.76570701599121.
LOCAL_RANK: 0 - CUDA_VISIBLE_DEVICES: [0]
[I 2023-11-30 05:17:35,088] Trial 116 finished with value: 35.80659866333008 and parameters: {'gradient_clip_val': 0.5133531741564683, 'hidden_size': 37, 'dropout': 0.11696153559118506, 'hidden_continuous_size': 17, 'attention_head_size': 4, 'learning_rate': 0.009907068526462785}. Best is trial 78 with value: 28.76570701599121.
LOCAL_RANK: 0 - CUDA_VISIBLE_DEVICES: [0]
[I 2023-11-30 05:17:47,600] Trial 117 finished with value: 35.373653411865234 and parameters: {'gradient_clip_val': 0.5810930047921739, 'hidden_size': 48, 'dropout': 0.14805333601683954, 'hidden_continuous_size': 15, 'attention_head_size': 4, 'learning_rate': 0.00801074126106348}. Best is trial 78 with value: 28.76570701599121.
LOCAL_RANK: 0 - CUDA_VISIBLE_DEVICES: [0]
[I 2023-11-30 05:18:00,276] Trial 118 finished with value: 32.78363037109375 and parameters: {'gradient_clip_val': 0.715309095783764, 'hidden_size': 44, 'dropout': 0.13029590795494403, 'hidden_continuous_size': 19, 'attention_head_size': 4, 'learning_rate': 0.008893438856079768}. Best is trial 78 with value: 28.76570701599121.
LOCAL_RANK: 0 - CUDA_VISIBLE_DEVICES: [0]
[I 2023-11-30 05:18:12,956] Trial 119 finished with value: 41.36912536621094 and parameters: {'gradient_clip_val': 0.4705439211590439, 'hidden_size': 51, 'dropout': 0.1069601901124303, 'hidden_continuous_size': 12, 'attention_head_size': 4, 'learning_rate': 0.01265672207804756}. Best is trial 78 with value: 28.76570701599121.
LOCAL_RANK: 0 - CUDA_VISIBLE_DEVICES: [0]
[I 2023-11-30 05:18:25,272] Trial 120 finished with value: 43.10409164428711 and parameters: {'gradient_clip_val': 0.6114057484967351, 'hidden_size': 40, 'dropout': 0.2567911781240079, 'hidden_continuous_size': 14, 'attention_head_size': 4, 'learning_rate': 0.006872930448162185}. Best is trial 78 with value: 28.76570701599121.
LOCAL_RANK: 0 - CUDA_VISIBLE_DEVICES: [0]
[I 2023-11-30 05:18:37,614] Trial 121 finished with value: 37.4312629699707 and parameters: {'gradient_clip_val': 0.6658696161075189, 'hidden_size': 44, 'dropout': 0.13101584818542322, 'hidden_continuous_size': 19, 'attention_head_size': 4, 'learning_rate': 0.009218497050262325}. Best is trial 78 with value: 28.76570701599121.
LOCAL_RANK: 0 - CUDA_VISIBLE_DEVICES: [0]
[I 2023-11-30 05:18:50,219] Trial 122 finished with value: 29.51189613342285 and parameters: {'gradient_clip_val': 0.7361811704248952, 'hidden_size': 42, 'dropout': 0.1378574721072546, 'hidden_continuous_size': 16, 'attention_head_size': 4, 'learning_rate': 0.01041144841064412}. Best is trial 78 with value: 28.76570701599121.
LOCAL_RANK: 0 - CUDA_VISIBLE_DEVICES: [0]
[I 2023-11-30 05:19:02,811] Trial 123 finished with value: 38.176788330078125 and parameters: {'gradient_clip_val': 0.5557522061091842, 'hidden_size': 35, 'dropout': 0.14494864009653083, 'hidden_continuous_size': 16, 'attention_head_size': 4, 'learning_rate': 0.010715791597160103}. Best is trial 78 with value: 28.76570701599121.
LOCAL_RANK: 0 - CUDA_VISIBLE_DEVICES: [0]
[I 2023-11-30 05:19:15,270] Trial 124 finished with value: 30.19551658630371 and parameters: {'gradient_clip_val': 0.7735105031399416, 'hidden_size': 38, 'dropout': 0.15481794803366697, 'hidden_continuous_size': 11, 'attention_head_size': 4, 'learning_rate': 0.011650847718959084}. Best is trial 78 with value: 28.76570701599121.
LOCAL_RANK: 0 - CUDA_VISIBLE_DEVICES: [0]
[I 2023-11-30 05:19:27,536] Trial 125 finished with value: 38.2363166809082 and parameters: {'gradient_clip_val': 0.759051188557033, 'hidden_size': 38, 'dropout': 0.15162845773752517, 'hidden_continuous_size': 11, 'attention_head_size': 4, 'learning_rate': 0.01191696736375541}. Best is trial 78 with value: 28.76570701599121.
LOCAL_RANK: 0 - CUDA_VISIBLE_DEVICES: [0]
[I 2023-11-30 05:19:39,694] Trial 126 finished with value: 29.687744140625 and parameters: {'gradient_clip_val': 0.7167664375908613, 'hidden_size': 48, 'dropout': 0.13657014431407152, 'hidden_continuous_size': 10, 'attention_head_size': 4, 'learning_rate': 0.014022259112866031}. Best is trial 78 with value: 28.76570701599121.
LOCAL_RANK: 0 - CUDA_VISIBLE_DEVICES: [0]
[I 2023-11-30 05:19:52,353] Trial 127 finished with value: 36.85822677612305 and parameters: {'gradient_clip_val': 0.8003115193801947, 'hidden_size': 49, 'dropout': 0.12402819729485888, 'hidden_continuous_size': 10, 'attention_head_size': 4, 'learning_rate': 0.014080013719173943}. Best is trial 78 with value: 28.76570701599121.
LOCAL_RANK: 0 - CUDA_VISIBLE_DEVICES: [0]
[I 2023-11-30 05:20:05,057] Trial 128 finished with value: 36.430381774902344 and parameters: {'gradient_clip_val': 0.714435601990718, 'hidden_size': 53, 'dropout': 0.13680192302313357, 'hidden_continuous_size': 10, 'attention_head_size': 4, 'learning_rate': 0.010164078311108606}. Best is trial 78 with value: 28.76570701599121.
LOCAL_RANK: 0 - CUDA_VISIBLE_DEVICES: [0]
[I 2023-11-30 05:20:17,038] Trial 129 finished with value: 36.49946212768555 and parameters: {'gradient_clip_val': 0.862751945400955, 'hidden_size': 32, 'dropout': 0.11311900046589018, 'hidden_continuous_size': 11, 'attention_head_size': 4, 'learning_rate': 0.015361844864188061}. Best is trial 78 with value: 28.76570701599121.
LOCAL_RANK: 0 - CUDA_VISIBLE_DEVICES: [0]
[I 2023-11-30 05:20:29,568] Trial 130 finished with value: 29.45475196838379 and parameters: {'gradient_clip_val': 0.7473580562290713, 'hidden_size': 60, 'dropout': 0.12048843702960252, 'hidden_continuous_size': 10, 'attention_head_size': 4, 'learning_rate': 0.013088016451423127}. Best is trial 78 with value: 28.76570701599121.
LOCAL_RANK: 0 - CUDA_VISIBLE_DEVICES: [0]
[I 2023-11-30 05:20:41,998] Trial 131 finished with value: 36.7402458190918 and parameters: {'gradient_clip_val': 0.771186118428601, 'hidden_size': 46, 'dropout': 0.12028619999348616, 'hidden_continuous_size': 10, 'attention_head_size': 4, 'learning_rate': 0.013240104489741366}. Best is trial 78 with value: 28.76570701599121.
LOCAL_RANK: 0 - CUDA_VISIBLE_DEVICES: [0]
[I 2023-11-30 05:20:54,930] Trial 132 finished with value: 38.29280471801758 and parameters: {'gradient_clip_val': 0.7222902310395171, 'hidden_size': 59, 'dropout': 0.12730088280357213, 'hidden_continuous_size': 11, 'attention_head_size': 4, 'learning_rate': 0.012899484946714342}. Best is trial 78 with value: 28.76570701599121.
LOCAL_RANK: 0 - CUDA_VISIBLE_DEVICES: [0]
[I 2023-11-30 05:21:07,810] Trial 133 finished with value: 36.566226959228516 and parameters: {'gradient_clip_val': 0.8433233208569988, 'hidden_size': 66, 'dropout': 0.1390421786444381, 'hidden_continuous_size': 10, 'attention_head_size': 4, 'learning_rate': 0.011565603678394125}. Best is trial 78 with value: 28.76570701599121.
LOCAL_RANK: 0 - CUDA_VISIBLE_DEVICES: [0]
[I 2023-11-30 05:21:20,574] Trial 134 finished with value: 40.693729400634766 and parameters: {'gradient_clip_val': 0.6829626805878529, 'hidden_size': 57, 'dropout': 0.1131677173889167, 'hidden_continuous_size': 10, 'attention_head_size': 4, 'learning_rate': 0.01425762310080584}. Best is trial 78 with value: 28.76570701599121.
LOCAL_RANK: 0 - CUDA_VISIBLE_DEVICES: [0]
[I 2023-11-30 05:21:33,708] Trial 135 finished with value: 35.86971664428711 and parameters: {'gradient_clip_val': 0.7319091897480621, 'hidden_size': 62, 'dropout': 0.1008141811729374, 'hidden_continuous_size': 24, 'attention_head_size': 4, 'learning_rate': 0.010968127190697384}. Best is trial 78 with value: 28.76570701599121.
LOCAL_RANK: 0 - CUDA_VISIBLE_DEVICES: [0]
[I 2023-11-30 05:21:46,186] Trial 136 finished with value: 33.214324951171875 and parameters: {'gradient_clip_val': 0.93496559932697, 'hidden_size': 49, 'dropout': 0.1559719708046982, 'hidden_continuous_size': 11, 'attention_head_size': 4, 'learning_rate': 0.01841803814245622}. Best is trial 78 with value: 28.76570701599121.
LOCAL_RANK: 0 - CUDA_VISIBLE_DEVICES: [0]
[I 2023-11-30 05:21:59,333] Trial 137 finished with value: 37.8539924621582 and parameters: {'gradient_clip_val': 0.7825393191957168, 'hidden_size': 70, 'dropout': 0.11954283254446106, 'hidden_continuous_size': 13, 'attention_head_size': 4, 'learning_rate': 0.011911870286281124}. Best is trial 78 with value: 28.76570701599121.
LOCAL_RANK: 0 - CUDA_VISIBLE_DEVICES: [0]
[I 2023-11-30 05:22:11,926] Trial 138 finished with value: 35.265869140625 and parameters: {'gradient_clip_val': 0.7455713076690722, 'hidden_size': 41, 'dropout': 0.2727573378809914, 'hidden_continuous_size': 21, 'attention_head_size': 4, 'learning_rate': 0.010183550634234264}. Best is trial 78 with value: 28.76570701599121.
LOCAL_RANK: 0 - CUDA_VISIBLE_DEVICES: [0]
[I 2023-11-30 05:22:24,484] Trial 139 finished with value: 36.314640045166016 and parameters: {'gradient_clip_val': 0.8208645565207665, 'hidden_size': 51, 'dropout': 0.13319596742075515, 'hidden_continuous_size': 12, 'attention_head_size': 4, 'learning_rate': 0.016338063448288323}. Best is trial 78 with value: 28.76570701599121.
LOCAL_RANK: 0 - CUDA_VISIBLE_DEVICES: [0]
[I 2023-11-30 05:22:37,149] Trial 140 finished with value: 33.30060958862305 and parameters: {'gradient_clip_val': 0.6180097749379537, 'hidden_size': 56, 'dropout': 0.10902175226668302, 'hidden_continuous_size': 18, 'attention_head_size': 4, 'learning_rate': 0.014859655509904035}. Best is trial 78 with value: 28.76570701599121.
LOCAL_RANK: 0 - CUDA_VISIBLE_DEVICES: [0]
[I 2023-11-30 05:22:49,778] Trial 141 finished with value: 40.60921859741211 and parameters: {'gradient_clip_val': 0.4416912501357289, 'hidden_size': 43, 'dropout': 0.14127813978515946, 'hidden_continuous_size': 17, 'attention_head_size': 4, 'learning_rate': 0.016222890651128506}. Best is trial 78 with value: 28.76570701599121.
LOCAL_RANK: 0 - CUDA_VISIBLE_DEVICES: [0]
[I 2023-11-30 05:23:02,480] Trial 142 finished with value: 38.341182708740234 and parameters: {'gradient_clip_val': 0.5016724540841648, 'hidden_size': 38, 'dropout': 0.15130025908466802, 'hidden_continuous_size': 20, 'attention_head_size': 4, 'learning_rate': 0.02030822180121113}. Best is trial 78 with value: 28.76570701599121.
LOCAL_RANK: 0 - CUDA_VISIBLE_DEVICES: [0]
[I 2023-11-30 05:23:15,022] Trial 143 finished with value: 34.925357818603516 and parameters: {'gradient_clip_val': 0.48411926782684855, 'hidden_size': 42, 'dropout': 0.14317944609795405, 'hidden_continuous_size': 16, 'attention_head_size': 4, 'learning_rate': 0.013721097492016643}. Best is trial 78 with value: 28.76570701599121.
LOCAL_RANK: 0 - CUDA_VISIBLE_DEVICES: [0]
[I 2023-11-30 05:23:27,654] Trial 144 finished with value: 30.885644912719727 and parameters: {'gradient_clip_val': 0.5363240730412822, 'hidden_size': 46, 'dropout': 0.12747912132579317, 'hidden_continuous_size': 18, 'attention_head_size': 4, 'learning_rate': 0.012315832711508672}. Best is trial 78 with value: 28.76570701599121.
LOCAL_RANK: 0 - CUDA_VISIBLE_DEVICES: [0]
[I 2023-11-30 05:23:40,199] Trial 145 finished with value: 33.163211822509766 and parameters: {'gradient_clip_val': 0.5471176623551943, 'hidden_size': 46, 'dropout': 0.12824641408362408, 'hidden_continuous_size': 18, 'attention_head_size': 4, 'learning_rate': 0.009509906322836218}. Best is trial 78 with value: 28.76570701599121.
LOCAL_RANK: 0 - CUDA_VISIBLE_DEVICES: [0]
[I 2023-11-30 05:23:53,041] Trial 146 finished with value: 37.242427825927734 and parameters: {'gradient_clip_val': 0.6386515071949472, 'hidden_size': 53, 'dropout': 0.12439288341680795, 'hidden_continuous_size': 21, 'attention_head_size': 4, 'learning_rate': 0.011886218129534354}. Best is trial 78 with value: 28.76570701599121.
LOCAL_RANK: 0 - CUDA_VISIBLE_DEVICES: [0]
[I 2023-11-30 05:24:06,214] Trial 147 finished with value: 30.118492126464844 and parameters: {'gradient_clip_val': 0.5858606336485567, 'hidden_size': 61, 'dropout': 0.11566379457626379, 'hidden_continuous_size': 22, 'attention_head_size': 4, 'learning_rate': 0.011013731532094784}. Best is trial 78 with value: 28.76570701599121.
LOCAL_RANK: 0 - CUDA_VISIBLE_DEVICES: [0]
[I 2023-11-30 05:24:19,384] Trial 148 finished with value: 34.43489074707031 and parameters: {'gradient_clip_val': 0.5922060649066822, 'hidden_size': 62, 'dropout': 0.11578356120473178, 'hidden_continuous_size': 22, 'attention_head_size': 4, 'learning_rate': 0.01279689071242479}. Best is trial 78 with value: 28.76570701599121.
LOCAL_RANK: 0 - CUDA_VISIBLE_DEVICES: [0]
[I 2023-11-30 05:24:32,470] Trial 149 finished with value: 43.850643157958984 and parameters: {'gradient_clip_val': 0.6719526906254871, 'hidden_size': 68, 'dropout': 0.282900494453226, 'hidden_continuous_size': 20, 'attention_head_size': 4, 'learning_rate': 0.008275070123765322}. Best is trial 78 with value: 28.76570701599121.
[I 2023-11-30 05:24:32,579] A new study created in memory with name: no-name-200725d9-3e4b-4949-bf11-7f0dd67d95ed
/home/le004/conda/anaconda3/envs/tsff_env/lib/python3.9/site-packages/lightning/fabric/plugins/environments/slurm.py:191: The `srun` command is available on your system but is not used. HINT: If your intention is to run Lightning on SLURM, prepend your python command with `srun` like so: srun python /home/le004/master_thesis/git/TSFusionForecast/code/ ...
LOCAL_RANK: 0 - CUDA_VISIBLE_DEVICES: [0]
[I 2023-11-30 05:24:42,459] Trial 0 finished with value: 57.773284912109375 and parameters: {'gradient_clip_val': 0.27521062209377795, 'hidden_size': 16, 'dropout': 0.21420108076172156, 'hidden_continuous_size': 16, 'attention_head_size': 1, 'learning_rate': 0.007847047993472295}. Best is trial 0 with value: 57.773284912109375.
LOCAL_RANK: 0 - CUDA_VISIBLE_DEVICES: [0]
[I 2023-11-30 05:24:54,966] Trial 1 finished with value: 38.95429611206055 and parameters: {'gradient_clip_val': 0.24761080958394358, 'hidden_size': 37, 'dropout': 0.29049928289166216, 'hidden_continuous_size': 36, 'attention_head_size': 1, 'learning_rate': 0.02597049811105796}. Best is trial 1 with value: 38.95429611206055.
LOCAL_RANK: 0 - CUDA_VISIBLE_DEVICES: [0]
[I 2023-11-30 05:25:08,297] Trial 2 finished with value: 49.007843017578125 and parameters: {'gradient_clip_val': 0.920483400480478, 'hidden_size': 79, 'dropout': 0.35117007739570405, 'hidden_continuous_size': 15, 'attention_head_size': 3, 'learning_rate': 0.0019832439605240006}. Best is trial 1 with value: 38.95429611206055.
LOCAL_RANK: 0 - CUDA_VISIBLE_DEVICES: [0]
[I 2023-11-30 05:25:18,229] Trial 3 finished with value: 114.37140655517578 and parameters: {'gradient_clip_val': 0.5344161381997726, 'hidden_size': 10, 'dropout': 0.36061076417884663, 'hidden_continuous_size': 10, 'attention_head_size': 3, 'learning_rate': 0.0018114297125900673}. Best is trial 1 with value: 38.95429611206055.
LOCAL_RANK: 0 - CUDA_VISIBLE_DEVICES: [0]
[I 2023-11-30 05:25:30,050] Trial 4 finished with value: 45.20634841918945 and parameters: {'gradient_clip_val': 0.7999926978295815, 'hidden_size': 32, 'dropout': 0.253877858932425, 'hidden_continuous_size': 14, 'attention_head_size': 2, 'learning_rate': 0.003856137048768212}. Best is trial 1 with value: 38.95429611206055.
LOCAL_RANK: 0 - CUDA_VISIBLE_DEVICES: [0]
[I 2023-11-30 05:25:43,344] Trial 5 finished with value: 38.59718704223633 and parameters: {'gradient_clip_val': 0.24151848261484346, 'hidden_size': 68, 'dropout': 0.2777919251536472, 'hidden_continuous_size': 61, 'attention_head_size': 4, 'learning_rate': 0.007204024342437187}. Best is trial 5 with value: 38.59718704223633.
LOCAL_RANK: 0 - CUDA_VISIBLE_DEVICES: [0]
[I 2023-11-30 05:25:55,519] Trial 6 finished with value: 47.90495681762695 and parameters: {'gradient_clip_val': 0.761361492379291, 'hidden_size': 23, 'dropout': 0.1753788699134819, 'hidden_continuous_size': 18, 'attention_head_size': 3, 'learning_rate': 0.005716006729368001}. Best is trial 5 with value: 38.59718704223633.
LOCAL_RANK: 0 - CUDA_VISIBLE_DEVICES: [0]
[I 2023-11-30 05:26:07,421] Trial 7 finished with value: 40.53359603881836 and parameters: {'gradient_clip_val': 0.34793322008780114, 'hidden_size': 21, 'dropout': 0.23286987319773014, 'hidden_continuous_size': 11, 'attention_head_size': 2, 'learning_rate': 0.09766718856270255}. Best is trial 5 with value: 38.59718704223633.
LOCAL_RANK: 0 - CUDA_VISIBLE_DEVICES: [0]
[I 2023-11-30 05:26:19,270] Trial 8 finished with value: 47.64077377319336 and parameters: {'gradient_clip_val': 0.26387837370187056, 'hidden_size': 23, 'dropout': 0.10305168988547059, 'hidden_continuous_size': 21, 'attention_head_size': 1, 'learning_rate': 0.06328017134219549}. Best is trial 5 with value: 38.59718704223633.
LOCAL_RANK: 0 - CUDA_VISIBLE_DEVICES: [0]
[I 2023-11-30 05:26:32,247] Trial 9 finished with value: 64.34362030029297 and parameters: {'gradient_clip_val': 0.5231740052510241, 'hidden_size': 60, 'dropout': 0.24409384636311296, 'hidden_continuous_size': 23, 'attention_head_size': 3, 'learning_rate': 0.001503639266281173}. Best is trial 5 with value: 38.59718704223633.
LOCAL_RANK: 0 - CUDA_VISIBLE_DEVICES: [0]
[I 2023-11-30 05:26:46,493] Trial 10 finished with value: 38.4764289855957 and parameters: {'gradient_clip_val': 0.11602598350802595, 'hidden_size': 129, 'dropout': 0.39091745622522955, 'hidden_continuous_size': 81, 'attention_head_size': 4, 'learning_rate': 0.01355553276821538}. Best is trial 10 with value: 38.4764289855957.
LOCAL_RANK: 0 - CUDA_VISIBLE_DEVICES: [0]
[I 2023-11-30 05:27:00,831] Trial 11 finished with value: 40.226985931396484 and parameters: {'gradient_clip_val': 0.11431837553397094, 'hidden_size': 125, 'dropout': 0.3971196284284403, 'hidden_continuous_size': 78, 'attention_head_size': 4, 'learning_rate': 0.015448925897103618}. Best is trial 10 with value: 38.4764289855957.
LOCAL_RANK: 0 - CUDA_VISIBLE_DEVICES: [0]
[I 2023-11-30 05:27:14,995] Trial 12 finished with value: 49.84701919555664 and parameters: {'gradient_clip_val': 0.10763175073830962, 'hidden_size': 111, 'dropout': 0.3070378964198955, 'hidden_continuous_size': 90, 'attention_head_size': 4, 'learning_rate': 0.015058285051528767}. Best is trial 10 with value: 38.4764289855957.
LOCAL_RANK: 0 - CUDA_VISIBLE_DEVICES: [0]
[I 2023-11-30 05:27:29,875] Trial 13 finished with value: 37.615169525146484 and parameters: {'gradient_clip_val': 0.15837619117786567, 'hidden_size': 149, 'dropout': 0.39817189754467647, 'hidden_continuous_size': 145, 'attention_head_size': 4, 'learning_rate': 0.004530513592068466}. Best is trial 13 with value: 37.615169525146484.
LOCAL_RANK: 0 - CUDA_VISIBLE_DEVICES: [0]
[I 2023-11-30 05:27:44,653] Trial 14 finished with value: 43.400909423828125 and parameters: {'gradient_clip_val': 0.14671258056527245, 'hidden_size': 148, 'dropout': 0.39965622014547025, 'hidden_continuous_size': 145, 'attention_head_size': 4, 'learning_rate': 0.0033536058166381247}. Best is trial 13 with value: 37.615169525146484.
LOCAL_RANK: 0 - CUDA_VISIBLE_DEVICES: [0]
