[I 2023-11-30 04:24:42,246] Trial 28 finished with value: 193.6277313232422 and parameters: {'gradient_clip_val': 0.12905197335611177, 'hidden_size': 48, 'dropout': 0.35955970713165575, 'hidden_continuous_size': 16, 'attention_head_size': 2, 'learning_rate': 0.05117680514451863}. Best is trial 3 with value: 165.63755798339844.
LOCAL_RANK: 0 - CUDA_VISIBLE_DEVICES: [0]
[I 2023-11-30 04:24:54,629] Trial 29 finished with value: 214.88059997558594 and parameters: {'gradient_clip_val': 0.12319422735186263, 'hidden_size': 48, 'dropout': 0.3651336638560386, 'hidden_continuous_size': 14, 'attention_head_size': 1, 'learning_rate': 0.0527503230144894}. Best is trial 3 with value: 165.63755798339844.
LOCAL_RANK: 0 - CUDA_VISIBLE_DEVICES: [0]
[I 2023-11-30 04:25:07,979] Trial 30 finished with value: 250.4259490966797 and parameters: {'gradient_clip_val': 0.13600114894315155, 'hidden_size': 64, 'dropout': 0.36401190346023843, 'hidden_continuous_size': 22, 'attention_head_size': 2, 'learning_rate': 0.045292099355637265}. Best is trial 3 with value: 165.63755798339844.
LOCAL_RANK: 0 - CUDA_VISIBLE_DEVICES: [0]
[I 2023-11-30 04:25:21,270] Trial 31 finished with value: 252.94114685058594 and parameters: {'gradient_clip_val': 0.17752058896190856, 'hidden_size': 71, 'dropout': 0.3216127530583435, 'hidden_continuous_size': 16, 'attention_head_size': 2, 'learning_rate': 0.07780534407350816}. Best is trial 3 with value: 165.63755798339844.
LOCAL_RANK: 0 - CUDA_VISIBLE_DEVICES: [0]
[I 2023-11-30 04:25:34,382] Trial 32 finished with value: 198.2188720703125 and parameters: {'gradient_clip_val': 0.14697548148915615, 'hidden_size': 55, 'dropout': 0.33789467283794006, 'hidden_continuous_size': 16, 'attention_head_size': 2, 'learning_rate': 0.07335037262201186}. Best is trial 3 with value: 165.63755798339844.
LOCAL_RANK: 0 - CUDA_VISIBLE_DEVICES: [0]
[I 2023-11-30 04:25:47,213] Trial 33 finished with value: 198.1517791748047 and parameters: {'gradient_clip_val': 0.14492028305082555, 'hidden_size': 49, 'dropout': 0.34198039350803666, 'hidden_continuous_size': 20, 'attention_head_size': 1, 'learning_rate': 0.06495910467207434}. Best is trial 3 with value: 165.63755798339844.
LOCAL_RANK: 0 - CUDA_VISIBLE_DEVICES: [0]
[I 2023-11-30 04:26:00,185] Trial 34 finished with value: 226.49957275390625 and parameters: {'gradient_clip_val': 0.15143328444346313, 'hidden_size': 58, 'dropout': 0.3720307763319253, 'hidden_continuous_size': 19, 'attention_head_size': 1, 'learning_rate': 0.057768383245492695}. Best is trial 3 with value: 165.63755798339844.
LOCAL_RANK: 0 - CUDA_VISIBLE_DEVICES: [0]
[I 2023-11-30 04:26:13,133] Trial 35 finished with value: 238.4619903564453 and parameters: {'gradient_clip_val': 0.11626423099873309, 'hidden_size': 46, 'dropout': 0.34491880310781736, 'hidden_continuous_size': 17, 'attention_head_size': 1, 'learning_rate': 0.06610996286645107}. Best is trial 3 with value: 165.63755798339844.
LOCAL_RANK: 0 - CUDA_VISIBLE_DEVICES: [0]
[I 2023-11-30 04:26:25,506] Trial 36 finished with value: 198.27691650390625 and parameters: {'gradient_clip_val': 0.10348439993335046, 'hidden_size': 30, 'dropout': 0.33991635325895564, 'hidden_continuous_size': 15, 'attention_head_size': 1, 'learning_rate': 0.03282156160153191}. Best is trial 3 with value: 165.63755798339844.
LOCAL_RANK: 0 - CUDA_VISIBLE_DEVICES: [0]
[I 2023-11-30 04:26:37,915] Trial 37 finished with value: 198.02793884277344 and parameters: {'gradient_clip_val': 0.14172077424655022, 'hidden_size': 32, 'dropout': 0.3777901890843136, 'hidden_continuous_size': 20, 'attention_head_size': 2, 'learning_rate': 0.0777710925137074}. Best is trial 3 with value: 165.63755798339844.
LOCAL_RANK: 0 - CUDA_VISIBLE_DEVICES: [0]
[I 2023-11-30 04:26:50,630] Trial 38 finished with value: 193.7912139892578 and parameters: {'gradient_clip_val': 0.11738225730427672, 'hidden_size': 35, 'dropout': 0.37666354232422483, 'hidden_continuous_size': 21, 'attention_head_size': 1, 'learning_rate': 0.05316902571337243}. Best is trial 3 with value: 165.63755798339844.
LOCAL_RANK: 0 - CUDA_VISIBLE_DEVICES: [0]
[I 2023-11-30 04:27:03,270] Trial 39 finished with value: 207.6101531982422 and parameters: {'gradient_clip_val': 0.11911289770998947, 'hidden_size': 31, 'dropout': 0.39973936412703537, 'hidden_continuous_size': 20, 'attention_head_size': 2, 'learning_rate': 0.04685763758528185}. Best is trial 3 with value: 165.63755798339844.
LOCAL_RANK: 0 - CUDA_VISIBLE_DEVICES: [0]
[I 2023-11-30 04:27:15,897] Trial 40 finished with value: 203.0845947265625 and parameters: {'gradient_clip_val': 0.1784448053536873, 'hidden_size': 35, 'dropout': 0.3774679164788411, 'hidden_continuous_size': 18, 'attention_head_size': 1, 'learning_rate': 0.02661062054083088}. Best is trial 3 with value: 165.63755798339844.
LOCAL_RANK: 0 - CUDA_VISIBLE_DEVICES: [0]
[I 2023-11-30 04:27:28,148] Trial 41 finished with value: 216.15142822265625 and parameters: {'gradient_clip_val': 0.14109856903642984, 'hidden_size': 25, 'dropout': 0.3557587801105253, 'hidden_continuous_size': 17, 'attention_head_size': 1, 'learning_rate': 0.058290953634786216}. Best is trial 3 with value: 165.63755798339844.
LOCAL_RANK: 0 - CUDA_VISIBLE_DEVICES: [0]
[I 2023-11-30 04:27:40,295] Trial 42 finished with value: 228.0731658935547 and parameters: {'gradient_clip_val': 0.1229795666853163, 'hidden_size': 32, 'dropout': 0.37912760603436896, 'hidden_continuous_size': 20, 'attention_head_size': 1, 'learning_rate': 0.07904655013899467}. Best is trial 3 with value: 165.63755798339844.
LOCAL_RANK: 0 - CUDA_VISIBLE_DEVICES: [0]
[I 2023-11-30 04:27:52,585] Trial 43 finished with value: 186.1387939453125 and parameters: {'gradient_clip_val': 0.1113971395146415, 'hidden_size': 27, 'dropout': 0.3579203114761534, 'hidden_continuous_size': 17, 'attention_head_size': 1, 'learning_rate': 0.05743113161945308}. Best is trial 3 with value: 165.63755798339844.
LOCAL_RANK: 0 - CUDA_VISIBLE_DEVICES: [0]
[I 2023-11-30 04:28:05,079] Trial 44 finished with value: 186.4845428466797 and parameters: {'gradient_clip_val': 0.11087848281536372, 'hidden_size': 26, 'dropout': 0.3568769691905294, 'hidden_continuous_size': 17, 'attention_head_size': 2, 'learning_rate': 0.03912474149825206}. Best is trial 3 with value: 165.63755798339844.
LOCAL_RANK: 0 - CUDA_VISIBLE_DEVICES: [0]
[I 2023-11-30 04:28:17,393] Trial 45 finished with value: 195.23951721191406 and parameters: {'gradient_clip_val': 0.1004511862660768, 'hidden_size': 26, 'dropout': 0.3559711094341871, 'hidden_continuous_size': 15, 'attention_head_size': 2, 'learning_rate': 0.04149850334306217}. Best is trial 3 with value: 165.63755798339844.
LOCAL_RANK: 0 - CUDA_VISIBLE_DEVICES: [0]
[I 2023-11-30 04:28:29,547] Trial 46 finished with value: 184.0518798828125 and parameters: {'gradient_clip_val': 0.11190884619277593, 'hidden_size': 22, 'dropout': 0.3578304404623735, 'hidden_continuous_size': 17, 'attention_head_size': 1, 'learning_rate': 0.03148645960679856}. Best is trial 3 with value: 165.63755798339844.
LOCAL_RANK: 0 - CUDA_VISIBLE_DEVICES: [0]
[I 2023-11-30 04:28:41,521] Trial 47 finished with value: 259.9891357421875 and parameters: {'gradient_clip_val': 0.10987063166417087, 'hidden_size': 24, 'dropout': 0.3542216811548432, 'hidden_continuous_size': 14, 'attention_head_size': 2, 'learning_rate': 0.030634115570195814}. Best is trial 3 with value: 165.63755798339844.
LOCAL_RANK: 0 - CUDA_VISIBLE_DEVICES: [0]
[I 2023-11-30 04:28:53,713] Trial 48 finished with value: 197.562255859375 and parameters: {'gradient_clip_val': 0.11234643183338244, 'hidden_size': 23, 'dropout': 0.38673040435468653, 'hidden_continuous_size': 13, 'attention_head_size': 1, 'learning_rate': 0.022464251454911762}. Best is trial 3 with value: 165.63755798339844.
LOCAL_RANK: 0 - CUDA_VISIBLE_DEVICES: [0]
[I 2023-11-30 04:29:05,940] Trial 49 finished with value: 223.43739318847656 and parameters: {'gradient_clip_val': 0.1275661188214084, 'hidden_size': 27, 'dropout': 0.36529509988428077, 'hidden_continuous_size': 17, 'attention_head_size': 2, 'learning_rate': 0.0367830524077342}. Best is trial 3 with value: 165.63755798339844.
LOCAL_RANK: 0 - CUDA_VISIBLE_DEVICES: [0]
[I 2023-11-30 04:29:17,869] Trial 50 finished with value: 239.1894989013672 and parameters: {'gradient_clip_val': 0.16416407067710548, 'hidden_size': 16, 'dropout': 0.34847395952601873, 'hidden_continuous_size': 11, 'attention_head_size': 1, 'learning_rate': 0.02845382751567717}. Best is trial 3 with value: 165.63755798339844.
LOCAL_RANK: 0 - CUDA_VISIBLE_DEVICES: [0]
[I 2023-11-30 04:29:29,986] Trial 51 finished with value: 208.0185546875 and parameters: {'gradient_clip_val': 0.1112865825890299, 'hidden_size': 28, 'dropout': 0.3870567730821671, 'hidden_continuous_size': 17, 'attention_head_size': 1, 'learning_rate': 0.05224387170867898}. Best is trial 3 with value: 165.63755798339844.
LOCAL_RANK: 0 - CUDA_VISIBLE_DEVICES: [0]
[I 2023-11-30 04:29:42,102] Trial 52 finished with value: 180.5719757080078 and parameters: {'gradient_clip_val': 0.1297273701876823, 'hidden_size': 21, 'dropout': 0.3647363827623038, 'hidden_continuous_size': 15, 'attention_head_size': 1, 'learning_rate': 0.03792073461507219}. Best is trial 3 with value: 165.63755798339844.
LOCAL_RANK: 0 - CUDA_VISIBLE_DEVICES: [0]
[I 2023-11-30 04:29:54,116] Trial 53 finished with value: 207.6831512451172 and parameters: {'gradient_clip_val': 0.10057921382433749, 'hidden_size': 22, 'dropout': 0.36342696620205717, 'hidden_continuous_size': 15, 'attention_head_size': 1, 'learning_rate': 0.0347752305096275}. Best is trial 3 with value: 165.63755798339844.
LOCAL_RANK: 0 - CUDA_VISIBLE_DEVICES: [0]
[I 2023-11-30 04:30:06,170] Trial 54 finished with value: 214.91493225097656 and parameters: {'gradient_clip_val': 0.13216427194202882, 'hidden_size': 21, 'dropout': 0.3080994271039822, 'hidden_continuous_size': 13, 'attention_head_size': 2, 'learning_rate': 0.03984238484443785}. Best is trial 3 with value: 165.63755798339844.
LOCAL_RANK: 0 - CUDA_VISIBLE_DEVICES: [0]
[I 2023-11-30 04:30:18,466] Trial 55 finished with value: 323.8239440917969 and parameters: {'gradient_clip_val': 0.15858897729086988, 'hidden_size': 19, 'dropout': 0.3318701601454702, 'hidden_continuous_size': 15, 'attention_head_size': 1, 'learning_rate': 0.021490581417231622}. Best is trial 3 with value: 165.63755798339844.
LOCAL_RANK: 0 - CUDA_VISIBLE_DEVICES: [0]
[I 2023-11-30 04:30:30,703] Trial 56 finished with value: 229.37806701660156 and parameters: {'gradient_clip_val': 0.12749230012911525, 'hidden_size': 26, 'dropout': 0.34884958560920476, 'hidden_continuous_size': 17, 'attention_head_size': 1, 'learning_rate': 0.028844637221220503}. Best is trial 3 with value: 165.63755798339844.
LOCAL_RANK: 0 - CUDA_VISIBLE_DEVICES: [0]
[I 2023-11-30 04:30:42,885] Trial 57 finished with value: 243.8660125732422 and parameters: {'gradient_clip_val': 0.13487674915802286, 'hidden_size': 17, 'dropout': 0.39538526139097363, 'hidden_continuous_size': 12, 'attention_head_size': 2, 'learning_rate': 0.013504825239521442}. Best is trial 3 with value: 165.63755798339844.
LOCAL_RANK: 0 - CUDA_VISIBLE_DEVICES: [0]
[I 2023-11-30 04:30:54,994] Trial 58 finished with value: 302.7400817871094 and parameters: {'gradient_clip_val': 0.10556434732501682, 'hidden_size': 20, 'dropout': 0.3120417797204524, 'hidden_continuous_size': 16, 'attention_head_size': 2, 'learning_rate': 0.04488645641767853}. Best is trial 3 with value: 165.63755798339844.
LOCAL_RANK: 0 - CUDA_VISIBLE_DEVICES: [0]
[I 2023-11-30 04:31:07,180] Trial 59 finished with value: 229.06658935546875 and parameters: {'gradient_clip_val': 0.11718300987538612, 'hidden_size': 23, 'dropout': 0.33478816422055324, 'hidden_continuous_size': 18, 'attention_head_size': 1, 'learning_rate': 0.03672236336784331}. Best is trial 3 with value: 165.63755798339844.
LOCAL_RANK: 0 - CUDA_VISIBLE_DEVICES: [0]
[I 2023-11-30 04:31:19,863] Trial 60 finished with value: 207.5789794921875 and parameters: {'gradient_clip_val': 0.15447245856820055, 'hidden_size': 29, 'dropout': 0.3693959071910723, 'hidden_continuous_size': 19, 'attention_head_size': 2, 'learning_rate': 0.02489008655467275}. Best is trial 3 with value: 165.63755798339844.
LOCAL_RANK: 0 - CUDA_VISIBLE_DEVICES: [0]
[I 2023-11-30 04:31:32,309] Trial 61 finished with value: 246.33689880371094 and parameters: {'gradient_clip_val': 0.11554729769192032, 'hidden_size': 36, 'dropout': 0.3827121646775234, 'hidden_continuous_size': 18, 'attention_head_size': 1, 'learning_rate': 0.053176840829983515}. Best is trial 3 with value: 165.63755798339844.
LOCAL_RANK: 0 - CUDA_VISIBLE_DEVICES: [0]
[I 2023-11-30 04:31:44,266] Trial 62 finished with value: 223.37977600097656 and parameters: {'gradient_clip_val': 0.12237487594680632, 'hidden_size': 24, 'dropout': 0.3568524225627466, 'hidden_continuous_size': 16, 'attention_head_size': 1, 'learning_rate': 0.032099333683766516}. Best is trial 3 with value: 165.63755798339844.
LOCAL_RANK: 0 - CUDA_VISIBLE_DEVICES: [0]
[I 2023-11-30 04:31:56,831] Trial 63 finished with value: 216.0814666748047 and parameters: {'gradient_clip_val': 0.10669934433497212, 'hidden_size': 35, 'dropout': 0.3753733921415357, 'hidden_continuous_size': 19, 'attention_head_size': 1, 'learning_rate': 0.04991553653217978}. Best is trial 3 with value: 165.63755798339844.
LOCAL_RANK: 0 - CUDA_VISIBLE_DEVICES: [0]
[I 2023-11-30 04:32:09,041] Trial 64 finished with value: 211.1294708251953 and parameters: {'gradient_clip_val': 0.13688124539749721, 'hidden_size': 21, 'dropout': 0.3879428340743925, 'hidden_continuous_size': 17, 'attention_head_size': 1, 'learning_rate': 0.06080444544111541}. Best is trial 3 with value: 165.63755798339844.
LOCAL_RANK: 0 - CUDA_VISIBLE_DEVICES: [0]
[I 2023-11-30 04:32:21,927] Trial 65 finished with value: 207.85694885253906 and parameters: {'gradient_clip_val': 0.12557058033004254, 'hidden_size': 41, 'dropout': 0.3605857375606309, 'hidden_continuous_size': 21, 'attention_head_size': 1, 'learning_rate': 0.04202709175971479}. Best is trial 3 with value: 165.63755798339844.
LOCAL_RANK: 0 - CUDA_VISIBLE_DEVICES: [0]
[I 2023-11-30 04:32:34,287] Trial 66 finished with value: 203.5448760986328 and parameters: {'gradient_clip_val': 0.11074684762653615, 'hidden_size': 27, 'dropout': 0.34725404654606473, 'hidden_continuous_size': 15, 'attention_head_size': 2, 'learning_rate': 0.03707853440910984}. Best is trial 3 with value: 165.63755798339844.
LOCAL_RANK: 0 - CUDA_VISIBLE_DEVICES: [0]
[I 2023-11-30 04:32:46,587] Trial 67 finished with value: 247.19264221191406 and parameters: {'gradient_clip_val': 0.17362003606506243, 'hidden_size': 29, 'dropout': 0.3726029477525482, 'hidden_continuous_size': 18, 'attention_head_size': 2, 'learning_rate': 0.047337488478211724}. Best is trial 3 with value: 165.63755798339844.
LOCAL_RANK: 0 - CUDA_VISIBLE_DEVICES: [0]
[I 2023-11-30 04:32:58,805] Trial 68 finished with value: 238.5222930908203 and parameters: {'gradient_clip_val': 0.15140930341727987, 'hidden_size': 25, 'dropout': 0.3264684723384383, 'hidden_continuous_size': 16, 'attention_head_size': 1, 'learning_rate': 0.05560664536120083}. Best is trial 3 with value: 165.63755798339844.
LOCAL_RANK: 0 - CUDA_VISIBLE_DEVICES: [0]
[I 2023-11-30 04:33:11,435] Trial 69 finished with value: 216.6699676513672 and parameters: {'gradient_clip_val': 0.1184339693394819, 'hidden_size': 33, 'dropout': 0.3384092274918088, 'hidden_continuous_size': 23, 'attention_head_size': 1, 'learning_rate': 0.0670947802819502}. Best is trial 3 with value: 165.63755798339844.
LOCAL_RANK: 0 - CUDA_VISIBLE_DEVICES: [0]
[I 2023-11-30 04:33:23,936] Trial 70 finished with value: 211.5650177001953 and parameters: {'gradient_clip_val': 0.10027371508108673, 'hidden_size': 22, 'dropout': 0.37063699845780407, 'hidden_continuous_size': 16, 'attention_head_size': 2, 'learning_rate': 0.08529243312434552}. Best is trial 3 with value: 165.63755798339844.
LOCAL_RANK: 0 - CUDA_VISIBLE_DEVICES: [0]
[I 2023-11-30 04:33:36,325] Trial 71 finished with value: 226.7333984375 and parameters: {'gradient_clip_val': 0.10133532314385033, 'hidden_size': 26, 'dropout': 0.3559926006381044, 'hidden_continuous_size': 15, 'attention_head_size': 2, 'learning_rate': 0.04154444680654093}. Best is trial 3 with value: 165.63755798339844.
LOCAL_RANK: 0 - CUDA_VISIBLE_DEVICES: [0]
[I 2023-11-30 04:33:48,562] Trial 72 finished with value: 210.3981475830078 and parameters: {'gradient_clip_val': 0.10849403927721217, 'hidden_size': 29, 'dropout': 0.3605237783214515, 'hidden_continuous_size': 14, 'attention_head_size': 2, 'learning_rate': 0.03245733001928722}. Best is trial 3 with value: 165.63755798339844.
LOCAL_RANK: 0 - CUDA_VISIBLE_DEVICES: [0]
[I 2023-11-30 04:34:00,800] Trial 73 finished with value: 210.47496032714844 and parameters: {'gradient_clip_val': 0.13006385814146254, 'hidden_size': 27, 'dropout': 0.344611567851669, 'hidden_continuous_size': 15, 'attention_head_size': 3, 'learning_rate': 0.03998362842182615}. Best is trial 3 with value: 165.63755798339844.
LOCAL_RANK: 0 - CUDA_VISIBLE_DEVICES: [0]
[I 2023-11-30 04:34:13,009] Trial 74 finished with value: 188.1177215576172 and parameters: {'gradient_clip_val': 0.14221183780560223, 'hidden_size': 19, 'dropout': 0.38224523073424665, 'hidden_continuous_size': 16, 'attention_head_size': 2, 'learning_rate': 0.04374368221421149}. Best is trial 3 with value: 165.63755798339844.
LOCAL_RANK: 0 - CUDA_VISIBLE_DEVICES: [0]
[I 2023-11-30 04:34:25,318] Trial 75 finished with value: 203.8356170654297 and parameters: {'gradient_clip_val': 0.14297042360551673, 'hidden_size': 19, 'dropout': 0.3992050201045769, 'hidden_continuous_size': 17, 'attention_head_size': 2, 'learning_rate': 0.07018152446165554}. Best is trial 3 with value: 165.63755798339844.
LOCAL_RANK: 0 - CUDA_VISIBLE_DEVICES: [0]
[I 2023-11-30 04:34:37,517] Trial 76 finished with value: 187.3300018310547 and parameters: {'gradient_clip_val': 0.13690993218686315, 'hidden_size': 17, 'dropout': 0.39288067784778247, 'hidden_continuous_size': 16, 'attention_head_size': 2, 'learning_rate': 0.06004167582697837}. Best is trial 3 with value: 165.63755798339844.
LOCAL_RANK: 0 - CUDA_VISIBLE_DEVICES: [0]
[I 2023-11-30 04:34:49,418] Trial 77 finished with value: 233.798583984375 and parameters: {'gradient_clip_val': 0.16186669639915097, 'hidden_size': 16, 'dropout': 0.3910209276492524, 'hidden_continuous_size': 11, 'attention_head_size': 2, 'learning_rate': 0.058301735141615074}. Best is trial 3 with value: 165.63755798339844.
LOCAL_RANK: 0 - CUDA_VISIBLE_DEVICES: [0]
[I 2023-11-30 04:35:01,568] Trial 78 finished with value: 252.1804962158203 and parameters: {'gradient_clip_val': 0.13763409591172251, 'hidden_size': 14, 'dropout': 0.3831445380079195, 'hidden_continuous_size': 11, 'attention_head_size': 2, 'learning_rate': 0.04687935747288712}. Best is trial 3 with value: 165.63755798339844.
LOCAL_RANK: 0 - CUDA_VISIBLE_DEVICES: [0]
[I 2023-11-30 04:35:13,627] Trial 79 finished with value: 224.0207977294922 and parameters: {'gradient_clip_val': 0.1981546133558471, 'hidden_size': 20, 'dropout': 0.3819828363599521, 'hidden_continuous_size': 16, 'attention_head_size': 2, 'learning_rate': 0.08532647261895461}. Best is trial 3 with value: 165.63755798339844.
LOCAL_RANK: 0 - CUDA_VISIBLE_DEVICES: [0]
[I 2023-11-30 04:35:26,073] Trial 80 finished with value: 205.6374053955078 and parameters: {'gradient_clip_val': 0.14542978985220123, 'hidden_size': 18, 'dropout': 0.36931349099619726, 'hidden_continuous_size': 14, 'attention_head_size': 3, 'learning_rate': 0.06365828125479382}. Best is trial 3 with value: 165.63755798339844.
LOCAL_RANK: 0 - CUDA_VISIBLE_DEVICES: [0]
[I 2023-11-30 04:35:38,186] Trial 81 finished with value: 208.630615234375 and parameters: {'gradient_clip_val': 0.11779676704813838, 'hidden_size': 24, 'dropout': 0.37628090959866406, 'hidden_continuous_size': 17, 'attention_head_size': 2, 'learning_rate': 0.04969197762040276}. Best is trial 3 with value: 165.63755798339844.
LOCAL_RANK: 0 - CUDA_VISIBLE_DEVICES: [0]
[I 2023-11-30 04:35:50,623] Trial 82 finished with value: 205.9451446533203 and parameters: {'gradient_clip_val': 0.12521729021917236, 'hidden_size': 31, 'dropout': 0.3922474507225452, 'hidden_continuous_size': 18, 'attention_head_size': 1, 'learning_rate': 0.05524217681556825}. Best is trial 3 with value: 165.63755798339844.
LOCAL_RANK: 0 - CUDA_VISIBLE_DEVICES: [0]
[I 2023-11-30 04:36:02,902] Trial 83 finished with value: 195.3424530029297 and parameters: {'gradient_clip_val': 0.1125968310827832, 'hidden_size': 23, 'dropout': 0.3635161499699043, 'hidden_continuous_size': 16, 'attention_head_size': 2, 'learning_rate': 0.034930550270703346}. Best is trial 3 with value: 165.63755798339844.
LOCAL_RANK: 0 - CUDA_VISIBLE_DEVICES: [0]
[I 2023-11-30 04:36:14,862] Trial 84 finished with value: 238.2658233642578 and parameters: {'gradient_clip_val': 0.13228879032361066, 'hidden_size': 20, 'dropout': 0.35154219449472, 'hidden_continuous_size': 17, 'attention_head_size': 1, 'learning_rate': 0.07244460789016183}. Best is trial 3 with value: 165.63755798339844.
LOCAL_RANK: 0 - CUDA_VISIBLE_DEVICES: [0]
[I 2023-11-30 04:36:27,359] Trial 85 finished with value: 195.6220703125 and parameters: {'gradient_clip_val': 0.1220519969434431, 'hidden_size': 22, 'dropout': 0.36866632008402084, 'hidden_continuous_size': 16, 'attention_head_size': 2, 'learning_rate': 0.044112822818710755}. Best is trial 3 with value: 165.63755798339844.
LOCAL_RANK: 0 - CUDA_VISIBLE_DEVICES: [0]
[I 2023-11-30 04:36:40,106] Trial 86 finished with value: 245.3624725341797 and parameters: {'gradient_clip_val': 0.10700223757152032, 'hidden_size': 39, 'dropout': 0.3826003278983323, 'hidden_continuous_size': 27, 'attention_head_size': 2, 'learning_rate': 0.028539556347366796}. Best is trial 3 with value: 165.63755798339844.
LOCAL_RANK: 0 - CUDA_VISIBLE_DEVICES: [0]
