[I 2023-11-30 00:51:47,464] Trial 85 finished with value: 156.9654083251953 and parameters: {'gradient_clip_val': 0.12139300721852601, 'hidden_size': 20, 'dropout': 0.21333555419776518, 'hidden_continuous_size': 12, 'attention_head_size': 4, 'learning_rate': 0.041786254466042}. Best is trial 33 with value: 115.2528305053711.
LOCAL_RANK: 0 - CUDA_VISIBLE_DEVICES: [0]
[I 2023-11-30 00:51:59,912] Trial 86 finished with value: 128.8960418701172 and parameters: {'gradient_clip_val': 0.10627066622644596, 'hidden_size': 15, 'dropout': 0.2509640770179149, 'hidden_continuous_size': 12, 'attention_head_size': 4, 'learning_rate': 0.02950128002429666}. Best is trial 33 with value: 115.2528305053711.
LOCAL_RANK: 0 - CUDA_VISIBLE_DEVICES: [0]
[I 2023-11-30 00:52:12,310] Trial 87 finished with value: 133.53851318359375 and parameters: {'gradient_clip_val': 0.11141049731415577, 'hidden_size': 21, 'dropout': 0.2287227322976384, 'hidden_continuous_size': 13, 'attention_head_size': 4, 'learning_rate': 0.03534430133125878}. Best is trial 33 with value: 115.2528305053711.
LOCAL_RANK: 0 - CUDA_VISIBLE_DEVICES: [0]
[I 2023-11-30 00:52:24,539] Trial 88 finished with value: 132.5892791748047 and parameters: {'gradient_clip_val': 0.12636705651048183, 'hidden_size': 18, 'dropout': 0.23830761163288705, 'hidden_continuous_size': 13, 'attention_head_size': 4, 'learning_rate': 0.026886251155932}. Best is trial 33 with value: 115.2528305053711.
LOCAL_RANK: 0 - CUDA_VISIBLE_DEVICES: [0]
[I 2023-11-30 00:52:36,681] Trial 89 finished with value: 152.55572509765625 and parameters: {'gradient_clip_val': 0.11556181167652319, 'hidden_size': 16, 'dropout': 0.2658504334096313, 'hidden_continuous_size': 12, 'attention_head_size': 4, 'learning_rate': 0.04097504859712326}. Best is trial 33 with value: 115.2528305053711.
LOCAL_RANK: 0 - CUDA_VISIBLE_DEVICES: [0]
[I 2023-11-30 00:52:48,976] Trial 90 finished with value: 141.6455535888672 and parameters: {'gradient_clip_val': 0.1316010923989475, 'hidden_size': 14, 'dropout': 0.2175369679952095, 'hidden_continuous_size': 12, 'attention_head_size': 4, 'learning_rate': 0.031618837649319484}. Best is trial 33 with value: 115.2528305053711.
LOCAL_RANK: 0 - CUDA_VISIBLE_DEVICES: [0]
[I 2023-11-30 00:53:01,488] Trial 91 finished with value: 150.8314666748047 and parameters: {'gradient_clip_val': 0.1412445267682434, 'hidden_size': 17, 'dropout': 0.20648900451383848, 'hidden_continuous_size': 12, 'attention_head_size': 4, 'learning_rate': 0.047631567415897094}. Best is trial 33 with value: 115.2528305053711.
LOCAL_RANK: 0 - CUDA_VISIBLE_DEVICES: [0]
[I 2023-11-30 00:53:13,490] Trial 92 finished with value: 151.3612823486328 and parameters: {'gradient_clip_val': 0.14826031556929675, 'hidden_size': 16, 'dropout': 0.19361661476188954, 'hidden_continuous_size': 12, 'attention_head_size': 4, 'learning_rate': 0.052170194672024786}. Best is trial 33 with value: 115.2528305053711.
LOCAL_RANK: 0 - CUDA_VISIBLE_DEVICES: [0]
[I 2023-11-30 00:53:25,709] Trial 93 finished with value: 128.76185607910156 and parameters: {'gradient_clip_val': 0.10317070594147583, 'hidden_size': 18, 'dropout': 0.2232798656955538, 'hidden_continuous_size': 13, 'attention_head_size': 4, 'learning_rate': 0.045233903255518265}. Best is trial 33 with value: 115.2528305053711.
LOCAL_RANK: 0 - CUDA_VISIBLE_DEVICES: [0]
[I 2023-11-30 00:53:37,963] Trial 94 finished with value: 138.97958374023438 and parameters: {'gradient_clip_val': 0.10565309730431362, 'hidden_size': 18, 'dropout': 0.24264521599428843, 'hidden_continuous_size': 13, 'attention_head_size': 4, 'learning_rate': 0.03646298430209398}. Best is trial 33 with value: 115.2528305053711.
LOCAL_RANK: 0 - CUDA_VISIBLE_DEVICES: [0]
[I 2023-11-30 00:53:50,165] Trial 95 finished with value: 130.20477294921875 and parameters: {'gradient_clip_val': 0.10001987717440444, 'hidden_size': 14, 'dropout': 0.22439530089479615, 'hidden_continuous_size': 13, 'attention_head_size': 4, 'learning_rate': 0.04467456476403693}. Best is trial 33 with value: 115.2528305053711.
LOCAL_RANK: 0 - CUDA_VISIBLE_DEVICES: [0]
[I 2023-11-30 00:54:02,510] Trial 96 finished with value: 138.8388214111328 and parameters: {'gradient_clip_val': 0.12211001253490807, 'hidden_size': 15, 'dropout': 0.2134606130523242, 'hidden_continuous_size': 12, 'attention_head_size': 4, 'learning_rate': 0.03219522268246605}. Best is trial 33 with value: 115.2528305053711.
LOCAL_RANK: 0 - CUDA_VISIBLE_DEVICES: [0]
[I 2023-11-30 00:54:14,915] Trial 97 finished with value: 148.5669708251953 and parameters: {'gradient_clip_val': 0.11402281687279775, 'hidden_size': 19, 'dropout': 0.22936497195076364, 'hidden_continuous_size': 14, 'attention_head_size': 4, 'learning_rate': 0.05695794434125953}. Best is trial 33 with value: 115.2528305053711.
LOCAL_RANK: 0 - CUDA_VISIBLE_DEVICES: [0]
[I 2023-11-30 00:54:27,157] Trial 98 finished with value: 121.9940414428711 and parameters: {'gradient_clip_val': 0.12820154395124594, 'hidden_size': 24, 'dropout': 0.20135273542029908, 'hidden_continuous_size': 16, 'attention_head_size': 4, 'learning_rate': 0.03691757487676742}. Best is trial 33 with value: 115.2528305053711.
LOCAL_RANK: 0 - CUDA_VISIBLE_DEVICES: [0]
[I 2023-11-30 00:54:39,572] Trial 99 finished with value: 147.48696899414062 and parameters: {'gradient_clip_val': 0.13431526813666855, 'hidden_size': 22, 'dropout': 0.20319825334949368, 'hidden_continuous_size': 17, 'attention_head_size': 4, 'learning_rate': 0.025837742045414586}. Best is trial 33 with value: 115.2528305053711.
LOCAL_RANK: 0 - CUDA_VISIBLE_DEVICES: [0]
[I 2023-11-30 00:54:52,062] Trial 100 finished with value: 158.7761688232422 and parameters: {'gradient_clip_val': 0.1269180169987924, 'hidden_size': 26, 'dropout': 0.19520436342669517, 'hidden_continuous_size': 15, 'attention_head_size': 4, 'learning_rate': 0.038539839242499825}. Best is trial 33 with value: 115.2528305053711.
LOCAL_RANK: 0 - CUDA_VISIBLE_DEVICES: [0]
[I 2023-11-30 00:55:04,491] Trial 101 finished with value: 160.68663024902344 and parameters: {'gradient_clip_val': 0.12046249122397173, 'hidden_size': 24, 'dropout': 0.21741615875130885, 'hidden_continuous_size': 21, 'attention_head_size': 4, 'learning_rate': 0.04922147001622758}. Best is trial 33 with value: 115.2528305053711.
LOCAL_RANK: 0 - CUDA_VISIBLE_DEVICES: [0]
[I 2023-11-30 00:55:17,000] Trial 102 finished with value: 145.9498291015625 and parameters: {'gradient_clip_val': 0.10985279255943249, 'hidden_size': 21, 'dropout': 0.22273232020529846, 'hidden_continuous_size': 17, 'attention_head_size': 4, 'learning_rate': 0.04218325888793576}. Best is trial 33 with value: 115.2528305053711.
LOCAL_RANK: 0 - CUDA_VISIBLE_DEVICES: [0]
[I 2023-11-30 00:55:29,111] Trial 103 finished with value: 133.73997497558594 and parameters: {'gradient_clip_val': 0.1388705027251228, 'hidden_size': 16, 'dropout': 0.2101230309162593, 'hidden_continuous_size': 14, 'attention_head_size': 4, 'learning_rate': 0.03587057524087343}. Best is trial 33 with value: 115.2528305053711.
LOCAL_RANK: 0 - CUDA_VISIBLE_DEVICES: [0]
[I 2023-11-30 00:55:41,805] Trial 104 finished with value: 127.1558837890625 and parameters: {'gradient_clip_val': 0.1287930184277697, 'hidden_size': 29, 'dropout': 0.2373818007984152, 'hidden_continuous_size': 21, 'attention_head_size': 4, 'learning_rate': 0.027819210309566956}. Best is trial 33 with value: 115.2528305053711.
LOCAL_RANK: 0 - CUDA_VISIBLE_DEVICES: [0]
[I 2023-11-30 00:55:54,319] Trial 105 finished with value: 177.7478485107422 and parameters: {'gradient_clip_val': 0.12903774764469098, 'hidden_size': 29, 'dropout': 0.24615671684840662, 'hidden_continuous_size': 18, 'attention_head_size': 4, 'learning_rate': 0.03413627306944997}. Best is trial 33 with value: 115.2528305053711.
LOCAL_RANK: 0 - CUDA_VISIBLE_DEVICES: [0]
[I 2023-11-30 00:56:07,109] Trial 106 finished with value: 148.52012634277344 and parameters: {'gradient_clip_val': 0.15450699051855407, 'hidden_size': 23, 'dropout': 0.2350568954713801, 'hidden_continuous_size': 20, 'attention_head_size': 4, 'learning_rate': 0.027847933595539234}. Best is trial 33 with value: 115.2528305053711.
LOCAL_RANK: 0 - CUDA_VISIBLE_DEVICES: [0]
[I 2023-11-30 00:56:19,995] Trial 107 finished with value: 133.5610809326172 and parameters: {'gradient_clip_val': 0.14549523608347942, 'hidden_size': 31, 'dropout': 0.20092723765272594, 'hidden_continuous_size': 25, 'attention_head_size': 4, 'learning_rate': 0.02169858383065096}. Best is trial 33 with value: 115.2528305053711.
LOCAL_RANK: 0 - CUDA_VISIBLE_DEVICES: [0]
[I 2023-11-30 00:56:32,173] Trial 108 finished with value: 213.1644744873047 and parameters: {'gradient_clip_val': 0.13681775897323656, 'hidden_size': 24, 'dropout': 0.252100583944728, 'hidden_continuous_size': 18, 'attention_head_size': 4, 'learning_rate': 0.03142683664875181}. Best is trial 33 with value: 115.2528305053711.
LOCAL_RANK: 0 - CUDA_VISIBLE_DEVICES: [0]
[I 2023-11-30 00:56:44,854] Trial 109 finished with value: 152.8870391845703 and parameters: {'gradient_clip_val': 0.16125869841073123, 'hidden_size': 40, 'dropout': 0.2403824837693807, 'hidden_continuous_size': 11, 'attention_head_size': 4, 'learning_rate': 0.02436341148384902}. Best is trial 33 with value: 115.2528305053711.
LOCAL_RANK: 0 - CUDA_VISIBLE_DEVICES: [0]
[I 2023-11-30 00:56:57,351] Trial 110 finished with value: 144.39772033691406 and parameters: {'gradient_clip_val': 0.11590874881683871, 'hidden_size': 28, 'dropout': 0.155150623027587, 'hidden_continuous_size': 24, 'attention_head_size': 4, 'learning_rate': 0.027764749027157837}. Best is trial 33 with value: 115.2528305053711.
LOCAL_RANK: 0 - CUDA_VISIBLE_DEVICES: [0]
[I 2023-11-30 00:57:10,049] Trial 111 finished with value: 174.1775360107422 and parameters: {'gradient_clip_val': 0.12456524774055353, 'hidden_size': 36, 'dropout': 0.2283945638970676, 'hidden_continuous_size': 11, 'attention_head_size': 4, 'learning_rate': 0.04488264622226531}. Best is trial 33 with value: 115.2528305053711.
LOCAL_RANK: 0 - CUDA_VISIBLE_DEVICES: [0]
[I 2023-11-30 00:57:22,485] Trial 112 finished with value: 154.43841552734375 and parameters: {'gradient_clip_val': 0.10466944912147876, 'hidden_size': 19, 'dropout': 0.22085035353113439, 'hidden_continuous_size': 16, 'attention_head_size': 4, 'learning_rate': 0.038364824993385144}. Best is trial 33 with value: 115.2528305053711.
LOCAL_RANK: 0 - CUDA_VISIBLE_DEVICES: [0]
[I 2023-11-30 00:57:35,093] Trial 113 finished with value: 207.4993896484375 and parameters: {'gradient_clip_val': 0.13006693217693382, 'hidden_size': 25, 'dropout': 0.20738354272059273, 'hidden_continuous_size': 22, 'attention_head_size': 4, 'learning_rate': 0.0551359651675857}. Best is trial 33 with value: 115.2528305053711.
LOCAL_RANK: 0 - CUDA_VISIBLE_DEVICES: [0]
[I 2023-11-30 00:57:47,482] Trial 114 finished with value: 159.47610473632812 and parameters: {'gradient_clip_val': 0.11865278409763527, 'hidden_size': 13, 'dropout': 0.2323416992737891, 'hidden_continuous_size': 12, 'attention_head_size': 4, 'learning_rate': 0.04821708569817501}. Best is trial 33 with value: 115.2528305053711.
LOCAL_RANK: 0 - CUDA_VISIBLE_DEVICES: [0]
[I 2023-11-30 00:57:59,703] Trial 115 finished with value: 129.62144470214844 and parameters: {'gradient_clip_val': 0.11129777620949258, 'hidden_size': 20, 'dropout': 0.21297435317533217, 'hidden_continuous_size': 18, 'attention_head_size': 4, 'learning_rate': 0.04048497031569243}. Best is trial 33 with value: 115.2528305053711.
LOCAL_RANK: 0 - CUDA_VISIBLE_DEVICES: [0]
[I 2023-11-30 00:58:12,169] Trial 116 finished with value: 178.80674743652344 and parameters: {'gradient_clip_val': 0.1408887400150764, 'hidden_size': 17, 'dropout': 0.22568327022240073, 'hidden_continuous_size': 15, 'attention_head_size': 4, 'learning_rate': 0.06398780481119419}. Best is trial 33 with value: 115.2528305053711.
LOCAL_RANK: 0 - CUDA_VISIBLE_DEVICES: [0]
[I 2023-11-30 00:58:22,450] Trial 117 finished with value: 182.9008026123047 and parameters: {'gradient_clip_val': 0.15034656028922105, 'hidden_size': 11, 'dropout': 0.18617858350523608, 'hidden_continuous_size': 11, 'attention_head_size': 3, 'learning_rate': 0.029335051907146317}. Best is trial 33 with value: 115.2528305053711.
LOCAL_RANK: 0 - CUDA_VISIBLE_DEVICES: [0]
[I 2023-11-30 00:58:34,871] Trial 118 finished with value: 132.2564239501953 and parameters: {'gradient_clip_val': 0.13517691869558834, 'hidden_size': 18, 'dropout': 0.23755390030724274, 'hidden_continuous_size': 13, 'attention_head_size': 4, 'learning_rate': 0.017767080845156935}. Best is trial 33 with value: 115.2528305053711.
LOCAL_RANK: 0 - CUDA_VISIBLE_DEVICES: [0]
[I 2023-11-30 00:58:47,222] Trial 119 finished with value: 172.2357635498047 and parameters: {'gradient_clip_val': 0.12320348942199445, 'hidden_size': 21, 'dropout': 0.1958397954263984, 'hidden_continuous_size': 13, 'attention_head_size': 4, 'learning_rate': 0.05496272475751788}. Best is trial 33 with value: 115.2528305053711.
LOCAL_RANK: 0 - CUDA_VISIBLE_DEVICES: [0]
[I 2023-11-30 00:58:59,649] Trial 120 finished with value: 216.116943359375 and parameters: {'gradient_clip_val': 0.17452432483525934, 'hidden_size': 23, 'dropout': 0.24628112885513334, 'hidden_continuous_size': 19, 'attention_head_size': 2, 'learning_rate': 0.06870817758031333}. Best is trial 33 with value: 115.2528305053711.
LOCAL_RANK: 0 - CUDA_VISIBLE_DEVICES: [0]
[I 2023-11-30 00:59:12,104] Trial 121 finished with value: 151.73788452148438 and parameters: {'gradient_clip_val': 0.1665748498025178, 'hidden_size': 15, 'dropout': 0.21801786674354906, 'hidden_continuous_size': 14, 'attention_head_size': 4, 'learning_rate': 0.08758601113878275}. Best is trial 33 with value: 115.2528305053711.
LOCAL_RANK: 0 - CUDA_VISIBLE_DEVICES: [0]
[I 2023-11-30 00:59:24,390] Trial 122 finished with value: 176.2102508544922 and parameters: {'gradient_clip_val': 0.15765492999387368, 'hidden_size': 14, 'dropout': 0.2059924933579024, 'hidden_continuous_size': 13, 'attention_head_size': 4, 'learning_rate': 0.06076476345639397}. Best is trial 33 with value: 115.2528305053711.
LOCAL_RANK: 0 - CUDA_VISIBLE_DEVICES: [0]
[I 2023-11-30 00:59:36,690] Trial 123 finished with value: 159.265625 and parameters: {'gradient_clip_val': 0.16660089915355583, 'hidden_size': 17, 'dropout': 0.20035366311859293, 'hidden_continuous_size': 16, 'attention_head_size': 4, 'learning_rate': 0.04601053011461501}. Best is trial 33 with value: 115.2528305053711.
LOCAL_RANK: 0 - CUDA_VISIBLE_DEVICES: [0]
[I 2023-11-30 00:59:48,827] Trial 124 finished with value: 168.1468963623047 and parameters: {'gradient_clip_val': 0.14228663652771126, 'hidden_size': 20, 'dropout': 0.17734403609414473, 'hidden_continuous_size': 19, 'attention_head_size': 4, 'learning_rate': 0.03603082709416398}. Best is trial 33 with value: 115.2528305053711.
LOCAL_RANK: 0 - CUDA_VISIBLE_DEVICES: [0]
[I 2023-11-30 01:00:01,220] Trial 125 finished with value: 121.8459243774414 and parameters: {'gradient_clip_val': 0.15151029657974222, 'hidden_size': 19, 'dropout': 0.21311272880354176, 'hidden_continuous_size': 15, 'attention_head_size': 4, 'learning_rate': 0.0329673697309872}. Best is trial 33 with value: 115.2528305053711.
LOCAL_RANK: 0 - CUDA_VISIBLE_DEVICES: [0]
[I 2023-11-30 01:00:13,580] Trial 126 finished with value: 140.2181854248047 and parameters: {'gradient_clip_val': 0.15046789846592035, 'hidden_size': 18, 'dropout': 0.21055140951551926, 'hidden_continuous_size': 15, 'attention_head_size': 3, 'learning_rate': 0.03257594456938609}. Best is trial 33 with value: 115.2528305053711.
LOCAL_RANK: 0 - CUDA_VISIBLE_DEVICES: [0]
[I 2023-11-30 01:00:25,893] Trial 127 finished with value: 178.5526580810547 and parameters: {'gradient_clip_val': 0.11491061374913632, 'hidden_size': 13, 'dropout': 0.2195667568959893, 'hidden_continuous_size': 12, 'attention_head_size': 4, 'learning_rate': 0.04219788749828414}. Best is trial 33 with value: 115.2528305053711.
LOCAL_RANK: 0 - CUDA_VISIBLE_DEVICES: [0]
[I 2023-11-30 01:00:38,079] Trial 128 finished with value: 128.47802734375 and parameters: {'gradient_clip_val': 0.12916291350258582, 'hidden_size': 16, 'dropout': 0.23014866474956341, 'hidden_continuous_size': 15, 'attention_head_size': 4, 'learning_rate': 0.050820919905766766}. Best is trial 33 with value: 115.2528305053711.
LOCAL_RANK: 0 - CUDA_VISIBLE_DEVICES: [0]
[I 2023-11-30 01:00:50,242] Trial 129 finished with value: 173.9632568359375 and parameters: {'gradient_clip_val': 0.13029866937556528, 'hidden_size': 12, 'dropout': 0.23228027807895044, 'hidden_continuous_size': 11, 'attention_head_size': 4, 'learning_rate': 0.05238146248607784}. Best is trial 33 with value: 115.2528305053711.
LOCAL_RANK: 0 - CUDA_VISIBLE_DEVICES: [0]
[I 2023-11-30 01:01:02,489] Trial 130 finished with value: 128.55389404296875 and parameters: {'gradient_clip_val': 0.14523945625448476, 'hidden_size': 15, 'dropout': 0.23923566634560609, 'hidden_continuous_size': 14, 'attention_head_size': 3, 'learning_rate': 0.03808455508530717}. Best is trial 33 with value: 115.2528305053711.
LOCAL_RANK: 0 - CUDA_VISIBLE_DEVICES: [0]
[I 2023-11-30 01:01:14,618] Trial 131 finished with value: 149.0444793701172 and parameters: {'gradient_clip_val': 0.13765739283943557, 'hidden_size': 16, 'dropout': 0.24135190967660938, 'hidden_continuous_size': 14, 'attention_head_size': 3, 'learning_rate': 0.03717774981796813}. Best is trial 33 with value: 115.2528305053711.
LOCAL_RANK: 0 - CUDA_VISIBLE_DEVICES: [0]
[I 2023-11-30 01:01:26,824] Trial 132 finished with value: 127.5888442993164 and parameters: {'gradient_clip_val': 0.1507819314676115, 'hidden_size': 19, 'dropout': 0.2537100568199358, 'hidden_continuous_size': 15, 'attention_head_size': 3, 'learning_rate': 0.033399423856382074}. Best is trial 33 with value: 115.2528305053711.
LOCAL_RANK: 0 - CUDA_VISIBLE_DEVICES: [0]
[I 2023-11-30 01:01:39,120] Trial 133 finished with value: 134.58660888671875 and parameters: {'gradient_clip_val': 0.1270073488418521, 'hidden_size': 22, 'dropout': 0.2535329645655585, 'hidden_continuous_size': 15, 'attention_head_size': 3, 'learning_rate': 0.030424745455314754}. Best is trial 33 with value: 115.2528305053711.
LOCAL_RANK: 0 - CUDA_VISIBLE_DEVICES: [0]
[I 2023-11-30 01:01:51,250] Trial 134 finished with value: 142.03346252441406 and parameters: {'gradient_clip_val': 0.15895202710924666, 'hidden_size': 19, 'dropout': 0.22767626561056264, 'hidden_continuous_size': 15, 'attention_head_size': 3, 'learning_rate': 0.033187073483955755}. Best is trial 33 with value: 115.2528305053711.
LOCAL_RANK: 0 - CUDA_VISIBLE_DEVICES: [0]
[I 2023-11-30 01:02:03,655] Trial 135 finished with value: 145.1930694580078 and parameters: {'gradient_clip_val': 0.1527717599859996, 'hidden_size': 25, 'dropout': 0.2626621665628829, 'hidden_continuous_size': 16, 'attention_head_size': 3, 'learning_rate': 0.024048327757376628}. Best is trial 33 with value: 115.2528305053711.
LOCAL_RANK: 0 - CUDA_VISIBLE_DEVICES: [0]
[I 2023-11-30 01:02:16,004] Trial 136 finished with value: 144.8138885498047 and parameters: {'gradient_clip_val': 0.1334406820018982, 'hidden_size': 20, 'dropout': 0.25707624091486225, 'hidden_continuous_size': 15, 'attention_head_size': 4, 'learning_rate': 0.04103400641101086}. Best is trial 33 with value: 115.2528305053711.
LOCAL_RANK: 0 - CUDA_VISIBLE_DEVICES: [0]
[I 2023-11-30 01:02:28,065] Trial 137 finished with value: 134.8760223388672 and parameters: {'gradient_clip_val': 0.18733884004541854, 'hidden_size': 23, 'dropout': 0.16886469427805365, 'hidden_continuous_size': 10, 'attention_head_size': 1, 'learning_rate': 0.02782570590763814}. Best is trial 33 with value: 115.2528305053711.
LOCAL_RANK: 0 - CUDA_VISIBLE_DEVICES: [0]
[I 2023-11-30 01:02:40,510] Trial 138 finished with value: 174.486083984375 and parameters: {'gradient_clip_val': 0.14682926811124597, 'hidden_size': 17, 'dropout': 0.2151072520460436, 'hidden_continuous_size': 16, 'attention_head_size': 4, 'learning_rate': 0.050090913293967775}. Best is trial 33 with value: 115.2528305053711.
LOCAL_RANK: 0 - CUDA_VISIBLE_DEVICES: [0]
[I 2023-11-30 01:02:52,669] Trial 139 finished with value: 132.2812042236328 and parameters: {'gradient_clip_val': 0.12115788495552361, 'hidden_size': 19, 'dropout': 0.23456258221585513, 'hidden_continuous_size': 15, 'attention_head_size': 3, 'learning_rate': 0.032969566186463226}. Best is trial 33 with value: 115.2528305053711.
LOCAL_RANK: 0 - CUDA_VISIBLE_DEVICES: [0]
[I 2023-11-30 01:03:05,087] Trial 140 finished with value: 185.9745330810547 and parameters: {'gradient_clip_val': 0.17688639236107387, 'hidden_size': 27, 'dropout': 0.24847010867619368, 'hidden_continuous_size': 10, 'attention_head_size': 4, 'learning_rate': 0.06019447697933387}. Best is trial 33 with value: 115.2528305053711.
LOCAL_RANK: 0 - CUDA_VISIBLE_DEVICES: [0]
[I 2023-11-30 01:03:17,401] Trial 141 finished with value: 136.3077850341797 and parameters: {'gradient_clip_val': 0.14533273467263189, 'hidden_size': 15, 'dropout': 0.2384587739325234, 'hidden_continuous_size': 14, 'attention_head_size': 3, 'learning_rate': 0.03926131220559124}. Best is trial 33 with value: 115.2528305053711.
LOCAL_RANK: 0 - CUDA_VISIBLE_DEVICES: [0]
[I 2023-11-30 01:03:29,520] Trial 142 finished with value: 155.4761199951172 and parameters: {'gradient_clip_val': 0.14043768855843172, 'hidden_size': 16, 'dropout': 0.22601843977583486, 'hidden_continuous_size': 14, 'attention_head_size': 3, 'learning_rate': 0.034574775308083366}. Best is trial 33 with value: 115.2528305053711.
LOCAL_RANK: 0 - CUDA_VISIBLE_DEVICES: [0]
[I 2023-11-30 01:03:41,790] Trial 143 finished with value: 137.72784423828125 and parameters: {'gradient_clip_val': 0.16067079772424528, 'hidden_size': 14, 'dropout': 0.27215276395793486, 'hidden_continuous_size': 12, 'attention_head_size': 3, 'learning_rate': 0.044626961226934506}. Best is trial 33 with value: 115.2528305053711.
LOCAL_RANK: 0 - CUDA_VISIBLE_DEVICES: [0]
