[I 2023-11-30 06:55:17,206] Trial 125 finished with value: 50.17405319213867 and parameters: {'gradient_clip_val': 0.522851140871872, 'hidden_size': 23, 'dropout': 0.20585049729508006, 'hidden_continuous_size': 19, 'attention_head_size': 4, 'learning_rate': 0.07594856692138337}. Best is trial 108 with value: 40.015445709228516.
LOCAL_RANK: 0 - CUDA_VISIBLE_DEVICES: [0]
[I 2023-11-30 06:55:28,986] Trial 126 finished with value: 45.40740966796875 and parameters: {'gradient_clip_val': 0.4096452843169826, 'hidden_size': 16, 'dropout': 0.19264457699630405, 'hidden_continuous_size': 13, 'attention_head_size': 4, 'learning_rate': 0.06778023020719902}. Best is trial 108 with value: 40.015445709228516.
LOCAL_RANK: 0 - CUDA_VISIBLE_DEVICES: [0]
[I 2023-11-30 06:55:41,124] Trial 127 finished with value: 66.6884994506836 and parameters: {'gradient_clip_val': 0.4658182477316252, 'hidden_size': 17, 'dropout': 0.24091614151751825, 'hidden_continuous_size': 16, 'attention_head_size': 4, 'learning_rate': 0.09945336511507144}. Best is trial 108 with value: 40.015445709228516.
LOCAL_RANK: 0 - CUDA_VISIBLE_DEVICES: [0]
[I 2023-11-30 06:55:52,908] Trial 128 finished with value: 44.57711410522461 and parameters: {'gradient_clip_val': 0.325091989160929, 'hidden_size': 20, 'dropout': 0.198797670959688, 'hidden_continuous_size': 15, 'attention_head_size': 4, 'learning_rate': 0.08500495542501234}. Best is trial 108 with value: 40.015445709228516.
LOCAL_RANK: 0 - CUDA_VISIBLE_DEVICES: [0]
[I 2023-11-30 06:56:04,988] Trial 129 finished with value: 56.015079498291016 and parameters: {'gradient_clip_val': 0.5105764879151325, 'hidden_size': 22, 'dropout': 0.2280894853878422, 'hidden_continuous_size': 17, 'attention_head_size': 4, 'learning_rate': 0.05897998986978136}. Best is trial 108 with value: 40.015445709228516.
LOCAL_RANK: 0 - CUDA_VISIBLE_DEVICES: [0]
[I 2023-11-30 06:56:17,441] Trial 130 finished with value: 69.10570526123047 and parameters: {'gradient_clip_val': 0.37649257892505966, 'hidden_size': 25, 'dropout': 0.21076706642937684, 'hidden_continuous_size': 22, 'attention_head_size': 4, 'learning_rate': 0.04476277873121227}. Best is trial 108 with value: 40.015445709228516.
LOCAL_RANK: 0 - CUDA_VISIBLE_DEVICES: [0]
[I 2023-11-30 06:56:29,456] Trial 131 finished with value: 49.01093673706055 and parameters: {'gradient_clip_val': 0.42396221606307805, 'hidden_size': 21, 'dropout': 0.22354723891099215, 'hidden_continuous_size': 16, 'attention_head_size': 4, 'learning_rate': 0.09110504052390969}. Best is trial 108 with value: 40.015445709228516.
LOCAL_RANK: 0 - CUDA_VISIBLE_DEVICES: [0]
[I 2023-11-30 06:56:41,277] Trial 132 finished with value: 44.293914794921875 and parameters: {'gradient_clip_val': 0.49290676855237964, 'hidden_size': 20, 'dropout': 0.22145307803193678, 'hidden_continuous_size': 16, 'attention_head_size': 4, 'learning_rate': 0.09004686689415879}. Best is trial 108 with value: 40.015445709228516.
LOCAL_RANK: 0 - CUDA_VISIBLE_DEVICES: [0]
[I 2023-11-30 06:56:53,307] Trial 133 finished with value: 51.71004867553711 and parameters: {'gradient_clip_val': 0.41007359426402995, 'hidden_size': 18, 'dropout': 0.25229385739111565, 'hidden_continuous_size': 16, 'attention_head_size': 4, 'learning_rate': 0.08103158908562728}. Best is trial 108 with value: 40.015445709228516.
LOCAL_RANK: 0 - CUDA_VISIBLE_DEVICES: [0]
[I 2023-11-30 06:57:05,318] Trial 134 finished with value: 47.16923522949219 and parameters: {'gradient_clip_val': 0.4471134506675024, 'hidden_size': 19, 'dropout': 0.23324681609451253, 'hidden_continuous_size': 15, 'attention_head_size': 4, 'learning_rate': 0.07465215834271621}. Best is trial 108 with value: 40.015445709228516.
LOCAL_RANK: 0 - CUDA_VISIBLE_DEVICES: [0]
[I 2023-11-30 06:57:17,542] Trial 135 finished with value: 57.87864685058594 and parameters: {'gradient_clip_val': 0.362289908889208, 'hidden_size': 23, 'dropout': 0.21798299161085163, 'hidden_continuous_size': 17, 'attention_head_size': 4, 'learning_rate': 0.09952447842463827}. Best is trial 108 with value: 40.015445709228516.
LOCAL_RANK: 0 - CUDA_VISIBLE_DEVICES: [0]
[I 2023-11-30 06:57:29,529] Trial 136 finished with value: 54.57976150512695 and parameters: {'gradient_clip_val': 0.4724661230826039, 'hidden_size': 21, 'dropout': 0.20520624927379202, 'hidden_continuous_size': 14, 'attention_head_size': 4, 'learning_rate': 0.06687957557567976}. Best is trial 108 with value: 40.015445709228516.
LOCAL_RANK: 0 - CUDA_VISIBLE_DEVICES: [0]
[I 2023-11-30 06:57:41,881] Trial 137 finished with value: 65.0166244506836 and parameters: {'gradient_clip_val': 0.4169689658199901, 'hidden_size': 31, 'dropout': 0.2107633539097881, 'hidden_continuous_size': 15, 'attention_head_size': 4, 'learning_rate': 0.05084874320256267}. Best is trial 108 with value: 40.015445709228516.
LOCAL_RANK: 0 - CUDA_VISIBLE_DEVICES: [0]
[I 2023-11-30 06:57:53,749] Trial 138 finished with value: 48.51179885864258 and parameters: {'gradient_clip_val': 0.541379336248425, 'hidden_size': 22, 'dropout': 0.19097589237788246, 'hidden_continuous_size': 16, 'attention_head_size': 3, 'learning_rate': 0.04101770366608852}. Best is trial 108 with value: 40.015445709228516.
LOCAL_RANK: 0 - CUDA_VISIBLE_DEVICES: [0]
[I 2023-11-30 06:58:05,779] Trial 139 finished with value: 51.97237777709961 and parameters: {'gradient_clip_val': 0.39086908280794885, 'hidden_size': 15, 'dropout': 0.2453856463282155, 'hidden_continuous_size': 13, 'attention_head_size': 4, 'learning_rate': 0.08385697475717643}. Best is trial 108 with value: 40.015445709228516.
LOCAL_RANK: 0 - CUDA_VISIBLE_DEVICES: [0]
[I 2023-11-30 06:58:17,825] Trial 140 finished with value: 47.09458541870117 and parameters: {'gradient_clip_val': 0.5839381378713653, 'hidden_size': 18, 'dropout': 0.21984745496647698, 'hidden_continuous_size': 14, 'attention_head_size': 4, 'learning_rate': 0.05805399557006074}. Best is trial 108 with value: 40.015445709228516.
LOCAL_RANK: 0 - CUDA_VISIBLE_DEVICES: [0]
[I 2023-11-30 06:58:29,669] Trial 141 finished with value: 60.88350296020508 and parameters: {'gradient_clip_val': 0.49422352406303866, 'hidden_size': 20, 'dropout': 0.2222108476222519, 'hidden_continuous_size': 16, 'attention_head_size': 4, 'learning_rate': 0.08707705622287025}. Best is trial 108 with value: 40.015445709228516.
LOCAL_RANK: 0 - CUDA_VISIBLE_DEVICES: [0]
[I 2023-11-30 06:58:41,656] Trial 142 finished with value: 64.5572280883789 and parameters: {'gradient_clip_val': 0.4558775719360562, 'hidden_size': 24, 'dropout': 0.23749955220273322, 'hidden_continuous_size': 17, 'attention_head_size': 4, 'learning_rate': 0.08963062337678289}. Best is trial 108 with value: 40.015445709228516.
LOCAL_RANK: 0 - CUDA_VISIBLE_DEVICES: [0]
[I 2023-11-30 06:58:53,600] Trial 143 finished with value: 46.78657531738281 and parameters: {'gradient_clip_val': 0.4877138027404901, 'hidden_size': 19, 'dropout': 0.21536688142249788, 'hidden_continuous_size': 12, 'attention_head_size': 4, 'learning_rate': 0.0922253777493438}. Best is trial 108 with value: 40.015445709228516.
LOCAL_RANK: 0 - CUDA_VISIBLE_DEVICES: [0]
[I 2023-11-30 06:59:05,556] Trial 144 finished with value: 47.44767761230469 and parameters: {'gradient_clip_val': 0.5565425678424377, 'hidden_size': 21, 'dropout': 0.23248617046485565, 'hidden_continuous_size': 16, 'attention_head_size': 4, 'learning_rate': 0.075407151149856}. Best is trial 108 with value: 40.015445709228516.
LOCAL_RANK: 0 - CUDA_VISIBLE_DEVICES: [0]
[I 2023-11-30 06:59:17,415] Trial 145 finished with value: 53.13820266723633 and parameters: {'gradient_clip_val': 0.4328074137327619, 'hidden_size': 20, 'dropout': 0.22740854856532855, 'hidden_continuous_size': 15, 'attention_head_size': 4, 'learning_rate': 0.07048542745362128}. Best is trial 108 with value: 40.015445709228516.
LOCAL_RANK: 0 - CUDA_VISIBLE_DEVICES: [0]
[I 2023-11-30 06:59:29,654] Trial 146 finished with value: 47.725833892822266 and parameters: {'gradient_clip_val': 0.4997048459867382, 'hidden_size': 26, 'dropout': 0.20221922313582222, 'hidden_continuous_size': 18, 'attention_head_size': 4, 'learning_rate': 0.03451858561287071}. Best is trial 108 with value: 40.015445709228516.
LOCAL_RANK: 0 - CUDA_VISIBLE_DEVICES: [0]
[I 2023-11-30 06:59:41,812] Trial 147 finished with value: 43.726593017578125 and parameters: {'gradient_clip_val': 0.5388810591570495, 'hidden_size': 23, 'dropout': 0.19654730529829087, 'hidden_continuous_size': 16, 'attention_head_size': 4, 'learning_rate': 0.0998243614959946}. Best is trial 108 with value: 40.015445709228516.
LOCAL_RANK: 0 - CUDA_VISIBLE_DEVICES: [0]
[I 2023-11-30 06:59:53,837] Trial 148 finished with value: 52.78334045410156 and parameters: {'gradient_clip_val': 0.6026002117107602, 'hidden_size': 23, 'dropout': 0.18644534615753605, 'hidden_continuous_size': 17, 'attention_head_size': 4, 'learning_rate': 0.08201238976061938}. Best is trial 108 with value: 40.015445709228516.
LOCAL_RANK: 0 - CUDA_VISIBLE_DEVICES: [0]
[I 2023-11-30 07:00:06,040] Trial 149 finished with value: 50.51057052612305 and parameters: {'gradient_clip_val': 0.5223523473327635, 'hidden_size': 29, 'dropout': 0.1953928869981509, 'hidden_continuous_size': 15, 'attention_head_size': 4, 'learning_rate': 0.04736519454634714}. Best is trial 108 with value: 40.015445709228516.
[I 2023-11-30 07:00:06,165] A new study created in memory with name: no-name-5b0da193-e9cc-4e12-b633-bb7f1289f2ce
/home/le004/conda/anaconda3/envs/tsff_env/lib/python3.9/site-packages/lightning/fabric/plugins/environments/slurm.py:191: The `srun` command is available on your system but is not used. HINT: If your intention is to run Lightning on SLURM, prepend your python command with `srun` like so: srun python /home/le004/master_thesis/git/TSFusionForecast/code/ ...
LOCAL_RANK: 0 - CUDA_VISIBLE_DEVICES: [0]
[I 2023-11-30 07:00:20,027] Trial 0 finished with value: 40.58659362792969 and parameters: {'gradient_clip_val': 0.15698814992379137, 'hidden_size': 114, 'dropout': 0.1496437508924607, 'hidden_continuous_size': 44, 'attention_head_size': 3, 'learning_rate': 0.024547072560047456}. Best is trial 0 with value: 40.58659362792969.
LOCAL_RANK: 0 - CUDA_VISIBLE_DEVICES: [0]
[I 2023-11-30 07:00:30,003] Trial 1 finished with value: 65.21302032470703 and parameters: {'gradient_clip_val': 0.667336879905681, 'hidden_size': 10, 'dropout': 0.19593820541989987, 'hidden_continuous_size': 10, 'attention_head_size': 1, 'learning_rate': 0.0235752042736978}. Best is trial 0 with value: 40.58659362792969.
LOCAL_RANK: 0 - CUDA_VISIBLE_DEVICES: [0]
[I 2023-11-30 07:00:44,254] Trial 2 finished with value: 37.93829345703125 and parameters: {'gradient_clip_val': 0.189547615625397, 'hidden_size': 94, 'dropout': 0.1705147996894692, 'hidden_continuous_size': 83, 'attention_head_size': 3, 'learning_rate': 0.0025629724282873337}. Best is trial 2 with value: 37.93829345703125.
LOCAL_RANK: 0 - CUDA_VISIBLE_DEVICES: [0]
[I 2023-11-30 07:00:56,202] Trial 3 finished with value: 39.0748405456543 and parameters: {'gradient_clip_val': 0.1959284814569521, 'hidden_size': 18, 'dropout': 0.11273630123800511, 'hidden_continuous_size': 12, 'attention_head_size': 3, 'learning_rate': 0.038194328256093237}. Best is trial 2 with value: 37.93829345703125.
LOCAL_RANK: 0 - CUDA_VISIBLE_DEVICES: [0]
[I 2023-11-30 07:01:09,045] Trial 4 finished with value: 43.208492279052734 and parameters: {'gradient_clip_val': 0.611870910516298, 'hidden_size': 54, 'dropout': 0.15964641972434448, 'hidden_continuous_size': 52, 'attention_head_size': 1, 'learning_rate': 0.04810746386876987}. Best is trial 2 with value: 37.93829345703125.
LOCAL_RANK: 0 - CUDA_VISIBLE_DEVICES: [0]
[I 2023-11-30 07:01:23,562] Trial 5 finished with value: 34.9522705078125 and parameters: {'gradient_clip_val': 0.46293413800772704, 'hidden_size': 140, 'dropout': 0.14162396657400547, 'hidden_continuous_size': 101, 'attention_head_size': 3, 'learning_rate': 0.015093654867045224}. Best is trial 5 with value: 34.9522705078125.
LOCAL_RANK: 0 - CUDA_VISIBLE_DEVICES: [0]
[I 2023-11-30 07:01:36,476] Trial 6 finished with value: 37.78135681152344 and parameters: {'gradient_clip_val': 0.9778079831578077, 'hidden_size': 61, 'dropout': 0.24436614994841294, 'hidden_continuous_size': 36, 'attention_head_size': 1, 'learning_rate': 0.010356423337091785}. Best is trial 5 with value: 34.9522705078125.
LOCAL_RANK: 0 - CUDA_VISIBLE_DEVICES: [0]
[I 2023-11-30 07:01:48,668] Trial 7 finished with value: 36.8697624206543 and parameters: {'gradient_clip_val': 0.5355532653044824, 'hidden_size': 31, 'dropout': 0.22082119139174688, 'hidden_continuous_size': 18, 'attention_head_size': 1, 'learning_rate': 0.043575949734128}. Best is trial 5 with value: 34.9522705078125.
LOCAL_RANK: 0 - CUDA_VISIBLE_DEVICES: [0]
[I 2023-11-30 07:02:02,789] Trial 8 finished with value: 51.40647506713867 and parameters: {'gradient_clip_val': 0.2157844319285365, 'hidden_size': 117, 'dropout': 0.3723390031910524, 'hidden_continuous_size': 81, 'attention_head_size': 4, 'learning_rate': 0.0015774815989914978}. Best is trial 5 with value: 34.9522705078125.
LOCAL_RANK: 0 - CUDA_VISIBLE_DEVICES: [0]
[I 2023-11-30 07:02:12,844] Trial 9 finished with value: 98.07516479492188 and parameters: {'gradient_clip_val': 0.270726576406872, 'hidden_size': 13, 'dropout': 0.13532397198566412, 'hidden_continuous_size': 13, 'attention_head_size': 3, 'learning_rate': 0.004317403628014614}. Best is trial 5 with value: 34.9522705078125.
LOCAL_RANK: 0 - CUDA_VISIBLE_DEVICES: [0]
[I 2023-11-30 07:02:27,749] Trial 10 finished with value: 40.19308853149414 and parameters: {'gradient_clip_val': 0.11060133233197043, 'hidden_size': 143, 'dropout': 0.3025604687561203, 'hidden_continuous_size': 140, 'attention_head_size': 4, 'learning_rate': 0.09289013573117116}. Best is trial 5 with value: 34.9522705078125.
LOCAL_RANK: 0 - CUDA_VISIBLE_DEVICES: [0]
[I 2023-11-30 07:02:39,808] Trial 11 finished with value: 45.1363410949707 and parameters: {'gradient_clip_val': 0.38481790842710467, 'hidden_size': 27, 'dropout': 0.21694690248377516, 'hidden_continuous_size': 16, 'attention_head_size': 2, 'learning_rate': 0.011561998648095706}. Best is trial 5 with value: 34.9522705078125.
LOCAL_RANK: 0 - CUDA_VISIBLE_DEVICES: [0]
[I 2023-11-30 07:02:52,129] Trial 12 finished with value: 35.85597610473633 and parameters: {'gradient_clip_val': 0.40323668961082915, 'hidden_size': 33, 'dropout': 0.10020793164438936, 'hidden_continuous_size': 18, 'attention_head_size': 2, 'learning_rate': 0.016230562525248935}. Best is trial 5 with value: 34.9522705078125.
LOCAL_RANK: 0 - CUDA_VISIBLE_DEVICES: [0]
[I 2023-11-30 07:03:04,658] Trial 13 finished with value: 37.677947998046875 and parameters: {'gradient_clip_val': 0.3770058625352381, 'hidden_size': 46, 'dropout': 0.11428609744841646, 'hidden_continuous_size': 22, 'attention_head_size': 2, 'learning_rate': 0.006108957540843062}. Best is trial 5 with value: 34.9522705078125.
LOCAL_RANK: 0 - CUDA_VISIBLE_DEVICES: [0]
[I 2023-11-30 07:03:17,823] Trial 14 finished with value: 36.851776123046875 and parameters: {'gradient_clip_val': 0.3165550692814538, 'hidden_size': 75, 'dropout': 0.10140468464058898, 'hidden_continuous_size': 27, 'attention_head_size': 2, 'learning_rate': 0.014671958747986186}. Best is trial 5 with value: 34.9522705078125.
LOCAL_RANK: 0 - CUDA_VISIBLE_DEVICES: [0]
[I 2023-11-30 07:03:30,338] Trial 15 finished with value: 46.5709342956543 and parameters: {'gradient_clip_val': 0.45238709054257326, 'hidden_size': 39, 'dropout': 0.17873509185833525, 'hidden_continuous_size': 15, 'attention_head_size': 2, 'learning_rate': 0.006274147147980659}. Best is trial 5 with value: 34.9522705078125.
LOCAL_RANK: 0 - CUDA_VISIBLE_DEVICES: [0]
[I 2023-11-30 07:03:43,561] Trial 16 finished with value: 38.13104248046875 and parameters: {'gradient_clip_val': 0.3017796950540211, 'hidden_size': 76, 'dropout': 0.13823775603790184, 'hidden_continuous_size': 23, 'attention_head_size': 4, 'learning_rate': 0.01946660267217764}. Best is trial 5 with value: 34.9522705078125.
LOCAL_RANK: 0 - CUDA_VISIBLE_DEVICES: [0]
[I 2023-11-30 07:03:57,555] Trial 17 finished with value: 37.89881896972656 and parameters: {'gradient_clip_val': 0.4825581999825189, 'hidden_size': 148, 'dropout': 0.10054219729372092, 'hidden_continuous_size': 27, 'attention_head_size': 3, 'learning_rate': 0.007006179085817177}. Best is trial 5 with value: 34.9522705078125.
LOCAL_RANK: 0 - CUDA_VISIBLE_DEVICES: [0]
[I 2023-11-30 07:04:09,535] Trial 18 finished with value: 45.58339309692383 and parameters: {'gradient_clip_val': 0.7437852202255746, 'hidden_size': 30, 'dropout': 0.13928770791400719, 'hidden_continuous_size': 10, 'attention_head_size': 2, 'learning_rate': 0.013629169585917882}. Best is trial 5 with value: 34.9522705078125.
LOCAL_RANK: 0 - CUDA_VISIBLE_DEVICES: [0]
[I 2023-11-30 07:04:22,011] Trial 19 finished with value: 146.54443359375 and parameters: {'gradient_clip_val': 0.43828613179654347, 'hidden_size': 44, 'dropout': 0.182500437842128, 'hidden_continuous_size': 18, 'attention_head_size': 3, 'learning_rate': 0.0010734826210681808}. Best is trial 5 with value: 34.9522705078125.
LOCAL_RANK: 0 - CUDA_VISIBLE_DEVICES: [0]
[I 2023-11-30 07:04:35,197] Trial 20 finished with value: 37.27610778808594 and parameters: {'gradient_clip_val': 0.3607256378583912, 'hidden_size': 66, 'dropout': 0.2747151753270644, 'hidden_continuous_size': 22, 'attention_head_size': 2, 'learning_rate': 0.009777574678860316}. Best is trial 5 with value: 34.9522705078125.
LOCAL_RANK: 0 - CUDA_VISIBLE_DEVICES: [0]
[I 2023-11-30 07:04:48,262] Trial 21 finished with value: 37.9859733581543 and parameters: {'gradient_clip_val': 0.3124269732705313, 'hidden_size': 84, 'dropout': 0.10218589946116374, 'hidden_continuous_size': 30, 'attention_head_size': 2, 'learning_rate': 0.01472539824459576}. Best is trial 5 with value: 34.9522705078125.
LOCAL_RANK: 0 - CUDA_VISIBLE_DEVICES: [0]
[I 2023-11-30 07:05:01,701] Trial 22 finished with value: 38.637107849121094 and parameters: {'gradient_clip_val': 0.25319992759883425, 'hidden_size': 95, 'dropout': 0.12844156954746425, 'hidden_continuous_size': 31, 'attention_head_size': 2, 'learning_rate': 0.01847587298340558}. Best is trial 5 with value: 34.9522705078125.
LOCAL_RANK: 0 - CUDA_VISIBLE_DEVICES: [0]
[I 2023-11-30 07:05:14,527] Trial 23 finished with value: 40.793575286865234 and parameters: {'gradient_clip_val': 0.34490681424437036, 'hidden_size': 63, 'dropout': 0.10014891933710955, 'hidden_continuous_size': 19, 'attention_head_size': 2, 'learning_rate': 0.02876322809478225}. Best is trial 5 with value: 34.9522705078125.
LOCAL_RANK: 0 - CUDA_VISIBLE_DEVICES: [0]
[I 2023-11-30 07:05:27,664] Trial 24 finished with value: 37.85157012939453 and parameters: {'gradient_clip_val': 0.5178594177549543, 'hidden_size': 75, 'dropout': 0.150963198289725, 'hidden_continuous_size': 13, 'attention_head_size': 3, 'learning_rate': 0.015819847337477013}. Best is trial 5 with value: 34.9522705078125.
LOCAL_RANK: 0 - CUDA_VISIBLE_DEVICES: [0]
[I 2023-11-30 07:05:40,530] Trial 25 finished with value: 38.6566047668457 and parameters: {'gradient_clip_val': 0.39714435438141815, 'hidden_size': 50, 'dropout': 0.1287737523272966, 'hidden_continuous_size': 20, 'attention_head_size': 2, 'learning_rate': 0.009737128582548861}. Best is trial 5 with value: 34.9522705078125.
LOCAL_RANK: 0 - CUDA_VISIBLE_DEVICES: [0]
[I 2023-11-30 07:05:54,021] Trial 26 finished with value: 38.97977066040039 and parameters: {'gradient_clip_val': 0.30940479512048746, 'hidden_size': 111, 'dropout': 0.16398848844919894, 'hidden_continuous_size': 26, 'attention_head_size': 1, 'learning_rate': 0.030393310565106246}. Best is trial 5 with value: 34.9522705078125.
LOCAL_RANK: 0 - CUDA_VISIBLE_DEVICES: [0]
[I 2023-11-30 07:06:06,405] Trial 27 finished with value: 38.935001373291016 and parameters: {'gradient_clip_val': 0.41446187309188104, 'hidden_size': 35, 'dropout': 0.12635197505500678, 'hidden_continuous_size': 16, 'attention_head_size': 3, 'learning_rate': 0.018080483816896118}. Best is trial 5 with value: 34.9522705078125.
LOCAL_RANK: 0 - CUDA_VISIBLE_DEVICES: [0]
[I 2023-11-30 07:06:18,444] Trial 28 finished with value: 58.86208724975586 and parameters: {'gradient_clip_val': 0.5561520665909214, 'hidden_size': 23, 'dropout': 0.11704112915299228, 'hidden_continuous_size': 11, 'attention_head_size': 4, 'learning_rate': 0.008430206028649358}. Best is trial 5 with value: 34.9522705078125.
LOCAL_RANK: 0 - CUDA_VISIBLE_DEVICES: [0]
[I 2023-11-30 07:06:32,142] Trial 29 finished with value: 38.347084045410156 and parameters: {'gradient_clip_val': 0.25494592661690224, 'hidden_size': 111, 'dropout': 0.1512342522503324, 'hidden_continuous_size': 40, 'attention_head_size': 3, 'learning_rate': 0.004715816776899904}. Best is trial 5 with value: 34.9522705078125.
LOCAL_RANK: 0 - CUDA_VISIBLE_DEVICES: [0]
[I 2023-11-30 07:06:44,512] Trial 30 finished with value: 38.4918098449707 and parameters: {'gradient_clip_val': 0.45183855791882055, 'hidden_size': 40, 'dropout': 0.1434394256742871, 'hidden_continuous_size': 15, 'attention_head_size': 2, 'learning_rate': 0.012405489304227545}. Best is trial 5 with value: 34.9522705078125.
LOCAL_RANK: 0 - CUDA_VISIBLE_DEVICES: [0]
[I 2023-11-30 07:06:56,801] Trial 31 finished with value: 38.39366149902344 and parameters: {'gradient_clip_val': 0.5037182258620421, 'hidden_size': 34, 'dropout': 0.21094436775066203, 'hidden_continuous_size': 18, 'attention_head_size': 1, 'learning_rate': 0.023316846948673663}. Best is trial 5 with value: 34.9522705078125.
LOCAL_RANK: 0 - CUDA_VISIBLE_DEVICES: [0]
[I 2023-11-30 07:07:09,092] Trial 32 finished with value: 37.94234085083008 and parameters: {'gradient_clip_val': 0.5936663115098335, 'hidden_size': 48, 'dropout': 0.19007265983032495, 'hidden_continuous_size': 20, 'attention_head_size': 1, 'learning_rate': 0.03885387161656009}. Best is trial 5 with value: 34.9522705078125.
LOCAL_RANK: 0 - CUDA_VISIBLE_DEVICES: [0]
