[I 2023-11-30 06:19:29,460] Trial 99 finished with value: 651.9014282226562 and parameters: {'gradient_clip_val': 0.19193930318448035, 'hidden_size': 49, 'dropout': 0.35778263451790965, 'hidden_continuous_size': 22, 'attention_head_size': 2, 'learning_rate': 0.013577204733086776}. Best is trial 27 with value: 605.3361206054688.
LOCAL_RANK: 0 - CUDA_VISIBLE_DEVICES: [0]
[I 2023-11-30 06:19:42,236] Trial 100 finished with value: 776.10791015625 and parameters: {'gradient_clip_val': 0.1691922852107269, 'hidden_size': 49, 'dropout': 0.3591146881436262, 'hidden_continuous_size': 22, 'attention_head_size': 2, 'learning_rate': 0.014147971266346343}. Best is trial 27 with value: 605.3361206054688.
LOCAL_RANK: 0 - CUDA_VISIBLE_DEVICES: [0]
[I 2023-11-30 06:19:55,008] Trial 101 finished with value: 619.787353515625 and parameters: {'gradient_clip_val': 0.184062192811117, 'hidden_size': 55, 'dropout': 0.3447918211786528, 'hidden_continuous_size': 22, 'attention_head_size': 2, 'learning_rate': 0.018530382587363274}. Best is trial 27 with value: 605.3361206054688.
LOCAL_RANK: 0 - CUDA_VISIBLE_DEVICES: [0]
[I 2023-11-30 06:20:07,760] Trial 102 finished with value: 777.4679565429688 and parameters: {'gradient_clip_val': 0.1872215295155227, 'hidden_size': 56, 'dropout': 0.3492172888463963, 'hidden_continuous_size': 24, 'attention_head_size': 2, 'learning_rate': 0.01919528653984374}. Best is trial 27 with value: 605.3361206054688.
LOCAL_RANK: 0 - CUDA_VISIBLE_DEVICES: [0]
[I 2023-11-30 06:20:20,469] Trial 103 finished with value: 707.6442260742188 and parameters: {'gradient_clip_val': 0.1974606929396258, 'hidden_size': 50, 'dropout': 0.3704614012652399, 'hidden_continuous_size': 23, 'attention_head_size': 2, 'learning_rate': 0.012881530310576912}. Best is trial 27 with value: 605.3361206054688.
LOCAL_RANK: 0 - CUDA_VISIBLE_DEVICES: [0]
[I 2023-11-30 06:20:33,171] Trial 104 finished with value: 701.7687377929688 and parameters: {'gradient_clip_val': 0.20566424708027667, 'hidden_size': 54, 'dropout': 0.38011802378134874, 'hidden_continuous_size': 22, 'attention_head_size': 2, 'learning_rate': 0.015093102414696982}. Best is trial 27 with value: 605.3361206054688.
LOCAL_RANK: 0 - CUDA_VISIBLE_DEVICES: [0]
[I 2023-11-30 06:20:45,906] Trial 105 finished with value: 660.5107421875 and parameters: {'gradient_clip_val': 0.17789229532965634, 'hidden_size': 45, 'dropout': 0.3317245317431756, 'hidden_continuous_size': 22, 'attention_head_size': 2, 'learning_rate': 0.010712198597322083}. Best is trial 27 with value: 605.3361206054688.
LOCAL_RANK: 0 - CUDA_VISIBLE_DEVICES: [0]
[I 2023-11-30 06:20:58,812] Trial 106 finished with value: 642.2236938476562 and parameters: {'gradient_clip_val': 0.14456637600110064, 'hidden_size': 58, 'dropout': 0.3455947381886513, 'hidden_continuous_size': 21, 'attention_head_size': 2, 'learning_rate': 0.008241282343924591}. Best is trial 27 with value: 605.3361206054688.
LOCAL_RANK: 0 - CUDA_VISIBLE_DEVICES: [0]
[I 2023-11-30 06:21:11,792] Trial 107 finished with value: 735.4755859375 and parameters: {'gradient_clip_val': 0.15326486046965548, 'hidden_size': 67, 'dropout': 0.3442724005756597, 'hidden_continuous_size': 21, 'attention_head_size': 2, 'learning_rate': 0.0073257857564961405}. Best is trial 27 with value: 605.3361206054688.
LOCAL_RANK: 0 - CUDA_VISIBLE_DEVICES: [0]
[I 2023-11-30 06:21:24,779] Trial 108 finished with value: 789.9794921875 and parameters: {'gradient_clip_val': 0.142090493089678, 'hidden_size': 62, 'dropout': 0.3541987433547499, 'hidden_continuous_size': 26, 'attention_head_size': 2, 'learning_rate': 0.00840304104128634}. Best is trial 27 with value: 605.3361206054688.
LOCAL_RANK: 0 - CUDA_VISIBLE_DEVICES: [0]
[I 2023-11-30 06:21:37,289] Trial 109 finished with value: 728.0980834960938 and parameters: {'gradient_clip_val': 0.16611870485424646, 'hidden_size': 49, 'dropout': 0.32228527077426344, 'hidden_continuous_size': 23, 'attention_head_size': 1, 'learning_rate': 0.0060294535428327125}. Best is trial 27 with value: 605.3361206054688.
LOCAL_RANK: 0 - CUDA_VISIBLE_DEVICES: [0]
[I 2023-11-30 06:21:50,107] Trial 110 finished with value: 643.3411865234375 and parameters: {'gradient_clip_val': 0.1764904282430339, 'hidden_size': 53, 'dropout': 0.3374826678057508, 'hidden_continuous_size': 20, 'attention_head_size': 2, 'learning_rate': 0.006816283469885774}. Best is trial 27 with value: 605.3361206054688.
LOCAL_RANK: 0 - CUDA_VISIBLE_DEVICES: [0]
[I 2023-11-30 06:22:02,703] Trial 111 finished with value: 674.1959838867188 and parameters: {'gradient_clip_val': 0.18042115932169817, 'hidden_size': 52, 'dropout': 0.34351770511695573, 'hidden_continuous_size': 20, 'attention_head_size': 2, 'learning_rate': 0.008030721054770765}. Best is trial 27 with value: 605.3361206054688.
LOCAL_RANK: 0 - CUDA_VISIBLE_DEVICES: [0]
[I 2023-11-30 06:22:15,522] Trial 112 finished with value: 831.946044921875 and parameters: {'gradient_clip_val': 0.19101344784072247, 'hidden_size': 55, 'dropout': 0.3369094314394588, 'hidden_continuous_size': 21, 'attention_head_size': 2, 'learning_rate': 0.006917738317736509}. Best is trial 27 with value: 605.3361206054688.
LOCAL_RANK: 0 - CUDA_VISIBLE_DEVICES: [0]
[I 2023-11-30 06:22:28,047] Trial 113 finished with value: 839.6842651367188 and parameters: {'gradient_clip_val': 0.15508438564169447, 'hidden_size': 47, 'dropout': 0.3287807989106423, 'hidden_continuous_size': 18, 'attention_head_size': 2, 'learning_rate': 0.00940846021318596}. Best is trial 27 with value: 605.3361206054688.
LOCAL_RANK: 0 - CUDA_VISIBLE_DEVICES: [0]
[I 2023-11-30 06:22:40,332] Trial 114 finished with value: 908.412109375 and parameters: {'gradient_clip_val': 0.14734350546093986, 'hidden_size': 40, 'dropout': 0.3608030595007814, 'hidden_continuous_size': 20, 'attention_head_size': 2, 'learning_rate': 0.006657066884684844}. Best is trial 27 with value: 605.3361206054688.
LOCAL_RANK: 0 - CUDA_VISIBLE_DEVICES: [0]
[I 2023-11-30 06:22:52,705] Trial 115 finished with value: 1065.0838623046875 and parameters: {'gradient_clip_val': 0.17970135047221292, 'hidden_size': 44, 'dropout': 0.35090278353467425, 'hidden_continuous_size': 19, 'attention_head_size': 2, 'learning_rate': 0.005198342768483047}. Best is trial 27 with value: 605.3361206054688.
LOCAL_RANK: 0 - CUDA_VISIBLE_DEVICES: [0]
[I 2023-11-30 06:23:05,753] Trial 116 finished with value: 727.1380004882812 and parameters: {'gradient_clip_val': 0.17117427772457203, 'hidden_size': 60, 'dropout': 0.3344395672262045, 'hidden_continuous_size': 25, 'attention_head_size': 3, 'learning_rate': 0.005744905166471676}. Best is trial 27 with value: 605.3361206054688.
LOCAL_RANK: 0 - CUDA_VISIBLE_DEVICES: [0]
[I 2023-11-30 06:23:18,931] Trial 117 finished with value: 752.400634765625 and parameters: {'gradient_clip_val': 0.16422519709504638, 'hidden_size': 74, 'dropout': 0.3164562914722025, 'hidden_continuous_size': 18, 'attention_head_size': 2, 'learning_rate': 0.007491128142129474}. Best is trial 27 with value: 605.3361206054688.
LOCAL_RANK: 0 - CUDA_VISIBLE_DEVICES: [0]
[I 2023-11-30 06:23:31,584] Trial 118 finished with value: 495.7992248535156 and parameters: {'gradient_clip_val': 0.13821124698801754, 'hidden_size': 52, 'dropout': 0.34218981595117, 'hidden_continuous_size': 22, 'attention_head_size': 2, 'learning_rate': 0.013443360179087593}. Best is trial 118 with value: 495.7992248535156.
LOCAL_RANK: 0 - CUDA_VISIBLE_DEVICES: [0]
[I 2023-11-30 06:23:44,209] Trial 119 finished with value: 810.099609375 and parameters: {'gradient_clip_val': 0.13644177747081399, 'hidden_size': 56, 'dropout': 0.3449469061022041, 'hidden_continuous_size': 24, 'attention_head_size': 2, 'learning_rate': 0.011843147825850607}. Best is trial 118 with value: 495.7992248535156.
LOCAL_RANK: 0 - CUDA_VISIBLE_DEVICES: [0]
[I 2023-11-30 06:23:57,153] Trial 120 finished with value: 665.599853515625 and parameters: {'gradient_clip_val': 0.12700740319776346, 'hidden_size': 70, 'dropout': 0.3261169333756215, 'hidden_continuous_size': 17, 'attention_head_size': 2, 'learning_rate': 0.008168652368167004}. Best is trial 118 with value: 495.7992248535156.
LOCAL_RANK: 0 - CUDA_VISIBLE_DEVICES: [0]
[I 2023-11-30 06:24:09,742] Trial 121 finished with value: 781.8733520507812 and parameters: {'gradient_clip_val': 0.15949191961501916, 'hidden_size': 52, 'dropout': 0.35573257512318274, 'hidden_continuous_size': 21, 'attention_head_size': 2, 'learning_rate': 0.013745906697631859}. Best is trial 118 with value: 495.7992248535156.
LOCAL_RANK: 0 - CUDA_VISIBLE_DEVICES: [0]
[I 2023-11-30 06:24:22,252] Trial 122 finished with value: 884.5509643554688 and parameters: {'gradient_clip_val': 0.19237605768439067, 'hidden_size': 47, 'dropout': 0.3393133783657257, 'hidden_continuous_size': 20, 'attention_head_size': 2, 'learning_rate': 0.015573144162930597}. Best is trial 118 with value: 495.7992248535156.
LOCAL_RANK: 0 - CUDA_VISIBLE_DEVICES: [0]
[I 2023-11-30 06:24:35,295] Trial 123 finished with value: 731.2921752929688 and parameters: {'gradient_clip_val': 0.1406785185569598, 'hidden_size': 63, 'dropout': 0.3664627842446423, 'hidden_continuous_size': 22, 'attention_head_size': 2, 'learning_rate': 0.010210923685794623}. Best is trial 118 with value: 495.7992248535156.
LOCAL_RANK: 0 - CUDA_VISIBLE_DEVICES: [0]
[I 2023-11-30 06:24:48,157] Trial 124 finished with value: 774.1384887695312 and parameters: {'gradient_clip_val': 0.14801187531028678, 'hidden_size': 59, 'dropout': 0.34759783185279874, 'hidden_continuous_size': 23, 'attention_head_size': 2, 'learning_rate': 0.009041334081048713}. Best is trial 118 with value: 495.7992248535156.
LOCAL_RANK: 0 - CUDA_VISIBLE_DEVICES: [0]
[I 2023-11-30 06:25:00,770] Trial 125 finished with value: 806.240234375 and parameters: {'gradient_clip_val': 0.17394633768522197, 'hidden_size': 43, 'dropout': 0.33237542820984345, 'hidden_continuous_size': 21, 'attention_head_size': 2, 'learning_rate': 0.01737564673244995}. Best is trial 118 with value: 495.7992248535156.
LOCAL_RANK: 0 - CUDA_VISIBLE_DEVICES: [0]
[I 2023-11-30 06:25:13,623] Trial 126 finished with value: 1076.8194580078125 and parameters: {'gradient_clip_val': 0.18443639711870471, 'hidden_size': 51, 'dropout': 0.3399429051266447, 'hidden_continuous_size': 19, 'attention_head_size': 2, 'learning_rate': 0.006396633434530614}. Best is trial 118 with value: 495.7992248535156.
LOCAL_RANK: 0 - CUDA_VISIBLE_DEVICES: [0]
[I 2023-11-30 06:25:26,454] Trial 127 finished with value: 648.5631713867188 and parameters: {'gradient_clip_val': 0.20269011521931132, 'hidden_size': 54, 'dropout': 0.3578518240924982, 'hidden_continuous_size': 22, 'attention_head_size': 2, 'learning_rate': 0.011566254885802658}. Best is trial 118 with value: 495.7992248535156.
LOCAL_RANK: 0 - CUDA_VISIBLE_DEVICES: [0]
[I 2023-11-30 06:25:39,007] Trial 128 finished with value: 671.758544921875 and parameters: {'gradient_clip_val': 0.2188370178690053, 'hidden_size': 54, 'dropout': 0.3235648453319193, 'hidden_continuous_size': 20, 'attention_head_size': 2, 'learning_rate': 0.011811694360209919}. Best is trial 118 with value: 495.7992248535156.
LOCAL_RANK: 0 - CUDA_VISIBLE_DEVICES: [0]
[I 2023-11-30 06:25:52,056] Trial 129 finished with value: 735.8193359375 and parameters: {'gradient_clip_val': 0.20016612181421645, 'hidden_size': 68, 'dropout': 0.3532487848547766, 'hidden_continuous_size': 27, 'attention_head_size': 3, 'learning_rate': 0.01057152140469526}. Best is trial 118 with value: 495.7992248535156.
LOCAL_RANK: 0 - CUDA_VISIBLE_DEVICES: [0]
[I 2023-11-30 06:26:04,937] Trial 130 finished with value: 616.2294311523438 and parameters: {'gradient_clip_val': 0.12644682156320097, 'hidden_size': 57, 'dropout': 0.3645362469649273, 'hidden_continuous_size': 24, 'attention_head_size': 2, 'learning_rate': 0.00963997250821469}. Best is trial 118 with value: 495.7992248535156.
LOCAL_RANK: 0 - CUDA_VISIBLE_DEVICES: [0]
[I 2023-11-30 06:26:17,878] Trial 131 finished with value: 595.4486694335938 and parameters: {'gradient_clip_val': 0.12203312994279823, 'hidden_size': 57, 'dropout': 0.3633051826843595, 'hidden_continuous_size': 24, 'attention_head_size': 2, 'learning_rate': 0.009491772916896535}. Best is trial 118 with value: 495.7992248535156.
LOCAL_RANK: 0 - CUDA_VISIBLE_DEVICES: [0]
[I 2023-11-30 06:26:30,871] Trial 132 finished with value: 623.4349975585938 and parameters: {'gradient_clip_val': 0.12634222130464753, 'hidden_size': 58, 'dropout': 0.372690356591726, 'hidden_continuous_size': 25, 'attention_head_size': 2, 'learning_rate': 0.008823570214822935}. Best is trial 118 with value: 495.7992248535156.
LOCAL_RANK: 0 - CUDA_VISIBLE_DEVICES: [0]
[I 2023-11-30 06:26:43,844] Trial 133 finished with value: 673.880126953125 and parameters: {'gradient_clip_val': 0.1266845683519813, 'hidden_size': 59, 'dropout': 0.37420749190096114, 'hidden_continuous_size': 25, 'attention_head_size': 2, 'learning_rate': 0.009424466623905094}. Best is trial 118 with value: 495.7992248535156.
LOCAL_RANK: 0 - CUDA_VISIBLE_DEVICES: [0]
[I 2023-11-30 06:26:56,811] Trial 134 finished with value: 644.0250244140625 and parameters: {'gradient_clip_val': 0.11828116465798263, 'hidden_size': 65, 'dropout': 0.36491883173680634, 'hidden_continuous_size': 24, 'attention_head_size': 2, 'learning_rate': 0.008424892576114633}. Best is trial 118 with value: 495.7992248535156.
LOCAL_RANK: 0 - CUDA_VISIBLE_DEVICES: [0]
[I 2023-11-30 06:27:09,600] Trial 135 finished with value: 648.5718383789062 and parameters: {'gradient_clip_val': 0.13114213231253255, 'hidden_size': 57, 'dropout': 0.3633514787365717, 'hidden_continuous_size': 25, 'attention_head_size': 2, 'learning_rate': 0.009474800192841918}. Best is trial 118 with value: 495.7992248535156.
LOCAL_RANK: 0 - CUDA_VISIBLE_DEVICES: [0]
[I 2023-11-30 06:27:22,878] Trial 136 finished with value: 819.09912109375 and parameters: {'gradient_clip_val': 0.12327724651493058, 'hidden_size': 63, 'dropout': 0.3702609944472632, 'hidden_continuous_size': 26, 'attention_head_size': 2, 'learning_rate': 0.007811232184319757}. Best is trial 118 with value: 495.7992248535156.
LOCAL_RANK: 0 - CUDA_VISIBLE_DEVICES: [0]
[I 2023-11-30 06:27:35,930] Trial 137 finished with value: 650.5650024414062 and parameters: {'gradient_clip_val': 0.13668819510424998, 'hidden_size': 72, 'dropout': 0.34905188464792075, 'hidden_continuous_size': 28, 'attention_head_size': 2, 'learning_rate': 0.010334505713538441}. Best is trial 118 with value: 495.7992248535156.
LOCAL_RANK: 0 - CUDA_VISIBLE_DEVICES: [0]
[I 2023-11-30 06:27:48,809] Trial 138 finished with value: 648.7289428710938 and parameters: {'gradient_clip_val': 0.11078202582872593, 'hidden_size': 60, 'dropout': 0.3736647041820818, 'hidden_continuous_size': 23, 'attention_head_size': 2, 'learning_rate': 0.008737518018684406}. Best is trial 118 with value: 495.7992248535156.
LOCAL_RANK: 0 - CUDA_VISIBLE_DEVICES: [0]
[I 2023-11-30 06:28:02,028] Trial 139 finished with value: 872.3359375 and parameters: {'gradient_clip_val': 0.13438337210368645, 'hidden_size': 77, 'dropout': 0.3123743670645415, 'hidden_continuous_size': 27, 'attention_head_size': 2, 'learning_rate': 0.012695306091560377}. Best is trial 118 with value: 495.7992248535156.
LOCAL_RANK: 0 - CUDA_VISIBLE_DEVICES: [0]
[I 2023-11-30 06:28:15,092] Trial 140 finished with value: 723.4075317382812 and parameters: {'gradient_clip_val': 0.1434849524795443, 'hidden_size': 68, 'dropout': 0.34649909751522906, 'hidden_continuous_size': 24, 'attention_head_size': 3, 'learning_rate': 0.007568151923121881}. Best is trial 118 with value: 495.7992248535156.
LOCAL_RANK: 0 - CUDA_VISIBLE_DEVICES: [0]
[I 2023-11-30 06:28:27,845] Trial 141 finished with value: 629.105224609375 and parameters: {'gradient_clip_val': 0.15324653652149223, 'hidden_size': 56, 'dropout': 0.33013671684241125, 'hidden_continuous_size': 23, 'attention_head_size': 2, 'learning_rate': 0.007095777570466566}. Best is trial 118 with value: 495.7992248535156.
LOCAL_RANK: 0 - CUDA_VISIBLE_DEVICES: [0]
[I 2023-11-30 06:28:40,583] Trial 142 finished with value: 666.5757446289062 and parameters: {'gradient_clip_val': 0.150617232801545, 'hidden_size': 57, 'dropout': 0.32016854790468213, 'hidden_continuous_size': 23, 'attention_head_size': 2, 'learning_rate': 0.007111048307759809}. Best is trial 118 with value: 495.7992248535156.
LOCAL_RANK: 0 - CUDA_VISIBLE_DEVICES: [0]
[I 2023-11-30 06:28:53,292] Trial 143 finished with value: 752.6902465820312 and parameters: {'gradient_clip_val': 0.11806879033400963, 'hidden_size': 50, 'dropout': 0.3308387010291158, 'hidden_continuous_size': 23, 'attention_head_size': 2, 'learning_rate': 0.008158968493790138}. Best is trial 118 with value: 495.7992248535156.
LOCAL_RANK: 0 - CUDA_VISIBLE_DEVICES: [0]
[I 2023-11-30 06:29:06,205] Trial 144 finished with value: 832.6443481445312 and parameters: {'gradient_clip_val': 0.14182145861429102, 'hidden_size': 64, 'dropout': 0.23330234029849978, 'hidden_continuous_size': 25, 'attention_head_size': 2, 'learning_rate': 0.009722410439679417}. Best is trial 118 with value: 495.7992248535156.
LOCAL_RANK: 0 - CUDA_VISIBLE_DEVICES: [0]
[I 2023-11-30 06:29:18,807] Trial 145 finished with value: 820.48388671875 and parameters: {'gradient_clip_val': 0.1558792441550166, 'hidden_size': 47, 'dropout': 0.3429821613646958, 'hidden_continuous_size': 22, 'attention_head_size': 2, 'learning_rate': 0.006272633976603682}. Best is trial 118 with value: 495.7992248535156.
LOCAL_RANK: 0 - CUDA_VISIBLE_DEVICES: [0]
[I 2023-11-30 06:29:31,966] Trial 146 finished with value: 645.377685546875 and parameters: {'gradient_clip_val': 0.1309886805025899, 'hidden_size': 61, 'dropout': 0.3287893022479013, 'hidden_continuous_size': 21, 'attention_head_size': 2, 'learning_rate': 0.011070646549019762}. Best is trial 118 with value: 495.7992248535156.
LOCAL_RANK: 0 - CUDA_VISIBLE_DEVICES: [0]
[I 2023-11-30 06:29:44,718] Trial 147 finished with value: 770.8987426757812 and parameters: {'gradient_clip_val': 0.10309121793690167, 'hidden_size': 54, 'dropout': 0.3543504400366139, 'hidden_continuous_size': 24, 'attention_head_size': 2, 'learning_rate': 0.00909063730093895}. Best is trial 118 with value: 495.7992248535156.
LOCAL_RANK: 0 - CUDA_VISIBLE_DEVICES: [0]
[I 2023-11-30 06:29:57,194] Trial 148 finished with value: 798.48828125 and parameters: {'gradient_clip_val': 0.12166114863309278, 'hidden_size': 56, 'dropout': 0.3599615082462226, 'hidden_continuous_size': 19, 'attention_head_size': 2, 'learning_rate': 0.007331339992610403}. Best is trial 118 with value: 495.7992248535156.
LOCAL_RANK: 0 - CUDA_VISIBLE_DEVICES: [0]
[I 2023-11-30 06:30:09,654] Trial 149 finished with value: 864.4733276367188 and parameters: {'gradient_clip_val': 0.145399976046822, 'hidden_size': 45, 'dropout': 0.3346951102509167, 'hidden_continuous_size': 16, 'attention_head_size': 2, 'learning_rate': 0.00882612191472197}. Best is trial 118 with value: 495.7992248535156.
[I 2023-11-30 06:30:09,764] A new study created in memory with name: no-name-6e623a51-5066-4428-80a6-3b4849b8452e
/home/le004/conda/anaconda3/envs/tsff_env/lib/python3.9/site-packages/lightning/fabric/plugins/environments/slurm.py:191: The `srun` command is available on your system but is not used. HINT: If your intention is to run Lightning on SLURM, prepend your python command with `srun` like so: srun python /home/le004/master_thesis/git/TSFusionForecast/code/ ...
LOCAL_RANK: 0 - CUDA_VISIBLE_DEVICES: [0]
[I 2023-11-30 06:30:22,184] Trial 0 finished with value: 52.80521774291992 and parameters: {'gradient_clip_val': 0.18575523781537154, 'hidden_size': 44, 'dropout': 0.36599202971143974, 'hidden_continuous_size': 29, 'attention_head_size': 3, 'learning_rate': 0.01297863513461436}. Best is trial 0 with value: 52.80521774291992.
LOCAL_RANK: 0 - CUDA_VISIBLE_DEVICES: [0]
[I 2023-11-30 06:30:35,654] Trial 1 finished with value: 49.35111999511719 and parameters: {'gradient_clip_val': 0.21938426584767295, 'hidden_size': 102, 'dropout': 0.3037081478587605, 'hidden_continuous_size': 12, 'attention_head_size': 4, 'learning_rate': 0.04807855364234583}. Best is trial 1 with value: 49.35111999511719.
LOCAL_RANK: 0 - CUDA_VISIBLE_DEVICES: [0]
[I 2023-11-30 06:30:47,556] Trial 2 finished with value: 51.9512825012207 and parameters: {'gradient_clip_val': 0.8751426896282041, 'hidden_size': 19, 'dropout': 0.30070392244533595, 'hidden_continuous_size': 18, 'attention_head_size': 2, 'learning_rate': 0.017266225753261068}. Best is trial 1 with value: 49.35111999511719.
LOCAL_RANK: 0 - CUDA_VISIBLE_DEVICES: [0]
[I 2023-11-30 06:31:01,692] Trial 3 finished with value: 50.8170051574707 and parameters: {'gradient_clip_val': 0.4769000004155558, 'hidden_size': 147, 'dropout': 0.3959853135163367, 'hidden_continuous_size': 45, 'attention_head_size': 3, 'learning_rate': 0.007295936587465664}. Best is trial 1 with value: 49.35111999511719.
LOCAL_RANK: 0 - CUDA_VISIBLE_DEVICES: [0]
[I 2023-11-30 06:31:13,763] Trial 4 finished with value: 47.163604736328125 and parameters: {'gradient_clip_val': 0.7457431439029205, 'hidden_size': 27, 'dropout': 0.2506479146772158, 'hidden_continuous_size': 17, 'attention_head_size': 2, 'learning_rate': 0.07204961983316495}. Best is trial 4 with value: 47.163604736328125.
LOCAL_RANK: 0 - CUDA_VISIBLE_DEVICES: [0]
[I 2023-11-30 06:31:27,533] Trial 5 finished with value: 65.72826385498047 and parameters: {'gradient_clip_val': 0.2486463135913863, 'hidden_size': 79, 'dropout': 0.3119539923308068, 'hidden_continuous_size': 54, 'attention_head_size': 3, 'learning_rate': 0.001282482896311174}. Best is trial 4 with value: 47.163604736328125.
LOCAL_RANK: 0 - CUDA_VISIBLE_DEVICES: [0]
[I 2023-11-30 06:31:40,212] Trial 6 finished with value: 51.04319763183594 and parameters: {'gradient_clip_val': 0.830478609147924, 'hidden_size': 49, 'dropout': 0.31619130644895943, 'hidden_continuous_size': 27, 'attention_head_size': 2, 'learning_rate': 0.03787863600574501}. Best is trial 4 with value: 47.163604736328125.
LOCAL_RANK: 0 - CUDA_VISIBLE_DEVICES: [0]
