[I 2023-11-30 09:10:06,102] Trial 114 finished with value: 490.476806640625 and parameters: {'gradient_clip_val': 0.16046625608438678, 'hidden_size': 52, 'dropout': 0.3125838917750388, 'hidden_continuous_size': 23, 'attention_head_size': 3, 'learning_rate': 0.007049590733791803}. Best is trial 104 with value: 412.269775390625.
LOCAL_RANK: 0 - CUDA_VISIBLE_DEVICES: [0]
[I 2023-11-30 09:10:19,116] Trial 115 finished with value: 428.14794921875 and parameters: {'gradient_clip_val': 0.19542173311159344, 'hidden_size': 46, 'dropout': 0.30461520773994205, 'hidden_continuous_size': 24, 'attention_head_size': 3, 'learning_rate': 0.007845088839307245}. Best is trial 104 with value: 412.269775390625.
LOCAL_RANK: 0 - CUDA_VISIBLE_DEVICES: [0]
[I 2023-11-30 09:10:31,987] Trial 116 finished with value: 594.1530151367188 and parameters: {'gradient_clip_val': 0.23825430115407842, 'hidden_size': 43, 'dropout': 0.2989526025169732, 'hidden_continuous_size': 22, 'attention_head_size': 3, 'learning_rate': 0.006624415432328778}. Best is trial 104 with value: 412.269775390625.
LOCAL_RANK: 0 - CUDA_VISIBLE_DEVICES: [0]
[I 2023-11-30 09:10:44,900] Trial 117 finished with value: 492.4935607910156 and parameters: {'gradient_clip_val': 0.19659154722734068, 'hidden_size': 47, 'dropout': 0.282058574050676, 'hidden_continuous_size': 20, 'attention_head_size': 3, 'learning_rate': 0.008943820027584664}. Best is trial 104 with value: 412.269775390625.
LOCAL_RANK: 0 - CUDA_VISIBLE_DEVICES: [0]
[I 2023-11-30 09:10:57,748] Trial 118 finished with value: 460.0423889160156 and parameters: {'gradient_clip_val': 0.18165164308683227, 'hidden_size': 46, 'dropout': 0.30742400209790904, 'hidden_continuous_size': 26, 'attention_head_size': 3, 'learning_rate': 0.007753467104209775}. Best is trial 104 with value: 412.269775390625.
LOCAL_RANK: 0 - CUDA_VISIBLE_DEVICES: [0]
[I 2023-11-30 09:11:10,682] Trial 119 finished with value: 470.7864990234375 and parameters: {'gradient_clip_val': 0.21263634832951964, 'hidden_size': 41, 'dropout': 0.2940831812259596, 'hidden_continuous_size': 12, 'attention_head_size': 3, 'learning_rate': 0.005957975440218447}. Best is trial 104 with value: 412.269775390625.
LOCAL_RANK: 0 - CUDA_VISIBLE_DEVICES: [0]
[I 2023-11-30 09:11:23,714] Trial 120 finished with value: 482.4525451660156 and parameters: {'gradient_clip_val': 0.2294076343077835, 'hidden_size': 50, 'dropout': 0.2708356012533611, 'hidden_continuous_size': 22, 'attention_head_size': 2, 'learning_rate': 0.008385962653098867}. Best is trial 104 with value: 412.269775390625.
LOCAL_RANK: 0 - CUDA_VISIBLE_DEVICES: [0]
[I 2023-11-30 09:11:36,807] Trial 121 finished with value: 494.0108947753906 and parameters: {'gradient_clip_val': 0.1763769602120805, 'hidden_size': 56, 'dropout': 0.3186834464965964, 'hidden_continuous_size': 24, 'attention_head_size': 3, 'learning_rate': 0.007274404524851418}. Best is trial 104 with value: 412.269775390625.
LOCAL_RANK: 0 - CUDA_VISIBLE_DEVICES: [0]
[I 2023-11-30 09:11:49,606] Trial 122 finished with value: 460.7118835449219 and parameters: {'gradient_clip_val': 0.19202523220888396, 'hidden_size': 44, 'dropout': 0.3049699564166419, 'hidden_continuous_size': 24, 'attention_head_size': 3, 'learning_rate': 0.007826248997658686}. Best is trial 104 with value: 412.269775390625.
LOCAL_RANK: 0 - CUDA_VISIBLE_DEVICES: [0]
[I 2023-11-30 09:12:02,953] Trial 123 finished with value: 449.3379821777344 and parameters: {'gradient_clip_val': 0.2047202749589968, 'hidden_size': 60, 'dropout': 0.33674970805350796, 'hidden_continuous_size': 23, 'attention_head_size': 3, 'learning_rate': 0.009130162751390147}. Best is trial 104 with value: 412.269775390625.
LOCAL_RANK: 0 - CUDA_VISIBLE_DEVICES: [0]
[I 2023-11-30 09:12:15,963] Trial 124 finished with value: 492.6884765625 and parameters: {'gradient_clip_val': 0.20817470891006246, 'hidden_size': 48, 'dropout': 0.3374867213774306, 'hidden_continuous_size': 21, 'attention_head_size': 3, 'learning_rate': 0.009619300780532034}. Best is trial 104 with value: 412.269775390625.
LOCAL_RANK: 0 - CUDA_VISIBLE_DEVICES: [0]
[I 2023-11-30 09:12:28,908] Trial 125 finished with value: 508.615478515625 and parameters: {'gradient_clip_val': 0.22052096563488674, 'hidden_size': 52, 'dropout': 0.3457800842966727, 'hidden_continuous_size': 25, 'attention_head_size': 3, 'learning_rate': 0.009026870904350727}. Best is trial 104 with value: 412.269775390625.
LOCAL_RANK: 0 - CUDA_VISIBLE_DEVICES: [0]
[I 2023-11-30 09:12:42,423] Trial 126 finished with value: 535.4398803710938 and parameters: {'gradient_clip_val': 0.20079029818103167, 'hidden_size': 70, 'dropout': 0.33465484578792337, 'hidden_continuous_size': 22, 'attention_head_size': 3, 'learning_rate': 0.013159704643146534}. Best is trial 104 with value: 412.269775390625.
LOCAL_RANK: 0 - CUDA_VISIBLE_DEVICES: [0]
[I 2023-11-30 09:12:55,130] Trial 127 finished with value: 494.4715881347656 and parameters: {'gradient_clip_val': 0.1851072675064227, 'hidden_size': 41, 'dropout': 0.32770311427969134, 'hidden_continuous_size': 23, 'attention_head_size': 3, 'learning_rate': 0.010070046050876337}. Best is trial 104 with value: 412.269775390625.
LOCAL_RANK: 0 - CUDA_VISIBLE_DEVICES: [0]
[I 2023-11-30 09:13:08,448] Trial 128 finished with value: 514.5702514648438 and parameters: {'gradient_clip_val': 0.17440372879589153, 'hidden_size': 59, 'dropout': 0.3425906915204764, 'hidden_continuous_size': 25, 'attention_head_size': 3, 'learning_rate': 0.012028234884498156}. Best is trial 104 with value: 412.269775390625.
LOCAL_RANK: 0 - CUDA_VISIBLE_DEVICES: [0]
[I 2023-11-30 09:13:21,788] Trial 129 finished with value: 655.0091552734375 and parameters: {'gradient_clip_val': 0.2595363520682029, 'hidden_size': 55, 'dropout': 0.2844867350701687, 'hidden_continuous_size': 24, 'attention_head_size': 3, 'learning_rate': 0.008641382093940131}. Best is trial 104 with value: 412.269775390625.
LOCAL_RANK: 0 - CUDA_VISIBLE_DEVICES: [0]
[I 2023-11-30 09:13:34,604] Trial 130 finished with value: 454.70751953125 and parameters: {'gradient_clip_val': 0.19012583330232177, 'hidden_size': 45, 'dropout': 0.3543700250747646, 'hidden_continuous_size': 10, 'attention_head_size': 4, 'learning_rate': 0.026281024509336563}. Best is trial 104 with value: 412.269775390625.
LOCAL_RANK: 0 - CUDA_VISIBLE_DEVICES: [0]
[I 2023-11-30 09:13:48,024] Trial 131 finished with value: 504.1643981933594 and parameters: {'gradient_clip_val': 0.16018102515581117, 'hidden_size': 63, 'dropout': 0.31506781993960986, 'hidden_continuous_size': 23, 'attention_head_size': 3, 'learning_rate': 0.007832925229554645}. Best is trial 104 with value: 412.269775390625.
LOCAL_RANK: 0 - CUDA_VISIBLE_DEVICES: [0]
[I 2023-11-30 09:14:01,165] Trial 132 finished with value: 480.9571228027344 and parameters: {'gradient_clip_val': 0.15137449743072462, 'hidden_size': 60, 'dropout': 0.30286603212651464, 'hidden_continuous_size': 23, 'attention_head_size': 3, 'learning_rate': 0.006519112013277231}. Best is trial 104 with value: 412.269775390625.
LOCAL_RANK: 0 - CUDA_VISIBLE_DEVICES: [0]
[I 2023-11-30 09:14:14,173] Trial 133 finished with value: 459.5305480957031 and parameters: {'gradient_clip_val': 0.16490268439042216, 'hidden_size': 50, 'dropout': 0.30990236241057023, 'hidden_continuous_size': 21, 'attention_head_size': 3, 'learning_rate': 0.010509531211142233}. Best is trial 104 with value: 412.269775390625.
LOCAL_RANK: 0 - CUDA_VISIBLE_DEVICES: [0]
[I 2023-11-30 09:14:27,848] Trial 134 finished with value: 496.703125 and parameters: {'gradient_clip_val': 0.20435327025380748, 'hidden_size': 74, 'dropout': 0.32080601818746357, 'hidden_continuous_size': 28, 'attention_head_size': 3, 'learning_rate': 0.013705246721820719}. Best is trial 104 with value: 412.269775390625.
LOCAL_RANK: 0 - CUDA_VISIBLE_DEVICES: [0]
[I 2023-11-30 09:14:41,028] Trial 135 finished with value: 566.2998657226562 and parameters: {'gradient_clip_val': 0.1732613370577987, 'hidden_size': 54, 'dropout': 0.328967572117977, 'hidden_continuous_size': 26, 'attention_head_size': 3, 'learning_rate': 0.0059029378501194935}. Best is trial 104 with value: 412.269775390625.
LOCAL_RANK: 0 - CUDA_VISIBLE_DEVICES: [0]
[I 2023-11-30 09:14:54,286] Trial 136 finished with value: 492.0268249511719 and parameters: {'gradient_clip_val': 0.2155179718947248, 'hidden_size': 63, 'dropout': 0.29264253020502756, 'hidden_continuous_size': 30, 'attention_head_size': 3, 'learning_rate': 0.008293050667650407}. Best is trial 104 with value: 412.269775390625.
LOCAL_RANK: 0 - CUDA_VISIBLE_DEVICES: [0]
[I 2023-11-30 09:15:07,699] Trial 137 finished with value: 458.5036926269531 and parameters: {'gradient_clip_val': 0.18578136335403836, 'hidden_size': 67, 'dropout': 0.3141699292320246, 'hidden_continuous_size': 19, 'attention_head_size': 4, 'learning_rate': 0.01818299080161809}. Best is trial 104 with value: 412.269775390625.
LOCAL_RANK: 0 - CUDA_VISIBLE_DEVICES: [0]
[I 2023-11-30 09:15:20,973] Trial 138 finished with value: 565.6614379882812 and parameters: {'gradient_clip_val': 0.1469323440005082, 'hidden_size': 59, 'dropout': 0.36791037037732033, 'hidden_continuous_size': 25, 'attention_head_size': 3, 'learning_rate': 0.007043858937710721}. Best is trial 104 with value: 412.269775390625.
LOCAL_RANK: 0 - CUDA_VISIBLE_DEVICES: [0]
[I 2023-11-30 09:15:34,163] Trial 139 finished with value: 427.9508972167969 and parameters: {'gradient_clip_val': 0.1954543056086367, 'hidden_size': 48, 'dropout': 0.33552964186554374, 'hidden_continuous_size': 23, 'attention_head_size': 4, 'learning_rate': 0.015761903709434824}. Best is trial 104 with value: 412.269775390625.
LOCAL_RANK: 0 - CUDA_VISIBLE_DEVICES: [0]
[I 2023-11-30 09:15:47,052] Trial 140 finished with value: 462.8776550292969 and parameters: {'gradient_clip_val': 0.1975674370702623, 'hidden_size': 38, 'dropout': 0.3370440654420811, 'hidden_continuous_size': 24, 'attention_head_size': 4, 'learning_rate': 0.014884242680951771}. Best is trial 104 with value: 412.269775390625.
LOCAL_RANK: 0 - CUDA_VISIBLE_DEVICES: [0]
[I 2023-11-30 09:16:00,081] Trial 141 finished with value: 614.0961303710938 and parameters: {'gradient_clip_val': 0.18045598807061675, 'hidden_size': 49, 'dropout': 0.3232619056546417, 'hidden_continuous_size': 22, 'attention_head_size': 4, 'learning_rate': 0.022290885714277286}. Best is trial 104 with value: 412.269775390625.
LOCAL_RANK: 0 - CUDA_VISIBLE_DEVICES: [0]
[I 2023-11-30 09:16:13,202] Trial 142 finished with value: 616.2144165039062 and parameters: {'gradient_clip_val': 0.19195652784446965, 'hidden_size': 47, 'dropout': 0.3325830705461226, 'hidden_continuous_size': 23, 'attention_head_size': 4, 'learning_rate': 0.016351422887135314}. Best is trial 104 with value: 412.269775390625.
LOCAL_RANK: 0 - CUDA_VISIBLE_DEVICES: [0]
[I 2023-11-30 09:16:26,164] Trial 143 finished with value: 479.6133728027344 and parameters: {'gradient_clip_val': 0.16873208912230808, 'hidden_size': 44, 'dropout': 0.3453689713501447, 'hidden_continuous_size': 22, 'attention_head_size': 4, 'learning_rate': 0.009289295750636629}. Best is trial 104 with value: 412.269775390625.
LOCAL_RANK: 0 - CUDA_VISIBLE_DEVICES: [0]
[I 2023-11-30 09:16:39,427] Trial 144 finished with value: 508.4471740722656 and parameters: {'gradient_clip_val': 0.22721678741466664, 'hidden_size': 53, 'dropout': 0.3190256347345685, 'hidden_continuous_size': 24, 'attention_head_size': 4, 'learning_rate': 0.012811259396169436}. Best is trial 104 with value: 412.269775390625.
LOCAL_RANK: 0 - CUDA_VISIBLE_DEVICES: [0]
[I 2023-11-30 09:16:52,613] Trial 145 finished with value: 414.8736267089844 and parameters: {'gradient_clip_val': 0.18002464654780112, 'hidden_size': 55, 'dropout': 0.3267775140599475, 'hidden_continuous_size': 20, 'attention_head_size': 4, 'learning_rate': 0.011139826328375704}. Best is trial 104 with value: 412.269775390625.
LOCAL_RANK: 0 - CUDA_VISIBLE_DEVICES: [0]
[I 2023-11-30 09:17:05,696] Trial 146 finished with value: 475.9356994628906 and parameters: {'gradient_clip_val': 0.2066653029866417, 'hidden_size': 56, 'dropout': 0.33901146861287673, 'hidden_continuous_size': 20, 'attention_head_size': 4, 'learning_rate': 0.011168567510021975}. Best is trial 104 with value: 412.269775390625.
LOCAL_RANK: 0 - CUDA_VISIBLE_DEVICES: [0]
[I 2023-11-30 09:17:18,588] Trial 147 finished with value: 475.3569030761719 and parameters: {'gradient_clip_val': 0.17968376516626478, 'hidden_size': 46, 'dropout': 0.36212216025629357, 'hidden_continuous_size': 13, 'attention_head_size': 4, 'learning_rate': 0.015221860684092595}. Best is trial 104 with value: 412.269775390625.
LOCAL_RANK: 0 - CUDA_VISIBLE_DEVICES: [0]
[I 2023-11-30 09:17:31,687] Trial 148 finished with value: 531.6767578125 and parameters: {'gradient_clip_val': 0.19527764646987683, 'hidden_size': 50, 'dropout': 0.32456157468327923, 'hidden_continuous_size': 21, 'attention_head_size': 4, 'learning_rate': 0.011660274373823526}. Best is trial 104 with value: 412.269775390625.
LOCAL_RANK: 0 - CUDA_VISIBLE_DEVICES: [0]
[I 2023-11-30 09:17:44,705] Trial 149 finished with value: 497.140869140625 and parameters: {'gradient_clip_val': 0.23883252640437927, 'hidden_size': 40, 'dropout': 0.35477650915878556, 'hidden_continuous_size': 19, 'attention_head_size': 4, 'learning_rate': 0.01902067001300583}. Best is trial 104 with value: 412.269775390625.
[I 2023-11-30 09:17:44,828] A new study created in memory with name: no-name-262a4283-8d4e-4904-9892-152a78bd4e61
/home/le004/conda/anaconda3/envs/tsff_env/lib/python3.9/site-packages/lightning/fabric/plugins/environments/slurm.py:191: The `srun` command is available on your system but is not used. HINT: If your intention is to run Lightning on SLURM, prepend your python command with `srun` like so: srun python /home/le004/master_thesis/git/TSFusionForecast/code/ ...
LOCAL_RANK: 0 - CUDA_VISIBLE_DEVICES: [0]
[I 2023-11-30 09:17:57,304] Trial 0 finished with value: 657.4793701171875 and parameters: {'gradient_clip_val': 0.33797822650582743, 'hidden_size': 27, 'dropout': 0.39457882219625007, 'hidden_continuous_size': 23, 'attention_head_size': 2, 'learning_rate': 0.011986688894452903}. Best is trial 0 with value: 657.4793701171875.
LOCAL_RANK: 0 - CUDA_VISIBLE_DEVICES: [0]
[I 2023-11-30 09:18:09,542] Trial 1 finished with value: 567.2133178710938 and parameters: {'gradient_clip_val': 0.891185584962924, 'hidden_size': 16, 'dropout': 0.16831980655038864, 'hidden_continuous_size': 15, 'attention_head_size': 2, 'learning_rate': 0.05981624173642592}. Best is trial 1 with value: 567.2133178710938.
LOCAL_RANK: 0 - CUDA_VISIBLE_DEVICES: [0]
[I 2023-11-30 09:18:20,003] Trial 2 finished with value: 626.1552734375 and parameters: {'gradient_clip_val': 0.22432879001384765, 'hidden_size': 10, 'dropout': 0.13704078457361346, 'hidden_continuous_size': 10, 'attention_head_size': 4, 'learning_rate': 0.05222516986222503}. Best is trial 1 with value: 567.2133178710938.
LOCAL_RANK: 0 - CUDA_VISIBLE_DEVICES: [0]
[I 2023-11-30 09:18:32,336] Trial 3 finished with value: 696.5056762695312 and parameters: {'gradient_clip_val': 0.16492494373357472, 'hidden_size': 27, 'dropout': 0.2918655836852178, 'hidden_continuous_size': 14, 'attention_head_size': 3, 'learning_rate': 0.03615093887678292}. Best is trial 1 with value: 567.2133178710938.
LOCAL_RANK: 0 - CUDA_VISIBLE_DEVICES: [0]
[I 2023-11-30 09:18:46,691] Trial 4 finished with value: 695.5519409179688 and parameters: {'gradient_clip_val': 0.2420102610297611, 'hidden_size': 79, 'dropout': 0.2910903403615801, 'hidden_continuous_size': 73, 'attention_head_size': 4, 'learning_rate': 0.011925596291322942}. Best is trial 1 with value: 567.2133178710938.
LOCAL_RANK: 0 - CUDA_VISIBLE_DEVICES: [0]
[I 2023-11-30 09:19:00,839] Trial 5 finished with value: 698.87744140625 and parameters: {'gradient_clip_val': 0.209634877927744, 'hidden_size': 140, 'dropout': 0.26776691726547197, 'hidden_continuous_size': 68, 'attention_head_size': 1, 'learning_rate': 0.06650388271282007}. Best is trial 1 with value: 567.2133178710938.
LOCAL_RANK: 0 - CUDA_VISIBLE_DEVICES: [0]
[I 2023-11-30 09:19:14,032] Trial 6 finished with value: 1542.6053466796875 and parameters: {'gradient_clip_val': 0.6055056789662631, 'hidden_size': 58, 'dropout': 0.3273905001835268, 'hidden_continuous_size': 26, 'attention_head_size': 2, 'learning_rate': 0.001547051827004113}. Best is trial 1 with value: 567.2133178710938.
LOCAL_RANK: 0 - CUDA_VISIBLE_DEVICES: [0]
[I 2023-11-30 09:19:26,389] Trial 7 finished with value: 782.67236328125 and parameters: {'gradient_clip_val': 0.37360358165928287, 'hidden_size': 40, 'dropout': 0.17506953629594552, 'hidden_continuous_size': 25, 'attention_head_size': 1, 'learning_rate': 0.004603050833594002}. Best is trial 1 with value: 567.2133178710938.
LOCAL_RANK: 0 - CUDA_VISIBLE_DEVICES: [0]
[I 2023-11-30 09:19:39,844] Trial 8 finished with value: 799.8351440429688 and parameters: {'gradient_clip_val': 0.22417627683418231, 'hidden_size': 73, 'dropout': 0.13535318993947665, 'hidden_continuous_size': 24, 'attention_head_size': 3, 'learning_rate': 0.0042763745546674095}. Best is trial 1 with value: 567.2133178710938.
LOCAL_RANK: 0 - CUDA_VISIBLE_DEVICES: [0]
[I 2023-11-30 09:19:52,643] Trial 9 finished with value: 933.812255859375 and parameters: {'gradient_clip_val': 0.35677431535349424, 'hidden_size': 47, 'dropout': 0.1768200429519184, 'hidden_continuous_size': 14, 'attention_head_size': 1, 'learning_rate': 0.0023256808899829837}. Best is trial 1 with value: 567.2133178710938.
LOCAL_RANK: 0 - CUDA_VISIBLE_DEVICES: [0]
[I 2023-11-30 09:20:04,629] Trial 10 finished with value: 655.0629272460938 and parameters: {'gradient_clip_val': 0.9726109926799188, 'hidden_size': 12, 'dropout': 0.2140758060785536, 'hidden_continuous_size': 10, 'attention_head_size': 2, 'learning_rate': 0.026646945962334544}. Best is trial 1 with value: 567.2133178710938.
LOCAL_RANK: 0 - CUDA_VISIBLE_DEVICES: [0]
[I 2023-11-30 09:20:14,977] Trial 11 finished with value: 536.8826293945312 and parameters: {'gradient_clip_val': 0.1158678768203646, 'hidden_size': 10, 'dropout': 0.10043090830507134, 'hidden_continuous_size': 10, 'attention_head_size': 4, 'learning_rate': 0.09533251714030312}. Best is trial 11 with value: 536.8826293945312.
LOCAL_RANK: 0 - CUDA_VISIBLE_DEVICES: [0]
[I 2023-11-30 09:20:27,146] Trial 12 finished with value: 739.8713989257812 and parameters: {'gradient_clip_val': 0.10562229494498178, 'hidden_size': 15, 'dropout': 0.11559712481451881, 'hidden_continuous_size': 10, 'attention_head_size': 3, 'learning_rate': 0.0975532846569106}. Best is trial 11 with value: 536.8826293945312.
LOCAL_RANK: 0 - CUDA_VISIBLE_DEVICES: [0]
[I 2023-11-30 09:20:39,257] Trial 13 finished with value: 606.8978881835938 and parameters: {'gradient_clip_val': 0.5332766331911779, 'hidden_size': 16, 'dropout': 0.11119025542908256, 'hidden_continuous_size': 11, 'attention_head_size': 4, 'learning_rate': 0.07956102155499128}. Best is trial 11 with value: 536.8826293945312.
LOCAL_RANK: 0 - CUDA_VISIBLE_DEVICES: [0]
[I 2023-11-30 09:20:49,539] Trial 14 finished with value: 1021.94140625 and parameters: {'gradient_clip_val': 0.10408981078831549, 'hidden_size': 10, 'dropout': 0.1046851007461028, 'hidden_continuous_size': 10, 'attention_head_size': 3, 'learning_rate': 0.032993080309855344}. Best is trial 11 with value: 536.8826293945312.
LOCAL_RANK: 0 - CUDA_VISIBLE_DEVICES: [0]
[I 2023-11-30 09:21:01,679] Trial 15 finished with value: 636.88330078125 and parameters: {'gradient_clip_val': 0.1376108149434278, 'hidden_size': 19, 'dropout': 0.16949798614248549, 'hidden_continuous_size': 12, 'attention_head_size': 2, 'learning_rate': 0.021004026003238443}. Best is trial 11 with value: 536.8826293945312.
LOCAL_RANK: 0 - CUDA_VISIBLE_DEVICES: [0]
[I 2023-11-30 09:21:13,897] Trial 16 finished with value: 689.0463256835938 and parameters: {'gradient_clip_val': 0.13789901617373965, 'hidden_size': 20, 'dropout': 0.2235087943447952, 'hidden_continuous_size': 12, 'attention_head_size': 4, 'learning_rate': 0.09714015053140462}. Best is trial 11 with value: 536.8826293945312.
LOCAL_RANK: 0 - CUDA_VISIBLE_DEVICES: [0]
[I 2023-11-30 09:21:26,059] Trial 17 finished with value: 631.927490234375 and parameters: {'gradient_clip_val': 0.9125550123569836, 'hidden_size': 13, 'dropout': 0.14997869254523222, 'hidden_continuous_size': 10, 'attention_head_size': 3, 'learning_rate': 0.047546571945196535}. Best is trial 11 with value: 536.8826293945312.
LOCAL_RANK: 0 - CUDA_VISIBLE_DEVICES: [0]
[I 2023-11-30 09:21:36,413] Trial 18 finished with value: 548.5927734375 and parameters: {'gradient_clip_val': 0.4594701293364753, 'hidden_size': 10, 'dropout': 0.10238475688968199, 'hidden_continuous_size': 10, 'attention_head_size': 2, 'learning_rate': 0.05464649863969129}. Best is trial 11 with value: 536.8826293945312.
LOCAL_RANK: 0 - CUDA_VISIBLE_DEVICES: [0]
[I 2023-11-30 09:21:48,428] Trial 19 finished with value: 1173.817626953125 and parameters: {'gradient_clip_val': 0.27761367819568417, 'hidden_size': 11, 'dropout': 0.20466433416530022, 'hidden_continuous_size': 10, 'attention_head_size': 1, 'learning_rate': 0.020570187944071273}. Best is trial 11 with value: 536.8826293945312.
LOCAL_RANK: 0 - CUDA_VISIBLE_DEVICES: [0]
[I 2023-11-30 09:21:58,587] Trial 20 finished with value: 631.2207641601562 and parameters: {'gradient_clip_val': 0.4380524058731723, 'hidden_size': 10, 'dropout': 0.10042787421687933, 'hidden_continuous_size': 10, 'attention_head_size': 4, 'learning_rate': 0.04590376114971495}. Best is trial 11 with value: 536.8826293945312.
LOCAL_RANK: 0 - CUDA_VISIBLE_DEVICES: [0]
[I 2023-11-30 09:22:10,632] Trial 21 finished with value: 615.1405639648438 and parameters: {'gradient_clip_val': 0.6786518831001611, 'hidden_size': 13, 'dropout': 0.1350074138995632, 'hidden_continuous_size': 11, 'attention_head_size': 2, 'learning_rate': 0.06278722935157512}. Best is trial 11 with value: 536.8826293945312.
LOCAL_RANK: 0 - CUDA_VISIBLE_DEVICES: [0]
