[I 2023-11-30 11:56:20,492] Trial 25 finished with value: 64.021484375 and parameters: {'gradient_clip_val': 0.31774837545775547, 'hidden_size': 43, 'dropout': 0.23543838964920122, 'hidden_continuous_size': 32, 'attention_head_size': 2, 'learning_rate': 0.01102833998511837}. Best is trial 1 with value: 48.815887451171875.
LOCAL_RANK: 0 - CUDA_VISIBLE_DEVICES: [0]
[I 2023-11-30 11:56:32,921] Trial 26 finished with value: 49.518795013427734 and parameters: {'gradient_clip_val': 0.12238017171511485, 'hidden_size': 29, 'dropout': 0.2637331360716391, 'hidden_continuous_size': 24, 'attention_head_size': 2, 'learning_rate': 0.0073611596221657746}. Best is trial 1 with value: 48.815887451171875.
LOCAL_RANK: 0 - CUDA_VISIBLE_DEVICES: [0]
[I 2023-11-30 11:56:45,044] Trial 27 finished with value: 57.61381530761719 and parameters: {'gradient_clip_val': 0.1173376137662057, 'hidden_size': 28, 'dropout': 0.2188095700962571, 'hidden_continuous_size': 21, 'attention_head_size': 2, 'learning_rate': 0.007782412730624632}. Best is trial 1 with value: 48.815887451171875.
LOCAL_RANK: 0 - CUDA_VISIBLE_DEVICES: [0]
[I 2023-11-30 11:56:57,391] Trial 28 finished with value: 52.74373245239258 and parameters: {'gradient_clip_val': 0.1577691370757369, 'hidden_size': 34, 'dropout': 0.30735588663701746, 'hidden_continuous_size': 25, 'attention_head_size': 1, 'learning_rate': 0.004797305306497535}. Best is trial 1 with value: 48.815887451171875.
LOCAL_RANK: 0 - CUDA_VISIBLE_DEVICES: [0]
[I 2023-11-30 11:57:11,879] Trial 29 finished with value: 64.5045166015625 and parameters: {'gradient_clip_val': 0.11882899307717065, 'hidden_size': 149, 'dropout': 0.2453400197524954, 'hidden_continuous_size': 107, 'attention_head_size': 2, 'learning_rate': 0.0077234199819413}. Best is trial 1 with value: 48.815887451171875.
LOCAL_RANK: 0 - CUDA_VISIBLE_DEVICES: [0]
[I 2023-11-30 11:57:23,763] Trial 30 finished with value: 86.0806884765625 and parameters: {'gradient_clip_val': 0.1407782418368593, 'hidden_size': 24, 'dropout': 0.22365377529382738, 'hidden_continuous_size': 17, 'attention_head_size': 3, 'learning_rate': 0.0033828188764715894}. Best is trial 1 with value: 48.815887451171875.
LOCAL_RANK: 0 - CUDA_VISIBLE_DEVICES: [0]
[I 2023-11-30 11:57:36,408] Trial 31 finished with value: 54.55814743041992 and parameters: {'gradient_clip_val': 0.1733513908285536, 'hidden_size': 41, 'dropout': 0.26390627266393757, 'hidden_continuous_size': 28, 'attention_head_size': 2, 'learning_rate': 0.011874840506495869}. Best is trial 1 with value: 48.815887451171875.
LOCAL_RANK: 0 - CUDA_VISIBLE_DEVICES: [0]
[I 2023-11-30 11:57:48,741] Trial 32 finished with value: 45.3888053894043 and parameters: {'gradient_clip_val': 0.10071974563787028, 'hidden_size': 37, 'dropout': 0.2590741250936103, 'hidden_continuous_size': 22, 'attention_head_size': 2, 'learning_rate': 0.020344950562648838}. Best is trial 32 with value: 45.3888053894043.
LOCAL_RANK: 0 - CUDA_VISIBLE_DEVICES: [0]
[I 2023-11-30 11:58:01,090] Trial 33 finished with value: 54.5315055847168 and parameters: {'gradient_clip_val': 0.10440058052617388, 'hidden_size': 33, 'dropout': 0.17641723858566816, 'hidden_continuous_size': 24, 'attention_head_size': 2, 'learning_rate': 0.019701418866381708}. Best is trial 32 with value: 45.3888053894043.
LOCAL_RANK: 0 - CUDA_VISIBLE_DEVICES: [0]
[I 2023-11-30 11:58:13,040] Trial 34 finished with value: 59.254791259765625 and parameters: {'gradient_clip_val': 0.12181895844673307, 'hidden_size': 26, 'dropout': 0.22944606175536097, 'hidden_continuous_size': 19, 'attention_head_size': 1, 'learning_rate': 0.02019538726417053}. Best is trial 32 with value: 45.3888053894043.
LOCAL_RANK: 0 - CUDA_VISIBLE_DEVICES: [0]
[I 2023-11-30 11:58:25,100] Trial 35 finished with value: 59.76877212524414 and parameters: {'gradient_clip_val': 0.1514448072375024, 'hidden_size': 23, 'dropout': 0.20853846171304047, 'hidden_continuous_size': 16, 'attention_head_size': 2, 'learning_rate': 0.025152844212834223}. Best is trial 32 with value: 45.3888053894043.
LOCAL_RANK: 0 - CUDA_VISIBLE_DEVICES: [0]
[I 2023-11-30 11:58:37,694] Trial 36 finished with value: 68.58562469482422 and parameters: {'gradient_clip_val': 0.10142466211162832, 'hidden_size': 38, 'dropout': 0.254424112090019, 'hidden_continuous_size': 21, 'attention_head_size': 2, 'learning_rate': 0.011958162926676619}. Best is trial 32 with value: 45.3888053894043.
LOCAL_RANK: 0 - CUDA_VISIBLE_DEVICES: [0]
[I 2023-11-30 11:58:50,526] Trial 37 finished with value: 53.3941650390625 and parameters: {'gradient_clip_val': 0.1302825634973538, 'hidden_size': 49, 'dropout': 0.2465761356226978, 'hidden_continuous_size': 35, 'attention_head_size': 1, 'learning_rate': 0.01929028478475268}. Best is trial 32 with value: 45.3888053894043.
LOCAL_RANK: 0 - CUDA_VISIBLE_DEVICES: [0]
[I 2023-11-30 11:59:02,558] Trial 38 finished with value: 57.749359130859375 and parameters: {'gradient_clip_val': 0.11489894455227004, 'hidden_size': 21, 'dropout': 0.1890643705182549, 'hidden_continuous_size': 15, 'attention_head_size': 4, 'learning_rate': 0.03111029332283334}. Best is trial 32 with value: 45.3888053894043.
LOCAL_RANK: 0 - CUDA_VISIBLE_DEVICES: [0]
[I 2023-11-30 11:59:14,861] Trial 39 finished with value: 55.568546295166016 and parameters: {'gradient_clip_val': 0.14241614416560822, 'hidden_size': 30, 'dropout': 0.29450044301170786, 'hidden_continuous_size': 23, 'attention_head_size': 2, 'learning_rate': 0.009996770608143182}. Best is trial 32 with value: 45.3888053894043.
LOCAL_RANK: 0 - CUDA_VISIBLE_DEVICES: [0]
[I 2023-11-30 11:59:28,343] Trial 40 finished with value: 54.971099853515625 and parameters: {'gradient_clip_val': 0.13033235818549507, 'hidden_size': 100, 'dropout': 0.31965903669330514, 'hidden_continuous_size': 40, 'attention_head_size': 1, 'learning_rate': 0.02331042608511557}. Best is trial 32 with value: 45.3888053894043.
LOCAL_RANK: 0 - CUDA_VISIBLE_DEVICES: [0]
[I 2023-11-30 11:59:40,820] Trial 41 finished with value: 73.70821380615234 and parameters: {'gradient_clip_val': 0.1744646224697419, 'hidden_size': 40, 'dropout': 0.2686798544644856, 'hidden_continuous_size': 23, 'attention_head_size': 2, 'learning_rate': 0.012656805073610744}. Best is trial 32 with value: 45.3888053894043.
LOCAL_RANK: 0 - CUDA_VISIBLE_DEVICES: [0]
[I 2023-11-30 11:59:53,400] Trial 42 finished with value: 58.94968795776367 and parameters: {'gradient_clip_val': 0.2013747067856384, 'hidden_size': 45, 'dropout': 0.2685274052155581, 'hidden_continuous_size': 30, 'attention_head_size': 2, 'learning_rate': 0.013536779139048714}. Best is trial 32 with value: 45.3888053894043.
LOCAL_RANK: 0 - CUDA_VISIBLE_DEVICES: [0]
[I 2023-11-30 12:00:05,742] Trial 43 finished with value: 57.28000259399414 and parameters: {'gradient_clip_val': 0.10991538668154464, 'hidden_size': 36, 'dropout': 0.24783391139947925, 'hidden_continuous_size': 26, 'attention_head_size': 2, 'learning_rate': 0.009484483758222946}. Best is trial 32 with value: 45.3888053894043.
LOCAL_RANK: 0 - CUDA_VISIBLE_DEVICES: [0]
[I 2023-11-30 12:00:18,167] Trial 44 finished with value: 61.7449951171875 and parameters: {'gradient_clip_val': 0.10090032919792451, 'hidden_size': 49, 'dropout': 0.29096870238242334, 'hidden_continuous_size': 19, 'attention_head_size': 2, 'learning_rate': 0.013055202270585266}. Best is trial 32 with value: 45.3888053894043.
LOCAL_RANK: 0 - CUDA_VISIBLE_DEVICES: [0]
[I 2023-11-30 12:00:30,557] Trial 45 finished with value: 63.72267532348633 and parameters: {'gradient_clip_val': 0.12701044708381395, 'hidden_size': 31, 'dropout': 0.27000697001913865, 'hidden_continuous_size': 23, 'attention_head_size': 3, 'learning_rate': 0.01585758633836128}. Best is trial 32 with value: 45.3888053894043.
LOCAL_RANK: 0 - CUDA_VISIBLE_DEVICES: [0]
[I 2023-11-30 12:00:43,063] Trial 46 finished with value: 137.6072540283203 and parameters: {'gradient_clip_val': 0.14570747759695626, 'hidden_size': 38, 'dropout': 0.25385912237129854, 'hidden_continuous_size': 25, 'attention_head_size': 2, 'learning_rate': 0.0010626947916610866}. Best is trial 32 with value: 45.3888053894043.
LOCAL_RANK: 0 - CUDA_VISIBLE_DEVICES: [0]
[I 2023-11-30 12:00:56,427] Trial 47 finished with value: 63.33597946166992 and parameters: {'gradient_clip_val': 0.11249037042314634, 'hidden_size': 68, 'dropout': 0.28915134997665104, 'hidden_continuous_size': 39, 'attention_head_size': 2, 'learning_rate': 0.006502835875932625}. Best is trial 32 with value: 45.3888053894043.
LOCAL_RANK: 0 - CUDA_VISIBLE_DEVICES: [0]
[I 2023-11-30 12:01:09,470] Trial 48 finished with value: 60.31219482421875 and parameters: {'gradient_clip_val': 0.21586574870587558, 'hidden_size': 60, 'dropout': 0.23414266553696889, 'hidden_continuous_size': 32, 'attention_head_size': 3, 'learning_rate': 0.03107361127476229}. Best is trial 32 with value: 45.3888053894043.
LOCAL_RANK: 0 - CUDA_VISIBLE_DEVICES: [0]
[I 2023-11-30 12:01:21,917] Trial 49 finished with value: 61.62440872192383 and parameters: {'gradient_clip_val': 0.2580664279136573, 'hidden_size': 44, 'dropout': 0.27611467731242123, 'hidden_continuous_size': 30, 'attention_head_size': 2, 'learning_rate': 0.017426302354285515}. Best is trial 32 with value: 45.3888053894043.
LOCAL_RANK: 0 - CUDA_VISIBLE_DEVICES: [0]
[I 2023-11-30 12:01:35,257] Trial 50 finished with value: 57.54928970336914 and parameters: {'gradient_clip_val': 0.1602620394647648, 'hidden_size': 75, 'dropout': 0.2586543921264407, 'hidden_continuous_size': 43, 'attention_head_size': 2, 'learning_rate': 0.010910041735601245}. Best is trial 32 with value: 45.3888053894043.
LOCAL_RANK: 0 - CUDA_VISIBLE_DEVICES: [0]
[I 2023-11-30 12:01:47,671] Trial 51 finished with value: 58.0877799987793 and parameters: {'gradient_clip_val': 0.1848373327258736, 'hidden_size': 33, 'dropout': 0.3155629383520638, 'hidden_continuous_size': 25, 'attention_head_size': 1, 'learning_rate': 0.005913700745095781}. Best is trial 32 with value: 45.3888053894043.
LOCAL_RANK: 0 - CUDA_VISIBLE_DEVICES: [0]
[I 2023-11-30 12:01:59,749] Trial 52 finished with value: 48.7426643371582 and parameters: {'gradient_clip_val': 0.13164115312972804, 'hidden_size': 36, 'dropout': 0.3050103488628285, 'hidden_continuous_size': 27, 'attention_head_size': 1, 'learning_rate': 0.0042147516334591914}. Best is trial 32 with value: 45.3888053894043.
LOCAL_RANK: 0 - CUDA_VISIBLE_DEVICES: [0]
[I 2023-11-30 12:02:12,416] Trial 53 finished with value: 63.247493743896484 and parameters: {'gradient_clip_val': 0.13103834167648423, 'hidden_size': 52, 'dropout': 0.2836241239166712, 'hidden_continuous_size': 28, 'attention_head_size': 1, 'learning_rate': 0.004490133198276912}. Best is trial 32 with value: 45.3888053894043.
LOCAL_RANK: 0 - CUDA_VISIBLE_DEVICES: [0]
[I 2023-11-30 12:02:24,730] Trial 54 finished with value: 59.8283805847168 and parameters: {'gradient_clip_val': 0.10780801564188004, 'hidden_size': 40, 'dropout': 0.33817203597723555, 'hidden_continuous_size': 27, 'attention_head_size': 1, 'learning_rate': 0.008595776385689135}. Best is trial 32 with value: 45.3888053894043.
LOCAL_RANK: 0 - CUDA_VISIBLE_DEVICES: [0]
[I 2023-11-30 12:02:37,279] Trial 55 finished with value: 57.66152572631836 and parameters: {'gradient_clip_val': 0.14912016130073782, 'hidden_size': 47, 'dropout': 0.2992359831264245, 'hidden_continuous_size': 20, 'attention_head_size': 2, 'learning_rate': 0.006984193271179162}. Best is trial 32 with value: 45.3888053894043.
LOCAL_RANK: 0 - CUDA_VISIBLE_DEVICES: [0]
[I 2023-11-30 12:02:49,509] Trial 56 finished with value: 112.09503173828125 and parameters: {'gradient_clip_val': 0.11138085677203573, 'hidden_size': 36, 'dropout': 0.27360017788168034, 'hidden_continuous_size': 22, 'attention_head_size': 2, 'learning_rate': 0.0021796949888631743}. Best is trial 32 with value: 45.3888053894043.
LOCAL_RANK: 0 - CUDA_VISIBLE_DEVICES: [0]
[I 2023-11-30 12:03:01,593] Trial 57 finished with value: 47.5499267578125 and parameters: {'gradient_clip_val': 0.12442783274133933, 'hidden_size': 28, 'dropout': 0.24412589534157825, 'hidden_continuous_size': 24, 'attention_head_size': 1, 'learning_rate': 0.008724022093810568}. Best is trial 32 with value: 45.3888053894043.
LOCAL_RANK: 0 - CUDA_VISIBLE_DEVICES: [0]
[I 2023-11-30 12:03:13,196] Trial 58 finished with value: 50.65958023071289 and parameters: {'gradient_clip_val': 0.1244752634578901, 'hidden_size': 28, 'dropout': 0.24074998228305433, 'hidden_continuous_size': 13, 'attention_head_size': 1, 'learning_rate': 0.005733795641535565}. Best is trial 32 with value: 45.3888053894043.
LOCAL_RANK: 0 - CUDA_VISIBLE_DEVICES: [0]
[I 2023-11-30 12:03:25,167] Trial 59 finished with value: 64.32945251464844 and parameters: {'gradient_clip_val': 0.13421501251658402, 'hidden_size': 21, 'dropout': 0.22797446959783624, 'hidden_continuous_size': 17, 'attention_head_size': 1, 'learning_rate': 0.008835924687651394}. Best is trial 32 with value: 45.3888053894043.
LOCAL_RANK: 0 - CUDA_VISIBLE_DEVICES: [0]
[I 2023-11-30 12:03:37,191] Trial 60 finished with value: 49.80770492553711 and parameters: {'gradient_clip_val': 0.16623872504575737, 'hidden_size': 27, 'dropout': 0.21029936119068593, 'hidden_continuous_size': 21, 'attention_head_size': 1, 'learning_rate': 0.004290433051122271}. Best is trial 32 with value: 45.3888053894043.
LOCAL_RANK: 0 - CUDA_VISIBLE_DEVICES: [0]
[I 2023-11-30 12:03:49,283] Trial 61 finished with value: 62.60683059692383 and parameters: {'gradient_clip_val': 0.11984000444328473, 'hidden_size': 28, 'dropout': 0.210657825876349, 'hidden_continuous_size': 22, 'attention_head_size': 1, 'learning_rate': 0.003977159842834995}. Best is trial 32 with value: 45.3888053894043.
LOCAL_RANK: 0 - CUDA_VISIBLE_DEVICES: [0]
[I 2023-11-30 12:04:01,319] Trial 62 finished with value: 63.27188491821289 and parameters: {'gradient_clip_val': 0.16620708653263455, 'hidden_size': 32, 'dropout': 0.21979488020798818, 'hidden_continuous_size': 24, 'attention_head_size': 1, 'learning_rate': 0.005308324272171608}. Best is trial 32 with value: 45.3888053894043.
LOCAL_RANK: 0 - CUDA_VISIBLE_DEVICES: [0]
[I 2023-11-30 12:04:13,598] Trial 63 finished with value: 57.419673919677734 and parameters: {'gradient_clip_val': 0.13729515604733158, 'hidden_size': 35, 'dropout': 0.1983985680115022, 'hidden_continuous_size': 21, 'attention_head_size': 1, 'learning_rate': 0.0044508927965228795}. Best is trial 32 with value: 45.3888053894043.
LOCAL_RANK: 0 - CUDA_VISIBLE_DEVICES: [0]
[I 2023-11-30 12:04:26,587] Trial 64 finished with value: 65.22628784179688 and parameters: {'gradient_clip_val': 0.15341645831228953, 'hidden_size': 54, 'dropout': 0.23604646674874233, 'hidden_continuous_size': 34, 'attention_head_size': 1, 'learning_rate': 0.007162678476446367}. Best is trial 32 with value: 45.3888053894043.
LOCAL_RANK: 0 - CUDA_VISIBLE_DEVICES: [0]
[I 2023-11-30 12:04:38,588] Trial 65 finished with value: 51.7778434753418 and parameters: {'gradient_clip_val': 0.10891734830492951, 'hidden_size': 26, 'dropout': 0.2551512532927102, 'hidden_continuous_size': 20, 'attention_head_size': 1, 'learning_rate': 0.007005272436109151}. Best is trial 32 with value: 45.3888053894043.
LOCAL_RANK: 0 - CUDA_VISIBLE_DEVICES: [0]
[I 2023-11-30 12:04:51,223] Trial 66 finished with value: 72.30391693115234 and parameters: {'gradient_clip_val': 0.12325285459793622, 'hidden_size': 45, 'dropout': 0.24803837828713401, 'hidden_continuous_size': 24, 'attention_head_size': 1, 'learning_rate': 0.0032562002399471384}. Best is trial 32 with value: 45.3888053894043.
LOCAL_RANK: 0 - CUDA_VISIBLE_DEVICES: [0]
[I 2023-11-30 12:05:03,501] Trial 67 finished with value: 72.18170928955078 and parameters: {'gradient_clip_val': 0.14084234822905237, 'hidden_size': 31, 'dropout': 0.28227087589267535, 'hidden_continuous_size': 26, 'attention_head_size': 1, 'learning_rate': 0.005462956046162919}. Best is trial 32 with value: 45.3888053894043.
LOCAL_RANK: 0 - CUDA_VISIBLE_DEVICES: [0]
[I 2023-11-30 12:05:15,834] Trial 68 finished with value: 61.2459831237793 and parameters: {'gradient_clip_val': 0.10093545288687637, 'hidden_size': 38, 'dropout': 0.21520852512713456, 'hidden_continuous_size': 26, 'attention_head_size': 1, 'learning_rate': 0.010531760344321224}. Best is trial 32 with value: 45.3888053894043.
LOCAL_RANK: 0 - CUDA_VISIBLE_DEVICES: [0]
[I 2023-11-30 12:05:28,728] Trial 69 finished with value: 49.682647705078125 and parameters: {'gradient_clip_val': 0.1881506385258249, 'hidden_size': 42, 'dropout': 0.22706171545286016, 'hidden_continuous_size': 29, 'attention_head_size': 4, 'learning_rate': 0.006418361992695453}. Best is trial 32 with value: 45.3888053894043.
LOCAL_RANK: 0 - CUDA_VISIBLE_DEVICES: [0]
[I 2023-11-30 12:05:41,301] Trial 70 finished with value: 61.769287109375 and parameters: {'gradient_clip_val': 0.19847559021057457, 'hidden_size': 34, 'dropout': 0.22596632925975876, 'hidden_continuous_size': 27, 'attention_head_size': 4, 'learning_rate': 0.003760834200973559}. Best is trial 32 with value: 45.3888053894043.
LOCAL_RANK: 0 - CUDA_VISIBLE_DEVICES: [0]
[I 2023-11-30 12:05:53,806] Trial 71 finished with value: 53.971649169921875 and parameters: {'gradient_clip_val': 0.16659055446459034, 'hidden_size': 41, 'dropout': 0.2420933392488862, 'hidden_continuous_size': 22, 'attention_head_size': 3, 'learning_rate': 0.006400528819213405}. Best is trial 32 with value: 45.3888053894043.
LOCAL_RANK: 0 - CUDA_VISIBLE_DEVICES: [0]
[I 2023-11-30 12:06:06,920] Trial 72 finished with value: 58.431758880615234 and parameters: {'gradient_clip_val': 0.1882651725517305, 'hidden_size': 49, 'dropout': 0.23119968717826866, 'hidden_continuous_size': 29, 'attention_head_size': 4, 'learning_rate': 0.00914265182266994}. Best is trial 32 with value: 45.3888053894043.
LOCAL_RANK: 0 - CUDA_VISIBLE_DEVICES: [0]
[I 2023-11-30 12:06:19,100] Trial 73 finished with value: 51.76336669921875 and parameters: {'gradient_clip_val': 0.11413827068625118, 'hidden_size': 28, 'dropout': 0.20404572194055054, 'hidden_continuous_size': 23, 'attention_head_size': 3, 'learning_rate': 0.008050436610103727}. Best is trial 32 with value: 45.3888053894043.
LOCAL_RANK: 0 - CUDA_VISIBLE_DEVICES: [0]
[I 2023-11-30 12:06:31,564] Trial 74 finished with value: 55.86289978027344 and parameters: {'gradient_clip_val': 0.127068695757933, 'hidden_size': 42, 'dropout': 0.2619894558715666, 'hidden_continuous_size': 29, 'attention_head_size': 2, 'learning_rate': 0.004918009113191802}. Best is trial 32 with value: 45.3888053894043.
LOCAL_RANK: 0 - CUDA_VISIBLE_DEVICES: [0]
[I 2023-11-30 12:06:44,795] Trial 75 finished with value: 56.574459075927734 and parameters: {'gradient_clip_val': 0.14721523221528504, 'hidden_size': 55, 'dropout': 0.2159023117439987, 'hidden_continuous_size': 32, 'attention_head_size': 4, 'learning_rate': 0.007915117770215415}. Best is trial 32 with value: 45.3888053894043.
LOCAL_RANK: 0 - CUDA_VISIBLE_DEVICES: [0]
[I 2023-11-30 12:06:57,680] Trial 76 finished with value: 61.60482406616211 and parameters: {'gradient_clip_val': 0.11855513422245104, 'hidden_size': 46, 'dropout': 0.25022011023457247, 'hidden_continuous_size': 26, 'attention_head_size': 3, 'learning_rate': 0.006059603475003224}. Best is trial 32 with value: 45.3888053894043.
LOCAL_RANK: 0 - CUDA_VISIBLE_DEVICES: [0]
[I 2023-11-30 12:07:10,094] Trial 77 finished with value: 54.52360153198242 and parameters: {'gradient_clip_val': 0.1788491704521742, 'hidden_size': 37, 'dropout': 0.23856482642257507, 'hidden_continuous_size': 24, 'attention_head_size': 2, 'learning_rate': 0.014557106031124102}. Best is trial 32 with value: 45.3888053894043.
LOCAL_RANK: 0 - CUDA_VISIBLE_DEVICES: [0]
[I 2023-11-30 12:07:23,094] Trial 78 finished with value: 60.835693359375 and parameters: {'gradient_clip_val': 0.13340319616763083, 'hidden_size': 60, 'dropout': 0.26467960773610333, 'hidden_continuous_size': 43, 'attention_head_size': 2, 'learning_rate': 0.009898818820696915}. Best is trial 32 with value: 45.3888053894043.
LOCAL_RANK: 0 - CUDA_VISIBLE_DEVICES: [0]
[I 2023-11-30 12:07:35,264] Trial 79 finished with value: 47.86143112182617 and parameters: {'gradient_clip_val': 0.15759939663535052, 'hidden_size': 30, 'dropout': 0.2771105896816824, 'hidden_continuous_size': 25, 'attention_head_size': 1, 'learning_rate': 0.011972604600908343}. Best is trial 32 with value: 45.3888053894043.
LOCAL_RANK: 0 - CUDA_VISIBLE_DEVICES: [0]
[I 2023-11-30 12:07:47,474] Trial 80 finished with value: 76.42547607421875 and parameters: {'gradient_clip_val': 0.15223779974898277, 'hidden_size': 29, 'dropout': 0.3016185424382419, 'hidden_continuous_size': 25, 'attention_head_size': 1, 'learning_rate': 0.004365682766021144}. Best is trial 32 with value: 45.3888053894043.
LOCAL_RANK: 0 - CUDA_VISIBLE_DEVICES: [0]
[I 2023-11-30 12:07:59,824] Trial 81 finished with value: 65.24419403076172 and parameters: {'gradient_clip_val': 0.16101854845935507, 'hidden_size': 33, 'dropout': 0.27573858571274323, 'hidden_continuous_size': 24, 'attention_head_size': 1, 'learning_rate': 0.012952786596037826}. Best is trial 32 with value: 45.3888053894043.
LOCAL_RANK: 0 - CUDA_VISIBLE_DEVICES: [0]
[I 2023-11-30 12:08:12,272] Trial 82 finished with value: 55.32200622558594 and parameters: {'gradient_clip_val': 0.10814111924645631, 'hidden_size': 31, 'dropout': 0.25681227265092443, 'hidden_continuous_size': 23, 'attention_head_size': 1, 'learning_rate': 0.01136856819853541}. Best is trial 32 with value: 45.3888053894043.
LOCAL_RANK: 0 - CUDA_VISIBLE_DEVICES: [0]
[I 2023-11-30 12:08:23,996] Trial 83 finished with value: 55.94477844238281 and parameters: {'gradient_clip_val': 0.14055259457330474, 'hidden_size': 24, 'dropout': 0.2872777670472284, 'hidden_continuous_size': 21, 'attention_head_size': 1, 'learning_rate': 0.015078238147717159}. Best is trial 32 with value: 45.3888053894043.
LOCAL_RANK: 0 - CUDA_VISIBLE_DEVICES: [0]
