[I 2023-11-30 09:22:22,725] Trial 22 finished with value: 620.6652221679688 and parameters: {'gradient_clip_val': 0.4604578878243517, 'hidden_size': 15, 'dropout': 0.1000439004548721, 'hidden_continuous_size': 11, 'attention_head_size': 2, 'learning_rate': 0.06448680243067872}. Best is trial 11 with value: 536.8826293945312.
LOCAL_RANK: 0 - CUDA_VISIBLE_DEVICES: [0]
[I 2023-11-30 09:22:34,940] Trial 23 finished with value: 620.73974609375 and parameters: {'gradient_clip_val': 0.7600898417902411, 'hidden_size': 19, 'dropout': 0.14833725953066573, 'hidden_continuous_size': 11, 'attention_head_size': 2, 'learning_rate': 0.09601806351713912}. Best is trial 11 with value: 536.8826293945312.
LOCAL_RANK: 0 - CUDA_VISIBLE_DEVICES: [0]
[I 2023-11-30 09:22:45,091] Trial 24 finished with value: 621.0070190429688 and parameters: {'gradient_clip_val': 0.7871266511251146, 'hidden_size': 10, 'dropout': 0.1294632372773763, 'hidden_continuous_size': 10, 'attention_head_size': 3, 'learning_rate': 0.04018315824780471}. Best is trial 11 with value: 536.8826293945312.
LOCAL_RANK: 0 - CUDA_VISIBLE_DEVICES: [0]
[I 2023-11-30 09:22:57,154] Trial 25 finished with value: 597.77197265625 and parameters: {'gradient_clip_val': 0.5633495828291814, 'hidden_size': 13, 'dropout': 0.1640256241455665, 'hidden_continuous_size': 10, 'attention_head_size': 2, 'learning_rate': 0.06612086399693673}. Best is trial 11 with value: 536.8826293945312.
LOCAL_RANK: 0 - CUDA_VISIBLE_DEVICES: [0]
[I 2023-11-30 09:23:09,347] Trial 26 finished with value: 622.9017944335938 and parameters: {'gradient_clip_val': 0.2866540169039203, 'hidden_size': 26, 'dropout': 0.12399269356494563, 'hidden_continuous_size': 12, 'attention_head_size': 1, 'learning_rate': 0.030481862446412218}. Best is trial 11 with value: 536.8826293945312.
LOCAL_RANK: 0 - CUDA_VISIBLE_DEVICES: [0]
[I 2023-11-30 09:23:21,329] Trial 27 finished with value: 614.5277709960938 and parameters: {'gradient_clip_val': 0.48652376393460295, 'hidden_size': 16, 'dropout': 0.1870681968912217, 'hidden_continuous_size': 11, 'attention_head_size': 3, 'learning_rate': 0.049533414408553744}. Best is trial 11 with value: 536.8826293945312.
LOCAL_RANK: 0 - CUDA_VISIBLE_DEVICES: [0]
[I 2023-11-30 09:23:33,435] Trial 28 finished with value: 1453.0357666015625 and parameters: {'gradient_clip_val': 0.38963147906359075, 'hidden_size': 12, 'dropout': 0.1550935153037898, 'hidden_continuous_size': 10, 'attention_head_size': 2, 'learning_rate': 0.021311741709024126}. Best is trial 11 with value: 536.8826293945312.
LOCAL_RANK: 0 - CUDA_VISIBLE_DEVICES: [0]
[I 2023-11-30 09:23:45,492] Trial 29 finished with value: 678.8265991210938 and parameters: {'gradient_clip_val': 0.30281875457150775, 'hidden_size': 24, 'dropout': 0.19380649827455998, 'hidden_continuous_size': 13, 'attention_head_size': 2, 'learning_rate': 0.015808710303933517}. Best is trial 11 with value: 536.8826293945312.
LOCAL_RANK: 0 - CUDA_VISIBLE_DEVICES: [0]
[I 2023-11-30 09:23:57,180] Trial 30 finished with value: 640.952392578125 and parameters: {'gradient_clip_val': 0.6531766692243878, 'hidden_size': 12, 'dropout': 0.12111727082060075, 'hidden_continuous_size': 10, 'attention_head_size': 1, 'learning_rate': 0.04002118777209006}. Best is trial 11 with value: 536.8826293945312.
LOCAL_RANK: 0 - CUDA_VISIBLE_DEVICES: [0]
[I 2023-11-30 09:24:09,327] Trial 31 finished with value: 626.2741088867188 and parameters: {'gradient_clip_val': 0.5703908135927981, 'hidden_size': 14, 'dropout': 0.1600712839214975, 'hidden_continuous_size': 11, 'attention_head_size': 2, 'learning_rate': 0.06835503562107981}. Best is trial 11 with value: 536.8826293945312.
LOCAL_RANK: 0 - CUDA_VISIBLE_DEVICES: [0]
[I 2023-11-30 09:24:19,479] Trial 32 finished with value: 646.8628540039062 and parameters: {'gradient_clip_val': 0.5267739883027885, 'hidden_size': 10, 'dropout': 0.14484013393395967, 'hidden_continuous_size': 10, 'attention_head_size': 2, 'learning_rate': 0.05758761409172512}. Best is trial 11 with value: 536.8826293945312.
LOCAL_RANK: 0 - CUDA_VISIBLE_DEVICES: [0]
[I 2023-11-30 09:24:31,559] Trial 33 finished with value: 753.5154418945312 and parameters: {'gradient_clip_val': 0.42316888696473715, 'hidden_size': 12, 'dropout': 0.15857413311243612, 'hidden_continuous_size': 10, 'attention_head_size': 2, 'learning_rate': 0.07769509328599576}. Best is trial 11 with value: 536.8826293945312.
LOCAL_RANK: 0 - CUDA_VISIBLE_DEVICES: [0]
[I 2023-11-30 09:24:43,831] Trial 34 finished with value: 659.8662719726562 and parameters: {'gradient_clip_val': 0.500897579474506, 'hidden_size': 18, 'dropout': 0.12512270031677278, 'hidden_continuous_size': 11, 'attention_head_size': 2, 'learning_rate': 0.05688387724966593}. Best is trial 11 with value: 536.8826293945312.
LOCAL_RANK: 0 - CUDA_VISIBLE_DEVICES: [0]
[I 2023-11-30 09:24:56,138] Trial 35 finished with value: 537.8169555664062 and parameters: {'gradient_clip_val': 0.3522315318239418, 'hidden_size': 23, 'dropout': 0.17196459160804836, 'hidden_continuous_size': 15, 'attention_head_size': 3, 'learning_rate': 0.038973731287548684}. Best is trial 11 with value: 536.8826293945312.
LOCAL_RANK: 0 - CUDA_VISIBLE_DEVICES: [0]
[I 2023-11-30 09:25:08,568] Trial 36 finished with value: 580.2211303710938 and parameters: {'gradient_clip_val': 0.3318039575405579, 'hidden_size': 22, 'dropout': 0.13925404334306324, 'hidden_continuous_size': 15, 'attention_head_size': 4, 'learning_rate': 0.03612948840630788}. Best is trial 11 with value: 536.8826293945312.
LOCAL_RANK: 0 - CUDA_VISIBLE_DEVICES: [0]
[I 2023-11-30 09:25:20,932] Trial 37 finished with value: 670.1244506835938 and parameters: {'gradient_clip_val': 0.25851749838197646, 'hidden_size': 17, 'dropout': 0.2318838374638042, 'hidden_continuous_size': 15, 'attention_head_size': 4, 'learning_rate': 0.046884577262364405}. Best is trial 11 with value: 536.8826293945312.
LOCAL_RANK: 0 - CUDA_VISIBLE_DEVICES: [0]
[I 2023-11-30 09:25:33,799] Trial 38 finished with value: 620.2620239257812 and parameters: {'gradient_clip_val': 0.3104371047235515, 'hidden_size': 33, 'dropout': 0.18631252780453417, 'hidden_continuous_size': 17, 'attention_head_size': 3, 'learning_rate': 0.027874866230971167}. Best is trial 11 with value: 536.8826293945312.
LOCAL_RANK: 0 - CUDA_VISIBLE_DEVICES: [0]
[I 2023-11-30 09:25:46,260] Trial 39 finished with value: 670.0208129882812 and parameters: {'gradient_clip_val': 0.34555200886168286, 'hidden_size': 21, 'dropout': 0.11612591467410797, 'hidden_continuous_size': 15, 'attention_head_size': 3, 'learning_rate': 0.08011548521807771}. Best is trial 11 with value: 536.8826293945312.
LOCAL_RANK: 0 - CUDA_VISIBLE_DEVICES: [0]
[I 2023-11-30 09:25:59,005] Trial 40 finished with value: 895.1672973632812 and parameters: {'gradient_clip_val': 0.3923465459175381, 'hidden_size': 30, 'dropout': 0.17915971998393052, 'hidden_continuous_size': 17, 'attention_head_size': 4, 'learning_rate': 0.009914185814946153}. Best is trial 11 with value: 536.8826293945312.
LOCAL_RANK: 0 - CUDA_VISIBLE_DEVICES: [0]
[I 2023-11-30 09:26:11,251] Trial 41 finished with value: 635.0439453125 and parameters: {'gradient_clip_val': 0.3355611263286034, 'hidden_size': 23, 'dropout': 0.1383959831183335, 'hidden_continuous_size': 16, 'attention_head_size': 4, 'learning_rate': 0.0377102071348096}. Best is trial 11 with value: 536.8826293945312.
LOCAL_RANK: 0 - CUDA_VISIBLE_DEVICES: [0]
[I 2023-11-30 09:26:23,498] Trial 42 finished with value: 662.6359252929688 and parameters: {'gradient_clip_val': 0.2226338151047281, 'hidden_size': 22, 'dropout': 0.13744164558950991, 'hidden_continuous_size': 14, 'attention_head_size': 4, 'learning_rate': 0.05242318191775576}. Best is trial 11 with value: 536.8826293945312.
LOCAL_RANK: 0 - CUDA_VISIBLE_DEVICES: [0]
[I 2023-11-30 09:26:35,954] Trial 43 finished with value: 651.0802612304688 and parameters: {'gradient_clip_val': 0.2473211836746247, 'hidden_size': 15, 'dropout': 0.11336222584504714, 'hidden_continuous_size': 13, 'attention_head_size': 4, 'learning_rate': 0.0358169929345542}. Best is trial 11 with value: 536.8826293945312.
LOCAL_RANK: 0 - CUDA_VISIBLE_DEVICES: [0]
[I 2023-11-30 09:26:48,126] Trial 44 finished with value: 762.4598999023438 and parameters: {'gradient_clip_val': 0.20115454028342677, 'hidden_size': 17, 'dropout': 0.16887636860231636, 'hidden_continuous_size': 15, 'attention_head_size': 3, 'learning_rate': 0.0804157859614312}. Best is trial 11 with value: 536.8826293945312.
LOCAL_RANK: 0 - CUDA_VISIBLE_DEVICES: [0]
[I 2023-11-30 09:27:00,884] Trial 45 finished with value: 612.9500122070312 and parameters: {'gradient_clip_val': 0.34273321405021573, 'hidden_size': 27, 'dropout': 0.12424686369801281, 'hidden_continuous_size': 18, 'attention_head_size': 4, 'learning_rate': 0.04322795277115414}. Best is trial 11 with value: 536.8826293945312.
LOCAL_RANK: 0 - CUDA_VISIBLE_DEVICES: [0]
[I 2023-11-30 09:27:13,112] Trial 46 finished with value: 620.61181640625 and parameters: {'gradient_clip_val': 0.4325734439127142, 'hidden_size': 11, 'dropout': 0.1008051563846075, 'hidden_continuous_size': 10, 'attention_head_size': 4, 'learning_rate': 0.05561606571796961}. Best is trial 11 with value: 536.8826293945312.
LOCAL_RANK: 0 - CUDA_VISIBLE_DEVICES: [0]
[I 2023-11-30 09:27:25,290] Trial 47 finished with value: 585.1015625 and parameters: {'gradient_clip_val': 0.3776662146418485, 'hidden_size': 21, 'dropout': 0.14974600806905441, 'hidden_continuous_size': 14, 'attention_head_size': 3, 'learning_rate': 0.0329456923432588}. Best is trial 11 with value: 536.8826293945312.
LOCAL_RANK: 0 - CUDA_VISIBLE_DEVICES: [0]
[I 2023-11-30 09:27:37,734] Trial 48 finished with value: 599.1690063476562 and parameters: {'gradient_clip_val': 0.3055591085914595, 'hidden_size': 18, 'dropout': 0.11289242741353245, 'hidden_continuous_size': 15, 'attention_head_size': 3, 'learning_rate': 0.09952623838998656}. Best is trial 11 with value: 536.8826293945312.
LOCAL_RANK: 0 - CUDA_VISIBLE_DEVICES: [0]
[I 2023-11-30 09:27:50,036] Trial 49 finished with value: 597.3412475585938 and parameters: {'gradient_clip_val': 0.2691607888666559, 'hidden_size': 14, 'dropout': 0.13321394018880767, 'hidden_continuous_size': 12, 'attention_head_size': 4, 'learning_rate': 0.0268766049294687}. Best is trial 11 with value: 536.8826293945312.
LOCAL_RANK: 0 - CUDA_VISIBLE_DEVICES: [0]
[I 2023-11-30 09:28:01,995] Trial 50 finished with value: 614.9650268554688 and parameters: {'gradient_clip_val': 0.6062979992445062, 'hidden_size': 24, 'dropout': 0.14324422300288542, 'hidden_continuous_size': 16, 'attention_head_size': 1, 'learning_rate': 0.05102366858437617}. Best is trial 11 with value: 536.8826293945312.
LOCAL_RANK: 0 - CUDA_VISIBLE_DEVICES: [0]
[I 2023-11-30 09:28:14,085] Trial 51 finished with value: 624.1622314453125 and parameters: {'gradient_clip_val': 0.3870555063317371, 'hidden_size': 20, 'dropout': 0.15104664585980065, 'hidden_continuous_size': 14, 'attention_head_size': 3, 'learning_rate': 0.03390128174347485}. Best is trial 11 with value: 536.8826293945312.
LOCAL_RANK: 0 - CUDA_VISIBLE_DEVICES: [0]
[I 2023-11-30 09:28:26,291] Trial 52 finished with value: 606.8936157226562 and parameters: {'gradient_clip_val': 0.3630624327672348, 'hidden_size': 21, 'dropout': 0.1662199726621289, 'hidden_continuous_size': 13, 'attention_head_size': 3, 'learning_rate': 0.03424661883876463}. Best is trial 11 with value: 536.8826293945312.
LOCAL_RANK: 0 - CUDA_VISIBLE_DEVICES: [0]
[I 2023-11-30 09:28:38,606] Trial 53 finished with value: 555.731201171875 and parameters: {'gradient_clip_val': 0.4708656766937161, 'hidden_size': 17, 'dropout': 0.11128857007953806, 'hidden_continuous_size': 14, 'attention_head_size': 3, 'learning_rate': 0.07139909284073322}. Best is trial 11 with value: 536.8826293945312.
LOCAL_RANK: 0 - CUDA_VISIBLE_DEVICES: [0]
[I 2023-11-30 09:28:50,764] Trial 54 finished with value: 733.4419555664062 and parameters: {'gradient_clip_val': 0.46084061692539646, 'hidden_size': 16, 'dropout': 0.11606002328827861, 'hidden_continuous_size': 14, 'attention_head_size': 4, 'learning_rate': 0.07733015099308896}. Best is trial 11 with value: 536.8826293945312.
LOCAL_RANK: 0 - CUDA_VISIBLE_DEVICES: [0]
[I 2023-11-30 09:29:02,884] Trial 55 finished with value: 540.3778686523438 and parameters: {'gradient_clip_val': 0.3301260425763268, 'hidden_size': 11, 'dropout': 0.11076331328909371, 'hidden_continuous_size': 10, 'attention_head_size': 3, 'learning_rate': 0.06972201408637742}. Best is trial 11 with value: 536.8826293945312.
LOCAL_RANK: 0 - CUDA_VISIBLE_DEVICES: [0]
[I 2023-11-30 09:29:14,869] Trial 56 finished with value: 626.7630615234375 and parameters: {'gradient_clip_val': 0.19370711468389779, 'hidden_size': 11, 'dropout': 0.106780063844482, 'hidden_continuous_size': 10, 'attention_head_size': 3, 'learning_rate': 0.07085109418390034}. Best is trial 11 with value: 536.8826293945312.
LOCAL_RANK: 0 - CUDA_VISIBLE_DEVICES: [0]
[I 2023-11-30 09:29:26,885] Trial 57 finished with value: 623.9319458007812 and parameters: {'gradient_clip_val': 0.41609797941631405, 'hidden_size': 11, 'dropout': 0.10063923421012748, 'hidden_continuous_size': 10, 'attention_head_size': 3, 'learning_rate': 0.09038966716581283}. Best is trial 11 with value: 536.8826293945312.
LOCAL_RANK: 0 - CUDA_VISIBLE_DEVICES: [0]
[I 2023-11-30 09:29:39,113] Trial 58 finished with value: 567.7548217773438 and parameters: {'gradient_clip_val': 0.28746869381634993, 'hidden_size': 14, 'dropout': 0.13036128788664106, 'hidden_continuous_size': 11, 'attention_head_size': 2, 'learning_rate': 0.06462824591887566}. Best is trial 11 with value: 536.8826293945312.
LOCAL_RANK: 0 - CUDA_VISIBLE_DEVICES: [0]
[I 2023-11-30 09:29:49,411] Trial 59 finished with value: 655.973388671875 and parameters: {'gradient_clip_val': 0.47202870417894993, 'hidden_size': 10, 'dropout': 0.11623257595547606, 'hidden_continuous_size': 10, 'attention_head_size': 3, 'learning_rate': 0.08640247232834689}. Best is trial 11 with value: 536.8826293945312.
LOCAL_RANK: 0 - CUDA_VISIBLE_DEVICES: [0]
[I 2023-11-30 09:30:01,637] Trial 60 finished with value: 545.33203125 and parameters: {'gradient_clip_val': 0.5255052614661412, 'hidden_size': 13, 'dropout': 0.10773164956460485, 'hidden_continuous_size': 12, 'attention_head_size': 2, 'learning_rate': 0.05999134414038771}. Best is trial 11 with value: 536.8826293945312.
LOCAL_RANK: 0 - CUDA_VISIBLE_DEVICES: [0]
[I 2023-11-30 09:30:13,470] Trial 61 finished with value: 593.4141845703125 and parameters: {'gradient_clip_val': 0.5014204961954594, 'hidden_size': 12, 'dropout': 0.12386535933862489, 'hidden_continuous_size': 11, 'attention_head_size': 2, 'learning_rate': 0.058955192465397356}. Best is trial 11 with value: 536.8826293945312.
LOCAL_RANK: 0 - CUDA_VISIBLE_DEVICES: [0]
[I 2023-11-30 09:30:25,411] Trial 62 finished with value: 579.583984375 and parameters: {'gradient_clip_val': 0.41006967363804336, 'hidden_size': 13, 'dropout': 0.10931662903172577, 'hidden_continuous_size': 12, 'attention_head_size': 2, 'learning_rate': 0.07455179885406694}. Best is trial 11 with value: 536.8826293945312.
LOCAL_RANK: 0 - CUDA_VISIBLE_DEVICES: [0]
[I 2023-11-30 09:30:37,479] Trial 63 finished with value: 570.7008666992188 and parameters: {'gradient_clip_val': 0.9526128164642108, 'hidden_size': 11, 'dropout': 0.10790469876728073, 'hidden_continuous_size': 10, 'attention_head_size': 2, 'learning_rate': 0.04409965493124214}. Best is trial 11 with value: 536.8826293945312.
LOCAL_RANK: 0 - CUDA_VISIBLE_DEVICES: [0]
[I 2023-11-30 09:30:49,756] Trial 64 finished with value: 620.0142211914062 and parameters: {'gradient_clip_val': 0.44205548826042806, 'hidden_size': 15, 'dropout': 0.13118520906394107, 'hidden_continuous_size': 13, 'attention_head_size': 3, 'learning_rate': 0.06609891119899722}. Best is trial 11 with value: 536.8826293945312.
LOCAL_RANK: 0 - CUDA_VISIBLE_DEVICES: [0]
[I 2023-11-30 09:30:59,956] Trial 65 finished with value: 769.0139770507812 and parameters: {'gradient_clip_val': 0.5236833221812995, 'hidden_size': 10, 'dropout': 0.12013562349651832, 'hidden_continuous_size': 10, 'attention_head_size': 2, 'learning_rate': 0.0973132539360587}. Best is trial 11 with value: 536.8826293945312.
LOCAL_RANK: 0 - CUDA_VISIBLE_DEVICES: [0]
[I 2023-11-30 09:31:11,957] Trial 66 finished with value: 647.6408081054688 and parameters: {'gradient_clip_val': 0.8583931345139925, 'hidden_size': 13, 'dropout': 0.10052853906703389, 'hidden_continuous_size': 12, 'attention_head_size': 2, 'learning_rate': 0.051743341119937315}. Best is trial 11 with value: 536.8826293945312.
LOCAL_RANK: 0 - CUDA_VISIBLE_DEVICES: [0]
[I 2023-11-30 09:31:24,092] Trial 67 finished with value: 602.1078491210938 and parameters: {'gradient_clip_val': 0.6919308947784114, 'hidden_size': 17, 'dropout': 0.145329599427068, 'hidden_continuous_size': 11, 'attention_head_size': 2, 'learning_rate': 0.08552806377543393}. Best is trial 11 with value: 536.8826293945312.
LOCAL_RANK: 0 - CUDA_VISIBLE_DEVICES: [0]
[I 2023-11-30 09:31:36,322] Trial 68 finished with value: 498.8953552246094 and parameters: {'gradient_clip_val': 0.5832518406409849, 'hidden_size': 14, 'dropout': 0.12824542040890302, 'hidden_continuous_size': 12, 'attention_head_size': 3, 'learning_rate': 0.07042430813412869}. Best is trial 68 with value: 498.8953552246094.
LOCAL_RANK: 0 - CUDA_VISIBLE_DEVICES: [0]
[I 2023-11-30 09:31:48,286] Trial 69 finished with value: 586.2369384765625 and parameters: {'gradient_clip_val': 0.36156722776188965, 'hidden_size': 11, 'dropout': 0.12764924453001142, 'hidden_continuous_size': 10, 'attention_head_size': 3, 'learning_rate': 0.0603564765612472}. Best is trial 68 with value: 498.8953552246094.
LOCAL_RANK: 0 - CUDA_VISIBLE_DEVICES: [0]
[I 2023-11-30 09:32:00,355] Trial 70 finished with value: 522.008056640625 and parameters: {'gradient_clip_val': 0.5682831836899563, 'hidden_size': 14, 'dropout': 0.1121263326662803, 'hidden_continuous_size': 12, 'attention_head_size': 3, 'learning_rate': 0.07381704606365937}. Best is trial 68 with value: 498.8953552246094.
LOCAL_RANK: 0 - CUDA_VISIBLE_DEVICES: [0]
[I 2023-11-30 09:32:12,461] Trial 71 finished with value: 765.41064453125 and parameters: {'gradient_clip_val': 0.5542200670910012, 'hidden_size': 14, 'dropout': 0.10935716581919225, 'hidden_continuous_size': 12, 'attention_head_size': 3, 'learning_rate': 0.07177183698600476}. Best is trial 68 with value: 498.8953552246094.
LOCAL_RANK: 0 - CUDA_VISIBLE_DEVICES: [0]
[I 2023-11-30 09:32:24,354] Trial 72 finished with value: 624.1604614257812 and parameters: {'gradient_clip_val': 0.5936792667363913, 'hidden_size': 12, 'dropout': 0.1199815856026358, 'hidden_continuous_size': 11, 'attention_head_size': 3, 'learning_rate': 0.08482435400162464}. Best is trial 68 with value: 498.8953552246094.
LOCAL_RANK: 0 - CUDA_VISIBLE_DEVICES: [0]
[I 2023-11-30 09:32:36,658] Trial 73 finished with value: 545.4649047851562 and parameters: {'gradient_clip_val': 0.49523069721884566, 'hidden_size': 15, 'dropout': 0.10860419483049116, 'hidden_continuous_size': 12, 'attention_head_size': 3, 'learning_rate': 0.07103751489251793}. Best is trial 68 with value: 498.8953552246094.
LOCAL_RANK: 0 - CUDA_VISIBLE_DEVICES: [0]
[I 2023-11-30 09:32:48,682] Trial 74 finished with value: 539.4697265625 and parameters: {'gradient_clip_val': 0.5219724973425806, 'hidden_size': 13, 'dropout': 0.13066351835518678, 'hidden_continuous_size': 12, 'attention_head_size': 3, 'learning_rate': 0.06008669080528204}. Best is trial 68 with value: 498.8953552246094.
LOCAL_RANK: 0 - CUDA_VISIBLE_DEVICES: [0]
[I 2023-11-30 09:33:00,744] Trial 75 finished with value: 662.4002075195312 and parameters: {'gradient_clip_val': 0.6310853055410899, 'hidden_size': 15, 'dropout': 0.13928643486624553, 'hidden_continuous_size': 12, 'attention_head_size': 3, 'learning_rate': 0.06085010872171479}. Best is trial 68 with value: 498.8953552246094.
LOCAL_RANK: 0 - CUDA_VISIBLE_DEVICES: [0]
[I 2023-11-30 09:33:12,986] Trial 76 finished with value: 606.0127563476562 and parameters: {'gradient_clip_val': 0.5371366016481711, 'hidden_size': 19, 'dropout': 0.15773191366360875, 'hidden_continuous_size': 12, 'attention_head_size': 3, 'learning_rate': 0.0450447105770624}. Best is trial 68 with value: 498.8953552246094.
LOCAL_RANK: 0 - CUDA_VISIBLE_DEVICES: [0]
[I 2023-11-30 09:33:25,013] Trial 77 finished with value: 585.3899536132812 and parameters: {'gradient_clip_val': 0.49709430338807425, 'hidden_size': 13, 'dropout': 0.13054816060194602, 'hidden_continuous_size': 12, 'attention_head_size': 3, 'learning_rate': 0.08838403252743117}. Best is trial 68 with value: 498.8953552246094.
LOCAL_RANK: 0 - CUDA_VISIBLE_DEVICES: [0]
[I 2023-11-30 09:33:37,202] Trial 78 finished with value: 552.6148071289062 and parameters: {'gradient_clip_val': 0.5753150821504978, 'hidden_size': 13, 'dropout': 0.11952347540718536, 'hidden_continuous_size': 12, 'attention_head_size': 3, 'learning_rate': 0.049656068054121184}. Best is trial 68 with value: 498.8953552246094.
LOCAL_RANK: 0 - CUDA_VISIBLE_DEVICES: [0]
[I 2023-11-30 09:33:49,251] Trial 79 finished with value: 653.826171875 and parameters: {'gradient_clip_val': 0.6330788326326191, 'hidden_size': 16, 'dropout': 0.10748347257664909, 'hidden_continuous_size': 13, 'attention_head_size': 3, 'learning_rate': 0.07375705491907582}. Best is trial 68 with value: 498.8953552246094.
LOCAL_RANK: 0 - CUDA_VISIBLE_DEVICES: [0]
[I 2023-11-30 09:34:01,305] Trial 80 finished with value: 580.3324584960938 and parameters: {'gradient_clip_val': 0.3224402643191147, 'hidden_size': 14, 'dropout': 0.13415655639010649, 'hidden_continuous_size': 12, 'attention_head_size': 3, 'learning_rate': 0.058842281462899784}. Best is trial 68 with value: 498.8953552246094.
LOCAL_RANK: 0 - CUDA_VISIBLE_DEVICES: [0]
