[I 2023-11-30 14:59:14,172] Trial 88 finished with value: 905.1196899414062 and parameters: {'gradient_clip_val': 0.32368795984418897, 'hidden_size': 132, 'dropout': 0.3171426381127511, 'hidden_continuous_size': 24, 'attention_head_size': 3, 'learning_rate': 0.0809456891655171}. Best is trial 72 with value: 704.312255859375.
LOCAL_RANK: 0 - CUDA_VISIBLE_DEVICES: [0]
[I 2023-11-30 14:59:28,170] Trial 89 finished with value: 975.00390625 and parameters: {'gradient_clip_val': 0.41300141319337264, 'hidden_size': 139, 'dropout': 0.32669918749500765, 'hidden_continuous_size': 16, 'attention_head_size': 3, 'learning_rate': 0.06448330478821035}. Best is trial 72 with value: 704.312255859375.
LOCAL_RANK: 0 - CUDA_VISIBLE_DEVICES: [0]
[I 2023-11-30 14:59:41,948] Trial 90 finished with value: 817.73828125 and parameters: {'gradient_clip_val': 0.2618731903853604, 'hidden_size': 123, 'dropout': 0.3034131164540217, 'hidden_continuous_size': 18, 'attention_head_size': 3, 'learning_rate': 0.08552190051466485}. Best is trial 72 with value: 704.312255859375.
LOCAL_RANK: 0 - CUDA_VISIBLE_DEVICES: [0]
[I 2023-11-30 14:59:55,600] Trial 91 finished with value: 1022.1887817382812 and parameters: {'gradient_clip_val': 0.26638857343882705, 'hidden_size': 115, 'dropout': 0.3362445909630787, 'hidden_continuous_size': 21, 'attention_head_size': 3, 'learning_rate': 0.07244378199665615}. Best is trial 72 with value: 704.312255859375.
LOCAL_RANK: 0 - CUDA_VISIBLE_DEVICES: [0]
[I 2023-11-30 15:00:09,840] Trial 92 finished with value: 869.9733276367188 and parameters: {'gradient_clip_val': 0.2913829664545247, 'hidden_size': 143, 'dropout': 0.34803191356255453, 'hidden_continuous_size': 19, 'attention_head_size': 3, 'learning_rate': 0.07366667838560044}. Best is trial 72 with value: 704.312255859375.
LOCAL_RANK: 0 - CUDA_VISIBLE_DEVICES: [0]
[I 2023-11-30 15:00:23,542] Trial 93 finished with value: 873.9415893554688 and parameters: {'gradient_clip_val': 0.25346911423707286, 'hidden_size': 119, 'dropout': 0.33707213967023886, 'hidden_continuous_size': 20, 'attention_head_size': 3, 'learning_rate': 0.08834385662299715}. Best is trial 72 with value: 704.312255859375.
LOCAL_RANK: 0 - CUDA_VISIBLE_DEVICES: [0]
[I 2023-11-30 15:00:37,502] Trial 94 finished with value: 878.0665893554688 and parameters: {'gradient_clip_val': 0.22772093322620324, 'hidden_size': 129, 'dropout': 0.3215698864868911, 'hidden_continuous_size': 23, 'attention_head_size': 4, 'learning_rate': 0.06897483203420678}. Best is trial 72 with value: 704.312255859375.
LOCAL_RANK: 0 - CUDA_VISIBLE_DEVICES: [0]
[I 2023-11-30 15:00:51,058] Trial 95 finished with value: 837.5781860351562 and parameters: {'gradient_clip_val': 0.3360424077605495, 'hidden_size': 110, 'dropout': 0.331778178761794, 'hidden_continuous_size': 18, 'attention_head_size': 3, 'learning_rate': 0.07750226113603344}. Best is trial 72 with value: 704.312255859375.
LOCAL_RANK: 0 - CUDA_VISIBLE_DEVICES: [0]
[I 2023-11-30 15:01:04,499] Trial 96 finished with value: 890.943359375 and parameters: {'gradient_clip_val': 0.3700459320017734, 'hidden_size': 100, 'dropout': 0.3592843737742517, 'hidden_continuous_size': 22, 'attention_head_size': 2, 'learning_rate': 0.05919760400587196}. Best is trial 72 with value: 704.312255859375.
LOCAL_RANK: 0 - CUDA_VISIBLE_DEVICES: [0]
[I 2023-11-30 15:01:18,484] Trial 97 finished with value: 879.681884765625 and parameters: {'gradient_clip_val': 0.31040254479622403, 'hidden_size': 119, 'dropout': 0.36451378854450395, 'hidden_continuous_size': 28, 'attention_head_size': 3, 'learning_rate': 0.08806386662828969}. Best is trial 72 with value: 704.312255859375.
LOCAL_RANK: 0 - CUDA_VISIBLE_DEVICES: [0]
[I 2023-11-30 15:01:33,867] Trial 98 finished with value: 1099.3585205078125 and parameters: {'gradient_clip_val': 0.275033806458217, 'hidden_size': 150, 'dropout': 0.3472126735129657, 'hidden_continuous_size': 17, 'attention_head_size': 2, 'learning_rate': 0.07695810599735083}. Best is trial 72 with value: 704.312255859375.
LOCAL_RANK: 0 - CUDA_VISIBLE_DEVICES: [0]
[I 2023-11-30 15:01:48,829] Trial 99 finished with value: 970.35693359375 and parameters: {'gradient_clip_val': 0.3971457536481156, 'hidden_size': 140, 'dropout': 0.35304170552609965, 'hidden_continuous_size': 16, 'attention_head_size': 3, 'learning_rate': 0.06736326706238925}. Best is trial 72 with value: 704.312255859375.
LOCAL_RANK: 0 - CUDA_VISIBLE_DEVICES: [0]
[I 2023-11-30 15:02:03,327] Trial 100 finished with value: 910.2579956054688 and parameters: {'gradient_clip_val': 0.2957593668727427, 'hidden_size': 109, 'dropout': 0.3376539974640497, 'hidden_continuous_size': 19, 'attention_head_size': 2, 'learning_rate': 0.050644920539874586}. Best is trial 72 with value: 704.312255859375.
LOCAL_RANK: 0 - CUDA_VISIBLE_DEVICES: [0]
[I 2023-11-30 15:02:18,689] Trial 101 finished with value: 868.9459838867188 and parameters: {'gradient_clip_val': 0.3479474768542733, 'hidden_size': 130, 'dropout': 0.37395165354421483, 'hidden_continuous_size': 21, 'attention_head_size': 3, 'learning_rate': 0.08840921073531367}. Best is trial 72 with value: 704.312255859375.
LOCAL_RANK: 0 - CUDA_VISIBLE_DEVICES: [0]
[I 2023-11-30 15:02:33,367] Trial 102 finished with value: 789.379150390625 and parameters: {'gradient_clip_val': 0.32296726884243043, 'hidden_size': 117, 'dropout': 0.3647921389635938, 'hidden_continuous_size': 20, 'attention_head_size': 3, 'learning_rate': 0.09627683519283156}. Best is trial 72 with value: 704.312255859375.
LOCAL_RANK: 0 - CUDA_VISIBLE_DEVICES: [0]
[I 2023-11-30 15:02:47,485] Trial 103 finished with value: 748.8165893554688 and parameters: {'gradient_clip_val': 0.318990813338718, 'hidden_size': 118, 'dropout': 0.3646785574571311, 'hidden_continuous_size': 20, 'attention_head_size': 3, 'learning_rate': 0.09777920983005174}. Best is trial 72 with value: 704.312255859375.
LOCAL_RANK: 0 - CUDA_VISIBLE_DEVICES: [0]
[I 2023-11-30 15:03:02,553] Trial 104 finished with value: 847.8317260742188 and parameters: {'gradient_clip_val': 0.3650118966934269, 'hidden_size': 126, 'dropout': 0.3428285835313539, 'hidden_continuous_size': 22, 'attention_head_size': 3, 'learning_rate': 0.07936297086651649}. Best is trial 72 with value: 704.312255859375.
LOCAL_RANK: 0 - CUDA_VISIBLE_DEVICES: [0]
[I 2023-11-30 15:03:16,292] Trial 105 finished with value: 986.3292846679688 and parameters: {'gradient_clip_val': 0.30684200794891203, 'hidden_size': 100, 'dropout': 0.35605722158181125, 'hidden_continuous_size': 18, 'attention_head_size': 2, 'learning_rate': 0.09855519190311353}. Best is trial 72 with value: 704.312255859375.
LOCAL_RANK: 0 - CUDA_VISIBLE_DEVICES: [0]
[I 2023-11-30 15:03:31,704] Trial 106 finished with value: 779.2022094726562 and parameters: {'gradient_clip_val': 0.33114926147480667, 'hidden_size': 140, 'dropout': 0.3284410522162425, 'hidden_continuous_size': 23, 'attention_head_size': 3, 'learning_rate': 0.0717200549635757}. Best is trial 72 with value: 704.312255859375.
LOCAL_RANK: 0 - CUDA_VISIBLE_DEVICES: [0]
[I 2023-11-30 15:03:46,416] Trial 107 finished with value: 901.3289184570312 and parameters: {'gradient_clip_val': 0.27716928000421936, 'hidden_size': 106, 'dropout': 0.37111396251523443, 'hidden_continuous_size': 21, 'attention_head_size': 2, 'learning_rate': 0.06263633129158226}. Best is trial 72 with value: 704.312255859375.
LOCAL_RANK: 0 - CUDA_VISIBLE_DEVICES: [0]
[I 2023-11-30 15:04:01,786] Trial 108 finished with value: 885.2864379882812 and parameters: {'gradient_clip_val': 0.3867278767401789, 'hidden_size': 133, 'dropout': 0.3498685404569742, 'hidden_continuous_size': 19, 'attention_head_size': 2, 'learning_rate': 0.08921893528628928}. Best is trial 72 with value: 704.312255859375.
LOCAL_RANK: 0 - CUDA_VISIBLE_DEVICES: [0]
[I 2023-11-30 15:04:16,614] Trial 109 finished with value: 846.7483520507812 and parameters: {'gradient_clip_val': 0.33836809690121195, 'hidden_size': 143, 'dropout': 0.34029023495394606, 'hidden_continuous_size': 24, 'attention_head_size': 3, 'learning_rate': 0.08249336253955483}. Best is trial 72 with value: 704.312255859375.
LOCAL_RANK: 0 - CUDA_VISIBLE_DEVICES: [0]
[I 2023-11-30 15:04:31,945] Trial 110 finished with value: 780.48828125 and parameters: {'gradient_clip_val': 0.24897649720134904, 'hidden_size': 150, 'dropout': 0.3628172373637469, 'hidden_continuous_size': 16, 'attention_head_size': 2, 'learning_rate': 0.055110866033644325}. Best is trial 72 with value: 704.312255859375.
LOCAL_RANK: 0 - CUDA_VISIBLE_DEVICES: [0]
[I 2023-11-30 15:04:46,980] Trial 111 finished with value: 1042.97607421875 and parameters: {'gradient_clip_val': 0.3292673758374919, 'hidden_size': 123, 'dropout': 0.32919514096643443, 'hidden_continuous_size': 23, 'attention_head_size': 3, 'learning_rate': 0.07124784188909673}. Best is trial 72 with value: 704.312255859375.
LOCAL_RANK: 0 - CUDA_VISIBLE_DEVICES: [0]
[I 2023-11-30 15:05:02,161] Trial 112 finished with value: 748.224853515625 and parameters: {'gradient_clip_val': 0.299109081170425, 'hidden_size': 137, 'dropout': 0.32309770676318467, 'hidden_continuous_size': 25, 'attention_head_size': 3, 'learning_rate': 0.09971396759519573}. Best is trial 72 with value: 704.312255859375.
LOCAL_RANK: 0 - CUDA_VISIBLE_DEVICES: [0]
[I 2023-11-30 15:05:17,347] Trial 113 finished with value: 764.9723510742188 and parameters: {'gradient_clip_val': 0.30025974467944755, 'hidden_size': 115, 'dropout': 0.31430561368604026, 'hidden_continuous_size': 20, 'attention_head_size': 3, 'learning_rate': 0.09899644713448602}. Best is trial 72 with value: 704.312255859375.
LOCAL_RANK: 0 - CUDA_VISIBLE_DEVICES: [0]
[I 2023-11-30 15:05:32,694] Trial 114 finished with value: 888.1477661132812 and parameters: {'gradient_clip_val': 0.2997397094060595, 'hidden_size': 135, 'dropout': 0.3122046164859834, 'hidden_continuous_size': 26, 'attention_head_size': 3, 'learning_rate': 0.09967907765145109}. Best is trial 72 with value: 704.312255859375.
LOCAL_RANK: 0 - CUDA_VISIBLE_DEVICES: [0]
[I 2023-11-30 15:05:47,018] Trial 115 finished with value: 1231.103515625 and parameters: {'gradient_clip_val': 0.3135014262692304, 'hidden_size': 129, 'dropout': 0.32167178515828626, 'hidden_continuous_size': 20, 'attention_head_size': 3, 'learning_rate': 0.0901877488561201}. Best is trial 72 with value: 704.312255859375.
LOCAL_RANK: 0 - CUDA_VISIBLE_DEVICES: [0]
[I 2023-11-30 15:06:01,374] Trial 116 finished with value: 823.838623046875 and parameters: {'gradient_clip_val': 0.35782747107109997, 'hidden_size': 111, 'dropout': 0.3037288151345614, 'hidden_continuous_size': 25, 'attention_head_size': 2, 'learning_rate': 0.08207249685268972}. Best is trial 72 with value: 704.312255859375.
LOCAL_RANK: 0 - CUDA_VISIBLE_DEVICES: [0]
[I 2023-11-30 15:06:17,441] Trial 117 finished with value: 809.8200073242188 and parameters: {'gradient_clip_val': 0.3750469753972787, 'hidden_size': 142, 'dropout': 0.31678990350188807, 'hidden_continuous_size': 28, 'attention_head_size': 3, 'learning_rate': 0.09973927221938454}. Best is trial 72 with value: 704.312255859375.
LOCAL_RANK: 0 - CUDA_VISIBLE_DEVICES: [0]
[I 2023-11-30 15:06:32,517] Trial 118 finished with value: 739.8203125 and parameters: {'gradient_clip_val': 0.2851421538431219, 'hidden_size': 123, 'dropout': 0.3562524889948299, 'hidden_continuous_size': 22, 'attention_head_size': 2, 'learning_rate': 0.0900235163967223}. Best is trial 72 with value: 704.312255859375.
LOCAL_RANK: 0 - CUDA_VISIBLE_DEVICES: [0]
[I 2023-11-30 15:06:47,095] Trial 119 finished with value: 742.6171875 and parameters: {'gradient_clip_val': 0.28550533271159945, 'hidden_size': 104, 'dropout': 0.35286212383102283, 'hidden_continuous_size': 22, 'attention_head_size': 2, 'learning_rate': 0.06221549403423804}. Best is trial 72 with value: 704.312255859375.
LOCAL_RANK: 0 - CUDA_VISIBLE_DEVICES: [0]
[I 2023-11-30 15:07:01,520] Trial 120 finished with value: 799.3886108398438 and parameters: {'gradient_clip_val': 0.2652470840077651, 'hidden_size': 103, 'dropout': 0.3686404963618088, 'hidden_continuous_size': 22, 'attention_head_size': 2, 'learning_rate': 0.06177624397824796}. Best is trial 72 with value: 704.312255859375.
LOCAL_RANK: 0 - CUDA_VISIBLE_DEVICES: [0]
[I 2023-11-30 15:07:15,930] Trial 121 finished with value: 803.9699096679688 and parameters: {'gradient_clip_val': 0.2933299419766918, 'hidden_size': 122, 'dropout': 0.3560428893459425, 'hidden_continuous_size': 24, 'attention_head_size': 2, 'learning_rate': 0.0894804672679467}. Best is trial 72 with value: 704.312255859375.
LOCAL_RANK: 0 - CUDA_VISIBLE_DEVICES: [0]
[I 2023-11-30 15:07:30,612] Trial 122 finished with value: 976.3665161132812 and parameters: {'gradient_clip_val': 0.28463710630069083, 'hidden_size': 114, 'dropout': 0.3520186835483399, 'hidden_continuous_size': 21, 'attention_head_size': 2, 'learning_rate': 0.07974384079209193}. Best is trial 72 with value: 704.312255859375.
LOCAL_RANK: 0 - CUDA_VISIBLE_DEVICES: [0]
[I 2023-11-30 15:07:46,122] Trial 123 finished with value: 753.6443481445312 and parameters: {'gradient_clip_val': 0.31248076830379257, 'hidden_size': 126, 'dropout': 0.36128375595088275, 'hidden_continuous_size': 20, 'attention_head_size': 2, 'learning_rate': 0.09080146957978888}. Best is trial 72 with value: 704.312255859375.
LOCAL_RANK: 0 - CUDA_VISIBLE_DEVICES: [0]
[I 2023-11-30 15:08:00,742] Trial 124 finished with value: 868.435546875 and parameters: {'gradient_clip_val': 0.3164306829645866, 'hidden_size': 126, 'dropout': 0.35952991461472206, 'hidden_continuous_size': 22, 'attention_head_size': 2, 'learning_rate': 0.06560013645007703}. Best is trial 72 with value: 704.312255859375.
LOCAL_RANK: 0 - CUDA_VISIBLE_DEVICES: [0]
[I 2023-11-30 15:08:15,444] Trial 125 finished with value: 722.5704956054688 and parameters: {'gradient_clip_val': 0.2696873604044267, 'hidden_size': 133, 'dropout': 0.3770320519582687, 'hidden_continuous_size': 18, 'attention_head_size': 2, 'learning_rate': 0.08567013696941402}. Best is trial 72 with value: 704.312255859375.
LOCAL_RANK: 0 - CUDA_VISIBLE_DEVICES: [0]
[I 2023-11-30 15:08:29,517] Trial 126 finished with value: 832.8367309570312 and parameters: {'gradient_clip_val': 0.2748600956123446, 'hidden_size': 150, 'dropout': 0.3775115566530622, 'hidden_continuous_size': 27, 'attention_head_size': 2, 'learning_rate': 0.08399223101474321}. Best is trial 72 with value: 704.312255859375.
LOCAL_RANK: 0 - CUDA_VISIBLE_DEVICES: [0]
[I 2023-11-30 15:08:43,276] Trial 127 finished with value: 811.9773559570312 and parameters: {'gradient_clip_val': 0.23908775865742307, 'hidden_size': 136, 'dropout': 0.3660266414016418, 'hidden_continuous_size': 18, 'attention_head_size': 2, 'learning_rate': 0.07476352157036424}. Best is trial 72 with value: 704.312255859375.
LOCAL_RANK: 0 - CUDA_VISIBLE_DEVICES: [0]
[I 2023-11-30 15:08:57,154] Trial 128 finished with value: 1246.2803955078125 and parameters: {'gradient_clip_val': 0.26798862869798745, 'hidden_size': 142, 'dropout': 0.3729108493037916, 'hidden_continuous_size': 17, 'attention_head_size': 2, 'learning_rate': 0.056617953921805124}. Best is trial 72 with value: 704.312255859375.
LOCAL_RANK: 0 - CUDA_VISIBLE_DEVICES: [0]
[I 2023-11-30 15:09:10,737] Trial 129 finished with value: 916.0099487304688 and parameters: {'gradient_clip_val': 0.28667997614191015, 'hidden_size': 132, 'dropout': 0.3932153979377021, 'hidden_continuous_size': 25, 'attention_head_size': 2, 'learning_rate': 0.08556125141398423}. Best is trial 72 with value: 704.312255859375.
LOCAL_RANK: 0 - CUDA_VISIBLE_DEVICES: [0]
[I 2023-11-30 15:09:24,465] Trial 130 finished with value: 965.4909057617188 and parameters: {'gradient_clip_val': 0.3469726395768417, 'hidden_size': 110, 'dropout': 0.384657750678704, 'hidden_continuous_size': 21, 'attention_head_size': 2, 'learning_rate': 0.048726516070412465}. Best is trial 72 with value: 704.312255859375.
LOCAL_RANK: 0 - CUDA_VISIBLE_DEVICES: [0]
[I 2023-11-30 15:09:37,981] Trial 131 finished with value: 738.6637573242188 and parameters: {'gradient_clip_val': 0.3120836023239697, 'hidden_size': 121, 'dropout': 0.34704715352244464, 'hidden_continuous_size': 18, 'attention_head_size': 2, 'learning_rate': 0.08862252002172624}. Best is trial 72 with value: 704.312255859375.
LOCAL_RANK: 0 - CUDA_VISIBLE_DEVICES: [0]
[I 2023-11-30 15:09:51,587] Trial 132 finished with value: 747.7467651367188 and parameters: {'gradient_clip_val': 0.3256602445948482, 'hidden_size': 121, 'dropout': 0.35988224829605114, 'hidden_continuous_size': 20, 'attention_head_size': 2, 'learning_rate': 0.07787551722995427}. Best is trial 72 with value: 704.312255859375.
LOCAL_RANK: 0 - CUDA_VISIBLE_DEVICES: [0]
[I 2023-11-30 15:10:04,623] Trial 133 finished with value: 1146.5037841796875 and parameters: {'gradient_clip_val': 0.302343288876853, 'hidden_size': 96, 'dropout': 0.34767989262007537, 'hidden_continuous_size': 20, 'attention_head_size': 2, 'learning_rate': 0.06914273895134118}. Best is trial 72 with value: 704.312255859375.
LOCAL_RANK: 0 - CUDA_VISIBLE_DEVICES: [0]
[I 2023-11-30 15:10:18,058] Trial 134 finished with value: 920.4036254882812 and parameters: {'gradient_clip_val': 0.3226469812785523, 'hidden_size': 120, 'dropout': 0.3588436721165436, 'hidden_continuous_size': 23, 'attention_head_size': 2, 'learning_rate': 0.07766246826983737}. Best is trial 72 with value: 704.312255859375.
LOCAL_RANK: 0 - CUDA_VISIBLE_DEVICES: [0]
[I 2023-11-30 15:10:31,546] Trial 135 finished with value: 1192.6593017578125 and parameters: {'gradient_clip_val': 0.2823205047844107, 'hidden_size': 128, 'dropout': 0.35174438725140006, 'hidden_continuous_size': 18, 'attention_head_size': 2, 'learning_rate': 0.08959198459821377}. Best is trial 72 with value: 704.312255859375.
LOCAL_RANK: 0 - CUDA_VISIBLE_DEVICES: [0]
[I 2023-11-30 15:10:44,657] Trial 136 finished with value: 769.0958862304688 and parameters: {'gradient_clip_val': 0.2570900239090396, 'hidden_size': 104, 'dropout': 0.3399917425503993, 'hidden_continuous_size': 17, 'attention_head_size': 2, 'learning_rate': 0.07599900936490986}. Best is trial 72 with value: 704.312255859375.
LOCAL_RANK: 0 - CUDA_VISIBLE_DEVICES: [0]
[I 2023-11-30 15:10:58,363] Trial 137 finished with value: 826.3790893554688 and parameters: {'gradient_clip_val': 0.2948055136711028, 'hidden_size': 121, 'dropout': 0.3636026828268578, 'hidden_continuous_size': 20, 'attention_head_size': 2, 'learning_rate': 0.06757141187730852}. Best is trial 72 with value: 704.312255859375.
LOCAL_RANK: 0 - CUDA_VISIBLE_DEVICES: [0]
[I 2023-11-30 15:11:12,231] Trial 138 finished with value: 971.095703125 and parameters: {'gradient_clip_val': 0.3357246053059888, 'hidden_size': 144, 'dropout': 0.37968658126004917, 'hidden_continuous_size': 33, 'attention_head_size': 2, 'learning_rate': 0.09205071381740873}. Best is trial 72 with value: 704.312255859375.
LOCAL_RANK: 0 - CUDA_VISIBLE_DEVICES: [0]
[I 2023-11-30 15:11:25,814] Trial 139 finished with value: 817.3687133789062 and parameters: {'gradient_clip_val': 0.3116127282060173, 'hidden_size': 132, 'dropout': 0.3340083126764305, 'hidden_continuous_size': 24, 'attention_head_size': 2, 'learning_rate': 0.061075532397973115}. Best is trial 72 with value: 704.312255859375.
LOCAL_RANK: 0 - CUDA_VISIBLE_DEVICES: [0]
[I 2023-11-30 15:11:39,051] Trial 140 finished with value: 937.2531127929688 and parameters: {'gradient_clip_val': 0.2762362224782477, 'hidden_size': 90, 'dropout': 0.3464245753385379, 'hidden_continuous_size': 22, 'attention_head_size': 2, 'learning_rate': 0.07768700837085284}. Best is trial 72 with value: 704.312255859375.
LOCAL_RANK: 0 - CUDA_VISIBLE_DEVICES: [0]
[I 2023-11-30 15:11:52,952] Trial 141 finished with value: 908.7634887695312 and parameters: {'gradient_clip_val': 0.3591710290227831, 'hidden_size': 141, 'dropout': 0.36748675633253924, 'hidden_continuous_size': 19, 'attention_head_size': 2, 'learning_rate': 0.08440851256222899}. Best is trial 72 with value: 704.312255859375.
LOCAL_RANK: 0 - CUDA_VISIBLE_DEVICES: [0]
[I 2023-11-30 15:12:06,644] Trial 142 finished with value: 743.728271484375 and parameters: {'gradient_clip_val': 0.32593317719390225, 'hidden_size': 114, 'dropout': 0.35415849826872825, 'hidden_continuous_size': 21, 'attention_head_size': 2, 'learning_rate': 0.08609089129437066}. Best is trial 72 with value: 704.312255859375.
LOCAL_RANK: 0 - CUDA_VISIBLE_DEVICES: [0]
[I 2023-11-30 15:12:20,058] Trial 143 finished with value: 747.4573364257812 and parameters: {'gradient_clip_val': 0.3210566674320267, 'hidden_size': 108, 'dropout': 0.3509887058457466, 'hidden_continuous_size': 21, 'attention_head_size': 2, 'learning_rate': 0.09135516541558858}. Best is trial 72 with value: 704.312255859375.
LOCAL_RANK: 0 - CUDA_VISIBLE_DEVICES: [0]
[I 2023-11-30 15:12:33,435] Trial 144 finished with value: 1042.8863525390625 and parameters: {'gradient_clip_val': 0.3394768154262941, 'hidden_size': 107, 'dropout': 0.3568030684091028, 'hidden_continuous_size': 21, 'attention_head_size': 2, 'learning_rate': 0.09026315011152265}. Best is trial 72 with value: 704.312255859375.
LOCAL_RANK: 0 - CUDA_VISIBLE_DEVICES: [0]
[I 2023-11-30 15:12:46,582] Trial 145 finished with value: 950.1737670898438 and parameters: {'gradient_clip_val': 0.3256808780344614, 'hidden_size': 96, 'dropout': 0.36095843650644677, 'hidden_continuous_size': 22, 'attention_head_size': 2, 'learning_rate': 0.09973645236485787}. Best is trial 72 with value: 704.312255859375.
LOCAL_RANK: 0 - CUDA_VISIBLE_DEVICES: [0]
[I 2023-11-30 15:12:59,946] Trial 146 finished with value: 840.9465942382812 and parameters: {'gradient_clip_val': 0.30125031743057185, 'hidden_size': 114, 'dropout': 0.3522226543999566, 'hidden_continuous_size': 18, 'attention_head_size': 2, 'learning_rate': 0.07178687113316967}. Best is trial 72 with value: 704.312255859375.
LOCAL_RANK: 0 - CUDA_VISIBLE_DEVICES: [0]
