[I 2023-11-29 21:53:11,156] Trial 16 finished with value: 117.58087158203125 and parameters: {'gradient_clip_val': 0.5503657024303901, 'hidden_size': 26, 'dropout': 0.16242656237551406, 'hidden_continuous_size': 13, 'attention_head_size': 3, 'learning_rate': 0.01826406852962194}. Best is trial 13 with value: 106.16336822509766.
LOCAL_RANK: 0 - CUDA_VISIBLE_DEVICES: [0]
[I 2023-11-29 21:53:24,096] Trial 17 finished with value: 116.6869125366211 and parameters: {'gradient_clip_val': 0.4234995012223521, 'hidden_size': 51, 'dropout': 0.2985050634373899, 'hidden_continuous_size': 26, 'attention_head_size': 1, 'learning_rate': 0.04554023258925052}. Best is trial 13 with value: 106.16336822509766.
LOCAL_RANK: 0 - CUDA_VISIBLE_DEVICES: [0]
[I 2023-11-29 21:53:36,670] Trial 18 finished with value: 111.5619125366211 and parameters: {'gradient_clip_val': 0.19358818723597404, 'hidden_size': 22, 'dropout': 0.225439470058977, 'hidden_continuous_size': 13, 'attention_head_size': 2, 'learning_rate': 0.016206329744701584}. Best is trial 13 with value: 106.16336822509766.
LOCAL_RANK: 0 - CUDA_VISIBLE_DEVICES: [0]
[I 2023-11-29 21:53:49,308] Trial 19 finished with value: 117.02468872070312 and parameters: {'gradient_clip_val': 0.21184735306633268, 'hidden_size': 33, 'dropout': 0.2362720239213096, 'hidden_continuous_size': 14, 'attention_head_size': 3, 'learning_rate': 0.017236736618696267}. Best is trial 13 with value: 106.16336822509766.
LOCAL_RANK: 0 - CUDA_VISIBLE_DEVICES: [0]
[I 2023-11-29 21:54:01,528] Trial 20 finished with value: 173.6438751220703 and parameters: {'gradient_clip_val': 0.1848903433894267, 'hidden_size': 14, 'dropout': 0.2752425301821011, 'hidden_continuous_size': 12, 'attention_head_size': 2, 'learning_rate': 0.008966743271890213}. Best is trial 13 with value: 106.16336822509766.
LOCAL_RANK: 0 - CUDA_VISIBLE_DEVICES: [0]
[I 2023-11-29 21:54:13,569] Trial 21 finished with value: 114.35205078125 and parameters: {'gradient_clip_val': 0.32817210213417625, 'hidden_size': 22, 'dropout': 0.10461309376726868, 'hidden_continuous_size': 13, 'attention_head_size': 1, 'learning_rate': 0.02550639773578887}. Best is trial 13 with value: 106.16336822509766.
LOCAL_RANK: 0 - CUDA_VISIBLE_DEVICES: [0]
[I 2023-11-29 21:54:25,809] Trial 22 finished with value: 119.60201263427734 and parameters: {'gradient_clip_val': 0.10965164003699006, 'hidden_size': 23, 'dropout': 0.2193227692657263, 'hidden_continuous_size': 15, 'attention_head_size': 2, 'learning_rate': 0.030861078581054083}. Best is trial 13 with value: 106.16336822509766.
LOCAL_RANK: 0 - CUDA_VISIBLE_DEVICES: [0]
[I 2023-11-29 21:54:38,349] Trial 23 finished with value: 112.42269897460938 and parameters: {'gradient_clip_val': 0.4075461230524785, 'hidden_size': 28, 'dropout': 0.18026828103062636, 'hidden_continuous_size': 15, 'attention_head_size': 3, 'learning_rate': 0.018048937590675926}. Best is trial 13 with value: 106.16336822509766.
LOCAL_RANK: 0 - CUDA_VISIBLE_DEVICES: [0]
[I 2023-11-29 21:54:50,447] Trial 24 finished with value: 159.09193420410156 and parameters: {'gradient_clip_val': 0.5073450078200901, 'hidden_size': 19, 'dropout': 0.156603513210065, 'hidden_continuous_size': 12, 'attention_head_size': 1, 'learning_rate': 0.054671939805549394}. Best is trial 13 with value: 106.16336822509766.
LOCAL_RANK: 0 - CUDA_VISIBLE_DEVICES: [0]
[I 2023-11-29 21:55:02,465] Trial 25 finished with value: 116.4720230102539 and parameters: {'gradient_clip_val': 0.37806474677661484, 'hidden_size': 14, 'dropout': 0.211806601153652, 'hidden_continuous_size': 11, 'attention_head_size': 2, 'learning_rate': 0.039857376515797}. Best is trial 13 with value: 106.16336822509766.
LOCAL_RANK: 0 - CUDA_VISIBLE_DEVICES: [0]
[I 2023-11-29 21:55:15,037] Trial 26 finished with value: 137.99497985839844 and parameters: {'gradient_clip_val': 0.2800341935699174, 'hidden_size': 30, 'dropout': 0.24576469076445198, 'hidden_continuous_size': 16, 'attention_head_size': 3, 'learning_rate': 0.027154054960129532}. Best is trial 13 with value: 106.16336822509766.
LOCAL_RANK: 0 - CUDA_VISIBLE_DEVICES: [0]
[I 2023-11-29 21:55:27,222] Trial 27 finished with value: 107.943603515625 and parameters: {'gradient_clip_val': 0.43192035061243456, 'hidden_size': 21, 'dropout': 0.19651928443808359, 'hidden_continuous_size': 12, 'attention_head_size': 2, 'learning_rate': 0.015590076755618838}. Best is trial 13 with value: 106.16336822509766.
LOCAL_RANK: 0 - CUDA_VISIBLE_DEVICES: [0]
[I 2023-11-29 21:55:40,050] Trial 28 finished with value: 123.0833740234375 and parameters: {'gradient_clip_val': 0.3189630042870935, 'hidden_size': 40, 'dropout': 0.1985111341706869, 'hidden_continuous_size': 18, 'attention_head_size': 2, 'learning_rate': 0.013380328333999561}. Best is trial 13 with value: 106.16336822509766.
LOCAL_RANK: 0 - CUDA_VISIBLE_DEVICES: [0]
[I 2023-11-29 21:55:52,122] Trial 29 finished with value: 135.8070526123047 and parameters: {'gradient_clip_val': 0.5753017110111226, 'hidden_size': 16, 'dropout': 0.21376987453971302, 'hidden_continuous_size': 12, 'attention_head_size': 3, 'learning_rate': 0.008626769020295692}. Best is trial 13 with value: 106.16336822509766.
LOCAL_RANK: 0 - CUDA_VISIBLE_DEVICES: [0]
[I 2023-11-29 21:56:04,224] Trial 30 finished with value: 131.99537658691406 and parameters: {'gradient_clip_val': 0.3831176899986968, 'hidden_size': 13, 'dropout': 0.25070136102156965, 'hidden_continuous_size': 11, 'attention_head_size': 2, 'learning_rate': 0.013619698220500832}. Best is trial 13 with value: 106.16336822509766.
LOCAL_RANK: 0 - CUDA_VISIBLE_DEVICES: [0]
[I 2023-11-29 21:56:16,213] Trial 31 finished with value: 130.69595336914062 and parameters: {'gradient_clip_val': 0.43371279215091474, 'hidden_size': 21, 'dropout': 0.15023219869193022, 'hidden_continuous_size': 13, 'attention_head_size': 1, 'learning_rate': 0.020845185352692697}. Best is trial 13 with value: 106.16336822509766.
LOCAL_RANK: 0 - CUDA_VISIBLE_DEVICES: [0]
[I 2023-11-29 21:56:28,311] Trial 32 finished with value: 98.7342758178711 and parameters: {'gradient_clip_val': 0.4680281844918627, 'hidden_size': 21, 'dropout': 0.1880906408293734, 'hidden_continuous_size': 12, 'attention_head_size': 2, 'learning_rate': 0.016575377015150272}. Best is trial 32 with value: 98.7342758178711.
LOCAL_RANK: 0 - CUDA_VISIBLE_DEVICES: [0]
[I 2023-11-29 21:56:40,830] Trial 33 finished with value: 114.32001495361328 and parameters: {'gradient_clip_val': 0.36461493910590426, 'hidden_size': 26, 'dropout': 0.1916300102041404, 'hidden_continuous_size': 12, 'attention_head_size': 2, 'learning_rate': 0.015261607169050917}. Best is trial 32 with value: 98.7342758178711.
LOCAL_RANK: 0 - CUDA_VISIBLE_DEVICES: [0]
[I 2023-11-29 21:56:52,947] Trial 34 finished with value: 159.04115295410156 and parameters: {'gradient_clip_val': 0.6649797023872545, 'hidden_size': 19, 'dropout': 0.227603669662719, 'hidden_continuous_size': 12, 'attention_head_size': 2, 'learning_rate': 0.010404904487202797}. Best is trial 32 with value: 98.7342758178711.
LOCAL_RANK: 0 - CUDA_VISIBLE_DEVICES: [0]
[I 2023-11-29 21:57:05,075] Trial 35 finished with value: 121.63665771484375 and parameters: {'gradient_clip_val': 0.5287171255870042, 'hidden_size': 24, 'dropout': 0.20521628923958937, 'hidden_continuous_size': 14, 'attention_head_size': 3, 'learning_rate': 0.006722693678114282}. Best is trial 32 with value: 98.7342758178711.
LOCAL_RANK: 0 - CUDA_VISIBLE_DEVICES: [0]
[I 2023-11-29 21:57:16,901] Trial 36 finished with value: 109.01081085205078 and parameters: {'gradient_clip_val': 0.6239367806587881, 'hidden_size': 16, 'dropout': 0.17732176371569322, 'hidden_continuous_size': 12, 'attention_head_size': 2, 'learning_rate': 0.014518458078458609}. Best is trial 32 with value: 98.7342758178711.
LOCAL_RANK: 0 - CUDA_VISIBLE_DEVICES: [0]
[I 2023-11-29 21:57:28,958] Trial 37 finished with value: 179.6944580078125 and parameters: {'gradient_clip_val': 0.6288479961245192, 'hidden_size': 12, 'dropout': 0.14044381838950487, 'hidden_continuous_size': 10, 'attention_head_size': 2, 'learning_rate': 0.011944822325332697}. Best is trial 32 with value: 98.7342758178711.
LOCAL_RANK: 0 - CUDA_VISIBLE_DEVICES: [0]
[I 2023-11-29 21:57:41,193] Trial 38 finished with value: 99.80956268310547 and parameters: {'gradient_clip_val': 0.48484801691215224, 'hidden_size': 15, 'dropout': 0.1730053582308039, 'hidden_continuous_size': 12, 'attention_head_size': 2, 'learning_rate': 0.022280428108188227}. Best is trial 32 with value: 98.7342758178711.
LOCAL_RANK: 0 - CUDA_VISIBLE_DEVICES: [0]
[I 2023-11-29 21:57:54,727] Trial 39 finished with value: 139.62171936035156 and parameters: {'gradient_clip_val': 0.4886617483606482, 'hidden_size': 91, 'dropout': 0.13000848045105928, 'hidden_continuous_size': 19, 'attention_head_size': 2, 'learning_rate': 0.023375422362790086}. Best is trial 32 with value: 98.7342758178711.
LOCAL_RANK: 0 - CUDA_VISIBLE_DEVICES: [0]
[I 2023-11-29 21:58:06,904] Trial 40 finished with value: 123.645263671875 and parameters: {'gradient_clip_val': 0.4022686689126336, 'hidden_size': 19, 'dropout': 0.18603287887207615, 'hidden_continuous_size': 11, 'attention_head_size': 3, 'learning_rate': 0.034262649897032045}. Best is trial 32 with value: 98.7342758178711.
LOCAL_RANK: 0 - CUDA_VISIBLE_DEVICES: [0]
[I 2023-11-29 21:58:18,863] Trial 41 finished with value: 113.55850219726562 and parameters: {'gradient_clip_val': 0.5936306540888876, 'hidden_size': 15, 'dropout': 0.17131923532668822, 'hidden_continuous_size': 12, 'attention_head_size': 2, 'learning_rate': 0.019339601231356713}. Best is trial 32 with value: 98.7342758178711.
LOCAL_RANK: 0 - CUDA_VISIBLE_DEVICES: [0]
[I 2023-11-29 21:58:30,949] Trial 42 finished with value: 115.38451385498047 and parameters: {'gradient_clip_val': 0.7377101247938301, 'hidden_size': 15, 'dropout': 0.17473795187982818, 'hidden_continuous_size': 12, 'attention_head_size': 2, 'learning_rate': 0.014332312435356315}. Best is trial 32 with value: 98.7342758178711.
LOCAL_RANK: 0 - CUDA_VISIBLE_DEVICES: [0]
[I 2023-11-29 21:58:42,730] Trial 43 finished with value: 99.97409057617188 and parameters: {'gradient_clip_val': 0.47138419022333694, 'hidden_size': 12, 'dropout': 0.2008044693979767, 'hidden_continuous_size': 10, 'attention_head_size': 2, 'learning_rate': 0.028921324562632408}. Best is trial 32 with value: 98.7342758178711.
LOCAL_RANK: 0 - CUDA_VISIBLE_DEVICES: [0]
[I 2023-11-29 21:58:54,777] Trial 44 finished with value: 81.78107452392578 and parameters: {'gradient_clip_val': 0.4796359085780617, 'hidden_size': 11, 'dropout': 0.2043688692016402, 'hidden_continuous_size': 10, 'attention_head_size': 2, 'learning_rate': 0.023593804199914}. Best is trial 44 with value: 81.78107452392578.
LOCAL_RANK: 0 - CUDA_VISIBLE_DEVICES: [0]
[I 2023-11-29 21:59:06,698] Trial 45 finished with value: 113.0089340209961 and parameters: {'gradient_clip_val': 0.5115844113098821, 'hidden_size': 11, 'dropout': 0.20121451817780084, 'hidden_continuous_size': 10, 'attention_head_size': 2, 'learning_rate': 0.028920453335320437}. Best is trial 44 with value: 81.78107452392578.
LOCAL_RANK: 0 - CUDA_VISIBLE_DEVICES: [0]
[I 2023-11-29 21:59:18,480] Trial 46 finished with value: 118.6986312866211 and parameters: {'gradient_clip_val': 0.46442795304445567, 'hidden_size': 12, 'dropout': 0.1474168547379659, 'hidden_continuous_size': 10, 'attention_head_size': 3, 'learning_rate': 0.022413096482492987}. Best is trial 44 with value: 81.78107452392578.
LOCAL_RANK: 0 - CUDA_VISIBLE_DEVICES: [0]
[I 2023-11-29 21:59:30,518] Trial 47 finished with value: 117.47183990478516 and parameters: {'gradient_clip_val': 0.5509848684492468, 'hidden_size': 11, 'dropout': 0.3687609826218418, 'hidden_continuous_size': 10, 'attention_head_size': 4, 'learning_rate': 0.03875540551201796}. Best is trial 44 with value: 81.78107452392578.
LOCAL_RANK: 0 - CUDA_VISIBLE_DEVICES: [0]
[I 2023-11-29 21:59:40,967] Trial 48 finished with value: 114.14453125 and parameters: {'gradient_clip_val': 0.3350457990844172, 'hidden_size': 10, 'dropout': 0.16375060450446954, 'hidden_continuous_size': 10, 'attention_head_size': 2, 'learning_rate': 0.02997921751652702}. Best is trial 44 with value: 81.78107452392578.
LOCAL_RANK: 0 - CUDA_VISIBLE_DEVICES: [0]
[I 2023-11-29 21:59:53,151] Trial 49 finished with value: 110.07696533203125 and parameters: {'gradient_clip_val': 0.4563359828156116, 'hidden_size': 13, 'dropout': 0.18405950335776916, 'hidden_continuous_size': 10, 'attention_head_size': 3, 'learning_rate': 0.021979386409476515}. Best is trial 44 with value: 81.78107452392578.
LOCAL_RANK: 0 - CUDA_VISIBLE_DEVICES: [0]
[I 2023-11-29 22:00:05,264] Trial 50 finished with value: 130.34144592285156 and parameters: {'gradient_clip_val': 0.35785704899461657, 'hidden_size': 17, 'dropout': 0.21584869833564027, 'hidden_continuous_size': 11, 'attention_head_size': 2, 'learning_rate': 0.0515465831248037}. Best is trial 44 with value: 81.78107452392578.
LOCAL_RANK: 0 - CUDA_VISIBLE_DEVICES: [0]
[I 2023-11-29 22:00:17,244] Trial 51 finished with value: 100.58255767822266 and parameters: {'gradient_clip_val': 0.4287477175713551, 'hidden_size': 20, 'dropout': 0.20648212936771113, 'hidden_continuous_size': 11, 'attention_head_size': 2, 'learning_rate': 0.02617079033322371}. Best is trial 44 with value: 81.78107452392578.
LOCAL_RANK: 0 - CUDA_VISIBLE_DEVICES: [0]
[I 2023-11-29 22:00:29,452] Trial 52 finished with value: 113.58846282958984 and parameters: {'gradient_clip_val': 0.489372834951344, 'hidden_size': 18, 'dropout': 0.20773585946630732, 'hidden_continuous_size': 11, 'attention_head_size': 2, 'learning_rate': 0.026161573007270997}. Best is trial 44 with value: 81.78107452392578.
LOCAL_RANK: 0 - CUDA_VISIBLE_DEVICES: [0]
[I 2023-11-29 22:00:41,841] Trial 53 finished with value: 109.4925308227539 and parameters: {'gradient_clip_val': 0.4104013486210997, 'hidden_size': 17, 'dropout': 0.19305174425901986, 'hidden_continuous_size': 11, 'attention_head_size': 2, 'learning_rate': 0.033908264789886615}. Best is trial 44 with value: 81.78107452392578.
LOCAL_RANK: 0 - CUDA_VISIBLE_DEVICES: [0]
[I 2023-11-29 22:00:53,789] Trial 54 finished with value: 127.55227661132812 and parameters: {'gradient_clip_val': 0.5253053680724549, 'hidden_size': 11, 'dropout': 0.16811706894747527, 'hidden_continuous_size': 10, 'attention_head_size': 2, 'learning_rate': 0.018783101939887626}. Best is trial 44 with value: 81.78107452392578.
LOCAL_RANK: 0 - CUDA_VISIBLE_DEVICES: [0]
[I 2023-11-29 22:01:05,878] Trial 55 finished with value: 109.75553131103516 and parameters: {'gradient_clip_val': 0.4607111111659785, 'hidden_size': 14, 'dropout': 0.23390425721488428, 'hidden_continuous_size': 10, 'attention_head_size': 1, 'learning_rate': 0.04230181308786828}. Best is trial 44 with value: 81.78107452392578.
LOCAL_RANK: 0 - CUDA_VISIBLE_DEVICES: [0]
[I 2023-11-29 22:01:18,122] Trial 56 finished with value: 111.82427978515625 and parameters: {'gradient_clip_val': 0.5727773823050393, 'hidden_size': 25, 'dropout': 0.39883023161548614, 'hidden_continuous_size': 11, 'attention_head_size': 2, 'learning_rate': 0.02412778276856351}. Best is trial 44 with value: 81.78107452392578.
LOCAL_RANK: 0 - CUDA_VISIBLE_DEVICES: [0]
[I 2023-11-29 22:01:30,380] Trial 57 finished with value: 120.95198822021484 and parameters: {'gradient_clip_val': 0.3965170253749213, 'hidden_size': 21, 'dropout': 0.18490325573983077, 'hidden_continuous_size': 13, 'attention_head_size': 3, 'learning_rate': 0.03232834306666233}. Best is trial 44 with value: 81.78107452392578.
LOCAL_RANK: 0 - CUDA_VISIBLE_DEVICES: [0]
[I 2023-11-29 22:01:42,585] Trial 58 finished with value: 126.73455047607422 and parameters: {'gradient_clip_val': 0.4356947941023268, 'hidden_size': 13, 'dropout': 0.21988077922291271, 'hidden_continuous_size': 10, 'attention_head_size': 2, 'learning_rate': 0.045353584096694495}. Best is trial 44 with value: 81.78107452392578.
LOCAL_RANK: 0 - CUDA_VISIBLE_DEVICES: [0]
[I 2023-11-29 22:01:54,847] Trial 59 finished with value: 119.01284790039062 and parameters: {'gradient_clip_val': 0.3518728914322473, 'hidden_size': 27, 'dropout': 0.2652273140837344, 'hidden_continuous_size': 11, 'attention_head_size': 2, 'learning_rate': 0.01972056949680224}. Best is trial 44 with value: 81.78107452392578.
LOCAL_RANK: 0 - CUDA_VISIBLE_DEVICES: [0]
[I 2023-11-29 22:02:07,053] Trial 60 finished with value: 131.726806640625 and parameters: {'gradient_clip_val': 0.297552044353114, 'hidden_size': 19, 'dropout': 0.2370380061824403, 'hidden_continuous_size': 13, 'attention_head_size': 1, 'learning_rate': 0.06326247898576576}. Best is trial 44 with value: 81.78107452392578.
LOCAL_RANK: 0 - CUDA_VISIBLE_DEVICES: [0]
[I 2023-11-29 22:02:19,138] Trial 61 finished with value: 110.77535247802734 and parameters: {'gradient_clip_val': 0.43205844891669104, 'hidden_size': 21, 'dropout': 0.2000181428174801, 'hidden_continuous_size': 13, 'attention_head_size': 2, 'learning_rate': 0.016382957735307086}. Best is trial 44 with value: 81.78107452392578.
LOCAL_RANK: 0 - CUDA_VISIBLE_DEVICES: [0]
[I 2023-11-29 22:02:31,561] Trial 62 finished with value: 124.2744369506836 and parameters: {'gradient_clip_val': 0.4877157042090326, 'hidden_size': 23, 'dropout': 0.19243767299804637, 'hidden_continuous_size': 12, 'attention_head_size': 2, 'learning_rate': 0.026883808156667445}. Best is trial 44 with value: 81.78107452392578.
LOCAL_RANK: 0 - CUDA_VISIBLE_DEVICES: [0]
[I 2023-11-29 22:02:43,541] Trial 63 finished with value: 114.74596405029297 and parameters: {'gradient_clip_val': 0.3838503814010205, 'hidden_size': 16, 'dropout': 0.2076413057042021, 'hidden_continuous_size': 12, 'attention_head_size': 2, 'learning_rate': 0.01755998002276777}. Best is trial 44 with value: 81.78107452392578.
LOCAL_RANK: 0 - CUDA_VISIBLE_DEVICES: [0]
[I 2023-11-29 22:02:55,618] Trial 64 finished with value: 123.6610107421875 and parameters: {'gradient_clip_val': 0.5346649987900541, 'hidden_size': 24, 'dropout': 0.1567320640378518, 'hidden_continuous_size': 14, 'attention_head_size': 2, 'learning_rate': 0.024125078207488274}. Best is trial 44 with value: 81.78107452392578.
LOCAL_RANK: 0 - CUDA_VISIBLE_DEVICES: [0]
[I 2023-11-29 22:03:07,877] Trial 65 finished with value: 108.64051055908203 and parameters: {'gradient_clip_val': 0.4244207120296134, 'hidden_size': 29, 'dropout': 0.18111085709688043, 'hidden_continuous_size': 11, 'attention_head_size': 2, 'learning_rate': 0.03557079834278694}. Best is trial 44 with value: 81.78107452392578.
LOCAL_RANK: 0 - CUDA_VISIBLE_DEVICES: [0]
[I 2023-11-29 22:03:20,205] Trial 66 finished with value: 116.5731430053711 and parameters: {'gradient_clip_val': 0.4706512450231634, 'hidden_size': 32, 'dropout': 0.2223427600770449, 'hidden_continuous_size': 15, 'attention_head_size': 3, 'learning_rate': 0.012268801810944707}. Best is trial 44 with value: 81.78107452392578.
LOCAL_RANK: 0 - CUDA_VISIBLE_DEVICES: [0]
[I 2023-11-29 22:03:32,470] Trial 67 finished with value: 106.620361328125 and parameters: {'gradient_clip_val': 0.378293262396805, 'hidden_size': 21, 'dropout': 0.19855365620573154, 'hidden_continuous_size': 13, 'attention_head_size': 2, 'learning_rate': 0.021425532729513534}. Best is trial 44 with value: 81.78107452392578.
LOCAL_RANK: 0 - CUDA_VISIBLE_DEVICES: [0]
[I 2023-11-29 22:03:44,725] Trial 68 finished with value: 142.4508514404297 and parameters: {'gradient_clip_val': 0.34331894691374576, 'hidden_size': 27, 'dropout': 0.17085459099755995, 'hidden_continuous_size': 14, 'attention_head_size': 2, 'learning_rate': 0.028995840240980793}. Best is trial 44 with value: 81.78107452392578.
LOCAL_RANK: 0 - CUDA_VISIBLE_DEVICES: [0]
[I 2023-11-29 22:03:56,811] Trial 69 finished with value: 106.4290542602539 and parameters: {'gradient_clip_val': 0.38605760364316244, 'hidden_size': 20, 'dropout': 0.21306050061326634, 'hidden_continuous_size': 13, 'attention_head_size': 2, 'learning_rate': 0.020890119893722744}. Best is trial 44 with value: 81.78107452392578.
LOCAL_RANK: 0 - CUDA_VISIBLE_DEVICES: [0]
[I 2023-11-29 22:04:09,040] Trial 70 finished with value: 108.00668334960938 and parameters: {'gradient_clip_val': 0.5158367324638222, 'hidden_size': 15, 'dropout': 0.21642510571792284, 'hidden_continuous_size': 13, 'attention_head_size': 3, 'learning_rate': 0.03736173254015513}. Best is trial 44 with value: 81.78107452392578.
LOCAL_RANK: 0 - CUDA_VISIBLE_DEVICES: [0]
[I 2023-11-29 22:04:20,911] Trial 71 finished with value: 112.2413558959961 and parameters: {'gradient_clip_val': 0.37584100443800106, 'hidden_size': 20, 'dropout': 0.20634822286425772, 'hidden_continuous_size': 14, 'attention_head_size': 2, 'learning_rate': 0.02054872084646435}. Best is trial 44 with value: 81.78107452392578.
LOCAL_RANK: 0 - CUDA_VISIBLE_DEVICES: [0]
[I 2023-11-29 22:04:32,982] Trial 72 finished with value: 127.0599136352539 and parameters: {'gradient_clip_val': 0.39094106176256616, 'hidden_size': 23, 'dropout': 0.18894144625717443, 'hidden_continuous_size': 13, 'attention_head_size': 2, 'learning_rate': 0.025396383586657068}. Best is trial 44 with value: 81.78107452392578.
LOCAL_RANK: 0 - CUDA_VISIBLE_DEVICES: [0]
[I 2023-11-29 22:04:44,952] Trial 73 finished with value: 109.8602294921875 and parameters: {'gradient_clip_val': 0.456213839542053, 'hidden_size': 20, 'dropout': 0.19684542890854023, 'hidden_continuous_size': 13, 'attention_head_size': 2, 'learning_rate': 0.02142220814947839}. Best is trial 44 with value: 81.78107452392578.
LOCAL_RANK: 0 - CUDA_VISIBLE_DEVICES: [0]
[I 2023-11-29 22:04:57,089] Trial 74 finished with value: 129.93797302246094 and parameters: {'gradient_clip_val': 0.40954064760019016, 'hidden_size': 18, 'dropout': 0.22638455739003963, 'hidden_continuous_size': 12, 'attention_head_size': 2, 'learning_rate': 0.01656824095574914}. Best is trial 44 with value: 81.78107452392578.
LOCAL_RANK: 0 - CUDA_VISIBLE_DEVICES: [0]
