[I 2023-11-30 12:05:46,435] Trial 35 finished with value: 200.0441131591797 and parameters: {'gradient_clip_val': 0.5096587398191473, 'hidden_size': 11, 'dropout': 0.2344028978772686, 'hidden_continuous_size': 10, 'attention_head_size': 4, 'learning_rate': 0.05063194020774906}. Best is trial 14 with value: 114.08390045166016.
LOCAL_RANK: 0 - CUDA_VISIBLE_DEVICES: [0]
[I 2023-11-30 12:05:58,506] Trial 36 finished with value: 347.7142639160156 and parameters: {'gradient_clip_val': 0.24412544844108028, 'hidden_size': 14, 'dropout': 0.18773188492368334, 'hidden_continuous_size': 11, 'attention_head_size': 3, 'learning_rate': 0.011628271670475494}. Best is trial 14 with value: 114.08390045166016.
LOCAL_RANK: 0 - CUDA_VISIBLE_DEVICES: [0]
[I 2023-11-30 12:06:11,122] Trial 37 finished with value: 125.66836547851562 and parameters: {'gradient_clip_val': 0.38826752602385833, 'hidden_size': 30, 'dropout': 0.2624668567765098, 'hidden_continuous_size': 14, 'attention_head_size': 4, 'learning_rate': 0.034894199979280574}. Best is trial 14 with value: 114.08390045166016.
LOCAL_RANK: 0 - CUDA_VISIBLE_DEVICES: [0]
[I 2023-11-30 12:06:23,580] Trial 38 finished with value: 158.95066833496094 and parameters: {'gradient_clip_val': 0.7432737437579245, 'hidden_size': 19, 'dropout': 0.122112639866215, 'hidden_continuous_size': 12, 'attention_head_size': 2, 'learning_rate': 0.08498574339515531}. Best is trial 14 with value: 114.08390045166016.
LOCAL_RANK: 0 - CUDA_VISIBLE_DEVICES: [0]
[I 2023-11-30 12:06:36,372] Trial 39 finished with value: 160.66983032226562 and parameters: {'gradient_clip_val': 0.599938007651879, 'hidden_size': 41, 'dropout': 0.2852263993796269, 'hidden_continuous_size': 14, 'attention_head_size': 3, 'learning_rate': 0.05041201992511482}. Best is trial 14 with value: 114.08390045166016.
LOCAL_RANK: 0 - CUDA_VISIBLE_DEVICES: [0]
[I 2023-11-30 12:06:48,497] Trial 40 finished with value: 118.57562255859375 and parameters: {'gradient_clip_val': 0.3020902205887242, 'hidden_size': 15, 'dropout': 0.2041631724410648, 'hidden_continuous_size': 11, 'attention_head_size': 4, 'learning_rate': 0.07486285240137344}. Best is trial 14 with value: 114.08390045166016.
LOCAL_RANK: 0 - CUDA_VISIBLE_DEVICES: [0]
[I 2023-11-30 12:07:00,654] Trial 41 finished with value: 146.25877380371094 and parameters: {'gradient_clip_val': 0.29593167957170713, 'hidden_size': 15, 'dropout': 0.2108262368943465, 'hidden_continuous_size': 11, 'attention_head_size': 4, 'learning_rate': 0.07891342375452788}. Best is trial 14 with value: 114.08390045166016.
LOCAL_RANK: 0 - CUDA_VISIBLE_DEVICES: [0]
[I 2023-11-30 12:07:12,706] Trial 42 finished with value: 149.49110412597656 and parameters: {'gradient_clip_val': 0.3604315255982242, 'hidden_size': 11, 'dropout': 0.18251419180602563, 'hidden_continuous_size': 10, 'attention_head_size': 4, 'learning_rate': 0.05853148255686155}. Best is trial 14 with value: 114.08390045166016.
LOCAL_RANK: 0 - CUDA_VISIBLE_DEVICES: [0]
[I 2023-11-30 12:07:25,106] Trial 43 finished with value: 124.13375091552734 and parameters: {'gradient_clip_val': 0.255838175132785, 'hidden_size': 14, 'dropout': 0.20182196517691134, 'hidden_continuous_size': 11, 'attention_head_size': 4, 'learning_rate': 0.07769389616611401}. Best is trial 14 with value: 114.08390045166016.
LOCAL_RANK: 0 - CUDA_VISIBLE_DEVICES: [0]
[I 2023-11-30 12:07:37,465] Trial 44 finished with value: 112.4563217163086 and parameters: {'gradient_clip_val': 0.31603356716602987, 'hidden_size': 17, 'dropout': 0.16430372603952179, 'hidden_continuous_size': 12, 'attention_head_size': 4, 'learning_rate': 0.09695967557543875}. Best is trial 44 with value: 112.4563217163086.
LOCAL_RANK: 0 - CUDA_VISIBLE_DEVICES: [0]
[I 2023-11-30 12:07:49,613] Trial 45 finished with value: 141.06915283203125 and parameters: {'gradient_clip_val': 0.48086654842984466, 'hidden_size': 17, 'dropout': 0.1572156403555549, 'hidden_continuous_size': 12, 'attention_head_size': 4, 'learning_rate': 0.09874555788683641}. Best is trial 44 with value: 112.4563217163086.
LOCAL_RANK: 0 - CUDA_VISIBLE_DEVICES: [0]
[I 2023-11-30 12:08:01,705] Trial 46 finished with value: 140.9546661376953 and parameters: {'gradient_clip_val': 0.6320453947921523, 'hidden_size': 21, 'dropout': 0.17258330349001483, 'hidden_continuous_size': 13, 'attention_head_size': 1, 'learning_rate': 0.04310017053540661}. Best is trial 44 with value: 112.4563217163086.
LOCAL_RANK: 0 - CUDA_VISIBLE_DEVICES: [0]
[I 2023-11-30 12:08:13,756] Trial 47 finished with value: 149.0548553466797 and parameters: {'gradient_clip_val': 0.41418554698156235, 'hidden_size': 19, 'dropout': 0.1485936314526465, 'hidden_continuous_size': 12, 'attention_head_size': 2, 'learning_rate': 0.05845056488498158}. Best is trial 44 with value: 112.4563217163086.
LOCAL_RANK: 0 - CUDA_VISIBLE_DEVICES: [0]
[I 2023-11-30 12:08:25,977] Trial 48 finished with value: 158.34881591796875 and parameters: {'gradient_clip_val': 0.3216916060423619, 'hidden_size': 11, 'dropout': 0.11631544207842445, 'hidden_continuous_size': 10, 'attention_head_size': 3, 'learning_rate': 0.08171413472887756}. Best is trial 44 with value: 112.4563217163086.
LOCAL_RANK: 0 - CUDA_VISIBLE_DEVICES: [0]
[I 2023-11-30 12:08:38,338] Trial 49 finished with value: 143.00257873535156 and parameters: {'gradient_clip_val': 0.6941602815487667, 'hidden_size': 23, 'dropout': 0.13628658278658157, 'hidden_continuous_size': 16, 'attention_head_size': 4, 'learning_rate': 0.05996230433986463}. Best is trial 44 with value: 112.4563217163086.
LOCAL_RANK: 0 - CUDA_VISIBLE_DEVICES: [0]
[I 2023-11-30 12:08:50,295] Trial 50 finished with value: 143.45359802246094 and parameters: {'gradient_clip_val': 0.5767762224475801, 'hidden_size': 12, 'dropout': 0.16550366342388606, 'hidden_continuous_size': 10, 'attention_head_size': 4, 'learning_rate': 0.04427934865057307}. Best is trial 44 with value: 112.4563217163086.
LOCAL_RANK: 0 - CUDA_VISIBLE_DEVICES: [0]
[I 2023-11-30 12:09:02,297] Trial 51 finished with value: 121.46944427490234 and parameters: {'gradient_clip_val': 0.340091739172065, 'hidden_size': 16, 'dropout': 0.1987576998418652, 'hidden_continuous_size': 11, 'attention_head_size': 4, 'learning_rate': 0.07899798346862622}. Best is trial 44 with value: 112.4563217163086.
LOCAL_RANK: 0 - CUDA_VISIBLE_DEVICES: [0]
[I 2023-11-30 12:09:14,550] Trial 52 finished with value: 129.41041564941406 and parameters: {'gradient_clip_val': 0.4585247316382644, 'hidden_size': 15, 'dropout': 0.22103817880962226, 'hidden_continuous_size': 11, 'attention_head_size': 4, 'learning_rate': 0.06935964220706994}. Best is trial 44 with value: 112.4563217163086.
LOCAL_RANK: 0 - CUDA_VISIBLE_DEVICES: [0]
[I 2023-11-30 12:09:25,268] Trial 53 finished with value: 135.2188262939453 and parameters: {'gradient_clip_val': 0.37739880322553543, 'hidden_size': 10, 'dropout': 0.18094548922736267, 'hidden_continuous_size': 10, 'attention_head_size': 4, 'learning_rate': 0.09605231750289604}. Best is trial 44 with value: 112.4563217163086.
LOCAL_RANK: 0 - CUDA_VISIBLE_DEVICES: [0]
[I 2023-11-30 12:09:37,701] Trial 54 finished with value: 140.96641540527344 and parameters: {'gradient_clip_val': 0.2790485980629182, 'hidden_size': 26, 'dropout': 0.1924774446525765, 'hidden_continuous_size': 13, 'attention_head_size': 4, 'learning_rate': 0.09960532622274273}. Best is trial 44 with value: 112.4563217163086.
LOCAL_RANK: 0 - CUDA_VISIBLE_DEVICES: [0]
[I 2023-11-30 12:09:49,861] Trial 55 finished with value: 140.90757751464844 and parameters: {'gradient_clip_val': 0.41688051595261166, 'hidden_size': 20, 'dropout': 0.20866207373066145, 'hidden_continuous_size': 12, 'attention_head_size': 4, 'learning_rate': 0.05456318252157466}. Best is trial 44 with value: 112.4563217163086.
LOCAL_RANK: 0 - CUDA_VISIBLE_DEVICES: [0]
[I 2023-11-30 12:10:02,033] Trial 56 finished with value: 127.02037811279297 and parameters: {'gradient_clip_val': 0.31035742869679644, 'hidden_size': 13, 'dropout': 0.1635957762465712, 'hidden_continuous_size': 11, 'attention_head_size': 4, 'learning_rate': 0.06987093995693629}. Best is trial 44 with value: 112.4563217163086.
LOCAL_RANK: 0 - CUDA_VISIBLE_DEVICES: [0]
[I 2023-11-30 12:10:14,485] Trial 57 finished with value: 160.82191467285156 and parameters: {'gradient_clip_val': 0.8515011301586952, 'hidden_size': 17, 'dropout': 0.22392102324038604, 'hidden_continuous_size': 12, 'attention_head_size': 4, 'learning_rate': 0.08330209509239642}. Best is trial 44 with value: 112.4563217163086.
LOCAL_RANK: 0 - CUDA_VISIBLE_DEVICES: [0]
[I 2023-11-30 12:10:26,687] Trial 58 finished with value: 150.30726623535156 and parameters: {'gradient_clip_val': 0.34486644486880125, 'hidden_size': 11, 'dropout': 0.1769906193849226, 'hidden_continuous_size': 10, 'attention_head_size': 3, 'learning_rate': 0.06296486100527666}. Best is trial 44 with value: 112.4563217163086.
LOCAL_RANK: 0 - CUDA_VISIBLE_DEVICES: [0]
[I 2023-11-30 12:10:38,924] Trial 59 finished with value: 137.01254272460938 and parameters: {'gradient_clip_val': 0.23036730269407474, 'hidden_size': 14, 'dropout': 0.2362197962274789, 'hidden_continuous_size': 11, 'attention_head_size': 4, 'learning_rate': 0.03705339647151185}. Best is trial 44 with value: 112.4563217163086.
LOCAL_RANK: 0 - CUDA_VISIBLE_DEVICES: [0]
[I 2023-11-30 12:10:50,980] Trial 60 finished with value: 144.7081298828125 and parameters: {'gradient_clip_val': 0.500305094191248, 'hidden_size': 19, 'dropout': 0.19109934383886837, 'hidden_continuous_size': 13, 'attention_head_size': 1, 'learning_rate': 0.051638859885420864}. Best is trial 44 with value: 112.4563217163086.
LOCAL_RANK: 0 - CUDA_VISIBLE_DEVICES: [0]
[I 2023-11-30 12:11:03,321] Trial 61 finished with value: 130.03262329101562 and parameters: {'gradient_clip_val': 0.9671980947983457, 'hidden_size': 22, 'dropout': 0.1439993740275309, 'hidden_continuous_size': 12, 'attention_head_size': 4, 'learning_rate': 0.0421277198159711}. Best is trial 44 with value: 112.4563217163086.
LOCAL_RANK: 0 - CUDA_VISIBLE_DEVICES: [0]
[I 2023-11-30 12:11:15,641] Trial 62 finished with value: 148.80577087402344 and parameters: {'gradient_clip_val': 0.8056657308302625, 'hidden_size': 24, 'dropout': 0.15537335321215132, 'hidden_continuous_size': 12, 'attention_head_size': 4, 'learning_rate': 0.030559762191166486}. Best is trial 44 with value: 112.4563217163086.
LOCAL_RANK: 0 - CUDA_VISIBLE_DEVICES: [0]
[I 2023-11-30 12:11:27,877] Trial 63 finished with value: 148.2448272705078 and parameters: {'gradient_clip_val': 0.9115494444562288, 'hidden_size': 17, 'dropout': 0.1108876747757647, 'hidden_continuous_size': 11, 'attention_head_size': 4, 'learning_rate': 0.0837595021664466}. Best is trial 44 with value: 112.4563217163086.
LOCAL_RANK: 0 - CUDA_VISIBLE_DEVICES: [0]
[I 2023-11-30 12:11:39,958] Trial 64 finished with value: 140.44105529785156 and parameters: {'gradient_clip_val': 0.9086383903957177, 'hidden_size': 12, 'dropout': 0.12508669863311822, 'hidden_continuous_size': 10, 'attention_head_size': 4, 'learning_rate': 0.06825074865788534}. Best is trial 44 with value: 112.4563217163086.
LOCAL_RANK: 0 - CUDA_VISIBLE_DEVICES: [0]
[I 2023-11-30 12:11:50,414] Trial 65 finished with value: 134.0198516845703 and parameters: {'gradient_clip_val': 0.7602217391788857, 'hidden_size': 10, 'dropout': 0.13087598153307464, 'hidden_continuous_size': 10, 'attention_head_size': 4, 'learning_rate': 0.058240821324576746}. Best is trial 44 with value: 112.4563217163086.
LOCAL_RANK: 0 - CUDA_VISIBLE_DEVICES: [0]
[I 2023-11-30 12:12:02,529] Trial 66 finished with value: 142.99652099609375 and parameters: {'gradient_clip_val': 0.6728157759632046, 'hidden_size': 13, 'dropout': 0.2054558262126511, 'hidden_continuous_size': 10, 'attention_head_size': 3, 'learning_rate': 0.08643292843787831}. Best is trial 44 with value: 112.4563217163086.
LOCAL_RANK: 0 - CUDA_VISIBLE_DEVICES: [0]
[I 2023-11-30 12:12:14,823] Trial 67 finished with value: 213.99139404296875 and parameters: {'gradient_clip_val': 0.9953927538116153, 'hidden_size': 16, 'dropout': 0.14272024147121545, 'hidden_continuous_size': 12, 'attention_head_size': 4, 'learning_rate': 0.0405816088391844}. Best is trial 44 with value: 112.4563217163086.
LOCAL_RANK: 0 - CUDA_VISIBLE_DEVICES: [0]
[I 2023-11-30 12:12:27,246] Trial 68 finished with value: 130.53025817871094 and parameters: {'gradient_clip_val': 0.43392970990461915, 'hidden_size': 21, 'dropout': 0.16171401126597446, 'hidden_continuous_size': 17, 'attention_head_size': 4, 'learning_rate': 0.07430212353046212}. Best is trial 44 with value: 112.4563217163086.
LOCAL_RANK: 0 - CUDA_VISIBLE_DEVICES: [0]
[I 2023-11-30 12:12:39,602] Trial 69 finished with value: 131.8489227294922 and parameters: {'gradient_clip_val': 0.5544886207472335, 'hidden_size': 18, 'dropout': 0.17280598137381428, 'hidden_continuous_size': 11, 'attention_head_size': 4, 'learning_rate': 0.04672487253716455}. Best is trial 44 with value: 112.4563217163086.
LOCAL_RANK: 0 - CUDA_VISIBLE_DEVICES: [0]
[I 2023-11-30 12:12:51,843] Trial 70 finished with value: 125.50051879882812 and parameters: {'gradient_clip_val': 0.3698728946725708, 'hidden_size': 14, 'dropout': 0.1929702169258743, 'hidden_continuous_size': 12, 'attention_head_size': 3, 'learning_rate': 0.08788128890897418}. Best is trial 44 with value: 112.4563217163086.
LOCAL_RANK: 0 - CUDA_VISIBLE_DEVICES: [0]
[I 2023-11-30 12:13:03,976] Trial 71 finished with value: 165.2208251953125 and parameters: {'gradient_clip_val': 0.4010576114798527, 'hidden_size': 11, 'dropout': 0.2193266242029155, 'hidden_continuous_size': 10, 'attention_head_size': 4, 'learning_rate': 0.0657155038089361}. Best is trial 44 with value: 112.4563217163086.
LOCAL_RANK: 0 - CUDA_VISIBLE_DEVICES: [0]
[I 2023-11-30 12:13:14,487] Trial 72 finished with value: 154.63572692871094 and parameters: {'gradient_clip_val': 0.4718325271598681, 'hidden_size': 10, 'dropout': 0.19952330802467008, 'hidden_continuous_size': 10, 'attention_head_size': 4, 'learning_rate': 0.05302759239288546}. Best is trial 44 with value: 112.4563217163086.
LOCAL_RANK: 0 - CUDA_VISIBLE_DEVICES: [0]
[I 2023-11-30 12:13:26,637] Trial 73 finished with value: 127.45630645751953 and parameters: {'gradient_clip_val': 0.5287058286539411, 'hidden_size': 12, 'dropout': 0.21302349049565414, 'hidden_continuous_size': 10, 'attention_head_size': 4, 'learning_rate': 0.07343550240828976}. Best is trial 44 with value: 112.4563217163086.
LOCAL_RANK: 0 - CUDA_VISIBLE_DEVICES: [0]
[I 2023-11-30 12:13:38,710] Trial 74 finished with value: 118.30744171142578 and parameters: {'gradient_clip_val': 0.4841199487297092, 'hidden_size': 15, 'dropout': 0.1833800007523988, 'hidden_continuous_size': 11, 'attention_head_size': 2, 'learning_rate': 0.09288078488120574}. Best is trial 44 with value: 112.4563217163086.
LOCAL_RANK: 0 - CUDA_VISIBLE_DEVICES: [0]
[I 2023-11-30 12:13:50,728] Trial 75 finished with value: 118.66368865966797 and parameters: {'gradient_clip_val': 0.4884291248995373, 'hidden_size': 15, 'dropout': 0.18431216884613255, 'hidden_continuous_size': 11, 'attention_head_size': 2, 'learning_rate': 0.09927677704836141}. Best is trial 44 with value: 112.4563217163086.
LOCAL_RANK: 0 - CUDA_VISIBLE_DEVICES: [0]
[I 2023-11-30 12:14:02,756] Trial 76 finished with value: 137.15631103515625 and parameters: {'gradient_clip_val': 0.490557914611359, 'hidden_size': 15, 'dropout': 0.18296526694710138, 'hidden_continuous_size': 11, 'attention_head_size': 2, 'learning_rate': 0.09868677252365568}. Best is trial 44 with value: 112.4563217163086.
LOCAL_RANK: 0 - CUDA_VISIBLE_DEVICES: [0]
[I 2023-11-30 12:14:14,976] Trial 77 finished with value: 129.01559448242188 and parameters: {'gradient_clip_val': 0.436994739243452, 'hidden_size': 15, 'dropout': 0.18818717009457694, 'hidden_continuous_size': 11, 'attention_head_size': 2, 'learning_rate': 0.0873690470872751}. Best is trial 44 with value: 112.4563217163086.
LOCAL_RANK: 0 - CUDA_VISIBLE_DEVICES: [0]
[I 2023-11-30 12:14:27,034] Trial 78 finished with value: 143.34056091308594 and parameters: {'gradient_clip_val': 0.39296666906306515, 'hidden_size': 13, 'dropout': 0.20467199854358942, 'hidden_continuous_size': 11, 'attention_head_size': 2, 'learning_rate': 0.07537262073940652}. Best is trial 44 with value: 112.4563217163086.
LOCAL_RANK: 0 - CUDA_VISIBLE_DEVICES: [0]
[I 2023-11-30 12:14:38,889] Trial 79 finished with value: 117.54496002197266 and parameters: {'gradient_clip_val': 0.6377048543232758, 'hidden_size': 16, 'dropout': 0.17564798832660655, 'hidden_continuous_size': 11, 'attention_head_size': 2, 'learning_rate': 0.08833516066769655}. Best is trial 44 with value: 112.4563217163086.
LOCAL_RANK: 0 - CUDA_VISIBLE_DEVICES: [0]
[I 2023-11-30 12:14:50,853] Trial 80 finished with value: 143.9808349609375 and parameters: {'gradient_clip_val': 0.6387576106420262, 'hidden_size': 11, 'dropout': 0.17656450297995435, 'hidden_continuous_size': 10, 'attention_head_size': 2, 'learning_rate': 0.0610095099971232}. Best is trial 44 with value: 112.4563217163086.
LOCAL_RANK: 0 - CUDA_VISIBLE_DEVICES: [0]
[I 2023-11-30 12:15:02,734] Trial 81 finished with value: 130.90858459472656 and parameters: {'gradient_clip_val': 0.5724569468036662, 'hidden_size': 16, 'dropout': 0.16849804909568117, 'hidden_continuous_size': 11, 'attention_head_size': 2, 'learning_rate': 0.0869212476431312}. Best is trial 44 with value: 112.4563217163086.
LOCAL_RANK: 0 - CUDA_VISIBLE_DEVICES: [0]
[I 2023-11-30 12:15:15,018] Trial 82 finished with value: 119.88162231445312 and parameters: {'gradient_clip_val': 0.46992584332657306, 'hidden_size': 18, 'dropout': 0.19702747728376638, 'hidden_continuous_size': 11, 'attention_head_size': 2, 'learning_rate': 0.09898595461793108}. Best is trial 44 with value: 112.4563217163086.
LOCAL_RANK: 0 - CUDA_VISIBLE_DEVICES: [0]
[I 2023-11-30 12:15:27,069] Trial 83 finished with value: 129.5461883544922 and parameters: {'gradient_clip_val': 0.5470785190986812, 'hidden_size': 14, 'dropout': 0.1842456673936027, 'hidden_continuous_size': 11, 'attention_head_size': 2, 'learning_rate': 0.08899382264380759}. Best is trial 44 with value: 112.4563217163086.
LOCAL_RANK: 0 - CUDA_VISIBLE_DEVICES: [0]
[I 2023-11-30 12:15:39,127] Trial 84 finished with value: 114.92195892333984 and parameters: {'gradient_clip_val': 0.6037242855919601, 'hidden_size': 20, 'dropout': 0.15078702744554598, 'hidden_continuous_size': 14, 'attention_head_size': 2, 'learning_rate': 0.07369298521437728}. Best is trial 44 with value: 112.4563217163086.
LOCAL_RANK: 0 - CUDA_VISIBLE_DEVICES: [0]
[I 2023-11-30 12:15:51,286] Trial 85 finished with value: 154.92994689941406 and parameters: {'gradient_clip_val': 0.5941520741436684, 'hidden_size': 17, 'dropout': 0.15266969793806787, 'hidden_continuous_size': 14, 'attention_head_size': 2, 'learning_rate': 0.07197367469793614}. Best is trial 44 with value: 112.4563217163086.
LOCAL_RANK: 0 - CUDA_VISIBLE_DEVICES: [0]
[I 2023-11-30 12:16:03,175] Trial 86 finished with value: 159.60926818847656 and parameters: {'gradient_clip_val': 0.6212308142303641, 'hidden_size': 20, 'dropout': 0.1614884553727143, 'hidden_continuous_size': 13, 'attention_head_size': 2, 'learning_rate': 0.06376590002112638}. Best is trial 44 with value: 112.4563217163086.
LOCAL_RANK: 0 - CUDA_VISIBLE_DEVICES: [0]
[I 2023-11-30 12:16:15,205] Trial 87 finished with value: 149.73968505859375 and parameters: {'gradient_clip_val': 0.5165976913843231, 'hidden_size': 12, 'dropout': 0.13091135498685905, 'hidden_continuous_size': 11, 'attention_head_size': 2, 'learning_rate': 0.07776528358576736}. Best is trial 44 with value: 112.4563217163086.
LOCAL_RANK: 0 - CUDA_VISIBLE_DEVICES: [0]
[I 2023-11-30 12:16:27,187] Trial 88 finished with value: 131.0559844970703 and parameters: {'gradient_clip_val': 0.35552468549227506, 'hidden_size': 18, 'dropout': 0.17015438889534984, 'hidden_continuous_size': 14, 'attention_head_size': 1, 'learning_rate': 0.06865731709655457}. Best is trial 44 with value: 112.4563217163086.
LOCAL_RANK: 0 - CUDA_VISIBLE_DEVICES: [0]
[I 2023-11-30 12:16:39,137] Trial 89 finished with value: 132.31390380859375 and parameters: {'gradient_clip_val': 0.6704610867367183, 'hidden_size': 13, 'dropout': 0.1490284720544462, 'hidden_continuous_size': 11, 'attention_head_size': 2, 'learning_rate': 0.05412122530201355}. Best is trial 44 with value: 112.4563217163086.
LOCAL_RANK: 0 - CUDA_VISIBLE_DEVICES: [0]
[I 2023-11-30 12:16:51,353] Trial 90 finished with value: 189.7705078125 and parameters: {'gradient_clip_val': 0.4061612988742435, 'hidden_size': 19, 'dropout': 0.13778309523434326, 'hidden_continuous_size': 15, 'attention_head_size': 2, 'learning_rate': 0.08912661657957535}. Best is trial 44 with value: 112.4563217163086.
LOCAL_RANK: 0 - CUDA_VISIBLE_DEVICES: [0]
[I 2023-11-30 12:17:03,426] Trial 91 finished with value: 139.3613739013672 and parameters: {'gradient_clip_val': 0.45092053159292067, 'hidden_size': 15, 'dropout': 0.18918151160797983, 'hidden_continuous_size': 13, 'attention_head_size': 2, 'learning_rate': 0.08117419459709733}. Best is trial 44 with value: 112.4563217163086.
LOCAL_RANK: 0 - CUDA_VISIBLE_DEVICES: [0]
[I 2023-11-30 12:17:15,525] Trial 92 finished with value: 136.61549377441406 and parameters: {'gradient_clip_val': 0.4885874216389748, 'hidden_size': 16, 'dropout': 0.17824301842342827, 'hidden_continuous_size': 13, 'attention_head_size': 2, 'learning_rate': 0.09448252906488583}. Best is trial 44 with value: 112.4563217163086.
LOCAL_RANK: 0 - CUDA_VISIBLE_DEVICES: [0]
[I 2023-11-30 12:17:27,597] Trial 93 finished with value: 130.0093231201172 and parameters: {'gradient_clip_val': 0.42701959616533725, 'hidden_size': 14, 'dropout': 0.2032725173322297, 'hidden_continuous_size': 11, 'attention_head_size': 2, 'learning_rate': 0.07737586518688558}. Best is trial 44 with value: 112.4563217163086.
LOCAL_RANK: 0 - CUDA_VISIBLE_DEVICES: [0]
