[I 2023-11-30 06:41:58,236] Trial 71 finished with value: 119.6161880493164 and parameters: {'gradient_clip_val': 0.4408711826383284, 'hidden_size': 114, 'dropout': 0.2658867726299829, 'hidden_continuous_size': 17, 'attention_head_size': 3, 'learning_rate': 0.030080351213466135}. Best is trial 52 with value: 65.44499206542969.
LOCAL_RANK: 0 - CUDA_VISIBLE_DEVICES: [0]
[I 2023-11-30 06:42:12,048] Trial 72 finished with value: 70.73328399658203 and parameters: {'gradient_clip_val': 0.38316250862891493, 'hidden_size': 134, 'dropout': 0.16491693756671402, 'hidden_continuous_size': 11, 'attention_head_size': 2, 'learning_rate': 0.04377811669983224}. Best is trial 52 with value: 65.44499206542969.
LOCAL_RANK: 0 - CUDA_VISIBLE_DEVICES: [0]
[I 2023-11-30 06:42:25,886] Trial 73 finished with value: 118.91324615478516 and parameters: {'gradient_clip_val': 0.3494615475774529, 'hidden_size': 133, 'dropout': 0.16279824817338803, 'hidden_continuous_size': 12, 'attention_head_size': 2, 'learning_rate': 0.04072778595899854}. Best is trial 52 with value: 65.44499206542969.
LOCAL_RANK: 0 - CUDA_VISIBLE_DEVICES: [0]
[I 2023-11-30 06:42:39,593] Trial 74 finished with value: 112.3291244506836 and parameters: {'gradient_clip_val': 0.399623741101596, 'hidden_size': 121, 'dropout': 0.17556129797040682, 'hidden_continuous_size': 11, 'attention_head_size': 1, 'learning_rate': 0.034344023605878994}. Best is trial 52 with value: 65.44499206542969.
LOCAL_RANK: 0 - CUDA_VISIBLE_DEVICES: [0]
[I 2023-11-30 06:42:53,023] Trial 75 finished with value: 131.5293426513672 and parameters: {'gradient_clip_val': 0.3109199174129183, 'hidden_size': 107, 'dropout': 0.27960339418921076, 'hidden_continuous_size': 14, 'attention_head_size': 1, 'learning_rate': 0.0071715699052155675}. Best is trial 52 with value: 65.44499206542969.
LOCAL_RANK: 0 - CUDA_VISIBLE_DEVICES: [0]
[I 2023-11-30 06:43:06,831] Trial 76 finished with value: 125.15955352783203 and parameters: {'gradient_clip_val': 0.3637999540597495, 'hidden_size': 140, 'dropout': 0.24723109563693227, 'hidden_continuous_size': 11, 'attention_head_size': 2, 'learning_rate': 0.0104180094379195}. Best is trial 52 with value: 65.44499206542969.
LOCAL_RANK: 0 - CUDA_VISIBLE_DEVICES: [0]
[I 2023-11-30 06:43:20,220] Trial 77 finished with value: 141.5985107421875 and parameters: {'gradient_clip_val': 0.23798611021609492, 'hidden_size': 99, 'dropout': 0.22169760565347876, 'hidden_continuous_size': 10, 'attention_head_size': 2, 'learning_rate': 0.04979446950497291}. Best is trial 52 with value: 65.44499206542969.
LOCAL_RANK: 0 - CUDA_VISIBLE_DEVICES: [0]
[I 2023-11-30 06:43:33,193] Trial 78 finished with value: 122.2442855834961 and parameters: {'gradient_clip_val': 0.287371132626528, 'hidden_size': 65, 'dropout': 0.2879447275075863, 'hidden_continuous_size': 12, 'attention_head_size': 2, 'learning_rate': 0.00811390969087144}. Best is trial 52 with value: 65.44499206542969.
LOCAL_RANK: 0 - CUDA_VISIBLE_DEVICES: [0]
[I 2023-11-30 06:43:47,179] Trial 79 finished with value: 142.05686950683594 and parameters: {'gradient_clip_val': 0.26672900249016285, 'hidden_size': 129, 'dropout': 0.2988421044183806, 'hidden_continuous_size': 13, 'attention_head_size': 1, 'learning_rate': 0.06860061825543635}. Best is trial 52 with value: 65.44499206542969.
LOCAL_RANK: 0 - CUDA_VISIBLE_DEVICES: [0]
[I 2023-11-30 06:44:00,661] Trial 80 finished with value: 111.36725616455078 and parameters: {'gradient_clip_val': 0.3313605123765913, 'hidden_size': 74, 'dropout': 0.3143991090634411, 'hidden_continuous_size': 15, 'attention_head_size': 4, 'learning_rate': 0.0059993910300407145}. Best is trial 52 with value: 65.44499206542969.
LOCAL_RANK: 0 - CUDA_VISIBLE_DEVICES: [0]
[I 2023-11-30 06:44:14,140] Trial 81 finished with value: 128.9744873046875 and parameters: {'gradient_clip_val': 0.5064541583360622, 'hidden_size': 89, 'dropout': 0.17601944367685238, 'hidden_continuous_size': 12, 'attention_head_size': 3, 'learning_rate': 0.03788222120743384}. Best is trial 52 with value: 65.44499206542969.
LOCAL_RANK: 0 - CUDA_VISIBLE_DEVICES: [0]
[I 2023-11-30 06:44:27,276] Trial 82 finished with value: 131.6333770751953 and parameters: {'gradient_clip_val': 0.346845460788992, 'hidden_size': 53, 'dropout': 0.14960414826126694, 'hidden_continuous_size': 23, 'attention_head_size': 3, 'learning_rate': 0.01915046470133559}. Best is trial 52 with value: 65.44499206542969.
LOCAL_RANK: 0 - CUDA_VISIBLE_DEVICES: [0]
[I 2023-11-30 06:44:41,519] Trial 83 finished with value: 122.73543548583984 and parameters: {'gradient_clip_val': 0.3818421180278222, 'hidden_size': 150, 'dropout': 0.2608862262137477, 'hidden_continuous_size': 19, 'attention_head_size': 3, 'learning_rate': 0.02244726911294326}. Best is trial 52 with value: 65.44499206542969.
LOCAL_RANK: 0 - CUDA_VISIBLE_DEVICES: [0]
[I 2023-11-30 06:44:55,642] Trial 84 finished with value: 114.6241683959961 and parameters: {'gradient_clip_val': 0.4231878130867667, 'hidden_size': 117, 'dropout': 0.2715070728241425, 'hidden_continuous_size': 27, 'attention_head_size': 3, 'learning_rate': 0.02680762258040249}. Best is trial 52 with value: 65.44499206542969.
LOCAL_RANK: 0 - CUDA_VISIBLE_DEVICES: [0]
[I 2023-11-30 06:45:09,497] Trial 85 finished with value: 119.51750946044922 and parameters: {'gradient_clip_val': 0.4548082552421499, 'hidden_size': 109, 'dropout': 0.19223959954146225, 'hidden_continuous_size': 21, 'attention_head_size': 4, 'learning_rate': 0.03496696083791009}. Best is trial 52 with value: 65.44499206542969.
LOCAL_RANK: 0 - CUDA_VISIBLE_DEVICES: [0]
[I 2023-11-30 06:45:22,836] Trial 86 finished with value: 116.01847076416016 and parameters: {'gradient_clip_val': 0.3178094260701849, 'hidden_size': 62, 'dropout': 0.15588154318134848, 'hidden_continuous_size': 22, 'attention_head_size': 3, 'learning_rate': 0.006700696995306373}. Best is trial 52 with value: 65.44499206542969.
LOCAL_RANK: 0 - CUDA_VISIBLE_DEVICES: [0]
[I 2023-11-30 06:45:36,098] Trial 87 finished with value: 98.17632293701172 and parameters: {'gradient_clip_val': 0.4071363150854927, 'hidden_size': 59, 'dropout': 0.1401355128491415, 'hidden_continuous_size': 25, 'attention_head_size': 2, 'learning_rate': 0.0042749909425389785}. Best is trial 52 with value: 65.44499206542969.
LOCAL_RANK: 0 - CUDA_VISIBLE_DEVICES: [0]
[I 2023-11-30 06:45:50,332] Trial 88 finished with value: 115.96663665771484 and parameters: {'gradient_clip_val': 0.3620126564805237, 'hidden_size': 135, 'dropout': 0.21167634819285366, 'hidden_continuous_size': 17, 'attention_head_size': 4, 'learning_rate': 0.008568516005452073}. Best is trial 52 with value: 65.44499206542969.
LOCAL_RANK: 0 - CUDA_VISIBLE_DEVICES: [0]
[I 2023-11-30 06:46:04,059] Trial 89 finished with value: 116.44161224365234 and parameters: {'gradient_clip_val': 0.3847099881169783, 'hidden_size': 78, 'dropout': 0.25325436674644053, 'hidden_continuous_size': 16, 'attention_head_size': 4, 'learning_rate': 0.005368978905187087}. Best is trial 52 with value: 65.44499206542969.
LOCAL_RANK: 0 - CUDA_VISIBLE_DEVICES: [0]
[I 2023-11-30 06:46:17,569] Trial 90 finished with value: 94.00009155273438 and parameters: {'gradient_clip_val': 0.28610757668551096, 'hidden_size': 102, 'dropout': 0.22752817485252702, 'hidden_continuous_size': 11, 'attention_head_size': 3, 'learning_rate': 0.025577459984360822}. Best is trial 52 with value: 65.44499206542969.
LOCAL_RANK: 0 - CUDA_VISIBLE_DEVICES: [0]
[I 2023-11-30 06:46:30,977] Trial 91 finished with value: 100.5879135131836 and parameters: {'gradient_clip_val': 0.2656127164341609, 'hidden_size': 102, 'dropout': 0.23493176800411592, 'hidden_continuous_size': 11, 'attention_head_size': 3, 'learning_rate': 0.03158226614280681}. Best is trial 52 with value: 65.44499206542969.
LOCAL_RANK: 0 - CUDA_VISIBLE_DEVICES: [0]
[I 2023-11-30 06:46:44,363] Trial 92 finished with value: 97.4592056274414 and parameters: {'gradient_clip_val': 0.2823450265150523, 'hidden_size': 86, 'dropout': 0.2566850973926475, 'hidden_continuous_size': 10, 'attention_head_size': 3, 'learning_rate': 0.02415462915682813}. Best is trial 52 with value: 65.44499206542969.
LOCAL_RANK: 0 - CUDA_VISIBLE_DEVICES: [0]
[I 2023-11-30 06:46:58,187] Trial 93 finished with value: 142.9791259765625 and parameters: {'gradient_clip_val': 0.3433924257287745, 'hidden_size': 126, 'dropout': 0.22479547785942633, 'hidden_continuous_size': 13, 'attention_head_size': 3, 'learning_rate': 0.025940954023229722}. Best is trial 52 with value: 65.44499206542969.
LOCAL_RANK: 0 - CUDA_VISIBLE_DEVICES: [0]
[I 2023-11-30 06:47:11,436] Trial 94 finished with value: 143.37835693359375 and parameters: {'gradient_clip_val': 0.21057364952438665, 'hidden_size': 68, 'dropout': 0.2428020788288725, 'hidden_continuous_size': 11, 'attention_head_size': 4, 'learning_rate': 0.019957013193400253}. Best is trial 52 with value: 65.44499206542969.
LOCAL_RANK: 0 - CUDA_VISIBLE_DEVICES: [0]
[I 2023-11-30 06:47:24,791] Trial 95 finished with value: 136.6686553955078 and parameters: {'gradient_clip_val': 0.31010092262848354, 'hidden_size': 83, 'dropout': 0.2830140601468483, 'hidden_continuous_size': 14, 'attention_head_size': 3, 'learning_rate': 0.029719970745334737}. Best is trial 52 with value: 65.44499206542969.
LOCAL_RANK: 0 - CUDA_VISIBLE_DEVICES: [0]
[I 2023-11-30 06:47:38,453] Trial 96 finished with value: 125.31696319580078 and parameters: {'gradient_clip_val': 0.22840388030992667, 'hidden_size': 116, 'dropout': 0.26635515120400116, 'hidden_continuous_size': 12, 'attention_head_size': 4, 'learning_rate': 0.02550427458831935}. Best is trial 52 with value: 65.44499206542969.
LOCAL_RANK: 0 - CUDA_VISIBLE_DEVICES: [0]
[I 2023-11-30 06:47:51,993] Trial 97 finished with value: 105.93892669677734 and parameters: {'gradient_clip_val': 0.2903224959842314, 'hidden_size': 97, 'dropout': 0.21829259819067517, 'hidden_continuous_size': 13, 'attention_head_size': 3, 'learning_rate': 0.02247238797430823}. Best is trial 52 with value: 65.44499206542969.
LOCAL_RANK: 0 - CUDA_VISIBLE_DEVICES: [0]
[I 2023-11-30 06:48:05,868] Trial 98 finished with value: 142.17124938964844 and parameters: {'gradient_clip_val': 0.32644951966817265, 'hidden_size': 140, 'dropout': 0.20098765937943078, 'hidden_continuous_size': 15, 'attention_head_size': 2, 'learning_rate': 0.018263385957889167}. Best is trial 52 with value: 65.44499206542969.
LOCAL_RANK: 0 - CUDA_VISIBLE_DEVICES: [0]
[I 2023-11-30 06:48:19,691] Trial 99 finished with value: 125.1942367553711 and parameters: {'gradient_clip_val': 0.2499426501325297, 'hidden_size': 108, 'dropout': 0.24804611520047856, 'hidden_continuous_size': 14, 'attention_head_size': 4, 'learning_rate': 0.01573792712713099}. Best is trial 52 with value: 65.44499206542969.
LOCAL_RANK: 0 - CUDA_VISIBLE_DEVICES: [0]
[I 2023-11-30 06:48:33,746] Trial 100 finished with value: 121.2628402709961 and parameters: {'gradient_clip_val': 0.26013417505488234, 'hidden_size': 121, 'dropout': 0.2876847485777503, 'hidden_continuous_size': 18, 'attention_head_size': 4, 'learning_rate': 0.02797558965853677}. Best is trial 52 with value: 65.44499206542969.
LOCAL_RANK: 0 - CUDA_VISIBLE_DEVICES: [0]
[I 2023-11-30 06:48:47,062] Trial 101 finished with value: 110.03189086914062 and parameters: {'gradient_clip_val': 0.2776313327496289, 'hidden_size': 86, 'dropout': 0.2551344533796777, 'hidden_continuous_size': 10, 'attention_head_size': 3, 'learning_rate': 0.021471649858205377}. Best is trial 52 with value: 65.44499206542969.
LOCAL_RANK: 0 - CUDA_VISIBLE_DEVICES: [0]
[I 2023-11-30 06:49:00,250] Trial 102 finished with value: 116.25496673583984 and parameters: {'gradient_clip_val': 0.28727003154062336, 'hidden_size': 77, 'dropout': 0.27036950391919023, 'hidden_continuous_size': 10, 'attention_head_size': 3, 'learning_rate': 0.023880967543042555}. Best is trial 52 with value: 65.44499206542969.
LOCAL_RANK: 0 - CUDA_VISIBLE_DEVICES: [0]
[I 2023-11-30 06:49:13,705] Trial 103 finished with value: 160.14720153808594 and parameters: {'gradient_clip_val': 0.20207772272055505, 'hidden_size': 93, 'dropout': 0.23036928262087988, 'hidden_continuous_size': 12, 'attention_head_size': 3, 'learning_rate': 0.018427997420414597}. Best is trial 52 with value: 65.44499206542969.
LOCAL_RANK: 0 - CUDA_VISIBLE_DEVICES: [0]
[I 2023-11-30 06:49:26,907] Trial 104 finished with value: 130.5518341064453 and parameters: {'gradient_clip_val': 0.3055570911114858, 'hidden_size': 71, 'dropout': 0.2379151133710341, 'hidden_continuous_size': 11, 'attention_head_size': 3, 'learning_rate': 0.033412631007054064}. Best is trial 52 with value: 65.44499206542969.
LOCAL_RANK: 0 - CUDA_VISIBLE_DEVICES: [0]
[I 2023-11-30 06:49:40,977] Trial 105 finished with value: 103.23772430419922 and parameters: {'gradient_clip_val': 0.21478035515650076, 'hidden_size': 129, 'dropout': 0.27676519879090733, 'hidden_continuous_size': 10, 'attention_head_size': 3, 'learning_rate': 0.020907374567409886}. Best is trial 52 with value: 65.44499206542969.
LOCAL_RANK: 0 - CUDA_VISIBLE_DEVICES: [0]
[I 2023-11-30 06:49:54,440] Trial 106 finished with value: 163.19432067871094 and parameters: {'gradient_clip_val': 0.2787651241282771, 'hidden_size': 112, 'dropout': 0.2604094537546115, 'hidden_continuous_size': 11, 'attention_head_size': 3, 'learning_rate': 0.024976003635261385}. Best is trial 52 with value: 65.44499206542969.
LOCAL_RANK: 0 - CUDA_VISIBLE_DEVICES: [0]
[I 2023-11-30 06:50:07,952] Trial 107 finished with value: 135.01084899902344 and parameters: {'gradient_clip_val': 0.36015875722412044, 'hidden_size': 103, 'dropout': 0.24653856247626055, 'hidden_continuous_size': 10, 'attention_head_size': 4, 'learning_rate': 0.007022908473253803}. Best is trial 52 with value: 65.44499206542969.
LOCAL_RANK: 0 - CUDA_VISIBLE_DEVICES: [0]
[I 2023-11-30 06:50:21,369] Trial 108 finished with value: 121.29720306396484 and parameters: {'gradient_clip_val': 0.23304049945469035, 'hidden_size': 83, 'dropout': 0.25845240629661215, 'hidden_continuous_size': 20, 'attention_head_size': 1, 'learning_rate': 0.024335478872152715}. Best is trial 52 with value: 65.44499206542969.
LOCAL_RANK: 0 - CUDA_VISIBLE_DEVICES: [0]
[I 2023-11-30 06:50:34,143] Trial 109 finished with value: 262.4939880371094 and parameters: {'gradient_clip_val': 0.24199977444108034, 'hidden_size': 21, 'dropout': 0.2774231139829856, 'hidden_continuous_size': 11, 'attention_head_size': 4, 'learning_rate': 0.004812844666491869}. Best is trial 52 with value: 65.44499206542969.
LOCAL_RANK: 0 - CUDA_VISIBLE_DEVICES: [0]
[I 2023-11-30 06:50:47,467] Trial 110 finished with value: 108.8470687866211 and parameters: {'gradient_clip_val': 0.3272324409142468, 'hidden_size': 92, 'dropout': 0.26492169006569216, 'hidden_continuous_size': 12, 'attention_head_size': 2, 'learning_rate': 0.02812722425499241}. Best is trial 52 with value: 65.44499206542969.
LOCAL_RANK: 0 - CUDA_VISIBLE_DEVICES: [0]
[I 2023-11-30 06:51:01,232] Trial 111 finished with value: 123.73560333251953 and parameters: {'gradient_clip_val': 0.3164297728053445, 'hidden_size': 113, 'dropout': 0.27319646687943516, 'hidden_continuous_size': 13, 'attention_head_size': 4, 'learning_rate': 0.006532934254618289}. Best is trial 52 with value: 65.44499206542969.
LOCAL_RANK: 0 - CUDA_VISIBLE_DEVICES: [0]
[I 2023-11-30 06:51:14,945] Trial 112 finished with value: 142.52052307128906 and parameters: {'gradient_clip_val': 0.3005750962066656, 'hidden_size': 120, 'dropout': 0.2528391629387001, 'hidden_continuous_size': 13, 'attention_head_size': 4, 'learning_rate': 0.006225304783840614}. Best is trial 52 with value: 65.44499206542969.
LOCAL_RANK: 0 - CUDA_VISIBLE_DEVICES: [0]
[I 2023-11-30 06:51:28,550] Trial 113 finished with value: 92.10832977294922 and parameters: {'gradient_clip_val': 0.3453859709165452, 'hidden_size': 103, 'dropout': 0.2912584846849392, 'hidden_continuous_size': 14, 'attention_head_size': 4, 'learning_rate': 0.0057223341032313114}. Best is trial 52 with value: 65.44499206542969.
LOCAL_RANK: 0 - CUDA_VISIBLE_DEVICES: [0]
[I 2023-11-30 06:51:42,373] Trial 114 finished with value: 103.33929443359375 and parameters: {'gradient_clip_val': 0.34583196684058864, 'hidden_size': 99, 'dropout': 0.29645572520735053, 'hidden_continuous_size': 15, 'attention_head_size': 4, 'learning_rate': 0.005888310653512547}. Best is trial 52 with value: 65.44499206542969.
LOCAL_RANK: 0 - CUDA_VISIBLE_DEVICES: [0]
[I 2023-11-30 06:51:55,918] Trial 115 finished with value: 85.8191909790039 and parameters: {'gradient_clip_val': 0.19182769287489465, 'hidden_size': 75, 'dropout': 0.3085535752824729, 'hidden_continuous_size': 27, 'attention_head_size': 4, 'learning_rate': 0.00802853740764448}. Best is trial 52 with value: 65.44499206542969.
LOCAL_RANK: 0 - CUDA_VISIBLE_DEVICES: [0]
[I 2023-11-30 06:52:09,378] Trial 116 finished with value: 122.7247085571289 and parameters: {'gradient_clip_val': 0.18351476145628465, 'hidden_size': 66, 'dropout': 0.30441169432336185, 'hidden_continuous_size': 23, 'attention_head_size': 4, 'learning_rate': 0.007468965179073861}. Best is trial 52 with value: 65.44499206542969.
LOCAL_RANK: 0 - CUDA_VISIBLE_DEVICES: [0]
[I 2023-11-30 06:52:22,863] Trial 117 finished with value: 116.65227508544922 and parameters: {'gradient_clip_val': 0.200033438272388, 'hidden_size': 75, 'dropout': 0.29211662646980746, 'hidden_continuous_size': 26, 'attention_head_size': 4, 'learning_rate': 0.009096961555022582}. Best is trial 52 with value: 65.44499206542969.
LOCAL_RANK: 0 - CUDA_VISIBLE_DEVICES: [0]
[I 2023-11-30 06:52:37,093] Trial 118 finished with value: 128.9974822998047 and parameters: {'gradient_clip_val': 0.1655211464897259, 'hidden_size': 135, 'dropout': 0.3078970669487492, 'hidden_continuous_size': 29, 'attention_head_size': 4, 'learning_rate': 0.006853879103135864}. Best is trial 52 with value: 65.44499206542969.
LOCAL_RANK: 0 - CUDA_VISIBLE_DEVICES: [0]
[I 2023-11-30 06:52:51,512] Trial 119 finished with value: 127.3071060180664 and parameters: {'gradient_clip_val': 0.3806086610086116, 'hidden_size': 142, 'dropout': 0.3234432566454194, 'hidden_continuous_size': 16, 'attention_head_size': 4, 'learning_rate': 0.008057596402799497}. Best is trial 52 with value: 65.44499206542969.
LOCAL_RANK: 0 - CUDA_VISIBLE_DEVICES: [0]
[I 2023-11-30 06:53:04,999] Trial 120 finished with value: 96.03945922851562 and parameters: {'gradient_clip_val': 0.22154700466781593, 'hidden_size': 72, 'dropout': 0.2838080393316723, 'hidden_continuous_size': 26, 'attention_head_size': 4, 'learning_rate': 0.005038121227434164}. Best is trial 52 with value: 65.44499206542969.
LOCAL_RANK: 0 - CUDA_VISIBLE_DEVICES: [0]
[I 2023-11-30 06:53:18,563] Trial 121 finished with value: 98.0126724243164 and parameters: {'gradient_clip_val': 0.18709524069106792, 'hidden_size': 71, 'dropout': 0.2848026951347031, 'hidden_continuous_size': 27, 'attention_head_size': 4, 'learning_rate': 0.00473123949129144}. Best is trial 52 with value: 65.44499206542969.
LOCAL_RANK: 0 - CUDA_VISIBLE_DEVICES: [0]
[I 2023-11-30 06:53:32,066] Trial 122 finished with value: 105.42108154296875 and parameters: {'gradient_clip_val': 0.1771680239026418, 'hidden_size': 68, 'dropout': 0.2968457661113588, 'hidden_continuous_size': 24, 'attention_head_size': 4, 'learning_rate': 0.005683035667165799}. Best is trial 52 with value: 65.44499206542969.
LOCAL_RANK: 0 - CUDA_VISIBLE_DEVICES: [0]
[I 2023-11-30 06:53:45,566] Trial 123 finished with value: 113.18521881103516 and parameters: {'gradient_clip_val': 0.20933228301761228, 'hidden_size': 63, 'dropout': 0.2817403164362734, 'hidden_continuous_size': 23, 'attention_head_size': 4, 'learning_rate': 0.005257105908126783}. Best is trial 52 with value: 65.44499206542969.
LOCAL_RANK: 0 - CUDA_VISIBLE_DEVICES: [0]
[I 2023-11-30 06:53:59,202] Trial 124 finished with value: 107.8982162475586 and parameters: {'gradient_clip_val': 0.1989455630079494, 'hidden_size': 59, 'dropout': 0.3107173229431014, 'hidden_continuous_size': 25, 'attention_head_size': 4, 'learning_rate': 0.004230256817301602}. Best is trial 52 with value: 65.44499206542969.
LOCAL_RANK: 0 - CUDA_VISIBLE_DEVICES: [0]
[I 2023-11-30 06:54:12,886] Trial 125 finished with value: 110.3144760131836 and parameters: {'gradient_clip_val': 0.22926141573333395, 'hidden_size': 74, 'dropout': 0.2917694408354654, 'hidden_continuous_size': 28, 'attention_head_size': 4, 'learning_rate': 0.003902340007835307}. Best is trial 52 with value: 65.44499206542969.
LOCAL_RANK: 0 - CUDA_VISIBLE_DEVICES: [0]
[I 2023-11-30 06:54:26,438] Trial 126 finished with value: 117.49564361572266 and parameters: {'gradient_clip_val': 0.2202232596825747, 'hidden_size': 80, 'dropout': 0.16284781703937873, 'hidden_continuous_size': 32, 'attention_head_size': 4, 'learning_rate': 0.005055817846981504}. Best is trial 52 with value: 65.44499206542969.
LOCAL_RANK: 0 - CUDA_VISIBLE_DEVICES: [0]
[I 2023-11-30 06:54:40,108] Trial 127 finished with value: 116.53479766845703 and parameters: {'gradient_clip_val': 0.19207780920690623, 'hidden_size': 89, 'dropout': 0.26819591381707514, 'hidden_continuous_size': 31, 'attention_head_size': 4, 'learning_rate': 0.005971603232964994}. Best is trial 52 with value: 65.44499206542969.
LOCAL_RANK: 0 - CUDA_VISIBLE_DEVICES: [0]
[I 2023-11-30 06:54:53,568] Trial 128 finished with value: 128.38790893554688 and parameters: {'gradient_clip_val': 0.3991415814361095, 'hidden_size': 104, 'dropout': 0.30024642239070964, 'hidden_continuous_size': 21, 'attention_head_size': 1, 'learning_rate': 0.009913275363712686}. Best is trial 52 with value: 65.44499206542969.
LOCAL_RANK: 0 - CUDA_VISIBLE_DEVICES: [0]
[I 2023-11-30 06:55:07,951] Trial 129 finished with value: 141.2146453857422 and parameters: {'gradient_clip_val': 0.24788105128273932, 'hidden_size': 127, 'dropout': 0.17069497181587037, 'hidden_continuous_size': 34, 'attention_head_size': 4, 'learning_rate': 0.007653441021508593}. Best is trial 52 with value: 65.44499206542969.
LOCAL_RANK: 0 - CUDA_VISIBLE_DEVICES: [0]
