[I 2023-11-30 07:45:41,780] Trial 57 finished with value: 989.2743530273438 and parameters: {'gradient_clip_val': 0.725294946854645, 'hidden_size': 40, 'dropout': 0.20852484140469962, 'hidden_continuous_size': 17, 'attention_head_size': 2, 'learning_rate': 0.03864129494862075}. Best is trial 23 with value: 599.07763671875.
LOCAL_RANK: 0 - CUDA_VISIBLE_DEVICES: [0]
[I 2023-11-30 07:45:53,997] Trial 58 finished with value: 1013.6387329101562 and parameters: {'gradient_clip_val': 0.46173942943884033, 'hidden_size': 44, 'dropout': 0.17594302425658773, 'hidden_continuous_size': 14, 'attention_head_size': 1, 'learning_rate': 0.025038927888510403}. Best is trial 23 with value: 599.07763671875.
LOCAL_RANK: 0 - CUDA_VISIBLE_DEVICES: [0]
[I 2023-11-30 07:46:06,354] Trial 59 finished with value: 1018.5474243164062 and parameters: {'gradient_clip_val': 0.9447046583325532, 'hidden_size': 34, 'dropout': 0.13987911732142308, 'hidden_continuous_size': 16, 'attention_head_size': 4, 'learning_rate': 0.04806133361432773}. Best is trial 23 with value: 599.07763671875.
LOCAL_RANK: 0 - CUDA_VISIBLE_DEVICES: [0]
[I 2023-11-30 07:46:19,547] Trial 60 finished with value: 770.4475708007812 and parameters: {'gradient_clip_val': 0.663536348475942, 'hidden_size': 50, 'dropout': 0.19275789586157388, 'hidden_continuous_size': 47, 'attention_head_size': 2, 'learning_rate': 0.03684837808467234}. Best is trial 23 with value: 599.07763671875.
LOCAL_RANK: 0 - CUDA_VISIBLE_DEVICES: [0]
[I 2023-11-30 07:46:32,443] Trial 61 finished with value: 973.673828125 and parameters: {'gradient_clip_val': 0.8279366081665476, 'hidden_size': 50, 'dropout': 0.18946225813671125, 'hidden_continuous_size': 45, 'attention_head_size': 2, 'learning_rate': 0.03752996895140893}. Best is trial 23 with value: 599.07763671875.
LOCAL_RANK: 0 - CUDA_VISIBLE_DEVICES: [0]
[I 2023-11-30 07:46:45,598] Trial 62 finished with value: 1339.77734375 and parameters: {'gradient_clip_val': 0.6564630446443945, 'hidden_size': 59, 'dropout': 0.20259019432014538, 'hidden_continuous_size': 56, 'attention_head_size': 2, 'learning_rate': 0.031386945401525056}. Best is trial 23 with value: 599.07763671875.
LOCAL_RANK: 0 - CUDA_VISIBLE_DEVICES: [0]
[I 2023-11-30 07:46:58,159] Trial 63 finished with value: 1008.20703125 and parameters: {'gradient_clip_val': 0.5753260145867246, 'hidden_size': 47, 'dropout': 0.1790282340890714, 'hidden_continuous_size': 19, 'attention_head_size': 2, 'learning_rate': 0.020197464998562713}. Best is trial 23 with value: 599.07763671875.
LOCAL_RANK: 0 - CUDA_VISIBLE_DEVICES: [0]
[I 2023-11-30 07:47:11,614] Trial 64 finished with value: 887.04345703125 and parameters: {'gradient_clip_val': 0.700218404361379, 'hidden_size': 74, 'dropout': 0.1586811390629257, 'hidden_continuous_size': 53, 'attention_head_size': 2, 'learning_rate': 0.02595447827318388}. Best is trial 23 with value: 599.07763671875.
LOCAL_RANK: 0 - CUDA_VISIBLE_DEVICES: [0]
[I 2023-11-30 07:47:24,933] Trial 65 finished with value: 961.4656372070312 and parameters: {'gradient_clip_val': 0.8564495520771896, 'hidden_size': 67, 'dropout': 0.22847673349083106, 'hidden_continuous_size': 40, 'attention_head_size': 1, 'learning_rate': 0.01731798666985884}. Best is trial 23 with value: 599.07763671875.
LOCAL_RANK: 0 - CUDA_VISIBLE_DEVICES: [0]
[I 2023-11-30 07:47:38,020] Trial 66 finished with value: 915.31201171875 and parameters: {'gradient_clip_val': 0.7546628562218598, 'hidden_size': 61, 'dropout': 0.19448680201277238, 'hidden_continuous_size': 23, 'attention_head_size': 3, 'learning_rate': 0.05210137446486517}. Best is trial 23 with value: 599.07763671875.
LOCAL_RANK: 0 - CUDA_VISIBLE_DEVICES: [0]
[I 2023-11-30 07:47:50,725] Trial 67 finished with value: 781.5685424804688 and parameters: {'gradient_clip_val': 0.9498975938825117, 'hidden_size': 54, 'dropout': 0.24065917210568827, 'hidden_continuous_size': 18, 'attention_head_size': 2, 'learning_rate': 0.03830187631501355}. Best is trial 23 with value: 599.07763671875.
LOCAL_RANK: 0 - CUDA_VISIBLE_DEVICES: [0]
[I 2023-11-30 07:48:03,309] Trial 68 finished with value: 944.6163940429688 and parameters: {'gradient_clip_val': 0.9962654392716637, 'hidden_size': 53, 'dropout': 0.24296722818797983, 'hidden_continuous_size': 18, 'attention_head_size': 2, 'learning_rate': 0.03785254876301351}. Best is trial 23 with value: 599.07763671875.
LOCAL_RANK: 0 - CUDA_VISIBLE_DEVICES: [0]
[I 2023-11-30 07:48:15,744] Trial 69 finished with value: 828.0783081054688 and parameters: {'gradient_clip_val': 0.9481771118484069, 'hidden_size': 47, 'dropout': 0.2576939196220288, 'hidden_continuous_size': 15, 'attention_head_size': 3, 'learning_rate': 0.0638716158974413}. Best is trial 23 with value: 599.07763671875.
LOCAL_RANK: 0 - CUDA_VISIBLE_DEVICES: [0]
[I 2023-11-30 07:48:28,597] Trial 70 finished with value: 882.5040893554688 and parameters: {'gradient_clip_val': 0.8165750086188654, 'hidden_size': 56, 'dropout': 0.26948647644935636, 'hidden_continuous_size': 17, 'attention_head_size': 4, 'learning_rate': 0.041980030546460566}. Best is trial 23 with value: 599.07763671875.
LOCAL_RANK: 0 - CUDA_VISIBLE_DEVICES: [0]
[I 2023-11-30 07:48:41,532] Trial 71 finished with value: 777.550537109375 and parameters: {'gradient_clip_val': 0.9225108436817178, 'hidden_size': 68, 'dropout': 0.21853310648636626, 'hidden_continuous_size': 21, 'attention_head_size': 2, 'learning_rate': 0.030493056651843355}. Best is trial 23 with value: 599.07763671875.
LOCAL_RANK: 0 - CUDA_VISIBLE_DEVICES: [0]
[I 2023-11-30 07:48:54,641] Trial 72 finished with value: 984.6017456054688 and parameters: {'gradient_clip_val': 0.8859620539484254, 'hidden_size': 71, 'dropout': 0.23620924933626283, 'hidden_continuous_size': 19, 'attention_head_size': 2, 'learning_rate': 0.03154056378349922}. Best is trial 23 with value: 599.07763671875.
LOCAL_RANK: 0 - CUDA_VISIBLE_DEVICES: [0]
[I 2023-11-30 07:49:07,193] Trial 73 finished with value: 987.5146484375 and parameters: {'gradient_clip_val': 0.9192679903271246, 'hidden_size': 52, 'dropout': 0.22199273112265663, 'hidden_continuous_size': 20, 'attention_head_size': 2, 'learning_rate': 0.02749481691239205}. Best is trial 23 with value: 599.07763671875.
LOCAL_RANK: 0 - CUDA_VISIBLE_DEVICES: [0]
[I 2023-11-30 07:49:20,174] Trial 74 finished with value: 1144.0357666015625 and parameters: {'gradient_clip_val': 0.8054189130574617, 'hidden_size': 80, 'dropout': 0.2147328691694449, 'hidden_continuous_size': 14, 'attention_head_size': 2, 'learning_rate': 0.03378740965515416}. Best is trial 23 with value: 599.07763671875.
LOCAL_RANK: 0 - CUDA_VISIBLE_DEVICES: [0]
[I 2023-11-30 07:49:33,044] Trial 75 finished with value: 995.7954711914062 and parameters: {'gradient_clip_val': 0.8624576857914591, 'hidden_size': 62, 'dropout': 0.2413129351903801, 'hidden_continuous_size': 16, 'attention_head_size': 1, 'learning_rate': 0.0229464570838494}. Best is trial 23 with value: 599.07763671875.
LOCAL_RANK: 0 - CUDA_VISIBLE_DEVICES: [0]
[I 2023-11-30 07:49:45,568] Trial 76 finished with value: 775.98681640625 and parameters: {'gradient_clip_val': 0.9957982305823169, 'hidden_size': 42, 'dropout': 0.2065963451897151, 'hidden_continuous_size': 18, 'attention_head_size': 2, 'learning_rate': 0.04737244899178579}. Best is trial 23 with value: 599.07763671875.
LOCAL_RANK: 0 - CUDA_VISIBLE_DEVICES: [0]
[I 2023-11-30 07:49:57,948] Trial 77 finished with value: 1025.2059326171875 and parameters: {'gradient_clip_val': 0.9965674079803007, 'hidden_size': 37, 'dropout': 0.20440869533235642, 'hidden_continuous_size': 17, 'attention_head_size': 2, 'learning_rate': 0.05000073744288115}. Best is trial 23 with value: 599.07763671875.
LOCAL_RANK: 0 - CUDA_VISIBLE_DEVICES: [0]
[I 2023-11-30 07:50:10,633] Trial 78 finished with value: 1088.14892578125 and parameters: {'gradient_clip_val': 0.7476261020485498, 'hidden_size': 57, 'dropout': 0.1708629137844323, 'hidden_continuous_size': 20, 'attention_head_size': 2, 'learning_rate': 0.04448335652133364}. Best is trial 23 with value: 599.07763671875.
LOCAL_RANK: 0 - CUDA_VISIBLE_DEVICES: [0]
[I 2023-11-30 07:50:23,171] Trial 79 finished with value: 949.9326171875 and parameters: {'gradient_clip_val': 0.919276807663456, 'hidden_size': 49, 'dropout': 0.18192395930057678, 'hidden_continuous_size': 21, 'attention_head_size': 2, 'learning_rate': 0.05847249851279895}. Best is trial 23 with value: 599.07763671875.
LOCAL_RANK: 0 - CUDA_VISIBLE_DEVICES: [0]
[I 2023-11-30 07:50:35,805] Trial 80 finished with value: 787.9220581054688 and parameters: {'gradient_clip_val': 0.696889904833178, 'hidden_size': 43, 'dropout': 0.1607375726452124, 'hidden_continuous_size': 18, 'attention_head_size': 3, 'learning_rate': 0.035984239938354444}. Best is trial 23 with value: 599.07763671875.
LOCAL_RANK: 0 - CUDA_VISIBLE_DEVICES: [0]
[I 2023-11-30 07:50:48,144] Trial 81 finished with value: 760.0808715820312 and parameters: {'gradient_clip_val': 0.6707795629779036, 'hidden_size': 44, 'dropout': 0.1627376788750512, 'hidden_continuous_size': 18, 'attention_head_size': 3, 'learning_rate': 0.03796611348510173}. Best is trial 23 with value: 599.07763671875.
LOCAL_RANK: 0 - CUDA_VISIBLE_DEVICES: [0]
[I 2023-11-30 07:51:00,797] Trial 82 finished with value: 1203.7403564453125 and parameters: {'gradient_clip_val': 0.653330733381258, 'hidden_size': 46, 'dropout': 0.17345719146322658, 'hidden_continuous_size': 19, 'attention_head_size': 3, 'learning_rate': 0.02944899566886122}. Best is trial 23 with value: 599.07763671875.
LOCAL_RANK: 0 - CUDA_VISIBLE_DEVICES: [0]
[I 2023-11-30 07:51:13,170] Trial 83 finished with value: 702.7448120117188 and parameters: {'gradient_clip_val': 0.7885837473170523, 'hidden_size': 41, 'dropout': 0.15482958179511827, 'hidden_continuous_size': 11, 'attention_head_size': 3, 'learning_rate': 0.04638670688968776}. Best is trial 23 with value: 599.07763671875.
LOCAL_RANK: 0 - CUDA_VISIBLE_DEVICES: [0]
[I 2023-11-30 07:51:25,375] Trial 84 finished with value: 961.046630859375 and parameters: {'gradient_clip_val': 0.7805947886709206, 'hidden_size': 41, 'dropout': 0.14788604585472315, 'hidden_continuous_size': 10, 'attention_head_size': 3, 'learning_rate': 0.04350696204317374}. Best is trial 23 with value: 599.07763671875.
LOCAL_RANK: 0 - CUDA_VISIBLE_DEVICES: [0]
[I 2023-11-30 07:51:37,693] Trial 85 finished with value: 967.8753051757812 and parameters: {'gradient_clip_val': 0.718564568217409, 'hidden_size': 38, 'dropout': 0.16916968357221907, 'hidden_continuous_size': 11, 'attention_head_size': 3, 'learning_rate': 0.04747717491059664}. Best is trial 23 with value: 599.07763671875.
LOCAL_RANK: 0 - CUDA_VISIBLE_DEVICES: [0]
[I 2023-11-30 07:51:50,161] Trial 86 finished with value: 909.3099975585938 and parameters: {'gradient_clip_val': 0.8451438151197127, 'hidden_size': 42, 'dropout': 0.1568548865331544, 'hidden_continuous_size': 11, 'attention_head_size': 3, 'learning_rate': 0.056835150637779684}. Best is trial 23 with value: 599.07763671875.
LOCAL_RANK: 0 - CUDA_VISIBLE_DEVICES: [0]
[I 2023-11-30 07:52:02,473] Trial 87 finished with value: 935.46533203125 and parameters: {'gradient_clip_val': 0.8039833906433934, 'hidden_size': 34, 'dropout': 0.13038086444138908, 'hidden_continuous_size': 11, 'attention_head_size': 4, 'learning_rate': 0.06637325538766718}. Best is trial 23 with value: 599.07763671875.
LOCAL_RANK: 0 - CUDA_VISIBLE_DEVICES: [0]
[I 2023-11-30 07:52:15,191] Trial 88 finished with value: 1090.6551513671875 and parameters: {'gradient_clip_val': 0.669088415065845, 'hidden_size': 63, 'dropout': 0.1836754922491176, 'hidden_continuous_size': 13, 'attention_head_size': 3, 'learning_rate': 0.034079017315327996}. Best is trial 23 with value: 599.07763671875.
LOCAL_RANK: 0 - CUDA_VISIBLE_DEVICES: [0]
[I 2023-11-30 07:52:27,964] Trial 89 finished with value: 1055.6700439453125 and parameters: {'gradient_clip_val': 0.5606062105738797, 'hidden_size': 50, 'dropout': 0.16664153323094616, 'hidden_continuous_size': 21, 'attention_head_size': 3, 'learning_rate': 0.03976088922539854}. Best is trial 23 with value: 599.07763671875.
LOCAL_RANK: 0 - CUDA_VISIBLE_DEVICES: [0]
[I 2023-11-30 07:52:40,597] Trial 90 finished with value: 1086.3602294921875 and parameters: {'gradient_clip_val': 0.7437153355937732, 'hidden_size': 46, 'dropout': 0.14302222025256556, 'hidden_continuous_size': 20, 'attention_head_size': 3, 'learning_rate': 0.02487189323386857}. Best is trial 23 with value: 599.07763671875.
LOCAL_RANK: 0 - CUDA_VISIBLE_DEVICES: [0]
[I 2023-11-30 07:52:53,420] Trial 91 finished with value: 979.3307495117188 and parameters: {'gradient_clip_val': 0.8960032945065551, 'hidden_size': 54, 'dropout': 0.16258426142242688, 'hidden_continuous_size': 16, 'attention_head_size': 4, 'learning_rate': 0.03933605531012521}. Best is trial 23 with value: 599.07763671875.
LOCAL_RANK: 0 - CUDA_VISIBLE_DEVICES: [0]
[I 2023-11-30 07:53:06,367] Trial 92 finished with value: 954.916015625 and parameters: {'gradient_clip_val': 0.9619532650666551, 'hidden_size': 70, 'dropout': 0.15523425764091373, 'hidden_continuous_size': 18, 'attention_head_size': 2, 'learning_rate': 0.029540133537483856}. Best is trial 23 with value: 599.07763671875.
LOCAL_RANK: 0 - CUDA_VISIBLE_DEVICES: [0]
[I 2023-11-30 07:53:19,340] Trial 93 finished with value: 883.7384643554688 and parameters: {'gradient_clip_val': 0.8851837108537592, 'hidden_size': 75, 'dropout': 0.17713992652796678, 'hidden_continuous_size': 14, 'attention_head_size': 2, 'learning_rate': 0.04711593924161919}. Best is trial 23 with value: 599.07763671875.
LOCAL_RANK: 0 - CUDA_VISIBLE_DEVICES: [0]
[I 2023-11-30 07:53:31,924] Trial 94 finished with value: 800.72412109375 and parameters: {'gradient_clip_val': 0.933611183877506, 'hidden_size': 58, 'dropout': 0.19970261546071902, 'hidden_continuous_size': 18, 'attention_head_size': 1, 'learning_rate': 0.031819161935666765}. Best is trial 23 with value: 599.07763671875.
LOCAL_RANK: 0 - CUDA_VISIBLE_DEVICES: [0]
[I 2023-11-30 07:53:44,540] Trial 95 finished with value: 783.7097778320312 and parameters: {'gradient_clip_val': 0.8378327362076782, 'hidden_size': 64, 'dropout': 0.2116297079068975, 'hidden_continuous_size': 15, 'attention_head_size': 2, 'learning_rate': 0.03559102489127326}. Best is trial 23 with value: 599.07763671875.
LOCAL_RANK: 0 - CUDA_VISIBLE_DEVICES: [0]
[I 2023-11-30 07:53:57,380] Trial 96 finished with value: 1075.4810791015625 and parameters: {'gradient_clip_val': 0.9985362266411137, 'hidden_size': 54, 'dropout': 0.18503702294280064, 'hidden_continuous_size': 17, 'attention_head_size': 3, 'learning_rate': 0.042020836054433824}. Best is trial 23 with value: 599.07763671875.
LOCAL_RANK: 0 - CUDA_VISIBLE_DEVICES: [0]
[I 2023-11-30 07:54:09,696] Trial 97 finished with value: 959.2399291992188 and parameters: {'gradient_clip_val': 0.7857023815096384, 'hidden_size': 44, 'dropout': 0.19333148697132105, 'hidden_continuous_size': 19, 'attention_head_size': 2, 'learning_rate': 0.05177542195100671}. Best is trial 23 with value: 599.07763671875.
LOCAL_RANK: 0 - CUDA_VISIBLE_DEVICES: [0]
[I 2023-11-30 07:54:22,412] Trial 98 finished with value: 895.594970703125 and parameters: {'gradient_clip_val': 0.511093128559439, 'hidden_size': 51, 'dropout': 0.14551305495386435, 'hidden_continuous_size': 24, 'attention_head_size': 3, 'learning_rate': 0.027756107640926647}. Best is trial 23 with value: 599.07763671875.
LOCAL_RANK: 0 - CUDA_VISIBLE_DEVICES: [0]
[I 2023-11-30 07:54:34,776] Trial 99 finished with value: 1030.4052734375 and parameters: {'gradient_clip_val': 0.6395389288760372, 'hidden_size': 39, 'dropout': 0.21908343905629588, 'hidden_continuous_size': 12, 'attention_head_size': 2, 'learning_rate': 0.02441820067887962}. Best is trial 23 with value: 599.07763671875.
LOCAL_RANK: 0 - CUDA_VISIBLE_DEVICES: [0]
[I 2023-11-30 07:54:47,705] Trial 100 finished with value: 828.2039184570312 and parameters: {'gradient_clip_val': 0.6011483408622464, 'hidden_size': 59, 'dropout': 0.2085720691702638, 'hidden_continuous_size': 22, 'attention_head_size': 2, 'learning_rate': 0.03764248665997121}. Best is trial 23 with value: 599.07763671875.
LOCAL_RANK: 0 - CUDA_VISIBLE_DEVICES: [0]
[I 2023-11-30 07:55:00,828] Trial 101 finished with value: 998.5656127929688 and parameters: {'gradient_clip_val': 0.8281284269623337, 'hidden_size': 71, 'dropout': 0.2281692894107383, 'hidden_continuous_size': 15, 'attention_head_size': 2, 'learning_rate': 0.04564667582118987}. Best is trial 23 with value: 599.07763671875.
LOCAL_RANK: 0 - CUDA_VISIBLE_DEVICES: [0]
[I 2023-11-30 07:55:13,701] Trial 102 finished with value: 1417.341796875 and parameters: {'gradient_clip_val': 0.8582721239523807, 'hidden_size': 65, 'dropout': 0.15472482654324587, 'hidden_continuous_size': 16, 'attention_head_size': 2, 'learning_rate': 0.035163128040146076}. Best is trial 23 with value: 599.07763671875.
LOCAL_RANK: 0 - CUDA_VISIBLE_DEVICES: [0]
[I 2023-11-30 07:55:26,072] Trial 103 finished with value: 1045.0675048828125 and parameters: {'gradient_clip_val': 0.9094897888062601, 'hidden_size': 48, 'dropout': 0.19880326715562466, 'hidden_continuous_size': 15, 'attention_head_size': 2, 'learning_rate': 0.032047959510708796}. Best is trial 23 with value: 599.07763671875.
LOCAL_RANK: 0 - CUDA_VISIBLE_DEVICES: [0]
[I 2023-11-30 07:55:38,837] Trial 104 finished with value: 958.0011596679688 and parameters: {'gradient_clip_val': 0.7600312257592494, 'hidden_size': 68, 'dropout': 0.20898697419148093, 'hidden_continuous_size': 17, 'attention_head_size': 2, 'learning_rate': 0.021895345534013882}. Best is trial 23 with value: 599.07763671875.
LOCAL_RANK: 0 - CUDA_VISIBLE_DEVICES: [0]
[I 2023-11-30 07:55:51,606] Trial 105 finished with value: 819.9063110351562 and parameters: {'gradient_clip_val': 0.9478863658797929, 'hidden_size': 63, 'dropout': 0.1887138590262964, 'hidden_continuous_size': 18, 'attention_head_size': 1, 'learning_rate': 0.04097557033710309}. Best is trial 23 with value: 599.07763671875.
LOCAL_RANK: 0 - CUDA_VISIBLE_DEVICES: [0]
[I 2023-11-30 07:56:04,756] Trial 106 finished with value: 987.607421875 and parameters: {'gradient_clip_val': 0.7212658150874661, 'hidden_size': 78, 'dropout': 0.1802809389884027, 'hidden_continuous_size': 13, 'attention_head_size': 2, 'learning_rate': 0.03503718240840477}. Best is trial 23 with value: 599.07763671875.
LOCAL_RANK: 0 - CUDA_VISIBLE_DEVICES: [0]
[I 2023-11-30 07:56:17,530] Trial 107 finished with value: 1320.9390869140625 and parameters: {'gradient_clip_val': 0.8248695252616445, 'hidden_size': 55, 'dropout': 0.21358919582417324, 'hidden_continuous_size': 20, 'attention_head_size': 2, 'learning_rate': 0.028245518210041433}. Best is trial 23 with value: 599.07763671875.
LOCAL_RANK: 0 - CUDA_VISIBLE_DEVICES: [0]
[I 2023-11-30 07:56:30,226] Trial 108 finished with value: 1117.4898681640625 and parameters: {'gradient_clip_val': 0.6829278113422496, 'hidden_size': 60, 'dropout': 0.16460931284852184, 'hidden_continuous_size': 16, 'attention_head_size': 3, 'learning_rate': 0.05565133828272976}. Best is trial 23 with value: 599.07763671875.
LOCAL_RANK: 0 - CUDA_VISIBLE_DEVICES: [0]
[I 2023-11-30 07:56:43,023] Trial 109 finished with value: 774.296875 and parameters: {'gradient_clip_val': 0.8774073140276535, 'hidden_size': 51, 'dropout': 0.17219516434759755, 'hidden_continuous_size': 15, 'attention_head_size': 4, 'learning_rate': 0.026054059826525595}. Best is trial 23 with value: 599.07763671875.
LOCAL_RANK: 0 - CUDA_VISIBLE_DEVICES: [0]
[I 2023-11-30 07:56:55,752] Trial 110 finished with value: 961.2291870117188 and parameters: {'gradient_clip_val': 0.9602271946991466, 'hidden_size': 52, 'dropout': 0.1726013234007376, 'hidden_continuous_size': 21, 'attention_head_size': 4, 'learning_rate': 0.02143003227809211}. Best is trial 23 with value: 599.07763671875.
LOCAL_RANK: 0 - CUDA_VISIBLE_DEVICES: [0]
[I 2023-11-30 07:57:08,610] Trial 111 finished with value: 744.9462890625 and parameters: {'gradient_clip_val': 0.8778846534616194, 'hidden_size': 46, 'dropout': 0.15180661456526934, 'hidden_continuous_size': 19, 'attention_head_size': 4, 'learning_rate': 0.030684698292939502}. Best is trial 23 with value: 599.07763671875.
LOCAL_RANK: 0 - CUDA_VISIBLE_DEVICES: [0]
[I 2023-11-30 07:57:21,153] Trial 112 finished with value: 978.9560546875 and parameters: {'gradient_clip_val': 0.9004845752181649, 'hidden_size': 46, 'dropout': 0.13436870851620253, 'hidden_continuous_size': 19, 'attention_head_size': 4, 'learning_rate': 0.026484686890315596}. Best is trial 23 with value: 599.07763671875.
LOCAL_RANK: 0 - CUDA_VISIBLE_DEVICES: [0]
[I 2023-11-30 07:57:33,774] Trial 113 finished with value: 981.7546997070312 and parameters: {'gradient_clip_val': 0.867016141394995, 'hidden_size': 42, 'dropout': 0.1509593399176212, 'hidden_continuous_size': 14, 'attention_head_size': 4, 'learning_rate': 0.030390308938062677}. Best is trial 23 with value: 599.07763671875.
LOCAL_RANK: 0 - CUDA_VISIBLE_DEVICES: [0]
[I 2023-11-30 07:57:46,323] Trial 114 finished with value: 844.714111328125 and parameters: {'gradient_clip_val': 0.7853406726068508, 'hidden_size': 48, 'dropout': 0.1605045974126794, 'hidden_continuous_size': 20, 'attention_head_size': 4, 'learning_rate': 0.02516540264503891}. Best is trial 23 with value: 599.07763671875.
LOCAL_RANK: 0 - CUDA_VISIBLE_DEVICES: [0]
[I 2023-11-30 07:57:58,901] Trial 115 finished with value: 736.8118286132812 and parameters: {'gradient_clip_val': 0.9449284532411911, 'hidden_size': 45, 'dropout': 0.1657987757469472, 'hidden_continuous_size': 19, 'attention_head_size': 4, 'learning_rate': 0.03903320571048391}. Best is trial 23 with value: 599.07763671875.
LOCAL_RANK: 0 - CUDA_VISIBLE_DEVICES: [0]
