[I 2023-11-30 08:10:27,984] Trial 24 finished with value: 1101.89794921875 and parameters: {'gradient_clip_val': 0.6415220457592187, 'hidden_size': 75, 'dropout': 0.33880330226843236, 'hidden_continuous_size': 32, 'attention_head_size': 4, 'learning_rate': 0.006433386585779232}. Best is trial 11 with value: 1007.5975952148438.
LOCAL_RANK: 0 - CUDA_VISIBLE_DEVICES: [0]
[I 2023-11-30 08:10:41,236] Trial 25 finished with value: 1223.2655029296875 and parameters: {'gradient_clip_val': 0.6080925638092424, 'hidden_size': 65, 'dropout': 0.3748610535028897, 'hidden_continuous_size': 31, 'attention_head_size': 4, 'learning_rate': 0.006446094025820587}. Best is trial 11 with value: 1007.5975952148438.
LOCAL_RANK: 0 - CUDA_VISIBLE_DEVICES: [0]
[I 2023-11-30 08:10:54,620] Trial 26 finished with value: 1390.8480224609375 and parameters: {'gradient_clip_val': 0.4452330715670215, 'hidden_size': 93, 'dropout': 0.34961431462608417, 'hidden_continuous_size': 22, 'attention_head_size': 4, 'learning_rate': 0.008363972819287465}. Best is trial 11 with value: 1007.5975952148438.
LOCAL_RANK: 0 - CUDA_VISIBLE_DEVICES: [0]
[I 2023-11-30 08:11:07,923] Trial 27 finished with value: 1998.9693603515625 and parameters: {'gradient_clip_val': 0.5912003397358905, 'hidden_size': 70, 'dropout': 0.29306890549775394, 'hidden_continuous_size': 16, 'attention_head_size': 4, 'learning_rate': 0.004436768473201813}. Best is trial 11 with value: 1007.5975952148438.
LOCAL_RANK: 0 - CUDA_VISIBLE_DEVICES: [0]
[I 2023-11-30 08:11:21,412] Trial 28 finished with value: 1539.2008056640625 and parameters: {'gradient_clip_val': 0.3353746107308894, 'hidden_size': 79, 'dropout': 0.376376662408893, 'hidden_continuous_size': 34, 'attention_head_size': 4, 'learning_rate': 0.011775133720261717}. Best is trial 11 with value: 1007.5975952148438.
LOCAL_RANK: 0 - CUDA_VISIBLE_DEVICES: [0]
[I 2023-11-30 08:11:33,935] Trial 29 finished with value: 1406.7117919921875 and parameters: {'gradient_clip_val': 0.4170106126414249, 'hidden_size': 48, 'dropout': 0.33977442180469597, 'hidden_continuous_size': 14, 'attention_head_size': 3, 'learning_rate': 0.01683868804141478}. Best is trial 11 with value: 1007.5975952148438.
LOCAL_RANK: 0 - CUDA_VISIBLE_DEVICES: [0]
[I 2023-11-30 08:11:46,784] Trial 30 finished with value: 1340.560791015625 and parameters: {'gradient_clip_val': 0.9568287973252808, 'hidden_size': 59, 'dropout': 0.34734226844292393, 'hidden_continuous_size': 25, 'attention_head_size': 2, 'learning_rate': 0.007168824674941183}. Best is trial 11 with value: 1007.5975952148438.
LOCAL_RANK: 0 - CUDA_VISIBLE_DEVICES: [0]
[I 2023-11-30 08:12:00,443] Trial 31 finished with value: 1761.8258056640625 and parameters: {'gradient_clip_val': 0.7609979526984334, 'hidden_size': 128, 'dropout': 0.3276677743706073, 'hidden_continuous_size': 52, 'attention_head_size': 3, 'learning_rate': 0.005183320273275178}. Best is trial 11 with value: 1007.5975952148438.
LOCAL_RANK: 0 - CUDA_VISIBLE_DEVICES: [0]
[I 2023-11-30 08:12:14,204] Trial 32 finished with value: 1285.2830810546875 and parameters: {'gradient_clip_val': 0.6029817274110792, 'hidden_size': 102, 'dropout': 0.3565235741752851, 'hidden_continuous_size': 37, 'attention_head_size': 3, 'learning_rate': 0.003483000991060515}. Best is trial 11 with value: 1007.5975952148438.
LOCAL_RANK: 0 - CUDA_VISIBLE_DEVICES: [0]
[I 2023-11-30 08:12:28,322] Trial 33 finished with value: 1255.7828369140625 and parameters: {'gradient_clip_val': 0.5344785693277766, 'hidden_size': 128, 'dropout': 0.3036531342671716, 'hidden_continuous_size': 125, 'attention_head_size': 4, 'learning_rate': 0.0019805663800094332}. Best is trial 11 with value: 1007.5975952148438.
LOCAL_RANK: 0 - CUDA_VISIBLE_DEVICES: [0]
[I 2023-11-30 08:12:41,756] Trial 34 finished with value: 1219.9256591796875 and parameters: {'gradient_clip_val': 0.6743870800545051, 'hidden_size': 102, 'dropout': 0.3375714843573199, 'hidden_continuous_size': 31, 'attention_head_size': 3, 'learning_rate': 0.0028917402772148915}. Best is trial 11 with value: 1007.5975952148438.
LOCAL_RANK: 0 - CUDA_VISIBLE_DEVICES: [0]
[I 2023-11-30 08:12:54,986] Trial 35 finished with value: 1363.6903076171875 and parameters: {'gradient_clip_val': 0.8132292117811232, 'hidden_size': 88, 'dropout': 0.3624206027489865, 'hidden_continuous_size': 29, 'attention_head_size': 3, 'learning_rate': 0.0037822474326976796}. Best is trial 11 with value: 1007.5975952148438.
LOCAL_RANK: 0 - CUDA_VISIBLE_DEVICES: [0]
[I 2023-11-30 08:13:07,918] Trial 36 finished with value: 1210.2587890625 and parameters: {'gradient_clip_val': 0.4639950363171732, 'hidden_size': 64, 'dropout': 0.3838375838181045, 'hidden_continuous_size': 25, 'attention_head_size': 2, 'learning_rate': 0.008380289670194222}. Best is trial 11 with value: 1007.5975952148438.
LOCAL_RANK: 0 - CUDA_VISIBLE_DEVICES: [0]
[I 2023-11-30 08:13:21,607] Trial 37 finished with value: 1415.9586181640625 and parameters: {'gradient_clip_val': 0.5219920538518706, 'hidden_size': 118, 'dropout': 0.3170975234535149, 'hidden_continuous_size': 13, 'attention_head_size': 4, 'learning_rate': 0.00136574574239404}. Best is trial 11 with value: 1007.5975952148438.
LOCAL_RANK: 0 - CUDA_VISIBLE_DEVICES: [0]
[I 2023-11-30 08:13:34,795] Trial 38 finished with value: 1784.1181640625 and parameters: {'gradient_clip_val': 0.8230274763685921, 'hidden_size': 77, 'dropout': 0.36335559128416406, 'hidden_continuous_size': 19, 'attention_head_size': 3, 'learning_rate': 0.002114809704435024}. Best is trial 11 with value: 1007.5975952148438.
LOCAL_RANK: 0 - CUDA_VISIBLE_DEVICES: [0]
[I 2023-11-30 08:13:47,548] Trial 39 finished with value: 1448.9342041015625 and parameters: {'gradient_clip_val': 0.6911385600361575, 'hidden_size': 43, 'dropout': 0.38611803801775846, 'hidden_continuous_size': 24, 'attention_head_size': 4, 'learning_rate': 0.005585035223385561}. Best is trial 11 with value: 1007.5975952148438.
LOCAL_RANK: 0 - CUDA_VISIBLE_DEVICES: [0]
[I 2023-11-30 08:14:01,372] Trial 40 finished with value: 1856.1854248046875 and parameters: {'gradient_clip_val': 0.48327064649379364, 'hidden_size': 149, 'dropout': 0.3410790103231378, 'hidden_continuous_size': 10, 'attention_head_size': 2, 'learning_rate': 0.007159855931873842}. Best is trial 11 with value: 1007.5975952148438.
LOCAL_RANK: 0 - CUDA_VISIBLE_DEVICES: [0]
[I 2023-11-30 08:14:14,757] Trial 41 finished with value: 1414.9228515625 and parameters: {'gradient_clip_val': 0.9498030384914135, 'hidden_size': 92, 'dropout': 0.37103519129228996, 'hidden_continuous_size': 27, 'attention_head_size': 2, 'learning_rate': 0.010684743669582759}. Best is trial 11 with value: 1007.5975952148438.
LOCAL_RANK: 0 - CUDA_VISIBLE_DEVICES: [0]
[I 2023-11-30 08:14:27,891] Trial 42 finished with value: 1850.248046875 and parameters: {'gradient_clip_val': 0.9981696983067946, 'hidden_size': 88, 'dropout': 0.3696914089874266, 'hidden_continuous_size': 28, 'attention_head_size': 2, 'learning_rate': 0.020669629087561363}. Best is trial 11 with value: 1007.5975952148438.
LOCAL_RANK: 0 - CUDA_VISIBLE_DEVICES: [0]
[I 2023-11-30 08:14:41,366] Trial 43 finished with value: 1856.2525634765625 and parameters: {'gradient_clip_val': 0.8807491000388835, 'hidden_size': 98, 'dropout': 0.355178778156519, 'hidden_continuous_size': 35, 'attention_head_size': 1, 'learning_rate': 0.011321413948606062}. Best is trial 11 with value: 1007.5975952148438.
LOCAL_RANK: 0 - CUDA_VISIBLE_DEVICES: [0]
[I 2023-11-30 08:14:54,872] Trial 44 finished with value: 1503.2188720703125 and parameters: {'gradient_clip_val': 0.7648282116757598, 'hidden_size': 82, 'dropout': 0.3975757306399391, 'hidden_continuous_size': 39, 'attention_head_size': 2, 'learning_rate': 0.005991244424617198}. Best is trial 11 with value: 1007.5975952148438.
LOCAL_RANK: 0 - CUDA_VISIBLE_DEVICES: [0]
[I 2023-11-30 08:15:08,647] Trial 45 finished with value: 1703.3759765625 and parameters: {'gradient_clip_val': 0.8355848561715764, 'hidden_size': 124, 'dropout': 0.33202031417473715, 'hidden_continuous_size': 44, 'attention_head_size': 3, 'learning_rate': 0.009422198458616027}. Best is trial 11 with value: 1007.5975952148438.
LOCAL_RANK: 0 - CUDA_VISIBLE_DEVICES: [0]
[I 2023-11-30 08:15:22,028] Trial 46 finished with value: 1639.44970703125 and parameters: {'gradient_clip_val': 0.8773645248987066, 'hidden_size': 108, 'dropout': 0.3132087450079807, 'hidden_continuous_size': 19, 'attention_head_size': 2, 'learning_rate': 0.004525493679248437}. Best is trial 11 with value: 1007.5975952148438.
LOCAL_RANK: 0 - CUDA_VISIBLE_DEVICES: [0]
[I 2023-11-30 08:15:35,339] Trial 47 finished with value: 1161.83447265625 and parameters: {'gradient_clip_val': 0.6360298947117287, 'hidden_size': 69, 'dropout': 0.3836001980052015, 'hidden_continuous_size': 30, 'attention_head_size': 3, 'learning_rate': 0.012061895057808253}. Best is trial 11 with value: 1007.5975952148438.
LOCAL_RANK: 0 - CUDA_VISIBLE_DEVICES: [0]
[I 2023-11-30 08:15:48,474] Trial 48 finished with value: 1500.1241455078125 and parameters: {'gradient_clip_val': 0.6211135018837399, 'hidden_size': 70, 'dropout': 0.34655656799954243, 'hidden_continuous_size': 31, 'attention_head_size': 3, 'learning_rate': 0.012752946994796547}. Best is trial 11 with value: 1007.5975952148438.
LOCAL_RANK: 0 - CUDA_VISIBLE_DEVICES: [0]
[I 2023-11-30 08:16:01,437] Trial 49 finished with value: 1320.11181640625 and parameters: {'gradient_clip_val': 0.5429128556099998, 'hidden_size': 54, 'dropout': 0.2993700029171239, 'hidden_continuous_size': 29, 'attention_head_size': 3, 'learning_rate': 0.014702041204407271}. Best is trial 11 with value: 1007.5975952148438.
LOCAL_RANK: 0 - CUDA_VISIBLE_DEVICES: [0]
[I 2023-11-30 08:16:13,894] Trial 50 finished with value: 1581.5025634765625 and parameters: {'gradient_clip_val': 0.2871545776590287, 'hidden_size': 34, 'dropout': 0.3862570462217709, 'hidden_continuous_size': 20, 'attention_head_size': 3, 'learning_rate': 0.008613698429185844}. Best is trial 11 with value: 1007.5975952148438.
LOCAL_RANK: 0 - CUDA_VISIBLE_DEVICES: [0]
[I 2023-11-30 08:16:26,863] Trial 51 finished with value: 1569.4111328125 and parameters: {'gradient_clip_val': 0.6993664702004699, 'hidden_size': 84, 'dropout': 0.36298556000884735, 'hidden_continuous_size': 11, 'attention_head_size': 3, 'learning_rate': 0.010098519548709405}. Best is trial 11 with value: 1007.5975952148438.
LOCAL_RANK: 0 - CUDA_VISIBLE_DEVICES: [0]
[I 2023-11-30 08:16:40,245] Trial 52 finished with value: 1221.5660400390625 and parameters: {'gradient_clip_val': 0.7353430523943719, 'hidden_size': 73, 'dropout': 0.3250047352818236, 'hidden_continuous_size': 33, 'attention_head_size': 2, 'learning_rate': 0.006784792596122272}. Best is trial 11 with value: 1007.5975952148438.
LOCAL_RANK: 0 - CUDA_VISIBLE_DEVICES: [0]
[I 2023-11-30 08:16:53,590] Trial 53 finished with value: 2041.8060302734375 and parameters: {'gradient_clip_val': 0.6432719249167206, 'hidden_size': 101, 'dropout': 0.3775877139469314, 'hidden_continuous_size': 17, 'attention_head_size': 3, 'learning_rate': 0.013242313679812804}. Best is trial 11 with value: 1007.5975952148438.
LOCAL_RANK: 0 - CUDA_VISIBLE_DEVICES: [0]
[I 2023-11-30 08:17:07,703] Trial 54 finished with value: 2077.244140625 and parameters: {'gradient_clip_val': 0.5891130856638376, 'hidden_size': 135, 'dropout': 0.399707586852992, 'hidden_continuous_size': 63, 'attention_head_size': 3, 'learning_rate': 0.019062875820149653}. Best is trial 11 with value: 1007.5975952148438.
LOCAL_RANK: 0 - CUDA_VISIBLE_DEVICES: [0]
[I 2023-11-30 08:17:21,541] Trial 55 finished with value: 1970.5728759765625 and parameters: {'gradient_clip_val': 0.7759380435493846, 'hidden_size': 115, 'dropout': 0.35008151378293445, 'hidden_continuous_size': 88, 'attention_head_size': 1, 'learning_rate': 0.015574282395812952}. Best is trial 11 with value: 1007.5975952148438.
LOCAL_RANK: 0 - CUDA_VISIBLE_DEVICES: [0]
[I 2023-11-30 08:17:35,078] Trial 56 finished with value: 1992.8594970703125 and parameters: {'gradient_clip_val': 0.6632759859500427, 'hidden_size': 91, 'dropout': 0.33857811743334987, 'hidden_continuous_size': 36, 'attention_head_size': 3, 'learning_rate': 0.012611270394274426}. Best is trial 11 with value: 1007.5975952148438.
LOCAL_RANK: 0 - CUDA_VISIBLE_DEVICES: [0]
[I 2023-11-30 08:17:47,255] Trial 57 finished with value: 1138.5908203125 and parameters: {'gradient_clip_val': 0.566877059367642, 'hidden_size': 25, 'dropout': 0.36503377493661987, 'hidden_continuous_size': 20, 'attention_head_size': 2, 'learning_rate': 0.023183380291525498}. Best is trial 11 with value: 1007.5975952148438.
LOCAL_RANK: 0 - CUDA_VISIBLE_DEVICES: [0]
[I 2023-11-30 08:17:59,346] Trial 58 finished with value: 1356.8092041015625 and parameters: {'gradient_clip_val': 0.49597004672258976, 'hidden_size': 25, 'dropout': 0.3234337228528882, 'hidden_continuous_size': 21, 'attention_head_size': 4, 'learning_rate': 0.022421851052252077}. Best is trial 11 with value: 1007.5975952148438.
LOCAL_RANK: 0 - CUDA_VISIBLE_DEVICES: [0]
[I 2023-11-30 08:18:11,399] Trial 59 finished with value: 1324.4072265625 and parameters: {'gradient_clip_val': 0.3930748526488259, 'hidden_size': 25, 'dropout': 0.2871424944606527, 'hidden_continuous_size': 17, 'attention_head_size': 3, 'learning_rate': 0.02614007027559025}. Best is trial 11 with value: 1007.5975952148438.
LOCAL_RANK: 0 - CUDA_VISIBLE_DEVICES: [0]
[I 2023-11-30 08:18:23,551] Trial 60 finished with value: 1434.9942626953125 and parameters: {'gradient_clip_val': 0.5811240969120179, 'hidden_size': 19, 'dropout': 0.35664073704885607, 'hidden_continuous_size': 15, 'attention_head_size': 4, 'learning_rate': 0.03791010606557046}. Best is trial 11 with value: 1007.5975952148438.
LOCAL_RANK: 0 - CUDA_VISIBLE_DEVICES: [0]
[I 2023-11-30 08:18:37,044] Trial 61 finished with value: 1820.4510498046875 and parameters: {'gradient_clip_val': 0.7220951248936918, 'hidden_size': 109, 'dropout': 0.3676796699814145, 'hidden_continuous_size': 23, 'attention_head_size': 2, 'learning_rate': 0.009671211855597177}. Best is trial 11 with value: 1007.5975952148438.
LOCAL_RANK: 0 - CUDA_VISIBLE_DEVICES: [0]
[I 2023-11-30 08:18:50,447] Trial 62 finished with value: 1707.2122802734375 and parameters: {'gradient_clip_val': 0.5649971953689076, 'hidden_size': 77, 'dropout': 0.3863971137125462, 'hidden_continuous_size': 26, 'attention_head_size': 2, 'learning_rate': 0.01704975028807766}. Best is trial 11 with value: 1007.5975952148438.
LOCAL_RANK: 0 - CUDA_VISIBLE_DEVICES: [0]
[I 2023-11-30 08:19:03,164] Trial 63 finished with value: 1074.7752685546875 and parameters: {'gradient_clip_val': 0.46652140244014817, 'hidden_size': 47, 'dropout': 0.343606477452036, 'hidden_continuous_size': 29, 'attention_head_size': 2, 'learning_rate': 0.007621523872100696}. Best is trial 11 with value: 1007.5975952148438.
LOCAL_RANK: 0 - CUDA_VISIBLE_DEVICES: [0]
[I 2023-11-30 08:19:15,672] Trial 64 finished with value: 1262.2335205078125 and parameters: {'gradient_clip_val': 0.48948888895182036, 'hidden_size': 48, 'dropout': 0.33200316915337963, 'hidden_continuous_size': 29, 'attention_head_size': 2, 'learning_rate': 0.0075253475815282266}. Best is trial 11 with value: 1007.5975952148438.
LOCAL_RANK: 0 - CUDA_VISIBLE_DEVICES: [0]
[I 2023-11-30 08:19:28,663] Trial 65 finished with value: 1641.05517578125 and parameters: {'gradient_clip_val': 0.45500365918932373, 'hidden_size': 61, 'dropout': 0.34546810655636306, 'hidden_continuous_size': 33, 'attention_head_size': 1, 'learning_rate': 0.006257822195714106}. Best is trial 11 with value: 1007.5975952148438.
LOCAL_RANK: 0 - CUDA_VISIBLE_DEVICES: [0]
[I 2023-11-30 08:19:41,516] Trial 66 finished with value: 1303.4080810546875 and parameters: {'gradient_clip_val': 0.6304338551762368, 'hidden_size': 55, 'dropout': 0.3132640078816536, 'hidden_continuous_size': 23, 'attention_head_size': 2, 'learning_rate': 0.005138343232594037}. Best is trial 11 with value: 1007.5975952148438.
LOCAL_RANK: 0 - CUDA_VISIBLE_DEVICES: [0]
[I 2023-11-30 08:19:54,857] Trial 67 finished with value: 1265.087890625 and parameters: {'gradient_clip_val': 0.5460131655416369, 'hidden_size': 67, 'dropout': 0.3525892690862164, 'hidden_continuous_size': 26, 'attention_head_size': 3, 'learning_rate': 0.007898301180799032}. Best is trial 11 with value: 1007.5975952148438.
LOCAL_RANK: 0 - CUDA_VISIBLE_DEVICES: [0]
[I 2023-11-30 08:20:07,415] Trial 68 finished with value: 1191.4613037109375 and parameters: {'gradient_clip_val': 0.4219227448405831, 'hidden_size': 41, 'dropout': 0.3351976505657631, 'hidden_continuous_size': 31, 'attention_head_size': 3, 'learning_rate': 0.006230114386062194}. Best is trial 11 with value: 1007.5975952148438.
LOCAL_RANK: 0 - CUDA_VISIBLE_DEVICES: [0]
[I 2023-11-30 08:20:19,742] Trial 69 finished with value: 2749.744873046875 and parameters: {'gradient_clip_val': 0.36327056113392947, 'hidden_size': 31, 'dropout': 0.32006051330991614, 'hidden_continuous_size': 18, 'attention_head_size': 3, 'learning_rate': 0.004024273915592963}. Best is trial 11 with value: 1007.5975952148438.
LOCAL_RANK: 0 - CUDA_VISIBLE_DEVICES: [0]
[I 2023-11-30 08:20:32,846] Trial 70 finished with value: 1405.52099609375 and parameters: {'gradient_clip_val': 0.5138055714321705, 'hidden_size': 58, 'dropout': 0.3788049519910821, 'hidden_continuous_size': 34, 'attention_head_size': 2, 'learning_rate': 0.009461361998847782}. Best is trial 11 with value: 1007.5975952148438.
LOCAL_RANK: 0 - CUDA_VISIBLE_DEVICES: [0]
[I 2023-11-30 08:20:46,029] Trial 71 finished with value: 1580.4342041015625 and parameters: {'gradient_clip_val': 0.6407271346366004, 'hidden_size': 74, 'dropout': 0.3616996647717418, 'hidden_continuous_size': 27, 'attention_head_size': 2, 'learning_rate': 0.010871994742340903}. Best is trial 11 with value: 1007.5975952148438.
LOCAL_RANK: 0 - CUDA_VISIBLE_DEVICES: [0]
[I 2023-11-30 08:20:59,448] Trial 72 finished with value: 1622.7662353515625 and parameters: {'gradient_clip_val': 0.5765045668267411, 'hidden_size': 83, 'dropout': 0.37072231298045605, 'hidden_continuous_size': 24, 'attention_head_size': 2, 'learning_rate': 0.013925255103447384}. Best is trial 11 with value: 1007.5975952148438.
LOCAL_RANK: 0 - CUDA_VISIBLE_DEVICES: [0]
[I 2023-11-30 08:21:12,400] Trial 73 finished with value: 1459.9207763671875 and parameters: {'gradient_clip_val': 0.6832693323497131, 'hidden_size': 64, 'dropout': 0.34412423615248305, 'hidden_continuous_size': 30, 'attention_head_size': 2, 'learning_rate': 0.008585222202702802}. Best is trial 11 with value: 1007.5975952148438.
LOCAL_RANK: 0 - CUDA_VISIBLE_DEVICES: [0]
[I 2023-11-30 08:21:25,934] Trial 74 finished with value: 1557.3671875 and parameters: {'gradient_clip_val': 0.44663496929641505, 'hidden_size': 94, 'dropout': 0.3551478247009905, 'hidden_continuous_size': 38, 'attention_head_size': 2, 'learning_rate': 0.011919931319070817}. Best is trial 11 with value: 1007.5975952148438.
LOCAL_RANK: 0 - CUDA_VISIBLE_DEVICES: [0]
[I 2023-11-30 08:21:38,436] Trial 75 finished with value: 1049.6553955078125 and parameters: {'gradient_clip_val': 0.47548844901232323, 'hidden_size': 48, 'dropout': 0.3639046430382825, 'hidden_continuous_size': 28, 'attention_head_size': 3, 'learning_rate': 0.007352510162135073}. Best is trial 11 with value: 1007.5975952148438.
LOCAL_RANK: 0 - CUDA_VISIBLE_DEVICES: [0]
[I 2023-11-30 08:21:51,136] Trial 76 finished with value: 1150.512451171875 and parameters: {'gradient_clip_val': 0.4781705834248692, 'hidden_size': 45, 'dropout': 0.34095370577785095, 'hidden_continuous_size': 28, 'attention_head_size': 3, 'learning_rate': 0.005488135548468839}. Best is trial 11 with value: 1007.5975952148438.
LOCAL_RANK: 0 - CUDA_VISIBLE_DEVICES: [0]
[I 2023-11-30 08:22:03,953] Trial 77 finished with value: 1209.87548828125 and parameters: {'gradient_clip_val': 0.4796367261629188, 'hidden_size': 50, 'dropout': 0.3644570295018513, 'hidden_continuous_size': 28, 'attention_head_size': 3, 'learning_rate': 0.005430267738781832}. Best is trial 11 with value: 1007.5975952148438.
LOCAL_RANK: 0 - CUDA_VISIBLE_DEVICES: [0]
[I 2023-11-30 08:22:16,476] Trial 78 finished with value: 1016.91748046875 and parameters: {'gradient_clip_val': 0.5150120952998188, 'hidden_size': 44, 'dropout': 0.3410657660005123, 'hidden_continuous_size': 32, 'attention_head_size': 3, 'learning_rate': 0.0067457615375475215}. Best is trial 11 with value: 1007.5975952148438.
LOCAL_RANK: 0 - CUDA_VISIBLE_DEVICES: [0]
[I 2023-11-30 08:22:29,053] Trial 79 finished with value: 1173.2166748046875 and parameters: {'gradient_clip_val': 0.5204155829046226, 'hidden_size': 45, 'dropout': 0.33050259019453393, 'hidden_continuous_size': 32, 'attention_head_size': 3, 'learning_rate': 0.006746514156710348}. Best is trial 11 with value: 1007.5975952148438.
LOCAL_RANK: 0 - CUDA_VISIBLE_DEVICES: [0]
[I 2023-11-30 08:22:41,582] Trial 80 finished with value: 1239.5216064453125 and parameters: {'gradient_clip_val': 0.3968109807632872, 'hidden_size': 38, 'dropout': 0.3414658608511835, 'hidden_continuous_size': 25, 'attention_head_size': 4, 'learning_rate': 0.005100437723432419}. Best is trial 11 with value: 1007.5975952148438.
LOCAL_RANK: 0 - CUDA_VISIBLE_DEVICES: [0]
[I 2023-11-30 08:22:54,011] Trial 81 finished with value: 1130.3697509765625 and parameters: {'gradient_clip_val': 0.4557143125397519, 'hidden_size': 44, 'dropout': 0.39225465899337164, 'hidden_continuous_size': 30, 'attention_head_size': 3, 'learning_rate': 0.007850345843229398}. Best is trial 11 with value: 1007.5975952148438.
LOCAL_RANK: 0 - CUDA_VISIBLE_DEVICES: [0]
[I 2023-11-30 08:23:06,663] Trial 82 finished with value: 1158.7728271484375 and parameters: {'gradient_clip_val': 0.46810947575303324, 'hidden_size': 45, 'dropout': 0.35141095574286046, 'hidden_continuous_size': 28, 'attention_head_size': 3, 'learning_rate': 0.007613148998172861}. Best is trial 11 with value: 1007.5975952148438.
LOCAL_RANK: 0 - CUDA_VISIBLE_DEVICES: [0]
