[I 2023-11-30 03:20:08,461] Trial 34 finished with value: 3120.619140625 and parameters: {'gradient_clip_val': 0.8252595076930304, 'hidden_size': 24, 'dropout': 0.2235253335058379, 'hidden_continuous_size': 15, 'attention_head_size': 1, 'learning_rate': 0.016208316562557005}. Best is trial 9 with value: 2403.6953125.
LOCAL_RANK: 0 - CUDA_VISIBLE_DEVICES: [0]
[I 2023-11-30 03:20:20,937] Trial 35 finished with value: 2376.852783203125 and parameters: {'gradient_clip_val': 0.9980108602684025, 'hidden_size': 31, 'dropout': 0.28552768861294936, 'hidden_continuous_size': 18, 'attention_head_size': 3, 'learning_rate': 0.032540747859258805}. Best is trial 35 with value: 2376.852783203125.
LOCAL_RANK: 0 - CUDA_VISIBLE_DEVICES: [0]
[I 2023-11-30 03:20:33,075] Trial 36 finished with value: 2558.386474609375 and parameters: {'gradient_clip_val': 0.6763421675407262, 'hidden_size': 31, 'dropout': 0.2890511399480615, 'hidden_continuous_size': 19, 'attention_head_size': 3, 'learning_rate': 0.019789703641259673}. Best is trial 35 with value: 2376.852783203125.
LOCAL_RANK: 0 - CUDA_VISIBLE_DEVICES: [0]
[I 2023-11-30 03:20:45,406] Trial 37 finished with value: 2282.290283203125 and parameters: {'gradient_clip_val': 0.8785698799816912, 'hidden_size': 40, 'dropout': 0.31869658947868057, 'hidden_continuous_size': 18, 'attention_head_size': 3, 'learning_rate': 0.012472037899033827}. Best is trial 37 with value: 2282.290283203125.
LOCAL_RANK: 0 - CUDA_VISIBLE_DEVICES: [0]
[I 2023-11-30 03:20:57,850] Trial 38 finished with value: 3513.7587890625 and parameters: {'gradient_clip_val': 0.7582704417198306, 'hidden_size': 44, 'dropout': 0.32297056876703806, 'hidden_continuous_size': 18, 'attention_head_size': 3, 'learning_rate': 0.00542020923605206}. Best is trial 37 with value: 2282.290283203125.
LOCAL_RANK: 0 - CUDA_VISIBLE_DEVICES: [0]
[I 2023-11-30 03:21:10,289] Trial 39 finished with value: 2753.09375 and parameters: {'gradient_clip_val': 0.9961087885697625, 'hidden_size': 35, 'dropout': 0.34542274137201867, 'hidden_continuous_size': 19, 'attention_head_size': 4, 'learning_rate': 0.012630145324439882}. Best is trial 37 with value: 2282.290283203125.
LOCAL_RANK: 0 - CUDA_VISIBLE_DEVICES: [0]
[I 2023-11-30 03:21:23,050] Trial 40 finished with value: 2363.733642578125 and parameters: {'gradient_clip_val': 0.586834798396929, 'hidden_size': 46, 'dropout': 0.3021104010196187, 'hidden_continuous_size': 21, 'attention_head_size': 3, 'learning_rate': 0.02794980128648865}. Best is trial 37 with value: 2282.290283203125.
LOCAL_RANK: 0 - CUDA_VISIBLE_DEVICES: [0]
[I 2023-11-30 03:21:35,604] Trial 41 finished with value: 2414.989990234375 and parameters: {'gradient_clip_val': 0.8892652422830687, 'hidden_size': 46, 'dropout': 0.3004202089552683, 'hidden_continuous_size': 22, 'attention_head_size': 3, 'learning_rate': 0.029268416228353526}. Best is trial 37 with value: 2282.290283203125.
LOCAL_RANK: 0 - CUDA_VISIBLE_DEVICES: [0]
[I 2023-11-30 03:21:48,090] Trial 42 finished with value: 2142.2158203125 and parameters: {'gradient_clip_val': 0.9001318884712844, 'hidden_size': 48, 'dropout': 0.3030580400114513, 'hidden_continuous_size': 22, 'attention_head_size': 3, 'learning_rate': 0.030242908778989316}. Best is trial 42 with value: 2142.2158203125.
LOCAL_RANK: 0 - CUDA_VISIBLE_DEVICES: [0]
[I 2023-11-30 03:22:00,822] Trial 43 finished with value: 2625.552001953125 and parameters: {'gradient_clip_val': 0.680472119659178, 'hidden_size': 53, 'dropout': 0.33594716768935023, 'hidden_continuous_size': 21, 'attention_head_size': 3, 'learning_rate': 0.03293982764149155}. Best is trial 42 with value: 2142.2158203125.
LOCAL_RANK: 0 - CUDA_VISIBLE_DEVICES: [0]
[I 2023-11-30 03:22:13,371] Trial 44 finished with value: 2607.608154296875 and parameters: {'gradient_clip_val': 0.5771473517798689, 'hidden_size': 38, 'dropout': 0.2867058397961833, 'hidden_continuous_size': 21, 'attention_head_size': 3, 'learning_rate': 0.06005040148266914}. Best is trial 42 with value: 2142.2158203125.
LOCAL_RANK: 0 - CUDA_VISIBLE_DEVICES: [0]
[I 2023-11-30 03:22:26,760] Trial 45 finished with value: 2553.475341796875 and parameters: {'gradient_clip_val': 0.9064541933289737, 'hidden_size': 67, 'dropout': 0.30921015015110975, 'hidden_continuous_size': 26, 'attention_head_size': 3, 'learning_rate': 0.06980583780192068}. Best is trial 42 with value: 2142.2158203125.
LOCAL_RANK: 0 - CUDA_VISIBLE_DEVICES: [0]
[I 2023-11-30 03:22:39,310] Trial 46 finished with value: 2768.526123046875 and parameters: {'gradient_clip_val': 0.4361872393008727, 'hidden_size': 33, 'dropout': 0.353348499403658, 'hidden_continuous_size': 18, 'attention_head_size': 4, 'learning_rate': 0.07729658980109265}. Best is trial 42 with value: 2142.2158203125.
LOCAL_RANK: 0 - CUDA_VISIBLE_DEVICES: [0]
[I 2023-11-30 03:22:52,183] Trial 47 finished with value: 2572.180908203125 and parameters: {'gradient_clip_val': 0.7550804219278884, 'hidden_size': 51, 'dropout': 0.32189328651861465, 'hidden_continuous_size': 24, 'attention_head_size': 3, 'learning_rate': 0.04676407860369026}. Best is trial 42 with value: 2142.2158203125.
LOCAL_RANK: 0 - CUDA_VISIBLE_DEVICES: [0]
[I 2023-11-30 03:23:04,546] Trial 48 finished with value: 2275.248046875 and parameters: {'gradient_clip_val': 0.6565140601644787, 'hidden_size': 36, 'dropout': 0.29208599678702146, 'hidden_continuous_size': 20, 'attention_head_size': 3, 'learning_rate': 0.034057436891974054}. Best is trial 42 with value: 2142.2158203125.
LOCAL_RANK: 0 - CUDA_VISIBLE_DEVICES: [0]
[I 2023-11-30 03:23:16,933] Trial 49 finished with value: 2503.262939453125 and parameters: {'gradient_clip_val': 0.6468746075585903, 'hidden_size': 40, 'dropout': 0.30012458410608894, 'hidden_continuous_size': 20, 'attention_head_size': 3, 'learning_rate': 0.033312291724999374}. Best is trial 42 with value: 2142.2158203125.
LOCAL_RANK: 0 - CUDA_VISIBLE_DEVICES: [0]
[I 2023-11-30 03:23:29,527] Trial 50 finished with value: 2426.008544921875 and parameters: {'gradient_clip_val': 0.704413740808122, 'hidden_size': 36, 'dropout': 0.3677238687822491, 'hidden_continuous_size': 20, 'attention_head_size': 4, 'learning_rate': 0.018267320345781803}. Best is trial 42 with value: 2142.2158203125.
LOCAL_RANK: 0 - CUDA_VISIBLE_DEVICES: [0]
[I 2023-11-30 03:23:41,652] Trial 51 finished with value: 2517.14013671875 and parameters: {'gradient_clip_val': 0.9171729483749135, 'hidden_size': 32, 'dropout': 0.27826759877522145, 'hidden_continuous_size': 18, 'attention_head_size': 3, 'learning_rate': 0.026136110295429088}. Best is trial 42 with value: 2142.2158203125.
LOCAL_RANK: 0 - CUDA_VISIBLE_DEVICES: [0]
[I 2023-11-30 03:23:54,107] Trial 52 finished with value: 2266.247314453125 and parameters: {'gradient_clip_val': 0.7634715792951217, 'hidden_size': 48, 'dropout': 0.2868733815150528, 'hidden_continuous_size': 23, 'attention_head_size': 3, 'learning_rate': 0.03910836979451692}. Best is trial 42 with value: 2142.2158203125.
LOCAL_RANK: 0 - CUDA_VISIBLE_DEVICES: [0]
[I 2023-11-30 03:24:06,692] Trial 53 finished with value: 2585.09375 and parameters: {'gradient_clip_val': 0.5610204858536714, 'hidden_size': 47, 'dropout': 0.29406656273841625, 'hidden_continuous_size': 23, 'attention_head_size': 3, 'learning_rate': 0.03528041397907654}. Best is trial 42 with value: 2142.2158203125.
LOCAL_RANK: 0 - CUDA_VISIBLE_DEVICES: [0]
[I 2023-11-30 03:24:19,757] Trial 54 finished with value: 2856.86328125 and parameters: {'gradient_clip_val': 0.7702872279919621, 'hidden_size': 60, 'dropout': 0.31225963826335407, 'hidden_continuous_size': 26, 'attention_head_size': 3, 'learning_rate': 0.02843865262514056}. Best is trial 42 with value: 2142.2158203125.
LOCAL_RANK: 0 - CUDA_VISIBLE_DEVICES: [0]
[I 2023-11-30 03:24:32,446] Trial 55 finished with value: 2703.644775390625 and parameters: {'gradient_clip_val': 0.6568379839422659, 'hidden_size': 41, 'dropout': 0.32835638522202526, 'hidden_continuous_size': 22, 'attention_head_size': 3, 'learning_rate': 0.044425577907782655}. Best is trial 42 with value: 2142.2158203125.
LOCAL_RANK: 0 - CUDA_VISIBLE_DEVICES: [0]
[I 2023-11-30 03:24:45,023] Trial 56 finished with value: 2437.62939453125 and parameters: {'gradient_clip_val': 0.9081721501761629, 'hidden_size': 37, 'dropout': 0.3071185362148468, 'hidden_continuous_size': 20, 'attention_head_size': 3, 'learning_rate': 0.03781216020105044}. Best is trial 42 with value: 2142.2158203125.
LOCAL_RANK: 0 - CUDA_VISIBLE_DEVICES: [0]
[I 2023-11-30 03:24:58,045] Trial 57 finished with value: 2570.5107421875 and parameters: {'gradient_clip_val': 0.7806271121820981, 'hidden_size': 68, 'dropout': 0.29019761449119774, 'hidden_continuous_size': 24, 'attention_head_size': 3, 'learning_rate': 0.023034274882462527}. Best is trial 42 with value: 2142.2158203125.
LOCAL_RANK: 0 - CUDA_VISIBLE_DEVICES: [0]
[I 2023-11-30 03:25:10,712] Trial 58 finished with value: 2683.198486328125 and parameters: {'gradient_clip_val': 0.7033619914978761, 'hidden_size': 54, 'dropout': 0.2724494730472365, 'hidden_continuous_size': 17, 'attention_head_size': 3, 'learning_rate': 0.01811461695296005}. Best is trial 42 with value: 2142.2158203125.
LOCAL_RANK: 0 - CUDA_VISIBLE_DEVICES: [0]
[I 2023-11-30 03:25:23,124] Trial 59 finished with value: 2524.866943359375 and parameters: {'gradient_clip_val': 0.5894861420364047, 'hidden_size': 48, 'dropout': 0.32875306268766935, 'hidden_continuous_size': 23, 'attention_head_size': 3, 'learning_rate': 0.031289876277224196}. Best is trial 42 with value: 2142.2158203125.
LOCAL_RANK: 0 - CUDA_VISIBLE_DEVICES: [0]
[I 2023-11-30 03:25:35,734] Trial 60 finished with value: 2635.60302734375 and parameters: {'gradient_clip_val': 0.8551017824682355, 'hidden_size': 41, 'dropout': 0.3117845861544948, 'hidden_continuous_size': 19, 'attention_head_size': 4, 'learning_rate': 0.04729624145518985}. Best is trial 42 with value: 2142.2158203125.
LOCAL_RANK: 0 - CUDA_VISIBLE_DEVICES: [0]
[I 2023-11-30 03:25:48,195] Trial 61 finished with value: 2745.927978515625 and parameters: {'gradient_clip_val': 0.9310090895131673, 'hidden_size': 44, 'dropout': 0.2814440835128491, 'hidden_continuous_size': 21, 'attention_head_size': 3, 'learning_rate': 0.05775016021963039}. Best is trial 42 with value: 2142.2158203125.
LOCAL_RANK: 0 - CUDA_VISIBLE_DEVICES: [0]
[I 2023-11-30 03:26:00,523] Trial 62 finished with value: 2823.701904296875 and parameters: {'gradient_clip_val': 0.9994492499902365, 'hidden_size': 29, 'dropout': 0.29564300485234535, 'hidden_continuous_size': 17, 'attention_head_size': 3, 'learning_rate': 0.03887872502105223}. Best is trial 42 with value: 2142.2158203125.
LOCAL_RANK: 0 - CUDA_VISIBLE_DEVICES: [0]
[I 2023-11-30 03:26:12,911] Trial 63 finished with value: 2551.343994140625 and parameters: {'gradient_clip_val': 0.7803049796461858, 'hidden_size': 34, 'dropout': 0.27250484063820485, 'hidden_continuous_size': 19, 'attention_head_size': 3, 'learning_rate': 0.04760881728566085}. Best is trial 42 with value: 2142.2158203125.
LOCAL_RANK: 0 - CUDA_VISIBLE_DEVICES: [0]
[I 2023-11-30 03:26:25,690] Trial 64 finished with value: 2829.121826171875 and parameters: {'gradient_clip_val': 0.8444349938005409, 'hidden_size': 56, 'dropout': 0.31650178031157267, 'hidden_continuous_size': 26, 'attention_head_size': 2, 'learning_rate': 0.05434342723078438}. Best is trial 42 with value: 2142.2158203125.
LOCAL_RANK: 0 - CUDA_VISIBLE_DEVICES: [0]
[I 2023-11-30 03:26:38,552] Trial 65 finished with value: 2477.369140625 and parameters: {'gradient_clip_val': 0.9172748647068033, 'hidden_size': 50, 'dropout': 0.301949601496946, 'hidden_continuous_size': 23, 'attention_head_size': 3, 'learning_rate': 0.026583274080355487}. Best is trial 42 with value: 2142.2158203125.
LOCAL_RANK: 0 - CUDA_VISIBLE_DEVICES: [0]
[I 2023-11-30 03:26:50,729] Trial 66 finished with value: 2128.0751953125 and parameters: {'gradient_clip_val': 0.7468046087068747, 'hidden_size': 31, 'dropout': 0.2876720748373399, 'hidden_continuous_size': 16, 'attention_head_size': 3, 'learning_rate': 0.03906348110681325}. Best is trial 66 with value: 2128.0751953125.
LOCAL_RANK: 0 - CUDA_VISIBLE_DEVICES: [0]
[I 2023-11-30 03:27:02,841] Trial 67 finished with value: 2332.702392578125 and parameters: {'gradient_clip_val': 0.7251305372215554, 'hidden_size': 31, 'dropout': 0.29293086872979107, 'hidden_continuous_size': 16, 'attention_head_size': 3, 'learning_rate': 0.03156897200482742}. Best is trial 66 with value: 2128.0751953125.
LOCAL_RANK: 0 - CUDA_VISIBLE_DEVICES: [0]
[I 2023-11-30 03:27:15,391] Trial 68 finished with value: 2728.055419921875 and parameters: {'gradient_clip_val': 0.6303477994624744, 'hidden_size': 38, 'dropout': 0.3079087805203129, 'hidden_continuous_size': 16, 'attention_head_size': 3, 'learning_rate': 0.026378598113196462}. Best is trial 66 with value: 2128.0751953125.
LOCAL_RANK: 0 - CUDA_VISIBLE_DEVICES: [0]
[I 2023-11-30 03:27:27,715] Trial 69 finished with value: 2627.875732421875 and parameters: {'gradient_clip_val': 0.7399131856474164, 'hidden_size': 29, 'dropout': 0.29512768420051405, 'hidden_continuous_size': 16, 'attention_head_size': 3, 'learning_rate': 0.037348696386577215}. Best is trial 66 with value: 2128.0751953125.
LOCAL_RANK: 0 - CUDA_VISIBLE_DEVICES: [0]
[I 2023-11-30 03:27:40,100] Trial 70 finished with value: 2398.6591796875 and parameters: {'gradient_clip_val': 0.6683889699414626, 'hidden_size': 34, 'dropout': 0.2676158604732523, 'hidden_continuous_size': 20, 'attention_head_size': 4, 'learning_rate': 0.02412055913752719}. Best is trial 66 with value: 2128.0751953125.
LOCAL_RANK: 0 - CUDA_VISIBLE_DEVICES: [0]
[I 2023-11-30 03:27:52,392] Trial 71 finished with value: 2304.852294921875 and parameters: {'gradient_clip_val': 0.8153567486231773, 'hidden_size': 31, 'dropout': 0.28460602942642993, 'hidden_continuous_size': 18, 'attention_head_size': 3, 'learning_rate': 0.02960530214082895}. Best is trial 66 with value: 2128.0751953125.
LOCAL_RANK: 0 - CUDA_VISIBLE_DEVICES: [0]
[I 2023-11-30 03:28:04,664] Trial 72 finished with value: 2565.819580078125 and parameters: {'gradient_clip_val': 0.8050678080237985, 'hidden_size': 36, 'dropout': 0.2810192840400703, 'hidden_continuous_size': 17, 'attention_head_size': 3, 'learning_rate': 0.04129492306440042}. Best is trial 66 with value: 2128.0751953125.
LOCAL_RANK: 0 - CUDA_VISIBLE_DEVICES: [0]
[I 2023-11-30 03:28:16,714] Trial 73 finished with value: 2492.439208984375 and parameters: {'gradient_clip_val': 0.7204224930456008, 'hidden_size': 32, 'dropout': 0.29141394198951726, 'hidden_continuous_size': 16, 'attention_head_size': 3, 'learning_rate': 0.030683390804069878}. Best is trial 66 with value: 2128.0751953125.
LOCAL_RANK: 0 - CUDA_VISIBLE_DEVICES: [0]
[I 2023-11-30 03:28:29,475] Trial 74 finished with value: 2428.050048828125 and parameters: {'gradient_clip_val': 0.806074323030224, 'hidden_size': 43, 'dropout': 0.31893938070409866, 'hidden_continuous_size': 19, 'attention_head_size': 3, 'learning_rate': 0.020693497087733572}. Best is trial 66 with value: 2128.0751953125.
LOCAL_RANK: 0 - CUDA_VISIBLE_DEVICES: [0]
[I 2023-11-30 03:28:41,904] Trial 75 finished with value: 2371.9189453125 and parameters: {'gradient_clip_val': 0.5496000300131971, 'hidden_size': 38, 'dropout': 0.29983274852339564, 'hidden_continuous_size': 18, 'attention_head_size': 3, 'learning_rate': 0.03672673423544884}. Best is trial 66 with value: 2128.0751953125.
LOCAL_RANK: 0 - CUDA_VISIBLE_DEVICES: [0]
[I 2023-11-30 03:28:53,991] Trial 76 finished with value: 2538.041015625 and parameters: {'gradient_clip_val': 0.6231979782071714, 'hidden_size': 28, 'dropout': 0.26649192809686983, 'hidden_continuous_size': 17, 'attention_head_size': 3, 'learning_rate': 0.02351044618506652}. Best is trial 66 with value: 2128.0751953125.
LOCAL_RANK: 0 - CUDA_VISIBLE_DEVICES: [0]
[I 2023-11-30 03:29:06,578] Trial 77 finished with value: 2547.364013671875 and parameters: {'gradient_clip_val': 0.6929588039296682, 'hidden_size': 44, 'dropout': 0.2506864715285012, 'hidden_continuous_size': 22, 'attention_head_size': 3, 'learning_rate': 0.014768304701076485}. Best is trial 66 with value: 2128.0751953125.
LOCAL_RANK: 0 - CUDA_VISIBLE_DEVICES: [0]
[I 2023-11-30 03:29:18,783] Trial 78 finished with value: 2831.885986328125 and parameters: {'gradient_clip_val': 0.7590564693798478, 'hidden_size': 26, 'dropout': 0.30721898253514046, 'hidden_continuous_size': 15, 'attention_head_size': 3, 'learning_rate': 0.02999493620084002}. Best is trial 66 with value: 2128.0751953125.
LOCAL_RANK: 0 - CUDA_VISIBLE_DEVICES: [0]
[I 2023-11-30 03:29:31,043] Trial 79 finished with value: 2382.588134765625 and parameters: {'gradient_clip_val': 0.8535055184176009, 'hidden_size': 31, 'dropout': 0.2886031448085696, 'hidden_continuous_size': 21, 'attention_head_size': 3, 'learning_rate': 0.0443628478950373}. Best is trial 66 with value: 2128.0751953125.
LOCAL_RANK: 0 - CUDA_VISIBLE_DEVICES: [0]
[I 2023-11-30 03:29:43,706] Trial 80 finished with value: 2698.017333984375 and parameters: {'gradient_clip_val': 0.5959616449708864, 'hidden_size': 48, 'dropout': 0.27684596433345454, 'hidden_continuous_size': 20, 'attention_head_size': 3, 'learning_rate': 0.017967943864990444}. Best is trial 66 with value: 2128.0751953125.
LOCAL_RANK: 0 - CUDA_VISIBLE_DEVICES: [0]
[I 2023-11-30 03:29:56,105] Trial 81 finished with value: 2617.347900390625 and parameters: {'gradient_clip_val': 0.5489471712180438, 'hidden_size': 39, 'dropout': 0.28580665720094683, 'hidden_continuous_size': 18, 'attention_head_size': 3, 'learning_rate': 0.036878839618679514}. Best is trial 66 with value: 2128.0751953125.
LOCAL_RANK: 0 - CUDA_VISIBLE_DEVICES: [0]
[I 2023-11-30 03:30:08,580] Trial 82 finished with value: 2538.153564453125 and parameters: {'gradient_clip_val': 0.5095917119494513, 'hidden_size': 35, 'dropout': 0.3021077416968524, 'hidden_continuous_size': 18, 'attention_head_size': 3, 'learning_rate': 0.03458385391281993}. Best is trial 66 with value: 2128.0751953125.
LOCAL_RANK: 0 - CUDA_VISIBLE_DEVICES: [0]
[I 2023-11-30 03:30:20,873] Trial 83 finished with value: 2401.33935546875 and parameters: {'gradient_clip_val': 0.679384983757371, 'hidden_size': 38, 'dropout': 0.2990633507781, 'hidden_continuous_size': 18, 'attention_head_size': 3, 'learning_rate': 0.04081215311481226}. Best is trial 66 with value: 2128.0751953125.
LOCAL_RANK: 0 - CUDA_VISIBLE_DEVICES: [0]
[I 2023-11-30 03:30:33,185] Trial 84 finished with value: 2702.387939453125 and parameters: {'gradient_clip_val': 0.7265390610351735, 'hidden_size': 30, 'dropout': 0.317972490424411, 'hidden_continuous_size': 19, 'attention_head_size': 3, 'learning_rate': 0.05083297974037661}. Best is trial 66 with value: 2128.0751953125.
LOCAL_RANK: 0 - CUDA_VISIBLE_DEVICES: [0]
[I 2023-11-30 03:30:45,755] Trial 85 finished with value: 2372.035888671875 and parameters: {'gradient_clip_val': 0.6376094661287678, 'hidden_size': 33, 'dropout': 0.32674871164302344, 'hidden_continuous_size': 17, 'attention_head_size': 3, 'learning_rate': 0.030834907216326327}. Best is trial 66 with value: 2128.0751953125.
LOCAL_RANK: 0 - CUDA_VISIBLE_DEVICES: [0]
[I 2023-11-30 03:30:58,354] Trial 86 finished with value: 2580.008544921875 and parameters: {'gradient_clip_val': 0.8181286608305621, 'hidden_size': 43, 'dropout': 0.31255639596426366, 'hidden_continuous_size': 21, 'attention_head_size': 3, 'learning_rate': 0.027064176967367605}. Best is trial 66 with value: 2128.0751953125.
LOCAL_RANK: 0 - CUDA_VISIBLE_DEVICES: [0]
[I 2023-11-30 03:31:10,849] Trial 87 finished with value: 2719.122314453125 and parameters: {'gradient_clip_val': 0.7541139543903111, 'hidden_size': 41, 'dropout': 0.29392253860035966, 'hidden_continuous_size': 19, 'attention_head_size': 3, 'learning_rate': 0.03298467609406395}. Best is trial 66 with value: 2128.0751953125.
LOCAL_RANK: 0 - CUDA_VISIBLE_DEVICES: [0]
[I 2023-11-30 03:31:23,242] Trial 88 finished with value: 2396.558837890625 and parameters: {'gradient_clip_val': 0.8814555155831976, 'hidden_size': 36, 'dropout': 0.2827707766249686, 'hidden_continuous_size': 20, 'attention_head_size': 3, 'learning_rate': 0.021335264545554095}. Best is trial 66 with value: 2128.0751953125.
LOCAL_RANK: 0 - CUDA_VISIBLE_DEVICES: [0]
[I 2023-11-30 03:31:35,851] Trial 89 finished with value: 2654.5517578125 and parameters: {'gradient_clip_val': 0.6565646993650242, 'hidden_size': 51, 'dropout': 0.30560844232004963, 'hidden_continuous_size': 15, 'attention_head_size': 3, 'learning_rate': 0.03835524438757515}. Best is trial 66 with value: 2128.0751953125.
LOCAL_RANK: 0 - CUDA_VISIBLE_DEVICES: [0]
[I 2023-11-30 03:31:48,323] Trial 90 finished with value: 2424.337158203125 and parameters: {'gradient_clip_val': 0.9362275666404593, 'hidden_size': 39, 'dropout': 0.2687501407148899, 'hidden_continuous_size': 16, 'attention_head_size': 3, 'learning_rate': 0.025535883021268805}. Best is trial 66 with value: 2128.0751953125.
LOCAL_RANK: 0 - CUDA_VISIBLE_DEVICES: [0]
[I 2023-11-30 03:32:00,542] Trial 91 finished with value: 2169.291015625 and parameters: {'gradient_clip_val': 0.6347161823622965, 'hidden_size': 33, 'dropout': 0.32205201604662026, 'hidden_continuous_size': 17, 'attention_head_size': 3, 'learning_rate': 0.030265250203801206}. Best is trial 66 with value: 2128.0751953125.
LOCAL_RANK: 0 - CUDA_VISIBLE_DEVICES: [0]
[I 2023-11-30 03:32:12,760] Trial 92 finished with value: 2403.900146484375 and parameters: {'gradient_clip_val': 0.6111454810638999, 'hidden_size': 33, 'dropout': 0.3306358856513562, 'hidden_continuous_size': 17, 'attention_head_size': 3, 'learning_rate': 0.04285524831811568}. Best is trial 66 with value: 2128.0751953125.
LOCAL_RANK: 0 - CUDA_VISIBLE_DEVICES: [0]
