[I 2023-11-30 09:58:27,219] Trial 49 finished with value: 26738.681640625 and parameters: {'gradient_clip_val': 0.19598366875047002, 'hidden_size': 71, 'dropout': 0.15607886165622858, 'hidden_continuous_size': 27, 'attention_head_size': 1, 'learning_rate': 0.00353738408101802}. Best is trial 47 with value: 21960.109375.
LOCAL_RANK: 0 - CUDA_VISIBLE_DEVICES: [0]
[I 2023-11-30 09:58:39,859] Trial 50 finished with value: 28187.1875 and parameters: {'gradient_clip_val': 0.15968397836627155, 'hidden_size': 40, 'dropout': 0.13648356837924452, 'hidden_continuous_size': 15, 'attention_head_size': 1, 'learning_rate': 0.005092199756426693}. Best is trial 47 with value: 21960.109375.
LOCAL_RANK: 0 - CUDA_VISIBLE_DEVICES: [0]
[I 2023-11-30 09:58:52,591] Trial 51 finished with value: 22842.599609375 and parameters: {'gradient_clip_val': 0.30168921759021533, 'hidden_size': 45, 'dropout': 0.1126930669260805, 'hidden_continuous_size': 20, 'attention_head_size': 1, 'learning_rate': 0.005843926164600228}. Best is trial 47 with value: 21960.109375.
LOCAL_RANK: 0 - CUDA_VISIBLE_DEVICES: [0]
[I 2023-11-30 09:59:05,439] Trial 52 finished with value: 35727.90234375 and parameters: {'gradient_clip_val': 0.2818591130900399, 'hidden_size': 46, 'dropout': 0.11306479996774776, 'hidden_continuous_size': 23, 'attention_head_size': 1, 'learning_rate': 0.0040694258168973}. Best is trial 47 with value: 21960.109375.
LOCAL_RANK: 0 - CUDA_VISIBLE_DEVICES: [0]
[I 2023-11-30 09:59:18,207] Trial 53 finished with value: 25218.9375 and parameters: {'gradient_clip_val': 0.32345204402615363, 'hidden_size': 48, 'dropout': 0.14585201918326865, 'hidden_continuous_size': 20, 'attention_head_size': 1, 'learning_rate': 0.00989187695764803}. Best is trial 47 with value: 21960.109375.
LOCAL_RANK: 0 - CUDA_VISIBLE_DEVICES: [0]
[I 2023-11-30 09:59:30,611] Trial 54 finished with value: 42096.37109375 and parameters: {'gradient_clip_val': 0.23867378489350044, 'hidden_size': 40, 'dropout': 0.16964195214507832, 'hidden_continuous_size': 19, 'attention_head_size': 1, 'learning_rate': 0.005317860063736693}. Best is trial 47 with value: 21960.109375.
LOCAL_RANK: 0 - CUDA_VISIBLE_DEVICES: [0]
[I 2023-11-30 09:59:43,870] Trial 55 finished with value: 32964.08984375 and parameters: {'gradient_clip_val': 0.34620865130735984, 'hidden_size': 58, 'dropout': 0.11169127344001824, 'hidden_continuous_size': 23, 'attention_head_size': 1, 'learning_rate': 0.00443704391861573}. Best is trial 47 with value: 21960.109375.
LOCAL_RANK: 0 - CUDA_VISIBLE_DEVICES: [0]
[I 2023-11-30 09:59:57,248] Trial 56 finished with value: 29216.4140625 and parameters: {'gradient_clip_val': 0.19519939148122972, 'hidden_size': 66, 'dropout': 0.14939274336356936, 'hidden_continuous_size': 26, 'attention_head_size': 1, 'learning_rate': 0.007654473420425346}. Best is trial 47 with value: 21960.109375.
LOCAL_RANK: 0 - CUDA_VISIBLE_DEVICES: [0]
[I 2023-11-30 10:00:09,819] Trial 57 finished with value: 43479.94140625 and parameters: {'gradient_clip_val': 0.5369403235331963, 'hidden_size': 34, 'dropout': 0.17944332084757547, 'hidden_continuous_size': 17, 'attention_head_size': 1, 'learning_rate': 0.0027553118328861926}. Best is trial 47 with value: 21960.109375.
LOCAL_RANK: 0 - CUDA_VISIBLE_DEVICES: [0]
[I 2023-11-30 10:00:22,417] Trial 58 finished with value: 34342.91015625 and parameters: {'gradient_clip_val': 0.9016082249227487, 'hidden_size': 48, 'dropout': 0.13644119878397523, 'hidden_continuous_size': 20, 'attention_head_size': 1, 'learning_rate': 0.00541209804667953}. Best is trial 47 with value: 21960.109375.
LOCAL_RANK: 0 - CUDA_VISIBLE_DEVICES: [0]
[I 2023-11-30 10:00:35,782] Trial 59 finished with value: 25452.599609375 and parameters: {'gradient_clip_val': 0.5911798548594757, 'hidden_size': 75, 'dropout': 0.1961790663195947, 'hidden_continuous_size': 12, 'attention_head_size': 4, 'learning_rate': 0.00858778166650446}. Best is trial 47 with value: 21960.109375.
LOCAL_RANK: 0 - CUDA_VISIBLE_DEVICES: [0]
[I 2023-11-30 10:00:48,284] Trial 60 finished with value: 35512.40234375 and parameters: {'gradient_clip_val': 0.46565868056915594, 'hidden_size': 31, 'dropout': 0.1586099333637105, 'hidden_continuous_size': 21, 'attention_head_size': 1, 'learning_rate': 0.0033769716696940254}. Best is trial 47 with value: 21960.109375.
LOCAL_RANK: 0 - CUDA_VISIBLE_DEVICES: [0]
[I 2023-11-30 10:01:01,447] Trial 61 finished with value: 25212.248046875 and parameters: {'gradient_clip_val': 0.30581147110495943, 'hidden_size': 52, 'dropout': 0.1256256498889168, 'hidden_continuous_size': 25, 'attention_head_size': 2, 'learning_rate': 0.0061707216250488145}. Best is trial 47 with value: 21960.109375.
LOCAL_RANK: 0 - CUDA_VISIBLE_DEVICES: [0]
[I 2023-11-30 10:01:14,477] Trial 62 finished with value: 25796.640625 and parameters: {'gradient_clip_val': 0.7486792651408919, 'hidden_size': 60, 'dropout': 0.1261071235108652, 'hidden_continuous_size': 21, 'attention_head_size': 2, 'learning_rate': 0.006389097311582011}. Best is trial 47 with value: 21960.109375.
LOCAL_RANK: 0 - CUDA_VISIBLE_DEVICES: [0]
[I 2023-11-30 10:01:27,251] Trial 63 finished with value: 30533.447265625 and parameters: {'gradient_clip_val': 0.5207010346707512, 'hidden_size': 43, 'dropout': 0.10802399388286815, 'hidden_continuous_size': 19, 'attention_head_size': 1, 'learning_rate': 0.004633776933848473}. Best is trial 47 with value: 21960.109375.
LOCAL_RANK: 0 - CUDA_VISIBLE_DEVICES: [0]
[I 2023-11-30 10:01:39,900] Trial 64 finished with value: 23859.904296875 and parameters: {'gradient_clip_val': 0.4511601894903291, 'hidden_size': 37, 'dropout': 0.1334120288435992, 'hidden_continuous_size': 21, 'attention_head_size': 1, 'learning_rate': 0.007067429209853043}. Best is trial 47 with value: 21960.109375.
LOCAL_RANK: 0 - CUDA_VISIBLE_DEVICES: [0]
[I 2023-11-30 10:01:52,567] Trial 65 finished with value: 22716.5390625 and parameters: {'gradient_clip_val': 0.4469707656007404, 'hidden_size': 38, 'dropout': 0.1477861251534905, 'hidden_continuous_size': 18, 'attention_head_size': 1, 'learning_rate': 0.010926157119281075}. Best is trial 47 with value: 21960.109375.
LOCAL_RANK: 0 - CUDA_VISIBLE_DEVICES: [0]
[I 2023-11-30 10:02:05,232] Trial 66 finished with value: 24990.7578125 and parameters: {'gradient_clip_val': 0.4590867674756355, 'hidden_size': 37, 'dropout': 0.13785602628710475, 'hidden_continuous_size': 18, 'attention_head_size': 1, 'learning_rate': 0.010856193526866367}. Best is trial 47 with value: 21960.109375.
LOCAL_RANK: 0 - CUDA_VISIBLE_DEVICES: [0]
[I 2023-11-30 10:02:17,548] Trial 67 finished with value: 29040.255859375 and parameters: {'gradient_clip_val': 0.3498659214979375, 'hidden_size': 29, 'dropout': 0.15244034201753018, 'hidden_continuous_size': 16, 'attention_head_size': 1, 'learning_rate': 0.0121490531431737}. Best is trial 47 with value: 21960.109375.
LOCAL_RANK: 0 - CUDA_VISIBLE_DEVICES: [0]
[I 2023-11-30 10:02:30,064] Trial 68 finished with value: 33603.6875 and parameters: {'gradient_clip_val': 0.36657175052198865, 'hidden_size': 33, 'dropout': 0.11893486684973278, 'hidden_continuous_size': 17, 'attention_head_size': 1, 'learning_rate': 0.00837960657029971}. Best is trial 47 with value: 21960.109375.
LOCAL_RANK: 0 - CUDA_VISIBLE_DEVICES: [0]
[I 2023-11-30 10:02:42,566] Trial 69 finished with value: 27352.796875 and parameters: {'gradient_clip_val': 0.4600875269325462, 'hidden_size': 37, 'dropout': 0.131032120148814, 'hidden_continuous_size': 18, 'attention_head_size': 1, 'learning_rate': 0.009530045337398672}. Best is trial 47 with value: 21960.109375.
LOCAL_RANK: 0 - CUDA_VISIBLE_DEVICES: [0]
[I 2023-11-30 10:02:55,229] Trial 70 finished with value: 28360.634765625 and parameters: {'gradient_clip_val': 0.3945295228019331, 'hidden_size': 44, 'dropout': 0.14516338851907665, 'hidden_continuous_size': 20, 'attention_head_size': 1, 'learning_rate': 0.007141383311273243}. Best is trial 47 with value: 21960.109375.
LOCAL_RANK: 0 - CUDA_VISIBLE_DEVICES: [0]
[I 2023-11-30 10:03:07,978] Trial 71 finished with value: 27610.701171875 and parameters: {'gradient_clip_val': 0.5204469744728182, 'hidden_size': 40, 'dropout': 0.16715759711591485, 'hidden_continuous_size': 21, 'attention_head_size': 1, 'learning_rate': 0.01416611337418312}. Best is trial 47 with value: 21960.109375.
LOCAL_RANK: 0 - CUDA_VISIBLE_DEVICES: [0]
[I 2023-11-30 10:03:20,537] Trial 72 finished with value: 27390.349609375 and parameters: {'gradient_clip_val': 0.43241116734581136, 'hidden_size': 35, 'dropout': 0.17887501922495588, 'hidden_continuous_size': 19, 'attention_head_size': 1, 'learning_rate': 0.005677077322815769}. Best is trial 47 with value: 21960.109375.
LOCAL_RANK: 0 - CUDA_VISIBLE_DEVICES: [0]
[I 2023-11-30 10:03:33,637] Trial 73 finished with value: 26081.240234375 and parameters: {'gradient_clip_val': 0.6443283509521955, 'hidden_size': 51, 'dropout': 0.15377979346513168, 'hidden_continuous_size': 23, 'attention_head_size': 1, 'learning_rate': 0.007833684371393819}. Best is trial 47 with value: 21960.109375.
LOCAL_RANK: 0 - CUDA_VISIBLE_DEVICES: [0]
[I 2023-11-30 10:03:46,456] Trial 74 finished with value: 27689.474609375 and parameters: {'gradient_clip_val': 0.5548716822117215, 'hidden_size': 46, 'dropout': 0.16139161191322568, 'hidden_continuous_size': 16, 'attention_head_size': 1, 'learning_rate': 0.004247321388939654}. Best is trial 47 with value: 21960.109375.
LOCAL_RANK: 0 - CUDA_VISIBLE_DEVICES: [0]
[I 2023-11-30 10:03:59,391] Trial 75 finished with value: 23545.654296875 and parameters: {'gradient_clip_val': 0.48456598624042857, 'hidden_size': 57, 'dropout': 0.13021298819096386, 'hidden_continuous_size': 14, 'attention_head_size': 1, 'learning_rate': 0.005418427256107548}. Best is trial 47 with value: 21960.109375.
LOCAL_RANK: 0 - CUDA_VISIBLE_DEVICES: [0]
[I 2023-11-30 10:04:12,142] Trial 76 finished with value: 32690.216796875 and parameters: {'gradient_clip_val': 0.4026996843514062, 'hidden_size': 38, 'dropout': 0.106962833957416, 'hidden_continuous_size': 14, 'attention_head_size': 1, 'learning_rate': 0.005049359235711191}. Best is trial 47 with value: 21960.109375.
LOCAL_RANK: 0 - CUDA_VISIBLE_DEVICES: [0]
[I 2023-11-30 10:04:24,842] Trial 77 finished with value: 30982.822265625 and parameters: {'gradient_clip_val': 0.5091031946734611, 'hidden_size': 42, 'dropout': 0.13250516334860474, 'hidden_continuous_size': 15, 'attention_head_size': 1, 'learning_rate': 0.006851612419503739}. Best is trial 47 with value: 21960.109375.
LOCAL_RANK: 0 - CUDA_VISIBLE_DEVICES: [0]
[I 2023-11-30 10:04:37,742] Trial 78 finished with value: 25279.34375 and parameters: {'gradient_clip_val': 0.3647528345126255, 'hidden_size': 57, 'dropout': 0.1208259670955429, 'hidden_continuous_size': 18, 'attention_head_size': 1, 'learning_rate': 0.005592932522005139}. Best is trial 47 with value: 21960.109375.
LOCAL_RANK: 0 - CUDA_VISIBLE_DEVICES: [0]
[I 2023-11-30 10:04:50,755] Trial 79 finished with value: 26745.103515625 and parameters: {'gradient_clip_val': 0.32727397201563857, 'hidden_size': 66, 'dropout': 0.14087578259005737, 'hidden_continuous_size': 13, 'attention_head_size': 1, 'learning_rate': 0.01068596147839843}. Best is trial 47 with value: 21960.109375.
LOCAL_RANK: 0 - CUDA_VISIBLE_DEVICES: [0]
[I 2023-11-30 10:05:03,024] Trial 80 finished with value: 39720.25390625 and parameters: {'gradient_clip_val': 0.453660519480092, 'hidden_size': 26, 'dropout': 0.10185787651323022, 'hidden_continuous_size': 15, 'attention_head_size': 1, 'learning_rate': 0.008578442724531008}. Best is trial 47 with value: 21960.109375.
LOCAL_RANK: 0 - CUDA_VISIBLE_DEVICES: [0]
[I 2023-11-30 10:05:16,255] Trial 81 finished with value: 23499.5546875 and parameters: {'gradient_clip_val': 0.5835640237018818, 'hidden_size': 56, 'dropout': 0.14991625204283138, 'hidden_continuous_size': 22, 'attention_head_size': 3, 'learning_rate': 0.004640491297533585}. Best is trial 47 with value: 21960.109375.
LOCAL_RANK: 0 - CUDA_VISIBLE_DEVICES: [0]
[I 2023-11-30 10:05:29,278] Trial 82 finished with value: 31790.591796875 and parameters: {'gradient_clip_val': 0.4950701978328146, 'hidden_size': 52, 'dropout': 0.13079502846682334, 'hidden_continuous_size': 23, 'attention_head_size': 3, 'learning_rate': 0.005878454048018724}. Best is trial 47 with value: 21960.109375.
LOCAL_RANK: 0 - CUDA_VISIBLE_DEVICES: [0]
[I 2023-11-30 10:05:42,270] Trial 83 finished with value: 24708.521484375 and parameters: {'gradient_clip_val': 0.43861315066829965, 'hidden_size': 56, 'dropout': 0.14904625802668744, 'hidden_continuous_size': 22, 'attention_head_size': 3, 'learning_rate': 0.00469916402842864}. Best is trial 47 with value: 21960.109375.
LOCAL_RANK: 0 - CUDA_VISIBLE_DEVICES: [0]
[I 2023-11-30 10:05:55,050] Trial 84 finished with value: 29097.818359375 and parameters: {'gradient_clip_val': 0.597218290150159, 'hidden_size': 48, 'dropout': 0.11357519569876778, 'hidden_continuous_size': 17, 'attention_head_size': 3, 'learning_rate': 0.007085095450551836}. Best is trial 47 with value: 21960.109375.
LOCAL_RANK: 0 - CUDA_VISIBLE_DEVICES: [0]
[I 2023-11-30 10:06:08,123] Trial 85 finished with value: 35017.1796875 and parameters: {'gradient_clip_val': 0.6926017384542029, 'hidden_size': 33, 'dropout': 0.14101363985892076, 'hidden_continuous_size': 21, 'attention_head_size': 4, 'learning_rate': 0.004910303573764513}. Best is trial 47 with value: 21960.109375.
LOCAL_RANK: 0 - CUDA_VISIBLE_DEVICES: [0]
[I 2023-11-30 10:06:20,432] Trial 86 finished with value: 39151.46484375 and parameters: {'gradient_clip_val': 0.40842380149266855, 'hidden_size': 29, 'dropout': 0.16258244711616102, 'hidden_continuous_size': 14, 'attention_head_size': 1, 'learning_rate': 0.003752636441727304}. Best is trial 47 with value: 21960.109375.
LOCAL_RANK: 0 - CUDA_VISIBLE_DEVICES: [0]
[I 2023-11-30 10:06:33,439] Trial 87 finished with value: 26797.828125 and parameters: {'gradient_clip_val': 0.47550426792550826, 'hidden_size': 62, 'dropout': 0.172395312137402, 'hidden_continuous_size': 11, 'attention_head_size': 3, 'learning_rate': 0.004249546912801745}. Best is trial 47 with value: 21960.109375.
LOCAL_RANK: 0 - CUDA_VISIBLE_DEVICES: [0]
[I 2023-11-30 10:06:45,955] Trial 88 finished with value: 28223.400390625 and parameters: {'gradient_clip_val': 0.7816296767909257, 'hidden_size': 36, 'dropout': 0.1535351584319407, 'hidden_continuous_size': 20, 'attention_head_size': 1, 'learning_rate': 0.006709560104506459}. Best is trial 47 with value: 21960.109375.
LOCAL_RANK: 0 - CUDA_VISIBLE_DEVICES: [0]
[I 2023-11-30 10:06:58,694] Trial 89 finished with value: 25931.634765625 and parameters: {'gradient_clip_val': 0.5723794034122323, 'hidden_size': 56, 'dropout': 0.1286760415449031, 'hidden_continuous_size': 22, 'attention_head_size': 1, 'learning_rate': 0.007884903502350885}. Best is trial 47 with value: 21960.109375.
LOCAL_RANK: 0 - CUDA_VISIBLE_DEVICES: [0]
[I 2023-11-30 10:07:11,351] Trial 90 finished with value: 42590.6171875 and parameters: {'gradient_clip_val': 0.7248146197814402, 'hidden_size': 42, 'dropout': 0.12304775945668685, 'hidden_continuous_size': 19, 'attention_head_size': 1, 'learning_rate': 0.00585053053056959}. Best is trial 47 with value: 21960.109375.
LOCAL_RANK: 0 - CUDA_VISIBLE_DEVICES: [0]
[I 2023-11-30 10:07:24,954] Trial 91 finished with value: 24153.4140625 and parameters: {'gradient_clip_val': 0.6353068649809991, 'hidden_size': 77, 'dropout': 0.14655999205294906, 'hidden_continuous_size': 24, 'attention_head_size': 2, 'learning_rate': 0.003651481524776116}. Best is trial 47 with value: 21960.109375.
LOCAL_RANK: 0 - CUDA_VISIBLE_DEVICES: [0]
[I 2023-11-30 10:07:38,408] Trial 92 finished with value: 27858.669921875 and parameters: {'gradient_clip_val': 0.5511085956004924, 'hidden_size': 68, 'dropout': 0.16750709985511958, 'hidden_continuous_size': 25, 'attention_head_size': 3, 'learning_rate': 0.00404308577816274}. Best is trial 47 with value: 21960.109375.
LOCAL_RANK: 0 - CUDA_VISIBLE_DEVICES: [0]
[I 2023-11-30 10:07:51,559] Trial 93 finished with value: 25759.365234375 and parameters: {'gradient_clip_val': 0.4893747264228198, 'hidden_size': 59, 'dropout': 0.13756083701166363, 'hidden_continuous_size': 22, 'attention_head_size': 2, 'learning_rate': 0.005186695330750926}. Best is trial 47 with value: 21960.109375.
LOCAL_RANK: 0 - CUDA_VISIBLE_DEVICES: [0]
[I 2023-11-30 10:08:04,855] Trial 94 finished with value: 22558.599609375 and parameters: {'gradient_clip_val': 0.5295551633491676, 'hidden_size': 65, 'dropout': 0.15922443702640943, 'hidden_continuous_size': 29, 'attention_head_size': 1, 'learning_rate': 0.004536135789384839}. Best is trial 47 with value: 21960.109375.
LOCAL_RANK: 0 - CUDA_VISIBLE_DEVICES: [0]
[I 2023-11-30 10:08:18,059] Trial 95 finished with value: 29543.556640625 and parameters: {'gradient_clip_val': 0.5320021584370546, 'hidden_size': 64, 'dropout': 0.15741887175925667, 'hidden_continuous_size': 28, 'attention_head_size': 1, 'learning_rate': 0.003264655656527711}. Best is trial 47 with value: 21960.109375.
LOCAL_RANK: 0 - CUDA_VISIBLE_DEVICES: [0]
[I 2023-11-30 10:08:31,495] Trial 96 finished with value: 28053.326171875 and parameters: {'gradient_clip_val': 0.44448707166948137, 'hidden_size': 73, 'dropout': 0.11536230965175577, 'hidden_continuous_size': 16, 'attention_head_size': 1, 'learning_rate': 0.006021821094370297}. Best is trial 47 with value: 21960.109375.
LOCAL_RANK: 0 - CUDA_VISIBLE_DEVICES: [0]
[I 2023-11-30 10:08:44,330] Trial 97 finished with value: 27659.341796875 and parameters: {'gradient_clip_val': 0.6150161273550995, 'hidden_size': 51, 'dropout': 0.1432190697091166, 'hidden_continuous_size': 21, 'attention_head_size': 1, 'learning_rate': 0.004967598819683627}. Best is trial 47 with value: 21960.109375.
LOCAL_RANK: 0 - CUDA_VISIBLE_DEVICES: [0]
[I 2023-11-30 10:08:57,112] Trial 98 finished with value: 22035.994140625 and parameters: {'gradient_clip_val': 0.4148900305286896, 'hidden_size': 46, 'dropout': 0.17385822440313103, 'hidden_continuous_size': 20, 'attention_head_size': 1, 'learning_rate': 0.009187723347053253}. Best is trial 47 with value: 21960.109375.
LOCAL_RANK: 0 - CUDA_VISIBLE_DEVICES: [0]
[I 2023-11-30 10:09:10,057] Trial 99 finished with value: 27083.572265625 and parameters: {'gradient_clip_val': 0.4243651004708194, 'hidden_size': 54, 'dropout': 0.17955052607700026, 'hidden_continuous_size': 20, 'attention_head_size': 1, 'learning_rate': 0.00939939309421608}. Best is trial 47 with value: 21960.109375.
LOCAL_RANK: 0 - CUDA_VISIBLE_DEVICES: [0]
[I 2023-11-30 10:09:23,009] Trial 100 finished with value: 26352.240234375 and parameters: {'gradient_clip_val': 0.39272503723187235, 'hidden_size': 60, 'dropout': 0.1736326502532791, 'hidden_continuous_size': 18, 'attention_head_size': 1, 'learning_rate': 0.004439283282156945}. Best is trial 47 with value: 21960.109375.
LOCAL_RANK: 0 - CUDA_VISIBLE_DEVICES: [0]
[I 2023-11-30 10:09:35,935] Trial 101 finished with value: 24630.609375 and parameters: {'gradient_clip_val': 0.48345124618685453, 'hidden_size': 45, 'dropout': 0.1623528206294069, 'hidden_continuous_size': 23, 'attention_head_size': 1, 'learning_rate': 0.00672295153483754}. Best is trial 47 with value: 21960.109375.
LOCAL_RANK: 0 - CUDA_VISIBLE_DEVICES: [0]
[I 2023-11-30 10:09:48,855] Trial 102 finished with value: 23722.3125 and parameters: {'gradient_clip_val': 0.41961654877490584, 'hidden_size': 49, 'dropout': 0.15190263847665286, 'hidden_continuous_size': 20, 'attention_head_size': 1, 'learning_rate': 0.007606672347934726}. Best is trial 47 with value: 21960.109375.
LOCAL_RANK: 0 - CUDA_VISIBLE_DEVICES: [0]
[I 2023-11-30 10:10:01,719] Trial 103 finished with value: 27902.96875 and parameters: {'gradient_clip_val': 0.5116253645110087, 'hidden_size': 64, 'dropout': 0.15223965492687497, 'hidden_continuous_size': 17, 'attention_head_size': 1, 'learning_rate': 0.008840918508680146}. Best is trial 47 with value: 21960.109375.
LOCAL_RANK: 0 - CUDA_VISIBLE_DEVICES: [0]
[I 2023-11-30 10:10:14,488] Trial 104 finished with value: 31413.482421875 and parameters: {'gradient_clip_val': 0.3743674307907744, 'hidden_size': 49, 'dropout': 0.15717364439344403, 'hidden_continuous_size': 19, 'attention_head_size': 1, 'learning_rate': 0.0077375190952935855}. Best is trial 47 with value: 21960.109375.
LOCAL_RANK: 0 - CUDA_VISIBLE_DEVICES: [0]
[I 2023-11-30 10:10:27,158] Trial 105 finished with value: 23728.880859375 and parameters: {'gradient_clip_val': 0.9517598520983618, 'hidden_size': 48, 'dropout': 0.14980997794999912, 'hidden_continuous_size': 22, 'attention_head_size': 1, 'learning_rate': 0.0054467974648552036}. Best is trial 47 with value: 21960.109375.
LOCAL_RANK: 0 - CUDA_VISIBLE_DEVICES: [0]
[I 2023-11-30 10:10:39,991] Trial 106 finished with value: 23773.001953125 and parameters: {'gradient_clip_val': 0.8293779061292942, 'hidden_size': 49, 'dropout': 0.1460745387940433, 'hidden_continuous_size': 20, 'attention_head_size': 1, 'learning_rate': 0.005277269343998586}. Best is trial 47 with value: 21960.109375.
LOCAL_RANK: 0 - CUDA_VISIBLE_DEVICES: [0]
[I 2023-11-30 10:10:52,635] Trial 107 finished with value: 27166.564453125 and parameters: {'gradient_clip_val': 0.42493555256030074, 'hidden_size': 46, 'dropout': 0.16601537496379243, 'hidden_continuous_size': 22, 'attention_head_size': 1, 'learning_rate': 0.005606606337107931}. Best is trial 47 with value: 21960.109375.
LOCAL_RANK: 0 - CUDA_VISIBLE_DEVICES: [0]
[I 2023-11-30 10:11:05,624] Trial 108 finished with value: 27204.037109375 and parameters: {'gradient_clip_val': 0.660289645347491, 'hidden_size': 55, 'dropout': 0.13650298685422316, 'hidden_continuous_size': 23, 'attention_head_size': 1, 'learning_rate': 0.004324099683669785}. Best is trial 47 with value: 21960.109375.
LOCAL_RANK: 0 - CUDA_VISIBLE_DEVICES: [0]
