[I 2023-11-30 12:17:39,602] Trial 94 finished with value: 119.7271499633789 and parameters: {'gradient_clip_val': 0.3797566580491478, 'hidden_size': 13, 'dropout': 0.1581091242592793, 'hidden_continuous_size': 11, 'attention_head_size': 2, 'learning_rate': 0.09958922912665694}. Best is trial 44 with value: 112.4563217163086.
LOCAL_RANK: 0 - CUDA_VISIBLE_DEVICES: [0]
[I 2023-11-30 12:17:51,695] Trial 95 finished with value: 126.1126480102539 and parameters: {'gradient_clip_val': 0.535138545353859, 'hidden_size': 17, 'dropout': 0.21274719689262261, 'hidden_continuous_size': 14, 'attention_head_size': 2, 'learning_rate': 0.05848198326172059}. Best is trial 44 with value: 112.4563217163086.
LOCAL_RANK: 0 - CUDA_VISIBLE_DEVICES: [0]
[I 2023-11-30 12:18:03,748] Trial 96 finished with value: 138.01124572753906 and parameters: {'gradient_clip_val': 0.45656297606187735, 'hidden_size': 15, 'dropout': 0.19705784857448824, 'hidden_continuous_size': 12, 'attention_head_size': 3, 'learning_rate': 0.0644172233911183}. Best is trial 44 with value: 112.4563217163086.
LOCAL_RANK: 0 - CUDA_VISIBLE_DEVICES: [0]
[I 2023-11-30 12:18:15,720] Trial 97 finished with value: 136.0292205810547 and parameters: {'gradient_clip_val': 0.5004200883290928, 'hidden_size': 16, 'dropout': 0.17578372474270273, 'hidden_continuous_size': 15, 'attention_head_size': 2, 'learning_rate': 0.08915115623539242}. Best is trial 44 with value: 112.4563217163086.
LOCAL_RANK: 0 - CUDA_VISIBLE_DEVICES: [0]
[I 2023-11-30 12:18:25,966] Trial 98 finished with value: 126.5723876953125 and parameters: {'gradient_clip_val': 0.7047180039776884, 'hidden_size': 10, 'dropout': 0.18857908165112175, 'hidden_continuous_size': 10, 'attention_head_size': 2, 'learning_rate': 0.0707959830670436}. Best is trial 44 with value: 112.4563217163086.
LOCAL_RANK: 0 - CUDA_VISIBLE_DEVICES: [0]
[I 2023-11-30 12:18:38,019] Trial 99 finished with value: 133.2143096923828 and parameters: {'gradient_clip_val': 0.3259835927491518, 'hidden_size': 20, 'dropout': 0.14569710253979606, 'hidden_continuous_size': 15, 'attention_head_size': 1, 'learning_rate': 0.0798174726349546}. Best is trial 44 with value: 112.4563217163086.
LOCAL_RANK: 0 - CUDA_VISIBLE_DEVICES: [0]
[I 2023-11-30 12:18:49,980] Trial 100 finished with value: 121.86296844482422 and parameters: {'gradient_clip_val': 0.4239915566583885, 'hidden_size': 12, 'dropout': 0.1696824526492646, 'hidden_continuous_size': 11, 'attention_head_size': 3, 'learning_rate': 0.08824416089039563}. Best is trial 44 with value: 112.4563217163086.
LOCAL_RANK: 0 - CUDA_VISIBLE_DEVICES: [0]
[I 2023-11-30 12:19:01,864] Trial 101 finished with value: 117.0323486328125 and parameters: {'gradient_clip_val': 0.37773993489556207, 'hidden_size': 13, 'dropout': 0.1580592458445312, 'hidden_continuous_size': 11, 'attention_head_size': 2, 'learning_rate': 0.09627476887408516}. Best is trial 44 with value: 112.4563217163086.
LOCAL_RANK: 0 - CUDA_VISIBLE_DEVICES: [0]
[I 2023-11-30 12:19:14,060] Trial 102 finished with value: 163.1911163330078 and parameters: {'gradient_clip_val': 0.3830434822948805, 'hidden_size': 14, 'dropout': 0.18079817376252766, 'hidden_continuous_size': 11, 'attention_head_size': 2, 'learning_rate': 0.0808209191210265}. Best is trial 44 with value: 112.4563217163086.
LOCAL_RANK: 0 - CUDA_VISIBLE_DEVICES: [0]
[I 2023-11-30 12:19:26,168] Trial 103 finished with value: 147.2497100830078 and parameters: {'gradient_clip_val': 0.3548390795503175, 'hidden_size': 11, 'dropout': 0.16457749016531464, 'hidden_continuous_size': 10, 'attention_head_size': 2, 'learning_rate': 0.09961196494389668}. Best is trial 44 with value: 112.4563217163086.
LOCAL_RANK: 0 - CUDA_VISIBLE_DEVICES: [0]
[I 2023-11-30 12:19:38,198] Trial 104 finished with value: 119.29496002197266 and parameters: {'gradient_clip_val': 0.47455545980804037, 'hidden_size': 14, 'dropout': 0.19386953105161328, 'hidden_continuous_size': 12, 'attention_head_size': 2, 'learning_rate': 0.07179146025269545}. Best is trial 44 with value: 112.4563217163086.
LOCAL_RANK: 0 - CUDA_VISIBLE_DEVICES: [0]
[I 2023-11-30 12:19:49,989] Trial 105 finished with value: 146.13758850097656 and parameters: {'gradient_clip_val': 0.4163411879086154, 'hidden_size': 16, 'dropout': 0.1522061141340554, 'hidden_continuous_size': 12, 'attention_head_size': 2, 'learning_rate': 0.0819904934198676}. Best is trial 44 with value: 112.4563217163086.
LOCAL_RANK: 0 - CUDA_VISIBLE_DEVICES: [0]
[I 2023-11-30 12:20:01,870] Trial 106 finished with value: 140.78623962402344 and parameters: {'gradient_clip_val': 0.44944948058707557, 'hidden_size': 12, 'dropout': 0.15963974196845854, 'hidden_continuous_size': 11, 'attention_head_size': 4, 'learning_rate': 0.0471169828108958}. Best is trial 44 with value: 112.4563217163086.
LOCAL_RANK: 0 - CUDA_VISIBLE_DEVICES: [0]
[I 2023-11-30 12:20:14,174] Trial 107 finished with value: 160.9518280029297 and parameters: {'gradient_clip_val': 0.5091370347929057, 'hidden_size': 17, 'dropout': 0.13981499609623627, 'hidden_continuous_size': 14, 'attention_head_size': 2, 'learning_rate': 0.0647159927803234}. Best is trial 44 with value: 112.4563217163086.
LOCAL_RANK: 0 - CUDA_VISIBLE_DEVICES: [0]
[I 2023-11-30 12:20:26,436] Trial 108 finished with value: 120.4713363647461 and parameters: {'gradient_clip_val': 0.5538619877727516, 'hidden_size': 15, 'dropout': 0.18507328397027845, 'hidden_continuous_size': 13, 'attention_head_size': 4, 'learning_rate': 0.09168213047225895}. Best is trial 44 with value: 112.4563217163086.
LOCAL_RANK: 0 - CUDA_VISIBLE_DEVICES: [0]
[I 2023-11-30 12:20:38,788] Trial 109 finished with value: 174.9823455810547 and parameters: {'gradient_clip_val': 0.39975450718667915, 'hidden_size': 18, 'dropout': 0.16712306028277168, 'hidden_continuous_size': 17, 'attention_head_size': 4, 'learning_rate': 0.05816434924694876}. Best is trial 44 with value: 112.4563217163086.
LOCAL_RANK: 0 - CUDA_VISIBLE_DEVICES: [0]
[I 2023-11-30 12:20:50,882] Trial 110 finished with value: 133.71165466308594 and parameters: {'gradient_clip_val': 0.29407079655366564, 'hidden_size': 13, 'dropout': 0.20823820799876133, 'hidden_continuous_size': 11, 'attention_head_size': 4, 'learning_rate': 0.09242903106432715}. Best is trial 44 with value: 112.4563217163086.
LOCAL_RANK: 0 - CUDA_VISIBLE_DEVICES: [0]
[I 2023-11-30 12:21:02,840] Trial 111 finished with value: 140.13352966308594 and parameters: {'gradient_clip_val': 0.48102624550545053, 'hidden_size': 14, 'dropout': 0.19225332613652543, 'hidden_continuous_size': 12, 'attention_head_size': 2, 'learning_rate': 0.07142806483082083}. Best is trial 44 with value: 112.4563217163086.
LOCAL_RANK: 0 - CUDA_VISIBLE_DEVICES: [0]
[I 2023-11-30 12:21:14,650] Trial 112 finished with value: 137.20370483398438 and parameters: {'gradient_clip_val': 0.47504635485654323, 'hidden_size': 16, 'dropout': 0.19993313360357695, 'hidden_continuous_size': 12, 'attention_head_size': 2, 'learning_rate': 0.07624016639633711}. Best is trial 44 with value: 112.4563217163086.
LOCAL_RANK: 0 - CUDA_VISIBLE_DEVICES: [0]
[I 2023-11-30 12:21:26,906] Trial 113 finished with value: 132.56614685058594 and parameters: {'gradient_clip_val': 0.44603750079070575, 'hidden_size': 15, 'dropout': 0.17835721507838118, 'hidden_continuous_size': 12, 'attention_head_size': 2, 'learning_rate': 0.07102860879303032}. Best is trial 44 with value: 112.4563217163086.
LOCAL_RANK: 0 - CUDA_VISIBLE_DEVICES: [0]
[I 2023-11-30 12:21:38,930] Trial 114 finished with value: 128.40432739257812 and parameters: {'gradient_clip_val': 0.6018798414274218, 'hidden_size': 11, 'dropout': 0.19418630616228075, 'hidden_continuous_size': 10, 'attention_head_size': 2, 'learning_rate': 0.08610432480684334}. Best is trial 44 with value: 112.4563217163086.
LOCAL_RANK: 0 - CUDA_VISIBLE_DEVICES: [0]
[I 2023-11-30 12:21:50,971] Trial 115 finished with value: 137.6330108642578 and parameters: {'gradient_clip_val': 0.37228533451074486, 'hidden_size': 17, 'dropout': 0.1737245986666014, 'hidden_continuous_size': 12, 'attention_head_size': 2, 'learning_rate': 0.06157548091741016}. Best is trial 44 with value: 112.4563217163086.
LOCAL_RANK: 0 - CUDA_VISIBLE_DEVICES: [0]
[I 2023-11-30 12:22:02,931] Trial 116 finished with value: 127.51070404052734 and parameters: {'gradient_clip_val': 0.3323938613961694, 'hidden_size': 13, 'dropout': 0.10828666149015453, 'hidden_continuous_size': 11, 'attention_head_size': 2, 'learning_rate': 0.07532880811408334}. Best is trial 44 with value: 112.4563217163086.
LOCAL_RANK: 0 - CUDA_VISIBLE_DEVICES: [0]
[I 2023-11-30 12:22:15,501] Trial 117 finished with value: 139.7737579345703 and parameters: {'gradient_clip_val': 0.30912075103680436, 'hidden_size': 19, 'dropout': 0.21465061953777864, 'hidden_continuous_size': 10, 'attention_head_size': 4, 'learning_rate': 0.09090372951240695}. Best is trial 44 with value: 112.4563217163086.
LOCAL_RANK: 0 - CUDA_VISIBLE_DEVICES: [0]
[I 2023-11-30 12:22:27,414] Trial 118 finished with value: 130.66470336914062 and parameters: {'gradient_clip_val': 0.5105356034281894, 'hidden_size': 14, 'dropout': 0.20677684747755626, 'hidden_continuous_size': 11, 'attention_head_size': 2, 'learning_rate': 0.05092226599195125}. Best is trial 44 with value: 112.4563217163086.
LOCAL_RANK: 0 - CUDA_VISIBLE_DEVICES: [0]
[I 2023-11-30 12:22:39,321] Trial 119 finished with value: 110.8178939819336 and parameters: {'gradient_clip_val': 0.6510614559004353, 'hidden_size': 12, 'dropout': 0.12455254120340178, 'hidden_continuous_size': 11, 'attention_head_size': 2, 'learning_rate': 0.06692589521603114}. Best is trial 119 with value: 110.8178939819336.
LOCAL_RANK: 0 - CUDA_VISIBLE_DEVICES: [0]
[I 2023-11-30 12:22:49,777] Trial 120 finished with value: 112.29183197021484 and parameters: {'gradient_clip_val': 0.7529494157257921, 'hidden_size': 10, 'dropout': 0.14522273662507088, 'hidden_continuous_size': 10, 'attention_head_size': 4, 'learning_rate': 0.08213683238005967}. Best is trial 119 with value: 110.8178939819336.
LOCAL_RANK: 0 - CUDA_VISIBLE_DEVICES: [0]
[I 2023-11-30 12:23:00,057] Trial 121 finished with value: 166.8238983154297 and parameters: {'gradient_clip_val': 0.7274954775693672, 'hidden_size': 10, 'dropout': 0.12633737714050977, 'hidden_continuous_size': 10, 'attention_head_size': 4, 'learning_rate': 0.08266863487378501}. Best is trial 119 with value: 110.8178939819336.
LOCAL_RANK: 0 - CUDA_VISIBLE_DEVICES: [0]
[I 2023-11-30 12:23:12,221] Trial 122 finished with value: 137.7545928955078 and parameters: {'gradient_clip_val': 0.7790313405908879, 'hidden_size': 11, 'dropout': 0.11511134177315943, 'hidden_continuous_size': 10, 'attention_head_size': 4, 'learning_rate': 0.06613859921162764}. Best is trial 119 with value: 110.8178939819336.
LOCAL_RANK: 0 - CUDA_VISIBLE_DEVICES: [0]
[I 2023-11-30 12:23:22,872] Trial 123 finished with value: 133.74501037597656 and parameters: {'gradient_clip_val': 0.6700935575575258, 'hidden_size': 10, 'dropout': 0.11930890207631664, 'hidden_continuous_size': 10, 'attention_head_size': 4, 'learning_rate': 0.09310999146270085}. Best is trial 119 with value: 110.8178939819336.
LOCAL_RANK: 0 - CUDA_VISIBLE_DEVICES: [0]
[I 2023-11-30 12:23:34,963] Trial 124 finished with value: 182.945068359375 and parameters: {'gradient_clip_val': 0.6494642343490127, 'hidden_size': 11, 'dropout': 0.13569934338555514, 'hidden_continuous_size': 10, 'attention_head_size': 4, 'learning_rate': 0.08175652308357921}. Best is trial 119 with value: 110.8178939819336.
LOCAL_RANK: 0 - CUDA_VISIBLE_DEVICES: [0]
[I 2023-11-30 12:23:46,896] Trial 125 finished with value: 147.25698852539062 and parameters: {'gradient_clip_val': 0.7203023228102534, 'hidden_size': 12, 'dropout': 0.14509169192177843, 'hidden_continuous_size': 11, 'attention_head_size': 4, 'learning_rate': 0.05597964472807267}. Best is trial 119 with value: 110.8178939819336.
LOCAL_RANK: 0 - CUDA_VISIBLE_DEVICES: [0]
[I 2023-11-30 12:23:57,224] Trial 126 finished with value: 124.83050537109375 and parameters: {'gradient_clip_val': 0.6270993896351674, 'hidden_size': 10, 'dropout': 0.15434302683285406, 'hidden_continuous_size': 10, 'attention_head_size': 4, 'learning_rate': 0.09934102359286204}. Best is trial 119 with value: 110.8178939819336.
LOCAL_RANK: 0 - CUDA_VISIBLE_DEVICES: [0]
[I 2023-11-30 12:24:09,110] Trial 127 finished with value: 125.3563461303711 and parameters: {'gradient_clip_val': 0.8548881840442064, 'hidden_size': 13, 'dropout': 0.1276290806107091, 'hidden_continuous_size': 11, 'attention_head_size': 2, 'learning_rate': 0.07701077285997344}. Best is trial 119 with value: 110.8178939819336.
LOCAL_RANK: 0 - CUDA_VISIBLE_DEVICES: [0]
[I 2023-11-30 12:24:22,126] Trial 128 finished with value: 127.05229949951172 and parameters: {'gradient_clip_val': 0.7434415332434424, 'hidden_size': 38, 'dropout': 0.16038721670844874, 'hidden_continuous_size': 25, 'attention_head_size': 4, 'learning_rate': 0.06544941099478478}. Best is trial 119 with value: 110.8178939819336.
LOCAL_RANK: 0 - CUDA_VISIBLE_DEVICES: [0]
[I 2023-11-30 12:24:33,941] Trial 129 finished with value: 113.69659423828125 and parameters: {'gradient_clip_val': 0.6890705440478618, 'hidden_size': 12, 'dropout': 0.1317676874034343, 'hidden_continuous_size': 11, 'attention_head_size': 3, 'learning_rate': 0.08711086183763792}. Best is trial 119 with value: 110.8178939819336.
LOCAL_RANK: 0 - CUDA_VISIBLE_DEVICES: [0]
[I 2023-11-30 12:24:45,805] Trial 130 finished with value: 147.09629821777344 and parameters: {'gradient_clip_val': 0.687305399489263, 'hidden_size': 12, 'dropout': 0.10143893449577243, 'hidden_continuous_size': 11, 'attention_head_size': 3, 'learning_rate': 0.08366236825801841}. Best is trial 119 with value: 110.8178939819336.
LOCAL_RANK: 0 - CUDA_VISIBLE_DEVICES: [0]
[I 2023-11-30 12:24:58,104] Trial 131 finished with value: 115.88094329833984 and parameters: {'gradient_clip_val': 0.6108585098949293, 'hidden_size': 21, 'dropout': 0.1305408931001948, 'hidden_continuous_size': 18, 'attention_head_size': 3, 'learning_rate': 0.09122381578503094}. Best is trial 119 with value: 110.8178939819336.
LOCAL_RANK: 0 - CUDA_VISIBLE_DEVICES: [0]
[I 2023-11-30 12:25:10,329] Trial 132 finished with value: 142.4225311279297 and parameters: {'gradient_clip_val': 0.797576196151803, 'hidden_size': 24, 'dropout': 0.12246382404691628, 'hidden_continuous_size': 17, 'attention_head_size': 3, 'learning_rate': 0.09051131587006078}. Best is trial 119 with value: 110.8178939819336.
LOCAL_RANK: 0 - CUDA_VISIBLE_DEVICES: [0]
[I 2023-11-30 12:25:22,776] Trial 133 finished with value: 143.47744750976562 and parameters: {'gradient_clip_val': 0.6134638327176477, 'hidden_size': 21, 'dropout': 0.13604913223200196, 'hidden_continuous_size': 16, 'attention_head_size': 3, 'learning_rate': 0.07176306234324636}. Best is trial 119 with value: 110.8178939819336.
LOCAL_RANK: 0 - CUDA_VISIBLE_DEVICES: [0]
[I 2023-11-30 12:25:33,125] Trial 134 finished with value: 169.0650177001953 and parameters: {'gradient_clip_val': 0.6465028315823755, 'hidden_size': 11, 'dropout': 0.1322702643453081, 'hidden_continuous_size': 11, 'attention_head_size': 3, 'learning_rate': 0.07905636512612253}. Best is trial 119 with value: 110.8178939819336.
LOCAL_RANK: 0 - CUDA_VISIBLE_DEVICES: [0]
[I 2023-11-30 12:25:45,496] Trial 135 finished with value: 114.32120513916016 and parameters: {'gradient_clip_val': 0.5687235933763553, 'hidden_size': 19, 'dropout': 0.14134468656940413, 'hidden_continuous_size': 18, 'attention_head_size': 3, 'learning_rate': 0.06165245541142364}. Best is trial 119 with value: 110.8178939819336.
LOCAL_RANK: 0 - CUDA_VISIBLE_DEVICES: [0]
[I 2023-11-30 12:25:57,683] Trial 136 finished with value: 129.0139923095703 and parameters: {'gradient_clip_val': 0.6847460564199126, 'hidden_size': 19, 'dropout': 0.14316269273857335, 'hidden_continuous_size': 18, 'attention_head_size': 3, 'learning_rate': 0.061989011105193344}. Best is trial 119 with value: 110.8178939819336.
LOCAL_RANK: 0 - CUDA_VISIBLE_DEVICES: [0]
[I 2023-11-30 12:26:10,017] Trial 137 finished with value: 165.0968780517578 and parameters: {'gradient_clip_val': 0.5787819660690562, 'hidden_size': 22, 'dropout': 0.14950086756200967, 'hidden_continuous_size': 18, 'attention_head_size': 3, 'learning_rate': 0.05396551823246988}. Best is trial 119 with value: 110.8178939819336.
LOCAL_RANK: 0 - CUDA_VISIBLE_DEVICES: [0]
[I 2023-11-30 12:26:22,611] Trial 138 finished with value: 137.1485595703125 and parameters: {'gradient_clip_val': 0.5826039769239431, 'hidden_size': 25, 'dropout': 0.1272325038032842, 'hidden_continuous_size': 19, 'attention_head_size': 3, 'learning_rate': 0.06820254525377249}. Best is trial 119 with value: 110.8178939819336.
LOCAL_RANK: 0 - CUDA_VISIBLE_DEVICES: [0]
[I 2023-11-30 12:26:35,131] Trial 139 finished with value: 161.93141174316406 and parameters: {'gradient_clip_val': 0.7601315542233823, 'hidden_size': 26, 'dropout': 0.12070901639324319, 'hidden_continuous_size': 20, 'attention_head_size': 3, 'learning_rate': 0.08693824511216595}. Best is trial 119 with value: 110.8178939819336.
LOCAL_RANK: 0 - CUDA_VISIBLE_DEVICES: [0]
[I 2023-11-30 12:26:47,237] Trial 140 finished with value: 128.6118927001953 and parameters: {'gradient_clip_val': 0.6494160658462331, 'hidden_size': 20, 'dropout': 0.14041012323622726, 'hidden_continuous_size': 16, 'attention_head_size': 3, 'learning_rate': 0.09950390170064068}. Best is trial 119 with value: 110.8178939819336.
LOCAL_RANK: 0 - CUDA_VISIBLE_DEVICES: [0]
[I 2023-11-30 12:26:59,599] Trial 141 finished with value: 132.42674255371094 and parameters: {'gradient_clip_val': 0.6212695424283972, 'hidden_size': 18, 'dropout': 0.1311916578121893, 'hidden_continuous_size': 15, 'attention_head_size': 3, 'learning_rate': 0.07511377591635383}. Best is trial 119 with value: 110.8178939819336.
LOCAL_RANK: 0 - CUDA_VISIBLE_DEVICES: [0]
[I 2023-11-30 12:27:12,162] Trial 142 finished with value: 156.01715087890625 and parameters: {'gradient_clip_val': 0.5680199294948468, 'hidden_size': 30, 'dropout': 0.15527297694507283, 'hidden_continuous_size': 20, 'attention_head_size': 3, 'learning_rate': 0.0838007910014796}. Best is trial 119 with value: 110.8178939819336.
LOCAL_RANK: 0 - CUDA_VISIBLE_DEVICES: [0]
[I 2023-11-30 12:27:24,422] Trial 143 finished with value: 136.66114807128906 and parameters: {'gradient_clip_val': 0.540076586488711, 'hidden_size': 16, 'dropout': 0.11039464014754365, 'hidden_continuous_size': 13, 'attention_head_size': 3, 'learning_rate': 0.025703536851895352}. Best is trial 119 with value: 110.8178939819336.
LOCAL_RANK: 0 - CUDA_VISIBLE_DEVICES: [0]
[I 2023-11-30 12:27:37,474] Trial 144 finished with value: 125.62942504882812 and parameters: {'gradient_clip_val': 0.6972250092620338, 'hidden_size': 52, 'dropout': 0.14777526872361688, 'hidden_continuous_size': 22, 'attention_head_size': 4, 'learning_rate': 0.09224067499323335}. Best is trial 119 with value: 110.8178939819336.
LOCAL_RANK: 0 - CUDA_VISIBLE_DEVICES: [0]
[I 2023-11-30 12:27:49,808] Trial 145 finished with value: 137.73281860351562 and parameters: {'gradient_clip_val': 0.7331151754758415, 'hidden_size': 22, 'dropout': 0.11628590153823887, 'hidden_continuous_size': 18, 'attention_head_size': 4, 'learning_rate': 0.060532607391118876}. Best is trial 119 with value: 110.8178939819336.
LOCAL_RANK: 0 - CUDA_VISIBLE_DEVICES: [0]
[I 2023-11-30 12:28:02,150] Trial 146 finished with value: 124.92440032958984 and parameters: {'gradient_clip_val': 0.6021742811641856, 'hidden_size': 17, 'dropout': 0.1353500884110585, 'hidden_continuous_size': 14, 'attention_head_size': 3, 'learning_rate': 0.06788681697367742}. Best is trial 119 with value: 110.8178939819336.
LOCAL_RANK: 0 - CUDA_VISIBLE_DEVICES: [0]
[I 2023-11-30 12:28:14,228] Trial 147 finished with value: 143.4080810546875 and parameters: {'gradient_clip_val': 0.6661479537015624, 'hidden_size': 12, 'dropout': 0.16335572060061426, 'hidden_continuous_size': 11, 'attention_head_size': 4, 'learning_rate': 0.07634650238773123}. Best is trial 119 with value: 110.8178939819336.
LOCAL_RANK: 0 - CUDA_VISIBLE_DEVICES: [0]
[I 2023-11-30 12:28:26,744] Trial 148 finished with value: 118.35002899169922 and parameters: {'gradient_clip_val': 0.5542793645316032, 'hidden_size': 13, 'dropout': 0.14317580858138862, 'hidden_continuous_size': 11, 'attention_head_size': 4, 'learning_rate': 0.08962325126032049}. Best is trial 119 with value: 110.8178939819336.
LOCAL_RANK: 0 - CUDA_VISIBLE_DEVICES: [0]
[I 2023-11-30 12:28:39,241] Trial 149 finished with value: 146.4034423828125 and parameters: {'gradient_clip_val': 0.5588085957133232, 'hidden_size': 23, 'dropout': 0.14171925213390976, 'hidden_continuous_size': 19, 'attention_head_size': 4, 'learning_rate': 0.09025622991858141}. Best is trial 119 with value: 110.8178939819336.
[I 2023-11-30 12:28:39,369] A new study created in memory with name: no-name-ad5ff232-c3fa-44e4-9cb5-8fa7c940cfec
/home/le004/conda/anaconda3/envs/tsff_env/lib/python3.9/site-packages/lightning/fabric/plugins/environments/slurm.py:191: The `srun` command is available on your system but is not used. HINT: If your intention is to run Lightning on SLURM, prepend your python command with `srun` like so: srun python /home/le004/master_thesis/git/TSFusionForecast/code/ ...
LOCAL_RANK: 0 - CUDA_VISIBLE_DEVICES: [0]
[I 2023-11-30 12:28:52,280] Trial 0 finished with value: 238.6664276123047 and parameters: {'gradient_clip_val': 0.8448299460420554, 'hidden_size': 34, 'dropout': 0.11610267872157405, 'hidden_continuous_size': 23, 'attention_head_size': 2, 'learning_rate': 0.09109012185433428}. Best is trial 0 with value: 238.6664276123047.
LOCAL_RANK: 0 - CUDA_VISIBLE_DEVICES: [0]
