[I 2023-11-30 07:21:58,254] Trial 97 finished with value: 45.20756912231445 and parameters: {'gradient_clip_val': 0.8366204149495626, 'hidden_size': 102, 'dropout': 0.17311391542868415, 'hidden_continuous_size': 33, 'attention_head_size': 3, 'learning_rate': 0.03828755701057439}. Best is trial 81 with value: 37.0884895324707.
LOCAL_RANK: 0 - CUDA_VISIBLE_DEVICES: [0]
[I 2023-11-30 07:22:12,047] Trial 98 finished with value: 47.5870361328125 and parameters: {'gradient_clip_val': 0.7532951716310461, 'hidden_size': 109, 'dropout': 0.15737745416216556, 'hidden_continuous_size': 21, 'attention_head_size': 2, 'learning_rate': 0.08006967687515783}. Best is trial 81 with value: 37.0884895324707.
LOCAL_RANK: 0 - CUDA_VISIBLE_DEVICES: [0]
[I 2023-11-30 07:22:26,490] Trial 99 finished with value: 42.96797561645508 and parameters: {'gradient_clip_val': 0.7912282270622226, 'hidden_size': 149, 'dropout': 0.18436866718898628, 'hidden_continuous_size': 22, 'attention_head_size': 2, 'learning_rate': 0.0727282111776194}. Best is trial 81 with value: 37.0884895324707.
LOCAL_RANK: 0 - CUDA_VISIBLE_DEVICES: [0]
[I 2023-11-30 07:22:40,369] Trial 100 finished with value: 56.82802200317383 and parameters: {'gradient_clip_val': 0.7950213617883279, 'hidden_size': 132, 'dropout': 0.18425964401180334, 'hidden_continuous_size': 19, 'attention_head_size': 2, 'learning_rate': 0.07100509762637854}. Best is trial 81 with value: 37.0884895324707.
LOCAL_RANK: 0 - CUDA_VISIBLE_DEVICES: [0]
[I 2023-11-30 07:22:54,587] Trial 101 finished with value: 59.12687301635742 and parameters: {'gradient_clip_val': 0.9488164658475657, 'hidden_size': 147, 'dropout': 0.19426774919437678, 'hidden_continuous_size': 22, 'attention_head_size': 2, 'learning_rate': 0.05846921842516613}. Best is trial 81 with value: 37.0884895324707.
LOCAL_RANK: 0 - CUDA_VISIBLE_DEVICES: [0]
[I 2023-11-30 07:23:08,562] Trial 102 finished with value: 60.447601318359375 and parameters: {'gradient_clip_val': 0.8195509805643522, 'hidden_size': 127, 'dropout': 0.16675251830939702, 'hidden_continuous_size': 25, 'attention_head_size': 2, 'learning_rate': 0.08374822779481707}. Best is trial 81 with value: 37.0884895324707.
LOCAL_RANK: 0 - CUDA_VISIBLE_DEVICES: [0]
[I 2023-11-30 07:23:22,511] Trial 103 finished with value: 39.90562057495117 and parameters: {'gradient_clip_val': 0.8924165916111282, 'hidden_size': 139, 'dropout': 0.1763360494285494, 'hidden_continuous_size': 24, 'attention_head_size': 2, 'learning_rate': 0.04635110795322313}. Best is trial 81 with value: 37.0884895324707.
LOCAL_RANK: 0 - CUDA_VISIBLE_DEVICES: [0]
[I 2023-11-30 07:23:36,609] Trial 104 finished with value: 44.32661056518555 and parameters: {'gradient_clip_val': 0.8962511150752861, 'hidden_size': 139, 'dropout': 0.17408666379675605, 'hidden_continuous_size': 23, 'attention_head_size': 2, 'learning_rate': 0.09892061035288256}. Best is trial 81 with value: 37.0884895324707.
LOCAL_RANK: 0 - CUDA_VISIBLE_DEVICES: [0]
[I 2023-11-30 07:23:50,516] Trial 105 finished with value: 42.36274337768555 and parameters: {'gradient_clip_val': 0.7620631872572284, 'hidden_size': 119, 'dropout': 0.1621104251845639, 'hidden_continuous_size': 27, 'attention_head_size': 2, 'learning_rate': 0.06574450675193379}. Best is trial 81 with value: 37.0884895324707.
LOCAL_RANK: 0 - CUDA_VISIBLE_DEVICES: [0]
[I 2023-11-30 07:24:04,372] Trial 106 finished with value: 49.092437744140625 and parameters: {'gradient_clip_val': 0.763658005804584, 'hidden_size': 121, 'dropout': 0.16454771986754874, 'hidden_continuous_size': 24, 'attention_head_size': 2, 'learning_rate': 0.07219054028727914}. Best is trial 81 with value: 37.0884895324707.
LOCAL_RANK: 0 - CUDA_VISIBLE_DEVICES: [0]
[I 2023-11-30 07:24:18,438] Trial 107 finished with value: 54.4995002746582 and parameters: {'gradient_clip_val': 0.7067710005016746, 'hidden_size': 148, 'dropout': 0.14561194200929545, 'hidden_continuous_size': 21, 'attention_head_size': 2, 'learning_rate': 0.06419945469234133}. Best is trial 81 with value: 37.0884895324707.
LOCAL_RANK: 0 - CUDA_VISIBLE_DEVICES: [0]
[I 2023-11-30 07:24:32,511] Trial 108 finished with value: 54.29826354980469 and parameters: {'gradient_clip_val': 0.7876546698013426, 'hidden_size': 135, 'dropout': 0.1605099653487946, 'hidden_continuous_size': 27, 'attention_head_size': 2, 'learning_rate': 0.0437307037606624}. Best is trial 81 with value: 37.0884895324707.
LOCAL_RANK: 0 - CUDA_VISIBLE_DEVICES: [0]
[I 2023-11-30 07:24:46,534] Trial 109 finished with value: 46.31608200073242 and parameters: {'gradient_clip_val': 0.9513285218165084, 'hidden_size': 114, 'dropout': 0.18107105469192405, 'hidden_continuous_size': 26, 'attention_head_size': 2, 'learning_rate': 0.05423191538581543}. Best is trial 81 with value: 37.0884895324707.
LOCAL_RANK: 0 - CUDA_VISIBLE_DEVICES: [0]
[I 2023-11-30 07:25:00,633] Trial 110 finished with value: 50.20987319946289 and parameters: {'gradient_clip_val': 0.6680668567546889, 'hidden_size': 129, 'dropout': 0.18784654549296462, 'hidden_continuous_size': 29, 'attention_head_size': 2, 'learning_rate': 0.06065368717458423}. Best is trial 81 with value: 37.0884895324707.
LOCAL_RANK: 0 - CUDA_VISIBLE_DEVICES: [0]
[I 2023-11-30 07:25:14,913] Trial 111 finished with value: 53.84861755371094 and parameters: {'gradient_clip_val': 0.7366900934596249, 'hidden_size': 150, 'dropout': 0.17869112749019067, 'hidden_continuous_size': 24, 'attention_head_size': 2, 'learning_rate': 0.051687698517109346}. Best is trial 81 with value: 37.0884895324707.
LOCAL_RANK: 0 - CUDA_VISIBLE_DEVICES: [0]
[I 2023-11-30 07:25:28,749] Trial 112 finished with value: 54.59943771362305 and parameters: {'gradient_clip_val': 0.8560893094276579, 'hidden_size': 116, 'dropout': 0.20151782796414336, 'hidden_continuous_size': 22, 'attention_head_size': 4, 'learning_rate': 0.07525186323705382}. Best is trial 81 with value: 37.0884895324707.
LOCAL_RANK: 0 - CUDA_VISIBLE_DEVICES: [0]
[I 2023-11-30 07:25:42,478] Trial 113 finished with value: 57.02567672729492 and parameters: {'gradient_clip_val': 0.8922424652933054, 'hidden_size': 108, 'dropout': 0.15297381250483352, 'hidden_continuous_size': 31, 'attention_head_size': 2, 'learning_rate': 0.04837481597019095}. Best is trial 81 with value: 37.0884895324707.
LOCAL_RANK: 0 - CUDA_VISIBLE_DEVICES: [0]
[I 2023-11-30 07:25:56,408] Trial 114 finished with value: 96.0987319946289 and parameters: {'gradient_clip_val': 0.758563586327895, 'hidden_size': 102, 'dropout': 0.16976634142970534, 'hidden_continuous_size': 25, 'attention_head_size': 2, 'learning_rate': 0.03795780837846239}. Best is trial 81 with value: 37.0884895324707.
LOCAL_RANK: 0 - CUDA_VISIBLE_DEVICES: [0]
[I 2023-11-30 07:26:10,512] Trial 115 finished with value: 50.974945068359375 and parameters: {'gradient_clip_val': 0.8176443102633874, 'hidden_size': 142, 'dropout': 0.14482113386180612, 'hidden_continuous_size': 23, 'attention_head_size': 2, 'learning_rate': 0.08612124111911781}. Best is trial 81 with value: 37.0884895324707.
LOCAL_RANK: 0 - CUDA_VISIBLE_DEVICES: [0]
[I 2023-11-30 07:26:24,452] Trial 116 finished with value: 60.72154235839844 and parameters: {'gradient_clip_val': 0.7063632860776505, 'hidden_size': 124, 'dropout': 0.186262377445282, 'hidden_continuous_size': 27, 'attention_head_size': 2, 'learning_rate': 0.06591490906256664}. Best is trial 81 with value: 37.0884895324707.
LOCAL_RANK: 0 - CUDA_VISIBLE_DEVICES: [0]
[I 2023-11-30 07:26:38,373] Trial 117 finished with value: 61.85297775268555 and parameters: {'gradient_clip_val': 0.9670536554199033, 'hidden_size': 136, 'dropout': 0.1624960426377641, 'hidden_continuous_size': 20, 'attention_head_size': 2, 'learning_rate': 0.05610167270904655}. Best is trial 81 with value: 37.0884895324707.
LOCAL_RANK: 0 - CUDA_VISIBLE_DEVICES: [0]
[I 2023-11-30 07:26:51,990] Trial 118 finished with value: 50.51202392578125 and parameters: {'gradient_clip_val': 0.9072061186843087, 'hidden_size': 95, 'dropout': 0.13223868898879015, 'hidden_continuous_size': 29, 'attention_head_size': 2, 'learning_rate': 0.032303685856524114}. Best is trial 81 with value: 37.0884895324707.
LOCAL_RANK: 0 - CUDA_VISIBLE_DEVICES: [0]
[I 2023-11-30 07:27:06,028] Trial 119 finished with value: 51.74546432495117 and parameters: {'gradient_clip_val': 0.8572470811043463, 'hidden_size': 115, 'dropout': 0.19358580852298915, 'hidden_continuous_size': 31, 'attention_head_size': 2, 'learning_rate': 0.045915218304820885}. Best is trial 81 with value: 37.0884895324707.
LOCAL_RANK: 0 - CUDA_VISIBLE_DEVICES: [0]
[I 2023-11-30 07:27:19,646] Trial 120 finished with value: 48.73942947387695 and parameters: {'gradient_clip_val': 0.6654240549303062, 'hidden_size': 108, 'dropout': 0.15666725278516905, 'hidden_continuous_size': 25, 'attention_head_size': 2, 'learning_rate': 0.0350316831816504}. Best is trial 81 with value: 37.0884895324707.
LOCAL_RANK: 0 - CUDA_VISIBLE_DEVICES: [0]
[I 2023-11-30 07:27:33,104] Trial 121 finished with value: 44.32905578613281 and parameters: {'gradient_clip_val': 0.824005603358162, 'hidden_size': 86, 'dropout': 0.20881702593698698, 'hidden_continuous_size': 28, 'attention_head_size': 2, 'learning_rate': 0.04001177208089432}. Best is trial 81 with value: 37.0884895324707.
LOCAL_RANK: 0 - CUDA_VISIBLE_DEVICES: [0]
[I 2023-11-30 07:27:46,993] Trial 122 finished with value: 46.68562698364258 and parameters: {'gradient_clip_val': 0.9989783754428863, 'hidden_size': 99, 'dropout': 0.22285480461645057, 'hidden_continuous_size': 33, 'attention_head_size': 2, 'learning_rate': 0.04358931800937171}. Best is trial 81 with value: 37.0884895324707.
LOCAL_RANK: 0 - CUDA_VISIBLE_DEVICES: [0]
[I 2023-11-30 07:28:00,669] Trial 123 finished with value: 60.25361633300781 and parameters: {'gradient_clip_val': 0.7781328631198158, 'hidden_size': 88, 'dropout': 0.16950072089288534, 'hidden_continuous_size': 35, 'attention_head_size': 2, 'learning_rate': 0.04780731083314752}. Best is trial 81 with value: 37.0884895324707.
LOCAL_RANK: 0 - CUDA_VISIBLE_DEVICES: [0]
[I 2023-11-30 07:28:14,648] Trial 124 finished with value: 40.57241439819336 and parameters: {'gradient_clip_val': 0.8653269562222508, 'hidden_size': 93, 'dropout': 0.17844872454641497, 'hidden_continuous_size': 37, 'attention_head_size': 2, 'learning_rate': 0.06032493349641963}. Best is trial 81 with value: 37.0884895324707.
LOCAL_RANK: 0 - CUDA_VISIBLE_DEVICES: [0]
[I 2023-11-30 07:28:28,361] Trial 125 finished with value: 49.4822883605957 and parameters: {'gradient_clip_val': 0.8650357953470224, 'hidden_size': 92, 'dropout': 0.17672808218094072, 'hidden_continuous_size': 37, 'attention_head_size': 2, 'learning_rate': 0.06782339073482523}. Best is trial 81 with value: 37.0884895324707.
LOCAL_RANK: 0 - CUDA_VISIBLE_DEVICES: [0]
[I 2023-11-30 07:28:42,321] Trial 126 finished with value: 58.33437728881836 and parameters: {'gradient_clip_val': 0.7326946267161241, 'hidden_size': 122, 'dropout': 0.19145184937600238, 'hidden_continuous_size': 41, 'attention_head_size': 2, 'learning_rate': 0.059099313464520645}. Best is trial 81 with value: 37.0884895324707.
LOCAL_RANK: 0 - CUDA_VISIBLE_DEVICES: [0]
[I 2023-11-30 07:28:56,251] Trial 127 finished with value: 49.33389663696289 and parameters: {'gradient_clip_val': 0.7992553562855139, 'hidden_size': 103, 'dropout': 0.19719846689329176, 'hidden_continuous_size': 54, 'attention_head_size': 2, 'learning_rate': 0.08099946036940812}. Best is trial 81 with value: 37.0884895324707.
LOCAL_RANK: 0 - CUDA_VISIBLE_DEVICES: [0]
[I 2023-11-30 07:29:10,051] Trial 128 finished with value: 40.084110260009766 and parameters: {'gradient_clip_val': 0.9362760885188919, 'hidden_size': 128, 'dropout': 0.18190697544436518, 'hidden_continuous_size': 27, 'attention_head_size': 2, 'learning_rate': 0.05200580481749652}. Best is trial 81 with value: 37.0884895324707.
LOCAL_RANK: 0 - CUDA_VISIBLE_DEVICES: [0]
[I 2023-11-30 07:29:24,296] Trial 129 finished with value: 45.23597717285156 and parameters: {'gradient_clip_val': 0.9094189113597516, 'hidden_size': 131, 'dropout': 0.18326945519782312, 'hidden_continuous_size': 39, 'attention_head_size': 2, 'learning_rate': 0.07525456686315928}. Best is trial 81 with value: 37.0884895324707.
LOCAL_RANK: 0 - CUDA_VISIBLE_DEVICES: [0]
[I 2023-11-30 07:29:38,285] Trial 130 finished with value: 62.57244873046875 and parameters: {'gradient_clip_val': 0.9390584259522956, 'hidden_size': 140, 'dropout': 0.16092184864050282, 'hidden_continuous_size': 32, 'attention_head_size': 2, 'learning_rate': 0.06322963530376227}. Best is trial 81 with value: 37.0884895324707.
LOCAL_RANK: 0 - CUDA_VISIBLE_DEVICES: [0]
[I 2023-11-30 07:29:52,041] Trial 131 finished with value: 58.967838287353516 and parameters: {'gradient_clip_val': 0.8339060385769652, 'hidden_size': 116, 'dropout': 0.17546271242993808, 'hidden_continuous_size': 26, 'attention_head_size': 2, 'learning_rate': 0.04925171176166425}. Best is trial 81 with value: 37.0884895324707.
LOCAL_RANK: 0 - CUDA_VISIBLE_DEVICES: [0]
[I 2023-11-30 07:30:05,896] Trial 132 finished with value: 49.47789001464844 and parameters: {'gradient_clip_val': 0.8797761738504943, 'hidden_size': 111, 'dropout': 0.20289386868326204, 'hidden_continuous_size': 30, 'attention_head_size': 2, 'learning_rate': 0.05338476509474329}. Best is trial 81 with value: 37.0884895324707.
LOCAL_RANK: 0 - CUDA_VISIBLE_DEVICES: [0]
[I 2023-11-30 07:30:19,513] Trial 133 finished with value: 37.205623626708984 and parameters: {'gradient_clip_val': 0.7888215605659059, 'hidden_size': 95, 'dropout': 0.1674694700524656, 'hidden_continuous_size': 23, 'attention_head_size': 2, 'learning_rate': 0.058153577577572085}. Best is trial 81 with value: 37.0884895324707.
LOCAL_RANK: 0 - CUDA_VISIBLE_DEVICES: [0]
[I 2023-11-30 07:30:33,208] Trial 134 finished with value: 54.56002426147461 and parameters: {'gradient_clip_val': 0.7824560886309084, 'hidden_size': 95, 'dropout': 0.15376396575564746, 'hidden_continuous_size': 26, 'attention_head_size': 2, 'learning_rate': 0.06835488818929235}. Best is trial 81 with value: 37.0884895324707.
LOCAL_RANK: 0 - CUDA_VISIBLE_DEVICES: [0]
[I 2023-11-30 07:30:47,053] Trial 135 finished with value: 58.42509841918945 and parameters: {'gradient_clip_val': 0.7370334292740307, 'hidden_size': 123, 'dropout': 0.1680687770933163, 'hidden_continuous_size': 23, 'attention_head_size': 2, 'learning_rate': 0.05828237169118374}. Best is trial 81 with value: 37.0884895324707.
LOCAL_RANK: 0 - CUDA_VISIBLE_DEVICES: [0]
[I 2023-11-30 07:31:00,757] Trial 136 finished with value: 47.0919189453125 and parameters: {'gradient_clip_val': 0.8514115148093476, 'hidden_size': 105, 'dropout': 0.14261881951091604, 'hidden_continuous_size': 22, 'attention_head_size': 2, 'learning_rate': 0.042696183358341765}. Best is trial 81 with value: 37.0884895324707.
LOCAL_RANK: 0 - CUDA_VISIBLE_DEVICES: [0]
[I 2023-11-30 07:31:14,264] Trial 137 finished with value: 54.153533935546875 and parameters: {'gradient_clip_val': 0.9277047026805515, 'hidden_size': 83, 'dropout': 0.1656291221953245, 'hidden_continuous_size': 27, 'attention_head_size': 2, 'learning_rate': 0.053612775635176725}. Best is trial 81 with value: 37.0884895324707.
LOCAL_RANK: 0 - CUDA_VISIBLE_DEVICES: [0]
[I 2023-11-30 07:31:28,562] Trial 138 finished with value: 41.802162170410156 and parameters: {'gradient_clip_val': 0.803620188295608, 'hidden_size': 150, 'dropout': 0.15044748402038077, 'hidden_continuous_size': 44, 'attention_head_size': 2, 'learning_rate': 0.06410979814452358}. Best is trial 81 with value: 37.0884895324707.
LOCAL_RANK: 0 - CUDA_VISIBLE_DEVICES: [0]
[I 2023-11-30 07:31:43,000] Trial 139 finished with value: 56.67689895629883 and parameters: {'gradient_clip_val': 0.8039863871934895, 'hidden_size': 149, 'dropout': 0.13799558224768504, 'hidden_continuous_size': 19, 'attention_head_size': 2, 'learning_rate': 0.08827089186249691}. Best is trial 81 with value: 37.0884895324707.
LOCAL_RANK: 0 - CUDA_VISIBLE_DEVICES: [0]
[I 2023-11-30 07:31:56,995] Trial 140 finished with value: 57.12971115112305 and parameters: {'gradient_clip_val': 0.6986876443947684, 'hidden_size': 132, 'dropout': 0.15099476702263762, 'hidden_continuous_size': 45, 'attention_head_size': 2, 'learning_rate': 0.0715105499000993}. Best is trial 81 with value: 37.0884895324707.
LOCAL_RANK: 0 - CUDA_VISIBLE_DEVICES: [0]
[I 2023-11-30 07:32:11,239] Trial 141 finished with value: 44.66086196899414 and parameters: {'gradient_clip_val': 0.7665226483408324, 'hidden_size': 138, 'dropout': 0.1721319277004325, 'hidden_continuous_size': 48, 'attention_head_size': 2, 'learning_rate': 0.06181573641099012}. Best is trial 81 with value: 37.0884895324707.
LOCAL_RANK: 0 - CUDA_VISIBLE_DEVICES: [0]
[I 2023-11-30 07:32:25,348] Trial 142 finished with value: 57.92204666137695 and parameters: {'gradient_clip_val': 0.8292320432820574, 'hidden_size': 127, 'dropout': 0.16012548137733434, 'hidden_continuous_size': 36, 'attention_head_size': 2, 'learning_rate': 0.0584823296508402}. Best is trial 81 with value: 37.0884895324707.
LOCAL_RANK: 0 - CUDA_VISIBLE_DEVICES: [0]
[I 2023-11-30 07:32:39,361] Trial 143 finished with value: 58.1878662109375 and parameters: {'gradient_clip_val': 0.9634008175113545, 'hidden_size': 118, 'dropout': 0.17972825902315923, 'hidden_continuous_size': 44, 'attention_head_size': 2, 'learning_rate': 0.06476599191393603}. Best is trial 81 with value: 37.0884895324707.
LOCAL_RANK: 0 - CUDA_VISIBLE_DEVICES: [0]
[I 2023-11-30 07:32:53,819] Trial 144 finished with value: 60.35390090942383 and parameters: {'gradient_clip_val': 0.8880124757354975, 'hidden_size': 142, 'dropout': 0.14807616422140446, 'hidden_continuous_size': 41, 'attention_head_size': 2, 'learning_rate': 0.05036951580746413}. Best is trial 81 with value: 37.0884895324707.
LOCAL_RANK: 0 - CUDA_VISIBLE_DEVICES: [0]
[I 2023-11-30 07:33:07,588] Trial 145 finished with value: 58.97281265258789 and parameters: {'gradient_clip_val': 0.7430740646358329, 'hidden_size': 99, 'dropout': 0.15671594719087953, 'hidden_continuous_size': 24, 'attention_head_size': 2, 'learning_rate': 0.01714351671531833}. Best is trial 81 with value: 37.0884895324707.
LOCAL_RANK: 0 - CUDA_VISIBLE_DEVICES: [0]
[I 2023-11-30 07:33:21,738] Trial 146 finished with value: 53.24885177612305 and parameters: {'gradient_clip_val': 0.8014270649230935, 'hidden_size': 150, 'dropout': 0.18688674141441214, 'hidden_continuous_size': 34, 'attention_head_size': 2, 'learning_rate': 0.07727833957904284}. Best is trial 81 with value: 37.0884895324707.
LOCAL_RANK: 0 - CUDA_VISIBLE_DEVICES: [0]
[I 2023-11-30 07:33:35,790] Trial 147 finished with value: 45.76773452758789 and parameters: {'gradient_clip_val': 0.8521829527397191, 'hidden_size': 110, 'dropout': 0.1734305211118876, 'hidden_continuous_size': 49, 'attention_head_size': 2, 'learning_rate': 0.055460688712738335}. Best is trial 81 with value: 37.0884895324707.
LOCAL_RANK: 0 - CUDA_VISIBLE_DEVICES: [0]
[I 2023-11-30 07:33:49,877] Trial 148 finished with value: 50.8661003112793 and parameters: {'gradient_clip_val': 0.9221176050248124, 'hidden_size': 129, 'dropout': 0.16544062217582542, 'hidden_continuous_size': 38, 'attention_head_size': 2, 'learning_rate': 0.07055154117216866}. Best is trial 81 with value: 37.0884895324707.
LOCAL_RANK: 0 - CUDA_VISIBLE_DEVICES: [0]
[I 2023-11-30 07:34:03,767] Trial 149 finished with value: 52.33542251586914 and parameters: {'gradient_clip_val': 0.9998973861427504, 'hidden_size': 91, 'dropout': 0.1447385882138016, 'hidden_continuous_size': 28, 'attention_head_size': 2, 'learning_rate': 0.04457383114799874}. Best is trial 81 with value: 37.0884895324707.
[I 2023-11-30 07:34:03,878] A new study created in memory with name: no-name-7794c055-4724-4bb8-b8fa-df6ed70c9c58
/home/le004/conda/anaconda3/envs/tsff_env/lib/python3.9/site-packages/lightning/fabric/plugins/environments/slurm.py:191: The `srun` command is available on your system but is not used. HINT: If your intention is to run Lightning on SLURM, prepend your python command with `srun` like so: srun python /home/le004/master_thesis/git/TSFusionForecast/code/ ...
LOCAL_RANK: 0 - CUDA_VISIBLE_DEVICES: [0]
[I 2023-11-30 07:34:15,677] Trial 0 finished with value: 66.1982192993164 and parameters: {'gradient_clip_val': 0.12671031540229166, 'hidden_size': 16, 'dropout': 0.2756269728681219, 'hidden_continuous_size': 10, 'attention_head_size': 1, 'learning_rate': 0.0017491166062922339}. Best is trial 0 with value: 66.1982192993164.
LOCAL_RANK: 0 - CUDA_VISIBLE_DEVICES: [0]
[I 2023-11-30 07:34:29,711] Trial 1 finished with value: 32.33198165893555 and parameters: {'gradient_clip_val': 0.5544825133716005, 'hidden_size': 136, 'dropout': 0.3989281513720302, 'hidden_continuous_size': 37, 'attention_head_size': 3, 'learning_rate': 0.008450088105559285}. Best is trial 1 with value: 32.33198165893555.
LOCAL_RANK: 0 - CUDA_VISIBLE_DEVICES: [0]
[I 2023-11-30 07:34:41,754] Trial 2 finished with value: 35.873104095458984 and parameters: {'gradient_clip_val': 0.11966441374914522, 'hidden_size': 15, 'dropout': 0.3990206564183634, 'hidden_continuous_size': 11, 'attention_head_size': 2, 'learning_rate': 0.07735285506155445}. Best is trial 1 with value: 32.33198165893555.
LOCAL_RANK: 0 - CUDA_VISIBLE_DEVICES: [0]
[I 2023-11-30 07:34:55,745] Trial 3 finished with value: 39.089263916015625 and parameters: {'gradient_clip_val': 0.8409407606068415, 'hidden_size': 123, 'dropout': 0.22598937443145262, 'hidden_continuous_size': 27, 'attention_head_size': 4, 'learning_rate': 0.03430852163089786}. Best is trial 1 with value: 32.33198165893555.
LOCAL_RANK: 0 - CUDA_VISIBLE_DEVICES: [0]
[I 2023-11-30 07:35:09,941] Trial 4 finished with value: 30.46259117126465 and parameters: {'gradient_clip_val': 0.6087964003680945, 'hidden_size': 115, 'dropout': 0.36787780754923716, 'hidden_continuous_size': 55, 'attention_head_size': 2, 'learning_rate': 0.0020536927166822155}. Best is trial 4 with value: 30.46259117126465.
LOCAL_RANK: 0 - CUDA_VISIBLE_DEVICES: [0]
