[I 2023-11-30 04:48:57,533] Trial 146 finished with value: 193.5836944580078 and parameters: {'gradient_clip_val': 0.13280735948969105, 'hidden_size': 22, 'dropout': 0.3511886288954545, 'hidden_continuous_size': 21, 'attention_head_size': 1, 'learning_rate': 0.05492593063261962}. Best is trial 135 with value: 157.85781860351562.
LOCAL_RANK: 0 - CUDA_VISIBLE_DEVICES: [0]
[I 2023-11-30 04:49:09,638] Trial 147 finished with value: 227.358154296875 and parameters: {'gradient_clip_val': 0.13873764386291768, 'hidden_size': 22, 'dropout': 0.3503013861604248, 'hidden_continuous_size': 21, 'attention_head_size': 1, 'learning_rate': 0.05353488028938405}. Best is trial 135 with value: 157.85781860351562.
LOCAL_RANK: 0 - CUDA_VISIBLE_DEVICES: [0]
[I 2023-11-30 04:49:21,817] Trial 148 finished with value: 207.8457489013672 and parameters: {'gradient_clip_val': 0.2873576590811546, 'hidden_size': 18, 'dropout': 0.33184866809406127, 'hidden_continuous_size': 17, 'attention_head_size': 1, 'learning_rate': 0.08819280381595691}. Best is trial 135 with value: 157.85781860351562.
LOCAL_RANK: 0 - CUDA_VISIBLE_DEVICES: [0]
[I 2023-11-30 04:49:34,013] Trial 149 finished with value: 224.2353973388672 and parameters: {'gradient_clip_val': 0.1318167111634536, 'hidden_size': 25, 'dropout': 0.3723106178426467, 'hidden_continuous_size': 23, 'attention_head_size': 1, 'learning_rate': 0.06836944673544913}. Best is trial 135 with value: 157.85781860351562.
[I 2023-11-30 04:49:34,141] A new study created in memory with name: no-name-fb4f6167-8ddd-4c8a-80ce-a17c26f925e4
/home/le004/conda/anaconda3/envs/tsff_env/lib/python3.9/site-packages/lightning/fabric/plugins/environments/slurm.py:191: The `srun` command is available on your system but is not used. HINT: If your intention is to run Lightning on SLURM, prepend your python command with `srun` like so: srun python /home/le004/master_thesis/git/TSFusionForecast/code/ ...
LOCAL_RANK: 0 - CUDA_VISIBLE_DEVICES: [0]
[I 2023-11-30 04:49:44,658] Trial 0 finished with value: 2884.989990234375 and parameters: {'gradient_clip_val': 0.21045769424322075, 'hidden_size': 10, 'dropout': 0.39293459516068574, 'hidden_continuous_size': 10, 'attention_head_size': 2, 'learning_rate': 0.0023553400205818197}. Best is trial 0 with value: 2884.989990234375.
LOCAL_RANK: 0 - CUDA_VISIBLE_DEVICES: [0]
[I 2023-11-30 04:49:56,990] Trial 1 finished with value: 2169.654541015625 and parameters: {'gradient_clip_val': 0.16779938417891874, 'hidden_size': 13, 'dropout': 0.2633561919133752, 'hidden_continuous_size': 10, 'attention_head_size': 4, 'learning_rate': 0.006674262731684924}. Best is trial 1 with value: 2169.654541015625.
LOCAL_RANK: 0 - CUDA_VISIBLE_DEVICES: [0]
[I 2023-11-30 04:50:09,249] Trial 2 finished with value: 777.1803588867188 and parameters: {'gradient_clip_val': 0.28255503257620074, 'hidden_size': 21, 'dropout': 0.20782118192757867, 'hidden_continuous_size': 14, 'attention_head_size': 2, 'learning_rate': 0.03018216684371983}. Best is trial 2 with value: 777.1803588867188.
LOCAL_RANK: 0 - CUDA_VISIBLE_DEVICES: [0]
[I 2023-11-30 04:50:19,271] Trial 3 finished with value: 1099.6143798828125 and parameters: {'gradient_clip_val': 0.10752920830958317, 'hidden_size': 10, 'dropout': 0.3703855192029315, 'hidden_continuous_size': 10, 'attention_head_size': 2, 'learning_rate': 0.023986076040248456}. Best is trial 2 with value: 777.1803588867188.
LOCAL_RANK: 0 - CUDA_VISIBLE_DEVICES: [0]
[I 2023-11-30 04:50:31,141] Trial 4 finished with value: 2437.858154296875 and parameters: {'gradient_clip_val': 0.1497786644605984, 'hidden_size': 13, 'dropout': 0.2190138850680416, 'hidden_continuous_size': 11, 'attention_head_size': 1, 'learning_rate': 0.0024599140338050717}. Best is trial 2 with value: 777.1803588867188.
LOCAL_RANK: 0 - CUDA_VISIBLE_DEVICES: [0]
[I 2023-11-30 04:50:45,320] Trial 5 finished with value: 1052.3255615234375 and parameters: {'gradient_clip_val': 0.7432649259488493, 'hidden_size': 89, 'dropout': 0.2544131867219611, 'hidden_continuous_size': 45, 'attention_head_size': 3, 'learning_rate': 0.0011443337401826218}. Best is trial 2 with value: 777.1803588867188.
LOCAL_RANK: 0 - CUDA_VISIBLE_DEVICES: [0]
[I 2023-11-30 04:50:57,205] Trial 6 finished with value: 762.9898071289062 and parameters: {'gradient_clip_val': 0.286776765425229, 'hidden_size': 16, 'dropout': 0.26632233719591886, 'hidden_continuous_size': 11, 'attention_head_size': 2, 'learning_rate': 0.05579407835685832}. Best is trial 6 with value: 762.9898071289062.
LOCAL_RANK: 0 - CUDA_VISIBLE_DEVICES: [0]
[I 2023-11-30 04:51:10,545] Trial 7 finished with value: 658.5298461914062 and parameters: {'gradient_clip_val': 0.3842237470190047, 'hidden_size': 89, 'dropout': 0.33692847859768627, 'hidden_continuous_size': 10, 'attention_head_size': 4, 'learning_rate': 0.010343791436594427}. Best is trial 7 with value: 658.5298461914062.
LOCAL_RANK: 0 - CUDA_VISIBLE_DEVICES: [0]
[I 2023-11-30 04:51:22,890] Trial 8 finished with value: 2244.802490234375 and parameters: {'gradient_clip_val': 0.5670771695069796, 'hidden_size': 26, 'dropout': 0.3096394118412509, 'hidden_continuous_size': 10, 'attention_head_size': 4, 'learning_rate': 0.0015391328656908579}. Best is trial 7 with value: 658.5298461914062.
LOCAL_RANK: 0 - CUDA_VISIBLE_DEVICES: [0]
[I 2023-11-30 04:51:35,722] Trial 9 finished with value: 753.62353515625 and parameters: {'gradient_clip_val': 0.12910874828356186, 'hidden_size': 47, 'dropout': 0.1408848454248981, 'hidden_continuous_size': 18, 'attention_head_size': 2, 'learning_rate': 0.017955650328112225}. Best is trial 7 with value: 658.5298461914062.
LOCAL_RANK: 0 - CUDA_VISIBLE_DEVICES: [0]
[I 2023-11-30 04:51:50,651] Trial 10 finished with value: 555.3490600585938 and parameters: {'gradient_clip_val': 0.4379931789280568, 'hidden_size': 141, 'dropout': 0.36482525751550676, 'hidden_continuous_size': 89, 'attention_head_size': 4, 'learning_rate': 0.09009734009686225}. Best is trial 10 with value: 555.3490600585938.
LOCAL_RANK: 0 - CUDA_VISIBLE_DEVICES: [0]
[I 2023-11-30 04:52:05,289] Trial 11 finished with value: 848.3060913085938 and parameters: {'gradient_clip_val': 0.46495640161917307, 'hidden_size': 131, 'dropout': 0.34027635900143927, 'hidden_continuous_size': 101, 'attention_head_size': 4, 'learning_rate': 0.09862822944043213}. Best is trial 10 with value: 555.3490600585938.
LOCAL_RANK: 0 - CUDA_VISIBLE_DEVICES: [0]
[I 2023-11-30 04:52:19,467] Trial 12 finished with value: 821.287109375 and parameters: {'gradient_clip_val': 0.4167159850131774, 'hidden_size': 143, 'dropout': 0.3287671975378358, 'hidden_continuous_size': 22, 'attention_head_size': 3, 'learning_rate': 0.006396027188768923}. Best is trial 10 with value: 555.3490600585938.
LOCAL_RANK: 0 - CUDA_VISIBLE_DEVICES: [0]
[I 2023-11-30 04:52:32,971] Trial 13 finished with value: 723.4357299804688 and parameters: {'gradient_clip_val': 0.9030165793977483, 'hidden_size': 76, 'dropout': 0.3925356700049132, 'hidden_continuous_size': 31, 'attention_head_size': 4, 'learning_rate': 0.0874223991596382}. Best is trial 10 with value: 555.3490600585938.
LOCAL_RANK: 0 - CUDA_VISIBLE_DEVICES: [0]
[I 2023-11-30 04:52:46,833] Trial 14 finished with value: 746.5048828125 and parameters: {'gradient_clip_val': 0.37690654583209077, 'hidden_size': 86, 'dropout': 0.34647261267377893, 'hidden_continuous_size': 48, 'attention_head_size': 3, 'learning_rate': 0.012392380531801977}. Best is trial 10 with value: 555.3490600585938.
LOCAL_RANK: 0 - CUDA_VISIBLE_DEVICES: [0]
[I 2023-11-30 04:53:01,670] Trial 15 finished with value: 763.3359375 and parameters: {'gradient_clip_val': 0.5978295832943918, 'hidden_size': 150, 'dropout': 0.2955809639878598, 'hidden_continuous_size': 115, 'attention_head_size': 4, 'learning_rate': 0.03913140158856002}. Best is trial 10 with value: 555.3490600585938.
LOCAL_RANK: 0 - CUDA_VISIBLE_DEVICES: [0]
[I 2023-11-30 04:53:14,816] Trial 16 finished with value: 823.3549194335938 and parameters: {'gradient_clip_val': 0.3096553693123009, 'hidden_size': 54, 'dropout': 0.35999780203651904, 'hidden_continuous_size': 15, 'attention_head_size': 3, 'learning_rate': 0.04904092014867969}. Best is trial 10 with value: 555.3490600585938.
LOCAL_RANK: 0 - CUDA_VISIBLE_DEVICES: [0]
[I 2023-11-30 04:53:28,938] Trial 17 finished with value: 782.7978515625 and parameters: {'gradient_clip_val': 0.22866747257220987, 'hidden_size': 109, 'dropout': 0.3064221458002018, 'hidden_continuous_size': 82, 'attention_head_size': 1, 'learning_rate': 0.016836758008373694}. Best is trial 10 with value: 555.3490600585938.
LOCAL_RANK: 0 - CUDA_VISIBLE_DEVICES: [0]
[I 2023-11-30 04:53:42,414] Trial 18 finished with value: 883.29833984375 and parameters: {'gradient_clip_val': 0.3735726653984085, 'hidden_size': 62, 'dropout': 0.39688191604004935, 'hidden_continuous_size': 25, 'attention_head_size': 4, 'learning_rate': 0.05691361298616163}. Best is trial 10 with value: 555.3490600585938.
LOCAL_RANK: 0 - CUDA_VISIBLE_DEVICES: [0]
[I 2023-11-30 04:53:56,516] Trial 19 finished with value: 718.27099609375 and parameters: {'gradient_clip_val': 0.4977730069710898, 'hidden_size': 105, 'dropout': 0.37041025885384127, 'hidden_continuous_size': 64, 'attention_head_size': 3, 'learning_rate': 0.009260489976581278}. Best is trial 10 with value: 555.3490600585938.
LOCAL_RANK: 0 - CUDA_VISIBLE_DEVICES: [0]
[I 2023-11-30 04:54:09,092] Trial 20 finished with value: 645.8564453125 and parameters: {'gradient_clip_val': 0.6140042155962322, 'hidden_size': 40, 'dropout': 0.3229474490600253, 'hidden_continuous_size': 13, 'attention_head_size': 4, 'learning_rate': 0.02414643299448698}. Best is trial 10 with value: 555.3490600585938.
LOCAL_RANK: 0 - CUDA_VISIBLE_DEVICES: [0]
[I 2023-11-30 04:54:21,941] Trial 21 finished with value: 759.6637573242188 and parameters: {'gradient_clip_val': 0.5707191297562809, 'hidden_size': 34, 'dropout': 0.32928087850292165, 'hidden_continuous_size': 13, 'attention_head_size': 4, 'learning_rate': 0.02502258966031879}. Best is trial 10 with value: 555.3490600585938.
LOCAL_RANK: 0 - CUDA_VISIBLE_DEVICES: [0]
[I 2023-11-30 04:54:35,516] Trial 22 finished with value: 802.0866088867188 and parameters: {'gradient_clip_val': 0.7429248136783704, 'hidden_size': 73, 'dropout': 0.3595266520949485, 'hidden_continuous_size': 19, 'attention_head_size': 4, 'learning_rate': 0.03461695207837259}. Best is trial 10 with value: 555.3490600585938.
LOCAL_RANK: 0 - CUDA_VISIBLE_DEVICES: [0]
[I 2023-11-30 04:54:48,349] Trial 23 finished with value: 728.9572143554688 and parameters: {'gradient_clip_val': 0.3660436108320718, 'hidden_size': 41, 'dropout': 0.29038488867670326, 'hidden_continuous_size': 12, 'attention_head_size': 3, 'learning_rate': 0.06885833646431311}. Best is trial 10 with value: 555.3490600585938.
LOCAL_RANK: 0 - CUDA_VISIBLE_DEVICES: [0]
[I 2023-11-30 04:55:01,553] Trial 24 finished with value: 934.2369995117188 and parameters: {'gradient_clip_val': 0.4746861806574763, 'hidden_size': 63, 'dropout': 0.32624503235675156, 'hidden_continuous_size': 15, 'attention_head_size': 4, 'learning_rate': 0.0445240139485522}. Best is trial 10 with value: 555.3490600585938.
LOCAL_RANK: 0 - CUDA_VISIBLE_DEVICES: [0]
[I 2023-11-30 04:55:15,522] Trial 25 finished with value: 776.9580688476562 and parameters: {'gradient_clip_val': 0.3447200290143813, 'hidden_size': 112, 'dropout': 0.3480983416629363, 'hidden_continuous_size': 29, 'attention_head_size': 4, 'learning_rate': 0.0904369746146942}. Best is trial 10 with value: 555.3490600585938.
LOCAL_RANK: 0 - CUDA_VISIBLE_DEVICES: [0]
[I 2023-11-30 04:55:28,444] Trial 26 finished with value: 702.9951782226562 and parameters: {'gradient_clip_val': 0.41639688124798696, 'hidden_size': 35, 'dropout': 0.313584582600221, 'hidden_continuous_size': 12, 'attention_head_size': 3, 'learning_rate': 0.02008522859532553}. Best is trial 10 with value: 555.3490600585938.
LOCAL_RANK: 0 - CUDA_VISIBLE_DEVICES: [0]
[I 2023-11-30 04:55:42,103] Trial 27 finished with value: 694.6303100585938 and parameters: {'gradient_clip_val': 0.6656145528234607, 'hidden_size': 94, 'dropout': 0.2802884225577828, 'hidden_continuous_size': 16, 'attention_head_size': 4, 'learning_rate': 0.035368264345605624}. Best is trial 10 with value: 555.3490600585938.
LOCAL_RANK: 0 - CUDA_VISIBLE_DEVICES: [0]
[I 2023-11-30 04:55:55,999] Trial 28 finished with value: 583.1128540039062 and parameters: {'gradient_clip_val': 0.9532084805254414, 'hidden_size': 117, 'dropout': 0.3280684396221074, 'hidden_continuous_size': 22, 'attention_head_size': 3, 'learning_rate': 0.012914812912291832}. Best is trial 10 with value: 555.3490600585938.
LOCAL_RANK: 0 - CUDA_VISIBLE_DEVICES: [0]
[I 2023-11-30 04:56:10,073] Trial 29 finished with value: 879.6384887695312 and parameters: {'gradient_clip_val': 0.9938465155705087, 'hidden_size': 113, 'dropout': 0.38355735806085833, 'hidden_continuous_size': 40, 'attention_head_size': 3, 'learning_rate': 0.06881507803742684}. Best is trial 10 with value: 555.3490600585938.
LOCAL_RANK: 0 - CUDA_VISIBLE_DEVICES: [0]
[I 2023-11-30 04:56:24,151] Trial 30 finished with value: 770.8115844726562 and parameters: {'gradient_clip_val': 0.8347188566704027, 'hidden_size': 131, 'dropout': 0.3772339564770911, 'hidden_continuous_size': 21, 'attention_head_size': 3, 'learning_rate': 0.028175365682599842}. Best is trial 10 with value: 555.3490600585938.
LOCAL_RANK: 0 - CUDA_VISIBLE_DEVICES: [0]
[I 2023-11-30 04:56:38,384] Trial 31 finished with value: 695.1505737304688 and parameters: {'gradient_clip_val': 0.6407121256912947, 'hidden_size': 125, 'dropout': 0.34717120753646935, 'hidden_continuous_size': 17, 'attention_head_size': 4, 'learning_rate': 0.013589062244110384}. Best is trial 10 with value: 555.3490600585938.
LOCAL_RANK: 0 - CUDA_VISIBLE_DEVICES: [0]
[I 2023-11-30 04:56:51,979] Trial 32 finished with value: 818.37353515625 and parameters: {'gradient_clip_val': 0.5249231587879658, 'hidden_size': 90, 'dropout': 0.3207780006729138, 'hidden_continuous_size': 14, 'attention_head_size': 4, 'learning_rate': 0.008859275620495972}. Best is trial 10 with value: 555.3490600585938.
LOCAL_RANK: 0 - CUDA_VISIBLE_DEVICES: [0]
[I 2023-11-30 04:57:07,064] Trial 33 finished with value: 685.18603515625 and parameters: {'gradient_clip_val': 0.7040779049647322, 'hidden_size': 150, 'dropout': 0.35560649728225235, 'hidden_continuous_size': 145, 'attention_head_size': 4, 'learning_rate': 0.006605576545951441}. Best is trial 10 with value: 555.3490600585938.
LOCAL_RANK: 0 - CUDA_VISIBLE_DEVICES: [0]
[I 2023-11-30 04:57:20,438] Trial 34 finished with value: 645.9923706054688 and parameters: {'gradient_clip_val': 0.8322249723714087, 'hidden_size': 75, 'dropout': 0.3755886310810868, 'hidden_continuous_size': 13, 'attention_head_size': 4, 'learning_rate': 0.02581705644028578}. Best is trial 10 with value: 555.3490600585938.
LOCAL_RANK: 0 - CUDA_VISIBLE_DEVICES: [0]
[I 2023-11-30 04:57:33,937] Trial 35 finished with value: 874.4148559570312 and parameters: {'gradient_clip_val': 0.8123177199079954, 'hidden_size': 76, 'dropout': 0.3961242227598012, 'hidden_continuous_size': 19, 'attention_head_size': 3, 'learning_rate': 0.028527587030213943}. Best is trial 10 with value: 555.3490600585938.
LOCAL_RANK: 0 - CUDA_VISIBLE_DEVICES: [0]
[I 2023-11-30 04:57:48,061] Trial 36 finished with value: 837.2097778320312 and parameters: {'gradient_clip_val': 0.9196987595379189, 'hidden_size': 122, 'dropout': 0.3736752532095839, 'hidden_continuous_size': 25, 'attention_head_size': 2, 'learning_rate': 0.02146189324575791}. Best is trial 10 with value: 555.3490600585938.
LOCAL_RANK: 0 - CUDA_VISIBLE_DEVICES: [0]
[I 2023-11-30 04:58:02,169] Trial 37 finished with value: 722.7706909179688 and parameters: {'gradient_clip_val': 0.8018550488161622, 'hidden_size': 107, 'dropout': 0.3661090069646058, 'hidden_continuous_size': 36, 'attention_head_size': 4, 'learning_rate': 0.0327468697688367}. Best is trial 10 with value: 555.3490600585938.
LOCAL_RANK: 0 - CUDA_VISIBLE_DEVICES: [0]
[I 2023-11-30 04:58:15,136] Trial 38 finished with value: 692.38623046875 and parameters: {'gradient_clip_val': 0.6377178987672598, 'hidden_size': 61, 'dropout': 0.38168899771199855, 'hidden_continuous_size': 17, 'attention_head_size': 1, 'learning_rate': 0.02405481896040498}. Best is trial 10 with value: 555.3490600585938.
LOCAL_RANK: 0 - CUDA_VISIBLE_DEVICES: [0]
[I 2023-11-30 04:58:28,492] Trial 39 finished with value: 869.65478515625 and parameters: {'gradient_clip_val': 0.7121392496805417, 'hidden_size': 100, 'dropout': 0.3377261668725762, 'hidden_continuous_size': 13, 'attention_head_size': 3, 'learning_rate': 0.015008361444619913}. Best is trial 10 with value: 555.3490600585938.
LOCAL_RANK: 0 - CUDA_VISIBLE_DEVICES: [0]
[I 2023-11-30 04:58:41,011] Trial 40 finished with value: 649.8529663085938 and parameters: {'gradient_clip_val': 0.9926117707481604, 'hidden_size': 30, 'dropout': 0.30135241718351496, 'hidden_continuous_size': 11, 'attention_head_size': 2, 'learning_rate': 0.0439504318829782}. Best is trial 10 with value: 555.3490600585938.
LOCAL_RANK: 0 - CUDA_VISIBLE_DEVICES: [0]
[I 2023-11-30 04:58:53,242] Trial 41 finished with value: 727.0028686523438 and parameters: {'gradient_clip_val': 0.9860168945521892, 'hidden_size': 23, 'dropout': 0.29849642268364446, 'hidden_continuous_size': 14, 'attention_head_size': 2, 'learning_rate': 0.04263443942052501}. Best is trial 10 with value: 555.3490600585938.
LOCAL_RANK: 0 - CUDA_VISIBLE_DEVICES: [0]
[I 2023-11-30 04:59:05,683] Trial 42 finished with value: 859.415283203125 and parameters: {'gradient_clip_val': 0.8336916724158645, 'hidden_size': 29, 'dropout': 0.3130912106232214, 'hidden_continuous_size': 11, 'attention_head_size': 2, 'learning_rate': 0.020027521582226385}. Best is trial 10 with value: 555.3490600585938.
LOCAL_RANK: 0 - CUDA_VISIBLE_DEVICES: [0]
[I 2023-11-30 04:59:18,385] Trial 43 finished with value: 861.810791015625 and parameters: {'gradient_clip_val': 0.8806959755883131, 'hidden_size': 46, 'dropout': 0.27159588795760214, 'hidden_continuous_size': 11, 'attention_head_size': 2, 'learning_rate': 0.0528520996411637}. Best is trial 10 with value: 555.3490600585938.
LOCAL_RANK: 0 - CUDA_VISIBLE_DEVICES: [0]
[I 2023-11-30 04:59:30,423] Trial 44 finished with value: 653.9716796875 and parameters: {'gradient_clip_val': 0.756814431400337, 'hidden_size': 19, 'dropout': 0.33244425261736094, 'hidden_continuous_size': 15, 'attention_head_size': 1, 'learning_rate': 0.030363925711695907}. Best is trial 10 with value: 555.3490600585938.
LOCAL_RANK: 0 - CUDA_VISIBLE_DEVICES: [0]
[I 2023-11-30 04:59:42,828] Trial 45 finished with value: 806.07666015625 and parameters: {'gradient_clip_val': 0.9779674239287055, 'hidden_size': 27, 'dropout': 0.35738066603235324, 'hidden_continuous_size': 10, 'attention_head_size': 2, 'learning_rate': 0.06747692596386849}. Best is trial 10 with value: 555.3490600585938.
LOCAL_RANK: 0 - CUDA_VISIBLE_DEVICES: [0]
[I 2023-11-30 04:59:55,378] Trial 46 finished with value: 844.539794921875 and parameters: {'gradient_clip_val': 0.8864373668493714, 'hidden_size': 31, 'dropout': 0.31732526023872215, 'hidden_continuous_size': 12, 'attention_head_size': 4, 'learning_rate': 0.041645437286934504}. Best is trial 10 with value: 555.3490600585938.
LOCAL_RANK: 0 - CUDA_VISIBLE_DEVICES: [0]
[I 2023-11-30 05:00:08,302] Trial 47 finished with value: 686.7351684570312 and parameters: {'gradient_clip_val': 0.777769639842905, 'hidden_size': 39, 'dropout': 0.2542071908617424, 'hidden_continuous_size': 21, 'attention_head_size': 4, 'learning_rate': 0.01673120868669159}. Best is trial 10 with value: 555.3490600585938.
LOCAL_RANK: 0 - CUDA_VISIBLE_DEVICES: [0]
[I 2023-11-30 05:00:21,556] Trial 48 finished with value: 556.1192626953125 and parameters: {'gradient_clip_val': 0.6697319635257809, 'hidden_size': 81, 'dropout': 0.2394309425708825, 'hidden_continuous_size': 10, 'attention_head_size': 2, 'learning_rate': 0.02545547828877983}. Best is trial 10 with value: 555.3490600585938.
LOCAL_RANK: 0 - CUDA_VISIBLE_DEVICES: [0]
[I 2023-11-30 05:00:34,958] Trial 49 finished with value: 663.8866577148438 and parameters: {'gradient_clip_val': 0.6002464665475293, 'hidden_size': 82, 'dropout': 0.230007597456522, 'hidden_continuous_size': 10, 'attention_head_size': 3, 'learning_rate': 0.011601785332759912}. Best is trial 10 with value: 555.3490600585938.
LOCAL_RANK: 0 - CUDA_VISIBLE_DEVICES: [0]
[I 2023-11-30 05:00:49,191] Trial 50 finished with value: 803.04052734375 and parameters: {'gradient_clip_val': 0.6803309818211336, 'hidden_size': 98, 'dropout': 0.23559082331089293, 'hidden_continuous_size': 52, 'attention_head_size': 4, 'learning_rate': 0.026027083515054526}. Best is trial 10 with value: 555.3490600585938.
LOCAL_RANK: 0 - CUDA_VISIBLE_DEVICES: [0]
[I 2023-11-30 05:01:03,050] Trial 51 finished with value: 718.41796875 and parameters: {'gradient_clip_val': 0.7396675066767424, 'hidden_size': 136, 'dropout': 0.3408660669966168, 'hidden_continuous_size': 13, 'attention_head_size': 2, 'learning_rate': 0.022982937925620655}. Best is trial 10 with value: 555.3490600585938.
LOCAL_RANK: 0 - CUDA_VISIBLE_DEVICES: [0]
[I 2023-11-30 05:01:16,647] Trial 52 finished with value: 940.603515625 and parameters: {'gradient_clip_val': 0.532572991069554, 'hidden_size': 119, 'dropout': 0.2854941494445503, 'hidden_continuous_size': 11, 'attention_head_size': 2, 'learning_rate': 0.038325892380709936}. Best is trial 10 with value: 555.3490600585938.
LOCAL_RANK: 0 - CUDA_VISIBLE_DEVICES: [0]
[I 2023-11-30 05:01:29,836] Trial 53 finished with value: 942.3092651367188 and parameters: {'gradient_clip_val': 0.8787824441118872, 'hidden_size': 84, 'dropout': 0.2592350304788714, 'hidden_continuous_size': 10, 'attention_head_size': 2, 'learning_rate': 0.03252686201841077}. Best is trial 10 with value: 555.3490600585938.
LOCAL_RANK: 0 - CUDA_VISIBLE_DEVICES: [0]
