[I 2023-11-30 02:20:43,306] Trial 41 finished with value: 44.47910690307617 and parameters: {'gradient_clip_val': 0.681784192375349, 'hidden_size': 23, 'dropout': 0.29649193369611604, 'hidden_continuous_size': 12, 'attention_head_size': 3, 'learning_rate': 0.03698303286888106}. Best is trial 26 with value: 42.68107223510742.
LOCAL_RANK: 0 - CUDA_VISIBLE_DEVICES: [0]
[I 2023-11-30 02:20:55,041] Trial 42 finished with value: 72.76516723632812 and parameters: {'gradient_clip_val': 0.576601189092242, 'hidden_size': 15, 'dropout': 0.30875823450585094, 'hidden_continuous_size': 11, 'attention_head_size': 3, 'learning_rate': 0.02687229143861805}. Best is trial 26 with value: 42.68107223510742.
LOCAL_RANK: 0 - CUDA_VISIBLE_DEVICES: [0]
[I 2023-11-30 02:21:06,622] Trial 43 finished with value: 47.66729736328125 and parameters: {'gradient_clip_val': 0.7857445817380213, 'hidden_size': 16, 'dropout': 0.29289193585790785, 'hidden_continuous_size': 10, 'attention_head_size': 3, 'learning_rate': 0.06656785873486741}. Best is trial 26 with value: 42.68107223510742.
LOCAL_RANK: 0 - CUDA_VISIBLE_DEVICES: [0]
[I 2023-11-30 02:21:18,489] Trial 44 finished with value: 45.4211540222168 and parameters: {'gradient_clip_val': 0.64517622254513, 'hidden_size': 19, 'dropout': 0.23527959404134943, 'hidden_continuous_size': 13, 'attention_head_size': 3, 'learning_rate': 0.054272977293597605}. Best is trial 26 with value: 42.68107223510742.
LOCAL_RANK: 0 - CUDA_VISIBLE_DEVICES: [0]
[I 2023-11-30 02:21:30,125] Trial 45 finished with value: 101.38671112060547 and parameters: {'gradient_clip_val': 0.7515185846616638, 'hidden_size': 11, 'dropout': 0.26885690268938667, 'hidden_continuous_size': 10, 'attention_head_size': 3, 'learning_rate': 0.023532007901114746}. Best is trial 26 with value: 42.68107223510742.
LOCAL_RANK: 0 - CUDA_VISIBLE_DEVICES: [0]
[I 2023-11-30 02:21:42,409] Trial 46 finished with value: 46.15830612182617 and parameters: {'gradient_clip_val': 0.49842329122307566, 'hidden_size': 25, 'dropout': 0.3247763020493357, 'hidden_continuous_size': 12, 'attention_head_size': 4, 'learning_rate': 0.03360380029911809}. Best is trial 26 with value: 42.68107223510742.
LOCAL_RANK: 0 - CUDA_VISIBLE_DEVICES: [0]
[I 2023-11-30 02:21:54,329] Trial 47 finished with value: 49.4782829284668 and parameters: {'gradient_clip_val': 0.6333490136188535, 'hidden_size': 14, 'dropout': 0.2834316000139864, 'hidden_continuous_size': 11, 'attention_head_size': 3, 'learning_rate': 0.045717671406075897}. Best is trial 26 with value: 42.68107223510742.
LOCAL_RANK: 0 - CUDA_VISIBLE_DEVICES: [0]
[I 2023-11-30 02:22:06,414] Trial 48 finished with value: 46.68017578125 and parameters: {'gradient_clip_val': 0.8304334036663444, 'hidden_size': 18, 'dropout': 0.19902642688945357, 'hidden_continuous_size': 12, 'attention_head_size': 3, 'learning_rate': 0.06582922497354199}. Best is trial 26 with value: 42.68107223510742.
LOCAL_RANK: 0 - CUDA_VISIBLE_DEVICES: [0]
[I 2023-11-30 02:22:18,566] Trial 49 finished with value: 48.588130950927734 and parameters: {'gradient_clip_val': 0.4711976305131543, 'hidden_size': 22, 'dropout': 0.25698031340977046, 'hidden_continuous_size': 16, 'attention_head_size': 4, 'learning_rate': 0.029523954254512704}. Best is trial 26 with value: 42.68107223510742.
LOCAL_RANK: 0 - CUDA_VISIBLE_DEVICES: [0]
[I 2023-11-30 02:22:30,747] Trial 50 finished with value: 44.9190559387207 and parameters: {'gradient_clip_val': 0.5542124881138727, 'hidden_size': 30, 'dropout': 0.2949857876604147, 'hidden_continuous_size': 17, 'attention_head_size': 3, 'learning_rate': 0.0184257167692066}. Best is trial 26 with value: 42.68107223510742.
LOCAL_RANK: 0 - CUDA_VISIBLE_DEVICES: [0]
[I 2023-11-30 02:22:42,446] Trial 51 finished with value: 60.47175598144531 and parameters: {'gradient_clip_val': 0.6857959782867371, 'hidden_size': 16, 'dropout': 0.3731810321895376, 'hidden_continuous_size': 10, 'attention_head_size': 2, 'learning_rate': 0.07870735464172425}. Best is trial 26 with value: 42.68107223510742.
LOCAL_RANK: 0 - CUDA_VISIBLE_DEVICES: [0]
[I 2023-11-30 02:22:54,389] Trial 52 finished with value: 46.45121765136719 and parameters: {'gradient_clip_val': 0.39325613840826273, 'hidden_size': 17, 'dropout': 0.349792832248112, 'hidden_continuous_size': 10, 'attention_head_size': 2, 'learning_rate': 0.050253392868087186}. Best is trial 26 with value: 42.68107223510742.
LOCAL_RANK: 0 - CUDA_VISIBLE_DEVICES: [0]
[I 2023-11-30 02:23:06,126] Trial 53 finished with value: 45.73188400268555 and parameters: {'gradient_clip_val': 0.5179272258283695, 'hidden_size': 20, 'dropout': 0.38298660248586847, 'hidden_continuous_size': 11, 'attention_head_size': 2, 'learning_rate': 0.038331185649877864}. Best is trial 26 with value: 42.68107223510742.
LOCAL_RANK: 0 - CUDA_VISIBLE_DEVICES: [0]
[I 2023-11-30 02:23:17,898] Trial 54 finished with value: 48.8787956237793 and parameters: {'gradient_clip_val': 0.5924305039800463, 'hidden_size': 13, 'dropout': 0.34119277462105885, 'hidden_continuous_size': 10, 'attention_head_size': 1, 'learning_rate': 0.0710631964074124}. Best is trial 26 with value: 42.68107223510742.
LOCAL_RANK: 0 - CUDA_VISIBLE_DEVICES: [0]
[I 2023-11-30 02:23:29,835] Trial 55 finished with value: 45.3335075378418 and parameters: {'gradient_clip_val': 0.3578788308919513, 'hidden_size': 24, 'dropout': 0.3644432467729046, 'hidden_continuous_size': 13, 'attention_head_size': 3, 'learning_rate': 0.0545528709347538}. Best is trial 26 with value: 42.68107223510742.
LOCAL_RANK: 0 - CUDA_VISIBLE_DEVICES: [0]
[I 2023-11-30 02:23:41,510] Trial 56 finished with value: 45.183589935302734 and parameters: {'gradient_clip_val': 0.4287885344511306, 'hidden_size': 18, 'dropout': 0.3569177286866262, 'hidden_continuous_size': 10, 'attention_head_size': 2, 'learning_rate': 0.04317264955497258}. Best is trial 26 with value: 42.68107223510742.
LOCAL_RANK: 0 - CUDA_VISIBLE_DEVICES: [0]
[I 2023-11-30 02:23:53,659] Trial 57 finished with value: 50.17805862426758 and parameters: {'gradient_clip_val': 0.35220402721021593, 'hidden_size': 21, 'dropout': 0.33136051199941635, 'hidden_continuous_size': 11, 'attention_head_size': 3, 'learning_rate': 0.07114223889986537}. Best is trial 26 with value: 42.68107223510742.
LOCAL_RANK: 0 - CUDA_VISIBLE_DEVICES: [0]
[I 2023-11-30 02:24:03,837] Trial 58 finished with value: 50.877960205078125 and parameters: {'gradient_clip_val': 0.33087232970071045, 'hidden_size': 10, 'dropout': 0.31294797728952145, 'hidden_continuous_size': 10, 'attention_head_size': 3, 'learning_rate': 0.09928919909009572}. Best is trial 26 with value: 42.68107223510742.
LOCAL_RANK: 0 - CUDA_VISIBLE_DEVICES: [0]
[I 2023-11-30 02:24:15,740] Trial 59 finished with value: 49.39727783203125 and parameters: {'gradient_clip_val': 0.7712646857391591, 'hidden_size': 17, 'dropout': 0.378542110046751, 'hidden_continuous_size': 11, 'attention_head_size': 2, 'learning_rate': 0.03260803665680761}. Best is trial 26 with value: 42.68107223510742.
LOCAL_RANK: 0 - CUDA_VISIBLE_DEVICES: [0]
[I 2023-11-30 02:24:27,826] Trial 60 finished with value: 51.06452560424805 and parameters: {'gradient_clip_val': 0.9166300908969675, 'hidden_size': 27, 'dropout': 0.34783111835921, 'hidden_continuous_size': 12, 'attention_head_size': 3, 'learning_rate': 0.08688135662566304}. Best is trial 26 with value: 42.68107223510742.
LOCAL_RANK: 0 - CUDA_VISIBLE_DEVICES: [0]
[I 2023-11-30 02:24:40,310] Trial 61 finished with value: 44.153255462646484 and parameters: {'gradient_clip_val': 0.540142402167686, 'hidden_size': 34, 'dropout': 0.3167109230798456, 'hidden_continuous_size': 14, 'attention_head_size': 3, 'learning_rate': 0.028263128022145964}. Best is trial 26 with value: 42.68107223510742.
LOCAL_RANK: 0 - CUDA_VISIBLE_DEVICES: [0]
[I 2023-11-30 02:24:52,776] Trial 62 finished with value: 46.951053619384766 and parameters: {'gradient_clip_val': 0.6570675728235563, 'hidden_size': 37, 'dropout': 0.3194649329465834, 'hidden_continuous_size': 14, 'attention_head_size': 3, 'learning_rate': 0.04915898558618183}. Best is trial 26 with value: 42.68107223510742.
LOCAL_RANK: 0 - CUDA_VISIBLE_DEVICES: [0]
[I 2023-11-30 02:25:04,873] Trial 63 finished with value: 53.66434860229492 and parameters: {'gradient_clip_val': 0.602062142982069, 'hidden_size': 23, 'dropout': 0.33911210109904, 'hidden_continuous_size': 15, 'attention_head_size': 3, 'learning_rate': 0.027769102069714557}. Best is trial 26 with value: 42.68107223510742.
LOCAL_RANK: 0 - CUDA_VISIBLE_DEVICES: [0]
[I 2023-11-30 02:25:16,617] Trial 64 finished with value: 43.090423583984375 and parameters: {'gradient_clip_val': 0.5512035342638404, 'hidden_size': 20, 'dropout': 0.3043518716296927, 'hidden_continuous_size': 10, 'attention_head_size': 3, 'learning_rate': 0.03654452395104953}. Best is trial 26 with value: 42.68107223510742.
LOCAL_RANK: 0 - CUDA_VISIBLE_DEVICES: [0]
[I 2023-11-30 02:25:28,181] Trial 65 finished with value: 43.94050979614258 and parameters: {'gradient_clip_val': 0.7241017877686823, 'hidden_size': 20, 'dropout': 0.3056180489296793, 'hidden_continuous_size': 10, 'attention_head_size': 3, 'learning_rate': 0.036820210379974}. Best is trial 26 with value: 42.68107223510742.
LOCAL_RANK: 0 - CUDA_VISIBLE_DEVICES: [0]
[I 2023-11-30 02:25:40,035] Trial 66 finished with value: 65.7047348022461 and parameters: {'gradient_clip_val': 0.47401709331261666, 'hidden_size': 15, 'dropout': 0.2865625291446724, 'hidden_continuous_size': 10, 'attention_head_size': 3, 'learning_rate': 0.06166850093810423}. Best is trial 26 with value: 42.68107223510742.
LOCAL_RANK: 0 - CUDA_VISIBLE_DEVICES: [0]
[I 2023-11-30 02:25:52,025] Trial 67 finished with value: 44.48489761352539 and parameters: {'gradient_clip_val': 0.6266117929127477, 'hidden_size': 21, 'dropout': 0.33156481536729554, 'hidden_continuous_size': 10, 'attention_head_size': 3, 'learning_rate': 0.0419471388232128}. Best is trial 26 with value: 42.68107223510742.
LOCAL_RANK: 0 - CUDA_VISIBLE_DEVICES: [0]
[I 2023-11-30 02:26:03,813] Trial 68 finished with value: 47.0321159362793 and parameters: {'gradient_clip_val': 0.5358411955355068, 'hidden_size': 13, 'dropout': 0.38926940546654587, 'hidden_continuous_size': 10, 'attention_head_size': 2, 'learning_rate': 0.05571424603042341}. Best is trial 26 with value: 42.68107223510742.
LOCAL_RANK: 0 - CUDA_VISIBLE_DEVICES: [0]
[I 2023-11-30 02:26:15,461] Trial 69 finished with value: 47.28389358520508 and parameters: {'gradient_clip_val': 0.5767975904978258, 'hidden_size': 16, 'dropout': 0.3019373604208081, 'hidden_continuous_size': 10, 'attention_head_size': 3, 'learning_rate': 0.02338486868119362}. Best is trial 26 with value: 42.68107223510742.
LOCAL_RANK: 0 - CUDA_VISIBLE_DEVICES: [0]
[I 2023-11-30 02:26:27,505] Trial 70 finished with value: 45.17586135864258 and parameters: {'gradient_clip_val': 0.4026852701446451, 'hidden_size': 19, 'dropout': 0.37353505616899196, 'hidden_continuous_size': 11, 'attention_head_size': 3, 'learning_rate': 0.04694284504100992}. Best is trial 26 with value: 42.68107223510742.
LOCAL_RANK: 0 - CUDA_VISIBLE_DEVICES: [0]
[I 2023-11-30 02:26:39,286] Trial 71 finished with value: 47.38499069213867 and parameters: {'gradient_clip_val': 0.7344993020599098, 'hidden_size': 21, 'dropout': 0.306986155241977, 'hidden_continuous_size': 10, 'attention_head_size': 3, 'learning_rate': 0.038818916300206036}. Best is trial 26 with value: 42.68107223510742.
LOCAL_RANK: 0 - CUDA_VISIBLE_DEVICES: [0]
[I 2023-11-30 02:26:51,241] Trial 72 finished with value: 44.5426025390625 and parameters: {'gradient_clip_val': 0.701825498077915, 'hidden_size': 24, 'dropout': 0.2901783204080951, 'hidden_continuous_size': 11, 'attention_head_size': 3, 'learning_rate': 0.035289172723444034}. Best is trial 26 with value: 42.68107223510742.
LOCAL_RANK: 0 - CUDA_VISIBLE_DEVICES: [0]
[I 2023-11-30 02:27:03,400] Trial 73 finished with value: 43.4537239074707 and parameters: {'gradient_clip_val': 0.8096980939514364, 'hidden_size': 27, 'dropout': 0.3073528230988263, 'hidden_continuous_size': 17, 'attention_head_size': 3, 'learning_rate': 0.03075707175216642}. Best is trial 26 with value: 42.68107223510742.
LOCAL_RANK: 0 - CUDA_VISIBLE_DEVICES: [0]
[I 2023-11-30 02:27:15,360] Trial 74 finished with value: 46.31766891479492 and parameters: {'gradient_clip_val': 0.8174180733020878, 'hidden_size': 27, 'dropout': 0.26922797063078796, 'hidden_continuous_size': 17, 'attention_head_size': 3, 'learning_rate': 0.03080612901558911}. Best is trial 26 with value: 42.68107223510742.
LOCAL_RANK: 0 - CUDA_VISIBLE_DEVICES: [0]
[I 2023-11-30 02:27:27,381] Trial 75 finished with value: 48.132293701171875 and parameters: {'gradient_clip_val': 0.6650540254766764, 'hidden_size': 17, 'dropout': 0.3579702854871736, 'hidden_continuous_size': 12, 'attention_head_size': 3, 'learning_rate': 0.024995145463754764}. Best is trial 26 with value: 42.68107223510742.
LOCAL_RANK: 0 - CUDA_VISIBLE_DEVICES: [0]
[I 2023-11-30 02:27:39,048] Trial 76 finished with value: 48.4578742980957 and parameters: {'gradient_clip_val': 0.9085869800759232, 'hidden_size': 14, 'dropout': 0.300397067567802, 'hidden_continuous_size': 10, 'attention_head_size': 1, 'learning_rate': 0.07786005730088809}. Best is trial 26 with value: 42.68107223510742.
LOCAL_RANK: 0 - CUDA_VISIBLE_DEVICES: [0]
[I 2023-11-30 02:27:51,314] Trial 77 finished with value: 45.84977340698242 and parameters: {'gradient_clip_val': 0.6053949297054827, 'hidden_size': 23, 'dropout': 0.3251526011927765, 'hidden_continuous_size': 18, 'attention_head_size': 3, 'learning_rate': 0.04385865008224892}. Best is trial 26 with value: 42.68107223510742.
LOCAL_RANK: 0 - CUDA_VISIBLE_DEVICES: [0]
[I 2023-11-30 02:28:03,349] Trial 78 finished with value: 51.441593170166016 and parameters: {'gradient_clip_val': 0.7680885253190464, 'hidden_size': 18, 'dropout': 0.3133845732997625, 'hidden_continuous_size': 13, 'attention_head_size': 4, 'learning_rate': 0.051397013795505306}. Best is trial 26 with value: 42.68107223510742.
LOCAL_RANK: 0 - CUDA_VISIBLE_DEVICES: [0]
[I 2023-11-30 02:28:15,267] Trial 79 finished with value: 43.84012985229492 and parameters: {'gradient_clip_val': 0.4440128111881342, 'hidden_size': 19, 'dropout': 0.279790092372914, 'hidden_continuous_size': 15, 'attention_head_size': 3, 'learning_rate': 0.033063978338250366}. Best is trial 26 with value: 42.68107223510742.
LOCAL_RANK: 0 - CUDA_VISIBLE_DEVICES: [0]
[I 2023-11-30 02:28:27,420] Trial 80 finished with value: 44.74739456176758 and parameters: {'gradient_clip_val': 0.2802374247551722, 'hidden_size': 25, 'dropout': 0.2894888803896385, 'hidden_continuous_size': 18, 'attention_head_size': 2, 'learning_rate': 0.025739922916388106}. Best is trial 26 with value: 42.68107223510742.
LOCAL_RANK: 0 - CUDA_VISIBLE_DEVICES: [0]
[I 2023-11-30 02:28:39,461] Trial 81 finished with value: 44.37461471557617 and parameters: {'gradient_clip_val': 0.4483139766709724, 'hidden_size': 19, 'dropout': 0.29739603515825647, 'hidden_continuous_size': 16, 'attention_head_size': 3, 'learning_rate': 0.031702684115671516}. Best is trial 26 with value: 42.68107223510742.
LOCAL_RANK: 0 - CUDA_VISIBLE_DEVICES: [0]
[I 2023-11-30 02:28:51,499] Trial 82 finished with value: 52.8815803527832 and parameters: {'gradient_clip_val': 0.5006119899509633, 'hidden_size': 22, 'dropout': 0.2837682967879293, 'hidden_continuous_size': 15, 'attention_head_size': 3, 'learning_rate': 0.039855543111161136}. Best is trial 26 with value: 42.68107223510742.
LOCAL_RANK: 0 - CUDA_VISIBLE_DEVICES: [0]
[I 2023-11-30 02:29:03,385] Trial 83 finished with value: 57.0016975402832 and parameters: {'gradient_clip_val': 0.5234911575018633, 'hidden_size': 15, 'dropout': 0.28101100123538764, 'hidden_continuous_size': 13, 'attention_head_size': 3, 'learning_rate': 0.021284045943182422}. Best is trial 26 with value: 42.68107223510742.
LOCAL_RANK: 0 - CUDA_VISIBLE_DEVICES: [0]
[I 2023-11-30 02:29:15,052] Trial 84 finished with value: 44.72645568847656 and parameters: {'gradient_clip_val': 0.5660186195197449, 'hidden_size': 16, 'dropout': 0.30796970876770224, 'hidden_continuous_size': 12, 'attention_head_size': 3, 'learning_rate': 0.06029886461737579}. Best is trial 26 with value: 42.68107223510742.
LOCAL_RANK: 0 - CUDA_VISIBLE_DEVICES: [0]
[I 2023-11-30 02:29:26,857] Trial 85 finished with value: 45.35063552856445 and parameters: {'gradient_clip_val': 0.6665049553066262, 'hidden_size': 18, 'dropout': 0.270886036735203, 'hidden_continuous_size': 15, 'attention_head_size': 3, 'learning_rate': 0.035629435618892716}. Best is trial 26 with value: 42.68107223510742.
LOCAL_RANK: 0 - CUDA_VISIBLE_DEVICES: [0]
[I 2023-11-30 02:29:38,733] Trial 86 finished with value: 45.57498550415039 and parameters: {'gradient_clip_val': 0.44909763106489536, 'hidden_size': 20, 'dropout': 0.3995349603055554, 'hidden_continuous_size': 11, 'attention_head_size': 3, 'learning_rate': 0.04547621855394631}. Best is trial 26 with value: 42.68107223510742.
LOCAL_RANK: 0 - CUDA_VISIBLE_DEVICES: [0]
[I 2023-11-30 02:29:50,558] Trial 87 finished with value: 46.37202072143555 and parameters: {'gradient_clip_val': 0.6256991447990947, 'hidden_size': 14, 'dropout': 0.2786329919585035, 'hidden_continuous_size': 10, 'attention_head_size': 3, 'learning_rate': 0.02916787150088866}. Best is trial 26 with value: 42.68107223510742.
LOCAL_RANK: 0 - CUDA_VISIBLE_DEVICES: [0]
[I 2023-11-30 02:30:02,520] Trial 88 finished with value: 50.372615814208984 and parameters: {'gradient_clip_val': 0.4973388889391287, 'hidden_size': 17, 'dropout': 0.263983315899888, 'hidden_continuous_size': 10, 'attention_head_size': 3, 'learning_rate': 0.03425870406968367}. Best is trial 26 with value: 42.68107223510742.
LOCAL_RANK: 0 - CUDA_VISIBLE_DEVICES: [0]
[I 2023-11-30 02:30:14,427] Trial 89 finished with value: 47.056182861328125 and parameters: {'gradient_clip_val': 0.5594066539968184, 'hidden_size': 19, 'dropout': 0.3218407017886826, 'hidden_continuous_size': 15, 'attention_head_size': 3, 'learning_rate': 0.04056023973801812}. Best is trial 26 with value: 42.68107223510742.
LOCAL_RANK: 0 - CUDA_VISIBLE_DEVICES: [0]
[I 2023-11-30 02:30:26,319] Trial 90 finished with value: 44.15879440307617 and parameters: {'gradient_clip_val': 0.7903512710998857, 'hidden_size': 21, 'dropout': 0.29568507103325614, 'hidden_continuous_size': 16, 'attention_head_size': 2, 'learning_rate': 0.054623843629131585}. Best is trial 26 with value: 42.68107223510742.
LOCAL_RANK: 0 - CUDA_VISIBLE_DEVICES: [0]
[I 2023-11-30 02:30:38,096] Trial 91 finished with value: 44.846343994140625 and parameters: {'gradient_clip_val': 0.7345758299421167, 'hidden_size': 18, 'dropout': 0.30263332711805807, 'hidden_continuous_size': 10, 'attention_head_size': 3, 'learning_rate': 0.036303914696288096}. Best is trial 26 with value: 42.68107223510742.
LOCAL_RANK: 0 - CUDA_VISIBLE_DEVICES: [0]
[I 2023-11-30 02:30:49,880] Trial 92 finished with value: 42.93965148925781 and parameters: {'gradient_clip_val': 0.7178662514533306, 'hidden_size': 20, 'dropout': 0.3303962273575475, 'hidden_continuous_size': 10, 'attention_head_size': 3, 'learning_rate': 0.0316443749287348}. Best is trial 26 with value: 42.68107223510742.
LOCAL_RANK: 0 - CUDA_VISIBLE_DEVICES: [0]
[I 2023-11-30 02:31:01,904] Trial 93 finished with value: 51.51707458496094 and parameters: {'gradient_clip_val': 0.5876605044097759, 'hidden_size': 22, 'dropout': 0.33137511347511917, 'hidden_continuous_size': 11, 'attention_head_size': 3, 'learning_rate': 0.03099508258518782}. Best is trial 26 with value: 42.68107223510742.
LOCAL_RANK: 0 - CUDA_VISIBLE_DEVICES: [0]
[I 2023-11-30 02:31:13,477] Trial 94 finished with value: 50.98439025878906 and parameters: {'gradient_clip_val': 0.7042080997543553, 'hidden_size': 16, 'dropout': 0.31718822893754295, 'hidden_continuous_size': 10, 'attention_head_size': 3, 'learning_rate': 0.02501743198524411}. Best is trial 26 with value: 42.68107223510742.
LOCAL_RANK: 0 - CUDA_VISIBLE_DEVICES: [0]
[I 2023-11-30 02:31:25,122] Trial 95 finished with value: 44.00685119628906 and parameters: {'gradient_clip_val': 0.8648789275673676, 'hidden_size': 20, 'dropout': 0.32709081404673795, 'hidden_continuous_size': 11, 'attention_head_size': 3, 'learning_rate': 0.04809714879769085}. Best is trial 26 with value: 42.68107223510742.
LOCAL_RANK: 0 - CUDA_VISIBLE_DEVICES: [0]
[I 2023-11-30 02:31:36,979] Trial 96 finished with value: 56.09819030761719 and parameters: {'gradient_clip_val': 0.6420030138443337, 'hidden_size': 17, 'dropout': 0.33846431963708223, 'hidden_continuous_size': 10, 'attention_head_size': 3, 'learning_rate': 0.032105869735059515}. Best is trial 26 with value: 42.68107223510742.
LOCAL_RANK: 0 - CUDA_VISIBLE_DEVICES: [0]
[I 2023-11-30 02:31:49,172] Trial 97 finished with value: 56.67335510253906 and parameters: {'gradient_clip_val': 0.6779788691611657, 'hidden_size': 24, 'dropout': 0.3119469692799734, 'hidden_continuous_size': 19, 'attention_head_size': 3, 'learning_rate': 0.0683444058335546}. Best is trial 26 with value: 42.68107223510742.
LOCAL_RANK: 0 - CUDA_VISIBLE_DEVICES: [0]
[I 2023-11-30 02:32:01,069] Trial 98 finished with value: 46.17918014526367 and parameters: {'gradient_clip_val': 0.8030793883775335, 'hidden_size': 15, 'dropout': 0.29072537703097634, 'hidden_continuous_size': 12, 'attention_head_size': 3, 'learning_rate': 0.08644867008872961}. Best is trial 26 with value: 42.68107223510742.
LOCAL_RANK: 0 - CUDA_VISIBLE_DEVICES: [0]
[I 2023-11-30 02:32:12,855] Trial 99 finished with value: 43.9366569519043 and parameters: {'gradient_clip_val': 0.7517970019252155, 'hidden_size': 20, 'dropout': 0.3430040277727068, 'hidden_continuous_size': 14, 'attention_head_size': 3, 'learning_rate': 0.02854352564977672}. Best is trial 26 with value: 42.68107223510742.
LOCAL_RANK: 0 - CUDA_VISIBLE_DEVICES: [0]
