[I 2023-11-30 03:22:28,598] Trial 37 finished with value: 1693.65234375 and parameters: {'gradient_clip_val': 0.7045767663469531, 'hidden_size': 14, 'dropout': 0.1469622506945234, 'hidden_continuous_size': 10, 'attention_head_size': 4, 'learning_rate': 0.052376633941124275}. Best is trial 34 with value: 1202.0245361328125.
LOCAL_RANK: 0 - CUDA_VISIBLE_DEVICES: [0]
[I 2023-11-30 03:22:40,672] Trial 38 finished with value: 1708.93310546875 and parameters: {'gradient_clip_val': 0.8488447889367532, 'hidden_size': 12, 'dropout': 0.19461905590793704, 'hidden_continuous_size': 10, 'attention_head_size': 4, 'learning_rate': 0.024306672679201353}. Best is trial 34 with value: 1202.0245361328125.
LOCAL_RANK: 0 - CUDA_VISIBLE_DEVICES: [0]
[I 2023-11-30 03:22:52,900] Trial 39 finished with value: 1695.7916259765625 and parameters: {'gradient_clip_val': 0.6197872542107171, 'hidden_size': 11, 'dropout': 0.1302709336380817, 'hidden_continuous_size': 10, 'attention_head_size': 4, 'learning_rate': 0.03223026719316617}. Best is trial 34 with value: 1202.0245361328125.
LOCAL_RANK: 0 - CUDA_VISIBLE_DEVICES: [0]
[I 2023-11-30 03:23:03,548] Trial 40 finished with value: 1854.4703369140625 and parameters: {'gradient_clip_val': 0.7353283077814488, 'hidden_size': 10, 'dropout': 0.251484722038176, 'hidden_continuous_size': 10, 'attention_head_size': 4, 'learning_rate': 0.015188450000359534}. Best is trial 34 with value: 1202.0245361328125.
LOCAL_RANK: 0 - CUDA_VISIBLE_DEVICES: [0]
[I 2023-11-30 03:23:15,841] Trial 41 finished with value: 1555.529296875 and parameters: {'gradient_clip_val': 0.867412065053068, 'hidden_size': 15, 'dropout': 0.18026304149713937, 'hidden_continuous_size': 10, 'attention_head_size': 4, 'learning_rate': 0.04004440385677492}. Best is trial 34 with value: 1202.0245361328125.
LOCAL_RANK: 0 - CUDA_VISIBLE_DEVICES: [0]
[I 2023-11-30 03:23:28,217] Trial 42 finished with value: 1539.9405517578125 and parameters: {'gradient_clip_val': 0.9091310435144484, 'hidden_size': 17, 'dropout': 0.1740642526137235, 'hidden_continuous_size': 12, 'attention_head_size': 4, 'learning_rate': 0.03658198387678624}. Best is trial 34 with value: 1202.0245361328125.
LOCAL_RANK: 0 - CUDA_VISIBLE_DEVICES: [0]
[I 2023-11-30 03:23:40,196] Trial 43 finished with value: 1485.5745849609375 and parameters: {'gradient_clip_val': 0.6466486857662633, 'hidden_size': 16, 'dropout': 0.1589807881485677, 'hidden_continuous_size': 13, 'attention_head_size': 4, 'learning_rate': 0.04642438077598373}. Best is trial 34 with value: 1202.0245361328125.
LOCAL_RANK: 0 - CUDA_VISIBLE_DEVICES: [0]
[I 2023-11-30 03:23:51,939] Trial 44 finished with value: 1925.2432861328125 and parameters: {'gradient_clip_val': 0.8516443192563189, 'hidden_size': 12, 'dropout': 0.1954677622388964, 'hidden_continuous_size': 10, 'attention_head_size': 1, 'learning_rate': 0.02661316570268658}. Best is trial 34 with value: 1202.0245361328125.
LOCAL_RANK: 0 - CUDA_VISIBLE_DEVICES: [0]
[I 2023-11-30 03:24:04,534] Trial 45 finished with value: 1200.4156494140625 and parameters: {'gradient_clip_val': 0.7267104969603331, 'hidden_size': 26, 'dropout': 0.21384007629800816, 'hidden_continuous_size': 14, 'attention_head_size': 4, 'learning_rate': 0.06121070216131777}. Best is trial 45 with value: 1200.4156494140625.
LOCAL_RANK: 0 - CUDA_VISIBLE_DEVICES: [0]
[I 2023-11-30 03:24:16,980] Trial 46 finished with value: 1377.0478515625 and parameters: {'gradient_clip_val': 0.6930321002344256, 'hidden_size': 23, 'dropout': 0.2181737233411729, 'hidden_continuous_size': 14, 'attention_head_size': 4, 'learning_rate': 0.07199613490374615}. Best is trial 45 with value: 1200.4156494140625.
LOCAL_RANK: 0 - CUDA_VISIBLE_DEVICES: [0]
[I 2023-11-30 03:24:29,480] Trial 47 finished with value: 1503.5784912109375 and parameters: {'gradient_clip_val': 0.5645995079150208, 'hidden_size': 29, 'dropout': 0.20586900366043745, 'hidden_continuous_size': 14, 'attention_head_size': 4, 'learning_rate': 0.0569737528754799}. Best is trial 45 with value: 1200.4156494140625.
LOCAL_RANK: 0 - CUDA_VISIBLE_DEVICES: [0]
[I 2023-11-30 03:24:41,597] Trial 48 finished with value: 1482.1007080078125 and parameters: {'gradient_clip_val': 0.7413474119674884, 'hidden_size': 24, 'dropout': 0.23991049057861732, 'hidden_continuous_size': 15, 'attention_head_size': 3, 'learning_rate': 0.03240364125027399}. Best is trial 45 with value: 1200.4156494140625.
LOCAL_RANK: 0 - CUDA_VISIBLE_DEVICES: [0]
[I 2023-11-30 03:24:54,103] Trial 49 finished with value: 1445.626953125 and parameters: {'gradient_clip_val': 0.9947427320930247, 'hidden_size': 27, 'dropout': 0.224723781565574, 'hidden_continuous_size': 15, 'attention_head_size': 4, 'learning_rate': 0.02228329033395279}. Best is trial 45 with value: 1200.4156494140625.
LOCAL_RANK: 0 - CUDA_VISIBLE_DEVICES: [0]
[I 2023-11-30 03:25:06,972] Trial 50 finished with value: 1401.2769775390625 and parameters: {'gradient_clip_val': 0.4699635286696291, 'hidden_size': 34, 'dropout': 0.26214476107783835, 'hidden_continuous_size': 16, 'attention_head_size': 3, 'learning_rate': 0.09475795730310775}. Best is trial 45 with value: 1200.4156494140625.
LOCAL_RANK: 0 - CUDA_VISIBLE_DEVICES: [0]
[I 2023-11-30 03:25:19,488] Trial 51 finished with value: 1526.4771728515625 and parameters: {'gradient_clip_val': 0.8779575593335444, 'hidden_size': 18, 'dropout': 0.18662802955653793, 'hidden_continuous_size': 14, 'attention_head_size': 4, 'learning_rate': 0.039570258567683834}. Best is trial 45 with value: 1200.4156494140625.
LOCAL_RANK: 0 - CUDA_VISIBLE_DEVICES: [0]
[I 2023-11-30 03:25:31,838] Trial 52 finished with value: 1458.9588623046875 and parameters: {'gradient_clip_val': 0.6420794760143476, 'hidden_size': 21, 'dropout': 0.21576773984909367, 'hidden_continuous_size': 13, 'attention_head_size': 4, 'learning_rate': 0.016223087331405397}. Best is trial 45 with value: 1200.4156494140625.
LOCAL_RANK: 0 - CUDA_VISIBLE_DEVICES: [0]
[I 2023-11-30 03:25:44,186] Trial 53 finished with value: 1350.8050537109375 and parameters: {'gradient_clip_val': 0.7987900106324233, 'hidden_size': 26, 'dropout': 0.2054234326388808, 'hidden_continuous_size': 12, 'attention_head_size': 4, 'learning_rate': 0.023646434301938916}. Best is trial 45 with value: 1200.4156494140625.
LOCAL_RANK: 0 - CUDA_VISIBLE_DEVICES: [0]
[I 2023-11-30 03:25:56,480] Trial 54 finished with value: 1328.5245361328125 and parameters: {'gradient_clip_val': 0.7279153233645211, 'hidden_size': 17, 'dropout': 0.17190545358272263, 'hidden_continuous_size': 13, 'attention_head_size': 4, 'learning_rate': 0.031671134425062544}. Best is trial 45 with value: 1200.4156494140625.
LOCAL_RANK: 0 - CUDA_VISIBLE_DEVICES: [0]
[I 2023-11-30 03:26:09,000] Trial 55 finished with value: 1230.9749755859375 and parameters: {'gradient_clip_val': 0.9229933000743491, 'hidden_size': 22, 'dropout': 0.23726817583833618, 'hidden_continuous_size': 11, 'attention_head_size': 4, 'learning_rate': 0.0169543403696272}. Best is trial 45 with value: 1200.4156494140625.
LOCAL_RANK: 0 - CUDA_VISIBLE_DEVICES: [0]
[I 2023-11-30 03:26:21,290] Trial 56 finished with value: 1632.4007568359375 and parameters: {'gradient_clip_val': 0.3699305310778802, 'hidden_size': 22, 'dropout': 0.23823496640447167, 'hidden_continuous_size': 14, 'attention_head_size': 4, 'learning_rate': 0.012635031049740057}. Best is trial 45 with value: 1200.4156494140625.
LOCAL_RANK: 0 - CUDA_VISIBLE_DEVICES: [0]
[I 2023-11-30 03:26:33,532] Trial 57 finished with value: 1231.16796875 and parameters: {'gradient_clip_val': 0.93219361768004, 'hidden_size': 32, 'dropout': 0.2430124384560214, 'hidden_continuous_size': 12, 'attention_head_size': 3, 'learning_rate': 0.018699057099379197}. Best is trial 45 with value: 1200.4156494140625.
LOCAL_RANK: 0 - CUDA_VISIBLE_DEVICES: [0]
[I 2023-11-30 03:26:45,966] Trial 58 finished with value: 1414.4593505859375 and parameters: {'gradient_clip_val': 0.9328744711030655, 'hidden_size': 34, 'dropout': 0.2705387418333787, 'hidden_continuous_size': 12, 'attention_head_size': 2, 'learning_rate': 0.020954020136048603}. Best is trial 45 with value: 1200.4156494140625.
LOCAL_RANK: 0 - CUDA_VISIBLE_DEVICES: [0]
[I 2023-11-30 03:26:58,355] Trial 59 finished with value: 1460.57763671875 and parameters: {'gradient_clip_val': 0.9982452447813992, 'hidden_size': 30, 'dropout': 0.24403328067037017, 'hidden_continuous_size': 12, 'attention_head_size': 3, 'learning_rate': 0.017914311777289818}. Best is trial 45 with value: 1200.4156494140625.
LOCAL_RANK: 0 - CUDA_VISIBLE_DEVICES: [0]
[I 2023-11-30 03:27:11,205] Trial 60 finished with value: 1503.64599609375 and parameters: {'gradient_clip_val': 0.8088502254223262, 'hidden_size': 41, 'dropout': 0.22220963687079576, 'hidden_continuous_size': 17, 'attention_head_size': 2, 'learning_rate': 0.016444862442888182}. Best is trial 45 with value: 1200.4156494140625.
LOCAL_RANK: 0 - CUDA_VISIBLE_DEVICES: [0]
[I 2023-11-30 03:27:23,675] Trial 61 finished with value: 1333.47216796875 and parameters: {'gradient_clip_val': 0.6691556070852727, 'hidden_size': 27, 'dropout': 0.23238973640869967, 'hidden_continuous_size': 11, 'attention_head_size': 4, 'learning_rate': 0.013052102275623612}. Best is trial 45 with value: 1200.4156494140625.
LOCAL_RANK: 0 - CUDA_VISIBLE_DEVICES: [0]
[I 2023-11-30 03:27:36,061] Trial 62 finished with value: 1293.4830322265625 and parameters: {'gradient_clip_val': 0.7572720591606363, 'hidden_size': 25, 'dropout': 0.25764267746707253, 'hidden_continuous_size': 11, 'attention_head_size': 4, 'learning_rate': 0.01983913641603012}. Best is trial 45 with value: 1200.4156494140625.
LOCAL_RANK: 0 - CUDA_VISIBLE_DEVICES: [0]
[I 2023-11-30 03:27:48,364] Trial 63 finished with value: 1447.5003662109375 and parameters: {'gradient_clip_val': 0.9257789484517932, 'hidden_size': 23, 'dropout': 0.2066277886040965, 'hidden_continuous_size': 13, 'attention_head_size': 4, 'learning_rate': 0.014326202871418257}. Best is trial 45 with value: 1200.4156494140625.
LOCAL_RANK: 0 - CUDA_VISIBLE_DEVICES: [0]
[I 2023-11-30 03:28:00,428] Trial 64 finished with value: 1278.8516845703125 and parameters: {'gradient_clip_val': 0.6033104809594046, 'hidden_size': 32, 'dropout': 0.2171872208631373, 'hidden_continuous_size': 12, 'attention_head_size': 3, 'learning_rate': 0.010478469968276788}. Best is trial 45 with value: 1200.4156494140625.
LOCAL_RANK: 0 - CUDA_VISIBLE_DEVICES: [0]
[I 2023-11-30 03:28:12,733] Trial 65 finished with value: 1556.3714599609375 and parameters: {'gradient_clip_val': 0.6968230788666333, 'hidden_size': 32, 'dropout': 0.2444332377552579, 'hidden_continuous_size': 12, 'attention_head_size': 3, 'learning_rate': 0.010651255002515491}. Best is trial 45 with value: 1200.4156494140625.
LOCAL_RANK: 0 - CUDA_VISIBLE_DEVICES: [0]
[I 2023-11-30 03:28:24,833] Trial 66 finished with value: 2770.478759765625 and parameters: {'gradient_clip_val': 0.6071945891321776, 'hidden_size': 20, 'dropout': 0.2219711525122085, 'hidden_continuous_size': 13, 'attention_head_size': 3, 'learning_rate': 0.008182999818855653}. Best is trial 45 with value: 1200.4156494140625.
LOCAL_RANK: 0 - CUDA_VISIBLE_DEVICES: [0]
[I 2023-11-30 03:28:37,584] Trial 67 finished with value: 1324.2637939453125 and parameters: {'gradient_clip_val': 0.8159348906255365, 'hidden_size': 37, 'dropout': 0.2337395874515701, 'hidden_continuous_size': 15, 'attention_head_size': 3, 'learning_rate': 0.017995983058683985}. Best is trial 45 with value: 1200.4156494140625.
LOCAL_RANK: 0 - CUDA_VISIBLE_DEVICES: [0]
[I 2023-11-30 03:28:49,861] Trial 68 finished with value: 1424.2838134765625 and parameters: {'gradient_clip_val': 0.9168429967155869, 'hidden_size': 28, 'dropout': 0.19051463212387382, 'hidden_continuous_size': 12, 'attention_head_size': 3, 'learning_rate': 0.012200274660534718}. Best is trial 45 with value: 1200.4156494140625.
LOCAL_RANK: 0 - CUDA_VISIBLE_DEVICES: [0]
[I 2023-11-30 03:29:01,905] Trial 69 finished with value: 1911.4351806640625 and parameters: {'gradient_clip_val': 0.5244323622237678, 'hidden_size': 32, 'dropout': 0.2137843817547531, 'hidden_continuous_size': 11, 'attention_head_size': 2, 'learning_rate': 0.025033834879272805}. Best is trial 45 with value: 1200.4156494140625.
LOCAL_RANK: 0 - CUDA_VISIBLE_DEVICES: [0]
[I 2023-11-30 03:29:14,466] Trial 70 finished with value: 1817.2904052734375 and parameters: {'gradient_clip_val': 0.7637682392252619, 'hidden_size': 26, 'dropout': 0.22497648492562458, 'hidden_continuous_size': 13, 'attention_head_size': 3, 'learning_rate': 0.009560316358650444}. Best is trial 45 with value: 1200.4156494140625.
LOCAL_RANK: 0 - CUDA_VISIBLE_DEVICES: [0]
[I 2023-11-30 03:29:26,886] Trial 71 finished with value: 1372.0992431640625 and parameters: {'gradient_clip_val': 0.6614938315170361, 'hidden_size': 22, 'dropout': 0.2000414383698464, 'hidden_continuous_size': 12, 'attention_head_size': 4, 'learning_rate': 0.015118818401098369}. Best is trial 45 with value: 1200.4156494140625.
LOCAL_RANK: 0 - CUDA_VISIBLE_DEVICES: [0]
[I 2023-11-30 03:29:39,172] Trial 72 finished with value: 1400.4359130859375 and parameters: {'gradient_clip_val': 0.5372939325460377, 'hidden_size': 25, 'dropout': 0.21263911134891691, 'hidden_continuous_size': 11, 'attention_head_size': 4, 'learning_rate': 0.02147138810236918}. Best is trial 45 with value: 1200.4156494140625.
LOCAL_RANK: 0 - CUDA_VISIBLE_DEVICES: [0]
[I 2023-11-30 03:29:51,300] Trial 73 finished with value: 1537.7037353515625 and parameters: {'gradient_clip_val': 0.5879901318891362, 'hidden_size': 28, 'dropout': 0.2481911194381925, 'hidden_continuous_size': 11, 'attention_head_size': 4, 'learning_rate': 0.011309056064472871}. Best is trial 45 with value: 1200.4156494140625.
LOCAL_RANK: 0 - CUDA_VISIBLE_DEVICES: [0]
[I 2023-11-30 03:30:03,387] Trial 74 finished with value: 1453.2127685546875 and parameters: {'gradient_clip_val': 0.8354722538952537, 'hidden_size': 20, 'dropout': 0.23256439142678692, 'hidden_continuous_size': 13, 'attention_head_size': 4, 'learning_rate': 0.01734740178079983}. Best is trial 45 with value: 1200.4156494140625.
LOCAL_RANK: 0 - CUDA_VISIBLE_DEVICES: [0]
[I 2023-11-30 03:30:16,175] Trial 75 finished with value: 1623.677734375 and parameters: {'gradient_clip_val': 0.7319817540765391, 'hidden_size': 31, 'dropout': 0.19621154000656058, 'hidden_continuous_size': 14, 'attention_head_size': 4, 'learning_rate': 0.013662869031961733}. Best is trial 45 with value: 1200.4156494140625.
LOCAL_RANK: 0 - CUDA_VISIBLE_DEVICES: [0]
[I 2023-11-30 03:30:28,195] Trial 76 finished with value: 1935.5816650390625 and parameters: {'gradient_clip_val': 0.45772485818997094, 'hidden_size': 24, 'dropout': 0.20800981548574646, 'hidden_continuous_size': 12, 'attention_head_size': 1, 'learning_rate': 0.019555187105476057}. Best is trial 45 with value: 1200.4156494140625.
LOCAL_RANK: 0 - CUDA_VISIBLE_DEVICES: [0]
[I 2023-11-30 03:30:40,675] Trial 77 finished with value: 1409.2291259765625 and parameters: {'gradient_clip_val': 0.49773497518005105, 'hidden_size': 29, 'dropout': 0.18379542306582372, 'hidden_continuous_size': 11, 'attention_head_size': 4, 'learning_rate': 0.015217137506016287}. Best is trial 45 with value: 1200.4156494140625.
LOCAL_RANK: 0 - CUDA_VISIBLE_DEVICES: [0]
[I 2023-11-30 03:30:53,418] Trial 78 finished with value: 1458.6483154296875 and parameters: {'gradient_clip_val': 0.6165825506649453, 'hidden_size': 40, 'dropout': 0.2189646764151181, 'hidden_continuous_size': 21, 'attention_head_size': 3, 'learning_rate': 0.028631488445123317}. Best is trial 45 with value: 1200.4156494140625.
LOCAL_RANK: 0 - CUDA_VISIBLE_DEVICES: [0]
[I 2023-11-30 03:31:05,803] Trial 79 finished with value: 1797.65185546875 and parameters: {'gradient_clip_val': 0.5577420649440641, 'hidden_size': 23, 'dropout': 0.23858255148592733, 'hidden_continuous_size': 14, 'attention_head_size': 4, 'learning_rate': 0.010769271689106163}. Best is trial 45 with value: 1200.4156494140625.
LOCAL_RANK: 0 - CUDA_VISIBLE_DEVICES: [0]
[I 2023-11-30 03:31:18,403] Trial 80 finished with value: 1386.3482666015625 and parameters: {'gradient_clip_val': 0.7865374951415316, 'hidden_size': 26, 'dropout': 0.1648291575365098, 'hidden_continuous_size': 11, 'attention_head_size': 4, 'learning_rate': 0.023190922668252886}. Best is trial 45 with value: 1200.4156494140625.
LOCAL_RANK: 0 - CUDA_VISIBLE_DEVICES: [0]
[I 2023-11-30 03:31:30,628] Trial 81 finished with value: 1440.0115966796875 and parameters: {'gradient_clip_val': 0.7606222171281327, 'hidden_size': 26, 'dropout': 0.2636148908184013, 'hidden_continuous_size': 11, 'attention_head_size': 4, 'learning_rate': 0.019950592757644478}. Best is trial 45 with value: 1200.4156494140625.
LOCAL_RANK: 0 - CUDA_VISIBLE_DEVICES: [0]
[I 2023-11-30 03:31:43,025] Trial 82 finished with value: 1765.5931396484375 and parameters: {'gradient_clip_val': 0.8663946543301521, 'hidden_size': 31, 'dropout': 0.22676330071596085, 'hidden_continuous_size': 10, 'attention_head_size': 4, 'learning_rate': 0.019386335297188143}. Best is trial 45 with value: 1200.4156494140625.
LOCAL_RANK: 0 - CUDA_VISIBLE_DEVICES: [0]
[I 2023-11-30 03:31:55,404] Trial 83 finished with value: 1314.9488525390625 and parameters: {'gradient_clip_val': 0.7085144557323827, 'hidden_size': 25, 'dropout': 0.24942895405091575, 'hidden_continuous_size': 12, 'attention_head_size': 4, 'learning_rate': 0.013504534939098003}. Best is trial 45 with value: 1200.4156494140625.
LOCAL_RANK: 0 - CUDA_VISIBLE_DEVICES: [0]
[I 2023-11-30 03:32:07,661] Trial 84 finished with value: 1534.7197265625 and parameters: {'gradient_clip_val': 0.9601443036045124, 'hidden_size': 28, 'dropout': 0.2587534032581259, 'hidden_continuous_size': 11, 'attention_head_size': 4, 'learning_rate': 0.01629040237913468}. Best is trial 45 with value: 1200.4156494140625.
LOCAL_RANK: 0 - CUDA_VISIBLE_DEVICES: [0]
[I 2023-11-30 03:32:20,507] Trial 85 finished with value: 1254.62109375 and parameters: {'gradient_clip_val': 0.9094397201567479, 'hidden_size': 35, 'dropout': 0.19949152906148243, 'hidden_continuous_size': 10, 'attention_head_size': 4, 'learning_rate': 0.02376212794331822}. Best is trial 45 with value: 1200.4156494140625.
LOCAL_RANK: 0 - CUDA_VISIBLE_DEVICES: [0]
[I 2023-11-30 03:32:33,287] Trial 86 finished with value: 1292.0499267578125 and parameters: {'gradient_clip_val': 0.89827945459786, 'hidden_size': 37, 'dropout': 0.20157642790213018, 'hidden_continuous_size': 10, 'attention_head_size': 4, 'learning_rate': 0.025229452440392337}. Best is trial 45 with value: 1200.4156494140625.
LOCAL_RANK: 0 - CUDA_VISIBLE_DEVICES: [0]
[I 2023-11-30 03:32:45,991] Trial 87 finished with value: 1073.8319091796875 and parameters: {'gradient_clip_val': 0.9550741237038917, 'hidden_size': 34, 'dropout': 0.1938895499082834, 'hidden_continuous_size': 10, 'attention_head_size': 4, 'learning_rate': 0.016849126997347422}. Best is trial 87 with value: 1073.8319091796875.
LOCAL_RANK: 0 - CUDA_VISIBLE_DEVICES: [0]
[I 2023-11-30 03:32:58,514] Trial 88 finished with value: 1552.5166015625 and parameters: {'gradient_clip_val': 0.9649592315065374, 'hidden_size': 35, 'dropout': 0.1916863585932254, 'hidden_continuous_size': 10, 'attention_head_size': 4, 'learning_rate': 0.022316743261993496}. Best is trial 87 with value: 1073.8319091796875.
LOCAL_RANK: 0 - CUDA_VISIBLE_DEVICES: [0]
[I 2023-11-30 03:33:11,450] Trial 89 finished with value: 1619.6676025390625 and parameters: {'gradient_clip_val': 0.824330277209565, 'hidden_size': 43, 'dropout': 0.17842744352826295, 'hidden_continuous_size': 16, 'attention_head_size': 4, 'learning_rate': 0.028925771827423105}. Best is trial 87 with value: 1073.8319091796875.
LOCAL_RANK: 0 - CUDA_VISIBLE_DEVICES: [0]
[I 2023-11-30 03:33:23,935] Trial 90 finished with value: 1431.0921630859375 and parameters: {'gradient_clip_val': 0.8860166333069015, 'hidden_size': 32, 'dropout': 0.18845294756642583, 'hidden_continuous_size': 10, 'attention_head_size': 3, 'learning_rate': 0.012187146543982803}. Best is trial 87 with value: 1073.8319091796875.
LOCAL_RANK: 0 - CUDA_VISIBLE_DEVICES: [0]
[I 2023-11-30 03:33:36,431] Trial 91 finished with value: 1450.0650634765625 and parameters: {'gradient_clip_val': 0.8434069221729975, 'hidden_size': 33, 'dropout': 0.20107819250388864, 'hidden_continuous_size': 10, 'attention_head_size': 4, 'learning_rate': 0.017245297536394154}. Best is trial 87 with value: 1073.8319091796875.
LOCAL_RANK: 0 - CUDA_VISIBLE_DEVICES: [0]
[I 2023-11-30 03:33:48,908] Trial 92 finished with value: 1231.34716796875 and parameters: {'gradient_clip_val': 0.9541770315135463, 'hidden_size': 36, 'dropout': 0.20803989092628047, 'hidden_continuous_size': 10, 'attention_head_size': 4, 'learning_rate': 0.014168601646711933}. Best is trial 87 with value: 1073.8319091796875.
LOCAL_RANK: 0 - CUDA_VISIBLE_DEVICES: [0]
[I 2023-11-30 03:34:01,511] Trial 93 finished with value: 1344.6412353515625 and parameters: {'gradient_clip_val': 0.9372189489635135, 'hidden_size': 35, 'dropout': 0.20820179392659238, 'hidden_continuous_size': 12, 'attention_head_size': 4, 'learning_rate': 0.01443097074973181}. Best is trial 87 with value: 1073.8319091796875.
LOCAL_RANK: 0 - CUDA_VISIBLE_DEVICES: [0]
[I 2023-11-30 03:34:14,419] Trial 94 finished with value: 1440.7071533203125 and parameters: {'gradient_clip_val': 0.8889853022503731, 'hidden_size': 39, 'dropout': 0.21428879176219545, 'hidden_continuous_size': 19, 'attention_head_size': 4, 'learning_rate': 0.01633845530807273}. Best is trial 87 with value: 1073.8319091796875.
LOCAL_RANK: 0 - CUDA_VISIBLE_DEVICES: [0]
[I 2023-11-30 03:34:27,100] Trial 95 finished with value: 1638.1478271484375 and parameters: {'gradient_clip_val': 0.9583227426069797, 'hidden_size': 37, 'dropout': 0.19561991654620575, 'hidden_continuous_size': 11, 'attention_head_size': 4, 'learning_rate': 0.02089749794172687}. Best is trial 87 with value: 1073.8319091796875.
LOCAL_RANK: 0 - CUDA_VISIBLE_DEVICES: [0]
