[I 2023-11-30 03:46:31,956] Trial 3 finished with value: 68.79827880859375 and parameters: {'gradient_clip_val': 0.3329950386145374, 'hidden_size': 109, 'dropout': 0.2664787260574976, 'hidden_continuous_size': 29, 'attention_head_size': 4, 'learning_rate': 0.0018782765584408694}. Best is trial 2 with value: 45.87022018432617.
LOCAL_RANK: 0 - CUDA_VISIBLE_DEVICES: [0]
[I 2023-11-30 03:46:45,879] Trial 4 finished with value: 54.57331466674805 and parameters: {'gradient_clip_val': 0.10023481691396496, 'hidden_size': 88, 'dropout': 0.16984478622809362, 'hidden_continuous_size': 76, 'attention_head_size': 2, 'learning_rate': 0.00210904996213476}. Best is trial 2 with value: 45.87022018432617.
LOCAL_RANK: 0 - CUDA_VISIBLE_DEVICES: [0]
[I 2023-11-30 03:46:58,396] Trial 5 finished with value: 86.00691986083984 and parameters: {'gradient_clip_val': 0.12745183799237114, 'hidden_size': 30, 'dropout': 0.16626898671549478, 'hidden_continuous_size': 10, 'attention_head_size': 2, 'learning_rate': 0.005417939244184805}. Best is trial 2 with value: 45.87022018432617.
LOCAL_RANK: 0 - CUDA_VISIBLE_DEVICES: [0]
[I 2023-11-30 03:47:10,470] Trial 6 finished with value: 39.976314544677734 and parameters: {'gradient_clip_val': 0.37249823873787824, 'hidden_size': 15, 'dropout': 0.37704544420193253, 'hidden_continuous_size': 10, 'attention_head_size': 1, 'learning_rate': 0.08481746459629687}. Best is trial 6 with value: 39.976314544677734.
LOCAL_RANK: 0 - CUDA_VISIBLE_DEVICES: [0]
[I 2023-11-30 03:47:22,907] Trial 7 finished with value: 155.1248016357422 and parameters: {'gradient_clip_val': 0.23358555776847537, 'hidden_size': 36, 'dropout': 0.2215780828986304, 'hidden_continuous_size': 14, 'attention_head_size': 2, 'learning_rate': 0.0017976071943863175}. Best is trial 6 with value: 39.976314544677734.
LOCAL_RANK: 0 - CUDA_VISIBLE_DEVICES: [0]
[I 2023-11-30 03:47:33,016] Trial 8 finished with value: 181.2078094482422 and parameters: {'gradient_clip_val': 0.21920212461347124, 'hidden_size': 10, 'dropout': 0.2831615665218433, 'hidden_continuous_size': 10, 'attention_head_size': 1, 'learning_rate': 0.0011285126251778332}. Best is trial 6 with value: 39.976314544677734.
LOCAL_RANK: 0 - CUDA_VISIBLE_DEVICES: [0]
[I 2023-11-30 03:47:43,218] Trial 9 finished with value: 106.94281768798828 and parameters: {'gradient_clip_val': 0.19915321037500666, 'hidden_size': 12, 'dropout': 0.3184717580120018, 'hidden_continuous_size': 12, 'attention_head_size': 2, 'learning_rate': 0.014324486414024253}. Best is trial 6 with value: 39.976314544677734.
LOCAL_RANK: 0 - CUDA_VISIBLE_DEVICES: [0]
[I 2023-11-30 03:47:55,545] Trial 10 finished with value: 52.664276123046875 and parameters: {'gradient_clip_val': 0.6777681839914101, 'hidden_size': 19, 'dropout': 0.3935789760165623, 'hidden_continuous_size': 11, 'attention_head_size': 1, 'learning_rate': 0.08797325786664308}. Best is trial 6 with value: 39.976314544677734.
LOCAL_RANK: 0 - CUDA_VISIBLE_DEVICES: [0]
[I 2023-11-30 03:48:08,458] Trial 11 finished with value: 46.839481353759766 and parameters: {'gradient_clip_val': 0.37168097593482524, 'hidden_size': 55, 'dropout': 0.3562193163554367, 'hidden_continuous_size': 17, 'attention_head_size': 1, 'learning_rate': 0.03512474109900237}. Best is trial 6 with value: 39.976314544677734.
LOCAL_RANK: 0 - CUDA_VISIBLE_DEVICES: [0]
[I 2023-11-30 03:48:20,771] Trial 12 finished with value: 51.79719161987305 and parameters: {'gradient_clip_val': 0.46406863579579427, 'hidden_size': 23, 'dropout': 0.3385874246117965, 'hidden_continuous_size': 13, 'attention_head_size': 3, 'learning_rate': 0.017366418801229636}. Best is trial 6 with value: 39.976314544677734.
LOCAL_RANK: 0 - CUDA_VISIBLE_DEVICES: [0]
[I 2023-11-30 03:48:33,948] Trial 13 finished with value: 47.1895637512207 and parameters: {'gradient_clip_val': 0.27585688373341377, 'hidden_size': 64, 'dropout': 0.36986211908195216, 'hidden_continuous_size': 20, 'attention_head_size': 3, 'learning_rate': 0.055165256151644144}. Best is trial 6 with value: 39.976314544677734.
LOCAL_RANK: 0 - CUDA_VISIBLE_DEVICES: [0]
[I 2023-11-30 03:48:46,718] Trial 14 finished with value: 44.97113037109375 and parameters: {'gradient_clip_val': 0.9250103492394837, 'hidden_size': 47, 'dropout': 0.3966017625742191, 'hidden_continuous_size': 17, 'attention_head_size': 1, 'learning_rate': 0.025673781075834713}. Best is trial 6 with value: 39.976314544677734.
LOCAL_RANK: 0 - CUDA_VISIBLE_DEVICES: [0]
[I 2023-11-30 03:48:58,906] Trial 15 finished with value: 65.40086364746094 and parameters: {'gradient_clip_val': 0.8919798158005473, 'hidden_size': 17, 'dropout': 0.3996894602261009, 'hidden_continuous_size': 11, 'attention_head_size': 1, 'learning_rate': 0.031894780607101894}. Best is trial 6 with value: 39.976314544677734.
LOCAL_RANK: 0 - CUDA_VISIBLE_DEVICES: [0]
[I 2023-11-30 03:49:11,066] Trial 16 finished with value: 54.31825256347656 and parameters: {'gradient_clip_val': 0.5288618465110217, 'hidden_size': 28, 'dropout': 0.3303880933872981, 'hidden_continuous_size': 14, 'attention_head_size': 1, 'learning_rate': 0.09494074157784392}. Best is trial 6 with value: 39.976314544677734.
LOCAL_RANK: 0 - CUDA_VISIBLE_DEVICES: [0]
[I 2023-11-30 03:49:23,671] Trial 17 finished with value: 45.08283615112305 and parameters: {'gradient_clip_val': 0.9836729350328085, 'hidden_size': 42, 'dropout': 0.3651070179954041, 'hidden_continuous_size': 16, 'attention_head_size': 1, 'learning_rate': 0.03069319660255295}. Best is trial 6 with value: 39.976314544677734.
LOCAL_RANK: 0 - CUDA_VISIBLE_DEVICES: [0]
[I 2023-11-30 03:49:35,857] Trial 18 finished with value: 50.076602935791016 and parameters: {'gradient_clip_val': 0.7344839065076917, 'hidden_size': 15, 'dropout': 0.3174830853721723, 'hidden_continuous_size': 11, 'attention_head_size': 3, 'learning_rate': 0.05616868236175157}. Best is trial 6 with value: 39.976314544677734.
LOCAL_RANK: 0 - CUDA_VISIBLE_DEVICES: [0]
[I 2023-11-30 03:49:49,849] Trial 19 finished with value: 44.50811767578125 and parameters: {'gradient_clip_val': 0.44152713052517006, 'hidden_size': 141, 'dropout': 0.3976079535983971, 'hidden_continuous_size': 24, 'attention_head_size': 1, 'learning_rate': 0.008534490710457381}. Best is trial 6 with value: 39.976314544677734.
LOCAL_RANK: 0 - CUDA_VISIBLE_DEVICES: [0]
[I 2023-11-30 03:50:03,933] Trial 20 finished with value: 43.35612106323242 and parameters: {'gradient_clip_val': 0.37445278341405025, 'hidden_size': 133, 'dropout': 0.24293676944505282, 'hidden_continuous_size': 25, 'attention_head_size': 1, 'learning_rate': 0.008301557202515906}. Best is trial 6 with value: 39.976314544677734.
LOCAL_RANK: 0 - CUDA_VISIBLE_DEVICES: [0]
[I 2023-11-30 03:50:17,847] Trial 21 finished with value: 52.23625564575195 and parameters: {'gradient_clip_val': 0.42070688089767055, 'hidden_size': 135, 'dropout': 0.25081020760085093, 'hidden_continuous_size': 27, 'attention_head_size': 1, 'learning_rate': 0.007071918334811225}. Best is trial 6 with value: 39.976314544677734.
LOCAL_RANK: 0 - CUDA_VISIBLE_DEVICES: [0]
[I 2023-11-30 03:50:31,634] Trial 22 finished with value: 61.71903610229492 and parameters: {'gradient_clip_val': 0.2784133818700249, 'hidden_size': 109, 'dropout': 0.22318583728609515, 'hidden_continuous_size': 36, 'attention_head_size': 1, 'learning_rate': 0.010194529654063}. Best is trial 6 with value: 39.976314544677734.
LOCAL_RANK: 0 - CUDA_VISIBLE_DEVICES: [0]
[I 2023-11-30 03:50:45,669] Trial 23 finished with value: 48.200653076171875 and parameters: {'gradient_clip_val': 0.38214243922168367, 'hidden_size': 145, 'dropout': 0.2980893059981173, 'hidden_continuous_size': 23, 'attention_head_size': 1, 'learning_rate': 0.005733302262807762}. Best is trial 6 with value: 39.976314544677734.
LOCAL_RANK: 0 - CUDA_VISIBLE_DEVICES: [0]
[I 2023-11-30 03:50:59,007] Trial 24 finished with value: 44.0906867980957 and parameters: {'gradient_clip_val': 0.5530150992239183, 'hidden_size': 68, 'dropout': 0.3737152198054151, 'hidden_continuous_size': 32, 'attention_head_size': 2, 'learning_rate': 0.009699717362423147}. Best is trial 6 with value: 39.976314544677734.
LOCAL_RANK: 0 - CUDA_VISIBLE_DEVICES: [0]
[I 2023-11-30 03:51:12,689] Trial 25 finished with value: 46.8372917175293 and parameters: {'gradient_clip_val': 0.551555778950426, 'hidden_size': 66, 'dropout': 0.3473111026268625, 'hidden_continuous_size': 33, 'attention_head_size': 2, 'learning_rate': 0.004716228723748824}. Best is trial 6 with value: 39.976314544677734.
LOCAL_RANK: 0 - CUDA_VISIBLE_DEVICES: [0]
[I 2023-11-30 03:51:26,411] Trial 26 finished with value: 48.06398010253906 and parameters: {'gradient_clip_val': 0.34134315969824536, 'hidden_size': 75, 'dropout': 0.37151360159636826, 'hidden_continuous_size': 44, 'attention_head_size': 3, 'learning_rate': 0.009850135170795929}. Best is trial 6 with value: 39.976314544677734.
LOCAL_RANK: 0 - CUDA_VISIBLE_DEVICES: [0]
[I 2023-11-30 03:51:39,444] Trial 27 finished with value: 56.711090087890625 and parameters: {'gradient_clip_val': 0.5282811839956927, 'hidden_size': 58, 'dropout': 0.31390557706178934, 'hidden_continuous_size': 23, 'attention_head_size': 2, 'learning_rate': 0.0039023289215447724}. Best is trial 6 with value: 39.976314544677734.
LOCAL_RANK: 0 - CUDA_VISIBLE_DEVICES: [0]
[I 2023-11-30 03:51:52,306] Trial 28 finished with value: 40.24567413330078 and parameters: {'gradient_clip_val': 0.29192658134088934, 'hidden_size': 51, 'dropout': 0.3509042081519892, 'hidden_continuous_size': 15, 'attention_head_size': 2, 'learning_rate': 0.0198256923219549}. Best is trial 6 with value: 39.976314544677734.
LOCAL_RANK: 0 - CUDA_VISIBLE_DEVICES: [0]
[I 2023-11-30 03:52:05,039] Trial 29 finished with value: 44.46311950683594 and parameters: {'gradient_clip_val': 0.28861773180797595, 'hidden_size': 51, 'dropout': 0.3401054209641302, 'hidden_continuous_size': 15, 'attention_head_size': 2, 'learning_rate': 0.01795243752448626}. Best is trial 6 with value: 39.976314544677734.
LOCAL_RANK: 0 - CUDA_VISIBLE_DEVICES: [0]
[I 2023-11-30 03:52:17,869] Trial 30 finished with value: 51.719974517822266 and parameters: {'gradient_clip_val': 0.30844615098659545, 'hidden_size': 37, 'dropout': 0.2805130164296231, 'hidden_continuous_size': 13, 'attention_head_size': 3, 'learning_rate': 0.05988074618693145}. Best is trial 6 with value: 39.976314544677734.
LOCAL_RANK: 0 - CUDA_VISIBLE_DEVICES: [0]
[I 2023-11-30 03:52:31,252] Trial 31 finished with value: 43.285491943359375 and parameters: {'gradient_clip_val': 0.38368628319049497, 'hidden_size': 76, 'dropout': 0.37555762367467643, 'hidden_continuous_size': 19, 'attention_head_size': 2, 'learning_rate': 0.007446498819600067}. Best is trial 6 with value: 39.976314544677734.
LOCAL_RANK: 0 - CUDA_VISIBLE_DEVICES: [0]
[I 2023-11-30 03:52:44,695] Trial 32 finished with value: 42.88295364379883 and parameters: {'gradient_clip_val': 0.3747127833886724, 'hidden_size': 81, 'dropout': 0.3587361531046012, 'hidden_continuous_size': 19, 'attention_head_size': 2, 'learning_rate': 0.007139646513338957}. Best is trial 6 with value: 39.976314544677734.
LOCAL_RANK: 0 - CUDA_VISIBLE_DEVICES: [0]
[I 2023-11-30 03:52:58,008] Trial 33 finished with value: 47.17484664916992 and parameters: {'gradient_clip_val': 0.3242773174700159, 'hidden_size': 81, 'dropout': 0.3511524917190765, 'hidden_continuous_size': 19, 'attention_head_size': 2, 'learning_rate': 0.003670146312551974}. Best is trial 6 with value: 39.976314544677734.
LOCAL_RANK: 0 - CUDA_VISIBLE_DEVICES: [0]
[I 2023-11-30 03:53:11,103] Trial 34 finished with value: 46.520999908447266 and parameters: {'gradient_clip_val': 0.26623573539388146, 'hidden_size': 53, 'dropout': 0.37657912412223293, 'hidden_continuous_size': 21, 'attention_head_size': 4, 'learning_rate': 0.012608549756856038}. Best is trial 6 with value: 39.976314544677734.
LOCAL_RANK: 0 - CUDA_VISIBLE_DEVICES: [0]
[I 2023-11-30 03:53:24,743] Trial 35 finished with value: 44.7417106628418 and parameters: {'gradient_clip_val': 0.34637523064596965, 'hidden_size': 83, 'dropout': 0.35387781097432613, 'hidden_continuous_size': 18, 'attention_head_size': 2, 'learning_rate': 0.006544935641863982}. Best is trial 6 with value: 39.976314544677734.
LOCAL_RANK: 0 - CUDA_VISIBLE_DEVICES: [0]
[I 2023-11-30 03:53:37,430] Trial 36 finished with value: 50.44389724731445 and parameters: {'gradient_clip_val': 0.1644184724711951, 'hidden_size': 43, 'dropout': 0.33098609304148685, 'hidden_continuous_size': 16, 'attention_head_size': 3, 'learning_rate': 0.022958267856920327}. Best is trial 6 with value: 39.976314544677734.
LOCAL_RANK: 0 - CUDA_VISIBLE_DEVICES: [0]
[I 2023-11-30 03:53:50,729] Trial 37 finished with value: 46.80999755859375 and parameters: {'gradient_clip_val': 0.39913293071282574, 'hidden_size': 89, 'dropout': 0.3793590609825173, 'hidden_continuous_size': 15, 'attention_head_size': 2, 'learning_rate': 0.011885048008033935}. Best is trial 6 with value: 39.976314544677734.
LOCAL_RANK: 0 - CUDA_VISIBLE_DEVICES: [0]
[I 2023-11-30 03:54:04,130] Trial 38 finished with value: 50.00687789916992 and parameters: {'gradient_clip_val': 0.3205467379316937, 'hidden_size': 98, 'dropout': 0.38164036524403777, 'hidden_continuous_size': 13, 'attention_head_size': 2, 'learning_rate': 0.007266231219330403}. Best is trial 6 with value: 39.976314544677734.
LOCAL_RANK: 0 - CUDA_VISIBLE_DEVICES: [0]
[I 2023-11-30 03:54:17,697] Trial 39 finished with value: 43.9820671081543 and parameters: {'gradient_clip_val': 0.2565907891888884, 'hidden_size': 75, 'dropout': 0.360369149052733, 'hidden_continuous_size': 21, 'attention_head_size': 4, 'learning_rate': 0.0050231829624178955}. Best is trial 6 with value: 39.976314544677734.
LOCAL_RANK: 0 - CUDA_VISIBLE_DEVICES: [0]
[I 2023-11-30 03:54:30,621] Trial 40 finished with value: 107.54107666015625 and parameters: {'gradient_clip_val': 0.23330004461393122, 'hidden_size': 61, 'dropout': 0.3849047339191203, 'hidden_continuous_size': 10, 'attention_head_size': 2, 'learning_rate': 0.0027607466043992066}. Best is trial 6 with value: 39.976314544677734.
LOCAL_RANK: 0 - CUDA_VISIBLE_DEVICES: [0]
[I 2023-11-30 03:54:44,461] Trial 41 finished with value: 45.67612838745117 and parameters: {'gradient_clip_val': 0.36923602735024713, 'hidden_size': 106, 'dropout': 0.35432005182637866, 'hidden_continuous_size': 18, 'attention_head_size': 2, 'learning_rate': 0.014412109047689386}. Best is trial 6 with value: 39.976314544677734.
LOCAL_RANK: 0 - CUDA_VISIBLE_DEVICES: [0]
[I 2023-11-30 03:54:58,890] Trial 42 finished with value: 46.14883804321289 and parameters: {'gradient_clip_val': 0.45757829497710045, 'hidden_size': 126, 'dropout': 0.3004371897959631, 'hidden_continuous_size': 123, 'attention_head_size': 1, 'learning_rate': 0.008022763467111754}. Best is trial 6 with value: 39.976314544677734.
LOCAL_RANK: 0 - CUDA_VISIBLE_DEVICES: [0]
[I 2023-11-30 03:55:12,774] Trial 43 finished with value: 40.838436126708984 and parameters: {'gradient_clip_val': 0.3576343648387113, 'hidden_size': 118, 'dropout': 0.32594657791143455, 'hidden_continuous_size': 26, 'attention_head_size': 2, 'learning_rate': 0.008372075062634952}. Best is trial 6 with value: 39.976314544677734.
LOCAL_RANK: 0 - CUDA_VISIBLE_DEVICES: [0]
[I 2023-11-30 03:55:26,314] Trial 44 finished with value: 41.12905502319336 and parameters: {'gradient_clip_val': 0.3061599530360777, 'hidden_size': 94, 'dropout': 0.32901924378508096, 'hidden_continuous_size': 20, 'attention_head_size': 2, 'learning_rate': 0.0057220164808537465}. Best is trial 6 with value: 39.976314544677734.
LOCAL_RANK: 0 - CUDA_VISIBLE_DEVICES: [0]
[I 2023-11-30 03:55:39,677] Trial 45 finished with value: 49.678836822509766 and parameters: {'gradient_clip_val': 0.2933787315029757, 'hidden_size': 96, 'dropout': 0.3276656114787201, 'hidden_continuous_size': 12, 'attention_head_size': 2, 'learning_rate': 0.006089566469082227}. Best is trial 6 with value: 39.976314544677734.
LOCAL_RANK: 0 - CUDA_VISIBLE_DEVICES: [0]
[I 2023-11-30 03:55:53,605] Trial 46 finished with value: 43.31046676635742 and parameters: {'gradient_clip_val': 0.24942775967647707, 'hidden_size': 118, 'dropout': 0.34558436906551243, 'hidden_continuous_size': 21, 'attention_head_size': 2, 'learning_rate': 0.017650698167008167}. Best is trial 6 with value: 39.976314544677734.
LOCAL_RANK: 0 - CUDA_VISIBLE_DEVICES: [0]
[I 2023-11-30 03:56:07,457] Trial 47 finished with value: 41.76424789428711 and parameters: {'gradient_clip_val': 0.3095311383096704, 'hidden_size': 114, 'dropout': 0.30571521874999663, 'hidden_continuous_size': 15, 'attention_head_size': 3, 'learning_rate': 0.041696774943844994}. Best is trial 6 with value: 39.976314544677734.
LOCAL_RANK: 0 - CUDA_VISIBLE_DEVICES: [0]
[I 2023-11-30 03:56:21,208] Trial 48 finished with value: 45.25629806518555 and parameters: {'gradient_clip_val': 0.20975668183111856, 'hidden_size': 111, 'dropout': 0.3062213549711428, 'hidden_continuous_size': 15, 'attention_head_size': 3, 'learning_rate': 0.041873862253590396}. Best is trial 6 with value: 39.976314544677734.
LOCAL_RANK: 0 - CUDA_VISIBLE_DEVICES: [0]
[I 2023-11-30 03:56:34,899] Trial 49 finished with value: 46.29011154174805 and parameters: {'gradient_clip_val': 0.30522103140291595, 'hidden_size': 121, 'dropout': 0.3247728041293991, 'hidden_continuous_size': 12, 'attention_head_size': 3, 'learning_rate': 0.07167397894503266}. Best is trial 6 with value: 39.976314544677734.
LOCAL_RANK: 0 - CUDA_VISIBLE_DEVICES: [0]
[I 2023-11-30 03:56:47,270] Trial 50 finished with value: 40.58740234375 and parameters: {'gradient_clip_val': 0.33196270226367713, 'hidden_size': 32, 'dropout': 0.3112288539709095, 'hidden_continuous_size': 14, 'attention_head_size': 4, 'learning_rate': 0.04184419399773997}. Best is trial 6 with value: 39.976314544677734.
LOCAL_RANK: 0 - CUDA_VISIBLE_DEVICES: [0]
[I 2023-11-30 03:56:59,957] Trial 51 finished with value: 38.212181091308594 and parameters: {'gradient_clip_val': 0.3382972543413863, 'hidden_size': 30, 'dropout': 0.31076793866422864, 'hidden_continuous_size': 14, 'attention_head_size': 4, 'learning_rate': 0.0440382872994869}. Best is trial 51 with value: 38.212181091308594.
LOCAL_RANK: 0 - CUDA_VISIBLE_DEVICES: [0]
[I 2023-11-30 03:57:12,287] Trial 52 finished with value: 42.30644607543945 and parameters: {'gradient_clip_val': 0.3387021046586526, 'hidden_size': 32, 'dropout': 0.3366801817935155, 'hidden_continuous_size': 14, 'attention_head_size': 4, 'learning_rate': 0.07522903867558339}. Best is trial 51 with value: 38.212181091308594.
LOCAL_RANK: 0 - CUDA_VISIBLE_DEVICES: [0]
[I 2023-11-30 03:57:24,695] Trial 53 finished with value: 47.78201675415039 and parameters: {'gradient_clip_val': 0.2782602306236172, 'hidden_size': 27, 'dropout': 0.31626966909277626, 'hidden_continuous_size': 14, 'attention_head_size': 4, 'learning_rate': 0.04630562467777603}. Best is trial 51 with value: 38.212181091308594.
LOCAL_RANK: 0 - CUDA_VISIBLE_DEVICES: [0]
[I 2023-11-30 03:57:36,971] Trial 54 finished with value: 46.68782424926758 and parameters: {'gradient_clip_val': 0.42307989244601457, 'hidden_size': 24, 'dropout': 0.28426926176037787, 'hidden_continuous_size': 16, 'attention_head_size': 4, 'learning_rate': 0.026643648878507977}. Best is trial 51 with value: 38.212181091308594.
LOCAL_RANK: 0 - CUDA_VISIBLE_DEVICES: [0]
[I 2023-11-30 03:57:49,582] Trial 55 finished with value: 49.20235061645508 and parameters: {'gradient_clip_val': 0.2539432856015221, 'hidden_size': 34, 'dropout': 0.34048708681880424, 'hidden_continuous_size': 11, 'attention_head_size': 4, 'learning_rate': 0.09568716413954116}. Best is trial 51 with value: 38.212181091308594.
LOCAL_RANK: 0 - CUDA_VISIBLE_DEVICES: [0]
[I 2023-11-30 03:58:02,370] Trial 56 finished with value: 46.906280517578125 and parameters: {'gradient_clip_val': 0.32902763757582765, 'hidden_size': 48, 'dropout': 0.3273141871286996, 'hidden_continuous_size': 10, 'attention_head_size': 4, 'learning_rate': 0.03607756786898502}. Best is trial 51 with value: 38.212181091308594.
LOCAL_RANK: 0 - CUDA_VISIBLE_DEVICES: [0]
[I 2023-11-30 03:58:14,562] Trial 57 finished with value: 43.43070602416992 and parameters: {'gradient_clip_val': 0.3599323853534038, 'hidden_size': 20, 'dropout': 0.36593066581373473, 'hidden_continuous_size': 13, 'attention_head_size': 4, 'learning_rate': 0.052558006237293516}. Best is trial 51 with value: 38.212181091308594.
LOCAL_RANK: 0 - CUDA_VISIBLE_DEVICES: [0]
[I 2023-11-30 03:58:27,358] Trial 58 finished with value: 42.727935791015625 and parameters: {'gradient_clip_val': 0.41513567441359484, 'hidden_size': 39, 'dropout': 0.2886166770095952, 'hidden_continuous_size': 17, 'attention_head_size': 3, 'learning_rate': 0.062071694436544436}. Best is trial 51 with value: 38.212181091308594.
LOCAL_RANK: 0 - CUDA_VISIBLE_DEVICES: [0]
[I 2023-11-30 03:58:39,892] Trial 59 finished with value: 43.81356430053711 and parameters: {'gradient_clip_val': 0.34639173166794046, 'hidden_size': 40, 'dropout': 0.32018715725281555, 'hidden_continuous_size': 12, 'attention_head_size': 3, 'learning_rate': 0.07334233530556905}. Best is trial 51 with value: 38.212181091308594.
LOCAL_RANK: 0 - CUDA_VISIBLE_DEVICES: [0]
[I 2023-11-30 03:58:52,085] Trial 60 finished with value: 47.1385383605957 and parameters: {'gradient_clip_val': 0.28661559952607174, 'hidden_size': 34, 'dropout': 0.33919083315018767, 'hidden_continuous_size': 11, 'attention_head_size': 1, 'learning_rate': 0.08335295950385889}. Best is trial 51 with value: 38.212181091308594.
LOCAL_RANK: 0 - CUDA_VISIBLE_DEVICES: [0]
[I 2023-11-30 03:59:06,496] Trial 61 finished with value: 39.790775299072266 and parameters: {'gradient_clip_val': 0.31192418141872774, 'hidden_size': 148, 'dropout': 0.3065865906443367, 'hidden_continuous_size': 17, 'attention_head_size': 4, 'learning_rate': 0.03869704241599855}. Best is trial 51 with value: 38.212181091308594.
LOCAL_RANK: 0 - CUDA_VISIBLE_DEVICES: [0]
