[I 2023-11-30 14:03:35,341] Trial 6 finished with value: 143.26145935058594 and parameters: {'gradient_clip_val': 0.1644331341745914, 'hidden_size': 100, 'dropout': 0.26244780462295214, 'hidden_continuous_size': 44, 'attention_head_size': 2, 'learning_rate': 0.01568613260557296}. Best is trial 5 with value: 137.7469482421875.
LOCAL_RANK: 0 - CUDA_VISIBLE_DEVICES: [0]
[I 2023-11-30 14:03:48,345] Trial 7 finished with value: 129.52349853515625 and parameters: {'gradient_clip_val': 0.12130083842551455, 'hidden_size': 55, 'dropout': 0.26258119579268446, 'hidden_continuous_size': 30, 'attention_head_size': 3, 'learning_rate': 0.023966058006084024}. Best is trial 7 with value: 129.52349853515625.
LOCAL_RANK: 0 - CUDA_VISIBLE_DEVICES: [0]
[I 2023-11-30 14:04:02,086] Trial 8 finished with value: 125.0688247680664 and parameters: {'gradient_clip_val': 0.8534942155613064, 'hidden_size': 120, 'dropout': 0.21877271863322237, 'hidden_continuous_size': 52, 'attention_head_size': 2, 'learning_rate': 0.0021835433376245625}. Best is trial 8 with value: 125.0688247680664.
LOCAL_RANK: 0 - CUDA_VISIBLE_DEVICES: [0]
[I 2023-11-30 14:04:14,047] Trial 9 finished with value: 189.9007568359375 and parameters: {'gradient_clip_val': 0.13943445457257322, 'hidden_size': 13, 'dropout': 0.29442939606388135, 'hidden_continuous_size': 12, 'attention_head_size': 3, 'learning_rate': 0.008230788441325711}. Best is trial 8 with value: 125.0688247680664.
LOCAL_RANK: 0 - CUDA_VISIBLE_DEVICES: [0]
[I 2023-11-30 14:04:28,267] Trial 10 finished with value: 123.60066986083984 and parameters: {'gradient_clip_val': 0.4645799801760936, 'hidden_size': 123, 'dropout': 0.1304408858188144, 'hidden_continuous_size': 84, 'attention_head_size': 4, 'learning_rate': 0.0010236698484082313}. Best is trial 10 with value: 123.60066986083984.
LOCAL_RANK: 0 - CUDA_VISIBLE_DEVICES: [0]
[I 2023-11-30 14:04:43,027] Trial 11 finished with value: 131.67825317382812 and parameters: {'gradient_clip_val': 0.47347235445528374, 'hidden_size': 143, 'dropout': 0.10020865552270466, 'hidden_continuous_size': 93, 'attention_head_size': 4, 'learning_rate': 0.001029363456241889}. Best is trial 10 with value: 123.60066986083984.
LOCAL_RANK: 0 - CUDA_VISIBLE_DEVICES: [0]
[I 2023-11-30 14:04:57,012] Trial 12 finished with value: 157.22373962402344 and parameters: {'gradient_clip_val': 0.5344886924939384, 'hidden_size': 85, 'dropout': 0.12786413985728032, 'hidden_continuous_size': 79, 'attention_head_size': 4, 'learning_rate': 0.0010203569529547833}. Best is trial 10 with value: 123.60066986083984.
LOCAL_RANK: 0 - CUDA_VISIBLE_DEVICES: [0]
[I 2023-11-30 14:05:11,442] Trial 13 finished with value: 133.18707275390625 and parameters: {'gradient_clip_val': 0.3950551977619252, 'hidden_size': 133, 'dropout': 0.18252243717950417, 'hidden_continuous_size': 130, 'attention_head_size': 2, 'learning_rate': 0.0019567264596134478}. Best is trial 10 with value: 123.60066986083984.
LOCAL_RANK: 0 - CUDA_VISIBLE_DEVICES: [0]
[I 2023-11-30 14:05:25,274] Trial 14 finished with value: 130.2078399658203 and parameters: {'gradient_clip_val': 0.27779120101764143, 'hidden_size': 79, 'dropout': 0.14536735872608983, 'hidden_continuous_size': 48, 'attention_head_size': 4, 'learning_rate': 0.0016856829116802263}. Best is trial 10 with value: 123.60066986083984.
LOCAL_RANK: 0 - CUDA_VISIBLE_DEVICES: [0]
[I 2023-11-30 14:05:39,833] Trial 15 finished with value: 165.8411102294922 and parameters: {'gradient_clip_val': 0.5856422926804803, 'hidden_size': 60, 'dropout': 0.1949907961182804, 'hidden_continuous_size': 40, 'attention_head_size': 2, 'learning_rate': 0.0019568619478279085}. Best is trial 10 with value: 123.60066986083984.
LOCAL_RANK: 0 - CUDA_VISIBLE_DEVICES: [0]
[I 2023-11-30 14:05:54,442] Trial 16 finished with value: 154.80657958984375 and parameters: {'gradient_clip_val': 0.47427266204540763, 'hidden_size': 150, 'dropout': 0.1511573060405132, 'hidden_continuous_size': 65, 'attention_head_size': 4, 'learning_rate': 0.004166208713613544}. Best is trial 10 with value: 123.60066986083984.
LOCAL_RANK: 0 - CUDA_VISIBLE_DEVICES: [0]
[I 2023-11-30 14:06:08,156] Trial 17 finished with value: 138.7920379638672 and parameters: {'gradient_clip_val': 0.6234703851257803, 'hidden_size': 112, 'dropout': 0.1144689530182286, 'hidden_continuous_size': 59, 'attention_head_size': 3, 'learning_rate': 0.001083432798958238}. Best is trial 10 with value: 123.60066986083984.
LOCAL_RANK: 0 - CUDA_VISIBLE_DEVICES: [0]
[I 2023-11-30 14:06:21,458] Trial 18 finished with value: 127.269287109375 and parameters: {'gradient_clip_val': 0.9787998246311945, 'hidden_size': 71, 'dropout': 0.2046365409591916, 'hidden_continuous_size': 37, 'attention_head_size': 2, 'learning_rate': 0.002536718172761446}. Best is trial 10 with value: 123.60066986083984.
LOCAL_RANK: 0 - CUDA_VISIBLE_DEVICES: [0]
[I 2023-11-30 14:06:35,046] Trial 19 finished with value: 126.2495346069336 and parameters: {'gradient_clip_val': 0.27930042038670416, 'hidden_size': 102, 'dropout': 0.1701491128554991, 'hidden_continuous_size': 55, 'attention_head_size': 1, 'learning_rate': 0.001571233380314358}. Best is trial 10 with value: 123.60066986083984.
LOCAL_RANK: 0 - CUDA_VISIBLE_DEVICES: [0]
[I 2023-11-30 14:06:49,351] Trial 20 finished with value: 134.60353088378906 and parameters: {'gradient_clip_val': 0.3987122575224032, 'hidden_size': 111, 'dropout': 0.13758886169215093, 'hidden_continuous_size': 73, 'attention_head_size': 4, 'learning_rate': 0.003936669638978231}. Best is trial 10 with value: 123.60066986083984.
LOCAL_RANK: 0 - CUDA_VISIBLE_DEVICES: [0]
[I 2023-11-30 14:07:02,909] Trial 21 finished with value: 135.0762939453125 and parameters: {'gradient_clip_val': 0.3012428495085987, 'hidden_size': 97, 'dropout': 0.16747057614899385, 'hidden_continuous_size': 56, 'attention_head_size': 1, 'learning_rate': 0.00153035480721064}. Best is trial 10 with value: 123.60066986083984.
LOCAL_RANK: 0 - CUDA_VISIBLE_DEVICES: [0]
[I 2023-11-30 14:07:16,738] Trial 22 finished with value: 122.8553695678711 and parameters: {'gradient_clip_val': 0.23725523078122224, 'hidden_size': 119, 'dropout': 0.1626445556684359, 'hidden_continuous_size': 57, 'attention_head_size': 1, 'learning_rate': 0.0014969391965749279}. Best is trial 22 with value: 122.8553695678711.
LOCAL_RANK: 0 - CUDA_VISIBLE_DEVICES: [0]
[I 2023-11-30 14:07:30,898] Trial 23 finished with value: 125.37539672851562 and parameters: {'gradient_clip_val': 0.22790996339538422, 'hidden_size': 124, 'dropout': 0.12518020734645846, 'hidden_continuous_size': 101, 'attention_head_size': 2, 'learning_rate': 0.002798214576546006}. Best is trial 22 with value: 122.8553695678711.
LOCAL_RANK: 0 - CUDA_VISIBLE_DEVICES: [0]
[I 2023-11-30 14:07:44,217] Trial 24 finished with value: 159.00953674316406 and parameters: {'gradient_clip_val': 0.22291413518753977, 'hidden_size': 77, 'dropout': 0.21231847004463306, 'hidden_continuous_size': 47, 'attention_head_size': 1, 'learning_rate': 0.00137119993307476}. Best is trial 22 with value: 122.8553695678711.
LOCAL_RANK: 0 - CUDA_VISIBLE_DEVICES: [0]
[I 2023-11-30 14:07:58,515] Trial 25 finished with value: 150.12368774414062 and parameters: {'gradient_clip_val': 0.3629994625844711, 'hidden_size': 131, 'dropout': 0.15103962967713047, 'hidden_continuous_size': 77, 'attention_head_size': 2, 'learning_rate': 0.0021592150554112463}. Best is trial 22 with value: 122.8553695678711.
LOCAL_RANK: 0 - CUDA_VISIBLE_DEVICES: [0]
[I 2023-11-30 14:08:11,603] Trial 26 finished with value: 173.0852508544922 and parameters: {'gradient_clip_val': 0.43541211858982, 'hidden_size': 60, 'dropout': 0.10634603836613296, 'hidden_continuous_size': 43, 'attention_head_size': 3, 'learning_rate': 0.0013317225156875515}. Best is trial 22 with value: 122.8553695678711.
LOCAL_RANK: 0 - CUDA_VISIBLE_DEVICES: [0]
[I 2023-11-30 14:08:25,126] Trial 27 finished with value: 117.7969741821289 and parameters: {'gradient_clip_val': 0.5123657311558918, 'hidden_size': 91, 'dropout': 0.18786429142586744, 'hidden_continuous_size': 52, 'attention_head_size': 1, 'learning_rate': 0.002300883515083543}. Best is trial 27 with value: 117.7969741821289.
LOCAL_RANK: 0 - CUDA_VISIBLE_DEVICES: [0]
[I 2023-11-30 14:08:38,563] Trial 28 finished with value: 145.1882781982422 and parameters: {'gradient_clip_val': 0.5410939856429243, 'hidden_size': 86, 'dropout': 0.18467931347025135, 'hidden_continuous_size': 52, 'attention_head_size': 1, 'learning_rate': 0.0010125922363144937}. Best is trial 27 with value: 117.7969741821289.
LOCAL_RANK: 0 - CUDA_VISIBLE_DEVICES: [0]
[I 2023-11-30 14:08:53,256] Trial 29 finished with value: 116.6622314453125 and parameters: {'gradient_clip_val': 0.3356897147778418, 'hidden_size': 150, 'dropout': 0.15449562175484755, 'hidden_continuous_size': 147, 'attention_head_size': 1, 'learning_rate': 0.0014538218623400768}. Best is trial 29 with value: 116.6622314453125.
LOCAL_RANK: 0 - CUDA_VISIBLE_DEVICES: [0]
[I 2023-11-30 14:09:07,914] Trial 30 finished with value: 134.97923278808594 and parameters: {'gradient_clip_val': 0.3201756663221636, 'hidden_size': 142, 'dropout': 0.163045872167737, 'hidden_continuous_size': 138, 'attention_head_size': 1, 'learning_rate': 0.002883552490006784}. Best is trial 29 with value: 116.6622314453125.
LOCAL_RANK: 0 - CUDA_VISIBLE_DEVICES: [0]
[I 2023-11-30 14:09:21,770] Trial 31 finished with value: 153.8622589111328 and parameters: {'gradient_clip_val': 0.3522569453522382, 'hidden_size': 113, 'dropout': 0.13359863391788776, 'hidden_continuous_size': 69, 'attention_head_size': 1, 'learning_rate': 0.001455118776849055}. Best is trial 29 with value: 116.6622314453125.
LOCAL_RANK: 0 - CUDA_VISIBLE_DEVICES: [0]
[I 2023-11-30 14:09:35,377] Trial 32 finished with value: 133.06362915039062 and parameters: {'gradient_clip_val': 0.4441574763444609, 'hidden_size': 94, 'dropout': 0.15479931535912111, 'hidden_continuous_size': 63, 'attention_head_size': 1, 'learning_rate': 0.0018276231654831983}. Best is trial 29 with value: 116.6622314453125.
LOCAL_RANK: 0 - CUDA_VISIBLE_DEVICES: [0]
[I 2023-11-30 14:09:49,448] Trial 33 finished with value: 115.09671020507812 and parameters: {'gradient_clip_val': 0.34695595378903976, 'hidden_size': 122, 'dropout': 0.11796498969786426, 'hidden_continuous_size': 91, 'attention_head_size': 1, 'learning_rate': 0.001348569873285654}. Best is trial 33 with value: 115.09671020507812.
LOCAL_RANK: 0 - CUDA_VISIBLE_DEVICES: [0]
[I 2023-11-30 14:10:03,854] Trial 34 finished with value: 118.27835845947266 and parameters: {'gradient_clip_val': 0.33012958127303305, 'hidden_size': 146, 'dropout': 0.17919375618663677, 'hidden_continuous_size': 110, 'attention_head_size': 1, 'learning_rate': 0.002347193701780379}. Best is trial 33 with value: 115.09671020507812.
LOCAL_RANK: 0 - CUDA_VISIBLE_DEVICES: [0]
[I 2023-11-30 14:10:18,397] Trial 35 finished with value: 125.837890625 and parameters: {'gradient_clip_val': 0.3444363678187865, 'hidden_size': 143, 'dropout': 0.18073233397174687, 'hidden_continuous_size': 110, 'attention_head_size': 1, 'learning_rate': 0.0036381384943564477}. Best is trial 33 with value: 115.09671020507812.
LOCAL_RANK: 0 - CUDA_VISIBLE_DEVICES: [0]
[I 2023-11-30 14:10:32,765] Trial 36 finished with value: 135.30172729492188 and parameters: {'gradient_clip_val': 0.29632045281787234, 'hidden_size': 148, 'dropout': 0.11414427901864804, 'hidden_continuous_size': 118, 'attention_head_size': 1, 'learning_rate': 0.002269937425291192}. Best is trial 33 with value: 115.09671020507812.
LOCAL_RANK: 0 - CUDA_VISIBLE_DEVICES: [0]
[I 2023-11-30 14:10:46,546] Trial 37 finished with value: 137.08287048339844 and parameters: {'gradient_clip_val': 0.3774999523341065, 'hidden_size': 97, 'dropout': 0.19134946785723075, 'hidden_continuous_size': 88, 'attention_head_size': 1, 'learning_rate': 0.004923973293894607}. Best is trial 33 with value: 115.09671020507812.
LOCAL_RANK: 0 - CUDA_VISIBLE_DEVICES: [0]
[I 2023-11-30 14:11:00,073] Trial 38 finished with value: 142.6200408935547 and parameters: {'gradient_clip_val': 0.33676272076583125, 'hidden_size': 70, 'dropout': 0.1430815109147098, 'hidden_continuous_size': 63, 'attention_head_size': 1, 'learning_rate': 0.002809062966524066}. Best is trial 33 with value: 115.09671020507812.
LOCAL_RANK: 0 - CUDA_VISIBLE_DEVICES: [0]
[I 2023-11-30 14:11:12,973] Trial 39 finished with value: 166.5088653564453 and parameters: {'gradient_clip_val': 0.2580381537453329, 'hidden_size': 48, 'dropout': 0.2347570900774061, 'hidden_continuous_size': 45, 'attention_head_size': 1, 'learning_rate': 0.0032978780868159335}. Best is trial 33 with value: 115.09671020507812.
LOCAL_RANK: 0 - CUDA_VISIBLE_DEVICES: [0]
[I 2023-11-30 14:11:26,864] Trial 40 finished with value: 116.89202880859375 and parameters: {'gradient_clip_val': 0.3148458522076253, 'hidden_size': 109, 'dropout': 0.1718066018972398, 'hidden_continuous_size': 96, 'attention_head_size': 1, 'learning_rate': 0.005958025993129621}. Best is trial 33 with value: 115.09671020507812.
LOCAL_RANK: 0 - CUDA_VISIBLE_DEVICES: [0]
[I 2023-11-30 14:11:40,977] Trial 41 finished with value: 149.98292541503906 and parameters: {'gradient_clip_val': 0.30281815142689766, 'hidden_size': 110, 'dropout': 0.19817497624784233, 'hidden_continuous_size': 87, 'attention_head_size': 1, 'learning_rate': 0.006415567485106735}. Best is trial 33 with value: 115.09671020507812.
LOCAL_RANK: 0 - CUDA_VISIBLE_DEVICES: [0]
[I 2023-11-30 14:11:55,837] Trial 42 finished with value: 143.8546142578125 and parameters: {'gradient_clip_val': 0.3202674019459154, 'hidden_size': 128, 'dropout': 0.17406113543475937, 'hidden_continuous_size': 102, 'attention_head_size': 1, 'learning_rate': 0.004675939880788681}. Best is trial 33 with value: 115.09671020507812.
LOCAL_RANK: 0 - CUDA_VISIBLE_DEVICES: [0]
[I 2023-11-30 14:12:11,932] Trial 43 finished with value: 141.8954315185547 and parameters: {'gradient_clip_val': 0.4050118309895032, 'hidden_size': 94, 'dropout': 0.15895869200863671, 'hidden_continuous_size': 79, 'attention_head_size': 1, 'learning_rate': 0.002447091442301802}. Best is trial 33 with value: 115.09671020507812.
LOCAL_RANK: 0 - CUDA_VISIBLE_DEVICES: [0]
[I 2023-11-30 14:12:27,367] Trial 44 finished with value: 126.0327377319336 and parameters: {'gradient_clip_val': 0.2647069787029538, 'hidden_size': 110, 'dropout': 0.11787582661932113, 'hidden_continuous_size': 89, 'attention_head_size': 2, 'learning_rate': 0.003403492599697458}. Best is trial 33 with value: 115.09671020507812.
LOCAL_RANK: 0 - CUDA_VISIBLE_DEVICES: [0]
[I 2023-11-30 14:12:42,687] Trial 45 finished with value: 123.93614959716797 and parameters: {'gradient_clip_val': 0.20088413352946516, 'hidden_size': 126, 'dropout': 0.17671139889788354, 'hidden_continuous_size': 112, 'attention_head_size': 1, 'learning_rate': 0.002083414015036182}. Best is trial 33 with value: 115.09671020507812.
LOCAL_RANK: 0 - CUDA_VISIBLE_DEVICES: [0]
[I 2023-11-30 14:12:57,579] Trial 46 finished with value: 139.87266540527344 and parameters: {'gradient_clip_val': 0.36479053990989985, 'hidden_size': 86, 'dropout': 0.1411251397590831, 'hidden_continuous_size': 72, 'attention_head_size': 1, 'learning_rate': 0.006015822445168757}. Best is trial 33 with value: 115.09671020507812.
LOCAL_RANK: 0 - CUDA_VISIBLE_DEVICES: [0]
[I 2023-11-30 14:13:13,963] Trial 47 finished with value: 130.28822326660156 and parameters: {'gradient_clip_val': 0.5035768050171598, 'hidden_size': 149, 'dropout': 0.22512847547486947, 'hidden_continuous_size': 148, 'attention_head_size': 2, 'learning_rate': 0.0012743779991107203}. Best is trial 33 with value: 115.09671020507812.
LOCAL_RANK: 0 - CUDA_VISIBLE_DEVICES: [0]
[I 2023-11-30 14:13:29,604] Trial 48 finished with value: 129.41177368164062 and parameters: {'gradient_clip_val': 0.4060232772968857, 'hidden_size': 130, 'dropout': 0.19983459228321548, 'hidden_continuous_size': 97, 'attention_head_size': 2, 'learning_rate': 0.0018578865687953398}. Best is trial 33 with value: 115.09671020507812.
LOCAL_RANK: 0 - CUDA_VISIBLE_DEVICES: [0]
[I 2023-11-30 14:13:44,568] Trial 49 finished with value: 150.38037109375 and parameters: {'gradient_clip_val': 0.32906817089561036, 'hidden_size': 113, 'dropout': 0.10219972086865656, 'hidden_continuous_size': 96, 'attention_head_size': 1, 'learning_rate': 0.011770525681440347}. Best is trial 33 with value: 115.09671020507812.
LOCAL_RANK: 0 - CUDA_VISIBLE_DEVICES: [0]
[I 2023-11-30 14:14:00,294] Trial 50 finished with value: 135.82858276367188 and parameters: {'gradient_clip_val': 0.43866922626744204, 'hidden_size': 132, 'dropout': 0.12707470314071134, 'hidden_continuous_size': 119, 'attention_head_size': 1, 'learning_rate': 0.0017267739042544248}. Best is trial 33 with value: 115.09671020507812.
LOCAL_RANK: 0 - CUDA_VISIBLE_DEVICES: [0]
[I 2023-11-30 14:14:15,684] Trial 51 finished with value: 131.537109375 and parameters: {'gradient_clip_val': 0.2435595081138141, 'hidden_size': 101, 'dropout': 0.1636474417527244, 'hidden_continuous_size': 82, 'attention_head_size': 1, 'learning_rate': 0.0023390976029030617}. Best is trial 33 with value: 115.09671020507812.
LOCAL_RANK: 0 - CUDA_VISIBLE_DEVICES: [0]
[I 2023-11-30 14:14:30,826] Trial 52 finished with value: 114.6032943725586 and parameters: {'gradient_clip_val': 0.2873382154776852, 'hidden_size': 120, 'dropout': 0.1494406977121881, 'hidden_continuous_size': 105, 'attention_head_size': 1, 'learning_rate': 0.0012808646182090487}. Best is trial 52 with value: 114.6032943725586.
LOCAL_RANK: 0 - CUDA_VISIBLE_DEVICES: [0]
[I 2023-11-30 14:14:46,458] Trial 53 finished with value: 136.7855987548828 and parameters: {'gradient_clip_val': 0.28031969527899836, 'hidden_size': 106, 'dropout': 0.14655455093032532, 'hidden_continuous_size': 93, 'attention_head_size': 1, 'learning_rate': 0.0012794431605309372}. Best is trial 52 with value: 114.6032943725586.
LOCAL_RANK: 0 - CUDA_VISIBLE_DEVICES: [0]
[I 2023-11-30 14:15:02,351] Trial 54 finished with value: 105.2230453491211 and parameters: {'gradient_clip_val': 0.37316228717688205, 'hidden_size': 123, 'dropout': 0.18547979194318112, 'hidden_continuous_size': 106, 'attention_head_size': 1, 'learning_rate': 0.0011484121095633737}. Best is trial 54 with value: 105.2230453491211.
LOCAL_RANK: 0 - CUDA_VISIBLE_DEVICES: [0]
[I 2023-11-30 14:15:18,097] Trial 55 finished with value: 124.7074966430664 and parameters: {'gradient_clip_val': 0.36417704811528756, 'hidden_size': 119, 'dropout': 0.18823381721061833, 'hidden_continuous_size': 98, 'attention_head_size': 1, 'learning_rate': 0.0012042138546660675}. Best is trial 54 with value: 105.2230453491211.
LOCAL_RANK: 0 - CUDA_VISIBLE_DEVICES: [0]
[I 2023-11-30 14:15:33,779] Trial 56 finished with value: 132.5496368408203 and parameters: {'gradient_clip_val': 0.6604174764451196, 'hidden_size': 89, 'dropout': 0.13294766242181014, 'hidden_continuous_size': 81, 'attention_head_size': 1, 'learning_rate': 0.0011788208015013936}. Best is trial 54 with value: 105.2230453491211.
LOCAL_RANK: 0 - CUDA_VISIBLE_DEVICES: [0]
[I 2023-11-30 14:15:48,372] Trial 57 finished with value: 116.59183502197266 and parameters: {'gradient_clip_val': 0.2871414347560235, 'hidden_size': 104, 'dropout': 0.20964511256840104, 'hidden_continuous_size': 88, 'attention_head_size': 2, 'learning_rate': 0.0016433250670212119}. Best is trial 54 with value: 105.2230453491211.
LOCAL_RANK: 0 - CUDA_VISIBLE_DEVICES: [0]
[I 2023-11-30 14:16:04,070] Trial 58 finished with value: 134.8092803955078 and parameters: {'gradient_clip_val': 0.2936080976211776, 'hidden_size': 103, 'dropout': 0.2149488055638125, 'hidden_continuous_size': 87, 'attention_head_size': 2, 'learning_rate': 0.0015800069955298503}. Best is trial 54 with value: 105.2230453491211.
LOCAL_RANK: 0 - CUDA_VISIBLE_DEVICES: [0]
[I 2023-11-30 14:16:19,424] Trial 59 finished with value: 118.4217529296875 and parameters: {'gradient_clip_val': 0.2564259701212393, 'hidden_size': 121, 'dropout': 0.205467447057014, 'hidden_continuous_size': 103, 'attention_head_size': 3, 'learning_rate': 0.0011929162284628001}. Best is trial 54 with value: 105.2230453491211.
LOCAL_RANK: 0 - CUDA_VISIBLE_DEVICES: [0]
[I 2023-11-30 14:16:34,708] Trial 60 finished with value: 135.15359497070312 and parameters: {'gradient_clip_val': 0.3095702353178024, 'hidden_size': 78, 'dropout': 0.1713429921746593, 'hidden_continuous_size': 72, 'attention_head_size': 2, 'learning_rate': 0.001733928243084618}. Best is trial 54 with value: 105.2230453491211.
LOCAL_RANK: 0 - CUDA_VISIBLE_DEVICES: [0]
[I 2023-11-30 14:16:50,270] Trial 61 finished with value: 131.7848358154297 and parameters: {'gradient_clip_val': 0.27507119101311284, 'hidden_size': 102, 'dropout': 0.15605201345520003, 'hidden_continuous_size': 91, 'attention_head_size': 1, 'learning_rate': 0.0014801394289284744}. Best is trial 54 with value: 105.2230453491211.
LOCAL_RANK: 0 - CUDA_VISIBLE_DEVICES: [0]
[I 2023-11-30 14:17:05,475] Trial 62 finished with value: 140.43141174316406 and parameters: {'gradient_clip_val': 0.39575869634826416, 'hidden_size': 136, 'dropout': 0.1968521525091316, 'hidden_continuous_size': 121, 'attention_head_size': 1, 'learning_rate': 0.0010377586193320058}. Best is trial 54 with value: 105.2230453491211.
LOCAL_RANK: 0 - CUDA_VISIBLE_DEVICES: [0]
[I 2023-11-30 14:17:21,037] Trial 63 finished with value: 133.7940673828125 and parameters: {'gradient_clip_val': 0.3341380643621293, 'hidden_size': 119, 'dropout': 0.1878823781558116, 'hidden_continuous_size': 104, 'attention_head_size': 2, 'learning_rate': 0.0019290453087585737}. Best is trial 54 with value: 105.2230453491211.
LOCAL_RANK: 0 - CUDA_VISIBLE_DEVICES: [0]
