[I 2023-11-30 00:42:32,644] Trial 23 finished with value: 2215.915283203125 and parameters: {'gradient_clip_val': 0.12898469357134223, 'hidden_size': 97, 'dropout': 0.34040592835530104, 'hidden_continuous_size': 14, 'attention_head_size': 1, 'learning_rate': 0.003817266568013547}. Best is trial 22 with value: 2083.450927734375.
LOCAL_RANK: 0 - CUDA_VISIBLE_DEVICES: [0]
[I 2023-11-30 00:42:45,550] Trial 24 finished with value: 2375.4990234375 and parameters: {'gradient_clip_val': 0.19348530815272832, 'hidden_size': 104, 'dropout': 0.3540226426303923, 'hidden_continuous_size': 10, 'attention_head_size': 1, 'learning_rate': 0.008880931089131188}. Best is trial 22 with value: 2083.450927734375.
LOCAL_RANK: 0 - CUDA_VISIBLE_DEVICES: [0]
[I 2023-11-30 00:42:58,217] Trial 25 finished with value: 2454.9462890625 and parameters: {'gradient_clip_val': 0.10091777760607058, 'hidden_size': 65, 'dropout': 0.37300050946899965, 'hidden_continuous_size': 16, 'attention_head_size': 1, 'learning_rate': 0.006614979377904387}. Best is trial 22 with value: 2083.450927734375.
LOCAL_RANK: 0 - CUDA_VISIBLE_DEVICES: [0]
[I 2023-11-30 00:43:11,599] Trial 26 finished with value: 2653.521728515625 and parameters: {'gradient_clip_val': 0.1341248054880372, 'hidden_size': 113, 'dropout': 0.34223509614845843, 'hidden_continuous_size': 12, 'attention_head_size': 1, 'learning_rate': 0.0037671926227333488}. Best is trial 22 with value: 2083.450927734375.
LOCAL_RANK: 0 - CUDA_VISIBLE_DEVICES: [0]
[I 2023-11-30 00:43:24,811] Trial 27 finished with value: 2460.609619140625 and parameters: {'gradient_clip_val': 0.12526082074085731, 'hidden_size': 81, 'dropout': 0.29135175802040525, 'hidden_continuous_size': 19, 'attention_head_size': 2, 'learning_rate': 0.006762579930377023}. Best is trial 22 with value: 2083.450927734375.
LOCAL_RANK: 0 - CUDA_VISIBLE_DEVICES: [0]
[I 2023-11-30 00:43:37,731] Trial 28 finished with value: 2629.816650390625 and parameters: {'gradient_clip_val': 0.1757058974209174, 'hidden_size': 58, 'dropout': 0.3791524821001042, 'hidden_continuous_size': 20, 'attention_head_size': 1, 'learning_rate': 0.01215829994212119}. Best is trial 22 with value: 2083.450927734375.
LOCAL_RANK: 0 - CUDA_VISIBLE_DEVICES: [0]
[I 2023-11-30 00:43:50,946] Trial 29 finished with value: 2319.331787109375 and parameters: {'gradient_clip_val': 0.12100178793306705, 'hidden_size': 77, 'dropout': 0.34381199084894465, 'hidden_continuous_size': 17, 'attention_head_size': 4, 'learning_rate': 0.003992344808481715}. Best is trial 22 with value: 2083.450927734375.
LOCAL_RANK: 0 - CUDA_VISIBLE_DEVICES: [0]
[I 2023-11-30 00:44:04,178] Trial 30 finished with value: 2245.179931640625 and parameters: {'gradient_clip_val': 0.22626771830895642, 'hidden_size': 106, 'dropout': 0.31842544067812395, 'hidden_continuous_size': 12, 'attention_head_size': 1, 'learning_rate': 0.007719594428197643}. Best is trial 22 with value: 2083.450927734375.
LOCAL_RANK: 0 - CUDA_VISIBLE_DEVICES: [0]
[I 2023-11-30 00:44:17,266] Trial 31 finished with value: 2157.5517578125 and parameters: {'gradient_clip_val': 0.10971546908360635, 'hidden_size': 90, 'dropout': 0.3007029110680817, 'hidden_continuous_size': 15, 'attention_head_size': 1, 'learning_rate': 0.005421237349785994}. Best is trial 22 with value: 2083.450927734375.
LOCAL_RANK: 0 - CUDA_VISIBLE_DEVICES: [0]
[I 2023-11-30 00:44:30,401] Trial 32 finished with value: 2268.117919921875 and parameters: {'gradient_clip_val': 0.1134774445566116, 'hidden_size': 94, 'dropout': 0.26490902316633164, 'hidden_continuous_size': 17, 'attention_head_size': 1, 'learning_rate': 0.004959245410796241}. Best is trial 22 with value: 2083.450927734375.
LOCAL_RANK: 0 - CUDA_VISIBLE_DEVICES: [0]
[I 2023-11-30 00:44:44,311] Trial 33 finished with value: 2161.699462890625 and parameters: {'gradient_clip_val': 0.10014025435235042, 'hidden_size': 127, 'dropout': 0.3036949492036001, 'hidden_continuous_size': 22, 'attention_head_size': 2, 'learning_rate': 0.011161789983560554}. Best is trial 22 with value: 2083.450927734375.
LOCAL_RANK: 0 - CUDA_VISIBLE_DEVICES: [0]
[I 2023-11-30 00:44:58,203] Trial 34 finished with value: 2441.728759765625 and parameters: {'gradient_clip_val': 0.14361993141330912, 'hidden_size': 149, 'dropout': 0.2560251325579264, 'hidden_continuous_size': 14, 'attention_head_size': 1, 'learning_rate': 0.006610902208845046}. Best is trial 22 with value: 2083.450927734375.
LOCAL_RANK: 0 - CUDA_VISIBLE_DEVICES: [0]
[I 2023-11-30 00:45:11,378] Trial 35 finished with value: 2872.290283203125 and parameters: {'gradient_clip_val': 0.11545817001267678, 'hidden_size': 82, 'dropout': 0.28438309271287926, 'hidden_continuous_size': 18, 'attention_head_size': 2, 'learning_rate': 0.0032089987595230983}. Best is trial 22 with value: 2083.450927734375.
LOCAL_RANK: 0 - CUDA_VISIBLE_DEVICES: [0]
[I 2023-11-30 00:45:24,707] Trial 36 finished with value: 2534.24853515625 and parameters: {'gradient_clip_val': 0.13223606188350834, 'hidden_size': 121, 'dropout': 0.2848361383455929, 'hidden_continuous_size': 11, 'attention_head_size': 1, 'learning_rate': 0.0050927615166375464}. Best is trial 22 with value: 2083.450927734375.
LOCAL_RANK: 0 - CUDA_VISIBLE_DEVICES: [0]
[I 2023-11-30 00:45:37,995] Trial 37 finished with value: 3533.265869140625 and parameters: {'gradient_clip_val': 0.32696695260224745, 'hidden_size': 99, 'dropout': 0.3117127058416079, 'hidden_continuous_size': 15, 'attention_head_size': 2, 'learning_rate': 0.0030045695255393155}. Best is trial 22 with value: 2083.450927734375.
LOCAL_RANK: 0 - CUDA_VISIBLE_DEVICES: [0]
[I 2023-11-30 00:45:50,850] Trial 38 finished with value: 2130.1005859375 and parameters: {'gradient_clip_val': 0.17109842669477252, 'hidden_size': 66, 'dropout': 0.33273665388104146, 'hidden_continuous_size': 13, 'attention_head_size': 1, 'learning_rate': 0.007971814502946224}. Best is trial 22 with value: 2083.450927734375.
LOCAL_RANK: 0 - CUDA_VISIBLE_DEVICES: [0]
[I 2023-11-30 00:46:03,612] Trial 39 finished with value: 2611.005859375 and parameters: {'gradient_clip_val': 0.16652904344398556, 'hidden_size': 70, 'dropout': 0.3331043291968715, 'hidden_continuous_size': 10, 'attention_head_size': 2, 'learning_rate': 0.007814527854405581}. Best is trial 22 with value: 2083.450927734375.
LOCAL_RANK: 0 - CUDA_VISIBLE_DEVICES: [0]
[I 2023-11-30 00:46:16,280] Trial 40 finished with value: 2182.365966796875 and parameters: {'gradient_clip_val': 0.14149072542641172, 'hidden_size': 53, 'dropout': 0.3964503692264928, 'hidden_continuous_size': 20, 'attention_head_size': 1, 'learning_rate': 0.010966201760460781}. Best is trial 22 with value: 2083.450927734375.
LOCAL_RANK: 0 - CUDA_VISIBLE_DEVICES: [0]
[I 2023-11-30 00:46:28,954] Trial 41 finished with value: 2427.9931640625 and parameters: {'gradient_clip_val': 0.11154131393868057, 'hidden_size': 61, 'dropout': 0.3094490424467179, 'hidden_continuous_size': 13, 'attention_head_size': 1, 'learning_rate': 0.005741012110755955}. Best is trial 22 with value: 2083.450927734375.
LOCAL_RANK: 0 - CUDA_VISIBLE_DEVICES: [0]
[I 2023-11-30 00:46:41,920] Trial 42 finished with value: 2459.432373046875 and parameters: {'gradient_clip_val': 0.1259093881247074, 'hidden_size': 73, 'dropout': 0.3529129905860871, 'hidden_continuous_size': 16, 'attention_head_size': 1, 'learning_rate': 0.004241291373046272}. Best is trial 22 with value: 2083.450927734375.
LOCAL_RANK: 0 - CUDA_VISIBLE_DEVICES: [0]
[I 2023-11-30 00:46:54,900] Trial 43 finished with value: 2892.608154296875 and parameters: {'gradient_clip_val': 0.11037192936917822, 'hidden_size': 84, 'dropout': 0.3354193147760328, 'hidden_continuous_size': 13, 'attention_head_size': 1, 'learning_rate': 0.007628124932162568}. Best is trial 22 with value: 2083.450927734375.
LOCAL_RANK: 0 - CUDA_VISIBLE_DEVICES: [0]
[I 2023-11-30 00:47:07,353] Trial 44 finished with value: 4478.91650390625 and parameters: {'gradient_clip_val': 0.15783483675433324, 'hidden_size': 49, 'dropout': 0.3192892611316248, 'hidden_continuous_size': 15, 'attention_head_size': 1, 'learning_rate': 0.0028829378104972213}. Best is trial 22 with value: 2083.450927734375.
LOCAL_RANK: 0 - CUDA_VISIBLE_DEVICES: [0]
[I 2023-11-30 00:47:20,843] Trial 45 finished with value: 2696.9013671875 and parameters: {'gradient_clip_val': 0.1940427660396695, 'hidden_size': 132, 'dropout': 0.2988838803954647, 'hidden_continuous_size': 11, 'attention_head_size': 2, 'learning_rate': 0.009077050706126683}. Best is trial 22 with value: 2083.450927734375.
LOCAL_RANK: 0 - CUDA_VISIBLE_DEVICES: [0]
[I 2023-11-30 00:47:34,065] Trial 46 finished with value: 2170.843017578125 and parameters: {'gradient_clip_val': 0.13700151654297438, 'hidden_size': 97, 'dropout': 0.27236002589331987, 'hidden_continuous_size': 16, 'attention_head_size': 1, 'learning_rate': 0.005825972949690138}. Best is trial 22 with value: 2083.450927734375.
LOCAL_RANK: 0 - CUDA_VISIBLE_DEVICES: [0]
[I 2023-11-30 00:47:47,347] Trial 47 finished with value: 2034.646484375 and parameters: {'gradient_clip_val': 0.12001285681422241, 'hidden_size': 86, 'dropout': 0.3292697213465162, 'hidden_continuous_size': 18, 'attention_head_size': 4, 'learning_rate': 0.004318146166550346}. Best is trial 47 with value: 2034.646484375.
LOCAL_RANK: 0 - CUDA_VISIBLE_DEVICES: [0]
[I 2023-11-30 00:48:00,632] Trial 48 finished with value: 3558.6748046875 and parameters: {'gradient_clip_val': 0.12301949060914155, 'hidden_size': 68, 'dropout': 0.3615634528298306, 'hidden_continuous_size': 18, 'attention_head_size': 4, 'learning_rate': 0.002510406981276996}. Best is trial 47 with value: 2034.646484375.
LOCAL_RANK: 0 - CUDA_VISIBLE_DEVICES: [0]
[I 2023-11-30 00:48:13,955] Trial 49 finished with value: 2293.381591796875 and parameters: {'gradient_clip_val': 0.17877044230101957, 'hidden_size': 77, 'dropout': 0.3326004512460944, 'hidden_continuous_size': 23, 'attention_head_size': 4, 'learning_rate': 0.004309415832992982}. Best is trial 47 with value: 2034.646484375.
LOCAL_RANK: 0 - CUDA_VISIBLE_DEVICES: [0]
[I 2023-11-30 00:48:26,773] Trial 50 finished with value: 4556.53369140625 and parameters: {'gradient_clip_val': 0.15460482340049683, 'hidden_size': 61, 'dropout': 0.3223741008970099, 'hidden_continuous_size': 19, 'attention_head_size': 3, 'learning_rate': 0.002261537702494709}. Best is trial 47 with value: 2034.646484375.
LOCAL_RANK: 0 - CUDA_VISIBLE_DEVICES: [0]
[I 2023-11-30 00:48:39,743] Trial 51 finished with value: 2456.571533203125 and parameters: {'gradient_clip_val': 0.11348898705512486, 'hidden_size': 88, 'dropout': 0.30487201423964994, 'hidden_continuous_size': 13, 'attention_head_size': 3, 'learning_rate': 0.00459838163142528}. Best is trial 47 with value: 2034.646484375.
LOCAL_RANK: 0 - CUDA_VISIBLE_DEVICES: [0]
[I 2023-11-30 00:48:53,365] Trial 52 finished with value: 2473.285400390625 and parameters: {'gradient_clip_val': 0.10750390904745628, 'hidden_size': 111, 'dropout': 0.31563529956531855, 'hidden_continuous_size': 21, 'attention_head_size': 3, 'learning_rate': 0.0056350997154225235}. Best is trial 47 with value: 2034.646484375.
LOCAL_RANK: 0 - CUDA_VISIBLE_DEVICES: [0]
[I 2023-11-30 00:49:06,541] Trial 53 finished with value: 2161.583251953125 and parameters: {'gradient_clip_val': 0.1184790779625442, 'hidden_size': 85, 'dropout': 0.29012065066583526, 'hidden_continuous_size': 17, 'attention_head_size': 1, 'learning_rate': 0.007472946322717773}. Best is trial 47 with value: 2034.646484375.
LOCAL_RANK: 0 - CUDA_VISIBLE_DEVICES: [0]
[I 2023-11-30 00:49:19,468] Trial 54 finished with value: 2767.744384765625 and parameters: {'gradient_clip_val': 0.10041604361399499, 'hidden_size': 73, 'dropout': 0.27781858903181034, 'hidden_continuous_size': 14, 'attention_head_size': 1, 'learning_rate': 0.0035325383477982806}. Best is trial 47 with value: 2034.646484375.
LOCAL_RANK: 0 - CUDA_VISIBLE_DEVICES: [0]
[I 2023-11-30 00:49:33,167] Trial 55 finished with value: 2007.0615234375 and parameters: {'gradient_clip_val': 0.14636712390692702, 'hidden_size': 92, 'dropout': 0.3304976804417871, 'hidden_continuous_size': 23, 'attention_head_size': 4, 'learning_rate': 0.00477710101098256}. Best is trial 55 with value: 2007.0615234375.
LOCAL_RANK: 0 - CUDA_VISIBLE_DEVICES: [0]
[I 2023-11-30 00:49:46,653] Trial 56 finished with value: 2048.716552734375 and parameters: {'gradient_clip_val': 0.14085430132278484, 'hidden_size': 104, 'dropout': 0.34711477188186834, 'hidden_continuous_size': 25, 'attention_head_size': 4, 'learning_rate': 0.004404115295325063}. Best is trial 55 with value: 2007.0615234375.
LOCAL_RANK: 0 - CUDA_VISIBLE_DEVICES: [0]
[I 2023-11-30 00:50:00,366] Trial 57 finished with value: 2141.6123046875 and parameters: {'gradient_clip_val': 0.1426012130411409, 'hidden_size': 120, 'dropout': 0.35067480288847325, 'hidden_continuous_size': 25, 'attention_head_size': 4, 'learning_rate': 0.004553050832466496}. Best is trial 55 with value: 2007.0615234375.
LOCAL_RANK: 0 - CUDA_VISIBLE_DEVICES: [0]
[I 2023-11-30 00:50:14,249] Trial 58 finished with value: 2128.455810546875 and parameters: {'gradient_clip_val': 0.13372072954412328, 'hidden_size': 107, 'dropout': 0.3736249981269937, 'hidden_continuous_size': 24, 'attention_head_size': 4, 'learning_rate': 0.003445144234207917}. Best is trial 55 with value: 2007.0615234375.
LOCAL_RANK: 0 - CUDA_VISIBLE_DEVICES: [0]
[I 2023-11-30 00:50:28,117] Trial 59 finished with value: 1960.7025146484375 and parameters: {'gradient_clip_val': 0.16368604645203252, 'hidden_size': 132, 'dropout': 0.38136616631654435, 'hidden_continuous_size': 28, 'attention_head_size': 4, 'learning_rate': 0.003184580207533397}. Best is trial 59 with value: 1960.7025146484375.
LOCAL_RANK: 0 - CUDA_VISIBLE_DEVICES: [0]
[I 2023-11-30 00:50:42,191] Trial 60 finished with value: 2282.5185546875 and parameters: {'gradient_clip_val': 0.1505746347066834, 'hidden_size': 133, 'dropout': 0.3782878381831033, 'hidden_continuous_size': 30, 'attention_head_size': 4, 'learning_rate': 0.002151447780975944}. Best is trial 59 with value: 1960.7025146484375.
LOCAL_RANK: 0 - CUDA_VISIBLE_DEVICES: [0]
[I 2023-11-30 00:50:55,916] Trial 61 finished with value: 3035.517578125 and parameters: {'gradient_clip_val': 0.16440518493441125, 'hidden_size': 106, 'dropout': 0.36865315155510936, 'hidden_continuous_size': 28, 'attention_head_size': 4, 'learning_rate': 0.0034408666957804917}. Best is trial 59 with value: 1960.7025146484375.
LOCAL_RANK: 0 - CUDA_VISIBLE_DEVICES: [0]
[I 2023-11-30 00:51:09,548] Trial 62 finished with value: 2451.335205078125 and parameters: {'gradient_clip_val': 0.13283692128769284, 'hidden_size': 116, 'dropout': 0.3603579233169742, 'hidden_continuous_size': 24, 'attention_head_size': 4, 'learning_rate': 0.002874116045256913}. Best is trial 59 with value: 1960.7025146484375.
LOCAL_RANK: 0 - CUDA_VISIBLE_DEVICES: [0]
[I 2023-11-30 00:51:23,937] Trial 63 finished with value: 2577.632568359375 and parameters: {'gradient_clip_val': 0.17899519804796635, 'hidden_size': 150, 'dropout': 0.38604381690765444, 'hidden_continuous_size': 22, 'attention_head_size': 4, 'learning_rate': 0.0038976091148048295}. Best is trial 59 with value: 1960.7025146484375.
LOCAL_RANK: 0 - CUDA_VISIBLE_DEVICES: [0]
[I 2023-11-30 00:51:37,999] Trial 64 finished with value: 2618.759521484375 and parameters: {'gradient_clip_val': 0.14543975383662103, 'hidden_size': 139, 'dropout': 0.39020427088144266, 'hidden_continuous_size': 29, 'attention_head_size': 4, 'learning_rate': 0.0034627686300829174}. Best is trial 59 with value: 1960.7025146484375.
LOCAL_RANK: 0 - CUDA_VISIBLE_DEVICES: [0]
[I 2023-11-30 00:51:51,737] Trial 65 finished with value: 2104.6474609375 and parameters: {'gradient_clip_val': 0.12647427421615529, 'hidden_size': 110, 'dropout': 0.36934848128467984, 'hidden_continuous_size': 32, 'attention_head_size': 4, 'learning_rate': 0.004678799018523442}. Best is trial 59 with value: 1960.7025146484375.
LOCAL_RANK: 0 - CUDA_VISIBLE_DEVICES: [0]
[I 2023-11-30 00:52:05,447] Trial 66 finished with value: 2698.523193359375 and parameters: {'gradient_clip_val': 0.12320619282872533, 'hidden_size': 103, 'dropout': 0.399115046820204, 'hidden_continuous_size': 31, 'attention_head_size': 4, 'learning_rate': 0.004344475696945031}. Best is trial 59 with value: 1960.7025146484375.
LOCAL_RANK: 0 - CUDA_VISIBLE_DEVICES: [0]
[I 2023-11-30 00:52:19,426] Trial 67 finished with value: 2470.513916015625 and parameters: {'gradient_clip_val': 0.1332723409556846, 'hidden_size': 126, 'dropout': 0.36608897818561953, 'hidden_continuous_size': 36, 'attention_head_size': 4, 'learning_rate': 0.0019751654712593355}. Best is trial 59 with value: 1960.7025146484375.
LOCAL_RANK: 0 - CUDA_VISIBLE_DEVICES: [0]
[I 2023-11-30 00:52:33,326] Trial 68 finished with value: 2226.48193359375 and parameters: {'gradient_clip_val': 0.12123876868286532, 'hidden_size': 111, 'dropout': 0.3770875696456281, 'hidden_continuous_size': 26, 'attention_head_size': 4, 'learning_rate': 0.0026740672126760526}. Best is trial 59 with value: 1960.7025146484375.
LOCAL_RANK: 0 - CUDA_VISIBLE_DEVICES: [0]
[I 2023-11-30 00:52:47,240] Trial 69 finished with value: 2033.869140625 and parameters: {'gradient_clip_val': 0.15861531251067285, 'hidden_size': 136, 'dropout': 0.34735292106312987, 'hidden_continuous_size': 27, 'attention_head_size': 4, 'learning_rate': 0.003424769538894217}. Best is trial 59 with value: 1960.7025146484375.
LOCAL_RANK: 0 - CUDA_VISIBLE_DEVICES: [0]
[I 2023-11-30 00:53:01,344] Trial 70 finished with value: 2130.809814453125 and parameters: {'gradient_clip_val': 0.15529884403874655, 'hidden_size': 139, 'dropout': 0.3472759814628415, 'hidden_continuous_size': 27, 'attention_head_size': 4, 'learning_rate': 0.0049494821962878886}. Best is trial 59 with value: 1960.7025146484375.
LOCAL_RANK: 0 - CUDA_VISIBLE_DEVICES: [0]
[I 2023-11-30 00:53:14,981] Trial 71 finished with value: 2231.50732421875 and parameters: {'gradient_clip_val': 0.1407183729627131, 'hidden_size': 120, 'dropout': 0.35564273150393083, 'hidden_continuous_size': 24, 'attention_head_size': 4, 'learning_rate': 0.0031163869509510597}. Best is trial 59 with value: 1960.7025146484375.
LOCAL_RANK: 0 - CUDA_VISIBLE_DEVICES: [0]
[I 2023-11-30 00:53:28,692] Trial 72 finished with value: 1973.0111083984375 and parameters: {'gradient_clip_val': 0.1306044277524222, 'hidden_size': 102, 'dropout': 0.38521427876258985, 'hidden_continuous_size': 28, 'attention_head_size': 4, 'learning_rate': 0.0038011194388204972}. Best is trial 59 with value: 1960.7025146484375.
LOCAL_RANK: 0 - CUDA_VISIBLE_DEVICES: [0]
[I 2023-11-30 00:53:42,485] Trial 73 finished with value: 2506.72021484375 and parameters: {'gradient_clip_val': 0.10712686874883577, 'hidden_size': 94, 'dropout': 0.38498370533601145, 'hidden_continuous_size': 28, 'attention_head_size': 4, 'learning_rate': 0.004008070805593713}. Best is trial 59 with value: 1960.7025146484375.
LOCAL_RANK: 0 - CUDA_VISIBLE_DEVICES: [0]
[I 2023-11-30 00:53:56,473] Trial 74 finished with value: 2608.57080078125 and parameters: {'gradient_clip_val': 0.117999695983127, 'hidden_size': 132, 'dropout': 0.36762443901483893, 'hidden_continuous_size': 33, 'attention_head_size': 4, 'learning_rate': 0.002660078695162616}. Best is trial 59 with value: 1960.7025146484375.
LOCAL_RANK: 0 - CUDA_VISIBLE_DEVICES: [0]
[I 2023-11-30 00:54:10,144] Trial 75 finished with value: 2454.6240234375 and parameters: {'gradient_clip_val': 0.12845484553855327, 'hidden_size': 101, 'dropout': 0.3442712515300008, 'hidden_continuous_size': 36, 'attention_head_size': 4, 'learning_rate': 0.006410828614158197}. Best is trial 59 with value: 1960.7025146484375.
LOCAL_RANK: 0 - CUDA_VISIBLE_DEVICES: [0]
[I 2023-11-30 00:54:23,566] Trial 76 finished with value: 2419.504150390625 and parameters: {'gradient_clip_val': 0.14897276566239173, 'hidden_size': 91, 'dropout': 0.3584852934573846, 'hidden_continuous_size': 21, 'attention_head_size': 4, 'learning_rate': 0.003857055481754233}. Best is trial 59 with value: 1960.7025146484375.
LOCAL_RANK: 0 - CUDA_VISIBLE_DEVICES: [0]
[I 2023-11-30 00:54:37,273] Trial 77 finished with value: 2031.9111328125 and parameters: {'gradient_clip_val': 0.1662732877531424, 'hidden_size': 114, 'dropout': 0.3900945916446299, 'hidden_continuous_size': 27, 'attention_head_size': 4, 'learning_rate': 0.004614968486443216}. Best is trial 59 with value: 1960.7025146484375.
LOCAL_RANK: 0 - CUDA_VISIBLE_DEVICES: [0]
[I 2023-11-30 00:54:51,222] Trial 78 finished with value: 1952.8665771484375 and parameters: {'gradient_clip_val': 0.1624661855272242, 'hidden_size': 123, 'dropout': 0.3911052884289315, 'hidden_continuous_size': 26, 'attention_head_size': 3, 'learning_rate': 0.0052666279243020735}. Best is trial 78 with value: 1952.8665771484375.
LOCAL_RANK: 0 - CUDA_VISIBLE_DEVICES: [0]
[I 2023-11-30 00:55:04,817] Trial 79 finished with value: 2126.3935546875 and parameters: {'gradient_clip_val': 0.21383220699420594, 'hidden_size': 120, 'dropout': 0.3954983641275584, 'hidden_continuous_size': 26, 'attention_head_size': 3, 'learning_rate': 0.0029089710400857166}. Best is trial 78 with value: 1952.8665771484375.
LOCAL_RANK: 0 - CUDA_VISIBLE_DEVICES: [0]
[I 2023-11-30 00:55:19,001] Trial 80 finished with value: 2102.229248046875 and parameters: {'gradient_clip_val': 0.1839639263520979, 'hidden_size': 138, 'dropout': 0.3892010977590425, 'hidden_continuous_size': 30, 'attention_head_size': 4, 'learning_rate': 0.005277678563009981}. Best is trial 78 with value: 1952.8665771484375.
LOCAL_RANK: 0 - CUDA_VISIBLE_DEVICES: [0]
[I 2023-11-30 00:55:32,807] Trial 81 finished with value: 2227.02880859375 and parameters: {'gradient_clip_val': 0.1615182010390672, 'hidden_size': 125, 'dropout': 0.38158895059752973, 'hidden_continuous_size': 23, 'attention_head_size': 4, 'learning_rate': 0.004245224906979075}. Best is trial 78 with value: 1952.8665771484375.
LOCAL_RANK: 0 - CUDA_VISIBLE_DEVICES: [0]
