[I 2023-11-30 11:41:12,330] Trial 69 finished with value: 203.3085174560547 and parameters: {'gradient_clip_val': 0.11489863507814385, 'hidden_size': 36, 'dropout': 0.11986220394891176, 'hidden_continuous_size': 16, 'attention_head_size': 1, 'learning_rate': 0.027196509474456152}. Best is trial 41 with value: 130.7822723388672.
LOCAL_RANK: 0 - CUDA_VISIBLE_DEVICES: [0]
[I 2023-11-30 11:41:25,213] Trial 70 finished with value: 166.1608123779297 and parameters: {'gradient_clip_val': 0.18612203582054618, 'hidden_size': 41, 'dropout': 0.25430040381606206, 'hidden_continuous_size': 21, 'attention_head_size': 3, 'learning_rate': 0.04310559232363087}. Best is trial 41 with value: 130.7822723388672.
LOCAL_RANK: 0 - CUDA_VISIBLE_DEVICES: [0]
[I 2023-11-30 11:41:38,068] Trial 71 finished with value: 200.20179748535156 and parameters: {'gradient_clip_val': 0.10744440104203262, 'hidden_size': 35, 'dropout': 0.14006089921575218, 'hidden_continuous_size': 23, 'attention_head_size': 3, 'learning_rate': 0.0638760838965953}. Best is trial 41 with value: 130.7822723388672.
LOCAL_RANK: 0 - CUDA_VISIBLE_DEVICES: [0]
[I 2023-11-30 11:41:50,916] Trial 72 finished with value: 177.0951385498047 and parameters: {'gradient_clip_val': 0.1341119828613592, 'hidden_size': 38, 'dropout': 0.10844451992433916, 'hidden_continuous_size': 20, 'attention_head_size': 3, 'learning_rate': 0.048624023905213774}. Best is trial 41 with value: 130.7822723388672.
LOCAL_RANK: 0 - CUDA_VISIBLE_DEVICES: [0]
[I 2023-11-30 11:42:03,815] Trial 73 finished with value: 160.50320434570312 and parameters: {'gradient_clip_val': 0.11338710364354353, 'hidden_size': 31, 'dropout': 0.12825497260747312, 'hidden_continuous_size': 18, 'attention_head_size': 3, 'learning_rate': 0.054182076992486575}. Best is trial 41 with value: 130.7822723388672.
LOCAL_RANK: 0 - CUDA_VISIBLE_DEVICES: [0]
[I 2023-11-30 11:42:17,291] Trial 74 finished with value: 189.97265625 and parameters: {'gradient_clip_val': 0.144743796913361, 'hidden_size': 54, 'dropout': 0.11975241855522932, 'hidden_continuous_size': 35, 'attention_head_size': 3, 'learning_rate': 0.04622008322097168}. Best is trial 41 with value: 130.7822723388672.
LOCAL_RANK: 0 - CUDA_VISIBLE_DEVICES: [0]
[I 2023-11-30 11:42:29,810] Trial 75 finished with value: 164.45555114746094 and parameters: {'gradient_clip_val': 0.1253003760838728, 'hidden_size': 36, 'dropout': 0.10186793726763824, 'hidden_continuous_size': 17, 'attention_head_size': 4, 'learning_rate': 0.032382681687816196}. Best is trial 41 with value: 130.7822723388672.
LOCAL_RANK: 0 - CUDA_VISIBLE_DEVICES: [0]
[I 2023-11-30 11:42:42,737] Trial 76 finished with value: 175.3159942626953 and parameters: {'gradient_clip_val': 0.11485047191459391, 'hidden_size': 46, 'dropout': 0.13334644970944745, 'hidden_continuous_size': 24, 'attention_head_size': 3, 'learning_rate': 0.0864334737191683}. Best is trial 41 with value: 130.7822723388672.
LOCAL_RANK: 0 - CUDA_VISIBLE_DEVICES: [0]
[I 2023-11-30 11:42:55,126] Trial 77 finished with value: 200.3174285888672 and parameters: {'gradient_clip_val': 0.16043595402465927, 'hidden_size': 26, 'dropout': 0.11609795445509095, 'hidden_continuous_size': 21, 'attention_head_size': 2, 'learning_rate': 0.04118590880211887}. Best is trial 41 with value: 130.7822723388672.
LOCAL_RANK: 0 - CUDA_VISIBLE_DEVICES: [0]
[I 2023-11-30 11:43:07,933] Trial 78 finished with value: 164.87631225585938 and parameters: {'gradient_clip_val': 0.10566080631468824, 'hidden_size': 29, 'dropout': 0.140917469283457, 'hidden_continuous_size': 20, 'attention_head_size': 3, 'learning_rate': 0.06695532665345626}. Best is trial 41 with value: 130.7822723388672.
LOCAL_RANK: 0 - CUDA_VISIBLE_DEVICES: [0]
[I 2023-11-30 11:43:20,577] Trial 79 finished with value: 185.4603271484375 and parameters: {'gradient_clip_val': 0.1358526749325001, 'hidden_size': 31, 'dropout': 0.10504254549662835, 'hidden_continuous_size': 22, 'attention_head_size': 4, 'learning_rate': 0.05698040688485671}. Best is trial 41 with value: 130.7822723388672.
LOCAL_RANK: 0 - CUDA_VISIBLE_DEVICES: [0]
[I 2023-11-30 11:43:33,259] Trial 80 finished with value: 182.99810791015625 and parameters: {'gradient_clip_val': 0.12670931519088857, 'hidden_size': 33, 'dropout': 0.15227137149144893, 'hidden_continuous_size': 19, 'attention_head_size': 3, 'learning_rate': 0.033645364418213905}. Best is trial 41 with value: 130.7822723388672.
LOCAL_RANK: 0 - CUDA_VISIBLE_DEVICES: [0]
[I 2023-11-30 11:43:45,815] Trial 81 finished with value: 152.9206085205078 and parameters: {'gradient_clip_val': 0.1035854823918649, 'hidden_size': 40, 'dropout': 0.13425224373049002, 'hidden_continuous_size': 20, 'attention_head_size': 3, 'learning_rate': 0.05238663560131865}. Best is trial 41 with value: 130.7822723388672.
LOCAL_RANK: 0 - CUDA_VISIBLE_DEVICES: [0]
[I 2023-11-30 11:43:58,742] Trial 82 finished with value: 177.1087646484375 and parameters: {'gradient_clip_val': 0.10048803513854819, 'hidden_size': 41, 'dropout': 0.1246837393560775, 'hidden_continuous_size': 23, 'attention_head_size': 3, 'learning_rate': 0.05024324787609536}. Best is trial 41 with value: 130.7822723388672.
LOCAL_RANK: 0 - CUDA_VISIBLE_DEVICES: [0]
[I 2023-11-30 11:44:11,718] Trial 83 finished with value: 186.49334716796875 and parameters: {'gradient_clip_val': 0.11003666894985435, 'hidden_size': 37, 'dropout': 0.13395578200735303, 'hidden_continuous_size': 20, 'attention_head_size': 3, 'learning_rate': 0.039238717097676436}. Best is trial 41 with value: 130.7822723388672.
LOCAL_RANK: 0 - CUDA_VISIBLE_DEVICES: [0]
[I 2023-11-30 11:44:24,806] Trial 84 finished with value: 205.9491729736328 and parameters: {'gradient_clip_val': 0.11432905956671556, 'hidden_size': 44, 'dropout': 0.11553295967453421, 'hidden_continuous_size': 38, 'attention_head_size': 3, 'learning_rate': 0.027498775742739085}. Best is trial 41 with value: 130.7822723388672.
LOCAL_RANK: 0 - CUDA_VISIBLE_DEVICES: [0]
[I 2023-11-30 11:44:37,593] Trial 85 finished with value: 150.4237060546875 and parameters: {'gradient_clip_val': 0.11855158455541245, 'hidden_size': 34, 'dropout': 0.14257254199764213, 'hidden_continuous_size': 19, 'attention_head_size': 3, 'learning_rate': 0.08267708369747255}. Best is trial 41 with value: 130.7822723388672.
LOCAL_RANK: 0 - CUDA_VISIBLE_DEVICES: [0]
[I 2023-11-30 11:44:50,037] Trial 86 finished with value: 198.17784118652344 and parameters: {'gradient_clip_val': 0.1341192244715975, 'hidden_size': 27, 'dropout': 0.14523077173626942, 'hidden_continuous_size': 18, 'attention_head_size': 3, 'learning_rate': 0.09927645737903375}. Best is trial 41 with value: 130.7822723388672.
LOCAL_RANK: 0 - CUDA_VISIBLE_DEVICES: [0]
[I 2023-11-30 11:45:02,546] Trial 87 finished with value: 158.69871520996094 and parameters: {'gradient_clip_val': 0.14733211855847272, 'hidden_size': 33, 'dropout': 0.10004464826052399, 'hidden_continuous_size': 19, 'attention_head_size': 2, 'learning_rate': 0.08300176821003821}. Best is trial 41 with value: 130.7822723388672.
LOCAL_RANK: 0 - CUDA_VISIBLE_DEVICES: [0]
[I 2023-11-30 11:45:15,415] Trial 88 finished with value: 177.9146270751953 and parameters: {'gradient_clip_val': 0.11859847567506503, 'hidden_size': 35, 'dropout': 0.10842289029179557, 'hidden_continuous_size': 17, 'attention_head_size': 3, 'learning_rate': 0.06944326774547221}. Best is trial 41 with value: 130.7822723388672.
LOCAL_RANK: 0 - CUDA_VISIBLE_DEVICES: [0]
[I 2023-11-30 11:45:27,615] Trial 89 finished with value: 177.2312469482422 and parameters: {'gradient_clip_val': 0.12422058157615784, 'hidden_size': 24, 'dropout': 0.12241029944195392, 'hidden_continuous_size': 21, 'attention_head_size': 3, 'learning_rate': 0.059927999301047113}. Best is trial 41 with value: 130.7822723388672.
LOCAL_RANK: 0 - CUDA_VISIBLE_DEVICES: [0]
[I 2023-11-30 11:45:40,239] Trial 90 finished with value: 153.279052734375 and parameters: {'gradient_clip_val': 0.14267488271062742, 'hidden_size': 29, 'dropout': 0.1145650586098778, 'hidden_continuous_size': 18, 'attention_head_size': 3, 'learning_rate': 0.07504895033682424}. Best is trial 41 with value: 130.7822723388672.
LOCAL_RANK: 0 - CUDA_VISIBLE_DEVICES: [0]
[I 2023-11-30 11:45:53,006] Trial 91 finished with value: 200.51763916015625 and parameters: {'gradient_clip_val': 0.10576248879510886, 'hidden_size': 39, 'dropout': 0.13039138945584236, 'hidden_continuous_size': 19, 'attention_head_size': 3, 'learning_rate': 0.044988080438132814}. Best is trial 41 with value: 130.7822723388672.
LOCAL_RANK: 0 - CUDA_VISIBLE_DEVICES: [0]
[I 2023-11-30 11:46:05,836] Trial 92 finished with value: 180.8452606201172 and parameters: {'gradient_clip_val': 0.11736369951503528, 'hidden_size': 41, 'dropout': 0.13463043852468987, 'hidden_continuous_size': 22, 'attention_head_size': 3, 'learning_rate': 0.05583462432939219}. Best is trial 41 with value: 130.7822723388672.
LOCAL_RANK: 0 - CUDA_VISIBLE_DEVICES: [0]
[I 2023-11-30 11:46:19,304] Trial 93 finished with value: 177.1345977783203 and parameters: {'gradient_clip_val': 0.1298038293606385, 'hidden_size': 50, 'dropout': 0.14615796337033626, 'hidden_continuous_size': 24, 'attention_head_size': 3, 'learning_rate': 0.03754777203950446}. Best is trial 41 with value: 130.7822723388672.
LOCAL_RANK: 0 - CUDA_VISIBLE_DEVICES: [0]
[I 2023-11-30 11:46:31,951] Trial 94 finished with value: 141.7374725341797 and parameters: {'gradient_clip_val': 0.11110685630943751, 'hidden_size': 34, 'dropout': 0.10811070590920119, 'hidden_continuous_size': 20, 'attention_head_size': 3, 'learning_rate': 0.06505893827102087}. Best is trial 41 with value: 130.7822723388672.
LOCAL_RANK: 0 - CUDA_VISIBLE_DEVICES: [0]
[I 2023-11-30 11:46:44,628] Trial 95 finished with value: 176.8708038330078 and parameters: {'gradient_clip_val': 0.11151738046731434, 'hidden_size': 34, 'dropout': 0.10943639305674195, 'hidden_continuous_size': 21, 'attention_head_size': 3, 'learning_rate': 0.06470748959678911}. Best is trial 41 with value: 130.7822723388672.
LOCAL_RANK: 0 - CUDA_VISIBLE_DEVICES: [0]
[I 2023-11-30 11:46:57,433] Trial 96 finished with value: 187.6322479248047 and parameters: {'gradient_clip_val': 0.1390378434825093, 'hidden_size': 37, 'dropout': 0.10592103698617442, 'hidden_continuous_size': 31, 'attention_head_size': 3, 'learning_rate': 0.07826991466568574}. Best is trial 41 with value: 130.7822723388672.
LOCAL_RANK: 0 - CUDA_VISIBLE_DEVICES: [0]
[I 2023-11-30 11:47:10,000] Trial 97 finished with value: 193.49664306640625 and parameters: {'gradient_clip_val': 0.15400084519354554, 'hidden_size': 32, 'dropout': 0.12403960992147521, 'hidden_continuous_size': 19, 'attention_head_size': 4, 'learning_rate': 0.03082074601853735}. Best is trial 41 with value: 130.7822723388672.
LOCAL_RANK: 0 - CUDA_VISIBLE_DEVICES: [0]
[I 2023-11-30 11:47:23,003] Trial 98 finished with value: 172.1331787109375 and parameters: {'gradient_clip_val': 0.12293130588554974, 'hidden_size': 46, 'dropout': 0.1154668623086327, 'hidden_continuous_size': 16, 'attention_head_size': 2, 'learning_rate': 0.06126218790133595}. Best is trial 41 with value: 130.7822723388672.
LOCAL_RANK: 0 - CUDA_VISIBLE_DEVICES: [0]
[I 2023-11-30 11:47:36,886] Trial 99 finished with value: 283.3084411621094 and parameters: {'gradient_clip_val': 0.13209889746604075, 'hidden_size': 92, 'dropout': 0.11960838859249785, 'hidden_continuous_size': 45, 'attention_head_size': 3, 'learning_rate': 0.04239005996845255}. Best is trial 41 with value: 130.7822723388672.
LOCAL_RANK: 0 - CUDA_VISIBLE_DEVICES: [0]
[I 2023-11-30 11:47:49,729] Trial 100 finished with value: 221.2206573486328 and parameters: {'gradient_clip_val': 0.1105336871101149, 'hidden_size': 43, 'dropout': 0.10731839369766108, 'hidden_continuous_size': 17, 'attention_head_size': 3, 'learning_rate': 0.06991071237866466}. Best is trial 41 with value: 130.7822723388672.
LOCAL_RANK: 0 - CUDA_VISIBLE_DEVICES: [0]
[I 2023-11-30 11:48:02,476] Trial 101 finished with value: 189.9686737060547 and parameters: {'gradient_clip_val': 0.10297728553406885, 'hidden_size': 39, 'dropout': 0.12716113602079102, 'hidden_continuous_size': 20, 'attention_head_size': 3, 'learning_rate': 0.05148635877777883}. Best is trial 41 with value: 130.7822723388672.
LOCAL_RANK: 0 - CUDA_VISIBLE_DEVICES: [0]
[I 2023-11-30 11:48:15,205] Trial 102 finished with value: 226.4954833984375 and parameters: {'gradient_clip_val': 0.10583685622816928, 'hidden_size': 35, 'dropout': 0.137195675746822, 'hidden_continuous_size': 20, 'attention_head_size': 3, 'learning_rate': 0.03604765911568408}. Best is trial 41 with value: 130.7822723388672.
LOCAL_RANK: 0 - CUDA_VISIBLE_DEVICES: [0]
[I 2023-11-30 11:48:28,197] Trial 103 finished with value: 159.43772888183594 and parameters: {'gradient_clip_val': 0.1186215212370755, 'hidden_size': 38, 'dropout': 0.15898416082029285, 'hidden_continuous_size': 21, 'attention_head_size': 3, 'learning_rate': 0.05453180180314655}. Best is trial 41 with value: 130.7822723388672.
LOCAL_RANK: 0 - CUDA_VISIBLE_DEVICES: [0]
[I 2023-11-30 11:48:41,059] Trial 104 finished with value: 175.5933837890625 and parameters: {'gradient_clip_val': 0.12512178069872473, 'hidden_size': 41, 'dropout': 0.1123872845305523, 'hidden_continuous_size': 22, 'attention_head_size': 3, 'learning_rate': 0.04883383729254866}. Best is trial 41 with value: 130.7822723388672.
LOCAL_RANK: 0 - CUDA_VISIBLE_DEVICES: [0]
[I 2023-11-30 11:48:53,680] Trial 105 finished with value: 161.2687225341797 and parameters: {'gradient_clip_val': 0.11516277788061867, 'hidden_size': 30, 'dropout': 0.10066884432022524, 'hidden_continuous_size': 19, 'attention_head_size': 3, 'learning_rate': 0.0443881631163724}. Best is trial 41 with value: 130.7822723388672.
LOCAL_RANK: 0 - CUDA_VISIBLE_DEVICES: [0]
[I 2023-11-30 11:49:06,658] Trial 106 finished with value: 145.2272186279297 and parameters: {'gradient_clip_val': 0.10420286732889184, 'hidden_size': 49, 'dropout': 0.12987012156984104, 'hidden_continuous_size': 23, 'attention_head_size': 3, 'learning_rate': 0.03326899721673079}. Best is trial 41 with value: 130.7822723388672.
LOCAL_RANK: 0 - CUDA_VISIBLE_DEVICES: [0]
[I 2023-11-30 11:49:19,661] Trial 107 finished with value: 192.1219940185547 and parameters: {'gradient_clip_val': 0.11031647147371877, 'hidden_size': 48, 'dropout': 0.11930485098240108, 'hidden_continuous_size': 23, 'attention_head_size': 1, 'learning_rate': 0.032545363161991046}. Best is trial 41 with value: 130.7822723388672.
LOCAL_RANK: 0 - CUDA_VISIBLE_DEVICES: [0]
[I 2023-11-30 11:49:32,467] Trial 108 finished with value: 149.07814025878906 and parameters: {'gradient_clip_val': 0.1303582809716451, 'hidden_size': 33, 'dropout': 0.12594402854481934, 'hidden_continuous_size': 26, 'attention_head_size': 3, 'learning_rate': 0.023865412822271292}. Best is trial 41 with value: 130.7822723388672.
LOCAL_RANK: 0 - CUDA_VISIBLE_DEVICES: [0]
[I 2023-11-30 11:49:45,057] Trial 109 finished with value: 170.67430114746094 and parameters: {'gradient_clip_val': 0.13061658803462428, 'hidden_size': 33, 'dropout': 0.10757920890325538, 'hidden_continuous_size': 26, 'attention_head_size': 3, 'learning_rate': 0.02367229677450183}. Best is trial 41 with value: 130.7822723388672.
LOCAL_RANK: 0 - CUDA_VISIBLE_DEVICES: [0]
[I 2023-11-30 11:49:58,874] Trial 110 finished with value: 176.2530059814453 and parameters: {'gradient_clip_val': 0.13908286646173637, 'hidden_size': 128, 'dropout': 0.12744066041577884, 'hidden_continuous_size': 15, 'attention_head_size': 4, 'learning_rate': 0.019561134160609117}. Best is trial 41 with value: 130.7822723388672.
LOCAL_RANK: 0 - CUDA_VISIBLE_DEVICES: [0]
[I 2023-11-30 11:50:11,701] Trial 111 finished with value: 160.1956329345703 and parameters: {'gradient_clip_val': 0.11963392706564457, 'hidden_size': 37, 'dropout': 0.14189014905572106, 'hidden_continuous_size': 29, 'attention_head_size': 3, 'learning_rate': 0.02557400105427472}. Best is trial 41 with value: 130.7822723388672.
LOCAL_RANK: 0 - CUDA_VISIBLE_DEVICES: [0]
[I 2023-11-30 11:50:24,899] Trial 112 finished with value: 165.3089141845703 and parameters: {'gradient_clip_val': 0.1250583759224996, 'hidden_size': 43, 'dropout': 0.11688172825406813, 'hidden_continuous_size': 22, 'attention_head_size': 3, 'learning_rate': 0.02110239338079573}. Best is trial 41 with value: 130.7822723388672.
LOCAL_RANK: 0 - CUDA_VISIBLE_DEVICES: [0]
[I 2023-11-30 11:50:37,595] Trial 113 finished with value: 157.98785400390625 and parameters: {'gradient_clip_val': 0.149916635994673, 'hidden_size': 35, 'dropout': 0.151185596092042, 'hidden_continuous_size': 21, 'attention_head_size': 3, 'learning_rate': 0.02926454328617846}. Best is trial 41 with value: 130.7822723388672.
LOCAL_RANK: 0 - CUDA_VISIBLE_DEVICES: [0]
[I 2023-11-30 11:50:50,084] Trial 114 finished with value: 161.2422637939453 and parameters: {'gradient_clip_val': 0.11239427780614206, 'hidden_size': 32, 'dropout': 0.12279154585759454, 'hidden_continuous_size': 23, 'attention_head_size': 3, 'learning_rate': 0.03793273955849407}. Best is trial 41 with value: 130.7822723388672.
LOCAL_RANK: 0 - CUDA_VISIBLE_DEVICES: [0]
[I 2023-11-30 11:51:03,102] Trial 115 finished with value: 202.5460205078125 and parameters: {'gradient_clip_val': 0.10000302284656246, 'hidden_size': 45, 'dropout': 0.11345781498143173, 'hidden_continuous_size': 28, 'attention_head_size': 3, 'learning_rate': 0.026809999961923285}. Best is trial 41 with value: 130.7822723388672.
LOCAL_RANK: 0 - CUDA_VISIBLE_DEVICES: [0]
[I 2023-11-30 11:51:15,914] Trial 116 finished with value: 192.701171875 and parameters: {'gradient_clip_val': 0.12969256257589512, 'hidden_size': 39, 'dropout': 0.1042862298813932, 'hidden_continuous_size': 25, 'attention_head_size': 3, 'learning_rate': 0.033934893905598576}. Best is trial 41 with value: 130.7822723388672.
LOCAL_RANK: 0 - CUDA_VISIBLE_DEVICES: [0]
[I 2023-11-30 11:51:28,885] Trial 117 finished with value: 141.501220703125 and parameters: {'gradient_clip_val': 0.11796183746515322, 'hidden_size': 36, 'dropout': 0.12657163483740327, 'hidden_continuous_size': 26, 'attention_head_size': 3, 'learning_rate': 0.023203971731923168}. Best is trial 41 with value: 130.7822723388672.
LOCAL_RANK: 0 - CUDA_VISIBLE_DEVICES: [0]
[I 2023-11-30 11:51:41,746] Trial 118 finished with value: 173.8240203857422 and parameters: {'gradient_clip_val': 0.13757289807745393, 'hidden_size': 42, 'dropout': 0.1286927685522205, 'hidden_continuous_size': 24, 'attention_head_size': 2, 'learning_rate': 0.023267723601462124}. Best is trial 41 with value: 130.7822723388672.
LOCAL_RANK: 0 - CUDA_VISIBLE_DEVICES: [0]
[I 2023-11-30 11:51:54,483] Trial 119 finished with value: 218.3180694580078 and parameters: {'gradient_clip_val': 0.11799276019011982, 'hidden_size': 30, 'dropout': 0.11123627025920799, 'hidden_continuous_size': 22, 'attention_head_size': 3, 'learning_rate': 0.018266810117240757}. Best is trial 41 with value: 130.7822723388672.
LOCAL_RANK: 0 - CUDA_VISIBLE_DEVICES: [0]
[I 2023-11-30 11:52:07,802] Trial 120 finished with value: 202.6536865234375 and parameters: {'gradient_clip_val': 0.14375886033062082, 'hidden_size': 54, 'dropout': 0.1000566225545029, 'hidden_continuous_size': 26, 'attention_head_size': 3, 'learning_rate': 0.028254837053911595}. Best is trial 41 with value: 130.7822723388672.
LOCAL_RANK: 0 - CUDA_VISIBLE_DEVICES: [0]
[I 2023-11-30 11:52:20,408] Trial 121 finished with value: 168.1593475341797 and parameters: {'gradient_clip_val': 0.10822436931066041, 'hidden_size': 36, 'dropout': 0.1398137268368173, 'hidden_continuous_size': 26, 'attention_head_size': 3, 'learning_rate': 0.031049006406061008}. Best is trial 41 with value: 130.7822723388672.
LOCAL_RANK: 0 - CUDA_VISIBLE_DEVICES: [0]
[I 2023-11-30 11:52:33,440] Trial 122 finished with value: 164.0063934326172 and parameters: {'gradient_clip_val': 0.12225880725294952, 'hidden_size': 34, 'dropout': 0.12319800912774148, 'hidden_continuous_size': 25, 'attention_head_size': 3, 'learning_rate': 0.023509022223233336}. Best is trial 41 with value: 130.7822723388672.
LOCAL_RANK: 0 - CUDA_VISIBLE_DEVICES: [0]
[I 2023-11-30 11:52:46,395] Trial 123 finished with value: 198.83277893066406 and parameters: {'gradient_clip_val': 0.1048160285202319, 'hidden_size': 38, 'dropout': 0.13264911483317518, 'hidden_continuous_size': 23, 'attention_head_size': 3, 'learning_rate': 0.020212851962776193}. Best is trial 41 with value: 130.7822723388672.
LOCAL_RANK: 0 - CUDA_VISIBLE_DEVICES: [0]
[I 2023-11-30 11:52:59,548] Trial 124 finished with value: 178.7733612060547 and parameters: {'gradient_clip_val': 0.11344737417307038, 'hidden_size': 48, 'dropout': 0.11790397179070898, 'hidden_continuous_size': 33, 'attention_head_size': 3, 'learning_rate': 0.01706541112378352}. Best is trial 41 with value: 130.7822723388672.
LOCAL_RANK: 0 - CUDA_VISIBLE_DEVICES: [0]
[I 2023-11-30 11:53:12,080] Trial 125 finished with value: 150.6743621826172 and parameters: {'gradient_clip_val': 0.12675916081022037, 'hidden_size': 32, 'dropout': 0.1070070420662108, 'hidden_continuous_size': 27, 'attention_head_size': 3, 'learning_rate': 0.025806079159221975}. Best is trial 41 with value: 130.7822723388672.
LOCAL_RANK: 0 - CUDA_VISIBLE_DEVICES: [0]
[I 2023-11-30 11:53:24,504] Trial 126 finished with value: 182.54811096191406 and parameters: {'gradient_clip_val': 0.1327586079427186, 'hidden_size': 28, 'dropout': 0.10583294079633461, 'hidden_continuous_size': 24, 'attention_head_size': 3, 'learning_rate': 0.025845819521523993}. Best is trial 41 with value: 130.7822723388672.
LOCAL_RANK: 0 - CUDA_VISIBLE_DEVICES: [0]
[I 2023-11-30 11:53:37,006] Trial 127 finished with value: 177.2155303955078 and parameters: {'gradient_clip_val': 0.12658045472665955, 'hidden_size': 32, 'dropout': 0.1103637179217342, 'hidden_continuous_size': 25, 'attention_head_size': 3, 'learning_rate': 0.022258484517599837}. Best is trial 41 with value: 130.7822723388672.
LOCAL_RANK: 0 - CUDA_VISIBLE_DEVICES: [0]
