[I 2023-11-30 06:55:21,780] Trial 130 finished with value: 124.20513916015625 and parameters: {'gradient_clip_val': 0.3674767276501542, 'hidden_size': 98, 'dropout': 0.28553984286671236, 'hidden_continuous_size': 25, 'attention_head_size': 4, 'learning_rate': 0.008469930256855775}. Best is trial 52 with value: 65.44499206542969.
LOCAL_RANK: 0 - CUDA_VISIBLE_DEVICES: [0]
[I 2023-11-30 06:55:35,376] Trial 131 finished with value: 113.1037368774414 and parameters: {'gradient_clip_val': 0.33539756575590207, 'hidden_size': 81, 'dropout': 0.26331348342059113, 'hidden_continuous_size': 27, 'attention_head_size': 3, 'learning_rate': 0.006676029461952927}. Best is trial 52 with value: 65.44499206542969.
LOCAL_RANK: 0 - CUDA_VISIBLE_DEVICES: [0]
[I 2023-11-30 06:55:48,639] Trial 132 finished with value: 124.678466796875 and parameters: {'gradient_clip_val': 0.262301430856488, 'hidden_size': 84, 'dropout': 0.15624150217743996, 'hidden_continuous_size': 14, 'attention_head_size': 3, 'learning_rate': 0.03273683939744559}. Best is trial 52 with value: 65.44499206542969.
LOCAL_RANK: 0 - CUDA_VISIBLE_DEVICES: [0]
[I 2023-11-30 06:56:02,256] Trial 133 finished with value: 114.52208709716797 and parameters: {'gradient_clip_val': 0.2958238816737478, 'hidden_size': 89, 'dropout': 0.27638746806627573, 'hidden_continuous_size': 28, 'attention_head_size': 4, 'learning_rate': 0.03582455649602323}. Best is trial 52 with value: 65.44499206542969.
LOCAL_RANK: 0 - CUDA_VISIBLE_DEVICES: [0]
[I 2023-11-30 06:56:16,335] Trial 134 finished with value: 135.32086181640625 and parameters: {'gradient_clip_val': 0.4132959561909899, 'hidden_size': 109, 'dropout': 0.18268979826571663, 'hidden_continuous_size': 19, 'attention_head_size': 4, 'learning_rate': 0.030672486947668054}. Best is trial 52 with value: 65.44499206542969.
LOCAL_RANK: 0 - CUDA_VISIBLE_DEVICES: [0]
[I 2023-11-30 06:56:29,762] Trial 135 finished with value: 97.44512939453125 and parameters: {'gradient_clip_val': 0.2728661813228579, 'hidden_size': 67, 'dropout': 0.27103304867895434, 'hidden_continuous_size': 26, 'attention_head_size': 4, 'learning_rate': 0.005587436984447228}. Best is trial 52 with value: 65.44499206542969.
LOCAL_RANK: 0 - CUDA_VISIBLE_DEVICES: [0]
[I 2023-11-30 06:56:43,276] Trial 136 finished with value: 118.90155792236328 and parameters: {'gradient_clip_val': 0.21710756149618135, 'hidden_size': 65, 'dropout': 0.27189262200537995, 'hidden_continuous_size': 26, 'attention_head_size': 4, 'learning_rate': 0.005282483966157126}. Best is trial 52 with value: 65.44499206542969.
LOCAL_RANK: 0 - CUDA_VISIBLE_DEVICES: [0]
[I 2023-11-30 06:56:56,453] Trial 137 finished with value: 128.76646423339844 and parameters: {'gradient_clip_val': 0.3534300161702494, 'hidden_size': 54, 'dropout': 0.28903313207467185, 'hidden_continuous_size': 22, 'attention_head_size': 4, 'learning_rate': 0.00593994424047067}. Best is trial 52 with value: 65.44499206542969.
LOCAL_RANK: 0 - CUDA_VISIBLE_DEVICES: [0]
[I 2023-11-30 06:57:09,969] Trial 138 finished with value: 104.05403900146484 and parameters: {'gradient_clip_val': 0.26765920995263287, 'hidden_size': 71, 'dropout': 0.27882035323946536, 'hidden_continuous_size': 25, 'attention_head_size': 4, 'learning_rate': 0.007275353683108115}. Best is trial 52 with value: 65.44499206542969.
LOCAL_RANK: 0 - CUDA_VISIBLE_DEVICES: [0]
[I 2023-11-30 06:57:23,437] Trial 139 finished with value: 124.58642578125 and parameters: {'gradient_clip_val': 0.3058812690323947, 'hidden_size': 57, 'dropout': 0.30358696135111934, 'hidden_continuous_size': 24, 'attention_head_size': 4, 'learning_rate': 0.04338531361098045}. Best is trial 52 with value: 65.44499206542969.
LOCAL_RANK: 0 - CUDA_VISIBLE_DEVICES: [0]
[I 2023-11-30 06:57:37,009] Trial 140 finished with value: 101.99053955078125 and parameters: {'gradient_clip_val': 0.3890264804865058, 'hidden_size': 77, 'dropout': 0.1465218812429762, 'hidden_continuous_size': 29, 'attention_head_size': 4, 'learning_rate': 0.006347175955641178}. Best is trial 52 with value: 65.44499206542969.
LOCAL_RANK: 0 - CUDA_VISIBLE_DEVICES: [0]
[I 2023-11-30 06:57:50,003] Trial 141 finished with value: 113.35465240478516 and parameters: {'gradient_clip_val': 0.27632722669870774, 'hidden_size': 66, 'dropout': 0.257379305231007, 'hidden_continuous_size': 12, 'attention_head_size': 2, 'learning_rate': 0.0045321233636078}. Best is trial 52 with value: 65.44499206542969.
LOCAL_RANK: 0 - CUDA_VISIBLE_DEVICES: [0]
[I 2023-11-30 06:58:03,816] Trial 142 finished with value: 152.56309509277344 and parameters: {'gradient_clip_val': 0.25152829293725637, 'hidden_size': 120, 'dropout': 0.24364635639794763, 'hidden_continuous_size': 17, 'attention_head_size': 3, 'learning_rate': 0.02096776767689025}. Best is trial 52 with value: 65.44499206542969.
LOCAL_RANK: 0 - CUDA_VISIBLE_DEVICES: [0]
[I 2023-11-30 06:58:17,371] Trial 143 finished with value: 151.01275634765625 and parameters: {'gradient_clip_val': 0.2868975148532307, 'hidden_size': 74, 'dropout': 0.2681055095620343, 'hidden_continuous_size': 27, 'attention_head_size': 4, 'learning_rate': 0.02833262606659794}. Best is trial 52 with value: 65.44499206542969.
LOCAL_RANK: 0 - CUDA_VISIBLE_DEVICES: [0]
[I 2023-11-30 06:58:31,066] Trial 144 finished with value: 106.40839385986328 and parameters: {'gradient_clip_val': 0.23902331970538448, 'hidden_size': 94, 'dropout': 0.25100138213693035, 'hidden_continuous_size': 11, 'attention_head_size': 4, 'learning_rate': 0.005564103429063161}. Best is trial 52 with value: 65.44499206542969.
LOCAL_RANK: 0 - CUDA_VISIBLE_DEVICES: [0]
[I 2023-11-30 06:58:44,453] Trial 145 finished with value: 117.00738525390625 and parameters: {'gradient_clip_val': 0.32275471103384273, 'hidden_size': 61, 'dropout': 0.2637888103792737, 'hidden_continuous_size': 25, 'attention_head_size': 3, 'learning_rate': 0.008260291157709243}. Best is trial 52 with value: 65.44499206542969.
LOCAL_RANK: 0 - CUDA_VISIBLE_DEVICES: [0]
[I 2023-11-30 06:58:57,932] Trial 146 finished with value: 88.1788558959961 and parameters: {'gradient_clip_val': 0.29105320437979426, 'hidden_size': 69, 'dropout': 0.22652879232363649, 'hidden_continuous_size': 26, 'attention_head_size': 2, 'learning_rate': 0.004973029440276955}. Best is trial 52 with value: 65.44499206542969.
LOCAL_RANK: 0 - CUDA_VISIBLE_DEVICES: [0]
[I 2023-11-30 06:59:11,337] Trial 147 finished with value: 108.1998519897461 and parameters: {'gradient_clip_val': 0.337260738658816, 'hidden_size': 70, 'dropout': 0.20353875019559603, 'hidden_continuous_size': 26, 'attention_head_size': 2, 'learning_rate': 0.004979271501403558}. Best is trial 52 with value: 65.44499206542969.
LOCAL_RANK: 0 - CUDA_VISIBLE_DEVICES: [0]
[I 2023-11-30 06:59:25,324] Trial 148 finished with value: 129.21914672851562 and parameters: {'gradient_clip_val': 0.3117990672749241, 'hidden_size': 130, 'dropout': 0.21391007960043953, 'hidden_continuous_size': 23, 'attention_head_size': 2, 'learning_rate': 0.007001757457097009}. Best is trial 52 with value: 65.44499206542969.
LOCAL_RANK: 0 - CUDA_VISIBLE_DEVICES: [0]
[I 2023-11-30 06:59:39,492] Trial 149 finished with value: 123.97762298583984 and parameters: {'gradient_clip_val': 0.2590017324540683, 'hidden_size': 144, 'dropout': 0.22771563948793508, 'hidden_continuous_size': 30, 'attention_head_size': 2, 'learning_rate': 0.0038703728925491426}. Best is trial 52 with value: 65.44499206542969.
[I 2023-11-30 06:59:39,603] A new study created in memory with name: no-name-c519d6e5-e3d8-4f52-aab8-8ac039a885ee
/home/le004/conda/anaconda3/envs/tsff_env/lib/python3.9/site-packages/lightning/fabric/plugins/environments/slurm.py:191: The `srun` command is available on your system but is not used. HINT: If your intention is to run Lightning on SLURM, prepend your python command with `srun` like so: srun python /home/le004/master_thesis/git/TSFusionForecast/code/ ...
LOCAL_RANK: 0 - CUDA_VISIBLE_DEVICES: [0]
[I 2023-11-30 06:59:52,302] Trial 0 finished with value: 64.54219055175781 and parameters: {'gradient_clip_val': 0.4913167986611609, 'hidden_size': 60, 'dropout': 0.32828799105529216, 'hidden_continuous_size': 10, 'attention_head_size': 1, 'learning_rate': 0.070396922012769}. Best is trial 0 with value: 64.54219055175781.
LOCAL_RANK: 0 - CUDA_VISIBLE_DEVICES: [0]
[I 2023-11-30 07:00:05,748] Trial 1 finished with value: 59.17201232910156 and parameters: {'gradient_clip_val': 0.7356205038223953, 'hidden_size': 97, 'dropout': 0.3413467837413179, 'hidden_continuous_size': 13, 'attention_head_size': 3, 'learning_rate': 0.006675786420385582}. Best is trial 1 with value: 59.17201232910156.
LOCAL_RANK: 0 - CUDA_VISIBLE_DEVICES: [0]
[I 2023-11-30 07:00:19,285] Trial 2 finished with value: 64.53009796142578 and parameters: {'gradient_clip_val': 0.6251549343825458, 'hidden_size': 75, 'dropout': 0.37003149358981124, 'hidden_continuous_size': 16, 'attention_head_size': 4, 'learning_rate': 0.004726189591141603}. Best is trial 1 with value: 59.17201232910156.
LOCAL_RANK: 0 - CUDA_VISIBLE_DEVICES: [0]
[I 2023-11-30 07:00:33,497] Trial 3 finished with value: 57.3419075012207 and parameters: {'gradient_clip_val': 0.1818888169827856, 'hidden_size': 105, 'dropout': 0.24542047267274492, 'hidden_continuous_size': 73, 'attention_head_size': 3, 'learning_rate': 0.008937440447890086}. Best is trial 3 with value: 57.3419075012207.
LOCAL_RANK: 0 - CUDA_VISIBLE_DEVICES: [0]
[I 2023-11-30 07:00:46,670] Trial 4 finished with value: 177.75514221191406 and parameters: {'gradient_clip_val': 0.3415273294218151, 'hidden_size': 34, 'dropout': 0.11933770601604402, 'hidden_continuous_size': 20, 'attention_head_size': 4, 'learning_rate': 0.0011338080388450002}. Best is trial 3 with value: 57.3419075012207.
LOCAL_RANK: 0 - CUDA_VISIBLE_DEVICES: [0]
[I 2023-11-30 07:01:00,222] Trial 5 finished with value: 51.26588821411133 and parameters: {'gradient_clip_val': 0.7993241886403633, 'hidden_size': 94, 'dropout': 0.3234669721087746, 'hidden_continuous_size': 12, 'attention_head_size': 4, 'learning_rate': 0.0909547708948209}. Best is trial 5 with value: 51.26588821411133.
LOCAL_RANK: 0 - CUDA_VISIBLE_DEVICES: [0]
[I 2023-11-30 07:01:14,245] Trial 6 finished with value: 52.596832275390625 and parameters: {'gradient_clip_val': 0.4631469852931518, 'hidden_size': 133, 'dropout': 0.11520578600098773, 'hidden_continuous_size': 17, 'attention_head_size': 3, 'learning_rate': 0.01966456901389053}. Best is trial 5 with value: 51.26588821411133.
LOCAL_RANK: 0 - CUDA_VISIBLE_DEVICES: [0]
[I 2023-11-30 07:01:26,670] Trial 7 finished with value: 171.9068145751953 and parameters: {'gradient_clip_val': 0.5172939299484002, 'hidden_size': 23, 'dropout': 0.35375640180532164, 'hidden_continuous_size': 18, 'attention_head_size': 3, 'learning_rate': 0.0025418921752967554}. Best is trial 5 with value: 51.26588821411133.
LOCAL_RANK: 0 - CUDA_VISIBLE_DEVICES: [0]
[I 2023-11-30 07:01:38,959] Trial 8 finished with value: 68.43941497802734 and parameters: {'gradient_clip_val': 0.1208422799303499, 'hidden_size': 19, 'dropout': 0.3559888354513724, 'hidden_continuous_size': 18, 'attention_head_size': 4, 'learning_rate': 0.015411651164741556}. Best is trial 5 with value: 51.26588821411133.
LOCAL_RANK: 0 - CUDA_VISIBLE_DEVICES: [0]
[I 2023-11-30 07:01:51,512] Trial 9 finished with value: 188.9196319580078 and parameters: {'gradient_clip_val': 0.19978777096148076, 'hidden_size': 30, 'dropout': 0.3784345023598952, 'hidden_continuous_size': 12, 'attention_head_size': 2, 'learning_rate': 0.0012740907426620172}. Best is trial 5 with value: 51.26588821411133.
LOCAL_RANK: 0 - CUDA_VISIBLE_DEVICES: [0]
[I 2023-11-30 07:02:03,475] Trial 10 finished with value: 61.5726318359375 and parameters: {'gradient_clip_val': 0.9979037901747637, 'hidden_size': 11, 'dropout': 0.2828137368239898, 'hidden_continuous_size': 10, 'attention_head_size': 1, 'learning_rate': 0.0914725862501692}. Best is trial 5 with value: 51.26588821411133.
LOCAL_RANK: 0 - CUDA_VISIBLE_DEVICES: [0]
[I 2023-11-30 07:02:17,462] Trial 11 finished with value: 45.90658187866211 and parameters: {'gradient_clip_val': 0.9943324502189345, 'hidden_size': 144, 'dropout': 0.10014633848109045, 'hidden_continuous_size': 31, 'attention_head_size': 2, 'learning_rate': 0.029096477951097474}. Best is trial 11 with value: 45.90658187866211.
LOCAL_RANK: 0 - CUDA_VISIBLE_DEVICES: [0]
[I 2023-11-30 07:02:31,348] Trial 12 finished with value: 47.302799224853516 and parameters: {'gradient_clip_val': 0.9923814005535292, 'hidden_size': 126, 'dropout': 0.18002125033640332, 'hidden_continuous_size': 32, 'attention_head_size': 2, 'learning_rate': 0.04066824866377364}. Best is trial 11 with value: 45.90658187866211.
LOCAL_RANK: 0 - CUDA_VISIBLE_DEVICES: [0]
[I 2023-11-30 07:02:45,554] Trial 13 finished with value: 42.5617561340332 and parameters: {'gradient_clip_val': 0.9218052755493031, 'hidden_size': 145, 'dropout': 0.16324888382389746, 'hidden_continuous_size': 35, 'attention_head_size': 2, 'learning_rate': 0.029569672159911565}. Best is trial 13 with value: 42.5617561340332.
LOCAL_RANK: 0 - CUDA_VISIBLE_DEVICES: [0]
[I 2023-11-30 07:02:59,073] Trial 14 finished with value: 47.04591751098633 and parameters: {'gradient_clip_val': 0.7055535954565184, 'hidden_size': 59, 'dropout': 0.16499039106990143, 'hidden_continuous_size': 30, 'attention_head_size': 2, 'learning_rate': 0.03168622436809789}. Best is trial 13 with value: 42.5617561340332.
LOCAL_RANK: 0 - CUDA_VISIBLE_DEVICES: [0]
[I 2023-11-30 07:03:13,071] Trial 15 finished with value: 50.07609176635742 and parameters: {'gradient_clip_val': 0.9729247515970104, 'hidden_size': 132, 'dropout': 0.15714453791235078, 'hidden_continuous_size': 56, 'attention_head_size': 2, 'learning_rate': 0.018926092999770012}. Best is trial 13 with value: 42.5617561340332.
LOCAL_RANK: 0 - CUDA_VISIBLE_DEVICES: [0]
[I 2023-11-30 07:03:27,370] Trial 16 finished with value: 59.76102066040039 and parameters: {'gradient_clip_val': 0.36372971369924173, 'hidden_size': 144, 'dropout': 0.10181086930076733, 'hidden_continuous_size': 124, 'attention_head_size': 1, 'learning_rate': 0.03950810334129385}. Best is trial 13 with value: 42.5617561340332.
LOCAL_RANK: 0 - CUDA_VISIBLE_DEVICES: [0]
[I 2023-11-30 07:03:40,423] Trial 17 finished with value: 51.22572326660156 and parameters: {'gradient_clip_val': 0.6299941478714968, 'hidden_size': 50, 'dropout': 0.21024787040649093, 'hidden_continuous_size': 26, 'attention_head_size': 2, 'learning_rate': 0.013478024898023258}. Best is trial 13 with value: 42.5617561340332.
LOCAL_RANK: 0 - CUDA_VISIBLE_DEVICES: [0]
[I 2023-11-30 07:03:53,863] Trial 18 finished with value: 63.8861198425293 and parameters: {'gradient_clip_val': 0.7976904355139111, 'hidden_size': 80, 'dropout': 0.1373563852750125, 'hidden_continuous_size': 37, 'attention_head_size': 1, 'learning_rate': 0.027288277726345275}. Best is trial 13 with value: 42.5617561340332.
LOCAL_RANK: 0 - CUDA_VISIBLE_DEVICES: [0]
[I 2023-11-30 07:04:07,481] Trial 19 finished with value: 43.80226135253906 and parameters: {'gradient_clip_val': 0.42932374130633555, 'hidden_size': 77, 'dropout': 0.19784208365425043, 'hidden_continuous_size': 25, 'attention_head_size': 2, 'learning_rate': 0.05197890946901693}. Best is trial 13 with value: 42.5617561340332.
LOCAL_RANK: 0 - CUDA_VISIBLE_DEVICES: [0]
[I 2023-11-30 07:04:20,335] Trial 20 finished with value: 55.31196594238281 and parameters: {'gradient_clip_val': 0.27956185855568716, 'hidden_size': 48, 'dropout': 0.19629632065030503, 'hidden_continuous_size': 23, 'attention_head_size': 3, 'learning_rate': 0.053140370284838645}. Best is trial 13 with value: 42.5617561340332.
LOCAL_RANK: 0 - CUDA_VISIBLE_DEVICES: [0]
[I 2023-11-30 07:04:34,255] Trial 21 finished with value: 50.525691986083984 and parameters: {'gradient_clip_val': 0.5950175336998567, 'hidden_size': 144, 'dropout': 0.14568060261132545, 'hidden_continuous_size': 44, 'attention_head_size': 2, 'learning_rate': 0.05756919022604646}. Best is trial 13 with value: 42.5617561340332.
LOCAL_RANK: 0 - CUDA_VISIBLE_DEVICES: [0]
[I 2023-11-30 07:04:48,056] Trial 22 finished with value: 42.849395751953125 and parameters: {'gradient_clip_val': 0.815532981912587, 'hidden_size': 103, 'dropout': 0.1333341213446542, 'hidden_continuous_size': 25, 'attention_head_size': 2, 'learning_rate': 0.02430752535326051}. Best is trial 13 with value: 42.5617561340332.
LOCAL_RANK: 0 - CUDA_VISIBLE_DEVICES: [0]
[I 2023-11-30 07:05:01,823] Trial 23 finished with value: 54.74064254760742 and parameters: {'gradient_clip_val': 0.4720621787332727, 'hidden_size': 105, 'dropout': 0.20060170018615925, 'hidden_continuous_size': 23, 'attention_head_size': 2, 'learning_rate': 0.025902204443830207}. Best is trial 13 with value: 42.5617561340332.
LOCAL_RANK: 0 - CUDA_VISIBLE_DEVICES: [0]
[I 2023-11-30 07:05:15,283] Trial 24 finished with value: 56.3187141418457 and parameters: {'gradient_clip_val': 0.7988101024012061, 'hidden_size': 76, 'dropout': 0.1726683295724898, 'hidden_continuous_size': 25, 'attention_head_size': 1, 'learning_rate': 0.045358815925601655}. Best is trial 13 with value: 42.5617561340332.
LOCAL_RANK: 0 - CUDA_VISIBLE_DEVICES: [0]
[I 2023-11-30 07:05:29,082] Trial 25 finished with value: 60.37578201293945 and parameters: {'gradient_clip_val': 0.3857866864161967, 'hidden_size': 112, 'dropout': 0.13545787493635147, 'hidden_continuous_size': 39, 'attention_head_size': 2, 'learning_rate': 0.06748886498971406}. Best is trial 13 with value: 42.5617561340332.
LOCAL_RANK: 0 - CUDA_VISIBLE_DEVICES: [0]
[I 2023-11-30 07:05:42,628] Trial 26 finished with value: 51.665767669677734 and parameters: {'gradient_clip_val': 0.5932749622827563, 'hidden_size': 86, 'dropout': 0.23297096135299844, 'hidden_continuous_size': 28, 'attention_head_size': 3, 'learning_rate': 0.03560603414953467}. Best is trial 13 with value: 42.5617561340332.
LOCAL_RANK: 0 - CUDA_VISIBLE_DEVICES: [0]
[I 2023-11-30 07:05:56,418] Trial 27 finished with value: 53.3847770690918 and parameters: {'gradient_clip_val': 0.4112358598327414, 'hidden_size': 114, 'dropout': 0.17278422808142088, 'hidden_continuous_size': 22, 'attention_head_size': 2, 'learning_rate': 0.0224221644085497}. Best is trial 13 with value: 42.5617561340332.
LOCAL_RANK: 0 - CUDA_VISIBLE_DEVICES: [0]
[I 2023-11-30 07:06:09,786] Trial 28 finished with value: 54.3094596862793 and parameters: {'gradient_clip_val': 0.5338151500852869, 'hidden_size': 70, 'dropout': 0.1445844346865538, 'hidden_continuous_size': 27, 'attention_head_size': 1, 'learning_rate': 0.013355274689679683}. Best is trial 13 with value: 42.5617561340332.
LOCAL_RANK: 0 - CUDA_VISIBLE_DEVICES: [0]
[I 2023-11-30 07:06:22,979] Trial 29 finished with value: 57.730682373046875 and parameters: {'gradient_clip_val': 0.6880747758431783, 'hidden_size': 64, 'dropout': 0.18855797343109412, 'hidden_continuous_size': 20, 'attention_head_size': 1, 'learning_rate': 0.0625740726040843}. Best is trial 13 with value: 42.5617561340332.
LOCAL_RANK: 0 - CUDA_VISIBLE_DEVICES: [0]
[I 2023-11-30 07:06:36,655] Trial 30 finished with value: 43.55793762207031 and parameters: {'gradient_clip_val': 0.8675827849192942, 'hidden_size': 89, 'dropout': 0.216242739875569, 'hidden_continuous_size': 36, 'attention_head_size': 2, 'learning_rate': 0.04501133400767728}. Best is trial 13 with value: 42.5617561340332.
LOCAL_RANK: 0 - CUDA_VISIBLE_DEVICES: [0]
[I 2023-11-30 07:06:50,210] Trial 31 finished with value: 44.315582275390625 and parameters: {'gradient_clip_val': 0.8473622229061656, 'hidden_size': 89, 'dropout': 0.22753010232983195, 'hidden_continuous_size': 34, 'attention_head_size': 2, 'learning_rate': 0.04648571782710359}. Best is trial 13 with value: 42.5617561340332.
LOCAL_RANK: 0 - CUDA_VISIBLE_DEVICES: [0]
[I 2023-11-30 07:07:04,102] Trial 32 finished with value: 52.92522048950195 and parameters: {'gradient_clip_val': 0.8758395575194752, 'hidden_size': 98, 'dropout': 0.21618430062546, 'hidden_continuous_size': 28, 'attention_head_size': 2, 'learning_rate': 0.032148865278686906}. Best is trial 13 with value: 42.5617561340332.
LOCAL_RANK: 0 - CUDA_VISIBLE_DEVICES: [0]
[I 2023-11-30 07:07:17,660] Trial 33 finished with value: 52.896575927734375 and parameters: {'gradient_clip_val': 0.7013344292335049, 'hidden_size': 84, 'dropout': 0.1793161771017979, 'hidden_continuous_size': 36, 'attention_head_size': 2, 'learning_rate': 0.07205259822407878}. Best is trial 13 with value: 42.5617561340332.
LOCAL_RANK: 0 - CUDA_VISIBLE_DEVICES: [0]
[I 2023-11-30 07:07:31,879] Trial 34 finished with value: 48.48723220825195 and parameters: {'gradient_clip_val': 0.7314129973011377, 'hidden_size': 116, 'dropout': 0.2010747172892814, 'hidden_continuous_size': 47, 'attention_head_size': 3, 'learning_rate': 0.04604652499053353}. Best is trial 13 with value: 42.5617561340332.
LOCAL_RANK: 0 - CUDA_VISIBLE_DEVICES: [0]
[I 2023-11-30 07:07:45,764] Trial 35 finished with value: 54.98484802246094 and parameters: {'gradient_clip_val': 0.6320004140641997, 'hidden_size': 104, 'dropout': 0.1572168038912372, 'hidden_continuous_size': 33, 'attention_head_size': 2, 'learning_rate': 0.02418759629857064}. Best is trial 13 with value: 42.5617561340332.
LOCAL_RANK: 0 - CUDA_VISIBLE_DEVICES: [0]
[I 2023-11-30 07:07:59,152] Trial 36 finished with value: 53.63568115234375 and parameters: {'gradient_clip_val': 0.8702490105062652, 'hidden_size': 70, 'dropout': 0.25804626484338666, 'hidden_continuous_size': 25, 'attention_head_size': 3, 'learning_rate': 0.037118668498071786}. Best is trial 13 with value: 42.5617561340332.
LOCAL_RANK: 0 - CUDA_VISIBLE_DEVICES: [0]
[I 2023-11-30 07:08:12,960] Trial 37 finished with value: 62.6148681640625 and parameters: {'gradient_clip_val': 0.5733351032446979, 'hidden_size': 95, 'dropout': 0.12363565621650692, 'hidden_continuous_size': 40, 'attention_head_size': 2, 'learning_rate': 0.008327515967779392}. Best is trial 13 with value: 42.5617561340332.
LOCAL_RANK: 0 - CUDA_VISIBLE_DEVICES: [0]
