[I 2023-11-30 12:41:07,935] Trial 60 finished with value: 260.7748107910156 and parameters: {'gradient_clip_val': 0.5998565378560925, 'hidden_size': 21, 'dropout': 0.1907474858851795, 'hidden_continuous_size': 13, 'attention_head_size': 4, 'learning_rate': 0.024491418140501472}. Best is trial 23 with value: 136.40174865722656.
LOCAL_RANK: 0 - CUDA_VISIBLE_DEVICES: [0]
[I 2023-11-30 12:41:20,038] Trial 61 finished with value: 172.5275421142578 and parameters: {'gradient_clip_val': 0.6517499410408082, 'hidden_size': 24, 'dropout': 0.20993900832421686, 'hidden_continuous_size': 15, 'attention_head_size': 3, 'learning_rate': 0.0444121486767768}. Best is trial 23 with value: 136.40174865722656.
LOCAL_RANK: 0 - CUDA_VISIBLE_DEVICES: [0]
[I 2023-11-30 12:41:32,432] Trial 62 finished with value: 167.74099731445312 and parameters: {'gradient_clip_val': 0.6774788862496431, 'hidden_size': 17, 'dropout': 0.19037510163924223, 'hidden_continuous_size': 12, 'attention_head_size': 3, 'learning_rate': 0.04251797299041237}. Best is trial 23 with value: 136.40174865722656.
LOCAL_RANK: 0 - CUDA_VISIBLE_DEVICES: [0]
[I 2023-11-30 12:41:44,758] Trial 63 finished with value: 153.5764617919922 and parameters: {'gradient_clip_val': 0.5643603014620189, 'hidden_size': 27, 'dropout': 0.1735326212646454, 'hidden_continuous_size': 11, 'attention_head_size': 3, 'learning_rate': 0.048773321889247906}. Best is trial 23 with value: 136.40174865722656.
LOCAL_RANK: 0 - CUDA_VISIBLE_DEVICES: [0]
[I 2023-11-30 12:41:57,479] Trial 64 finished with value: 162.48023986816406 and parameters: {'gradient_clip_val': 0.7824712709419822, 'hidden_size': 35, 'dropout': 0.20375472091609462, 'hidden_continuous_size': 16, 'attention_head_size': 3, 'learning_rate': 0.028711528065522372}. Best is trial 23 with value: 136.40174865722656.
LOCAL_RANK: 0 - CUDA_VISIBLE_DEVICES: [0]
[I 2023-11-30 12:42:09,934] Trial 65 finished with value: 167.1183319091797 and parameters: {'gradient_clip_val': 0.7327569379728133, 'hidden_size': 26, 'dropout': 0.24037220560541722, 'hidden_continuous_size': 15, 'attention_head_size': 2, 'learning_rate': 0.08315594333697834}. Best is trial 23 with value: 136.40174865722656.
LOCAL_RANK: 0 - CUDA_VISIBLE_DEVICES: [0]
[I 2023-11-30 12:42:22,050] Trial 66 finished with value: 152.5658721923828 and parameters: {'gradient_clip_val': 0.9100918295167162, 'hidden_size': 22, 'dropout': 0.22336876448276663, 'hidden_continuous_size': 13, 'attention_head_size': 1, 'learning_rate': 0.03845093989845578}. Best is trial 23 with value: 136.40174865722656.
LOCAL_RANK: 0 - CUDA_VISIBLE_DEVICES: [0]
[I 2023-11-30 12:42:34,258] Trial 67 finished with value: 174.9290771484375 and parameters: {'gradient_clip_val': 0.8060535777965707, 'hidden_size': 24, 'dropout': 0.16515182839625658, 'hidden_continuous_size': 14, 'attention_head_size': 2, 'learning_rate': 0.0619284621836591}. Best is trial 23 with value: 136.40174865722656.
LOCAL_RANK: 0 - CUDA_VISIBLE_DEVICES: [0]
[I 2023-11-30 12:42:46,664] Trial 68 finished with value: 146.5138397216797 and parameters: {'gradient_clip_val': 0.6258850684739831, 'hidden_size': 14, 'dropout': 0.1834470076956242, 'hidden_continuous_size': 12, 'attention_head_size': 4, 'learning_rate': 0.050626099665894965}. Best is trial 23 with value: 136.40174865722656.
LOCAL_RANK: 0 - CUDA_VISIBLE_DEVICES: [0]
[I 2023-11-30 12:42:58,837] Trial 69 finished with value: 157.44561767578125 and parameters: {'gradient_clip_val': 0.6263910693514853, 'hidden_size': 14, 'dropout': 0.18018265429924407, 'hidden_continuous_size': 12, 'attention_head_size': 4, 'learning_rate': 0.06669940196067348}. Best is trial 23 with value: 136.40174865722656.
LOCAL_RANK: 0 - CUDA_VISIBLE_DEVICES: [0]
[I 2023-11-30 12:43:11,091] Trial 70 finished with value: 166.4427490234375 and parameters: {'gradient_clip_val': 0.5537983329626326, 'hidden_size': 15, 'dropout': 0.21451479527426878, 'hidden_continuous_size': 12, 'attention_head_size': 4, 'learning_rate': 0.054126745850870725}. Best is trial 23 with value: 136.40174865722656.
LOCAL_RANK: 0 - CUDA_VISIBLE_DEVICES: [0]
[I 2023-11-30 12:43:23,385] Trial 71 finished with value: 145.4750518798828 and parameters: {'gradient_clip_val': 0.6668270950178222, 'hidden_size': 18, 'dropout': 0.19709996071978397, 'hidden_continuous_size': 11, 'attention_head_size': 4, 'learning_rate': 0.04287397536277791}. Best is trial 23 with value: 136.40174865722656.
LOCAL_RANK: 0 - CUDA_VISIBLE_DEVICES: [0]
[I 2023-11-30 12:43:35,986] Trial 72 finished with value: 139.5616912841797 and parameters: {'gradient_clip_val': 0.6192860661414371, 'hidden_size': 19, 'dropout': 0.19257518406259708, 'hidden_continuous_size': 11, 'attention_head_size': 4, 'learning_rate': 0.0302341792240579}. Best is trial 23 with value: 136.40174865722656.
LOCAL_RANK: 0 - CUDA_VISIBLE_DEVICES: [0]
[I 2023-11-30 12:43:48,212] Trial 73 finished with value: 162.92283630371094 and parameters: {'gradient_clip_val': 0.907193850071535, 'hidden_size': 19, 'dropout': 0.19314128679197917, 'hidden_continuous_size': 11, 'attention_head_size': 4, 'learning_rate': 0.030732594791351625}. Best is trial 23 with value: 136.40174865722656.
LOCAL_RANK: 0 - CUDA_VISIBLE_DEVICES: [0]
[I 2023-11-30 12:44:00,464] Trial 74 finished with value: 200.55030822753906 and parameters: {'gradient_clip_val': 0.7225509942811144, 'hidden_size': 17, 'dropout': 0.1681335328395135, 'hidden_continuous_size': 11, 'attention_head_size': 4, 'learning_rate': 0.035991531767476666}. Best is trial 23 with value: 136.40174865722656.
LOCAL_RANK: 0 - CUDA_VISIBLE_DEVICES: [0]
[I 2023-11-30 12:44:12,745] Trial 75 finished with value: 229.16558837890625 and parameters: {'gradient_clip_val': 0.8198653653560073, 'hidden_size': 21, 'dropout': 0.18401970720195793, 'hidden_continuous_size': 11, 'attention_head_size': 4, 'learning_rate': 0.050478626297054595}. Best is trial 23 with value: 136.40174865722656.
LOCAL_RANK: 0 - CUDA_VISIBLE_DEVICES: [0]
[I 2023-11-30 12:44:24,763] Trial 76 finished with value: 182.22259521484375 and parameters: {'gradient_clip_val': 0.699402323872669, 'hidden_size': 16, 'dropout': 0.16063332496983038, 'hidden_continuous_size': 11, 'attention_head_size': 4, 'learning_rate': 0.04064811402039373}. Best is trial 23 with value: 136.40174865722656.
LOCAL_RANK: 0 - CUDA_VISIBLE_DEVICES: [0]
[I 2023-11-30 12:44:37,061] Trial 77 finished with value: 126.98721313476562 and parameters: {'gradient_clip_val': 0.6444410132539476, 'hidden_size': 18, 'dropout': 0.19451020637582256, 'hidden_continuous_size': 11, 'attention_head_size': 4, 'learning_rate': 0.05851410493602956}. Best is trial 77 with value: 126.98721313476562.
LOCAL_RANK: 0 - CUDA_VISIBLE_DEVICES: [0]
[I 2023-11-30 12:44:49,189] Trial 78 finished with value: 151.5233917236328 and parameters: {'gradient_clip_val': 0.9250818163590194, 'hidden_size': 18, 'dropout': 0.20047305127045917, 'hidden_continuous_size': 11, 'attention_head_size': 4, 'learning_rate': 0.0771795893238182}. Best is trial 77 with value: 126.98721313476562.
LOCAL_RANK: 0 - CUDA_VISIBLE_DEVICES: [0]
[I 2023-11-30 12:45:01,193] Trial 79 finished with value: 159.67640686035156 and parameters: {'gradient_clip_val': 0.5023106947418379, 'hidden_size': 19, 'dropout': 0.20664135093745975, 'hidden_continuous_size': 11, 'attention_head_size': 2, 'learning_rate': 0.05616906005237753}. Best is trial 77 with value: 126.98721313476562.
LOCAL_RANK: 0 - CUDA_VISIBLE_DEVICES: [0]
[I 2023-11-30 12:45:13,537] Trial 80 finished with value: 182.6441192626953 and parameters: {'gradient_clip_val': 0.5786136056138547, 'hidden_size': 23, 'dropout': 0.17331857300971398, 'hidden_continuous_size': 10, 'attention_head_size': 4, 'learning_rate': 0.0633520267517878}. Best is trial 77 with value: 126.98721313476562.
LOCAL_RANK: 0 - CUDA_VISIBLE_DEVICES: [0]
[I 2023-11-30 12:45:25,661] Trial 81 finished with value: 140.8582763671875 and parameters: {'gradient_clip_val': 0.6498496747879481, 'hidden_size': 20, 'dropout': 0.1927872870957219, 'hidden_continuous_size': 13, 'attention_head_size': 4, 'learning_rate': 0.04709708485160501}. Best is trial 77 with value: 126.98721313476562.
LOCAL_RANK: 0 - CUDA_VISIBLE_DEVICES: [0]
[I 2023-11-30 12:45:38,071] Trial 82 finished with value: 142.6495361328125 and parameters: {'gradient_clip_val': 0.7590884437656593, 'hidden_size': 21, 'dropout': 0.19301166411665435, 'hidden_continuous_size': 13, 'attention_head_size': 4, 'learning_rate': 0.0457193136117215}. Best is trial 77 with value: 126.98721313476562.
LOCAL_RANK: 0 - CUDA_VISIBLE_DEVICES: [0]
[I 2023-11-30 12:45:50,492] Trial 83 finished with value: 205.357666015625 and parameters: {'gradient_clip_val': 0.7634867000199108, 'hidden_size': 22, 'dropout': 0.1554818997452363, 'hidden_continuous_size': 13, 'attention_head_size': 4, 'learning_rate': 0.07223022281333348}. Best is trial 77 with value: 126.98721313476562.
LOCAL_RANK: 0 - CUDA_VISIBLE_DEVICES: [0]
[I 2023-11-30 12:46:02,592] Trial 84 finished with value: 151.2926025390625 and parameters: {'gradient_clip_val': 0.7561442225049274, 'hidden_size': 20, 'dropout': 0.21758637316740903, 'hidden_continuous_size': 13, 'attention_head_size': 4, 'learning_rate': 0.03391904794683622}. Best is trial 77 with value: 126.98721313476562.
LOCAL_RANK: 0 - CUDA_VISIBLE_DEVICES: [0]
[I 2023-11-30 12:46:15,058] Trial 85 finished with value: 140.0737762451172 and parameters: {'gradient_clip_val': 0.8261453626009008, 'hidden_size': 25, 'dropout': 0.19020004531043344, 'hidden_continuous_size': 13, 'attention_head_size': 4, 'learning_rate': 0.09258479291117609}. Best is trial 77 with value: 126.98721313476562.
LOCAL_RANK: 0 - CUDA_VISIBLE_DEVICES: [0]
[I 2023-11-30 12:46:27,675] Trial 86 finished with value: 209.5951385498047 and parameters: {'gradient_clip_val': 0.8431011184930797, 'hidden_size': 29, 'dropout': 0.19203321489345326, 'hidden_continuous_size': 14, 'attention_head_size': 4, 'learning_rate': 0.09861320045226683}. Best is trial 77 with value: 126.98721313476562.
LOCAL_RANK: 0 - CUDA_VISIBLE_DEVICES: [0]
[I 2023-11-30 12:46:40,053] Trial 87 finished with value: 148.2046356201172 and parameters: {'gradient_clip_val': 0.9265681151231894, 'hidden_size': 25, 'dropout': 0.16482376492425588, 'hidden_continuous_size': 13, 'attention_head_size': 2, 'learning_rate': 0.08648686878268262}. Best is trial 77 with value: 126.98721313476562.
LOCAL_RANK: 0 - CUDA_VISIBLE_DEVICES: [0]
[I 2023-11-30 12:46:52,325] Trial 88 finished with value: 223.81689453125 and parameters: {'gradient_clip_val': 0.8251058308878295, 'hidden_size': 21, 'dropout': 0.17834167513363278, 'hidden_continuous_size': 13, 'attention_head_size': 4, 'learning_rate': 0.0816452903428666}. Best is trial 77 with value: 126.98721313476562.
LOCAL_RANK: 0 - CUDA_VISIBLE_DEVICES: [0]
[I 2023-11-30 12:47:04,558] Trial 89 finished with value: 133.4969024658203 and parameters: {'gradient_clip_val': 0.7137364757387498, 'hidden_size': 24, 'dropout': 0.1878027754999739, 'hidden_continuous_size': 14, 'attention_head_size': 4, 'learning_rate': 0.06045801808506361}. Best is trial 77 with value: 126.98721313476562.
LOCAL_RANK: 0 - CUDA_VISIBLE_DEVICES: [0]
[I 2023-11-30 12:47:16,857] Trial 90 finished with value: 170.5783233642578 and parameters: {'gradient_clip_val': 0.6659178388416795, 'hidden_size': 26, 'dropout': 0.1693164119509529, 'hidden_continuous_size': 14, 'attention_head_size': 2, 'learning_rate': 0.07013269545480255}. Best is trial 77 with value: 126.98721313476562.
LOCAL_RANK: 0 - CUDA_VISIBLE_DEVICES: [0]
[I 2023-11-30 12:47:28,998] Trial 91 finished with value: 235.5643310546875 and parameters: {'gradient_clip_val': 0.7268468894720577, 'hidden_size': 20, 'dropout': 0.1880199302531127, 'hidden_continuous_size': 13, 'attention_head_size': 4, 'learning_rate': 0.05805431053574116}. Best is trial 77 with value: 126.98721313476562.
LOCAL_RANK: 0 - CUDA_VISIBLE_DEVICES: [0]
[I 2023-11-30 12:47:41,437] Trial 92 finished with value: 150.772216796875 and parameters: {'gradient_clip_val': 0.7895223619182768, 'hidden_size': 23, 'dropout': 0.19368919882254448, 'hidden_continuous_size': 14, 'attention_head_size': 4, 'learning_rate': 0.09294868707859384}. Best is trial 77 with value: 126.98721313476562.
LOCAL_RANK: 0 - CUDA_VISIBLE_DEVICES: [0]
[I 2023-11-30 12:47:53,834] Trial 93 finished with value: 172.71226501464844 and parameters: {'gradient_clip_val': 0.7028827620554804, 'hidden_size': 29, 'dropout': 0.18040439057458815, 'hidden_continuous_size': 16, 'attention_head_size': 4, 'learning_rate': 0.046235597710336813}. Best is trial 77 with value: 126.98721313476562.
LOCAL_RANK: 0 - CUDA_VISIBLE_DEVICES: [0]
[I 2023-11-30 12:48:06,162] Trial 94 finished with value: 171.53758239746094 and parameters: {'gradient_clip_val': 0.9502159674755913, 'hidden_size': 19, 'dropout': 0.15154476101218062, 'hidden_continuous_size': 13, 'attention_head_size': 4, 'learning_rate': 0.05646893349834345}. Best is trial 77 with value: 126.98721313476562.
LOCAL_RANK: 0 - CUDA_VISIBLE_DEVICES: [0]
[I 2023-11-30 12:48:18,560] Trial 95 finished with value: 173.8104248046875 and parameters: {'gradient_clip_val': 0.8796793927246378, 'hidden_size': 24, 'dropout': 0.17621599626381929, 'hidden_continuous_size': 22, 'attention_head_size': 4, 'learning_rate': 0.06663968700016489}. Best is trial 77 with value: 126.98721313476562.
LOCAL_RANK: 0 - CUDA_VISIBLE_DEVICES: [0]
[I 2023-11-30 12:48:30,797] Trial 96 finished with value: 152.6754608154297 and parameters: {'gradient_clip_val': 0.7594327314249152, 'hidden_size': 21, 'dropout': 0.18756559801809145, 'hidden_continuous_size': 13, 'attention_head_size': 4, 'learning_rate': 0.07386461022437323}. Best is trial 77 with value: 126.98721313476562.
LOCAL_RANK: 0 - CUDA_VISIBLE_DEVICES: [0]
[I 2023-11-30 12:48:43,225] Trial 97 finished with value: 155.9879150390625 and parameters: {'gradient_clip_val': 0.6424184384298101, 'hidden_size': 16, 'dropout': 0.21032934447783375, 'hidden_continuous_size': 13, 'attention_head_size': 4, 'learning_rate': 0.03953402627003992}. Best is trial 77 with value: 126.98721313476562.
LOCAL_RANK: 0 - CUDA_VISIBLE_DEVICES: [0]
[I 2023-11-30 12:48:55,526] Trial 98 finished with value: 141.7091522216797 and parameters: {'gradient_clip_val': 0.8465083369641536, 'hidden_size': 18, 'dropout': 0.20133329108959355, 'hidden_continuous_size': 12, 'attention_head_size': 4, 'learning_rate': 0.04655952242692041}. Best is trial 77 with value: 126.98721313476562.
LOCAL_RANK: 0 - CUDA_VISIBLE_DEVICES: [0]
[I 2023-11-30 12:49:07,672] Trial 99 finished with value: 108.21627044677734 and parameters: {'gradient_clip_val': 0.8554879514176916, 'hidden_size': 17, 'dropout': 0.20410919294598065, 'hidden_continuous_size': 12, 'attention_head_size': 1, 'learning_rate': 0.08925339914828724}. Best is trial 99 with value: 108.21627044677734.
LOCAL_RANK: 0 - CUDA_VISIBLE_DEVICES: [0]
[I 2023-11-30 12:49:19,726] Trial 100 finished with value: 155.93238830566406 and parameters: {'gradient_clip_val': 0.9991086842670298, 'hidden_size': 17, 'dropout': 0.21496960337403967, 'hidden_continuous_size': 12, 'attention_head_size': 1, 'learning_rate': 0.09065874653100889}. Best is trial 99 with value: 108.21627044677734.
LOCAL_RANK: 0 - CUDA_VISIBLE_DEVICES: [0]
[I 2023-11-30 12:49:31,698] Trial 101 finished with value: 166.27235412597656 and parameters: {'gradient_clip_val': 0.853882223044373, 'hidden_size': 19, 'dropout': 0.20085562175213587, 'hidden_continuous_size': 12, 'attention_head_size': 1, 'learning_rate': 0.06069366395503779}. Best is trial 99 with value: 108.21627044677734.
LOCAL_RANK: 0 - CUDA_VISIBLE_DEVICES: [0]
[I 2023-11-30 12:49:43,794] Trial 102 finished with value: 159.003662109375 and parameters: {'gradient_clip_val': 0.8125123340047767, 'hidden_size': 17, 'dropout': 0.2051195555905518, 'hidden_continuous_size': 12, 'attention_head_size': 1, 'learning_rate': 0.08254977482891257}. Best is trial 99 with value: 108.21627044677734.
LOCAL_RANK: 0 - CUDA_VISIBLE_DEVICES: [0]
[I 2023-11-30 12:49:55,400] Trial 103 finished with value: 166.26414489746094 and parameters: {'gradient_clip_val': 0.9549843560262455, 'hidden_size': 16, 'dropout': 0.18426904451741088, 'hidden_continuous_size': 12, 'attention_head_size': 1, 'learning_rate': 0.07035612837486847}. Best is trial 99 with value: 108.21627044677734.
LOCAL_RANK: 0 - CUDA_VISIBLE_DEVICES: [0]
[I 2023-11-30 12:50:07,580] Trial 104 finished with value: 177.968994140625 and parameters: {'gradient_clip_val': 0.886046337915979, 'hidden_size': 18, 'dropout': 0.19781165088723807, 'hidden_continuous_size': 12, 'attention_head_size': 4, 'learning_rate': 0.05270974319308044}. Best is trial 99 with value: 108.21627044677734.
LOCAL_RANK: 0 - CUDA_VISIBLE_DEVICES: [0]
[I 2023-11-30 12:50:19,641] Trial 105 finished with value: 165.00880432128906 and parameters: {'gradient_clip_val': 0.6972704884538528, 'hidden_size': 20, 'dropout': 0.17102340455351026, 'hidden_continuous_size': 14, 'attention_head_size': 3, 'learning_rate': 0.09912427966188307}. Best is trial 99 with value: 108.21627044677734.
LOCAL_RANK: 0 - CUDA_VISIBLE_DEVICES: [0]
[I 2023-11-30 12:50:31,935] Trial 106 finished with value: 147.49046325683594 and parameters: {'gradient_clip_val': 0.8405091919489129, 'hidden_size': 23, 'dropout': 0.1760828938367694, 'hidden_continuous_size': 15, 'attention_head_size': 2, 'learning_rate': 0.08027898676434517}. Best is trial 99 with value: 108.21627044677734.
LOCAL_RANK: 0 - CUDA_VISIBLE_DEVICES: [0]
[I 2023-11-30 12:50:44,884] Trial 107 finished with value: 178.9590301513672 and parameters: {'gradient_clip_val': 0.9033129282991776, 'hidden_size': 31, 'dropout': 0.22143681619224212, 'hidden_continuous_size': 17, 'attention_head_size': 4, 'learning_rate': 0.06376036716708268}. Best is trial 99 with value: 108.21627044677734.
LOCAL_RANK: 0 - CUDA_VISIBLE_DEVICES: [0]
[I 2023-11-30 12:50:57,041] Trial 108 finished with value: 141.05308532714844 and parameters: {'gradient_clip_val': 0.7933285263847842, 'hidden_size': 18, 'dropout': 0.20887183377612223, 'hidden_continuous_size': 12, 'attention_head_size': 3, 'learning_rate': 0.047055658479792276}. Best is trial 99 with value: 108.21627044677734.
LOCAL_RANK: 0 - CUDA_VISIBLE_DEVICES: [0]
[I 2023-11-30 12:51:09,438] Trial 109 finished with value: 151.1813201904297 and parameters: {'gradient_clip_val': 0.7945464154822699, 'hidden_size': 22, 'dropout': 0.2093945599270238, 'hidden_continuous_size': 18, 'attention_head_size': 3, 'learning_rate': 0.03488614893984146}. Best is trial 99 with value: 108.21627044677734.
LOCAL_RANK: 0 - CUDA_VISIBLE_DEVICES: [0]
[I 2023-11-30 12:51:21,771] Trial 110 finished with value: 175.3478546142578 and parameters: {'gradient_clip_val': 0.5863423090633979, 'hidden_size': 25, 'dropout': 0.16332471229904205, 'hidden_continuous_size': 15, 'attention_head_size': 3, 'learning_rate': 0.08818964595409523}. Best is trial 99 with value: 108.21627044677734.
LOCAL_RANK: 0 - CUDA_VISIBLE_DEVICES: [0]
[I 2023-11-30 12:51:33,952] Trial 111 finished with value: 156.26927185058594 and parameters: {'gradient_clip_val': 0.6504623432633284, 'hidden_size': 18, 'dropout': 0.18752083166964467, 'hidden_continuous_size': 12, 'attention_head_size': 3, 'learning_rate': 0.04867240064138989}. Best is trial 99 with value: 108.21627044677734.
LOCAL_RANK: 0 - CUDA_VISIBLE_DEVICES: [0]
[I 2023-11-30 12:51:46,334] Trial 112 finished with value: 161.06854248046875 and parameters: {'gradient_clip_val': 0.7282936770751035, 'hidden_size': 15, 'dropout': 0.19653159957867836, 'hidden_continuous_size': 12, 'attention_head_size': 2, 'learning_rate': 0.041426207564114984}. Best is trial 99 with value: 108.21627044677734.
LOCAL_RANK: 0 - CUDA_VISIBLE_DEVICES: [0]
[I 2023-11-30 12:51:58,268] Trial 113 finished with value: 149.80567932128906 and parameters: {'gradient_clip_val': 0.9407382402301764, 'hidden_size': 20, 'dropout': 0.20407940630288576, 'hidden_continuous_size': 11, 'attention_head_size': 3, 'learning_rate': 0.05903117930009717}. Best is trial 99 with value: 108.21627044677734.
LOCAL_RANK: 0 - CUDA_VISIBLE_DEVICES: [0]
[I 2023-11-30 12:52:10,563] Trial 114 finished with value: 182.47129821777344 and parameters: {'gradient_clip_val': 0.6890528779833837, 'hidden_size': 17, 'dropout': 0.21318939681742624, 'hidden_continuous_size': 12, 'attention_head_size': 4, 'learning_rate': 0.03168273221016658}. Best is trial 99 with value: 108.21627044677734.
LOCAL_RANK: 0 - CUDA_VISIBLE_DEVICES: [0]
[I 2023-11-30 12:52:22,698] Trial 115 finished with value: 181.62452697753906 and parameters: {'gradient_clip_val': 0.8576215342316944, 'hidden_size': 18, 'dropout': 0.1810574401788503, 'hidden_continuous_size': 12, 'attention_head_size': 4, 'learning_rate': 0.03793482666200182}. Best is trial 99 with value: 108.21627044677734.
LOCAL_RANK: 0 - CUDA_VISIBLE_DEVICES: [0]
[I 2023-11-30 12:52:34,617] Trial 116 finished with value: 142.9552764892578 and parameters: {'gradient_clip_val': 0.7737341249419554, 'hidden_size': 16, 'dropout': 0.19438027816173128, 'hidden_continuous_size': 12, 'attention_head_size': 1, 'learning_rate': 0.05455128033445218}. Best is trial 99 with value: 108.21627044677734.
LOCAL_RANK: 0 - CUDA_VISIBLE_DEVICES: [0]
[I 2023-11-30 12:52:47,151] Trial 117 finished with value: 141.81021118164062 and parameters: {'gradient_clip_val': 0.6217233658213932, 'hidden_size': 19, 'dropout': 0.23068289123554833, 'hidden_continuous_size': 11, 'attention_head_size': 4, 'learning_rate': 0.04682341402653024}. Best is trial 99 with value: 108.21627044677734.
LOCAL_RANK: 0 - CUDA_VISIBLE_DEVICES: [0]
[I 2023-11-30 12:52:59,494] Trial 118 finished with value: 193.48486328125 and parameters: {'gradient_clip_val': 0.5321903370769938, 'hidden_size': 19, 'dropout': 0.2011328351149011, 'hidden_continuous_size': 13, 'attention_head_size': 4, 'learning_rate': 0.07434504211698074}. Best is trial 99 with value: 108.21627044677734.
LOCAL_RANK: 0 - CUDA_VISIBLE_DEVICES: [0]
