[I 2023-11-30 15:17:51,636] Trial 11 finished with value: 73.73761749267578 and parameters: {'gradient_clip_val': 0.3182377907768606, 'hidden_size': 25, 'dropout': 0.1596489862216902, 'hidden_continuous_size': 14, 'attention_head_size': 1, 'learning_rate': 0.013670284695292896}. Best is trial 10 with value: 70.96126556396484.
LOCAL_RANK: 0 - CUDA_VISIBLE_DEVICES: [0]
[I 2023-11-30 15:18:04,756] Trial 12 finished with value: 64.68030548095703 and parameters: {'gradient_clip_val': 0.338962415770692, 'hidden_size': 24, 'dropout': 0.18336615033196502, 'hidden_continuous_size': 13, 'attention_head_size': 1, 'learning_rate': 0.08733038481846257}. Best is trial 12 with value: 64.68030548095703.
LOCAL_RANK: 0 - CUDA_VISIBLE_DEVICES: [0]
[I 2023-11-30 15:18:17,222] Trial 13 finished with value: 71.90303039550781 and parameters: {'gradient_clip_val': 0.3273204984121993, 'hidden_size': 21, 'dropout': 0.19005934911989725, 'hidden_continuous_size': 12, 'attention_head_size': 1, 'learning_rate': 0.08048640813998652}. Best is trial 12 with value: 64.68030548095703.
LOCAL_RANK: 0 - CUDA_VISIBLE_DEVICES: [0]
[I 2023-11-30 15:18:31,071] Trial 14 finished with value: 76.55904388427734 and parameters: {'gradient_clip_val': 0.4387318827842388, 'hidden_size': 19, 'dropout': 0.10578100161880237, 'hidden_continuous_size': 12, 'attention_head_size': 1, 'learning_rate': 0.08280845102972577}. Best is trial 12 with value: 64.68030548095703.
LOCAL_RANK: 0 - CUDA_VISIBLE_DEVICES: [0]
[I 2023-11-30 15:18:45,103] Trial 15 finished with value: 66.52932739257812 and parameters: {'gradient_clip_val': 0.11698240034162695, 'hidden_size': 28, 'dropout': 0.15699291709797775, 'hidden_continuous_size': 17, 'attention_head_size': 1, 'learning_rate': 0.08023730719234488}. Best is trial 12 with value: 64.68030548095703.
LOCAL_RANK: 0 - CUDA_VISIBLE_DEVICES: [0]
[I 2023-11-30 15:18:58,651] Trial 16 finished with value: 67.5972671508789 and parameters: {'gradient_clip_val': 0.10335275683734883, 'hidden_size': 37, 'dropout': 0.21606431928233544, 'hidden_continuous_size': 17, 'attention_head_size': 1, 'learning_rate': 0.058135575192107054}. Best is trial 12 with value: 64.68030548095703.
LOCAL_RANK: 0 - CUDA_VISIBLE_DEVICES: [0]
[I 2023-11-30 15:19:12,105] Trial 17 finished with value: 76.5560302734375 and parameters: {'gradient_clip_val': 0.23375242695251003, 'hidden_size': 15, 'dropout': 0.13336284931952957, 'hidden_continuous_size': 11, 'attention_head_size': 4, 'learning_rate': 0.09875240413422519}. Best is trial 12 with value: 64.68030548095703.
LOCAL_RANK: 0 - CUDA_VISIBLE_DEVICES: [0]
[I 2023-11-30 15:19:25,275] Trial 18 finished with value: 76.65596008300781 and parameters: {'gradient_clip_val': 0.10867211747944977, 'hidden_size': 31, 'dropout': 0.14860574446156405, 'hidden_continuous_size': 13, 'attention_head_size': 1, 'learning_rate': 0.0204128322281397}. Best is trial 12 with value: 64.68030548095703.
LOCAL_RANK: 0 - CUDA_VISIBLE_DEVICES: [0]
[I 2023-11-30 15:19:39,301] Trial 19 finished with value: 84.42219543457031 and parameters: {'gradient_clip_val': 0.13318111220402987, 'hidden_size': 41, 'dropout': 0.21327420915767956, 'hidden_continuous_size': 17, 'attention_head_size': 1, 'learning_rate': 0.05667954162211836}. Best is trial 12 with value: 64.68030548095703.
LOCAL_RANK: 0 - CUDA_VISIBLE_DEVICES: [0]
[I 2023-11-30 15:19:53,134] Trial 20 finished with value: 77.1958999633789 and parameters: {'gradient_clip_val': 0.22451689021493548, 'hidden_size': 20, 'dropout': 0.13317332184504385, 'hidden_continuous_size': 10, 'attention_head_size': 2, 'learning_rate': 0.060294274538419824}. Best is trial 12 with value: 64.68030548095703.
LOCAL_RANK: 0 - CUDA_VISIBLE_DEVICES: [0]
[I 2023-11-30 15:20:06,548] Trial 21 finished with value: 74.56586456298828 and parameters: {'gradient_clip_val': 0.10137367173713564, 'hidden_size': 37, 'dropout': 0.22371156966988476, 'hidden_continuous_size': 17, 'attention_head_size': 1, 'learning_rate': 0.050934206489611056}. Best is trial 12 with value: 64.68030548095703.
LOCAL_RANK: 0 - CUDA_VISIBLE_DEVICES: [0]
[I 2023-11-30 15:20:19,958] Trial 22 finished with value: 72.58541870117188 and parameters: {'gradient_clip_val': 0.12691216821581502, 'hidden_size': 32, 'dropout': 0.17447932263508056, 'hidden_continuous_size': 15, 'attention_head_size': 1, 'learning_rate': 0.09724907052704079}. Best is trial 12 with value: 64.68030548095703.
LOCAL_RANK: 0 - CUDA_VISIBLE_DEVICES: [0]
[I 2023-11-30 15:20:33,894] Trial 23 finished with value: 72.796630859375 and parameters: {'gradient_clip_val': 0.12699543864336427, 'hidden_size': 25, 'dropout': 0.21273753258822226, 'hidden_continuous_size': 17, 'attention_head_size': 1, 'learning_rate': 0.06163327454358056}. Best is trial 12 with value: 64.68030548095703.
LOCAL_RANK: 0 - CUDA_VISIBLE_DEVICES: [0]
[I 2023-11-30 15:20:47,568] Trial 24 finished with value: 79.94646453857422 and parameters: {'gradient_clip_val': 0.10791726744345202, 'hidden_size': 40, 'dropout': 0.1866465291974772, 'hidden_continuous_size': 13, 'attention_head_size': 1, 'learning_rate': 0.06211125620054789}. Best is trial 12 with value: 64.68030548095703.
LOCAL_RANK: 0 - CUDA_VISIBLE_DEVICES: [0]
[I 2023-11-30 15:21:01,344] Trial 25 finished with value: 79.6588134765625 and parameters: {'gradient_clip_val': 0.1378417751394779, 'hidden_size': 46, 'dropout': 0.15827480896169235, 'hidden_continuous_size': 17, 'attention_head_size': 2, 'learning_rate': 0.02973927009616964}. Best is trial 12 with value: 64.68030548095703.
LOCAL_RANK: 0 - CUDA_VISIBLE_DEVICES: [0]
[I 2023-11-30 15:21:14,478] Trial 26 finished with value: 71.93307495117188 and parameters: {'gradient_clip_val': 0.21294620214086624, 'hidden_size': 31, 'dropout': 0.14231067973630496, 'hidden_continuous_size': 18, 'attention_head_size': 1, 'learning_rate': 0.04833250653807861}. Best is trial 12 with value: 64.68030548095703.
LOCAL_RANK: 0 - CUDA_VISIBLE_DEVICES: [0]
[I 2023-11-30 15:21:29,029] Trial 27 finished with value: 78.3966064453125 and parameters: {'gradient_clip_val': 0.15438427227158902, 'hidden_size': 49, 'dropout': 0.22680938264681616, 'hidden_continuous_size': 45, 'attention_head_size': 2, 'learning_rate': 0.02592655073532767}. Best is trial 12 with value: 64.68030548095703.
LOCAL_RANK: 0 - CUDA_VISIBLE_DEVICES: [0]
[I 2023-11-30 15:21:43,106] Trial 28 finished with value: 64.08483123779297 and parameters: {'gradient_clip_val': 0.11502439296352722, 'hidden_size': 68, 'dropout': 0.180175856295511, 'hidden_continuous_size': 29, 'attention_head_size': 1, 'learning_rate': 0.07318936094324893}. Best is trial 28 with value: 64.08483123779297.
LOCAL_RANK: 0 - CUDA_VISIBLE_DEVICES: [0]
[I 2023-11-30 15:21:57,792] Trial 29 finished with value: 82.78937530517578 and parameters: {'gradient_clip_val': 0.2580382032508449, 'hidden_size': 76, 'dropout': 0.12676494993899795, 'hidden_continuous_size': 28, 'attention_head_size': 1, 'learning_rate': 0.03787243664218394}. Best is trial 28 with value: 64.08483123779297.
LOCAL_RANK: 0 - CUDA_VISIBLE_DEVICES: [0]
[I 2023-11-30 15:22:11,284] Trial 30 finished with value: 66.9686279296875 and parameters: {'gradient_clip_val': 0.1964129473582889, 'hidden_size': 71, 'dropout': 0.1733598439141891, 'hidden_continuous_size': 30, 'attention_head_size': 2, 'learning_rate': 0.07361260694282201}. Best is trial 28 with value: 64.08483123779297.
LOCAL_RANK: 0 - CUDA_VISIBLE_DEVICES: [0]
[I 2023-11-30 15:22:24,759] Trial 31 finished with value: 71.4898452758789 and parameters: {'gradient_clip_val': 0.18514013103506627, 'hidden_size': 80, 'dropout': 0.17183089312832212, 'hidden_continuous_size': 34, 'attention_head_size': 2, 'learning_rate': 0.07161291384699968}. Best is trial 28 with value: 64.08483123779297.
LOCAL_RANK: 0 - CUDA_VISIBLE_DEVICES: [0]
[I 2023-11-30 15:22:38,474] Trial 32 finished with value: 82.3539810180664 and parameters: {'gradient_clip_val': 0.11744646325290471, 'hidden_size': 93, 'dropout': 0.15294049931953765, 'hidden_continuous_size': 26, 'attention_head_size': 3, 'learning_rate': 0.09935421350008977}. Best is trial 28 with value: 64.08483123779297.
LOCAL_RANK: 0 - CUDA_VISIBLE_DEVICES: [0]
[I 2023-11-30 15:22:51,981] Trial 33 finished with value: 70.20252227783203 and parameters: {'gradient_clip_val': 0.14880758471233926, 'hidden_size': 63, 'dropout': 0.11539353108444893, 'hidden_continuous_size': 30, 'attention_head_size': 1, 'learning_rate': 0.07212658475836625}. Best is trial 28 with value: 64.08483123779297.
LOCAL_RANK: 0 - CUDA_VISIBLE_DEVICES: [0]
[I 2023-11-30 15:23:05,259] Trial 34 finished with value: 86.15921783447266 and parameters: {'gradient_clip_val': 0.15221405145183795, 'hidden_size': 63, 'dropout': 0.18685564639899496, 'hidden_continuous_size': 24, 'attention_head_size': 3, 'learning_rate': 0.043146039828971305}. Best is trial 28 with value: 64.08483123779297.
LOCAL_RANK: 0 - CUDA_VISIBLE_DEVICES: [0]
[I 2023-11-30 15:23:19,131] Trial 35 finished with value: 64.17298126220703 and parameters: {'gradient_clip_val': 0.11823492388295058, 'hidden_size': 112, 'dropout': 0.1001219302782803, 'hidden_continuous_size': 36, 'attention_head_size': 2, 'learning_rate': 0.03432253656526328}. Best is trial 28 with value: 64.08483123779297.
LOCAL_RANK: 0 - CUDA_VISIBLE_DEVICES: [0]
[I 2023-11-30 15:23:33,740] Trial 36 finished with value: 69.00194549560547 and parameters: {'gradient_clip_val': 0.1189966542466511, 'hidden_size': 115, 'dropout': 0.11817462598130131, 'hidden_continuous_size': 36, 'attention_head_size': 4, 'learning_rate': 0.032107323297815515}. Best is trial 28 with value: 64.08483123779297.
LOCAL_RANK: 0 - CUDA_VISIBLE_DEVICES: [0]
[I 2023-11-30 15:23:49,044] Trial 37 finished with value: 72.91426086425781 and parameters: {'gradient_clip_val': 0.16826431380935475, 'hidden_size': 91, 'dropout': 0.1055211101968951, 'hidden_continuous_size': 70, 'attention_head_size': 2, 'learning_rate': 0.04446223480108992}. Best is trial 28 with value: 64.08483123779297.
LOCAL_RANK: 0 - CUDA_VISIBLE_DEVICES: [0]
[I 2023-11-30 15:24:04,201] Trial 38 finished with value: 81.89430236816406 and parameters: {'gradient_clip_val': 0.14037031977565867, 'hidden_size': 109, 'dropout': 0.12131056659939142, 'hidden_continuous_size': 41, 'attention_head_size': 1, 'learning_rate': 0.022672590028904625}. Best is trial 28 with value: 64.08483123779297.
LOCAL_RANK: 0 - CUDA_VISIBLE_DEVICES: [0]
[I 2023-11-30 15:24:18,344] Trial 39 finished with value: 82.30715942382812 and parameters: {'gradient_clip_val': 0.11890264601400392, 'hidden_size': 56, 'dropout': 0.1383646155031094, 'hidden_continuous_size': 25, 'attention_head_size': 2, 'learning_rate': 0.03937281857091136}. Best is trial 28 with value: 64.08483123779297.
LOCAL_RANK: 0 - CUDA_VISIBLE_DEVICES: [0]
[I 2023-11-30 15:24:33,326] Trial 40 finished with value: 78.50646209716797 and parameters: {'gradient_clip_val': 0.15904095474330587, 'hidden_size': 128, 'dropout': 0.10532610453429622, 'hidden_continuous_size': 23, 'attention_head_size': 1, 'learning_rate': 0.07006031944010568}. Best is trial 28 with value: 64.08483123779297.
LOCAL_RANK: 0 - CUDA_VISIBLE_DEVICES: [0]
[I 2023-11-30 15:24:48,149] Trial 41 finished with value: 86.25667572021484 and parameters: {'gradient_clip_val': 0.1423097041665707, 'hidden_size': 74, 'dropout': 0.16444326208568277, 'hidden_continuous_size': 30, 'attention_head_size': 2, 'learning_rate': 0.07386497926629086}. Best is trial 28 with value: 64.08483123779297.
LOCAL_RANK: 0 - CUDA_VISIBLE_DEVICES: [0]
[I 2023-11-30 15:25:02,687] Trial 42 finished with value: 73.33609008789062 and parameters: {'gradient_clip_val': 0.18979770063194248, 'hidden_size': 89, 'dropout': 0.14462457409274718, 'hidden_continuous_size': 27, 'attention_head_size': 2, 'learning_rate': 0.05129630927082682}. Best is trial 28 with value: 64.08483123779297.
LOCAL_RANK: 0 - CUDA_VISIBLE_DEVICES: [0]
[I 2023-11-30 15:25:16,685] Trial 43 finished with value: 72.17080688476562 and parameters: {'gradient_clip_val': 0.10029148073723791, 'hidden_size': 59, 'dropout': 0.17849436272897393, 'hidden_continuous_size': 21, 'attention_head_size': 2, 'learning_rate': 0.07596726057268999}. Best is trial 28 with value: 64.08483123779297.
LOCAL_RANK: 0 - CUDA_VISIBLE_DEVICES: [0]
[I 2023-11-30 15:25:31,179] Trial 44 finished with value: 63.95524978637695 and parameters: {'gradient_clip_val': 0.1154936464086378, 'hidden_size': 73, 'dropout': 0.1971006754242613, 'hidden_continuous_size': 23, 'attention_head_size': 3, 'learning_rate': 0.0847055525239015}. Best is trial 44 with value: 63.95524978637695.
LOCAL_RANK: 0 - CUDA_VISIBLE_DEVICES: [0]
[I 2023-11-30 15:25:45,091] Trial 45 finished with value: 73.57769012451172 and parameters: {'gradient_clip_val': 0.11493900022551969, 'hidden_size': 48, 'dropout': 0.2016021886517661, 'hidden_continuous_size': 20, 'attention_head_size': 3, 'learning_rate': 0.09651756518472701}. Best is trial 44 with value: 63.95524978637695.
LOCAL_RANK: 0 - CUDA_VISIBLE_DEVICES: [0]
[I 2023-11-30 15:25:59,889] Trial 46 finished with value: 88.0226821899414 and parameters: {'gradient_clip_val': 0.1277142482253508, 'hidden_size': 102, 'dropout': 0.23972311149841918, 'hidden_continuous_size': 22, 'attention_head_size': 3, 'learning_rate': 0.04954052738240841}. Best is trial 44 with value: 63.95524978637695.
LOCAL_RANK: 0 - CUDA_VISIBLE_DEVICES: [0]
[I 2023-11-30 15:26:14,550] Trial 47 finished with value: 69.98664093017578 and parameters: {'gradient_clip_val': 0.1708452227490438, 'hidden_size': 67, 'dropout': 0.16015672783593068, 'hidden_continuous_size': 19, 'attention_head_size': 4, 'learning_rate': 0.08275342816680037}. Best is trial 44 with value: 63.95524978637695.
LOCAL_RANK: 0 - CUDA_VISIBLE_DEVICES: [0]
[I 2023-11-30 15:26:29,216] Trial 48 finished with value: 69.19436645507812 and parameters: {'gradient_clip_val': 0.10036623226369087, 'hidden_size': 125, 'dropout': 0.19937923425539236, 'hidden_continuous_size': 11, 'attention_head_size': 3, 'learning_rate': 0.03651612696557606}. Best is trial 44 with value: 63.95524978637695.
LOCAL_RANK: 0 - CUDA_VISIBLE_DEVICES: [0]
[I 2023-11-30 15:26:43,474] Trial 49 finished with value: 89.09947967529297 and parameters: {'gradient_clip_val': 0.11164901339763172, 'hidden_size': 83, 'dropout': 0.15132174622724326, 'hidden_continuous_size': 23, 'attention_head_size': 3, 'learning_rate': 0.06083969356287297}. Best is trial 44 with value: 63.95524978637695.
LOCAL_RANK: 0 - CUDA_VISIBLE_DEVICES: [0]
[I 2023-11-30 15:26:58,458] Trial 50 finished with value: 90.74059295654297 and parameters: {'gradient_clip_val': 0.13400234451041934, 'hidden_size': 97, 'dropout': 0.13073702855347147, 'hidden_continuous_size': 25, 'attention_head_size': 1, 'learning_rate': 0.08597751696833833}. Best is trial 44 with value: 63.95524978637695.
LOCAL_RANK: 0 - CUDA_VISIBLE_DEVICES: [0]
[I 2023-11-30 15:27:13,280] Trial 51 finished with value: 74.15886688232422 and parameters: {'gradient_clip_val': 0.1253702653950979, 'hidden_size': 74, 'dropout': 0.17599352912199107, 'hidden_continuous_size': 29, 'attention_head_size': 2, 'learning_rate': 0.0698309611002029}. Best is trial 44 with value: 63.95524978637695.
LOCAL_RANK: 0 - CUDA_VISIBLE_DEVICES: [0]
[I 2023-11-30 15:27:28,421] Trial 52 finished with value: 75.66311645507812 and parameters: {'gradient_clip_val': 0.11312270919517833, 'hidden_size': 145, 'dropout': 0.1970961670745188, 'hidden_continuous_size': 33, 'attention_head_size': 2, 'learning_rate': 0.053766913981064576}. Best is trial 44 with value: 63.95524978637695.
LOCAL_RANK: 0 - CUDA_VISIBLE_DEVICES: [0]
[I 2023-11-30 15:27:43,779] Trial 53 finished with value: 67.07943725585938 and parameters: {'gradient_clip_val': 0.14556301201899174, 'hidden_size': 83, 'dropout': 0.18247712740733182, 'hidden_continuous_size': 32, 'attention_head_size': 3, 'learning_rate': 0.08685661078461857}. Best is trial 44 with value: 63.95524978637695.
LOCAL_RANK: 0 - CUDA_VISIBLE_DEVICES: [0]
[I 2023-11-30 15:27:57,818] Trial 54 finished with value: 73.6113052368164 and parameters: {'gradient_clip_val': 0.1665008107004669, 'hidden_size': 68, 'dropout': 0.1655295290080182, 'hidden_continuous_size': 27, 'attention_head_size': 1, 'learning_rate': 0.06812063103388513}. Best is trial 44 with value: 63.95524978637695.
LOCAL_RANK: 0 - CUDA_VISIBLE_DEVICES: [0]
[I 2023-11-30 15:28:12,316] Trial 55 finished with value: 79.45709228515625 and parameters: {'gradient_clip_val': 0.1085919835387623, 'hidden_size': 102, 'dropout': 0.1483505868966068, 'hidden_continuous_size': 15, 'attention_head_size': 1, 'learning_rate': 0.044874898135490074}. Best is trial 44 with value: 63.95524978637695.
LOCAL_RANK: 0 - CUDA_VISIBLE_DEVICES: [0]
[I 2023-11-30 15:28:27,096] Trial 56 finished with value: 66.6042709350586 and parameters: {'gradient_clip_val': 0.12401055583890747, 'hidden_size': 53, 'dropout': 0.19203694995156578, 'hidden_continuous_size': 16, 'attention_head_size': 2, 'learning_rate': 0.05663657056359228}. Best is trial 44 with value: 63.95524978637695.
LOCAL_RANK: 0 - CUDA_VISIBLE_DEVICES: [0]
[I 2023-11-30 15:28:40,897] Trial 57 finished with value: 76.49547576904297 and parameters: {'gradient_clip_val': 0.12401278615790966, 'hidden_size': 56, 'dropout': 0.20258098384789516, 'hidden_continuous_size': 16, 'attention_head_size': 1, 'learning_rate': 0.057032066314812085}. Best is trial 44 with value: 63.95524978637695.
LOCAL_RANK: 0 - CUDA_VISIBLE_DEVICES: [0]
[I 2023-11-30 15:28:55,425] Trial 58 finished with value: 82.39618682861328 and parameters: {'gradient_clip_val': 0.13091952043187055, 'hidden_size': 50, 'dropout': 0.1836620714285806, 'hidden_continuous_size': 14, 'attention_head_size': 1, 'learning_rate': 0.08924676318628061}. Best is trial 44 with value: 63.95524978637695.
LOCAL_RANK: 0 - CUDA_VISIBLE_DEVICES: [0]
[I 2023-11-30 15:29:09,012] Trial 59 finished with value: 79.83047485351562 and parameters: {'gradient_clip_val': 0.3760869666545068, 'hidden_size': 34, 'dropout': 0.19072176366161858, 'hidden_continuous_size': 16, 'attention_head_size': 2, 'learning_rate': 0.05895959952892163}. Best is trial 44 with value: 63.95524978637695.
LOCAL_RANK: 0 - CUDA_VISIBLE_DEVICES: [0]
[I 2023-11-30 15:29:23,120] Trial 60 finished with value: 78.26715850830078 and parameters: {'gradient_clip_val': 0.13832962961720038, 'hidden_size': 28, 'dropout': 0.13911339408036671, 'hidden_continuous_size': 18, 'attention_head_size': 4, 'learning_rate': 0.034412268919812375}. Best is trial 44 with value: 63.95524978637695.
LOCAL_RANK: 0 - CUDA_VISIBLE_DEVICES: [0]
[I 2023-11-30 15:29:37,636] Trial 61 finished with value: 84.9103012084961 and parameters: {'gradient_clip_val': 0.10659571715782164, 'hidden_size': 44, 'dropout': 0.1642057620409658, 'hidden_continuous_size': 19, 'attention_head_size': 2, 'learning_rate': 0.08075662151736192}. Best is trial 44 with value: 63.95524978637695.
LOCAL_RANK: 0 - CUDA_VISIBLE_DEVICES: [0]
[I 2023-11-30 15:29:51,650] Trial 62 finished with value: 73.03954315185547 and parameters: {'gradient_clip_val': 0.1179490288264603, 'hidden_size': 52, 'dropout': 0.1746602426750005, 'hidden_continuous_size': 14, 'attention_head_size': 2, 'learning_rate': 0.06488842673106923}. Best is trial 44 with value: 63.95524978637695.
LOCAL_RANK: 0 - CUDA_VISIBLE_DEVICES: [0]
[I 2023-11-30 15:30:06,151] Trial 63 finished with value: 80.31110382080078 and parameters: {'gradient_clip_val': 0.2781137780641653, 'hidden_size': 69, 'dropout': 0.2087180125550535, 'hidden_continuous_size': 13, 'attention_head_size': 3, 'learning_rate': 0.07956643067846045}. Best is trial 44 with value: 63.95524978637695.
LOCAL_RANK: 0 - CUDA_VISIBLE_DEVICES: [0]
[I 2023-11-30 15:30:20,143] Trial 64 finished with value: 67.35018920898438 and parameters: {'gradient_clip_val': 0.1548813172110668, 'hidden_size': 54, 'dropout': 0.1957301627466682, 'hidden_continuous_size': 21, 'attention_head_size': 2, 'learning_rate': 0.05539929283377656}. Best is trial 44 with value: 63.95524978637695.
LOCAL_RANK: 0 - CUDA_VISIBLE_DEVICES: [0]
[I 2023-11-30 15:30:33,930] Trial 65 finished with value: 68.83112335205078 and parameters: {'gradient_clip_val': 0.10862322330320576, 'hidden_size': 44, 'dropout': 0.17184858837325678, 'hidden_continuous_size': 12, 'attention_head_size': 1, 'learning_rate': 0.09875685597946238}. Best is trial 44 with value: 63.95524978637695.
LOCAL_RANK: 0 - CUDA_VISIBLE_DEVICES: [0]
[I 2023-11-30 15:30:47,858] Trial 66 finished with value: 67.98894500732422 and parameters: {'gradient_clip_val': 0.1372959494662874, 'hidden_size': 40, 'dropout': 0.2188616433366428, 'hidden_continuous_size': 18, 'attention_head_size': 2, 'learning_rate': 0.047197772233127565}. Best is trial 44 with value: 63.95524978637695.
LOCAL_RANK: 0 - CUDA_VISIBLE_DEVICES: [0]
[I 2023-11-30 15:31:01,893] Trial 67 finished with value: 91.4891586303711 and parameters: {'gradient_clip_val': 0.12390621094354445, 'hidden_size': 64, 'dropout': 0.15627424159602704, 'hidden_continuous_size': 26, 'attention_head_size': 1, 'learning_rate': 0.06675916020424656}. Best is trial 44 with value: 63.95524978637695.
LOCAL_RANK: 0 - CUDA_VISIBLE_DEVICES: [0]
[I 2023-11-30 15:31:16,363] Trial 68 finished with value: 76.21639251708984 and parameters: {'gradient_clip_val': 0.19587624909633955, 'hidden_size': 58, 'dropout': 0.12815295500297952, 'hidden_continuous_size': 16, 'attention_head_size': 3, 'learning_rate': 0.04196923425312622}. Best is trial 44 with value: 63.95524978637695.
LOCAL_RANK: 0 - CUDA_VISIBLE_DEVICES: [0]
[I 2023-11-30 15:31:31,154] Trial 69 finished with value: 78.23258972167969 and parameters: {'gradient_clip_val': 0.1482270217493203, 'hidden_size': 85, 'dropout': 0.18442025114241878, 'hidden_continuous_size': 36, 'attention_head_size': 2, 'learning_rate': 0.07687784322155321}. Best is trial 44 with value: 63.95524978637695.
LOCAL_RANK: 0 - CUDA_VISIBLE_DEVICES: [0]
