[I 2023-11-30 12:53:11,646] Trial 119 finished with value: 148.6094207763672 and parameters: {'gradient_clip_val': 0.8165439325329962, 'hidden_size': 22, 'dropout': 0.2201795433369265, 'hidden_continuous_size': 14, 'attention_head_size': 3, 'learning_rate': 0.0670139874835579}. Best is trial 99 with value: 108.21627044677734.
LOCAL_RANK: 0 - CUDA_VISIBLE_DEVICES: [0]
[I 2023-11-30 12:53:23,649] Trial 120 finished with value: 153.41802978515625 and parameters: {'gradient_clip_val': 0.7270062707058557, 'hidden_size': 20, 'dropout': 0.19089054958443324, 'hidden_continuous_size': 10, 'attention_head_size': 4, 'learning_rate': 0.04252201286172883}. Best is trial 99 with value: 108.21627044677734.
LOCAL_RANK: 0 - CUDA_VISIBLE_DEVICES: [0]
[I 2023-11-30 12:53:36,094] Trial 121 finished with value: 143.85499572753906 and parameters: {'gradient_clip_val': 0.6465825804052933, 'hidden_size': 19, 'dropout': 0.23219669156019435, 'hidden_continuous_size': 11, 'attention_head_size': 4, 'learning_rate': 0.04830874491804792}. Best is trial 99 with value: 108.21627044677734.
LOCAL_RANK: 0 - CUDA_VISIBLE_DEVICES: [0]
[I 2023-11-30 12:53:48,352] Trial 122 finished with value: 170.26832580566406 and parameters: {'gradient_clip_val': 0.5526118728169691, 'hidden_size': 17, 'dropout': 0.23606543598846277, 'hidden_continuous_size': 11, 'attention_head_size': 4, 'learning_rate': 0.022357500686771378}. Best is trial 99 with value: 108.21627044677734.
LOCAL_RANK: 0 - CUDA_VISIBLE_DEVICES: [0]
[I 2023-11-30 12:54:00,685] Trial 123 finished with value: 144.42486572265625 and parameters: {'gradient_clip_val': 0.6245906380279048, 'hidden_size': 21, 'dropout': 0.20769299622222268, 'hidden_continuous_size': 11, 'attention_head_size': 4, 'learning_rate': 0.046662723111503455}. Best is trial 99 with value: 108.21627044677734.
LOCAL_RANK: 0 - CUDA_VISIBLE_DEVICES: [0]
[I 2023-11-30 12:54:12,865] Trial 124 finished with value: 207.2167205810547 and parameters: {'gradient_clip_val': 0.6123030677728127, 'hidden_size': 15, 'dropout': 0.21592056330627477, 'hidden_continuous_size': 12, 'attention_head_size': 4, 'learning_rate': 0.05280028774206744}. Best is trial 99 with value: 108.21627044677734.
LOCAL_RANK: 0 - CUDA_VISIBLE_DEVICES: [0]
[I 2023-11-30 12:54:25,025] Trial 125 finished with value: 161.21456909179688 and parameters: {'gradient_clip_val': 0.6842562369775335, 'hidden_size': 18, 'dropout': 0.18295237033720438, 'hidden_continuous_size': 11, 'attention_head_size': 4, 'learning_rate': 0.029226500313268663}. Best is trial 99 with value: 108.21627044677734.
LOCAL_RANK: 0 - CUDA_VISIBLE_DEVICES: [0]
[I 2023-11-30 12:54:37,482] Trial 126 finished with value: 189.7125701904297 and parameters: {'gradient_clip_val': 0.5896317053784276, 'hidden_size': 19, 'dropout': 0.22610865696614652, 'hidden_continuous_size': 13, 'attention_head_size': 4, 'learning_rate': 0.05942226408473923}. Best is trial 99 with value: 108.21627044677734.
LOCAL_RANK: 0 - CUDA_VISIBLE_DEVICES: [0]
[I 2023-11-30 12:54:49,825] Trial 127 finished with value: 168.40589904785156 and parameters: {'gradient_clip_val': 0.9009461083558733, 'hidden_size': 26, 'dropout': 0.1757677169206597, 'hidden_continuous_size': 13, 'attention_head_size': 2, 'learning_rate': 0.037316853643863175}. Best is trial 99 with value: 108.21627044677734.
LOCAL_RANK: 0 - CUDA_VISIBLE_DEVICES: [0]
[I 2023-11-30 12:55:01,920] Trial 128 finished with value: 160.21966552734375 and parameters: {'gradient_clip_val': 0.7480282159581911, 'hidden_size': 16, 'dropout': 0.22092205130574766, 'hidden_continuous_size': 12, 'attention_head_size': 4, 'learning_rate': 0.07751241383498586}. Best is trial 99 with value: 108.21627044677734.
LOCAL_RANK: 0 - CUDA_VISIBLE_DEVICES: [0]
[I 2023-11-30 12:55:13,965] Trial 129 finished with value: 211.1924285888672 and parameters: {'gradient_clip_val': 0.9620575869571341, 'hidden_size': 24, 'dropout': 0.1884995643095667, 'hidden_continuous_size': 10, 'attention_head_size': 4, 'learning_rate': 0.043026560431212287}. Best is trial 99 with value: 108.21627044677734.
LOCAL_RANK: 0 - CUDA_VISIBLE_DEVICES: [0]
[I 2023-11-30 12:55:26,117] Trial 130 finished with value: 145.1767120361328 and parameters: {'gradient_clip_val': 0.7895810253518356, 'hidden_size': 23, 'dropout': 0.16992753159071267, 'hidden_continuous_size': 19, 'attention_head_size': 1, 'learning_rate': 0.033743349673729925}. Best is trial 99 with value: 108.21627044677734.
LOCAL_RANK: 0 - CUDA_VISIBLE_DEVICES: [0]
[I 2023-11-30 12:55:38,491] Trial 131 finished with value: 168.38954162597656 and parameters: {'gradient_clip_val': 0.7622532535882912, 'hidden_size': 21, 'dropout': 0.19364975661629577, 'hidden_continuous_size': 13, 'attention_head_size': 4, 'learning_rate': 0.04528729721350428}. Best is trial 99 with value: 108.21627044677734.
LOCAL_RANK: 0 - CUDA_VISIBLE_DEVICES: [0]
[I 2023-11-30 12:55:50,813] Trial 132 finished with value: 163.0384521484375 and parameters: {'gradient_clip_val': 0.6680569076981256, 'hidden_size': 21, 'dropout': 0.20016592633532318, 'hidden_continuous_size': 14, 'attention_head_size': 4, 'learning_rate': 0.04745904958157547}. Best is trial 99 with value: 108.21627044677734.
LOCAL_RANK: 0 - CUDA_VISIBLE_DEVICES: [0]
[I 2023-11-30 12:56:03,052] Trial 133 finished with value: 214.3317413330078 and parameters: {'gradient_clip_val': 0.7146790963600552, 'hidden_size': 20, 'dropout': 0.19625694486805362, 'hidden_continuous_size': 13, 'attention_head_size': 4, 'learning_rate': 0.05325997996111332}. Best is trial 99 with value: 108.21627044677734.
LOCAL_RANK: 0 - CUDA_VISIBLE_DEVICES: [0]
[I 2023-11-30 12:56:15,361] Trial 134 finished with value: 160.9862823486328 and parameters: {'gradient_clip_val': 0.8787424678001424, 'hidden_size': 17, 'dropout': 0.20928893792411485, 'hidden_continuous_size': 13, 'attention_head_size': 4, 'learning_rate': 0.04043624264608075}. Best is trial 99 with value: 108.21627044677734.
LOCAL_RANK: 0 - CUDA_VISIBLE_DEVICES: [0]
[I 2023-11-30 12:56:27,745] Trial 135 finished with value: 256.1734924316406 and parameters: {'gradient_clip_val': 0.8480705023561929, 'hidden_size': 22, 'dropout': 0.18716044385383226, 'hidden_continuous_size': 14, 'attention_head_size': 4, 'learning_rate': 0.06420643537806794}. Best is trial 99 with value: 108.21627044677734.
LOCAL_RANK: 0 - CUDA_VISIBLE_DEVICES: [0]
[I 2023-11-30 12:56:40,242] Trial 136 finished with value: 165.8534393310547 and parameters: {'gradient_clip_val': 0.6295491181440201, 'hidden_size': 18, 'dropout': 0.17861651248597696, 'hidden_continuous_size': 12, 'attention_head_size': 4, 'learning_rate': 0.058197571099660964}. Best is trial 99 with value: 108.21627044677734.
LOCAL_RANK: 0 - CUDA_VISIBLE_DEVICES: [0]
[I 2023-11-30 12:56:52,096] Trial 137 finished with value: 164.3998565673828 and parameters: {'gradient_clip_val': 0.8088834476701332, 'hidden_size': 20, 'dropout': 0.20504736492185638, 'hidden_continuous_size': 11, 'attention_head_size': 2, 'learning_rate': 0.036436934245871085}. Best is trial 99 with value: 108.21627044677734.
LOCAL_RANK: 0 - CUDA_VISIBLE_DEVICES: [0]
[I 2023-11-30 12:57:04,450] Trial 138 finished with value: 180.03541564941406 and parameters: {'gradient_clip_val': 0.7031466260254168, 'hidden_size': 28, 'dropout': 0.1608372866545331, 'hidden_continuous_size': 13, 'attention_head_size': 4, 'learning_rate': 0.08897044592645038}. Best is trial 99 with value: 108.21627044677734.
LOCAL_RANK: 0 - CUDA_VISIBLE_DEVICES: [0]
[I 2023-11-30 12:57:16,795] Trial 139 finished with value: 138.390380859375 and parameters: {'gradient_clip_val': 0.9217972264905815, 'hidden_size': 19, 'dropout': 0.24468247623649658, 'hidden_continuous_size': 12, 'attention_head_size': 4, 'learning_rate': 0.05070662231666275}. Best is trial 99 with value: 108.21627044677734.
LOCAL_RANK: 0 - CUDA_VISIBLE_DEVICES: [0]
[I 2023-11-30 12:57:29,060] Trial 140 finished with value: 158.34368896484375 and parameters: {'gradient_clip_val': 0.9321965194581273, 'hidden_size': 18, 'dropout': 0.24408789499159123, 'hidden_continuous_size': 12, 'attention_head_size': 4, 'learning_rate': 0.06842272576998532}. Best is trial 99 with value: 108.21627044677734.
LOCAL_RANK: 0 - CUDA_VISIBLE_DEVICES: [0]
[I 2023-11-30 12:57:41,470] Trial 141 finished with value: 168.91160583496094 and parameters: {'gradient_clip_val': 0.9145664806141129, 'hidden_size': 19, 'dropout': 0.24894724620801095, 'hidden_continuous_size': 12, 'attention_head_size': 4, 'learning_rate': 0.05023877663999381}. Best is trial 99 with value: 108.21627044677734.
LOCAL_RANK: 0 - CUDA_VISIBLE_DEVICES: [0]
[I 2023-11-30 12:57:53,702] Trial 142 finished with value: 145.9397430419922 and parameters: {'gradient_clip_val': 0.980987789380158, 'hidden_size': 17, 'dropout': 0.23196127910844483, 'hidden_continuous_size': 13, 'attention_head_size': 4, 'learning_rate': 0.045109833618806036}. Best is trial 99 with value: 108.21627044677734.
LOCAL_RANK: 0 - CUDA_VISIBLE_DEVICES: [0]
[I 2023-11-30 12:58:06,088] Trial 143 finished with value: 143.68687438964844 and parameters: {'gradient_clip_val': 0.9974589327082505, 'hidden_size': 23, 'dropout': 0.2143483428096707, 'hidden_continuous_size': 11, 'attention_head_size': 4, 'learning_rate': 0.05566977031604921}. Best is trial 99 with value: 108.21627044677734.
LOCAL_RANK: 0 - CUDA_VISIBLE_DEVICES: [0]
[I 2023-11-30 12:58:18,408] Trial 144 finished with value: 183.1034393310547 and parameters: {'gradient_clip_val': 0.8409201441271524, 'hidden_size': 21, 'dropout': 0.19291270526900073, 'hidden_continuous_size': 15, 'attention_head_size': 4, 'learning_rate': 0.017163030766772377}. Best is trial 99 with value: 108.21627044677734.
LOCAL_RANK: 0 - CUDA_VISIBLE_DEVICES: [0]
[I 2023-11-30 12:58:30,639] Trial 145 finished with value: 158.014892578125 and parameters: {'gradient_clip_val': 0.7471555697682908, 'hidden_size': 16, 'dropout': 0.18505880995031804, 'hidden_continuous_size': 12, 'attention_head_size': 4, 'learning_rate': 0.04216428347273837}. Best is trial 99 with value: 108.21627044677734.
LOCAL_RANK: 0 - CUDA_VISIBLE_DEVICES: [0]
[I 2023-11-30 12:58:43,060] Trial 146 finished with value: 167.5566864013672 and parameters: {'gradient_clip_val': 0.656791678394563, 'hidden_size': 19, 'dropout': 0.20110738368495548, 'hidden_continuous_size': 12, 'attention_head_size': 4, 'learning_rate': 0.026723981527872476}. Best is trial 99 with value: 108.21627044677734.
LOCAL_RANK: 0 - CUDA_VISIBLE_DEVICES: [0]
[I 2023-11-30 12:58:55,305] Trial 147 finished with value: 192.0330047607422 and parameters: {'gradient_clip_val': 0.787486073479726, 'hidden_size': 18, 'dropout': 0.22565113894698055, 'hidden_continuous_size': 13, 'attention_head_size': 3, 'learning_rate': 0.030143704351934135}. Best is trial 99 with value: 108.21627044677734.
LOCAL_RANK: 0 - CUDA_VISIBLE_DEVICES: [0]
[I 2023-11-30 12:59:07,521] Trial 148 finished with value: 155.39385986328125 and parameters: {'gradient_clip_val': 0.5652939485530373, 'hidden_size': 24, 'dropout': 0.2594006812567798, 'hidden_continuous_size': 22, 'attention_head_size': 2, 'learning_rate': 0.05092907184702024}. Best is trial 99 with value: 108.21627044677734.
LOCAL_RANK: 0 - CUDA_VISIBLE_DEVICES: [0]
[I 2023-11-30 12:59:18,176] Trial 149 finished with value: 152.3965606689453 and parameters: {'gradient_clip_val': 0.882020441995441, 'hidden_size': 33, 'dropout': 0.1707173128710093, 'hidden_continuous_size': 33, 'attention_head_size': 4, 'learning_rate': 0.07684409091325888}. Best is trial 99 with value: 108.21627044677734.
[I 2023-11-30 12:59:18,288] A new study created in memory with name: no-name-8e7fbbbe-e067-4e83-8442-be1291850dc6
/home/le004/conda/anaconda3/envs/tsff_env/lib/python3.9/site-packages/lightning/fabric/plugins/environments/slurm.py:191: The `srun` command is available on your system but is not used. HINT: If your intention is to run Lightning on SLURM, prepend your python command with `srun` like so: srun python /home/le004/master_thesis/git/TSFusionForecast/code/ ...
LOCAL_RANK: 0 - CUDA_VISIBLE_DEVICES: [0]
[I 2023-11-30 12:59:31,719] Trial 0 finished with value: 275.4140625 and parameters: {'gradient_clip_val': 0.8453820108786334, 'hidden_size': 68, 'dropout': 0.17126764003296963, 'hidden_continuous_size': 38, 'attention_head_size': 2, 'learning_rate': 0.0028285357187053453}. Best is trial 0 with value: 275.4140625.
LOCAL_RANK: 0 - CUDA_VISIBLE_DEVICES: [0]
[I 2023-11-30 12:59:44,303] Trial 1 finished with value: 549.793212890625 and parameters: {'gradient_clip_val': 0.20373045417418884, 'hidden_size': 35, 'dropout': 0.20060980674419793, 'hidden_continuous_size': 16, 'attention_head_size': 2, 'learning_rate': 0.0058594252465207835}. Best is trial 0 with value: 275.4140625.
LOCAL_RANK: 0 - CUDA_VISIBLE_DEVICES: [0]
[I 2023-11-30 12:59:54,566] Trial 2 finished with value: 730.0813598632812 and parameters: {'gradient_clip_val': 0.7488832633608343, 'hidden_size': 10, 'dropout': 0.2188677400508914, 'hidden_continuous_size': 10, 'attention_head_size': 1, 'learning_rate': 0.005458565812294924}. Best is trial 0 with value: 275.4140625.
LOCAL_RANK: 0 - CUDA_VISIBLE_DEVICES: [0]
[I 2023-11-30 13:00:06,996] Trial 3 finished with value: 622.5003051757812 and parameters: {'gradient_clip_val': 0.8207764921717718, 'hidden_size': 32, 'dropout': 0.34381316250988425, 'hidden_continuous_size': 19, 'attention_head_size': 3, 'learning_rate': 0.0022390135682431576}. Best is trial 0 with value: 275.4140625.
LOCAL_RANK: 0 - CUDA_VISIBLE_DEVICES: [0]
[I 2023-11-30 13:00:19,230] Trial 4 finished with value: 280.1595153808594 and parameters: {'gradient_clip_val': 0.6498001579772605, 'hidden_size': 13, 'dropout': 0.23365721555170718, 'hidden_continuous_size': 11, 'attention_head_size': 4, 'learning_rate': 0.06551166911826209}. Best is trial 0 with value: 275.4140625.
LOCAL_RANK: 0 - CUDA_VISIBLE_DEVICES: [0]
[I 2023-11-30 13:00:31,938] Trial 5 finished with value: 281.0019836425781 and parameters: {'gradient_clip_val': 0.11182096024905566, 'hidden_size': 37, 'dropout': 0.35829960507447, 'hidden_continuous_size': 16, 'attention_head_size': 4, 'learning_rate': 0.008987077849792862}. Best is trial 0 with value: 275.4140625.
LOCAL_RANK: 0 - CUDA_VISIBLE_DEVICES: [0]
[I 2023-11-30 13:00:43,663] Trial 6 finished with value: 933.0222778320312 and parameters: {'gradient_clip_val': 0.482061815868436, 'hidden_size': 12, 'dropout': 0.36490052491425795, 'hidden_continuous_size': 11, 'attention_head_size': 1, 'learning_rate': 0.0012654876598115555}. Best is trial 0 with value: 275.4140625.
LOCAL_RANK: 0 - CUDA_VISIBLE_DEVICES: [0]
[I 2023-11-30 13:00:56,495] Trial 7 finished with value: 245.1374969482422 and parameters: {'gradient_clip_val': 0.4874621869411308, 'hidden_size': 42, 'dropout': 0.2667255500959165, 'hidden_continuous_size': 22, 'attention_head_size': 1, 'learning_rate': 0.00459085791949206}. Best is trial 7 with value: 245.1374969482422.
LOCAL_RANK: 0 - CUDA_VISIBLE_DEVICES: [0]
[I 2023-11-30 13:01:08,589] Trial 8 finished with value: 1159.5706787109375 and parameters: {'gradient_clip_val': 0.6890573815474761, 'hidden_size': 14, 'dropout': 0.21733284708148629, 'hidden_continuous_size': 11, 'attention_head_size': 2, 'learning_rate': 0.0011400524387484492}. Best is trial 7 with value: 245.1374969482422.
LOCAL_RANK: 0 - CUDA_VISIBLE_DEVICES: [0]
[I 2023-11-30 13:01:18,792] Trial 9 finished with value: 281.6804504394531 and parameters: {'gradient_clip_val': 0.14895330578361804, 'hidden_size': 10, 'dropout': 0.1371406801855086, 'hidden_continuous_size': 10, 'attention_head_size': 1, 'learning_rate': 0.05763910414540748}. Best is trial 7 with value: 245.1374969482422.
LOCAL_RANK: 0 - CUDA_VISIBLE_DEVICES: [0]
[I 2023-11-30 13:01:33,254] Trial 10 finished with value: 357.751708984375 and parameters: {'gradient_clip_val': 0.34836320072986066, 'hidden_size': 122, 'dropout': 0.286274783568487, 'hidden_continuous_size': 83, 'attention_head_size': 3, 'learning_rate': 0.020390195585365038}. Best is trial 7 with value: 245.1374969482422.
LOCAL_RANK: 0 - CUDA_VISIBLE_DEVICES: [0]
[I 2023-11-30 13:01:47,017] Trial 11 finished with value: 230.527587890625 and parameters: {'gradient_clip_val': 0.45508756549018975, 'hidden_size': 94, 'dropout': 0.10160037324227379, 'hidden_continuous_size': 35, 'attention_head_size': 2, 'learning_rate': 0.0030481867345395633}. Best is trial 11 with value: 230.527587890625.
LOCAL_RANK: 0 - CUDA_VISIBLE_DEVICES: [0]
[I 2023-11-30 13:02:00,505] Trial 12 finished with value: 291.57147216796875 and parameters: {'gradient_clip_val': 0.40314577874627566, 'hidden_size': 73, 'dropout': 0.12206645353541581, 'hidden_continuous_size': 31, 'attention_head_size': 1, 'learning_rate': 0.0035932842932049247}. Best is trial 11 with value: 230.527587890625.
LOCAL_RANK: 0 - CUDA_VISIBLE_DEVICES: [0]
[I 2023-11-30 13:02:14,750] Trial 13 finished with value: 278.5314636230469 and parameters: {'gradient_clip_val': 0.26652727015232747, 'hidden_size': 143, 'dropout': 0.10313151291001865, 'hidden_continuous_size': 38, 'attention_head_size': 2, 'learning_rate': 0.014796508798747065}. Best is trial 11 with value: 230.527587890625.
LOCAL_RANK: 0 - CUDA_VISIBLE_DEVICES: [0]
[I 2023-11-30 13:02:28,000] Trial 14 finished with value: 408.4480895996094 and parameters: {'gradient_clip_val': 0.5284828937997976, 'hidden_size': 64, 'dropout': 0.27780239267058493, 'hidden_continuous_size': 25, 'attention_head_size': 3, 'learning_rate': 0.001991754106929873}. Best is trial 11 with value: 230.527587890625.
LOCAL_RANK: 0 - CUDA_VISIBLE_DEVICES: [0]
[I 2023-11-30 13:02:40,151] Trial 15 finished with value: 494.2171325683594 and parameters: {'gradient_clip_val': 0.4378522887531808, 'hidden_size': 23, 'dropout': 0.15820909643748793, 'hidden_continuous_size': 13, 'attention_head_size': 1, 'learning_rate': 0.004622129940759686}. Best is trial 11 with value: 230.527587890625.
LOCAL_RANK: 0 - CUDA_VISIBLE_DEVICES: [0]
[I 2023-11-30 13:02:53,119] Trial 16 finished with value: 377.830322265625 and parameters: {'gradient_clip_val': 0.29767745401739987, 'hidden_size': 52, 'dropout': 0.2686434763250482, 'hidden_continuous_size': 24, 'attention_head_size': 2, 'learning_rate': 0.007788989814630411}. Best is trial 11 with value: 230.527587890625.
LOCAL_RANK: 0 - CUDA_VISIBLE_DEVICES: [0]
[I 2023-11-30 13:03:07,046] Trial 17 finished with value: 432.7261657714844 and parameters: {'gradient_clip_val': 0.5563625845925609, 'hidden_size': 100, 'dropout': 0.18017339759944628, 'hidden_continuous_size': 47, 'attention_head_size': 1, 'learning_rate': 0.00342711965686154}. Best is trial 11 with value: 230.527587890625.
LOCAL_RANK: 0 - CUDA_VISIBLE_DEVICES: [0]
[I 2023-11-30 13:03:20,446] Trial 18 finished with value: 250.14146423339844 and parameters: {'gradient_clip_val': 0.9758046835521645, 'hidden_size': 94, 'dropout': 0.14072667350261145, 'hidden_continuous_size': 21, 'attention_head_size': 2, 'learning_rate': 0.001799591862135717}. Best is trial 11 with value: 230.527587890625.
LOCAL_RANK: 0 - CUDA_VISIBLE_DEVICES: [0]
[I 2023-11-30 13:03:33,468] Trial 19 finished with value: 384.2140197753906 and parameters: {'gradient_clip_val': 0.39154709437782154, 'hidden_size': 46, 'dropout': 0.10142071556845345, 'hidden_continuous_size': 26, 'attention_head_size': 3, 'learning_rate': 0.0035250563411488274}. Best is trial 11 with value: 230.527587890625.
LOCAL_RANK: 0 - CUDA_VISIBLE_DEVICES: [0]
[I 2023-11-30 13:03:47,318] Trial 20 finished with value: 478.9103698730469 and parameters: {'gradient_clip_val': 0.5748327968111796, 'hidden_size': 98, 'dropout': 0.2479316973133219, 'hidden_continuous_size': 55, 'attention_head_size': 1, 'learning_rate': 0.0010586901809554754}. Best is trial 11 with value: 230.527587890625.
LOCAL_RANK: 0 - CUDA_VISIBLE_DEVICES: [0]
[I 2023-11-30 13:04:00,820] Trial 21 finished with value: 308.1585693359375 and parameters: {'gradient_clip_val': 0.9069392705378063, 'hidden_size': 85, 'dropout': 0.14717940235419325, 'hidden_continuous_size': 22, 'attention_head_size': 2, 'learning_rate': 0.0017798543585313702}. Best is trial 11 with value: 230.527587890625.
LOCAL_RANK: 0 - CUDA_VISIBLE_DEVICES: [0]
[I 2023-11-30 13:04:14,719] Trial 22 finished with value: 315.6253356933594 and parameters: {'gradient_clip_val': 0.9746801690140625, 'hidden_size': 112, 'dropout': 0.12576806572348015, 'hidden_continuous_size': 30, 'attention_head_size': 2, 'learning_rate': 0.001764667796355366}. Best is trial 11 with value: 230.527587890625.
LOCAL_RANK: 0 - CUDA_VISIBLE_DEVICES: [0]
[I 2023-11-30 13:04:28,926] Trial 23 finished with value: 375.375732421875 and parameters: {'gradient_clip_val': 0.612488341963826, 'hidden_size': 150, 'dropout': 0.18729658495326074, 'hidden_continuous_size': 19, 'attention_head_size': 2, 'learning_rate': 0.0024446180736160455}. Best is trial 11 with value: 230.527587890625.
LOCAL_RANK: 0 - CUDA_VISIBLE_DEVICES: [0]
[I 2023-11-30 13:04:42,499] Trial 24 finished with value: 257.4659729003906 and parameters: {'gradient_clip_val': 0.4836538951513803, 'hidden_size': 81, 'dropout': 0.16043511693615287, 'hidden_continuous_size': 21, 'attention_head_size': 3, 'learning_rate': 0.0043670943248826566}. Best is trial 11 with value: 230.527587890625.
LOCAL_RANK: 0 - CUDA_VISIBLE_DEVICES: [0]
[I 2023-11-30 13:04:55,783] Trial 25 finished with value: 479.7420349121094 and parameters: {'gradient_clip_val': 0.7595387587887878, 'hidden_size': 58, 'dropout': 0.1279685045375374, 'hidden_continuous_size': 28, 'attention_head_size': 2, 'learning_rate': 0.001538168276739255}. Best is trial 11 with value: 230.527587890625.
LOCAL_RANK: 0 - CUDA_VISIBLE_DEVICES: [0]
[I 2023-11-30 13:05:09,378] Trial 26 finished with value: 308.3392333984375 and parameters: {'gradient_clip_val': 0.9926292290250948, 'hidden_size': 86, 'dropout': 0.15278324145366168, 'hidden_continuous_size': 17, 'attention_head_size': 1, 'learning_rate': 0.0026192920268491935}. Best is trial 11 with value: 230.527587890625.
LOCAL_RANK: 0 - CUDA_VISIBLE_DEVICES: [0]
