[I 2023-11-29 23:24:32,215] Trial 126 finished with value: 7373.22119140625 and parameters: {'gradient_clip_val': 0.36419313009556564, 'hidden_size': 108, 'dropout': 0.13009152150246406, 'hidden_continuous_size': 101, 'attention_head_size': 2, 'learning_rate': 0.029315543121600528}. Best is trial 61 with value: 1662.7503662109375.
LOCAL_RANK: 0 - CUDA_VISIBLE_DEVICES: [0]
[I 2023-11-29 23:24:46,581] Trial 127 finished with value: 4636.970703125 and parameters: {'gradient_clip_val': 0.30275255051725075, 'hidden_size': 118, 'dropout': 0.13777837545820792, 'hidden_continuous_size': 108, 'attention_head_size': 2, 'learning_rate': 0.017894584377226477}. Best is trial 61 with value: 1662.7503662109375.
LOCAL_RANK: 0 - CUDA_VISIBLE_DEVICES: [0]
[I 2023-11-29 23:25:01,356] Trial 128 finished with value: 2195.055908203125 and parameters: {'gradient_clip_val': 0.39609157582986015, 'hidden_size': 133, 'dropout': 0.12088878381795226, 'hidden_continuous_size': 125, 'attention_head_size': 2, 'learning_rate': 0.02249311543454045}. Best is trial 61 with value: 1662.7503662109375.
LOCAL_RANK: 0 - CUDA_VISIBLE_DEVICES: [0]
[I 2023-11-29 23:25:15,786] Trial 129 finished with value: 4534.40087890625 and parameters: {'gradient_clip_val': 0.3368550417032705, 'hidden_size': 125, 'dropout': 0.15297598598490478, 'hidden_continuous_size': 117, 'attention_head_size': 2, 'learning_rate': 0.024853315237798625}. Best is trial 61 with value: 1662.7503662109375.
LOCAL_RANK: 0 - CUDA_VISIBLE_DEVICES: [0]
[I 2023-11-29 23:25:29,992] Trial 130 finished with value: 4442.02392578125 and parameters: {'gradient_clip_val': 0.47083843756192745, 'hidden_size': 102, 'dropout': 0.14465315633725356, 'hidden_continuous_size': 94, 'attention_head_size': 2, 'learning_rate': 0.015232448981547193}. Best is trial 61 with value: 1662.7503662109375.
LOCAL_RANK: 0 - CUDA_VISIBLE_DEVICES: [0]
[I 2023-11-29 23:25:43,993] Trial 131 finished with value: 4960.92626953125 and parameters: {'gradient_clip_val': 0.444349388691852, 'hidden_size': 87, 'dropout': 0.10233813729893342, 'hidden_continuous_size': 82, 'attention_head_size': 1, 'learning_rate': 0.017349697967674552}. Best is trial 61 with value: 1662.7503662109375.
LOCAL_RANK: 0 - CUDA_VISIBLE_DEVICES: [0]
[I 2023-11-29 23:25:58,542] Trial 132 finished with value: 3140.833984375 and parameters: {'gradient_clip_val': 0.5662169824172287, 'hidden_size': 150, 'dropout': 0.11600870247234443, 'hidden_continuous_size': 76, 'attention_head_size': 2, 'learning_rate': 0.020629575192690403}. Best is trial 61 with value: 1662.7503662109375.
LOCAL_RANK: 0 - CUDA_VISIBLE_DEVICES: [0]
[I 2023-11-29 23:26:13,010] Trial 133 finished with value: 1985.9273681640625 and parameters: {'gradient_clip_val': 0.6589225747362627, 'hidden_size': 110, 'dropout': 0.1271869141575786, 'hidden_continuous_size': 104, 'attention_head_size': 2, 'learning_rate': 0.01914530892585887}. Best is trial 61 with value: 1662.7503662109375.
LOCAL_RANK: 0 - CUDA_VISIBLE_DEVICES: [0]
[I 2023-11-29 23:26:27,325] Trial 134 finished with value: 6533.82275390625 and parameters: {'gradient_clip_val': 0.6306982128580041, 'hidden_size': 113, 'dropout': 0.16332792690996817, 'hidden_continuous_size': 106, 'attention_head_size': 2, 'learning_rate': 0.018704678137520858}. Best is trial 61 with value: 1662.7503662109375.
LOCAL_RANK: 0 - CUDA_VISIBLE_DEVICES: [0]
[I 2023-11-29 23:26:41,880] Trial 135 finished with value: 2668.034423828125 and parameters: {'gradient_clip_val': 0.6635492926729578, 'hidden_size': 140, 'dropout': 0.12751181592531158, 'hidden_continuous_size': 132, 'attention_head_size': 2, 'learning_rate': 0.02265176942416075}. Best is trial 61 with value: 1662.7503662109375.
LOCAL_RANK: 0 - CUDA_VISIBLE_DEVICES: [0]
[I 2023-11-29 23:26:56,276] Trial 136 finished with value: 2832.916015625 and parameters: {'gradient_clip_val': 0.36027357800043874, 'hidden_size': 105, 'dropout': 0.13632572327547277, 'hidden_continuous_size': 99, 'attention_head_size': 2, 'learning_rate': 0.025490755053365753}. Best is trial 61 with value: 1662.7503662109375.
LOCAL_RANK: 0 - CUDA_VISIBLE_DEVICES: [0]
[I 2023-11-29 23:27:10,512] Trial 137 finished with value: 4883.35546875 and parameters: {'gradient_clip_val': 0.5054572178719314, 'hidden_size': 98, 'dropout': 0.12146600421649896, 'hidden_continuous_size': 92, 'attention_head_size': 2, 'learning_rate': 0.014516815369438761}. Best is trial 61 with value: 1662.7503662109375.
LOCAL_RANK: 0 - CUDA_VISIBLE_DEVICES: [0]
[I 2023-11-29 23:27:25,216] Trial 138 finished with value: 4279.73681640625 and parameters: {'gradient_clip_val': 0.5396267203785184, 'hidden_size': 129, 'dropout': 0.20457075255132134, 'hidden_continuous_size': 117, 'attention_head_size': 2, 'learning_rate': 0.01662451004038352}. Best is trial 61 with value: 1662.7503662109375.
LOCAL_RANK: 0 - CUDA_VISIBLE_DEVICES: [0]
[I 2023-11-29 23:27:39,144] Trial 139 finished with value: 2972.201416015625 and parameters: {'gradient_clip_val': 0.323137135100321, 'hidden_size': 74, 'dropout': 0.1336509696572782, 'hidden_continuous_size': 72, 'attention_head_size': 2, 'learning_rate': 0.027366385844092008}. Best is trial 61 with value: 1662.7503662109375.
LOCAL_RANK: 0 - CUDA_VISIBLE_DEVICES: [0]
[I 2023-11-29 23:27:53,520] Trial 140 finished with value: 3202.301513671875 and parameters: {'gradient_clip_val': 0.6050508318283839, 'hidden_size': 119, 'dropout': 0.18595237304630818, 'hidden_continuous_size': 109, 'attention_head_size': 1, 'learning_rate': 0.01957617406380187}. Best is trial 61 with value: 1662.7503662109375.
LOCAL_RANK: 0 - CUDA_VISIBLE_DEVICES: [0]
[I 2023-11-29 23:28:07,828] Trial 141 finished with value: 4294.46923828125 and parameters: {'gradient_clip_val': 0.7524158287345265, 'hidden_size': 110, 'dropout': 0.11126537169400791, 'hidden_continuous_size': 103, 'attention_head_size': 3, 'learning_rate': 0.021771410959259174}. Best is trial 61 with value: 1662.7503662109375.
LOCAL_RANK: 0 - CUDA_VISIBLE_DEVICES: [0]
[I 2023-11-29 23:28:22,055] Trial 142 finished with value: 3230.156982421875 and parameters: {'gradient_clip_val': 0.3760272311102505, 'hidden_size': 138, 'dropout': 0.1053137514865041, 'hidden_continuous_size': 63, 'attention_head_size': 2, 'learning_rate': 0.017447516199207654}. Best is trial 61 with value: 1662.7503662109375.
LOCAL_RANK: 0 - CUDA_VISIBLE_DEVICES: [0]
[I 2023-11-29 23:28:35,961] Trial 143 finished with value: 4289.822265625 and parameters: {'gradient_clip_val': 0.5708003091876367, 'hidden_size': 65, 'dropout': 0.11870391399054873, 'hidden_continuous_size': 64, 'attention_head_size': 2, 'learning_rate': 0.012413197909517464}. Best is trial 61 with value: 1662.7503662109375.
LOCAL_RANK: 0 - CUDA_VISIBLE_DEVICES: [0]
[I 2023-11-29 23:28:49,851] Trial 144 finished with value: 2166.1123046875 and parameters: {'gradient_clip_val': 0.41512076434497236, 'hidden_size': 84, 'dropout': 0.25125434445946954, 'hidden_continuous_size': 80, 'attention_head_size': 2, 'learning_rate': 0.019698064085084357}. Best is trial 61 with value: 1662.7503662109375.
LOCAL_RANK: 0 - CUDA_VISIBLE_DEVICES: [0]
[I 2023-11-29 23:29:04,156] Trial 145 finished with value: 2756.732421875 and parameters: {'gradient_clip_val': 0.6789597454232434, 'hidden_size': 97, 'dropout': 0.1277332478190698, 'hidden_continuous_size': 90, 'attention_head_size': 1, 'learning_rate': 0.01519235461355586}. Best is trial 61 with value: 1662.7503662109375.
LOCAL_RANK: 0 - CUDA_VISIBLE_DEVICES: [0]
[I 2023-11-29 23:29:18,579] Trial 146 finished with value: 3092.778564453125 and parameters: {'gradient_clip_val': 0.8763828566140316, 'hidden_size': 116, 'dropout': 0.10108582750604596, 'hidden_continuous_size': 97, 'attention_head_size': 3, 'learning_rate': 0.013698839107088013}. Best is trial 61 with value: 1662.7503662109375.
LOCAL_RANK: 0 - CUDA_VISIBLE_DEVICES: [0]
[I 2023-11-29 23:29:32,657] Trial 147 finished with value: 3683.152587890625 and parameters: {'gradient_clip_val': 0.6378499422701407, 'hidden_size': 78, 'dropout': 0.11063352465348851, 'hidden_continuous_size': 75, 'attention_head_size': 2, 'learning_rate': 0.029784973226329697}. Best is trial 61 with value: 1662.7503662109375.
LOCAL_RANK: 0 - CUDA_VISIBLE_DEVICES: [0]
[I 2023-11-29 23:29:46,929] Trial 148 finished with value: 2403.419677734375 and parameters: {'gradient_clip_val': 0.5352170474557096, 'hidden_size': 124, 'dropout': 0.14866679030732066, 'hidden_continuous_size': 67, 'attention_head_size': 1, 'learning_rate': 0.023947012655954183}. Best is trial 61 with value: 1662.7503662109375.
LOCAL_RANK: 0 - CUDA_VISIBLE_DEVICES: [0]
[I 2023-11-29 23:30:01,165] Trial 149 finished with value: 4857.818359375 and parameters: {'gradient_clip_val': 0.7967807965871794, 'hidden_size': 103, 'dropout': 0.11560139659027728, 'hidden_continuous_size': 96, 'attention_head_size': 2, 'learning_rate': 0.01013612378211154}. Best is trial 61 with value: 1662.7503662109375.
[I 2023-11-29 23:30:01,289] A new study created in memory with name: no-name-f6593b82-ae31-49d8-8e17-1bbc9ed5ed5c
/home/le004/conda/anaconda3/envs/tsff_env/lib/python3.9/site-packages/lightning/fabric/plugins/environments/slurm.py:191: The `srun` command is available on your system but is not used. HINT: If your intention is to run Lightning on SLURM, prepend your python command with `srun` like so: srun python /home/le004/master_thesis/git/TSFusionForecast/code/ ...
LOCAL_RANK: 0 - CUDA_VISIBLE_DEVICES: [0]
[I 2023-11-29 23:30:14,304] Trial 0 finished with value: 81.39478302001953 and parameters: {'gradient_clip_val': 0.44773668788023857, 'hidden_size': 63, 'dropout': 0.3935446592894696, 'hidden_continuous_size': 14, 'attention_head_size': 2, 'learning_rate': 0.003534653352964004}. Best is trial 0 with value: 81.39478302001953.
LOCAL_RANK: 0 - CUDA_VISIBLE_DEVICES: [0]
[I 2023-11-29 23:30:26,524] Trial 1 finished with value: 232.397216796875 and parameters: {'gradient_clip_val': 0.8129175133570434, 'hidden_size': 26, 'dropout': 0.18226564204784323, 'hidden_continuous_size': 12, 'attention_head_size': 1, 'learning_rate': 0.002817383250526818}. Best is trial 0 with value: 81.39478302001953.
LOCAL_RANK: 0 - CUDA_VISIBLE_DEVICES: [0]
[I 2023-11-29 23:30:38,992] Trial 2 finished with value: 170.53147888183594 and parameters: {'gradient_clip_val': 0.1888313532004581, 'hidden_size': 29, 'dropout': 0.14772135187492683, 'hidden_continuous_size': 15, 'attention_head_size': 3, 'learning_rate': 0.004488679037916903}. Best is trial 0 with value: 81.39478302001953.
LOCAL_RANK: 0 - CUDA_VISIBLE_DEVICES: [0]
[I 2023-11-29 23:30:51,524] Trial 3 finished with value: 81.35485076904297 and parameters: {'gradient_clip_val': 0.4674361605518099, 'hidden_size': 30, 'dropout': 0.15254168240037233, 'hidden_continuous_size': 13, 'attention_head_size': 2, 'learning_rate': 0.0331702905665644}. Best is trial 3 with value: 81.35485076904297.
LOCAL_RANK: 0 - CUDA_VISIBLE_DEVICES: [0]
[I 2023-11-29 23:31:03,818] Trial 4 finished with value: 71.40129089355469 and parameters: {'gradient_clip_val': 0.12317638859284681, 'hidden_size': 22, 'dropout': 0.2727638181368462, 'hidden_continuous_size': 20, 'attention_head_size': 1, 'learning_rate': 0.013792929237231527}. Best is trial 4 with value: 71.40129089355469.
LOCAL_RANK: 0 - CUDA_VISIBLE_DEVICES: [0]
[I 2023-11-29 23:31:15,947] Trial 5 finished with value: 146.85552978515625 and parameters: {'gradient_clip_val': 0.9694214228218107, 'hidden_size': 26, 'dropout': 0.13383715125507478, 'hidden_continuous_size': 16, 'attention_head_size': 1, 'learning_rate': 0.0042616609880887935}. Best is trial 4 with value: 71.40129089355469.
LOCAL_RANK: 0 - CUDA_VISIBLE_DEVICES: [0]
[I 2023-11-29 23:31:29,063] Trial 6 finished with value: 99.53826904296875 and parameters: {'gradient_clip_val': 0.815293569559832, 'hidden_size': 57, 'dropout': 0.36622635940421255, 'hidden_continuous_size': 29, 'attention_head_size': 1, 'learning_rate': 0.005829745329358023}. Best is trial 4 with value: 71.40129089355469.
LOCAL_RANK: 0 - CUDA_VISIBLE_DEVICES: [0]
[I 2023-11-29 23:31:42,899] Trial 7 finished with value: 113.93731689453125 and parameters: {'gradient_clip_val': 0.3440989871208188, 'hidden_size': 109, 'dropout': 0.15490981641361737, 'hidden_continuous_size': 30, 'attention_head_size': 3, 'learning_rate': 0.00570891160069802}. Best is trial 4 with value: 71.40129089355469.
LOCAL_RANK: 0 - CUDA_VISIBLE_DEVICES: [0]
[I 2023-11-29 23:31:55,141] Trial 8 finished with value: 72.20079803466797 and parameters: {'gradient_clip_val': 0.5577443679426349, 'hidden_size': 14, 'dropout': 0.1173032764286113, 'hidden_continuous_size': 10, 'attention_head_size': 2, 'learning_rate': 0.07693762840247582}. Best is trial 4 with value: 71.40129089355469.
LOCAL_RANK: 0 - CUDA_VISIBLE_DEVICES: [0]
[I 2023-11-29 23:32:09,176] Trial 9 finished with value: 82.3074722290039 and parameters: {'gradient_clip_val': 0.5869764016942949, 'hidden_size': 115, 'dropout': 0.29154418099586243, 'hidden_continuous_size': 33, 'attention_head_size': 4, 'learning_rate': 0.0024916387878063913}. Best is trial 4 with value: 71.40129089355469.
LOCAL_RANK: 0 - CUDA_VISIBLE_DEVICES: [0]
[I 2023-11-29 23:32:19,552] Trial 10 finished with value: 166.30747985839844 and parameters: {'gradient_clip_val': 0.11668674380077172, 'hidden_size': 10, 'dropout': 0.24245488132067178, 'hidden_continuous_size': 10, 'attention_head_size': 4, 'learning_rate': 0.016867773596633925}. Best is trial 4 with value: 71.40129089355469.
LOCAL_RANK: 0 - CUDA_VISIBLE_DEVICES: [0]
[I 2023-11-29 23:32:31,596] Trial 11 finished with value: 55.27579879760742 and parameters: {'gradient_clip_val': 0.2174434688529528, 'hidden_size': 14, 'dropout': 0.23090758669510758, 'hidden_continuous_size': 10, 'attention_head_size': 2, 'learning_rate': 0.08379291136508915}. Best is trial 11 with value: 55.27579879760742.
LOCAL_RANK: 0 - CUDA_VISIBLE_DEVICES: [0]
[I 2023-11-29 23:32:43,707] Trial 12 finished with value: 283.4998474121094 and parameters: {'gradient_clip_val': 0.19284887507400583, 'hidden_size': 17, 'dropout': 0.23847447332461916, 'hidden_continuous_size': 11, 'attention_head_size': 1, 'learning_rate': 0.0011595478559486617}. Best is trial 11 with value: 55.27579879760742.
LOCAL_RANK: 0 - CUDA_VISIBLE_DEVICES: [0]
[I 2023-11-29 23:32:56,026] Trial 13 finished with value: 88.5543212890625 and parameters: {'gradient_clip_val': 0.10253825261661904, 'hidden_size': 17, 'dropout': 0.2929127466873368, 'hidden_continuous_size': 11, 'attention_head_size': 2, 'learning_rate': 0.091206956725812}. Best is trial 11 with value: 55.27579879760742.
LOCAL_RANK: 0 - CUDA_VISIBLE_DEVICES: [0]
[I 2023-11-29 23:33:06,283] Trial 14 finished with value: 175.42933654785156 and parameters: {'gradient_clip_val': 0.18947494208823018, 'hidden_size': 10, 'dropout': 0.21134647791839234, 'hidden_continuous_size': 10, 'attention_head_size': 3, 'learning_rate': 0.01615634731399535}. Best is trial 11 with value: 55.27579879760742.
LOCAL_RANK: 0 - CUDA_VISIBLE_DEVICES: [0]
[I 2023-11-29 23:33:18,357] Trial 15 finished with value: 76.72293853759766 and parameters: {'gradient_clip_val': 0.1409660264707752, 'hidden_size': 20, 'dropout': 0.2733611159551936, 'hidden_continuous_size': 17, 'attention_head_size': 1, 'learning_rate': 0.044067621435148856}. Best is trial 11 with value: 55.27579879760742.
LOCAL_RANK: 0 - CUDA_VISIBLE_DEVICES: [0]
[I 2023-11-29 23:33:30,309] Trial 16 finished with value: 119.41156005859375 and parameters: {'gradient_clip_val': 0.259187304094658, 'hidden_size': 13, 'dropout': 0.32158500586684413, 'hidden_continuous_size': 10, 'attention_head_size': 2, 'learning_rate': 0.012234057185610582}. Best is trial 11 with value: 55.27579879760742.
LOCAL_RANK: 0 - CUDA_VISIBLE_DEVICES: [0]
[I 2023-11-29 23:33:43,114] Trial 17 finished with value: 94.08475494384766 and parameters: {'gradient_clip_val': 0.14804880759426772, 'hidden_size': 41, 'dropout': 0.20217887228863618, 'hidden_continuous_size': 21, 'attention_head_size': 1, 'learning_rate': 0.023580360547805882}. Best is trial 11 with value: 55.27579879760742.
LOCAL_RANK: 0 - CUDA_VISIBLE_DEVICES: [0]
[I 2023-11-29 23:33:55,115] Trial 18 finished with value: 145.0522003173828 and parameters: {'gradient_clip_val': 0.29637465567432364, 'hidden_size': 20, 'dropout': 0.23125486810182388, 'hidden_continuous_size': 12, 'attention_head_size': 2, 'learning_rate': 0.0492413137185282}. Best is trial 11 with value: 55.27579879760742.
LOCAL_RANK: 0 - CUDA_VISIBLE_DEVICES: [0]
[I 2023-11-29 23:34:07,162] Trial 19 finished with value: 153.56497192382812 and parameters: {'gradient_clip_val': 0.10121237359648076, 'hidden_size': 12, 'dropout': 0.2663103150487755, 'hidden_continuous_size': 10, 'attention_head_size': 3, 'learning_rate': 0.009257387259099697}. Best is trial 11 with value: 55.27579879760742.
LOCAL_RANK: 0 - CUDA_VISIBLE_DEVICES: [0]
[I 2023-11-29 23:34:19,027] Trial 20 finished with value: 88.3318099975586 and parameters: {'gradient_clip_val': 0.22416181035847738, 'hidden_size': 16, 'dropout': 0.31810712253445694, 'hidden_continuous_size': 11, 'attention_head_size': 1, 'learning_rate': 0.027906301355883248}. Best is trial 11 with value: 55.27579879760742.
LOCAL_RANK: 0 - CUDA_VISIBLE_DEVICES: [0]
[I 2023-11-29 23:34:30,969] Trial 21 finished with value: 108.4798583984375 and parameters: {'gradient_clip_val': 0.1474010036815198, 'hidden_size': 13, 'dropout': 0.12430309355181719, 'hidden_continuous_size': 10, 'attention_head_size': 2, 'learning_rate': 0.09788556972649051}. Best is trial 11 with value: 55.27579879760742.
LOCAL_RANK: 0 - CUDA_VISIBLE_DEVICES: [0]
[I 2023-11-29 23:34:43,267] Trial 22 finished with value: 56.85174560546875 and parameters: {'gradient_clip_val': 0.3295535352986871, 'hidden_size': 21, 'dropout': 0.18869950287015352, 'hidden_continuous_size': 12, 'attention_head_size': 2, 'learning_rate': 0.0653006323914724}. Best is trial 11 with value: 55.27579879760742.
LOCAL_RANK: 0 - CUDA_VISIBLE_DEVICES: [0]
[I 2023-11-29 23:34:55,580] Trial 23 finished with value: 96.0282211303711 and parameters: {'gradient_clip_val': 0.3507071940417888, 'hidden_size': 21, 'dropout': 0.19368980723477858, 'hidden_continuous_size': 12, 'attention_head_size': 2, 'learning_rate': 0.06189050341054173}. Best is trial 11 with value: 55.27579879760742.
LOCAL_RANK: 0 - CUDA_VISIBLE_DEVICES: [0]
[I 2023-11-29 23:35:07,849] Trial 24 finished with value: 63.990814208984375 and parameters: {'gradient_clip_val': 0.25359744792468675, 'hidden_size': 21, 'dropout': 0.17476437369711886, 'hidden_continuous_size': 13, 'attention_head_size': 3, 'learning_rate': 0.05536673079396458}. Best is trial 11 with value: 55.27579879760742.
LOCAL_RANK: 0 - CUDA_VISIBLE_DEVICES: [0]
[I 2023-11-29 23:35:20,091] Trial 25 finished with value: 103.51675415039062 and parameters: {'gradient_clip_val': 0.27889526038584156, 'hidden_size': 15, 'dropout': 0.17516128369820333, 'hidden_continuous_size': 11, 'attention_head_size': 3, 'learning_rate': 0.05577888729607424}. Best is trial 11 with value: 55.27579879760742.
LOCAL_RANK: 0 - CUDA_VISIBLE_DEVICES: [0]
[I 2023-11-29 23:35:32,821] Trial 26 finished with value: 70.79280853271484 and parameters: {'gradient_clip_val': 0.23637982899911003, 'hidden_size': 34, 'dropout': 0.21437612929629518, 'hidden_continuous_size': 14, 'attention_head_size': 4, 'learning_rate': 0.03832238299308252}. Best is trial 11 with value: 55.27579879760742.
LOCAL_RANK: 0 - CUDA_VISIBLE_DEVICES: [0]
[I 2023-11-29 23:35:45,298] Trial 27 finished with value: 108.53716278076172 and parameters: {'gradient_clip_val': 0.33472611217095705, 'hidden_size': 18, 'dropout': 0.1748368583338677, 'hidden_continuous_size': 13, 'attention_head_size': 3, 'learning_rate': 0.06699176237976354}. Best is trial 11 with value: 55.27579879760742.
LOCAL_RANK: 0 - CUDA_VISIBLE_DEVICES: [0]
[I 2023-11-29 23:35:57,595] Trial 28 finished with value: 92.57208251953125 and parameters: {'gradient_clip_val': 0.224469577865081, 'hidden_size': 25, 'dropout': 0.1058938357536939, 'hidden_continuous_size': 12, 'attention_head_size': 3, 'learning_rate': 0.07004011173709236}. Best is trial 11 with value: 55.27579879760742.
LOCAL_RANK: 0 - CUDA_VISIBLE_DEVICES: [0]
[I 2023-11-29 23:36:10,185] Trial 29 finished with value: 73.44633483886719 and parameters: {'gradient_clip_val': 0.4093974732761634, 'hidden_size': 39, 'dropout': 0.2180307032530939, 'hidden_continuous_size': 14, 'attention_head_size': 2, 'learning_rate': 0.0448686612314222}. Best is trial 11 with value: 55.27579879760742.
LOCAL_RANK: 0 - CUDA_VISIBLE_DEVICES: [0]
[I 2023-11-29 23:36:22,338] Trial 30 finished with value: 106.89971923828125 and parameters: {'gradient_clip_val': 0.27892241122703504, 'hidden_size': 23, 'dropout': 0.1865291889137152, 'hidden_continuous_size': 13, 'attention_head_size': 2, 'learning_rate': 0.09433822959557926}. Best is trial 11 with value: 55.27579879760742.
LOCAL_RANK: 0 - CUDA_VISIBLE_DEVICES: [0]
[I 2023-11-29 23:36:34,900] Trial 31 finished with value: 63.464752197265625 and parameters: {'gradient_clip_val': 0.24443180479801732, 'hidden_size': 30, 'dropout': 0.217763177790821, 'hidden_continuous_size': 15, 'attention_head_size': 4, 'learning_rate': 0.03581790502488752}. Best is trial 11 with value: 55.27579879760742.
LOCAL_RANK: 0 - CUDA_VISIBLE_DEVICES: [0]
[I 2023-11-29 23:36:47,285] Trial 32 finished with value: 58.66661071777344 and parameters: {'gradient_clip_val': 0.3007491236491441, 'hidden_size': 18, 'dropout': 0.2261745990541993, 'hidden_continuous_size': 12, 'attention_head_size': 4, 'learning_rate': 0.0559352554159931}. Best is trial 11 with value: 55.27579879760742.
LOCAL_RANK: 0 - CUDA_VISIBLE_DEVICES: [0]
[I 2023-11-29 23:36:59,559] Trial 33 finished with value: 68.69949340820312 and parameters: {'gradient_clip_val': 0.30894005556459075, 'hidden_size': 28, 'dropout': 0.22036180856992915, 'hidden_continuous_size': 11, 'attention_head_size': 4, 'learning_rate': 0.03493349942349413}. Best is trial 11 with value: 55.27579879760742.
LOCAL_RANK: 0 - CUDA_VISIBLE_DEVICES: [0]
