[I 2023-11-30 11:30:54,093] Trial 59 finished with value: 14.565228462219238 and parameters: {'gradient_clip_val': 0.14614225928347982, 'hidden_size': 83, 'dropout': 0.3415198665198821, 'hidden_continuous_size': 21, 'attention_head_size': 1, 'learning_rate': 0.0769529513028265}. Best is trial 58 with value: 11.961455345153809.
LOCAL_RANK: 0 - CUDA_VISIBLE_DEVICES: [0]
[I 2023-11-30 11:31:07,401] Trial 60 finished with value: 13.483174324035645 and parameters: {'gradient_clip_val': 0.16513825103533838, 'hidden_size': 73, 'dropout': 0.35181407397313, 'hidden_continuous_size': 19, 'attention_head_size': 2, 'learning_rate': 0.08247037031549606}. Best is trial 58 with value: 11.961455345153809.
LOCAL_RANK: 0 - CUDA_VISIBLE_DEVICES: [0]
[I 2023-11-30 11:31:20,464] Trial 61 finished with value: 14.203388214111328 and parameters: {'gradient_clip_val': 0.161882560787554, 'hidden_size': 74, 'dropout': 0.3527866832862309, 'hidden_continuous_size': 19, 'attention_head_size': 2, 'learning_rate': 0.08578721336812924}. Best is trial 58 with value: 11.961455345153809.
LOCAL_RANK: 0 - CUDA_VISIBLE_DEVICES: [0]
[I 2023-11-30 11:31:33,579] Trial 62 finished with value: 12.374133110046387 and parameters: {'gradient_clip_val': 0.18323674638957338, 'hidden_size': 86, 'dropout': 0.3319610383432437, 'hidden_continuous_size': 21, 'attention_head_size': 2, 'learning_rate': 0.09755297905134909}. Best is trial 58 with value: 11.961455345153809.
LOCAL_RANK: 0 - CUDA_VISIBLE_DEVICES: [0]
[I 2023-11-30 11:31:47,170] Trial 63 finished with value: 16.424877166748047 and parameters: {'gradient_clip_val': 0.17450679156449092, 'hidden_size': 121, 'dropout': 0.33728469248584103, 'hidden_continuous_size': 18, 'attention_head_size': 2, 'learning_rate': 0.09583271026150719}. Best is trial 58 with value: 11.961455345153809.
LOCAL_RANK: 0 - CUDA_VISIBLE_DEVICES: [0]
[I 2023-11-30 11:32:00,359] Trial 64 finished with value: 14.512112617492676 and parameters: {'gradient_clip_val': 0.2006320451270157, 'hidden_size': 87, 'dropout': 0.35247388635385246, 'hidden_continuous_size': 20, 'attention_head_size': 2, 'learning_rate': 0.07942108903314846}. Best is trial 58 with value: 11.961455345153809.
LOCAL_RANK: 0 - CUDA_VISIBLE_DEVICES: [0]
[I 2023-11-30 11:32:13,927] Trial 65 finished with value: 13.782177925109863 and parameters: {'gradient_clip_val': 0.17611478811014508, 'hidden_size': 109, 'dropout': 0.3965481044385385, 'hidden_continuous_size': 16, 'attention_head_size': 2, 'learning_rate': 0.09992231630948706}. Best is trial 58 with value: 11.961455345153809.
LOCAL_RANK: 0 - CUDA_VISIBLE_DEVICES: [0]
[I 2023-11-30 11:32:27,766] Trial 66 finished with value: 15.63680648803711 and parameters: {'gradient_clip_val': 0.19393264519265851, 'hidden_size': 145, 'dropout': 0.3805170498000261, 'hidden_continuous_size': 13, 'attention_head_size': 2, 'learning_rate': 0.056895800193659314}. Best is trial 58 with value: 11.961455345153809.
LOCAL_RANK: 0 - CUDA_VISIBLE_DEVICES: [0]
[I 2023-11-30 11:32:41,340] Trial 67 finished with value: 14.661701202392578 and parameters: {'gradient_clip_val': 0.16546351614508914, 'hidden_size': 99, 'dropout': 0.3318711460139039, 'hidden_continuous_size': 26, 'attention_head_size': 3, 'learning_rate': 0.06487433360334557}. Best is trial 58 with value: 11.961455345153809.
LOCAL_RANK: 0 - CUDA_VISIBLE_DEVICES: [0]
[I 2023-11-30 11:32:54,124] Trial 68 finished with value: 14.827073097229004 and parameters: {'gradient_clip_val': 0.14815238889753005, 'hidden_size': 57, 'dropout': 0.32578617413363775, 'hidden_continuous_size': 23, 'attention_head_size': 2, 'learning_rate': 0.07788071469626409}. Best is trial 58 with value: 11.961455345153809.
LOCAL_RANK: 0 - CUDA_VISIBLE_DEVICES: [0]
[I 2023-11-30 11:33:07,225] Trial 69 finished with value: 12.141620635986328 and parameters: {'gradient_clip_val': 0.13344034775831354, 'hidden_size': 69, 'dropout': 0.34968007541513835, 'hidden_continuous_size': 21, 'attention_head_size': 2, 'learning_rate': 0.0699015129732257}. Best is trial 58 with value: 11.961455345153809.
LOCAL_RANK: 0 - CUDA_VISIBLE_DEVICES: [0]
[I 2023-11-30 11:33:20,695] Trial 70 finished with value: 16.307769775390625 and parameters: {'gradient_clip_val': 0.13102789890228425, 'hidden_size': 91, 'dropout': 0.3428981593589716, 'hidden_continuous_size': 21, 'attention_head_size': 3, 'learning_rate': 0.06928165109158528}. Best is trial 58 with value: 11.961455345153809.
LOCAL_RANK: 0 - CUDA_VISIBLE_DEVICES: [0]
[I 2023-11-30 11:33:33,648] Trial 71 finished with value: 12.240153312683105 and parameters: {'gradient_clip_val': 0.12146660646956468, 'hidden_size': 69, 'dropout': 0.36033671123190714, 'hidden_continuous_size': 22, 'attention_head_size': 2, 'learning_rate': 0.08557582057421356}. Best is trial 58 with value: 11.961455345153809.
LOCAL_RANK: 0 - CUDA_VISIBLE_DEVICES: [0]
[I 2023-11-30 11:33:46,619] Trial 72 finished with value: 16.31654930114746 and parameters: {'gradient_clip_val': 0.11472582763823681, 'hidden_size': 68, 'dropout': 0.3612942514692195, 'hidden_continuous_size': 23, 'attention_head_size': 2, 'learning_rate': 0.059786702859115665}. Best is trial 58 with value: 11.961455345153809.
LOCAL_RANK: 0 - CUDA_VISIBLE_DEVICES: [0]
[I 2023-11-30 11:33:59,583] Trial 73 finished with value: 14.651013374328613 and parameters: {'gradient_clip_val': 0.1244830780783118, 'hidden_size': 63, 'dropout': 0.3399016634314612, 'hidden_continuous_size': 25, 'attention_head_size': 2, 'learning_rate': 0.05059838785229788}. Best is trial 58 with value: 11.961455345153809.
LOCAL_RANK: 0 - CUDA_VISIBLE_DEVICES: [0]
[I 2023-11-30 11:34:12,953] Trial 74 finished with value: 18.479869842529297 and parameters: {'gradient_clip_val': 0.13248522218981215, 'hidden_size': 82, 'dropout': 0.3690847123414984, 'hidden_continuous_size': 27, 'attention_head_size': 2, 'learning_rate': 0.06859160783529264}. Best is trial 58 with value: 11.961455345153809.
LOCAL_RANK: 0 - CUDA_VISIBLE_DEVICES: [0]
[I 2023-11-30 11:34:26,419] Trial 75 finished with value: 12.491436004638672 and parameters: {'gradient_clip_val': 0.11045631049321027, 'hidden_size': 103, 'dropout': 0.3240949689634358, 'hidden_continuous_size': 21, 'attention_head_size': 2, 'learning_rate': 0.08593094954605349}. Best is trial 58 with value: 11.961455345153809.
LOCAL_RANK: 0 - CUDA_VISIBLE_DEVICES: [0]
[I 2023-11-30 11:34:39,599] Trial 76 finished with value: 24.857751846313477 and parameters: {'gradient_clip_val': 0.1100949588106818, 'hidden_size': 76, 'dropout': 0.3218094278669875, 'hidden_continuous_size': 22, 'attention_head_size': 2, 'learning_rate': 0.09660902357150472}. Best is trial 58 with value: 11.961455345153809.
LOCAL_RANK: 0 - CUDA_VISIBLE_DEVICES: [0]
[I 2023-11-30 11:34:52,949] Trial 77 finished with value: 11.989452362060547 and parameters: {'gradient_clip_val': 0.10692059609828793, 'hidden_size': 85, 'dropout': 0.3577114800876596, 'hidden_continuous_size': 18, 'attention_head_size': 4, 'learning_rate': 0.08582187346574408}. Best is trial 58 with value: 11.961455345153809.
LOCAL_RANK: 0 - CUDA_VISIBLE_DEVICES: [0]
[I 2023-11-30 11:35:05,711] Trial 78 finished with value: 13.501017570495605 and parameters: {'gradient_clip_val': 0.10623072550200055, 'hidden_size': 53, 'dropout': 0.3725352484499187, 'hidden_continuous_size': 21, 'attention_head_size': 4, 'learning_rate': 0.08254514276470329}. Best is trial 58 with value: 11.961455345153809.
LOCAL_RANK: 0 - CUDA_VISIBLE_DEVICES: [0]
[I 2023-11-30 11:35:18,590] Trial 79 finished with value: 18.53429412841797 and parameters: {'gradient_clip_val': 0.11825766574995596, 'hidden_size': 63, 'dropout': 0.3570953388973489, 'hidden_continuous_size': 18, 'attention_head_size': 4, 'learning_rate': 0.08793697067603765}. Best is trial 58 with value: 11.961455345153809.
LOCAL_RANK: 0 - CUDA_VISIBLE_DEVICES: [0]
[I 2023-11-30 11:35:31,572] Trial 80 finished with value: 14.079257011413574 and parameters: {'gradient_clip_val': 0.10088037615169851, 'hidden_size': 69, 'dropout': 0.34788533271323846, 'hidden_continuous_size': 20, 'attention_head_size': 3, 'learning_rate': 0.07368840185807307}. Best is trial 58 with value: 11.961455345153809.
LOCAL_RANK: 0 - CUDA_VISIBLE_DEVICES: [0]
[I 2023-11-30 11:35:45,072] Trial 81 finished with value: 21.06435203552246 and parameters: {'gradient_clip_val': 0.12201160462115228, 'hidden_size': 106, 'dropout': 0.33179148117983465, 'hidden_continuous_size': 16, 'attention_head_size': 2, 'learning_rate': 0.06002535508363383}. Best is trial 58 with value: 11.961455345153809.
LOCAL_RANK: 0 - CUDA_VISIBLE_DEVICES: [0]
[I 2023-11-30 11:35:58,050] Trial 82 finished with value: 11.582575798034668 and parameters: {'gradient_clip_val': 0.11023074446817843, 'hidden_size': 88, 'dropout': 0.3575572450160305, 'hidden_continuous_size': 17, 'attention_head_size': 2, 'learning_rate': 0.08754986937855276}. Best is trial 82 with value: 11.582575798034668.
LOCAL_RANK: 0 - CUDA_VISIBLE_DEVICES: [0]
[I 2023-11-30 11:36:11,121] Trial 83 finished with value: 17.34874153137207 and parameters: {'gradient_clip_val': 0.10829046520633887, 'hidden_size': 89, 'dropout': 0.3607783949387105, 'hidden_continuous_size': 17, 'attention_head_size': 2, 'learning_rate': 0.08674455030560617}. Best is trial 82 with value: 11.582575798034668.
LOCAL_RANK: 0 - CUDA_VISIBLE_DEVICES: [0]
[I 2023-11-30 11:36:24,204] Trial 84 finished with value: 13.336429595947266 and parameters: {'gradient_clip_val': 0.11015733858072486, 'hidden_size': 85, 'dropout': 0.34485973138606285, 'hidden_continuous_size': 19, 'attention_head_size': 2, 'learning_rate': 0.07316025164676437}. Best is trial 82 with value: 11.582575798034668.
LOCAL_RANK: 0 - CUDA_VISIBLE_DEVICES: [0]
[I 2023-11-30 11:36:37,323] Trial 85 finished with value: 17.52593421936035 and parameters: {'gradient_clip_val': 0.12146707514686714, 'hidden_size': 78, 'dropout': 0.3763803066988465, 'hidden_continuous_size': 17, 'attention_head_size': 3, 'learning_rate': 0.09954269273277272}. Best is trial 82 with value: 11.582575798034668.
LOCAL_RANK: 0 - CUDA_VISIBLE_DEVICES: [0]
[I 2023-11-30 11:36:50,301] Trial 86 finished with value: 16.8531551361084 and parameters: {'gradient_clip_val': 0.10497389386926442, 'hidden_size': 60, 'dropout': 0.3828861593273319, 'hidden_continuous_size': 22, 'attention_head_size': 2, 'learning_rate': 0.05310743589236902}. Best is trial 82 with value: 11.582575798034668.
LOCAL_RANK: 0 - CUDA_VISIBLE_DEVICES: [0]
[I 2023-11-30 11:37:03,498] Trial 87 finished with value: 13.5804443359375 and parameters: {'gradient_clip_val': 0.13722282312913622, 'hidden_size': 85, 'dropout': 0.36605352910485517, 'hidden_continuous_size': 18, 'attention_head_size': 4, 'learning_rate': 0.08906843694114969}. Best is trial 82 with value: 11.582575798034668.
LOCAL_RANK: 0 - CUDA_VISIBLE_DEVICES: [0]
[I 2023-11-30 11:37:16,494] Trial 88 finished with value: 15.673497200012207 and parameters: {'gradient_clip_val': 0.12645378284840994, 'hidden_size': 70, 'dropout': 0.3544135106319666, 'hidden_continuous_size': 19, 'attention_head_size': 2, 'learning_rate': 0.06640640301595661}. Best is trial 82 with value: 11.582575798034668.
LOCAL_RANK: 0 - CUDA_VISIBLE_DEVICES: [0]
[I 2023-11-30 11:37:29,606] Trial 89 finished with value: 18.395586013793945 and parameters: {'gradient_clip_val': 0.10068650806390672, 'hidden_size': 95, 'dropout': 0.36229530790635267, 'hidden_continuous_size': 15, 'attention_head_size': 2, 'learning_rate': 0.07820310904029726}. Best is trial 82 with value: 11.582575798034668.
LOCAL_RANK: 0 - CUDA_VISIBLE_DEVICES: [0]
[I 2023-11-30 11:37:42,770] Trial 90 finished with value: 20.707876205444336 and parameters: {'gradient_clip_val': 0.1412726252593725, 'hidden_size': 104, 'dropout': 0.3757620703289452, 'hidden_continuous_size': 14, 'attention_head_size': 2, 'learning_rate': 0.0631338462763384}. Best is trial 82 with value: 11.582575798034668.
LOCAL_RANK: 0 - CUDA_VISIBLE_DEVICES: [0]
[I 2023-11-30 11:37:56,548] Trial 91 finished with value: 13.805198669433594 and parameters: {'gradient_clip_val': 0.1125248478619214, 'hidden_size': 113, 'dropout': 0.3461314624858951, 'hidden_continuous_size': 21, 'attention_head_size': 2, 'learning_rate': 0.058039405065856885}. Best is trial 82 with value: 11.582575798034668.
LOCAL_RANK: 0 - CUDA_VISIBLE_DEVICES: [0]
[I 2023-11-30 11:38:09,837] Trial 92 finished with value: 16.6431941986084 and parameters: {'gradient_clip_val': 0.12009204061131806, 'hidden_size': 96, 'dropout': 0.3345695339163056, 'hidden_continuous_size': 23, 'attention_head_size': 2, 'learning_rate': 0.07225747034603996}. Best is trial 82 with value: 11.582575798034668.
LOCAL_RANK: 0 - CUDA_VISIBLE_DEVICES: [0]
[I 2023-11-30 11:38:23,256] Trial 93 finished with value: 17.673152923583984 and parameters: {'gradient_clip_val': 0.15542677841052394, 'hidden_size': 102, 'dropout': 0.32288133458009144, 'hidden_continuous_size': 20, 'attention_head_size': 2, 'learning_rate': 0.09001263446824165}. Best is trial 82 with value: 11.582575798034668.
LOCAL_RANK: 0 - CUDA_VISIBLE_DEVICES: [0]
[I 2023-11-30 11:38:36,903] Trial 94 finished with value: 17.647607803344727 and parameters: {'gradient_clip_val': 0.1478233168962592, 'hidden_size': 124, 'dropout': 0.34038775689366324, 'hidden_continuous_size': 27, 'attention_head_size': 2, 'learning_rate': 0.05056934627743063}. Best is trial 82 with value: 11.582575798034668.
LOCAL_RANK: 0 - CUDA_VISIBLE_DEVICES: [0]
[I 2023-11-30 11:38:49,850] Trial 95 finished with value: 15.035029411315918 and parameters: {'gradient_clip_val': 0.1282591317845237, 'hidden_size': 76, 'dropout': 0.32869932656553474, 'hidden_continuous_size': 22, 'attention_head_size': 2, 'learning_rate': 0.08116229184216649}. Best is trial 82 with value: 11.582575798034668.
LOCAL_RANK: 0 - CUDA_VISIBLE_DEVICES: [0]
[I 2023-11-30 11:39:03,241] Trial 96 finished with value: 15.187652587890625 and parameters: {'gradient_clip_val': 0.13834874775019948, 'hidden_size': 88, 'dropout': 0.30958076633983006, 'hidden_continuous_size': 24, 'attention_head_size': 2, 'learning_rate': 0.06604580744777322}. Best is trial 82 with value: 11.582575798034668.
LOCAL_RANK: 0 - CUDA_VISIBLE_DEVICES: [0]
[I 2023-11-30 11:39:16,336] Trial 97 finished with value: 14.71893310546875 and parameters: {'gradient_clip_val': 0.11661794691452458, 'hidden_size': 80, 'dropout': 0.2979596910029598, 'hidden_continuous_size': 20, 'attention_head_size': 2, 'learning_rate': 0.04527472866969904}. Best is trial 82 with value: 11.582575798034668.
LOCAL_RANK: 0 - CUDA_VISIBLE_DEVICES: [0]
[I 2023-11-30 11:39:29,768] Trial 98 finished with value: 12.439501762390137 and parameters: {'gradient_clip_val': 0.1064853915545007, 'hidden_size': 112, 'dropout': 0.31898256219303245, 'hidden_continuous_size': 16, 'attention_head_size': 2, 'learning_rate': 0.09150132145453496}. Best is trial 82 with value: 11.582575798034668.
LOCAL_RANK: 0 - CUDA_VISIBLE_DEVICES: [0]
[I 2023-11-30 11:39:43,183] Trial 99 finished with value: 19.252683639526367 and parameters: {'gradient_clip_val': 0.10557653307395273, 'hidden_size': 115, 'dropout': 0.355377792591048, 'hidden_continuous_size': 16, 'attention_head_size': 1, 'learning_rate': 0.09635121918923431}. Best is trial 82 with value: 11.582575798034668.
LOCAL_RANK: 0 - CUDA_VISIBLE_DEVICES: [0]
[I 2023-11-30 11:39:57,058] Trial 100 finished with value: 21.02915382385254 and parameters: {'gradient_clip_val': 0.11195581571029842, 'hidden_size': 139, 'dropout': 0.33734559704458095, 'hidden_continuous_size': 15, 'attention_head_size': 3, 'learning_rate': 0.07770232369318733}. Best is trial 82 with value: 11.582575798034668.
LOCAL_RANK: 0 - CUDA_VISIBLE_DEVICES: [0]
[I 2023-11-30 11:40:10,907] Trial 101 finished with value: 15.285738945007324 and parameters: {'gradient_clip_val': 0.12178930294380874, 'hidden_size': 121, 'dropout': 0.34938040517596214, 'hidden_continuous_size': 17, 'attention_head_size': 2, 'learning_rate': 0.09985284868380478}. Best is trial 82 with value: 11.582575798034668.
LOCAL_RANK: 0 - CUDA_VISIBLE_DEVICES: [0]
[I 2023-11-30 11:40:24,152] Trial 102 finished with value: 20.22035789489746 and parameters: {'gradient_clip_val': 0.10610948645280883, 'hidden_size': 93, 'dropout': 0.31739390517530597, 'hidden_continuous_size': 18, 'attention_head_size': 2, 'learning_rate': 0.08604929376843377}. Best is trial 82 with value: 11.582575798034668.
LOCAL_RANK: 0 - CUDA_VISIBLE_DEVICES: [0]
[I 2023-11-30 11:40:37,713] Trial 103 finished with value: 21.361196517944336 and parameters: {'gradient_clip_val': 0.1850675146613402, 'hidden_size': 110, 'dropout': 0.33021824137597605, 'hidden_continuous_size': 19, 'attention_head_size': 2, 'learning_rate': 0.07245814932027393}. Best is trial 82 with value: 11.582575798034668.
LOCAL_RANK: 0 - CUDA_VISIBLE_DEVICES: [0]
[I 2023-11-30 11:40:50,878] Trial 104 finished with value: 11.279751777648926 and parameters: {'gradient_clip_val': 0.13561714439940556, 'hidden_size': 100, 'dropout': 0.3044290541220685, 'hidden_continuous_size': 21, 'attention_head_size': 2, 'learning_rate': 0.05622919095197935}. Best is trial 104 with value: 11.279751777648926.
LOCAL_RANK: 0 - CUDA_VISIBLE_DEVICES: [0]
[I 2023-11-30 11:41:04,307] Trial 105 finished with value: 20.98744773864746 and parameters: {'gradient_clip_val': 0.12677722970032745, 'hidden_size': 106, 'dropout': 0.307889894792641, 'hidden_continuous_size': 21, 'attention_head_size': 2, 'learning_rate': 0.05524494795095051}. Best is trial 104 with value: 11.279751777648926.
LOCAL_RANK: 0 - CUDA_VISIBLE_DEVICES: [0]
[I 2023-11-30 11:41:17,940] Trial 106 finished with value: 21.32526206970215 and parameters: {'gradient_clip_val': 0.11530891926198196, 'hidden_size': 126, 'dropout': 0.3194389294185299, 'hidden_continuous_size': 13, 'attention_head_size': 2, 'learning_rate': 0.08312947859787291}. Best is trial 104 with value: 11.279751777648926.
LOCAL_RANK: 0 - CUDA_VISIBLE_DEVICES: [0]
[I 2023-11-30 11:41:31,409] Trial 107 finished with value: 14.607335090637207 and parameters: {'gradient_clip_val': 0.1316551158294994, 'hidden_size': 82, 'dropout': 0.30259754370732006, 'hidden_continuous_size': 19, 'attention_head_size': 2, 'learning_rate': 0.06446720130408946}. Best is trial 104 with value: 11.279751777648926.
LOCAL_RANK: 0 - CUDA_VISIBLE_DEVICES: [0]
[I 2023-11-30 11:41:44,447] Trial 108 finished with value: 14.722622871398926 and parameters: {'gradient_clip_val': 0.10037010355529853, 'hidden_size': 100, 'dropout': 0.3257866239579441, 'hidden_continuous_size': 18, 'attention_head_size': 2, 'learning_rate': 0.07029905596473024}. Best is trial 104 with value: 11.279751777648926.
LOCAL_RANK: 0 - CUDA_VISIBLE_DEVICES: [0]
[I 2023-11-30 11:41:58,194] Trial 109 finished with value: 14.68186092376709 and parameters: {'gradient_clip_val': 0.1443705106206976, 'hidden_size': 135, 'dropout': 0.33504794301847496, 'hidden_continuous_size': 16, 'attention_head_size': 1, 'learning_rate': 0.09185780389717838}. Best is trial 104 with value: 11.279751777648926.
LOCAL_RANK: 0 - CUDA_VISIBLE_DEVICES: [0]
[I 2023-11-30 11:42:11,801] Trial 110 finished with value: 13.29046630859375 and parameters: {'gradient_clip_val': 0.1099261350570132, 'hidden_size': 118, 'dropout': 0.34576834809369705, 'hidden_continuous_size': 17, 'attention_head_size': 4, 'learning_rate': 0.07699312055687915}. Best is trial 104 with value: 11.279751777648926.
LOCAL_RANK: 0 - CUDA_VISIBLE_DEVICES: [0]
[I 2023-11-30 11:42:25,250] Trial 111 finished with value: 17.595165252685547 and parameters: {'gradient_clip_val': 0.13579597572744484, 'hidden_size': 94, 'dropout': 0.2952976156566703, 'hidden_continuous_size': 25, 'attention_head_size': 2, 'learning_rate': 0.05926545488087437}. Best is trial 104 with value: 11.279751777648926.
LOCAL_RANK: 0 - CUDA_VISIBLE_DEVICES: [0]
[I 2023-11-30 11:42:38,425] Trial 112 finished with value: 19.22057342529297 and parameters: {'gradient_clip_val': 0.1524830713250985, 'hidden_size': 74, 'dropout': 0.3108422075089005, 'hidden_continuous_size': 22, 'attention_head_size': 2, 'learning_rate': 0.0492796892921718}. Best is trial 104 with value: 11.279751777648926.
LOCAL_RANK: 0 - CUDA_VISIBLE_DEVICES: [0]
[I 2023-11-30 11:42:51,513] Trial 113 finished with value: 13.355277061462402 and parameters: {'gradient_clip_val': 0.15856459516875865, 'hidden_size': 89, 'dropout': 0.3190863607603139, 'hidden_continuous_size': 20, 'attention_head_size': 2, 'learning_rate': 0.06143521012629154}. Best is trial 104 with value: 11.279751777648926.
LOCAL_RANK: 0 - CUDA_VISIBLE_DEVICES: [0]
[I 2023-11-30 11:43:04,885] Trial 114 finished with value: 13.891037940979004 and parameters: {'gradient_clip_val': 0.12074375236036916, 'hidden_size': 99, 'dropout': 0.31342456464392465, 'hidden_continuous_size': 23, 'attention_head_size': 2, 'learning_rate': 0.08325825158949225}. Best is trial 104 with value: 11.279751777648926.
LOCAL_RANK: 0 - CUDA_VISIBLE_DEVICES: [0]
[I 2023-11-30 11:43:18,363] Trial 115 finished with value: 14.5211820602417 and parameters: {'gradient_clip_val': 0.170316556645158, 'hidden_size': 112, 'dropout': 0.3026652020980496, 'hidden_continuous_size': 21, 'attention_head_size': 2, 'learning_rate': 0.053891874676857625}. Best is trial 104 with value: 11.279751777648926.
LOCAL_RANK: 0 - CUDA_VISIBLE_DEVICES: [0]
[I 2023-11-30 11:43:31,683] Trial 116 finished with value: 15.959181785583496 and parameters: {'gradient_clip_val': 0.12713312224646733, 'hidden_size': 83, 'dropout': 0.3264793854776441, 'hidden_continuous_size': 24, 'attention_head_size': 2, 'learning_rate': 0.042700519393215064}. Best is trial 104 with value: 11.279751777648926.
LOCAL_RANK: 0 - CUDA_VISIBLE_DEVICES: [0]
[I 2023-11-30 11:43:44,882] Trial 117 finished with value: 12.048312187194824 and parameters: {'gradient_clip_val': 0.14303401282830608, 'hidden_size': 104, 'dropout': 0.35703690420506784, 'hidden_continuous_size': 22, 'attention_head_size': 2, 'learning_rate': 0.09068062263318695}. Best is trial 104 with value: 11.279751777648926.
LOCAL_RANK: 0 - CUDA_VISIBLE_DEVICES: [0]
