[I 2023-11-30 15:13:13,562] Trial 147 finished with value: 1097.00146484375 and parameters: {'gradient_clip_val': 0.2858095608297075, 'hidden_size': 102, 'dropout': 0.37286046821902225, 'hidden_continuous_size': 23, 'attention_head_size': 2, 'learning_rate': 0.09162052410265736}. Best is trial 72 with value: 704.312255859375.
LOCAL_RANK: 0 - CUDA_VISIBLE_DEVICES: [0]
[I 2023-11-30 15:13:26,776] Trial 148 finished with value: 799.4132690429688 and parameters: {'gradient_clip_val': 0.3444094985194509, 'hidden_size': 87, 'dropout': 0.34413120088561505, 'hidden_continuous_size': 20, 'attention_head_size': 2, 'learning_rate': 0.07806867271110028}. Best is trial 72 with value: 704.312255859375.
LOCAL_RANK: 0 - CUDA_VISIBLE_DEVICES: [0]
[I 2023-11-30 15:13:40,453] Trial 149 finished with value: 760.2698364257812 and parameters: {'gradient_clip_val': 0.2675860106617136, 'hidden_size': 119, 'dropout': 0.35404884930647035, 'hidden_continuous_size': 25, 'attention_head_size': 2, 'learning_rate': 0.06494462577792504}. Best is trial 72 with value: 704.312255859375.
[I 2023-11-30 15:13:40,582] A new study created in memory with name: no-name-68524bfc-7468-4970-91cb-f6e32a63c056
/home/le004/conda/anaconda3/envs/tsff_env/lib/python3.9/site-packages/lightning/fabric/plugins/environments/slurm.py:191: The `srun` command is available on your system but is not used. HINT: If your intention is to run Lightning on SLURM, prepend your python command with `srun` like so: srun python /home/le004/master_thesis/git/TSFusionForecast/code/ ...
LOCAL_RANK: 0 - CUDA_VISIBLE_DEVICES: [0]
[I 2023-11-30 15:13:52,825] Trial 0 finished with value: 1997.6773681640625 and parameters: {'gradient_clip_val': 0.19340922212245973, 'hidden_size': 27, 'dropout': 0.31021192770585837, 'hidden_continuous_size': 10, 'attention_head_size': 4, 'learning_rate': 0.025402882727487308}. Best is trial 0 with value: 1997.6773681640625.
LOCAL_RANK: 0 - CUDA_VISIBLE_DEVICES: [0]
[I 2023-11-30 15:14:02,933] Trial 1 finished with value: 2161.896728515625 and parameters: {'gradient_clip_val': 0.28113697765162327, 'hidden_size': 10, 'dropout': 0.209673280153602, 'hidden_continuous_size': 10, 'attention_head_size': 4, 'learning_rate': 0.011102949388829348}. Best is trial 0 with value: 1997.6773681640625.
LOCAL_RANK: 0 - CUDA_VISIBLE_DEVICES: [0]
[I 2023-11-30 15:14:14,883] Trial 2 finished with value: 2418.226806640625 and parameters: {'gradient_clip_val': 0.18040026784006238, 'hidden_size': 29, 'dropout': 0.1862993450030731, 'hidden_continuous_size': 12, 'attention_head_size': 1, 'learning_rate': 0.09173905710025565}. Best is trial 0 with value: 1997.6773681640625.
LOCAL_RANK: 0 - CUDA_VISIBLE_DEVICES: [0]
[I 2023-11-30 15:14:27,084] Trial 3 finished with value: 1747.4375 and parameters: {'gradient_clip_val': 0.1614859597950033, 'hidden_size': 21, 'dropout': 0.30002080428978, 'hidden_continuous_size': 19, 'attention_head_size': 3, 'learning_rate': 0.04205606562960327}. Best is trial 3 with value: 1747.4375.
LOCAL_RANK: 0 - CUDA_VISIBLE_DEVICES: [0]
[I 2023-11-30 15:14:38,855] Trial 4 finished with value: 2682.842041015625 and parameters: {'gradient_clip_val': 0.3070261757454352, 'hidden_size': 16, 'dropout': 0.3076889881214969, 'hidden_continuous_size': 11, 'attention_head_size': 4, 'learning_rate': 0.003307649973661635}. Best is trial 3 with value: 1747.4375.
LOCAL_RANK: 0 - CUDA_VISIBLE_DEVICES: [0]
[I 2023-11-30 15:14:50,867] Trial 5 finished with value: 2393.612548828125 and parameters: {'gradient_clip_val': 0.15438641591454222, 'hidden_size': 14, 'dropout': 0.29252377688848497, 'hidden_continuous_size': 11, 'attention_head_size': 4, 'learning_rate': 0.00829548027142388}. Best is trial 3 with value: 1747.4375.
LOCAL_RANK: 0 - CUDA_VISIBLE_DEVICES: [0]
[I 2023-11-30 15:15:03,238] Trial 6 finished with value: 1684.9232177734375 and parameters: {'gradient_clip_val': 0.16323178107937122, 'hidden_size': 18, 'dropout': 0.35431700333432303, 'hidden_continuous_size': 15, 'attention_head_size': 2, 'learning_rate': 0.026941719600008365}. Best is trial 6 with value: 1684.9232177734375.
LOCAL_RANK: 0 - CUDA_VISIBLE_DEVICES: [0]
[I 2023-11-30 15:15:18,174] Trial 7 finished with value: 2169.021240234375 and parameters: {'gradient_clip_val': 0.6545063740414481, 'hidden_size': 77, 'dropout': 0.19591341437903126, 'hidden_continuous_size': 74, 'attention_head_size': 4, 'learning_rate': 0.045319193867930076}. Best is trial 6 with value: 1684.9232177734375.
LOCAL_RANK: 0 - CUDA_VISIBLE_DEVICES: [0]
[I 2023-11-30 15:15:29,851] Trial 8 finished with value: 2320.798095703125 and parameters: {'gradient_clip_val': 0.6022241085366651, 'hidden_size': 28, 'dropout': 0.23619031064303048, 'hidden_continuous_size': 28, 'attention_head_size': 2, 'learning_rate': 0.0014324668186205818}. Best is trial 6 with value: 1684.9232177734375.
LOCAL_RANK: 0 - CUDA_VISIBLE_DEVICES: [0]
[I 2023-11-30 15:15:43,674] Trial 9 finished with value: 1517.3515625 and parameters: {'gradient_clip_val': 0.19865031362165061, 'hidden_size': 42, 'dropout': 0.18135854571163135, 'hidden_continuous_size': 23, 'attention_head_size': 1, 'learning_rate': 0.00801582775645917}. Best is trial 9 with value: 1517.3515625.
LOCAL_RANK: 0 - CUDA_VISIBLE_DEVICES: [0]
[I 2023-11-30 15:15:57,179] Trial 10 finished with value: 2951.506103515625 and parameters: {'gradient_clip_val': 0.10176249015581523, 'hidden_size': 56, 'dropout': 0.11266052460033749, 'hidden_continuous_size': 27, 'attention_head_size': 1, 'learning_rate': 0.0010632088290006886}. Best is trial 9 with value: 1517.3515625.
LOCAL_RANK: 0 - CUDA_VISIBLE_DEVICES: [0]
[I 2023-11-30 15:16:10,483] Trial 11 finished with value: 1694.3179931640625 and parameters: {'gradient_clip_val': 0.10368267520783213, 'hidden_size': 39, 'dropout': 0.373935303514958, 'hidden_continuous_size': 17, 'attention_head_size': 2, 'learning_rate': 0.01187058660329979}. Best is trial 9 with value: 1517.3515625.
LOCAL_RANK: 0 - CUDA_VISIBLE_DEVICES: [0]
[I 2023-11-30 15:16:23,701] Trial 12 finished with value: 2253.675537109375 and parameters: {'gradient_clip_val': 0.23967425480980464, 'hidden_size': 49, 'dropout': 0.39381772356958195, 'hidden_continuous_size': 15, 'attention_head_size': 2, 'learning_rate': 0.005390075227488028}. Best is trial 9 with value: 1517.3515625.
LOCAL_RANK: 0 - CUDA_VISIBLE_DEVICES: [0]
[I 2023-11-30 15:16:39,494] Trial 13 finished with value: 1250.66259765625 and parameters: {'gradient_clip_val': 0.4166326405053027, 'hidden_size': 129, 'dropout': 0.14970310397773903, 'hidden_continuous_size': 39, 'attention_head_size': 1, 'learning_rate': 0.025045247328720457}. Best is trial 13 with value: 1250.66259765625.
LOCAL_RANK: 0 - CUDA_VISIBLE_DEVICES: [0]
[I 2023-11-30 15:16:54,679] Trial 14 finished with value: 1918.84033203125 and parameters: {'gradient_clip_val': 0.3936668948905393, 'hidden_size': 134, 'dropout': 0.14302518964095534, 'hidden_continuous_size': 49, 'attention_head_size': 1, 'learning_rate': 0.017683059484698442}. Best is trial 13 with value: 1250.66259765625.
LOCAL_RANK: 0 - CUDA_VISIBLE_DEVICES: [0]
[I 2023-11-30 15:17:09,111] Trial 15 finished with value: 1721.83447265625 and parameters: {'gradient_clip_val': 0.3928089269652648, 'hidden_size': 132, 'dropout': 0.1565924593947122, 'hidden_continuous_size': 43, 'attention_head_size': 1, 'learning_rate': 0.005214594726639933}. Best is trial 13 with value: 1250.66259765625.
LOCAL_RANK: 0 - CUDA_VISIBLE_DEVICES: [0]
[I 2023-11-30 15:17:23,362] Trial 16 finished with value: 1954.6007080078125 and parameters: {'gradient_clip_val': 0.8835248362513662, 'hidden_size': 86, 'dropout': 0.1054890393359812, 'hidden_continuous_size': 23, 'attention_head_size': 3, 'learning_rate': 0.016226648561003584}. Best is trial 13 with value: 1250.66259765625.
LOCAL_RANK: 0 - CUDA_VISIBLE_DEVICES: [0]
[I 2023-11-30 15:17:38,220] Trial 17 finished with value: 1674.2313232421875 and parameters: {'gradient_clip_val': 0.4194263703696873, 'hidden_size': 81, 'dropout': 0.1597440299726567, 'hidden_continuous_size': 34, 'attention_head_size': 1, 'learning_rate': 0.006850114348588164}. Best is trial 13 with value: 1250.66259765625.
LOCAL_RANK: 0 - CUDA_VISIBLE_DEVICES: [0]
[I 2023-11-30 15:17:53,062] Trial 18 finished with value: 1588.04736328125 and parameters: {'gradient_clip_val': 0.23739833172994745, 'hidden_size': 104, 'dropout': 0.23353298146839235, 'hidden_continuous_size': 36, 'attention_head_size': 1, 'learning_rate': 0.003183627066692069}. Best is trial 13 with value: 1250.66259765625.
LOCAL_RANK: 0 - CUDA_VISIBLE_DEVICES: [0]
[I 2023-11-30 15:18:07,624] Trial 19 finished with value: 1826.0078125 and parameters: {'gradient_clip_val': 0.46408116635359503, 'hidden_size': 58, 'dropout': 0.13162594392764893, 'hidden_continuous_size': 20, 'attention_head_size': 3, 'learning_rate': 0.013230335902769392}. Best is trial 13 with value: 1250.66259765625.
LOCAL_RANK: 0 - CUDA_VISIBLE_DEVICES: [0]
[I 2023-11-30 15:18:21,041] Trial 20 finished with value: 1655.9544677734375 and parameters: {'gradient_clip_val': 0.34130762206882886, 'hidden_size': 41, 'dropout': 0.16651762248848268, 'hidden_continuous_size': 23, 'attention_head_size': 2, 'learning_rate': 0.009482846608661546}. Best is trial 13 with value: 1250.66259765625.
LOCAL_RANK: 0 - CUDA_VISIBLE_DEVICES: [0]
[I 2023-11-30 15:18:35,822] Trial 21 finished with value: 1476.9293212890625 and parameters: {'gradient_clip_val': 0.2386037540191536, 'hidden_size': 146, 'dropout': 0.22958182645934408, 'hidden_continuous_size': 53, 'attention_head_size': 1, 'learning_rate': 0.0031004215542384506}. Best is trial 13 with value: 1250.66259765625.
LOCAL_RANK: 0 - CUDA_VISIBLE_DEVICES: [0]
[I 2023-11-30 15:18:51,307] Trial 22 finished with value: 1722.681640625 and parameters: {'gradient_clip_val': 0.26905696614448377, 'hidden_size': 146, 'dropout': 0.20782664384526428, 'hidden_continuous_size': 56, 'attention_head_size': 1, 'learning_rate': 0.0026103142743417094}. Best is trial 13 with value: 1250.66259765625.
LOCAL_RANK: 0 - CUDA_VISIBLE_DEVICES: [0]
[I 2023-11-30 15:19:06,279] Trial 23 finished with value: 1747.5482177734375 and parameters: {'gradient_clip_val': 0.21897244266989135, 'hidden_size': 112, 'dropout': 0.17815064780588732, 'hidden_continuous_size': 100, 'attention_head_size': 1, 'learning_rate': 0.005087356697019948}. Best is trial 13 with value: 1250.66259765625.
LOCAL_RANK: 0 - CUDA_VISIBLE_DEVICES: [0]
[I 2023-11-30 15:19:21,701] Trial 24 finished with value: 1341.7322998046875 and parameters: {'gradient_clip_val': 0.2631650925774078, 'hidden_size': 150, 'dropout': 0.2598266325015355, 'hidden_continuous_size': 66, 'attention_head_size': 2, 'learning_rate': 0.0020605011033581794}. Best is trial 13 with value: 1250.66259765625.
LOCAL_RANK: 0 - CUDA_VISIBLE_DEVICES: [0]
[I 2023-11-30 15:19:36,875] Trial 25 finished with value: 1538.3331298828125 and parameters: {'gradient_clip_val': 0.29860497459579455, 'hidden_size': 145, 'dropout': 0.2693171448299898, 'hidden_continuous_size': 62, 'attention_head_size': 2, 'learning_rate': 0.0022013161159881896}. Best is trial 13 with value: 1250.66259765625.
LOCAL_RANK: 0 - CUDA_VISIBLE_DEVICES: [0]
[I 2023-11-30 15:19:51,992] Trial 26 finished with value: 2029.1324462890625 and parameters: {'gradient_clip_val': 0.31822328682214823, 'hidden_size': 110, 'dropout': 0.2541146662985792, 'hidden_continuous_size': 42, 'attention_head_size': 2, 'learning_rate': 0.0016583522845918248}. Best is trial 13 with value: 1250.66259765625.
LOCAL_RANK: 0 - CUDA_VISIBLE_DEVICES: [0]
[I 2023-11-30 15:20:06,472] Trial 27 finished with value: 1781.15625 and parameters: {'gradient_clip_val': 0.3521846655290093, 'hidden_size': 98, 'dropout': 0.22081884376179223, 'hidden_continuous_size': 64, 'attention_head_size': 3, 'learning_rate': 0.0039369077123488656}. Best is trial 13 with value: 1250.66259765625.
LOCAL_RANK: 0 - CUDA_VISIBLE_DEVICES: [0]
[I 2023-11-30 15:20:21,288] Trial 28 finished with value: 1566.9261474609375 and parameters: {'gradient_clip_val': 0.26624448667967593, 'hidden_size': 116, 'dropout': 0.2529633095479883, 'hidden_continuous_size': 76, 'attention_head_size': 2, 'learning_rate': 0.0021624428007764704}. Best is trial 13 with value: 1250.66259765625.
LOCAL_RANK: 0 - CUDA_VISIBLE_DEVICES: [0]
[I 2023-11-30 15:20:36,694] Trial 29 finished with value: 1748.2584228515625 and parameters: {'gradient_clip_val': 0.4743211181845203, 'hidden_size': 149, 'dropout': 0.2744461534752865, 'hidden_continuous_size': 144, 'attention_head_size': 1, 'learning_rate': 0.0011463683113919845}. Best is trial 13 with value: 1250.66259765625.
LOCAL_RANK: 0 - CUDA_VISIBLE_DEVICES: [0]
[I 2023-11-30 15:20:51,300] Trial 30 finished with value: 1909.7322998046875 and parameters: {'gradient_clip_val': 0.21829042826559422, 'hidden_size': 71, 'dropout': 0.326530889364724, 'hidden_continuous_size': 37, 'attention_head_size': 1, 'learning_rate': 0.0018097478855095698}. Best is trial 13 with value: 1250.66259765625.
LOCAL_RANK: 0 - CUDA_VISIBLE_DEVICES: [0]
[I 2023-11-30 15:21:06,056] Trial 31 finished with value: 1587.6788330078125 and parameters: {'gradient_clip_val': 0.18599702343909683, 'hidden_size': 91, 'dropout': 0.19309236652246783, 'hidden_continuous_size': 31, 'attention_head_size': 1, 'learning_rate': 0.004108926536132321}. Best is trial 13 with value: 1250.66259765625.
LOCAL_RANK: 0 - CUDA_VISIBLE_DEVICES: [0]
[I 2023-11-30 15:21:20,958] Trial 32 finished with value: 1715.9173583984375 and parameters: {'gradient_clip_val': 0.20430057033004198, 'hidden_size': 123, 'dropout': 0.21858959395450028, 'hidden_continuous_size': 46, 'attention_head_size': 1, 'learning_rate': 0.007970137394078222}. Best is trial 13 with value: 1250.66259765625.
LOCAL_RANK: 0 - CUDA_VISIBLE_DEVICES: [0]
[I 2023-11-30 15:21:35,603] Trial 33 finished with value: 1631.7630615234375 and parameters: {'gradient_clip_val': 0.25982795625539085, 'hidden_size': 94, 'dropout': 0.17863560109801938, 'hidden_continuous_size': 51, 'attention_head_size': 1, 'learning_rate': 0.0027751444938821914}. Best is trial 13 with value: 1250.66259765625.
LOCAL_RANK: 0 - CUDA_VISIBLE_DEVICES: [0]
[I 2023-11-30 15:21:50,222] Trial 34 finished with value: 1802.212890625 and parameters: {'gradient_clip_val': 0.2985488332129002, 'hidden_size': 121, 'dropout': 0.20132138254168436, 'hidden_continuous_size': 40, 'attention_head_size': 1, 'learning_rate': 0.0068479302310169455}. Best is trial 13 with value: 1250.66259765625.
LOCAL_RANK: 0 - CUDA_VISIBLE_DEVICES: [0]
[I 2023-11-30 15:22:04,641] Trial 35 finished with value: 1724.4613037109375 and parameters: {'gradient_clip_val': 0.2511787786665638, 'hidden_size': 66, 'dropout': 0.23749401354567817, 'hidden_continuous_size': 40, 'attention_head_size': 2, 'learning_rate': 0.0035688553051890486}. Best is trial 13 with value: 1250.66259765625.
LOCAL_RANK: 0 - CUDA_VISIBLE_DEVICES: [0]
[I 2023-11-30 15:22:17,015] Trial 36 finished with value: 1922.3355712890625 and parameters: {'gradient_clip_val': 0.20150468517266074, 'hidden_size': 35, 'dropout': 0.1833541471785545, 'hidden_continuous_size': 25, 'attention_head_size': 1, 'learning_rate': 0.009830462395960807}. Best is trial 13 with value: 1250.66259765625.
LOCAL_RANK: 0 - CUDA_VISIBLE_DEVICES: [0]
[I 2023-11-30 15:22:30,574] Trial 37 finished with value: 1877.1864013671875 and parameters: {'gradient_clip_val': 0.33626134092092713, 'hidden_size': 97, 'dropout': 0.21661104636870587, 'hidden_continuous_size': 30, 'attention_head_size': 3, 'learning_rate': 0.002034611804179791}. Best is trial 13 with value: 1250.66259765625.
LOCAL_RANK: 0 - CUDA_VISIBLE_DEVICES: [0]
[I 2023-11-30 15:22:44,620] Trial 38 finished with value: 1590.98876953125 and parameters: {'gradient_clip_val': 0.1788216054336322, 'hidden_size': 127, 'dropout': 0.14127833064055126, 'hidden_continuous_size': 51, 'attention_head_size': 2, 'learning_rate': 0.002691495353756118}. Best is trial 13 with value: 1250.66259765625.
LOCAL_RANK: 0 - CUDA_VISIBLE_DEVICES: [0]
[I 2023-11-30 15:22:56,538] Trial 39 finished with value: 3349.481689453125 and parameters: {'gradient_clip_val': 0.14032598385797268, 'hidden_size': 23, 'dropout': 0.20240019722755473, 'hidden_continuous_size': 14, 'attention_head_size': 1, 'learning_rate': 0.0014499667052250821}. Best is trial 13 with value: 1250.66259765625.
LOCAL_RANK: 0 - CUDA_VISIBLE_DEVICES: [0]
[I 2023-11-30 15:23:09,774] Trial 40 finished with value: 1943.9427490234375 and parameters: {'gradient_clip_val': 0.2275959697937905, 'hidden_size': 84, 'dropout': 0.28782114557542343, 'hidden_continuous_size': 33, 'attention_head_size': 2, 'learning_rate': 0.02710741729698322}. Best is trial 13 with value: 1250.66259765625.
LOCAL_RANK: 0 - CUDA_VISIBLE_DEVICES: [0]
[I 2023-11-30 15:23:23,914] Trial 41 finished with value: 1716.2469482421875 and parameters: {'gradient_clip_val': 0.292977594195121, 'hidden_size': 141, 'dropout': 0.27646252665088533, 'hidden_continuous_size': 57, 'attention_head_size': 2, 'learning_rate': 0.002571574725655379}. Best is trial 13 with value: 1250.66259765625.
LOCAL_RANK: 0 - CUDA_VISIBLE_DEVICES: [0]
[I 2023-11-30 15:23:39,418] Trial 42 finished with value: 1424.8778076171875 and parameters: {'gradient_clip_val': 0.2883417788562366, 'hidden_size': 146, 'dropout': 0.2545794393388543, 'hidden_continuous_size': 64, 'attention_head_size': 2, 'learning_rate': 0.0013616794878172438}. Best is trial 13 with value: 1250.66259765625.
LOCAL_RANK: 0 - CUDA_VISIBLE_DEVICES: [0]
[I 2023-11-30 15:23:53,969] Trial 43 finished with value: 1778.1363525390625 and parameters: {'gradient_clip_val': 0.27553711596380165, 'hidden_size': 106, 'dropout': 0.25904616607628456, 'hidden_continuous_size': 45, 'attention_head_size': 2, 'learning_rate': 0.001639780222773229}. Best is trial 13 with value: 1250.66259765625.
LOCAL_RANK: 0 - CUDA_VISIBLE_DEVICES: [0]
[I 2023-11-30 15:24:08,796] Trial 44 finished with value: 1895.138671875 and parameters: {'gradient_clip_val': 0.24489866522886722, 'hidden_size': 118, 'dropout': 0.24073337237882975, 'hidden_continuous_size': 70, 'attention_head_size': 3, 'learning_rate': 0.0012380643987068504}. Best is trial 13 with value: 1250.66259765625.
LOCAL_RANK: 0 - CUDA_VISIBLE_DEVICES: [0]
[I 2023-11-30 15:24:23,214] Trial 45 finished with value: 1600.2945556640625 and parameters: {'gradient_clip_val': 0.20632357581360677, 'hidden_size': 132, 'dropout': 0.22561445610624387, 'hidden_continuous_size': 80, 'attention_head_size': 1, 'learning_rate': 0.0013251351299172777}. Best is trial 13 with value: 1250.66259765625.
LOCAL_RANK: 0 - CUDA_VISIBLE_DEVICES: [0]
[I 2023-11-30 15:24:37,925] Trial 46 finished with value: 2160.49658203125 and parameters: {'gradient_clip_val': 0.27368573451398476, 'hidden_size': 77, 'dropout': 0.23861544066545493, 'hidden_continuous_size': 47, 'attention_head_size': 4, 'learning_rate': 0.001107123515109441}. Best is trial 13 with value: 1250.66259765625.
LOCAL_RANK: 0 - CUDA_VISIBLE_DEVICES: [0]
[I 2023-11-30 15:24:52,734] Trial 47 finished with value: 1559.2822265625 and parameters: {'gradient_clip_val': 0.3203223850394242, 'hidden_size': 130, 'dropout': 0.30539296667878096, 'hidden_continuous_size': 55, 'attention_head_size': 2, 'learning_rate': 0.0017901634895967817}. Best is trial 13 with value: 1250.66259765625.
LOCAL_RANK: 0 - CUDA_VISIBLE_DEVICES: [0]
[I 2023-11-30 15:25:08,606] Trial 48 finished with value: 2114.697998046875 and parameters: {'gradient_clip_val': 0.17479251489361994, 'hidden_size': 148, 'dropout': 0.21466168491723853, 'hidden_continuous_size': 37, 'attention_head_size': 1, 'learning_rate': 0.082357457262398}. Best is trial 13 with value: 1250.66259765625.
LOCAL_RANK: 0 - CUDA_VISIBLE_DEVICES: [0]
[I 2023-11-30 15:25:23,369] Trial 49 finished with value: 1691.6226806640625 and parameters: {'gradient_clip_val': 0.3728693929334039, 'hidden_size': 104, 'dropout': 0.19471203025368636, 'hidden_continuous_size': 29, 'attention_head_size': 2, 'learning_rate': 0.004323983579287059}. Best is trial 13 with value: 1250.66259765625.
LOCAL_RANK: 0 - CUDA_VISIBLE_DEVICES: [0]
[I 2023-11-30 15:25:37,969] Trial 50 finished with value: 1566.2225341796875 and parameters: {'gradient_clip_val': 0.2230507407408621, 'hidden_size': 89, 'dropout': 0.16948702331195026, 'hidden_continuous_size': 44, 'attention_head_size': 1, 'learning_rate': 0.0031653261058150364}. Best is trial 13 with value: 1250.66259765625.
LOCAL_RANK: 0 - CUDA_VISIBLE_DEVICES: [0]
[I 2023-11-30 15:25:53,061] Trial 51 finished with value: 1402.765625 and parameters: {'gradient_clip_val': 0.2996266611513461, 'hidden_size': 133, 'dropout': 0.2694657873555408, 'hidden_continuous_size': 62, 'attention_head_size': 2, 'learning_rate': 0.002205186421558113}. Best is trial 13 with value: 1250.66259765625.
LOCAL_RANK: 0 - CUDA_VISIBLE_DEVICES: [0]
[I 2023-11-30 15:26:07,619] Trial 52 finished with value: 2123.390869140625 and parameters: {'gradient_clip_val': 0.3008388348685735, 'hidden_size': 118, 'dropout': 0.26350649074984717, 'hidden_continuous_size': 63, 'attention_head_size': 2, 'learning_rate': 0.001462218349373722}. Best is trial 13 with value: 1250.66259765625.
LOCAL_RANK: 0 - CUDA_VISIBLE_DEVICES: [0]
[I 2023-11-30 15:26:22,575] Trial 53 finished with value: 1490.7724609375 and parameters: {'gradient_clip_val': 0.24642907036151948, 'hidden_size': 132, 'dropout': 0.24408231338247321, 'hidden_continuous_size': 51, 'attention_head_size': 3, 'learning_rate': 0.002029856911742157}. Best is trial 13 with value: 1250.66259765625.
LOCAL_RANK: 0 - CUDA_VISIBLE_DEVICES: [0]
[I 2023-11-30 15:26:38,300] Trial 54 finished with value: 1495.1495361328125 and parameters: {'gradient_clip_val': 0.250032687773969, 'hidden_size': 150, 'dropout': 0.24649097284798735, 'hidden_continuous_size': 54, 'attention_head_size': 3, 'learning_rate': 0.0021042627799608463}. Best is trial 13 with value: 1250.66259765625.
LOCAL_RANK: 0 - CUDA_VISIBLE_DEVICES: [0]
