[I 2023-11-30 12:29:04,361] Trial 1 finished with value: 657.8718872070312 and parameters: {'gradient_clip_val': 0.1327462600385318, 'hidden_size': 14, 'dropout': 0.2805834760554727, 'hidden_continuous_size': 12, 'attention_head_size': 2, 'learning_rate': 0.002621923334995251}. Best is trial 0 with value: 238.6664276123047.
LOCAL_RANK: 0 - CUDA_VISIBLE_DEVICES: [0]
[I 2023-11-30 12:29:16,551] Trial 2 finished with value: 185.6112518310547 and parameters: {'gradient_clip_val': 0.30365635489467824, 'hidden_size': 13, 'dropout': 0.14926575853226015, 'hidden_continuous_size': 11, 'attention_head_size': 4, 'learning_rate': 0.02410514656075289}. Best is trial 2 with value: 185.6112518310547.
LOCAL_RANK: 0 - CUDA_VISIBLE_DEVICES: [0]
[I 2023-11-30 12:29:29,337] Trial 3 finished with value: 203.5836639404297 and parameters: {'gradient_clip_val': 0.16060316785464335, 'hidden_size': 45, 'dropout': 0.13600128765140337, 'hidden_continuous_size': 22, 'attention_head_size': 1, 'learning_rate': 0.01423778316234809}. Best is trial 2 with value: 185.6112518310547.
LOCAL_RANK: 0 - CUDA_VISIBLE_DEVICES: [0]
[I 2023-11-30 12:29:43,138] Trial 4 finished with value: 232.9346923828125 and parameters: {'gradient_clip_val': 0.9738856113652572, 'hidden_size': 122, 'dropout': 0.2615182004700555, 'hidden_continuous_size': 16, 'attention_head_size': 3, 'learning_rate': 0.037794725320080054}. Best is trial 2 with value: 185.6112518310547.
LOCAL_RANK: 0 - CUDA_VISIBLE_DEVICES: [0]
[I 2023-11-30 12:29:55,133] Trial 5 finished with value: 178.4910430908203 and parameters: {'gradient_clip_val': 0.4382277730148721, 'hidden_size': 22, 'dropout': 0.11898668872507695, 'hidden_continuous_size': 15, 'attention_head_size': 1, 'learning_rate': 0.05227889600827652}. Best is trial 5 with value: 178.4910430908203.
LOCAL_RANK: 0 - CUDA_VISIBLE_DEVICES: [0]
[I 2023-11-30 12:30:07,878] Trial 6 finished with value: 185.41481018066406 and parameters: {'gradient_clip_val': 0.23191957303179764, 'hidden_size': 39, 'dropout': 0.146752906994239, 'hidden_continuous_size': 29, 'attention_head_size': 1, 'learning_rate': 0.004472691356440158}. Best is trial 5 with value: 178.4910430908203.
LOCAL_RANK: 0 - CUDA_VISIBLE_DEVICES: [0]
[I 2023-11-30 12:30:20,767] Trial 7 finished with value: 155.8809051513672 and parameters: {'gradient_clip_val': 0.7809888204118045, 'hidden_size': 35, 'dropout': 0.1895917905248568, 'hidden_continuous_size': 26, 'attention_head_size': 2, 'learning_rate': 0.028156668628566823}. Best is trial 7 with value: 155.8809051513672.
LOCAL_RANK: 0 - CUDA_VISIBLE_DEVICES: [0]
[I 2023-11-30 12:30:34,083] Trial 8 finished with value: 429.5255432128906 and parameters: {'gradient_clip_val': 0.10399007302374182, 'hidden_size': 62, 'dropout': 0.18001322389624558, 'hidden_continuous_size': 30, 'attention_head_size': 2, 'learning_rate': 0.0015685593955742905}. Best is trial 7 with value: 155.8809051513672.
LOCAL_RANK: 0 - CUDA_VISIBLE_DEVICES: [0]
[I 2023-11-30 12:30:46,234] Trial 9 finished with value: 273.3132019042969 and parameters: {'gradient_clip_val': 0.33174064909757306, 'hidden_size': 18, 'dropout': 0.29726007602376475, 'hidden_continuous_size': 15, 'attention_head_size': 2, 'learning_rate': 0.02148802381903477}. Best is trial 7 with value: 155.8809051513672.
LOCAL_RANK: 0 - CUDA_VISIBLE_DEVICES: [0]
[I 2023-11-30 12:30:58,408] Trial 10 finished with value: 574.6808471679688 and parameters: {'gradient_clip_val': 0.5774604495375928, 'hidden_size': 11, 'dropout': 0.370804933001341, 'hidden_continuous_size': 10, 'attention_head_size': 3, 'learning_rate': 0.007456691957339191}. Best is trial 7 with value: 155.8809051513672.
LOCAL_RANK: 0 - CUDA_VISIBLE_DEVICES: [0]
[I 2023-11-30 12:31:10,320] Trial 11 finished with value: 158.73866271972656 and parameters: {'gradient_clip_val': 0.5661935800522705, 'hidden_size': 24, 'dropout': 0.21726876719928814, 'hidden_continuous_size': 15, 'attention_head_size': 1, 'learning_rate': 0.05849417032939775}. Best is trial 7 with value: 155.8809051513672.
LOCAL_RANK: 0 - CUDA_VISIBLE_DEVICES: [0]
[I 2023-11-30 12:31:22,738] Trial 12 finished with value: 182.42742919921875 and parameters: {'gradient_clip_val': 0.6361737313841421, 'hidden_size': 25, 'dropout': 0.21814033181877515, 'hidden_continuous_size': 17, 'attention_head_size': 1, 'learning_rate': 0.09419708862330849}. Best is trial 7 with value: 155.8809051513672.
LOCAL_RANK: 0 - CUDA_VISIBLE_DEVICES: [0]
[I 2023-11-30 12:31:34,958] Trial 13 finished with value: 153.44967651367188 and parameters: {'gradient_clip_val': 0.661984840145889, 'hidden_size': 25, 'dropout': 0.21720458462834494, 'hidden_continuous_size': 13, 'attention_head_size': 3, 'learning_rate': 0.04415714044681275}. Best is trial 13 with value: 153.44967651367188.
LOCAL_RANK: 0 - CUDA_VISIBLE_DEVICES: [0]
[I 2023-11-30 12:31:48,514] Trial 14 finished with value: 167.6355438232422 and parameters: {'gradient_clip_val': 0.7783212067500399, 'hidden_size': 61, 'dropout': 0.21127195889688355, 'hidden_continuous_size': 44, 'attention_head_size': 4, 'learning_rate': 0.030079000287841186}. Best is trial 13 with value: 153.44967651367188.
LOCAL_RANK: 0 - CUDA_VISIBLE_DEVICES: [0]
[I 2023-11-30 12:31:58,817] Trial 15 finished with value: 357.2616271972656 and parameters: {'gradient_clip_val': 0.9389242228324001, 'hidden_size': 10, 'dropout': 0.18740186641313392, 'hidden_continuous_size': 10, 'attention_head_size': 3, 'learning_rate': 0.013949637901584698}. Best is trial 13 with value: 153.44967651367188.
LOCAL_RANK: 0 - CUDA_VISIBLE_DEVICES: [0]
[I 2023-11-30 12:32:11,217] Trial 16 finished with value: 167.6798858642578 and parameters: {'gradient_clip_val': 0.4485576080328769, 'hidden_size': 29, 'dropout': 0.23834305120527863, 'hidden_continuous_size': 13, 'attention_head_size': 3, 'learning_rate': 0.043790074638790935}. Best is trial 13 with value: 153.44967651367188.
LOCAL_RANK: 0 - CUDA_VISIBLE_DEVICES: [0]
[I 2023-11-30 12:32:23,498] Trial 17 finished with value: 181.848388671875 and parameters: {'gradient_clip_val': 0.7380258764530956, 'hidden_size': 16, 'dropout': 0.10089971587243997, 'hidden_continuous_size': 10, 'attention_head_size': 4, 'learning_rate': 0.0203291962485056}. Best is trial 13 with value: 153.44967651367188.
LOCAL_RANK: 0 - CUDA_VISIBLE_DEVICES: [0]
[I 2023-11-30 12:32:35,670] Trial 18 finished with value: 282.9089050292969 and parameters: {'gradient_clip_val': 0.6757690668939381, 'hidden_size': 18, 'dropout': 0.177780312934378, 'hidden_continuous_size': 11, 'attention_head_size': 3, 'learning_rate': 0.008577810299501727}. Best is trial 13 with value: 153.44967651367188.
LOCAL_RANK: 0 - CUDA_VISIBLE_DEVICES: [0]
[I 2023-11-30 12:32:48,067] Trial 19 finished with value: 162.4104461669922 and parameters: {'gradient_clip_val': 0.4970831080181695, 'hidden_size': 31, 'dropout': 0.2513558636427814, 'hidden_continuous_size': 13, 'attention_head_size': 2, 'learning_rate': 0.03413943763416226}. Best is trial 13 with value: 153.44967651367188.
LOCAL_RANK: 0 - CUDA_VISIBLE_DEVICES: [0]
[I 2023-11-30 12:33:00,911] Trial 20 finished with value: 179.24627685546875 and parameters: {'gradient_clip_val': 0.7718248682093057, 'hidden_size': 45, 'dropout': 0.3101848753472379, 'hidden_continuous_size': 18, 'attention_head_size': 3, 'learning_rate': 0.061175697399627076}. Best is trial 13 with value: 153.44967651367188.
LOCAL_RANK: 0 - CUDA_VISIBLE_DEVICES: [0]
[I 2023-11-30 12:33:13,043] Trial 21 finished with value: 168.05377197265625 and parameters: {'gradient_clip_val': 0.579752807010987, 'hidden_size': 23, 'dropout': 0.21328638700184627, 'hidden_continuous_size': 13, 'attention_head_size': 1, 'learning_rate': 0.05962123529872878}. Best is trial 13 with value: 153.44967651367188.
LOCAL_RANK: 0 - CUDA_VISIBLE_DEVICES: [0]
[I 2023-11-30 12:33:25,456] Trial 22 finished with value: 151.0640106201172 and parameters: {'gradient_clip_val': 0.9769481919280323, 'hidden_size': 22, 'dropout': 0.1965357798177039, 'hidden_continuous_size': 14, 'attention_head_size': 2, 'learning_rate': 0.06609651396351797}. Best is trial 22 with value: 151.0640106201172.
LOCAL_RANK: 0 - CUDA_VISIBLE_DEVICES: [0]
[I 2023-11-30 12:33:37,514] Trial 23 finished with value: 136.40174865722656 and parameters: {'gradient_clip_val': 0.9786638233868701, 'hidden_size': 18, 'dropout': 0.16697176351122758, 'hidden_continuous_size': 12, 'attention_head_size': 2, 'learning_rate': 0.03073642305086704}. Best is trial 23 with value: 136.40174865722656.
LOCAL_RANK: 0 - CUDA_VISIBLE_DEVICES: [0]
[I 2023-11-30 12:33:49,721] Trial 24 finished with value: 138.8820037841797 and parameters: {'gradient_clip_val': 0.9585177580565711, 'hidden_size': 19, 'dropout': 0.1706899588478218, 'hidden_continuous_size': 12, 'attention_head_size': 2, 'learning_rate': 0.07936155062100662}. Best is trial 23 with value: 136.40174865722656.
LOCAL_RANK: 0 - CUDA_VISIBLE_DEVICES: [0]
[I 2023-11-30 12:34:01,713] Trial 25 finished with value: 165.16461181640625 and parameters: {'gradient_clip_val': 0.9567641985680171, 'hidden_size': 18, 'dropout': 0.1612117475501908, 'hidden_continuous_size': 12, 'attention_head_size': 2, 'learning_rate': 0.09890010200164383}. Best is trial 23 with value: 136.40174865722656.
LOCAL_RANK: 0 - CUDA_VISIBLE_DEVICES: [0]
[I 2023-11-30 12:34:13,870] Trial 26 finished with value: 170.5821990966797 and parameters: {'gradient_clip_val': 0.97831065679236, 'hidden_size': 13, 'dropout': 0.16394812226002314, 'hidden_continuous_size': 11, 'attention_head_size': 2, 'learning_rate': 0.07117533416142696}. Best is trial 23 with value: 136.40174865722656.
LOCAL_RANK: 0 - CUDA_VISIBLE_DEVICES: [0]
[I 2023-11-30 12:34:26,089] Trial 27 finished with value: 164.69711303710938 and parameters: {'gradient_clip_val': 0.8106126963540695, 'hidden_size': 20, 'dropout': 0.1615653119590839, 'hidden_continuous_size': 12, 'attention_head_size': 2, 'learning_rate': 0.04016806928731532}. Best is trial 23 with value: 136.40174865722656.
LOCAL_RANK: 0 - CUDA_VISIBLE_DEVICES: [0]
[I 2023-11-30 12:34:38,244] Trial 28 finished with value: 197.1233673095703 and parameters: {'gradient_clip_val': 0.8427743146523431, 'hidden_size': 15, 'dropout': 0.19017583392000387, 'hidden_continuous_size': 11, 'attention_head_size': 2, 'learning_rate': 0.07331244223318446}. Best is trial 23 with value: 136.40174865722656.
LOCAL_RANK: 0 - CUDA_VISIBLE_DEVICES: [0]
[I 2023-11-30 12:34:50,127] Trial 29 finished with value: 179.23951721191406 and parameters: {'gradient_clip_val': 0.8750282926894429, 'hidden_size': 12, 'dropout': 0.11993562383879117, 'hidden_continuous_size': 10, 'attention_head_size': 2, 'learning_rate': 0.09868535110093406}. Best is trial 23 with value: 136.40174865722656.
LOCAL_RANK: 0 - CUDA_VISIBLE_DEVICES: [0]
[I 2023-11-30 12:35:01,976] Trial 30 finished with value: 192.15472412109375 and parameters: {'gradient_clip_val': 0.9769538676546844, 'hidden_size': 16, 'dropout': 0.13382160589938005, 'hidden_continuous_size': 12, 'attention_head_size': 1, 'learning_rate': 0.0716121188277048}. Best is trial 23 with value: 136.40174865722656.
LOCAL_RANK: 0 - CUDA_VISIBLE_DEVICES: [0]
[I 2023-11-30 12:35:14,305] Trial 31 finished with value: 147.772216796875 and parameters: {'gradient_clip_val': 0.6758827594047622, 'hidden_size': 27, 'dropout': 0.1995005527718767, 'hidden_continuous_size': 14, 'attention_head_size': 3, 'learning_rate': 0.04485095773196382}. Best is trial 23 with value: 136.40174865722656.
LOCAL_RANK: 0 - CUDA_VISIBLE_DEVICES: [0]
[I 2023-11-30 12:35:26,773] Trial 32 finished with value: 177.71592712402344 and parameters: {'gradient_clip_val': 0.711755418266527, 'hidden_size': 28, 'dropout': 0.17031202706351262, 'hidden_continuous_size': 14, 'attention_head_size': 3, 'learning_rate': 0.051619809129768435}. Best is trial 23 with value: 136.40174865722656.
LOCAL_RANK: 0 - CUDA_VISIBLE_DEVICES: [0]
[I 2023-11-30 12:35:38,690] Trial 33 finished with value: 162.6237335205078 and parameters: {'gradient_clip_val': 0.8228173896627197, 'hidden_size': 20, 'dropout': 0.19763474906666978, 'hidden_continuous_size': 14, 'attention_head_size': 2, 'learning_rate': 0.07733145042948078}. Best is trial 23 with value: 136.40174865722656.
LOCAL_RANK: 0 - CUDA_VISIBLE_DEVICES: [0]
[I 2023-11-30 12:35:50,791] Trial 34 finished with value: 227.8587646484375 and parameters: {'gradient_clip_val': 0.8542264816839582, 'hidden_size': 14, 'dropout': 0.1489504591289081, 'hidden_continuous_size': 11, 'attention_head_size': 2, 'learning_rate': 0.033806558186411324}. Best is trial 23 with value: 136.40174865722656.
LOCAL_RANK: 0 - CUDA_VISIBLE_DEVICES: [0]
[I 2023-11-30 12:36:03,022] Trial 35 finished with value: 212.7179718017578 and parameters: {'gradient_clip_val': 0.9910787954147469, 'hidden_size': 27, 'dropout': 0.1390150847601134, 'hidden_continuous_size': 14, 'attention_head_size': 3, 'learning_rate': 0.04362058529490119}. Best is trial 23 with value: 136.40174865722656.
LOCAL_RANK: 0 - CUDA_VISIBLE_DEVICES: [0]
[I 2023-11-30 12:36:15,500] Trial 36 finished with value: 175.46949768066406 and parameters: {'gradient_clip_val': 0.6652341016366483, 'hidden_size': 21, 'dropout': 0.19966778417805908, 'hidden_continuous_size': 12, 'attention_head_size': 4, 'learning_rate': 0.02743717600399633}. Best is trial 23 with value: 136.40174865722656.
LOCAL_RANK: 0 - CUDA_VISIBLE_DEVICES: [0]
[I 2023-11-30 12:36:27,525] Trial 37 finished with value: 156.45419311523438 and parameters: {'gradient_clip_val': 0.8741876959815765, 'hidden_size': 12, 'dropout': 0.2400601047316579, 'hidden_continuous_size': 10, 'attention_head_size': 2, 'learning_rate': 0.05436612004601805}. Best is trial 23 with value: 136.40174865722656.
LOCAL_RANK: 0 - CUDA_VISIBLE_DEVICES: [0]
[I 2023-11-30 12:36:39,334] Trial 38 finished with value: 251.16357421875 and parameters: {'gradient_clip_val': 0.7394720513159527, 'hidden_size': 16, 'dropout': 0.1694533108107522, 'hidden_continuous_size': 12, 'attention_head_size': 3, 'learning_rate': 0.01902060429509705}. Best is trial 23 with value: 136.40174865722656.
LOCAL_RANK: 0 - CUDA_VISIBLE_DEVICES: [0]
[I 2023-11-30 12:36:51,525] Trial 39 finished with value: 197.6056671142578 and parameters: {'gradient_clip_val': 0.8736198448598278, 'hidden_size': 22, 'dropout': 0.15502220358173352, 'hidden_continuous_size': 14, 'attention_head_size': 2, 'learning_rate': 0.025680993898946344}. Best is trial 23 with value: 136.40174865722656.
LOCAL_RANK: 0 - CUDA_VISIBLE_DEVICES: [0]
[I 2023-11-30 12:37:04,030] Trial 40 finished with value: 206.0409698486328 and parameters: {'gradient_clip_val': 0.732702411486183, 'hidden_size': 31, 'dropout': 0.17545885370601746, 'hidden_continuous_size': 17, 'attention_head_size': 2, 'learning_rate': 0.03600827202778377}. Best is trial 23 with value: 136.40174865722656.
LOCAL_RANK: 0 - CUDA_VISIBLE_DEVICES: [0]
[I 2023-11-30 12:37:16,419] Trial 41 finished with value: 163.21527099609375 and parameters: {'gradient_clip_val': 0.6368852289244935, 'hidden_size': 25, 'dropout': 0.19820952761195415, 'hidden_continuous_size': 13, 'attention_head_size': 3, 'learning_rate': 0.04620504122951789}. Best is trial 23 with value: 136.40174865722656.
LOCAL_RANK: 0 - CUDA_VISIBLE_DEVICES: [0]
[I 2023-11-30 12:37:28,789] Trial 42 finished with value: 138.6671905517578 and parameters: {'gradient_clip_val': 0.6800602432805606, 'hidden_size': 25, 'dropout': 0.22796342086751162, 'hidden_continuous_size': 13, 'attention_head_size': 3, 'learning_rate': 0.04777141247019627}. Best is trial 23 with value: 136.40174865722656.
LOCAL_RANK: 0 - CUDA_VISIBLE_DEVICES: [0]
[I 2023-11-30 12:37:41,172] Trial 43 finished with value: 149.83091735839844 and parameters: {'gradient_clip_val': 0.9994640791936269, 'hidden_size': 19, 'dropout': 0.1846803914962731, 'hidden_continuous_size': 13, 'attention_head_size': 3, 'learning_rate': 0.07465904514259453}. Best is trial 23 with value: 136.40174865722656.
LOCAL_RANK: 0 - CUDA_VISIBLE_DEVICES: [0]
[I 2023-11-30 12:37:53,266] Trial 44 finished with value: 149.8990020751953 and parameters: {'gradient_clip_val': 0.8706641429453004, 'hidden_size': 20, 'dropout': 0.2293321657349175, 'hidden_continuous_size': 13, 'attention_head_size': 3, 'learning_rate': 0.08229704518286032}. Best is trial 23 with value: 136.40174865722656.
LOCAL_RANK: 0 - CUDA_VISIBLE_DEVICES: [0]
[I 2023-11-30 12:38:05,660] Trial 45 finished with value: 137.1282958984375 and parameters: {'gradient_clip_val': 0.5312052442348184, 'hidden_size': 18, 'dropout': 0.18049823148868477, 'hidden_continuous_size': 12, 'attention_head_size': 4, 'learning_rate': 0.04817782354663179}. Best is trial 23 with value: 136.40174865722656.
LOCAL_RANK: 0 - CUDA_VISIBLE_DEVICES: [0]
[I 2023-11-30 12:38:18,041] Trial 46 finished with value: 155.70143127441406 and parameters: {'gradient_clip_val': 0.513631204372053, 'hidden_size': 17, 'dropout': 0.1470505386255766, 'hidden_continuous_size': 12, 'attention_head_size': 4, 'learning_rate': 0.03229393846227292}. Best is trial 23 with value: 136.40174865722656.
LOCAL_RANK: 0 - CUDA_VISIBLE_DEVICES: [0]
[I 2023-11-30 12:38:30,542] Trial 47 finished with value: 143.2236328125 and parameters: {'gradient_clip_val': 0.606434143577197, 'hidden_size': 14, 'dropout': 0.20387746058111939, 'hidden_continuous_size': 12, 'attention_head_size': 4, 'learning_rate': 0.04985773063601764}. Best is trial 23 with value: 136.40174865722656.
LOCAL_RANK: 0 - CUDA_VISIBLE_DEVICES: [0]
[I 2023-11-30 12:38:42,680] Trial 48 finished with value: 194.55517578125 and parameters: {'gradient_clip_val': 0.37464394605629886, 'hidden_size': 14, 'dropout': 0.17414570453135392, 'hidden_continuous_size': 12, 'attention_head_size': 4, 'learning_rate': 0.052870835724716535}. Best is trial 23 with value: 136.40174865722656.
LOCAL_RANK: 0 - CUDA_VISIBLE_DEVICES: [0]
[I 2023-11-30 12:38:54,820] Trial 49 finished with value: 146.73277282714844 and parameters: {'gradient_clip_val': 0.6100144427852169, 'hidden_size': 14, 'dropout': 0.22696155542339955, 'hidden_continuous_size': 12, 'attention_head_size': 4, 'learning_rate': 0.025361582211766643}. Best is trial 23 with value: 136.40174865722656.
LOCAL_RANK: 0 - CUDA_VISIBLE_DEVICES: [0]
[I 2023-11-30 12:39:05,192] Trial 50 finished with value: 162.9037322998047 and parameters: {'gradient_clip_val': 0.5341999101543645, 'hidden_size': 10, 'dropout': 0.21128418906680144, 'hidden_continuous_size': 10, 'attention_head_size': 4, 'learning_rate': 0.057552159247796046}. Best is trial 23 with value: 136.40174865722656.
LOCAL_RANK: 0 - CUDA_VISIBLE_DEVICES: [0]
[I 2023-11-30 12:39:17,618] Trial 51 finished with value: 213.1321258544922 and parameters: {'gradient_clip_val': 0.6053290258623639, 'hidden_size': 15, 'dropout': 0.2284894382556854, 'hidden_continuous_size': 12, 'attention_head_size': 4, 'learning_rate': 0.03728076012984705}. Best is trial 23 with value: 136.40174865722656.
LOCAL_RANK: 0 - CUDA_VISIBLE_DEVICES: [0]
[I 2023-11-30 12:39:30,002] Trial 52 finished with value: 196.851318359375 and parameters: {'gradient_clip_val': 0.6079731835729254, 'hidden_size': 17, 'dropout': 0.2638000849101921, 'hidden_continuous_size': 12, 'attention_head_size': 4, 'learning_rate': 0.02710782818581873}. Best is trial 23 with value: 136.40174865722656.
LOCAL_RANK: 0 - CUDA_VISIBLE_DEVICES: [0]
[I 2023-11-30 12:39:42,086] Trial 53 finished with value: 172.41697692871094 and parameters: {'gradient_clip_val': 0.4671028467193175, 'hidden_size': 12, 'dropout': 0.1854531848965389, 'hidden_continuous_size': 11, 'attention_head_size': 4, 'learning_rate': 0.02049921574325463}. Best is trial 23 with value: 136.40174865722656.
LOCAL_RANK: 0 - CUDA_VISIBLE_DEVICES: [0]
[I 2023-11-30 12:39:54,232] Trial 54 finished with value: 157.23655700683594 and parameters: {'gradient_clip_val': 0.5615541705996486, 'hidden_size': 18, 'dropout': 0.20787595797763198, 'hidden_continuous_size': 12, 'attention_head_size': 4, 'learning_rate': 0.03836483109164616}. Best is trial 23 with value: 136.40174865722656.
LOCAL_RANK: 0 - CUDA_VISIBLE_DEVICES: [0]
[I 2023-11-30 12:40:06,496] Trial 55 finished with value: 155.1219482421875 and parameters: {'gradient_clip_val': 0.4087458305921183, 'hidden_size': 13, 'dropout': 0.22654723527877146, 'hidden_continuous_size': 12, 'attention_head_size': 4, 'learning_rate': 0.049594230494898424}. Best is trial 23 with value: 136.40174865722656.
LOCAL_RANK: 0 - CUDA_VISIBLE_DEVICES: [0]
[I 2023-11-30 12:40:18,735] Trial 56 finished with value: 200.5313720703125 and parameters: {'gradient_clip_val': 0.4860268892934345, 'hidden_size': 19, 'dropout': 0.1808405281382695, 'hidden_continuous_size': 11, 'attention_head_size': 4, 'learning_rate': 0.03209212963903466}. Best is trial 23 with value: 136.40174865722656.
LOCAL_RANK: 0 - CUDA_VISIBLE_DEVICES: [0]
[I 2023-11-30 12:40:31,024] Trial 57 finished with value: 154.86288452148438 and parameters: {'gradient_clip_val': 0.523094149586291, 'hidden_size': 15, 'dropout': 0.20379052337422354, 'hidden_continuous_size': 12, 'attention_head_size': 4, 'learning_rate': 0.08898930261572241}. Best is trial 23 with value: 136.40174865722656.
LOCAL_RANK: 0 - CUDA_VISIBLE_DEVICES: [0]
[I 2023-11-30 12:40:43,467] Trial 58 finished with value: 244.0091094970703 and parameters: {'gradient_clip_val': 0.6951732199217141, 'hidden_size': 23, 'dropout': 0.21993074780084948, 'hidden_continuous_size': 13, 'attention_head_size': 4, 'learning_rate': 0.06614550530062853}. Best is trial 23 with value: 136.40174865722656.
LOCAL_RANK: 0 - CUDA_VISIBLE_DEVICES: [0]
[I 2023-11-30 12:40:55,629] Trial 59 finished with value: 156.2580108642578 and parameters: {'gradient_clip_val': 0.7759524818905144, 'hidden_size': 11, 'dropout': 0.15765140690032356, 'hidden_continuous_size': 10, 'attention_head_size': 4, 'learning_rate': 0.06172529652557723}. Best is trial 23 with value: 136.40174865722656.
LOCAL_RANK: 0 - CUDA_VISIBLE_DEVICES: [0]
