[I 2023-11-30 09:34:11,713] Trial 81 finished with value: 594.9358520507812 and parameters: {'gradient_clip_val': 0.5299357103356729, 'hidden_size': 10, 'dropout': 0.12297264581855318, 'hidden_continuous_size': 10, 'attention_head_size': 3, 'learning_rate': 0.05370550332888648}. Best is trial 68 with value: 498.8953552246094.
LOCAL_RANK: 0 - CUDA_VISIBLE_DEVICES: [0]
[I 2023-11-30 09:34:23,556] Trial 82 finished with value: 595.7924194335938 and parameters: {'gradient_clip_val': 0.44403460029738423, 'hidden_size': 12, 'dropout': 0.10299364464169855, 'hidden_continuous_size': 11, 'attention_head_size': 3, 'learning_rate': 0.04095774844718969}. Best is trial 68 with value: 498.8953552246094.
LOCAL_RANK: 0 - CUDA_VISIBLE_DEVICES: [0]
[I 2023-11-30 09:34:35,833] Trial 83 finished with value: 606.3518676757812 and parameters: {'gradient_clip_val': 0.5609731087181496, 'hidden_size': 11, 'dropout': 0.11408293293981898, 'hidden_continuous_size': 10, 'attention_head_size': 3, 'learning_rate': 0.0665310710354156}. Best is trial 68 with value: 498.8953552246094.
LOCAL_RANK: 0 - CUDA_VISIBLE_DEVICES: [0]
[I 2023-11-30 09:34:45,979] Trial 84 finished with value: 555.8605346679688 and parameters: {'gradient_clip_val': 0.40449563799704386, 'hidden_size': 10, 'dropout': 0.14078289446686543, 'hidden_continuous_size': 10, 'attention_head_size': 3, 'learning_rate': 0.07989602530543806}. Best is trial 68 with value: 498.8953552246094.
LOCAL_RANK: 0 - CUDA_VISIBLE_DEVICES: [0]
[I 2023-11-30 09:34:58,227] Trial 85 finished with value: 633.0894775390625 and parameters: {'gradient_clip_val': 0.11282117407197487, 'hidden_size': 15, 'dropout': 0.12626431104334074, 'hidden_continuous_size': 12, 'attention_head_size': 3, 'learning_rate': 0.055428585318862356}. Best is trial 68 with value: 498.8953552246094.
LOCAL_RANK: 0 - CUDA_VISIBLE_DEVICES: [0]
[I 2023-11-30 09:35:10,061] Trial 86 finished with value: 658.8413696289062 and parameters: {'gradient_clip_val': 0.504033610044606, 'hidden_size': 11, 'dropout': 0.15220344048918258, 'hidden_continuous_size': 10, 'attention_head_size': 1, 'learning_rate': 0.04681393042633704}. Best is trial 68 with value: 498.8953552246094.
LOCAL_RANK: 0 - CUDA_VISIBLE_DEVICES: [0]
[I 2023-11-30 09:35:22,064] Trial 87 finished with value: 600.77685546875 and parameters: {'gradient_clip_val': 0.37040671756008836, 'hidden_size': 12, 'dropout': 0.10664220750668388, 'hidden_continuous_size': 11, 'attention_head_size': 2, 'learning_rate': 0.09683789387089423}. Best is trial 68 with value: 498.8953552246094.
LOCAL_RANK: 0 - CUDA_VISIBLE_DEVICES: [0]
[I 2023-11-30 09:35:34,142] Trial 88 finished with value: 606.1904296875 and parameters: {'gradient_clip_val': 0.4722817673075187, 'hidden_size': 14, 'dropout': 0.11612039920917161, 'hidden_continuous_size': 12, 'attention_head_size': 3, 'learning_rate': 0.06410355234580274}. Best is trial 68 with value: 498.8953552246094.
LOCAL_RANK: 0 - CUDA_VISIBLE_DEVICES: [0]
[I 2023-11-30 09:35:46,219] Trial 89 finished with value: 598.1220703125 and parameters: {'gradient_clip_val': 0.4556331791883122, 'hidden_size': 13, 'dropout': 0.12804239755321378, 'hidden_continuous_size': 12, 'attention_head_size': 3, 'learning_rate': 0.04068280751496521}. Best is trial 68 with value: 498.8953552246094.
LOCAL_RANK: 0 - CUDA_VISIBLE_DEVICES: [0]
[I 2023-11-30 09:35:56,468] Trial 90 finished with value: 534.148193359375 and parameters: {'gradient_clip_val': 0.42371525614878564, 'hidden_size': 10, 'dropout': 0.10004452047972504, 'hidden_continuous_size': 10, 'attention_head_size': 2, 'learning_rate': 0.07711532234043518}. Best is trial 68 with value: 498.8953552246094.
LOCAL_RANK: 0 - CUDA_VISIBLE_DEVICES: [0]
[I 2023-11-30 09:36:06,548] Trial 91 finished with value: 568.6764526367188 and parameters: {'gradient_clip_val': 0.4312783714733669, 'hidden_size': 10, 'dropout': 0.10582932958567204, 'hidden_continuous_size': 10, 'attention_head_size': 2, 'learning_rate': 0.07705726061279076}. Best is trial 68 with value: 498.8953552246094.
LOCAL_RANK: 0 - CUDA_VISIBLE_DEVICES: [0]
[I 2023-11-30 09:36:18,479] Trial 92 finished with value: 471.2001647949219 and parameters: {'gradient_clip_val': 0.4076593766688767, 'hidden_size': 11, 'dropout': 0.11284081081555024, 'hidden_continuous_size': 10, 'attention_head_size': 2, 'learning_rate': 0.0865105949001328}. Best is trial 92 with value: 471.2001647949219.
LOCAL_RANK: 0 - CUDA_VISIBLE_DEVICES: [0]
[I 2023-11-30 09:36:30,409] Trial 93 finished with value: 676.70654296875 and parameters: {'gradient_clip_val': 0.39598851102352406, 'hidden_size': 12, 'dropout': 0.11311020969976072, 'hidden_continuous_size': 11, 'attention_head_size': 2, 'learning_rate': 0.08722403086099899}. Best is trial 92 with value: 471.2001647949219.
LOCAL_RANK: 0 - CUDA_VISIBLE_DEVICES: [0]
[I 2023-11-30 09:36:42,314] Trial 94 finished with value: 641.8392944335938 and parameters: {'gradient_clip_val': 0.3335557718939135, 'hidden_size': 16, 'dropout': 0.11904694002855704, 'hidden_continuous_size': 13, 'attention_head_size': 2, 'learning_rate': 0.06980827001304624}. Best is trial 92 with value: 471.2001647949219.
LOCAL_RANK: 0 - CUDA_VISIBLE_DEVICES: [0]
[I 2023-11-30 09:36:54,341] Trial 95 finished with value: 709.04541015625 and parameters: {'gradient_clip_val': 0.4182885674252676, 'hidden_size': 13, 'dropout': 0.13581032043227695, 'hidden_continuous_size': 12, 'attention_head_size': 2, 'learning_rate': 0.08035825644045072}. Best is trial 92 with value: 471.2001647949219.
LOCAL_RANK: 0 - CUDA_VISIBLE_DEVICES: [0]
[I 2023-11-30 09:37:06,404] Trial 96 finished with value: 716.6647338867188 and parameters: {'gradient_clip_val': 0.36169194726369125, 'hidden_size': 11, 'dropout': 0.11109937196319032, 'hidden_continuous_size': 10, 'attention_head_size': 3, 'learning_rate': 0.09900276710888573}. Best is trial 92 with value: 471.2001647949219.
LOCAL_RANK: 0 - CUDA_VISIBLE_DEVICES: [0]
[I 2023-11-30 09:37:18,389] Trial 97 finished with value: 556.8504028320312 and parameters: {'gradient_clip_val': 0.478457614852837, 'hidden_size': 14, 'dropout': 0.14601730600369833, 'hidden_continuous_size': 13, 'attention_head_size': 2, 'learning_rate': 0.06319179842677755}. Best is trial 92 with value: 471.2001647949219.
LOCAL_RANK: 0 - CUDA_VISIBLE_DEVICES: [0]
[I 2023-11-30 09:37:30,898] Trial 98 finished with value: 581.8792114257812 and parameters: {'gradient_clip_val': 0.38913414355750797, 'hidden_size': 18, 'dropout': 0.10152184976347065, 'hidden_continuous_size': 13, 'attention_head_size': 3, 'learning_rate': 0.07322183530537127}. Best is trial 92 with value: 471.2001647949219.
LOCAL_RANK: 0 - CUDA_VISIBLE_DEVICES: [0]
[I 2023-11-30 09:37:42,711] Trial 99 finished with value: 628.0988159179688 and parameters: {'gradient_clip_val': 0.4972972554446382, 'hidden_size': 12, 'dropout': 0.12320153770813477, 'hidden_continuous_size': 11, 'attention_head_size': 2, 'learning_rate': 0.09135087312674507}. Best is trial 92 with value: 471.2001647949219.
LOCAL_RANK: 0 - CUDA_VISIBLE_DEVICES: [0]
[I 2023-11-30 09:37:54,908] Trial 100 finished with value: 711.72216796875 and parameters: {'gradient_clip_val': 0.31456122175568996, 'hidden_size': 15, 'dropout': 0.11613038240495085, 'hidden_continuous_size': 12, 'attention_head_size': 3, 'learning_rate': 0.05522272103614866}. Best is trial 92 with value: 471.2001647949219.
LOCAL_RANK: 0 - CUDA_VISIBLE_DEVICES: [0]
[I 2023-11-30 09:38:05,037] Trial 101 finished with value: 609.4876098632812 and parameters: {'gradient_clip_val': 0.4461104546024494, 'hidden_size': 10, 'dropout': 0.10606278661384136, 'hidden_continuous_size': 10, 'attention_head_size': 2, 'learning_rate': 0.0689894179201831}. Best is trial 92 with value: 471.2001647949219.
LOCAL_RANK: 0 - CUDA_VISIBLE_DEVICES: [0]
[I 2023-11-30 09:38:17,017] Trial 102 finished with value: 686.22216796875 and parameters: {'gradient_clip_val': 0.34415585862461967, 'hidden_size': 11, 'dropout': 0.13170001698096354, 'hidden_continuous_size': 10, 'attention_head_size': 2, 'learning_rate': 0.08235820311836965}. Best is trial 92 with value: 471.2001647949219.
LOCAL_RANK: 0 - CUDA_VISIBLE_DEVICES: [0]
[I 2023-11-30 09:38:27,290] Trial 103 finished with value: 596.7518920898438 and parameters: {'gradient_clip_val': 0.5176771954578467, 'hidden_size': 10, 'dropout': 0.11059904322841217, 'hidden_continuous_size': 10, 'attention_head_size': 2, 'learning_rate': 0.06372402622433591}. Best is trial 92 with value: 471.2001647949219.
LOCAL_RANK: 0 - CUDA_VISIBLE_DEVICES: [0]
[I 2023-11-30 09:38:39,000] Trial 104 finished with value: 747.6725463867188 and parameters: {'gradient_clip_val': 0.5473350089783342, 'hidden_size': 12, 'dropout': 0.10042504473205109, 'hidden_continuous_size': 11, 'attention_head_size': 2, 'learning_rate': 0.05288367691870004}. Best is trial 92 with value: 471.2001647949219.
LOCAL_RANK: 0 - CUDA_VISIBLE_DEVICES: [0]
[I 2023-11-30 09:38:50,996] Trial 105 finished with value: 591.5609741210938 and parameters: {'gradient_clip_val': 0.42079049523869055, 'hidden_size': 11, 'dropout': 0.12118960014370371, 'hidden_continuous_size': 10, 'attention_head_size': 2, 'learning_rate': 0.047645942289360685}. Best is trial 92 with value: 471.2001647949219.
LOCAL_RANK: 0 - CUDA_VISIBLE_DEVICES: [0]
[I 2023-11-30 09:39:03,103] Trial 106 finished with value: 501.134033203125 and parameters: {'gradient_clip_val': 0.5961803779702182, 'hidden_size': 13, 'dropout': 0.1275430103927586, 'hidden_continuous_size': 12, 'attention_head_size': 3, 'learning_rate': 0.058705220341458586}. Best is trial 92 with value: 471.2001647949219.
LOCAL_RANK: 0 - CUDA_VISIBLE_DEVICES: [0]
[I 2023-11-30 09:39:15,108] Trial 107 finished with value: 821.45556640625 and parameters: {'gradient_clip_val': 0.5963801100614902, 'hidden_size': 16, 'dropout': 0.1370742667711533, 'hidden_continuous_size': 12, 'attention_head_size': 3, 'learning_rate': 0.08868805873780547}. Best is trial 92 with value: 471.2001647949219.
LOCAL_RANK: 0 - CUDA_VISIBLE_DEVICES: [0]
[I 2023-11-30 09:39:27,384] Trial 108 finished with value: 675.6853637695312 and parameters: {'gradient_clip_val': 0.569019042189882, 'hidden_size': 14, 'dropout': 0.1267419910050042, 'hidden_continuous_size': 12, 'attention_head_size': 3, 'learning_rate': 0.058764877384780805}. Best is trial 92 with value: 471.2001647949219.
LOCAL_RANK: 0 - CUDA_VISIBLE_DEVICES: [0]
[I 2023-11-30 09:39:39,570] Trial 109 finished with value: 589.16015625 and parameters: {'gradient_clip_val': 0.37590494813458675, 'hidden_size': 13, 'dropout': 0.1552417815599964, 'hidden_continuous_size': 12, 'attention_head_size': 4, 'learning_rate': 0.07535465031351407}. Best is trial 92 with value: 471.2001647949219.
LOCAL_RANK: 0 - CUDA_VISIBLE_DEVICES: [0]
[I 2023-11-30 09:39:51,599] Trial 110 finished with value: 548.2847290039062 and parameters: {'gradient_clip_val': 0.48474441935768037, 'hidden_size': 13, 'dropout': 0.14292002624232342, 'hidden_continuous_size': 12, 'attention_head_size': 3, 'learning_rate': 0.06907737572695499}. Best is trial 92 with value: 471.2001647949219.
LOCAL_RANK: 0 - CUDA_VISIBLE_DEVICES: [0]
[I 2023-11-30 09:40:03,679] Trial 111 finished with value: 563.2205200195312 and parameters: {'gradient_clip_val': 0.48242022913701554, 'hidden_size': 13, 'dropout': 0.11859978766204445, 'hidden_continuous_size': 12, 'attention_head_size': 3, 'learning_rate': 0.0687179025534495}. Best is trial 92 with value: 471.2001647949219.
LOCAL_RANK: 0 - CUDA_VISIBLE_DEVICES: [0]
[I 2023-11-30 09:40:15,563] Trial 112 finished with value: 649.57958984375 and parameters: {'gradient_clip_val': 0.5393832155188151, 'hidden_size': 12, 'dropout': 0.14637317349955134, 'hidden_continuous_size': 11, 'attention_head_size': 3, 'learning_rate': 0.07872954468995437}. Best is trial 92 with value: 471.2001647949219.
LOCAL_RANK: 0 - CUDA_VISIBLE_DEVICES: [0]
[I 2023-11-30 09:40:27,671] Trial 113 finished with value: 604.3771362304688 and parameters: {'gradient_clip_val': 0.5140641106775529, 'hidden_size': 15, 'dropout': 0.16308039972386967, 'hidden_continuous_size': 13, 'attention_head_size': 3, 'learning_rate': 0.06155910663493175}. Best is trial 92 with value: 471.2001647949219.
LOCAL_RANK: 0 - CUDA_VISIBLE_DEVICES: [0]
[I 2023-11-30 09:40:40,633] Trial 114 finished with value: 733.3115234375 and parameters: {'gradient_clip_val': 0.453507002275405, 'hidden_size': 39, 'dropout': 0.140625877657904, 'hidden_continuous_size': 11, 'attention_head_size': 3, 'learning_rate': 0.09026610540916725}. Best is trial 92 with value: 471.2001647949219.
LOCAL_RANK: 0 - CUDA_VISIBLE_DEVICES: [0]
[I 2023-11-30 09:40:53,052] Trial 115 finished with value: 596.5811157226562 and parameters: {'gradient_clip_val': 0.6102909215245064, 'hidden_size': 18, 'dropout': 0.13026521494201218, 'hidden_continuous_size': 16, 'attention_head_size': 3, 'learning_rate': 0.05024753780755443}. Best is trial 92 with value: 471.2001647949219.
LOCAL_RANK: 0 - CUDA_VISIBLE_DEVICES: [0]
[I 2023-11-30 09:41:05,360] Trial 116 finished with value: 833.3783569335938 and parameters: {'gradient_clip_val': 0.6757246550967809, 'hidden_size': 17, 'dropout': 0.11189202943117314, 'hidden_continuous_size': 14, 'attention_head_size': 3, 'learning_rate': 0.067974018371973}. Best is trial 92 with value: 471.2001647949219.
LOCAL_RANK: 0 - CUDA_VISIBLE_DEVICES: [0]
[I 2023-11-30 09:41:17,487] Trial 117 finished with value: 664.1940307617188 and parameters: {'gradient_clip_val': 0.4037423002136274, 'hidden_size': 13, 'dropout': 0.10694654202575417, 'hidden_continuous_size': 12, 'attention_head_size': 3, 'learning_rate': 0.08359439180689816}. Best is trial 92 with value: 471.2001647949219.
LOCAL_RANK: 0 - CUDA_VISIBLE_DEVICES: [0]
[I 2023-11-30 09:41:29,679] Trial 118 finished with value: 652.8822631835938 and parameters: {'gradient_clip_val': 0.4939032849510151, 'hidden_size': 11, 'dropout': 0.12467663491570079, 'hidden_continuous_size': 10, 'attention_head_size': 3, 'learning_rate': 0.05726069721836227}. Best is trial 92 with value: 471.2001647949219.
LOCAL_RANK: 0 - CUDA_VISIBLE_DEVICES: [0]
[I 2023-11-30 09:41:42,001] Trial 119 finished with value: 527.9585571289062 and parameters: {'gradient_clip_val': 0.5884136823090899, 'hidden_size': 14, 'dropout': 0.13345114860629498, 'hidden_continuous_size': 12, 'attention_head_size': 4, 'learning_rate': 0.0773586150431928}. Best is trial 92 with value: 471.2001647949219.
LOCAL_RANK: 0 - CUDA_VISIBLE_DEVICES: [0]
[I 2023-11-30 09:41:54,184] Trial 120 finished with value: 700.3967895507812 and parameters: {'gradient_clip_val': 0.58115585837516, 'hidden_size': 14, 'dropout': 0.13438775886609283, 'hidden_continuous_size': 12, 'attention_head_size': 4, 'learning_rate': 0.0747094537667618}. Best is trial 92 with value: 471.2001647949219.
LOCAL_RANK: 0 - CUDA_VISIBLE_DEVICES: [0]
[I 2023-11-30 09:42:06,354] Trial 121 finished with value: 692.9564819335938 and parameters: {'gradient_clip_val': 0.5452965067712372, 'hidden_size': 15, 'dropout': 0.11575595968444753, 'hidden_continuous_size': 12, 'attention_head_size': 4, 'learning_rate': 0.09410875143584022}. Best is trial 92 with value: 471.2001647949219.
LOCAL_RANK: 0 - CUDA_VISIBLE_DEVICES: [0]
[I 2023-11-30 09:42:18,214] Trial 122 finished with value: 593.3934326171875 and parameters: {'gradient_clip_val': 0.6455638590245236, 'hidden_size': 12, 'dropout': 0.14300269748046057, 'hidden_continuous_size': 11, 'attention_head_size': 4, 'learning_rate': 0.06225227162105678}. Best is trial 92 with value: 471.2001647949219.
LOCAL_RANK: 0 - CUDA_VISIBLE_DEVICES: [0]
[I 2023-11-30 09:42:30,333] Trial 123 finished with value: 577.5223999023438 and parameters: {'gradient_clip_val': 0.6098691397942325, 'hidden_size': 14, 'dropout': 0.1228180314207035, 'hidden_continuous_size': 12, 'attention_head_size': 4, 'learning_rate': 0.08272925349524743}. Best is trial 92 with value: 471.2001647949219.
LOCAL_RANK: 0 - CUDA_VISIBLE_DEVICES: [0]
[I 2023-11-30 09:42:42,577] Trial 124 finished with value: 569.8975219726562 and parameters: {'gradient_clip_val': 0.5187737953531308, 'hidden_size': 20, 'dropout': 0.10037182280729341, 'hidden_continuous_size': 13, 'attention_head_size': 4, 'learning_rate': 0.09932393315609338}. Best is trial 92 with value: 471.2001647949219.
LOCAL_RANK: 0 - CUDA_VISIBLE_DEVICES: [0]
[I 2023-11-30 09:42:54,750] Trial 125 finished with value: 584.6124877929688 and parameters: {'gradient_clip_val': 0.5632619045728818, 'hidden_size': 16, 'dropout': 0.1498852318765827, 'hidden_continuous_size': 15, 'attention_head_size': 3, 'learning_rate': 0.07265211731582491}. Best is trial 92 with value: 471.2001647949219.
LOCAL_RANK: 0 - CUDA_VISIBLE_DEVICES: [0]
[I 2023-11-30 09:43:04,825] Trial 126 finished with value: 566.2456665039062 and parameters: {'gradient_clip_val': 0.29188289029475184, 'hidden_size': 12, 'dropout': 0.17299487274639536, 'hidden_continuous_size': 12, 'attention_head_size': 3, 'learning_rate': 0.06695699006376954}. Best is trial 92 with value: 471.2001647949219.
LOCAL_RANK: 0 - CUDA_VISIBLE_DEVICES: [0]
[I 2023-11-30 09:43:16,883] Trial 127 finished with value: 611.9867553710938 and parameters: {'gradient_clip_val': 0.4654744432707931, 'hidden_size': 13, 'dropout': 0.11084144121983547, 'hidden_continuous_size': 12, 'attention_head_size': 3, 'learning_rate': 0.043847447844424674}. Best is trial 92 with value: 471.2001647949219.
LOCAL_RANK: 0 - CUDA_VISIBLE_DEVICES: [0]
[I 2023-11-30 09:43:29,170] Trial 128 finished with value: 669.9685668945312 and parameters: {'gradient_clip_val': 0.35477813430803956, 'hidden_size': 28, 'dropout': 0.13133125290960476, 'hidden_continuous_size': 17, 'attention_head_size': 3, 'learning_rate': 0.05289918438833205}. Best is trial 92 with value: 471.2001647949219.
LOCAL_RANK: 0 - CUDA_VISIBLE_DEVICES: [0]
[I 2023-11-30 09:43:41,850] Trial 129 finished with value: 574.3914184570312 and parameters: {'gradient_clip_val': 0.17190367601755294, 'hidden_size': 37, 'dropout': 0.11893396854905226, 'hidden_continuous_size': 14, 'attention_head_size': 1, 'learning_rate': 0.07559346532192937}. Best is trial 92 with value: 471.2001647949219.
LOCAL_RANK: 0 - CUDA_VISIBLE_DEVICES: [0]
[I 2023-11-30 09:43:54,008] Trial 130 finished with value: 605.1886596679688 and parameters: {'gradient_clip_val': 0.32330115933013565, 'hidden_size': 14, 'dropout': 0.10699714737670754, 'hidden_continuous_size': 12, 'attention_head_size': 4, 'learning_rate': 0.05861565440358362}. Best is trial 92 with value: 471.2001647949219.
LOCAL_RANK: 0 - CUDA_VISIBLE_DEVICES: [0]
[I 2023-11-30 09:44:04,384] Trial 131 finished with value: 620.8986206054688 and parameters: {'gradient_clip_val': 0.43101120060562004, 'hidden_size': 10, 'dropout': 0.11313745553726422, 'hidden_continuous_size': 10, 'attention_head_size': 2, 'learning_rate': 0.049543687102891795}. Best is trial 92 with value: 471.2001647949219.
LOCAL_RANK: 0 - CUDA_VISIBLE_DEVICES: [0]
[I 2023-11-30 09:44:16,499] Trial 132 finished with value: 616.5388793945312 and parameters: {'gradient_clip_val': 0.4916989609402077, 'hidden_size': 11, 'dropout': 0.10512743393447746, 'hidden_continuous_size': 10, 'attention_head_size': 2, 'learning_rate': 0.06606645510596647}. Best is trial 92 with value: 471.2001647949219.
LOCAL_RANK: 0 - CUDA_VISIBLE_DEVICES: [0]
[I 2023-11-30 09:44:26,494] Trial 133 finished with value: 621.5992431640625 and parameters: {'gradient_clip_val': 0.5303832614783572, 'hidden_size': 10, 'dropout': 0.12498979046067049, 'hidden_continuous_size': 10, 'attention_head_size': 2, 'learning_rate': 0.08356926924022345}. Best is trial 92 with value: 471.2001647949219.
LOCAL_RANK: 0 - CUDA_VISIBLE_DEVICES: [0]
[I 2023-11-30 09:44:38,868] Trial 134 finished with value: 557.6095581054688 and parameters: {'gradient_clip_val': 0.46048361075786665, 'hidden_size': 15, 'dropout': 0.11800595113349147, 'hidden_continuous_size': 12, 'attention_head_size': 3, 'learning_rate': 0.03804707459038413}. Best is trial 92 with value: 471.2001647949219.
LOCAL_RANK: 0 - CUDA_VISIBLE_DEVICES: [0]
[I 2023-11-30 09:44:50,878] Trial 135 finished with value: 546.1805419921875 and parameters: {'gradient_clip_val': 0.5966807045191213, 'hidden_size': 11, 'dropout': 0.13798329384666388, 'hidden_continuous_size': 10, 'attention_head_size': 3, 'learning_rate': 0.05535977513551171}. Best is trial 92 with value: 471.2001647949219.
LOCAL_RANK: 0 - CUDA_VISIBLE_DEVICES: [0]
[I 2023-11-30 09:45:03,415] Trial 136 finished with value: 679.54248046875 and parameters: {'gradient_clip_val': 0.5857555286241584, 'hidden_size': 25, 'dropout': 0.1388996180114116, 'hidden_continuous_size': 22, 'attention_head_size': 3, 'learning_rate': 0.06087734295316249}. Best is trial 92 with value: 471.2001647949219.
LOCAL_RANK: 0 - CUDA_VISIBLE_DEVICES: [0]
[I 2023-11-30 09:45:15,379] Trial 137 finished with value: 599.2984008789062 and parameters: {'gradient_clip_val': 0.7018259872067234, 'hidden_size': 11, 'dropout': 0.16260527459492027, 'hidden_continuous_size': 10, 'attention_head_size': 3, 'learning_rate': 0.054835834241504136}. Best is trial 92 with value: 471.2001647949219.
LOCAL_RANK: 0 - CUDA_VISIBLE_DEVICES: [0]
[I 2023-11-30 09:45:27,374] Trial 138 finished with value: 508.5857238769531 and parameters: {'gradient_clip_val': 0.6214177987600612, 'hidden_size': 13, 'dropout': 0.15436444496183716, 'hidden_continuous_size': 12, 'attention_head_size': 3, 'learning_rate': 0.08905288872450205}. Best is trial 92 with value: 471.2001647949219.
LOCAL_RANK: 0 - CUDA_VISIBLE_DEVICES: [0]
[I 2023-11-30 09:45:39,540] Trial 139 finished with value: 654.9769287109375 and parameters: {'gradient_clip_val': 0.6606304611663006, 'hidden_size': 12, 'dropout': 0.15301103913817057, 'hidden_continuous_size': 11, 'attention_head_size': 3, 'learning_rate': 0.08971836271439211}. Best is trial 92 with value: 471.2001647949219.
LOCAL_RANK: 0 - CUDA_VISIBLE_DEVICES: [0]
