[I 2023-11-30 01:56:56,040] Trial 74 finished with value: 865.2654418945312 and parameters: {'gradient_clip_val': 0.15722793185958048, 'hidden_size': 48, 'dropout': 0.12227390685732595, 'hidden_continuous_size': 11, 'attention_head_size': 2, 'learning_rate': 0.08861210088795306}. Best is trial 32 with value: 694.9998168945312.
LOCAL_RANK: 0 - CUDA_VISIBLE_DEVICES: [0]
[I 2023-11-30 01:57:08,453] Trial 75 finished with value: 1026.2689208984375 and parameters: {'gradient_clip_val': 0.1572393547943159, 'hidden_size': 46, 'dropout': 0.12311084032345125, 'hidden_continuous_size': 11, 'attention_head_size': 2, 'learning_rate': 0.07492990744987729}. Best is trial 32 with value: 694.9998168945312.
LOCAL_RANK: 0 - CUDA_VISIBLE_DEVICES: [0]
[I 2023-11-30 01:57:21,232] Trial 76 finished with value: 950.39892578125 and parameters: {'gradient_clip_val': 0.18320427871843167, 'hidden_size': 53, 'dropout': 0.1728428565940949, 'hidden_continuous_size': 12, 'attention_head_size': 2, 'learning_rate': 0.09940118225502413}. Best is trial 32 with value: 694.9998168945312.
LOCAL_RANK: 0 - CUDA_VISIBLE_DEVICES: [0]
[I 2023-11-30 01:57:33,312] Trial 77 finished with value: 1013.027099609375 and parameters: {'gradient_clip_val': 0.1351198091599395, 'hidden_size': 36, 'dropout': 0.1621591583129252, 'hidden_continuous_size': 13, 'attention_head_size': 2, 'learning_rate': 0.08783093558705067}. Best is trial 32 with value: 694.9998168945312.
LOCAL_RANK: 0 - CUDA_VISIBLE_DEVICES: [0]
[I 2023-11-30 01:57:45,024] Trial 78 finished with value: 1035.5582275390625 and parameters: {'gradient_clip_val': 0.1098496162530308, 'hidden_size': 28, 'dropout': 0.14426487161152626, 'hidden_continuous_size': 10, 'attention_head_size': 2, 'learning_rate': 0.05689024622193744}. Best is trial 32 with value: 694.9998168945312.
LOCAL_RANK: 0 - CUDA_VISIBLE_DEVICES: [0]
[I 2023-11-30 01:57:57,379] Trial 79 finished with value: 776.6237182617188 and parameters: {'gradient_clip_val': 0.12919944010603798, 'hidden_size': 41, 'dropout': 0.13355763054384504, 'hidden_continuous_size': 19, 'attention_head_size': 2, 'learning_rate': 0.06884771243322958}. Best is trial 32 with value: 694.9998168945312.
LOCAL_RANK: 0 - CUDA_VISIBLE_DEVICES: [0]
[I 2023-11-30 01:58:09,706] Trial 80 finished with value: 966.1220703125 and parameters: {'gradient_clip_val': 0.12734453681672053, 'hidden_size': 41, 'dropout': 0.1547571804192623, 'hidden_continuous_size': 21, 'attention_head_size': 1, 'learning_rate': 0.06601081269179658}. Best is trial 32 with value: 694.9998168945312.
LOCAL_RANK: 0 - CUDA_VISIBLE_DEVICES: [0]
[I 2023-11-30 01:58:22,599] Trial 81 finished with value: 1192.6884765625 and parameters: {'gradient_clip_val': 0.11608158572083765, 'hidden_size': 55, 'dropout': 0.1351241784600218, 'hidden_continuous_size': 19, 'attention_head_size': 2, 'learning_rate': 0.07647817345171029}. Best is trial 32 with value: 694.9998168945312.
LOCAL_RANK: 0 - CUDA_VISIBLE_DEVICES: [0]
[I 2023-11-30 01:58:35,061] Trial 82 finished with value: 1209.3291015625 and parameters: {'gradient_clip_val': 0.14670701815015372, 'hidden_size': 38, 'dropout': 0.12182502010059305, 'hidden_continuous_size': 20, 'attention_head_size': 2, 'learning_rate': 0.04788577215610574}. Best is trial 32 with value: 694.9998168945312.
LOCAL_RANK: 0 - CUDA_VISIBLE_DEVICES: [0]
[I 2023-11-30 01:58:47,393] Trial 83 finished with value: 918.2898559570312 and parameters: {'gradient_clip_val': 0.13022137298747608, 'hidden_size': 34, 'dropout': 0.1758144319622086, 'hidden_continuous_size': 18, 'attention_head_size': 2, 'learning_rate': 0.03327805589251363}. Best is trial 32 with value: 694.9998168945312.
LOCAL_RANK: 0 - CUDA_VISIBLE_DEVICES: [0]
[I 2023-11-30 01:58:59,648] Trial 84 finished with value: 775.939208984375 and parameters: {'gradient_clip_val': 0.16539322540455276, 'hidden_size': 31, 'dropout': 0.1450928801292192, 'hidden_continuous_size': 16, 'attention_head_size': 2, 'learning_rate': 0.06732934009822494}. Best is trial 32 with value: 694.9998168945312.
LOCAL_RANK: 0 - CUDA_VISIBLE_DEVICES: [0]
[I 2023-11-30 01:59:11,782] Trial 85 finished with value: 1328.9119873046875 and parameters: {'gradient_clip_val': 0.13775009012413583, 'hidden_size': 31, 'dropout': 0.1634316606515176, 'hidden_continuous_size': 16, 'attention_head_size': 2, 'learning_rate': 0.06497913410992712}. Best is trial 32 with value: 694.9998168945312.
LOCAL_RANK: 0 - CUDA_VISIBLE_DEVICES: [0]
[I 2023-11-30 01:59:24,118] Trial 86 finished with value: 960.572998046875 and parameters: {'gradient_clip_val': 0.1649997086793501, 'hidden_size': 29, 'dropout': 0.14891721892097667, 'hidden_continuous_size': 15, 'attention_head_size': 3, 'learning_rate': 0.055463802996466596}. Best is trial 32 with value: 694.9998168945312.
LOCAL_RANK: 0 - CUDA_VISIBLE_DEVICES: [0]
[I 2023-11-30 01:59:36,151] Trial 87 finished with value: 955.83740234375 and parameters: {'gradient_clip_val': 0.1187031194898097, 'hidden_size': 23, 'dropout': 0.18853535314798334, 'hidden_continuous_size': 14, 'attention_head_size': 2, 'learning_rate': 0.044423034917534805}. Best is trial 32 with value: 694.9998168945312.
LOCAL_RANK: 0 - CUDA_VISIBLE_DEVICES: [0]
[I 2023-11-30 01:59:48,192] Trial 88 finished with value: 979.171630859375 and parameters: {'gradient_clip_val': 0.16966375966138258, 'hidden_size': 26, 'dropout': 0.15630797742711186, 'hidden_continuous_size': 15, 'attention_head_size': 3, 'learning_rate': 0.07126728864351388}. Best is trial 32 with value: 694.9998168945312.
LOCAL_RANK: 0 - CUDA_VISIBLE_DEVICES: [0]
[I 2023-11-30 02:00:00,285] Trial 89 finished with value: 856.16259765625 and parameters: {'gradient_clip_val': 0.17991923180397626, 'hidden_size': 31, 'dropout': 0.1411899717449698, 'hidden_continuous_size': 16, 'attention_head_size': 2, 'learning_rate': 0.08005628890436553}. Best is trial 32 with value: 694.9998168945312.
LOCAL_RANK: 0 - CUDA_VISIBLE_DEVICES: [0]
[I 2023-11-30 02:00:12,742] Trial 90 finished with value: 1016.8988647460938 and parameters: {'gradient_clip_val': 0.1820203367914066, 'hidden_size': 33, 'dropout': 0.1384317657387587, 'hidden_continuous_size': 17, 'attention_head_size': 4, 'learning_rate': 0.09031161513793745}. Best is trial 32 with value: 694.9998168945312.
LOCAL_RANK: 0 - CUDA_VISIBLE_DEVICES: [0]
[I 2023-11-30 02:00:25,079] Trial 91 finished with value: 921.960693359375 and parameters: {'gradient_clip_val': 0.15140624475193823, 'hidden_size': 31, 'dropout': 0.14621241673188037, 'hidden_continuous_size': 16, 'attention_head_size': 2, 'learning_rate': 0.07842747724131081}. Best is trial 32 with value: 694.9998168945312.
LOCAL_RANK: 0 - CUDA_VISIBLE_DEVICES: [0]
[I 2023-11-30 02:00:37,289] Trial 92 finished with value: 1000.75341796875 and parameters: {'gradient_clip_val': 0.20545052393052624, 'hidden_size': 36, 'dropout': 0.13214475747407833, 'hidden_continuous_size': 16, 'attention_head_size': 2, 'learning_rate': 0.06315830818211136}. Best is trial 32 with value: 694.9998168945312.
LOCAL_RANK: 0 - CUDA_VISIBLE_DEVICES: [0]
[I 2023-11-30 02:00:49,336] Trial 93 finished with value: 1181.3380126953125 and parameters: {'gradient_clip_val': 0.14428604441758255, 'hidden_size': 27, 'dropout': 0.16917555268323775, 'hidden_continuous_size': 15, 'attention_head_size': 2, 'learning_rate': 0.052679091630224224}. Best is trial 32 with value: 694.9998168945312.
LOCAL_RANK: 0 - CUDA_VISIBLE_DEVICES: [0]
[I 2023-11-30 02:01:01,141] Trial 94 finished with value: 946.0087280273438 and parameters: {'gradient_clip_val': 0.17269008903543628, 'hidden_size': 24, 'dropout': 0.1407259679069098, 'hidden_continuous_size': 14, 'attention_head_size': 2, 'learning_rate': 0.05843536052766304}. Best is trial 32 with value: 694.9998168945312.
LOCAL_RANK: 0 - CUDA_VISIBLE_DEVICES: [0]
[I 2023-11-30 02:01:13,214] Trial 95 finished with value: 852.2958984375 and parameters: {'gradient_clip_val': 0.13444122204062767, 'hidden_size': 29, 'dropout': 0.17926533875250056, 'hidden_continuous_size': 18, 'attention_head_size': 2, 'learning_rate': 0.06903987378399223}. Best is trial 32 with value: 694.9998168945312.
LOCAL_RANK: 0 - CUDA_VISIBLE_DEVICES: [0]
[I 2023-11-30 02:01:25,702] Trial 96 finished with value: 1123.3121337890625 and parameters: {'gradient_clip_val': 0.1939259028286669, 'hidden_size': 30, 'dropout': 0.17706099330672465, 'hidden_continuous_size': 18, 'attention_head_size': 3, 'learning_rate': 0.08221655535146641}. Best is trial 32 with value: 694.9998168945312.
LOCAL_RANK: 0 - CUDA_VISIBLE_DEVICES: [0]
[I 2023-11-30 02:01:38,231] Trial 97 finished with value: 1268.17724609375 and parameters: {'gradient_clip_val': 0.15804767895339342, 'hidden_size': 38, 'dropout': 0.15927694109826554, 'hidden_continuous_size': 20, 'attention_head_size': 2, 'learning_rate': 0.07036213116656403}. Best is trial 32 with value: 694.9998168945312.
LOCAL_RANK: 0 - CUDA_VISIBLE_DEVICES: [0]
[I 2023-11-30 02:01:50,581] Trial 98 finished with value: 938.2091674804688 and parameters: {'gradient_clip_val': 0.14061530286950694, 'hidden_size': 34, 'dropout': 0.129262523391464, 'hidden_continuous_size': 19, 'attention_head_size': 3, 'learning_rate': 0.09150144857670657}. Best is trial 32 with value: 694.9998168945312.
LOCAL_RANK: 0 - CUDA_VISIBLE_DEVICES: [0]
[I 2023-11-30 02:02:02,890] Trial 99 finished with value: 1046.5538330078125 and parameters: {'gradient_clip_val': 0.12986060827586624, 'hidden_size': 42, 'dropout': 0.16586517267207124, 'hidden_continuous_size': 17, 'attention_head_size': 1, 'learning_rate': 0.07895933071487184}. Best is trial 32 with value: 694.9998168945312.
LOCAL_RANK: 0 - CUDA_VISIBLE_DEVICES: [0]
[I 2023-11-30 02:02:15,087] Trial 100 finished with value: 1005.6459350585938 and parameters: {'gradient_clip_val': 0.14905797776043708, 'hidden_size': 36, 'dropout': 0.14371893656305876, 'hidden_continuous_size': 18, 'attention_head_size': 3, 'learning_rate': 0.06600492155087549}. Best is trial 32 with value: 694.9998168945312.
LOCAL_RANK: 0 - CUDA_VISIBLE_DEVICES: [0]
[I 2023-11-30 02:02:27,079] Trial 101 finished with value: 873.55517578125 and parameters: {'gradient_clip_val': 0.1246488170453875, 'hidden_size': 28, 'dropout': 0.152092140560602, 'hidden_continuous_size': 16, 'attention_head_size': 2, 'learning_rate': 0.0572473593997246}. Best is trial 32 with value: 694.9998168945312.
LOCAL_RANK: 0 - CUDA_VISIBLE_DEVICES: [0]
[I 2023-11-30 02:02:39,316] Trial 102 finished with value: 917.2649536132812 and parameters: {'gradient_clip_val': 0.13476100863079246, 'hidden_size': 30, 'dropout': 0.19260915354095373, 'hidden_continuous_size': 19, 'attention_head_size': 2, 'learning_rate': 0.050235531895257944}. Best is trial 32 with value: 694.9998168945312.
LOCAL_RANK: 0 - CUDA_VISIBLE_DEVICES: [0]
[I 2023-11-30 02:02:51,291] Trial 103 finished with value: 1044.7369384765625 and parameters: {'gradient_clip_val': 0.12628958278671326, 'hidden_size': 25, 'dropout': 0.1703812389092842, 'hidden_continuous_size': 15, 'attention_head_size': 2, 'learning_rate': 0.04505014046204851}. Best is trial 32 with value: 694.9998168945312.
LOCAL_RANK: 0 - CUDA_VISIBLE_DEVICES: [0]
[I 2023-11-30 02:03:03,530] Trial 104 finished with value: 1000.3325805664062 and parameters: {'gradient_clip_val': 0.1130772718865208, 'hidden_size': 31, 'dropout': 0.18358770551904652, 'hidden_continuous_size': 17, 'attention_head_size': 2, 'learning_rate': 0.07255229692222466}. Best is trial 32 with value: 694.9998168945312.
LOCAL_RANK: 0 - CUDA_VISIBLE_DEVICES: [0]
[I 2023-11-30 02:03:15,854] Trial 105 finished with value: 846.7516479492188 and parameters: {'gradient_clip_val': 0.1361455005636884, 'hidden_size': 33, 'dropout': 0.17921690224325548, 'hidden_continuous_size': 16, 'attention_head_size': 2, 'learning_rate': 0.061658500337795824}. Best is trial 32 with value: 694.9998168945312.
LOCAL_RANK: 0 - CUDA_VISIBLE_DEVICES: [0]
[I 2023-11-30 02:03:28,460] Trial 106 finished with value: 1102.5469970703125 and parameters: {'gradient_clip_val': 0.150124008990749, 'hidden_size': 40, 'dropout': 0.1487219661638905, 'hidden_continuous_size': 21, 'attention_head_size': 3, 'learning_rate': 0.06110332134207997}. Best is trial 32 with value: 694.9998168945312.
LOCAL_RANK: 0 - CUDA_VISIBLE_DEVICES: [0]
[I 2023-11-30 02:03:40,792] Trial 107 finished with value: 1013.4851684570312 and parameters: {'gradient_clip_val': 0.13712917352289597, 'hidden_size': 34, 'dropout': 0.17843474933001952, 'hidden_continuous_size': 17, 'attention_head_size': 2, 'learning_rate': 0.0931507280252121}. Best is trial 32 with value: 694.9998168945312.
LOCAL_RANK: 0 - CUDA_VISIBLE_DEVICES: [0]
[I 2023-11-30 02:03:53,303] Trial 108 finished with value: 1040.6861572265625 and parameters: {'gradient_clip_val': 0.16236798182036616, 'hidden_size': 44, 'dropout': 0.11579538825193772, 'hidden_continuous_size': 20, 'attention_head_size': 3, 'learning_rate': 0.08166837398457451}. Best is trial 32 with value: 694.9998168945312.
LOCAL_RANK: 0 - CUDA_VISIBLE_DEVICES: [0]
[I 2023-11-30 02:04:05,520] Trial 109 finished with value: 953.634765625 and parameters: {'gradient_clip_val': 0.28235193201257036, 'hidden_size': 33, 'dropout': 0.1387121593570215, 'hidden_continuous_size': 16, 'attention_head_size': 2, 'learning_rate': 0.039166680615476374}. Best is trial 32 with value: 694.9998168945312.
LOCAL_RANK: 0 - CUDA_VISIBLE_DEVICES: [0]
[I 2023-11-30 02:04:17,665] Trial 110 finished with value: 957.5296020507812 and parameters: {'gradient_clip_val': 0.11984008951799982, 'hidden_size': 27, 'dropout': 0.12788684590324276, 'hidden_continuous_size': 14, 'attention_head_size': 3, 'learning_rate': 0.06947341052016433}. Best is trial 32 with value: 694.9998168945312.
LOCAL_RANK: 0 - CUDA_VISIBLE_DEVICES: [0]
[I 2023-11-30 02:04:29,953] Trial 111 finished with value: 1035.9373779296875 and parameters: {'gradient_clip_val': 0.142343078509027, 'hidden_size': 29, 'dropout': 0.19316008710285407, 'hidden_continuous_size': 15, 'attention_head_size': 2, 'learning_rate': 0.05400822834251496}. Best is trial 32 with value: 694.9998168945312.
LOCAL_RANK: 0 - CUDA_VISIBLE_DEVICES: [0]
[I 2023-11-30 02:04:41,972] Trial 112 finished with value: 929.0193481445312 and parameters: {'gradient_clip_val': 0.13541674766460193, 'hidden_size': 32, 'dropout': 0.18207481194914044, 'hidden_continuous_size': 16, 'attention_head_size': 2, 'learning_rate': 0.06296742794614761}. Best is trial 32 with value: 694.9998168945312.
LOCAL_RANK: 0 - CUDA_VISIBLE_DEVICES: [0]
[I 2023-11-30 02:04:54,397] Trial 113 finished with value: 938.451171875 and parameters: {'gradient_clip_val': 0.15642850647152204, 'hidden_size': 37, 'dropout': 0.19973983202012252, 'hidden_continuous_size': 22, 'attention_head_size': 2, 'learning_rate': 0.048421436790074664}. Best is trial 32 with value: 694.9998168945312.
LOCAL_RANK: 0 - CUDA_VISIBLE_DEVICES: [0]
[I 2023-11-30 02:05:06,208] Trial 114 finished with value: 1012.4131469726562 and parameters: {'gradient_clip_val': 0.1291197015304115, 'hidden_size': 24, 'dropout': 0.16045403484100274, 'hidden_continuous_size': 14, 'attention_head_size': 2, 'learning_rate': 0.07838281105028604}. Best is trial 32 with value: 694.9998168945312.
LOCAL_RANK: 0 - CUDA_VISIBLE_DEVICES: [0]
[I 2023-11-30 02:05:18,225] Trial 115 finished with value: 800.64794921875 and parameters: {'gradient_clip_val': 0.1715832237174898, 'hidden_size': 22, 'dropout': 0.20868470565878935, 'hidden_continuous_size': 15, 'attention_head_size': 2, 'learning_rate': 0.04182259964804486}. Best is trial 32 with value: 694.9998168945312.
LOCAL_RANK: 0 - CUDA_VISIBLE_DEVICES: [0]
[I 2023-11-30 02:05:30,315] Trial 116 finished with value: 1118.8538818359375 and parameters: {'gradient_clip_val': 0.17724808773307277, 'hidden_size': 27, 'dropout': 0.1726835560704253, 'hidden_continuous_size': 15, 'attention_head_size': 2, 'learning_rate': 0.07159964271074684}. Best is trial 32 with value: 694.9998168945312.
LOCAL_RANK: 0 - CUDA_VISIBLE_DEVICES: [0]
[I 2023-11-30 02:05:42,420] Trial 117 finished with value: 957.5537109375 and parameters: {'gradient_clip_val': 0.1710865102128621, 'hidden_size': 21, 'dropout': 0.20395209960031474, 'hidden_continuous_size': 15, 'attention_head_size': 4, 'learning_rate': 0.09964312931218768}. Best is trial 32 with value: 694.9998168945312.
LOCAL_RANK: 0 - CUDA_VISIBLE_DEVICES: [0]
[I 2023-11-30 02:05:54,360] Trial 118 finished with value: 892.7872924804688 and parameters: {'gradient_clip_val': 0.14880022071216964, 'hidden_size': 22, 'dropout': 0.16852584307526058, 'hidden_continuous_size': 16, 'attention_head_size': 3, 'learning_rate': 0.04294128744531796}. Best is trial 32 with value: 694.9998168945312.
LOCAL_RANK: 0 - CUDA_VISIBLE_DEVICES: [0]
[I 2023-11-30 02:06:06,759] Trial 119 finished with value: 928.1505737304688 and parameters: {'gradient_clip_val': 0.16634095529734302, 'hidden_size': 39, 'dropout': 0.2117511135936266, 'hidden_continuous_size': 19, 'attention_head_size': 2, 'learning_rate': 0.059643792194126445}. Best is trial 32 with value: 694.9998168945312.
LOCAL_RANK: 0 - CUDA_VISIBLE_DEVICES: [0]
[I 2023-11-30 02:06:19,244] Trial 120 finished with value: 841.857666015625 and parameters: {'gradient_clip_val': 0.18960230075718837, 'hidden_size': 35, 'dropout': 0.1555092311181015, 'hidden_continuous_size': 18, 'attention_head_size': 3, 'learning_rate': 0.08546509716300307}. Best is trial 32 with value: 694.9998168945312.
LOCAL_RANK: 0 - CUDA_VISIBLE_DEVICES: [0]
[I 2023-11-30 02:06:31,808] Trial 121 finished with value: 991.2741088867188 and parameters: {'gradient_clip_val': 0.17778686297659935, 'hidden_size': 31, 'dropout': 0.15560575411251498, 'hidden_continuous_size': 18, 'attention_head_size': 3, 'learning_rate': 0.08514872160630106}. Best is trial 32 with value: 694.9998168945312.
LOCAL_RANK: 0 - CUDA_VISIBLE_DEVICES: [0]
[I 2023-11-30 02:06:44,155] Trial 122 finished with value: 1085.3851318359375 and parameters: {'gradient_clip_val': 0.18741318735209958, 'hidden_size': 35, 'dropout': 0.1911179577773883, 'hidden_continuous_size': 17, 'attention_head_size': 3, 'learning_rate': 0.06858687164695022}. Best is trial 32 with value: 694.9998168945312.
LOCAL_RANK: 0 - CUDA_VISIBLE_DEVICES: [0]
[I 2023-11-30 02:06:56,410] Trial 123 finished with value: 916.4677734375 and parameters: {'gradient_clip_val': 0.21396369162378345, 'hidden_size': 29, 'dropout': 0.16396774168178083, 'hidden_continuous_size': 18, 'attention_head_size': 3, 'learning_rate': 0.06390315029466521}. Best is trial 32 with value: 694.9998168945312.
LOCAL_RANK: 0 - CUDA_VISIBLE_DEVICES: [0]
[I 2023-11-30 02:07:08,613] Trial 124 finished with value: 1095.4600830078125 and parameters: {'gradient_clip_val': 0.15998293349732545, 'hidden_size': 35, 'dropout': 0.14887346872448648, 'hidden_continuous_size': 17, 'attention_head_size': 3, 'learning_rate': 0.0760355698901879}. Best is trial 32 with value: 694.9998168945312.
LOCAL_RANK: 0 - CUDA_VISIBLE_DEVICES: [0]
[I 2023-11-30 02:07:20,973] Trial 125 finished with value: 1031.7344970703125 and parameters: {'gradient_clip_val': 0.19042756150951398, 'hidden_size': 33, 'dropout': 0.17571018042964792, 'hidden_continuous_size': 19, 'attention_head_size': 3, 'learning_rate': 0.08627583780018766}. Best is trial 32 with value: 694.9998168945312.
LOCAL_RANK: 0 - CUDA_VISIBLE_DEVICES: [0]
[I 2023-11-30 02:07:33,588] Trial 126 finished with value: 841.3175659179688 and parameters: {'gradient_clip_val': 0.2000282735273649, 'hidden_size': 41, 'dropout': 0.13355653848903598, 'hidden_continuous_size': 13, 'attention_head_size': 3, 'learning_rate': 0.05129467690482838}. Best is trial 32 with value: 694.9998168945312.
LOCAL_RANK: 0 - CUDA_VISIBLE_DEVICES: [0]
[I 2023-11-30 02:07:45,950] Trial 127 finished with value: 1005.4254760742188 and parameters: {'gradient_clip_val': 0.1970209715353182, 'hidden_size': 48, 'dropout': 0.13372493485165562, 'hidden_continuous_size': 13, 'attention_head_size': 2, 'learning_rate': 0.05055759745503681}. Best is trial 32 with value: 694.9998168945312.
LOCAL_RANK: 0 - CUDA_VISIBLE_DEVICES: [0]
[I 2023-11-30 02:07:58,323] Trial 128 finished with value: 1271.029541015625 and parameters: {'gradient_clip_val': 0.20202433924402247, 'hidden_size': 41, 'dropout': 0.12355398647129365, 'hidden_continuous_size': 22, 'attention_head_size': 3, 'learning_rate': 0.05523815140696149}. Best is trial 32 with value: 694.9998168945312.
LOCAL_RANK: 0 - CUDA_VISIBLE_DEVICES: [0]
[I 2023-11-30 02:08:10,723] Trial 129 finished with value: 1236.8072509765625 and parameters: {'gradient_clip_val': 0.18054694992203477, 'hidden_size': 37, 'dropout': 0.1392246654180308, 'hidden_continuous_size': 20, 'attention_head_size': 2, 'learning_rate': 0.036531198779120276}. Best is trial 32 with value: 694.9998168945312.
LOCAL_RANK: 0 - CUDA_VISIBLE_DEVICES: [0]
[I 2023-11-30 02:08:23,169] Trial 130 finished with value: 804.9712524414062 and parameters: {'gradient_clip_val': 0.16933368662774126, 'hidden_size': 43, 'dropout': 0.13297593418917247, 'hidden_continuous_size': 18, 'attention_head_size': 2, 'learning_rate': 0.09992775062353214}. Best is trial 32 with value: 694.9998168945312.
LOCAL_RANK: 0 - CUDA_VISIBLE_DEVICES: [0]
[I 2023-11-30 02:08:35,928] Trial 131 finished with value: 973.3361206054688 and parameters: {'gradient_clip_val': 0.16806239930952888, 'hidden_size': 46, 'dropout': 0.14166782970700428, 'hidden_continuous_size': 18, 'attention_head_size': 2, 'learning_rate': 0.0993885748327622}. Best is trial 32 with value: 694.9998168945312.
LOCAL_RANK: 0 - CUDA_VISIBLE_DEVICES: [0]
[I 2023-11-30 02:08:48,342] Trial 132 finished with value: 964.7409057617188 and parameters: {'gradient_clip_val': 0.15419730972460477, 'hidden_size': 44, 'dropout': 0.131086434639246, 'hidden_continuous_size': 19, 'attention_head_size': 2, 'learning_rate': 0.08799272132821799}. Best is trial 32 with value: 694.9998168945312.
LOCAL_RANK: 0 - CUDA_VISIBLE_DEVICES: [0]
