[I 2023-11-30 07:35:23,320] Trial 5 finished with value: 34.52455139160156 and parameters: {'gradient_clip_val': 0.1951948589394785, 'hidden_size': 72, 'dropout': 0.21714914041259575, 'hidden_continuous_size': 20, 'attention_head_size': 3, 'learning_rate': 0.022534460749453776}. Best is trial 4 with value: 30.46259117126465.
LOCAL_RANK: 0 - CUDA_VISIBLE_DEVICES: [0]
[I 2023-11-30 07:35:36,495] Trial 6 finished with value: 36.34535217285156 and parameters: {'gradient_clip_val': 0.5110652987063479, 'hidden_size': 81, 'dropout': 0.2995065129171006, 'hidden_continuous_size': 10, 'attention_head_size': 2, 'learning_rate': 0.04528502565903377}. Best is trial 4 with value: 30.46259117126465.
LOCAL_RANK: 0 - CUDA_VISIBLE_DEVICES: [0]
[I 2023-11-30 07:35:49,734] Trial 7 finished with value: 37.31692123413086 and parameters: {'gradient_clip_val': 0.4900786268517869, 'hidden_size': 88, 'dropout': 0.38890869882815005, 'hidden_continuous_size': 12, 'attention_head_size': 2, 'learning_rate': 0.0044353417735722355}. Best is trial 4 with value: 30.46259117126465.
LOCAL_RANK: 0 - CUDA_VISIBLE_DEVICES: [0]
[I 2023-11-30 07:36:02,277] Trial 8 finished with value: 34.470035552978516 and parameters: {'gradient_clip_val': 0.9786408628648562, 'hidden_size': 42, 'dropout': 0.23682767176295097, 'hidden_continuous_size': 12, 'attention_head_size': 2, 'learning_rate': 0.022655540416545324}. Best is trial 4 with value: 30.46259117126465.
LOCAL_RANK: 0 - CUDA_VISIBLE_DEVICES: [0]
[I 2023-11-30 07:36:14,560] Trial 9 finished with value: 71.86788177490234 and parameters: {'gradient_clip_val': 0.6243781204660694, 'hidden_size': 18, 'dropout': 0.3956126780764604, 'hidden_continuous_size': 11, 'attention_head_size': 2, 'learning_rate': 0.003810681425261343}. Best is trial 4 with value: 30.46259117126465.
LOCAL_RANK: 0 - CUDA_VISIBLE_DEVICES: [0]
[I 2023-11-30 07:36:27,276] Trial 10 finished with value: 66.03839111328125 and parameters: {'gradient_clip_val': 0.31605428978171335, 'hidden_size': 37, 'dropout': 0.1036670945750143, 'hidden_continuous_size': 36, 'attention_head_size': 1, 'learning_rate': 0.0011504151269641832}. Best is trial 4 with value: 30.46259117126465.
LOCAL_RANK: 0 - CUDA_VISIBLE_DEVICES: [0]
[I 2023-11-30 07:36:41,779] Trial 11 finished with value: 43.63038635253906 and parameters: {'gradient_clip_val': 0.33872966289126144, 'hidden_size': 143, 'dropout': 0.3431551499133202, 'hidden_continuous_size': 71, 'attention_head_size': 3, 'learning_rate': 0.0076592334976176716}. Best is trial 4 with value: 30.46259117126465.
LOCAL_RANK: 0 - CUDA_VISIBLE_DEVICES: [0]
[I 2023-11-30 07:36:56,494] Trial 12 finished with value: 40.98380661010742 and parameters: {'gradient_clip_val': 0.6768091488598653, 'hidden_size': 150, 'dropout': 0.3395459373309516, 'hidden_continuous_size': 68, 'attention_head_size': 4, 'learning_rate': 0.008785472548019759}. Best is trial 4 with value: 30.46259117126465.
LOCAL_RANK: 0 - CUDA_VISIBLE_DEVICES: [0]
[I 2023-11-30 07:37:10,625] Trial 13 finished with value: 30.917837142944336 and parameters: {'gradient_clip_val': 0.42311619258692623, 'hidden_size': 104, 'dropout': 0.34454810105884237, 'hidden_continuous_size': 49, 'attention_head_size': 3, 'learning_rate': 0.0026357214667963157}. Best is trial 4 with value: 30.46259117126465.
LOCAL_RANK: 0 - CUDA_VISIBLE_DEVICES: [0]
[I 2023-11-30 07:37:24,083] Trial 14 finished with value: 38.83331298828125 and parameters: {'gradient_clip_val': 0.37322481904755583, 'hidden_size': 57, 'dropout': 0.33844191386951933, 'hidden_continuous_size': 46, 'attention_head_size': 3, 'learning_rate': 0.0021219480103397315}. Best is trial 4 with value: 30.46259117126465.
LOCAL_RANK: 0 - CUDA_VISIBLE_DEVICES: [0]
[I 2023-11-30 07:37:38,381] Trial 15 finished with value: 31.129493713378906 and parameters: {'gradient_clip_val': 0.752703869816766, 'hidden_size': 109, 'dropout': 0.3089844507734733, 'hidden_continuous_size': 87, 'attention_head_size': 4, 'learning_rate': 0.0028837321229077217}. Best is trial 4 with value: 30.46259117126465.
LOCAL_RANK: 0 - CUDA_VISIBLE_DEVICES: [0]
[I 2023-11-30 07:37:52,263] Trial 16 finished with value: 42.11234664916992 and parameters: {'gradient_clip_val': 0.4385522653046134, 'hidden_size': 99, 'dropout': 0.35726310820929197, 'hidden_continuous_size': 53, 'attention_head_size': 1, 'learning_rate': 0.001052113617046015}. Best is trial 4 with value: 30.46259117126465.
LOCAL_RANK: 0 - CUDA_VISIBLE_DEVICES: [0]
[I 2023-11-30 07:38:05,554] Trial 17 finished with value: 32.70634841918945 and parameters: {'gradient_clip_val': 0.26992929778925384, 'hidden_size': 60, 'dropout': 0.3609237782497838, 'hidden_continuous_size': 38, 'attention_head_size': 3, 'learning_rate': 0.005282761515377684}. Best is trial 4 with value: 30.46259117126465.
LOCAL_RANK: 0 - CUDA_VISIBLE_DEVICES: [0]
[I 2023-11-30 07:38:20,063] Trial 18 finished with value: 29.5454158782959 and parameters: {'gradient_clip_val': 0.6381743524923471, 'hidden_size': 102, 'dropout': 0.30494287529021413, 'hidden_continuous_size': 94, 'attention_head_size': 3, 'learning_rate': 0.002106393529204883}. Best is trial 18 with value: 29.5454158782959.
LOCAL_RANK: 0 - CUDA_VISIBLE_DEVICES: [0]
[I 2023-11-30 07:38:33,832] Trial 19 finished with value: 42.42072677612305 and parameters: {'gradient_clip_val': 0.6472450251403434, 'hidden_size': 73, 'dropout': 0.27411193717552984, 'hidden_continuous_size': 59, 'attention_head_size': 2, 'learning_rate': 0.001496944304197651}. Best is trial 18 with value: 29.5454158782959.
LOCAL_RANK: 0 - CUDA_VISIBLE_DEVICES: [0]
[I 2023-11-30 07:38:48,173] Trial 20 finished with value: 29.9152774810791 and parameters: {'gradient_clip_val': 0.987892060836854, 'hidden_size': 109, 'dropout': 0.30755327063444726, 'hidden_continuous_size': 99, 'attention_head_size': 4, 'learning_rate': 0.001972862466932181}. Best is trial 18 with value: 29.5454158782959.
LOCAL_RANK: 0 - CUDA_VISIBLE_DEVICES: [0]
[I 2023-11-30 07:39:02,640] Trial 21 finished with value: 31.32508087158203 and parameters: {'gradient_clip_val': 0.9638807646524635, 'hidden_size': 106, 'dropout': 0.3130646557346081, 'hidden_continuous_size': 101, 'attention_head_size': 4, 'learning_rate': 0.0019273152960320695}. Best is trial 18 with value: 29.5454158782959.
LOCAL_RANK: 0 - CUDA_VISIBLE_DEVICES: [0]
[I 2023-11-30 07:39:17,527] Trial 22 finished with value: 32.520774841308594 and parameters: {'gradient_clip_val': 0.7746030125544381, 'hidden_size': 148, 'dropout': 0.31274180586653455, 'hidden_continuous_size': 143, 'attention_head_size': 4, 'learning_rate': 0.0028783132300996737}. Best is trial 18 with value: 29.5454158782959.
LOCAL_RANK: 0 - CUDA_VISIBLE_DEVICES: [0]
[I 2023-11-30 07:39:32,051] Trial 23 finished with value: 28.94732093811035 and parameters: {'gradient_clip_val': 0.8379482769054987, 'hidden_size': 110, 'dropout': 0.3688460766813012, 'hidden_continuous_size': 81, 'attention_head_size': 4, 'learning_rate': 0.0014101149584096492}. Best is trial 23 with value: 28.94732093811035.
LOCAL_RANK: 0 - CUDA_VISIBLE_DEVICES: [0]
[I 2023-11-30 07:39:46,257] Trial 24 finished with value: 51.1024055480957 and parameters: {'gradient_clip_val': 0.8573639124067091, 'hidden_size': 90, 'dropout': 0.2704246928722528, 'hidden_continuous_size': 70, 'attention_head_size': 4, 'learning_rate': 0.0010137560211851782}. Best is trial 23 with value: 28.94732093811035.
LOCAL_RANK: 0 - CUDA_VISIBLE_DEVICES: [0]
[I 2023-11-30 07:40:00,705] Trial 25 finished with value: 28.48173713684082 and parameters: {'gradient_clip_val': 0.9883649377160055, 'hidden_size': 118, 'dropout': 0.325795735718022, 'hidden_continuous_size': 98, 'attention_head_size': 4, 'learning_rate': 0.001580745554621168}. Best is trial 25 with value: 28.48173713684082.
LOCAL_RANK: 0 - CUDA_VISIBLE_DEVICES: [0]
[I 2023-11-30 07:40:14,465] Trial 26 finished with value: 43.05717849731445 and parameters: {'gradient_clip_val': 0.7418976007828906, 'hidden_size': 67, 'dropout': 0.37185605198882077, 'hidden_continuous_size': 45, 'attention_head_size': 4, 'learning_rate': 0.0013803897999066575}. Best is trial 25 with value: 28.48173713684082.
LOCAL_RANK: 0 - CUDA_VISIBLE_DEVICES: [0]
[I 2023-11-30 07:40:28,427] Trial 27 finished with value: 34.90687561035156 and parameters: {'gradient_clip_val': 0.8210200081149699, 'hidden_size': 90, 'dropout': 0.3287992117780725, 'hidden_continuous_size': 66, 'attention_head_size': 3, 'learning_rate': 0.0012617179385941777}. Best is trial 25 with value: 28.48173713684082.
LOCAL_RANK: 0 - CUDA_VISIBLE_DEVICES: [0]
[I 2023-11-30 07:40:43,334] Trial 28 finished with value: 28.7048282623291 and parameters: {'gradient_clip_val': 0.6920969275659874, 'hidden_size': 126, 'dropout': 0.37240605456521486, 'hidden_continuous_size': 123, 'attention_head_size': 4, 'learning_rate': 0.001457546904270671}. Best is trial 25 with value: 28.48173713684082.
LOCAL_RANK: 0 - CUDA_VISIBLE_DEVICES: [0]
[I 2023-11-30 07:40:58,072] Trial 29 finished with value: 27.351224899291992 and parameters: {'gradient_clip_val': 0.5615594491845874, 'hidden_size': 132, 'dropout': 0.3749425715990047, 'hidden_continuous_size': 130, 'attention_head_size': 4, 'learning_rate': 0.0014109972081412742}. Best is trial 29 with value: 27.351224899291992.
LOCAL_RANK: 0 - CUDA_VISIBLE_DEVICES: [0]
[I 2023-11-30 07:41:12,102] Trial 30 finished with value: 41.355953216552734 and parameters: {'gradient_clip_val': 0.5457941778844516, 'hidden_size': 82, 'dropout': 0.3750770949040883, 'hidden_continuous_size': 59, 'attention_head_size': 4, 'learning_rate': 0.0015610957078657308}. Best is trial 29 with value: 27.351224899291992.
LOCAL_RANK: 0 - CUDA_VISIBLE_DEVICES: [0]
[I 2023-11-30 07:41:23,085] Trial 31 finished with value: 28.023401260375977 and parameters: {'gradient_clip_val': 0.721239575060417, 'hidden_size': 127, 'dropout': 0.37730548108395967, 'hidden_continuous_size': 127, 'attention_head_size': 4, 'learning_rate': 0.0014370448162638618}. Best is trial 29 with value: 27.351224899291992.
LOCAL_RANK: 0 - CUDA_VISIBLE_DEVICES: [0]
[I 2023-11-30 07:41:37,835] Trial 32 finished with value: 29.49964714050293 and parameters: {'gradient_clip_val': 0.6910160437836754, 'hidden_size': 131, 'dropout': 0.3825942020635859, 'hidden_continuous_size': 127, 'attention_head_size': 4, 'learning_rate': 0.0010347478451609782}. Best is trial 29 with value: 27.351224899291992.
LOCAL_RANK: 0 - CUDA_VISIBLE_DEVICES: [0]
[I 2023-11-30 07:41:52,510] Trial 33 finished with value: 27.289627075195312 and parameters: {'gradient_clip_val': 0.5615582313804823, 'hidden_size': 126, 'dropout': 0.39683691470196064, 'hidden_continuous_size': 118, 'attention_head_size': 4, 'learning_rate': 0.00143947009545531}. Best is trial 33 with value: 27.289627075195312.
LOCAL_RANK: 0 - CUDA_VISIBLE_DEVICES: [0]
[I 2023-11-30 07:42:06,977] Trial 34 finished with value: 28.714332580566406 and parameters: {'gradient_clip_val': 0.5898083421801434, 'hidden_size': 124, 'dropout': 0.39746214062304625, 'hidden_continuous_size': 104, 'attention_head_size': 4, 'learning_rate': 0.0029842978311968413}. Best is trial 33 with value: 27.289627075195312.
LOCAL_RANK: 0 - CUDA_VISIBLE_DEVICES: [0]
[I 2023-11-30 07:42:21,384] Trial 35 finished with value: 30.201486587524414 and parameters: {'gradient_clip_val': 0.5525341603758129, 'hidden_size': 132, 'dropout': 0.3997248515285726, 'hidden_continuous_size': 112, 'attention_head_size': 4, 'learning_rate': 0.0018572741779198758}. Best is trial 33 with value: 27.289627075195312.
LOCAL_RANK: 0 - CUDA_VISIBLE_DEVICES: [0]
[I 2023-11-30 07:42:36,327] Trial 36 finished with value: 34.02370071411133 and parameters: {'gradient_clip_val': 0.49136046910194797, 'hidden_size': 150, 'dropout': 0.3585688455868352, 'hidden_continuous_size': 147, 'attention_head_size': 3, 'learning_rate': 0.0036358504960305976}. Best is trial 33 with value: 27.289627075195312.
LOCAL_RANK: 0 - CUDA_VISIBLE_DEVICES: [0]
[I 2023-11-30 07:42:50,778] Trial 37 finished with value: 29.5848445892334 and parameters: {'gradient_clip_val': 0.8824965252701985, 'hidden_size': 122, 'dropout': 0.3822032280597383, 'hidden_continuous_size': 84, 'attention_head_size': 4, 'learning_rate': 0.001809010941220169}. Best is trial 33 with value: 27.289627075195312.
LOCAL_RANK: 0 - CUDA_VISIBLE_DEVICES: [0]
[I 2023-11-30 07:43:05,593] Trial 38 finished with value: 27.119211196899414 and parameters: {'gradient_clip_val': 0.5872422950478339, 'hidden_size': 129, 'dropout': 0.35731550478913415, 'hidden_continuous_size': 107, 'attention_head_size': 4, 'learning_rate': 0.0024522259456361637}. Best is trial 38 with value: 27.119211196899414.
LOCAL_RANK: 0 - CUDA_VISIBLE_DEVICES: [0]
[I 2023-11-30 07:43:19,651] Trial 39 finished with value: 35.00984191894531 and parameters: {'gradient_clip_val': 0.5527911520501301, 'hidden_size': 88, 'dropout': 0.3536990939234662, 'hidden_continuous_size': 77, 'attention_head_size': 3, 'learning_rate': 0.002608458929625756}. Best is trial 38 with value: 27.119211196899414.
LOCAL_RANK: 0 - CUDA_VISIBLE_DEVICES: [0]
[I 2023-11-30 07:43:34,313] Trial 40 finished with value: 35.43583679199219 and parameters: {'gradient_clip_val': 0.4578665408579052, 'hidden_size': 135, 'dropout': 0.38696099739721357, 'hidden_continuous_size': 92, 'attention_head_size': 4, 'learning_rate': 0.005351597559291606}. Best is trial 38 with value: 27.119211196899414.
LOCAL_RANK: 0 - CUDA_VISIBLE_DEVICES: [0]
[I 2023-11-30 07:43:48,550] Trial 41 finished with value: 32.76345443725586 and parameters: {'gradient_clip_val': 0.717940041566331, 'hidden_size': 116, 'dropout': 0.38377857776056284, 'hidden_continuous_size': 92, 'attention_head_size': 4, 'learning_rate': 0.0013513892320902083}. Best is trial 38 with value: 27.119211196899414.
LOCAL_RANK: 0 - CUDA_VISIBLE_DEVICES: [0]
[I 2023-11-30 07:44:03,157] Trial 42 finished with value: 28.385215759277344 and parameters: {'gradient_clip_val': 0.5692300244062498, 'hidden_size': 127, 'dropout': 0.3293013016770374, 'hidden_continuous_size': 110, 'attention_head_size': 4, 'learning_rate': 0.0016980384792323075}. Best is trial 38 with value: 27.119211196899414.
LOCAL_RANK: 0 - CUDA_VISIBLE_DEVICES: [0]
[I 2023-11-30 07:44:17,442] Trial 43 finished with value: 28.644851684570312 and parameters: {'gradient_clip_val': 0.599309377709796, 'hidden_size': 96, 'dropout': 0.3544060800794701, 'hidden_continuous_size': 82, 'attention_head_size': 4, 'learning_rate': 0.002245195511843582}. Best is trial 38 with value: 27.119211196899414.
LOCAL_RANK: 0 - CUDA_VISIBLE_DEVICES: [0]
[I 2023-11-30 07:44:32,136] Trial 44 finished with value: 27.984588623046875 and parameters: {'gradient_clip_val': 0.5182924645205285, 'hidden_size': 133, 'dropout': 0.399132450084018, 'hidden_continuous_size': 113, 'attention_head_size': 4, 'learning_rate': 0.0012676552426465562}. Best is trial 38 with value: 27.119211196899414.
LOCAL_RANK: 0 - CUDA_VISIBLE_DEVICES: [0]
[I 2023-11-30 07:44:46,947] Trial 45 finished with value: 30.251089096069336 and parameters: {'gradient_clip_val': 0.5292344908496895, 'hidden_size': 141, 'dropout': 0.3915614638911611, 'hidden_continuous_size': 114, 'attention_head_size': 4, 'learning_rate': 0.001186469538956804}. Best is trial 38 with value: 27.119211196899414.
LOCAL_RANK: 0 - CUDA_VISIBLE_DEVICES: [0]
[I 2023-11-30 07:45:00,993] Trial 46 finished with value: 46.37977981567383 and parameters: {'gradient_clip_val': 0.4713732867086106, 'hidden_size': 78, 'dropout': 0.39959475672564754, 'hidden_continuous_size': 72, 'attention_head_size': 3, 'learning_rate': 0.0012323835840569405}. Best is trial 38 with value: 27.119211196899414.
LOCAL_RANK: 0 - CUDA_VISIBLE_DEVICES: [0]
[I 2023-11-30 07:45:15,290] Trial 47 finished with value: 27.58161163330078 and parameters: {'gradient_clip_val': 0.4001202464953865, 'hidden_size': 97, 'dropout': 0.37200243177603215, 'hidden_continuous_size': 83, 'attention_head_size': 4, 'learning_rate': 0.0024104362920165556}. Best is trial 38 with value: 27.119211196899414.
LOCAL_RANK: 0 - CUDA_VISIBLE_DEVICES: [0]
[I 2023-11-30 07:45:29,571] Trial 48 finished with value: 30.894556045532227 and parameters: {'gradient_clip_val': 0.40033502095481593, 'hidden_size': 97, 'dropout': 0.36107134157054577, 'hidden_continuous_size': 84, 'attention_head_size': 3, 'learning_rate': 0.0023571179324179408}. Best is trial 38 with value: 27.119211196899414.
LOCAL_RANK: 0 - CUDA_VISIBLE_DEVICES: [0]
[I 2023-11-30 07:45:43,931] Trial 49 finished with value: 31.03916358947754 and parameters: {'gradient_clip_val': 0.4995630113837713, 'hidden_size': 109, 'dropout': 0.347036617657399, 'hidden_continuous_size': 91, 'attention_head_size': 4, 'learning_rate': 0.0033112350328672107}. Best is trial 38 with value: 27.119211196899414.
LOCAL_RANK: 0 - CUDA_VISIBLE_DEVICES: [0]
[I 2023-11-30 07:45:58,804] Trial 50 finished with value: 29.666059494018555 and parameters: {'gradient_clip_val': 0.41433076966419424, 'hidden_size': 139, 'dropout': 0.37015025724484396, 'hidden_continuous_size': 118, 'attention_head_size': 4, 'learning_rate': 0.002461624062949073}. Best is trial 38 with value: 27.119211196899414.
LOCAL_RANK: 0 - CUDA_VISIBLE_DEVICES: [0]
[I 2023-11-30 07:46:13,829] Trial 51 finished with value: 29.197404861450195 and parameters: {'gradient_clip_val': 0.6227367549273629, 'hidden_size': 150, 'dropout': 0.38212046300046126, 'hidden_continuous_size': 133, 'attention_head_size': 4, 'learning_rate': 0.0012049128766610042}. Best is trial 38 with value: 27.119211196899414.
LOCAL_RANK: 0 - CUDA_VISIBLE_DEVICES: [0]
[I 2023-11-30 07:46:28,403] Trial 52 finished with value: 29.23691749572754 and parameters: {'gradient_clip_val': 0.4934255838780844, 'hidden_size': 119, 'dropout': 0.37762561846202986, 'hidden_continuous_size': 106, 'attention_head_size': 4, 'learning_rate': 0.0018183159913983582}. Best is trial 38 with value: 27.119211196899414.
LOCAL_RANK: 0 - CUDA_VISIBLE_DEVICES: [0]
[I 2023-11-30 07:46:42,917] Trial 53 finished with value: 30.673921585083008 and parameters: {'gradient_clip_val': 0.4406897152315417, 'hidden_size': 99, 'dropout': 0.3892423328300998, 'hidden_continuous_size': 90, 'attention_head_size': 4, 'learning_rate': 0.001629472325835835}. Best is trial 38 with value: 27.119211196899414.
LOCAL_RANK: 0 - CUDA_VISIBLE_DEVICES: [0]
[I 2023-11-30 07:46:57,625] Trial 54 finished with value: 37.24034881591797 and parameters: {'gradient_clip_val': 0.6497820719280764, 'hidden_size': 131, 'dropout': 0.36374217301948136, 'hidden_continuous_size': 114, 'attention_head_size': 4, 'learning_rate': 0.00233418718347861}. Best is trial 38 with value: 27.119211196899414.
LOCAL_RANK: 0 - CUDA_VISIBLE_DEVICES: [0]
[I 2023-11-30 07:47:11,880] Trial 55 finished with value: 30.519439697265625 and parameters: {'gradient_clip_val': 0.372565561798763, 'hidden_size': 114, 'dropout': 0.347072967809929, 'hidden_continuous_size': 101, 'attention_head_size': 1, 'learning_rate': 0.001062122832661772}. Best is trial 38 with value: 27.119211196899414.
LOCAL_RANK: 0 - CUDA_VISIBLE_DEVICES: [0]
[I 2023-11-30 07:47:26,220] Trial 56 finished with value: 30.33551025390625 and parameters: {'gradient_clip_val': 0.5158193701516971, 'hidden_size': 98, 'dropout': 0.38799651515969624, 'hidden_continuous_size': 88, 'attention_head_size': 4, 'learning_rate': 0.00397820257973403}. Best is trial 38 with value: 27.119211196899414.
LOCAL_RANK: 0 - CUDA_VISIBLE_DEVICES: [0]
[I 2023-11-30 07:47:40,698] Trial 57 finished with value: 29.997861862182617 and parameters: {'gradient_clip_val': 0.5840364415302972, 'hidden_size': 136, 'dropout': 0.3687287016221066, 'hidden_continuous_size': 124, 'attention_head_size': 3, 'learning_rate': 0.002059526567608087}. Best is trial 38 with value: 27.119211196899414.
LOCAL_RANK: 0 - CUDA_VISIBLE_DEVICES: [0]
[I 2023-11-30 07:47:55,357] Trial 58 finished with value: 30.23929786682129 and parameters: {'gradient_clip_val': 0.4556258174059642, 'hidden_size': 115, 'dropout': 0.3988523362470069, 'hidden_continuous_size': 101, 'attention_head_size': 4, 'learning_rate': 0.0013839663889689364}. Best is trial 38 with value: 27.119211196899414.
LOCAL_RANK: 0 - CUDA_VISIBLE_DEVICES: [0]
[I 2023-11-30 07:48:10,267] Trial 59 finished with value: 28.1224365234375 and parameters: {'gradient_clip_val': 0.6575247612135341, 'hidden_size': 150, 'dropout': 0.3788416888514577, 'hidden_continuous_size': 136, 'attention_head_size': 4, 'learning_rate': 0.0016852056255951084}. Best is trial 38 with value: 27.119211196899414.
LOCAL_RANK: 0 - CUDA_VISIBLE_DEVICES: [0]
[I 2023-11-30 07:48:24,645] Trial 60 finished with value: 29.35944175720215 and parameters: {'gradient_clip_val': 0.7695644814638395, 'hidden_size': 103, 'dropout': 0.35135438022328563, 'hidden_continuous_size': 95, 'attention_head_size': 4, 'learning_rate': 0.003106561845401085}. Best is trial 38 with value: 27.119211196899414.
LOCAL_RANK: 0 - CUDA_VISIBLE_DEVICES: [0]
[I 2023-11-30 07:48:39,502] Trial 61 finished with value: 27.942800521850586 and parameters: {'gradient_clip_val': 0.6411093106944623, 'hidden_size': 150, 'dropout': 0.3766039888743485, 'hidden_continuous_size': 136, 'attention_head_size': 4, 'learning_rate': 0.0016560931389654671}. Best is trial 38 with value: 27.119211196899414.
LOCAL_RANK: 0 - CUDA_VISIBLE_DEVICES: [0]
[I 2023-11-30 07:48:54,128] Trial 62 finished with value: 31.073453903198242 and parameters: {'gradient_clip_val': 0.5990488182281625, 'hidden_size': 125, 'dropout': 0.36354705576878665, 'hidden_continuous_size': 109, 'attention_head_size': 4, 'learning_rate': 0.002137303351936767}. Best is trial 38 with value: 27.119211196899414.
LOCAL_RANK: 0 - CUDA_VISIBLE_DEVICES: [0]
[I 2023-11-30 07:49:08,980] Trial 63 finished with value: 29.87994384765625 and parameters: {'gradient_clip_val': 0.7166258547217472, 'hidden_size': 140, 'dropout': 0.3907076327722997, 'hidden_continuous_size': 124, 'attention_head_size': 4, 'learning_rate': 0.001158018642467884}. Best is trial 38 with value: 27.119211196899414.
LOCAL_RANK: 0 - CUDA_VISIBLE_DEVICES: [0]
