[I 2023-11-30 02:06:02,410] Trial 137 finished with value: 34.69883728027344 and parameters: {'gradient_clip_val': 0.13380638947597165, 'hidden_size': 52, 'dropout': 0.391559485139812, 'hidden_continuous_size': 20, 'attention_head_size': 4, 'learning_rate': 0.006613176053791149}. Best is trial 53 with value: 30.03006935119629.
LOCAL_RANK: 0 - CUDA_VISIBLE_DEVICES: [0]
[I 2023-11-30 02:06:15,765] Trial 138 finished with value: 38.156551361083984 and parameters: {'gradient_clip_val': 0.11346525201057979, 'hidden_size': 64, 'dropout': 0.38349775956735915, 'hidden_continuous_size': 32, 'attention_head_size': 4, 'learning_rate': 0.007838723466894326}. Best is trial 53 with value: 30.03006935119629.
LOCAL_RANK: 0 - CUDA_VISIBLE_DEVICES: [0]
[I 2023-11-30 02:06:28,540] Trial 139 finished with value: 37.81937789916992 and parameters: {'gradient_clip_val': 0.15972373385459368, 'hidden_size': 40, 'dropout': 0.31590624263498573, 'hidden_continuous_size': 21, 'attention_head_size': 4, 'learning_rate': 0.010859868233987843}. Best is trial 53 with value: 30.03006935119629.
LOCAL_RANK: 0 - CUDA_VISIBLE_DEVICES: [0]
[I 2023-11-30 02:06:42,299] Trial 140 finished with value: 32.279876708984375 and parameters: {'gradient_clip_val': 0.20760369232095877, 'hidden_size': 88, 'dropout': 0.3662431133545541, 'hidden_continuous_size': 31, 'attention_head_size': 4, 'learning_rate': 0.00942135333339877}. Best is trial 53 with value: 30.03006935119629.
LOCAL_RANK: 0 - CUDA_VISIBLE_DEVICES: [0]
[I 2023-11-30 02:06:55,536] Trial 141 finished with value: 33.8690185546875 and parameters: {'gradient_clip_val': 0.18026976840763967, 'hidden_size': 60, 'dropout': 0.3773394274198421, 'hidden_continuous_size': 24, 'attention_head_size': 4, 'learning_rate': 0.00566814578074052}. Best is trial 53 with value: 30.03006935119629.
LOCAL_RANK: 0 - CUDA_VISIBLE_DEVICES: [0]
[I 2023-11-30 02:07:08,780] Trial 142 finished with value: 34.73330307006836 and parameters: {'gradient_clip_val': 0.19621812832388827, 'hidden_size': 64, 'dropout': 0.3700707507810509, 'hidden_continuous_size': 27, 'attention_head_size': 4, 'learning_rate': 0.006555349580429989}. Best is trial 53 with value: 30.03006935119629.
LOCAL_RANK: 0 - CUDA_VISIBLE_DEVICES: [0]
[I 2023-11-30 02:07:21,709] Trial 143 finished with value: 34.854122161865234 and parameters: {'gradient_clip_val': 0.21411466690928757, 'hidden_size': 47, 'dropout': 0.3583019728152391, 'hidden_continuous_size': 25, 'attention_head_size': 3, 'learning_rate': 0.006038706574003309}. Best is trial 53 with value: 30.03006935119629.
LOCAL_RANK: 0 - CUDA_VISIBLE_DEVICES: [0]
[I 2023-11-30 02:07:34,770] Trial 144 finished with value: 30.041725158691406 and parameters: {'gradient_clip_val': 0.14201802761705645, 'hidden_size': 55, 'dropout': 0.38372770690389907, 'hidden_continuous_size': 24, 'attention_head_size': 2, 'learning_rate': 0.008529334461023119}. Best is trial 53 with value: 30.03006935119629.
LOCAL_RANK: 0 - CUDA_VISIBLE_DEVICES: [0]
[I 2023-11-30 02:07:47,836] Trial 145 finished with value: 31.002729415893555 and parameters: {'gradient_clip_val': 0.14413717365751133, 'hidden_size': 55, 'dropout': 0.38495874306103683, 'hidden_continuous_size': 22, 'attention_head_size': 2, 'learning_rate': 0.00831672064552414}. Best is trial 53 with value: 30.03006935119629.
LOCAL_RANK: 0 - CUDA_VISIBLE_DEVICES: [0]
[I 2023-11-30 02:08:00,910] Trial 146 finished with value: 36.16013717651367 and parameters: {'gradient_clip_val': 0.142037607056523, 'hidden_size': 54, 'dropout': 0.38982868959926625, 'hidden_continuous_size': 22, 'attention_head_size': 2, 'learning_rate': 0.008420066549588445}. Best is trial 53 with value: 30.03006935119629.
LOCAL_RANK: 0 - CUDA_VISIBLE_DEVICES: [0]
[I 2023-11-30 02:08:14,062] Trial 147 finished with value: 31.381431579589844 and parameters: {'gradient_clip_val': 0.15216805885623372, 'hidden_size': 57, 'dropout': 0.3825499935778694, 'hidden_continuous_size': 24, 'attention_head_size': 2, 'learning_rate': 0.012308794878281189}. Best is trial 53 with value: 30.03006935119629.
LOCAL_RANK: 0 - CUDA_VISIBLE_DEVICES: [0]
[I 2023-11-30 02:08:27,002] Trial 148 finished with value: 34.527854919433594 and parameters: {'gradient_clip_val': 0.12976442373098562, 'hidden_size': 50, 'dropout': 0.3946775909633979, 'hidden_continuous_size': 23, 'attention_head_size': 2, 'learning_rate': 0.010616774198440152}. Best is trial 53 with value: 30.03006935119629.
LOCAL_RANK: 0 - CUDA_VISIBLE_DEVICES: [0]
[I 2023-11-30 02:08:40,383] Trial 149 finished with value: 32.42726516723633 and parameters: {'gradient_clip_val': 0.1382925332991792, 'hidden_size': 68, 'dropout': 0.32863850601588895, 'hidden_continuous_size': 27, 'attention_head_size': 2, 'learning_rate': 0.013758129934976332}. Best is trial 53 with value: 30.03006935119629.
[I 2023-11-30 02:08:40,498] A new study created in memory with name: no-name-be8865fd-55f7-4501-8fdc-e390abe3dee9
/home/le004/conda/anaconda3/envs/tsff_env/lib/python3.9/site-packages/lightning/fabric/plugins/environments/slurm.py:191: The `srun` command is available on your system but is not used. HINT: If your intention is to run Lightning on SLURM, prepend your python command with `srun` like so: srun python /home/le004/master_thesis/git/TSFusionForecast/code/ ...
LOCAL_RANK: 0 - CUDA_VISIBLE_DEVICES: [0]
[I 2023-11-30 02:08:52,720] Trial 0 finished with value: 1919.50732421875 and parameters: {'gradient_clip_val': 0.4662596202137604, 'hidden_size': 13, 'dropout': 0.39212340626428266, 'hidden_continuous_size': 10, 'attention_head_size': 1, 'learning_rate': 0.015350420819579524}. Best is trial 0 with value: 1919.50732421875.
LOCAL_RANK: 0 - CUDA_VISIBLE_DEVICES: [0]
[I 2023-11-30 02:09:04,802] Trial 1 finished with value: 4298.16845703125 and parameters: {'gradient_clip_val': 0.15626594663056753, 'hidden_size': 21, 'dropout': 0.1792000771147255, 'hidden_continuous_size': 10, 'attention_head_size': 2, 'learning_rate': 0.0015649390401271616}. Best is trial 0 with value: 1919.50732421875.
LOCAL_RANK: 0 - CUDA_VISIBLE_DEVICES: [0]
[I 2023-11-30 02:09:14,988] Trial 2 finished with value: 4937.29248046875 and parameters: {'gradient_clip_val': 0.7642731686156491, 'hidden_size': 24, 'dropout': 0.35971072903136936, 'hidden_continuous_size': 24, 'attention_head_size': 1, 'learning_rate': 0.0014324066469090953}. Best is trial 0 with value: 1919.50732421875.
LOCAL_RANK: 0 - CUDA_VISIBLE_DEVICES: [0]
[I 2023-11-30 02:09:27,389] Trial 3 finished with value: 1775.0078125 and parameters: {'gradient_clip_val': 0.6735865080730671, 'hidden_size': 26, 'dropout': 0.171323255254824, 'hidden_continuous_size': 12, 'attention_head_size': 4, 'learning_rate': 0.038042443999528906}. Best is trial 3 with value: 1775.0078125.
LOCAL_RANK: 0 - CUDA_VISIBLE_DEVICES: [0]
[I 2023-11-30 02:09:40,615] Trial 4 finished with value: 1464.4844970703125 and parameters: {'gradient_clip_val': 0.10693031358666318, 'hidden_size': 48, 'dropout': 0.21360217646469387, 'hidden_continuous_size': 47, 'attention_head_size': 3, 'learning_rate': 0.01610885099444897}. Best is trial 4 with value: 1464.4844970703125.
LOCAL_RANK: 0 - CUDA_VISIBLE_DEVICES: [0]
[I 2023-11-30 02:09:52,821] Trial 5 finished with value: 1628.1829833984375 and parameters: {'gradient_clip_val': 0.2356437444761014, 'hidden_size': 18, 'dropout': 0.33032148412772583, 'hidden_continuous_size': 14, 'attention_head_size': 1, 'learning_rate': 0.018797700341821596}. Best is trial 4 with value: 1464.4844970703125.
LOCAL_RANK: 0 - CUDA_VISIBLE_DEVICES: [0]
[I 2023-11-30 02:10:06,992] Trial 6 finished with value: 1520.20751953125 and parameters: {'gradient_clip_val': 0.3776920249900793, 'hidden_size': 114, 'dropout': 0.38815291678923836, 'hidden_continuous_size': 60, 'attention_head_size': 4, 'learning_rate': 0.009945256128689519}. Best is trial 4 with value: 1464.4844970703125.
LOCAL_RANK: 0 - CUDA_VISIBLE_DEVICES: [0]
[I 2023-11-30 02:10:17,205] Trial 7 finished with value: 1595.1259765625 and parameters: {'gradient_clip_val': 0.20319485711798416, 'hidden_size': 10, 'dropout': 0.11121251016205931, 'hidden_continuous_size': 10, 'attention_head_size': 3, 'learning_rate': 0.08524197721055117}. Best is trial 4 with value: 1464.4844970703125.
LOCAL_RANK: 0 - CUDA_VISIBLE_DEVICES: [0]
[I 2023-11-30 02:10:30,036] Trial 8 finished with value: 1668.46923828125 and parameters: {'gradient_clip_val': 0.4622073633331772, 'hidden_size': 33, 'dropout': 0.2160006055108396, 'hidden_continuous_size': 25, 'attention_head_size': 3, 'learning_rate': 0.02894229972096115}. Best is trial 4 with value: 1464.4844970703125.
LOCAL_RANK: 0 - CUDA_VISIBLE_DEVICES: [0]
[I 2023-11-30 02:10:42,478] Trial 9 finished with value: 1848.5118408203125 and parameters: {'gradient_clip_val': 0.5984143389474456, 'hidden_size': 48, 'dropout': 0.18610595230434962, 'hidden_continuous_size': 11, 'attention_head_size': 2, 'learning_rate': 0.03491043072955619}. Best is trial 4 with value: 1464.4844970703125.
LOCAL_RANK: 0 - CUDA_VISIBLE_DEVICES: [0]
[I 2023-11-30 02:10:56,374] Trial 10 finished with value: 1467.3345947265625 and parameters: {'gradient_clip_val': 0.10862616745864057, 'hidden_size': 63, 'dropout': 0.27469913134246676, 'hidden_continuous_size': 61, 'attention_head_size': 3, 'learning_rate': 0.0068252478708455445}. Best is trial 4 with value: 1464.4844970703125.
LOCAL_RANK: 0 - CUDA_VISIBLE_DEVICES: [0]
[I 2023-11-30 02:11:07,182] Trial 11 finished with value: 1403.3792724609375 and parameters: {'gradient_clip_val': 0.10567620570779653, 'hidden_size': 62, 'dropout': 0.27278551594027267, 'hidden_continuous_size': 62, 'attention_head_size': 3, 'learning_rate': 0.006540873087154743}. Best is trial 11 with value: 1403.3792724609375.
LOCAL_RANK: 0 - CUDA_VISIBLE_DEVICES: [0]
[I 2023-11-30 02:11:20,855] Trial 12 finished with value: 2173.999267578125 and parameters: {'gradient_clip_val': 0.10110824133343176, 'hidden_size': 67, 'dropout': 0.28122804032292914, 'hidden_continuous_size': 45, 'attention_head_size': 3, 'learning_rate': 0.005680305535201976}. Best is trial 11 with value: 1403.3792724609375.
LOCAL_RANK: 0 - CUDA_VISIBLE_DEVICES: [0]
[I 2023-11-30 02:11:34,052] Trial 13 finished with value: 2751.095703125 and parameters: {'gradient_clip_val': 0.13780484316930838, 'hidden_size': 44, 'dropout': 0.24536994478610888, 'hidden_continuous_size': 36, 'attention_head_size': 4, 'learning_rate': 0.0035150059812478584}. Best is trial 11 with value: 1403.3792724609375.
LOCAL_RANK: 0 - CUDA_VISIBLE_DEVICES: [0]
[I 2023-11-30 02:11:48,307] Trial 14 finished with value: 1546.3045654296875 and parameters: {'gradient_clip_val': 0.23753934559427894, 'hidden_size': 107, 'dropout': 0.308625316278038, 'hidden_continuous_size': 77, 'attention_head_size': 2, 'learning_rate': 0.003723932853862684}. Best is trial 11 with value: 1403.3792724609375.
LOCAL_RANK: 0 - CUDA_VISIBLE_DEVICES: [0]
[I 2023-11-30 02:12:02,190] Trial 15 finished with value: 1359.011962890625 and parameters: {'gradient_clip_val': 0.1458330182740993, 'hidden_size': 75, 'dropout': 0.2328730261593268, 'hidden_continuous_size': 39, 'attention_head_size': 3, 'learning_rate': 0.01242550858735064}. Best is trial 15 with value: 1359.011962890625.
LOCAL_RANK: 0 - CUDA_VISIBLE_DEVICES: [0]
[I 2023-11-30 02:12:17,037] Trial 16 finished with value: 1828.8199462890625 and parameters: {'gradient_clip_val': 0.16643011738863323, 'hidden_size': 150, 'dropout': 0.2610641623641012, 'hidden_continuous_size': 133, 'attention_head_size': 2, 'learning_rate': 0.009931970884302303}. Best is trial 15 with value: 1359.011962890625.
LOCAL_RANK: 0 - CUDA_VISIBLE_DEVICES: [0]
[I 2023-11-30 02:12:30,577] Trial 17 finished with value: 1454.92431640625 and parameters: {'gradient_clip_val': 0.13229639125978276, 'hidden_size': 70, 'dropout': 0.31234838413793026, 'hidden_continuous_size': 32, 'attention_head_size': 4, 'learning_rate': 0.0029659204320542465}. Best is trial 15 with value: 1359.011962890625.
LOCAL_RANK: 0 - CUDA_VISIBLE_DEVICES: [0]
[I 2023-11-30 02:12:44,196] Trial 18 finished with value: 1397.2806396484375 and parameters: {'gradient_clip_val': 0.2881689901513371, 'hidden_size': 82, 'dropout': 0.240961278315723, 'hidden_continuous_size': 20, 'attention_head_size': 3, 'learning_rate': 0.00723241579710561}. Best is trial 15 with value: 1359.011962890625.
LOCAL_RANK: 0 - CUDA_VISIBLE_DEVICES: [0]
[I 2023-11-30 02:12:57,692] Trial 19 finished with value: 1633.3291015625 and parameters: {'gradient_clip_val': 0.29855371123888536, 'hidden_size': 89, 'dropout': 0.23008959576955154, 'hidden_continuous_size': 20, 'attention_head_size': 2, 'learning_rate': 0.01121519797689702}. Best is trial 15 with value: 1359.011962890625.
LOCAL_RANK: 0 - CUDA_VISIBLE_DEVICES: [0]
[I 2023-11-30 02:13:11,547] Trial 20 finished with value: 1999.1273193359375 and parameters: {'gradient_clip_val': 0.29344478667244167, 'hidden_size': 86, 'dropout': 0.2378248195104312, 'hidden_continuous_size': 18, 'attention_head_size': 4, 'learning_rate': 0.0022712934948690322}. Best is trial 15 with value: 1359.011962890625.
LOCAL_RANK: 0 - CUDA_VISIBLE_DEVICES: [0]
[I 2023-11-30 02:13:24,746] Trial 21 finished with value: 1482.31640625 and parameters: {'gradient_clip_val': 0.18623897198586267, 'hidden_size': 59, 'dropout': 0.2736063935218338, 'hidden_continuous_size': 17, 'attention_head_size': 3, 'learning_rate': 0.005756616994192956}. Best is trial 15 with value: 1359.011962890625.
LOCAL_RANK: 0 - CUDA_VISIBLE_DEVICES: [0]
[I 2023-11-30 02:13:38,391] Trial 22 finished with value: 1419.20703125 and parameters: {'gradient_clip_val': 0.13238978065082635, 'hidden_size': 79, 'dropout': 0.2549898022004671, 'hidden_continuous_size': 28, 'attention_head_size': 3, 'learning_rate': 0.007079217552249563}. Best is trial 15 with value: 1359.011962890625.
LOCAL_RANK: 0 - CUDA_VISIBLE_DEVICES: [0]
[I 2023-11-30 02:13:51,523] Trial 23 finished with value: 1578.32177734375 and parameters: {'gradient_clip_val': 0.21153271701985676, 'hidden_size': 54, 'dropout': 0.29244398396789545, 'hidden_continuous_size': 22, 'attention_head_size': 3, 'learning_rate': 0.004380301575360605}. Best is trial 15 with value: 1359.011962890625.
LOCAL_RANK: 0 - CUDA_VISIBLE_DEVICES: [0]
[I 2023-11-30 02:14:04,421] Trial 24 finished with value: 1397.7933349609375 and parameters: {'gradient_clip_val': 0.15036826642629408, 'hidden_size': 42, 'dropout': 0.2546292845478665, 'hidden_continuous_size': 17, 'attention_head_size': 3, 'learning_rate': 0.008035933012722088}. Best is trial 15 with value: 1359.011962890625.
LOCAL_RANK: 0 - CUDA_VISIBLE_DEVICES: [0]
[I 2023-11-30 02:14:17,368] Trial 25 finished with value: 5225.40234375 and parameters: {'gradient_clip_val': 0.17230510779945837, 'hidden_size': 37, 'dropout': 0.20384893580695002, 'hidden_continuous_size': 16, 'attention_head_size': 2, 'learning_rate': 0.00107803456613398}. Best is trial 15 with value: 1359.011962890625.
LOCAL_RANK: 0 - CUDA_VISIBLE_DEVICES: [0]
[I 2023-11-30 02:14:30,143] Trial 26 finished with value: 1422.0006103515625 and parameters: {'gradient_clip_val': 0.25861195173036455, 'hidden_size': 41, 'dropout': 0.24365093940228338, 'hidden_continuous_size': 15, 'attention_head_size': 3, 'learning_rate': 0.011324765904234115}. Best is trial 15 with value: 1359.011962890625.
LOCAL_RANK: 0 - CUDA_VISIBLE_DEVICES: [0]
[I 2023-11-30 02:14:42,983] Trial 27 finished with value: 1650.58984375 and parameters: {'gradient_clip_val': 0.945257474431017, 'hidden_size': 34, 'dropout': 0.22863590070356898, 'hidden_continuous_size': 19, 'attention_head_size': 4, 'learning_rate': 0.008725586946802153}. Best is trial 15 with value: 1359.011962890625.
LOCAL_RANK: 0 - CUDA_VISIBLE_DEVICES: [0]
[I 2023-11-30 02:14:56,006] Trial 28 finished with value: 1646.06298828125 and parameters: {'gradient_clip_val': 0.20468420950463642, 'hidden_size': 53, 'dropout': 0.25854072229521646, 'hidden_continuous_size': 21, 'attention_head_size': 3, 'learning_rate': 0.005392364987112363}. Best is trial 15 with value: 1359.011962890625.
LOCAL_RANK: 0 - CUDA_VISIBLE_DEVICES: [0]
[I 2023-11-30 02:15:09,271] Trial 29 finished with value: 1652.1451416015625 and parameters: {'gradient_clip_val': 0.3304319011966648, 'hidden_size': 75, 'dropout': 0.2971887137076693, 'hidden_continuous_size': 14, 'attention_head_size': 2, 'learning_rate': 0.012906261936372157}. Best is trial 15 with value: 1359.011962890625.
LOCAL_RANK: 0 - CUDA_VISIBLE_DEVICES: [0]
[I 2023-11-30 02:15:23,329] Trial 30 finished with value: 1696.9876708984375 and parameters: {'gradient_clip_val': 0.1532559025614549, 'hidden_size': 104, 'dropout': 0.19868636489776823, 'hidden_continuous_size': 27, 'attention_head_size': 4, 'learning_rate': 0.01869758042659654}. Best is trial 15 with value: 1359.011962890625.
LOCAL_RANK: 0 - CUDA_VISIBLE_DEVICES: [0]
[I 2023-11-30 02:15:36,550] Trial 31 finished with value: 1257.68994140625 and parameters: {'gradient_clip_val': 0.12558225351273047, 'hidden_size': 61, 'dropout': 0.265313310566976, 'hidden_continuous_size': 18, 'attention_head_size': 3, 'learning_rate': 0.007243389502330053}. Best is trial 31 with value: 1257.68994140625.
LOCAL_RANK: 0 - CUDA_VISIBLE_DEVICES: [0]
[I 2023-11-30 02:15:49,530] Trial 32 finished with value: 1565.6114501953125 and parameters: {'gradient_clip_val': 0.12176336154715897, 'hidden_size': 54, 'dropout': 0.22850527795058675, 'hidden_continuous_size': 19, 'attention_head_size': 3, 'learning_rate': 0.00756367066056569}. Best is trial 31 with value: 1257.68994140625.
LOCAL_RANK: 0 - CUDA_VISIBLE_DEVICES: [0]
[I 2023-11-30 02:16:02,924] Trial 33 finished with value: 1573.232421875 and parameters: {'gradient_clip_val': 0.15551931652146056, 'hidden_size': 72, 'dropout': 0.2573975485381937, 'hidden_continuous_size': 22, 'attention_head_size': 3, 'learning_rate': 0.008070850489851313}. Best is trial 31 with value: 1257.68994140625.
LOCAL_RANK: 0 - CUDA_VISIBLE_DEVICES: [0]
[I 2023-11-30 02:16:15,725] Trial 34 finished with value: 1466.5355224609375 and parameters: {'gradient_clip_val': 0.17715292364073634, 'hidden_size': 42, 'dropout': 0.24645765076131318, 'hidden_continuous_size': 17, 'attention_head_size': 3, 'learning_rate': 0.014045091365105419}. Best is trial 31 with value: 1257.68994140625.
LOCAL_RANK: 0 - CUDA_VISIBLE_DEVICES: [0]
[I 2023-11-30 02:16:29,150] Trial 35 finished with value: 1472.537109375 and parameters: {'gradient_clip_val': 0.14574493283169943, 'hidden_size': 59, 'dropout': 0.21583397289945597, 'hidden_continuous_size': 21, 'attention_head_size': 3, 'learning_rate': 0.008331758814415492}. Best is trial 31 with value: 1257.68994140625.
LOCAL_RANK: 0 - CUDA_VISIBLE_DEVICES: [0]
[I 2023-11-30 02:16:42,686] Trial 36 finished with value: 1600.6842041015625 and parameters: {'gradient_clip_val': 0.1197804392878629, 'hidden_size': 86, 'dropout': 0.3272205627986102, 'hidden_continuous_size': 24, 'attention_head_size': 1, 'learning_rate': 0.004268891842153303}. Best is trial 31 with value: 1257.68994140625.
LOCAL_RANK: 0 - CUDA_VISIBLE_DEVICES: [0]
[I 2023-11-30 02:16:55,327] Trial 37 finished with value: 1635.7679443359375 and parameters: {'gradient_clip_val': 0.15359689589744105, 'hidden_size': 31, 'dropout': 0.17412008238286358, 'hidden_continuous_size': 13, 'attention_head_size': 4, 'learning_rate': 0.014840179177822292}. Best is trial 31 with value: 1257.68994140625.
LOCAL_RANK: 0 - CUDA_VISIBLE_DEVICES: [0]
[I 2023-11-30 02:17:08,230] Trial 38 finished with value: 1746.8330078125 and parameters: {'gradient_clip_val': 0.12113150647649143, 'hidden_size': 49, 'dropout': 0.28747153092675115, 'hidden_continuous_size': 16, 'attention_head_size': 2, 'learning_rate': 0.004724937720827052}. Best is trial 31 with value: 1257.68994140625.
LOCAL_RANK: 0 - CUDA_VISIBLE_DEVICES: [0]
[I 2023-11-30 02:17:20,984] Trial 39 finished with value: 1327.81640625 and parameters: {'gradient_clip_val': 0.17892648729696822, 'hidden_size': 29, 'dropout': 0.2660844204361879, 'hidden_continuous_size': 18, 'attention_head_size': 3, 'learning_rate': 0.01034565193208074}. Best is trial 31 with value: 1257.68994140625.
LOCAL_RANK: 0 - CUDA_VISIBLE_DEVICES: [0]
[I 2023-11-30 02:17:33,275] Trial 40 finished with value: 1421.578125 and parameters: {'gradient_clip_val': 0.19259181511672024, 'hidden_size': 19, 'dropout': 0.35239100535578277, 'hidden_continuous_size': 12, 'attention_head_size': 3, 'learning_rate': 0.022604243503075563}. Best is trial 31 with value: 1257.68994140625.
LOCAL_RANK: 0 - CUDA_VISIBLE_DEVICES: [0]
[I 2023-11-30 02:17:45,601] Trial 41 finished with value: 2142.03369140625 and parameters: {'gradient_clip_val': 0.16828797586414415, 'hidden_size': 22, 'dropout': 0.26123362192813576, 'hidden_continuous_size': 15, 'attention_head_size': 3, 'learning_rate': 0.010540227993583088}. Best is trial 31 with value: 1257.68994140625.
LOCAL_RANK: 0 - CUDA_VISIBLE_DEVICES: [0]
[I 2023-11-30 02:17:58,029] Trial 42 finished with value: 1901.8699951171875 and parameters: {'gradient_clip_val': 0.14113128808367958, 'hidden_size': 29, 'dropout': 0.27107487939289093, 'hidden_continuous_size': 18, 'attention_head_size': 3, 'learning_rate': 0.008902641558414979}. Best is trial 31 with value: 1257.68994140625.
LOCAL_RANK: 0 - CUDA_VISIBLE_DEVICES: [0]
[I 2023-11-30 02:18:10,482] Trial 43 finished with value: 1388.5233154296875 and parameters: {'gradient_clip_val': 0.2212317777763954, 'hidden_size': 26, 'dropout': 0.22035980740417505, 'hidden_continuous_size': 15, 'attention_head_size': 3, 'learning_rate': 0.01489895922376535}. Best is trial 31 with value: 1257.68994140625.
LOCAL_RANK: 0 - CUDA_VISIBLE_DEVICES: [0]
[I 2023-11-30 02:18:22,876] Trial 44 finished with value: 2244.093994140625 and parameters: {'gradient_clip_val': 0.2282692608241277, 'hidden_size': 26, 'dropout': 0.21695954657182426, 'hidden_continuous_size': 15, 'attention_head_size': 3, 'learning_rate': 0.0126133464910322}. Best is trial 31 with value: 1257.68994140625.
LOCAL_RANK: 0 - CUDA_VISIBLE_DEVICES: [0]
