[I 2023-11-30 09:48:37,980] Trial 42 finished with value: 234.4527130126953 and parameters: {'gradient_clip_val': 0.12907726260246896, 'hidden_size': 18, 'dropout': 0.3194422429748813, 'hidden_continuous_size': 15, 'attention_head_size': 3, 'learning_rate': 0.050651684781232525}. Best is trial 32 with value: 185.4176788330078.
LOCAL_RANK: 0 - CUDA_VISIBLE_DEVICES: [0]
[I 2023-11-30 09:48:49,982] Trial 43 finished with value: 245.8790283203125 and parameters: {'gradient_clip_val': 0.11284906764293305, 'hidden_size': 22, 'dropout': 0.3445665647086236, 'hidden_continuous_size': 17, 'attention_head_size': 3, 'learning_rate': 0.023136933054932366}. Best is trial 32 with value: 185.4176788330078.
LOCAL_RANK: 0 - CUDA_VISIBLE_DEVICES: [0]
[I 2023-11-30 09:49:01,958] Trial 44 finished with value: 209.8740997314453 and parameters: {'gradient_clip_val': 0.132816290584584, 'hidden_size': 21, 'dropout': 0.3702481442834278, 'hidden_continuous_size': 14, 'attention_head_size': 4, 'learning_rate': 0.0675740345719924}. Best is trial 32 with value: 185.4176788330078.
LOCAL_RANK: 0 - CUDA_VISIBLE_DEVICES: [0]
[I 2023-11-30 09:49:14,323] Trial 45 finished with value: 249.6461181640625 and parameters: {'gradient_clip_val': 0.10025494601900704, 'hidden_size': 31, 'dropout': 0.3520212998149616, 'hidden_continuous_size': 17, 'attention_head_size': 3, 'learning_rate': 0.025386816166727492}. Best is trial 32 with value: 185.4176788330078.
LOCAL_RANK: 0 - CUDA_VISIBLE_DEVICES: [0]
[I 2023-11-30 09:49:26,345] Trial 46 finished with value: 223.7841796875 and parameters: {'gradient_clip_val': 0.11572493655472564, 'hidden_size': 17, 'dropout': 0.3784866996905297, 'hidden_continuous_size': 14, 'attention_head_size': 4, 'learning_rate': 0.03414891372197306}. Best is trial 32 with value: 185.4176788330078.
LOCAL_RANK: 0 - CUDA_VISIBLE_DEVICES: [0]
[I 2023-11-30 09:49:38,154] Trial 47 finished with value: 257.7906188964844 and parameters: {'gradient_clip_val': 0.14783635771266326, 'hidden_size': 24, 'dropout': 0.3154447919901315, 'hidden_continuous_size': 16, 'attention_head_size': 3, 'learning_rate': 0.05518647763510833}. Best is trial 32 with value: 185.4176788330078.
LOCAL_RANK: 0 - CUDA_VISIBLE_DEVICES: [0]
[I 2023-11-30 09:49:50,188] Trial 48 finished with value: 287.6980895996094 and parameters: {'gradient_clip_val': 0.2010684895182538, 'hidden_size': 20, 'dropout': 0.3853431939462696, 'hidden_continuous_size': 15, 'attention_head_size': 3, 'learning_rate': 0.08289776632512488}. Best is trial 32 with value: 185.4176788330078.
LOCAL_RANK: 0 - CUDA_VISIBLE_DEVICES: [0]
[I 2023-11-30 09:50:02,385] Trial 49 finished with value: 264.4896545410156 and parameters: {'gradient_clip_val': 0.17088118815506473, 'hidden_size': 25, 'dropout': 0.33853381236473035, 'hidden_continuous_size': 17, 'attention_head_size': 4, 'learning_rate': 0.022302092517062527}. Best is trial 32 with value: 185.4176788330078.
LOCAL_RANK: 0 - CUDA_VISIBLE_DEVICES: [0]
[I 2023-11-30 09:50:14,009] Trial 50 finished with value: 219.5269775390625 and parameters: {'gradient_clip_val': 0.11321009453120381, 'hidden_size': 12, 'dropout': 0.36607328072159057, 'hidden_continuous_size': 10, 'attention_head_size': 3, 'learning_rate': 0.04700062676389723}. Best is trial 32 with value: 185.4176788330078.
LOCAL_RANK: 0 - CUDA_VISIBLE_DEVICES: [0]
[I 2023-11-30 09:50:26,045] Trial 51 finished with value: 232.71961975097656 and parameters: {'gradient_clip_val': 0.1363542014898382, 'hidden_size': 21, 'dropout': 0.37087292402171335, 'hidden_continuous_size': 13, 'attention_head_size': 4, 'learning_rate': 0.07002884223495119}. Best is trial 32 with value: 185.4176788330078.
LOCAL_RANK: 0 - CUDA_VISIBLE_DEVICES: [0]
[I 2023-11-30 09:50:37,937] Trial 52 finished with value: 250.65904235839844 and parameters: {'gradient_clip_val': 0.12516728584632564, 'hidden_size': 17, 'dropout': 0.3800073490777981, 'hidden_continuous_size': 14, 'attention_head_size': 4, 'learning_rate': 0.06693829966225787}. Best is trial 32 with value: 185.4176788330078.
LOCAL_RANK: 0 - CUDA_VISIBLE_DEVICES: [0]
[I 2023-11-30 09:50:50,554] Trial 53 finished with value: 266.1051025390625 and parameters: {'gradient_clip_val': 0.14011060280183033, 'hidden_size': 30, 'dropout': 0.3582139511365321, 'hidden_continuous_size': 18, 'attention_head_size': 4, 'learning_rate': 0.054941659119020034}. Best is trial 32 with value: 185.4176788330078.
LOCAL_RANK: 0 - CUDA_VISIBLE_DEVICES: [0]
[I 2023-11-30 09:51:02,560] Trial 54 finished with value: 249.7753143310547 and parameters: {'gradient_clip_val': 0.11000990877531125, 'hidden_size': 21, 'dropout': 0.38490912174855146, 'hidden_continuous_size': 13, 'attention_head_size': 3, 'learning_rate': 0.09911328056974203}. Best is trial 32 with value: 185.4176788330078.
LOCAL_RANK: 0 - CUDA_VISIBLE_DEVICES: [0]
[I 2023-11-30 09:51:14,693] Trial 55 finished with value: 240.1786651611328 and parameters: {'gradient_clip_val': 0.12195522653371448, 'hidden_size': 26, 'dropout': 0.33551145381959124, 'hidden_continuous_size': 15, 'attention_head_size': 4, 'learning_rate': 0.0632996770201967}. Best is trial 32 with value: 185.4176788330078.
LOCAL_RANK: 0 - CUDA_VISIBLE_DEVICES: [0]
[I 2023-11-30 09:51:26,699] Trial 56 finished with value: 226.5707550048828 and parameters: {'gradient_clip_val': 0.1052108280397965, 'hidden_size': 18, 'dropout': 0.35419155848966055, 'hidden_continuous_size': 14, 'attention_head_size': 3, 'learning_rate': 0.035513694935184685}. Best is trial 32 with value: 185.4176788330078.
LOCAL_RANK: 0 - CUDA_VISIBLE_DEVICES: [0]
[I 2023-11-30 09:51:38,788] Trial 57 finished with value: 210.7238311767578 and parameters: {'gradient_clip_val': 0.1317004014866535, 'hidden_size': 23, 'dropout': 0.3705056657453025, 'hidden_continuous_size': 14, 'attention_head_size': 4, 'learning_rate': 0.027194383909737406}. Best is trial 32 with value: 185.4176788330078.
LOCAL_RANK: 0 - CUDA_VISIBLE_DEVICES: [0]
[I 2023-11-30 09:51:50,615] Trial 58 finished with value: 220.07859802246094 and parameters: {'gradient_clip_val': 0.15253851473262464, 'hidden_size': 20, 'dropout': 0.3998622255652532, 'hidden_continuous_size': 15, 'attention_head_size': 3, 'learning_rate': 0.04749997193673567}. Best is trial 32 with value: 185.4176788330078.
LOCAL_RANK: 0 - CUDA_VISIBLE_DEVICES: [0]
[I 2023-11-30 09:52:02,615] Trial 59 finished with value: 254.2532196044922 and parameters: {'gradient_clip_val': 0.14070131944287947, 'hidden_size': 15, 'dropout': 0.2912756269316573, 'hidden_continuous_size': 14, 'attention_head_size': 3, 'learning_rate': 0.03104984534818094}. Best is trial 32 with value: 185.4176788330078.
LOCAL_RANK: 0 - CUDA_VISIBLE_DEVICES: [0]
[I 2023-11-30 09:52:14,598] Trial 60 finished with value: 235.8102264404297 and parameters: {'gradient_clip_val': 0.10064205659029121, 'hidden_size': 26, 'dropout': 0.34740729896574596, 'hidden_continuous_size': 13, 'attention_head_size': 4, 'learning_rate': 0.07832746362554777}. Best is trial 32 with value: 185.4176788330078.
LOCAL_RANK: 0 - CUDA_VISIBLE_DEVICES: [0]
[I 2023-11-30 09:52:26,504] Trial 61 finished with value: 213.3709716796875 and parameters: {'gradient_clip_val': 0.13266311467869094, 'hidden_size': 24, 'dropout': 0.36872738930157006, 'hidden_continuous_size': 14, 'attention_head_size': 4, 'learning_rate': 0.02811990223430521}. Best is trial 32 with value: 185.4176788330078.
LOCAL_RANK: 0 - CUDA_VISIBLE_DEVICES: [0]
[I 2023-11-30 09:52:38,581] Trial 62 finished with value: 215.9035186767578 and parameters: {'gradient_clip_val': 0.11538842591578109, 'hidden_size': 23, 'dropout': 0.3905714118289439, 'hidden_continuous_size': 16, 'attention_head_size': 4, 'learning_rate': 0.040448312509710586}. Best is trial 32 with value: 185.4176788330078.
LOCAL_RANK: 0 - CUDA_VISIBLE_DEVICES: [0]
[I 2023-11-30 09:52:50,946] Trial 63 finished with value: 234.02783203125 and parameters: {'gradient_clip_val': 0.12961279931553685, 'hidden_size': 29, 'dropout': 0.3698889866544478, 'hidden_continuous_size': 24, 'attention_head_size': 4, 'learning_rate': 0.06078172536965313}. Best is trial 32 with value: 185.4176788330078.
LOCAL_RANK: 0 - CUDA_VISIBLE_DEVICES: [0]
[I 2023-11-30 09:53:03,145] Trial 64 finished with value: 214.6993865966797 and parameters: {'gradient_clip_val': 0.1613924382328355, 'hidden_size': 22, 'dropout': 0.32630560647145296, 'hidden_continuous_size': 14, 'attention_head_size': 4, 'learning_rate': 0.036982215612912005}. Best is trial 32 with value: 185.4176788330078.
LOCAL_RANK: 0 - CUDA_VISIBLE_DEVICES: [0]
[I 2023-11-30 09:53:15,079] Trial 65 finished with value: 279.0172424316406 and parameters: {'gradient_clip_val': 0.1460825479852697, 'hidden_size': 28, 'dropout': 0.38166549381757237, 'hidden_continuous_size': 13, 'attention_head_size': 3, 'learning_rate': 0.04816782577456054}. Best is trial 32 with value: 185.4176788330078.
LOCAL_RANK: 0 - CUDA_VISIBLE_DEVICES: [0]
[I 2023-11-30 09:53:26,835] Trial 66 finished with value: 214.76258850097656 and parameters: {'gradient_clip_val': 0.18242591159482177, 'hidden_size': 18, 'dropout': 0.36185103197121726, 'hidden_continuous_size': 15, 'attention_head_size': 2, 'learning_rate': 0.04242340318641785}. Best is trial 32 with value: 185.4176788330078.
LOCAL_RANK: 0 - CUDA_VISIBLE_DEVICES: [0]
[I 2023-11-30 09:53:39,019] Trial 67 finished with value: 276.7364807128906 and parameters: {'gradient_clip_val': 0.11846266557141938, 'hidden_size': 32, 'dropout': 0.345654221127904, 'hidden_continuous_size': 12, 'attention_head_size': 4, 'learning_rate': 0.02682018751479415}. Best is trial 32 with value: 185.4176788330078.
LOCAL_RANK: 0 - CUDA_VISIBLE_DEVICES: [0]
[I 2023-11-30 09:53:50,876] Trial 68 finished with value: 256.6503601074219 and parameters: {'gradient_clip_val': 0.10972038156795942, 'hidden_size': 20, 'dropout': 0.31117086472103317, 'hidden_continuous_size': 15, 'attention_head_size': 3, 'learning_rate': 0.058480148451390074}. Best is trial 32 with value: 185.4176788330078.
LOCAL_RANK: 0 - CUDA_VISIBLE_DEVICES: [0]
[I 2023-11-30 09:54:03,159] Trial 69 finished with value: 192.88304138183594 and parameters: {'gradient_clip_val': 0.12169556778251663, 'hidden_size': 27, 'dropout': 0.33389334611017996, 'hidden_continuous_size': 16, 'attention_head_size': 4, 'learning_rate': 0.08434860580261992}. Best is trial 32 with value: 185.4176788330078.
LOCAL_RANK: 0 - CUDA_VISIBLE_DEVICES: [0]
[I 2023-11-30 09:54:15,204] Trial 70 finished with value: 249.88421630859375 and parameters: {'gradient_clip_val': 0.12289883456960513, 'hidden_size': 27, 'dropout': 0.3340917379925999, 'hidden_continuous_size': 16, 'attention_head_size': 3, 'learning_rate': 0.08750335869571943}. Best is trial 32 with value: 185.4176788330078.
LOCAL_RANK: 0 - CUDA_VISIBLE_DEVICES: [0]
[I 2023-11-30 09:54:27,088] Trial 71 finished with value: 284.8635559082031 and parameters: {'gradient_clip_val': 0.13378024729296917, 'hidden_size': 24, 'dropout': 0.32607391938615676, 'hidden_continuous_size': 16, 'attention_head_size': 4, 'learning_rate': 0.07330352006997108}. Best is trial 32 with value: 185.4176788330078.
LOCAL_RANK: 0 - CUDA_VISIBLE_DEVICES: [0]
[I 2023-11-30 09:54:39,267] Trial 72 finished with value: 253.739013671875 and parameters: {'gradient_clip_val': 0.10752198351638712, 'hidden_size': 22, 'dropout': 0.37361840893388704, 'hidden_continuous_size': 15, 'attention_head_size': 4, 'learning_rate': 0.06395099443627492}. Best is trial 32 with value: 185.4176788330078.
LOCAL_RANK: 0 - CUDA_VISIBLE_DEVICES: [0]
[I 2023-11-30 09:54:51,532] Trial 73 finished with value: 229.1616668701172 and parameters: {'gradient_clip_val': 0.14733618128867737, 'hidden_size': 25, 'dropout': 0.34014062812951196, 'hidden_continuous_size': 17, 'attention_head_size': 4, 'learning_rate': 0.08274218092789785}. Best is trial 32 with value: 185.4176788330078.
LOCAL_RANK: 0 - CUDA_VISIBLE_DEVICES: [0]
[I 2023-11-30 09:55:03,630] Trial 74 finished with value: 199.80735778808594 and parameters: {'gradient_clip_val': 0.1263146860160481, 'hidden_size': 28, 'dropout': 0.3893867373334135, 'hidden_continuous_size': 18, 'attention_head_size': 4, 'learning_rate': 0.04504696386305827}. Best is trial 32 with value: 185.4176788330078.
LOCAL_RANK: 0 - CUDA_VISIBLE_DEVICES: [0]
[I 2023-11-30 09:55:15,993] Trial 75 finished with value: 260.2801818847656 and parameters: {'gradient_clip_val': 0.11952235053937074, 'hidden_size': 36, 'dropout': 0.3877576513222036, 'hidden_continuous_size': 19, 'attention_head_size': 4, 'learning_rate': 0.054256215881670254}. Best is trial 32 with value: 185.4176788330078.
LOCAL_RANK: 0 - CUDA_VISIBLE_DEVICES: [0]
[I 2023-11-30 09:55:28,217] Trial 76 finished with value: 206.3891143798828 and parameters: {'gradient_clip_val': 0.15819639072223438, 'hidden_size': 30, 'dropout': 0.3920132863624031, 'hidden_continuous_size': 18, 'attention_head_size': 3, 'learning_rate': 0.04382996504094278}. Best is trial 32 with value: 185.4176788330078.
LOCAL_RANK: 0 - CUDA_VISIBLE_DEVICES: [0]
[I 2023-11-30 09:55:40,597] Trial 77 finished with value: 261.9436340332031 and parameters: {'gradient_clip_val': 0.16220622260387213, 'hidden_size': 34, 'dropout': 0.3999988356974526, 'hidden_continuous_size': 18, 'attention_head_size': 3, 'learning_rate': 0.04331116820309563}. Best is trial 32 with value: 185.4176788330078.
LOCAL_RANK: 0 - CUDA_VISIBLE_DEVICES: [0]
[I 2023-11-30 09:55:52,840] Trial 78 finished with value: 200.16673278808594 and parameters: {'gradient_clip_val': 0.10791248702531404, 'hidden_size': 30, 'dropout': 0.3923005566201688, 'hidden_continuous_size': 18, 'attention_head_size': 2, 'learning_rate': 0.03200481106811951}. Best is trial 32 with value: 185.4176788330078.
LOCAL_RANK: 0 - CUDA_VISIBLE_DEVICES: [0]
[I 2023-11-30 09:56:04,934] Trial 79 finished with value: 255.54425048828125 and parameters: {'gradient_clip_val': 0.10472150700314503, 'hidden_size': 30, 'dropout': 0.3918414510625652, 'hidden_continuous_size': 20, 'attention_head_size': 2, 'learning_rate': 0.037226541623912535}. Best is trial 32 with value: 185.4176788330078.
LOCAL_RANK: 0 - CUDA_VISIBLE_DEVICES: [0]
[I 2023-11-30 09:56:17,418] Trial 80 finished with value: 229.0409698486328 and parameters: {'gradient_clip_val': 0.11029615805613535, 'hidden_size': 39, 'dropout': 0.38383107030927727, 'hidden_continuous_size': 21, 'attention_head_size': 2, 'learning_rate': 0.0511698723015363}. Best is trial 32 with value: 185.4176788330078.
LOCAL_RANK: 0 - CUDA_VISIBLE_DEVICES: [0]
[I 2023-11-30 09:56:29,381] Trial 81 finished with value: 244.00282287597656 and parameters: {'gradient_clip_val': 0.12310933420744023, 'hidden_size': 28, 'dropout': 0.39156387985014335, 'hidden_continuous_size': 17, 'attention_head_size': 3, 'learning_rate': 0.04459642371054154}. Best is trial 32 with value: 185.4176788330078.
LOCAL_RANK: 0 - CUDA_VISIBLE_DEVICES: [0]
[I 2023-11-30 09:56:41,607] Trial 82 finished with value: 238.5982666015625 and parameters: {'gradient_clip_val': 0.11583942870996493, 'hidden_size': 32, 'dropout': 0.378132831612073, 'hidden_continuous_size': 18, 'attention_head_size': 2, 'learning_rate': 0.03133978469476473}. Best is trial 32 with value: 185.4176788330078.
LOCAL_RANK: 0 - CUDA_VISIBLE_DEVICES: [0]
[I 2023-11-30 09:56:53,875] Trial 83 finished with value: 244.1614227294922 and parameters: {'gradient_clip_val': 0.14277912207612486, 'hidden_size': 27, 'dropout': 0.36006737942032085, 'hidden_continuous_size': 17, 'attention_head_size': 3, 'learning_rate': 0.03805650850626768}. Best is trial 32 with value: 185.4176788330078.
LOCAL_RANK: 0 - CUDA_VISIBLE_DEVICES: [0]
[I 2023-11-30 09:57:06,027] Trial 84 finished with value: 269.5830078125 and parameters: {'gradient_clip_val': 0.10017620682219029, 'hidden_size': 30, 'dropout': 0.3497097303698177, 'hidden_continuous_size': 19, 'attention_head_size': 3, 'learning_rate': 0.033572735615707054}. Best is trial 32 with value: 185.4176788330078.
LOCAL_RANK: 0 - CUDA_VISIBLE_DEVICES: [0]
[I 2023-11-30 09:57:18,138] Trial 85 finished with value: 252.5602569580078 and parameters: {'gradient_clip_val': 0.15444791254900414, 'hidden_size': 26, 'dropout': 0.39968319626714394, 'hidden_continuous_size': 16, 'attention_head_size': 2, 'learning_rate': 0.0577345273344435}. Best is trial 32 with value: 185.4176788330078.
LOCAL_RANK: 0 - CUDA_VISIBLE_DEVICES: [0]
[I 2023-11-30 09:57:30,517] Trial 86 finished with value: 252.7635955810547 and parameters: {'gradient_clip_val': 0.12599494560082425, 'hidden_size': 33, 'dropout': 0.3165847850193071, 'hidden_continuous_size': 18, 'attention_head_size': 3, 'learning_rate': 0.0443627833084001}. Best is trial 32 with value: 185.4176788330078.
LOCAL_RANK: 0 - CUDA_VISIBLE_DEVICES: [0]
[I 2023-11-30 09:57:42,682] Trial 87 finished with value: 237.8706817626953 and parameters: {'gradient_clip_val': 0.10718154872139839, 'hidden_size': 29, 'dropout': 0.36196302938904973, 'hidden_continuous_size': 16, 'attention_head_size': 3, 'learning_rate': 0.0512466132711814}. Best is trial 32 with value: 185.4176788330078.
LOCAL_RANK: 0 - CUDA_VISIBLE_DEVICES: [0]
[I 2023-11-30 09:57:55,009] Trial 88 finished with value: 240.9716796875 and parameters: {'gradient_clip_val': 0.1357734906745159, 'hidden_size': 25, 'dropout': 0.39239609570379824, 'hidden_continuous_size': 17, 'attention_head_size': 3, 'learning_rate': 0.07608896146316263}. Best is trial 32 with value: 185.4176788330078.
LOCAL_RANK: 0 - CUDA_VISIBLE_DEVICES: [0]
[I 2023-11-30 09:58:06,991] Trial 89 finished with value: 272.4747619628906 and parameters: {'gradient_clip_val': 0.11912969596811641, 'hidden_size': 32, 'dropout': 0.3522891102043196, 'hidden_continuous_size': 18, 'attention_head_size': 2, 'learning_rate': 0.038681913650876566}. Best is trial 32 with value: 185.4176788330078.
LOCAL_RANK: 0 - CUDA_VISIBLE_DEVICES: [0]
[I 2023-11-30 09:58:19,029] Trial 90 finished with value: 250.1988983154297 and parameters: {'gradient_clip_val': 0.16766831520205094, 'hidden_size': 19, 'dropout': 0.3774071276310586, 'hidden_continuous_size': 15, 'attention_head_size': 3, 'learning_rate': 0.019985301728681477}. Best is trial 32 with value: 185.4176788330078.
LOCAL_RANK: 0 - CUDA_VISIBLE_DEVICES: [0]
[I 2023-11-30 09:58:31,101] Trial 91 finished with value: 252.23297119140625 and parameters: {'gradient_clip_val': 0.12911977246497022, 'hidden_size': 23, 'dropout': 0.38371070811295777, 'hidden_continuous_size': 15, 'attention_head_size': 4, 'learning_rate': 0.06491964119119967}. Best is trial 32 with value: 185.4176788330078.
LOCAL_RANK: 0 - CUDA_VISIBLE_DEVICES: [0]
[I 2023-11-30 09:58:43,216] Trial 92 finished with value: 212.8228759765625 and parameters: {'gradient_clip_val': 0.1395024935850507, 'hidden_size': 21, 'dropout': 0.36618143030431577, 'hidden_continuous_size': 15, 'attention_head_size': 4, 'learning_rate': 0.08810120073866552}. Best is trial 32 with value: 185.4176788330078.
LOCAL_RANK: 0 - CUDA_VISIBLE_DEVICES: [0]
[I 2023-11-30 09:58:55,532] Trial 93 finished with value: 240.64256286621094 and parameters: {'gradient_clip_val': 0.15367796790830235, 'hidden_size': 27, 'dropout': 0.3305602623158518, 'hidden_continuous_size': 19, 'attention_head_size': 3, 'learning_rate': 0.07216809792615277}. Best is trial 32 with value: 185.4176788330078.
LOCAL_RANK: 0 - CUDA_VISIBLE_DEVICES: [0]
[I 2023-11-30 09:59:07,744] Trial 94 finished with value: 218.5235137939453 and parameters: {'gradient_clip_val': 0.11258362859694761, 'hidden_size': 21, 'dropout': 0.3732661662327054, 'hidden_continuous_size': 14, 'attention_head_size': 4, 'learning_rate': 0.06188386026098831}. Best is trial 32 with value: 185.4176788330078.
LOCAL_RANK: 0 - CUDA_VISIBLE_DEVICES: [0]
[I 2023-11-30 09:59:19,573] Trial 95 finished with value: 200.31126403808594 and parameters: {'gradient_clip_val': 0.12469119480520968, 'hidden_size': 23, 'dropout': 0.34359045550529715, 'hidden_continuous_size': 16, 'attention_head_size': 1, 'learning_rate': 0.04809896533854779}. Best is trial 32 with value: 185.4176788330078.
LOCAL_RANK: 0 - CUDA_VISIBLE_DEVICES: [0]
[I 2023-11-30 09:59:31,344] Trial 96 finished with value: 265.6476135253906 and parameters: {'gradient_clip_val': 0.12540803547122686, 'hidden_size': 25, 'dropout': 0.32311260178329226, 'hidden_continuous_size': 17, 'attention_head_size': 1, 'learning_rate': 0.029899399677680356}. Best is trial 32 with value: 185.4176788330078.
LOCAL_RANK: 0 - CUDA_VISIBLE_DEVICES: [0]
[I 2023-11-30 09:59:43,284] Trial 97 finished with value: 250.3034210205078 and parameters: {'gradient_clip_val': 0.1461916456103696, 'hidden_size': 23, 'dropout': 0.339970951495231, 'hidden_continuous_size': 16, 'attention_head_size': 1, 'learning_rate': 0.04789067175066376}. Best is trial 32 with value: 185.4176788330078.
LOCAL_RANK: 0 - CUDA_VISIBLE_DEVICES: [0]
[I 2023-11-30 09:59:55,072] Trial 98 finished with value: 241.3253631591797 and parameters: {'gradient_clip_val': 0.1062693439267437, 'hidden_size': 19, 'dropout': 0.3550072786888731, 'hidden_continuous_size': 15, 'attention_head_size': 1, 'learning_rate': 0.03417773005601694}. Best is trial 32 with value: 185.4176788330078.
LOCAL_RANK: 0 - CUDA_VISIBLE_DEVICES: [0]
[I 2023-11-30 10:00:06,774] Trial 99 finished with value: 209.28570556640625 and parameters: {'gradient_clip_val': 0.1170447247012086, 'hidden_size': 24, 'dropout': 0.34773516028132284, 'hidden_continuous_size': 16, 'attention_head_size': 1, 'learning_rate': 0.0525648565802344}. Best is trial 32 with value: 185.4176788330078.
LOCAL_RANK: 0 - CUDA_VISIBLE_DEVICES: [0]
[I 2023-11-30 10:00:18,970] Trial 100 finished with value: 323.8116149902344 and parameters: {'gradient_clip_val': 0.13548810085392515, 'hidden_size': 30, 'dropout': 0.3937380096190183, 'hidden_continuous_size': 17, 'attention_head_size': 3, 'learning_rate': 0.042212022669298854}. Best is trial 32 with value: 185.4176788330078.
LOCAL_RANK: 0 - CUDA_VISIBLE_DEVICES: [0]
