[I 2023-11-30 05:27:04,914] Trial 21 finished with value: 853.9738159179688 and parameters: {'gradient_clip_val': 0.29003710309035363, 'hidden_size': 19, 'dropout': 0.22537305686395026, 'hidden_continuous_size': 11, 'attention_head_size': 4, 'learning_rate': 0.09791223819878708}. Best is trial 6 with value: 780.36279296875.
LOCAL_RANK: 0 - CUDA_VISIBLE_DEVICES: [0]
[I 2023-11-30 05:27:17,242] Trial 22 finished with value: 888.211181640625 and parameters: {'gradient_clip_val': 0.32263849273648326, 'hidden_size': 17, 'dropout': 0.24067774691441798, 'hidden_continuous_size': 11, 'attention_head_size': 4, 'learning_rate': 0.05605087117256301}. Best is trial 6 with value: 780.36279296875.
LOCAL_RANK: 0 - CUDA_VISIBLE_DEVICES: [0]
[I 2023-11-30 05:27:29,355] Trial 23 finished with value: 1073.6300048828125 and parameters: {'gradient_clip_val': 0.41769208006549874, 'hidden_size': 17, 'dropout': 0.2107006725474877, 'hidden_continuous_size': 10, 'attention_head_size': 3, 'learning_rate': 0.09843938801507966}. Best is trial 6 with value: 780.36279296875.
LOCAL_RANK: 0 - CUDA_VISIBLE_DEVICES: [0]
[I 2023-11-30 05:27:41,558] Trial 24 finished with value: 1020.5427856445312 and parameters: {'gradient_clip_val': 0.18518293038239964, 'hidden_size': 11, 'dropout': 0.16218060248215077, 'hidden_continuous_size': 10, 'attention_head_size': 4, 'learning_rate': 0.0627605499511765}. Best is trial 6 with value: 780.36279296875.
LOCAL_RANK: 0 - CUDA_VISIBLE_DEVICES: [0]
[I 2023-11-30 05:27:53,632] Trial 25 finished with value: 905.4567260742188 and parameters: {'gradient_clip_val': 0.2594064950023653, 'hidden_size': 20, 'dropout': 0.19987499278950716, 'hidden_continuous_size': 11, 'attention_head_size': 3, 'learning_rate': 0.04783646563961938}. Best is trial 6 with value: 780.36279296875.
LOCAL_RANK: 0 - CUDA_VISIBLE_DEVICES: [0]
[I 2023-11-30 05:28:05,891] Trial 26 finished with value: 1093.2947998046875 and parameters: {'gradient_clip_val': 0.5502674414517675, 'hidden_size': 27, 'dropout': 0.22446544386299494, 'hidden_continuous_size': 12, 'attention_head_size': 2, 'learning_rate': 0.06018439915566015}. Best is trial 6 with value: 780.36279296875.
LOCAL_RANK: 0 - CUDA_VISIBLE_DEVICES: [0]
[I 2023-11-30 05:28:16,148] Trial 27 finished with value: 1465.7998046875 and parameters: {'gradient_clip_val': 0.23577201385535393, 'hidden_size': 10, 'dropout': 0.2732430870864788, 'hidden_continuous_size': 10, 'attention_head_size': 4, 'learning_rate': 0.032027357938873825}. Best is trial 6 with value: 780.36279296875.
LOCAL_RANK: 0 - CUDA_VISIBLE_DEVICES: [0]
[I 2023-11-30 05:28:28,188] Trial 28 finished with value: 887.9921875 and parameters: {'gradient_clip_val': 0.28924700236016626, 'hidden_size': 16, 'dropout': 0.2464284487816663, 'hidden_continuous_size': 11, 'attention_head_size': 3, 'learning_rate': 0.07009634575827516}. Best is trial 6 with value: 780.36279296875.
LOCAL_RANK: 0 - CUDA_VISIBLE_DEVICES: [0]
[I 2023-11-30 05:28:40,928] Trial 29 finished with value: 853.673095703125 and parameters: {'gradient_clip_val': 0.36027797472469486, 'hidden_size': 39, 'dropout': 0.1884409538714235, 'hidden_continuous_size': 13, 'attention_head_size': 4, 'learning_rate': 0.03662674287625269}. Best is trial 6 with value: 780.36279296875.
LOCAL_RANK: 0 - CUDA_VISIBLE_DEVICES: [0]
[I 2023-11-30 05:28:54,147] Trial 30 finished with value: 979.2515258789062 and parameters: {'gradient_clip_val': 0.8168129885686951, 'hidden_size': 51, 'dropout': 0.1902400854762524, 'hidden_continuous_size': 16, 'attention_head_size': 4, 'learning_rate': 0.022375173665672717}. Best is trial 6 with value: 780.36279296875.
LOCAL_RANK: 0 - CUDA_VISIBLE_DEVICES: [0]
[I 2023-11-30 05:29:06,844] Trial 31 finished with value: 1031.307861328125 and parameters: {'gradient_clip_val': 0.3612738826244217, 'hidden_size': 37, 'dropout': 0.2068606175174782, 'hidden_continuous_size': 13, 'attention_head_size': 4, 'learning_rate': 0.03932582935605795}. Best is trial 6 with value: 780.36279296875.
LOCAL_RANK: 0 - CUDA_VISIBLE_DEVICES: [0]
[I 2023-11-30 05:29:19,598] Trial 32 finished with value: 904.1333618164062 and parameters: {'gradient_clip_val': 0.4989812410854263, 'hidden_size': 39, 'dropout': 0.19084353528400935, 'hidden_continuous_size': 13, 'attention_head_size': 4, 'learning_rate': 0.050697093493390875}. Best is trial 6 with value: 780.36279296875.
LOCAL_RANK: 0 - CUDA_VISIBLE_DEVICES: [0]
[I 2023-11-30 05:29:31,972] Trial 33 finished with value: 894.668701171875 and parameters: {'gradient_clip_val': 0.634514341874284, 'hidden_size': 23, 'dropout': 0.15287719513153036, 'hidden_continuous_size': 12, 'attention_head_size': 4, 'learning_rate': 0.03460801854158389}. Best is trial 6 with value: 780.36279296875.
LOCAL_RANK: 0 - CUDA_VISIBLE_DEVICES: [0]
[I 2023-11-30 05:29:44,241] Trial 34 finished with value: 876.5671997070312 and parameters: {'gradient_clip_val': 0.37129475912481225, 'hidden_size': 14, 'dropout': 0.180035938733493, 'hidden_continuous_size': 11, 'attention_head_size': 4, 'learning_rate': 0.07617115384537387}. Best is trial 6 with value: 780.36279296875.
LOCAL_RANK: 0 - CUDA_VISIBLE_DEVICES: [0]
[I 2023-11-30 05:29:56,505] Trial 35 finished with value: 1010.3051147460938 and parameters: {'gradient_clip_val': 0.20213426882995295, 'hidden_size': 15, 'dropout': 0.1439028941278865, 'hidden_continuous_size': 11, 'attention_head_size': 3, 'learning_rate': 0.07591527632082087}. Best is trial 6 with value: 780.36279296875.
LOCAL_RANK: 0 - CUDA_VISIBLE_DEVICES: [0]
[I 2023-11-30 05:30:08,500] Trial 36 finished with value: 1385.4310302734375 and parameters: {'gradient_clip_val': 0.4491518285770275, 'hidden_size': 13, 'dropout': 0.21360961043435572, 'hidden_continuous_size': 10, 'attention_head_size': 1, 'learning_rate': 0.022247197803721235}. Best is trial 6 with value: 780.36279296875.
LOCAL_RANK: 0 - CUDA_VISIBLE_DEVICES: [0]
[I 2023-11-30 05:30:21,407] Trial 37 finished with value: 916.03759765625 and parameters: {'gradient_clip_val': 0.16696648863849536, 'hidden_size': 57, 'dropout': 0.25850798710377726, 'hidden_continuous_size': 14, 'attention_head_size': 2, 'learning_rate': 0.04699670571505371}. Best is trial 6 with value: 780.36279296875.
LOCAL_RANK: 0 - CUDA_VISIBLE_DEVICES: [0]
[I 2023-11-30 05:30:33,901] Trial 38 finished with value: 872.6043090820312 and parameters: {'gradient_clip_val': 0.29805379110407243, 'hidden_size': 31, 'dropout': 0.23155902741858395, 'hidden_continuous_size': 13, 'attention_head_size': 3, 'learning_rate': 0.030226214938254857}. Best is trial 6 with value: 780.36279296875.
LOCAL_RANK: 0 - CUDA_VISIBLE_DEVICES: [0]
[I 2023-11-30 05:30:46,732] Trial 39 finished with value: 992.721923828125 and parameters: {'gradient_clip_val': 0.3425228161665773, 'hidden_size': 38, 'dropout': 0.1797126092382685, 'hidden_continuous_size': 14, 'attention_head_size': 4, 'learning_rate': 0.07835119157718892}. Best is trial 6 with value: 780.36279296875.
LOCAL_RANK: 0 - CUDA_VISIBLE_DEVICES: [0]
[I 2023-11-30 05:30:58,937] Trial 40 finished with value: 1032.3902587890625 and parameters: {'gradient_clip_val': 0.14075755011579164, 'hidden_size': 13, 'dropout': 0.269949628782463, 'hidden_continuous_size': 11, 'attention_head_size': 3, 'learning_rate': 0.036653586436009924}. Best is trial 6 with value: 780.36279296875.
LOCAL_RANK: 0 - CUDA_VISIBLE_DEVICES: [0]
[I 2023-11-30 05:31:11,108] Trial 41 finished with value: 915.70458984375 and parameters: {'gradient_clip_val': 0.28304830939407066, 'hidden_size': 28, 'dropout': 0.24380265244370147, 'hidden_continuous_size': 12, 'attention_head_size': 4, 'learning_rate': 0.09692615802853485}. Best is trial 6 with value: 780.36279296875.
LOCAL_RANK: 0 - CUDA_VISIBLE_DEVICES: [0]
[I 2023-11-30 05:31:23,566] Trial 42 finished with value: 876.7460327148438 and parameters: {'gradient_clip_val': 0.38470863792812254, 'hidden_size': 25, 'dropout': 0.22939909684702564, 'hidden_continuous_size': 12, 'attention_head_size': 4, 'learning_rate': 0.09832663531728199}. Best is trial 6 with value: 780.36279296875.
LOCAL_RANK: 0 - CUDA_VISIBLE_DEVICES: [0]
[I 2023-11-30 05:31:36,161] Trial 43 finished with value: 973.826171875 and parameters: {'gradient_clip_val': 0.22098361250836593, 'hidden_size': 30, 'dropout': 0.21451154807092654, 'hidden_continuous_size': 12, 'attention_head_size': 4, 'learning_rate': 0.06609501807845457}. Best is trial 6 with value: 780.36279296875.
LOCAL_RANK: 0 - CUDA_VISIBLE_DEVICES: [0]
[I 2023-11-30 05:31:48,879] Trial 44 finished with value: 1106.8250732421875 and parameters: {'gradient_clip_val': 0.2650735556479493, 'hidden_size': 35, 'dropout': 0.20198861100342858, 'hidden_continuous_size': 13, 'attention_head_size': 4, 'learning_rate': 0.05410120673607188}. Best is trial 6 with value: 780.36279296875.
LOCAL_RANK: 0 - CUDA_VISIBLE_DEVICES: [0]
[I 2023-11-30 05:32:01,493] Trial 45 finished with value: 963.5446166992188 and parameters: {'gradient_clip_val': 0.3104780952856021, 'hidden_size': 29, 'dropout': 0.23860823931458336, 'hidden_continuous_size': 13, 'attention_head_size': 4, 'learning_rate': 0.0710528977386651}. Best is trial 6 with value: 780.36279296875.
LOCAL_RANK: 0 - CUDA_VISIBLE_DEVICES: [0]
[I 2023-11-30 05:32:14,286] Trial 46 finished with value: 748.24365234375 and parameters: {'gradient_clip_val': 0.23449521091790157, 'hidden_size': 43, 'dropout': 0.25739734339261106, 'hidden_continuous_size': 14, 'attention_head_size': 3, 'learning_rate': 0.04651371532269263}. Best is trial 46 with value: 748.24365234375.
LOCAL_RANK: 0 - CUDA_VISIBLE_DEVICES: [0]
[I 2023-11-30 05:32:27,065] Trial 47 finished with value: 972.57666015625 and parameters: {'gradient_clip_val': 0.23047486211116783, 'hidden_size': 42, 'dropout': 0.2954666036207643, 'hidden_continuous_size': 15, 'attention_head_size': 3, 'learning_rate': 0.044281858712359096}. Best is trial 46 with value: 748.24365234375.
LOCAL_RANK: 0 - CUDA_VISIBLE_DEVICES: [0]
[I 2023-11-30 05:32:39,675] Trial 48 finished with value: 939.4776000976562 and parameters: {'gradient_clip_val': 0.24542849230617683, 'hidden_size': 34, 'dropout': 0.25584363177631, 'hidden_continuous_size': 14, 'attention_head_size': 2, 'learning_rate': 0.018091654505083755}. Best is trial 46 with value: 748.24365234375.
LOCAL_RANK: 0 - CUDA_VISIBLE_DEVICES: [0]
[I 2023-11-30 05:32:52,581] Trial 49 finished with value: 981.0722045898438 and parameters: {'gradient_clip_val': 0.17731646106179527, 'hidden_size': 45, 'dropout': 0.221536115428061, 'hidden_continuous_size': 17, 'attention_head_size': 3, 'learning_rate': 0.032934483562805754}. Best is trial 46 with value: 748.24365234375.
LOCAL_RANK: 0 - CUDA_VISIBLE_DEVICES: [0]
[I 2023-11-30 05:33:05,747] Trial 50 finished with value: 954.6941528320312 and parameters: {'gradient_clip_val': 0.15295989088164805, 'hidden_size': 61, 'dropout': 0.291177734115509, 'hidden_continuous_size': 18, 'attention_head_size': 1, 'learning_rate': 0.026435681399275938}. Best is trial 46 with value: 748.24365234375.
LOCAL_RANK: 0 - CUDA_VISIBLE_DEVICES: [0]
[I 2023-11-30 05:33:18,553] Trial 51 finished with value: 1105.0189208984375 and parameters: {'gradient_clip_val': 0.2133565310480923, 'hidden_size': 41, 'dropout': 0.2341781695877782, 'hidden_continuous_size': 15, 'attention_head_size': 3, 'learning_rate': 0.08703977440826778}. Best is trial 46 with value: 748.24365234375.
LOCAL_RANK: 0 - CUDA_VISIBLE_DEVICES: [0]
[I 2023-11-30 05:33:31,054] Trial 52 finished with value: 1051.2921142578125 and parameters: {'gradient_clip_val': 0.2786188411664527, 'hidden_size': 25, 'dropout': 0.24793724422691832, 'hidden_continuous_size': 12, 'attention_head_size': 4, 'learning_rate': 0.05683065418575103}. Best is trial 46 with value: 748.24365234375.
LOCAL_RANK: 0 - CUDA_VISIBLE_DEVICES: [0]
[I 2023-11-30 05:33:43,480] Trial 53 finished with value: 715.830810546875 and parameters: {'gradient_clip_val': 0.2514377952010449, 'hidden_size': 33, 'dropout': 0.26192756540236545, 'hidden_continuous_size': 10, 'attention_head_size': 2, 'learning_rate': 0.043126147392187196}. Best is trial 53 with value: 715.830810546875.
LOCAL_RANK: 0 - CUDA_VISIBLE_DEVICES: [0]
[I 2023-11-30 05:33:55,909] Trial 54 finished with value: 869.5859375 and parameters: {'gradient_clip_val': 0.2089043756739907, 'hidden_size': 34, 'dropout': 0.2656656239221358, 'hidden_continuous_size': 10, 'attention_head_size': 2, 'learning_rate': 0.0401974712810338}. Best is trial 53 with value: 715.830810546875.
LOCAL_RANK: 0 - CUDA_VISIBLE_DEVICES: [0]
[I 2023-11-30 05:34:08,525] Trial 55 finished with value: 963.3801879882812 and parameters: {'gradient_clip_val': 0.2475341710123567, 'hidden_size': 37, 'dropout': 0.260669094236599, 'hidden_continuous_size': 10, 'attention_head_size': 1, 'learning_rate': 0.04754931162493883}. Best is trial 53 with value: 715.830810546875.
LOCAL_RANK: 0 - CUDA_VISIBLE_DEVICES: [0]
[I 2023-11-30 05:34:21,228] Trial 56 finished with value: 756.0764770507812 and parameters: {'gradient_clip_val': 0.18553173294709846, 'hidden_size': 48, 'dropout': 0.2842577006226733, 'hidden_continuous_size': 21, 'attention_head_size': 2, 'learning_rate': 0.06029147149932956}. Best is trial 53 with value: 715.830810546875.
LOCAL_RANK: 0 - CUDA_VISIBLE_DEVICES: [0]
[I 2023-11-30 05:34:33,896] Trial 57 finished with value: 1065.00439453125 and parameters: {'gradient_clip_val': 0.18670961757912963, 'hidden_size': 48, 'dropout': 0.2825312390088215, 'hidden_continuous_size': 24, 'attention_head_size': 2, 'learning_rate': 0.03861935009039969}. Best is trial 53 with value: 715.830810546875.
LOCAL_RANK: 0 - CUDA_VISIBLE_DEVICES: [0]
[I 2023-11-30 05:34:47,291] Trial 58 finished with value: 921.8460083007812 and parameters: {'gradient_clip_val': 0.1933886549358866, 'hidden_size': 76, 'dropout': 0.3258745105788146, 'hidden_continuous_size': 29, 'attention_head_size': 2, 'learning_rate': 0.06152357974941405}. Best is trial 53 with value: 715.830810546875.
LOCAL_RANK: 0 - CUDA_VISIBLE_DEVICES: [0]
[I 2023-11-30 05:34:59,970] Trial 59 finished with value: 985.4313354492188 and parameters: {'gradient_clip_val': 0.2264187314484329, 'hidden_size': 44, 'dropout': 0.28299968361327277, 'hidden_continuous_size': 20, 'attention_head_size': 2, 'learning_rate': 0.030384511152046476}. Best is trial 53 with value: 715.830810546875.
LOCAL_RANK: 0 - CUDA_VISIBLE_DEVICES: [0]
[I 2023-11-30 05:35:12,925] Trial 60 finished with value: 1232.6055908203125 and parameters: {'gradient_clip_val': 0.8775974642744172, 'hidden_size': 52, 'dropout': 0.2568825689971566, 'hidden_continuous_size': 16, 'attention_head_size': 2, 'learning_rate': 0.044744344970218154}. Best is trial 53 with value: 715.830810546875.
LOCAL_RANK: 0 - CUDA_VISIBLE_DEVICES: [0]
[I 2023-11-30 05:35:25,198] Trial 61 finished with value: 939.8358764648438 and parameters: {'gradient_clip_val': 0.31527577758302877, 'hidden_size': 30, 'dropout': 0.24814940074013464, 'hidden_continuous_size': 11, 'attention_head_size': 1, 'learning_rate': 0.08133120917515883}. Best is trial 53 with value: 715.830810546875.
LOCAL_RANK: 0 - CUDA_VISIBLE_DEVICES: [0]
[I 2023-11-30 05:35:37,704] Trial 62 finished with value: 892.6375122070312 and parameters: {'gradient_clip_val': 0.2634195472215375, 'hidden_size': 40, 'dropout': 0.3067828615282732, 'hidden_continuous_size': 10, 'attention_head_size': 3, 'learning_rate': 0.06288614351749702}. Best is trial 53 with value: 715.830810546875.
LOCAL_RANK: 0 - CUDA_VISIBLE_DEVICES: [0]
[I 2023-11-30 05:35:49,983] Trial 63 finished with value: 832.9362182617188 and parameters: {'gradient_clip_val': 0.2456499674427028, 'hidden_size': 33, 'dropout': 0.2196324788323807, 'hidden_continuous_size': 11, 'attention_head_size': 2, 'learning_rate': 0.05276384881315891}. Best is trial 53 with value: 715.830810546875.
LOCAL_RANK: 0 - CUDA_VISIBLE_DEVICES: [0]
[I 2023-11-30 05:36:02,334] Trial 64 finished with value: 974.62646484375 and parameters: {'gradient_clip_val': 0.238877112231151, 'hidden_size': 33, 'dropout': 0.21903735934221896, 'hidden_continuous_size': 11, 'attention_head_size': 2, 'learning_rate': 0.05075446955633589}. Best is trial 53 with value: 715.830810546875.
LOCAL_RANK: 0 - CUDA_VISIBLE_DEVICES: [0]
[I 2023-11-30 05:36:15,215] Trial 65 finished with value: 951.5042114257812 and parameters: {'gradient_clip_val': 0.20249852131068904, 'hidden_size': 47, 'dropout': 0.2674835897920633, 'hidden_continuous_size': 12, 'attention_head_size': 2, 'learning_rate': 0.04165113004506458}. Best is trial 53 with value: 715.830810546875.
LOCAL_RANK: 0 - CUDA_VISIBLE_DEVICES: [0]
[I 2023-11-30 05:36:27,811] Trial 66 finished with value: 1060.4459228515625 and parameters: {'gradient_clip_val': 0.17065409190079325, 'hidden_size': 42, 'dropout': 0.24145481503593003, 'hidden_continuous_size': 10, 'attention_head_size': 2, 'learning_rate': 0.03386610369294388}. Best is trial 53 with value: 715.830810546875.
LOCAL_RANK: 0 - CUDA_VISIBLE_DEVICES: [0]
[I 2023-11-30 05:36:40,031] Trial 67 finished with value: 846.17236328125 and parameters: {'gradient_clip_val': 0.18224650403181067, 'hidden_size': 32, 'dropout': 0.27742441551949454, 'hidden_continuous_size': 11, 'attention_head_size': 2, 'learning_rate': 0.05637580092777875}. Best is trial 53 with value: 715.830810546875.
LOCAL_RANK: 0 - CUDA_VISIBLE_DEVICES: [0]
[I 2023-11-30 05:36:52,323] Trial 68 finished with value: 1220.801025390625 and parameters: {'gradient_clip_val': 0.18396643944515212, 'hidden_size': 31, 'dropout': 0.27921020533595886, 'hidden_continuous_size': 10, 'attention_head_size': 2, 'learning_rate': 0.05548487302180613}. Best is trial 53 with value: 715.830810546875.
LOCAL_RANK: 0 - CUDA_VISIBLE_DEVICES: [0]
[I 2023-11-30 05:37:04,491] Trial 69 finished with value: 1042.291259765625 and parameters: {'gradient_clip_val': 0.19418393587513555, 'hidden_size': 23, 'dropout': 0.25349555040037985, 'hidden_continuous_size': 11, 'attention_head_size': 2, 'learning_rate': 0.06830126689464545}. Best is trial 53 with value: 715.830810546875.
LOCAL_RANK: 0 - CUDA_VISIBLE_DEVICES: [0]
[I 2023-11-30 05:37:17,115] Trial 70 finished with value: 931.1198120117188 and parameters: {'gradient_clip_val': 0.21677305097336608, 'hidden_size': 35, 'dropout': 0.2772614718169206, 'hidden_continuous_size': 11, 'attention_head_size': 2, 'learning_rate': 0.05103119312393597}. Best is trial 53 with value: 715.830810546875.
LOCAL_RANK: 0 - CUDA_VISIBLE_DEVICES: [0]
[I 2023-11-30 05:37:29,650] Trial 71 finished with value: 1209.66943359375 and parameters: {'gradient_clip_val': 0.2504418383850888, 'hidden_size': 38, 'dropout': 0.2665408124238459, 'hidden_continuous_size': 13, 'attention_head_size': 2, 'learning_rate': 0.04037644897789734}. Best is trial 53 with value: 715.830810546875.
LOCAL_RANK: 0 - CUDA_VISIBLE_DEVICES: [0]
[I 2023-11-30 05:37:41,691] Trial 72 finished with value: 1001.4586791992188 and parameters: {'gradient_clip_val': 0.1498976556351538, 'hidden_size': 28, 'dropout': 0.28854685177881967, 'hidden_continuous_size': 10, 'attention_head_size': 1, 'learning_rate': 0.05900134897964314}. Best is trial 53 with value: 715.830810546875.
LOCAL_RANK: 0 - CUDA_VISIBLE_DEVICES: [0]
[I 2023-11-30 05:37:53,739] Trial 73 finished with value: 982.166748046875 and parameters: {'gradient_clip_val': 0.16252519602906, 'hidden_size': 32, 'dropout': 0.1948423160438288, 'hidden_continuous_size': 11, 'attention_head_size': 3, 'learning_rate': 0.03582780738412839}. Best is trial 53 with value: 715.830810546875.
LOCAL_RANK: 0 - CUDA_VISIBLE_DEVICES: [0]
[I 2023-11-30 05:38:06,061] Trial 74 finished with value: 1088.4254150390625 and parameters: {'gradient_clip_val': 0.21127116484416378, 'hidden_size': 36, 'dropout': 0.20352457173431593, 'hidden_continuous_size': 12, 'attention_head_size': 1, 'learning_rate': 0.04576477723299629}. Best is trial 53 with value: 715.830810546875.
LOCAL_RANK: 0 - CUDA_VISIBLE_DEVICES: [0]
[I 2023-11-30 05:38:19,047] Trial 75 finished with value: 1007.2720336914062 and parameters: {'gradient_clip_val': 0.2712665660066286, 'hidden_size': 52, 'dropout': 0.23670236904593162, 'hidden_continuous_size': 14, 'attention_head_size': 2, 'learning_rate': 0.0827231428165648}. Best is trial 53 with value: 715.830810546875.
LOCAL_RANK: 0 - CUDA_VISIBLE_DEVICES: [0]
[I 2023-11-30 05:38:31,316] Trial 76 finished with value: 1239.056640625 and parameters: {'gradient_clip_val': 0.2303192838850689, 'hidden_size': 11, 'dropout': 0.30308301418135764, 'hidden_continuous_size': 10, 'attention_head_size': 2, 'learning_rate': 0.02643553154491829}. Best is trial 53 with value: 715.830810546875.
LOCAL_RANK: 0 - CUDA_VISIBLE_DEVICES: [0]
[I 2023-11-30 05:38:44,128] Trial 77 finished with value: 889.1456909179688 and parameters: {'gradient_clip_val': 0.19787382459232414, 'hidden_size': 40, 'dropout': 0.27258870071353475, 'hidden_continuous_size': 20, 'attention_head_size': 3, 'learning_rate': 0.029629564239728658}. Best is trial 53 with value: 715.830810546875.
LOCAL_RANK: 0 - CUDA_VISIBLE_DEVICES: [0]
[I 2023-11-30 05:38:56,418] Trial 78 finished with value: 1043.916015625 and parameters: {'gradient_clip_val': 0.17724562328925203, 'hidden_size': 26, 'dropout': 0.2502525810804338, 'hidden_continuous_size': 15, 'attention_head_size': 2, 'learning_rate': 0.07211151538110161}. Best is trial 53 with value: 715.830810546875.
LOCAL_RANK: 0 - CUDA_VISIBLE_DEVICES: [0]
[I 2023-11-30 05:39:08,672] Trial 79 finished with value: 950.3268432617188 and parameters: {'gradient_clip_val': 0.3408908901714641, 'hidden_size': 22, 'dropout': 0.22745588201524244, 'hidden_continuous_size': 13, 'attention_head_size': 3, 'learning_rate': 0.049955190505196256}. Best is trial 53 with value: 715.830810546875.
LOCAL_RANK: 0 - CUDA_VISIBLE_DEVICES: [0]
