[I 2023-11-29 23:49:16,302] Trial 93 finished with value: 82.14439392089844 and parameters: {'gradient_clip_val': 0.2548489009955424, 'hidden_size': 17, 'dropout': 0.22635136826244853, 'hidden_continuous_size': 10, 'attention_head_size': 4, 'learning_rate': 0.04082412384724186}. Best is trial 11 with value: 55.27579879760742.
LOCAL_RANK: 0 - CUDA_VISIBLE_DEVICES: [0]
[I 2023-11-29 23:49:28,242] Trial 94 finished with value: 83.37834930419922 and parameters: {'gradient_clip_val': 0.2995629279848261, 'hidden_size': 12, 'dropout': 0.20830789883176626, 'hidden_continuous_size': 10, 'attention_head_size': 4, 'learning_rate': 0.020707632508976347}. Best is trial 11 with value: 55.27579879760742.
LOCAL_RANK: 0 - CUDA_VISIBLE_DEVICES: [0]
[I 2023-11-29 23:49:40,469] Trial 95 finished with value: 80.85040283203125 and parameters: {'gradient_clip_val': 0.19400984926640266, 'hidden_size': 21, 'dropout': 0.1932574853964863, 'hidden_continuous_size': 12, 'attention_head_size': 4, 'learning_rate': 0.04288238986155154}. Best is trial 11 with value: 55.27579879760742.
LOCAL_RANK: 0 - CUDA_VISIBLE_DEVICES: [0]
[I 2023-11-29 23:49:52,818] Trial 96 finished with value: 78.25872039794922 and parameters: {'gradient_clip_val': 0.22399575194232973, 'hidden_size': 20, 'dropout': 0.23495544635241686, 'hidden_continuous_size': 11, 'attention_head_size': 4, 'learning_rate': 0.036116333220810766}. Best is trial 11 with value: 55.27579879760742.
LOCAL_RANK: 0 - CUDA_VISIBLE_DEVICES: [0]
[I 2023-11-29 23:50:05,134] Trial 97 finished with value: 80.84993743896484 and parameters: {'gradient_clip_val': 0.24158197258483433, 'hidden_size': 13, 'dropout': 0.20034290961754211, 'hidden_continuous_size': 12, 'attention_head_size': 4, 'learning_rate': 0.032627366673308705}. Best is trial 11 with value: 55.27579879760742.
LOCAL_RANK: 0 - CUDA_VISIBLE_DEVICES: [0]
[I 2023-11-29 23:50:17,379] Trial 98 finished with value: 108.85921478271484 and parameters: {'gradient_clip_val': 0.2839299363841625, 'hidden_size': 15, 'dropout': 0.22360524843297652, 'hidden_continuous_size': 10, 'attention_head_size': 2, 'learning_rate': 0.05686739759951832}. Best is trial 11 with value: 55.27579879760742.
LOCAL_RANK: 0 - CUDA_VISIBLE_DEVICES: [0]
[I 2023-11-29 23:50:29,567] Trial 99 finished with value: 92.32293701171875 and parameters: {'gradient_clip_val': 0.2461251124400171, 'hidden_size': 24, 'dropout': 0.2516153377067773, 'hidden_continuous_size': 15, 'attention_head_size': 4, 'learning_rate': 0.0501467107725981}. Best is trial 11 with value: 55.27579879760742.
LOCAL_RANK: 0 - CUDA_VISIBLE_DEVICES: [0]
[I 2023-11-29 23:50:41,904] Trial 100 finished with value: 106.12525177001953 and parameters: {'gradient_clip_val': 0.30742920316137096, 'hidden_size': 19, 'dropout': 0.21172996268143926, 'hidden_continuous_size': 10, 'attention_head_size': 4, 'learning_rate': 0.02678313589478445}. Best is trial 11 with value: 55.27579879760742.
LOCAL_RANK: 0 - CUDA_VISIBLE_DEVICES: [0]
[I 2023-11-29 23:50:54,323] Trial 101 finished with value: 82.63202667236328 and parameters: {'gradient_clip_val': 0.3269702397613977, 'hidden_size': 18, 'dropout': 0.17439520639873832, 'hidden_continuous_size': 13, 'attention_head_size': 4, 'learning_rate': 0.061637322670479826}. Best is trial 11 with value: 55.27579879760742.
LOCAL_RANK: 0 - CUDA_VISIBLE_DEVICES: [0]
[I 2023-11-29 23:51:06,432] Trial 102 finished with value: 82.98709869384766 and parameters: {'gradient_clip_val': 0.2716208294908368, 'hidden_size': 16, 'dropout': 0.18630575767936008, 'hidden_continuous_size': 13, 'attention_head_size': 4, 'learning_rate': 0.08484808114796728}. Best is trial 11 with value: 55.27579879760742.
LOCAL_RANK: 0 - CUDA_VISIBLE_DEVICES: [0]
[I 2023-11-29 23:51:18,522] Trial 103 finished with value: 84.46114349365234 and parameters: {'gradient_clip_val': 0.322619365902527, 'hidden_size': 20, 'dropout': 0.24081085422280998, 'hidden_continuous_size': 14, 'attention_head_size': 4, 'learning_rate': 0.05336444133791793}. Best is trial 11 with value: 55.27579879760742.
LOCAL_RANK: 0 - CUDA_VISIBLE_DEVICES: [0]
[I 2023-11-29 23:51:31,126] Trial 104 finished with value: 57.54976272583008 and parameters: {'gradient_clip_val': 0.29517689563122457, 'hidden_size': 27, 'dropout': 0.21753067567554324, 'hidden_continuous_size': 17, 'attention_head_size': 4, 'learning_rate': 0.06472220083217436}. Best is trial 11 with value: 55.27579879760742.
LOCAL_RANK: 0 - CUDA_VISIBLE_DEVICES: [0]
[I 2023-11-29 23:51:43,700] Trial 105 finished with value: 95.46837615966797 and parameters: {'gradient_clip_val': 0.2644780340972479, 'hidden_size': 28, 'dropout': 0.2031370156280498, 'hidden_continuous_size': 16, 'attention_head_size': 4, 'learning_rate': 0.0644827862121994}. Best is trial 11 with value: 55.27579879760742.
LOCAL_RANK: 0 - CUDA_VISIBLE_DEVICES: [0]
[I 2023-11-29 23:51:56,350] Trial 106 finished with value: 63.9598274230957 and parameters: {'gradient_clip_val': 0.29542696765763093, 'hidden_size': 23, 'dropout': 0.21660311884941813, 'hidden_continuous_size': 16, 'attention_head_size': 4, 'learning_rate': 0.038089443054379404}. Best is trial 11 with value: 55.27579879760742.
LOCAL_RANK: 0 - CUDA_VISIBLE_DEVICES: [0]
[I 2023-11-29 23:52:08,772] Trial 107 finished with value: 96.32601928710938 and parameters: {'gradient_clip_val': 0.2951848742663047, 'hidden_size': 25, 'dropout': 0.217764741948921, 'hidden_continuous_size': 17, 'attention_head_size': 3, 'learning_rate': 0.042504490734797264}. Best is trial 11 with value: 55.27579879760742.
LOCAL_RANK: 0 - CUDA_VISIBLE_DEVICES: [0]
[I 2023-11-29 23:52:21,133] Trial 108 finished with value: 66.86760711669922 and parameters: {'gradient_clip_val': 0.31128361318308173, 'hidden_size': 22, 'dropout': 0.23019921327079398, 'hidden_continuous_size': 16, 'attention_head_size': 4, 'learning_rate': 0.045934596562001405}. Best is trial 11 with value: 55.27579879760742.
LOCAL_RANK: 0 - CUDA_VISIBLE_DEVICES: [0]
[I 2023-11-29 23:52:33,209] Trial 109 finished with value: 89.18267822265625 and parameters: {'gradient_clip_val': 0.23337021213741452, 'hidden_size': 24, 'dropout': 0.194372317595638, 'hidden_continuous_size': 17, 'attention_head_size': 2, 'learning_rate': 0.07578713897570366}. Best is trial 11 with value: 55.27579879760742.
LOCAL_RANK: 0 - CUDA_VISIBLE_DEVICES: [0]
[I 2023-11-29 23:52:45,728] Trial 110 finished with value: 108.55280303955078 and parameters: {'gradient_clip_val': 0.3415975850715558, 'hidden_size': 26, 'dropout': 0.21124563557397297, 'hidden_continuous_size': 18, 'attention_head_size': 4, 'learning_rate': 0.0694859699477456}. Best is trial 11 with value: 55.27579879760742.
LOCAL_RANK: 0 - CUDA_VISIBLE_DEVICES: [0]
[I 2023-11-29 23:52:58,607] Trial 111 finished with value: 97.87483978271484 and parameters: {'gradient_clip_val': 0.2862496013682695, 'hidden_size': 30, 'dropout': 0.22614242998756062, 'hidden_continuous_size': 16, 'attention_head_size': 4, 'learning_rate': 0.03732424382167601}. Best is trial 11 with value: 55.27579879760742.
LOCAL_RANK: 0 - CUDA_VISIBLE_DEVICES: [0]
[I 2023-11-29 23:53:10,909] Trial 112 finished with value: 118.8069076538086 and parameters: {'gradient_clip_val': 0.25517688622235773, 'hidden_size': 23, 'dropout': 0.23418902806576133, 'hidden_continuous_size': 11, 'attention_head_size': 4, 'learning_rate': 0.0335484041655171}. Best is trial 11 with value: 55.27579879760742.
LOCAL_RANK: 0 - CUDA_VISIBLE_DEVICES: [0]
[I 2023-11-29 23:53:23,161] Trial 113 finished with value: 59.23738479614258 and parameters: {'gradient_clip_val': 0.2990671583603157, 'hidden_size': 22, 'dropout': 0.21986302264390878, 'hidden_continuous_size': 15, 'attention_head_size': 4, 'learning_rate': 0.05560428779894966}. Best is trial 11 with value: 55.27579879760742.
LOCAL_RANK: 0 - CUDA_VISIBLE_DEVICES: [0]
[I 2023-11-29 23:53:35,615] Trial 114 finished with value: 107.00078582763672 and parameters: {'gradient_clip_val': 0.29792261649012414, 'hidden_size': 27, 'dropout': 0.2196835241590919, 'hidden_continuous_size': 18, 'attention_head_size': 4, 'learning_rate': 0.05372188059096934}. Best is trial 11 with value: 55.27579879760742.
LOCAL_RANK: 0 - CUDA_VISIBLE_DEVICES: [0]
[I 2023-11-29 23:53:47,852] Trial 115 finished with value: 113.73992156982422 and parameters: {'gradient_clip_val': 0.36536117022182996, 'hidden_size': 22, 'dropout': 0.20616398189539048, 'hidden_continuous_size': 15, 'attention_head_size': 4, 'learning_rate': 0.06139906516456854}. Best is trial 11 with value: 55.27579879760742.
LOCAL_RANK: 0 - CUDA_VISIBLE_DEVICES: [0]
[I 2023-11-29 23:54:00,339] Trial 116 finished with value: 118.23860931396484 and parameters: {'gradient_clip_val': 0.26370568275903267, 'hidden_size': 19, 'dropout': 0.2141753172186576, 'hidden_continuous_size': 16, 'attention_head_size': 2, 'learning_rate': 0.08085833815545669}. Best is trial 11 with value: 55.27579879760742.
LOCAL_RANK: 0 - CUDA_VISIBLE_DEVICES: [0]
[I 2023-11-29 23:54:12,872] Trial 117 finished with value: 78.31824493408203 and parameters: {'gradient_clip_val': 0.3373245096807212, 'hidden_size': 32, 'dropout': 0.2010909987214489, 'hidden_continuous_size': 21, 'attention_head_size': 4, 'learning_rate': 0.049298940598592064}. Best is trial 11 with value: 55.27579879760742.
LOCAL_RANK: 0 - CUDA_VISIBLE_DEVICES: [0]
[I 2023-11-29 23:54:25,044] Trial 118 finished with value: 74.92920684814453 and parameters: {'gradient_clip_val': 0.21389804585520453, 'hidden_size': 22, 'dropout': 0.22198674131567384, 'hidden_continuous_size': 15, 'attention_head_size': 4, 'learning_rate': 0.09064316199706011}. Best is trial 11 with value: 55.27579879760742.
LOCAL_RANK: 0 - CUDA_VISIBLE_DEVICES: [0]
[I 2023-11-29 23:54:37,626] Trial 119 finished with value: 82.26348876953125 and parameters: {'gradient_clip_val': 0.3182435526466472, 'hidden_size': 29, 'dropout': 0.22871470690710574, 'hidden_continuous_size': 18, 'attention_head_size': 4, 'learning_rate': 0.05655604703212355}. Best is trial 11 with value: 55.27579879760742.
LOCAL_RANK: 0 - CUDA_VISIBLE_DEVICES: [0]
[I 2023-11-29 23:54:49,834] Trial 120 finished with value: 108.89208984375 and parameters: {'gradient_clip_val': 0.3828097053039424, 'hidden_size': 24, 'dropout': 0.18093853636786583, 'hidden_continuous_size': 14, 'attention_head_size': 4, 'learning_rate': 0.039396156077558836}. Best is trial 11 with value: 55.27579879760742.
LOCAL_RANK: 0 - CUDA_VISIBLE_DEVICES: [0]
[I 2023-11-29 23:55:02,395] Trial 121 finished with value: 75.47199249267578 and parameters: {'gradient_clip_val': 0.2769607306105849, 'hidden_size': 17, 'dropout': 0.24367216234019215, 'hidden_continuous_size': 12, 'attention_head_size': 4, 'learning_rate': 0.04386719036391656}. Best is trial 11 with value: 55.27579879760742.
LOCAL_RANK: 0 - CUDA_VISIBLE_DEVICES: [0]
[I 2023-11-29 23:55:14,735] Trial 122 finished with value: 101.26229858398438 and parameters: {'gradient_clip_val': 0.2454398513339486, 'hidden_size': 18, 'dropout': 0.23615334674707888, 'hidden_continuous_size': 16, 'attention_head_size': 4, 'learning_rate': 0.06921361797250968}. Best is trial 11 with value: 55.27579879760742.
LOCAL_RANK: 0 - CUDA_VISIBLE_DEVICES: [0]
[I 2023-11-29 23:55:27,155] Trial 123 finished with value: 85.43228149414062 and parameters: {'gradient_clip_val': 0.29902009851697436, 'hidden_size': 21, 'dropout': 0.24837801697009, 'hidden_continuous_size': 15, 'attention_head_size': 4, 'learning_rate': 0.03524856349983873}. Best is trial 11 with value: 55.27579879760742.
LOCAL_RANK: 0 - CUDA_VISIBLE_DEVICES: [0]
[I 2023-11-29 23:55:39,233] Trial 124 finished with value: 99.7811279296875 and parameters: {'gradient_clip_val': 0.281147891527535, 'hidden_size': 20, 'dropout': 0.21058188988620233, 'hidden_continuous_size': 10, 'attention_head_size': 4, 'learning_rate': 0.030196128982541634}. Best is trial 11 with value: 55.27579879760742.
LOCAL_RANK: 0 - CUDA_VISIBLE_DEVICES: [0]
[I 2023-11-29 23:55:51,453] Trial 125 finished with value: 79.98019409179688 and parameters: {'gradient_clip_val': 0.35018208396724465, 'hidden_size': 19, 'dropout': 0.22064105146500892, 'hidden_continuous_size': 13, 'attention_head_size': 4, 'learning_rate': 0.030880579726945342}. Best is trial 11 with value: 55.27579879760742.
LOCAL_RANK: 0 - CUDA_VISIBLE_DEVICES: [0]
[I 2023-11-29 23:56:03,852] Trial 126 finished with value: 66.54298400878906 and parameters: {'gradient_clip_val': 0.26606795945664913, 'hidden_size': 16, 'dropout': 0.2290968443452586, 'hidden_continuous_size': 12, 'attention_head_size': 4, 'learning_rate': 0.04744352149228568}. Best is trial 11 with value: 55.27579879760742.
LOCAL_RANK: 0 - CUDA_VISIBLE_DEVICES: [0]
[I 2023-11-29 23:56:16,026] Trial 127 finished with value: 114.26944732666016 and parameters: {'gradient_clip_val': 0.3083741297927385, 'hidden_size': 17, 'dropout': 0.2162048814707538, 'hidden_continuous_size': 14, 'attention_head_size': 2, 'learning_rate': 0.026222054182714463}. Best is trial 11 with value: 55.27579879760742.
LOCAL_RANK: 0 - CUDA_VISIBLE_DEVICES: [0]
[I 2023-11-29 23:56:28,626] Trial 128 finished with value: 92.86322021484375 and parameters: {'gradient_clip_val': 0.2359882172249193, 'hidden_size': 25, 'dropout': 0.19082274617173328, 'hidden_continuous_size': 17, 'attention_head_size': 4, 'learning_rate': 0.06341924027723306}. Best is trial 11 with value: 55.27579879760742.
LOCAL_RANK: 0 - CUDA_VISIBLE_DEVICES: [0]
[I 2023-11-29 23:56:40,836] Trial 129 finished with value: 68.67994689941406 and parameters: {'gradient_clip_val': 0.25171358874447225, 'hidden_size': 21, 'dropout': 0.1966674268896853, 'hidden_continuous_size': 15, 'attention_head_size': 4, 'learning_rate': 0.03860170322472218}. Best is trial 11 with value: 55.27579879760742.
LOCAL_RANK: 0 - CUDA_VISIBLE_DEVICES: [0]
[I 2023-11-29 23:56:53,199] Trial 130 finished with value: 103.202880859375 and parameters: {'gradient_clip_val': 0.2895365662162344, 'hidden_size': 14, 'dropout': 0.23921506856855643, 'hidden_continuous_size': 12, 'attention_head_size': 4, 'learning_rate': 0.07882979648474808}. Best is trial 11 with value: 55.27579879760742.
LOCAL_RANK: 0 - CUDA_VISIBLE_DEVICES: [0]
[I 2023-11-29 23:57:05,622] Trial 131 finished with value: 124.7372817993164 and parameters: {'gradient_clip_val': 0.3357004028142761, 'hidden_size': 19, 'dropout': 0.1440782203577595, 'hidden_continuous_size': 13, 'attention_head_size': 4, 'learning_rate': 0.06914055869856991}. Best is trial 11 with value: 55.27579879760742.
LOCAL_RANK: 0 - CUDA_VISIBLE_DEVICES: [0]
[I 2023-11-29 23:57:17,755] Trial 132 finished with value: 69.18831634521484 and parameters: {'gradient_clip_val': 0.3291621677612516, 'hidden_size': 20, 'dropout': 0.1329162383711733, 'hidden_continuous_size': 13, 'attention_head_size': 4, 'learning_rate': 0.05908797268028161}. Best is trial 11 with value: 55.27579879760742.
LOCAL_RANK: 0 - CUDA_VISIBLE_DEVICES: [0]
[I 2023-11-29 23:57:29,972] Trial 133 finished with value: 104.04244232177734 and parameters: {'gradient_clip_val': 0.3100541503424928, 'hidden_size': 18, 'dropout': 0.2041669689536774, 'hidden_continuous_size': 13, 'attention_head_size': 4, 'learning_rate': 0.05322516988993235}. Best is trial 11 with value: 55.27579879760742.
LOCAL_RANK: 0 - CUDA_VISIBLE_DEVICES: [0]
[I 2023-11-29 23:57:42,323] Trial 134 finished with value: 99.45745849609375 and parameters: {'gradient_clip_val': 0.2756645192902484, 'hidden_size': 23, 'dropout': 0.16473654772462037, 'hidden_continuous_size': 11, 'attention_head_size': 4, 'learning_rate': 0.07164704649483049}. Best is trial 11 with value: 55.27579879760742.
LOCAL_RANK: 0 - CUDA_VISIBLE_DEVICES: [0]
[I 2023-11-29 23:57:54,587] Trial 135 finished with value: 80.11209869384766 and parameters: {'gradient_clip_val': 0.29226406958367396, 'hidden_size': 15, 'dropout': 0.2253063564678173, 'hidden_continuous_size': 10, 'attention_head_size': 4, 'learning_rate': 0.04765533380328079}. Best is trial 11 with value: 55.27579879760742.
LOCAL_RANK: 0 - CUDA_VISIBLE_DEVICES: [0]
[I 2023-11-29 23:58:06,844] Trial 136 finished with value: 119.9728012084961 and parameters: {'gradient_clip_val': 0.35481214636339764, 'hidden_size': 19, 'dropout': 0.2317021888899715, 'hidden_continuous_size': 10, 'attention_head_size': 3, 'learning_rate': 0.09206225881136242}. Best is trial 11 with value: 55.27579879760742.
LOCAL_RANK: 0 - CUDA_VISIBLE_DEVICES: [0]
[I 2023-11-29 23:58:19,006] Trial 137 finished with value: 90.41927337646484 and parameters: {'gradient_clip_val': 0.32176121002651553, 'hidden_size': 16, 'dropout': 0.14712543109016052, 'hidden_continuous_size': 14, 'attention_head_size': 4, 'learning_rate': 0.04202388433338946}. Best is trial 11 with value: 55.27579879760742.
LOCAL_RANK: 0 - CUDA_VISIBLE_DEVICES: [0]
[I 2023-11-29 23:58:31,230] Trial 138 finished with value: 100.52042388916016 and parameters: {'gradient_clip_val': 0.22327072831968345, 'hidden_size': 22, 'dropout': 0.151539953571893, 'hidden_continuous_size': 12, 'attention_head_size': 2, 'learning_rate': 0.03388808528992388}. Best is trial 11 with value: 55.27579879760742.
LOCAL_RANK: 0 - CUDA_VISIBLE_DEVICES: [0]
[I 2023-11-29 23:58:44,068] Trial 139 finished with value: 83.390380859375 and parameters: {'gradient_clip_val': 0.25806193801642574, 'hidden_size': 36, 'dropout': 0.2098507483868615, 'hidden_continuous_size': 28, 'attention_head_size': 4, 'learning_rate': 0.0780353745677992}. Best is trial 11 with value: 55.27579879760742.
LOCAL_RANK: 0 - CUDA_VISIBLE_DEVICES: [0]
[I 2023-11-29 23:58:56,104] Trial 140 finished with value: 86.55938720703125 and parameters: {'gradient_clip_val': 0.27355539674165824, 'hidden_size': 18, 'dropout': 0.21725203550406183, 'hidden_continuous_size': 13, 'attention_head_size': 1, 'learning_rate': 0.06450606396894101}. Best is trial 11 with value: 55.27579879760742.
LOCAL_RANK: 0 - CUDA_VISIBLE_DEVICES: [0]
[I 2023-11-29 23:59:08,312] Trial 141 finished with value: 71.52681732177734 and parameters: {'gradient_clip_val': 0.27369728400242893, 'hidden_size': 20, 'dropout': 0.24509998659785753, 'hidden_continuous_size': 10, 'attention_head_size': 4, 'learning_rate': 0.028648393174925173}. Best is trial 11 with value: 55.27579879760742.
LOCAL_RANK: 0 - CUDA_VISIBLE_DEVICES: [0]
[I 2023-11-29 23:59:20,653] Trial 142 finished with value: 79.15306854248047 and parameters: {'gradient_clip_val': 0.2998810624395767, 'hidden_size': 17, 'dropout': 0.2547988925919065, 'hidden_continuous_size': 10, 'attention_head_size': 4, 'learning_rate': 0.022256544419177078}. Best is trial 11 with value: 55.27579879760742.
LOCAL_RANK: 0 - CUDA_VISIBLE_DEVICES: [0]
[I 2023-11-29 23:59:32,951] Trial 143 finished with value: 68.3563232421875 and parameters: {'gradient_clip_val': 0.24764101775702255, 'hidden_size': 21, 'dropout': 0.24123558371333265, 'hidden_continuous_size': 10, 'attention_head_size': 4, 'learning_rate': 0.027086320404558904}. Best is trial 11 with value: 55.27579879760742.
LOCAL_RANK: 0 - CUDA_VISIBLE_DEVICES: [0]
[I 2023-11-29 23:59:45,096] Trial 144 finished with value: 83.20075225830078 and parameters: {'gradient_clip_val': 0.26653600837016644, 'hidden_size': 18, 'dropout': 0.15685197227920208, 'hidden_continuous_size': 10, 'attention_head_size': 4, 'learning_rate': 0.025436835250123305}. Best is trial 11 with value: 55.27579879760742.
LOCAL_RANK: 0 - CUDA_VISIBLE_DEVICES: [0]
[I 2023-11-29 23:59:57,064] Trial 145 finished with value: 75.9184341430664 and parameters: {'gradient_clip_val': 0.28932897368023813, 'hidden_size': 16, 'dropout': 0.23482692839593433, 'hidden_continuous_size': 12, 'attention_head_size': 4, 'learning_rate': 0.031585006073239566}. Best is trial 11 with value: 55.27579879760742.
LOCAL_RANK: 0 - CUDA_VISIBLE_DEVICES: [0]
[I 2023-11-30 00:00:09,600] Trial 146 finished with value: 80.79755401611328 and parameters: {'gradient_clip_val': 0.23550334566530348, 'hidden_size': 27, 'dropout': 0.2589649021329594, 'hidden_continuous_size': 11, 'attention_head_size': 4, 'learning_rate': 0.03740138614500113}. Best is trial 11 with value: 55.27579879760742.
LOCAL_RANK: 0 - CUDA_VISIBLE_DEVICES: [0]
[I 2023-11-30 00:00:21,962] Trial 147 finished with value: 80.26683807373047 and parameters: {'gradient_clip_val': 0.31715925784230153, 'hidden_size': 19, 'dropout': 0.22397388413488045, 'hidden_continuous_size': 16, 'attention_head_size': 4, 'learning_rate': 0.056236715494985455}. Best is trial 11 with value: 55.27579879760742.
LOCAL_RANK: 0 - CUDA_VISIBLE_DEVICES: [0]
[I 2023-11-30 00:00:34,406] Trial 148 finished with value: 89.08484649658203 and parameters: {'gradient_clip_val': 0.2056353265548782, 'hidden_size': 23, 'dropout': 0.21411000433814797, 'hidden_continuous_size': 15, 'attention_head_size': 4, 'learning_rate': 0.028350269601977483}. Best is trial 11 with value: 55.27579879760742.
LOCAL_RANK: 0 - CUDA_VISIBLE_DEVICES: [0]
[I 2023-11-30 00:00:46,692] Trial 149 finished with value: 87.3582992553711 and parameters: {'gradient_clip_val': 0.33550462137627596, 'hidden_size': 17, 'dropout': 0.1874525004484154, 'hidden_continuous_size': 13, 'attention_head_size': 4, 'learning_rate': 0.04452134811017781}. Best is trial 11 with value: 55.27579879760742.
[I 2023-11-30 00:00:46,806] A new study created in memory with name: no-name-54d777a5-099b-443c-b795-849ad5e0d3ce
/home/le004/conda/anaconda3/envs/tsff_env/lib/python3.9/site-packages/lightning/fabric/plugins/environments/slurm.py:191: The `srun` command is available on your system but is not used. HINT: If your intention is to run Lightning on SLURM, prepend your python command with `srun` like so: srun python /home/le004/master_thesis/git/TSFusionForecast/code/ ...
LOCAL_RANK: 0 - CUDA_VISIBLE_DEVICES: [0]
[I 2023-11-30 00:00:59,598] Trial 0 finished with value: 345.1557312011719 and parameters: {'gradient_clip_val': 0.4142226083113145, 'hidden_size': 37, 'dropout': 0.2998577799148511, 'hidden_continuous_size': 12, 'attention_head_size': 4, 'learning_rate': 0.033304186334193076}. Best is trial 0 with value: 345.1557312011719.
LOCAL_RANK: 0 - CUDA_VISIBLE_DEVICES: [0]
