[I 2023-11-30 06:28:41,076] Trial 12 finished with value: 116.35369873046875 and parameters: {'gradient_clip_val': 0.48057572782640073, 'hidden_size': 28, 'dropout': 0.1922684243327129, 'hidden_continuous_size': 13, 'attention_head_size': 3, 'learning_rate': 0.03494506762998981}. Best is trial 5 with value: 77.17523193359375.
LOCAL_RANK: 0 - CUDA_VISIBLE_DEVICES: [0]
[I 2023-11-30 06:28:55,397] Trial 13 finished with value: 119.9809341430664 and parameters: {'gradient_clip_val': 0.904249959285435, 'hidden_size': 148, 'dropout': 0.26820049502811394, 'hidden_continuous_size': 30, 'attention_head_size': 3, 'learning_rate': 0.00958064456093037}. Best is trial 5 with value: 77.17523193359375.
LOCAL_RANK: 0 - CUDA_VISIBLE_DEVICES: [0]
[I 2023-11-30 06:29:08,306] Trial 14 finished with value: 107.02135467529297 and parameters: {'gradient_clip_val': 0.20163652107515273, 'hidden_size': 56, 'dropout': 0.18587295850069468, 'hidden_continuous_size': 16, 'attention_head_size': 2, 'learning_rate': 0.055265163945974576}. Best is trial 5 with value: 77.17523193359375.
LOCAL_RANK: 0 - CUDA_VISIBLE_DEVICES: [0]
[I 2023-11-30 06:29:20,461] Trial 15 finished with value: 110.94884490966797 and parameters: {'gradient_clip_val': 0.40384341629531406, 'hidden_size': 20, 'dropout': 0.24780180455411716, 'hidden_continuous_size': 11, 'attention_head_size': 4, 'learning_rate': 0.01563685140131737}. Best is trial 5 with value: 77.17523193359375.
LOCAL_RANK: 0 - CUDA_VISIBLE_DEVICES: [0]
[I 2023-11-30 06:29:32,375] Trial 16 finished with value: 165.7967071533203 and parameters: {'gradient_clip_val': 0.5509138833974393, 'hidden_size': 11, 'dropout': 0.10240483104650352, 'hidden_continuous_size': 10, 'attention_head_size': 1, 'learning_rate': 0.009162199950354211}. Best is trial 5 with value: 77.17523193359375.
LOCAL_RANK: 0 - CUDA_VISIBLE_DEVICES: [0]
[I 2023-11-30 06:29:44,972] Trial 17 finished with value: 123.91378021240234 and parameters: {'gradient_clip_val': 0.34519339727718207, 'hidden_size': 35, 'dropout': 0.16951536902437364, 'hidden_continuous_size': 14, 'attention_head_size': 2, 'learning_rate': 0.03878502798788498}. Best is trial 5 with value: 77.17523193359375.
LOCAL_RANK: 0 - CUDA_VISIBLE_DEVICES: [0]
[I 2023-11-30 06:29:58,238] Trial 18 finished with value: 115.1859130859375 and parameters: {'gradient_clip_val': 0.626195133982762, 'hidden_size': 59, 'dropout': 0.2197643788694435, 'hidden_continuous_size': 16, 'attention_head_size': 3, 'learning_rate': 0.020219734298962528}. Best is trial 5 with value: 77.17523193359375.
LOCAL_RANK: 0 - CUDA_VISIBLE_DEVICES: [0]
[I 2023-11-30 06:30:11,824] Trial 19 finished with value: 86.8952865600586 and parameters: {'gradient_clip_val': 0.22871095740911568, 'hidden_size': 70, 'dropout': 0.27134329801775176, 'hidden_continuous_size': 19, 'attention_head_size': 4, 'learning_rate': 0.006679920577460611}. Best is trial 5 with value: 77.17523193359375.
LOCAL_RANK: 0 - CUDA_VISIBLE_DEVICES: [0]
[I 2023-11-30 06:30:25,011] Trial 20 finished with value: 89.62579345703125 and parameters: {'gradient_clip_val': 0.19231741801318025, 'hidden_size': 69, 'dropout': 0.27093326118860994, 'hidden_continuous_size': 12, 'attention_head_size': 4, 'learning_rate': 0.006070043358178323}. Best is trial 5 with value: 77.17523193359375.
LOCAL_RANK: 0 - CUDA_VISIBLE_DEVICES: [0]
[I 2023-11-30 06:30:38,393] Trial 21 finished with value: 119.25237274169922 and parameters: {'gradient_clip_val': 0.19963545668117755, 'hidden_size': 75, 'dropout': 0.2824208179294023, 'hidden_continuous_size': 12, 'attention_head_size': 4, 'learning_rate': 0.005768630572467951}. Best is trial 5 with value: 77.17523193359375.
LOCAL_RANK: 0 - CUDA_VISIBLE_DEVICES: [0]
[I 2023-11-30 06:30:51,557] Trial 22 finished with value: 131.45872497558594 and parameters: {'gradient_clip_val': 0.22548954195813056, 'hidden_size': 69, 'dropout': 0.2564897757392447, 'hidden_continuous_size': 14, 'attention_head_size': 4, 'learning_rate': 0.003624667712451417}. Best is trial 5 with value: 77.17523193359375.
LOCAL_RANK: 0 - CUDA_VISIBLE_DEVICES: [0]
[I 2023-11-30 06:31:05,712] Trial 23 finished with value: 98.33333587646484 and parameters: {'gradient_clip_val': 0.15549216218432035, 'hidden_size': 126, 'dropout': 0.31164915190714104, 'hidden_continuous_size': 21, 'attention_head_size': 4, 'learning_rate': 0.0066311865432875676}. Best is trial 5 with value: 77.17523193359375.
LOCAL_RANK: 0 - CUDA_VISIBLE_DEVICES: [0]
[I 2023-11-30 06:31:19,254] Trial 24 finished with value: 127.70812225341797 and parameters: {'gradient_clip_val': 0.24032549698040878, 'hidden_size': 84, 'dropout': 0.24052760588744485, 'hidden_continuous_size': 18, 'attention_head_size': 4, 'learning_rate': 0.0026839537183593813}. Best is trial 5 with value: 77.17523193359375.
LOCAL_RANK: 0 - CUDA_VISIBLE_DEVICES: [0]
[I 2023-11-30 06:31:32,130] Trial 25 finished with value: 159.44163513183594 and parameters: {'gradient_clip_val': 0.30090325209718366, 'hidden_size': 46, 'dropout': 0.26857098485079584, 'hidden_continuous_size': 11, 'attention_head_size': 4, 'learning_rate': 0.011984882535505817}. Best is trial 5 with value: 77.17523193359375.
LOCAL_RANK: 0 - CUDA_VISIBLE_DEVICES: [0]
[I 2023-11-30 06:31:45,234] Trial 26 finished with value: 91.62425994873047 and parameters: {'gradient_clip_val': 0.18550713491258097, 'hidden_size': 68, 'dropout': 0.2996573368284743, 'hidden_continuous_size': 14, 'attention_head_size': 3, 'learning_rate': 0.0067643315918389625}. Best is trial 5 with value: 77.17523193359375.
LOCAL_RANK: 0 - CUDA_VISIBLE_DEVICES: [0]
[I 2023-11-30 06:31:59,371] Trial 27 finished with value: 118.4748764038086 and parameters: {'gradient_clip_val': 0.22075188836944193, 'hidden_size': 150, 'dropout': 0.3287273230404349, 'hidden_continuous_size': 21, 'attention_head_size': 1, 'learning_rate': 0.0044136841262755865}. Best is trial 5 with value: 77.17523193359375.
LOCAL_RANK: 0 - CUDA_VISIBLE_DEVICES: [0]
[I 2023-11-30 06:32:13,412] Trial 28 finished with value: 125.03929901123047 and parameters: {'gradient_clip_val': 0.1693220716808945, 'hidden_size': 109, 'dropout': 0.27090909572658695, 'hidden_continuous_size': 19, 'attention_head_size': 4, 'learning_rate': 0.007795450824465309}. Best is trial 5 with value: 77.17523193359375.
LOCAL_RANK: 0 - CUDA_VISIBLE_DEVICES: [0]
[I 2023-11-30 06:32:26,882] Trial 29 finished with value: 120.45098876953125 and parameters: {'gradient_clip_val': 0.28721274043386436, 'hidden_size': 87, 'dropout': 0.2517809785868682, 'hidden_continuous_size': 15, 'attention_head_size': 2, 'learning_rate': 0.003023764003883218}. Best is trial 5 with value: 77.17523193359375.
LOCAL_RANK: 0 - CUDA_VISIBLE_DEVICES: [0]
[I 2023-11-30 06:32:40,958] Trial 30 finished with value: 121.5434341430664 and parameters: {'gradient_clip_val': 0.10284757998174877, 'hidden_size': 115, 'dropout': 0.29002399132361734, 'hidden_continuous_size': 39, 'attention_head_size': 3, 'learning_rate': 0.011289283677878069}. Best is trial 5 with value: 77.17523193359375.
LOCAL_RANK: 0 - CUDA_VISIBLE_DEVICES: [0]
[I 2023-11-30 06:32:54,213] Trial 31 finished with value: 126.94779205322266 and parameters: {'gradient_clip_val': 0.18119005180900732, 'hidden_size': 70, 'dropout': 0.30360692920680693, 'hidden_continuous_size': 14, 'attention_head_size': 3, 'learning_rate': 0.006433915870386172}. Best is trial 5 with value: 77.17523193359375.
LOCAL_RANK: 0 - CUDA_VISIBLE_DEVICES: [0]
[I 2023-11-30 06:33:07,709] Trial 32 finished with value: 131.70021057128906 and parameters: {'gradient_clip_val': 0.2507239339652695, 'hidden_size': 100, 'dropout': 0.34231540032172303, 'hidden_continuous_size': 12, 'attention_head_size': 3, 'learning_rate': 0.005367914635355567}. Best is trial 5 with value: 77.17523193359375.
LOCAL_RANK: 0 - CUDA_VISIBLE_DEVICES: [0]
[I 2023-11-30 06:33:21,000] Trial 33 finished with value: 119.00103759765625 and parameters: {'gradient_clip_val': 0.2043369308377355, 'hidden_size': 68, 'dropout': 0.3040647186245605, 'hidden_continuous_size': 15, 'attention_head_size': 4, 'learning_rate': 0.008242412942220782}. Best is trial 5 with value: 77.17523193359375.
LOCAL_RANK: 0 - CUDA_VISIBLE_DEVICES: [0]
[I 2023-11-30 06:33:34,627] Trial 34 finished with value: 105.8902359008789 and parameters: {'gradient_clip_val': 0.3147067830285775, 'hidden_size': 94, 'dropout': 0.28189147329144393, 'hidden_continuous_size': 17, 'attention_head_size': 3, 'learning_rate': 0.006840104918740163}. Best is trial 5 with value: 77.17523193359375.
LOCAL_RANK: 0 - CUDA_VISIBLE_DEVICES: [0]
[I 2023-11-30 06:33:49,067] Trial 35 finished with value: 151.43374633789062 and parameters: {'gradient_clip_val': 0.14639931181552762, 'hidden_size': 118, 'dropout': 0.39510971662163513, 'hidden_continuous_size': 98, 'attention_head_size': 3, 'learning_rate': 0.004617954780931088}. Best is trial 5 with value: 77.17523193359375.
LOCAL_RANK: 0 - CUDA_VISIBLE_DEVICES: [0]
[I 2023-11-30 06:34:02,163] Trial 36 finished with value: 114.7559585571289 and parameters: {'gradient_clip_val': 0.1385168104514813, 'hidden_size': 80, 'dropout': 0.26236208596623717, 'hidden_continuous_size': 13, 'attention_head_size': 2, 'learning_rate': 0.010178294121818131}. Best is trial 5 with value: 77.17523193359375.
LOCAL_RANK: 0 - CUDA_VISIBLE_DEVICES: [0]
[I 2023-11-30 06:34:15,226] Trial 37 finished with value: 104.10791015625 and parameters: {'gradient_clip_val': 0.27273455396871304, 'hidden_size': 61, 'dropout': 0.29623226988218665, 'hidden_continuous_size': 11, 'attention_head_size': 4, 'learning_rate': 0.0033615470946882983}. Best is trial 5 with value: 77.17523193359375.
LOCAL_RANK: 0 - CUDA_VISIBLE_DEVICES: [0]
[I 2023-11-30 06:34:27,918] Trial 38 finished with value: 110.1907730102539 and parameters: {'gradient_clip_val': 0.18487410880265373, 'hidden_size': 48, 'dropout': 0.22972944328712974, 'hidden_continuous_size': 18, 'attention_head_size': 1, 'learning_rate': 0.005283795964291918}. Best is trial 5 with value: 77.17523193359375.
LOCAL_RANK: 0 - CUDA_VISIBLE_DEVICES: [0]
[I 2023-11-30 06:34:41,650] Trial 39 finished with value: 99.36481475830078 and parameters: {'gradient_clip_val': 0.2248080017579143, 'hidden_size': 96, 'dropout': 0.28146093296326646, 'hidden_continuous_size': 22, 'attention_head_size': 4, 'learning_rate': 0.007618318638356659}. Best is trial 5 with value: 77.17523193359375.
LOCAL_RANK: 0 - CUDA_VISIBLE_DEVICES: [0]
[I 2023-11-30 06:34:54,927] Trial 40 finished with value: 179.72589111328125 and parameters: {'gradient_clip_val': 0.12809466765864141, 'hidden_size': 76, 'dropout': 0.31783781453285465, 'hidden_continuous_size': 16, 'attention_head_size': 3, 'learning_rate': 0.00394153215964001}. Best is trial 5 with value: 77.17523193359375.
LOCAL_RANK: 0 - CUDA_VISIBLE_DEVICES: [0]
[I 2023-11-30 06:35:07,535] Trial 41 finished with value: 120.48213958740234 and parameters: {'gradient_clip_val': 0.36015123008682676, 'hidden_size': 48, 'dropout': 0.24498702244529774, 'hidden_continuous_size': 13, 'attention_head_size': 3, 'learning_rate': 0.014219108635300019}. Best is trial 5 with value: 77.17523193359375.
LOCAL_RANK: 0 - CUDA_VISIBLE_DEVICES: [0]
[I 2023-11-30 06:35:21,524] Trial 42 finished with value: 113.22415924072266 and parameters: {'gradient_clip_val': 0.2445303166011249, 'hidden_size': 130, 'dropout': 0.2945244156510407, 'hidden_continuous_size': 26, 'attention_head_size': 2, 'learning_rate': 0.00871273925100525}. Best is trial 5 with value: 77.17523193359375.
LOCAL_RANK: 0 - CUDA_VISIBLE_DEVICES: [0]
[I 2023-11-30 06:35:35,356] Trial 43 finished with value: 185.1041717529297 and parameters: {'gradient_clip_val': 0.2742817591634948, 'hidden_size': 101, 'dropout': 0.21609690981833235, 'hidden_continuous_size': 19, 'attention_head_size': 3, 'learning_rate': 0.017355243238911994}. Best is trial 5 with value: 77.17523193359375.
LOCAL_RANK: 0 - CUDA_VISIBLE_DEVICES: [0]
[I 2023-11-30 06:35:48,343] Trial 44 finished with value: 109.2959976196289 and parameters: {'gradient_clip_val': 0.16936730183211793, 'hidden_size': 64, 'dropout': 0.23292228416211194, 'hidden_continuous_size': 15, 'attention_head_size': 3, 'learning_rate': 0.011139792519563395}. Best is trial 5 with value: 77.17523193359375.
LOCAL_RANK: 0 - CUDA_VISIBLE_DEVICES: [0]
[I 2023-11-30 06:36:01,677] Trial 45 finished with value: 117.547607421875 and parameters: {'gradient_clip_val': 0.3225586140675018, 'hidden_size': 87, 'dropout': 0.26203996841064087, 'hidden_continuous_size': 10, 'attention_head_size': 2, 'learning_rate': 0.006446577982280828}. Best is trial 5 with value: 77.17523193359375.
LOCAL_RANK: 0 - CUDA_VISIBLE_DEVICES: [0]
[I 2023-11-30 06:36:14,566] Trial 46 finished with value: 103.50665283203125 and parameters: {'gradient_clip_val': 0.37160946614766, 'hidden_size': 55, 'dropout': 0.15072741254652855, 'hidden_continuous_size': 17, 'attention_head_size': 1, 'learning_rate': 0.00464954018159195}. Best is trial 5 with value: 77.17523193359375.
LOCAL_RANK: 0 - CUDA_VISIBLE_DEVICES: [0]
[I 2023-11-30 06:36:26,796] Trial 47 finished with value: 144.4217071533203 and parameters: {'gradient_clip_val': 0.154459761828223, 'hidden_size': 32, 'dropout': 0.2748282210834945, 'hidden_continuous_size': 12, 'attention_head_size': 4, 'learning_rate': 0.013293380960135845}. Best is trial 5 with value: 77.17523193359375.
LOCAL_RANK: 0 - CUDA_VISIBLE_DEVICES: [0]
[I 2023-11-30 06:36:39,679] Trial 48 finished with value: 106.80316162109375 and parameters: {'gradient_clip_val': 0.4334754580759824, 'hidden_size': 42, 'dropout': 0.2516586488730592, 'hidden_continuous_size': 14, 'attention_head_size': 3, 'learning_rate': 0.010261385765296753}. Best is trial 5 with value: 77.17523193359375.
LOCAL_RANK: 0 - CUDA_VISIBLE_DEVICES: [0]
[I 2023-11-30 06:36:53,576] Trial 49 finished with value: 96.95919036865234 and parameters: {'gradient_clip_val': 0.3036829789114046, 'hidden_size': 111, 'dropout': 0.20430401775781173, 'hidden_continuous_size': 23, 'attention_head_size': 4, 'learning_rate': 0.02128516412206224}. Best is trial 5 with value: 77.17523193359375.
LOCAL_RANK: 0 - CUDA_VISIBLE_DEVICES: [0]
[I 2023-11-30 06:37:07,317] Trial 50 finished with value: 104.08065032958984 and parameters: {'gradient_clip_val': 0.27171967616105014, 'hidden_size': 108, 'dropout': 0.208291241984338, 'hidden_continuous_size': 24, 'attention_head_size': 4, 'learning_rate': 0.01987388507784512}. Best is trial 5 with value: 77.17523193359375.
LOCAL_RANK: 0 - CUDA_VISIBLE_DEVICES: [0]
[I 2023-11-30 06:37:21,304] Trial 51 finished with value: 133.34034729003906 and parameters: {'gradient_clip_val': 0.30109248450469284, 'hidden_size': 123, 'dropout': 0.1987650871465389, 'hidden_continuous_size': 20, 'attention_head_size': 4, 'learning_rate': 0.022990002301170497}. Best is trial 5 with value: 77.17523193359375.
LOCAL_RANK: 0 - CUDA_VISIBLE_DEVICES: [0]
[I 2023-11-30 06:37:35,648] Trial 52 finished with value: 65.44499206542969 and parameters: {'gradient_clip_val': 0.3250286493770799, 'hidden_size': 137, 'dropout': 0.15917900457462503, 'hidden_continuous_size': 26, 'attention_head_size': 4, 'learning_rate': 0.03148563771001201}. Best is trial 52 with value: 65.44499206542969.
LOCAL_RANK: 0 - CUDA_VISIBLE_DEVICES: [0]
[I 2023-11-30 06:37:49,919] Trial 53 finished with value: 130.30018615722656 and parameters: {'gradient_clip_val': 0.3416643325626012, 'hidden_size': 138, 'dropout': 0.1624921213916585, 'hidden_continuous_size': 29, 'attention_head_size': 4, 'learning_rate': 0.029999175119261392}. Best is trial 52 with value: 65.44499206542969.
LOCAL_RANK: 0 - CUDA_VISIBLE_DEVICES: [0]
[I 2023-11-30 06:38:04,378] Trial 54 finished with value: 116.65473175048828 and parameters: {'gradient_clip_val': 0.2576105737327633, 'hidden_size': 133, 'dropout': 0.18550736191303036, 'hidden_continuous_size': 32, 'attention_head_size': 4, 'learning_rate': 0.04316895708762157}. Best is trial 52 with value: 65.44499206542969.
LOCAL_RANK: 0 - CUDA_VISIBLE_DEVICES: [0]
[I 2023-11-30 06:38:18,300] Trial 55 finished with value: 118.7364273071289 and parameters: {'gradient_clip_val': 0.21635639421296604, 'hidden_size': 116, 'dropout': 0.13860631074478763, 'hidden_continuous_size': 24, 'attention_head_size': 4, 'learning_rate': 0.02661610704943316}. Best is trial 52 with value: 65.44499206542969.
LOCAL_RANK: 0 - CUDA_VISIBLE_DEVICES: [0]
[I 2023-11-30 06:38:31,980] Trial 56 finished with value: 124.94910430908203 and parameters: {'gradient_clip_val': 0.2397696604269868, 'hidden_size': 89, 'dropout': 0.23961536135918354, 'hidden_continuous_size': 22, 'attention_head_size': 4, 'learning_rate': 0.007458512377602263}. Best is trial 52 with value: 65.44499206542969.
LOCAL_RANK: 0 - CUDA_VISIBLE_DEVICES: [0]
[I 2023-11-30 06:38:46,566] Trial 57 finished with value: 130.6840057373047 and parameters: {'gradient_clip_val': 0.29680523930442837, 'hidden_size': 145, 'dropout': 0.22557276800285625, 'hidden_continuous_size': 53, 'attention_head_size': 4, 'learning_rate': 0.005422285704365591}. Best is trial 52 with value: 65.44499206542969.
LOCAL_RANK: 0 - CUDA_VISIBLE_DEVICES: [0]
[I 2023-11-30 06:39:00,114] Trial 58 finished with value: 91.32275390625 and parameters: {'gradient_clip_val': 0.38722291609200493, 'hidden_size': 107, 'dropout': 0.26406963975045405, 'hidden_continuous_size': 11, 'attention_head_size': 4, 'learning_rate': 0.01574304012673274}. Best is trial 52 with value: 65.44499206542969.
LOCAL_RANK: 0 - CUDA_VISIBLE_DEVICES: [0]
[I 2023-11-30 06:39:13,567] Trial 59 finished with value: 107.68656158447266 and parameters: {'gradient_clip_val': 0.3781626842119495, 'hidden_size': 80, 'dropout': 0.25700285629520514, 'hidden_continuous_size': 11, 'attention_head_size': 4, 'learning_rate': 0.009417350065516913}. Best is trial 52 with value: 65.44499206542969.
LOCAL_RANK: 0 - CUDA_VISIBLE_DEVICES: [0]
[I 2023-11-30 06:39:27,089] Trial 60 finished with value: 116.35150909423828 and parameters: {'gradient_clip_val': 0.33343933585480834, 'hidden_size': 103, 'dropout': 0.26933400342411223, 'hidden_continuous_size': 10, 'attention_head_size': 4, 'learning_rate': 0.013292213277916114}. Best is trial 52 with value: 65.44499206542969.
LOCAL_RANK: 0 - CUDA_VISIBLE_DEVICES: [0]
[I 2023-11-30 06:39:40,871] Trial 61 finished with value: 127.78827667236328 and parameters: {'gradient_clip_val': 0.39861663532435837, 'hidden_size': 126, 'dropout': 0.28568636576021206, 'hidden_continuous_size': 11, 'attention_head_size': 4, 'learning_rate': 0.016924163636071975}. Best is trial 52 with value: 65.44499206542969.
LOCAL_RANK: 0 - CUDA_VISIBLE_DEVICES: [0]
[I 2023-11-30 06:39:54,429] Trial 62 finished with value: 97.96001434326172 and parameters: {'gradient_clip_val': 0.32188297514236547, 'hidden_size': 112, 'dropout': 0.27712549684088567, 'hidden_continuous_size': 13, 'attention_head_size': 4, 'learning_rate': 0.006297382095454767}. Best is trial 52 with value: 65.44499206542969.
LOCAL_RANK: 0 - CUDA_VISIBLE_DEVICES: [0]
[I 2023-11-30 06:40:08,632] Trial 63 finished with value: 118.49298858642578 and parameters: {'gradient_clip_val': 0.2808251877604332, 'hidden_size': 139, 'dropout': 0.24262421410990626, 'hidden_continuous_size': 18, 'attention_head_size': 4, 'learning_rate': 0.008977529872047545}. Best is trial 52 with value: 65.44499206542969.
LOCAL_RANK: 0 - CUDA_VISIBLE_DEVICES: [0]
[I 2023-11-30 06:40:22,404] Trial 64 finished with value: 120.08463287353516 and parameters: {'gradient_clip_val': 0.20849338138162377, 'hidden_size': 93, 'dropout': 0.26144792129773425, 'hidden_continuous_size': 12, 'attention_head_size': 4, 'learning_rate': 0.02291715915782859}. Best is trial 52 with value: 65.44499206542969.
LOCAL_RANK: 0 - CUDA_VISIBLE_DEVICES: [0]
[I 2023-11-30 06:40:36,155] Trial 65 finished with value: 135.97816467285156 and parameters: {'gradient_clip_val': 0.19144668766429201, 'hidden_size': 105, 'dropout': 0.25153041458119874, 'hidden_continuous_size': 16, 'attention_head_size': 4, 'learning_rate': 0.016676656710348493}. Best is trial 52 with value: 65.44499206542969.
LOCAL_RANK: 0 - CUDA_VISIBLE_DEVICES: [0]
[I 2023-11-30 06:40:50,042] Trial 66 finished with value: 114.1844253540039 and parameters: {'gradient_clip_val': 0.22607779659151822, 'hidden_size': 123, 'dropout': 0.273772053163161, 'hidden_continuous_size': 15, 'attention_head_size': 4, 'learning_rate': 0.012283569596218753}. Best is trial 52 with value: 65.44499206542969.
LOCAL_RANK: 0 - CUDA_VISIBLE_DEVICES: [0]
[I 2023-11-30 06:41:03,176] Trial 67 finished with value: 125.39612579345703 and parameters: {'gradient_clip_val': 0.2995701839521111, 'hidden_size': 72, 'dropout': 0.29135385851253603, 'hidden_continuous_size': 13, 'attention_head_size': 4, 'learning_rate': 0.014941910618212227}. Best is trial 52 with value: 65.44499206542969.
LOCAL_RANK: 0 - CUDA_VISIBLE_DEVICES: [0]
[I 2023-11-30 06:41:17,293] Trial 68 finished with value: 122.95316314697266 and parameters: {'gradient_clip_val': 0.2534058812206004, 'hidden_size': 150, 'dropout': 0.23527999305699318, 'hidden_continuous_size': 20, 'attention_head_size': 1, 'learning_rate': 0.004857940446157213}. Best is trial 52 with value: 65.44499206542969.
LOCAL_RANK: 0 - CUDA_VISIBLE_DEVICES: [0]
[I 2023-11-30 06:41:30,891] Trial 69 finished with value: 140.9052276611328 and parameters: {'gradient_clip_val': 0.1957020619517442, 'hidden_size': 81, 'dropout': 0.12434974221076286, 'hidden_continuous_size': 10, 'attention_head_size': 4, 'learning_rate': 0.00768358930622723}. Best is trial 52 with value: 65.44499206542969.
LOCAL_RANK: 0 - CUDA_VISIBLE_DEVICES: [0]
[I 2023-11-30 06:41:44,432] Trial 70 finished with value: 135.30406188964844 and parameters: {'gradient_clip_val': 0.1780219900653068, 'hidden_size': 94, 'dropout': 0.30322775626040616, 'hidden_continuous_size': 14, 'attention_head_size': 4, 'learning_rate': 0.005795680355643024}. Best is trial 52 with value: 65.44499206542969.
LOCAL_RANK: 0 - CUDA_VISIBLE_DEVICES: [0]
