[I 2023-11-30 07:49:23,501] Trial 64 finished with value: 27.750289916992188 and parameters: {'gradient_clip_val': 0.5163479369280789, 'hidden_size': 107, 'dropout': 0.33856983789064216, 'hidden_continuous_size': 99, 'attention_head_size': 4, 'learning_rate': 0.0015329392745106376}. Best is trial 38 with value: 27.119211196899414.
LOCAL_RANK: 0 - CUDA_VISIBLE_DEVICES: [0]
[I 2023-11-30 07:49:37,784] Trial 65 finished with value: 28.938997268676758 and parameters: {'gradient_clip_val': 0.5149975560749895, 'hidden_size': 108, 'dropout': 0.34090130815472175, 'hidden_continuous_size': 98, 'attention_head_size': 4, 'learning_rate': 0.0026556777383529924}. Best is trial 38 with value: 27.119211196899414.
LOCAL_RANK: 0 - CUDA_VISIBLE_DEVICES: [0]
[I 2023-11-30 07:49:51,844] Trial 66 finished with value: 33.99955368041992 and parameters: {'gradient_clip_val': 0.5350586763727696, 'hidden_size': 89, 'dropout': 0.3655746149443658, 'hidden_continuous_size': 77, 'attention_head_size': 2, 'learning_rate': 0.001576410386155632}. Best is trial 38 with value: 27.119211196899414.
LOCAL_RANK: 0 - CUDA_VISIBLE_DEVICES: [0]
[I 2023-11-30 07:50:06,324] Trial 67 finished with value: 31.91428565979004 and parameters: {'gradient_clip_val': 0.4805869334421316, 'hidden_size': 118, 'dropout': 0.33178523945214206, 'hidden_continuous_size': 108, 'attention_head_size': 4, 'learning_rate': 0.0010025310983053162}. Best is trial 38 with value: 27.119211196899414.
LOCAL_RANK: 0 - CUDA_VISIBLE_DEVICES: [0]
[I 2023-11-30 07:50:20,734] Trial 68 finished with value: 37.882808685302734 and parameters: {'gradient_clip_val': 0.6304096313956687, 'hidden_size': 81, 'dropout': 0.3542879102340408, 'hidden_continuous_size': 76, 'attention_head_size': 4, 'learning_rate': 0.0019032223987113493}. Best is trial 38 with value: 27.119211196899414.
LOCAL_RANK: 0 - CUDA_VISIBLE_DEVICES: [0]
[I 2023-11-30 07:50:35,242] Trial 69 finished with value: 30.028717041015625 and parameters: {'gradient_clip_val': 0.5601615883908246, 'hidden_size': 110, 'dropout': 0.37444639932739676, 'hidden_continuous_size': 103, 'attention_head_size': 4, 'learning_rate': 0.001446707299157139}. Best is trial 38 with value: 27.119211196899414.
LOCAL_RANK: 0 - CUDA_VISIBLE_DEVICES: [0]
[I 2023-11-30 07:50:50,005] Trial 70 finished with value: 30.436119079589844 and parameters: {'gradient_clip_val': 0.4544238093946466, 'hidden_size': 137, 'dropout': 0.33811148534986, 'hidden_continuous_size': 119, 'attention_head_size': 4, 'learning_rate': 0.002090095120451669}. Best is trial 38 with value: 27.119211196899414.
LOCAL_RANK: 0 - CUDA_VISIBLE_DEVICES: [0]
[I 2023-11-30 07:51:04,413] Trial 71 finished with value: 29.284189224243164 and parameters: {'gradient_clip_val': 0.6757569672712292, 'hidden_size': 125, 'dropout': 0.37910023363435036, 'hidden_continuous_size': 112, 'attention_head_size': 4, 'learning_rate': 0.001271221796002989}. Best is trial 38 with value: 27.119211196899414.
LOCAL_RANK: 0 - CUDA_VISIBLE_DEVICES: [0]
[I 2023-11-30 07:51:19,009] Trial 72 finished with value: 24.556711196899414 and parameters: {'gradient_clip_val': 0.6083238670567891, 'hidden_size': 129, 'dropout': 0.39109360227113066, 'hidden_continuous_size': 115, 'attention_head_size': 4, 'learning_rate': 0.0016503779042454595}. Best is trial 72 with value: 24.556711196899414.
LOCAL_RANK: 0 - CUDA_VISIBLE_DEVICES: [0]
[I 2023-11-30 07:51:34,022] Trial 73 finished with value: 28.108327865600586 and parameters: {'gradient_clip_val': 0.5900014984182145, 'hidden_size': 141, 'dropout': 0.39071299701429885, 'hidden_continuous_size': 133, 'attention_head_size': 4, 'learning_rate': 0.001720289850678103}. Best is trial 72 with value: 24.556711196899414.
LOCAL_RANK: 0 - CUDA_VISIBLE_DEVICES: [0]
[I 2023-11-30 07:51:48,188] Trial 74 finished with value: 29.312332153320312 and parameters: {'gradient_clip_val': 0.5362160137036329, 'hidden_size': 104, 'dropout': 0.36864200665404956, 'hidden_continuous_size': 96, 'attention_head_size': 4, 'learning_rate': 0.002662883446708546}. Best is trial 72 with value: 24.556711196899414.
LOCAL_RANK: 0 - CUDA_VISIBLE_DEVICES: [0]
[I 2023-11-30 07:52:02,680] Trial 75 finished with value: 28.1390438079834 and parameters: {'gradient_clip_val': 0.628590207320977, 'hidden_size': 116, 'dropout': 0.3935129222187663, 'hidden_continuous_size': 105, 'attention_head_size': 4, 'learning_rate': 0.001511637494792964}. Best is trial 72 with value: 24.556711196899414.
LOCAL_RANK: 0 - CUDA_VISIBLE_DEVICES: [0]
[I 2023-11-30 07:52:17,353] Trial 76 finished with value: 29.1163272857666 and parameters: {'gradient_clip_val': 0.5108850294474616, 'hidden_size': 131, 'dropout': 0.38524630654820435, 'hidden_continuous_size': 120, 'attention_head_size': 4, 'learning_rate': 0.0018748254954910042}. Best is trial 72 with value: 24.556711196899414.
LOCAL_RANK: 0 - CUDA_VISIBLE_DEVICES: [0]
[I 2023-11-30 07:52:31,405] Trial 77 finished with value: 34.212852478027344 and parameters: {'gradient_clip_val': 0.5689164245404754, 'hidden_size': 92, 'dropout': 0.3998511054740486, 'hidden_continuous_size': 86, 'attention_head_size': 3, 'learning_rate': 0.0013637621657116147}. Best is trial 72 with value: 24.556711196899414.
LOCAL_RANK: 0 - CUDA_VISIBLE_DEVICES: [0]
[I 2023-11-30 07:52:45,967] Trial 78 finished with value: 29.566604614257812 and parameters: {'gradient_clip_val': 0.47977383450145134, 'hidden_size': 103, 'dropout': 0.3633015983891921, 'hidden_continuous_size': 95, 'attention_head_size': 4, 'learning_rate': 0.001124878568473346}. Best is trial 72 with value: 24.556711196899414.
LOCAL_RANK: 0 - CUDA_VISIBLE_DEVICES: [0]
[I 2023-11-30 07:53:00,377] Trial 79 finished with value: 30.181909561157227 and parameters: {'gradient_clip_val': 0.4240365927967546, 'hidden_size': 121, 'dropout': 0.3750891935861026, 'hidden_continuous_size': 110, 'attention_head_size': 2, 'learning_rate': 0.001270543540548066}. Best is trial 72 with value: 24.556711196899414.
LOCAL_RANK: 0 - CUDA_VISIBLE_DEVICES: [0]
[I 2023-11-30 07:53:15,206] Trial 80 finished with value: 29.45176124572754 and parameters: {'gradient_clip_val': 0.6907909585155327, 'hidden_size': 140, 'dropout': 0.3208192851525393, 'hidden_continuous_size': 132, 'attention_head_size': 4, 'learning_rate': 0.0021473124192097916}. Best is trial 72 with value: 24.556711196899414.
LOCAL_RANK: 0 - CUDA_VISIBLE_DEVICES: [0]
[I 2023-11-30 07:53:29,766] Trial 81 finished with value: 30.898324966430664 and parameters: {'gradient_clip_val': 0.7369101001221595, 'hidden_size': 122, 'dropout': 0.3568934328180854, 'hidden_continuous_size': 113, 'attention_head_size': 4, 'learning_rate': 0.0015557796730079419}. Best is trial 72 with value: 24.556711196899414.
LOCAL_RANK: 0 - CUDA_VISIBLE_DEVICES: [0]
[I 2023-11-30 07:53:44,445] Trial 82 finished with value: 28.09925079345703 and parameters: {'gradient_clip_val': 0.6246318851719389, 'hidden_size': 129, 'dropout': 0.37708098096203296, 'hidden_continuous_size': 119, 'attention_head_size': 4, 'learning_rate': 0.0017542257208566158}. Best is trial 72 with value: 24.556711196899414.
LOCAL_RANK: 0 - CUDA_VISIBLE_DEVICES: [0]
[I 2023-11-30 07:53:59,434] Trial 83 finished with value: 29.18854522705078 and parameters: {'gradient_clip_val': 0.5708387020139175, 'hidden_size': 144, 'dropout': 0.38404658441220674, 'hidden_continuous_size': 140, 'attention_head_size': 4, 'learning_rate': 0.001353161773955586}. Best is trial 72 with value: 24.556711196899414.
LOCAL_RANK: 0 - CUDA_VISIBLE_DEVICES: [0]
[I 2023-11-30 07:54:14,518] Trial 84 finished with value: 32.75692367553711 and parameters: {'gradient_clip_val': 0.6588789297369666, 'hidden_size': 150, 'dropout': 0.34810675250620304, 'hidden_continuous_size': 146, 'attention_head_size': 4, 'learning_rate': 0.0019526702604931254}. Best is trial 72 with value: 24.556711196899414.
LOCAL_RANK: 0 - CUDA_VISIBLE_DEVICES: [0]
[I 2023-11-30 07:54:28,910] Trial 85 finished with value: 31.29900360107422 and parameters: {'gradient_clip_val': 0.7764730079660251, 'hidden_size': 112, 'dropout': 0.39240340443073934, 'hidden_continuous_size': 103, 'attention_head_size': 4, 'learning_rate': 0.00237013661870738}. Best is trial 72 with value: 24.556711196899414.
LOCAL_RANK: 0 - CUDA_VISIBLE_DEVICES: [0]
[I 2023-11-30 07:54:43,487] Trial 86 finished with value: 31.16857147216797 and parameters: {'gradient_clip_val': 0.601634502901118, 'hidden_size': 126, 'dropout': 0.3575288546507671, 'hidden_continuous_size': 117, 'attention_head_size': 4, 'learning_rate': 0.0011514505773289087}. Best is trial 72 with value: 24.556711196899414.
LOCAL_RANK: 0 - CUDA_VISIBLE_DEVICES: [0]
[I 2023-11-30 07:54:58,279] Trial 87 finished with value: 28.982742309570312 and parameters: {'gradient_clip_val': 0.5373427856065582, 'hidden_size': 131, 'dropout': 0.3723906202584608, 'hidden_continuous_size': 125, 'attention_head_size': 4, 'learning_rate': 0.0015231276393423373}. Best is trial 72 with value: 24.556711196899414.
LOCAL_RANK: 0 - CUDA_VISIBLE_DEVICES: [0]
[I 2023-11-30 07:55:12,748] Trial 88 finished with value: 35.956661224365234 and parameters: {'gradient_clip_val': 0.6785490214650147, 'hidden_size': 93, 'dropout': 0.3942075332323071, 'hidden_continuous_size': 88, 'attention_head_size': 4, 'learning_rate': 0.0016863136501185981}. Best is trial 72 with value: 24.556711196899414.
LOCAL_RANK: 0 - CUDA_VISIBLE_DEVICES: [0]
[I 2023-11-30 07:55:27,286] Trial 89 finished with value: 35.110225677490234 and parameters: {'gradient_clip_val': 0.4923111472986513, 'hidden_size': 107, 'dropout': 0.38292705293620266, 'hidden_continuous_size': 98, 'attention_head_size': 4, 'learning_rate': 0.0011092337784635582}. Best is trial 72 with value: 24.556711196899414.
LOCAL_RANK: 0 - CUDA_VISIBLE_DEVICES: [0]
[I 2023-11-30 07:55:41,853] Trial 90 finished with value: 31.90323829650879 and parameters: {'gradient_clip_val': 0.617540970982713, 'hidden_size': 114, 'dropout': 0.3612514754950298, 'hidden_continuous_size': 105, 'attention_head_size': 4, 'learning_rate': 0.00128658819605326}. Best is trial 72 with value: 24.556711196899414.
LOCAL_RANK: 0 - CUDA_VISIBLE_DEVICES: [0]
[I 2023-11-30 07:55:56,479] Trial 91 finished with value: 30.441919326782227 and parameters: {'gradient_clip_val': 0.6184162748292124, 'hidden_size': 131, 'dropout': 0.3735935392847268, 'hidden_continuous_size': 118, 'attention_head_size': 4, 'learning_rate': 0.0018134985231501946}. Best is trial 72 with value: 24.556711196899414.
LOCAL_RANK: 0 - CUDA_VISIBLE_DEVICES: [0]
[I 2023-11-30 07:56:11,168] Trial 92 finished with value: 28.017534255981445 and parameters: {'gradient_clip_val': 0.55909515288902, 'hidden_size': 136, 'dropout': 0.37677098364679223, 'hidden_continuous_size': 130, 'attention_head_size': 4, 'learning_rate': 0.0014757180173014014}. Best is trial 72 with value: 24.556711196899414.
LOCAL_RANK: 0 - CUDA_VISIBLE_DEVICES: [0]
[I 2023-11-30 07:56:26,053] Trial 93 finished with value: 28.704919815063477 and parameters: {'gradient_clip_val': 0.560874274670867, 'hidden_size': 140, 'dropout': 0.38608468182970423, 'hidden_continuous_size': 130, 'attention_head_size': 4, 'learning_rate': 0.001478156326747919}. Best is trial 72 with value: 24.556711196899414.
LOCAL_RANK: 0 - CUDA_VISIBLE_DEVICES: [0]
[I 2023-11-30 07:56:40,431] Trial 94 finished with value: 28.37921905517578 and parameters: {'gradient_clip_val': 0.5131336990336351, 'hidden_size': 120, 'dropout': 0.3679097538041116, 'hidden_continuous_size': 107, 'attention_head_size': 4, 'learning_rate': 0.002260439641223223}. Best is trial 72 with value: 24.556711196899414.
LOCAL_RANK: 0 - CUDA_VISIBLE_DEVICES: [0]
[I 2023-11-30 07:56:54,616] Trial 95 finished with value: 27.97758674621582 and parameters: {'gradient_clip_val': 0.7097694965841189, 'hidden_size': 100, 'dropout': 0.3792283425145342, 'hidden_continuous_size': 94, 'attention_head_size': 4, 'learning_rate': 0.0013944092660488545}. Best is trial 72 with value: 24.556711196899414.
LOCAL_RANK: 0 - CUDA_VISIBLE_DEVICES: [0]
[I 2023-11-30 07:57:09,031] Trial 96 finished with value: 33.83045959472656 and parameters: {'gradient_clip_val': 0.5352943045469719, 'hidden_size': 101, 'dropout': 0.3946026825155422, 'hidden_continuous_size': 95, 'attention_head_size': 4, 'learning_rate': 0.00101825406235582}. Best is trial 72 with value: 24.556711196899414.
LOCAL_RANK: 0 - CUDA_VISIBLE_DEVICES: [0]
[I 2023-11-30 07:57:23,280] Trial 97 finished with value: 30.09699821472168 and parameters: {'gradient_clip_val': 0.4668273701418992, 'hidden_size': 86, 'dropout': 0.37856383137075034, 'hidden_continuous_size': 82, 'attention_head_size': 4, 'learning_rate': 0.001630665906619767}. Best is trial 72 with value: 24.556711196899414.
LOCAL_RANK: 0 - CUDA_VISIBLE_DEVICES: [0]
[I 2023-11-30 07:57:37,793] Trial 98 finished with value: 30.807167053222656 and parameters: {'gradient_clip_val': 0.5838905005884585, 'hidden_size': 99, 'dropout': 0.3893967748577314, 'hidden_continuous_size': 91, 'attention_head_size': 4, 'learning_rate': 0.0012989804214716915}. Best is trial 72 with value: 24.556711196899414.
LOCAL_RANK: 0 - CUDA_VISIBLE_DEVICES: [0]
[I 2023-11-30 07:57:52,517] Trial 99 finished with value: 30.45814323425293 and parameters: {'gradient_clip_val': 0.6617204807212402, 'hidden_size': 135, 'dropout': 0.34425793528210125, 'hidden_continuous_size': 122, 'attention_head_size': 4, 'learning_rate': 0.0019210371234512475}. Best is trial 72 with value: 24.556711196899414.
LOCAL_RANK: 0 - CUDA_VISIBLE_DEVICES: [0]
[I 2023-11-30 07:58:06,780] Trial 100 finished with value: 27.725332260131836 and parameters: {'gradient_clip_val': 0.7112282856030135, 'hidden_size': 108, 'dropout': 0.3672258857727402, 'hidden_continuous_size': 102, 'attention_head_size': 4, 'learning_rate': 0.0012222803165517714}. Best is trial 72 with value: 24.556711196899414.
LOCAL_RANK: 0 - CUDA_VISIBLE_DEVICES: [0]
[I 2023-11-30 07:58:21,214] Trial 101 finished with value: 32.27177429199219 and parameters: {'gradient_clip_val': 0.645200695093915, 'hidden_size': 111, 'dropout': 0.3719876155163957, 'hidden_continuous_size': 101, 'attention_head_size': 4, 'learning_rate': 0.0011386114946789875}. Best is trial 72 with value: 24.556711196899414.
LOCAL_RANK: 0 - CUDA_VISIBLE_DEVICES: [0]
[I 2023-11-30 07:58:35,707] Trial 102 finished with value: 32.91120529174805 and parameters: {'gradient_clip_val': 0.7126655535076111, 'hidden_size': 119, 'dropout': 0.35102906250296295, 'hidden_continuous_size': 112, 'attention_head_size': 4, 'learning_rate': 0.0014702202496361262}. Best is trial 72 with value: 24.556711196899414.
LOCAL_RANK: 0 - CUDA_VISIBLE_DEVICES: [0]
[I 2023-11-30 07:58:50,189] Trial 103 finished with value: 34.469974517822266 and parameters: {'gradient_clip_val': 0.5882980744317318, 'hidden_size': 95, 'dropout': 0.36519718009377006, 'hidden_continuous_size': 90, 'attention_head_size': 4, 'learning_rate': 0.0012361609429960994}. Best is trial 72 with value: 24.556711196899414.
LOCAL_RANK: 0 - CUDA_VISIBLE_DEVICES: [0]
[I 2023-11-30 07:59:05,295] Trial 104 finished with value: 29.263059616088867 and parameters: {'gradient_clip_val': 0.554834536333811, 'hidden_size': 147, 'dropout': 0.38169398721108183, 'hidden_continuous_size': 140, 'attention_head_size': 4, 'learning_rate': 0.0013669368073026553}. Best is trial 72 with value: 24.556711196899414.
LOCAL_RANK: 0 - CUDA_VISIBLE_DEVICES: [0]
[I 2023-11-30 07:59:19,807] Trial 105 finished with value: 30.491552352905273 and parameters: {'gradient_clip_val': 0.8165354272535285, 'hidden_size': 106, 'dropout': 0.3594140282776589, 'hidden_continuous_size': 98, 'attention_head_size': 4, 'learning_rate': 0.0016475592614799044}. Best is trial 72 with value: 24.556711196899414.
LOCAL_RANK: 0 - CUDA_VISIBLE_DEVICES: [0]
[I 2023-11-30 07:59:34,433] Trial 106 finished with value: 27.80882453918457 and parameters: {'gradient_clip_val': 0.49781029585998465, 'hidden_size': 135, 'dropout': 0.38753787310971083, 'hidden_continuous_size': 125, 'attention_head_size': 4, 'learning_rate': 0.002040203807596101}. Best is trial 72 with value: 24.556711196899414.
LOCAL_RANK: 0 - CUDA_VISIBLE_DEVICES: [0]
[I 2023-11-30 07:59:49,049] Trial 107 finished with value: 24.608612060546875 and parameters: {'gradient_clip_val': 0.49417543923723517, 'hidden_size': 124, 'dropout': 0.39564214648299784, 'hidden_continuous_size': 115, 'attention_head_size': 4, 'learning_rate': 0.0021437837909739016}. Best is trial 72 with value: 24.556711196899414.
LOCAL_RANK: 0 - CUDA_VISIBLE_DEVICES: [0]
[I 2023-11-30 08:00:03,707] Trial 108 finished with value: 28.708097457885742 and parameters: {'gradient_clip_val': 0.4366569457903001, 'hidden_size': 114, 'dropout': 0.3866808258015804, 'hidden_continuous_size': 106, 'attention_head_size': 3, 'learning_rate': 0.0026159335063248696}. Best is trial 72 with value: 24.556711196899414.
LOCAL_RANK: 0 - CUDA_VISIBLE_DEVICES: [0]
[I 2023-11-30 08:00:18,329] Trial 109 finished with value: 30.900238037109375 and parameters: {'gradient_clip_val': 0.5008309465337129, 'hidden_size': 125, 'dropout': 0.3932835213901638, 'hidden_continuous_size': 113, 'attention_head_size': 4, 'learning_rate': 0.0020732237729316817}. Best is trial 72 with value: 24.556711196899414.
LOCAL_RANK: 0 - CUDA_VISIBLE_DEVICES: [0]
[I 2023-11-30 08:00:32,450] Trial 110 finished with value: 32.35521697998047 and parameters: {'gradient_clip_val': 0.476873353388315, 'hidden_size': 104, 'dropout': 0.3683695414493415, 'hidden_continuous_size': 99, 'attention_head_size': 1, 'learning_rate': 0.002483757530893692}. Best is trial 72 with value: 24.556711196899414.
LOCAL_RANK: 0 - CUDA_VISIBLE_DEVICES: [0]
[I 2023-11-30 08:00:47,238] Trial 111 finished with value: 27.831695556640625 and parameters: {'gradient_clip_val': 0.5072039461709451, 'hidden_size': 144, 'dropout': 0.39747231393065957, 'hidden_continuous_size': 136, 'attention_head_size': 4, 'learning_rate': 0.001962300878251138}. Best is trial 72 with value: 24.556711196899414.
LOCAL_RANK: 0 - CUDA_VISIBLE_DEVICES: [0]
[I 2023-11-30 08:01:02,059] Trial 112 finished with value: 29.916275024414062 and parameters: {'gradient_clip_val': 0.5243931429476981, 'hidden_size': 147, 'dropout': 0.3857653309802216, 'hidden_continuous_size': 142, 'attention_head_size': 4, 'learning_rate': 0.0021916538460518987}. Best is trial 72 with value: 24.556711196899414.
LOCAL_RANK: 0 - CUDA_VISIBLE_DEVICES: [0]
[I 2023-11-30 08:01:16,827] Trial 113 finished with value: 28.746519088745117 and parameters: {'gradient_clip_val': 0.4499502409225348, 'hidden_size': 122, 'dropout': 0.3962451007591924, 'hidden_continuous_size': 115, 'attention_head_size': 4, 'learning_rate': 0.001793628963566434}. Best is trial 72 with value: 24.556711196899414.
LOCAL_RANK: 0 - CUDA_VISIBLE_DEVICES: [0]
[I 2023-11-30 08:01:31,708] Trial 114 finished with value: 28.836267471313477 and parameters: {'gradient_clip_val': 0.4883012614241101, 'hidden_size': 141, 'dropout': 0.3807934554274464, 'hidden_continuous_size': 127, 'attention_head_size': 4, 'learning_rate': 0.00200526723296539}. Best is trial 72 with value: 24.556711196899414.
LOCAL_RANK: 0 - CUDA_VISIBLE_DEVICES: [0]
[I 2023-11-30 08:01:46,473] Trial 115 finished with value: 32.98268508911133 and parameters: {'gradient_clip_val': 0.39741313068858836, 'hidden_size': 130, 'dropout': 0.3988647644148219, 'hidden_continuous_size': 123, 'attention_head_size': 4, 'learning_rate': 0.002809240054349703}. Best is trial 72 with value: 24.556711196899414.
LOCAL_RANK: 0 - CUDA_VISIBLE_DEVICES: [0]
[I 2023-11-30 08:02:00,866] Trial 116 finished with value: 30.199533462524414 and parameters: {'gradient_clip_val': 0.5904866021799878, 'hidden_size': 116, 'dropout': 0.3891652971826475, 'hidden_continuous_size': 108, 'attention_head_size': 4, 'learning_rate': 0.0023400823164780884}. Best is trial 72 with value: 24.556711196899414.
LOCAL_RANK: 0 - CUDA_VISIBLE_DEVICES: [0]
[I 2023-11-30 08:02:15,378] Trial 117 finished with value: 30.35882568359375 and parameters: {'gradient_clip_val': 0.6939895892114968, 'hidden_size': 110, 'dropout': 0.37232279644060934, 'hidden_continuous_size': 104, 'attention_head_size': 4, 'learning_rate': 0.0029722643509514026}. Best is trial 72 with value: 24.556711196899414.
LOCAL_RANK: 0 - CUDA_VISIBLE_DEVICES: [0]
[I 2023-11-30 08:02:30,616] Trial 118 finished with value: 30.482393264770508 and parameters: {'gradient_clip_val': 0.4643983895231792, 'hidden_size': 150, 'dropout': 0.35409163621315504, 'hidden_continuous_size': 146, 'attention_head_size': 4, 'learning_rate': 0.0017171846000340887}. Best is trial 72 with value: 24.556711196899414.
LOCAL_RANK: 0 - CUDA_VISIBLE_DEVICES: [0]
[I 2023-11-30 08:02:45,021] Trial 119 finished with value: 29.55986213684082 and parameters: {'gradient_clip_val': 0.6400962087017207, 'hidden_size': 86, 'dropout': 0.36265845836272814, 'hidden_continuous_size': 83, 'attention_head_size': 4, 'learning_rate': 0.0019372917767791265}. Best is trial 72 with value: 24.556711196899414.
LOCAL_RANK: 0 - CUDA_VISIBLE_DEVICES: [0]
[I 2023-11-30 08:02:59,185] Trial 120 finished with value: 32.59809494018555 and parameters: {'gradient_clip_val': 0.5405088801419451, 'hidden_size': 96, 'dropout': 0.38072844111285736, 'hidden_continuous_size': 92, 'attention_head_size': 4, 'learning_rate': 0.0034157556315680643}. Best is trial 72 with value: 24.556711196899414.
LOCAL_RANK: 0 - CUDA_VISIBLE_DEVICES: [0]
[I 2023-11-30 08:03:13,949] Trial 121 finished with value: 28.14454460144043 and parameters: {'gradient_clip_val': 0.5104577892049678, 'hidden_size': 135, 'dropout': 0.3961737656753179, 'hidden_continuous_size': 127, 'attention_head_size': 4, 'learning_rate': 0.0016076046305119164}. Best is trial 72 with value: 24.556711196899414.
LOCAL_RANK: 0 - CUDA_VISIBLE_DEVICES: [0]
