[I 2023-11-30 11:03:55,840] Trial 43 finished with value: 83.2752914428711 and parameters: {'gradient_clip_val': 0.2856655652024105, 'hidden_size': 18, 'dropout': 0.2884577256794123, 'hidden_continuous_size': 12, 'attention_head_size': 3, 'learning_rate': 0.02660430857906252}. Best is trial 43 with value: 83.2752914428711.
LOCAL_RANK: 0 - CUDA_VISIBLE_DEVICES: [0]
[I 2023-11-30 11:04:07,944] Trial 44 finished with value: 117.0467758178711 and parameters: {'gradient_clip_val': 0.21458658148136392, 'hidden_size': 18, 'dropout': 0.28806088931911517, 'hidden_continuous_size': 10, 'attention_head_size': 4, 'learning_rate': 0.026010246243778165}. Best is trial 43 with value: 83.2752914428711.
LOCAL_RANK: 0 - CUDA_VISIBLE_DEVICES: [0]
[I 2023-11-30 11:04:20,199] Trial 45 finished with value: 120.1368408203125 and parameters: {'gradient_clip_val': 0.27163913086334146, 'hidden_size': 15, 'dropout': 0.26420777595815464, 'hidden_continuous_size': 12, 'attention_head_size': 3, 'learning_rate': 0.017066640045660313}. Best is trial 43 with value: 83.2752914428711.
LOCAL_RANK: 0 - CUDA_VISIBLE_DEVICES: [0]
[I 2023-11-30 11:04:32,665] Trial 46 finished with value: 87.4276351928711 and parameters: {'gradient_clip_val': 0.29093246614906804, 'hidden_size': 18, 'dropout': 0.29390973585014263, 'hidden_continuous_size': 12, 'attention_head_size': 4, 'learning_rate': 0.02379047876830927}. Best is trial 43 with value: 83.2752914428711.
LOCAL_RANK: 0 - CUDA_VISIBLE_DEVICES: [0]
[I 2023-11-30 11:04:44,985] Trial 47 finished with value: 135.50018310546875 and parameters: {'gradient_clip_val': 0.29943021388913393, 'hidden_size': 14, 'dropout': 0.29018467826987465, 'hidden_continuous_size': 10, 'attention_head_size': 4, 'learning_rate': 0.014118078063365173}. Best is trial 43 with value: 83.2752914428711.
LOCAL_RANK: 0 - CUDA_VISIBLE_DEVICES: [0]
[I 2023-11-30 11:04:57,278] Trial 48 finished with value: 94.1512680053711 and parameters: {'gradient_clip_val': 0.23925203374287188, 'hidden_size': 18, 'dropout': 0.2636632330354097, 'hidden_continuous_size': 12, 'attention_head_size': 4, 'learning_rate': 0.02404197442722848}. Best is trial 43 with value: 83.2752914428711.
LOCAL_RANK: 0 - CUDA_VISIBLE_DEVICES: [0]
[I 2023-11-30 11:05:09,286] Trial 49 finished with value: 115.69217681884766 and parameters: {'gradient_clip_val': 0.21133978083997507, 'hidden_size': 12, 'dropout': 0.31280567599494985, 'hidden_continuous_size': 10, 'attention_head_size': 4, 'learning_rate': 0.029239745490237355}. Best is trial 43 with value: 83.2752914428711.
LOCAL_RANK: 0 - CUDA_VISIBLE_DEVICES: [0]
[I 2023-11-30 11:05:21,471] Trial 50 finished with value: 161.01219177246094 and parameters: {'gradient_clip_val': 0.2836794974894613, 'hidden_size': 18, 'dropout': 0.2897787842946693, 'hidden_continuous_size': 11, 'attention_head_size': 4, 'learning_rate': 0.011582851144464891}. Best is trial 43 with value: 83.2752914428711.
LOCAL_RANK: 0 - CUDA_VISIBLE_DEVICES: [0]
[I 2023-11-30 11:05:33,852] Trial 51 finished with value: 110.94673919677734 and parameters: {'gradient_clip_val': 0.3191773901786059, 'hidden_size': 22, 'dropout': 0.3070873441709131, 'hidden_continuous_size': 16, 'attention_head_size': 3, 'learning_rate': 0.0366320082540549}. Best is trial 43 with value: 83.2752914428711.
LOCAL_RANK: 0 - CUDA_VISIBLE_DEVICES: [0]
[I 2023-11-30 11:05:46,049] Trial 52 finished with value: 139.04888916015625 and parameters: {'gradient_clip_val': 0.34509203387578863, 'hidden_size': 20, 'dropout': 0.3180649153967243, 'hidden_continuous_size': 12, 'attention_head_size': 4, 'learning_rate': 0.018424770250150904}. Best is trial 43 with value: 83.2752914428711.
LOCAL_RANK: 0 - CUDA_VISIBLE_DEVICES: [0]
[I 2023-11-30 11:05:58,510] Trial 53 finished with value: 104.60509490966797 and parameters: {'gradient_clip_val': 0.25202978741960225, 'hidden_size': 27, 'dropout': 0.25270821935974347, 'hidden_continuous_size': 17, 'attention_head_size': 3, 'learning_rate': 0.02298172106319874}. Best is trial 43 with value: 83.2752914428711.
LOCAL_RANK: 0 - CUDA_VISIBLE_DEVICES: [0]
[I 2023-11-30 11:06:10,924] Trial 54 finished with value: 97.82660675048828 and parameters: {'gradient_clip_val': 0.2975338120601754, 'hidden_size': 23, 'dropout': 0.2961421226611763, 'hidden_continuous_size': 14, 'attention_head_size': 4, 'learning_rate': 0.015238860974592807}. Best is trial 43 with value: 83.2752914428711.
LOCAL_RANK: 0 - CUDA_VISIBLE_DEVICES: [0]
[I 2023-11-30 11:06:23,241] Trial 55 finished with value: 118.3331069946289 and parameters: {'gradient_clip_val': 0.3692789569277752, 'hidden_size': 19, 'dropout': 0.28304415029796787, 'hidden_continuous_size': 11, 'attention_head_size': 3, 'learning_rate': 0.033753621529148764}. Best is trial 43 with value: 83.2752914428711.
LOCAL_RANK: 0 - CUDA_VISIBLE_DEVICES: [0]
[I 2023-11-30 11:06:35,633] Trial 56 finished with value: 101.88004302978516 and parameters: {'gradient_clip_val': 0.41443426707016956, 'hidden_size': 17, 'dropout': 0.2774400521440647, 'hidden_continuous_size': 12, 'attention_head_size': 4, 'learning_rate': 0.040289477684070284}. Best is trial 43 with value: 83.2752914428711.
LOCAL_RANK: 0 - CUDA_VISIBLE_DEVICES: [0]
[I 2023-11-30 11:06:47,977] Trial 57 finished with value: 86.28109741210938 and parameters: {'gradient_clip_val': 0.2696964164661534, 'hidden_size': 21, 'dropout': 0.3395524428207751, 'hidden_continuous_size': 15, 'attention_head_size': 1, 'learning_rate': 0.027585260332691194}. Best is trial 43 with value: 83.2752914428711.
LOCAL_RANK: 0 - CUDA_VISIBLE_DEVICES: [0]
[I 2023-11-30 11:06:59,873] Trial 58 finished with value: 112.24151611328125 and parameters: {'gradient_clip_val': 0.271252942015435, 'hidden_size': 16, 'dropout': 0.34498262498710924, 'hidden_continuous_size': 13, 'attention_head_size': 2, 'learning_rate': 0.01969289510159781}. Best is trial 43 with value: 83.2752914428711.
LOCAL_RANK: 0 - CUDA_VISIBLE_DEVICES: [0]
[I 2023-11-30 11:07:11,994] Trial 59 finished with value: 86.02578735351562 and parameters: {'gradient_clip_val': 0.22890988990090474, 'hidden_size': 21, 'dropout': 0.3393423335832194, 'hidden_continuous_size': 15, 'attention_head_size': 3, 'learning_rate': 0.028369845730813588}. Best is trial 43 with value: 83.2752914428711.
LOCAL_RANK: 0 - CUDA_VISIBLE_DEVICES: [0]
[I 2023-11-30 11:07:24,249] Trial 60 finished with value: 107.18566131591797 and parameters: {'gradient_clip_val': 0.23808266215393126, 'hidden_size': 13, 'dropout': 0.3352856441424531, 'hidden_continuous_size': 11, 'attention_head_size': 3, 'learning_rate': 0.028995290764723142}. Best is trial 43 with value: 83.2752914428711.
LOCAL_RANK: 0 - CUDA_VISIBLE_DEVICES: [0]
[I 2023-11-30 11:07:36,368] Trial 61 finished with value: 102.97360229492188 and parameters: {'gradient_clip_val': 0.19413048034631303, 'hidden_size': 21, 'dropout': 0.3826953547729665, 'hidden_continuous_size': 15, 'attention_head_size': 3, 'learning_rate': 0.023917965148558276}. Best is trial 43 with value: 83.2752914428711.
LOCAL_RANK: 0 - CUDA_VISIBLE_DEVICES: [0]
[I 2023-11-30 11:07:48,681] Trial 62 finished with value: 93.9892578125 and parameters: {'gradient_clip_val': 0.2564081577888628, 'hidden_size': 24, 'dropout': 0.3117210875975177, 'hidden_continuous_size': 14, 'attention_head_size': 3, 'learning_rate': 0.02717446943135216}. Best is trial 43 with value: 83.2752914428711.
LOCAL_RANK: 0 - CUDA_VISIBLE_DEVICES: [0]
[I 2023-11-30 11:08:00,736] Trial 63 finished with value: 102.15404510498047 and parameters: {'gradient_clip_val': 0.2314809335009842, 'hidden_size': 20, 'dropout': 0.3463234137074933, 'hidden_continuous_size': 15, 'attention_head_size': 2, 'learning_rate': 0.019666666035661445}. Best is trial 43 with value: 83.2752914428711.
LOCAL_RANK: 0 - CUDA_VISIBLE_DEVICES: [0]
[I 2023-11-30 11:08:12,683] Trial 64 finished with value: 117.387939453125 and parameters: {'gradient_clip_val': 0.27826728127503003, 'hidden_size': 16, 'dropout': 0.367222272526647, 'hidden_continuous_size': 12, 'attention_head_size': 3, 'learning_rate': 0.03362248200032437}. Best is trial 43 with value: 83.2752914428711.
LOCAL_RANK: 0 - CUDA_VISIBLE_DEVICES: [0]
[I 2023-11-30 11:08:24,868] Trial 65 finished with value: 107.7755355834961 and parameters: {'gradient_clip_val': 0.3108676540637256, 'hidden_size': 22, 'dropout': 0.3826738016222505, 'hidden_continuous_size': 16, 'attention_head_size': 1, 'learning_rate': 0.0156587197781571}. Best is trial 43 with value: 83.2752914428711.
LOCAL_RANK: 0 - CUDA_VISIBLE_DEVICES: [0]
[I 2023-11-30 11:08:37,331] Trial 66 finished with value: 78.81277465820312 and parameters: {'gradient_clip_val': 0.17672037725951248, 'hidden_size': 26, 'dropout': 0.3586752476697809, 'hidden_continuous_size': 14, 'attention_head_size': 4, 'learning_rate': 0.021638364630693508}. Best is trial 66 with value: 78.81277465820312.
LOCAL_RANK: 0 - CUDA_VISIBLE_DEVICES: [0]
[I 2023-11-30 11:08:50,067] Trial 67 finished with value: 83.9583969116211 and parameters: {'gradient_clip_val': 0.15580700413285314, 'hidden_size': 29, 'dropout': 0.35237208883383886, 'hidden_continuous_size': 14, 'attention_head_size': 4, 'learning_rate': 0.030735592431088723}. Best is trial 66 with value: 78.81277465820312.
LOCAL_RANK: 0 - CUDA_VISIBLE_DEVICES: [0]
[I 2023-11-30 11:09:02,700] Trial 68 finished with value: 97.54840087890625 and parameters: {'gradient_clip_val': 0.16103605981785737, 'hidden_size': 30, 'dropout': 0.3343018216830461, 'hidden_continuous_size': 14, 'attention_head_size': 4, 'learning_rate': 0.052484137738532194}. Best is trial 66 with value: 78.81277465820312.
LOCAL_RANK: 0 - CUDA_VISIBLE_DEVICES: [0]
[I 2023-11-30 11:09:15,096] Trial 69 finished with value: 102.76400756835938 and parameters: {'gradient_clip_val': 0.1489911581076948, 'hidden_size': 26, 'dropout': 0.32157997385547554, 'hidden_continuous_size': 15, 'attention_head_size': 4, 'learning_rate': 0.03173415131997211}. Best is trial 66 with value: 78.81277465820312.
LOCAL_RANK: 0 - CUDA_VISIBLE_DEVICES: [0]
[I 2023-11-30 11:09:27,544] Trial 70 finished with value: 131.76344299316406 and parameters: {'gradient_clip_val': 0.18280987358162365, 'hidden_size': 29, 'dropout': 0.35158963180580605, 'hidden_continuous_size': 13, 'attention_head_size': 4, 'learning_rate': 0.04060362692837574}. Best is trial 66 with value: 78.81277465820312.
LOCAL_RANK: 0 - CUDA_VISIBLE_DEVICES: [0]
[I 2023-11-30 11:09:40,287] Trial 71 finished with value: 139.92015075683594 and parameters: {'gradient_clip_val': 0.12150515660211525, 'hidden_size': 34, 'dropout': 0.36447192132168604, 'hidden_continuous_size': 14, 'attention_head_size': 4, 'learning_rate': 0.02139078776469679}. Best is trial 66 with value: 78.81277465820312.
LOCAL_RANK: 0 - CUDA_VISIBLE_DEVICES: [0]
[I 2023-11-30 11:09:52,954] Trial 72 finished with value: 86.2952651977539 and parameters: {'gradient_clip_val': 0.19441104872395434, 'hidden_size': 27, 'dropout': 0.3415674605595424, 'hidden_continuous_size': 16, 'attention_head_size': 4, 'learning_rate': 0.02737502545648774}. Best is trial 66 with value: 78.81277465820312.
LOCAL_RANK: 0 - CUDA_VISIBLE_DEVICES: [0]
[I 2023-11-30 11:10:05,227] Trial 73 finished with value: 94.45663452148438 and parameters: {'gradient_clip_val': 0.19615499436648343, 'hidden_size': 26, 'dropout': 0.34076582716621684, 'hidden_continuous_size': 16, 'attention_head_size': 4, 'learning_rate': 0.02680138889115348}. Best is trial 66 with value: 78.81277465820312.
LOCAL_RANK: 0 - CUDA_VISIBLE_DEVICES: [0]
[I 2023-11-30 11:10:17,671] Trial 74 finished with value: 85.72634887695312 and parameters: {'gradient_clip_val': 0.17162774050315652, 'hidden_size': 25, 'dropout': 0.3249201134527046, 'hidden_continuous_size': 15, 'attention_head_size': 4, 'learning_rate': 0.03129005843411319}. Best is trial 66 with value: 78.81277465820312.
LOCAL_RANK: 0 - CUDA_VISIBLE_DEVICES: [0]
[I 2023-11-30 11:10:30,134] Trial 75 finished with value: 89.41824340820312 and parameters: {'gradient_clip_val': 0.17327689479738043, 'hidden_size': 29, 'dropout': 0.32996136270204096, 'hidden_continuous_size': 15, 'attention_head_size': 4, 'learning_rate': 0.0375226952107263}. Best is trial 66 with value: 78.81277465820312.
LOCAL_RANK: 0 - CUDA_VISIBLE_DEVICES: [0]
[I 2023-11-30 11:10:42,654] Trial 76 finished with value: 113.06381225585938 and parameters: {'gradient_clip_val': 0.15693359544163504, 'hidden_size': 26, 'dropout': 0.3545402176328404, 'hidden_continuous_size': 16, 'attention_head_size': 4, 'learning_rate': 0.030945624033571574}. Best is trial 66 with value: 78.81277465820312.
LOCAL_RANK: 0 - CUDA_VISIBLE_DEVICES: [0]
[I 2023-11-30 11:10:55,241] Trial 77 finished with value: 102.57852935791016 and parameters: {'gradient_clip_val': 0.17444608127227149, 'hidden_size': 30, 'dropout': 0.32340138792085515, 'hidden_continuous_size': 17, 'attention_head_size': 4, 'learning_rate': 0.04465545980580738}. Best is trial 66 with value: 78.81277465820312.
LOCAL_RANK: 0 - CUDA_VISIBLE_DEVICES: [0]
[I 2023-11-30 11:11:07,874] Trial 78 finished with value: 82.63311004638672 and parameters: {'gradient_clip_val': 0.19035464459270116, 'hidden_size': 23, 'dropout': 0.3369579274864571, 'hidden_continuous_size': 14, 'attention_head_size': 4, 'learning_rate': 0.036589007374360646}. Best is trial 66 with value: 78.81277465820312.
LOCAL_RANK: 0 - CUDA_VISIBLE_DEVICES: [0]
[I 2023-11-30 11:11:20,118] Trial 79 finished with value: 113.1499252319336 and parameters: {'gradient_clip_val': 0.1374630263817328, 'hidden_size': 24, 'dropout': 0.3410374210444265, 'hidden_continuous_size': 14, 'attention_head_size': 4, 'learning_rate': 0.05011751775010545}. Best is trial 66 with value: 78.81277465820312.
LOCAL_RANK: 0 - CUDA_VISIBLE_DEVICES: [0]
[I 2023-11-30 11:11:32,815] Trial 80 finished with value: 84.91839599609375 and parameters: {'gradient_clip_val': 0.18504440969557331, 'hidden_size': 36, 'dropout': 0.3467928950811829, 'hidden_continuous_size': 18, 'attention_head_size': 4, 'learning_rate': 0.043437821572587895}. Best is trial 66 with value: 78.81277465820312.
LOCAL_RANK: 0 - CUDA_VISIBLE_DEVICES: [0]
[I 2023-11-30 11:11:45,652] Trial 81 finished with value: 89.0274887084961 and parameters: {'gradient_clip_val': 0.20002254953135412, 'hidden_size': 36, 'dropout': 0.3506348498771114, 'hidden_continuous_size': 19, 'attention_head_size': 4, 'learning_rate': 0.04259412161114618}. Best is trial 66 with value: 78.81277465820312.
LOCAL_RANK: 0 - CUDA_VISIBLE_DEVICES: [0]
[I 2023-11-30 11:11:58,322] Trial 82 finished with value: 76.45369720458984 and parameters: {'gradient_clip_val': 0.16677842242035487, 'hidden_size': 34, 'dropout': 0.35812425454629776, 'hidden_continuous_size': 18, 'attention_head_size': 4, 'learning_rate': 0.029604393010450716}. Best is trial 82 with value: 76.45369720458984.
LOCAL_RANK: 0 - CUDA_VISIBLE_DEVICES: [0]
[I 2023-11-30 11:12:11,078] Trial 83 finished with value: 103.40615844726562 and parameters: {'gradient_clip_val': 0.1852807077559268, 'hidden_size': 34, 'dropout': 0.35933432064767146, 'hidden_continuous_size': 18, 'attention_head_size': 4, 'learning_rate': 0.03282178841697016}. Best is trial 82 with value: 76.45369720458984.
LOCAL_RANK: 0 - CUDA_VISIBLE_DEVICES: [0]
[I 2023-11-30 11:12:23,854] Trial 84 finished with value: 110.5238265991211 and parameters: {'gradient_clip_val': 0.16484725700974284, 'hidden_size': 40, 'dropout': 0.33216463174029565, 'hidden_continuous_size': 21, 'attention_head_size': 4, 'learning_rate': 0.055651220018374595}. Best is trial 82 with value: 76.45369720458984.
LOCAL_RANK: 0 - CUDA_VISIBLE_DEVICES: [0]
[I 2023-11-30 11:12:36,441] Trial 85 finished with value: 107.40718841552734 and parameters: {'gradient_clip_val': 0.16836229979251854, 'hidden_size': 32, 'dropout': 0.3480745909917462, 'hidden_continuous_size': 17, 'attention_head_size': 4, 'learning_rate': 0.030114845755108335}. Best is trial 82 with value: 76.45369720458984.
LOCAL_RANK: 0 - CUDA_VISIBLE_DEVICES: [0]
[I 2023-11-30 11:12:49,284] Trial 86 finished with value: 82.59580993652344 and parameters: {'gradient_clip_val': 0.18141914315478788, 'hidden_size': 36, 'dropout': 0.3676327696728141, 'hidden_continuous_size': 20, 'attention_head_size': 4, 'learning_rate': 0.03627524290675498}. Best is trial 82 with value: 76.45369720458984.
LOCAL_RANK: 0 - CUDA_VISIBLE_DEVICES: [0]
[I 2023-11-30 11:13:01,805] Trial 87 finished with value: 86.53406524658203 and parameters: {'gradient_clip_val': 0.17967419894201425, 'hidden_size': 36, 'dropout': 0.35340425943593357, 'hidden_continuous_size': 19, 'attention_head_size': 4, 'learning_rate': 0.03819456922863158}. Best is trial 82 with value: 76.45369720458984.
LOCAL_RANK: 0 - CUDA_VISIBLE_DEVICES: [0]
[I 2023-11-30 11:13:14,814] Trial 88 finished with value: 133.9579315185547 and parameters: {'gradient_clip_val': 0.1564826959772284, 'hidden_size': 42, 'dropout': 0.3639706043962213, 'hidden_continuous_size': 22, 'attention_head_size': 4, 'learning_rate': 0.045896997514620216}. Best is trial 82 with value: 76.45369720458984.
LOCAL_RANK: 0 - CUDA_VISIBLE_DEVICES: [0]
[I 2023-11-30 11:13:27,310] Trial 89 finished with value: 85.63040924072266 and parameters: {'gradient_clip_val': 0.14618160258013155, 'hidden_size': 32, 'dropout': 0.3709001723408314, 'hidden_continuous_size': 19, 'attention_head_size': 4, 'learning_rate': 0.03716517592218534}. Best is trial 82 with value: 76.45369720458984.
LOCAL_RANK: 0 - CUDA_VISIBLE_DEVICES: [0]
[I 2023-11-30 11:13:40,289] Trial 90 finished with value: 102.69071197509766 and parameters: {'gradient_clip_val': 0.1420391124878285, 'hidden_size': 38, 'dropout': 0.3736602871164864, 'hidden_continuous_size': 20, 'attention_head_size': 4, 'learning_rate': 0.06256427109965819}. Best is trial 82 with value: 76.45369720458984.
LOCAL_RANK: 0 - CUDA_VISIBLE_DEVICES: [0]
[I 2023-11-30 11:13:53,313] Trial 91 finished with value: 131.9832763671875 and parameters: {'gradient_clip_val': 0.15152100453013032, 'hidden_size': 33, 'dropout': 0.36716661626144825, 'hidden_continuous_size': 18, 'attention_head_size': 4, 'learning_rate': 0.036791513035147334}. Best is trial 82 with value: 76.45369720458984.
LOCAL_RANK: 0 - CUDA_VISIBLE_DEVICES: [0]
[I 2023-11-30 11:14:06,199] Trial 92 finished with value: 93.59227752685547 and parameters: {'gradient_clip_val': 0.16896130539515292, 'hidden_size': 31, 'dropout': 0.38754630536224155, 'hidden_continuous_size': 20, 'attention_head_size': 4, 'learning_rate': 0.041076405120486846}. Best is trial 82 with value: 76.45369720458984.
LOCAL_RANK: 0 - CUDA_VISIBLE_DEVICES: [0]
[I 2023-11-30 11:14:18,914] Trial 93 finished with value: 90.9085922241211 and parameters: {'gradient_clip_val': 0.1874920495098849, 'hidden_size': 29, 'dropout': 0.37188639190890077, 'hidden_continuous_size': 18, 'attention_head_size': 4, 'learning_rate': 0.02458576184935637}. Best is trial 82 with value: 76.45369720458984.
LOCAL_RANK: 0 - CUDA_VISIBLE_DEVICES: [0]
[I 2023-11-30 11:14:31,690] Trial 94 finished with value: 141.1045379638672 and parameters: {'gradient_clip_val': 0.1651839407940723, 'hidden_size': 34, 'dropout': 0.3773214780203476, 'hidden_continuous_size': 19, 'attention_head_size': 4, 'learning_rate': 0.03118482189713829}. Best is trial 82 with value: 76.45369720458984.
LOCAL_RANK: 0 - CUDA_VISIBLE_DEVICES: [0]
[I 2023-11-30 11:14:44,088] Trial 95 finished with value: 116.96720123291016 and parameters: {'gradient_clip_val': 0.1806966923229083, 'hidden_size': 25, 'dropout': 0.3615252184646828, 'hidden_continuous_size': 14, 'attention_head_size': 4, 'learning_rate': 0.04714922169676918}. Best is trial 82 with value: 76.45369720458984.
LOCAL_RANK: 0 - CUDA_VISIBLE_DEVICES: [0]
[I 2023-11-30 11:14:57,124] Trial 96 finished with value: 84.11505889892578 and parameters: {'gradient_clip_val': 0.20474050813099212, 'hidden_size': 37, 'dropout': 0.35428657982057804, 'hidden_continuous_size': 20, 'attention_head_size': 4, 'learning_rate': 0.021609882323810975}. Best is trial 82 with value: 76.45369720458984.
LOCAL_RANK: 0 - CUDA_VISIBLE_DEVICES: [0]
[I 2023-11-30 11:15:09,833] Trial 97 finished with value: 108.52457427978516 and parameters: {'gradient_clip_val': 0.20354841995436304, 'hidden_size': 36, 'dropout': 0.3573006443471166, 'hidden_continuous_size': 20, 'attention_head_size': 4, 'learning_rate': 0.021417944566547095}. Best is trial 82 with value: 76.45369720458984.
LOCAL_RANK: 0 - CUDA_VISIBLE_DEVICES: [0]
[I 2023-11-30 11:15:22,751] Trial 98 finished with value: 111.55924224853516 and parameters: {'gradient_clip_val': 0.17425845791898667, 'hidden_size': 39, 'dropout': 0.38906098272382567, 'hidden_continuous_size': 21, 'attention_head_size': 4, 'learning_rate': 0.018112480709138474}. Best is trial 82 with value: 76.45369720458984.
LOCAL_RANK: 0 - CUDA_VISIBLE_DEVICES: [0]
[I 2023-11-30 11:15:35,643] Trial 99 finished with value: 102.751708984375 and parameters: {'gradient_clip_val': 0.1873685661672393, 'hidden_size': 42, 'dropout': 0.34697781972807007, 'hidden_continuous_size': 21, 'attention_head_size': 4, 'learning_rate': 0.025306925597257494}. Best is trial 82 with value: 76.45369720458984.
LOCAL_RANK: 0 - CUDA_VISIBLE_DEVICES: [0]
[I 2023-11-30 11:15:48,195] Trial 100 finished with value: 97.90596771240234 and parameters: {'gradient_clip_val': 0.14210759283234575, 'hidden_size': 31, 'dropout': 0.32917750148764524, 'hidden_continuous_size': 18, 'attention_head_size': 4, 'learning_rate': 0.035300774278254295}. Best is trial 82 with value: 76.45369720458984.
LOCAL_RANK: 0 - CUDA_VISIBLE_DEVICES: [0]
[I 2023-11-30 11:16:01,422] Trial 101 finished with value: 93.56256866455078 and parameters: {'gradient_clip_val': 0.20413491410355344, 'hidden_size': 45, 'dropout': 0.3678755553271484, 'hidden_continuous_size': 22, 'attention_head_size': 4, 'learning_rate': 0.021630467219798964}. Best is trial 82 with value: 76.45369720458984.
LOCAL_RANK: 0 - CUDA_VISIBLE_DEVICES: [0]
