[I 2023-11-30 10:37:26,387] Trial 127 finished with value: 724.1434936523438 and parameters: {'gradient_clip_val': 0.2301977805830889, 'hidden_size': 50, 'dropout': 0.37403114407977095, 'hidden_continuous_size': 27, 'attention_head_size': 1, 'learning_rate': 0.007435461693714384}. Best is trial 80 with value: 633.134521484375.
LOCAL_RANK: 0 - CUDA_VISIBLE_DEVICES: [0]
[I 2023-11-30 10:37:39,721] Trial 128 finished with value: 610.7747192382812 and parameters: {'gradient_clip_val': 0.18149782421656005, 'hidden_size': 70, 'dropout': 0.39942907647695935, 'hidden_continuous_size': 33, 'attention_head_size': 3, 'learning_rate': 0.00845991183777901}. Best is trial 128 with value: 610.7747192382812.
LOCAL_RANK: 0 - CUDA_VISIBLE_DEVICES: [0]
[I 2023-11-30 10:37:52,808] Trial 129 finished with value: 718.2340698242188 and parameters: {'gradient_clip_val': 0.18079632753828878, 'hidden_size': 71, 'dropout': 0.38614898218857574, 'hidden_continuous_size': 34, 'attention_head_size': 1, 'learning_rate': 0.008564260676139971}. Best is trial 128 with value: 610.7747192382812.
LOCAL_RANK: 0 - CUDA_VISIBLE_DEVICES: [0]
[I 2023-11-30 10:38:06,014] Trial 130 finished with value: 967.3888549804688 and parameters: {'gradient_clip_val': 0.1398694783908928, 'hidden_size': 80, 'dropout': 0.36855282927060795, 'hidden_continuous_size': 32, 'attention_head_size': 3, 'learning_rate': 0.011320539964426753}. Best is trial 128 with value: 610.7747192382812.
LOCAL_RANK: 0 - CUDA_VISIBLE_DEVICES: [0]
[I 2023-11-30 10:38:18,934] Trial 131 finished with value: 656.9165649414062 and parameters: {'gradient_clip_val': 0.15295799999160778, 'hidden_size': 60, 'dropout': 0.39895213734290946, 'hidden_continuous_size': 37, 'attention_head_size': 3, 'learning_rate': 0.00643180448152475}. Best is trial 128 with value: 610.7747192382812.
LOCAL_RANK: 0 - CUDA_VISIBLE_DEVICES: [0]
[I 2023-11-30 10:38:32,281] Trial 132 finished with value: 775.5779418945312 and parameters: {'gradient_clip_val': 0.15443855907783352, 'hidden_size': 74, 'dropout': 0.39962313596263505, 'hidden_continuous_size': 34, 'attention_head_size': 3, 'learning_rate': 0.009495021646676458}. Best is trial 128 with value: 610.7747192382812.
LOCAL_RANK: 0 - CUDA_VISIBLE_DEVICES: [0]
[I 2023-11-30 10:38:46,546] Trial 133 finished with value: 712.741455078125 and parameters: {'gradient_clip_val': 0.1486987112527766, 'hidden_size': 59, 'dropout': 0.3903452187251859, 'hidden_continuous_size': 31, 'attention_head_size': 3, 'learning_rate': 0.006546374937950547}. Best is trial 128 with value: 610.7747192382812.
LOCAL_RANK: 0 - CUDA_VISIBLE_DEVICES: [0]
[I 2023-11-30 10:39:00,152] Trial 134 finished with value: 920.2853393554688 and parameters: {'gradient_clip_val': 0.17829018995196708, 'hidden_size': 69, 'dropout': 0.3809161511749036, 'hidden_continuous_size': 40, 'attention_head_size': 3, 'learning_rate': 0.00790015511670938}. Best is trial 128 with value: 610.7747192382812.
LOCAL_RANK: 0 - CUDA_VISIBLE_DEVICES: [0]
[I 2023-11-30 10:39:14,003] Trial 135 finished with value: 852.2274780273438 and parameters: {'gradient_clip_val': 0.19903341227108476, 'hidden_size': 64, 'dropout': 0.3938187567349262, 'hidden_continuous_size': 37, 'attention_head_size': 3, 'learning_rate': 0.01329110509925443}. Best is trial 128 with value: 610.7747192382812.
LOCAL_RANK: 0 - CUDA_VISIBLE_DEVICES: [0]
[I 2023-11-30 10:39:27,985] Trial 136 finished with value: 645.0899047851562 and parameters: {'gradient_clip_val': 0.1617998322354936, 'hidden_size': 88, 'dropout': 0.3580861894721791, 'hidden_continuous_size': 38, 'attention_head_size': 3, 'learning_rate': 0.006773683394736876}. Best is trial 128 with value: 610.7747192382812.
LOCAL_RANK: 0 - CUDA_VISIBLE_DEVICES: [0]
[I 2023-11-30 10:39:42,567] Trial 137 finished with value: 718.862060546875 and parameters: {'gradient_clip_val': 0.14429035735727133, 'hidden_size': 87, 'dropout': 0.3353915197168855, 'hidden_continuous_size': 39, 'attention_head_size': 3, 'learning_rate': 0.005435126388583962}. Best is trial 128 with value: 610.7747192382812.
LOCAL_RANK: 0 - CUDA_VISIBLE_DEVICES: [0]
[I 2023-11-30 10:39:57,139] Trial 138 finished with value: 904.8618774414062 and parameters: {'gradient_clip_val': 0.16113420173038615, 'hidden_size': 83, 'dropout': 0.34823555892791247, 'hidden_continuous_size': 33, 'attention_head_size': 3, 'learning_rate': 0.006724880422870267}. Best is trial 128 with value: 610.7747192382812.
LOCAL_RANK: 0 - CUDA_VISIBLE_DEVICES: [0]
[I 2023-11-30 10:40:12,009] Trial 139 finished with value: 770.9005737304688 and parameters: {'gradient_clip_val': 0.15254295752230226, 'hidden_size': 93, 'dropout': 0.37567429392924945, 'hidden_continuous_size': 41, 'attention_head_size': 3, 'learning_rate': 0.004364073446921834}. Best is trial 128 with value: 610.7747192382812.
LOCAL_RANK: 0 - CUDA_VISIBLE_DEVICES: [0]
[I 2023-11-30 10:40:26,113] Trial 140 finished with value: 715.14697265625 and parameters: {'gradient_clip_val': 0.13103181808768175, 'hidden_size': 67, 'dropout': 0.35817293977657755, 'hidden_continuous_size': 30, 'attention_head_size': 3, 'learning_rate': 0.007584457847874406}. Best is trial 128 with value: 610.7747192382812.
LOCAL_RANK: 0 - CUDA_VISIBLE_DEVICES: [0]
[I 2023-11-30 10:40:40,575] Trial 141 finished with value: 847.7734985351562 and parameters: {'gradient_clip_val': 0.1750853539347986, 'hidden_size': 78, 'dropout': 0.36235127779467374, 'hidden_continuous_size': 36, 'attention_head_size': 3, 'learning_rate': 0.008669673741313931}. Best is trial 128 with value: 610.7747192382812.
LOCAL_RANK: 0 - CUDA_VISIBLE_DEVICES: [0]
[I 2023-11-30 10:40:54,801] Trial 142 finished with value: 687.423583984375 and parameters: {'gradient_clip_val': 0.1877954048499236, 'hidden_size': 61, 'dropout': 0.38732718825586726, 'hidden_continuous_size': 26, 'attention_head_size': 3, 'learning_rate': 0.005951018773716598}. Best is trial 128 with value: 610.7747192382812.
LOCAL_RANK: 0 - CUDA_VISIBLE_DEVICES: [0]
[I 2023-11-30 10:41:08,532] Trial 143 finished with value: 801.5364379882812 and parameters: {'gradient_clip_val': 0.1681942447057982, 'hidden_size': 53, 'dropout': 0.3435442677864216, 'hidden_continuous_size': 28, 'attention_head_size': 1, 'learning_rate': 0.0098966793027994}. Best is trial 128 with value: 610.7747192382812.
LOCAL_RANK: 0 - CUDA_VISIBLE_DEVICES: [0]
[I 2023-11-30 10:41:21,766] Trial 144 finished with value: 631.1237182617188 and parameters: {'gradient_clip_val': 0.13803585633356738, 'hidden_size': 49, 'dropout': 0.36979345648424833, 'hidden_continuous_size': 29, 'attention_head_size': 3, 'learning_rate': 0.007007461395338832}. Best is trial 128 with value: 610.7747192382812.
LOCAL_RANK: 0 - CUDA_VISIBLE_DEVICES: [0]
[I 2023-11-30 10:41:35,318] Trial 145 finished with value: 696.8732299804688 and parameters: {'gradient_clip_val': 0.13757588054984976, 'hidden_size': 57, 'dropout': 0.37037636020749637, 'hidden_continuous_size': 31, 'attention_head_size': 3, 'learning_rate': 0.006814370790205116}. Best is trial 128 with value: 610.7747192382812.
LOCAL_RANK: 0 - CUDA_VISIBLE_DEVICES: [0]
[I 2023-11-30 10:41:48,431] Trial 146 finished with value: 873.3084106445312 and parameters: {'gradient_clip_val': 0.12625466576904326, 'hidden_size': 43, 'dropout': 0.3829947323884375, 'hidden_continuous_size': 29, 'attention_head_size': 3, 'learning_rate': 0.005218790287984703}. Best is trial 128 with value: 610.7747192382812.
LOCAL_RANK: 0 - CUDA_VISIBLE_DEVICES: [0]
[I 2023-11-30 10:42:01,669] Trial 147 finished with value: 728.0755004882812 and parameters: {'gradient_clip_val': 0.14296731718394698, 'hidden_size': 49, 'dropout': 0.35614000277999885, 'hidden_continuous_size': 30, 'attention_head_size': 3, 'learning_rate': 0.006205942119171969}. Best is trial 128 with value: 610.7747192382812.
LOCAL_RANK: 0 - CUDA_VISIBLE_DEVICES: [0]
[I 2023-11-30 10:42:15,875] Trial 148 finished with value: 710.43212890625 and parameters: {'gradient_clip_val': 0.15910749132241164, 'hidden_size': 76, 'dropout': 0.39478717018758647, 'hidden_continuous_size': 33, 'attention_head_size': 3, 'learning_rate': 0.007299831060949384}. Best is trial 128 with value: 610.7747192382812.
LOCAL_RANK: 0 - CUDA_VISIBLE_DEVICES: [0]
[I 2023-11-30 10:42:30,604] Trial 149 finished with value: 813.8872680664062 and parameters: {'gradient_clip_val': 0.15161858734655184, 'hidden_size': 71, 'dropout': 0.3772244195796882, 'hidden_continuous_size': 25, 'attention_head_size': 3, 'learning_rate': 0.004683883390640582}. Best is trial 128 with value: 610.7747192382812.
[I 2023-11-30 10:42:30,742] A new study created in memory with name: no-name-4c5494a7-52c3-4923-a7db-cda5e82bf2c7
/home/le004/conda/anaconda3/envs/tsff_env/lib/python3.9/site-packages/lightning/fabric/plugins/environments/slurm.py:191: The `srun` command is available on your system but is not used. HINT: If your intention is to run Lightning on SLURM, prepend your python command with `srun` like so: srun python /home/le004/master_thesis/git/TSFusionForecast/code/ ...
LOCAL_RANK: 0 - CUDA_VISIBLE_DEVICES: [0]
[I 2023-11-30 10:42:44,730] Trial 0 finished with value: 198.41905212402344 and parameters: {'gradient_clip_val': 0.38213110472276623, 'hidden_size': 70, 'dropout': 0.19281092669690364, 'hidden_continuous_size': 21, 'attention_head_size': 2, 'learning_rate': 0.07370804415931233}. Best is trial 0 with value: 198.41905212402344.
LOCAL_RANK: 0 - CUDA_VISIBLE_DEVICES: [0]
[I 2023-11-30 10:42:59,007] Trial 1 finished with value: 259.6143798828125 and parameters: {'gradient_clip_val': 0.12388650199275522, 'hidden_size': 73, 'dropout': 0.34063895366417685, 'hidden_continuous_size': 14, 'attention_head_size': 1, 'learning_rate': 0.002718573127525263}. Best is trial 0 with value: 198.41905212402344.
LOCAL_RANK: 0 - CUDA_VISIBLE_DEVICES: [0]
[I 2023-11-30 10:43:12,898] Trial 2 finished with value: 177.79730224609375 and parameters: {'gradient_clip_val': 0.3141882419384277, 'hidden_size': 49, 'dropout': 0.33306112160795065, 'hidden_continuous_size': 42, 'attention_head_size': 4, 'learning_rate': 0.04171331206832266}. Best is trial 2 with value: 177.79730224609375.
LOCAL_RANK: 0 - CUDA_VISIBLE_DEVICES: [0]
[I 2023-11-30 10:43:26,010] Trial 3 finished with value: 214.5335693359375 and parameters: {'gradient_clip_val': 0.4154007657029463, 'hidden_size': 20, 'dropout': 0.2820280244423017, 'hidden_continuous_size': 16, 'attention_head_size': 3, 'learning_rate': 0.007046670182442338}. Best is trial 2 with value: 177.79730224609375.
LOCAL_RANK: 0 - CUDA_VISIBLE_DEVICES: [0]
[I 2023-11-30 10:43:39,727] Trial 4 finished with value: 252.33811950683594 and parameters: {'gradient_clip_val': 0.2591426235792249, 'hidden_size': 94, 'dropout': 0.1730547365091335, 'hidden_continuous_size': 13, 'attention_head_size': 2, 'learning_rate': 0.0011145817101105514}. Best is trial 2 with value: 177.79730224609375.
LOCAL_RANK: 0 - CUDA_VISIBLE_DEVICES: [0]
[I 2023-11-30 10:43:54,591] Trial 5 finished with value: 157.25657653808594 and parameters: {'gradient_clip_val': 0.7210157405968767, 'hidden_size': 113, 'dropout': 0.3324410965389122, 'hidden_continuous_size': 18, 'attention_head_size': 3, 'learning_rate': 0.0028812956293137256}. Best is trial 5 with value: 157.25657653808594.
LOCAL_RANK: 0 - CUDA_VISIBLE_DEVICES: [0]
[I 2023-11-30 10:44:09,083] Trial 6 finished with value: 181.5574188232422 and parameters: {'gradient_clip_val': 0.5142451227576547, 'hidden_size': 142, 'dropout': 0.3318283488966253, 'hidden_continuous_size': 12, 'attention_head_size': 2, 'learning_rate': 0.07479263624692956}. Best is trial 5 with value: 157.25657653808594.
LOCAL_RANK: 0 - CUDA_VISIBLE_DEVICES: [0]
[I 2023-11-30 10:44:23,123] Trial 7 finished with value: 173.20997619628906 and parameters: {'gradient_clip_val': 0.7412947593650054, 'hidden_size': 51, 'dropout': 0.15575675033949782, 'hidden_continuous_size': 38, 'attention_head_size': 3, 'learning_rate': 0.022665280585850895}. Best is trial 5 with value: 157.25657653808594.
LOCAL_RANK: 0 - CUDA_VISIBLE_DEVICES: [0]
[I 2023-11-30 10:44:36,429] Trial 8 finished with value: 196.07664489746094 and parameters: {'gradient_clip_val': 0.2243137839402327, 'hidden_size': 27, 'dropout': 0.3239315456296391, 'hidden_continuous_size': 16, 'attention_head_size': 4, 'learning_rate': 0.01081364712745821}. Best is trial 5 with value: 157.25657653808594.
LOCAL_RANK: 0 - CUDA_VISIBLE_DEVICES: [0]
[I 2023-11-30 10:44:49,746] Trial 9 finished with value: 216.9514617919922 and parameters: {'gradient_clip_val': 0.7647601396098207, 'hidden_size': 22, 'dropout': 0.3592809077570913, 'hidden_continuous_size': 14, 'attention_head_size': 3, 'learning_rate': 0.012580786086504925}. Best is trial 5 with value: 157.25657653808594.
LOCAL_RANK: 0 - CUDA_VISIBLE_DEVICES: [0]
[I 2023-11-30 10:45:00,876] Trial 10 finished with value: 384.8778381347656 and parameters: {'gradient_clip_val': 0.9660300502153976, 'hidden_size': 10, 'dropout': 0.24555052528707677, 'hidden_continuous_size': 10, 'attention_head_size': 1, 'learning_rate': 0.0037785343065098623}. Best is trial 5 with value: 157.25657653808594.
LOCAL_RANK: 0 - CUDA_VISIBLE_DEVICES: [0]
[I 2023-11-30 10:45:16,162] Trial 11 finished with value: 158.47178649902344 and parameters: {'gradient_clip_val': 0.7028387711063356, 'hidden_size': 147, 'dropout': 0.1075626191598896, 'hidden_continuous_size': 66, 'attention_head_size': 3, 'learning_rate': 0.025627051191868047}. Best is trial 5 with value: 157.25657653808594.
LOCAL_RANK: 0 - CUDA_VISIBLE_DEVICES: [0]
[I 2023-11-30 10:45:31,965] Trial 12 finished with value: 139.43832397460938 and parameters: {'gradient_clip_val': 0.6118442703769624, 'hidden_size': 144, 'dropout': 0.1192882141453312, 'hidden_continuous_size': 82, 'attention_head_size': 3, 'learning_rate': 0.023276387120618518}. Best is trial 12 with value: 139.43832397460938.
LOCAL_RANK: 0 - CUDA_VISIBLE_DEVICES: [0]
[I 2023-11-30 10:45:46,966] Trial 13 finished with value: 147.1676483154297 and parameters: {'gradient_clip_val': 0.5293378077830629, 'hidden_size': 109, 'dropout': 0.3843458665144808, 'hidden_continuous_size': 70, 'attention_head_size': 4, 'learning_rate': 0.005287569833001261}. Best is trial 12 with value: 139.43832397460938.
LOCAL_RANK: 0 - CUDA_VISIBLE_DEVICES: [0]
[I 2023-11-30 10:46:01,966] Trial 14 finished with value: 132.8220977783203 and parameters: {'gradient_clip_val': 0.523370058948321, 'hidden_size': 99, 'dropout': 0.38745641570956524, 'hidden_continuous_size': 98, 'attention_head_size': 4, 'learning_rate': 0.006381272078458965}. Best is trial 14 with value: 132.8220977783203.
LOCAL_RANK: 0 - CUDA_VISIBLE_DEVICES: [0]
[I 2023-11-30 10:46:17,026] Trial 15 finished with value: 180.004150390625 and parameters: {'gradient_clip_val': 0.534929639641576, 'hidden_size': 85, 'dropout': 0.3981550976684233, 'hidden_continuous_size': 82, 'attention_head_size': 4, 'learning_rate': 0.018842279587056945}. Best is trial 14 with value: 132.8220977783203.
LOCAL_RANK: 0 - CUDA_VISIBLE_DEVICES: [0]
[I 2023-11-30 10:46:32,960] Trial 16 finished with value: 203.4387969970703 and parameters: {'gradient_clip_val': 0.4294177446163597, 'hidden_size': 141, 'dropout': 0.24975642149754726, 'hidden_continuous_size': 137, 'attention_head_size': 4, 'learning_rate': 0.012234136038284377}. Best is trial 14 with value: 132.8220977783203.
LOCAL_RANK: 0 - CUDA_VISIBLE_DEVICES: [0]
[I 2023-11-30 10:46:47,069] Trial 17 finished with value: 186.93885803222656 and parameters: {'gradient_clip_val': 0.9948956061369529, 'hidden_size': 65, 'dropout': 0.2868181691781275, 'hidden_continuous_size': 27, 'attention_head_size': 4, 'learning_rate': 0.040688556022922436}. Best is trial 14 with value: 132.8220977783203.
LOCAL_RANK: 0 - CUDA_VISIBLE_DEVICES: [0]
[I 2023-11-30 10:47:02,859] Trial 18 finished with value: 155.4355926513672 and parameters: {'gradient_clip_val': 0.5725871418877624, 'hidden_size': 98, 'dropout': 0.21380444512947328, 'hidden_continuous_size': 53, 'attention_head_size': 3, 'learning_rate': 0.006895975448092261}. Best is trial 14 with value: 132.8220977783203.
LOCAL_RANK: 0 - CUDA_VISIBLE_DEVICES: [0]
[I 2023-11-30 10:47:18,708] Trial 19 finished with value: 160.3214569091797 and parameters: {'gradient_clip_val': 0.3467499878300723, 'hidden_size': 150, 'dropout': 0.10159677744168272, 'hidden_continuous_size': 110, 'attention_head_size': 2, 'learning_rate': 0.01679860531748416}. Best is trial 14 with value: 132.8220977783203.
LOCAL_RANK: 0 - CUDA_VISIBLE_DEVICES: [0]
[I 2023-11-30 10:47:33,337] Trial 20 finished with value: 168.3205108642578 and parameters: {'gradient_clip_val': 0.6054168099349759, 'hidden_size': 113, 'dropout': 0.15195670826472618, 'hidden_continuous_size': 50, 'attention_head_size': 4, 'learning_rate': 0.009861902492832161}. Best is trial 14 with value: 132.8220977783203.
LOCAL_RANK: 0 - CUDA_VISIBLE_DEVICES: [0]
[I 2023-11-30 10:47:47,366] Trial 21 finished with value: 140.30154418945312 and parameters: {'gradient_clip_val': 0.4897606553424978, 'hidden_size': 112, 'dropout': 0.39745308860373757, 'hidden_continuous_size': 76, 'attention_head_size': 4, 'learning_rate': 0.005488485643100028}. Best is trial 14 with value: 132.8220977783203.
LOCAL_RANK: 0 - CUDA_VISIBLE_DEVICES: [0]
[I 2023-11-30 10:48:00,951] Trial 22 finished with value: 166.30625915527344 and parameters: {'gradient_clip_val': 0.40689536248500824, 'hidden_size': 84, 'dropout': 0.3813545157693494, 'hidden_continuous_size': 61, 'attention_head_size': 4, 'learning_rate': 0.005169669337804244}. Best is trial 14 with value: 132.8220977783203.
LOCAL_RANK: 0 - CUDA_VISIBLE_DEVICES: [0]
[I 2023-11-30 10:48:14,894] Trial 23 finished with value: 154.51710510253906 and parameters: {'gradient_clip_val': 0.6503531544827068, 'hidden_size': 113, 'dropout': 0.39967057469561695, 'hidden_continuous_size': 81, 'attention_head_size': 3, 'learning_rate': 0.007597422995075576}. Best is trial 14 with value: 132.8220977783203.
LOCAL_RANK: 0 - CUDA_VISIBLE_DEVICES: [0]
[I 2023-11-30 10:48:28,328] Trial 24 finished with value: 159.7316436767578 and parameters: {'gradient_clip_val': 0.5045271397428501, 'hidden_size': 58, 'dropout': 0.36436220077292836, 'hidden_continuous_size': 37, 'attention_head_size': 4, 'learning_rate': 0.01599807593862501}. Best is trial 14 with value: 132.8220977783203.
LOCAL_RANK: 0 - CUDA_VISIBLE_DEVICES: [0]
[I 2023-11-30 10:48:41,918] Trial 25 finished with value: 184.1348114013672 and parameters: {'gradient_clip_val': 0.8183798587351713, 'hidden_size': 81, 'dropout': 0.29868972808261596, 'hidden_continuous_size': 52, 'attention_head_size': 3, 'learning_rate': 0.029253053415949686}. Best is trial 14 with value: 132.8220977783203.
LOCAL_RANK: 0 - CUDA_VISIBLE_DEVICES: [0]
[I 2023-11-30 10:48:56,124] Trial 26 finished with value: 167.4420623779297 and parameters: {'gradient_clip_val': 0.4716820348658351, 'hidden_size': 115, 'dropout': 0.36429471879907066, 'hidden_continuous_size': 87, 'attention_head_size': 4, 'learning_rate': 0.008275441438023447}. Best is trial 14 with value: 132.8220977783203.
LOCAL_RANK: 0 - CUDA_VISIBLE_DEVICES: [0]
[I 2023-11-30 10:49:09,989] Trial 27 finished with value: 167.16038513183594 and parameters: {'gradient_clip_val': 0.6190725414449408, 'hidden_size': 91, 'dropout': 0.22551008398421624, 'hidden_continuous_size': 60, 'attention_head_size': 4, 'learning_rate': 0.014688428170498258}. Best is trial 14 with value: 132.8220977783203.
LOCAL_RANK: 0 - CUDA_VISIBLE_DEVICES: [0]
[I 2023-11-30 10:49:24,098] Trial 28 finished with value: 155.9647216796875 and parameters: {'gradient_clip_val': 0.6157141764282232, 'hidden_size': 124, 'dropout': 0.3063095676619357, 'hidden_continuous_size': 98, 'attention_head_size': 3, 'learning_rate': 0.01135123578989199}. Best is trial 14 with value: 132.8220977783203.
LOCAL_RANK: 0 - CUDA_VISIBLE_DEVICES: [0]
[I 2023-11-30 10:49:37,449] Trial 29 finished with value: 156.53182983398438 and parameters: {'gradient_clip_val': 0.46324113572815595, 'hidden_size': 71, 'dropout': 0.26896053308422435, 'hidden_continuous_size': 46, 'attention_head_size': 2, 'learning_rate': 0.04346226328256879}. Best is trial 14 with value: 132.8220977783203.
LOCAL_RANK: 0 - CUDA_VISIBLE_DEVICES: [0]
[I 2023-11-30 10:49:51,452] Trial 30 finished with value: 151.41444396972656 and parameters: {'gradient_clip_val': 0.36564490068994265, 'hidden_size': 99, 'dropout': 0.1988694508422264, 'hidden_continuous_size': 72, 'attention_head_size': 1, 'learning_rate': 0.09479819242056488}. Best is trial 14 with value: 132.8220977783203.
LOCAL_RANK: 0 - CUDA_VISIBLE_DEVICES: [0]
[I 2023-11-30 10:50:05,425] Trial 31 finished with value: 154.9361114501953 and parameters: {'gradient_clip_val': 0.547662242474381, 'hidden_size': 128, 'dropout': 0.3852002715916583, 'hidden_continuous_size': 72, 'attention_head_size': 4, 'learning_rate': 0.00491186762124622}. Best is trial 14 with value: 132.8220977783203.
LOCAL_RANK: 0 - CUDA_VISIBLE_DEVICES: [0]
[I 2023-11-30 10:50:19,440] Trial 32 finished with value: 157.80625915527344 and parameters: {'gradient_clip_val': 0.5020164311968569, 'hidden_size': 106, 'dropout': 0.3545382848291447, 'hidden_continuous_size': 70, 'attention_head_size': 4, 'learning_rate': 0.005296939965825435}. Best is trial 14 with value: 132.8220977783203.
LOCAL_RANK: 0 - CUDA_VISIBLE_DEVICES: [0]
[I 2023-11-30 10:50:33,083] Trial 33 finished with value: 151.9839324951172 and parameters: {'gradient_clip_val': 0.42631949328825985, 'hidden_size': 70, 'dropout': 0.3755404575453192, 'hidden_continuous_size': 57, 'attention_head_size': 4, 'learning_rate': 0.0035122163252910674}. Best is trial 14 with value: 132.8220977783203.
LOCAL_RANK: 0 - CUDA_VISIBLE_DEVICES: [0]
