[I 2023-11-30 01:09:11,873] Trial 141 finished with value: 2246.484619140625 and parameters: {'gradient_clip_val': 0.10099419460659052, 'hidden_size': 94, 'dropout': 0.34497287539928706, 'hidden_continuous_size': 25, 'attention_head_size': 2, 'learning_rate': 0.005812973500972559}. Best is trial 114 with value: 1756.7822265625.
LOCAL_RANK: 0 - CUDA_VISIBLE_DEVICES: [0]
[I 2023-11-30 01:09:25,183] Trial 142 finished with value: 2236.395751953125 and parameters: {'gradient_clip_val': 0.10859677475549014, 'hidden_size': 75, 'dropout': 0.3374744112832419, 'hidden_continuous_size': 28, 'attention_head_size': 3, 'learning_rate': 0.005239219567602314}. Best is trial 114 with value: 1756.7822265625.
LOCAL_RANK: 0 - CUDA_VISIBLE_DEVICES: [0]
[I 2023-11-30 01:09:38,627] Trial 143 finished with value: 2299.1083984375 and parameters: {'gradient_clip_val': 0.112959568210324, 'hidden_size': 80, 'dropout': 0.3502993266085471, 'hidden_continuous_size': 17, 'attention_head_size': 4, 'learning_rate': 0.003840180641279103}. Best is trial 114 with value: 1756.7822265625.
LOCAL_RANK: 0 - CUDA_VISIBLE_DEVICES: [0]
[I 2023-11-30 01:09:51,983] Trial 144 finished with value: 2617.91796875 and parameters: {'gradient_clip_val': 0.10053219805364132, 'hidden_size': 69, 'dropout': 0.35924006782307216, 'hidden_continuous_size': 27, 'attention_head_size': 4, 'learning_rate': 0.0041992945601318395}. Best is trial 114 with value: 1756.7822265625.
LOCAL_RANK: 0 - CUDA_VISIBLE_DEVICES: [0]
[I 2023-11-30 01:10:05,575] Trial 145 finished with value: 2233.585205078125 and parameters: {'gradient_clip_val': 0.12346992530998319, 'hidden_size': 109, 'dropout': 0.3982960212598198, 'hidden_continuous_size': 21, 'attention_head_size': 4, 'learning_rate': 0.004843090974161386}. Best is trial 114 with value: 1756.7822265625.
LOCAL_RANK: 0 - CUDA_VISIBLE_DEVICES: [0]
[I 2023-11-30 01:10:19,027] Trial 146 finished with value: 2171.284912109375 and parameters: {'gradient_clip_val': 0.14663532568244103, 'hidden_size': 97, 'dropout': 0.37199226382622114, 'hidden_continuous_size': 24, 'attention_head_size': 4, 'learning_rate': 0.003628388917531184}. Best is trial 114 with value: 1756.7822265625.
LOCAL_RANK: 0 - CUDA_VISIBLE_DEVICES: [0]
[I 2023-11-30 01:10:32,410] Trial 147 finished with value: 1823.0560302734375 and parameters: {'gradient_clip_val': 0.11709688832549874, 'hidden_size': 89, 'dropout': 0.30868928829025855, 'hidden_continuous_size': 26, 'attention_head_size': 4, 'learning_rate': 0.005462122655695572}. Best is trial 114 with value: 1756.7822265625.
LOCAL_RANK: 0 - CUDA_VISIBLE_DEVICES: [0]
[I 2023-11-30 01:10:45,799] Trial 148 finished with value: 2678.853515625 and parameters: {'gradient_clip_val': 0.13260471698312978, 'hidden_size': 88, 'dropout': 0.3086717241278336, 'hidden_continuous_size': 25, 'attention_head_size': 4, 'learning_rate': 0.0028654295676524047}. Best is trial 114 with value: 1756.7822265625.
LOCAL_RANK: 0 - CUDA_VISIBLE_DEVICES: [0]
[I 2023-11-30 01:10:59,505] Trial 149 finished with value: 2254.364990234375 and parameters: {'gradient_clip_val': 0.11933372689471677, 'hidden_size': 120, 'dropout': 0.3254677470263934, 'hidden_continuous_size': 32, 'attention_head_size': 4, 'learning_rate': 0.006036475811784247}. Best is trial 114 with value: 1756.7822265625.
[I 2023-11-30 01:10:59,623] A new study created in memory with name: no-name-0d179533-baeb-4bfa-a7fd-ece4e966d3ef
/home/le004/conda/anaconda3/envs/tsff_env/lib/python3.9/site-packages/lightning/fabric/plugins/environments/slurm.py:191: The `srun` command is available on your system but is not used. HINT: If your intention is to run Lightning on SLURM, prepend your python command with `srun` like so: srun python /home/le004/master_thesis/git/TSFusionForecast/code/ ...
LOCAL_RANK: 0 - CUDA_VISIBLE_DEVICES: [0]
[I 2023-11-30 01:11:12,140] Trial 0 finished with value: 1598.6885986328125 and parameters: {'gradient_clip_val': 0.15355093973482156, 'hidden_size': 41, 'dropout': 0.22910438457823307, 'hidden_continuous_size': 12, 'attention_head_size': 4, 'learning_rate': 0.07870124266262801}. Best is trial 0 with value: 1598.6885986328125.
LOCAL_RANK: 0 - CUDA_VISIBLE_DEVICES: [0]
[I 2023-11-30 01:11:25,363] Trial 1 finished with value: 1517.2279052734375 and parameters: {'gradient_clip_val': 0.7034305760984966, 'hidden_size': 99, 'dropout': 0.1247010988600225, 'hidden_continuous_size': 17, 'attention_head_size': 2, 'learning_rate': 0.03715834252424023}. Best is trial 1 with value: 1517.2279052734375.
LOCAL_RANK: 0 - CUDA_VISIBLE_DEVICES: [0]
[I 2023-11-30 01:11:39,506] Trial 2 finished with value: 1505.4010009765625 and parameters: {'gradient_clip_val': 0.6172961775333505, 'hidden_size': 147, 'dropout': 0.20244651364099692, 'hidden_continuous_size': 17, 'attention_head_size': 4, 'learning_rate': 0.006272161381587804}. Best is trial 2 with value: 1505.4010009765625.
LOCAL_RANK: 0 - CUDA_VISIBLE_DEVICES: [0]
[I 2023-11-30 01:11:51,665] Trial 3 finished with value: 3392.59375 and parameters: {'gradient_clip_val': 0.11567574456160072, 'hidden_size': 14, 'dropout': 0.38055743232972217, 'hidden_continuous_size': 12, 'attention_head_size': 3, 'learning_rate': 0.0058735912011606}. Best is trial 2 with value: 1505.4010009765625.
LOCAL_RANK: 0 - CUDA_VISIBLE_DEVICES: [0]
[I 2023-11-30 01:12:04,886] Trial 4 finished with value: 1772.8233642578125 and parameters: {'gradient_clip_val': 0.6785273009270841, 'hidden_size': 80, 'dropout': 0.16469730897901513, 'hidden_continuous_size': 27, 'attention_head_size': 4, 'learning_rate': 0.018627454960542814}. Best is trial 2 with value: 1505.4010009765625.
LOCAL_RANK: 0 - CUDA_VISIBLE_DEVICES: [0]
[I 2023-11-30 01:12:17,922] Trial 5 finished with value: 1477.5159912109375 and parameters: {'gradient_clip_val': 0.22977368592431024, 'hidden_size': 89, 'dropout': 0.2904037983372931, 'hidden_continuous_size': 10, 'attention_head_size': 4, 'learning_rate': 0.08356789174924784}. Best is trial 5 with value: 1477.5159912109375.
LOCAL_RANK: 0 - CUDA_VISIBLE_DEVICES: [0]
[I 2023-11-30 01:12:30,202] Trial 6 finished with value: 2306.8564453125 and parameters: {'gradient_clip_val': 0.15585421863932838, 'hidden_size': 46, 'dropout': 0.252792982090133, 'hidden_continuous_size': 14, 'attention_head_size': 1, 'learning_rate': 0.004061006496498833}. Best is trial 5 with value: 1477.5159912109375.
LOCAL_RANK: 0 - CUDA_VISIBLE_DEVICES: [0]
[I 2023-11-30 01:12:44,375] Trial 7 finished with value: 1754.7701416015625 and parameters: {'gradient_clip_val': 0.8187084642558773, 'hidden_size': 146, 'dropout': 0.1435761586772361, 'hidden_continuous_size': 37, 'attention_head_size': 3, 'learning_rate': 0.07706061280581329}. Best is trial 5 with value: 1477.5159912109375.
LOCAL_RANK: 0 - CUDA_VISIBLE_DEVICES: [0]
[I 2023-11-30 01:12:57,957] Trial 8 finished with value: 1581.8028564453125 and parameters: {'gradient_clip_val': 0.16013012109323313, 'hidden_size': 93, 'dropout': 0.24492693000061147, 'hidden_continuous_size': 35, 'attention_head_size': 1, 'learning_rate': 0.06081585231923655}. Best is trial 5 with value: 1477.5159912109375.
LOCAL_RANK: 0 - CUDA_VISIBLE_DEVICES: [0]
[I 2023-11-30 01:13:10,425] Trial 9 finished with value: 1498.5582275390625 and parameters: {'gradient_clip_val': 0.3851893440443354, 'hidden_size': 34, 'dropout': 0.37145096223869023, 'hidden_continuous_size': 18, 'attention_head_size': 3, 'learning_rate': 0.008191275478966226}. Best is trial 5 with value: 1477.5159912109375.
LOCAL_RANK: 0 - CUDA_VISIBLE_DEVICES: [0]
[I 2023-11-30 01:13:20,413] Trial 10 finished with value: 5388.31298828125 and parameters: {'gradient_clip_val': 0.2781572213286275, 'hidden_size': 10, 'dropout': 0.30738414937204117, 'hidden_continuous_size': 10, 'attention_head_size': 2, 'learning_rate': 0.0023245072450815557}. Best is trial 5 with value: 1477.5159912109375.
LOCAL_RANK: 0 - CUDA_VISIBLE_DEVICES: [0]
[I 2023-11-30 01:13:32,572] Trial 11 finished with value: 1190.5955810546875 and parameters: {'gradient_clip_val': 0.32999719554807944, 'hidden_size': 25, 'dropout': 0.39884600633683565, 'hidden_continuous_size': 10, 'attention_head_size': 3, 'learning_rate': 0.018843419723927068}. Best is trial 11 with value: 1190.5955810546875.
LOCAL_RANK: 0 - CUDA_VISIBLE_DEVICES: [0]
[I 2023-11-30 01:13:44,735] Trial 12 finished with value: 1537.27490234375 and parameters: {'gradient_clip_val': 0.2548175650282211, 'hidden_size': 23, 'dropout': 0.32547710147396813, 'hidden_continuous_size': 10, 'attention_head_size': 4, 'learning_rate': 0.020232175381773902}. Best is trial 11 with value: 1190.5955810546875.
LOCAL_RANK: 0 - CUDA_VISIBLE_DEVICES: [0]
[I 2023-11-30 01:13:58,168] Trial 13 finished with value: 1413.0107421875 and parameters: {'gradient_clip_val': 0.3910692174012293, 'hidden_size': 58, 'dropout': 0.3892841949599707, 'hidden_continuous_size': 57, 'attention_head_size': 3, 'learning_rate': 0.021170787120969776}. Best is trial 11 with value: 1190.5955810546875.
LOCAL_RANK: 0 - CUDA_VISIBLE_DEVICES: [0]
[I 2023-11-30 01:14:10,188] Trial 14 finished with value: 1722.32177734375 and parameters: {'gradient_clip_val': 0.45470983572850787, 'hidden_size': 23, 'dropout': 0.39990478028141546, 'hidden_continuous_size': 19, 'attention_head_size': 2, 'learning_rate': 0.015382850299928185}. Best is trial 11 with value: 1190.5955810546875.
LOCAL_RANK: 0 - CUDA_VISIBLE_DEVICES: [0]
[I 2023-11-30 01:14:23,490] Trial 15 finished with value: 2789.524169921875 and parameters: {'gradient_clip_val': 0.38962549037473204, 'hidden_size': 54, 'dropout': 0.35385573635490275, 'hidden_continuous_size': 52, 'attention_head_size': 3, 'learning_rate': 0.0011037426992669902}. Best is trial 11 with value: 1190.5955810546875.
LOCAL_RANK: 0 - CUDA_VISIBLE_DEVICES: [0]
[I 2023-11-30 01:14:35,671] Trial 16 finished with value: 1369.8958740234375 and parameters: {'gradient_clip_val': 0.9979397237240373, 'hidden_size': 30, 'dropout': 0.3364154105926527, 'hidden_continuous_size': 14, 'attention_head_size': 3, 'learning_rate': 0.033630497397908535}. Best is trial 11 with value: 1190.5955810546875.
LOCAL_RANK: 0 - CUDA_VISIBLE_DEVICES: [0]
[I 2023-11-30 01:14:47,600] Trial 17 finished with value: 1411.6932373046875 and parameters: {'gradient_clip_val': 0.9271678958384206, 'hidden_size': 30, 'dropout': 0.34186936266732126, 'hidden_continuous_size': 12, 'attention_head_size': 2, 'learning_rate': 0.038027604087717694}. Best is trial 11 with value: 1190.5955810546875.
LOCAL_RANK: 0 - CUDA_VISIBLE_DEVICES: [0]
[I 2023-11-30 01:14:59,629] Trial 18 finished with value: 1879.8629150390625 and parameters: {'gradient_clip_val': 0.5380235096276009, 'hidden_size': 24, 'dropout': 0.34705384128935035, 'hidden_continuous_size': 11, 'attention_head_size': 3, 'learning_rate': 0.012031396668819676}. Best is trial 11 with value: 1190.5955810546875.
LOCAL_RANK: 0 - CUDA_VISIBLE_DEVICES: [0]
[I 2023-11-30 01:15:11,629] Trial 19 finished with value: 1412.0244140625 and parameters: {'gradient_clip_val': 0.9777216933436024, 'hidden_size': 18, 'dropout': 0.2924434924521841, 'hidden_continuous_size': 11, 'attention_head_size': 2, 'learning_rate': 0.031662924172565436}. Best is trial 11 with value: 1190.5955810546875.
LOCAL_RANK: 0 - CUDA_VISIBLE_DEVICES: [0]
[I 2023-11-30 01:15:23,579] Trial 20 finished with value: 1306.0882568359375 and parameters: {'gradient_clip_val': 0.5889020559515888, 'hidden_size': 32, 'dropout': 0.36643568237025925, 'hidden_continuous_size': 14, 'attention_head_size': 3, 'learning_rate': 0.011251218976625479}. Best is trial 11 with value: 1190.5955810546875.
LOCAL_RANK: 0 - CUDA_VISIBLE_DEVICES: [0]
[I 2023-11-30 01:15:35,813] Trial 21 finished with value: 1292.0989990234375 and parameters: {'gradient_clip_val': 0.5387846855643487, 'hidden_size': 33, 'dropout': 0.3624603735314138, 'hidden_continuous_size': 14, 'attention_head_size': 3, 'learning_rate': 0.011524914063347177}. Best is trial 11 with value: 1190.5955810546875.
LOCAL_RANK: 0 - CUDA_VISIBLE_DEVICES: [0]
[I 2023-11-30 01:15:48,238] Trial 22 finished with value: 1403.0052490234375 and parameters: {'gradient_clip_val': 0.5232131308002143, 'hidden_size': 35, 'dropout': 0.3686524984840036, 'hidden_continuous_size': 14, 'attention_head_size': 3, 'learning_rate': 0.011322082413274412}. Best is trial 11 with value: 1190.5955810546875.
LOCAL_RANK: 0 - CUDA_VISIBLE_DEVICES: [0]
[I 2023-11-30 01:16:00,531] Trial 23 finished with value: 2018.4599609375 and parameters: {'gradient_clip_val': 0.5252455597317182, 'hidden_size': 27, 'dropout': 0.3985208426048866, 'hidden_continuous_size': 15, 'attention_head_size': 3, 'learning_rate': 0.009331904523305054}. Best is trial 11 with value: 1190.5955810546875.
LOCAL_RANK: 0 - CUDA_VISIBLE_DEVICES: [0]
[I 2023-11-30 01:16:13,002] Trial 24 finished with value: 1273.911865234375 and parameters: {'gradient_clip_val': 0.32120103862851634, 'hidden_size': 41, 'dropout': 0.36402618302268414, 'hidden_continuous_size': 21, 'attention_head_size': 2, 'learning_rate': 0.014298178651525353}. Best is trial 11 with value: 1190.5955810546875.
LOCAL_RANK: 0 - CUDA_VISIBLE_DEVICES: [0]
[I 2023-11-30 01:16:25,232] Trial 25 finished with value: 1541.2327880859375 and parameters: {'gradient_clip_val': 0.3188847342789332, 'hidden_size': 41, 'dropout': 0.3204462108156902, 'hidden_continuous_size': 21, 'attention_head_size': 1, 'learning_rate': 0.024370066420278443}. Best is trial 11 with value: 1190.5955810546875.
LOCAL_RANK: 0 - CUDA_VISIBLE_DEVICES: [0]
[I 2023-11-30 01:16:37,086] Trial 26 finished with value: 1254.6107177734375 and parameters: {'gradient_clip_val': 0.34348971321681193, 'hidden_size': 18, 'dropout': 0.3600258020605398, 'hidden_continuous_size': 11, 'attention_head_size': 2, 'learning_rate': 0.01715831245566863}. Best is trial 11 with value: 1190.5955810546875.
LOCAL_RANK: 0 - CUDA_VISIBLE_DEVICES: [0]
[I 2023-11-30 01:16:48,814] Trial 27 finished with value: 1902.6722412109375 and parameters: {'gradient_clip_val': 0.3126221889961959, 'hidden_size': 18, 'dropout': 0.38199432067116307, 'hidden_continuous_size': 11, 'attention_head_size': 2, 'learning_rate': 0.015078245493863832}. Best is trial 11 with value: 1190.5955810546875.
LOCAL_RANK: 0 - CUDA_VISIBLE_DEVICES: [0]
[I 2023-11-30 01:17:00,710] Trial 28 finished with value: 1411.4794921875 and parameters: {'gradient_clip_val': 0.21461734613443, 'hidden_size': 20, 'dropout': 0.3523219067052701, 'hidden_continuous_size': 13, 'attention_head_size': 2, 'learning_rate': 0.026117759755995597}. Best is trial 11 with value: 1190.5955810546875.
LOCAL_RANK: 0 - CUDA_VISIBLE_DEVICES: [0]
[I 2023-11-30 01:17:13,050] Trial 29 finished with value: 1587.4742431640625 and parameters: {'gradient_clip_val': 0.3342454896475743, 'hidden_size': 39, 'dropout': 0.3839810186363526, 'hidden_continuous_size': 22, 'attention_head_size': 1, 'learning_rate': 0.05005909252797378}. Best is trial 11 with value: 1190.5955810546875.
LOCAL_RANK: 0 - CUDA_VISIBLE_DEVICES: [0]
[I 2023-11-30 01:17:24,865] Trial 30 finished with value: 2925.422119140625 and parameters: {'gradient_clip_val': 0.2078695064095073, 'hidden_size': 13, 'dropout': 0.3269523267632759, 'hidden_continuous_size': 10, 'attention_head_size': 2, 'learning_rate': 0.015848552919068788}. Best is trial 11 with value: 1190.5955810546875.
LOCAL_RANK: 0 - CUDA_VISIBLE_DEVICES: [0]
[I 2023-11-30 01:17:36,893] Trial 31 finished with value: 1328.6439208984375 and parameters: {'gradient_clip_val': 0.4511006794010389, 'hidden_size': 29, 'dropout': 0.3596172890242457, 'hidden_continuous_size': 11, 'attention_head_size': 2, 'learning_rate': 0.014510075020883724}. Best is trial 11 with value: 1190.5955810546875.
LOCAL_RANK: 0 - CUDA_VISIBLE_DEVICES: [0]
[I 2023-11-30 01:17:49,430] Trial 32 finished with value: 1582.6939697265625 and parameters: {'gradient_clip_val': 0.2737186137929784, 'hidden_size': 46, 'dropout': 0.39956331361933595, 'hidden_continuous_size': 16, 'attention_head_size': 2, 'learning_rate': 0.025016733736186608}. Best is trial 11 with value: 1190.5955810546875.
LOCAL_RANK: 0 - CUDA_VISIBLE_DEVICES: [0]
[I 2023-11-30 01:18:01,564] Trial 33 finished with value: 1675.85693359375 and parameters: {'gradient_clip_val': 0.3497996299569008, 'hidden_size': 27, 'dropout': 0.36377946229761954, 'hidden_continuous_size': 13, 'attention_head_size': 2, 'learning_rate': 0.007812218148008959}. Best is trial 11 with value: 1190.5955810546875.
LOCAL_RANK: 0 - CUDA_VISIBLE_DEVICES: [0]
[I 2023-11-30 01:18:13,828] Trial 34 finished with value: 1458.3800048828125 and parameters: {'gradient_clip_val': 0.4343601265581519, 'hidden_size': 36, 'dropout': 0.3792712941906824, 'hidden_continuous_size': 12, 'attention_head_size': 4, 'learning_rate': 0.012170337516067622}. Best is trial 11 with value: 1190.5955810546875.
LOCAL_RANK: 0 - CUDA_VISIBLE_DEVICES: [0]
[I 2023-11-30 01:18:25,578] Trial 35 finished with value: 1545.958984375 and parameters: {'gradient_clip_val': 0.30503245724604666, 'hidden_size': 16, 'dropout': 0.342770551821469, 'hidden_continuous_size': 11, 'attention_head_size': 3, 'learning_rate': 0.018017094995138757}. Best is trial 11 with value: 1190.5955810546875.
LOCAL_RANK: 0 - CUDA_VISIBLE_DEVICES: [0]
[I 2023-11-30 01:18:37,542] Trial 36 finished with value: 2188.840087890625 and parameters: {'gradient_clip_val': 0.688623468840197, 'hidden_size': 23, 'dropout': 0.3745565951101215, 'hidden_continuous_size': 13, 'attention_head_size': 2, 'learning_rate': 0.006411370005340583}. Best is trial 11 with value: 1190.5955810546875.
LOCAL_RANK: 0 - CUDA_VISIBLE_DEVICES: [0]
[I 2023-11-30 01:18:49,838] Trial 37 finished with value: 2001.3111572265625 and parameters: {'gradient_clip_val': 0.24140817428475306, 'hidden_size': 21, 'dropout': 0.3155934492726333, 'hidden_continuous_size': 15, 'attention_head_size': 4, 'learning_rate': 0.009786109888427087}. Best is trial 11 with value: 1190.5955810546875.
LOCAL_RANK: 0 - CUDA_VISIBLE_DEVICES: [0]
[I 2023-11-30 01:19:01,718] Trial 38 finished with value: 1259.22900390625 and parameters: {'gradient_clip_val': 0.3565970450808091, 'hidden_size': 25, 'dropout': 0.3356039718087241, 'hidden_continuous_size': 10, 'attention_head_size': 1, 'learning_rate': 0.01886244753795133}. Best is trial 11 with value: 1190.5955810546875.
LOCAL_RANK: 0 - CUDA_VISIBLE_DEVICES: [0]
[I 2023-11-30 01:19:13,593] Trial 39 finished with value: 1192.176025390625 and parameters: {'gradient_clip_val': 0.2859174062555297, 'hidden_size': 15, 'dropout': 0.30553784324442584, 'hidden_continuous_size': 10, 'attention_head_size': 1, 'learning_rate': 0.01951429352699567}. Best is trial 11 with value: 1190.5955810546875.
LOCAL_RANK: 0 - CUDA_VISIBLE_DEVICES: [0]
[I 2023-11-30 01:19:25,345] Trial 40 finished with value: 1700.9183349609375 and parameters: {'gradient_clip_val': 0.28301700341737834, 'hidden_size': 14, 'dropout': 0.3042218250310216, 'hidden_continuous_size': 10, 'attention_head_size': 1, 'learning_rate': 0.019745118309562843}. Best is trial 11 with value: 1190.5955810546875.
LOCAL_RANK: 0 - CUDA_VISIBLE_DEVICES: [0]
[I 2023-11-30 01:19:37,200] Trial 41 finished with value: 1357.0294189453125 and parameters: {'gradient_clip_val': 0.3598455092211742, 'hidden_size': 26, 'dropout': 0.2796994597715431, 'hidden_continuous_size': 10, 'attention_head_size': 1, 'learning_rate': 0.027769664520957332}. Best is trial 11 with value: 1190.5955810546875.
LOCAL_RANK: 0 - CUDA_VISIBLE_DEVICES: [0]
[I 2023-11-30 01:19:48,990] Trial 42 finished with value: 1441.1636962890625 and parameters: {'gradient_clip_val': 0.34163338677263777, 'hidden_size': 17, 'dropout': 0.3284626287136157, 'hidden_continuous_size': 10, 'attention_head_size': 1, 'learning_rate': 0.04052979036266051}. Best is trial 11 with value: 1190.5955810546875.
LOCAL_RANK: 0 - CUDA_VISIBLE_DEVICES: [0]
[I 2023-11-30 01:20:00,850] Trial 43 finished with value: 1624.1263427734375 and parameters: {'gradient_clip_val': 0.3099138310630727, 'hidden_size': 20, 'dropout': 0.3406284530159238, 'hidden_continuous_size': 10, 'attention_head_size': 1, 'learning_rate': 0.019422027813586536}. Best is trial 11 with value: 1190.5955810546875.
LOCAL_RANK: 0 - CUDA_VISIBLE_DEVICES: [0]
[I 2023-11-30 01:20:12,534] Trial 44 finished with value: 2065.358642578125 and parameters: {'gradient_clip_val': 0.25103149836912286, 'hidden_size': 15, 'dropout': 0.35348065802829887, 'hidden_continuous_size': 11, 'attention_head_size': 1, 'learning_rate': 0.014194800968001228}. Best is trial 11 with value: 1190.5955810546875.
LOCAL_RANK: 0 - CUDA_VISIBLE_DEVICES: [0]
[I 2023-11-30 01:20:23,979] Trial 45 finished with value: 2230.822021484375 and parameters: {'gradient_clip_val': 0.40098380581066506, 'hidden_size': 12, 'dropout': 0.38664220307048924, 'hidden_continuous_size': 10, 'attention_head_size': 1, 'learning_rate': 0.023184813884452527}. Best is trial 11 with value: 1190.5955810546875.
LOCAL_RANK: 0 - CUDA_VISIBLE_DEVICES: [0]
[I 2023-11-30 01:20:35,835] Trial 46 finished with value: 1374.0772705078125 and parameters: {'gradient_clip_val': 0.3509752690874946, 'hidden_size': 19, 'dropout': 0.3327647748040989, 'hidden_continuous_size': 11, 'attention_head_size': 1, 'learning_rate': 0.031006089084902697}. Best is trial 11 with value: 1190.5955810546875.
LOCAL_RANK: 0 - CUDA_VISIBLE_DEVICES: [0]
[I 2023-11-30 01:20:47,493] Trial 47 finished with value: 1933.3287353515625 and parameters: {'gradient_clip_val': 0.28066733457182236, 'hidden_size': 16, 'dropout': 0.3123179326284141, 'hidden_continuous_size': 12, 'attention_head_size': 1, 'learning_rate': 0.017388052136954293}. Best is trial 11 with value: 1190.5955810546875.
LOCAL_RANK: 0 - CUDA_VISIBLE_DEVICES: [0]
[I 2023-11-30 01:20:59,534] Trial 48 finished with value: 1598.13671875 and parameters: {'gradient_clip_val': 0.4149941238232506, 'hidden_size': 21, 'dropout': 0.3753371497275213, 'hidden_continuous_size': 10, 'attention_head_size': 2, 'learning_rate': 0.02228262048141245}. Best is trial 11 with value: 1190.5955810546875.
LOCAL_RANK: 0 - CUDA_VISIBLE_DEVICES: [0]
