[I 2023-11-29 22:32:00,298] Trial 41 finished with value: 86.29772186279297 and parameters: {'gradient_clip_val': 0.18948833451642377, 'hidden_size': 29, 'dropout': 0.3693866407430633, 'hidden_continuous_size': 26, 'attention_head_size': 1, 'learning_rate': 0.005497204407805301}. Best is trial 12 with value: 65.66619873046875.
LOCAL_RANK: 0 - CUDA_VISIBLE_DEVICES: [0]
[I 2023-11-29 22:32:14,416] Trial 42 finished with value: 96.31507110595703 and parameters: {'gradient_clip_val': 0.14842350130348037, 'hidden_size': 70, 'dropout': 0.34498593208290157, 'hidden_continuous_size': 34, 'attention_head_size': 3, 'learning_rate': 0.00789238517903372}. Best is trial 12 with value: 65.66619873046875.
LOCAL_RANK: 0 - CUDA_VISIBLE_DEVICES: [0]
[I 2023-11-29 22:32:28,763] Trial 43 finished with value: 93.98928833007812 and parameters: {'gradient_clip_val': 0.12293797965391012, 'hidden_size': 91, 'dropout': 0.3319101560397524, 'hidden_continuous_size': 45, 'attention_head_size': 1, 'learning_rate': 0.005749427134694226}. Best is trial 12 with value: 65.66619873046875.
LOCAL_RANK: 0 - CUDA_VISIBLE_DEVICES: [0]
[I 2023-11-29 22:32:43,580] Trial 44 finished with value: 113.7950439453125 and parameters: {'gradient_clip_val': 0.16607668121544703, 'hidden_size': 134, 'dropout': 0.38270765677958585, 'hidden_continuous_size': 51, 'attention_head_size': 2, 'learning_rate': 0.0073691293310596305}. Best is trial 12 with value: 65.66619873046875.
LOCAL_RANK: 0 - CUDA_VISIBLE_DEVICES: [0]
[I 2023-11-29 22:32:57,542] Trial 45 finished with value: 79.24523162841797 and parameters: {'gradient_clip_val': 0.11346981721341479, 'hidden_size': 51, 'dropout': 0.3671943903261628, 'hidden_continuous_size': 35, 'attention_head_size': 3, 'learning_rate': 0.00886631169483191}. Best is trial 12 with value: 65.66619873046875.
LOCAL_RANK: 0 - CUDA_VISIBLE_DEVICES: [0]
[I 2023-11-29 22:33:11,607] Trial 46 finished with value: 70.67023468017578 and parameters: {'gradient_clip_val': 0.14519133952259475, 'hidden_size': 82, 'dropout': 0.34964226055302094, 'hidden_continuous_size': 23, 'attention_head_size': 2, 'learning_rate': 0.004238467073972156}. Best is trial 12 with value: 65.66619873046875.
LOCAL_RANK: 0 - CUDA_VISIBLE_DEVICES: [0]
[I 2023-11-29 22:33:26,309] Trial 47 finished with value: 95.9830093383789 and parameters: {'gradient_clip_val': 0.1255707990882589, 'hidden_size': 108, 'dropout': 0.3199122780820546, 'hidden_continuous_size': 56, 'attention_head_size': 3, 'learning_rate': 0.01060688390916414}. Best is trial 12 with value: 65.66619873046875.
LOCAL_RANK: 0 - CUDA_VISIBLE_DEVICES: [0]
[I 2023-11-29 22:33:40,536] Trial 48 finished with value: 79.14122009277344 and parameters: {'gradient_clip_val': 0.19030970278638523, 'hidden_size': 46, 'dropout': 0.3388666814549831, 'hidden_continuous_size': 39, 'attention_head_size': 4, 'learning_rate': 0.0033050908061248645}. Best is trial 12 with value: 65.66619873046875.
LOCAL_RANK: 0 - CUDA_VISIBLE_DEVICES: [0]
[I 2023-11-29 22:33:54,811] Trial 49 finished with value: 81.51731872558594 and parameters: {'gradient_clip_val': 0.10020544768818511, 'hidden_size': 59, 'dropout': 0.30054370003095104, 'hidden_continuous_size': 44, 'attention_head_size': 3, 'learning_rate': 0.002062315652726956}. Best is trial 12 with value: 65.66619873046875.
LOCAL_RANK: 0 - CUDA_VISIBLE_DEVICES: [0]
[I 2023-11-29 22:34:09,356] Trial 50 finished with value: 71.35773468017578 and parameters: {'gradient_clip_val': 0.14534161082157124, 'hidden_size': 95, 'dropout': 0.3869224730800744, 'hidden_continuous_size': 48, 'attention_head_size': 2, 'learning_rate': 0.0061782611164663045}. Best is trial 12 with value: 65.66619873046875.
LOCAL_RANK: 0 - CUDA_VISIBLE_DEVICES: [0]
[I 2023-11-29 22:34:23,321] Trial 51 finished with value: 72.87161254882812 and parameters: {'gradient_clip_val': 0.16276892289847592, 'hidden_size': 78, 'dropout': 0.34623337908068835, 'hidden_continuous_size': 23, 'attention_head_size': 1, 'learning_rate': 0.004597298011215758}. Best is trial 12 with value: 65.66619873046875.
LOCAL_RANK: 0 - CUDA_VISIBLE_DEVICES: [0]
[I 2023-11-29 22:34:37,320] Trial 52 finished with value: 76.01863098144531 and parameters: {'gradient_clip_val': 0.1272855491576483, 'hidden_size': 66, 'dropout': 0.36443859630345576, 'hidden_continuous_size': 20, 'attention_head_size': 2, 'learning_rate': 0.004598056342469896}. Best is trial 12 with value: 65.66619873046875.
LOCAL_RANK: 0 - CUDA_VISIBLE_DEVICES: [0]
[I 2023-11-29 22:34:51,361] Trial 53 finished with value: 88.55795288085938 and parameters: {'gradient_clip_val': 0.14641985299915572, 'hidden_size': 81, 'dropout': 0.35541202553630497, 'hidden_continuous_size': 32, 'attention_head_size': 1, 'learning_rate': 0.007456971985983315}. Best is trial 12 with value: 65.66619873046875.
LOCAL_RANK: 0 - CUDA_VISIBLE_DEVICES: [0]
[I 2023-11-29 22:35:06,259] Trial 54 finished with value: 85.0836181640625 and parameters: {'gradient_clip_val': 0.10974469150979134, 'hidden_size': 138, 'dropout': 0.33105583439738573, 'hidden_continuous_size': 23, 'attention_head_size': 3, 'learning_rate': 0.0032000193625735572}. Best is trial 12 with value: 65.66619873046875.
LOCAL_RANK: 0 - CUDA_VISIBLE_DEVICES: [0]
[I 2023-11-29 22:35:20,298] Trial 55 finished with value: 82.5427017211914 and parameters: {'gradient_clip_val': 0.1595740519183709, 'hidden_size': 88, 'dropout': 0.3754047150853506, 'hidden_continuous_size': 28, 'attention_head_size': 2, 'learning_rate': 0.005231902613954707}. Best is trial 12 with value: 65.66619873046875.
LOCAL_RANK: 0 - CUDA_VISIBLE_DEVICES: [0]
[I 2023-11-29 22:35:35,038] Trial 56 finished with value: 73.76229858398438 and parameters: {'gradient_clip_val': 0.1386202558496846, 'hidden_size': 102, 'dropout': 0.34816157059273806, 'hidden_continuous_size': 40, 'attention_head_size': 3, 'learning_rate': 0.0038840710565362846}. Best is trial 12 with value: 65.66619873046875.
LOCAL_RANK: 0 - CUDA_VISIBLE_DEVICES: [0]
[I 2023-11-29 22:35:49,246] Trial 57 finished with value: 81.01888275146484 and parameters: {'gradient_clip_val': 0.12380091596163614, 'hidden_size': 55, 'dropout': 0.39821787776687856, 'hidden_continuous_size': 42, 'attention_head_size': 3, 'learning_rate': 0.00804353674726734}. Best is trial 12 with value: 65.66619873046875.
LOCAL_RANK: 0 - CUDA_VISIBLE_DEVICES: [0]
[I 2023-11-29 22:36:03,760] Trial 58 finished with value: 92.22045135498047 and parameters: {'gradient_clip_val': 0.11152037664863984, 'hidden_size': 116, 'dropout': 0.36136611188909284, 'hidden_continuous_size': 56, 'attention_head_size': 2, 'learning_rate': 0.006007631848437181}. Best is trial 12 with value: 65.66619873046875.
LOCAL_RANK: 0 - CUDA_VISIBLE_DEVICES: [0]
[I 2023-11-29 22:36:18,364] Trial 59 finished with value: 94.16802215576172 and parameters: {'gradient_clip_val': 0.17357178869542914, 'hidden_size': 112, 'dropout': 0.31570972178527673, 'hidden_continuous_size': 34, 'attention_head_size': 3, 'learning_rate': 0.002878067977846578}. Best is trial 12 with value: 65.66619873046875.
LOCAL_RANK: 0 - CUDA_VISIBLE_DEVICES: [0]
[I 2023-11-29 22:36:32,172] Trial 60 finished with value: 96.21903228759766 and parameters: {'gradient_clip_val': 0.14438503634100971, 'hidden_size': 65, 'dropout': 0.3370958723093397, 'hidden_continuous_size': 37, 'attention_head_size': 1, 'learning_rate': 0.009700125529600253}. Best is trial 12 with value: 65.66619873046875.
LOCAL_RANK: 0 - CUDA_VISIBLE_DEVICES: [0]
[I 2023-11-29 22:36:47,247] Trial 61 finished with value: 91.60531616210938 and parameters: {'gradient_clip_val': 0.20945606280283044, 'hidden_size': 131, 'dropout': 0.38621365717519973, 'hidden_continuous_size': 68, 'attention_head_size': 3, 'learning_rate': 0.0012563893977234348}. Best is trial 12 with value: 65.66619873046875.
LOCAL_RANK: 0 - CUDA_VISIBLE_DEVICES: [0]
[I 2023-11-29 22:37:02,438] Trial 62 finished with value: 80.54708099365234 and parameters: {'gradient_clip_val': 0.16263419871380977, 'hidden_size': 142, 'dropout': 0.37419305498958766, 'hidden_continuous_size': 58, 'attention_head_size': 3, 'learning_rate': 0.0022665705400056464}. Best is trial 12 with value: 65.66619873046875.
LOCAL_RANK: 0 - CUDA_VISIBLE_DEVICES: [0]
[I 2023-11-29 22:37:17,188] Trial 63 finished with value: 77.6960220336914 and parameters: {'gradient_clip_val': 0.12670212166854739, 'hidden_size': 125, 'dropout': 0.35217433270185666, 'hidden_continuous_size': 48, 'attention_head_size': 3, 'learning_rate': 0.004045013685899693}. Best is trial 12 with value: 65.66619873046875.
LOCAL_RANK: 0 - CUDA_VISIBLE_DEVICES: [0]
[I 2023-11-29 22:37:31,851] Trial 64 finished with value: 92.41290283203125 and parameters: {'gradient_clip_val': 0.15145468330523187, 'hidden_size': 101, 'dropout': 0.36262587434457527, 'hidden_continuous_size': 49, 'attention_head_size': 3, 'learning_rate': 0.002670394645883635}. Best is trial 12 with value: 65.66619873046875.
LOCAL_RANK: 0 - CUDA_VISIBLE_DEVICES: [0]
[I 2023-11-29 22:37:45,943] Trial 65 finished with value: 86.04325103759766 and parameters: {'gradient_clip_val': 0.2474821081025979, 'hidden_size': 80, 'dropout': 0.32539435915882203, 'hidden_continuous_size': 44, 'attention_head_size': 3, 'learning_rate': 0.001969770980826249}. Best is trial 12 with value: 65.66619873046875.
LOCAL_RANK: 0 - CUDA_VISIBLE_DEVICES: [0]
[I 2023-11-29 22:38:00,401] Trial 66 finished with value: 75.86265563964844 and parameters: {'gradient_clip_val': 0.13228584148204123, 'hidden_size': 116, 'dropout': 0.3426200633375086, 'hidden_continuous_size': 30, 'attention_head_size': 4, 'learning_rate': 0.00512295840168275}. Best is trial 12 with value: 65.66619873046875.
LOCAL_RANK: 0 - CUDA_VISIBLE_DEVICES: [0]
[I 2023-11-29 22:38:15,137] Trial 67 finished with value: 95.30074310302734 and parameters: {'gradient_clip_val': 0.18736172846605767, 'hidden_size': 73, 'dropout': 0.3798969596096944, 'hidden_continuous_size': 53, 'attention_head_size': 3, 'learning_rate': 0.0065822024959410206}. Best is trial 12 with value: 65.66619873046875.
LOCAL_RANK: 0 - CUDA_VISIBLE_DEVICES: [0]
[I 2023-11-29 22:38:29,799] Trial 68 finished with value: 88.22161865234375 and parameters: {'gradient_clip_val': 0.1067248537924416, 'hidden_size': 93, 'dropout': 0.3906426261054104, 'hidden_continuous_size': 40, 'attention_head_size': 3, 'learning_rate': 0.0032897686032534413}. Best is trial 12 with value: 65.66619873046875.
LOCAL_RANK: 0 - CUDA_VISIBLE_DEVICES: [0]
[I 2023-11-29 22:38:44,173] Trial 69 finished with value: 73.44329833984375 and parameters: {'gradient_clip_val': 0.13936122425975625, 'hidden_size': 85, 'dropout': 0.3704074729936615, 'hidden_continuous_size': 42, 'attention_head_size': 2, 'learning_rate': 0.00422714311779659}. Best is trial 12 with value: 65.66619873046875.
LOCAL_RANK: 0 - CUDA_VISIBLE_DEVICES: [0]
[I 2023-11-29 22:38:58,759] Trial 70 finished with value: 75.60396575927734 and parameters: {'gradient_clip_val': 0.1189206382621551, 'hidden_size': 107, 'dropout': 0.3077641642839999, 'hidden_continuous_size': 36, 'attention_head_size': 3, 'learning_rate': 0.0035988690022006435}. Best is trial 12 with value: 65.66619873046875.
LOCAL_RANK: 0 - CUDA_VISIBLE_DEVICES: [0]
[I 2023-11-29 22:39:13,220] Trial 71 finished with value: 83.81671905517578 and parameters: {'gradient_clip_val': 0.1465699138236725, 'hidden_size': 94, 'dropout': 0.38685959796638536, 'hidden_continuous_size': 49, 'attention_head_size': 2, 'learning_rate': 0.006196565492771199}. Best is trial 12 with value: 65.66619873046875.
LOCAL_RANK: 0 - CUDA_VISIBLE_DEVICES: [0]
[I 2023-11-29 22:39:28,474] Trial 72 finished with value: 78.82135772705078 and parameters: {'gradient_clip_val': 0.15721491661205944, 'hidden_size': 150, 'dropout': 0.3578876055602327, 'hidden_continuous_size': 61, 'attention_head_size': 2, 'learning_rate': 0.006872638074881552}. Best is trial 12 with value: 65.66619873046875.
LOCAL_RANK: 0 - CUDA_VISIBLE_DEVICES: [0]
[I 2023-11-29 22:39:43,039] Trial 73 finished with value: 78.15518951416016 and parameters: {'gradient_clip_val': 0.17458101216205313, 'hidden_size': 99, 'dropout': 0.3518962554993956, 'hidden_continuous_size': 48, 'attention_head_size': 2, 'learning_rate': 0.005556363878041131}. Best is trial 12 with value: 65.66619873046875.
LOCAL_RANK: 0 - CUDA_VISIBLE_DEVICES: [0]
[I 2023-11-29 22:39:57,413] Trial 74 finished with value: 100.30733489990234 and parameters: {'gradient_clip_val': 0.13085230575430107, 'hidden_size': 128, 'dropout': 0.3921254926724579, 'hidden_continuous_size': 46, 'attention_head_size': 2, 'learning_rate': 0.008567963963641905}. Best is trial 12 with value: 65.66619873046875.
LOCAL_RANK: 0 - CUDA_VISIBLE_DEVICES: [0]
[I 2023-11-29 22:40:11,446] Trial 75 finished with value: 90.728271484375 and parameters: {'gradient_clip_val': 0.14107357581742602, 'hidden_size': 72, 'dropout': 0.3774524493108069, 'hidden_continuous_size': 38, 'attention_head_size': 1, 'learning_rate': 0.004526561801623024}. Best is trial 12 with value: 65.66619873046875.
LOCAL_RANK: 0 - CUDA_VISIBLE_DEVICES: [0]
[I 2023-11-29 22:40:25,973] Trial 76 finished with value: 93.73383331298828 and parameters: {'gradient_clip_val': 0.1182277020934174, 'hidden_size': 84, 'dropout': 0.336593687643202, 'hidden_continuous_size': 43, 'attention_head_size': 3, 'learning_rate': 0.002836184917311763}. Best is trial 12 with value: 65.66619873046875.
LOCAL_RANK: 0 - CUDA_VISIBLE_DEVICES: [0]
[I 2023-11-29 22:40:41,101] Trial 77 finished with value: 88.69156646728516 and parameters: {'gradient_clip_val': 0.15145131979323048, 'hidden_size': 138, 'dropout': 0.3649487357961335, 'hidden_continuous_size': 54, 'attention_head_size': 3, 'learning_rate': 0.0060727468438952015}. Best is trial 12 with value: 65.66619873046875.
LOCAL_RANK: 0 - CUDA_VISIBLE_DEVICES: [0]
[I 2023-11-29 22:40:55,287] Trial 78 finished with value: 82.89462280273438 and parameters: {'gradient_clip_val': 0.2025536096929384, 'hidden_size': 77, 'dropout': 0.32499084612432144, 'hidden_continuous_size': 46, 'attention_head_size': 2, 'learning_rate': 0.005048259340169614}. Best is trial 12 with value: 65.66619873046875.
LOCAL_RANK: 0 - CUDA_VISIBLE_DEVICES: [0]
[I 2023-11-29 22:41:09,856] Trial 79 finished with value: 88.4233169555664 and parameters: {'gradient_clip_val': 0.16926065395911205, 'hidden_size': 124, 'dropout': 0.371229597898946, 'hidden_continuous_size': 34, 'attention_head_size': 3, 'learning_rate': 0.00724149352148516}. Best is trial 12 with value: 65.66619873046875.
LOCAL_RANK: 0 - CUDA_VISIBLE_DEVICES: [0]
[I 2023-11-29 22:41:24,421] Trial 80 finished with value: 91.90069580078125 and parameters: {'gradient_clip_val': 0.133837277993456, 'hidden_size': 117, 'dropout': 0.34718828322774714, 'hidden_continuous_size': 51, 'attention_head_size': 1, 'learning_rate': 0.0036962103239954773}. Best is trial 12 with value: 65.66619873046875.
LOCAL_RANK: 0 - CUDA_VISIBLE_DEVICES: [0]
[I 2023-11-29 22:41:38,984] Trial 81 finished with value: 85.41849517822266 and parameters: {'gradient_clip_val': 0.1563333471879831, 'hidden_size': 91, 'dropout': 0.3562522660631435, 'hidden_continuous_size': 41, 'attention_head_size': 3, 'learning_rate': 0.0055058809494179}. Best is trial 12 with value: 65.66619873046875.
LOCAL_RANK: 0 - CUDA_VISIBLE_DEVICES: [0]
[I 2023-11-29 22:41:53,301] Trial 82 finished with value: 91.26300811767578 and parameters: {'gradient_clip_val': 0.1400348003756472, 'hidden_size': 68, 'dropout': 0.33107681633269487, 'hidden_continuous_size': 44, 'attention_head_size': 3, 'learning_rate': 0.004414978781781014}. Best is trial 12 with value: 65.66619873046875.
LOCAL_RANK: 0 - CUDA_VISIBLE_DEVICES: [0]
[I 2023-11-29 22:42:07,369] Trial 83 finished with value: 88.33370208740234 and parameters: {'gradient_clip_val': 0.1055725316176753, 'hidden_size': 87, 'dropout': 0.34170938160841924, 'hidden_continuous_size': 37, 'attention_head_size': 3, 'learning_rate': 0.006912722827921097}. Best is trial 12 with value: 65.66619873046875.
LOCAL_RANK: 0 - CUDA_VISIBLE_DEVICES: [0]
[I 2023-11-29 22:42:21,431] Trial 84 finished with value: 91.1673583984375 and parameters: {'gradient_clip_val': 0.1212698441119428, 'hidden_size': 97, 'dropout': 0.39870607363954147, 'hidden_continuous_size': 39, 'attention_head_size': 3, 'learning_rate': 0.008322356718822511}. Best is trial 12 with value: 65.66619873046875.
LOCAL_RANK: 0 - CUDA_VISIBLE_DEVICES: [0]
[I 2023-11-29 22:42:35,196] Trial 85 finished with value: 91.48514556884766 and parameters: {'gradient_clip_val': 0.1787652450171181, 'hidden_size': 106, 'dropout': 0.38022318355225443, 'hidden_continuous_size': 32, 'attention_head_size': 4, 'learning_rate': 0.0024215992183697797}. Best is trial 12 with value: 65.66619873046875.
LOCAL_RANK: 0 - CUDA_VISIBLE_DEVICES: [0]
[I 2023-11-29 22:42:48,614] Trial 86 finished with value: 90.9103775024414 and parameters: {'gradient_clip_val': 0.12926514941041514, 'hidden_size': 75, 'dropout': 0.3527651149235921, 'hidden_continuous_size': 47, 'attention_head_size': 3, 'learning_rate': 0.006016253698956958}. Best is trial 12 with value: 65.66619873046875.
LOCAL_RANK: 0 - CUDA_VISIBLE_DEVICES: [0]
[I 2023-11-29 22:43:01,972] Trial 87 finished with value: 78.83442687988281 and parameters: {'gradient_clip_val': 0.1101605473438795, 'hidden_size': 61, 'dropout': 0.3635388474853092, 'hidden_continuous_size': 41, 'attention_head_size': 3, 'learning_rate': 0.004845868569254011}. Best is trial 12 with value: 65.66619873046875.
LOCAL_RANK: 0 - CUDA_VISIBLE_DEVICES: [0]
[I 2023-11-29 22:43:15,436] Trial 88 finished with value: 81.5649185180664 and parameters: {'gradient_clip_val': 0.16313709266259227, 'hidden_size': 82, 'dropout': 0.38542274671911786, 'hidden_continuous_size': 36, 'attention_head_size': 3, 'learning_rate': 0.00943665640912901}. Best is trial 12 with value: 65.66619873046875.
LOCAL_RANK: 0 - CUDA_VISIBLE_DEVICES: [0]
[I 2023-11-29 22:43:29,130] Trial 89 finished with value: 99.91033935546875 and parameters: {'gradient_clip_val': 0.14443515604313004, 'hidden_size': 132, 'dropout': 0.31804389507656916, 'hidden_continuous_size': 31, 'attention_head_size': 2, 'learning_rate': 0.007772285655701025}. Best is trial 12 with value: 65.66619873046875.
LOCAL_RANK: 0 - CUDA_VISIBLE_DEVICES: [0]
[I 2023-11-29 22:43:42,413] Trial 90 finished with value: 76.54805755615234 and parameters: {'gradient_clip_val': 0.1344881576798895, 'hidden_size': 69, 'dropout': 0.3722307013201917, 'hidden_continuous_size': 43, 'attention_head_size': 3, 'learning_rate': 0.0030336971652416087}. Best is trial 12 with value: 65.66619873046875.
LOCAL_RANK: 0 - CUDA_VISIBLE_DEVICES: [0]
[I 2023-11-29 22:43:55,523] Trial 91 finished with value: 71.08026123046875 and parameters: {'gradient_clip_val': 0.1640724823960881, 'hidden_size': 79, 'dropout': 0.34800856049841117, 'hidden_continuous_size': 24, 'attention_head_size': 1, 'learning_rate': 0.004301720688058392}. Best is trial 12 with value: 65.66619873046875.
LOCAL_RANK: 0 - CUDA_VISIBLE_DEVICES: [0]
[I 2023-11-29 22:44:08,849] Trial 92 finished with value: 83.97798156738281 and parameters: {'gradient_clip_val': 0.15266968317436116, 'hidden_size': 89, 'dropout': 0.3410891900884392, 'hidden_continuous_size': 27, 'attention_head_size': 1, 'learning_rate': 0.004332306384257622}. Best is trial 12 with value: 65.66619873046875.
LOCAL_RANK: 0 - CUDA_VISIBLE_DEVICES: [0]
[I 2023-11-29 22:44:21,956] Trial 93 finished with value: 72.60630798339844 and parameters: {'gradient_clip_val': 0.16482043443184866, 'hidden_size': 79, 'dropout': 0.3569033307256741, 'hidden_continuous_size': 24, 'attention_head_size': 1, 'learning_rate': 0.0053377687820102705}. Best is trial 12 with value: 65.66619873046875.
LOCAL_RANK: 0 - CUDA_VISIBLE_DEVICES: [0]
[I 2023-11-29 22:44:35,101] Trial 94 finished with value: 85.2325210571289 and parameters: {'gradient_clip_val': 0.1930067765376943, 'hidden_size': 64, 'dropout': 0.34701356685788803, 'hidden_continuous_size': 50, 'attention_head_size': 1, 'learning_rate': 0.00354668043910858}. Best is trial 12 with value: 65.66619873046875.
LOCAL_RANK: 0 - CUDA_VISIBLE_DEVICES: [0]
[I 2023-11-29 22:44:48,533] Trial 95 finished with value: 89.24361419677734 and parameters: {'gradient_clip_val': 0.17808596810099708, 'hidden_size': 112, 'dropout': 0.3669912545159025, 'hidden_continuous_size': 26, 'attention_head_size': 1, 'learning_rate': 0.0040001477162160785}. Best is trial 12 with value: 65.66619873046875.
LOCAL_RANK: 0 - CUDA_VISIBLE_DEVICES: [0]
[I 2023-11-29 22:45:01,866] Trial 96 finished with value: 87.2535400390625 and parameters: {'gradient_clip_val': 0.11528424736409564, 'hidden_size': 95, 'dropout': 0.3311278266738726, 'hidden_continuous_size': 29, 'attention_head_size': 1, 'learning_rate': 0.006189308621902225}. Best is trial 12 with value: 65.66619873046875.
LOCAL_RANK: 0 - CUDA_VISIBLE_DEVICES: [0]
[I 2023-11-29 22:45:16,222] Trial 97 finished with value: 62.963897705078125 and parameters: {'gradient_clip_val': 0.1254823472545643, 'hidden_size': 150, 'dropout': 0.39147331745041175, 'hidden_continuous_size': 58, 'attention_head_size': 3, 'learning_rate': 0.004854199971128376}. Best is trial 97 with value: 62.963897705078125.
LOCAL_RANK: 0 - CUDA_VISIBLE_DEVICES: [0]
[I 2023-11-29 22:45:30,417] Trial 98 finished with value: 81.43848419189453 and parameters: {'gradient_clip_val': 0.1275196695837612, 'hidden_size': 144, 'dropout': 0.38841413923478507, 'hidden_continuous_size': 58, 'attention_head_size': 3, 'learning_rate': 0.004862829738102564}. Best is trial 97 with value: 62.963897705078125.
LOCAL_RANK: 0 - CUDA_VISIBLE_DEVICES: [0]
[I 2023-11-29 22:45:44,193] Trial 99 finished with value: 84.47394561767578 and parameters: {'gradient_clip_val': 0.12186432554958404, 'hidden_size': 136, 'dropout': 0.3927920954921622, 'hidden_continuous_size': 21, 'attention_head_size': 3, 'learning_rate': 0.0032729583613177325}. Best is trial 97 with value: 62.963897705078125.
LOCAL_RANK: 0 - CUDA_VISIBLE_DEVICES: [0]
