[I 2023-11-30 05:27:55,730] Trial 15 finished with value: 42.72371292114258 and parameters: {'gradient_clip_val': 0.15746356053291752, 'hidden_size': 150, 'dropout': 0.3410948574965427, 'hidden_continuous_size': 150, 'attention_head_size': 4, 'learning_rate': 0.010882679858773716}. Best is trial 13 with value: 37.615169525146484.
LOCAL_RANK: 0 - CUDA_VISIBLE_DEVICES: [0]
[I 2023-11-30 05:28:09,641] Trial 16 finished with value: 39.654903411865234 and parameters: {'gradient_clip_val': 0.16580847306292731, 'hidden_size': 98, 'dropout': 0.32532641379462307, 'hidden_continuous_size': 43, 'attention_head_size': 4, 'learning_rate': 0.003199423630747544}. Best is trial 13 with value: 37.615169525146484.
LOCAL_RANK: 0 - CUDA_VISIBLE_DEVICES: [0]
[I 2023-11-30 05:28:23,340] Trial 17 finished with value: 45.013916015625 and parameters: {'gradient_clip_val': 0.10340254455498346, 'hidden_size': 94, 'dropout': 0.37237836250768674, 'hidden_continuous_size': 47, 'attention_head_size': 2, 'learning_rate': 0.027791050941609715}. Best is trial 13 with value: 37.615169525146484.
LOCAL_RANK: 0 - CUDA_VISIBLE_DEVICES: [0]
[I 2023-11-30 05:28:36,143] Trial 18 finished with value: 38.55384826660156 and parameters: {'gradient_clip_val': 0.18762241217619496, 'hidden_size': 50, 'dropout': 0.3222739521086087, 'hidden_continuous_size': 27, 'attention_head_size': 3, 'learning_rate': 0.005480165971199735}. Best is trial 13 with value: 37.615169525146484.
LOCAL_RANK: 0 - CUDA_VISIBLE_DEVICES: [0]
[I 2023-11-30 05:28:49,507] Trial 19 finished with value: 36.162296295166016 and parameters: {'gradient_clip_val': 0.12831476264166572, 'hidden_size': 81, 'dropout': 0.3670567407424485, 'hidden_continuous_size': 32, 'attention_head_size': 4, 'learning_rate': 0.010802462653117982}. Best is trial 19 with value: 36.162296295166016.
LOCAL_RANK: 0 - CUDA_VISIBLE_DEVICES: [0]
[I 2023-11-30 05:29:02,736] Trial 20 finished with value: 64.41674041748047 and parameters: {'gradient_clip_val': 0.19421251632382164, 'hidden_size': 85, 'dropout': 0.3662039183379971, 'hidden_continuous_size': 32, 'attention_head_size': 3, 'learning_rate': 0.001012102747461663}. Best is trial 19 with value: 36.162296295166016.
LOCAL_RANK: 0 - CUDA_VISIBLE_DEVICES: [0]
[I 2023-11-30 05:29:17,290] Trial 21 finished with value: 36.40593719482422 and parameters: {'gradient_clip_val': 0.13681892471052903, 'hidden_size': 125, 'dropout': 0.3999206965782101, 'hidden_continuous_size': 107, 'attention_head_size': 4, 'learning_rate': 0.011415917606703541}. Best is trial 19 with value: 36.162296295166016.
LOCAL_RANK: 0 - CUDA_VISIBLE_DEVICES: [0]
[I 2023-11-30 05:29:31,010] Trial 22 finished with value: 38.983489990234375 and parameters: {'gradient_clip_val': 0.13491667553509495, 'hidden_size': 100, 'dropout': 0.37925452134279936, 'hidden_continuous_size': 56, 'attention_head_size': 4, 'learning_rate': 0.010520864218849704}. Best is trial 19 with value: 36.162296295166016.
LOCAL_RANK: 0 - CUDA_VISIBLE_DEVICES: [0]
[I 2023-11-30 05:29:45,240] Trial 23 finished with value: 40.735477447509766 and parameters: {'gradient_clip_val': 0.13255379910283882, 'hidden_size': 115, 'dropout': 0.3492693387301621, 'hidden_continuous_size': 103, 'attention_head_size': 4, 'learning_rate': 0.0045424227100244055}. Best is trial 19 with value: 36.162296295166016.
LOCAL_RANK: 0 - CUDA_VISIBLE_DEVICES: [0]
[I 2023-11-30 05:29:58,643] Trial 24 finished with value: 36.564334869384766 and parameters: {'gradient_clip_val': 0.19230932567644832, 'hidden_size': 75, 'dropout': 0.3991507278679369, 'hidden_continuous_size': 32, 'attention_head_size': 4, 'learning_rate': 0.00762865808830246}. Best is trial 19 with value: 36.162296295166016.
LOCAL_RANK: 0 - CUDA_VISIBLE_DEVICES: [0]
[I 2023-11-30 05:30:11,746] Trial 25 finished with value: 34.13294219970703 and parameters: {'gradient_clip_val': 0.19434132118571668, 'hidden_size': 73, 'dropout': 0.3733146217228533, 'hidden_continuous_size': 30, 'attention_head_size': 3, 'learning_rate': 0.007747168923954024}. Best is trial 25 with value: 34.13294219970703.
LOCAL_RANK: 0 - CUDA_VISIBLE_DEVICES: [0]
[I 2023-11-30 05:30:24,829] Trial 26 finished with value: 38.65468978881836 and parameters: {'gradient_clip_val': 0.13986692751036242, 'hidden_size': 55, 'dropout': 0.3338684768600607, 'hidden_continuous_size': 27, 'attention_head_size': 3, 'learning_rate': 0.00913268724615915}. Best is trial 25 with value: 34.13294219970703.
LOCAL_RANK: 0 - CUDA_VISIBLE_DEVICES: [0]
[I 2023-11-30 05:30:37,318] Trial 27 finished with value: 38.2292594909668 and parameters: {'gradient_clip_val': 0.20683301615371877, 'hidden_size': 48, 'dropout': 0.3724855191574492, 'hidden_continuous_size': 25, 'attention_head_size': 2, 'learning_rate': 0.020736111306730254}. Best is trial 25 with value: 34.13294219970703.
LOCAL_RANK: 0 - CUDA_VISIBLE_DEVICES: [0]
[I 2023-11-30 05:30:50,515] Trial 28 finished with value: 43.8171501159668 and parameters: {'gradient_clip_val': 0.12705448261287988, 'hidden_size': 68, 'dropout': 0.3533376931236134, 'hidden_continuous_size': 38, 'attention_head_size': 3, 'learning_rate': 0.011271098699745118}. Best is trial 25 with value: 34.13294219970703.
LOCAL_RANK: 0 - CUDA_VISIBLE_DEVICES: [0]
[I 2023-11-30 05:31:03,923] Trial 29 finished with value: 36.7361946105957 and parameters: {'gradient_clip_val': 0.10112279567192199, 'hidden_size': 89, 'dropout': 0.3078498953174165, 'hidden_continuous_size': 31, 'attention_head_size': 3, 'learning_rate': 0.007264313240611422}. Best is trial 25 with value: 34.13294219970703.
LOCAL_RANK: 0 - CUDA_VISIBLE_DEVICES: [0]
[I 2023-11-30 05:31:16,768] Trial 30 finished with value: 41.984500885009766 and parameters: {'gradient_clip_val': 0.12306345795547821, 'hidden_size': 64, 'dropout': 0.37297419771384, 'hidden_continuous_size': 20, 'attention_head_size': 2, 'learning_rate': 0.02068752670612932}. Best is trial 25 with value: 34.13294219970703.
LOCAL_RANK: 0 - CUDA_VISIBLE_DEVICES: [0]
[I 2023-11-30 05:31:30,084] Trial 31 finished with value: 39.39468765258789 and parameters: {'gradient_clip_val': 0.17151028471169566, 'hidden_size': 73, 'dropout': 0.3799005812300815, 'hidden_continuous_size': 31, 'attention_head_size': 4, 'learning_rate': 0.00824336358191315}. Best is trial 25 with value: 34.13294219970703.
LOCAL_RANK: 0 - CUDA_VISIBLE_DEVICES: [0]
[I 2023-11-30 05:31:43,552] Trial 32 finished with value: 36.51472854614258 and parameters: {'gradient_clip_val': 0.21220921315813845, 'hidden_size': 79, 'dropout': 0.38144886002516154, 'hidden_continuous_size': 37, 'attention_head_size': 4, 'learning_rate': 0.006625808688744387}. Best is trial 25 with value: 34.13294219970703.
LOCAL_RANK: 0 - CUDA_VISIBLE_DEVICES: [0]
[I 2023-11-30 05:31:57,194] Trial 33 finished with value: 34.6274299621582 and parameters: {'gradient_clip_val': 0.21528564323951377, 'hidden_size': 83, 'dropout': 0.351111235757073, 'hidden_continuous_size': 39, 'attention_head_size': 4, 'learning_rate': 0.006405446871159728}. Best is trial 25 with value: 34.13294219970703.
LOCAL_RANK: 0 - CUDA_VISIBLE_DEVICES: [0]
[I 2023-11-30 05:32:10,760] Trial 34 finished with value: 37.462608337402344 and parameters: {'gradient_clip_val': 0.23412384027774535, 'hidden_size': 106, 'dropout': 0.3526108985259406, 'hidden_continuous_size': 43, 'attention_head_size': 1, 'learning_rate': 0.005253274372565427}. Best is trial 25 with value: 34.13294219970703.
LOCAL_RANK: 0 - CUDA_VISIBLE_DEVICES: [0]
[I 2023-11-30 05:32:24,015] Trial 35 finished with value: 41.19144058227539 and parameters: {'gradient_clip_val': 0.17531253065401192, 'hidden_size': 87, 'dropout': 0.3589428261838591, 'hidden_continuous_size': 24, 'attention_head_size': 4, 'learning_rate': 0.008773522753168648}. Best is trial 25 with value: 34.13294219970703.
LOCAL_RANK: 0 - CUDA_VISIBLE_DEVICES: [0]
[I 2023-11-30 05:32:36,775] Trial 36 finished with value: 49.836971282958984 and parameters: {'gradient_clip_val': 0.14729522117010688, 'hidden_size': 45, 'dropout': 0.3385017860855311, 'hidden_continuous_size': 29, 'attention_head_size': 3, 'learning_rate': 0.003110173071027086}. Best is trial 25 with value: 34.13294219970703.
LOCAL_RANK: 0 - CUDA_VISIBLE_DEVICES: [0]
[I 2023-11-30 05:32:49,994] Trial 37 finished with value: 35.498043060302734 and parameters: {'gradient_clip_val': 0.30812243793163024, 'hidden_size': 58, 'dropout': 0.36386677608512547, 'hidden_continuous_size': 33, 'attention_head_size': 4, 'learning_rate': 0.006441117588865259}. Best is trial 25 with value: 34.13294219970703.
LOCAL_RANK: 0 - CUDA_VISIBLE_DEVICES: [0]
[I 2023-11-30 05:33:02,415] Trial 38 finished with value: 42.92414855957031 and parameters: {'gradient_clip_val': 0.321808963167765, 'hidden_size': 40, 'dropout': 0.28473373494808196, 'hidden_continuous_size': 28, 'attention_head_size': 3, 'learning_rate': 0.006050412688090638}. Best is trial 25 with value: 34.13294219970703.
LOCAL_RANK: 0 - CUDA_VISIBLE_DEVICES: [0]
[I 2023-11-30 05:33:15,562] Trial 39 finished with value: 48.13063430786133 and parameters: {'gradient_clip_val': 0.22571078109855175, 'hidden_size': 58, 'dropout': 0.35922777352639285, 'hidden_continuous_size': 35, 'attention_head_size': 3, 'learning_rate': 0.002528704493876056}. Best is trial 25 with value: 34.13294219970703.
LOCAL_RANK: 0 - CUDA_VISIBLE_DEVICES: [0]
[I 2023-11-30 05:33:28,861] Trial 40 finished with value: 40.437015533447266 and parameters: {'gradient_clip_val': 0.27960726933166935, 'hidden_size': 68, 'dropout': 0.31468032704083815, 'hidden_continuous_size': 36, 'attention_head_size': 4, 'learning_rate': 0.004156090459908911}. Best is trial 25 with value: 34.13294219970703.
LOCAL_RANK: 0 - CUDA_VISIBLE_DEVICES: [0]
[I 2023-11-30 05:33:42,552] Trial 41 finished with value: 40.819129943847656 and parameters: {'gradient_clip_val': 0.18044309536135675, 'hidden_size': 83, 'dropout': 0.3398363604974996, 'hidden_continuous_size': 40, 'attention_head_size': 4, 'learning_rate': 0.006979927716261387}. Best is trial 25 with value: 34.13294219970703.
LOCAL_RANK: 0 - CUDA_VISIBLE_DEVICES: [0]
[I 2023-11-30 05:33:55,731] Trial 42 finished with value: 37.914005279541016 and parameters: {'gradient_clip_val': 0.25992024467525304, 'hidden_size': 60, 'dropout': 0.38569654642263446, 'hidden_continuous_size': 33, 'attention_head_size': 4, 'learning_rate': 0.01003063606350992}. Best is trial 25 with value: 34.13294219970703.
LOCAL_RANK: 0 - CUDA_VISIBLE_DEVICES: [0]
[I 2023-11-30 05:34:08,866] Trial 43 finished with value: 36.5382194519043 and parameters: {'gradient_clip_val': 0.2825085224546928, 'hidden_size': 72, 'dropout': 0.3659888633894377, 'hidden_continuous_size': 23, 'attention_head_size': 4, 'learning_rate': 0.005577694607402381}. Best is trial 25 with value: 34.13294219970703.
LOCAL_RANK: 0 - CUDA_VISIBLE_DEVICES: [0]
[I 2023-11-30 05:34:22,613] Trial 44 finished with value: 37.9901237487793 and parameters: {'gradient_clip_val': 0.37034858136900595, 'hidden_size': 101, 'dropout': 0.3823232140405628, 'hidden_continuous_size': 48, 'attention_head_size': 4, 'learning_rate': 0.013080071112527859}. Best is trial 25 with value: 34.13294219970703.
LOCAL_RANK: 0 - CUDA_VISIBLE_DEVICES: [0]
[I 2023-11-30 05:34:35,915] Trial 45 finished with value: 45.43951416015625 and parameters: {'gradient_clip_val': 0.21668931075636844, 'hidden_size': 80, 'dropout': 0.3000110216929761, 'hidden_continuous_size': 35, 'attention_head_size': 4, 'learning_rate': 0.008695511956094804}. Best is trial 25 with value: 34.13294219970703.
LOCAL_RANK: 0 - CUDA_VISIBLE_DEVICES: [0]
[I 2023-11-30 05:34:49,846] Trial 46 finished with value: 41.65230941772461 and parameters: {'gradient_clip_val': 0.12040476567067762, 'hidden_size': 117, 'dropout': 0.32388142279249416, 'hidden_continuous_size': 53, 'attention_head_size': 3, 'learning_rate': 0.0065627498619960116}. Best is trial 25 with value: 34.13294219970703.
LOCAL_RANK: 0 - CUDA_VISIBLE_DEVICES: [0]
[I 2023-11-30 05:35:03,185] Trial 47 finished with value: 38.58534622192383 and parameters: {'gradient_clip_val': 0.1526128338365454, 'hidden_size': 91, 'dropout': 0.38865200432392544, 'hidden_continuous_size': 16, 'attention_head_size': 4, 'learning_rate': 0.0048875578920011915}. Best is trial 25 with value: 34.13294219970703.
LOCAL_RANK: 0 - CUDA_VISIBLE_DEVICES: [0]
[I 2023-11-30 05:35:17,051] Trial 48 finished with value: 34.29966735839844 and parameters: {'gradient_clip_val': 0.23560841393203183, 'hidden_size': 124, 'dropout': 0.27215448463447944, 'hidden_continuous_size': 60, 'attention_head_size': 4, 'learning_rate': 0.0038005012701427285}. Best is trial 25 with value: 34.13294219970703.
LOCAL_RANK: 0 - CUDA_VISIBLE_DEVICES: [0]
[I 2023-11-30 05:35:30,093] Trial 49 finished with value: 38.64699172973633 and parameters: {'gradient_clip_val': 0.24305910240589254, 'hidden_size': 63, 'dropout': 0.2699510847028717, 'hidden_continuous_size': 29, 'attention_head_size': 2, 'learning_rate': 0.003931750183570986}. Best is trial 25 with value: 34.13294219970703.
LOCAL_RANK: 0 - CUDA_VISIBLE_DEVICES: [0]
[I 2023-11-30 05:35:43,199] Trial 50 finished with value: 50.49705505371094 and parameters: {'gradient_clip_val': 0.28871525285272165, 'hidden_size': 53, 'dropout': 0.3347932870517467, 'hidden_continuous_size': 34, 'attention_head_size': 4, 'learning_rate': 0.0036072576759553308}. Best is trial 25 with value: 34.13294219970703.
LOCAL_RANK: 0 - CUDA_VISIBLE_DEVICES: [0]
[I 2023-11-30 05:35:57,556] Trial 51 finished with value: 42.0013313293457 and parameters: {'gradient_clip_val': 0.2038513586791565, 'hidden_size': 132, 'dropout': 0.3608423303153365, 'hidden_continuous_size': 66, 'attention_head_size': 4, 'learning_rate': 0.0059131320691030356}. Best is trial 25 with value: 34.13294219970703.
LOCAL_RANK: 0 - CUDA_VISIBLE_DEVICES: [0]
[I 2023-11-30 05:36:11,307] Trial 52 finished with value: 37.24748611450195 and parameters: {'gradient_clip_val': 0.15827558413885012, 'hidden_size': 112, 'dropout': 0.34771322079168776, 'hidden_continuous_size': 42, 'attention_head_size': 4, 'learning_rate': 0.008192635925215063}. Best is trial 25 with value: 34.13294219970703.
LOCAL_RANK: 0 - CUDA_VISIBLE_DEVICES: [0]
[I 2023-11-30 05:36:25,502] Trial 53 finished with value: 37.556400299072266 and parameters: {'gradient_clip_val': 0.16690078269452766, 'hidden_size': 133, 'dropout': 0.3646607237694043, 'hidden_continuous_size': 64, 'attention_head_size': 4, 'learning_rate': 0.004454261938765539}. Best is trial 25 with value: 34.13294219970703.
LOCAL_RANK: 0 - CUDA_VISIBLE_DEVICES: [0]
[I 2023-11-30 05:36:39,235] Trial 54 finished with value: 37.18051528930664 and parameters: {'gradient_clip_val': 0.23726913456695597, 'hidden_size': 97, 'dropout': 0.3928923431012425, 'hidden_continuous_size': 39, 'attention_head_size': 4, 'learning_rate': 0.012307326581698445}. Best is trial 25 with value: 34.13294219970703.
LOCAL_RANK: 0 - CUDA_VISIBLE_DEVICES: [0]
[I 2023-11-30 05:36:53,108] Trial 55 finished with value: 52.91872024536133 and parameters: {'gradient_clip_val': 0.11252447679436621, 'hidden_size': 105, 'dropout': 0.37312271959042526, 'hidden_continuous_size': 45, 'attention_head_size': 4, 'learning_rate': 0.010233197908576979}. Best is trial 25 with value: 34.13294219970703.
LOCAL_RANK: 0 - CUDA_VISIBLE_DEVICES: [0]
[I 2023-11-30 05:37:07,163] Trial 56 finished with value: 39.99435043334961 and parameters: {'gradient_clip_val': 0.1376082813637084, 'hidden_size': 119, 'dropout': 0.29458287666938315, 'hidden_continuous_size': 50, 'attention_head_size': 4, 'learning_rate': 0.005203072260618661}. Best is trial 25 with value: 34.13294219970703.
LOCAL_RANK: 0 - CUDA_VISIBLE_DEVICES: [0]
[I 2023-11-30 05:37:20,584] Trial 57 finished with value: 45.95174026489258 and parameters: {'gradient_clip_val': 0.19153322952756338, 'hidden_size': 77, 'dropout': 0.3450188197943394, 'hidden_continuous_size': 45, 'attention_head_size': 4, 'learning_rate': 0.014604818245188377}. Best is trial 25 with value: 34.13294219970703.
LOCAL_RANK: 0 - CUDA_VISIBLE_DEVICES: [0]
[I 2023-11-30 05:37:34,679] Trial 58 finished with value: 41.18941116333008 and parameters: {'gradient_clip_val': 0.25478995322724635, 'hidden_size': 135, 'dropout': 0.38764672800066424, 'hidden_continuous_size': 56, 'attention_head_size': 3, 'learning_rate': 0.007004431633295233}. Best is trial 25 with value: 34.13294219970703.
LOCAL_RANK: 0 - CUDA_VISIBLE_DEVICES: [0]
[I 2023-11-30 05:37:48,374] Trial 59 finished with value: 38.19508743286133 and parameters: {'gradient_clip_val': 0.14306976201877336, 'hidden_size': 94, 'dropout': 0.32692637355032295, 'hidden_continuous_size': 40, 'attention_head_size': 4, 'learning_rate': 0.011959508526608795}. Best is trial 25 with value: 34.13294219970703.
LOCAL_RANK: 0 - CUDA_VISIBLE_DEVICES: [0]
[I 2023-11-30 05:38:02,068] Trial 60 finished with value: 37.37594985961914 and parameters: {'gradient_clip_val': 0.1135080897963688, 'hidden_size': 122, 'dropout': 0.21526525128199184, 'hidden_continuous_size': 27, 'attention_head_size': 3, 'learning_rate': 0.009610643722912272}. Best is trial 25 with value: 34.13294219970703.
LOCAL_RANK: 0 - CUDA_VISIBLE_DEVICES: [0]
[I 2023-11-30 05:38:15,663] Trial 61 finished with value: 45.08917236328125 and parameters: {'gradient_clip_val': 0.22275005432804765, 'hidden_size': 80, 'dropout': 0.37834564764099776, 'hidden_continuous_size': 36, 'attention_head_size': 4, 'learning_rate': 0.007078855679596028}. Best is trial 25 with value: 34.13294219970703.
LOCAL_RANK: 0 - CUDA_VISIBLE_DEVICES: [0]
[I 2023-11-30 05:38:29,282] Trial 62 finished with value: 36.09373474121094 and parameters: {'gradient_clip_val': 0.2058583800559411, 'hidden_size': 85, 'dropout': 0.39783760373738775, 'hidden_continuous_size': 38, 'attention_head_size': 4, 'learning_rate': 0.005712142734107987}. Best is trial 25 with value: 34.13294219970703.
LOCAL_RANK: 0 - CUDA_VISIBLE_DEVICES: [0]
[I 2023-11-30 05:38:42,668] Trial 63 finished with value: 46.75053787231445 and parameters: {'gradient_clip_val': 0.20400058221468909, 'hidden_size': 86, 'dropout': 0.39782949934226136, 'hidden_continuous_size': 30, 'attention_head_size': 4, 'learning_rate': 0.004613371534744757}. Best is trial 25 with value: 34.13294219970703.
LOCAL_RANK: 0 - CUDA_VISIBLE_DEVICES: [0]
[I 2023-11-30 05:38:56,566] Trial 64 finished with value: 34.60805130004883 and parameters: {'gradient_clip_val': 0.18200584657995916, 'hidden_size': 106, 'dropout': 0.3995119520154099, 'hidden_continuous_size': 41, 'attention_head_size': 4, 'learning_rate': 0.006151667922959184}. Best is trial 25 with value: 34.13294219970703.
LOCAL_RANK: 0 - CUDA_VISIBLE_DEVICES: [0]
[I 2023-11-30 05:39:10,028] Trial 65 finished with value: 39.72483444213867 and parameters: {'gradient_clip_val': 0.18228448487219626, 'hidden_size': 69, 'dropout': 0.3714798328423104, 'hidden_continuous_size': 32, 'attention_head_size': 4, 'learning_rate': 0.0055590115701459}. Best is trial 25 with value: 34.13294219970703.
LOCAL_RANK: 0 - CUDA_VISIBLE_DEVICES: [0]
[I 2023-11-30 05:39:23,763] Trial 66 finished with value: 40.94255447387695 and parameters: {'gradient_clip_val': 0.16568352506854908, 'hidden_size': 108, 'dropout': 0.35477940503219907, 'hidden_continuous_size': 38, 'attention_head_size': 4, 'learning_rate': 0.006163173395221858}. Best is trial 25 with value: 34.13294219970703.
LOCAL_RANK: 0 - CUDA_VISIBLE_DEVICES: [0]
[I 2023-11-30 05:39:37,368] Trial 67 finished with value: 37.1378173828125 and parameters: {'gradient_clip_val': 0.19538825450832445, 'hidden_size': 94, 'dropout': 0.36896002752888496, 'hidden_continuous_size': 34, 'attention_head_size': 4, 'learning_rate': 0.003863322050639655}. Best is trial 25 with value: 34.13294219970703.
LOCAL_RANK: 0 - CUDA_VISIBLE_DEVICES: [0]
[I 2023-11-30 05:39:50,790] Trial 68 finished with value: 40.30913162231445 and parameters: {'gradient_clip_val': 0.22871079507726552, 'hidden_size': 89, 'dropout': 0.3850204791769728, 'hidden_continuous_size': 38, 'attention_head_size': 2, 'learning_rate': 0.008058754642222003}. Best is trial 25 with value: 34.13294219970703.
LOCAL_RANK: 0 - CUDA_VISIBLE_DEVICES: [0]
[I 2023-11-30 05:40:03,784] Trial 69 finished with value: 41.203834533691406 and parameters: {'gradient_clip_val': 0.17967389296847508, 'hidden_size': 72, 'dropout': 0.3933853353288833, 'hidden_continuous_size': 41, 'attention_head_size': 1, 'learning_rate': 0.004795763410419051}. Best is trial 25 with value: 34.13294219970703.
LOCAL_RANK: 0 - CUDA_VISIBLE_DEVICES: [0]
[I 2023-11-30 05:40:17,451] Trial 70 finished with value: 33.25297927856445 and parameters: {'gradient_clip_val': 0.24708787859435996, 'hidden_size': 105, 'dropout': 0.3502964780738247, 'hidden_continuous_size': 26, 'attention_head_size': 3, 'learning_rate': 0.00311398054453787}. Best is trial 70 with value: 33.25297927856445.
LOCAL_RANK: 0 - CUDA_VISIBLE_DEVICES: [0]
[I 2023-11-30 05:40:30,952] Trial 71 finished with value: 44.28256607055664 and parameters: {'gradient_clip_val': 0.24768332226186845, 'hidden_size': 102, 'dropout': 0.34761359925318364, 'hidden_continuous_size': 25, 'attention_head_size': 3, 'learning_rate': 0.0030260564195495583}. Best is trial 70 with value: 33.25297927856445.
LOCAL_RANK: 0 - CUDA_VISIBLE_DEVICES: [0]
[I 2023-11-30 05:40:44,273] Trial 72 finished with value: 47.71099853515625 and parameters: {'gradient_clip_val': 0.20862310651779467, 'hidden_size': 82, 'dropout': 0.36044770835325357, 'hidden_continuous_size': 30, 'attention_head_size': 3, 'learning_rate': 0.0034954327221027315}. Best is trial 70 with value: 33.25297927856445.
LOCAL_RANK: 0 - CUDA_VISIBLE_DEVICES: [0]
[I 2023-11-30 05:40:57,929] Trial 73 finished with value: 41.7679443359375 and parameters: {'gradient_clip_val': 0.25785231074720405, 'hidden_size': 108, 'dropout': 0.37667198256439766, 'hidden_continuous_size': 33, 'attention_head_size': 4, 'learning_rate': 0.0026471387603559716}. Best is trial 70 with value: 33.25297927856445.
LOCAL_RANK: 0 - CUDA_VISIBLE_DEVICES: [0]
