[I 2023-11-30 13:45:07,672] Trial 53 finished with value: 208.1585235595703 and parameters: {'gradient_clip_val': 0.661272336644045, 'hidden_size': 38, 'dropout': 0.1596944215887312, 'hidden_continuous_size': 30, 'attention_head_size': 1, 'learning_rate': 0.017154347632631402}. Best is trial 10 with value: 170.0130615234375.
LOCAL_RANK: 0 - CUDA_VISIBLE_DEVICES: [0]
[I 2023-11-30 13:45:21,645] Trial 54 finished with value: 199.4771270751953 and parameters: {'gradient_clip_val': 0.9247707834836051, 'hidden_size': 44, 'dropout': 0.14490145128718235, 'hidden_continuous_size': 32, 'attention_head_size': 1, 'learning_rate': 0.021767842114015064}. Best is trial 10 with value: 170.0130615234375.
LOCAL_RANK: 0 - CUDA_VISIBLE_DEVICES: [0]
[I 2023-11-30 13:45:35,625] Trial 55 finished with value: 222.44140625 and parameters: {'gradient_clip_val': 0.7419197188340598, 'hidden_size': 32, 'dropout': 0.1309935359496316, 'hidden_continuous_size': 22, 'attention_head_size': 1, 'learning_rate': 0.034548461163287456}. Best is trial 10 with value: 170.0130615234375.
LOCAL_RANK: 0 - CUDA_VISIBLE_DEVICES: [0]
[I 2023-11-30 13:45:48,853] Trial 56 finished with value: 185.34765625 and parameters: {'gradient_clip_val': 0.810119611159663, 'hidden_size': 24, 'dropout': 0.17292155462495348, 'hidden_continuous_size': 22, 'attention_head_size': 1, 'learning_rate': 0.025938377781203392}. Best is trial 10 with value: 170.0130615234375.
LOCAL_RANK: 0 - CUDA_VISIBLE_DEVICES: [0]
[I 2023-11-30 13:46:03,775] Trial 57 finished with value: 205.2760772705078 and parameters: {'gradient_clip_val': 0.5707346713410272, 'hidden_size': 54, 'dropout': 0.10947484360790433, 'hidden_continuous_size': 32, 'attention_head_size': 1, 'learning_rate': 0.018627506155102985}. Best is trial 10 with value: 170.0130615234375.
LOCAL_RANK: 0 - CUDA_VISIBLE_DEVICES: [0]
[I 2023-11-30 13:46:17,624] Trial 58 finished with value: 224.80552673339844 and parameters: {'gradient_clip_val': 0.6991797674679717, 'hidden_size': 35, 'dropout': 0.19919314568741928, 'hidden_continuous_size': 24, 'attention_head_size': 1, 'learning_rate': 0.005829186755239895}. Best is trial 10 with value: 170.0130615234375.
LOCAL_RANK: 0 - CUDA_VISIBLE_DEVICES: [0]
[I 2023-11-30 13:46:31,736] Trial 59 finished with value: 201.3067169189453 and parameters: {'gradient_clip_val': 0.9225254972757274, 'hidden_size': 27, 'dropout': 0.128099333341827, 'hidden_continuous_size': 23, 'attention_head_size': 1, 'learning_rate': 0.012062035100446603}. Best is trial 10 with value: 170.0130615234375.
LOCAL_RANK: 0 - CUDA_VISIBLE_DEVICES: [0]
[I 2023-11-30 13:46:45,313] Trial 60 finished with value: 245.48529052734375 and parameters: {'gradient_clip_val': 0.655336358250655, 'hidden_size': 30, 'dropout': 0.18549946952245677, 'hidden_continuous_size': 25, 'attention_head_size': 1, 'learning_rate': 0.008643857233337758}. Best is trial 10 with value: 170.0130615234375.
LOCAL_RANK: 0 - CUDA_VISIBLE_DEVICES: [0]
[I 2023-11-30 13:46:59,699] Trial 61 finished with value: 195.6848907470703 and parameters: {'gradient_clip_val': 0.7326802148017724, 'hidden_size': 32, 'dropout': 0.18609702261611963, 'hidden_continuous_size': 25, 'attention_head_size': 1, 'learning_rate': 0.01342588271206537}. Best is trial 10 with value: 170.0130615234375.
LOCAL_RANK: 0 - CUDA_VISIBLE_DEVICES: [0]
[I 2023-11-30 13:47:14,478] Trial 62 finished with value: 193.8180694580078 and parameters: {'gradient_clip_val': 0.6936579020501794, 'hidden_size': 40, 'dropout': 0.15960755496809714, 'hidden_continuous_size': 28, 'attention_head_size': 1, 'learning_rate': 0.017620710333456475}. Best is trial 10 with value: 170.0130615234375.
LOCAL_RANK: 0 - CUDA_VISIBLE_DEVICES: [0]
[I 2023-11-30 13:47:27,686] Trial 63 finished with value: 187.74407958984375 and parameters: {'gradient_clip_val': 0.8325716276787313, 'hidden_size': 23, 'dropout': 0.14871712010299373, 'hidden_continuous_size': 22, 'attention_head_size': 1, 'learning_rate': 0.014666346776854492}. Best is trial 10 with value: 170.0130615234375.
LOCAL_RANK: 0 - CUDA_VISIBLE_DEVICES: [0]
[I 2023-11-30 13:47:42,044] Trial 64 finished with value: 177.5034637451172 and parameters: {'gradient_clip_val': 0.6004887054612035, 'hidden_size': 45, 'dropout': 0.17051165002924798, 'hidden_continuous_size': 28, 'attention_head_size': 1, 'learning_rate': 0.009755819204762876}. Best is trial 10 with value: 170.0130615234375.
LOCAL_RANK: 0 - CUDA_VISIBLE_DEVICES: [0]
[I 2023-11-30 13:47:57,080] Trial 65 finished with value: 194.02366638183594 and parameters: {'gradient_clip_val': 0.6010699192540088, 'hidden_size': 46, 'dropout': 0.17227226116151445, 'hidden_continuous_size': 29, 'attention_head_size': 3, 'learning_rate': 0.009810661596084014}. Best is trial 10 with value: 170.0130615234375.
LOCAL_RANK: 0 - CUDA_VISIBLE_DEVICES: [0]
[I 2023-11-30 13:48:11,137] Trial 66 finished with value: 213.4219970703125 and parameters: {'gradient_clip_val': 0.7721669012542826, 'hidden_size': 42, 'dropout': 0.16533205494033, 'hidden_continuous_size': 27, 'attention_head_size': 2, 'learning_rate': 0.027549038236417866}. Best is trial 10 with value: 170.0130615234375.
LOCAL_RANK: 0 - CUDA_VISIBLE_DEVICES: [0]
[I 2023-11-30 13:48:25,285] Trial 67 finished with value: 205.3049774169922 and parameters: {'gradient_clip_val': 0.5481698649308973, 'hidden_size': 37, 'dropout': 0.14000817072470498, 'hidden_continuous_size': 26, 'attention_head_size': 1, 'learning_rate': 0.0206850775707104}. Best is trial 10 with value: 170.0130615234375.
LOCAL_RANK: 0 - CUDA_VISIBLE_DEVICES: [0]
[I 2023-11-30 13:48:39,234] Trial 68 finished with value: 221.627685546875 and parameters: {'gradient_clip_val': 0.6167251960584276, 'hidden_size': 29, 'dropout': 0.1800675258174406, 'hidden_continuous_size': 24, 'attention_head_size': 1, 'learning_rate': 0.01095941340080669}. Best is trial 10 with value: 170.0130615234375.
LOCAL_RANK: 0 - CUDA_VISIBLE_DEVICES: [0]
[I 2023-11-30 13:48:53,432] Trial 69 finished with value: 196.9002227783203 and parameters: {'gradient_clip_val': 0.49873766603137054, 'hidden_size': 45, 'dropout': 0.15214727310729179, 'hidden_continuous_size': 31, 'attention_head_size': 1, 'learning_rate': 0.01613552387487693}. Best is trial 10 with value: 170.0130615234375.
LOCAL_RANK: 0 - CUDA_VISIBLE_DEVICES: [0]
[I 2023-11-30 13:49:07,469] Trial 70 finished with value: 199.27911376953125 and parameters: {'gradient_clip_val': 0.5253001241058661, 'hidden_size': 35, 'dropout': 0.20171766358543464, 'hidden_continuous_size': 27, 'attention_head_size': 2, 'learning_rate': 0.007498645484905602}. Best is trial 10 with value: 170.0130615234375.
LOCAL_RANK: 0 - CUDA_VISIBLE_DEVICES: [0]
[I 2023-11-30 13:49:21,667] Trial 71 finished with value: 214.43603515625 and parameters: {'gradient_clip_val': 0.6771390016135005, 'hidden_size': 32, 'dropout': 0.1884456624288674, 'hidden_continuous_size': 26, 'attention_head_size': 1, 'learning_rate': 0.014274239571883375}. Best is trial 10 with value: 170.0130615234375.
LOCAL_RANK: 0 - CUDA_VISIBLE_DEVICES: [0]
[I 2023-11-30 13:49:35,783] Trial 72 finished with value: 209.95997619628906 and parameters: {'gradient_clip_val': 0.7274846216070614, 'hidden_size': 27, 'dropout': 0.21809448787407434, 'hidden_continuous_size': 25, 'attention_head_size': 1, 'learning_rate': 0.009359747997879012}. Best is trial 10 with value: 170.0130615234375.
LOCAL_RANK: 0 - CUDA_VISIBLE_DEVICES: [0]
[I 2023-11-30 13:49:48,998] Trial 73 finished with value: 220.1028289794922 and parameters: {'gradient_clip_val': 0.8789732524515625, 'hidden_size': 25, 'dropout': 0.15652607949699773, 'hidden_continuous_size': 23, 'attention_head_size': 1, 'learning_rate': 0.019829023825231478}. Best is trial 10 with value: 170.0130615234375.
LOCAL_RANK: 0 - CUDA_VISIBLE_DEVICES: [0]
[I 2023-11-30 13:50:03,064] Trial 74 finished with value: 169.09031677246094 and parameters: {'gradient_clip_val': 0.5995623033771303, 'hidden_size': 40, 'dropout': 0.16650432683017424, 'hidden_continuous_size': 21, 'attention_head_size': 1, 'learning_rate': 0.011977922277158227}. Best is trial 74 with value: 169.09031677246094.
LOCAL_RANK: 0 - CUDA_VISIBLE_DEVICES: [0]
[I 2023-11-30 13:50:16,946] Trial 75 finished with value: 224.1578826904297 and parameters: {'gradient_clip_val': 0.5659679927690171, 'hidden_size': 37, 'dropout': 0.13878755011140512, 'hidden_continuous_size': 19, 'attention_head_size': 1, 'learning_rate': 0.024701057832385256}. Best is trial 74 with value: 169.09031677246094.
LOCAL_RANK: 0 - CUDA_VISIBLE_DEVICES: [0]
[I 2023-11-30 13:50:31,874] Trial 76 finished with value: 194.42930603027344 and parameters: {'gradient_clip_val': 0.6194202185474683, 'hidden_size': 53, 'dropout': 0.17313975274142074, 'hidden_continuous_size': 21, 'attention_head_size': 1, 'learning_rate': 0.012443866936161119}. Best is trial 74 with value: 169.09031677246094.
LOCAL_RANK: 0 - CUDA_VISIBLE_DEVICES: [0]
[I 2023-11-30 13:50:44,872] Trial 77 finished with value: 173.6552734375 and parameters: {'gradient_clip_val': 0.5160215218006264, 'hidden_size': 40, 'dropout': 0.16281773691366389, 'hidden_continuous_size': 24, 'attention_head_size': 1, 'learning_rate': 0.011618075674380295}. Best is trial 74 with value: 169.09031677246094.
LOCAL_RANK: 0 - CUDA_VISIBLE_DEVICES: [0]
[I 2023-11-30 13:50:58,351] Trial 78 finished with value: 183.00628662109375 and parameters: {'gradient_clip_val': 0.45205688583274795, 'hidden_size': 40, 'dropout': 0.1261789085420117, 'hidden_continuous_size': 19, 'attention_head_size': 1, 'learning_rate': 0.00850141829785111}. Best is trial 74 with value: 169.09031677246094.
LOCAL_RANK: 0 - CUDA_VISIBLE_DEVICES: [0]
[I 2023-11-30 13:51:11,723] Trial 79 finished with value: 296.3533935546875 and parameters: {'gradient_clip_val': 0.5940565825044132, 'hidden_size': 48, 'dropout': 0.1481120416265943, 'hidden_continuous_size': 20, 'attention_head_size': 1, 'learning_rate': 0.010578008623130897}. Best is trial 74 with value: 169.09031677246094.
LOCAL_RANK: 0 - CUDA_VISIBLE_DEVICES: [0]
[I 2023-11-30 13:51:25,457] Trial 80 finished with value: 275.8768005371094 and parameters: {'gradient_clip_val': 0.4094464807774721, 'hidden_size': 43, 'dropout': 0.16298893712526244, 'hidden_continuous_size': 29, 'attention_head_size': 1, 'learning_rate': 0.006634876282965436}. Best is trial 74 with value: 169.09031677246094.
LOCAL_RANK: 0 - CUDA_VISIBLE_DEVICES: [0]
[I 2023-11-30 13:51:38,833] Trial 81 finished with value: 201.4291229248047 and parameters: {'gradient_clip_val': 0.5059406625168715, 'hidden_size': 30, 'dropout': 0.13463511212271403, 'hidden_continuous_size': 24, 'attention_head_size': 1, 'learning_rate': 0.011766727463422092}. Best is trial 74 with value: 169.09031677246094.
LOCAL_RANK: 0 - CUDA_VISIBLE_DEVICES: [0]
[I 2023-11-30 13:51:51,895] Trial 82 finished with value: 214.4027862548828 and parameters: {'gradient_clip_val': 0.5539471966073062, 'hidden_size': 34, 'dropout': 0.16875592484556629, 'hidden_continuous_size': 23, 'attention_head_size': 1, 'learning_rate': 0.015195284851849043}. Best is trial 74 with value: 169.09031677246094.
LOCAL_RANK: 0 - CUDA_VISIBLE_DEVICES: [0]
[I 2023-11-30 13:52:06,115] Trial 83 finished with value: 189.0543212890625 and parameters: {'gradient_clip_val': 0.652496262060049, 'hidden_size': 40, 'dropout': 0.17927875158234569, 'hidden_continuous_size': 21, 'attention_head_size': 1, 'learning_rate': 0.018358280946457622}. Best is trial 74 with value: 169.09031677246094.
LOCAL_RANK: 0 - CUDA_VISIBLE_DEVICES: [0]
[I 2023-11-30 13:52:20,287] Trial 84 finished with value: 212.4263916015625 and parameters: {'gradient_clip_val': 0.7914087032543276, 'hidden_size': 37, 'dropout': 0.15538387393883443, 'hidden_continuous_size': 22, 'attention_head_size': 1, 'learning_rate': 0.022595792337757194}. Best is trial 74 with value: 169.09031677246094.
LOCAL_RANK: 0 - CUDA_VISIBLE_DEVICES: [0]
[I 2023-11-30 13:52:34,077] Trial 85 finished with value: 200.3440399169922 and parameters: {'gradient_clip_val': 0.9746973992220106, 'hidden_size': 28, 'dropout': 0.19530743124850913, 'hidden_continuous_size': 24, 'attention_head_size': 1, 'learning_rate': 0.009124196204998589}. Best is trial 74 with value: 169.09031677246094.
LOCAL_RANK: 0 - CUDA_VISIBLE_DEVICES: [0]
[I 2023-11-30 13:52:47,387] Trial 86 finished with value: 232.1770782470703 and parameters: {'gradient_clip_val': 0.5893903757778124, 'hidden_size': 34, 'dropout': 0.14618956875914016, 'hidden_continuous_size': 25, 'attention_head_size': 1, 'learning_rate': 0.013659528217465826}. Best is trial 74 with value: 169.09031677246094.
LOCAL_RANK: 0 - CUDA_VISIBLE_DEVICES: [0]
[I 2023-11-30 13:53:01,842] Trial 87 finished with value: 186.55763244628906 and parameters: {'gradient_clip_val': 0.5319524196729186, 'hidden_size': 42, 'dropout': 0.16492234396340819, 'hidden_continuous_size': 28, 'attention_head_size': 1, 'learning_rate': 0.016480145194338505}. Best is trial 74 with value: 169.09031677246094.
LOCAL_RANK: 0 - CUDA_VISIBLE_DEVICES: [0]
[I 2023-11-30 13:53:16,045] Trial 88 finished with value: 170.75074768066406 and parameters: {'gradient_clip_val': 0.649859212488599, 'hidden_size': 30, 'dropout': 0.1817801793078554, 'hidden_continuous_size': 26, 'attention_head_size': 1, 'learning_rate': 0.009747748659316423}. Best is trial 74 with value: 169.09031677246094.
LOCAL_RANK: 0 - CUDA_VISIBLE_DEVICES: [0]
[I 2023-11-30 13:53:30,088] Trial 89 finished with value: 207.6708526611328 and parameters: {'gradient_clip_val': 0.758365253000034, 'hidden_size': 30, 'dropout': 0.15444413826124173, 'hidden_continuous_size': 26, 'attention_head_size': 1, 'learning_rate': 0.007813353818984035}. Best is trial 74 with value: 169.09031677246094.
LOCAL_RANK: 0 - CUDA_VISIBLE_DEVICES: [0]
[I 2023-11-30 13:53:43,968] Trial 90 finished with value: 194.6818084716797 and parameters: {'gradient_clip_val': 0.8486208734157442, 'hidden_size': 46, 'dropout': 0.17905033293692751, 'hidden_continuous_size': 28, 'attention_head_size': 1, 'learning_rate': 0.00992315479737284}. Best is trial 74 with value: 169.09031677246094.
LOCAL_RANK: 0 - CUDA_VISIBLE_DEVICES: [0]
[I 2023-11-30 13:53:58,273] Trial 91 finished with value: 166.9946746826172 and parameters: {'gradient_clip_val': 0.6541018607467507, 'hidden_size': 38, 'dropout': 0.16824344626578436, 'hidden_continuous_size': 23, 'attention_head_size': 4, 'learning_rate': 0.010655875491279937}. Best is trial 91 with value: 166.9946746826172.
LOCAL_RANK: 0 - CUDA_VISIBLE_DEVICES: [0]
[I 2023-11-30 13:54:13,246] Trial 92 finished with value: 183.470703125 and parameters: {'gradient_clip_val': 0.6804469671488179, 'hidden_size': 38, 'dropout': 0.16918980375176948, 'hidden_continuous_size': 23, 'attention_head_size': 4, 'learning_rate': 0.011632019507996003}. Best is trial 91 with value: 166.9946746826172.
LOCAL_RANK: 0 - CUDA_VISIBLE_DEVICES: [0]
[I 2023-11-30 13:54:28,177] Trial 93 finished with value: 200.4241180419922 and parameters: {'gradient_clip_val': 0.6274981717202172, 'hidden_size': 36, 'dropout': 0.14217619090838998, 'hidden_continuous_size': 27, 'attention_head_size': 3, 'learning_rate': 0.008538175240150735}. Best is trial 91 with value: 166.9946746826172.
LOCAL_RANK: 0 - CUDA_VISIBLE_DEVICES: [0]
[I 2023-11-30 13:54:41,626] Trial 94 finished with value: 218.5530548095703 and parameters: {'gradient_clip_val': 0.7129841628648512, 'hidden_size': 33, 'dropout': 0.1605354587917708, 'hidden_continuous_size': 25, 'attention_head_size': 3, 'learning_rate': 0.010832061285031063}. Best is trial 91 with value: 166.9946746826172.
LOCAL_RANK: 0 - CUDA_VISIBLE_DEVICES: [0]
[I 2023-11-30 13:54:56,293] Trial 95 finished with value: 362.17041015625 and parameters: {'gradient_clip_val': 0.5704038317040057, 'hidden_size': 34, 'dropout': 0.15115023106971576, 'hidden_continuous_size': 22, 'attention_head_size': 4, 'learning_rate': 0.007025444269232881}. Best is trial 91 with value: 166.9946746826172.
LOCAL_RANK: 0 - CUDA_VISIBLE_DEVICES: [0]
[I 2023-11-30 13:55:09,926] Trial 96 finished with value: 178.96620178222656 and parameters: {'gradient_clip_val': 0.9426132574500242, 'hidden_size': 39, 'dropout': 0.133543316242263, 'hidden_continuous_size': 21, 'attention_head_size': 2, 'learning_rate': 0.009644008190064859}. Best is trial 91 with value: 166.9946746826172.
LOCAL_RANK: 0 - CUDA_VISIBLE_DEVICES: [0]
[I 2023-11-30 13:55:24,435] Trial 97 finished with value: 229.2175750732422 and parameters: {'gradient_clip_val': 0.6565361339682362, 'hidden_size': 31, 'dropout': 0.17390107707085353, 'hidden_continuous_size': 26, 'attention_head_size': 4, 'learning_rate': 0.013057013801142393}. Best is trial 91 with value: 166.9946746826172.
LOCAL_RANK: 0 - CUDA_VISIBLE_DEVICES: [0]
[I 2023-11-30 13:55:37,195] Trial 98 finished with value: 177.9054718017578 and parameters: {'gradient_clip_val': 0.6104175708426358, 'hidden_size': 41, 'dropout': 0.12181659470951528, 'hidden_continuous_size': 23, 'attention_head_size': 1, 'learning_rate': 0.011684028079269031}. Best is trial 91 with value: 166.9946746826172.
LOCAL_RANK: 0 - CUDA_VISIBLE_DEVICES: [0]
[I 2023-11-30 13:55:49,485] Trial 99 finished with value: 191.46728515625 and parameters: {'gradient_clip_val': 0.8031377886436047, 'hidden_size': 36, 'dropout': 0.18377112052317499, 'hidden_continuous_size': 24, 'attention_head_size': 1, 'learning_rate': 0.008250153660822584}. Best is trial 91 with value: 166.9946746826172.
LOCAL_RANK: 0 - CUDA_VISIBLE_DEVICES: [0]
[I 2023-11-30 13:56:02,032] Trial 100 finished with value: 325.2135314941406 and parameters: {'gradient_clip_val': 0.7171280222928205, 'hidden_size': 27, 'dropout': 0.16152852103985924, 'hidden_continuous_size': 25, 'attention_head_size': 1, 'learning_rate': 0.007795709148979557}. Best is trial 91 with value: 166.9946746826172.
LOCAL_RANK: 0 - CUDA_VISIBLE_DEVICES: [0]
[I 2023-11-30 13:56:14,607] Trial 101 finished with value: 183.0326690673828 and parameters: {'gradient_clip_val': 0.6197738509203283, 'hidden_size': 41, 'dropout': 0.11953101802756481, 'hidden_continuous_size': 23, 'attention_head_size': 1, 'learning_rate': 0.011533070814213143}. Best is trial 91 with value: 166.9946746826172.
LOCAL_RANK: 0 - CUDA_VISIBLE_DEVICES: [0]
[I 2023-11-30 13:56:27,459] Trial 102 finished with value: 178.36521911621094 and parameters: {'gradient_clip_val': 0.5915966934904591, 'hidden_size': 44, 'dropout': 0.11118506449080841, 'hidden_continuous_size': 27, 'attention_head_size': 1, 'learning_rate': 0.01014810354535104}. Best is trial 91 with value: 166.9946746826172.
LOCAL_RANK: 0 - CUDA_VISIBLE_DEVICES: [0]
[I 2023-11-30 13:56:40,115] Trial 103 finished with value: 209.9766082763672 and parameters: {'gradient_clip_val': 0.5490283504331739, 'hidden_size': 38, 'dropout': 0.1300423071968209, 'hidden_continuous_size': 23, 'attention_head_size': 1, 'learning_rate': 0.01249994712970674}. Best is trial 91 with value: 166.9946746826172.
LOCAL_RANK: 0 - CUDA_VISIBLE_DEVICES: [0]
[I 2023-11-30 13:56:52,809] Trial 104 finished with value: 196.7892303466797 and parameters: {'gradient_clip_val': 0.5114319673707515, 'hidden_size': 42, 'dropout': 0.12344306351837062, 'hidden_continuous_size': 22, 'attention_head_size': 1, 'learning_rate': 0.009239896944081368}. Best is trial 91 with value: 166.9946746826172.
LOCAL_RANK: 0 - CUDA_VISIBLE_DEVICES: [0]
[I 2023-11-30 13:57:05,470] Trial 105 finished with value: 195.7021026611328 and parameters: {'gradient_clip_val': 0.6884791811875277, 'hidden_size': 48, 'dropout': 0.1455294808198687, 'hidden_continuous_size': 21, 'attention_head_size': 1, 'learning_rate': 0.011168366580294685}. Best is trial 91 with value: 166.9946746826172.
LOCAL_RANK: 0 - CUDA_VISIBLE_DEVICES: [0]
[I 2023-11-30 13:57:18,253] Trial 106 finished with value: 172.48915100097656 and parameters: {'gradient_clip_val': 0.7566457073663917, 'hidden_size': 45, 'dropout': 0.16695866633901896, 'hidden_continuous_size': 24, 'attention_head_size': 1, 'learning_rate': 0.014930883717204762}. Best is trial 91 with value: 166.9946746826172.
LOCAL_RANK: 0 - CUDA_VISIBLE_DEVICES: [0]
[I 2023-11-30 13:57:31,132] Trial 107 finished with value: 234.2344207763672 and parameters: {'gradient_clip_val': 0.7640435681532368, 'hidden_size': 52, 'dropout': 0.16702444323316423, 'hidden_continuous_size': 29, 'attention_head_size': 1, 'learning_rate': 0.014987719506960949}. Best is trial 91 with value: 166.9946746826172.
LOCAL_RANK: 0 - CUDA_VISIBLE_DEVICES: [0]
[I 2023-11-30 13:57:44,088] Trial 108 finished with value: 189.07579040527344 and parameters: {'gradient_clip_val': 0.6504045619712531, 'hidden_size': 33, 'dropout': 0.15805132042894002, 'hidden_continuous_size': 26, 'attention_head_size': 3, 'learning_rate': 0.02123906948246719}. Best is trial 91 with value: 166.9946746826172.
LOCAL_RANK: 0 - CUDA_VISIBLE_DEVICES: [0]
[I 2023-11-30 13:57:56,737] Trial 109 finished with value: 184.7033233642578 and parameters: {'gradient_clip_val': 0.8732393622697275, 'hidden_size': 45, 'dropout': 0.17717174928608978, 'hidden_continuous_size': 24, 'attention_head_size': 1, 'learning_rate': 0.017434549174781145}. Best is trial 91 with value: 166.9946746826172.
LOCAL_RANK: 0 - CUDA_VISIBLE_DEVICES: [0]
[I 2023-11-30 13:58:09,384] Trial 110 finished with value: 187.78790283203125 and parameters: {'gradient_clip_val': 0.8188755155313789, 'hidden_size': 39, 'dropout': 0.19532277838665268, 'hidden_continuous_size': 25, 'attention_head_size': 1, 'learning_rate': 0.01355621493080914}. Best is trial 91 with value: 166.9946746826172.
LOCAL_RANK: 0 - CUDA_VISIBLE_DEVICES: [0]
[I 2023-11-30 13:58:22,017] Trial 111 finished with value: 193.38124084472656 and parameters: {'gradient_clip_val': 0.6074750148645672, 'hidden_size': 41, 'dropout': 0.1392496994740008, 'hidden_continuous_size': 23, 'attention_head_size': 1, 'learning_rate': 0.019166049148410115}. Best is trial 91 with value: 166.9946746826172.
LOCAL_RANK: 0 - CUDA_VISIBLE_DEVICES: [0]
