[I 2023-11-30 10:51:30,714] Trial 135 finished with value: 123.15181732177734 and parameters: {'gradient_clip_val': 0.367413424180881, 'hidden_size': 130, 'dropout': 0.14052496891261096, 'hidden_continuous_size': 125, 'attention_head_size': 2, 'learning_rate': 0.09965198576710999}. Best is trial 14 with value: 99.4836654663086.
LOCAL_RANK: 0 - CUDA_VISIBLE_DEVICES: [0]
[I 2023-11-30 10:51:45,199] Trial 136 finished with value: 103.40750885009766 and parameters: {'gradient_clip_val': 0.12336054360434882, 'hidden_size': 115, 'dropout': 0.19805544082895174, 'hidden_continuous_size': 91, 'attention_head_size': 2, 'learning_rate': 0.047814151623276645}. Best is trial 14 with value: 99.4836654663086.
LOCAL_RANK: 0 - CUDA_VISIBLE_DEVICES: [0]
[I 2023-11-30 10:51:59,518] Trial 137 finished with value: 111.87472534179688 and parameters: {'gradient_clip_val': 0.4081456604215934, 'hidden_size': 123, 'dropout': 0.19553290569232373, 'hidden_continuous_size': 88, 'attention_head_size': 2, 'learning_rate': 0.055846156651871835}. Best is trial 14 with value: 99.4836654663086.
LOCAL_RANK: 0 - CUDA_VISIBLE_DEVICES: [0]
[I 2023-11-30 10:52:13,925] Trial 138 finished with value: 116.28487396240234 and parameters: {'gradient_clip_val': 0.33612371653658585, 'hidden_size': 114, 'dropout': 0.20968434796458588, 'hidden_continuous_size': 85, 'attention_head_size': 3, 'learning_rate': 0.049034200021909245}. Best is trial 14 with value: 99.4836654663086.
LOCAL_RANK: 0 - CUDA_VISIBLE_DEVICES: [0]
[I 2023-11-30 10:52:27,701] Trial 139 finished with value: 128.1995391845703 and parameters: {'gradient_clip_val': 0.15484717562235717, 'hidden_size': 106, 'dropout': 0.2195984592209667, 'hidden_continuous_size': 24, 'attention_head_size': 2, 'learning_rate': 0.08632425533843346}. Best is trial 14 with value: 99.4836654663086.
LOCAL_RANK: 0 - CUDA_VISIBLE_DEVICES: [0]
[I 2023-11-30 10:52:40,405] Trial 140 finished with value: 139.6468048095703 and parameters: {'gradient_clip_val': 0.12593482047099577, 'hidden_size': 30, 'dropout': 0.20295115979183992, 'hidden_continuous_size': 26, 'attention_head_size': 4, 'learning_rate': 0.006560766017527748}. Best is trial 14 with value: 99.4836654663086.
LOCAL_RANK: 0 - CUDA_VISIBLE_DEVICES: [0]
[I 2023-11-30 10:52:54,050] Trial 141 finished with value: 115.66769409179688 and parameters: {'gradient_clip_val': 0.12264648076920191, 'hidden_size': 97, 'dropout': 0.18494079927893606, 'hidden_continuous_size': 19, 'attention_head_size': 2, 'learning_rate': 0.03989311131809545}. Best is trial 14 with value: 99.4836654663086.
LOCAL_RANK: 0 - CUDA_VISIBLE_DEVICES: [0]
[I 2023-11-30 10:53:08,355] Trial 142 finished with value: 100.3862533569336 and parameters: {'gradient_clip_val': 0.13498104411184797, 'hidden_size': 114, 'dropout': 0.1719542488979967, 'hidden_continuous_size': 105, 'attention_head_size': 2, 'learning_rate': 0.04473193584172063}. Best is trial 14 with value: 99.4836654663086.
LOCAL_RANK: 0 - CUDA_VISIBLE_DEVICES: [0]
[I 2023-11-30 10:53:22,752] Trial 143 finished with value: 104.25426483154297 and parameters: {'gradient_clip_val': 0.13367088085214282, 'hidden_size': 118, 'dropout': 0.1534745868229075, 'hidden_continuous_size': 104, 'attention_head_size': 2, 'learning_rate': 0.04769375343550444}. Best is trial 14 with value: 99.4836654663086.
LOCAL_RANK: 0 - CUDA_VISIBLE_DEVICES: [0]
[I 2023-11-30 10:53:37,417] Trial 144 finished with value: 112.0250244140625 and parameters: {'gradient_clip_val': 0.1139634995573859, 'hidden_size': 138, 'dropout': 0.22592739901044656, 'hidden_continuous_size': 117, 'attention_head_size': 2, 'learning_rate': 0.04680597478249801}. Best is trial 14 with value: 99.4836654663086.
LOCAL_RANK: 0 - CUDA_VISIBLE_DEVICES: [0]
[I 2023-11-30 10:53:51,597] Trial 145 finished with value: 128.19647216796875 and parameters: {'gradient_clip_val': 0.13586417736747047, 'hidden_size': 118, 'dropout': 0.17053479378034017, 'hidden_continuous_size': 102, 'attention_head_size': 2, 'learning_rate': 0.05211547331196915}. Best is trial 14 with value: 99.4836654663086.
LOCAL_RANK: 0 - CUDA_VISIBLE_DEVICES: [0]
[I 2023-11-30 10:54:06,000] Trial 146 finished with value: 124.33757781982422 and parameters: {'gradient_clip_val': 0.11827590765461736, 'hidden_size': 128, 'dropout': 0.1983601341433746, 'hidden_continuous_size': 104, 'attention_head_size': 2, 'learning_rate': 0.06158112881531082}. Best is trial 14 with value: 99.4836654663086.
LOCAL_RANK: 0 - CUDA_VISIBLE_DEVICES: [0]
[I 2023-11-30 10:54:20,359] Trial 147 finished with value: 107.35260772705078 and parameters: {'gradient_clip_val': 0.1450147717181928, 'hidden_size': 113, 'dropout': 0.1353508600583805, 'hidden_continuous_size': 105, 'attention_head_size': 2, 'learning_rate': 0.0744383208583671}. Best is trial 14 with value: 99.4836654663086.
LOCAL_RANK: 0 - CUDA_VISIBLE_DEVICES: [0]
[I 2023-11-30 10:54:34,786] Trial 148 finished with value: 107.38318634033203 and parameters: {'gradient_clip_val': 0.2740708618246135, 'hidden_size': 122, 'dropout': 0.21357330719851064, 'hidden_continuous_size': 112, 'attention_head_size': 2, 'learning_rate': 0.0420347091624612}. Best is trial 14 with value: 99.4836654663086.
LOCAL_RANK: 0 - CUDA_VISIBLE_DEVICES: [0]
[I 2023-11-30 10:54:49,378] Trial 149 finished with value: 119.27062225341797 and parameters: {'gradient_clip_val': 0.13036229534301258, 'hidden_size': 134, 'dropout': 0.23109526783306766, 'hidden_continuous_size': 122, 'attention_head_size': 2, 'learning_rate': 0.057190246556992216}. Best is trial 14 with value: 99.4836654663086.
[I 2023-11-30 10:54:49,489] A new study created in memory with name: no-name-a50d62e8-2946-45cf-b019-9d5b0f664eac
/home/le004/conda/anaconda3/envs/tsff_env/lib/python3.9/site-packages/lightning/fabric/plugins/environments/slurm.py:191: The `srun` command is available on your system but is not used. HINT: If your intention is to run Lightning on SLURM, prepend your python command with `srun` like so: srun python /home/le004/master_thesis/git/TSFusionForecast/code/ ...
LOCAL_RANK: 0 - CUDA_VISIBLE_DEVICES: [0]
[I 2023-11-30 10:55:03,695] Trial 0 finished with value: 123.92403411865234 and parameters: {'gradient_clip_val': 0.9619464537190237, 'hidden_size': 109, 'dropout': 0.17678996680253667, 'hidden_continuous_size': 56, 'attention_head_size': 4, 'learning_rate': 0.07352657641900114}. Best is trial 0 with value: 123.92403411865234.
LOCAL_RANK: 0 - CUDA_VISIBLE_DEVICES: [0]
[I 2023-11-30 10:55:15,837] Trial 1 finished with value: 255.87599182128906 and parameters: {'gradient_clip_val': 0.5189291289600534, 'hidden_size': 12, 'dropout': 0.34412672023566765, 'hidden_continuous_size': 11, 'attention_head_size': 3, 'learning_rate': 0.0021662347399163282}. Best is trial 0 with value: 123.92403411865234.
LOCAL_RANK: 0 - CUDA_VISIBLE_DEVICES: [0]
[I 2023-11-30 10:55:27,943] Trial 2 finished with value: 170.53378295898438 and parameters: {'gradient_clip_val': 0.18022047604313962, 'hidden_size': 21, 'dropout': 0.216316235379246, 'hidden_continuous_size': 15, 'attention_head_size': 1, 'learning_rate': 0.025091484792516484}. Best is trial 0 with value: 123.92403411865234.
LOCAL_RANK: 0 - CUDA_VISIBLE_DEVICES: [0]
[I 2023-11-30 10:55:40,092] Trial 3 finished with value: 143.89356994628906 and parameters: {'gradient_clip_val': 0.1446545991568113, 'hidden_size': 17, 'dropout': 0.19522078149478184, 'hidden_continuous_size': 12, 'attention_head_size': 2, 'learning_rate': 0.012866014611023938}. Best is trial 0 with value: 123.92403411865234.
LOCAL_RANK: 0 - CUDA_VISIBLE_DEVICES: [0]
[I 2023-11-30 10:55:52,390] Trial 4 finished with value: 158.0708465576172 and parameters: {'gradient_clip_val': 0.3009714812419531, 'hidden_size': 27, 'dropout': 0.31507076735642603, 'hidden_continuous_size': 19, 'attention_head_size': 1, 'learning_rate': 0.005279463494433971}. Best is trial 0 with value: 123.92403411865234.
LOCAL_RANK: 0 - CUDA_VISIBLE_DEVICES: [0]
[I 2023-11-30 10:56:06,771] Trial 5 finished with value: 157.94252014160156 and parameters: {'gradient_clip_val': 0.6421107301498823, 'hidden_size': 126, 'dropout': 0.13175535260859947, 'hidden_continuous_size': 99, 'attention_head_size': 2, 'learning_rate': 0.007330262431318624}. Best is trial 0 with value: 123.92403411865234.
LOCAL_RANK: 0 - CUDA_VISIBLE_DEVICES: [0]
[I 2023-11-30 10:56:19,933] Trial 6 finished with value: 246.71412658691406 and parameters: {'gradient_clip_val': 0.2353919079049417, 'hidden_size': 50, 'dropout': 0.3751977268307365, 'hidden_continuous_size': 17, 'attention_head_size': 3, 'learning_rate': 0.0010547122945518302}. Best is trial 0 with value: 123.92403411865234.
LOCAL_RANK: 0 - CUDA_VISIBLE_DEVICES: [0]
[I 2023-11-30 10:56:30,414] Trial 7 finished with value: 135.3639373779297 and parameters: {'gradient_clip_val': 0.2854922077241971, 'hidden_size': 11, 'dropout': 0.15931285991564298, 'hidden_continuous_size': 11, 'attention_head_size': 4, 'learning_rate': 0.026574600708373912}. Best is trial 0 with value: 123.92403411865234.
LOCAL_RANK: 0 - CUDA_VISIBLE_DEVICES: [0]
[I 2023-11-30 10:56:42,527] Trial 8 finished with value: 109.74169921875 and parameters: {'gradient_clip_val': 0.2361916939070889, 'hidden_size': 17, 'dropout': 0.1296896247510028, 'hidden_continuous_size': 16, 'attention_head_size': 2, 'learning_rate': 0.014695735541125663}. Best is trial 8 with value: 109.74169921875.
LOCAL_RANK: 0 - CUDA_VISIBLE_DEVICES: [0]
[I 2023-11-30 10:56:54,645] Trial 9 finished with value: 89.26508331298828 and parameters: {'gradient_clip_val': 0.32749819829410265, 'hidden_size': 27, 'dropout': 0.31671422420577877, 'hidden_continuous_size': 17, 'attention_head_size': 1, 'learning_rate': 0.03778484404079907}. Best is trial 9 with value: 89.26508331298828.
LOCAL_RANK: 0 - CUDA_VISIBLE_DEVICES: [0]
[I 2023-11-30 10:57:07,419] Trial 10 finished with value: 107.5996322631836 and parameters: {'gradient_clip_val': 0.10648709592766395, 'hidden_size': 45, 'dropout': 0.2767175710608114, 'hidden_continuous_size': 24, 'attention_head_size': 1, 'learning_rate': 0.09834540440391248}. Best is trial 9 with value: 89.26508331298828.
LOCAL_RANK: 0 - CUDA_VISIBLE_DEVICES: [0]
[I 2023-11-30 10:57:20,329] Trial 11 finished with value: 123.36569213867188 and parameters: {'gradient_clip_val': 0.10704037012610795, 'hidden_size': 42, 'dropout': 0.2747949213491647, 'hidden_continuous_size': 23, 'attention_head_size': 1, 'learning_rate': 0.09389400933893295}. Best is trial 9 with value: 89.26508331298828.
LOCAL_RANK: 0 - CUDA_VISIBLE_DEVICES: [0]
[I 2023-11-30 10:57:33,186] Trial 12 finished with value: 108.04006958007812 and parameters: {'gradient_clip_val': 0.10298961905667062, 'hidden_size': 56, 'dropout': 0.27057802939786996, 'hidden_continuous_size': 26, 'attention_head_size': 1, 'learning_rate': 0.0575523659407562}. Best is trial 9 with value: 89.26508331298828.
LOCAL_RANK: 0 - CUDA_VISIBLE_DEVICES: [0]
[I 2023-11-30 10:57:45,327] Trial 13 finished with value: 110.94598388671875 and parameters: {'gradient_clip_val': 0.4089940644666949, 'hidden_size': 32, 'dropout': 0.30530911529262356, 'hidden_continuous_size': 14, 'attention_head_size': 1, 'learning_rate': 0.04265063344478995}. Best is trial 9 with value: 89.26508331298828.
LOCAL_RANK: 0 - CUDA_VISIBLE_DEVICES: [0]
[I 2023-11-30 10:57:58,805] Trial 14 finished with value: 93.72968292236328 and parameters: {'gradient_clip_val': 0.16650056775740335, 'hidden_size': 67, 'dropout': 0.2380952358258956, 'hidden_continuous_size': 27, 'attention_head_size': 2, 'learning_rate': 0.08644737412337886}. Best is trial 9 with value: 89.26508331298828.
LOCAL_RANK: 0 - CUDA_VISIBLE_DEVICES: [0]
[I 2023-11-30 10:58:12,489] Trial 15 finished with value: 104.5899887084961 and parameters: {'gradient_clip_val': 0.17864705647946214, 'hidden_size': 75, 'dropout': 0.23512419622169023, 'hidden_continuous_size': 34, 'attention_head_size': 2, 'learning_rate': 0.04698209953607774}. Best is trial 9 with value: 89.26508331298828.
LOCAL_RANK: 0 - CUDA_VISIBLE_DEVICES: [0]
[I 2023-11-30 10:58:26,047] Trial 16 finished with value: 118.61066436767578 and parameters: {'gradient_clip_val': 0.3711246409686747, 'hidden_size': 78, 'dropout': 0.24133416069873412, 'hidden_continuous_size': 31, 'attention_head_size': 3, 'learning_rate': 0.033635215653009115}. Best is trial 9 with value: 89.26508331298828.
LOCAL_RANK: 0 - CUDA_VISIBLE_DEVICES: [0]
[I 2023-11-30 10:58:38,169] Trial 17 finished with value: 90.01248931884766 and parameters: {'gradient_clip_val': 0.38377826973295726, 'hidden_size': 32, 'dropout': 0.3635522679545702, 'hidden_continuous_size': 13, 'attention_head_size': 2, 'learning_rate': 0.05359869853641391}. Best is trial 9 with value: 89.26508331298828.
LOCAL_RANK: 0 - CUDA_VISIBLE_DEVICES: [0]
[I 2023-11-30 10:58:50,549] Trial 18 finished with value: 88.07942962646484 and parameters: {'gradient_clip_val': 0.38044940557743356, 'hidden_size': 33, 'dropout': 0.38108039031333535, 'hidden_continuous_size': 10, 'attention_head_size': 2, 'learning_rate': 0.018647316547904}. Best is trial 18 with value: 88.07942962646484.
LOCAL_RANK: 0 - CUDA_VISIBLE_DEVICES: [0]
[I 2023-11-30 10:59:02,857] Trial 19 finished with value: 94.32331085205078 and parameters: {'gradient_clip_val': 0.5165321555357, 'hidden_size': 27, 'dropout': 0.3907558090826567, 'hidden_continuous_size': 10, 'attention_head_size': 3, 'learning_rate': 0.016502758478819712}. Best is trial 18 with value: 88.07942962646484.
LOCAL_RANK: 0 - CUDA_VISIBLE_DEVICES: [0]
[I 2023-11-30 10:59:15,387] Trial 20 finished with value: 112.30743408203125 and parameters: {'gradient_clip_val': 0.25514377189880316, 'hidden_size': 39, 'dropout': 0.3404619948260347, 'hidden_continuous_size': 10, 'attention_head_size': 1, 'learning_rate': 0.021249515921401573}. Best is trial 18 with value: 88.07942962646484.
LOCAL_RANK: 0 - CUDA_VISIBLE_DEVICES: [0]
[I 2023-11-30 10:59:27,632] Trial 21 finished with value: 111.98946380615234 and parameters: {'gradient_clip_val': 0.37431892780235837, 'hidden_size': 32, 'dropout': 0.395347919294394, 'hidden_continuous_size': 13, 'attention_head_size': 2, 'learning_rate': 0.03744140639076764}. Best is trial 18 with value: 88.07942962646484.
LOCAL_RANK: 0 - CUDA_VISIBLE_DEVICES: [0]
[I 2023-11-30 10:59:40,119] Trial 22 finished with value: 99.7198257446289 and parameters: {'gradient_clip_val': 0.32988063036319487, 'hidden_size': 35, 'dropout': 0.3608619600074167, 'hidden_continuous_size': 13, 'attention_head_size': 2, 'learning_rate': 0.05746099581435774}. Best is trial 18 with value: 88.07942962646484.
LOCAL_RANK: 0 - CUDA_VISIBLE_DEVICES: [0]
[I 2023-11-30 10:59:52,082] Trial 23 finished with value: 88.18182373046875 and parameters: {'gradient_clip_val': 0.4442449615257577, 'hidden_size': 24, 'dropout': 0.3574696688732347, 'hidden_continuous_size': 10, 'attention_head_size': 2, 'learning_rate': 0.02389815504958689}. Best is trial 18 with value: 88.07942962646484.
LOCAL_RANK: 0 - CUDA_VISIBLE_DEVICES: [0]
[I 2023-11-30 11:00:04,356] Trial 24 finished with value: 93.3025894165039 and parameters: {'gradient_clip_val': 0.4450456270179134, 'hidden_size': 21, 'dropout': 0.31764356926271103, 'hidden_continuous_size': 10, 'attention_head_size': 3, 'learning_rate': 0.019938269020753723}. Best is trial 18 with value: 88.07942962646484.
LOCAL_RANK: 0 - CUDA_VISIBLE_DEVICES: [0]
[I 2023-11-30 11:00:16,546] Trial 25 finished with value: 102.60620880126953 and parameters: {'gradient_clip_val': 0.3266468409375708, 'hidden_size': 25, 'dropout': 0.3420023773119202, 'hidden_continuous_size': 11, 'attention_head_size': 2, 'learning_rate': 0.03199333667768857}. Best is trial 18 with value: 88.07942962646484.
LOCAL_RANK: 0 - CUDA_VISIBLE_DEVICES: [0]
[I 2023-11-30 11:00:29,165] Trial 26 finished with value: 151.95249938964844 and parameters: {'gradient_clip_val': 0.5125979830936228, 'hidden_size': 39, 'dropout': 0.3924355742612072, 'hidden_continuous_size': 12, 'attention_head_size': 1, 'learning_rate': 0.01098455616838089}. Best is trial 18 with value: 88.07942962646484.
LOCAL_RANK: 0 - CUDA_VISIBLE_DEVICES: [0]
[I 2023-11-30 11:00:41,068] Trial 27 finished with value: 96.57918548583984 and parameters: {'gradient_clip_val': 0.6224405462934005, 'hidden_size': 16, 'dropout': 0.37541063943352376, 'hidden_continuous_size': 10, 'attention_head_size': 2, 'learning_rate': 0.02044252504112029}. Best is trial 18 with value: 88.07942962646484.
LOCAL_RANK: 0 - CUDA_VISIBLE_DEVICES: [0]
[I 2023-11-30 11:00:53,282] Trial 28 finished with value: 122.03744506835938 and parameters: {'gradient_clip_val': 0.26386110217486924, 'hidden_size': 23, 'dropout': 0.3281514209177232, 'hidden_continuous_size': 11, 'attention_head_size': 3, 'learning_rate': 0.03002573888970536}. Best is trial 18 with value: 88.07942962646484.
LOCAL_RANK: 0 - CUDA_VISIBLE_DEVICES: [0]
[I 2023-11-30 11:01:05,693] Trial 29 finished with value: 147.7369842529297 and parameters: {'gradient_clip_val': 0.8430661383287914, 'hidden_size': 31, 'dropout': 0.3020999825457559, 'hidden_continuous_size': 14, 'attention_head_size': 1, 'learning_rate': 0.008966261946726648}. Best is trial 18 with value: 88.07942962646484.
LOCAL_RANK: 0 - CUDA_VISIBLE_DEVICES: [0]
[I 2023-11-30 11:01:17,732] Trial 30 finished with value: 120.613037109375 and parameters: {'gradient_clip_val': 0.4335708709366863, 'hidden_size': 20, 'dropout': 0.35906905981265724, 'hidden_continuous_size': 10, 'attention_head_size': 4, 'learning_rate': 0.017364511293378068}. Best is trial 18 with value: 88.07942962646484.
LOCAL_RANK: 0 - CUDA_VISIBLE_DEVICES: [0]
[I 2023-11-30 11:01:30,051] Trial 31 finished with value: 126.54924774169922 and parameters: {'gradient_clip_val': 0.3475047861600657, 'hidden_size': 28, 'dropout': 0.36056236568958255, 'hidden_continuous_size': 12, 'attention_head_size': 2, 'learning_rate': 0.06368784381792893}. Best is trial 18 with value: 88.07942962646484.
LOCAL_RANK: 0 - CUDA_VISIBLE_DEVICES: [0]
[I 2023-11-30 11:01:42,653] Trial 32 finished with value: 104.00830841064453 and parameters: {'gradient_clip_val': 0.3917078055662975, 'hidden_size': 37, 'dropout': 0.3383341322996008, 'hidden_continuous_size': 13, 'attention_head_size': 2, 'learning_rate': 0.04669172899078897}. Best is trial 18 with value: 88.07942962646484.
LOCAL_RANK: 0 - CUDA_VISIBLE_DEVICES: [0]
[I 2023-11-30 11:01:54,841] Trial 33 finished with value: 102.2663803100586 and parameters: {'gradient_clip_val': 0.3041670915567124, 'hidden_size': 32, 'dropout': 0.37157451386973916, 'hidden_continuous_size': 11, 'attention_head_size': 2, 'learning_rate': 0.028302863722168177}. Best is trial 18 with value: 88.07942962646484.
LOCAL_RANK: 0 - CUDA_VISIBLE_DEVICES: [0]
[I 2023-11-30 11:02:07,073] Trial 34 finished with value: 101.73113250732422 and parameters: {'gradient_clip_val': 0.44897734909889, 'hidden_size': 25, 'dropout': 0.352865200540611, 'hidden_continuous_size': 12, 'attention_head_size': 3, 'learning_rate': 0.07528079464558994}. Best is trial 18 with value: 88.07942962646484.
LOCAL_RANK: 0 - CUDA_VISIBLE_DEVICES: [0]
[I 2023-11-30 11:02:19,217] Trial 35 finished with value: 152.896728515625 and parameters: {'gradient_clip_val': 0.3556734264605866, 'hidden_size': 14, 'dropout': 0.39765749815573, 'hidden_continuous_size': 10, 'attention_head_size': 2, 'learning_rate': 0.025494033776401616}. Best is trial 18 with value: 88.07942962646484.
LOCAL_RANK: 0 - CUDA_VISIBLE_DEVICES: [0]
[I 2023-11-30 11:02:31,220] Trial 36 finished with value: 100.11560821533203 and parameters: {'gradient_clip_val': 0.474573321272819, 'hidden_size': 20, 'dropout': 0.32626943119652696, 'hidden_continuous_size': 11, 'attention_head_size': 1, 'learning_rate': 0.041295949740957814}. Best is trial 18 with value: 88.07942962646484.
LOCAL_RANK: 0 - CUDA_VISIBLE_DEVICES: [0]
[I 2023-11-30 11:02:43,299] Trial 37 finished with value: 94.5617904663086 and parameters: {'gradient_clip_val': 0.5717763229323672, 'hidden_size': 28, 'dropout': 0.3748574266462759, 'hidden_continuous_size': 15, 'attention_head_size': 2, 'learning_rate': 0.07013534275979126}. Best is trial 18 with value: 88.07942962646484.
LOCAL_RANK: 0 - CUDA_VISIBLE_DEVICES: [0]
[I 2023-11-30 11:02:56,277] Trial 38 finished with value: 120.3345718383789 and parameters: {'gradient_clip_val': 0.39922513794819364, 'hidden_size': 47, 'dropout': 0.350273485396895, 'hidden_continuous_size': 18, 'attention_head_size': 3, 'learning_rate': 0.022265160614383543}. Best is trial 18 with value: 88.07942962646484.
LOCAL_RANK: 0 - CUDA_VISIBLE_DEVICES: [0]
[I 2023-11-30 11:03:06,595] Trial 39 finished with value: 205.3959197998047 and parameters: {'gradient_clip_val': 0.2914407250997436, 'hidden_size': 10, 'dropout': 0.33183467540184935, 'hidden_continuous_size': 10, 'attention_head_size': 1, 'learning_rate': 0.013111498537765002}. Best is trial 18 with value: 88.07942962646484.
LOCAL_RANK: 0 - CUDA_VISIBLE_DEVICES: [0]
[I 2023-11-30 11:03:18,985] Trial 40 finished with value: 86.72908782958984 and parameters: {'gradient_clip_val': 0.21286353203519978, 'hidden_size': 22, 'dropout': 0.29538591555170046, 'hidden_continuous_size': 11, 'attention_head_size': 4, 'learning_rate': 0.03488781010702945}. Best is trial 40 with value: 86.72908782958984.
LOCAL_RANK: 0 - CUDA_VISIBLE_DEVICES: [0]
[I 2023-11-30 11:03:31,436] Trial 41 finished with value: 97.45592498779297 and parameters: {'gradient_clip_val': 0.21249386368114256, 'hidden_size': 22, 'dropout': 0.30235274621512465, 'hidden_continuous_size': 11, 'attention_head_size': 4, 'learning_rate': 0.035042700063867775}. Best is trial 40 with value: 86.72908782958984.
LOCAL_RANK: 0 - CUDA_VISIBLE_DEVICES: [0]
[I 2023-11-30 11:03:43,595] Trial 42 finished with value: 197.35443115234375 and parameters: {'gradient_clip_val': 0.3285650318760291, 'hidden_size': 24, 'dropout': 0.32448710565177946, 'hidden_continuous_size': 11, 'attention_head_size': 4, 'learning_rate': 0.046936584403872855}. Best is trial 40 with value: 86.72908782958984.
LOCAL_RANK: 0 - CUDA_VISIBLE_DEVICES: [0]
