[I 2023-11-30 14:17:36,326] Trial 64 finished with value: 129.66844177246094 and parameters: {'gradient_clip_val': 0.3778269426632666, 'hidden_size': 138, 'dropout': 0.14671427997816, 'hidden_continuous_size': 129, 'attention_head_size': 1, 'learning_rate': 0.0014500605937665036}. Best is trial 54 with value: 105.2230453491211.
LOCAL_RANK: 0 - CUDA_VISIBLE_DEVICES: [0]
[I 2023-11-30 14:17:51,036] Trial 65 finished with value: 113.43685150146484 and parameters: {'gradient_clip_val': 0.2906233425330293, 'hidden_size': 90, 'dropout': 0.17442965601753063, 'hidden_continuous_size': 80, 'attention_head_size': 1, 'learning_rate': 0.0016716632934466148}. Best is trial 54 with value: 105.2230453491211.
LOCAL_RANK: 0 - CUDA_VISIBLE_DEVICES: [0]
[I 2023-11-30 14:18:06,193] Trial 66 finished with value: 162.03453063964844 and parameters: {'gradient_clip_val': 0.2899362109459468, 'hidden_size': 81, 'dropout': 0.16666670492620544, 'hidden_continuous_size': 76, 'attention_head_size': 2, 'learning_rate': 0.0011514115001440759}. Best is trial 54 with value: 105.2230453491211.
LOCAL_RANK: 0 - CUDA_VISIBLE_DEVICES: [0]
[I 2023-11-30 14:18:20,838] Trial 67 finished with value: 136.5391845703125 and parameters: {'gradient_clip_val': 0.3120635107597564, 'hidden_size': 94, 'dropout': 0.13729767498597273, 'hidden_continuous_size': 84, 'attention_head_size': 1, 'learning_rate': 0.0010088615501160222}. Best is trial 54 with value: 105.2230453491211.
LOCAL_RANK: 0 - CUDA_VISIBLE_DEVICES: [0]
[I 2023-11-30 14:18:36,201] Trial 68 finished with value: 118.9470443725586 and parameters: {'gradient_clip_val': 0.269631090300305, 'hidden_size': 117, 'dropout': 0.15431404446961694, 'hidden_continuous_size': 103, 'attention_head_size': 1, 'learning_rate': 0.001672473802782672}. Best is trial 54 with value: 105.2230453491211.
LOCAL_RANK: 0 - CUDA_VISIBLE_DEVICES: [0]
[I 2023-11-30 14:18:51,417] Trial 69 finished with value: 128.25889587402344 and parameters: {'gradient_clip_val': 0.3466645117045606, 'hidden_size': 136, 'dropout': 0.17533193246348575, 'hidden_continuous_size': 117, 'attention_head_size': 1, 'learning_rate': 0.0013257249306525684}. Best is trial 54 with value: 105.2230453491211.
LOCAL_RANK: 0 - CUDA_VISIBLE_DEVICES: [0]
[I 2023-11-30 14:19:06,958] Trial 70 finished with value: 118.51544952392578 and parameters: {'gradient_clip_val': 0.25119598768050655, 'hidden_size': 105, 'dropout': 0.12135752400726275, 'hidden_continuous_size': 93, 'attention_head_size': 3, 'learning_rate': 0.0018448432192610348}. Best is trial 54 with value: 105.2230453491211.
LOCAL_RANK: 0 - CUDA_VISIBLE_DEVICES: [0]
[I 2023-11-30 14:19:22,070] Trial 71 finished with value: 139.6620330810547 and parameters: {'gradient_clip_val': 0.3119307539552957, 'hidden_size': 90, 'dropout': 0.18367534310104344, 'hidden_continuous_size': 81, 'attention_head_size': 1, 'learning_rate': 0.0020842127451155953}. Best is trial 54 with value: 105.2230453491211.
LOCAL_RANK: 0 - CUDA_VISIBLE_DEVICES: [0]
[I 2023-11-30 14:19:36,704] Trial 72 finished with value: 149.74908447265625 and parameters: {'gradient_clip_val': 0.2872406577922031, 'hidden_size': 125, 'dropout': 0.16723119412541942, 'hidden_continuous_size': 109, 'attention_head_size': 1, 'learning_rate': 0.0015538644439887293}. Best is trial 54 with value: 105.2230453491211.
LOCAL_RANK: 0 - CUDA_VISIBLE_DEVICES: [0]
[I 2023-11-30 14:19:51,430] Trial 73 finished with value: 132.69451904296875 and parameters: {'gradient_clip_val': 0.22928988809316256, 'hidden_size': 109, 'dropout': 0.20720075637447918, 'hidden_continuous_size': 95, 'attention_head_size': 1, 'learning_rate': 0.002636185499710751}. Best is trial 54 with value: 105.2230453491211.
LOCAL_RANK: 0 - CUDA_VISIBLE_DEVICES: [0]
[I 2023-11-30 14:20:06,961] Trial 74 finished with value: 129.3384246826172 and parameters: {'gradient_clip_val': 0.41619062114348526, 'hidden_size': 97, 'dropout': 0.18996962967920367, 'hidden_continuous_size': 87, 'attention_head_size': 1, 'learning_rate': 0.0013435857528381378}. Best is trial 54 with value: 105.2230453491211.
LOCAL_RANK: 0 - CUDA_VISIBLE_DEVICES: [0]
[I 2023-11-30 14:20:21,791] Trial 75 finished with value: 114.6800765991211 and parameters: {'gradient_clip_val': 0.37764920348755393, 'hidden_size': 72, 'dropout': 0.15944765933939226, 'hidden_continuous_size': 67, 'attention_head_size': 1, 'learning_rate': 0.003130804727495507}. Best is trial 54 with value: 105.2230453491211.
LOCAL_RANK: 0 - CUDA_VISIBLE_DEVICES: [0]
[I 2023-11-30 14:20:37,957] Trial 76 finished with value: 130.6986541748047 and parameters: {'gradient_clip_val': 0.37625962588443634, 'hidden_size': 84, 'dropout': 0.15200976998730964, 'hidden_continuous_size': 77, 'attention_head_size': 1, 'learning_rate': 0.0030919528441932785}. Best is trial 54 with value: 105.2230453491211.
LOCAL_RANK: 0 - CUDA_VISIBLE_DEVICES: [0]
[I 2023-11-30 14:20:52,687] Trial 77 finished with value: 176.62950134277344 and parameters: {'gradient_clip_val': 0.3494463405536045, 'hidden_size': 69, 'dropout': 0.15963638390335136, 'hidden_continuous_size': 66, 'attention_head_size': 1, 'learning_rate': 0.001147843946809868}. Best is trial 54 with value: 105.2230453491211.
LOCAL_RANK: 0 - CUDA_VISIBLE_DEVICES: [0]
[I 2023-11-30 14:21:07,429] Trial 78 finished with value: 136.02618408203125 and parameters: {'gradient_clip_val': 0.3259299188312533, 'hidden_size': 115, 'dropout': 0.14315256218450975, 'hidden_continuous_size': 100, 'attention_head_size': 1, 'learning_rate': 0.0015896875297578591}. Best is trial 54 with value: 105.2230453491211.
LOCAL_RANK: 0 - CUDA_VISIBLE_DEVICES: [0]
[I 2023-11-30 14:21:23,448] Trial 79 finished with value: 120.1072006225586 and parameters: {'gradient_clip_val': 0.2951356587288281, 'hidden_size': 149, 'dropout': 0.12732188173403408, 'hidden_continuous_size': 129, 'attention_head_size': 1, 'learning_rate': 0.0020906479802047023}. Best is trial 54 with value: 105.2230453491211.
LOCAL_RANK: 0 - CUDA_VISIBLE_DEVICES: [0]
[I 2023-11-30 14:21:38,208] Trial 80 finished with value: 166.24014282226562 and parameters: {'gradient_clip_val': 0.35602187181051964, 'hidden_size': 75, 'dropout': 0.17377313501561376, 'hidden_continuous_size': 70, 'attention_head_size': 1, 'learning_rate': 0.0013525872196889245}. Best is trial 54 with value: 105.2230453491211.
LOCAL_RANK: 0 - CUDA_VISIBLE_DEVICES: [0]
[I 2023-11-30 14:21:52,593] Trial 81 finished with value: 128.42283630371094 and parameters: {'gradient_clip_val': 0.4739315462585166, 'hidden_size': 89, 'dropout': 0.1787085814226754, 'hidden_continuous_size': 76, 'attention_head_size': 1, 'learning_rate': 0.002360911178408849}. Best is trial 54 with value: 105.2230453491211.
LOCAL_RANK: 0 - CUDA_VISIBLE_DEVICES: [0]
[I 2023-11-30 14:22:07,421] Trial 82 finished with value: 122.5816879272461 and parameters: {'gradient_clip_val': 0.4303803364301207, 'hidden_size': 98, 'dropout': 0.19379984693163113, 'hidden_continuous_size': 85, 'attention_head_size': 1, 'learning_rate': 0.0027154823123186696}. Best is trial 54 with value: 105.2230453491211.
LOCAL_RANK: 0 - CUDA_VISIBLE_DEVICES: [0]
[I 2023-11-30 14:22:22,932] Trial 83 finished with value: 111.4780502319336 and parameters: {'gradient_clip_val': 0.30880283036614625, 'hidden_size': 106, 'dropout': 0.1644637782350387, 'hidden_continuous_size': 92, 'attention_head_size': 1, 'learning_rate': 0.0018434967498084914}. Best is trial 54 with value: 105.2230453491211.
LOCAL_RANK: 0 - CUDA_VISIBLE_DEVICES: [0]
[I 2023-11-30 14:22:38,861] Trial 84 finished with value: 126.42081451416016 and parameters: {'gradient_clip_val': 0.31490919336632345, 'hidden_size': 132, 'dropout': 0.13511327517152905, 'hidden_continuous_size': 109, 'attention_head_size': 1, 'learning_rate': 0.0017576505995160609}. Best is trial 54 with value: 105.2230453491211.
LOCAL_RANK: 0 - CUDA_VISIBLE_DEVICES: [0]
[I 2023-11-30 14:22:53,990] Trial 85 finished with value: 107.5186996459961 and parameters: {'gradient_clip_val': 0.28058929971715046, 'hidden_size': 108, 'dropout': 0.1648063707329824, 'hidden_continuous_size': 91, 'attention_head_size': 1, 'learning_rate': 0.001993676689069174}. Best is trial 54 with value: 105.2230453491211.
LOCAL_RANK: 0 - CUDA_VISIBLE_DEVICES: [0]
[I 2023-11-30 14:23:09,723] Trial 86 finished with value: 116.74433135986328 and parameters: {'gradient_clip_val': 0.2720468240528766, 'hidden_size': 125, 'dropout': 0.16370466762910613, 'hidden_continuous_size': 110, 'attention_head_size': 1, 'learning_rate': 0.001953037320649936}. Best is trial 54 with value: 105.2230453491211.
LOCAL_RANK: 0 - CUDA_VISIBLE_DEVICES: [0]
[I 2023-11-30 14:23:24,408] Trial 87 finished with value: 116.93973541259766 and parameters: {'gradient_clip_val': 0.3860749379893249, 'hidden_size': 105, 'dropout': 0.1489423922260006, 'hidden_continuous_size': 91, 'attention_head_size': 1, 'learning_rate': 0.0014864640557940155}. Best is trial 54 with value: 105.2230453491211.
LOCAL_RANK: 0 - CUDA_VISIBLE_DEVICES: [0]
[I 2023-11-30 14:23:40,230] Trial 88 finished with value: 126.68013763427734 and parameters: {'gradient_clip_val': 0.24209701473003406, 'hidden_size': 139, 'dropout': 0.16053506222234423, 'hidden_continuous_size': 124, 'attention_head_size': 1, 'learning_rate': 0.0010938111689363398}. Best is trial 54 with value: 105.2230453491211.
LOCAL_RANK: 0 - CUDA_VISIBLE_DEVICES: [0]
[I 2023-11-30 14:23:55,824] Trial 89 finished with value: 107.16122436523438 and parameters: {'gradient_clip_val': 0.34140580252228664, 'hidden_size': 116, 'dropout': 0.11162573509782367, 'hidden_continuous_size': 105, 'attention_head_size': 3, 'learning_rate': 0.0016508934118146198}. Best is trial 54 with value: 105.2230453491211.
LOCAL_RANK: 0 - CUDA_VISIBLE_DEVICES: [0]
[I 2023-11-30 14:24:12,035] Trial 90 finished with value: 124.97808837890625 and parameters: {'gradient_clip_val': 0.2603867707871384, 'hidden_size': 115, 'dropout': 0.11186006294121073, 'hidden_continuous_size': 91, 'attention_head_size': 3, 'learning_rate': 0.0017191574130560683}. Best is trial 54 with value: 105.2230453491211.
LOCAL_RANK: 0 - CUDA_VISIBLE_DEVICES: [0]
[I 2023-11-30 14:24:28,357] Trial 91 finished with value: 135.3047332763672 and parameters: {'gradient_clip_val': 0.34357234921198415, 'hidden_size': 125, 'dropout': 0.12461182935771849, 'hidden_continuous_size': 114, 'attention_head_size': 3, 'learning_rate': 0.0012870541406419802}. Best is trial 54 with value: 105.2230453491211.
LOCAL_RANK: 0 - CUDA_VISIBLE_DEVICES: [0]
[I 2023-11-30 14:24:43,514] Trial 92 finished with value: 124.83911895751953 and parameters: {'gradient_clip_val': 0.3019507731243629, 'hidden_size': 99, 'dropout': 0.13768850233185717, 'hidden_continuous_size': 83, 'attention_head_size': 3, 'learning_rate': 0.0014189631361891432}. Best is trial 54 with value: 105.2230453491211.
LOCAL_RANK: 0 - CUDA_VISIBLE_DEVICES: [0]
[I 2023-11-30 14:24:58,795] Trial 93 finished with value: 122.9110336303711 and parameters: {'gradient_clip_val': 0.33162965846284964, 'hidden_size': 109, 'dropout': 0.11358998039896627, 'hidden_continuous_size': 99, 'attention_head_size': 3, 'learning_rate': 0.0024969776688671718}. Best is trial 54 with value: 105.2230453491211.
LOCAL_RANK: 0 - CUDA_VISIBLE_DEVICES: [0]
[I 2023-11-30 14:25:13,569] Trial 94 finished with value: 126.04654693603516 and parameters: {'gradient_clip_val': 0.28076043370830617, 'hidden_size': 118, 'dropout': 0.107394606574396, 'hidden_continuous_size': 106, 'attention_head_size': 4, 'learning_rate': 0.0018949032183252685}. Best is trial 54 with value: 105.2230453491211.
LOCAL_RANK: 0 - CUDA_VISIBLE_DEVICES: [0]
[I 2023-11-30 14:25:28,897] Trial 95 finished with value: 124.2490463256836 and parameters: {'gradient_clip_val': 0.36357707357162505, 'hidden_size': 131, 'dropout': 0.1308627668745002, 'hidden_continuous_size': 117, 'attention_head_size': 2, 'learning_rate': 0.0021455939983033665}. Best is trial 54 with value: 105.2230453491211.
LOCAL_RANK: 0 - CUDA_VISIBLE_DEVICES: [0]
[I 2023-11-30 14:25:44,212] Trial 96 finished with value: 144.86968994140625 and parameters: {'gradient_clip_val': 0.3826529565881224, 'hidden_size': 94, 'dropout': 0.15559200732119666, 'hidden_continuous_size': 87, 'attention_head_size': 1, 'learning_rate': 0.0016024142326286385}. Best is trial 54 with value: 105.2230453491211.
LOCAL_RANK: 0 - CUDA_VISIBLE_DEVICES: [0]
[I 2023-11-30 14:25:59,993] Trial 97 finished with value: 119.14311981201172 and parameters: {'gradient_clip_val': 0.29941553914591834, 'hidden_size': 102, 'dropout': 0.142368089435443, 'hidden_continuous_size': 95, 'attention_head_size': 1, 'learning_rate': 0.0012420430214750554}. Best is trial 54 with value: 105.2230453491211.
LOCAL_RANK: 0 - CUDA_VISIBLE_DEVICES: [0]
[I 2023-11-30 14:26:16,474] Trial 98 finished with value: 125.2061996459961 and parameters: {'gradient_clip_val': 0.3315029979955676, 'hidden_size': 142, 'dropout': 0.17992586340144132, 'hidden_continuous_size': 138, 'attention_head_size': 1, 'learning_rate': 0.0014339365058298706}. Best is trial 54 with value: 105.2230453491211.
LOCAL_RANK: 0 - CUDA_VISIBLE_DEVICES: [0]
[I 2023-11-30 14:26:32,209] Trial 99 finished with value: 159.24888610839844 and parameters: {'gradient_clip_val': 0.28531333734491016, 'hidden_size': 112, 'dropout': 0.14955288270667427, 'hidden_continuous_size': 103, 'attention_head_size': 2, 'learning_rate': 0.0010891849568601655}. Best is trial 54 with value: 105.2230453491211.
LOCAL_RANK: 0 - CUDA_VISIBLE_DEVICES: [0]
[I 2023-11-30 14:26:47,673] Trial 100 finished with value: 121.19705200195312 and parameters: {'gradient_clip_val': 0.4150073441151971, 'hidden_size': 122, 'dropout': 0.17008154756910382, 'hidden_continuous_size': 108, 'attention_head_size': 1, 'learning_rate': 0.0016075075862001123}. Best is trial 54 with value: 105.2230453491211.
LOCAL_RANK: 0 - CUDA_VISIBLE_DEVICES: [0]
[I 2023-11-30 14:27:03,486] Trial 101 finished with value: 111.62313842773438 and parameters: {'gradient_clip_val': 0.2782685536767967, 'hidden_size': 126, 'dropout': 0.15932838353955173, 'hidden_continuous_size': 113, 'attention_head_size': 1, 'learning_rate': 0.0018228877916621788}. Best is trial 54 with value: 105.2230453491211.
LOCAL_RANK: 0 - CUDA_VISIBLE_DEVICES: [0]
[I 2023-11-30 14:27:18,965] Trial 102 finished with value: 130.66845703125 and parameters: {'gradient_clip_val': 0.2684326605484649, 'hidden_size': 130, 'dropout': 0.11885778603182828, 'hidden_continuous_size': 114, 'attention_head_size': 1, 'learning_rate': 0.001981210375342154}. Best is trial 54 with value: 105.2230453491211.
LOCAL_RANK: 0 - CUDA_VISIBLE_DEVICES: [0]
[I 2023-11-30 14:27:33,780] Trial 103 finished with value: 130.5821990966797 and parameters: {'gradient_clip_val': 0.3213964492436758, 'hidden_size': 106, 'dropout': 0.16026389516629858, 'hidden_continuous_size': 100, 'attention_head_size': 1, 'learning_rate': 0.002221464735756759}. Best is trial 54 with value: 105.2230453491211.
LOCAL_RANK: 0 - CUDA_VISIBLE_DEVICES: [0]
[I 2023-11-30 14:27:49,834] Trial 104 finished with value: 125.39449310302734 and parameters: {'gradient_clip_val': 0.30420696555871996, 'hidden_size': 139, 'dropout': 0.18407026638580715, 'hidden_continuous_size': 120, 'attention_head_size': 1, 'learning_rate': 0.0017758459520742537}. Best is trial 54 with value: 105.2230453491211.
LOCAL_RANK: 0 - CUDA_VISIBLE_DEVICES: [0]
[I 2023-11-30 14:28:05,076] Trial 105 finished with value: 114.69242095947266 and parameters: {'gradient_clip_val': 0.2517702922369061, 'hidden_size': 120, 'dropout': 0.1653764019553949, 'hidden_continuous_size': 106, 'attention_head_size': 1, 'learning_rate': 0.0012349069553095854}. Best is trial 54 with value: 105.2230453491211.
LOCAL_RANK: 0 - CUDA_VISIBLE_DEVICES: [0]
[I 2023-11-30 14:28:20,082] Trial 106 finished with value: 124.82514190673828 and parameters: {'gradient_clip_val': 0.2617690627825022, 'hidden_size': 117, 'dropout': 0.16622883171710384, 'hidden_continuous_size': 106, 'attention_head_size': 1, 'learning_rate': 0.00121280681625138}. Best is trial 54 with value: 105.2230453491211.
LOCAL_RANK: 0 - CUDA_VISIBLE_DEVICES: [0]
[I 2023-11-30 14:28:36,421] Trial 107 finished with value: 136.9456024169922 and parameters: {'gradient_clip_val': 0.2501400110729601, 'hidden_size': 112, 'dropout': 0.1705178842805372, 'hidden_continuous_size': 98, 'attention_head_size': 1, 'learning_rate': 0.001381256406506902}. Best is trial 54 with value: 105.2230453491211.
LOCAL_RANK: 0 - CUDA_VISIBLE_DEVICES: [0]
[I 2023-11-30 14:28:51,664] Trial 108 finished with value: 134.16900634765625 and parameters: {'gradient_clip_val': 0.23417249093075537, 'hidden_size': 93, 'dropout': 0.17576107610257188, 'hidden_continuous_size': 89, 'attention_head_size': 1, 'learning_rate': 0.0010934878564091944}. Best is trial 54 with value: 105.2230453491211.
LOCAL_RANK: 0 - CUDA_VISIBLE_DEVICES: [0]
[I 2023-11-30 14:29:06,693] Trial 109 finished with value: 131.6444091796875 and parameters: {'gradient_clip_val': 0.27698921528074383, 'hidden_size': 101, 'dropout': 0.14834048939495112, 'hidden_continuous_size': 93, 'attention_head_size': 1, 'learning_rate': 0.0016345567716579716}. Best is trial 54 with value: 105.2230453491211.
LOCAL_RANK: 0 - CUDA_VISIBLE_DEVICES: [0]
[I 2023-11-30 14:29:21,447] Trial 110 finished with value: 133.52911376953125 and parameters: {'gradient_clip_val': 0.28887339637752607, 'hidden_size': 122, 'dropout': 0.10057498937244014, 'hidden_continuous_size': 80, 'attention_head_size': 4, 'learning_rate': 0.0025349176558947095}. Best is trial 54 with value: 105.2230453491211.
LOCAL_RANK: 0 - CUDA_VISIBLE_DEVICES: [0]
[I 2023-11-30 14:29:37,092] Trial 111 finished with value: 135.8214874267578 and parameters: {'gradient_clip_val': 0.3434475651213032, 'hidden_size': 143, 'dropout': 0.1586366955372566, 'hidden_continuous_size': 126, 'attention_head_size': 1, 'learning_rate': 0.0014531558769631564}. Best is trial 54 with value: 105.2230453491211.
LOCAL_RANK: 0 - CUDA_VISIBLE_DEVICES: [0]
[I 2023-11-30 14:29:52,539] Trial 112 finished with value: 111.20670318603516 and parameters: {'gradient_clip_val': 0.21900622719877136, 'hidden_size': 129, 'dropout': 0.1539029704582055, 'hidden_continuous_size': 114, 'attention_head_size': 1, 'learning_rate': 0.001289380161771614}. Best is trial 54 with value: 105.2230453491211.
LOCAL_RANK: 0 - CUDA_VISIBLE_DEVICES: [0]
[I 2023-11-30 14:30:08,222] Trial 113 finished with value: 111.3824462890625 and parameters: {'gradient_clip_val': 0.20610622527099776, 'hidden_size': 125, 'dropout': 0.143001858040004, 'hidden_continuous_size': 114, 'attention_head_size': 1, 'learning_rate': 0.0012250722043247913}. Best is trial 54 with value: 105.2230453491211.
LOCAL_RANK: 0 - CUDA_VISIBLE_DEVICES: [0]
[I 2023-11-30 14:30:23,258] Trial 114 finished with value: 123.0985336303711 and parameters: {'gradient_clip_val': 0.22069987369907645, 'hidden_size': 130, 'dropout': 0.13747676530124028, 'hidden_continuous_size': 114, 'attention_head_size': 1, 'learning_rate': 0.001000314505636663}. Best is trial 54 with value: 105.2230453491211.
LOCAL_RANK: 0 - CUDA_VISIBLE_DEVICES: [0]
[I 2023-11-30 14:30:39,237] Trial 115 finished with value: 120.16167449951172 and parameters: {'gradient_clip_val': 0.21992999880500064, 'hidden_size': 122, 'dropout': 0.13079493492258343, 'hidden_continuous_size': 106, 'attention_head_size': 1, 'learning_rate': 0.001277315463599972}. Best is trial 54 with value: 105.2230453491211.
LOCAL_RANK: 0 - CUDA_VISIBLE_DEVICES: [0]
[I 2023-11-30 14:30:55,424] Trial 116 finished with value: 125.26802825927734 and parameters: {'gradient_clip_val': 0.20884360478926836, 'hidden_size': 114, 'dropout': 0.1458757417078829, 'hidden_continuous_size': 102, 'attention_head_size': 1, 'learning_rate': 0.0011358222478089867}. Best is trial 54 with value: 105.2230453491211.
LOCAL_RANK: 0 - CUDA_VISIBLE_DEVICES: [0]
[I 2023-11-30 14:31:11,698] Trial 117 finished with value: 115.64181518554688 and parameters: {'gradient_clip_val': 0.24820087617221026, 'hidden_size': 135, 'dropout': 0.1540464058518723, 'hidden_continuous_size': 123, 'attention_head_size': 1, 'learning_rate': 0.001225719857657376}. Best is trial 54 with value: 105.2230453491211.
LOCAL_RANK: 0 - CUDA_VISIBLE_DEVICES: [0]
[I 2023-11-30 14:31:26,654] Trial 118 finished with value: 112.22125244140625 and parameters: {'gradient_clip_val': 0.19305504812816945, 'hidden_size': 106, 'dropout': 0.12157007965853536, 'hidden_continuous_size': 96, 'attention_head_size': 1, 'learning_rate': 0.0018463743103801294}. Best is trial 54 with value: 105.2230453491211.
LOCAL_RANK: 0 - CUDA_VISIBLE_DEVICES: [0]
[I 2023-11-30 14:31:41,469] Trial 119 finished with value: 127.97277069091797 and parameters: {'gradient_clip_val': 0.18257730603061506, 'hidden_size': 109, 'dropout': 0.14125736698663188, 'hidden_continuous_size': 97, 'attention_head_size': 1, 'learning_rate': 0.0019489534960907733}. Best is trial 54 with value: 105.2230453491211.
LOCAL_RANK: 0 - CUDA_VISIBLE_DEVICES: [0]
[I 2023-11-30 14:31:57,242] Trial 120 finished with value: 145.7473907470703 and parameters: {'gradient_clip_val': 0.19187010754395273, 'hidden_size': 84, 'dropout': 0.16538703269347169, 'hidden_continuous_size': 81, 'attention_head_size': 1, 'learning_rate': 0.0017402113829451146}. Best is trial 54 with value: 105.2230453491211.
LOCAL_RANK: 0 - CUDA_VISIBLE_DEVICES: [0]
[I 2023-11-30 14:32:13,273] Trial 121 finished with value: 132.86184692382812 and parameters: {'gradient_clip_val': 0.23920894670394, 'hidden_size': 126, 'dropout': 0.12164830273435749, 'hidden_continuous_size': 113, 'attention_head_size': 1, 'learning_rate': 0.0015309402744246104}. Best is trial 54 with value: 105.2230453491211.
LOCAL_RANK: 0 - CUDA_VISIBLE_DEVICES: [0]
