[I 2023-11-30 13:18:39,234] Trial 86 finished with value: 289.3294372558594 and parameters: {'gradient_clip_val': 0.8206013170567521, 'hidden_size': 82, 'dropout': 0.11115921735594964, 'hidden_continuous_size': 27, 'attention_head_size': 3, 'learning_rate': 0.0023260789285660254}. Best is trial 60 with value: 202.10906982421875.
LOCAL_RANK: 0 - CUDA_VISIBLE_DEVICES: [0]
[I 2023-11-30 13:18:52,516] Trial 87 finished with value: 263.5171203613281 and parameters: {'gradient_clip_val': 0.6705718136048108, 'hidden_size': 54, 'dropout': 0.12031292095774956, 'hidden_continuous_size': 32, 'attention_head_size': 2, 'learning_rate': 0.003200377828880228}. Best is trial 60 with value: 202.10906982421875.
LOCAL_RANK: 0 - CUDA_VISIBLE_DEVICES: [0]
[I 2023-11-30 13:19:06,667] Trial 88 finished with value: 252.6231689453125 and parameters: {'gradient_clip_val': 0.5002561582341974, 'hidden_size': 88, 'dropout': 0.1500578804789092, 'hidden_continuous_size': 41, 'attention_head_size': 4, 'learning_rate': 0.005712609147285789}. Best is trial 60 with value: 202.10906982421875.
LOCAL_RANK: 0 - CUDA_VISIBLE_DEVICES: [0]
[I 2023-11-30 13:19:20,092] Trial 89 finished with value: 317.3330383300781 and parameters: {'gradient_clip_val': 0.5626811381932073, 'hidden_size': 59, 'dropout': 0.13186192308150513, 'hidden_continuous_size': 38, 'attention_head_size': 2, 'learning_rate': 0.002750717232205404}. Best is trial 60 with value: 202.10906982421875.
LOCAL_RANK: 0 - CUDA_VISIBLE_DEVICES: [0]
[I 2023-11-30 13:19:33,678] Trial 90 finished with value: 248.1602783203125 and parameters: {'gradient_clip_val': 0.7273390598711735, 'hidden_size': 69, 'dropout': 0.16888443839511516, 'hidden_continuous_size': 36, 'attention_head_size': 4, 'learning_rate': 0.003824887817795261}. Best is trial 60 with value: 202.10906982421875.
LOCAL_RANK: 0 - CUDA_VISIBLE_DEVICES: [0]
[I 2023-11-30 13:19:47,195] Trial 91 finished with value: 374.6116027832031 and parameters: {'gradient_clip_val': 0.7494857410578895, 'hidden_size': 78, 'dropout': 0.1620801440993763, 'hidden_continuous_size': 24, 'attention_head_size': 2, 'learning_rate': 0.0039888616649741806}. Best is trial 60 with value: 202.10906982421875.
LOCAL_RANK: 0 - CUDA_VISIBLE_DEVICES: [0]
[I 2023-11-30 13:20:00,866] Trial 92 finished with value: 403.7442626953125 and parameters: {'gradient_clip_val': 0.9473420002453435, 'hidden_size': 73, 'dropout': 0.17799057068188984, 'hidden_continuous_size': 34, 'attention_head_size': 2, 'learning_rate': 0.004685233768154654}. Best is trial 60 with value: 202.10906982421875.
LOCAL_RANK: 0 - CUDA_VISIBLE_DEVICES: [0]
[I 2023-11-30 13:20:14,145] Trial 93 finished with value: 328.3437805175781 and parameters: {'gradient_clip_val': 0.6345147404318683, 'hidden_size': 78, 'dropout': 0.1648188560641026, 'hidden_continuous_size': 26, 'attention_head_size': 2, 'learning_rate': 0.0033998052305831564}. Best is trial 60 with value: 202.10906982421875.
LOCAL_RANK: 0 - CUDA_VISIBLE_DEVICES: [0]
[I 2023-11-30 13:20:27,498] Trial 94 finished with value: 530.665771484375 and parameters: {'gradient_clip_val': 0.866702417571084, 'hidden_size': 84, 'dropout': 0.19541708011623518, 'hidden_continuous_size': 23, 'attention_head_size': 2, 'learning_rate': 0.005202173247541156}. Best is trial 60 with value: 202.10906982421875.
LOCAL_RANK: 0 - CUDA_VISIBLE_DEVICES: [0]
[I 2023-11-30 13:20:40,927] Trial 95 finished with value: 243.7555389404297 and parameters: {'gradient_clip_val': 0.775741593761739, 'hidden_size': 65, 'dropout': 0.20843560095628752, 'hidden_continuous_size': 37, 'attention_head_size': 2, 'learning_rate': 0.004291193784176031}. Best is trial 60 with value: 202.10906982421875.
LOCAL_RANK: 0 - CUDA_VISIBLE_DEVICES: [0]
[I 2023-11-30 13:20:54,684] Trial 96 finished with value: 280.678955078125 and parameters: {'gradient_clip_val': 0.8280753397591754, 'hidden_size': 99, 'dropout': 0.18955598838558166, 'hidden_continuous_size': 28, 'attention_head_size': 3, 'learning_rate': 0.0030433338991511416}. Best is trial 60 with value: 202.10906982421875.
LOCAL_RANK: 0 - CUDA_VISIBLE_DEVICES: [0]
[I 2023-11-30 13:21:08,642] Trial 97 finished with value: 363.4222412109375 and parameters: {'gradient_clip_val': 0.6615437405430095, 'hidden_size': 108, 'dropout': 0.14533613139274248, 'hidden_continuous_size': 45, 'attention_head_size': 3, 'learning_rate': 0.003712948209862342}. Best is trial 60 with value: 202.10906982421875.
LOCAL_RANK: 0 - CUDA_VISIBLE_DEVICES: [0]
[I 2023-11-30 13:21:22,340] Trial 98 finished with value: 261.7138671875 and parameters: {'gradient_clip_val': 0.5964414296746319, 'hidden_size': 72, 'dropout': 0.18528751877006963, 'hidden_continuous_size': 39, 'attention_head_size': 2, 'learning_rate': 0.0025544537167990684}. Best is trial 60 with value: 202.10906982421875.
LOCAL_RANK: 0 - CUDA_VISIBLE_DEVICES: [0]
[I 2023-11-30 13:21:36,038] Trial 99 finished with value: 359.697509765625 and parameters: {'gradient_clip_val': 0.7473438396010763, 'hidden_size': 94, 'dropout': 0.20236864281717468, 'hidden_continuous_size': 30, 'attention_head_size': 2, 'learning_rate': 0.004035877013741945}. Best is trial 60 with value: 202.10906982421875.
LOCAL_RANK: 0 - CUDA_VISIBLE_DEVICES: [0]
[I 2023-11-30 13:21:49,572] Trial 100 finished with value: 242.8561248779297 and parameters: {'gradient_clip_val': 0.5329743103017617, 'hidden_size': 61, 'dropout': 0.17307077821497832, 'hidden_continuous_size': 33, 'attention_head_size': 3, 'learning_rate': 0.005416755917673748}. Best is trial 60 with value: 202.10906982421875.
LOCAL_RANK: 0 - CUDA_VISIBLE_DEVICES: [0]
[I 2023-11-30 13:22:02,945] Trial 101 finished with value: 227.1501922607422 and parameters: {'gradient_clip_val': 0.5302083460034424, 'hidden_size': 61, 'dropout': 0.17515739212269482, 'hidden_continuous_size': 34, 'attention_head_size': 3, 'learning_rate': 0.005381397902970264}. Best is trial 60 with value: 202.10906982421875.
LOCAL_RANK: 0 - CUDA_VISIBLE_DEVICES: [0]
[I 2023-11-30 13:22:16,381] Trial 102 finished with value: 184.5037078857422 and parameters: {'gradient_clip_val': 0.5613141247006747, 'hidden_size': 65, 'dropout': 0.18037140856951708, 'hidden_continuous_size': 34, 'attention_head_size': 3, 'learning_rate': 0.0047084362086715105}. Best is trial 102 with value: 184.5037078857422.
LOCAL_RANK: 0 - CUDA_VISIBLE_DEVICES: [0]
[I 2023-11-30 13:22:29,996] Trial 103 finished with value: 456.8877258300781 and parameters: {'gradient_clip_val': 0.5505301188921593, 'hidden_size': 56, 'dropout': 0.18143621390999987, 'hidden_continuous_size': 34, 'attention_head_size': 3, 'learning_rate': 0.004400178839224812}. Best is trial 102 with value: 184.5037078857422.
LOCAL_RANK: 0 - CUDA_VISIBLE_DEVICES: [0]
[I 2023-11-30 13:22:43,417] Trial 104 finished with value: 348.7027893066406 and parameters: {'gradient_clip_val': 0.5127593978088251, 'hidden_size': 66, 'dropout': 0.19938963004872012, 'hidden_continuous_size': 31, 'attention_head_size': 3, 'learning_rate': 0.004899531179457313}. Best is trial 102 with value: 184.5037078857422.
LOCAL_RANK: 0 - CUDA_VISIBLE_DEVICES: [0]
[I 2023-11-30 13:22:56,708] Trial 105 finished with value: 295.4504699707031 and parameters: {'gradient_clip_val': 0.46615666649309506, 'hidden_size': 47, 'dropout': 0.1748440234456202, 'hidden_continuous_size': 36, 'attention_head_size': 3, 'learning_rate': 0.006723468482673203}. Best is trial 102 with value: 184.5037078857422.
LOCAL_RANK: 0 - CUDA_VISIBLE_DEVICES: [0]
[I 2023-11-30 13:23:10,295] Trial 106 finished with value: 221.5579376220703 and parameters: {'gradient_clip_val': 0.562029577807302, 'hidden_size': 51, 'dropout': 0.15441231701036895, 'hidden_continuous_size': 34, 'attention_head_size': 3, 'learning_rate': 0.0032974631130382303}. Best is trial 102 with value: 184.5037078857422.
LOCAL_RANK: 0 - CUDA_VISIBLE_DEVICES: [0]
[I 2023-11-30 13:23:23,690] Trial 107 finished with value: 410.1285705566406 and parameters: {'gradient_clip_val': 0.5854206598282488, 'hidden_size': 58, 'dropout': 0.15815241782801773, 'hidden_continuous_size': 32, 'attention_head_size': 3, 'learning_rate': 0.0036472325156748594}. Best is trial 102 with value: 184.5037078857422.
LOCAL_RANK: 0 - CUDA_VISIBLE_DEVICES: [0]
[I 2023-11-30 13:23:37,293] Trial 108 finished with value: 327.6128234863281 and parameters: {'gradient_clip_val': 0.48367728050437997, 'hidden_size': 53, 'dropout': 0.10908502260932057, 'hidden_continuous_size': 34, 'attention_head_size': 3, 'learning_rate': 0.006338417387689248}. Best is trial 102 with value: 184.5037078857422.
LOCAL_RANK: 0 - CUDA_VISIBLE_DEVICES: [0]
[I 2023-11-30 13:23:50,587] Trial 109 finished with value: 206.6896514892578 and parameters: {'gradient_clip_val': 0.5629821013341242, 'hidden_size': 52, 'dropout': 0.15560070221323233, 'hidden_continuous_size': 37, 'attention_head_size': 3, 'learning_rate': 0.00544481887154266}. Best is trial 102 with value: 184.5037078857422.
LOCAL_RANK: 0 - CUDA_VISIBLE_DEVICES: [0]
[I 2023-11-30 13:24:03,907] Trial 110 finished with value: 295.9077453613281 and parameters: {'gradient_clip_val': 0.559622943924541, 'hidden_size': 50, 'dropout': 0.1390771832252217, 'hidden_continuous_size': 35, 'attention_head_size': 3, 'learning_rate': 0.007551964600588887}. Best is trial 102 with value: 184.5037078857422.
LOCAL_RANK: 0 - CUDA_VISIBLE_DEVICES: [0]
[I 2023-11-30 13:24:17,030] Trial 111 finished with value: 259.4784240722656 and parameters: {'gradient_clip_val': 0.6258553682388153, 'hidden_size': 45, 'dropout': 0.16618817377206785, 'hidden_continuous_size': 33, 'attention_head_size': 3, 'learning_rate': 0.005586766053586774}. Best is trial 102 with value: 184.5037078857422.
LOCAL_RANK: 0 - CUDA_VISIBLE_DEVICES: [0]
[I 2023-11-30 13:24:30,480] Trial 112 finished with value: 206.85162353515625 and parameters: {'gradient_clip_val': 0.516455976420111, 'hidden_size': 61, 'dropout': 0.15515757062845537, 'hidden_continuous_size': 39, 'attention_head_size': 3, 'learning_rate': 0.004488730839618436}. Best is trial 102 with value: 184.5037078857422.
LOCAL_RANK: 0 - CUDA_VISIBLE_DEVICES: [0]
[I 2023-11-30 13:24:44,021] Trial 113 finished with value: 253.2502899169922 and parameters: {'gradient_clip_val': 0.5079590708500759, 'hidden_size': 61, 'dropout': 0.1540407125972252, 'hidden_continuous_size': 39, 'attention_head_size': 3, 'learning_rate': 0.005207802047759693}. Best is trial 102 with value: 184.5037078857422.
LOCAL_RANK: 0 - CUDA_VISIBLE_DEVICES: [0]
[I 2023-11-30 13:24:57,285] Trial 114 finished with value: 217.78627014160156 and parameters: {'gradient_clip_val': 0.5531660511323924, 'hidden_size': 53, 'dropout': 0.14872731698019942, 'hidden_continuous_size': 37, 'attention_head_size': 3, 'learning_rate': 0.0044447216263930585}. Best is trial 102 with value: 184.5037078857422.
LOCAL_RANK: 0 - CUDA_VISIBLE_DEVICES: [0]
[I 2023-11-30 13:25:10,574] Trial 115 finished with value: 396.070068359375 and parameters: {'gradient_clip_val': 0.5427897255618097, 'hidden_size': 50, 'dropout': 0.14767365513780567, 'hidden_continuous_size': 37, 'attention_head_size': 3, 'learning_rate': 0.0058292299735366974}. Best is trial 102 with value: 184.5037078857422.
LOCAL_RANK: 0 - CUDA_VISIBLE_DEVICES: [0]
[I 2023-11-30 13:25:23,784] Trial 116 finished with value: 360.7776794433594 and parameters: {'gradient_clip_val': 0.5220617185075574, 'hidden_size': 52, 'dropout': 0.15421521458847856, 'hidden_continuous_size': 40, 'attention_head_size': 3, 'learning_rate': 0.004849079634968671}. Best is trial 102 with value: 184.5037078857422.
LOCAL_RANK: 0 - CUDA_VISIBLE_DEVICES: [0]
[I 2023-11-30 13:25:37,273] Trial 117 finished with value: 281.4162292480469 and parameters: {'gradient_clip_val': 0.46353621496735853, 'hidden_size': 55, 'dropout': 0.16057062128203267, 'hidden_continuous_size': 41, 'attention_head_size': 3, 'learning_rate': 0.0046062485809525424}. Best is trial 102 with value: 184.5037078857422.
LOCAL_RANK: 0 - CUDA_VISIBLE_DEVICES: [0]
[I 2023-11-30 13:25:50,659] Trial 118 finished with value: 423.4646301269531 and parameters: {'gradient_clip_val': 0.4230220757826284, 'hidden_size': 48, 'dropout': 0.1320961497774354, 'hidden_continuous_size': 38, 'attention_head_size': 3, 'learning_rate': 0.0034573873317165996}. Best is trial 102 with value: 184.5037078857422.
LOCAL_RANK: 0 - CUDA_VISIBLE_DEVICES: [0]
[I 2023-11-30 13:26:03,770] Trial 119 finished with value: 409.8642578125 and parameters: {'gradient_clip_val': 0.4894025214547022, 'hidden_size': 43, 'dropout': 0.17300704309060483, 'hidden_continuous_size': 37, 'attention_head_size': 3, 'learning_rate': 0.008228146816210785}. Best is trial 102 with value: 184.5037078857422.
LOCAL_RANK: 0 - CUDA_VISIBLE_DEVICES: [0]
[I 2023-11-30 13:26:17,237] Trial 120 finished with value: 304.6427917480469 and parameters: {'gradient_clip_val': 0.5647287441869493, 'hidden_size': 57, 'dropout': 0.14375730796060432, 'hidden_continuous_size': 35, 'attention_head_size': 3, 'learning_rate': 0.00654040614536622}. Best is trial 102 with value: 184.5037078857422.
LOCAL_RANK: 0 - CUDA_VISIBLE_DEVICES: [0]
[I 2023-11-30 13:26:30,799] Trial 121 finished with value: 363.7591552734375 and parameters: {'gradient_clip_val': 0.5958453186968362, 'hidden_size': 63, 'dropout': 0.12094564002446387, 'hidden_continuous_size': 42, 'attention_head_size': 3, 'learning_rate': 0.003847808388327982}. Best is trial 102 with value: 184.5037078857422.
LOCAL_RANK: 0 - CUDA_VISIBLE_DEVICES: [0]
[I 2023-11-30 13:26:44,172] Trial 122 finished with value: 371.6913757324219 and parameters: {'gradient_clip_val': 0.5388463205912956, 'hidden_size': 53, 'dropout': 0.12715243393579304, 'hidden_continuous_size': 36, 'attention_head_size': 3, 'learning_rate': 0.00427293351715581}. Best is trial 102 with value: 184.5037078857422.
LOCAL_RANK: 0 - CUDA_VISIBLE_DEVICES: [0]
[I 2023-11-30 13:26:57,634] Trial 123 finished with value: 282.4281921386719 and parameters: {'gradient_clip_val': 0.5759632948427182, 'hidden_size': 46, 'dropout': 0.10064717270382646, 'hidden_continuous_size': 34, 'attention_head_size': 3, 'learning_rate': 0.005959862578857806}. Best is trial 102 with value: 184.5037078857422.
LOCAL_RANK: 0 - CUDA_VISIBLE_DEVICES: [0]
[I 2023-11-30 13:27:11,070] Trial 124 finished with value: 249.2800750732422 and parameters: {'gradient_clip_val': 0.6272519012378702, 'hidden_size': 60, 'dropout': 0.15001178192382297, 'hidden_continuous_size': 39, 'attention_head_size': 3, 'learning_rate': 0.0046035363733207164}. Best is trial 102 with value: 184.5037078857422.
LOCAL_RANK: 0 - CUDA_VISIBLE_DEVICES: [0]
[I 2023-11-30 13:27:24,391] Trial 125 finished with value: 208.36968994140625 and parameters: {'gradient_clip_val': 0.5054802954084319, 'hidden_size': 51, 'dropout': 0.13554458653654194, 'hidden_continuous_size': 37, 'attention_head_size': 3, 'learning_rate': 0.005378852079504254}. Best is trial 102 with value: 184.5037078857422.
LOCAL_RANK: 0 - CUDA_VISIBLE_DEVICES: [0]
[I 2023-11-30 13:27:37,630] Trial 126 finished with value: 231.0289306640625 and parameters: {'gradient_clip_val': 0.48961555156821823, 'hidden_size': 51, 'dropout': 0.1378922862725328, 'hidden_continuous_size': 37, 'attention_head_size': 3, 'learning_rate': 0.007198874873588016}. Best is trial 102 with value: 184.5037078857422.
LOCAL_RANK: 0 - CUDA_VISIBLE_DEVICES: [0]
[I 2023-11-30 13:27:50,777] Trial 127 finished with value: 275.5975646972656 and parameters: {'gradient_clip_val': 0.509791731673753, 'hidden_size': 56, 'dropout': 0.1560179307074659, 'hidden_continuous_size': 32, 'attention_head_size': 3, 'learning_rate': 0.005218639314032399}. Best is trial 102 with value: 184.5037078857422.
LOCAL_RANK: 0 - CUDA_VISIBLE_DEVICES: [0]
[I 2023-11-30 13:28:04,419] Trial 128 finished with value: 211.69664001464844 and parameters: {'gradient_clip_val': 0.45422002762647445, 'hidden_size': 50, 'dropout': 0.16454302104116206, 'hidden_continuous_size': 39, 'attention_head_size': 3, 'learning_rate': 0.005695674052148361}. Best is trial 102 with value: 184.5037078857422.
LOCAL_RANK: 0 - CUDA_VISIBLE_DEVICES: [0]
[I 2023-11-30 13:28:17,494] Trial 129 finished with value: 291.51605224609375 and parameters: {'gradient_clip_val': 0.5261065731888437, 'hidden_size': 41, 'dropout': 0.16589934768223405, 'hidden_continuous_size': 38, 'attention_head_size': 3, 'learning_rate': 0.006269794953771376}. Best is trial 102 with value: 184.5037078857422.
LOCAL_RANK: 0 - CUDA_VISIBLE_DEVICES: [0]
[I 2023-11-30 13:28:30,736] Trial 130 finished with value: 344.924560546875 and parameters: {'gradient_clip_val': 0.45362123031774154, 'hidden_size': 47, 'dropout': 0.17999091521454127, 'hidden_continuous_size': 35, 'attention_head_size': 3, 'learning_rate': 0.005548294167383182}. Best is trial 102 with value: 184.5037078857422.
LOCAL_RANK: 0 - CUDA_VISIBLE_DEVICES: [0]
[I 2023-11-30 13:28:44,202] Trial 131 finished with value: 234.4810791015625 and parameters: {'gradient_clip_val': 0.44826130796590197, 'hidden_size': 49, 'dropout': 0.1692822100284947, 'hidden_continuous_size': 40, 'attention_head_size': 3, 'learning_rate': 0.004928134828221253}. Best is trial 102 with value: 184.5037078857422.
LOCAL_RANK: 0 - CUDA_VISIBLE_DEVICES: [0]
[I 2023-11-30 13:28:57,717] Trial 132 finished with value: 216.05596923828125 and parameters: {'gradient_clip_val': 0.4287834573237846, 'hidden_size': 58, 'dropout': 0.1614989786522752, 'hidden_continuous_size': 42, 'attention_head_size': 3, 'learning_rate': 0.004203428805885339}. Best is trial 102 with value: 184.5037078857422.
LOCAL_RANK: 0 - CUDA_VISIBLE_DEVICES: [0]
[I 2023-11-30 13:29:11,420] Trial 133 finished with value: 256.0819396972656 and parameters: {'gradient_clip_val': 0.4320380952724353, 'hidden_size': 54, 'dropout': 0.15905490685670678, 'hidden_continuous_size': 41, 'attention_head_size': 3, 'learning_rate': 0.004080774464795392}. Best is trial 102 with value: 184.5037078857422.
LOCAL_RANK: 0 - CUDA_VISIBLE_DEVICES: [0]
[I 2023-11-30 13:29:24,855] Trial 134 finished with value: 219.8928985595703 and parameters: {'gradient_clip_val': 0.4792427329752424, 'hidden_size': 58, 'dropout': 0.14504969906032553, 'hidden_continuous_size': 44, 'attention_head_size': 3, 'learning_rate': 0.004561298419189969}. Best is trial 102 with value: 184.5037078857422.
LOCAL_RANK: 0 - CUDA_VISIBLE_DEVICES: [0]
[I 2023-11-30 13:29:38,163] Trial 135 finished with value: 301.5892028808594 and parameters: {'gradient_clip_val': 0.4727683353071496, 'hidden_size': 45, 'dropout': 0.14694293761750304, 'hidden_continuous_size': 39, 'attention_head_size': 3, 'learning_rate': 0.004532877476253423}. Best is trial 102 with value: 184.5037078857422.
LOCAL_RANK: 0 - CUDA_VISIBLE_DEVICES: [0]
[I 2023-11-30 13:29:51,555] Trial 136 finished with value: 392.8487243652344 and parameters: {'gradient_clip_val': 0.38132048405391517, 'hidden_size': 51, 'dropout': 0.14200125829109594, 'hidden_continuous_size': 43, 'attention_head_size': 3, 'learning_rate': 0.003554804679839301}. Best is trial 102 with value: 184.5037078857422.
LOCAL_RANK: 0 - CUDA_VISIBLE_DEVICES: [0]
[I 2023-11-30 13:30:05,144] Trial 137 finished with value: 247.6242218017578 and parameters: {'gradient_clip_val': 0.4874722965592817, 'hidden_size': 65, 'dropout': 0.15305718154366044, 'hidden_continuous_size': 44, 'attention_head_size': 3, 'learning_rate': 0.004158236752618363}. Best is trial 102 with value: 184.5037078857422.
LOCAL_RANK: 0 - CUDA_VISIBLE_DEVICES: [0]
[I 2023-11-30 13:30:18,689] Trial 138 finished with value: 363.909423828125 and parameters: {'gradient_clip_val': 0.4232710071290305, 'hidden_size': 56, 'dropout': 0.1625497668131734, 'hidden_continuous_size': 42, 'attention_head_size': 3, 'learning_rate': 0.0032896385464391865}. Best is trial 102 with value: 184.5037078857422.
LOCAL_RANK: 0 - CUDA_VISIBLE_DEVICES: [0]
[I 2023-11-30 13:30:32,251] Trial 139 finished with value: 271.2435607910156 and parameters: {'gradient_clip_val': 0.4627444874849777, 'hidden_size': 58, 'dropout': 0.13708392796253627, 'hidden_continuous_size': 47, 'attention_head_size': 3, 'learning_rate': 0.005877145288571776}. Best is trial 102 with value: 184.5037078857422.
LOCAL_RANK: 0 - CUDA_VISIBLE_DEVICES: [0]
[I 2023-11-30 13:30:45,353] Trial 140 finished with value: 339.50909423828125 and parameters: {'gradient_clip_val': 0.5988271254128589, 'hidden_size': 39, 'dropout': 0.18398125550991815, 'hidden_continuous_size': 37, 'attention_head_size': 3, 'learning_rate': 0.004890480691017798}. Best is trial 102 with value: 184.5037078857422.
LOCAL_RANK: 0 - CUDA_VISIBLE_DEVICES: [0]
[I 2023-11-30 13:30:58,706] Trial 141 finished with value: 335.6809997558594 and parameters: {'gradient_clip_val': 0.5502434953197037, 'hidden_size': 60, 'dropout': 0.17428802599052948, 'hidden_continuous_size': 41, 'attention_head_size': 3, 'learning_rate': 0.005395583746498707}. Best is trial 102 with value: 184.5037078857422.
LOCAL_RANK: 0 - CUDA_VISIBLE_DEVICES: [0]
[I 2023-11-30 13:31:12,081] Trial 142 finished with value: 274.9341735839844 and parameters: {'gradient_clip_val': 0.505047082017136, 'hidden_size': 53, 'dropout': 0.1503054879080456, 'hidden_continuous_size': 33, 'attention_head_size': 3, 'learning_rate': 0.0038757716285211753}. Best is trial 102 with value: 184.5037078857422.
LOCAL_RANK: 0 - CUDA_VISIBLE_DEVICES: [0]
[I 2023-11-30 13:31:25,809] Trial 143 finished with value: 281.592529296875 and parameters: {'gradient_clip_val': 0.5300046321816102, 'hidden_size': 63, 'dropout': 0.16644357195964482, 'hidden_continuous_size': 39, 'attention_head_size': 3, 'learning_rate': 0.00669378203091496}. Best is trial 102 with value: 184.5037078857422.
LOCAL_RANK: 0 - CUDA_VISIBLE_DEVICES: [0]
[I 2023-11-30 13:31:38,975] Trial 144 finished with value: 257.6071472167969 and parameters: {'gradient_clip_val': 0.5590319977136385, 'hidden_size': 48, 'dropout': 0.15715618638158074, 'hidden_continuous_size': 36, 'attention_head_size': 3, 'learning_rate': 0.004548150306716419}. Best is trial 102 with value: 184.5037078857422.
LOCAL_RANK: 0 - CUDA_VISIBLE_DEVICES: [0]
