[I 2023-11-30 14:52:40,575] Trial 44 finished with value: 74.67256164550781 and parameters: {'gradient_clip_val': 0.9169303074094077, 'hidden_size': 19, 'dropout': 0.32470592321740954, 'hidden_continuous_size': 12, 'attention_head_size': 3, 'learning_rate': 0.012271200407292961}. Best is trial 29 with value: 63.70220947265625.
LOCAL_RANK: 0 - CUDA_VISIBLE_DEVICES: [0]
[I 2023-11-30 14:52:53,113] Trial 45 finished with value: 75.2271499633789 and parameters: {'gradient_clip_val': 0.7766245142148225, 'hidden_size': 23, 'dropout': 0.3673224514298546, 'hidden_continuous_size': 13, 'attention_head_size': 4, 'learning_rate': 0.0956797814566081}. Best is trial 29 with value: 63.70220947265625.
LOCAL_RANK: 0 - CUDA_VISIBLE_DEVICES: [0]
[I 2023-11-30 14:53:05,817] Trial 46 finished with value: 68.1506576538086 and parameters: {'gradient_clip_val': 0.6536539719570142, 'hidden_size': 33, 'dropout': 0.32849238872024467, 'hidden_continuous_size': 16, 'attention_head_size': 2, 'learning_rate': 0.01489153448669271}. Best is trial 29 with value: 63.70220947265625.
LOCAL_RANK: 0 - CUDA_VISIBLE_DEVICES: [0]
[I 2023-11-30 14:53:17,937] Trial 47 finished with value: 73.1082534790039 and parameters: {'gradient_clip_val': 0.7122554835220384, 'hidden_size': 16, 'dropout': 0.347502511036474, 'hidden_continuous_size': 12, 'attention_head_size': 4, 'learning_rate': 0.019591107853051026}. Best is trial 29 with value: 63.70220947265625.
LOCAL_RANK: 0 - CUDA_VISIBLE_DEVICES: [0]
[I 2023-11-30 14:53:30,540] Trial 48 finished with value: 69.53508758544922 and parameters: {'gradient_clip_val': 0.8948103006269197, 'hidden_size': 25, 'dropout': 0.31212994359267454, 'hidden_continuous_size': 14, 'attention_head_size': 3, 'learning_rate': 0.007370552535929167}. Best is trial 29 with value: 63.70220947265625.
LOCAL_RANK: 0 - CUDA_VISIBLE_DEVICES: [0]
[I 2023-11-30 14:53:42,536] Trial 49 finished with value: 78.05908203125 and parameters: {'gradient_clip_val': 0.7669672288723088, 'hidden_size': 19, 'dropout': 0.34765241018288984, 'hidden_continuous_size': 13, 'attention_head_size': 1, 'learning_rate': 0.010625637389901348}. Best is trial 29 with value: 63.70220947265625.
LOCAL_RANK: 0 - CUDA_VISIBLE_DEVICES: [0]
[I 2023-11-30 14:53:54,765] Trial 50 finished with value: 68.47867584228516 and parameters: {'gradient_clip_val': 0.9942807212651462, 'hidden_size': 17, 'dropout': 0.384696845796853, 'hidden_continuous_size': 12, 'attention_head_size': 3, 'learning_rate': 0.0592052507023036}. Best is trial 29 with value: 63.70220947265625.
LOCAL_RANK: 0 - CUDA_VISIBLE_DEVICES: [0]
[I 2023-11-30 14:54:07,114] Trial 51 finished with value: 73.60784912109375 and parameters: {'gradient_clip_val': 0.8564672296505227, 'hidden_size': 26, 'dropout': 0.37089446704315476, 'hidden_continuous_size': 13, 'attention_head_size': 3, 'learning_rate': 0.00888739724687306}. Best is trial 29 with value: 63.70220947265625.
LOCAL_RANK: 0 - CUDA_VISIBLE_DEVICES: [0]
[I 2023-11-30 14:54:19,445] Trial 52 finished with value: 72.78904724121094 and parameters: {'gradient_clip_val': 0.9306420549675628, 'hidden_size': 21, 'dropout': 0.3877448574330575, 'hidden_continuous_size': 12, 'attention_head_size': 3, 'learning_rate': 0.009125357353662928}. Best is trial 29 with value: 63.70220947265625.
LOCAL_RANK: 0 - CUDA_VISIBLE_DEVICES: [0]
[I 2023-11-30 14:54:32,108] Trial 53 finished with value: 66.43878936767578 and parameters: {'gradient_clip_val': 0.8228515085067386, 'hidden_size': 29, 'dropout': 0.36982265565609546, 'hidden_continuous_size': 15, 'attention_head_size': 3, 'learning_rate': 0.006397095794892792}. Best is trial 29 with value: 63.70220947265625.
LOCAL_RANK: 0 - CUDA_VISIBLE_DEVICES: [0]
[I 2023-11-30 14:54:44,804] Trial 54 finished with value: 67.2421646118164 and parameters: {'gradient_clip_val': 0.9092079835022719, 'hidden_size': 36, 'dropout': 0.36150845347791954, 'hidden_continuous_size': 17, 'attention_head_size': 4, 'learning_rate': 0.014224366945367621}. Best is trial 29 with value: 63.70220947265625.
LOCAL_RANK: 0 - CUDA_VISIBLE_DEVICES: [0]
[I 2023-11-30 14:54:57,632] Trial 55 finished with value: 65.59219360351562 and parameters: {'gradient_clip_val': 0.7162285228906788, 'hidden_size': 41, 'dropout': 0.3274561343657659, 'hidden_continuous_size': 21, 'attention_head_size': 3, 'learning_rate': 0.010831295367338345}. Best is trial 29 with value: 63.70220947265625.
LOCAL_RANK: 0 - CUDA_VISIBLE_DEVICES: [0]
[I 2023-11-30 14:55:10,205] Trial 56 finished with value: 76.62966918945312 and parameters: {'gradient_clip_val': 0.7143150523505443, 'hidden_size': 40, 'dropout': 0.33206307795935497, 'hidden_continuous_size': 24, 'attention_head_size': 2, 'learning_rate': 0.027550676238352837}. Best is trial 29 with value: 63.70220947265625.
LOCAL_RANK: 0 - CUDA_VISIBLE_DEVICES: [0]
[I 2023-11-30 14:55:23,145] Trial 57 finished with value: 62.1993293762207 and parameters: {'gradient_clip_val': 0.6111562772250665, 'hidden_size': 43, 'dropout': 0.31652153756889806, 'hidden_continuous_size': 19, 'attention_head_size': 4, 'learning_rate': 0.004985534473416333}. Best is trial 57 with value: 62.1993293762207.
LOCAL_RANK: 0 - CUDA_VISIBLE_DEVICES: [0]
[I 2023-11-30 14:55:36,138] Trial 58 finished with value: 65.49939727783203 and parameters: {'gradient_clip_val': 0.5798893629307865, 'hidden_size': 47, 'dropout': 0.30184778826076725, 'hidden_continuous_size': 19, 'attention_head_size': 4, 'learning_rate': 0.004659811730338719}. Best is trial 57 with value: 62.1993293762207.
LOCAL_RANK: 0 - CUDA_VISIBLE_DEVICES: [0]
[I 2023-11-30 14:55:48,618] Trial 59 finished with value: 102.9628677368164 and parameters: {'gradient_clip_val': 0.6260047304830055, 'hidden_size': 14, 'dropout': 0.28193523408110743, 'hidden_continuous_size': 11, 'attention_head_size': 4, 'learning_rate': 0.007535742354417329}. Best is trial 57 with value: 62.1993293762207.
LOCAL_RANK: 0 - CUDA_VISIBLE_DEVICES: [0]
[I 2023-11-30 14:56:01,070] Trial 60 finished with value: 76.62299346923828 and parameters: {'gradient_clip_val': 0.7802015880514388, 'hidden_size': 23, 'dropout': 0.31464599625939377, 'hidden_continuous_size': 16, 'attention_head_size': 4, 'learning_rate': 0.005565470319735213}. Best is trial 57 with value: 62.1993293762207.
LOCAL_RANK: 0 - CUDA_VISIBLE_DEVICES: [0]
[I 2023-11-30 14:56:13,886] Trial 61 finished with value: 66.7177734375 and parameters: {'gradient_clip_val': 0.5613676576128785, 'hidden_size': 47, 'dropout': 0.29866531632277865, 'hidden_continuous_size': 18, 'attention_head_size': 4, 'learning_rate': 0.004255133660140171}. Best is trial 57 with value: 62.1993293762207.
LOCAL_RANK: 0 - CUDA_VISIBLE_DEVICES: [0]
[I 2023-11-30 14:56:26,938] Trial 62 finished with value: 67.72396087646484 and parameters: {'gradient_clip_val': 0.6679696653818226, 'hidden_size': 49, 'dropout': 0.26009105691847556, 'hidden_continuous_size': 20, 'attention_head_size': 4, 'learning_rate': 0.005174957794811274}. Best is trial 57 with value: 62.1993293762207.
LOCAL_RANK: 0 - CUDA_VISIBLE_DEVICES: [0]
[I 2023-11-30 14:56:40,278] Trial 63 finished with value: 71.04281616210938 and parameters: {'gradient_clip_val': 0.8101950197254955, 'hidden_size': 54, 'dropout': 0.3031120755628886, 'hidden_continuous_size': 22, 'attention_head_size': 4, 'learning_rate': 0.007190345449086688}. Best is trial 57 with value: 62.1993293762207.
LOCAL_RANK: 0 - CUDA_VISIBLE_DEVICES: [0]
[I 2023-11-30 14:56:53,048] Trial 64 finished with value: 66.06939697265625 and parameters: {'gradient_clip_val': 0.7426702902172213, 'hidden_size': 31, 'dropout': 0.2855812150902458, 'hidden_continuous_size': 19, 'attention_head_size': 4, 'learning_rate': 0.0034180063797036257}. Best is trial 57 with value: 62.1993293762207.
LOCAL_RANK: 0 - CUDA_VISIBLE_DEVICES: [0]
[I 2023-11-30 14:57:05,777] Trial 65 finished with value: 63.15522384643555 and parameters: {'gradient_clip_val': 0.5897369926808316, 'hidden_size': 36, 'dropout': 0.31837525453687876, 'hidden_continuous_size': 19, 'attention_head_size': 4, 'learning_rate': 0.017100203859847375}. Best is trial 57 with value: 62.1993293762207.
LOCAL_RANK: 0 - CUDA_VISIBLE_DEVICES: [0]
[I 2023-11-30 14:57:18,040] Trial 66 finished with value: 62.4213981628418 and parameters: {'gradient_clip_val': 0.8416608450151324, 'hidden_size': 20, 'dropout': 0.3422877700951908, 'hidden_continuous_size': 17, 'attention_head_size': 4, 'learning_rate': 0.016890482503702346}. Best is trial 57 with value: 62.1993293762207.
LOCAL_RANK: 0 - CUDA_VISIBLE_DEVICES: [0]
[I 2023-11-30 14:57:30,883] Trial 67 finished with value: 71.30072784423828 and parameters: {'gradient_clip_val': 0.6345100881704709, 'hidden_size': 37, 'dropout': 0.3410749895280048, 'hidden_continuous_size': 17, 'attention_head_size': 4, 'learning_rate': 0.016886385445291446}. Best is trial 57 with value: 62.1993293762207.
LOCAL_RANK: 0 - CUDA_VISIBLE_DEVICES: [0]
[I 2023-11-30 14:57:43,563] Trial 68 finished with value: 69.32154083251953 and parameters: {'gradient_clip_val': 0.685292302649506, 'hidden_size': 28, 'dropout': 0.320882049790405, 'hidden_continuous_size': 18, 'attention_head_size': 4, 'learning_rate': 0.013011286082918481}. Best is trial 57 with value: 62.1993293762207.
LOCAL_RANK: 0 - CUDA_VISIBLE_DEVICES: [0]
[I 2023-11-30 14:57:55,772] Trial 69 finished with value: 64.52986907958984 and parameters: {'gradient_clip_val': 0.840039281390816, 'hidden_size': 20, 'dropout': 0.3589039195073831, 'hidden_continuous_size': 18, 'attention_head_size': 4, 'learning_rate': 0.010973844406738454}. Best is trial 57 with value: 62.1993293762207.
LOCAL_RANK: 0 - CUDA_VISIBLE_DEVICES: [0]
[I 2023-11-30 14:58:08,246] Trial 70 finished with value: 72.08935546875 and parameters: {'gradient_clip_val': 0.5281298844116381, 'hidden_size': 21, 'dropout': 0.3561131259483609, 'hidden_continuous_size': 18, 'attention_head_size': 4, 'learning_rate': 0.03356202998456512}. Best is trial 57 with value: 62.1993293762207.
LOCAL_RANK: 0 - CUDA_VISIBLE_DEVICES: [0]
[I 2023-11-30 14:58:20,315] Trial 71 finished with value: 74.29203033447266 and parameters: {'gradient_clip_val': 0.8353305791951556, 'hidden_size': 20, 'dropout': 0.3357204581234485, 'hidden_continuous_size': 18, 'attention_head_size': 4, 'learning_rate': 0.02024384442895212}. Best is trial 57 with value: 62.1993293762207.
LOCAL_RANK: 0 - CUDA_VISIBLE_DEVICES: [0]
[I 2023-11-30 14:58:32,588] Trial 72 finished with value: 74.29290008544922 and parameters: {'gradient_clip_val': 0.7739078550413179, 'hidden_size': 24, 'dropout': 0.34736430688043135, 'hidden_continuous_size': 19, 'attention_head_size': 4, 'learning_rate': 0.01727786817555871}. Best is trial 57 with value: 62.1993293762207.
LOCAL_RANK: 0 - CUDA_VISIBLE_DEVICES: [0]
[I 2023-11-30 14:58:45,281] Trial 73 finished with value: 75.01873779296875 and parameters: {'gradient_clip_val': 0.9465745575599304, 'hidden_size': 26, 'dropout': 0.36046569006721557, 'hidden_continuous_size': 17, 'attention_head_size': 4, 'learning_rate': 0.011048398036177942}. Best is trial 57 with value: 62.1993293762207.
LOCAL_RANK: 0 - CUDA_VISIBLE_DEVICES: [0]
[I 2023-11-30 14:58:57,684] Trial 74 finished with value: 75.05101776123047 and parameters: {'gradient_clip_val': 0.8743003722560768, 'hidden_size': 22, 'dropout': 0.3761210966285812, 'hidden_continuous_size': 19, 'attention_head_size': 4, 'learning_rate': 0.008239295187835557}. Best is trial 57 with value: 62.1993293762207.
LOCAL_RANK: 0 - CUDA_VISIBLE_DEVICES: [0]
[I 2023-11-30 14:59:10,127] Trial 75 finished with value: 75.58517456054688 and parameters: {'gradient_clip_val': 0.9464161328728314, 'hidden_size': 17, 'dropout': 0.34043904580532514, 'hidden_continuous_size': 15, 'attention_head_size': 4, 'learning_rate': 0.009930208617748652}. Best is trial 57 with value: 62.1993293762207.
LOCAL_RANK: 0 - CUDA_VISIBLE_DEVICES: [0]
[I 2023-11-30 14:59:22,912] Trial 76 finished with value: 67.94210052490234 and parameters: {'gradient_clip_val': 0.6080914767098965, 'hidden_size': 31, 'dropout': 0.3512791641426077, 'hidden_continuous_size': 20, 'attention_head_size': 4, 'learning_rate': 0.013957209380016853}. Best is trial 57 with value: 62.1993293762207.
LOCAL_RANK: 0 - CUDA_VISIBLE_DEVICES: [0]
[I 2023-11-30 14:59:35,271] Trial 77 finished with value: 70.2386245727539 and parameters: {'gradient_clip_val': 0.8351477271199447, 'hidden_size': 18, 'dropout': 0.3644170149861419, 'hidden_continuous_size': 14, 'attention_head_size': 4, 'learning_rate': 0.016546026027181155}. Best is trial 57 with value: 62.1993293762207.
LOCAL_RANK: 0 - CUDA_VISIBLE_DEVICES: [0]
[I 2023-11-30 14:59:48,324] Trial 78 finished with value: 69.10758209228516 and parameters: {'gradient_clip_val': 0.7466195368725835, 'hidden_size': 35, 'dropout': 0.3916858207665235, 'hidden_continuous_size': 20, 'attention_head_size': 4, 'learning_rate': 0.012174680100759195}. Best is trial 57 with value: 62.1993293762207.
LOCAL_RANK: 0 - CUDA_VISIBLE_DEVICES: [0]
[I 2023-11-30 15:00:01,160] Trial 79 finished with value: 70.2698745727539 and parameters: {'gradient_clip_val': 0.6707840961542856, 'hidden_size': 33, 'dropout': 0.3188688261229096, 'hidden_continuous_size': 16, 'attention_head_size': 4, 'learning_rate': 0.023938173393880328}. Best is trial 57 with value: 62.1993293762207.
LOCAL_RANK: 0 - CUDA_VISIBLE_DEVICES: [0]
[I 2023-11-30 15:00:13,552] Trial 80 finished with value: 86.6050033569336 and parameters: {'gradient_clip_val': 0.8773970630868738, 'hidden_size': 15, 'dropout': 0.3332877439081624, 'hidden_continuous_size': 13, 'attention_head_size': 4, 'learning_rate': 0.0068355914405083835}. Best is trial 57 with value: 62.1993293762207.
LOCAL_RANK: 0 - CUDA_VISIBLE_DEVICES: [0]
[I 2023-11-30 15:00:25,537] Trial 81 finished with value: 65.29340362548828 and parameters: {'gradient_clip_val': 0.9584526756666657, 'hidden_size': 20, 'dropout': 0.3791816921431714, 'hidden_continuous_size': 11, 'attention_head_size': 1, 'learning_rate': 0.031053230384672784}. Best is trial 57 with value: 62.1993293762207.
LOCAL_RANK: 0 - CUDA_VISIBLE_DEVICES: [0]
[I 2023-11-30 15:00:37,554] Trial 82 finished with value: 65.9252700805664 and parameters: {'gradient_clip_val': 0.8023907514242479, 'hidden_size': 16, 'dropout': 0.3122235232273589, 'hidden_continuous_size': 11, 'attention_head_size': 2, 'learning_rate': 0.02244040198229281}. Best is trial 57 with value: 62.1993293762207.
LOCAL_RANK: 0 - CUDA_VISIBLE_DEVICES: [0]
[I 2023-11-30 15:00:50,089] Trial 83 finished with value: 68.87876892089844 and parameters: {'gradient_clip_val': 0.999396405111043, 'hidden_size': 19, 'dropout': 0.35679095649712883, 'hidden_continuous_size': 10, 'attention_head_size': 4, 'learning_rate': 0.07952292738268088}. Best is trial 57 with value: 62.1993293762207.
LOCAL_RANK: 0 - CUDA_VISIBLE_DEVICES: [0]
[I 2023-11-30 15:01:02,141] Trial 84 finished with value: 73.68651580810547 and parameters: {'gradient_clip_val': 0.9048621522143151, 'hidden_size': 13, 'dropout': 0.3226900173372343, 'hidden_continuous_size': 11, 'attention_head_size': 1, 'learning_rate': 0.015340501537704594}. Best is trial 57 with value: 62.1993293762207.
LOCAL_RANK: 0 - CUDA_VISIBLE_DEVICES: [0]
[I 2023-11-30 15:01:14,761] Trial 85 finished with value: 70.7685546875 and parameters: {'gradient_clip_val': 0.756244279004836, 'hidden_size': 22, 'dropout': 0.29195182729900815, 'hidden_continuous_size': 17, 'attention_head_size': 4, 'learning_rate': 0.009913907026973671}. Best is trial 57 with value: 62.1993293762207.
LOCAL_RANK: 0 - CUDA_VISIBLE_DEVICES: [0]
[I 2023-11-30 15:01:27,936] Trial 86 finished with value: 117.1824722290039 and parameters: {'gradient_clip_val': 0.8666317949787747, 'hidden_size': 11, 'dropout': 0.3461809075739726, 'hidden_continuous_size': 10, 'attention_head_size': 4, 'learning_rate': 0.007869006007953577}. Best is trial 57 with value: 62.1993293762207.
LOCAL_RANK: 0 - CUDA_VISIBLE_DEVICES: [0]
[I 2023-11-30 15:01:40,652] Trial 87 finished with value: 66.27609252929688 and parameters: {'gradient_clip_val': 0.7011101697849533, 'hidden_size': 18, 'dropout': 0.36744940886011557, 'hidden_continuous_size': 14, 'attention_head_size': 2, 'learning_rate': 0.018476007324861436}. Best is trial 57 with value: 62.1993293762207.
LOCAL_RANK: 0 - CUDA_VISIBLE_DEVICES: [0]
[I 2023-11-30 15:01:53,598] Trial 88 finished with value: 73.06717681884766 and parameters: {'gradient_clip_val': 0.8096858623630104, 'hidden_size': 24, 'dropout': 0.34231723322261226, 'hidden_continuous_size': 18, 'attention_head_size': 3, 'learning_rate': 0.0523863708349058}. Best is trial 57 with value: 62.1993293762207.
LOCAL_RANK: 0 - CUDA_VISIBLE_DEVICES: [0]
[I 2023-11-30 15:02:07,321] Trial 89 finished with value: 74.473876953125 and parameters: {'gradient_clip_val': 0.9211187158023297, 'hidden_size': 38, 'dropout': 0.33014823646958397, 'hidden_continuous_size': 21, 'attention_head_size': 4, 'learning_rate': 0.011810865696654247}. Best is trial 57 with value: 62.1993293762207.
LOCAL_RANK: 0 - CUDA_VISIBLE_DEVICES: [0]
[I 2023-11-30 15:02:20,457] Trial 90 finished with value: 73.07482147216797 and parameters: {'gradient_clip_val': 0.7319344510299266, 'hidden_size': 16, 'dropout': 0.3551833707972766, 'hidden_continuous_size': 12, 'attention_head_size': 1, 'learning_rate': 0.043359748937773425}. Best is trial 57 with value: 62.1993293762207.
LOCAL_RANK: 0 - CUDA_VISIBLE_DEVICES: [0]
[I 2023-11-30 15:02:33,519] Trial 91 finished with value: 71.86481475830078 and parameters: {'gradient_clip_val': 0.9548061777974661, 'hidden_size': 20, 'dropout': 0.37378530336227694, 'hidden_continuous_size': 11, 'attention_head_size': 1, 'learning_rate': 0.029772714082127692}. Best is trial 57 with value: 62.1993293762207.
LOCAL_RANK: 0 - CUDA_VISIBLE_DEVICES: [0]
[I 2023-11-30 15:02:46,240] Trial 92 finished with value: 67.01318359375 and parameters: {'gradient_clip_val': 0.9519698891922636, 'hidden_size': 20, 'dropout': 0.38287969371908, 'hidden_continuous_size': 11, 'attention_head_size': 1, 'learning_rate': 0.026384715298980614}. Best is trial 57 with value: 62.1993293762207.
LOCAL_RANK: 0 - CUDA_VISIBLE_DEVICES: [0]
[I 2023-11-30 15:02:59,291] Trial 93 finished with value: 74.51932525634766 and parameters: {'gradient_clip_val': 0.8759873391531281, 'hidden_size': 14, 'dropout': 0.3925367626868379, 'hidden_continuous_size': 11, 'attention_head_size': 1, 'learning_rate': 0.013571999930857852}. Best is trial 57 with value: 62.1993293762207.
LOCAL_RANK: 0 - CUDA_VISIBLE_DEVICES: [0]
[I 2023-11-30 15:03:12,432] Trial 94 finished with value: 63.1053466796875 and parameters: {'gradient_clip_val': 0.8187062844516175, 'hidden_size': 17, 'dropout': 0.37992691399516404, 'hidden_continuous_size': 15, 'attention_head_size': 1, 'learning_rate': 0.020770976723325153}. Best is trial 57 with value: 62.1993293762207.
LOCAL_RANK: 0 - CUDA_VISIBLE_DEVICES: [0]
[I 2023-11-30 15:03:25,502] Trial 95 finished with value: 71.59282684326172 and parameters: {'gradient_clip_val': 0.791083946037694, 'hidden_size': 15, 'dropout': 0.3668104748054492, 'hidden_continuous_size': 14, 'attention_head_size': 1, 'learning_rate': 0.021312754796440125}. Best is trial 57 with value: 62.1993293762207.
LOCAL_RANK: 0 - CUDA_VISIBLE_DEVICES: [0]
[I 2023-11-30 15:03:38,477] Trial 96 finished with value: 73.88492584228516 and parameters: {'gradient_clip_val': 0.8463658363447274, 'hidden_size': 17, 'dropout': 0.37691840856981484, 'hidden_continuous_size': 15, 'attention_head_size': 2, 'learning_rate': 0.014683248532571757}. Best is trial 57 with value: 62.1993293762207.
LOCAL_RANK: 0 - CUDA_VISIBLE_DEVICES: [0]
[I 2023-11-30 15:03:50,769] Trial 97 finished with value: 78.20269012451172 and parameters: {'gradient_clip_val': 0.6918165668725026, 'hidden_size': 12, 'dropout': 0.36279523477143927, 'hidden_continuous_size': 12, 'attention_head_size': 4, 'learning_rate': 0.011422406249436521}. Best is trial 57 with value: 62.1993293762207.
LOCAL_RANK: 0 - CUDA_VISIBLE_DEVICES: [0]
[I 2023-11-30 15:04:04,650] Trial 98 finished with value: 72.89530944824219 and parameters: {'gradient_clip_val': 0.7635899843649481, 'hidden_size': 27, 'dropout': 0.3075090815619534, 'hidden_continuous_size': 16, 'attention_head_size': 1, 'learning_rate': 0.018551166690680677}. Best is trial 57 with value: 62.1993293762207.
LOCAL_RANK: 0 - CUDA_VISIBLE_DEVICES: [0]
[I 2023-11-30 15:04:17,847] Trial 99 finished with value: 69.60802459716797 and parameters: {'gradient_clip_val': 0.8273199184295111, 'hidden_size': 25, 'dropout': 0.3512351034496121, 'hidden_continuous_size': 17, 'attention_head_size': 4, 'learning_rate': 0.06673399323227233}. Best is trial 57 with value: 62.1993293762207.
LOCAL_RANK: 0 - CUDA_VISIBLE_DEVICES: [0]
[I 2023-11-30 15:04:32,037] Trial 100 finished with value: 68.94830322265625 and parameters: {'gradient_clip_val': 0.6502404775489726, 'hidden_size': 18, 'dropout': 0.3370475210556092, 'hidden_continuous_size': 13, 'attention_head_size': 4, 'learning_rate': 0.0130368141454193}. Best is trial 57 with value: 62.1993293762207.
LOCAL_RANK: 0 - CUDA_VISIBLE_DEVICES: [0]
[I 2023-11-30 15:04:46,438] Trial 101 finished with value: 64.27335357666016 and parameters: {'gradient_clip_val': 0.8932710294237345, 'hidden_size': 21, 'dropout': 0.37977819129788903, 'hidden_continuous_size': 18, 'attention_head_size': 1, 'learning_rate': 0.02561977639573293}. Best is trial 57 with value: 62.1993293762207.
LOCAL_RANK: 0 - CUDA_VISIBLE_DEVICES: [0]
[I 2023-11-30 15:05:00,568] Trial 102 finished with value: 69.00774383544922 and parameters: {'gradient_clip_val': 0.8983872295008185, 'hidden_size': 22, 'dropout': 0.3703525207337356, 'hidden_continuous_size': 18, 'attention_head_size': 1, 'learning_rate': 0.025224559220745842}. Best is trial 57 with value: 62.1993293762207.
LOCAL_RANK: 0 - CUDA_VISIBLE_DEVICES: [0]
