[I 2023-11-30 13:31:52,630] Trial 145 finished with value: 225.37823486328125 and parameters: {'gradient_clip_val': 0.48575239181845925, 'hidden_size': 69, 'dropout': 0.17853939301541408, 'hidden_continuous_size': 45, 'attention_head_size': 3, 'learning_rate': 0.005205038966409363}. Best is trial 102 with value: 184.5037078857422.
LOCAL_RANK: 0 - CUDA_VISIBLE_DEVICES: [0]
[I 2023-11-30 13:32:06,242] Trial 146 finished with value: 290.6126403808594 and parameters: {'gradient_clip_val': 0.44377339499368723, 'hidden_size': 68, 'dropout': 0.19003219836453736, 'hidden_continuous_size': 45, 'attention_head_size': 3, 'learning_rate': 0.0028738526122540397}. Best is trial 102 with value: 184.5037078857422.
LOCAL_RANK: 0 - CUDA_VISIBLE_DEVICES: [0]
[I 2023-11-30 13:32:20,005] Trial 147 finished with value: 312.6080322265625 and parameters: {'gradient_clip_val': 0.48219761975080944, 'hidden_size': 71, 'dropout': 0.1806443641599523, 'hidden_continuous_size': 49, 'attention_head_size': 3, 'learning_rate': 0.007795494619471609}. Best is trial 102 with value: 184.5037078857422.
LOCAL_RANK: 0 - CUDA_VISIBLE_DEVICES: [0]
[I 2023-11-30 13:32:33,700] Trial 148 finished with value: 240.0649871826172 and parameters: {'gradient_clip_val': 0.5023929968458084, 'hidden_size': 57, 'dropout': 0.14438596242129326, 'hidden_continuous_size': 43, 'attention_head_size': 3, 'learning_rate': 0.005025526704037858}. Best is trial 102 with value: 184.5037078857422.
LOCAL_RANK: 0 - CUDA_VISIBLE_DEVICES: [0]
[I 2023-11-30 13:32:47,133] Trial 149 finished with value: 276.2243957519531 and parameters: {'gradient_clip_val': 0.6519626708303009, 'hidden_size': 64, 'dropout': 0.16971033593534193, 'hidden_continuous_size': 45, 'attention_head_size': 3, 'learning_rate': 0.004238097289289557}. Best is trial 102 with value: 184.5037078857422.
[I 2023-11-30 13:32:47,243] A new study created in memory with name: no-name-5d672fe0-d5a8-49a7-a455-11716baef888
/home/le004/conda/anaconda3/envs/tsff_env/lib/python3.9/site-packages/lightning/fabric/plugins/environments/slurm.py:191: The `srun` command is available on your system but is not used. HINT: If your intention is to run Lightning on SLURM, prepend your python command with `srun` like so: srun python /home/le004/master_thesis/git/TSFusionForecast/code/ ...
LOCAL_RANK: 0 - CUDA_VISIBLE_DEVICES: [0]
[I 2023-11-30 13:32:59,887] Trial 0 finished with value: 243.87969970703125 and parameters: {'gradient_clip_val': 0.42621180706202033, 'hidden_size': 45, 'dropout': 0.34648092348981463, 'hidden_continuous_size': 11, 'attention_head_size': 2, 'learning_rate': 0.003956112023564991}. Best is trial 0 with value: 243.87969970703125.
LOCAL_RANK: 0 - CUDA_VISIBLE_DEVICES: [0]
[I 2023-11-30 13:33:14,307] Trial 1 finished with value: 224.77272033691406 and parameters: {'gradient_clip_val': 0.4661320481082969, 'hidden_size': 113, 'dropout': 0.2452224170801419, 'hidden_continuous_size': 102, 'attention_head_size': 4, 'learning_rate': 0.093369545978906}. Best is trial 1 with value: 224.77272033691406.
LOCAL_RANK: 0 - CUDA_VISIBLE_DEVICES: [0]
[I 2023-11-30 13:33:26,380] Trial 2 finished with value: 328.400390625 and parameters: {'gradient_clip_val': 0.14939424788162234, 'hidden_size': 16, 'dropout': 0.20444888452081592, 'hidden_continuous_size': 11, 'attention_head_size': 4, 'learning_rate': 0.00732626773072765}. Best is trial 1 with value: 224.77272033691406.
LOCAL_RANK: 0 - CUDA_VISIBLE_DEVICES: [0]
[I 2023-11-30 13:33:37,436] Trial 3 finished with value: 202.5580291748047 and parameters: {'gradient_clip_val': 0.10488032962894897, 'hidden_size': 10, 'dropout': 0.29043639526924486, 'hidden_continuous_size': 10, 'attention_head_size': 2, 'learning_rate': 0.088148307625966}. Best is trial 3 with value: 202.5580291748047.
LOCAL_RANK: 0 - CUDA_VISIBLE_DEVICES: [0]
[I 2023-11-30 13:33:50,575] Trial 4 finished with value: 378.8284606933594 and parameters: {'gradient_clip_val': 0.30144565300945836, 'hidden_size': 14, 'dropout': 0.3821107417983186, 'hidden_continuous_size': 11, 'attention_head_size': 2, 'learning_rate': 0.009576656892475614}. Best is trial 3 with value: 202.5580291748047.
LOCAL_RANK: 0 - CUDA_VISIBLE_DEVICES: [0]
[I 2023-11-30 13:34:04,328] Trial 5 finished with value: 182.67222595214844 and parameters: {'gradient_clip_val': 0.8333730438620457, 'hidden_size': 44, 'dropout': 0.20320563159760494, 'hidden_continuous_size': 31, 'attention_head_size': 2, 'learning_rate': 0.004781650815507238}. Best is trial 5 with value: 182.67222595214844.
LOCAL_RANK: 0 - CUDA_VISIBLE_DEVICES: [0]
[I 2023-11-30 13:34:18,354] Trial 6 finished with value: 398.6736755371094 and parameters: {'gradient_clip_val': 0.19596457288693428, 'hidden_size': 74, 'dropout': 0.10222263160905692, 'hidden_continuous_size': 21, 'attention_head_size': 2, 'learning_rate': 0.0012329909725685517}. Best is trial 5 with value: 182.67222595214844.
LOCAL_RANK: 0 - CUDA_VISIBLE_DEVICES: [0]
[I 2023-11-30 13:34:31,798] Trial 7 finished with value: 187.48851013183594 and parameters: {'gradient_clip_val': 0.1305377005527375, 'hidden_size': 14, 'dropout': 0.21355459128385965, 'hidden_continuous_size': 13, 'attention_head_size': 2, 'learning_rate': 0.057251060387956146}. Best is trial 5 with value: 182.67222595214844.
LOCAL_RANK: 0 - CUDA_VISIBLE_DEVICES: [0]
[I 2023-11-30 13:34:47,029] Trial 8 finished with value: 208.21961975097656 and parameters: {'gradient_clip_val': 0.5286262146310547, 'hidden_size': 147, 'dropout': 0.25086930644371264, 'hidden_continuous_size': 21, 'attention_head_size': 1, 'learning_rate': 0.012296501012719176}. Best is trial 5 with value: 182.67222595214844.
LOCAL_RANK: 0 - CUDA_VISIBLE_DEVICES: [0]
[I 2023-11-30 13:35:02,891] Trial 9 finished with value: 200.3794403076172 and parameters: {'gradient_clip_val': 0.11081881687291234, 'hidden_size': 128, 'dropout': 0.1964448180695612, 'hidden_continuous_size': 89, 'attention_head_size': 3, 'learning_rate': 0.0017495905975491674}. Best is trial 5 with value: 182.67222595214844.
LOCAL_RANK: 0 - CUDA_VISIBLE_DEVICES: [0]
[I 2023-11-30 13:35:16,536] Trial 10 finished with value: 170.0130615234375 and parameters: {'gradient_clip_val': 0.9579696802888232, 'hidden_size': 32, 'dropout': 0.1448984291086568, 'hidden_continuous_size': 26, 'attention_head_size': 1, 'learning_rate': 0.024671908756787552}. Best is trial 10 with value: 170.0130615234375.
LOCAL_RANK: 0 - CUDA_VISIBLE_DEVICES: [0]
[I 2023-11-30 13:35:29,731] Trial 11 finished with value: 238.9838409423828 and parameters: {'gradient_clip_val': 0.9433354102196541, 'hidden_size': 32, 'dropout': 0.14484333921730713, 'hidden_continuous_size': 28, 'attention_head_size': 1, 'learning_rate': 0.02601572246924648}. Best is trial 10 with value: 170.0130615234375.
LOCAL_RANK: 0 - CUDA_VISIBLE_DEVICES: [0]
[I 2023-11-30 13:35:42,368] Trial 12 finished with value: 226.69639587402344 and parameters: {'gradient_clip_val': 0.8899849558466294, 'hidden_size': 32, 'dropout': 0.15694925084252825, 'hidden_continuous_size': 29, 'attention_head_size': 1, 'learning_rate': 0.025215813114590004}. Best is trial 10 with value: 170.0130615234375.
LOCAL_RANK: 0 - CUDA_VISIBLE_DEVICES: [0]
[I 2023-11-30 13:35:56,215] Trial 13 finished with value: 302.4349365234375 and parameters: {'gradient_clip_val': 0.7618110944326165, 'hidden_size': 48, 'dropout': 0.10184148211866699, 'hidden_continuous_size': 30, 'attention_head_size': 3, 'learning_rate': 0.0037624952101212345}. Best is trial 10 with value: 170.0130615234375.
LOCAL_RANK: 0 - CUDA_VISIBLE_DEVICES: [0]
[I 2023-11-30 13:36:09,967] Trial 14 finished with value: 182.1259765625 and parameters: {'gradient_clip_val': 0.6273572865126532, 'hidden_size': 24, 'dropout': 0.15714726637250015, 'hidden_continuous_size': 23, 'attention_head_size': 1, 'learning_rate': 0.023059957362454423}. Best is trial 10 with value: 170.0130615234375.
LOCAL_RANK: 0 - CUDA_VISIBLE_DEVICES: [0]
[I 2023-11-30 13:36:23,736] Trial 15 finished with value: 175.0878143310547 and parameters: {'gradient_clip_val': 0.6408004962298274, 'hidden_size': 25, 'dropout': 0.1394545914464195, 'hidden_continuous_size': 22, 'attention_head_size': 1, 'learning_rate': 0.022433901182612685}. Best is trial 10 with value: 170.0130615234375.
LOCAL_RANK: 0 - CUDA_VISIBLE_DEVICES: [0]
[I 2023-11-30 13:36:36,742] Trial 16 finished with value: 220.7344207763672 and parameters: {'gradient_clip_val': 0.6391314543395525, 'hidden_size': 23, 'dropout': 0.12952257281324817, 'hidden_continuous_size': 17, 'attention_head_size': 1, 'learning_rate': 0.04006513673908134}. Best is trial 10 with value: 170.0130615234375.
LOCAL_RANK: 0 - CUDA_VISIBLE_DEVICES: [0]
[I 2023-11-30 13:36:51,678] Trial 17 finished with value: 215.57080078125 and parameters: {'gradient_clip_val': 0.9590812451083365, 'hidden_size': 59, 'dropout': 0.16737834193537737, 'hidden_continuous_size': 38, 'attention_head_size': 1, 'learning_rate': 0.01812045525039453}. Best is trial 10 with value: 170.0130615234375.
LOCAL_RANK: 0 - CUDA_VISIBLE_DEVICES: [0]
[I 2023-11-30 13:37:05,282] Trial 18 finished with value: 260.7175598144531 and parameters: {'gradient_clip_val': 0.7008203797916497, 'hidden_size': 24, 'dropout': 0.12778638873138154, 'hidden_continuous_size': 16, 'attention_head_size': 3, 'learning_rate': 0.013448668965730961}. Best is trial 10 with value: 170.0130615234375.
LOCAL_RANK: 0 - CUDA_VISIBLE_DEVICES: [0]
[I 2023-11-30 13:37:18,958] Trial 19 finished with value: 212.8990936279297 and parameters: {'gradient_clip_val': 0.3563256215036675, 'hidden_size': 37, 'dropout': 0.18027030680642553, 'hidden_continuous_size': 18, 'attention_head_size': 1, 'learning_rate': 0.0425138248887311}. Best is trial 10 with value: 170.0130615234375.
LOCAL_RANK: 0 - CUDA_VISIBLE_DEVICES: [0]
[I 2023-11-30 13:37:33,971] Trial 20 finished with value: 231.6842803955078 and parameters: {'gradient_clip_val': 0.5674253156585841, 'hidden_size': 69, 'dropout': 0.13435958910308055, 'hidden_continuous_size': 37, 'attention_head_size': 1, 'learning_rate': 0.01783126685861442}. Best is trial 10 with value: 170.0130615234375.
LOCAL_RANK: 0 - CUDA_VISIBLE_DEVICES: [0]
[I 2023-11-30 13:37:46,869] Trial 21 finished with value: 208.210205078125 and parameters: {'gradient_clip_val': 0.6762196431630882, 'hidden_size': 26, 'dropout': 0.16553735642898693, 'hidden_continuous_size': 21, 'attention_head_size': 1, 'learning_rate': 0.02869281398093966}. Best is trial 10 with value: 170.0130615234375.
LOCAL_RANK: 0 - CUDA_VISIBLE_DEVICES: [0]
[I 2023-11-30 13:38:00,964] Trial 22 finished with value: 229.7977752685547 and parameters: {'gradient_clip_val': 0.7408638895545894, 'hidden_size': 21, 'dropout': 0.1508193150308387, 'hidden_continuous_size': 14, 'attention_head_size': 1, 'learning_rate': 0.019034951712448758}. Best is trial 10 with value: 170.0130615234375.
LOCAL_RANK: 0 - CUDA_VISIBLE_DEVICES: [0]
[I 2023-11-30 13:38:14,644] Trial 23 finished with value: 211.4282684326172 and parameters: {'gradient_clip_val': 0.5881235393404294, 'hidden_size': 30, 'dropout': 0.1152826434236649, 'hidden_continuous_size': 23, 'attention_head_size': 1, 'learning_rate': 0.04141003025221713}. Best is trial 10 with value: 170.0130615234375.
LOCAL_RANK: 0 - CUDA_VISIBLE_DEVICES: [0]
[I 2023-11-30 13:38:27,735] Trial 24 finished with value: 200.1009063720703 and parameters: {'gradient_clip_val': 0.9999619020367954, 'hidden_size': 18, 'dropout': 0.1368439153992197, 'hidden_continuous_size': 10, 'attention_head_size': 2, 'learning_rate': 0.02933237468081851}. Best is trial 10 with value: 170.0130615234375.
LOCAL_RANK: 0 - CUDA_VISIBLE_DEVICES: [0]
[I 2023-11-30 13:38:40,904] Trial 25 finished with value: 228.7671661376953 and parameters: {'gradient_clip_val': 0.7769755945918618, 'hidden_size': 28, 'dropout': 0.17891600634738006, 'hidden_continuous_size': 23, 'attention_head_size': 1, 'learning_rate': 0.06110849408638785}. Best is trial 10 with value: 170.0130615234375.
LOCAL_RANK: 0 - CUDA_VISIBLE_DEVICES: [0]
[I 2023-11-30 13:38:55,008] Trial 26 finished with value: 185.2883758544922 and parameters: {'gradient_clip_val': 0.5235645613032621, 'hidden_size': 20, 'dropout': 0.11845683216062379, 'hidden_continuous_size': 14, 'attention_head_size': 2, 'learning_rate': 0.0159933590934934}. Best is trial 10 with value: 170.0130615234375.
LOCAL_RANK: 0 - CUDA_VISIBLE_DEVICES: [0]
[I 2023-11-30 13:39:08,130] Trial 27 finished with value: 175.5830535888672 and parameters: {'gradient_clip_val': 0.6480972511887234, 'hidden_size': 37, 'dropout': 0.1492371243735431, 'hidden_continuous_size': 25, 'attention_head_size': 1, 'learning_rate': 0.009909100359132384}. Best is trial 10 with value: 170.0130615234375.
LOCAL_RANK: 0 - CUDA_VISIBLE_DEVICES: [0]
[I 2023-11-30 13:39:21,692] Trial 28 finished with value: 190.0797882080078 and parameters: {'gradient_clip_val': 0.8783001381824921, 'hidden_size': 37, 'dropout': 0.1817038927403868, 'hidden_continuous_size': 25, 'attention_head_size': 3, 'learning_rate': 0.00968472826687703}. Best is trial 10 with value: 170.0130615234375.
LOCAL_RANK: 0 - CUDA_VISIBLE_DEVICES: [0]
[I 2023-11-30 13:39:36,263] Trial 29 finished with value: 205.95555114746094 and parameters: {'gradient_clip_val': 0.4237911558734926, 'hidden_size': 42, 'dropout': 0.14369053820829045, 'hidden_continuous_size': 18, 'attention_head_size': 2, 'learning_rate': 0.011948614047044288}. Best is trial 10 with value: 170.0130615234375.
LOCAL_RANK: 0 - CUDA_VISIBLE_DEVICES: [0]
[I 2023-11-30 13:39:50,206] Trial 30 finished with value: 227.23899841308594 and parameters: {'gradient_clip_val': 0.7119307064872058, 'hidden_size': 35, 'dropout': 0.11697217864499539, 'hidden_continuous_size': 20, 'attention_head_size': 1, 'learning_rate': 0.007420988107789382}. Best is trial 10 with value: 170.0130615234375.
LOCAL_RANK: 0 - CUDA_VISIBLE_DEVICES: [0]
[I 2023-11-30 13:40:03,656] Trial 31 finished with value: 170.63479614257812 and parameters: {'gradient_clip_val': 0.6180053904973034, 'hidden_size': 27, 'dropout': 0.15255663561065363, 'hidden_continuous_size': 23, 'attention_head_size': 1, 'learning_rate': 0.023792833123740646}. Best is trial 10 with value: 170.0130615234375.
LOCAL_RANK: 0 - CUDA_VISIBLE_DEVICES: [0]
[I 2023-11-30 13:40:17,158] Trial 32 finished with value: 199.28326416015625 and parameters: {'gradient_clip_val': 0.47707610754597285, 'hidden_size': 28, 'dropout': 0.1510582652708392, 'hidden_continuous_size': 24, 'attention_head_size': 1, 'learning_rate': 0.020444605529082303}. Best is trial 10 with value: 170.0130615234375.
LOCAL_RANK: 0 - CUDA_VISIBLE_DEVICES: [0]
[I 2023-11-30 13:40:31,198] Trial 33 finished with value: 208.63421630859375 and parameters: {'gradient_clip_val': 0.8206242495976453, 'hidden_size': 29, 'dropout': 0.10059304220946184, 'hidden_continuous_size': 25, 'attention_head_size': 4, 'learning_rate': 0.014448538349935017}. Best is trial 10 with value: 170.0130615234375.
LOCAL_RANK: 0 - CUDA_VISIBLE_DEVICES: [0]
[I 2023-11-30 13:40:45,423] Trial 34 finished with value: 217.5565185546875 and parameters: {'gradient_clip_val': 0.612633666462523, 'hidden_size': 49, 'dropout': 0.2211375715485534, 'hidden_continuous_size': 26, 'attention_head_size': 1, 'learning_rate': 0.030940582239519145}. Best is trial 10 with value: 170.0130615234375.
LOCAL_RANK: 0 - CUDA_VISIBLE_DEVICES: [0]
[I 2023-11-30 13:41:00,025] Trial 35 finished with value: 193.1840362548828 and parameters: {'gradient_clip_val': 0.4356069396625491, 'hidden_size': 40, 'dropout': 0.16657498145179656, 'hidden_continuous_size': 22, 'attention_head_size': 2, 'learning_rate': 0.02016862653357035}. Best is trial 10 with value: 170.0130615234375.
LOCAL_RANK: 0 - CUDA_VISIBLE_DEVICES: [0]
[I 2023-11-30 13:41:12,695] Trial 36 finished with value: 209.17857360839844 and parameters: {'gradient_clip_val': 0.8376618988111233, 'hidden_size': 19, 'dropout': 0.1897984744860278, 'hidden_continuous_size': 11, 'attention_head_size': 1, 'learning_rate': 0.01516182968002669}. Best is trial 10 with value: 170.0130615234375.
LOCAL_RANK: 0 - CUDA_VISIBLE_DEVICES: [0]
[I 2023-11-30 13:41:26,962] Trial 37 finished with value: 219.84559631347656 and parameters: {'gradient_clip_val': 0.6775879644198294, 'hidden_size': 34, 'dropout': 0.23102296643187542, 'hidden_continuous_size': 20, 'attention_head_size': 2, 'learning_rate': 0.008048317638367117}. Best is trial 10 with value: 170.0130615234375.
LOCAL_RANK: 0 - CUDA_VISIBLE_DEVICES: [0]
[I 2023-11-30 13:41:40,152] Trial 38 finished with value: 461.5838928222656 and parameters: {'gradient_clip_val': 0.5342698333483068, 'hidden_size': 16, 'dropout': 0.19830571137470662, 'hidden_continuous_size': 12, 'attention_head_size': 1, 'learning_rate': 0.011049926212229307}. Best is trial 10 with value: 170.0130615234375.
LOCAL_RANK: 0 - CUDA_VISIBLE_DEVICES: [0]
[I 2023-11-30 13:41:54,102] Trial 39 finished with value: 203.9506378173828 and parameters: {'gradient_clip_val': 0.7992406427196439, 'hidden_size': 25, 'dropout': 0.1716466295423496, 'hidden_continuous_size': 22, 'attention_head_size': 4, 'learning_rate': 0.03328519851861411}. Best is trial 10 with value: 170.0130615234375.
LOCAL_RANK: 0 - CUDA_VISIBLE_DEVICES: [0]
[I 2023-11-30 13:42:07,649] Trial 40 finished with value: 210.5140380859375 and parameters: {'gradient_clip_val': 0.4832549545593021, 'hidden_size': 43, 'dropout': 0.13720673962518767, 'hidden_continuous_size': 26, 'attention_head_size': 2, 'learning_rate': 0.023793503482283675}. Best is trial 10 with value: 170.0130615234375.
LOCAL_RANK: 0 - CUDA_VISIBLE_DEVICES: [0]
[I 2023-11-30 13:42:20,657] Trial 41 finished with value: 198.59063720703125 and parameters: {'gradient_clip_val': 0.627429888072061, 'hidden_size': 22, 'dropout': 0.15368310495415782, 'hidden_continuous_size': 20, 'attention_head_size': 1, 'learning_rate': 0.02204369339225132}. Best is trial 10 with value: 170.0130615234375.
LOCAL_RANK: 0 - CUDA_VISIBLE_DEVICES: [0]
[I 2023-11-30 13:42:34,521] Trial 42 finished with value: 192.17559814453125 and parameters: {'gradient_clip_val': 0.5811481930394827, 'hidden_size': 26, 'dropout': 0.1614721217837462, 'hidden_continuous_size': 23, 'attention_head_size': 1, 'learning_rate': 0.02457847786636929}. Best is trial 10 with value: 170.0130615234375.
LOCAL_RANK: 0 - CUDA_VISIBLE_DEVICES: [0]
[I 2023-11-30 13:42:49,157] Trial 43 finished with value: 179.5989227294922 and parameters: {'gradient_clip_val': 0.6443087265649194, 'hidden_size': 31, 'dropout': 0.19027040128812686, 'hidden_continuous_size': 24, 'attention_head_size': 1, 'learning_rate': 0.016216838928573264}. Best is trial 10 with value: 170.0130615234375.
LOCAL_RANK: 0 - CUDA_VISIBLE_DEVICES: [0]
[I 2023-11-30 13:43:02,419] Trial 44 finished with value: 181.6954803466797 and parameters: {'gradient_clip_val': 0.7029387693901008, 'hidden_size': 32, 'dropout': 0.1891126989470419, 'hidden_continuous_size': 25, 'attention_head_size': 1, 'learning_rate': 0.01440638363932807}. Best is trial 10 with value: 170.0130615234375.
LOCAL_RANK: 0 - CUDA_VISIBLE_DEVICES: [0]
[I 2023-11-30 13:43:16,029] Trial 45 finished with value: 176.4169921875 and parameters: {'gradient_clip_val': 0.8899730072062354, 'hidden_size': 37, 'dropout': 0.20913037158903636, 'hidden_continuous_size': 27, 'attention_head_size': 1, 'learning_rate': 0.011129398337833996}. Best is trial 10 with value: 170.0130615234375.
LOCAL_RANK: 0 - CUDA_VISIBLE_DEVICES: [0]
[I 2023-11-30 13:43:29,819] Trial 46 finished with value: 252.07032775878906 and parameters: {'gradient_clip_val': 0.9161386097428967, 'hidden_size': 35, 'dropout': 0.2115269847601893, 'hidden_continuous_size': 26, 'attention_head_size': 2, 'learning_rate': 0.01055188411509977}. Best is trial 10 with value: 170.0130615234375.
LOCAL_RANK: 0 - CUDA_VISIBLE_DEVICES: [0]
[I 2023-11-30 13:43:44,053] Trial 47 finished with value: 182.80751037597656 and parameters: {'gradient_clip_val': 0.8839725668205661, 'hidden_size': 50, 'dropout': 0.26841722471198043, 'hidden_continuous_size': 28, 'attention_head_size': 1, 'learning_rate': 0.006316890655615077}. Best is trial 10 with value: 170.0130615234375.
LOCAL_RANK: 0 - CUDA_VISIBLE_DEVICES: [0]
[I 2023-11-30 13:43:58,176] Trial 48 finished with value: 220.03562927246094 and parameters: {'gradient_clip_val': 0.9988738499882094, 'hidden_size': 39, 'dropout': 0.2072170412577565, 'hidden_continuous_size': 27, 'attention_head_size': 1, 'learning_rate': 0.00890464692659642}. Best is trial 10 with value: 170.0130615234375.
LOCAL_RANK: 0 - CUDA_VISIBLE_DEVICES: [0]
[I 2023-11-30 13:44:11,654] Trial 49 finished with value: 228.599365234375 and parameters: {'gradient_clip_val': 0.7810289999288957, 'hidden_size': 22, 'dropout': 0.12304128368470706, 'hidden_continuous_size': 21, 'attention_head_size': 2, 'learning_rate': 0.013071779143281842}. Best is trial 10 with value: 170.0130615234375.
LOCAL_RANK: 0 - CUDA_VISIBLE_DEVICES: [0]
[I 2023-11-30 13:44:25,013] Trial 50 finished with value: 256.19970703125 and parameters: {'gradient_clip_val': 0.8511283411326338, 'hidden_size': 26, 'dropout': 0.14262662344756621, 'hidden_continuous_size': 24, 'attention_head_size': 1, 'learning_rate': 0.010515372057743987}. Best is trial 10 with value: 170.0130615234375.
LOCAL_RANK: 0 - CUDA_VISIBLE_DEVICES: [0]
[I 2023-11-30 13:44:39,033] Trial 51 finished with value: 195.80804443359375 and parameters: {'gradient_clip_val': 0.7440896305790964, 'hidden_size': 32, 'dropout': 0.19285853461954255, 'hidden_continuous_size': 27, 'attention_head_size': 1, 'learning_rate': 0.016322888659253208}. Best is trial 10 with value: 170.0130615234375.
LOCAL_RANK: 0 - CUDA_VISIBLE_DEVICES: [0]
[I 2023-11-30 13:44:53,225] Trial 52 finished with value: 196.3247833251953 and parameters: {'gradient_clip_val': 0.6388069297235497, 'hidden_size': 29, 'dropout': 0.17552035221242096, 'hidden_continuous_size': 24, 'attention_head_size': 1, 'learning_rate': 0.012637213684087604}. Best is trial 10 with value: 170.0130615234375.
LOCAL_RANK: 0 - CUDA_VISIBLE_DEVICES: [0]
