[I 2023-11-30 14:39:54,708] Trial 136 finished with value: 182.38758850097656 and parameters: {'gradient_clip_val': 0.6081074322023486, 'hidden_size': 140, 'dropout': 0.1306368411216964, 'hidden_continuous_size': 44, 'attention_head_size': 1, 'learning_rate': 0.007758428025657955}. Best is trial 73 with value: 155.01504516601562.
LOCAL_RANK: 0 - CUDA_VISIBLE_DEVICES: [0]
[I 2023-11-30 14:40:09,054] Trial 137 finished with value: 267.6409912109375 and parameters: {'gradient_clip_val': 0.5205586990704738, 'hidden_size': 112, 'dropout': 0.11403499752900383, 'hidden_continuous_size': 24, 'attention_head_size': 1, 'learning_rate': 0.0014860577509117157}. Best is trial 73 with value: 155.01504516601562.
LOCAL_RANK: 0 - CUDA_VISIBLE_DEVICES: [0]
[I 2023-11-30 14:40:23,892] Trial 138 finished with value: 187.22169494628906 and parameters: {'gradient_clip_val': 0.268494551589218, 'hidden_size': 123, 'dropout': 0.10589167458036335, 'hidden_continuous_size': 27, 'attention_head_size': 1, 'learning_rate': 0.006537123232788895}. Best is trial 73 with value: 155.01504516601562.
LOCAL_RANK: 0 - CUDA_VISIBLE_DEVICES: [0]
[I 2023-11-30 14:40:38,000] Trial 139 finished with value: 218.6790771484375 and parameters: {'gradient_clip_val': 0.4764859010176329, 'hidden_size': 96, 'dropout': 0.1546120612588849, 'hidden_continuous_size': 23, 'attention_head_size': 1, 'learning_rate': 0.009365303284934609}. Best is trial 73 with value: 155.01504516601562.
LOCAL_RANK: 0 - CUDA_VISIBLE_DEVICES: [0]
[I 2023-11-30 14:40:52,530] Trial 140 finished with value: 164.9155731201172 and parameters: {'gradient_clip_val': 0.6274628525470791, 'hidden_size': 131, 'dropout': 0.17593643693270455, 'hidden_continuous_size': 29, 'attention_head_size': 1, 'learning_rate': 0.018171157067292703}. Best is trial 73 with value: 155.01504516601562.
LOCAL_RANK: 0 - CUDA_VISIBLE_DEVICES: [0]
[I 2023-11-30 14:41:07,001] Trial 141 finished with value: 181.7819061279297 and parameters: {'gradient_clip_val': 0.6347522039984808, 'hidden_size': 135, 'dropout': 0.15967677343430853, 'hidden_continuous_size': 30, 'attention_head_size': 1, 'learning_rate': 0.007155911644532434}. Best is trial 73 with value: 155.01504516601562.
LOCAL_RANK: 0 - CUDA_VISIBLE_DEVICES: [0]
[I 2023-11-30 14:41:21,302] Trial 142 finished with value: 178.5587615966797 and parameters: {'gradient_clip_val': 0.5852988763458323, 'hidden_size': 128, 'dropout': 0.21568738145561706, 'hidden_continuous_size': 28, 'attention_head_size': 1, 'learning_rate': 0.01802935565086633}. Best is trial 73 with value: 155.01504516601562.
LOCAL_RANK: 0 - CUDA_VISIBLE_DEVICES: [0]
[I 2023-11-30 14:41:36,270] Trial 143 finished with value: 192.1902618408203 and parameters: {'gradient_clip_val': 0.671240901943771, 'hidden_size': 142, 'dropout': 0.16933983464508764, 'hidden_continuous_size': 22, 'attention_head_size': 1, 'learning_rate': 0.016633366119273067}. Best is trial 73 with value: 155.01504516601562.
LOCAL_RANK: 0 - CUDA_VISIBLE_DEVICES: [0]
[I 2023-11-30 14:41:51,248] Trial 144 finished with value: 207.69256591796875 and parameters: {'gradient_clip_val': 0.6225528081260899, 'hidden_size': 113, 'dropout': 0.17733658309447986, 'hidden_continuous_size': 29, 'attention_head_size': 1, 'learning_rate': 0.021825906791022767}. Best is trial 73 with value: 155.01504516601562.
LOCAL_RANK: 0 - CUDA_VISIBLE_DEVICES: [0]
[I 2023-11-30 14:42:06,248] Trial 145 finished with value: 207.19276428222656 and parameters: {'gradient_clip_val': 0.5605512645646457, 'hidden_size': 150, 'dropout': 0.1337327684704015, 'hidden_continuous_size': 35, 'attention_head_size': 1, 'learning_rate': 0.008539235624467224}. Best is trial 73 with value: 155.01504516601562.
LOCAL_RANK: 0 - CUDA_VISIBLE_DEVICES: [0]
[I 2023-11-30 14:42:20,541] Trial 146 finished with value: 192.06890869140625 and parameters: {'gradient_clip_val': 0.7031908987176225, 'hidden_size': 119, 'dropout': 0.11802840776724291, 'hidden_continuous_size': 17, 'attention_head_size': 1, 'learning_rate': 0.012771600595370277}. Best is trial 73 with value: 155.01504516601562.
LOCAL_RANK: 0 - CUDA_VISIBLE_DEVICES: [0]
[I 2023-11-30 14:42:35,149] Trial 147 finished with value: 177.3679962158203 and parameters: {'gradient_clip_val': 0.5097219609971153, 'hidden_size': 134, 'dropout': 0.14159170985311112, 'hidden_continuous_size': 33, 'attention_head_size': 1, 'learning_rate': 0.0031770243554193633}. Best is trial 73 with value: 155.01504516601562.
LOCAL_RANK: 0 - CUDA_VISIBLE_DEVICES: [0]
[I 2023-11-30 14:42:49,692] Trial 148 finished with value: 262.5450134277344 and parameters: {'gradient_clip_val': 0.445189758776673, 'hidden_size': 124, 'dropout': 0.12475970808773738, 'hidden_continuous_size': 25, 'attention_head_size': 2, 'learning_rate': 0.006004302421933381}. Best is trial 73 with value: 155.01504516601562.
LOCAL_RANK: 0 - CUDA_VISIBLE_DEVICES: [0]
[I 2023-11-30 14:43:04,194] Trial 149 finished with value: 344.973876953125 and parameters: {'gradient_clip_val': 0.5937618356992322, 'hidden_size': 105, 'dropout': 0.1105881314106272, 'hidden_continuous_size': 24, 'attention_head_size': 1, 'learning_rate': 0.0010824594498359224}. Best is trial 73 with value: 155.01504516601562.
[I 2023-11-30 14:43:04,308] A new study created in memory with name: no-name-c61baae4-f1af-4859-a141-361ead449133
/home/le004/conda/anaconda3/envs/tsff_env/lib/python3.9/site-packages/lightning/fabric/plugins/environments/slurm.py:191: The `srun` command is available on your system but is not used. HINT: If your intention is to run Lightning on SLURM, prepend your python command with `srun` like so: srun python /home/le004/master_thesis/git/TSFusionForecast/code/ ...
LOCAL_RANK: 0 - CUDA_VISIBLE_DEVICES: [0]
[I 2023-11-30 14:43:19,159] Trial 0 finished with value: 74.96930694580078 and parameters: {'gradient_clip_val': 0.3021058761758548, 'hidden_size': 115, 'dropout': 0.3573338216485046, 'hidden_continuous_size': 18, 'attention_head_size': 2, 'learning_rate': 0.08878024336199598}. Best is trial 0 with value: 74.96930694580078.
LOCAL_RANK: 0 - CUDA_VISIBLE_DEVICES: [0]
[I 2023-11-30 14:43:32,037] Trial 1 finished with value: 66.52703857421875 and parameters: {'gradient_clip_val': 0.6420749253282743, 'hidden_size': 32, 'dropout': 0.24501564746496865, 'hidden_continuous_size': 17, 'attention_head_size': 2, 'learning_rate': 0.02509506702482725}. Best is trial 1 with value: 66.52703857421875.
LOCAL_RANK: 0 - CUDA_VISIBLE_DEVICES: [0]
[I 2023-11-30 14:43:45,532] Trial 2 finished with value: 76.71747589111328 and parameters: {'gradient_clip_val': 0.5762131818419038, 'hidden_size': 42, 'dropout': 0.3170903302314889, 'hidden_continuous_size': 38, 'attention_head_size': 2, 'learning_rate': 0.05600126930286679}. Best is trial 1 with value: 66.52703857421875.
LOCAL_RANK: 0 - CUDA_VISIBLE_DEVICES: [0]
[I 2023-11-30 14:43:58,888] Trial 3 finished with value: 70.80509185791016 and parameters: {'gradient_clip_val': 0.5893554827321492, 'hidden_size': 31, 'dropout': 0.11251417590626434, 'hidden_continuous_size': 17, 'attention_head_size': 2, 'learning_rate': 0.011327225897526428}. Best is trial 1 with value: 66.52703857421875.
LOCAL_RANK: 0 - CUDA_VISIBLE_DEVICES: [0]
[I 2023-11-30 14:44:11,441] Trial 4 finished with value: 73.65900421142578 and parameters: {'gradient_clip_val': 0.8606214274076948, 'hidden_size': 16, 'dropout': 0.36647245670436124, 'hidden_continuous_size': 10, 'attention_head_size': 3, 'learning_rate': 0.021630256786319652}. Best is trial 1 with value: 66.52703857421875.
LOCAL_RANK: 0 - CUDA_VISIBLE_DEVICES: [0]
[I 2023-11-30 14:44:24,384] Trial 5 finished with value: 115.58700561523438 and parameters: {'gradient_clip_val': 0.5450515695780809, 'hidden_size': 11, 'dropout': 0.38709797638264887, 'hidden_continuous_size': 10, 'attention_head_size': 1, 'learning_rate': 0.0020232987684484813}. Best is trial 1 with value: 66.52703857421875.
LOCAL_RANK: 0 - CUDA_VISIBLE_DEVICES: [0]
[I 2023-11-30 14:44:39,194] Trial 6 finished with value: 75.17919921875 and parameters: {'gradient_clip_val': 0.20492024451279325, 'hidden_size': 92, 'dropout': 0.18384095436501163, 'hidden_continuous_size': 68, 'attention_head_size': 4, 'learning_rate': 0.028519357864966278}. Best is trial 1 with value: 66.52703857421875.
LOCAL_RANK: 0 - CUDA_VISIBLE_DEVICES: [0]
[I 2023-11-30 14:44:52,759] Trial 7 finished with value: 69.31702423095703 and parameters: {'gradient_clip_val': 0.32821638772830797, 'hidden_size': 42, 'dropout': 0.22481003765220156, 'hidden_continuous_size': 26, 'attention_head_size': 1, 'learning_rate': 0.0033311431937947966}. Best is trial 1 with value: 66.52703857421875.
LOCAL_RANK: 0 - CUDA_VISIBLE_DEVICES: [0]
[I 2023-11-30 14:45:06,342] Trial 8 finished with value: 86.26891326904297 and parameters: {'gradient_clip_val': 0.26843660867874647, 'hidden_size': 43, 'dropout': 0.19312734430935846, 'hidden_continuous_size': 14, 'attention_head_size': 2, 'learning_rate': 0.0016054701205204687}. Best is trial 1 with value: 66.52703857421875.
LOCAL_RANK: 0 - CUDA_VISIBLE_DEVICES: [0]
[I 2023-11-30 14:45:19,324] Trial 9 finished with value: 66.01671600341797 and parameters: {'gradient_clip_val': 0.7141398756367038, 'hidden_size': 15, 'dropout': 0.32246624885252106, 'hidden_continuous_size': 10, 'attention_head_size': 4, 'learning_rate': 0.01613672231514725}. Best is trial 9 with value: 66.01671600341797.
LOCAL_RANK: 0 - CUDA_VISIBLE_DEVICES: [0]
[I 2023-11-30 14:45:32,264] Trial 10 finished with value: 83.02490234375 and parameters: {'gradient_clip_val': 0.10832507828641534, 'hidden_size': 17, 'dropout': 0.2888066426490845, 'hidden_continuous_size': 10, 'attention_head_size': 4, 'learning_rate': 0.006052300464802015}. Best is trial 9 with value: 66.01671600341797.
LOCAL_RANK: 0 - CUDA_VISIBLE_DEVICES: [0]
[I 2023-11-30 14:45:45,409] Trial 11 finished with value: 67.8809585571289 and parameters: {'gradient_clip_val': 0.9812467446478184, 'hidden_size': 23, 'dropout': 0.2739314757798692, 'hidden_continuous_size': 12, 'attention_head_size': 3, 'learning_rate': 0.014169253525227857}. Best is trial 9 with value: 66.01671600341797.
LOCAL_RANK: 0 - CUDA_VISIBLE_DEVICES: [0]
[I 2023-11-30 14:45:56,180] Trial 12 finished with value: 69.28238677978516 and parameters: {'gradient_clip_val': 0.72400899580614, 'hidden_size': 10, 'dropout': 0.31769981041767315, 'hidden_continuous_size': 10, 'attention_head_size': 3, 'learning_rate': 0.03118235402599351}. Best is trial 9 with value: 66.01671600341797.
LOCAL_RANK: 0 - CUDA_VISIBLE_DEVICES: [0]
[I 2023-11-30 14:46:09,365] Trial 13 finished with value: 75.09591674804688 and parameters: {'gradient_clip_val': 0.435820224222793, 'hidden_size': 25, 'dropout': 0.2429482139495757, 'hidden_continuous_size': 13, 'attention_head_size': 4, 'learning_rate': 0.0067794086159594135}. Best is trial 9 with value: 66.01671600341797.
LOCAL_RANK: 0 - CUDA_VISIBLE_DEVICES: [0]
[I 2023-11-30 14:46:23,298] Trial 14 finished with value: 70.9271240234375 and parameters: {'gradient_clip_val': 0.7619548267726433, 'hidden_size': 68, 'dropout': 0.3255458969842604, 'hidden_continuous_size': 19, 'attention_head_size': 3, 'learning_rate': 0.019368893871022766}. Best is trial 9 with value: 66.01671600341797.
LOCAL_RANK: 0 - CUDA_VISIBLE_DEVICES: [0]
[I 2023-11-30 14:46:36,137] Trial 15 finished with value: 65.02954864501953 and parameters: {'gradient_clip_val': 0.9301273725037811, 'hidden_size': 16, 'dropout': 0.27089117453752554, 'hidden_continuous_size': 11, 'attention_head_size': 1, 'learning_rate': 0.039189964381850566}. Best is trial 15 with value: 65.02954864501953.
LOCAL_RANK: 0 - CUDA_VISIBLE_DEVICES: [0]
[I 2023-11-30 14:46:48,873] Trial 16 finished with value: 72.977783203125 and parameters: {'gradient_clip_val': 0.9830102486749007, 'hidden_size': 14, 'dropout': 0.2948180511867053, 'hidden_continuous_size': 10, 'attention_head_size': 1, 'learning_rate': 0.052090196821460134}. Best is trial 15 with value: 65.02954864501953.
LOCAL_RANK: 0 - CUDA_VISIBLE_DEVICES: [0]
[I 2023-11-30 14:47:02,099] Trial 17 finished with value: 64.82295989990234 and parameters: {'gradient_clip_val': 0.785110543057374, 'hidden_size': 20, 'dropout': 0.344693755068808, 'hidden_continuous_size': 11, 'attention_head_size': 4, 'learning_rate': 0.009180464623278756}. Best is trial 17 with value: 64.82295989990234.
LOCAL_RANK: 0 - CUDA_VISIBLE_DEVICES: [0]
[I 2023-11-30 14:47:14,994] Trial 18 finished with value: 81.23998260498047 and parameters: {'gradient_clip_val': 0.9912940802914583, 'hidden_size': 20, 'dropout': 0.39700807856821635, 'hidden_continuous_size': 11, 'attention_head_size': 1, 'learning_rate': 0.008080533789725787}. Best is trial 17 with value: 64.82295989990234.
LOCAL_RANK: 0 - CUDA_VISIBLE_DEVICES: [0]
[I 2023-11-30 14:47:28,723] Trial 19 finished with value: 90.46612548828125 and parameters: {'gradient_clip_val': 0.4475936120589856, 'hidden_size': 21, 'dropout': 0.3574067112512893, 'hidden_continuous_size': 11, 'attention_head_size': 3, 'learning_rate': 0.004477803590655467}. Best is trial 17 with value: 64.82295989990234.
LOCAL_RANK: 0 - CUDA_VISIBLE_DEVICES: [0]
[I 2023-11-30 14:47:41,504] Trial 20 finished with value: 105.0405044555664 and parameters: {'gradient_clip_val': 0.8022578328848352, 'hidden_size': 12, 'dropout': 0.26736531344625025, 'hidden_continuous_size': 11, 'attention_head_size': 1, 'learning_rate': 0.001008758025124074}. Best is trial 17 with value: 64.82295989990234.
LOCAL_RANK: 0 - CUDA_VISIBLE_DEVICES: [0]
[I 2023-11-30 14:47:54,316] Trial 21 finished with value: 87.905029296875 and parameters: {'gradient_clip_val': 0.7258217670885365, 'hidden_size': 14, 'dropout': 0.33436093175429704, 'hidden_continuous_size': 10, 'attention_head_size': 4, 'learning_rate': 0.012456831344025279}. Best is trial 17 with value: 64.82295989990234.
LOCAL_RANK: 0 - CUDA_VISIBLE_DEVICES: [0]
[I 2023-11-30 14:48:07,065] Trial 22 finished with value: 76.62364959716797 and parameters: {'gradient_clip_val': 0.7961799177090637, 'hidden_size': 18, 'dropout': 0.30542202338314367, 'hidden_continuous_size': 11, 'attention_head_size': 4, 'learning_rate': 0.01576827174599656}. Best is trial 17 with value: 64.82295989990234.
LOCAL_RANK: 0 - CUDA_VISIBLE_DEVICES: [0]
[I 2023-11-30 14:48:20,510] Trial 23 finished with value: 85.23715209960938 and parameters: {'gradient_clip_val': 0.6484897631851501, 'hidden_size': 13, 'dropout': 0.34167036215859964, 'hidden_continuous_size': 10, 'attention_head_size': 4, 'learning_rate': 0.010179204034367924}. Best is trial 17 with value: 64.82295989990234.
LOCAL_RANK: 0 - CUDA_VISIBLE_DEVICES: [0]
[I 2023-11-30 14:48:31,565] Trial 24 finished with value: 72.70187377929688 and parameters: {'gradient_clip_val': 0.5004121332593926, 'hidden_size': 10, 'dropout': 0.2952027622048204, 'hidden_continuous_size': 10, 'attention_head_size': 4, 'learning_rate': 0.03429440436033626}. Best is trial 17 with value: 64.82295989990234.
LOCAL_RANK: 0 - CUDA_VISIBLE_DEVICES: [0]
[I 2023-11-30 14:48:44,732] Trial 25 finished with value: 78.09447479248047 and parameters: {'gradient_clip_val': 0.6708702310490255, 'hidden_size': 15, 'dropout': 0.33737745347242903, 'hidden_continuous_size': 11, 'attention_head_size': 3, 'learning_rate': 0.018283602759550415}. Best is trial 17 with value: 64.82295989990234.
LOCAL_RANK: 0 - CUDA_VISIBLE_DEVICES: [0]
[I 2023-11-30 14:48:57,456] Trial 26 finished with value: 64.84642791748047 and parameters: {'gradient_clip_val': 0.8477952208555803, 'hidden_size': 19, 'dropout': 0.37935122497326434, 'hidden_continuous_size': 12, 'attention_head_size': 4, 'learning_rate': 0.009624917382525494}. Best is trial 17 with value: 64.82295989990234.
LOCAL_RANK: 0 - CUDA_VISIBLE_DEVICES: [0]
[I 2023-11-30 14:49:10,831] Trial 27 finished with value: 65.71627807617188 and parameters: {'gradient_clip_val': 0.8887743745324224, 'hidden_size': 26, 'dropout': 0.3768166688776806, 'hidden_continuous_size': 12, 'attention_head_size': 3, 'learning_rate': 0.009184439775250327}. Best is trial 17 with value: 64.82295989990234.
LOCAL_RANK: 0 - CUDA_VISIBLE_DEVICES: [0]
[I 2023-11-30 14:49:23,849] Trial 28 finished with value: 100.82344818115234 and parameters: {'gradient_clip_val': 0.8468359095397141, 'hidden_size': 19, 'dropout': 0.37455245310014806, 'hidden_continuous_size': 12, 'attention_head_size': 4, 'learning_rate': 0.005899661916315948}. Best is trial 17 with value: 64.82295989990234.
LOCAL_RANK: 0 - CUDA_VISIBLE_DEVICES: [0]
[I 2023-11-30 14:49:36,339] Trial 29 finished with value: 63.70220947265625 and parameters: {'gradient_clip_val': 0.8697561033415719, 'hidden_size': 12, 'dropout': 0.3550333263110365, 'hidden_continuous_size': 11, 'attention_head_size': 2, 'learning_rate': 0.09699247102508428}. Best is trial 29 with value: 63.70220947265625.
LOCAL_RANK: 0 - CUDA_VISIBLE_DEVICES: [0]
[I 2023-11-30 14:49:49,216] Trial 30 finished with value: 66.7979507446289 and parameters: {'gradient_clip_val': 0.5012398457989545, 'hidden_size': 11, 'dropout': 0.39801268954953556, 'hidden_continuous_size': 10, 'attention_head_size': 2, 'learning_rate': 0.06932598916159483}. Best is trial 29 with value: 63.70220947265625.
LOCAL_RANK: 0 - CUDA_VISIBLE_DEVICES: [0]
[I 2023-11-30 14:50:01,108] Trial 31 finished with value: 71.1678695678711 and parameters: {'gradient_clip_val': 0.8633818397883767, 'hidden_size': 13, 'dropout': 0.3505927859585386, 'hidden_continuous_size': 11, 'attention_head_size': 1, 'learning_rate': 0.09697731385029826}. Best is trial 29 with value: 63.70220947265625.
LOCAL_RANK: 0 - CUDA_VISIBLE_DEVICES: [0]
[I 2023-11-30 14:50:13,265] Trial 32 finished with value: 73.40558624267578 and parameters: {'gradient_clip_val': 0.6524814336232287, 'hidden_size': 17, 'dropout': 0.3636697803357652, 'hidden_continuous_size': 11, 'attention_head_size': 2, 'learning_rate': 0.07294906880001621}. Best is trial 29 with value: 63.70220947265625.
LOCAL_RANK: 0 - CUDA_VISIBLE_DEVICES: [0]
[I 2023-11-30 14:50:25,628] Trial 33 finished with value: 70.54837799072266 and parameters: {'gradient_clip_val': 0.9292136085994207, 'hidden_size': 21, 'dropout': 0.3517359301933569, 'hidden_continuous_size': 12, 'attention_head_size': 2, 'learning_rate': 0.040891564911940854}. Best is trial 29 with value: 63.70220947265625.
LOCAL_RANK: 0 - CUDA_VISIBLE_DEVICES: [0]
[I 2023-11-30 14:50:37,396] Trial 34 finished with value: 68.02330780029297 and parameters: {'gradient_clip_val': 0.5986986575842882, 'hidden_size': 12, 'dropout': 0.3805492637213503, 'hidden_continuous_size': 11, 'attention_head_size': 2, 'learning_rate': 0.0849402713345402}. Best is trial 29 with value: 63.70220947265625.
LOCAL_RANK: 0 - CUDA_VISIBLE_DEVICES: [0]
[I 2023-11-30 14:50:49,821] Trial 35 finished with value: 71.36769104003906 and parameters: {'gradient_clip_val': 0.8009678384700324, 'hidden_size': 29, 'dropout': 0.3616509262170955, 'hidden_continuous_size': 14, 'attention_head_size': 2, 'learning_rate': 0.02243171970341076}. Best is trial 29 with value: 63.70220947265625.
LOCAL_RANK: 0 - CUDA_VISIBLE_DEVICES: [0]
[I 2023-11-30 14:51:01,937] Trial 36 finished with value: 69.2052230834961 and parameters: {'gradient_clip_val': 0.9990032112596409, 'hidden_size': 18, 'dropout': 0.3398505284137366, 'hidden_continuous_size': 12, 'attention_head_size': 1, 'learning_rate': 0.0479236928551546}. Best is trial 29 with value: 63.70220947265625.
LOCAL_RANK: 0 - CUDA_VISIBLE_DEVICES: [0]
[I 2023-11-30 14:51:13,967] Trial 37 finished with value: 69.43206024169922 and parameters: {'gradient_clip_val': 0.6100204980534435, 'hidden_size': 16, 'dropout': 0.3107031083709328, 'hidden_continuous_size': 11, 'attention_head_size': 3, 'learning_rate': 0.06299745652819938}. Best is trial 29 with value: 63.70220947265625.
LOCAL_RANK: 0 - CUDA_VISIBLE_DEVICES: [0]
[I 2023-11-30 14:51:26,238] Trial 38 finished with value: 69.99920654296875 and parameters: {'gradient_clip_val': 0.8843097778242494, 'hidden_size': 24, 'dropout': 0.38134006705060886, 'hidden_continuous_size': 13, 'attention_head_size': 2, 'learning_rate': 0.026838001431897057}. Best is trial 29 with value: 63.70220947265625.
LOCAL_RANK: 0 - CUDA_VISIBLE_DEVICES: [0]
[I 2023-11-30 14:51:38,851] Trial 39 finished with value: 71.32915496826172 and parameters: {'gradient_clip_val': 0.7480569906479184, 'hidden_size': 34, 'dropout': 0.399469590161617, 'hidden_continuous_size': 15, 'attention_head_size': 1, 'learning_rate': 0.04019646584228909}. Best is trial 29 with value: 63.70220947265625.
LOCAL_RANK: 0 - CUDA_VISIBLE_DEVICES: [0]
[I 2023-11-30 14:51:51,159] Trial 40 finished with value: 84.62397766113281 and parameters: {'gradient_clip_val': 0.5538193052418191, 'hidden_size': 15, 'dropout': 0.35561268028264026, 'hidden_continuous_size': 11, 'attention_head_size': 4, 'learning_rate': 0.012176148616640525}. Best is trial 29 with value: 63.70220947265625.
LOCAL_RANK: 0 - CUDA_VISIBLE_DEVICES: [0]
[I 2023-11-30 14:52:03,585] Trial 41 finished with value: 63.70443344116211 and parameters: {'gradient_clip_val': 0.8923751765457458, 'hidden_size': 27, 'dropout': 0.37571544059579276, 'hidden_continuous_size': 13, 'attention_head_size': 3, 'learning_rate': 0.009171844589591834}. Best is trial 29 with value: 63.70220947265625.
LOCAL_RANK: 0 - CUDA_VISIBLE_DEVICES: [0]
[I 2023-11-30 14:52:15,825] Trial 42 finished with value: 80.1301040649414 and parameters: {'gradient_clip_val': 0.8368785344309986, 'hidden_size': 22, 'dropout': 0.3715977103754143, 'hidden_continuous_size': 13, 'attention_head_size': 3, 'learning_rate': 0.008896721500451578}. Best is trial 29 with value: 63.70220947265625.
LOCAL_RANK: 0 - CUDA_VISIBLE_DEVICES: [0]
[I 2023-11-30 14:52:28,243] Trial 43 finished with value: 73.31869506835938 and parameters: {'gradient_clip_val': 0.7001446938701498, 'hidden_size': 28, 'dropout': 0.3871238854653192, 'hidden_continuous_size': 12, 'attention_head_size': 4, 'learning_rate': 0.023910899921093163}. Best is trial 29 with value: 63.70220947265625.
LOCAL_RANK: 0 - CUDA_VISIBLE_DEVICES: [0]
