[I 2023-11-30 01:44:45,376] Trial 15 finished with value: 1047.7593994140625 and parameters: {'gradient_clip_val': 0.28262806915648986, 'hidden_size': 21, 'dropout': 0.15687453846060384, 'hidden_continuous_size': 10, 'attention_head_size': 3, 'learning_rate': 0.09204560067569796}. Best is trial 2 with value: 834.0802612304688.
LOCAL_RANK: 0 - CUDA_VISIBLE_DEVICES: [0]
[I 2023-11-30 01:44:57,980] Trial 16 finished with value: 869.416015625 and parameters: {'gradient_clip_val': 0.17682816092947432, 'hidden_size': 42, 'dropout': 0.12957521806907976, 'hidden_continuous_size': 16, 'attention_head_size': 4, 'learning_rate': 0.030190854056003955}. Best is trial 2 with value: 834.0802612304688.
LOCAL_RANK: 0 - CUDA_VISIBLE_DEVICES: [0]
[I 2023-11-30 01:45:09,855] Trial 17 finished with value: 1118.7593994140625 and parameters: {'gradient_clip_val': 0.3392800170287418, 'hidden_size': 12, 'dropout': 0.18235724977583706, 'hidden_continuous_size': 10, 'attention_head_size': 3, 'learning_rate': 0.04385019215422744}. Best is trial 2 with value: 834.0802612304688.
LOCAL_RANK: 0 - CUDA_VISIBLE_DEVICES: [0]
[I 2023-11-30 01:45:22,262] Trial 18 finished with value: 1113.3099365234375 and parameters: {'gradient_clip_val': 0.16351051760217317, 'hidden_size': 33, 'dropout': 0.12227991174619357, 'hidden_continuous_size': 16, 'attention_head_size': 4, 'learning_rate': 0.09735237418382278}. Best is trial 2 with value: 834.0802612304688.
LOCAL_RANK: 0 - CUDA_VISIBLE_DEVICES: [0]
[I 2023-11-30 01:45:35,129] Trial 19 finished with value: 955.4713745117188 and parameters: {'gradient_clip_val': 0.28454454605971474, 'hidden_size': 59, 'dropout': 0.17379483722036337, 'hidden_continuous_size': 24, 'attention_head_size': 3, 'learning_rate': 0.024789720496126797}. Best is trial 2 with value: 834.0802612304688.
LOCAL_RANK: 0 - CUDA_VISIBLE_DEVICES: [0]
[I 2023-11-30 01:45:47,229] Trial 20 finished with value: 886.54931640625 and parameters: {'gradient_clip_val': 0.13766296848426157, 'hidden_size': 19, 'dropout': 0.1269109365006579, 'hidden_continuous_size': 11, 'attention_head_size': 4, 'learning_rate': 0.04483028435547752}. Best is trial 2 with value: 834.0802612304688.
LOCAL_RANK: 0 - CUDA_VISIBLE_DEVICES: [0]
[I 2023-11-30 01:45:59,900] Trial 21 finished with value: 1020.01318359375 and parameters: {'gradient_clip_val': 0.190853629727877, 'hidden_size': 38, 'dropout': 0.10000624364075081, 'hidden_continuous_size': 15, 'attention_head_size': 4, 'learning_rate': 0.02875838183847643}. Best is trial 2 with value: 834.0802612304688.
LOCAL_RANK: 0 - CUDA_VISIBLE_DEVICES: [0]
[I 2023-11-30 01:46:12,336] Trial 22 finished with value: 1074.119140625 and parameters: {'gradient_clip_val': 0.19030069311067313, 'hidden_size': 44, 'dropout': 0.12885095267466135, 'hidden_continuous_size': 16, 'attention_head_size': 4, 'learning_rate': 0.0531337059670087}. Best is trial 2 with value: 834.0802612304688.
LOCAL_RANK: 0 - CUDA_VISIBLE_DEVICES: [0]
[I 2023-11-30 01:46:24,542] Trial 23 finished with value: 858.5679321289062 and parameters: {'gradient_clip_val': 0.24995089613345428, 'hidden_size': 29, 'dropout': 0.1589317988004973, 'hidden_continuous_size': 14, 'attention_head_size': 3, 'learning_rate': 0.061545777609553085}. Best is trial 2 with value: 834.0802612304688.
LOCAL_RANK: 0 - CUDA_VISIBLE_DEVICES: [0]
[I 2023-11-30 01:46:36,600] Trial 24 finished with value: 955.8834838867188 and parameters: {'gradient_clip_val': 0.24044941322674931, 'hidden_size': 27, 'dropout': 0.1590305599714663, 'hidden_continuous_size': 13, 'attention_head_size': 2, 'learning_rate': 0.06305680891669886}. Best is trial 2 with value: 834.0802612304688.
LOCAL_RANK: 0 - CUDA_VISIBLE_DEVICES: [0]
[I 2023-11-30 01:46:48,571] Trial 25 finished with value: 975.8074340820312 and parameters: {'gradient_clip_val': 0.26549199710521354, 'hidden_size': 17, 'dropout': 0.20733086959031793, 'hidden_continuous_size': 11, 'attention_head_size': 3, 'learning_rate': 0.07183517078088766}. Best is trial 2 with value: 834.0802612304688.
LOCAL_RANK: 0 - CUDA_VISIBLE_DEVICES: [0]
[I 2023-11-30 01:46:58,666] Trial 26 finished with value: 928.6696166992188 and parameters: {'gradient_clip_val': 0.3069058208645969, 'hidden_size': 10, 'dropout': 0.15355934437053778, 'hidden_continuous_size': 10, 'attention_head_size': 3, 'learning_rate': 0.09274885966884595}. Best is trial 2 with value: 834.0802612304688.
LOCAL_RANK: 0 - CUDA_VISIBLE_DEVICES: [0]
[I 2023-11-30 01:47:10,949] Trial 27 finished with value: 916.9127807617188 and parameters: {'gradient_clip_val': 0.20438418158099883, 'hidden_size': 32, 'dropout': 0.16723788266092965, 'hidden_continuous_size': 14, 'attention_head_size': 2, 'learning_rate': 0.03724380585223696}. Best is trial 2 with value: 834.0802612304688.
LOCAL_RANK: 0 - CUDA_VISIBLE_DEVICES: [0]
[I 2023-11-30 01:47:22,780] Trial 28 finished with value: 1117.2451171875 and parameters: {'gradient_clip_val': 0.25003789032116797, 'hidden_size': 24, 'dropout': 0.11366335796065659, 'hidden_continuous_size': 13, 'attention_head_size': 3, 'learning_rate': 0.06211716282116789}. Best is trial 2 with value: 834.0802612304688.
LOCAL_RANK: 0 - CUDA_VISIBLE_DEVICES: [0]
[I 2023-11-30 01:47:34,732] Trial 29 finished with value: 1279.1494140625 and parameters: {'gradient_clip_val': 0.23005000176793694, 'hidden_size': 32, 'dropout': 0.14246120279055388, 'hidden_continuous_size': 17, 'attention_head_size': 2, 'learning_rate': 0.008160446065991367}. Best is trial 2 with value: 834.0802612304688.
LOCAL_RANK: 0 - CUDA_VISIBLE_DEVICES: [0]
[I 2023-11-30 01:47:47,440] Trial 30 finished with value: 835.90234375 and parameters: {'gradient_clip_val': 0.14895769992261806, 'hidden_size': 51, 'dropout': 0.18708843119356333, 'hidden_continuous_size': 19, 'attention_head_size': 3, 'learning_rate': 0.09933067105048433}. Best is trial 2 with value: 834.0802612304688.
LOCAL_RANK: 0 - CUDA_VISIBLE_DEVICES: [0]
[I 2023-11-30 01:48:00,076] Trial 31 finished with value: 1097.319580078125 and parameters: {'gradient_clip_val': 0.15170057800290826, 'hidden_size': 34, 'dropout': 0.19307916090170504, 'hidden_continuous_size': 19, 'attention_head_size': 3, 'learning_rate': 0.09566539487215323}. Best is trial 2 with value: 834.0802612304688.
LOCAL_RANK: 0 - CUDA_VISIBLE_DEVICES: [0]
[I 2023-11-30 01:48:12,147] Trial 32 finished with value: 694.9998168945312 and parameters: {'gradient_clip_val': 0.12770895421540807, 'hidden_size': 27, 'dropout': 0.1719526285655565, 'hidden_continuous_size': 15, 'attention_head_size': 3, 'learning_rate': 0.05620712453298565}. Best is trial 32 with value: 694.9998168945312.
LOCAL_RANK: 0 - CUDA_VISIBLE_DEVICES: [0]
[I 2023-11-30 01:48:24,095] Trial 33 finished with value: 861.708984375 and parameters: {'gradient_clip_val': 0.1271283474786769, 'hidden_size': 25, 'dropout': 0.18547313260888268, 'hidden_continuous_size': 15, 'attention_head_size': 2, 'learning_rate': 0.054961195757959255}. Best is trial 32 with value: 694.9998168945312.
LOCAL_RANK: 0 - CUDA_VISIBLE_DEVICES: [0]
[I 2023-11-30 01:48:36,210] Trial 34 finished with value: 1030.37109375 and parameters: {'gradient_clip_val': 0.13279235917336987, 'hidden_size': 29, 'dropout': 0.17099814015025375, 'hidden_continuous_size': 14, 'attention_head_size': 3, 'learning_rate': 0.03488300564229129}. Best is trial 32 with value: 694.9998168945312.
LOCAL_RANK: 0 - CUDA_VISIBLE_DEVICES: [0]
[I 2023-11-30 01:48:48,678] Trial 35 finished with value: 1162.5596923828125 and parameters: {'gradient_clip_val': 0.11260903572234304, 'hidden_size': 52, 'dropout': 0.2219057633187477, 'hidden_continuous_size': 18, 'attention_head_size': 2, 'learning_rate': 0.04688383922975664}. Best is trial 32 with value: 694.9998168945312.
LOCAL_RANK: 0 - CUDA_VISIBLE_DEVICES: [0]
[I 2023-11-30 01:49:01,153] Trial 36 finished with value: 982.333740234375 and parameters: {'gradient_clip_val': 0.11578640610828989, 'hidden_size': 36, 'dropout': 0.19772034260110552, 'hidden_continuous_size': 17, 'attention_head_size': 3, 'learning_rate': 0.06523579836377848}. Best is trial 32 with value: 694.9998168945312.
LOCAL_RANK: 0 - CUDA_VISIBLE_DEVICES: [0]
[I 2023-11-30 01:49:13,314] Trial 37 finished with value: 871.5610961914062 and parameters: {'gradient_clip_val': 0.16379155815919486, 'hidden_size': 29, 'dropout': 0.17489592164798637, 'hidden_continuous_size': 15, 'attention_head_size': 4, 'learning_rate': 0.0204358113904148}. Best is trial 32 with value: 694.9998168945312.
LOCAL_RANK: 0 - CUDA_VISIBLE_DEVICES: [0]
[I 2023-11-30 01:49:25,796] Trial 38 finished with value: 928.90869140625 and parameters: {'gradient_clip_val': 0.1001683744135387, 'hidden_size': 38, 'dropout': 0.24580717100861, 'hidden_continuous_size': 20, 'attention_head_size': 2, 'learning_rate': 0.05343896851488593}. Best is trial 32 with value: 694.9998168945312.
LOCAL_RANK: 0 - CUDA_VISIBLE_DEVICES: [0]
[I 2023-11-30 01:49:38,250] Trial 39 finished with value: 1155.3994140625 and parameters: {'gradient_clip_val': 0.13999065336947356, 'hidden_size': 46, 'dropout': 0.23004009645763426, 'hidden_continuous_size': 12, 'attention_head_size': 1, 'learning_rate': 0.03282634194456723}. Best is trial 32 with value: 694.9998168945312.
LOCAL_RANK: 0 - CUDA_VISIBLE_DEVICES: [0]
[I 2023-11-30 01:49:50,093] Trial 40 finished with value: 1164.5372314453125 and parameters: {'gradient_clip_val': 0.12481677362630365, 'hidden_size': 16, 'dropout': 0.21329496551594346, 'hidden_continuous_size': 13, 'attention_head_size': 4, 'learning_rate': 0.01568163974128865}. Best is trial 32 with value: 694.9998168945312.
LOCAL_RANK: 0 - CUDA_VISIBLE_DEVICES: [0]
[I 2023-11-30 01:50:01,997] Trial 41 finished with value: 1030.244140625 and parameters: {'gradient_clip_val': 0.12282976958873536, 'hidden_size': 25, 'dropout': 0.18833299136570605, 'hidden_continuous_size': 15, 'attention_head_size': 2, 'learning_rate': 0.053605493529808666}. Best is trial 32 with value: 694.9998168945312.
LOCAL_RANK: 0 - CUDA_VISIBLE_DEVICES: [0]
[I 2023-11-30 01:50:14,161] Trial 42 finished with value: 1101.90576171875 and parameters: {'gradient_clip_val': 0.11109599888195375, 'hidden_size': 23, 'dropout': 0.18773183253379178, 'hidden_continuous_size': 14, 'attention_head_size': 2, 'learning_rate': 0.07802867139244234}. Best is trial 32 with value: 694.9998168945312.
LOCAL_RANK: 0 - CUDA_VISIBLE_DEVICES: [0]
[I 2023-11-30 01:50:26,111] Trial 43 finished with value: 908.3796997070312 and parameters: {'gradient_clip_val': 0.13467477604645967, 'hidden_size': 21, 'dropout': 0.16013819765704718, 'hidden_continuous_size': 15, 'attention_head_size': 2, 'learning_rate': 0.06010902622765916}. Best is trial 32 with value: 694.9998168945312.
LOCAL_RANK: 0 - CUDA_VISIBLE_DEVICES: [0]
[I 2023-11-30 01:50:38,316] Trial 44 finished with value: 1031.56396484375 and parameters: {'gradient_clip_val': 0.1746377185897447, 'hidden_size': 30, 'dropout': 0.20577985123214226, 'hidden_continuous_size': 16, 'attention_head_size': 3, 'learning_rate': 0.04181373555399482}. Best is trial 32 with value: 694.9998168945312.
LOCAL_RANK: 0 - CUDA_VISIBLE_DEVICES: [0]
[I 2023-11-30 01:50:50,599] Trial 45 finished with value: 975.3093872070312 and parameters: {'gradient_clip_val': 0.15329030107375968, 'hidden_size': 37, 'dropout': 0.14068225987741195, 'hidden_continuous_size': 20, 'attention_head_size': 1, 'learning_rate': 0.07658226227200503}. Best is trial 32 with value: 694.9998168945312.
LOCAL_RANK: 0 - CUDA_VISIBLE_DEVICES: [0]
[I 2023-11-30 01:51:02,721] Trial 46 finished with value: 901.9453735351562 and parameters: {'gradient_clip_val': 0.12199070293069768, 'hidden_size': 28, 'dropout': 0.26382538530812644, 'hidden_continuous_size': 17, 'attention_head_size': 3, 'learning_rate': 0.04994670470437296}. Best is trial 32 with value: 694.9998168945312.
LOCAL_RANK: 0 - CUDA_VISIBLE_DEVICES: [0]
[I 2023-11-30 01:51:14,970] Trial 47 finished with value: 897.4824829101562 and parameters: {'gradient_clip_val': 0.3488137256581525, 'hidden_size': 26, 'dropout': 0.17902228367612794, 'hidden_continuous_size': 15, 'attention_head_size': 3, 'learning_rate': 0.0999048466672942}. Best is trial 32 with value: 694.9998168945312.
LOCAL_RANK: 0 - CUDA_VISIBLE_DEVICES: [0]
[I 2023-11-30 01:51:27,871] Trial 48 finished with value: 959.277587890625 and parameters: {'gradient_clip_val': 0.21713774796425067, 'hidden_size': 68, 'dropout': 0.15304582893561208, 'hidden_continuous_size': 21, 'attention_head_size': 2, 'learning_rate': 0.07349457326652428}. Best is trial 32 with value: 694.9998168945312.
LOCAL_RANK: 0 - CUDA_VISIBLE_DEVICES: [0]
[I 2023-11-30 01:51:40,629] Trial 49 finished with value: 920.8270874023438 and parameters: {'gradient_clip_val': 0.10997650658993001, 'hidden_size': 51, 'dropout': 0.19609204319551238, 'hidden_continuous_size': 19, 'attention_head_size': 3, 'learning_rate': 0.03824567481518433}. Best is trial 32 with value: 694.9998168945312.
LOCAL_RANK: 0 - CUDA_VISIBLE_DEVICES: [0]
[I 2023-11-30 01:51:52,845] Trial 50 finished with value: 905.9832153320312 and parameters: {'gradient_clip_val': 0.10167636930693755, 'hidden_size': 40, 'dropout': 0.16523474837537688, 'hidden_continuous_size': 18, 'attention_head_size': 1, 'learning_rate': 0.02782379822256859}. Best is trial 32 with value: 694.9998168945312.
LOCAL_RANK: 0 - CUDA_VISIBLE_DEVICES: [0]
[I 2023-11-30 01:52:06,183] Trial 51 finished with value: 996.0979614257812 and parameters: {'gradient_clip_val': 0.19369131925675928, 'hidden_size': 87, 'dropout': 0.11747638330044809, 'hidden_continuous_size': 23, 'attention_head_size': 3, 'learning_rate': 0.08145179660608802}. Best is trial 32 with value: 694.9998168945312.
LOCAL_RANK: 0 - CUDA_VISIBLE_DEVICES: [0]
[I 2023-11-30 01:52:20,570] Trial 52 finished with value: 868.490478515625 and parameters: {'gradient_clip_val': 0.1489122191227763, 'hidden_size': 141, 'dropout': 0.13480501761295377, 'hidden_continuous_size': 43, 'attention_head_size': 3, 'learning_rate': 0.08204145474270673}. Best is trial 32 with value: 694.9998168945312.
LOCAL_RANK: 0 - CUDA_VISIBLE_DEVICES: [0]
[I 2023-11-30 01:52:34,101] Trial 53 finished with value: 929.7246704101562 and parameters: {'gradient_clip_val': 0.17350935665038544, 'hidden_size': 107, 'dropout': 0.14781927387969587, 'hidden_continuous_size': 26, 'attention_head_size': 3, 'learning_rate': 0.0602899506183525}. Best is trial 32 with value: 694.9998168945312.
LOCAL_RANK: 0 - CUDA_VISIBLE_DEVICES: [0]
[I 2023-11-30 01:52:46,482] Trial 54 finished with value: 999.5300903320312 and parameters: {'gradient_clip_val': 0.20509185035881633, 'hidden_size': 34, 'dropout': 0.11142333682924266, 'hidden_continuous_size': 12, 'attention_head_size': 4, 'learning_rate': 0.046902514176382824}. Best is trial 32 with value: 694.9998168945312.
LOCAL_RANK: 0 - CUDA_VISIBLE_DEVICES: [0]
[I 2023-11-30 01:52:59,453] Trial 55 finished with value: 805.038818359375 and parameters: {'gradient_clip_val': 0.14025207945725518, 'hidden_size': 64, 'dropout': 0.13416335682998906, 'hidden_continuous_size': 22, 'attention_head_size': 3, 'learning_rate': 0.06731018229100647}. Best is trial 32 with value: 694.9998168945312.
LOCAL_RANK: 0 - CUDA_VISIBLE_DEVICES: [0]
[I 2023-11-30 01:53:12,098] Trial 56 finished with value: 890.0745239257812 and parameters: {'gradient_clip_val': 0.13180620422747283, 'hidden_size': 42, 'dropout': 0.1362181088146337, 'hidden_continuous_size': 21, 'attention_head_size': 3, 'learning_rate': 0.06838767398369297}. Best is trial 32 with value: 694.9998168945312.
LOCAL_RANK: 0 - CUDA_VISIBLE_DEVICES: [0]
[I 2023-11-30 01:53:24,331] Trial 57 finished with value: 790.077880859375 and parameters: {'gradient_clip_val': 0.1504152012049867, 'hidden_size': 22, 'dropout': 0.17959594611812396, 'hidden_continuous_size': 14, 'attention_head_size': 3, 'learning_rate': 0.05577890006291719}. Best is trial 32 with value: 694.9998168945312.
LOCAL_RANK: 0 - CUDA_VISIBLE_DEVICES: [0]
[I 2023-11-30 01:53:36,419] Trial 58 finished with value: 932.5661010742188 and parameters: {'gradient_clip_val': 0.14532293855730513, 'hidden_size': 21, 'dropout': 0.15083146123017477, 'hidden_continuous_size': 14, 'attention_head_size': 3, 'learning_rate': 0.04259941377003526}. Best is trial 32 with value: 694.9998168945312.
LOCAL_RANK: 0 - CUDA_VISIBLE_DEVICES: [0]
[I 2023-11-30 01:53:48,696] Trial 59 finished with value: 901.75732421875 and parameters: {'gradient_clip_val': 0.16312828920142441, 'hidden_size': 30, 'dropout': 0.1272632922040915, 'hidden_continuous_size': 16, 'attention_head_size': 3, 'learning_rate': 0.08604677813049819}. Best is trial 32 with value: 694.9998168945312.
LOCAL_RANK: 0 - CUDA_VISIBLE_DEVICES: [0]
[I 2023-11-30 01:54:01,471] Trial 60 finished with value: 951.1598510742188 and parameters: {'gradient_clip_val': 0.18182912821644626, 'hidden_size': 49, 'dropout': 0.17000199771418195, 'hidden_continuous_size': 23, 'attention_head_size': 4, 'learning_rate': 0.06796031883395173}. Best is trial 32 with value: 694.9998168945312.
LOCAL_RANK: 0 - CUDA_VISIBLE_DEVICES: [0]
[I 2023-11-30 01:54:13,548] Trial 61 finished with value: 912.0420532226562 and parameters: {'gradient_clip_val': 0.12420556715784443, 'hidden_size': 25, 'dropout': 0.18313580579041036, 'hidden_continuous_size': 14, 'attention_head_size': 3, 'learning_rate': 0.0572893730147724}. Best is trial 32 with value: 694.9998168945312.
LOCAL_RANK: 0 - CUDA_VISIBLE_DEVICES: [0]
[I 2023-11-30 01:54:25,851] Trial 62 finished with value: 1026.1580810546875 and parameters: {'gradient_clip_val': 0.14350671657273578, 'hidden_size': 23, 'dropout': 0.16608701733166292, 'hidden_continuous_size': 15, 'attention_head_size': 3, 'learning_rate': 0.0527795478845943}. Best is trial 32 with value: 694.9998168945312.
LOCAL_RANK: 0 - CUDA_VISIBLE_DEVICES: [0]
[I 2023-11-30 01:54:37,876] Trial 63 finished with value: 1115.3887939453125 and parameters: {'gradient_clip_val': 0.165015359850324, 'hidden_size': 26, 'dropout': 0.15941091732247648, 'hidden_continuous_size': 15, 'attention_head_size': 2, 'learning_rate': 0.03737797446139356}. Best is trial 32 with value: 694.9998168945312.
LOCAL_RANK: 0 - CUDA_VISIBLE_DEVICES: [0]
[I 2023-11-30 01:54:50,016] Trial 64 finished with value: 891.1671752929688 and parameters: {'gradient_clip_val': 0.15368918943475138, 'hidden_size': 32, 'dropout': 0.1793073567517646, 'hidden_continuous_size': 17, 'attention_head_size': 3, 'learning_rate': 0.06956631231419455}. Best is trial 32 with value: 694.9998168945312.
LOCAL_RANK: 0 - CUDA_VISIBLE_DEVICES: [0]
[I 2023-11-30 01:55:02,760] Trial 65 finished with value: 882.5932006835938 and parameters: {'gradient_clip_val': 0.1298768010612803, 'hidden_size': 59, 'dropout': 0.1440471222453289, 'hidden_continuous_size': 13, 'attention_head_size': 3, 'learning_rate': 0.08689327399743221}. Best is trial 32 with value: 694.9998168945312.
LOCAL_RANK: 0 - CUDA_VISIBLE_DEVICES: [0]
[I 2023-11-30 01:55:14,949] Trial 66 finished with value: 903.9015502929688 and parameters: {'gradient_clip_val': 0.12013998003889809, 'hidden_size': 19, 'dropout': 0.12903079260052996, 'hidden_continuous_size': 14, 'attention_head_size': 4, 'learning_rate': 0.09855152992807756}. Best is trial 32 with value: 694.9998168945312.
LOCAL_RANK: 0 - CUDA_VISIBLE_DEVICES: [0]
[I 2023-11-30 01:55:27,160] Trial 67 finished with value: 939.3193359375 and parameters: {'gradient_clip_val': 0.1390275229869689, 'hidden_size': 28, 'dropout': 0.1536794866562599, 'hidden_continuous_size': 16, 'attention_head_size': 3, 'learning_rate': 0.0474470323528813}. Best is trial 32 with value: 694.9998168945312.
LOCAL_RANK: 0 - CUDA_VISIBLE_DEVICES: [0]
[I 2023-11-30 01:55:39,806] Trial 68 finished with value: 1009.6715698242188 and parameters: {'gradient_clip_val': 0.10500557630976025, 'hidden_size': 35, 'dropout': 0.19995787962363354, 'hidden_continuous_size': 18, 'attention_head_size': 4, 'learning_rate': 0.05897825691876548}. Best is trial 32 with value: 694.9998168945312.
LOCAL_RANK: 0 - CUDA_VISIBLE_DEVICES: [0]
[I 2023-11-30 01:55:52,221] Trial 69 finished with value: 1058.8758544921875 and parameters: {'gradient_clip_val': 0.11712724381948199, 'hidden_size': 39, 'dropout': 0.1855872269245244, 'hidden_continuous_size': 17, 'attention_head_size': 2, 'learning_rate': 0.0732565043405267}. Best is trial 32 with value: 694.9998168945312.
LOCAL_RANK: 0 - CUDA_VISIBLE_DEVICES: [0]
[I 2023-11-30 01:56:04,011] Trial 70 finished with value: 1185.6793212890625 and parameters: {'gradient_clip_val': 0.26073900077739726, 'hidden_size': 32, 'dropout': 0.11942835989044133, 'hidden_continuous_size': 13, 'attention_head_size': 3, 'learning_rate': 0.04093979503475733}. Best is trial 32 with value: 694.9998168945312.
LOCAL_RANK: 0 - CUDA_VISIBLE_DEVICES: [0]
[I 2023-11-30 01:56:17,276] Trial 71 finished with value: 1036.5621337890625 and parameters: {'gradient_clip_val': 0.2242116463939797, 'hidden_size': 63, 'dropout': 0.13594715614376543, 'hidden_continuous_size': 41, 'attention_head_size': 3, 'learning_rate': 0.08564847592731033}. Best is trial 32 with value: 694.9998168945312.
LOCAL_RANK: 0 - CUDA_VISIBLE_DEVICES: [0]
[I 2023-11-30 01:56:29,897] Trial 72 finished with value: 950.3783569335938 and parameters: {'gradient_clip_val': 0.14364637442928116, 'hidden_size': 44, 'dropout': 0.10814341059678224, 'hidden_continuous_size': 26, 'attention_head_size': 3, 'learning_rate': 0.0623465105360421}. Best is trial 32 with value: 694.9998168945312.
LOCAL_RANK: 0 - CUDA_VISIBLE_DEVICES: [0]
[I 2023-11-30 01:56:43,673] Trial 73 finished with value: 975.2169799804688 and parameters: {'gradient_clip_val': 0.23975118211374846, 'hidden_size': 79, 'dropout': 0.10814965047025472, 'hidden_continuous_size': 66, 'attention_head_size': 3, 'learning_rate': 0.051172813139778596}. Best is trial 32 with value: 694.9998168945312.
LOCAL_RANK: 0 - CUDA_VISIBLE_DEVICES: [0]
