[I 2023-11-30 07:07:21,753] Trial 33 finished with value: 36.28354263305664 and parameters: {'gradient_clip_val': 0.6819167757869099, 'hidden_size': 57, 'dropout': 0.16472819440429165, 'hidden_continuous_size': 17, 'attention_head_size': 1, 'learning_rate': 0.021960891245122485}. Best is trial 5 with value: 34.9522705078125.
LOCAL_RANK: 0 - CUDA_VISIBLE_DEVICES: [0]
[I 2023-11-30 07:07:34,815] Trial 34 finished with value: 35.369789123535156 and parameters: {'gradient_clip_val': 0.6670518553987921, 'hidden_size': 88, 'dropout': 0.1618408878073189, 'hidden_continuous_size': 25, 'attention_head_size': 1, 'learning_rate': 0.02240027548888382}. Best is trial 5 with value: 34.9522705078125.
LOCAL_RANK: 0 - CUDA_VISIBLE_DEVICES: [0]
[I 2023-11-30 07:07:48,247] Trial 35 finished with value: 39.92201614379883 and parameters: {'gradient_clip_val': 0.7370775223141436, 'hidden_size': 98, 'dropout': 0.1500921370052367, 'hidden_continuous_size': 24, 'attention_head_size': 1, 'learning_rate': 0.02087273525660134}. Best is trial 5 with value: 34.9522705078125.
LOCAL_RANK: 0 - CUDA_VISIBLE_DEVICES: [0]
[I 2023-11-30 07:08:00,708] Trial 36 finished with value: 40.90029525756836 and parameters: {'gradient_clip_val': 0.6304016468032941, 'hidden_size': 53, 'dropout': 0.16776514299054984, 'hidden_continuous_size': 11, 'attention_head_size': 1, 'learning_rate': 0.02640621201841694}. Best is trial 5 with value: 34.9522705078125.
LOCAL_RANK: 0 - CUDA_VISIBLE_DEVICES: [0]
[I 2023-11-30 07:08:13,392] Trial 37 finished with value: 36.38573455810547 and parameters: {'gradient_clip_val': 0.6902504986401531, 'hidden_size': 59, 'dropout': 0.19793883494283057, 'hidden_continuous_size': 21, 'attention_head_size': 1, 'learning_rate': 0.03261780237748676}. Best is trial 5 with value: 34.9522705078125.
LOCAL_RANK: 0 - CUDA_VISIBLE_DEVICES: [0]
[I 2023-11-30 07:08:27,008] Trial 38 finished with value: 38.85867691040039 and parameters: {'gradient_clip_val': 0.8754642053335487, 'hidden_size': 122, 'dropout': 0.16262697493416384, 'hidden_continuous_size': 38, 'attention_head_size': 1, 'learning_rate': 0.023951554613184604}. Best is trial 5 with value: 34.9522705078125.
LOCAL_RANK: 0 - CUDA_VISIBLE_DEVICES: [0]
[I 2023-11-30 07:08:39,949] Trial 39 finished with value: 39.7702522277832 and parameters: {'gradient_clip_val': 0.5825403596475809, 'hidden_size': 88, 'dropout': 0.1738709101618465, 'hidden_continuous_size': 32, 'attention_head_size': 1, 'learning_rate': 0.01763713564968762}. Best is trial 5 with value: 34.9522705078125.
LOCAL_RANK: 0 - CUDA_VISIBLE_DEVICES: [0]
[I 2023-11-30 07:08:53,960] Trial 40 finished with value: 42.937957763671875 and parameters: {'gradient_clip_val': 0.8457929730397012, 'hidden_size': 135, 'dropout': 0.1212815352913691, 'hidden_continuous_size': 32, 'attention_head_size': 1, 'learning_rate': 0.06094736518996587}. Best is trial 5 with value: 34.9522705078125.
LOCAL_RANK: 0 - CUDA_VISIBLE_DEVICES: [0]
[I 2023-11-30 07:09:06,707] Trial 41 finished with value: 42.005584716796875 and parameters: {'gradient_clip_val': 0.6868744180205741, 'hidden_size': 59, 'dropout': 0.1945934671845784, 'hidden_continuous_size': 24, 'attention_head_size': 1, 'learning_rate': 0.032692154995991894}. Best is trial 5 with value: 34.9522705078125.
LOCAL_RANK: 0 - CUDA_VISIBLE_DEVICES: [0]
[I 2023-11-30 07:09:19,370] Trial 42 finished with value: 33.76677703857422 and parameters: {'gradient_clip_val': 0.6693112505263489, 'hidden_size': 55, 'dropout': 0.2002585461519593, 'hidden_continuous_size': 21, 'attention_head_size': 1, 'learning_rate': 0.023385364554466298}. Best is trial 42 with value: 33.76677703857422.
LOCAL_RANK: 0 - CUDA_VISIBLE_DEVICES: [0]
[I 2023-11-30 07:09:32,304] Trial 43 finished with value: 38.093082427978516 and parameters: {'gradient_clip_val': 0.5431121779847746, 'hidden_size': 68, 'dropout': 0.15556648145285146, 'hidden_continuous_size': 25, 'attention_head_size': 1, 'learning_rate': 0.023086209378835102}. Best is trial 42 with value: 33.76677703857422.
LOCAL_RANK: 0 - CUDA_VISIBLE_DEVICES: [0]
[I 2023-11-30 07:09:44,526] Trial 44 finished with value: 38.65792465209961 and parameters: {'gradient_clip_val': 0.6330871485279056, 'hidden_size': 44, 'dropout': 0.17432713467996697, 'hidden_continuous_size': 19, 'attention_head_size': 1, 'learning_rate': 0.013013142053244121}. Best is trial 42 with value: 33.76677703857422.
LOCAL_RANK: 0 - CUDA_VISIBLE_DEVICES: [0]
[I 2023-11-30 07:09:57,156] Trial 45 finished with value: 36.39780044555664 and parameters: {'gradient_clip_val': 0.48601763030546463, 'hidden_size': 55, 'dropout': 0.13766496683552285, 'hidden_continuous_size': 21, 'attention_head_size': 1, 'learning_rate': 0.021064366571909732}. Best is trial 42 with value: 33.76677703857422.
LOCAL_RANK: 0 - CUDA_VISIBLE_DEVICES: [0]
[I 2023-11-30 07:10:10,879] Trial 46 finished with value: 38.01942825317383 and parameters: {'gradient_clip_val': 0.5828180896981424, 'hidden_size': 102, 'dropout': 0.11833353669485222, 'hidden_continuous_size': 43, 'attention_head_size': 3, 'learning_rate': 0.04875661253826193}. Best is trial 42 with value: 33.76677703857422.
LOCAL_RANK: 0 - CUDA_VISIBLE_DEVICES: [0]
[I 2023-11-30 07:10:24,479] Trial 47 finished with value: 41.773956298828125 and parameters: {'gradient_clip_val': 0.9811899049497925, 'hidden_size': 132, 'dropout': 0.20579000688362298, 'hidden_continuous_size': 58, 'attention_head_size': 1, 'learning_rate': 0.015939105793283052}. Best is trial 42 with value: 33.76677703857422.
LOCAL_RANK: 0 - CUDA_VISIBLE_DEVICES: [0]
[I 2023-11-30 07:10:37,807] Trial 48 finished with value: 42.15401077270508 and parameters: {'gradient_clip_val': 0.8092066266977102, 'hidden_size': 86, 'dropout': 0.2260161179434157, 'hidden_continuous_size': 28, 'attention_head_size': 4, 'learning_rate': 0.02647104237853262}. Best is trial 42 with value: 33.76677703857422.
LOCAL_RANK: 0 - CUDA_VISIBLE_DEVICES: [0]
[I 2023-11-30 07:10:50,899] Trial 49 finished with value: 37.961212158203125 and parameters: {'gradient_clip_val': 0.6549516073161017, 'hidden_size': 71, 'dropout': 0.1747404026062344, 'hidden_continuous_size': 23, 'attention_head_size': 3, 'learning_rate': 0.011864319694123574}. Best is trial 42 with value: 33.76677703857422.
LOCAL_RANK: 0 - CUDA_VISIBLE_DEVICES: [0]
[I 2023-11-30 07:11:05,426] Trial 50 finished with value: 35.09576416015625 and parameters: {'gradient_clip_val': 0.51707083433515, 'hidden_size': 148, 'dropout': 0.14129831130585793, 'hidden_continuous_size': 140, 'attention_head_size': 1, 'learning_rate': 0.01661326003245253}. Best is trial 42 with value: 33.76677703857422.
LOCAL_RANK: 0 - CUDA_VISIBLE_DEVICES: [0]
[I 2023-11-30 07:11:19,580] Trial 51 finished with value: 36.78628158569336 and parameters: {'gradient_clip_val': 0.5297756311307594, 'hidden_size': 126, 'dropout': 0.161980369779267, 'hidden_continuous_size': 125, 'attention_head_size': 1, 'learning_rate': 0.018604897533199646}. Best is trial 42 with value: 33.76677703857422.
LOCAL_RANK: 0 - CUDA_VISIBLE_DEVICES: [0]
[I 2023-11-30 07:11:33,537] Trial 52 finished with value: 36.90302658081055 and parameters: {'gradient_clip_val': 0.4686875170227766, 'hidden_size': 109, 'dropout': 0.1356130805635978, 'hidden_continuous_size': 102, 'attention_head_size': 1, 'learning_rate': 0.014458358075478647}. Best is trial 42 with value: 33.76677703857422.
LOCAL_RANK: 0 - CUDA_VISIBLE_DEVICES: [0]
[I 2023-11-30 07:11:47,945] Trial 53 finished with value: 37.394020080566406 and parameters: {'gradient_clip_val': 0.4061244574696477, 'hidden_size': 148, 'dropout': 0.18458708617607028, 'hidden_continuous_size': 147, 'attention_head_size': 1, 'learning_rate': 0.020916139824188235}. Best is trial 42 with value: 33.76677703857422.
LOCAL_RANK: 0 - CUDA_VISIBLE_DEVICES: [0]
[I 2023-11-30 07:12:02,030] Trial 54 finished with value: 39.8127326965332 and parameters: {'gradient_clip_val': 0.7341485767971597, 'hidden_size': 131, 'dropout': 0.11126270407828875, 'hidden_continuous_size': 75, 'attention_head_size': 2, 'learning_rate': 0.016569926924765745}. Best is trial 42 with value: 33.76677703857422.
LOCAL_RANK: 0 - CUDA_VISIBLE_DEVICES: [0]
[I 2023-11-30 07:12:16,187] Trial 55 finished with value: 39.56924819946289 and parameters: {'gradient_clip_val': 0.43891410095388983, 'hidden_size': 118, 'dropout': 0.14497965453479977, 'hidden_continuous_size': 100, 'attention_head_size': 2, 'learning_rate': 0.010492797269824366}. Best is trial 42 with value: 33.76677703857422.
LOCAL_RANK: 0 - CUDA_VISIBLE_DEVICES: [0]
[I 2023-11-30 07:12:29,189] Trial 56 finished with value: 39.33363342285156 and parameters: {'gradient_clip_val': 0.5973647665586078, 'hidden_size': 78, 'dropout': 0.1563788253975104, 'hidden_continuous_size': 17, 'attention_head_size': 1, 'learning_rate': 0.026020398420105}. Best is trial 42 with value: 33.76677703857422.
LOCAL_RANK: 0 - CUDA_VISIBLE_DEVICES: [0]
[I 2023-11-30 07:12:42,471] Trial 57 finished with value: 37.185245513916016 and parameters: {'gradient_clip_val': 0.5012200206128035, 'hidden_size': 98, 'dropout': 0.1260441490665398, 'hidden_continuous_size': 15, 'attention_head_size': 3, 'learning_rate': 0.013544069804308265}. Best is trial 42 with value: 33.76677703857422.
LOCAL_RANK: 0 - CUDA_VISIBLE_DEVICES: [0]
[I 2023-11-30 07:12:57,094] Trial 58 finished with value: 36.7669677734375 and parameters: {'gradient_clip_val': 0.5488336605630721, 'hidden_size': 150, 'dropout': 0.18018173841516533, 'hidden_continuous_size': 147, 'attention_head_size': 1, 'learning_rate': 0.01626834968735136}. Best is trial 42 with value: 33.76677703857422.
LOCAL_RANK: 0 - CUDA_VISIBLE_DEVICES: [0]
[I 2023-11-30 07:13:10,298] Trial 59 finished with value: 40.30540466308594 and parameters: {'gradient_clip_val': 0.6581331733378557, 'hidden_size': 82, 'dropout': 0.11102414886031031, 'hidden_continuous_size': 34, 'attention_head_size': 2, 'learning_rate': 0.020808576048721324}. Best is trial 42 with value: 33.76677703857422.
LOCAL_RANK: 0 - CUDA_VISIBLE_DEVICES: [0]
[I 2023-11-30 07:13:23,454] Trial 60 finished with value: 37.67327880859375 and parameters: {'gradient_clip_val': 0.3661437554823326, 'hidden_size': 69, 'dropout': 0.1327295922333414, 'hidden_continuous_size': 28, 'attention_head_size': 1, 'learning_rate': 0.034473213575230394}. Best is trial 42 with value: 33.76677703857422.
LOCAL_RANK: 0 - CUDA_VISIBLE_DEVICES: [0]
[I 2023-11-30 07:13:36,021] Trial 61 finished with value: 36.22294235229492 and parameters: {'gradient_clip_val': 0.6831931527951598, 'hidden_size': 54, 'dropout': 0.1985063031634319, 'hidden_continuous_size': 21, 'attention_head_size': 1, 'learning_rate': 0.02949548210653272}. Best is trial 42 with value: 33.76677703857422.
LOCAL_RANK: 0 - CUDA_VISIBLE_DEVICES: [0]
[I 2023-11-30 07:13:48,627] Trial 62 finished with value: 37.000606536865234 and parameters: {'gradient_clip_val': 0.8027021934389816, 'hidden_size': 61, 'dropout': 0.1661117038566147, 'hidden_continuous_size': 17, 'attention_head_size': 1, 'learning_rate': 0.029277523433139715}. Best is trial 42 with value: 33.76677703857422.
LOCAL_RANK: 0 - CUDA_VISIBLE_DEVICES: [0]
[I 2023-11-30 07:14:01,063] Trial 63 finished with value: 37.45766067504883 and parameters: {'gradient_clip_val': 0.6231914508546633, 'hidden_size': 42, 'dropout': 0.14326717433566658, 'hidden_continuous_size': 22, 'attention_head_size': 1, 'learning_rate': 0.024844610083179217}. Best is trial 42 with value: 33.76677703857422.
LOCAL_RANK: 0 - CUDA_VISIBLE_DEVICES: [0]
[I 2023-11-30 07:14:13,414] Trial 64 finished with value: 38.70162582397461 and parameters: {'gradient_clip_val': 0.7005887365229201, 'hidden_size': 48, 'dropout': 0.20028577558435884, 'hidden_continuous_size': 20, 'attention_head_size': 1, 'learning_rate': 0.01839803290053443}. Best is trial 42 with value: 33.76677703857422.
LOCAL_RANK: 0 - CUDA_VISIBLE_DEVICES: [0]
[I 2023-11-30 07:14:26,171] Trial 65 finished with value: 39.12897491455078 and parameters: {'gradient_clip_val': 0.4801092274508957, 'hidden_size': 53, 'dropout': 0.18649162083456353, 'hidden_continuous_size': 25, 'attention_head_size': 1, 'learning_rate': 0.03918768443087787}. Best is trial 42 with value: 33.76677703857422.
LOCAL_RANK: 0 - CUDA_VISIBLE_DEVICES: [0]
[I 2023-11-30 07:14:39,631] Trial 66 finished with value: 36.79098129272461 and parameters: {'gradient_clip_val': 0.5546032940684824, 'hidden_size': 91, 'dropout': 0.18771429551533142, 'hidden_continuous_size': 50, 'attention_head_size': 2, 'learning_rate': 0.014294877080360775}. Best is trial 42 with value: 33.76677703857422.
LOCAL_RANK: 0 - CUDA_VISIBLE_DEVICES: [0]
[I 2023-11-30 07:14:51,952] Trial 67 finished with value: 36.80923080444336 and parameters: {'gradient_clip_val': 0.5162744563450808, 'hidden_size': 38, 'dropout': 0.15015041684934463, 'hidden_continuous_size': 19, 'attention_head_size': 1, 'learning_rate': 0.02853283681021355}. Best is trial 42 with value: 33.76677703857422.
LOCAL_RANK: 0 - CUDA_VISIBLE_DEVICES: [0]
[I 2023-11-30 07:15:05,482] Trial 68 finished with value: 36.74251937866211 and parameters: {'gradient_clip_val': 0.4267769873401416, 'hidden_size': 104, 'dropout': 0.15859572189011084, 'hidden_continuous_size': 29, 'attention_head_size': 3, 'learning_rate': 0.011560554196481627}. Best is trial 42 with value: 33.76677703857422.
LOCAL_RANK: 0 - CUDA_VISIBLE_DEVICES: [0]
[I 2023-11-30 07:15:18,938] Trial 69 finished with value: 42.38204574584961 and parameters: {'gradient_clip_val': 0.3896475639361903, 'hidden_size': 115, 'dropout': 0.2224179065381699, 'hidden_continuous_size': 26, 'attention_head_size': 1, 'learning_rate': 0.023014382044350412}. Best is trial 42 with value: 33.76677703857422.
LOCAL_RANK: 0 - CUDA_VISIBLE_DEVICES: [0]
[I 2023-11-30 07:15:31,769] Trial 70 finished with value: 38.25608825683594 and parameters: {'gradient_clip_val': 0.7506449828617694, 'hidden_size': 64, 'dropout': 0.16972970397418202, 'hidden_continuous_size': 14, 'attention_head_size': 2, 'learning_rate': 0.016241176505366897}. Best is trial 42 with value: 33.76677703857422.
LOCAL_RANK: 0 - CUDA_VISIBLE_DEVICES: [0]
[I 2023-11-30 07:15:44,528] Trial 71 finished with value: 40.63801956176758 and parameters: {'gradient_clip_val': 0.6857446239067678, 'hidden_size': 60, 'dropout': 0.2070396599360474, 'hidden_continuous_size': 21, 'attention_head_size': 1, 'learning_rate': 0.02901105442292145}. Best is trial 42 with value: 33.76677703857422.
LOCAL_RANK: 0 - CUDA_VISIBLE_DEVICES: [0]
[I 2023-11-30 07:15:57,332] Trial 72 finished with value: 36.283748626708984 and parameters: {'gradient_clip_val': 0.6204751754151412, 'hidden_size': 57, 'dropout': 0.19955903220019963, 'hidden_continuous_size': 21, 'attention_head_size': 1, 'learning_rate': 0.032316203942828775}. Best is trial 42 with value: 33.76677703857422.
LOCAL_RANK: 0 - CUDA_VISIBLE_DEVICES: [0]
[I 2023-11-30 07:16:09,797] Trial 73 finished with value: 36.85213088989258 and parameters: {'gradient_clip_val': 0.6191573373497005, 'hidden_size': 46, 'dropout': 0.19412045700283892, 'hidden_continuous_size': 18, 'attention_head_size': 1, 'learning_rate': 0.019813894732333834}. Best is trial 42 with value: 33.76677703857422.
LOCAL_RANK: 0 - CUDA_VISIBLE_DEVICES: [0]
[I 2023-11-30 07:16:22,780] Trial 74 finished with value: 37.553592681884766 and parameters: {'gradient_clip_val': 0.5684120477832524, 'hidden_size': 79, 'dropout': 0.17897465664002038, 'hidden_continuous_size': 23, 'attention_head_size': 1, 'learning_rate': 0.0344901123223958}. Best is trial 42 with value: 33.76677703857422.
LOCAL_RANK: 0 - CUDA_VISIBLE_DEVICES: [0]
[I 2023-11-30 07:16:35,813] Trial 75 finished with value: 45.31721878051758 and parameters: {'gradient_clip_val': 0.6497822978695982, 'hidden_size': 73, 'dropout': 0.1433455399530642, 'hidden_continuous_size': 17, 'attention_head_size': 1, 'learning_rate': 0.02348337820017902}. Best is trial 42 with value: 33.76677703857422.
LOCAL_RANK: 0 - CUDA_VISIBLE_DEVICES: [0]
[I 2023-11-30 07:16:48,386] Trial 76 finished with value: 36.934688568115234 and parameters: {'gradient_clip_val': 0.4624568047629168, 'hidden_size': 50, 'dropout': 0.12754688057602034, 'hidden_continuous_size': 20, 'attention_head_size': 1, 'learning_rate': 0.017728160713142406}. Best is trial 42 with value: 33.76677703857422.
LOCAL_RANK: 0 - CUDA_VISIBLE_DEVICES: [0]
[I 2023-11-30 07:17:02,073] Trial 77 finished with value: 41.346187591552734 and parameters: {'gradient_clip_val': 0.5210445571650891, 'hidden_size': 141, 'dropout': 0.16870179108749536, 'hidden_continuous_size': 14, 'attention_head_size': 1, 'learning_rate': 0.04452605164591443}. Best is trial 42 with value: 33.76677703857422.
LOCAL_RANK: 0 - CUDA_VISIBLE_DEVICES: [0]
[I 2023-11-30 07:17:14,711] Trial 78 finished with value: 38.41193771362305 and parameters: {'gradient_clip_val': 0.5827703259035413, 'hidden_size': 56, 'dropout': 0.2336035946794056, 'hidden_continuous_size': 16, 'attention_head_size': 4, 'learning_rate': 0.021858310939216488}. Best is trial 42 with value: 33.76677703857422.
LOCAL_RANK: 0 - CUDA_VISIBLE_DEVICES: [0]
[I 2023-11-30 07:17:27,695] Trial 79 finished with value: 37.75082778930664 and parameters: {'gradient_clip_val': 0.9033123796109334, 'hidden_size': 65, 'dropout': 0.21423858739314247, 'hidden_continuous_size': 19, 'attention_head_size': 2, 'learning_rate': 0.02575716376393479}. Best is trial 42 with value: 33.76677703857422.
LOCAL_RANK: 0 - CUDA_VISIBLE_DEVICES: [0]
[I 2023-11-30 07:17:41,113] Trial 80 finished with value: 39.55759811401367 and parameters: {'gradient_clip_val': 0.6010061906122091, 'hidden_size': 90, 'dropout': 0.2025882772039569, 'hidden_continuous_size': 23, 'attention_head_size': 1, 'learning_rate': 0.014993945446661135}. Best is trial 42 with value: 33.76677703857422.
LOCAL_RANK: 0 - CUDA_VISIBLE_DEVICES: [0]
[I 2023-11-30 07:17:53,619] Trial 81 finished with value: 39.28471374511719 and parameters: {'gradient_clip_val': 0.6883079771195836, 'hidden_size': 57, 'dropout': 0.20933251233798053, 'hidden_continuous_size': 21, 'attention_head_size': 1, 'learning_rate': 0.03534514767142298}. Best is trial 42 with value: 33.76677703857422.
LOCAL_RANK: 0 - CUDA_VISIBLE_DEVICES: [0]
[I 2023-11-30 07:18:06,268] Trial 82 finished with value: 39.36367416381836 and parameters: {'gradient_clip_val': 0.7704098132904831, 'hidden_size': 53, 'dropout': 0.1958438486190127, 'hidden_continuous_size': 22, 'attention_head_size': 1, 'learning_rate': 0.032462973286569226}. Best is trial 42 with value: 33.76677703857422.
LOCAL_RANK: 0 - CUDA_VISIBLE_DEVICES: [0]
[I 2023-11-30 07:18:19,209] Trial 83 finished with value: 38.35700988769531 and parameters: {'gradient_clip_val': 0.7250468002237117, 'hidden_size': 67, 'dropout': 0.19156330550367343, 'hidden_continuous_size': 24, 'attention_head_size': 1, 'learning_rate': 0.019621802068988444}. Best is trial 42 with value: 33.76677703857422.
LOCAL_RANK: 0 - CUDA_VISIBLE_DEVICES: [0]
[I 2023-11-30 07:18:32,205] Trial 84 finished with value: 39.3288688659668 and parameters: {'gradient_clip_val': 0.6767214491986868, 'hidden_size': 73, 'dropout': 0.15604675228964013, 'hidden_continuous_size': 26, 'attention_head_size': 1, 'learning_rate': 0.028235653390298144}. Best is trial 42 with value: 33.76677703857422.
LOCAL_RANK: 0 - CUDA_VISIBLE_DEVICES: [0]
[I 2023-11-30 07:18:45,292] Trial 85 finished with value: 36.55832290649414 and parameters: {'gradient_clip_val': 0.6389659892888366, 'hidden_size': 61, 'dropout': 0.19875194844398852, 'hidden_continuous_size': 35, 'attention_head_size': 1, 'learning_rate': 0.030615697677543897}. Best is trial 42 with value: 33.76677703857422.
LOCAL_RANK: 0 - CUDA_VISIBLE_DEVICES: [0]
[I 2023-11-30 07:18:58,812] Trial 86 finished with value: 36.16665267944336 and parameters: {'gradient_clip_val': 0.7748116837223668, 'hidden_size': 124, 'dropout': 0.21588884568195313, 'hidden_continuous_size': 30, 'attention_head_size': 1, 'learning_rate': 0.024294466767870435}. Best is trial 42 with value: 33.76677703857422.
LOCAL_RANK: 0 - CUDA_VISIBLE_DEVICES: [0]
[I 2023-11-30 07:19:12,796] Trial 87 finished with value: 39.158836364746094 and parameters: {'gradient_clip_val': 0.7928700238106283, 'hidden_size': 138, 'dropout': 0.17484267408465765, 'hidden_continuous_size': 29, 'attention_head_size': 3, 'learning_rate': 0.02196897352607225}. Best is trial 42 with value: 33.76677703857422.
LOCAL_RANK: 0 - CUDA_VISIBLE_DEVICES: [0]
[I 2023-11-30 07:19:26,117] Trial 88 finished with value: 44.96309280395508 and parameters: {'gradient_clip_val': 0.7127003410827966, 'hidden_size': 124, 'dropout': 0.21640247935214318, 'hidden_continuous_size': 31, 'attention_head_size': 1, 'learning_rate': 0.02459498146093955}. Best is trial 42 with value: 33.76677703857422.
LOCAL_RANK: 0 - CUDA_VISIBLE_DEVICES: [0]
[I 2023-11-30 07:19:39,901] Trial 89 finished with value: 35.565528869628906 and parameters: {'gradient_clip_val': 0.7658049859966567, 'hidden_size': 131, 'dropout': 0.18154869711162863, 'hidden_continuous_size': 26, 'attention_head_size': 2, 'learning_rate': 0.017643172444862392}. Best is trial 42 with value: 33.76677703857422.
LOCAL_RANK: 0 - CUDA_VISIBLE_DEVICES: [0]
[I 2023-11-30 07:19:53,720] Trial 90 finished with value: 36.85890197753906 and parameters: {'gradient_clip_val': 0.8542397696788215, 'hidden_size': 125, 'dropout': 0.1814438838255625, 'hidden_continuous_size': 27, 'attention_head_size': 2, 'learning_rate': 0.017497195517402846}. Best is trial 42 with value: 33.76677703857422.
LOCAL_RANK: 0 - CUDA_VISIBLE_DEVICES: [0]
[I 2023-11-30 07:20:07,736] Trial 91 finished with value: 38.81217575073242 and parameters: {'gradient_clip_val': 0.7766443024044947, 'hidden_size': 143, 'dropout': 0.1611018648768273, 'hidden_continuous_size': 33, 'attention_head_size': 2, 'learning_rate': 0.012779514482201723}. Best is trial 42 with value: 33.76677703857422.
LOCAL_RANK: 0 - CUDA_VISIBLE_DEVICES: [0]
