[I 2023-11-30 05:01:43,004] Trial 54 finished with value: 812.66650390625 and parameters: {'gradient_clip_val': 0.6150521599613263, 'hidden_size': 68, 'dropout': 0.30581307684584924, 'hidden_continuous_size': 23, 'attention_head_size': 1, 'learning_rate': 0.017528304283132942}. Best is trial 10 with value: 555.3490600585938.
LOCAL_RANK: 0 - CUDA_VISIBLE_DEVICES: [0]
[I 2023-11-30 05:01:56,281] Trial 55 finished with value: 705.578125 and parameters: {'gradient_clip_val': 0.5655244344177238, 'hidden_size': 53, 'dropout': 0.2996363861759369, 'hidden_continuous_size': 29, 'attention_head_size': 2, 'learning_rate': 0.04925091083276853}. Best is trial 10 with value: 555.3490600585938.
LOCAL_RANK: 0 - CUDA_VISIBLE_DEVICES: [0]
[I 2023-11-30 05:02:09,912] Trial 56 finished with value: 828.123046875 and parameters: {'gradient_clip_val': 0.7085044447300268, 'hidden_size': 97, 'dropout': 0.20270104569425407, 'hidden_continuous_size': 16, 'attention_head_size': 2, 'learning_rate': 0.07755746896147593}. Best is trial 10 with value: 555.3490600585938.
LOCAL_RANK: 0 - CUDA_VISIBLE_DEVICES: [0]
[I 2023-11-30 05:02:24,104] Trial 57 finished with value: 895.1243286132812 and parameters: {'gradient_clip_val': 0.7859860614308597, 'hidden_size': 137, 'dropout': 0.32639979153817267, 'hidden_continuous_size': 18, 'attention_head_size': 3, 'learning_rate': 0.060170738148841024}. Best is trial 10 with value: 555.3490600585938.
LOCAL_RANK: 0 - CUDA_VISIBLE_DEVICES: [0]
[I 2023-11-30 05:02:37,835] Trial 58 finished with value: 739.369140625 and parameters: {'gradient_clip_val': 0.6647768915486463, 'hidden_size': 78, 'dropout': 0.38466355954848197, 'hidden_continuous_size': 35, 'attention_head_size': 4, 'learning_rate': 0.08476038631757628}. Best is trial 10 with value: 555.3490600585938.
LOCAL_RANK: 0 - CUDA_VISIBLE_DEVICES: [0]
[I 2023-11-30 05:02:51,083] Trial 59 finished with value: 666.8869018554688 and parameters: {'gradient_clip_val': 0.9340073184428905, 'hidden_size': 70, 'dropout': 0.3672499327697659, 'hidden_continuous_size': 12, 'attention_head_size': 4, 'learning_rate': 0.04673440077629329}. Best is trial 10 with value: 555.3490600585938.
LOCAL_RANK: 0 - CUDA_VISIBLE_DEVICES: [0]
[I 2023-11-30 05:03:04,807] Trial 60 finished with value: 806.832275390625 and parameters: {'gradient_clip_val': 0.8519465533505742, 'hidden_size': 89, 'dropout': 0.3508353945496259, 'hidden_continuous_size': 14, 'attention_head_size': 3, 'learning_rate': 0.03731204406163719}. Best is trial 10 with value: 555.3490600585938.
LOCAL_RANK: 0 - CUDA_VISIBLE_DEVICES: [0]
[I 2023-11-30 05:03:16,990] Trial 61 finished with value: 704.4114379882812 and parameters: {'gradient_clip_val': 0.7619180202556182, 'hidden_size': 17, 'dropout': 0.32999143775305745, 'hidden_continuous_size': 13, 'attention_head_size': 1, 'learning_rate': 0.028660892570697222}. Best is trial 10 with value: 555.3490600585938.
LOCAL_RANK: 0 - CUDA_VISIBLE_DEVICES: [0]
[I 2023-11-30 05:03:28,925] Trial 62 finished with value: 727.6146850585938 and parameters: {'gradient_clip_val': 0.7467401945978782, 'hidden_size': 20, 'dropout': 0.36318842011857433, 'hidden_continuous_size': 15, 'attention_head_size': 1, 'learning_rate': 0.024729721358034716}. Best is trial 10 with value: 555.3490600585938.
LOCAL_RANK: 0 - CUDA_VISIBLE_DEVICES: [0]
[I 2023-11-30 05:03:41,086] Trial 63 finished with value: 677.6689453125 and parameters: {'gradient_clip_val': 0.9349181686683589, 'hidden_size': 13, 'dropout': 0.33518933537172313, 'hidden_continuous_size': 12, 'attention_head_size': 1, 'learning_rate': 0.030266957517178086}. Best is trial 10 with value: 555.3490600585938.
LOCAL_RANK: 0 - CUDA_VISIBLE_DEVICES: [0]
[I 2023-11-30 05:03:54,767] Trial 64 finished with value: 667.2425537109375 and parameters: {'gradient_clip_val': 0.9993283689122175, 'hidden_size': 119, 'dropout': 0.3438102291815862, 'hidden_continuous_size': 16, 'attention_head_size': 1, 'learning_rate': 0.01956310246008205}. Best is trial 10 with value: 555.3490600585938.
LOCAL_RANK: 0 - CUDA_VISIBLE_DEVICES: [0]
[I 2023-11-30 05:04:07,525] Trial 65 finished with value: 641.294921875 and parameters: {'gradient_clip_val': 0.8075007060363928, 'hidden_size': 36, 'dropout': 0.3220812154959156, 'hidden_continuous_size': 11, 'attention_head_size': 4, 'learning_rate': 0.03360358444951936}. Best is trial 10 with value: 555.3490600585938.
LOCAL_RANK: 0 - CUDA_VISIBLE_DEVICES: [0]
[I 2023-11-30 05:04:20,366] Trial 66 finished with value: 741.38671875 and parameters: {'gradient_clip_val': 0.8401962226732632, 'hidden_size': 43, 'dropout': 0.3203230395628128, 'hidden_continuous_size': 11, 'attention_head_size': 4, 'learning_rate': 0.056484483069860175}. Best is trial 10 with value: 555.3490600585938.
LOCAL_RANK: 0 - CUDA_VISIBLE_DEVICES: [0]
[I 2023-11-30 05:04:33,056] Trial 67 finished with value: 572.0287475585938 and parameters: {'gradient_clip_val': 0.6716929084942508, 'hidden_size': 37, 'dropout': 0.3537761601612136, 'hidden_continuous_size': 10, 'attention_head_size': 4, 'learning_rate': 0.022215333580769728}. Best is trial 10 with value: 555.3490600585938.
LOCAL_RANK: 0 - CUDA_VISIBLE_DEVICES: [0]
[I 2023-11-30 05:04:45,747] Trial 68 finished with value: 614.33203125 and parameters: {'gradient_clip_val': 0.45811667918237586, 'hidden_size': 39, 'dropout': 0.37293105531861814, 'hidden_continuous_size': 10, 'attention_head_size': 4, 'learning_rate': 0.021946918506376718}. Best is trial 10 with value: 555.3490600585938.
LOCAL_RANK: 0 - CUDA_VISIBLE_DEVICES: [0]
[I 2023-11-30 05:04:58,102] Trial 69 finished with value: 661.2922973632812 and parameters: {'gradient_clip_val': 0.4664002063342066, 'hidden_size': 36, 'dropout': 0.39969631050655435, 'hidden_continuous_size': 10, 'attention_head_size': 4, 'learning_rate': 0.01464184856365486}. Best is trial 10 with value: 555.3490600585938.
LOCAL_RANK: 0 - CUDA_VISIBLE_DEVICES: [0]
[I 2023-11-30 05:05:10,960] Trial 70 finished with value: 715.4020385742188 and parameters: {'gradient_clip_val': 0.4202722639810418, 'hidden_size': 38, 'dropout': 0.3588447740518851, 'hidden_continuous_size': 10, 'attention_head_size': 4, 'learning_rate': 0.019047027298504333}. Best is trial 10 with value: 555.3490600585938.
LOCAL_RANK: 0 - CUDA_VISIBLE_DEVICES: [0]
[I 2023-11-30 05:05:23,729] Trial 71 finished with value: 645.7809448242188 and parameters: {'gradient_clip_val': 0.645600518447524, 'hidden_size': 34, 'dropout': 0.3880352904006166, 'hidden_continuous_size': 23, 'attention_head_size': 4, 'learning_rate': 0.022328774826829184}. Best is trial 10 with value: 555.3490600585938.
LOCAL_RANK: 0 - CUDA_VISIBLE_DEVICES: [0]
[I 2023-11-30 05:05:36,285] Trial 72 finished with value: 689.1619262695312 and parameters: {'gradient_clip_val': 0.5565620808766779, 'hidden_size': 32, 'dropout': 0.3875245475923512, 'hidden_continuous_size': 20, 'attention_head_size': 4, 'learning_rate': 0.01627403575663301}. Best is trial 10 with value: 555.3490600585938.
LOCAL_RANK: 0 - CUDA_VISIBLE_DEVICES: [0]
[I 2023-11-30 05:05:48,934] Trial 73 finished with value: 629.186767578125 and parameters: {'gradient_clip_val': 0.6215679987647282, 'hidden_size': 34, 'dropout': 0.3752553211218948, 'hidden_continuous_size': 24, 'attention_head_size': 4, 'learning_rate': 0.022619454110061558}. Best is trial 10 with value: 555.3490600585938.
LOCAL_RANK: 0 - CUDA_VISIBLE_DEVICES: [0]
[I 2023-11-30 05:06:01,617] Trial 74 finished with value: 579.89892578125 and parameters: {'gradient_clip_val': 0.4962736525899298, 'hidden_size': 34, 'dropout': 0.38877216963724387, 'hidden_continuous_size': 23, 'attention_head_size': 4, 'learning_rate': 0.02186090896889898}. Best is trial 10 with value: 555.3490600585938.
LOCAL_RANK: 0 - CUDA_VISIBLE_DEVICES: [0]
[I 2023-11-30 05:06:14,525] Trial 75 finished with value: 739.1598510742188 and parameters: {'gradient_clip_val': 0.5022527467185566, 'hidden_size': 37, 'dropout': 0.373481546763934, 'hidden_continuous_size': 25, 'attention_head_size': 4, 'learning_rate': 0.020957474680713368}. Best is trial 10 with value: 555.3490600585938.
LOCAL_RANK: 0 - CUDA_VISIBLE_DEVICES: [0]
[I 2023-11-30 05:06:27,433] Trial 76 finished with value: 544.4811401367188 and parameters: {'gradient_clip_val': 0.4377577897890417, 'hidden_size': 43, 'dropout': 0.37891840193724535, 'hidden_continuous_size': 26, 'attention_head_size': 4, 'learning_rate': 0.01345694210866655}. Best is trial 76 with value: 544.4811401367188.
LOCAL_RANK: 0 - CUDA_VISIBLE_DEVICES: [0]
[I 2023-11-30 05:06:40,443] Trial 77 finished with value: 974.6878051757812 and parameters: {'gradient_clip_val': 0.4371943181512748, 'hidden_size': 42, 'dropout': 0.3787891874981496, 'hidden_continuous_size': 26, 'attention_head_size': 4, 'learning_rate': 0.013507483647125836}. Best is trial 76 with value: 544.4811401367188.
LOCAL_RANK: 0 - CUDA_VISIBLE_DEVICES: [0]
[I 2023-11-30 05:06:53,486] Trial 78 finished with value: 815.4153442382812 and parameters: {'gradient_clip_val': 0.503441936282222, 'hidden_size': 47, 'dropout': 0.39326583082168615, 'hidden_continuous_size': 22, 'attention_head_size': 4, 'learning_rate': 0.018162194846353237}. Best is trial 76 with value: 544.4811401367188.
LOCAL_RANK: 0 - CUDA_VISIBLE_DEVICES: [0]
[I 2023-11-30 05:07:06,328] Trial 79 finished with value: 627.7468872070312 and parameters: {'gradient_clip_val': 0.39325024290676625, 'hidden_size': 33, 'dropout': 0.3690560254452716, 'hidden_continuous_size': 24, 'attention_head_size': 4, 'learning_rate': 0.012178877760705944}. Best is trial 76 with value: 544.4811401367188.
LOCAL_RANK: 0 - CUDA_VISIBLE_DEVICES: [0]
[I 2023-11-30 05:07:19,170] Trial 80 finished with value: 733.5704956054688 and parameters: {'gradient_clip_val': 0.3983500969781823, 'hidden_size': 27, 'dropout': 0.3663307202370033, 'hidden_continuous_size': 20, 'attention_head_size': 4, 'learning_rate': 0.011057420526056655}. Best is trial 76 with value: 544.4811401367188.
LOCAL_RANK: 0 - CUDA_VISIBLE_DEVICES: [0]
[I 2023-11-30 05:07:31,678] Trial 81 finished with value: 798.1018676757812 and parameters: {'gradient_clip_val': 0.44767456523365157, 'hidden_size': 32, 'dropout': 0.3725229688726172, 'hidden_continuous_size': 24, 'attention_head_size': 4, 'learning_rate': 0.009706193012061663}. Best is trial 76 with value: 544.4811401367188.
LOCAL_RANK: 0 - CUDA_VISIBLE_DEVICES: [0]
[I 2023-11-30 05:07:44,645] Trial 82 finished with value: 908.6107788085938 and parameters: {'gradient_clip_val': 0.48526189801893005, 'hidden_size': 39, 'dropout': 0.3542425355303754, 'hidden_continuous_size': 27, 'attention_head_size': 4, 'learning_rate': 0.012202557496109954}. Best is trial 76 with value: 544.4811401367188.
LOCAL_RANK: 0 - CUDA_VISIBLE_DEVICES: [0]
[I 2023-11-30 05:07:57,369] Trial 83 finished with value: 717.3009643554688 and parameters: {'gradient_clip_val': 0.5295093013164947, 'hidden_size': 33, 'dropout': 0.38930318159046784, 'hidden_continuous_size': 24, 'attention_head_size': 4, 'learning_rate': 0.015513014822728401}. Best is trial 76 with value: 544.4811401367188.
LOCAL_RANK: 0 - CUDA_VISIBLE_DEVICES: [0]
[I 2023-11-30 05:08:10,326] Trial 84 finished with value: 785.8468627929688 and parameters: {'gradient_clip_val': 0.4592761463362216, 'hidden_size': 44, 'dropout': 0.3812798719945027, 'hidden_continuous_size': 22, 'attention_head_size': 4, 'learning_rate': 0.008583115514083122}. Best is trial 76 with value: 544.4811401367188.
LOCAL_RANK: 0 - CUDA_VISIBLE_DEVICES: [0]
[I 2023-11-30 05:08:23,198] Trial 85 finished with value: 694.58349609375 and parameters: {'gradient_clip_val': 0.35073952273478387, 'hidden_size': 29, 'dropout': 0.36497834112827954, 'hidden_continuous_size': 18, 'attention_head_size': 4, 'learning_rate': 0.014372496910257803}. Best is trial 76 with value: 544.4811401367188.
LOCAL_RANK: 0 - CUDA_VISIBLE_DEVICES: [0]
[I 2023-11-30 05:08:36,053] Trial 86 finished with value: 699.17431640625 and parameters: {'gradient_clip_val': 0.4365946747232438, 'hidden_size': 40, 'dropout': 0.3501561674827365, 'hidden_continuous_size': 21, 'attention_head_size': 4, 'learning_rate': 0.012981301027302852}. Best is trial 76 with value: 544.4811401367188.
LOCAL_RANK: 0 - CUDA_VISIBLE_DEVICES: [0]
[I 2023-11-30 05:08:48,976] Trial 87 finished with value: 625.1182861328125 and parameters: {'gradient_clip_val': 0.4069984232781301, 'hidden_size': 35, 'dropout': 0.37819174286784835, 'hidden_continuous_size': 26, 'attention_head_size': 4, 'learning_rate': 0.01777172528195952}. Best is trial 76 with value: 544.4811401367188.
LOCAL_RANK: 0 - CUDA_VISIBLE_DEVICES: [0]
[I 2023-11-30 05:09:03,106] Trial 88 finished with value: 938.4204711914062 and parameters: {'gradient_clip_val': 0.3874956967668912, 'hidden_size': 144, 'dropout': 0.39661660479310773, 'hidden_continuous_size': 32, 'attention_head_size': 4, 'learning_rate': 0.017004027922552}. Best is trial 76 with value: 544.4811401367188.
LOCAL_RANK: 0 - CUDA_VISIBLE_DEVICES: [0]
[I 2023-11-30 05:09:16,310] Trial 89 finished with value: 771.30224609375 and parameters: {'gradient_clip_val': 0.47815403588061206, 'hidden_size': 54, 'dropout': 0.36194430301138353, 'hidden_continuous_size': 28, 'attention_head_size': 3, 'learning_rate': 0.01830443016004398}. Best is trial 76 with value: 544.4811401367188.
LOCAL_RANK: 0 - CUDA_VISIBLE_DEVICES: [0]
[I 2023-11-30 05:09:30,422] Trial 90 finished with value: 891.9262084960938 and parameters: {'gradient_clip_val': 0.4021502755708688, 'hidden_size': 107, 'dropout': 0.36912125365661386, 'hidden_continuous_size': 27, 'attention_head_size': 4, 'learning_rate': 0.010719183588906788}. Best is trial 76 with value: 544.4811401367188.
LOCAL_RANK: 0 - CUDA_VISIBLE_DEVICES: [0]
[I 2023-11-30 05:09:43,137] Trial 91 finished with value: 739.2682495117188 and parameters: {'gradient_clip_val': 0.36826603885454173, 'hidden_size': 36, 'dropout': 0.37306131244324525, 'hidden_continuous_size': 26, 'attention_head_size': 4, 'learning_rate': 0.023081372059056846}. Best is trial 76 with value: 544.4811401367188.
LOCAL_RANK: 0 - CUDA_VISIBLE_DEVICES: [0]
[I 2023-11-30 05:09:55,946] Trial 92 finished with value: 754.2835083007812 and parameters: {'gradient_clip_val': 0.4236774653430585, 'hidden_size': 31, 'dropout': 0.3798587550509818, 'hidden_continuous_size': 24, 'attention_head_size': 4, 'learning_rate': 0.0214634166833673}. Best is trial 76 with value: 544.4811401367188.
LOCAL_RANK: 0 - CUDA_VISIBLE_DEVICES: [0]
[I 2023-11-30 05:10:08,687] Trial 93 finished with value: 696.846435546875 and parameters: {'gradient_clip_val': 0.5778046791810065, 'hidden_size': 35, 'dropout': 0.388836004038798, 'hidden_continuous_size': 23, 'attention_head_size': 4, 'learning_rate': 0.015455636368315278}. Best is trial 76 with value: 544.4811401367188.
LOCAL_RANK: 0 - CUDA_VISIBLE_DEVICES: [0]
[I 2023-11-30 05:10:21,573] Trial 94 finished with value: 657.1705932617188 and parameters: {'gradient_clip_val': 0.45600733871803073, 'hidden_size': 38, 'dropout': 0.34612823150946037, 'hidden_continuous_size': 22, 'attention_head_size': 4, 'learning_rate': 0.025926796472966016}. Best is trial 76 with value: 544.4811401367188.
LOCAL_RANK: 0 - CUDA_VISIBLE_DEVICES: [0]
[I 2023-11-30 05:10:34,576] Trial 95 finished with value: 587.7833862304688 and parameters: {'gradient_clip_val': 0.5406026242788863, 'hidden_size': 34, 'dropout': 0.37834178826546694, 'hidden_continuous_size': 19, 'attention_head_size': 4, 'learning_rate': 0.013560937378040419}. Best is trial 76 with value: 544.4811401367188.
LOCAL_RANK: 0 - CUDA_VISIBLE_DEVICES: [0]
[I 2023-11-30 05:10:47,281] Trial 96 finished with value: 779.8115234375 and parameters: {'gradient_clip_val': 0.5466059414047487, 'hidden_size': 30, 'dropout': 0.3546677740370896, 'hidden_continuous_size': 19, 'attention_head_size': 4, 'learning_rate': 0.012343228834686243}. Best is trial 76 with value: 544.4811401367188.
LOCAL_RANK: 0 - CUDA_VISIBLE_DEVICES: [0]
[I 2023-11-30 05:11:00,139] Trial 97 finished with value: 613.697509765625 and parameters: {'gradient_clip_val': 0.5055668979832886, 'hidden_size': 48, 'dropout': 0.3808674547757817, 'hidden_continuous_size': 20, 'attention_head_size': 3, 'learning_rate': 0.014658278659771044}. Best is trial 76 with value: 544.4811401367188.
LOCAL_RANK: 0 - CUDA_VISIBLE_DEVICES: [0]
[I 2023-11-30 05:11:13,113] Trial 98 finished with value: 702.5040893554688 and parameters: {'gradient_clip_val': 0.516961686730167, 'hidden_size': 41, 'dropout': 0.39267067028725383, 'hidden_continuous_size': 30, 'attention_head_size': 3, 'learning_rate': 0.013939153425560277}. Best is trial 76 with value: 544.4811401367188.
LOCAL_RANK: 0 - CUDA_VISIBLE_DEVICES: [0]
[I 2023-11-30 05:11:25,734] Trial 99 finished with value: 682.7019653320312 and parameters: {'gradient_clip_val': 0.49416407490319897, 'hidden_size': 48, 'dropout': 0.383075274499231, 'hidden_continuous_size': 20, 'attention_head_size': 3, 'learning_rate': 0.019373611299805946}. Best is trial 76 with value: 544.4811401367188.
LOCAL_RANK: 0 - CUDA_VISIBLE_DEVICES: [0]
[I 2023-11-30 05:11:39,963] Trial 100 finished with value: 838.5004272460938 and parameters: {'gradient_clip_val': 0.5851306998442553, 'hidden_size': 129, 'dropout': 0.39908904605833634, 'hidden_continuous_size': 17, 'attention_head_size': 3, 'learning_rate': 0.016457944965228365}. Best is trial 76 with value: 544.4811401367188.
LOCAL_RANK: 0 - CUDA_VISIBLE_DEVICES: [0]
[I 2023-11-30 05:11:52,763] Trial 101 finished with value: 745.2141723632812 and parameters: {'gradient_clip_val': 0.4819764600799759, 'hidden_size': 44, 'dropout': 0.36006741744290705, 'hidden_continuous_size': 21, 'attention_head_size': 4, 'learning_rate': 0.012695342222922575}. Best is trial 76 with value: 544.4811401367188.
LOCAL_RANK: 0 - CUDA_VISIBLE_DEVICES: [0]
[I 2023-11-30 05:12:05,602] Trial 102 finished with value: 749.2445678710938 and parameters: {'gradient_clip_val': 0.541431425202457, 'hidden_size': 33, 'dropout': 0.3696594681308907, 'hidden_continuous_size': 19, 'attention_head_size': 4, 'learning_rate': 0.011356535267103627}. Best is trial 76 with value: 544.4811401367188.
LOCAL_RANK: 0 - CUDA_VISIBLE_DEVICES: [0]
[I 2023-11-30 05:12:18,314] Trial 103 finished with value: 721.1653442382812 and parameters: {'gradient_clip_val': 0.40768439059078826, 'hidden_size': 38, 'dropout': 0.3822962096351296, 'hidden_continuous_size': 18, 'attention_head_size': 4, 'learning_rate': 0.01513931283830571}. Best is trial 76 with value: 544.4811401367188.
LOCAL_RANK: 0 - CUDA_VISIBLE_DEVICES: [0]
[I 2023-11-30 05:12:31,170] Trial 104 finished with value: 625.0060424804688 and parameters: {'gradient_clip_val': 0.4343439085215714, 'hidden_size': 41, 'dropout': 0.37684441914564176, 'hidden_continuous_size': 26, 'attention_head_size': 4, 'learning_rate': 0.009967458311494174}. Best is trial 76 with value: 544.4811401367188.
LOCAL_RANK: 0 - CUDA_VISIBLE_DEVICES: [0]
[I 2023-11-30 05:12:44,252] Trial 105 finished with value: 627.5161743164062 and parameters: {'gradient_clip_val': 0.4378940381581869, 'hidden_size': 40, 'dropout': 0.37950266187764653, 'hidden_continuous_size': 31, 'attention_head_size': 4, 'learning_rate': 0.010253085351328657}. Best is trial 76 with value: 544.4811401367188.
LOCAL_RANK: 0 - CUDA_VISIBLE_DEVICES: [0]
[I 2023-11-30 05:12:57,238] Trial 106 finished with value: 684.2291870117188 and parameters: {'gradient_clip_val': 0.5153701002437561, 'hidden_size': 42, 'dropout': 0.39101478085497976, 'hidden_continuous_size': 28, 'attention_head_size': 3, 'learning_rate': 0.008335279129106666}. Best is trial 76 with value: 544.4811401367188.
LOCAL_RANK: 0 - CUDA_VISIBLE_DEVICES: [0]
[I 2023-11-30 05:13:10,589] Trial 107 finished with value: 662.3838500976562 and parameters: {'gradient_clip_val': 0.5983397242697003, 'hidden_size': 50, 'dropout': 0.33925667209360416, 'hidden_continuous_size': 34, 'attention_head_size': 4, 'learning_rate': 0.017736182562643244}. Best is trial 76 with value: 544.4811401367188.
LOCAL_RANK: 0 - CUDA_VISIBLE_DEVICES: [0]
[I 2023-11-30 05:13:23,516] Trial 108 finished with value: 697.491943359375 and parameters: {'gradient_clip_val': 0.565924659529437, 'hidden_size': 45, 'dropout': 0.3614355413659144, 'hidden_continuous_size': 25, 'attention_head_size': 3, 'learning_rate': 0.02069672308853028}. Best is trial 76 with value: 544.4811401367188.
LOCAL_RANK: 0 - CUDA_VISIBLE_DEVICES: [0]
[I 2023-11-30 05:13:37,592] Trial 109 finished with value: 676.1046752929688 and parameters: {'gradient_clip_val': 0.4646855806540727, 'hidden_size': 116, 'dropout': 0.3763425150996051, 'hidden_continuous_size': 38, 'attention_head_size': 4, 'learning_rate': 0.013276270446176259}. Best is trial 76 with value: 544.4811401367188.
LOCAL_RANK: 0 - CUDA_VISIBLE_DEVICES: [0]
[I 2023-11-30 05:13:50,622] Trial 110 finished with value: 671.9461059570312 and parameters: {'gradient_clip_val': 0.5124291797512388, 'hidden_size': 37, 'dropout': 0.35382559340282516, 'hidden_continuous_size': 20, 'attention_head_size': 4, 'learning_rate': 0.027810768698356775}. Best is trial 76 with value: 544.4811401367188.
LOCAL_RANK: 0 - CUDA_VISIBLE_DEVICES: [0]
[I 2023-11-30 05:14:03,497] Trial 111 finished with value: 673.6205444335938 and parameters: {'gradient_clip_val': 0.4299700023540695, 'hidden_size': 42, 'dropout': 0.3850043929916625, 'hidden_continuous_size': 32, 'attention_head_size': 4, 'learning_rate': 0.0100866767473321}. Best is trial 76 with value: 544.4811401367188.
LOCAL_RANK: 0 - CUDA_VISIBLE_DEVICES: [0]
[I 2023-11-30 05:14:16,685] Trial 112 finished with value: 703.9260864257812 and parameters: {'gradient_clip_val': 0.43791795640644177, 'hidden_size': 50, 'dropout': 0.3780086452110693, 'hidden_continuous_size': 29, 'attention_head_size': 4, 'learning_rate': 0.009074381246098532}. Best is trial 76 with value: 544.4811401367188.
LOCAL_RANK: 0 - CUDA_VISIBLE_DEVICES: [0]
