[I 2023-11-30 12:33:13,770] Trial 50 finished with value: 16.347835540771484 and parameters: {'gradient_clip_val': 0.29906267658359614, 'hidden_size': 108, 'dropout': 0.3645760357621907, 'hidden_continuous_size': 23, 'attention_head_size': 3, 'learning_rate': 0.020351110143778283}. Best is trial 34 with value: 13.207844734191895.
LOCAL_RANK: 0 - CUDA_VISIBLE_DEVICES: [0]
[I 2023-11-30 12:33:27,552] Trial 51 finished with value: 13.797828674316406 and parameters: {'gradient_clip_val': 0.21830136768762182, 'hidden_size': 133, 'dropout': 0.37607637099831515, 'hidden_continuous_size': 19, 'attention_head_size': 3, 'learning_rate': 0.029524860829375946}. Best is trial 34 with value: 13.207844734191895.
LOCAL_RANK: 0 - CUDA_VISIBLE_DEVICES: [0]
[I 2023-11-30 12:33:41,391] Trial 52 finished with value: 15.40034008026123 and parameters: {'gradient_clip_val': 0.1895713607745081, 'hidden_size': 113, 'dropout': 0.38716627693172845, 'hidden_continuous_size': 33, 'attention_head_size': 3, 'learning_rate': 0.02178257561247373}. Best is trial 34 with value: 13.207844734191895.
LOCAL_RANK: 0 - CUDA_VISIBLE_DEVICES: [0]
[I 2023-11-30 12:33:54,921] Trial 53 finished with value: 13.573967933654785 and parameters: {'gradient_clip_val': 0.25712913113737823, 'hidden_size': 101, 'dropout': 0.35626507418722186, 'hidden_continuous_size': 29, 'attention_head_size': 3, 'learning_rate': 0.026438689752359284}. Best is trial 34 with value: 13.207844734191895.
LOCAL_RANK: 0 - CUDA_VISIBLE_DEVICES: [0]
[I 2023-11-30 12:34:08,821] Trial 54 finished with value: 17.529197692871094 and parameters: {'gradient_clip_val': 0.23709440666244652, 'hidden_size': 133, 'dropout': 0.34039619671202825, 'hidden_continuous_size': 17, 'attention_head_size': 3, 'learning_rate': 0.03402489063874921}. Best is trial 34 with value: 13.207844734191895.
LOCAL_RANK: 0 - CUDA_VISIBLE_DEVICES: [0]
[I 2023-11-30 12:34:21,949] Trial 55 finished with value: 14.68738079071045 and parameters: {'gradient_clip_val': 0.1972340839326242, 'hidden_size': 82, 'dropout': 0.38830831213788153, 'hidden_continuous_size': 25, 'attention_head_size': 2, 'learning_rate': 0.04544991713902866}. Best is trial 34 with value: 13.207844734191895.
LOCAL_RANK: 0 - CUDA_VISIBLE_DEVICES: [0]
[I 2023-11-30 12:34:35,476] Trial 56 finished with value: 18.554182052612305 and parameters: {'gradient_clip_val': 0.21122823310476652, 'hidden_size': 97, 'dropout': 0.3686402630410561, 'hidden_continuous_size': 27, 'attention_head_size': 3, 'learning_rate': 0.01674718724505751}. Best is trial 34 with value: 13.207844734191895.
LOCAL_RANK: 0 - CUDA_VISIBLE_DEVICES: [0]
[I 2023-11-30 12:34:49,225] Trial 57 finished with value: 14.158206939697266 and parameters: {'gradient_clip_val': 0.29072031731119236, 'hidden_size': 123, 'dropout': 0.3500508965343211, 'hidden_continuous_size': 32, 'attention_head_size': 1, 'learning_rate': 0.07781796677496239}. Best is trial 34 with value: 13.207844734191895.
LOCAL_RANK: 0 - CUDA_VISIBLE_DEVICES: [0]
[I 2023-11-30 12:35:03,267] Trial 58 finished with value: 14.82592487335205 and parameters: {'gradient_clip_val': 0.2646952956615227, 'hidden_size': 141, 'dropout': 0.31370992785766527, 'hidden_continuous_size': 54, 'attention_head_size': 2, 'learning_rate': 0.021783603020963885}. Best is trial 34 with value: 13.207844734191895.
LOCAL_RANK: 0 - CUDA_VISIBLE_DEVICES: [0]
[I 2023-11-30 12:35:16,388] Trial 59 finished with value: 14.857184410095215 and parameters: {'gradient_clip_val': 0.236545522910523, 'hidden_size': 75, 'dropout': 0.3978573573941269, 'hidden_continuous_size': 30, 'attention_head_size': 3, 'learning_rate': 0.09900494095066861}. Best is trial 34 with value: 13.207844734191895.
LOCAL_RANK: 0 - CUDA_VISIBLE_DEVICES: [0]
[I 2023-11-30 12:35:29,861] Trial 60 finished with value: 13.784953117370605 and parameters: {'gradient_clip_val': 0.16754172709622525, 'hidden_size': 109, 'dropout': 0.3327070497238211, 'hidden_continuous_size': 21, 'attention_head_size': 4, 'learning_rate': 0.06125010670375003}. Best is trial 34 with value: 13.207844734191895.
LOCAL_RANK: 0 - CUDA_VISIBLE_DEVICES: [0]
[I 2023-11-30 12:35:43,571] Trial 61 finished with value: 16.270565032958984 and parameters: {'gradient_clip_val': 0.25072011906614344, 'hidden_size': 120, 'dropout': 0.3805525888932292, 'hidden_continuous_size': 39, 'attention_head_size': 3, 'learning_rate': 0.04970490664635906}. Best is trial 34 with value: 13.207844734191895.
LOCAL_RANK: 0 - CUDA_VISIBLE_DEVICES: [0]
[I 2023-11-30 12:35:57,664] Trial 62 finished with value: 15.439106941223145 and parameters: {'gradient_clip_val': 0.21372402438420135, 'hidden_size': 144, 'dropout': 0.38952799388366505, 'hidden_continuous_size': 46, 'attention_head_size': 3, 'learning_rate': 0.07581402504820214}. Best is trial 34 with value: 13.207844734191895.
LOCAL_RANK: 0 - CUDA_VISIBLE_DEVICES: [0]
[I 2023-11-30 12:36:11,161] Trial 63 finished with value: 13.926447868347168 and parameters: {'gradient_clip_val': 0.1889656375488107, 'hidden_size': 92, 'dropout': 0.37099429488640634, 'hidden_continuous_size': 34, 'attention_head_size': 3, 'learning_rate': 0.057045456763782344}. Best is trial 34 with value: 13.207844734191895.
LOCAL_RANK: 0 - CUDA_VISIBLE_DEVICES: [0]
[I 2023-11-30 12:36:24,946] Trial 64 finished with value: 14.045886039733887 and parameters: {'gradient_clip_val': 0.324769074276186, 'hidden_size': 123, 'dropout': 0.35939800616602563, 'hidden_continuous_size': 37, 'attention_head_size': 3, 'learning_rate': 0.04259745346742676}. Best is trial 34 with value: 13.207844734191895.
LOCAL_RANK: 0 - CUDA_VISIBLE_DEVICES: [0]
[I 2023-11-30 12:36:38,964] Trial 65 finished with value: 14.423619270324707 and parameters: {'gradient_clip_val': 0.22998616660361393, 'hidden_size': 150, 'dropout': 0.3983653049006733, 'hidden_continuous_size': 43, 'attention_head_size': 1, 'learning_rate': 0.06591517423546847}. Best is trial 34 with value: 13.207844734191895.
LOCAL_RANK: 0 - CUDA_VISIBLE_DEVICES: [0]
[I 2023-11-30 12:36:52,594] Trial 66 finished with value: 14.76001262664795 and parameters: {'gradient_clip_val': 0.2793728825090639, 'hidden_size': 103, 'dropout': 0.3713566802758504, 'hidden_continuous_size': 28, 'attention_head_size': 3, 'learning_rate': 0.03524642900512367}. Best is trial 34 with value: 13.207844734191895.
LOCAL_RANK: 0 - CUDA_VISIBLE_DEVICES: [0]
[I 2023-11-30 12:37:06,600] Trial 67 finished with value: 17.23658561706543 and parameters: {'gradient_clip_val': 0.20836008137756873, 'hidden_size': 114, 'dropout': 0.38875760710545354, 'hidden_continuous_size': 26, 'attention_head_size': 4, 'learning_rate': 0.04647405382124496}. Best is trial 34 with value: 13.207844734191895.
LOCAL_RANK: 0 - CUDA_VISIBLE_DEVICES: [0]
[I 2023-11-30 12:37:20,171] Trial 68 finished with value: 16.104515075683594 and parameters: {'gradient_clip_val': 0.24438249802240603, 'hidden_size': 86, 'dropout': 0.3789012300092704, 'hidden_continuous_size': 35, 'attention_head_size': 3, 'learning_rate': 0.02911448754923894}. Best is trial 34 with value: 13.207844734191895.
LOCAL_RANK: 0 - CUDA_VISIBLE_DEVICES: [0]
[I 2023-11-30 12:37:33,650] Trial 69 finished with value: 14.618306159973145 and parameters: {'gradient_clip_val': 0.31184549780920023, 'hidden_size': 101, 'dropout': 0.3564813813239067, 'hidden_continuous_size': 30, 'attention_head_size': 2, 'learning_rate': 0.08130693804993694}. Best is trial 34 with value: 13.207844734191895.
LOCAL_RANK: 0 - CUDA_VISIBLE_DEVICES: [0]
[I 2023-11-30 12:37:47,726] Trial 70 finished with value: 14.469040870666504 and parameters: {'gradient_clip_val': 0.17913428475604007, 'hidden_size': 135, 'dropout': 0.26702198723489345, 'hidden_continuous_size': 23, 'attention_head_size': 4, 'learning_rate': 0.05119767280806035}. Best is trial 34 with value: 13.207844734191895.
LOCAL_RANK: 0 - CUDA_VISIBLE_DEVICES: [0]
[I 2023-11-30 12:38:01,197] Trial 71 finished with value: 18.243478775024414 and parameters: {'gradient_clip_val': 0.26173842244901235, 'hidden_size': 98, 'dropout': 0.35215227374178676, 'hidden_continuous_size': 29, 'attention_head_size': 3, 'learning_rate': 0.025429510329238868}. Best is trial 34 with value: 13.207844734191895.
LOCAL_RANK: 0 - CUDA_VISIBLE_DEVICES: [0]
[I 2023-11-30 12:38:15,038] Trial 72 finished with value: 15.284955024719238 and parameters: {'gradient_clip_val': 0.22637214046651133, 'hidden_size': 124, 'dropout': 0.3633134696689795, 'hidden_continuous_size': 31, 'attention_head_size': 3, 'learning_rate': 0.025954612624153734}. Best is trial 34 with value: 13.207844734191895.
LOCAL_RANK: 0 - CUDA_VISIBLE_DEVICES: [0]
[I 2023-11-30 12:38:28,682] Trial 73 finished with value: 13.94771957397461 and parameters: {'gradient_clip_val': 0.2506106771938294, 'hidden_size': 114, 'dropout': 0.32583633199154455, 'hidden_continuous_size': 34, 'attention_head_size': 3, 'learning_rate': 0.03018700538307179}. Best is trial 34 with value: 13.207844734191895.
LOCAL_RANK: 0 - CUDA_VISIBLE_DEVICES: [0]
[I 2023-11-30 12:38:42,082] Trial 74 finished with value: 13.819939613342285 and parameters: {'gradient_clip_val': 0.27116960211017904, 'hidden_size': 101, 'dropout': 0.36549866107745904, 'hidden_continuous_size': 32, 'attention_head_size': 3, 'learning_rate': 0.037895126548424904}. Best is trial 34 with value: 13.207844734191895.
LOCAL_RANK: 0 - CUDA_VISIBLE_DEVICES: [0]
[I 2023-11-30 12:38:55,627] Trial 75 finished with value: 14.7348051071167 and parameters: {'gradient_clip_val': 0.28528427704228365, 'hidden_size': 89, 'dropout': 0.34249541359467056, 'hidden_continuous_size': 38, 'attention_head_size': 3, 'learning_rate': 0.05949750364752175}. Best is trial 34 with value: 13.207844734191895.
LOCAL_RANK: 0 - CUDA_VISIBLE_DEVICES: [0]
[I 2023-11-30 12:39:08,787] Trial 76 finished with value: 16.978179931640625 and parameters: {'gradient_clip_val': 0.2021097703677336, 'hidden_size': 77, 'dropout': 0.38221395740295333, 'hidden_continuous_size': 28, 'attention_head_size': 3, 'learning_rate': 0.03345503367843093}. Best is trial 34 with value: 13.207844734191895.
LOCAL_RANK: 0 - CUDA_VISIBLE_DEVICES: [0]
[I 2023-11-30 12:39:22,959] Trial 77 finished with value: 13.983383178710938 and parameters: {'gradient_clip_val': 0.25923522441739616, 'hidden_size': 139, 'dropout': 0.3543629364443322, 'hidden_continuous_size': 42, 'attention_head_size': 2, 'learning_rate': 0.024034522532169682}. Best is trial 34 with value: 13.207844734191895.
LOCAL_RANK: 0 - CUDA_VISIBLE_DEVICES: [0]
[I 2023-11-30 12:39:36,891] Trial 78 finished with value: 14.904248237609863 and parameters: {'gradient_clip_val': 0.2418130442306279, 'hidden_size': 125, 'dropout': 0.30613043824048136, 'hidden_continuous_size': 36, 'attention_head_size': 3, 'learning_rate': 0.06824488457849524}. Best is trial 34 with value: 13.207844734191895.
LOCAL_RANK: 0 - CUDA_VISIBLE_DEVICES: [0]
[I 2023-11-30 12:39:50,439] Trial 79 finished with value: 16.38704490661621 and parameters: {'gradient_clip_val': 0.22099686357713003, 'hidden_size': 108, 'dropout': 0.33506688987629196, 'hidden_continuous_size': 20, 'attention_head_size': 4, 'learning_rate': 0.03843349674720432}. Best is trial 34 with value: 13.207844734191895.
LOCAL_RANK: 0 - CUDA_VISIBLE_DEVICES: [0]
[I 2023-11-30 12:40:03,953] Trial 80 finished with value: 15.854576110839844 and parameters: {'gradient_clip_val': 0.18637257509557975, 'hidden_size': 116, 'dropout': 0.25722403277555594, 'hidden_continuous_size': 26, 'attention_head_size': 3, 'learning_rate': 0.018811456789496837}. Best is trial 34 with value: 13.207844734191895.
LOCAL_RANK: 0 - CUDA_VISIBLE_DEVICES: [0]
[I 2023-11-30 12:40:17,367] Trial 81 finished with value: 17.348073959350586 and parameters: {'gradient_clip_val': 0.24781180119511315, 'hidden_size': 94, 'dropout': 0.3714844791731432, 'hidden_continuous_size': 27, 'attention_head_size': 3, 'learning_rate': 0.020054936560701366}. Best is trial 34 with value: 13.207844734191895.
LOCAL_RANK: 0 - CUDA_VISIBLE_DEVICES: [0]
[I 2023-11-30 12:40:31,363] Trial 82 finished with value: 16.860193252563477 and parameters: {'gradient_clip_val': 0.23035727127872085, 'hidden_size': 129, 'dropout': 0.391624925118401, 'hidden_continuous_size': 22, 'attention_head_size': 3, 'learning_rate': 0.01691141200288959}. Best is trial 34 with value: 13.207844734191895.
LOCAL_RANK: 0 - CUDA_VISIBLE_DEVICES: [0]
[I 2023-11-30 12:40:45,187] Trial 83 finished with value: 15.972808837890625 and parameters: {'gradient_clip_val': 0.30476207567365615, 'hidden_size': 110, 'dropout': 0.3751509165915685, 'hidden_continuous_size': 24, 'attention_head_size': 3, 'learning_rate': 0.028206060494883355}. Best is trial 34 with value: 13.207844734191895.
LOCAL_RANK: 0 - CUDA_VISIBLE_DEVICES: [0]
[I 2023-11-30 12:40:59,075] Trial 84 finished with value: 16.801660537719727 and parameters: {'gradient_clip_val': 0.20727757763593666, 'hidden_size': 140, 'dropout': 0.3591285050295943, 'hidden_continuous_size': 31, 'attention_head_size': 3, 'learning_rate': 0.014472980225071179}. Best is trial 34 with value: 13.207844734191895.
LOCAL_RANK: 0 - CUDA_VISIBLE_DEVICES: [0]
[I 2023-11-30 12:41:12,684] Trial 85 finished with value: 13.74897289276123 and parameters: {'gradient_clip_val': 0.22158741039201824, 'hidden_size': 117, 'dropout': 0.34633976018660123, 'hidden_continuous_size': 29, 'attention_head_size': 3, 'learning_rate': 0.012172968369636187}. Best is trial 34 with value: 13.207844734191895.
LOCAL_RANK: 0 - CUDA_VISIBLE_DEVICES: [0]
[I 2023-11-30 12:41:26,345] Trial 86 finished with value: 18.43720245361328 and parameters: {'gradient_clip_val': 0.26604085599114397, 'hidden_size': 104, 'dropout': 0.368450464092181, 'hidden_continuous_size': 38, 'attention_head_size': 3, 'learning_rate': 0.022080559274267043}. Best is trial 34 with value: 13.207844734191895.
LOCAL_RANK: 0 - CUDA_VISIBLE_DEVICES: [0]
[I 2023-11-30 12:41:39,868] Trial 87 finished with value: 17.64415168762207 and parameters: {'gradient_clip_val': 0.2899825716180928, 'hidden_size': 81, 'dropout': 0.3827749634588931, 'hidden_continuous_size': 34, 'attention_head_size': 2, 'learning_rate': 0.04199757005592242}. Best is trial 34 with value: 13.207844734191895.
LOCAL_RANK: 0 - CUDA_VISIBLE_DEVICES: [0]
[I 2023-11-30 12:41:52,982] Trial 88 finished with value: 16.179380416870117 and parameters: {'gradient_clip_val': 0.19746664821367438, 'hidden_size': 96, 'dropout': 0.32116497683824646, 'hidden_continuous_size': 31, 'attention_head_size': 1, 'learning_rate': 0.02554669416596335}. Best is trial 34 with value: 13.207844734191895.
LOCAL_RANK: 0 - CUDA_VISIBLE_DEVICES: [0]
[I 2023-11-30 12:42:06,831] Trial 89 finished with value: 14.634411811828613 and parameters: {'gradient_clip_val': 0.24606066694161854, 'hidden_size': 126, 'dropout': 0.27941241826063573, 'hidden_continuous_size': 26, 'attention_head_size': 4, 'learning_rate': 0.03236446676591732}. Best is trial 34 with value: 13.207844734191895.
LOCAL_RANK: 0 - CUDA_VISIBLE_DEVICES: [0]
[I 2023-11-30 12:42:21,120] Trial 90 finished with value: 13.792010307312012 and parameters: {'gradient_clip_val': 0.23352860614829413, 'hidden_size': 150, 'dropout': 0.39542994382342445, 'hidden_continuous_size': 41, 'attention_head_size': 3, 'learning_rate': 0.05349694288416331}. Best is trial 34 with value: 13.207844734191895.
LOCAL_RANK: 0 - CUDA_VISIBLE_DEVICES: [0]
[I 2023-11-30 12:42:33,543] Trial 91 finished with value: 14.646228790283203 and parameters: {'gradient_clip_val': 0.21252984410105988, 'hidden_size': 50, 'dropout': 0.3516491175203002, 'hidden_continuous_size': 11, 'attention_head_size': 2, 'learning_rate': 0.08846399762978445}. Best is trial 34 with value: 13.207844734191895.
LOCAL_RANK: 0 - CUDA_VISIBLE_DEVICES: [0]
[I 2023-11-30 12:42:45,409] Trial 92 finished with value: 14.337306022644043 and parameters: {'gradient_clip_val': 0.19336801580017707, 'hidden_size': 20, 'dropout': 0.3631620066953973, 'hidden_continuous_size': 19, 'attention_head_size': 1, 'learning_rate': 0.06534462043754788}. Best is trial 34 with value: 13.207844734191895.
LOCAL_RANK: 0 - CUDA_VISIBLE_DEVICES: [0]
[I 2023-11-30 12:42:59,192] Trial 93 finished with value: 15.681602478027344 and parameters: {'gradient_clip_val': 0.1705363426626202, 'hidden_size': 137, 'dropout': 0.2970900582333649, 'hidden_continuous_size': 15, 'attention_head_size': 1, 'learning_rate': 0.07326114356876068}. Best is trial 34 with value: 13.207844734191895.
LOCAL_RANK: 0 - CUDA_VISIBLE_DEVICES: [0]
[I 2023-11-30 12:43:12,831] Trial 94 finished with value: 13.5665922164917 and parameters: {'gradient_clip_val': 0.25489947458569745, 'hidden_size': 118, 'dropout': 0.3761388247917741, 'hidden_continuous_size': 24, 'attention_head_size': 2, 'learning_rate': 0.009382349931817538}. Best is trial 34 with value: 13.207844734191895.
LOCAL_RANK: 0 - CUDA_VISIBLE_DEVICES: [0]
[I 2023-11-30 12:43:26,525] Trial 95 finished with value: 13.908778190612793 and parameters: {'gradient_clip_val': 0.2748739592870276, 'hidden_size': 119, 'dropout': 0.3769641615801242, 'hidden_continuous_size': 25, 'attention_head_size': 2, 'learning_rate': 0.008260600958947917}. Best is trial 34 with value: 13.207844734191895.
LOCAL_RANK: 0 - CUDA_VISIBLE_DEVICES: [0]
[I 2023-11-30 12:43:40,065] Trial 96 finished with value: 15.88720989227295 and parameters: {'gradient_clip_val': 0.2555593040095249, 'hidden_size': 107, 'dropout': 0.3849406061084225, 'hidden_continuous_size': 24, 'attention_head_size': 3, 'learning_rate': 0.01595716125049516}. Best is trial 34 with value: 13.207844734191895.
LOCAL_RANK: 0 - CUDA_VISIBLE_DEVICES: [0]
[I 2023-11-30 12:43:54,078] Trial 97 finished with value: 18.22320556640625 and parameters: {'gradient_clip_val': 0.2934468715590282, 'hidden_size': 130, 'dropout': 0.3932036170366807, 'hidden_continuous_size': 22, 'attention_head_size': 3, 'learning_rate': 0.009690044702341527}. Best is trial 34 with value: 13.207844734191895.
LOCAL_RANK: 0 - CUDA_VISIBLE_DEVICES: [0]
[I 2023-11-30 12:44:07,348] Trial 98 finished with value: 14.573558807373047 and parameters: {'gradient_clip_val': 0.2381368495368553, 'hidden_size': 92, 'dropout': 0.3415884586281576, 'hidden_continuous_size': 28, 'attention_head_size': 3, 'learning_rate': 0.01966236652068793}. Best is trial 34 with value: 13.207844734191895.
LOCAL_RANK: 0 - CUDA_VISIBLE_DEVICES: [0]
[I 2023-11-30 12:44:20,714] Trial 99 finished with value: 17.533361434936523 and parameters: {'gradient_clip_val': 0.3214755334457067, 'hidden_size': 100, 'dropout': 0.37080673463689445, 'hidden_continuous_size': 27, 'attention_head_size': 3, 'learning_rate': 0.017761586241139084}. Best is trial 34 with value: 13.207844734191895.
LOCAL_RANK: 0 - CUDA_VISIBLE_DEVICES: [0]
[I 2023-11-30 12:44:34,347] Trial 100 finished with value: 14.232921600341797 and parameters: {'gradient_clip_val': 0.22367887385128124, 'hidden_size': 114, 'dropout': 0.399871612024948, 'hidden_continuous_size': 35, 'attention_head_size': 2, 'learning_rate': 0.013310920662228233}. Best is trial 34 with value: 13.207844734191895.
LOCAL_RANK: 0 - CUDA_VISIBLE_DEVICES: [0]
[I 2023-11-30 12:44:47,400] Trial 101 finished with value: 14.674285888671875 and parameters: {'gradient_clip_val': 0.21471307598750217, 'hidden_size': 86, 'dropout': 0.3580824055631926, 'hidden_continuous_size': 12, 'attention_head_size': 2, 'learning_rate': 0.048051931281841695}. Best is trial 34 with value: 13.207844734191895.
LOCAL_RANK: 0 - CUDA_VISIBLE_DEVICES: [0]
[I 2023-11-30 12:45:00,799] Trial 102 finished with value: 13.184955596923828 and parameters: {'gradient_clip_val': 0.2061953482995689, 'hidden_size': 111, 'dropout': 0.3778901584950059, 'hidden_continuous_size': 13, 'attention_head_size': 2, 'learning_rate': 0.05731798590301126}. Best is trial 102 with value: 13.184955596923828.
LOCAL_RANK: 0 - CUDA_VISIBLE_DEVICES: [0]
[I 2023-11-30 12:45:14,080] Trial 103 finished with value: 18.646535873413086 and parameters: {'gradient_clip_val': 0.20580121251722158, 'hidden_size': 109, 'dropout': 0.38297970900995326, 'hidden_continuous_size': 14, 'attention_head_size': 2, 'learning_rate': 0.0579180213660657}. Best is trial 102 with value: 13.184955596923828.
LOCAL_RANK: 0 - CUDA_VISIBLE_DEVICES: [0]
[I 2023-11-30 12:45:27,445] Trial 104 finished with value: 17.928958892822266 and parameters: {'gradient_clip_val': 0.26362270194657983, 'hidden_size': 120, 'dropout': 0.364811375577519, 'hidden_continuous_size': 17, 'attention_head_size': 1, 'learning_rate': 0.027979224939927428}. Best is trial 102 with value: 13.184955596923828.
LOCAL_RANK: 0 - CUDA_VISIBLE_DEVICES: [0]
[I 2023-11-30 12:45:41,485] Trial 105 finished with value: 16.21490478515625 and parameters: {'gradient_clip_val': 0.18400146428936331, 'hidden_size': 142, 'dropout': 0.3770604758939429, 'hidden_continuous_size': 33, 'attention_head_size': 3, 'learning_rate': 0.02357289293344375}. Best is trial 102 with value: 13.184955596923828.
LOCAL_RANK: 0 - CUDA_VISIBLE_DEVICES: [0]
[I 2023-11-30 12:45:55,214] Trial 106 finished with value: 13.542105674743652 and parameters: {'gradient_clip_val': 0.23601898875371827, 'hidden_size': 130, 'dropout': 0.3885039062243359, 'hidden_continuous_size': 20, 'attention_head_size': 2, 'learning_rate': 0.04371151626446967}. Best is trial 102 with value: 13.184955596923828.
LOCAL_RANK: 0 - CUDA_VISIBLE_DEVICES: [0]
[I 2023-11-30 12:46:09,101] Trial 107 finished with value: 15.6674165725708 and parameters: {'gradient_clip_val': 0.23350979468142133, 'hidden_size': 130, 'dropout': 0.3896927655513758, 'hidden_continuous_size': 18, 'attention_head_size': 2, 'learning_rate': 0.044416773319738444}. Best is trial 102 with value: 13.184955596923828.
LOCAL_RANK: 0 - CUDA_VISIBLE_DEVICES: [0]
