[I 2023-11-30 08:16:39,436] Trial 29 finished with value: 50.70887756347656 and parameters: {'gradient_clip_val': 0.3320970272862304, 'hidden_size': 111, 'dropout': 0.39958670464901297, 'hidden_continuous_size': 67, 'attention_head_size': 3, 'learning_rate': 0.0019138217397335797}. Best is trial 26 with value: 40.26749038696289.
LOCAL_RANK: 0 - CUDA_VISIBLE_DEVICES: [0]
[I 2023-11-30 08:16:53,085] Trial 30 finished with value: 50.936614990234375 and parameters: {'gradient_clip_val': 0.5380627366141872, 'hidden_size': 75, 'dropout': 0.36230671906308154, 'hidden_continuous_size': 33, 'attention_head_size': 4, 'learning_rate': 0.0035087219672082295}. Best is trial 26 with value: 40.26749038696289.
LOCAL_RANK: 0 - CUDA_VISIBLE_DEVICES: [0]
[I 2023-11-30 08:17:07,143] Trial 31 finished with value: 43.18760681152344 and parameters: {'gradient_clip_val': 0.35246609060541767, 'hidden_size': 114, 'dropout': 0.37012318360137075, 'hidden_continuous_size': 37, 'attention_head_size': 4, 'learning_rate': 0.005446637720559389}. Best is trial 26 with value: 40.26749038696289.
LOCAL_RANK: 0 - CUDA_VISIBLE_DEVICES: [0]
[I 2023-11-30 08:17:21,275] Trial 32 finished with value: 44.77217483520508 and parameters: {'gradient_clip_val': 0.3689216598737316, 'hidden_size': 115, 'dropout': 0.34069523107106026, 'hidden_continuous_size': 39, 'attention_head_size': 4, 'learning_rate': 0.004374517133549828}. Best is trial 26 with value: 40.26749038696289.
LOCAL_RANK: 0 - CUDA_VISIBLE_DEVICES: [0]
[I 2023-11-30 08:17:35,161] Trial 33 finished with value: 43.637020111083984 and parameters: {'gradient_clip_val': 0.3083982198144746, 'hidden_size': 95, 'dropout': 0.3694703239344894, 'hidden_continuous_size': 27, 'attention_head_size': 4, 'learning_rate': 0.005214471305749341}. Best is trial 26 with value: 40.26749038696289.
LOCAL_RANK: 0 - CUDA_VISIBLE_DEVICES: [0]
[I 2023-11-30 08:17:48,691] Trial 34 finished with value: 47.52021789550781 and parameters: {'gradient_clip_val': 0.289528806854002, 'hidden_size': 88, 'dropout': 0.34952624345076294, 'hidden_continuous_size': 26, 'attention_head_size': 4, 'learning_rate': 0.003295700265005473}. Best is trial 26 with value: 40.26749038696289.
LOCAL_RANK: 0 - CUDA_VISIBLE_DEVICES: [0]
[I 2023-11-30 08:18:02,315] Trial 35 finished with value: 45.49679946899414 and parameters: {'gradient_clip_val': 0.3765652789785023, 'hidden_size': 74, 'dropout': 0.38186226191159256, 'hidden_continuous_size': 32, 'attention_head_size': 4, 'learning_rate': 0.005320023475952721}. Best is trial 26 with value: 40.26749038696289.
LOCAL_RANK: 0 - CUDA_VISIBLE_DEVICES: [0]
[I 2023-11-30 08:18:16,086] Trial 36 finished with value: 44.9911994934082 and parameters: {'gradient_clip_val': 0.3306359272460133, 'hidden_size': 126, 'dropout': 0.32267731731059596, 'hidden_continuous_size': 17, 'attention_head_size': 1, 'learning_rate': 0.003520538705435508}. Best is trial 26 with value: 40.26749038696289.
LOCAL_RANK: 0 - CUDA_VISIBLE_DEVICES: [0]
[I 2023-11-30 08:18:29,958] Trial 37 finished with value: 49.6933708190918 and parameters: {'gradient_clip_val': 0.44987187761823016, 'hidden_size': 98, 'dropout': 0.3585377553641012, 'hidden_continuous_size': 27, 'attention_head_size': 4, 'learning_rate': 0.0026918798116555625}. Best is trial 26 with value: 40.26749038696289.
LOCAL_RANK: 0 - CUDA_VISIBLE_DEVICES: [0]
[I 2023-11-30 08:18:43,584] Trial 38 finished with value: 46.07749938964844 and parameters: {'gradient_clip_val': 0.3030164171728046, 'hidden_size': 62, 'dropout': 0.38512015594276716, 'hidden_continuous_size': 28, 'attention_head_size': 3, 'learning_rate': 0.009824415774266971}. Best is trial 26 with value: 40.26749038696289.
LOCAL_RANK: 0 - CUDA_VISIBLE_DEVICES: [0]
[I 2023-11-30 08:18:57,818] Trial 39 finished with value: 44.67290115356445 and parameters: {'gradient_clip_val': 0.26360458720141583, 'hidden_size': 127, 'dropout': 0.3998287930524702, 'hidden_continuous_size': 44, 'attention_head_size': 4, 'learning_rate': 0.0018390505329086081}. Best is trial 26 with value: 40.26749038696289.
LOCAL_RANK: 0 - CUDA_VISIBLE_DEVICES: [0]
[I 2023-11-30 08:19:12,139] Trial 40 finished with value: 46.38933181762695 and parameters: {'gradient_clip_val': 0.37536197793037346, 'hidden_size': 149, 'dropout': 0.3684160445113393, 'hidden_continuous_size': 22, 'attention_head_size': 4, 'learning_rate': 0.003955552574930446}. Best is trial 26 with value: 40.26749038696289.
LOCAL_RANK: 0 - CUDA_VISIBLE_DEVICES: [0]
[I 2023-11-30 08:19:26,097] Trial 41 finished with value: 48.0428352355957 and parameters: {'gradient_clip_val': 0.32265457357763805, 'hidden_size': 101, 'dropout': 0.3702398995158099, 'hidden_continuous_size': 35, 'attention_head_size': 4, 'learning_rate': 0.005593768507082291}. Best is trial 26 with value: 40.26749038696289.
LOCAL_RANK: 0 - CUDA_VISIBLE_DEVICES: [0]
[I 2023-11-30 08:19:40,146] Trial 42 finished with value: 39.08945083618164 and parameters: {'gradient_clip_val': 0.3122273413820843, 'hidden_size': 121, 'dropout': 0.34944238177304393, 'hidden_continuous_size': 42, 'attention_head_size': 4, 'learning_rate': 0.005529610145316669}. Best is trial 42 with value: 39.08945083618164.
LOCAL_RANK: 0 - CUDA_VISIBLE_DEVICES: [0]
[I 2023-11-30 08:19:54,401] Trial 43 finished with value: 45.42600631713867 and parameters: {'gradient_clip_val': 0.26884271131015075, 'hidden_size': 123, 'dropout': 0.3434227977686918, 'hidden_continuous_size': 41, 'attention_head_size': 4, 'learning_rate': 0.008189046168841621}. Best is trial 42 with value: 39.08945083618164.
LOCAL_RANK: 0 - CUDA_VISIBLE_DEVICES: [0]
[I 2023-11-30 08:20:08,455] Trial 44 finished with value: 44.04697799682617 and parameters: {'gradient_clip_val': 0.30586837168092895, 'hidden_size': 128, 'dropout': 0.38708505093832546, 'hidden_continuous_size': 47, 'attention_head_size': 4, 'learning_rate': 0.005187111615484033}. Best is trial 42 with value: 39.08945083618164.
LOCAL_RANK: 0 - CUDA_VISIBLE_DEVICES: [0]
[I 2023-11-30 08:20:22,455] Trial 45 finished with value: 43.02199172973633 and parameters: {'gradient_clip_val': 0.22811378929124662, 'hidden_size': 97, 'dropout': 0.35109526667472774, 'hidden_continuous_size': 41, 'attention_head_size': 4, 'learning_rate': 0.003981509760233872}. Best is trial 42 with value: 39.08945083618164.
LOCAL_RANK: 0 - CUDA_VISIBLE_DEVICES: [0]
[I 2023-11-30 08:20:36,641] Trial 46 finished with value: 37.2071418762207 and parameters: {'gradient_clip_val': 0.21122097394448772, 'hidden_size': 129, 'dropout': 0.3296394068899534, 'hidden_continuous_size': 56, 'attention_head_size': 3, 'learning_rate': 0.0039314106428950165}. Best is trial 46 with value: 37.2071418762207.
LOCAL_RANK: 0 - CUDA_VISIBLE_DEVICES: [0]
[I 2023-11-30 08:20:51,075] Trial 47 finished with value: 43.60577392578125 and parameters: {'gradient_clip_val': 0.21754028803792025, 'hidden_size': 150, 'dropout': 0.3323695738491487, 'hidden_continuous_size': 56, 'attention_head_size': 3, 'learning_rate': 0.004044448121172663}. Best is trial 46 with value: 37.2071418762207.
LOCAL_RANK: 0 - CUDA_VISIBLE_DEVICES: [0]
[I 2023-11-30 08:21:05,561] Trial 48 finished with value: 42.44448471069336 and parameters: {'gradient_clip_val': 0.21415772552439288, 'hidden_size': 134, 'dropout': 0.2986890603449655, 'hidden_continuous_size': 62, 'attention_head_size': 3, 'learning_rate': 0.0031736991545577437}. Best is trial 46 with value: 37.2071418762207.
LOCAL_RANK: 0 - CUDA_VISIBLE_DEVICES: [0]
[I 2023-11-30 08:21:19,732] Trial 49 finished with value: 46.5698356628418 and parameters: {'gradient_clip_val': 0.20336858568254432, 'hidden_size': 125, 'dropout': 0.29088749684317544, 'hidden_continuous_size': 63, 'attention_head_size': 2, 'learning_rate': 0.002959470218218223}. Best is trial 46 with value: 37.2071418762207.
LOCAL_RANK: 0 - CUDA_VISIBLE_DEVICES: [0]
[I 2023-11-30 08:21:34,251] Trial 50 finished with value: 42.016231536865234 and parameters: {'gradient_clip_val': 0.17527982218996355, 'hidden_size': 150, 'dropout': 0.3197596394339429, 'hidden_continuous_size': 79, 'attention_head_size': 3, 'learning_rate': 0.003017557363276311}. Best is trial 46 with value: 37.2071418762207.
LOCAL_RANK: 0 - CUDA_VISIBLE_DEVICES: [0]
[I 2023-11-30 08:21:48,772] Trial 51 finished with value: 47.69413757324219 and parameters: {'gradient_clip_val': 0.17204847638175827, 'hidden_size': 135, 'dropout': 0.3102841510455922, 'hidden_continuous_size': 78, 'attention_head_size': 3, 'learning_rate': 0.003150054566131065}. Best is trial 46 with value: 37.2071418762207.
LOCAL_RANK: 0 - CUDA_VISIBLE_DEVICES: [0]
[I 2023-11-30 08:22:02,923] Trial 52 finished with value: 43.82905960083008 and parameters: {'gradient_clip_val': 0.2106303784574812, 'hidden_size': 136, 'dropout': 0.32244986851053303, 'hidden_continuous_size': 59, 'attention_head_size': 3, 'learning_rate': 0.0036372902507609424}. Best is trial 46 with value: 37.2071418762207.
LOCAL_RANK: 0 - CUDA_VISIBLE_DEVICES: [0]
[I 2023-11-30 08:22:17,310] Trial 53 finished with value: 50.009185791015625 and parameters: {'gradient_clip_val': 0.184102255357868, 'hidden_size': 134, 'dropout': 0.27883376869772486, 'hidden_continuous_size': 49, 'attention_head_size': 3, 'learning_rate': 0.00241927894351445}. Best is trial 46 with value: 37.2071418762207.
LOCAL_RANK: 0 - CUDA_VISIBLE_DEVICES: [0]
[I 2023-11-30 08:22:31,602] Trial 54 finished with value: 47.4639892578125 and parameters: {'gradient_clip_val': 0.1471493089238711, 'hidden_size': 120, 'dropout': 0.31248207378057735, 'hidden_continuous_size': 77, 'attention_head_size': 2, 'learning_rate': 0.002768919098141558}. Best is trial 46 with value: 37.2071418762207.
LOCAL_RANK: 0 - CUDA_VISIBLE_DEVICES: [0]
[I 2023-11-30 08:22:45,744] Trial 55 finished with value: 65.26343536376953 and parameters: {'gradient_clip_val': 0.25128876903412567, 'hidden_size': 103, 'dropout': 0.33131430848352933, 'hidden_continuous_size': 60, 'attention_head_size': 3, 'learning_rate': 0.001575464985865719}. Best is trial 46 with value: 37.2071418762207.
LOCAL_RANK: 0 - CUDA_VISIBLE_DEVICES: [0]
[I 2023-11-30 08:22:59,941] Trial 56 finished with value: 45.57627487182617 and parameters: {'gradient_clip_val': 0.27056323510204844, 'hidden_size': 148, 'dropout': 0.3012585547784586, 'hidden_continuous_size': 46, 'attention_head_size': 3, 'learning_rate': 0.00658033778741185}. Best is trial 46 with value: 37.2071418762207.
LOCAL_RANK: 0 - CUDA_VISIBLE_DEVICES: [0]
[I 2023-11-30 08:23:13,928] Trial 57 finished with value: 43.41001510620117 and parameters: {'gradient_clip_val': 0.22005503183009695, 'hidden_size': 107, 'dropout': 0.32702709544634057, 'hidden_continuous_size': 51, 'attention_head_size': 2, 'learning_rate': 0.0029652300365528655}. Best is trial 46 with value: 37.2071418762207.
LOCAL_RANK: 0 - CUDA_VISIBLE_DEVICES: [0]
[I 2023-11-30 08:23:28,489] Trial 58 finished with value: 42.346187591552734 and parameters: {'gradient_clip_val': 0.19852326277760463, 'hidden_size': 134, 'dropout': 0.3473488300386695, 'hidden_continuous_size': 88, 'attention_head_size': 3, 'learning_rate': 0.0021850097319851642}. Best is trial 46 with value: 37.2071418762207.
LOCAL_RANK: 0 - CUDA_VISIBLE_DEVICES: [0]
[I 2023-11-30 08:23:42,851] Trial 59 finished with value: 56.43337631225586 and parameters: {'gradient_clip_val': 0.19318027514318226, 'hidden_size': 136, 'dropout': 0.3440589209903151, 'hidden_continuous_size': 93, 'attention_head_size': 3, 'learning_rate': 0.0011187969163965158}. Best is trial 46 with value: 37.2071418762207.
LOCAL_RANK: 0 - CUDA_VISIBLE_DEVICES: [0]
[I 2023-11-30 08:23:57,214] Trial 60 finished with value: 46.65253829956055 and parameters: {'gradient_clip_val': 0.16508921802646043, 'hidden_size': 119, 'dropout': 0.3132902489861619, 'hidden_continuous_size': 72, 'attention_head_size': 3, 'learning_rate': 0.0022776104062976242}. Best is trial 46 with value: 37.2071418762207.
LOCAL_RANK: 0 - CUDA_VISIBLE_DEVICES: [0]
[I 2023-11-30 08:24:11,294] Trial 61 finished with value: 43.54362106323242 and parameters: {'gradient_clip_val': 0.20276528435623015, 'hidden_size': 136, 'dropout': 0.34085443434092466, 'hidden_continuous_size': 64, 'attention_head_size': 3, 'learning_rate': 0.00418510526857906}. Best is trial 46 with value: 37.2071418762207.
LOCAL_RANK: 0 - CUDA_VISIBLE_DEVICES: [0]
[I 2023-11-30 08:24:25,402] Trial 62 finished with value: 45.255619049072266 and parameters: {'gradient_clip_val': 0.2420544287345032, 'hidden_size': 109, 'dropout': 0.3559525381482923, 'hidden_continuous_size': 56, 'attention_head_size': 3, 'learning_rate': 0.0032293002004463002}. Best is trial 46 with value: 37.2071418762207.
LOCAL_RANK: 0 - CUDA_VISIBLE_DEVICES: [0]
[I 2023-11-30 08:24:40,257] Trial 63 finished with value: 46.40604019165039 and parameters: {'gradient_clip_val': 0.1776839218878994, 'hidden_size': 149, 'dropout': 0.32434817538065835, 'hidden_continuous_size': 87, 'attention_head_size': 3, 'learning_rate': 0.0045435532239005375}. Best is trial 46 with value: 37.2071418762207.
LOCAL_RANK: 0 - CUDA_VISIBLE_DEVICES: [0]
[I 2023-11-30 08:24:54,363] Trial 64 finished with value: 52.64530563354492 and parameters: {'gradient_clip_val': 0.15685146211107204, 'hidden_size': 87, 'dropout': 0.3493003565744206, 'hidden_continuous_size': 61, 'attention_head_size': 3, 'learning_rate': 0.0021177751753636486}. Best is trial 46 with value: 37.2071418762207.
LOCAL_RANK: 0 - CUDA_VISIBLE_DEVICES: [0]
[I 2023-11-30 08:25:08,392] Trial 65 finished with value: 41.280120849609375 and parameters: {'gradient_clip_val': 0.2794929156567666, 'hidden_size': 119, 'dropout': 0.29072066075505276, 'hidden_continuous_size': 69, 'attention_head_size': 1, 'learning_rate': 0.0026131304093895166}. Best is trial 46 with value: 37.2071418762207.
LOCAL_RANK: 0 - CUDA_VISIBLE_DEVICES: [0]
[I 2023-11-30 08:25:22,395] Trial 66 finished with value: 44.61627197265625 and parameters: {'gradient_clip_val': 0.22538261060948367, 'hidden_size': 120, 'dropout': 0.29246996569746403, 'hidden_continuous_size': 69, 'attention_head_size': 1, 'learning_rate': 0.002752010854483095}. Best is trial 46 with value: 37.2071418762207.
LOCAL_RANK: 0 - CUDA_VISIBLE_DEVICES: [0]
[I 2023-11-30 08:25:36,501] Trial 67 finished with value: 52.084320068359375 and parameters: {'gradient_clip_val': 0.28718150811602483, 'hidden_size': 132, 'dropout': 0.30926917948601707, 'hidden_continuous_size': 79, 'attention_head_size': 1, 'learning_rate': 0.001582875459387805}. Best is trial 46 with value: 37.2071418762207.
LOCAL_RANK: 0 - CUDA_VISIBLE_DEVICES: [0]
[I 2023-11-30 08:25:50,657] Trial 68 finished with value: 47.685916900634766 and parameters: {'gradient_clip_val': 0.2537344827982843, 'hidden_size': 113, 'dropout': 0.2615811636563059, 'hidden_continuous_size': 53, 'attention_head_size': 2, 'learning_rate': 0.0025427760903262435}. Best is trial 46 with value: 37.2071418762207.
LOCAL_RANK: 0 - CUDA_VISIBLE_DEVICES: [0]
[I 2023-11-30 08:26:04,851] Trial 69 finished with value: 45.830448150634766 and parameters: {'gradient_clip_val': 0.19509048569666024, 'hidden_size': 91, 'dropout': 0.3025188505102952, 'hidden_continuous_size': 67, 'attention_head_size': 2, 'learning_rate': 0.0036438401663504527}. Best is trial 46 with value: 37.2071418762207.
LOCAL_RANK: 0 - CUDA_VISIBLE_DEVICES: [0]
[I 2023-11-30 08:26:18,602] Trial 70 finished with value: 56.39763259887695 and parameters: {'gradient_clip_val': 0.2804614152458732, 'hidden_size': 104, 'dropout': 0.31876628346584757, 'hidden_continuous_size': 57, 'attention_head_size': 1, 'learning_rate': 0.0020197110303006092}. Best is trial 46 with value: 37.2071418762207.
LOCAL_RANK: 0 - CUDA_VISIBLE_DEVICES: [0]
[I 2023-11-30 08:26:32,946] Trial 71 finished with value: 42.6531867980957 and parameters: {'gradient_clip_val': 0.23895864067740027, 'hidden_size': 139, 'dropout': 0.33708730423274214, 'hidden_continuous_size': 49, 'attention_head_size': 3, 'learning_rate': 0.0023607140356408955}. Best is trial 46 with value: 37.2071418762207.
LOCAL_RANK: 0 - CUDA_VISIBLE_DEVICES: [0]
[I 2023-11-30 08:26:47,111] Trial 72 finished with value: 42.78263473510742 and parameters: {'gradient_clip_val': 0.20690420721272396, 'hidden_size': 119, 'dropout': 0.3338620990184505, 'hidden_continuous_size': 73, 'attention_head_size': 3, 'learning_rate': 0.0048651667116902655}. Best is trial 46 with value: 37.2071418762207.
LOCAL_RANK: 0 - CUDA_VISIBLE_DEVICES: [0]
[I 2023-11-30 08:27:01,223] Trial 73 finished with value: 46.43817138671875 and parameters: {'gradient_clip_val': 0.3070768062407493, 'hidden_size': 94, 'dropout': 0.2849321030128855, 'hidden_continuous_size': 64, 'attention_head_size': 2, 'learning_rate': 0.003118439812850279}. Best is trial 46 with value: 37.2071418762207.
LOCAL_RANK: 0 - CUDA_VISIBLE_DEVICES: [0]
[I 2023-11-30 08:27:15,307] Trial 74 finished with value: 43.093109130859375 and parameters: {'gradient_clip_val': 0.2606093761562256, 'hidden_size': 81, 'dropout': 0.3629015233120357, 'hidden_continuous_size': 66, 'attention_head_size': 3, 'learning_rate': 0.003624176066959515}. Best is trial 46 with value: 37.2071418762207.
LOCAL_RANK: 0 - CUDA_VISIBLE_DEVICES: [0]
[I 2023-11-30 08:27:29,698] Trial 75 finished with value: 44.01308059692383 and parameters: {'gradient_clip_val': 0.28413655498492196, 'hidden_size': 111, 'dropout': 0.3488664910453236, 'hidden_continuous_size': 83, 'attention_head_size': 4, 'learning_rate': 0.005778907075726965}. Best is trial 46 with value: 37.2071418762207.
LOCAL_RANK: 0 - CUDA_VISIBLE_DEVICES: [0]
[I 2023-11-30 08:27:44,147] Trial 76 finished with value: 43.08773422241211 and parameters: {'gradient_clip_val': 0.3193073828469608, 'hidden_size': 125, 'dropout': 0.3190013516703373, 'hidden_continuous_size': 94, 'attention_head_size': 4, 'learning_rate': 0.004600581269074125}. Best is trial 46 with value: 37.2071418762207.
LOCAL_RANK: 0 - CUDA_VISIBLE_DEVICES: [0]
[I 2023-11-30 08:27:58,734] Trial 77 finished with value: 44.019954681396484 and parameters: {'gradient_clip_val': 0.23029436258616914, 'hidden_size': 140, 'dropout': 0.32834754797414256, 'hidden_continuous_size': 108, 'attention_head_size': 3, 'learning_rate': 0.0027117112855808874}. Best is trial 46 with value: 37.2071418762207.
LOCAL_RANK: 0 - CUDA_VISIBLE_DEVICES: [0]
[I 2023-11-30 08:28:13,129] Trial 78 finished with value: 43.089839935302734 and parameters: {'gradient_clip_val': 0.3633527136132311, 'hidden_size': 97, 'dropout': 0.35755455544855247, 'hidden_continuous_size': 72, 'attention_head_size': 4, 'learning_rate': 0.0066857113115059985}. Best is trial 46 with value: 37.2071418762207.
LOCAL_RANK: 0 - CUDA_VISIBLE_DEVICES: [0]
[I 2023-11-30 08:28:27,031] Trial 79 finished with value: 42.19875717163086 and parameters: {'gradient_clip_val': 0.1856499444745777, 'hidden_size': 104, 'dropout': 0.3906118929703489, 'hidden_continuous_size': 53, 'attention_head_size': 3, 'learning_rate': 0.008684640438067416}. Best is trial 46 with value: 37.2071418762207.
LOCAL_RANK: 0 - CUDA_VISIBLE_DEVICES: [0]
[I 2023-11-30 08:28:40,777] Trial 80 finished with value: 44.81509780883789 and parameters: {'gradient_clip_val': 0.18251874629909398, 'hidden_size': 104, 'dropout': 0.39308112160475467, 'hidden_continuous_size': 54, 'attention_head_size': 3, 'learning_rate': 0.007627063732039964}. Best is trial 46 with value: 37.2071418762207.
LOCAL_RANK: 0 - CUDA_VISIBLE_DEVICES: [0]
[I 2023-11-30 08:28:54,865] Trial 81 finished with value: 47.52827835083008 and parameters: {'gradient_clip_val': 0.3397378204637246, 'hidden_size': 115, 'dropout': 0.38811632897506343, 'hidden_continuous_size': 61, 'attention_head_size': 3, 'learning_rate': 0.008460326508173292}. Best is trial 46 with value: 37.2071418762207.
LOCAL_RANK: 0 - CUDA_VISIBLE_DEVICES: [0]
[I 2023-11-30 08:29:08,981] Trial 82 finished with value: 48.65522766113281 and parameters: {'gradient_clip_val': 0.196973374600777, 'hidden_size': 129, 'dropout': 0.3756182247746279, 'hidden_continuous_size': 44, 'attention_head_size': 3, 'learning_rate': 0.005773052592089529}. Best is trial 46 with value: 37.2071418762207.
LOCAL_RANK: 0 - CUDA_VISIBLE_DEVICES: [0]
[I 2023-11-30 08:29:23,464] Trial 83 finished with value: 45.83424377441406 and parameters: {'gradient_clip_val': 0.2125259450299676, 'hidden_size': 150, 'dropout': 0.37708727460469105, 'hidden_continuous_size': 47, 'attention_head_size': 3, 'learning_rate': 0.0037773736208224495}. Best is trial 46 with value: 37.2071418762207.
LOCAL_RANK: 0 - CUDA_VISIBLE_DEVICES: [0]
[I 2023-11-30 08:29:37,655] Trial 84 finished with value: 42.93148422241211 and parameters: {'gradient_clip_val': 0.17161378202743008, 'hidden_size': 122, 'dropout': 0.3635927115812491, 'hidden_continuous_size': 56, 'attention_head_size': 4, 'learning_rate': 0.011296793171538384}. Best is trial 46 with value: 37.2071418762207.
LOCAL_RANK: 0 - CUDA_VISIBLE_DEVICES: [0]
[I 2023-11-30 08:29:51,678] Trial 85 finished with value: 43.90058517456055 and parameters: {'gradient_clip_val': 0.18382623600096307, 'hidden_size': 101, 'dropout': 0.35335893625133413, 'hidden_continuous_size': 50, 'attention_head_size': 3, 'learning_rate': 0.0033099527890467113}. Best is trial 46 with value: 37.2071418762207.
LOCAL_RANK: 0 - CUDA_VISIBLE_DEVICES: [0]
[I 2023-11-30 08:30:06,067] Trial 86 finished with value: 42.62554168701172 and parameters: {'gradient_clip_val': 0.23884418773811145, 'hidden_size': 142, 'dropout': 0.34458826887249727, 'hidden_continuous_size': 41, 'attention_head_size': 4, 'learning_rate': 0.004258593308009632}. Best is trial 46 with value: 37.2071418762207.
LOCAL_RANK: 0 - CUDA_VISIBLE_DEVICES: [0]
[I 2023-11-30 08:30:20,244] Trial 87 finished with value: 42.88554000854492 and parameters: {'gradient_clip_val': 0.25884096685512714, 'hidden_size': 128, 'dropout': 0.33605108021214275, 'hidden_continuous_size': 59, 'attention_head_size': 2, 'learning_rate': 0.004883656173214431}. Best is trial 46 with value: 37.2071418762207.
LOCAL_RANK: 0 - CUDA_VISIBLE_DEVICES: [0]
