[I 2023-11-30 01:15:46,378] Trial 52 finished with value: 159.0727996826172 and parameters: {'gradient_clip_val': 0.2253621849053531, 'hidden_size': 13, 'dropout': 0.2055736040855132, 'hidden_continuous_size': 11, 'attention_head_size': 2, 'learning_rate': 0.04823535556016374}. Best is trial 25 with value: 115.630126953125.
LOCAL_RANK: 0 - CUDA_VISIBLE_DEVICES: [0]
[I 2023-11-30 01:15:58,112] Trial 53 finished with value: 171.0809326171875 and parameters: {'gradient_clip_val': 0.303985327638742, 'hidden_size': 16, 'dropout': 0.2371666826129798, 'hidden_continuous_size': 12, 'attention_head_size': 2, 'learning_rate': 0.07663106880206084}. Best is trial 25 with value: 115.630126953125.
LOCAL_RANK: 0 - CUDA_VISIBLE_DEVICES: [0]
[I 2023-11-30 01:16:09,982] Trial 54 finished with value: 135.93809509277344 and parameters: {'gradient_clip_val': 0.1286417719248999, 'hidden_size': 20, 'dropout': 0.2440182239496782, 'hidden_continuous_size': 10, 'attention_head_size': 2, 'learning_rate': 0.02946822804316422}. Best is trial 25 with value: 115.630126953125.
LOCAL_RANK: 0 - CUDA_VISIBLE_DEVICES: [0]
[I 2023-11-30 01:16:22,050] Trial 55 finished with value: 133.05728149414062 and parameters: {'gradient_clip_val': 0.3663162161344507, 'hidden_size': 11, 'dropout': 0.22089938639708068, 'hidden_continuous_size': 10, 'attention_head_size': 3, 'learning_rate': 0.03728336059856682}. Best is trial 25 with value: 115.630126953125.
LOCAL_RANK: 0 - CUDA_VISIBLE_DEVICES: [0]
[I 2023-11-30 01:16:34,048] Trial 56 finished with value: 128.19561767578125 and parameters: {'gradient_clip_val': 0.10918562098276868, 'hidden_size': 14, 'dropout': 0.2571687784290281, 'hidden_continuous_size': 11, 'attention_head_size': 3, 'learning_rate': 0.05458111036888325}. Best is trial 25 with value: 115.630126953125.
LOCAL_RANK: 0 - CUDA_VISIBLE_DEVICES: [0]
[I 2023-11-30 01:16:46,389] Trial 57 finished with value: 178.49778747558594 and parameters: {'gradient_clip_val': 0.19568972480139415, 'hidden_size': 19, 'dropout': 0.24276248077033277, 'hidden_continuous_size': 12, 'attention_head_size': 2, 'learning_rate': 0.08511927718271634}. Best is trial 25 with value: 115.630126953125.
LOCAL_RANK: 0 - CUDA_VISIBLE_DEVICES: [0]
[I 2023-11-30 01:16:58,499] Trial 58 finished with value: 146.77584838867188 and parameters: {'gradient_clip_val': 0.16955510629727066, 'hidden_size': 15, 'dropout': 0.2248812787780437, 'hidden_continuous_size': 11, 'attention_head_size': 2, 'learning_rate': 0.06536171688163481}. Best is trial 25 with value: 115.630126953125.
LOCAL_RANK: 0 - CUDA_VISIBLE_DEVICES: [0]
[I 2023-11-30 01:17:10,651] Trial 59 finished with value: 139.29013061523438 and parameters: {'gradient_clip_val': 0.14704921482371394, 'hidden_size': 22, 'dropout': 0.2384999322709742, 'hidden_continuous_size': 15, 'attention_head_size': 1, 'learning_rate': 0.03391800982016184}. Best is trial 25 with value: 115.630126953125.
LOCAL_RANK: 0 - CUDA_VISIBLE_DEVICES: [0]
[I 2023-11-30 01:17:22,701] Trial 60 finished with value: 124.59222412109375 and parameters: {'gradient_clip_val': 0.12273016456928827, 'hidden_size': 13, 'dropout': 0.25835075311477607, 'hidden_continuous_size': 11, 'attention_head_size': 3, 'learning_rate': 0.048689024048758314}. Best is trial 25 with value: 115.630126953125.
LOCAL_RANK: 0 - CUDA_VISIBLE_DEVICES: [0]
[I 2023-11-30 01:17:35,045] Trial 61 finished with value: 204.4413604736328 and parameters: {'gradient_clip_val': 0.1130229580798021, 'hidden_size': 17, 'dropout': 0.28036433076221096, 'hidden_continuous_size': 13, 'attention_head_size': 4, 'learning_rate': 0.019833518509803274}. Best is trial 25 with value: 115.630126953125.
LOCAL_RANK: 0 - CUDA_VISIBLE_DEVICES: [0]
[I 2023-11-30 01:17:47,742] Trial 62 finished with value: 139.01312255859375 and parameters: {'gradient_clip_val': 0.10049827262315265, 'hidden_size': 32, 'dropout': 0.26570370287914397, 'hidden_continuous_size': 20, 'attention_head_size': 2, 'learning_rate': 0.04500711950377397}. Best is trial 25 with value: 115.630126953125.
LOCAL_RANK: 0 - CUDA_VISIBLE_DEVICES: [0]
[I 2023-11-30 01:17:59,944] Trial 63 finished with value: 129.22023010253906 and parameters: {'gradient_clip_val': 0.11206198573818317, 'hidden_size': 24, 'dropout': 0.29014644045018523, 'hidden_continuous_size': 14, 'attention_head_size': 4, 'learning_rate': 0.03979408970195312}. Best is trial 25 with value: 115.630126953125.
LOCAL_RANK: 0 - CUDA_VISIBLE_DEVICES: [0]
[I 2023-11-30 01:18:12,146] Trial 64 finished with value: 123.22449493408203 and parameters: {'gradient_clip_val': 0.13623416251227724, 'hidden_size': 18, 'dropout': 0.30066947970526675, 'hidden_continuous_size': 12, 'attention_head_size': 2, 'learning_rate': 0.027287299250494848}. Best is trial 25 with value: 115.630126953125.
LOCAL_RANK: 0 - CUDA_VISIBLE_DEVICES: [0]
[I 2023-11-30 01:18:24,124] Trial 65 finished with value: 162.8678741455078 and parameters: {'gradient_clip_val': 0.13159760083196415, 'hidden_size': 16, 'dropout': 0.24893755961623973, 'hidden_continuous_size': 12, 'attention_head_size': 2, 'learning_rate': 0.02372959028587049}. Best is trial 25 with value: 115.630126953125.
LOCAL_RANK: 0 - CUDA_VISIBLE_DEVICES: [0]
[I 2023-11-30 01:18:36,200] Trial 66 finished with value: 138.64439392089844 and parameters: {'gradient_clip_val': 0.1372762659798196, 'hidden_size': 14, 'dropout': 0.2291039516070299, 'hidden_continuous_size': 11, 'attention_head_size': 2, 'learning_rate': 0.028533068258285953}. Best is trial 25 with value: 115.630126953125.
LOCAL_RANK: 0 - CUDA_VISIBLE_DEVICES: [0]
[I 2023-11-30 01:18:48,290] Trial 67 finished with value: 120.7940444946289 and parameters: {'gradient_clip_val': 0.15026578295816115, 'hidden_size': 20, 'dropout': 0.30192613633636733, 'hidden_continuous_size': 12, 'attention_head_size': 2, 'learning_rate': 0.060471025305539425}. Best is trial 25 with value: 115.630126953125.
LOCAL_RANK: 0 - CUDA_VISIBLE_DEVICES: [0]
[I 2023-11-30 01:18:58,587] Trial 68 finished with value: 151.86729431152344 and parameters: {'gradient_clip_val': 0.15246444300714465, 'hidden_size': 10, 'dropout': 0.2714218866502573, 'hidden_continuous_size': 10, 'attention_head_size': 2, 'learning_rate': 0.06113690560387859}. Best is trial 25 with value: 115.630126953125.
LOCAL_RANK: 0 - CUDA_VISIBLE_DEVICES: [0]
[I 2023-11-30 01:19:10,904] Trial 69 finished with value: 162.86424255371094 and parameters: {'gradient_clip_val': 0.17839066070051712, 'hidden_size': 21, 'dropout': 0.2845893185029134, 'hidden_continuous_size': 13, 'attention_head_size': 3, 'learning_rate': 0.08454541777836161}. Best is trial 25 with value: 115.630126953125.
LOCAL_RANK: 0 - CUDA_VISIBLE_DEVICES: [0]
[I 2023-11-30 01:19:22,726] Trial 70 finished with value: 135.9707794189453 and parameters: {'gradient_clip_val': 0.1616060879785302, 'hidden_size': 12, 'dropout': 0.25432442088315305, 'hidden_continuous_size': 11, 'attention_head_size': 1, 'learning_rate': 0.0693995041631991}. Best is trial 25 with value: 115.630126953125.
LOCAL_RANK: 0 - CUDA_VISIBLE_DEVICES: [0]
[I 2023-11-30 01:19:34,743] Trial 71 finished with value: 163.9867401123047 and parameters: {'gradient_clip_val': 0.12372962063788351, 'hidden_size': 18, 'dropout': 0.3033082708053908, 'hidden_continuous_size': 12, 'attention_head_size': 2, 'learning_rate': 0.055004448547718424}. Best is trial 25 with value: 115.630126953125.
LOCAL_RANK: 0 - CUDA_VISIBLE_DEVICES: [0]
[I 2023-11-30 01:19:47,147] Trial 72 finished with value: 144.23065185546875 and parameters: {'gradient_clip_val': 0.14391548038550986, 'hidden_size': 15, 'dropout': 0.30350727111232056, 'hidden_continuous_size': 12, 'attention_head_size': 2, 'learning_rate': 0.0341205644361083}. Best is trial 25 with value: 115.630126953125.
LOCAL_RANK: 0 - CUDA_VISIBLE_DEVICES: [0]
[I 2023-11-30 01:19:59,349] Trial 73 finished with value: 137.5823974609375 and parameters: {'gradient_clip_val': 0.1828993913742945, 'hidden_size': 17, 'dropout': 0.280468180117056, 'hidden_continuous_size': 12, 'attention_head_size': 2, 'learning_rate': 0.041739371057500356}. Best is trial 25 with value: 115.630126953125.
LOCAL_RANK: 0 - CUDA_VISIBLE_DEVICES: [0]
[I 2023-11-30 01:20:11,178] Trial 74 finished with value: 151.9081268310547 and parameters: {'gradient_clip_val': 0.16454211239094246, 'hidden_size': 20, 'dropout': 0.26859187335672763, 'hidden_continuous_size': 13, 'attention_head_size': 2, 'learning_rate': 0.05150651935087182}. Best is trial 25 with value: 115.630126953125.
LOCAL_RANK: 0 - CUDA_VISIBLE_DEVICES: [0]
[I 2023-11-30 01:20:23,305] Trial 75 finished with value: 149.2826385498047 and parameters: {'gradient_clip_val': 0.15124782185359256, 'hidden_size': 13, 'dropout': 0.32426681710587935, 'hidden_continuous_size': 11, 'attention_head_size': 2, 'learning_rate': 0.06057958641514992}. Best is trial 25 with value: 115.630126953125.
LOCAL_RANK: 0 - CUDA_VISIBLE_DEVICES: [0]
[I 2023-11-30 01:20:35,546] Trial 76 finished with value: 153.35203552246094 and parameters: {'gradient_clip_val': 0.135085828914298, 'hidden_size': 23, 'dropout': 0.24231966242877018, 'hidden_continuous_size': 12, 'attention_head_size': 3, 'learning_rate': 0.04861439236139436}. Best is trial 25 with value: 115.630126953125.
LOCAL_RANK: 0 - CUDA_VISIBLE_DEVICES: [0]
[I 2023-11-30 01:20:47,754] Trial 77 finished with value: 169.68797302246094 and parameters: {'gradient_clip_val': 0.12027550304025186, 'hidden_size': 26, 'dropout': 0.3354467923632107, 'hidden_continuous_size': 14, 'attention_head_size': 2, 'learning_rate': 0.07085382536267539}. Best is trial 25 with value: 115.630126953125.
LOCAL_RANK: 0 - CUDA_VISIBLE_DEVICES: [0]
[I 2023-11-30 01:21:00,008] Trial 78 finished with value: 118.30096435546875 and parameters: {'gradient_clip_val': 0.21107936633543437, 'hidden_size': 18, 'dropout': 0.3109650855039749, 'hidden_continuous_size': 12, 'attention_head_size': 3, 'learning_rate': 0.035910232774392065}. Best is trial 25 with value: 115.630126953125.
LOCAL_RANK: 0 - CUDA_VISIBLE_DEVICES: [0]
[I 2023-11-30 01:21:12,040] Trial 79 finished with value: 131.00640869140625 and parameters: {'gradient_clip_val': 0.20567607361707618, 'hidden_size': 15, 'dropout': 0.3088112233374286, 'hidden_continuous_size': 11, 'attention_head_size': 3, 'learning_rate': 0.03200983258544258}. Best is trial 25 with value: 115.630126953125.
LOCAL_RANK: 0 - CUDA_VISIBLE_DEVICES: [0]
[I 2023-11-30 01:21:24,328] Trial 80 finished with value: 134.63226318359375 and parameters: {'gradient_clip_val': 0.17914400252830356, 'hidden_size': 11, 'dropout': 0.29018655798968757, 'hidden_continuous_size': 10, 'attention_head_size': 3, 'learning_rate': 0.08883588430067653}. Best is trial 25 with value: 115.630126953125.
LOCAL_RANK: 0 - CUDA_VISIBLE_DEVICES: [0]
[I 2023-11-30 01:21:36,488] Trial 81 finished with value: 166.70066833496094 and parameters: {'gradient_clip_val': 0.1696326983834479, 'hidden_size': 18, 'dropout': 0.31556094486085473, 'hidden_continuous_size': 12, 'attention_head_size': 3, 'learning_rate': 0.038249341639555075}. Best is trial 25 with value: 115.630126953125.
LOCAL_RANK: 0 - CUDA_VISIBLE_DEVICES: [0]
[I 2023-11-30 01:21:48,714] Trial 82 finished with value: 139.42442321777344 and parameters: {'gradient_clip_val': 0.14340340786813938, 'hidden_size': 19, 'dropout': 0.3040206619123416, 'hidden_continuous_size': 13, 'attention_head_size': 3, 'learning_rate': 0.043873500554343164}. Best is trial 25 with value: 115.630126953125.
LOCAL_RANK: 0 - CUDA_VISIBLE_DEVICES: [0]
[I 2023-11-30 01:22:01,180] Trial 83 finished with value: 160.7745819091797 and parameters: {'gradient_clip_val': 0.21483036451692433, 'hidden_size': 21, 'dropout': 0.27708621931759486, 'hidden_continuous_size': 16, 'attention_head_size': 2, 'learning_rate': 0.035756719504880165}. Best is trial 25 with value: 115.630126953125.
LOCAL_RANK: 0 - CUDA_VISIBLE_DEVICES: [0]
[I 2023-11-30 01:22:13,206] Trial 84 finished with value: 154.539306640625 and parameters: {'gradient_clip_val': 0.19013098794536573, 'hidden_size': 16, 'dropout': 0.263714555979497, 'hidden_continuous_size': 12, 'attention_head_size': 3, 'learning_rate': 0.05260698323994479}. Best is trial 25 with value: 115.630126953125.
LOCAL_RANK: 0 - CUDA_VISIBLE_DEVICES: [0]
[I 2023-11-30 01:22:25,215] Trial 85 finished with value: 157.1744842529297 and parameters: {'gradient_clip_val': 0.10684304375173663, 'hidden_size': 13, 'dropout': 0.2951175783983272, 'hidden_continuous_size': 11, 'attention_head_size': 2, 'learning_rate': 0.02963701199983584}. Best is trial 25 with value: 115.630126953125.
LOCAL_RANK: 0 - CUDA_VISIBLE_DEVICES: [0]
[I 2023-11-30 01:22:37,359] Trial 86 finished with value: 134.3275604248047 and parameters: {'gradient_clip_val': 0.2380551069142548, 'hidden_size': 14, 'dropout': 0.2134264277209089, 'hidden_continuous_size': 12, 'attention_head_size': 3, 'learning_rate': 0.042935771198710754}. Best is trial 25 with value: 115.630126953125.
LOCAL_RANK: 0 - CUDA_VISIBLE_DEVICES: [0]
[I 2023-11-30 01:22:49,354] Trial 87 finished with value: 143.22816467285156 and parameters: {'gradient_clip_val': 0.15979947795333913, 'hidden_size': 18, 'dropout': 0.31933239676876735, 'hidden_continuous_size': 11, 'attention_head_size': 2, 'learning_rate': 0.07609793737895591}. Best is trial 25 with value: 115.630126953125.
LOCAL_RANK: 0 - CUDA_VISIBLE_DEVICES: [0]
[I 2023-11-30 01:23:01,386] Trial 88 finished with value: 156.0105743408203 and parameters: {'gradient_clip_val': 0.15062790847488258, 'hidden_size': 12, 'dropout': 0.25202304540673326, 'hidden_continuous_size': 10, 'attention_head_size': 3, 'learning_rate': 0.05694512375755502}. Best is trial 25 with value: 115.630126953125.
LOCAL_RANK: 0 - CUDA_VISIBLE_DEVICES: [0]
[I 2023-11-30 01:23:13,219] Trial 89 finished with value: 179.3359375 and parameters: {'gradient_clip_val': 0.20161904618563775, 'hidden_size': 16, 'dropout': 0.22736910327133456, 'hidden_continuous_size': 12, 'attention_head_size': 2, 'learning_rate': 0.02550807228727649}. Best is trial 25 with value: 115.630126953125.
LOCAL_RANK: 0 - CUDA_VISIBLE_DEVICES: [0]
[I 2023-11-30 01:23:25,283] Trial 90 finished with value: 155.96539306640625 and parameters: {'gradient_clip_val': 0.12707408404859563, 'hidden_size': 20, 'dropout': 0.23685393391475515, 'hidden_continuous_size': 13, 'attention_head_size': 3, 'learning_rate': 0.09930258420115315}. Best is trial 25 with value: 115.630126953125.
LOCAL_RANK: 0 - CUDA_VISIBLE_DEVICES: [0]
[I 2023-11-30 01:23:37,599] Trial 91 finished with value: 156.64207458496094 and parameters: {'gradient_clip_val': 0.11684167931028168, 'hidden_size': 23, 'dropout': 0.29595458967228166, 'hidden_continuous_size': 14, 'attention_head_size': 4, 'learning_rate': 0.03615628891461691}. Best is trial 25 with value: 115.630126953125.
LOCAL_RANK: 0 - CUDA_VISIBLE_DEVICES: [0]
[I 2023-11-30 01:23:49,898] Trial 92 finished with value: 128.2502899169922 and parameters: {'gradient_clip_val': 0.10398714552051512, 'hidden_size': 19, 'dropout': 0.28473817475691726, 'hidden_continuous_size': 13, 'attention_head_size': 2, 'learning_rate': 0.03128664753707607}. Best is trial 25 with value: 115.630126953125.
LOCAL_RANK: 0 - CUDA_VISIBLE_DEVICES: [0]
[I 2023-11-30 01:24:02,222] Trial 93 finished with value: 132.13710021972656 and parameters: {'gradient_clip_val': 0.1378532632045355, 'hidden_size': 17, 'dropout': 0.27237045667350274, 'hidden_continuous_size': 12, 'attention_head_size': 4, 'learning_rate': 0.0484962666027591}. Best is trial 25 with value: 115.630126953125.
LOCAL_RANK: 0 - CUDA_VISIBLE_DEVICES: [0]
[I 2023-11-30 01:24:14,305] Trial 94 finished with value: 126.44698333740234 and parameters: {'gradient_clip_val': 0.1116480298012677, 'hidden_size': 15, 'dropout': 0.3118883095686152, 'hidden_continuous_size': 11, 'attention_head_size': 2, 'learning_rate': 0.041310549880912435}. Best is trial 25 with value: 115.630126953125.
LOCAL_RANK: 0 - CUDA_VISIBLE_DEVICES: [0]
[I 2023-11-30 01:24:26,628] Trial 95 finished with value: 126.04891204833984 and parameters: {'gradient_clip_val': 0.17432970688919014, 'hidden_size': 26, 'dropout': 0.26488119272102373, 'hidden_continuous_size': 15, 'attention_head_size': 2, 'learning_rate': 0.02077776567672789}. Best is trial 25 with value: 115.630126953125.
LOCAL_RANK: 0 - CUDA_VISIBLE_DEVICES: [0]
[I 2023-11-30 01:24:38,912] Trial 96 finished with value: 138.02719116210938 and parameters: {'gradient_clip_val': 0.12555749054317022, 'hidden_size': 22, 'dropout': 0.30048242461223434, 'hidden_continuous_size': 13, 'attention_head_size': 3, 'learning_rate': 0.03813003378711305}. Best is trial 25 with value: 115.630126953125.
LOCAL_RANK: 0 - CUDA_VISIBLE_DEVICES: [0]
[I 2023-11-30 01:24:51,139] Trial 97 finished with value: 171.1619110107422 and parameters: {'gradient_clip_val': 0.11814029210183886, 'hidden_size': 14, 'dropout': 0.2878678944638049, 'hidden_continuous_size': 12, 'attention_head_size': 1, 'learning_rate': 0.02658835561913832}. Best is trial 25 with value: 115.630126953125.
LOCAL_RANK: 0 - CUDA_VISIBLE_DEVICES: [0]
[I 2023-11-30 01:25:02,901] Trial 98 finished with value: 146.01470947265625 and parameters: {'gradient_clip_val': 0.13346001156610146, 'hidden_size': 16, 'dropout': 0.3083848292968035, 'hidden_continuous_size': 11, 'attention_head_size': 2, 'learning_rate': 0.06598319159907855}. Best is trial 25 with value: 115.630126953125.
LOCAL_RANK: 0 - CUDA_VISIBLE_DEVICES: [0]
[I 2023-11-30 01:25:15,525] Trial 99 finished with value: 122.15215301513672 and parameters: {'gradient_clip_val': 0.18642474367877704, 'hidden_size': 29, 'dropout': 0.20435121543767373, 'hidden_continuous_size': 19, 'attention_head_size': 4, 'learning_rate': 0.03217908886075189}. Best is trial 25 with value: 115.630126953125.
LOCAL_RANK: 0 - CUDA_VISIBLE_DEVICES: [0]
[I 2023-11-30 01:25:27,763] Trial 100 finished with value: 130.82188415527344 and parameters: {'gradient_clip_val': 0.19049396724002465, 'hidden_size': 28, 'dropout': 0.2090713085681963, 'hidden_continuous_size': 20, 'attention_head_size': 2, 'learning_rate': 0.0451535613230519}. Best is trial 25 with value: 115.630126953125.
LOCAL_RANK: 0 - CUDA_VISIBLE_DEVICES: [0]
[I 2023-11-30 01:25:40,266] Trial 101 finished with value: 131.34510803222656 and parameters: {'gradient_clip_val': 0.21022871235389362, 'hidden_size': 25, 'dropout': 0.2026837630115796, 'hidden_continuous_size': 16, 'attention_head_size': 4, 'learning_rate': 0.03233278552659491}. Best is trial 25 with value: 115.630126953125.
LOCAL_RANK: 0 - CUDA_VISIBLE_DEVICES: [0]
[I 2023-11-30 01:25:53,031] Trial 102 finished with value: 143.7210693359375 and parameters: {'gradient_clip_val': 0.2001851477246209, 'hidden_size': 29, 'dropout': 0.21526847312764666, 'hidden_continuous_size': 19, 'attention_head_size': 4, 'learning_rate': 0.02315697527788073}. Best is trial 25 with value: 115.630126953125.
LOCAL_RANK: 0 - CUDA_VISIBLE_DEVICES: [0]
[I 2023-11-30 01:26:05,765] Trial 103 finished with value: 116.9689712524414 and parameters: {'gradient_clip_val': 0.16057365582577665, 'hidden_size': 31, 'dropout': 0.22004630992684276, 'hidden_continuous_size': 18, 'attention_head_size': 4, 'learning_rate': 0.02740677359625592}. Best is trial 25 with value: 115.630126953125.
LOCAL_RANK: 0 - CUDA_VISIBLE_DEVICES: [0]
[I 2023-11-30 01:26:18,278] Trial 104 finished with value: 128.5948944091797 and parameters: {'gradient_clip_val': 0.16029294043118114, 'hidden_size': 32, 'dropout': 0.22303404464300006, 'hidden_continuous_size': 18, 'attention_head_size': 4, 'learning_rate': 0.027885454564562925}. Best is trial 25 with value: 115.630126953125.
LOCAL_RANK: 0 - CUDA_VISIBLE_DEVICES: [0]
[I 2023-11-30 01:26:31,308] Trial 105 finished with value: 200.7307586669922 and parameters: {'gradient_clip_val': 0.18279569669264653, 'hidden_size': 38, 'dropout': 0.21742217645266249, 'hidden_continuous_size': 27, 'attention_head_size': 4, 'learning_rate': 0.05000938638013512}. Best is trial 25 with value: 115.630126953125.
LOCAL_RANK: 0 - CUDA_VISIBLE_DEVICES: [0]
[I 2023-11-30 01:26:43,593] Trial 106 finished with value: 121.05309295654297 and parameters: {'gradient_clip_val': 0.16772046377711713, 'hidden_size': 17, 'dropout': 0.23268463995028638, 'hidden_continuous_size': 11, 'attention_head_size': 4, 'learning_rate': 0.03490870413698919}. Best is trial 25 with value: 115.630126953125.
LOCAL_RANK: 0 - CUDA_VISIBLE_DEVICES: [0]
[I 2023-11-30 01:26:55,992] Trial 107 finished with value: 130.8749542236328 and parameters: {'gradient_clip_val': 0.17178792268038895, 'hidden_size': 13, 'dropout': 0.22515796025898432, 'hidden_continuous_size': 10, 'attention_head_size': 4, 'learning_rate': 0.059278314668563675}. Best is trial 25 with value: 115.630126953125.
LOCAL_RANK: 0 - CUDA_VISIBLE_DEVICES: [0]
[I 2023-11-30 01:27:08,849] Trial 108 finished with value: 173.8651580810547 and parameters: {'gradient_clip_val': 0.1867533724703598, 'hidden_size': 34, 'dropout': 0.24452334523796793, 'hidden_continuous_size': 22, 'attention_head_size': 4, 'learning_rate': 0.034120288800653514}. Best is trial 25 with value: 115.630126953125.
LOCAL_RANK: 0 - CUDA_VISIBLE_DEVICES: [0]
[I 2023-11-30 01:27:21,679] Trial 109 finished with value: 142.82635498046875 and parameters: {'gradient_clip_val': 0.15457072412093265, 'hidden_size': 44, 'dropout': 0.23225483660457136, 'hidden_continuous_size': 18, 'attention_head_size': 4, 'learning_rate': 0.04004419464869079}. Best is trial 25 with value: 115.630126953125.
LOCAL_RANK: 0 - CUDA_VISIBLE_DEVICES: [0]
[I 2023-11-30 01:27:33,919] Trial 110 finished with value: 121.77323150634766 and parameters: {'gradient_clip_val': 0.16395556380528084, 'hidden_size': 17, 'dropout': 0.23197233373422002, 'hidden_continuous_size': 11, 'attention_head_size': 4, 'learning_rate': 0.04499982914375864}. Best is trial 25 with value: 115.630126953125.
LOCAL_RANK: 0 - CUDA_VISIBLE_DEVICES: [0]
