[I 2023-11-30 07:20:21,610] Trial 92 finished with value: 39.35446548461914 and parameters: {'gradient_clip_val': 0.7289650250396784, 'hidden_size': 130, 'dropout': 0.1878048032141873, 'hidden_continuous_size': 25, 'attention_head_size': 3, 'learning_rate': 0.020180315674334905}. Best is trial 42 with value: 33.76677703857422.
LOCAL_RANK: 0 - CUDA_VISIBLE_DEVICES: [0]
[I 2023-11-30 07:20:35,099] Trial 93 finished with value: 38.21944808959961 and parameters: {'gradient_clip_val': 0.9307807750486884, 'hidden_size': 120, 'dropout': 0.170212961015344, 'hidden_continuous_size': 29, 'attention_head_size': 1, 'learning_rate': 0.015443619101623406}. Best is trial 42 with value: 33.76677703857422.
LOCAL_RANK: 0 - CUDA_VISIBLE_DEVICES: [0]
[I 2023-11-30 07:20:49,317] Trial 94 finished with value: 36.95502853393555 and parameters: {'gradient_clip_val': 0.8275812707104834, 'hidden_size': 136, 'dropout': 0.1483638126512759, 'hidden_continuous_size': 121, 'attention_head_size': 2, 'learning_rate': 0.02282275566081183}. Best is trial 42 with value: 33.76677703857422.
LOCAL_RANK: 0 - CUDA_VISIBLE_DEVICES: [0]
[I 2023-11-30 07:21:03,210] Trial 95 finished with value: 39.47079849243164 and parameters: {'gradient_clip_val': 0.7692000284078744, 'hidden_size': 106, 'dropout': 0.1375771238196212, 'hidden_continuous_size': 37, 'attention_head_size': 2, 'learning_rate': 0.018849446499990215}. Best is trial 42 with value: 33.76677703857422.
LOCAL_RANK: 0 - CUDA_VISIBLE_DEVICES: [0]
[I 2023-11-30 07:21:16,871] Trial 96 finished with value: 38.395633697509766 and parameters: {'gradient_clip_val': 0.6184914233271538, 'hidden_size': 115, 'dropout': 0.17813293491804766, 'hidden_continuous_size': 31, 'attention_head_size': 1, 'learning_rate': 0.025350524373694575}. Best is trial 42 with value: 33.76677703857422.
LOCAL_RANK: 0 - CUDA_VISIBLE_DEVICES: [0]
[I 2023-11-30 07:21:30,218] Trial 97 finished with value: 46.1318244934082 and parameters: {'gradient_clip_val': 0.6561304568731111, 'hidden_size': 102, 'dropout': 0.10686623705635762, 'hidden_continuous_size': 24, 'attention_head_size': 1, 'learning_rate': 0.016643791029076677}. Best is trial 42 with value: 33.76677703857422.
LOCAL_RANK: 0 - CUDA_VISIBLE_DEVICES: [0]
[I 2023-11-30 07:21:43,806] Trial 98 finished with value: 40.798946380615234 and parameters: {'gradient_clip_val': 0.5515602513753546, 'hidden_size': 112, 'dropout': 0.1638761236440544, 'hidden_continuous_size': 27, 'attention_head_size': 3, 'learning_rate': 0.027151826055915543}. Best is trial 42 with value: 33.76677703857422.
LOCAL_RANK: 0 - CUDA_VISIBLE_DEVICES: [0]
[I 2023-11-30 07:21:57,427] Trial 99 finished with value: 37.7464714050293 and parameters: {'gradient_clip_val': 0.8357040531926091, 'hidden_size': 96, 'dropout': 0.1216192682645055, 'hidden_continuous_size': 72, 'attention_head_size': 1, 'learning_rate': 0.013500689820070999}. Best is trial 42 with value: 33.76677703857422.
LOCAL_RANK: 0 - CUDA_VISIBLE_DEVICES: [0]
[I 2023-11-30 07:22:11,302] Trial 100 finished with value: 38.4656982421875 and parameters: {'gradient_clip_val': 0.5780411550703822, 'hidden_size': 144, 'dropout': 0.20361922507927516, 'hidden_continuous_size': 33, 'attention_head_size': 1, 'learning_rate': 0.01456521022735262}. Best is trial 42 with value: 33.76677703857422.
LOCAL_RANK: 0 - CUDA_VISIBLE_DEVICES: [0]
[I 2023-11-30 07:22:24,089] Trial 101 finished with value: 38.657470703125 and parameters: {'gradient_clip_val': 0.7068700945526931, 'hidden_size': 58, 'dropout': 0.19197921451776515, 'hidden_continuous_size': 22, 'attention_head_size': 1, 'learning_rate': 0.031307973041454724}. Best is trial 42 with value: 33.76677703857422.
LOCAL_RANK: 0 - CUDA_VISIBLE_DEVICES: [0]
[I 2023-11-30 07:22:37,853] Trial 102 finished with value: 40.27411651611328 and parameters: {'gradient_clip_val': 0.6626861323864592, 'hidden_size': 131, 'dropout': 0.2110705689715692, 'hidden_continuous_size': 21, 'attention_head_size': 1, 'learning_rate': 0.020871958218659305}. Best is trial 42 with value: 33.76677703857422.
LOCAL_RANK: 0 - CUDA_VISIBLE_DEVICES: [0]
[I 2023-11-30 07:22:51,344] Trial 103 finished with value: 34.278717041015625 and parameters: {'gradient_clip_val': 0.7548433877344957, 'hidden_size': 82, 'dropout': 0.18386524438219534, 'hidden_continuous_size': 61, 'attention_head_size': 1, 'learning_rate': 0.02712688489444958}. Best is trial 42 with value: 33.76677703857422.
LOCAL_RANK: 0 - CUDA_VISIBLE_DEVICES: [0]
[I 2023-11-30 07:23:04,683] Trial 104 finished with value: 38.71346664428711 and parameters: {'gradient_clip_val': 0.749994546359617, 'hidden_size': 84, 'dropout': 0.13287546756268875, 'hidden_continuous_size': 56, 'attention_head_size': 1, 'learning_rate': 0.018851233866553383}. Best is trial 42 with value: 33.76677703857422.
LOCAL_RANK: 0 - CUDA_VISIBLE_DEVICES: [0]
[I 2023-11-30 07:23:18,773] Trial 105 finished with value: 40.48814392089844 and parameters: {'gradient_clip_val': 0.8022068561970154, 'hidden_size': 119, 'dropout': 0.1854781397771556, 'hidden_continuous_size': 94, 'attention_head_size': 1, 'learning_rate': 0.023933775737082823}. Best is trial 42 with value: 33.76677703857422.
LOCAL_RANK: 0 - CUDA_VISIBLE_DEVICES: [0]
[I 2023-11-30 07:23:31,870] Trial 106 finished with value: 38.55242919921875 and parameters: {'gradient_clip_val': 0.49276564967125, 'hidden_size': 69, 'dropout': 0.15354219078540465, 'hidden_continuous_size': 44, 'attention_head_size': 1, 'learning_rate': 0.027609804989286887}. Best is trial 42 with value: 33.76677703857422.
LOCAL_RANK: 0 - CUDA_VISIBLE_DEVICES: [0]
[I 2023-11-30 07:23:45,557] Trial 107 finished with value: 35.28901672363281 and parameters: {'gradient_clip_val': 0.6141664942559673, 'hidden_size': 93, 'dropout': 0.1834529528873179, 'hidden_continuous_size': 68, 'attention_head_size': 1, 'learning_rate': 0.016846972530173435}. Best is trial 42 with value: 33.76677703857422.
LOCAL_RANK: 0 - CUDA_VISIBLE_DEVICES: [0]
[I 2023-11-30 07:23:59,575] Trial 108 finished with value: 35.969017028808594 and parameters: {'gradient_clip_val': 0.5287667781320676, 'hidden_size': 94, 'dropout': 0.1719099335711342, 'hidden_continuous_size': 69, 'attention_head_size': 4, 'learning_rate': 0.01730679083433128}. Best is trial 42 with value: 33.76677703857422.
LOCAL_RANK: 0 - CUDA_VISIBLE_DEVICES: [0]
[I 2023-11-30 07:24:13,533] Trial 109 finished with value: 35.981868743896484 and parameters: {'gradient_clip_val': 0.4465767517198374, 'hidden_size': 108, 'dropout': 0.17566223697650063, 'hidden_continuous_size': 66, 'attention_head_size': 4, 'learning_rate': 0.01670013475405079}. Best is trial 42 with value: 33.76677703857422.
LOCAL_RANK: 0 - CUDA_VISIBLE_DEVICES: [0]
[I 2023-11-30 07:24:27,697] Trial 110 finished with value: 37.840545654296875 and parameters: {'gradient_clip_val': 0.434579120103899, 'hidden_size': 95, 'dropout': 0.1738258010264091, 'hidden_continuous_size': 69, 'attention_head_size': 4, 'learning_rate': 0.016184808709166165}. Best is trial 42 with value: 33.76677703857422.
LOCAL_RANK: 0 - CUDA_VISIBLE_DEVICES: [0]
[I 2023-11-30 07:24:41,606] Trial 111 finished with value: 40.346378326416016 and parameters: {'gradient_clip_val': 0.5329786422060006, 'hidden_size': 106, 'dropout': 0.18384444945607237, 'hidden_continuous_size': 63, 'attention_head_size': 4, 'learning_rate': 0.01170476249595732}. Best is trial 42 with value: 33.76677703857422.
LOCAL_RANK: 0 - CUDA_VISIBLE_DEVICES: [0]
[I 2023-11-30 07:24:55,627] Trial 112 finished with value: 36.76753234863281 and parameters: {'gradient_clip_val': 0.47461835037944256, 'hidden_size': 99, 'dropout': 0.15873695231324036, 'hidden_continuous_size': 78, 'attention_head_size': 4, 'learning_rate': 0.016943769296841313}. Best is trial 42 with value: 33.76677703857422.
LOCAL_RANK: 0 - CUDA_VISIBLE_DEVICES: [0]
[I 2023-11-30 07:25:09,403] Trial 113 finished with value: 40.839744567871094 and parameters: {'gradient_clip_val': 0.45180801235785173, 'hidden_size': 90, 'dropout': 0.17979418118340648, 'hidden_continuous_size': 63, 'attention_head_size': 4, 'learning_rate': 0.013870686946657593}. Best is trial 42 with value: 33.76677703857422.
LOCAL_RANK: 0 - CUDA_VISIBLE_DEVICES: [0]
[I 2023-11-30 07:25:23,379] Trial 114 finished with value: 36.810787200927734 and parameters: {'gradient_clip_val': 0.5153455106773365, 'hidden_size': 86, 'dropout': 0.16929516438085668, 'hidden_continuous_size': 71, 'attention_head_size': 4, 'learning_rate': 0.01803008809665197}. Best is trial 42 with value: 33.76677703857422.
LOCAL_RANK: 0 - CUDA_VISIBLE_DEVICES: [0]
[I 2023-11-30 07:25:37,611] Trial 115 finished with value: 40.25947189331055 and parameters: {'gradient_clip_val': 0.4167830864248946, 'hidden_size': 109, 'dropout': 0.1901581462677977, 'hidden_continuous_size': 87, 'attention_head_size': 4, 'learning_rate': 0.019327946535437856}. Best is trial 42 with value: 33.76677703857422.
LOCAL_RANK: 0 - CUDA_VISIBLE_DEVICES: [0]
[I 2023-11-30 07:25:51,293] Trial 116 finished with value: 34.151668548583984 and parameters: {'gradient_clip_val': 0.38685107731189294, 'hidden_size': 80, 'dropout': 0.14617141457376076, 'hidden_continuous_size': 66, 'attention_head_size': 4, 'learning_rate': 0.015258632895543956}. Best is trial 42 with value: 33.76677703857422.
LOCAL_RANK: 0 - CUDA_VISIBLE_DEVICES: [0]
[I 2023-11-30 07:26:05,131] Trial 117 finished with value: 43.89850997924805 and parameters: {'gradient_clip_val': 0.4004920072254086, 'hidden_size': 77, 'dropout': 0.14771423980399792, 'hidden_continuous_size': 66, 'attention_head_size': 4, 'learning_rate': 0.015258716992671957}. Best is trial 42 with value: 33.76677703857422.
LOCAL_RANK: 0 - CUDA_VISIBLE_DEVICES: [0]
[I 2023-11-30 07:26:18,622] Trial 118 finished with value: 35.66905212402344 and parameters: {'gradient_clip_val': 0.37364210700216505, 'hidden_size': 80, 'dropout': 0.15453659709833145, 'hidden_continuous_size': 59, 'attention_head_size': 4, 'learning_rate': 0.012289543601701714}. Best is trial 42 with value: 33.76677703857422.
LOCAL_RANK: 0 - CUDA_VISIBLE_DEVICES: [0]
[I 2023-11-30 07:26:32,515] Trial 119 finished with value: 40.93959426879883 and parameters: {'gradient_clip_val': 0.33337500995578473, 'hidden_size': 81, 'dropout': 0.14364188792386318, 'hidden_continuous_size': 66, 'attention_head_size': 4, 'learning_rate': 0.010497548016205619}. Best is trial 42 with value: 33.76677703857422.
LOCAL_RANK: 0 - CUDA_VISIBLE_DEVICES: [0]
[I 2023-11-30 07:26:46,635] Trial 120 finished with value: 44.11216354370117 and parameters: {'gradient_clip_val': 0.3693199018252794, 'hidden_size': 94, 'dropout': 0.15348076831293722, 'hidden_continuous_size': 77, 'attention_head_size': 4, 'learning_rate': 0.013142164698504795}. Best is trial 42 with value: 33.76677703857422.
LOCAL_RANK: 0 - CUDA_VISIBLE_DEVICES: [0]
[I 2023-11-30 07:27:00,313] Trial 121 finished with value: 32.462249755859375 and parameters: {'gradient_clip_val': 0.38165798633302006, 'hidden_size': 83, 'dropout': 0.1640021944170839, 'hidden_continuous_size': 60, 'attention_head_size': 4, 'learning_rate': 0.012170941238368127}. Best is trial 121 with value: 32.462249755859375.
LOCAL_RANK: 0 - CUDA_VISIBLE_DEVICES: [0]
[I 2023-11-30 07:27:13,882] Trial 122 finished with value: 35.43247604370117 and parameters: {'gradient_clip_val': 0.37999948571699954, 'hidden_size': 76, 'dropout': 0.16247074022726357, 'hidden_continuous_size': 61, 'attention_head_size': 4, 'learning_rate': 0.01185212827438446}. Best is trial 121 with value: 32.462249755859375.
LOCAL_RANK: 0 - CUDA_VISIBLE_DEVICES: [0]
[I 2023-11-30 07:27:27,551] Trial 123 finished with value: 37.48295211791992 and parameters: {'gradient_clip_val': 0.3733383720446144, 'hidden_size': 75, 'dropout': 0.16401386217521693, 'hidden_continuous_size': 60, 'attention_head_size': 4, 'learning_rate': 0.008841156549542187}. Best is trial 121 with value: 32.462249755859375.
LOCAL_RANK: 0 - CUDA_VISIBLE_DEVICES: [0]
[I 2023-11-30 07:27:41,139] Trial 124 finished with value: 38.79091262817383 and parameters: {'gradient_clip_val': 0.3829671942844531, 'hidden_size': 88, 'dropout': 0.14182827300176232, 'hidden_continuous_size': 55, 'attention_head_size': 4, 'learning_rate': 0.012198582512550737}. Best is trial 121 with value: 32.462249755859375.
LOCAL_RANK: 0 - CUDA_VISIBLE_DEVICES: [0]
[I 2023-11-30 07:27:54,869] Trial 125 finished with value: 36.08200454711914 and parameters: {'gradient_clip_val': 0.34328108663964224, 'hidden_size': 81, 'dropout': 0.15742613599423416, 'hidden_continuous_size': 51, 'attention_head_size': 4, 'learning_rate': 0.011470251026267725}. Best is trial 121 with value: 32.462249755859375.
LOCAL_RANK: 0 - CUDA_VISIBLE_DEVICES: [0]
[I 2023-11-30 07:28:08,582] Trial 126 finished with value: 37.481510162353516 and parameters: {'gradient_clip_val': 0.40713947616038315, 'hidden_size': 84, 'dropout': 0.13183540549160472, 'hidden_continuous_size': 61, 'attention_head_size': 4, 'learning_rate': 0.01406153803318302}. Best is trial 121 with value: 32.462249755859375.
LOCAL_RANK: 0 - CUDA_VISIBLE_DEVICES: [0]
[I 2023-11-30 07:28:22,175] Trial 127 finished with value: 38.28264617919922 and parameters: {'gradient_clip_val': 0.3551977154449843, 'hidden_size': 74, 'dropout': 0.13716920017169532, 'hidden_continuous_size': 59, 'attention_head_size': 4, 'learning_rate': 0.011047844736696493}. Best is trial 121 with value: 32.462249755859375.
LOCAL_RANK: 0 - CUDA_VISIBLE_DEVICES: [0]
[I 2023-11-30 07:28:35,851] Trial 128 finished with value: 32.05702590942383 and parameters: {'gradient_clip_val': 0.4043922774984098, 'hidden_size': 78, 'dropout': 0.14761962909983112, 'hidden_continuous_size': 56, 'attention_head_size': 4, 'learning_rate': 0.012788427107927014}. Best is trial 128 with value: 32.05702590942383.
LOCAL_RANK: 0 - CUDA_VISIBLE_DEVICES: [0]
[I 2023-11-30 07:28:49,436] Trial 129 finished with value: 38.19996643066406 and parameters: {'gradient_clip_val': 0.41951482051259453, 'hidden_size': 78, 'dropout': 0.12371229006185783, 'hidden_continuous_size': 53, 'attention_head_size': 4, 'learning_rate': 0.00950713822970168}. Best is trial 128 with value: 32.05702590942383.
LOCAL_RANK: 0 - CUDA_VISIBLE_DEVICES: [0]
[I 2023-11-30 07:29:03,170] Trial 130 finished with value: 35.55966567993164 and parameters: {'gradient_clip_val': 0.3873167246154224, 'hidden_size': 82, 'dropout': 0.14696154407755121, 'hidden_continuous_size': 48, 'attention_head_size': 4, 'learning_rate': 0.012688058241580407}. Best is trial 128 with value: 32.05702590942383.
LOCAL_RANK: 0 - CUDA_VISIBLE_DEVICES: [0]
[I 2023-11-30 07:29:16,712] Trial 131 finished with value: 36.170284271240234 and parameters: {'gradient_clip_val': 0.3845569126567623, 'hidden_size': 71, 'dropout': 0.1488227807645325, 'hidden_continuous_size': 57, 'attention_head_size': 4, 'learning_rate': 0.012242877091400524}. Best is trial 128 with value: 32.05702590942383.
LOCAL_RANK: 0 - CUDA_VISIBLE_DEVICES: [0]
[I 2023-11-30 07:29:30,306] Trial 132 finished with value: 37.66630935668945 and parameters: {'gradient_clip_val': 0.4022038682166614, 'hidden_size': 81, 'dropout': 0.11561115644627473, 'hidden_continuous_size': 49, 'attention_head_size': 4, 'learning_rate': 0.013268638318423735}. Best is trial 128 with value: 32.05702590942383.
LOCAL_RANK: 0 - CUDA_VISIBLE_DEVICES: [0]
[I 2023-11-30 07:29:44,048] Trial 133 finished with value: 34.17477035522461 and parameters: {'gradient_clip_val': 0.35765307816476943, 'hidden_size': 90, 'dropout': 0.15400190270826675, 'hidden_continuous_size': 60, 'attention_head_size': 4, 'learning_rate': 0.010714786615040337}. Best is trial 128 with value: 32.05702590942383.
LOCAL_RANK: 0 - CUDA_VISIBLE_DEVICES: [0]
[I 2023-11-30 07:29:57,756] Trial 134 finished with value: 38.83545684814453 and parameters: {'gradient_clip_val': 0.3601568752834141, 'hidden_size': 89, 'dropout': 0.15151291012068804, 'hidden_continuous_size': 58, 'attention_head_size': 4, 'learning_rate': 0.01044220307690547}. Best is trial 128 with value: 32.05702590942383.
LOCAL_RANK: 0 - CUDA_VISIBLE_DEVICES: [0]
[I 2023-11-30 07:30:11,471] Trial 135 finished with value: 37.56419372558594 and parameters: {'gradient_clip_val': 0.3304681251754038, 'hidden_size': 84, 'dropout': 0.15967842342251576, 'hidden_continuous_size': 62, 'attention_head_size': 4, 'learning_rate': 0.009687468830910156}. Best is trial 128 with value: 32.05702590942383.
LOCAL_RANK: 0 - CUDA_VISIBLE_DEVICES: [0]
[I 2023-11-30 07:30:25,155] Trial 136 finished with value: 37.442630767822266 and parameters: {'gradient_clip_val': 0.43112360088021495, 'hidden_size': 77, 'dropout': 0.1418319230878468, 'hidden_continuous_size': 54, 'attention_head_size': 4, 'learning_rate': 0.012309548452899935}. Best is trial 128 with value: 32.05702590942383.
LOCAL_RANK: 0 - CUDA_VISIBLE_DEVICES: [0]
[I 2023-11-30 07:30:38,661] Trial 137 finished with value: 43.24656295776367 and parameters: {'gradient_clip_val': 0.38596635045138494, 'hidden_size': 100, 'dropout': 0.1615530129329356, 'hidden_continuous_size': 48, 'attention_head_size': 4, 'learning_rate': 0.01472815530501153}. Best is trial 128 with value: 32.05702590942383.
LOCAL_RANK: 0 - CUDA_VISIBLE_DEVICES: [0]
[I 2023-11-30 07:30:52,249] Trial 138 finished with value: 38.160091400146484 and parameters: {'gradient_clip_val': 0.35046610448607185, 'hidden_size': 71, 'dropout': 0.14859318585373052, 'hidden_continuous_size': 56, 'attention_head_size': 4, 'learning_rate': 0.011022667802191525}. Best is trial 128 with value: 32.05702590942383.
LOCAL_RANK: 0 - CUDA_VISIBLE_DEVICES: [0]
[I 2023-11-30 07:31:06,510] Trial 139 finished with value: 41.07126235961914 and parameters: {'gradient_clip_val': 0.3714437218138522, 'hidden_size': 150, 'dropout': 0.16862187316587124, 'hidden_continuous_size': 51, 'attention_head_size': 4, 'learning_rate': 0.008951963520671083}. Best is trial 128 with value: 32.05702590942383.
LOCAL_RANK: 0 - CUDA_VISIBLE_DEVICES: [0]
[I 2023-11-30 07:31:20,311] Trial 140 finished with value: 35.569087982177734 and parameters: {'gradient_clip_val': 0.3965097608402479, 'hidden_size': 90, 'dropout': 0.15513454440745736, 'hidden_continuous_size': 59, 'attention_head_size': 4, 'learning_rate': 0.012793606531313742}. Best is trial 128 with value: 32.05702590942383.
LOCAL_RANK: 0 - CUDA_VISIBLE_DEVICES: [0]
[I 2023-11-30 07:31:34,008] Trial 141 finished with value: 38.3932991027832 and parameters: {'gradient_clip_val': 0.39277828398369546, 'hidden_size': 92, 'dropout': 0.1552676224305951, 'hidden_continuous_size': 61, 'attention_head_size': 4, 'learning_rate': 0.014107917661112138}. Best is trial 128 with value: 32.05702590942383.
LOCAL_RANK: 0 - CUDA_VISIBLE_DEVICES: [0]
[I 2023-11-30 07:31:47,709] Trial 142 finished with value: 36.1119499206543 and parameters: {'gradient_clip_val': 0.41470526472359953, 'hidden_size': 87, 'dropout': 0.1371389431818702, 'hidden_continuous_size': 58, 'attention_head_size': 4, 'learning_rate': 0.012750143532676611}. Best is trial 128 with value: 32.05702590942383.
LOCAL_RANK: 0 - CUDA_VISIBLE_DEVICES: [0]
[I 2023-11-30 07:32:01,602] Trial 143 finished with value: 38.25546646118164 and parameters: {'gradient_clip_val': 0.4606245475681656, 'hidden_size': 82, 'dropout': 0.16654966222182618, 'hidden_continuous_size': 63, 'attention_head_size': 4, 'learning_rate': 0.01533512400712386}. Best is trial 128 with value: 32.05702590942383.
LOCAL_RANK: 0 - CUDA_VISIBLE_DEVICES: [0]
[I 2023-11-30 07:32:15,047] Trial 144 finished with value: 36.50094985961914 and parameters: {'gradient_clip_val': 0.32718049769307417, 'hidden_size': 65, 'dropout': 0.14624014788025727, 'hidden_continuous_size': 55, 'attention_head_size': 4, 'learning_rate': 0.008002426978187776}. Best is trial 128 with value: 32.05702590942383.
LOCAL_RANK: 0 - CUDA_VISIBLE_DEVICES: [0]
[I 2023-11-30 07:32:28,982] Trial 145 finished with value: 44.3314208984375 and parameters: {'gradient_clip_val': 0.3544925384834075, 'hidden_size': 75, 'dropout': 0.1546615729409465, 'hidden_continuous_size': 59, 'attention_head_size': 4, 'learning_rate': 0.010861633651736284}. Best is trial 128 with value: 32.05702590942383.
LOCAL_RANK: 0 - CUDA_VISIBLE_DEVICES: [0]
[I 2023-11-30 07:32:42,458] Trial 146 finished with value: 38.964290618896484 and parameters: {'gradient_clip_val': 0.42899205045976063, 'hidden_size': 68, 'dropout': 0.16436287455571794, 'hidden_continuous_size': 53, 'attention_head_size': 4, 'learning_rate': 0.009916369901562765}. Best is trial 128 with value: 32.05702590942383.
LOCAL_RANK: 0 - CUDA_VISIBLE_DEVICES: [0]
[I 2023-11-30 07:32:56,390] Trial 147 finished with value: 36.499210357666016 and parameters: {'gradient_clip_val': 0.3945538417758573, 'hidden_size': 97, 'dropout': 0.13272409748324276, 'hidden_continuous_size': 65, 'attention_head_size': 4, 'learning_rate': 0.013285119071961064}. Best is trial 128 with value: 32.05702590942383.
LOCAL_RANK: 0 - CUDA_VISIBLE_DEVICES: [0]
[I 2023-11-30 07:33:10,445] Trial 148 finished with value: 42.43308639526367 and parameters: {'gradient_clip_val': 0.3051449556532311, 'hidden_size': 91, 'dropout': 0.1417596529432666, 'hidden_continuous_size': 72, 'attention_head_size': 4, 'learning_rate': 0.011816085479094924}. Best is trial 128 with value: 32.05702590942383.
LOCAL_RANK: 0 - CUDA_VISIBLE_DEVICES: [0]
