[I 2023-11-30 03:10:04,278] Trial 129 finished with value: 2676.739013671875 and parameters: {'gradient_clip_val': 0.29755283188982784, 'hidden_size': 129, 'dropout': 0.35487292125182923, 'hidden_continuous_size': 45, 'attention_head_size': 3, 'learning_rate': 0.031568400671125825}. Best is trial 3 with value: 2148.797119140625.
LOCAL_RANK: 0 - CUDA_VISIBLE_DEVICES: [0]
[I 2023-11-30 03:10:17,999] Trial 130 finished with value: 2347.466064453125 and parameters: {'gradient_clip_val': 0.36614411845117895, 'hidden_size': 81, 'dropout': 0.3644996238071485, 'hidden_continuous_size': 35, 'attention_head_size': 2, 'learning_rate': 0.024526194796652946}. Best is trial 3 with value: 2148.797119140625.
LOCAL_RANK: 0 - CUDA_VISIBLE_DEVICES: [0]
[I 2023-11-30 03:10:31,973] Trial 131 finished with value: 2486.081298828125 and parameters: {'gradient_clip_val': 0.3410864822293561, 'hidden_size': 97, 'dropout': 0.3720852986191326, 'hidden_continuous_size': 40, 'attention_head_size': 3, 'learning_rate': 0.019842281846413613}. Best is trial 3 with value: 2148.797119140625.
LOCAL_RANK: 0 - CUDA_VISIBLE_DEVICES: [0]
[I 2023-11-30 03:10:45,827] Trial 132 finished with value: 2290.748291015625 and parameters: {'gradient_clip_val': 0.1234137342712491, 'hidden_size': 87, 'dropout': 0.31452167033842077, 'hidden_continuous_size': 37, 'attention_head_size': 3, 'learning_rate': 0.022242038043723898}. Best is trial 3 with value: 2148.797119140625.
LOCAL_RANK: 0 - CUDA_VISIBLE_DEVICES: [0]
[I 2023-11-30 03:10:59,839] Trial 133 finished with value: 3056.259765625 and parameters: {'gradient_clip_val': 0.10861540740986969, 'hidden_size': 105, 'dropout': 0.386195991360346, 'hidden_continuous_size': 33, 'attention_head_size': 3, 'learning_rate': 0.015039850479320632}. Best is trial 3 with value: 2148.797119140625.
LOCAL_RANK: 0 - CUDA_VISIBLE_DEVICES: [0]
[I 2023-11-30 03:11:14,204] Trial 134 finished with value: 2680.040283203125 and parameters: {'gradient_clip_val': 0.15034473230310622, 'hidden_size': 150, 'dropout': 0.3999885721263641, 'hidden_continuous_size': 23, 'attention_head_size': 4, 'learning_rate': 0.008377414003138722}. Best is trial 3 with value: 2148.797119140625.
LOCAL_RANK: 0 - CUDA_VISIBLE_DEVICES: [0]
[I 2023-11-30 03:11:28,476] Trial 135 finished with value: 2728.90673828125 and parameters: {'gradient_clip_val': 0.1571764713186643, 'hidden_size': 111, 'dropout': 0.34621464212804637, 'hidden_continuous_size': 47, 'attention_head_size': 3, 'learning_rate': 0.01808368878432988}. Best is trial 3 with value: 2148.797119140625.
LOCAL_RANK: 0 - CUDA_VISIBLE_DEVICES: [0]
[I 2023-11-30 03:11:42,567] Trial 136 finished with value: 2464.639404296875 and parameters: {'gradient_clip_val': 0.14083278927723247, 'hidden_size': 119, 'dropout': 0.359209471749807, 'hidden_continuous_size': 58, 'attention_head_size': 2, 'learning_rate': 0.026688233716399352}. Best is trial 3 with value: 2148.797119140625.
LOCAL_RANK: 0 - CUDA_VISIBLE_DEVICES: [0]
[I 2023-11-30 03:11:56,294] Trial 137 finished with value: 2702.564453125 and parameters: {'gradient_clip_val': 0.45482231335813716, 'hidden_size': 70, 'dropout': 0.30518958969684373, 'hidden_continuous_size': 44, 'attention_head_size': 4, 'learning_rate': 0.03653041503469275}. Best is trial 3 with value: 2148.797119140625.
LOCAL_RANK: 0 - CUDA_VISIBLE_DEVICES: [0]
[I 2023-11-30 03:12:09,959] Trial 138 finished with value: 2299.9150390625 and parameters: {'gradient_clip_val': 0.200640704020878, 'hidden_size': 101, 'dropout': 0.379576066589554, 'hidden_continuous_size': 19, 'attention_head_size': 3, 'learning_rate': 0.007527343746798231}. Best is trial 3 with value: 2148.797119140625.
LOCAL_RANK: 0 - CUDA_VISIBLE_DEVICES: [0]
[I 2023-11-30 03:12:23,825] Trial 139 finished with value: 2291.874267578125 and parameters: {'gradient_clip_val': 0.21889739733866592, 'hidden_size': 94, 'dropout': 0.3688114727157235, 'hidden_continuous_size': 41, 'attention_head_size': 2, 'learning_rate': 0.02098324966001472}. Best is trial 3 with value: 2148.797119140625.
LOCAL_RANK: 0 - CUDA_VISIBLE_DEVICES: [0]
[I 2023-11-30 03:12:37,892] Trial 140 finished with value: 2755.612548828125 and parameters: {'gradient_clip_val': 0.10454256548205615, 'hidden_size': 108, 'dropout': 0.32344839219027144, 'hidden_continuous_size': 31, 'attention_head_size': 3, 'learning_rate': 0.029921637228430394}. Best is trial 3 with value: 2148.797119140625.
LOCAL_RANK: 0 - CUDA_VISIBLE_DEVICES: [0]
[I 2023-11-30 03:12:51,615] Trial 141 finished with value: 2556.436767578125 and parameters: {'gradient_clip_val': 0.12499127536843745, 'hidden_size': 87, 'dropout': 0.3168417182842877, 'hidden_continuous_size': 37, 'attention_head_size': 3, 'learning_rate': 0.022821010099534612}. Best is trial 3 with value: 2148.797119140625.
LOCAL_RANK: 0 - CUDA_VISIBLE_DEVICES: [0]
[I 2023-11-30 03:13:05,436] Trial 142 finished with value: 2680.700439453125 and parameters: {'gradient_clip_val': 0.12096886886979641, 'hidden_size': 85, 'dropout': 0.3117417045756779, 'hidden_continuous_size': 36, 'attention_head_size': 3, 'learning_rate': 0.01947947883436258}. Best is trial 3 with value: 2148.797119140625.
LOCAL_RANK: 0 - CUDA_VISIBLE_DEVICES: [0]
[I 2023-11-30 03:13:19,292] Trial 143 finished with value: 2656.045654296875 and parameters: {'gradient_clip_val': 0.11308312498018297, 'hidden_size': 89, 'dropout': 0.2953154202109481, 'hidden_continuous_size': 39, 'attention_head_size': 3, 'learning_rate': 0.022375250886115663}. Best is trial 3 with value: 2148.797119140625.
LOCAL_RANK: 0 - CUDA_VISIBLE_DEVICES: [0]
[I 2023-11-30 03:13:33,183] Trial 144 finished with value: 2851.149169921875 and parameters: {'gradient_clip_val': 0.13590287820827793, 'hidden_size': 100, 'dropout': 0.22136721607851034, 'hidden_continuous_size': 33, 'attention_head_size': 3, 'learning_rate': 0.016290912214298205}. Best is trial 3 with value: 2148.797119140625.
LOCAL_RANK: 0 - CUDA_VISIBLE_DEVICES: [0]
[I 2023-11-30 03:13:46,985] Trial 145 finished with value: 3117.621826171875 and parameters: {'gradient_clip_val': 0.12777394591138924, 'hidden_size': 76, 'dropout': 0.31043658770388954, 'hidden_continuous_size': 38, 'attention_head_size': 3, 'learning_rate': 0.025278190201686687}. Best is trial 3 with value: 2148.797119140625.
LOCAL_RANK: 0 - CUDA_VISIBLE_DEVICES: [0]
[I 2023-11-30 03:14:00,859] Trial 146 finished with value: 3061.25 and parameters: {'gradient_clip_val': 0.11614994222325792, 'hidden_size': 96, 'dropout': 0.3292618499151183, 'hidden_continuous_size': 42, 'attention_head_size': 4, 'learning_rate': 0.009984869535901372}. Best is trial 3 with value: 2148.797119140625.
LOCAL_RANK: 0 - CUDA_VISIBLE_DEVICES: [0]
[I 2023-11-30 03:14:14,904] Trial 147 finished with value: 2399.9345703125 and parameters: {'gradient_clip_val': 0.14706525655160985, 'hidden_size': 117, 'dropout': 0.31972240353782383, 'hidden_continuous_size': 35, 'attention_head_size': 3, 'learning_rate': 0.021497680541613294}. Best is trial 3 with value: 2148.797119140625.
LOCAL_RANK: 0 - CUDA_VISIBLE_DEVICES: [0]
[I 2023-11-30 03:14:28,420] Trial 148 finished with value: 2600.941650390625 and parameters: {'gradient_clip_val': 0.2595134177776988, 'hidden_size': 83, 'dropout': 0.2602920196186183, 'hidden_continuous_size': 21, 'attention_head_size': 3, 'learning_rate': 0.012831395841535637}. Best is trial 3 with value: 2148.797119140625.
LOCAL_RANK: 0 - CUDA_VISIBLE_DEVICES: [0]
[I 2023-11-30 03:14:42,406] Trial 149 finished with value: 2463.804443359375 and parameters: {'gradient_clip_val': 0.17907732366005621, 'hidden_size': 105, 'dropout': 0.37858076861093864, 'hidden_continuous_size': 30, 'attention_head_size': 4, 'learning_rate': 0.005650104551504893}. Best is trial 3 with value: 2148.797119140625.
[I 2023-11-30 03:14:42,517] A new study created in memory with name: no-name-43dfe774-b345-4500-b0a9-6a4ce1e51019
/home/le004/conda/anaconda3/envs/tsff_env/lib/python3.9/site-packages/lightning/fabric/plugins/environments/slurm.py:191: The `srun` command is available on your system but is not used. HINT: If your intention is to run Lightning on SLURM, prepend your python command with `srun` like so: srun python /home/le004/master_thesis/git/TSFusionForecast/code/ ...
LOCAL_RANK: 0 - CUDA_VISIBLE_DEVICES: [0]
[I 2023-11-30 03:14:53,105] Trial 0 finished with value: 4241.51806640625 and parameters: {'gradient_clip_val': 0.11845609595257274, 'hidden_size': 11, 'dropout': 0.2704419280095983, 'hidden_continuous_size': 11, 'attention_head_size': 3, 'learning_rate': 0.006141153010654663}. Best is trial 0 with value: 4241.51806640625.
LOCAL_RANK: 0 - CUDA_VISIBLE_DEVICES: [0]
[I 2023-11-30 03:15:05,215] Trial 1 finished with value: 2843.202392578125 and parameters: {'gradient_clip_val': 0.1291762236824747, 'hidden_size': 16, 'dropout': 0.13955530540777958, 'hidden_continuous_size': 15, 'attention_head_size': 3, 'learning_rate': 0.004071308198548989}. Best is trial 1 with value: 2843.202392578125.
LOCAL_RANK: 0 - CUDA_VISIBLE_DEVICES: [0]
[I 2023-11-30 03:15:17,059] Trial 2 finished with value: 2136.12109375 and parameters: {'gradient_clip_val': 0.2266358719538484, 'hidden_size': 11, 'dropout': 0.19332655698943624, 'hidden_continuous_size': 10, 'attention_head_size': 1, 'learning_rate': 0.03995498294434796}. Best is trial 2 with value: 2136.12109375.
LOCAL_RANK: 0 - CUDA_VISIBLE_DEVICES: [0]
[I 2023-11-30 03:15:27,450] Trial 3 finished with value: 1550.6475830078125 and parameters: {'gradient_clip_val': 0.19348407845499296, 'hidden_size': 14, 'dropout': 0.13106018542791198, 'hidden_continuous_size': 14, 'attention_head_size': 4, 'learning_rate': 0.04867954436614069}. Best is trial 3 with value: 1550.6475830078125.
LOCAL_RANK: 0 - CUDA_VISIBLE_DEVICES: [0]
[I 2023-11-30 03:15:39,666] Trial 4 finished with value: 1413.14453125 and parameters: {'gradient_clip_val': 0.3572685308209953, 'hidden_size': 21, 'dropout': 0.14679074037828582, 'hidden_continuous_size': 10, 'attention_head_size': 4, 'learning_rate': 0.03711043413776551}. Best is trial 4 with value: 1413.14453125.
LOCAL_RANK: 0 - CUDA_VISIBLE_DEVICES: [0]
[I 2023-11-30 03:15:52,552] Trial 5 finished with value: 3097.256591796875 and parameters: {'gradient_clip_val': 0.6552015651270385, 'hidden_size': 64, 'dropout': 0.33970639678111586, 'hidden_continuous_size': 12, 'attention_head_size': 1, 'learning_rate': 0.0015114927588757328}. Best is trial 4 with value: 1413.14453125.
LOCAL_RANK: 0 - CUDA_VISIBLE_DEVICES: [0]
[I 2023-11-30 03:16:02,831] Trial 6 finished with value: 1542.0380859375 and parameters: {'gradient_clip_val': 0.1405402174868213, 'hidden_size': 10, 'dropout': 0.2785546979454407, 'hidden_continuous_size': 10, 'attention_head_size': 3, 'learning_rate': 0.013984303524127505}. Best is trial 4 with value: 1413.14453125.
LOCAL_RANK: 0 - CUDA_VISIBLE_DEVICES: [0]
[I 2023-11-30 03:16:14,973] Trial 7 finished with value: 3276.639892578125 and parameters: {'gradient_clip_val': 0.34682024188138105, 'hidden_size': 17, 'dropout': 0.13239207215828186, 'hidden_continuous_size': 14, 'attention_head_size': 1, 'learning_rate': 0.00522869032259831}. Best is trial 4 with value: 1413.14453125.
LOCAL_RANK: 0 - CUDA_VISIBLE_DEVICES: [0]
[I 2023-11-30 03:16:27,503] Trial 8 finished with value: 1382.0244140625 and parameters: {'gradient_clip_val': 0.39068121889333074, 'hidden_size': 37, 'dropout': 0.29160820268645593, 'hidden_continuous_size': 11, 'attention_head_size': 2, 'learning_rate': 0.006583284602765601}. Best is trial 8 with value: 1382.0244140625.
LOCAL_RANK: 0 - CUDA_VISIBLE_DEVICES: [0]
[I 2023-11-30 03:16:40,975] Trial 9 finished with value: 1647.7513427734375 and parameters: {'gradient_clip_val': 0.6666186752956562, 'hidden_size': 68, 'dropout': 0.11868698484635881, 'hidden_continuous_size': 39, 'attention_head_size': 3, 'learning_rate': 0.028505318938974053}. Best is trial 8 with value: 1382.0244140625.
LOCAL_RANK: 0 - CUDA_VISIBLE_DEVICES: [0]
[I 2023-11-30 03:16:55,799] Trial 10 finished with value: 1797.4927978515625 and parameters: {'gradient_clip_val': 0.978048621637838, 'hidden_size': 139, 'dropout': 0.3903280869327593, 'hidden_continuous_size': 104, 'attention_head_size': 2, 'learning_rate': 0.09594198966897527}. Best is trial 8 with value: 1382.0244140625.
LOCAL_RANK: 0 - CUDA_VISIBLE_DEVICES: [0]
[I 2023-11-30 03:17:08,193] Trial 11 finished with value: 1282.84423828125 and parameters: {'gradient_clip_val': 0.3527016182621927, 'hidden_size': 26, 'dropout': 0.2106979426091402, 'hidden_continuous_size': 10, 'attention_head_size': 4, 'learning_rate': 0.015166287150990146}. Best is trial 11 with value: 1282.84423828125.
LOCAL_RANK: 0 - CUDA_VISIBLE_DEVICES: [0]
[I 2023-11-30 03:17:20,609] Trial 12 finished with value: 1443.3160400390625 and parameters: {'gradient_clip_val': 0.4206416049956297, 'hidden_size': 29, 'dropout': 0.21589258315363832, 'hidden_continuous_size': 12, 'attention_head_size': 2, 'learning_rate': 0.012263856702045035}. Best is trial 11 with value: 1282.84423828125.
LOCAL_RANK: 0 - CUDA_VISIBLE_DEVICES: [0]
[I 2023-11-30 03:17:33,094] Trial 13 finished with value: 1462.5277099609375 and parameters: {'gradient_clip_val': 0.25876704982839077, 'hidden_size': 36, 'dropout': 0.24477842055334353, 'hidden_continuous_size': 17, 'attention_head_size': 2, 'learning_rate': 0.01708865119613179}. Best is trial 11 with value: 1282.84423828125.
LOCAL_RANK: 0 - CUDA_VISIBLE_DEVICES: [0]
[I 2023-11-30 03:17:45,480] Trial 14 finished with value: 2362.803466796875 and parameters: {'gradient_clip_val': 0.4364129142590265, 'hidden_size': 25, 'dropout': 0.3210898942907418, 'hidden_continuous_size': 11, 'attention_head_size': 4, 'learning_rate': 0.007719327035250308}. Best is trial 11 with value: 1282.84423828125.
LOCAL_RANK: 0 - CUDA_VISIBLE_DEVICES: [0]
[I 2023-11-30 03:17:58,512] Trial 15 finished with value: 2013.5556640625 and parameters: {'gradient_clip_val': 0.31480776968335844, 'hidden_size': 42, 'dropout': 0.20980182529427707, 'hidden_continuous_size': 19, 'attention_head_size': 2, 'learning_rate': 0.0035898294943521305}. Best is trial 11 with value: 1282.84423828125.
LOCAL_RANK: 0 - CUDA_VISIBLE_DEVICES: [0]
[I 2023-11-30 03:18:10,718] Trial 16 finished with value: 2224.536376953125 and parameters: {'gradient_clip_val': 0.18307818841355955, 'hidden_size': 22, 'dropout': 0.18503861823569975, 'hidden_continuous_size': 10, 'attention_head_size': 4, 'learning_rate': 0.009201736091855862}. Best is trial 11 with value: 1282.84423828125.
LOCAL_RANK: 0 - CUDA_VISIBLE_DEVICES: [0]
[I 2023-11-30 03:18:23,160] Trial 17 finished with value: 1370.9959716796875 and parameters: {'gradient_clip_val': 0.4986328215324096, 'hidden_size': 34, 'dropout': 0.25261107363924895, 'hidden_continuous_size': 12, 'attention_head_size': 3, 'learning_rate': 0.01957733516994362}. Best is trial 11 with value: 1282.84423828125.
LOCAL_RANK: 0 - CUDA_VISIBLE_DEVICES: [0]
[I 2023-11-30 03:18:36,019] Trial 18 finished with value: 1390.2672119140625 and parameters: {'gradient_clip_val': 0.480730391957878, 'hidden_size': 47, 'dropout': 0.23270498346832655, 'hidden_continuous_size': 13, 'attention_head_size': 4, 'learning_rate': 0.021716530463298994}. Best is trial 11 with value: 1282.84423828125.
LOCAL_RANK: 0 - CUDA_VISIBLE_DEVICES: [0]
[I 2023-11-30 03:18:48,384] Trial 19 finished with value: 1362.3944091796875 and parameters: {'gradient_clip_val': 0.5374240909250573, 'hidden_size': 30, 'dropout': 0.16914464000068824, 'hidden_continuous_size': 12, 'attention_head_size': 3, 'learning_rate': 0.019928111994447884}. Best is trial 11 with value: 1282.84423828125.
LOCAL_RANK: 0 - CUDA_VISIBLE_DEVICES: [0]
[I 2023-11-30 03:19:00,913] Trial 20 finished with value: 1492.0709228515625 and parameters: {'gradient_clip_val': 0.2601101456276094, 'hidden_size': 27, 'dropout': 0.17847530117479365, 'hidden_continuous_size': 11, 'attention_head_size': 4, 'learning_rate': 0.013322731363966145}. Best is trial 11 with value: 1282.84423828125.
LOCAL_RANK: 0 - CUDA_VISIBLE_DEVICES: [0]
[I 2023-11-30 03:19:13,211] Trial 21 finished with value: 1556.6651611328125 and parameters: {'gradient_clip_val': 0.5129501295543397, 'hidden_size': 30, 'dropout': 0.16956599147919585, 'hidden_continuous_size': 12, 'attention_head_size': 3, 'learning_rate': 0.0228165244942863}. Best is trial 11 with value: 1282.84423828125.
LOCAL_RANK: 0 - CUDA_VISIBLE_DEVICES: [0]
[I 2023-11-30 03:19:25,429] Trial 22 finished with value: 1350.841796875 and parameters: {'gradient_clip_val': 0.6121132470204637, 'hidden_size': 21, 'dropout': 0.20542868109400678, 'hidden_continuous_size': 11, 'attention_head_size': 3, 'learning_rate': 0.018720345208580687}. Best is trial 11 with value: 1282.84423828125.
LOCAL_RANK: 0 - CUDA_VISIBLE_DEVICES: [0]
[I 2023-11-30 03:19:37,371] Trial 23 finished with value: 1770.2694091796875 and parameters: {'gradient_clip_val': 0.5729755861296039, 'hidden_size': 20, 'dropout': 0.10473901484770044, 'hidden_continuous_size': 10, 'attention_head_size': 3, 'learning_rate': 0.009413639039547742}. Best is trial 11 with value: 1282.84423828125.
LOCAL_RANK: 0 - CUDA_VISIBLE_DEVICES: [0]
[I 2023-11-30 03:19:49,429] Trial 24 finished with value: 1374.2855224609375 and parameters: {'gradient_clip_val': 0.7813502515709475, 'hidden_size': 24, 'dropout': 0.1615139946555193, 'hidden_continuous_size': 11, 'attention_head_size': 3, 'learning_rate': 0.013865989107785507}. Best is trial 11 with value: 1282.84423828125.
LOCAL_RANK: 0 - CUDA_VISIBLE_DEVICES: [0]
[I 2023-11-30 03:20:01,841] Trial 25 finished with value: 1395.6474609375 and parameters: {'gradient_clip_val': 0.5783231336659448, 'hidden_size': 18, 'dropout': 0.22699389777646725, 'hidden_continuous_size': 10, 'attention_head_size': 4, 'learning_rate': 0.02814094131619051}. Best is trial 11 with value: 1282.84423828125.
LOCAL_RANK: 0 - CUDA_VISIBLE_DEVICES: [0]
[I 2023-11-30 03:20:14,056] Trial 26 finished with value: 1703.7467041015625 and parameters: {'gradient_clip_val': 0.4230540152719583, 'hidden_size': 14, 'dropout': 0.19494952499583282, 'hidden_continuous_size': 11, 'attention_head_size': 3, 'learning_rate': 0.010388227244607074}. Best is trial 11 with value: 1282.84423828125.
LOCAL_RANK: 0 - CUDA_VISIBLE_DEVICES: [0]
[I 2023-11-30 03:20:26,542] Trial 27 finished with value: 1259.3363037109375 and parameters: {'gradient_clip_val': 0.7832683538343886, 'hidden_size': 25, 'dropout': 0.15927675398584995, 'hidden_continuous_size': 13, 'attention_head_size': 4, 'learning_rate': 0.01699081693364321}. Best is trial 27 with value: 1259.3363037109375.
LOCAL_RANK: 0 - CUDA_VISIBLE_DEVICES: [0]
[I 2023-11-30 03:20:38,859] Trial 28 finished with value: 1253.7799072265625 and parameters: {'gradient_clip_val': 0.8610560248933113, 'hidden_size': 23, 'dropout': 0.2051124738950255, 'hidden_continuous_size': 13, 'attention_head_size': 4, 'learning_rate': 0.015345796614338828}. Best is trial 28 with value: 1253.7799072265625.
LOCAL_RANK: 0 - CUDA_VISIBLE_DEVICES: [0]
[I 2023-11-30 03:20:51,020] Trial 29 finished with value: 2279.720703125 and parameters: {'gradient_clip_val': 0.9237756210195421, 'hidden_size': 24, 'dropout': 0.15046101262549746, 'hidden_continuous_size': 13, 'attention_head_size': 4, 'learning_rate': 0.00811327744294299}. Best is trial 28 with value: 1253.7799072265625.
LOCAL_RANK: 0 - CUDA_VISIBLE_DEVICES: [0]
[I 2023-11-30 03:21:03,479] Trial 30 finished with value: 3515.946044921875 and parameters: {'gradient_clip_val': 0.7960927491194455, 'hidden_size': 13, 'dropout': 0.1871769307176603, 'hidden_continuous_size': 10, 'attention_head_size': 4, 'learning_rate': 0.011016495373531762}. Best is trial 28 with value: 1253.7799072265625.
LOCAL_RANK: 0 - CUDA_VISIBLE_DEVICES: [0]
[I 2023-11-30 03:21:15,864] Trial 31 finished with value: 1505.5228271484375 and parameters: {'gradient_clip_val': 0.8069298038529091, 'hidden_size': 19, 'dropout': 0.20066261645314987, 'hidden_continuous_size': 11, 'attention_head_size': 4, 'learning_rate': 0.017692366389506373}. Best is trial 28 with value: 1253.7799072265625.
LOCAL_RANK: 0 - CUDA_VISIBLE_DEVICES: [0]
[I 2023-11-30 03:21:28,222] Trial 32 finished with value: 1805.3775634765625 and parameters: {'gradient_clip_val': 0.6873141859063413, 'hidden_size': 21, 'dropout': 0.21379082048470496, 'hidden_continuous_size': 13, 'attention_head_size': 4, 'learning_rate': 0.015038721425894155}. Best is trial 28 with value: 1253.7799072265625.
LOCAL_RANK: 0 - CUDA_VISIBLE_DEVICES: [0]
[I 2023-11-30 03:21:40,414] Trial 33 finished with value: 1888.2816162109375 and parameters: {'gradient_clip_val': 0.9948464173003022, 'hidden_size': 19, 'dropout': 0.1571594002650562, 'hidden_continuous_size': 11, 'attention_head_size': 4, 'learning_rate': 0.011932981147875795}. Best is trial 28 with value: 1253.7799072265625.
LOCAL_RANK: 0 - CUDA_VISIBLE_DEVICES: [0]
[I 2023-11-30 03:21:52,448] Trial 34 finished with value: 1202.0245361328125 and parameters: {'gradient_clip_val': 0.6307610424039218, 'hidden_size': 16, 'dropout': 0.2033367702331496, 'hidden_continuous_size': 10, 'attention_head_size': 4, 'learning_rate': 0.02804478674965024}. Best is trial 34 with value: 1202.0245361328125.
LOCAL_RANK: 0 - CUDA_VISIBLE_DEVICES: [0]
[I 2023-11-30 03:22:04,524] Trial 35 finished with value: 1473.8602294921875 and parameters: {'gradient_clip_val': 0.7593107198822896, 'hidden_size': 16, 'dropout': 0.23016971755727697, 'hidden_continuous_size': 10, 'attention_head_size': 4, 'learning_rate': 0.027245229032015}. Best is trial 34 with value: 1202.0245361328125.
LOCAL_RANK: 0 - CUDA_VISIBLE_DEVICES: [0]
[I 2023-11-30 03:22:16,490] Trial 36 finished with value: 1308.5765380859375 and parameters: {'gradient_clip_val': 0.8681085336663762, 'hidden_size': 16, 'dropout': 0.1789276818372729, 'hidden_continuous_size': 10, 'attention_head_size': 4, 'learning_rate': 0.037507451158502396}. Best is trial 34 with value: 1202.0245361328125.
LOCAL_RANK: 0 - CUDA_VISIBLE_DEVICES: [0]
