[I 2023-11-30 09:09:46,843] Trial 16 finished with value: 38.828887939453125 and parameters: {'gradient_clip_val': 0.7436728234233999, 'hidden_size': 104, 'dropout': 0.3150438103212655, 'hidden_continuous_size': 41, 'attention_head_size': 2, 'learning_rate': 0.09500776821337108}. Best is trial 16 with value: 38.828887939453125.
LOCAL_RANK: 0 - CUDA_VISIBLE_DEVICES: [0]
[I 2023-11-30 09:09:59,771] Trial 17 finished with value: 47.13623046875 and parameters: {'gradient_clip_val': 0.9998700114446526, 'hidden_size': 63, 'dropout': 0.30102009999830837, 'hidden_continuous_size': 35, 'attention_head_size': 1, 'learning_rate': 0.08556736609830604}. Best is trial 16 with value: 38.828887939453125.
LOCAL_RANK: 0 - CUDA_VISIBLE_DEVICES: [0]
[I 2023-11-30 09:10:13,710] Trial 18 finished with value: 51.481204986572266 and parameters: {'gradient_clip_val': 0.7372216839497638, 'hidden_size': 100, 'dropout': 0.22082162157662796, 'hidden_continuous_size': 40, 'attention_head_size': 4, 'learning_rate': 0.054377818850548466}. Best is trial 16 with value: 38.828887939453125.
LOCAL_RANK: 0 - CUDA_VISIBLE_DEVICES: [0]
[I 2023-11-30 09:10:27,452] Trial 19 finished with value: 37.4054069519043 and parameters: {'gradient_clip_val': 0.5380152214481407, 'hidden_size': 99, 'dropout': 0.3062435391012759, 'hidden_continuous_size': 43, 'attention_head_size': 2, 'learning_rate': 0.09467070692864703}. Best is trial 19 with value: 37.4054069519043.
LOCAL_RANK: 0 - CUDA_VISIBLE_DEVICES: [0]
[I 2023-11-30 09:10:41,124] Trial 20 finished with value: 35.25838851928711 and parameters: {'gradient_clip_val': 0.55810012424198, 'hidden_size': 107, 'dropout': 0.30450208757668934, 'hidden_continuous_size': 41, 'attention_head_size': 2, 'learning_rate': 0.017527873791775672}. Best is trial 20 with value: 35.25838851928711.
LOCAL_RANK: 0 - CUDA_VISIBLE_DEVICES: [0]
[I 2023-11-30 09:10:54,836] Trial 21 finished with value: 44.26582717895508 and parameters: {'gradient_clip_val': 0.5418195625924721, 'hidden_size': 111, 'dropout': 0.3061099695655595, 'hidden_continuous_size': 40, 'attention_head_size': 2, 'learning_rate': 0.01666604113337371}. Best is trial 20 with value: 35.25838851928711.
LOCAL_RANK: 0 - CUDA_VISIBLE_DEVICES: [0]
[I 2023-11-30 09:11:08,443] Trial 22 finished with value: 43.82732009887695 and parameters: {'gradient_clip_val': 0.5128415699867909, 'hidden_size': 106, 'dropout': 0.2990197684066985, 'hidden_continuous_size': 24, 'attention_head_size': 2, 'learning_rate': 0.04454424954775076}. Best is trial 20 with value: 35.25838851928711.
LOCAL_RANK: 0 - CUDA_VISIBLE_DEVICES: [0]
[I 2023-11-30 09:11:21,633] Trial 23 finished with value: 60.2774772644043 and parameters: {'gradient_clip_val': 0.6330377712698266, 'hidden_size': 62, 'dropout': 0.2684190014282792, 'hidden_continuous_size': 34, 'attention_head_size': 1, 'learning_rate': 0.04218746199315869}. Best is trial 20 with value: 35.25838851928711.
LOCAL_RANK: 0 - CUDA_VISIBLE_DEVICES: [0]
[I 2023-11-30 09:11:35,217] Trial 24 finished with value: 40.211299896240234 and parameters: {'gradient_clip_val': 0.3337877677485452, 'hidden_size': 89, 'dropout': 0.3159635604759656, 'hidden_continuous_size': 45, 'attention_head_size': 2, 'learning_rate': 0.0634383626534972}. Best is trial 20 with value: 35.25838851928711.
LOCAL_RANK: 0 - CUDA_VISIBLE_DEVICES: [0]
[I 2023-11-30 09:11:48,802] Trial 25 finished with value: 39.51626205444336 and parameters: {'gradient_clip_val': 0.7371261438023758, 'hidden_size': 97, 'dropout': 0.2873083603472992, 'hidden_continuous_size': 38, 'attention_head_size': 2, 'learning_rate': 0.09475947422738619}. Best is trial 20 with value: 35.25838851928711.
LOCAL_RANK: 0 - CUDA_VISIBLE_DEVICES: [0]
[I 2023-11-30 09:12:02,709] Trial 26 finished with value: 45.3747444152832 and parameters: {'gradient_clip_val': 0.552550011568363, 'hidden_size': 125, 'dropout': 0.32532945796368484, 'hidden_continuous_size': 65, 'attention_head_size': 1, 'learning_rate': 0.016395773986413006}. Best is trial 20 with value: 35.25838851928711.
LOCAL_RANK: 0 - CUDA_VISIBLE_DEVICES: [0]
[I 2023-11-30 09:12:17,103] Trial 27 finished with value: 40.7888069152832 and parameters: {'gradient_clip_val': 0.4322492759617128, 'hidden_size': 147, 'dropout': 0.25008349145996445, 'hidden_continuous_size': 65, 'attention_head_size': 2, 'learning_rate': 0.06416607008981455}. Best is trial 20 with value: 35.25838851928711.
LOCAL_RANK: 0 - CUDA_VISIBLE_DEVICES: [0]
[I 2023-11-30 09:12:30,378] Trial 28 finished with value: 35.36903762817383 and parameters: {'gradient_clip_val': 0.7987321053482437, 'hidden_size': 71, 'dropout': 0.3545398280860378, 'hidden_continuous_size': 30, 'attention_head_size': 2, 'learning_rate': 0.04543758557771409}. Best is trial 20 with value: 35.25838851928711.
LOCAL_RANK: 0 - CUDA_VISIBLE_DEVICES: [0]
[I 2023-11-30 09:12:43,278] Trial 29 finished with value: 37.377201080322266 and parameters: {'gradient_clip_val': 0.47541993524653975, 'hidden_size': 71, 'dropout': 0.3561943145411595, 'hidden_continuous_size': 30, 'attention_head_size': 1, 'learning_rate': 0.029127954957468432}. Best is trial 20 with value: 35.25838851928711.
LOCAL_RANK: 0 - CUDA_VISIBLE_DEVICES: [0]
[I 2023-11-30 09:12:56,088] Trial 30 finished with value: 56.91997146606445 and parameters: {'gradient_clip_val': 0.49032566402733163, 'hidden_size': 60, 'dropout': 0.3481926599146827, 'hidden_continuous_size': 29, 'attention_head_size': 1, 'learning_rate': 0.02524618631150021}. Best is trial 20 with value: 35.25838851928711.
LOCAL_RANK: 0 - CUDA_VISIBLE_DEVICES: [0]
[I 2023-11-30 09:13:09,195] Trial 31 finished with value: 39.001399993896484 and parameters: {'gradient_clip_val': 0.6040676355288164, 'hidden_size': 70, 'dropout': 0.3645455888214841, 'hidden_continuous_size': 32, 'attention_head_size': 1, 'learning_rate': 0.04301432309714069}. Best is trial 20 with value: 35.25838851928711.
LOCAL_RANK: 0 - CUDA_VISIBLE_DEVICES: [0]
[I 2023-11-30 09:13:22,477] Trial 32 finished with value: 41.628475189208984 and parameters: {'gradient_clip_val': 0.38155732842187534, 'hidden_size': 75, 'dropout': 0.35393127068885577, 'hidden_continuous_size': 31, 'attention_head_size': 2, 'learning_rate': 0.03239431078203642}. Best is trial 20 with value: 35.25838851928711.
LOCAL_RANK: 0 - CUDA_VISIBLE_DEVICES: [0]
[I 2023-11-30 09:13:35,594] Trial 33 finished with value: 43.94645690917969 and parameters: {'gradient_clip_val': 0.47964038259600766, 'hidden_size': 69, 'dropout': 0.33492427135610914, 'hidden_continuous_size': 27, 'attention_head_size': 3, 'learning_rate': 0.04753713908326237}. Best is trial 20 with value: 35.25838851928711.
LOCAL_RANK: 0 - CUDA_VISIBLE_DEVICES: [0]
[I 2023-11-30 09:13:48,460] Trial 34 finished with value: 40.263240814208984 and parameters: {'gradient_clip_val': 0.5886802377022605, 'hidden_size': 55, 'dropout': 0.36025089596151844, 'hidden_continuous_size': 35, 'attention_head_size': 1, 'learning_rate': 0.02146691271596841}. Best is trial 20 with value: 35.25838851928711.
LOCAL_RANK: 0 - CUDA_VISIBLE_DEVICES: [0]
[I 2023-11-30 09:14:01,762] Trial 35 finished with value: 61.53303909301758 and parameters: {'gradient_clip_val': 0.47108382608282096, 'hidden_size': 92, 'dropout': 0.33869284191615, 'hidden_continuous_size': 24, 'attention_head_size': 3, 'learning_rate': 0.03298943130792928}. Best is trial 20 with value: 35.25838851928711.
LOCAL_RANK: 0 - CUDA_VISIBLE_DEVICES: [0]
[I 2023-11-30 09:14:15,543] Trial 36 finished with value: 45.94766616821289 and parameters: {'gradient_clip_val': 0.34050004269037437, 'hidden_size': 120, 'dropout': 0.3725656984400383, 'hidden_continuous_size': 47, 'attention_head_size': 2, 'learning_rate': 0.07019070527830966}. Best is trial 20 with value: 35.25838851928711.
LOCAL_RANK: 0 - CUDA_VISIBLE_DEVICES: [0]
[I 2023-11-30 09:14:28,512] Trial 37 finished with value: 49.36252975463867 and parameters: {'gradient_clip_val': 0.29923857317993885, 'hidden_size': 50, 'dropout': 0.3523652125416721, 'hidden_continuous_size': 31, 'attention_head_size': 3, 'learning_rate': 0.03717492663133692}. Best is trial 20 with value: 35.25838851928711.
LOCAL_RANK: 0 - CUDA_VISIBLE_DEVICES: [0]
[I 2023-11-30 09:14:41,524] Trial 38 finished with value: 40.3466911315918 and parameters: {'gradient_clip_val': 0.5588566329485214, 'hidden_size': 71, 'dropout': 0.29234444325244135, 'hidden_continuous_size': 26, 'attention_head_size': 1, 'learning_rate': 0.050080966800100817}. Best is trial 20 with value: 35.25838851928711.
LOCAL_RANK: 0 - CUDA_VISIBLE_DEVICES: [0]
[I 2023-11-30 09:14:54,125] Trial 39 finished with value: 38.76158142089844 and parameters: {'gradient_clip_val': 0.8387754913182032, 'hidden_size': 43, 'dropout': 0.3190122882227308, 'hidden_continuous_size': 29, 'attention_head_size': 2, 'learning_rate': 0.0693207560538581}. Best is trial 20 with value: 35.25838851928711.
LOCAL_RANK: 0 - CUDA_VISIBLE_DEVICES: [0]
[I 2023-11-30 09:15:06,493] Trial 40 finished with value: 64.91312408447266 and parameters: {'gradient_clip_val': 0.6608364237756015, 'hidden_size': 36, 'dropout': 0.33847559324317317, 'hidden_continuous_size': 21, 'attention_head_size': 3, 'learning_rate': 0.013338212048582421}. Best is trial 20 with value: 35.25838851928711.
LOCAL_RANK: 0 - CUDA_VISIBLE_DEVICES: [0]
[I 2023-11-30 09:15:18,987] Trial 41 finished with value: 38.77803421020508 and parameters: {'gradient_clip_val': 0.8577128092019515, 'hidden_size': 41, 'dropout': 0.3168980132996241, 'hidden_continuous_size': 28, 'attention_head_size': 2, 'learning_rate': 0.07302079435438431}. Best is trial 20 with value: 35.25838851928711.
LOCAL_RANK: 0 - CUDA_VISIBLE_DEVICES: [0]
[I 2023-11-30 09:15:32,431] Trial 42 finished with value: 49.66218566894531 and parameters: {'gradient_clip_val': 0.8661355912054634, 'hidden_size': 81, 'dropout': 0.2797801341466508, 'hidden_continuous_size': 36, 'attention_head_size': 2, 'learning_rate': 0.030694298502895154}. Best is trial 20 with value: 35.25838851928711.
LOCAL_RANK: 0 - CUDA_VISIBLE_DEVICES: [0]
[I 2023-11-30 09:15:45,201] Trial 43 finished with value: 36.72470474243164 and parameters: {'gradient_clip_val': 0.6658756108973906, 'hidden_size': 56, 'dropout': 0.37509548909028123, 'hidden_continuous_size': 29, 'attention_head_size': 2, 'learning_rate': 0.060757781183295306}. Best is trial 20 with value: 35.25838851928711.
LOCAL_RANK: 0 - CUDA_VISIBLE_DEVICES: [0]
[I 2023-11-30 09:15:58,296] Trial 44 finished with value: 37.019683837890625 and parameters: {'gradient_clip_val': 0.6549539934494596, 'hidden_size': 93, 'dropout': 0.3796583026715912, 'hidden_continuous_size': 21, 'attention_head_size': 2, 'learning_rate': 0.03817659840457976}. Best is trial 20 with value: 35.25838851928711.
LOCAL_RANK: 0 - CUDA_VISIBLE_DEVICES: [0]
[I 2023-11-30 09:16:11,405] Trial 45 finished with value: 45.11457824707031 and parameters: {'gradient_clip_val': 0.6702680161451844, 'hidden_size': 86, 'dropout': 0.38097032478395254, 'hidden_continuous_size': 21, 'attention_head_size': 1, 'learning_rate': 0.026685787008784052}. Best is trial 20 with value: 35.25838851928711.
LOCAL_RANK: 0 - CUDA_VISIBLE_DEVICES: [0]
[I 2023-11-30 09:16:24,131] Trial 46 finished with value: 48.23404312133789 and parameters: {'gradient_clip_val': 0.6787006599213641, 'hidden_size': 56, 'dropout': 0.3800860824271459, 'hidden_continuous_size': 31, 'attention_head_size': 3, 'learning_rate': 0.03868568988121493}. Best is trial 20 with value: 35.25838851928711.
LOCAL_RANK: 0 - CUDA_VISIBLE_DEVICES: [0]
[I 2023-11-30 09:16:37,364] Trial 47 finished with value: 47.11198043823242 and parameters: {'gradient_clip_val': 0.6150731595459189, 'hidden_size': 76, 'dropout': 0.36792941589456774, 'hidden_continuous_size': 20, 'attention_head_size': 2, 'learning_rate': 0.05139185445240272}. Best is trial 20 with value: 35.25838851928711.
LOCAL_RANK: 0 - CUDA_VISIBLE_DEVICES: [0]
[I 2023-11-30 09:16:50,449] Trial 48 finished with value: 54.32404708862305 and parameters: {'gradient_clip_val': 0.8004955673774207, 'hidden_size': 65, 'dropout': 0.3825130803483391, 'hidden_continuous_size': 24, 'attention_head_size': 2, 'learning_rate': 0.03582824209274953}. Best is trial 20 with value: 35.25838851928711.
LOCAL_RANK: 0 - CUDA_VISIBLE_DEVICES: [0]
[I 2023-11-30 09:17:03,311] Trial 49 finished with value: 58.76936721801758 and parameters: {'gradient_clip_val': 0.7019430168875145, 'hidden_size': 49, 'dropout': 0.3591548271163739, 'hidden_continuous_size': 33, 'attention_head_size': 1, 'learning_rate': 0.022775670584339287}. Best is trial 20 with value: 35.25838851928711.
LOCAL_RANK: 0 - CUDA_VISIBLE_DEVICES: [0]
[I 2023-11-30 09:17:17,202] Trial 50 finished with value: 45.58517837524414 and parameters: {'gradient_clip_val': 0.446140881698915, 'hidden_size': 122, 'dropout': 0.34572790713472584, 'hidden_continuous_size': 38, 'attention_head_size': 3, 'learning_rate': 0.028573111239779132}. Best is trial 20 with value: 35.25838851928711.
LOCAL_RANK: 0 - CUDA_VISIBLE_DEVICES: [0]
[I 2023-11-30 09:17:30,834] Trial 51 finished with value: 39.08729934692383 and parameters: {'gradient_clip_val': 0.5273907371617662, 'hidden_size': 97, 'dropout': 0.37400361675684823, 'hidden_continuous_size': 43, 'attention_head_size': 2, 'learning_rate': 0.05538731632088915}. Best is trial 20 with value: 35.25838851928711.
LOCAL_RANK: 0 - CUDA_VISIBLE_DEVICES: [0]
[I 2023-11-30 09:17:44,273] Trial 52 finished with value: 42.95106887817383 and parameters: {'gradient_clip_val': 0.5715171442378137, 'hidden_size': 86, 'dropout': 0.3644246269294285, 'hidden_continuous_size': 37, 'attention_head_size': 2, 'learning_rate': 0.06381942044761293}. Best is trial 20 with value: 35.25838851928711.
LOCAL_RANK: 0 - CUDA_VISIBLE_DEVICES: [0]
[I 2023-11-30 09:17:57,722] Trial 53 finished with value: 34.58664321899414 and parameters: {'gradient_clip_val': 0.5044691569247775, 'hidden_size': 77, 'dropout': 0.3305362990288107, 'hidden_continuous_size': 43, 'attention_head_size': 2, 'learning_rate': 0.08504336654133449}. Best is trial 53 with value: 34.58664321899414.
LOCAL_RANK: 0 - CUDA_VISIBLE_DEVICES: [0]
[I 2023-11-30 09:18:10,859] Trial 54 finished with value: 39.18867874145508 and parameters: {'gradient_clip_val': 0.7780723051029635, 'hidden_size': 77, 'dropout': 0.34669061381826954, 'hidden_continuous_size': 34, 'attention_head_size': 2, 'learning_rate': 0.07599576486467204}. Best is trial 53 with value: 34.58664321899414.
LOCAL_RANK: 0 - CUDA_VISIBLE_DEVICES: [0]
[I 2023-11-30 09:18:24,555] Trial 55 finished with value: 40.09504318237305 and parameters: {'gradient_clip_val': 0.49804001291144145, 'hidden_size': 108, 'dropout': 0.38714143103054344, 'hidden_continuous_size': 49, 'attention_head_size': 2, 'learning_rate': 0.04467336682495097}. Best is trial 53 with value: 34.58664321899414.
LOCAL_RANK: 0 - CUDA_VISIBLE_DEVICES: [0]
[I 2023-11-30 09:18:37,613] Trial 56 finished with value: 41.56221389770508 and parameters: {'gradient_clip_val': 0.7051849905381155, 'hidden_size': 67, 'dropout': 0.37279434309036014, 'hidden_continuous_size': 30, 'attention_head_size': 2, 'learning_rate': 0.057001914698293736}. Best is trial 53 with value: 34.58664321899414.
LOCAL_RANK: 0 - CUDA_VISIBLE_DEVICES: [0]
[I 2023-11-30 09:18:50,773] Trial 57 finished with value: 51.68829345703125 and parameters: {'gradient_clip_val': 0.6134836124856458, 'hidden_size': 59, 'dropout': 0.32924873520698433, 'hidden_continuous_size': 27, 'attention_head_size': 2, 'learning_rate': 0.038377979415911256}. Best is trial 53 with value: 34.58664321899414.
LOCAL_RANK: 0 - CUDA_VISIBLE_DEVICES: [0]
[I 2023-11-30 09:19:04,206] Trial 58 finished with value: 40.39342498779297 and parameters: {'gradient_clip_val': 0.9169488574494649, 'hidden_size': 92, 'dropout': 0.35672307525420566, 'hidden_continuous_size': 40, 'attention_head_size': 3, 'learning_rate': 0.02977134917773143}. Best is trial 53 with value: 34.58664321899414.
LOCAL_RANK: 0 - CUDA_VISIBLE_DEVICES: [0]
[I 2023-11-30 09:19:17,484] Trial 59 finished with value: 37.31199645996094 and parameters: {'gradient_clip_val': 0.4135091550589193, 'hidden_size': 82, 'dropout': 0.3912431109387406, 'hidden_continuous_size': 33, 'attention_head_size': 2, 'learning_rate': 0.08239078371540962}. Best is trial 53 with value: 34.58664321899414.
LOCAL_RANK: 0 - CUDA_VISIBLE_DEVICES: [0]
[I 2023-11-30 09:19:31,234] Trial 60 finished with value: 37.126914978027344 and parameters: {'gradient_clip_val': 0.7827052894648578, 'hidden_size': 129, 'dropout': 0.39600044920360084, 'hidden_continuous_size': 17, 'attention_head_size': 2, 'learning_rate': 0.08350949150901049}. Best is trial 53 with value: 34.58664321899414.
LOCAL_RANK: 0 - CUDA_VISIBLE_DEVICES: [0]
[I 2023-11-30 09:19:44,866] Trial 61 finished with value: 48.46718215942383 and parameters: {'gradient_clip_val': 0.7432382415671575, 'hidden_size': 131, 'dropout': 0.396938189888359, 'hidden_continuous_size': 16, 'attention_head_size': 2, 'learning_rate': 0.08187790392639747}. Best is trial 53 with value: 34.58664321899414.
LOCAL_RANK: 0 - CUDA_VISIBLE_DEVICES: [0]
[I 2023-11-30 09:19:58,425] Trial 62 finished with value: 40.18619155883789 and parameters: {'gradient_clip_val': 0.6478922266157295, 'hidden_size': 111, 'dropout': 0.3993300110303673, 'hidden_continuous_size': 19, 'attention_head_size': 2, 'learning_rate': 0.0997064573407081}. Best is trial 53 with value: 34.58664321899414.
LOCAL_RANK: 0 - CUDA_VISIBLE_DEVICES: [0]
[I 2023-11-30 09:20:11,929] Trial 63 finished with value: 45.16460037231445 and parameters: {'gradient_clip_val': 0.7936527508138703, 'hidden_size': 132, 'dropout': 0.38804877513393626, 'hidden_continuous_size': 13, 'attention_head_size': 2, 'learning_rate': 0.08222666051896214}. Best is trial 53 with value: 34.58664321899414.
LOCAL_RANK: 0 - CUDA_VISIBLE_DEVICES: [0]
[I 2023-11-30 09:20:25,589] Trial 64 finished with value: 51.9575309753418 and parameters: {'gradient_clip_val': 0.9119162523084399, 'hidden_size': 115, 'dropout': 0.38541501292845315, 'hidden_continuous_size': 42, 'attention_head_size': 2, 'learning_rate': 0.05970605657185256}. Best is trial 53 with value: 34.58664321899414.
LOCAL_RANK: 0 - CUDA_VISIBLE_DEVICES: [0]
[I 2023-11-30 09:20:38,951] Trial 65 finished with value: 39.08219909667969 and parameters: {'gradient_clip_val': 0.4178574611487281, 'hidden_size': 81, 'dropout': 0.3764347424933745, 'hidden_continuous_size': 33, 'attention_head_size': 2, 'learning_rate': 0.08316544766889987}. Best is trial 53 with value: 34.58664321899414.
LOCAL_RANK: 0 - CUDA_VISIBLE_DEVICES: [0]
[I 2023-11-30 09:20:52,331] Trial 66 finished with value: 39.72770309448242 and parameters: {'gradient_clip_val': 0.5243038966000588, 'hidden_size': 104, 'dropout': 0.36700395149066917, 'hidden_continuous_size': 37, 'attention_head_size': 2, 'learning_rate': 0.06815597387676729}. Best is trial 53 with value: 34.58664321899414.
LOCAL_RANK: 0 - CUDA_VISIBLE_DEVICES: [0]
[I 2023-11-30 09:21:05,691] Trial 67 finished with value: 46.440887451171875 and parameters: {'gradient_clip_val': 0.7087856604365765, 'hidden_size': 96, 'dropout': 0.3885122107557482, 'hidden_continuous_size': 39, 'attention_head_size': 2, 'learning_rate': 0.04990169954321697}. Best is trial 53 with value: 34.58664321899414.
LOCAL_RANK: 0 - CUDA_VISIBLE_DEVICES: [0]
[I 2023-11-30 09:21:19,494] Trial 68 finished with value: 45.75056838989258 and parameters: {'gradient_clip_val': 0.5737003077068927, 'hidden_size': 148, 'dropout': 0.34296653196114646, 'hidden_continuous_size': 26, 'attention_head_size': 2, 'learning_rate': 0.06137917975944514}. Best is trial 53 with value: 34.58664321899414.
LOCAL_RANK: 0 - CUDA_VISIBLE_DEVICES: [0]
[I 2023-11-30 09:21:32,893] Trial 69 finished with value: 38.7796745300293 and parameters: {'gradient_clip_val': 0.6291913082502277, 'hidden_size': 88, 'dropout': 0.32948029190834976, 'hidden_continuous_size': 35, 'attention_head_size': 2, 'learning_rate': 0.07451736795240742}. Best is trial 53 with value: 34.58664321899414.
LOCAL_RANK: 0 - CUDA_VISIBLE_DEVICES: [0]
[I 2023-11-30 09:21:46,703] Trial 70 finished with value: 35.433380126953125 and parameters: {'gradient_clip_val': 0.39905409129603153, 'hidden_size': 105, 'dropout': 0.36477166521789167, 'hidden_continuous_size': 50, 'attention_head_size': 2, 'learning_rate': 0.09319652844667936}. Best is trial 53 with value: 34.58664321899414.
LOCAL_RANK: 0 - CUDA_VISIBLE_DEVICES: [0]
[I 2023-11-30 09:22:00,291] Trial 71 finished with value: 46.048580169677734 and parameters: {'gradient_clip_val': 0.45405987483712024, 'hidden_size': 102, 'dropout': 0.36689791197646393, 'hidden_continuous_size': 51, 'attention_head_size': 2, 'learning_rate': 0.09320720479971814}. Best is trial 53 with value: 34.58664321899414.
LOCAL_RANK: 0 - CUDA_VISIBLE_DEVICES: [0]
[I 2023-11-30 09:22:14,037] Trial 72 finished with value: 41.42643356323242 and parameters: {'gradient_clip_val': 0.39043175358811394, 'hidden_size': 117, 'dropout': 0.39877735908313827, 'hidden_continuous_size': 45, 'attention_head_size': 2, 'learning_rate': 0.09134970243529218}. Best is trial 53 with value: 34.58664321899414.
LOCAL_RANK: 0 - CUDA_VISIBLE_DEVICES: [0]
[I 2023-11-30 09:22:27,863] Trial 73 finished with value: 41.777008056640625 and parameters: {'gradient_clip_val': 0.4135904564997555, 'hidden_size': 127, 'dropout': 0.37864971229570354, 'hidden_continuous_size': 47, 'attention_head_size': 2, 'learning_rate': 0.07768432566623436}. Best is trial 53 with value: 34.58664321899414.
LOCAL_RANK: 0 - CUDA_VISIBLE_DEVICES: [0]
[I 2023-11-30 09:22:41,196] Trial 74 finished with value: 37.439971923828125 and parameters: {'gradient_clip_val': 0.49658225567867686, 'hidden_size': 74, 'dropout': 0.352147128737207, 'hidden_continuous_size': 41, 'attention_head_size': 2, 'learning_rate': 0.0539199349046464}. Best is trial 53 with value: 34.58664321899414.
LOCAL_RANK: 0 - CUDA_VISIBLE_DEVICES: [0]
