[I 2023-11-30 01:27:46,169] Trial 111 finished with value: 139.3606719970703 and parameters: {'gradient_clip_val': 0.17243782353789602, 'hidden_size': 17, 'dropout': 0.24058632342768452, 'hidden_continuous_size': 11, 'attention_head_size': 4, 'learning_rate': 0.04569348541429129}. Best is trial 25 with value: 115.630126953125.
LOCAL_RANK: 0 - CUDA_VISIBLE_DEVICES: [0]
[I 2023-11-30 01:27:58,655] Trial 112 finished with value: 116.2928695678711 and parameters: {'gradient_clip_val': 0.1634085653176872, 'hidden_size': 15, 'dropout': 0.22862675102509195, 'hidden_continuous_size': 11, 'attention_head_size': 4, 'learning_rate': 0.0522149941660972}. Best is trial 25 with value: 115.630126953125.
LOCAL_RANK: 0 - CUDA_VISIBLE_DEVICES: [0]
[I 2023-11-30 01:28:10,749] Trial 113 finished with value: 127.90816497802734 and parameters: {'gradient_clip_val': 0.1650711657102437, 'hidden_size': 15, 'dropout': 0.231816467235994, 'hidden_continuous_size': 11, 'attention_head_size': 4, 'learning_rate': 0.03670331394547774}. Best is trial 25 with value: 115.630126953125.
LOCAL_RANK: 0 - CUDA_VISIBLE_DEVICES: [0]
[I 2023-11-30 01:28:22,903] Trial 114 finished with value: 162.1274871826172 and parameters: {'gradient_clip_val': 0.1476109275990897, 'hidden_size': 20, 'dropout': 0.20595050738816406, 'hidden_continuous_size': 15, 'attention_head_size': 4, 'learning_rate': 0.05284950536842148}. Best is trial 25 with value: 115.630126953125.
LOCAL_RANK: 0 - CUDA_VISIBLE_DEVICES: [0]
[I 2023-11-30 01:28:35,107] Trial 115 finished with value: 126.70313262939453 and parameters: {'gradient_clip_val': 0.17982804428271296, 'hidden_size': 17, 'dropout': 0.21509113700056146, 'hidden_continuous_size': 11, 'attention_head_size': 4, 'learning_rate': 0.06188413134138869}. Best is trial 25 with value: 115.630126953125.
LOCAL_RANK: 0 - CUDA_VISIBLE_DEVICES: [0]
[I 2023-11-30 01:28:47,445] Trial 116 finished with value: 129.8408660888672 and parameters: {'gradient_clip_val': 0.20040449775920788, 'hidden_size': 19, 'dropout': 0.1992043116856641, 'hidden_continuous_size': 10, 'attention_head_size': 4, 'learning_rate': 0.03084149057699875}. Best is trial 25 with value: 115.630126953125.
LOCAL_RANK: 0 - CUDA_VISIBLE_DEVICES: [0]
[I 2023-11-30 01:29:00,085] Trial 117 finished with value: 140.34776306152344 and parameters: {'gradient_clip_val': 0.22002297245742627, 'hidden_size': 21, 'dropout': 0.2190644913963901, 'hidden_continuous_size': 16, 'attention_head_size': 4, 'learning_rate': 0.040348370398108964}. Best is trial 25 with value: 115.630126953125.
LOCAL_RANK: 0 - CUDA_VISIBLE_DEVICES: [0]
[I 2023-11-30 01:29:12,204] Trial 118 finished with value: 139.90638732910156 and parameters: {'gradient_clip_val': 0.1573948058716729, 'hidden_size': 16, 'dropout': 0.1900978687136903, 'hidden_continuous_size': 14, 'attention_head_size': 4, 'learning_rate': 0.05469073959533529}. Best is trial 25 with value: 115.630126953125.
LOCAL_RANK: 0 - CUDA_VISIBLE_DEVICES: [0]
[I 2023-11-30 01:29:24,277] Trial 119 finished with value: 145.8982391357422 and parameters: {'gradient_clip_val': 0.16537803720894176, 'hidden_size': 15, 'dropout': 0.22786639456979135, 'hidden_continuous_size': 11, 'attention_head_size': 4, 'learning_rate': 0.079629919107883}. Best is trial 25 with value: 115.630126953125.
LOCAL_RANK: 0 - CUDA_VISIBLE_DEVICES: [0]
[I 2023-11-30 01:29:36,731] Trial 120 finished with value: 139.9246368408203 and parameters: {'gradient_clip_val': 0.1892583268716032, 'hidden_size': 23, 'dropout': 0.20971338443931603, 'hidden_continuous_size': 17, 'attention_head_size': 4, 'learning_rate': 0.043512443461725156}. Best is trial 25 with value: 115.630126953125.
LOCAL_RANK: 0 - CUDA_VISIBLE_DEVICES: [0]
[I 2023-11-30 01:29:49,255] Trial 121 finished with value: 139.33738708496094 and parameters: {'gradient_clip_val': 0.14745753630224748, 'hidden_size': 27, 'dropout': 0.2524162637788608, 'hidden_continuous_size': 19, 'attention_head_size': 4, 'learning_rate': 0.04789672282538646}. Best is trial 25 with value: 115.630126953125.
LOCAL_RANK: 0 - CUDA_VISIBLE_DEVICES: [0]
[I 2023-11-30 01:30:01,652] Trial 122 finished with value: 118.1856689453125 and parameters: {'gradient_clip_val': 0.17558433601068638, 'hidden_size': 14, 'dropout': 0.24830944492798301, 'hidden_continuous_size': 11, 'attention_head_size': 3, 'learning_rate': 0.03564086814683931}. Best is trial 25 with value: 115.630126953125.
LOCAL_RANK: 0 - CUDA_VISIBLE_DEVICES: [0]
[I 2023-11-30 01:30:13,973] Trial 123 finished with value: 139.8925018310547 and parameters: {'gradient_clip_val': 0.17455489331814106, 'hidden_size': 18, 'dropout': 0.23664236930423477, 'hidden_continuous_size': 11, 'attention_head_size': 4, 'learning_rate': 0.033392848227297905}. Best is trial 25 with value: 115.630126953125.
LOCAL_RANK: 0 - CUDA_VISIBLE_DEVICES: [0]
[I 2023-11-30 01:30:26,062] Trial 124 finished with value: 117.77213287353516 and parameters: {'gradient_clip_val': 0.19803607744709092, 'hidden_size': 14, 'dropout': 0.24782166011181875, 'hidden_continuous_size': 10, 'attention_head_size': 3, 'learning_rate': 0.03811085507323814}. Best is trial 25 with value: 115.630126953125.
LOCAL_RANK: 0 - CUDA_VISIBLE_DEVICES: [0]
[I 2023-11-30 01:30:38,212] Trial 125 finished with value: 132.78091430664062 and parameters: {'gradient_clip_val': 0.21210275874197906, 'hidden_size': 13, 'dropout': 0.24538301513968086, 'hidden_continuous_size': 10, 'attention_head_size': 3, 'learning_rate': 0.038992195567082735}. Best is trial 25 with value: 115.630126953125.
LOCAL_RANK: 0 - CUDA_VISIBLE_DEVICES: [0]
[I 2023-11-30 01:30:50,410] Trial 126 finished with value: 113.073486328125 and parameters: {'gradient_clip_val': 0.19555413691260717, 'hidden_size': 14, 'dropout': 0.24891616337923095, 'hidden_continuous_size': 10, 'attention_head_size': 3, 'learning_rate': 0.06889557210470183}. Best is trial 126 with value: 113.073486328125.
LOCAL_RANK: 0 - CUDA_VISIBLE_DEVICES: [0]
[I 2023-11-30 01:31:02,467] Trial 127 finished with value: 139.0696258544922 and parameters: {'gradient_clip_val': 0.20514573607662256, 'hidden_size': 14, 'dropout': 0.25990701238998054, 'hidden_continuous_size': 10, 'attention_head_size': 3, 'learning_rate': 0.0706374768256592}. Best is trial 126 with value: 113.073486328125.
LOCAL_RANK: 0 - CUDA_VISIBLE_DEVICES: [0]
[I 2023-11-30 01:31:14,436] Trial 128 finished with value: 127.76155853271484 and parameters: {'gradient_clip_val': 0.19521456316053176, 'hidden_size': 12, 'dropout': 0.2506423385302023, 'hidden_continuous_size': 10, 'attention_head_size': 3, 'learning_rate': 0.06131287479150287}. Best is trial 126 with value: 113.073486328125.
LOCAL_RANK: 0 - CUDA_VISIBLE_DEVICES: [0]
[I 2023-11-30 01:31:26,450] Trial 129 finished with value: 126.22798919677734 and parameters: {'gradient_clip_val': 0.17942992963732982, 'hidden_size': 14, 'dropout': 0.23806100344302172, 'hidden_continuous_size': 10, 'attention_head_size': 3, 'learning_rate': 0.08976437268137342}. Best is trial 126 with value: 113.073486328125.
LOCAL_RANK: 0 - CUDA_VISIBLE_DEVICES: [0]
[I 2023-11-30 01:31:38,613] Trial 130 finished with value: 126.71035766601562 and parameters: {'gradient_clip_val': 0.22916064469576297, 'hidden_size': 15, 'dropout': 0.24763925712102527, 'hidden_continuous_size': 10, 'attention_head_size': 3, 'learning_rate': 0.052341644817232726}. Best is trial 126 with value: 113.073486328125.
LOCAL_RANK: 0 - CUDA_VISIBLE_DEVICES: [0]
[I 2023-11-30 01:31:50,814] Trial 131 finished with value: 130.73439025878906 and parameters: {'gradient_clip_val': 0.16726215295117114, 'hidden_size': 13, 'dropout': 0.22873747465933186, 'hidden_continuous_size': 11, 'attention_head_size': 3, 'learning_rate': 0.036087520835001614}. Best is trial 126 with value: 113.073486328125.
LOCAL_RANK: 0 - CUDA_VISIBLE_DEVICES: [0]
[I 2023-11-30 01:32:02,772] Trial 132 finished with value: 137.2255401611328 and parameters: {'gradient_clip_val': 0.15618775663512732, 'hidden_size': 16, 'dropout': 0.23420125797898783, 'hidden_continuous_size': 11, 'attention_head_size': 3, 'learning_rate': 0.04384348480727813}. Best is trial 126 with value: 113.073486328125.
LOCAL_RANK: 0 - CUDA_VISIBLE_DEVICES: [0]
[I 2023-11-30 01:32:15,062] Trial 133 finished with value: 139.58758544921875 and parameters: {'gradient_clip_val': 0.21737408249805942, 'hidden_size': 17, 'dropout': 0.25893568217381113, 'hidden_continuous_size': 11, 'attention_head_size': 3, 'learning_rate': 0.056161149177792996}. Best is trial 126 with value: 113.073486328125.
LOCAL_RANK: 0 - CUDA_VISIBLE_DEVICES: [0]
[I 2023-11-30 01:32:26,986] Trial 134 finished with value: 122.7977294921875 and parameters: {'gradient_clip_val': 0.19386318009729042, 'hidden_size': 16, 'dropout': 0.2242327520765592, 'hidden_continuous_size': 11, 'attention_head_size': 3, 'learning_rate': 0.0663560067798765}. Best is trial 126 with value: 113.073486328125.
LOCAL_RANK: 0 - CUDA_VISIBLE_DEVICES: [0]
[I 2023-11-30 01:32:39,076] Trial 135 finished with value: 139.55039978027344 and parameters: {'gradient_clip_val': 0.25696232282228365, 'hidden_size': 14, 'dropout': 0.2402429326337166, 'hidden_continuous_size': 10, 'attention_head_size': 3, 'learning_rate': 0.048832367569499185}. Best is trial 126 with value: 113.073486328125.
LOCAL_RANK: 0 - CUDA_VISIBLE_DEVICES: [0]
[I 2023-11-30 01:32:51,309] Trial 136 finished with value: 135.88075256347656 and parameters: {'gradient_clip_val': 0.16116008528899417, 'hidden_size': 15, 'dropout': 0.23167706255451304, 'hidden_continuous_size': 12, 'attention_head_size': 3, 'learning_rate': 0.04120511220270601}. Best is trial 126 with value: 113.073486328125.
LOCAL_RANK: 0 - CUDA_VISIBLE_DEVICES: [0]
[I 2023-11-30 01:33:03,155] Trial 137 finished with value: 126.20101165771484 and parameters: {'gradient_clip_val': 0.1413106981036275, 'hidden_size': 12, 'dropout': 0.24511014813172904, 'hidden_continuous_size': 11, 'attention_head_size': 3, 'learning_rate': 0.07931252509986722}. Best is trial 126 with value: 113.073486328125.
LOCAL_RANK: 0 - CUDA_VISIBLE_DEVICES: [0]
[I 2023-11-30 01:33:15,323] Trial 138 finished with value: 136.757080078125 and parameters: {'gradient_clip_val': 0.2320159219405482, 'hidden_size': 18, 'dropout': 0.2196266418718718, 'hidden_continuous_size': 13, 'attention_head_size': 3, 'learning_rate': 0.0295058876655511}. Best is trial 126 with value: 113.073486328125.
LOCAL_RANK: 0 - CUDA_VISIBLE_DEVICES: [0]
[I 2023-11-30 01:33:27,359] Trial 139 finished with value: 134.94810485839844 and parameters: {'gradient_clip_val': 0.24487573475957483, 'hidden_size': 14, 'dropout': 0.2562042535008559, 'hidden_continuous_size': 12, 'attention_head_size': 2, 'learning_rate': 0.037891748805602275}. Best is trial 126 with value: 113.073486328125.
LOCAL_RANK: 0 - CUDA_VISIBLE_DEVICES: [0]
[I 2023-11-30 01:33:39,249] Trial 140 finished with value: 149.05323791503906 and parameters: {'gradient_clip_val': 0.1511091356397738, 'hidden_size': 12, 'dropout': 0.2523540745095687, 'hidden_continuous_size': 11, 'attention_head_size': 3, 'learning_rate': 0.05819050985249686}. Best is trial 126 with value: 113.073486328125.
LOCAL_RANK: 0 - CUDA_VISIBLE_DEVICES: [0]
[I 2023-11-30 01:33:51,467] Trial 141 finished with value: 123.50077056884766 and parameters: {'gradient_clip_val': 0.18513468606971026, 'hidden_size': 16, 'dropout': 0.21018004317134328, 'hidden_continuous_size': 12, 'attention_head_size': 4, 'learning_rate': 0.03404173310080079}. Best is trial 126 with value: 113.073486328125.
LOCAL_RANK: 0 - CUDA_VISIBLE_DEVICES: [0]
[I 2023-11-30 01:34:03,767] Trial 142 finished with value: 135.0418243408203 and parameters: {'gradient_clip_val': 0.17046694387088235, 'hidden_size': 11, 'dropout': 0.22450813402498254, 'hidden_continuous_size': 10, 'attention_head_size': 4, 'learning_rate': 0.03095353664913375}. Best is trial 126 with value: 113.073486328125.
LOCAL_RANK: 0 - CUDA_VISIBLE_DEVICES: [0]
[I 2023-11-30 01:34:16,334] Trial 143 finished with value: 171.3987274169922 and parameters: {'gradient_clip_val': 0.18458375555288908, 'hidden_size': 30, 'dropout': 0.20478596576447664, 'hidden_continuous_size': 18, 'attention_head_size': 2, 'learning_rate': 0.043471453499642466}. Best is trial 126 with value: 113.073486328125.
LOCAL_RANK: 0 - CUDA_VISIBLE_DEVICES: [0]
[I 2023-11-30 01:34:28,556] Trial 144 finished with value: 141.6289825439453 and parameters: {'gradient_clip_val': 0.19857639885885014, 'hidden_size': 15, 'dropout': 0.23730948505983357, 'hidden_continuous_size': 14, 'attention_head_size': 4, 'learning_rate': 0.04975832499479789}. Best is trial 126 with value: 113.073486328125.
LOCAL_RANK: 0 - CUDA_VISIBLE_DEVICES: [0]
[I 2023-11-30 01:34:41,023] Trial 145 finished with value: 125.88016510009766 and parameters: {'gradient_clip_val': 0.17808005180965053, 'hidden_size': 19, 'dropout': 0.24130055861596064, 'hidden_continuous_size': 14, 'attention_head_size': 4, 'learning_rate': 0.035611023455392604}. Best is trial 126 with value: 113.073486328125.
LOCAL_RANK: 0 - CUDA_VISIBLE_DEVICES: [0]
[I 2023-11-30 01:34:53,509] Trial 146 finished with value: 147.0362091064453 and parameters: {'gradient_clip_val': 0.2103121479495251, 'hidden_size': 17, 'dropout': 0.21397345923881347, 'hidden_continuous_size': 15, 'attention_head_size': 3, 'learning_rate': 0.028130419141948252}. Best is trial 126 with value: 113.073486328125.
LOCAL_RANK: 0 - CUDA_VISIBLE_DEVICES: [0]
[I 2023-11-30 01:35:05,665] Trial 147 finished with value: 188.2900848388672 and parameters: {'gradient_clip_val': 0.16480491007367115, 'hidden_size': 20, 'dropout': 0.19762529272247506, 'hidden_continuous_size': 13, 'attention_head_size': 2, 'learning_rate': 0.07199759614385283}. Best is trial 126 with value: 113.073486328125.
LOCAL_RANK: 0 - CUDA_VISIBLE_DEVICES: [0]
[I 2023-11-30 01:35:17,933] Trial 148 finished with value: 200.4372100830078 and parameters: {'gradient_clip_val': 0.1914778702328871, 'hidden_size': 13, 'dropout': 0.23135074346895462, 'hidden_continuous_size': 11, 'attention_head_size': 4, 'learning_rate': 0.025297874597670682}. Best is trial 126 with value: 113.073486328125.
LOCAL_RANK: 0 - CUDA_VISIBLE_DEVICES: [0]
[I 2023-11-30 01:35:30,411] Trial 149 finished with value: 129.52734375 and parameters: {'gradient_clip_val': 0.2753522817641443, 'hidden_size': 25, 'dropout': 0.22042237626435654, 'hidden_continuous_size': 20, 'attention_head_size': 3, 'learning_rate': 0.0405698509058023}. Best is trial 126 with value: 113.073486328125.
[I 2023-11-30 01:35:30,538] A new study created in memory with name: no-name-4295089b-898e-4cff-80d7-36ddb3e9470b
/home/le004/conda/anaconda3/envs/tsff_env/lib/python3.9/site-packages/lightning/fabric/plugins/environments/slurm.py:191: The `srun` command is available on your system but is not used. HINT: If your intention is to run Lightning on SLURM, prepend your python command with `srun` like so: srun python /home/le004/master_thesis/git/TSFusionForecast/code/ ...
LOCAL_RANK: 0 - CUDA_VISIBLE_DEVICES: [0]
[I 2023-11-30 01:35:43,885] Trial 0 finished with value: 33.45146179199219 and parameters: {'gradient_clip_val': 0.5056771542836198, 'hidden_size': 85, 'dropout': 0.3802115216478026, 'hidden_continuous_size': 11, 'attention_head_size': 3, 'learning_rate': 0.005324036539270053}. Best is trial 0 with value: 33.45146179199219.
LOCAL_RANK: 0 - CUDA_VISIBLE_DEVICES: [0]
[I 2023-11-30 01:35:56,323] Trial 1 finished with value: 37.80869674682617 and parameters: {'gradient_clip_val': 0.9492124471540425, 'hidden_size': 24, 'dropout': 0.10633999654012669, 'hidden_continuous_size': 15, 'attention_head_size': 4, 'learning_rate': 0.018963364111686136}. Best is trial 0 with value: 33.45146179199219.
LOCAL_RANK: 0 - CUDA_VISIBLE_DEVICES: [0]
[I 2023-11-30 01:36:08,903] Trial 2 finished with value: 77.56136322021484 and parameters: {'gradient_clip_val': 0.74142996982374, 'hidden_size': 35, 'dropout': 0.289976950685209, 'hidden_continuous_size': 11, 'attention_head_size': 3, 'learning_rate': 0.0033832136661695574}. Best is trial 0 with value: 33.45146179199219.
LOCAL_RANK: 0 - CUDA_VISIBLE_DEVICES: [0]
[I 2023-11-30 01:36:21,762] Trial 3 finished with value: 56.18400192260742 and parameters: {'gradient_clip_val': 0.4634898541613516, 'hidden_size': 50, 'dropout': 0.23819572845976408, 'hidden_continuous_size': 11, 'attention_head_size': 4, 'learning_rate': 0.003339112395029386}. Best is trial 0 with value: 33.45146179199219.
LOCAL_RANK: 0 - CUDA_VISIBLE_DEVICES: [0]
[I 2023-11-30 01:36:34,461] Trial 4 finished with value: 38.88886260986328 and parameters: {'gradient_clip_val': 0.7250492152202758, 'hidden_size': 50, 'dropout': 0.2862129288084496, 'hidden_continuous_size': 13, 'attention_head_size': 2, 'learning_rate': 0.03612018255929783}. Best is trial 0 with value: 33.45146179199219.
LOCAL_RANK: 0 - CUDA_VISIBLE_DEVICES: [0]
[I 2023-11-30 01:36:48,368] Trial 5 finished with value: 38.0279655456543 and parameters: {'gradient_clip_val': 0.446467045552547, 'hidden_size': 124, 'dropout': 0.3337177201502288, 'hidden_continuous_size': 22, 'attention_head_size': 4, 'learning_rate': 0.0016071680597434408}. Best is trial 0 with value: 33.45146179199219.
LOCAL_RANK: 0 - CUDA_VISIBLE_DEVICES: [0]
[I 2023-11-30 01:37:02,542] Trial 6 finished with value: 37.474769592285156 and parameters: {'gradient_clip_val': 0.10909959413929902, 'hidden_size': 72, 'dropout': 0.34241112839335847, 'hidden_continuous_size': 69, 'attention_head_size': 4, 'learning_rate': 0.03749207027612187}. Best is trial 0 with value: 33.45146179199219.
LOCAL_RANK: 0 - CUDA_VISIBLE_DEVICES: [0]
[I 2023-11-30 01:37:15,195] Trial 7 finished with value: 37.665950775146484 and parameters: {'gradient_clip_val': 0.11901545624855683, 'hidden_size': 48, 'dropout': 0.15188038824553213, 'hidden_continuous_size': 16, 'attention_head_size': 1, 'learning_rate': 0.03925622155179381}. Best is trial 0 with value: 33.45146179199219.
LOCAL_RANK: 0 - CUDA_VISIBLE_DEVICES: [0]
[I 2023-11-30 01:37:27,405] Trial 8 finished with value: 53.5445671081543 and parameters: {'gradient_clip_val': 0.12077272344617829, 'hidden_size': 29, 'dropout': 0.39576317277188755, 'hidden_continuous_size': 14, 'attention_head_size': 1, 'learning_rate': 0.004578889639055029}. Best is trial 0 with value: 33.45146179199219.
LOCAL_RANK: 0 - CUDA_VISIBLE_DEVICES: [0]
[I 2023-11-30 01:37:37,639] Trial 9 finished with value: 132.0356903076172 and parameters: {'gradient_clip_val': 0.39862130108426436, 'hidden_size': 10, 'dropout': 0.10704908067714403, 'hidden_continuous_size': 10, 'attention_head_size': 3, 'learning_rate': 0.0013013040388715857}. Best is trial 0 with value: 33.45146179199219.
LOCAL_RANK: 0 - CUDA_VISIBLE_DEVICES: [0]
[I 2023-11-30 01:37:52,011] Trial 10 finished with value: 36.707767486572266 and parameters: {'gradient_clip_val': 0.25291992828114207, 'hidden_size': 150, 'dropout': 0.39285004885297936, 'hidden_continuous_size': 31, 'attention_head_size': 2, 'learning_rate': 0.09880548178481904}. Best is trial 0 with value: 33.45146179199219.
LOCAL_RANK: 0 - CUDA_VISIBLE_DEVICES: [0]
[I 2023-11-30 01:38:06,404] Trial 11 finished with value: 37.97160339355469 and parameters: {'gradient_clip_val': 0.2462704861679498, 'hidden_size': 150, 'dropout': 0.36438069208904034, 'hidden_continuous_size': 34, 'attention_head_size': 2, 'learning_rate': 0.08997384474591634}. Best is trial 0 with value: 33.45146179199219.
LOCAL_RANK: 0 - CUDA_VISIBLE_DEVICES: [0]
[I 2023-11-30 01:38:20,127] Trial 12 finished with value: 33.772212982177734 and parameters: {'gradient_clip_val': 0.2510605853153605, 'hidden_size': 98, 'dropout': 0.3997024937857925, 'hidden_continuous_size': 32, 'attention_head_size': 2, 'learning_rate': 0.009962433485077327}. Best is trial 0 with value: 33.45146179199219.
LOCAL_RANK: 0 - CUDA_VISIBLE_DEVICES: [0]
[I 2023-11-30 01:38:33,694] Trial 13 finished with value: 30.69474220275879 and parameters: {'gradient_clip_val': 0.18848892526338962, 'hidden_size': 89, 'dropout': 0.39261516538291447, 'hidden_continuous_size': 23, 'attention_head_size': 3, 'learning_rate': 0.009984932080690538}. Best is trial 13 with value: 30.69474220275879.
LOCAL_RANK: 0 - CUDA_VISIBLE_DEVICES: [0]
[I 2023-11-30 01:38:47,383] Trial 14 finished with value: 34.269527435302734 and parameters: {'gradient_clip_val': 0.17102203098717977, 'hidden_size': 84, 'dropout': 0.34912226277352426, 'hidden_continuous_size': 21, 'attention_head_size': 3, 'learning_rate': 0.008892426643578134}. Best is trial 13 with value: 30.69474220275879.
LOCAL_RANK: 0 - CUDA_VISIBLE_DEVICES: [0]
[I 2023-11-30 01:39:00,824] Trial 15 finished with value: 32.71142578125 and parameters: {'gradient_clip_val': 0.1632997758203487, 'hidden_size': 80, 'dropout': 0.3076203141890209, 'hidden_continuous_size': 19, 'attention_head_size': 3, 'learning_rate': 0.006597757457998358}. Best is trial 13 with value: 30.69474220275879.
LOCAL_RANK: 0 - CUDA_VISIBLE_DEVICES: [0]
[I 2023-11-30 01:39:14,512] Trial 16 finished with value: 34.49924087524414 and parameters: {'gradient_clip_val': 0.17823216688650567, 'hidden_size': 71, 'dropout': 0.3130614874249011, 'hidden_continuous_size': 19, 'attention_head_size': 3, 'learning_rate': 0.01531786507649454}. Best is trial 13 with value: 30.69474220275879.
LOCAL_RANK: 0 - CUDA_VISIBLE_DEVICES: [0]
[I 2023-11-30 01:39:28,615] Trial 17 finished with value: 34.11649703979492 and parameters: {'gradient_clip_val': 0.16879579500822908, 'hidden_size': 106, 'dropout': 0.253003103040751, 'hidden_continuous_size': 25, 'attention_head_size': 3, 'learning_rate': 0.007034255216407641}. Best is trial 13 with value: 30.69474220275879.
LOCAL_RANK: 0 - CUDA_VISIBLE_DEVICES: [0]
[I 2023-11-30 01:39:41,774] Trial 18 finished with value: 33.834774017333984 and parameters: {'gradient_clip_val': 0.14906695510858314, 'hidden_size': 63, 'dropout': 0.35946747213313096, 'hidden_continuous_size': 18, 'attention_head_size': 2, 'learning_rate': 0.01374435829794991}. Best is trial 13 with value: 30.69474220275879.
LOCAL_RANK: 0 - CUDA_VISIBLE_DEVICES: [0]
