[I 2023-11-30 05:39:20,822] Trial 80 finished with value: 881.9314575195312 and parameters: {'gradient_clip_val': 0.6757409089436659, 'hidden_size': 32, 'dropout': 0.20950723101488702, 'hidden_continuous_size': 11, 'attention_head_size': 2, 'learning_rate': 0.06390366005432059}. Best is trial 53 with value: 715.830810546875.
LOCAL_RANK: 0 - CUDA_VISIBLE_DEVICES: [0]
[I 2023-11-30 05:39:33,190] Trial 81 finished with value: 1072.4876708984375 and parameters: {'gradient_clip_val': 0.30184130273225873, 'hidden_size': 18, 'dropout': 0.21476215852602512, 'hidden_continuous_size': 11, 'attention_head_size': 3, 'learning_rate': 0.09056954402796913}. Best is trial 53 with value: 715.830810546875.
LOCAL_RANK: 0 - CUDA_VISIBLE_DEVICES: [0]
[I 2023-11-30 05:39:45,264] Trial 82 finished with value: 750.86279296875 and parameters: {'gradient_clip_val': 0.25355283323419686, 'hidden_size': 12, 'dropout': 0.22653908935864006, 'hidden_continuous_size': 11, 'attention_head_size': 2, 'learning_rate': 0.07474969436247497}. Best is trial 53 with value: 715.830810546875.
LOCAL_RANK: 0 - CUDA_VISIBLE_DEVICES: [0]
[I 2023-11-30 05:39:57,029] Trial 83 finished with value: 861.5603637695312 and parameters: {'gradient_clip_val': 0.2410513612220235, 'hidden_size': 12, 'dropout': 0.2592525189827751, 'hidden_continuous_size': 11, 'attention_head_size': 2, 'learning_rate': 0.05753700033875192}. Best is trial 53 with value: 715.830810546875.
LOCAL_RANK: 0 - CUDA_VISIBLE_DEVICES: [0]
[I 2023-11-30 05:40:07,466] Trial 84 finished with value: 952.5763549804688 and parameters: {'gradient_clip_val': 0.2565733813507943, 'hidden_size': 10, 'dropout': 0.22462346123342458, 'hidden_continuous_size': 10, 'attention_head_size': 2, 'learning_rate': 0.0741420778943817}. Best is trial 53 with value: 715.830810546875.
LOCAL_RANK: 0 - CUDA_VISIBLE_DEVICES: [0]
[I 2023-11-30 05:40:19,824] Trial 85 finished with value: 1031.2489013671875 and parameters: {'gradient_clip_val': 0.28220250555869963, 'hidden_size': 15, 'dropout': 0.24488802692761574, 'hidden_continuous_size': 12, 'attention_head_size': 2, 'learning_rate': 0.03752506283000137}. Best is trial 53 with value: 715.830810546875.
LOCAL_RANK: 0 - CUDA_VISIBLE_DEVICES: [0]
[I 2023-11-30 05:40:32,361] Trial 86 finished with value: 888.2233276367188 and parameters: {'gradient_clip_val': 0.2245675119907874, 'hidden_size': 38, 'dropout': 0.1965354967206521, 'hidden_continuous_size': 12, 'attention_head_size': 2, 'learning_rate': 0.054720619468036746}. Best is trial 53 with value: 715.830810546875.
LOCAL_RANK: 0 - CUDA_VISIBLE_DEVICES: [0]
[I 2023-11-30 05:40:45,112] Trial 87 finished with value: 782.1057739257812 and parameters: {'gradient_clip_val': 0.32019205558906105, 'hidden_size': 44, 'dropout': 0.18461587712286653, 'hidden_continuous_size': 22, 'attention_head_size': 1, 'learning_rate': 0.042938502020121526}. Best is trial 53 with value: 715.830810546875.
LOCAL_RANK: 0 - CUDA_VISIBLE_DEVICES: [0]
[I 2023-11-30 05:40:57,984] Trial 88 finished with value: 896.21923828125 and parameters: {'gradient_clip_val': 0.13415215215757878, 'hidden_size': 47, 'dropout': 0.23518892802842328, 'hidden_continuous_size': 24, 'attention_head_size': 1, 'learning_rate': 0.06770013109240451}. Best is trial 53 with value: 715.830810546875.
LOCAL_RANK: 0 - CUDA_VISIBLE_DEVICES: [0]
[I 2023-11-30 05:41:10,198] Trial 89 finished with value: 994.14697265625 and parameters: {'gradient_clip_val': 0.27390165003517825, 'hidden_size': 29, 'dropout': 0.20564943592297674, 'hidden_continuous_size': 10, 'attention_head_size': 1, 'learning_rate': 0.04507539638163546}. Best is trial 53 with value: 715.830810546875.
LOCAL_RANK: 0 - CUDA_VISIBLE_DEVICES: [0]
[I 2023-11-30 05:41:22,912] Trial 90 finished with value: 1029.4359130859375 and parameters: {'gradient_clip_val': 0.32919171297630634, 'hidden_size': 44, 'dropout': 0.26490722154836915, 'hidden_continuous_size': 21, 'attention_head_size': 1, 'learning_rate': 0.08395599663981594}. Best is trial 53 with value: 715.830810546875.
LOCAL_RANK: 0 - CUDA_VISIBLE_DEVICES: [0]
[I 2023-11-30 05:41:35,395] Trial 91 finished with value: 1035.7481689453125 and parameters: {'gradient_clip_val': 0.31066896277881817, 'hidden_size': 36, 'dropout': 0.18380142578811762, 'hidden_continuous_size': 22, 'attention_head_size': 1, 'learning_rate': 0.04243613240670391}. Best is trial 53 with value: 715.830810546875.
LOCAL_RANK: 0 - CUDA_VISIBLE_DEVICES: [0]
[I 2023-11-30 05:41:47,999] Trial 92 finished with value: 952.442138671875 and parameters: {'gradient_clip_val': 0.2547618944469396, 'hidden_size': 34, 'dropout': 0.18740346856187884, 'hidden_continuous_size': 18, 'attention_head_size': 1, 'learning_rate': 0.04913212586625112}. Best is trial 53 with value: 715.830810546875.
LOCAL_RANK: 0 - CUDA_VISIBLE_DEVICES: [0]
[I 2023-11-30 05:42:00,825] Trial 93 finished with value: 1000.02978515625 and parameters: {'gradient_clip_val': 0.35763251512640554, 'hidden_size': 42, 'dropout': 0.17221178008548937, 'hidden_continuous_size': 13, 'attention_head_size': 3, 'learning_rate': 0.03276581288882734}. Best is trial 53 with value: 715.830810546875.
LOCAL_RANK: 0 - CUDA_VISIBLE_DEVICES: [0]
[I 2023-11-30 05:42:13,393] Trial 94 finished with value: 889.1223754882812 and parameters: {'gradient_clip_val': 0.2929663960615147, 'hidden_size': 38, 'dropout': 0.17454174206137452, 'hidden_continuous_size': 12, 'attention_head_size': 2, 'learning_rate': 0.06037705351193312}. Best is trial 53 with value: 715.830810546875.
LOCAL_RANK: 0 - CUDA_VISIBLE_DEVICES: [0]
[I 2023-11-30 05:42:25,507] Trial 95 finished with value: 954.8147583007812 and parameters: {'gradient_clip_val': 0.4006628097213477, 'hidden_size': 12, 'dropout': 0.19295161332925181, 'hidden_continuous_size': 11, 'attention_head_size': 2, 'learning_rate': 0.03722161421888259}. Best is trial 53 with value: 715.830810546875.
LOCAL_RANK: 0 - CUDA_VISIBLE_DEVICES: [0]
[I 2023-11-30 05:42:38,580] Trial 96 finished with value: 749.343994140625 and parameters: {'gradient_clip_val': 0.20502286289101537, 'hidden_size': 57, 'dropout': 0.19822719050222387, 'hidden_continuous_size': 23, 'attention_head_size': 1, 'learning_rate': 0.052944716107645645}. Best is trial 53 with value: 715.830810546875.
LOCAL_RANK: 0 - CUDA_VISIBLE_DEVICES: [0]
[I 2023-11-30 05:42:51,584] Trial 97 finished with value: 821.6290893554688 and parameters: {'gradient_clip_val': 0.21402710134315744, 'hidden_size': 56, 'dropout': 0.21785559015289996, 'hidden_continuous_size': 26, 'attention_head_size': 1, 'learning_rate': 0.06437720749818324}. Best is trial 53 with value: 715.830810546875.
LOCAL_RANK: 0 - CUDA_VISIBLE_DEVICES: [0]
[I 2023-11-30 05:43:04,772] Trial 98 finished with value: 1011.7798461914062 and parameters: {'gradient_clip_val': 0.2078499949137368, 'hidden_size': 64, 'dropout': 0.2195095168890007, 'hidden_continuous_size': 28, 'attention_head_size': 1, 'learning_rate': 0.07859976709601497}. Best is trial 53 with value: 715.830810546875.
LOCAL_RANK: 0 - CUDA_VISIBLE_DEVICES: [0]
[I 2023-11-30 05:43:17,814] Trial 99 finished with value: 1177.6949462890625 and parameters: {'gradient_clip_val': 0.237647729313483, 'hidden_size': 57, 'dropout': 0.19935471702245255, 'hidden_continuous_size': 25, 'attention_head_size': 1, 'learning_rate': 0.06596510652547624}. Best is trial 53 with value: 715.830810546875.
LOCAL_RANK: 0 - CUDA_VISIBLE_DEVICES: [0]
[I 2023-11-30 05:43:31,109] Trial 100 finished with value: 842.828125 and parameters: {'gradient_clip_val': 0.22187650591314184, 'hidden_size': 55, 'dropout': 0.2133245435632367, 'hidden_continuous_size': 25, 'attention_head_size': 1, 'learning_rate': 0.05226812076726243}. Best is trial 53 with value: 715.830810546875.
LOCAL_RANK: 0 - CUDA_VISIBLE_DEVICES: [0]
[I 2023-11-30 05:43:43,963] Trial 101 finished with value: 971.0658569335938 and parameters: {'gradient_clip_val': 0.22300931807367586, 'hidden_size': 50, 'dropout': 0.2294149223207693, 'hidden_continuous_size': 23, 'attention_head_size': 1, 'learning_rate': 0.05277662539980338}. Best is trial 53 with value: 715.830810546875.
LOCAL_RANK: 0 - CUDA_VISIBLE_DEVICES: [0]
[I 2023-11-30 05:43:56,923] Trial 102 finished with value: 943.1207885742188 and parameters: {'gradient_clip_val': 0.2035453277850223, 'hidden_size': 53, 'dropout': 0.20894211160145743, 'hidden_continuous_size': 26, 'attention_head_size': 1, 'learning_rate': 0.07286815919084286}. Best is trial 53 with value: 715.830810546875.
LOCAL_RANK: 0 - CUDA_VISIBLE_DEVICES: [0]
[I 2023-11-30 05:44:09,798] Trial 103 finished with value: 996.05517578125 and parameters: {'gradient_clip_val': 0.21812994248006956, 'hidden_size': 49, 'dropout': 0.21473276959873974, 'hidden_continuous_size': 23, 'attention_head_size': 1, 'learning_rate': 0.04820033422668987}. Best is trial 53 with value: 715.830810546875.
LOCAL_RANK: 0 - CUDA_VISIBLE_DEVICES: [0]
[I 2023-11-30 05:44:22,820] Trial 104 finished with value: 925.2586059570312 and parameters: {'gradient_clip_val': 0.18914322677830087, 'hidden_size': 55, 'dropout': 0.22361212638035668, 'hidden_continuous_size': 27, 'attention_head_size': 1, 'learning_rate': 0.06205832475388527}. Best is trial 53 with value: 715.830810546875.
LOCAL_RANK: 0 - CUDA_VISIBLE_DEVICES: [0]
[I 2023-11-30 05:44:36,126] Trial 105 finished with value: 936.7951049804688 and parameters: {'gradient_clip_val': 0.2339283288439751, 'hidden_size': 60, 'dropout': 0.23954756502929905, 'hidden_continuous_size': 31, 'attention_head_size': 1, 'learning_rate': 0.043006173590498194}. Best is trial 53 with value: 715.830810546875.
LOCAL_RANK: 0 - CUDA_VISIBLE_DEVICES: [0]
[I 2023-11-30 05:44:49,440] Trial 106 finished with value: 1321.1351318359375 and parameters: {'gradient_clip_val': 0.24940407358029512, 'hidden_size': 69, 'dropout': 0.2012346039108438, 'hidden_continuous_size': 26, 'attention_head_size': 1, 'learning_rate': 0.053720887062840034}. Best is trial 53 with value: 715.830810546875.
LOCAL_RANK: 0 - CUDA_VISIBLE_DEVICES: [0]
[I 2023-11-30 05:45:02,199] Trial 107 finished with value: 899.9752807617188 and parameters: {'gradient_clip_val': 0.21384759528340652, 'hidden_size': 45, 'dropout': 0.21767264455635038, 'hidden_continuous_size': 23, 'attention_head_size': 1, 'learning_rate': 0.06905439101908155}. Best is trial 53 with value: 715.830810546875.
LOCAL_RANK: 0 - CUDA_VISIBLE_DEVICES: [0]
[I 2023-11-30 05:45:15,078] Trial 108 finished with value: 865.9696655273438 and parameters: {'gradient_clip_val': 0.19552187052470366, 'hidden_size': 47, 'dropout': 0.20885751126637045, 'hidden_continuous_size': 22, 'attention_head_size': 1, 'learning_rate': 0.08949652132198607}. Best is trial 53 with value: 715.830810546875.
LOCAL_RANK: 0 - CUDA_VISIBLE_DEVICES: [0]
[I 2023-11-30 05:45:27,943] Trial 109 finished with value: 848.5859985351562 and parameters: {'gradient_clip_val': 0.2670937559783035, 'hidden_size': 54, 'dropout': 0.2521714040239974, 'hidden_continuous_size': 21, 'attention_head_size': 1, 'learning_rate': 0.06070583347147604}. Best is trial 53 with value: 715.830810546875.
LOCAL_RANK: 0 - CUDA_VISIBLE_DEVICES: [0]
[I 2023-11-30 05:45:40,824] Trial 110 finished with value: 921.2311401367188 and parameters: {'gradient_clip_val': 0.2410427204802596, 'hidden_size': 50, 'dropout': 0.2302741024985772, 'hidden_continuous_size': 21, 'attention_head_size': 1, 'learning_rate': 0.04636090038627634}. Best is trial 53 with value: 715.830810546875.
LOCAL_RANK: 0 - CUDA_VISIBLE_DEVICES: [0]
[I 2023-11-30 05:45:53,633] Trial 111 finished with value: 986.61474609375 and parameters: {'gradient_clip_val': 0.174720527543645, 'hidden_size': 42, 'dropout': 0.2616673230385334, 'hidden_continuous_size': 24, 'attention_head_size': 2, 'learning_rate': 0.05658703618668096}. Best is trial 53 with value: 715.830810546875.
LOCAL_RANK: 0 - CUDA_VISIBLE_DEVICES: [0]
[I 2023-11-30 05:46:06,173] Trial 112 finished with value: 915.0462036132812 and parameters: {'gradient_clip_val': 0.18338075414055585, 'hidden_size': 40, 'dropout': 0.2729169072281174, 'hidden_continuous_size': 25, 'attention_head_size': 1, 'learning_rate': 0.05174568848580018}. Best is trial 53 with value: 715.830810546875.
LOCAL_RANK: 0 - CUDA_VISIBLE_DEVICES: [0]
[I 2023-11-30 05:46:19,129] Trial 113 finished with value: 884.6780395507812 and parameters: {'gradient_clip_val': 0.16237346558250282, 'hidden_size': 56, 'dropout': 0.1960281520869772, 'hidden_continuous_size': 19, 'attention_head_size': 3, 'learning_rate': 0.04177478643476969}. Best is trial 53 with value: 715.830810546875.
LOCAL_RANK: 0 - CUDA_VISIBLE_DEVICES: [0]
[I 2023-11-30 05:46:31,531] Trial 114 finished with value: 916.7996215820312 and parameters: {'gradient_clip_val': 0.20215824225318688, 'hidden_size': 36, 'dropout': 0.18361387002340923, 'hidden_continuous_size': 22, 'attention_head_size': 1, 'learning_rate': 0.07732309505182564}. Best is trial 53 with value: 715.830810546875.
LOCAL_RANK: 0 - CUDA_VISIBLE_DEVICES: [0]
[I 2023-11-30 05:46:43,840] Trial 115 finished with value: 810.001953125 and parameters: {'gradient_clip_val': 0.18951689993558662, 'hidden_size': 14, 'dropout': 0.2445348034503656, 'hidden_continuous_size': 11, 'attention_head_size': 3, 'learning_rate': 0.0575490299512411}. Best is trial 53 with value: 715.830810546875.
LOCAL_RANK: 0 - CUDA_VISIBLE_DEVICES: [0]
[I 2023-11-30 05:46:56,739] Trial 116 finished with value: 891.92578125 and parameters: {'gradient_clip_val': 0.19207854535591032, 'hidden_size': 46, 'dropout': 0.2427394267030033, 'hidden_continuous_size': 20, 'attention_head_size': 3, 'learning_rate': 0.06488276840530452}. Best is trial 53 with value: 715.830810546875.
LOCAL_RANK: 0 - CUDA_VISIBLE_DEVICES: [0]
[I 2023-11-30 05:47:08,865] Trial 117 finished with value: 945.510009765625 and parameters: {'gradient_clip_val': 0.22312988306914036, 'hidden_size': 16, 'dropout': 0.23636239430595155, 'hidden_continuous_size': 15, 'attention_head_size': 3, 'learning_rate': 0.040229995963568285}. Best is trial 53 with value: 715.830810546875.
LOCAL_RANK: 0 - CUDA_VISIBLE_DEVICES: [0]
[I 2023-11-30 05:47:20,981] Trial 118 finished with value: 961.0563354492188 and parameters: {'gradient_clip_val': 0.2568838496693019, 'hidden_size': 14, 'dropout': 0.2224997212453068, 'hidden_continuous_size': 11, 'attention_head_size': 3, 'learning_rate': 0.050864901927514326}. Best is trial 53 with value: 715.830810546875.
LOCAL_RANK: 0 - CUDA_VISIBLE_DEVICES: [0]
[I 2023-11-30 05:47:31,337] Trial 119 finished with value: 968.058837890625 and parameters: {'gradient_clip_val': 0.23239905172073533, 'hidden_size': 10, 'dropout': 0.2136900972821901, 'hidden_continuous_size': 10, 'attention_head_size': 3, 'learning_rate': 0.05907153138173802}. Best is trial 53 with value: 715.830810546875.
LOCAL_RANK: 0 - CUDA_VISIBLE_DEVICES: [0]
[I 2023-11-30 05:47:44,678] Trial 120 finished with value: 885.64453125 and parameters: {'gradient_clip_val': 0.2104291284664939, 'hidden_size': 50, 'dropout': 0.24999464306099842, 'hidden_continuous_size': 31, 'attention_head_size': 3, 'learning_rate': 0.03494235307423754}. Best is trial 53 with value: 715.830810546875.
LOCAL_RANK: 0 - CUDA_VISIBLE_DEVICES: [0]
[I 2023-11-30 05:47:56,911] Trial 121 finished with value: 1044.3477783203125 and parameters: {'gradient_clip_val': 0.18030424309702345, 'hidden_size': 32, 'dropout': 0.25810778513347354, 'hidden_continuous_size': 17, 'attention_head_size': 2, 'learning_rate': 0.07285811928444264}. Best is trial 53 with value: 715.830810546875.
LOCAL_RANK: 0 - CUDA_VISIBLE_DEVICES: [0]
[I 2023-11-30 05:48:09,153] Trial 122 finished with value: 1037.474609375 and parameters: {'gradient_clip_val': 0.1697882534808458, 'hidden_size': 30, 'dropout': 0.26855573510375136, 'hidden_continuous_size': 10, 'attention_head_size': 2, 'learning_rate': 0.045629098265291414}. Best is trial 53 with value: 715.830810546875.
LOCAL_RANK: 0 - CUDA_VISIBLE_DEVICES: [0]
[I 2023-11-30 05:48:21,854] Trial 123 finished with value: 885.6242065429688 and parameters: {'gradient_clip_val': 0.18354339296522854, 'hidden_size': 43, 'dropout': 0.20211639789254932, 'hidden_continuous_size': 23, 'attention_head_size': 1, 'learning_rate': 0.054650877552759325}. Best is trial 53 with value: 715.830810546875.
LOCAL_RANK: 0 - CUDA_VISIBLE_DEVICES: [0]
[I 2023-11-30 05:48:32,111] Trial 124 finished with value: 1794.9989013671875 and parameters: {'gradient_clip_val': 0.563231730984571, 'hidden_size': 11, 'dropout': 0.2817917844842086, 'hidden_continuous_size': 11, 'attention_head_size': 2, 'learning_rate': 0.06516705884629846}. Best is trial 53 with value: 715.830810546875.
LOCAL_RANK: 0 - CUDA_VISIBLE_DEVICES: [0]
[I 2023-11-30 05:48:44,786] Trial 125 finished with value: 921.0470581054688 and parameters: {'gradient_clip_val': 0.7860478842680163, 'hidden_size': 27, 'dropout': 0.24444312786358263, 'hidden_continuous_size': 16, 'attention_head_size': 3, 'learning_rate': 0.0570380439326486}. Best is trial 53 with value: 715.830810546875.
LOCAL_RANK: 0 - CUDA_VISIBLE_DEVICES: [0]
[I 2023-11-30 05:48:57,856] Trial 126 finished with value: 1006.2438354492188 and parameters: {'gradient_clip_val': 0.20146794088919612, 'hidden_size': 52, 'dropout': 0.27610877988385324, 'hidden_continuous_size': 24, 'attention_head_size': 3, 'learning_rate': 0.08241459235086557}. Best is trial 53 with value: 715.830810546875.
LOCAL_RANK: 0 - CUDA_VISIBLE_DEVICES: [0]
[I 2023-11-30 05:49:10,792] Trial 127 finished with value: 854.0183715820312 and parameters: {'gradient_clip_val': 0.991179654505887, 'hidden_size': 46, 'dropout': 0.2541235533181244, 'hidden_continuous_size': 26, 'attention_head_size': 2, 'learning_rate': 0.038904641205641126}. Best is trial 53 with value: 715.830810546875.
LOCAL_RANK: 0 - CUDA_VISIBLE_DEVICES: [0]
[I 2023-11-30 05:49:23,246] Trial 128 finished with value: 1039.1583251953125 and parameters: {'gradient_clip_val': 0.19222713881271924, 'hidden_size': 34, 'dropout': 0.2256077493973503, 'hidden_continuous_size': 11, 'attention_head_size': 1, 'learning_rate': 0.047282400015514946}. Best is trial 53 with value: 715.830810546875.
LOCAL_RANK: 0 - CUDA_VISIBLE_DEVICES: [0]
[I 2023-11-30 05:49:35,806] Trial 129 finished with value: 1112.3382568359375 and parameters: {'gradient_clip_val': 0.22302641570921863, 'hidden_size': 41, 'dropout': 0.2317265879264872, 'hidden_continuous_size': 12, 'attention_head_size': 2, 'learning_rate': 0.09999335978731128}. Best is trial 53 with value: 715.830810546875.
LOCAL_RANK: 0 - CUDA_VISIBLE_DEVICES: [0]
[I 2023-11-30 05:49:47,785] Trial 130 finished with value: 897.5148315429688 and parameters: {'gradient_clip_val': 0.4741888620416191, 'hidden_size': 12, 'dropout': 0.20811265849609148, 'hidden_continuous_size': 11, 'attention_head_size': 1, 'learning_rate': 0.07024479674928788}. Best is trial 53 with value: 715.830810546875.
LOCAL_RANK: 0 - CUDA_VISIBLE_DEVICES: [0]
[I 2023-11-30 05:50:00,679] Trial 131 finished with value: 990.9513549804688 and parameters: {'gradient_clip_val': 0.2677166389724792, 'hidden_size': 55, 'dropout': 0.25255181635069945, 'hidden_continuous_size': 21, 'attention_head_size': 1, 'learning_rate': 0.05943595197136836}. Best is trial 53 with value: 715.830810546875.
LOCAL_RANK: 0 - CUDA_VISIBLE_DEVICES: [0]
[I 2023-11-30 05:50:13,865] Trial 132 finished with value: 1018.71142578125 and parameters: {'gradient_clip_val': 0.2748825387564507, 'hidden_size': 62, 'dropout': 0.25966935836527544, 'hidden_continuous_size': 25, 'attention_head_size': 1, 'learning_rate': 0.0524738182182432}. Best is trial 53 with value: 715.830810546875.
LOCAL_RANK: 0 - CUDA_VISIBLE_DEVICES: [0]
[I 2023-11-30 05:50:26,882] Trial 133 finished with value: 991.365966796875 and parameters: {'gradient_clip_val': 0.24727130652653548, 'hidden_size': 59, 'dropout': 0.2484725768007703, 'hidden_continuous_size': 19, 'attention_head_size': 1, 'learning_rate': 0.06227857969126115}. Best is trial 53 with value: 715.830810546875.
LOCAL_RANK: 0 - CUDA_VISIBLE_DEVICES: [0]
[I 2023-11-30 05:50:39,776] Trial 134 finished with value: 887.0739135742188 and parameters: {'gradient_clip_val': 0.2614636895263895, 'hidden_size': 53, 'dropout': 0.2665847199617263, 'hidden_continuous_size': 24, 'attention_head_size': 1, 'learning_rate': 0.043252526654485424}. Best is trial 53 with value: 715.830810546875.
LOCAL_RANK: 0 - CUDA_VISIBLE_DEVICES: [0]
[I 2023-11-30 05:50:53,158] Trial 135 finished with value: 927.687255859375 and parameters: {'gradient_clip_val': 0.2951412379054072, 'hidden_size': 66, 'dropout': 0.21893826278886544, 'hidden_continuous_size': 21, 'attention_head_size': 1, 'learning_rate': 0.07556787842432397}. Best is trial 53 with value: 715.830810546875.
LOCAL_RANK: 0 - CUDA_VISIBLE_DEVICES: [0]
[I 2023-11-30 05:51:06,218] Trial 136 finished with value: 1084.556640625 and parameters: {'gradient_clip_val': 0.21201253324104824, 'hidden_size': 57, 'dropout': 0.2399784248389941, 'hidden_continuous_size': 22, 'attention_head_size': 2, 'learning_rate': 0.049087018258716905}. Best is trial 53 with value: 715.830810546875.
LOCAL_RANK: 0 - CUDA_VISIBLE_DEVICES: [0]
[I 2023-11-30 05:51:18,678] Trial 137 finished with value: 787.1585083007812 and parameters: {'gradient_clip_val': 0.16151058384224073, 'hidden_size': 39, 'dropout': 0.1903285924749128, 'hidden_continuous_size': 10, 'attention_head_size': 1, 'learning_rate': 0.05894215041888579}. Best is trial 53 with value: 715.830810546875.
LOCAL_RANK: 0 - CUDA_VISIBLE_DEVICES: [0]
[I 2023-11-30 05:51:31,173] Trial 138 finished with value: 906.62841796875 and parameters: {'gradient_clip_val': 0.1594852938921043, 'hidden_size': 39, 'dropout': 0.19319057533479822, 'hidden_continuous_size': 10, 'attention_head_size': 3, 'learning_rate': 0.06788471743860866}. Best is trial 53 with value: 715.830810546875.
LOCAL_RANK: 0 - CUDA_VISIBLE_DEVICES: [0]
