[I 2023-11-30 10:37:18,264] Trial 76 finished with value: 116.36446380615234 and parameters: {'gradient_clip_val': 0.19902895694767533, 'hidden_size': 130, 'dropout': 0.2239692053774674, 'hidden_continuous_size': 23, 'attention_head_size': 3, 'learning_rate': 0.08017719408208766}. Best is trial 14 with value: 99.4836654663086.
LOCAL_RANK: 0 - CUDA_VISIBLE_DEVICES: [0]
[I 2023-11-30 10:37:32,145] Trial 77 finished with value: 155.95787048339844 and parameters: {'gradient_clip_val': 0.14919564323694945, 'hidden_size': 102, 'dropout': 0.16742322582697788, 'hidden_continuous_size': 32, 'attention_head_size': 2, 'learning_rate': 0.04064771815968243}. Best is trial 14 with value: 99.4836654663086.
LOCAL_RANK: 0 - CUDA_VISIBLE_DEVICES: [0]
[I 2023-11-30 10:37:46,223] Trial 78 finished with value: 110.1206283569336 and parameters: {'gradient_clip_val': 0.11543449007149247, 'hidden_size': 123, 'dropout': 0.18078861851627992, 'hidden_continuous_size': 29, 'attention_head_size': 4, 'learning_rate': 0.0653157960172166}. Best is trial 14 with value: 99.4836654663086.
LOCAL_RANK: 0 - CUDA_VISIBLE_DEVICES: [0]
[I 2023-11-30 10:37:59,873] Trial 79 finished with value: 128.8385772705078 and parameters: {'gradient_clip_val': 0.13243785494845658, 'hidden_size': 90, 'dropout': 0.26480705336257854, 'hidden_continuous_size': 32, 'attention_head_size': 2, 'learning_rate': 0.052961669650497256}. Best is trial 14 with value: 99.4836654663086.
LOCAL_RANK: 0 - CUDA_VISIBLE_DEVICES: [0]
[I 2023-11-30 10:38:13,470] Trial 80 finished with value: 109.6333236694336 and parameters: {'gradient_clip_val': 0.10495171324562134, 'hidden_size': 79, 'dropout': 0.11740187184878542, 'hidden_continuous_size': 25, 'attention_head_size': 3, 'learning_rate': 0.04592079575820905}. Best is trial 14 with value: 99.4836654663086.
LOCAL_RANK: 0 - CUDA_VISIBLE_DEVICES: [0]
[I 2023-11-30 10:38:27,012] Trial 81 finished with value: 102.7673110961914 and parameters: {'gradient_clip_val': 0.12743151044892337, 'hidden_size': 112, 'dropout': 0.15195144629284157, 'hidden_continuous_size': 12, 'attention_head_size': 2, 'learning_rate': 0.04372855280271192}. Best is trial 14 with value: 99.4836654663086.
LOCAL_RANK: 0 - CUDA_VISIBLE_DEVICES: [0]
[I 2023-11-30 10:38:41,103] Trial 82 finished with value: 109.4318618774414 and parameters: {'gradient_clip_val': 0.14171016935992642, 'hidden_size': 112, 'dropout': 0.1574834633353983, 'hidden_continuous_size': 11, 'attention_head_size': 2, 'learning_rate': 0.07338844350718568}. Best is trial 14 with value: 99.4836654663086.
LOCAL_RANK: 0 - CUDA_VISIBLE_DEVICES: [0]
[I 2023-11-30 10:38:55,844] Trial 83 finished with value: 118.5252685546875 and parameters: {'gradient_clip_val': 0.12377315847292915, 'hidden_size': 138, 'dropout': 0.15021915289095533, 'hidden_continuous_size': 13, 'attention_head_size': 2, 'learning_rate': 0.059295661000526766}. Best is trial 14 with value: 99.4836654663086.
LOCAL_RANK: 0 - CUDA_VISIBLE_DEVICES: [0]
[I 2023-11-30 10:39:10,358] Trial 84 finished with value: 138.25193786621094 and parameters: {'gradient_clip_val': 0.1320689993470207, 'hidden_size': 96, 'dropout': 0.14407849943384216, 'hidden_continuous_size': 10, 'attention_head_size': 2, 'learning_rate': 0.043900438711339675}. Best is trial 14 with value: 99.4836654663086.
LOCAL_RANK: 0 - CUDA_VISIBLE_DEVICES: [0]
[I 2023-11-30 10:39:24,544] Trial 85 finished with value: 126.4325942993164 and parameters: {'gradient_clip_val': 0.15840033873712447, 'hidden_size': 120, 'dropout': 0.1720138963330438, 'hidden_continuous_size': 35, 'attention_head_size': 2, 'learning_rate': 0.03544266345120485}. Best is trial 14 with value: 99.4836654663086.
LOCAL_RANK: 0 - CUDA_VISIBLE_DEVICES: [0]
[I 2023-11-30 10:39:38,858] Trial 86 finished with value: 129.1542205810547 and parameters: {'gradient_clip_val': 0.17679008322482687, 'hidden_size': 108, 'dropout': 0.13193661790928848, 'hidden_continuous_size': 12, 'attention_head_size': 2, 'learning_rate': 0.09349711629084019}. Best is trial 14 with value: 99.4836654663086.
LOCAL_RANK: 0 - CUDA_VISIBLE_DEVICES: [0]
[I 2023-11-30 10:39:53,747] Trial 87 finished with value: 113.4190902709961 and parameters: {'gradient_clip_val': 0.11908574644495644, 'hidden_size': 128, 'dropout': 0.21232729577690215, 'hidden_continuous_size': 21, 'attention_head_size': 2, 'learning_rate': 0.076523970660884}. Best is trial 14 with value: 99.4836654663086.
LOCAL_RANK: 0 - CUDA_VISIBLE_DEVICES: [0]
[I 2023-11-30 10:40:08,079] Trial 88 finished with value: 147.70558166503906 and parameters: {'gradient_clip_val': 0.1088905590272901, 'hidden_size': 83, 'dropout': 0.1233145898757029, 'hidden_continuous_size': 14, 'attention_head_size': 1, 'learning_rate': 0.06128412721354466}. Best is trial 14 with value: 99.4836654663086.
LOCAL_RANK: 0 - CUDA_VISIBLE_DEVICES: [0]
[I 2023-11-30 10:40:22,220] Trial 89 finished with value: 106.22601318359375 and parameters: {'gradient_clip_val': 0.14497631789738505, 'hidden_size': 101, 'dropout': 0.1402115454181553, 'hidden_continuous_size': 27, 'attention_head_size': 2, 'learning_rate': 0.02835032907098}. Best is trial 14 with value: 99.4836654663086.
LOCAL_RANK: 0 - CUDA_VISIBLE_DEVICES: [0]
[I 2023-11-30 10:40:37,131] Trial 90 finished with value: 112.48248291015625 and parameters: {'gradient_clip_val': 0.12801136917637707, 'hidden_size': 113, 'dropout': 0.2422087989753036, 'hidden_continuous_size': 30, 'attention_head_size': 4, 'learning_rate': 0.04934734682525084}. Best is trial 14 with value: 99.4836654663086.
LOCAL_RANK: 0 - CUDA_VISIBLE_DEVICES: [0]
[I 2023-11-30 10:40:51,259] Trial 91 finished with value: 112.565673828125 and parameters: {'gradient_clip_val': 0.11487289357937386, 'hidden_size': 104, 'dropout': 0.1809127085739522, 'hidden_continuous_size': 19, 'attention_head_size': 2, 'learning_rate': 0.032959490317779484}. Best is trial 14 with value: 99.4836654663086.
LOCAL_RANK: 0 - CUDA_VISIBLE_DEVICES: [0]
[I 2023-11-30 10:41:05,590] Trial 92 finished with value: 130.74501037597656 and parameters: {'gradient_clip_val': 0.11788999823840074, 'hidden_size': 91, 'dropout': 0.22619927528691208, 'hidden_continuous_size': 25, 'attention_head_size': 2, 'learning_rate': 0.05241098514729484}. Best is trial 14 with value: 99.4836654663086.
LOCAL_RANK: 0 - CUDA_VISIBLE_DEVICES: [0]
[I 2023-11-30 10:41:20,252] Trial 93 finished with value: 118.50604248046875 and parameters: {'gradient_clip_val': 0.12299672732904203, 'hidden_size': 95, 'dropout': 0.1570514376094453, 'hidden_continuous_size': 17, 'attention_head_size': 2, 'learning_rate': 0.04102581676041506}. Best is trial 14 with value: 99.4836654663086.
LOCAL_RANK: 0 - CUDA_VISIBLE_DEVICES: [0]
[I 2023-11-30 10:41:34,522] Trial 94 finished with value: 129.86888122558594 and parameters: {'gradient_clip_val': 0.13545255512552898, 'hidden_size': 121, 'dropout': 0.20516144885749527, 'hidden_continuous_size': 12, 'attention_head_size': 2, 'learning_rate': 0.08967393882319824}. Best is trial 14 with value: 99.4836654663086.
LOCAL_RANK: 0 - CUDA_VISIBLE_DEVICES: [0]
[I 2023-11-30 10:41:48,836] Trial 95 finished with value: 114.6976547241211 and parameters: {'gradient_clip_val': 0.10977387985323078, 'hidden_size': 86, 'dropout': 0.19011520010200447, 'hidden_continuous_size': 23, 'attention_head_size': 2, 'learning_rate': 0.06809062209112779}. Best is trial 14 with value: 99.4836654663086.
LOCAL_RANK: 0 - CUDA_VISIBLE_DEVICES: [0]
[I 2023-11-30 10:42:04,707] Trial 96 finished with value: 112.10315704345703 and parameters: {'gradient_clip_val': 0.15541606771523106, 'hidden_size': 139, 'dropout': 0.14477213105305772, 'hidden_continuous_size': 102, 'attention_head_size': 2, 'learning_rate': 0.03827329951862343}. Best is trial 14 with value: 99.4836654663086.
LOCAL_RANK: 0 - CUDA_VISIBLE_DEVICES: [0]
[I 2023-11-30 10:42:19,522] Trial 97 finished with value: 112.78414154052734 and parameters: {'gradient_clip_val': 0.1448467053076188, 'hidden_size': 107, 'dropout': 0.21903249565585725, 'hidden_continuous_size': 46, 'attention_head_size': 3, 'learning_rate': 0.044077992076924824}. Best is trial 14 with value: 99.4836654663086.
LOCAL_RANK: 0 - CUDA_VISIBLE_DEVICES: [0]
[I 2023-11-30 10:42:33,176] Trial 98 finished with value: 116.92252349853516 and parameters: {'gradient_clip_val': 0.12819545839074167, 'hidden_size': 39, 'dropout': 0.16431629585389532, 'hidden_continuous_size': 26, 'attention_head_size': 2, 'learning_rate': 0.07995255577623107}. Best is trial 14 with value: 99.4836654663086.
LOCAL_RANK: 0 - CUDA_VISIBLE_DEVICES: [0]
[I 2023-11-30 10:42:47,949] Trial 99 finished with value: 100.8703384399414 and parameters: {'gradient_clip_val': 0.14090008263000628, 'hidden_size': 116, 'dropout': 0.1721730362229842, 'hidden_continuous_size': 15, 'attention_head_size': 2, 'learning_rate': 0.06248219433621622}. Best is trial 14 with value: 99.4836654663086.
LOCAL_RANK: 0 - CUDA_VISIBLE_DEVICES: [0]
[I 2023-11-30 10:43:03,278] Trial 100 finished with value: 115.5864486694336 and parameters: {'gradient_clip_val': 0.16630149513163006, 'hidden_size': 129, 'dropout': 0.15005784971237218, 'hidden_continuous_size': 16, 'attention_head_size': 2, 'learning_rate': 0.06183132879566017}. Best is trial 14 with value: 99.4836654663086.
LOCAL_RANK: 0 - CUDA_VISIBLE_DEVICES: [0]
[I 2023-11-30 10:43:18,270] Trial 101 finished with value: 108.07047271728516 and parameters: {'gradient_clip_val': 0.1384485267749622, 'hidden_size': 114, 'dropout': 0.17452389510983202, 'hidden_continuous_size': 15, 'attention_head_size': 2, 'learning_rate': 0.053824111755769746}. Best is trial 14 with value: 99.4836654663086.
LOCAL_RANK: 0 - CUDA_VISIBLE_DEVICES: [0]
[I 2023-11-30 10:43:33,451] Trial 102 finished with value: 116.21439361572266 and parameters: {'gradient_clip_val': 0.15240693618665166, 'hidden_size': 118, 'dropout': 0.19345573994107565, 'hidden_continuous_size': 64, 'attention_head_size': 2, 'learning_rate': 0.08762206208891085}. Best is trial 14 with value: 99.4836654663086.
LOCAL_RANK: 0 - CUDA_VISIBLE_DEVICES: [0]
[I 2023-11-30 10:43:48,525] Trial 103 finished with value: 116.16290283203125 and parameters: {'gradient_clip_val': 0.11970039043867263, 'hidden_size': 144, 'dropout': 0.16892579819293602, 'hidden_continuous_size': 33, 'attention_head_size': 2, 'learning_rate': 0.09970224066492278}. Best is trial 14 with value: 99.4836654663086.
LOCAL_RANK: 0 - CUDA_VISIBLE_DEVICES: [0]
[I 2023-11-30 10:44:03,420] Trial 104 finished with value: 123.9654541015625 and parameters: {'gradient_clip_val': 0.1455100458599756, 'hidden_size': 101, 'dropout': 0.20075006011444566, 'hidden_continuous_size': 29, 'attention_head_size': 2, 'learning_rate': 0.07151180162184136}. Best is trial 14 with value: 99.4836654663086.
LOCAL_RANK: 0 - CUDA_VISIBLE_DEVICES: [0]
[I 2023-11-30 10:44:18,654] Trial 105 finished with value: 104.07257080078125 and parameters: {'gradient_clip_val': 0.16249808220533962, 'hidden_size': 134, 'dropout': 0.16212212223758615, 'hidden_continuous_size': 21, 'attention_head_size': 2, 'learning_rate': 0.048801236253945536}. Best is trial 14 with value: 99.4836654663086.
LOCAL_RANK: 0 - CUDA_VISIBLE_DEVICES: [0]
[I 2023-11-30 10:44:33,986] Trial 106 finished with value: 130.4278106689453 and parameters: {'gradient_clip_val': 0.18163436614609396, 'hidden_size': 133, 'dropout': 0.16209182416021267, 'hidden_continuous_size': 21, 'attention_head_size': 2, 'learning_rate': 0.04875391352150825}. Best is trial 14 with value: 99.4836654663086.
LOCAL_RANK: 0 - CUDA_VISIBLE_DEVICES: [0]
[I 2023-11-30 10:44:48,788] Trial 107 finished with value: 109.14179229736328 and parameters: {'gradient_clip_val': 0.15610301300728283, 'hidden_size': 142, 'dropout': 0.23110867612735064, 'hidden_continuous_size': 24, 'attention_head_size': 2, 'learning_rate': 0.0624552053282216}. Best is trial 14 with value: 99.4836654663086.
LOCAL_RANK: 0 - CUDA_VISIBLE_DEVICES: [0]
[I 2023-11-30 10:45:03,988] Trial 108 finished with value: 120.81815338134766 and parameters: {'gradient_clip_val': 0.1686017153054452, 'hidden_size': 123, 'dropout': 0.1539213633273282, 'hidden_continuous_size': 20, 'attention_head_size': 3, 'learning_rate': 0.0756180173638091}. Best is trial 14 with value: 99.4836654663086.
LOCAL_RANK: 0 - CUDA_VISIBLE_DEVICES: [0]
[I 2023-11-30 10:45:19,278] Trial 109 finished with value: 114.38890838623047 and parameters: {'gradient_clip_val': 0.13618312854977904, 'hidden_size': 133, 'dropout': 0.13843149921441356, 'hidden_continuous_size': 18, 'attention_head_size': 2, 'learning_rate': 0.06796363165082787}. Best is trial 14 with value: 99.4836654663086.
LOCAL_RANK: 0 - CUDA_VISIBLE_DEVICES: [0]
[I 2023-11-30 10:45:34,140] Trial 110 finished with value: 99.52043914794922 and parameters: {'gradient_clip_val': 0.17676953841206094, 'hidden_size': 111, 'dropout': 0.23716668887520664, 'hidden_continuous_size': 23, 'attention_head_size': 4, 'learning_rate': 0.08351032991356858}. Best is trial 14 with value: 99.4836654663086.
LOCAL_RANK: 0 - CUDA_VISIBLE_DEVICES: [0]
[I 2023-11-30 10:45:49,575] Trial 111 finished with value: 124.05847930908203 and parameters: {'gradient_clip_val': 0.163233519249797, 'hidden_size': 111, 'dropout': 0.23999078673523608, 'hidden_continuous_size': 23, 'attention_head_size': 4, 'learning_rate': 0.08335242825850196}. Best is trial 14 with value: 99.4836654663086.
LOCAL_RANK: 0 - CUDA_VISIBLE_DEVICES: [0]
[I 2023-11-30 10:46:05,125] Trial 112 finished with value: 118.52088165283203 and parameters: {'gradient_clip_val': 0.17454673676725202, 'hidden_size': 124, 'dropout': 0.21871555693537625, 'hidden_continuous_size': 28, 'attention_head_size': 4, 'learning_rate': 0.09062738592488159}. Best is trial 14 with value: 99.4836654663086.
LOCAL_RANK: 0 - CUDA_VISIBLE_DEVICES: [0]
[I 2023-11-30 10:46:20,895] Trial 113 finished with value: 121.11923217773438 and parameters: {'gradient_clip_val': 0.19310137129852237, 'hidden_size': 116, 'dropout': 0.23016835295770804, 'hidden_continuous_size': 25, 'attention_head_size': 4, 'learning_rate': 0.058804836446404905}. Best is trial 14 with value: 99.4836654663086.
LOCAL_RANK: 0 - CUDA_VISIBLE_DEVICES: [0]
[I 2023-11-30 10:46:36,594] Trial 114 finished with value: 125.1406478881836 and parameters: {'gradient_clip_val': 0.6250024512011357, 'hidden_size': 150, 'dropout': 0.2077006814226226, 'hidden_continuous_size': 37, 'attention_head_size': 4, 'learning_rate': 0.05379753557398018}. Best is trial 14 with value: 99.4836654663086.
LOCAL_RANK: 0 - CUDA_VISIBLE_DEVICES: [0]
[I 2023-11-30 10:46:51,919] Trial 115 finished with value: 116.72900390625 and parameters: {'gradient_clip_val': 0.1595878162778317, 'hidden_size': 108, 'dropout': 0.23886928989468842, 'hidden_continuous_size': 31, 'attention_head_size': 4, 'learning_rate': 0.07969408423854135}. Best is trial 14 with value: 99.4836654663086.
LOCAL_RANK: 0 - CUDA_VISIBLE_DEVICES: [0]
[I 2023-11-30 10:47:07,490] Trial 116 finished with value: 156.60134887695312 and parameters: {'gradient_clip_val': 0.7330132179033184, 'hidden_size': 97, 'dropout': 0.22433531697056275, 'hidden_continuous_size': 27, 'attention_head_size': 2, 'learning_rate': 0.06860722851570944}. Best is trial 14 with value: 99.4836654663086.
LOCAL_RANK: 0 - CUDA_VISIBLE_DEVICES: [0]
[I 2023-11-30 10:47:22,504] Trial 117 finished with value: 155.2035675048828 and parameters: {'gradient_clip_val': 0.5049566028669191, 'hidden_size': 128, 'dropout': 0.25032934578433585, 'hidden_continuous_size': 22, 'attention_head_size': 4, 'learning_rate': 0.04479653753603706}. Best is trial 14 with value: 99.4836654663086.
LOCAL_RANK: 0 - CUDA_VISIBLE_DEVICES: [0]
[I 2023-11-30 10:47:37,305] Trial 118 finished with value: 114.74190521240234 and parameters: {'gradient_clip_val': 0.3051368731516178, 'hidden_size': 142, 'dropout': 0.14737796666468256, 'hidden_continuous_size': 19, 'attention_head_size': 2, 'learning_rate': 0.008341498909993252}. Best is trial 14 with value: 99.4836654663086.
LOCAL_RANK: 0 - CUDA_VISIBLE_DEVICES: [0]
[I 2023-11-30 10:47:50,809] Trial 119 finished with value: 131.8889617919922 and parameters: {'gradient_clip_val': 0.14910409020135618, 'hidden_size': 103, 'dropout': 0.21364771007850555, 'hidden_continuous_size': 13, 'attention_head_size': 2, 'learning_rate': 0.09204185930290595}. Best is trial 14 with value: 99.4836654663086.
LOCAL_RANK: 0 - CUDA_VISIBLE_DEVICES: [0]
[I 2023-11-30 10:48:04,347] Trial 120 finished with value: 126.93597412109375 and parameters: {'gradient_clip_val': 0.181363168984929, 'hidden_size': 94, 'dropout': 0.16098336048272274, 'hidden_continuous_size': 28, 'attention_head_size': 1, 'learning_rate': 0.03727864717993305}. Best is trial 14 with value: 99.4836654663086.
LOCAL_RANK: 0 - CUDA_VISIBLE_DEVICES: [0]
[I 2023-11-30 10:48:17,754] Trial 121 finished with value: 119.8184585571289 and parameters: {'gradient_clip_val': 0.1437482871627943, 'hidden_size': 88, 'dropout': 0.1704243085169967, 'hidden_continuous_size': 23, 'attention_head_size': 2, 'learning_rate': 0.04193154429531714}. Best is trial 14 with value: 99.4836654663086.
LOCAL_RANK: 0 - CUDA_VISIBLE_DEVICES: [0]
[I 2023-11-30 10:48:31,716] Trial 122 finished with value: 110.90673828125 and parameters: {'gradient_clip_val': 0.12961053263310768, 'hidden_size': 118, 'dropout': 0.17878921193477054, 'hidden_continuous_size': 17, 'attention_head_size': 2, 'learning_rate': 0.04709149447452342}. Best is trial 14 with value: 99.4836654663086.
LOCAL_RANK: 0 - CUDA_VISIBLE_DEVICES: [0]
[I 2023-11-30 10:48:45,452] Trial 123 finished with value: 117.3004379272461 and parameters: {'gradient_clip_val': 0.12455388857857451, 'hidden_size': 101, 'dropout': 0.18600093269698564, 'hidden_continuous_size': 26, 'attention_head_size': 2, 'learning_rate': 0.05109707661355457}. Best is trial 14 with value: 99.4836654663086.
LOCAL_RANK: 0 - CUDA_VISIBLE_DEVICES: [0]
[I 2023-11-30 10:48:59,248] Trial 124 finished with value: 104.6056137084961 and parameters: {'gradient_clip_val': 0.14073499412605778, 'hidden_size': 109, 'dropout': 0.15249556023094193, 'hidden_continuous_size': 21, 'attention_head_size': 2, 'learning_rate': 0.03229293599636028}. Best is trial 14 with value: 99.4836654663086.
LOCAL_RANK: 0 - CUDA_VISIBLE_DEVICES: [0]
[I 2023-11-30 10:49:13,024] Trial 125 finished with value: 116.1021499633789 and parameters: {'gradient_clip_val': 0.13972470527376896, 'hidden_size': 111, 'dropout': 0.15530887399727114, 'hidden_continuous_size': 21, 'attention_head_size': 2, 'learning_rate': 0.035894393386396585}. Best is trial 14 with value: 99.4836654663086.
LOCAL_RANK: 0 - CUDA_VISIBLE_DEVICES: [0]
[I 2023-11-30 10:49:26,455] Trial 126 finished with value: 109.50667572021484 and parameters: {'gradient_clip_val': 0.16326578644907974, 'hidden_size': 106, 'dropout': 0.13402867957538284, 'hidden_continuous_size': 11, 'attention_head_size': 2, 'learning_rate': 0.0335523597629026}. Best is trial 14 with value: 99.4836654663086.
LOCAL_RANK: 0 - CUDA_VISIBLE_DEVICES: [0]
[I 2023-11-30 10:49:40,743] Trial 127 finished with value: 110.2034912109375 and parameters: {'gradient_clip_val': 0.15168873453200624, 'hidden_size': 135, 'dropout': 0.1503810794042651, 'hidden_continuous_size': 20, 'attention_head_size': 2, 'learning_rate': 0.028937378037361162}. Best is trial 14 with value: 99.4836654663086.
LOCAL_RANK: 0 - CUDA_VISIBLE_DEVICES: [0]
[I 2023-11-30 10:49:54,583] Trial 128 finished with value: 126.07588958740234 and parameters: {'gradient_clip_val': 0.24970497015179882, 'hidden_size': 124, 'dropout': 0.14314708251125177, 'hidden_continuous_size': 24, 'attention_head_size': 3, 'learning_rate': 0.05772499617751548}. Best is trial 14 with value: 99.4836654663086.
LOCAL_RANK: 0 - CUDA_VISIBLE_DEVICES: [0]
[I 2023-11-30 10:50:08,359] Trial 129 finished with value: 108.77898406982422 and parameters: {'gradient_clip_val': 0.2119495747403229, 'hidden_size': 118, 'dropout': 0.12725480524939548, 'hidden_continuous_size': 22, 'attention_head_size': 2, 'learning_rate': 0.07320028895184556}. Best is trial 14 with value: 99.4836654663086.
LOCAL_RANK: 0 - CUDA_VISIBLE_DEVICES: [0]
[I 2023-11-30 10:50:21,815] Trial 130 finished with value: 108.5263900756836 and parameters: {'gradient_clip_val': 0.13297156991051542, 'hidden_size': 92, 'dropout': 0.23561449600464357, 'hidden_continuous_size': 18, 'attention_head_size': 2, 'learning_rate': 0.039364536466134324}. Best is trial 14 with value: 99.4836654663086.
LOCAL_RANK: 0 - CUDA_VISIBLE_DEVICES: [0]
[I 2023-11-30 10:50:35,452] Trial 131 finished with value: 117.73095703125 and parameters: {'gradient_clip_val': 0.13954077362677084, 'hidden_size': 99, 'dropout': 0.16405845110003606, 'hidden_continuous_size': 14, 'attention_head_size': 2, 'learning_rate': 0.03142008846931662}. Best is trial 14 with value: 99.4836654663086.
LOCAL_RANK: 0 - CUDA_VISIBLE_DEVICES: [0]
[I 2023-11-30 10:50:49,220] Trial 132 finished with value: 111.2791976928711 and parameters: {'gradient_clip_val': 0.13120228689976093, 'hidden_size': 110, 'dropout': 0.15850566400037544, 'hidden_continuous_size': 16, 'attention_head_size': 2, 'learning_rate': 0.0432466909474454}. Best is trial 14 with value: 99.4836654663086.
LOCAL_RANK: 0 - CUDA_VISIBLE_DEVICES: [0]
[I 2023-11-30 10:51:02,629] Trial 133 finished with value: 111.4021987915039 and parameters: {'gradient_clip_val': 0.14782380363021122, 'hidden_size': 84, 'dropout': 0.17632466362032584, 'hidden_continuous_size': 21, 'attention_head_size': 2, 'learning_rate': 0.026273263809207515}. Best is trial 14 with value: 99.4836654663086.
LOCAL_RANK: 0 - CUDA_VISIBLE_DEVICES: [0]
[I 2023-11-30 10:51:16,095] Trial 134 finished with value: 121.5412826538086 and parameters: {'gradient_clip_val': 0.1734265372669089, 'hidden_size': 58, 'dropout': 0.16780020580770627, 'hidden_continuous_size': 33, 'attention_head_size': 2, 'learning_rate': 0.06342710508346973}. Best is trial 14 with value: 99.4836654663086.
LOCAL_RANK: 0 - CUDA_VISIBLE_DEVICES: [0]
