[I 2023-11-30 00:14:24,226] Trial 60 finished with value: 249.38165283203125 and parameters: {'gradient_clip_val': 0.1135695552138284, 'hidden_size': 74, 'dropout': 0.22685654630658877, 'hidden_continuous_size': 46, 'attention_head_size': 2, 'learning_rate': 0.0032321809537072138}. Best is trial 44 with value: 245.6907958984375.
LOCAL_RANK: 0 - CUDA_VISIBLE_DEVICES: [0]
[I 2023-11-30 00:14:37,859] Trial 61 finished with value: 246.91868591308594 and parameters: {'gradient_clip_val': 0.11571512069475186, 'hidden_size': 72, 'dropout': 0.21024824609130185, 'hidden_continuous_size': 47, 'attention_head_size': 2, 'learning_rate': 0.0034338713170385324}. Best is trial 44 with value: 245.6907958984375.
LOCAL_RANK: 0 - CUDA_VISIBLE_DEVICES: [0]
[I 2023-11-30 00:14:51,531] Trial 62 finished with value: 288.2567443847656 and parameters: {'gradient_clip_val': 0.10591621251329593, 'hidden_size': 71, 'dropout': 0.24159759485051113, 'hidden_continuous_size': 45, 'attention_head_size': 2, 'learning_rate': 0.0033052654947219495}. Best is trial 44 with value: 245.6907958984375.
LOCAL_RANK: 0 - CUDA_VISIBLE_DEVICES: [0]
[I 2023-11-30 00:15:05,518] Trial 63 finished with value: 305.1204528808594 and parameters: {'gradient_clip_val': 0.11149884241504587, 'hidden_size': 95, 'dropout': 0.22416596901064675, 'hidden_continuous_size': 50, 'attention_head_size': 2, 'learning_rate': 0.003915296169385706}. Best is trial 44 with value: 245.6907958984375.
LOCAL_RANK: 0 - CUDA_VISIBLE_DEVICES: [0]
[I 2023-11-30 00:15:19,192] Trial 64 finished with value: 279.8710021972656 and parameters: {'gradient_clip_val': 0.11432478408705252, 'hidden_size': 75, 'dropout': 0.23134766190225953, 'hidden_continuous_size': 38, 'attention_head_size': 2, 'learning_rate': 0.00330806927872142}. Best is trial 44 with value: 245.6907958984375.
LOCAL_RANK: 0 - CUDA_VISIBLE_DEVICES: [0]
[I 2023-11-30 00:15:33,014] Trial 65 finished with value: 372.06396484375 and parameters: {'gradient_clip_val': 0.12920113013196705, 'hidden_size': 81, 'dropout': 0.21355080075409577, 'hidden_continuous_size': 36, 'attention_head_size': 2, 'learning_rate': 0.004552377204262763}. Best is trial 44 with value: 245.6907958984375.
LOCAL_RANK: 0 - CUDA_VISIBLE_DEVICES: [0]
[I 2023-11-30 00:15:46,265] Trial 66 finished with value: 304.0538635253906 and parameters: {'gradient_clip_val': 0.10057837463164539, 'hidden_size': 56, 'dropout': 0.2538017576655301, 'hidden_continuous_size': 40, 'attention_head_size': 1, 'learning_rate': 0.002518875706529158}. Best is trial 44 with value: 245.6907958984375.
LOCAL_RANK: 0 - CUDA_VISIBLE_DEVICES: [0]
[I 2023-11-30 00:16:00,211] Trial 67 finished with value: 288.2591247558594 and parameters: {'gradient_clip_val': 0.12721622565917182, 'hidden_size': 89, 'dropout': 0.2322528595611385, 'hidden_continuous_size': 53, 'attention_head_size': 2, 'learning_rate': 0.005185508430829187}. Best is trial 44 with value: 245.6907958984375.
LOCAL_RANK: 0 - CUDA_VISIBLE_DEVICES: [0]
[I 2023-11-30 00:16:13,602] Trial 68 finished with value: 263.2112731933594 and parameters: {'gradient_clip_val': 0.15723510035151703, 'hidden_size': 62, 'dropout': 0.1886886130768811, 'hidden_continuous_size': 35, 'attention_head_size': 2, 'learning_rate': 0.0041920358875575025}. Best is trial 44 with value: 245.6907958984375.
LOCAL_RANK: 0 - CUDA_VISIBLE_DEVICES: [0]
[I 2023-11-30 00:16:26,754] Trial 69 finished with value: 283.7698059082031 and parameters: {'gradient_clip_val': 0.1180434002888297, 'hidden_size': 52, 'dropout': 0.24055529358138766, 'hidden_continuous_size': 38, 'attention_head_size': 1, 'learning_rate': 0.0021196385397217786}. Best is trial 44 with value: 245.6907958984375.
LOCAL_RANK: 0 - CUDA_VISIBLE_DEVICES: [0]
[I 2023-11-30 00:16:40,646] Trial 70 finished with value: 250.6072540283203 and parameters: {'gradient_clip_val': 0.15166348784723468, 'hidden_size': 73, 'dropout': 0.21367528658161566, 'hidden_continuous_size': 47, 'attention_head_size': 2, 'learning_rate': 0.003211169748738177}. Best is trial 44 with value: 245.6907958984375.
LOCAL_RANK: 0 - CUDA_VISIBLE_DEVICES: [0]
[I 2023-11-30 00:16:54,291] Trial 71 finished with value: 265.2021484375 and parameters: {'gradient_clip_val': 0.13516971810822367, 'hidden_size': 74, 'dropout': 0.21106714195160955, 'hidden_continuous_size': 46, 'attention_head_size': 2, 'learning_rate': 0.0031854415578570897}. Best is trial 44 with value: 245.6907958984375.
LOCAL_RANK: 0 - CUDA_VISIBLE_DEVICES: [0]
[I 2023-11-30 00:17:07,851] Trial 72 finished with value: 265.11578369140625 and parameters: {'gradient_clip_val': 0.1531023460585303, 'hidden_size': 70, 'dropout': 0.22230057263914127, 'hidden_continuous_size': 42, 'attention_head_size': 2, 'learning_rate': 0.00367915452719318}. Best is trial 44 with value: 245.6907958984375.
LOCAL_RANK: 0 - CUDA_VISIBLE_DEVICES: [0]
[I 2023-11-30 00:17:21,366] Trial 73 finished with value: 255.9228515625 and parameters: {'gradient_clip_val': 0.16334691264085452, 'hidden_size': 78, 'dropout': 0.1958183143508225, 'hidden_continuous_size': 33, 'attention_head_size': 2, 'learning_rate': 0.0029420817826600956}. Best is trial 44 with value: 245.6907958984375.
LOCAL_RANK: 0 - CUDA_VISIBLE_DEVICES: [0]
[I 2023-11-30 00:17:35,194] Trial 74 finished with value: 267.8030090332031 and parameters: {'gradient_clip_val': 0.14537906940164452, 'hidden_size': 104, 'dropout': 0.21278239551129163, 'hidden_continuous_size': 56, 'attention_head_size': 2, 'learning_rate': 0.002426508765777191}. Best is trial 44 with value: 245.6907958984375.
LOCAL_RANK: 0 - CUDA_VISIBLE_DEVICES: [0]
[I 2023-11-30 00:17:49,233] Trial 75 finished with value: 263.59173583984375 and parameters: {'gradient_clip_val': 0.1600672876661852, 'hidden_size': 81, 'dropout': 0.22500475868155523, 'hidden_continuous_size': 47, 'attention_head_size': 2, 'learning_rate': 0.0030723877534976044}. Best is trial 44 with value: 245.6907958984375.
LOCAL_RANK: 0 - CUDA_VISIBLE_DEVICES: [0]
[I 2023-11-30 00:18:02,655] Trial 76 finished with value: 324.3524169921875 and parameters: {'gradient_clip_val': 0.12786906355057448, 'hidden_size': 60, 'dropout': 0.18981040141856143, 'hidden_continuous_size': 44, 'attention_head_size': 2, 'learning_rate': 0.002460234384924988}. Best is trial 44 with value: 245.6907958984375.
LOCAL_RANK: 0 - CUDA_VISIBLE_DEVICES: [0]
[I 2023-11-30 00:18:16,452] Trial 77 finished with value: 333.66888427734375 and parameters: {'gradient_clip_val': 0.13339771607797146, 'hidden_size': 89, 'dropout': 0.24272228847247668, 'hidden_continuous_size': 34, 'attention_head_size': 2, 'learning_rate': 0.003990564109795166}. Best is trial 44 with value: 245.6907958984375.
LOCAL_RANK: 0 - CUDA_VISIBLE_DEVICES: [0]
[I 2023-11-30 00:18:30,155] Trial 78 finished with value: 297.9365234375 and parameters: {'gradient_clip_val': 0.1199573681621585, 'hidden_size': 76, 'dropout': 0.2340768447511018, 'hidden_continuous_size': 48, 'attention_head_size': 3, 'learning_rate': 0.005053596942706777}. Best is trial 44 with value: 245.6907958984375.
LOCAL_RANK: 0 - CUDA_VISIBLE_DEVICES: [0]
[I 2023-11-30 00:18:43,565] Trial 79 finished with value: 285.6900634765625 and parameters: {'gradient_clip_val': 0.18549809085144855, 'hidden_size': 58, 'dropout': 0.21745992345388324, 'hidden_continuous_size': 40, 'attention_head_size': 2, 'learning_rate': 0.0028210953811043642}. Best is trial 44 with value: 245.6907958984375.
LOCAL_RANK: 0 - CUDA_VISIBLE_DEVICES: [0]
[I 2023-11-30 00:18:57,337] Trial 80 finished with value: 297.2405090332031 and parameters: {'gradient_clip_val': 0.15091521290290164, 'hidden_size': 71, 'dropout': 0.20610445393184096, 'hidden_continuous_size': 43, 'attention_head_size': 2, 'learning_rate': 0.0033362997505484793}. Best is trial 44 with value: 245.6907958984375.
LOCAL_RANK: 0 - CUDA_VISIBLE_DEVICES: [0]
[I 2023-11-30 00:19:11,031] Trial 81 finished with value: 299.1152038574219 and parameters: {'gradient_clip_val': 0.16942801172321273, 'hidden_size': 65, 'dropout': 0.19486047512399254, 'hidden_continuous_size': 33, 'attention_head_size': 2, 'learning_rate': 0.004314299811808883}. Best is trial 44 with value: 245.6907958984375.
LOCAL_RANK: 0 - CUDA_VISIBLE_DEVICES: [0]
[I 2023-11-30 00:19:24,648] Trial 82 finished with value: 276.84222412109375 and parameters: {'gradient_clip_val': 0.14188970895181482, 'hidden_size': 66, 'dropout': 0.19636625326809415, 'hidden_continuous_size': 39, 'attention_head_size': 2, 'learning_rate': 0.002771202658905717}. Best is trial 44 with value: 245.6907958984375.
LOCAL_RANK: 0 - CUDA_VISIBLE_DEVICES: [0]
[I 2023-11-30 00:19:37,972] Trial 83 finished with value: 263.50390625 and parameters: {'gradient_clip_val': 0.17361304856729243, 'hidden_size': 54, 'dropout': 0.1828791902773343, 'hidden_continuous_size': 37, 'attention_head_size': 2, 'learning_rate': 0.006002133293069701}. Best is trial 44 with value: 245.6907958984375.
LOCAL_RANK: 0 - CUDA_VISIBLE_DEVICES: [0]
[I 2023-11-30 00:19:51,669] Trial 84 finished with value: 329.2149658203125 and parameters: {'gradient_clip_val': 0.23700467257387867, 'hidden_size': 79, 'dropout': 0.20413783206251035, 'hidden_continuous_size': 43, 'attention_head_size': 2, 'learning_rate': 0.004906326646133617}. Best is trial 44 with value: 245.6907958984375.
LOCAL_RANK: 0 - CUDA_VISIBLE_DEVICES: [0]
[I 2023-11-30 00:20:05,380] Trial 85 finished with value: 274.0329895019531 and parameters: {'gradient_clip_val': 0.2031769579767374, 'hidden_size': 86, 'dropout': 0.16862767076679944, 'hidden_continuous_size': 28, 'attention_head_size': 2, 'learning_rate': 0.0035818368124610894}. Best is trial 44 with value: 245.6907958984375.
LOCAL_RANK: 0 - CUDA_VISIBLE_DEVICES: [0]
[I 2023-11-30 00:20:18,680] Trial 86 finished with value: 289.5091247558594 and parameters: {'gradient_clip_val': 0.15850649489980823, 'hidden_size': 62, 'dropout': 0.19883611609824606, 'hidden_continuous_size': 26, 'attention_head_size': 2, 'learning_rate': 0.004077637261600523}. Best is trial 44 with value: 245.6907958984375.
LOCAL_RANK: 0 - CUDA_VISIBLE_DEVICES: [0]
[I 2023-11-30 00:20:32,230] Trial 87 finished with value: 280.7793273925781 and parameters: {'gradient_clip_val': 0.1649733628241793, 'hidden_size': 74, 'dropout': 0.24799771355873285, 'hidden_continuous_size': 35, 'attention_head_size': 2, 'learning_rate': 0.0066313924085228985}. Best is trial 44 with value: 245.6907958984375.
LOCAL_RANK: 0 - CUDA_VISIBLE_DEVICES: [0]
[I 2023-11-30 00:20:45,612] Trial 88 finished with value: 377.4642028808594 and parameters: {'gradient_clip_val': 0.14216236701782847, 'hidden_size': 57, 'dropout': 0.21714242383987134, 'hidden_continuous_size': 41, 'attention_head_size': 1, 'learning_rate': 0.002058737123496173}. Best is trial 44 with value: 245.6907958984375.
LOCAL_RANK: 0 - CUDA_VISIBLE_DEVICES: [0]
[I 2023-11-30 00:20:59,258] Trial 89 finished with value: 275.6959533691406 and parameters: {'gradient_clip_val': 0.1908206431143304, 'hidden_size': 69, 'dropout': 0.2106293326167702, 'hidden_continuous_size': 49, 'attention_head_size': 2, 'learning_rate': 0.00472281162627458}. Best is trial 44 with value: 245.6907958984375.
LOCAL_RANK: 0 - CUDA_VISIBLE_DEVICES: [0]
[I 2023-11-30 00:21:12,774] Trial 90 finished with value: 277.7821350097656 and parameters: {'gradient_clip_val': 0.11243006411967382, 'hidden_size': 47, 'dropout': 0.2259404186612355, 'hidden_continuous_size': 38, 'attention_head_size': 3, 'learning_rate': 0.005576514273051502}. Best is trial 44 with value: 245.6907958984375.
LOCAL_RANK: 0 - CUDA_VISIBLE_DEVICES: [0]
[I 2023-11-30 00:21:26,056] Trial 91 finished with value: 302.2662658691406 and parameters: {'gradient_clip_val': 0.1336361484397819, 'hidden_size': 62, 'dropout': 0.18567977871138486, 'hidden_continuous_size': 31, 'attention_head_size': 2, 'learning_rate': 0.003116750512444466}. Best is trial 44 with value: 245.6907958984375.
LOCAL_RANK: 0 - CUDA_VISIBLE_DEVICES: [0]
[I 2023-11-30 00:21:39,388] Trial 92 finished with value: 317.8574523925781 and parameters: {'gradient_clip_val': 0.14910534509549297, 'hidden_size': 66, 'dropout': 0.17758321713050873, 'hidden_continuous_size': 30, 'attention_head_size': 2, 'learning_rate': 0.007215083779953426}. Best is trial 44 with value: 245.6907958984375.
LOCAL_RANK: 0 - CUDA_VISIBLE_DEVICES: [0]
[I 2023-11-30 00:21:52,705] Trial 93 finished with value: 275.3478088378906 and parameters: {'gradient_clip_val': 0.17864547277720733, 'hidden_size': 68, 'dropout': 0.20208864252570122, 'hidden_continuous_size': 32, 'attention_head_size': 2, 'learning_rate': 0.00841811992329207}. Best is trial 44 with value: 245.6907958984375.
LOCAL_RANK: 0 - CUDA_VISIBLE_DEVICES: [0]
[I 2023-11-30 00:22:06,186] Trial 94 finished with value: 256.7655944824219 and parameters: {'gradient_clip_val': 0.1400086826703899, 'hidden_size': 83, 'dropout': 0.19683737756013986, 'hidden_continuous_size': 29, 'attention_head_size': 2, 'learning_rate': 0.006196258686974321}. Best is trial 44 with value: 245.6907958984375.
LOCAL_RANK: 0 - CUDA_VISIBLE_DEVICES: [0]
[I 2023-11-30 00:22:19,844] Trial 95 finished with value: 292.9668884277344 and parameters: {'gradient_clip_val': 0.12506738795542266, 'hidden_size': 82, 'dropout': 0.1969765580819179, 'hidden_continuous_size': 28, 'attention_head_size': 2, 'learning_rate': 0.003623081969206249}. Best is trial 44 with value: 245.6907958984375.
LOCAL_RANK: 0 - CUDA_VISIBLE_DEVICES: [0]
[I 2023-11-30 00:22:33,699] Trial 96 finished with value: 290.1449279785156 and parameters: {'gradient_clip_val': 0.17589623378088168, 'hidden_size': 93, 'dropout': 0.1916674603568729, 'hidden_continuous_size': 33, 'attention_head_size': 2, 'learning_rate': 0.005799209409645941}. Best is trial 44 with value: 245.6907958984375.
LOCAL_RANK: 0 - CUDA_VISIBLE_DEVICES: [0]
[I 2023-11-30 00:22:47,242] Trial 97 finished with value: 274.5111999511719 and parameters: {'gradient_clip_val': 0.15698615125695506, 'hidden_size': 78, 'dropout': 0.20923658278544, 'hidden_continuous_size': 29, 'attention_head_size': 2, 'learning_rate': 0.0044657958913137084}. Best is trial 44 with value: 245.6907958984375.
LOCAL_RANK: 0 - CUDA_VISIBLE_DEVICES: [0]
[I 2023-11-30 00:23:01,012] Trial 98 finished with value: 324.4179992675781 and parameters: {'gradient_clip_val': 0.1946800545210392, 'hidden_size': 102, 'dropout': 0.21981746564527516, 'hidden_continuous_size': 24, 'attention_head_size': 2, 'learning_rate': 0.0063356882752311295}. Best is trial 44 with value: 245.6907958984375.
LOCAL_RANK: 0 - CUDA_VISIBLE_DEVICES: [0]
[I 2023-11-30 00:23:14,753] Trial 99 finished with value: 278.3973388671875 and parameters: {'gradient_clip_val': 0.16743330313739374, 'hidden_size': 84, 'dropout': 0.2368668184672385, 'hidden_continuous_size': 44, 'attention_head_size': 2, 'learning_rate': 0.002984787473645248}. Best is trial 44 with value: 245.6907958984375.
LOCAL_RANK: 0 - CUDA_VISIBLE_DEVICES: [0]
[I 2023-11-30 00:23:28,532] Trial 100 finished with value: 280.6651306152344 and parameters: {'gradient_clip_val': 0.13881850964711268, 'hidden_size': 74, 'dropout': 0.18384153053434826, 'hidden_continuous_size': 46, 'attention_head_size': 2, 'learning_rate': 0.002618654130073507}. Best is trial 44 with value: 245.6907958984375.
LOCAL_RANK: 0 - CUDA_VISIBLE_DEVICES: [0]
[I 2023-11-30 00:23:41,841] Trial 101 finished with value: 262.5507507324219 and parameters: {'gradient_clip_val': 0.14622513389976446, 'hidden_size': 72, 'dropout': 0.20054263677488623, 'hidden_continuous_size': 31, 'attention_head_size': 2, 'learning_rate': 0.005082390998025379}. Best is trial 44 with value: 245.6907958984375.
LOCAL_RANK: 0 - CUDA_VISIBLE_DEVICES: [0]
[I 2023-11-30 00:23:55,245] Trial 102 finished with value: 254.2463836669922 and parameters: {'gradient_clip_val': 0.13162586752497588, 'hidden_size': 65, 'dropout': 0.20545528047996453, 'hidden_continuous_size': 27, 'attention_head_size': 2, 'learning_rate': 0.00398911602179333}. Best is trial 44 with value: 245.6907958984375.
LOCAL_RANK: 0 - CUDA_VISIBLE_DEVICES: [0]
[I 2023-11-30 00:24:08,499] Trial 103 finished with value: 279.3064270019531 and parameters: {'gradient_clip_val': 0.1310022599307219, 'hidden_size': 58, 'dropout': 0.19269902323915877, 'hidden_continuous_size': 27, 'attention_head_size': 2, 'learning_rate': 0.0038511265706984545}. Best is trial 44 with value: 245.6907958984375.
LOCAL_RANK: 0 - CUDA_VISIBLE_DEVICES: [0]
[I 2023-11-30 00:24:21,639] Trial 104 finished with value: 292.8349304199219 and parameters: {'gradient_clip_val': 0.12118450825713911, 'hidden_size': 64, 'dropout': 0.22873925314879337, 'hidden_continuous_size': 27, 'attention_head_size': 2, 'learning_rate': 0.0034386865033711076}. Best is trial 44 with value: 245.6907958984375.
LOCAL_RANK: 0 - CUDA_VISIBLE_DEVICES: [0]
[I 2023-11-30 00:24:35,049] Trial 105 finished with value: 261.956298828125 and parameters: {'gradient_clip_val': 0.16453044174650472, 'hidden_size': 54, 'dropout': 0.2137767733174087, 'hidden_continuous_size': 29, 'attention_head_size': 2, 'learning_rate': 0.004097585557112386}. Best is trial 44 with value: 245.6907958984375.
LOCAL_RANK: 0 - CUDA_VISIBLE_DEVICES: [0]
[I 2023-11-30 00:24:48,359] Trial 106 finished with value: 240.8773193359375 and parameters: {'gradient_clip_val': 0.1542524224706166, 'hidden_size': 78, 'dropout': 0.20488302762037464, 'hidden_continuous_size': 25, 'attention_head_size': 2, 'learning_rate': 0.00457491049834278}. Best is trial 106 with value: 240.8773193359375.
LOCAL_RANK: 0 - CUDA_VISIBLE_DEVICES: [0]
[I 2023-11-30 00:25:01,839] Trial 107 finished with value: 252.3440399169922 and parameters: {'gradient_clip_val': 0.1277178414326566, 'hidden_size': 77, 'dropout': 0.20596069704242814, 'hidden_continuous_size': 25, 'attention_head_size': 2, 'learning_rate': 0.005337997106766039}. Best is trial 106 with value: 240.8773193359375.
LOCAL_RANK: 0 - CUDA_VISIBLE_DEVICES: [0]
[I 2023-11-30 00:25:15,411] Trial 108 finished with value: 318.6933288574219 and parameters: {'gradient_clip_val': 0.11585260947042139, 'hidden_size': 92, 'dropout': 0.20634266706515975, 'hidden_continuous_size': 25, 'attention_head_size': 2, 'learning_rate': 0.006726617356412268}. Best is trial 106 with value: 240.8773193359375.
LOCAL_RANK: 0 - CUDA_VISIBLE_DEVICES: [0]
[I 2023-11-30 00:25:28,770] Trial 109 finished with value: 246.5115966796875 and parameters: {'gradient_clip_val': 0.1238060415948692, 'hidden_size': 78, 'dropout': 0.17546487698511404, 'hidden_continuous_size': 22, 'attention_head_size': 2, 'learning_rate': 0.005295348781658673}. Best is trial 106 with value: 240.8773193359375.
LOCAL_RANK: 0 - CUDA_VISIBLE_DEVICES: [0]
[I 2023-11-30 00:25:42,426] Trial 110 finished with value: 270.38720703125 and parameters: {'gradient_clip_val': 0.10836459339617921, 'hidden_size': 87, 'dropout': 0.18604523983214438, 'hidden_continuous_size': 23, 'attention_head_size': 2, 'learning_rate': 0.005422319953635212}. Best is trial 106 with value: 240.8773193359375.
LOCAL_RANK: 0 - CUDA_VISIBLE_DEVICES: [0]
[I 2023-11-30 00:25:55,665] Trial 111 finished with value: 260.2507019042969 and parameters: {'gradient_clip_val': 0.12317865213822903, 'hidden_size': 78, 'dropout': 0.20861474829847557, 'hidden_continuous_size': 21, 'attention_head_size': 2, 'learning_rate': 0.004612379464511784}. Best is trial 106 with value: 240.8773193359375.
LOCAL_RANK: 0 - CUDA_VISIBLE_DEVICES: [0]
[I 2023-11-30 00:26:09,154] Trial 112 finished with value: 257.7354736328125 and parameters: {'gradient_clip_val': 0.12961968362236598, 'hidden_size': 82, 'dropout': 0.19173854507787774, 'hidden_continuous_size': 22, 'attention_head_size': 2, 'learning_rate': 0.0059439653673046535}. Best is trial 106 with value: 240.8773193359375.
LOCAL_RANK: 0 - CUDA_VISIBLE_DEVICES: [0]
[I 2023-11-30 00:26:22,495] Trial 113 finished with value: 295.9675598144531 and parameters: {'gradient_clip_val': 0.12889135812199295, 'hidden_size': 84, 'dropout': 0.1709375332219209, 'hidden_continuous_size': 21, 'attention_head_size': 2, 'learning_rate': 0.004660134737772034}. Best is trial 106 with value: 240.8773193359375.
LOCAL_RANK: 0 - CUDA_VISIBLE_DEVICES: [0]
[I 2023-11-30 00:26:35,817] Trial 114 finished with value: 288.0880432128906 and parameters: {'gradient_clip_val': 0.13701063615655, 'hidden_size': 80, 'dropout': 0.21715581770602105, 'hidden_continuous_size': 24, 'attention_head_size': 2, 'learning_rate': 0.005385009470519989}. Best is trial 106 with value: 240.8773193359375.
LOCAL_RANK: 0 - CUDA_VISIBLE_DEVICES: [0]
[I 2023-11-30 00:26:49,542] Trial 115 finished with value: 375.405029296875 and parameters: {'gradient_clip_val': 0.11464079410586449, 'hidden_size': 75, 'dropout': 0.17645950229933086, 'hidden_continuous_size': 26, 'attention_head_size': 2, 'learning_rate': 0.004274173823745789}. Best is trial 106 with value: 240.8773193359375.
LOCAL_RANK: 0 - CUDA_VISIBLE_DEVICES: [0]
[I 2023-11-30 00:27:03,121] Trial 116 finished with value: 274.0999450683594 and parameters: {'gradient_clip_val': 0.11878606567278975, 'hidden_size': 97, 'dropout': 0.19309746089758578, 'hidden_continuous_size': 22, 'attention_head_size': 2, 'learning_rate': 0.006067498524566101}. Best is trial 106 with value: 240.8773193359375.
LOCAL_RANK: 0 - CUDA_VISIBLE_DEVICES: [0]
[I 2023-11-30 00:27:16,629] Trial 117 finished with value: 264.6064453125 and parameters: {'gradient_clip_val': 0.10849598707341367, 'hidden_size': 90, 'dropout': 0.2020508036717491, 'hidden_continuous_size': 25, 'attention_head_size': 2, 'learning_rate': 0.0034973865335502425}. Best is trial 106 with value: 240.8773193359375.
LOCAL_RANK: 0 - CUDA_VISIBLE_DEVICES: [0]
[I 2023-11-30 00:27:30,115] Trial 118 finished with value: 267.9478759765625 and parameters: {'gradient_clip_val': 0.13059546395443616, 'hidden_size': 70, 'dropout': 0.18016009465617613, 'hidden_continuous_size': 23, 'attention_head_size': 3, 'learning_rate': 0.003959560140426586}. Best is trial 106 with value: 240.8773193359375.
LOCAL_RANK: 0 - CUDA_VISIBLE_DEVICES: [0]
