[I 2023-11-30 00:29:38,745] Trial 115 finished with value: 417.1615905761719 and parameters: {'gradient_clip_val': 0.25581683462082994, 'hidden_size': 97, 'dropout': 0.21567773488855452, 'hidden_continuous_size': 24, 'attention_head_size': 2, 'learning_rate': 0.04527855469024394}. Best is trial 70 with value: 251.4758758544922.
LOCAL_RANK: 0 - CUDA_VISIBLE_DEVICES: [0]
[I 2023-11-30 00:29:52,581] Trial 116 finished with value: 438.4022521972656 and parameters: {'gradient_clip_val': 0.31977769892120506, 'hidden_size': 134, 'dropout': 0.23840168788297414, 'hidden_continuous_size': 25, 'attention_head_size': 2, 'learning_rate': 0.03447461122107739}. Best is trial 70 with value: 251.4758758544922.
LOCAL_RANK: 0 - CUDA_VISIBLE_DEVICES: [0]
[I 2023-11-30 00:30:06,240] Trial 117 finished with value: 380.2044372558594 and parameters: {'gradient_clip_val': 0.24252819644079968, 'hidden_size': 124, 'dropout': 0.20289970686970368, 'hidden_continuous_size': 27, 'attention_head_size': 2, 'learning_rate': 0.007813965592448336}. Best is trial 70 with value: 251.4758758544922.
LOCAL_RANK: 0 - CUDA_VISIBLE_DEVICES: [0]
[I 2023-11-30 00:30:19,688] Trial 118 finished with value: 378.0962829589844 and parameters: {'gradient_clip_val': 0.3014329243925938, 'hidden_size': 117, 'dropout': 0.26391566219908835, 'hidden_continuous_size': 11, 'attention_head_size': 2, 'learning_rate': 0.01908743557461378}. Best is trial 70 with value: 251.4758758544922.
LOCAL_RANK: 0 - CUDA_VISIBLE_DEVICES: [0]
[I 2023-11-30 00:30:33,408] Trial 119 finished with value: 409.0101623535156 and parameters: {'gradient_clip_val': 0.34132187824321186, 'hidden_size': 105, 'dropout': 0.24382629277596138, 'hidden_continuous_size': 30, 'attention_head_size': 4, 'learning_rate': 0.01583063702966815}. Best is trial 70 with value: 251.4758758544922.
LOCAL_RANK: 0 - CUDA_VISIBLE_DEVICES: [0]
[I 2023-11-30 00:30:47,028] Trial 120 finished with value: 371.9238586425781 and parameters: {'gradient_clip_val': 0.22014231016379637, 'hidden_size': 112, 'dropout': 0.1776148709829391, 'hidden_continuous_size': 47, 'attention_head_size': 1, 'learning_rate': 0.02892605764421234}. Best is trial 70 with value: 251.4758758544922.
LOCAL_RANK: 0 - CUDA_VISIBLE_DEVICES: [0]
[I 2023-11-30 00:31:00,538] Trial 121 finished with value: 300.572021484375 and parameters: {'gradient_clip_val': 0.23146237384340904, 'hidden_size': 122, 'dropout': 0.17150898827776603, 'hidden_continuous_size': 13, 'attention_head_size': 2, 'learning_rate': 0.021451245111728134}. Best is trial 70 with value: 251.4758758544922.
LOCAL_RANK: 0 - CUDA_VISIBLE_DEVICES: [0]
[I 2023-11-30 00:31:13,978] Trial 122 finished with value: 391.0414123535156 and parameters: {'gradient_clip_val': 0.2284735184648459, 'hidden_size': 126, 'dropout': 0.16704303880323265, 'hidden_continuous_size': 13, 'attention_head_size': 2, 'learning_rate': 0.021129825250897204}. Best is trial 70 with value: 251.4758758544922.
LOCAL_RANK: 0 - CUDA_VISIBLE_DEVICES: [0]
[I 2023-11-30 00:31:28,116] Trial 123 finished with value: 361.7976989746094 and parameters: {'gradient_clip_val': 0.2645727926612983, 'hidden_size': 150, 'dropout': 0.18612768269913926, 'hidden_continuous_size': 14, 'attention_head_size': 2, 'learning_rate': 0.01869365000118407}. Best is trial 70 with value: 251.4758758544922.
LOCAL_RANK: 0 - CUDA_VISIBLE_DEVICES: [0]
[I 2023-11-30 00:31:41,982] Trial 124 finished with value: 376.3361511230469 and parameters: {'gradient_clip_val': 0.2890447075345223, 'hidden_size': 134, 'dropout': 0.17408203237182907, 'hidden_continuous_size': 39, 'attention_head_size': 2, 'learning_rate': 0.02247640937048139}. Best is trial 70 with value: 251.4758758544922.
LOCAL_RANK: 0 - CUDA_VISIBLE_DEVICES: [0]
[I 2023-11-30 00:31:55,457] Trial 125 finished with value: 322.65765380859375 and parameters: {'gradient_clip_val': 0.27846577901773745, 'hidden_size': 120, 'dropout': 0.19255305197199313, 'hidden_continuous_size': 16, 'attention_head_size': 2, 'learning_rate': 0.026655418453252224}. Best is trial 70 with value: 251.4758758544922.
LOCAL_RANK: 0 - CUDA_VISIBLE_DEVICES: [0]
[I 2023-11-30 00:32:09,272] Trial 126 finished with value: 375.048095703125 and parameters: {'gradient_clip_val': 0.24525266381523375, 'hidden_size': 139, 'dropout': 0.2528800689524671, 'hidden_continuous_size': 13, 'attention_head_size': 2, 'learning_rate': 0.04074271334484666}. Best is trial 70 with value: 251.4758758544922.
LOCAL_RANK: 0 - CUDA_VISIBLE_DEVICES: [0]
[I 2023-11-30 00:32:23,035] Trial 127 finished with value: 333.6517639160156 and parameters: {'gradient_clip_val': 0.6097199368004509, 'hidden_size': 101, 'dropout': 0.16006198939053148, 'hidden_continuous_size': 43, 'attention_head_size': 3, 'learning_rate': 0.005429488466554881}. Best is trial 70 with value: 251.4758758544922.
LOCAL_RANK: 0 - CUDA_VISIBLE_DEVICES: [0]
[I 2023-11-30 00:32:36,257] Trial 128 finished with value: 352.9980163574219 and parameters: {'gradient_clip_val': 0.23376996818776766, 'hidden_size': 92, 'dropout': 0.2606821600340411, 'hidden_continuous_size': 12, 'attention_head_size': 2, 'learning_rate': 0.03516486156778805}. Best is trial 70 with value: 251.4758758544922.
LOCAL_RANK: 0 - CUDA_VISIBLE_DEVICES: [0]
[I 2023-11-30 00:32:49,526] Trial 129 finished with value: 375.9624938964844 and parameters: {'gradient_clip_val': 0.38353240100783115, 'hidden_size': 128, 'dropout': 0.23415725709268526, 'hidden_continuous_size': 10, 'attention_head_size': 2, 'learning_rate': 0.021312860863864743}. Best is trial 70 with value: 251.4758758544922.
LOCAL_RANK: 0 - CUDA_VISIBLE_DEVICES: [0]
[I 2023-11-30 00:33:03,198] Trial 130 finished with value: 541.8026733398438 and parameters: {'gradient_clip_val': 0.2578045048931266, 'hidden_size': 109, 'dropout': 0.18048651310950392, 'hidden_continuous_size': 33, 'attention_head_size': 2, 'learning_rate': 0.025628778493661138}. Best is trial 70 with value: 251.4758758544922.
LOCAL_RANK: 0 - CUDA_VISIBLE_DEVICES: [0]
[I 2023-11-30 00:33:16,718] Trial 131 finished with value: 414.561767578125 and parameters: {'gradient_clip_val': 0.21545525997203385, 'hidden_size': 120, 'dropout': 0.14208339470211115, 'hidden_continuous_size': 29, 'attention_head_size': 2, 'learning_rate': 0.030705253298712494}. Best is trial 70 with value: 251.4758758544922.
LOCAL_RANK: 0 - CUDA_VISIBLE_DEVICES: [0]
[I 2023-11-30 00:33:30,379] Trial 132 finished with value: 355.4952087402344 and parameters: {'gradient_clip_val': 0.20804733397106678, 'hidden_size': 114, 'dropout': 0.16967081029344788, 'hidden_continuous_size': 25, 'attention_head_size': 2, 'learning_rate': 0.023320621877592176}. Best is trial 70 with value: 251.4758758544922.
LOCAL_RANK: 0 - CUDA_VISIBLE_DEVICES: [0]
[I 2023-11-30 00:33:44,632] Trial 133 finished with value: 323.0751037597656 and parameters: {'gradient_clip_val': 0.32510757221743686, 'hidden_size': 142, 'dropout': 0.1584368213733616, 'hidden_continuous_size': 35, 'attention_head_size': 2, 'learning_rate': 0.016847113182110338}. Best is trial 70 with value: 251.4758758544922.
LOCAL_RANK: 0 - CUDA_VISIBLE_DEVICES: [0]
[I 2023-11-30 00:33:58,448] Trial 134 finished with value: 318.2332458496094 and parameters: {'gradient_clip_val': 0.35808638168230156, 'hidden_size': 129, 'dropout': 0.19711630734367822, 'hidden_continuous_size': 22, 'attention_head_size': 2, 'learning_rate': 0.020809847689096286}. Best is trial 70 with value: 251.4758758544922.
LOCAL_RANK: 0 - CUDA_VISIBLE_DEVICES: [0]
[I 2023-11-30 00:34:12,289] Trial 135 finished with value: 342.491455078125 and parameters: {'gradient_clip_val': 0.199462905102214, 'hidden_size': 117, 'dropout': 0.15421326432341942, 'hidden_continuous_size': 51, 'attention_head_size': 2, 'learning_rate': 0.013824775996732565}. Best is trial 70 with value: 251.4758758544922.
LOCAL_RANK: 0 - CUDA_VISIBLE_DEVICES: [0]
[I 2023-11-30 00:34:26,164] Trial 136 finished with value: 393.01953125 and parameters: {'gradient_clip_val': 0.1859777056598062, 'hidden_size': 135, 'dropout': 0.1367766758603811, 'hidden_continuous_size': 17, 'attention_head_size': 2, 'learning_rate': 0.037808847761900764}. Best is trial 70 with value: 251.4758758544922.
LOCAL_RANK: 0 - CUDA_VISIBLE_DEVICES: [0]
[I 2023-11-30 00:34:39,802] Trial 137 finished with value: 453.635498046875 and parameters: {'gradient_clip_val': 0.22551884412511497, 'hidden_size': 103, 'dropout': 0.17409569927560203, 'hidden_continuous_size': 32, 'attention_head_size': 2, 'learning_rate': 0.04549485261675723}. Best is trial 70 with value: 251.4758758544922.
LOCAL_RANK: 0 - CUDA_VISIBLE_DEVICES: [0]
[I 2023-11-30 00:34:53,722] Trial 138 finished with value: 507.3548889160156 and parameters: {'gradient_clip_val': 0.2673874003250009, 'hidden_size': 123, 'dropout': 0.18607606446251032, 'hidden_continuous_size': 19, 'attention_head_size': 3, 'learning_rate': 0.0282490382480049}. Best is trial 70 with value: 251.4758758544922.
LOCAL_RANK: 0 - CUDA_VISIBLE_DEVICES: [0]
[I 2023-11-30 00:35:06,556] Trial 139 finished with value: 389.72802734375 and parameters: {'gradient_clip_val': 0.23796907589625832, 'hidden_size': 84, 'dropout': 0.2300221750334605, 'hidden_continuous_size': 14, 'attention_head_size': 1, 'learning_rate': 0.02401029829956624}. Best is trial 70 with value: 251.4758758544922.
LOCAL_RANK: 0 - CUDA_VISIBLE_DEVICES: [0]
[I 2023-11-30 00:35:20,329] Trial 140 finished with value: 388.8053894042969 and parameters: {'gradient_clip_val': 0.3090630791955916, 'hidden_size': 107, 'dropout': 0.21833732457541413, 'hidden_continuous_size': 48, 'attention_head_size': 2, 'learning_rate': 0.03138923775367903}. Best is trial 70 with value: 251.4758758544922.
LOCAL_RANK: 0 - CUDA_VISIBLE_DEVICES: [0]
[I 2023-11-30 00:35:33,958] Trial 141 finished with value: 400.0672302246094 and parameters: {'gradient_clip_val': 0.17163586058814817, 'hidden_size': 136, 'dropout': 0.16369584178927363, 'hidden_continuous_size': 11, 'attention_head_size': 3, 'learning_rate': 0.019700421659816607}. Best is trial 70 with value: 251.4758758544922.
LOCAL_RANK: 0 - CUDA_VISIBLE_DEVICES: [0]
[I 2023-11-30 00:35:48,047] Trial 142 finished with value: 350.4763488769531 and parameters: {'gradient_clip_val': 0.16245082988749399, 'hidden_size': 150, 'dropout': 0.16349394566756964, 'hidden_continuous_size': 12, 'attention_head_size': 3, 'learning_rate': 0.018904515167557468}. Best is trial 70 with value: 251.4758758544922.
LOCAL_RANK: 0 - CUDA_VISIBLE_DEVICES: [0]
[I 2023-11-30 00:36:01,957] Trial 143 finished with value: 492.543701171875 and parameters: {'gradient_clip_val': 0.20019893712086329, 'hidden_size': 140, 'dropout': 0.14886976524863044, 'hidden_continuous_size': 11, 'attention_head_size': 3, 'learning_rate': 0.022500675586059067}. Best is trial 70 with value: 251.4758758544922.
LOCAL_RANK: 0 - CUDA_VISIBLE_DEVICES: [0]
[I 2023-11-30 00:36:15,935] Trial 144 finished with value: 483.5372619628906 and parameters: {'gradient_clip_val': 0.18976057309504607, 'hidden_size': 130, 'dropout': 0.16980205350940467, 'hidden_continuous_size': 23, 'attention_head_size': 4, 'learning_rate': 0.052037626287534715}. Best is trial 70 with value: 251.4758758544922.
LOCAL_RANK: 0 - CUDA_VISIBLE_DEVICES: [0]
[I 2023-11-30 00:36:29,916] Trial 145 finished with value: 335.96099853515625 and parameters: {'gradient_clip_val': 0.2920753217726511, 'hidden_size': 121, 'dropout': 0.17865443783573734, 'hidden_continuous_size': 27, 'attention_head_size': 2, 'learning_rate': 0.011683889780546566}. Best is trial 70 with value: 251.4758758544922.
LOCAL_RANK: 0 - CUDA_VISIBLE_DEVICES: [0]
[I 2023-11-30 00:36:43,568] Trial 146 finished with value: 372.5913391113281 and parameters: {'gradient_clip_val': 0.21563890094034766, 'hidden_size': 113, 'dropout': 0.15477562204801712, 'hidden_continuous_size': 31, 'attention_head_size': 2, 'learning_rate': 0.02633369610091828}. Best is trial 70 with value: 251.4758758544922.
LOCAL_RANK: 0 - CUDA_VISIBLE_DEVICES: [0]
[I 2023-11-30 00:36:57,145] Trial 147 finished with value: 368.6647033691406 and parameters: {'gradient_clip_val': 0.25144054114456477, 'hidden_size': 144, 'dropout': 0.19009753545422034, 'hidden_continuous_size': 10, 'attention_head_size': 2, 'learning_rate': 0.03512605822813101}. Best is trial 70 with value: 251.4758758544922.
LOCAL_RANK: 0 - CUDA_VISIBLE_DEVICES: [0]
[I 2023-11-30 00:37:11,032] Trial 148 finished with value: 330.5700378417969 and parameters: {'gradient_clip_val': 0.4190341329910572, 'hidden_size': 128, 'dropout': 0.24206045186044525, 'hidden_continuous_size': 29, 'attention_head_size': 4, 'learning_rate': 0.039685511640121074}. Best is trial 70 with value: 251.4758758544922.
LOCAL_RANK: 0 - CUDA_VISIBLE_DEVICES: [0]
[I 2023-11-30 00:37:24,101] Trial 149 finished with value: 356.9794921875 and parameters: {'gradient_clip_val': 0.27568713848634235, 'hidden_size': 69, 'dropout': 0.2041133374773554, 'hidden_continuous_size': 28, 'attention_head_size': 2, 'learning_rate': 0.047797106590023716}. Best is trial 70 with value: 251.4758758544922.
[I 2023-11-30 00:37:24,212] A new study created in memory with name: no-name-03991738-72e3-4c7a-9483-ef2f05a21aca
/home/le004/conda/anaconda3/envs/tsff_env/lib/python3.9/site-packages/lightning/fabric/plugins/environments/slurm.py:191: The `srun` command is available on your system but is not used. HINT: If your intention is to run Lightning on SLURM, prepend your python command with `srun` like so: srun python /home/le004/master_thesis/git/TSFusionForecast/code/ ...
LOCAL_RANK: 0 - CUDA_VISIBLE_DEVICES: [0]
[I 2023-11-30 00:37:36,849] Trial 0 finished with value: 2680.471923828125 and parameters: {'gradient_clip_val': 0.1183564314793762, 'hidden_size': 46, 'dropout': 0.1225021634699373, 'hidden_continuous_size': 18, 'attention_head_size': 4, 'learning_rate': 0.057737233185604565}. Best is trial 0 with value: 2680.471923828125.
LOCAL_RANK: 0 - CUDA_VISIBLE_DEVICES: [0]
[I 2023-11-30 00:37:51,085] Trial 1 finished with value: 2674.921630859375 and parameters: {'gradient_clip_val': 0.3472517676816178, 'hidden_size': 144, 'dropout': 0.22395535725060628, 'hidden_continuous_size': 123, 'attention_head_size': 2, 'learning_rate': 0.02265979829742399}. Best is trial 1 with value: 2674.921630859375.
LOCAL_RANK: 0 - CUDA_VISIBLE_DEVICES: [0]
[I 2023-11-30 00:38:04,559] Trial 2 finished with value: 2410.5146484375 and parameters: {'gradient_clip_val': 0.9151145472220668, 'hidden_size': 128, 'dropout': 0.14426224864291406, 'hidden_continuous_size': 30, 'attention_head_size': 2, 'learning_rate': 0.001501735527878182}. Best is trial 2 with value: 2410.5146484375.
LOCAL_RANK: 0 - CUDA_VISIBLE_DEVICES: [0]
[I 2023-11-30 00:38:14,870] Trial 3 finished with value: 2790.9140625 and parameters: {'gradient_clip_val': 0.4255203822993493, 'hidden_size': 10, 'dropout': 0.2756260889857206, 'hidden_continuous_size': 10, 'attention_head_size': 3, 'learning_rate': 0.03215176153369271}. Best is trial 2 with value: 2410.5146484375.
LOCAL_RANK: 0 - CUDA_VISIBLE_DEVICES: [0]
[I 2023-11-30 00:38:26,934] Trial 4 finished with value: 4887.89404296875 and parameters: {'gradient_clip_val': 0.11149809859944258, 'hidden_size': 26, 'dropout': 0.3213094134206144, 'hidden_continuous_size': 17, 'attention_head_size': 2, 'learning_rate': 0.00253194504671795}. Best is trial 2 with value: 2410.5146484375.
LOCAL_RANK: 0 - CUDA_VISIBLE_DEVICES: [0]
[I 2023-11-30 00:38:38,809] Trial 5 finished with value: 4881.5654296875 and parameters: {'gradient_clip_val': 0.7214304925082949, 'hidden_size': 24, 'dropout': 0.3952963685361257, 'hidden_continuous_size': 14, 'attention_head_size': 4, 'learning_rate': 0.002422368592006604}. Best is trial 2 with value: 2410.5146484375.
LOCAL_RANK: 0 - CUDA_VISIBLE_DEVICES: [0]
[I 2023-11-30 00:38:50,937] Trial 6 finished with value: 4954.4208984375 and parameters: {'gradient_clip_val': 0.7349973612506258, 'hidden_size': 23, 'dropout': 0.10101841815397553, 'hidden_continuous_size': 21, 'attention_head_size': 2, 'learning_rate': 0.002309290998549521}. Best is trial 2 with value: 2410.5146484375.
LOCAL_RANK: 0 - CUDA_VISIBLE_DEVICES: [0]
[I 2023-11-30 00:39:03,494] Trial 7 finished with value: 2215.430419921875 and parameters: {'gradient_clip_val': 0.1488851376138903, 'hidden_size': 39, 'dropout': 0.3085316417363444, 'hidden_continuous_size': 26, 'attention_head_size': 2, 'learning_rate': 0.016136782444096522}. Best is trial 7 with value: 2215.430419921875.
LOCAL_RANK: 0 - CUDA_VISIBLE_DEVICES: [0]
[I 2023-11-30 00:39:15,641] Trial 8 finished with value: 3524.581787109375 and parameters: {'gradient_clip_val': 0.20242782000504375, 'hidden_size': 18, 'dropout': 0.13098109340933345, 'hidden_continuous_size': 12, 'attention_head_size': 2, 'learning_rate': 0.001634005672109385}. Best is trial 7 with value: 2215.430419921875.
LOCAL_RANK: 0 - CUDA_VISIBLE_DEVICES: [0]
[I 2023-11-30 00:39:29,236] Trial 9 finished with value: 3046.595947265625 and parameters: {'gradient_clip_val': 0.5632644394483661, 'hidden_size': 88, 'dropout': 0.3625879935309989, 'hidden_continuous_size': 82, 'attention_head_size': 1, 'learning_rate': 0.03961110948946616}. Best is trial 7 with value: 2215.430419921875.
LOCAL_RANK: 0 - CUDA_VISIBLE_DEVICES: [0]
[I 2023-11-30 00:39:41,765] Trial 10 finished with value: 2602.512451171875 and parameters: {'gradient_clip_val': 0.22331561988305196, 'hidden_size': 48, 'dropout': 0.24980128249698963, 'hidden_continuous_size': 27, 'attention_head_size': 1, 'learning_rate': 0.008783474273114992}. Best is trial 7 with value: 2215.430419921875.
LOCAL_RANK: 0 - CUDA_VISIBLE_DEVICES: [0]
[I 2023-11-30 00:39:55,143] Trial 11 finished with value: 2783.670166015625 and parameters: {'gradient_clip_val': 0.9925609587816989, 'hidden_size': 77, 'dropout': 0.1766059341058715, 'hidden_continuous_size': 33, 'attention_head_size': 3, 'learning_rate': 0.009187581826073984}. Best is trial 7 with value: 2215.430419921875.
LOCAL_RANK: 0 - CUDA_VISIBLE_DEVICES: [0]
[I 2023-11-30 00:40:09,179] Trial 12 finished with value: 2507.702880859375 and parameters: {'gradient_clip_val': 0.27221313863876334, 'hidden_size': 141, 'dropout': 0.18893100682413544, 'hidden_continuous_size': 47, 'attention_head_size': 1, 'learning_rate': 0.001001454056277404}. Best is trial 7 with value: 2215.430419921875.
LOCAL_RANK: 0 - CUDA_VISIBLE_DEVICES: [0]
[I 2023-11-30 00:40:22,742] Trial 13 finished with value: 2912.911376953125 and parameters: {'gradient_clip_val': 0.17251557341866172, 'hidden_size': 70, 'dropout': 0.2962178588294874, 'hidden_continuous_size': 33, 'attention_head_size': 3, 'learning_rate': 0.09734812838214299}. Best is trial 7 with value: 2215.430419921875.
LOCAL_RANK: 0 - CUDA_VISIBLE_DEVICES: [0]
[I 2023-11-30 00:40:35,152] Trial 14 finished with value: 2550.408203125 and parameters: {'gradient_clip_val': 0.38307470383692405, 'hidden_size': 37, 'dropout': 0.32661625831715557, 'hidden_continuous_size': 22, 'attention_head_size': 2, 'learning_rate': 0.005073221610875133}. Best is trial 7 with value: 2215.430419921875.
LOCAL_RANK: 0 - CUDA_VISIBLE_DEVICES: [0]
[I 2023-11-30 00:40:48,963] Trial 15 finished with value: 2546.071533203125 and parameters: {'gradient_clip_val': 0.14698203952301575, 'hidden_size': 114, 'dropout': 0.23307087845549387, 'hidden_continuous_size': 44, 'attention_head_size': 3, 'learning_rate': 0.015544099463270865}. Best is trial 7 with value: 2215.430419921875.
LOCAL_RANK: 0 - CUDA_VISIBLE_DEVICES: [0]
[I 2023-11-30 00:41:01,956] Trial 16 finished with value: 2154.332763671875 and parameters: {'gradient_clip_val': 0.29432899634111054, 'hidden_size': 63, 'dropout': 0.272448207461472, 'hidden_continuous_size': 26, 'attention_head_size': 1, 'learning_rate': 0.005287742568330349}. Best is trial 16 with value: 2154.332763671875.
LOCAL_RANK: 0 - CUDA_VISIBLE_DEVICES: [0]
[I 2023-11-30 00:41:14,761] Trial 17 finished with value: 2336.715576171875 and parameters: {'gradient_clip_val': 0.24749206409290575, 'hidden_size': 55, 'dropout': 0.2781857437832744, 'hidden_continuous_size': 24, 'attention_head_size': 1, 'learning_rate': 0.005028112353137282}. Best is trial 16 with value: 2154.332763671875.
LOCAL_RANK: 0 - CUDA_VISIBLE_DEVICES: [0]
[I 2023-11-30 00:41:27,206] Trial 18 finished with value: 2385.599365234375 and parameters: {'gradient_clip_val': 0.29948123036569857, 'hidden_size': 34, 'dropout': 0.32310749388117854, 'hidden_continuous_size': 19, 'attention_head_size': 1, 'learning_rate': 0.012288725031990346}. Best is trial 16 with value: 2154.332763671875.
LOCAL_RANK: 0 - CUDA_VISIBLE_DEVICES: [0]
[I 2023-11-30 00:41:40,212] Trial 19 finished with value: 2294.071044921875 and parameters: {'gradient_clip_val': 0.15570953325732068, 'hidden_size': 65, 'dropout': 0.26823683340573223, 'hidden_continuous_size': 26, 'attention_head_size': 1, 'learning_rate': 0.018049942093933374}. Best is trial 16 with value: 2154.332763671875.
LOCAL_RANK: 0 - CUDA_VISIBLE_DEVICES: [0]
[I 2023-11-30 00:41:53,199] Trial 20 finished with value: 2159.0576171875 and parameters: {'gradient_clip_val': 0.10150537990099748, 'hidden_size': 90, 'dropout': 0.2983222835647891, 'hidden_continuous_size': 15, 'attention_head_size': 1, 'learning_rate': 0.006040292340346276}. Best is trial 16 with value: 2154.332763671875.
LOCAL_RANK: 0 - CUDA_VISIBLE_DEVICES: [0]
[I 2023-11-30 00:42:06,267] Trial 21 finished with value: 2141.011962890625 and parameters: {'gradient_clip_val': 0.10425693870856143, 'hidden_size': 96, 'dropout': 0.30271356336104077, 'hidden_continuous_size': 15, 'attention_head_size': 1, 'learning_rate': 0.006213132016724093}. Best is trial 21 with value: 2141.011962890625.
LOCAL_RANK: 0 - CUDA_VISIBLE_DEVICES: [0]
[I 2023-11-30 00:42:19,357] Trial 22 finished with value: 2083.450927734375 and parameters: {'gradient_clip_val': 0.10085755538471719, 'hidden_size': 95, 'dropout': 0.34971035213186613, 'hidden_continuous_size': 16, 'attention_head_size': 1, 'learning_rate': 0.005648861377200569}. Best is trial 22 with value: 2083.450927734375.
LOCAL_RANK: 0 - CUDA_VISIBLE_DEVICES: [0]
