[I 2023-11-30 01:03:53,837] Trial 144 finished with value: 136.05670166015625 and parameters: {'gradient_clip_val': 0.1349199539754204, 'hidden_size': 16, 'dropout': 0.2462543568485513, 'hidden_continuous_size': 15, 'attention_head_size': 3, 'learning_rate': 0.036664849615793464}. Best is trial 33 with value: 115.2528305053711.
LOCAL_RANK: 0 - CUDA_VISIBLE_DEVICES: [0]
[I 2023-11-30 01:04:06,242] Trial 145 finished with value: 128.02392578125 and parameters: {'gradient_clip_val': 0.1523234254298243, 'hidden_size': 21, 'dropout': 0.25751422701033005, 'hidden_continuous_size': 17, 'attention_head_size': 3, 'learning_rate': 0.029213891404022623}. Best is trial 33 with value: 115.2528305053711.
LOCAL_RANK: 0 - CUDA_VISIBLE_DEVICES: [0]
[I 2023-11-30 01:04:18,848] Trial 146 finished with value: 126.9887924194336 and parameters: {'gradient_clip_val': 0.15397298537859164, 'hidden_size': 21, 'dropout': 0.2569121746938931, 'hidden_continuous_size': 16, 'attention_head_size': 4, 'learning_rate': 0.026009336478362663}. Best is trial 33 with value: 115.2528305053711.
LOCAL_RANK: 0 - CUDA_VISIBLE_DEVICES: [0]
[I 2023-11-30 01:04:31,110] Trial 147 finished with value: 172.5220489501953 and parameters: {'gradient_clip_val': 0.15440149947263593, 'hidden_size': 21, 'dropout': 0.2639180721201641, 'hidden_continuous_size': 17, 'attention_head_size': 3, 'learning_rate': 0.0229481072263588}. Best is trial 33 with value: 115.2528305053711.
LOCAL_RANK: 0 - CUDA_VISIBLE_DEVICES: [0]
[I 2023-11-30 01:04:43,358] Trial 148 finished with value: 158.7858123779297 and parameters: {'gradient_clip_val': 0.168816065879018, 'hidden_size': 21, 'dropout': 0.2564314591015853, 'hidden_continuous_size': 16, 'attention_head_size': 4, 'learning_rate': 0.028705868194088265}. Best is trial 33 with value: 115.2528305053711.
LOCAL_RANK: 0 - CUDA_VISIBLE_DEVICES: [0]
[I 2023-11-30 01:04:55,703] Trial 149 finished with value: 145.66412353515625 and parameters: {'gradient_clip_val': 0.1637018901582568, 'hidden_size': 22, 'dropout': 0.2516474491161627, 'hidden_continuous_size': 16, 'attention_head_size': 4, 'learning_rate': 0.02606204658747425}. Best is trial 33 with value: 115.2528305053711.
[I 2023-11-30 01:04:55,814] A new study created in memory with name: no-name-5f32970e-742c-4ee3-884b-c49088ce28a7
/home/le004/conda/anaconda3/envs/tsff_env/lib/python3.9/site-packages/lightning/fabric/plugins/environments/slurm.py:191: The `srun` command is available on your system but is not used. HINT: If your intention is to run Lightning on SLURM, prepend your python command with `srun` like so: srun python /home/le004/master_thesis/git/TSFusionForecast/code/ ...
LOCAL_RANK: 0 - CUDA_VISIBLE_DEVICES: [0]
[I 2023-11-30 01:05:08,775] Trial 0 finished with value: 140.71913146972656 and parameters: {'gradient_clip_val': 0.17635657441518757, 'hidden_size': 54, 'dropout': 0.10450888801236936, 'hidden_continuous_size': 17, 'attention_head_size': 2, 'learning_rate': 0.009860266227628811}. Best is trial 0 with value: 140.71913146972656.
LOCAL_RANK: 0 - CUDA_VISIBLE_DEVICES: [0]
[I 2023-11-30 01:05:22,939] Trial 1 finished with value: 187.4805908203125 and parameters: {'gradient_clip_val': 0.3528131650887933, 'hidden_size': 114, 'dropout': 0.10214593386440385, 'hidden_continuous_size': 22, 'attention_head_size': 3, 'learning_rate': 0.028413865794543382}. Best is trial 0 with value: 140.71913146972656.
LOCAL_RANK: 0 - CUDA_VISIBLE_DEVICES: [0]
[I 2023-11-30 01:05:34,948] Trial 2 finished with value: 558.1658325195312 and parameters: {'gradient_clip_val': 0.6162495303811637, 'hidden_size': 11, 'dropout': 0.1487304548513387, 'hidden_continuous_size': 10, 'attention_head_size': 1, 'learning_rate': 0.0014436427900231647}. Best is trial 0 with value: 140.71913146972656.
LOCAL_RANK: 0 - CUDA_VISIBLE_DEVICES: [0]
[I 2023-11-30 01:05:48,668] Trial 3 finished with value: 143.97427368164062 and parameters: {'gradient_clip_val': 0.8710393738971436, 'hidden_size': 126, 'dropout': 0.16114833296409128, 'hidden_continuous_size': 11, 'attention_head_size': 3, 'learning_rate': 0.002033198338124293}. Best is trial 0 with value: 140.71913146972656.
LOCAL_RANK: 0 - CUDA_VISIBLE_DEVICES: [0]
[I 2023-11-30 01:06:00,412] Trial 4 finished with value: 795.3167114257812 and parameters: {'gradient_clip_val': 0.5322606388993661, 'hidden_size': 12, 'dropout': 0.22946391276841732, 'hidden_continuous_size': 10, 'attention_head_size': 1, 'learning_rate': 0.0013600827294609405}. Best is trial 0 with value: 140.71913146972656.
LOCAL_RANK: 0 - CUDA_VISIBLE_DEVICES: [0]
[I 2023-11-30 01:06:13,796] Trial 5 finished with value: 130.1495819091797 and parameters: {'gradient_clip_val': 0.5491107776840635, 'hidden_size': 60, 'dropout': 0.3542618075809797, 'hidden_continuous_size': 50, 'attention_head_size': 2, 'learning_rate': 0.008513426684534467}. Best is trial 5 with value: 130.1495819091797.
LOCAL_RANK: 0 - CUDA_VISIBLE_DEVICES: [0]
[I 2023-11-30 01:06:27,921] Trial 6 finished with value: 146.1135711669922 and parameters: {'gradient_clip_val': 0.15666812453281487, 'hidden_size': 140, 'dropout': 0.39397933309938615, 'hidden_continuous_size': 37, 'attention_head_size': 1, 'learning_rate': 0.0065355198428783704}. Best is trial 5 with value: 130.1495819091797.
LOCAL_RANK: 0 - CUDA_VISIBLE_DEVICES: [0]
[I 2023-11-30 01:06:42,104] Trial 7 finished with value: 199.7151336669922 and parameters: {'gradient_clip_val': 0.9802357557352613, 'hidden_size': 148, 'dropout': 0.19528189019607606, 'hidden_continuous_size': 68, 'attention_head_size': 1, 'learning_rate': 0.052256573493416274}. Best is trial 5 with value: 130.1495819091797.
LOCAL_RANK: 0 - CUDA_VISIBLE_DEVICES: [0]
[I 2023-11-30 01:06:54,757] Trial 8 finished with value: 398.8315734863281 and parameters: {'gradient_clip_val': 0.370629853371974, 'hidden_size': 41, 'dropout': 0.3452919366088604, 'hidden_continuous_size': 14, 'attention_head_size': 2, 'learning_rate': 0.00200656665508436}. Best is trial 5 with value: 130.1495819091797.
LOCAL_RANK: 0 - CUDA_VISIBLE_DEVICES: [0]
[I 2023-11-30 01:07:06,907] Trial 9 finished with value: 134.5780029296875 and parameters: {'gradient_clip_val': 0.5470883902065503, 'hidden_size': 15, 'dropout': 0.20831400507638415, 'hidden_continuous_size': 10, 'attention_head_size': 3, 'learning_rate': 0.06892372188759224}. Best is trial 5 with value: 130.1495819091797.
LOCAL_RANK: 0 - CUDA_VISIBLE_DEVICES: [0]
[I 2023-11-30 01:07:19,533] Trial 10 finished with value: 130.44866943359375 and parameters: {'gradient_clip_val': 0.10435058997784037, 'hidden_size': 25, 'dropout': 0.2965473735727222, 'hidden_continuous_size': 13, 'attention_head_size': 4, 'learning_rate': 0.022341617539873234}. Best is trial 5 with value: 130.1495819091797.
LOCAL_RANK: 0 - CUDA_VISIBLE_DEVICES: [0]
[I 2023-11-30 01:07:31,941] Trial 11 finished with value: 123.5533676147461 and parameters: {'gradient_clip_val': 0.10656074974281603, 'hidden_size': 24, 'dropout': 0.29638757456424014, 'hidden_continuous_size': 13, 'attention_head_size': 4, 'learning_rate': 0.019121879037296622}. Best is trial 11 with value: 123.5533676147461.
LOCAL_RANK: 0 - CUDA_VISIBLE_DEVICES: [0]
[I 2023-11-30 01:07:45,454] Trial 12 finished with value: 143.19000244140625 and parameters: {'gradient_clip_val': 0.24924738946869762, 'hidden_size': 62, 'dropout': 0.31130668435352976, 'hidden_continuous_size': 32, 'attention_head_size': 4, 'learning_rate': 0.005287773630874874}. Best is trial 11 with value: 123.5533676147461.
LOCAL_RANK: 0 - CUDA_VISIBLE_DEVICES: [0]
[I 2023-11-30 01:07:57,594] Trial 13 finished with value: 126.2561264038086 and parameters: {'gradient_clip_val': 0.10784599189711434, 'hidden_size': 25, 'dropout': 0.2757167040647107, 'hidden_continuous_size': 12, 'attention_head_size': 2, 'learning_rate': 0.016318232908892217}. Best is trial 11 with value: 123.5533676147461.
LOCAL_RANK: 0 - CUDA_VISIBLE_DEVICES: [0]
[I 2023-11-30 01:08:09,979] Trial 14 finished with value: 136.4439239501953 and parameters: {'gradient_clip_val': 0.10004134602438308, 'hidden_size': 22, 'dropout': 0.2620138013556839, 'hidden_continuous_size': 12, 'attention_head_size': 4, 'learning_rate': 0.021727669997907283}. Best is trial 11 with value: 123.5533676147461.
LOCAL_RANK: 0 - CUDA_VISIBLE_DEVICES: [0]
[I 2023-11-30 01:08:22,508] Trial 15 finished with value: 165.2128448486328 and parameters: {'gradient_clip_val': 0.14282536772508633, 'hidden_size': 29, 'dropout': 0.2666061467850026, 'hidden_continuous_size': 14, 'attention_head_size': 3, 'learning_rate': 0.014570441234292226}. Best is trial 11 with value: 123.5533676147461.
LOCAL_RANK: 0 - CUDA_VISIBLE_DEVICES: [0]
[I 2023-11-30 01:08:34,808] Trial 16 finished with value: 147.4182891845703 and parameters: {'gradient_clip_val': 0.2172017325250522, 'hidden_size': 17, 'dropout': 0.28421541700065905, 'hidden_continuous_size': 11, 'attention_head_size': 2, 'learning_rate': 0.03761658010175567}. Best is trial 11 with value: 123.5533676147461.
LOCAL_RANK: 0 - CUDA_VISIBLE_DEVICES: [0]
[I 2023-11-30 01:08:47,115] Trial 17 finished with value: 151.2679901123047 and parameters: {'gradient_clip_val': 0.12775821358223613, 'hidden_size': 19, 'dropout': 0.24703684584331037, 'hidden_continuous_size': 12, 'attention_head_size': 4, 'learning_rate': 0.08802593619720672}. Best is trial 11 with value: 123.5533676147461.
LOCAL_RANK: 0 - CUDA_VISIBLE_DEVICES: [0]
[I 2023-11-30 01:08:59,607] Trial 18 finished with value: 131.04981994628906 and parameters: {'gradient_clip_val': 0.11522433198028766, 'hidden_size': 31, 'dropout': 0.314153971467008, 'hidden_continuous_size': 15, 'attention_head_size': 3, 'learning_rate': 0.016556373184138842}. Best is trial 11 with value: 123.5533676147461.
LOCAL_RANK: 0 - CUDA_VISIBLE_DEVICES: [0]
[I 2023-11-30 01:09:11,665] Trial 19 finished with value: 121.6980209350586 and parameters: {'gradient_clip_val': 0.1864838510968031, 'hidden_size': 15, 'dropout': 0.24232783589171267, 'hidden_continuous_size': 11, 'attention_head_size': 2, 'learning_rate': 0.045034306368460876}. Best is trial 19 with value: 121.6980209350586.
LOCAL_RANK: 0 - CUDA_VISIBLE_DEVICES: [0]
[I 2023-11-30 01:09:23,945] Trial 20 finished with value: 132.2233428955078 and parameters: {'gradient_clip_val': 0.17409013245993804, 'hidden_size': 14, 'dropout': 0.23016303747817127, 'hidden_continuous_size': 11, 'attention_head_size': 4, 'learning_rate': 0.04789747617465264}. Best is trial 19 with value: 121.6980209350586.
LOCAL_RANK: 0 - CUDA_VISIBLE_DEVICES: [0]
[I 2023-11-30 01:09:36,068] Trial 21 finished with value: 134.93392944335938 and parameters: {'gradient_clip_val': 0.13081875279204422, 'hidden_size': 20, 'dropout': 0.27635206984273036, 'hidden_continuous_size': 12, 'attention_head_size': 2, 'learning_rate': 0.0342580537865383}. Best is trial 19 with value: 121.6980209350586.
LOCAL_RANK: 0 - CUDA_VISIBLE_DEVICES: [0]
[I 2023-11-30 01:09:46,318] Trial 22 finished with value: 236.7080841064453 and parameters: {'gradient_clip_val': 0.1220396292174913, 'hidden_size': 10, 'dropout': 0.24882125878648476, 'hidden_continuous_size': 10, 'attention_head_size': 2, 'learning_rate': 0.014321894658605184}. Best is trial 19 with value: 121.6980209350586.
LOCAL_RANK: 0 - CUDA_VISIBLE_DEVICES: [0]
[I 2023-11-30 01:09:58,290] Trial 23 finished with value: 135.1168975830078 and parameters: {'gradient_clip_val': 0.14932586922975866, 'hidden_size': 16, 'dropout': 0.29523202473937615, 'hidden_continuous_size': 11, 'attention_head_size': 2, 'learning_rate': 0.03141391893787335}. Best is trial 19 with value: 121.6980209350586.
LOCAL_RANK: 0 - CUDA_VISIBLE_DEVICES: [0]
[I 2023-11-30 01:10:10,509] Trial 24 finished with value: 148.67433166503906 and parameters: {'gradient_clip_val': 0.10292970176538345, 'hidden_size': 24, 'dropout': 0.3193538976152582, 'hidden_continuous_size': 13, 'attention_head_size': 3, 'learning_rate': 0.05365364307338276}. Best is trial 19 with value: 121.6980209350586.
LOCAL_RANK: 0 - CUDA_VISIBLE_DEVICES: [0]
[I 2023-11-30 01:10:22,381] Trial 25 finished with value: 115.630126953125 and parameters: {'gradient_clip_val': 0.20533166965350447, 'hidden_size': 14, 'dropout': 0.2746210438288021, 'hidden_continuous_size': 11, 'attention_head_size': 2, 'learning_rate': 0.09893705736388195}. Best is trial 25 with value: 115.630126953125.
LOCAL_RANK: 0 - CUDA_VISIBLE_DEVICES: [0]
[I 2023-11-30 01:10:34,521] Trial 26 finished with value: 151.92723083496094 and parameters: {'gradient_clip_val': 0.20606009925644167, 'hidden_size': 13, 'dropout': 0.2513067285359996, 'hidden_continuous_size': 11, 'attention_head_size': 1, 'learning_rate': 0.09375760103056865}. Best is trial 25 with value: 115.630126953125.
LOCAL_RANK: 0 - CUDA_VISIBLE_DEVICES: [0]
[I 2023-11-30 01:10:44,609] Trial 27 finished with value: 165.8643035888672 and parameters: {'gradient_clip_val': 0.2641346098161048, 'hidden_size': 10, 'dropout': 0.2876671206772699, 'hidden_continuous_size': 10, 'attention_head_size': 3, 'learning_rate': 0.07304277571911759}. Best is trial 25 with value: 115.630126953125.
LOCAL_RANK: 0 - CUDA_VISIBLE_DEVICES: [0]
[I 2023-11-30 01:10:56,726] Trial 28 finished with value: 138.30096435546875 and parameters: {'gradient_clip_val': 0.17551828121416024, 'hidden_size': 17, 'dropout': 0.23002218498636476, 'hidden_continuous_size': 11, 'attention_head_size': 2, 'learning_rate': 0.09660659860793777}. Best is trial 25 with value: 115.630126953125.
LOCAL_RANK: 0 - CUDA_VISIBLE_DEVICES: [0]
[I 2023-11-30 01:11:08,751] Trial 29 finished with value: 153.6213836669922 and parameters: {'gradient_clip_val': 0.15576592530634872, 'hidden_size': 13, 'dropout': 0.32825473528678095, 'hidden_continuous_size': 11, 'attention_head_size': 2, 'learning_rate': 0.04258415774406697}. Best is trial 25 with value: 115.630126953125.
LOCAL_RANK: 0 - CUDA_VISIBLE_DEVICES: [0]
[I 2023-11-30 01:11:20,714] Trial 30 finished with value: 155.84124755859375 and parameters: {'gradient_clip_val': 0.20724142217878996, 'hidden_size': 17, 'dropout': 0.29659042169402056, 'hidden_continuous_size': 12, 'attention_head_size': 1, 'learning_rate': 0.06450485770697012}. Best is trial 25 with value: 115.630126953125.
LOCAL_RANK: 0 - CUDA_VISIBLE_DEVICES: [0]
[I 2023-11-30 01:11:33,093] Trial 31 finished with value: 138.70262145996094 and parameters: {'gradient_clip_val': 0.1188027172288451, 'hidden_size': 21, 'dropout': 0.26800661372270973, 'hidden_continuous_size': 13, 'attention_head_size': 2, 'learning_rate': 0.025625720247404338}. Best is trial 25 with value: 115.630126953125.
LOCAL_RANK: 0 - CUDA_VISIBLE_DEVICES: [0]
[I 2023-11-30 01:11:45,156] Trial 32 finished with value: 168.0418243408203 and parameters: {'gradient_clip_val': 0.13706715037471293, 'hidden_size': 14, 'dropout': 0.272111792199888, 'hidden_continuous_size': 11, 'attention_head_size': 2, 'learning_rate': 0.036200264696506564}. Best is trial 25 with value: 115.630126953125.
LOCAL_RANK: 0 - CUDA_VISIBLE_DEVICES: [0]
[I 2023-11-30 01:11:57,922] Trial 33 finished with value: 152.2142791748047 and parameters: {'gradient_clip_val': 0.17994736699798236, 'hidden_size': 27, 'dropout': 0.2765002985240004, 'hidden_continuous_size': 17, 'attention_head_size': 3, 'learning_rate': 0.05982957343868178}. Best is trial 25 with value: 115.630126953125.
LOCAL_RANK: 0 - CUDA_VISIBLE_DEVICES: [0]
[I 2023-11-30 01:12:10,145] Trial 34 finished with value: 132.39109802246094 and parameters: {'gradient_clip_val': 0.11604802574282216, 'hidden_size': 19, 'dropout': 0.24832406810236268, 'hidden_continuous_size': 12, 'attention_head_size': 2, 'learning_rate': 0.028204582499784348}. Best is trial 25 with value: 115.630126953125.
LOCAL_RANK: 0 - CUDA_VISIBLE_DEVICES: [0]
[I 2023-11-30 01:12:22,145] Trial 35 finished with value: 119.5508041381836 and parameters: {'gradient_clip_val': 0.13469157430745982, 'hidden_size': 12, 'dropout': 0.2076344781284845, 'hidden_continuous_size': 10, 'attention_head_size': 3, 'learning_rate': 0.04549064114971583}. Best is trial 25 with value: 115.630126953125.
LOCAL_RANK: 0 - CUDA_VISIBLE_DEVICES: [0]
[I 2023-11-30 01:12:32,544] Trial 36 finished with value: 185.3900909423828 and parameters: {'gradient_clip_val': 0.14277011506067175, 'hidden_size': 10, 'dropout': 0.1783844573593367, 'hidden_continuous_size': 10, 'attention_head_size': 3, 'learning_rate': 0.04538129201502388}. Best is trial 25 with value: 115.630126953125.
LOCAL_RANK: 0 - CUDA_VISIBLE_DEVICES: [0]
[I 2023-11-30 01:12:44,906] Trial 37 finished with value: 133.23475646972656 and parameters: {'gradient_clip_val': 0.16622082271037503, 'hidden_size': 11, 'dropout': 0.21182471860796043, 'hidden_continuous_size': 10, 'attention_head_size': 4, 'learning_rate': 0.07884360527965006}. Best is trial 25 with value: 115.630126953125.
LOCAL_RANK: 0 - CUDA_VISIBLE_DEVICES: [0]
[I 2023-11-30 01:12:56,747] Trial 38 finished with value: 124.87523651123047 and parameters: {'gradient_clip_val': 0.1310434786471422, 'hidden_size': 12, 'dropout': 0.18504849582008076, 'hidden_continuous_size': 10, 'attention_head_size': 3, 'learning_rate': 0.06762415989046094}. Best is trial 25 with value: 115.630126953125.
LOCAL_RANK: 0 - CUDA_VISIBLE_DEVICES: [0]
[I 2023-11-30 01:13:08,395] Trial 39 finished with value: 143.4613800048828 and parameters: {'gradient_clip_val': 0.18640945860261884, 'hidden_size': 12, 'dropout': 0.1347548778241554, 'hidden_continuous_size': 10, 'attention_head_size': 1, 'learning_rate': 0.05399228237273446}. Best is trial 25 with value: 115.630126953125.
LOCAL_RANK: 0 - CUDA_VISIBLE_DEVICES: [0]
[I 2023-11-30 01:13:20,605] Trial 40 finished with value: 121.49826049804688 and parameters: {'gradient_clip_val': 0.15750174785062163, 'hidden_size': 15, 'dropout': 0.21270770151153726, 'hidden_continuous_size': 11, 'attention_head_size': 3, 'learning_rate': 0.04121573688813416}. Best is trial 25 with value: 115.630126953125.
LOCAL_RANK: 0 - CUDA_VISIBLE_DEVICES: [0]
[I 2023-11-30 01:13:32,805] Trial 41 finished with value: 131.6350555419922 and parameters: {'gradient_clip_val': 0.15666182576410217, 'hidden_size': 15, 'dropout': 0.2136367671749578, 'hidden_continuous_size': 11, 'attention_head_size': 3, 'learning_rate': 0.04071304017862019}. Best is trial 25 with value: 115.630126953125.
LOCAL_RANK: 0 - CUDA_VISIBLE_DEVICES: [0]
[I 2023-11-30 01:13:44,825] Trial 42 finished with value: 172.9683074951172 and parameters: {'gradient_clip_val': 0.1414640222236946, 'hidden_size': 15, 'dropout': 0.2202918820431026, 'hidden_continuous_size': 11, 'attention_head_size': 3, 'learning_rate': 0.09956045050521832}. Best is trial 25 with value: 115.630126953125.
LOCAL_RANK: 0 - CUDA_VISIBLE_DEVICES: [0]
[I 2023-11-30 01:13:56,701] Trial 43 finished with value: 139.0585174560547 and parameters: {'gradient_clip_val': 0.19367496294438297, 'hidden_size': 12, 'dropout': 0.23479786698049354, 'hidden_continuous_size': 10, 'attention_head_size': 4, 'learning_rate': 0.05655294146178178}. Best is trial 25 with value: 115.630126953125.
LOCAL_RANK: 0 - CUDA_VISIBLE_DEVICES: [0]
[I 2023-11-30 01:14:09,071] Trial 44 finished with value: 128.49855041503906 and parameters: {'gradient_clip_val': 0.16635059311781514, 'hidden_size': 18, 'dropout': 0.1943609318687512, 'hidden_continuous_size': 12, 'attention_head_size': 3, 'learning_rate': 0.032213322431011826}. Best is trial 25 with value: 115.630126953125.
LOCAL_RANK: 0 - CUDA_VISIBLE_DEVICES: [0]
[I 2023-11-30 01:14:21,422] Trial 45 finished with value: 179.21917724609375 and parameters: {'gradient_clip_val': 0.22420263862493328, 'hidden_size': 22, 'dropout': 0.19729310296037603, 'hidden_continuous_size': 13, 'attention_head_size': 4, 'learning_rate': 0.07619266567233002}. Best is trial 25 with value: 115.630126953125.
LOCAL_RANK: 0 - CUDA_VISIBLE_DEVICES: [0]
[I 2023-11-30 01:14:33,722] Trial 46 finished with value: 122.5900650024414 and parameters: {'gradient_clip_val': 0.11166329011358278, 'hidden_size': 14, 'dropout': 0.25528567596294094, 'hidden_continuous_size': 11, 'attention_head_size': 3, 'learning_rate': 0.046451448347585605}. Best is trial 25 with value: 115.630126953125.
LOCAL_RANK: 0 - CUDA_VISIBLE_DEVICES: [0]
[I 2023-11-30 01:14:45,744] Trial 47 finished with value: 145.46714782714844 and parameters: {'gradient_clip_val': 0.15691307563447435, 'hidden_size': 11, 'dropout': 0.23407435481075775, 'hidden_continuous_size': 10, 'attention_head_size': 3, 'learning_rate': 0.04542832837827927}. Best is trial 25 with value: 115.630126953125.
LOCAL_RANK: 0 - CUDA_VISIBLE_DEVICES: [0]
[I 2023-11-30 01:14:57,876] Trial 48 finished with value: 150.3515167236328 and parameters: {'gradient_clip_val': 0.24033091510336113, 'hidden_size': 16, 'dropout': 0.22102398732527206, 'hidden_continuous_size': 11, 'attention_head_size': 3, 'learning_rate': 0.025402217904682743}. Best is trial 25 with value: 115.630126953125.
LOCAL_RANK: 0 - CUDA_VISIBLE_DEVICES: [0]
[I 2023-11-30 01:15:10,062] Trial 49 finished with value: 168.8233184814453 and parameters: {'gradient_clip_val': 0.19320604000431443, 'hidden_size': 14, 'dropout': 0.2568717388683754, 'hidden_continuous_size': 11, 'attention_head_size': 3, 'learning_rate': 0.06299688138222369}. Best is trial 25 with value: 115.630126953125.
LOCAL_RANK: 0 - CUDA_VISIBLE_DEVICES: [0]
[I 2023-11-30 01:15:22,163] Trial 50 finished with value: 117.96063995361328 and parameters: {'gradient_clip_val': 0.2746829052437199, 'hidden_size': 20, 'dropout': 0.23866036590313242, 'hidden_continuous_size': 12, 'attention_head_size': 2, 'learning_rate': 0.04049514616527901}. Best is trial 25 with value: 115.630126953125.
LOCAL_RANK: 0 - CUDA_VISIBLE_DEVICES: [0]
[I 2023-11-30 01:15:34,141] Trial 51 finished with value: 135.47586059570312 and parameters: {'gradient_clip_val': 0.2713386636253181, 'hidden_size': 18, 'dropout': 0.26105982442026504, 'hidden_continuous_size': 12, 'attention_head_size': 2, 'learning_rate': 0.03943173726403027}. Best is trial 25 with value: 115.630126953125.
LOCAL_RANK: 0 - CUDA_VISIBLE_DEVICES: [0]
