[I 2023-11-30 14:45:52,465] Trial 29 finished with value: 795.1611328125 and parameters: {'gradient_clip_val': 0.44652516368646333, 'hidden_size': 34, 'dropout': 0.2729477231109716, 'hidden_continuous_size': 17, 'attention_head_size': 2, 'learning_rate': 0.028340020838104656}. Best is trial 25 with value: 795.077880859375.
LOCAL_RANK: 0 - CUDA_VISIBLE_DEVICES: [0]
[I 2023-11-30 14:46:05,809] Trial 30 finished with value: 952.2579956054688 and parameters: {'gradient_clip_val': 0.7704770310871631, 'hidden_size': 33, 'dropout': 0.25590595354836165, 'hidden_continuous_size': 16, 'attention_head_size': 3, 'learning_rate': 0.03068960580501893}. Best is trial 25 with value: 795.077880859375.
LOCAL_RANK: 0 - CUDA_VISIBLE_DEVICES: [0]
[I 2023-11-30 14:46:19,089] Trial 31 finished with value: 897.8082885742188 and parameters: {'gradient_clip_val': 0.468296529817433, 'hidden_size': 45, 'dropout': 0.2786812418314948, 'hidden_continuous_size': 18, 'attention_head_size': 2, 'learning_rate': 0.02637374573751807}. Best is trial 25 with value: 795.077880859375.
LOCAL_RANK: 0 - CUDA_VISIBLE_DEVICES: [0]
[I 2023-11-30 14:46:32,406] Trial 32 finished with value: 901.6832885742188 and parameters: {'gradient_clip_val': 0.420494961432081, 'hidden_size': 35, 'dropout': 0.25188519765562967, 'hidden_continuous_size': 17, 'attention_head_size': 2, 'learning_rate': 0.01938317734232121}. Best is trial 25 with value: 795.077880859375.
LOCAL_RANK: 0 - CUDA_VISIBLE_DEVICES: [0]
[I 2023-11-30 14:46:45,683] Trial 33 finished with value: 950.905517578125 and parameters: {'gradient_clip_val': 0.3334563425884276, 'hidden_size': 72, 'dropout': 0.31798134383956556, 'hidden_continuous_size': 14, 'attention_head_size': 2, 'learning_rate': 0.017720586049649087}. Best is trial 25 with value: 795.077880859375.
LOCAL_RANK: 0 - CUDA_VISIBLE_DEVICES: [0]
[I 2023-11-30 14:46:58,856] Trial 34 finished with value: 888.7205200195312 and parameters: {'gradient_clip_val': 0.35708563363151535, 'hidden_size': 48, 'dropout': 0.29155622820099114, 'hidden_continuous_size': 14, 'attention_head_size': 2, 'learning_rate': 0.026473410737258812}. Best is trial 25 with value: 795.077880859375.
LOCAL_RANK: 0 - CUDA_VISIBLE_DEVICES: [0]
[I 2023-11-30 14:47:11,989] Trial 35 finished with value: 839.7647094726562 and parameters: {'gradient_clip_val': 0.292879758100097, 'hidden_size': 37, 'dropout': 0.2698942914144903, 'hidden_continuous_size': 17, 'attention_head_size': 3, 'learning_rate': 0.011222047323067879}. Best is trial 25 with value: 795.077880859375.
LOCAL_RANK: 0 - CUDA_VISIBLE_DEVICES: [0]
[I 2023-11-30 14:47:25,037] Trial 36 finished with value: 869.9065551757812 and parameters: {'gradient_clip_val': 0.2714805293538566, 'hidden_size': 26, 'dropout': 0.29530408496827154, 'hidden_continuous_size': 15, 'attention_head_size': 2, 'learning_rate': 0.017437952181532494}. Best is trial 25 with value: 795.077880859375.
LOCAL_RANK: 0 - CUDA_VISIBLE_DEVICES: [0]
[I 2023-11-30 14:47:38,425] Trial 37 finished with value: 979.6245727539062 and parameters: {'gradient_clip_val': 0.4542219427755062, 'hidden_size': 47, 'dropout': 0.23513023094669963, 'hidden_continuous_size': 13, 'attention_head_size': 2, 'learning_rate': 0.029363796253761128}. Best is trial 25 with value: 795.077880859375.
LOCAL_RANK: 0 - CUDA_VISIBLE_DEVICES: [0]
[I 2023-11-30 14:47:51,845] Trial 38 finished with value: 856.48046875 and parameters: {'gradient_clip_val': 0.25654491977710364, 'hidden_size': 68, 'dropout': 0.3218295111537211, 'hidden_continuous_size': 11, 'attention_head_size': 3, 'learning_rate': 0.05768707401805475}. Best is trial 25 with value: 795.077880859375.
LOCAL_RANK: 0 - CUDA_VISIBLE_DEVICES: [0]
[I 2023-11-30 14:48:05,351] Trial 39 finished with value: 790.1555786132812 and parameters: {'gradient_clip_val': 0.3469760026120821, 'hidden_size': 94, 'dropout': 0.37684183709897245, 'hidden_continuous_size': 10, 'attention_head_size': 1, 'learning_rate': 0.03578099097786298}. Best is trial 39 with value: 790.1555786132812.
LOCAL_RANK: 0 - CUDA_VISIBLE_DEVICES: [0]
[I 2023-11-30 14:48:19,100] Trial 40 finished with value: 811.427734375 and parameters: {'gradient_clip_val': 0.35587141587300336, 'hidden_size': 96, 'dropout': 0.37844482475587465, 'hidden_continuous_size': 11, 'attention_head_size': 1, 'learning_rate': 0.03668453458442888}. Best is trial 39 with value: 790.1555786132812.
LOCAL_RANK: 0 - CUDA_VISIBLE_DEVICES: [0]
[I 2023-11-30 14:48:32,860] Trial 41 finished with value: 849.6917114257812 and parameters: {'gradient_clip_val': 0.3790897149390727, 'hidden_size': 98, 'dropout': 0.3784887736456122, 'hidden_continuous_size': 10, 'attention_head_size': 1, 'learning_rate': 0.03799543350462339}. Best is trial 39 with value: 790.1555786132812.
LOCAL_RANK: 0 - CUDA_VISIBLE_DEVICES: [0]
[I 2023-11-30 14:48:46,735] Trial 42 finished with value: 816.8551635742188 and parameters: {'gradient_clip_val': 0.33593934472941983, 'hidden_size': 91, 'dropout': 0.379354868058957, 'hidden_continuous_size': 11, 'attention_head_size': 1, 'learning_rate': 0.035513487291656966}. Best is trial 39 with value: 790.1555786132812.
LOCAL_RANK: 0 - CUDA_VISIBLE_DEVICES: [0]
[I 2023-11-30 14:49:00,501] Trial 43 finished with value: 937.0390625 and parameters: {'gradient_clip_val': 0.30186146292957583, 'hidden_size': 73, 'dropout': 0.355267067593859, 'hidden_continuous_size': 12, 'attention_head_size': 1, 'learning_rate': 0.046099144829754524}. Best is trial 39 with value: 790.1555786132812.
LOCAL_RANK: 0 - CUDA_VISIBLE_DEVICES: [0]
[I 2023-11-30 14:49:14,364] Trial 44 finished with value: 1030.2916259765625 and parameters: {'gradient_clip_val': 0.36392110031523883, 'hidden_size': 123, 'dropout': 0.3681685417768466, 'hidden_continuous_size': 10, 'attention_head_size': 1, 'learning_rate': 0.07046577491519936}. Best is trial 39 with value: 790.1555786132812.
LOCAL_RANK: 0 - CUDA_VISIBLE_DEVICES: [0]
[I 2023-11-30 14:49:27,307] Trial 45 finished with value: 966.5033569335938 and parameters: {'gradient_clip_val': 0.24662458837928514, 'hidden_size': 61, 'dropout': 0.3885093399621533, 'hidden_continuous_size': 13, 'attention_head_size': 1, 'learning_rate': 0.02792733814882138}. Best is trial 39 with value: 790.1555786132812.
LOCAL_RANK: 0 - CUDA_VISIBLE_DEVICES: [0]
[I 2023-11-30 14:49:41,378] Trial 46 finished with value: 882.3429565429688 and parameters: {'gradient_clip_val': 0.4062317864591359, 'hidden_size': 113, 'dropout': 0.36021570877652515, 'hidden_continuous_size': 15, 'attention_head_size': 1, 'learning_rate': 0.04315899187119738}. Best is trial 39 with value: 790.1555786132812.
LOCAL_RANK: 0 - CUDA_VISIBLE_DEVICES: [0]
[I 2023-11-30 14:49:54,804] Trial 47 finished with value: 962.71435546875 and parameters: {'gradient_clip_val': 0.5041357557870149, 'hidden_size': 93, 'dropout': 0.38051697991032996, 'hidden_continuous_size': 12, 'attention_head_size': 4, 'learning_rate': 0.034889003684299036}. Best is trial 39 with value: 790.1555786132812.
LOCAL_RANK: 0 - CUDA_VISIBLE_DEVICES: [0]
[I 2023-11-30 14:50:07,670] Trial 48 finished with value: 1040.5001220703125 and parameters: {'gradient_clip_val': 0.33016762713812076, 'hidden_size': 75, 'dropout': 0.39916145418402166, 'hidden_continuous_size': 10, 'attention_head_size': 1, 'learning_rate': 0.021453768095039138}. Best is trial 39 with value: 790.1555786132812.
LOCAL_RANK: 0 - CUDA_VISIBLE_DEVICES: [0]
[I 2023-11-30 14:50:21,014] Trial 49 finished with value: 913.3898315429688 and parameters: {'gradient_clip_val': 0.2383550846662219, 'hidden_size': 128, 'dropout': 0.35127326328965, 'hidden_continuous_size': 15, 'attention_head_size': 1, 'learning_rate': 0.0635777991055114}. Best is trial 39 with value: 790.1555786132812.
LOCAL_RANK: 0 - CUDA_VISIBLE_DEVICES: [0]
[I 2023-11-30 14:50:33,979] Trial 50 finished with value: 963.2546997070312 and parameters: {'gradient_clip_val': 0.2745173358051438, 'hidden_size': 84, 'dropout': 0.32595938160289195, 'hidden_continuous_size': 11, 'attention_head_size': 2, 'learning_rate': 0.05321625472525039}. Best is trial 39 with value: 790.1555786132812.
LOCAL_RANK: 0 - CUDA_VISIBLE_DEVICES: [0]
[I 2023-11-30 14:50:46,867] Trial 51 finished with value: 798.2151489257812 and parameters: {'gradient_clip_val': 0.3505074102613084, 'hidden_size': 104, 'dropout': 0.38676688610066107, 'hidden_continuous_size': 11, 'attention_head_size': 1, 'learning_rate': 0.04160969909769623}. Best is trial 39 with value: 790.1555786132812.
LOCAL_RANK: 0 - CUDA_VISIBLE_DEVICES: [0]
[I 2023-11-30 14:50:59,918] Trial 52 finished with value: 972.3214721679688 and parameters: {'gradient_clip_val': 0.3903756696109874, 'hidden_size': 101, 'dropout': 0.3828892254482278, 'hidden_continuous_size': 13, 'attention_head_size': 1, 'learning_rate': 0.03255291481832601}. Best is trial 39 with value: 790.1555786132812.
LOCAL_RANK: 0 - CUDA_VISIBLE_DEVICES: [0]
[I 2023-11-30 14:51:12,857] Trial 53 finished with value: 887.594970703125 and parameters: {'gradient_clip_val': 0.422613511499671, 'hidden_size': 112, 'dropout': 0.3703079175833168, 'hidden_continuous_size': 10, 'attention_head_size': 1, 'learning_rate': 0.04409119464070289}. Best is trial 39 with value: 790.1555786132812.
LOCAL_RANK: 0 - CUDA_VISIBLE_DEVICES: [0]
[I 2023-11-30 14:51:26,712] Trial 54 finished with value: 813.5855102539062 and parameters: {'gradient_clip_val': 0.3571862907822447, 'hidden_size': 148, 'dropout': 0.3882365046653798, 'hidden_continuous_size': 27, 'attention_head_size': 1, 'learning_rate': 0.02529621431068104}. Best is trial 39 with value: 790.1555786132812.
LOCAL_RANK: 0 - CUDA_VISIBLE_DEVICES: [0]
[I 2023-11-30 14:51:39,471] Trial 55 finished with value: 989.3296508789062 and parameters: {'gradient_clip_val': 0.30274764771466184, 'hidden_size': 59, 'dropout': 0.3614853032068041, 'hidden_continuous_size': 11, 'attention_head_size': 1, 'learning_rate': 0.038097379056329525}. Best is trial 39 with value: 790.1555786132812.
LOCAL_RANK: 0 - CUDA_VISIBLE_DEVICES: [0]
[I 2023-11-30 14:51:52,636] Trial 56 finished with value: 930.0685424804688 and parameters: {'gradient_clip_val': 0.2776744077131934, 'hidden_size': 83, 'dropout': 0.3409226614798053, 'hidden_continuous_size': 12, 'attention_head_size': 2, 'learning_rate': 0.060047734617655175}. Best is trial 39 with value: 790.1555786132812.
LOCAL_RANK: 0 - CUDA_VISIBLE_DEVICES: [0]
[I 2023-11-30 14:52:06,360] Trial 57 finished with value: 808.42431640625 and parameters: {'gradient_clip_val': 0.32179882545536453, 'hidden_size': 135, 'dropout': 0.37220803866279034, 'hidden_continuous_size': 14, 'attention_head_size': 1, 'learning_rate': 0.0742162475129635}. Best is trial 39 with value: 790.1555786132812.
LOCAL_RANK: 0 - CUDA_VISIBLE_DEVICES: [0]
[I 2023-11-30 14:52:20,165] Trial 58 finished with value: 809.3366088867188 and parameters: {'gradient_clip_val': 0.32159424260601743, 'hidden_size': 129, 'dropout': 0.3309055448326461, 'hidden_continuous_size': 14, 'attention_head_size': 2, 'learning_rate': 0.08149369208146914}. Best is trial 39 with value: 790.1555786132812.
LOCAL_RANK: 0 - CUDA_VISIBLE_DEVICES: [0]
[I 2023-11-30 14:52:34,099] Trial 59 finished with value: 773.7820434570312 and parameters: {'gradient_clip_val': 0.38976341928991287, 'hidden_size': 133, 'dropout': 0.34532146351697646, 'hidden_continuous_size': 19, 'attention_head_size': 2, 'learning_rate': 0.0997147078806606}. Best is trial 59 with value: 773.7820434570312.
LOCAL_RANK: 0 - CUDA_VISIBLE_DEVICES: [0]
[I 2023-11-30 14:52:47,848] Trial 60 finished with value: 898.6945190429688 and parameters: {'gradient_clip_val': 0.44617509052739046, 'hidden_size': 118, 'dropout': 0.3503834202821201, 'hidden_continuous_size': 20, 'attention_head_size': 2, 'learning_rate': 0.09627120153918609}. Best is trial 59 with value: 773.7820434570312.
LOCAL_RANK: 0 - CUDA_VISIBLE_DEVICES: [0]
[I 2023-11-30 14:53:01,783] Trial 61 finished with value: 1195.3880615234375 and parameters: {'gradient_clip_val': 0.4027517768128197, 'hidden_size': 144, 'dropout': 0.39973427150448954, 'hidden_continuous_size': 16, 'attention_head_size': 2, 'learning_rate': 0.07499710392121256}. Best is trial 59 with value: 773.7820434570312.
LOCAL_RANK: 0 - CUDA_VISIBLE_DEVICES: [0]
[I 2023-11-30 14:53:15,677] Trial 62 finished with value: 762.1754760742188 and parameters: {'gradient_clip_val': 0.3764380336369538, 'hidden_size': 138, 'dropout': 0.3673064607397114, 'hidden_continuous_size': 19, 'attention_head_size': 2, 'learning_rate': 0.08468401215536625}. Best is trial 62 with value: 762.1754760742188.
LOCAL_RANK: 0 - CUDA_VISIBLE_DEVICES: [0]
[I 2023-11-30 14:53:29,753] Trial 63 finished with value: 726.6692504882812 and parameters: {'gradient_clip_val': 0.4842762952683645, 'hidden_size': 150, 'dropout': 0.36304624927444906, 'hidden_continuous_size': 22, 'attention_head_size': 2, 'learning_rate': 0.09852191192106119}. Best is trial 63 with value: 726.6692504882812.
LOCAL_RANK: 0 - CUDA_VISIBLE_DEVICES: [0]
[I 2023-11-30 14:53:43,650] Trial 64 finished with value: 976.7741088867188 and parameters: {'gradient_clip_val': 0.38270889872938363, 'hidden_size': 134, 'dropout': 0.3625080721257173, 'hidden_continuous_size': 22, 'attention_head_size': 3, 'learning_rate': 0.09775160564172279}. Best is trial 63 with value: 726.6692504882812.
LOCAL_RANK: 0 - CUDA_VISIBLE_DEVICES: [0]
[I 2023-11-30 14:53:57,682] Trial 65 finished with value: 924.2355346679688 and parameters: {'gradient_clip_val': 0.43339943574064976, 'hidden_size': 150, 'dropout': 0.38830335601293575, 'hidden_continuous_size': 25, 'attention_head_size': 2, 'learning_rate': 0.08327533407861364}. Best is trial 63 with value: 726.6692504882812.
LOCAL_RANK: 0 - CUDA_VISIBLE_DEVICES: [0]
[I 2023-11-30 14:54:11,317] Trial 66 finished with value: 877.7290649414062 and parameters: {'gradient_clip_val': 0.39967260867425214, 'hidden_size': 106, 'dropout': 0.34308093644811755, 'hidden_continuous_size': 19, 'attention_head_size': 2, 'learning_rate': 0.06366709983984008}. Best is trial 63 with value: 726.6692504882812.
LOCAL_RANK: 0 - CUDA_VISIBLE_DEVICES: [0]
[I 2023-11-30 14:54:24,953] Trial 67 finished with value: 837.4580078125 and parameters: {'gradient_clip_val': 0.4798585760412859, 'hidden_size': 117, 'dropout': 0.3661930575087591, 'hidden_continuous_size': 22, 'attention_head_size': 2, 'learning_rate': 0.08817166955736566}. Best is trial 63 with value: 726.6692504882812.
LOCAL_RANK: 0 - CUDA_VISIBLE_DEVICES: [0]
[I 2023-11-30 14:54:38,755] Trial 68 finished with value: 906.1242065429688 and parameters: {'gradient_clip_val': 0.3469314643725947, 'hidden_size': 134, 'dropout': 0.35385877375782737, 'hidden_continuous_size': 19, 'attention_head_size': 2, 'learning_rate': 0.053046838988892515}. Best is trial 63 with value: 726.6692504882812.
LOCAL_RANK: 0 - CUDA_VISIBLE_DEVICES: [0]
[I 2023-11-30 14:54:52,203] Trial 69 finished with value: 973.6956176757812 and parameters: {'gradient_clip_val': 0.5059117506913501, 'hidden_size': 106, 'dropout': 0.33545333528765503, 'hidden_continuous_size': 25, 'attention_head_size': 2, 'learning_rate': 0.06784727278129393}. Best is trial 63 with value: 726.6692504882812.
LOCAL_RANK: 0 - CUDA_VISIBLE_DEVICES: [0]
[I 2023-11-30 14:55:05,973] Trial 70 finished with value: 1348.7484130859375 and parameters: {'gradient_clip_val': 0.544939149995637, 'hidden_size': 122, 'dropout': 0.3732855549257976, 'hidden_continuous_size': 30, 'attention_head_size': 3, 'learning_rate': 0.08024334859592727}. Best is trial 63 with value: 726.6692504882812.
LOCAL_RANK: 0 - CUDA_VISIBLE_DEVICES: [0]
[I 2023-11-30 14:55:19,349] Trial 71 finished with value: 893.1423950195312 and parameters: {'gradient_clip_val': 0.4527288558888468, 'hidden_size': 91, 'dropout': 0.3869221658426464, 'hidden_continuous_size': 17, 'attention_head_size': 2, 'learning_rate': 0.05827455514446346}. Best is trial 63 with value: 726.6692504882812.
LOCAL_RANK: 0 - CUDA_VISIBLE_DEVICES: [0]
[I 2023-11-30 14:55:32,787] Trial 72 finished with value: 704.312255859375 and parameters: {'gradient_clip_val': 0.3719224122702527, 'hidden_size': 128, 'dropout': 0.31637743100832927, 'hidden_continuous_size': 18, 'attention_head_size': 2, 'learning_rate': 0.09888747743276609}. Best is trial 72 with value: 704.312255859375.
LOCAL_RANK: 0 - CUDA_VISIBLE_DEVICES: [0]
[I 2023-11-30 14:55:46,649] Trial 73 finished with value: 894.7284545898438 and parameters: {'gradient_clip_val': 0.36864140971149245, 'hidden_size': 140, 'dropout': 0.31628435003348987, 'hidden_continuous_size': 21, 'attention_head_size': 2, 'learning_rate': 0.08925678879009055}. Best is trial 72 with value: 704.312255859375.
LOCAL_RANK: 0 - CUDA_VISIBLE_DEVICES: [0]
[I 2023-11-30 14:56:00,231] Trial 74 finished with value: 791.2346801757812 and parameters: {'gradient_clip_val': 0.3103106542336268, 'hidden_size': 124, 'dropout': 0.3434884642440628, 'hidden_continuous_size': 18, 'attention_head_size': 2, 'learning_rate': 0.09471141856854666}. Best is trial 72 with value: 704.312255859375.
LOCAL_RANK: 0 - CUDA_VISIBLE_DEVICES: [0]
[I 2023-11-30 14:56:13,843] Trial 75 finished with value: 762.2493286132812 and parameters: {'gradient_clip_val': 0.31373597247318924, 'hidden_size': 124, 'dropout': 0.34336950490520146, 'hidden_continuous_size': 19, 'attention_head_size': 2, 'learning_rate': 0.09561466520887395}. Best is trial 72 with value: 704.312255859375.
LOCAL_RANK: 0 - CUDA_VISIBLE_DEVICES: [0]
[I 2023-11-30 14:56:27,434] Trial 76 finished with value: 729.8097534179688 and parameters: {'gradient_clip_val': 0.3097846349891497, 'hidden_size': 124, 'dropout': 0.34566585541365846, 'hidden_continuous_size': 19, 'attention_head_size': 2, 'learning_rate': 0.09983254088339359}. Best is trial 72 with value: 704.312255859375.
LOCAL_RANK: 0 - CUDA_VISIBLE_DEVICES: [0]
[I 2023-11-30 14:56:41,096] Trial 77 finished with value: 849.5867309570312 and parameters: {'gradient_clip_val': 0.2856315979266901, 'hidden_size': 125, 'dropout': 0.34241282897707037, 'hidden_continuous_size': 19, 'attention_head_size': 2, 'learning_rate': 0.09792531724049156}. Best is trial 72 with value: 704.312255859375.
LOCAL_RANK: 0 - CUDA_VISIBLE_DEVICES: [0]
[I 2023-11-30 14:56:55,009] Trial 78 finished with value: 890.2314453125 and parameters: {'gradient_clip_val': 0.3057608795473012, 'hidden_size': 138, 'dropout': 0.33227260847779955, 'hidden_continuous_size': 23, 'attention_head_size': 2, 'learning_rate': 0.07692888023156735}. Best is trial 72 with value: 704.312255859375.
LOCAL_RANK: 0 - CUDA_VISIBLE_DEVICES: [0]
[I 2023-11-30 14:57:09,184] Trial 79 finished with value: 724.60302734375 and parameters: {'gradient_clip_val': 0.3142301552542313, 'hidden_size': 150, 'dropout': 0.34615659368850643, 'hidden_continuous_size': 24, 'attention_head_size': 3, 'learning_rate': 0.08809427868852089}. Best is trial 72 with value: 704.312255859375.
LOCAL_RANK: 0 - CUDA_VISIBLE_DEVICES: [0]
[I 2023-11-30 14:57:23,269] Trial 80 finished with value: 897.6726684570312 and parameters: {'gradient_clip_val': 0.37623138268286066, 'hidden_size': 146, 'dropout': 0.35505940647588563, 'hidden_continuous_size': 24, 'attention_head_size': 3, 'learning_rate': 0.06804760383821346}. Best is trial 72 with value: 704.312255859375.
LOCAL_RANK: 0 - CUDA_VISIBLE_DEVICES: [0]
[I 2023-11-30 14:57:36,661] Trial 81 finished with value: 753.0791015625 and parameters: {'gradient_clip_val': 0.3109285904570276, 'hidden_size': 128, 'dropout': 0.3485665469717818, 'hidden_continuous_size': 21, 'attention_head_size': 3, 'learning_rate': 0.08972414420490084}. Best is trial 72 with value: 704.312255859375.
LOCAL_RANK: 0 - CUDA_VISIBLE_DEVICES: [0]
[I 2023-11-30 14:57:50,927] Trial 82 finished with value: 757.6262817382812 and parameters: {'gradient_clip_val': 0.3162537534999198, 'hidden_size': 150, 'dropout': 0.32883510865319343, 'hidden_continuous_size': 21, 'attention_head_size': 3, 'learning_rate': 0.08519367685005273}. Best is trial 72 with value: 704.312255859375.
LOCAL_RANK: 0 - CUDA_VISIBLE_DEVICES: [0]
[I 2023-11-30 14:58:04,988] Trial 83 finished with value: 794.9484252929688 and parameters: {'gradient_clip_val': 0.2900223193002185, 'hidden_size': 150, 'dropout': 0.3252397398307574, 'hidden_continuous_size': 22, 'attention_head_size': 3, 'learning_rate': 0.08796540540670028}. Best is trial 72 with value: 704.312255859375.
LOCAL_RANK: 0 - CUDA_VISIBLE_DEVICES: [0]
[I 2023-11-30 14:58:18,873] Trial 84 finished with value: 846.6387329101562 and parameters: {'gradient_clip_val': 0.3151328620843323, 'hidden_size': 129, 'dropout': 0.3102858230885054, 'hidden_continuous_size': 21, 'attention_head_size': 3, 'learning_rate': 0.08265022404314765}. Best is trial 72 with value: 704.312255859375.
LOCAL_RANK: 0 - CUDA_VISIBLE_DEVICES: [0]
[I 2023-11-30 14:58:32,571] Trial 85 finished with value: 776.42919921875 and parameters: {'gradient_clip_val': 0.26037899589410346, 'hidden_size': 117, 'dropout': 0.3351072298209273, 'hidden_continuous_size': 19, 'attention_head_size': 3, 'learning_rate': 0.0731662580228752}. Best is trial 72 with value: 704.312255859375.
LOCAL_RANK: 0 - CUDA_VISIBLE_DEVICES: [0]
[I 2023-11-30 14:58:46,723] Trial 86 finished with value: 1005.998046875 and parameters: {'gradient_clip_val': 0.2851971068368237, 'hidden_size': 137, 'dropout': 0.34797698868916943, 'hidden_continuous_size': 26, 'attention_head_size': 4, 'learning_rate': 0.09768956212353634}. Best is trial 72 with value: 704.312255859375.
LOCAL_RANK: 0 - CUDA_VISIBLE_DEVICES: [0]
[I 2023-11-30 14:59:00,501] Trial 87 finished with value: 977.726318359375 and parameters: {'gradient_clip_val': 0.3427760824984102, 'hidden_size': 112, 'dropout': 0.35810168667146725, 'hidden_continuous_size': 20, 'attention_head_size': 3, 'learning_rate': 0.09959971404247517}. Best is trial 72 with value: 704.312255859375.
LOCAL_RANK: 0 - CUDA_VISIBLE_DEVICES: [0]
