[I 2023-11-29 21:26:16,895] Trial 51 finished with value: 43.64146423339844 and parameters: {'gradient_clip_val': 0.2568950609819232, 'hidden_size': 14, 'dropout': 0.25073281245450635, 'hidden_continuous_size': 11, 'attention_head_size': 1, 'learning_rate': 0.07672768369232523}. Best is trial 22 with value: 33.451656341552734.
LOCAL_RANK: 0 - CUDA_VISIBLE_DEVICES: [0]
[I 2023-11-29 21:26:29,337] Trial 52 finished with value: 41.6048698425293 and parameters: {'gradient_clip_val': 0.20663045089820845, 'hidden_size': 11, 'dropout': 0.21531179206898918, 'hidden_continuous_size': 10, 'attention_head_size': 1, 'learning_rate': 0.051228749507011895}. Best is trial 22 with value: 33.451656341552734.
LOCAL_RANK: 0 - CUDA_VISIBLE_DEVICES: [0]
[I 2023-11-29 21:26:41,818] Trial 53 finished with value: 38.47221755981445 and parameters: {'gradient_clip_val': 0.30920134744083033, 'hidden_size': 15, 'dropout': 0.24327937781309306, 'hidden_continuous_size': 11, 'attention_head_size': 1, 'learning_rate': 0.065339754538931}. Best is trial 22 with value: 33.451656341552734.
LOCAL_RANK: 0 - CUDA_VISIBLE_DEVICES: [0]
[I 2023-11-29 21:26:52,719] Trial 54 finished with value: 39.234519958496094 and parameters: {'gradient_clip_val': 0.18256465164651164, 'hidden_size': 10, 'dropout': 0.22814731869450086, 'hidden_continuous_size': 10, 'attention_head_size': 1, 'learning_rate': 0.08251910743320369}. Best is trial 22 with value: 33.451656341552734.
LOCAL_RANK: 0 - CUDA_VISIBLE_DEVICES: [0]
[I 2023-11-29 21:27:05,068] Trial 55 finished with value: 41.705814361572266 and parameters: {'gradient_clip_val': 0.2757728558539142, 'hidden_size': 12, 'dropout': 0.25672721004835874, 'hidden_continuous_size': 11, 'attention_head_size': 1, 'learning_rate': 0.05591546281765492}. Best is trial 22 with value: 33.451656341552734.
LOCAL_RANK: 0 - CUDA_VISIBLE_DEVICES: [0]
[I 2023-11-29 21:27:17,953] Trial 56 finished with value: 37.214324951171875 and parameters: {'gradient_clip_val': 0.21665578338776917, 'hidden_size': 17, 'dropout': 0.24007824557551563, 'hidden_continuous_size': 12, 'attention_head_size': 2, 'learning_rate': 0.0387896013611438}. Best is trial 22 with value: 33.451656341552734.
LOCAL_RANK: 0 - CUDA_VISIBLE_DEVICES: [0]
[I 2023-11-29 21:27:30,358] Trial 57 finished with value: 32.656639099121094 and parameters: {'gradient_clip_val': 0.17196964445017526, 'hidden_size': 14, 'dropout': 0.20877669585086966, 'hidden_continuous_size': 11, 'attention_head_size': 1, 'learning_rate': 0.08200098360767158}. Best is trial 57 with value: 32.656639099121094.
LOCAL_RANK: 0 - CUDA_VISIBLE_DEVICES: [0]
[I 2023-11-29 21:27:43,031] Trial 58 finished with value: 36.66872787475586 and parameters: {'gradient_clip_val': 0.17174575209443613, 'hidden_size': 21, 'dropout': 0.20404262804482562, 'hidden_continuous_size': 12, 'attention_head_size': 2, 'learning_rate': 0.05030417851188809}. Best is trial 57 with value: 32.656639099121094.
LOCAL_RANK: 0 - CUDA_VISIBLE_DEVICES: [0]
[I 2023-11-29 21:27:55,414] Trial 59 finished with value: 40.877498626708984 and parameters: {'gradient_clip_val': 0.24095132181611434, 'hidden_size': 16, 'dropout': 0.21333802207168995, 'hidden_continuous_size': 12, 'attention_head_size': 1, 'learning_rate': 0.06372165555339224}. Best is trial 57 with value: 32.656639099121094.
LOCAL_RANK: 0 - CUDA_VISIBLE_DEVICES: [0]
[I 2023-11-29 21:28:06,201] Trial 60 finished with value: 35.953311920166016 and parameters: {'gradient_clip_val': 0.2517763390137309, 'hidden_size': 11, 'dropout': 0.18548347566777224, 'hidden_continuous_size': 11, 'attention_head_size': 2, 'learning_rate': 0.08267135128075663}. Best is trial 57 with value: 32.656639099121094.
LOCAL_RANK: 0 - CUDA_VISIBLE_DEVICES: [0]
[I 2023-11-29 21:28:18,993] Trial 61 finished with value: 36.90156555175781 and parameters: {'gradient_clip_val': 0.19322159291487154, 'hidden_size': 14, 'dropout': 0.2322623924793943, 'hidden_continuous_size': 11, 'attention_head_size': 1, 'learning_rate': 0.07301861075689445}. Best is trial 57 with value: 32.656639099121094.
LOCAL_RANK: 0 - CUDA_VISIBLE_DEVICES: [0]
[I 2023-11-29 21:28:31,586] Trial 62 finished with value: 36.34556198120117 and parameters: {'gradient_clip_val': 0.19903220616846137, 'hidden_size': 14, 'dropout': 0.24928113244668063, 'hidden_continuous_size': 11, 'attention_head_size': 1, 'learning_rate': 0.08676010973779588}. Best is trial 57 with value: 32.656639099121094.
LOCAL_RANK: 0 - CUDA_VISIBLE_DEVICES: [0]
[I 2023-11-29 21:28:44,040] Trial 63 finished with value: 51.61055374145508 and parameters: {'gradient_clip_val': 0.2185058644919551, 'hidden_size': 18, 'dropout': 0.26503079535683366, 'hidden_continuous_size': 10, 'attention_head_size': 1, 'learning_rate': 0.059740610424568553}. Best is trial 57 with value: 32.656639099121094.
LOCAL_RANK: 0 - CUDA_VISIBLE_DEVICES: [0]
[I 2023-11-29 21:28:56,316] Trial 64 finished with value: 36.70298767089844 and parameters: {'gradient_clip_val': 0.17177997934280437, 'hidden_size': 12, 'dropout': 0.22048115958847014, 'hidden_continuous_size': 11, 'attention_head_size': 1, 'learning_rate': 0.07089669098626888}. Best is trial 57 with value: 32.656639099121094.
LOCAL_RANK: 0 - CUDA_VISIBLE_DEVICES: [0]
[I 2023-11-29 21:29:07,144] Trial 65 finished with value: 36.833831787109375 and parameters: {'gradient_clip_val': 0.19561331996233017, 'hidden_size': 10, 'dropout': 0.23172749993646227, 'hidden_continuous_size': 10, 'attention_head_size': 1, 'learning_rate': 0.097147337913719}. Best is trial 57 with value: 32.656639099121094.
LOCAL_RANK: 0 - CUDA_VISIBLE_DEVICES: [0]
[I 2023-11-29 21:29:19,815] Trial 66 finished with value: 41.84341812133789 and parameters: {'gradient_clip_val': 0.1545965993696697, 'hidden_size': 16, 'dropout': 0.18542175468374797, 'hidden_continuous_size': 11, 'attention_head_size': 1, 'learning_rate': 0.04906896149785614}. Best is trial 57 with value: 32.656639099121094.
LOCAL_RANK: 0 - CUDA_VISIBLE_DEVICES: [0]
[I 2023-11-29 21:29:32,517] Trial 67 finished with value: 37.0566291809082 and parameters: {'gradient_clip_val': 0.2996853286961372, 'hidden_size': 13, 'dropout': 0.20227493689921822, 'hidden_continuous_size': 11, 'attention_head_size': 1, 'learning_rate': 0.04276727128808324}. Best is trial 57 with value: 32.656639099121094.
LOCAL_RANK: 0 - CUDA_VISIBLE_DEVICES: [0]
[I 2023-11-29 21:29:45,178] Trial 68 finished with value: 43.71538162231445 and parameters: {'gradient_clip_val': 0.3342148144412322, 'hidden_size': 19, 'dropout': 0.28092576267163566, 'hidden_continuous_size': 12, 'attention_head_size': 2, 'learning_rate': 0.08634798498213042}. Best is trial 57 with value: 32.656639099121094.
LOCAL_RANK: 0 - CUDA_VISIBLE_DEVICES: [0]
[I 2023-11-29 21:29:57,911] Trial 69 finished with value: 37.02532958984375 and parameters: {'gradient_clip_val': 0.2725502907825103, 'hidden_size': 14, 'dropout': 0.2536416609410819, 'hidden_continuous_size': 11, 'attention_head_size': 3, 'learning_rate': 0.05922588441099033}. Best is trial 57 with value: 32.656639099121094.
LOCAL_RANK: 0 - CUDA_VISIBLE_DEVICES: [0]
[I 2023-11-29 21:30:10,764] Trial 70 finished with value: 38.09624099731445 and parameters: {'gradient_clip_val': 0.14465930668854451, 'hidden_size': 21, 'dropout': 0.26233992214268254, 'hidden_continuous_size': 14, 'attention_head_size': 1, 'learning_rate': 0.03581447266293179}. Best is trial 57 with value: 32.656639099121094.
LOCAL_RANK: 0 - CUDA_VISIBLE_DEVICES: [0]
[I 2023-11-29 21:30:23,603] Trial 71 finished with value: 43.79050827026367 and parameters: {'gradient_clip_val': 0.23801683628660264, 'hidden_size': 13, 'dropout': 0.27149420094137, 'hidden_continuous_size': 11, 'attention_head_size': 1, 'learning_rate': 0.06787750041710856}. Best is trial 57 with value: 32.656639099121094.
LOCAL_RANK: 0 - CUDA_VISIBLE_DEVICES: [0]
[I 2023-11-29 21:30:36,225] Trial 72 finished with value: 43.74126052856445 and parameters: {'gradient_clip_val': 0.21790495009424674, 'hidden_size': 15, 'dropout': 0.2796491211355928, 'hidden_continuous_size': 11, 'attention_head_size': 1, 'learning_rate': 0.07170820406440181}. Best is trial 57 with value: 32.656639099121094.
LOCAL_RANK: 0 - CUDA_VISIBLE_DEVICES: [0]
[I 2023-11-29 21:30:48,560] Trial 73 finished with value: 34.38201904296875 and parameters: {'gradient_clip_val': 0.23033936706725633, 'hidden_size': 12, 'dropout': 0.2642975072110174, 'hidden_continuous_size': 11, 'attention_head_size': 1, 'learning_rate': 0.08127096492212822}. Best is trial 57 with value: 32.656639099121094.
LOCAL_RANK: 0 - CUDA_VISIBLE_DEVICES: [0]
[I 2023-11-29 21:30:59,433] Trial 74 finished with value: 33.821407318115234 and parameters: {'gradient_clip_val': 0.1752499020226827, 'hidden_size': 11, 'dropout': 0.23500428108660207, 'hidden_continuous_size': 11, 'attention_head_size': 1, 'learning_rate': 0.08558345569247618}. Best is trial 57 with value: 32.656639099121094.
LOCAL_RANK: 0 - CUDA_VISIBLE_DEVICES: [0]
[I 2023-11-29 21:31:11,828] Trial 75 finished with value: 39.37188720703125 and parameters: {'gradient_clip_val': 0.17213894021811002, 'hidden_size': 12, 'dropout': 0.24476507170833026, 'hidden_continuous_size': 11, 'attention_head_size': 1, 'learning_rate': 0.08279389123304197}. Best is trial 57 with value: 32.656639099121094.
LOCAL_RANK: 0 - CUDA_VISIBLE_DEVICES: [0]
[I 2023-11-29 21:31:22,965] Trial 76 finished with value: 43.23980712890625 and parameters: {'gradient_clip_val': 0.20643674011397375, 'hidden_size': 11, 'dropout': 0.23825946238262685, 'hidden_continuous_size': 11, 'attention_head_size': 1, 'learning_rate': 0.08714203694271576}. Best is trial 57 with value: 32.656639099121094.
LOCAL_RANK: 0 - CUDA_VISIBLE_DEVICES: [0]
[I 2023-11-29 21:31:33,978] Trial 77 finished with value: 41.84299850463867 and parameters: {'gradient_clip_val': 0.24534594092686776, 'hidden_size': 11, 'dropout': 0.2210913127451852, 'hidden_continuous_size': 11, 'attention_head_size': 1, 'learning_rate': 0.05374359093562764}. Best is trial 57 with value: 32.656639099121094.
LOCAL_RANK: 0 - CUDA_VISIBLE_DEVICES: [0]
[I 2023-11-29 21:31:45,193] Trial 78 finished with value: 48.35651779174805 and parameters: {'gradient_clip_val': 0.26235144228896196, 'hidden_size': 10, 'dropout': 0.2609979969143886, 'hidden_continuous_size': 10, 'attention_head_size': 4, 'learning_rate': 0.0631486438684904}. Best is trial 57 with value: 32.656639099121094.
LOCAL_RANK: 0 - CUDA_VISIBLE_DEVICES: [0]
[I 2023-11-29 21:31:57,594] Trial 79 finished with value: 33.09416961669922 and parameters: {'gradient_clip_val': 0.22921216241794598, 'hidden_size': 12, 'dropout': 0.20976979576274432, 'hidden_continuous_size': 11, 'attention_head_size': 3, 'learning_rate': 0.09754808070763431}. Best is trial 57 with value: 32.656639099121094.
LOCAL_RANK: 0 - CUDA_VISIBLE_DEVICES: [0]
[I 2023-11-29 21:32:10,130] Trial 80 finished with value: 53.3551025390625 and parameters: {'gradient_clip_val': 0.1778023886441346, 'hidden_size': 13, 'dropout': 0.15844500068295658, 'hidden_continuous_size': 11, 'attention_head_size': 3, 'learning_rate': 0.043564787658676433}. Best is trial 57 with value: 32.656639099121094.
LOCAL_RANK: 0 - CUDA_VISIBLE_DEVICES: [0]
[I 2023-11-29 21:32:22,820] Trial 81 finished with value: 35.22488784790039 and parameters: {'gradient_clip_val': 0.22525972213177106, 'hidden_size': 12, 'dropout': 0.19177231087980862, 'hidden_continuous_size': 11, 'attention_head_size': 4, 'learning_rate': 0.09896651675645575}. Best is trial 57 with value: 32.656639099121094.
LOCAL_RANK: 0 - CUDA_VISIBLE_DEVICES: [0]
[I 2023-11-29 21:32:35,612] Trial 82 finished with value: 36.673831939697266 and parameters: {'gradient_clip_val': 0.22998888541421572, 'hidden_size': 15, 'dropout': 0.17937963596084247, 'hidden_continuous_size': 11, 'attention_head_size': 3, 'learning_rate': 0.08948675772066547}. Best is trial 57 with value: 32.656639099121094.
LOCAL_RANK: 0 - CUDA_VISIBLE_DEVICES: [0]
[I 2023-11-29 21:32:46,769] Trial 83 finished with value: 41.024169921875 and parameters: {'gradient_clip_val': 0.2843833860015449, 'hidden_size': 10, 'dropout': 0.20731379595936264, 'hidden_continuous_size': 10, 'attention_head_size': 3, 'learning_rate': 0.08100880493540244}. Best is trial 57 with value: 32.656639099121094.
LOCAL_RANK: 0 - CUDA_VISIBLE_DEVICES: [0]
[I 2023-11-29 21:32:59,270] Trial 84 finished with value: 43.69535827636719 and parameters: {'gradient_clip_val': 0.2069128431647437, 'hidden_size': 12, 'dropout': 0.22448072872853264, 'hidden_continuous_size': 11, 'attention_head_size': 1, 'learning_rate': 0.09956659674511155}. Best is trial 57 with value: 32.656639099121094.
LOCAL_RANK: 0 - CUDA_VISIBLE_DEVICES: [0]
[I 2023-11-29 21:33:12,025] Trial 85 finished with value: 36.02753829956055 and parameters: {'gradient_clip_val': 0.30948835077362163, 'hidden_size': 18, 'dropout': 0.21443425403321922, 'hidden_continuous_size': 12, 'attention_head_size': 4, 'learning_rate': 0.07482620182336776}. Best is trial 57 with value: 32.656639099121094.
LOCAL_RANK: 0 - CUDA_VISIBLE_DEVICES: [0]
[I 2023-11-29 21:33:24,751] Trial 86 finished with value: 41.19851303100586 and parameters: {'gradient_clip_val': 0.19005153488497806, 'hidden_size': 13, 'dropout': 0.2347235695580696, 'hidden_continuous_size': 11, 'attention_head_size': 1, 'learning_rate': 0.06218743612017518}. Best is trial 57 with value: 32.656639099121094.
LOCAL_RANK: 0 - CUDA_VISIBLE_DEVICES: [0]
[I 2023-11-29 21:33:37,533] Trial 87 finished with value: 40.99772262573242 and parameters: {'gradient_clip_val': 0.24846932040366138, 'hidden_size': 16, 'dropout': 0.19695274309822866, 'hidden_continuous_size': 12, 'attention_head_size': 2, 'learning_rate': 0.09021848635099876}. Best is trial 57 with value: 32.656639099121094.
LOCAL_RANK: 0 - CUDA_VISIBLE_DEVICES: [0]
[I 2023-11-29 21:33:50,433] Trial 88 finished with value: 44.02495193481445 and parameters: {'gradient_clip_val': 0.1640589933637958, 'hidden_size': 14, 'dropout': 0.20954510364658518, 'hidden_continuous_size': 11, 'attention_head_size': 2, 'learning_rate': 0.055364253753985244}. Best is trial 57 with value: 32.656639099121094.
LOCAL_RANK: 0 - CUDA_VISIBLE_DEVICES: [0]
[I 2023-11-29 21:34:01,237] Trial 89 finished with value: 35.732059478759766 and parameters: {'gradient_clip_val': 0.2685510149027072, 'hidden_size': 11, 'dropout': 0.2657847979651842, 'hidden_continuous_size': 11, 'attention_head_size': 1, 'learning_rate': 0.07626731322711225}. Best is trial 57 with value: 32.656639099121094.
LOCAL_RANK: 0 - CUDA_VISIBLE_DEVICES: [0]
[I 2023-11-29 21:34:13,929] Trial 90 finished with value: 39.38290786743164 and parameters: {'gradient_clip_val': 0.23568161250237743, 'hidden_size': 17, 'dropout': 0.2550313219487882, 'hidden_continuous_size': 12, 'attention_head_size': 1, 'learning_rate': 0.0701541109065251}. Best is trial 57 with value: 32.656639099121094.
LOCAL_RANK: 0 - CUDA_VISIBLE_DEVICES: [0]
[I 2023-11-29 21:34:26,514] Trial 91 finished with value: 38.406044006347656 and parameters: {'gradient_clip_val': 0.18844591833721921, 'hidden_size': 14, 'dropout': 0.24642188255039965, 'hidden_continuous_size': 11, 'attention_head_size': 1, 'learning_rate': 0.08096793188911545}. Best is trial 57 with value: 32.656639099121094.
LOCAL_RANK: 0 - CUDA_VISIBLE_DEVICES: [0]
[I 2023-11-29 21:34:39,288] Trial 92 finished with value: 33.88238525390625 and parameters: {'gradient_clip_val': 0.18228468122684138, 'hidden_size': 15, 'dropout': 0.23832098639369437, 'hidden_continuous_size': 11, 'attention_head_size': 1, 'learning_rate': 0.07032661403673263}. Best is trial 57 with value: 32.656639099121094.
LOCAL_RANK: 0 - CUDA_VISIBLE_DEVICES: [0]
[I 2023-11-29 21:34:51,791] Trial 93 finished with value: 36.99296951293945 and parameters: {'gradient_clip_val': 0.19981069943756405, 'hidden_size': 15, 'dropout': 0.23977218704843029, 'hidden_continuous_size': 11, 'attention_head_size': 1, 'learning_rate': 0.04734871129377487}. Best is trial 57 with value: 32.656639099121094.
LOCAL_RANK: 0 - CUDA_VISIBLE_DEVICES: [0]
[I 2023-11-29 21:35:04,422] Trial 94 finished with value: 34.62086868286133 and parameters: {'gradient_clip_val': 0.21316052853517656, 'hidden_size': 13, 'dropout': 0.22126882635407807, 'hidden_continuous_size': 11, 'attention_head_size': 1, 'learning_rate': 0.08855773889728108}. Best is trial 57 with value: 32.656639099121094.
LOCAL_RANK: 0 - CUDA_VISIBLE_DEVICES: [0]
[I 2023-11-29 21:35:16,721] Trial 95 finished with value: 38.56044387817383 and parameters: {'gradient_clip_val': 0.17750310297311014, 'hidden_size': 12, 'dropout': 0.22891857694445678, 'hidden_continuous_size': 11, 'attention_head_size': 1, 'learning_rate': 0.06600558029047593}. Best is trial 57 with value: 32.656639099121094.
LOCAL_RANK: 0 - CUDA_VISIBLE_DEVICES: [0]
[I 2023-11-29 21:35:29,985] Trial 96 finished with value: 38.791500091552734 and parameters: {'gradient_clip_val': 0.22381745438342177, 'hidden_size': 38, 'dropout': 0.24324665097285222, 'hidden_continuous_size': 13, 'attention_head_size': 4, 'learning_rate': 0.05831137421438234}. Best is trial 57 with value: 32.656639099121094.
LOCAL_RANK: 0 - CUDA_VISIBLE_DEVICES: [0]
[I 2023-11-29 21:35:42,506] Trial 97 finished with value: 38.06392288208008 and parameters: {'gradient_clip_val': 0.2565043553856152, 'hidden_size': 15, 'dropout': 0.25396615745292345, 'hidden_continuous_size': 11, 'attention_head_size': 1, 'learning_rate': 0.07891371530622592}. Best is trial 57 with value: 32.656639099121094.
LOCAL_RANK: 0 - CUDA_VISIBLE_DEVICES: [0]
[I 2023-11-29 21:35:53,220] Trial 98 finished with value: 37.84969711303711 and parameters: {'gradient_clip_val': 0.21269525507583487, 'hidden_size': 11, 'dropout': 0.23555405591062584, 'hidden_continuous_size': 11, 'attention_head_size': 1, 'learning_rate': 0.09308460926935244}. Best is trial 57 with value: 32.656639099121094.
LOCAL_RANK: 0 - CUDA_VISIBLE_DEVICES: [0]
[I 2023-11-29 21:36:05,867] Trial 99 finished with value: 35.98149490356445 and parameters: {'gradient_clip_val': 0.19797453978735996, 'hidden_size': 16, 'dropout': 0.2159593569425679, 'hidden_continuous_size': 12, 'attention_head_size': 3, 'learning_rate': 0.051746744744568265}. Best is trial 57 with value: 32.656639099121094.
LOCAL_RANK: 0 - CUDA_VISIBLE_DEVICES: [0]
[I 2023-11-29 21:36:18,332] Trial 100 finished with value: 34.273773193359375 and parameters: {'gradient_clip_val': 0.15870953959816236, 'hidden_size': 20, 'dropout': 0.20265398560236167, 'hidden_continuous_size': 10, 'attention_head_size': 1, 'learning_rate': 0.06748342354693132}. Best is trial 57 with value: 32.656639099121094.
LOCAL_RANK: 0 - CUDA_VISIBLE_DEVICES: [0]
[I 2023-11-29 21:36:30,687] Trial 101 finished with value: 44.58517074584961 and parameters: {'gradient_clip_val': 0.15679597489205394, 'hidden_size': 20, 'dropout': 0.2269672454916583, 'hidden_continuous_size': 15, 'attention_head_size': 1, 'learning_rate': 0.06935235985833552}. Best is trial 57 with value: 32.656639099121094.
LOCAL_RANK: 0 - CUDA_VISIBLE_DEVICES: [0]
[I 2023-11-29 21:36:43,362] Trial 102 finished with value: 35.57209396362305 and parameters: {'gradient_clip_val': 0.16535542178422102, 'hidden_size': 18, 'dropout': 0.24752159430824708, 'hidden_continuous_size': 10, 'attention_head_size': 1, 'learning_rate': 0.06342384807927236}. Best is trial 57 with value: 32.656639099121094.
LOCAL_RANK: 0 - CUDA_VISIBLE_DEVICES: [0]
[I 2023-11-29 21:36:55,787] Trial 103 finished with value: 42.443424224853516 and parameters: {'gradient_clip_val': 0.17750880294257132, 'hidden_size': 20, 'dropout': 0.204911216905516, 'hidden_continuous_size': 10, 'attention_head_size': 1, 'learning_rate': 0.07472353874877499}. Best is trial 57 with value: 32.656639099121094.
LOCAL_RANK: 0 - CUDA_VISIBLE_DEVICES: [0]
[I 2023-11-29 21:37:08,797] Trial 104 finished with value: 46.09576416015625 and parameters: {'gradient_clip_val': 0.15046562453532156, 'hidden_size': 17, 'dropout': 0.19898161115307947, 'hidden_continuous_size': 10, 'attention_head_size': 1, 'learning_rate': 0.09103305228929305}. Best is trial 57 with value: 32.656639099121094.
LOCAL_RANK: 0 - CUDA_VISIBLE_DEVICES: [0]
[I 2023-11-29 21:37:21,520] Trial 105 finished with value: 44.187984466552734 and parameters: {'gradient_clip_val': 0.18560958892568838, 'hidden_size': 23, 'dropout': 0.16437925514105453, 'hidden_continuous_size': 15, 'attention_head_size': 1, 'learning_rate': 0.0820887091400324}. Best is trial 57 with value: 32.656639099121094.
LOCAL_RANK: 0 - CUDA_VISIBLE_DEVICES: [0]
[I 2023-11-29 21:37:34,357] Trial 106 finished with value: 33.8425178527832 and parameters: {'gradient_clip_val': 0.16650013820290785, 'hidden_size': 14, 'dropout': 0.2172657570887002, 'hidden_continuous_size': 11, 'attention_head_size': 1, 'learning_rate': 0.058840346773854406}. Best is trial 57 with value: 32.656639099121094.
LOCAL_RANK: 0 - CUDA_VISIBLE_DEVICES: [0]
[I 2023-11-29 21:37:46,748] Trial 107 finished with value: 43.55820846557617 and parameters: {'gradient_clip_val': 0.1437113660139095, 'hidden_size': 15, 'dropout': 0.1903374322063635, 'hidden_continuous_size': 10, 'attention_head_size': 1, 'learning_rate': 0.054968946716926884}. Best is trial 57 with value: 32.656639099121094.
LOCAL_RANK: 0 - CUDA_VISIBLE_DEVICES: [0]
[I 2023-11-29 21:37:59,440] Trial 108 finished with value: 39.73820877075195 and parameters: {'gradient_clip_val': 0.19727963939570203, 'hidden_size': 13, 'dropout': 0.1472683316452249, 'hidden_continuous_size': 11, 'attention_head_size': 1, 'learning_rate': 0.0461050102183073}. Best is trial 57 with value: 32.656639099121094.
LOCAL_RANK: 0 - CUDA_VISIBLE_DEVICES: [0]
[I 2023-11-29 21:38:11,907] Trial 109 finished with value: 39.121402740478516 and parameters: {'gradient_clip_val': 0.16034250765833905, 'hidden_size': 16, 'dropout': 0.23312398431735018, 'hidden_continuous_size': 13, 'attention_head_size': 2, 'learning_rate': 0.07100380544481917}. Best is trial 57 with value: 32.656639099121094.
LOCAL_RANK: 0 - CUDA_VISIBLE_DEVICES: [0]
