[I 2023-11-30 05:51:43,600] Trial 139 finished with value: 818.6259155273438 and parameters: {'gradient_clip_val': 0.17394843660893874, 'hidden_size': 37, 'dropout': 0.20525997575791902, 'hidden_continuous_size': 10, 'attention_head_size': 1, 'learning_rate': 0.029982264537462708}. Best is trial 53 with value: 715.830810546875.
LOCAL_RANK: 0 - CUDA_VISIBLE_DEVICES: [0]
[I 2023-11-30 05:51:56,203] Trial 140 finished with value: 1516.251953125 and parameters: {'gradient_clip_val': 0.17190902396688756, 'hidden_size': 44, 'dropout': 0.16611391001134262, 'hidden_continuous_size': 10, 'attention_head_size': 1, 'learning_rate': 0.03147186162989053}. Best is trial 53 with value: 715.830810546875.
LOCAL_RANK: 0 - CUDA_VISIBLE_DEVICES: [0]
[I 2023-11-30 05:52:08,504] Trial 141 finished with value: 1073.7701416015625 and parameters: {'gradient_clip_val': 0.15394428770435747, 'hidden_size': 37, 'dropout': 0.18774030405986863, 'hidden_continuous_size': 10, 'attention_head_size': 1, 'learning_rate': 0.028124195943296144}. Best is trial 53 with value: 715.830810546875.
LOCAL_RANK: 0 - CUDA_VISIBLE_DEVICES: [0]
[I 2023-11-30 05:52:20,901] Trial 142 finished with value: 883.3880004882812 and parameters: {'gradient_clip_val': 0.17654309119890393, 'hidden_size': 35, 'dropout': 0.17910290347222124, 'hidden_continuous_size': 10, 'attention_head_size': 1, 'learning_rate': 0.03424230935882642}. Best is trial 53 with value: 715.830810546875.
LOCAL_RANK: 0 - CUDA_VISIBLE_DEVICES: [0]
[I 2023-11-30 05:52:33,324] Trial 143 finished with value: 1005.6216430664062 and parameters: {'gradient_clip_val': 0.16924769775518558, 'hidden_size': 33, 'dropout': 0.20514626311400244, 'hidden_continuous_size': 10, 'attention_head_size': 1, 'learning_rate': 0.054435860352312314}. Best is trial 53 with value: 715.830810546875.
LOCAL_RANK: 0 - CUDA_VISIBLE_DEVICES: [0]
[I 2023-11-30 05:52:45,567] Trial 144 finished with value: 1072.22607421875 and parameters: {'gradient_clip_val': 0.1863161440113136, 'hidden_size': 29, 'dropout': 0.1975993945627864, 'hidden_continuous_size': 14, 'attention_head_size': 1, 'learning_rate': 0.03845022393751438}. Best is trial 53 with value: 715.830810546875.
LOCAL_RANK: 0 - CUDA_VISIBLE_DEVICES: [0]
[I 2023-11-30 05:52:58,191] Trial 145 finished with value: 1198.7310791015625 and parameters: {'gradient_clip_val': 0.42212974719343893, 'hidden_size': 48, 'dropout': 0.21247915388431832, 'hidden_continuous_size': 11, 'attention_head_size': 1, 'learning_rate': 0.02326847031552312}. Best is trial 53 with value: 715.830810546875.
LOCAL_RANK: 0 - CUDA_VISIBLE_DEVICES: [0]
[I 2023-11-30 05:53:10,734] Trial 146 finished with value: 923.6652221679688 and parameters: {'gradient_clip_val': 0.19446872045627414, 'hidden_size': 38, 'dropout': 0.2020123505328475, 'hidden_continuous_size': 12, 'attention_head_size': 2, 'learning_rate': 0.04569055682334462}. Best is trial 53 with value: 715.830810546875.
LOCAL_RANK: 0 - CUDA_VISIBLE_DEVICES: [0]
[I 2023-11-30 05:53:23,199] Trial 147 finished with value: 1103.1400146484375 and parameters: {'gradient_clip_val': 0.16178219952577905, 'hidden_size': 31, 'dropout': 0.21803578274787414, 'hidden_continuous_size': 16, 'attention_head_size': 2, 'learning_rate': 0.04973760575272673}. Best is trial 53 with value: 715.830810546875.
LOCAL_RANK: 0 - CUDA_VISIBLE_DEVICES: [0]
[I 2023-11-30 05:53:35,563] Trial 148 finished with value: 1078.9498291015625 and parameters: {'gradient_clip_val': 0.2049071842805388, 'hidden_size': 40, 'dropout': 0.19011401582586693, 'hidden_continuous_size': 11, 'attention_head_size': 1, 'learning_rate': 0.05967980625332715}. Best is trial 53 with value: 715.830810546875.
LOCAL_RANK: 0 - CUDA_VISIBLE_DEVICES: [0]
[I 2023-11-30 05:53:47,649] Trial 149 finished with value: 776.8271484375 and parameters: {'gradient_clip_val': 0.23433891085034195, 'hidden_size': 20, 'dropout': 0.20900310432559463, 'hidden_continuous_size': 15, 'attention_head_size': 3, 'learning_rate': 0.041402484801661456}. Best is trial 53 with value: 715.830810546875.
[I 2023-11-30 05:53:47,759] A new study created in memory with name: no-name-90e74f65-3835-4671-b815-552b363c939d
/home/le004/conda/anaconda3/envs/tsff_env/lib/python3.9/site-packages/lightning/fabric/plugins/environments/slurm.py:191: The `srun` command is available on your system but is not used. HINT: If your intention is to run Lightning on SLURM, prepend your python command with `srun` like so: srun python /home/le004/master_thesis/git/TSFusionForecast/code/ ...
LOCAL_RANK: 0 - CUDA_VISIBLE_DEVICES: [0]
[I 2023-11-30 05:54:00,627] Trial 0 finished with value: 30.07061767578125 and parameters: {'gradient_clip_val': 0.19278232918704571, 'hidden_size': 53, 'dropout': 0.19603309855300274, 'hidden_continuous_size': 11, 'attention_head_size': 1, 'learning_rate': 0.06856875627865391}. Best is trial 0 with value: 30.07061767578125.
LOCAL_RANK: 0 - CUDA_VISIBLE_DEVICES: [0]
[I 2023-11-30 05:54:12,820] Trial 1 finished with value: 36.70118713378906 and parameters: {'gradient_clip_val': 0.40021242946770724, 'hidden_size': 24, 'dropout': 0.2623114615732418, 'hidden_continuous_size': 20, 'attention_head_size': 3, 'learning_rate': 0.0017385501612633848}. Best is trial 0 with value: 30.07061767578125.
LOCAL_RANK: 0 - CUDA_VISIBLE_DEVICES: [0]
[I 2023-11-30 05:54:23,062] Trial 2 finished with value: 21.174522399902344 and parameters: {'gradient_clip_val': 0.24073419575270594, 'hidden_size': 11, 'dropout': 0.2291828379942945, 'hidden_continuous_size': 11, 'attention_head_size': 1, 'learning_rate': 0.07424613250183025}. Best is trial 2 with value: 21.174522399902344.
LOCAL_RANK: 0 - CUDA_VISIBLE_DEVICES: [0]
[I 2023-11-30 05:54:35,203] Trial 3 finished with value: 48.56180953979492 and parameters: {'gradient_clip_val': 0.10866904374854738, 'hidden_size': 18, 'dropout': 0.3590121145957924, 'hidden_continuous_size': 11, 'attention_head_size': 2, 'learning_rate': 0.001328494644942582}. Best is trial 2 with value: 21.174522399902344.
LOCAL_RANK: 0 - CUDA_VISIBLE_DEVICES: [0]
[I 2023-11-30 05:54:47,441] Trial 4 finished with value: 21.307077407836914 and parameters: {'gradient_clip_val': 0.7747600979518829, 'hidden_size': 18, 'dropout': 0.13822696537407123, 'hidden_continuous_size': 14, 'attention_head_size': 4, 'learning_rate': 0.05097882043622244}. Best is trial 2 with value: 21.174522399902344.
LOCAL_RANK: 0 - CUDA_VISIBLE_DEVICES: [0]
[I 2023-11-30 05:55:01,416] Trial 5 finished with value: 23.00834083557129 and parameters: {'gradient_clip_val': 0.7015785770086792, 'hidden_size': 87, 'dropout': 0.3683799286775862, 'hidden_continuous_size': 56, 'attention_head_size': 1, 'learning_rate': 0.005870711013546086}. Best is trial 2 with value: 21.174522399902344.
LOCAL_RANK: 0 - CUDA_VISIBLE_DEVICES: [0]
[I 2023-11-30 05:55:13,905] Trial 6 finished with value: 51.037384033203125 and parameters: {'gradient_clip_val': 0.2973829135834271, 'hidden_size': 30, 'dropout': 0.12963660715785036, 'hidden_continuous_size': 14, 'attention_head_size': 3, 'learning_rate': 0.001544501685469438}. Best is trial 2 with value: 21.174522399902344.
LOCAL_RANK: 0 - CUDA_VISIBLE_DEVICES: [0]
[I 2023-11-30 05:55:26,493] Trial 7 finished with value: 17.40726661682129 and parameters: {'gradient_clip_val': 0.11667053114984963, 'hidden_size': 42, 'dropout': 0.16926453451198054, 'hidden_continuous_size': 10, 'attention_head_size': 2, 'learning_rate': 0.003935135009224974}. Best is trial 7 with value: 17.40726661682129.
LOCAL_RANK: 0 - CUDA_VISIBLE_DEVICES: [0]
[I 2023-11-30 05:55:38,614] Trial 8 finished with value: 20.89333152770996 and parameters: {'gradient_clip_val': 0.5652384958711756, 'hidden_size': 29, 'dropout': 0.2519130119593087, 'hidden_continuous_size': 10, 'attention_head_size': 1, 'learning_rate': 0.004605301260708391}. Best is trial 7 with value: 17.40726661682129.
LOCAL_RANK: 0 - CUDA_VISIBLE_DEVICES: [0]
[I 2023-11-30 05:55:52,838] Trial 9 finished with value: 22.66438102722168 and parameters: {'gradient_clip_val': 0.47610830751825284, 'hidden_size': 128, 'dropout': 0.16058435044562547, 'hidden_continuous_size': 107, 'attention_head_size': 1, 'learning_rate': 0.0027045614829281036}. Best is trial 7 with value: 17.40726661682129.
LOCAL_RANK: 0 - CUDA_VISIBLE_DEVICES: [0]
[I 2023-11-30 05:56:05,766] Trial 10 finished with value: 20.353334426879883 and parameters: {'gradient_clip_val': 0.10317907394787024, 'hidden_size': 47, 'dropout': 0.11569085481741964, 'hidden_continuous_size': 22, 'attention_head_size': 2, 'learning_rate': 0.014313585610640629}. Best is trial 7 with value: 17.40726661682129.
LOCAL_RANK: 0 - CUDA_VISIBLE_DEVICES: [0]
[I 2023-11-30 05:56:18,776] Trial 11 finished with value: 21.823341369628906 and parameters: {'gradient_clip_val': 0.10445766380012006, 'hidden_size': 53, 'dropout': 0.10280950819323108, 'hidden_continuous_size': 24, 'attention_head_size': 2, 'learning_rate': 0.011897878276823952}. Best is trial 7 with value: 17.40726661682129.
LOCAL_RANK: 0 - CUDA_VISIBLE_DEVICES: [0]
[I 2023-11-30 05:56:31,638] Trial 12 finished with value: 20.240129470825195 and parameters: {'gradient_clip_val': 0.15977931742313356, 'hidden_size': 43, 'dropout': 0.17292784025022623, 'hidden_continuous_size': 19, 'attention_head_size': 2, 'learning_rate': 0.014773716133823358}. Best is trial 7 with value: 17.40726661682129.
LOCAL_RANK: 0 - CUDA_VISIBLE_DEVICES: [0]
[I 2023-11-30 05:56:44,937] Trial 13 finished with value: 26.222335815429688 and parameters: {'gradient_clip_val': 0.1621838315480924, 'hidden_size': 66, 'dropout': 0.1849227244207997, 'hidden_continuous_size': 17, 'attention_head_size': 3, 'learning_rate': 0.01906995755059251}. Best is trial 7 with value: 17.40726661682129.
LOCAL_RANK: 0 - CUDA_VISIBLE_DEVICES: [0]
[I 2023-11-30 05:56:57,558] Trial 14 finished with value: 18.051677703857422 and parameters: {'gradient_clip_val': 0.15363658746084188, 'hidden_size': 39, 'dropout': 0.1740779024265612, 'hidden_continuous_size': 14, 'attention_head_size': 2, 'learning_rate': 0.005979108662551649}. Best is trial 7 with value: 17.40726661682129.
LOCAL_RANK: 0 - CUDA_VISIBLE_DEVICES: [0]
[I 2023-11-30 05:57:10,165] Trial 15 finished with value: 16.653993606567383 and parameters: {'gradient_clip_val': 0.1453000147451141, 'hidden_size': 34, 'dropout': 0.21363051780232184, 'hidden_continuous_size': 10, 'attention_head_size': 4, 'learning_rate': 0.006111519077027817}. Best is trial 15 with value: 16.653993606567383.
LOCAL_RANK: 0 - CUDA_VISIBLE_DEVICES: [0]
[I 2023-11-30 05:57:23,786] Trial 16 finished with value: 19.025766372680664 and parameters: {'gradient_clip_val': 0.24247433932569282, 'hidden_size': 72, 'dropout': 0.21267530033448157, 'hidden_continuous_size': 26, 'attention_head_size': 4, 'learning_rate': 0.003313035190179486}. Best is trial 15 with value: 16.653993606567383.
LOCAL_RANK: 0 - CUDA_VISIBLE_DEVICES: [0]
[I 2023-11-30 05:57:36,348] Trial 17 finished with value: 18.067760467529297 and parameters: {'gradient_clip_val': 0.12496646051426372, 'hidden_size': 33, 'dropout': 0.2271057296239, 'hidden_continuous_size': 10, 'attention_head_size': 4, 'learning_rate': 0.0072538497374698835}. Best is trial 15 with value: 16.653993606567383.
LOCAL_RANK: 0 - CUDA_VISIBLE_DEVICES: [0]
[I 2023-11-30 05:57:48,834] Trial 18 finished with value: 32.032127380371094 and parameters: {'gradient_clip_val': 0.13310976211137607, 'hidden_size': 36, 'dropout': 0.28117905083954864, 'hidden_continuous_size': 12, 'attention_head_size': 3, 'learning_rate': 0.002657774068114686}. Best is trial 15 with value: 16.653993606567383.
LOCAL_RANK: 0 - CUDA_VISIBLE_DEVICES: [0]
[I 2023-11-30 05:58:02,544] Trial 19 finished with value: 22.402196884155273 and parameters: {'gradient_clip_val': 0.20803279257364993, 'hidden_size': 96, 'dropout': 0.14652010293485707, 'hidden_continuous_size': 30, 'attention_head_size': 4, 'learning_rate': 0.009738403485941493}. Best is trial 15 with value: 16.653993606567383.
LOCAL_RANK: 0 - CUDA_VISIBLE_DEVICES: [0]
[I 2023-11-30 05:58:16,826] Trial 20 finished with value: 25.069528579711914 and parameters: {'gradient_clip_val': 0.9987359155425969, 'hidden_size': 148, 'dropout': 0.2870795855742084, 'hidden_continuous_size': 46, 'attention_head_size': 3, 'learning_rate': 0.0037934750651151287}. Best is trial 15 with value: 16.653993606567383.
LOCAL_RANK: 0 - CUDA_VISIBLE_DEVICES: [0]
[I 2023-11-30 05:58:29,598] Trial 21 finished with value: 16.34564208984375 and parameters: {'gradient_clip_val': 0.1444459450266135, 'hidden_size': 38, 'dropout': 0.16958580532916465, 'hidden_continuous_size': 13, 'attention_head_size': 2, 'learning_rate': 0.006175098463755219}. Best is trial 21 with value: 16.34564208984375.
LOCAL_RANK: 0 - CUDA_VISIBLE_DEVICES: [0]
[I 2023-11-30 05:58:42,129] Trial 22 finished with value: 17.75018882751465 and parameters: {'gradient_clip_val': 0.13122645175356734, 'hidden_size': 44, 'dropout': 0.20145917772339356, 'hidden_continuous_size': 10, 'attention_head_size': 2, 'learning_rate': 0.007728115854370494}. Best is trial 21 with value: 16.34564208984375.
LOCAL_RANK: 0 - CUDA_VISIBLE_DEVICES: [0]
[I 2023-11-30 05:58:54,935] Trial 23 finished with value: 23.22617530822754 and parameters: {'gradient_clip_val': 0.1801749024210299, 'hidden_size': 56, 'dropout': 0.14790014085855827, 'hidden_continuous_size': 13, 'attention_head_size': 2, 'learning_rate': 0.004151411385087244}. Best is trial 21 with value: 16.34564208984375.
LOCAL_RANK: 0 - CUDA_VISIBLE_DEVICES: [0]
[I 2023-11-30 05:59:07,050] Trial 24 finished with value: 25.21671485900879 and parameters: {'gradient_clip_val': 0.12841249544463537, 'hidden_size': 24, 'dropout': 0.1758416607369448, 'hidden_continuous_size': 12, 'attention_head_size': 3, 'learning_rate': 0.002457527109764705}. Best is trial 21 with value: 16.34564208984375.
LOCAL_RANK: 0 - CUDA_VISIBLE_DEVICES: [0]
[I 2023-11-30 05:59:19,700] Trial 25 finished with value: 19.499021530151367 and parameters: {'gradient_clip_val': 0.14609935524800416, 'hidden_size': 40, 'dropout': 0.15405252382221, 'hidden_continuous_size': 10, 'attention_head_size': 2, 'learning_rate': 0.005050947951033895}. Best is trial 21 with value: 16.34564208984375.
LOCAL_RANK: 0 - CUDA_VISIBLE_DEVICES: [0]
[I 2023-11-30 05:59:32,851] Trial 26 finished with value: 35.41575241088867 and parameters: {'gradient_clip_val': 0.10025826696949863, 'hidden_size': 59, 'dropout': 0.2118158193006136, 'hidden_continuous_size': 16, 'attention_head_size': 3, 'learning_rate': 0.001008089251496828}. Best is trial 21 with value: 16.34564208984375.
LOCAL_RANK: 0 - CUDA_VISIBLE_DEVICES: [0]
[I 2023-11-30 05:59:45,597] Trial 27 finished with value: 18.473159790039062 and parameters: {'gradient_clip_val': 0.1731793220955648, 'hidden_size': 47, 'dropout': 0.1216233691567352, 'hidden_continuous_size': 12, 'attention_head_size': 2, 'learning_rate': 0.008662006012717627}. Best is trial 21 with value: 16.34564208984375.
LOCAL_RANK: 0 - CUDA_VISIBLE_DEVICES: [0]
[I 2023-11-30 05:59:58,251] Trial 28 finished with value: 21.753568649291992 and parameters: {'gradient_clip_val': 0.21161831218716343, 'hidden_size': 34, 'dropout': 0.1915930297057326, 'hidden_continuous_size': 11, 'attention_head_size': 4, 'learning_rate': 0.006116493675701233}. Best is trial 21 with value: 16.34564208984375.
LOCAL_RANK: 0 - CUDA_VISIBLE_DEVICES: [0]
[I 2023-11-30 06:00:11,022] Trial 29 finished with value: 17.8079891204834 and parameters: {'gradient_clip_val': 0.1923623827602618, 'hidden_size': 49, 'dropout': 0.19449222393192392, 'hidden_continuous_size': 13, 'attention_head_size': 1, 'learning_rate': 0.0037056399217478783}. Best is trial 21 with value: 16.34564208984375.
LOCAL_RANK: 0 - CUDA_VISIBLE_DEVICES: [0]
[I 2023-11-30 06:00:23,385] Trial 30 finished with value: 44.626529693603516 and parameters: {'gradient_clip_val': 0.1161403799608698, 'hidden_size': 27, 'dropout': 0.16525304013773826, 'hidden_continuous_size': 10, 'attention_head_size': 2, 'learning_rate': 0.0021672291253353633}. Best is trial 21 with value: 16.34564208984375.
LOCAL_RANK: 0 - CUDA_VISIBLE_DEVICES: [0]
[I 2023-11-30 06:00:35,997] Trial 31 finished with value: 19.306978225708008 and parameters: {'gradient_clip_val': 0.13520847005038103, 'hidden_size': 42, 'dropout': 0.2036838654552646, 'hidden_continuous_size': 10, 'attention_head_size': 2, 'learning_rate': 0.008813048356441078}. Best is trial 21 with value: 16.34564208984375.
LOCAL_RANK: 0 - CUDA_VISIBLE_DEVICES: [0]
[I 2023-11-30 06:00:48,495] Trial 32 finished with value: 19.9932861328125 and parameters: {'gradient_clip_val': 0.13975120937185592, 'hidden_size': 37, 'dropout': 0.18953203352227727, 'hidden_continuous_size': 11, 'attention_head_size': 2, 'learning_rate': 0.0071413737700079406}. Best is trial 21 with value: 16.34564208984375.
LOCAL_RANK: 0 - CUDA_VISIBLE_DEVICES: [0]
[I 2023-11-30 06:01:01,276] Trial 33 finished with value: 16.681825637817383 and parameters: {'gradient_clip_val': 0.11989550532163379, 'hidden_size': 51, 'dropout': 0.22906037685079883, 'hidden_continuous_size': 11, 'attention_head_size': 2, 'learning_rate': 0.004668924331138962}. Best is trial 21 with value: 16.34564208984375.
LOCAL_RANK: 0 - CUDA_VISIBLE_DEVICES: [0]
[I 2023-11-30 06:01:14,314] Trial 34 finished with value: 17.507904052734375 and parameters: {'gradient_clip_val': 0.117280418399588, 'hidden_size': 57, 'dropout': 0.2416091955836338, 'hidden_continuous_size': 15, 'attention_head_size': 3, 'learning_rate': 0.004891525422756809}. Best is trial 21 with value: 16.34564208984375.
LOCAL_RANK: 0 - CUDA_VISIBLE_DEVICES: [0]
[I 2023-11-30 06:01:26,570] Trial 35 finished with value: 24.69951820373535 and parameters: {'gradient_clip_val': 0.11816361471654646, 'hidden_size': 32, 'dropout': 0.22981544676532534, 'hidden_continuous_size': 11, 'attention_head_size': 1, 'learning_rate': 0.0033552884167946306}. Best is trial 21 with value: 16.34564208984375.
LOCAL_RANK: 0 - CUDA_VISIBLE_DEVICES: [0]
[I 2023-11-30 06:01:38,751] Trial 36 finished with value: 42.016605377197266 and parameters: {'gradient_clip_val': 0.15472069617468398, 'hidden_size': 21, 'dropout': 0.15991548336429284, 'hidden_continuous_size': 11, 'attention_head_size': 2, 'learning_rate': 0.0019824168501929094}. Best is trial 21 with value: 16.34564208984375.
LOCAL_RANK: 0 - CUDA_VISIBLE_DEVICES: [0]
[I 2023-11-30 06:01:50,802] Trial 37 finished with value: 26.468393325805664 and parameters: {'gradient_clip_val': 0.17409080454717307, 'hidden_size': 28, 'dropout': 0.14197460153707045, 'hidden_continuous_size': 12, 'attention_head_size': 1, 'learning_rate': 0.003054770087496289}. Best is trial 21 with value: 16.34564208984375.
LOCAL_RANK: 0 - CUDA_VISIBLE_DEVICES: [0]
[I 2023-11-30 06:02:03,357] Trial 38 finished with value: 17.713003158569336 and parameters: {'gradient_clip_val': 0.11532953471662252, 'hidden_size': 37, 'dropout': 0.21618483214476236, 'hidden_continuous_size': 13, 'attention_head_size': 3, 'learning_rate': 0.004946951803638597}. Best is trial 21 with value: 16.34564208984375.
LOCAL_RANK: 0 - CUDA_VISIBLE_DEVICES: [0]
[I 2023-11-30 06:02:15,267] Trial 39 finished with value: 47.418701171875 and parameters: {'gradient_clip_val': 0.14823539900113947, 'hidden_size': 16, 'dropout': 0.26433867838496045, 'hidden_continuous_size': 10, 'attention_head_size': 2, 'learning_rate': 0.0018420984908053715}. Best is trial 21 with value: 16.34564208984375.
LOCAL_RANK: 0 - CUDA_VISIBLE_DEVICES: [0]
[I 2023-11-30 06:02:27,926] Trial 40 finished with value: 22.156335830688477 and parameters: {'gradient_clip_val': 0.10870332563089995, 'hidden_size': 48, 'dropout': 0.13221359054346785, 'hidden_continuous_size': 11, 'attention_head_size': 1, 'learning_rate': 0.004287353891118758}. Best is trial 21 with value: 16.34564208984375.
LOCAL_RANK: 0 - CUDA_VISIBLE_DEVICES: [0]
[I 2023-11-30 06:02:41,003] Trial 41 finished with value: 19.0434627532959 and parameters: {'gradient_clip_val': 0.1193375544946616, 'hidden_size': 61, 'dropout': 0.2367326714559002, 'hidden_continuous_size': 15, 'attention_head_size': 3, 'learning_rate': 0.0055832986041896935}. Best is trial 21 with value: 16.34564208984375.
LOCAL_RANK: 0 - CUDA_VISIBLE_DEVICES: [0]
[I 2023-11-30 06:02:54,128] Trial 42 finished with value: 18.806407928466797 and parameters: {'gradient_clip_val': 0.10102842819531908, 'hidden_size': 55, 'dropout': 0.24764849712862946, 'hidden_continuous_size': 14, 'attention_head_size': 4, 'learning_rate': 0.004970614184395312}. Best is trial 21 with value: 16.34564208984375.
LOCAL_RANK: 0 - CUDA_VISIBLE_DEVICES: [0]
[I 2023-11-30 06:03:07,578] Trial 43 finished with value: 22.68300437927246 and parameters: {'gradient_clip_val': 0.1391762891311472, 'hidden_size': 73, 'dropout': 0.2400137790091838, 'hidden_continuous_size': 16, 'attention_head_size': 3, 'learning_rate': 0.0067034470891218015}. Best is trial 21 with value: 16.34564208984375.
LOCAL_RANK: 0 - CUDA_VISIBLE_DEVICES: [0]
[I 2023-11-30 06:03:20,220] Trial 44 finished with value: 20.350194931030273 and parameters: {'gradient_clip_val': 0.11694751974668102, 'hidden_size': 41, 'dropout': 0.22143254701321022, 'hidden_continuous_size': 12, 'attention_head_size': 2, 'learning_rate': 0.004317699297770828}. Best is trial 21 with value: 16.34564208984375.
LOCAL_RANK: 0 - CUDA_VISIBLE_DEVICES: [0]
[I 2023-11-30 06:03:33,424] Trial 45 finished with value: 22.231040954589844 and parameters: {'gradient_clip_val': 0.111064175282783, 'hidden_size': 49, 'dropout': 0.18311821600023287, 'hidden_continuous_size': 13, 'attention_head_size': 4, 'learning_rate': 0.0027930387030767802}. Best is trial 21 with value: 16.34564208984375.
LOCAL_RANK: 0 - CUDA_VISIBLE_DEVICES: [0]
