[I 2023-11-30 03:57:34,218] Trial 60 finished with value: 296.1806335449219 and parameters: {'gradient_clip_val': 0.10982045017497613, 'hidden_size': 122, 'dropout': 0.22915978673350001, 'hidden_continuous_size': 23, 'attention_head_size': 4, 'learning_rate': 0.012958862853914246}. Best is trial 54 with value: 216.28675842285156.
LOCAL_RANK: 0 - CUDA_VISIBLE_DEVICES: [0]
[I 2023-11-30 03:57:47,596] Trial 61 finished with value: 314.5158386230469 and parameters: {'gradient_clip_val': 0.13810864434988282, 'hidden_size': 100, 'dropout': 0.2465403496292273, 'hidden_continuous_size': 28, 'attention_head_size': 4, 'learning_rate': 0.01936451281563961}. Best is trial 54 with value: 216.28675842285156.
LOCAL_RANK: 0 - CUDA_VISIBLE_DEVICES: [0]
[I 2023-11-30 03:58:01,165] Trial 62 finished with value: 277.7223205566406 and parameters: {'gradient_clip_val': 0.11809376499891054, 'hidden_size': 107, 'dropout': 0.21591628492419604, 'hidden_continuous_size': 21, 'attention_head_size': 4, 'learning_rate': 0.014430869458375723}. Best is trial 54 with value: 216.28675842285156.
LOCAL_RANK: 0 - CUDA_VISIBLE_DEVICES: [0]
[I 2023-11-30 03:58:14,691] Trial 63 finished with value: 328.3067321777344 and parameters: {'gradient_clip_val': 0.11787450559831478, 'hidden_size': 110, 'dropout': 0.21393981641195103, 'hidden_continuous_size': 17, 'attention_head_size': 4, 'learning_rate': 0.014087244046537446}. Best is trial 54 with value: 216.28675842285156.
LOCAL_RANK: 0 - CUDA_VISIBLE_DEVICES: [0]
[I 2023-11-30 03:58:28,576] Trial 64 finished with value: 280.0213623046875 and parameters: {'gradient_clip_val': 0.10031673709322449, 'hidden_size': 135, 'dropout': 0.22780051798125261, 'hidden_continuous_size': 21, 'attention_head_size': 4, 'learning_rate': 0.024571959675019746}. Best is trial 54 with value: 216.28675842285156.
LOCAL_RANK: 0 - CUDA_VISIBLE_DEVICES: [0]
[I 2023-11-30 03:58:42,659] Trial 65 finished with value: 336.5773620605469 and parameters: {'gradient_clip_val': 0.10631846134572591, 'hidden_size': 135, 'dropout': 0.19544733719327267, 'hidden_continuous_size': 21, 'attention_head_size': 4, 'learning_rate': 0.029078648624675935}. Best is trial 54 with value: 216.28675842285156.
LOCAL_RANK: 0 - CUDA_VISIBLE_DEVICES: [0]
[I 2023-11-30 03:58:56,372] Trial 66 finished with value: 453.0973205566406 and parameters: {'gradient_clip_val': 0.10017021656791691, 'hidden_size': 120, 'dropout': 0.23930122639519735, 'hidden_continuous_size': 26, 'attention_head_size': 4, 'learning_rate': 0.025914796513495604}. Best is trial 54 with value: 216.28675842285156.
LOCAL_RANK: 0 - CUDA_VISIBLE_DEVICES: [0]
[I 2023-11-30 03:59:09,683] Trial 67 finished with value: 258.0906982421875 and parameters: {'gradient_clip_val': 0.11366175834007243, 'hidden_size': 97, 'dropout': 0.22812685819680775, 'hidden_continuous_size': 21, 'attention_head_size': 4, 'learning_rate': 0.022528809150471552}. Best is trial 54 with value: 216.28675842285156.
LOCAL_RANK: 0 - CUDA_VISIBLE_DEVICES: [0]
[I 2023-11-30 03:59:23,181] Trial 68 finished with value: 291.7828674316406 and parameters: {'gradient_clip_val': 0.11426295661531284, 'hidden_size': 99, 'dropout': 0.2328204100222506, 'hidden_continuous_size': 22, 'attention_head_size': 4, 'learning_rate': 0.01608661858933276}. Best is trial 54 with value: 216.28675842285156.
LOCAL_RANK: 0 - CUDA_VISIBLE_DEVICES: [0]
[I 2023-11-30 03:59:36,554] Trial 69 finished with value: 312.2609558105469 and parameters: {'gradient_clip_val': 0.12536951781506414, 'hidden_size': 94, 'dropout': 0.25436221120261093, 'hidden_continuous_size': 21, 'attention_head_size': 4, 'learning_rate': 0.02224342412562646}. Best is trial 54 with value: 216.28675842285156.
LOCAL_RANK: 0 - CUDA_VISIBLE_DEVICES: [0]
[I 2023-11-30 03:59:50,859] Trial 70 finished with value: 284.9249572753906 and parameters: {'gradient_clip_val': 0.11174520373379594, 'hidden_size': 149, 'dropout': 0.24533779759431296, 'hidden_continuous_size': 17, 'attention_head_size': 4, 'learning_rate': 0.010904821389146857}. Best is trial 54 with value: 216.28675842285156.
LOCAL_RANK: 0 - CUDA_VISIBLE_DEVICES: [0]
[I 2023-11-30 04:00:04,449] Trial 71 finished with value: 360.7477722167969 and parameters: {'gradient_clip_val': 0.13182521554888874, 'hidden_size': 105, 'dropout': 0.22535627500216135, 'hidden_continuous_size': 24, 'attention_head_size': 4, 'learning_rate': 0.018307321532703053}. Best is trial 54 with value: 216.28675842285156.
LOCAL_RANK: 0 - CUDA_VISIBLE_DEVICES: [0]
[I 2023-11-30 04:00:18,274] Trial 72 finished with value: 281.770751953125 and parameters: {'gradient_clip_val': 0.10613931653852762, 'hidden_size': 118, 'dropout': 0.2108093250150796, 'hidden_continuous_size': 20, 'attention_head_size': 4, 'learning_rate': 0.030216381011289456}. Best is trial 54 with value: 216.28675842285156.
LOCAL_RANK: 0 - CUDA_VISIBLE_DEVICES: [0]
[I 2023-11-30 04:00:32,016] Trial 73 finished with value: 313.2833557128906 and parameters: {'gradient_clip_val': 0.1088007731549648, 'hidden_size': 119, 'dropout': 0.21077004989436227, 'hidden_continuous_size': 20, 'attention_head_size': 4, 'learning_rate': 0.023970815491230344}. Best is trial 54 with value: 216.28675842285156.
LOCAL_RANK: 0 - CUDA_VISIBLE_DEVICES: [0]
[I 2023-11-30 04:00:45,941] Trial 74 finished with value: 328.5122985839844 and parameters: {'gradient_clip_val': 0.12027537404879905, 'hidden_size': 135, 'dropout': 0.20899794848424574, 'hidden_continuous_size': 22, 'attention_head_size': 4, 'learning_rate': 0.020954124334086287}. Best is trial 54 with value: 216.28675842285156.
LOCAL_RANK: 0 - CUDA_VISIBLE_DEVICES: [0]
[I 2023-11-30 04:00:59,745] Trial 75 finished with value: 326.6703186035156 and parameters: {'gradient_clip_val': 0.10003549574432853, 'hidden_size': 110, 'dropout': 0.23208557627991622, 'hidden_continuous_size': 18, 'attention_head_size': 4, 'learning_rate': 0.031183447676788323}. Best is trial 54 with value: 216.28675842285156.
LOCAL_RANK: 0 - CUDA_VISIBLE_DEVICES: [0]
[I 2023-11-30 04:01:13,384] Trial 76 finished with value: 274.1985168457031 and parameters: {'gradient_clip_val': 0.10694472633675807, 'hidden_size': 127, 'dropout': 0.21768926618921391, 'hidden_continuous_size': 15, 'attention_head_size': 4, 'learning_rate': 0.012099698961405402}. Best is trial 54 with value: 216.28675842285156.
LOCAL_RANK: 0 - CUDA_VISIBLE_DEVICES: [0]
[I 2023-11-30 04:01:27,062] Trial 77 finished with value: 337.5944519042969 and parameters: {'gradient_clip_val': 0.10726812319881307, 'hidden_size': 124, 'dropout': 0.20122614207370942, 'hidden_continuous_size': 15, 'attention_head_size': 4, 'learning_rate': 0.011522677458889605}. Best is trial 54 with value: 216.28675842285156.
LOCAL_RANK: 0 - CUDA_VISIBLE_DEVICES: [0]
[I 2023-11-30 04:01:41,101] Trial 78 finished with value: 344.05126953125 and parameters: {'gradient_clip_val': 0.13509090158500336, 'hidden_size': 137, 'dropout': 0.1926177781041725, 'hidden_continuous_size': 20, 'attention_head_size': 4, 'learning_rate': 0.014962715523074809}. Best is trial 54 with value: 216.28675842285156.
LOCAL_RANK: 0 - CUDA_VISIBLE_DEVICES: [0]
[I 2023-11-30 04:01:54,701] Trial 79 finished with value: 341.3157043457031 and parameters: {'gradient_clip_val': 0.11500716334682559, 'hidden_size': 128, 'dropout': 0.21351679439344182, 'hidden_continuous_size': 16, 'attention_head_size': 4, 'learning_rate': 0.017596201932750834}. Best is trial 54 with value: 216.28675842285156.
LOCAL_RANK: 0 - CUDA_VISIBLE_DEVICES: [0]
[I 2023-11-30 04:02:08,213] Trial 80 finished with value: 298.8642272949219 and parameters: {'gradient_clip_val': 0.10505273816481206, 'hidden_size': 96, 'dropout': 0.23293448643128628, 'hidden_continuous_size': 25, 'attention_head_size': 4, 'learning_rate': 0.009781716144406793}. Best is trial 54 with value: 216.28675842285156.
LOCAL_RANK: 0 - CUDA_VISIBLE_DEVICES: [0]
[I 2023-11-30 04:02:21,818] Trial 81 finished with value: 274.8236999511719 and parameters: {'gradient_clip_val': 0.12295257122510993, 'hidden_size': 118, 'dropout': 0.22088312122149587, 'hidden_continuous_size': 27, 'attention_head_size': 4, 'learning_rate': 0.012343537738821566}. Best is trial 54 with value: 216.28675842285156.
LOCAL_RANK: 0 - CUDA_VISIBLE_DEVICES: [0]
[I 2023-11-30 04:02:35,485] Trial 82 finished with value: 269.90008544921875 and parameters: {'gradient_clip_val': 0.12251923111313551, 'hidden_size': 118, 'dropout': 0.21965632984159447, 'hidden_continuous_size': 27, 'attention_head_size': 4, 'learning_rate': 0.012413191615185596}. Best is trial 54 with value: 216.28675842285156.
LOCAL_RANK: 0 - CUDA_VISIBLE_DEVICES: [0]
[I 2023-11-30 04:02:49,629] Trial 83 finished with value: 302.91253662109375 and parameters: {'gradient_clip_val': 0.12726509690103885, 'hidden_size': 150, 'dropout': 0.22668129925070896, 'hidden_continuous_size': 23, 'attention_head_size': 4, 'learning_rate': 0.011725579477056294}. Best is trial 54 with value: 216.28675842285156.
LOCAL_RANK: 0 - CUDA_VISIBLE_DEVICES: [0]
[I 2023-11-30 04:03:03,514] Trial 84 finished with value: 347.2201232910156 and parameters: {'gradient_clip_val': 0.12220657256932385, 'hidden_size': 140, 'dropout': 0.24167443793302953, 'hidden_continuous_size': 27, 'attention_head_size': 4, 'learning_rate': 0.013002159743705896}. Best is trial 54 with value: 216.28675842285156.
LOCAL_RANK: 0 - CUDA_VISIBLE_DEVICES: [0]
[I 2023-11-30 04:03:17,397] Trial 85 finished with value: 343.8181457519531 and parameters: {'gradient_clip_val': 0.11289444627654315, 'hidden_size': 106, 'dropout': 0.216828663666786, 'hidden_continuous_size': 25, 'attention_head_size': 4, 'learning_rate': 0.00895304222742426}. Best is trial 54 with value: 216.28675842285156.
LOCAL_RANK: 0 - CUDA_VISIBLE_DEVICES: [0]
[I 2023-11-30 04:03:30,924] Trial 86 finished with value: 264.7655944824219 and parameters: {'gradient_clip_val': 0.15081267035676107, 'hidden_size': 128, 'dropout': 0.25119696634245514, 'hidden_continuous_size': 27, 'attention_head_size': 4, 'learning_rate': 0.010016261209263433}. Best is trial 54 with value: 216.28675842285156.
LOCAL_RANK: 0 - CUDA_VISIBLE_DEVICES: [0]
[I 2023-11-30 04:03:44,275] Trial 87 finished with value: 348.4282531738281 and parameters: {'gradient_clip_val': 0.15204058925372538, 'hidden_size': 82, 'dropout': 0.2503627564847883, 'hidden_continuous_size': 27, 'attention_head_size': 4, 'learning_rate': 0.010871148482491358}. Best is trial 54 with value: 216.28675842285156.
LOCAL_RANK: 0 - CUDA_VISIBLE_DEVICES: [0]
[I 2023-11-30 04:03:58,012] Trial 88 finished with value: 339.12164306640625 and parameters: {'gradient_clip_val': 0.1354492748949777, 'hidden_size': 119, 'dropout': 0.25884200489517595, 'hidden_continuous_size': 30, 'attention_head_size': 4, 'learning_rate': 0.009797892374075568}. Best is trial 54 with value: 216.28675842285156.
LOCAL_RANK: 0 - CUDA_VISIBLE_DEVICES: [0]
[I 2023-11-30 04:04:11,627] Trial 89 finished with value: 326.7615661621094 and parameters: {'gradient_clip_val': 0.14477909534865904, 'hidden_size': 102, 'dropout': 0.2693561919032572, 'hidden_continuous_size': 29, 'attention_head_size': 4, 'learning_rate': 0.014390952987922371}. Best is trial 54 with value: 216.28675842285156.
LOCAL_RANK: 0 - CUDA_VISIBLE_DEVICES: [0]
[I 2023-11-30 04:04:25,693] Trial 90 finished with value: 301.2513732910156 and parameters: {'gradient_clip_val': 0.1603697602994311, 'hidden_size': 126, 'dropout': 0.2350874846148392, 'hidden_continuous_size': 32, 'attention_head_size': 4, 'learning_rate': 0.008084020939730398}. Best is trial 54 with value: 216.28675842285156.
LOCAL_RANK: 0 - CUDA_VISIBLE_DEVICES: [0]
[I 2023-11-30 04:04:39,745] Trial 91 finished with value: 353.5281677246094 and parameters: {'gradient_clip_val': 0.12361825310213273, 'hidden_size': 139, 'dropout': 0.22241739882924993, 'hidden_continuous_size': 22, 'attention_head_size': 4, 'learning_rate': 0.016110525390258312}. Best is trial 54 with value: 216.28675842285156.
LOCAL_RANK: 0 - CUDA_VISIBLE_DEVICES: [0]
[I 2023-11-30 04:04:53,686] Trial 92 finished with value: 259.6948547363281 and parameters: {'gradient_clip_val': 0.11498109346753364, 'hidden_size': 130, 'dropout': 0.2276710073077174, 'hidden_continuous_size': 24, 'attention_head_size': 4, 'learning_rate': 0.012426334198844967}. Best is trial 54 with value: 216.28675842285156.
LOCAL_RANK: 0 - CUDA_VISIBLE_DEVICES: [0]
[I 2023-11-30 04:05:07,354] Trial 93 finished with value: 256.1792297363281 and parameters: {'gradient_clip_val': 0.13001800914329148, 'hidden_size': 115, 'dropout': 0.24413223560173616, 'hidden_continuous_size': 24, 'attention_head_size': 4, 'learning_rate': 0.011874190216773946}. Best is trial 54 with value: 216.28675842285156.
LOCAL_RANK: 0 - CUDA_VISIBLE_DEVICES: [0]
[I 2023-11-30 04:05:21,074] Trial 94 finished with value: 348.8492431640625 and parameters: {'gradient_clip_val': 0.13736088222766912, 'hidden_size': 114, 'dropout': 0.24370313096161095, 'hidden_continuous_size': 25, 'attention_head_size': 4, 'learning_rate': 0.012115169289782159}. Best is trial 54 with value: 216.28675842285156.
LOCAL_RANK: 0 - CUDA_VISIBLE_DEVICES: [0]
[I 2023-11-30 04:05:35,063] Trial 95 finished with value: 306.7240295410156 and parameters: {'gradient_clip_val': 0.12991773410578503, 'hidden_size': 127, 'dropout': 0.2550912174723422, 'hidden_continuous_size': 28, 'attention_head_size': 4, 'learning_rate': 0.009969710143730581}. Best is trial 54 with value: 216.28675842285156.
LOCAL_RANK: 0 - CUDA_VISIBLE_DEVICES: [0]
[I 2023-11-30 04:05:48,514] Trial 96 finished with value: 307.615966796875 and parameters: {'gradient_clip_val': 0.1505777154387229, 'hidden_size': 95, 'dropout': 0.23783655591825953, 'hidden_continuous_size': 24, 'attention_head_size': 4, 'learning_rate': 0.012568675347301751}. Best is trial 54 with value: 216.28675842285156.
LOCAL_RANK: 0 - CUDA_VISIBLE_DEVICES: [0]
[I 2023-11-30 04:06:02,641] Trial 97 finished with value: 297.1698913574219 and parameters: {'gradient_clip_val': 0.16670299195395458, 'hidden_size': 142, 'dropout': 0.2491861038588336, 'hidden_continuous_size': 32, 'attention_head_size': 4, 'learning_rate': 0.008511913818180486}. Best is trial 54 with value: 216.28675842285156.
LOCAL_RANK: 0 - CUDA_VISIBLE_DEVICES: [0]
[I 2023-11-30 04:06:16,431] Trial 98 finished with value: 353.326171875 and parameters: {'gradient_clip_val': 0.11455183071341148, 'hidden_size': 118, 'dropout': 0.2627192137655053, 'hidden_continuous_size': 26, 'attention_head_size': 4, 'learning_rate': 0.010377155894590068}. Best is trial 54 with value: 216.28675842285156.
LOCAL_RANK: 0 - CUDA_VISIBLE_DEVICES: [0]
[I 2023-11-30 04:06:30,475] Trial 99 finished with value: 320.0890808105469 and parameters: {'gradient_clip_val': 0.12402651269349656, 'hidden_size': 129, 'dropout': 0.2208189035554311, 'hidden_continuous_size': 31, 'attention_head_size': 4, 'learning_rate': 0.012070777469813476}. Best is trial 54 with value: 216.28675842285156.
LOCAL_RANK: 0 - CUDA_VISIBLE_DEVICES: [0]
[I 2023-11-30 04:06:44,319] Trial 100 finished with value: 322.9992370605469 and parameters: {'gradient_clip_val': 0.14169459090669084, 'hidden_size': 113, 'dropout': 0.2031874662972672, 'hidden_continuous_size': 23, 'attention_head_size': 4, 'learning_rate': 0.007500108508463938}. Best is trial 54 with value: 216.28675842285156.
LOCAL_RANK: 0 - CUDA_VISIBLE_DEVICES: [0]
[I 2023-11-30 04:06:58,078] Trial 101 finished with value: 243.90016174316406 and parameters: {'gradient_clip_val': 0.1184732419058391, 'hidden_size': 105, 'dropout': 0.2174819727199533, 'hidden_continuous_size': 27, 'attention_head_size': 4, 'learning_rate': 0.013920404485043733}. Best is trial 54 with value: 216.28675842285156.
LOCAL_RANK: 0 - CUDA_VISIBLE_DEVICES: [0]
[I 2023-11-30 04:07:11,710] Trial 102 finished with value: 307.98065185546875 and parameters: {'gradient_clip_val': 0.13211592125995927, 'hidden_size': 102, 'dropout': 0.22886556547348547, 'hidden_continuous_size': 28, 'attention_head_size': 4, 'learning_rate': 0.013859747546114106}. Best is trial 54 with value: 216.28675842285156.
LOCAL_RANK: 0 - CUDA_VISIBLE_DEVICES: [0]
[I 2023-11-30 04:07:25,939] Trial 103 finished with value: 317.9261474609375 and parameters: {'gradient_clip_val': 0.10548683065807685, 'hidden_size': 150, 'dropout': 0.23877016665097667, 'hidden_continuous_size': 29, 'attention_head_size': 4, 'learning_rate': 0.009342510939317445}. Best is trial 54 with value: 216.28675842285156.
LOCAL_RANK: 0 - CUDA_VISIBLE_DEVICES: [0]
[I 2023-11-30 04:07:39,413] Trial 104 finished with value: 315.2562255859375 and parameters: {'gradient_clip_val': 0.11180600511109853, 'hidden_size': 89, 'dropout': 0.21802965021293583, 'hidden_continuous_size': 26, 'attention_head_size': 4, 'learning_rate': 0.01585872326794798}. Best is trial 54 with value: 216.28675842285156.
LOCAL_RANK: 0 - CUDA_VISIBLE_DEVICES: [0]
[I 2023-11-30 04:07:53,136] Trial 105 finished with value: 283.71087646484375 and parameters: {'gradient_clip_val': 0.12020481752956923, 'hidden_size': 108, 'dropout': 0.23509575651868425, 'hidden_continuous_size': 24, 'attention_head_size': 4, 'learning_rate': 0.011287648644192667}. Best is trial 54 with value: 216.28675842285156.
LOCAL_RANK: 0 - CUDA_VISIBLE_DEVICES: [0]
[I 2023-11-30 04:08:07,073] Trial 106 finished with value: 371.5789794921875 and parameters: {'gradient_clip_val': 0.11429812775194656, 'hidden_size': 131, 'dropout': 0.22451592518794503, 'hidden_continuous_size': 27, 'attention_head_size': 4, 'learning_rate': 0.013443944693785868}. Best is trial 54 with value: 216.28675842285156.
LOCAL_RANK: 0 - CUDA_VISIBLE_DEVICES: [0]
[I 2023-11-30 04:08:20,894] Trial 107 finished with value: 356.665283203125 and parameters: {'gradient_clip_val': 0.1275007333005023, 'hidden_size': 123, 'dropout': 0.2444103608369464, 'hidden_continuous_size': 22, 'attention_head_size': 4, 'learning_rate': 0.017429302177792153}. Best is trial 54 with value: 216.28675842285156.
LOCAL_RANK: 0 - CUDA_VISIBLE_DEVICES: [0]
[I 2023-11-30 04:08:34,913] Trial 108 finished with value: 322.414794921875 and parameters: {'gradient_clip_val': 0.10674584556935582, 'hidden_size': 141, 'dropout': 0.2058586044863317, 'hidden_continuous_size': 30, 'attention_head_size': 4, 'learning_rate': 0.015327372526621995}. Best is trial 54 with value: 216.28675842285156.
LOCAL_RANK: 0 - CUDA_VISIBLE_DEVICES: [0]
[I 2023-11-30 04:08:48,672] Trial 109 finished with value: 340.5022277832031 and parameters: {'gradient_clip_val': 0.13414252316880698, 'hidden_size': 115, 'dropout': 0.22733405564202397, 'hidden_continuous_size': 24, 'attention_head_size': 4, 'learning_rate': 0.010509061726979813}. Best is trial 54 with value: 216.28675842285156.
LOCAL_RANK: 0 - CUDA_VISIBLE_DEVICES: [0]
[I 2023-11-30 04:09:02,325] Trial 110 finished with value: 352.5967712402344 and parameters: {'gradient_clip_val': 0.12185077493842941, 'hidden_size': 97, 'dropout': 0.21770109140871136, 'hidden_continuous_size': 27, 'attention_head_size': 4, 'learning_rate': 0.008884855931674528}. Best is trial 54 with value: 216.28675842285156.
LOCAL_RANK: 0 - CUDA_VISIBLE_DEVICES: [0]
[I 2023-11-30 04:09:15,799] Trial 111 finished with value: 315.78912353515625 and parameters: {'gradient_clip_val': 0.11412784747575419, 'hidden_size': 101, 'dropout': 0.21474714239913473, 'hidden_continuous_size': 25, 'attention_head_size': 4, 'learning_rate': 0.014017978896122303}. Best is trial 54 with value: 216.28675842285156.
LOCAL_RANK: 0 - CUDA_VISIBLE_DEVICES: [0]
[I 2023-11-30 04:09:29,152] Trial 112 finished with value: 376.34375 and parameters: {'gradient_clip_val': 0.11853448398349625, 'hidden_size': 105, 'dropout': 0.1998961755653771, 'hidden_continuous_size': 13, 'attention_head_size': 4, 'learning_rate': 0.012101275473559332}. Best is trial 54 with value: 216.28675842285156.
LOCAL_RANK: 0 - CUDA_VISIBLE_DEVICES: [0]
[I 2023-11-30 04:09:42,784] Trial 113 finished with value: 250.5295867919922 and parameters: {'gradient_clip_val': 0.12790751003651338, 'hidden_size': 107, 'dropout': 0.2084462063247909, 'hidden_continuous_size': 20, 'attention_head_size': 4, 'learning_rate': 0.018757460097472565}. Best is trial 54 with value: 216.28675842285156.
LOCAL_RANK: 0 - CUDA_VISIBLE_DEVICES: [0]
[I 2023-11-30 04:09:56,427] Trial 114 finished with value: 281.5394287109375 and parameters: {'gradient_clip_val': 0.12623948518918282, 'hidden_size': 123, 'dropout': 0.20713406019474134, 'hidden_continuous_size': 19, 'attention_head_size': 4, 'learning_rate': 0.020379275356920353}. Best is trial 54 with value: 216.28675842285156.
LOCAL_RANK: 0 - CUDA_VISIBLE_DEVICES: [0]
[I 2023-11-30 04:10:10,505] Trial 115 finished with value: 285.1236877441406 and parameters: {'gradient_clip_val': 0.1402676739049531, 'hidden_size': 130, 'dropout': 0.23257454329383231, 'hidden_continuous_size': 23, 'attention_head_size': 4, 'learning_rate': 0.018435766839800707}. Best is trial 54 with value: 216.28675842285156.
LOCAL_RANK: 0 - CUDA_VISIBLE_DEVICES: [0]
[I 2023-11-30 04:10:23,787] Trial 116 finished with value: 285.6489562988281 and parameters: {'gradient_clip_val': 0.10428944242444568, 'hidden_size': 85, 'dropout': 0.22353956376075607, 'hidden_continuous_size': 22, 'attention_head_size': 4, 'learning_rate': 0.01648160379227358}. Best is trial 54 with value: 216.28675842285156.
LOCAL_RANK: 0 - CUDA_VISIBLE_DEVICES: [0]
[I 2023-11-30 04:10:37,484] Trial 117 finished with value: 263.1097717285156 and parameters: {'gradient_clip_val': 0.1099277470074238, 'hidden_size': 114, 'dropout': 0.2461390648652316, 'hidden_continuous_size': 20, 'attention_head_size': 4, 'learning_rate': 0.012859919747084036}. Best is trial 54 with value: 216.28675842285156.
LOCAL_RANK: 0 - CUDA_VISIBLE_DEVICES: [0]
