[I 2023-11-29 22:05:09,148] Trial 75 finished with value: 126.7657470703125 and parameters: {'gradient_clip_val': 0.315901686745486, 'hidden_size': 18, 'dropout': 0.21353061293726988, 'hidden_continuous_size': 13, 'attention_head_size': 2, 'learning_rate': 0.03035318435864498}. Best is trial 44 with value: 81.78107452392578.
LOCAL_RANK: 0 - CUDA_VISIBLE_DEVICES: [0]
[I 2023-11-29 22:05:21,456] Trial 76 finished with value: 132.32322692871094 and parameters: {'gradient_clip_val': 0.43776262936405264, 'hidden_size': 25, 'dropout': 0.2021262269555928, 'hidden_continuous_size': 15, 'attention_head_size': 2, 'learning_rate': 0.018612218242608083}. Best is trial 44 with value: 81.78107452392578.
LOCAL_RANK: 0 - CUDA_VISIBLE_DEVICES: [0]
[I 2023-11-29 22:05:33,688] Trial 77 finished with value: 124.7118148803711 and parameters: {'gradient_clip_val': 0.36815353416937285, 'hidden_size': 22, 'dropout': 0.1772592285418778, 'hidden_continuous_size': 14, 'attention_head_size': 2, 'learning_rate': 0.02424970452877767}. Best is trial 44 with value: 81.78107452392578.
LOCAL_RANK: 0 - CUDA_VISIBLE_DEVICES: [0]
[I 2023-11-29 22:05:46,014] Trial 78 finished with value: 122.03853607177734 and parameters: {'gradient_clip_val': 0.48568793467065274, 'hidden_size': 28, 'dropout': 0.24261018085847424, 'hidden_continuous_size': 16, 'attention_head_size': 1, 'learning_rate': 0.028088390624874095}. Best is trial 44 with value: 81.78107452392578.
LOCAL_RANK: 0 - CUDA_VISIBLE_DEVICES: [0]
[I 2023-11-29 22:05:58,880] Trial 79 finished with value: 136.2313232421875 and parameters: {'gradient_clip_val': 0.5588694656734596, 'hidden_size': 35, 'dropout': 0.25465111175070154, 'hidden_continuous_size': 21, 'attention_head_size': 4, 'learning_rate': 0.01420507625117297}. Best is trial 44 with value: 81.78107452392578.
LOCAL_RANK: 0 - CUDA_VISIBLE_DEVICES: [0]
[I 2023-11-29 22:06:10,987] Trial 80 finished with value: 101.72476196289062 and parameters: {'gradient_clip_val': 0.4150481032940994, 'hidden_size': 14, 'dropout': 0.3380408121195445, 'hidden_continuous_size': 10, 'attention_head_size': 2, 'learning_rate': 0.02197019633368719}. Best is trial 44 with value: 81.78107452392578.
LOCAL_RANK: 0 - CUDA_VISIBLE_DEVICES: [0]
[I 2023-11-29 22:06:22,876] Trial 81 finished with value: 112.38753509521484 and parameters: {'gradient_clip_val': 0.4102297877569794, 'hidden_size': 16, 'dropout': 0.32689083743043695, 'hidden_continuous_size': 10, 'attention_head_size': 2, 'learning_rate': 0.02150379766074423}. Best is trial 44 with value: 81.78107452392578.
LOCAL_RANK: 0 - CUDA_VISIBLE_DEVICES: [0]
[I 2023-11-29 22:06:34,952] Trial 82 finished with value: 114.52899169921875 and parameters: {'gradient_clip_val': 0.44444171511746855, 'hidden_size': 13, 'dropout': 0.37723208877242576, 'hidden_continuous_size': 10, 'attention_head_size': 2, 'learning_rate': 0.03228403216407788}. Best is trial 44 with value: 81.78107452392578.
LOCAL_RANK: 0 - CUDA_VISIBLE_DEVICES: [0]
[I 2023-11-29 22:06:46,993] Trial 83 finished with value: 142.2981719970703 and parameters: {'gradient_clip_val': 0.4847306982760205, 'hidden_size': 12, 'dropout': 0.35349355753106404, 'hidden_continuous_size': 10, 'attention_head_size': 2, 'learning_rate': 0.016836118550682705}. Best is trial 44 with value: 81.78107452392578.
LOCAL_RANK: 0 - CUDA_VISIBLE_DEVICES: [0]
[I 2023-11-29 22:06:59,168] Trial 84 finished with value: 135.06858825683594 and parameters: {'gradient_clip_val': 0.36209687351026865, 'hidden_size': 15, 'dropout': 0.18711383322401587, 'hidden_continuous_size': 12, 'attention_head_size': 2, 'learning_rate': 0.02312984981299898}. Best is trial 44 with value: 81.78107452392578.
LOCAL_RANK: 0 - CUDA_VISIBLE_DEVICES: [0]
[I 2023-11-29 22:07:11,185] Trial 85 finished with value: 110.6490707397461 and parameters: {'gradient_clip_val': 0.5037455618771224, 'hidden_size': 20, 'dropout': 0.21021561534347305, 'hidden_continuous_size': 11, 'attention_head_size': 2, 'learning_rate': 0.019136324768162797}. Best is trial 44 with value: 81.78107452392578.
LOCAL_RANK: 0 - CUDA_VISIBLE_DEVICES: [0]
[I 2023-11-29 22:07:23,221] Trial 86 finished with value: 107.4410629272461 and parameters: {'gradient_clip_val': 0.39386254350479927, 'hidden_size': 14, 'dropout': 0.1954299408332344, 'hidden_continuous_size': 10, 'attention_head_size': 2, 'learning_rate': 0.02654744520303797}. Best is trial 44 with value: 81.78107452392578.
LOCAL_RANK: 0 - CUDA_VISIBLE_DEVICES: [0]
[I 2023-11-29 22:07:33,524] Trial 87 finished with value: 121.7580337524414 and parameters: {'gradient_clip_val': 0.46370726485769187, 'hidden_size': 10, 'dropout': 0.17802476906459164, 'hidden_continuous_size': 10, 'attention_head_size': 2, 'learning_rate': 0.03201089442883616}. Best is trial 44 with value: 81.78107452392578.
LOCAL_RANK: 0 - CUDA_VISIBLE_DEVICES: [0]
[I 2023-11-29 22:07:45,838] Trial 88 finished with value: 92.9569320678711 and parameters: {'gradient_clip_val': 0.4167997681163849, 'hidden_size': 17, 'dropout': 0.16438405692470573, 'hidden_continuous_size': 13, 'attention_head_size': 2, 'learning_rate': 0.015552461890283167}. Best is trial 44 with value: 81.78107452392578.
LOCAL_RANK: 0 - CUDA_VISIBLE_DEVICES: [0]
[I 2023-11-29 22:07:58,018] Trial 89 finished with value: 136.38421630859375 and parameters: {'gradient_clip_val': 0.5289244668914017, 'hidden_size': 17, 'dropout': 0.1631017485190345, 'hidden_continuous_size': 12, 'attention_head_size': 3, 'learning_rate': 0.011400099131082992}. Best is trial 44 with value: 81.78107452392578.
LOCAL_RANK: 0 - CUDA_VISIBLE_DEVICES: [0]
[I 2023-11-29 22:08:08,305] Trial 90 finished with value: 161.8271026611328 and parameters: {'gradient_clip_val': 0.4178211541879364, 'hidden_size': 11, 'dropout': 0.16930894696343649, 'hidden_continuous_size': 11, 'attention_head_size': 2, 'learning_rate': 0.013116380635690657}. Best is trial 44 with value: 81.78107452392578.
LOCAL_RANK: 0 - CUDA_VISIBLE_DEVICES: [0]
[I 2023-11-29 22:08:20,548] Trial 91 finished with value: 110.88397216796875 and parameters: {'gradient_clip_val': 0.44851611402841957, 'hidden_size': 22, 'dropout': 0.20153222885989702, 'hidden_continuous_size': 13, 'attention_head_size': 2, 'learning_rate': 0.020632173595050367}. Best is trial 44 with value: 81.78107452392578.
LOCAL_RANK: 0 - CUDA_VISIBLE_DEVICES: [0]
[I 2023-11-29 22:08:32,739] Trial 92 finished with value: 115.09781646728516 and parameters: {'gradient_clip_val': 0.3765568694210989, 'hidden_size': 18, 'dropout': 0.18410064173244126, 'hidden_continuous_size': 13, 'attention_head_size': 2, 'learning_rate': 0.01547419897606707}. Best is trial 44 with value: 81.78107452392578.
LOCAL_RANK: 0 - CUDA_VISIBLE_DEVICES: [0]
[I 2023-11-29 22:08:44,976] Trial 93 finished with value: 105.85013580322266 and parameters: {'gradient_clip_val': 0.41542213327628197, 'hidden_size': 19, 'dropout': 0.1897439784656174, 'hidden_continuous_size': 13, 'attention_head_size': 2, 'learning_rate': 0.01860436618112051}. Best is trial 44 with value: 81.78107452392578.
LOCAL_RANK: 0 - CUDA_VISIBLE_DEVICES: [0]
[I 2023-11-29 22:08:57,090] Trial 94 finished with value: 122.44771575927734 and parameters: {'gradient_clip_val': 0.4202528718370658, 'hidden_size': 16, 'dropout': 0.19094178261039169, 'hidden_continuous_size': 13, 'attention_head_size': 2, 'learning_rate': 0.01824401984258482}. Best is trial 44 with value: 81.78107452392578.
LOCAL_RANK: 0 - CUDA_VISIBLE_DEVICES: [0]
[I 2023-11-29 22:09:09,137] Trial 95 finished with value: 111.9468994140625 and parameters: {'gradient_clip_val': 0.5037534060779214, 'hidden_size': 18, 'dropout': 0.1584018150667009, 'hidden_continuous_size': 12, 'attention_head_size': 2, 'learning_rate': 0.015356336302597846}. Best is trial 44 with value: 81.78107452392578.
LOCAL_RANK: 0 - CUDA_VISIBLE_DEVICES: [0]
[I 2023-11-29 22:09:20,999] Trial 96 finished with value: 135.70777893066406 and parameters: {'gradient_clip_val': 0.46374129681504234, 'hidden_size': 14, 'dropout': 0.21971125674501749, 'hidden_continuous_size': 10, 'attention_head_size': 2, 'learning_rate': 0.025252559169674962}. Best is trial 44 with value: 81.78107452392578.
LOCAL_RANK: 0 - CUDA_VISIBLE_DEVICES: [0]
[I 2023-11-29 22:09:33,084] Trial 97 finished with value: 107.0282974243164 and parameters: {'gradient_clip_val': 0.5476722603458043, 'hidden_size': 15, 'dropout': 0.17980350143833712, 'hidden_continuous_size': 13, 'attention_head_size': 2, 'learning_rate': 0.029363729496789732}. Best is trial 44 with value: 81.78107452392578.
LOCAL_RANK: 0 - CUDA_VISIBLE_DEVICES: [0]
[I 2023-11-29 22:09:45,235] Trial 98 finished with value: 129.89566040039062 and parameters: {'gradient_clip_val': 0.3992179561242661, 'hidden_size': 19, 'dropout': 0.17501755799216878, 'hidden_continuous_size': 12, 'attention_head_size': 1, 'learning_rate': 0.02313027504155669}. Best is trial 44 with value: 81.78107452392578.
LOCAL_RANK: 0 - CUDA_VISIBLE_DEVICES: [0]
[I 2023-11-29 22:09:57,328] Trial 99 finished with value: 142.8749542236328 and parameters: {'gradient_clip_val': 0.3491886480782991, 'hidden_size': 17, 'dropout': 0.23223402830539258, 'hidden_continuous_size': 11, 'attention_head_size': 3, 'learning_rate': 0.01332664879278502}. Best is trial 44 with value: 81.78107452392578.
LOCAL_RANK: 0 - CUDA_VISIBLE_DEVICES: [0]
[I 2023-11-29 22:10:09,319] Trial 100 finished with value: 129.1957550048828 and parameters: {'gradient_clip_val': 0.48295474968123536, 'hidden_size': 12, 'dropout': 0.21144076814433954, 'hidden_continuous_size': 11, 'attention_head_size': 2, 'learning_rate': 0.017002470449544286}. Best is trial 44 with value: 81.78107452392578.
LOCAL_RANK: 0 - CUDA_VISIBLE_DEVICES: [0]
[I 2023-11-29 22:10:21,455] Trial 101 finished with value: 114.6629409790039 and parameters: {'gradient_clip_val': 0.44004314512380655, 'hidden_size': 25, 'dropout': 0.19729520878229673, 'hidden_continuous_size': 14, 'attention_head_size': 2, 'learning_rate': 0.020840437138656753}. Best is trial 44 with value: 81.78107452392578.
LOCAL_RANK: 0 - CUDA_VISIBLE_DEVICES: [0]
[I 2023-11-29 22:10:33,581] Trial 102 finished with value: 107.60488891601562 and parameters: {'gradient_clip_val': 0.4172770600263695, 'hidden_size': 23, 'dropout': 0.20547335723228763, 'hidden_continuous_size': 14, 'attention_head_size': 2, 'learning_rate': 0.027240374485612128}. Best is trial 44 with value: 81.78107452392578.
LOCAL_RANK: 0 - CUDA_VISIBLE_DEVICES: [0]
[I 2023-11-29 22:10:45,723] Trial 103 finished with value: 125.08367919921875 and parameters: {'gradient_clip_val': 0.3849961364016327, 'hidden_size': 20, 'dropout': 0.19016831202687168, 'hidden_continuous_size': 13, 'attention_head_size': 2, 'learning_rate': 0.019183601729049985}. Best is trial 44 with value: 81.78107452392578.
LOCAL_RANK: 0 - CUDA_VISIBLE_DEVICES: [0]
[I 2023-11-29 22:10:57,926] Trial 104 finished with value: 107.54373168945312 and parameters: {'gradient_clip_val': 0.3338668027652755, 'hidden_size': 21, 'dropout': 0.1650933104663146, 'hidden_continuous_size': 14, 'attention_head_size': 2, 'learning_rate': 0.022766329061663777}. Best is trial 44 with value: 81.78107452392578.
LOCAL_RANK: 0 - CUDA_VISIBLE_DEVICES: [0]
[I 2023-11-29 22:11:10,068] Trial 105 finished with value: 136.55169677734375 and parameters: {'gradient_clip_val': 0.3635633422273021, 'hidden_size': 19, 'dropout': 0.22663572479180139, 'hidden_continuous_size': 13, 'attention_head_size': 2, 'learning_rate': 0.03587861465559757}. Best is trial 44 with value: 81.78107452392578.
LOCAL_RANK: 0 - CUDA_VISIBLE_DEVICES: [0]
[I 2023-11-29 22:11:21,978] Trial 106 finished with value: 122.08263397216797 and parameters: {'gradient_clip_val': 0.4438386165059223, 'hidden_size': 16, 'dropout': 0.18381979398694084, 'hidden_continuous_size': 13, 'attention_head_size': 2, 'learning_rate': 0.02516391683618044}. Best is trial 44 with value: 81.78107452392578.
LOCAL_RANK: 0 - CUDA_VISIBLE_DEVICES: [0]
[I 2023-11-29 22:11:34,051] Trial 107 finished with value: 132.8422088623047 and parameters: {'gradient_clip_val': 0.3902034975292451, 'hidden_size': 24, 'dropout': 0.20341188735623483, 'hidden_continuous_size': 16, 'attention_head_size': 2, 'learning_rate': 0.017827891838086127}. Best is trial 44 with value: 81.78107452392578.
LOCAL_RANK: 0 - CUDA_VISIBLE_DEVICES: [0]
[I 2023-11-29 22:11:46,095] Trial 108 finished with value: 103.31781768798828 and parameters: {'gradient_clip_val': 0.504667454613758, 'hidden_size': 17, 'dropout': 0.17144036200682028, 'hidden_continuous_size': 13, 'attention_head_size': 2, 'learning_rate': 0.02004056822754669}. Best is trial 44 with value: 81.78107452392578.
LOCAL_RANK: 0 - CUDA_VISIBLE_DEVICES: [0]
[I 2023-11-29 22:11:58,397] Trial 109 finished with value: 115.37317657470703 and parameters: {'gradient_clip_val': 0.5952975192625963, 'hidden_size': 13, 'dropout': 0.17132685117537486, 'hidden_continuous_size': 10, 'attention_head_size': 2, 'learning_rate': 0.015014555783294045}. Best is trial 44 with value: 81.78107452392578.
LOCAL_RANK: 0 - CUDA_VISIBLE_DEVICES: [0]
[I 2023-11-29 22:12:10,597] Trial 110 finished with value: 116.8576431274414 and parameters: {'gradient_clip_val': 0.4743603434753741, 'hidden_size': 18, 'dropout': 0.1482747021121445, 'hidden_continuous_size': 12, 'attention_head_size': 2, 'learning_rate': 0.028836394602089355}. Best is trial 44 with value: 81.78107452392578.
LOCAL_RANK: 0 - CUDA_VISIBLE_DEVICES: [0]
[I 2023-11-29 22:12:22,610] Trial 111 finished with value: 114.0685043334961 and parameters: {'gradient_clip_val': 0.49996755684776134, 'hidden_size': 17, 'dropout': 0.19366519186588335, 'hidden_continuous_size': 13, 'attention_head_size': 2, 'learning_rate': 0.020686379939870502}. Best is trial 44 with value: 81.78107452392578.
LOCAL_RANK: 0 - CUDA_VISIBLE_DEVICES: [0]
[I 2023-11-29 22:12:34,699] Trial 112 finished with value: 116.85330200195312 and parameters: {'gradient_clip_val': 0.518656860965187, 'hidden_size': 21, 'dropout': 0.21489673071344534, 'hidden_continuous_size': 18, 'attention_head_size': 2, 'learning_rate': 0.02284637589141066}. Best is trial 44 with value: 81.78107452392578.
LOCAL_RANK: 0 - CUDA_VISIBLE_DEVICES: [0]
[I 2023-11-29 22:12:46,514] Trial 113 finished with value: 117.56417846679688 and parameters: {'gradient_clip_val': 0.4287236579837631, 'hidden_size': 20, 'dropout': 0.18751220110178363, 'hidden_continuous_size': 13, 'attention_head_size': 2, 'learning_rate': 0.019661448761084985}. Best is trial 44 with value: 81.78107452392578.
LOCAL_RANK: 0 - CUDA_VISIBLE_DEVICES: [0]
[I 2023-11-29 22:12:58,828] Trial 114 finished with value: 119.4306869506836 and parameters: {'gradient_clip_val': 0.4576043765473639, 'hidden_size': 22, 'dropout': 0.17645907636868988, 'hidden_continuous_size': 12, 'attention_head_size': 2, 'learning_rate': 0.016150264748947016}. Best is trial 44 with value: 81.78107452392578.
LOCAL_RANK: 0 - CUDA_VISIBLE_DEVICES: [0]
[I 2023-11-29 22:13:11,079] Trial 115 finished with value: 123.02701568603516 and parameters: {'gradient_clip_val': 0.4076931661627168, 'hidden_size': 15, 'dropout': 0.1990307247828041, 'hidden_continuous_size': 13, 'attention_head_size': 2, 'learning_rate': 0.025569488502791417}. Best is trial 44 with value: 81.78107452392578.
LOCAL_RANK: 0 - CUDA_VISIBLE_DEVICES: [0]
[I 2023-11-29 22:13:23,273] Trial 116 finished with value: 122.38391876220703 and parameters: {'gradient_clip_val': 0.4739602396110755, 'hidden_size': 19, 'dropout': 0.16749384222576724, 'hidden_continuous_size': 11, 'attention_head_size': 2, 'learning_rate': 0.021843288171996152}. Best is trial 44 with value: 81.78107452392578.
LOCAL_RANK: 0 - CUDA_VISIBLE_DEVICES: [0]
[I 2023-11-29 22:13:33,682] Trial 117 finished with value: 115.81824493408203 and parameters: {'gradient_clip_val': 0.530519880239199, 'hidden_size': 23, 'dropout': 0.15922272007594326, 'hidden_continuous_size': 23, 'attention_head_size': 2, 'learning_rate': 0.017899988339905075}. Best is trial 44 with value: 81.78107452392578.
LOCAL_RANK: 0 - CUDA_VISIBLE_DEVICES: [0]
[I 2023-11-29 22:13:46,072] Trial 118 finished with value: 109.94717407226562 and parameters: {'gradient_clip_val': 0.4272407066013343, 'hidden_size': 26, 'dropout': 0.2093773824005966, 'hidden_continuous_size': 15, 'attention_head_size': 2, 'learning_rate': 0.03008496108687027}. Best is trial 44 with value: 81.78107452392578.
LOCAL_RANK: 0 - CUDA_VISIBLE_DEVICES: [0]
[I 2023-11-29 22:13:58,348] Trial 119 finished with value: 129.46807861328125 and parameters: {'gradient_clip_val': 0.3778956623356376, 'hidden_size': 14, 'dropout': 0.2203738103856315, 'hidden_continuous_size': 10, 'attention_head_size': 2, 'learning_rate': 0.012497364071157422}. Best is trial 44 with value: 81.78107452392578.
LOCAL_RANK: 0 - CUDA_VISIBLE_DEVICES: [0]
[I 2023-11-29 22:14:08,521] Trial 120 finished with value: 166.61952209472656 and parameters: {'gradient_clip_val': 0.4993877876916796, 'hidden_size': 11, 'dropout': 0.18281449519466264, 'hidden_continuous_size': 11, 'attention_head_size': 2, 'learning_rate': 0.01450713777188097}. Best is trial 44 with value: 81.78107452392578.
LOCAL_RANK: 0 - CUDA_VISIBLE_DEVICES: [0]
[I 2023-11-29 22:14:20,467] Trial 121 finished with value: 126.00054168701172 and parameters: {'gradient_clip_val': 0.549858165551922, 'hidden_size': 15, 'dropout': 0.17995355835048002, 'hidden_continuous_size': 13, 'attention_head_size': 2, 'learning_rate': 0.028657531772906395}. Best is trial 44 with value: 81.78107452392578.
LOCAL_RANK: 0 - CUDA_VISIBLE_DEVICES: [0]
[I 2023-11-29 22:14:32,562] Trial 122 finished with value: 130.7329864501953 and parameters: {'gradient_clip_val': 0.444461814032354, 'hidden_size': 17, 'dropout': 0.1935681239034706, 'hidden_continuous_size': 13, 'attention_head_size': 2, 'learning_rate': 0.03299665333589288}. Best is trial 44 with value: 81.78107452392578.
LOCAL_RANK: 0 - CUDA_VISIBLE_DEVICES: [0]
[I 2023-11-29 22:14:44,683] Trial 123 finished with value: 152.2691192626953 and parameters: {'gradient_clip_val': 0.5575619333082453, 'hidden_size': 16, 'dropout': 0.17172714211478118, 'hidden_continuous_size': 13, 'attention_head_size': 2, 'learning_rate': 0.025011389598941825}. Best is trial 44 with value: 81.78107452392578.
LOCAL_RANK: 0 - CUDA_VISIBLE_DEVICES: [0]
[I 2023-11-29 22:14:56,933] Trial 124 finished with value: 119.48336029052734 and parameters: {'gradient_clip_val': 0.40079106917048724, 'hidden_size': 13, 'dropout': 0.15526641881837483, 'hidden_continuous_size': 10, 'attention_head_size': 2, 'learning_rate': 0.039374113635110834}. Best is trial 44 with value: 81.78107452392578.
LOCAL_RANK: 0 - CUDA_VISIBLE_DEVICES: [0]
[I 2023-11-29 22:15:08,967] Trial 125 finished with value: 131.67518615722656 and parameters: {'gradient_clip_val': 0.4754606337075859, 'hidden_size': 20, 'dropout': 0.18003268834995403, 'hidden_continuous_size': 12, 'attention_head_size': 2, 'learning_rate': 0.026813867476938345}. Best is trial 44 with value: 81.78107452392578.
LOCAL_RANK: 0 - CUDA_VISIBLE_DEVICES: [0]
[I 2023-11-29 22:15:21,163] Trial 126 finished with value: 116.12359619140625 and parameters: {'gradient_clip_val': 0.5786418786199896, 'hidden_size': 18, 'dropout': 0.20276471221770817, 'hidden_continuous_size': 13, 'attention_head_size': 2, 'learning_rate': 0.019316740366726017}. Best is trial 44 with value: 81.78107452392578.
LOCAL_RANK: 0 - CUDA_VISIBLE_DEVICES: [0]
[I 2023-11-29 22:15:33,115] Trial 127 finished with value: 125.55355072021484 and parameters: {'gradient_clip_val': 0.5361945074505791, 'hidden_size': 16, 'dropout': 0.1639654475401139, 'hidden_continuous_size': 13, 'attention_head_size': 2, 'learning_rate': 0.022524296425053}. Best is trial 44 with value: 81.78107452392578.
LOCAL_RANK: 0 - CUDA_VISIBLE_DEVICES: [0]
[I 2023-11-29 22:15:45,283] Trial 128 finished with value: 97.48245239257812 and parameters: {'gradient_clip_val': 0.4498795899283511, 'hidden_size': 15, 'dropout': 0.18723755764226704, 'hidden_continuous_size': 13, 'attention_head_size': 4, 'learning_rate': 0.030309865878596506}. Best is trial 44 with value: 81.78107452392578.
LOCAL_RANK: 0 - CUDA_VISIBLE_DEVICES: [0]
[I 2023-11-29 22:15:57,879] Trial 129 finished with value: 130.74278259277344 and parameters: {'gradient_clip_val': 0.44250422627240116, 'hidden_size': 30, 'dropout': 0.18795119405044017, 'hidden_continuous_size': 14, 'attention_head_size': 3, 'learning_rate': 0.03200527867801785}. Best is trial 44 with value: 81.78107452392578.
LOCAL_RANK: 0 - CUDA_VISIBLE_DEVICES: [0]
[I 2023-11-29 22:16:10,171] Trial 130 finished with value: 99.32967376708984 and parameters: {'gradient_clip_val': 0.40463149907111073, 'hidden_size': 17, 'dropout': 0.1948549232251257, 'hidden_continuous_size': 13, 'attention_head_size': 4, 'learning_rate': 0.020516365391225703}. Best is trial 44 with value: 81.78107452392578.
LOCAL_RANK: 0 - CUDA_VISIBLE_DEVICES: [0]
[I 2023-11-29 22:16:22,358] Trial 131 finished with value: 123.36824798583984 and parameters: {'gradient_clip_val': 0.42032208203725285, 'hidden_size': 17, 'dropout': 0.19461777081358106, 'hidden_continuous_size': 13, 'attention_head_size': 4, 'learning_rate': 0.020790199600787006}. Best is trial 44 with value: 81.78107452392578.
LOCAL_RANK: 0 - CUDA_VISIBLE_DEVICES: [0]
[I 2023-11-29 22:16:34,675] Trial 132 finished with value: 101.44528198242188 and parameters: {'gradient_clip_val': 0.3959896735697819, 'hidden_size': 14, 'dropout': 0.2072313452203017, 'hidden_continuous_size': 13, 'attention_head_size': 4, 'learning_rate': 0.02385071068826906}. Best is trial 44 with value: 81.78107452392578.
LOCAL_RANK: 0 - CUDA_VISIBLE_DEVICES: [0]
[I 2023-11-29 22:16:46,796] Trial 133 finished with value: 121.14611053466797 and parameters: {'gradient_clip_val': 0.4618299935896087, 'hidden_size': 14, 'dropout': 0.21018427713590232, 'hidden_continuous_size': 10, 'attention_head_size': 4, 'learning_rate': 0.018152814203701174}. Best is trial 44 with value: 81.78107452392578.
LOCAL_RANK: 0 - CUDA_VISIBLE_DEVICES: [0]
