[I 2023-11-30 14:32:28,602] Trial 122 finished with value: 133.24354553222656 and parameters: {'gradient_clip_val': 0.20992811429317057, 'hidden_size': 98, 'dropout': 0.1266095207647275, 'hidden_continuous_size': 92, 'attention_head_size': 1, 'learning_rate': 0.0013561688043103649}. Best is trial 54 with value: 105.2230453491211.
LOCAL_RANK: 0 - CUDA_VISIBLE_DEVICES: [0]
[I 2023-11-30 14:32:43,474] Trial 123 finished with value: 109.1439208984375 and parameters: {'gradient_clip_val': 0.255896662899942, 'hidden_size': 107, 'dropout': 0.1523494815960499, 'hidden_continuous_size': 100, 'attention_head_size': 1, 'learning_rate': 0.001183407643958421}. Best is trial 54 with value: 105.2230453491211.
LOCAL_RANK: 0 - CUDA_VISIBLE_DEVICES: [0]
[I 2023-11-30 14:32:59,020] Trial 124 finished with value: 148.49940490722656 and parameters: {'gradient_clip_val': 0.23335761664063387, 'hidden_size': 89, 'dropout': 0.15193680176495308, 'hidden_continuous_size': 83, 'attention_head_size': 1, 'learning_rate': 0.0011439842121451348}. Best is trial 54 with value: 105.2230453491211.
LOCAL_RANK: 0 - CUDA_VISIBLE_DEVICES: [0]
[I 2023-11-30 14:33:14,309] Trial 125 finished with value: 121.02445220947266 and parameters: {'gradient_clip_val': 0.2523972818400534, 'hidden_size': 107, 'dropout': 0.15984282459929464, 'hidden_continuous_size': 100, 'attention_head_size': 1, 'learning_rate': 0.002169890501354318}. Best is trial 54 with value: 105.2230453491211.
LOCAL_RANK: 0 - CUDA_VISIBLE_DEVICES: [0]
[I 2023-11-30 14:33:29,278] Trial 126 finished with value: 129.4124298095703 and parameters: {'gradient_clip_val': 0.263646866197968, 'hidden_size': 117, 'dropout': 0.138862436115615, 'hidden_continuous_size': 104, 'attention_head_size': 1, 'learning_rate': 0.0012698924017105655}. Best is trial 54 with value: 105.2230453491211.
LOCAL_RANK: 0 - CUDA_VISIBLE_DEVICES: [0]
[I 2023-11-30 14:33:43,150] Trial 127 finished with value: 146.8204345703125 and parameters: {'gradient_clip_val': 0.22329006665523465, 'hidden_size': 105, 'dropout': 0.16740534152733166, 'hidden_continuous_size': 96, 'attention_head_size': 1, 'learning_rate': 0.0030948058293607645}. Best is trial 54 with value: 105.2230453491211.
LOCAL_RANK: 0 - CUDA_VISIBLE_DEVICES: [0]
[I 2023-11-30 14:33:56,816] Trial 128 finished with value: 143.23521423339844 and parameters: {'gradient_clip_val': 0.2415840054207581, 'hidden_size': 96, 'dropout': 0.1467311873783198, 'hidden_continuous_size': 90, 'attention_head_size': 1, 'learning_rate': 0.0015076081458371261}. Best is trial 54 with value: 105.2230453491211.
LOCAL_RANK: 0 - CUDA_VISIBLE_DEVICES: [0]
[I 2023-11-30 14:34:11,385] Trial 129 finished with value: 149.6351776123047 and parameters: {'gradient_clip_val': 0.27413385000615437, 'hidden_size': 150, 'dropout': 0.15550062217357347, 'hidden_continuous_size': 131, 'attention_head_size': 1, 'learning_rate': 0.0017508692600379271}. Best is trial 54 with value: 105.2230453491211.
LOCAL_RANK: 0 - CUDA_VISIBLE_DEVICES: [0]
[I 2023-11-30 14:34:25,514] Trial 130 finished with value: 121.80914306640625 and parameters: {'gradient_clip_val': 0.174174755438289, 'hidden_size': 114, 'dropout': 0.17631498434159482, 'hidden_continuous_size': 103, 'attention_head_size': 1, 'learning_rate': 0.001076865347902667}. Best is trial 54 with value: 105.2230453491211.
LOCAL_RANK: 0 - CUDA_VISIBLE_DEVICES: [0]
[I 2023-11-30 14:34:39,830] Trial 131 finished with value: 114.14749908447266 and parameters: {'gradient_clip_val': 0.313529746152765, 'hidden_size': 122, 'dropout': 0.11003945845067384, 'hidden_continuous_size': 109, 'attention_head_size': 1, 'learning_rate': 0.0013869809053600646}. Best is trial 54 with value: 105.2230453491211.
LOCAL_RANK: 0 - CUDA_VISIBLE_DEVICES: [0]
[I 2023-11-30 14:34:53,826] Trial 132 finished with value: 106.32543182373047 and parameters: {'gradient_clip_val': 0.3002250670513355, 'hidden_size': 128, 'dropout': 0.10790442914526685, 'hidden_continuous_size': 114, 'attention_head_size': 1, 'learning_rate': 0.0013974176649993566}. Best is trial 54 with value: 105.2230453491211.
LOCAL_RANK: 0 - CUDA_VISIBLE_DEVICES: [0]
[I 2023-11-30 14:35:08,039] Trial 133 finished with value: 108.63166046142578 and parameters: {'gradient_clip_val': 0.30703083780726526, 'hidden_size': 131, 'dropout': 0.10828055026493878, 'hidden_continuous_size': 116, 'attention_head_size': 1, 'learning_rate': 0.0019100878279392035}. Best is trial 54 with value: 105.2230453491211.
LOCAL_RANK: 0 - CUDA_VISIBLE_DEVICES: [0]
[I 2023-11-30 14:35:22,453] Trial 134 finished with value: 128.30967712402344 and parameters: {'gradient_clip_val': 0.30974937553428983, 'hidden_size': 135, 'dropout': 0.1087429644860348, 'hidden_continuous_size': 119, 'attention_head_size': 1, 'learning_rate': 0.0018544228826339187}. Best is trial 54 with value: 105.2230453491211.
LOCAL_RANK: 0 - CUDA_VISIBLE_DEVICES: [0]
[I 2023-11-30 14:35:36,615] Trial 135 finished with value: 142.63711547851562 and parameters: {'gradient_clip_val': 0.29778981768220625, 'hidden_size': 127, 'dropout': 0.10407741464019553, 'hidden_continuous_size': 112, 'attention_head_size': 1, 'learning_rate': 0.0014092926001043067}. Best is trial 54 with value: 105.2230453491211.
LOCAL_RANK: 0 - CUDA_VISIBLE_DEVICES: [0]
[I 2023-11-30 14:35:51,338] Trial 136 finished with value: 136.0774688720703 and parameters: {'gradient_clip_val': 0.31667840578513506, 'hidden_size': 140, 'dropout': 0.1086879222048817, 'hidden_continuous_size': 116, 'attention_head_size': 1, 'learning_rate': 0.0016517789497707024}. Best is trial 54 with value: 105.2230453491211.
LOCAL_RANK: 0 - CUDA_VISIBLE_DEVICES: [0]
[I 2023-11-30 14:36:06,176] Trial 137 finished with value: 118.40737915039062 and parameters: {'gradient_clip_val': 0.28374273757680585, 'hidden_size': 133, 'dropout': 0.1149510246374393, 'hidden_continuous_size': 110, 'attention_head_size': 1, 'learning_rate': 0.0020066427211292313}. Best is trial 54 with value: 105.2230453491211.
LOCAL_RANK: 0 - CUDA_VISIBLE_DEVICES: [0]
[I 2023-11-30 14:36:20,780] Trial 138 finished with value: 97.9971694946289 and parameters: {'gradient_clip_val': 0.32277058532728026, 'hidden_size': 127, 'dropout': 0.11482403134589994, 'hidden_continuous_size': 110, 'attention_head_size': 1, 'learning_rate': 0.0015522808599087176}. Best is trial 138 with value: 97.9971694946289.
LOCAL_RANK: 0 - CUDA_VISIBLE_DEVICES: [0]
[I 2023-11-30 14:36:35,640] Trial 139 finished with value: 132.80364990234375 and parameters: {'gradient_clip_val': 0.32223051032128974, 'hidden_size': 126, 'dropout': 0.11834939002093262, 'hidden_continuous_size': 115, 'attention_head_size': 1, 'learning_rate': 0.002324751728104182}. Best is trial 138 with value: 97.9971694946289.
LOCAL_RANK: 0 - CUDA_VISIBLE_DEVICES: [0]
[I 2023-11-30 14:36:49,952] Trial 140 finished with value: 108.36376953125 and parameters: {'gradient_clip_val': 0.30367211002414307, 'hidden_size': 112, 'dropout': 0.1121225649101461, 'hidden_continuous_size': 96, 'attention_head_size': 1, 'learning_rate': 0.0015719933029847938}. Best is trial 138 with value: 97.9971694946289.
LOCAL_RANK: 0 - CUDA_VISIBLE_DEVICES: [0]
[I 2023-11-30 14:37:04,745] Trial 141 finished with value: 128.31777954101562 and parameters: {'gradient_clip_val': 0.30912201371009745, 'hidden_size': 111, 'dropout': 0.10123880981716045, 'hidden_continuous_size': 100, 'attention_head_size': 1, 'learning_rate': 0.0015403837414040423}. Best is trial 138 with value: 97.9971694946289.
LOCAL_RANK: 0 - CUDA_VISIBLE_DEVICES: [0]
[I 2023-11-30 14:37:20,170] Trial 142 finished with value: 157.50717163085938 and parameters: {'gradient_clip_val': 0.33670818113308365, 'hidden_size': 142, 'dropout': 0.11156425228391437, 'hidden_continuous_size': 124, 'attention_head_size': 1, 'learning_rate': 0.0018439003127686893}. Best is trial 138 with value: 97.9971694946289.
LOCAL_RANK: 0 - CUDA_VISIBLE_DEVICES: [0]
[I 2023-11-30 14:37:34,478] Trial 143 finished with value: 120.31256103515625 and parameters: {'gradient_clip_val': 0.3026962129651768, 'hidden_size': 117, 'dropout': 0.12215794594991179, 'hidden_continuous_size': 108, 'attention_head_size': 1, 'learning_rate': 0.0014015553011352318}. Best is trial 138 with value: 97.9971694946289.
LOCAL_RANK: 0 - CUDA_VISIBLE_DEVICES: [0]
[I 2023-11-30 14:37:50,011] Trial 144 finished with value: 127.85771942138672 and parameters: {'gradient_clip_val': 0.3586755206926024, 'hidden_size': 130, 'dropout': 0.11545150244414897, 'hidden_continuous_size': 119, 'attention_head_size': 1, 'learning_rate': 0.002062689056414638}. Best is trial 138 with value: 97.9971694946289.
LOCAL_RANK: 0 - CUDA_VISIBLE_DEVICES: [0]
[I 2023-11-30 14:38:05,499] Trial 145 finished with value: 109.55500030517578 and parameters: {'gradient_clip_val': 0.2695789790217473, 'hidden_size': 105, 'dropout': 0.1071092063645995, 'hidden_continuous_size': 95, 'attention_head_size': 1, 'learning_rate': 0.0016485349191010296}. Best is trial 138 with value: 97.9971694946289.
LOCAL_RANK: 0 - CUDA_VISIBLE_DEVICES: [0]
[I 2023-11-30 14:38:19,918] Trial 146 finished with value: 118.41719818115234 and parameters: {'gradient_clip_val': 0.27638409587235707, 'hidden_size': 100, 'dropout': 0.12529066738003442, 'hidden_continuous_size': 94, 'attention_head_size': 1, 'learning_rate': 0.0016554196312786543}. Best is trial 138 with value: 97.9971694946289.
LOCAL_RANK: 0 - CUDA_VISIBLE_DEVICES: [0]
[I 2023-11-30 14:38:34,606] Trial 147 finished with value: 119.3845443725586 and parameters: {'gradient_clip_val': 0.26198942490118843, 'hidden_size': 107, 'dropout': 0.1032655970482306, 'hidden_continuous_size': 99, 'attention_head_size': 3, 'learning_rate': 0.0018174432221428273}. Best is trial 138 with value: 97.9971694946289.
LOCAL_RANK: 0 - CUDA_VISIBLE_DEVICES: [0]
[I 2023-11-30 14:38:49,141] Trial 148 finished with value: 142.77781677246094 and parameters: {'gradient_clip_val': 0.29288122314504794, 'hidden_size': 104, 'dropout': 0.13310819996716153, 'hidden_continuous_size': 96, 'attention_head_size': 1, 'learning_rate': 0.001000695680257875}. Best is trial 138 with value: 97.9971694946289.
LOCAL_RANK: 0 - CUDA_VISIBLE_DEVICES: [0]
[I 2023-11-30 14:39:03,266] Trial 149 finished with value: 121.8818130493164 and parameters: {'gradient_clip_val': 0.26688039424260807, 'hidden_size': 112, 'dropout': 0.11804943720807141, 'hidden_continuous_size': 104, 'attention_head_size': 1, 'learning_rate': 0.0015476676501320378}. Best is trial 138 with value: 97.9971694946289.
[I 2023-11-30 14:39:03,396] A new study created in memory with name: no-name-46e72fc9-005a-4858-a983-4dd7de5ef6b3
/home/le004/conda/anaconda3/envs/tsff_env/lib/python3.9/site-packages/lightning/fabric/plugins/environments/slurm.py:191: The `srun` command is available on your system but is not used. HINT: If your intention is to run Lightning on SLURM, prepend your python command with `srun` like so: srun python /home/le004/master_thesis/git/TSFusionForecast/code/ ...
LOCAL_RANK: 0 - CUDA_VISIBLE_DEVICES: [0]
[I 2023-11-30 14:39:16,008] Trial 0 finished with value: 3529.649169921875 and parameters: {'gradient_clip_val': 0.9535719191435951, 'hidden_size': 18, 'dropout': 0.255018536512714, 'hidden_continuous_size': 13, 'attention_head_size': 3, 'learning_rate': 0.0025590982149042494}. Best is trial 0 with value: 3529.649169921875.
LOCAL_RANK: 0 - CUDA_VISIBLE_DEVICES: [0]
[I 2023-11-30 14:39:28,784] Trial 1 finished with value: 3868.774169921875 and parameters: {'gradient_clip_val': 0.26333188983379824, 'hidden_size': 17, 'dropout': 0.16582441158414032, 'hidden_continuous_size': 14, 'attention_head_size': 3, 'learning_rate': 0.0016829479256236187}. Best is trial 0 with value: 3529.649169921875.
LOCAL_RANK: 0 - CUDA_VISIBLE_DEVICES: [0]
[I 2023-11-30 14:39:42,584] Trial 2 finished with value: 1347.8428955078125 and parameters: {'gradient_clip_val': 0.26008047702792997, 'hidden_size': 102, 'dropout': 0.3684467997886617, 'hidden_continuous_size': 27, 'attention_head_size': 2, 'learning_rate': 0.001518285945829777}. Best is trial 2 with value: 1347.8428955078125.
LOCAL_RANK: 0 - CUDA_VISIBLE_DEVICES: [0]
[I 2023-11-30 14:39:52,875] Trial 3 finished with value: 6276.88525390625 and parameters: {'gradient_clip_val': 0.212149118098554, 'hidden_size': 10, 'dropout': 0.19931412718620195, 'hidden_continuous_size': 10, 'attention_head_size': 1, 'learning_rate': 0.001418722706611415}. Best is trial 2 with value: 1347.8428955078125.
LOCAL_RANK: 0 - CUDA_VISIBLE_DEVICES: [0]
[I 2023-11-30 14:40:06,992] Trial 4 finished with value: 909.1325073242188 and parameters: {'gradient_clip_val': 0.3135723473103811, 'hidden_size': 88, 'dropout': 0.36843504269812843, 'hidden_continuous_size': 85, 'attention_head_size': 1, 'learning_rate': 0.04960428216236472}. Best is trial 4 with value: 909.1325073242188.
LOCAL_RANK: 0 - CUDA_VISIBLE_DEVICES: [0]
[I 2023-11-30 14:40:19,460] Trial 5 finished with value: 2947.964599609375 and parameters: {'gradient_clip_val': 0.22387477676386763, 'hidden_size': 19, 'dropout': 0.2281180035802263, 'hidden_continuous_size': 15, 'attention_head_size': 1, 'learning_rate': 0.003458347024735807}. Best is trial 4 with value: 909.1325073242188.
LOCAL_RANK: 0 - CUDA_VISIBLE_DEVICES: [0]
[I 2023-11-30 14:40:33,863] Trial 6 finished with value: 1916.7193603515625 and parameters: {'gradient_clip_val': 0.21409672730981036, 'hidden_size': 62, 'dropout': 0.15098292016369508, 'hidden_continuous_size': 47, 'attention_head_size': 3, 'learning_rate': 0.0011578768515697882}. Best is trial 4 with value: 909.1325073242188.
LOCAL_RANK: 0 - CUDA_VISIBLE_DEVICES: [0]
[I 2023-11-30 14:40:48,507] Trial 7 finished with value: 947.35400390625 and parameters: {'gradient_clip_val': 0.17242779163119723, 'hidden_size': 122, 'dropout': 0.16044238076054462, 'hidden_continuous_size': 34, 'attention_head_size': 3, 'learning_rate': 0.07255893644689917}. Best is trial 4 with value: 909.1325073242188.
LOCAL_RANK: 0 - CUDA_VISIBLE_DEVICES: [0]
[I 2023-11-30 14:41:01,412] Trial 8 finished with value: 953.436279296875 and parameters: {'gradient_clip_val': 0.21279895748207442, 'hidden_size': 28, 'dropout': 0.16723521413560605, 'hidden_continuous_size': 26, 'attention_head_size': 1, 'learning_rate': 0.013387424328080622}. Best is trial 4 with value: 909.1325073242188.
LOCAL_RANK: 0 - CUDA_VISIBLE_DEVICES: [0]
[I 2023-11-30 14:41:15,192] Trial 9 finished with value: 3934.159912109375 and parameters: {'gradient_clip_val': 0.13436670528490868, 'hidden_size': 43, 'dropout': 0.14491316429884332, 'hidden_continuous_size': 16, 'attention_head_size': 1, 'learning_rate': 0.0012108114630725825}. Best is trial 4 with value: 909.1325073242188.
LOCAL_RANK: 0 - CUDA_VISIBLE_DEVICES: [0]
[I 2023-11-30 14:41:29,747] Trial 10 finished with value: 995.9900512695312 and parameters: {'gradient_clip_val': 0.40438318640126875, 'hidden_size': 74, 'dropout': 0.3932037612536327, 'hidden_continuous_size': 73, 'attention_head_size': 4, 'learning_rate': 0.08971479557268691}. Best is trial 4 with value: 909.1325073242188.
LOCAL_RANK: 0 - CUDA_VISIBLE_DEVICES: [0]
[I 2023-11-30 14:41:44,813] Trial 11 finished with value: 1174.4947509765625 and parameters: {'gradient_clip_val': 0.10254958386310974, 'hidden_size': 138, 'dropout': 0.2986172274096035, 'hidden_continuous_size': 135, 'attention_head_size': 2, 'learning_rate': 0.0941752764332255}. Best is trial 4 with value: 909.1325073242188.
LOCAL_RANK: 0 - CUDA_VISIBLE_DEVICES: [0]
[I 2023-11-30 14:41:59,815] Trial 12 finished with value: 1033.1328125 and parameters: {'gradient_clip_val': 0.38763925243651143, 'hidden_size': 145, 'dropout': 0.1056706688628482, 'hidden_continuous_size': 58, 'attention_head_size': 4, 'learning_rate': 0.03817906323770272}. Best is trial 4 with value: 909.1325073242188.
LOCAL_RANK: 0 - CUDA_VISIBLE_DEVICES: [0]
[I 2023-11-30 14:42:13,908] Trial 13 finished with value: 922.1065063476562 and parameters: {'gradient_clip_val': 0.3816808308512971, 'hidden_size': 87, 'dropout': 0.327390491694056, 'hidden_continuous_size': 37, 'attention_head_size': 2, 'learning_rate': 0.038139877909433295}. Best is trial 4 with value: 909.1325073242188.
LOCAL_RANK: 0 - CUDA_VISIBLE_DEVICES: [0]
[I 2023-11-30 14:42:27,360] Trial 14 finished with value: 817.1253051757812 and parameters: {'gradient_clip_val': 0.4185873312995118, 'hidden_size': 82, 'dropout': 0.3375557890249595, 'hidden_continuous_size': 21, 'attention_head_size': 2, 'learning_rate': 0.023915367249724612}. Best is trial 14 with value: 817.1253051757812.
LOCAL_RANK: 0 - CUDA_VISIBLE_DEVICES: [0]
[I 2023-11-30 14:42:40,781] Trial 15 finished with value: 851.1779174804688 and parameters: {'gradient_clip_val': 0.5424328045185666, 'hidden_size': 58, 'dropout': 0.3417626961950714, 'hidden_continuous_size': 21, 'attention_head_size': 2, 'learning_rate': 0.016314451210137106}. Best is trial 14 with value: 817.1253051757812.
LOCAL_RANK: 0 - CUDA_VISIBLE_DEVICES: [0]
[I 2023-11-30 14:42:54,379] Trial 16 finished with value: 1030.0291748046875 and parameters: {'gradient_clip_val': 0.5786173818820849, 'hidden_size': 55, 'dropout': 0.3102939327439709, 'hidden_continuous_size': 20, 'attention_head_size': 2, 'learning_rate': 0.013171533790728955}. Best is trial 14 with value: 817.1253051757812.
LOCAL_RANK: 0 - CUDA_VISIBLE_DEVICES: [0]
[I 2023-11-30 14:43:08,229] Trial 17 finished with value: 967.1339721679688 and parameters: {'gradient_clip_val': 0.5697663106251839, 'hidden_size': 53, 'dropout': 0.2809084132319688, 'hidden_continuous_size': 20, 'attention_head_size': 2, 'learning_rate': 0.023076321459561944}. Best is trial 14 with value: 817.1253051757812.
LOCAL_RANK: 0 - CUDA_VISIBLE_DEVICES: [0]
[I 2023-11-30 14:43:21,615] Trial 18 finished with value: 1340.0333251953125 and parameters: {'gradient_clip_val': 0.5479766341381622, 'hidden_size': 41, 'dropout': 0.33307095176762763, 'hidden_continuous_size': 18, 'attention_head_size': 2, 'learning_rate': 0.008660247424453822}. Best is trial 14 with value: 817.1253051757812.
LOCAL_RANK: 0 - CUDA_VISIBLE_DEVICES: [0]
[I 2023-11-30 14:43:35,125] Trial 19 finished with value: 961.73583984375 and parameters: {'gradient_clip_val': 0.7603091832345309, 'hidden_size': 83, 'dropout': 0.3502300918829854, 'hidden_continuous_size': 24, 'attention_head_size': 3, 'learning_rate': 0.00875274430225234}. Best is trial 14 with value: 817.1253051757812.
LOCAL_RANK: 0 - CUDA_VISIBLE_DEVICES: [0]
[I 2023-11-30 14:43:49,000] Trial 20 finished with value: 914.5441284179688 and parameters: {'gradient_clip_val': 0.4650038962526869, 'hidden_size': 66, 'dropout': 0.39558755464304113, 'hidden_continuous_size': 23, 'attention_head_size': 2, 'learning_rate': 0.021093618428523038}. Best is trial 14 with value: 817.1253051757812.
LOCAL_RANK: 0 - CUDA_VISIBLE_DEVICES: [0]
[I 2023-11-30 14:44:03,660] Trial 21 finished with value: 989.892822265625 and parameters: {'gradient_clip_val': 0.32592218368774906, 'hidden_size': 96, 'dropout': 0.35989131265788143, 'hidden_continuous_size': 30, 'attention_head_size': 1, 'learning_rate': 0.04686175474320657}. Best is trial 14 with value: 817.1253051757812.
LOCAL_RANK: 0 - CUDA_VISIBLE_DEVICES: [0]
[I 2023-11-30 14:44:17,199] Trial 22 finished with value: 944.653076171875 and parameters: {'gradient_clip_val': 0.29878219625227537, 'hidden_size': 79, 'dropout': 0.33655715719198237, 'hidden_continuous_size': 23, 'attention_head_size': 1, 'learning_rate': 0.02209100667323994}. Best is trial 14 with value: 817.1253051757812.
LOCAL_RANK: 0 - CUDA_VISIBLE_DEVICES: [0]
[I 2023-11-30 14:44:31,151] Trial 23 finished with value: 1132.8790283203125 and parameters: {'gradient_clip_val': 0.49504164570781894, 'hidden_size': 105, 'dropout': 0.3703253514165733, 'hidden_continuous_size': 37, 'attention_head_size': 2, 'learning_rate': 0.05215421208013082}. Best is trial 14 with value: 817.1253051757812.
LOCAL_RANK: 0 - CUDA_VISIBLE_DEVICES: [0]
[I 2023-11-30 14:44:43,880] Trial 24 finished with value: 945.3390502929688 and parameters: {'gradient_clip_val': 0.6815517197353093, 'hidden_size': 53, 'dropout': 0.3072085840374137, 'hidden_continuous_size': 20, 'attention_head_size': 1, 'learning_rate': 0.031537834533618914}. Best is trial 14 with value: 817.1253051757812.
LOCAL_RANK: 0 - CUDA_VISIBLE_DEVICES: [0]
[I 2023-11-30 14:44:57,537] Trial 25 finished with value: 795.077880859375 and parameters: {'gradient_clip_val': 0.33364557241267373, 'hidden_size': 69, 'dropout': 0.38090201788364214, 'hidden_continuous_size': 17, 'attention_head_size': 2, 'learning_rate': 0.01566553856431078}. Best is trial 25 with value: 795.077880859375.
LOCAL_RANK: 0 - CUDA_VISIBLE_DEVICES: [0]
[I 2023-11-30 14:45:11,716] Trial 26 finished with value: 1000.81640625 and parameters: {'gradient_clip_val': 0.4299159757002876, 'hidden_size': 65, 'dropout': 0.39566192240838244, 'hidden_continuous_size': 18, 'attention_head_size': 2, 'learning_rate': 0.006259209890105182}. Best is trial 25 with value: 795.077880859375.
LOCAL_RANK: 0 - CUDA_VISIBLE_DEVICES: [0]
[I 2023-11-30 14:45:25,594] Trial 27 finished with value: 1030.5067138671875 and parameters: {'gradient_clip_val': 0.3566265861514082, 'hidden_size': 112, 'dropout': 0.34634136751985395, 'hidden_continuous_size': 12, 'attention_head_size': 3, 'learning_rate': 0.014055615743213856}. Best is trial 25 with value: 795.077880859375.
LOCAL_RANK: 0 - CUDA_VISIBLE_DEVICES: [0]
[I 2023-11-30 14:45:39,172] Trial 28 finished with value: 801.59814453125 and parameters: {'gradient_clip_val': 0.4629882046114171, 'hidden_size': 46, 'dropout': 0.27959991156591235, 'hidden_continuous_size': 17, 'attention_head_size': 2, 'learning_rate': 0.02762261598649326}. Best is trial 25 with value: 795.077880859375.
LOCAL_RANK: 0 - CUDA_VISIBLE_DEVICES: [0]
