[I 2023-11-30 05:03:30,986] Trial 49 finished with value: 36.348812103271484 and parameters: {'gradient_clip_val': 0.3937551119281629, 'hidden_size': 47, 'dropout': 0.18941036026930935, 'hidden_continuous_size': 15, 'attention_head_size': 4, 'learning_rate': 0.01236051620673409}. Best is trial 10 with value: 30.831642150878906.
LOCAL_RANK: 0 - CUDA_VISIBLE_DEVICES: [0]
[I 2023-11-30 05:03:43,753] Trial 50 finished with value: 38.246707916259766 and parameters: {'gradient_clip_val': 0.5298735891220832, 'hidden_size': 65, 'dropout': 0.16830514208971706, 'hidden_continuous_size': 10, 'attention_head_size': 4, 'learning_rate': 0.022902493916586764}. Best is trial 10 with value: 30.831642150878906.
LOCAL_RANK: 0 - CUDA_VISIBLE_DEVICES: [0]
[I 2023-11-30 05:03:55,872] Trial 51 finished with value: 32.766937255859375 and parameters: {'gradient_clip_val': 0.6380833257796924, 'hidden_size': 40, 'dropout': 0.20664543327543705, 'hidden_continuous_size': 14, 'attention_head_size': 2, 'learning_rate': 0.00746944660374681}. Best is trial 10 with value: 30.831642150878906.
LOCAL_RANK: 0 - CUDA_VISIBLE_DEVICES: [0]
[I 2023-11-30 05:04:08,225] Trial 52 finished with value: 38.14198684692383 and parameters: {'gradient_clip_val': 0.47467961102755246, 'hidden_size': 42, 'dropout': 0.21709798164204772, 'hidden_continuous_size': 15, 'attention_head_size': 2, 'learning_rate': 0.0075553484987281256}. Best is trial 10 with value: 30.831642150878906.
LOCAL_RANK: 0 - CUDA_VISIBLE_DEVICES: [0]
[I 2023-11-30 05:04:20,719] Trial 53 finished with value: 37.03226089477539 and parameters: {'gradient_clip_val': 0.750156085555897, 'hidden_size': 54, 'dropout': 0.20280480913506238, 'hidden_continuous_size': 13, 'attention_head_size': 2, 'learning_rate': 0.004922849051947052}. Best is trial 10 with value: 30.831642150878906.
LOCAL_RANK: 0 - CUDA_VISIBLE_DEVICES: [0]
[I 2023-11-30 05:04:33,294] Trial 54 finished with value: 43.06646728515625 and parameters: {'gradient_clip_val': 0.5539370462704617, 'hidden_size': 47, 'dropout': 0.2378009649024236, 'hidden_continuous_size': 17, 'attention_head_size': 2, 'learning_rate': 0.011159823765116383}. Best is trial 10 with value: 30.831642150878906.
LOCAL_RANK: 0 - CUDA_VISIBLE_DEVICES: [0]
[I 2023-11-30 05:04:45,231] Trial 55 finished with value: 41.70210647583008 and parameters: {'gradient_clip_val': 0.6420397499239723, 'hidden_size': 36, 'dropout': 0.180095569724703, 'hidden_continuous_size': 16, 'attention_head_size': 1, 'learning_rate': 0.008783679510993478}. Best is trial 10 with value: 30.831642150878906.
LOCAL_RANK: 0 - CUDA_VISIBLE_DEVICES: [0]
[I 2023-11-30 05:04:57,802] Trial 56 finished with value: 38.34305191040039 and parameters: {'gradient_clip_val': 0.4160681517343679, 'hidden_size': 60, 'dropout': 0.2206719325946709, 'hidden_continuous_size': 11, 'attention_head_size': 2, 'learning_rate': 0.016529471336701223}. Best is trial 10 with value: 30.831642150878906.
LOCAL_RANK: 0 - CUDA_VISIBLE_DEVICES: [0]
[I 2023-11-30 05:05:10,987] Trial 57 finished with value: 35.99248123168945 and parameters: {'gradient_clip_val': 0.5819315187816092, 'hidden_size': 72, 'dropout': 0.25104586664387174, 'hidden_continuous_size': 26, 'attention_head_size': 4, 'learning_rate': 0.013373924918423985}. Best is trial 10 with value: 30.831642150878906.
LOCAL_RANK: 0 - CUDA_VISIBLE_DEVICES: [0]
[I 2023-11-30 05:05:23,614] Trial 58 finished with value: 38.8781852722168 and parameters: {'gradient_clip_val': 0.49483874490235874, 'hidden_size': 51, 'dropout': 0.19373297591376398, 'hidden_continuous_size': 14, 'attention_head_size': 2, 'learning_rate': 0.01683202570432463}. Best is trial 10 with value: 30.831642150878906.
LOCAL_RANK: 0 - CUDA_VISIBLE_DEVICES: [0]
[I 2023-11-30 05:05:37,081] Trial 59 finished with value: 35.56862258911133 and parameters: {'gradient_clip_val': 0.7022728323978906, 'hidden_size': 81, 'dropout': 0.2299957592885932, 'hidden_continuous_size': 24, 'attention_head_size': 4, 'learning_rate': 0.020363136194933906}. Best is trial 10 with value: 30.831642150878906.
LOCAL_RANK: 0 - CUDA_VISIBLE_DEVICES: [0]
[I 2023-11-30 05:05:49,518] Trial 60 finished with value: 37.326202392578125 and parameters: {'gradient_clip_val': 0.5396668405298625, 'hidden_size': 33, 'dropout': 0.20191857455274462, 'hidden_continuous_size': 17, 'attention_head_size': 4, 'learning_rate': 0.007321073661168096}. Best is trial 10 with value: 30.831642150878906.
LOCAL_RANK: 0 - CUDA_VISIBLE_DEVICES: [0]
[I 2023-11-30 05:06:01,953] Trial 61 finished with value: 36.90175247192383 and parameters: {'gradient_clip_val': 0.6106479086431328, 'hidden_size': 39, 'dropout': 0.2129519564062341, 'hidden_continuous_size': 14, 'attention_head_size': 3, 'learning_rate': 0.006239218504469697}. Best is trial 10 with value: 30.831642150878906.
LOCAL_RANK: 0 - CUDA_VISIBLE_DEVICES: [0]
[I 2023-11-30 05:06:14,415] Trial 62 finished with value: 35.232391357421875 and parameters: {'gradient_clip_val': 0.6553258071234072, 'hidden_size': 41, 'dropout': 0.18444672944323087, 'hidden_continuous_size': 15, 'attention_head_size': 3, 'learning_rate': 0.010823125751734688}. Best is trial 10 with value: 30.831642150878906.
LOCAL_RANK: 0 - CUDA_VISIBLE_DEVICES: [0]
[I 2023-11-30 05:06:26,980] Trial 63 finished with value: 40.823604583740234 and parameters: {'gradient_clip_val': 0.47116244973072846, 'hidden_size': 41, 'dropout': 0.20644696478436286, 'hidden_continuous_size': 13, 'attention_head_size': 4, 'learning_rate': 0.006066080208081335}. Best is trial 10 with value: 30.831642150878906.
LOCAL_RANK: 0 - CUDA_VISIBLE_DEVICES: [0]
[I 2023-11-30 05:06:39,366] Trial 64 finished with value: 44.03799819946289 and parameters: {'gradient_clip_val': 0.5846850417682807, 'hidden_size': 46, 'dropout': 0.21821067386278756, 'hidden_continuous_size': 16, 'attention_head_size': 2, 'learning_rate': 0.009466100181222617}. Best is trial 10 with value: 30.831642150878906.
LOCAL_RANK: 0 - CUDA_VISIBLE_DEVICES: [0]
[I 2023-11-30 05:06:52,064] Trial 65 finished with value: 46.64349365234375 and parameters: {'gradient_clip_val': 0.5086313278083024, 'hidden_size': 54, 'dropout': 0.13893790757043842, 'hidden_continuous_size': 14, 'attention_head_size': 3, 'learning_rate': 0.003102701243514262}. Best is trial 10 with value: 30.831642150878906.
LOCAL_RANK: 0 - CUDA_VISIBLE_DEVICES: [0]
[I 2023-11-30 05:07:04,927] Trial 66 finished with value: 40.04103469848633 and parameters: {'gradient_clip_val': 0.44272888719851466, 'hidden_size': 62, 'dropout': 0.1958455580018352, 'hidden_continuous_size': 12, 'attention_head_size': 4, 'learning_rate': 0.027772424045254512}. Best is trial 10 with value: 30.831642150878906.
LOCAL_RANK: 0 - CUDA_VISIBLE_DEVICES: [0]
[I 2023-11-30 05:07:17,498] Trial 67 finished with value: 37.83604431152344 and parameters: {'gradient_clip_val': 0.40577133451093395, 'hidden_size': 50, 'dropout': 0.16565599523462854, 'hidden_continuous_size': 13, 'attention_head_size': 4, 'learning_rate': 0.01371250311875335}. Best is trial 10 with value: 30.831642150878906.
LOCAL_RANK: 0 - CUDA_VISIBLE_DEVICES: [0]
[I 2023-11-30 05:07:30,192] Trial 68 finished with value: 34.81890869140625 and parameters: {'gradient_clip_val': 0.5520644436499367, 'hidden_size': 35, 'dropout': 0.2282844877913024, 'hidden_continuous_size': 18, 'attention_head_size': 4, 'learning_rate': 0.017728686715001475}. Best is trial 10 with value: 30.831642150878906.
LOCAL_RANK: 0 - CUDA_VISIBLE_DEVICES: [0]
[I 2023-11-30 05:07:42,386] Trial 69 finished with value: 38.20919418334961 and parameters: {'gradient_clip_val': 0.6904200143432497, 'hidden_size': 27, 'dropout': 0.17933875652267028, 'hidden_continuous_size': 15, 'attention_head_size': 3, 'learning_rate': 0.024985633547704833}. Best is trial 10 with value: 30.831642150878906.
LOCAL_RANK: 0 - CUDA_VISIBLE_DEVICES: [0]
[I 2023-11-30 05:07:54,903] Trial 70 finished with value: 32.42802810668945 and parameters: {'gradient_clip_val': 0.5119261061605713, 'hidden_size': 38, 'dropout': 0.10893494541637572, 'hidden_continuous_size': 17, 'attention_head_size': 4, 'learning_rate': 0.010320937125051652}. Best is trial 10 with value: 30.831642150878906.
LOCAL_RANK: 0 - CUDA_VISIBLE_DEVICES: [0]
[I 2023-11-30 05:08:07,457] Trial 71 finished with value: 35.5273551940918 and parameters: {'gradient_clip_val': 0.6303125082966187, 'hidden_size': 43, 'dropout': 0.10584598818496087, 'hidden_continuous_size': 17, 'attention_head_size': 4, 'learning_rate': 0.007959130096355235}. Best is trial 10 with value: 30.831642150878906.
LOCAL_RANK: 0 - CUDA_VISIBLE_DEVICES: [0]
[I 2023-11-30 05:08:19,728] Trial 72 finished with value: 31.87996482849121 and parameters: {'gradient_clip_val': 0.509885683064886, 'hidden_size': 40, 'dropout': 0.1127245145392358, 'hidden_continuous_size': 16, 'attention_head_size': 4, 'learning_rate': 0.010905826017821005}. Best is trial 10 with value: 30.831642150878906.
LOCAL_RANK: 0 - CUDA_VISIBLE_DEVICES: [0]
[I 2023-11-30 05:08:32,327] Trial 73 finished with value: 36.738765716552734 and parameters: {'gradient_clip_val': 0.47964082696105675, 'hidden_size': 38, 'dropout': 0.11577977121583848, 'hidden_continuous_size': 18, 'attention_head_size': 4, 'learning_rate': 0.011368382765084574}. Best is trial 10 with value: 30.831642150878906.
LOCAL_RANK: 0 - CUDA_VISIBLE_DEVICES: [0]
[I 2023-11-30 05:08:45,191] Trial 74 finished with value: 33.748111724853516 and parameters: {'gradient_clip_val': 0.43223669879720655, 'hidden_size': 57, 'dropout': 0.1301263443865712, 'hidden_continuous_size': 19, 'attention_head_size': 4, 'learning_rate': 0.01566271310891248}. Best is trial 10 with value: 30.831642150878906.
LOCAL_RANK: 0 - CUDA_VISIBLE_DEVICES: [0]
[I 2023-11-30 05:08:57,524] Trial 75 finished with value: 32.82984924316406 and parameters: {'gradient_clip_val': 0.5216866617085569, 'hidden_size': 44, 'dropout': 0.1009276804592158, 'hidden_continuous_size': 16, 'attention_head_size': 4, 'learning_rate': 0.009674383933587128}. Best is trial 10 with value: 30.831642150878906.
LOCAL_RANK: 0 - CUDA_VISIBLE_DEVICES: [0]
[I 2023-11-30 05:09:09,899] Trial 76 finished with value: 35.41878890991211 and parameters: {'gradient_clip_val': 0.5179959583160675, 'hidden_size': 30, 'dropout': 0.10229215209060784, 'hidden_continuous_size': 16, 'attention_head_size': 4, 'learning_rate': 0.00945153109657203}. Best is trial 10 with value: 30.831642150878906.
LOCAL_RANK: 0 - CUDA_VISIBLE_DEVICES: [0]
[I 2023-11-30 05:09:22,286] Trial 77 finished with value: 34.10395812988281 and parameters: {'gradient_clip_val': 0.5691156741283081, 'hidden_size': 36, 'dropout': 0.11251695320832716, 'hidden_continuous_size': 16, 'attention_head_size': 4, 'learning_rate': 0.010054696987277935}. Best is trial 10 with value: 30.831642150878906.
LOCAL_RANK: 0 - CUDA_VISIBLE_DEVICES: [0]
[I 2023-11-30 05:09:35,064] Trial 78 finished with value: 28.76570701599121 and parameters: {'gradient_clip_val': 0.504514058918941, 'hidden_size': 45, 'dropout': 0.12372856075584246, 'hidden_continuous_size': 18, 'attention_head_size': 4, 'learning_rate': 0.013056987012410152}. Best is trial 78 with value: 28.76570701599121.
LOCAL_RANK: 0 - CUDA_VISIBLE_DEVICES: [0]
[I 2023-11-30 05:09:47,708] Trial 79 finished with value: 34.50895690917969 and parameters: {'gradient_clip_val': 0.38000662561524484, 'hidden_size': 47, 'dropout': 0.12599176246180419, 'hidden_continuous_size': 18, 'attention_head_size': 4, 'learning_rate': 0.01248486365706842}. Best is trial 78 with value: 28.76570701599121.
LOCAL_RANK: 0 - CUDA_VISIBLE_DEVICES: [0]
[I 2023-11-30 05:10:00,312] Trial 80 finished with value: 30.051607131958008 and parameters: {'gradient_clip_val': 0.47273152606743324, 'hidden_size': 39, 'dropout': 0.1395095264754156, 'hidden_continuous_size': 20, 'attention_head_size': 4, 'learning_rate': 0.01394425834130008}. Best is trial 78 with value: 28.76570701599121.
LOCAL_RANK: 0 - CUDA_VISIBLE_DEVICES: [0]
[I 2023-11-30 05:10:12,856] Trial 81 finished with value: 33.956302642822266 and parameters: {'gradient_clip_val': 0.47942345503245115, 'hidden_size': 38, 'dropout': 0.13896424510129007, 'hidden_continuous_size': 20, 'attention_head_size': 4, 'learning_rate': 0.01417689619449191}. Best is trial 78 with value: 28.76570701599121.
LOCAL_RANK: 0 - CUDA_VISIBLE_DEVICES: [0]
[I 2023-11-30 05:10:25,401] Trial 82 finished with value: 36.0374755859375 and parameters: {'gradient_clip_val': 0.4256121953217638, 'hidden_size': 41, 'dropout': 0.11618692620052985, 'hidden_continuous_size': 19, 'attention_head_size': 4, 'learning_rate': 0.019990543892654228}. Best is trial 78 with value: 28.76570701599121.
LOCAL_RANK: 0 - CUDA_VISIBLE_DEVICES: [0]
[I 2023-11-30 05:10:38,065] Trial 83 finished with value: 32.83311462402344 and parameters: {'gradient_clip_val': 0.45763455157927213, 'hidden_size': 34, 'dropout': 0.13037527507039454, 'hidden_continuous_size': 17, 'attention_head_size': 4, 'learning_rate': 0.011357459052236627}. Best is trial 78 with value: 28.76570701599121.
LOCAL_RANK: 0 - CUDA_VISIBLE_DEVICES: [0]
[I 2023-11-30 05:10:50,793] Trial 84 finished with value: 33.83390426635742 and parameters: {'gradient_clip_val': 0.5008810857206502, 'hidden_size': 50, 'dropout': 0.14763999383599224, 'hidden_continuous_size': 21, 'attention_head_size': 4, 'learning_rate': 0.013930457330226593}. Best is trial 78 with value: 28.76570701599121.
LOCAL_RANK: 0 - CUDA_VISIBLE_DEVICES: [0]
[I 2023-11-30 05:11:03,229] Trial 85 finished with value: 32.07815170288086 and parameters: {'gradient_clip_val': 0.562480925496529, 'hidden_size': 39, 'dropout': 0.1128927546068205, 'hidden_continuous_size': 20, 'attention_head_size': 4, 'learning_rate': 0.00833257703285959}. Best is trial 78 with value: 28.76570701599121.
LOCAL_RANK: 0 - CUDA_VISIBLE_DEVICES: [0]
[I 2023-11-30 05:11:15,654] Trial 86 finished with value: 36.72172927856445 and parameters: {'gradient_clip_val': 0.5994254596823303, 'hidden_size': 39, 'dropout': 0.1118766644698811, 'hidden_continuous_size': 20, 'attention_head_size': 4, 'learning_rate': 0.007147829377388719}. Best is trial 78 with value: 28.76570701599121.
LOCAL_RANK: 0 - CUDA_VISIBLE_DEVICES: [0]
[I 2023-11-30 05:11:28,068] Trial 87 finished with value: 44.757476806640625 and parameters: {'gradient_clip_val': 0.5430934897523565, 'hidden_size': 34, 'dropout': 0.12303453056396658, 'hidden_continuous_size': 18, 'attention_head_size': 4, 'learning_rate': 0.008484323474237065}. Best is trial 78 with value: 28.76570701599121.
LOCAL_RANK: 0 - CUDA_VISIBLE_DEVICES: [0]
[I 2023-11-30 05:11:40,693] Trial 88 finished with value: 36.80442810058594 and parameters: {'gradient_clip_val': 0.5821238219001331, 'hidden_size': 31, 'dropout': 0.13285380433230481, 'hidden_continuous_size': 19, 'attention_head_size': 4, 'learning_rate': 0.012327079901154071}. Best is trial 78 with value: 28.76570701599121.
LOCAL_RANK: 0 - CUDA_VISIBLE_DEVICES: [0]
[I 2023-11-30 05:11:53,297] Trial 89 finished with value: 34.17849349975586 and parameters: {'gradient_clip_val': 0.6133972678637312, 'hidden_size': 37, 'dropout': 0.1115818105831862, 'hidden_continuous_size': 20, 'attention_head_size': 4, 'learning_rate': 0.010604306107395734}. Best is trial 78 with value: 28.76570701599121.
LOCAL_RANK: 0 - CUDA_VISIBLE_DEVICES: [0]
[I 2023-11-30 05:12:05,935] Trial 90 finished with value: 37.136165618896484 and parameters: {'gradient_clip_val': 0.5181448991937041, 'hidden_size': 44, 'dropout': 0.12053561054889346, 'hidden_continuous_size': 22, 'attention_head_size': 4, 'learning_rate': 0.00868332629584793}. Best is trial 78 with value: 28.76570701599121.
LOCAL_RANK: 0 - CUDA_VISIBLE_DEVICES: [0]
[I 2023-11-30 05:12:18,777] Trial 91 finished with value: 29.048173904418945 and parameters: {'gradient_clip_val': 0.45924317603240533, 'hidden_size': 54, 'dropout': 0.10763903277342729, 'hidden_continuous_size': 21, 'attention_head_size': 4, 'learning_rate': 0.01580735292718723}. Best is trial 78 with value: 28.76570701599121.
LOCAL_RANK: 0 - CUDA_VISIBLE_DEVICES: [0]
[I 2023-11-30 05:12:31,560] Trial 92 finished with value: 33.093631744384766 and parameters: {'gradient_clip_val': 0.46660142660839293, 'hidden_size': 54, 'dropout': 0.10841808821799712, 'hidden_continuous_size': 21, 'attention_head_size': 4, 'learning_rate': 0.015662528053045625}. Best is trial 78 with value: 28.76570701599121.
LOCAL_RANK: 0 - CUDA_VISIBLE_DEVICES: [0]
[I 2023-11-30 05:12:44,441] Trial 93 finished with value: 35.92085647583008 and parameters: {'gradient_clip_val': 0.5604259937605091, 'hidden_size': 47, 'dropout': 0.11937415066533391, 'hidden_continuous_size': 19, 'attention_head_size': 4, 'learning_rate': 0.012672910531704842}. Best is trial 78 with value: 28.76570701599121.
LOCAL_RANK: 0 - CUDA_VISIBLE_DEVICES: [0]
[I 2023-11-30 05:12:56,845] Trial 94 finished with value: 36.16562271118164 and parameters: {'gradient_clip_val': 0.49031566358222, 'hidden_size': 40, 'dropout': 0.10575580498568202, 'hidden_continuous_size': 18, 'attention_head_size': 4, 'learning_rate': 0.018747001050363043}. Best is trial 78 with value: 28.76570701599121.
LOCAL_RANK: 0 - CUDA_VISIBLE_DEVICES: [0]
[I 2023-11-30 05:13:09,994] Trial 95 finished with value: 35.58940505981445 and parameters: {'gradient_clip_val': 0.5397373780722613, 'hidden_size': 66, 'dropout': 0.12544286320686554, 'hidden_continuous_size': 22, 'attention_head_size': 4, 'learning_rate': 0.02198386960147287}. Best is trial 78 with value: 28.76570701599121.
LOCAL_RANK: 0 - CUDA_VISIBLE_DEVICES: [0]
[I 2023-11-30 05:13:22,646] Trial 96 finished with value: 32.63985061645508 and parameters: {'gradient_clip_val': 0.4383758111305078, 'hidden_size': 43, 'dropout': 0.14373568818657984, 'hidden_continuous_size': 17, 'attention_head_size': 4, 'learning_rate': 0.016445129797568833}. Best is trial 78 with value: 28.76570701599121.
LOCAL_RANK: 0 - CUDA_VISIBLE_DEVICES: [0]
[I 2023-11-30 05:13:35,167] Trial 97 finished with value: 38.583683013916016 and parameters: {'gradient_clip_val': 0.44698289201119423, 'hidden_size': 43, 'dropout': 0.10006680337422126, 'hidden_continuous_size': 17, 'attention_head_size': 4, 'learning_rate': 0.016158062833155518}. Best is trial 78 with value: 28.76570701599121.
LOCAL_RANK: 0 - CUDA_VISIBLE_DEVICES: [0]
[I 2023-11-30 05:13:48,149] Trial 98 finished with value: 34.78477478027344 and parameters: {'gradient_clip_val': 0.414948663774778, 'hidden_size': 60, 'dropout': 0.14453104810686773, 'hidden_continuous_size': 21, 'attention_head_size': 4, 'learning_rate': 0.014779703679870174}. Best is trial 78 with value: 28.76570701599121.
LOCAL_RANK: 0 - CUDA_VISIBLE_DEVICES: [0]
[I 2023-11-30 05:14:00,943] Trial 99 finished with value: 33.15470504760742 and parameters: {'gradient_clip_val': 0.3892537134315159, 'hidden_size': 55, 'dropout': 0.1348873263853171, 'hidden_continuous_size': 19, 'attention_head_size': 4, 'learning_rate': 0.01749484664996047}. Best is trial 78 with value: 28.76570701599121.
LOCAL_RANK: 0 - CUDA_VISIBLE_DEVICES: [0]
[I 2023-11-30 05:14:13,679] Trial 100 finished with value: 39.64472961425781 and parameters: {'gradient_clip_val': 0.35591873534433643, 'hidden_size': 49, 'dropout': 0.15205243431851967, 'hidden_continuous_size': 17, 'attention_head_size': 4, 'learning_rate': 0.010552136666807106}. Best is trial 78 with value: 28.76570701599121.
LOCAL_RANK: 0 - CUDA_VISIBLE_DEVICES: [0]
[I 2023-11-30 05:14:26,350] Trial 101 finished with value: 36.3654899597168 and parameters: {'gradient_clip_val': 0.5037466882137868, 'hidden_size': 36, 'dropout': 0.15648768673769708, 'hidden_continuous_size': 20, 'attention_head_size': 4, 'learning_rate': 0.01217735430062479}. Best is trial 78 with value: 28.76570701599121.
LOCAL_RANK: 0 - CUDA_VISIBLE_DEVICES: [0]
[I 2023-11-30 05:14:39,052] Trial 102 finished with value: 36.5551643371582 and parameters: {'gradient_clip_val': 0.45917091189952997, 'hidden_size': 42, 'dropout': 0.14089163033886104, 'hidden_continuous_size': 15, 'attention_head_size': 4, 'learning_rate': 0.013570205111353838}. Best is trial 78 with value: 28.76570701599121.
LOCAL_RANK: 0 - CUDA_VISIBLE_DEVICES: [0]
[I 2023-11-30 05:14:51,469] Trial 103 finished with value: 32.8814697265625 and parameters: {'gradient_clip_val': 0.4300308559204595, 'hidden_size': 45, 'dropout': 0.1251414966748015, 'hidden_continuous_size': 18, 'attention_head_size': 1, 'learning_rate': 0.011383542626276881}. Best is trial 78 with value: 28.76570701599121.
LOCAL_RANK: 0 - CUDA_VISIBLE_DEVICES: [0]
[I 2023-11-30 05:15:04,030] Trial 104 finished with value: 37.74556350708008 and parameters: {'gradient_clip_val': 0.5728116276301712, 'hidden_size': 39, 'dropout': 0.11549343116793727, 'hidden_continuous_size': 17, 'attention_head_size': 4, 'learning_rate': 0.02171216725233469}. Best is trial 78 with value: 28.76570701599121.
LOCAL_RANK: 0 - CUDA_VISIBLE_DEVICES: [0]
[I 2023-11-30 05:15:16,848] Trial 105 finished with value: 34.85074234008789 and parameters: {'gradient_clip_val': 0.48613355184122337, 'hidden_size': 47, 'dropout': 0.11054271066532734, 'hidden_continuous_size': 23, 'attention_head_size': 4, 'learning_rate': 0.007736754703125029}. Best is trial 78 with value: 28.76570701599121.
LOCAL_RANK: 0 - CUDA_VISIBLE_DEVICES: [0]
[I 2023-11-30 05:15:29,112] Trial 106 finished with value: 42.563480377197266 and parameters: {'gradient_clip_val': 0.5218599643490045, 'hidden_size': 42, 'dropout': 0.16334583341821873, 'hidden_continuous_size': 15, 'attention_head_size': 2, 'learning_rate': 0.0068602269916735615}. Best is trial 78 with value: 28.76570701599121.
LOCAL_RANK: 0 - CUDA_VISIBLE_DEVICES: [0]
[I 2023-11-30 05:15:41,906] Trial 107 finished with value: 37.50828170776367 and parameters: {'gradient_clip_val': 0.4066855341870989, 'hidden_size': 52, 'dropout': 0.17210862205007088, 'hidden_continuous_size': 16, 'attention_head_size': 4, 'learning_rate': 0.015075035275061401}. Best is trial 78 with value: 28.76570701599121.
LOCAL_RANK: 0 - CUDA_VISIBLE_DEVICES: [0]
