[I 2023-11-30 05:14:29,374] Trial 113 finished with value: 643.3042602539062 and parameters: {'gradient_clip_val': 0.41532998967995344, 'hidden_size': 40, 'dropout': 0.38693718139947786, 'hidden_continuous_size': 30, 'attention_head_size': 4, 'learning_rate': 0.01443806251393631}. Best is trial 76 with value: 544.4811401367188.
LOCAL_RANK: 0 - CUDA_VISIBLE_DEVICES: [0]
[I 2023-11-30 05:14:42,058] Trial 114 finished with value: 664.7039184570312 and parameters: {'gradient_clip_val': 0.4564699101325104, 'hidden_size': 40, 'dropout': 0.36550938890459145, 'hidden_continuous_size': 27, 'attention_head_size': 4, 'learning_rate': 0.01620869546421918}. Best is trial 76 with value: 544.4811401367188.
LOCAL_RANK: 0 - CUDA_VISIBLE_DEVICES: [0]
[I 2023-11-30 05:14:55,051] Trial 115 finished with value: 665.0678100585938 and parameters: {'gradient_clip_val': 0.3818138610775361, 'hidden_size': 36, 'dropout': 0.3746349664024557, 'hidden_continuous_size': 26, 'attention_head_size': 4, 'learning_rate': 0.008146828055614301}. Best is trial 76 with value: 544.4811401367188.
LOCAL_RANK: 0 - CUDA_VISIBLE_DEVICES: [0]
[I 2023-11-30 05:15:08,683] Trial 116 finished with value: 684.51953125 and parameters: {'gradient_clip_val': 0.5470953008522215, 'hidden_size': 59, 'dropout': 0.39407630152017337, 'hidden_continuous_size': 41, 'attention_head_size': 4, 'learning_rate': 0.010783203126766658}. Best is trial 76 with value: 544.4811401367188.
LOCAL_RANK: 0 - CUDA_VISIBLE_DEVICES: [0]
[I 2023-11-30 05:15:21,648] Trial 117 finished with value: 636.986328125 and parameters: {'gradient_clip_val': 0.4953069419349868, 'hidden_size': 45, 'dropout': 0.3784014463322238, 'hidden_continuous_size': 22, 'attention_head_size': 4, 'learning_rate': 0.007798585644911259}. Best is trial 76 with value: 544.4811401367188.
LOCAL_RANK: 0 - CUDA_VISIBLE_DEVICES: [0]
[I 2023-11-30 05:15:35,399] Trial 118 finished with value: 816.4423828125 and parameters: {'gradient_clip_val': 0.47927511467979683, 'hidden_size': 104, 'dropout': 0.34849104423048166, 'hidden_continuous_size': 31, 'attention_head_size': 4, 'learning_rate': 0.009922484363699993}. Best is trial 76 with value: 544.4811401367188.
LOCAL_RANK: 0 - CUDA_VISIBLE_DEVICES: [0]
[I 2023-11-30 05:15:48,787] Trial 119 finished with value: 807.0547485351562 and parameters: {'gradient_clip_val': 0.6935383033153911, 'hidden_size': 57, 'dropout': 0.399749132461987, 'hidden_continuous_size': 46, 'attention_head_size': 2, 'learning_rate': 0.011817743042907404}. Best is trial 76 with value: 544.4811401367188.
LOCAL_RANK: 0 - CUDA_VISIBLE_DEVICES: [0]
[I 2023-11-30 05:16:02,106] Trial 120 finished with value: 645.9426879882812 and parameters: {'gradient_clip_val': 0.44494628467814057, 'hidden_size': 48, 'dropout': 0.3582593043040848, 'hidden_continuous_size': 33, 'attention_head_size': 4, 'learning_rate': 0.019718625543546833}. Best is trial 76 with value: 544.4811401367188.
LOCAL_RANK: 0 - CUDA_VISIBLE_DEVICES: [0]
[I 2023-11-30 05:16:15,008] Trial 121 finished with value: 1220.3717041015625 and parameters: {'gradient_clip_val': 0.39915879019112593, 'hidden_size': 35, 'dropout': 0.36804031783210406, 'hidden_continuous_size': 25, 'attention_head_size': 4, 'learning_rate': 0.013550287766389241}. Best is trial 76 with value: 544.4811401367188.
LOCAL_RANK: 0 - CUDA_VISIBLE_DEVICES: [0]
[I 2023-11-30 05:16:27,870] Trial 122 finished with value: 703.98095703125 and parameters: {'gradient_clip_val': 0.42106477880190707, 'hidden_size': 34, 'dropout': 0.37157709726895355, 'hidden_continuous_size': 26, 'attention_head_size': 4, 'learning_rate': 0.011653807366601017}. Best is trial 76 with value: 544.4811401367188.
LOCAL_RANK: 0 - CUDA_VISIBLE_DEVICES: [0]
[I 2023-11-30 05:16:41,674] Trial 123 finished with value: 585.2117309570312 and parameters: {'gradient_clip_val': 0.36141365899615624, 'hidden_size': 123, 'dropout': 0.38251750974710275, 'hidden_continuous_size': 10, 'attention_head_size': 4, 'learning_rate': 0.010323423990480208}. Best is trial 76 with value: 544.4811401367188.
LOCAL_RANK: 0 - CUDA_VISIBLE_DEVICES: [0]
[I 2023-11-30 05:16:55,409] Trial 124 finished with value: 660.9094848632812 and parameters: {'gradient_clip_val': 0.34902644187515813, 'hidden_size': 125, 'dropout': 0.3832762195064529, 'hidden_continuous_size': 10, 'attention_head_size': 4, 'learning_rate': 0.010332860083618568}. Best is trial 76 with value: 544.4811401367188.
LOCAL_RANK: 0 - CUDA_VISIBLE_DEVICES: [0]
[I 2023-11-30 05:17:10,000] Trial 125 finished with value: 695.82666015625 and parameters: {'gradient_clip_val': 0.3734344610947876, 'hidden_size': 110, 'dropout': 0.3910558649557423, 'hidden_continuous_size': 71, 'attention_head_size': 4, 'learning_rate': 0.009097369951848828}. Best is trial 76 with value: 544.4811401367188.
LOCAL_RANK: 0 - CUDA_VISIBLE_DEVICES: [0]
[I 2023-11-30 05:17:23,999] Trial 126 finished with value: 837.5496215820312 and parameters: {'gradient_clip_val': 0.6607465049545841, 'hidden_size': 136, 'dropout': 0.37824513565296075, 'hidden_continuous_size': 12, 'attention_head_size': 4, 'learning_rate': 0.01794688764321497}. Best is trial 76 with value: 544.4811401367188.
LOCAL_RANK: 0 - CUDA_VISIBLE_DEVICES: [0]
[I 2023-11-30 05:17:37,983] Trial 127 finished with value: 559.2153930664062 and parameters: {'gradient_clip_val': 0.3318519570294125, 'hidden_size': 144, 'dropout': 0.3634933585281583, 'hidden_continuous_size': 11, 'attention_head_size': 4, 'learning_rate': 0.023539496132088864}. Best is trial 76 with value: 544.4811401367188.
LOCAL_RANK: 0 - CUDA_VISIBLE_DEVICES: [0]
[I 2023-11-30 05:17:52,151] Trial 128 finished with value: 671.9605102539062 and parameters: {'gradient_clip_val': 0.3238134667350839, 'hidden_size': 147, 'dropout': 0.3634016366462771, 'hidden_continuous_size': 11, 'attention_head_size': 4, 'learning_rate': 0.023858734466662024}. Best is trial 76 with value: 544.4811401367188.
LOCAL_RANK: 0 - CUDA_VISIBLE_DEVICES: [0]
[I 2023-11-30 05:18:06,119] Trial 129 finished with value: 822.1668090820312 and parameters: {'gradient_clip_val': 0.6432101054905092, 'hidden_size': 137, 'dropout': 0.34476416901105905, 'hidden_continuous_size': 10, 'attention_head_size': 3, 'learning_rate': 0.030393159442744105}. Best is trial 76 with value: 544.4811401367188.
LOCAL_RANK: 0 - CUDA_VISIBLE_DEVICES: [0]
[I 2023-11-30 05:18:19,950] Trial 130 finished with value: 797.239990234375 and parameters: {'gradient_clip_val': 0.6161624095066671, 'hidden_size': 126, 'dropout': 0.3559532089050935, 'hidden_continuous_size': 11, 'attention_head_size': 2, 'learning_rate': 0.02660529474949662}. Best is trial 76 with value: 544.4811401367188.
LOCAL_RANK: 0 - CUDA_VISIBLE_DEVICES: [0]
[I 2023-11-30 05:18:33,956] Trial 131 finished with value: 846.542724609375 and parameters: {'gradient_clip_val': 0.4676866281368893, 'hidden_size': 135, 'dropout': 0.3727830306521039, 'hidden_continuous_size': 10, 'attention_head_size': 4, 'learning_rate': 0.0941169214910228}. Best is trial 76 with value: 544.4811401367188.
LOCAL_RANK: 0 - CUDA_VISIBLE_DEVICES: [0]
[I 2023-11-30 05:18:48,204] Trial 132 finished with value: 738.3327026367188 and parameters: {'gradient_clip_val': 0.3879939229915261, 'hidden_size': 150, 'dropout': 0.38445439923593544, 'hidden_continuous_size': 12, 'attention_head_size': 4, 'learning_rate': 0.02199103328451958}. Best is trial 76 with value: 544.4811401367188.
LOCAL_RANK: 0 - CUDA_VISIBLE_DEVICES: [0]
[I 2023-11-30 05:19:02,158] Trial 133 finished with value: 796.506103515625 and parameters: {'gradient_clip_val': 0.3630188312530355, 'hidden_size': 115, 'dropout': 0.36543536707810437, 'hidden_continuous_size': 28, 'attention_head_size': 4, 'learning_rate': 0.040439252699952064}. Best is trial 76 with value: 544.4811401367188.
LOCAL_RANK: 0 - CUDA_VISIBLE_DEVICES: [0]
[I 2023-11-30 05:19:15,703] Trial 134 finished with value: 704.84619140625 and parameters: {'gradient_clip_val': 0.4406961979358434, 'hidden_size': 120, 'dropout': 0.39295167705165557, 'hidden_continuous_size': 11, 'attention_head_size': 4, 'learning_rate': 0.015255803375521135}. Best is trial 76 with value: 544.4811401367188.
LOCAL_RANK: 0 - CUDA_VISIBLE_DEVICES: [0]
[I 2023-11-30 05:19:29,717] Trial 135 finished with value: 763.392333984375 and parameters: {'gradient_clip_val': 0.7317378474558496, 'hidden_size': 93, 'dropout': 0.3805200553160083, 'hidden_continuous_size': 23, 'attention_head_size': 4, 'learning_rate': 0.024231531751350184}. Best is trial 76 with value: 544.4811401367188.
LOCAL_RANK: 0 - CUDA_VISIBLE_DEVICES: [0]
[I 2023-11-30 05:19:42,525] Trial 136 finished with value: 677.64501953125 and parameters: {'gradient_clip_val': 0.5297135568322474, 'hidden_size': 38, 'dropout': 0.3870247277741334, 'hidden_continuous_size': 21, 'attention_head_size': 4, 'learning_rate': 0.03544417473137571}. Best is trial 76 with value: 544.4811401367188.
LOCAL_RANK: 0 - CUDA_VISIBLE_DEVICES: [0]
[I 2023-11-30 05:19:55,948] Trial 137 finished with value: 694.0955200195312 and parameters: {'gradient_clip_val': 0.41551768567967623, 'hidden_size': 65, 'dropout': 0.37073900193124343, 'hidden_continuous_size': 23, 'attention_head_size': 4, 'learning_rate': 0.007178400456174527}. Best is trial 76 with value: 544.4811401367188.
LOCAL_RANK: 0 - CUDA_VISIBLE_DEVICES: [0]
[I 2023-11-30 05:20:09,853] Trial 138 finished with value: 798.4005737304688 and parameters: {'gradient_clip_val': 0.5052595043615833, 'hidden_size': 103, 'dropout': 0.3586090988291159, 'hidden_continuous_size': 31, 'attention_head_size': 4, 'learning_rate': 0.01942842206524176}. Best is trial 76 with value: 544.4811401367188.
LOCAL_RANK: 0 - CUDA_VISIBLE_DEVICES: [0]
[I 2023-11-30 05:20:24,114] Trial 139 finished with value: 846.8759765625 and parameters: {'gradient_clip_val': 0.4736661280579843, 'hidden_size': 142, 'dropout': 0.35248991929644685, 'hidden_continuous_size': 14, 'attention_head_size': 4, 'learning_rate': 0.016708627435450395}. Best is trial 76 with value: 544.4811401367188.
LOCAL_RANK: 0 - CUDA_VISIBLE_DEVICES: [0]
[I 2023-11-30 05:20:38,359] Trial 140 finished with value: 708.1853637695312 and parameters: {'gradient_clip_val': 0.3237285561038484, 'hidden_size': 131, 'dropout': 0.33471003410704314, 'hidden_continuous_size': 10, 'attention_head_size': 4, 'learning_rate': 0.06210480797402944}. Best is trial 76 with value: 544.4811401367188.
LOCAL_RANK: 0 - CUDA_VISIBLE_DEVICES: [0]
[I 2023-11-30 05:20:51,208] Trial 141 finished with value: 652.7526245117188 and parameters: {'gradient_clip_val': 0.39364356220130214, 'hidden_size': 33, 'dropout': 0.37045054133079924, 'hidden_continuous_size': 25, 'attention_head_size': 4, 'learning_rate': 0.012994423077090053}. Best is trial 76 with value: 544.4811401367188.
LOCAL_RANK: 0 - CUDA_VISIBLE_DEVICES: [0]
[I 2023-11-30 05:21:04,160] Trial 142 finished with value: 729.1183471679688 and parameters: {'gradient_clip_val': 0.4485833113232221, 'hidden_size': 42, 'dropout': 0.37683665290311597, 'hidden_continuous_size': 24, 'attention_head_size': 4, 'learning_rate': 0.011211255665300299}. Best is trial 76 with value: 544.4811401367188.
LOCAL_RANK: 0 - CUDA_VISIBLE_DEVICES: [0]
[I 2023-11-30 05:21:16,916] Trial 143 finished with value: 773.8088989257812 and parameters: {'gradient_clip_val': 0.40372664843856865, 'hidden_size': 31, 'dropout': 0.3665318006053088, 'hidden_continuous_size': 23, 'attention_head_size': 4, 'learning_rate': 0.012261698612786165}. Best is trial 76 with value: 544.4811401367188.
LOCAL_RANK: 0 - CUDA_VISIBLE_DEVICES: [0]
[I 2023-11-30 05:21:29,875] Trial 144 finished with value: 658.3234252929688 and parameters: {'gradient_clip_val': 0.33607377546533, 'hidden_size': 39, 'dropout': 0.36200316663518844, 'hidden_continuous_size': 27, 'attention_head_size': 4, 'learning_rate': 0.01008571262200033}. Best is trial 76 with value: 544.4811401367188.
LOCAL_RANK: 0 - CUDA_VISIBLE_DEVICES: [0]
[I 2023-11-30 05:21:42,693] Trial 145 finished with value: 631.3910522460938 and parameters: {'gradient_clip_val': 0.3694804732149045, 'hidden_size': 36, 'dropout': 0.386925355221476, 'hidden_continuous_size': 17, 'attention_head_size': 4, 'learning_rate': 0.013898556116578708}. Best is trial 76 with value: 544.4811401367188.
LOCAL_RANK: 0 - CUDA_VISIBLE_DEVICES: [0]
[I 2023-11-30 05:21:55,650] Trial 146 finished with value: 846.3219604492188 and parameters: {'gradient_clip_val': 0.5879876397960286, 'hidden_size': 43, 'dropout': 0.3798189607119109, 'hidden_continuous_size': 22, 'attention_head_size': 4, 'learning_rate': 0.018007782941084866}. Best is trial 76 with value: 544.4811401367188.
LOCAL_RANK: 0 - CUDA_VISIBLE_DEVICES: [0]
[I 2023-11-30 05:22:09,288] Trial 147 finished with value: 636.3231811523438 and parameters: {'gradient_clip_val': 0.4292036457731998, 'hidden_size': 72, 'dropout': 0.37284547540815904, 'hidden_continuous_size': 50, 'attention_head_size': 4, 'learning_rate': 0.00955933303625469}. Best is trial 76 with value: 544.4811401367188.
LOCAL_RANK: 0 - CUDA_VISIBLE_DEVICES: [0]
[I 2023-11-30 05:22:23,117] Trial 148 finished with value: 704.3147583007812 and parameters: {'gradient_clip_val': 0.49365909110540696, 'hidden_size': 124, 'dropout': 0.39538273495741816, 'hidden_continuous_size': 37, 'attention_head_size': 2, 'learning_rate': 0.04923787752293605}. Best is trial 76 with value: 544.4811401367188.
LOCAL_RANK: 0 - CUDA_VISIBLE_DEVICES: [0]
[I 2023-11-30 05:22:37,094] Trial 149 finished with value: 742.6150512695312 and parameters: {'gradient_clip_val': 0.6863592842532755, 'hidden_size': 111, 'dropout': 0.3520935363303313, 'hidden_continuous_size': 29, 'attention_head_size': 4, 'learning_rate': 0.08484597598173389}. Best is trial 76 with value: 544.4811401367188.
[I 2023-11-30 05:22:37,204] A new study created in memory with name: no-name-998b90cd-2dd5-4186-8f8f-f88daa28b0d5
/home/le004/conda/anaconda3/envs/tsff_env/lib/python3.9/site-packages/lightning/fabric/plugins/environments/slurm.py:191: The `srun` command is available on your system but is not used. HINT: If your intention is to run Lightning on SLURM, prepend your python command with `srun` like so: srun python /home/le004/master_thesis/git/TSFusionForecast/code/ ...
LOCAL_RANK: 0 - CUDA_VISIBLE_DEVICES: [0]
[I 2023-11-30 05:22:51,569] Trial 0 finished with value: 1397.5963134765625 and parameters: {'gradient_clip_val': 0.2500759662533473, 'hidden_size': 96, 'dropout': 0.19983889356626205, 'hidden_continuous_size': 90, 'attention_head_size': 4, 'learning_rate': 0.0010634326512117117}. Best is trial 0 with value: 1397.5963134765625.
LOCAL_RANK: 0 - CUDA_VISIBLE_DEVICES: [0]
[I 2023-11-30 05:23:03,642] Trial 1 finished with value: 1727.1802978515625 and parameters: {'gradient_clip_val': 0.19217539277674625, 'hidden_size': 15, 'dropout': 0.27360308735963434, 'hidden_continuous_size': 14, 'attention_head_size': 1, 'learning_rate': 0.025976166527764414}. Best is trial 0 with value: 1397.5963134765625.
LOCAL_RANK: 0 - CUDA_VISIBLE_DEVICES: [0]
[I 2023-11-30 05:23:13,877] Trial 2 finished with value: 3970.475341796875 and parameters: {'gradient_clip_val': 0.3811694658073566, 'hidden_size': 13, 'dropout': 0.3002793213836907, 'hidden_continuous_size': 13, 'attention_head_size': 2, 'learning_rate': 0.0022390787487651747}. Best is trial 0 with value: 1397.5963134765625.
LOCAL_RANK: 0 - CUDA_VISIBLE_DEVICES: [0]
[I 2023-11-30 05:23:24,389] Trial 3 finished with value: 1323.275390625 and parameters: {'gradient_clip_val': 0.14230573767348112, 'hidden_size': 14, 'dropout': 0.14061075334928413, 'hidden_continuous_size': 14, 'attention_head_size': 4, 'learning_rate': 0.08388554521505326}. Best is trial 3 with value: 1323.275390625.
LOCAL_RANK: 0 - CUDA_VISIBLE_DEVICES: [0]
[I 2023-11-30 05:23:38,573] Trial 4 finished with value: 1419.0064697265625 and parameters: {'gradient_clip_val': 0.12238019523811176, 'hidden_size': 88, 'dropout': 0.36299567007595324, 'hidden_continuous_size': 79, 'attention_head_size': 3, 'learning_rate': 0.0028000246737451464}. Best is trial 3 with value: 1323.275390625.
LOCAL_RANK: 0 - CUDA_VISIBLE_DEVICES: [0]
[I 2023-11-30 05:23:50,765] Trial 5 finished with value: 785.6007690429688 and parameters: {'gradient_clip_val': 0.17618383817771702, 'hidden_size': 32, 'dropout': 0.2626992040876156, 'hidden_continuous_size': 10, 'attention_head_size': 3, 'learning_rate': 0.026015524208015756}. Best is trial 5 with value: 785.6007690429688.
LOCAL_RANK: 0 - CUDA_VISIBLE_DEVICES: [0]
[I 2023-11-30 05:24:01,088] Trial 6 finished with value: 780.36279296875 and parameters: {'gradient_clip_val': 0.9991304947188069, 'hidden_size': 11, 'dropout': 0.20357433351551196, 'hidden_continuous_size': 11, 'attention_head_size': 1, 'learning_rate': 0.06629232236656375}. Best is trial 6 with value: 780.36279296875.
LOCAL_RANK: 0 - CUDA_VISIBLE_DEVICES: [0]
[I 2023-11-30 05:24:13,108] Trial 7 finished with value: 4088.4765625 and parameters: {'gradient_clip_val': 0.11830744494160358, 'hidden_size': 13, 'dropout': 0.25876307567992074, 'hidden_continuous_size': 11, 'attention_head_size': 3, 'learning_rate': 0.0012566909298993181}. Best is trial 6 with value: 780.36279296875.
LOCAL_RANK: 0 - CUDA_VISIBLE_DEVICES: [0]
[I 2023-11-30 05:24:23,235] Trial 8 finished with value: 2429.103271484375 and parameters: {'gradient_clip_val': 0.14188344813270615, 'hidden_size': 11, 'dropout': 0.25071237009545866, 'hidden_continuous_size': 11, 'attention_head_size': 2, 'learning_rate': 0.016752935887551865}. Best is trial 6 with value: 780.36279296875.
LOCAL_RANK: 0 - CUDA_VISIBLE_DEVICES: [0]
[I 2023-11-30 05:24:36,886] Trial 9 finished with value: 1160.0867919921875 and parameters: {'gradient_clip_val': 0.16297809887979586, 'hidden_size': 69, 'dropout': 0.33694868889131313, 'hidden_continuous_size': 55, 'attention_head_size': 2, 'learning_rate': 0.005354150734459993}. Best is trial 6 with value: 780.36279296875.
LOCAL_RANK: 0 - CUDA_VISIBLE_DEVICES: [0]
[I 2023-11-30 05:24:49,049] Trial 10 finished with value: 950.42333984375 and parameters: {'gradient_clip_val': 0.9781556147206645, 'hidden_size': 26, 'dropout': 0.1756600909410741, 'hidden_continuous_size': 10, 'attention_head_size': 1, 'learning_rate': 0.06703284319082674}. Best is trial 6 with value: 780.36279296875.
LOCAL_RANK: 0 - CUDA_VISIBLE_DEVICES: [0]
[I 2023-11-30 05:25:01,378] Trial 11 finished with value: 952.1187133789062 and parameters: {'gradient_clip_val': 0.9673843610400926, 'hidden_size': 32, 'dropout': 0.20920394884240992, 'hidden_continuous_size': 10, 'attention_head_size': 3, 'learning_rate': 0.03617719653411791}. Best is trial 6 with value: 780.36279296875.
LOCAL_RANK: 0 - CUDA_VISIBLE_DEVICES: [0]
[I 2023-11-30 05:25:13,968] Trial 12 finished with value: 896.8419799804688 and parameters: {'gradient_clip_val': 0.43854096363822787, 'hidden_size': 48, 'dropout': 0.111571517309068, 'hidden_continuous_size': 19, 'attention_head_size': 1, 'learning_rate': 0.013971264865514867}. Best is trial 6 with value: 780.36279296875.
LOCAL_RANK: 0 - CUDA_VISIBLE_DEVICES: [0]
[I 2023-11-30 05:25:26,334] Trial 13 finished with value: 1269.8592529296875 and parameters: {'gradient_clip_val': 0.5381903314510341, 'hidden_size': 23, 'dropout': 0.22108888646905683, 'hidden_continuous_size': 12, 'attention_head_size': 3, 'learning_rate': 0.04179505287388464}. Best is trial 6 with value: 780.36279296875.
LOCAL_RANK: 0 - CUDA_VISIBLE_DEVICES: [0]
[I 2023-11-30 05:25:39,074] Trial 14 finished with value: 910.6630859375 and parameters: {'gradient_clip_val': 0.22417673379303626, 'hidden_size': 44, 'dropout': 0.30545050542698865, 'hidden_continuous_size': 17, 'attention_head_size': 2, 'learning_rate': 0.08925647073975758}. Best is trial 6 with value: 780.36279296875.
LOCAL_RANK: 0 - CUDA_VISIBLE_DEVICES: [0]
[I 2023-11-30 05:25:53,245] Trial 15 finished with value: 1106.2073974609375 and parameters: {'gradient_clip_val': 0.26148472735676254, 'hidden_size': 134, 'dropout': 0.39932812920346095, 'hidden_continuous_size': 22, 'attention_head_size': 4, 'learning_rate': 0.02479456272736723}. Best is trial 6 with value: 780.36279296875.
LOCAL_RANK: 0 - CUDA_VISIBLE_DEVICES: [0]
[I 2023-11-30 05:26:05,391] Trial 16 finished with value: 1441.7828369140625 and parameters: {'gradient_clip_val': 0.6806037617572407, 'hidden_size': 20, 'dropout': 0.22958518453093463, 'hidden_continuous_size': 10, 'attention_head_size': 1, 'learning_rate': 0.009205165884249931}. Best is trial 6 with value: 780.36279296875.
LOCAL_RANK: 0 - CUDA_VISIBLE_DEVICES: [0]
[I 2023-11-30 05:26:15,667] Trial 17 finished with value: 1011.3693237304688 and parameters: {'gradient_clip_val': 0.3306503900783853, 'hidden_size': 10, 'dropout': 0.17007662957761677, 'hidden_continuous_size': 10, 'attention_head_size': 2, 'learning_rate': 0.05387482332252991}. Best is trial 6 with value: 780.36279296875.
LOCAL_RANK: 0 - CUDA_VISIBLE_DEVICES: [0]
[I 2023-11-30 05:26:27,595] Trial 18 finished with value: 943.437255859375 and parameters: {'gradient_clip_val': 0.10413055519321304, 'hidden_size': 20, 'dropout': 0.27377468224009016, 'hidden_continuous_size': 11, 'attention_head_size': 3, 'learning_rate': 0.04243509831408014}. Best is trial 6 with value: 780.36279296875.
LOCAL_RANK: 0 - CUDA_VISIBLE_DEVICES: [0]
[I 2023-11-30 05:26:39,988] Trial 19 finished with value: 855.58349609375 and parameters: {'gradient_clip_val': 0.2904221751780675, 'hidden_size': 27, 'dropout': 0.23289194568880367, 'hidden_continuous_size': 12, 'attention_head_size': 4, 'learning_rate': 0.09112960650408011}. Best is trial 6 with value: 780.36279296875.
LOCAL_RANK: 0 - CUDA_VISIBLE_DEVICES: [0]
[I 2023-11-30 05:26:52,466] Trial 20 finished with value: 941.2169799804688 and parameters: {'gradient_clip_val': 0.2003276934665756, 'hidden_size': 33, 'dropout': 0.19044172007740054, 'hidden_continuous_size': 15, 'attention_head_size': 1, 'learning_rate': 0.02790004980558277}. Best is trial 6 with value: 780.36279296875.
LOCAL_RANK: 0 - CUDA_VISIBLE_DEVICES: [0]
