[I 2023-11-30 04:30:05,845] Trial 23 finished with value: 593.0718383789062 and parameters: {'gradient_clip_val': 0.10509030892594426, 'hidden_size': 53, 'dropout': 0.330674401366963, 'hidden_continuous_size': 19, 'attention_head_size': 1, 'learning_rate': 0.009865600664995599}. Best is trial 7 with value: 492.7200012207031.
LOCAL_RANK: 0 - CUDA_VISIBLE_DEVICES: [0]
[I 2023-11-30 04:30:18,397] Trial 24 finished with value: 868.0407104492188 and parameters: {'gradient_clip_val': 0.25333858088146405, 'hidden_size': 35, 'dropout': 0.3695606521651099, 'hidden_continuous_size': 17, 'attention_head_size': 1, 'learning_rate': 0.008460927079387361}. Best is trial 7 with value: 492.7200012207031.
LOCAL_RANK: 0 - CUDA_VISIBLE_DEVICES: [0]
[I 2023-11-30 04:30:31,605] Trial 25 finished with value: 493.0386962890625 and parameters: {'gradient_clip_val': 0.30505724859406785, 'hidden_size': 67, 'dropout': 0.2999338903164257, 'hidden_continuous_size': 24, 'attention_head_size': 1, 'learning_rate': 0.01379643385767143}. Best is trial 7 with value: 492.7200012207031.
LOCAL_RANK: 0 - CUDA_VISIBLE_DEVICES: [0]
[I 2023-11-30 04:30:44,954] Trial 26 finished with value: 648.4833984375 and parameters: {'gradient_clip_val': 0.3237542469712943, 'hidden_size': 72, 'dropout': 0.34110168718878975, 'hidden_continuous_size': 29, 'attention_head_size': 2, 'learning_rate': 0.02390299056128224}. Best is trial 7 with value: 492.7200012207031.
LOCAL_RANK: 0 - CUDA_VISIBLE_DEVICES: [0]
[I 2023-11-30 04:30:58,300] Trial 27 finished with value: 557.6521606445312 and parameters: {'gradient_clip_val': 0.19641727546405113, 'hidden_size': 86, 'dropout': 0.27430567874080053, 'hidden_continuous_size': 22, 'attention_head_size': 1, 'learning_rate': 0.015311119474717453}. Best is trial 7 with value: 492.7200012207031.
LOCAL_RANK: 0 - CUDA_VISIBLE_DEVICES: [0]
[I 2023-11-30 04:31:12,211] Trial 28 finished with value: 600.2217407226562 and parameters: {'gradient_clip_val': 0.38096203220820024, 'hidden_size': 95, 'dropout': 0.305122565327753, 'hidden_continuous_size': 37, 'attention_head_size': 1, 'learning_rate': 0.028879827983531333}. Best is trial 7 with value: 492.7200012207031.
LOCAL_RANK: 0 - CUDA_VISIBLE_DEVICES: [0]
[I 2023-11-30 04:31:25,612] Trial 29 finished with value: 731.75048828125 and parameters: {'gradient_clip_val': 0.29231043687126895, 'hidden_size': 66, 'dropout': 0.3248215972066404, 'hidden_continuous_size': 25, 'attention_head_size': 2, 'learning_rate': 0.03150291469233167}. Best is trial 7 with value: 492.7200012207031.
LOCAL_RANK: 0 - CUDA_VISIBLE_DEVICES: [0]
[I 2023-11-30 04:31:38,607] Trial 30 finished with value: 643.8170166015625 and parameters: {'gradient_clip_val': 0.22349334338566665, 'hidden_size': 42, 'dropout': 0.37348962483528886, 'hidden_continuous_size': 23, 'attention_head_size': 4, 'learning_rate': 0.007272893444206167}. Best is trial 7 with value: 492.7200012207031.
LOCAL_RANK: 0 - CUDA_VISIBLE_DEVICES: [0]
[I 2023-11-30 04:31:51,502] Trial 31 finished with value: 593.8486938476562 and parameters: {'gradient_clip_val': 0.27159821104448145, 'hidden_size': 56, 'dropout': 0.3123783741358887, 'hidden_continuous_size': 26, 'attention_head_size': 1, 'learning_rate': 0.011898999372102082}. Best is trial 7 with value: 492.7200012207031.
LOCAL_RANK: 0 - CUDA_VISIBLE_DEVICES: [0]
[I 2023-11-30 04:32:05,229] Trial 32 finished with value: 670.2800903320312 and parameters: {'gradient_clip_val': 0.2925339552598318, 'hidden_size': 106, 'dropout': 0.3386592667307828, 'hidden_continuous_size': 19, 'attention_head_size': 1, 'learning_rate': 0.016478289887468498}. Best is trial 7 with value: 492.7200012207031.
LOCAL_RANK: 0 - CUDA_VISIBLE_DEVICES: [0]
[I 2023-11-30 04:32:18,914] Trial 33 finished with value: 600.3795776367188 and parameters: {'gradient_clip_val': 0.3346003666473256, 'hidden_size': 81, 'dropout': 0.31051369563595804, 'hidden_continuous_size': 33, 'attention_head_size': 1, 'learning_rate': 0.010475571784193777}. Best is trial 7 with value: 492.7200012207031.
LOCAL_RANK: 0 - CUDA_VISIBLE_DEVICES: [0]
[I 2023-11-30 04:32:32,195] Trial 34 finished with value: 661.1738891601562 and parameters: {'gradient_clip_val': 0.22373418020492983, 'hidden_size': 61, 'dropout': 0.36650091711903476, 'hidden_continuous_size': 27, 'attention_head_size': 2, 'learning_rate': 0.014152233720636733}. Best is trial 7 with value: 492.7200012207031.
LOCAL_RANK: 0 - CUDA_VISIBLE_DEVICES: [0]
[I 2023-11-30 04:32:44,432] Trial 35 finished with value: 604.8351440429688 and parameters: {'gradient_clip_val': 0.39327834966198194, 'hidden_size': 23, 'dropout': 0.2682379989436186, 'hidden_continuous_size': 18, 'attention_head_size': 1, 'learning_rate': 0.018161254155157854}. Best is trial 7 with value: 492.7200012207031.
LOCAL_RANK: 0 - CUDA_VISIBLE_DEVICES: [0]
[I 2023-11-30 04:32:57,310] Trial 36 finished with value: 668.8018188476562 and parameters: {'gradient_clip_val': 0.3103553824947344, 'hidden_size': 48, 'dropout': 0.290996919466952, 'hidden_continuous_size': 24, 'attention_head_size': 2, 'learning_rate': 0.03722241735662213}. Best is trial 7 with value: 492.7200012207031.
LOCAL_RANK: 0 - CUDA_VISIBLE_DEVICES: [0]
[I 2023-11-30 04:33:10,566] Trial 37 finished with value: 564.3456420898438 and parameters: {'gradient_clip_val': 0.25381842913556424, 'hidden_size': 67, 'dropout': 0.2548133435198474, 'hidden_continuous_size': 21, 'attention_head_size': 1, 'learning_rate': 0.009057659747976558}. Best is trial 7 with value: 492.7200012207031.
LOCAL_RANK: 0 - CUDA_VISIBLE_DEVICES: [0]
[I 2023-11-30 04:33:23,936] Trial 38 finished with value: 506.8023986816406 and parameters: {'gradient_clip_val': 0.27443449820992516, 'hidden_size': 58, 'dropout': 0.3463469872999164, 'hidden_continuous_size': 21, 'attention_head_size': 3, 'learning_rate': 0.012030436504327403}. Best is trial 7 with value: 492.7200012207031.
LOCAL_RANK: 0 - CUDA_VISIBLE_DEVICES: [0]
[I 2023-11-30 04:33:37,429] Trial 39 finished with value: 572.7163696289062 and parameters: {'gradient_clip_val': 0.39906733902902664, 'hidden_size': 75, 'dropout': 0.3764857331473376, 'hidden_continuous_size': 29, 'attention_head_size': 3, 'learning_rate': 0.006805340141540961}. Best is trial 7 with value: 492.7200012207031.
LOCAL_RANK: 0 - CUDA_VISIBLE_DEVICES: [0]
[I 2023-11-30 04:33:51,023] Trial 40 finished with value: 638.4148559570312 and parameters: {'gradient_clip_val': 0.29487890312888543, 'hidden_size': 98, 'dropout': 0.3430002020035335, 'hidden_continuous_size': 14, 'attention_head_size': 3, 'learning_rate': 0.011054439210491842}. Best is trial 7 with value: 492.7200012207031.
LOCAL_RANK: 0 - CUDA_VISIBLE_DEVICES: [0]
[I 2023-11-30 04:34:04,051] Trial 41 finished with value: 653.3587036132812 and parameters: {'gradient_clip_val': 0.2615034087529717, 'hidden_size': 58, 'dropout': 0.32634555608535537, 'hidden_continuous_size': 21, 'attention_head_size': 3, 'learning_rate': 0.015785924036029717}. Best is trial 7 with value: 492.7200012207031.
LOCAL_RANK: 0 - CUDA_VISIBLE_DEVICES: [0]
[I 2023-11-30 04:34:16,810] Trial 42 finished with value: 496.6477966308594 and parameters: {'gradient_clip_val': 0.21774172884039886, 'hidden_size': 35, 'dropout': 0.3805702994543767, 'hidden_continuous_size': 20, 'attention_head_size': 4, 'learning_rate': 0.024197532320135738}. Best is trial 7 with value: 492.7200012207031.
LOCAL_RANK: 0 - CUDA_VISIBLE_DEVICES: [0]
[I 2023-11-30 04:34:29,727] Trial 43 finished with value: 728.9854125976562 and parameters: {'gradient_clip_val': 0.17772771176700602, 'hidden_size': 36, 'dropout': 0.38019192477538605, 'hidden_continuous_size': 23, 'attention_head_size': 4, 'learning_rate': 0.024204417126124526}. Best is trial 7 with value: 492.7200012207031.
LOCAL_RANK: 0 - CUDA_VISIBLE_DEVICES: [0]
[I 2023-11-30 04:34:42,242] Trial 44 finished with value: 536.9931030273438 and parameters: {'gradient_clip_val': 0.22546480275604688, 'hidden_size': 26, 'dropout': 0.3589113895661009, 'hidden_continuous_size': 20, 'attention_head_size': 4, 'learning_rate': 0.020804218959520206}. Best is trial 7 with value: 492.7200012207031.
LOCAL_RANK: 0 - CUDA_VISIBLE_DEVICES: [0]
[I 2023-11-30 04:34:54,906] Trial 45 finished with value: 521.8927612304688 and parameters: {'gradient_clip_val': 0.21895777844495434, 'hidden_size': 30, 'dropout': 0.38346854861981605, 'hidden_continuous_size': 21, 'attention_head_size': 4, 'learning_rate': 0.02059391144420258}. Best is trial 7 with value: 492.7200012207031.
LOCAL_RANK: 0 - CUDA_VISIBLE_DEVICES: [0]
[I 2023-11-30 04:35:07,363] Trial 46 finished with value: 591.6636352539062 and parameters: {'gradient_clip_val': 0.21106978629838488, 'hidden_size': 32, 'dropout': 0.3846674654956759, 'hidden_continuous_size': 20, 'attention_head_size': 4, 'learning_rate': 0.028011627529491056}. Best is trial 7 with value: 492.7200012207031.
LOCAL_RANK: 0 - CUDA_VISIBLE_DEVICES: [0]
[I 2023-11-30 04:35:19,642] Trial 47 finished with value: 573.8438110351562 and parameters: {'gradient_clip_val': 0.1784188139767326, 'hidden_size': 18, 'dropout': 0.39962156960877393, 'hidden_continuous_size': 16, 'attention_head_size': 4, 'learning_rate': 0.03820157393032664}. Best is trial 7 with value: 492.7200012207031.
LOCAL_RANK: 0 - CUDA_VISIBLE_DEVICES: [0]
[I 2023-11-30 04:35:32,634] Trial 48 finished with value: 571.2595825195312 and parameters: {'gradient_clip_val': 0.23560533192215366, 'hidden_size': 38, 'dropout': 0.3829604170892903, 'hidden_continuous_size': 23, 'attention_head_size': 4, 'learning_rate': 0.017194662811650316}. Best is trial 7 with value: 492.7200012207031.
LOCAL_RANK: 0 - CUDA_VISIBLE_DEVICES: [0]
[I 2023-11-30 04:35:45,479] Trial 49 finished with value: 656.9939575195312 and parameters: {'gradient_clip_val': 0.30986687593567724, 'hidden_size': 44, 'dropout': 0.36979924397125685, 'hidden_continuous_size': 22, 'attention_head_size': 4, 'learning_rate': 0.020675465409078577}. Best is trial 7 with value: 492.7200012207031.
LOCAL_RANK: 0 - CUDA_VISIBLE_DEVICES: [0]
[I 2023-11-30 04:35:57,913] Trial 50 finished with value: 567.0043334960938 and parameters: {'gradient_clip_val': 0.35323698543626875, 'hidden_size': 32, 'dropout': 0.34683533504836733, 'hidden_continuous_size': 24, 'attention_head_size': 3, 'learning_rate': 0.013890106169767035}. Best is trial 7 with value: 492.7200012207031.
LOCAL_RANK: 0 - CUDA_VISIBLE_DEVICES: [0]
[I 2023-11-30 04:36:10,563] Trial 51 finished with value: 585.1336059570312 and parameters: {'gradient_clip_val': 0.22459980942899146, 'hidden_size': 27, 'dropout': 0.35866921126485146, 'hidden_continuous_size': 20, 'attention_head_size': 4, 'learning_rate': 0.022662332059236623}. Best is trial 7 with value: 492.7200012207031.
LOCAL_RANK: 0 - CUDA_VISIBLE_DEVICES: [0]
[I 2023-11-30 04:36:22,946] Trial 52 finished with value: 590.1948852539062 and parameters: {'gradient_clip_val': 0.21164649669109906, 'hidden_size': 26, 'dropout': 0.39034413137599344, 'hidden_continuous_size': 20, 'attention_head_size': 4, 'learning_rate': 0.018809257503212294}. Best is trial 7 with value: 492.7200012207031.
LOCAL_RANK: 0 - CUDA_VISIBLE_DEVICES: [0]
[I 2023-11-30 04:36:35,954] Trial 53 finished with value: 561.1381225585938 and parameters: {'gradient_clip_val': 0.24122351854715382, 'hidden_size': 39, 'dropout': 0.3520476801805136, 'hidden_continuous_size': 21, 'attention_head_size': 4, 'learning_rate': 0.0241146327389143}. Best is trial 7 with value: 492.7200012207031.
LOCAL_RANK: 0 - CUDA_VISIBLE_DEVICES: [0]
[I 2023-11-30 04:36:48,693] Trial 54 finished with value: 591.7933959960938 and parameters: {'gradient_clip_val': 0.28290463871720584, 'hidden_size': 33, 'dropout': 0.36839806300935063, 'hidden_continuous_size': 22, 'attention_head_size': 3, 'learning_rate': 0.011994302526852485}. Best is trial 7 with value: 492.7200012207031.
LOCAL_RANK: 0 - CUDA_VISIBLE_DEVICES: [0]
[I 2023-11-30 04:37:01,369] Trial 55 finished with value: 574.3583374023438 and parameters: {'gradient_clip_val': 0.2609167999135931, 'hidden_size': 30, 'dropout': 0.3349448407212699, 'hidden_continuous_size': 21, 'attention_head_size': 4, 'learning_rate': 0.015141593613011945}. Best is trial 7 with value: 492.7200012207031.
LOCAL_RANK: 0 - CUDA_VISIBLE_DEVICES: [0]
[I 2023-11-30 04:37:14,087] Trial 56 finished with value: 549.4523315429688 and parameters: {'gradient_clip_val': 0.15350129474220892, 'hidden_size': 36, 'dropout': 0.38178921287147927, 'hidden_continuous_size': 25, 'attention_head_size': 4, 'learning_rate': 0.020837787114160986}. Best is trial 7 with value: 492.7200012207031.
LOCAL_RANK: 0 - CUDA_VISIBLE_DEVICES: [0]
[I 2023-11-30 04:37:26,436] Trial 57 finished with value: 547.75341796875 and parameters: {'gradient_clip_val': 0.1924136480726798, 'hidden_size': 25, 'dropout': 0.39876444651705906, 'hidden_continuous_size': 20, 'attention_head_size': 3, 'learning_rate': 0.01750540526785753}. Best is trial 7 with value: 492.7200012207031.
LOCAL_RANK: 0 - CUDA_VISIBLE_DEVICES: [0]
[I 2023-11-30 04:37:39,177] Trial 58 finished with value: 555.645263671875 and parameters: {'gradient_clip_val': 0.23304056284289143, 'hidden_size': 29, 'dropout': 0.35092949076340674, 'hidden_continuous_size': 18, 'attention_head_size': 4, 'learning_rate': 0.011503177315704277}. Best is trial 7 with value: 492.7200012207031.
LOCAL_RANK: 0 - CUDA_VISIBLE_DEVICES: [0]
[I 2023-11-30 04:37:51,220] Trial 59 finished with value: 543.9872436523438 and parameters: {'gradient_clip_val': 0.27988616560824753, 'hidden_size': 20, 'dropout': 0.3341984717738728, 'hidden_continuous_size': 17, 'attention_head_size': 2, 'learning_rate': 0.026432517818145315}. Best is trial 7 with value: 492.7200012207031.
LOCAL_RANK: 0 - CUDA_VISIBLE_DEVICES: [0]
[I 2023-11-30 04:38:04,177] Trial 60 finished with value: 529.998046875 and parameters: {'gradient_clip_val': 0.2096244536215731, 'hidden_size': 43, 'dropout': 0.365317263844989, 'hidden_continuous_size': 24, 'attention_head_size': 3, 'learning_rate': 0.03347995783979082}. Best is trial 7 with value: 492.7200012207031.
LOCAL_RANK: 0 - CUDA_VISIBLE_DEVICES: [0]
[I 2023-11-30 04:38:16,989] Trial 61 finished with value: 629.7499389648438 and parameters: {'gradient_clip_val': 0.21075160289287295, 'hidden_size': 42, 'dropout': 0.3633299019787243, 'hidden_continuous_size': 23, 'attention_head_size': 3, 'learning_rate': 0.033540701112663836}. Best is trial 7 with value: 492.7200012207031.
LOCAL_RANK: 0 - CUDA_VISIBLE_DEVICES: [0]
[I 2023-11-30 04:38:29,729] Trial 62 finished with value: 578.533203125 and parameters: {'gradient_clip_val': 0.24653783051286757, 'hidden_size': 35, 'dropout': 0.3884531144256826, 'hidden_continuous_size': 24, 'attention_head_size': 3, 'learning_rate': 0.021454874837776715}. Best is trial 7 with value: 492.7200012207031.
LOCAL_RANK: 0 - CUDA_VISIBLE_DEVICES: [0]
[I 2023-11-30 04:38:42,410] Trial 63 finished with value: 531.5472412109375 and parameters: {'gradient_clip_val': 0.18061152544335693, 'hidden_size': 29, 'dropout': 0.3734417136939398, 'hidden_continuous_size': 22, 'attention_head_size': 3, 'learning_rate': 0.0452555477341163}. Best is trial 7 with value: 492.7200012207031.
LOCAL_RANK: 0 - CUDA_VISIBLE_DEVICES: [0]
[I 2023-11-30 04:38:55,424] Trial 64 finished with value: 567.8656616210938 and parameters: {'gradient_clip_val': 0.17798551137163396, 'hidden_size': 46, 'dropout': 0.3742171808606825, 'hidden_continuous_size': 26, 'attention_head_size': 3, 'learning_rate': 0.04689943128509384}. Best is trial 7 with value: 492.7200012207031.
LOCAL_RANK: 0 - CUDA_VISIBLE_DEVICES: [0]
[I 2023-11-30 04:39:08,530] Trial 65 finished with value: 569.5032348632812 and parameters: {'gradient_clip_val': 0.195176215351196, 'hidden_size': 53, 'dropout': 0.34935879965051986, 'hidden_continuous_size': 27, 'attention_head_size': 3, 'learning_rate': 0.046086530792384096}. Best is trial 7 with value: 492.7200012207031.
LOCAL_RANK: 0 - CUDA_VISIBLE_DEVICES: [0]
[I 2023-11-30 04:39:21,151] Trial 66 finished with value: 637.24755859375 and parameters: {'gradient_clip_val': 0.3134731607429756, 'hidden_size': 30, 'dropout': 0.37637323677385864, 'hidden_continuous_size': 22, 'attention_head_size': 3, 'learning_rate': 0.03020944787822035}. Best is trial 7 with value: 492.7200012207031.
LOCAL_RANK: 0 - CUDA_VISIBLE_DEVICES: [0]
[I 2023-11-30 04:39:33,833] Trial 67 finished with value: 687.99169921875 and parameters: {'gradient_clip_val': 0.25925774522785033, 'hidden_size': 41, 'dropout': 0.36142478191652777, 'hidden_continuous_size': 26, 'attention_head_size': 2, 'learning_rate': 0.06739688361901758}. Best is trial 7 with value: 492.7200012207031.
LOCAL_RANK: 0 - CUDA_VISIBLE_DEVICES: [0]
[I 2023-11-30 04:39:47,015] Trial 68 finished with value: 666.7255249023438 and parameters: {'gradient_clip_val': 0.16154818305784188, 'hidden_size': 51, 'dropout': 0.32014276158561156, 'hidden_continuous_size': 24, 'attention_head_size': 3, 'learning_rate': 0.026719600226081202}. Best is trial 7 with value: 492.7200012207031.
LOCAL_RANK: 0 - CUDA_VISIBLE_DEVICES: [0]
[I 2023-11-30 04:40:00,251] Trial 69 finished with value: 722.8062133789062 and parameters: {'gradient_clip_val': 0.27251266822589815, 'hidden_size': 61, 'dropout': 0.39073805636610676, 'hidden_continuous_size': 31, 'attention_head_size': 2, 'learning_rate': 0.013431143691871341}. Best is trial 7 with value: 492.7200012207031.
LOCAL_RANK: 0 - CUDA_VISIBLE_DEVICES: [0]
[I 2023-11-30 04:40:12,964] Trial 70 finished with value: 666.41650390625 and parameters: {'gradient_clip_val': 0.21019570119808095, 'hidden_size': 44, 'dropout': 0.33740229529123844, 'hidden_continuous_size': 19, 'attention_head_size': 3, 'learning_rate': 0.036720835204271704}. Best is trial 7 with value: 492.7200012207031.
LOCAL_RANK: 0 - CUDA_VISIBLE_DEVICES: [0]
[I 2023-11-30 04:40:25,845] Trial 71 finished with value: 545.6381225585938 and parameters: {'gradient_clip_val': 0.23642321391559964, 'hidden_size': 33, 'dropout': 0.35875894744519815, 'hidden_continuous_size': 22, 'attention_head_size': 4, 'learning_rate': 0.01922353376763977}. Best is trial 7 with value: 492.7200012207031.
LOCAL_RANK: 0 - CUDA_VISIBLE_DEVICES: [0]
[I 2023-11-30 04:40:38,342] Trial 72 finished with value: 636.1157836914062 and parameters: {'gradient_clip_val': 0.22501931003970407, 'hidden_size': 28, 'dropout': 0.36522070781716526, 'hidden_continuous_size': 20, 'attention_head_size': 4, 'learning_rate': 0.02607799571596617}. Best is trial 7 with value: 492.7200012207031.
LOCAL_RANK: 0 - CUDA_VISIBLE_DEVICES: [0]
[I 2023-11-30 04:40:50,952] Trial 73 finished with value: 618.2122802734375 and parameters: {'gradient_clip_val': 0.2507526118296957, 'hidden_size': 25, 'dropout': 0.3461541842717532, 'hidden_continuous_size': 21, 'attention_head_size': 3, 'learning_rate': 0.016656533375458676}. Best is trial 7 with value: 492.7200012207031.
LOCAL_RANK: 0 - CUDA_VISIBLE_DEVICES: [0]
[I 2023-11-30 04:41:03,865] Trial 74 finished with value: 622.974853515625 and parameters: {'gradient_clip_val': 0.2970044334015754, 'hidden_size': 39, 'dropout': 0.35493445980005534, 'hidden_continuous_size': 19, 'attention_head_size': 4, 'learning_rate': 0.03168437001727657}. Best is trial 7 with value: 492.7200012207031.
LOCAL_RANK: 0 - CUDA_VISIBLE_DEVICES: [0]
[I 2023-11-30 04:41:16,395] Trial 75 finished with value: 512.5480346679688 and parameters: {'gradient_clip_val': 0.20597927434597063, 'hidden_size': 30, 'dropout': 0.3768542649218328, 'hidden_continuous_size': 22, 'attention_head_size': 2, 'learning_rate': 0.02223936843892139}. Best is trial 7 with value: 492.7200012207031.
LOCAL_RANK: 0 - CUDA_VISIBLE_DEVICES: [0]
[I 2023-11-30 04:41:29,049] Trial 76 finished with value: 615.5538330078125 and parameters: {'gradient_clip_val': 0.18867584718142427, 'hidden_size': 34, 'dropout': 0.37803000047952456, 'hidden_continuous_size': 23, 'attention_head_size': 2, 'learning_rate': 0.01488796881821099}. Best is trial 7 with value: 492.7200012207031.
LOCAL_RANK: 0 - CUDA_VISIBLE_DEVICES: [0]
[I 2023-11-30 04:41:41,582] Trial 77 finished with value: 595.74365234375 and parameters: {'gradient_clip_val': 0.20638334422672605, 'hidden_size': 31, 'dropout': 0.36881130269356094, 'hidden_continuous_size': 23, 'attention_head_size': 2, 'learning_rate': 0.022712463780607203}. Best is trial 7 with value: 492.7200012207031.
LOCAL_RANK: 0 - CUDA_VISIBLE_DEVICES: [0]
[I 2023-11-30 04:41:54,636] Trial 78 finished with value: 587.7051391601562 and parameters: {'gradient_clip_val': 0.2732009701011906, 'hidden_size': 38, 'dropout': 0.38394203014762074, 'hidden_continuous_size': 25, 'attention_head_size': 2, 'learning_rate': 0.012714356751322863}. Best is trial 7 with value: 492.7200012207031.
LOCAL_RANK: 0 - CUDA_VISIBLE_DEVICES: [0]
[I 2023-11-30 04:42:07,355] Trial 79 finished with value: 717.3842163085938 and parameters: {'gradient_clip_val': 0.2175645040189473, 'hidden_size': 48, 'dropout': 0.39376035143430504, 'hidden_continuous_size': 28, 'attention_head_size': 2, 'learning_rate': 0.010233493253711033}. Best is trial 7 with value: 492.7200012207031.
LOCAL_RANK: 0 - CUDA_VISIBLE_DEVICES: [0]
[I 2023-11-30 04:42:20,490] Trial 80 finished with value: 596.8334350585938 and parameters: {'gradient_clip_val': 0.19982813479043865, 'hidden_size': 56, 'dropout': 0.37590203418406404, 'hidden_continuous_size': 28, 'attention_head_size': 3, 'learning_rate': 0.018260085071978367}. Best is trial 7 with value: 492.7200012207031.
LOCAL_RANK: 0 - CUDA_VISIBLE_DEVICES: [0]
[I 2023-11-30 04:42:32,813] Trial 81 finished with value: 543.72265625 and parameters: {'gradient_clip_val': 0.22628693483558207, 'hidden_size': 28, 'dropout': 0.36357734047552637, 'hidden_continuous_size': 22, 'attention_head_size': 4, 'learning_rate': 0.02488866068386127}. Best is trial 7 with value: 492.7200012207031.
LOCAL_RANK: 0 - CUDA_VISIBLE_DEVICES: [0]
