[I 2023-11-30 02:05:41,737] Trial 131 finished with value: 381.3807067871094 and parameters: {'gradient_clip_val': 0.1074422442215337, 'hidden_size': 64, 'dropout': 0.36136858565522645, 'hidden_continuous_size': 25, 'attention_head_size': 3, 'learning_rate': 0.0038316591921652545}. Best is trial 17 with value: 212.3778839111328.
LOCAL_RANK: 0 - CUDA_VISIBLE_DEVICES: [0]
[I 2023-11-30 02:05:54,758] Trial 132 finished with value: 295.0550842285156 and parameters: {'gradient_clip_val': 0.10002431935168922, 'hidden_size': 56, 'dropout': 0.31470977213569873, 'hidden_continuous_size': 23, 'attention_head_size': 2, 'learning_rate': 0.004835554120502446}. Best is trial 17 with value: 212.3778839111328.
LOCAL_RANK: 0 - CUDA_VISIBLE_DEVICES: [0]
[I 2023-11-30 02:06:07,917] Trial 133 finished with value: 254.7555389404297 and parameters: {'gradient_clip_val': 0.10799505975464822, 'hidden_size': 72, 'dropout': 0.33353410570008674, 'hidden_continuous_size': 24, 'attention_head_size': 1, 'learning_rate': 0.0043373974096215595}. Best is trial 17 with value: 212.3778839111328.
LOCAL_RANK: 0 - CUDA_VISIBLE_DEVICES: [0]
[I 2023-11-30 02:06:20,877] Trial 134 finished with value: 276.0375671386719 and parameters: {'gradient_clip_val': 0.11482236002079166, 'hidden_size': 52, 'dropout': 0.3838806203616389, 'hidden_continuous_size': 25, 'attention_head_size': 2, 'learning_rate': 0.002601481912520946}. Best is trial 17 with value: 212.3778839111328.
LOCAL_RANK: 0 - CUDA_VISIBLE_DEVICES: [0]
[I 2023-11-30 02:06:34,194] Trial 135 finished with value: 326.8775939941406 and parameters: {'gradient_clip_val': 0.1038593723845309, 'hidden_size': 61, 'dropout': 0.3001362788892233, 'hidden_continuous_size': 18, 'attention_head_size': 3, 'learning_rate': 0.006500391019025006}. Best is trial 17 with value: 212.3778839111328.
LOCAL_RANK: 0 - CUDA_VISIBLE_DEVICES: [0]
[I 2023-11-30 02:06:46,902] Trial 136 finished with value: 386.1749572753906 and parameters: {'gradient_clip_val': 0.12318140736438213, 'hidden_size': 48, 'dropout': 0.37449657314202806, 'hidden_continuous_size': 22, 'attention_head_size': 1, 'learning_rate': 0.0035730194320566324}. Best is trial 17 with value: 212.3778839111328.
LOCAL_RANK: 0 - CUDA_VISIBLE_DEVICES: [0]
[I 2023-11-30 02:07:00,290] Trial 137 finished with value: 267.3927307128906 and parameters: {'gradient_clip_val': 0.11035127626095581, 'hidden_size': 69, 'dropout': 0.3673167282707313, 'hidden_continuous_size': 30, 'attention_head_size': 2, 'learning_rate': 0.005511710133885777}. Best is trial 17 with value: 212.3778839111328.
LOCAL_RANK: 0 - CUDA_VISIBLE_DEVICES: [0]
[I 2023-11-30 02:07:13,388] Trial 138 finished with value: 354.8256530761719 and parameters: {'gradient_clip_val': 0.10457919269063666, 'hidden_size': 59, 'dropout': 0.2895253249078935, 'hidden_continuous_size': 20, 'attention_head_size': 2, 'learning_rate': 0.008056366809189253}. Best is trial 17 with value: 212.3778839111328.
LOCAL_RANK: 0 - CUDA_VISIBLE_DEVICES: [0]
[I 2023-11-30 02:07:26,387] Trial 139 finished with value: 320.7201232910156 and parameters: {'gradient_clip_val': 0.16339119588009296, 'hidden_size': 54, 'dropout': 0.3509912482177672, 'hidden_continuous_size': 18, 'attention_head_size': 3, 'learning_rate': 0.007014340051003289}. Best is trial 17 with value: 212.3778839111328.
LOCAL_RANK: 0 - CUDA_VISIBLE_DEVICES: [0]
[I 2023-11-30 02:07:39,409] Trial 140 finished with value: 324.0411682128906 and parameters: {'gradient_clip_val': 0.22673300363265333, 'hidden_size': 41, 'dropout': 0.308811733919292, 'hidden_continuous_size': 21, 'attention_head_size': 2, 'learning_rate': 0.009046474125205739}. Best is trial 17 with value: 212.3778839111328.
LOCAL_RANK: 0 - CUDA_VISIBLE_DEVICES: [0]
[I 2023-11-30 02:07:52,728] Trial 141 finished with value: 246.9686737060547 and parameters: {'gradient_clip_val': 0.1937158614449951, 'hidden_size': 57, 'dropout': 0.35761768329809157, 'hidden_continuous_size': 28, 'attention_head_size': 3, 'learning_rate': 0.003780164955887274}. Best is trial 17 with value: 212.3778839111328.
LOCAL_RANK: 0 - CUDA_VISIBLE_DEVICES: [0]
[I 2023-11-30 02:08:05,962] Trial 142 finished with value: 307.7486877441406 and parameters: {'gradient_clip_val': 0.20163938032627735, 'hidden_size': 64, 'dropout': 0.35973745189332595, 'hidden_continuous_size': 26, 'attention_head_size': 3, 'learning_rate': 0.004018554266741305}. Best is trial 17 with value: 212.3778839111328.
LOCAL_RANK: 0 - CUDA_VISIBLE_DEVICES: [0]
[I 2023-11-30 02:08:19,440] Trial 143 finished with value: 273.8943786621094 and parameters: {'gradient_clip_val': 0.173793604072237, 'hidden_size': 77, 'dropout': 0.339311843633908, 'hidden_continuous_size': 28, 'attention_head_size': 3, 'learning_rate': 0.002938020911936173}. Best is trial 17 with value: 212.3778839111328.
LOCAL_RANK: 0 - CUDA_VISIBLE_DEVICES: [0]
[I 2023-11-30 02:08:32,388] Trial 144 finished with value: 230.4227752685547 and parameters: {'gradient_clip_val': 0.1178654643308627, 'hidden_size': 51, 'dropout': 0.347356402630945, 'hidden_continuous_size': 23, 'attention_head_size': 3, 'learning_rate': 0.004993237863942324}. Best is trial 17 with value: 212.3778839111328.
LOCAL_RANK: 0 - CUDA_VISIBLE_DEVICES: [0]
[I 2023-11-30 02:08:45,370] Trial 145 finished with value: 328.5618591308594 and parameters: {'gradient_clip_val': 0.15778033494182767, 'hidden_size': 44, 'dropout': 0.34483634486603826, 'hidden_continuous_size': 22, 'attention_head_size': 3, 'learning_rate': 0.005145846668226837}. Best is trial 17 with value: 212.3778839111328.
LOCAL_RANK: 0 - CUDA_VISIBLE_DEVICES: [0]
[I 2023-11-30 02:08:58,337] Trial 146 finished with value: 282.3340759277344 and parameters: {'gradient_clip_val': 0.13402869388678693, 'hidden_size': 50, 'dropout': 0.3196959049158941, 'hidden_continuous_size': 23, 'attention_head_size': 3, 'learning_rate': 0.005844840302219303}. Best is trial 17 with value: 212.3778839111328.
LOCAL_RANK: 0 - CUDA_VISIBLE_DEVICES: [0]
[I 2023-11-30 02:09:11,046] Trial 147 finished with value: 357.6573791503906 and parameters: {'gradient_clip_val': 0.1186661591186081, 'hidden_size': 46, 'dropout': 0.3295648327337687, 'hidden_continuous_size': 10, 'attention_head_size': 2, 'learning_rate': 0.004578650555856402}. Best is trial 17 with value: 212.3778839111328.
LOCAL_RANK: 0 - CUDA_VISIBLE_DEVICES: [0]
[I 2023-11-30 02:09:23,834] Trial 148 finished with value: 241.1041717529297 and parameters: {'gradient_clip_val': 0.18958780814140722, 'hidden_size': 56, 'dropout': 0.3531424351060226, 'hidden_continuous_size': 21, 'attention_head_size': 1, 'learning_rate': 0.005111787092131835}. Best is trial 17 with value: 212.3778839111328.
LOCAL_RANK: 0 - CUDA_VISIBLE_DEVICES: [0]
[I 2023-11-30 02:09:36,801] Trial 149 finished with value: 295.5447692871094 and parameters: {'gradient_clip_val': 0.21102423442853036, 'hidden_size': 56, 'dropout': 0.35405803897882565, 'hidden_continuous_size': 30, 'attention_head_size': 1, 'learning_rate': 0.004859519765099103}. Best is trial 17 with value: 212.3778839111328.
[I 2023-11-30 02:09:36,916] A new study created in memory with name: no-name-7f2f00ac-6fa1-4092-ae9e-eb0254ef91cc
/home/le004/conda/anaconda3/envs/tsff_env/lib/python3.9/site-packages/lightning/fabric/plugins/environments/slurm.py:191: The `srun` command is available on your system but is not used. HINT: If your intention is to run Lightning on SLURM, prepend your python command with `srun` like so: srun python /home/le004/master_thesis/git/TSFusionForecast/code/ ...
LOCAL_RANK: 0 - CUDA_VISIBLE_DEVICES: [0]
[I 2023-11-30 02:09:49,656] Trial 0 finished with value: 96.447265625 and parameters: {'gradient_clip_val': 0.2250080300408076, 'hidden_size': 36, 'dropout': 0.35588516983077667, 'hidden_continuous_size': 11, 'attention_head_size': 4, 'learning_rate': 0.005721137306246204}. Best is trial 0 with value: 96.447265625.
LOCAL_RANK: 0 - CUDA_VISIBLE_DEVICES: [0]
[I 2023-11-30 02:10:02,358] Trial 1 finished with value: 115.29547882080078 and parameters: {'gradient_clip_val': 0.1719821303713187, 'hidden_size': 48, 'dropout': 0.2461807476921424, 'hidden_continuous_size': 22, 'attention_head_size': 2, 'learning_rate': 0.009342713441255717}. Best is trial 0 with value: 96.447265625.
LOCAL_RANK: 0 - CUDA_VISIBLE_DEVICES: [0]
[I 2023-11-30 02:10:14,633] Trial 2 finished with value: 134.06590270996094 and parameters: {'gradient_clip_val': 0.10084487021938837, 'hidden_size': 27, 'dropout': 0.10059127795154027, 'hidden_continuous_size': 21, 'attention_head_size': 1, 'learning_rate': 0.03424291374907857}. Best is trial 0 with value: 96.447265625.
LOCAL_RANK: 0 - CUDA_VISIBLE_DEVICES: [0]
[I 2023-11-30 02:10:24,816] Trial 3 finished with value: 185.3644561767578 and parameters: {'gradient_clip_val': 0.9734828069706419, 'hidden_size': 11, 'dropout': 0.3971724501710372, 'hidden_continuous_size': 11, 'attention_head_size': 4, 'learning_rate': 0.004750076727124613}. Best is trial 0 with value: 96.447265625.
LOCAL_RANK: 0 - CUDA_VISIBLE_DEVICES: [0]
[I 2023-11-30 02:10:36,925] Trial 4 finished with value: 126.32633209228516 and parameters: {'gradient_clip_val': 0.8873796010211181, 'hidden_size': 12, 'dropout': 0.20014660288631064, 'hidden_continuous_size': 10, 'attention_head_size': 3, 'learning_rate': 0.0830918189724426}. Best is trial 0 with value: 96.447265625.
LOCAL_RANK: 0 - CUDA_VISIBLE_DEVICES: [0]
[I 2023-11-30 02:10:50,803] Trial 5 finished with value: 160.75038146972656 and parameters: {'gradient_clip_val': 0.501902220958434, 'hidden_size': 124, 'dropout': 0.30724655102221277, 'hidden_continuous_size': 25, 'attention_head_size': 1, 'learning_rate': 0.08327429390241495}. Best is trial 0 with value: 96.447265625.
LOCAL_RANK: 0 - CUDA_VISIBLE_DEVICES: [0]
[I 2023-11-30 02:11:03,518] Trial 6 finished with value: 169.50967407226562 and parameters: {'gradient_clip_val': 0.2326259675321541, 'hidden_size': 33, 'dropout': 0.1846670938703559, 'hidden_continuous_size': 27, 'attention_head_size': 3, 'learning_rate': 0.061512635007000716}. Best is trial 0 with value: 96.447265625.
LOCAL_RANK: 0 - CUDA_VISIBLE_DEVICES: [0]
[I 2023-11-30 02:11:13,747] Trial 7 finished with value: 146.79962158203125 and parameters: {'gradient_clip_val': 0.2219472684162168, 'hidden_size': 19, 'dropout': 0.17286480045998992, 'hidden_continuous_size': 19, 'attention_head_size': 1, 'learning_rate': 0.09832862326602892}. Best is trial 0 with value: 96.447265625.
LOCAL_RANK: 0 - CUDA_VISIBLE_DEVICES: [0]
[I 2023-11-30 02:11:27,718] Trial 8 finished with value: 82.09137725830078 and parameters: {'gradient_clip_val': 0.28284309600787466, 'hidden_size': 118, 'dropout': 0.27758307039334496, 'hidden_continuous_size': 32, 'attention_head_size': 3, 'learning_rate': 0.0014420303791375978}. Best is trial 8 with value: 82.09137725830078.
LOCAL_RANK: 0 - CUDA_VISIBLE_DEVICES: [0]
[I 2023-11-30 02:11:39,958] Trial 9 finished with value: 147.2761993408203 and parameters: {'gradient_clip_val': 0.1291264206321609, 'hidden_size': 27, 'dropout': 0.1146560711894031, 'hidden_continuous_size': 22, 'attention_head_size': 2, 'learning_rate': 0.024050490409577945}. Best is trial 8 with value: 82.09137725830078.
LOCAL_RANK: 0 - CUDA_VISIBLE_DEVICES: [0]
[I 2023-11-30 02:11:54,674] Trial 10 finished with value: 86.4078369140625 and parameters: {'gradient_clip_val': 0.40886753165757767, 'hidden_size': 145, 'dropout': 0.2884915811117821, 'hidden_continuous_size': 65, 'attention_head_size': 3, 'learning_rate': 0.001071629607925811}. Best is trial 8 with value: 82.09137725830078.
LOCAL_RANK: 0 - CUDA_VISIBLE_DEVICES: [0]
[I 2023-11-30 02:12:08,952] Trial 11 finished with value: 92.52564239501953 and parameters: {'gradient_clip_val': 0.3726347358336108, 'hidden_size': 134, 'dropout': 0.2803975188798715, 'hidden_continuous_size': 64, 'attention_head_size': 3, 'learning_rate': 0.001152646453644204}. Best is trial 8 with value: 82.09137725830078.
LOCAL_RANK: 0 - CUDA_VISIBLE_DEVICES: [0]
[I 2023-11-30 02:12:22,878] Trial 12 finished with value: 121.00617218017578 and parameters: {'gradient_clip_val': 0.3770659899503229, 'hidden_size': 86, 'dropout': 0.3115890399341146, 'hidden_continuous_size': 56, 'attention_head_size': 3, 'learning_rate': 0.0010082389299020222}. Best is trial 8 with value: 82.09137725830078.
LOCAL_RANK: 0 - CUDA_VISIBLE_DEVICES: [0]
[I 2023-11-30 02:12:36,789] Trial 13 finished with value: 84.534423828125 and parameters: {'gradient_clip_val': 0.5314321747375018, 'hidden_size': 78, 'dropout': 0.24928200359450656, 'hidden_continuous_size': 50, 'attention_head_size': 4, 'learning_rate': 0.0019696936121884343}. Best is trial 8 with value: 82.09137725830078.
LOCAL_RANK: 0 - CUDA_VISIBLE_DEVICES: [0]
[I 2023-11-30 02:12:50,613] Trial 14 finished with value: 102.4654769897461 and parameters: {'gradient_clip_val': 0.5763280707486446, 'hidden_size': 80, 'dropout': 0.24197397700828527, 'hidden_continuous_size': 43, 'attention_head_size': 4, 'learning_rate': 0.0023057420676675325}. Best is trial 8 with value: 82.09137725830078.
LOCAL_RANK: 0 - CUDA_VISIBLE_DEVICES: [0]
[I 2023-11-30 02:13:04,310] Trial 15 finished with value: 103.67862701416016 and parameters: {'gradient_clip_val': 0.2880813088849816, 'hidden_size': 63, 'dropout': 0.23398574247215653, 'hidden_continuous_size': 39, 'attention_head_size': 4, 'learning_rate': 0.002535597172824389}. Best is trial 8 with value: 82.09137725830078.
LOCAL_RANK: 0 - CUDA_VISIBLE_DEVICES: [0]
[I 2023-11-30 02:13:18,132] Trial 16 finished with value: 88.23726654052734 and parameters: {'gradient_clip_val': 0.5935090891412685, 'hidden_size': 94, 'dropout': 0.3297039418585549, 'hidden_continuous_size': 38, 'attention_head_size': 2, 'learning_rate': 0.0022141529932921513}. Best is trial 8 with value: 82.09137725830078.
LOCAL_RANK: 0 - CUDA_VISIBLE_DEVICES: [0]
[I 2023-11-30 02:13:31,392] Trial 17 finished with value: 73.67139434814453 and parameters: {'gradient_clip_val': 0.2907117668049416, 'hidden_size': 56, 'dropout': 0.2716102742471959, 'hidden_continuous_size': 32, 'attention_head_size': 4, 'learning_rate': 0.0016980696607199841}. Best is trial 17 with value: 73.67139434814453.
LOCAL_RANK: 0 - CUDA_VISIBLE_DEVICES: [0]
[I 2023-11-30 02:13:44,786] Trial 18 finished with value: 70.84967803955078 and parameters: {'gradient_clip_val': 0.29536345975274403, 'hidden_size': 57, 'dropout': 0.27617679973814513, 'hidden_continuous_size': 29, 'attention_head_size': 4, 'learning_rate': 0.00388550427702436}. Best is trial 18 with value: 70.84967803955078.
LOCAL_RANK: 0 - CUDA_VISIBLE_DEVICES: [0]
[I 2023-11-30 02:13:58,089] Trial 19 finished with value: 132.11302185058594 and parameters: {'gradient_clip_val': 0.17682677819999149, 'hidden_size': 50, 'dropout': 0.3443393989548384, 'hidden_continuous_size': 31, 'attention_head_size': 4, 'learning_rate': 0.005288068581706276}. Best is trial 18 with value: 70.84967803955078.
LOCAL_RANK: 0 - CUDA_VISIBLE_DEVICES: [0]
[I 2023-11-30 02:14:11,337] Trial 20 finished with value: 80.1257553100586 and parameters: {'gradient_clip_val': 0.29943756202929506, 'hidden_size': 57, 'dropout': 0.2159261912042308, 'hidden_continuous_size': 17, 'attention_head_size': 4, 'learning_rate': 0.0034736901233296848}. Best is trial 18 with value: 70.84967803955078.
LOCAL_RANK: 0 - CUDA_VISIBLE_DEVICES: [0]
[I 2023-11-30 02:14:24,357] Trial 21 finished with value: 77.77208709716797 and parameters: {'gradient_clip_val': 0.3116507813486586, 'hidden_size': 57, 'dropout': 0.2214550621067192, 'hidden_continuous_size': 19, 'attention_head_size': 4, 'learning_rate': 0.003533407383200982}. Best is trial 18 with value: 70.84967803955078.
LOCAL_RANK: 0 - CUDA_VISIBLE_DEVICES: [0]
[I 2023-11-30 02:14:37,281] Trial 22 finished with value: 86.10974884033203 and parameters: {'gradient_clip_val': 0.34653664385168, 'hidden_size': 42, 'dropout': 0.2655836164201377, 'hidden_continuous_size': 28, 'attention_head_size': 4, 'learning_rate': 0.0035244652142516738}. Best is trial 18 with value: 70.84967803955078.
LOCAL_RANK: 0 - CUDA_VISIBLE_DEVICES: [0]
[I 2023-11-30 02:14:50,472] Trial 23 finished with value: 111.8291244506836 and parameters: {'gradient_clip_val': 0.2700452882589603, 'hidden_size': 63, 'dropout': 0.2672845314264148, 'hidden_continuous_size': 16, 'attention_head_size': 4, 'learning_rate': 0.008186306372483153}. Best is trial 18 with value: 70.84967803955078.
LOCAL_RANK: 0 - CUDA_VISIBLE_DEVICES: [0]
[I 2023-11-30 02:15:04,122] Trial 24 finished with value: 83.94527435302734 and parameters: {'gradient_clip_val': 0.42681023634330273, 'hidden_size': 66, 'dropout': 0.22359853583416048, 'hidden_continuous_size': 34, 'attention_head_size': 4, 'learning_rate': 0.0037434860392275443}. Best is trial 18 with value: 70.84967803955078.
LOCAL_RANK: 0 - CUDA_VISIBLE_DEVICES: [0]
[I 2023-11-30 02:15:17,276] Trial 25 finished with value: 131.69088745117188 and parameters: {'gradient_clip_val': 0.30965679525600254, 'hidden_size': 52, 'dropout': 0.2994680045082176, 'hidden_continuous_size': 25, 'attention_head_size': 3, 'learning_rate': 0.001841731380795538}. Best is trial 18 with value: 70.84967803955078.
LOCAL_RANK: 0 - CUDA_VISIBLE_DEVICES: [0]
[I 2023-11-30 02:15:30,289] Trial 26 finished with value: 97.49504852294922 and parameters: {'gradient_clip_val': 0.3383176519827826, 'hidden_size': 43, 'dropout': 0.25762994215439605, 'hidden_continuous_size': 28, 'attention_head_size': 4, 'learning_rate': 0.0015616130921432543}. Best is trial 18 with value: 70.84967803955078.
LOCAL_RANK: 0 - CUDA_VISIBLE_DEVICES: [0]
[I 2023-11-30 02:15:44,672] Trial 27 finished with value: 134.0294952392578 and parameters: {'gradient_clip_val': 0.25431905347027384, 'hidden_size': 101, 'dropout': 0.21145975971175876, 'hidden_continuous_size': 97, 'attention_head_size': 3, 'learning_rate': 0.0029477467341471734}. Best is trial 18 with value: 70.84967803955078.
LOCAL_RANK: 0 - CUDA_VISIBLE_DEVICES: [0]
[I 2023-11-30 02:15:57,836] Trial 28 finished with value: 121.6618881225586 and parameters: {'gradient_clip_val': 0.20029293494558392, 'hidden_size': 72, 'dropout': 0.26423717353594606, 'hidden_continuous_size': 14, 'attention_head_size': 4, 'learning_rate': 0.0065831131681483145}. Best is trial 18 with value: 70.84967803955078.
LOCAL_RANK: 0 - CUDA_VISIBLE_DEVICES: [0]
[I 2023-11-30 02:16:10,564] Trial 29 finished with value: 79.26229858398438 and parameters: {'gradient_clip_val': 0.24989053139684145, 'hidden_size': 36, 'dropout': 0.3217353614884708, 'hidden_continuous_size': 20, 'attention_head_size': 4, 'learning_rate': 0.004505787790295539}. Best is trial 18 with value: 70.84967803955078.
LOCAL_RANK: 0 - CUDA_VISIBLE_DEVICES: [0]
[I 2023-11-30 02:16:23,890] Trial 30 finished with value: 120.19660186767578 and parameters: {'gradient_clip_val': 0.32756716130349206, 'hidden_size': 59, 'dropout': 0.34986390538128775, 'hidden_continuous_size': 23, 'attention_head_size': 2, 'learning_rate': 0.006413292114288962}. Best is trial 18 with value: 70.84967803955078.
LOCAL_RANK: 0 - CUDA_VISIBLE_DEVICES: [0]
[I 2023-11-30 02:16:36,726] Trial 31 finished with value: 145.7566375732422 and parameters: {'gradient_clip_val': 0.24602778539099976, 'hidden_size': 38, 'dropout': 0.3144781859518492, 'hidden_continuous_size': 21, 'attention_head_size': 4, 'learning_rate': 0.004669445652062463}. Best is trial 18 with value: 70.84967803955078.
LOCAL_RANK: 0 - CUDA_VISIBLE_DEVICES: [0]
[I 2023-11-30 02:16:49,832] Trial 32 finished with value: 110.34761810302734 and parameters: {'gradient_clip_val': 0.2167596272999057, 'hidden_size': 50, 'dropout': 0.29103847303708, 'hidden_continuous_size': 18, 'attention_head_size': 4, 'learning_rate': 0.0026392977554306448}. Best is trial 18 with value: 70.84967803955078.
LOCAL_RANK: 0 - CUDA_VISIBLE_DEVICES: [0]
[I 2023-11-30 02:17:02,690] Trial 33 finished with value: 113.2997817993164 and parameters: {'gradient_clip_val': 0.26043951412639854, 'hidden_size': 43, 'dropout': 0.3256922129932763, 'hidden_continuous_size': 20, 'attention_head_size': 4, 'learning_rate': 0.011817996818798073}. Best is trial 18 with value: 70.84967803955078.
LOCAL_RANK: 0 - CUDA_VISIBLE_DEVICES: [0]
[I 2023-11-30 02:17:16,094] Trial 34 finished with value: 102.87395477294922 and parameters: {'gradient_clip_val': 0.19725422959843725, 'hidden_size': 70, 'dropout': 0.3785235066762022, 'hidden_continuous_size': 15, 'attention_head_size': 4, 'learning_rate': 0.0038538715767775294}. Best is trial 18 with value: 70.84967803955078.
LOCAL_RANK: 0 - CUDA_VISIBLE_DEVICES: [0]
[I 2023-11-30 02:17:29,014] Trial 35 finished with value: 121.12337493896484 and parameters: {'gradient_clip_val': 0.290007880254161, 'hidden_size': 34, 'dropout': 0.29507137630932734, 'hidden_continuous_size': 19, 'attention_head_size': 4, 'learning_rate': 0.0027576892347591503}. Best is trial 18 with value: 70.84967803955078.
LOCAL_RANK: 0 - CUDA_VISIBLE_DEVICES: [0]
[I 2023-11-30 02:17:42,091] Trial 36 finished with value: 134.75233459472656 and parameters: {'gradient_clip_val': 0.15492895904126158, 'hidden_size': 54, 'dropout': 0.24150986658848028, 'hidden_continuous_size': 23, 'attention_head_size': 3, 'learning_rate': 0.004502692064521258}. Best is trial 18 with value: 70.84967803955078.
LOCAL_RANK: 0 - CUDA_VISIBLE_DEVICES: [0]
[I 2023-11-30 02:17:55,205] Trial 37 finished with value: 77.74736785888672 and parameters: {'gradient_clip_val': 0.2556353391913681, 'hidden_size': 47, 'dropout': 0.2785170255747925, 'hidden_continuous_size': 25, 'attention_head_size': 4, 'learning_rate': 0.0059722087445024845}. Best is trial 18 with value: 70.84967803955078.
LOCAL_RANK: 0 - CUDA_VISIBLE_DEVICES: [0]
[I 2023-11-30 02:18:08,485] Trial 38 finished with value: 80.9429702758789 and parameters: {'gradient_clip_val': 0.22411695351187397, 'hidden_size': 59, 'dropout': 0.2532167272872727, 'hidden_continuous_size': 26, 'attention_head_size': 3, 'learning_rate': 0.010312529732530856}. Best is trial 18 with value: 70.84967803955078.
LOCAL_RANK: 0 - CUDA_VISIBLE_DEVICES: [0]
