[I 2023-11-30 03:36:32,370] Trial 90 finished with value: 73.22557830810547 and parameters: {'gradient_clip_val': 0.43697873014925137, 'hidden_size': 56, 'dropout': 0.2978946332805523, 'hidden_continuous_size': 48, 'attention_head_size': 2, 'learning_rate': 0.015074727971200704}. Best is trial 77 with value: 59.052886962890625.
LOCAL_RANK: 0 - CUDA_VISIBLE_DEVICES: [0]
[I 2023-11-30 03:36:46,243] Trial 91 finished with value: 61.47251510620117 and parameters: {'gradient_clip_val': 0.48226338485124687, 'hidden_size': 105, 'dropout': 0.2835463556300368, 'hidden_continuous_size': 40, 'attention_head_size': 1, 'learning_rate': 0.0182239102097056}. Best is trial 77 with value: 59.052886962890625.
LOCAL_RANK: 0 - CUDA_VISIBLE_DEVICES: [0]
[I 2023-11-30 03:37:00,231] Trial 92 finished with value: 70.21953582763672 and parameters: {'gradient_clip_val': 0.5014767320652961, 'hidden_size': 115, 'dropout': 0.28301201086147554, 'hidden_continuous_size': 41, 'attention_head_size': 1, 'learning_rate': 0.01740459981303383}. Best is trial 77 with value: 59.052886962890625.
LOCAL_RANK: 0 - CUDA_VISIBLE_DEVICES: [0]
[I 2023-11-30 03:37:14,113] Trial 93 finished with value: 65.58316802978516 and parameters: {'gradient_clip_val': 0.5684850452786878, 'hidden_size': 102, 'dropout': 0.27371895638334376, 'hidden_continuous_size': 37, 'attention_head_size': 1, 'learning_rate': 0.029144567616050013}. Best is trial 77 with value: 59.052886962890625.
LOCAL_RANK: 0 - CUDA_VISIBLE_DEVICES: [0]
[I 2023-11-30 03:37:28,032] Trial 94 finished with value: 67.45975494384766 and parameters: {'gradient_clip_val': 0.4688661646876921, 'hidden_size': 128, 'dropout': 0.3192481210674183, 'hidden_continuous_size': 44, 'attention_head_size': 1, 'learning_rate': 0.022891532041691705}. Best is trial 77 with value: 59.052886962890625.
LOCAL_RANK: 0 - CUDA_VISIBLE_DEVICES: [0]
[I 2023-11-30 03:37:41,774] Trial 95 finished with value: 65.7229995727539 and parameters: {'gradient_clip_val': 0.5311931107019366, 'hidden_size': 82, 'dropout': 0.2628573317089625, 'hidden_continuous_size': 53, 'attention_head_size': 1, 'learning_rate': 0.026848090548475596}. Best is trial 77 with value: 59.052886962890625.
LOCAL_RANK: 0 - CUDA_VISIBLE_DEVICES: [0]
[I 2023-11-30 03:37:55,962] Trial 96 finished with value: 69.69354248046875 and parameters: {'gradient_clip_val': 0.48483485086565337, 'hidden_size': 143, 'dropout': 0.28698687395434824, 'hidden_continuous_size': 34, 'attention_head_size': 1, 'learning_rate': 0.020145351645576234}. Best is trial 77 with value: 59.052886962890625.
LOCAL_RANK: 0 - CUDA_VISIBLE_DEVICES: [0]
[I 2023-11-30 03:38:09,911] Trial 97 finished with value: 66.40252685546875 and parameters: {'gradient_clip_val': 0.6109599552818445, 'hidden_size': 106, 'dropout': 0.25804140138987364, 'hidden_continuous_size': 50, 'attention_head_size': 1, 'learning_rate': 0.012791347271087473}. Best is trial 77 with value: 59.052886962890625.
LOCAL_RANK: 0 - CUDA_VISIBLE_DEVICES: [0]
[I 2023-11-30 03:38:23,806] Trial 98 finished with value: 70.3607406616211 and parameters: {'gradient_clip_val': 0.4066190993609644, 'hidden_size': 92, 'dropout': 0.27245279794671623, 'hidden_continuous_size': 55, 'attention_head_size': 3, 'learning_rate': 0.009790500633951779}. Best is trial 77 with value: 59.052886962890625.
LOCAL_RANK: 0 - CUDA_VISIBLE_DEVICES: [0]
[I 2023-11-30 03:38:37,554] Trial 99 finished with value: 68.46839141845703 and parameters: {'gradient_clip_val': 0.4350287509424342, 'hidden_size': 112, 'dropout': 0.3094060682906214, 'hidden_continuous_size': 46, 'attention_head_size': 1, 'learning_rate': 0.014128470162590615}. Best is trial 77 with value: 59.052886962890625.
LOCAL_RANK: 0 - CUDA_VISIBLE_DEVICES: [0]
[I 2023-11-30 03:38:51,368] Trial 100 finished with value: 70.52739715576172 and parameters: {'gradient_clip_val': 0.5128583759009121, 'hidden_size': 86, 'dropout': 0.30044190070463794, 'hidden_continuous_size': 40, 'attention_head_size': 1, 'learning_rate': 0.017668622387364906}. Best is trial 77 with value: 59.052886962890625.
LOCAL_RANK: 0 - CUDA_VISIBLE_DEVICES: [0]
[I 2023-11-30 03:39:05,233] Trial 101 finished with value: 65.3387222290039 and parameters: {'gradient_clip_val': 0.478026869360185, 'hidden_size': 105, 'dropout': 0.24935711300686475, 'hidden_continuous_size': 42, 'attention_head_size': 1, 'learning_rate': 0.019158748918137757}. Best is trial 77 with value: 59.052886962890625.
LOCAL_RANK: 0 - CUDA_VISIBLE_DEVICES: [0]
[I 2023-11-30 03:39:19,197] Trial 102 finished with value: 67.97008514404297 and parameters: {'gradient_clip_val': 0.5525361556787358, 'hidden_size': 119, 'dropout': 0.2450592204974385, 'hidden_continuous_size': 36, 'attention_head_size': 1, 'learning_rate': 0.015352172639722246}. Best is trial 77 with value: 59.052886962890625.
LOCAL_RANK: 0 - CUDA_VISIBLE_DEVICES: [0]
[I 2023-11-30 03:39:33,096] Trial 103 finished with value: 77.23966217041016 and parameters: {'gradient_clip_val': 0.4595929661602636, 'hidden_size': 97, 'dropout': 0.23317950881379002, 'hidden_continuous_size': 49, 'attention_head_size': 1, 'learning_rate': 0.02329731955085324}. Best is trial 77 with value: 59.052886962890625.
LOCAL_RANK: 0 - CUDA_VISIBLE_DEVICES: [0]
[I 2023-11-30 03:39:47,102] Trial 104 finished with value: 68.98651885986328 and parameters: {'gradient_clip_val': 0.5860908969058989, 'hidden_size': 129, 'dropout': 0.28162776926289534, 'hidden_continuous_size': 46, 'attention_head_size': 1, 'learning_rate': 0.01938794921847224}. Best is trial 77 with value: 59.052886962890625.
LOCAL_RANK: 0 - CUDA_VISIBLE_DEVICES: [0]
[I 2023-11-30 03:40:01,045] Trial 105 finished with value: 63.5286979675293 and parameters: {'gradient_clip_val': 0.5038129853189116, 'hidden_size': 104, 'dropout': 0.25970297107698326, 'hidden_continuous_size': 43, 'attention_head_size': 1, 'learning_rate': 0.026795960118486232}. Best is trial 77 with value: 59.052886962890625.
LOCAL_RANK: 0 - CUDA_VISIBLE_DEVICES: [0]
[I 2023-11-30 03:40:14,870] Trial 106 finished with value: 65.712890625 and parameters: {'gradient_clip_val': 0.5076071157416675, 'hidden_size': 91, 'dropout': 0.25934534122187525, 'hidden_continuous_size': 51, 'attention_head_size': 1, 'learning_rate': 0.027716974370824602}. Best is trial 77 with value: 59.052886962890625.
LOCAL_RANK: 0 - CUDA_VISIBLE_DEVICES: [0]
[I 2023-11-30 03:40:28,682] Trial 107 finished with value: 69.20162200927734 and parameters: {'gradient_clip_val': 0.5289167432995533, 'hidden_size': 102, 'dropout': 0.26845671556076356, 'hidden_continuous_size': 54, 'attention_head_size': 1, 'learning_rate': 0.02104929187265683}. Best is trial 77 with value: 59.052886962890625.
LOCAL_RANK: 0 - CUDA_VISIBLE_DEVICES: [0]
[I 2023-11-30 03:40:42,561] Trial 108 finished with value: 69.6075668334961 and parameters: {'gradient_clip_val': 0.4415286415056302, 'hidden_size': 114, 'dropout': 0.2924280883119623, 'hidden_continuous_size': 38, 'attention_head_size': 1, 'learning_rate': 0.024470365873045158}. Best is trial 77 with value: 59.052886962890625.
LOCAL_RANK: 0 - CUDA_VISIBLE_DEVICES: [0]
[I 2023-11-30 03:40:56,237] Trial 109 finished with value: 69.6137924194336 and parameters: {'gradient_clip_val': 0.6156604780658049, 'hidden_size': 79, 'dropout': 0.2708464587574609, 'hidden_continuous_size': 47, 'attention_head_size': 1, 'learning_rate': 0.03137036358843096}. Best is trial 77 with value: 59.052886962890625.
LOCAL_RANK: 0 - CUDA_VISIBLE_DEVICES: [0]
[I 2023-11-30 03:41:10,412] Trial 110 finished with value: 66.4708251953125 and parameters: {'gradient_clip_val': 0.5769432977479811, 'hidden_size': 140, 'dropout': 0.27975355059952883, 'hidden_continuous_size': 44, 'attention_head_size': 1, 'learning_rate': 0.016676196158938318}. Best is trial 77 with value: 59.052886962890625.
LOCAL_RANK: 0 - CUDA_VISIBLE_DEVICES: [0]
[I 2023-11-30 03:41:24,300] Trial 111 finished with value: 66.08084869384766 and parameters: {'gradient_clip_val': 0.47381025825900075, 'hidden_size': 107, 'dropout': 0.24292169004255673, 'hidden_continuous_size': 41, 'attention_head_size': 1, 'learning_rate': 0.026570718008216424}. Best is trial 77 with value: 59.052886962890625.
LOCAL_RANK: 0 - CUDA_VISIBLE_DEVICES: [0]
[I 2023-11-30 03:41:38,164] Trial 112 finished with value: 71.253662109375 and parameters: {'gradient_clip_val': 0.4934485365434993, 'hidden_size': 99, 'dropout': 0.2528893885541969, 'hidden_continuous_size': 43, 'attention_head_size': 1, 'learning_rate': 0.021686867782741516}. Best is trial 77 with value: 59.052886962890625.
LOCAL_RANK: 0 - CUDA_VISIBLE_DEVICES: [0]
[I 2023-11-30 03:41:52,142] Trial 113 finished with value: 61.10532760620117 and parameters: {'gradient_clip_val': 0.5377559276367203, 'hidden_size': 123, 'dropout': 0.23682973016882972, 'hidden_continuous_size': 35, 'attention_head_size': 1, 'learning_rate': 0.010972656476671113}. Best is trial 77 with value: 59.052886962890625.
LOCAL_RANK: 0 - CUDA_VISIBLE_DEVICES: [0]
[I 2023-11-30 03:42:06,064] Trial 114 finished with value: 63.73788070678711 and parameters: {'gradient_clip_val': 0.524493847261737, 'hidden_size': 122, 'dropout': 0.21867808830645374, 'hidden_continuous_size': 35, 'attention_head_size': 1, 'learning_rate': 0.011461057337538232}. Best is trial 77 with value: 59.052886962890625.
LOCAL_RANK: 0 - CUDA_VISIBLE_DEVICES: [0]
[I 2023-11-30 03:42:20,001] Trial 115 finished with value: 73.72637176513672 and parameters: {'gradient_clip_val': 0.5435175382391864, 'hidden_size': 128, 'dropout': 0.26307898850376843, 'hidden_continuous_size': 30, 'attention_head_size': 1, 'learning_rate': 0.01047320212716627}. Best is trial 77 with value: 59.052886962890625.
LOCAL_RANK: 0 - CUDA_VISIBLE_DEVICES: [0]
[I 2023-11-30 03:42:33,712] Trial 116 finished with value: 70.09203338623047 and parameters: {'gradient_clip_val': 0.44906462975247974, 'hidden_size': 114, 'dropout': 0.33999398731309266, 'hidden_continuous_size': 32, 'attention_head_size': 1, 'learning_rate': 0.008097426352494948}. Best is trial 77 with value: 59.052886962890625.
LOCAL_RANK: 0 - CUDA_VISIBLE_DEVICES: [0]
[I 2023-11-30 03:42:46,713] Trial 117 finished with value: 67.79161834716797 and parameters: {'gradient_clip_val': 0.5810309754013026, 'hidden_size': 44, 'dropout': 0.23875321170090164, 'hidden_continuous_size': 42, 'attention_head_size': 1, 'learning_rate': 0.008939424991560103}. Best is trial 77 with value: 59.052886962890625.
LOCAL_RANK: 0 - CUDA_VISIBLE_DEVICES: [0]
[I 2023-11-30 03:43:00,533] Trial 118 finished with value: 63.8598747253418 and parameters: {'gradient_clip_val': 0.497821744358432, 'hidden_size': 94, 'dropout': 0.22917820224979757, 'hidden_continuous_size': 49, 'attention_head_size': 1, 'learning_rate': 0.013467986126104938}. Best is trial 77 with value: 59.052886962890625.
LOCAL_RANK: 0 - CUDA_VISIBLE_DEVICES: [0]
[I 2023-11-30 03:43:14,214] Trial 119 finished with value: 66.39466094970703 and parameters: {'gradient_clip_val': 0.4188184832374309, 'hidden_size': 84, 'dropout': 0.24834478804598165, 'hidden_continuous_size': 53, 'attention_head_size': 2, 'learning_rate': 0.012614923073073808}. Best is trial 77 with value: 59.052886962890625.
LOCAL_RANK: 0 - CUDA_VISIBLE_DEVICES: [0]
[I 2023-11-30 03:43:27,801] Trial 120 finished with value: 72.48976135253906 and parameters: {'gradient_clip_val': 0.5535761131445318, 'hidden_size': 77, 'dropout': 0.25740343629186424, 'hidden_continuous_size': 26, 'attention_head_size': 2, 'learning_rate': 0.033745301830440506}. Best is trial 77 with value: 59.052886962890625.
LOCAL_RANK: 0 - CUDA_VISIBLE_DEVICES: [0]
[I 2023-11-30 03:43:41,631] Trial 121 finished with value: 64.34918975830078 and parameters: {'gradient_clip_val': 0.5266034710941473, 'hidden_size': 122, 'dropout': 0.21717153599633868, 'hidden_continuous_size': 36, 'attention_head_size': 1, 'learning_rate': 0.014616209219285813}. Best is trial 77 with value: 59.052886962890625.
LOCAL_RANK: 0 - CUDA_VISIBLE_DEVICES: [0]
[I 2023-11-30 03:43:55,550] Trial 122 finished with value: 64.7532958984375 and parameters: {'gradient_clip_val': 0.5127464954516379, 'hidden_size': 136, 'dropout': 0.22236879302472096, 'hidden_continuous_size': 34, 'attention_head_size': 1, 'learning_rate': 0.011057435444710774}. Best is trial 77 with value: 59.052886962890625.
LOCAL_RANK: 0 - CUDA_VISIBLE_DEVICES: [0]
[I 2023-11-30 03:44:09,439] Trial 123 finished with value: 67.0521240234375 and parameters: {'gradient_clip_val': 0.6279120575954958, 'hidden_size': 121, 'dropout': 0.2042965716391203, 'hidden_continuous_size': 38, 'attention_head_size': 1, 'learning_rate': 0.011838685856795074}. Best is trial 77 with value: 59.052886962890625.
LOCAL_RANK: 0 - CUDA_VISIBLE_DEVICES: [0]
[I 2023-11-30 03:44:23,267] Trial 124 finished with value: 65.010986328125 and parameters: {'gradient_clip_val': 0.46055200829690407, 'hidden_size': 107, 'dropout': 0.1887983529182316, 'hidden_continuous_size': 33, 'attention_head_size': 1, 'learning_rate': 0.00967335477757087}. Best is trial 77 with value: 59.052886962890625.
LOCAL_RANK: 0 - CUDA_VISIBLE_DEVICES: [0]
[I 2023-11-30 03:44:37,191] Trial 125 finished with value: 66.61505126953125 and parameters: {'gradient_clip_val': 0.48219107765179237, 'hidden_size': 112, 'dropout': 0.21415943974059048, 'hidden_continuous_size': 28, 'attention_head_size': 1, 'learning_rate': 0.011569084591549523}. Best is trial 77 with value: 59.052886962890625.
LOCAL_RANK: 0 - CUDA_VISIBLE_DEVICES: [0]
[I 2023-11-30 03:44:50,989] Trial 126 finished with value: 68.33037567138672 and parameters: {'gradient_clip_val': 0.5451649924274552, 'hidden_size': 101, 'dropout': 0.23550944584274217, 'hidden_continuous_size': 39, 'attention_head_size': 1, 'learning_rate': 0.016000318170335006}. Best is trial 77 with value: 59.052886962890625.
LOCAL_RANK: 0 - CUDA_VISIBLE_DEVICES: [0]
[I 2023-11-30 03:45:04,796] Trial 127 finished with value: 71.33074951171875 and parameters: {'gradient_clip_val': 0.6622060801001032, 'hidden_size': 91, 'dropout': 0.22216765947039574, 'hidden_continuous_size': 59, 'attention_head_size': 1, 'learning_rate': 0.008039138655170764}. Best is trial 77 with value: 59.052886962890625.
LOCAL_RANK: 0 - CUDA_VISIBLE_DEVICES: [0]
[I 2023-11-30 03:45:18,772] Trial 128 finished with value: 63.43486404418945 and parameters: {'gradient_clip_val': 0.3793157629746176, 'hidden_size': 129, 'dropout': 0.207519923672005, 'hidden_continuous_size': 31, 'attention_head_size': 1, 'learning_rate': 0.006290567250262195}. Best is trial 77 with value: 59.052886962890625.
LOCAL_RANK: 0 - CUDA_VISIBLE_DEVICES: [0]
[I 2023-11-30 03:45:32,649] Trial 129 finished with value: 78.13890838623047 and parameters: {'gradient_clip_val': 0.399568972954853, 'hidden_size': 132, 'dropout': 0.1665129683228323, 'hidden_continuous_size': 31, 'attention_head_size': 1, 'learning_rate': 0.006963123323311396}. Best is trial 77 with value: 59.052886962890625.
LOCAL_RANK: 0 - CUDA_VISIBLE_DEVICES: [0]
[I 2023-11-30 03:45:46,831] Trial 130 finished with value: 80.93348693847656 and parameters: {'gradient_clip_val': 0.3885614539936833, 'hidden_size': 144, 'dropout': 0.20893132455910865, 'hidden_continuous_size': 29, 'attention_head_size': 1, 'learning_rate': 0.005595287079570563}. Best is trial 77 with value: 59.052886962890625.
LOCAL_RANK: 0 - CUDA_VISIBLE_DEVICES: [0]
[I 2023-11-30 03:46:00,629] Trial 131 finished with value: 67.25988006591797 and parameters: {'gradient_clip_val': 0.4111280614424518, 'hidden_size': 124, 'dropout': 0.2306906641688261, 'hidden_continuous_size': 36, 'attention_head_size': 1, 'learning_rate': 0.00732010351198931}. Best is trial 77 with value: 59.052886962890625.
LOCAL_RANK: 0 - CUDA_VISIBLE_DEVICES: [0]
[I 2023-11-30 03:46:14,367] Trial 132 finished with value: 67.40924835205078 and parameters: {'gradient_clip_val': 0.4363877857013611, 'hidden_size': 116, 'dropout': 0.2011240889626392, 'hidden_continuous_size': 35, 'attention_head_size': 1, 'learning_rate': 0.02371295767330522}. Best is trial 77 with value: 59.052886962890625.
LOCAL_RANK: 0 - CUDA_VISIBLE_DEVICES: [0]
[I 2023-11-30 03:46:28,138] Trial 133 finished with value: 64.64090728759766 and parameters: {'gradient_clip_val': 0.5109961818363873, 'hidden_size': 109, 'dropout': 0.21819276595690007, 'hidden_continuous_size': 32, 'attention_head_size': 1, 'learning_rate': 0.0064385227415618695}. Best is trial 77 with value: 59.052886962890625.
LOCAL_RANK: 0 - CUDA_VISIBLE_DEVICES: [0]
[I 2023-11-30 03:46:41,755] Trial 134 finished with value: 71.52279663085938 and parameters: {'gradient_clip_val': 0.3656593385621993, 'hidden_size': 70, 'dropout': 0.1877785149155775, 'hidden_continuous_size': 51, 'attention_head_size': 1, 'learning_rate': 0.006183517425181629}. Best is trial 77 with value: 59.052886962890625.
LOCAL_RANK: 0 - CUDA_VISIBLE_DEVICES: [0]
[I 2023-11-30 03:46:55,846] Trial 135 finished with value: 81.38021850585938 and parameters: {'gradient_clip_val': 0.4816945506002184, 'hidden_size': 97, 'dropout': 0.20828382340197696, 'hidden_continuous_size': 56, 'attention_head_size': 1, 'learning_rate': 0.018454884611647546}. Best is trial 77 with value: 59.052886962890625.
LOCAL_RANK: 0 - CUDA_VISIBLE_DEVICES: [0]
[I 2023-11-30 03:47:09,826] Trial 136 finished with value: 66.10309600830078 and parameters: {'gradient_clip_val': 0.45407149233212774, 'hidden_size': 131, 'dropout': 0.21388559021069042, 'hidden_continuous_size': 34, 'attention_head_size': 1, 'learning_rate': 0.008767163928617802}. Best is trial 77 with value: 59.052886962890625.
LOCAL_RANK: 0 - CUDA_VISIBLE_DEVICES: [0]
[I 2023-11-30 03:47:23,654] Trial 137 finished with value: 76.4580307006836 and parameters: {'gradient_clip_val': 0.5622263898784777, 'hidden_size': 119, 'dropout': 0.22641791456896435, 'hidden_continuous_size': 27, 'attention_head_size': 1, 'learning_rate': 0.01044417732586763}. Best is trial 77 with value: 59.052886962890625.
LOCAL_RANK: 0 - CUDA_VISIBLE_DEVICES: [0]
[I 2023-11-30 03:47:37,880] Trial 138 finished with value: 67.20187377929688 and parameters: {'gradient_clip_val': 0.4246966322699434, 'hidden_size': 150, 'dropout': 0.2868248971331392, 'hidden_continuous_size': 24, 'attention_head_size': 1, 'learning_rate': 0.013367503367220977}. Best is trial 77 with value: 59.052886962890625.
LOCAL_RANK: 0 - CUDA_VISIBLE_DEVICES: [0]
[I 2023-11-30 03:47:51,573] Trial 139 finished with value: 60.50577926635742 and parameters: {'gradient_clip_val': 0.5310681169685336, 'hidden_size': 88, 'dropout': 0.3023929626108792, 'hidden_continuous_size': 46, 'attention_head_size': 1, 'learning_rate': 0.020390697268155664}. Best is trial 77 with value: 59.052886962890625.
LOCAL_RANK: 0 - CUDA_VISIBLE_DEVICES: [0]
[I 2023-11-30 03:48:05,682] Trial 140 finished with value: 69.82100677490234 and parameters: {'gradient_clip_val': 0.6018153877889061, 'hidden_size': 87, 'dropout': 0.3003214378550033, 'hidden_continuous_size': 48, 'attention_head_size': 3, 'learning_rate': 0.02059831235767681}. Best is trial 77 with value: 59.052886962890625.
LOCAL_RANK: 0 - CUDA_VISIBLE_DEVICES: [0]
[I 2023-11-30 03:48:19,212] Trial 141 finished with value: 61.390228271484375 and parameters: {'gradient_clip_val': 0.5241353035257247, 'hidden_size': 74, 'dropout': 0.31033551170261636, 'hidden_continuous_size': 45, 'attention_head_size': 1, 'learning_rate': 0.01734539789568903}. Best is trial 77 with value: 59.052886962890625.
LOCAL_RANK: 0 - CUDA_VISIBLE_DEVICES: [0]
[I 2023-11-30 03:48:32,619] Trial 142 finished with value: 72.39214324951172 and parameters: {'gradient_clip_val': 0.5373279437215243, 'hidden_size': 67, 'dropout': 0.31465367983770415, 'hidden_continuous_size': 45, 'attention_head_size': 1, 'learning_rate': 0.01715656150663651}. Best is trial 77 with value: 59.052886962890625.
LOCAL_RANK: 0 - CUDA_VISIBLE_DEVICES: [0]
[I 2023-11-30 03:48:46,107] Trial 143 finished with value: 68.74774932861328 and parameters: {'gradient_clip_val': 0.4999986364749956, 'hidden_size': 74, 'dropout': 0.30261126823804085, 'hidden_continuous_size': 47, 'attention_head_size': 1, 'learning_rate': 0.022985579630863107}. Best is trial 77 with value: 59.052886962890625.
LOCAL_RANK: 0 - CUDA_VISIBLE_DEVICES: [0]
[I 2023-11-30 03:48:59,833] Trial 144 finished with value: 62.12913131713867 and parameters: {'gradient_clip_val': 0.5745001360143878, 'hidden_size': 81, 'dropout': 0.2944356986357604, 'hidden_continuous_size': 50, 'attention_head_size': 1, 'learning_rate': 0.025309320406615706}. Best is trial 77 with value: 59.052886962890625.
LOCAL_RANK: 0 - CUDA_VISIBLE_DEVICES: [0]
[I 2023-11-30 03:49:13,676] Trial 145 finished with value: 67.7118148803711 and parameters: {'gradient_clip_val': 0.5762068935795027, 'hidden_size': 82, 'dropout': 0.30927042577869046, 'hidden_continuous_size': 49, 'attention_head_size': 1, 'learning_rate': 0.02542050914893517}. Best is trial 77 with value: 59.052886962890625.
LOCAL_RANK: 0 - CUDA_VISIBLE_DEVICES: [0]
[I 2023-11-30 03:49:27,424] Trial 146 finished with value: 68.03710174560547 and parameters: {'gradient_clip_val': 0.6020326360658327, 'hidden_size': 75, 'dropout': 0.29678456050876184, 'hidden_continuous_size': 52, 'attention_head_size': 1, 'learning_rate': 0.029080287442377402}. Best is trial 77 with value: 59.052886962890625.
LOCAL_RANK: 0 - CUDA_VISIBLE_DEVICES: [0]
[I 2023-11-30 03:49:41,159] Trial 147 finished with value: 74.13107299804688 and parameters: {'gradient_clip_val': 0.559964805050348, 'hidden_size': 89, 'dropout': 0.31840698506811876, 'hidden_continuous_size': 45, 'attention_head_size': 1, 'learning_rate': 0.019526621224986412}. Best is trial 77 with value: 59.052886962890625.
LOCAL_RANK: 0 - CUDA_VISIBLE_DEVICES: [0]
[I 2023-11-30 03:49:55,095] Trial 148 finished with value: 66.21610260009766 and parameters: {'gradient_clip_val': 0.526476931687389, 'hidden_size': 103, 'dropout': 0.29291947844383814, 'hidden_continuous_size': 41, 'attention_head_size': 1, 'learning_rate': 0.02246717524292975}. Best is trial 77 with value: 59.052886962890625.
LOCAL_RANK: 0 - CUDA_VISIBLE_DEVICES: [0]
