[I 2023-11-30 02:31:13,247] Trial 98 finished with value: 90.88932037353516 and parameters: {'gradient_clip_val': 0.40437285540105106, 'hidden_size': 54, 'dropout': 0.22077203389955466, 'hidden_continuous_size': 29, 'attention_head_size': 4, 'learning_rate': 0.005728315476951446}. Best is trial 44 with value: 59.86024856567383.
LOCAL_RANK: 0 - CUDA_VISIBLE_DEVICES: [0]
[I 2023-11-30 02:31:26,823] Trial 99 finished with value: 100.98331451416016 and parameters: {'gradient_clip_val': 0.32336599678793904, 'hidden_size': 62, 'dropout': 0.27539656181205246, 'hidden_continuous_size': 26, 'attention_head_size': 4, 'learning_rate': 0.004195640491385877}. Best is trial 44 with value: 59.86024856567383.
LOCAL_RANK: 0 - CUDA_VISIBLE_DEVICES: [0]
[I 2023-11-30 02:31:39,903] Trial 100 finished with value: 195.1659393310547 and parameters: {'gradient_clip_val': 0.36323401749303885, 'hidden_size': 44, 'dropout': 0.31774186005172633, 'hidden_continuous_size': 22, 'attention_head_size': 4, 'learning_rate': 0.0021803803204798015}. Best is trial 44 with value: 59.86024856567383.
LOCAL_RANK: 0 - CUDA_VISIBLE_DEVICES: [0]
[I 2023-11-30 02:31:52,725] Trial 101 finished with value: 111.18843841552734 and parameters: {'gradient_clip_val': 0.2542178510407598, 'hidden_size': 34, 'dropout': 0.3181647229595612, 'hidden_continuous_size': 18, 'attention_head_size': 4, 'learning_rate': 0.005020512705634008}. Best is trial 44 with value: 59.86024856567383.
LOCAL_RANK: 0 - CUDA_VISIBLE_DEVICES: [0]
[I 2023-11-30 02:32:05,534] Trial 102 finished with value: 103.8501205444336 and parameters: {'gradient_clip_val': 0.2983368966250788, 'hidden_size': 37, 'dropout': 0.3307345174246578, 'hidden_continuous_size': 20, 'attention_head_size': 4, 'learning_rate': 0.0045205406829669685}. Best is trial 44 with value: 59.86024856567383.
LOCAL_RANK: 0 - CUDA_VISIBLE_DEVICES: [0]
[I 2023-11-30 02:32:18,424] Trial 103 finished with value: 94.41207122802734 and parameters: {'gradient_clip_val': 0.2700213079538313, 'hidden_size': 48, 'dropout': 0.2892780975458372, 'hidden_continuous_size': 26, 'attention_head_size': 4, 'learning_rate': 0.007113142346109939}. Best is trial 44 with value: 59.86024856567383.
LOCAL_RANK: 0 - CUDA_VISIBLE_DEVICES: [0]
[I 2023-11-30 02:32:31,317] Trial 104 finished with value: 79.29378509521484 and parameters: {'gradient_clip_val': 0.23436139310188536, 'hidden_size': 41, 'dropout': 0.30523082094485277, 'hidden_continuous_size': 19, 'attention_head_size': 4, 'learning_rate': 0.0036818346443010094}. Best is trial 44 with value: 59.86024856567383.
LOCAL_RANK: 0 - CUDA_VISIBLE_DEVICES: [0]
[I 2023-11-30 02:32:44,584] Trial 105 finished with value: 132.63180541992188 and parameters: {'gradient_clip_val': 0.2505585652566557, 'hidden_size': 52, 'dropout': 0.2797700247531143, 'hidden_continuous_size': 24, 'attention_head_size': 4, 'learning_rate': 0.006104351075166056}. Best is trial 44 with value: 59.86024856567383.
LOCAL_RANK: 0 - CUDA_VISIBLE_DEVICES: [0]
[I 2023-11-30 02:32:57,317] Trial 106 finished with value: 68.98147583007812 and parameters: {'gradient_clip_val': 0.2832102073695008, 'hidden_size': 32, 'dropout': 0.22958781288476826, 'hidden_continuous_size': 28, 'attention_head_size': 4, 'learning_rate': 0.003978833188908306}. Best is trial 44 with value: 59.86024856567383.
LOCAL_RANK: 0 - CUDA_VISIBLE_DEVICES: [0]
[I 2023-11-30 02:33:09,841] Trial 107 finished with value: 97.3515625 and parameters: {'gradient_clip_val': 0.3435699240452515, 'hidden_size': 32, 'dropout': 0.2378676179942122, 'hidden_continuous_size': 28, 'attention_head_size': 4, 'learning_rate': 0.004008921954329505}. Best is trial 44 with value: 59.86024856567383.
LOCAL_RANK: 0 - CUDA_VISIBLE_DEVICES: [0]
[I 2023-11-30 02:33:22,590] Trial 108 finished with value: 112.33731842041016 and parameters: {'gradient_clip_val': 0.28531011750454366, 'hidden_size': 29, 'dropout': 0.22778132743870516, 'hidden_continuous_size': 27, 'attention_head_size': 4, 'learning_rate': 0.0047384877878401815}. Best is trial 44 with value: 59.86024856567383.
LOCAL_RANK: 0 - CUDA_VISIBLE_DEVICES: [0]
[I 2023-11-30 02:33:36,185] Trial 109 finished with value: 94.82223510742188 and parameters: {'gradient_clip_val': 0.30349534850593796, 'hidden_size': 58, 'dropout': 0.21874735243088073, 'hidden_continuous_size': 33, 'attention_head_size': 4, 'learning_rate': 0.002917286709276683}. Best is trial 44 with value: 59.86024856567383.
LOCAL_RANK: 0 - CUDA_VISIBLE_DEVICES: [0]
[I 2023-11-30 02:33:49,400] Trial 110 finished with value: 79.84214782714844 and parameters: {'gradient_clip_val': 0.276108046184806, 'hidden_size': 47, 'dropout': 0.21123710083174393, 'hidden_continuous_size': 23, 'attention_head_size': 4, 'learning_rate': 0.0031547308383878567}. Best is trial 44 with value: 59.86024856567383.
LOCAL_RANK: 0 - CUDA_VISIBLE_DEVICES: [0]
[I 2023-11-30 02:34:02,237] Trial 111 finished with value: 117.368408203125 and parameters: {'gradient_clip_val': 0.26089275087584407, 'hidden_size': 35, 'dropout': 0.2301476185915548, 'hidden_continuous_size': 26, 'attention_head_size': 4, 'learning_rate': 0.003575295210577232}. Best is trial 44 with value: 59.86024856567383.
LOCAL_RANK: 0 - CUDA_VISIBLE_DEVICES: [0]
[I 2023-11-30 02:34:15,311] Trial 112 finished with value: 107.5111312866211 and parameters: {'gradient_clip_val': 0.2222885339385941, 'hidden_size': 43, 'dropout': 0.24608562458349545, 'hidden_continuous_size': 29, 'attention_head_size': 4, 'learning_rate': 0.004345059814592311}. Best is trial 44 with value: 59.86024856567383.
LOCAL_RANK: 0 - CUDA_VISIBLE_DEVICES: [0]
[I 2023-11-30 02:34:28,045] Trial 113 finished with value: 109.9876480102539 and parameters: {'gradient_clip_val': 0.2921703063839865, 'hidden_size': 31, 'dropout': 0.2706620880830143, 'hidden_continuous_size': 28, 'attention_head_size': 4, 'learning_rate': 0.005401107922945596}. Best is trial 44 with value: 59.86024856567383.
LOCAL_RANK: 0 - CUDA_VISIBLE_DEVICES: [0]
[I 2023-11-30 02:34:41,014] Trial 114 finished with value: 93.99844360351562 and parameters: {'gradient_clip_val': 0.321757573605875, 'hidden_size': 38, 'dropout': 0.2579658291769968, 'hidden_continuous_size': 30, 'attention_head_size': 4, 'learning_rate': 0.004047128608167658}. Best is trial 44 with value: 59.86024856567383.
LOCAL_RANK: 0 - CUDA_VISIBLE_DEVICES: [0]
[I 2023-11-30 02:34:54,438] Trial 115 finished with value: 80.23309326171875 and parameters: {'gradient_clip_val': 0.3163933974272156, 'hidden_size': 51, 'dropout': 0.26527335760883897, 'hidden_continuous_size': 31, 'attention_head_size': 4, 'learning_rate': 0.003345975104001033}. Best is trial 44 with value: 59.86024856567383.
LOCAL_RANK: 0 - CUDA_VISIBLE_DEVICES: [0]
[I 2023-11-30 02:35:07,018] Trial 116 finished with value: 81.50157165527344 and parameters: {'gradient_clip_val': 0.27055303614928694, 'hidden_size': 29, 'dropout': 0.2347631545097097, 'hidden_continuous_size': 27, 'attention_head_size': 4, 'learning_rate': 0.0047725060923789345}. Best is trial 44 with value: 59.86024856567383.
LOCAL_RANK: 0 - CUDA_VISIBLE_DEVICES: [0]
[I 2023-11-30 02:35:19,512] Trial 117 finished with value: 70.74858856201172 and parameters: {'gradient_clip_val': 0.2463980681606648, 'hidden_size': 26, 'dropout': 0.24937691624223335, 'hidden_continuous_size': 25, 'attention_head_size': 2, 'learning_rate': 0.006026310206798877}. Best is trial 44 with value: 59.86024856567383.
LOCAL_RANK: 0 - CUDA_VISIBLE_DEVICES: [0]
[I 2023-11-30 02:35:31,896] Trial 118 finished with value: 91.4845199584961 and parameters: {'gradient_clip_val': 0.23229055979752836, 'hidden_size': 25, 'dropout': 0.2464139860608889, 'hidden_continuous_size': 24, 'attention_head_size': 2, 'learning_rate': 0.0064031123254790654}. Best is trial 44 with value: 59.86024856567383.
LOCAL_RANK: 0 - CUDA_VISIBLE_DEVICES: [0]
[I 2023-11-30 02:35:45,206] Trial 119 finished with value: 91.4102783203125 and parameters: {'gradient_clip_val': 0.2830068513829029, 'hidden_size': 57, 'dropout': 0.2524063275095943, 'hidden_continuous_size': 25, 'attention_head_size': 2, 'learning_rate': 0.0023927875858473033}. Best is trial 44 with value: 59.86024856567383.
LOCAL_RANK: 0 - CUDA_VISIBLE_DEVICES: [0]
[I 2023-11-30 02:35:58,266] Trial 120 finished with value: 94.55096435546875 and parameters: {'gradient_clip_val': 0.20920177892057998, 'hidden_size': 55, 'dropout': 0.2242615034310701, 'hidden_continuous_size': 23, 'attention_head_size': 1, 'learning_rate': 0.0058478569557154445}. Best is trial 44 with value: 59.86024856567383.
LOCAL_RANK: 0 - CUDA_VISIBLE_DEVICES: [0]
[I 2023-11-30 02:36:10,976] Trial 121 finished with value: 92.54534912109375 and parameters: {'gradient_clip_val': 0.23880493986168205, 'hidden_size': 34, 'dropout': 0.2845547536848843, 'hidden_continuous_size': 26, 'attention_head_size': 2, 'learning_rate': 0.005342938822151917}. Best is trial 44 with value: 59.86024856567383.
LOCAL_RANK: 0 - CUDA_VISIBLE_DEVICES: [0]
[I 2023-11-30 02:36:23,738] Trial 122 finished with value: 96.76245880126953 and parameters: {'gradient_clip_val': 0.2513012360836783, 'hidden_size': 40, 'dropout': 0.24324073706101812, 'hidden_continuous_size': 28, 'attention_head_size': 4, 'learning_rate': 0.0037049271079056165}. Best is trial 44 with value: 59.86024856567383.
LOCAL_RANK: 0 - CUDA_VISIBLE_DEVICES: [0]
[I 2023-11-30 02:36:36,272] Trial 123 finished with value: 93.37649536132812 and parameters: {'gradient_clip_val': 0.26063400948877635, 'hidden_size': 36, 'dropout': 0.23814566450788505, 'hidden_continuous_size': 29, 'attention_head_size': 2, 'learning_rate': 0.004420605171905843}. Best is trial 44 with value: 59.86024856567383.
LOCAL_RANK: 0 - CUDA_VISIBLE_DEVICES: [0]
[I 2023-11-30 02:36:49,409] Trial 124 finished with value: 107.71136474609375 and parameters: {'gradient_clip_val': 0.30095405873451003, 'hidden_size': 45, 'dropout': 0.2702055598661862, 'hidden_continuous_size': 25, 'attention_head_size': 4, 'learning_rate': 0.007128771410317101}. Best is trial 44 with value: 59.86024856567383.
LOCAL_RANK: 0 - CUDA_VISIBLE_DEVICES: [0]
[I 2023-11-30 02:37:02,081] Trial 125 finished with value: 112.49166107177734 and parameters: {'gradient_clip_val': 0.24446952122016377, 'hidden_size': 30, 'dropout': 0.25977794893625533, 'hidden_continuous_size': 21, 'attention_head_size': 4, 'learning_rate': 0.004974855049548708}. Best is trial 44 with value: 59.86024856567383.
LOCAL_RANK: 0 - CUDA_VISIBLE_DEVICES: [0]
[I 2023-11-30 02:37:14,216] Trial 126 finished with value: 104.0332260131836 and parameters: {'gradient_clip_val': 0.21840303351611523, 'hidden_size': 32, 'dropout': 0.29819308939178796, 'hidden_continuous_size': 11, 'attention_head_size': 3, 'learning_rate': 0.00822110639138975}. Best is trial 44 with value: 59.86024856567383.
LOCAL_RANK: 0 - CUDA_VISIBLE_DEVICES: [0]
[I 2023-11-30 02:37:26,805] Trial 127 finished with value: 229.6638641357422 and parameters: {'gradient_clip_val': 0.2740158020873103, 'hidden_size': 28, 'dropout': 0.2906642302462382, 'hidden_continuous_size': 27, 'attention_head_size': 4, 'learning_rate': 0.0014783600227031765}. Best is trial 44 with value: 59.86024856567383.
LOCAL_RANK: 0 - CUDA_VISIBLE_DEVICES: [0]
[I 2023-11-30 02:37:39,197] Trial 128 finished with value: 97.1067886352539 and parameters: {'gradient_clip_val': 0.3454376889140841, 'hidden_size': 40, 'dropout': 0.25244297258070475, 'hidden_continuous_size': 22, 'attention_head_size': 1, 'learning_rate': 0.0027308353566497254}. Best is trial 44 with value: 59.86024856567383.
LOCAL_RANK: 0 - CUDA_VISIBLE_DEVICES: [0]
[I 2023-11-30 02:37:51,957] Trial 129 finished with value: 80.64634704589844 and parameters: {'gradient_clip_val': 0.30946273336017616, 'hidden_size': 27, 'dropout': 0.21592473395574754, 'hidden_continuous_size': 25, 'attention_head_size': 4, 'learning_rate': 0.009231923462338533}. Best is trial 44 with value: 59.86024856567383.
LOCAL_RANK: 0 - CUDA_VISIBLE_DEVICES: [0]
[I 2023-11-30 02:38:04,429] Trial 130 finished with value: 74.07970428466797 and parameters: {'gradient_clip_val': 0.2295917079570801, 'hidden_size': 25, 'dropout': 0.2779656853427993, 'hidden_continuous_size': 24, 'attention_head_size': 4, 'learning_rate': 0.004050748587051591}. Best is trial 44 with value: 59.86024856567383.
LOCAL_RANK: 0 - CUDA_VISIBLE_DEVICES: [0]
[I 2023-11-30 02:38:16,876] Trial 131 finished with value: 90.612060546875 and parameters: {'gradient_clip_val': 0.22379309334780934, 'hidden_size': 25, 'dropout': 0.27826717635450243, 'hidden_continuous_size': 24, 'attention_head_size': 4, 'learning_rate': 0.004007234060693441}. Best is trial 44 with value: 59.86024856567383.
LOCAL_RANK: 0 - CUDA_VISIBLE_DEVICES: [0]
[I 2023-11-30 02:38:30,369] Trial 132 finished with value: 112.1839370727539 and parameters: {'gradient_clip_val': 0.19949699367017681, 'hidden_size': 65, 'dropout': 0.2667820807215561, 'hidden_continuous_size': 23, 'attention_head_size': 4, 'learning_rate': 0.0034837050829578864}. Best is trial 44 with value: 59.86024856567383.
LOCAL_RANK: 0 - CUDA_VISIBLE_DEVICES: [0]
[I 2023-11-30 02:38:42,978] Trial 133 finished with value: 123.5599136352539 and parameters: {'gradient_clip_val': 0.26272178022727277, 'hidden_size': 25, 'dropout': 0.2623308499962204, 'hidden_continuous_size': 24, 'attention_head_size': 4, 'learning_rate': 0.0044040887608171}. Best is trial 44 with value: 59.86024856567383.
LOCAL_RANK: 0 - CUDA_VISIBLE_DEVICES: [0]
[I 2023-11-30 02:38:56,246] Trial 134 finished with value: 131.2803955078125 and parameters: {'gradient_clip_val': 0.28894715721253006, 'hidden_size': 50, 'dropout': 0.28211165885413964, 'hidden_continuous_size': 26, 'attention_head_size': 4, 'learning_rate': 0.0030638581481633544}. Best is trial 44 with value: 59.86024856567383.
LOCAL_RANK: 0 - CUDA_VISIBLE_DEVICES: [0]
[I 2023-11-30 02:39:09,741] Trial 135 finished with value: 144.79922485351562 and parameters: {'gradient_clip_val': 0.24810024561321103, 'hidden_size': 61, 'dropout': 0.22995854650568312, 'hidden_continuous_size': 32, 'attention_head_size': 4, 'learning_rate': 0.00544215856474142}. Best is trial 44 with value: 59.86024856567383.
LOCAL_RANK: 0 - CUDA_VISIBLE_DEVICES: [0]
[I 2023-11-30 02:39:22,656] Trial 136 finished with value: 100.72603607177734 and parameters: {'gradient_clip_val': 0.23163472064506255, 'hidden_size': 43, 'dropout': 0.2759099569505207, 'hidden_continuous_size': 20, 'attention_head_size': 4, 'learning_rate': 0.006086326727450197}. Best is trial 44 with value: 59.86024856567383.
LOCAL_RANK: 0 - CUDA_VISIBLE_DEVICES: [0]
[I 2023-11-30 02:39:35,563] Trial 137 finished with value: 167.14886474609375 and parameters: {'gradient_clip_val': 0.33236814861852904, 'hidden_size': 38, 'dropout': 0.2910902555269064, 'hidden_continuous_size': 25, 'attention_head_size': 4, 'learning_rate': 0.0020192429364239294}. Best is trial 44 with value: 59.86024856567383.
LOCAL_RANK: 0 - CUDA_VISIBLE_DEVICES: [0]
[I 2023-11-30 02:39:48,910] Trial 138 finished with value: 103.5145034790039 and parameters: {'gradient_clip_val': 0.2781917757964405, 'hidden_size': 53, 'dropout': 0.30510050263010835, 'hidden_continuous_size': 21, 'attention_head_size': 4, 'learning_rate': 0.0038776476133037673}. Best is trial 44 with value: 59.86024856567383.
LOCAL_RANK: 0 - CUDA_VISIBLE_DEVICES: [0]
[I 2023-11-30 02:40:01,911] Trial 139 finished with value: 127.06111907958984 and parameters: {'gradient_clip_val': 0.20954015676987914, 'hidden_size': 47, 'dropout': 0.29831403949797614, 'hidden_continuous_size': 22, 'attention_head_size': 4, 'learning_rate': 0.0017230956249874591}. Best is trial 44 with value: 59.86024856567383.
LOCAL_RANK: 0 - CUDA_VISIBLE_DEVICES: [0]
[I 2023-11-30 02:40:14,806] Trial 140 finished with value: 127.13762664794922 and parameters: {'gradient_clip_val': 0.2591006265465511, 'hidden_size': 33, 'dropout': 0.19571675579155354, 'hidden_continuous_size': 27, 'attention_head_size': 4, 'learning_rate': 0.00488988688365597}. Best is trial 44 with value: 59.86024856567383.
LOCAL_RANK: 0 - CUDA_VISIBLE_DEVICES: [0]
[I 2023-11-30 02:40:27,609] Trial 141 finished with value: 91.85761260986328 and parameters: {'gradient_clip_val': 0.23935250743099004, 'hidden_size': 43, 'dropout': 0.3044954802178619, 'hidden_continuous_size': 20, 'attention_head_size': 4, 'learning_rate': 0.003564751747457851}. Best is trial 44 with value: 59.86024856567383.
LOCAL_RANK: 0 - CUDA_VISIBLE_DEVICES: [0]
[I 2023-11-30 02:40:40,312] Trial 142 finished with value: 66.97216796875 and parameters: {'gradient_clip_val': 0.22922116480493004, 'hidden_size': 40, 'dropout': 0.30731223798557167, 'hidden_continuous_size': 18, 'attention_head_size': 4, 'learning_rate': 0.0038300595524195465}. Best is trial 44 with value: 59.86024856567383.
LOCAL_RANK: 0 - CUDA_VISIBLE_DEVICES: [0]
[I 2023-11-30 02:40:53,283] Trial 143 finished with value: 115.48968505859375 and parameters: {'gradient_clip_val': 0.22625765104186446, 'hidden_size': 37, 'dropout': 0.3235942931068599, 'hidden_continuous_size': 18, 'attention_head_size': 4, 'learning_rate': 0.004451507156981524}. Best is trial 44 with value: 59.86024856567383.
LOCAL_RANK: 0 - CUDA_VISIBLE_DEVICES: [0]
[I 2023-11-30 02:41:06,353] Trial 144 finished with value: 99.2404556274414 and parameters: {'gradient_clip_val': 0.24412465766298475, 'hidden_size': 46, 'dropout': 0.3098095643202435, 'hidden_continuous_size': 30, 'attention_head_size': 4, 'learning_rate': 0.0041339659147640664}. Best is trial 44 with value: 59.86024856567383.
LOCAL_RANK: 0 - CUDA_VISIBLE_DEVICES: [0]
[I 2023-11-30 02:41:19,170] Trial 145 finished with value: 97.2288589477539 and parameters: {'gradient_clip_val': 0.2986620684696876, 'hidden_size': 35, 'dropout': 0.28579133753866376, 'hidden_continuous_size': 18, 'attention_head_size': 4, 'learning_rate': 0.004918446721071573}. Best is trial 44 with value: 59.86024856567383.
LOCAL_RANK: 0 - CUDA_VISIBLE_DEVICES: [0]
[I 2023-11-30 02:41:31,880] Trial 146 finished with value: 115.505859375 and parameters: {'gradient_clip_val': 0.37372999499431475, 'hidden_size': 31, 'dropout': 0.27073680041695375, 'hidden_continuous_size': 16, 'attention_head_size': 4, 'learning_rate': 0.0032939302909617977}. Best is trial 44 with value: 59.86024856567383.
LOCAL_RANK: 0 - CUDA_VISIBLE_DEVICES: [0]
[I 2023-11-30 02:41:42,388] Trial 147 finished with value: 158.26405334472656 and parameters: {'gradient_clip_val': 0.2741791191932444, 'hidden_size': 22, 'dropout': 0.25659611589336634, 'hidden_continuous_size': 22, 'attention_head_size': 4, 'learning_rate': 0.0011337266864277328}. Best is trial 44 with value: 59.86024856567383.
LOCAL_RANK: 0 - CUDA_VISIBLE_DEVICES: [0]
[I 2023-11-30 02:41:55,567] Trial 148 finished with value: 80.12833404541016 and parameters: {'gradient_clip_val': 0.3206880645364898, 'hidden_size': 49, 'dropout': 0.31265288173685996, 'hidden_continuous_size': 19, 'attention_head_size': 4, 'learning_rate': 0.0037760443628276495}. Best is trial 44 with value: 59.86024856567383.
LOCAL_RANK: 0 - CUDA_VISIBLE_DEVICES: [0]
[I 2023-11-30 02:42:08,315] Trial 149 finished with value: 90.7767562866211 and parameters: {'gradient_clip_val': 0.18824319021376174, 'hidden_size': 41, 'dropout': 0.33395329922736444, 'hidden_continuous_size': 17, 'attention_head_size': 2, 'learning_rate': 0.002919490834508656}. Best is trial 44 with value: 59.86024856567383.
[I 2023-11-30 02:42:08,425] A new study created in memory with name: no-name-80add127-5ace-4814-99f8-3a75c1a6e091
/home/le004/conda/anaconda3/envs/tsff_env/lib/python3.9/site-packages/lightning/fabric/plugins/environments/slurm.py:191: The `srun` command is available on your system but is not used. HINT: If your intention is to run Lightning on SLURM, prepend your python command with `srun` like so: srun python /home/le004/master_thesis/git/TSFusionForecast/code/ ...
LOCAL_RANK: 0 - CUDA_VISIBLE_DEVICES: [0]
[I 2023-11-30 02:42:20,677] Trial 0 finished with value: 438.7953796386719 and parameters: {'gradient_clip_val': 0.4445715156945722, 'hidden_size': 19, 'dropout': 0.17396990778566485, 'hidden_continuous_size': 18, 'attention_head_size': 3, 'learning_rate': 0.031604183275160604}. Best is trial 0 with value: 438.7953796386719.
LOCAL_RANK: 0 - CUDA_VISIBLE_DEVICES: [0]
[I 2023-11-30 02:42:34,733] Trial 1 finished with value: 360.8253173828125 and parameters: {'gradient_clip_val': 0.7028100767798758, 'hidden_size': 133, 'dropout': 0.13855382042536624, 'hidden_continuous_size': 12, 'attention_head_size': 3, 'learning_rate': 0.0023280549387606005}. Best is trial 1 with value: 360.8253173828125.
LOCAL_RANK: 0 - CUDA_VISIBLE_DEVICES: [0]
[I 2023-11-30 02:42:47,588] Trial 2 finished with value: 627.9678344726562 and parameters: {'gradient_clip_val': 0.4161859882822617, 'hidden_size': 34, 'dropout': 0.11765252325271686, 'hidden_continuous_size': 20, 'attention_head_size': 4, 'learning_rate': 0.0832386101949725}. Best is trial 1 with value: 360.8253173828125.
LOCAL_RANK: 0 - CUDA_VISIBLE_DEVICES: [0]
[I 2023-11-30 02:43:00,590] Trial 3 finished with value: 526.69580078125 and parameters: {'gradient_clip_val': 0.10573877667002436, 'hidden_size': 41, 'dropout': 0.1762032057360935, 'hidden_continuous_size': 20, 'attention_head_size': 3, 'learning_rate': 0.03255899957905798}. Best is trial 1 with value: 360.8253173828125.
LOCAL_RANK: 0 - CUDA_VISIBLE_DEVICES: [0]
[I 2023-11-30 02:43:13,984] Trial 4 finished with value: 444.5846862792969 and parameters: {'gradient_clip_val': 0.6420679074047742, 'hidden_size': 89, 'dropout': 0.11632589550651584, 'hidden_continuous_size': 17, 'attention_head_size': 2, 'learning_rate': 0.002015377984471222}. Best is trial 1 with value: 360.8253173828125.
LOCAL_RANK: 0 - CUDA_VISIBLE_DEVICES: [0]
