[I 2023-11-30 07:39:04,850] Trial 1 finished with value: 166.84918212890625 and parameters: {'gradient_clip_val': 0.6805074757105307, 'hidden_size': 27, 'dropout': 0.2404750134368157, 'hidden_continuous_size': 16, 'attention_head_size': 3, 'learning_rate': 0.009166947487409116}. Best is trial 1 with value: 166.84918212890625.
LOCAL_RANK: 0 - CUDA_VISIBLE_DEVICES: [0]
[I 2023-11-30 07:39:15,205] Trial 2 finished with value: 149.37619018554688 and parameters: {'gradient_clip_val': 0.16073574986833927, 'hidden_size': 16, 'dropout': 0.21867516585994073, 'hidden_continuous_size': 16, 'attention_head_size': 3, 'learning_rate': 0.021016428190702707}. Best is trial 2 with value: 149.37619018554688.
LOCAL_RANK: 0 - CUDA_VISIBLE_DEVICES: [0]
[I 2023-11-30 07:39:29,394] Trial 3 finished with value: 174.94256591796875 and parameters: {'gradient_clip_val': 0.8128712381052949, 'hidden_size': 84, 'dropout': 0.26863292356114254, 'hidden_continuous_size': 75, 'attention_head_size': 4, 'learning_rate': 0.001434878846022136}. Best is trial 2 with value: 149.37619018554688.
LOCAL_RANK: 0 - CUDA_VISIBLE_DEVICES: [0]
[I 2023-11-30 07:39:41,712] Trial 4 finished with value: 123.35114288330078 and parameters: {'gradient_clip_val': 0.21722047476820294, 'hidden_size': 21, 'dropout': 0.22838932825650854, 'hidden_continuous_size': 20, 'attention_head_size': 3, 'learning_rate': 0.055884487460443937}. Best is trial 4 with value: 123.35114288330078.
LOCAL_RANK: 0 - CUDA_VISIBLE_DEVICES: [0]
[I 2023-11-30 07:39:54,783] Trial 5 finished with value: 373.224853515625 and parameters: {'gradient_clip_val': 0.23233409422344176, 'hidden_size': 51, 'dropout': 0.24210196470572987, 'hidden_continuous_size': 17, 'attention_head_size': 4, 'learning_rate': 0.0010390945446644702}. Best is trial 4 with value: 123.35114288330078.
LOCAL_RANK: 0 - CUDA_VISIBLE_DEVICES: [0]
[I 2023-11-30 07:40:04,949] Trial 6 finished with value: 556.5311889648438 and parameters: {'gradient_clip_val': 0.8820214635911736, 'hidden_size': 11, 'dropout': 0.15865745151936422, 'hidden_continuous_size': 11, 'attention_head_size': 3, 'learning_rate': 0.002625605120853176}. Best is trial 4 with value: 123.35114288330078.
LOCAL_RANK: 0 - CUDA_VISIBLE_DEVICES: [0]
[I 2023-11-30 07:40:17,127] Trial 7 finished with value: 258.3902893066406 and parameters: {'gradient_clip_val': 0.7914423221022304, 'hidden_size': 27, 'dropout': 0.1532195780130453, 'hidden_continuous_size': 11, 'attention_head_size': 2, 'learning_rate': 0.0018628368472045395}. Best is trial 4 with value: 123.35114288330078.
LOCAL_RANK: 0 - CUDA_VISIBLE_DEVICES: [0]
[I 2023-11-30 07:40:29,535] Trial 8 finished with value: 167.09999084472656 and parameters: {'gradient_clip_val': 0.18854902055119147, 'hidden_size': 22, 'dropout': 0.19293215247498197, 'hidden_continuous_size': 11, 'attention_head_size': 3, 'learning_rate': 0.009180531459143345}. Best is trial 4 with value: 123.35114288330078.
LOCAL_RANK: 0 - CUDA_VISIBLE_DEVICES: [0]
[I 2023-11-30 07:40:43,306] Trial 9 finished with value: 167.34230041503906 and parameters: {'gradient_clip_val': 0.44461812610742635, 'hidden_size': 117, 'dropout': 0.30549777772537545, 'hidden_continuous_size': 10, 'attention_head_size': 4, 'learning_rate': 0.0032372594547235276}. Best is trial 4 with value: 123.35114288330078.
LOCAL_RANK: 0 - CUDA_VISIBLE_DEVICES: [0]
[I 2023-11-30 07:40:56,218] Trial 10 finished with value: 122.46578216552734 and parameters: {'gradient_clip_val': 0.1028177134911314, 'hidden_size': 46, 'dropout': 0.10136419068091335, 'hidden_continuous_size': 26, 'attention_head_size': 1, 'learning_rate': 0.07951240781941496}. Best is trial 10 with value: 122.46578216552734.
LOCAL_RANK: 0 - CUDA_VISIBLE_DEVICES: [0]
[I 2023-11-30 07:41:08,924] Trial 11 finished with value: 137.76385498046875 and parameters: {'gradient_clip_val': 0.10135974294029904, 'hidden_size': 44, 'dropout': 0.10647074086169114, 'hidden_continuous_size': 26, 'attention_head_size': 1, 'learning_rate': 0.09471343158483868}. Best is trial 10 with value: 122.46578216552734.
LOCAL_RANK: 0 - CUDA_VISIBLE_DEVICES: [0]
[I 2023-11-30 07:41:21,894] Trial 12 finished with value: 138.50933837890625 and parameters: {'gradient_clip_val': 0.10198420723060808, 'hidden_size': 56, 'dropout': 0.10530256037462925, 'hidden_continuous_size': 27, 'attention_head_size': 1, 'learning_rate': 0.04500127941708355}. Best is trial 10 with value: 122.46578216552734.
LOCAL_RANK: 0 - CUDA_VISIBLE_DEVICES: [0]
[I 2023-11-30 07:41:34,632] Trial 13 finished with value: 151.4211883544922 and parameters: {'gradient_clip_val': 0.30645144542815844, 'hidden_size': 36, 'dropout': 0.29543469844400183, 'hidden_continuous_size': 22, 'attention_head_size': 2, 'learning_rate': 0.03825774780801271}. Best is trial 10 with value: 122.46578216552734.
LOCAL_RANK: 0 - CUDA_VISIBLE_DEVICES: [0]
[I 2023-11-30 07:41:46,526] Trial 14 finished with value: 173.4831085205078 and parameters: {'gradient_clip_val': 0.15110953905417676, 'hidden_size': 16, 'dropout': 0.39469825982803675, 'hidden_continuous_size': 13, 'attention_head_size': 2, 'learning_rate': 0.050645805270020126}. Best is trial 10 with value: 122.46578216552734.
LOCAL_RANK: 0 - CUDA_VISIBLE_DEVICES: [0]
[I 2023-11-30 07:42:00,003] Trial 15 finished with value: 139.37408447265625 and parameters: {'gradient_clip_val': 0.1394869700051808, 'hidden_size': 74, 'dropout': 0.18906844168667367, 'hidden_continuous_size': 34, 'attention_head_size': 1, 'learning_rate': 0.021426990490961105}. Best is trial 10 with value: 122.46578216552734.
LOCAL_RANK: 0 - CUDA_VISIBLE_DEVICES: [0]
[I 2023-11-30 07:42:12,664] Trial 16 finished with value: 145.71461486816406 and parameters: {'gradient_clip_val': 0.22302235618663271, 'hidden_size': 34, 'dropout': 0.14369566212747042, 'hidden_continuous_size': 20, 'attention_head_size': 2, 'learning_rate': 0.09954125966246438}. Best is trial 10 with value: 122.46578216552734.
LOCAL_RANK: 0 - CUDA_VISIBLE_DEVICES: [0]
[I 2023-11-30 07:42:26,833] Trial 17 finished with value: 139.07667541503906 and parameters: {'gradient_clip_val': 0.12496180151641183, 'hidden_size': 144, 'dropout': 0.18186350903858187, 'hidden_continuous_size': 48, 'attention_head_size': 1, 'learning_rate': 0.05882151467793773}. Best is trial 10 with value: 122.46578216552734.
LOCAL_RANK: 0 - CUDA_VISIBLE_DEVICES: [0]
[I 2023-11-30 07:42:40,332] Trial 18 finished with value: 138.13763427734375 and parameters: {'gradient_clip_val': 0.3002192067540778, 'hidden_size': 65, 'dropout': 0.21572440509272497, 'hidden_continuous_size': 31, 'attention_head_size': 2, 'learning_rate': 0.027287915229985058}. Best is trial 10 with value: 122.46578216552734.
LOCAL_RANK: 0 - CUDA_VISIBLE_DEVICES: [0]
[I 2023-11-30 07:42:53,204] Trial 19 finished with value: 127.276123046875 and parameters: {'gradient_clip_val': 0.20251112562605625, 'hidden_size': 41, 'dropout': 0.127003358489491, 'hidden_continuous_size': 19, 'attention_head_size': 3, 'learning_rate': 0.01473688756251058}. Best is trial 10 with value: 122.46578216552734.
LOCAL_RANK: 0 - CUDA_VISIBLE_DEVICES: [0]
[I 2023-11-30 07:43:05,948] Trial 20 finished with value: 129.8067169189453 and parameters: {'gradient_clip_val': 0.1194592233441219, 'hidden_size': 52, 'dropout': 0.10068802648892748, 'hidden_continuous_size': 23, 'attention_head_size': 1, 'learning_rate': 0.06480167442957635}. Best is trial 10 with value: 122.46578216552734.
LOCAL_RANK: 0 - CUDA_VISIBLE_DEVICES: [0]
[I 2023-11-30 07:43:18,697] Trial 21 finished with value: 175.07749938964844 and parameters: {'gradient_clip_val': 0.18142727922332602, 'hidden_size': 39, 'dropout': 0.1338992893193236, 'hidden_continuous_size': 18, 'attention_head_size': 3, 'learning_rate': 0.013029437901885826}. Best is trial 10 with value: 122.46578216552734.
LOCAL_RANK: 0 - CUDA_VISIBLE_DEVICES: [0]
[I 2023-11-30 07:43:31,327] Trial 22 finished with value: 140.41159057617188 and parameters: {'gradient_clip_val': 0.23322408037651324, 'hidden_size': 41, 'dropout': 0.11936602504131866, 'hidden_continuous_size': 19, 'attention_head_size': 3, 'learning_rate': 0.03705680007250182}. Best is trial 10 with value: 122.46578216552734.
LOCAL_RANK: 0 - CUDA_VISIBLE_DEVICES: [0]
[I 2023-11-30 07:43:43,791] Trial 23 finished with value: 136.1714630126953 and parameters: {'gradient_clip_val': 0.17736750295565074, 'hidden_size': 30, 'dropout': 0.13242818835076586, 'hidden_continuous_size': 14, 'attention_head_size': 3, 'learning_rate': 0.060770253077496963}. Best is trial 10 with value: 122.46578216552734.
LOCAL_RANK: 0 - CUDA_VISIBLE_DEVICES: [0]
[I 2023-11-30 07:43:56,131] Trial 24 finished with value: 133.66868591308594 and parameters: {'gradient_clip_val': 0.14002644715854132, 'hidden_size': 21, 'dropout': 0.16585573911782964, 'hidden_continuous_size': 14, 'attention_head_size': 2, 'learning_rate': 0.028730018092051977}. Best is trial 10 with value: 122.46578216552734.
LOCAL_RANK: 0 - CUDA_VISIBLE_DEVICES: [0]
[I 2023-11-30 07:44:09,115] Trial 25 finished with value: 149.6479949951172 and parameters: {'gradient_clip_val': 0.3851738204257909, 'hidden_size': 46, 'dropout': 0.12957906295489102, 'hidden_continuous_size': 22, 'attention_head_size': 3, 'learning_rate': 0.013986098562338295}. Best is trial 10 with value: 122.46578216552734.
LOCAL_RANK: 0 - CUDA_VISIBLE_DEVICES: [0]
[I 2023-11-30 07:44:22,343] Trial 26 finished with value: 152.1975860595703 and parameters: {'gradient_clip_val': 0.20500127289426978, 'hidden_size': 60, 'dropout': 0.16346054812215113, 'hidden_continuous_size': 20, 'attention_head_size': 4, 'learning_rate': 0.005782610717395409}. Best is trial 10 with value: 122.46578216552734.
LOCAL_RANK: 0 - CUDA_VISIBLE_DEVICES: [0]
[I 2023-11-30 07:44:34,858] Trial 27 finished with value: 140.26687622070312 and parameters: {'gradient_clip_val': 0.26754239536740476, 'hidden_size': 36, 'dropout': 0.12215215291292757, 'hidden_continuous_size': 18, 'attention_head_size': 2, 'learning_rate': 0.07114178908191432}. Best is trial 10 with value: 122.46578216552734.
LOCAL_RANK: 0 - CUDA_VISIBLE_DEVICES: [0]
[I 2023-11-30 07:44:47,821] Trial 28 finished with value: 124.62127685546875 and parameters: {'gradient_clip_val': 0.16592341267604988, 'hidden_size': 44, 'dropout': 0.14949096159041222, 'hidden_continuous_size': 24, 'attention_head_size': 3, 'learning_rate': 0.038383620765242654}. Best is trial 10 with value: 122.46578216552734.
LOCAL_RANK: 0 - CUDA_VISIBLE_DEVICES: [0]
[I 2023-11-30 07:45:01,575] Trial 29 finished with value: 155.4436492919922 and parameters: {'gradient_clip_val': 0.16040269045898572, 'hidden_size': 88, 'dropout': 0.1749246207860366, 'hidden_continuous_size': 36, 'attention_head_size': 4, 'learning_rate': 0.07891571939663707}. Best is trial 10 with value: 122.46578216552734.
LOCAL_RANK: 0 - CUDA_VISIBLE_DEVICES: [0]
[I 2023-11-30 07:45:15,014] Trial 30 finished with value: 130.50437927246094 and parameters: {'gradient_clip_val': 0.11881159297074964, 'hidden_size': 61, 'dropout': 0.14906437593692168, 'hidden_continuous_size': 26, 'attention_head_size': 3, 'learning_rate': 0.046015615174478684}. Best is trial 10 with value: 122.46578216552734.
LOCAL_RANK: 0 - CUDA_VISIBLE_DEVICES: [0]
[I 2023-11-30 07:45:27,938] Trial 31 finished with value: 125.85358428955078 and parameters: {'gradient_clip_val': 0.18092183084676464, 'hidden_size': 47, 'dropout': 0.11811869192709842, 'hidden_continuous_size': 23, 'attention_head_size': 3, 'learning_rate': 0.08045670718341295}. Best is trial 10 with value: 122.46578216552734.
LOCAL_RANK: 0 - CUDA_VISIBLE_DEVICES: [0]
[I 2023-11-30 07:45:40,982] Trial 32 finished with value: 131.69239807128906 and parameters: {'gradient_clip_val': 0.17132394725973243, 'hidden_size': 49, 'dropout': 0.14782638286719013, 'hidden_continuous_size': 24, 'attention_head_size': 3, 'learning_rate': 0.0764497155221978}. Best is trial 10 with value: 122.46578216552734.
LOCAL_RANK: 0 - CUDA_VISIBLE_DEVICES: [0]
[I 2023-11-30 07:45:53,607] Trial 33 finished with value: 147.08599853515625 and parameters: {'gradient_clip_val': 0.14350953970852662, 'hidden_size': 31, 'dropout': 0.2053049502755902, 'hidden_continuous_size': 21, 'attention_head_size': 3, 'learning_rate': 0.09280650757165396}. Best is trial 10 with value: 122.46578216552734.
LOCAL_RANK: 0 - CUDA_VISIBLE_DEVICES: [0]
[I 2023-11-30 07:46:06,638] Trial 34 finished with value: 146.45372009277344 and parameters: {'gradient_clip_val': 0.15841947532051415, 'hidden_size': 45, 'dropout': 0.11275252914503472, 'hidden_continuous_size': 24, 'attention_head_size': 3, 'learning_rate': 0.05869076936035836}. Best is trial 10 with value: 122.46578216552734.
LOCAL_RANK: 0 - CUDA_VISIBLE_DEVICES: [0]
[I 2023-11-30 07:46:20,190] Trial 35 finished with value: 156.68060302734375 and parameters: {'gradient_clip_val': 0.25931802398014925, 'hidden_size': 67, 'dropout': 0.2191153081490759, 'hidden_continuous_size': 29, 'attention_head_size': 4, 'learning_rate': 0.03747968166836336}. Best is trial 10 with value: 122.46578216552734.
LOCAL_RANK: 0 - CUDA_VISIBLE_DEVICES: [0]
[I 2023-11-30 07:46:33,211] Trial 36 finished with value: 135.3325958251953 and parameters: {'gradient_clip_val': 0.19132527216840686, 'hidden_size': 51, 'dropout': 0.1713115218825524, 'hidden_continuous_size': 16, 'attention_head_size': 3, 'learning_rate': 0.07182394611343906}. Best is trial 10 with value: 122.46578216552734.
LOCAL_RANK: 0 - CUDA_VISIBLE_DEVICES: [0]
[I 2023-11-30 07:46:46,050] Trial 37 finished with value: 139.5167999267578 and parameters: {'gradient_clip_val': 0.13206433726479708, 'hidden_size': 33, 'dropout': 0.2536045954023992, 'hidden_continuous_size': 22, 'attention_head_size': 4, 'learning_rate': 0.04815714390583066}. Best is trial 10 with value: 122.46578216552734.
LOCAL_RANK: 0 - CUDA_VISIBLE_DEVICES: [0]
[I 2023-11-30 07:46:58,417] Trial 38 finished with value: 134.8503875732422 and parameters: {'gradient_clip_val': 0.16858849954424332, 'hidden_size': 26, 'dropout': 0.1409003536920182, 'hidden_continuous_size': 17, 'attention_head_size': 2, 'learning_rate': 0.030584557887071373}. Best is trial 10 with value: 122.46578216552734.
LOCAL_RANK: 0 - CUDA_VISIBLE_DEVICES: [0]
[I 2023-11-30 07:47:11,334] Trial 39 finished with value: 139.38197326660156 and parameters: {'gradient_clip_val': 0.11009320082259312, 'hidden_size': 39, 'dropout': 0.11454046224447266, 'hidden_continuous_size': 21, 'attention_head_size': 3, 'learning_rate': 0.0986396025002692}. Best is trial 10 with value: 122.46578216552734.
LOCAL_RANK: 0 - CUDA_VISIBLE_DEVICES: [0]
[I 2023-11-30 07:47:24,645] Trial 40 finished with value: 160.0159149169922 and parameters: {'gradient_clip_val': 0.1275515400628438, 'hidden_size': 55, 'dropout': 0.10148002554366557, 'hidden_continuous_size': 24, 'attention_head_size': 4, 'learning_rate': 0.05639791877269269}. Best is trial 10 with value: 122.46578216552734.
LOCAL_RANK: 0 - CUDA_VISIBLE_DEVICES: [0]
[I 2023-11-30 07:47:37,424] Trial 41 finished with value: 125.0080795288086 and parameters: {'gradient_clip_val': 0.20995237090786498, 'hidden_size': 45, 'dropout': 0.1286589312997726, 'hidden_continuous_size': 19, 'attention_head_size': 3, 'learning_rate': 0.023677121517426302}. Best is trial 10 with value: 122.46578216552734.
LOCAL_RANK: 0 - CUDA_VISIBLE_DEVICES: [0]
[I 2023-11-30 07:47:50,442] Trial 42 finished with value: 132.98983764648438 and parameters: {'gradient_clip_val': 0.21323954642643744, 'hidden_size': 49, 'dropout': 0.16215787879572474, 'hidden_continuous_size': 25, 'attention_head_size': 3, 'learning_rate': 0.03886320471645694}. Best is trial 10 with value: 122.46578216552734.
LOCAL_RANK: 0 - CUDA_VISIBLE_DEVICES: [0]
[I 2023-11-30 07:48:03,464] Trial 43 finished with value: 132.5800323486328 and parameters: {'gradient_clip_val': 0.1873469080464491, 'hidden_size': 41, 'dropout': 0.11792615410218138, 'hidden_continuous_size': 21, 'attention_head_size': 3, 'learning_rate': 0.0792683991241384}. Best is trial 10 with value: 122.46578216552734.
LOCAL_RANK: 0 - CUDA_VISIBLE_DEVICES: [0]
[I 2023-11-30 07:48:16,304] Trial 44 finished with value: 137.50721740722656 and parameters: {'gradient_clip_val': 0.155439342348697, 'hidden_size': 45, 'dropout': 0.1500753501378015, 'hidden_continuous_size': 23, 'attention_head_size': 3, 'learning_rate': 0.04903785945120119}. Best is trial 10 with value: 122.46578216552734.
LOCAL_RANK: 0 - CUDA_VISIBLE_DEVICES: [0]
[I 2023-11-30 07:48:29,520] Trial 45 finished with value: 135.68565368652344 and parameters: {'gradient_clip_val': 0.11098915499812817, 'hidden_size': 56, 'dropout': 0.13655030565286197, 'hidden_continuous_size': 27, 'attention_head_size': 3, 'learning_rate': 0.01927812005238228}. Best is trial 10 with value: 122.46578216552734.
LOCAL_RANK: 0 - CUDA_VISIBLE_DEVICES: [0]
[I 2023-11-30 07:48:42,807] Trial 46 finished with value: 130.0177764892578 and parameters: {'gradient_clip_val': 0.23833875209903824, 'hidden_size': 71, 'dropout': 0.19014735224279794, 'hidden_continuous_size': 16, 'attention_head_size': 2, 'learning_rate': 0.044326512935964096}. Best is trial 10 with value: 122.46578216552734.
LOCAL_RANK: 0 - CUDA_VISIBLE_DEVICES: [0]
[I 2023-11-30 07:48:55,215] Trial 47 finished with value: 134.6912841796875 and parameters: {'gradient_clip_val': 0.14961389515919415, 'hidden_size': 28, 'dropout': 0.10170915388937922, 'hidden_continuous_size': 20, 'attention_head_size': 3, 'learning_rate': 0.06310413404340053}. Best is trial 10 with value: 122.46578216552734.
LOCAL_RANK: 0 - CUDA_VISIBLE_DEVICES: [0]
[I 2023-11-30 07:49:07,886] Trial 48 finished with value: 134.51661682128906 and parameters: {'gradient_clip_val': 0.20484932264645012, 'hidden_size': 36, 'dropout': 0.15482693941747028, 'hidden_continuous_size': 23, 'attention_head_size': 2, 'learning_rate': 0.03332596524449736}. Best is trial 10 with value: 122.46578216552734.
LOCAL_RANK: 0 - CUDA_VISIBLE_DEVICES: [0]
[I 2023-11-30 07:49:21,539] Trial 49 finished with value: 148.7012176513672 and parameters: {'gradient_clip_val': 0.17199309271264498, 'hidden_size': 79, 'dropout': 0.11730717977740288, 'hidden_continuous_size': 27, 'attention_head_size': 4, 'learning_rate': 0.02753338932567262}. Best is trial 10 with value: 122.46578216552734.
LOCAL_RANK: 0 - CUDA_VISIBLE_DEVICES: [0]
[I 2023-11-30 07:49:33,491] Trial 50 finished with value: 158.5413818359375 and parameters: {'gradient_clip_val': 0.13418901468695013, 'hidden_size': 11, 'dropout': 0.1389567182944351, 'hidden_continuous_size': 10, 'attention_head_size': 1, 'learning_rate': 0.05179383529701922}. Best is trial 10 with value: 122.46578216552734.
LOCAL_RANK: 0 - CUDA_VISIBLE_DEVICES: [0]
[I 2023-11-30 07:49:46,536] Trial 51 finished with value: 139.8532257080078 and parameters: {'gradient_clip_val': 0.2164402466755865, 'hidden_size': 43, 'dropout': 0.1252549582589996, 'hidden_continuous_size': 19, 'attention_head_size': 3, 'learning_rate': 0.024019149400835715}. Best is trial 10 with value: 122.46578216552734.
LOCAL_RANK: 0 - CUDA_VISIBLE_DEVICES: [0]
[I 2023-11-30 07:49:59,207] Trial 52 finished with value: 163.39512634277344 and parameters: {'gradient_clip_val': 0.1880040572793914, 'hidden_size': 40, 'dropout': 0.12615304412219627, 'hidden_continuous_size': 19, 'attention_head_size': 3, 'learning_rate': 0.018108502389332523}. Best is trial 10 with value: 122.46578216552734.
LOCAL_RANK: 0 - CUDA_VISIBLE_DEVICES: [0]
[I 2023-11-30 07:50:12,060] Trial 53 finished with value: 143.98818969726562 and parameters: {'gradient_clip_val': 0.19560857310881974, 'hidden_size': 33, 'dropout': 0.10877121399646467, 'hidden_continuous_size': 18, 'attention_head_size': 3, 'learning_rate': 0.02480323408641455}. Best is trial 10 with value: 122.46578216552734.
LOCAL_RANK: 0 - CUDA_VISIBLE_DEVICES: [0]
[I 2023-11-30 07:50:24,859] Trial 54 finished with value: 131.56654357910156 and parameters: {'gradient_clip_val': 0.24673957353565934, 'hidden_size': 37, 'dropout': 0.17892200381866974, 'hidden_continuous_size': 21, 'attention_head_size': 3, 'learning_rate': 0.032444531961207036}. Best is trial 10 with value: 122.46578216552734.
LOCAL_RANK: 0 - CUDA_VISIBLE_DEVICES: [0]
[I 2023-11-30 07:50:37,672] Trial 55 finished with value: 141.49851989746094 and parameters: {'gradient_clip_val': 0.22413766882524053, 'hidden_size': 48, 'dropout': 0.1585265904364796, 'hidden_continuous_size': 25, 'attention_head_size': 3, 'learning_rate': 0.03970835826990167}. Best is trial 10 with value: 122.46578216552734.
LOCAL_RANK: 0 - CUDA_VISIBLE_DEVICES: [0]
[I 2023-11-30 07:50:50,827] Trial 56 finished with value: 133.07574462890625 and parameters: {'gradient_clip_val': 0.1504879970741866, 'hidden_size': 53, 'dropout': 0.13270820786916174, 'hidden_continuous_size': 29, 'attention_head_size': 3, 'learning_rate': 0.08386130197814436}. Best is trial 10 with value: 122.46578216552734.
LOCAL_RANK: 0 - CUDA_VISIBLE_DEVICES: [0]
[I 2023-11-30 07:51:03,627] Trial 57 finished with value: 154.51194763183594 and parameters: {'gradient_clip_val': 0.20204776672017855, 'hidden_size': 42, 'dropout': 0.14520597766386717, 'hidden_continuous_size': 19, 'attention_head_size': 2, 'learning_rate': 0.06796164079423883}. Best is trial 10 with value: 122.46578216552734.
LOCAL_RANK: 0 - CUDA_VISIBLE_DEVICES: [0]
[I 2023-11-30 07:51:16,711] Trial 58 finished with value: 144.37158203125 and parameters: {'gradient_clip_val': 0.28066112831331375, 'hidden_size': 57, 'dropout': 0.11293925871537489, 'hidden_continuous_size': 15, 'attention_head_size': 1, 'learning_rate': 0.05534144950867702}. Best is trial 10 with value: 122.46578216552734.
LOCAL_RANK: 0 - CUDA_VISIBLE_DEVICES: [0]
[I 2023-11-30 07:51:29,447] Trial 59 finished with value: 153.9116973876953 and parameters: {'gradient_clip_val': 0.1681720891401509, 'hidden_size': 46, 'dropout': 0.12790167904310293, 'hidden_continuous_size': 17, 'attention_head_size': 3, 'learning_rate': 0.016301797684570712}. Best is trial 10 with value: 122.46578216552734.
LOCAL_RANK: 0 - CUDA_VISIBLE_DEVICES: [0]
