[I 2023-11-30 14:34:38,059] Trial 69 finished with value: 168.3162841796875 and parameters: {'gradient_clip_val': 0.2959322937329369, 'hidden_size': 41, 'dropout': 0.15560092321623734, 'hidden_continuous_size': 27, 'attention_head_size': 3, 'learning_rate': 0.0035889424496677725}. Best is trial 7 with value: 82.06049346923828.
LOCAL_RANK: 0 - CUDA_VISIBLE_DEVICES: [0]
[I 2023-11-30 14:34:51,071] Trial 70 finished with value: 111.88153076171875 and parameters: {'gradient_clip_val': 0.1264352562366616, 'hidden_size': 49, 'dropout': 0.180209511859125, 'hidden_continuous_size': 23, 'attention_head_size': 4, 'learning_rate': 0.005368909474380935}. Best is trial 7 with value: 82.06049346923828.
LOCAL_RANK: 0 - CUDA_VISIBLE_DEVICES: [0]
[I 2023-11-30 14:35:04,092] Trial 71 finished with value: 91.4520034790039 and parameters: {'gradient_clip_val': 0.4035213340974138, 'hidden_size': 52, 'dropout': 0.2093255506878603, 'hidden_continuous_size': 25, 'attention_head_size': 4, 'learning_rate': 0.0068384652856597035}. Best is trial 7 with value: 82.06049346923828.
LOCAL_RANK: 0 - CUDA_VISIBLE_DEVICES: [0]
[I 2023-11-30 14:35:17,501] Trial 72 finished with value: 90.3713150024414 and parameters: {'gradient_clip_val': 0.39022897812350144, 'hidden_size': 64, 'dropout': 0.22500525215608339, 'hidden_continuous_size': 27, 'attention_head_size': 4, 'learning_rate': 0.008306049999298295}. Best is trial 7 with value: 82.06049346923828.
LOCAL_RANK: 0 - CUDA_VISIBLE_DEVICES: [0]
[I 2023-11-30 14:35:31,057] Trial 73 finished with value: 113.4585952758789 and parameters: {'gradient_clip_val': 0.38736073400374726, 'hidden_size': 63, 'dropout': 0.22744287941359742, 'hidden_continuous_size': 35, 'attention_head_size': 4, 'learning_rate': 0.007985563384517178}. Best is trial 7 with value: 82.06049346923828.
LOCAL_RANK: 0 - CUDA_VISIBLE_DEVICES: [0]
[I 2023-11-30 14:35:45,007] Trial 74 finished with value: 100.08428192138672 and parameters: {'gradient_clip_val': 0.4532163264916378, 'hidden_size': 78, 'dropout': 0.2422567176907699, 'hidden_continuous_size': 31, 'attention_head_size': 4, 'learning_rate': 0.009123333453021637}. Best is trial 7 with value: 82.06049346923828.
LOCAL_RANK: 0 - CUDA_VISIBLE_DEVICES: [0]
[I 2023-11-30 14:35:59,831] Trial 75 finished with value: 88.99884033203125 and parameters: {'gradient_clip_val': 0.374349556215564, 'hidden_size': 58, 'dropout': 0.21943090282792935, 'hidden_continuous_size': 27, 'attention_head_size': 4, 'learning_rate': 0.007958564216585607}. Best is trial 7 with value: 82.06049346923828.
LOCAL_RANK: 0 - CUDA_VISIBLE_DEVICES: [0]
[I 2023-11-30 14:36:14,084] Trial 76 finished with value: 129.21014404296875 and parameters: {'gradient_clip_val': 0.11079251132922663, 'hidden_size': 60, 'dropout': 0.2186365227097854, 'hidden_continuous_size': 26, 'attention_head_size': 4, 'learning_rate': 0.010565994967785479}. Best is trial 7 with value: 82.06049346923828.
LOCAL_RANK: 0 - CUDA_VISIBLE_DEVICES: [0]
[I 2023-11-30 14:36:28,668] Trial 77 finished with value: 121.41729736328125 and parameters: {'gradient_clip_val': 0.17000988530227698, 'hidden_size': 70, 'dropout': 0.1960862173380198, 'hidden_continuous_size': 28, 'attention_head_size': 4, 'learning_rate': 0.012191458271284181}. Best is trial 7 with value: 82.06049346923828.
LOCAL_RANK: 0 - CUDA_VISIBLE_DEVICES: [0]
[I 2023-11-30 14:36:43,259] Trial 78 finished with value: 124.20367431640625 and parameters: {'gradient_clip_val': 0.33994819414698224, 'hidden_size': 66, 'dropout': 0.17060759392709515, 'hidden_continuous_size': 29, 'attention_head_size': 4, 'learning_rate': 0.007610633598372081}. Best is trial 7 with value: 82.06049346923828.
LOCAL_RANK: 0 - CUDA_VISIBLE_DEVICES: [0]
[I 2023-11-30 14:36:57,425] Trial 79 finished with value: 89.45081329345703 and parameters: {'gradient_clip_val': 0.31175932939522527, 'hidden_size': 56, 'dropout': 0.2551797189186964, 'hidden_continuous_size': 11, 'attention_head_size': 3, 'learning_rate': 0.013285932309094767}. Best is trial 7 with value: 82.06049346923828.
LOCAL_RANK: 0 - CUDA_VISIBLE_DEVICES: [0]
[I 2023-11-30 14:37:11,214] Trial 80 finished with value: 100.49056243896484 and parameters: {'gradient_clip_val': 0.3715174847729692, 'hidden_size': 56, 'dropout': 0.2585747801306459, 'hidden_continuous_size': 10, 'attention_head_size': 3, 'learning_rate': 0.0167516596739615}. Best is trial 7 with value: 82.06049346923828.
LOCAL_RANK: 0 - CUDA_VISIBLE_DEVICES: [0]
[I 2023-11-30 14:37:24,944] Trial 81 finished with value: 83.85370635986328 and parameters: {'gradient_clip_val': 0.3046097355793966, 'hidden_size': 44, 'dropout': 0.2267061997721605, 'hidden_continuous_size': 12, 'attention_head_size': 4, 'learning_rate': 0.013533729153816482}. Best is trial 7 with value: 82.06049346923828.
LOCAL_RANK: 0 - CUDA_VISIBLE_DEVICES: [0]
[I 2023-11-30 14:37:38,692] Trial 82 finished with value: 121.4630126953125 and parameters: {'gradient_clip_val': 0.3065736569304796, 'hidden_size': 44, 'dropout': 0.2540122304833653, 'hidden_continuous_size': 12, 'attention_head_size': 4, 'learning_rate': 0.01292286395166071}. Best is trial 7 with value: 82.06049346923828.
LOCAL_RANK: 0 - CUDA_VISIBLE_DEVICES: [0]
[I 2023-11-30 14:37:52,382] Trial 83 finished with value: 155.40969848632812 and parameters: {'gradient_clip_val': 0.3321466657890498, 'hidden_size': 46, 'dropout': 0.27329483587052067, 'hidden_continuous_size': 11, 'attention_head_size': 3, 'learning_rate': 0.011285650573415025}. Best is trial 7 with value: 82.06049346923828.
LOCAL_RANK: 0 - CUDA_VISIBLE_DEVICES: [0]
[I 2023-11-30 14:38:06,375] Trial 84 finished with value: 91.47832489013672 and parameters: {'gradient_clip_val': 0.26932397007574943, 'hidden_size': 55, 'dropout': 0.2401322321588392, 'hidden_continuous_size': 12, 'attention_head_size': 4, 'learning_rate': 0.013255260395151512}. Best is trial 7 with value: 82.06049346923828.
LOCAL_RANK: 0 - CUDA_VISIBLE_DEVICES: [0]
[I 2023-11-30 14:38:20,403] Trial 85 finished with value: 152.2916717529297 and parameters: {'gradient_clip_val': 0.31362112849130297, 'hidden_size': 42, 'dropout': 0.13122666766846278, 'hidden_continuous_size': 10, 'attention_head_size': 4, 'learning_rate': 0.014017497870725367}. Best is trial 7 with value: 82.06049346923828.
LOCAL_RANK: 0 - CUDA_VISIBLE_DEVICES: [0]
[I 2023-11-30 14:38:33,893] Trial 86 finished with value: 142.60748291015625 and parameters: {'gradient_clip_val': 0.3672213571593349, 'hidden_size': 37, 'dropout': 0.18538334914818655, 'hidden_continuous_size': 11, 'attention_head_size': 3, 'learning_rate': 0.01858988232834051}. Best is trial 7 with value: 82.06049346923828.
LOCAL_RANK: 0 - CUDA_VISIBLE_DEVICES: [0]
[I 2023-11-30 14:38:48,138] Trial 87 finished with value: 103.27240753173828 and parameters: {'gradient_clip_val': 0.3356269374560816, 'hidden_size': 57, 'dropout': 0.14465928058863925, 'hidden_continuous_size': 14, 'attention_head_size': 4, 'learning_rate': 0.009922892491879234}. Best is trial 7 with value: 82.06049346923828.
LOCAL_RANK: 0 - CUDA_VISIBLE_DEVICES: [0]
[I 2023-11-30 14:39:02,189] Trial 88 finished with value: 131.3351287841797 and parameters: {'gradient_clip_val': 0.10014424191779749, 'hidden_size': 51, 'dropout': 0.1770305425820127, 'hidden_continuous_size': 12, 'attention_head_size': 4, 'learning_rate': 0.014613094134428786}. Best is trial 7 with value: 82.06049346923828.
LOCAL_RANK: 0 - CUDA_VISIBLE_DEVICES: [0]
[I 2023-11-30 14:39:16,538] Trial 89 finished with value: 96.82720947265625 and parameters: {'gradient_clip_val': 0.22298794916749026, 'hidden_size': 60, 'dropout': 0.23584528484205783, 'hidden_continuous_size': 20, 'attention_head_size': 2, 'learning_rate': 0.01730159351802069}. Best is trial 7 with value: 82.06049346923828.
LOCAL_RANK: 0 - CUDA_VISIBLE_DEVICES: [0]
[I 2023-11-30 14:39:30,120] Trial 90 finished with value: 82.4517593383789 and parameters: {'gradient_clip_val': 0.2632502285306008, 'hidden_size': 48, 'dropout': 0.1933052234659212, 'hidden_continuous_size': 13, 'attention_head_size': 3, 'learning_rate': 0.011877963225876939}. Best is trial 7 with value: 82.06049346923828.
LOCAL_RANK: 0 - CUDA_VISIBLE_DEVICES: [0]
[I 2023-11-30 14:39:43,839] Trial 91 finished with value: 141.8703155517578 and parameters: {'gradient_clip_val': 0.2569253147655414, 'hidden_size': 47, 'dropout': 0.19662849465351792, 'hidden_continuous_size': 13, 'attention_head_size': 3, 'learning_rate': 0.011590989325623838}. Best is trial 7 with value: 82.06049346923828.
LOCAL_RANK: 0 - CUDA_VISIBLE_DEVICES: [0]
[I 2023-11-30 14:39:57,950] Trial 92 finished with value: 105.55973052978516 and parameters: {'gradient_clip_val': 0.3101234160113906, 'hidden_size': 40, 'dropout': 0.18736688874065613, 'hidden_continuous_size': 14, 'attention_head_size': 3, 'learning_rate': 0.008914849428984043}. Best is trial 7 with value: 82.06049346923828.
LOCAL_RANK: 0 - CUDA_VISIBLE_DEVICES: [0]
[I 2023-11-30 14:40:12,048] Trial 93 finished with value: 104.2121810913086 and parameters: {'gradient_clip_val': 0.2958374141477067, 'hidden_size': 43, 'dropout': 0.16791031139334867, 'hidden_continuous_size': 13, 'attention_head_size': 3, 'learning_rate': 0.010532926509096917}. Best is trial 7 with value: 82.06049346923828.
LOCAL_RANK: 0 - CUDA_VISIBLE_DEVICES: [0]
[I 2023-11-30 14:40:25,886] Trial 94 finished with value: 169.34463500976562 and parameters: {'gradient_clip_val': 0.20263880553796942, 'hidden_size': 53, 'dropout': 0.153288528555336, 'hidden_continuous_size': 12, 'attention_head_size': 4, 'learning_rate': 0.0154655498236175}. Best is trial 7 with value: 82.06049346923828.
LOCAL_RANK: 0 - CUDA_VISIBLE_DEVICES: [0]
[I 2023-11-30 14:40:39,247] Trial 95 finished with value: 110.9983901977539 and parameters: {'gradient_clip_val': 0.3486729476546272, 'hidden_size': 48, 'dropout': 0.19178236217917283, 'hidden_continuous_size': 15, 'attention_head_size': 2, 'learning_rate': 0.009531266920154467}. Best is trial 7 with value: 82.06049346923828.
LOCAL_RANK: 0 - CUDA_VISIBLE_DEVICES: [0]
[I 2023-11-30 14:40:53,228] Trial 96 finished with value: 137.6486358642578 and parameters: {'gradient_clip_val': 0.28292333657689644, 'hidden_size': 51, 'dropout': 0.20228662830030103, 'hidden_continuous_size': 11, 'attention_head_size': 4, 'learning_rate': 0.012387664301916982}. Best is trial 7 with value: 82.06049346923828.
LOCAL_RANK: 0 - CUDA_VISIBLE_DEVICES: [0]
[I 2023-11-30 14:41:07,423] Trial 97 finished with value: 106.77558135986328 and parameters: {'gradient_clip_val': 0.2699123153102382, 'hidden_size': 46, 'dropout': 0.16265668653680374, 'hidden_continuous_size': 25, 'attention_head_size': 4, 'learning_rate': 0.0072235587262144026}. Best is trial 7 with value: 82.06049346923828.
LOCAL_RANK: 0 - CUDA_VISIBLE_DEVICES: [0]
[I 2023-11-30 14:41:21,786] Trial 98 finished with value: 91.57061767578125 and parameters: {'gradient_clip_val': 0.19490607696778522, 'hidden_size': 59, 'dropout': 0.10249747759392253, 'hidden_continuous_size': 23, 'attention_head_size': 1, 'learning_rate': 0.008577790988212151}. Best is trial 7 with value: 82.06049346923828.
LOCAL_RANK: 0 - CUDA_VISIBLE_DEVICES: [0]
[I 2023-11-30 14:41:35,935] Trial 99 finished with value: 119.41351318359375 and parameters: {'gradient_clip_val': 0.12666952987131305, 'hidden_size': 55, 'dropout': 0.17652284408479638, 'hidden_continuous_size': 19, 'attention_head_size': 4, 'learning_rate': 0.010015208579334816}. Best is trial 7 with value: 82.06049346923828.
LOCAL_RANK: 0 - CUDA_VISIBLE_DEVICES: [0]
[I 2023-11-30 14:41:49,772] Trial 100 finished with value: 103.52567291259766 and parameters: {'gradient_clip_val': 0.2384988439666881, 'hidden_size': 36, 'dropout': 0.21518077606175992, 'hidden_continuous_size': 16, 'attention_head_size': 3, 'learning_rate': 0.011442837058337305}. Best is trial 7 with value: 82.06049346923828.
LOCAL_RANK: 0 - CUDA_VISIBLE_DEVICES: [0]
[I 2023-11-30 14:42:05,174] Trial 101 finished with value: 93.74434661865234 and parameters: {'gradient_clip_val': 0.38025917388529146, 'hidden_size': 63, 'dropout': 0.21990802751136823, 'hidden_continuous_size': 27, 'attention_head_size': 4, 'learning_rate': 0.008045793531003745}. Best is trial 7 with value: 82.06049346923828.
LOCAL_RANK: 0 - CUDA_VISIBLE_DEVICES: [0]
[I 2023-11-30 14:42:19,364] Trial 102 finished with value: 113.8836441040039 and parameters: {'gradient_clip_val': 0.14092359868251728, 'hidden_size': 49, 'dropout': 0.22556021388015973, 'hidden_continuous_size': 26, 'attention_head_size': 4, 'learning_rate': 0.008226867113004552}. Best is trial 7 with value: 82.06049346923828.
LOCAL_RANK: 0 - CUDA_VISIBLE_DEVICES: [0]
[I 2023-11-30 14:42:34,156] Trial 103 finished with value: 112.43921661376953 and parameters: {'gradient_clip_val': 0.3269929523656543, 'hidden_size': 63, 'dropout': 0.228427857497971, 'hidden_continuous_size': 30, 'attention_head_size': 4, 'learning_rate': 0.013024508872995142}. Best is trial 7 with value: 82.06049346923828.
LOCAL_RANK: 0 - CUDA_VISIBLE_DEVICES: [0]
[I 2023-11-30 14:42:48,292] Trial 104 finished with value: 110.56356048583984 and parameters: {'gradient_clip_val': 0.35865464223890686, 'hidden_size': 54, 'dropout': 0.2054901929053924, 'hidden_continuous_size': 24, 'attention_head_size': 4, 'learning_rate': 0.006849068949007735}. Best is trial 7 with value: 82.06049346923828.
LOCAL_RANK: 0 - CUDA_VISIBLE_DEVICES: [0]
[I 2023-11-30 14:43:02,070] Trial 105 finished with value: 98.3294906616211 and parameters: {'gradient_clip_val': 0.3908006052524155, 'hidden_size': 39, 'dropout': 0.21563163033452873, 'hidden_continuous_size': 27, 'attention_head_size': 4, 'learning_rate': 0.01437568926354864}. Best is trial 7 with value: 82.06049346923828.
LOCAL_RANK: 0 - CUDA_VISIBLE_DEVICES: [0]
[I 2023-11-30 14:43:16,217] Trial 106 finished with value: 99.51329803466797 and parameters: {'gradient_clip_val': 0.30319861923505553, 'hidden_size': 44, 'dropout': 0.18322020905180053, 'hidden_continuous_size': 25, 'attention_head_size': 4, 'learning_rate': 0.009077096234052978}. Best is trial 7 with value: 82.06049346923828.
LOCAL_RANK: 0 - CUDA_VISIBLE_DEVICES: [0]
[I 2023-11-30 14:43:30,679] Trial 107 finished with value: 116.82708740234375 and parameters: {'gradient_clip_val': 0.32147698436805555, 'hidden_size': 66, 'dropout': 0.23284023954809624, 'hidden_continuous_size': 22, 'attention_head_size': 4, 'learning_rate': 0.010538753294338166}. Best is trial 7 with value: 82.06049346923828.
LOCAL_RANK: 0 - CUDA_VISIBLE_DEVICES: [0]
[I 2023-11-30 14:43:44,809] Trial 108 finished with value: 84.14026641845703 and parameters: {'gradient_clip_val': 0.11457838015594773, 'hidden_size': 58, 'dropout': 0.22256106088741087, 'hidden_continuous_size': 11, 'attention_head_size': 2, 'learning_rate': 0.008004081876798717}. Best is trial 7 with value: 82.06049346923828.
LOCAL_RANK: 0 - CUDA_VISIBLE_DEVICES: [0]
[I 2023-11-30 14:43:58,949] Trial 109 finished with value: 90.42980194091797 and parameters: {'gradient_clip_val': 0.13035782659682726, 'hidden_size': 57, 'dropout': 0.19833756379334838, 'hidden_continuous_size': 10, 'attention_head_size': 2, 'learning_rate': 0.007562785260889633}. Best is trial 7 with value: 82.06049346923828.
LOCAL_RANK: 0 - CUDA_VISIBLE_DEVICES: [0]
[I 2023-11-30 14:44:12,693] Trial 110 finished with value: 131.496337890625 and parameters: {'gradient_clip_val': 0.10619022922987716, 'hidden_size': 50, 'dropout': 0.19010739272700966, 'hidden_continuous_size': 11, 'attention_head_size': 2, 'learning_rate': 0.006391198664707891}. Best is trial 7 with value: 82.06049346923828.
LOCAL_RANK: 0 - CUDA_VISIBLE_DEVICES: [0]
[I 2023-11-30 14:44:26,527] Trial 111 finished with value: 113.43331146240234 and parameters: {'gradient_clip_val': 0.3466035840718412, 'hidden_size': 53, 'dropout': 0.22449528264894927, 'hidden_continuous_size': 24, 'attention_head_size': 2, 'learning_rate': 0.005627624655990033}. Best is trial 7 with value: 82.06049346923828.
LOCAL_RANK: 0 - CUDA_VISIBLE_DEVICES: [0]
[I 2023-11-30 14:44:40,295] Trial 112 finished with value: 112.28083038330078 and parameters: {'gradient_clip_val': 0.12004768883281368, 'hidden_size': 47, 'dropout': 0.21269819285174038, 'hidden_continuous_size': 12, 'attention_head_size': 2, 'learning_rate': 0.008257582580416216}. Best is trial 7 with value: 82.06049346923828.
LOCAL_RANK: 0 - CUDA_VISIBLE_DEVICES: [0]
[I 2023-11-30 14:44:54,182] Trial 113 finished with value: 111.29180145263672 and parameters: {'gradient_clip_val': 0.11524135200935356, 'hidden_size': 58, 'dropout': 0.2049288967285279, 'hidden_continuous_size': 11, 'attention_head_size': 2, 'learning_rate': 0.0095718188896939}. Best is trial 7 with value: 82.06049346923828.
LOCAL_RANK: 0 - CUDA_VISIBLE_DEVICES: [0]
[I 2023-11-30 14:45:08,252] Trial 114 finished with value: 158.6873016357422 and parameters: {'gradient_clip_val': 0.10421564076429574, 'hidden_size': 62, 'dropout': 0.13571084472901762, 'hidden_continuous_size': 13, 'attention_head_size': 4, 'learning_rate': 0.011574600007026448}. Best is trial 7 with value: 82.06049346923828.
LOCAL_RANK: 0 - CUDA_VISIBLE_DEVICES: [0]
[I 2023-11-30 14:45:22,253] Trial 115 finished with value: 144.20750427246094 and parameters: {'gradient_clip_val': 0.11150127448323512, 'hidden_size': 51, 'dropout': 0.24115527190548364, 'hidden_continuous_size': 10, 'attention_head_size': 4, 'learning_rate': 0.006562259091846226}. Best is trial 7 with value: 82.06049346923828.
LOCAL_RANK: 0 - CUDA_VISIBLE_DEVICES: [0]
[I 2023-11-30 14:45:36,033] Trial 116 finished with value: 87.01790618896484 and parameters: {'gradient_clip_val': 0.3718975826233851, 'hidden_size': 42, 'dropout': 0.2209813380522548, 'hidden_continuous_size': 27, 'attention_head_size': 2, 'learning_rate': 0.007466375328503221}. Best is trial 7 with value: 82.06049346923828.
LOCAL_RANK: 0 - CUDA_VISIBLE_DEVICES: [0]
[I 2023-11-30 14:45:49,885] Trial 117 finished with value: 140.1943359375 and parameters: {'gradient_clip_val': 0.13841559915251184, 'hidden_size': 42, 'dropout': 0.15875465093823782, 'hidden_continuous_size': 28, 'attention_head_size': 2, 'learning_rate': 0.007519386936474356}. Best is trial 7 with value: 82.06049346923828.
LOCAL_RANK: 0 - CUDA_VISIBLE_DEVICES: [0]
[I 2023-11-30 14:46:04,023] Trial 118 finished with value: 122.0707015991211 and parameters: {'gradient_clip_val': 0.28890024919369267, 'hidden_size': 45, 'dropout': 0.2209044678192205, 'hidden_continuous_size': 23, 'attention_head_size': 2, 'learning_rate': 0.010612276212697547}. Best is trial 7 with value: 82.06049346923828.
LOCAL_RANK: 0 - CUDA_VISIBLE_DEVICES: [0]
[I 2023-11-30 14:46:17,868] Trial 119 finished with value: 114.2067642211914 and parameters: {'gradient_clip_val': 0.36994388147026763, 'hidden_size': 34, 'dropout': 0.17346400556667035, 'hidden_continuous_size': 26, 'attention_head_size': 2, 'learning_rate': 0.012782459693612294}. Best is trial 7 with value: 82.06049346923828.
LOCAL_RANK: 0 - CUDA_VISIBLE_DEVICES: [0]
[I 2023-11-30 14:46:31,484] Trial 120 finished with value: 134.60012817382812 and parameters: {'gradient_clip_val': 0.12449578560006112, 'hidden_size': 39, 'dropout': 0.2103509776454801, 'hidden_continuous_size': 25, 'attention_head_size': 2, 'learning_rate': 0.004993323352288241}. Best is trial 7 with value: 82.06049346923828.
LOCAL_RANK: 0 - CUDA_VISIBLE_DEVICES: [0]
[I 2023-11-30 14:46:46,060] Trial 121 finished with value: 116.31429290771484 and parameters: {'gradient_clip_val': 0.3974352803435973, 'hidden_size': 54, 'dropout': 0.23278136801250282, 'hidden_continuous_size': 28, 'attention_head_size': 2, 'learning_rate': 0.005725365003804459}. Best is trial 7 with value: 82.06049346923828.
LOCAL_RANK: 0 - CUDA_VISIBLE_DEVICES: [0]
[I 2023-11-30 14:47:00,823] Trial 122 finished with value: 123.32621002197266 and parameters: {'gradient_clip_val': 0.37524142449351827, 'hidden_size': 70, 'dropout': 0.2285873549166038, 'hidden_continuous_size': 34, 'attention_head_size': 4, 'learning_rate': 0.00915258799169142}. Best is trial 7 with value: 82.06049346923828.
LOCAL_RANK: 0 - CUDA_VISIBLE_DEVICES: [0]
[I 2023-11-30 14:47:15,124] Trial 123 finished with value: 102.99121856689453 and parameters: {'gradient_clip_val': 0.34131678737949017, 'hidden_size': 58, 'dropout': 0.19939171074457365, 'hidden_continuous_size': 25, 'attention_head_size': 4, 'learning_rate': 0.007150022637104824}. Best is trial 7 with value: 82.06049346923828.
LOCAL_RANK: 0 - CUDA_VISIBLE_DEVICES: [0]
[I 2023-11-30 14:47:29,468] Trial 124 finished with value: 125.0633773803711 and parameters: {'gradient_clip_val': 0.1577354715253397, 'hidden_size': 48, 'dropout': 0.2151526679753514, 'hidden_continuous_size': 27, 'attention_head_size': 4, 'learning_rate': 0.00792121950700719}. Best is trial 7 with value: 82.06049346923828.
LOCAL_RANK: 0 - CUDA_VISIBLE_DEVICES: [0]
[I 2023-11-30 14:47:43,260] Trial 125 finished with value: 104.05230712890625 and parameters: {'gradient_clip_val': 0.11315095555861356, 'hidden_size': 41, 'dropout': 0.24660962238190345, 'hidden_continuous_size': 26, 'attention_head_size': 2, 'learning_rate': 0.008576193612610155}. Best is trial 7 with value: 82.06049346923828.
LOCAL_RANK: 0 - CUDA_VISIBLE_DEVICES: [0]
[I 2023-11-30 14:47:57,392] Trial 126 finished with value: 113.05843353271484 and parameters: {'gradient_clip_val': 0.31303274961302097, 'hidden_size': 52, 'dropout': 0.22365102380783042, 'hidden_continuous_size': 29, 'attention_head_size': 4, 'learning_rate': 0.011977502582876751}. Best is trial 7 with value: 82.06049346923828.
LOCAL_RANK: 0 - CUDA_VISIBLE_DEVICES: [0]
[I 2023-11-30 14:48:11,642] Trial 127 finished with value: 101.01766204833984 and parameters: {'gradient_clip_val': 0.10611791469415546, 'hidden_size': 66, 'dropout': 0.14599188850397973, 'hidden_continuous_size': 21, 'attention_head_size': 3, 'learning_rate': 0.010570397365904741}. Best is trial 7 with value: 82.06049346923828.
LOCAL_RANK: 0 - CUDA_VISIBLE_DEVICES: [0]
