[I 2023-11-30 05:34:32,186] Trial 15 finished with value: 194.1461181640625 and parameters: {'gradient_clip_val': 0.45283599232158683, 'hidden_size': 35, 'dropout': 0.30801277158911494, 'hidden_continuous_size': 16, 'attention_head_size': 3, 'learning_rate': 0.04867530880839345}. Best is trial 6 with value: 153.90260314941406.
LOCAL_RANK: 0 - CUDA_VISIBLE_DEVICES: [0]
[I 2023-11-30 05:34:44,297] Trial 16 finished with value: 203.4088897705078 and parameters: {'gradient_clip_val': 0.29845805701358263, 'hidden_size': 22, 'dropout': 0.15955497903345017, 'hidden_continuous_size': 10, 'attention_head_size': 2, 'learning_rate': 0.09901633457133574}. Best is trial 6 with value: 153.90260314941406.
LOCAL_RANK: 0 - CUDA_VISIBLE_DEVICES: [0]
[I 2023-11-30 05:34:54,731] Trial 17 finished with value: 297.48870849609375 and parameters: {'gradient_clip_val': 0.6833261820874836, 'hidden_size': 10, 'dropout': 0.21510198751352438, 'hidden_continuous_size': 10, 'attention_head_size': 4, 'learning_rate': 0.021740177424255405}. Best is trial 6 with value: 153.90260314941406.
LOCAL_RANK: 0 - CUDA_VISIBLE_DEVICES: [0]
[I 2023-11-30 05:35:07,147] Trial 18 finished with value: 294.590576171875 and parameters: {'gradient_clip_val': 0.5614768209392038, 'hidden_size': 17, 'dropout': 0.24924722978542896, 'hidden_continuous_size': 11, 'attention_head_size': 3, 'learning_rate': 0.010759388473933996}. Best is trial 6 with value: 153.90260314941406.
LOCAL_RANK: 0 - CUDA_VISIBLE_DEVICES: [0]
[I 2023-11-30 05:35:19,454] Trial 19 finished with value: 185.6855010986328 and parameters: {'gradient_clip_val': 0.7870860812158974, 'hidden_size': 27, 'dropout': 0.15996817168475602, 'hidden_continuous_size': 14, 'attention_head_size': 2, 'learning_rate': 0.03247131305868662}. Best is trial 6 with value: 153.90260314941406.
LOCAL_RANK: 0 - CUDA_VISIBLE_DEVICES: [0]
[I 2023-11-30 05:35:32,652] Trial 20 finished with value: 210.8915557861328 and parameters: {'gradient_clip_val': 0.837652205538012, 'hidden_size': 57, 'dropout': 0.34213673517934867, 'hidden_continuous_size': 20, 'attention_head_size': 4, 'learning_rate': 0.05145872745662412}. Best is trial 6 with value: 153.90260314941406.
LOCAL_RANK: 0 - CUDA_VISIBLE_DEVICES: [0]
[I 2023-11-30 05:35:45,030] Trial 21 finished with value: 144.684326171875 and parameters: {'gradient_clip_val': 0.7896732142587966, 'hidden_size': 30, 'dropout': 0.16276453811980404, 'hidden_continuous_size': 14, 'attention_head_size': 2, 'learning_rate': 0.030448715575874082}. Best is trial 21 with value: 144.684326171875.
LOCAL_RANK: 0 - CUDA_VISIBLE_DEVICES: [0]
[I 2023-11-30 05:35:57,403] Trial 22 finished with value: 213.2579345703125 and parameters: {'gradient_clip_val': 0.9831972508678161, 'hidden_size': 35, 'dropout': 0.20663155457655266, 'hidden_continuous_size': 16, 'attention_head_size': 1, 'learning_rate': 0.022792389155645885}. Best is trial 21 with value: 144.684326171875.
LOCAL_RANK: 0 - CUDA_VISIBLE_DEVICES: [0]
[I 2023-11-30 05:36:09,702] Trial 23 finished with value: 173.4767303466797 and parameters: {'gradient_clip_val': 0.6236391142181734, 'hidden_size': 19, 'dropout': 0.17254012715858558, 'hidden_continuous_size': 11, 'attention_head_size': 2, 'learning_rate': 0.06619761178300734}. Best is trial 21 with value: 144.684326171875.
LOCAL_RANK: 0 - CUDA_VISIBLE_DEVICES: [0]
[I 2023-11-30 05:36:21,663] Trial 24 finished with value: 164.4990234375 and parameters: {'gradient_clip_val': 0.7855711849684603, 'hidden_size': 20, 'dropout': 0.11293531147395974, 'hidden_continuous_size': 11, 'attention_head_size': 2, 'learning_rate': 0.06548480695222138}. Best is trial 21 with value: 144.684326171875.
LOCAL_RANK: 0 - CUDA_VISIBLE_DEVICES: [0]
[I 2023-11-30 05:36:33,646] Trial 25 finished with value: 198.17848205566406 and parameters: {'gradient_clip_val': 0.7874152163818373, 'hidden_size': 22, 'dropout': 0.10103638560170641, 'hidden_continuous_size': 11, 'attention_head_size': 1, 'learning_rate': 0.0713888115966969}. Best is trial 21 with value: 144.684326171875.
LOCAL_RANK: 0 - CUDA_VISIBLE_DEVICES: [0]
[I 2023-11-30 05:36:45,745] Trial 26 finished with value: 206.1862030029297 and parameters: {'gradient_clip_val': 0.8047321135758908, 'hidden_size': 15, 'dropout': 0.13474862945482463, 'hidden_continuous_size': 11, 'attention_head_size': 2, 'learning_rate': 0.046015169671761995}. Best is trial 21 with value: 144.684326171875.
LOCAL_RANK: 0 - CUDA_VISIBLE_DEVICES: [0]
[I 2023-11-30 05:36:57,768] Trial 27 finished with value: 178.9773712158203 and parameters: {'gradient_clip_val': 0.5175910970714309, 'hidden_size': 28, 'dropout': 0.12887055730682984, 'hidden_continuous_size': 13, 'attention_head_size': 2, 'learning_rate': 0.08920466870819291}. Best is trial 21 with value: 144.684326171875.
LOCAL_RANK: 0 - CUDA_VISIBLE_DEVICES: [0]
[I 2023-11-30 05:37:09,698] Trial 28 finished with value: 196.04736328125 and parameters: {'gradient_clip_val': 0.6582421648406268, 'hidden_size': 12, 'dropout': 0.15462940951267404, 'hidden_continuous_size': 10, 'attention_head_size': 1, 'learning_rate': 0.05523064529087405}. Best is trial 21 with value: 144.684326171875.
LOCAL_RANK: 0 - CUDA_VISIBLE_DEVICES: [0]
[I 2023-11-30 05:37:21,740] Trial 29 finished with value: 189.841552734375 and parameters: {'gradient_clip_val': 0.10563771151071248, 'hidden_size': 14, 'dropout': 0.11486918321672979, 'hidden_continuous_size': 11, 'attention_head_size': 2, 'learning_rate': 0.07145829647550739}. Best is trial 21 with value: 144.684326171875.
LOCAL_RANK: 0 - CUDA_VISIBLE_DEVICES: [0]
[I 2023-11-30 05:37:33,814] Trial 30 finished with value: 190.52101135253906 and parameters: {'gradient_clip_val': 0.8902344210815955, 'hidden_size': 18, 'dropout': 0.14153632284445106, 'hidden_continuous_size': 12, 'attention_head_size': 1, 'learning_rate': 0.040898810885815304}. Best is trial 21 with value: 144.684326171875.
LOCAL_RANK: 0 - CUDA_VISIBLE_DEVICES: [0]
[I 2023-11-30 05:37:45,899] Trial 31 finished with value: 148.07839965820312 and parameters: {'gradient_clip_val': 0.6119895940911505, 'hidden_size': 21, 'dropout': 0.1862119167442955, 'hidden_continuous_size': 11, 'attention_head_size': 2, 'learning_rate': 0.05971125157478578}. Best is trial 21 with value: 144.684326171875.
LOCAL_RANK: 0 - CUDA_VISIBLE_DEVICES: [0]
[I 2023-11-30 05:37:58,065] Trial 32 finished with value: 147.8400421142578 and parameters: {'gradient_clip_val': 0.7474971649533217, 'hidden_size': 23, 'dropout': 0.19092692734709088, 'hidden_continuous_size': 12, 'attention_head_size': 2, 'learning_rate': 0.06103068376284356}. Best is trial 21 with value: 144.684326171875.
LOCAL_RANK: 0 - CUDA_VISIBLE_DEVICES: [0]
[I 2023-11-30 05:38:10,262] Trial 33 finished with value: 184.3350067138672 and parameters: {'gradient_clip_val': 0.6123985937243677, 'hidden_size': 24, 'dropout': 0.2018111215283456, 'hidden_continuous_size': 12, 'attention_head_size': 2, 'learning_rate': 0.037518400791879576}. Best is trial 21 with value: 144.684326171875.
LOCAL_RANK: 0 - CUDA_VISIBLE_DEVICES: [0]
[I 2023-11-30 05:38:22,797] Trial 34 finished with value: 174.7382354736328 and parameters: {'gradient_clip_val': 0.7181282818270266, 'hidden_size': 31, 'dropout': 0.18377856661811676, 'hidden_continuous_size': 13, 'attention_head_size': 3, 'learning_rate': 0.055137896869900574}. Best is trial 21 with value: 144.684326171875.
LOCAL_RANK: 0 - CUDA_VISIBLE_DEVICES: [0]
[I 2023-11-30 05:38:34,846] Trial 35 finished with value: 176.814208984375 and parameters: {'gradient_clip_val': 0.8701770383789671, 'hidden_size': 22, 'dropout': 0.18896421202958805, 'hidden_continuous_size': 12, 'attention_head_size': 1, 'learning_rate': 0.026083173616161904}. Best is trial 21 with value: 144.684326171875.
LOCAL_RANK: 0 - CUDA_VISIBLE_DEVICES: [0]
[I 2023-11-30 05:38:46,661] Trial 36 finished with value: 183.1314697265625 and parameters: {'gradient_clip_val': 0.5091801364615388, 'hidden_size': 24, 'dropout': 0.17081902000028582, 'hidden_continuous_size': 13, 'attention_head_size': 2, 'learning_rate': 0.03941229099158694}. Best is trial 21 with value: 144.684326171875.
LOCAL_RANK: 0 - CUDA_VISIBLE_DEVICES: [0]
[I 2023-11-30 05:38:58,596] Trial 37 finished with value: 196.1457977294922 and parameters: {'gradient_clip_val': 0.5988471993067827, 'hidden_size': 16, 'dropout': 0.21913428825634887, 'hidden_continuous_size': 12, 'attention_head_size': 1, 'learning_rate': 0.09819723148683523}. Best is trial 21 with value: 144.684326171875.
LOCAL_RANK: 0 - CUDA_VISIBLE_DEVICES: [0]
[I 2023-11-30 05:39:10,882] Trial 38 finished with value: 200.43988037109375 and parameters: {'gradient_clip_val': 0.7106204919489876, 'hidden_size': 13, 'dropout': 0.19088137993440724, 'hidden_continuous_size': 10, 'attention_head_size': 3, 'learning_rate': 0.034960572706668885}. Best is trial 21 with value: 144.684326171875.
LOCAL_RANK: 0 - CUDA_VISIBLE_DEVICES: [0]
[I 2023-11-30 05:39:22,616] Trial 39 finished with value: 240.68798828125 and parameters: {'gradient_clip_val': 0.9552849442874869, 'hidden_size': 16, 'dropout': 0.24540869331657364, 'hidden_continuous_size': 12, 'attention_head_size': 2, 'learning_rate': 0.018524080829571212}. Best is trial 21 with value: 144.684326171875.
LOCAL_RANK: 0 - CUDA_VISIBLE_DEVICES: [0]
[I 2023-11-30 05:39:34,822] Trial 40 finished with value: 229.6713104248047 and parameters: {'gradient_clip_val': 0.990962758750758, 'hidden_size': 19, 'dropout': 0.2353366957591957, 'hidden_continuous_size': 13, 'attention_head_size': 2, 'learning_rate': 0.027303015760232974}. Best is trial 21 with value: 144.684326171875.
LOCAL_RANK: 0 - CUDA_VISIBLE_DEVICES: [0]
[I 2023-11-30 05:39:46,759] Trial 41 finished with value: 175.4925079345703 and parameters: {'gradient_clip_val': 0.7866171222630961, 'hidden_size': 20, 'dropout': 0.1521753924249781, 'hidden_continuous_size': 11, 'attention_head_size': 2, 'learning_rate': 0.06546921500491415}. Best is trial 21 with value: 144.684326171875.
LOCAL_RANK: 0 - CUDA_VISIBLE_DEVICES: [0]
[I 2023-11-30 05:39:59,125] Trial 42 finished with value: 189.12538146972656 and parameters: {'gradient_clip_val': 0.8667922154955211, 'hidden_size': 31, 'dropout': 0.12170320588850338, 'hidden_continuous_size': 14, 'attention_head_size': 2, 'learning_rate': 0.05981281937200304}. Best is trial 21 with value: 144.684326171875.
LOCAL_RANK: 0 - CUDA_VISIBLE_DEVICES: [0]
[I 2023-11-30 05:40:11,461] Trial 43 finished with value: 189.8617401123047 and parameters: {'gradient_clip_val': 0.6308422872772277, 'hidden_size': 17, 'dropout': 0.14721450733680697, 'hidden_continuous_size': 11, 'attention_head_size': 3, 'learning_rate': 0.07810192483348702}. Best is trial 21 with value: 144.684326171875.
LOCAL_RANK: 0 - CUDA_VISIBLE_DEVICES: [0]
[I 2023-11-30 05:40:23,239] Trial 44 finished with value: 197.7152862548828 and parameters: {'gradient_clip_val': 0.7471333263949147, 'hidden_size': 20, 'dropout': 0.12426826693877109, 'hidden_continuous_size': 12, 'attention_head_size': 1, 'learning_rate': 0.04353512673518032}. Best is trial 21 with value: 144.684326171875.
LOCAL_RANK: 0 - CUDA_VISIBLE_DEVICES: [0]
[I 2023-11-30 05:40:35,258] Trial 45 finished with value: 168.36801147460938 and parameters: {'gradient_clip_val': 0.8406450810449916, 'hidden_size': 13, 'dropout': 0.16568580328146398, 'hidden_continuous_size': 11, 'attention_head_size': 2, 'learning_rate': 0.05644800772538449}. Best is trial 21 with value: 144.684326171875.
LOCAL_RANK: 0 - CUDA_VISIBLE_DEVICES: [0]
[I 2023-11-30 05:40:47,500] Trial 46 finished with value: 180.7364501953125 and parameters: {'gradient_clip_val': 0.7312692820799489, 'hidden_size': 21, 'dropout': 0.13602027294866276, 'hidden_continuous_size': 13, 'attention_head_size': 2, 'learning_rate': 0.048562463905697156}. Best is trial 21 with value: 144.684326171875.
LOCAL_RANK: 0 - CUDA_VISIBLE_DEVICES: [0]
[I 2023-11-30 05:40:59,750] Trial 47 finished with value: 204.8340301513672 and parameters: {'gradient_clip_val': 0.6391035355482185, 'hidden_size': 25, 'dropout': 0.2723446884734855, 'hidden_continuous_size': 10, 'attention_head_size': 1, 'learning_rate': 0.0808684345682692}. Best is trial 21 with value: 144.684326171875.
LOCAL_RANK: 0 - CUDA_VISIBLE_DEVICES: [0]
[I 2023-11-30 05:41:12,030] Trial 48 finished with value: 192.2137451171875 and parameters: {'gradient_clip_val': 0.5598678411313632, 'hidden_size': 15, 'dropout': 0.10524858003175633, 'hidden_continuous_size': 11, 'attention_head_size': 2, 'learning_rate': 0.033679172307958846}. Best is trial 21 with value: 144.684326171875.
LOCAL_RANK: 0 - CUDA_VISIBLE_DEVICES: [0]
[I 2023-11-30 05:41:24,083] Trial 49 finished with value: 162.8251190185547 and parameters: {'gradient_clip_val': 0.912351259355123, 'hidden_size': 19, 'dropout': 0.1782931880665859, 'hidden_continuous_size': 12, 'attention_head_size': 3, 'learning_rate': 0.06613697642505158}. Best is trial 21 with value: 144.684326171875.
LOCAL_RANK: 0 - CUDA_VISIBLE_DEVICES: [0]
[I 2023-11-30 05:41:36,297] Trial 50 finished with value: 175.42626953125 and parameters: {'gradient_clip_val': 0.88593181246995, 'hidden_size': 18, 'dropout': 0.2127942920796441, 'hidden_continuous_size': 12, 'attention_head_size': 3, 'learning_rate': 0.02959028459638719}. Best is trial 21 with value: 144.684326171875.
LOCAL_RANK: 0 - CUDA_VISIBLE_DEVICES: [0]
[I 2023-11-30 05:41:48,582] Trial 51 finished with value: 199.31260681152344 and parameters: {'gradient_clip_val': 0.7463787768734844, 'hidden_size': 22, 'dropout': 0.17986021709049152, 'hidden_continuous_size': 12, 'attention_head_size': 3, 'learning_rate': 0.06549623732740241}. Best is trial 21 with value: 144.684326171875.
LOCAL_RANK: 0 - CUDA_VISIBLE_DEVICES: [0]
[I 2023-11-30 05:42:00,897] Trial 52 finished with value: 141.43630981445312 and parameters: {'gradient_clip_val': 0.9231669081122827, 'hidden_size': 26, 'dropout': 0.1955074097072173, 'hidden_continuous_size': 14, 'attention_head_size': 3, 'learning_rate': 0.07584659543149634}. Best is trial 52 with value: 141.43630981445312.
LOCAL_RANK: 0 - CUDA_VISIBLE_DEVICES: [0]
[I 2023-11-30 05:42:13,362] Trial 53 finished with value: 181.8684844970703 and parameters: {'gradient_clip_val': 0.9272715353946401, 'hidden_size': 26, 'dropout': 0.19794473384055594, 'hidden_continuous_size': 15, 'attention_head_size': 3, 'learning_rate': 0.08454652487972952}. Best is trial 52 with value: 141.43630981445312.
LOCAL_RANK: 0 - CUDA_VISIBLE_DEVICES: [0]
[I 2023-11-30 05:42:25,917] Trial 54 finished with value: 159.6286163330078 and parameters: {'gradient_clip_val': 0.9895265097027434, 'hidden_size': 31, 'dropout': 0.18072395382247552, 'hidden_continuous_size': 14, 'attention_head_size': 3, 'learning_rate': 0.04600680536053336}. Best is trial 52 with value: 141.43630981445312.
LOCAL_RANK: 0 - CUDA_VISIBLE_DEVICES: [0]
[I 2023-11-30 05:42:38,376] Trial 55 finished with value: 177.3372039794922 and parameters: {'gradient_clip_val': 0.9962099489908158, 'hidden_size': 30, 'dropout': 0.16457087853619173, 'hidden_continuous_size': 14, 'attention_head_size': 3, 'learning_rate': 0.04974231228020718}. Best is trial 52 with value: 141.43630981445312.
LOCAL_RANK: 0 - CUDA_VISIBLE_DEVICES: [0]
[I 2023-11-30 05:42:51,156] Trial 56 finished with value: 194.9764404296875 and parameters: {'gradient_clip_val': 0.8348691305608634, 'hidden_size': 37, 'dropout': 0.20911825851383933, 'hidden_continuous_size': 17, 'attention_head_size': 3, 'learning_rate': 0.04332766865682611}. Best is trial 52 with value: 141.43630981445312.
LOCAL_RANK: 0 - CUDA_VISIBLE_DEVICES: [0]
[I 2023-11-30 05:43:04,030] Trial 57 finished with value: 181.52203369140625 and parameters: {'gradient_clip_val': 0.6770551342315995, 'hidden_size': 41, 'dropout': 0.19422905441399563, 'hidden_continuous_size': 15, 'attention_head_size': 3, 'learning_rate': 0.03654895281419484}. Best is trial 52 with value: 141.43630981445312.
LOCAL_RANK: 0 - CUDA_VISIBLE_DEVICES: [0]
[I 2023-11-30 05:43:16,892] Trial 58 finished with value: 178.88153076171875 and parameters: {'gradient_clip_val': 0.6703186627088813, 'hidden_size': 33, 'dropout': 0.22290762413525045, 'hidden_continuous_size': 14, 'attention_head_size': 4, 'learning_rate': 0.024505331462537645}. Best is trial 52 with value: 141.43630981445312.
LOCAL_RANK: 0 - CUDA_VISIBLE_DEVICES: [0]
[I 2023-11-30 05:43:29,127] Trial 59 finished with value: 197.2781219482422 and parameters: {'gradient_clip_val': 0.7906491646506831, 'hidden_size': 28, 'dropout': 0.1843185102133028, 'hidden_continuous_size': 14, 'attention_head_size': 3, 'learning_rate': 0.03172530352225863}. Best is trial 52 with value: 141.43630981445312.
LOCAL_RANK: 0 - CUDA_VISIBLE_DEVICES: [0]
[I 2023-11-30 05:43:41,213] Trial 60 finished with value: 200.5305633544922 and parameters: {'gradient_clip_val': 0.9240041585042318, 'hidden_size': 24, 'dropout': 0.17153406539677724, 'hidden_continuous_size': 13, 'attention_head_size': 3, 'learning_rate': 0.020453677774087225}. Best is trial 52 with value: 141.43630981445312.
LOCAL_RANK: 0 - CUDA_VISIBLE_DEVICES: [0]
[I 2023-11-30 05:43:53,422] Trial 61 finished with value: 227.7187957763672 and parameters: {'gradient_clip_val': 0.9007144556839933, 'hidden_size': 26, 'dropout': 0.1748429933888053, 'hidden_continuous_size': 15, 'attention_head_size': 3, 'learning_rate': 0.07705242931437191}. Best is trial 52 with value: 141.43630981445312.
LOCAL_RANK: 0 - CUDA_VISIBLE_DEVICES: [0]
[I 2023-11-30 05:44:05,386] Trial 62 finished with value: 200.26258850097656 and parameters: {'gradient_clip_val': 0.8368257720196608, 'hidden_size': 28, 'dropout': 0.15660537041403808, 'hidden_continuous_size': 13, 'attention_head_size': 3, 'learning_rate': 0.05638178627198225}. Best is trial 52 with value: 141.43630981445312.
LOCAL_RANK: 0 - CUDA_VISIBLE_DEVICES: [0]
[I 2023-11-30 05:44:17,781] Trial 63 finished with value: 171.830810546875 and parameters: {'gradient_clip_val': 0.9915647870626069, 'hidden_size': 23, 'dropout': 0.19981271155570496, 'hidden_continuous_size': 14, 'attention_head_size': 3, 'learning_rate': 0.047383844015975195}. Best is trial 52 with value: 141.43630981445312.
LOCAL_RANK: 0 - CUDA_VISIBLE_DEVICES: [0]
[I 2023-11-30 05:44:30,149] Trial 64 finished with value: 186.9089813232422 and parameters: {'gradient_clip_val': 0.7536836736907087, 'hidden_size': 33, 'dropout': 0.18195179481645424, 'hidden_continuous_size': 16, 'attention_head_size': 2, 'learning_rate': 0.07186807488843755}. Best is trial 52 with value: 141.43630981445312.
LOCAL_RANK: 0 - CUDA_VISIBLE_DEVICES: [0]
[I 2023-11-30 05:44:42,431] Trial 65 finished with value: 189.88661193847656 and parameters: {'gradient_clip_val': 0.6872462966891039, 'hidden_size': 21, 'dropout': 0.20568617685610838, 'hidden_continuous_size': 13, 'attention_head_size': 4, 'learning_rate': 0.0988616720434113}. Best is trial 52 with value: 141.43630981445312.
LOCAL_RANK: 0 - CUDA_VISIBLE_DEVICES: [0]
[I 2023-11-30 05:44:54,564] Trial 66 finished with value: 213.7835693359375 and parameters: {'gradient_clip_val': 0.9008760547580915, 'hidden_size': 26, 'dropout': 0.16231215333682458, 'hidden_continuous_size': 13, 'attention_head_size': 3, 'learning_rate': 0.06199763494516244}. Best is trial 52 with value: 141.43630981445312.
LOCAL_RANK: 0 - CUDA_VISIBLE_DEVICES: [0]
[I 2023-11-30 05:45:06,678] Trial 67 finished with value: 193.65325927734375 and parameters: {'gradient_clip_val': 0.8149255339597798, 'hidden_size': 18, 'dropout': 0.1936503614880093, 'hidden_continuous_size': 12, 'attention_head_size': 2, 'learning_rate': 0.041206896344394534}. Best is trial 52 with value: 141.43630981445312.
LOCAL_RANK: 0 - CUDA_VISIBLE_DEVICES: [0]
[I 2023-11-30 05:45:18,998] Trial 68 finished with value: 189.5462188720703 and parameters: {'gradient_clip_val': 0.5852188027656168, 'hidden_size': 23, 'dropout': 0.14478387641708226, 'hidden_continuous_size': 14, 'attention_head_size': 3, 'learning_rate': 0.05191781972184198}. Best is trial 52 with value: 141.43630981445312.
LOCAL_RANK: 0 - CUDA_VISIBLE_DEVICES: [0]
[I 2023-11-30 05:45:31,273] Trial 69 finished with value: 186.76905822753906 and parameters: {'gradient_clip_val': 0.7472118367475261, 'hidden_size': 29, 'dropout': 0.17910053364724443, 'hidden_continuous_size': 16, 'attention_head_size': 1, 'learning_rate': 0.08766891839761497}. Best is trial 52 with value: 141.43630981445312.
LOCAL_RANK: 0 - CUDA_VISIBLE_DEVICES: [0]
[I 2023-11-30 05:45:43,911] Trial 70 finished with value: 176.3444366455078 and parameters: {'gradient_clip_val': 0.9258521668839849, 'hidden_size': 38, 'dropout': 0.18780082540618276, 'hidden_continuous_size': 17, 'attention_head_size': 2, 'learning_rate': 0.060764693409915985}. Best is trial 52 with value: 141.43630981445312.
LOCAL_RANK: 0 - CUDA_VISIBLE_DEVICES: [0]
[I 2023-11-30 05:45:55,840] Trial 71 finished with value: 158.32972717285156 and parameters: {'gradient_clip_val': 0.8010107110345149, 'hidden_size': 20, 'dropout': 0.14425848888201376, 'hidden_continuous_size': 11, 'attention_head_size': 2, 'learning_rate': 0.075637397573397}. Best is trial 52 with value: 141.43630981445312.
LOCAL_RANK: 0 - CUDA_VISIBLE_DEVICES: [0]
[I 2023-11-30 05:46:07,686] Trial 72 finished with value: 182.20068359375 and parameters: {'gradient_clip_val': 0.8532003900581566, 'hidden_size': 20, 'dropout': 0.1561581390097811, 'hidden_continuous_size': 11, 'attention_head_size': 2, 'learning_rate': 0.07251762540764059}. Best is trial 52 with value: 141.43630981445312.
LOCAL_RANK: 0 - CUDA_VISIBLE_DEVICES: [0]
[I 2023-11-30 05:46:19,918] Trial 73 finished with value: 183.81932067871094 and parameters: {'gradient_clip_val': 0.7089579362895515, 'hidden_size': 26, 'dropout': 0.14838580694252532, 'hidden_continuous_size': 10, 'attention_head_size': 2, 'learning_rate': 0.052560752229413664}. Best is trial 52 with value: 141.43630981445312.
LOCAL_RANK: 0 - CUDA_VISIBLE_DEVICES: [0]
