[I 2023-11-30 09:32:42,051] Trial 76 finished with value: 125.7285385131836 and parameters: {'gradient_clip_val': 0.11532857317238664, 'hidden_size': 69, 'dropout': 0.17843040813779118, 'hidden_continuous_size': 60, 'attention_head_size': 3, 'learning_rate': 0.04850825548298376}. Best is trial 14 with value: 92.18594360351562.
LOCAL_RANK: 0 - CUDA_VISIBLE_DEVICES: [0]
[I 2023-11-30 09:32:56,171] Trial 77 finished with value: 122.61608123779297 and parameters: {'gradient_clip_val': 0.12024012251327038, 'hidden_size': 81, 'dropout': 0.16851181085546588, 'hidden_continuous_size': 67, 'attention_head_size': 3, 'learning_rate': 0.0743517246882637}. Best is trial 14 with value: 92.18594360351562.
LOCAL_RANK: 0 - CUDA_VISIBLE_DEVICES: [0]
[I 2023-11-30 09:33:09,818] Trial 78 finished with value: 80.40518951416016 and parameters: {'gradient_clip_val': 0.10371692346717831, 'hidden_size': 57, 'dropout': 0.14679653456040093, 'hidden_continuous_size': 51, 'attention_head_size': 4, 'learning_rate': 0.08628720669201828}. Best is trial 78 with value: 80.40518951416016.
LOCAL_RANK: 0 - CUDA_VISIBLE_DEVICES: [0]
[I 2023-11-30 09:33:23,381] Trial 79 finished with value: 133.25462341308594 and parameters: {'gradient_clip_val': 0.10526361757368156, 'hidden_size': 55, 'dropout': 0.15782819998504372, 'hidden_continuous_size': 51, 'attention_head_size': 4, 'learning_rate': 0.08912962084336574}. Best is trial 78 with value: 80.40518951416016.
LOCAL_RANK: 0 - CUDA_VISIBLE_DEVICES: [0]
[I 2023-11-30 09:33:36,951] Trial 80 finished with value: 151.70591735839844 and parameters: {'gradient_clip_val': 0.13326247608583566, 'hidden_size': 60, 'dropout': 0.13519032260464237, 'hidden_continuous_size': 53, 'attention_head_size': 3, 'learning_rate': 0.07977259761970781}. Best is trial 78 with value: 80.40518951416016.
LOCAL_RANK: 0 - CUDA_VISIBLE_DEVICES: [0]
[I 2023-11-30 09:33:51,057] Trial 81 finished with value: 189.4590606689453 and parameters: {'gradient_clip_val': 0.10561091127957076, 'hidden_size': 71, 'dropout': 0.1503458601435873, 'hidden_continuous_size': 59, 'attention_head_size': 4, 'learning_rate': 0.06819495736421494}. Best is trial 78 with value: 80.40518951416016.
LOCAL_RANK: 0 - CUDA_VISIBLE_DEVICES: [0]
[I 2023-11-30 09:34:04,895] Trial 82 finished with value: 106.98309326171875 and parameters: {'gradient_clip_val': 0.1197827461942485, 'hidden_size': 65, 'dropout': 0.14118474357627941, 'hidden_continuous_size': 58, 'attention_head_size': 4, 'learning_rate': 0.057444727601146384}. Best is trial 78 with value: 80.40518951416016.
LOCAL_RANK: 0 - CUDA_VISIBLE_DEVICES: [0]
[I 2023-11-30 09:34:18,613] Trial 83 finished with value: 173.3826904296875 and parameters: {'gradient_clip_val': 0.10024015199740485, 'hidden_size': 58, 'dropout': 0.14240059868404753, 'hidden_continuous_size': 53, 'attention_head_size': 4, 'learning_rate': 0.0418391783841238}. Best is trial 78 with value: 80.40518951416016.
LOCAL_RANK: 0 - CUDA_VISIBLE_DEVICES: [0]
[I 2023-11-30 09:34:32,254] Trial 84 finished with value: 122.6354751586914 and parameters: {'gradient_clip_val': 0.1213746153661841, 'hidden_size': 65, 'dropout': 0.16096797958296027, 'hidden_continuous_size': 49, 'attention_head_size': 4, 'learning_rate': 0.06007596000260391}. Best is trial 78 with value: 80.40518951416016.
LOCAL_RANK: 0 - CUDA_VISIBLE_DEVICES: [0]
[I 2023-11-30 09:34:45,788] Trial 85 finished with value: 219.8229217529297 and parameters: {'gradient_clip_val': 0.11225678540420739, 'hidden_size': 54, 'dropout': 0.1670055188527207, 'hidden_continuous_size': 50, 'attention_head_size': 4, 'learning_rate': 0.04879145928564556}. Best is trial 78 with value: 80.40518951416016.
LOCAL_RANK: 0 - CUDA_VISIBLE_DEVICES: [0]
[I 2023-11-30 09:34:59,415] Trial 86 finished with value: 99.54925537109375 and parameters: {'gradient_clip_val': 0.1374930591558106, 'hidden_size': 64, 'dropout': 0.13338489284778862, 'hidden_continuous_size': 56, 'attention_head_size': 3, 'learning_rate': 0.05529081304220392}. Best is trial 78 with value: 80.40518951416016.
LOCAL_RANK: 0 - CUDA_VISIBLE_DEVICES: [0]
[I 2023-11-30 09:35:13,332] Trial 87 finished with value: 144.4755859375 and parameters: {'gradient_clip_val': 0.1311392994790166, 'hidden_size': 79, 'dropout': 0.13136513182568016, 'hidden_continuous_size': 56, 'attention_head_size': 3, 'learning_rate': 0.08259019989623322}. Best is trial 78 with value: 80.40518951416016.
LOCAL_RANK: 0 - CUDA_VISIBLE_DEVICES: [0]
[I 2023-11-30 09:35:26,990] Trial 88 finished with value: 126.04488372802734 and parameters: {'gradient_clip_val': 0.1423242960921497, 'hidden_size': 62, 'dropout': 0.12101642539148803, 'hidden_continuous_size': 57, 'attention_head_size': 3, 'learning_rate': 0.03737884025635538}. Best is trial 78 with value: 80.40518951416016.
LOCAL_RANK: 0 - CUDA_VISIBLE_DEVICES: [0]
[I 2023-11-30 09:35:40,842] Trial 89 finished with value: 142.4608612060547 and parameters: {'gradient_clip_val': 0.11229391612342439, 'hidden_size': 69, 'dropout': 0.15593392057730981, 'hidden_continuous_size': 62, 'attention_head_size': 3, 'learning_rate': 0.06536901455165507}. Best is trial 78 with value: 80.40518951416016.
LOCAL_RANK: 0 - CUDA_VISIBLE_DEVICES: [0]
[I 2023-11-30 09:35:54,394] Trial 90 finished with value: 145.4514923095703 and parameters: {'gradient_clip_val': 0.14153232080076975, 'hidden_size': 51, 'dropout': 0.19753378393451362, 'hidden_continuous_size': 46, 'attention_head_size': 3, 'learning_rate': 0.04456749280998238}. Best is trial 78 with value: 80.40518951416016.
LOCAL_RANK: 0 - CUDA_VISIBLE_DEVICES: [0]
[I 2023-11-30 09:36:08,231] Trial 91 finished with value: 120.26212310791016 and parameters: {'gradient_clip_val': 0.1191696945326982, 'hidden_size': 66, 'dropout': 0.14112880673793068, 'hidden_continuous_size': 58, 'attention_head_size': 4, 'learning_rate': 0.05543859609397372}. Best is trial 78 with value: 80.40518951416016.
LOCAL_RANK: 0 - CUDA_VISIBLE_DEVICES: [0]
[I 2023-11-30 09:36:22,534] Trial 92 finished with value: 134.16844177246094 and parameters: {'gradient_clip_val': 0.10619171530037974, 'hidden_size': 75, 'dropout': 0.14947266577360013, 'hidden_continuous_size': 65, 'attention_head_size': 3, 'learning_rate': 0.07288488389259669}. Best is trial 78 with value: 80.40518951416016.
LOCAL_RANK: 0 - CUDA_VISIBLE_DEVICES: [0]
[I 2023-11-30 09:36:35,905] Trial 93 finished with value: 108.47663116455078 and parameters: {'gradient_clip_val': 0.1256327012119867, 'hidden_size': 48, 'dropout': 0.13380153038659295, 'hidden_continuous_size': 45, 'attention_head_size': 4, 'learning_rate': 0.05280495556565644}. Best is trial 78 with value: 80.40518951416016.
LOCAL_RANK: 0 - CUDA_VISIBLE_DEVICES: [0]
[I 2023-11-30 09:36:49,926] Trial 94 finished with value: 189.568603515625 and parameters: {'gradient_clip_val': 0.11608354053497018, 'hidden_size': 84, 'dropout': 0.17710231509034724, 'hidden_continuous_size': 70, 'attention_head_size': 3, 'learning_rate': 0.03232265090412294}. Best is trial 78 with value: 80.40518951416016.
LOCAL_RANK: 0 - CUDA_VISIBLE_DEVICES: [0]
[I 2023-11-30 09:37:03,566] Trial 95 finished with value: 135.54539489746094 and parameters: {'gradient_clip_val': 0.1315306075742051, 'hidden_size': 57, 'dropout': 0.14408989812070452, 'hidden_continuous_size': 52, 'attention_head_size': 4, 'learning_rate': 0.09315145185555398}. Best is trial 78 with value: 80.40518951416016.
LOCAL_RANK: 0 - CUDA_VISIBLE_DEVICES: [0]
[I 2023-11-30 09:37:16,928] Trial 96 finished with value: 108.25035858154297 and parameters: {'gradient_clip_val': 0.1096295688195492, 'hidden_size': 64, 'dropout': 0.12629873820153698, 'hidden_continuous_size': 60, 'attention_head_size': 3, 'learning_rate': 0.05832599280993768}. Best is trial 78 with value: 80.40518951416016.
LOCAL_RANK: 0 - CUDA_VISIBLE_DEVICES: [0]
[I 2023-11-30 09:37:30,983] Trial 97 finished with value: 169.83758544921875 and parameters: {'gradient_clip_val': 0.12513916994069485, 'hidden_size': 69, 'dropout': 0.16759081996973063, 'hidden_continuous_size': 61, 'attention_head_size': 4, 'learning_rate': 0.06802467301906975}. Best is trial 78 with value: 80.40518951416016.
LOCAL_RANK: 0 - CUDA_VISIBLE_DEVICES: [0]
[I 2023-11-30 09:37:44,819] Trial 98 finished with value: 239.0767364501953 and parameters: {'gradient_clip_val': 0.10333295857134048, 'hidden_size': 89, 'dropout': 0.15697406425002292, 'hidden_continuous_size': 42, 'attention_head_size': 3, 'learning_rate': 0.04632637351043677}. Best is trial 78 with value: 80.40518951416016.
LOCAL_RANK: 0 - CUDA_VISIBLE_DEVICES: [0]
[I 2023-11-30 09:37:58,531] Trial 99 finished with value: 179.3094482421875 and parameters: {'gradient_clip_val': 0.1376568732372239, 'hidden_size': 74, 'dropout': 0.14647722000243246, 'hidden_continuous_size': 48, 'attention_head_size': 3, 'learning_rate': 0.037851409758245455}. Best is trial 78 with value: 80.40518951416016.
LOCAL_RANK: 0 - CUDA_VISIBLE_DEVICES: [0]
[I 2023-11-30 09:38:12,521] Trial 100 finished with value: 133.7130584716797 and parameters: {'gradient_clip_val': 0.11861677797738947, 'hidden_size': 95, 'dropout': 0.1365893484117471, 'hidden_continuous_size': 42, 'attention_head_size': 4, 'learning_rate': 0.07890721638423417}. Best is trial 78 with value: 80.40518951416016.
LOCAL_RANK: 0 - CUDA_VISIBLE_DEVICES: [0]
[I 2023-11-30 09:38:26,085] Trial 101 finished with value: 153.9010772705078 and parameters: {'gradient_clip_val': 0.11135808782808625, 'hidden_size': 62, 'dropout': 0.12837283718092424, 'hidden_continuous_size': 56, 'attention_head_size': 3, 'learning_rate': 0.05634645926544983}. Best is trial 78 with value: 80.40518951416016.
LOCAL_RANK: 0 - CUDA_VISIBLE_DEVICES: [0]
[I 2023-11-30 09:38:40,059] Trial 102 finished with value: 177.4446563720703 and parameters: {'gradient_clip_val': 0.10912468405259375, 'hidden_size': 66, 'dropout': 0.1067122727444697, 'hidden_continuous_size': 60, 'attention_head_size': 3, 'learning_rate': 0.06208477380210744}. Best is trial 78 with value: 80.40518951416016.
LOCAL_RANK: 0 - CUDA_VISIBLE_DEVICES: [0]
[I 2023-11-30 09:38:54,081] Trial 103 finished with value: 157.41566467285156 and parameters: {'gradient_clip_val': 0.10427156531920723, 'hidden_size': 77, 'dropout': 0.12366696052789222, 'hidden_continuous_size': 65, 'attention_head_size': 3, 'learning_rate': 0.05118004250950879}. Best is trial 78 with value: 80.40518951416016.
LOCAL_RANK: 0 - CUDA_VISIBLE_DEVICES: [0]
[I 2023-11-30 09:39:08,221] Trial 104 finished with value: 130.81982421875 and parameters: {'gradient_clip_val': 0.12565936987194173, 'hidden_size': 81, 'dropout': 0.11614631180907578, 'hidden_continuous_size': 71, 'attention_head_size': 3, 'learning_rate': 0.04310125864982051}. Best is trial 78 with value: 80.40518951416016.
LOCAL_RANK: 0 - CUDA_VISIBLE_DEVICES: [0]
[I 2023-11-30 09:39:21,974] Trial 105 finished with value: 138.08502197265625 and parameters: {'gradient_clip_val': 0.11798015435068317, 'hidden_size': 63, 'dropout': 0.14094163098597914, 'hidden_continuous_size': 57, 'attention_head_size': 3, 'learning_rate': 0.057715260345487955}. Best is trial 78 with value: 80.40518951416016.
LOCAL_RANK: 0 - CUDA_VISIBLE_DEVICES: [0]
[I 2023-11-30 09:39:35,631] Trial 106 finished with value: 125.3250732421875 and parameters: {'gradient_clip_val': 0.11087202538093535, 'hidden_size': 58, 'dropout': 0.1318209359218214, 'hidden_continuous_size': 54, 'attention_head_size': 3, 'learning_rate': 0.07113474446397981}. Best is trial 78 with value: 80.40518951416016.
LOCAL_RANK: 0 - CUDA_VISIBLE_DEVICES: [0]
[I 2023-11-30 09:39:49,637] Trial 107 finished with value: 121.75214385986328 and parameters: {'gradient_clip_val': 0.10103172662200562, 'hidden_size': 72, 'dropout': 0.15075970148087825, 'hidden_continuous_size': 62, 'attention_head_size': 3, 'learning_rate': 0.08600326439231484}. Best is trial 78 with value: 80.40518951416016.
LOCAL_RANK: 0 - CUDA_VISIBLE_DEVICES: [0]
[I 2023-11-30 09:40:03,525] Trial 108 finished with value: 147.15296936035156 and parameters: {'gradient_clip_val': 0.14804766952060142, 'hidden_size': 84, 'dropout': 0.12537490948324778, 'hidden_continuous_size': 50, 'attention_head_size': 4, 'learning_rate': 0.0647949157195438}. Best is trial 78 with value: 80.40518951416016.
LOCAL_RANK: 0 - CUDA_VISIBLE_DEVICES: [0]
[I 2023-11-30 09:40:17,387] Trial 109 finished with value: 203.6055450439453 and parameters: {'gradient_clip_val': 0.13632273476445894, 'hidden_size': 67, 'dropout': 0.16503800235235613, 'hidden_continuous_size': 60, 'attention_head_size': 3, 'learning_rate': 0.04949913568812712}. Best is trial 78 with value: 80.40518951416016.
LOCAL_RANK: 0 - CUDA_VISIBLE_DEVICES: [0]
[I 2023-11-30 09:40:31,398] Trial 110 finished with value: 128.78929138183594 and parameters: {'gradient_clip_val': 0.12320549751286242, 'hidden_size': 89, 'dropout': 0.13656317371983234, 'hidden_continuous_size': 45, 'attention_head_size': 3, 'learning_rate': 0.04062810754360152}. Best is trial 78 with value: 80.40518951416016.
LOCAL_RANK: 0 - CUDA_VISIBLE_DEVICES: [0]
[I 2023-11-30 09:40:44,815] Trial 111 finished with value: 127.90291595458984 and parameters: {'gradient_clip_val': 0.13111055082190318, 'hidden_size': 48, 'dropout': 0.14567091212982458, 'hidden_continuous_size': 45, 'attention_head_size': 4, 'learning_rate': 0.05370101695744407}. Best is trial 78 with value: 80.40518951416016.
LOCAL_RANK: 0 - CUDA_VISIBLE_DEVICES: [0]
[I 2023-11-30 09:40:58,558] Trial 112 finished with value: 142.5848846435547 and parameters: {'gradient_clip_val': 0.12604728081189043, 'hidden_size': 55, 'dropout': 0.11848881158219537, 'hidden_continuous_size': 52, 'attention_head_size': 4, 'learning_rate': 0.05651082355593613}. Best is trial 78 with value: 80.40518951416016.
LOCAL_RANK: 0 - CUDA_VISIBLE_DEVICES: [0]
[I 2023-11-30 09:41:12,068] Trial 113 finished with value: 152.81849670410156 and parameters: {'gradient_clip_val': 0.11548589072144197, 'hidden_size': 46, 'dropout': 0.1344924375849597, 'hidden_continuous_size': 44, 'attention_head_size': 4, 'learning_rate': 0.04751280028919364}. Best is trial 78 with value: 80.40518951416016.
LOCAL_RANK: 0 - CUDA_VISIBLE_DEVICES: [0]
[I 2023-11-30 09:41:25,467] Trial 114 finished with value: 170.5293426513672 and parameters: {'gradient_clip_val': 0.10756336980188175, 'hidden_size': 52, 'dropout': 0.1000669085485276, 'hidden_continuous_size': 48, 'attention_head_size': 4, 'learning_rate': 0.034205328650856764}. Best is trial 78 with value: 80.40518951416016.
LOCAL_RANK: 0 - CUDA_VISIBLE_DEVICES: [0]
[I 2023-11-30 09:41:39,168] Trial 115 finished with value: 152.02735900878906 and parameters: {'gradient_clip_val': 0.11978938289363791, 'hidden_size': 63, 'dropout': 0.15629998570484777, 'hidden_continuous_size': 58, 'attention_head_size': 4, 'learning_rate': 0.06183167265585162}. Best is trial 78 with value: 80.40518951416016.
LOCAL_RANK: 0 - CUDA_VISIBLE_DEVICES: [0]
[I 2023-11-30 09:41:52,855] Trial 116 finished with value: 168.79405212402344 and parameters: {'gradient_clip_val': 0.1109646536683019, 'hidden_size': 59, 'dropout': 0.127822665035307, 'hidden_continuous_size': 55, 'attention_head_size': 4, 'learning_rate': 0.073021594276856}. Best is trial 78 with value: 80.40518951416016.
LOCAL_RANK: 0 - CUDA_VISIBLE_DEVICES: [0]
[I 2023-11-30 09:42:06,977] Trial 117 finished with value: 129.88780212402344 and parameters: {'gradient_clip_val': 0.15324270744890772, 'hidden_size': 69, 'dropout': 0.10901455145015626, 'hidden_continuous_size': 63, 'attention_head_size': 4, 'learning_rate': 0.05370625553053166}. Best is trial 78 with value: 80.40518951416016.
LOCAL_RANK: 0 - CUDA_VISIBLE_DEVICES: [0]
[I 2023-11-30 09:42:21,253] Trial 118 finished with value: 160.34521484375 and parameters: {'gradient_clip_val': 0.12805721626213198, 'hidden_size': 99, 'dropout': 0.15191543861478124, 'hidden_continuous_size': 79, 'attention_head_size': 3, 'learning_rate': 0.04282566935122699}. Best is trial 78 with value: 80.40518951416016.
LOCAL_RANK: 0 - CUDA_VISIBLE_DEVICES: [0]
[I 2023-11-30 09:42:34,439] Trial 119 finished with value: 119.07403564453125 and parameters: {'gradient_clip_val': 0.10526057286745504, 'hidden_size': 41, 'dropout': 0.13948706270625705, 'hidden_continuous_size': 40, 'attention_head_size': 4, 'learning_rate': 0.03708105263197089}. Best is trial 78 with value: 80.40518951416016.
LOCAL_RANK: 0 - CUDA_VISIBLE_DEVICES: [0]
[I 2023-11-30 09:42:47,989] Trial 120 finished with value: 242.3557891845703 and parameters: {'gradient_clip_val': 0.1003171310391429, 'hidden_size': 54, 'dropout': 0.1322210999636455, 'hidden_continuous_size': 51, 'attention_head_size': 3, 'learning_rate': 0.050756980968403594}. Best is trial 78 with value: 80.40518951416016.
LOCAL_RANK: 0 - CUDA_VISIBLE_DEVICES: [0]
[I 2023-11-30 09:43:02,290] Trial 121 finished with value: 152.0510711669922 and parameters: {'gradient_clip_val': 0.12223636464222419, 'hidden_size': 104, 'dropout': 0.14558767420974883, 'hidden_continuous_size': 73, 'attention_head_size': 4, 'learning_rate': 0.06557966723912412}. Best is trial 78 with value: 80.40518951416016.
LOCAL_RANK: 0 - CUDA_VISIBLE_DEVICES: [0]
[I 2023-11-30 09:43:16,594] Trial 122 finished with value: 95.5736083984375 and parameters: {'gradient_clip_val': 0.1170776482261591, 'hidden_size': 77, 'dropout': 0.15994169014665088, 'hidden_continuous_size': 68, 'attention_head_size': 4, 'learning_rate': 0.07968662215698245}. Best is trial 78 with value: 80.40518951416016.
LOCAL_RANK: 0 - CUDA_VISIBLE_DEVICES: [0]
[I 2023-11-30 09:43:30,637] Trial 123 finished with value: 149.45416259765625 and parameters: {'gradient_clip_val': 0.11451799644192692, 'hidden_size': 76, 'dropout': 0.17165066340108617, 'hidden_continuous_size': 67, 'attention_head_size': 4, 'learning_rate': 0.07794976949377119}. Best is trial 78 with value: 80.40518951416016.
LOCAL_RANK: 0 - CUDA_VISIBLE_DEVICES: [0]
[I 2023-11-30 09:43:44,377] Trial 124 finished with value: 132.42591857910156 and parameters: {'gradient_clip_val': 0.14058422643009716, 'hidden_size': 64, 'dropout': 0.16275843006904347, 'hidden_continuous_size': 59, 'attention_head_size': 4, 'learning_rate': 0.09983185233483528}. Best is trial 78 with value: 80.40518951416016.
LOCAL_RANK: 0 - CUDA_VISIBLE_DEVICES: [0]
[I 2023-11-30 09:43:58,464] Trial 125 finished with value: 134.3475341796875 and parameters: {'gradient_clip_val': 0.11015345889618522, 'hidden_size': 73, 'dropout': 0.15700666661205065, 'hidden_continuous_size': 68, 'attention_head_size': 4, 'learning_rate': 0.08782314605477475}. Best is trial 78 with value: 80.40518951416016.
LOCAL_RANK: 0 - CUDA_VISIBLE_DEVICES: [0]
[I 2023-11-30 09:44:12,608] Trial 126 finished with value: 98.87274169921875 and parameters: {'gradient_clip_val': 0.13386772390314322, 'hidden_size': 82, 'dropout': 0.17872511667937296, 'hidden_continuous_size': 74, 'attention_head_size': 4, 'learning_rate': 0.05778691938818547}. Best is trial 78 with value: 80.40518951416016.
LOCAL_RANK: 0 - CUDA_VISIBLE_DEVICES: [0]
[I 2023-11-30 09:44:26,866] Trial 127 finished with value: 123.0816879272461 and parameters: {'gradient_clip_val': 0.11553711346429951, 'hidden_size': 80, 'dropout': 0.179884882777335, 'hidden_continuous_size': 73, 'attention_head_size': 3, 'learning_rate': 0.05964134710921447}. Best is trial 78 with value: 80.40518951416016.
LOCAL_RANK: 0 - CUDA_VISIBLE_DEVICES: [0]
[I 2023-11-30 09:44:41,118] Trial 128 finished with value: 145.2349395751953 and parameters: {'gradient_clip_val': 0.13417298922052218, 'hidden_size': 93, 'dropout': 0.17506374694616944, 'hidden_continuous_size': 78, 'attention_head_size': 4, 'learning_rate': 0.0710974324170052}. Best is trial 78 with value: 80.40518951416016.
LOCAL_RANK: 0 - CUDA_VISIBLE_DEVICES: [0]
[I 2023-11-30 09:44:55,223] Trial 129 finished with value: 117.22122192382812 and parameters: {'gradient_clip_val': 0.10502272864053346, 'hidden_size': 83, 'dropout': 0.18409704494008106, 'hidden_continuous_size': 71, 'attention_head_size': 3, 'learning_rate': 0.07766903731917049}. Best is trial 78 with value: 80.40518951416016.
LOCAL_RANK: 0 - CUDA_VISIBLE_DEVICES: [0]
[I 2023-11-30 09:45:09,450] Trial 130 finished with value: 141.9115753173828 and parameters: {'gradient_clip_val': 0.14354952552245412, 'hidden_size': 87, 'dropout': 0.16581804057899224, 'hidden_continuous_size': 74, 'attention_head_size': 4, 'learning_rate': 0.045454460803621755}. Best is trial 78 with value: 80.40518951416016.
LOCAL_RANK: 0 - CUDA_VISIBLE_DEVICES: [0]
[I 2023-11-30 09:45:23,515] Trial 131 finished with value: 104.85562133789062 and parameters: {'gradient_clip_val': 0.1284152972627615, 'hidden_size': 70, 'dropout': 0.1495930489330585, 'hidden_continuous_size': 65, 'attention_head_size': 4, 'learning_rate': 0.053221819364884966}. Best is trial 78 with value: 80.40518951416016.
LOCAL_RANK: 0 - CUDA_VISIBLE_DEVICES: [0]
[I 2023-11-30 09:45:37,620] Trial 132 finished with value: 140.42355346679688 and parameters: {'gradient_clip_val': 0.11974617072381682, 'hidden_size': 69, 'dropout': 0.1518328667781482, 'hidden_continuous_size': 64, 'attention_head_size': 4, 'learning_rate': 0.06661244053737181}. Best is trial 78 with value: 80.40518951416016.
LOCAL_RANK: 0 - CUDA_VISIBLE_DEVICES: [0]
[I 2023-11-30 09:45:51,781] Trial 133 finished with value: 121.87932586669922 and parameters: {'gradient_clip_val': 0.12963308344436061, 'hidden_size': 77, 'dropout': 0.16009975991094647, 'hidden_continuous_size': 68, 'attention_head_size': 4, 'learning_rate': 0.05926401976317212}. Best is trial 78 with value: 80.40518951416016.
LOCAL_RANK: 0 - CUDA_VISIBLE_DEVICES: [0]
[I 2023-11-30 09:46:05,766] Trial 134 finished with value: 119.8239517211914 and parameters: {'gradient_clip_val': 0.1128011277617123, 'hidden_size': 73, 'dropout': 0.14310052354885552, 'hidden_continuous_size': 66, 'attention_head_size': 4, 'learning_rate': 0.048005610786930254}. Best is trial 78 with value: 80.40518951416016.
LOCAL_RANK: 0 - CUDA_VISIBLE_DEVICES: [0]
