[I 2023-11-30 07:11:49,386] Trial 34 finished with value: 68.9488525390625 and parameters: {'gradient_clip_val': 0.71850435749597, 'hidden_size': 64, 'dropout': 0.19227409441447404, 'hidden_continuous_size': 34, 'attention_head_size': 1, 'learning_rate': 0.009761036956730152}. Best is trial 33 with value: 62.829803466796875.
LOCAL_RANK: 0 - CUDA_VISIBLE_DEVICES: [0]
[I 2023-11-30 07:12:02,023] Trial 35 finished with value: 74.39903259277344 and parameters: {'gradient_clip_val': 0.8351414180310408, 'hidden_size': 37, 'dropout': 0.22755394622542877, 'hidden_continuous_size': 24, 'attention_head_size': 2, 'learning_rate': 0.015384273007141493}. Best is trial 33 with value: 62.829803466796875.
LOCAL_RANK: 0 - CUDA_VISIBLE_DEVICES: [0]
[I 2023-11-30 07:12:15,683] Trial 36 finished with value: 55.15281295776367 and parameters: {'gradient_clip_val': 0.872784718622204, 'hidden_size': 77, 'dropout': 0.3711908732445743, 'hidden_continuous_size': 53, 'attention_head_size': 1, 'learning_rate': 0.00992707691916775}. Best is trial 36 with value: 55.15281295776367.
LOCAL_RANK: 0 - CUDA_VISIBLE_DEVICES: [0]
[I 2023-11-30 07:12:29,240] Trial 37 finished with value: 68.63164520263672 and parameters: {'gradient_clip_val': 0.839721152688221, 'hidden_size': 54, 'dropout': 0.37438049429437614, 'hidden_continuous_size': 33, 'attention_head_size': 1, 'learning_rate': 0.0099724771267724}. Best is trial 36 with value: 55.15281295776367.
LOCAL_RANK: 0 - CUDA_VISIBLE_DEVICES: [0]
[I 2023-11-30 07:12:42,783] Trial 38 finished with value: 71.87181854248047 and parameters: {'gradient_clip_val': 0.4275903946818388, 'hidden_size': 75, 'dropout': 0.35564033974608755, 'hidden_continuous_size': 43, 'attention_head_size': 1, 'learning_rate': 0.025125119303931347}. Best is trial 36 with value: 55.15281295776367.
LOCAL_RANK: 0 - CUDA_VISIBLE_DEVICES: [0]
[I 2023-11-30 07:12:55,906] Trial 39 finished with value: 74.73037719726562 and parameters: {'gradient_clip_val': 0.34564672681969705, 'hidden_size': 49, 'dropout': 0.2583694523957095, 'hidden_continuous_size': 39, 'attention_head_size': 1, 'learning_rate': 0.0082392136069536}. Best is trial 36 with value: 55.15281295776367.
LOCAL_RANK: 0 - CUDA_VISIBLE_DEVICES: [0]
[I 2023-11-30 07:13:09,299] Trial 40 finished with value: 73.9481201171875 and parameters: {'gradient_clip_val': 0.8980734739054188, 'hidden_size': 61, 'dropout': 0.3125455507320256, 'hidden_continuous_size': 43, 'attention_head_size': 1, 'learning_rate': 0.011796638028043739}. Best is trial 36 with value: 55.15281295776367.
LOCAL_RANK: 0 - CUDA_VISIBLE_DEVICES: [0]
[I 2023-11-30 07:13:23,339] Trial 41 finished with value: 73.75749969482422 and parameters: {'gradient_clip_val': 0.7131878718431919, 'hidden_size': 113, 'dropout': 0.37136880989502036, 'hidden_continuous_size': 56, 'attention_head_size': 2, 'learning_rate': 0.004764181344216003}. Best is trial 36 with value: 55.15281295776367.
LOCAL_RANK: 0 - CUDA_VISIBLE_DEVICES: [0]
[I 2023-11-30 07:13:37,768] Trial 42 finished with value: 69.03425598144531 and parameters: {'gradient_clip_val': 0.912611527067597, 'hidden_size': 130, 'dropout': 0.18555815479976956, 'hidden_continuous_size': 64, 'attention_head_size': 3, 'learning_rate': 0.015547607508165372}. Best is trial 36 with value: 55.15281295776367.
LOCAL_RANK: 0 - CUDA_VISIBLE_DEVICES: [0]
[I 2023-11-30 07:13:51,790] Trial 43 finished with value: 63.69175338745117 and parameters: {'gradient_clip_val': 0.5954130172771286, 'hidden_size': 81, 'dropout': 0.19820966001867005, 'hidden_continuous_size': 51, 'attention_head_size': 4, 'learning_rate': 0.008835768336529066}. Best is trial 36 with value: 55.15281295776367.
LOCAL_RANK: 0 - CUDA_VISIBLE_DEVICES: [0]
[I 2023-11-30 07:14:05,586] Trial 44 finished with value: 59.28855514526367 and parameters: {'gradient_clip_val': 0.5902438980274135, 'hidden_size': 80, 'dropout': 0.19635205243159473, 'hidden_continuous_size': 54, 'attention_head_size': 4, 'learning_rate': 0.01022170348428316}. Best is trial 36 with value: 55.15281295776367.
LOCAL_RANK: 0 - CUDA_VISIBLE_DEVICES: [0]
[I 2023-11-30 07:14:19,308] Trial 45 finished with value: 71.90180969238281 and parameters: {'gradient_clip_val': 0.5856845439072942, 'hidden_size': 77, 'dropout': 0.20473115316720666, 'hidden_continuous_size': 45, 'attention_head_size': 4, 'learning_rate': 0.010864857159828958}. Best is trial 36 with value: 55.15281295776367.
LOCAL_RANK: 0 - CUDA_VISIBLE_DEVICES: [0]
[I 2023-11-30 07:14:32,752] Trial 46 finished with value: 73.78763580322266 and parameters: {'gradient_clip_val': 0.4632634452199376, 'hidden_size': 56, 'dropout': 0.1915288689995997, 'hidden_continuous_size': 46, 'attention_head_size': 4, 'learning_rate': 0.008296397018795726}. Best is trial 36 with value: 55.15281295776367.
LOCAL_RANK: 0 - CUDA_VISIBLE_DEVICES: [0]
[I 2023-11-30 07:14:46,903] Trial 47 finished with value: 60.24433898925781 and parameters: {'gradient_clip_val': 0.3044600320948839, 'hidden_size': 96, 'dropout': 0.23395551740598278, 'hidden_continuous_size': 62, 'attention_head_size': 4, 'learning_rate': 0.014014139036527264}. Best is trial 36 with value: 55.15281295776367.
LOCAL_RANK: 0 - CUDA_VISIBLE_DEVICES: [0]
[I 2023-11-30 07:15:01,142] Trial 48 finished with value: 63.14738845825195 and parameters: {'gradient_clip_val': 0.3230430936679033, 'hidden_size': 98, 'dropout': 0.23835361508749886, 'hidden_continuous_size': 66, 'attention_head_size': 4, 'learning_rate': 0.019243119235572016}. Best is trial 36 with value: 55.15281295776367.
LOCAL_RANK: 0 - CUDA_VISIBLE_DEVICES: [0]
[I 2023-11-30 07:15:15,420] Trial 49 finished with value: 80.43980407714844 and parameters: {'gradient_clip_val': 0.2966123979446758, 'hidden_size': 103, 'dropout': 0.23267748947288364, 'hidden_continuous_size': 64, 'attention_head_size': 4, 'learning_rate': 0.02026824036835221}. Best is trial 36 with value: 55.15281295776367.
LOCAL_RANK: 0 - CUDA_VISIBLE_DEVICES: [0]
[I 2023-11-30 07:15:29,244] Trial 50 finished with value: 67.80697631835938 and parameters: {'gradient_clip_val': 0.23607221622744673, 'hidden_size': 69, 'dropout': 0.23709945423521667, 'hidden_continuous_size': 54, 'attention_head_size': 4, 'learning_rate': 0.015249365724001875}. Best is trial 36 with value: 55.15281295776367.
LOCAL_RANK: 0 - CUDA_VISIBLE_DEVICES: [0]
[I 2023-11-30 07:15:43,189] Trial 51 finished with value: 72.39562225341797 and parameters: {'gradient_clip_val': 0.38886071397553124, 'hidden_size': 98, 'dropout': 0.251408483322688, 'hidden_continuous_size': 59, 'attention_head_size': 4, 'learning_rate': 0.012988113600396832}. Best is trial 36 with value: 55.15281295776367.
LOCAL_RANK: 0 - CUDA_VISIBLE_DEVICES: [0]
[I 2023-11-30 07:15:57,243] Trial 52 finished with value: 67.08124542236328 and parameters: {'gradient_clip_val': 0.3223930320253324, 'hidden_size': 96, 'dropout': 0.21277899564130517, 'hidden_continuous_size': 67, 'attention_head_size': 4, 'learning_rate': 0.020067842435862085}. Best is trial 36 with value: 55.15281295776367.
LOCAL_RANK: 0 - CUDA_VISIBLE_DEVICES: [0]
[I 2023-11-30 07:16:11,584] Trial 53 finished with value: 67.19026184082031 and parameters: {'gradient_clip_val': 0.2617684526275379, 'hidden_size': 109, 'dropout': 0.21812640809084854, 'hidden_continuous_size': 79, 'attention_head_size': 4, 'learning_rate': 0.01028175662458482}. Best is trial 36 with value: 55.15281295776367.
LOCAL_RANK: 0 - CUDA_VISIBLE_DEVICES: [0]
[I 2023-11-30 07:16:25,613] Trial 54 finished with value: 74.15283966064453 and parameters: {'gradient_clip_val': 0.3528498313421001, 'hidden_size': 83, 'dropout': 0.26159624034581735, 'hidden_continuous_size': 57, 'attention_head_size': 4, 'learning_rate': 0.01711525833347407}. Best is trial 36 with value: 55.15281295776367.
LOCAL_RANK: 0 - CUDA_VISIBLE_DEVICES: [0]
[I 2023-11-30 07:16:40,039] Trial 55 finished with value: 63.51973342895508 and parameters: {'gradient_clip_val': 0.6519036785233638, 'hidden_size': 119, 'dropout': 0.23694033073215154, 'hidden_continuous_size': 97, 'attention_head_size': 4, 'learning_rate': 0.012130650148423981}. Best is trial 36 with value: 55.15281295776367.
LOCAL_RANK: 0 - CUDA_VISIBLE_DEVICES: [0]
[I 2023-11-30 07:16:54,082] Trial 56 finished with value: 70.41838836669922 and parameters: {'gradient_clip_val': 0.7688947586086615, 'hidden_size': 95, 'dropout': 0.25046914269169346, 'hidden_continuous_size': 62, 'attention_head_size': 4, 'learning_rate': 0.02387139982077266}. Best is trial 36 with value: 55.15281295776367.
LOCAL_RANK: 0 - CUDA_VISIBLE_DEVICES: [0]
[I 2023-11-30 07:17:08,181] Trial 57 finished with value: 64.16250610351562 and parameters: {'gradient_clip_val': 0.4435117541771108, 'hidden_size': 73, 'dropout': 0.27513673566783753, 'hidden_continuous_size': 54, 'attention_head_size': 4, 'learning_rate': 0.03221768582176407}. Best is trial 36 with value: 55.15281295776367.
LOCAL_RANK: 0 - CUDA_VISIBLE_DEVICES: [0]
[I 2023-11-30 07:17:22,546] Trial 58 finished with value: 62.85719680786133 and parameters: {'gradient_clip_val': 0.8602813620208567, 'hidden_size': 136, 'dropout': 0.22244888769585502, 'hidden_continuous_size': 71, 'attention_head_size': 3, 'learning_rate': 0.013582410702002955}. Best is trial 36 with value: 55.15281295776367.
LOCAL_RANK: 0 - CUDA_VISIBLE_DEVICES: [0]
[I 2023-11-30 07:17:37,220] Trial 59 finished with value: 73.58480072021484 and parameters: {'gradient_clip_val': 0.6860951670816396, 'hidden_size': 145, 'dropout': 0.2242707206638494, 'hidden_continuous_size': 70, 'attention_head_size': 3, 'learning_rate': 0.014568951203311661}. Best is trial 36 with value: 55.15281295776367.
LOCAL_RANK: 0 - CUDA_VISIBLE_DEVICES: [0]
[I 2023-11-30 07:17:51,684] Trial 60 finished with value: 59.7010383605957 and parameters: {'gradient_clip_val': 0.7749135417059266, 'hidden_size': 137, 'dropout': 0.21094994272576933, 'hidden_continuous_size': 76, 'attention_head_size': 3, 'learning_rate': 0.018441739039260024}. Best is trial 36 with value: 55.15281295776367.
LOCAL_RANK: 0 - CUDA_VISIBLE_DEVICES: [0]
[I 2023-11-30 07:18:06,050] Trial 61 finished with value: 78.0105972290039 and parameters: {'gradient_clip_val': 0.7779550739483769, 'hidden_size': 115, 'dropout': 0.212842312298601, 'hidden_continuous_size': 74, 'attention_head_size': 3, 'learning_rate': 0.012004988988661373}. Best is trial 36 with value: 55.15281295776367.
LOCAL_RANK: 0 - CUDA_VISIBLE_DEVICES: [0]
[I 2023-11-30 07:18:20,514] Trial 62 finished with value: 70.72490692138672 and parameters: {'gradient_clip_val': 0.8671398528658366, 'hidden_size': 111, 'dropout': 0.24145097464178877, 'hidden_continuous_size': 66, 'attention_head_size': 3, 'learning_rate': 0.018108046308663}. Best is trial 36 with value: 55.15281295776367.
LOCAL_RANK: 0 - CUDA_VISIBLE_DEVICES: [0]
[I 2023-11-30 07:18:35,084] Trial 63 finished with value: 63.348751068115234 and parameters: {'gradient_clip_val': 0.8023136114002383, 'hidden_size': 141, 'dropout': 0.22935282538733723, 'hidden_continuous_size': 85, 'attention_head_size': 3, 'learning_rate': 0.013432186107527588}. Best is trial 36 with value: 55.15281295776367.
LOCAL_RANK: 0 - CUDA_VISIBLE_DEVICES: [0]
[I 2023-11-30 07:18:49,508] Trial 64 finished with value: 63.88654708862305 and parameters: {'gradient_clip_val': 0.9457099833099616, 'hidden_size': 133, 'dropout': 0.19705333280595289, 'hidden_continuous_size': 81, 'attention_head_size': 3, 'learning_rate': 0.01068206515985753}. Best is trial 36 with value: 55.15281295776367.
LOCAL_RANK: 0 - CUDA_VISIBLE_DEVICES: [0]
[I 2023-11-30 07:19:03,875] Trial 65 finished with value: 81.1053466796875 and parameters: {'gradient_clip_val': 0.6232954680731726, 'hidden_size': 137, 'dropout': 0.21331188329699413, 'hidden_continuous_size': 72, 'attention_head_size': 3, 'learning_rate': 0.016494626306351377}. Best is trial 36 with value: 55.15281295776367.
LOCAL_RANK: 0 - CUDA_VISIBLE_DEVICES: [0]
[I 2023-11-30 07:19:18,230] Trial 66 finished with value: 67.27208709716797 and parameters: {'gradient_clip_val': 0.7528142949900337, 'hidden_size': 125, 'dropout': 0.18584626356270673, 'hidden_continuous_size': 61, 'attention_head_size': 4, 'learning_rate': 0.021657871682532054}. Best is trial 36 with value: 55.15281295776367.
LOCAL_RANK: 0 - CUDA_VISIBLE_DEVICES: [0]
[I 2023-11-30 07:19:32,117] Trial 67 finished with value: 64.31404113769531 and parameters: {'gradient_clip_val': 0.5269445020078183, 'hidden_size': 83, 'dropout': 0.22158408889347903, 'hidden_continuous_size': 49, 'attention_head_size': 3, 'learning_rate': 0.017824095845223546}. Best is trial 36 with value: 55.15281295776367.
LOCAL_RANK: 0 - CUDA_VISIBLE_DEVICES: [0]
[I 2023-11-30 07:19:46,705] Trial 68 finished with value: 64.19284057617188 and parameters: {'gradient_clip_val': 0.6783976505973658, 'hidden_size': 150, 'dropout': 0.20915360479584164, 'hidden_continuous_size': 78, 'attention_head_size': 2, 'learning_rate': 0.01403213564652548}. Best is trial 36 with value: 55.15281295776367.
LOCAL_RANK: 0 - CUDA_VISIBLE_DEVICES: [0]
[I 2023-11-30 07:20:01,000] Trial 69 finished with value: 69.08871459960938 and parameters: {'gradient_clip_val': 0.8730160459091354, 'hidden_size': 106, 'dropout': 0.2849607136023313, 'hidden_continuous_size': 68, 'attention_head_size': 4, 'learning_rate': 0.0074497360029469805}. Best is trial 36 with value: 55.15281295776367.
LOCAL_RANK: 0 - CUDA_VISIBLE_DEVICES: [0]
[I 2023-11-30 07:20:15,125] Trial 70 finished with value: 73.00891876220703 and parameters: {'gradient_clip_val': 0.9965989162387396, 'hidden_size': 119, 'dropout': 0.24366556025341124, 'hidden_continuous_size': 48, 'attention_head_size': 3, 'learning_rate': 0.00550576307693277}. Best is trial 36 with value: 55.15281295776367.
LOCAL_RANK: 0 - CUDA_VISIBLE_DEVICES: [0]
[I 2023-11-30 07:20:29,196] Trial 71 finished with value: 68.72296142578125 and parameters: {'gradient_clip_val': 0.9192157112651598, 'hidden_size': 94, 'dropout': 0.2022362654228137, 'hidden_continuous_size': 61, 'attention_head_size': 4, 'learning_rate': 0.009612453781009216}. Best is trial 36 with value: 55.15281295776367.
LOCAL_RANK: 0 - CUDA_VISIBLE_DEVICES: [0]
[I 2023-11-30 07:20:43,664] Trial 72 finished with value: 65.65425872802734 and parameters: {'gradient_clip_val': 0.8148651597387246, 'hidden_size': 102, 'dropout': 0.23307033798131993, 'hidden_continuous_size': 68, 'attention_head_size': 4, 'learning_rate': 0.01157391374944135}. Best is trial 36 with value: 55.15281295776367.
LOCAL_RANK: 0 - CUDA_VISIBLE_DEVICES: [0]
[I 2023-11-30 07:20:57,891] Trial 73 finished with value: 65.81192016601562 and parameters: {'gradient_clip_val': 0.7472678362030167, 'hidden_size': 84, 'dropout': 0.22017058829301925, 'hidden_continuous_size': 73, 'attention_head_size': 4, 'learning_rate': 0.01335616547715697}. Best is trial 36 with value: 55.15281295776367.
LOCAL_RANK: 0 - CUDA_VISIBLE_DEVICES: [0]
[I 2023-11-30 07:21:12,439] Trial 74 finished with value: 64.44800567626953 and parameters: {'gradient_clip_val': 0.8740045994029644, 'hidden_size': 127, 'dropout': 0.19097452979840474, 'hidden_continuous_size': 96, 'attention_head_size': 4, 'learning_rate': 0.018052791425181458}. Best is trial 36 with value: 55.15281295776367.
LOCAL_RANK: 0 - CUDA_VISIBLE_DEVICES: [0]
[I 2023-11-30 07:21:26,289] Trial 75 finished with value: 59.4392204284668 and parameters: {'gradient_clip_val': 0.9477904190412376, 'hidden_size': 91, 'dropout': 0.2059511248671646, 'hidden_continuous_size': 59, 'attention_head_size': 1, 'learning_rate': 0.007545314293507778}. Best is trial 36 with value: 55.15281295776367.
LOCAL_RANK: 0 - CUDA_VISIBLE_DEVICES: [0]
[I 2023-11-30 07:21:39,913] Trial 76 finished with value: 70.10385131835938 and parameters: {'gradient_clip_val': 0.7055550659893824, 'hidden_size': 70, 'dropout': 0.18218672814319645, 'hidden_continuous_size': 54, 'attention_head_size': 1, 'learning_rate': 0.007628547710275923}. Best is trial 36 with value: 55.15281295776367.
LOCAL_RANK: 0 - CUDA_VISIBLE_DEVICES: [0]
[I 2023-11-30 07:21:53,900] Trial 77 finished with value: 62.529083251953125 and parameters: {'gradient_clip_val': 0.8403813168015807, 'hidden_size': 90, 'dropout': 0.20526256638373153, 'hidden_continuous_size': 60, 'attention_head_size': 1, 'learning_rate': 0.009452459345543935}. Best is trial 36 with value: 55.15281295776367.
LOCAL_RANK: 0 - CUDA_VISIBLE_DEVICES: [0]
[I 2023-11-30 07:22:07,583] Trial 78 finished with value: 62.56535720825195 and parameters: {'gradient_clip_val': 0.9316365717823684, 'hidden_size': 90, 'dropout': 0.1671574456238776, 'hidden_continuous_size': 59, 'attention_head_size': 1, 'learning_rate': 0.009232195573607056}. Best is trial 36 with value: 55.15281295776367.
LOCAL_RANK: 0 - CUDA_VISIBLE_DEVICES: [0]
[I 2023-11-30 07:22:21,228] Trial 79 finished with value: 73.37505340576172 and parameters: {'gradient_clip_val': 0.9436521828977537, 'hidden_size': 80, 'dropout': 0.17250188962099922, 'hidden_continuous_size': 59, 'attention_head_size': 1, 'learning_rate': 0.007587366413973731}. Best is trial 36 with value: 55.15281295776367.
LOCAL_RANK: 0 - CUDA_VISIBLE_DEVICES: [0]
[I 2023-11-30 07:22:35,070] Trial 80 finished with value: 67.6962890625 and parameters: {'gradient_clip_val': 0.8106325252714548, 'hidden_size': 87, 'dropout': 0.16499672948133653, 'hidden_continuous_size': 51, 'attention_head_size': 1, 'learning_rate': 0.005917844071646103}. Best is trial 36 with value: 55.15281295776367.
LOCAL_RANK: 0 - CUDA_VISIBLE_DEVICES: [0]
[I 2023-11-30 07:22:48,989] Trial 81 finished with value: 79.13987731933594 and parameters: {'gradient_clip_val': 0.9312025936217261, 'hidden_size': 92, 'dropout': 0.19700936750376458, 'hidden_continuous_size': 54, 'attention_head_size': 1, 'learning_rate': 0.009669075110192975}. Best is trial 36 with value: 55.15281295776367.
LOCAL_RANK: 0 - CUDA_VISIBLE_DEVICES: [0]
[I 2023-11-30 07:23:02,712] Trial 82 finished with value: 76.32259368896484 and parameters: {'gradient_clip_val': 0.8467071768336797, 'hidden_size': 65, 'dropout': 0.20348314537030707, 'hidden_continuous_size': 59, 'attention_head_size': 1, 'learning_rate': 0.009043228358958651}. Best is trial 36 with value: 55.15281295776367.
LOCAL_RANK: 0 - CUDA_VISIBLE_DEVICES: [0]
[I 2023-11-30 07:23:16,552] Trial 83 finished with value: 65.55656433105469 and parameters: {'gradient_clip_val': 0.7783924233125259, 'hidden_size': 79, 'dropout': 0.178837673151123, 'hidden_continuous_size': 64, 'attention_head_size': 1, 'learning_rate': 0.010827237244639541}. Best is trial 36 with value: 55.15281295776367.
LOCAL_RANK: 0 - CUDA_VISIBLE_DEVICES: [0]
[I 2023-11-30 07:23:30,518] Trial 84 finished with value: 77.96408081054688 and parameters: {'gradient_clip_val': 0.8859041050673713, 'hidden_size': 113, 'dropout': 0.18733100230840424, 'hidden_continuous_size': 56, 'attention_head_size': 1, 'learning_rate': 0.007780984427077848}. Best is trial 36 with value: 55.15281295776367.
LOCAL_RANK: 0 - CUDA_VISIBLE_DEVICES: [0]
[I 2023-11-30 07:23:44,266] Trial 85 finished with value: 61.820491790771484 and parameters: {'gradient_clip_val': 0.9622851979518081, 'hidden_size': 90, 'dropout': 0.20865358666333672, 'hidden_continuous_size': 62, 'attention_head_size': 1, 'learning_rate': 0.008957900599650306}. Best is trial 36 with value: 55.15281295776367.
LOCAL_RANK: 0 - CUDA_VISIBLE_DEVICES: [0]
[I 2023-11-30 07:23:58,218] Trial 86 finished with value: 76.16034698486328 and parameters: {'gradient_clip_val': 0.9533322601823484, 'hidden_size': 75, 'dropout': 0.1974087946840092, 'hidden_continuous_size': 61, 'attention_head_size': 1, 'learning_rate': 0.008917292249818382}. Best is trial 36 with value: 55.15281295776367.
LOCAL_RANK: 0 - CUDA_VISIBLE_DEVICES: [0]
[I 2023-11-30 07:24:11,878] Trial 87 finished with value: 70.26785278320312 and parameters: {'gradient_clip_val': 0.9830525720689485, 'hidden_size': 92, 'dropout': 0.20726569614681778, 'hidden_continuous_size': 52, 'attention_head_size': 1, 'learning_rate': 0.00695585968456585}. Best is trial 36 with value: 55.15281295776367.
LOCAL_RANK: 0 - CUDA_VISIBLE_DEVICES: [0]
[I 2023-11-30 07:24:25,532] Trial 88 finished with value: 68.68220520019531 and parameters: {'gradient_clip_val': 0.7377420724675775, 'hidden_size': 88, 'dropout': 0.17046868154989628, 'hidden_continuous_size': 48, 'attention_head_size': 1, 'learning_rate': 0.005890962034043744}. Best is trial 36 with value: 55.15281295776367.
LOCAL_RANK: 0 - CUDA_VISIBLE_DEVICES: [0]
[I 2023-11-30 07:24:39,297] Trial 89 finished with value: 73.34859466552734 and parameters: {'gradient_clip_val': 0.9964535969249328, 'hidden_size': 100, 'dropout': 0.39882416765662587, 'hidden_continuous_size': 56, 'attention_head_size': 1, 'learning_rate': 0.008572140098360725}. Best is trial 36 with value: 55.15281295776367.
LOCAL_RANK: 0 - CUDA_VISIBLE_DEVICES: [0]
[I 2023-11-30 07:24:52,955] Trial 90 finished with value: 62.44839096069336 and parameters: {'gradient_clip_val': 0.8240162062492242, 'hidden_size': 73, 'dropout': 0.1888643133143173, 'hidden_continuous_size': 63, 'attention_head_size': 1, 'learning_rate': 0.010505204280283589}. Best is trial 36 with value: 55.15281295776367.
LOCAL_RANK: 0 - CUDA_VISIBLE_DEVICES: [0]
[I 2023-11-30 07:25:06,724] Trial 91 finished with value: 68.00011444091797 and parameters: {'gradient_clip_val': 0.8296731163024382, 'hidden_size': 73, 'dropout': 0.19117839432693706, 'hidden_continuous_size': 64, 'attention_head_size': 1, 'learning_rate': 0.010056629590513575}. Best is trial 36 with value: 55.15281295776367.
LOCAL_RANK: 0 - CUDA_VISIBLE_DEVICES: [0]
[I 2023-11-30 07:25:20,428] Trial 92 finished with value: 74.0422592163086 and parameters: {'gradient_clip_val': 0.9124081054824712, 'hidden_size': 80, 'dropout': 0.1578079236030841, 'hidden_continuous_size': 59, 'attention_head_size': 1, 'learning_rate': 0.011747705697910367}. Best is trial 36 with value: 55.15281295776367.
LOCAL_RANK: 0 - CUDA_VISIBLE_DEVICES: [0]
