[I 2023-11-30 10:40:10,067] Trial 67 finished with value: 31.820463180541992 and parameters: {'gradient_clip_val': 0.18858321267692058, 'hidden_size': 108, 'dropout': 0.3744003369178732, 'hidden_continuous_size': 35, 'attention_head_size': 3, 'learning_rate': 0.007319295172537858}. Best is trial 58 with value: 30.62542152404785.
LOCAL_RANK: 0 - CUDA_VISIBLE_DEVICES: [0]
[I 2023-11-30 10:40:25,094] Trial 68 finished with value: 37.42421340942383 and parameters: {'gradient_clip_val': 0.20352685892230749, 'hidden_size': 122, 'dropout': 0.36224894939037966, 'hidden_continuous_size': 23, 'attention_head_size': 3, 'learning_rate': 0.01525303437061452}. Best is trial 58 with value: 30.62542152404785.
LOCAL_RANK: 0 - CUDA_VISIBLE_DEVICES: [0]
[I 2023-11-30 10:40:39,530] Trial 69 finished with value: 32.8889045715332 and parameters: {'gradient_clip_val': 0.2619653218349719, 'hidden_size': 58, 'dropout': 0.35384006113017197, 'hidden_continuous_size': 27, 'attention_head_size': 3, 'learning_rate': 0.021200359059177748}. Best is trial 58 with value: 30.62542152404785.
LOCAL_RANK: 0 - CUDA_VISIBLE_DEVICES: [0]
[I 2023-11-30 10:40:54,241] Trial 70 finished with value: 35.4321174621582 and parameters: {'gradient_clip_val': 0.23934812334444708, 'hidden_size': 81, 'dropout': 0.3842583522971908, 'hidden_continuous_size': 17, 'attention_head_size': 3, 'learning_rate': 0.010518896051192314}. Best is trial 58 with value: 30.62542152404785.
LOCAL_RANK: 0 - CUDA_VISIBLE_DEVICES: [0]
[I 2023-11-30 10:41:08,749] Trial 71 finished with value: 34.3449592590332 and parameters: {'gradient_clip_val': 0.3017282174179108, 'hidden_size': 98, 'dropout': 0.37272270389293144, 'hidden_continuous_size': 29, 'attention_head_size': 2, 'learning_rate': 0.01740932132355818}. Best is trial 58 with value: 30.62542152404785.
LOCAL_RANK: 0 - CUDA_VISIBLE_DEVICES: [0]
[I 2023-11-30 10:41:23,532] Trial 72 finished with value: 34.36977767944336 and parameters: {'gradient_clip_val': 0.28930912210374604, 'hidden_size': 102, 'dropout': 0.3999092374578316, 'hidden_continuous_size': 26, 'attention_head_size': 2, 'learning_rate': 0.01999075992840444}. Best is trial 58 with value: 30.62542152404785.
LOCAL_RANK: 0 - CUDA_VISIBLE_DEVICES: [0]
[I 2023-11-30 10:41:38,640] Trial 73 finished with value: 34.14677429199219 and parameters: {'gradient_clip_val': 0.2201603412957887, 'hidden_size': 113, 'dropout': 0.36434823151392853, 'hidden_continuous_size': 34, 'attention_head_size': 3, 'learning_rate': 0.02587052315661825}. Best is trial 58 with value: 30.62542152404785.
LOCAL_RANK: 0 - CUDA_VISIBLE_DEVICES: [0]
[I 2023-11-30 10:41:53,260] Trial 74 finished with value: 31.783987045288086 and parameters: {'gradient_clip_val': 0.26386063337819854, 'hidden_size': 92, 'dropout': 0.38979205065837774, 'hidden_continuous_size': 30, 'attention_head_size': 2, 'learning_rate': 0.014001082668678326}. Best is trial 58 with value: 30.62542152404785.
LOCAL_RANK: 0 - CUDA_VISIBLE_DEVICES: [0]
[I 2023-11-30 10:42:08,388] Trial 75 finished with value: 36.193912506103516 and parameters: {'gradient_clip_val': 0.3487767918290044, 'hidden_size': 127, 'dropout': 0.3538799179256382, 'hidden_continuous_size': 22, 'attention_head_size': 3, 'learning_rate': 0.03407845645704628}. Best is trial 58 with value: 30.62542152404785.
LOCAL_RANK: 0 - CUDA_VISIBLE_DEVICES: [0]
[I 2023-11-30 10:42:23,248] Trial 76 finished with value: 33.645957946777344 and parameters: {'gradient_clip_val': 0.28170322323620434, 'hidden_size': 105, 'dropout': 0.33509076734817067, 'hidden_continuous_size': 27, 'attention_head_size': 1, 'learning_rate': 0.009314190060966874}. Best is trial 58 with value: 30.62542152404785.
LOCAL_RANK: 0 - CUDA_VISIBLE_DEVICES: [0]
[I 2023-11-30 10:42:38,489] Trial 77 finished with value: 30.7590389251709 and parameters: {'gradient_clip_val': 0.32588537895475156, 'hidden_size': 137, 'dropout': 0.37836911013379054, 'hidden_continuous_size': 13, 'attention_head_size': 3, 'learning_rate': 0.01218993320593304}. Best is trial 58 with value: 30.62542152404785.
LOCAL_RANK: 0 - CUDA_VISIBLE_DEVICES: [0]
[I 2023-11-30 10:42:53,512] Trial 78 finished with value: 37.27996826171875 and parameters: {'gradient_clip_val': 0.3252451961529618, 'hidden_size': 140, 'dropout': 0.3753615574572917, 'hidden_continuous_size': 14, 'attention_head_size': 3, 'learning_rate': 0.012305790687709057}. Best is trial 58 with value: 30.62542152404785.
LOCAL_RANK: 0 - CUDA_VISIBLE_DEVICES: [0]
[I 2023-11-30 10:43:08,510] Trial 79 finished with value: 35.3225212097168 and parameters: {'gradient_clip_val': 0.39057536538019644, 'hidden_size': 121, 'dropout': 0.34309653601266527, 'hidden_continuous_size': 12, 'attention_head_size': 3, 'learning_rate': 0.008303928562273006}. Best is trial 58 with value: 30.62542152404785.
LOCAL_RANK: 0 - CUDA_VISIBLE_DEVICES: [0]
[I 2023-11-30 10:43:23,787] Trial 80 finished with value: 31.26372718811035 and parameters: {'gradient_clip_val': 0.3574625562531532, 'hidden_size': 129, 'dropout': 0.3654181092134181, 'hidden_continuous_size': 13, 'attention_head_size': 4, 'learning_rate': 0.01101382268176602}. Best is trial 58 with value: 30.62542152404785.
LOCAL_RANK: 0 - CUDA_VISIBLE_DEVICES: [0]
[I 2023-11-30 10:43:38,619] Trial 81 finished with value: 31.3309268951416 and parameters: {'gradient_clip_val': 0.3501899750287806, 'hidden_size': 132, 'dropout': 0.3634925704714291, 'hidden_continuous_size': 13, 'attention_head_size': 4, 'learning_rate': 0.01044884213178011}. Best is trial 58 with value: 30.62542152404785.
LOCAL_RANK: 0 - CUDA_VISIBLE_DEVICES: [0]
[I 2023-11-30 10:43:53,771] Trial 82 finished with value: 33.90625 and parameters: {'gradient_clip_val': 0.35955996145636143, 'hidden_size': 131, 'dropout': 0.36974954191448683, 'hidden_continuous_size': 13, 'attention_head_size': 4, 'learning_rate': 0.010841849051427047}. Best is trial 58 with value: 30.62542152404785.
LOCAL_RANK: 0 - CUDA_VISIBLE_DEVICES: [0]
[I 2023-11-30 10:44:09,259] Trial 83 finished with value: 32.04580307006836 and parameters: {'gradient_clip_val': 0.30917316253746463, 'hidden_size': 142, 'dropout': 0.3597902305752034, 'hidden_continuous_size': 15, 'attention_head_size': 4, 'learning_rate': 0.009604399869481566}. Best is trial 58 with value: 30.62542152404785.
LOCAL_RANK: 0 - CUDA_VISIBLE_DEVICES: [0]
[I 2023-11-30 10:44:24,517] Trial 84 finished with value: 31.86517906188965 and parameters: {'gradient_clip_val': 0.32934548260734686, 'hidden_size': 148, 'dropout': 0.3836065542795869, 'hidden_continuous_size': 11, 'attention_head_size': 4, 'learning_rate': 0.01266423930435941}. Best is trial 58 with value: 30.62542152404785.
LOCAL_RANK: 0 - CUDA_VISIBLE_DEVICES: [0]
[I 2023-11-30 10:44:39,594] Trial 85 finished with value: 31.69019317626953 and parameters: {'gradient_clip_val': 0.40270566864313606, 'hidden_size': 134, 'dropout': 0.3651124488388013, 'hidden_continuous_size': 13, 'attention_head_size': 3, 'learning_rate': 0.014601361596129542}. Best is trial 58 with value: 30.62542152404785.
LOCAL_RANK: 0 - CUDA_VISIBLE_DEVICES: [0]
[I 2023-11-30 10:44:54,646] Trial 86 finished with value: 34.35145950317383 and parameters: {'gradient_clip_val': 0.43687729618916926, 'hidden_size': 119, 'dropout': 0.3500062838484554, 'hidden_continuous_size': 17, 'attention_head_size': 4, 'learning_rate': 0.007305100630197187}. Best is trial 58 with value: 30.62542152404785.
LOCAL_RANK: 0 - CUDA_VISIBLE_DEVICES: [0]
[I 2023-11-30 10:45:09,515] Trial 87 finished with value: 31.44400978088379 and parameters: {'gradient_clip_val': 0.4586252812330656, 'hidden_size': 108, 'dropout': 0.3759360910516455, 'hidden_continuous_size': 15, 'attention_head_size': 4, 'learning_rate': 0.010789787113621534}. Best is trial 58 with value: 30.62542152404785.
LOCAL_RANK: 0 - CUDA_VISIBLE_DEVICES: [0]
[I 2023-11-30 10:45:25,089] Trial 88 finished with value: 36.300472259521484 and parameters: {'gradient_clip_val': 0.4649361836337467, 'hidden_size': 131, 'dropout': 0.3790963405851188, 'hidden_continuous_size': 10, 'attention_head_size': 4, 'learning_rate': 0.008615500527818376}. Best is trial 58 with value: 30.62542152404785.
LOCAL_RANK: 0 - CUDA_VISIBLE_DEVICES: [0]
[I 2023-11-30 10:45:39,885] Trial 89 finished with value: 30.201955795288086 and parameters: {'gradient_clip_val': 0.3655397474222311, 'hidden_size': 121, 'dropout': 0.38856657245204335, 'hidden_continuous_size': 14, 'attention_head_size': 4, 'learning_rate': 0.01163059797412694}. Best is trial 89 with value: 30.201955795288086.
LOCAL_RANK: 0 - CUDA_VISIBLE_DEVICES: [0]
[I 2023-11-30 10:45:55,021] Trial 90 finished with value: 33.64390563964844 and parameters: {'gradient_clip_val': 0.3752933008032085, 'hidden_size': 123, 'dropout': 0.3914824798279652, 'hidden_continuous_size': 15, 'attention_head_size': 4, 'learning_rate': 0.011167191073835717}. Best is trial 89 with value: 30.201955795288086.
LOCAL_RANK: 0 - CUDA_VISIBLE_DEVICES: [0]
[I 2023-11-30 10:46:11,308] Trial 91 finished with value: 33.91891860961914 and parameters: {'gradient_clip_val': 0.3517398440476522, 'hidden_size': 150, 'dropout': 0.3935712933673008, 'hidden_continuous_size': 14, 'attention_head_size': 4, 'learning_rate': 0.010051469496514899}. Best is trial 89 with value: 30.201955795288086.
LOCAL_RANK: 0 - CUDA_VISIBLE_DEVICES: [0]
[I 2023-11-30 10:46:26,713] Trial 92 finished with value: 33.88735580444336 and parameters: {'gradient_clip_val': 0.3893780107788348, 'hidden_size': 110, 'dropout': 0.3778785625264429, 'hidden_continuous_size': 13, 'attention_head_size': 4, 'learning_rate': 0.011792164656688595}. Best is trial 89 with value: 30.201955795288086.
LOCAL_RANK: 0 - CUDA_VISIBLE_DEVICES: [0]
[I 2023-11-30 10:46:41,964] Trial 93 finished with value: 34.241432189941406 and parameters: {'gradient_clip_val': 0.4157108970532823, 'hidden_size': 117, 'dropout': 0.38436064532072034, 'hidden_continuous_size': 16, 'attention_head_size': 4, 'learning_rate': 0.012891677516646128}. Best is trial 89 with value: 30.201955795288086.
LOCAL_RANK: 0 - CUDA_VISIBLE_DEVICES: [0]
[I 2023-11-30 10:46:57,204] Trial 94 finished with value: 36.98141860961914 and parameters: {'gradient_clip_val': 0.4669145893744919, 'hidden_size': 136, 'dropout': 0.3713580879324257, 'hidden_continuous_size': 12, 'attention_head_size': 4, 'learning_rate': 0.009841907065395521}. Best is trial 89 with value: 30.201955795288086.
LOCAL_RANK: 0 - CUDA_VISIBLE_DEVICES: [0]
[I 2023-11-30 10:47:12,301] Trial 95 finished with value: 32.55831527709961 and parameters: {'gradient_clip_val': 0.3428134201343618, 'hidden_size': 127, 'dropout': 0.3601858588339897, 'hidden_continuous_size': 14, 'attention_head_size': 4, 'learning_rate': 0.0077590130878707935}. Best is trial 89 with value: 30.201955795288086.
LOCAL_RANK: 0 - CUDA_VISIBLE_DEVICES: [0]
[I 2023-11-30 10:47:27,606] Trial 96 finished with value: 31.59417152404785 and parameters: {'gradient_clip_val': 0.31567321190862907, 'hidden_size': 141, 'dropout': 0.3873073712066765, 'hidden_continuous_size': 11, 'attention_head_size': 4, 'learning_rate': 0.008846565485942896}. Best is trial 89 with value: 30.201955795288086.
LOCAL_RANK: 0 - CUDA_VISIBLE_DEVICES: [0]
[I 2023-11-30 10:47:42,077] Trial 97 finished with value: 37.06377029418945 and parameters: {'gradient_clip_val': 0.3630724612761509, 'hidden_size': 107, 'dropout': 0.39466162549451733, 'hidden_continuous_size': 33, 'attention_head_size': 4, 'learning_rate': 0.006710010186893196}. Best is trial 89 with value: 30.201955795288086.
LOCAL_RANK: 0 - CUDA_VISIBLE_DEVICES: [0]
[I 2023-11-30 10:47:55,887] Trial 98 finished with value: 33.8327522277832 and parameters: {'gradient_clip_val': 0.29735177048969613, 'hidden_size': 99, 'dropout': 0.3791424780338613, 'hidden_continuous_size': 15, 'attention_head_size': 4, 'learning_rate': 0.015381685755004194}. Best is trial 89 with value: 30.201955795288086.
LOCAL_RANK: 0 - CUDA_VISIBLE_DEVICES: [0]
[I 2023-11-30 10:48:09,565] Trial 99 finished with value: 32.93876647949219 and parameters: {'gradient_clip_val': 0.5046306764810801, 'hidden_size': 117, 'dropout': 0.3674784395831168, 'hidden_continuous_size': 12, 'attention_head_size': 4, 'learning_rate': 0.013749628027969718}. Best is trial 89 with value: 30.201955795288086.
LOCAL_RANK: 0 - CUDA_VISIBLE_DEVICES: [0]
[I 2023-11-30 10:48:23,477] Trial 100 finished with value: 32.563018798828125 and parameters: {'gradient_clip_val': 0.41443899418828306, 'hidden_size': 132, 'dropout': 0.39943500016030115, 'hidden_continuous_size': 19, 'attention_head_size': 3, 'learning_rate': 0.010733469500991388}. Best is trial 89 with value: 30.201955795288086.
LOCAL_RANK: 0 - CUDA_VISIBLE_DEVICES: [0]
[I 2023-11-30 10:48:37,829] Trial 101 finished with value: 33.80517578125 and parameters: {'gradient_clip_val': 0.32038588050857114, 'hidden_size': 141, 'dropout': 0.3857786584360825, 'hidden_continuous_size': 37, 'attention_head_size': 4, 'learning_rate': 0.008881104381817986}. Best is trial 89 with value: 30.201955795288086.
LOCAL_RANK: 0 - CUDA_VISIBLE_DEVICES: [0]
[I 2023-11-30 10:48:51,758] Trial 102 finished with value: 30.289560317993164 and parameters: {'gradient_clip_val': 0.3166047110782996, 'hidden_size': 144, 'dropout': 0.3912978939500014, 'hidden_continuous_size': 11, 'attention_head_size': 4, 'learning_rate': 0.011566196996788933}. Best is trial 89 with value: 30.201955795288086.
LOCAL_RANK: 0 - CUDA_VISIBLE_DEVICES: [0]
[I 2023-11-30 10:49:05,790] Trial 103 finished with value: 32.56344223022461 and parameters: {'gradient_clip_val': 0.37325362341636115, 'hidden_size': 126, 'dropout': 0.39200967522297603, 'hidden_continuous_size': 13, 'attention_head_size': 4, 'learning_rate': 0.011523891128322656}. Best is trial 89 with value: 30.201955795288086.
LOCAL_RANK: 0 - CUDA_VISIBLE_DEVICES: [0]
[I 2023-11-30 10:49:19,375] Trial 104 finished with value: 33.455322265625 and parameters: {'gradient_clip_val': 0.3390717115720237, 'hidden_size': 110, 'dropout': 0.37491918313397843, 'hidden_continuous_size': 11, 'attention_head_size': 4, 'learning_rate': 0.013292296542925177}. Best is trial 89 with value: 30.201955795288086.
LOCAL_RANK: 0 - CUDA_VISIBLE_DEVICES: [0]
[I 2023-11-30 10:49:33,403] Trial 105 finished with value: 31.64360237121582 and parameters: {'gradient_clip_val': 0.27223466319282325, 'hidden_size': 121, 'dropout': 0.3495755318043256, 'hidden_continuous_size': 16, 'attention_head_size': 4, 'learning_rate': 0.010567722281191412}. Best is trial 89 with value: 30.201955795288086.
LOCAL_RANK: 0 - CUDA_VISIBLE_DEVICES: [0]
[I 2023-11-30 10:49:47,295] Trial 106 finished with value: 38.27577209472656 and parameters: {'gradient_clip_val': 0.30209671337996585, 'hidden_size': 135, 'dropout': 0.3655904477358582, 'hidden_continuous_size': 10, 'attention_head_size': 3, 'learning_rate': 0.012180098106096595}. Best is trial 89 with value: 30.201955795288086.
LOCAL_RANK: 0 - CUDA_VISIBLE_DEVICES: [0]
[I 2023-11-30 10:50:01,541] Trial 107 finished with value: 32.6885871887207 and parameters: {'gradient_clip_val': 0.2533657741658226, 'hidden_size': 143, 'dropout': 0.3573764359330188, 'hidden_continuous_size': 14, 'attention_head_size': 4, 'learning_rate': 0.01612457458123692}. Best is trial 89 with value: 30.201955795288086.
LOCAL_RANK: 0 - CUDA_VISIBLE_DEVICES: [0]
[I 2023-11-30 10:50:15,389] Trial 108 finished with value: 33.84440612792969 and parameters: {'gradient_clip_val': 0.3920942946659448, 'hidden_size': 95, 'dropout': 0.38177930985466646, 'hidden_continuous_size': 30, 'attention_head_size': 3, 'learning_rate': 0.00973588170593546}. Best is trial 89 with value: 30.201955795288086.
LOCAL_RANK: 0 - CUDA_VISIBLE_DEVICES: [0]
[I 2023-11-30 10:50:29,305] Trial 109 finished with value: 33.69357681274414 and parameters: {'gradient_clip_val': 0.2846492174456109, 'hidden_size': 115, 'dropout': 0.3746529608597509, 'hidden_continuous_size': 25, 'attention_head_size': 3, 'learning_rate': 0.014332250881203412}. Best is trial 89 with value: 30.201955795288086.
LOCAL_RANK: 0 - CUDA_VISIBLE_DEVICES: [0]
[I 2023-11-30 10:50:42,996] Trial 110 finished with value: 34.01138687133789 and parameters: {'gradient_clip_val': 0.3276774536723202, 'hidden_size': 103, 'dropout': 0.3929025304126388, 'hidden_continuous_size': 17, 'attention_head_size': 4, 'learning_rate': 0.011566769949479276}. Best is trial 89 with value: 30.201955795288086.
LOCAL_RANK: 0 - CUDA_VISIBLE_DEVICES: [0]
[I 2023-11-30 10:50:56,977] Trial 111 finished with value: 33.54684829711914 and parameters: {'gradient_clip_val': 0.3175962884800892, 'hidden_size': 142, 'dropout': 0.3867906673081618, 'hidden_continuous_size': 11, 'attention_head_size': 4, 'learning_rate': 0.008812226505200579}. Best is trial 89 with value: 30.201955795288086.
LOCAL_RANK: 0 - CUDA_VISIBLE_DEVICES: [0]
[I 2023-11-30 10:51:11,272] Trial 112 finished with value: 33.49702072143555 and parameters: {'gradient_clip_val': 0.3094979427949674, 'hidden_size': 149, 'dropout': 0.3879329035844964, 'hidden_continuous_size': 12, 'attention_head_size': 4, 'learning_rate': 0.007902929710559121}. Best is trial 89 with value: 30.201955795288086.
LOCAL_RANK: 0 - CUDA_VISIBLE_DEVICES: [0]
[I 2023-11-30 10:51:25,458] Trial 113 finished with value: 38.615760803222656 and parameters: {'gradient_clip_val': 0.35048216452454756, 'hidden_size': 128, 'dropout': 0.36995030730625483, 'hidden_continuous_size': 28, 'attention_head_size': 4, 'learning_rate': 0.00906916553936771}. Best is trial 89 with value: 30.201955795288086.
LOCAL_RANK: 0 - CUDA_VISIBLE_DEVICES: [0]
[I 2023-11-30 10:51:39,307] Trial 114 finished with value: 33.96541976928711 and parameters: {'gradient_clip_val': 0.33198881122825985, 'hidden_size': 136, 'dropout': 0.37844290624181154, 'hidden_continuous_size': 10, 'attention_head_size': 4, 'learning_rate': 0.017798569223636644}. Best is trial 89 with value: 30.201955795288086.
LOCAL_RANK: 0 - CUDA_VISIBLE_DEVICES: [0]
[I 2023-11-30 10:51:53,060] Trial 115 finished with value: 34.40960693359375 and parameters: {'gradient_clip_val': 0.2647242028041724, 'hidden_size': 123, 'dropout': 0.3986744441763328, 'hidden_continuous_size': 13, 'attention_head_size': 3, 'learning_rate': 0.0101381291987203}. Best is trial 89 with value: 30.201955795288086.
LOCAL_RANK: 0 - CUDA_VISIBLE_DEVICES: [0]
[I 2023-11-30 10:52:06,725] Trial 116 finished with value: 33.59957504272461 and parameters: {'gradient_clip_val': 0.29265576949055044, 'hidden_size': 111, 'dropout': 0.3444809133943499, 'hidden_continuous_size': 11, 'attention_head_size': 4, 'learning_rate': 0.01372548830987209}. Best is trial 89 with value: 30.201955795288086.
LOCAL_RANK: 0 - CUDA_VISIBLE_DEVICES: [0]
[I 2023-11-30 10:52:20,936] Trial 117 finished with value: 32.6734733581543 and parameters: {'gradient_clip_val': 0.3758854483955114, 'hidden_size': 150, 'dropout': 0.35880549537258505, 'hidden_continuous_size': 12, 'attention_head_size': 3, 'learning_rate': 0.015752929815855517}. Best is trial 89 with value: 30.201955795288086.
LOCAL_RANK: 0 - CUDA_VISIBLE_DEVICES: [0]
[I 2023-11-30 10:52:35,258] Trial 118 finished with value: 30.986780166625977 and parameters: {'gradient_clip_val': 0.23612495884211432, 'hidden_size': 130, 'dropout': 0.3838945010499436, 'hidden_continuous_size': 18, 'attention_head_size': 4, 'learning_rate': 0.008309972257440144}. Best is trial 89 with value: 30.201955795288086.
LOCAL_RANK: 0 - CUDA_VISIBLE_DEVICES: [0]
[I 2023-11-30 10:52:49,052] Trial 119 finished with value: 33.60734558105469 and parameters: {'gradient_clip_val': 0.23919657226698865, 'hidden_size': 119, 'dropout': 0.3634333355844452, 'hidden_continuous_size': 15, 'attention_head_size': 3, 'learning_rate': 0.007055050201120631}. Best is trial 89 with value: 30.201955795288086.
LOCAL_RANK: 0 - CUDA_VISIBLE_DEVICES: [0]
[I 2023-11-30 10:53:02,993] Trial 120 finished with value: 30.148460388183594 and parameters: {'gradient_clip_val': 0.21634425581506106, 'hidden_size': 128, 'dropout': 0.3731648392011855, 'hidden_continuous_size': 31, 'attention_head_size': 4, 'learning_rate': 0.007844106392283407}. Best is trial 120 with value: 30.148460388183594.
LOCAL_RANK: 0 - CUDA_VISIBLE_DEVICES: [0]
[I 2023-11-30 10:53:17,078] Trial 121 finished with value: 31.47879981994629 and parameters: {'gradient_clip_val': 0.22171625162898428, 'hidden_size': 130, 'dropout': 0.381519279314644, 'hidden_continuous_size': 32, 'attention_head_size': 4, 'learning_rate': 0.007866952518231824}. Best is trial 120 with value: 30.148460388183594.
LOCAL_RANK: 0 - CUDA_VISIBLE_DEVICES: [0]
[I 2023-11-30 10:53:31,115] Trial 122 finished with value: 32.85563659667969 and parameters: {'gradient_clip_val': 0.2157072965847067, 'hidden_size': 115, 'dropout': 0.37090162810115973, 'hidden_continuous_size': 30, 'attention_head_size': 4, 'learning_rate': 0.011312428265298215}. Best is trial 120 with value: 30.148460388183594.
LOCAL_RANK: 0 - CUDA_VISIBLE_DEVICES: [0]
[I 2023-11-30 10:53:45,000] Trial 123 finished with value: 36.9300422668457 and parameters: {'gradient_clip_val': 0.22968902308295802, 'hidden_size': 107, 'dropout': 0.3929170246307964, 'hidden_continuous_size': 14, 'attention_head_size': 4, 'learning_rate': 0.005848713729580108}. Best is trial 120 with value: 30.148460388183594.
LOCAL_RANK: 0 - CUDA_VISIBLE_DEVICES: [0]
[I 2023-11-30 10:53:59,102] Trial 124 finished with value: 35.3228874206543 and parameters: {'gradient_clip_val': 0.2500895755413129, 'hidden_size': 125, 'dropout': 0.3518835369384761, 'hidden_continuous_size': 33, 'attention_head_size': 4, 'learning_rate': 0.008207338118489924}. Best is trial 120 with value: 30.148460388183594.
LOCAL_RANK: 0 - CUDA_VISIBLE_DEVICES: [0]
[I 2023-11-30 10:54:12,905] Trial 125 finished with value: 32.20222854614258 and parameters: {'gradient_clip_val': 0.20432132699404798, 'hidden_size': 102, 'dropout': 0.37565179340425975, 'hidden_continuous_size': 28, 'attention_head_size': 4, 'learning_rate': 0.010640468789883636}. Best is trial 120 with value: 30.148460388183594.
LOCAL_RANK: 0 - CUDA_VISIBLE_DEVICES: [0]
