[I 2023-11-30 08:16:24,345] Trial 26 finished with value: 40.773475646972656 and parameters: {'gradient_clip_val': 0.2268856745677532, 'hidden_size': 15, 'dropout': 0.3205142928251251, 'hidden_continuous_size': 10, 'attention_head_size': 2, 'learning_rate': 0.04109394233404331}. Best is trial 14 with value: 24.701669692993164.
LOCAL_RANK: 0 - CUDA_VISIBLE_DEVICES: [0]
[I 2023-11-30 08:16:36,544] Trial 27 finished with value: 48.687591552734375 and parameters: {'gradient_clip_val': 0.3467726265436164, 'hidden_size': 26, 'dropout': 0.19584580358012502, 'hidden_continuous_size': 11, 'attention_head_size': 1, 'learning_rate': 0.06399503313258045}. Best is trial 14 with value: 24.701669692993164.
LOCAL_RANK: 0 - CUDA_VISIBLE_DEVICES: [0]
[I 2023-11-30 08:16:48,649] Trial 28 finished with value: 39.39959716796875 and parameters: {'gradient_clip_val': 0.28790344036748416, 'hidden_size': 20, 'dropout': 0.24880900899773134, 'hidden_continuous_size': 10, 'attention_head_size': 3, 'learning_rate': 0.09916695240425348}. Best is trial 14 with value: 24.701669692993164.
LOCAL_RANK: 0 - CUDA_VISIBLE_DEVICES: [0]
[I 2023-11-30 08:17:00,868] Trial 29 finished with value: 41.54081344604492 and parameters: {'gradient_clip_val': 0.4269805345672599, 'hidden_size': 14, 'dropout': 0.3758427539162241, 'hidden_continuous_size': 10, 'attention_head_size': 2, 'learning_rate': 0.04686645988616696}. Best is trial 14 with value: 24.701669692993164.
LOCAL_RANK: 0 - CUDA_VISIBLE_DEVICES: [0]
[I 2023-11-30 08:17:13,005] Trial 30 finished with value: 44.3900032043457 and parameters: {'gradient_clip_val': 0.5346580712593689, 'hidden_size': 11, 'dropout': 0.271950998690328, 'hidden_continuous_size': 10, 'attention_head_size': 3, 'learning_rate': 0.03318485793383049}. Best is trial 14 with value: 24.701669692993164.
LOCAL_RANK: 0 - CUDA_VISIBLE_DEVICES: [0]
[I 2023-11-30 08:17:25,804] Trial 31 finished with value: 28.612462997436523 and parameters: {'gradient_clip_val': 0.13054024882303447, 'hidden_size': 47, 'dropout': 0.14761920219897073, 'hidden_continuous_size': 13, 'attention_head_size': 3, 'learning_rate': 0.07340423787625552}. Best is trial 14 with value: 24.701669692993164.
LOCAL_RANK: 0 - CUDA_VISIBLE_DEVICES: [0]
[I 2023-11-30 08:17:38,418] Trial 32 finished with value: 29.3879337310791 and parameters: {'gradient_clip_val': 0.17293464757346516, 'hidden_size': 34, 'dropout': 0.14288158357290695, 'hidden_continuous_size': 13, 'attention_head_size': 3, 'learning_rate': 0.0474931589091386}. Best is trial 14 with value: 24.701669692993164.
LOCAL_RANK: 0 - CUDA_VISIBLE_DEVICES: [0]
[I 2023-11-30 08:17:51,012] Trial 33 finished with value: 38.56113052368164 and parameters: {'gradient_clip_val': 0.18612629242314865, 'hidden_size': 35, 'dropout': 0.13474857951160446, 'hidden_continuous_size': 13, 'attention_head_size': 4, 'learning_rate': 0.07127359034424574}. Best is trial 14 with value: 24.701669692993164.
LOCAL_RANK: 0 - CUDA_VISIBLE_DEVICES: [0]
[I 2023-11-30 08:18:03,882] Trial 34 finished with value: 33.717742919921875 and parameters: {'gradient_clip_val': 0.14363977933154035, 'hidden_size': 44, 'dropout': 0.15163304932270094, 'hidden_continuous_size': 15, 'attention_head_size': 3, 'learning_rate': 0.043377452502110975}. Best is trial 14 with value: 24.701669692993164.
LOCAL_RANK: 0 - CUDA_VISIBLE_DEVICES: [0]
[I 2023-11-30 08:18:16,393] Trial 35 finished with value: 38.8910026550293 and parameters: {'gradient_clip_val': 0.20834234923023415, 'hidden_size': 33, 'dropout': 0.18658739577591352, 'hidden_continuous_size': 13, 'attention_head_size': 3, 'learning_rate': 0.029745134504300177}. Best is trial 14 with value: 24.701669692993164.
LOCAL_RANK: 0 - CUDA_VISIBLE_DEVICES: [0]
[I 2023-11-30 08:18:29,431] Trial 36 finished with value: 36.71331787109375 and parameters: {'gradient_clip_val': 0.1989943906915645, 'hidden_size': 60, 'dropout': 0.21233499532814334, 'hidden_continuous_size': 16, 'attention_head_size': 4, 'learning_rate': 0.02289301579686704}. Best is trial 14 with value: 24.701669692993164.
LOCAL_RANK: 0 - CUDA_VISIBLE_DEVICES: [0]
[I 2023-11-30 08:18:42,297] Trial 37 finished with value: 32.599090576171875 and parameters: {'gradient_clip_val': 0.17089198195345873, 'hidden_size': 41, 'dropout': 0.14611094276175401, 'hidden_continuous_size': 13, 'attention_head_size': 3, 'learning_rate': 0.07423251904039}. Best is trial 14 with value: 24.701669692993164.
LOCAL_RANK: 0 - CUDA_VISIBLE_DEVICES: [0]
[I 2023-11-30 08:18:54,759] Trial 38 finished with value: 28.440889358520508 and parameters: {'gradient_clip_val': 0.1408851981369825, 'hidden_size': 31, 'dropout': 0.12478835147904943, 'hidden_continuous_size': 12, 'attention_head_size': 3, 'learning_rate': 0.05005407752296044}. Best is trial 14 with value: 24.701669692993164.
LOCAL_RANK: 0 - CUDA_VISIBLE_DEVICES: [0]
[I 2023-11-30 08:19:07,176] Trial 39 finished with value: 34.45816421508789 and parameters: {'gradient_clip_val': 0.1350726350727595, 'hidden_size': 34, 'dropout': 0.12209667293587148, 'hidden_continuous_size': 12, 'attention_head_size': 4, 'learning_rate': 0.0667071884059594}. Best is trial 14 with value: 24.701669692993164.
LOCAL_RANK: 0 - CUDA_VISIBLE_DEVICES: [0]
[I 2023-11-30 08:19:20,208] Trial 40 finished with value: 33.967811584472656 and parameters: {'gradient_clip_val': 0.12367763874984185, 'hidden_size': 43, 'dropout': 0.10149622858946619, 'hidden_continuous_size': 17, 'attention_head_size': 3, 'learning_rate': 0.051270437197476634}. Best is trial 14 with value: 24.701669692993164.
LOCAL_RANK: 0 - CUDA_VISIBLE_DEVICES: [0]
[I 2023-11-30 08:19:32,721] Trial 41 finished with value: 42.40150451660156 and parameters: {'gradient_clip_val': 0.15066712636146476, 'hidden_size': 30, 'dropout': 0.15479237503748228, 'hidden_continuous_size': 12, 'attention_head_size': 3, 'learning_rate': 0.036520754447435175}. Best is trial 14 with value: 24.701669692993164.
LOCAL_RANK: 0 - CUDA_VISIBLE_DEVICES: [0]
[I 2023-11-30 08:19:45,078] Trial 42 finished with value: 35.64622116088867 and parameters: {'gradient_clip_val': 0.17421461756690776, 'hidden_size': 32, 'dropout': 0.13230765385909077, 'hidden_continuous_size': 14, 'attention_head_size': 3, 'learning_rate': 0.09879033934087605}. Best is trial 14 with value: 24.701669692993164.
LOCAL_RANK: 0 - CUDA_VISIBLE_DEVICES: [0]
[I 2023-11-30 08:19:57,967] Trial 43 finished with value: 34.5069465637207 and parameters: {'gradient_clip_val': 0.12163988057147723, 'hidden_size': 53, 'dropout': 0.12172799894761997, 'hidden_continuous_size': 15, 'attention_head_size': 3, 'learning_rate': 0.07826061520980018}. Best is trial 14 with value: 24.701669692993164.
LOCAL_RANK: 0 - CUDA_VISIBLE_DEVICES: [0]
[I 2023-11-30 08:20:10,446] Trial 44 finished with value: 33.28574752807617 and parameters: {'gradient_clip_val': 0.15708268090042085, 'hidden_size': 40, 'dropout': 0.17749461734519348, 'hidden_continuous_size': 12, 'attention_head_size': 3, 'learning_rate': 0.0448441863901313}. Best is trial 14 with value: 24.701669692993164.
LOCAL_RANK: 0 - CUDA_VISIBLE_DEVICES: [0]
[I 2023-11-30 08:20:22,810] Trial 45 finished with value: 43.59367752075195 and parameters: {'gradient_clip_val': 0.11412751063713096, 'hidden_size': 28, 'dropout': 0.1493327999585898, 'hidden_continuous_size': 13, 'attention_head_size': 3, 'learning_rate': 0.05862318080184074}. Best is trial 14 with value: 24.701669692993164.
LOCAL_RANK: 0 - CUDA_VISIBLE_DEVICES: [0]
[I 2023-11-30 08:20:35,168] Trial 46 finished with value: 46.4069709777832 and parameters: {'gradient_clip_val': 0.1563713300705227, 'hidden_size': 25, 'dropout': 0.16234972340062168, 'hidden_continuous_size': 13, 'attention_head_size': 4, 'learning_rate': 0.03252318458388253}. Best is trial 14 with value: 24.701669692993164.
LOCAL_RANK: 0 - CUDA_VISIBLE_DEVICES: [0]
[I 2023-11-30 08:20:47,405] Trial 47 finished with value: 46.32014083862305 and parameters: {'gradient_clip_val': 0.13481993406601386, 'hidden_size': 21, 'dropout': 0.1106411472671031, 'hidden_continuous_size': 13, 'attention_head_size': 3, 'learning_rate': 0.08290285849357087}. Best is trial 14 with value: 24.701669692993164.
LOCAL_RANK: 0 - CUDA_VISIBLE_DEVICES: [0]
[I 2023-11-30 08:21:00,275] Trial 48 finished with value: 38.00373077392578 and parameters: {'gradient_clip_val': 0.10704339481205133, 'hidden_size': 46, 'dropout': 0.13311321424132339, 'hidden_continuous_size': 20, 'attention_head_size': 2, 'learning_rate': 0.0490644844460286}. Best is trial 14 with value: 24.701669692993164.
LOCAL_RANK: 0 - CUDA_VISIBLE_DEVICES: [0]
[I 2023-11-30 08:21:12,848] Trial 49 finished with value: 39.93087387084961 and parameters: {'gradient_clip_val': 0.14204239557927445, 'hidden_size': 35, 'dropout': 0.11661968561779912, 'hidden_continuous_size': 11, 'attention_head_size': 3, 'learning_rate': 0.0201927639793941}. Best is trial 14 with value: 24.701669692993164.
LOCAL_RANK: 0 - CUDA_VISIBLE_DEVICES: [0]
[I 2023-11-30 08:21:25,265] Trial 50 finished with value: 38.382965087890625 and parameters: {'gradient_clip_val': 0.1112182552064625, 'hidden_size': 19, 'dropout': 0.18239107017685804, 'hidden_continuous_size': 12, 'attention_head_size': 3, 'learning_rate': 0.02716968365411419}. Best is trial 14 with value: 24.701669692993164.
LOCAL_RANK: 0 - CUDA_VISIBLE_DEVICES: [0]
[I 2023-11-30 08:21:37,361] Trial 51 finished with value: 39.89982223510742 and parameters: {'gradient_clip_val': 0.34547902858001434, 'hidden_size': 28, 'dropout': 0.21567890173448498, 'hidden_continuous_size': 11, 'attention_head_size': 2, 'learning_rate': 0.05368467209180117}. Best is trial 14 with value: 24.701669692993164.
LOCAL_RANK: 0 - CUDA_VISIBLE_DEVICES: [0]
[I 2023-11-30 08:21:49,896] Trial 52 finished with value: 35.69328689575195 and parameters: {'gradient_clip_val': 0.17702096586010216, 'hidden_size': 26, 'dropout': 0.1658745437318046, 'hidden_continuous_size': 14, 'attention_head_size': 2, 'learning_rate': 0.036090699626397944}. Best is trial 14 with value: 24.701669692993164.
LOCAL_RANK: 0 - CUDA_VISIBLE_DEVICES: [0]
[I 2023-11-30 08:22:02,101] Trial 53 finished with value: 47.06202697753906 and parameters: {'gradient_clip_val': 0.20962271960032117, 'hidden_size': 23, 'dropout': 0.20507706761668276, 'hidden_continuous_size': 12, 'attention_head_size': 2, 'learning_rate': 0.06604144429004119}. Best is trial 14 with value: 24.701669692993164.
LOCAL_RANK: 0 - CUDA_VISIBLE_DEVICES: [0]
[I 2023-11-30 08:22:14,711] Trial 54 finished with value: 40.19990158081055 and parameters: {'gradient_clip_val': 0.25183741323586883, 'hidden_size': 31, 'dropout': 0.10030690101868041, 'hidden_continuous_size': 11, 'attention_head_size': 2, 'learning_rate': 0.08320902128107888}. Best is trial 14 with value: 24.701669692993164.
LOCAL_RANK: 0 - CUDA_VISIBLE_DEVICES: [0]
[I 2023-11-30 08:22:27,284] Trial 55 finished with value: 56.0927848815918 and parameters: {'gradient_clip_val': 0.427195365860803, 'hidden_size': 37, 'dropout': 0.22912092955234115, 'hidden_continuous_size': 12, 'attention_head_size': 2, 'learning_rate': 0.05606351924333895}. Best is trial 14 with value: 24.701669692993164.
LOCAL_RANK: 0 - CUDA_VISIBLE_DEVICES: [0]
[I 2023-11-30 08:22:39,997] Trial 56 finished with value: 34.053104400634766 and parameters: {'gradient_clip_val': 0.32404790782232423, 'hidden_size': 40, 'dropout': 0.14269445303670686, 'hidden_continuous_size': 15, 'attention_head_size': 3, 'learning_rate': 0.04228878277840918}. Best is trial 14 with value: 24.701669692993164.
LOCAL_RANK: 0 - CUDA_VISIBLE_DEVICES: [0]
[I 2023-11-30 08:22:52,126] Trial 57 finished with value: 38.51435470581055 and parameters: {'gradient_clip_val': 0.12811863692945816, 'hidden_size': 28, 'dropout': 0.15989617314737248, 'hidden_continuous_size': 14, 'attention_head_size': 3, 'learning_rate': 0.07340445701321338}. Best is trial 14 with value: 24.701669692993164.
LOCAL_RANK: 0 - CUDA_VISIBLE_DEVICES: [0]
[I 2023-11-30 08:23:04,152] Trial 58 finished with value: 36.546287536621094 and parameters: {'gradient_clip_val': 0.3739324190349371, 'hidden_size': 24, 'dropout': 0.17491715441105343, 'hidden_continuous_size': 11, 'attention_head_size': 2, 'learning_rate': 0.03090041978139562}. Best is trial 14 with value: 24.701669692993164.
LOCAL_RANK: 0 - CUDA_VISIBLE_DEVICES: [0]
[I 2023-11-30 08:23:16,396] Trial 59 finished with value: 46.1119499206543 and parameters: {'gradient_clip_val': 0.16407570463818674, 'hidden_size': 32, 'dropout': 0.13054982051567812, 'hidden_continuous_size': 13, 'attention_head_size': 1, 'learning_rate': 0.05116197717522457}. Best is trial 14 with value: 24.701669692993164.
LOCAL_RANK: 0 - CUDA_VISIBLE_DEVICES: [0]
[I 2023-11-30 08:23:29,522] Trial 60 finished with value: 28.37416648864746 and parameters: {'gradient_clip_val': 0.14605703901792816, 'hidden_size': 50, 'dropout': 0.14676625569209095, 'hidden_continuous_size': 17, 'attention_head_size': 3, 'learning_rate': 0.06091009272250297}. Best is trial 14 with value: 24.701669692993164.
LOCAL_RANK: 0 - CUDA_VISIBLE_DEVICES: [0]
[I 2023-11-30 08:23:42,472] Trial 61 finished with value: 39.54573059082031 and parameters: {'gradient_clip_val': 0.14036349335118078, 'hidden_size': 52, 'dropout': 0.14493265027356395, 'hidden_continuous_size': 18, 'attention_head_size': 3, 'learning_rate': 0.060746479096760536}. Best is trial 14 with value: 24.701669692993164.
LOCAL_RANK: 0 - CUDA_VISIBLE_DEVICES: [0]
[I 2023-11-30 08:23:55,367] Trial 62 finished with value: 41.40391540527344 and parameters: {'gradient_clip_val': 0.10005787911001121, 'hidden_size': 48, 'dropout': 0.1687296573938989, 'hidden_continuous_size': 16, 'attention_head_size': 3, 'learning_rate': 0.08816537565607024}. Best is trial 14 with value: 24.701669692993164.
LOCAL_RANK: 0 - CUDA_VISIBLE_DEVICES: [0]
[I 2023-11-30 08:24:07,943] Trial 63 finished with value: 37.59625244140625 and parameters: {'gradient_clip_val': 0.15131553552227836, 'hidden_size': 36, 'dropout': 0.14012419954308933, 'hidden_continuous_size': 15, 'attention_head_size': 3, 'learning_rate': 0.043820929491559676}. Best is trial 14 with value: 24.701669692993164.
LOCAL_RANK: 0 - CUDA_VISIBLE_DEVICES: [0]
[I 2023-11-30 08:24:20,522] Trial 64 finished with value: 41.44450378417969 and parameters: {'gradient_clip_val': 0.26675699061961056, 'hidden_size': 29, 'dropout': 0.12498512019375076, 'hidden_continuous_size': 10, 'attention_head_size': 3, 'learning_rate': 0.03883989499291811}. Best is trial 14 with value: 24.701669692993164.
LOCAL_RANK: 0 - CUDA_VISIBLE_DEVICES: [0]
[I 2023-11-30 08:24:33,358] Trial 65 finished with value: 52.25312805175781 and parameters: {'gradient_clip_val': 0.18458734759043732, 'hidden_size': 43, 'dropout': 0.11224796248012325, 'hidden_continuous_size': 21, 'attention_head_size': 2, 'learning_rate': 0.062024335077122565}. Best is trial 14 with value: 24.701669692993164.
LOCAL_RANK: 0 - CUDA_VISIBLE_DEVICES: [0]
[I 2023-11-30 08:24:45,775] Trial 66 finished with value: 39.13883972167969 and parameters: {'gradient_clip_val': 0.11966598213227007, 'hidden_size': 26, 'dropout': 0.15539610600724743, 'hidden_continuous_size': 17, 'attention_head_size': 3, 'learning_rate': 0.04922027363482234}. Best is trial 14 with value: 24.701669692993164.
LOCAL_RANK: 0 - CUDA_VISIBLE_DEVICES: [0]
[I 2023-11-30 08:24:58,441] Trial 67 finished with value: 40.36931228637695 and parameters: {'gradient_clip_val': 0.22649398993805658, 'hidden_size': 33, 'dropout': 0.1890914239122958, 'hidden_continuous_size': 14, 'attention_head_size': 3, 'learning_rate': 0.07311525906777151}. Best is trial 14 with value: 24.701669692993164.
LOCAL_RANK: 0 - CUDA_VISIBLE_DEVICES: [0]
[I 2023-11-30 08:25:11,371] Trial 68 finished with value: 43.986236572265625 and parameters: {'gradient_clip_val': 0.12978353626479627, 'hidden_size': 38, 'dropout': 0.2560358460691257, 'hidden_continuous_size': 19, 'attention_head_size': 4, 'learning_rate': 0.0885434001557812}. Best is trial 14 with value: 24.701669692993164.
LOCAL_RANK: 0 - CUDA_VISIBLE_DEVICES: [0]
[I 2023-11-30 08:25:24,498] Trial 69 finished with value: 32.539554595947266 and parameters: {'gradient_clip_val': 0.1659660968005509, 'hidden_size': 56, 'dropout': 0.14157410310382332, 'hidden_continuous_size': 24, 'attention_head_size': 2, 'learning_rate': 0.066614624962607}. Best is trial 14 with value: 24.701669692993164.
LOCAL_RANK: 0 - CUDA_VISIBLE_DEVICES: [0]
[I 2023-11-30 08:25:37,260] Trial 70 finished with value: 43.44258499145508 and parameters: {'gradient_clip_val': 0.14705759604813665, 'hidden_size': 46, 'dropout': 0.128274477093909, 'hidden_continuous_size': 11, 'attention_head_size': 3, 'learning_rate': 0.03517449083015617}. Best is trial 14 with value: 24.701669692993164.
LOCAL_RANK: 0 - CUDA_VISIBLE_DEVICES: [0]
[I 2023-11-30 08:25:50,811] Trial 71 finished with value: 35.67872619628906 and parameters: {'gradient_clip_val': 0.13540122737106527, 'hidden_size': 72, 'dropout': 0.1565670308706166, 'hidden_continuous_size': 35, 'attention_head_size': 3, 'learning_rate': 0.093463751432954}. Best is trial 14 with value: 24.701669692993164.
LOCAL_RANK: 0 - CUDA_VISIBLE_DEVICES: [0]
[I 2023-11-30 08:26:03,757] Trial 72 finished with value: 41.899620056152344 and parameters: {'gradient_clip_val': 0.15905545443515834, 'hidden_size': 42, 'dropout': 0.1379528366790064, 'hidden_continuous_size': 25, 'attention_head_size': 3, 'learning_rate': 0.08239454408390075}. Best is trial 14 with value: 24.701669692993164.
LOCAL_RANK: 0 - CUDA_VISIBLE_DEVICES: [0]
[I 2023-11-30 08:26:16,560] Trial 73 finished with value: 36.90474319458008 and parameters: {'gradient_clip_val': 0.12321903622347817, 'hidden_size': 50, 'dropout': 0.11466801882687372, 'hidden_continuous_size': 10, 'attention_head_size': 3, 'learning_rate': 0.05779740883717035}. Best is trial 14 with value: 24.701669692993164.
LOCAL_RANK: 0 - CUDA_VISIBLE_DEVICES: [0]
[I 2023-11-30 08:26:29,354] Trial 74 finished with value: 32.303096771240234 and parameters: {'gradient_clip_val': 0.11641550449016591, 'hidden_size': 30, 'dropout': 0.149451190910139, 'hidden_continuous_size': 18, 'attention_head_size': 3, 'learning_rate': 0.0739573983848843}. Best is trial 14 with value: 24.701669692993164.
LOCAL_RANK: 0 - CUDA_VISIBLE_DEVICES: [0]
[I 2023-11-30 08:26:41,990] Trial 75 finished with value: 43.68227767944336 and parameters: {'gradient_clip_val': 0.1289163842234495, 'hidden_size': 34, 'dropout': 0.2715298207229154, 'hidden_continuous_size': 15, 'attention_head_size': 3, 'learning_rate': 0.09850938794819224}. Best is trial 14 with value: 24.701669692993164.
LOCAL_RANK: 0 - CUDA_VISIBLE_DEVICES: [0]
[I 2023-11-30 08:26:54,784] Trial 76 finished with value: 36.46110916137695 and parameters: {'gradient_clip_val': 0.10964175945300962, 'hidden_size': 39, 'dropout': 0.16584512408467872, 'hidden_continuous_size': 16, 'attention_head_size': 3, 'learning_rate': 0.04626241839276106}. Best is trial 14 with value: 24.701669692993164.
LOCAL_RANK: 0 - CUDA_VISIBLE_DEVICES: [0]
[I 2023-11-30 08:27:07,613] Trial 77 finished with value: 50.1876335144043 and parameters: {'gradient_clip_val': 0.1466353233751149, 'hidden_size': 45, 'dropout': 0.12447514763375081, 'hidden_continuous_size': 13, 'attention_head_size': 3, 'learning_rate': 0.064427011074993}. Best is trial 14 with value: 24.701669692993164.
LOCAL_RANK: 0 - CUDA_VISIBLE_DEVICES: [0]
[I 2023-11-30 08:27:20,448] Trial 78 finished with value: 39.544315338134766 and parameters: {'gradient_clip_val': 0.1651906173022738, 'hidden_size': 35, 'dropout': 0.2813786754791267, 'hidden_continuous_size': 19, 'attention_head_size': 4, 'learning_rate': 0.05387475313171752}. Best is trial 14 with value: 24.701669692993164.
LOCAL_RANK: 0 - CUDA_VISIBLE_DEVICES: [0]
[I 2023-11-30 08:27:32,730] Trial 79 finished with value: 49.9307975769043 and parameters: {'gradient_clip_val': 0.4597863119470859, 'hidden_size': 32, 'dropout': 0.10753461207248755, 'hidden_continuous_size': 16, 'attention_head_size': 2, 'learning_rate': 0.03995104166733196}. Best is trial 14 with value: 24.701669692993164.
LOCAL_RANK: 0 - CUDA_VISIBLE_DEVICES: [0]
[I 2023-11-30 08:27:45,195] Trial 80 finished with value: 41.0312385559082 and parameters: {'gradient_clip_val': 0.28845432896085804, 'hidden_size': 22, 'dropout': 0.1360002582753726, 'hidden_continuous_size': 14, 'attention_head_size': 3, 'learning_rate': 0.02484404088816683}. Best is trial 14 with value: 24.701669692993164.
LOCAL_RANK: 0 - CUDA_VISIBLE_DEVICES: [0]
[I 2023-11-30 08:27:57,661] Trial 81 finished with value: 36.97640609741211 and parameters: {'gradient_clip_val': 0.11790659241114443, 'hidden_size': 29, 'dropout': 0.1499767675322822, 'hidden_continuous_size': 17, 'attention_head_size': 3, 'learning_rate': 0.0797444834838829}. Best is trial 14 with value: 24.701669692993164.
LOCAL_RANK: 0 - CUDA_VISIBLE_DEVICES: [0]
[I 2023-11-30 08:28:10,138] Trial 82 finished with value: 40.35335159301758 and parameters: {'gradient_clip_val': 0.13694096442728695, 'hidden_size': 27, 'dropout': 0.14830839499692466, 'hidden_continuous_size': 18, 'attention_head_size': 3, 'learning_rate': 0.07056413591380674}. Best is trial 14 with value: 24.701669692993164.
LOCAL_RANK: 0 - CUDA_VISIBLE_DEVICES: [0]
[I 2023-11-30 08:28:22,663] Trial 83 finished with value: 34.48166275024414 and parameters: {'gradient_clip_val': 0.1146901817485809, 'hidden_size': 30, 'dropout': 0.1210485757597029, 'hidden_continuous_size': 21, 'attention_head_size': 3, 'learning_rate': 0.07338662199901994}. Best is trial 14 with value: 24.701669692993164.
LOCAL_RANK: 0 - CUDA_VISIBLE_DEVICES: [0]
[I 2023-11-30 08:28:35,423] Trial 84 finished with value: 32.60023498535156 and parameters: {'gradient_clip_val': 0.15286383625204666, 'hidden_size': 37, 'dropout': 0.17408884124812632, 'hidden_continuous_size': 20, 'attention_head_size': 3, 'learning_rate': 0.05954949348465781}. Best is trial 14 with value: 24.701669692993164.
LOCAL_RANK: 0 - CUDA_VISIBLE_DEVICES: [0]
