[I 2023-11-30 06:47:12,857] Trial 67 finished with value: 131.309326171875 and parameters: {'gradient_clip_val': 0.4267891834577623, 'hidden_size': 25, 'dropout': 0.33245492045901404, 'hidden_continuous_size': 17, 'attention_head_size': 1, 'learning_rate': 0.017497308683813745}. Best is trial 42 with value: 91.63338470458984.
LOCAL_RANK: 0 - CUDA_VISIBLE_DEVICES: [0]
[I 2023-11-30 06:47:25,082] Trial 68 finished with value: 103.71143341064453 and parameters: {'gradient_clip_val': 0.5328397974964145, 'hidden_size': 28, 'dropout': 0.3771104681205443, 'hidden_continuous_size': 13, 'attention_head_size': 1, 'learning_rate': 0.01346920196813324}. Best is trial 42 with value: 91.63338470458984.
LOCAL_RANK: 0 - CUDA_VISIBLE_DEVICES: [0]
[I 2023-11-30 06:47:37,456] Trial 69 finished with value: 120.24303436279297 and parameters: {'gradient_clip_val': 0.45775595356031157, 'hidden_size': 23, 'dropout': 0.3431083577279599, 'hidden_continuous_size': 16, 'attention_head_size': 3, 'learning_rate': 0.008568376621848388}. Best is trial 42 with value: 91.63338470458984.
LOCAL_RANK: 0 - CUDA_VISIBLE_DEVICES: [0]
[I 2023-11-30 06:47:50,015] Trial 70 finished with value: 121.102294921875 and parameters: {'gradient_clip_val': 0.3704259393777967, 'hidden_size': 33, 'dropout': 0.3556893956990075, 'hidden_continuous_size': 14, 'attention_head_size': 2, 'learning_rate': 0.01910807893157332}. Best is trial 42 with value: 91.63338470458984.
LOCAL_RANK: 0 - CUDA_VISIBLE_DEVICES: [0]
[I 2023-11-30 06:48:01,915] Trial 71 finished with value: 127.76092529296875 and parameters: {'gradient_clip_val': 0.5233664399760591, 'hidden_size': 28, 'dropout': 0.3746785961456313, 'hidden_continuous_size': 13, 'attention_head_size': 1, 'learning_rate': 0.014797003153157651}. Best is trial 42 with value: 91.63338470458984.
LOCAL_RANK: 0 - CUDA_VISIBLE_DEVICES: [0]
[I 2023-11-30 06:48:14,056] Trial 72 finished with value: 138.2135467529297 and parameters: {'gradient_clip_val': 0.47361482876773886, 'hidden_size': 26, 'dropout': 0.3922796246509211, 'hidden_continuous_size': 12, 'attention_head_size': 1, 'learning_rate': 0.013079531747874336}. Best is trial 42 with value: 91.63338470458984.
LOCAL_RANK: 0 - CUDA_VISIBLE_DEVICES: [0]
[I 2023-11-30 06:48:26,512] Trial 73 finished with value: 100.7505874633789 and parameters: {'gradient_clip_val': 0.5416318991171336, 'hidden_size': 30, 'dropout': 0.3762637267090583, 'hidden_continuous_size': 15, 'attention_head_size': 1, 'learning_rate': 0.0171545872182253}. Best is trial 42 with value: 91.63338470458984.
LOCAL_RANK: 0 - CUDA_VISIBLE_DEVICES: [0]
[I 2023-11-30 06:48:38,896] Trial 74 finished with value: 123.3539810180664 and parameters: {'gradient_clip_val': 0.6494256818469564, 'hidden_size': 31, 'dropout': 0.36225643870030205, 'hidden_continuous_size': 15, 'attention_head_size': 1, 'learning_rate': 0.021650944259066485}. Best is trial 42 with value: 91.63338470458984.
LOCAL_RANK: 0 - CUDA_VISIBLE_DEVICES: [0]
[I 2023-11-30 06:48:50,826] Trial 75 finished with value: 122.9897689819336 and parameters: {'gradient_clip_val': 0.5891448556269068, 'hidden_size': 24, 'dropout': 0.3813042991555496, 'hidden_continuous_size': 15, 'attention_head_size': 1, 'learning_rate': 0.017357583533464626}. Best is trial 42 with value: 91.63338470458984.
LOCAL_RANK: 0 - CUDA_VISIBLE_DEVICES: [0]
[I 2023-11-30 06:49:02,743] Trial 76 finished with value: 125.47896575927734 and parameters: {'gradient_clip_val': 0.4290919336620363, 'hidden_size': 20, 'dropout': 0.3650990126774913, 'hidden_continuous_size': 11, 'attention_head_size': 1, 'learning_rate': 0.016062603301453347}. Best is trial 42 with value: 91.63338470458984.
LOCAL_RANK: 0 - CUDA_VISIBLE_DEVICES: [0]
[I 2023-11-30 06:49:15,025] Trial 77 finished with value: 126.53488159179688 and parameters: {'gradient_clip_val': 0.49197889436014786, 'hidden_size': 33, 'dropout': 0.39324594680661684, 'hidden_continuous_size': 14, 'attention_head_size': 1, 'learning_rate': 0.02558265703822176}. Best is trial 42 with value: 91.63338470458984.
LOCAL_RANK: 0 - CUDA_VISIBLE_DEVICES: [0]
[I 2023-11-30 06:49:27,493] Trial 78 finished with value: 107.80240631103516 and parameters: {'gradient_clip_val': 0.40814770280662954, 'hidden_size': 29, 'dropout': 0.3495771215057714, 'hidden_continuous_size': 18, 'attention_head_size': 1, 'learning_rate': 0.021898477307813424}. Best is trial 42 with value: 91.63338470458984.
LOCAL_RANK: 0 - CUDA_VISIBLE_DEVICES: [0]
[I 2023-11-30 06:49:39,720] Trial 79 finished with value: 129.81251525878906 and parameters: {'gradient_clip_val': 0.5621846965625562, 'hidden_size': 27, 'dropout': 0.3987150879484034, 'hidden_continuous_size': 10, 'attention_head_size': 2, 'learning_rate': 0.01103031616695554}. Best is trial 42 with value: 91.63338470458984.
LOCAL_RANK: 0 - CUDA_VISIBLE_DEVICES: [0]
[I 2023-11-30 06:49:51,788] Trial 80 finished with value: 106.00499725341797 and parameters: {'gradient_clip_val': 0.4500032179620993, 'hidden_size': 22, 'dropout': 0.331192952283235, 'hidden_continuous_size': 15, 'attention_head_size': 1, 'learning_rate': 0.01950082459800034}. Best is trial 42 with value: 91.63338470458984.
LOCAL_RANK: 0 - CUDA_VISIBLE_DEVICES: [0]
[I 2023-11-30 06:50:03,910] Trial 81 finished with value: 125.98980712890625 and parameters: {'gradient_clip_val': 0.5060504489815545, 'hidden_size': 29, 'dropout': 0.37756876016836516, 'hidden_continuous_size': 13, 'attention_head_size': 1, 'learning_rate': 0.01410728459696201}. Best is trial 42 with value: 91.63338470458984.
LOCAL_RANK: 0 - CUDA_VISIBLE_DEVICES: [0]
[I 2023-11-30 06:50:15,997] Trial 82 finished with value: 109.69185638427734 and parameters: {'gradient_clip_val': 0.5190224500349564, 'hidden_size': 27, 'dropout': 0.3769077021059909, 'hidden_continuous_size': 12, 'attention_head_size': 1, 'learning_rate': 0.013265837528093311}. Best is trial 42 with value: 91.63338470458984.
LOCAL_RANK: 0 - CUDA_VISIBLE_DEVICES: [0]
[I 2023-11-30 06:50:28,548] Trial 83 finished with value: 121.03990936279297 and parameters: {'gradient_clip_val': 0.6116809483308975, 'hidden_size': 36, 'dropout': 0.3845447009638967, 'hidden_continuous_size': 13, 'attention_head_size': 1, 'learning_rate': 0.016745334722897923}. Best is trial 42 with value: 91.63338470458984.
LOCAL_RANK: 0 - CUDA_VISIBLE_DEVICES: [0]
[I 2023-11-30 06:50:40,575] Trial 84 finished with value: 95.9378662109375 and parameters: {'gradient_clip_val': 0.5391725102439354, 'hidden_size': 32, 'dropout': 0.35689499368545086, 'hidden_continuous_size': 12, 'attention_head_size': 1, 'learning_rate': 0.011629231161814153}. Best is trial 42 with value: 91.63338470458984.
LOCAL_RANK: 0 - CUDA_VISIBLE_DEVICES: [0]
[I 2023-11-30 06:50:53,023] Trial 85 finished with value: 108.07598876953125 and parameters: {'gradient_clip_val': 0.6740990966561318, 'hidden_size': 39, 'dropout': 0.34178430618316236, 'hidden_continuous_size': 11, 'attention_head_size': 1, 'learning_rate': 0.011146661250875616}. Best is trial 42 with value: 91.63338470458984.
LOCAL_RANK: 0 - CUDA_VISIBLE_DEVICES: [0]
[I 2023-11-30 06:51:04,971] Trial 86 finished with value: 113.30477142333984 and parameters: {'gradient_clip_val': 0.45515053175449455, 'hidden_size': 32, 'dropout': 0.3595330993079618, 'hidden_continuous_size': 12, 'attention_head_size': 1, 'learning_rate': 0.015851183988962632}. Best is trial 42 with value: 91.63338470458984.
LOCAL_RANK: 0 - CUDA_VISIBLE_DEVICES: [0]
[I 2023-11-30 06:51:17,566] Trial 87 finished with value: 104.75225067138672 and parameters: {'gradient_clip_val': 0.47618426280437287, 'hidden_size': 35, 'dropout': 0.351701314974191, 'hidden_continuous_size': 18, 'attention_head_size': 1, 'learning_rate': 0.01848266564042695}. Best is trial 42 with value: 91.63338470458984.
LOCAL_RANK: 0 - CUDA_VISIBLE_DEVICES: [0]
[I 2023-11-30 06:51:30,019] Trial 88 finished with value: 128.0458526611328 and parameters: {'gradient_clip_val': 0.5713995140301185, 'hidden_size': 31, 'dropout': 0.3408977551171783, 'hidden_continuous_size': 11, 'attention_head_size': 1, 'learning_rate': 0.012338547005281923}. Best is trial 42 with value: 91.63338470458984.
LOCAL_RANK: 0 - CUDA_VISIBLE_DEVICES: [0]
[I 2023-11-30 06:51:42,142] Trial 89 finished with value: 123.43514251708984 and parameters: {'gradient_clip_val': 0.39798109454704145, 'hidden_size': 25, 'dropout': 0.3702895407387877, 'hidden_continuous_size': 12, 'attention_head_size': 1, 'learning_rate': 0.022803574429007732}. Best is trial 42 with value: 91.63338470458984.
LOCAL_RANK: 0 - CUDA_VISIBLE_DEVICES: [0]
[I 2023-11-30 06:51:54,831] Trial 90 finished with value: 121.0472640991211 and parameters: {'gradient_clip_val': 0.41994277821332265, 'hidden_size': 43, 'dropout': 0.36293354972515574, 'hidden_continuous_size': 14, 'attention_head_size': 1, 'learning_rate': 0.008950835602800614}. Best is trial 42 with value: 91.63338470458984.
LOCAL_RANK: 0 - CUDA_VISIBLE_DEVICES: [0]
[I 2023-11-30 06:52:06,955] Trial 91 finished with value: 110.54251861572266 and parameters: {'gradient_clip_val': 0.5428169635360359, 'hidden_size': 29, 'dropout': 0.37623308679646017, 'hidden_continuous_size': 12, 'attention_head_size': 1, 'learning_rate': 0.013923588763069643}. Best is trial 42 with value: 91.63338470458984.
LOCAL_RANK: 0 - CUDA_VISIBLE_DEVICES: [0]
[I 2023-11-30 06:52:19,202] Trial 92 finished with value: 121.25756072998047 and parameters: {'gradient_clip_val': 0.5239796619122754, 'hidden_size': 27, 'dropout': 0.3915660493032096, 'hidden_continuous_size': 16, 'attention_head_size': 1, 'learning_rate': 0.010797268183878567}. Best is trial 42 with value: 91.63338470458984.
LOCAL_RANK: 0 - CUDA_VISIBLE_DEVICES: [0]
[I 2023-11-30 06:52:31,816] Trial 93 finished with value: 115.28792572021484 and parameters: {'gradient_clip_val': 0.48505625364315375, 'hidden_size': 33, 'dropout': 0.3573512151640238, 'hidden_continuous_size': 13, 'attention_head_size': 1, 'learning_rate': 0.014486367829805382}. Best is trial 42 with value: 91.63338470458984.
LOCAL_RANK: 0 - CUDA_VISIBLE_DEVICES: [0]
[I 2023-11-30 06:52:43,846] Trial 94 finished with value: 133.7254180908203 and parameters: {'gradient_clip_val': 0.5319098840971307, 'hidden_size': 24, 'dropout': 0.3824282910011246, 'hidden_continuous_size': 12, 'attention_head_size': 1, 'learning_rate': 0.01302522536956007}. Best is trial 42 with value: 91.63338470458984.
LOCAL_RANK: 0 - CUDA_VISIBLE_DEVICES: [0]
[I 2023-11-30 06:52:56,172] Trial 95 finished with value: 115.16656494140625 and parameters: {'gradient_clip_val': 0.5953848079016048, 'hidden_size': 30, 'dropout': 0.3715510921097714, 'hidden_continuous_size': 11, 'attention_head_size': 1, 'learning_rate': 0.016571694436257892}. Best is trial 42 with value: 91.63338470458984.
LOCAL_RANK: 0 - CUDA_VISIBLE_DEVICES: [0]
[I 2023-11-30 06:53:08,766] Trial 96 finished with value: 118.04205322265625 and parameters: {'gradient_clip_val': 0.4354851405964809, 'hidden_size': 37, 'dropout': 0.35038642324104935, 'hidden_continuous_size': 13, 'attention_head_size': 1, 'learning_rate': 0.019584771745283783}. Best is trial 42 with value: 91.63338470458984.
LOCAL_RANK: 0 - CUDA_VISIBLE_DEVICES: [0]
[I 2023-11-30 06:53:20,917] Trial 97 finished with value: 98.44316864013672 and parameters: {'gradient_clip_val': 0.6217887396997747, 'hidden_size': 26, 'dropout': 0.36490571728415805, 'hidden_continuous_size': 16, 'attention_head_size': 1, 'learning_rate': 0.012199716876779903}. Best is trial 42 with value: 91.63338470458984.
LOCAL_RANK: 0 - CUDA_VISIBLE_DEVICES: [0]
[I 2023-11-30 06:53:33,518] Trial 98 finished with value: 121.17236328125 and parameters: {'gradient_clip_val': 0.6290702539351032, 'hidden_size': 26, 'dropout': 0.36424537549836655, 'hidden_continuous_size': 17, 'attention_head_size': 4, 'learning_rate': 0.011875624940854937}. Best is trial 42 with value: 91.63338470458984.
LOCAL_RANK: 0 - CUDA_VISIBLE_DEVICES: [0]
[I 2023-11-30 06:53:45,599] Trial 99 finished with value: 136.55751037597656 and parameters: {'gradient_clip_val': 0.49706466536568555, 'hidden_size': 22, 'dropout': 0.3261816580981902, 'hidden_continuous_size': 10, 'attention_head_size': 1, 'learning_rate': 0.01534879854935297}. Best is trial 42 with value: 91.63338470458984.
LOCAL_RANK: 0 - CUDA_VISIBLE_DEVICES: [0]
[I 2023-11-30 06:53:58,219] Trial 100 finished with value: 111.6165771484375 and parameters: {'gradient_clip_val': 0.3919507450873277, 'hidden_size': 34, 'dropout': 0.3360629027655686, 'hidden_continuous_size': 16, 'attention_head_size': 2, 'learning_rate': 0.010499024149429468}. Best is trial 42 with value: 91.63338470458984.
LOCAL_RANK: 0 - CUDA_VISIBLE_DEVICES: [0]
[I 2023-11-30 06:54:10,336] Trial 101 finished with value: 109.0130615234375 and parameters: {'gradient_clip_val': 0.5474562839689872, 'hidden_size': 28, 'dropout': 0.38608427831859865, 'hidden_continuous_size': 16, 'attention_head_size': 1, 'learning_rate': 0.012547731320772769}. Best is trial 42 with value: 91.63338470458984.
LOCAL_RANK: 0 - CUDA_VISIBLE_DEVICES: [0]
[I 2023-11-30 06:54:22,517] Trial 102 finished with value: 111.40377807617188 and parameters: {'gradient_clip_val': 0.5787196872313274, 'hidden_size': 32, 'dropout': 0.3743504796578796, 'hidden_continuous_size': 15, 'attention_head_size': 1, 'learning_rate': 0.017514691037419153}. Best is trial 42 with value: 91.63338470458984.
LOCAL_RANK: 0 - CUDA_VISIBLE_DEVICES: [0]
[I 2023-11-30 06:54:34,972] Trial 103 finished with value: 108.16021728515625 and parameters: {'gradient_clip_val': 0.46216050703390904, 'hidden_size': 25, 'dropout': 0.3558070034295583, 'hidden_continuous_size': 17, 'attention_head_size': 1, 'learning_rate': 0.013812759282935069}. Best is trial 42 with value: 91.63338470458984.
LOCAL_RANK: 0 - CUDA_VISIBLE_DEVICES: [0]
[I 2023-11-30 06:54:47,296] Trial 104 finished with value: 97.23494720458984 and parameters: {'gradient_clip_val': 0.6454562607151871, 'hidden_size': 30, 'dropout': 0.3679454462371807, 'hidden_continuous_size': 16, 'attention_head_size': 1, 'learning_rate': 0.02128442742858339}. Best is trial 42 with value: 91.63338470458984.
LOCAL_RANK: 0 - CUDA_VISIBLE_DEVICES: [0]
[I 2023-11-30 06:54:59,536] Trial 105 finished with value: 110.7154541015625 and parameters: {'gradient_clip_val': 0.7222768262169349, 'hidden_size': 30, 'dropout': 0.346905032288784, 'hidden_continuous_size': 16, 'attention_head_size': 1, 'learning_rate': 0.020491239354812122}. Best is trial 42 with value: 91.63338470458984.
LOCAL_RANK: 0 - CUDA_VISIBLE_DEVICES: [0]
[I 2023-11-30 06:55:12,063] Trial 106 finished with value: 113.41097259521484 and parameters: {'gradient_clip_val': 0.481135769927906, 'hidden_size': 38, 'dropout': 0.3670696101031606, 'hidden_continuous_size': 18, 'attention_head_size': 1, 'learning_rate': 0.024979183449183297}. Best is trial 42 with value: 91.63338470458984.
LOCAL_RANK: 0 - CUDA_VISIBLE_DEVICES: [0]
[I 2023-11-30 06:55:24,266] Trial 107 finished with value: 100.00439453125 and parameters: {'gradient_clip_val': 0.5967510540203216, 'hidden_size': 26, 'dropout': 0.39222130184727766, 'hidden_continuous_size': 17, 'attention_head_size': 1, 'learning_rate': 0.02901820040307393}. Best is trial 42 with value: 91.63338470458984.
LOCAL_RANK: 0 - CUDA_VISIBLE_DEVICES: [0]
[I 2023-11-30 06:55:36,803] Trial 108 finished with value: 106.50337982177734 and parameters: {'gradient_clip_val': 0.6383085607085927, 'hidden_size': 26, 'dropout': 0.39270037992605283, 'hidden_continuous_size': 17, 'attention_head_size': 3, 'learning_rate': 0.026695334860759427}. Best is trial 42 with value: 91.63338470458984.
LOCAL_RANK: 0 - CUDA_VISIBLE_DEVICES: [0]
[I 2023-11-30 06:55:48,637] Trial 109 finished with value: 145.08863830566406 and parameters: {'gradient_clip_val': 0.5985098796941135, 'hidden_size': 24, 'dropout': 0.38763697191905794, 'hidden_continuous_size': 10, 'attention_head_size': 1, 'learning_rate': 0.03022613419261751}. Best is trial 42 with value: 91.63338470458984.
LOCAL_RANK: 0 - CUDA_VISIBLE_DEVICES: [0]
[I 2023-11-30 06:56:01,072] Trial 110 finished with value: 116.35652923583984 and parameters: {'gradient_clip_val': 0.6619658532801956, 'hidden_size': 31, 'dropout': 0.38098266816443777, 'hidden_continuous_size': 18, 'attention_head_size': 1, 'learning_rate': 0.021778648058407797}. Best is trial 42 with value: 91.63338470458984.
LOCAL_RANK: 0 - CUDA_VISIBLE_DEVICES: [0]
[I 2023-11-30 06:56:13,765] Trial 111 finished with value: 118.65157318115234 and parameters: {'gradient_clip_val': 0.6178044695362838, 'hidden_size': 35, 'dropout': 0.3940975527979334, 'hidden_continuous_size': 19, 'attention_head_size': 1, 'learning_rate': 0.018278766416722967}. Best is trial 42 with value: 91.63338470458984.
LOCAL_RANK: 0 - CUDA_VISIBLE_DEVICES: [0]
[I 2023-11-30 06:56:26,055] Trial 112 finished with value: 102.6412353515625 and parameters: {'gradient_clip_val': 0.5026920790837724, 'hidden_size': 29, 'dropout': 0.3609240766491312, 'hidden_continuous_size': 15, 'attention_head_size': 1, 'learning_rate': 0.02411298256479668}. Best is trial 42 with value: 91.63338470458984.
LOCAL_RANK: 0 - CUDA_VISIBLE_DEVICES: [0]
[I 2023-11-30 06:56:38,411] Trial 113 finished with value: 105.6994400024414 and parameters: {'gradient_clip_val': 0.5487777411029663, 'hidden_size': 27, 'dropout': 0.3658989846823877, 'hidden_continuous_size': 15, 'attention_head_size': 1, 'learning_rate': 0.02400002666820628}. Best is trial 42 with value: 91.63338470458984.
LOCAL_RANK: 0 - CUDA_VISIBLE_DEVICES: [0]
[I 2023-11-30 06:56:50,424] Trial 114 finished with value: 108.97919464111328 and parameters: {'gradient_clip_val': 0.5208958293915444, 'hidden_size': 23, 'dropout': 0.3601555755832104, 'hidden_continuous_size': 10, 'attention_head_size': 1, 'learning_rate': 0.02831808465077037}. Best is trial 42 with value: 91.63338470458984.
LOCAL_RANK: 0 - CUDA_VISIBLE_DEVICES: [0]
[I 2023-11-30 06:57:02,566] Trial 115 finished with value: 104.47261810302734 and parameters: {'gradient_clip_val': 0.7052461321874612, 'hidden_size': 25, 'dropout': 0.3986147457108161, 'hidden_continuous_size': 15, 'attention_head_size': 1, 'learning_rate': 0.020863299561183966}. Best is trial 42 with value: 91.63338470458984.
LOCAL_RANK: 0 - CUDA_VISIBLE_DEVICES: [0]
[I 2023-11-30 06:57:14,803] Trial 116 finished with value: 117.81958770751953 and parameters: {'gradient_clip_val': 0.5694566840135954, 'hidden_size': 32, 'dropout': 0.37048347020344635, 'hidden_continuous_size': 17, 'attention_head_size': 1, 'learning_rate': 0.02407873721952813}. Best is trial 42 with value: 91.63338470458984.
LOCAL_RANK: 0 - CUDA_VISIBLE_DEVICES: [0]
[I 2023-11-30 06:57:26,974] Trial 117 finished with value: 113.23504638671875 and parameters: {'gradient_clip_val': 0.5035960345618752, 'hidden_size': 29, 'dropout': 0.37994064976496034, 'hidden_continuous_size': 14, 'attention_head_size': 1, 'learning_rate': 0.03459483848647106}. Best is trial 42 with value: 91.63338470458984.
LOCAL_RANK: 0 - CUDA_VISIBLE_DEVICES: [0]
[I 2023-11-30 06:57:39,284] Trial 118 finished with value: 116.6759262084961 and parameters: {'gradient_clip_val': 0.7656837712565886, 'hidden_size': 27, 'dropout': 0.3874307294179051, 'hidden_continuous_size': 16, 'attention_head_size': 1, 'learning_rate': 0.018709624228488035}. Best is trial 42 with value: 91.63338470458984.
LOCAL_RANK: 0 - CUDA_VISIBLE_DEVICES: [0]
[I 2023-11-30 06:57:51,647] Trial 119 finished with value: 121.69598388671875 and parameters: {'gradient_clip_val': 0.4418559804375716, 'hidden_size': 34, 'dropout': 0.3757621279875958, 'hidden_continuous_size': 11, 'attention_head_size': 1, 'learning_rate': 0.028036876788601513}. Best is trial 42 with value: 91.63338470458984.
LOCAL_RANK: 0 - CUDA_VISIBLE_DEVICES: [0]
[I 2023-11-30 06:58:03,529] Trial 120 finished with value: 122.76806640625 and parameters: {'gradient_clip_val': 0.6490709921977282, 'hidden_size': 20, 'dropout': 0.36036212310292476, 'hidden_continuous_size': 12, 'attention_head_size': 1, 'learning_rate': 0.01595895833209079}. Best is trial 42 with value: 91.63338470458984.
LOCAL_RANK: 0 - CUDA_VISIBLE_DEVICES: [0]
[I 2023-11-30 06:58:15,706] Trial 121 finished with value: 119.5104751586914 and parameters: {'gradient_clip_val': 0.49077296749091304, 'hidden_size': 29, 'dropout': 0.3536525559962091, 'hidden_continuous_size': 16, 'attention_head_size': 1, 'learning_rate': 0.015159608701136638}. Best is trial 42 with value: 91.63338470458984.
LOCAL_RANK: 0 - CUDA_VISIBLE_DEVICES: [0]
[I 2023-11-30 06:58:28,128] Trial 122 finished with value: 111.86624145507812 and parameters: {'gradient_clip_val': 0.4164211495693579, 'hidden_size': 30, 'dropout': 0.3449296114766578, 'hidden_continuous_size': 15, 'attention_head_size': 1, 'learning_rate': 0.01669465833120057}. Best is trial 42 with value: 91.63338470458984.
LOCAL_RANK: 0 - CUDA_VISIBLE_DEVICES: [0]
[I 2023-11-30 06:58:40,402] Trial 123 finished with value: 117.55213165283203 and parameters: {'gradient_clip_val': 0.5579651333047437, 'hidden_size': 28, 'dropout': 0.3669275912171026, 'hidden_continuous_size': 16, 'attention_head_size': 1, 'learning_rate': 0.011461105878429915}. Best is trial 42 with value: 91.63338470458984.
LOCAL_RANK: 0 - CUDA_VISIBLE_DEVICES: [0]
[I 2023-11-30 06:58:52,263] Trial 124 finished with value: 125.38235473632812 and parameters: {'gradient_clip_val': 0.46170693703340315, 'hidden_size': 24, 'dropout': 0.3377396774102799, 'hidden_continuous_size': 12, 'attention_head_size': 1, 'learning_rate': 0.021907087192561705}. Best is trial 42 with value: 91.63338470458984.
LOCAL_RANK: 0 - CUDA_VISIBLE_DEVICES: [0]
[I 2023-11-30 06:59:04,556] Trial 125 finished with value: 104.91946411132812 and parameters: {'gradient_clip_val': 0.6120486115754121, 'hidden_size': 26, 'dropout': 0.35149218423265466, 'hidden_continuous_size': 17, 'attention_head_size': 1, 'learning_rate': 0.014551491052061176}. Best is trial 42 with value: 91.63338470458984.
LOCAL_RANK: 0 - CUDA_VISIBLE_DEVICES: [0]
