[I 2023-11-30 02:43:26,703] Trial 5 finished with value: 538.4620971679688 and parameters: {'gradient_clip_val': 0.7185816102886183, 'hidden_size': 30, 'dropout': 0.1259118838023899, 'hidden_continuous_size': 21, 'attention_head_size': 4, 'learning_rate': 0.003028431210733948}. Best is trial 1 with value: 360.8253173828125.
LOCAL_RANK: 0 - CUDA_VISIBLE_DEVICES: [0]
[I 2023-11-30 02:43:40,207] Trial 6 finished with value: 361.5416259765625 and parameters: {'gradient_clip_val': 0.3371507332304564, 'hidden_size': 54, 'dropout': 0.3742896966765421, 'hidden_continuous_size': 43, 'attention_head_size': 3, 'learning_rate': 0.05255623454891168}. Best is trial 1 with value: 360.8253173828125.
LOCAL_RANK: 0 - CUDA_VISIBLE_DEVICES: [0]
[I 2023-11-30 02:43:50,294] Trial 7 finished with value: 1029.8385009765625 and parameters: {'gradient_clip_val': 0.30105476560377536, 'hidden_size': 11, 'dropout': 0.2345104380734316, 'hidden_continuous_size': 11, 'attention_head_size': 1, 'learning_rate': 0.0015225059174766107}. Best is trial 1 with value: 360.8253173828125.
LOCAL_RANK: 0 - CUDA_VISIBLE_DEVICES: [0]
[I 2023-11-30 02:44:04,469] Trial 8 finished with value: 524.5139770507812 and parameters: {'gradient_clip_val': 0.7146997788368195, 'hidden_size': 85, 'dropout': 0.1307963683857664, 'hidden_continuous_size': 45, 'attention_head_size': 4, 'learning_rate': 0.014940250950156005}. Best is trial 1 with value: 360.8253173828125.
LOCAL_RANK: 0 - CUDA_VISIBLE_DEVICES: [0]
[I 2023-11-30 02:44:16,763] Trial 9 finished with value: 522.72705078125 and parameters: {'gradient_clip_val': 0.5221237336640866, 'hidden_size': 30, 'dropout': 0.264146511766868, 'hidden_continuous_size': 13, 'attention_head_size': 3, 'learning_rate': 0.08542030047073958}. Best is trial 1 with value: 360.8253173828125.
LOCAL_RANK: 0 - CUDA_VISIBLE_DEVICES: [0]
[I 2023-11-30 02:44:31,264] Trial 10 finished with value: 379.15283203125 and parameters: {'gradient_clip_val': 0.9798034272859991, 'hidden_size': 145, 'dropout': 0.24267844597413032, 'hidden_continuous_size': 91, 'attention_head_size': 1, 'learning_rate': 0.004573346309311139}. Best is trial 1 with value: 360.8253173828125.
LOCAL_RANK: 0 - CUDA_VISIBLE_DEVICES: [0]
[I 2023-11-30 02:44:44,242] Trial 11 finished with value: 369.3797912597656 and parameters: {'gradient_clip_val': 0.276689368250055, 'hidden_size': 68, 'dropout': 0.39077744092801736, 'hidden_continuous_size': 10, 'attention_head_size': 2, 'learning_rate': 0.005992886692682312}. Best is trial 1 with value: 360.8253173828125.
LOCAL_RANK: 0 - CUDA_VISIBLE_DEVICES: [0]
[I 2023-11-30 02:44:58,455] Trial 12 finished with value: 368.7080078125 and parameters: {'gradient_clip_val': 0.23494231452334516, 'hidden_size': 145, 'dropout': 0.3965900943133783, 'hidden_continuous_size': 36, 'attention_head_size': 3, 'learning_rate': 0.0011198449218985504}. Best is trial 1 with value: 360.8253173828125.
LOCAL_RANK: 0 - CUDA_VISIBLE_DEVICES: [0]
[I 2023-11-30 02:45:11,909] Trial 13 finished with value: 297.44830322265625 and parameters: {'gradient_clip_val': 0.20798106573186229, 'hidden_size': 58, 'dropout': 0.3353931239418049, 'hidden_continuous_size': 28, 'attention_head_size': 2, 'learning_rate': 0.009302137462032916}. Best is trial 13 with value: 297.44830322265625.
LOCAL_RANK: 0 - CUDA_VISIBLE_DEVICES: [0]
[I 2023-11-30 02:45:25,622] Trial 14 finished with value: 521.7879638671875 and parameters: {'gradient_clip_val': 0.20318139098825647, 'hidden_size': 103, 'dropout': 0.3338828531608715, 'hidden_continuous_size': 30, 'attention_head_size': 2, 'learning_rate': 0.010746913530686655}. Best is trial 13 with value: 297.44830322265625.
LOCAL_RANK: 0 - CUDA_VISIBLE_DEVICES: [0]
[I 2023-11-30 02:45:39,134] Trial 15 finished with value: 420.0401916503906 and parameters: {'gradient_clip_val': 0.16474820790819783, 'hidden_size': 114, 'dropout': 0.3018642535671678, 'hidden_continuous_size': 10, 'attention_head_size': 2, 'learning_rate': 0.0057895286764379885}. Best is trial 13 with value: 297.44830322265625.
LOCAL_RANK: 0 - CUDA_VISIBLE_DEVICES: [0]
[I 2023-11-30 02:45:52,175] Trial 16 finished with value: 284.5571594238281 and parameters: {'gradient_clip_val': 0.17122983376245932, 'hidden_size': 72, 'dropout': 0.32939814029121917, 'hidden_continuous_size': 13, 'attention_head_size': 1, 'learning_rate': 0.0026083644136315593}. Best is trial 16 with value: 284.5571594238281.
LOCAL_RANK: 0 - CUDA_VISIBLE_DEVICES: [0]
[I 2023-11-30 02:46:04,985] Trial 17 finished with value: 264.75775146484375 and parameters: {'gradient_clip_val': 0.13402507015938062, 'hidden_size': 60, 'dropout': 0.33867931870546375, 'hidden_continuous_size': 15, 'attention_head_size': 1, 'learning_rate': 0.001035897345022811}. Best is trial 17 with value: 264.75775146484375.
LOCAL_RANK: 0 - CUDA_VISIBLE_DEVICES: [0]
[I 2023-11-30 02:46:18,341] Trial 18 finished with value: 324.97613525390625 and parameters: {'gradient_clip_val': 0.1434903187072371, 'hidden_size': 74, 'dropout': 0.3546677650630094, 'hidden_continuous_size': 13, 'attention_head_size': 1, 'learning_rate': 0.0013546830246452645}. Best is trial 17 with value: 264.75775146484375.
LOCAL_RANK: 0 - CUDA_VISIBLE_DEVICES: [0]
[I 2023-11-30 02:46:31,067] Trial 19 finished with value: 456.4634094238281 and parameters: {'gradient_clip_val': 0.12027326117404656, 'hidden_size': 47, 'dropout': 0.3085851776736653, 'hidden_continuous_size': 15, 'attention_head_size': 1, 'learning_rate': 0.0010914596246452395}. Best is trial 17 with value: 264.75775146484375.
LOCAL_RANK: 0 - CUDA_VISIBLE_DEVICES: [0]
[I 2023-11-30 02:46:44,415] Trial 20 finished with value: 348.7921142578125 and parameters: {'gradient_clip_val': 0.16379945770612866, 'hidden_size': 75, 'dropout': 0.36093035883201097, 'hidden_continuous_size': 16, 'attention_head_size': 1, 'learning_rate': 0.0024542591854920326}. Best is trial 17 with value: 264.75775146484375.
LOCAL_RANK: 0 - CUDA_VISIBLE_DEVICES: [0]
[I 2023-11-30 02:46:57,272] Trial 21 finished with value: 247.62574768066406 and parameters: {'gradient_clip_val': 0.1943065584780416, 'hidden_size': 56, 'dropout': 0.32844279188450326, 'hidden_continuous_size': 15, 'attention_head_size': 1, 'learning_rate': 0.0033893224125751157}. Best is trial 21 with value: 247.62574768066406.
LOCAL_RANK: 0 - CUDA_VISIBLE_DEVICES: [0]
[I 2023-11-30 02:47:10,186] Trial 22 finished with value: 336.3909912109375 and parameters: {'gradient_clip_val': 0.13402310294256198, 'hidden_size': 59, 'dropout': 0.3029711118029653, 'hidden_continuous_size': 14, 'attention_head_size': 1, 'learning_rate': 0.003763093077110206}. Best is trial 21 with value: 247.62574768066406.
LOCAL_RANK: 0 - CUDA_VISIBLE_DEVICES: [0]
[I 2023-11-30 02:47:23,069] Trial 23 finished with value: 467.3968200683594 and parameters: {'gradient_clip_val': 0.100123563160032, 'hidden_size': 45, 'dropout': 0.34628373302425913, 'hidden_continuous_size': 12, 'attention_head_size': 1, 'learning_rate': 0.0018516942730633845}. Best is trial 21 with value: 247.62574768066406.
LOCAL_RANK: 0 - CUDA_VISIBLE_DEVICES: [0]
[I 2023-11-30 02:47:36,354] Trial 24 finished with value: 339.6478576660156 and parameters: {'gradient_clip_val': 0.16551951339602353, 'hidden_size': 93, 'dropout': 0.32363713765845714, 'hidden_continuous_size': 10, 'attention_head_size': 1, 'learning_rate': 0.003086972180955728}. Best is trial 21 with value: 247.62574768066406.
LOCAL_RANK: 0 - CUDA_VISIBLE_DEVICES: [0]
[I 2023-11-30 02:47:49,612] Trial 25 finished with value: 549.6156616210938 and parameters: {'gradient_clip_val': 0.18982084023912424, 'hidden_size': 71, 'dropout': 0.371760540705987, 'hidden_continuous_size': 14, 'attention_head_size': 2, 'learning_rate': 0.0016705726632369137}. Best is trial 21 with value: 247.62574768066406.
LOCAL_RANK: 0 - CUDA_VISIBLE_DEVICES: [0]
[I 2023-11-30 02:48:02,507] Trial 26 finished with value: 867.337890625 and parameters: {'gradient_clip_val': 0.13149417679769052, 'hidden_size': 53, 'dropout': 0.2760253405178311, 'hidden_continuous_size': 16, 'attention_head_size': 1, 'learning_rate': 0.0010055583641738564}. Best is trial 21 with value: 247.62574768066406.
LOCAL_RANK: 0 - CUDA_VISIBLE_DEVICES: [0]
[I 2023-11-30 02:48:15,095] Trial 27 finished with value: 240.0508575439453 and parameters: {'gradient_clip_val': 0.2341443931782054, 'hidden_size': 39, 'dropout': 0.28669314674153523, 'hidden_continuous_size': 15, 'attention_head_size': 1, 'learning_rate': 0.0025135744112362987}. Best is trial 27 with value: 240.0508575439453.
LOCAL_RANK: 0 - CUDA_VISIBLE_DEVICES: [0]
[I 2023-11-30 02:48:27,941] Trial 28 finished with value: 670.0226440429688 and parameters: {'gradient_clip_val': 0.25696826900780056, 'hidden_size': 37, 'dropout': 0.2836717127838956, 'hidden_continuous_size': 15, 'attention_head_size': 2, 'learning_rate': 0.0015159864551508222}. Best is trial 27 with value: 240.0508575439453.
LOCAL_RANK: 0 - CUDA_VISIBLE_DEVICES: [0]
[I 2023-11-30 02:48:40,220] Trial 29 finished with value: 696.923095703125 and parameters: {'gradient_clip_val': 0.22909165701847564, 'hidden_size': 25, 'dropout': 0.3124744809485485, 'hidden_continuous_size': 14, 'attention_head_size': 1, 'learning_rate': 0.0020266030627167446}. Best is trial 27 with value: 240.0508575439453.
LOCAL_RANK: 0 - CUDA_VISIBLE_DEVICES: [0]
[I 2023-11-30 02:48:53,024] Trial 30 finished with value: 346.679931640625 and parameters: {'gradient_clip_val': 0.22387350673662024, 'hidden_size': 43, 'dropout': 0.29035913807188996, 'hidden_continuous_size': 18, 'attention_head_size': 2, 'learning_rate': 0.003852629833789112}. Best is trial 27 with value: 240.0508575439453.
LOCAL_RANK: 0 - CUDA_VISIBLE_DEVICES: [0]
[I 2023-11-30 02:49:05,835] Trial 31 finished with value: 428.7831726074219 and parameters: {'gradient_clip_val': 0.19112843019271353, 'hidden_size': 62, 'dropout': 0.3284722828915838, 'hidden_continuous_size': 12, 'attention_head_size': 1, 'learning_rate': 0.002361955333203096}. Best is trial 27 with value: 240.0508575439453.
LOCAL_RANK: 0 - CUDA_VISIBLE_DEVICES: [0]
[I 2023-11-30 02:49:18,570] Trial 32 finished with value: 394.8712158203125 and parameters: {'gradient_clip_val': 0.1534078058799704, 'hidden_size': 49, 'dropout': 0.3396407031997301, 'hidden_continuous_size': 17, 'attention_head_size': 1, 'learning_rate': 0.002779714786319357}. Best is trial 27 with value: 240.0508575439453.
LOCAL_RANK: 0 - CUDA_VISIBLE_DEVICES: [0]
[I 2023-11-30 02:49:31,574] Trial 33 finished with value: 439.2185363769531 and parameters: {'gradient_clip_val': 0.18344177545419182, 'hidden_size': 65, 'dropout': 0.3234936679061929, 'hidden_continuous_size': 11, 'attention_head_size': 1, 'learning_rate': 0.0013496528031499587}. Best is trial 27 with value: 240.0508575439453.
LOCAL_RANK: 0 - CUDA_VISIBLE_DEVICES: [0]
[I 2023-11-30 02:49:44,024] Trial 34 finished with value: 415.3511657714844 and parameters: {'gradient_clip_val': 0.11774696881932192, 'hidden_size': 39, 'dropout': 0.3502610112751572, 'hidden_continuous_size': 13, 'attention_head_size': 1, 'learning_rate': 0.002078650924663502}. Best is trial 27 with value: 240.0508575439453.
LOCAL_RANK: 0 - CUDA_VISIBLE_DEVICES: [0]
[I 2023-11-30 02:49:56,747] Trial 35 finished with value: 338.4599304199219 and parameters: {'gradient_clip_val': 0.14420347007856457, 'hidden_size': 52, 'dropout': 0.26430880732081274, 'hidden_continuous_size': 19, 'attention_head_size': 1, 'learning_rate': 0.002846327224364737}. Best is trial 27 with value: 240.0508575439453.
LOCAL_RANK: 0 - CUDA_VISIBLE_DEVICES: [0]
[I 2023-11-30 02:50:10,280] Trial 36 finished with value: 283.3270568847656 and parameters: {'gradient_clip_val': 0.16760121479407047, 'hidden_size': 85, 'dropout': 0.3155588426229292, 'hidden_continuous_size': 22, 'attention_head_size': 2, 'learning_rate': 0.0018844978318896173}. Best is trial 27 with value: 240.0508575439453.
LOCAL_RANK: 0 - CUDA_VISIBLE_DEVICES: [0]
[I 2023-11-30 02:50:24,114] Trial 37 finished with value: 278.4013366699219 and parameters: {'gradient_clip_val': 0.3468396223853558, 'hidden_size': 109, 'dropout': 0.29941748121157463, 'hidden_continuous_size': 24, 'attention_head_size': 2, 'learning_rate': 0.0018237260856139286}. Best is trial 27 with value: 240.0508575439453.
LOCAL_RANK: 0 - CUDA_VISIBLE_DEVICES: [0]
[I 2023-11-30 02:50:38,158] Trial 38 finished with value: 294.4369201660156 and parameters: {'gradient_clip_val': 0.35504362741215234, 'hidden_size': 119, 'dropout': 0.29313208813275127, 'hidden_continuous_size': 23, 'attention_head_size': 2, 'learning_rate': 0.001309664668689169}. Best is trial 27 with value: 240.0508575439453.
LOCAL_RANK: 0 - CUDA_VISIBLE_DEVICES: [0]
[I 2023-11-30 02:50:52,117] Trial 39 finished with value: 280.714111328125 and parameters: {'gradient_clip_val': 0.2995709154726903, 'hidden_size': 126, 'dropout': 0.22774976145187176, 'hidden_continuous_size': 19, 'attention_head_size': 4, 'learning_rate': 0.0010077401843345656}. Best is trial 27 with value: 240.0508575439453.
LOCAL_RANK: 0 - CUDA_VISIBLE_DEVICES: [0]
[I 2023-11-30 02:51:05,665] Trial 40 finished with value: 313.9087829589844 and parameters: {'gradient_clip_val': 0.3725092755042577, 'hidden_size': 100, 'dropout': 0.27487044779845793, 'hidden_continuous_size': 23, 'attention_head_size': 3, 'learning_rate': 0.0016346288318934252}. Best is trial 27 with value: 240.0508575439453.
LOCAL_RANK: 0 - CUDA_VISIBLE_DEVICES: [0]
[I 2023-11-30 02:51:19,504] Trial 41 finished with value: 426.1273193359375 and parameters: {'gradient_clip_val': 0.3150419795486826, 'hidden_size': 128, 'dropout': 0.2249270806781703, 'hidden_continuous_size': 19, 'attention_head_size': 4, 'learning_rate': 0.001040435142564941}. Best is trial 27 with value: 240.0508575439453.
LOCAL_RANK: 0 - CUDA_VISIBLE_DEVICES: [0]
[I 2023-11-30 02:51:33,272] Trial 42 finished with value: 383.8741760253906 and parameters: {'gradient_clip_val': 0.2705685511119147, 'hidden_size': 111, 'dropout': 0.21958246525129188, 'hidden_continuous_size': 17, 'attention_head_size': 4, 'learning_rate': 0.0012589151149596024}. Best is trial 27 with value: 240.0508575439453.
LOCAL_RANK: 0 - CUDA_VISIBLE_DEVICES: [0]
[I 2023-11-30 02:51:46,937] Trial 43 finished with value: 348.317138671875 and parameters: {'gradient_clip_val': 0.2985375817645259, 'hidden_size': 86, 'dropout': 0.2592904648649136, 'hidden_continuous_size': 20, 'attention_head_size': 3, 'learning_rate': 0.0015997960921400698}. Best is trial 27 with value: 240.0508575439453.
LOCAL_RANK: 0 - CUDA_VISIBLE_DEVICES: [0]
[I 2023-11-30 02:52:00,734] Trial 44 finished with value: 303.8836669921875 and parameters: {'gradient_clip_val': 0.4062332417512979, 'hidden_size': 101, 'dropout': 0.19687649012994285, 'hidden_continuous_size': 24, 'attention_head_size': 4, 'learning_rate': 0.001002630945895822}. Best is trial 27 with value: 240.0508575439453.
LOCAL_RANK: 0 - CUDA_VISIBLE_DEVICES: [0]
[I 2023-11-30 02:52:15,063] Trial 45 finished with value: 258.8241271972656 and parameters: {'gradient_clip_val': 0.33380935450314264, 'hidden_size': 150, 'dropout': 0.24895918808354237, 'hidden_continuous_size': 18, 'attention_head_size': 3, 'learning_rate': 0.0020677700914788237}. Best is trial 27 with value: 240.0508575439453.
LOCAL_RANK: 0 - CUDA_VISIBLE_DEVICES: [0]
[I 2023-11-30 02:52:29,326] Trial 46 finished with value: 265.20440673828125 and parameters: {'gradient_clip_val': 0.25741294839450657, 'hidden_size': 137, 'dropout': 0.2978223749248814, 'hidden_continuous_size': 25, 'attention_head_size': 3, 'learning_rate': 0.0020017708115347187}. Best is trial 27 with value: 240.0508575439453.
LOCAL_RANK: 0 - CUDA_VISIBLE_DEVICES: [0]
[I 2023-11-30 02:52:43,551] Trial 47 finished with value: 364.925537109375 and parameters: {'gradient_clip_val': 0.21406973589457876, 'hidden_size': 147, 'dropout': 0.24794888282212668, 'hidden_continuous_size': 17, 'attention_head_size': 3, 'learning_rate': 0.0022845381553258885}. Best is trial 27 with value: 240.0508575439453.
LOCAL_RANK: 0 - CUDA_VISIBLE_DEVICES: [0]
[I 2023-11-30 02:52:57,764] Trial 48 finished with value: 360.8158874511719 and parameters: {'gradient_clip_val': 0.2396020895230225, 'hidden_size': 135, 'dropout': 0.2832626674738745, 'hidden_continuous_size': 21, 'attention_head_size': 3, 'learning_rate': 0.0034144409147785298}. Best is trial 27 with value: 240.0508575439453.
LOCAL_RANK: 0 - CUDA_VISIBLE_DEVICES: [0]
[I 2023-11-30 02:53:10,515] Trial 49 finished with value: 310.5609436035156 and parameters: {'gradient_clip_val': 0.24893484932149929, 'hidden_size': 33, 'dropout': 0.3155565830366463, 'hidden_continuous_size': 15, 'attention_head_size': 3, 'learning_rate': 0.004496017696285488}. Best is trial 27 with value: 240.0508575439453.
LOCAL_RANK: 0 - CUDA_VISIBLE_DEVICES: [0]
[I 2023-11-30 02:53:24,732] Trial 50 finished with value: 447.67578125 and parameters: {'gradient_clip_val': 0.27618425534360647, 'hidden_size': 150, 'dropout': 0.25930229750134315, 'hidden_continuous_size': 27, 'attention_head_size': 3, 'learning_rate': 0.002386957493372433}. Best is trial 27 with value: 240.0508575439453.
LOCAL_RANK: 0 - CUDA_VISIBLE_DEVICES: [0]
[I 2023-11-30 02:53:38,489] Trial 51 finished with value: 325.4422912597656 and parameters: {'gradient_clip_val': 0.33205895251554873, 'hidden_size': 112, 'dropout': 0.2988993635126578, 'hidden_continuous_size': 26, 'attention_head_size': 3, 'learning_rate': 0.0018085880205863784}. Best is trial 27 with value: 240.0508575439453.
LOCAL_RANK: 0 - CUDA_VISIBLE_DEVICES: [0]
[I 2023-11-30 02:53:52,462] Trial 52 finished with value: 389.5841064453125 and parameters: {'gradient_clip_val': 0.4527556852178592, 'hidden_size': 131, 'dropout': 0.30076922139321605, 'hidden_continuous_size': 21, 'attention_head_size': 2, 'learning_rate': 0.0020761263167708034}. Best is trial 27 with value: 240.0508575439453.
LOCAL_RANK: 0 - CUDA_VISIBLE_DEVICES: [0]
[I 2023-11-30 02:54:05,964] Trial 53 finished with value: 322.6466369628906 and parameters: {'gradient_clip_val': 0.2082923922640635, 'hidden_size': 78, 'dropout': 0.27540830821649653, 'hidden_continuous_size': 18, 'attention_head_size': 3, 'learning_rate': 0.001454659632140109}. Best is trial 27 with value: 240.0508575439453.
LOCAL_RANK: 0 - CUDA_VISIBLE_DEVICES: [0]
[I 2023-11-30 02:54:19,916] Trial 54 finished with value: 366.0021667480469 and parameters: {'gradient_clip_val': 0.2578598385161783, 'hidden_size': 107, 'dropout': 0.3445015455215351, 'hidden_continuous_size': 25, 'attention_head_size': 3, 'learning_rate': 0.003038815685984416}. Best is trial 27 with value: 240.0508575439453.
LOCAL_RANK: 0 - CUDA_VISIBLE_DEVICES: [0]
[I 2023-11-30 02:54:33,824] Trial 55 finished with value: 308.753662109375 and parameters: {'gradient_clip_val': 0.2980545913450206, 'hidden_size': 123, 'dropout': 0.29275419864199764, 'hidden_continuous_size': 34, 'attention_head_size': 1, 'learning_rate': 0.0012720721048000256}. Best is trial 27 with value: 240.0508575439453.
LOCAL_RANK: 0 - CUDA_VISIBLE_DEVICES: [0]
[I 2023-11-30 02:54:46,742] Trial 56 finished with value: 405.29296875 and parameters: {'gradient_clip_val': 0.3375906828821031, 'hidden_size': 56, 'dropout': 0.3097288841821523, 'hidden_continuous_size': 16, 'attention_head_size': 2, 'learning_rate': 0.0025461127011216175}. Best is trial 27 with value: 240.0508575439453.
LOCAL_RANK: 0 - CUDA_VISIBLE_DEVICES: [0]
[I 2023-11-30 02:55:00,254] Trial 57 finished with value: 265.622802734375 and parameters: {'gradient_clip_val': 0.2225821634324216, 'hidden_size': 94, 'dropout': 0.337798289996336, 'hidden_continuous_size': 22, 'attention_head_size': 1, 'learning_rate': 0.0017505251993160552}. Best is trial 27 with value: 240.0508575439453.
LOCAL_RANK: 0 - CUDA_VISIBLE_DEVICES: [0]
[I 2023-11-30 02:55:13,409] Trial 58 finished with value: 282.5014343261719 and parameters: {'gradient_clip_val': 0.22813804650088126, 'hidden_size': 63, 'dropout': 0.3708063725422263, 'hidden_continuous_size': 22, 'attention_head_size': 1, 'learning_rate': 0.0012044563922949743}. Best is trial 27 with value: 240.0508575439453.
LOCAL_RANK: 0 - CUDA_VISIBLE_DEVICES: [0]
[I 2023-11-30 02:55:27,123] Trial 59 finished with value: 340.4646301269531 and parameters: {'gradient_clip_val': 0.19946725236661642, 'hidden_size': 95, 'dropout': 0.36152293471044866, 'hidden_continuous_size': 20, 'attention_head_size': 1, 'learning_rate': 0.0015596870314030064}. Best is trial 27 with value: 240.0508575439453.
LOCAL_RANK: 0 - CUDA_VISIBLE_DEVICES: [0]
[I 2023-11-30 02:55:39,673] Trial 60 finished with value: 262.1419372558594 and parameters: {'gradient_clip_val': 0.17730866699984932, 'hidden_size': 48, 'dropout': 0.3371139367273728, 'hidden_continuous_size': 14, 'attention_head_size': 1, 'learning_rate': 0.003373140272838943}. Best is trial 27 with value: 240.0508575439453.
LOCAL_RANK: 0 - CUDA_VISIBLE_DEVICES: [0]
[I 2023-11-30 02:55:52,328] Trial 61 finished with value: 344.7879638671875 and parameters: {'gradient_clip_val': 0.18082895526184622, 'hidden_size': 43, 'dropout': 0.33184338810913544, 'hidden_continuous_size': 14, 'attention_head_size': 1, 'learning_rate': 0.0034006380205951633}. Best is trial 27 with value: 240.0508575439453.
LOCAL_RANK: 0 - CUDA_VISIBLE_DEVICES: [0]
[I 2023-11-30 02:56:04,818] Trial 62 finished with value: 354.7463073730469 and parameters: {'gradient_clip_val': 0.20727997581622745, 'hidden_size': 48, 'dropout': 0.3230788707373011, 'hidden_continuous_size': 15, 'attention_head_size': 1, 'learning_rate': 0.0022447236841615444}. Best is trial 27 with value: 240.0508575439453.
LOCAL_RANK: 0 - CUDA_VISIBLE_DEVICES: [0]
[I 2023-11-30 02:56:18,025] Trial 63 finished with value: 312.16473388671875 and parameters: {'gradient_clip_val': 0.24898764068531018, 'hidden_size': 79, 'dropout': 0.3400493718617406, 'hidden_continuous_size': 11, 'attention_head_size': 1, 'learning_rate': 0.0027257638987450645}. Best is trial 27 with value: 240.0508575439453.
LOCAL_RANK: 0 - CUDA_VISIBLE_DEVICES: [0]
