[I 2023-11-30 04:55:25,914] Trial 141 finished with value: 614.581787109375 and parameters: {'gradient_clip_val': 0.19640875356039558, 'hidden_size': 64, 'dropout': 0.3729539771301256, 'hidden_continuous_size': 28, 'attention_head_size': 2, 'learning_rate': 0.017774277983357872}. Best is trial 115 with value: 466.2943115234375.
LOCAL_RANK: 0 - CUDA_VISIBLE_DEVICES: [0]
[I 2023-11-30 04:55:39,140] Trial 142 finished with value: 642.3576049804688 and parameters: {'gradient_clip_val': 0.18518071165000963, 'hidden_size': 59, 'dropout': 0.36104681631333074, 'hidden_continuous_size': 26, 'attention_head_size': 2, 'learning_rate': 0.020769828647039256}. Best is trial 115 with value: 466.2943115234375.
LOCAL_RANK: 0 - CUDA_VISIBLE_DEVICES: [0]
[I 2023-11-30 04:55:52,849] Trial 143 finished with value: 609.6535034179688 and parameters: {'gradient_clip_val': 0.17120317261940582, 'hidden_size': 79, 'dropout': 0.3520267670232417, 'hidden_continuous_size': 31, 'attention_head_size': 2, 'learning_rate': 0.019399817802905006}. Best is trial 115 with value: 466.2943115234375.
LOCAL_RANK: 0 - CUDA_VISIBLE_DEVICES: [0]
[I 2023-11-30 04:56:06,085] Trial 144 finished with value: 601.634765625 and parameters: {'gradient_clip_val': 0.20258147914633934, 'hidden_size': 55, 'dropout': 0.3684115671261399, 'hidden_continuous_size': 30, 'attention_head_size': 2, 'learning_rate': 0.016879452452545445}. Best is trial 115 with value: 466.2943115234375.
LOCAL_RANK: 0 - CUDA_VISIBLE_DEVICES: [0]
[I 2023-11-30 04:56:18,716] Trial 145 finished with value: 683.3678588867188 and parameters: {'gradient_clip_val': 0.3015324880159648, 'hidden_size': 30, 'dropout': 0.2993184616245447, 'hidden_continuous_size': 28, 'attention_head_size': 2, 'learning_rate': 0.014123163797853002}. Best is trial 115 with value: 466.2943115234375.
LOCAL_RANK: 0 - CUDA_VISIBLE_DEVICES: [0]
[I 2023-11-30 04:56:31,347] Trial 146 finished with value: 544.0709228515625 and parameters: {'gradient_clip_val': 0.21607906395761453, 'hidden_size': 33, 'dropout': 0.3431840053123762, 'hidden_continuous_size': 28, 'attention_head_size': 2, 'learning_rate': 0.022856903839242163}. Best is trial 115 with value: 466.2943115234375.
LOCAL_RANK: 0 - CUDA_VISIBLE_DEVICES: [0]
[I 2023-11-30 04:56:44,581] Trial 147 finished with value: 569.9403686523438 and parameters: {'gradient_clip_val': 0.1919462052059772, 'hidden_size': 61, 'dropout': 0.28528975247096644, 'hidden_continuous_size': 26, 'attention_head_size': 2, 'learning_rate': 0.02607365308888361}. Best is trial 115 with value: 466.2943115234375.
LOCAL_RANK: 0 - CUDA_VISIBLE_DEVICES: [0]
[I 2023-11-30 04:56:58,160] Trial 148 finished with value: 652.894287109375 and parameters: {'gradient_clip_val': 0.2861600113845229, 'hidden_size': 75, 'dropout': 0.37727761271230725, 'hidden_continuous_size': 25, 'attention_head_size': 2, 'learning_rate': 0.017968433267205864}. Best is trial 115 with value: 466.2943115234375.
LOCAL_RANK: 0 - CUDA_VISIBLE_DEVICES: [0]
[I 2023-11-30 04:57:11,298] Trial 149 finished with value: 602.2474975585938 and parameters: {'gradient_clip_val': 0.20674885237887844, 'hidden_size': 55, 'dropout': 0.36152392508383224, 'hidden_continuous_size': 32, 'attention_head_size': 2, 'learning_rate': 0.021075092781945144}. Best is trial 115 with value: 466.2943115234375.
[I 2023-11-30 04:57:11,409] A new study created in memory with name: no-name-8149f324-a28b-4dff-b8c1-75476ac79b5b
/home/le004/conda/anaconda3/envs/tsff_env/lib/python3.9/site-packages/lightning/fabric/plugins/environments/slurm.py:191: The `srun` command is available on your system but is not used. HINT: If your intention is to run Lightning on SLURM, prepend your python command with `srun` like so: srun python /home/le004/master_thesis/git/TSFusionForecast/code/ ...
LOCAL_RANK: 0 - CUDA_VISIBLE_DEVICES: [0]
[I 2023-11-30 04:57:23,874] Trial 0 finished with value: 28.322851181030273 and parameters: {'gradient_clip_val': 0.31158416963005886, 'hidden_size': 33, 'dropout': 0.19822276824428392, 'hidden_continuous_size': 11, 'attention_head_size': 4, 'learning_rate': 0.05048512342718991}. Best is trial 0 with value: 28.322851181030273.
LOCAL_RANK: 0 - CUDA_VISIBLE_DEVICES: [0]
[I 2023-11-30 04:57:36,204] Trial 1 finished with value: 88.64138793945312 and parameters: {'gradient_clip_val': 0.20746143651670296, 'hidden_size': 28, 'dropout': 0.25928668335831334, 'hidden_continuous_size': 26, 'attention_head_size': 3, 'learning_rate': 0.0012039962190845128}. Best is trial 0 with value: 28.322851181030273.
LOCAL_RANK: 0 - CUDA_VISIBLE_DEVICES: [0]
[I 2023-11-30 04:57:49,795] Trial 2 finished with value: 29.6179141998291 and parameters: {'gradient_clip_val': 0.21756755386113313, 'hidden_size': 105, 'dropout': 0.39937277288025697, 'hidden_continuous_size': 23, 'attention_head_size': 1, 'learning_rate': 0.029279632538277117}. Best is trial 0 with value: 28.322851181030273.
LOCAL_RANK: 0 - CUDA_VISIBLE_DEVICES: [0]
[I 2023-11-30 04:58:03,659] Trial 3 finished with value: 31.78096580505371 and parameters: {'gradient_clip_val': 0.17287911919724153, 'hidden_size': 74, 'dropout': 0.3675257447824125, 'hidden_continuous_size': 39, 'attention_head_size': 4, 'learning_rate': 0.02024711994120731}. Best is trial 0 with value: 28.322851181030273.
LOCAL_RANK: 0 - CUDA_VISIBLE_DEVICES: [0]
[I 2023-11-30 04:58:15,668] Trial 4 finished with value: 40.336669921875 and parameters: {'gradient_clip_val': 0.11579626138825709, 'hidden_size': 13, 'dropout': 0.29583843348654454, 'hidden_continuous_size': 12, 'attention_head_size': 1, 'learning_rate': 0.013685568305429599}. Best is trial 0 with value: 28.322851181030273.
LOCAL_RANK: 0 - CUDA_VISIBLE_DEVICES: [0]
[I 2023-11-30 04:58:28,305] Trial 5 finished with value: 31.46430015563965 and parameters: {'gradient_clip_val': 0.8040042533213653, 'hidden_size': 31, 'dropout': 0.2930965310679055, 'hidden_continuous_size': 15, 'attention_head_size': 4, 'learning_rate': 0.051312722109723395}. Best is trial 0 with value: 28.322851181030273.
LOCAL_RANK: 0 - CUDA_VISIBLE_DEVICES: [0]
[I 2023-11-30 04:58:40,816] Trial 6 finished with value: 74.14581298828125 and parameters: {'gradient_clip_val': 0.47985285248399484, 'hidden_size': 31, 'dropout': 0.16792760097698345, 'hidden_continuous_size': 19, 'attention_head_size': 3, 'learning_rate': 0.0021211259347499217}. Best is trial 0 with value: 28.322851181030273.
LOCAL_RANK: 0 - CUDA_VISIBLE_DEVICES: [0]
[I 2023-11-30 04:58:54,132] Trial 7 finished with value: 33.14191818237305 and parameters: {'gradient_clip_val': 0.9621815129702412, 'hidden_size': 70, 'dropout': 0.239883608249931, 'hidden_continuous_size': 18, 'attention_head_size': 1, 'learning_rate': 0.012647753078512746}. Best is trial 0 with value: 28.322851181030273.
LOCAL_RANK: 0 - CUDA_VISIBLE_DEVICES: [0]
[I 2023-11-30 04:59:06,431] Trial 8 finished with value: 44.86345291137695 and parameters: {'gradient_clip_val': 0.23174399250302163, 'hidden_size': 24, 'dropout': 0.15657501128603296, 'hidden_continuous_size': 10, 'attention_head_size': 4, 'learning_rate': 0.015436072719832388}. Best is trial 0 with value: 28.322851181030273.
LOCAL_RANK: 0 - CUDA_VISIBLE_DEVICES: [0]
[I 2023-11-30 04:59:20,227] Trial 9 finished with value: 51.82515335083008 and parameters: {'gradient_clip_val': 0.38124180603128, 'hidden_size': 105, 'dropout': 0.2201449977169309, 'hidden_continuous_size': 26, 'attention_head_size': 4, 'learning_rate': 0.001996411896452632}. Best is trial 0 with value: 28.322851181030273.
LOCAL_RANK: 0 - CUDA_VISIBLE_DEVICES: [0]
[I 2023-11-30 04:59:32,227] Trial 10 finished with value: 33.96184158325195 and parameters: {'gradient_clip_val': 0.5067265724150409, 'hidden_size': 11, 'dropout': 0.10097610296233561, 'hidden_continuous_size': 10, 'attention_head_size': 2, 'learning_rate': 0.09966285612470081}. Best is trial 0 with value: 28.322851181030273.
LOCAL_RANK: 0 - CUDA_VISIBLE_DEVICES: [0]
[I 2023-11-30 04:59:46,695] Trial 11 finished with value: 30.639719009399414 and parameters: {'gradient_clip_val': 0.29529073406757794, 'hidden_size': 138, 'dropout': 0.34385663639895386, 'hidden_continuous_size': 67, 'attention_head_size': 2, 'learning_rate': 0.0423737798232957}. Best is trial 0 with value: 28.322851181030273.
LOCAL_RANK: 0 - CUDA_VISIBLE_DEVICES: [0]
[I 2023-11-30 04:59:59,312] Trial 12 finished with value: 35.02436447143555 and parameters: {'gradient_clip_val': 0.2891180443853438, 'hidden_size': 48, 'dropout': 0.3845645822326272, 'hidden_continuous_size': 14, 'attention_head_size': 2, 'learning_rate': 0.03152071416871088}. Best is trial 0 with value: 28.322851181030273.
LOCAL_RANK: 0 - CUDA_VISIBLE_DEVICES: [0]
[I 2023-11-30 05:00:14,443] Trial 13 finished with value: 32.292537689208984 and parameters: {'gradient_clip_val': 0.15115984215490433, 'hidden_size': 149, 'dropout': 0.3858584950385953, 'hidden_continuous_size': 134, 'attention_head_size': 3, 'learning_rate': 0.006892292052456188}. Best is trial 0 with value: 28.322851181030273.
LOCAL_RANK: 0 - CUDA_VISIBLE_DEVICES: [0]
[I 2023-11-30 05:00:27,050] Trial 14 finished with value: 35.04365921020508 and parameters: {'gradient_clip_val': 0.2602423582321147, 'hidden_size': 46, 'dropout': 0.33850641478937704, 'hidden_continuous_size': 13, 'attention_head_size': 1, 'learning_rate': 0.09293790952163157}. Best is trial 0 with value: 28.322851181030273.
LOCAL_RANK: 0 - CUDA_VISIBLE_DEVICES: [0]
[I 2023-11-30 05:00:40,506] Trial 15 finished with value: 33.28384017944336 and parameters: {'gradient_clip_val': 0.18711707482392134, 'hidden_size': 74, 'dropout': 0.3054875357032005, 'hidden_continuous_size': 20, 'attention_head_size': 2, 'learning_rate': 0.030065610892346807}. Best is trial 0 with value: 28.322851181030273.
LOCAL_RANK: 0 - CUDA_VISIBLE_DEVICES: [0]
[I 2023-11-30 05:00:52,781] Trial 16 finished with value: 29.782278060913086 and parameters: {'gradient_clip_val': 0.3604452008469262, 'hidden_size': 19, 'dropout': 0.20520622161743085, 'hidden_continuous_size': 11, 'attention_head_size': 3, 'learning_rate': 0.05458947497802042}. Best is trial 0 with value: 28.322851181030273.
LOCAL_RANK: 0 - CUDA_VISIBLE_DEVICES: [0]
[I 2023-11-30 05:01:05,277] Trial 17 finished with value: 35.43951416015625 and parameters: {'gradient_clip_val': 0.14284735846334679, 'hidden_size': 41, 'dropout': 0.39526393275590693, 'hidden_continuous_size': 10, 'attention_head_size': 1, 'learning_rate': 0.023656836933215672}. Best is trial 0 with value: 28.322851181030273.
LOCAL_RANK: 0 - CUDA_VISIBLE_DEVICES: [0]
[I 2023-11-30 05:01:18,484] Trial 18 finished with value: 42.079402923583984 and parameters: {'gradient_clip_val': 0.10444374061744388, 'hidden_size': 56, 'dropout': 0.26691526968202683, 'hidden_continuous_size': 15, 'attention_head_size': 3, 'learning_rate': 0.007830886314384947}. Best is trial 0 with value: 28.322851181030273.
LOCAL_RANK: 0 - CUDA_VISIBLE_DEVICES: [0]
[I 2023-11-30 05:01:32,219] Trial 19 finished with value: 28.910295486450195 and parameters: {'gradient_clip_val': 0.24390059584113208, 'hidden_size': 100, 'dropout': 0.35743958882326826, 'hidden_continuous_size': 36, 'attention_head_size': 2, 'learning_rate': 0.06562214523114}. Best is trial 0 with value: 28.322851181030273.
LOCAL_RANK: 0 - CUDA_VISIBLE_DEVICES: [0]
[I 2023-11-30 05:01:44,644] Trial 20 finished with value: 33.58237075805664 and parameters: {'gradient_clip_val': 0.25035450815723137, 'hidden_size': 36, 'dropout': 0.3240124340786428, 'hidden_continuous_size': 12, 'attention_head_size': 2, 'learning_rate': 0.07109520478123768}. Best is trial 0 with value: 28.322851181030273.
LOCAL_RANK: 0 - CUDA_VISIBLE_DEVICES: [0]
[I 2023-11-30 05:01:58,382] Trial 21 finished with value: 31.309249877929688 and parameters: {'gradient_clip_val': 0.2275520221226966, 'hidden_size': 108, 'dropout': 0.3487584792579666, 'hidden_continuous_size': 38, 'attention_head_size': 1, 'learning_rate': 0.03935415728194299}. Best is trial 0 with value: 28.322851181030273.
LOCAL_RANK: 0 - CUDA_VISIBLE_DEVICES: [0]
[I 2023-11-30 05:02:12,113] Trial 22 finished with value: 32.59455490112305 and parameters: {'gradient_clip_val': 0.2041489627672374, 'hidden_size': 94, 'dropout': 0.3590902629827468, 'hidden_continuous_size': 34, 'attention_head_size': 2, 'learning_rate': 0.07125863936919961}. Best is trial 0 with value: 28.322851181030273.
LOCAL_RANK: 0 - CUDA_VISIBLE_DEVICES: [0]
[I 2023-11-30 05:02:25,235] Trial 23 finished with value: 34.634803771972656 and parameters: {'gradient_clip_val': 0.3195735586476237, 'hidden_size': 54, 'dropout': 0.3971774052312866, 'hidden_continuous_size': 17, 'attention_head_size': 1, 'learning_rate': 0.05771320641769493}. Best is trial 0 with value: 28.322851181030273.
LOCAL_RANK: 0 - CUDA_VISIBLE_DEVICES: [0]
[I 2023-11-30 05:02:38,469] Trial 24 finished with value: 30.215293884277344 and parameters: {'gradient_clip_val': 0.17632261934934684, 'hidden_size': 61, 'dropout': 0.3627580113854795, 'hidden_continuous_size': 22, 'attention_head_size': 2, 'learning_rate': 0.03473460072360094}. Best is trial 0 with value: 28.322851181030273.
LOCAL_RANK: 0 - CUDA_VISIBLE_DEVICES: [0]
[I 2023-11-30 05:02:52,082] Trial 25 finished with value: 32.07674026489258 and parameters: {'gradient_clip_val': 0.24649251763625132, 'hidden_size': 89, 'dropout': 0.3255543436329848, 'hidden_continuous_size': 23, 'attention_head_size': 3, 'learning_rate': 0.02538609130332013}. Best is trial 0 with value: 28.322851181030273.
LOCAL_RANK: 0 - CUDA_VISIBLE_DEVICES: [0]
[I 2023-11-30 05:03:05,857] Trial 26 finished with value: 37.8175163269043 and parameters: {'gradient_clip_val': 0.34435810500960634, 'hidden_size': 120, 'dropout': 0.3717705129247351, 'hidden_continuous_size': 29, 'attention_head_size': 1, 'learning_rate': 0.047986697156441965}. Best is trial 0 with value: 28.322851181030273.
LOCAL_RANK: 0 - CUDA_VISIBLE_DEVICES: [0]
[I 2023-11-30 05:03:19,913] Trial 27 finished with value: 31.831396102905273 and parameters: {'gradient_clip_val': 0.2969491524583957, 'hidden_size': 124, 'dropout': 0.27920985901708106, 'hidden_continuous_size': 44, 'attention_head_size': 4, 'learning_rate': 0.06780696001112717}. Best is trial 0 with value: 28.322851181030273.
LOCAL_RANK: 0 - CUDA_VISIBLE_DEVICES: [0]
[I 2023-11-30 05:03:33,385] Trial 28 finished with value: 28.616228103637695 and parameters: {'gradient_clip_val': 0.4093436962099789, 'hidden_size': 88, 'dropout': 0.37878876601069233, 'hidden_continuous_size': 16, 'attention_head_size': 2, 'learning_rate': 0.04149241837862499}. Best is trial 0 with value: 28.322851181030273.
LOCAL_RANK: 0 - CUDA_VISIBLE_DEVICES: [0]
[I 2023-11-30 05:03:46,846] Trial 29 finished with value: 32.163734436035156 and parameters: {'gradient_clip_val': 0.4166459098270126, 'hidden_size': 87, 'dropout': 0.3243295972129674, 'hidden_continuous_size': 17, 'attention_head_size': 2, 'learning_rate': 0.09982305574284289}. Best is trial 0 with value: 28.322851181030273.
LOCAL_RANK: 0 - CUDA_VISIBLE_DEVICES: [0]
[I 2023-11-30 05:03:59,933] Trial 30 finished with value: 34.45062255859375 and parameters: {'gradient_clip_val': 0.4333758714058447, 'hidden_size': 63, 'dropout': 0.258349986068781, 'hidden_continuous_size': 13, 'attention_head_size': 3, 'learning_rate': 0.045031613449284864}. Best is trial 0 with value: 28.322851181030273.
LOCAL_RANK: 0 - CUDA_VISIBLE_DEVICES: [0]
[I 2023-11-30 05:04:13,498] Trial 31 finished with value: 30.350830078125 and parameters: {'gradient_clip_val': 0.2067404002957818, 'hidden_size': 82, 'dropout': 0.3775614068928715, 'hidden_continuous_size': 16, 'attention_head_size': 2, 'learning_rate': 0.03165597837387965}. Best is trial 0 with value: 28.322851181030273.
LOCAL_RANK: 0 - CUDA_VISIBLE_DEVICES: [0]
[I 2023-11-30 05:04:27,129] Trial 32 finished with value: 30.1192569732666 and parameters: {'gradient_clip_val': 0.26819756180873977, 'hidden_size': 100, 'dropout': 0.3969588027223909, 'hidden_continuous_size': 22, 'attention_head_size': 2, 'learning_rate': 0.019798745357708356}. Best is trial 0 with value: 28.322851181030273.
LOCAL_RANK: 0 - CUDA_VISIBLE_DEVICES: [0]
[I 2023-11-30 05:04:41,103] Trial 33 finished with value: 34.965457916259766 and parameters: {'gradient_clip_val': 0.3249487217014359, 'hidden_size': 121, 'dropout': 0.36988269075383035, 'hidden_continuous_size': 29, 'attention_head_size': 1, 'learning_rate': 0.07057543412243225}. Best is trial 0 with value: 28.322851181030273.
LOCAL_RANK: 0 - CUDA_VISIBLE_DEVICES: [0]
[I 2023-11-30 05:04:54,574] Trial 34 finished with value: 33.1523323059082 and parameters: {'gradient_clip_val': 0.5331889615884204, 'hidden_size': 79, 'dropout': 0.3608988180885354, 'hidden_continuous_size': 14, 'attention_head_size': 4, 'learning_rate': 0.03962111704000615}. Best is trial 0 with value: 28.322851181030273.
LOCAL_RANK: 0 - CUDA_VISIBLE_DEVICES: [0]
[I 2023-11-30 05:05:08,089] Trial 35 finished with value: 32.2418327331543 and parameters: {'gradient_clip_val': 0.2214908935050725, 'hidden_size': 99, 'dropout': 0.3782842954014192, 'hidden_continuous_size': 12, 'attention_head_size': 2, 'learning_rate': 0.053281409800988985}. Best is trial 0 with value: 28.322851181030273.
LOCAL_RANK: 0 - CUDA_VISIBLE_DEVICES: [0]
[I 2023-11-30 05:05:21,534] Trial 36 finished with value: 32.25187683105469 and parameters: {'gradient_clip_val': 0.6123335942145743, 'hidden_size': 75, 'dropout': 0.399793795793723, 'hidden_continuous_size': 19, 'attention_head_size': 3, 'learning_rate': 0.02396214697542656}. Best is trial 0 with value: 28.322851181030273.
LOCAL_RANK: 0 - CUDA_VISIBLE_DEVICES: [0]
[I 2023-11-30 05:05:34,752] Trial 37 finished with value: 30.439743041992188 and parameters: {'gradient_clip_val': 0.36584760503944674, 'hidden_size': 70, 'dropout': 0.34716753363728137, 'hidden_continuous_size': 17, 'attention_head_size': 1, 'learning_rate': 0.018097505628122252}. Best is trial 0 with value: 28.322851181030273.
LOCAL_RANK: 0 - CUDA_VISIBLE_DEVICES: [0]
[I 2023-11-30 05:05:49,268] Trial 38 finished with value: 31.45466423034668 and parameters: {'gradient_clip_val': 0.27396787985900545, 'hidden_size': 150, 'dropout': 0.3051782830155386, 'hidden_continuous_size': 25, 'attention_head_size': 4, 'learning_rate': 0.039021729914275424}. Best is trial 0 with value: 28.322851181030273.
LOCAL_RANK: 0 - CUDA_VISIBLE_DEVICES: [0]
[I 2023-11-30 05:06:02,247] Trial 39 finished with value: 34.24233627319336 and parameters: {'gradient_clip_val': 0.3220027248138734, 'hidden_size': 65, 'dropout': 0.35943852693116274, 'hidden_continuous_size': 15, 'attention_head_size': 1, 'learning_rate': 0.028406099842478823}. Best is trial 0 with value: 28.322851181030273.
LOCAL_RANK: 0 - CUDA_VISIBLE_DEVICES: [0]
[I 2023-11-30 05:06:15,802] Trial 40 finished with value: 30.593582153320312 and parameters: {'gradient_clip_val': 0.38894474886330704, 'hidden_size': 111, 'dropout': 0.37901258988614667, 'hidden_continuous_size': 11, 'attention_head_size': 2, 'learning_rate': 0.014242093993123072}. Best is trial 0 with value: 28.322851181030273.
LOCAL_RANK: 0 - CUDA_VISIBLE_DEVICES: [0]
[I 2023-11-30 05:06:27,977] Trial 41 finished with value: 32.2612419128418 and parameters: {'gradient_clip_val': 0.3569480211756538, 'hidden_size': 21, 'dropout': 0.21266839035393656, 'hidden_continuous_size': 11, 'attention_head_size': 3, 'learning_rate': 0.05726381642838107}. Best is trial 0 with value: 28.322851181030273.
LOCAL_RANK: 0 - CUDA_VISIBLE_DEVICES: [0]
[I 2023-11-30 05:06:40,219] Trial 42 finished with value: 32.33137512207031 and parameters: {'gradient_clip_val': 0.4343957817190894, 'hidden_size': 17, 'dropout': 0.19159843350536074, 'hidden_continuous_size': 11, 'attention_head_size': 4, 'learning_rate': 0.05127260820290513}. Best is trial 0 with value: 28.322851181030273.
LOCAL_RANK: 0 - CUDA_VISIBLE_DEVICES: [0]
[I 2023-11-30 05:06:52,973] Trial 43 finished with value: 32.613922119140625 and parameters: {'gradient_clip_val': 0.2784538988023293, 'hidden_size': 34, 'dropout': 0.23612226208465634, 'hidden_continuous_size': 10, 'attention_head_size': 3, 'learning_rate': 0.044914874273544875}. Best is trial 0 with value: 28.322851181030273.
LOCAL_RANK: 0 - CUDA_VISIBLE_DEVICES: [0]
[I 2023-11-30 05:07:05,473] Trial 44 finished with value: 38.15736770629883 and parameters: {'gradient_clip_val': 0.24155888738535886, 'hidden_size': 40, 'dropout': 0.18732199169838282, 'hidden_continuous_size': 13, 'attention_head_size': 3, 'learning_rate': 0.08144035855478435}. Best is trial 0 with value: 28.322851181030273.
LOCAL_RANK: 0 - CUDA_VISIBLE_DEVICES: [0]
[I 2023-11-30 05:07:17,869] Trial 45 finished with value: 34.94977951049805 and parameters: {'gradient_clip_val': 0.3081236122443661, 'hidden_size': 27, 'dropout': 0.2438300844734175, 'hidden_continuous_size': 11, 'attention_head_size': 4, 'learning_rate': 0.05950892931011316}. Best is trial 0 with value: 28.322851181030273.
LOCAL_RANK: 0 - CUDA_VISIBLE_DEVICES: [0]
[I 2023-11-30 05:07:30,386] Trial 46 finished with value: 31.95847511291504 and parameters: {'gradient_clip_val': 0.34777220932022374, 'hidden_size': 29, 'dropout': 0.22129782253411467, 'hidden_continuous_size': 16, 'attention_head_size': 3, 'learning_rate': 0.08317017344634428}. Best is trial 0 with value: 28.322851181030273.
LOCAL_RANK: 0 - CUDA_VISIBLE_DEVICES: [0]
[I 2023-11-30 05:07:42,691] Trial 47 finished with value: 37.988155364990234 and parameters: {'gradient_clip_val': 0.3925158788077001, 'hidden_size': 15, 'dropout': 0.3876243993955032, 'hidden_continuous_size': 12, 'attention_head_size': 2, 'learning_rate': 0.03588432085208501}. Best is trial 0 with value: 28.322851181030273.
LOCAL_RANK: 0 - CUDA_VISIBLE_DEVICES: [0]
[I 2023-11-30 05:07:55,019] Trial 48 finished with value: 34.56437301635742 and parameters: {'gradient_clip_val': 0.2805768553295222, 'hidden_size': 22, 'dropout': 0.282464514504417, 'hidden_continuous_size': 14, 'attention_head_size': 4, 'learning_rate': 0.060454986869172944}. Best is trial 0 with value: 28.322851181030273.
LOCAL_RANK: 0 - CUDA_VISIBLE_DEVICES: [0]
