[I 2023-11-30 08:28:48,290] Trial 85 finished with value: 32.640193939208984 and parameters: {'gradient_clip_val': 0.10808450840625392, 'hidden_size': 41, 'dropout': 0.1617126172027365, 'hidden_continuous_size': 12, 'attention_head_size': 3, 'learning_rate': 0.07879945608034492}. Best is trial 14 with value: 24.701669692993164.
LOCAL_RANK: 0 - CUDA_VISIBLE_DEVICES: [0]
[I 2023-11-30 08:29:00,788] Trial 86 finished with value: 39.78037643432617 and parameters: {'gradient_clip_val': 0.12693624550709728, 'hidden_size': 31, 'dropout': 0.1558932854146397, 'hidden_continuous_size': 14, 'attention_head_size': 2, 'learning_rate': 0.04789605280469983}. Best is trial 14 with value: 24.701669692993164.
LOCAL_RANK: 0 - CUDA_VISIBLE_DEVICES: [0]
[I 2023-11-30 08:29:13,268] Trial 87 finished with value: 44.77286911010742 and parameters: {'gradient_clip_val': 0.10370862362037431, 'hidden_size': 25, 'dropout': 0.13925215329233465, 'hidden_continuous_size': 17, 'attention_head_size': 3, 'learning_rate': 0.09173196022868203}. Best is trial 14 with value: 24.701669692993164.
LOCAL_RANK: 0 - CUDA_VISIBLE_DEVICES: [0]
[I 2023-11-30 08:29:26,013] Trial 88 finished with value: 37.148033142089844 and parameters: {'gradient_clip_val': 0.1164316698943759, 'hidden_size': 34, 'dropout': 0.13068849881371164, 'hidden_continuous_size': 18, 'attention_head_size': 3, 'learning_rate': 0.05237714538015544}. Best is trial 14 with value: 24.701669692993164.
LOCAL_RANK: 0 - CUDA_VISIBLE_DEVICES: [0]
[I 2023-11-30 08:29:38,583] Trial 89 finished with value: 37.29892349243164 and parameters: {'gradient_clip_val': 0.14029497614413766, 'hidden_size': 48, 'dropout': 0.14766700491487067, 'hidden_continuous_size': 10, 'attention_head_size': 3, 'learning_rate': 0.06929806993538863}. Best is trial 14 with value: 24.701669692993164.
LOCAL_RANK: 0 - CUDA_VISIBLE_DEVICES: [0]
[I 2023-11-30 08:29:51,354] Trial 90 finished with value: 41.61250686645508 and parameters: {'gradient_clip_val': 0.17553594940369002, 'hidden_size': 39, 'dropout': 0.1162423184328047, 'hidden_continuous_size': 12, 'attention_head_size': 2, 'learning_rate': 0.08631725557263714}. Best is trial 14 with value: 24.701669692993164.
LOCAL_RANK: 0 - CUDA_VISIBLE_DEVICES: [0]
[I 2023-11-30 08:30:04,356] Trial 91 finished with value: 34.52346420288086 and parameters: {'gradient_clip_val': 0.16747633228802095, 'hidden_size': 56, 'dropout': 0.14408993635364162, 'hidden_continuous_size': 24, 'attention_head_size': 2, 'learning_rate': 0.06513777016221463}. Best is trial 14 with value: 24.701669692993164.
LOCAL_RANK: 0 - CUDA_VISIBLE_DEVICES: [0]
[I 2023-11-30 08:30:17,619] Trial 92 finished with value: 29.312211990356445 and parameters: {'gradient_clip_val': 0.15726408422226845, 'hidden_size': 58, 'dropout': 0.1324563424477711, 'hidden_continuous_size': 26, 'attention_head_size': 2, 'learning_rate': 0.059892848319256134}. Best is trial 14 with value: 24.701669692993164.
LOCAL_RANK: 0 - CUDA_VISIBLE_DEVICES: [0]
[I 2023-11-30 08:30:30,979] Trial 93 finished with value: 28.45395851135254 and parameters: {'gradient_clip_val': 0.13365172349767412, 'hidden_size': 65, 'dropout': 0.12852657677044066, 'hidden_continuous_size': 28, 'attention_head_size': 2, 'learning_rate': 0.05634204259517209}. Best is trial 14 with value: 24.701669692993164.
LOCAL_RANK: 0 - CUDA_VISIBLE_DEVICES: [0]
[I 2023-11-30 08:30:44,145] Trial 94 finished with value: 40.14072799682617 and parameters: {'gradient_clip_val': 0.15832913231965398, 'hidden_size': 64, 'dropout': 0.12716705281237808, 'hidden_continuous_size': 29, 'attention_head_size': 2, 'learning_rate': 0.05820730377023295}. Best is trial 14 with value: 24.701669692993164.
LOCAL_RANK: 0 - CUDA_VISIBLE_DEVICES: [0]
[I 2023-11-30 08:30:57,383] Trial 95 finished with value: 41.33437728881836 and parameters: {'gradient_clip_val': 0.149031585244216, 'hidden_size': 50, 'dropout': 0.10726937817211255, 'hidden_continuous_size': 29, 'attention_head_size': 2, 'learning_rate': 0.03980311803616559}. Best is trial 14 with value: 24.701669692993164.
LOCAL_RANK: 0 - CUDA_VISIBLE_DEVICES: [0]
[I 2023-11-30 08:31:10,330] Trial 96 finished with value: 44.79643630981445 and parameters: {'gradient_clip_val': 0.1327490886975623, 'hidden_size': 63, 'dropout': 0.13432016336491664, 'hidden_continuous_size': 11, 'attention_head_size': 2, 'learning_rate': 0.043490280501078574}. Best is trial 14 with value: 24.701669692993164.
LOCAL_RANK: 0 - CUDA_VISIBLE_DEVICES: [0]
[I 2023-11-30 08:31:23,099] Trial 97 finished with value: 38.55671691894531 and parameters: {'gradient_clip_val': 0.18830772095991544, 'hidden_size': 44, 'dropout': 0.11830567599063095, 'hidden_continuous_size': 32, 'attention_head_size': 2, 'learning_rate': 0.029416870428872668}. Best is trial 14 with value: 24.701669692993164.
LOCAL_RANK: 0 - CUDA_VISIBLE_DEVICES: [0]
[I 2023-11-30 08:31:36,238] Trial 98 finished with value: 40.14408493041992 and parameters: {'gradient_clip_val': 0.14234358339019385, 'hidden_size': 58, 'dropout': 0.12341191285455727, 'hidden_continuous_size': 28, 'attention_head_size': 1, 'learning_rate': 0.049248475532469846}. Best is trial 14 with value: 24.701669692993164.
LOCAL_RANK: 0 - CUDA_VISIBLE_DEVICES: [0]
[I 2023-11-30 08:31:49,821] Trial 99 finished with value: 35.1395149230957 and parameters: {'gradient_clip_val': 0.1240610140701309, 'hidden_size': 68, 'dropout': 0.13591203563695178, 'hidden_continuous_size': 27, 'attention_head_size': 2, 'learning_rate': 0.05463874373781977}. Best is trial 14 with value: 24.701669692993164.
LOCAL_RANK: 0 - CUDA_VISIBLE_DEVICES: [0]
[I 2023-11-30 08:32:02,641] Trial 100 finished with value: 42.17155838012695 and parameters: {'gradient_clip_val': 0.13313001459819154, 'hidden_size': 53, 'dropout': 0.16970473858741625, 'hidden_continuous_size': 13, 'attention_head_size': 2, 'learning_rate': 0.034306909108339716}. Best is trial 14 with value: 24.701669692993164.
LOCAL_RANK: 0 - CUDA_VISIBLE_DEVICES: [0]
[I 2023-11-30 08:32:15,271] Trial 101 finished with value: 35.639625549316406 and parameters: {'gradient_clip_val': 0.12029187565222785, 'hidden_size': 36, 'dropout': 0.14392583259291375, 'hidden_continuous_size': 20, 'attention_head_size': 3, 'learning_rate': 0.07394383739447748}. Best is trial 14 with value: 24.701669692993164.
LOCAL_RANK: 0 - CUDA_VISIBLE_DEVICES: [0]
[I 2023-11-30 08:32:27,872] Trial 102 finished with value: 41.36788558959961 and parameters: {'gradient_clip_val': 0.1460957572129409, 'hidden_size': 30, 'dropout': 0.15159738671558148, 'hidden_continuous_size': 22, 'attention_head_size': 2, 'learning_rate': 0.0604494961362329}. Best is trial 14 with value: 24.701669692993164.
LOCAL_RANK: 0 - CUDA_VISIBLE_DEVICES: [0]
[I 2023-11-30 08:32:40,242] Trial 103 finished with value: 33.334075927734375 and parameters: {'gradient_clip_val': 0.12724953855048313, 'hidden_size': 27, 'dropout': 0.1604347073473285, 'hidden_continuous_size': 13, 'attention_head_size': 3, 'learning_rate': 0.07970132449267112}. Best is trial 14 with value: 24.701669692993164.
LOCAL_RANK: 0 - CUDA_VISIBLE_DEVICES: [0]
[I 2023-11-30 08:32:53,160] Trial 104 finished with value: 35.54547882080078 and parameters: {'gradient_clip_val': 0.15487788915712897, 'hidden_size': 33, 'dropout': 0.130186299630195, 'hidden_continuous_size': 17, 'attention_head_size': 3, 'learning_rate': 0.06685764807232925}. Best is trial 14 with value: 24.701669692993164.
LOCAL_RANK: 0 - CUDA_VISIBLE_DEVICES: [0]
[I 2023-11-30 08:33:06,241] Trial 105 finished with value: 38.921180725097656 and parameters: {'gradient_clip_val': 0.13892801226940696, 'hidden_size': 47, 'dropout': 0.15121631449373463, 'hidden_continuous_size': 32, 'attention_head_size': 2, 'learning_rate': 0.09772124339273525}. Best is trial 14 with value: 24.701669692993164.
LOCAL_RANK: 0 - CUDA_VISIBLE_DEVICES: [0]
[I 2023-11-30 08:33:18,926] Trial 106 finished with value: 42.79764938354492 and parameters: {'gradient_clip_val': 0.3767675799813362, 'hidden_size': 41, 'dropout': 0.1394832781284536, 'hidden_continuous_size': 11, 'attention_head_size': 3, 'learning_rate': 0.05226511605857364}. Best is trial 14 with value: 24.701669692993164.
LOCAL_RANK: 0 - CUDA_VISIBLE_DEVICES: [0]
[I 2023-11-30 08:33:32,111] Trial 107 finished with value: 45.16996765136719 and parameters: {'gradient_clip_val': 0.33439879607276907, 'hidden_size': 55, 'dropout': 0.10971530242690226, 'hidden_continuous_size': 26, 'attention_head_size': 2, 'learning_rate': 0.04601483588926922}. Best is trial 14 with value: 24.701669692993164.
LOCAL_RANK: 0 - CUDA_VISIBLE_DEVICES: [0]
[I 2023-11-30 08:33:45,113] Trial 108 finished with value: 43.10396957397461 and parameters: {'gradient_clip_val': 0.11545292824442159, 'hidden_size': 51, 'dropout': 0.156738514628333, 'hidden_continuous_size': 15, 'attention_head_size': 3, 'learning_rate': 0.08680688285875898}. Best is trial 14 with value: 24.701669692993164.
LOCAL_RANK: 0 - CUDA_VISIBLE_DEVICES: [0]
[I 2023-11-30 08:33:58,607] Trial 109 finished with value: 31.999229431152344 and parameters: {'gradient_clip_val': 0.13138801136188272, 'hidden_size': 59, 'dropout': 0.12880984713485386, 'hidden_continuous_size': 23, 'attention_head_size': 3, 'learning_rate': 0.06059201109781516}. Best is trial 14 with value: 24.701669692993164.
LOCAL_RANK: 0 - CUDA_VISIBLE_DEVICES: [0]
[I 2023-11-30 08:34:11,878] Trial 110 finished with value: 36.94137191772461 and parameters: {'gradient_clip_val': 0.13365149054328618, 'hidden_size': 60, 'dropout': 0.11910282335911129, 'hidden_continuous_size': 23, 'attention_head_size': 2, 'learning_rate': 0.060965731456569326}. Best is trial 14 with value: 24.701669692993164.
LOCAL_RANK: 0 - CUDA_VISIBLE_DEVICES: [0]
[I 2023-11-30 08:34:25,455] Trial 111 finished with value: 43.26432800292969 and parameters: {'gradient_clip_val': 0.12303116707641606, 'hidden_size': 75, 'dropout': 0.12848891221020783, 'hidden_continuous_size': 27, 'attention_head_size': 3, 'learning_rate': 0.06903966102354833}. Best is trial 14 with value: 24.701669692993164.
LOCAL_RANK: 0 - CUDA_VISIBLE_DEVICES: [0]
[I 2023-11-30 08:34:38,638] Trial 112 finished with value: 40.6269416809082 and parameters: {'gradient_clip_val': 0.1605315234402711, 'hidden_size': 54, 'dropout': 0.13625484182373207, 'hidden_continuous_size': 25, 'attention_head_size': 3, 'learning_rate': 0.05674944853865755}. Best is trial 14 with value: 24.701669692993164.
LOCAL_RANK: 0 - CUDA_VISIBLE_DEVICES: [0]
[I 2023-11-30 08:34:51,803] Trial 113 finished with value: 36.12459182739258 and parameters: {'gradient_clip_val': 0.14071944097536393, 'hidden_size': 49, 'dropout': 0.14435063534448195, 'hidden_continuous_size': 30, 'attention_head_size': 3, 'learning_rate': 0.07620731143076757}. Best is trial 14 with value: 24.701669692993164.
LOCAL_RANK: 0 - CUDA_VISIBLE_DEVICES: [0]
[I 2023-11-30 08:35:04,545] Trial 114 finished with value: 25.939010620117188 and parameters: {'gradient_clip_val': 0.12977923965023244, 'hidden_size': 44, 'dropout': 0.11270639860934033, 'hidden_continuous_size': 10, 'attention_head_size': 3, 'learning_rate': 0.061965887851994084}. Best is trial 14 with value: 24.701669692993164.
LOCAL_RANK: 0 - CUDA_VISIBLE_DEVICES: [0]
[I 2023-11-30 08:35:17,036] Trial 115 finished with value: 43.227046966552734 and parameters: {'gradient_clip_val': 0.3144342990149785, 'hidden_size': 44, 'dropout': 0.10573663168450778, 'hidden_continuous_size': 10, 'attention_head_size': 3, 'learning_rate': 0.0374513230695283}. Best is trial 14 with value: 24.701669692993164.
LOCAL_RANK: 0 - CUDA_VISIBLE_DEVICES: [0]
[I 2023-11-30 08:35:29,780] Trial 116 finished with value: 42.26536178588867 and parameters: {'gradient_clip_val': 0.1503765623281523, 'hidden_size': 52, 'dropout': 0.11247547789849152, 'hidden_continuous_size': 10, 'attention_head_size': 3, 'learning_rate': 0.04663310482507992}. Best is trial 14 with value: 24.701669692993164.
LOCAL_RANK: 0 - CUDA_VISIBLE_DEVICES: [0]
[I 2023-11-30 08:35:42,607] Trial 117 finished with value: 34.926979064941406 and parameters: {'gradient_clip_val': 0.12979854320520695, 'hidden_size': 47, 'dropout': 0.10195179386935568, 'hidden_continuous_size': 12, 'attention_head_size': 3, 'learning_rate': 0.06266042973871014}. Best is trial 14 with value: 24.701669692993164.
LOCAL_RANK: 0 - CUDA_VISIBLE_DEVICES: [0]
[I 2023-11-30 08:35:55,810] Trial 118 finished with value: 40.888999938964844 and parameters: {'gradient_clip_val': 0.14584979627698458, 'hidden_size': 60, 'dropout': 0.12192111842260521, 'hidden_continuous_size': 23, 'attention_head_size': 3, 'learning_rate': 0.055172769861649255}. Best is trial 14 with value: 24.701669692993164.
LOCAL_RANK: 0 - CUDA_VISIBLE_DEVICES: [0]
[I 2023-11-30 08:36:09,279] Trial 119 finished with value: 42.4940185546875 and parameters: {'gradient_clip_val': 0.17582882386833112, 'hidden_size': 57, 'dropout': 0.11524677488105521, 'hidden_continuous_size': 34, 'attention_head_size': 3, 'learning_rate': 0.051239078353711824}. Best is trial 14 with value: 24.701669692993164.
LOCAL_RANK: 0 - CUDA_VISIBLE_DEVICES: [0]
[I 2023-11-30 08:36:22,119] Trial 120 finished with value: 32.490055084228516 and parameters: {'gradient_clip_val': 0.1684324629102482, 'hidden_size': 42, 'dropout': 0.127801512667032, 'hidden_continuous_size': 11, 'attention_head_size': 2, 'learning_rate': 0.04137932074071011}. Best is trial 14 with value: 24.701669692993164.
LOCAL_RANK: 0 - CUDA_VISIBLE_DEVICES: [0]
[I 2023-11-30 08:36:34,826] Trial 121 finished with value: 39.08213424682617 and parameters: {'gradient_clip_val': 0.11226748117313864, 'hidden_size': 31, 'dropout': 0.13247311730437922, 'hidden_continuous_size': 19, 'attention_head_size': 3, 'learning_rate': 0.07751827929400672}. Best is trial 14 with value: 24.701669692993164.
LOCAL_RANK: 0 - CUDA_VISIBLE_DEVICES: [0]
[I 2023-11-30 08:36:47,554] Trial 122 finished with value: 46.92195510864258 and parameters: {'gradient_clip_val': 0.11956787260985481, 'hidden_size': 37, 'dropout': 0.14765543142727125, 'hidden_continuous_size': 14, 'attention_head_size': 3, 'learning_rate': 0.06661245184295701}. Best is trial 14 with value: 24.701669692993164.
LOCAL_RANK: 0 - CUDA_VISIBLE_DEVICES: [0]
[I 2023-11-30 08:37:00,145] Trial 123 finished with value: 43.1103515625 and parameters: {'gradient_clip_val': 0.13629642192902539, 'hidden_size': 29, 'dropout': 0.16667131822260542, 'hidden_continuous_size': 16, 'attention_head_size': 3, 'learning_rate': 0.08523625157452559}. Best is trial 14 with value: 24.701669692993164.
LOCAL_RANK: 0 - CUDA_VISIBLE_DEVICES: [0]
[I 2023-11-30 08:37:12,814] Trial 124 finished with value: 37.04921340942383 and parameters: {'gradient_clip_val': 0.10484564033808857, 'hidden_size': 35, 'dropout': 0.24272414169490347, 'hidden_continuous_size': 10, 'attention_head_size': 3, 'learning_rate': 0.07430309275079877}. Best is trial 14 with value: 24.701669692993164.
LOCAL_RANK: 0 - CUDA_VISIBLE_DEVICES: [0]
[I 2023-11-30 08:37:25,390] Trial 125 finished with value: 34.30684280395508 and parameters: {'gradient_clip_val': 0.1276984911060121, 'hidden_size': 28, 'dropout': 0.14074811521405, 'hidden_continuous_size': 26, 'attention_head_size': 3, 'learning_rate': 0.09086165064907918}. Best is trial 14 with value: 24.701669692993164.
LOCAL_RANK: 0 - CUDA_VISIBLE_DEVICES: [0]
[I 2023-11-30 08:37:38,154] Trial 126 finished with value: 38.50175857543945 and parameters: {'gradient_clip_val': 0.11080641324253927, 'hidden_size': 39, 'dropout': 0.12483937061167238, 'hidden_continuous_size': 18, 'attention_head_size': 3, 'learning_rate': 0.0622951136938283}. Best is trial 14 with value: 24.701669692993164.
LOCAL_RANK: 0 - CUDA_VISIBLE_DEVICES: [0]
[I 2023-11-30 08:37:50,731] Trial 127 finished with value: 29.237680435180664 and parameters: {'gradient_clip_val': 0.5341046671585342, 'hidden_size': 33, 'dropout': 0.25973754250301345, 'hidden_continuous_size': 13, 'attention_head_size': 3, 'learning_rate': 0.07028172786425943}. Best is trial 14 with value: 24.701669692993164.
LOCAL_RANK: 0 - CUDA_VISIBLE_DEVICES: [0]
[I 2023-11-30 08:38:03,578] Trial 128 finished with value: 50.5077018737793 and parameters: {'gradient_clip_val': 0.4037624168352874, 'hidden_size': 45, 'dropout': 0.2583422879638771, 'hidden_continuous_size': 13, 'attention_head_size': 3, 'learning_rate': 0.0561138694384386}. Best is trial 14 with value: 24.701669692993164.
LOCAL_RANK: 0 - CUDA_VISIBLE_DEVICES: [0]
[I 2023-11-30 08:38:15,659] Trial 129 finished with value: 44.43797302246094 and parameters: {'gradient_clip_val': 0.5247658861087454, 'hidden_size': 32, 'dropout': 0.2693945179632431, 'hidden_continuous_size': 12, 'attention_head_size': 2, 'learning_rate': 0.0435224503032659}. Best is trial 14 with value: 24.701669692993164.
LOCAL_RANK: 0 - CUDA_VISIBLE_DEVICES: [0]
[I 2023-11-30 08:38:28,772] Trial 130 finished with value: 54.61330032348633 and parameters: {'gradient_clip_val': 0.5683704567706618, 'hidden_size': 51, 'dropout': 0.2805237157584646, 'hidden_continuous_size': 11, 'attention_head_size': 3, 'learning_rate': 0.06675738962434487}. Best is trial 14 with value: 24.701669692993164.
LOCAL_RANK: 0 - CUDA_VISIBLE_DEVICES: [0]
[I 2023-11-30 08:38:41,213] Trial 131 finished with value: 34.3294563293457 and parameters: {'gradient_clip_val': 0.449183137004814, 'hidden_size': 33, 'dropout': 0.2549177644968625, 'hidden_continuous_size': 14, 'attention_head_size': 3, 'learning_rate': 0.07001696655582125}. Best is trial 14 with value: 24.701669692993164.
LOCAL_RANK: 0 - CUDA_VISIBLE_DEVICES: [0]
[I 2023-11-30 08:38:53,571] Trial 132 finished with value: 27.93212890625 and parameters: {'gradient_clip_val': 0.15487731038109875, 'hidden_size': 29, 'dropout': 0.1343338833695493, 'hidden_continuous_size': 13, 'attention_head_size': 3, 'learning_rate': 0.08237139535846061}. Best is trial 14 with value: 24.701669692993164.
LOCAL_RANK: 0 - CUDA_VISIBLE_DEVICES: [0]
[I 2023-11-30 08:39:05,971] Trial 133 finished with value: 36.94247817993164 and parameters: {'gradient_clip_val': 0.1560752573218807, 'hidden_size': 25, 'dropout': 0.2512714562621668, 'hidden_continuous_size': 13, 'attention_head_size': 3, 'learning_rate': 0.04964199506618979}. Best is trial 14 with value: 24.701669692993164.
LOCAL_RANK: 0 - CUDA_VISIBLE_DEVICES: [0]
[I 2023-11-30 08:39:18,285] Trial 134 finished with value: 47.59953689575195 and parameters: {'gradient_clip_val': 0.5107002815103958, 'hidden_size': 27, 'dropout': 0.2662621630080871, 'hidden_continuous_size': 13, 'attention_head_size': 3, 'learning_rate': 0.08077833207097278}. Best is trial 14 with value: 24.701669692993164.
LOCAL_RANK: 0 - CUDA_VISIBLE_DEVICES: [0]
[I 2023-11-30 08:39:30,872] Trial 135 finished with value: 35.19120407104492 and parameters: {'gradient_clip_val': 0.1423071386176789, 'hidden_size': 36, 'dropout': 0.13359319169949438, 'hidden_continuous_size': 12, 'attention_head_size': 3, 'learning_rate': 0.09909994847246782}. Best is trial 14 with value: 24.701669692993164.
LOCAL_RANK: 0 - CUDA_VISIBLE_DEVICES: [0]
[I 2023-11-30 08:39:43,384] Trial 136 finished with value: 30.135765075683594 and parameters: {'gradient_clip_val': 0.489408815817368, 'hidden_size': 31, 'dropout': 0.2933104156908455, 'hidden_continuous_size': 13, 'attention_head_size': 3, 'learning_rate': 0.05987646440403964}. Best is trial 14 with value: 24.701669692993164.
LOCAL_RANK: 0 - CUDA_VISIBLE_DEVICES: [0]
[I 2023-11-30 08:39:56,083] Trial 137 finished with value: 41.98756408691406 and parameters: {'gradient_clip_val': 0.5487772060589083, 'hidden_size': 31, 'dropout': 0.29762792078773836, 'hidden_continuous_size': 13, 'attention_head_size': 3, 'learning_rate': 0.059962429672323014}. Best is trial 14 with value: 24.701669692993164.
LOCAL_RANK: 0 - CUDA_VISIBLE_DEVICES: [0]
[I 2023-11-30 08:40:08,374] Trial 138 finished with value: 47.08439254760742 and parameters: {'gradient_clip_val': 0.4811452187179563, 'hidden_size': 28, 'dropout': 0.26342000066934956, 'hidden_continuous_size': 15, 'attention_head_size': 3, 'learning_rate': 0.03211895560140593}. Best is trial 14 with value: 24.701669692993164.
LOCAL_RANK: 0 - CUDA_VISIBLE_DEVICES: [0]
[I 2023-11-30 08:40:21,044] Trial 139 finished with value: 36.73521423339844 and parameters: {'gradient_clip_val': 0.18364104032267267, 'hidden_size': 34, 'dropout': 0.27836395647417933, 'hidden_continuous_size': 14, 'attention_head_size': 2, 'learning_rate': 0.05567580315884721}. Best is trial 14 with value: 24.701669692993164.
LOCAL_RANK: 0 - CUDA_VISIBLE_DEVICES: [0]
[I 2023-11-30 08:40:33,181] Trial 140 finished with value: 46.88582992553711 and parameters: {'gradient_clip_val': 0.4922436056276027, 'hidden_size': 24, 'dropout': 0.27640881293231445, 'hidden_continuous_size': 13, 'attention_head_size': 3, 'learning_rate': 0.048936853223657636}. Best is trial 14 with value: 24.701669692993164.
LOCAL_RANK: 0 - CUDA_VISIBLE_DEVICES: [0]
[I 2023-11-30 08:40:45,732] Trial 141 finished with value: 41.23495864868164 and parameters: {'gradient_clip_val': 0.6414911080080845, 'hidden_size': 29, 'dropout': 0.29079826272874587, 'hidden_continuous_size': 27, 'attention_head_size': 3, 'learning_rate': 0.08734781766274377}. Best is trial 14 with value: 24.701669692993164.
LOCAL_RANK: 0 - CUDA_VISIBLE_DEVICES: [0]
[I 2023-11-30 08:40:58,058] Trial 142 finished with value: 35.5118522644043 and parameters: {'gradient_clip_val': 0.3595373437153429, 'hidden_size': 31, 'dropout': 0.23732910479789376, 'hidden_continuous_size': 10, 'attention_head_size': 3, 'learning_rate': 0.07017937489034516}. Best is trial 14 with value: 24.701669692993164.
LOCAL_RANK: 0 - CUDA_VISIBLE_DEVICES: [0]
[I 2023-11-30 08:41:10,790] Trial 143 finished with value: 36.69899368286133 and parameters: {'gradient_clip_val': 0.4363378355677708, 'hidden_size': 33, 'dropout': 0.313810104588525, 'hidden_continuous_size': 28, 'attention_head_size': 3, 'learning_rate': 0.06301078918830663}. Best is trial 14 with value: 24.701669692993164.
LOCAL_RANK: 0 - CUDA_VISIBLE_DEVICES: [0]
