[I 2023-11-29 21:01:30,932] Trial 82 finished with value: 46.63908767700195 and parameters: {'gradient_clip_val': 0.24008159531718626, 'hidden_size': 98, 'dropout': 0.1551446933563779, 'hidden_continuous_size': 46, 'attention_head_size': 3, 'learning_rate': 0.00886642070638193}. Best is trial 50 with value: 42.22871398925781.
LOCAL_RANK: 0 - CUDA_VISIBLE_DEVICES: [0]
[I 2023-11-29 21:01:44,879] Trial 83 finished with value: 51.3721923828125 and parameters: {'gradient_clip_val': 0.28506251634246876, 'hidden_size': 96, 'dropout': 0.14898368492544034, 'hidden_continuous_size': 43, 'attention_head_size': 3, 'learning_rate': 0.005683072982259845}. Best is trial 50 with value: 42.22871398925781.
LOCAL_RANK: 0 - CUDA_VISIBLE_DEVICES: [0]
[I 2023-11-29 21:01:58,937] Trial 84 finished with value: 50.69301223754883 and parameters: {'gradient_clip_val': 0.22222863516766278, 'hidden_size': 101, 'dropout': 0.13252805919629082, 'hidden_continuous_size': 50, 'attention_head_size': 3, 'learning_rate': 0.011074128540304944}. Best is trial 50 with value: 42.22871398925781.
LOCAL_RANK: 0 - CUDA_VISIBLE_DEVICES: [0]
[I 2023-11-29 21:02:13,181] Trial 85 finished with value: 47.676090240478516 and parameters: {'gradient_clip_val': 0.22568511385463574, 'hidden_size': 114, 'dropout': 0.17280877458438237, 'hidden_continuous_size': 61, 'attention_head_size': 3, 'learning_rate': 0.0069010867231825415}. Best is trial 50 with value: 42.22871398925781.
LOCAL_RANK: 0 - CUDA_VISIBLE_DEVICES: [0]
[I 2023-11-29 21:02:27,407] Trial 86 finished with value: 57.74641418457031 and parameters: {'gradient_clip_val': 0.19009067507884528, 'hidden_size': 83, 'dropout': 0.1626831714207465, 'hidden_continuous_size': 72, 'attention_head_size': 3, 'learning_rate': 0.00857388067581045}. Best is trial 50 with value: 42.22871398925781.
LOCAL_RANK: 0 - CUDA_VISIBLE_DEVICES: [0]
[I 2023-11-29 21:02:41,582] Trial 87 finished with value: 45.93362808227539 and parameters: {'gradient_clip_val': 0.3662543754326354, 'hidden_size': 140, 'dropout': 0.14449051936302207, 'hidden_continuous_size': 42, 'attention_head_size': 3, 'learning_rate': 0.005071284204342176}. Best is trial 50 with value: 42.22871398925781.
LOCAL_RANK: 0 - CUDA_VISIBLE_DEVICES: [0]
[I 2023-11-29 21:02:55,706] Trial 88 finished with value: 46.66483688354492 and parameters: {'gradient_clip_val': 0.20199017750019094, 'hidden_size': 126, 'dropout': 0.19193095345817204, 'hidden_continuous_size': 53, 'attention_head_size': 3, 'learning_rate': 0.009716975845444505}. Best is trial 50 with value: 42.22871398925781.
LOCAL_RANK: 0 - CUDA_VISIBLE_DEVICES: [0]
[I 2023-11-29 21:03:09,703] Trial 89 finished with value: 50.08320236206055 and parameters: {'gradient_clip_val': 0.20861574805157906, 'hidden_size': 104, 'dropout': 0.17914833803230581, 'hidden_continuous_size': 48, 'attention_head_size': 3, 'learning_rate': 0.014057510126279628}. Best is trial 50 with value: 42.22871398925781.
LOCAL_RANK: 0 - CUDA_VISIBLE_DEVICES: [0]
[I 2023-11-29 21:03:23,917] Trial 90 finished with value: 46.81736373901367 and parameters: {'gradient_clip_val': 0.1824831397682149, 'hidden_size': 119, 'dropout': 0.16792288275891876, 'hidden_continuous_size': 45, 'attention_head_size': 3, 'learning_rate': 0.007454652460731732}. Best is trial 50 with value: 42.22871398925781.
LOCAL_RANK: 0 - CUDA_VISIBLE_DEVICES: [0]
[I 2023-11-29 21:03:37,932] Trial 91 finished with value: 48.501129150390625 and parameters: {'gradient_clip_val': 0.2545579695537664, 'hidden_size': 92, 'dropout': 0.15574760025454748, 'hidden_continuous_size': 60, 'attention_head_size': 3, 'learning_rate': 0.008148743062894277}. Best is trial 50 with value: 42.22871398925781.
LOCAL_RANK: 0 - CUDA_VISIBLE_DEVICES: [0]
[I 2023-11-29 21:03:51,815] Trial 92 finished with value: 42.41859817504883 and parameters: {'gradient_clip_val': 0.23252675215911328, 'hidden_size': 89, 'dropout': 0.15794405439175047, 'hidden_continuous_size': 48, 'attention_head_size': 3, 'learning_rate': 0.006342406887035583}. Best is trial 50 with value: 42.22871398925781.
LOCAL_RANK: 0 - CUDA_VISIBLE_DEVICES: [0]
[I 2023-11-29 21:04:05,750] Trial 93 finished with value: 49.01377487182617 and parameters: {'gradient_clip_val': 0.21380777561055947, 'hidden_size': 109, 'dropout': 0.14916639090511138, 'hidden_continuous_size': 48, 'attention_head_size': 3, 'learning_rate': 0.006471724156482852}. Best is trial 50 with value: 42.22871398925781.
LOCAL_RANK: 0 - CUDA_VISIBLE_DEVICES: [0]
[I 2023-11-29 21:04:19,715] Trial 94 finished with value: 50.232269287109375 and parameters: {'gradient_clip_val': 0.23195717637908606, 'hidden_size': 98, 'dropout': 0.13616996675152415, 'hidden_continuous_size': 52, 'attention_head_size': 3, 'learning_rate': 0.00591515423882284}. Best is trial 50 with value: 42.22871398925781.
LOCAL_RANK: 0 - CUDA_VISIBLE_DEVICES: [0]
[I 2023-11-29 21:04:33,760] Trial 95 finished with value: 47.978424072265625 and parameters: {'gradient_clip_val': 0.26613747325322706, 'hidden_size': 82, 'dropout': 0.16164077568893157, 'hidden_continuous_size': 56, 'attention_head_size': 3, 'learning_rate': 0.00527906997365828}. Best is trial 50 with value: 42.22871398925781.
LOCAL_RANK: 0 - CUDA_VISIBLE_DEVICES: [0]
[I 2023-11-29 21:04:47,971] Trial 96 finished with value: 52.820343017578125 and parameters: {'gradient_clip_val': 0.40012750053948576, 'hidden_size': 141, 'dropout': 0.12758871601507793, 'hidden_continuous_size': 37, 'attention_head_size': 3, 'learning_rate': 0.004808226075517671}. Best is trial 50 with value: 42.22871398925781.
LOCAL_RANK: 0 - CUDA_VISIBLE_DEVICES: [0]
[I 2023-11-29 21:05:02,000] Trial 97 finished with value: 58.23419189453125 and parameters: {'gradient_clip_val': 0.34881180161377573, 'hidden_size': 75, 'dropout': 0.14245718066666954, 'hidden_continuous_size': 65, 'attention_head_size': 3, 'learning_rate': 0.0040291722394793575}. Best is trial 50 with value: 42.22871398925781.
LOCAL_RANK: 0 - CUDA_VISIBLE_DEVICES: [0]
[I 2023-11-29 21:05:15,823] Trial 98 finished with value: 63.3503303527832 and parameters: {'gradient_clip_val': 0.22086743569468115, 'hidden_size': 69, 'dropout': 0.15526864128714432, 'hidden_continuous_size': 59, 'attention_head_size': 3, 'learning_rate': 0.007419902297194088}. Best is trial 50 with value: 42.22871398925781.
LOCAL_RANK: 0 - CUDA_VISIBLE_DEVICES: [0]
[I 2023-11-29 21:05:30,098] Trial 99 finished with value: 47.436092376708984 and parameters: {'gradient_clip_val': 0.3939995278041369, 'hidden_size': 130, 'dropout': 0.1749946860884633, 'hidden_continuous_size': 42, 'attention_head_size': 4, 'learning_rate': 0.010199773559120412}. Best is trial 50 with value: 42.22871398925781.
LOCAL_RANK: 0 - CUDA_VISIBLE_DEVICES: [0]
[I 2023-11-29 21:05:44,129] Trial 100 finished with value: 46.35544967651367 and parameters: {'gradient_clip_val': 0.23585861979278128, 'hidden_size': 90, 'dropout': 0.16607389715497659, 'hidden_continuous_size': 55, 'attention_head_size': 2, 'learning_rate': 0.00870723817562307}. Best is trial 50 with value: 42.22871398925781.
LOCAL_RANK: 0 - CUDA_VISIBLE_DEVICES: [0]
[I 2023-11-29 21:05:57,941] Trial 101 finished with value: 46.5771369934082 and parameters: {'gradient_clip_val': 0.2632966592530691, 'hidden_size': 89, 'dropout': 0.15792102194303323, 'hidden_continuous_size': 47, 'attention_head_size': 3, 'learning_rate': 0.008070564645283372}. Best is trial 50 with value: 42.22871398925781.
LOCAL_RANK: 0 - CUDA_VISIBLE_DEVICES: [0]
[I 2023-11-29 21:06:11,782] Trial 102 finished with value: 48.62400436401367 and parameters: {'gradient_clip_val': 0.29435607988202156, 'hidden_size': 102, 'dropout': 0.15018597245716392, 'hidden_continuous_size': 49, 'attention_head_size': 3, 'learning_rate': 0.006784687997969736}. Best is trial 50 with value: 42.22871398925781.
LOCAL_RANK: 0 - CUDA_VISIBLE_DEVICES: [0]
[I 2023-11-29 21:06:25,711] Trial 103 finished with value: 46.29867172241211 and parameters: {'gradient_clip_val': 0.24223581427892316, 'hidden_size': 112, 'dropout': 0.13517512825193703, 'hidden_continuous_size': 53, 'attention_head_size': 3, 'learning_rate': 0.0057787691114639635}. Best is trial 50 with value: 42.22871398925781.
LOCAL_RANK: 0 - CUDA_VISIBLE_DEVICES: [0]
[I 2023-11-29 21:06:39,791] Trial 104 finished with value: 40.78007888793945 and parameters: {'gradient_clip_val': 0.249729312811159, 'hidden_size': 121, 'dropout': 0.18745959273363888, 'hidden_continuous_size': 45, 'attention_head_size': 3, 'learning_rate': 0.009507990137130584}. Best is trial 104 with value: 40.78007888793945.
LOCAL_RANK: 0 - CUDA_VISIBLE_DEVICES: [0]
[I 2023-11-29 21:06:53,911] Trial 105 finished with value: 44.62520217895508 and parameters: {'gradient_clip_val': 0.2286673212164338, 'hidden_size': 124, 'dropout': 0.18460965549185607, 'hidden_continuous_size': 45, 'attention_head_size': 3, 'learning_rate': 0.011970671107684374}. Best is trial 104 with value: 40.78007888793945.
LOCAL_RANK: 0 - CUDA_VISIBLE_DEVICES: [0]
[I 2023-11-29 21:07:08,153] Trial 106 finished with value: 53.5791015625 and parameters: {'gradient_clip_val': 0.43372737265797173, 'hidden_size': 134, 'dropout': 0.1871745813486413, 'hidden_continuous_size': 51, 'attention_head_size': 3, 'learning_rate': 0.011081745990090035}. Best is trial 104 with value: 40.78007888793945.
LOCAL_RANK: 0 - CUDA_VISIBLE_DEVICES: [0]
[I 2023-11-29 21:07:22,139] Trial 107 finished with value: 46.87641906738281 and parameters: {'gradient_clip_val': 0.2047368840281197, 'hidden_size': 120, 'dropout': 0.2063758447918401, 'hidden_continuous_size': 44, 'attention_head_size': 3, 'learning_rate': 0.00944191185030165}. Best is trial 104 with value: 40.78007888793945.
LOCAL_RANK: 0 - CUDA_VISIBLE_DEVICES: [0]
[I 2023-11-29 21:07:36,300] Trial 108 finished with value: 51.42616653442383 and parameters: {'gradient_clip_val': 0.3107693790835948, 'hidden_size': 125, 'dropout': 0.19582709393098485, 'hidden_continuous_size': 57, 'attention_head_size': 3, 'learning_rate': 0.0044320005274357}. Best is trial 104 with value: 40.78007888793945.
LOCAL_RANK: 0 - CUDA_VISIBLE_DEVICES: [0]
[I 2023-11-29 21:07:50,466] Trial 109 finished with value: 47.682281494140625 and parameters: {'gradient_clip_val': 0.274717270776562, 'hidden_size': 143, 'dropout': 0.17554778435054105, 'hidden_continuous_size': 40, 'attention_head_size': 1, 'learning_rate': 0.012626852566944478}. Best is trial 104 with value: 40.78007888793945.
LOCAL_RANK: 0 - CUDA_VISIBLE_DEVICES: [0]
[I 2023-11-29 21:08:04,969] Trial 110 finished with value: 46.16018295288086 and parameters: {'gradient_clip_val': 0.3371826503193804, 'hidden_size': 150, 'dropout': 0.1840056040325532, 'hidden_continuous_size': 33, 'attention_head_size': 3, 'learning_rate': 0.011524896381956294}. Best is trial 104 with value: 40.78007888793945.
LOCAL_RANK: 0 - CUDA_VISIBLE_DEVICES: [0]
[I 2023-11-29 21:08:18,975] Trial 111 finished with value: 44.98215866088867 and parameters: {'gradient_clip_val': 0.22647270689301727, 'hidden_size': 116, 'dropout': 0.16892096154381206, 'hidden_continuous_size': 45, 'attention_head_size': 3, 'learning_rate': 0.009653504300329602}. Best is trial 104 with value: 40.78007888793945.
LOCAL_RANK: 0 - CUDA_VISIBLE_DEVICES: [0]
[I 2023-11-29 21:08:32,867] Trial 112 finished with value: 47.2841682434082 and parameters: {'gradient_clip_val': 0.2202637232397117, 'hidden_size': 116, 'dropout': 0.16924219254541517, 'hidden_continuous_size': 45, 'attention_head_size': 3, 'learning_rate': 0.009927206104286428}. Best is trial 104 with value: 40.78007888793945.
LOCAL_RANK: 0 - CUDA_VISIBLE_DEVICES: [0]
[I 2023-11-29 21:08:46,839] Trial 113 finished with value: 55.20808792114258 and parameters: {'gradient_clip_val': 0.21109820911183166, 'hidden_size': 107, 'dropout': 0.1628401990470757, 'hidden_continuous_size': 49, 'attention_head_size': 3, 'learning_rate': 0.006535002095675318}. Best is trial 104 with value: 40.78007888793945.
LOCAL_RANK: 0 - CUDA_VISIBLE_DEVICES: [0]
[I 2023-11-29 21:09:00,778] Trial 114 finished with value: 46.57025146484375 and parameters: {'gradient_clip_val': 0.23136868656896012, 'hidden_size': 128, 'dropout': 0.18901976921695401, 'hidden_continuous_size': 42, 'attention_head_size': 3, 'learning_rate': 0.01315604684338328}. Best is trial 104 with value: 40.78007888793945.
LOCAL_RANK: 0 - CUDA_VISIBLE_DEVICES: [0]
[I 2023-11-29 21:09:15,134] Trial 115 finished with value: 43.44769287109375 and parameters: {'gradient_clip_val': 0.25109805017154513, 'hidden_size': 135, 'dropout': 0.1709513048615026, 'hidden_continuous_size': 39, 'attention_head_size': 3, 'learning_rate': 0.007242149433557328}. Best is trial 104 with value: 40.78007888793945.
LOCAL_RANK: 0 - CUDA_VISIBLE_DEVICES: [0]
[I 2023-11-29 21:09:29,331] Trial 116 finished with value: 48.390506744384766 and parameters: {'gradient_clip_val': 0.1984118007718851, 'hidden_size': 137, 'dropout': 0.17948292077223243, 'hidden_continuous_size': 39, 'attention_head_size': 3, 'learning_rate': 0.011769435885090811}. Best is trial 104 with value: 40.78007888793945.
LOCAL_RANK: 0 - CUDA_VISIBLE_DEVICES: [0]
[I 2023-11-29 21:09:43,359] Trial 117 finished with value: 51.76583480834961 and parameters: {'gradient_clip_val': 0.25808600195888676, 'hidden_size': 125, 'dropout': 0.17059841664194578, 'hidden_continuous_size': 52, 'attention_head_size': 3, 'learning_rate': 0.0071431238707674255}. Best is trial 104 with value: 40.78007888793945.
LOCAL_RANK: 0 - CUDA_VISIBLE_DEVICES: [0]
[I 2023-11-29 21:09:57,452] Trial 118 finished with value: 53.38655471801758 and parameters: {'gradient_clip_val': 0.2846901819147983, 'hidden_size': 135, 'dropout': 0.1826930971214908, 'hidden_continuous_size': 44, 'attention_head_size': 3, 'learning_rate': 0.009195686332707518}. Best is trial 104 with value: 40.78007888793945.
LOCAL_RANK: 0 - CUDA_VISIBLE_DEVICES: [0]
[I 2023-11-29 21:10:11,614] Trial 119 finished with value: 55.623382568359375 and parameters: {'gradient_clip_val': 0.24730937753655244, 'hidden_size': 143, 'dropout': 0.1936865589068928, 'hidden_continuous_size': 37, 'attention_head_size': 3, 'learning_rate': 0.007505416761535157}. Best is trial 104 with value: 40.78007888793945.
LOCAL_RANK: 0 - CUDA_VISIBLE_DEVICES: [0]
[I 2023-11-29 21:10:25,812] Trial 120 finished with value: 44.972198486328125 and parameters: {'gradient_clip_val': 0.36397272429870403, 'hidden_size': 111, 'dropout': 0.16506917956070616, 'hidden_continuous_size': 45, 'attention_head_size': 3, 'learning_rate': 0.010181698571899735}. Best is trial 104 with value: 40.78007888793945.
LOCAL_RANK: 0 - CUDA_VISIBLE_DEVICES: [0]
[I 2023-11-29 21:10:39,741] Trial 121 finished with value: 57.99412536621094 and parameters: {'gradient_clip_val': 0.365534367951495, 'hidden_size': 111, 'dropout': 0.17345360082634154, 'hidden_continuous_size': 46, 'attention_head_size': 3, 'learning_rate': 0.010436332059510686}. Best is trial 104 with value: 40.78007888793945.
LOCAL_RANK: 0 - CUDA_VISIBLE_DEVICES: [0]
[I 2023-11-29 21:10:53,768] Trial 122 finished with value: 55.88043212890625 and parameters: {'gradient_clip_val': 0.39118734296177654, 'hidden_size': 118, 'dropout': 0.16501553355935467, 'hidden_continuous_size': 41, 'attention_head_size': 3, 'learning_rate': 0.008519917435211456}. Best is trial 104 with value: 40.78007888793945.
LOCAL_RANK: 0 - CUDA_VISIBLE_DEVICES: [0]
[I 2023-11-29 21:11:07,893] Trial 123 finished with value: 47.0180549621582 and parameters: {'gradient_clip_val': 0.32427870817407667, 'hidden_size': 126, 'dropout': 0.1617110628305014, 'hidden_continuous_size': 44, 'attention_head_size': 3, 'learning_rate': 0.00955784336276655}. Best is trial 104 with value: 40.78007888793945.
LOCAL_RANK: 0 - CUDA_VISIBLE_DEVICES: [0]
[I 2023-11-29 21:11:21,824] Trial 124 finished with value: 53.51874923706055 and parameters: {'gradient_clip_val': 0.3753999519096293, 'hidden_size': 105, 'dropout': 0.19921436280723098, 'hidden_continuous_size': 49, 'attention_head_size': 3, 'learning_rate': 0.014815067488675676}. Best is trial 104 with value: 40.78007888793945.
LOCAL_RANK: 0 - CUDA_VISIBLE_DEVICES: [0]
[I 2023-11-29 21:11:36,020] Trial 125 finished with value: 53.30720520019531 and parameters: {'gradient_clip_val': 0.4150436006150915, 'hidden_size': 95, 'dropout': 0.14706810832354708, 'hidden_continuous_size': 54, 'attention_head_size': 3, 'learning_rate': 0.007797161784609895}. Best is trial 104 with value: 40.78007888793945.
LOCAL_RANK: 0 - CUDA_VISIBLE_DEVICES: [0]
[I 2023-11-29 21:11:50,035] Trial 126 finished with value: 45.4841194152832 and parameters: {'gradient_clip_val': 0.3490100846719577, 'hidden_size': 113, 'dropout': 0.17895469749000364, 'hidden_continuous_size': 46, 'attention_head_size': 3, 'learning_rate': 0.01071792996742635}. Best is trial 104 with value: 40.78007888793945.
LOCAL_RANK: 0 - CUDA_VISIBLE_DEVICES: [0]
[I 2023-11-29 21:12:03,920] Trial 127 finished with value: 58.8504753112793 and parameters: {'gradient_clip_val': 0.3585002265467727, 'hidden_size': 113, 'dropout': 0.1783627736891615, 'hidden_continuous_size': 38, 'attention_head_size': 3, 'learning_rate': 0.011575307394028875}. Best is trial 104 with value: 40.78007888793945.
LOCAL_RANK: 0 - CUDA_VISIBLE_DEVICES: [0]
[I 2023-11-29 21:12:17,931] Trial 128 finished with value: 62.7877082824707 and parameters: {'gradient_clip_val': 0.3444488717839335, 'hidden_size': 136, 'dropout': 0.185132088856163, 'hidden_continuous_size': 34, 'attention_head_size': 3, 'learning_rate': 0.012778974906667476}. Best is trial 104 with value: 40.78007888793945.
LOCAL_RANK: 0 - CUDA_VISIBLE_DEVICES: [0]
[I 2023-11-29 21:12:31,941] Trial 129 finished with value: 55.28049087524414 and parameters: {'gradient_clip_val': 0.45032440983357197, 'hidden_size': 122, 'dropout': 0.20986060087207226, 'hidden_continuous_size': 41, 'attention_head_size': 3, 'learning_rate': 0.010675064373240888}. Best is trial 104 with value: 40.78007888793945.
LOCAL_RANK: 0 - CUDA_VISIBLE_DEVICES: [0]
[I 2023-11-29 21:12:46,521] Trial 130 finished with value: 45.2771110534668 and parameters: {'gradient_clip_val': 0.31661718140247375, 'hidden_size': 150, 'dropout': 0.15242692822268536, 'hidden_continuous_size': 40, 'attention_head_size': 3, 'learning_rate': 0.006144316614468291}. Best is trial 104 with value: 40.78007888793945.
LOCAL_RANK: 0 - CUDA_VISIBLE_DEVICES: [0]
[I 2023-11-29 21:13:00,661] Trial 131 finished with value: 53.52980041503906 and parameters: {'gradient_clip_val': 0.3120528361890687, 'hidden_size': 144, 'dropout': 0.14179560029997937, 'hidden_continuous_size': 39, 'attention_head_size': 3, 'learning_rate': 0.006266072859415227}. Best is trial 104 with value: 40.78007888793945.
LOCAL_RANK: 0 - CUDA_VISIBLE_DEVICES: [0]
[I 2023-11-29 21:13:14,837] Trial 132 finished with value: 61.8893928527832 and parameters: {'gradient_clip_val': 0.3304176159870854, 'hidden_size': 134, 'dropout': 0.1535168491279553, 'hidden_continuous_size': 35, 'attention_head_size': 3, 'learning_rate': 0.00699923466954412}. Best is trial 104 with value: 40.78007888793945.
LOCAL_RANK: 0 - CUDA_VISIBLE_DEVICES: [0]
[I 2023-11-29 21:13:29,053] Trial 133 finished with value: 55.69450378417969 and parameters: {'gradient_clip_val': 0.36377765730782247, 'hidden_size': 148, 'dropout': 0.16760085991452275, 'hidden_continuous_size': 42, 'attention_head_size': 3, 'learning_rate': 0.005775528074811051}. Best is trial 104 with value: 40.78007888793945.
LOCAL_RANK: 0 - CUDA_VISIBLE_DEVICES: [0]
[I 2023-11-29 21:13:42,996] Trial 134 finished with value: 48.52119064331055 and parameters: {'gradient_clip_val': 0.38471720114975394, 'hidden_size': 128, 'dropout': 0.16170627263365156, 'hidden_continuous_size': 46, 'attention_head_size': 3, 'learning_rate': 0.007978781711077384}. Best is trial 104 with value: 40.78007888793945.
LOCAL_RANK: 0 - CUDA_VISIBLE_DEVICES: [0]
[I 2023-11-29 21:13:57,240] Trial 135 finished with value: 52.9368782043457 and parameters: {'gradient_clip_val': 0.3404270928701589, 'hidden_size': 106, 'dropout': 0.15607432416801675, 'hidden_continuous_size': 43, 'attention_head_size': 3, 'learning_rate': 0.008758711658506266}. Best is trial 104 with value: 40.78007888793945.
LOCAL_RANK: 0 - CUDA_VISIBLE_DEVICES: [0]
[I 2023-11-29 21:14:11,529] Trial 136 finished with value: 48.37089538574219 and parameters: {'gradient_clip_val': 0.3072148398974808, 'hidden_size': 150, 'dropout': 0.17269981645151675, 'hidden_continuous_size': 48, 'attention_head_size': 3, 'learning_rate': 0.006490608099720813}. Best is trial 104 with value: 40.78007888793945.
LOCAL_RANK: 0 - CUDA_VISIBLE_DEVICES: [0]
[I 2023-11-29 21:14:25,833] Trial 137 finished with value: 45.835479736328125 and parameters: {'gradient_clip_val': 0.29343012053567014, 'hidden_size': 115, 'dropout': 0.1492168521375113, 'hidden_continuous_size': 83, 'attention_head_size': 3, 'learning_rate': 0.007204619247673221}. Best is trial 104 with value: 40.78007888793945.
LOCAL_RANK: 0 - CUDA_VISIBLE_DEVICES: [0]
[I 2023-11-29 21:14:39,809] Trial 138 finished with value: 48.72308349609375 and parameters: {'gradient_clip_val': 0.2722219915092411, 'hidden_size': 122, 'dropout': 0.21870085527803945, 'hidden_continuous_size': 45, 'attention_head_size': 3, 'learning_rate': 0.010022290739920088}. Best is trial 104 with value: 40.78007888793945.
LOCAL_RANK: 0 - CUDA_VISIBLE_DEVICES: [0]
[I 2023-11-29 21:14:53,819] Trial 139 finished with value: 60.57211685180664 and parameters: {'gradient_clip_val': 0.4102494600470119, 'hidden_size': 102, 'dropout': 0.14089260118525493, 'hidden_continuous_size': 51, 'attention_head_size': 3, 'learning_rate': 0.016448014385256955}. Best is trial 104 with value: 40.78007888793945.
LOCAL_RANK: 0 - CUDA_VISIBLE_DEVICES: [0]
