[I 2023-11-30 12:24:40,671] Trial 85 finished with value: 60.09220504760742 and parameters: {'gradient_clip_val': 0.21843834067891424, 'hidden_size': 65, 'dropout': 0.3668927145228393, 'hidden_continuous_size': 10, 'attention_head_size': 4, 'learning_rate': 0.01542332817942543}. Best is trial 76 with value: 46.023433685302734.
LOCAL_RANK: 0 - CUDA_VISIBLE_DEVICES: [0]
[I 2023-11-30 12:24:53,850] Trial 86 finished with value: 52.672176361083984 and parameters: {'gradient_clip_val': 0.24335935302757233, 'hidden_size': 74, 'dropout': 0.3439728372576351, 'hidden_continuous_size': 12, 'attention_head_size': 1, 'learning_rate': 0.03427128147944882}. Best is trial 76 with value: 46.023433685302734.
LOCAL_RANK: 0 - CUDA_VISIBLE_DEVICES: [0]
[I 2023-11-30 12:25:07,879] Trial 87 finished with value: 55.1670036315918 and parameters: {'gradient_clip_val': 0.30070940999639756, 'hidden_size': 127, 'dropout': 0.3573324267292778, 'hidden_continuous_size': 19, 'attention_head_size': 4, 'learning_rate': 0.03986402175823229}. Best is trial 76 with value: 46.023433685302734.
LOCAL_RANK: 0 - CUDA_VISIBLE_DEVICES: [0]
[I 2023-11-30 12:25:21,607] Trial 88 finished with value: 50.420196533203125 and parameters: {'gradient_clip_val': 0.23167962494797079, 'hidden_size': 95, 'dropout': 0.3159732071751235, 'hidden_continuous_size': 22, 'attention_head_size': 4, 'learning_rate': 0.017869306529925744}. Best is trial 76 with value: 46.023433685302734.
LOCAL_RANK: 0 - CUDA_VISIBLE_DEVICES: [0]
[I 2023-11-30 12:25:35,633] Trial 89 finished with value: 54.8303108215332 and parameters: {'gradient_clip_val': 0.20872108336221692, 'hidden_size': 82, 'dropout': 0.30065049922455656, 'hidden_continuous_size': 39, 'attention_head_size': 4, 'learning_rate': 0.044607462507471156}. Best is trial 76 with value: 46.023433685302734.
LOCAL_RANK: 0 - CUDA_VISIBLE_DEVICES: [0]
[I 2023-11-30 12:25:49,543] Trial 90 finished with value: 52.74690628051758 and parameters: {'gradient_clip_val': 0.22237994658064053, 'hidden_size': 108, 'dropout': 0.2919309068310527, 'hidden_continuous_size': 33, 'attention_head_size': 2, 'learning_rate': 0.051035815659470345}. Best is trial 76 with value: 46.023433685302734.
LOCAL_RANK: 0 - CUDA_VISIBLE_DEVICES: [0]
[I 2023-11-30 12:26:02,935] Trial 91 finished with value: 46.9202995300293 and parameters: {'gradient_clip_val': 0.19508207900808383, 'hidden_size': 59, 'dropout': 0.28235283346023504, 'hidden_continuous_size': 27, 'attention_head_size': 3, 'learning_rate': 0.03104275227721615}. Best is trial 76 with value: 46.023433685302734.
LOCAL_RANK: 0 - CUDA_VISIBLE_DEVICES: [0]
[I 2023-11-30 12:26:16,053] Trial 92 finished with value: 55.850528717041016 and parameters: {'gradient_clip_val': 0.18506070803191385, 'hidden_size': 57, 'dropout': 0.3083668555148187, 'hidden_continuous_size': 21, 'attention_head_size': 3, 'learning_rate': 0.02686878636575866}. Best is trial 76 with value: 46.023433685302734.
LOCAL_RANK: 0 - CUDA_VISIBLE_DEVICES: [0]
[I 2023-11-30 12:26:29,676] Trial 93 finished with value: 54.093048095703125 and parameters: {'gradient_clip_val': 0.19144072571278978, 'hidden_size': 86, 'dropout': 0.2900239678777137, 'hidden_continuous_size': 27, 'attention_head_size': 3, 'learning_rate': 0.03113789911708376}. Best is trial 76 with value: 46.023433685302734.
LOCAL_RANK: 0 - CUDA_VISIBLE_DEVICES: [0]
[I 2023-11-30 12:26:43,148] Trial 94 finished with value: 49.60679244995117 and parameters: {'gradient_clip_val': 0.2533728822697347, 'hidden_size': 76, 'dropout': 0.3481563184447459, 'hidden_continuous_size': 24, 'attention_head_size': 3, 'learning_rate': 0.021479453569713484}. Best is trial 76 with value: 46.023433685302734.
LOCAL_RANK: 0 - CUDA_VISIBLE_DEVICES: [0]
[I 2023-11-30 12:26:56,616] Trial 95 finished with value: 52.57260513305664 and parameters: {'gradient_clip_val': 0.2758908576648613, 'hidden_size': 71, 'dropout': 0.29828286274379334, 'hidden_continuous_size': 29, 'attention_head_size': 3, 'learning_rate': 0.024055987129693916}. Best is trial 76 with value: 46.023433685302734.
LOCAL_RANK: 0 - CUDA_VISIBLE_DEVICES: [0]
[I 2023-11-30 12:27:10,358] Trial 96 finished with value: 52.04825973510742 and parameters: {'gradient_clip_val': 0.1755183874491525, 'hidden_size': 93, 'dropout': 0.3195944101288155, 'hidden_continuous_size': 31, 'attention_head_size': 3, 'learning_rate': 0.03363790693058462}. Best is trial 76 with value: 46.023433685302734.
LOCAL_RANK: 0 - CUDA_VISIBLE_DEVICES: [0]
[I 2023-11-30 12:27:23,713] Trial 97 finished with value: 44.26650619506836 and parameters: {'gradient_clip_val': 0.19562482541779258, 'hidden_size': 68, 'dropout': 0.3359358390355366, 'hidden_continuous_size': 26, 'attention_head_size': 3, 'learning_rate': 0.04065264173504837}. Best is trial 97 with value: 44.26650619506836.
LOCAL_RANK: 0 - CUDA_VISIBLE_DEVICES: [0]
[I 2023-11-30 12:27:36,805] Trial 98 finished with value: 59.8647346496582 and parameters: {'gradient_clip_val': 0.1929581514745471, 'hidden_size': 64, 'dropout': 0.3369295360552187, 'hidden_continuous_size': 18, 'attention_head_size': 3, 'learning_rate': 0.04069243817706976}. Best is trial 97 with value: 44.26650619506836.
LOCAL_RANK: 0 - CUDA_VISIBLE_DEVICES: [0]
[I 2023-11-30 12:27:50,353] Trial 99 finished with value: 69.2989501953125 and parameters: {'gradient_clip_val': 0.20690782366553065, 'hidden_size': 80, 'dropout': 0.37709368953632916, 'hidden_continuous_size': 14, 'attention_head_size': 3, 'learning_rate': 0.05591941646088784}. Best is trial 97 with value: 44.26650619506836.
LOCAL_RANK: 0 - CUDA_VISIBLE_DEVICES: [0]
[I 2023-11-30 12:28:03,660] Trial 100 finished with value: 50.7819709777832 and parameters: {'gradient_clip_val': 0.1773836298334789, 'hidden_size': 68, 'dropout': 0.3499784019186578, 'hidden_continuous_size': 42, 'attention_head_size': 3, 'learning_rate': 0.04838123760585057}. Best is trial 97 with value: 44.26650619506836.
LOCAL_RANK: 0 - CUDA_VISIBLE_DEVICES: [0]
[I 2023-11-30 12:28:17,152] Trial 101 finished with value: 50.09865188598633 and parameters: {'gradient_clip_val': 0.2239225250795095, 'hidden_size': 73, 'dropout': 0.3282067466134615, 'hidden_continuous_size': 25, 'attention_head_size': 3, 'learning_rate': 0.03753418491585113}. Best is trial 97 with value: 44.26650619506836.
LOCAL_RANK: 0 - CUDA_VISIBLE_DEVICES: [0]
[I 2023-11-30 12:28:30,776] Trial 102 finished with value: 50.26188278198242 and parameters: {'gradient_clip_val': 0.23705545172940765, 'hidden_size': 84, 'dropout': 0.302722908892948, 'hidden_continuous_size': 28, 'attention_head_size': 3, 'learning_rate': 0.02852336882170223}. Best is trial 97 with value: 44.26650619506836.
LOCAL_RANK: 0 - CUDA_VISIBLE_DEVICES: [0]
[I 2023-11-30 12:28:44,550] Trial 103 finished with value: 57.32877731323242 and parameters: {'gradient_clip_val': 0.20217060422331581, 'hidden_size': 105, 'dropout': 0.3128243782181064, 'hidden_continuous_size': 23, 'attention_head_size': 3, 'learning_rate': 0.03189589447604409}. Best is trial 97 with value: 44.26650619506836.
LOCAL_RANK: 0 - CUDA_VISIBLE_DEVICES: [0]
[I 2023-11-30 12:28:58,881] Trial 104 finished with value: 48.77935791015625 and parameters: {'gradient_clip_val': 0.2124319625205898, 'hidden_size': 136, 'dropout': 0.35941218354627513, 'hidden_continuous_size': 35, 'attention_head_size': 4, 'learning_rate': 0.02684606011505271}. Best is trial 97 with value: 44.26650619506836.
LOCAL_RANK: 0 - CUDA_VISIBLE_DEVICES: [0]
[I 2023-11-30 12:29:12,729] Trial 105 finished with value: 51.62173080444336 and parameters: {'gradient_clip_val': 0.26072942501259955, 'hidden_size': 99, 'dropout': 0.3238521059059418, 'hidden_continuous_size': 21, 'attention_head_size': 3, 'learning_rate': 0.044693753599320256}. Best is trial 97 with value: 44.26650619506836.
LOCAL_RANK: 0 - CUDA_VISIBLE_DEVICES: [0]
[I 2023-11-30 12:29:26,198] Trial 106 finished with value: 55.91205978393555 and parameters: {'gradient_clip_val': 0.2473235980688005, 'hidden_size': 87, 'dropout': 0.2872986630959848, 'hidden_continuous_size': 26, 'attention_head_size': 2, 'learning_rate': 0.023778918793238332}. Best is trial 97 with value: 44.26650619506836.
LOCAL_RANK: 0 - CUDA_VISIBLE_DEVICES: [0]
[I 2023-11-30 12:29:40,098] Trial 107 finished with value: 51.2704963684082 and parameters: {'gradient_clip_val': 0.19360659945169384, 'hidden_size': 114, 'dropout': 0.34045885719667524, 'hidden_continuous_size': 27, 'attention_head_size': 3, 'learning_rate': 0.0344864236007165}. Best is trial 97 with value: 44.26650619506836.
LOCAL_RANK: 0 - CUDA_VISIBLE_DEVICES: [0]
[I 2023-11-30 12:29:53,818] Trial 108 finished with value: 47.36210632324219 and parameters: {'gradient_clip_val': 0.28930145037602256, 'hidden_size': 79, 'dropout': 0.2794489151520881, 'hidden_continuous_size': 20, 'attention_head_size': 3, 'learning_rate': 0.03814925341496131}. Best is trial 97 with value: 44.26650619506836.
LOCAL_RANK: 0 - CUDA_VISIBLE_DEVICES: [0]
[I 2023-11-30 12:30:07,038] Trial 109 finished with value: 63.47224044799805 and parameters: {'gradient_clip_val': 0.2904593479143008, 'hidden_size': 61, 'dropout': 0.2779412335924107, 'hidden_continuous_size': 20, 'attention_head_size': 3, 'learning_rate': 0.03869108761004202}. Best is trial 97 with value: 44.26650619506836.
LOCAL_RANK: 0 - CUDA_VISIBLE_DEVICES: [0]
[I 2023-11-30 12:30:20,411] Trial 110 finished with value: 58.74568557739258 and parameters: {'gradient_clip_val': 0.3198529347471044, 'hidden_size': 66, 'dropout': 0.33300064764517123, 'hidden_continuous_size': 18, 'attention_head_size': 3, 'learning_rate': 0.06383952004034477}. Best is trial 97 with value: 44.26650619506836.
LOCAL_RANK: 0 - CUDA_VISIBLE_DEVICES: [0]
[I 2023-11-30 12:30:33,744] Trial 111 finished with value: 56.38641357421875 and parameters: {'gradient_clip_val': 0.3408257811695937, 'hidden_size': 79, 'dropout': 0.2928380712324926, 'hidden_continuous_size': 22, 'attention_head_size': 3, 'learning_rate': 0.0294572599178875}. Best is trial 97 with value: 44.26650619506836.
LOCAL_RANK: 0 - CUDA_VISIBLE_DEVICES: [0]
[I 2023-11-30 12:30:47,234] Trial 112 finished with value: 52.751407623291016 and parameters: {'gradient_clip_val': 0.23283338658579456, 'hidden_size': 73, 'dropout': 0.27956712746331114, 'hidden_continuous_size': 25, 'attention_head_size': 3, 'learning_rate': 0.04233038281827955}. Best is trial 97 with value: 44.26650619506836.
LOCAL_RANK: 0 - CUDA_VISIBLE_DEVICES: [0]
[I 2023-11-30 12:31:00,940] Trial 113 finished with value: 49.411434173583984 and parameters: {'gradient_clip_val': 0.26931592714670927, 'hidden_size': 93, 'dropout': 0.2700217673811137, 'hidden_continuous_size': 23, 'attention_head_size': 3, 'learning_rate': 0.019174845721093466}. Best is trial 97 with value: 44.26650619506836.
LOCAL_RANK: 0 - CUDA_VISIBLE_DEVICES: [0]
[I 2023-11-30 12:31:14,470] Trial 114 finished with value: 46.225128173828125 and parameters: {'gradient_clip_val': 0.2971273423951938, 'hidden_size': 83, 'dropout': 0.30068962165173685, 'hidden_continuous_size': 26, 'attention_head_size': 3, 'learning_rate': 0.036526400751102236}. Best is trial 97 with value: 44.26650619506836.
LOCAL_RANK: 0 - CUDA_VISIBLE_DEVICES: [0]
[I 2023-11-30 12:31:28,211] Trial 115 finished with value: 52.87514114379883 and parameters: {'gradient_clip_val': 0.3119550469083718, 'hidden_size': 76, 'dropout': 0.317728751396669, 'hidden_continuous_size': 48, 'attention_head_size': 3, 'learning_rate': 0.03606924469021334}. Best is trial 97 with value: 44.26650619506836.
LOCAL_RANK: 0 - CUDA_VISIBLE_DEVICES: [0]
[I 2023-11-30 12:31:41,863] Trial 116 finished with value: 52.9282341003418 and parameters: {'gradient_clip_val': 0.29686087969096503, 'hidden_size': 69, 'dropout': 0.30705603791519626, 'hidden_continuous_size': 37, 'attention_head_size': 3, 'learning_rate': 0.04571307222072876}. Best is trial 97 with value: 44.26650619506836.
LOCAL_RANK: 0 - CUDA_VISIBLE_DEVICES: [0]
[I 2023-11-30 12:31:55,111] Trial 117 finished with value: 49.42222213745117 and parameters: {'gradient_clip_val': 0.2806697280390193, 'hidden_size': 57, 'dropout': 0.3004480830799492, 'hidden_continuous_size': 24, 'attention_head_size': 3, 'learning_rate': 0.052683721243433644}. Best is trial 97 with value: 44.26650619506836.
LOCAL_RANK: 0 - CUDA_VISIBLE_DEVICES: [0]
[I 2023-11-30 12:32:08,863] Trial 118 finished with value: 46.8973274230957 and parameters: {'gradient_clip_val': 0.2174378948571128, 'hidden_size': 81, 'dropout': 0.36738481895053526, 'hidden_continuous_size': 19, 'attention_head_size': 3, 'learning_rate': 0.03907046709208178}. Best is trial 97 with value: 44.26650619506836.
LOCAL_RANK: 0 - CUDA_VISIBLE_DEVICES: [0]
[I 2023-11-30 12:32:22,344] Trial 119 finished with value: 59.73555374145508 and parameters: {'gradient_clip_val': 0.32939126927113493, 'hidden_size': 81, 'dropout': 0.3679742259693605, 'hidden_continuous_size': 19, 'attention_head_size': 3, 'learning_rate': 0.041222180468902705}. Best is trial 97 with value: 44.26650619506836.
LOCAL_RANK: 0 - CUDA_VISIBLE_DEVICES: [0]
[I 2023-11-30 12:32:35,335] Trial 120 finished with value: 49.69610595703125 and parameters: {'gradient_clip_val': 0.36585412327090605, 'hidden_size': 67, 'dropout': 0.38297898273029707, 'hidden_continuous_size': 11, 'attention_head_size': 3, 'learning_rate': 0.031709000351019624}. Best is trial 97 with value: 44.26650619506836.
LOCAL_RANK: 0 - CUDA_VISIBLE_DEVICES: [0]
[I 2023-11-30 12:32:48,938] Trial 121 finished with value: 53.38994216918945 and parameters: {'gradient_clip_val': 0.22100077394301493, 'hidden_size': 87, 'dropout': 0.3893596966037446, 'hidden_continuous_size': 29, 'attention_head_size': 3, 'learning_rate': 0.03666303415522396}. Best is trial 97 with value: 44.26650619506836.
LOCAL_RANK: 0 - CUDA_VISIBLE_DEVICES: [0]
[I 2023-11-30 12:33:02,434] Trial 122 finished with value: 54.70591354370117 and parameters: {'gradient_clip_val': 0.2085853572006733, 'hidden_size': 79, 'dropout': 0.3965631576042113, 'hidden_continuous_size': 21, 'attention_head_size': 3, 'learning_rate': 0.04789037790577851}. Best is trial 97 with value: 44.26650619506836.
LOCAL_RANK: 0 - CUDA_VISIBLE_DEVICES: [0]
[I 2023-11-30 12:33:15,835] Trial 123 finished with value: 57.682857513427734 and parameters: {'gradient_clip_val': 0.19861355814075676, 'hidden_size': 73, 'dropout': 0.37572300689453264, 'hidden_continuous_size': 19, 'attention_head_size': 3, 'learning_rate': 0.031060977707033123}. Best is trial 97 with value: 44.26650619506836.
LOCAL_RANK: 0 - CUDA_VISIBLE_DEVICES: [0]
[I 2023-11-30 12:33:29,461] Trial 124 finished with value: 45.4671516418457 and parameters: {'gradient_clip_val': 0.2502308022216226, 'hidden_size': 88, 'dropout': 0.36251035128339626, 'hidden_continuous_size': 20, 'attention_head_size': 3, 'learning_rate': 0.03909816054128726}. Best is trial 97 with value: 44.26650619506836.
LOCAL_RANK: 0 - CUDA_VISIBLE_DEVICES: [0]
[I 2023-11-30 12:33:43,089] Trial 125 finished with value: 52.73521041870117 and parameters: {'gradient_clip_val': 0.24861695219444943, 'hidden_size': 90, 'dropout': 0.36346983296094965, 'hidden_continuous_size': 26, 'attention_head_size': 3, 'learning_rate': 0.026520515812954667}. Best is trial 97 with value: 44.26650619506836.
LOCAL_RANK: 0 - CUDA_VISIBLE_DEVICES: [0]
[I 2023-11-30 12:33:56,468] Trial 126 finished with value: 54.63105773925781 and parameters: {'gradient_clip_val': 0.2647430275896783, 'hidden_size': 84, 'dropout': 0.35541378377163235, 'hidden_continuous_size': 22, 'attention_head_size': 3, 'learning_rate': 0.059489859279383515}. Best is trial 97 with value: 44.26650619506836.
LOCAL_RANK: 0 - CUDA_VISIBLE_DEVICES: [0]
[I 2023-11-30 12:34:10,004] Trial 127 finished with value: 53.08079528808594 and parameters: {'gradient_clip_val': 0.27548671474313713, 'hidden_size': 93, 'dropout': 0.35051917736625743, 'hidden_continuous_size': 24, 'attention_head_size': 2, 'learning_rate': 0.039795823379258875}. Best is trial 97 with value: 44.26650619506836.
LOCAL_RANK: 0 - CUDA_VISIBLE_DEVICES: [0]
[I 2023-11-30 12:34:23,332] Trial 128 finished with value: 48.9383430480957 and parameters: {'gradient_clip_val': 0.30433038180552685, 'hidden_size': 76, 'dropout': 0.3737990377439596, 'hidden_continuous_size': 17, 'attention_head_size': 3, 'learning_rate': 0.05307345755706453}. Best is trial 97 with value: 44.26650619506836.
LOCAL_RANK: 0 - CUDA_VISIBLE_DEVICES: [0]
[I 2023-11-30 12:34:37,230] Trial 129 finished with value: 55.28823471069336 and parameters: {'gradient_clip_val': 0.2356364325211148, 'hidden_size': 99, 'dropout': 0.3454254876344998, 'hidden_continuous_size': 33, 'attention_head_size': 1, 'learning_rate': 0.03337712155855823}. Best is trial 97 with value: 44.26650619506836.
LOCAL_RANK: 0 - CUDA_VISIBLE_DEVICES: [0]
[I 2023-11-30 12:34:51,602] Trial 130 finished with value: 53.88545608520508 and parameters: {'gradient_clip_val': 0.2905182334818432, 'hidden_size': 124, 'dropout': 0.388847811748234, 'hidden_continuous_size': 86, 'attention_head_size': 3, 'learning_rate': 0.045474709638786}. Best is trial 97 with value: 44.26650619506836.
LOCAL_RANK: 0 - CUDA_VISIBLE_DEVICES: [0]
[I 2023-11-30 12:35:04,908] Trial 131 finished with value: 57.3131217956543 and parameters: {'gradient_clip_val': 0.21642037803852257, 'hidden_size': 63, 'dropout': 0.31250353144030335, 'hidden_continuous_size': 20, 'attention_head_size': 3, 'learning_rate': 0.036783712606263}. Best is trial 97 with value: 44.26650619506836.
LOCAL_RANK: 0 - CUDA_VISIBLE_DEVICES: [0]
[I 2023-11-30 12:35:18,953] Trial 132 finished with value: 60.23712158203125 and parameters: {'gradient_clip_val': 0.25912678002510287, 'hidden_size': 144, 'dropout': 0.36887110041024934, 'hidden_continuous_size': 20, 'attention_head_size': 3, 'learning_rate': 0.028654652293278148}. Best is trial 97 with value: 44.26650619506836.
LOCAL_RANK: 0 - CUDA_VISIBLE_DEVICES: [0]
[I 2023-11-30 12:35:32,417] Trial 133 finished with value: 53.978458404541016 and parameters: {'gradient_clip_val': 0.2276771938017679, 'hidden_size': 69, 'dropout': 0.33449942908308283, 'hidden_continuous_size': 21, 'attention_head_size': 3, 'learning_rate': 0.03447169470337517}. Best is trial 97 with value: 44.26650619506836.
LOCAL_RANK: 0 - CUDA_VISIBLE_DEVICES: [0]
[I 2023-11-30 12:35:46,186] Trial 134 finished with value: 45.5882453918457 and parameters: {'gradient_clip_val': 0.24372379249263112, 'hidden_size': 83, 'dropout': 0.2888708496003496, 'hidden_continuous_size': 23, 'attention_head_size': 3, 'learning_rate': 0.04261122470383833}. Best is trial 97 with value: 44.26650619506836.
LOCAL_RANK: 0 - CUDA_VISIBLE_DEVICES: [0]
[I 2023-11-30 12:35:59,636] Trial 135 finished with value: 49.0778923034668 and parameters: {'gradient_clip_val': 0.2666992137554674, 'hidden_size': 82, 'dropout': 0.2888743496001059, 'hidden_continuous_size': 16, 'attention_head_size': 3, 'learning_rate': 0.06868534161944952}. Best is trial 97 with value: 44.26650619506836.
LOCAL_RANK: 0 - CUDA_VISIBLE_DEVICES: [0]
[I 2023-11-30 12:36:13,215] Trial 136 finished with value: 52.87939453125 and parameters: {'gradient_clip_val': 0.2457017353310799, 'hidden_size': 85, 'dropout': 0.29665690416411294, 'hidden_continuous_size': 27, 'attention_head_size': 3, 'learning_rate': 0.048305896797861105}. Best is trial 97 with value: 44.26650619506836.
LOCAL_RANK: 0 - CUDA_VISIBLE_DEVICES: [0]
[I 2023-11-30 12:36:26,761] Trial 137 finished with value: 52.449520111083984 and parameters: {'gradient_clip_val': 0.2528698243621247, 'hidden_size': 77, 'dropout': 0.2839661777880824, 'hidden_continuous_size': 23, 'attention_head_size': 3, 'learning_rate': 0.04262820342293124}. Best is trial 97 with value: 44.26650619506836.
LOCAL_RANK: 0 - CUDA_VISIBLE_DEVICES: [0]
[I 2023-11-30 12:36:40,319] Trial 138 finished with value: 56.020721435546875 and parameters: {'gradient_clip_val': 0.3171286121324486, 'hidden_size': 96, 'dropout': 0.3608536722189984, 'hidden_continuous_size': 25, 'attention_head_size': 3, 'learning_rate': 0.05880926397340039}. Best is trial 97 with value: 44.26650619506836.
LOCAL_RANK: 0 - CUDA_VISIBLE_DEVICES: [0]
[I 2023-11-30 12:36:54,192] Trial 139 finished with value: 56.615264892578125 and parameters: {'gradient_clip_val': 0.28115611439480404, 'hidden_size': 89, 'dropout': 0.2727866888623867, 'hidden_continuous_size': 28, 'attention_head_size': 3, 'learning_rate': 0.022526783867132742}. Best is trial 97 with value: 44.26650619506836.
LOCAL_RANK: 0 - CUDA_VISIBLE_DEVICES: [0]
[I 2023-11-30 12:37:07,994] Trial 140 finished with value: 67.2355728149414 and parameters: {'gradient_clip_val': 0.23678641161404032, 'hidden_size': 108, 'dropout': 0.2927098523441083, 'hidden_continuous_size': 31, 'attention_head_size': 2, 'learning_rate': 0.0263450616860622}. Best is trial 97 with value: 44.26650619506836.
LOCAL_RANK: 0 - CUDA_VISIBLE_DEVICES: [0]
[I 2023-11-30 12:37:21,645] Trial 141 finished with value: 54.71138381958008 and parameters: {'gradient_clip_val': 0.17983081477170917, 'hidden_size': 71, 'dropout': 0.3028132549355903, 'hidden_continuous_size': 45, 'attention_head_size': 3, 'learning_rate': 0.040664311251541053}. Best is trial 97 with value: 44.26650619506836.
LOCAL_RANK: 0 - CUDA_VISIBLE_DEVICES: [0]
[I 2023-11-30 12:37:34,401] Trial 142 finished with value: 53.05338668823242 and parameters: {'gradient_clip_val': 0.21062597764183183, 'hidden_size': 33, 'dropout': 0.32486968912143105, 'hidden_continuous_size': 19, 'attention_head_size': 3, 'learning_rate': 0.03686996159934894}. Best is trial 97 with value: 44.26650619506836.
LOCAL_RANK: 0 - CUDA_VISIBLE_DEVICES: [0]
[I 2023-11-30 12:37:47,987] Trial 143 finished with value: 47.24253845214844 and parameters: {'gradient_clip_val': 0.18503576043741918, 'hidden_size': 81, 'dropout': 0.3087729326388768, 'hidden_continuous_size': 18, 'attention_head_size': 3, 'learning_rate': 0.08093142122252132}. Best is trial 97 with value: 44.26650619506836.
LOCAL_RANK: 0 - CUDA_VISIBLE_DEVICES: [0]
