[I 2023-11-29 21:39:25,757] Trial 107 finished with value: 142.4331817626953 and parameters: {'gradient_clip_val': 0.2080236814143307, 'hidden_size': 30, 'dropout': 0.36551184583081753, 'hidden_continuous_size': 13, 'attention_head_size': 1, 'learning_rate': 0.08952427905429339}. Best is trial 11 with value: 86.02294158935547.
LOCAL_RANK: 0 - CUDA_VISIBLE_DEVICES: [0]
[I 2023-11-29 21:39:37,801] Trial 108 finished with value: 141.68092346191406 and parameters: {'gradient_clip_val': 0.33021733213780996, 'hidden_size': 27, 'dropout': 0.3934471226333387, 'hidden_continuous_size': 12, 'attention_head_size': 1, 'learning_rate': 0.07460345524620265}. Best is trial 11 with value: 86.02294158935547.
LOCAL_RANK: 0 - CUDA_VISIBLE_DEVICES: [0]
[I 2023-11-29 21:39:50,216] Trial 109 finished with value: 169.24961853027344 and parameters: {'gradient_clip_val': 0.23974114980749206, 'hidden_size': 35, 'dropout': 0.38489655452373217, 'hidden_continuous_size': 11, 'attention_head_size': 1, 'learning_rate': 0.06830484676408567}. Best is trial 11 with value: 86.02294158935547.
LOCAL_RANK: 0 - CUDA_VISIBLE_DEVICES: [0]
[I 2023-11-29 21:40:02,367] Trial 110 finished with value: 114.6733627319336 and parameters: {'gradient_clip_val': 0.26404047309938067, 'hidden_size': 22, 'dropout': 0.3725941425720617, 'hidden_continuous_size': 12, 'attention_head_size': 3, 'learning_rate': 0.0425494940197734}. Best is trial 11 with value: 86.02294158935547.
LOCAL_RANK: 0 - CUDA_VISIBLE_DEVICES: [0]
[I 2023-11-29 21:40:15,338] Trial 111 finished with value: 112.38638305664062 and parameters: {'gradient_clip_val': 0.30947494249338076, 'hidden_size': 44, 'dropout': 0.29247878729604826, 'hidden_continuous_size': 25, 'attention_head_size': 2, 'learning_rate': 0.048967210981151914}. Best is trial 11 with value: 86.02294158935547.
LOCAL_RANK: 0 - CUDA_VISIBLE_DEVICES: [0]
[I 2023-11-29 21:40:27,923] Trial 112 finished with value: 131.0224609375 and parameters: {'gradient_clip_val': 0.40306095812446835, 'hidden_size': 39, 'dropout': 0.32305137412559526, 'hidden_continuous_size': 19, 'attention_head_size': 2, 'learning_rate': 0.024030505578328497}. Best is trial 11 with value: 86.02294158935547.
LOCAL_RANK: 0 - CUDA_VISIBLE_DEVICES: [0]
[I 2023-11-29 21:40:40,352] Trial 113 finished with value: 110.6920166015625 and parameters: {'gradient_clip_val': 0.2932211840246299, 'hidden_size': 31, 'dropout': 0.29918656653287573, 'hidden_continuous_size': 17, 'attention_head_size': 2, 'learning_rate': 0.020202814773189786}. Best is trial 11 with value: 86.02294158935547.
LOCAL_RANK: 0 - CUDA_VISIBLE_DEVICES: [0]
[I 2023-11-29 21:40:53,250] Trial 114 finished with value: 116.35781860351562 and parameters: {'gradient_clip_val': 0.3192321549865702, 'hidden_size': 46, 'dropout': 0.3052703816418469, 'hidden_continuous_size': 14, 'attention_head_size': 4, 'learning_rate': 0.037002411872223244}. Best is trial 11 with value: 86.02294158935547.
LOCAL_RANK: 0 - CUDA_VISIBLE_DEVICES: [0]
[I 2023-11-29 21:41:05,937] Trial 115 finished with value: 132.26036071777344 and parameters: {'gradient_clip_val': 0.3432410407395047, 'hidden_size': 33, 'dropout': 0.33395952343711754, 'hidden_continuous_size': 18, 'attention_head_size': 3, 'learning_rate': 0.028003090841185272}. Best is trial 11 with value: 86.02294158935547.
LOCAL_RANK: 0 - CUDA_VISIBLE_DEVICES: [0]
[I 2023-11-29 21:41:18,877] Trial 116 finished with value: 109.75281524658203 and parameters: {'gradient_clip_val': 0.2517786967549249, 'hidden_size': 49, 'dropout': 0.35936623255461264, 'hidden_continuous_size': 16, 'attention_head_size': 1, 'learning_rate': 0.06328920316379347}. Best is trial 11 with value: 86.02294158935547.
LOCAL_RANK: 0 - CUDA_VISIBLE_DEVICES: [0]
[I 2023-11-29 21:41:31,154] Trial 117 finished with value: 128.4542694091797 and parameters: {'gradient_clip_val': 0.42563686729010747, 'hidden_size': 29, 'dropout': 0.3191859109074984, 'hidden_continuous_size': 10, 'attention_head_size': 2, 'learning_rate': 0.057786298178901456}. Best is trial 11 with value: 86.02294158935547.
LOCAL_RANK: 0 - CUDA_VISIBLE_DEVICES: [0]
[I 2023-11-29 21:41:43,062] Trial 118 finished with value: 107.0134048461914 and parameters: {'gradient_clip_val': 0.38617448665314236, 'hidden_size': 24, 'dropout': 0.354511919379759, 'hidden_continuous_size': 13, 'attention_head_size': 1, 'learning_rate': 0.040979666392733864}. Best is trial 11 with value: 86.02294158935547.
LOCAL_RANK: 0 - CUDA_VISIBLE_DEVICES: [0]
[I 2023-11-29 21:41:55,336] Trial 119 finished with value: 90.57238006591797 and parameters: {'gradient_clip_val': 0.27857726828534773, 'hidden_size': 26, 'dropout': 0.2792147548415924, 'hidden_continuous_size': 17, 'attention_head_size': 2, 'learning_rate': 0.025580634455041953}. Best is trial 11 with value: 86.02294158935547.
LOCAL_RANK: 0 - CUDA_VISIBLE_DEVICES: [0]
[I 2023-11-29 21:42:07,670] Trial 120 finished with value: 119.42554473876953 and parameters: {'gradient_clip_val': 0.2766409056958374, 'hidden_size': 26, 'dropout': 0.27146787385398674, 'hidden_continuous_size': 12, 'attention_head_size': 3, 'learning_rate': 0.045706753998938233}. Best is trial 11 with value: 86.02294158935547.
LOCAL_RANK: 0 - CUDA_VISIBLE_DEVICES: [0]
[I 2023-11-29 21:42:19,942] Trial 121 finished with value: 130.92413330078125 and parameters: {'gradient_clip_val': 0.3638805745722908, 'hidden_size': 28, 'dropout': 0.3038708879563627, 'hidden_continuous_size': 17, 'attention_head_size': 2, 'learning_rate': 0.030672398579098592}. Best is trial 11 with value: 86.02294158935547.
LOCAL_RANK: 0 - CUDA_VISIBLE_DEVICES: [0]
[I 2023-11-29 21:42:31,915] Trial 122 finished with value: 98.7366943359375 and parameters: {'gradient_clip_val': 0.30032484067530385, 'hidden_size': 24, 'dropout': 0.2865290779957472, 'hidden_continuous_size': 18, 'attention_head_size': 2, 'learning_rate': 0.025882491157771012}. Best is trial 11 with value: 86.02294158935547.
LOCAL_RANK: 0 - CUDA_VISIBLE_DEVICES: [0]
[I 2023-11-29 21:42:44,322] Trial 123 finished with value: 160.90829467773438 and parameters: {'gradient_clip_val': 0.285135247214483, 'hidden_size': 32, 'dropout': 0.31463240321497904, 'hidden_continuous_size': 19, 'attention_head_size': 2, 'learning_rate': 0.05139775861466196}. Best is trial 11 with value: 86.02294158935547.
LOCAL_RANK: 0 - CUDA_VISIBLE_DEVICES: [0]
[I 2023-11-29 21:42:56,881] Trial 124 finished with value: 218.45375061035156 and parameters: {'gradient_clip_val': 0.23507233326774715, 'hidden_size': 35, 'dropout': 0.2922159868608043, 'hidden_continuous_size': 17, 'attention_head_size': 2, 'learning_rate': 0.023358431148089876}. Best is trial 11 with value: 86.02294158935547.
LOCAL_RANK: 0 - CUDA_VISIBLE_DEVICES: [0]
[I 2023-11-29 21:43:09,615] Trial 125 finished with value: 169.51153564453125 and parameters: {'gradient_clip_val': 0.2612631935345777, 'hidden_size': 30, 'dropout': 0.28515936740916303, 'hidden_continuous_size': 21, 'attention_head_size': 2, 'learning_rate': 0.021063526028607962}. Best is trial 11 with value: 86.02294158935547.
LOCAL_RANK: 0 - CUDA_VISIBLE_DEVICES: [0]
[I 2023-11-29 21:43:22,199] Trial 126 finished with value: 96.86908721923828 and parameters: {'gradient_clip_val': 0.22241673160950035, 'hidden_size': 37, 'dropout': 0.3886112129753744, 'hidden_continuous_size': 15, 'attention_head_size': 1, 'learning_rate': 0.018528694684257434}. Best is trial 11 with value: 86.02294158935547.
LOCAL_RANK: 0 - CUDA_VISIBLE_DEVICES: [0]
[I 2023-11-29 21:43:34,555] Trial 127 finished with value: 97.28450775146484 and parameters: {'gradient_clip_val': 0.21824877090814773, 'hidden_size': 40, 'dropout': 0.39074396094485864, 'hidden_continuous_size': 15, 'attention_head_size': 1, 'learning_rate': 0.019449941785601648}. Best is trial 11 with value: 86.02294158935547.
LOCAL_RANK: 0 - CUDA_VISIBLE_DEVICES: [0]
[I 2023-11-29 21:43:47,149] Trial 128 finished with value: 155.00125122070312 and parameters: {'gradient_clip_val': 0.2061518861144277, 'hidden_size': 38, 'dropout': 0.3809786702922138, 'hidden_continuous_size': 14, 'attention_head_size': 1, 'learning_rate': 0.018198397370156185}. Best is trial 11 with value: 86.02294158935547.
LOCAL_RANK: 0 - CUDA_VISIBLE_DEVICES: [0]
[I 2023-11-29 21:43:59,553] Trial 129 finished with value: 105.06444549560547 and parameters: {'gradient_clip_val': 0.1902298610189146, 'hidden_size': 34, 'dropout': 0.36666088006990627, 'hidden_continuous_size': 11, 'attention_head_size': 1, 'learning_rate': 0.03441292366964357}. Best is trial 11 with value: 86.02294158935547.
LOCAL_RANK: 0 - CUDA_VISIBLE_DEVICES: [0]
[I 2023-11-29 21:44:11,864] Trial 130 finished with value: 106.3822250366211 and parameters: {'gradient_clip_val': 0.24459218391024176, 'hidden_size': 26, 'dropout': 0.3750032267818298, 'hidden_continuous_size': 13, 'attention_head_size': 1, 'learning_rate': 0.03925246772082722}. Best is trial 11 with value: 86.02294158935547.
LOCAL_RANK: 0 - CUDA_VISIBLE_DEVICES: [0]
[I 2023-11-29 21:44:24,696] Trial 131 finished with value: 98.78399658203125 and parameters: {'gradient_clip_val': 0.22203240377658645, 'hidden_size': 39, 'dropout': 0.39274827088597186, 'hidden_continuous_size': 16, 'attention_head_size': 1, 'learning_rate': 0.024728093034374832}. Best is trial 11 with value: 86.02294158935547.
LOCAL_RANK: 0 - CUDA_VISIBLE_DEVICES: [0]
[I 2023-11-29 21:44:37,051] Trial 132 finished with value: 104.93013763427734 and parameters: {'gradient_clip_val': 0.20029412044604478, 'hidden_size': 37, 'dropout': 0.38862807307085534, 'hidden_continuous_size': 15, 'attention_head_size': 1, 'learning_rate': 0.017697220644585065}. Best is trial 11 with value: 86.02294158935547.
LOCAL_RANK: 0 - CUDA_VISIBLE_DEVICES: [0]
[I 2023-11-29 21:44:49,636] Trial 133 finished with value: 138.9955291748047 and parameters: {'gradient_clip_val': 0.21849155557035527, 'hidden_size': 41, 'dropout': 0.39567312745560357, 'hidden_continuous_size': 14, 'attention_head_size': 1, 'learning_rate': 0.015370178082199693}. Best is trial 11 with value: 86.02294158935547.
LOCAL_RANK: 0 - CUDA_VISIBLE_DEVICES: [0]
[I 2023-11-29 21:45:01,723] Trial 134 finished with value: 170.5814971923828 and parameters: {'gradient_clip_val': 0.22670484104026192, 'hidden_size': 32, 'dropout': 0.3999392741080126, 'hidden_continuous_size': 15, 'attention_head_size': 1, 'learning_rate': 0.01966075766088795}. Best is trial 11 with value: 86.02294158935547.
LOCAL_RANK: 0 - CUDA_VISIBLE_DEVICES: [0]
[I 2023-11-29 21:45:13,905] Trial 135 finished with value: 105.79973602294922 and parameters: {'gradient_clip_val': 0.21106920079399566, 'hidden_size': 28, 'dropout': 0.3817824048289782, 'hidden_continuous_size': 16, 'attention_head_size': 1, 'learning_rate': 0.022261638580080866}. Best is trial 11 with value: 86.02294158935547.
LOCAL_RANK: 0 - CUDA_VISIBLE_DEVICES: [0]
[I 2023-11-29 21:45:26,521] Trial 136 finished with value: 102.1648178100586 and parameters: {'gradient_clip_val': 0.18059377576312172, 'hidden_size': 36, 'dropout': 0.36210636253128203, 'hidden_continuous_size': 15, 'attention_head_size': 1, 'learning_rate': 0.02923709048716902}. Best is trial 11 with value: 86.02294158935547.
LOCAL_RANK: 0 - CUDA_VISIBLE_DEVICES: [0]
[I 2023-11-29 21:45:38,644] Trial 137 finished with value: 127.89908599853516 and parameters: {'gradient_clip_val': 0.2576291939458812, 'hidden_size': 23, 'dropout': 0.38764830345880624, 'hidden_continuous_size': 15, 'attention_head_size': 1, 'learning_rate': 0.054137171654843594}. Best is trial 11 with value: 86.02294158935547.
LOCAL_RANK: 0 - CUDA_VISIBLE_DEVICES: [0]
[I 2023-11-29 21:45:51,037] Trial 138 finished with value: 92.8922119140625 and parameters: {'gradient_clip_val': 0.23255596155798733, 'hidden_size': 31, 'dropout': 0.3739304439771847, 'hidden_continuous_size': 16, 'attention_head_size': 1, 'learning_rate': 0.027204985107964822}. Best is trial 11 with value: 86.02294158935547.
LOCAL_RANK: 0 - CUDA_VISIBLE_DEVICES: [0]
[I 2023-11-29 21:46:03,509] Trial 139 finished with value: 134.19898986816406 and parameters: {'gradient_clip_val': 0.2359253955758852, 'hidden_size': 29, 'dropout': 0.37205314514852345, 'hidden_continuous_size': 16, 'attention_head_size': 3, 'learning_rate': 0.032658134677661675}. Best is trial 11 with value: 86.02294158935547.
LOCAL_RANK: 0 - CUDA_VISIBLE_DEVICES: [0]
[I 2023-11-29 21:46:15,793] Trial 140 finished with value: 107.6126708984375 and parameters: {'gradient_clip_val': 0.24555559011685987, 'hidden_size': 31, 'dropout': 0.34851356297658076, 'hidden_continuous_size': 17, 'attention_head_size': 1, 'learning_rate': 0.02767179180681453}. Best is trial 11 with value: 86.02294158935547.
LOCAL_RANK: 0 - CUDA_VISIBLE_DEVICES: [0]
[I 2023-11-29 21:46:28,520] Trial 141 finished with value: 94.44153594970703 and parameters: {'gradient_clip_val': 0.26786715010003287, 'hidden_size': 34, 'dropout': 0.377108709005123, 'hidden_continuous_size': 17, 'attention_head_size': 1, 'learning_rate': 0.021645625811377436}. Best is trial 11 with value: 86.02294158935547.
LOCAL_RANK: 0 - CUDA_VISIBLE_DEVICES: [0]
[I 2023-11-29 21:46:40,953] Trial 142 finished with value: 123.77176666259766 and parameters: {'gradient_clip_val': 0.2728278011954747, 'hidden_size': 34, 'dropout': 0.36786114359536165, 'hidden_continuous_size': 17, 'attention_head_size': 1, 'learning_rate': 0.02509061189927724}. Best is trial 11 with value: 86.02294158935547.
LOCAL_RANK: 0 - CUDA_VISIBLE_DEVICES: [0]
[I 2023-11-29 21:46:53,127] Trial 143 finished with value: 112.4104995727539 and parameters: {'gradient_clip_val': 0.28895104936565225, 'hidden_size': 27, 'dropout': 0.3768748364749932, 'hidden_continuous_size': 12, 'attention_head_size': 1, 'learning_rate': 0.04583899326952349}. Best is trial 11 with value: 86.02294158935547.
LOCAL_RANK: 0 - CUDA_VISIBLE_DEVICES: [0]
[I 2023-11-29 21:47:05,264] Trial 144 finished with value: 188.3655548095703 and parameters: {'gradient_clip_val': 0.2638430287826465, 'hidden_size': 32, 'dropout': 0.35252002707616964, 'hidden_continuous_size': 16, 'attention_head_size': 1, 'learning_rate': 0.02165544017422426}. Best is trial 11 with value: 86.02294158935547.
LOCAL_RANK: 0 - CUDA_VISIBLE_DEVICES: [0]
[I 2023-11-29 21:47:17,468] Trial 145 finished with value: 153.13136291503906 and parameters: {'gradient_clip_val': 0.3164394018817467, 'hidden_size': 30, 'dropout': 0.3607264471924252, 'hidden_continuous_size': 10, 'attention_head_size': 1, 'learning_rate': 0.06420149906776307}. Best is trial 11 with value: 86.02294158935547.
LOCAL_RANK: 0 - CUDA_VISIBLE_DEVICES: [0]
[I 2023-11-29 21:47:30,165] Trial 146 finished with value: 114.6195068359375 and parameters: {'gradient_clip_val': 0.23190449455882353, 'hidden_size': 35, 'dropout': 0.3402349920736575, 'hidden_continuous_size': 13, 'attention_head_size': 1, 'learning_rate': 0.0790073049679047}. Best is trial 11 with value: 86.02294158935547.
LOCAL_RANK: 0 - CUDA_VISIBLE_DEVICES: [0]
[I 2023-11-29 21:47:42,596] Trial 147 finished with value: 101.4303970336914 and parameters: {'gradient_clip_val': 0.2521756378649236, 'hidden_size': 33, 'dropout': 0.3846398868186492, 'hidden_continuous_size': 17, 'attention_head_size': 1, 'learning_rate': 0.02679272047838439}. Best is trial 11 with value: 86.02294158935547.
LOCAL_RANK: 0 - CUDA_VISIBLE_DEVICES: [0]
[I 2023-11-29 21:47:54,841] Trial 148 finished with value: 109.192626953125 and parameters: {'gradient_clip_val': 0.3061597595803428, 'hidden_size': 25, 'dropout': 0.3707843293235114, 'hidden_continuous_size': 12, 'attention_head_size': 3, 'learning_rate': 0.038177281427356234}. Best is trial 11 with value: 86.02294158935547.
LOCAL_RANK: 0 - CUDA_VISIBLE_DEVICES: [0]
[I 2023-11-29 21:48:07,354] Trial 149 finished with value: 122.50858306884766 and parameters: {'gradient_clip_val': 0.2750909073271215, 'hidden_size': 28, 'dropout': 0.27992509575356517, 'hidden_continuous_size': 18, 'attention_head_size': 4, 'learning_rate': 0.055338696508859496}. Best is trial 11 with value: 86.02294158935547.
[I 2023-11-29 21:48:07,465] A new study created in memory with name: no-name-28f1c8eb-812c-470c-9f01-53569db5b0b5
/home/le004/conda/anaconda3/envs/tsff_env/lib/python3.9/site-packages/lightning/fabric/plugins/environments/slurm.py:191: The `srun` command is available on your system but is not used. HINT: If your intention is to run Lightning on SLURM, prepend your python command with `srun` like so: srun python /home/le004/master_thesis/git/TSFusionForecast/code/ ...
LOCAL_RANK: 0 - CUDA_VISIBLE_DEVICES: [0]
[I 2023-11-29 21:48:19,438] Trial 0 finished with value: 418.5899353027344 and parameters: {'gradient_clip_val': 0.8442364832522778, 'hidden_size': 11, 'dropout': 0.29746071436480315, 'hidden_continuous_size': 10, 'attention_head_size': 2, 'learning_rate': 0.00545418965586812}. Best is trial 0 with value: 418.5899353027344.
LOCAL_RANK: 0 - CUDA_VISIBLE_DEVICES: [0]
[I 2023-11-29 21:48:32,834] Trial 1 finished with value: 125.752197265625 and parameters: {'gradient_clip_val': 0.4737441980635749, 'hidden_size': 95, 'dropout': 0.15361912251920773, 'hidden_continuous_size': 10, 'attention_head_size': 2, 'learning_rate': 0.0337667738683231}. Best is trial 1 with value: 125.752197265625.
LOCAL_RANK: 0 - CUDA_VISIBLE_DEVICES: [0]
[I 2023-11-29 21:48:44,978] Trial 2 finished with value: 223.4816436767578 and parameters: {'gradient_clip_val': 0.16837905974226652, 'hidden_size': 14, 'dropout': 0.3409881912474275, 'hidden_continuous_size': 10, 'attention_head_size': 4, 'learning_rate': 0.009319847461588114}. Best is trial 1 with value: 125.752197265625.
LOCAL_RANK: 0 - CUDA_VISIBLE_DEVICES: [0]
[I 2023-11-29 21:48:56,845] Trial 3 finished with value: 496.2848815917969 and parameters: {'gradient_clip_val': 0.11892439836601826, 'hidden_size': 16, 'dropout': 0.1930201743807019, 'hidden_continuous_size': 15, 'attention_head_size': 2, 'learning_rate': 0.002714484098778262}. Best is trial 1 with value: 125.752197265625.
LOCAL_RANK: 0 - CUDA_VISIBLE_DEVICES: [0]
[I 2023-11-29 21:49:09,772] Trial 4 finished with value: 170.38377380371094 and parameters: {'gradient_clip_val': 0.7930975224901434, 'hidden_size': 44, 'dropout': 0.18533704919112307, 'hidden_continuous_size': 38, 'attention_head_size': 1, 'learning_rate': 0.004773683859660259}. Best is trial 1 with value: 125.752197265625.
LOCAL_RANK: 0 - CUDA_VISIBLE_DEVICES: [0]
[I 2023-11-29 21:49:21,792] Trial 5 finished with value: 631.155517578125 and parameters: {'gradient_clip_val': 0.3708225061713669, 'hidden_size': 13, 'dropout': 0.27818108577431144, 'hidden_continuous_size': 12, 'attention_head_size': 2, 'learning_rate': 0.0012988343466766004}. Best is trial 1 with value: 125.752197265625.
LOCAL_RANK: 0 - CUDA_VISIBLE_DEVICES: [0]
[I 2023-11-29 21:49:33,921] Trial 6 finished with value: 539.3355712890625 and parameters: {'gradient_clip_val': 0.8761340523561351, 'hidden_size': 24, 'dropout': 0.29089163454998046, 'hidden_continuous_size': 18, 'attention_head_size': 1, 'learning_rate': 0.0013338681357083243}. Best is trial 1 with value: 125.752197265625.
LOCAL_RANK: 0 - CUDA_VISIBLE_DEVICES: [0]
[I 2023-11-29 21:49:47,460] Trial 7 finished with value: 215.6905517578125 and parameters: {'gradient_clip_val': 0.11464133141754526, 'hidden_size': 86, 'dropout': 0.30196679335777576, 'hidden_continuous_size': 20, 'attention_head_size': 3, 'learning_rate': 0.0034669344932896215}. Best is trial 1 with value: 125.752197265625.
LOCAL_RANK: 0 - CUDA_VISIBLE_DEVICES: [0]
[I 2023-11-29 21:50:00,055] Trial 8 finished with value: 122.80059814453125 and parameters: {'gradient_clip_val': 0.7979336364370704, 'hidden_size': 39, 'dropout': 0.11481278224647488, 'hidden_continuous_size': 14, 'attention_head_size': 2, 'learning_rate': 0.043431513802058556}. Best is trial 8 with value: 122.80059814453125.
LOCAL_RANK: 0 - CUDA_VISIBLE_DEVICES: [0]
[I 2023-11-29 21:50:10,036] Trial 9 finished with value: 371.88134765625 and parameters: {'gradient_clip_val': 0.6254401322350484, 'hidden_size': 11, 'dropout': 0.27630718468645904, 'hidden_continuous_size': 11, 'attention_head_size': 1, 'learning_rate': 0.004150914801485899}. Best is trial 8 with value: 122.80059814453125.
LOCAL_RANK: 0 - CUDA_VISIBLE_DEVICES: [0]
[I 2023-11-29 21:50:23,377] Trial 10 finished with value: 130.65078735351562 and parameters: {'gradient_clip_val': 0.26039547359282317, 'hidden_size': 50, 'dropout': 0.1071423356966617, 'hidden_continuous_size': 26, 'attention_head_size': 4, 'learning_rate': 0.08353304332936747}. Best is trial 8 with value: 122.80059814453125.
LOCAL_RANK: 0 - CUDA_VISIBLE_DEVICES: [0]
[I 2023-11-29 21:50:37,891] Trial 11 finished with value: 122.8745346069336 and parameters: {'gradient_clip_val': 0.5039729494657716, 'hidden_size': 137, 'dropout': 0.10131876038796542, 'hidden_continuous_size': 69, 'attention_head_size': 3, 'learning_rate': 0.04097908874940004}. Best is trial 8 with value: 122.80059814453125.
LOCAL_RANK: 0 - CUDA_VISIBLE_DEVICES: [0]
[I 2023-11-29 21:50:52,389] Trial 12 finished with value: 122.23738861083984 and parameters: {'gradient_clip_val': 0.5338278152851249, 'hidden_size': 143, 'dropout': 0.12020870187453524, 'hidden_continuous_size': 70, 'attention_head_size': 3, 'learning_rate': 0.026954251211041735}. Best is trial 12 with value: 122.23738861083984.
LOCAL_RANK: 0 - CUDA_VISIBLE_DEVICES: [0]
[I 2023-11-29 21:51:04,805] Trial 13 finished with value: 133.8641357421875 and parameters: {'gradient_clip_val': 0.6030494793707774, 'hidden_size': 29, 'dropout': 0.21859799818162204, 'hidden_continuous_size': 14, 'attention_head_size': 3, 'learning_rate': 0.0237208008464539}. Best is trial 12 with value: 122.23738861083984.
LOCAL_RANK: 0 - CUDA_VISIBLE_DEVICES: [0]
