[I 2023-11-30 08:04:21,789] Trial 119 finished with value: 130.59056091308594 and parameters: {'gradient_clip_val': 0.2440272948654013, 'hidden_size': 66, 'dropout': 0.15542995433677326, 'hidden_continuous_size': 20, 'attention_head_size': 4, 'learning_rate': 0.040258820377237395}. Best is trial 94 with value: 116.36099243164062.
LOCAL_RANK: 0 - CUDA_VISIBLE_DEVICES: [0]
[I 2023-11-30 08:04:34,687] Trial 120 finished with value: 128.8639678955078 and parameters: {'gradient_clip_val': 0.14135301961975924, 'hidden_size': 56, 'dropout': 0.18645536045284555, 'hidden_continuous_size': 22, 'attention_head_size': 1, 'learning_rate': 0.06931084962372147}. Best is trial 94 with value: 116.36099243164062.
LOCAL_RANK: 0 - CUDA_VISIBLE_DEVICES: [0]
[I 2023-11-30 08:04:47,725] Trial 121 finished with value: 133.48223876953125 and parameters: {'gradient_clip_val': 0.18498705528127724, 'hidden_size': 46, 'dropout': 0.11320948106160145, 'hidden_continuous_size': 23, 'attention_head_size': 3, 'learning_rate': 0.07411200289799721}. Best is trial 94 with value: 116.36099243164062.
LOCAL_RANK: 0 - CUDA_VISIBLE_DEVICES: [0]
[I 2023-11-30 08:05:00,671] Trial 122 finished with value: 133.2439422607422 and parameters: {'gradient_clip_val': 0.21678353414641455, 'hidden_size': 43, 'dropout': 0.12205898980758575, 'hidden_continuous_size': 24, 'attention_head_size': 3, 'learning_rate': 0.09258721249611891}. Best is trial 94 with value: 116.36099243164062.
LOCAL_RANK: 0 - CUDA_VISIBLE_DEVICES: [0]
[I 2023-11-30 08:05:13,694] Trial 123 finished with value: 126.9122543334961 and parameters: {'gradient_clip_val': 0.16559463484186165, 'hidden_size': 48, 'dropout': 0.10616258567280723, 'hidden_continuous_size': 25, 'attention_head_size': 3, 'learning_rate': 0.05250009601824765}. Best is trial 94 with value: 116.36099243164062.
LOCAL_RANK: 0 - CUDA_VISIBLE_DEVICES: [0]
[I 2023-11-30 08:05:26,439] Trial 124 finished with value: 140.07630920410156 and parameters: {'gradient_clip_val': 0.17448883940755727, 'hidden_size': 40, 'dropout': 0.13183203502830948, 'hidden_continuous_size': 21, 'attention_head_size': 3, 'learning_rate': 0.046623883828715115}. Best is trial 94 with value: 116.36099243164062.
LOCAL_RANK: 0 - CUDA_VISIBLE_DEVICES: [0]
[I 2023-11-30 08:05:39,562] Trial 125 finished with value: 133.23158264160156 and parameters: {'gradient_clip_val': 0.1991318282168497, 'hidden_size': 60, 'dropout': 0.1197143966214296, 'hidden_continuous_size': 16, 'attention_head_size': 3, 'learning_rate': 0.05926892886766344}. Best is trial 94 with value: 116.36099243164062.
LOCAL_RANK: 0 - CUDA_VISIBLE_DEVICES: [0]
[I 2023-11-30 08:05:52,450] Trial 126 finished with value: 122.51522064208984 and parameters: {'gradient_clip_val': 0.11624260615955165, 'hidden_size': 52, 'dropout': 0.1130927861531184, 'hidden_continuous_size': 23, 'attention_head_size': 3, 'learning_rate': 0.0826514113101546}. Best is trial 94 with value: 116.36099243164062.
LOCAL_RANK: 0 - CUDA_VISIBLE_DEVICES: [0]
[I 2023-11-30 08:06:05,778] Trial 127 finished with value: 143.22442626953125 and parameters: {'gradient_clip_val': 0.1178091311079397, 'hidden_size': 63, 'dropout': 0.11117581544695174, 'hidden_continuous_size': 26, 'attention_head_size': 3, 'learning_rate': 0.08522204325227163}. Best is trial 94 with value: 116.36099243164062.
LOCAL_RANK: 0 - CUDA_VISIBLE_DEVICES: [0]
[I 2023-11-30 08:06:19,014] Trial 128 finished with value: 128.01329040527344 and parameters: {'gradient_clip_val': 0.10020452688421365, 'hidden_size': 51, 'dropout': 0.10122915202534057, 'hidden_continuous_size': 27, 'attention_head_size': 2, 'learning_rate': 0.0662495223104836}. Best is trial 94 with value: 116.36099243164062.
LOCAL_RANK: 0 - CUDA_VISIBLE_DEVICES: [0]
[I 2023-11-30 08:06:32,052] Trial 129 finished with value: 148.85850524902344 and parameters: {'gradient_clip_val': 0.11205195784783331, 'hidden_size': 54, 'dropout': 0.13770203262015318, 'hidden_continuous_size': 24, 'attention_head_size': 1, 'learning_rate': 0.09966397107749736}. Best is trial 94 with value: 116.36099243164062.
LOCAL_RANK: 0 - CUDA_VISIBLE_DEVICES: [0]
[I 2023-11-30 08:06:44,825] Trial 130 finished with value: 171.1646270751953 and parameters: {'gradient_clip_val': 0.25449939004043576, 'hidden_size': 33, 'dropout': 0.12752031668994732, 'hidden_continuous_size': 18, 'attention_head_size': 3, 'learning_rate': 0.04288130788423413}. Best is trial 94 with value: 116.36099243164062.
LOCAL_RANK: 0 - CUDA_VISIBLE_DEVICES: [0]
[I 2023-11-30 08:06:57,713] Trial 131 finished with value: 148.57577514648438 and parameters: {'gradient_clip_val': 0.10723099065167088, 'hidden_size': 45, 'dropout': 0.11625351592479449, 'hidden_continuous_size': 22, 'attention_head_size': 3, 'learning_rate': 0.07451445444782703}. Best is trial 94 with value: 116.36099243164062.
LOCAL_RANK: 0 - CUDA_VISIBLE_DEVICES: [0]
[I 2023-11-30 08:07:10,489] Trial 132 finished with value: 130.73451232910156 and parameters: {'gradient_clip_val': 0.2089778145126194, 'hidden_size': 48, 'dropout': 0.10901006286587293, 'hidden_continuous_size': 23, 'attention_head_size': 3, 'learning_rate': 0.08369578355799567}. Best is trial 94 with value: 116.36099243164062.
LOCAL_RANK: 0 - CUDA_VISIBLE_DEVICES: [0]
[I 2023-11-30 08:07:23,554] Trial 133 finished with value: 134.5928497314453 and parameters: {'gradient_clip_val': 0.22348813198043155, 'hidden_size': 42, 'dropout': 0.10020149285829959, 'hidden_continuous_size': 25, 'attention_head_size': 3, 'learning_rate': 0.06282824139862801}. Best is trial 94 with value: 116.36099243164062.
LOCAL_RANK: 0 - CUDA_VISIBLE_DEVICES: [0]
[I 2023-11-30 08:07:36,719] Trial 134 finished with value: 131.58082580566406 and parameters: {'gradient_clip_val': 0.12151727198310255, 'hidden_size': 58, 'dropout': 0.1815752248020546, 'hidden_continuous_size': 21, 'attention_head_size': 3, 'learning_rate': 0.07582075616229286}. Best is trial 94 with value: 116.36099243164062.
LOCAL_RANK: 0 - CUDA_VISIBLE_DEVICES: [0]
[I 2023-11-30 08:07:49,656] Trial 135 finished with value: 129.69325256347656 and parameters: {'gradient_clip_val': 0.11483591944745046, 'hidden_size': 51, 'dropout': 0.12211052888975389, 'hidden_continuous_size': 23, 'attention_head_size': 3, 'learning_rate': 0.0537970680935538}. Best is trial 94 with value: 116.36099243164062.
LOCAL_RANK: 0 - CUDA_VISIBLE_DEVICES: [0]
[I 2023-11-30 08:08:02,501] Trial 136 finished with value: 145.00111389160156 and parameters: {'gradient_clip_val': 0.18668748951291506, 'hidden_size': 37, 'dropout': 0.17198907913195688, 'hidden_continuous_size': 24, 'attention_head_size': 3, 'learning_rate': 0.06920291416823385}. Best is trial 94 with value: 116.36099243164062.
LOCAL_RANK: 0 - CUDA_VISIBLE_DEVICES: [0]
[I 2023-11-30 08:08:15,336] Trial 137 finished with value: 135.1912841796875 and parameters: {'gradient_clip_val': 0.13061113574647035, 'hidden_size': 45, 'dropout': 0.14185833255885305, 'hidden_continuous_size': 22, 'attention_head_size': 2, 'learning_rate': 0.037429455600512536}. Best is trial 94 with value: 116.36099243164062.
LOCAL_RANK: 0 - CUDA_VISIBLE_DEVICES: [0]
[I 2023-11-30 08:08:28,047] Trial 138 finished with value: 160.46949768066406 and parameters: {'gradient_clip_val': 0.15665934662249473, 'hidden_size': 40, 'dropout': 0.11297336522784177, 'hidden_continuous_size': 15, 'attention_head_size': 3, 'learning_rate': 0.08731958703952677}. Best is trial 94 with value: 116.36099243164062.
LOCAL_RANK: 0 - CUDA_VISIBLE_DEVICES: [0]
[I 2023-11-30 08:08:40,557] Trial 139 finished with value: 151.30886840820312 and parameters: {'gradient_clip_val': 0.10550756020101099, 'hidden_size': 48, 'dropout': 0.13195912310466798, 'hidden_continuous_size': 21, 'attention_head_size': 1, 'learning_rate': 0.048935840487908326}. Best is trial 94 with value: 116.36099243164062.
LOCAL_RANK: 0 - CUDA_VISIBLE_DEVICES: [0]
[I 2023-11-30 08:08:53,588] Trial 140 finished with value: 149.0583038330078 and parameters: {'gradient_clip_val': 0.17458660154525601, 'hidden_size': 54, 'dropout': 0.15881418127998082, 'hidden_continuous_size': 19, 'attention_head_size': 2, 'learning_rate': 0.06061727813473061}. Best is trial 94 with value: 116.36099243164062.
LOCAL_RANK: 0 - CUDA_VISIBLE_DEVICES: [0]
[I 2023-11-30 08:09:06,581] Trial 141 finished with value: 133.3075408935547 and parameters: {'gradient_clip_val': 0.11051013032515239, 'hidden_size': 55, 'dropout': 0.13530846871523117, 'hidden_continuous_size': 18, 'attention_head_size': 2, 'learning_rate': 0.05074012439701333}. Best is trial 94 with value: 116.36099243164062.
LOCAL_RANK: 0 - CUDA_VISIBLE_DEVICES: [0]
[I 2023-11-30 08:09:19,750] Trial 142 finished with value: 151.85499572753906 and parameters: {'gradient_clip_val': 0.11517222447934711, 'hidden_size': 62, 'dropout': 0.15100845386914905, 'hidden_continuous_size': 17, 'attention_head_size': 2, 'learning_rate': 0.04749106947131404}. Best is trial 94 with value: 116.36099243164062.
LOCAL_RANK: 0 - CUDA_VISIBLE_DEVICES: [0]
[I 2023-11-30 08:09:32,913] Trial 143 finished with value: 133.34825134277344 and parameters: {'gradient_clip_val': 0.12404011495785654, 'hidden_size': 50, 'dropout': 0.1249492429765312, 'hidden_continuous_size': 23, 'attention_head_size': 2, 'learning_rate': 0.056787641166900424}. Best is trial 94 with value: 116.36099243164062.
LOCAL_RANK: 0 - CUDA_VISIBLE_DEVICES: [0]
[I 2023-11-30 08:09:45,711] Trial 144 finished with value: 138.39463806152344 and parameters: {'gradient_clip_val': 0.10444785853193625, 'hidden_size': 43, 'dropout': 0.11709500474707095, 'hidden_continuous_size': 20, 'attention_head_size': 2, 'learning_rate': 0.04384537615936467}. Best is trial 94 with value: 116.36099243164062.
LOCAL_RANK: 0 - CUDA_VISIBLE_DEVICES: [0]
[I 2023-11-30 08:09:58,644] Trial 145 finished with value: 125.66925048828125 and parameters: {'gradient_clip_val': 0.11007962252454818, 'hidden_size': 53, 'dropout': 0.14408582644339463, 'hidden_continuous_size': 13, 'attention_head_size': 3, 'learning_rate': 0.07853225497439234}. Best is trial 94 with value: 116.36099243164062.
LOCAL_RANK: 0 - CUDA_VISIBLE_DEVICES: [0]
[I 2023-11-30 08:10:11,488] Trial 146 finished with value: 143.68524169921875 and parameters: {'gradient_clip_val': 0.22938190537732092, 'hidden_size': 47, 'dropout': 0.1645856572702653, 'hidden_continuous_size': 13, 'attention_head_size': 3, 'learning_rate': 0.07886561439161346}. Best is trial 94 with value: 116.36099243164062.
LOCAL_RANK: 0 - CUDA_VISIBLE_DEVICES: [0]
[I 2023-11-30 08:10:23,692] Trial 147 finished with value: 134.494140625 and parameters: {'gradient_clip_val': 0.11960367124391919, 'hidden_size': 15, 'dropout': 0.14394323324288122, 'hidden_continuous_size': 12, 'attention_head_size': 3, 'learning_rate': 0.09274477714545223}. Best is trial 94 with value: 116.36099243164062.
LOCAL_RANK: 0 - CUDA_VISIBLE_DEVICES: [0]
[I 2023-11-30 08:10:36,589] Trial 148 finished with value: 127.81587982177734 and parameters: {'gradient_clip_val': 0.14606480057023655, 'hidden_size': 38, 'dropout': 0.10721598923658168, 'hidden_continuous_size': 25, 'attention_head_size': 3, 'learning_rate': 0.06862724016607989}. Best is trial 94 with value: 116.36099243164062.
LOCAL_RANK: 0 - CUDA_VISIBLE_DEVICES: [0]
[I 2023-11-30 08:10:50,189] Trial 149 finished with value: 148.6291961669922 and parameters: {'gradient_clip_val': 0.13692124920621465, 'hidden_size': 57, 'dropout': 0.2513375871521693, 'hidden_continuous_size': 28, 'attention_head_size': 3, 'learning_rate': 0.026066998766825316}. Best is trial 94 with value: 116.36099243164062.
[I 2023-11-30 08:10:50,301] A new study created in memory with name: no-name-9cd9a60b-1e88-4d5f-aac2-7270327ee6b9
/home/le004/conda/anaconda3/envs/tsff_env/lib/python3.9/site-packages/lightning/fabric/plugins/environments/slurm.py:191: The `srun` command is available on your system but is not used. HINT: If your intention is to run Lightning on SLURM, prepend your python command with `srun` like so: srun python /home/le004/master_thesis/git/TSFusionForecast/code/ ...
LOCAL_RANK: 0 - CUDA_VISIBLE_DEVICES: [0]
[I 2023-11-30 08:11:00,425] Trial 0 finished with value: 40.56613540649414 and parameters: {'gradient_clip_val': 0.15437573502033217, 'hidden_size': 12, 'dropout': 0.39029583897988196, 'hidden_continuous_size': 12, 'attention_head_size': 3, 'learning_rate': 0.043928464580338895}. Best is trial 0 with value: 40.56613540649414.
LOCAL_RANK: 0 - CUDA_VISIBLE_DEVICES: [0]
[I 2023-11-30 08:11:12,782] Trial 1 finished with value: 37.33286666870117 and parameters: {'gradient_clip_val': 0.19442801814691898, 'hidden_size': 23, 'dropout': 0.20257024937641155, 'hidden_continuous_size': 14, 'attention_head_size': 4, 'learning_rate': 0.02668499487190556}. Best is trial 1 with value: 37.33286666870117.
LOCAL_RANK: 0 - CUDA_VISIBLE_DEVICES: [0]
[I 2023-11-30 08:11:25,265] Trial 2 finished with value: 89.23882293701172 and parameters: {'gradient_clip_val': 0.349020940924863, 'hidden_size': 32, 'dropout': 0.22632751519071156, 'hidden_continuous_size': 18, 'attention_head_size': 4, 'learning_rate': 0.0014156148009280862}. Best is trial 1 with value: 37.33286666870117.
LOCAL_RANK: 0 - CUDA_VISIBLE_DEVICES: [0]
[I 2023-11-30 08:11:38,612] Trial 3 finished with value: 57.50859451293945 and parameters: {'gradient_clip_val': 0.4098978611189225, 'hidden_size': 98, 'dropout': 0.21143414768396734, 'hidden_continuous_size': 13, 'attention_head_size': 2, 'learning_rate': 0.0010860034794444983}. Best is trial 1 with value: 37.33286666870117.
LOCAL_RANK: 0 - CUDA_VISIBLE_DEVICES: [0]
[I 2023-11-30 08:11:52,246] Trial 4 finished with value: 69.42180633544922 and parameters: {'gradient_clip_val': 0.32611837036571945, 'hidden_size': 92, 'dropout': 0.34731696540451235, 'hidden_continuous_size': 22, 'attention_head_size': 3, 'learning_rate': 0.0014439942227407968}. Best is trial 1 with value: 37.33286666870117.
LOCAL_RANK: 0 - CUDA_VISIBLE_DEVICES: [0]
[I 2023-11-30 08:12:04,653] Trial 5 finished with value: 30.050443649291992 and parameters: {'gradient_clip_val': 0.38376571739144294, 'hidden_size': 31, 'dropout': 0.2836760280088244, 'hidden_continuous_size': 14, 'attention_head_size': 2, 'learning_rate': 0.021605826009012404}. Best is trial 5 with value: 30.050443649291992.
LOCAL_RANK: 0 - CUDA_VISIBLE_DEVICES: [0]
[I 2023-11-30 08:12:14,983] Trial 6 finished with value: 33.61996078491211 and parameters: {'gradient_clip_val': 0.6287346493933753, 'hidden_size': 19, 'dropout': 0.2237611921506042, 'hidden_continuous_size': 19, 'attention_head_size': 4, 'learning_rate': 0.05531820332926286}. Best is trial 5 with value: 30.050443649291992.
LOCAL_RANK: 0 - CUDA_VISIBLE_DEVICES: [0]
[I 2023-11-30 08:12:28,218] Trial 7 finished with value: 32.28031539916992 and parameters: {'gradient_clip_val': 0.12855278868658807, 'hidden_size': 51, 'dropout': 0.13779203482118665, 'hidden_continuous_size': 31, 'attention_head_size': 3, 'learning_rate': 0.08634772648471108}. Best is trial 5 with value: 30.050443649291992.
LOCAL_RANK: 0 - CUDA_VISIBLE_DEVICES: [0]
[I 2023-11-30 08:12:40,252] Trial 8 finished with value: 35.27949905395508 and parameters: {'gradient_clip_val': 0.16196220323175858, 'hidden_size': 16, 'dropout': 0.11829699186572488, 'hidden_continuous_size': 12, 'attention_head_size': 2, 'learning_rate': 0.0784828304466862}. Best is trial 5 with value: 30.050443649291992.
LOCAL_RANK: 0 - CUDA_VISIBLE_DEVICES: [0]
[I 2023-11-30 08:12:50,158] Trial 9 finished with value: 44.60543441772461 and parameters: {'gradient_clip_val': 0.6890936169315073, 'hidden_size': 12, 'dropout': 0.31817883876924413, 'hidden_continuous_size': 12, 'attention_head_size': 3, 'learning_rate': 0.03648475830783764}. Best is trial 5 with value: 30.050443649291992.
LOCAL_RANK: 0 - CUDA_VISIBLE_DEVICES: [0]
[I 2023-11-30 08:13:03,403] Trial 10 finished with value: 32.77656936645508 and parameters: {'gradient_clip_val': 0.8791815286877113, 'hidden_size': 47, 'dropout': 0.28282931656975896, 'hidden_continuous_size': 45, 'attention_head_size': 1, 'learning_rate': 0.011973037059966784}. Best is trial 5 with value: 30.050443649291992.
LOCAL_RANK: 0 - CUDA_VISIBLE_DEVICES: [0]
[I 2023-11-30 08:13:16,341] Trial 11 finished with value: 38.9885139465332 and parameters: {'gradient_clip_val': 0.10065035926059339, 'hidden_size': 49, 'dropout': 0.1039676838334686, 'hidden_continuous_size': 30, 'attention_head_size': 1, 'learning_rate': 0.09625082964827306}. Best is trial 5 with value: 30.050443649291992.
LOCAL_RANK: 0 - CUDA_VISIBLE_DEVICES: [0]
[I 2023-11-30 08:13:29,633] Trial 12 finished with value: 43.62901306152344 and parameters: {'gradient_clip_val': 0.23928068019293372, 'hidden_size': 66, 'dropout': 0.17348275127061977, 'hidden_continuous_size': 31, 'attention_head_size': 2, 'learning_rate': 0.017759984199489518}. Best is trial 5 with value: 30.050443649291992.
LOCAL_RANK: 0 - CUDA_VISIBLE_DEVICES: [0]
[I 2023-11-30 08:13:44,280] Trial 13 finished with value: 40.75981140136719 and parameters: {'gradient_clip_val': 0.10267492954740871, 'hidden_size': 145, 'dropout': 0.26889818743697486, 'hidden_continuous_size': 73, 'attention_head_size': 2, 'learning_rate': 0.008367902435279122}. Best is trial 5 with value: 30.050443649291992.
LOCAL_RANK: 0 - CUDA_VISIBLE_DEVICES: [0]
[I 2023-11-30 08:13:56,669] Trial 14 finished with value: 24.701669692993164 and parameters: {'gradient_clip_val': 0.48521486217757426, 'hidden_size': 30, 'dropout': 0.16912539981735097, 'hidden_continuous_size': 10, 'attention_head_size': 3, 'learning_rate': 0.08818492127456547}. Best is trial 14 with value: 24.701669692993164.
LOCAL_RANK: 0 - CUDA_VISIBLE_DEVICES: [0]
[I 2023-11-30 08:14:08,741] Trial 15 finished with value: 41.74686050415039 and parameters: {'gradient_clip_val': 0.47160244724496475, 'hidden_size': 30, 'dropout': 0.1624355543349246, 'hidden_continuous_size': 10, 'attention_head_size': 1, 'learning_rate': 0.024191366419501793}. Best is trial 14 with value: 24.701669692993164.
LOCAL_RANK: 0 - CUDA_VISIBLE_DEVICES: [0]
[I 2023-11-30 08:14:20,908] Trial 16 finished with value: 31.5728816986084 and parameters: {'gradient_clip_val': 0.27504483785241624, 'hidden_size': 27, 'dropout': 0.25994857411177813, 'hidden_continuous_size': 10, 'attention_head_size': 2, 'learning_rate': 0.05213951363010847}. Best is trial 14 with value: 24.701669692993164.
LOCAL_RANK: 0 - CUDA_VISIBLE_DEVICES: [0]
[I 2023-11-30 08:14:33,683] Trial 17 finished with value: 37.56367111206055 and parameters: {'gradient_clip_val': 0.49254021407613136, 'hidden_size': 37, 'dropout': 0.17051471249763467, 'hidden_continuous_size': 14, 'attention_head_size': 3, 'learning_rate': 0.014922389678764223}. Best is trial 14 with value: 24.701669692993164.
LOCAL_RANK: 0 - CUDA_VISIBLE_DEVICES: [0]
[I 2023-11-30 08:14:45,854] Trial 18 finished with value: 55.805267333984375 and parameters: {'gradient_clip_val': 0.3854003559997921, 'hidden_size': 23, 'dropout': 0.30181804411564994, 'hidden_continuous_size': 10, 'attention_head_size': 3, 'learning_rate': 0.007914329373383933}. Best is trial 14 with value: 24.701669692993164.
LOCAL_RANK: 0 - CUDA_VISIBLE_DEVICES: [0]
[I 2023-11-30 08:14:58,702] Trial 19 finished with value: 40.16044616699219 and parameters: {'gradient_clip_val': 0.24667647192030828, 'hidden_size': 38, 'dropout': 0.24022375638122007, 'hidden_continuous_size': 16, 'attention_head_size': 2, 'learning_rate': 0.02798568573565429}. Best is trial 14 with value: 24.701669692993164.
LOCAL_RANK: 0 - CUDA_VISIBLE_DEVICES: [0]
[I 2023-11-30 08:15:10,995] Trial 20 finished with value: 76.71549987792969 and parameters: {'gradient_clip_val': 0.5699599881899405, 'hidden_size': 17, 'dropout': 0.24700466965329793, 'hidden_continuous_size': 11, 'attention_head_size': 4, 'learning_rate': 0.004983217016377008}. Best is trial 14 with value: 24.701669692993164.
LOCAL_RANK: 0 - CUDA_VISIBLE_DEVICES: [0]
[I 2023-11-30 08:15:23,129] Trial 21 finished with value: 53.3823127746582 and parameters: {'gradient_clip_val': 0.27315428188014884, 'hidden_size': 27, 'dropout': 0.2620001268445396, 'hidden_continuous_size': 10, 'attention_head_size': 2, 'learning_rate': 0.05503692536222966}. Best is trial 14 with value: 24.701669692993164.
LOCAL_RANK: 0 - CUDA_VISIBLE_DEVICES: [0]
[I 2023-11-30 08:15:35,123] Trial 22 finished with value: 44.97322463989258 and parameters: {'gradient_clip_val': 0.2993133738189522, 'hidden_size': 24, 'dropout': 0.2892382013414529, 'hidden_continuous_size': 11, 'attention_head_size': 2, 'learning_rate': 0.058197336205808185}. Best is trial 14 with value: 24.701669692993164.
LOCAL_RANK: 0 - CUDA_VISIBLE_DEVICES: [0]
[I 2023-11-30 08:15:47,234] Trial 23 finished with value: 42.266117095947266 and parameters: {'gradient_clip_val': 0.38620604302829786, 'hidden_size': 30, 'dropout': 0.2570023854211601, 'hidden_continuous_size': 10, 'attention_head_size': 1, 'learning_rate': 0.03963706652108703}. Best is trial 14 with value: 24.701669692993164.
LOCAL_RANK: 0 - CUDA_VISIBLE_DEVICES: [0]
[I 2023-11-30 08:15:59,914] Trial 24 finished with value: 44.61574172973633 and parameters: {'gradient_clip_val': 0.4741494921388367, 'hidden_size': 38, 'dropout': 0.1943100983453394, 'hidden_continuous_size': 14, 'attention_head_size': 2, 'learning_rate': 0.06624462568416455}. Best is trial 14 with value: 24.701669692993164.
LOCAL_RANK: 0 - CUDA_VISIBLE_DEVICES: [0]
[I 2023-11-30 08:16:12,251] Trial 25 finished with value: 36.59846878051758 and parameters: {'gradient_clip_val': 0.30817042609679296, 'hidden_size': 22, 'dropout': 0.23557928175517548, 'hidden_continuous_size': 11, 'attention_head_size': 3, 'learning_rate': 0.08612941030432887}. Best is trial 14 with value: 24.701669692993164.
LOCAL_RANK: 0 - CUDA_VISIBLE_DEVICES: [0]
