[I 2023-11-29 22:32:00,266] Trial 37 finished with value: 8.793808937072754 and parameters: {'gradient_clip_val': 0.6913622167842894, 'hidden_size': 55, 'dropout': 0.29797109086710327, 'hidden_continuous_size': 13, 'attention_head_size': 3, 'learning_rate': 0.008050174629031936}. Best is trial 9 with value: 8.500304222106934.
LOCAL_RANK: 0 - CUDA_VISIBLE_DEVICES: [0]
[I 2023-11-29 22:32:13,173] Trial 38 finished with value: 10.424548149108887 and parameters: {'gradient_clip_val': 0.7162450665526778, 'hidden_size': 56, 'dropout': 0.3015058592997794, 'hidden_continuous_size': 12, 'attention_head_size': 4, 'learning_rate': 0.013796927455032788}. Best is trial 9 with value: 8.500304222106934.
LOCAL_RANK: 0 - CUDA_VISIBLE_DEVICES: [0]
[I 2023-11-29 22:32:26,432] Trial 39 finished with value: 14.78316879272461 and parameters: {'gradient_clip_val': 0.9721656671291439, 'hidden_size': 93, 'dropout': 0.2978517123178935, 'hidden_continuous_size': 10, 'attention_head_size': 2, 'learning_rate': 0.008026697159301354}. Best is trial 9 with value: 8.500304222106934.
LOCAL_RANK: 0 - CUDA_VISIBLE_DEVICES: [0]
[I 2023-11-29 22:32:38,880] Trial 40 finished with value: 11.34677505493164 and parameters: {'gradient_clip_val': 0.6587525804709962, 'hidden_size': 34, 'dropout': 0.31745132286122024, 'hidden_continuous_size': 13, 'attention_head_size': 1, 'learning_rate': 0.012006483977331705}. Best is trial 9 with value: 8.500304222106934.
LOCAL_RANK: 0 - CUDA_VISIBLE_DEVICES: [0]
[I 2023-11-29 22:32:51,548] Trial 41 finished with value: 9.90434455871582 and parameters: {'gradient_clip_val': 0.5253633660617807, 'hidden_size': 39, 'dropout': 0.34675416332064835, 'hidden_continuous_size': 15, 'attention_head_size': 3, 'learning_rate': 0.005438852456728204}. Best is trial 9 with value: 8.500304222106934.
LOCAL_RANK: 0 - CUDA_VISIBLE_DEVICES: [0]
[I 2023-11-29 22:33:04,078] Trial 42 finished with value: 12.558789253234863 and parameters: {'gradient_clip_val': 0.5331347114999879, 'hidden_size': 40, 'dropout': 0.343235748560979, 'hidden_continuous_size': 14, 'attention_head_size': 3, 'learning_rate': 0.009133545644139532}. Best is trial 9 with value: 8.500304222106934.
LOCAL_RANK: 0 - CUDA_VISIBLE_DEVICES: [0]
[I 2023-11-29 22:33:17,226] Trial 43 finished with value: 8.692643165588379 and parameters: {'gradient_clip_val': 0.5149483478416284, 'hidden_size': 59, 'dropout': 0.3335810099576752, 'hidden_continuous_size': 15, 'attention_head_size': 3, 'learning_rate': 0.005023578032411897}. Best is trial 9 with value: 8.500304222106934.
LOCAL_RANK: 0 - CUDA_VISIBLE_DEVICES: [0]
[I 2023-11-29 22:33:29,965] Trial 44 finished with value: 17.836383819580078 and parameters: {'gradient_clip_val': 0.680426851250303, 'hidden_size': 55, 'dropout': 0.29246710032978607, 'hidden_continuous_size': 11, 'attention_head_size': 3, 'learning_rate': 0.003355812044271542}. Best is trial 9 with value: 8.500304222106934.
LOCAL_RANK: 0 - CUDA_VISIBLE_DEVICES: [0]
[I 2023-11-29 22:33:43,299] Trial 45 finished with value: 10.171786308288574 and parameters: {'gradient_clip_val': 0.7778448135867284, 'hidden_size': 75, 'dropout': 0.31415297879598814, 'hidden_continuous_size': 13, 'attention_head_size': 3, 'learning_rate': 0.005336346915214003}. Best is trial 9 with value: 8.500304222106934.
LOCAL_RANK: 0 - CUDA_VISIBLE_DEVICES: [0]
[I 2023-11-29 22:33:56,294] Trial 46 finished with value: 10.247406005859375 and parameters: {'gradient_clip_val': 0.4534613954112267, 'hidden_size': 64, 'dropout': 0.3440089700526411, 'hidden_continuous_size': 15, 'attention_head_size': 4, 'learning_rate': 0.007551001786357269}. Best is trial 9 with value: 8.500304222106934.
LOCAL_RANK: 0 - CUDA_VISIBLE_DEVICES: [0]
[I 2023-11-29 22:34:09,274] Trial 47 finished with value: 10.609951972961426 and parameters: {'gradient_clip_val': 0.5378827982683688, 'hidden_size': 53, 'dropout': 0.3583354980108317, 'hidden_continuous_size': 21, 'attention_head_size': 3, 'learning_rate': 0.004559146782679495}. Best is trial 9 with value: 8.500304222106934.
LOCAL_RANK: 0 - CUDA_VISIBLE_DEVICES: [0]
[I 2023-11-29 22:34:22,564] Trial 48 finished with value: 11.02551555633545 and parameters: {'gradient_clip_val': 0.5076653920921488, 'hidden_size': 84, 'dropout': 0.2883784605550201, 'hidden_continuous_size': 11, 'attention_head_size': 2, 'learning_rate': 0.003901573139495694}. Best is trial 9 with value: 8.500304222106934.
LOCAL_RANK: 0 - CUDA_VISIBLE_DEVICES: [0]
[I 2023-11-29 22:34:35,748] Trial 49 finished with value: 11.645236015319824 and parameters: {'gradient_clip_val': 0.4538414806127868, 'hidden_size': 59, 'dropout': 0.25807030748433774, 'hidden_continuous_size': 27, 'attention_head_size': 3, 'learning_rate': 0.005702150514796348}. Best is trial 9 with value: 8.500304222106934.
LOCAL_RANK: 0 - CUDA_VISIBLE_DEVICES: [0]
[I 2023-11-29 22:34:48,947] Trial 50 finished with value: 10.43885326385498 and parameters: {'gradient_clip_val': 0.6322977160269209, 'hidden_size': 70, 'dropout': 0.31470172264197044, 'hidden_continuous_size': 15, 'attention_head_size': 2, 'learning_rate': 0.0017853064031354642}. Best is trial 9 with value: 8.500304222106934.
LOCAL_RANK: 0 - CUDA_VISIBLE_DEVICES: [0]
[I 2023-11-29 22:35:01,809] Trial 51 finished with value: 8.567760467529297 and parameters: {'gradient_clip_val': 0.40727498517173844, 'hidden_size': 43, 'dropout': 0.3387507587552108, 'hidden_continuous_size': 17, 'attention_head_size': 3, 'learning_rate': 0.008033123898257366}. Best is trial 9 with value: 8.500304222106934.
LOCAL_RANK: 0 - CUDA_VISIBLE_DEVICES: [0]
[I 2023-11-29 22:35:14,880] Trial 52 finished with value: 10.512124061584473 and parameters: {'gradient_clip_val': 0.4108194110746382, 'hidden_size': 45, 'dropout': 0.33529655953558735, 'hidden_continuous_size': 17, 'attention_head_size': 3, 'learning_rate': 0.00747056600451028}. Best is trial 9 with value: 8.500304222106934.
LOCAL_RANK: 0 - CUDA_VISIBLE_DEVICES: [0]
[I 2023-11-29 22:35:27,690] Trial 53 finished with value: 11.98086929321289 and parameters: {'gradient_clip_val': 0.48559329771622456, 'hidden_size': 53, 'dropout': 0.35349342341153106, 'hidden_continuous_size': 14, 'attention_head_size': 3, 'learning_rate': 0.005595919288722821}. Best is trial 9 with value: 8.500304222106934.
LOCAL_RANK: 0 - CUDA_VISIBLE_DEVICES: [0]
[I 2023-11-29 22:35:41,664] Trial 54 finished with value: 18.874778747558594 and parameters: {'gradient_clip_val': 0.5457243890024376, 'hidden_size': 105, 'dropout': 0.3061017260475717, 'hidden_continuous_size': 36, 'attention_head_size': 3, 'learning_rate': 0.010765976728069556}. Best is trial 9 with value: 8.500304222106934.
LOCAL_RANK: 0 - CUDA_VISIBLE_DEVICES: [0]
[I 2023-11-29 22:35:54,434] Trial 55 finished with value: 11.703765869140625 and parameters: {'gradient_clip_val': 0.5810444419494559, 'hidden_size': 39, 'dropout': 0.32612966440737173, 'hidden_continuous_size': 17, 'attention_head_size': 3, 'learning_rate': 0.008479960903914147}. Best is trial 9 with value: 8.500304222106934.
LOCAL_RANK: 0 - CUDA_VISIBLE_DEVICES: [0]
[I 2023-11-29 22:36:07,070] Trial 56 finished with value: 10.524992942810059 and parameters: {'gradient_clip_val': 0.44915992562819607, 'hidden_size': 44, 'dropout': 0.27984885351130334, 'hidden_continuous_size': 16, 'attention_head_size': 3, 'learning_rate': 0.006969795486465525}. Best is trial 9 with value: 8.500304222106934.
LOCAL_RANK: 0 - CUDA_VISIBLE_DEVICES: [0]
[I 2023-11-29 22:36:20,307] Trial 57 finished with value: 13.190878868103027 and parameters: {'gradient_clip_val': 0.3861211810552791, 'hidden_size': 60, 'dropout': 0.355737116375523, 'hidden_continuous_size': 19, 'attention_head_size': 3, 'learning_rate': 0.003099177624708744}. Best is trial 9 with value: 8.500304222106934.
LOCAL_RANK: 0 - CUDA_VISIBLE_DEVICES: [0]
[I 2023-11-29 22:36:33,392] Trial 58 finished with value: 10.726753234863281 and parameters: {'gradient_clip_val': 0.5191005669368622, 'hidden_size': 52, 'dropout': 0.3429633510214013, 'hidden_continuous_size': 23, 'attention_head_size': 4, 'learning_rate': 0.004005307466160024}. Best is trial 9 with value: 8.500304222106934.
LOCAL_RANK: 0 - CUDA_VISIBLE_DEVICES: [0]
[I 2023-11-29 22:36:46,023] Trial 59 finished with value: 11.805145263671875 and parameters: {'gradient_clip_val': 0.4789563360462738, 'hidden_size': 48, 'dropout': 0.3231279193553663, 'hidden_continuous_size': 13, 'attention_head_size': 3, 'learning_rate': 0.006095651865984419}. Best is trial 9 with value: 8.500304222106934.
LOCAL_RANK: 0 - CUDA_VISIBLE_DEVICES: [0]
[I 2023-11-29 22:36:59,685] Trial 60 finished with value: 13.01929759979248 and parameters: {'gradient_clip_val': 0.4292510210984303, 'hidden_size': 77, 'dropout': 0.3066122012841787, 'hidden_continuous_size': 47, 'attention_head_size': 2, 'learning_rate': 0.0049594232500582884}. Best is trial 9 with value: 8.500304222106934.
LOCAL_RANK: 0 - CUDA_VISIBLE_DEVICES: [0]
[I 2023-11-29 22:37:12,386] Trial 61 finished with value: 9.700285911560059 and parameters: {'gradient_clip_val': 0.6023496238105084, 'hidden_size': 37, 'dropout': 0.3395661384433911, 'hidden_continuous_size': 16, 'attention_head_size': 3, 'learning_rate': 0.010832274657037507}. Best is trial 9 with value: 8.500304222106934.
LOCAL_RANK: 0 - CUDA_VISIBLE_DEVICES: [0]
[I 2023-11-29 22:37:24,919] Trial 62 finished with value: 9.627518653869629 and parameters: {'gradient_clip_val': 0.5856709000819336, 'hidden_size': 37, 'dropout': 0.336482200013864, 'hidden_continuous_size': 15, 'attention_head_size': 3, 'learning_rate': 0.010266073655234149}. Best is trial 9 with value: 8.500304222106934.
LOCAL_RANK: 0 - CUDA_VISIBLE_DEVICES: [0]
[I 2023-11-29 22:37:37,725] Trial 63 finished with value: 7.898475646972656 and parameters: {'gradient_clip_val': 0.5922547676140685, 'hidden_size': 44, 'dropout': 0.3349026763137573, 'hidden_continuous_size': 19, 'attention_head_size': 3, 'learning_rate': 0.01019895697158365}. Best is trial 63 with value: 7.898475646972656.
LOCAL_RANK: 0 - CUDA_VISIBLE_DEVICES: [0]
[I 2023-11-29 22:37:51,027] Trial 64 finished with value: 14.108020782470703 and parameters: {'gradient_clip_val': 0.6837414910652176, 'hidden_size': 65, 'dropout': 0.3313734699342214, 'hidden_continuous_size': 20, 'attention_head_size': 3, 'learning_rate': 0.009481459714780788}. Best is trial 63 with value: 7.898475646972656.
LOCAL_RANK: 0 - CUDA_VISIBLE_DEVICES: [0]
[I 2023-11-29 22:38:03,934] Trial 65 finished with value: 12.223278045654297 and parameters: {'gradient_clip_val': 0.5629855395104729, 'hidden_size': 46, 'dropout': 0.3184153732902303, 'hidden_continuous_size': 18, 'attention_head_size': 3, 'learning_rate': 0.01558210646967576}. Best is trial 63 with value: 7.898475646972656.
LOCAL_RANK: 0 - CUDA_VISIBLE_DEVICES: [0]
[I 2023-11-29 22:38:16,975] Trial 66 finished with value: 9.293068885803223 and parameters: {'gradient_clip_val': 0.645125729431571, 'hidden_size': 60, 'dropout': 0.36456191348244277, 'hidden_continuous_size': 21, 'attention_head_size': 3, 'learning_rate': 0.008411397822144838}. Best is trial 63 with value: 7.898475646972656.
LOCAL_RANK: 0 - CUDA_VISIBLE_DEVICES: [0]
[I 2023-11-29 22:38:30,091] Trial 67 finished with value: 8.922309875488281 and parameters: {'gradient_clip_val': 0.7512147131756892, 'hidden_size': 60, 'dropout': 0.3624455675342121, 'hidden_continuous_size': 25, 'attention_head_size': 3, 'learning_rate': 0.008467685065648392}. Best is trial 63 with value: 7.898475646972656.
LOCAL_RANK: 0 - CUDA_VISIBLE_DEVICES: [0]
[I 2023-11-29 22:38:43,552] Trial 68 finished with value: 17.004291534423828 and parameters: {'gradient_clip_val': 0.7815923859843104, 'hidden_size': 68, 'dropout': 0.23687257246765434, 'hidden_continuous_size': 26, 'attention_head_size': 2, 'learning_rate': 0.007284356564703315}. Best is trial 63 with value: 7.898475646972656.
LOCAL_RANK: 0 - CUDA_VISIBLE_DEVICES: [0]
[I 2023-11-29 22:38:56,562] Trial 69 finished with value: 13.542410850524902 and parameters: {'gradient_clip_val': 0.7227680791011458, 'hidden_size': 52, 'dropout': 0.3509366567225199, 'hidden_continuous_size': 24, 'attention_head_size': 3, 'learning_rate': 0.007992808241384913}. Best is trial 63 with value: 7.898475646972656.
LOCAL_RANK: 0 - CUDA_VISIBLE_DEVICES: [0]
[I 2023-11-29 22:39:09,752] Trial 70 finished with value: 9.813082695007324 and parameters: {'gradient_clip_val': 0.3962460103678405, 'hidden_size': 57, 'dropout': 0.360608903359418, 'hidden_continuous_size': 19, 'attention_head_size': 4, 'learning_rate': 0.004220226022666988}. Best is trial 63 with value: 7.898475646972656.
LOCAL_RANK: 0 - CUDA_VISIBLE_DEVICES: [0]
[I 2023-11-29 22:39:23,158] Trial 71 finished with value: 13.709712028503418 and parameters: {'gradient_clip_val': 0.643267203130658, 'hidden_size': 63, 'dropout': 0.37386963919471444, 'hidden_continuous_size': 22, 'attention_head_size': 3, 'learning_rate': 0.006186798719660317}. Best is trial 63 with value: 7.898475646972656.
LOCAL_RANK: 0 - CUDA_VISIBLE_DEVICES: [0]
[I 2023-11-29 22:39:36,510] Trial 72 finished with value: 8.153108596801758 and parameters: {'gradient_clip_val': 0.49719547017164334, 'hidden_size': 59, 'dropout': 0.3670904599785061, 'hidden_continuous_size': 28, 'attention_head_size': 3, 'learning_rate': 0.008627701496771462}. Best is trial 63 with value: 7.898475646972656.
LOCAL_RANK: 0 - CUDA_VISIBLE_DEVICES: [0]
[I 2023-11-29 22:39:49,821] Trial 73 finished with value: 8.82627010345459 and parameters: {'gradient_clip_val': 0.4887449148090402, 'hidden_size': 50, 'dropout': 0.3593638410771731, 'hidden_continuous_size': 29, 'attention_head_size': 3, 'learning_rate': 0.006619440610507243}. Best is trial 63 with value: 7.898475646972656.
LOCAL_RANK: 0 - CUDA_VISIBLE_DEVICES: [0]
[I 2023-11-29 22:40:02,964] Trial 74 finished with value: 14.430523872375488 and parameters: {'gradient_clip_val': 0.47680887072864586, 'hidden_size': 49, 'dropout': 0.3857788215297909, 'hidden_continuous_size': 29, 'attention_head_size': 3, 'learning_rate': 0.009203790684395195}. Best is trial 63 with value: 7.898475646972656.
LOCAL_RANK: 0 - CUDA_VISIBLE_DEVICES: [0]
[I 2023-11-29 22:40:15,866] Trial 75 finished with value: 9.028644561767578 and parameters: {'gradient_clip_val': 0.5048555802585972, 'hidden_size': 43, 'dropout': 0.37707883794894836, 'hidden_continuous_size': 28, 'attention_head_size': 3, 'learning_rate': 0.006554581427916603}. Best is trial 63 with value: 7.898475646972656.
LOCAL_RANK: 0 - CUDA_VISIBLE_DEVICES: [0]
[I 2023-11-29 22:40:29,001] Trial 76 finished with value: 9.397612571716309 and parameters: {'gradient_clip_val': 0.6070811675363433, 'hidden_size': 50, 'dropout': 0.3704772674084048, 'hidden_continuous_size': 31, 'attention_head_size': 3, 'learning_rate': 0.010405548825874054}. Best is trial 63 with value: 7.898475646972656.
LOCAL_RANK: 0 - CUDA_VISIBLE_DEVICES: [0]
[I 2023-11-29 22:40:42,104] Trial 77 finished with value: 9.068044662475586 and parameters: {'gradient_clip_val': 0.5622749993703817, 'hidden_size': 55, 'dropout': 0.3512733921571378, 'hidden_continuous_size': 25, 'attention_head_size': 3, 'learning_rate': 0.00862417707734044}. Best is trial 63 with value: 7.898475646972656.
LOCAL_RANK: 0 - CUDA_VISIBLE_DEVICES: [0]
[I 2023-11-29 22:40:55,603] Trial 78 finished with value: 10.862052917480469 and parameters: {'gradient_clip_val': 0.3719386153930497, 'hidden_size': 73, 'dropout': 0.36183138816331367, 'hidden_continuous_size': 31, 'attention_head_size': 1, 'learning_rate': 0.006287413946738311}. Best is trial 63 with value: 7.898475646972656.
LOCAL_RANK: 0 - CUDA_VISIBLE_DEVICES: [0]
[I 2023-11-29 22:41:08,693] Trial 79 finished with value: 9.490848541259766 and parameters: {'gradient_clip_val': 0.4445909030194721, 'hidden_size': 57, 'dropout': 0.3217655385560038, 'hidden_continuous_size': 23, 'attention_head_size': 3, 'learning_rate': 0.005063740253458396}. Best is trial 63 with value: 7.898475646972656.
LOCAL_RANK: 0 - CUDA_VISIBLE_DEVICES: [0]
[I 2023-11-29 22:41:21,341] Trial 80 finished with value: 9.603976249694824 and parameters: {'gradient_clip_val': 0.49758621523033875, 'hidden_size': 48, 'dropout': 0.38728045293032765, 'hidden_continuous_size': 20, 'attention_head_size': 2, 'learning_rate': 0.007704690789368812}. Best is trial 63 with value: 7.898475646972656.
LOCAL_RANK: 0 - CUDA_VISIBLE_DEVICES: [0]
[I 2023-11-29 22:41:34,850] Trial 81 finished with value: 8.631430625915527 and parameters: {'gradient_clip_val': 0.4223438798732649, 'hidden_size': 67, 'dropout': 0.3696617405081133, 'hidden_continuous_size': 33, 'attention_head_size': 3, 'learning_rate': 0.004781278899257346}. Best is trial 63 with value: 7.898475646972656.
LOCAL_RANK: 0 - CUDA_VISIBLE_DEVICES: [0]
[I 2023-11-29 22:41:48,332] Trial 82 finished with value: 10.621476173400879 and parameters: {'gradient_clip_val': 0.42079791516026904, 'hidden_size': 61, 'dropout': 0.37110913291792336, 'hidden_continuous_size': 33, 'attention_head_size': 3, 'learning_rate': 0.0068468487484416776}. Best is trial 63 with value: 7.898475646972656.
LOCAL_RANK: 0 - CUDA_VISIBLE_DEVICES: [0]
[I 2023-11-29 22:42:01,920] Trial 83 finished with value: 8.602855682373047 and parameters: {'gradient_clip_val': 0.47077158587369394, 'hidden_size': 68, 'dropout': 0.3310225997804027, 'hidden_continuous_size': 26, 'attention_head_size': 3, 'learning_rate': 0.005141090794947058}. Best is trial 63 with value: 7.898475646972656.
LOCAL_RANK: 0 - CUDA_VISIBLE_DEVICES: [0]
[I 2023-11-29 22:42:15,375] Trial 84 finished with value: 9.281183242797852 and parameters: {'gradient_clip_val': 0.42689986363007576, 'hidden_size': 69, 'dropout': 0.3480808518267472, 'hidden_continuous_size': 27, 'attention_head_size': 3, 'learning_rate': 0.005000509746769356}. Best is trial 63 with value: 7.898475646972656.
LOCAL_RANK: 0 - CUDA_VISIBLE_DEVICES: [0]
[I 2023-11-29 22:42:28,967] Trial 85 finished with value: 14.077656745910645 and parameters: {'gradient_clip_val': 0.5285357326715135, 'hidden_size': 80, 'dropout': 0.32775859963208026, 'hidden_continuous_size': 39, 'attention_head_size': 3, 'learning_rate': 0.0036136728845167507}. Best is trial 63 with value: 7.898475646972656.
LOCAL_RANK: 0 - CUDA_VISIBLE_DEVICES: [0]
[I 2023-11-29 22:42:42,408] Trial 86 finished with value: 9.76433277130127 and parameters: {'gradient_clip_val': 0.469100746029793, 'hidden_size': 65, 'dropout': 0.338340209155901, 'hidden_continuous_size': 30, 'attention_head_size': 3, 'learning_rate': 0.004400750036400769}. Best is trial 63 with value: 7.898475646972656.
LOCAL_RANK: 0 - CUDA_VISIBLE_DEVICES: [0]
[I 2023-11-29 22:42:55,468] Trial 87 finished with value: 10.0808687210083 and parameters: {'gradient_clip_val': 0.3915399755418059, 'hidden_size': 52, 'dropout': 0.3323476996434467, 'hidden_continuous_size': 28, 'attention_head_size': 3, 'learning_rate': 0.005631034438713872}. Best is trial 63 with value: 7.898475646972656.
LOCAL_RANK: 0 - CUDA_VISIBLE_DEVICES: [0]
[I 2023-11-29 22:43:08,658] Trial 88 finished with value: 10.097996711730957 and parameters: {'gradient_clip_val': 0.48285971271370365, 'hidden_size': 42, 'dropout': 0.3558535918744067, 'hidden_continuous_size': 33, 'attention_head_size': 3, 'learning_rate': 0.006105256199299823}. Best is trial 63 with value: 7.898475646972656.
LOCAL_RANK: 0 - CUDA_VISIBLE_DEVICES: [0]
[I 2023-11-29 22:43:22,108] Trial 89 finished with value: 9.479476928710938 and parameters: {'gradient_clip_val': 0.3636793284516584, 'hidden_size': 74, 'dropout': 0.30141833915065097, 'hidden_continuous_size': 26, 'attention_head_size': 3, 'learning_rate': 0.0037046828541646925}. Best is trial 63 with value: 7.898475646972656.
LOCAL_RANK: 0 - CUDA_VISIBLE_DEVICES: [0]
[I 2023-11-29 22:43:35,202] Trial 90 finished with value: 8.206221580505371 and parameters: {'gradient_clip_val': 0.546807711642436, 'hidden_size': 46, 'dropout': 0.31084450856121104, 'hidden_continuous_size': 30, 'attention_head_size': 3, 'learning_rate': 0.007322890707181131}. Best is trial 63 with value: 7.898475646972656.
LOCAL_RANK: 0 - CUDA_VISIBLE_DEVICES: [0]
[I 2023-11-29 22:43:48,087] Trial 91 finished with value: 8.872929573059082 and parameters: {'gradient_clip_val': 0.5360080757126525, 'hidden_size': 46, 'dropout': 0.3115194477802369, 'hidden_continuous_size': 30, 'attention_head_size': 3, 'learning_rate': 0.007104927564902745}. Best is trial 63 with value: 7.898475646972656.
LOCAL_RANK: 0 - CUDA_VISIBLE_DEVICES: [0]
[I 2023-11-29 22:44:01,346] Trial 92 finished with value: 10.676850318908691 and parameters: {'gradient_clip_val': 0.45595188281009746, 'hidden_size': 54, 'dropout': 0.3212471253480759, 'hidden_continuous_size': 27, 'attention_head_size': 3, 'learning_rate': 0.005350826388455243}. Best is trial 63 with value: 7.898475646972656.
LOCAL_RANK: 0 - CUDA_VISIBLE_DEVICES: [0]
[I 2023-11-29 22:44:14,586] Trial 93 finished with value: 9.773978233337402 and parameters: {'gradient_clip_val': 0.507603306802245, 'hidden_size': 45, 'dropout': 0.34479657447962947, 'hidden_continuous_size': 29, 'attention_head_size': 3, 'learning_rate': 0.004737846040491233}. Best is trial 63 with value: 7.898475646972656.
LOCAL_RANK: 0 - CUDA_VISIBLE_DEVICES: [0]
[I 2023-11-29 22:44:27,804] Trial 94 finished with value: 10.916827201843262 and parameters: {'gradient_clip_val': 0.5544368061145004, 'hidden_size': 57, 'dropout': 0.2922710757235246, 'hidden_continuous_size': 24, 'attention_head_size': 3, 'learning_rate': 0.01149149412543001}. Best is trial 63 with value: 7.898475646972656.
LOCAL_RANK: 0 - CUDA_VISIBLE_DEVICES: [0]
[I 2023-11-29 22:44:40,975] Trial 95 finished with value: 10.113097190856934 and parameters: {'gradient_clip_val': 0.4388147535780734, 'hidden_size': 51, 'dropout': 0.30906733815234455, 'hidden_continuous_size': 33, 'attention_head_size': 3, 'learning_rate': 0.009650867242017816}. Best is trial 63 with value: 7.898475646972656.
LOCAL_RANK: 0 - CUDA_VISIBLE_DEVICES: [0]
