[I 2023-11-30 13:04:12,667] Trial 111 finished with value: 63.773223876953125 and parameters: {'gradient_clip_val': 0.1776133296531417, 'hidden_size': 105, 'dropout': 0.1522180800079424, 'hidden_continuous_size': 14, 'attention_head_size': 2, 'learning_rate': 0.01816514735490522}. Best is trial 110 with value: 57.4621467590332.
LOCAL_RANK: 0 - CUDA_VISIBLE_DEVICES: [0]
[I 2023-11-30 13:04:26,112] Trial 112 finished with value: 79.98432159423828 and parameters: {'gradient_clip_val': 0.18482888092778763, 'hidden_size': 105, 'dropout': 0.17242105921185893, 'hidden_continuous_size': 14, 'attention_head_size': 2, 'learning_rate': 0.018191411983549666}. Best is trial 110 with value: 57.4621467590332.
LOCAL_RANK: 0 - CUDA_VISIBLE_DEVICES: [0]
[I 2023-11-30 13:04:39,459] Trial 113 finished with value: 91.672607421875 and parameters: {'gradient_clip_val': 0.19175344911068853, 'hidden_size': 93, 'dropout': 0.1855172497674579, 'hidden_continuous_size': 13, 'attention_head_size': 2, 'learning_rate': 0.01583090922309321}. Best is trial 110 with value: 57.4621467590332.
LOCAL_RANK: 0 - CUDA_VISIBLE_DEVICES: [0]
[I 2023-11-30 13:04:53,179] Trial 114 finished with value: 66.74214935302734 and parameters: {'gradient_clip_val': 0.20291788903070646, 'hidden_size': 99, 'dropout': 0.17541910194715302, 'hidden_continuous_size': 14, 'attention_head_size': 2, 'learning_rate': 0.020073927715557785}. Best is trial 110 with value: 57.4621467590332.
LOCAL_RANK: 0 - CUDA_VISIBLE_DEVICES: [0]
[I 2023-11-30 13:05:06,882] Trial 115 finished with value: 64.09452056884766 and parameters: {'gradient_clip_val': 0.17913136653872114, 'hidden_size': 105, 'dropout': 0.17707639689933644, 'hidden_continuous_size': 15, 'attention_head_size': 2, 'learning_rate': 0.01911898055484735}. Best is trial 110 with value: 57.4621467590332.
LOCAL_RANK: 0 - CUDA_VISIBLE_DEVICES: [0]
[I 2023-11-30 13:05:20,445] Trial 116 finished with value: 80.10118865966797 and parameters: {'gradient_clip_val': 0.1780384426465915, 'hidden_size': 107, 'dropout': 0.16923762169250411, 'hidden_continuous_size': 15, 'attention_head_size': 2, 'learning_rate': 0.018601152916996253}. Best is trial 110 with value: 57.4621467590332.
LOCAL_RANK: 0 - CUDA_VISIBLE_DEVICES: [0]
[I 2023-11-30 13:05:34,194] Trial 117 finished with value: 96.7698745727539 and parameters: {'gradient_clip_val': 0.18032460661972863, 'hidden_size': 117, 'dropout': 0.16146509503043607, 'hidden_continuous_size': 13, 'attention_head_size': 2, 'learning_rate': 0.025745795050034433}. Best is trial 110 with value: 57.4621467590332.
LOCAL_RANK: 0 - CUDA_VISIBLE_DEVICES: [0]
[I 2023-11-30 13:05:47,719] Trial 118 finished with value: 67.39945983886719 and parameters: {'gradient_clip_val': 0.17187738851630327, 'hidden_size': 90, 'dropout': 0.18765993904686343, 'hidden_continuous_size': 16, 'attention_head_size': 2, 'learning_rate': 0.016161223831157506}. Best is trial 110 with value: 57.4621467590332.
LOCAL_RANK: 0 - CUDA_VISIBLE_DEVICES: [0]
[I 2023-11-30 13:06:01,358] Trial 119 finished with value: 71.24492645263672 and parameters: {'gradient_clip_val': 0.15456045286738854, 'hidden_size': 100, 'dropout': 0.1946175939979644, 'hidden_continuous_size': 15, 'attention_head_size': 2, 'learning_rate': 0.017751064514252714}. Best is trial 110 with value: 57.4621467590332.
LOCAL_RANK: 0 - CUDA_VISIBLE_DEVICES: [0]
[I 2023-11-30 13:06:14,596] Trial 120 finished with value: 83.3466567993164 and parameters: {'gradient_clip_val': 0.19511530218935952, 'hidden_size': 84, 'dropout': 0.15367810566293746, 'hidden_continuous_size': 14, 'attention_head_size': 2, 'learning_rate': 0.028439103414334782}. Best is trial 110 with value: 57.4621467590332.
LOCAL_RANK: 0 - CUDA_VISIBLE_DEVICES: [0]
[I 2023-11-30 13:06:28,013] Trial 121 finished with value: 85.73262786865234 and parameters: {'gradient_clip_val': 0.20353951599229103, 'hidden_size': 98, 'dropout': 0.17752211562203118, 'hidden_continuous_size': 14, 'attention_head_size': 2, 'learning_rate': 0.019606350414237663}. Best is trial 110 with value: 57.4621467590332.
LOCAL_RANK: 0 - CUDA_VISIBLE_DEVICES: [0]
[I 2023-11-30 13:06:41,500] Trial 122 finished with value: 75.07363891601562 and parameters: {'gradient_clip_val': 0.18392992893725205, 'hidden_size': 112, 'dropout': 0.16997056610652703, 'hidden_continuous_size': 12, 'attention_head_size': 2, 'learning_rate': 0.019828989895887012}. Best is trial 110 with value: 57.4621467590332.
LOCAL_RANK: 0 - CUDA_VISIBLE_DEVICES: [0]
[I 2023-11-30 13:06:55,068] Trial 123 finished with value: 96.24329376220703 and parameters: {'gradient_clip_val': 0.21135492864081612, 'hidden_size': 106, 'dropout': 0.17509943054614113, 'hidden_continuous_size': 14, 'attention_head_size': 2, 'learning_rate': 0.01671255748398745}. Best is trial 110 with value: 57.4621467590332.
LOCAL_RANK: 0 - CUDA_VISIBLE_DEVICES: [0]
[I 2023-11-30 13:07:08,592] Trial 124 finished with value: 81.65091705322266 and parameters: {'gradient_clip_val': 0.22604508361984213, 'hidden_size': 101, 'dropout': 0.16484522230293555, 'hidden_continuous_size': 17, 'attention_head_size': 2, 'learning_rate': 0.014857274149718958}. Best is trial 110 with value: 57.4621467590332.
LOCAL_RANK: 0 - CUDA_VISIBLE_DEVICES: [0]
[I 2023-11-30 13:07:22,132] Trial 125 finished with value: 98.31853485107422 and parameters: {'gradient_clip_val': 0.17193298866380427, 'hidden_size': 92, 'dropout': 0.1794669667814057, 'hidden_continuous_size': 15, 'attention_head_size': 2, 'learning_rate': 0.012739591352881741}. Best is trial 110 with value: 57.4621467590332.
LOCAL_RANK: 0 - CUDA_VISIBLE_DEVICES: [0]
[I 2023-11-30 13:07:35,892] Trial 126 finished with value: 83.32816314697266 and parameters: {'gradient_clip_val': 0.19864456721663787, 'hidden_size': 118, 'dropout': 0.14946319740420508, 'hidden_continuous_size': 13, 'attention_head_size': 2, 'learning_rate': 0.020148736604079846}. Best is trial 110 with value: 57.4621467590332.
LOCAL_RANK: 0 - CUDA_VISIBLE_DEVICES: [0]
[I 2023-11-30 13:07:49,179] Trial 127 finished with value: 74.03253936767578 and parameters: {'gradient_clip_val': 0.16462389387955534, 'hidden_size': 88, 'dropout': 0.19201011442222302, 'hidden_continuous_size': 16, 'attention_head_size': 1, 'learning_rate': 0.02224891719423626}. Best is trial 110 with value: 57.4621467590332.
LOCAL_RANK: 0 - CUDA_VISIBLE_DEVICES: [0]
[I 2023-11-30 13:08:02,581] Trial 128 finished with value: 64.58819580078125 and parameters: {'gradient_clip_val': 0.21486881055675724, 'hidden_size': 95, 'dropout': 0.15889125053437167, 'hidden_continuous_size': 14, 'attention_head_size': 2, 'learning_rate': 0.014412946548559685}. Best is trial 110 with value: 57.4621467590332.
LOCAL_RANK: 0 - CUDA_VISIBLE_DEVICES: [0]
[I 2023-11-30 13:08:16,334] Trial 129 finished with value: 72.40506744384766 and parameters: {'gradient_clip_val': 0.21638844044252067, 'hidden_size': 80, 'dropout': 0.1581867022493573, 'hidden_continuous_size': 47, 'attention_head_size': 2, 'learning_rate': 0.014144714347906769}. Best is trial 110 with value: 57.4621467590332.
LOCAL_RANK: 0 - CUDA_VISIBLE_DEVICES: [0]
[I 2023-11-30 13:08:30,154] Trial 130 finished with value: 65.9620361328125 and parameters: {'gradient_clip_val': 0.18943763535738697, 'hidden_size': 111, 'dropout': 0.1500884412903185, 'hidden_continuous_size': 12, 'attention_head_size': 2, 'learning_rate': 0.012709412397771172}. Best is trial 110 with value: 57.4621467590332.
LOCAL_RANK: 0 - CUDA_VISIBLE_DEVICES: [0]
[I 2023-11-30 13:08:44,059] Trial 131 finished with value: 79.13223266601562 and parameters: {'gradient_clip_val': 0.1877021775072497, 'hidden_size': 131, 'dropout': 0.15255851507713333, 'hidden_continuous_size': 12, 'attention_head_size': 2, 'learning_rate': 0.01578864330966473}. Best is trial 110 with value: 57.4621467590332.
LOCAL_RANK: 0 - CUDA_VISIBLE_DEVICES: [0]
[I 2023-11-30 13:08:57,527] Trial 132 finished with value: 66.01355743408203 and parameters: {'gradient_clip_val': 0.23201595606246916, 'hidden_size': 111, 'dropout': 0.14626844492281196, 'hidden_continuous_size': 11, 'attention_head_size': 2, 'learning_rate': 0.011991319334746146}. Best is trial 110 with value: 57.4621467590332.
LOCAL_RANK: 0 - CUDA_VISIBLE_DEVICES: [0]
[I 2023-11-30 13:09:11,346] Trial 133 finished with value: 65.5488052368164 and parameters: {'gradient_clip_val': 0.17986303755006472, 'hidden_size': 122, 'dropout': 0.16253554494117325, 'hidden_continuous_size': 17, 'attention_head_size': 2, 'learning_rate': 0.013479051673413095}. Best is trial 110 with value: 57.4621467590332.
LOCAL_RANK: 0 - CUDA_VISIBLE_DEVICES: [0]
[I 2023-11-30 13:09:25,003] Trial 134 finished with value: 82.44610595703125 and parameters: {'gradient_clip_val': 0.17677075543328497, 'hidden_size': 122, 'dropout': 0.16723723582201777, 'hidden_continuous_size': 15, 'attention_head_size': 2, 'learning_rate': 0.017710518520563788}. Best is trial 110 with value: 57.4621467590332.
LOCAL_RANK: 0 - CUDA_VISIBLE_DEVICES: [0]
[I 2023-11-30 13:09:39,076] Trial 135 finished with value: 90.57046508789062 and parameters: {'gradient_clip_val': 0.21512922809051327, 'hidden_size': 94, 'dropout': 0.162223510813281, 'hidden_continuous_size': 13, 'attention_head_size': 2, 'learning_rate': 0.014618938900512139}. Best is trial 110 with value: 57.4621467590332.
LOCAL_RANK: 0 - CUDA_VISIBLE_DEVICES: [0]
[I 2023-11-30 13:09:53,573] Trial 136 finished with value: 64.9177017211914 and parameters: {'gradient_clip_val': 0.16954498318456707, 'hidden_size': 132, 'dropout': 0.18174247447035263, 'hidden_continuous_size': 17, 'attention_head_size': 2, 'learning_rate': 0.013675713441213176}. Best is trial 110 with value: 57.4621467590332.
LOCAL_RANK: 0 - CUDA_VISIBLE_DEVICES: [0]
[I 2023-11-30 13:10:08,200] Trial 137 finished with value: 84.19281005859375 and parameters: {'gradient_clip_val': 0.1547136380441504, 'hidden_size': 143, 'dropout': 0.18384595274448295, 'hidden_continuous_size': 16, 'attention_head_size': 2, 'learning_rate': 0.010190941670791633}. Best is trial 110 with value: 57.4621467590332.
LOCAL_RANK: 0 - CUDA_VISIBLE_DEVICES: [0]
[I 2023-11-30 13:10:21,878] Trial 138 finished with value: 60.46187210083008 and parameters: {'gradient_clip_val': 0.15151935129191998, 'hidden_size': 86, 'dropout': 0.1977966917278413, 'hidden_continuous_size': 15, 'attention_head_size': 2, 'learning_rate': 0.015045983046932884}. Best is trial 110 with value: 57.4621467590332.
LOCAL_RANK: 0 - CUDA_VISIBLE_DEVICES: [0]
[I 2023-11-30 13:10:35,323] Trial 139 finished with value: 59.0879020690918 and parameters: {'gradient_clip_val': 0.16332770515007142, 'hidden_size': 86, 'dropout': 0.1827186117702091, 'hidden_continuous_size': 15, 'attention_head_size': 2, 'learning_rate': 0.016589649121601872}. Best is trial 110 with value: 57.4621467590332.
LOCAL_RANK: 0 - CUDA_VISIBLE_DEVICES: [0]
[I 2023-11-30 13:10:48,918] Trial 140 finished with value: 69.95431518554688 and parameters: {'gradient_clip_val': 0.1587739049459454, 'hidden_size': 88, 'dropout': 0.17126286920589467, 'hidden_continuous_size': 14, 'attention_head_size': 2, 'learning_rate': 0.01724176079963019}. Best is trial 110 with value: 57.4621467590332.
LOCAL_RANK: 0 - CUDA_VISIBLE_DEVICES: [0]
[I 2023-11-30 13:11:02,549] Trial 141 finished with value: 68.31587982177734 and parameters: {'gradient_clip_val': 0.16207484302654995, 'hidden_size': 84, 'dropout': 0.1870729353581076, 'hidden_continuous_size': 15, 'attention_head_size': 2, 'learning_rate': 0.015260737262776545}. Best is trial 110 with value: 57.4621467590332.
LOCAL_RANK: 0 - CUDA_VISIBLE_DEVICES: [0]
[I 2023-11-30 13:11:16,787] Trial 142 finished with value: 75.71367645263672 and parameters: {'gradient_clip_val': 0.14994394533063432, 'hidden_size': 130, 'dropout': 0.17980113878318116, 'hidden_continuous_size': 16, 'attention_head_size': 2, 'learning_rate': 0.018158031506995194}. Best is trial 110 with value: 57.4621467590332.
LOCAL_RANK: 0 - CUDA_VISIBLE_DEVICES: [0]
[I 2023-11-30 13:11:30,536] Trial 143 finished with value: 83.6343765258789 and parameters: {'gradient_clip_val': 0.16779915817347338, 'hidden_size': 105, 'dropout': 0.19953337279671984, 'hidden_continuous_size': 17, 'attention_head_size': 2, 'learning_rate': 0.016740221847825643}. Best is trial 110 with value: 57.4621467590332.
LOCAL_RANK: 0 - CUDA_VISIBLE_DEVICES: [0]
[I 2023-11-30 13:11:43,995] Trial 144 finished with value: 68.97016143798828 and parameters: {'gradient_clip_val': 0.16999170453960658, 'hidden_size': 94, 'dropout': 0.15652312414263236, 'hidden_continuous_size': 15, 'attention_head_size': 2, 'learning_rate': 0.013672620008529588}. Best is trial 110 with value: 57.4621467590332.
LOCAL_RANK: 0 - CUDA_VISIBLE_DEVICES: [0]
[I 2023-11-30 13:11:57,779] Trial 145 finished with value: 72.5604019165039 and parameters: {'gradient_clip_val': 0.15169190030453966, 'hidden_size': 99, 'dropout': 0.16710833929798835, 'hidden_continuous_size': 18, 'attention_head_size': 2, 'learning_rate': 0.024158609041464045}. Best is trial 110 with value: 57.4621467590332.
LOCAL_RANK: 0 - CUDA_VISIBLE_DEVICES: [0]
[I 2023-11-30 13:12:12,302] Trial 146 finished with value: 100.98717498779297 and parameters: {'gradient_clip_val': 0.14590326707647916, 'hidden_size': 150, 'dropout': 0.1756103616698909, 'hidden_continuous_size': 14, 'attention_head_size': 4, 'learning_rate': 0.011750860317655211}. Best is trial 110 with value: 57.4621467590332.
LOCAL_RANK: 0 - CUDA_VISIBLE_DEVICES: [0]
[I 2023-11-30 13:12:25,753] Trial 147 finished with value: 70.3124771118164 and parameters: {'gradient_clip_val': 0.16088083909960119, 'hidden_size': 77, 'dropout': 0.18534384399083187, 'hidden_continuous_size': 16, 'attention_head_size': 2, 'learning_rate': 0.014960162926766348}. Best is trial 110 with value: 57.4621467590332.
LOCAL_RANK: 0 - CUDA_VISIBLE_DEVICES: [0]
[I 2023-11-30 13:12:39,975] Trial 148 finished with value: 71.44573211669922 and parameters: {'gradient_clip_val': 0.13983216574067187, 'hidden_size': 137, 'dropout': 0.13778971950110488, 'hidden_continuous_size': 18, 'attention_head_size': 2, 'learning_rate': 0.021710852269015767}. Best is trial 110 with value: 57.4621467590332.
LOCAL_RANK: 0 - CUDA_VISIBLE_DEVICES: [0]
[I 2023-11-30 13:12:53,644] Trial 149 finished with value: 104.24609375 and parameters: {'gradient_clip_val': 0.2422333847644769, 'hidden_size': 114, 'dropout': 0.13317226477261673, 'hidden_continuous_size': 13, 'attention_head_size': 2, 'learning_rate': 0.01868808870890532}. Best is trial 110 with value: 57.4621467590332.
[I 2023-11-30 13:12:53,758] A new study created in memory with name: no-name-c09c3c19-9651-4761-83a9-e83fa3cfb6c4
/home/le004/conda/anaconda3/envs/tsff_env/lib/python3.9/site-packages/lightning/fabric/plugins/environments/slurm.py:191: The `srun` command is available on your system but is not used. HINT: If your intention is to run Lightning on SLURM, prepend your python command with `srun` like so: srun python /home/le004/master_thesis/git/TSFusionForecast/code/ ...
LOCAL_RANK: 0 - CUDA_VISIBLE_DEVICES: [0]
[I 2023-11-30 13:13:05,826] Trial 0 finished with value: 541.4270629882812 and parameters: {'gradient_clip_val': 0.8529509920135987, 'hidden_size': 16, 'dropout': 0.30247633646894134, 'hidden_continuous_size': 15, 'attention_head_size': 1, 'learning_rate': 0.013149051628887852}. Best is trial 0 with value: 541.4270629882812.
LOCAL_RANK: 0 - CUDA_VISIBLE_DEVICES: [0]
[I 2023-11-30 13:13:20,742] Trial 1 finished with value: 368.3599548339844 and parameters: {'gradient_clip_val': 0.9592432587324433, 'hidden_size': 138, 'dropout': 0.34588293464507913, 'hidden_continuous_size': 82, 'attention_head_size': 4, 'learning_rate': 0.0023234433090657163}. Best is trial 1 with value: 368.3599548339844.
LOCAL_RANK: 0 - CUDA_VISIBLE_DEVICES: [0]
[I 2023-11-30 13:13:34,132] Trial 2 finished with value: 358.0070495605469 and parameters: {'gradient_clip_val': 0.2993569321508945, 'hidden_size': 95, 'dropout': 0.10464013940727941, 'hidden_continuous_size': 15, 'attention_head_size': 1, 'learning_rate': 0.0030410953351980904}. Best is trial 2 with value: 358.0070495605469.
LOCAL_RANK: 0 - CUDA_VISIBLE_DEVICES: [0]
[I 2023-11-30 13:13:46,782] Trial 3 finished with value: 385.1744079589844 and parameters: {'gradient_clip_val': 0.8727382921694465, 'hidden_size': 26, 'dropout': 0.18905171609144442, 'hidden_continuous_size': 19, 'attention_head_size': 3, 'learning_rate': 0.05862404517295942}. Best is trial 2 with value: 358.0070495605469.
LOCAL_RANK: 0 - CUDA_VISIBLE_DEVICES: [0]
[I 2023-11-30 13:13:58,778] Trial 4 finished with value: 929.0224609375 and parameters: {'gradient_clip_val': 0.1063250909798081, 'hidden_size': 24, 'dropout': 0.352703692358855, 'hidden_continuous_size': 11, 'attention_head_size': 2, 'learning_rate': 0.0011378198136328826}. Best is trial 2 with value: 358.0070495605469.
LOCAL_RANK: 0 - CUDA_VISIBLE_DEVICES: [0]
[I 2023-11-30 13:14:13,483] Trial 5 finished with value: 359.7972717285156 and parameters: {'gradient_clip_val': 0.4246675330961068, 'hidden_size': 137, 'dropout': 0.2939812385937809, 'hidden_continuous_size': 114, 'attention_head_size': 2, 'learning_rate': 0.002006480980688913}. Best is trial 2 with value: 358.0070495605469.
LOCAL_RANK: 0 - CUDA_VISIBLE_DEVICES: [0]
[I 2023-11-30 13:14:25,745] Trial 6 finished with value: 350.8990478515625 and parameters: {'gradient_clip_val': 0.1529096687376763, 'hidden_size': 19, 'dropout': 0.20908606620899872, 'hidden_continuous_size': 18, 'attention_head_size': 1, 'learning_rate': 0.07345680153070758}. Best is trial 6 with value: 350.8990478515625.
LOCAL_RANK: 0 - CUDA_VISIBLE_DEVICES: [0]
[I 2023-11-30 13:14:38,538] Trial 7 finished with value: 409.45166015625 and parameters: {'gradient_clip_val': 0.6602664790624907, 'hidden_size': 39, 'dropout': 0.20116491591743316, 'hidden_continuous_size': 15, 'attention_head_size': 4, 'learning_rate': 0.055593474529647434}. Best is trial 6 with value: 350.8990478515625.
LOCAL_RANK: 0 - CUDA_VISIBLE_DEVICES: [0]
[I 2023-11-30 13:14:52,014] Trial 8 finished with value: 366.5600280761719 and parameters: {'gradient_clip_val': 0.2508478466312968, 'hidden_size': 64, 'dropout': 0.2203695324729772, 'hidden_continuous_size': 43, 'attention_head_size': 4, 'learning_rate': 0.009044797283104268}. Best is trial 6 with value: 350.8990478515625.
LOCAL_RANK: 0 - CUDA_VISIBLE_DEVICES: [0]
[I 2023-11-30 13:15:05,128] Trial 9 finished with value: 334.36895751953125 and parameters: {'gradient_clip_val': 0.1887925239650659, 'hidden_size': 49, 'dropout': 0.14634547516884291, 'hidden_continuous_size': 18, 'attention_head_size': 4, 'learning_rate': 0.009083588887826032}. Best is trial 9 with value: 334.36895751953125.
LOCAL_RANK: 0 - CUDA_VISIBLE_DEVICES: [0]
[I 2023-11-30 13:15:17,512] Trial 10 finished with value: 648.379638671875 and parameters: {'gradient_clip_val': 0.19238645633442963, 'hidden_size': 11, 'dropout': 0.10371677223890197, 'hidden_continuous_size': 10, 'attention_head_size': 3, 'learning_rate': 0.011459381626992627}. Best is trial 9 with value: 334.36895751953125.
LOCAL_RANK: 0 - CUDA_VISIBLE_DEVICES: [0]
[I 2023-11-30 13:15:30,559] Trial 11 finished with value: 386.139404296875 and parameters: {'gradient_clip_val': 0.1439145125535866, 'hidden_size': 52, 'dropout': 0.15869237888762622, 'hidden_continuous_size': 23, 'attention_head_size': 2, 'learning_rate': 0.09630637019686401}. Best is trial 9 with value: 334.36895751953125.
LOCAL_RANK: 0 - CUDA_VISIBLE_DEVICES: [0]
[I 2023-11-30 13:15:43,192] Trial 12 finished with value: 354.3778076171875 and parameters: {'gradient_clip_val': 0.1789714797410269, 'hidden_size': 29, 'dropout': 0.25050341416315774, 'hidden_continuous_size': 18, 'attention_head_size': 3, 'learning_rate': 0.025128275878768744}. Best is trial 9 with value: 334.36895751953125.
LOCAL_RANK: 0 - CUDA_VISIBLE_DEVICES: [0]
[I 2023-11-30 13:15:55,310] Trial 13 finished with value: 393.4564208984375 and parameters: {'gradient_clip_val': 0.1031638142680534, 'hidden_size': 18, 'dropout': 0.15305990310709824, 'hidden_continuous_size': 12, 'attention_head_size': 1, 'learning_rate': 0.024724068516845513}. Best is trial 9 with value: 334.36895751953125.
LOCAL_RANK: 0 - CUDA_VISIBLE_DEVICES: [0]
[I 2023-11-30 13:16:08,181] Trial 14 finished with value: 379.3922424316406 and parameters: {'gradient_clip_val': 0.21011493720478183, 'hidden_size': 41, 'dropout': 0.1524061977445339, 'hidden_continuous_size': 22, 'attention_head_size': 3, 'learning_rate': 0.005578376673927428}. Best is trial 9 with value: 334.36895751953125.
LOCAL_RANK: 0 - CUDA_VISIBLE_DEVICES: [0]
[I 2023-11-30 13:16:21,478] Trial 15 finished with value: 413.2682189941406 and parameters: {'gradient_clip_val': 0.14383738830499546, 'hidden_size': 55, 'dropout': 0.25029705355483634, 'hidden_continuous_size': 25, 'attention_head_size': 2, 'learning_rate': 0.024199432596707853}. Best is trial 9 with value: 334.36895751953125.
LOCAL_RANK: 0 - CUDA_VISIBLE_DEVICES: [0]
[I 2023-11-30 13:16:33,355] Trial 16 finished with value: 1344.5333251953125 and parameters: {'gradient_clip_val': 0.319049434355265, 'hidden_size': 11, 'dropout': 0.3945956233298863, 'hidden_continuous_size': 10, 'attention_head_size': 1, 'learning_rate': 0.005553137878315181}. Best is trial 9 with value: 334.36895751953125.
LOCAL_RANK: 0 - CUDA_VISIBLE_DEVICES: [0]
[I 2023-11-30 13:16:45,807] Trial 17 finished with value: 356.0522766113281 and parameters: {'gradient_clip_val': 0.14119206424585637, 'hidden_size': 32, 'dropout': 0.22024113720516938, 'hidden_continuous_size': 13, 'attention_head_size': 4, 'learning_rate': 0.01747851309833072}. Best is trial 9 with value: 334.36895751953125.
LOCAL_RANK: 0 - CUDA_VISIBLE_DEVICES: [0]
