[I 2023-11-30 09:18:58,162] Trial 17 finished with value: 187.186279296875 and parameters: {'gradient_clip_val': 0.2729126697542851, 'hidden_size': 55, 'dropout': 0.12424028098793458, 'hidden_continuous_size': 32, 'attention_head_size': 4, 'learning_rate': 0.09921589563308333}. Best is trial 14 with value: 92.18594360351562.
LOCAL_RANK: 0 - CUDA_VISIBLE_DEVICES: [0]
[I 2023-11-30 09:19:12,865] Trial 18 finished with value: 130.50975036621094 and parameters: {'gradient_clip_val': 0.18112399908489932, 'hidden_size': 144, 'dropout': 0.1789094984975919, 'hidden_continuous_size': 143, 'attention_head_size': 3, 'learning_rate': 0.037963812872896595}. Best is trial 14 with value: 92.18594360351562.
LOCAL_RANK: 0 - CUDA_VISIBLE_DEVICES: [0]
[I 2023-11-30 09:19:26,890] Trial 19 finished with value: 110.41680145263672 and parameters: {'gradient_clip_val': 0.13148935902734776, 'hidden_size': 93, 'dropout': 0.10348611210289727, 'hidden_continuous_size': 43, 'attention_head_size': 4, 'learning_rate': 0.06130020384786615}. Best is trial 14 with value: 92.18594360351562.
LOCAL_RANK: 0 - CUDA_VISIBLE_DEVICES: [0]
[I 2023-11-30 09:19:40,595] Trial 20 finished with value: 139.53111267089844 and parameters: {'gradient_clip_val': 0.2734713939872875, 'hidden_size': 84, 'dropout': 0.10452202872358911, 'hidden_continuous_size': 39, 'attention_head_size': 4, 'learning_rate': 0.05346225268837486}. Best is trial 14 with value: 92.18594360351562.
LOCAL_RANK: 0 - CUDA_VISIBLE_DEVICES: [0]
[I 2023-11-30 09:19:55,165] Trial 21 finished with value: 108.92984771728516 and parameters: {'gradient_clip_val': 0.12127100558538653, 'hidden_size': 111, 'dropout': 0.14599794136058494, 'hidden_continuous_size': 84, 'attention_head_size': 4, 'learning_rate': 0.060342740391274304}. Best is trial 14 with value: 92.18594360351562.
LOCAL_RANK: 0 - CUDA_VISIBLE_DEVICES: [0]
[I 2023-11-30 09:20:09,438] Trial 22 finished with value: 141.3566131591797 and parameters: {'gradient_clip_val': 0.13047810698076143, 'hidden_size': 105, 'dropout': 0.14971676655383825, 'hidden_continuous_size': 75, 'attention_head_size': 4, 'learning_rate': 0.03605248120562946}. Best is trial 14 with value: 92.18594360351562.
LOCAL_RANK: 0 - CUDA_VISIBLE_DEVICES: [0]
[I 2023-11-30 09:20:22,926] Trial 23 finished with value: 97.46694946289062 and parameters: {'gradient_clip_val': 0.1730913994622401, 'hidden_size': 62, 'dropout': 0.13216045371515878, 'hidden_continuous_size': 42, 'attention_head_size': 4, 'learning_rate': 0.06095246591897684}. Best is trial 14 with value: 92.18594360351562.
LOCAL_RANK: 0 - CUDA_VISIBLE_DEVICES: [0]
[I 2023-11-30 09:20:36,342] Trial 24 finished with value: 192.3257598876953 and parameters: {'gradient_clip_val': 0.17984285726217134, 'hidden_size': 61, 'dropout': 0.16299524464481366, 'hidden_continuous_size': 30, 'attention_head_size': 4, 'learning_rate': 0.060986231517890996}. Best is trial 14 with value: 92.18594360351562.
LOCAL_RANK: 0 - CUDA_VISIBLE_DEVICES: [0]
[I 2023-11-30 09:20:50,054] Trial 25 finished with value: 109.7303466796875 and parameters: {'gradient_clip_val': 0.12330084109216576, 'hidden_size': 73, 'dropout': 0.12660481114284297, 'hidden_continuous_size': 39, 'attention_head_size': 4, 'learning_rate': 0.03708996744346593}. Best is trial 14 with value: 92.18594360351562.
LOCAL_RANK: 0 - CUDA_VISIBLE_DEVICES: [0]
[I 2023-11-30 09:21:04,526] Trial 26 finished with value: 223.8135986328125 and parameters: {'gradient_clip_val': 0.1612741398599172, 'hidden_size': 115, 'dropout': 0.2053793985876155, 'hidden_continuous_size': 72, 'attention_head_size': 3, 'learning_rate': 0.06729306955062965}. Best is trial 14 with value: 92.18594360351562.
LOCAL_RANK: 0 - CUDA_VISIBLE_DEVICES: [0]
[I 2023-11-30 09:21:17,563] Trial 27 finished with value: 145.00445556640625 and parameters: {'gradient_clip_val': 0.1751384686609268, 'hidden_size': 47, 'dropout': 0.17387406656120535, 'hidden_continuous_size': 27, 'attention_head_size': 4, 'learning_rate': 0.09843871576503152}. Best is trial 14 with value: 92.18594360351562.
LOCAL_RANK: 0 - CUDA_VISIBLE_DEVICES: [0]
[I 2023-11-30 09:21:31,326] Trial 28 finished with value: 103.21263885498047 and parameters: {'gradient_clip_val': 0.11926551866148717, 'hidden_size': 80, 'dropout': 0.14066099363746606, 'hidden_continuous_size': 49, 'attention_head_size': 3, 'learning_rate': 0.03919168267796553}. Best is trial 14 with value: 92.18594360351562.
LOCAL_RANK: 0 - CUDA_VISIBLE_DEVICES: [0]
[I 2023-11-30 09:21:43,904] Trial 29 finished with value: 184.0384979248047 and parameters: {'gradient_clip_val': 0.14293518156768115, 'hidden_size': 44, 'dropout': 0.12468703268992326, 'hidden_continuous_size': 28, 'attention_head_size': 1, 'learning_rate': 0.02644176270974824}. Best is trial 14 with value: 92.18594360351562.
LOCAL_RANK: 0 - CUDA_VISIBLE_DEVICES: [0]
[I 2023-11-30 09:21:56,600] Trial 30 finished with value: 189.7039031982422 and parameters: {'gradient_clip_val': 0.20391229965531385, 'hidden_size': 34, 'dropout': 0.19274702497830862, 'hidden_continuous_size': 24, 'attention_head_size': 3, 'learning_rate': 0.02160555695136559}. Best is trial 14 with value: 92.18594360351562.
LOCAL_RANK: 0 - CUDA_VISIBLE_DEVICES: [0]
[I 2023-11-30 09:22:10,792] Trial 31 finished with value: 129.5601043701172 and parameters: {'gradient_clip_val': 0.12084378839602054, 'hidden_size': 83, 'dropout': 0.15350410832777514, 'hidden_continuous_size': 50, 'attention_head_size': 4, 'learning_rate': 0.040737895791970555}. Best is trial 14 with value: 92.18594360351562.
LOCAL_RANK: 0 - CUDA_VISIBLE_DEVICES: [0]
[I 2023-11-30 09:22:24,310] Trial 32 finished with value: 104.2492904663086 and parameters: {'gradient_clip_val': 0.11838391535587456, 'hidden_size': 69, 'dropout': 0.13784021649883949, 'hidden_continuous_size': 43, 'attention_head_size': 3, 'learning_rate': 0.06646779240313072}. Best is trial 14 with value: 92.18594360351562.
LOCAL_RANK: 0 - CUDA_VISIBLE_DEVICES: [0]
[I 2023-11-30 09:22:37,761] Trial 33 finished with value: 130.24740600585938 and parameters: {'gradient_clip_val': 0.15387513407177034, 'hidden_size': 61, 'dropout': 0.13523658308319378, 'hidden_continuous_size': 36, 'attention_head_size': 3, 'learning_rate': 0.031978035038611456}. Best is trial 14 with value: 92.18594360351562.
LOCAL_RANK: 0 - CUDA_VISIBLE_DEVICES: [0]
[I 2023-11-30 09:22:51,416] Trial 34 finished with value: 134.83334350585938 and parameters: {'gradient_clip_val': 0.11384743690909484, 'hidden_size': 70, 'dropout': 0.16610022011774964, 'hidden_continuous_size': 44, 'attention_head_size': 3, 'learning_rate': 0.06735843854125702}. Best is trial 14 with value: 92.18594360351562.
LOCAL_RANK: 0 - CUDA_VISIBLE_DEVICES: [0]
[I 2023-11-30 09:23:04,728] Trial 35 finished with value: 146.76222229003906 and parameters: {'gradient_clip_val': 0.13810275934220642, 'hidden_size': 50, 'dropout': 0.1306046249520722, 'hidden_continuous_size': 33, 'attention_head_size': 3, 'learning_rate': 0.04631018458640642}. Best is trial 14 with value: 92.18594360351562.
LOCAL_RANK: 0 - CUDA_VISIBLE_DEVICES: [0]
[I 2023-11-30 09:23:18,846] Trial 36 finished with value: 109.08206176757812 and parameters: {'gradient_clip_val': 0.16071717059261464, 'hidden_size': 86, 'dropout': 0.18524906850061987, 'hidden_continuous_size': 56, 'attention_head_size': 3, 'learning_rate': 0.029569522175848136}. Best is trial 14 with value: 92.18594360351562.
LOCAL_RANK: 0 - CUDA_VISIBLE_DEVICES: [0]
[I 2023-11-30 09:23:32,394] Trial 37 finished with value: 206.6851806640625 and parameters: {'gradient_clip_val': 0.11697135664048657, 'hidden_size': 67, 'dropout': 0.21501011805957038, 'hidden_continuous_size': 40, 'attention_head_size': 2, 'learning_rate': 0.021988372347079337}. Best is trial 14 with value: 92.18594360351562.
LOCAL_RANK: 0 - CUDA_VISIBLE_DEVICES: [0]
[I 2023-11-30 09:23:45,531] Trial 38 finished with value: 123.8799057006836 and parameters: {'gradient_clip_val': 0.14230298289306054, 'hidden_size': 52, 'dropout': 0.2260011964032601, 'hidden_continuous_size': 36, 'attention_head_size': 3, 'learning_rate': 0.04513287161245441}. Best is trial 14 with value: 92.18594360351562.
LOCAL_RANK: 0 - CUDA_VISIBLE_DEVICES: [0]
[I 2023-11-30 09:23:59,238] Trial 39 finished with value: 174.9374237060547 and parameters: {'gradient_clip_val': 0.12827076610249308, 'hidden_size': 92, 'dropout': 0.2704762422565799, 'hidden_continuous_size': 47, 'attention_head_size': 1, 'learning_rate': 0.07088994953489218}. Best is trial 14 with value: 92.18594360351562.
LOCAL_RANK: 0 - CUDA_VISIBLE_DEVICES: [0]
[I 2023-11-30 09:24:12,791] Trial 40 finished with value: 122.7858657836914 and parameters: {'gradient_clip_val': 0.11493099950097418, 'hidden_size': 65, 'dropout': 0.15600730930057066, 'hidden_continuous_size': 43, 'attention_head_size': 3, 'learning_rate': 0.029055324589638925}. Best is trial 14 with value: 92.18594360351562.
LOCAL_RANK: 0 - CUDA_VISIBLE_DEVICES: [0]
[I 2023-11-30 09:24:27,190] Trial 41 finished with value: 152.32745361328125 and parameters: {'gradient_clip_val': 0.10065975467651418, 'hidden_size': 117, 'dropout': 0.1473822579428889, 'hidden_continuous_size': 63, 'attention_head_size': 4, 'learning_rate': 0.06013529760069097}. Best is trial 14 with value: 92.18594360351562.
LOCAL_RANK: 0 - CUDA_VISIBLE_DEVICES: [0]
[I 2023-11-30 09:24:40,936] Trial 42 finished with value: 194.6217041015625 and parameters: {'gradient_clip_val': 0.12638929777637412, 'hidden_size': 80, 'dropout': 0.13878630459793614, 'hidden_continuous_size': 48, 'attention_head_size': 4, 'learning_rate': 0.05377740658979765}. Best is trial 14 with value: 92.18594360351562.
LOCAL_RANK: 0 - CUDA_VISIBLE_DEVICES: [0]
[I 2023-11-30 09:24:55,104] Trial 43 finished with value: 130.90733337402344 and parameters: {'gradient_clip_val': 0.14591119360728474, 'hidden_size': 101, 'dropout': 0.11648234148714937, 'hidden_continuous_size': 63, 'attention_head_size': 4, 'learning_rate': 0.0740404938671949}. Best is trial 14 with value: 92.18594360351562.
LOCAL_RANK: 0 - CUDA_VISIBLE_DEVICES: [0]
[I 2023-11-30 09:25:08,903] Trial 44 finished with value: 154.3747100830078 and parameters: {'gradient_clip_val': 0.11343260113821389, 'hidden_size': 76, 'dropout': 0.13895908693753709, 'hidden_continuous_size': 51, 'attention_head_size': 4, 'learning_rate': 0.03843223136412325}. Best is trial 14 with value: 92.18594360351562.
LOCAL_RANK: 0 - CUDA_VISIBLE_DEVICES: [0]
[I 2023-11-30 09:25:23,249] Trial 45 finished with value: 112.2214584350586 and parameters: {'gradient_clip_val': 0.1588224465701203, 'hidden_size': 121, 'dropout': 0.11602225579908917, 'hidden_continuous_size': 86, 'attention_head_size': 2, 'learning_rate': 0.07896506568636338}. Best is trial 14 with value: 92.18594360351562.
LOCAL_RANK: 0 - CUDA_VISIBLE_DEVICES: [0]
[I 2023-11-30 09:25:37,201] Trial 46 finished with value: 163.6658477783203 and parameters: {'gradient_clip_val': 0.13473895938364377, 'hidden_size': 92, 'dropout': 0.17153314476645284, 'hidden_continuous_size': 61, 'attention_head_size': 3, 'learning_rate': 0.051810588528986776}. Best is trial 14 with value: 92.18594360351562.
LOCAL_RANK: 0 - CUDA_VISIBLE_DEVICES: [0]
[I 2023-11-30 09:25:50,509] Trial 47 finished with value: 177.5143585205078 and parameters: {'gradient_clip_val': 0.10905126830637266, 'hidden_size': 65, 'dropout': 0.15480615786807064, 'hidden_continuous_size': 20, 'attention_head_size': 4, 'learning_rate': 0.08389201673800602}. Best is trial 14 with value: 92.18594360351562.
LOCAL_RANK: 0 - CUDA_VISIBLE_DEVICES: [0]
[I 2023-11-30 09:26:04,646] Trial 48 finished with value: 142.3198699951172 and parameters: {'gradient_clip_val': 0.12273706967329936, 'hidden_size': 107, 'dropout': 0.19162484005826758, 'hidden_continuous_size': 55, 'attention_head_size': 4, 'learning_rate': 0.05792322985866689}. Best is trial 14 with value: 92.18594360351562.
LOCAL_RANK: 0 - CUDA_VISIBLE_DEVICES: [0]
[I 2023-11-30 09:26:18,357] Trial 49 finished with value: 149.6243438720703 and parameters: {'gradient_clip_val': 0.10071250962915658, 'hidden_size': 80, 'dropout': 0.13601194769356895, 'hidden_continuous_size': 52, 'attention_head_size': 3, 'learning_rate': 0.017808252282793466}. Best is trial 14 with value: 92.18594360351562.
LOCAL_RANK: 0 - CUDA_VISIBLE_DEVICES: [0]
[I 2023-11-30 09:26:32,818] Trial 50 finished with value: 109.047119140625 and parameters: {'gradient_clip_val': 0.10994209245399368, 'hidden_size': 131, 'dropout': 0.11171332327308298, 'hidden_continuous_size': 102, 'attention_head_size': 2, 'learning_rate': 0.012414102693593295}. Best is trial 14 with value: 92.18594360351562.
LOCAL_RANK: 0 - CUDA_VISIBLE_DEVICES: [0]
[I 2023-11-30 09:26:47,449] Trial 51 finished with value: 175.2392578125 and parameters: {'gradient_clip_val': 0.11028406918257992, 'hidden_size': 127, 'dropout': 0.11625486185498167, 'hidden_continuous_size': 101, 'attention_head_size': 2, 'learning_rate': 0.011459279388605845}. Best is trial 14 with value: 92.18594360351562.
LOCAL_RANK: 0 - CUDA_VISIBLE_DEVICES: [0]
[I 2023-11-30 09:27:01,996] Trial 52 finished with value: 140.6688232421875 and parameters: {'gradient_clip_val': 0.13651868564914552, 'hidden_size': 130, 'dropout': 0.1113689276748458, 'hidden_continuous_size': 105, 'attention_head_size': 2, 'learning_rate': 0.032856445519870395}. Best is trial 14 with value: 92.18594360351562.
LOCAL_RANK: 0 - CUDA_VISIBLE_DEVICES: [0]
[I 2023-11-30 09:27:16,294] Trial 53 finished with value: 133.58592224121094 and parameters: {'gradient_clip_val': 0.12089025806732834, 'hidden_size': 110, 'dropout': 0.14409328009536837, 'hidden_continuous_size': 77, 'attention_head_size': 2, 'learning_rate': 0.0442104218054871}. Best is trial 14 with value: 92.18594360351562.
LOCAL_RANK: 0 - CUDA_VISIBLE_DEVICES: [0]
[I 2023-11-30 09:27:30,229] Trial 54 finished with value: 163.1179962158203 and parameters: {'gradient_clip_val': 0.10826433920765695, 'hidden_size': 96, 'dropout': 0.1288414778950348, 'hidden_continuous_size': 67, 'attention_head_size': 2, 'learning_rate': 0.025293606783451213}. Best is trial 14 with value: 92.18594360351562.
LOCAL_RANK: 0 - CUDA_VISIBLE_DEVICES: [0]
[I 2023-11-30 09:27:45,167] Trial 55 finished with value: 126.7058334350586 and parameters: {'gradient_clip_val': 0.14846658486870448, 'hidden_size': 150, 'dropout': 0.16168671206842694, 'hidden_continuous_size': 118, 'attention_head_size': 4, 'learning_rate': 0.04354811501833113}. Best is trial 14 with value: 92.18594360351562.
LOCAL_RANK: 0 - CUDA_VISIBLE_DEVICES: [0]
[I 2023-11-30 09:27:59,766] Trial 56 finished with value: 118.9520492553711 and parameters: {'gradient_clip_val': 0.12821376694544684, 'hidden_size': 133, 'dropout': 0.11114853422288837, 'hidden_continuous_size': 83, 'attention_head_size': 2, 'learning_rate': 0.08766952734381935}. Best is trial 14 with value: 92.18594360351562.
LOCAL_RANK: 0 - CUDA_VISIBLE_DEVICES: [0]
[I 2023-11-30 09:28:14,095] Trial 57 finished with value: 134.77325439453125 and parameters: {'gradient_clip_val': 0.16914038971655798, 'hidden_size': 103, 'dropout': 0.10169610705696344, 'hidden_continuous_size': 85, 'attention_head_size': 4, 'learning_rate': 0.06762414418288228}. Best is trial 14 with value: 92.18594360351562.
LOCAL_RANK: 0 - CUDA_VISIBLE_DEVICES: [0]
[I 2023-11-30 09:28:28,241] Trial 58 finished with value: 180.06443786621094 and parameters: {'gradient_clip_val': 0.10002709688281078, 'hidden_size': 120, 'dropout': 0.17248006376786473, 'hidden_continuous_size': 76, 'attention_head_size': 1, 'learning_rate': 0.05168139800944922}. Best is trial 14 with value: 92.18594360351562.
LOCAL_RANK: 0 - CUDA_VISIBLE_DEVICES: [0]
[I 2023-11-30 09:28:42,061] Trial 59 finished with value: 125.9906005859375 and parameters: {'gradient_clip_val': 0.18845337800537715, 'hidden_size': 72, 'dropout': 0.12346004439932269, 'hidden_continuous_size': 59, 'attention_head_size': 3, 'learning_rate': 0.035068363027855036}. Best is trial 14 with value: 92.18594360351562.
LOCAL_RANK: 0 - CUDA_VISIBLE_DEVICES: [0]
[I 2023-11-30 09:28:56,151] Trial 60 finished with value: 116.87005615234375 and parameters: {'gradient_clip_val': 0.15050256069905896, 'hidden_size': 85, 'dropout': 0.1477427764350921, 'hidden_continuous_size': 70, 'attention_head_size': 3, 'learning_rate': 0.0616178891126226}. Best is trial 14 with value: 92.18594360351562.
LOCAL_RANK: 0 - CUDA_VISIBLE_DEVICES: [0]
[I 2023-11-30 09:29:10,453] Trial 61 finished with value: 174.84278869628906 and parameters: {'gradient_clip_val': 0.16236842087228623, 'hidden_size': 86, 'dropout': 0.18701434589526875, 'hidden_continuous_size': 67, 'attention_head_size': 3, 'learning_rate': 0.027262888217892477}. Best is trial 14 with value: 92.18594360351562.
LOCAL_RANK: 0 - CUDA_VISIBLE_DEVICES: [0]
[I 2023-11-30 09:29:24,526] Trial 62 finished with value: 180.435546875 and parameters: {'gradient_clip_val': 0.13293615920277999, 'hidden_size': 113, 'dropout': 0.18259372546769564, 'hidden_continuous_size': 55, 'attention_head_size': 3, 'learning_rate': 0.03023962657937691}. Best is trial 14 with value: 92.18594360351562.
LOCAL_RANK: 0 - CUDA_VISIBLE_DEVICES: [0]
[I 2023-11-30 09:29:38,797] Trial 63 finished with value: 212.6085662841797 and parameters: {'gradient_clip_val': 0.1166155722019491, 'hidden_size': 91, 'dropout': 0.16258472498152085, 'hidden_continuous_size': 78, 'attention_head_size': 3, 'learning_rate': 0.04093778112282395}. Best is trial 14 with value: 92.18594360351562.
LOCAL_RANK: 0 - CUDA_VISIBLE_DEVICES: [0]
[I 2023-11-30 09:29:52,855] Trial 64 finished with value: 127.4223403930664 and parameters: {'gradient_clip_val': 0.10708148060846609, 'hidden_size': 101, 'dropout': 0.1376722973345026, 'hidden_continuous_size': 47, 'attention_head_size': 4, 'learning_rate': 0.053058692779317476}. Best is trial 14 with value: 92.18594360351562.
LOCAL_RANK: 0 - CUDA_VISIBLE_DEVICES: [0]
[I 2023-11-30 09:30:06,590] Trial 65 finished with value: 155.07191467285156 and parameters: {'gradient_clip_val': 0.14903398054185005, 'hidden_size': 76, 'dropout': 0.127472172706588, 'hidden_continuous_size': 63, 'attention_head_size': 3, 'learning_rate': 0.034365556280956895}. Best is trial 14 with value: 92.18594360351562.
LOCAL_RANK: 0 - CUDA_VISIBLE_DEVICES: [0]
[I 2023-11-30 09:30:20,267] Trial 66 finished with value: 183.5645294189453 and parameters: {'gradient_clip_val': 0.16857506743386208, 'hidden_size': 60, 'dropout': 0.15319488072890813, 'hidden_continuous_size': 54, 'attention_head_size': 4, 'learning_rate': 0.07428877358344493}. Best is trial 14 with value: 92.18594360351562.
LOCAL_RANK: 0 - CUDA_VISIBLE_DEVICES: [0]
[I 2023-11-30 09:30:34,886] Trial 67 finished with value: 158.79811096191406 and parameters: {'gradient_clip_val': 0.12408202389713016, 'hidden_size': 139, 'dropout': 0.14283384300563914, 'hidden_continuous_size': 91, 'attention_head_size': 2, 'learning_rate': 0.018621646410693686}. Best is trial 14 with value: 92.18594360351562.
LOCAL_RANK: 0 - CUDA_VISIBLE_DEVICES: [0]
[I 2023-11-30 09:30:48,876] Trial 68 finished with value: 168.85975646972656 and parameters: {'gradient_clip_val': 0.1389687822224685, 'hidden_size': 89, 'dropout': 0.12089054877520643, 'hidden_continuous_size': 58, 'attention_head_size': 3, 'learning_rate': 0.04809593089901022}. Best is trial 14 with value: 92.18594360351562.
LOCAL_RANK: 0 - CUDA_VISIBLE_DEVICES: [0]
[I 2023-11-30 09:31:03,349] Trial 69 finished with value: 126.3456802368164 and parameters: {'gradient_clip_val': 0.15924836495948919, 'hidden_size': 109, 'dropout': 0.13082285958408119, 'hidden_continuous_size': 91, 'attention_head_size': 4, 'learning_rate': 0.09823399563045143}. Best is trial 14 with value: 92.18594360351562.
LOCAL_RANK: 0 - CUDA_VISIBLE_DEVICES: [0]
[I 2023-11-30 09:31:17,552] Trial 70 finished with value: 101.16947174072266 and parameters: {'gradient_clip_val': 0.11538549542892225, 'hidden_size': 99, 'dropout': 0.1762576587664431, 'hidden_continuous_size': 70, 'attention_head_size': 3, 'learning_rate': 0.04085744044132388}. Best is trial 14 with value: 92.18594360351562.
LOCAL_RANK: 0 - CUDA_VISIBLE_DEVICES: [0]
[I 2023-11-30 09:31:32,038] Trial 71 finished with value: 112.62667083740234 and parameters: {'gradient_clip_val': 0.11448012150988765, 'hidden_size': 97, 'dropout': 0.17330378235886018, 'hidden_continuous_size': 73, 'attention_head_size': 3, 'learning_rate': 0.03985241724353606}. Best is trial 14 with value: 92.18594360351562.
LOCAL_RANK: 0 - CUDA_VISIBLE_DEVICES: [0]
[I 2023-11-30 09:31:46,140] Trial 72 finished with value: 105.4682388305664 and parameters: {'gradient_clip_val': 0.10748120184014864, 'hidden_size': 79, 'dropout': 0.15768273367664454, 'hidden_continuous_size': 67, 'attention_head_size': 3, 'learning_rate': 0.030513502283109843}. Best is trial 14 with value: 92.18594360351562.
LOCAL_RANK: 0 - CUDA_VISIBLE_DEVICES: [0]
[I 2023-11-30 09:32:00,176] Trial 73 finished with value: 93.36737060546875 and parameters: {'gradient_clip_val': 0.10644072488554544, 'hidden_size': 78, 'dropout': 0.15743619117217889, 'hidden_continuous_size': 68, 'attention_head_size': 3, 'learning_rate': 0.06044885754224745}. Best is trial 14 with value: 92.18594360351562.
LOCAL_RANK: 0 - CUDA_VISIBLE_DEVICES: [0]
[I 2023-11-30 09:32:14,110] Trial 74 finished with value: 204.48008728027344 and parameters: {'gradient_clip_val': 0.10591775917036103, 'hidden_size': 78, 'dropout': 0.16015750907193052, 'hidden_continuous_size': 67, 'attention_head_size': 3, 'learning_rate': 0.06370443424072343}. Best is trial 14 with value: 92.18594360351562.
LOCAL_RANK: 0 - CUDA_VISIBLE_DEVICES: [0]
[I 2023-11-30 09:32:28,013] Trial 75 finished with value: 134.3531951904297 and parameters: {'gradient_clip_val': 0.12770491994660818, 'hidden_size': 73, 'dropout': 0.1511434385614335, 'hidden_continuous_size': 64, 'attention_head_size': 3, 'learning_rate': 0.057338769454078585}. Best is trial 14 with value: 92.18594360351562.
LOCAL_RANK: 0 - CUDA_VISIBLE_DEVICES: [0]
