[I 2023-11-30 13:28:55,100] Trial 77 finished with value: 345.8351745605469 and parameters: {'gradient_clip_val': 0.18579942870969426, 'hidden_size': 12, 'dropout': 0.1948822004050753, 'hidden_continuous_size': 10, 'attention_head_size': 4, 'learning_rate': 0.05266219186212777}. Best is trial 27 with value: 297.06573486328125.
LOCAL_RANK: 0 - CUDA_VISIBLE_DEVICES: [0]
[I 2023-11-30 13:29:07,527] Trial 78 finished with value: 340.572021484375 and parameters: {'gradient_clip_val': 0.19564725234271038, 'hidden_size': 21, 'dropout': 0.11792931143252419, 'hidden_continuous_size': 13, 'attention_head_size': 4, 'learning_rate': 0.04087477351600222}. Best is trial 27 with value: 297.06573486328125.
LOCAL_RANK: 0 - CUDA_VISIBLE_DEVICES: [0]
[I 2023-11-30 13:29:17,933] Trial 79 finished with value: 496.42724609375 and parameters: {'gradient_clip_val': 0.22362708003005194, 'hidden_size': 10, 'dropout': 0.1521649259674175, 'hidden_continuous_size': 10, 'attention_head_size': 4, 'learning_rate': 0.03223215607108458}. Best is trial 27 with value: 297.06573486328125.
LOCAL_RANK: 0 - CUDA_VISIBLE_DEVICES: [0]
[I 2023-11-30 13:29:30,515] Trial 80 finished with value: 347.9082946777344 and parameters: {'gradient_clip_val': 0.16901780138944614, 'hidden_size': 19, 'dropout': 0.1742739371083373, 'hidden_continuous_size': 12, 'attention_head_size': 4, 'learning_rate': 0.05975398138311163}. Best is trial 27 with value: 297.06573486328125.
LOCAL_RANK: 0 - CUDA_VISIBLE_DEVICES: [0]
[I 2023-11-30 13:29:42,504] Trial 81 finished with value: 363.7227783203125 and parameters: {'gradient_clip_val': 0.1806929168751721, 'hidden_size': 16, 'dropout': 0.14519399362730195, 'hidden_continuous_size': 11, 'attention_head_size': 3, 'learning_rate': 0.04721824156853224}. Best is trial 27 with value: 297.06573486328125.
LOCAL_RANK: 0 - CUDA_VISIBLE_DEVICES: [0]
[I 2023-11-30 13:29:54,459] Trial 82 finished with value: 359.028564453125 and parameters: {'gradient_clip_val': 0.20640378366402712, 'hidden_size': 14, 'dropout': 0.1256232939404858, 'hidden_continuous_size': 11, 'attention_head_size': 3, 'learning_rate': 0.035135956976943154}. Best is trial 27 with value: 297.06573486328125.
LOCAL_RANK: 0 - CUDA_VISIBLE_DEVICES: [0]
[I 2023-11-30 13:30:06,683] Trial 83 finished with value: 420.7472229003906 and parameters: {'gradient_clip_val': 0.17207517254804805, 'hidden_size': 15, 'dropout': 0.1330624338680466, 'hidden_continuous_size': 12, 'attention_head_size': 3, 'learning_rate': 0.0752009559273008}. Best is trial 27 with value: 297.06573486328125.
LOCAL_RANK: 0 - CUDA_VISIBLE_DEVICES: [0]
[I 2023-11-30 13:30:18,915] Trial 84 finished with value: 362.8589782714844 and parameters: {'gradient_clip_val': 0.1866326365246402, 'hidden_size': 17, 'dropout': 0.154796819430531, 'hidden_continuous_size': 15, 'attention_head_size': 2, 'learning_rate': 0.0278693359166663}. Best is trial 27 with value: 297.06573486328125.
LOCAL_RANK: 0 - CUDA_VISIBLE_DEVICES: [0]
[I 2023-11-30 13:30:30,821] Trial 85 finished with value: 372.705078125 and parameters: {'gradient_clip_val': 0.1988753487648331, 'hidden_size': 16, 'dropout': 0.16672914263593053, 'hidden_continuous_size': 12, 'attention_head_size': 1, 'learning_rate': 0.043372075493146416}. Best is trial 27 with value: 297.06573486328125.
LOCAL_RANK: 0 - CUDA_VISIBLE_DEVICES: [0]
[I 2023-11-30 13:30:44,022] Trial 86 finished with value: 340.4215087890625 and parameters: {'gradient_clip_val': 0.15692662994462858, 'hidden_size': 45, 'dropout': 0.14340888226098236, 'hidden_continuous_size': 32, 'attention_head_size': 4, 'learning_rate': 0.05534858547256291}. Best is trial 27 with value: 297.06573486328125.
LOCAL_RANK: 0 - CUDA_VISIBLE_DEVICES: [0]
[I 2023-11-30 13:30:56,113] Trial 87 finished with value: 339.3874816894531 and parameters: {'gradient_clip_val': 0.14231318076323035, 'hidden_size': 11, 'dropout': 0.1646589588277411, 'hidden_continuous_size': 10, 'attention_head_size': 3, 'learning_rate': 0.03902495313486005}. Best is trial 27 with value: 297.06573486328125.
LOCAL_RANK: 0 - CUDA_VISIBLE_DEVICES: [0]
[I 2023-11-30 13:31:08,298] Trial 88 finished with value: 376.553466796875 and parameters: {'gradient_clip_val': 0.2405753169385247, 'hidden_size': 18, 'dropout': 0.11932822723577129, 'hidden_continuous_size': 11, 'attention_head_size': 2, 'learning_rate': 0.06121565041508695}. Best is trial 27 with value: 297.06573486328125.
LOCAL_RANK: 0 - CUDA_VISIBLE_DEVICES: [0]
[I 2023-11-30 13:31:21,075] Trial 89 finished with value: 366.8001403808594 and parameters: {'gradient_clip_val': 0.2119102020529094, 'hidden_size': 33, 'dropout': 0.18194044390180303, 'hidden_continuous_size': 19, 'attention_head_size': 4, 'learning_rate': 0.05299243529042528}. Best is trial 27 with value: 297.06573486328125.
LOCAL_RANK: 0 - CUDA_VISIBLE_DEVICES: [0]
[I 2023-11-30 13:31:33,540] Trial 90 finished with value: 320.4065246582031 and parameters: {'gradient_clip_val': 0.18955118567456175, 'hidden_size': 13, 'dropout': 0.13552077273238602, 'hidden_continuous_size': 11, 'attention_head_size': 3, 'learning_rate': 0.0912418711087279}. Best is trial 27 with value: 297.06573486328125.
LOCAL_RANK: 0 - CUDA_VISIBLE_DEVICES: [0]
[I 2023-11-30 13:31:45,688] Trial 91 finished with value: 377.775390625 and parameters: {'gradient_clip_val': 0.16251231853955722, 'hidden_size': 13, 'dropout': 0.1363074438942807, 'hidden_continuous_size': 11, 'attention_head_size': 3, 'learning_rate': 0.09796918893516968}. Best is trial 27 with value: 297.06573486328125.
LOCAL_RANK: 0 - CUDA_VISIBLE_DEVICES: [0]
[I 2023-11-30 13:31:57,833] Trial 92 finished with value: 346.1048278808594 and parameters: {'gradient_clip_val': 0.1883108015778181, 'hidden_size': 14, 'dropout': 0.1480209098107663, 'hidden_continuous_size': 11, 'attention_head_size': 3, 'learning_rate': 0.08806240386550941}. Best is trial 27 with value: 297.06573486328125.
LOCAL_RANK: 0 - CUDA_VISIBLE_DEVICES: [0]
[I 2023-11-30 13:32:10,040] Trial 93 finished with value: 361.0577697753906 and parameters: {'gradient_clip_val': 0.1722123346708873, 'hidden_size': 17, 'dropout': 0.1301506764698976, 'hidden_continuous_size': 11, 'attention_head_size': 3, 'learning_rate': 0.06679068624780514}. Best is trial 27 with value: 297.06573486328125.
LOCAL_RANK: 0 - CUDA_VISIBLE_DEVICES: [0]
[I 2023-11-30 13:32:22,168] Trial 94 finished with value: 340.76995849609375 and parameters: {'gradient_clip_val': 0.21804286964626082, 'hidden_size': 15, 'dropout': 0.1541979745161028, 'hidden_continuous_size': 12, 'attention_head_size': 3, 'learning_rate': 0.0742345664228681}. Best is trial 27 with value: 297.06573486328125.
LOCAL_RANK: 0 - CUDA_VISIBLE_DEVICES: [0]
[I 2023-11-30 13:32:34,190] Trial 95 finished with value: 405.1121826171875 and parameters: {'gradient_clip_val': 0.18146423348872767, 'hidden_size': 12, 'dropout': 0.13881561860881653, 'hidden_continuous_size': 10, 'attention_head_size': 3, 'learning_rate': 0.04982519358234658}. Best is trial 27 with value: 297.06573486328125.
LOCAL_RANK: 0 - CUDA_VISIBLE_DEVICES: [0]
[I 2023-11-30 13:32:46,045] Trial 96 finished with value: 329.4657897949219 and parameters: {'gradient_clip_val': 0.20094448221649538, 'hidden_size': 15, 'dropout': 0.11141432691879088, 'hidden_continuous_size': 11, 'attention_head_size': 2, 'learning_rate': 0.044812142247041345}. Best is trial 27 with value: 297.06573486328125.
LOCAL_RANK: 0 - CUDA_VISIBLE_DEVICES: [0]
[I 2023-11-30 13:32:58,016] Trial 97 finished with value: 378.9791564941406 and parameters: {'gradient_clip_val': 0.19972090794127906, 'hidden_size': 13, 'dropout': 0.12220320691024303, 'hidden_continuous_size': 11, 'attention_head_size': 2, 'learning_rate': 0.07746071087679737}. Best is trial 27 with value: 297.06573486328125.
LOCAL_RANK: 0 - CUDA_VISIBLE_DEVICES: [0]
[I 2023-11-30 13:33:09,951] Trial 98 finished with value: 343.0887145996094 and parameters: {'gradient_clip_val': 0.22750455229518915, 'hidden_size': 20, 'dropout': 0.1115238327789708, 'hidden_continuous_size': 13, 'attention_head_size': 2, 'learning_rate': 0.04109260414471752}. Best is trial 27 with value: 297.06573486328125.
LOCAL_RANK: 0 - CUDA_VISIBLE_DEVICES: [0]
[I 2023-11-30 13:33:21,856] Trial 99 finished with value: 380.3388671875 and parameters: {'gradient_clip_val': 0.19196603731190562, 'hidden_size': 14, 'dropout': 0.11718260608518767, 'hidden_continuous_size': 10, 'attention_head_size': 2, 'learning_rate': 0.08669145069956276}. Best is trial 27 with value: 297.06573486328125.
LOCAL_RANK: 0 - CUDA_VISIBLE_DEVICES: [0]
[I 2023-11-30 13:33:34,556] Trial 100 finished with value: 377.571044921875 and parameters: {'gradient_clip_val': 0.1514847544147098, 'hidden_size': 11, 'dropout': 0.1067130933076317, 'hidden_continuous_size': 10, 'attention_head_size': 2, 'learning_rate': 0.03128258438636555}. Best is trial 27 with value: 297.06573486328125.
LOCAL_RANK: 0 - CUDA_VISIBLE_DEVICES: [0]
[I 2023-11-30 13:33:47,926] Trial 101 finished with value: 383.5035095214844 and parameters: {'gradient_clip_val': 0.17425892314009475, 'hidden_size': 16, 'dropout': 0.1276834123563187, 'hidden_continuous_size': 11, 'attention_head_size': 2, 'learning_rate': 0.04494501820241723}. Best is trial 27 with value: 297.06573486328125.
LOCAL_RANK: 0 - CUDA_VISIBLE_DEVICES: [0]
[I 2023-11-30 13:34:01,210] Trial 102 finished with value: 333.0891418457031 and parameters: {'gradient_clip_val': 0.16053558523516134, 'hidden_size': 15, 'dropout': 0.14682901325502626, 'hidden_continuous_size': 11, 'attention_head_size': 3, 'learning_rate': 0.05816056625362356}. Best is trial 27 with value: 297.06573486328125.
LOCAL_RANK: 0 - CUDA_VISIBLE_DEVICES: [0]
[I 2023-11-30 13:34:14,532] Trial 103 finished with value: 372.3047180175781 and parameters: {'gradient_clip_val': 0.16171610013273222, 'hidden_size': 15, 'dropout': 0.1609723726214747, 'hidden_continuous_size': 11, 'attention_head_size': 3, 'learning_rate': 0.0585063226848958}. Best is trial 27 with value: 297.06573486328125.
LOCAL_RANK: 0 - CUDA_VISIBLE_DEVICES: [0]
[I 2023-11-30 13:34:27,828] Trial 104 finished with value: 382.7116394042969 and parameters: {'gradient_clip_val': 0.14866904669571862, 'hidden_size': 17, 'dropout': 0.13665137656134219, 'hidden_continuous_size': 14, 'attention_head_size': 2, 'learning_rate': 0.06577839787286208}. Best is trial 27 with value: 297.06573486328125.
LOCAL_RANK: 0 - CUDA_VISIBLE_DEVICES: [0]
[I 2023-11-30 13:34:41,369] Trial 105 finished with value: 363.7105407714844 and parameters: {'gradient_clip_val': 0.13713723638697878, 'hidden_size': 18, 'dropout': 0.17159959226705276, 'hidden_continuous_size': 12, 'attention_head_size': 3, 'learning_rate': 0.054108939861649934}. Best is trial 27 with value: 297.06573486328125.
LOCAL_RANK: 0 - CUDA_VISIBLE_DEVICES: [0]
[I 2023-11-30 13:34:54,649] Trial 106 finished with value: 382.1202087402344 and parameters: {'gradient_clip_val': 0.2035445835631803, 'hidden_size': 14, 'dropout': 0.14861395191639462, 'hidden_continuous_size': 11, 'attention_head_size': 4, 'learning_rate': 0.03560803389017163}. Best is trial 27 with value: 297.06573486328125.
LOCAL_RANK: 0 - CUDA_VISIBLE_DEVICES: [0]
[I 2023-11-30 13:35:07,734] Trial 107 finished with value: 392.4996337890625 and parameters: {'gradient_clip_val': 0.1572418111786586, 'hidden_size': 13, 'dropout': 0.15721854529709406, 'hidden_continuous_size': 11, 'attention_head_size': 3, 'learning_rate': 0.05019702088551943}. Best is trial 27 with value: 297.06573486328125.
LOCAL_RANK: 0 - CUDA_VISIBLE_DEVICES: [0]
[I 2023-11-30 13:35:21,141] Trial 108 finished with value: 323.4209899902344 and parameters: {'gradient_clip_val': 0.18539694528560385, 'hidden_size': 19, 'dropout': 0.14161415151279141, 'hidden_continuous_size': 13, 'attention_head_size': 2, 'learning_rate': 0.0383779945967921}. Best is trial 27 with value: 297.06573486328125.
LOCAL_RANK: 0 - CUDA_VISIBLE_DEVICES: [0]
[I 2023-11-30 13:35:34,558] Trial 109 finished with value: 338.6819763183594 and parameters: {'gradient_clip_val': 0.18399995198280097, 'hidden_size': 22, 'dropout': 0.13113188221414002, 'hidden_continuous_size': 13, 'attention_head_size': 2, 'learning_rate': 0.037468890948224635}. Best is trial 27 with value: 297.06573486328125.
LOCAL_RANK: 0 - CUDA_VISIBLE_DEVICES: [0]
[I 2023-11-30 13:35:48,116] Trial 110 finished with value: 381.92041015625 and parameters: {'gradient_clip_val': 0.21248355782003192, 'hidden_size': 20, 'dropout': 0.11210716184736348, 'hidden_continuous_size': 13, 'attention_head_size': 2, 'learning_rate': 0.04349662142004958}. Best is trial 27 with value: 297.06573486328125.
LOCAL_RANK: 0 - CUDA_VISIBLE_DEVICES: [0]
[I 2023-11-30 13:36:01,397] Trial 111 finished with value: 369.3367614746094 and parameters: {'gradient_clip_val': 0.19304543225222792, 'hidden_size': 19, 'dropout': 0.1406732277736823, 'hidden_continuous_size': 14, 'attention_head_size': 2, 'learning_rate': 0.05988277900605683}. Best is trial 27 with value: 297.06573486328125.
LOCAL_RANK: 0 - CUDA_VISIBLE_DEVICES: [0]
[I 2023-11-30 13:36:14,845] Trial 112 finished with value: 369.155029296875 and parameters: {'gradient_clip_val': 0.16864890638092986, 'hidden_size': 24, 'dropout': 0.1240342726207142, 'hidden_continuous_size': 16, 'attention_head_size': 2, 'learning_rate': 0.06758343869487923}. Best is trial 27 with value: 297.06573486328125.
LOCAL_RANK: 0 - CUDA_VISIBLE_DEVICES: [0]
[I 2023-11-30 13:36:28,545] Trial 113 finished with value: 341.9440612792969 and parameters: {'gradient_clip_val': 0.17806486060648521, 'hidden_size': 15, 'dropout': 0.15017017184551365, 'hidden_continuous_size': 12, 'attention_head_size': 2, 'learning_rate': 0.03996623337575409}. Best is trial 27 with value: 297.06573486328125.
LOCAL_RANK: 0 - CUDA_VISIBLE_DEVICES: [0]
[I 2023-11-30 13:36:41,813] Trial 114 finished with value: 403.11474609375 and parameters: {'gradient_clip_val': 0.2018505973082991, 'hidden_size': 16, 'dropout': 0.14040789226734798, 'hidden_continuous_size': 13, 'attention_head_size': 4, 'learning_rate': 0.04696798549418556}. Best is trial 27 with value: 297.06573486328125.
LOCAL_RANK: 0 - CUDA_VISIBLE_DEVICES: [0]
[I 2023-11-30 13:36:55,219] Trial 115 finished with value: 393.14306640625 and parameters: {'gradient_clip_val': 0.2199009806426331, 'hidden_size': 19, 'dropout': 0.16365752766717612, 'hidden_continuous_size': 12, 'attention_head_size': 3, 'learning_rate': 0.03392011645265625}. Best is trial 27 with value: 297.06573486328125.
LOCAL_RANK: 0 - CUDA_VISIBLE_DEVICES: [0]
[I 2023-11-30 13:37:08,779] Trial 116 finished with value: 385.5892028808594 and parameters: {'gradient_clip_val': 0.18564992357247223, 'hidden_size': 12, 'dropout': 0.15604664672012736, 'hidden_continuous_size': 11, 'attention_head_size': 2, 'learning_rate': 0.08285176101286194}. Best is trial 27 with value: 297.06573486328125.
LOCAL_RANK: 0 - CUDA_VISIBLE_DEVICES: [0]
[I 2023-11-30 13:37:22,727] Trial 117 finished with value: 396.7545471191406 and parameters: {'gradient_clip_val': 0.16190809734353245, 'hidden_size': 21, 'dropout': 0.1336289342725355, 'hidden_continuous_size': 17, 'attention_head_size': 4, 'learning_rate': 0.029409532554851178}. Best is trial 27 with value: 297.06573486328125.
LOCAL_RANK: 0 - CUDA_VISIBLE_DEVICES: [0]
[I 2023-11-30 13:37:36,488] Trial 118 finished with value: 379.309814453125 and parameters: {'gradient_clip_val': 0.1441207450620555, 'hidden_size': 27, 'dropout': 0.1448665389112324, 'hidden_continuous_size': 16, 'attention_head_size': 2, 'learning_rate': 0.05177988231483571}. Best is trial 27 with value: 297.06573486328125.
LOCAL_RANK: 0 - CUDA_VISIBLE_DEVICES: [0]
[I 2023-11-30 13:37:49,903] Trial 119 finished with value: 352.4480895996094 and parameters: {'gradient_clip_val': 0.16968735660199694, 'hidden_size': 17, 'dropout': 0.12188169190118289, 'hidden_continuous_size': 14, 'attention_head_size': 3, 'learning_rate': 0.05729475549244219}. Best is trial 27 with value: 297.06573486328125.
LOCAL_RANK: 0 - CUDA_VISIBLE_DEVICES: [0]
[I 2023-11-30 13:38:04,286] Trial 120 finished with value: 348.9920959472656 and parameters: {'gradient_clip_val': 0.2549071968860225, 'hidden_size': 25, 'dropout': 0.10081637237127343, 'hidden_continuous_size': 20, 'attention_head_size': 4, 'learning_rate': 0.04226901820614785}. Best is trial 27 with value: 297.06573486328125.
LOCAL_RANK: 0 - CUDA_VISIBLE_DEVICES: [0]
[I 2023-11-30 13:38:17,305] Trial 121 finished with value: 362.0536193847656 and parameters: {'gradient_clip_val': 0.17820996473917078, 'hidden_size': 16, 'dropout': 0.1474606333721974, 'hidden_continuous_size': 11, 'attention_head_size': 3, 'learning_rate': 0.047903752054581264}. Best is trial 27 with value: 297.06573486328125.
LOCAL_RANK: 0 - CUDA_VISIBLE_DEVICES: [0]
[I 2023-11-30 13:38:30,454] Trial 122 finished with value: 378.1173095703125 and parameters: {'gradient_clip_val': 0.18987666264020828, 'hidden_size': 15, 'dropout': 0.12937081304078638, 'hidden_continuous_size': 13, 'attention_head_size': 3, 'learning_rate': 0.038105717283038}. Best is trial 27 with value: 297.06573486328125.
LOCAL_RANK: 0 - CUDA_VISIBLE_DEVICES: [0]
[I 2023-11-30 13:38:43,781] Trial 123 finished with value: 363.9364929199219 and parameters: {'gradient_clip_val': 0.23346027957783289, 'hidden_size': 30, 'dropout': 0.14371105916146518, 'hidden_continuous_size': 10, 'attention_head_size': 3, 'learning_rate': 0.06250913658191212}. Best is trial 27 with value: 297.06573486328125.
LOCAL_RANK: 0 - CUDA_VISIBLE_DEVICES: [0]
[I 2023-11-30 13:38:57,408] Trial 124 finished with value: 348.181884765625 and parameters: {'gradient_clip_val': 0.15279206093475425, 'hidden_size': 23, 'dropout': 0.15297533091133605, 'hidden_continuous_size': 12, 'attention_head_size': 3, 'learning_rate': 0.06981979981082272}. Best is trial 27 with value: 297.06573486328125.
LOCAL_RANK: 0 - CUDA_VISIBLE_DEVICES: [0]
[I 2023-11-30 13:39:11,264] Trial 125 finished with value: 397.0654296875 and parameters: {'gradient_clip_val': 0.20657004571028795, 'hidden_size': 18, 'dropout': 0.1354910965753908, 'hidden_continuous_size': 14, 'attention_head_size': 3, 'learning_rate': 0.02552727744925502}. Best is trial 27 with value: 297.06573486328125.
LOCAL_RANK: 0 - CUDA_VISIBLE_DEVICES: [0]
[I 2023-11-30 13:39:24,694] Trial 126 finished with value: 337.3829650878906 and parameters: {'gradient_clip_val': 0.17444831143879838, 'hidden_size': 17, 'dropout': 0.17715756377336825, 'hidden_continuous_size': 11, 'attention_head_size': 3, 'learning_rate': 0.045052277502372194}. Best is trial 27 with value: 297.06573486328125.
LOCAL_RANK: 0 - CUDA_VISIBLE_DEVICES: [0]
[I 2023-11-30 13:39:39,027] Trial 127 finished with value: 373.1802673339844 and parameters: {'gradient_clip_val': 0.1650648167137994, 'hidden_size': 53, 'dropout': 0.16085207036501625, 'hidden_continuous_size': 22, 'attention_head_size': 2, 'learning_rate': 0.03236477793617696}. Best is trial 27 with value: 297.06573486328125.
LOCAL_RANK: 0 - CUDA_VISIBLE_DEVICES: [0]
[I 2023-11-30 13:39:52,576] Trial 128 finished with value: 348.2117919921875 and parameters: {'gradient_clip_val': 0.21296381674477924, 'hidden_size': 13, 'dropout': 0.11476112414603012, 'hidden_continuous_size': 11, 'attention_head_size': 3, 'learning_rate': 0.05461550229123449}. Best is trial 27 with value: 297.06573486328125.
LOCAL_RANK: 0 - CUDA_VISIBLE_DEVICES: [0]
[I 2023-11-30 13:40:05,895] Trial 129 finished with value: 518.0247192382812 and parameters: {'gradient_clip_val': 0.19649299543595153, 'hidden_size': 14, 'dropout': 0.17173761131156856, 'hidden_continuous_size': 11, 'attention_head_size': 1, 'learning_rate': 0.008926831860557522}. Best is trial 27 with value: 297.06573486328125.
LOCAL_RANK: 0 - CUDA_VISIBLE_DEVICES: [0]
[I 2023-11-30 13:40:18,901] Trial 130 finished with value: 361.7760925292969 and parameters: {'gradient_clip_val': 0.1841372458482075, 'hidden_size': 16, 'dropout': 0.19151348962755532, 'hidden_continuous_size': 14, 'attention_head_size': 4, 'learning_rate': 0.09174812847090207}. Best is trial 27 with value: 297.06573486328125.
LOCAL_RANK: 0 - CUDA_VISIBLE_DEVICES: [0]
[I 2023-11-30 13:40:32,402] Trial 131 finished with value: 344.2789001464844 and parameters: {'gradient_clip_val': 0.1589512302459927, 'hidden_size': 15, 'dropout': 0.18668033994570715, 'hidden_continuous_size': 10, 'attention_head_size': 3, 'learning_rate': 0.050280077393235506}. Best is trial 27 with value: 297.06573486328125.
LOCAL_RANK: 0 - CUDA_VISIBLE_DEVICES: [0]
[I 2023-11-30 13:40:46,344] Trial 132 finished with value: 415.2171630859375 and parameters: {'gradient_clip_val': 0.17305836301252378, 'hidden_size': 36, 'dropout': 0.16697438752734867, 'hidden_continuous_size': 20, 'attention_head_size': 3, 'learning_rate': 0.0627669452366781}. Best is trial 27 with value: 297.06573486328125.
LOCAL_RANK: 0 - CUDA_VISIBLE_DEVICES: [0]
[I 2023-11-30 13:40:59,603] Trial 133 finished with value: 348.6703186035156 and parameters: {'gradient_clip_val': 0.19892962012530266, 'hidden_size': 14, 'dropout': 0.15181010646290927, 'hidden_continuous_size': 10, 'attention_head_size': 3, 'learning_rate': 0.07509317828152652}. Best is trial 27 with value: 297.06573486328125.
LOCAL_RANK: 0 - CUDA_VISIBLE_DEVICES: [0]
[I 2023-11-30 13:41:12,899] Trial 134 finished with value: 400.0595703125 and parameters: {'gradient_clip_val': 0.14733835802368445, 'hidden_size': 12, 'dropout': 0.1403411720726243, 'hidden_continuous_size': 11, 'attention_head_size': 3, 'learning_rate': 0.04372434448312818}. Best is trial 27 with value: 297.06573486328125.
LOCAL_RANK: 0 - CUDA_VISIBLE_DEVICES: [0]
[I 2023-11-30 13:41:27,254] Trial 135 finished with value: 389.3312072753906 and parameters: {'gradient_clip_val': 0.1795441932477067, 'hidden_size': 58, 'dropout': 0.15582255686867222, 'hidden_continuous_size': 18, 'attention_head_size': 3, 'learning_rate': 0.05722455283480453}. Best is trial 27 with value: 297.06573486328125.
LOCAL_RANK: 0 - CUDA_VISIBLE_DEVICES: [0]
