[I 2023-11-30 14:07:22,587] Trial 103 finished with value: 65.82860565185547 and parameters: {'gradient_clip_val': 0.25229372009316103, 'hidden_size': 42, 'dropout': 0.20119538269518925, 'hidden_continuous_size': 21, 'attention_head_size': 2, 'learning_rate': 0.01863490041006717}. Best is trial 79 with value: 58.12666320800781.
LOCAL_RANK: 0 - CUDA_VISIBLE_DEVICES: [0]
[I 2023-11-30 14:07:35,259] Trial 104 finished with value: 91.10254669189453 and parameters: {'gradient_clip_val': 0.2553505974973374, 'hidden_size': 42, 'dropout': 0.19770346965161065, 'hidden_continuous_size': 21, 'attention_head_size': 2, 'learning_rate': 0.010588519807639338}. Best is trial 79 with value: 58.12666320800781.
LOCAL_RANK: 0 - CUDA_VISIBLE_DEVICES: [0]
[I 2023-11-30 14:07:48,209] Trial 105 finished with value: 78.59516143798828 and parameters: {'gradient_clip_val': 0.2790181554364061, 'hidden_size': 49, 'dropout': 0.20772346636413053, 'hidden_continuous_size': 23, 'attention_head_size': 2, 'learning_rate': 0.006753082113783002}. Best is trial 79 with value: 58.12666320800781.
LOCAL_RANK: 0 - CUDA_VISIBLE_DEVICES: [0]
[I 2023-11-30 14:08:00,863] Trial 106 finished with value: 86.80350494384766 and parameters: {'gradient_clip_val': 0.2335314718620249, 'hidden_size': 38, 'dropout': 0.22579730954079585, 'hidden_continuous_size': 20, 'attention_head_size': 2, 'learning_rate': 0.018365987191000094}. Best is trial 79 with value: 58.12666320800781.
LOCAL_RANK: 0 - CUDA_VISIBLE_DEVICES: [0]
[I 2023-11-30 14:08:13,589] Trial 107 finished with value: 67.83443450927734 and parameters: {'gradient_clip_val': 0.2545376662316267, 'hidden_size': 46, 'dropout': 0.20271236387791775, 'hidden_continuous_size': 22, 'attention_head_size': 2, 'learning_rate': 0.008937206314323966}. Best is trial 79 with value: 58.12666320800781.
LOCAL_RANK: 0 - CUDA_VISIBLE_DEVICES: [0]
[I 2023-11-30 14:08:26,567] Trial 108 finished with value: 77.42386627197266 and parameters: {'gradient_clip_val': 0.30359612031739874, 'hidden_size': 47, 'dropout': 0.23934088150391333, 'hidden_continuous_size': 22, 'attention_head_size': 2, 'learning_rate': 0.009838224385923262}. Best is trial 79 with value: 58.12666320800781.
LOCAL_RANK: 0 - CUDA_VISIBLE_DEVICES: [0]
[I 2023-11-30 14:08:39,434] Trial 109 finished with value: 63.99155807495117 and parameters: {'gradient_clip_val': 0.24901825525632207, 'hidden_size': 43, 'dropout': 0.2016243661148144, 'hidden_continuous_size': 26, 'attention_head_size': 2, 'learning_rate': 0.009101318150663954}. Best is trial 79 with value: 58.12666320800781.
LOCAL_RANK: 0 - CUDA_VISIBLE_DEVICES: [0]
[I 2023-11-30 14:08:52,186] Trial 110 finished with value: 131.42613220214844 and parameters: {'gradient_clip_val': 0.2657077993884983, 'hidden_size': 42, 'dropout': 0.19994601574976148, 'hidden_continuous_size': 26, 'attention_head_size': 2, 'learning_rate': 0.01355128307824821}. Best is trial 79 with value: 58.12666320800781.
LOCAL_RANK: 0 - CUDA_VISIBLE_DEVICES: [0]
[I 2023-11-30 14:09:05,014] Trial 111 finished with value: 114.86849212646484 and parameters: {'gradient_clip_val': 0.25099981463909926, 'hidden_size': 45, 'dropout': 0.18807307399331877, 'hidden_continuous_size': 26, 'attention_head_size': 2, 'learning_rate': 0.008679096376635356}. Best is trial 79 with value: 58.12666320800781.
LOCAL_RANK: 0 - CUDA_VISIBLE_DEVICES: [0]
[I 2023-11-30 14:09:18,054] Trial 112 finished with value: 57.30716323852539 and parameters: {'gradient_clip_val': 0.2532527547171912, 'hidden_size': 53, 'dropout': 0.20373336626661498, 'hidden_continuous_size': 25, 'attention_head_size': 2, 'learning_rate': 0.008040270309644583}. Best is trial 112 with value: 57.30716323852539.
LOCAL_RANK: 0 - CUDA_VISIBLE_DEVICES: [0]
[I 2023-11-30 14:09:31,060] Trial 113 finished with value: 76.86930084228516 and parameters: {'gradient_clip_val': 0.26846991053577196, 'hidden_size': 52, 'dropout': 0.20384680810961067, 'hidden_continuous_size': 25, 'attention_head_size': 2, 'learning_rate': 0.009404316311808951}. Best is trial 112 with value: 57.30716323852539.
LOCAL_RANK: 0 - CUDA_VISIBLE_DEVICES: [0]
[I 2023-11-30 14:09:43,893] Trial 114 finished with value: 70.92272186279297 and parameters: {'gradient_clip_val': 0.220085768873576, 'hidden_size': 48, 'dropout': 0.17476682667828983, 'hidden_continuous_size': 29, 'attention_head_size': 2, 'learning_rate': 0.01157584785323707}. Best is trial 112 with value: 57.30716323852539.
LOCAL_RANK: 0 - CUDA_VISIBLE_DEVICES: [0]
[I 2023-11-30 14:09:56,629] Trial 115 finished with value: 96.5969467163086 and parameters: {'gradient_clip_val': 0.2387279701528168, 'hidden_size': 41, 'dropout': 0.19160728951722864, 'hidden_continuous_size': 19, 'attention_head_size': 2, 'learning_rate': 0.007455970413305807}. Best is trial 112 with value: 57.30716323852539.
LOCAL_RANK: 0 - CUDA_VISIBLE_DEVICES: [0]
[I 2023-11-30 14:10:09,626] Trial 116 finished with value: 82.37802124023438 and parameters: {'gradient_clip_val': 0.25194501757954246, 'hidden_size': 56, 'dropout': 0.21205914245088267, 'hidden_continuous_size': 22, 'attention_head_size': 2, 'learning_rate': 0.012352827750671798}. Best is trial 112 with value: 57.30716323852539.
LOCAL_RANK: 0 - CUDA_VISIBLE_DEVICES: [0]
[I 2023-11-30 14:10:22,651] Trial 117 finished with value: 86.5797119140625 and parameters: {'gradient_clip_val': 0.28985448319501345, 'hidden_size': 51, 'dropout': 0.20011692978707687, 'hidden_continuous_size': 28, 'attention_head_size': 2, 'learning_rate': 0.010971737735857644}. Best is trial 112 with value: 57.30716323852539.
LOCAL_RANK: 0 - CUDA_VISIBLE_DEVICES: [0]
[I 2023-11-30 14:10:35,536] Trial 118 finished with value: 112.72683715820312 and parameters: {'gradient_clip_val': 0.2038136298628642, 'hidden_size': 45, 'dropout': 0.19485908970216625, 'hidden_continuous_size': 20, 'attention_head_size': 2, 'learning_rate': 0.006290164942326695}. Best is trial 112 with value: 57.30716323852539.
LOCAL_RANK: 0 - CUDA_VISIBLE_DEVICES: [0]
[I 2023-11-30 14:10:48,208] Trial 119 finished with value: 69.63019561767578 and parameters: {'gradient_clip_val': 0.259753031737688, 'hidden_size': 44, 'dropout': 0.20760226089628328, 'hidden_continuous_size': 25, 'attention_head_size': 2, 'learning_rate': 0.0086056230100553}. Best is trial 112 with value: 57.30716323852539.
LOCAL_RANK: 0 - CUDA_VISIBLE_DEVICES: [0]
[I 2023-11-30 14:11:01,069] Trial 120 finished with value: 91.010009765625 and parameters: {'gradient_clip_val': 0.23070557989830703, 'hidden_size': 47, 'dropout': 0.1730297251118947, 'hidden_continuous_size': 23, 'attention_head_size': 2, 'learning_rate': 0.010018515551370491}. Best is trial 112 with value: 57.30716323852539.
LOCAL_RANK: 0 - CUDA_VISIBLE_DEVICES: [0]
[I 2023-11-30 14:11:14,103] Trial 121 finished with value: 67.36617279052734 and parameters: {'gradient_clip_val': 0.24422944085736484, 'hidden_size': 57, 'dropout': 0.22081512350967894, 'hidden_continuous_size': 23, 'attention_head_size': 2, 'learning_rate': 0.007999476384597434}. Best is trial 112 with value: 57.30716323852539.
LOCAL_RANK: 0 - CUDA_VISIBLE_DEVICES: [0]
[I 2023-11-30 14:11:26,655] Trial 122 finished with value: 85.74629974365234 and parameters: {'gradient_clip_val': 0.27325111643304806, 'hidden_size': 48, 'dropout': 0.2210459883765602, 'hidden_continuous_size': 21, 'attention_head_size': 2, 'learning_rate': 0.009076998148409829}. Best is trial 112 with value: 57.30716323852539.
LOCAL_RANK: 0 - CUDA_VISIBLE_DEVICES: [0]
[I 2023-11-30 14:11:39,408] Trial 123 finished with value: 112.4634017944336 and parameters: {'gradient_clip_val': 0.21698216390053127, 'hidden_size': 40, 'dropout': 0.1844881877170246, 'hidden_continuous_size': 18, 'attention_head_size': 2, 'learning_rate': 0.007745932885753444}. Best is trial 112 with value: 57.30716323852539.
LOCAL_RANK: 0 - CUDA_VISIBLE_DEVICES: [0]
[I 2023-11-30 14:11:53,273] Trial 124 finished with value: 62.19258499145508 and parameters: {'gradient_clip_val': 0.24050196771667687, 'hidden_size': 54, 'dropout': 0.21298458412086718, 'hidden_continuous_size': 24, 'attention_head_size': 2, 'learning_rate': 0.005829020589678381}. Best is trial 112 with value: 57.30716323852539.
LOCAL_RANK: 0 - CUDA_VISIBLE_DEVICES: [0]
[I 2023-11-30 14:12:07,528] Trial 125 finished with value: 62.37276840209961 and parameters: {'gradient_clip_val': 0.2405063491752859, 'hidden_size': 57, 'dropout': 0.21331219960390266, 'hidden_continuous_size': 25, 'attention_head_size': 2, 'learning_rate': 0.005156228202451641}. Best is trial 112 with value: 57.30716323852539.
LOCAL_RANK: 0 - CUDA_VISIBLE_DEVICES: [0]
[I 2023-11-30 14:12:22,508] Trial 126 finished with value: 100.60587310791016 and parameters: {'gradient_clip_val': 0.24175865824563234, 'hidden_size': 58, 'dropout': 0.21373394965934348, 'hidden_continuous_size': 23, 'attention_head_size': 2, 'learning_rate': 0.004510049369185005}. Best is trial 112 with value: 57.30716323852539.
LOCAL_RANK: 0 - CUDA_VISIBLE_DEVICES: [0]
[I 2023-11-30 14:12:36,719] Trial 127 finished with value: 101.45462799072266 and parameters: {'gradient_clip_val': 0.29502105928214717, 'hidden_size': 51, 'dropout': 0.2367569200626621, 'hidden_continuous_size': 17, 'attention_head_size': 2, 'learning_rate': 0.006094654338922378}. Best is trial 112 with value: 57.30716323852539.
LOCAL_RANK: 0 - CUDA_VISIBLE_DEVICES: [0]
[I 2023-11-30 14:12:51,455] Trial 128 finished with value: 75.74972534179688 and parameters: {'gradient_clip_val': 0.2800327235704931, 'hidden_size': 69, 'dropout': 0.23200956674543186, 'hidden_continuous_size': 28, 'attention_head_size': 2, 'learning_rate': 0.005350090667077357}. Best is trial 112 with value: 57.30716323852539.
LOCAL_RANK: 0 - CUDA_VISIBLE_DEVICES: [0]
[I 2023-11-30 14:13:05,542] Trial 129 finished with value: 73.48961639404297 and parameters: {'gradient_clip_val': 0.26596875101088346, 'hidden_size': 33, 'dropout': 0.2105112098649869, 'hidden_continuous_size': 19, 'attention_head_size': 2, 'learning_rate': 0.01936358125171449}. Best is trial 112 with value: 57.30716323852539.
LOCAL_RANK: 0 - CUDA_VISIBLE_DEVICES: [0]
[I 2023-11-30 14:13:19,370] Trial 130 finished with value: 68.17375946044922 and parameters: {'gradient_clip_val': 0.2294624937194249, 'hidden_size': 36, 'dropout': 0.22081424914319367, 'hidden_continuous_size': 27, 'attention_head_size': 2, 'learning_rate': 0.021242358003703027}. Best is trial 112 with value: 57.30716323852539.
LOCAL_RANK: 0 - CUDA_VISIBLE_DEVICES: [0]
[I 2023-11-30 14:13:34,006] Trial 131 finished with value: 86.01880645751953 and parameters: {'gradient_clip_val': 0.21289614164788195, 'hidden_size': 53, 'dropout': 0.20538074177022864, 'hidden_continuous_size': 24, 'attention_head_size': 2, 'learning_rate': 0.007288027417843946}. Best is trial 112 with value: 57.30716323852539.
LOCAL_RANK: 0 - CUDA_VISIBLE_DEVICES: [0]
[I 2023-11-30 14:13:49,238] Trial 132 finished with value: 98.2235336303711 and parameters: {'gradient_clip_val': 0.2022544888342457, 'hidden_size': 56, 'dropout': 0.21581317607402642, 'hidden_continuous_size': 25, 'attention_head_size': 2, 'learning_rate': 0.015026070760308421}. Best is trial 112 with value: 57.30716323852539.
LOCAL_RANK: 0 - CUDA_VISIBLE_DEVICES: [0]
[I 2023-11-30 14:14:03,441] Trial 133 finished with value: 72.03560638427734 and parameters: {'gradient_clip_val': 0.24099677615723203, 'hidden_size': 43, 'dropout': 0.1952337554023692, 'hidden_continuous_size': 25, 'attention_head_size': 2, 'learning_rate': 0.013439515782100677}. Best is trial 112 with value: 57.30716323852539.
LOCAL_RANK: 0 - CUDA_VISIBLE_DEVICES: [0]
[I 2023-11-30 14:14:17,428] Trial 134 finished with value: 66.8824462890625 and parameters: {'gradient_clip_val': 0.3073902366201555, 'hidden_size': 51, 'dropout': 0.22475704552215278, 'hidden_continuous_size': 27, 'attention_head_size': 2, 'learning_rate': 0.012651410963226289}. Best is trial 112 with value: 57.30716323852539.
LOCAL_RANK: 0 - CUDA_VISIBLE_DEVICES: [0]
[I 2023-11-30 14:14:31,563] Trial 135 finished with value: 85.0961685180664 and parameters: {'gradient_clip_val': 0.3055883315411367, 'hidden_size': 50, 'dropout': 0.22491702102044697, 'hidden_continuous_size': 27, 'attention_head_size': 2, 'learning_rate': 0.017996988927253186}. Best is trial 112 with value: 57.30716323852539.
LOCAL_RANK: 0 - CUDA_VISIBLE_DEVICES: [0]
[I 2023-11-30 14:14:45,596] Trial 136 finished with value: 124.7757797241211 and parameters: {'gradient_clip_val': 0.3253559562040599, 'hidden_size': 39, 'dropout': 0.23412017867440205, 'hidden_continuous_size': 16, 'attention_head_size': 2, 'learning_rate': 0.005154377033260392}. Best is trial 112 with value: 57.30716323852539.
LOCAL_RANK: 0 - CUDA_VISIBLE_DEVICES: [0]
[I 2023-11-30 14:14:59,887] Trial 137 finished with value: 69.27468872070312 and parameters: {'gradient_clip_val': 0.2608193952633577, 'hidden_size': 42, 'dropout': 0.24220053967910368, 'hidden_continuous_size': 29, 'attention_head_size': 2, 'learning_rate': 0.006778407989793127}. Best is trial 112 with value: 57.30716323852539.
LOCAL_RANK: 0 - CUDA_VISIBLE_DEVICES: [0]
[I 2023-11-30 14:15:14,744] Trial 138 finished with value: 104.33345794677734 and parameters: {'gradient_clip_val': 0.2241253084187224, 'hidden_size': 58, 'dropout': 0.2131725289914831, 'hidden_continuous_size': 21, 'attention_head_size': 2, 'learning_rate': 0.011616975228002119}. Best is trial 112 with value: 57.30716323852539.
LOCAL_RANK: 0 - CUDA_VISIBLE_DEVICES: [0]
[I 2023-11-30 14:15:29,231] Trial 139 finished with value: 72.03649139404297 and parameters: {'gradient_clip_val': 0.27340499132388074, 'hidden_size': 35, 'dropout': 0.22890998223246067, 'hidden_continuous_size': 20, 'attention_head_size': 2, 'learning_rate': 0.008189989817221062}. Best is trial 112 with value: 57.30716323852539.
LOCAL_RANK: 0 - CUDA_VISIBLE_DEVICES: [0]
[I 2023-11-30 14:15:43,115] Trial 140 finished with value: 82.37018585205078 and parameters: {'gradient_clip_val': 0.24328105426613933, 'hidden_size': 31, 'dropout': 0.22018924949163, 'hidden_continuous_size': 18, 'attention_head_size': 2, 'learning_rate': 0.010118176624694903}. Best is trial 112 with value: 57.30716323852539.
LOCAL_RANK: 0 - CUDA_VISIBLE_DEVICES: [0]
[I 2023-11-30 14:15:57,493] Trial 141 finished with value: 102.82110595703125 and parameters: {'gradient_clip_val': 0.2084805995614576, 'hidden_size': 52, 'dropout': 0.20724953070672056, 'hidden_continuous_size': 25, 'attention_head_size': 2, 'learning_rate': 0.01254422552272831}. Best is trial 112 with value: 57.30716323852539.
LOCAL_RANK: 0 - CUDA_VISIBLE_DEVICES: [0]
[I 2023-11-30 14:16:11,820] Trial 142 finished with value: 132.5586395263672 and parameters: {'gradient_clip_val': 0.2510400558396186, 'hidden_size': 55, 'dropout': 0.20168568833985503, 'hidden_continuous_size': 24, 'attention_head_size': 2, 'learning_rate': 0.014416841835874107}. Best is trial 112 with value: 57.30716323852539.
LOCAL_RANK: 0 - CUDA_VISIBLE_DEVICES: [0]
[I 2023-11-30 14:16:26,494] Trial 143 finished with value: 89.48978424072266 and parameters: {'gradient_clip_val': 0.23164473705930255, 'hidden_size': 49, 'dropout': 0.19071386191130965, 'hidden_continuous_size': 23, 'attention_head_size': 2, 'learning_rate': 0.016030307282366853}. Best is trial 112 with value: 57.30716323852539.
LOCAL_RANK: 0 - CUDA_VISIBLE_DEVICES: [0]
[I 2023-11-30 14:16:41,672] Trial 144 finished with value: 105.15071868896484 and parameters: {'gradient_clip_val': 0.18511145474566346, 'hidden_size': 65, 'dropout': 0.19595456502903616, 'hidden_continuous_size': 26, 'attention_head_size': 2, 'learning_rate': 0.011018530328877759}. Best is trial 112 with value: 57.30716323852539.
LOCAL_RANK: 0 - CUDA_VISIBLE_DEVICES: [0]
[I 2023-11-30 14:16:56,107] Trial 145 finished with value: 115.08383178710938 and parameters: {'gradient_clip_val': 0.19413999689214517, 'hidden_size': 58, 'dropout': 0.2172064812233304, 'hidden_continuous_size': 30, 'attention_head_size': 2, 'learning_rate': 0.017130311998245454}. Best is trial 112 with value: 57.30716323852539.
LOCAL_RANK: 0 - CUDA_VISIBLE_DEVICES: [0]
[I 2023-11-30 14:17:10,469] Trial 146 finished with value: 67.94491577148438 and parameters: {'gradient_clip_val': 0.21914575979714643, 'hidden_size': 45, 'dropout': 0.21039914207052582, 'hidden_continuous_size': 22, 'attention_head_size': 2, 'learning_rate': 0.01268993218778187}. Best is trial 112 with value: 57.30716323852539.
LOCAL_RANK: 0 - CUDA_VISIBLE_DEVICES: [0]
[I 2023-11-30 14:17:24,467] Trial 147 finished with value: 106.872314453125 and parameters: {'gradient_clip_val': 0.17357475049966636, 'hidden_size': 40, 'dropout': 0.1853708870789313, 'hidden_continuous_size': 24, 'attention_head_size': 2, 'learning_rate': 0.015043608106345006}. Best is trial 112 with value: 57.30716323852539.
LOCAL_RANK: 0 - CUDA_VISIBLE_DEVICES: [0]
[I 2023-11-30 14:17:38,864] Trial 148 finished with value: 110.77506256103516 and parameters: {'gradient_clip_val': 0.2780276060132336, 'hidden_size': 53, 'dropout': 0.2011119425585681, 'hidden_continuous_size': 21, 'attention_head_size': 2, 'learning_rate': 0.020148754387782904}. Best is trial 112 with value: 57.30716323852539.
LOCAL_RANK: 0 - CUDA_VISIBLE_DEVICES: [0]
[I 2023-11-30 14:17:53,297] Trial 149 finished with value: 117.08181762695312 and parameters: {'gradient_clip_val': 0.2508728803488498, 'hidden_size': 47, 'dropout': 0.22390336377735914, 'hidden_continuous_size': 27, 'attention_head_size': 2, 'learning_rate': 0.023051850496221098}. Best is trial 112 with value: 57.30716323852539.
[I 2023-11-30 14:17:53,421] A new study created in memory with name: no-name-5ce36eb1-d707-4bfd-8b44-7beaab29837a
/home/le004/conda/anaconda3/envs/tsff_env/lib/python3.9/site-packages/lightning/fabric/plugins/environments/slurm.py:191: The `srun` command is available on your system but is not used. HINT: If your intention is to run Lightning on SLURM, prepend your python command with `srun` like so: srun python /home/le004/master_thesis/git/TSFusionForecast/code/ ...
LOCAL_RANK: 0 - CUDA_VISIBLE_DEVICES: [0]
[I 2023-11-30 14:18:08,541] Trial 0 finished with value: 102.45599365234375 and parameters: {'gradient_clip_val': 0.38645055210498025, 'hidden_size': 68, 'dropout': 0.36991013706895237, 'hidden_continuous_size': 36, 'attention_head_size': 4, 'learning_rate': 0.005237536072525051}. Best is trial 0 with value: 102.45599365234375.
LOCAL_RANK: 0 - CUDA_VISIBLE_DEVICES: [0]
[I 2023-11-30 14:18:23,166] Trial 1 finished with value: 114.9330825805664 and parameters: {'gradient_clip_val': 0.11624088290468361, 'hidden_size': 37, 'dropout': 0.36129437687243304, 'hidden_continuous_size': 12, 'attention_head_size': 3, 'learning_rate': 0.009925142384358765}. Best is trial 0 with value: 102.45599365234375.
LOCAL_RANK: 0 - CUDA_VISIBLE_DEVICES: [0]
[I 2023-11-30 14:18:39,133] Trial 2 finished with value: 159.2830047607422 and parameters: {'gradient_clip_val': 0.33015426981042256, 'hidden_size': 143, 'dropout': 0.1748291531055018, 'hidden_continuous_size': 72, 'attention_head_size': 1, 'learning_rate': 0.0951809167090319}. Best is trial 0 with value: 102.45599365234375.
LOCAL_RANK: 0 - CUDA_VISIBLE_DEVICES: [0]
[I 2023-11-30 14:18:52,894] Trial 3 finished with value: 112.3138198852539 and parameters: {'gradient_clip_val': 0.20959429995208165, 'hidden_size': 36, 'dropout': 0.20095117711867572, 'hidden_continuous_size': 15, 'attention_head_size': 3, 'learning_rate': 0.008477139896230933}. Best is trial 0 with value: 102.45599365234375.
LOCAL_RANK: 0 - CUDA_VISIBLE_DEVICES: [0]
[I 2023-11-30 14:19:07,061] Trial 4 finished with value: 127.5041732788086 and parameters: {'gradient_clip_val': 0.382070291665322, 'hidden_size': 39, 'dropout': 0.12417384832919312, 'hidden_continuous_size': 16, 'attention_head_size': 4, 'learning_rate': 0.0061763069810576955}. Best is trial 0 with value: 102.45599365234375.
LOCAL_RANK: 0 - CUDA_VISIBLE_DEVICES: [0]
[I 2023-11-30 14:19:21,922] Trial 5 finished with value: 123.54486083984375 and parameters: {'gradient_clip_val': 0.17685470967912903, 'hidden_size': 54, 'dropout': 0.34859467457748583, 'hidden_continuous_size': 20, 'attention_head_size': 2, 'learning_rate': 0.022466760054435108}. Best is trial 0 with value: 102.45599365234375.
LOCAL_RANK: 0 - CUDA_VISIBLE_DEVICES: [0]
[I 2023-11-30 14:19:36,935] Trial 6 finished with value: 157.3793182373047 and parameters: {'gradient_clip_val': 0.9475277107416433, 'hidden_size': 62, 'dropout': 0.1032485212242781, 'hidden_continuous_size': 31, 'attention_head_size': 3, 'learning_rate': 0.0013356346721932852}. Best is trial 0 with value: 102.45599365234375.
LOCAL_RANK: 0 - CUDA_VISIBLE_DEVICES: [0]
[I 2023-11-30 14:19:50,855] Trial 7 finished with value: 82.06049346923828 and parameters: {'gradient_clip_val': 0.1838791041737704, 'hidden_size': 36, 'dropout': 0.11917015567943604, 'hidden_continuous_size': 10, 'attention_head_size': 4, 'learning_rate': 0.010700125332707096}. Best is trial 7 with value: 82.06049346923828.
LOCAL_RANK: 0 - CUDA_VISIBLE_DEVICES: [0]
[I 2023-11-30 14:20:05,900] Trial 8 finished with value: 127.58049774169922 and parameters: {'gradient_clip_val': 0.9628933158678354, 'hidden_size': 88, 'dropout': 0.2640331182641863, 'hidden_continuous_size': 55, 'attention_head_size': 1, 'learning_rate': 0.0010999768265035467}. Best is trial 7 with value: 82.06049346923828.
LOCAL_RANK: 0 - CUDA_VISIBLE_DEVICES: [0]
[I 2023-11-30 14:20:21,656] Trial 9 finished with value: 149.75144958496094 and parameters: {'gradient_clip_val': 0.3177660667850212, 'hidden_size': 139, 'dropout': 0.2997343011168386, 'hidden_continuous_size': 20, 'attention_head_size': 2, 'learning_rate': 0.005837936151544315}. Best is trial 7 with value: 82.06049346923828.
LOCAL_RANK: 0 - CUDA_VISIBLE_DEVICES: [0]
