[I 2023-11-30 05:46:32,001] Trial 74 finished with value: 175.02012634277344 and parameters: {'gradient_clip_val': 0.7862756592427383, 'hidden_size': 17, 'dropout': 0.17038593281211797, 'hidden_continuous_size': 12, 'attention_head_size': 2, 'learning_rate': 0.037119151826983776}. Best is trial 52 with value: 141.43630981445312.
LOCAL_RANK: 0 - CUDA_VISIBLE_DEVICES: [0]
[I 2023-11-30 05:46:44,079] Trial 75 finished with value: 195.75376892089844 and parameters: {'gradient_clip_val': 0.6519899003807673, 'hidden_size': 23, 'dropout': 0.13933355322294544, 'hidden_continuous_size': 12, 'attention_head_size': 2, 'learning_rate': 0.04450683449729611}. Best is trial 52 with value: 141.43630981445312.
LOCAL_RANK: 0 - CUDA_VISIBLE_DEVICES: [0]
[I 2023-11-30 05:46:56,359] Trial 76 finished with value: 212.6373291015625 and parameters: {'gradient_clip_val': 0.9223749892967636, 'hidden_size': 19, 'dropout': 0.1633991709655474, 'hidden_continuous_size': 11, 'attention_head_size': 3, 'learning_rate': 0.08524054372110214}. Best is trial 52 with value: 141.43630981445312.
LOCAL_RANK: 0 - CUDA_VISIBLE_DEVICES: [0]
[I 2023-11-30 05:47:08,374] Trial 77 finished with value: 162.97412109375 and parameters: {'gradient_clip_val': 0.8363000470128246, 'hidden_size': 21, 'dropout': 0.2113946699867868, 'hidden_continuous_size': 13, 'attention_head_size': 1, 'learning_rate': 0.06642590798053719}. Best is trial 52 with value: 141.43630981445312.
LOCAL_RANK: 0 - CUDA_VISIBLE_DEVICES: [0]
[I 2023-11-30 05:47:21,066] Trial 78 finished with value: 173.24940490722656 and parameters: {'gradient_clip_val': 0.6100648318642246, 'hidden_size': 30, 'dropout': 0.1764806067708444, 'hidden_continuous_size': 18, 'attention_head_size': 2, 'learning_rate': 0.03073663756634043}. Best is trial 52 with value: 141.43630981445312.
LOCAL_RANK: 0 - CUDA_VISIBLE_DEVICES: [0]
[I 2023-11-30 05:47:33,196] Trial 79 finished with value: 208.693115234375 and parameters: {'gradient_clip_val': 0.9956915565831729, 'hidden_size': 24, 'dropout': 0.20236560156157707, 'hidden_continuous_size': 15, 'attention_head_size': 3, 'learning_rate': 0.05781187776213627}. Best is trial 52 with value: 141.43630981445312.
LOCAL_RANK: 0 - CUDA_VISIBLE_DEVICES: [0]
[I 2023-11-30 05:47:45,402] Trial 80 finished with value: 211.8170928955078 and parameters: {'gradient_clip_val': 0.7700085164063067, 'hidden_size': 27, 'dropout': 0.19071416519468243, 'hidden_continuous_size': 10, 'attention_head_size': 2, 'learning_rate': 0.04775057484776699}. Best is trial 52 with value: 141.43630981445312.
LOCAL_RANK: 0 - CUDA_VISIBLE_DEVICES: [0]
[I 2023-11-30 05:47:57,251] Trial 81 finished with value: 136.4169158935547 and parameters: {'gradient_clip_val': 0.8392737432502738, 'hidden_size': 16, 'dropout': 0.21633776030308494, 'hidden_continuous_size': 12, 'attention_head_size': 1, 'learning_rate': 0.06898736216916107}. Best is trial 81 with value: 136.4169158935547.
LOCAL_RANK: 0 - CUDA_VISIBLE_DEVICES: [0]
[I 2023-11-30 05:48:09,284] Trial 82 finished with value: 181.4962615966797 and parameters: {'gradient_clip_val': 0.8812289400979986, 'hidden_size': 15, 'dropout': 0.21590553193309212, 'hidden_continuous_size': 12, 'attention_head_size': 1, 'learning_rate': 0.06954038939163143}. Best is trial 81 with value: 136.4169158935547.
LOCAL_RANK: 0 - CUDA_VISIBLE_DEVICES: [0]
[I 2023-11-30 05:48:21,083] Trial 83 finished with value: 191.0654754638672 and parameters: {'gradient_clip_val': 0.7299425053350125, 'hidden_size': 16, 'dropout': 0.18525694060531578, 'hidden_continuous_size': 12, 'attention_head_size': 1, 'learning_rate': 0.07541132253313691}. Best is trial 81 with value: 136.4169158935547.
LOCAL_RANK: 0 - CUDA_VISIBLE_DEVICES: [0]
[I 2023-11-30 05:48:33,137] Trial 84 finished with value: 187.2629852294922 and parameters: {'gradient_clip_val': 0.7968290664767891, 'hidden_size': 18, 'dropout': 0.19661626992879905, 'hidden_continuous_size': 11, 'attention_head_size': 1, 'learning_rate': 0.09556872656443419}. Best is trial 81 with value: 136.4169158935547.
LOCAL_RANK: 0 - CUDA_VISIBLE_DEVICES: [0]
[I 2023-11-30 05:48:45,232] Trial 85 finished with value: 176.7022705078125 and parameters: {'gradient_clip_val': 0.9585840241602334, 'hidden_size': 22, 'dropout': 0.224572581676538, 'hidden_continuous_size': 13, 'attention_head_size': 1, 'learning_rate': 0.05895595655292742}. Best is trial 81 with value: 136.4169158935547.
LOCAL_RANK: 0 - CUDA_VISIBLE_DEVICES: [0]
[I 2023-11-30 05:48:57,166] Trial 86 finished with value: 201.0104522705078 and parameters: {'gradient_clip_val': 0.6967833695773342, 'hidden_size': 14, 'dropout': 0.16878610611132092, 'hidden_continuous_size': 12, 'attention_head_size': 1, 'learning_rate': 0.07862201803625296}. Best is trial 81 with value: 136.4169158935547.
LOCAL_RANK: 0 - CUDA_VISIBLE_DEVICES: [0]
[I 2023-11-30 05:49:09,336] Trial 87 finished with value: 181.3128204345703 and parameters: {'gradient_clip_val': 0.8597616809256861, 'hidden_size': 19, 'dropout': 0.15123496053659313, 'hidden_continuous_size': 14, 'attention_head_size': 2, 'learning_rate': 0.03826236316789281}. Best is trial 81 with value: 136.4169158935547.
LOCAL_RANK: 0 - CUDA_VISIBLE_DEVICES: [0]
[I 2023-11-30 05:49:21,849] Trial 88 finished with value: 173.03025817871094 and parameters: {'gradient_clip_val': 0.9398648247305628, 'hidden_size': 25, 'dropout': 0.1755058610593188, 'hidden_continuous_size': 11, 'attention_head_size': 3, 'learning_rate': 0.08843862140863899}. Best is trial 81 with value: 136.4169158935547.
LOCAL_RANK: 0 - CUDA_VISIBLE_DEVICES: [0]
[I 2023-11-30 05:49:33,589] Trial 89 finished with value: 162.94073486328125 and parameters: {'gradient_clip_val': 0.8089125928340968, 'hidden_size': 16, 'dropout': 0.16003898433246444, 'hidden_continuous_size': 12, 'attention_head_size': 2, 'learning_rate': 0.0647980876165893}. Best is trial 81 with value: 136.4169158935547.
LOCAL_RANK: 0 - CUDA_VISIBLE_DEVICES: [0]
[I 2023-11-30 05:49:45,684] Trial 90 finished with value: 187.1132354736328 and parameters: {'gradient_clip_val': 0.6574308040047372, 'hidden_size': 21, 'dropout': 0.20376636159669648, 'hidden_continuous_size': 15, 'attention_head_size': 1, 'learning_rate': 0.04366600298234071}. Best is trial 81 with value: 136.4169158935547.
LOCAL_RANK: 0 - CUDA_VISIBLE_DEVICES: [0]
[I 2023-11-30 05:49:57,431] Trial 91 finished with value: 190.220458984375 and parameters: {'gradient_clip_val': 0.8176874069270653, 'hidden_size': 16, 'dropout': 0.16014553846648497, 'hidden_continuous_size': 12, 'attention_head_size': 2, 'learning_rate': 0.06514373963574545}. Best is trial 81 with value: 136.4169158935547.
LOCAL_RANK: 0 - CUDA_VISIBLE_DEVICES: [0]
[I 2023-11-30 05:50:09,679] Trial 92 finished with value: 184.5626983642578 and parameters: {'gradient_clip_val': 0.7538443389465098, 'hidden_size': 13, 'dropout': 0.1869724206161366, 'hidden_continuous_size': 11, 'attention_head_size': 2, 'learning_rate': 0.05108061159695302}. Best is trial 81 with value: 136.4169158935547.
LOCAL_RANK: 0 - CUDA_VISIBLE_DEVICES: [0]
[I 2023-11-30 05:50:21,853] Trial 93 finished with value: 156.9987030029297 and parameters: {'gradient_clip_val': 0.8598114699789527, 'hidden_size': 17, 'dropout': 0.16781337681753686, 'hidden_continuous_size': 12, 'attention_head_size': 2, 'learning_rate': 0.0545673876762812}. Best is trial 81 with value: 136.4169158935547.
LOCAL_RANK: 0 - CUDA_VISIBLE_DEVICES: [0]
[I 2023-11-30 05:50:33,762] Trial 94 finished with value: 186.3502655029297 and parameters: {'gradient_clip_val': 0.8603106200549488, 'hidden_size': 17, 'dropout': 0.16878120553776052, 'hidden_continuous_size': 12, 'attention_head_size': 2, 'learning_rate': 0.05483997396278911}. Best is trial 81 with value: 136.4169158935547.
LOCAL_RANK: 0 - CUDA_VISIBLE_DEVICES: [0]
[I 2023-11-30 05:50:45,845] Trial 95 finished with value: 177.83221435546875 and parameters: {'gradient_clip_val': 0.8901657522847284, 'hidden_size': 19, 'dropout': 0.19465974518715876, 'hidden_continuous_size': 14, 'attention_head_size': 2, 'learning_rate': 0.07855354491837148}. Best is trial 81 with value: 136.4169158935547.
LOCAL_RANK: 0 - CUDA_VISIBLE_DEVICES: [0]
[I 2023-11-30 05:50:58,078] Trial 96 finished with value: 181.6317138671875 and parameters: {'gradient_clip_val': 0.7153105894008515, 'hidden_size': 32, 'dropout': 0.18068603353915977, 'hidden_continuous_size': 13, 'attention_head_size': 3, 'learning_rate': 0.03528780716226984}. Best is trial 81 with value: 136.4169158935547.
LOCAL_RANK: 0 - CUDA_VISIBLE_DEVICES: [0]
[I 2023-11-30 05:51:10,274] Trial 97 finished with value: 184.2554473876953 and parameters: {'gradient_clip_val': 0.948689932429818, 'hidden_size': 20, 'dropout': 0.20923285348691648, 'hidden_continuous_size': 11, 'attention_head_size': 2, 'learning_rate': 0.040462638918616754}. Best is trial 81 with value: 136.4169158935547.
LOCAL_RANK: 0 - CUDA_VISIBLE_DEVICES: [0]
[I 2023-11-30 05:51:22,428] Trial 98 finished with value: 197.585205078125 and parameters: {'gradient_clip_val': 0.8937807092503532, 'hidden_size': 28, 'dropout': 0.14551428335262537, 'hidden_continuous_size': 10, 'attention_head_size': 3, 'learning_rate': 0.04740018915007823}. Best is trial 81 with value: 136.4169158935547.
LOCAL_RANK: 0 - CUDA_VISIBLE_DEVICES: [0]
[I 2023-11-30 05:51:34,931] Trial 99 finished with value: 214.6927490234375 and parameters: {'gradient_clip_val': 0.7647791121850288, 'hidden_size': 30, 'dropout': 0.1762183083868791, 'hidden_continuous_size': 23, 'attention_head_size': 2, 'learning_rate': 0.06934946628126945}. Best is trial 81 with value: 136.4169158935547.
LOCAL_RANK: 0 - CUDA_VISIBLE_DEVICES: [0]
[I 2023-11-30 05:51:47,166] Trial 100 finished with value: 203.1309814453125 and parameters: {'gradient_clip_val': 0.8205778974494139, 'hidden_size': 18, 'dropout': 0.15192947309992194, 'hidden_continuous_size': 14, 'attention_head_size': 2, 'learning_rate': 0.060077225717715066}. Best is trial 81 with value: 136.4169158935547.
LOCAL_RANK: 0 - CUDA_VISIBLE_DEVICES: [0]
[I 2023-11-30 05:51:59,246] Trial 101 finished with value: 228.2949981689453 and parameters: {'gradient_clip_val': 0.7922642293933887, 'hidden_size': 14, 'dropout': 0.15834522240961169, 'hidden_continuous_size': 12, 'attention_head_size': 2, 'learning_rate': 0.0636883388755832}. Best is trial 81 with value: 136.4169158935547.
LOCAL_RANK: 0 - CUDA_VISIBLE_DEVICES: [0]
[I 2023-11-30 05:52:11,483] Trial 102 finished with value: 196.29693603515625 and parameters: {'gradient_clip_val': 0.8502373772866506, 'hidden_size': 17, 'dropout': 0.16908979189551793, 'hidden_continuous_size': 12, 'attention_head_size': 2, 'learning_rate': 0.05421862065978144}. Best is trial 81 with value: 136.4169158935547.
LOCAL_RANK: 0 - CUDA_VISIBLE_DEVICES: [0]
[I 2023-11-30 05:52:23,441] Trial 103 finished with value: 165.1748809814453 and parameters: {'gradient_clip_val': 0.6878887579999262, 'hidden_size': 16, 'dropout': 0.13083704912109576, 'hidden_continuous_size': 12, 'attention_head_size': 2, 'learning_rate': 0.076325942726474}. Best is trial 81 with value: 136.4169158935547.
LOCAL_RANK: 0 - CUDA_VISIBLE_DEVICES: [0]
[I 2023-11-30 05:52:35,697] Trial 104 finished with value: 180.52561950683594 and parameters: {'gradient_clip_val': 0.9626311965896269, 'hidden_size': 15, 'dropout': 0.1837563432457133, 'hidden_continuous_size': 12, 'attention_head_size': 2, 'learning_rate': 0.08363914615534647}. Best is trial 81 with value: 136.4169158935547.
LOCAL_RANK: 0 - CUDA_VISIBLE_DEVICES: [0]
[I 2023-11-30 05:52:47,996] Trial 105 finished with value: 189.2052459716797 and parameters: {'gradient_clip_val': 0.8128749127616947, 'hidden_size': 23, 'dropout': 0.16442922646025804, 'hidden_continuous_size': 13, 'attention_head_size': 3, 'learning_rate': 0.06983354244940704}. Best is trial 81 with value: 136.4169158935547.
LOCAL_RANK: 0 - CUDA_VISIBLE_DEVICES: [0]
[I 2023-11-30 05:53:00,112] Trial 106 finished with value: 202.9541015625 and parameters: {'gradient_clip_val': 0.7356683066685038, 'hidden_size': 20, 'dropout': 0.18979294702146585, 'hidden_continuous_size': 13, 'attention_head_size': 2, 'learning_rate': 0.06217982672262063}. Best is trial 81 with value: 136.4169158935547.
LOCAL_RANK: 0 - CUDA_VISIBLE_DEVICES: [0]
[I 2023-11-30 05:53:12,386] Trial 107 finished with value: 156.04698181152344 and parameters: {'gradient_clip_val': 0.639462176551299, 'hidden_size': 22, 'dropout': 0.19953314888723356, 'hidden_continuous_size': 11, 'attention_head_size': 2, 'learning_rate': 0.05184689896754333}. Best is trial 81 with value: 136.4169158935547.
LOCAL_RANK: 0 - CUDA_VISIBLE_DEVICES: [0]
[I 2023-11-30 05:53:24,495] Trial 108 finished with value: 209.74961853027344 and parameters: {'gradient_clip_val': 0.6404459092779988, 'hidden_size': 27, 'dropout': 0.20255905837031643, 'hidden_continuous_size': 11, 'attention_head_size': 1, 'learning_rate': 0.04510002128861107}. Best is trial 81 with value: 136.4169158935547.
LOCAL_RANK: 0 - CUDA_VISIBLE_DEVICES: [0]
[I 2023-11-30 05:53:36,984] Trial 109 finished with value: 170.78765869140625 and parameters: {'gradient_clip_val': 0.6142741626886881, 'hidden_size': 29, 'dropout': 0.1968931532599898, 'hidden_continuous_size': 10, 'attention_head_size': 3, 'learning_rate': 0.05199320890214966}. Best is trial 81 with value: 136.4169158935547.
LOCAL_RANK: 0 - CUDA_VISIBLE_DEVICES: [0]
[I 2023-11-30 05:53:49,401] Trial 110 finished with value: 185.12315368652344 and parameters: {'gradient_clip_val': 0.9093907731001665, 'hidden_size': 25, 'dropout': 0.21756665266974118, 'hidden_continuous_size': 15, 'attention_head_size': 4, 'learning_rate': 0.056764147860896966}. Best is trial 81 with value: 136.4169158935547.
LOCAL_RANK: 0 - CUDA_VISIBLE_DEVICES: [0]
[I 2023-11-30 05:54:01,486] Trial 111 finished with value: 172.6300048828125 and parameters: {'gradient_clip_val': 0.7172086419757442, 'hidden_size': 21, 'dropout': 0.17846870958174332, 'hidden_continuous_size': 11, 'attention_head_size': 2, 'learning_rate': 0.04077670751349443}. Best is trial 81 with value: 136.4169158935547.
LOCAL_RANK: 0 - CUDA_VISIBLE_DEVICES: [0]
[I 2023-11-30 05:54:13,843] Trial 112 finished with value: 177.13714599609375 and parameters: {'gradient_clip_val': 0.7803414546436119, 'hidden_size': 18, 'dropout': 0.17248826932484407, 'hidden_continuous_size': 12, 'attention_head_size': 2, 'learning_rate': 0.03321723095931836}. Best is trial 81 with value: 136.4169158935547.
LOCAL_RANK: 0 - CUDA_VISIBLE_DEVICES: [0]
[I 2023-11-30 05:54:25,936] Trial 113 finished with value: 185.7870330810547 and parameters: {'gradient_clip_val': 0.8509916621467287, 'hidden_size': 19, 'dropout': 0.1923794671947589, 'hidden_continuous_size': 11, 'attention_head_size': 2, 'learning_rate': 0.09113264124257366}. Best is trial 81 with value: 136.4169158935547.
LOCAL_RANK: 0 - CUDA_VISIBLE_DEVICES: [0]
[I 2023-11-30 05:54:38,061] Trial 114 finished with value: 183.43040466308594 and parameters: {'gradient_clip_val': 0.9507066775775127, 'hidden_size': 22, 'dropout': 0.1847052285372919, 'hidden_continuous_size': 14, 'attention_head_size': 2, 'learning_rate': 0.0714433586205914}. Best is trial 81 with value: 136.4169158935547.
LOCAL_RANK: 0 - CUDA_VISIBLE_DEVICES: [0]
[I 2023-11-30 05:54:50,100] Trial 115 finished with value: 179.1873321533203 and parameters: {'gradient_clip_val': 0.6610471193839448, 'hidden_size': 24, 'dropout': 0.15932972967924666, 'hidden_continuous_size': 13, 'attention_head_size': 2, 'learning_rate': 0.027991522763165654}. Best is trial 81 with value: 136.4169158935547.
LOCAL_RANK: 0 - CUDA_VISIBLE_DEVICES: [0]
[I 2023-11-30 05:55:02,238] Trial 116 finished with value: 174.2664337158203 and parameters: {'gradient_clip_val': 0.770731836400796, 'hidden_size': 23, 'dropout': 0.1417313206815874, 'hidden_continuous_size': 11, 'attention_head_size': 2, 'learning_rate': 0.06076821280984055}. Best is trial 81 with value: 136.4169158935547.
LOCAL_RANK: 0 - CUDA_VISIBLE_DEVICES: [0]
[I 2023-11-30 05:55:14,400] Trial 117 finished with value: 183.8326416015625 and parameters: {'gradient_clip_val': 0.5762232136018303, 'hidden_size': 16, 'dropout': 0.21047491188394132, 'hidden_continuous_size': 12, 'attention_head_size': 3, 'learning_rate': 0.050945827022441235}. Best is trial 81 with value: 136.4169158935547.
LOCAL_RANK: 0 - CUDA_VISIBLE_DEVICES: [0]
[I 2023-11-30 05:55:26,489] Trial 118 finished with value: 189.44921875 and parameters: {'gradient_clip_val': 0.8829978235764929, 'hidden_size': 17, 'dropout': 0.18077960429959405, 'hidden_continuous_size': 12, 'attention_head_size': 2, 'learning_rate': 0.0821588978893199}. Best is trial 81 with value: 136.4169158935547.
LOCAL_RANK: 0 - CUDA_VISIBLE_DEVICES: [0]
[I 2023-11-30 05:55:38,428] Trial 119 finished with value: 160.59332275390625 and parameters: {'gradient_clip_val': 0.8234251603291641, 'hidden_size': 20, 'dropout': 0.16555837159782286, 'hidden_continuous_size': 14, 'attention_head_size': 1, 'learning_rate': 0.04790279178893897}. Best is trial 81 with value: 136.4169158935547.
LOCAL_RANK: 0 - CUDA_VISIBLE_DEVICES: [0]
[I 2023-11-30 05:55:50,447] Trial 120 finished with value: 170.9282989501953 and parameters: {'gradient_clip_val': 0.7009176084944045, 'hidden_size': 21, 'dropout': 0.1986565444686305, 'hidden_continuous_size': 14, 'attention_head_size': 1, 'learning_rate': 0.046020556172194964}. Best is trial 81 with value: 136.4169158935547.
LOCAL_RANK: 0 - CUDA_VISIBLE_DEVICES: [0]
[I 2023-11-30 05:56:02,323] Trial 121 finished with value: 180.0280303955078 and parameters: {'gradient_clip_val': 0.9998501561593552, 'hidden_size': 18, 'dropout': 0.16415172967380956, 'hidden_continuous_size': 14, 'attention_head_size': 1, 'learning_rate': 0.06538300016208373}. Best is trial 81 with value: 136.4169158935547.
LOCAL_RANK: 0 - CUDA_VISIBLE_DEVICES: [0]
[I 2023-11-30 05:56:14,296] Trial 122 finished with value: 197.14878845214844 and parameters: {'gradient_clip_val': 0.8151101525358779, 'hidden_size': 20, 'dropout': 0.1541872868281485, 'hidden_continuous_size': 14, 'attention_head_size': 1, 'learning_rate': 0.055090234000993256}. Best is trial 81 with value: 136.4169158935547.
LOCAL_RANK: 0 - CUDA_VISIBLE_DEVICES: [0]
[I 2023-11-30 05:56:26,319] Trial 123 finished with value: 154.3626708984375 and parameters: {'gradient_clip_val': 0.7424233455062321, 'hidden_size': 19, 'dropout': 0.17375481911203197, 'hidden_continuous_size': 14, 'attention_head_size': 1, 'learning_rate': 0.03818276781905532}. Best is trial 81 with value: 136.4169158935547.
LOCAL_RANK: 0 - CUDA_VISIBLE_DEVICES: [0]
[I 2023-11-30 05:56:38,366] Trial 124 finished with value: 176.37901306152344 and parameters: {'gradient_clip_val': 0.7428128257268398, 'hidden_size': 22, 'dropout': 0.17328606553525588, 'hidden_continuous_size': 15, 'attention_head_size': 1, 'learning_rate': 0.03205428831530221}. Best is trial 81 with value: 136.4169158935547.
LOCAL_RANK: 0 - CUDA_VISIBLE_DEVICES: [0]
[I 2023-11-30 05:56:50,358] Trial 125 finished with value: 175.95567321777344 and parameters: {'gradient_clip_val': 0.6819316742316395, 'hidden_size': 19, 'dropout': 0.19182585695434093, 'hidden_continuous_size': 14, 'attention_head_size': 1, 'learning_rate': 0.04136310536833093}. Best is trial 81 with value: 136.4169158935547.
LOCAL_RANK: 0 - CUDA_VISIBLE_DEVICES: [0]
[I 2023-11-30 05:57:02,437] Trial 126 finished with value: 217.5065460205078 and parameters: {'gradient_clip_val': 0.9069100941901578, 'hidden_size': 25, 'dropout': 0.18734107889548007, 'hidden_continuous_size': 15, 'attention_head_size': 1, 'learning_rate': 0.03792758186689075}. Best is trial 81 with value: 136.4169158935547.
LOCAL_RANK: 0 - CUDA_VISIBLE_DEVICES: [0]
[I 2023-11-30 05:57:14,610] Trial 127 finished with value: 207.65093994140625 and parameters: {'gradient_clip_val': 0.8631018828255435, 'hidden_size': 19, 'dropout': 0.16587005026156237, 'hidden_continuous_size': 14, 'attention_head_size': 1, 'learning_rate': 0.04973346171772461}. Best is trial 81 with value: 136.4169158935547.
LOCAL_RANK: 0 - CUDA_VISIBLE_DEVICES: [0]
[I 2023-11-30 05:57:27,116] Trial 128 finished with value: 153.32997131347656 and parameters: {'gradient_clip_val': 0.6334911237139667, 'hidden_size': 34, 'dropout': 0.2054834602834207, 'hidden_continuous_size': 13, 'attention_head_size': 1, 'learning_rate': 0.024980851971837796}. Best is trial 81 with value: 136.4169158935547.
LOCAL_RANK: 0 - CUDA_VISIBLE_DEVICES: [0]
[I 2023-11-30 05:57:39,731] Trial 129 finished with value: 199.9346160888672 and parameters: {'gradient_clip_val': 0.6007003008778957, 'hidden_size': 35, 'dropout': 0.2063473884032288, 'hidden_continuous_size': 19, 'attention_head_size': 1, 'learning_rate': 0.033788963821500415}. Best is trial 81 with value: 136.4169158935547.
LOCAL_RANK: 0 - CUDA_VISIBLE_DEVICES: [0]
[I 2023-11-30 05:57:51,898] Trial 130 finished with value: 181.8666534423828 and parameters: {'gradient_clip_val': 0.6449771596502015, 'hidden_size': 32, 'dropout': 0.2281541926338691, 'hidden_continuous_size': 16, 'attention_head_size': 1, 'learning_rate': 0.026191992920054634}. Best is trial 81 with value: 136.4169158935547.
LOCAL_RANK: 0 - CUDA_VISIBLE_DEVICES: [0]
[I 2023-11-30 05:58:04,153] Trial 131 finished with value: 160.45082092285156 and parameters: {'gradient_clip_val': 0.5347925290592842, 'hidden_size': 27, 'dropout': 0.19978732218919176, 'hidden_continuous_size': 13, 'attention_head_size': 1, 'learning_rate': 0.036437229961592835}. Best is trial 81 with value: 136.4169158935547.
LOCAL_RANK: 0 - CUDA_VISIBLE_DEVICES: [0]
[I 2023-11-30 05:58:16,690] Trial 132 finished with value: 196.88038635253906 and parameters: {'gradient_clip_val': 0.5325099074315331, 'hidden_size': 31, 'dropout': 0.21442594643968602, 'hidden_continuous_size': 13, 'attention_head_size': 1, 'learning_rate': 0.029065423951490126}. Best is trial 81 with value: 136.4169158935547.
LOCAL_RANK: 0 - CUDA_VISIBLE_DEVICES: [0]
