[I 2023-11-30 04:03:23,208] Trial 57 finished with value: 79.88729858398438 and parameters: {'gradient_clip_val': 0.1402435334832793, 'hidden_size': 142, 'dropout': 0.18400714326933115, 'hidden_continuous_size': 60, 'attention_head_size': 4, 'learning_rate': 0.009573515291927043}. Best is trial 53 with value: 59.2132568359375.
LOCAL_RANK: 0 - CUDA_VISIBLE_DEVICES: [0]
[I 2023-11-30 04:03:36,812] Trial 58 finished with value: 89.75745391845703 and parameters: {'gradient_clip_val': 0.18041123884167118, 'hidden_size': 95, 'dropout': 0.21692388147369188, 'hidden_continuous_size': 30, 'attention_head_size': 3, 'learning_rate': 0.013628465167504518}. Best is trial 53 with value: 59.2132568359375.
LOCAL_RANK: 0 - CUDA_VISIBLE_DEVICES: [0]
[I 2023-11-30 04:03:51,055] Trial 59 finished with value: 78.35797882080078 and parameters: {'gradient_clip_val': 0.16364797304491252, 'hidden_size': 124, 'dropout': 0.15333008670649528, 'hidden_continuous_size': 44, 'attention_head_size': 4, 'learning_rate': 0.020266739045353966}. Best is trial 53 with value: 59.2132568359375.
LOCAL_RANK: 0 - CUDA_VISIBLE_DEVICES: [0]
[I 2023-11-30 04:04:05,066] Trial 60 finished with value: 68.11122131347656 and parameters: {'gradient_clip_val': 0.1234462870854583, 'hidden_size': 105, 'dropout': 0.12560191579168895, 'hidden_continuous_size': 34, 'attention_head_size': 3, 'learning_rate': 0.017451865146086938}. Best is trial 53 with value: 59.2132568359375.
LOCAL_RANK: 0 - CUDA_VISIBLE_DEVICES: [0]
[I 2023-11-30 04:04:19,039] Trial 61 finished with value: 79.67748260498047 and parameters: {'gradient_clip_val': 0.25843131617079285, 'hidden_size': 114, 'dropout': 0.11196012173255013, 'hidden_continuous_size': 51, 'attention_head_size': 2, 'learning_rate': 0.012261982873465232}. Best is trial 53 with value: 59.2132568359375.
LOCAL_RANK: 0 - CUDA_VISIBLE_DEVICES: [0]
[I 2023-11-30 04:04:33,381] Trial 62 finished with value: 66.4374008178711 and parameters: {'gradient_clip_val': 0.23283579014125988, 'hidden_size': 141, 'dropout': 0.13765711464926841, 'hidden_continuous_size': 55, 'attention_head_size': 3, 'learning_rate': 0.007717401500457377}. Best is trial 53 with value: 59.2132568359375.
LOCAL_RANK: 0 - CUDA_VISIBLE_DEVICES: [0]
[I 2023-11-30 04:04:47,281] Trial 63 finished with value: 79.67389678955078 and parameters: {'gradient_clip_val': 0.19485379521154703, 'hidden_size': 98, 'dropout': 0.12272686607238838, 'hidden_continuous_size': 46, 'attention_head_size': 2, 'learning_rate': 0.01031984592200459}. Best is trial 53 with value: 59.2132568359375.
LOCAL_RANK: 0 - CUDA_VISIBLE_DEVICES: [0]
[I 2023-11-30 04:05:01,145] Trial 64 finished with value: 72.33319091796875 and parameters: {'gradient_clip_val': 0.1455760556215834, 'hidden_size': 84, 'dropout': 0.10879836478431107, 'hidden_continuous_size': 36, 'attention_head_size': 4, 'learning_rate': 0.014619091913086182}. Best is trial 53 with value: 59.2132568359375.
LOCAL_RANK: 0 - CUDA_VISIBLE_DEVICES: [0]
[I 2023-11-30 04:05:15,055] Trial 65 finished with value: 64.87964630126953 and parameters: {'gradient_clip_val': 0.1753402638104117, 'hidden_size': 121, 'dropout': 0.13492931847442255, 'hidden_continuous_size': 39, 'attention_head_size': 1, 'learning_rate': 0.012614668857326906}. Best is trial 53 with value: 59.2132568359375.
LOCAL_RANK: 0 - CUDA_VISIBLE_DEVICES: [0]
[I 2023-11-30 04:05:28,934] Trial 66 finished with value: 57.772708892822266 and parameters: {'gradient_clip_val': 0.22710666108499558, 'hidden_size': 108, 'dropout': 0.15935526561343266, 'hidden_continuous_size': 43, 'attention_head_size': 2, 'learning_rate': 0.008467825789392154}. Best is trial 66 with value: 57.772708892822266.
LOCAL_RANK: 0 - CUDA_VISIBLE_DEVICES: [0]
[I 2023-11-30 04:05:42,436] Trial 67 finished with value: 67.89788055419922 and parameters: {'gradient_clip_val': 0.22297894397288748, 'hidden_size': 75, 'dropout': 0.16524607304297287, 'hidden_continuous_size': 29, 'attention_head_size': 2, 'learning_rate': 0.006060140175759044}. Best is trial 66 with value: 57.772708892822266.
LOCAL_RANK: 0 - CUDA_VISIBLE_DEVICES: [0]
[I 2023-11-30 04:05:56,340] Trial 68 finished with value: 68.43890380859375 and parameters: {'gradient_clip_val': 0.2058445269173373, 'hidden_size': 104, 'dropout': 0.1500135459075099, 'hidden_continuous_size': 40, 'attention_head_size': 3, 'learning_rate': 0.01827862683778359}. Best is trial 66 with value: 57.772708892822266.
LOCAL_RANK: 0 - CUDA_VISIBLE_DEVICES: [0]
[I 2023-11-30 04:06:10,248] Trial 69 finished with value: 68.88642883300781 and parameters: {'gradient_clip_val': 0.23011060861500132, 'hidden_size': 85, 'dropout': 0.1768028387472264, 'hidden_continuous_size': 36, 'attention_head_size': 3, 'learning_rate': 0.009149366507339232}. Best is trial 66 with value: 57.772708892822266.
LOCAL_RANK: 0 - CUDA_VISIBLE_DEVICES: [0]
[I 2023-11-30 04:06:24,513] Trial 70 finished with value: 60.73627853393555 and parameters: {'gradient_clip_val': 0.24553004780406093, 'hidden_size': 134, 'dropout': 0.16202276258065773, 'hidden_continuous_size': 45, 'attention_head_size': 4, 'learning_rate': 0.008141403252406896}. Best is trial 66 with value: 57.772708892822266.
LOCAL_RANK: 0 - CUDA_VISIBLE_DEVICES: [0]
[I 2023-11-30 04:06:38,803] Trial 71 finished with value: 64.67327117919922 and parameters: {'gradient_clip_val': 0.2456515984969654, 'hidden_size': 133, 'dropout': 0.15983289949317328, 'hidden_continuous_size': 41, 'attention_head_size': 4, 'learning_rate': 0.008437454321575855}. Best is trial 66 with value: 57.772708892822266.
LOCAL_RANK: 0 - CUDA_VISIBLE_DEVICES: [0]
[I 2023-11-30 04:06:53,311] Trial 72 finished with value: 74.6788558959961 and parameters: {'gradient_clip_val': 0.20053854677814772, 'hidden_size': 150, 'dropout': 0.14314335112791893, 'hidden_continuous_size': 45, 'attention_head_size': 4, 'learning_rate': 0.010499092120319936}. Best is trial 66 with value: 57.772708892822266.
LOCAL_RANK: 0 - CUDA_VISIBLE_DEVICES: [0]
[I 2023-11-30 04:07:07,379] Trial 73 finished with value: 94.17720794677734 and parameters: {'gradient_clip_val': 0.15846016999112256, 'hidden_size': 121, 'dropout': 0.1699861926108962, 'hidden_continuous_size': 33, 'attention_head_size': 4, 'learning_rate': 0.006666081395326878}. Best is trial 66 with value: 57.772708892822266.
LOCAL_RANK: 0 - CUDA_VISIBLE_DEVICES: [0]
[I 2023-11-30 04:07:21,467] Trial 74 finished with value: 69.07617950439453 and parameters: {'gradient_clip_val': 0.2613872654747558, 'hidden_size': 108, 'dropout': 0.19150406481903037, 'hidden_continuous_size': 43, 'attention_head_size': 4, 'learning_rate': 0.008040165849403813}. Best is trial 66 with value: 57.772708892822266.
LOCAL_RANK: 0 - CUDA_VISIBLE_DEVICES: [0]
[I 2023-11-30 04:07:35,672] Trial 75 finished with value: 66.31109619140625 and parameters: {'gradient_clip_val': 0.18718266318305926, 'hidden_size': 133, 'dropout': 0.15622714638581334, 'hidden_continuous_size': 38, 'attention_head_size': 4, 'learning_rate': 0.014865417348377903}. Best is trial 66 with value: 57.772708892822266.
LOCAL_RANK: 0 - CUDA_VISIBLE_DEVICES: [0]
[I 2023-11-30 04:07:49,363] Trial 76 finished with value: 87.99832916259766 and parameters: {'gradient_clip_val': 0.22692452420414794, 'hidden_size': 93, 'dropout': 0.13176963303274672, 'hidden_continuous_size': 36, 'attention_head_size': 1, 'learning_rate': 0.02231478625413444}. Best is trial 66 with value: 57.772708892822266.
LOCAL_RANK: 0 - CUDA_VISIBLE_DEVICES: [0]
[I 2023-11-30 04:08:03,289] Trial 77 finished with value: 62.72257614135742 and parameters: {'gradient_clip_val': 0.24765804208590816, 'hidden_size': 100, 'dropout': 0.1470435400263685, 'hidden_continuous_size': 33, 'attention_head_size': 4, 'learning_rate': 0.024967906511914738}. Best is trial 66 with value: 57.772708892822266.
LOCAL_RANK: 0 - CUDA_VISIBLE_DEVICES: [0]
[I 2023-11-30 04:08:17,192] Trial 78 finished with value: 75.48311614990234 and parameters: {'gradient_clip_val': 0.21191652841244138, 'hidden_size': 122, 'dropout': 0.18157157499411983, 'hidden_continuous_size': 31, 'attention_head_size': 2, 'learning_rate': 0.005110324864338852}. Best is trial 66 with value: 57.772708892822266.
LOCAL_RANK: 0 - CUDA_VISIBLE_DEVICES: [0]
[I 2023-11-30 04:08:31,362] Trial 79 finished with value: 60.00578689575195 and parameters: {'gradient_clip_val': 0.17167595214766987, 'hidden_size': 112, 'dropout': 0.1631719608606445, 'hidden_continuous_size': 47, 'attention_head_size': 2, 'learning_rate': 0.017295053401465393}. Best is trial 66 with value: 57.772708892822266.
LOCAL_RANK: 0 - CUDA_VISIBLE_DEVICES: [0]
[I 2023-11-30 04:08:45,556] Trial 80 finished with value: 73.84969329833984 and parameters: {'gradient_clip_val': 0.20542814535399756, 'hidden_size': 139, 'dropout': 0.16211955016333848, 'hidden_continuous_size': 51, 'attention_head_size': 2, 'learning_rate': 0.017383063830096402}. Best is trial 66 with value: 57.772708892822266.
LOCAL_RANK: 0 - CUDA_VISIBLE_DEVICES: [0]
[I 2023-11-30 04:08:59,557] Trial 81 finished with value: 93.8314208984375 and parameters: {'gradient_clip_val': 0.17472237697026005, 'hidden_size': 110, 'dropout': 0.14238787395985178, 'hidden_continuous_size': 47, 'attention_head_size': 2, 'learning_rate': 0.012500122507043932}. Best is trial 66 with value: 57.772708892822266.
LOCAL_RANK: 0 - CUDA_VISIBLE_DEVICES: [0]
[I 2023-11-30 04:09:13,321] Trial 82 finished with value: 71.84686279296875 and parameters: {'gradient_clip_val': 0.18861427924107982, 'hidden_size': 89, 'dropout': 0.17382487519489664, 'hidden_continuous_size': 43, 'attention_head_size': 2, 'learning_rate': 0.015548972032655236}. Best is trial 66 with value: 57.772708892822266.
LOCAL_RANK: 0 - CUDA_VISIBLE_DEVICES: [0]
[I 2023-11-30 04:09:27,348] Trial 83 finished with value: 60.14170455932617 and parameters: {'gradient_clip_val': 0.16544962536675928, 'hidden_size': 126, 'dropout': 0.15325806283819032, 'hidden_continuous_size': 39, 'attention_head_size': 2, 'learning_rate': 0.02104151690353957}. Best is trial 66 with value: 57.772708892822266.
LOCAL_RANK: 0 - CUDA_VISIBLE_DEVICES: [0]
[I 2023-11-30 04:09:41,404] Trial 84 finished with value: 68.30675506591797 and parameters: {'gradient_clip_val': 0.1693258861237531, 'hidden_size': 126, 'dropout': 0.1293391800256203, 'hidden_continuous_size': 39, 'attention_head_size': 2, 'learning_rate': 0.020775048269737147}. Best is trial 66 with value: 57.772708892822266.
LOCAL_RANK: 0 - CUDA_VISIBLE_DEVICES: [0]
[I 2023-11-30 04:09:55,411] Trial 85 finished with value: 63.3461799621582 and parameters: {'gradient_clip_val': 0.14606445168898974, 'hidden_size': 117, 'dropout': 0.1507308573216541, 'hidden_continuous_size': 45, 'attention_head_size': 2, 'learning_rate': 0.023905340856560875}. Best is trial 66 with value: 57.772708892822266.
LOCAL_RANK: 0 - CUDA_VISIBLE_DEVICES: [0]
[I 2023-11-30 04:10:09,144] Trial 86 finished with value: 79.8366928100586 and parameters: {'gradient_clip_val': 0.22174483117241195, 'hidden_size': 108, 'dropout': 0.11865141771801913, 'hidden_continuous_size': 42, 'attention_head_size': 2, 'learning_rate': 0.018802198508754375}. Best is trial 66 with value: 57.772708892822266.
LOCAL_RANK: 0 - CUDA_VISIBLE_DEVICES: [0]
[I 2023-11-30 04:10:23,562] Trial 87 finished with value: 75.40467834472656 and parameters: {'gradient_clip_val': 0.18527567358866, 'hidden_size': 150, 'dropout': 0.13645793712180232, 'hidden_continuous_size': 57, 'attention_head_size': 2, 'learning_rate': 0.027629179715577868}. Best is trial 66 with value: 57.772708892822266.
LOCAL_RANK: 0 - CUDA_VISIBLE_DEVICES: [0]
[I 2023-11-30 04:10:37,514] Trial 88 finished with value: 62.289520263671875 and parameters: {'gradient_clip_val': 0.16994579791137976, 'hidden_size': 136, 'dropout': 0.15899388535146047, 'hidden_continuous_size': 53, 'attention_head_size': 1, 'learning_rate': 0.03148099911006947}. Best is trial 66 with value: 57.772708892822266.
LOCAL_RANK: 0 - CUDA_VISIBLE_DEVICES: [0]
[I 2023-11-30 04:10:51,583] Trial 89 finished with value: 64.69705963134766 and parameters: {'gradient_clip_val': 0.15587500302128168, 'hidden_size': 99, 'dropout': 0.12621200010893785, 'hidden_continuous_size': 49, 'attention_head_size': 2, 'learning_rate': 0.021599074835392085}. Best is trial 66 with value: 57.772708892822266.
LOCAL_RANK: 0 - CUDA_VISIBLE_DEVICES: [0]
[I 2023-11-30 04:11:05,655] Trial 90 finished with value: 109.1369857788086 and parameters: {'gradient_clip_val': 0.19159216907238696, 'hidden_size': 127, 'dropout': 0.15196029564255886, 'hidden_continuous_size': 38, 'attention_head_size': 2, 'learning_rate': 0.013536400754776641}. Best is trial 66 with value: 57.772708892822266.
LOCAL_RANK: 0 - CUDA_VISIBLE_DEVICES: [0]
[I 2023-11-30 04:11:19,784] Trial 91 finished with value: 94.88318634033203 and parameters: {'gradient_clip_val': 0.1661527369223115, 'hidden_size': 138, 'dropout': 0.15772430420907715, 'hidden_continuous_size': 53, 'attention_head_size': 1, 'learning_rate': 0.039072891747524}. Best is trial 66 with value: 57.772708892822266.
LOCAL_RANK: 0 - CUDA_VISIBLE_DEVICES: [0]
[I 2023-11-30 04:11:33,537] Trial 92 finished with value: 65.69474029541016 and parameters: {'gradient_clip_val': 0.19979267628230174, 'hidden_size': 117, 'dropout': 0.16884380453565137, 'hidden_continuous_size': 35, 'attention_head_size': 1, 'learning_rate': 0.0318101323067831}. Best is trial 66 with value: 57.772708892822266.
LOCAL_RANK: 0 - CUDA_VISIBLE_DEVICES: [0]
[I 2023-11-30 04:11:47,682] Trial 93 finished with value: 91.066650390625 and parameters: {'gradient_clip_val': 0.17300579063720456, 'hidden_size': 131, 'dropout': 0.16261939601600942, 'hidden_continuous_size': 64, 'attention_head_size': 1, 'learning_rate': 0.03026609445084615}. Best is trial 66 with value: 57.772708892822266.
LOCAL_RANK: 0 - CUDA_VISIBLE_DEVICES: [0]
[I 2023-11-30 04:12:02,042] Trial 94 finished with value: 79.02758026123047 and parameters: {'gradient_clip_val': 0.18100155238430518, 'hidden_size': 141, 'dropout': 0.1417009412633506, 'hidden_continuous_size': 52, 'attention_head_size': 1, 'learning_rate': 0.024997405362744776}. Best is trial 66 with value: 57.772708892822266.
LOCAL_RANK: 0 - CUDA_VISIBLE_DEVICES: [0]
[I 2023-11-30 04:12:15,893] Trial 95 finished with value: 73.90572357177734 and parameters: {'gradient_clip_val': 0.16161615936104337, 'hidden_size': 106, 'dropout': 0.1365430664957728, 'hidden_continuous_size': 48, 'attention_head_size': 1, 'learning_rate': 0.016868170032286526}. Best is trial 66 with value: 57.772708892822266.
LOCAL_RANK: 0 - CUDA_VISIBLE_DEVICES: [0]
[I 2023-11-30 04:12:29,713] Trial 96 finished with value: 79.32959747314453 and parameters: {'gradient_clip_val': 0.1372027628690685, 'hidden_size': 114, 'dropout': 0.1468613222681942, 'hidden_continuous_size': 40, 'attention_head_size': 1, 'learning_rate': 0.015412938966014736}. Best is trial 66 with value: 57.772708892822266.
LOCAL_RANK: 0 - CUDA_VISIBLE_DEVICES: [0]
[I 2023-11-30 04:12:43,673] Trial 97 finished with value: 68.75125885009766 and parameters: {'gradient_clip_val': 0.1526258900175423, 'hidden_size': 128, 'dropout': 0.1553685729151721, 'hidden_continuous_size': 44, 'attention_head_size': 3, 'learning_rate': 0.019798904075122067}. Best is trial 66 with value: 57.772708892822266.
LOCAL_RANK: 0 - CUDA_VISIBLE_DEVICES: [0]
[I 2023-11-30 04:12:57,654] Trial 98 finished with value: 68.26292419433594 and parameters: {'gradient_clip_val': 0.2087163230339563, 'hidden_size': 96, 'dropout': 0.12136026673323731, 'hidden_continuous_size': 42, 'attention_head_size': 2, 'learning_rate': 0.010981309451887068}. Best is trial 66 with value: 57.772708892822266.
LOCAL_RANK: 0 - CUDA_VISIBLE_DEVICES: [0]
[I 2023-11-30 04:13:11,492] Trial 99 finished with value: 85.2949447631836 and parameters: {'gradient_clip_val': 0.1737789195573188, 'hidden_size': 120, 'dropout': 0.1650212161535418, 'hidden_continuous_size': 46, 'attention_head_size': 2, 'learning_rate': 0.026957598830366778}. Best is trial 66 with value: 57.772708892822266.
LOCAL_RANK: 0 - CUDA_VISIBLE_DEVICES: [0]
[I 2023-11-30 04:13:25,720] Trial 100 finished with value: 107.79073333740234 and parameters: {'gradient_clip_val': 0.24084820597979623, 'hidden_size': 136, 'dropout': 0.17553393588887783, 'hidden_continuous_size': 55, 'attention_head_size': 3, 'learning_rate': 0.03529040059128367}. Best is trial 66 with value: 57.772708892822266.
LOCAL_RANK: 0 - CUDA_VISIBLE_DEVICES: [0]
[I 2023-11-30 04:13:39,604] Trial 101 finished with value: 68.77147674560547 and parameters: {'gradient_clip_val': 0.1645489641876889, 'hidden_size': 112, 'dropout': 0.1819902596767534, 'hidden_continuous_size': 37, 'attention_head_size': 4, 'learning_rate': 0.013185635976593047}. Best is trial 66 with value: 57.772708892822266.
LOCAL_RANK: 0 - CUDA_VISIBLE_DEVICES: [0]
[I 2023-11-30 04:13:53,671] Trial 102 finished with value: 74.22977447509766 and parameters: {'gradient_clip_val': 0.14657920788244883, 'hidden_size': 102, 'dropout': 0.1881884024459194, 'hidden_continuous_size': 40, 'attention_head_size': 4, 'learning_rate': 0.009771760305893194}. Best is trial 66 with value: 57.772708892822266.
LOCAL_RANK: 0 - CUDA_VISIBLE_DEVICES: [0]
[I 2023-11-30 04:14:07,805] Trial 103 finished with value: 58.20722579956055 and parameters: {'gradient_clip_val': 0.18242231270934467, 'hidden_size': 111, 'dropout': 0.19766992794150706, 'hidden_continuous_size': 34, 'attention_head_size': 2, 'learning_rate': 0.011364391802415458}. Best is trial 66 with value: 57.772708892822266.
LOCAL_RANK: 0 - CUDA_VISIBLE_DEVICES: [0]
[I 2023-11-30 04:14:21,838] Trial 104 finished with value: 65.62448120117188 and parameters: {'gradient_clip_val': 0.18325704453645741, 'hidden_size': 125, 'dropout': 0.1588175019651749, 'hidden_continuous_size': 35, 'attention_head_size': 2, 'learning_rate': 0.008794442538966558}. Best is trial 66 with value: 57.772708892822266.
LOCAL_RANK: 0 - CUDA_VISIBLE_DEVICES: [0]
[I 2023-11-30 04:14:36,181] Trial 105 finished with value: 79.04492950439453 and parameters: {'gradient_clip_val': 0.21905062674353212, 'hidden_size': 145, 'dropout': 0.2003071380620439, 'hidden_continuous_size': 51, 'attention_head_size': 2, 'learning_rate': 0.01797867771956806}. Best is trial 66 with value: 57.772708892822266.
LOCAL_RANK: 0 - CUDA_VISIBLE_DEVICES: [0]
[I 2023-11-30 04:14:50,105] Trial 106 finished with value: 100.56816864013672 and parameters: {'gradient_clip_val': 0.19903841705711403, 'hidden_size': 110, 'dropout': 0.1711509537226315, 'hidden_continuous_size': 32, 'attention_head_size': 2, 'learning_rate': 0.022171059409056372}. Best is trial 66 with value: 57.772708892822266.
LOCAL_RANK: 0 - CUDA_VISIBLE_DEVICES: [0]
[I 2023-11-30 04:15:03,870] Trial 107 finished with value: 59.7417106628418 and parameters: {'gradient_clip_val': 0.1923640816397429, 'hidden_size': 120, 'dropout': 0.15002247761616325, 'hidden_continuous_size': 38, 'attention_head_size': 1, 'learning_rate': 0.01018478781289439}. Best is trial 66 with value: 57.772708892822266.
LOCAL_RANK: 0 - CUDA_VISIBLE_DEVICES: [0]
[I 2023-11-30 04:15:17,623] Trial 108 finished with value: 68.52806854248047 and parameters: {'gradient_clip_val': 0.2756923226667236, 'hidden_size': 92, 'dropout': 0.14813758061118185, 'hidden_continuous_size': 38, 'attention_head_size': 2, 'learning_rate': 0.011212668834671681}. Best is trial 66 with value: 57.772708892822266.
LOCAL_RANK: 0 - CUDA_VISIBLE_DEVICES: [0]
[I 2023-11-30 04:15:31,531] Trial 109 finished with value: 71.3364486694336 and parameters: {'gradient_clip_val': 0.22590266134776696, 'hidden_size': 101, 'dropout': 0.14299508733073227, 'hidden_continuous_size': 34, 'attention_head_size': 3, 'learning_rate': 0.014165448073045825}. Best is trial 66 with value: 57.772708892822266.
LOCAL_RANK: 0 - CUDA_VISIBLE_DEVICES: [0]
[I 2023-11-30 04:15:45,306] Trial 110 finished with value: 74.60033416748047 and parameters: {'gradient_clip_val': 0.19378542516269018, 'hidden_size': 86, 'dropout': 0.1358188002459618, 'hidden_continuous_size': 41, 'attention_head_size': 2, 'learning_rate': 0.010137300332381655}. Best is trial 66 with value: 57.772708892822266.
LOCAL_RANK: 0 - CUDA_VISIBLE_DEVICES: [0]
[I 2023-11-30 04:15:59,212] Trial 111 finished with value: 66.23690795898438 and parameters: {'gradient_clip_val': 0.207580095963239, 'hidden_size': 119, 'dropout': 0.15378789011336058, 'hidden_continuous_size': 44, 'attention_head_size': 1, 'learning_rate': 0.01646458510904234}. Best is trial 66 with value: 57.772708892822266.
LOCAL_RANK: 0 - CUDA_VISIBLE_DEVICES: [0]
[I 2023-11-30 04:16:13,284] Trial 112 finished with value: 84.34429931640625 and parameters: {'gradient_clip_val': 0.17857437510633334, 'hidden_size': 133, 'dropout': 0.16473268146367465, 'hidden_continuous_size': 36, 'attention_head_size': 1, 'learning_rate': 0.01160603066094453}. Best is trial 66 with value: 57.772708892822266.
LOCAL_RANK: 0 - CUDA_VISIBLE_DEVICES: [0]
[I 2023-11-30 04:16:27,490] Trial 113 finished with value: 105.86090087890625 and parameters: {'gradient_clip_val': 0.15695398316173856, 'hidden_size': 123, 'dropout': 0.17816540061698172, 'hidden_continuous_size': 48, 'attention_head_size': 1, 'learning_rate': 0.008800225696026688}. Best is trial 66 with value: 57.772708892822266.
LOCAL_RANK: 0 - CUDA_VISIBLE_DEVICES: [0]
[I 2023-11-30 04:16:41,273] Trial 114 finished with value: 66.29059600830078 and parameters: {'gradient_clip_val': 0.16971456072896812, 'hidden_size': 105, 'dropout': 0.13033099546871657, 'hidden_continuous_size': 42, 'attention_head_size': 1, 'learning_rate': 0.012277906611787692}. Best is trial 66 with value: 57.772708892822266.
LOCAL_RANK: 0 - CUDA_VISIBLE_DEVICES: [0]
[I 2023-11-30 04:16:55,338] Trial 115 finished with value: 82.14092254638672 and parameters: {'gradient_clip_val': 0.18625524810053504, 'hidden_size': 140, 'dropout': 0.16851846490393485, 'hidden_continuous_size': 58, 'attention_head_size': 1, 'learning_rate': 0.007823109443143447}. Best is trial 66 with value: 57.772708892822266.
LOCAL_RANK: 0 - CUDA_VISIBLE_DEVICES: [0]
