[I 2023-11-30 10:54:27,164] Trial 126 finished with value: 34.97809600830078 and parameters: {'gradient_clip_val': 0.23648934635924576, 'hidden_size': 135, 'dropout': 0.36546095072986307, 'hidden_continuous_size': 18, 'attention_head_size': 3, 'learning_rate': 0.012676010643345075}. Best is trial 120 with value: 30.148460388183594.
LOCAL_RANK: 0 - CUDA_VISIBLE_DEVICES: [0]
[I 2023-11-30 10:54:41,112] Trial 127 finished with value: 31.510934829711914 and parameters: {'gradient_clip_val': 0.179985888055844, 'hidden_size': 120, 'dropout': 0.38197153753583274, 'hidden_continuous_size': 35, 'attention_head_size': 3, 'learning_rate': 0.009486805731281847}. Best is trial 120 with value: 30.148460388183594.
LOCAL_RANK: 0 - CUDA_VISIBLE_DEVICES: [0]
[I 2023-11-30 10:54:55,754] Trial 128 finished with value: 33.012760162353516 and parameters: {'gradient_clip_val': 0.27789654233527505, 'hidden_size': 142, 'dropout': 0.35715541015342683, 'hidden_continuous_size': 31, 'attention_head_size': 4, 'learning_rate': 0.006740012030825528}. Best is trial 120 with value: 30.148460388183594.
LOCAL_RANK: 0 - CUDA_VISIBLE_DEVICES: [0]
[I 2023-11-30 10:55:09,792] Trial 129 finished with value: 36.46535110473633 and parameters: {'gradient_clip_val': 0.1949605755692906, 'hidden_size': 130, 'dropout': 0.3887953944424238, 'hidden_continuous_size': 21, 'attention_head_size': 3, 'learning_rate': 0.007500128720678212}. Best is trial 120 with value: 30.148460388183594.
LOCAL_RANK: 0 - CUDA_VISIBLE_DEVICES: [0]
[I 2023-11-30 10:55:23,304] Trial 130 finished with value: 30.98255157470703 and parameters: {'gradient_clip_val': 0.25576176598963146, 'hidden_size': 91, 'dropout': 0.3779723243465168, 'hidden_continuous_size': 13, 'attention_head_size': 4, 'learning_rate': 0.011804592517937666}. Best is trial 120 with value: 30.148460388183594.
LOCAL_RANK: 0 - CUDA_VISIBLE_DEVICES: [0]
[I 2023-11-30 10:55:37,039] Trial 131 finished with value: 40.57529067993164 and parameters: {'gradient_clip_val': 0.24732207946880408, 'hidden_size': 110, 'dropout': 0.3730994346551976, 'hidden_continuous_size': 14, 'attention_head_size': 4, 'learning_rate': 0.012196625252104633}. Best is trial 120 with value: 30.148460388183594.
LOCAL_RANK: 0 - CUDA_VISIBLE_DEVICES: [0]
[I 2023-11-30 10:55:50,405] Trial 132 finished with value: 34.2825927734375 and parameters: {'gradient_clip_val': 0.25827764282819526, 'hidden_size': 96, 'dropout': 0.3831303620071282, 'hidden_continuous_size': 13, 'attention_head_size': 4, 'learning_rate': 0.010227435113476449}. Best is trial 120 with value: 30.148460388183594.
LOCAL_RANK: 0 - CUDA_VISIBLE_DEVICES: [0]
[I 2023-11-30 10:56:04,184] Trial 133 finished with value: 35.727783203125 and parameters: {'gradient_clip_val': 0.22127282512792865, 'hidden_size': 88, 'dropout': 0.3952068277651623, 'hidden_continuous_size': 26, 'attention_head_size': 4, 'learning_rate': 0.014617317006197105}. Best is trial 120 with value: 30.148460388183594.
LOCAL_RANK: 0 - CUDA_VISIBLE_DEVICES: [0]
[I 2023-11-30 10:56:17,859] Trial 134 finished with value: 35.845367431640625 and parameters: {'gradient_clip_val': 0.268887896306139, 'hidden_size': 101, 'dropout': 0.36868189008281926, 'hidden_continuous_size': 13, 'attention_head_size': 4, 'learning_rate': 0.011445425931436297}. Best is trial 120 with value: 30.148460388183594.
LOCAL_RANK: 0 - CUDA_VISIBLE_DEVICES: [0]
[I 2023-11-30 10:56:31,755] Trial 135 finished with value: 33.53143310546875 and parameters: {'gradient_clip_val': 0.23144201114756888, 'hidden_size': 117, 'dropout': 0.3769673414771658, 'hidden_continuous_size': 16, 'attention_head_size': 4, 'learning_rate': 0.012963508531697225}. Best is trial 120 with value: 30.148460388183594.
LOCAL_RANK: 0 - CUDA_VISIBLE_DEVICES: [0]
[I 2023-11-30 10:56:45,869] Trial 136 finished with value: 31.6920108795166 and parameters: {'gradient_clip_val': 0.24329682205687334, 'hidden_size': 126, 'dropout': 0.36239384018913573, 'hidden_continuous_size': 24, 'attention_head_size': 4, 'learning_rate': 0.009440570408391802}. Best is trial 120 with value: 30.148460388183594.
LOCAL_RANK: 0 - CUDA_VISIBLE_DEVICES: [0]
[I 2023-11-30 10:56:59,569] Trial 137 finished with value: 32.09762191772461 and parameters: {'gradient_clip_val': 0.43479802425835334, 'hidden_size': 93, 'dropout': 0.3873372451543051, 'hidden_continuous_size': 28, 'attention_head_size': 4, 'learning_rate': 0.008351514274524009}. Best is trial 120 with value: 30.148460388183594.
LOCAL_RANK: 0 - CUDA_VISIBLE_DEVICES: [0]
[I 2023-11-30 10:57:13,468] Trial 138 finished with value: 36.6046142578125 and parameters: {'gradient_clip_val': 0.20859031656199534, 'hidden_size': 107, 'dropout': 0.34588620283213795, 'hidden_continuous_size': 15, 'attention_head_size': 3, 'learning_rate': 0.010467529651216195}. Best is trial 120 with value: 30.148460388183594.
LOCAL_RANK: 0 - CUDA_VISIBLE_DEVICES: [0]
[I 2023-11-30 10:57:27,533] Trial 139 finished with value: 31.5604305267334 and parameters: {'gradient_clip_val': 0.16327620618905314, 'hidden_size': 136, 'dropout': 0.39860019701032157, 'hidden_continuous_size': 37, 'attention_head_size': 3, 'learning_rate': 0.013211737668869402}. Best is trial 120 with value: 30.148460388183594.
LOCAL_RANK: 0 - CUDA_VISIBLE_DEVICES: [0]
[I 2023-11-30 10:57:41,397] Trial 140 finished with value: 32.25236892700195 and parameters: {'gradient_clip_val': 0.36033456704126415, 'hidden_size': 113, 'dropout': 0.3537436667712052, 'hidden_continuous_size': 17, 'attention_head_size': 4, 'learning_rate': 0.011776203176306857}. Best is trial 120 with value: 30.148460388183594.
LOCAL_RANK: 0 - CUDA_VISIBLE_DEVICES: [0]
[I 2023-11-30 10:57:55,404] Trial 141 finished with value: 37.4652099609375 and parameters: {'gradient_clip_val': 0.21405037390405213, 'hidden_size': 132, 'dropout': 0.38193719108073315, 'hidden_continuous_size': 31, 'attention_head_size': 4, 'learning_rate': 0.008101312050579838}. Best is trial 120 with value: 30.148460388183594.
LOCAL_RANK: 0 - CUDA_VISIBLE_DEVICES: [0]
[I 2023-11-30 10:58:09,582] Trial 142 finished with value: 34.07829666137695 and parameters: {'gradient_clip_val': 0.2193206433292788, 'hidden_size': 125, 'dropout': 0.37721672544637236, 'hidden_continuous_size': 33, 'attention_head_size': 4, 'learning_rate': 0.007361832061032349}. Best is trial 120 with value: 30.148460388183594.
LOCAL_RANK: 0 - CUDA_VISIBLE_DEVICES: [0]
[I 2023-11-30 10:58:24,018] Trial 143 finished with value: 40.35858154296875 and parameters: {'gradient_clip_val': 0.2585524695261946, 'hidden_size': 142, 'dropout': 0.3826270596470464, 'hidden_continuous_size': 32, 'attention_head_size': 4, 'learning_rate': 0.009098597602345743}. Best is trial 120 with value: 30.148460388183594.
LOCAL_RANK: 0 - CUDA_VISIBLE_DEVICES: [0]
[I 2023-11-30 10:58:38,069] Trial 144 finished with value: 33.718692779541016 and parameters: {'gradient_clip_val': 0.22408506938865214, 'hidden_size': 132, 'dropout': 0.3912037388604782, 'hidden_continuous_size': 29, 'attention_head_size': 4, 'learning_rate': 0.006294120077482949}. Best is trial 120 with value: 30.148460388183594.
LOCAL_RANK: 0 - CUDA_VISIBLE_DEVICES: [0]
[I 2023-11-30 10:58:52,492] Trial 145 finished with value: 32.261959075927734 and parameters: {'gradient_clip_val': 0.19762803905587742, 'hidden_size': 150, 'dropout': 0.3713272190101457, 'hidden_continuous_size': 35, 'attention_head_size': 4, 'learning_rate': 0.007923741194158925}. Best is trial 120 with value: 30.148460388183594.
LOCAL_RANK: 0 - CUDA_VISIBLE_DEVICES: [0]
[I 2023-11-30 10:59:06,401] Trial 146 finished with value: 36.237491607666016 and parameters: {'gradient_clip_val': 0.2394486162114242, 'hidden_size': 122, 'dropout': 0.3660888515691012, 'hidden_continuous_size': 14, 'attention_head_size': 4, 'learning_rate': 0.010208600526197396}. Best is trial 120 with value: 30.148460388183594.
LOCAL_RANK: 0 - CUDA_VISIBLE_DEVICES: [0]
[I 2023-11-30 10:59:20,482] Trial 147 finished with value: 31.892868041992188 and parameters: {'gradient_clip_val': 0.2785775585605975, 'hidden_size': 115, 'dropout': 0.38022023373305075, 'hidden_continuous_size': 30, 'attention_head_size': 4, 'learning_rate': 0.015390639774235854}. Best is trial 120 with value: 30.148460388183594.
LOCAL_RANK: 0 - CUDA_VISIBLE_DEVICES: [0]
[I 2023-11-30 10:59:34,844] Trial 148 finished with value: 32.91233825683594 and parameters: {'gradient_clip_val': 0.30013386793816377, 'hidden_size': 130, 'dropout': 0.338146656610888, 'hidden_continuous_size': 23, 'attention_head_size': 3, 'learning_rate': 0.00884377226617929}. Best is trial 120 with value: 30.148460388183594.
LOCAL_RANK: 0 - CUDA_VISIBLE_DEVICES: [0]
[I 2023-11-30 10:59:48,757] Trial 149 finished with value: 32.79423904418945 and parameters: {'gradient_clip_val': 0.342353816686446, 'hidden_size': 105, 'dropout': 0.3999094507451421, 'hidden_continuous_size': 27, 'attention_head_size': 4, 'learning_rate': 0.011655142254176583}. Best is trial 120 with value: 30.148460388183594.
[I 2023-11-30 10:59:48,867] A new study created in memory with name: no-name-73e48bfb-1408-4e69-baae-048175870117
/home/le004/conda/anaconda3/envs/tsff_env/lib/python3.9/site-packages/lightning/fabric/plugins/environments/slurm.py:191: The `srun` command is available on your system but is not used. HINT: If your intention is to run Lightning on SLURM, prepend your python command with `srun` like so: srun python /home/le004/master_thesis/git/TSFusionForecast/code/ ...
LOCAL_RANK: 0 - CUDA_VISIBLE_DEVICES: [0]
[I 2023-11-30 11:00:02,842] Trial 0 finished with value: 29.175962448120117 and parameters: {'gradient_clip_val': 0.8140577163596329, 'hidden_size': 135, 'dropout': 0.2155262668999639, 'hidden_continuous_size': 10, 'attention_head_size': 4, 'learning_rate': 0.0314094008686814}. Best is trial 0 with value: 29.175962448120117.
LOCAL_RANK: 0 - CUDA_VISIBLE_DEVICES: [0]
[I 2023-11-30 11:00:13,039] Trial 1 finished with value: 67.74017333984375 and parameters: {'gradient_clip_val': 0.38592484557954854, 'hidden_size': 10, 'dropout': 0.3206247869732419, 'hidden_continuous_size': 10, 'attention_head_size': 3, 'learning_rate': 0.012829280797146712}. Best is trial 0 with value: 29.175962448120117.
LOCAL_RANK: 0 - CUDA_VISIBLE_DEVICES: [0]
[I 2023-11-30 11:00:23,297] Trial 2 finished with value: 62.59890365600586 and parameters: {'gradient_clip_val': 0.4330906105952392, 'hidden_size': 11, 'dropout': 0.31642085766887484, 'hidden_continuous_size': 11, 'attention_head_size': 4, 'learning_rate': 0.0056793238011790545}. Best is trial 0 with value: 29.175962448120117.
LOCAL_RANK: 0 - CUDA_VISIBLE_DEVICES: [0]
[I 2023-11-30 11:00:37,202] Trial 3 finished with value: 26.69989585876465 and parameters: {'gradient_clip_val': 0.44779954544761863, 'hidden_size': 81, 'dropout': 0.3766588192121363, 'hidden_continuous_size': 40, 'attention_head_size': 3, 'learning_rate': 0.008096496397111987}. Best is trial 3 with value: 26.69989585876465.
LOCAL_RANK: 0 - CUDA_VISIBLE_DEVICES: [0]
[I 2023-11-30 11:00:50,979] Trial 4 finished with value: 36.3066520690918 and parameters: {'gradient_clip_val': 0.10932101576893118, 'hidden_size': 89, 'dropout': 0.2770062346418991, 'hidden_continuous_size': 55, 'attention_head_size': 1, 'learning_rate': 0.0034997311387405866}. Best is trial 3 with value: 26.69989585876465.
LOCAL_RANK: 0 - CUDA_VISIBLE_DEVICES: [0]
[I 2023-11-30 11:01:03,196] Trial 5 finished with value: 89.20208740234375 and parameters: {'gradient_clip_val': 0.28465100513418645, 'hidden_size': 14, 'dropout': 0.2263825278195422, 'hidden_continuous_size': 13, 'attention_head_size': 4, 'learning_rate': 0.004767222719736944}. Best is trial 3 with value: 26.69989585876465.
LOCAL_RANK: 0 - CUDA_VISIBLE_DEVICES: [0]
[I 2023-11-30 11:01:16,341] Trial 6 finished with value: 68.58179473876953 and parameters: {'gradient_clip_val': 0.17048045026178643, 'hidden_size': 66, 'dropout': 0.3644194752390558, 'hidden_continuous_size': 18, 'attention_head_size': 2, 'learning_rate': 0.003164772586156349}. Best is trial 3 with value: 26.69989585876465.
LOCAL_RANK: 0 - CUDA_VISIBLE_DEVICES: [0]
[I 2023-11-30 11:01:30,092] Trial 7 finished with value: 36.54741287231445 and parameters: {'gradient_clip_val': 0.6137617677386249, 'hidden_size': 74, 'dropout': 0.2504206207444003, 'hidden_continuous_size': 59, 'attention_head_size': 1, 'learning_rate': 0.0020779600959515434}. Best is trial 3 with value: 26.69989585876465.
LOCAL_RANK: 0 - CUDA_VISIBLE_DEVICES: [0]
[I 2023-11-30 11:01:42,250] Trial 8 finished with value: 50.06766891479492 and parameters: {'gradient_clip_val': 0.1228544484105985, 'hidden_size': 14, 'dropout': 0.2299481689814833, 'hidden_continuous_size': 11, 'attention_head_size': 1, 'learning_rate': 0.014792436122979079}. Best is trial 3 with value: 26.69989585876465.
LOCAL_RANK: 0 - CUDA_VISIBLE_DEVICES: [0]
[I 2023-11-30 11:01:54,392] Trial 9 finished with value: 31.873506546020508 and parameters: {'gradient_clip_val': 0.16986974826572923, 'hidden_size': 22, 'dropout': 0.14937675041246506, 'hidden_continuous_size': 12, 'attention_head_size': 2, 'learning_rate': 0.013089559690849172}. Best is trial 3 with value: 26.69989585876465.
LOCAL_RANK: 0 - CUDA_VISIBLE_DEVICES: [0]
[I 2023-11-30 11:02:07,409] Trial 10 finished with value: 24.826400756835938 and parameters: {'gradient_clip_val': 0.7105983874775557, 'hidden_size': 41, 'dropout': 0.39195008050416724, 'hidden_continuous_size': 33, 'attention_head_size': 3, 'learning_rate': 0.07723869414636565}. Best is trial 10 with value: 24.826400756835938.
LOCAL_RANK: 0 - CUDA_VISIBLE_DEVICES: [0]
[I 2023-11-30 11:02:20,442] Trial 11 finished with value: 27.1174259185791 and parameters: {'gradient_clip_val': 0.8048824574523368, 'hidden_size': 37, 'dropout': 0.3977995847084179, 'hidden_continuous_size': 33, 'attention_head_size': 3, 'learning_rate': 0.09634348050373458}. Best is trial 10 with value: 24.826400756835938.
LOCAL_RANK: 0 - CUDA_VISIBLE_DEVICES: [0]
[I 2023-11-30 11:02:33,464] Trial 12 finished with value: 83.23149871826172 and parameters: {'gradient_clip_val': 0.5420233543756627, 'hidden_size': 43, 'dropout': 0.38703083451915876, 'hidden_continuous_size': 31, 'attention_head_size': 3, 'learning_rate': 0.00138467134453134}. Best is trial 10 with value: 24.826400756835938.
LOCAL_RANK: 0 - CUDA_VISIBLE_DEVICES: [0]
[I 2023-11-30 11:02:46,760] Trial 13 finished with value: 26.27115821838379 and parameters: {'gradient_clip_val': 0.9421725045830719, 'hidden_size': 45, 'dropout': 0.352459410063666, 'hidden_continuous_size': 35, 'attention_head_size': 3, 'learning_rate': 0.09475321767883854}. Best is trial 10 with value: 24.826400756835938.
LOCAL_RANK: 0 - CUDA_VISIBLE_DEVICES: [0]
[I 2023-11-30 11:02:59,234] Trial 14 finished with value: 29.2138671875 and parameters: {'gradient_clip_val': 0.9911412037211196, 'hidden_size': 37, 'dropout': 0.34986650648697004, 'hidden_continuous_size': 26, 'attention_head_size': 2, 'learning_rate': 0.09416334842339043}. Best is trial 10 with value: 24.826400756835938.
LOCAL_RANK: 0 - CUDA_VISIBLE_DEVICES: [0]
[I 2023-11-30 11:03:11,754] Trial 15 finished with value: 24.18470001220703 and parameters: {'gradient_clip_val': 0.9693771174075639, 'hidden_size': 27, 'dropout': 0.32700821806058555, 'hidden_continuous_size': 18, 'attention_head_size': 3, 'learning_rate': 0.04736503292949254}. Best is trial 15 with value: 24.18470001220703.
LOCAL_RANK: 0 - CUDA_VISIBLE_DEVICES: [0]
[I 2023-11-30 11:03:24,014] Trial 16 finished with value: 25.285749435424805 and parameters: {'gradient_clip_val': 0.7279237721968314, 'hidden_size': 23, 'dropout': 0.3187604581857587, 'hidden_continuous_size': 17, 'attention_head_size': 2, 'learning_rate': 0.046584623298700244}. Best is trial 15 with value: 24.18470001220703.
LOCAL_RANK: 0 - CUDA_VISIBLE_DEVICES: [0]
[I 2023-11-30 11:03:36,436] Trial 17 finished with value: 26.456342697143555 and parameters: {'gradient_clip_val': 0.6540759728192341, 'hidden_size': 28, 'dropout': 0.39567508615505265, 'hidden_continuous_size': 15, 'attention_head_size': 4, 'learning_rate': 0.037658157942185445}. Best is trial 15 with value: 24.18470001220703.
LOCAL_RANK: 0 - CUDA_VISIBLE_DEVICES: [0]
[I 2023-11-30 11:03:49,690] Trial 18 finished with value: 28.45953369140625 and parameters: {'gradient_clip_val': 0.9720488577437191, 'hidden_size': 53, 'dropout': 0.34109427046884155, 'hidden_continuous_size': 22, 'attention_head_size': 3, 'learning_rate': 0.02242387692949789}. Best is trial 15 with value: 24.18470001220703.
LOCAL_RANK: 0 - CUDA_VISIBLE_DEVICES: [0]
[I 2023-11-30 11:04:02,223] Trial 19 finished with value: 26.623376846313477 and parameters: {'gradient_clip_val': 0.5354913048150667, 'hidden_size': 29, 'dropout': 0.290283268875496, 'hidden_continuous_size': 19, 'attention_head_size': 2, 'learning_rate': 0.04917705443314754}. Best is trial 15 with value: 24.18470001220703.
LOCAL_RANK: 0 - CUDA_VISIBLE_DEVICES: [0]
[I 2023-11-30 11:04:14,671] Trial 20 finished with value: 26.292001724243164 and parameters: {'gradient_clip_val': 0.727959435212654, 'hidden_size': 19, 'dropout': 0.3669034047896267, 'hidden_continuous_size': 14, 'attention_head_size': 4, 'learning_rate': 0.06572989753589169}. Best is trial 15 with value: 24.18470001220703.
LOCAL_RANK: 0 - CUDA_VISIBLE_DEVICES: [0]
[I 2023-11-30 11:04:27,028] Trial 21 finished with value: 27.00153160095215 and parameters: {'gradient_clip_val': 0.747667168981429, 'hidden_size': 29, 'dropout': 0.321498406376877, 'hidden_continuous_size': 16, 'attention_head_size': 2, 'learning_rate': 0.05000019970924908}. Best is trial 15 with value: 24.18470001220703.
LOCAL_RANK: 0 - CUDA_VISIBLE_DEVICES: [0]
[I 2023-11-30 11:04:39,277] Trial 22 finished with value: 37.825748443603516 and parameters: {'gradient_clip_val': 0.6309258342515304, 'hidden_size': 19, 'dropout': 0.3357633516871405, 'hidden_continuous_size': 13, 'attention_head_size': 3, 'learning_rate': 0.02992379941425773}. Best is trial 15 with value: 24.18470001220703.
LOCAL_RANK: 0 - CUDA_VISIBLE_DEVICES: [0]
[I 2023-11-30 11:04:51,629] Trial 23 finished with value: 29.54987144470215 and parameters: {'gradient_clip_val': 0.7961007761459901, 'hidden_size': 23, 'dropout': 0.3697292549882036, 'hidden_continuous_size': 17, 'attention_head_size': 2, 'learning_rate': 0.05766989033351575}. Best is trial 15 with value: 24.18470001220703.
LOCAL_RANK: 0 - CUDA_VISIBLE_DEVICES: [0]
[I 2023-11-30 11:05:04,411] Trial 24 finished with value: 25.031606674194336 and parameters: {'gradient_clip_val': 0.5469169047861921, 'hidden_size': 34, 'dropout': 0.29620651250331465, 'hidden_continuous_size': 20, 'attention_head_size': 3, 'learning_rate': 0.022153012057017307}. Best is trial 15 with value: 24.18470001220703.
LOCAL_RANK: 0 - CUDA_VISIBLE_DEVICES: [0]
[I 2023-11-30 11:05:17,190] Trial 25 finished with value: 26.16330909729004 and parameters: {'gradient_clip_val': 0.5492591730978881, 'hidden_size': 33, 'dropout': 0.28408733479583576, 'hidden_continuous_size': 21, 'attention_head_size': 3, 'learning_rate': 0.024095569104774166}. Best is trial 15 with value: 24.18470001220703.
LOCAL_RANK: 0 - CUDA_VISIBLE_DEVICES: [0]
[I 2023-11-30 11:05:30,323] Trial 26 finished with value: 24.16090965270996 and parameters: {'gradient_clip_val': 0.996036630369248, 'hidden_size': 54, 'dropout': 0.39703639592610485, 'hidden_continuous_size': 25, 'attention_head_size': 3, 'learning_rate': 0.020171265454602683}. Best is trial 26 with value: 24.16090965270996.
LOCAL_RANK: 0 - CUDA_VISIBLE_DEVICES: [0]
[I 2023-11-30 11:05:43,340] Trial 27 finished with value: 26.45021629333496 and parameters: {'gradient_clip_val': 0.9896947326761247, 'hidden_size': 54, 'dropout': 0.3975289005370652, 'hidden_continuous_size': 24, 'attention_head_size': 3, 'learning_rate': 0.06726437246064199}. Best is trial 26 with value: 24.16090965270996.
LOCAL_RANK: 0 - CUDA_VISIBLE_DEVICES: [0]
[I 2023-11-30 11:05:56,492] Trial 28 finished with value: 27.267366409301758 and parameters: {'gradient_clip_val': 0.864042890293015, 'hidden_size': 43, 'dropout': 0.37245031695813413, 'hidden_continuous_size': 26, 'attention_head_size': 4, 'learning_rate': 0.03608898843896742}. Best is trial 26 with value: 24.16090965270996.
LOCAL_RANK: 0 - CUDA_VISIBLE_DEVICES: [0]
[I 2023-11-30 11:06:10,323] Trial 29 finished with value: 25.7562198638916 and parameters: {'gradient_clip_val': 0.8154445969561571, 'hidden_size': 94, 'dropout': 0.3484281959336396, 'hidden_continuous_size': 28, 'attention_head_size': 4, 'learning_rate': 0.030650044543268428}. Best is trial 26 with value: 24.16090965270996.
LOCAL_RANK: 0 - CUDA_VISIBLE_DEVICES: [0]
[I 2023-11-30 11:06:25,313] Trial 30 finished with value: 29.211639404296875 and parameters: {'gradient_clip_val': 0.8582718518994422, 'hidden_size': 147, 'dropout': 0.3809741971623332, 'hidden_continuous_size': 146, 'attention_head_size': 3, 'learning_rate': 0.04111677643253312}. Best is trial 26 with value: 24.16090965270996.
LOCAL_RANK: 0 - CUDA_VISIBLE_DEVICES: [0]
[I 2023-11-30 11:06:38,240] Trial 31 finished with value: 26.078964233398438 and parameters: {'gradient_clip_val': 0.6993236454399351, 'hidden_size': 54, 'dropout': 0.30999721122593826, 'hidden_continuous_size': 20, 'attention_head_size': 3, 'learning_rate': 0.018644464202334315}. Best is trial 26 with value: 24.16090965270996.
LOCAL_RANK: 0 - CUDA_VISIBLE_DEVICES: [0]
[I 2023-11-30 11:06:50,858] Trial 32 finished with value: 28.078353881835938 and parameters: {'gradient_clip_val': 0.8785030667563323, 'hidden_size': 31, 'dropout': 0.33752742428631916, 'hidden_continuous_size': 18, 'attention_head_size': 3, 'learning_rate': 0.025667001445547448}. Best is trial 26 with value: 24.16090965270996.
LOCAL_RANK: 0 - CUDA_VISIBLE_DEVICES: [0]
