[I 2023-11-30 01:27:46,914] Trial 105 finished with value: 110.06998443603516 and parameters: {'gradient_clip_val': 0.1649978922048288, 'hidden_size': 28, 'dropout': 0.30581687177608413, 'hidden_continuous_size': 17, 'attention_head_size': 1, 'learning_rate': 0.024085079724962332}. Best is trial 79 with value: 98.8692855834961.
LOCAL_RANK: 0 - CUDA_VISIBLE_DEVICES: [0]
[I 2023-11-30 01:27:59,558] Trial 106 finished with value: 115.43567657470703 and parameters: {'gradient_clip_val': 0.1219368208839501, 'hidden_size': 30, 'dropout': 0.3427174632811039, 'hidden_continuous_size': 18, 'attention_head_size': 1, 'learning_rate': 0.020364194808167802}. Best is trial 79 with value: 98.8692855834961.
LOCAL_RANK: 0 - CUDA_VISIBLE_DEVICES: [0]
[I 2023-11-30 01:28:12,191] Trial 107 finished with value: 108.558837890625 and parameters: {'gradient_clip_val': 0.1519301634388791, 'hidden_size': 37, 'dropout': 0.3314175243209275, 'hidden_continuous_size': 20, 'attention_head_size': 1, 'learning_rate': 0.013986016119535474}. Best is trial 79 with value: 98.8692855834961.
LOCAL_RANK: 0 - CUDA_VISIBLE_DEVICES: [0]
[I 2023-11-30 01:28:24,680] Trial 108 finished with value: 103.09307098388672 and parameters: {'gradient_clip_val': 0.13586908954569446, 'hidden_size': 40, 'dropout': 0.31764296364449707, 'hidden_continuous_size': 22, 'attention_head_size': 1, 'learning_rate': 0.016167927865277685}. Best is trial 79 with value: 98.8692855834961.
LOCAL_RANK: 0 - CUDA_VISIBLE_DEVICES: [0]
[I 2023-11-30 01:28:37,406] Trial 109 finished with value: 106.5267562866211 and parameters: {'gradient_clip_val': 0.17015345261178358, 'hidden_size': 34, 'dropout': 0.32733541344227585, 'hidden_continuous_size': 24, 'attention_head_size': 1, 'learning_rate': 0.022102382782174895}. Best is trial 79 with value: 98.8692855834961.
LOCAL_RANK: 0 - CUDA_VISIBLE_DEVICES: [0]
[I 2023-11-30 01:28:50,231] Trial 110 finished with value: 114.85175323486328 and parameters: {'gradient_clip_val': 0.13030505962089234, 'hidden_size': 45, 'dropout': 0.33753161903563944, 'hidden_continuous_size': 23, 'attention_head_size': 1, 'learning_rate': 0.01299563704477675}. Best is trial 79 with value: 98.8692855834961.
LOCAL_RANK: 0 - CUDA_VISIBLE_DEVICES: [0]
[I 2023-11-30 01:29:03,026] Trial 111 finished with value: 106.49669647216797 and parameters: {'gradient_clip_val': 0.1455621308655744, 'hidden_size': 31, 'dropout': 0.3241505019895723, 'hidden_continuous_size': 21, 'attention_head_size': 1, 'learning_rate': 0.017915081841259266}. Best is trial 79 with value: 98.8692855834961.
LOCAL_RANK: 0 - CUDA_VISIBLE_DEVICES: [0]
[I 2023-11-30 01:29:15,323] Trial 112 finished with value: 108.60000610351562 and parameters: {'gradient_clip_val': 0.1371869295075865, 'hidden_size': 32, 'dropout': 0.318257891915755, 'hidden_continuous_size': 19, 'attention_head_size': 1, 'learning_rate': 0.01794619491126555}. Best is trial 79 with value: 98.8692855834961.
LOCAL_RANK: 0 - CUDA_VISIBLE_DEVICES: [0]
[I 2023-11-30 01:29:27,789] Trial 113 finished with value: 108.81139373779297 and parameters: {'gradient_clip_val': 0.15643035574340905, 'hidden_size': 36, 'dropout': 0.287290113872432, 'hidden_continuous_size': 20, 'attention_head_size': 1, 'learning_rate': 0.015542754255887562}. Best is trial 79 with value: 98.8692855834961.
LOCAL_RANK: 0 - CUDA_VISIBLE_DEVICES: [0]
[I 2023-11-30 01:29:40,076] Trial 114 finished with value: 120.88622283935547 and parameters: {'gradient_clip_val': 0.1886985336305238, 'hidden_size': 26, 'dropout': 0.29490607336183294, 'hidden_continuous_size': 19, 'attention_head_size': 1, 'learning_rate': 0.019361819095135763}. Best is trial 79 with value: 98.8692855834961.
LOCAL_RANK: 0 - CUDA_VISIBLE_DEVICES: [0]
[I 2023-11-30 01:29:52,712] Trial 115 finished with value: 109.37738037109375 and parameters: {'gradient_clip_val': 0.13954947540853094, 'hidden_size': 33, 'dropout': 0.3497370126578867, 'hidden_continuous_size': 18, 'attention_head_size': 1, 'learning_rate': 0.012215518754087523}. Best is trial 79 with value: 98.8692855834961.
LOCAL_RANK: 0 - CUDA_VISIBLE_DEVICES: [0]
[I 2023-11-30 01:30:05,140] Trial 116 finished with value: 105.21456909179688 and parameters: {'gradient_clip_val': 0.11252132683897992, 'hidden_size': 28, 'dropout': 0.3006633563917315, 'hidden_continuous_size': 18, 'attention_head_size': 1, 'learning_rate': 0.027215010385682293}. Best is trial 79 with value: 98.8692855834961.
LOCAL_RANK: 0 - CUDA_VISIBLE_DEVICES: [0]
[I 2023-11-30 01:30:17,876] Trial 117 finished with value: 106.36062622070312 and parameters: {'gradient_clip_val': 0.1726478688373369, 'hidden_size': 38, 'dropout': 0.3408591490826898, 'hidden_continuous_size': 26, 'attention_head_size': 1, 'learning_rate': 0.024688727950531852}. Best is trial 79 with value: 98.8692855834961.
LOCAL_RANK: 0 - CUDA_VISIBLE_DEVICES: [0]
[I 2023-11-30 01:30:30,613] Trial 118 finished with value: 110.91909790039062 and parameters: {'gradient_clip_val': 0.12212958725374279, 'hidden_size': 41, 'dropout': 0.3070341826692758, 'hidden_continuous_size': 22, 'attention_head_size': 1, 'learning_rate': 0.030630507816244146}. Best is trial 79 with value: 98.8692855834961.
LOCAL_RANK: 0 - CUDA_VISIBLE_DEVICES: [0]
[I 2023-11-30 01:30:43,071] Trial 119 finished with value: 122.4693603515625 and parameters: {'gradient_clip_val': 0.15080027480055108, 'hidden_size': 31, 'dropout': 0.24093727723387542, 'hidden_continuous_size': 21, 'attention_head_size': 1, 'learning_rate': 0.021068724957423453}. Best is trial 79 with value: 98.8692855834961.
LOCAL_RANK: 0 - CUDA_VISIBLE_DEVICES: [0]
[I 2023-11-30 01:30:55,985] Trial 120 finished with value: 102.42760467529297 and parameters: {'gradient_clip_val': 0.1425441957169654, 'hidden_size': 35, 'dropout': 0.3216268086891253, 'hidden_continuous_size': 22, 'attention_head_size': 4, 'learning_rate': 0.01639692705561316}. Best is trial 79 with value: 98.8692855834961.
LOCAL_RANK: 0 - CUDA_VISIBLE_DEVICES: [0]
[I 2023-11-30 01:31:08,530] Trial 121 finished with value: 108.862548828125 and parameters: {'gradient_clip_val': 0.15917908200801537, 'hidden_size': 36, 'dropout': 0.31977583222876893, 'hidden_continuous_size': 20, 'attention_head_size': 1, 'learning_rate': 0.017086743173533363}. Best is trial 79 with value: 98.8692855834961.
LOCAL_RANK: 0 - CUDA_VISIBLE_DEVICES: [0]
[I 2023-11-30 01:31:21,313] Trial 122 finished with value: 98.3346176147461 and parameters: {'gradient_clip_val': 0.14209644505824248, 'hidden_size': 35, 'dropout': 0.3334926632254349, 'hidden_continuous_size': 30, 'attention_head_size': 4, 'learning_rate': 0.015149503067031616}. Best is trial 122 with value: 98.3346176147461.
LOCAL_RANK: 0 - CUDA_VISIBLE_DEVICES: [0]
[I 2023-11-30 01:31:34,074] Trial 123 finished with value: 109.59526824951172 and parameters: {'gradient_clip_val': 0.1269334880097693, 'hidden_size': 35, 'dropout': 0.3306838671834889, 'hidden_continuous_size': 30, 'attention_head_size': 4, 'learning_rate': 0.014335960708398036}. Best is trial 122 with value: 98.3346176147461.
LOCAL_RANK: 0 - CUDA_VISIBLE_DEVICES: [0]
[I 2023-11-30 01:31:47,006] Trial 124 finished with value: 134.50425720214844 and parameters: {'gradient_clip_val': 0.13191649564762062, 'hidden_size': 39, 'dropout': 0.3483429624377254, 'hidden_continuous_size': 32, 'attention_head_size': 4, 'learning_rate': 0.010610524739150392}. Best is trial 122 with value: 98.3346176147461.
LOCAL_RANK: 0 - CUDA_VISIBLE_DEVICES: [0]
[I 2023-11-30 01:31:59,759] Trial 125 finished with value: 100.61386108398438 and parameters: {'gradient_clip_val': 0.14485720083009831, 'hidden_size': 34, 'dropout': 0.3577462606427103, 'hidden_continuous_size': 19, 'attention_head_size': 4, 'learning_rate': 0.01579400131368868}. Best is trial 122 with value: 98.3346176147461.
LOCAL_RANK: 0 - CUDA_VISIBLE_DEVICES: [0]
[I 2023-11-30 01:32:12,841] Trial 126 finished with value: 107.62247467041016 and parameters: {'gradient_clip_val': 0.1652596682233624, 'hidden_size': 42, 'dropout': 0.3610165110378698, 'hidden_continuous_size': 17, 'attention_head_size': 4, 'learning_rate': 0.011879211728418493}. Best is trial 122 with value: 98.3346176147461.
LOCAL_RANK: 0 - CUDA_VISIBLE_DEVICES: [0]
[I 2023-11-30 01:32:25,732] Trial 127 finished with value: 104.79144287109375 and parameters: {'gradient_clip_val': 0.14995335357880984, 'hidden_size': 29, 'dropout': 0.35702656563172624, 'hidden_continuous_size': 24, 'attention_head_size': 4, 'learning_rate': 0.012991739071729546}. Best is trial 122 with value: 98.3346176147461.
LOCAL_RANK: 0 - CUDA_VISIBLE_DEVICES: [0]
[I 2023-11-30 01:32:38,239] Trial 128 finished with value: 103.8416519165039 and parameters: {'gradient_clip_val': 0.1577641740255494, 'hidden_size': 27, 'dropout': 0.345048425100745, 'hidden_continuous_size': 16, 'attention_head_size': 4, 'learning_rate': 0.0150397927134211}. Best is trial 122 with value: 98.3346176147461.
LOCAL_RANK: 0 - CUDA_VISIBLE_DEVICES: [0]
[I 2023-11-30 01:32:50,430] Trial 129 finished with value: 108.4861831665039 and parameters: {'gradient_clip_val': 0.17797319825342267, 'hidden_size': 24, 'dropout': 0.3708060537272224, 'hidden_continuous_size': 19, 'attention_head_size': 4, 'learning_rate': 0.020535995608181676}. Best is trial 122 with value: 98.3346176147461.
LOCAL_RANK: 0 - CUDA_VISIBLE_DEVICES: [0]
[I 2023-11-30 01:33:03,785] Trial 130 finished with value: 104.14459991455078 and parameters: {'gradient_clip_val': 0.11682474062895311, 'hidden_size': 47, 'dropout': 0.3350677617218291, 'hidden_continuous_size': 38, 'attention_head_size': 4, 'learning_rate': 0.02405101168992683}. Best is trial 122 with value: 98.3346176147461.
LOCAL_RANK: 0 - CUDA_VISIBLE_DEVICES: [0]
[I 2023-11-30 01:33:16,601] Trial 131 finished with value: 107.58875274658203 and parameters: {'gradient_clip_val': 0.1423917394538352, 'hidden_size': 34, 'dropout': 0.1035651341632696, 'hidden_continuous_size': 19, 'attention_head_size': 4, 'learning_rate': 0.01642843901490469}. Best is trial 122 with value: 98.3346176147461.
LOCAL_RANK: 0 - CUDA_VISIBLE_DEVICES: [0]
[I 2023-11-30 01:33:29,542] Trial 132 finished with value: 106.09171295166016 and parameters: {'gradient_clip_val': 0.1448686679136518, 'hidden_size': 38, 'dropout': 0.35279181635967716, 'hidden_continuous_size': 29, 'attention_head_size': 4, 'learning_rate': 0.01388475205473249}. Best is trial 122 with value: 98.3346176147461.
LOCAL_RANK: 0 - CUDA_VISIBLE_DEVICES: [0]
[I 2023-11-30 01:33:42,399] Trial 133 finished with value: 106.16893768310547 and parameters: {'gradient_clip_val': 0.13652130009576713, 'hidden_size': 33, 'dropout': 0.31118477590866467, 'hidden_continuous_size': 27, 'attention_head_size': 4, 'learning_rate': 0.018532882009916245}. Best is trial 122 with value: 98.3346176147461.
LOCAL_RANK: 0 - CUDA_VISIBLE_DEVICES: [0]
[I 2023-11-30 01:33:55,244] Trial 134 finished with value: 124.2433853149414 and parameters: {'gradient_clip_val': 0.15194073182113196, 'hidden_size': 30, 'dropout': 0.3377050360806178, 'hidden_continuous_size': 26, 'attention_head_size': 4, 'learning_rate': 0.01596272840672878}. Best is trial 122 with value: 98.3346176147461.
LOCAL_RANK: 0 - CUDA_VISIBLE_DEVICES: [0]
[I 2023-11-30 01:34:08,024] Trial 135 finished with value: 105.12237548828125 and parameters: {'gradient_clip_val': 0.1313135310291077, 'hidden_size': 36, 'dropout': 0.3247513098659675, 'hidden_continuous_size': 21, 'attention_head_size': 4, 'learning_rate': 0.023182873409394848}. Best is trial 122 with value: 98.3346176147461.
LOCAL_RANK: 0 - CUDA_VISIBLE_DEVICES: [0]
[I 2023-11-30 01:34:20,954] Trial 136 finished with value: 108.58890533447266 and parameters: {'gradient_clip_val': 0.16996864276254184, 'hidden_size': 42, 'dropout': 0.3436901301620809, 'hidden_continuous_size': 17, 'attention_head_size': 2, 'learning_rate': 0.019663011666789982}. Best is trial 122 with value: 98.3346176147461.
LOCAL_RANK: 0 - CUDA_VISIBLE_DEVICES: [0]
[I 2023-11-30 01:34:33,896] Trial 137 finished with value: 143.6738739013672 and parameters: {'gradient_clip_val': 0.12495698812399232, 'hidden_size': 44, 'dropout': 0.261574819199914, 'hidden_continuous_size': 22, 'attention_head_size': 4, 'learning_rate': 0.010185534035379057}. Best is trial 122 with value: 98.3346176147461.
LOCAL_RANK: 0 - CUDA_VISIBLE_DEVICES: [0]
[I 2023-11-30 01:34:46,472] Trial 138 finished with value: 109.00897216796875 and parameters: {'gradient_clip_val': 0.14573245643090316, 'hidden_size': 34, 'dropout': 0.29929858065048226, 'hidden_continuous_size': 20, 'attention_head_size': 2, 'learning_rate': 0.011584939308358853}. Best is trial 122 with value: 98.3346176147461.
LOCAL_RANK: 0 - CUDA_VISIBLE_DEVICES: [0]
[I 2023-11-30 01:34:59,163] Trial 139 finished with value: 105.74627685546875 and parameters: {'gradient_clip_val': 0.1605308485137632, 'hidden_size': 31, 'dropout': 0.329108284577529, 'hidden_continuous_size': 18, 'attention_head_size': 4, 'learning_rate': 0.017122679883405368}. Best is trial 122 with value: 98.3346176147461.
LOCAL_RANK: 0 - CUDA_VISIBLE_DEVICES: [0]
[I 2023-11-30 01:35:11,903] Trial 140 finished with value: 112.27342987060547 and parameters: {'gradient_clip_val': 0.13987021176641073, 'hidden_size': 38, 'dropout': 0.36462869298949685, 'hidden_continuous_size': 31, 'attention_head_size': 2, 'learning_rate': 0.03363234038059581}. Best is trial 122 with value: 98.3346176147461.
LOCAL_RANK: 0 - CUDA_VISIBLE_DEVICES: [0]
[I 2023-11-30 01:35:24,570] Trial 141 finished with value: 104.56121826171875 and parameters: {'gradient_clip_val': 0.13768939793218693, 'hidden_size': 32, 'dropout': 0.3152586138923292, 'hidden_continuous_size': 27, 'attention_head_size': 1, 'learning_rate': 0.018266975858496487}. Best is trial 122 with value: 98.3346176147461.
LOCAL_RANK: 0 - CUDA_VISIBLE_DEVICES: [0]
[I 2023-11-30 01:35:37,144] Trial 142 finished with value: 108.65313720703125 and parameters: {'gradient_clip_val': 0.15329648270745413, 'hidden_size': 35, 'dropout': 0.21558800368753384, 'hidden_continuous_size': 20, 'attention_head_size': 1, 'learning_rate': 0.014948934805528787}. Best is trial 122 with value: 98.3346176147461.
LOCAL_RANK: 0 - CUDA_VISIBLE_DEVICES: [0]
[I 2023-11-30 01:35:49,296] Trial 143 finished with value: 124.91751861572266 and parameters: {'gradient_clip_val': 0.14533470941571577, 'hidden_size': 28, 'dropout': 0.32095478927595655, 'hidden_continuous_size': 20, 'attention_head_size': 1, 'learning_rate': 0.021642092301900184}. Best is trial 122 with value: 98.3346176147461.
LOCAL_RANK: 0 - CUDA_VISIBLE_DEVICES: [0]
[I 2023-11-30 01:36:01,671] Trial 144 finished with value: 109.3556137084961 and parameters: {'gradient_clip_val': 0.12984946154373275, 'hidden_size': 32, 'dropout': 0.3103463475151893, 'hidden_continuous_size': 19, 'attention_head_size': 1, 'learning_rate': 0.01896512050071597}. Best is trial 122 with value: 98.3346176147461.
LOCAL_RANK: 0 - CUDA_VISIBLE_DEVICES: [0]
[I 2023-11-30 01:36:14,178] Trial 145 finished with value: 107.09622955322266 and parameters: {'gradient_clip_val': 0.11938157790488277, 'hidden_size': 40, 'dropout': 0.3316510529412857, 'hidden_continuous_size': 21, 'attention_head_size': 1, 'learning_rate': 0.01667689808049726}. Best is trial 122 with value: 98.3346176147461.
LOCAL_RANK: 0 - CUDA_VISIBLE_DEVICES: [0]
[I 2023-11-30 01:36:26,814] Trial 146 finished with value: 103.4268569946289 and parameters: {'gradient_clip_val': 0.1619170601113626, 'hidden_size': 30, 'dropout': 0.3391691073085588, 'hidden_continuous_size': 23, 'attention_head_size': 1, 'learning_rate': 0.012795920938223786}. Best is trial 122 with value: 98.3346176147461.
LOCAL_RANK: 0 - CUDA_VISIBLE_DEVICES: [0]
[I 2023-11-30 01:36:39,503] Trial 147 finished with value: 115.1116714477539 and parameters: {'gradient_clip_val': 0.1818297839735768, 'hidden_size': 37, 'dropout': 0.32595738261828694, 'hidden_continuous_size': 18, 'attention_head_size': 3, 'learning_rate': 0.020397763380555756}. Best is trial 122 with value: 98.3346176147461.
LOCAL_RANK: 0 - CUDA_VISIBLE_DEVICES: [0]
[I 2023-11-30 01:36:51,808] Trial 148 finished with value: 107.04950714111328 and parameters: {'gradient_clip_val': 0.14057532778520332, 'hidden_size': 26, 'dropout': 0.35514702459172803, 'hidden_continuous_size': 19, 'attention_head_size': 1, 'learning_rate': 0.01371513195124435}. Best is trial 122 with value: 98.3346176147461.
LOCAL_RANK: 0 - CUDA_VISIBLE_DEVICES: [0]
[I 2023-11-30 01:37:04,337] Trial 149 finished with value: 109.88404083251953 and parameters: {'gradient_clip_val': 0.16786721791074422, 'hidden_size': 33, 'dropout': 0.3170144114844396, 'hidden_continuous_size': 21, 'attention_head_size': 1, 'learning_rate': 0.015368442254359205}. Best is trial 122 with value: 98.3346176147461.
[I 2023-11-30 01:37:04,449] A new study created in memory with name: no-name-f46e2560-5ea8-4b5f-b845-984d84642ca5
/home/le004/conda/anaconda3/envs/tsff_env/lib/python3.9/site-packages/lightning/fabric/plugins/environments/slurm.py:191: The `srun` command is available on your system but is not used. HINT: If your intention is to run Lightning on SLURM, prepend your python command with `srun` like so: srun python /home/le004/master_thesis/git/TSFusionForecast/code/ ...
LOCAL_RANK: 0 - CUDA_VISIBLE_DEVICES: [0]
[I 2023-11-30 01:37:17,356] Trial 0 finished with value: 233.2744598388672 and parameters: {'gradient_clip_val': 0.16447424103176572, 'hidden_size': 45, 'dropout': 0.3709446057618996, 'hidden_continuous_size': 32, 'attention_head_size': 1, 'learning_rate': 0.007721951403527113}. Best is trial 0 with value: 233.2744598388672.
LOCAL_RANK: 0 - CUDA_VISIBLE_DEVICES: [0]
[I 2023-11-30 01:37:30,392] Trial 1 finished with value: 274.4486999511719 and parameters: {'gradient_clip_val': 0.21756505166498905, 'hidden_size': 44, 'dropout': 0.36709478283637065, 'hidden_continuous_size': 35, 'attention_head_size': 1, 'learning_rate': 0.01439240496208295}. Best is trial 0 with value: 233.2744598388672.
LOCAL_RANK: 0 - CUDA_VISIBLE_DEVICES: [0]
[I 2023-11-30 01:37:42,570] Trial 2 finished with value: 806.8213500976562 and parameters: {'gradient_clip_val': 0.10392171239719081, 'hidden_size': 13, 'dropout': 0.25884266251113874, 'hidden_continuous_size': 12, 'attention_head_size': 4, 'learning_rate': 0.001687494226848281}. Best is trial 0 with value: 233.2744598388672.
LOCAL_RANK: 0 - CUDA_VISIBLE_DEVICES: [0]
[I 2023-11-30 01:37:55,178] Trial 3 finished with value: 574.5136108398438 and parameters: {'gradient_clip_val': 0.4122101841818702, 'hidden_size': 30, 'dropout': 0.29864323892759514, 'hidden_continuous_size': 21, 'attention_head_size': 4, 'learning_rate': 0.002339124796266078}. Best is trial 0 with value: 233.2744598388672.
LOCAL_RANK: 0 - CUDA_VISIBLE_DEVICES: [0]
[I 2023-11-30 01:38:07,164] Trial 4 finished with value: 645.5939331054688 and parameters: {'gradient_clip_val': 0.269315845669623, 'hidden_size': 14, 'dropout': 0.3379866740968459, 'hidden_continuous_size': 11, 'attention_head_size': 1, 'learning_rate': 0.00158730537774558}. Best is trial 0 with value: 233.2744598388672.
LOCAL_RANK: 0 - CUDA_VISIBLE_DEVICES: [0]
[I 2023-11-30 01:38:20,350] Trial 5 finished with value: 281.9883728027344 and parameters: {'gradient_clip_val': 0.5211033516730735, 'hidden_size': 62, 'dropout': 0.16001017602563128, 'hidden_continuous_size': 25, 'attention_head_size': 1, 'learning_rate': 0.08420604865851465}. Best is trial 0 with value: 233.2744598388672.
LOCAL_RANK: 0 - CUDA_VISIBLE_DEVICES: [0]
[I 2023-11-30 01:38:32,823] Trial 6 finished with value: 728.63720703125 and parameters: {'gradient_clip_val': 0.7595780362208565, 'hidden_size': 27, 'dropout': 0.2674017058018512, 'hidden_continuous_size': 13, 'attention_head_size': 1, 'learning_rate': 0.001896646098128814}. Best is trial 0 with value: 233.2744598388672.
LOCAL_RANK: 0 - CUDA_VISIBLE_DEVICES: [0]
[I 2023-11-30 01:38:44,790] Trial 7 finished with value: 302.5570068359375 and parameters: {'gradient_clip_val': 0.1464092980922499, 'hidden_size': 20, 'dropout': 0.13308146375005073, 'hidden_continuous_size': 14, 'attention_head_size': 3, 'learning_rate': 0.09430934884300524}. Best is trial 0 with value: 233.2744598388672.
LOCAL_RANK: 0 - CUDA_VISIBLE_DEVICES: [0]
[I 2023-11-30 01:38:56,904] Trial 8 finished with value: 329.12493896484375 and parameters: {'gradient_clip_val': 0.22136897714195092, 'hidden_size': 22, 'dropout': 0.17300145075829307, 'hidden_continuous_size': 14, 'attention_head_size': 2, 'learning_rate': 0.060469060940647426}. Best is trial 0 with value: 233.2744598388672.
LOCAL_RANK: 0 - CUDA_VISIBLE_DEVICES: [0]
[I 2023-11-30 01:39:09,363] Trial 9 finished with value: 291.3482971191406 and parameters: {'gradient_clip_val': 0.9484156499007247, 'hidden_size': 44, 'dropout': 0.17531289094766855, 'hidden_continuous_size': 14, 'attention_head_size': 2, 'learning_rate': 0.015432048168143425}. Best is trial 0 with value: 233.2744598388672.
LOCAL_RANK: 0 - CUDA_VISIBLE_DEVICES: [0]
[I 2023-11-30 01:39:23,661] Trial 10 finished with value: 337.2371826171875 and parameters: {'gradient_clip_val': 0.1576207431150549, 'hidden_size': 115, 'dropout': 0.38020624451579776, 'hidden_continuous_size': 65, 'attention_head_size': 3, 'learning_rate': 0.005584844190249498}. Best is trial 0 with value: 233.2744598388672.
LOCAL_RANK: 0 - CUDA_VISIBLE_DEVICES: [0]
[I 2023-11-30 01:39:37,212] Trial 11 finished with value: 281.0170593261719 and parameters: {'gradient_clip_val': 0.22905061335435634, 'hidden_size': 56, 'dropout': 0.3973086762927767, 'hidden_continuous_size': 35, 'attention_head_size': 2, 'learning_rate': 0.012491844645177901}. Best is trial 0 with value: 233.2744598388672.
LOCAL_RANK: 0 - CUDA_VISIBLE_DEVICES: [0]
[I 2023-11-30 01:39:50,053] Trial 12 finished with value: 302.3544616699219 and parameters: {'gradient_clip_val': 0.3587699816505961, 'hidden_size': 42, 'dropout': 0.3338890102808591, 'hidden_continuous_size': 32, 'attention_head_size': 1, 'learning_rate': 0.022786657142272456}. Best is trial 0 with value: 233.2744598388672.
LOCAL_RANK: 0 - CUDA_VISIBLE_DEVICES: [0]
