[I 2023-11-30 08:53:29,289] Trial 51 finished with value: 31.87504005432129 and parameters: {'gradient_clip_val': 0.2395348430781241, 'hidden_size': 45, 'dropout': 0.34868603437525747, 'hidden_continuous_size': 24, 'attention_head_size': 3, 'learning_rate': 0.012292579948301206}. Best is trial 16 with value: 25.057531356811523.
LOCAL_RANK: 0 - CUDA_VISIBLE_DEVICES: [0]
[I 2023-11-30 08:53:42,597] Trial 52 finished with value: 27.94850730895996 and parameters: {'gradient_clip_val': 0.46413143210325664, 'hidden_size': 60, 'dropout': 0.27309679665748254, 'hidden_continuous_size': 23, 'attention_head_size': 3, 'learning_rate': 0.020276882212004733}. Best is trial 16 with value: 25.057531356811523.
LOCAL_RANK: 0 - CUDA_VISIBLE_DEVICES: [0]
[I 2023-11-30 08:53:55,417] Trial 53 finished with value: 26.33677864074707 and parameters: {'gradient_clip_val': 0.3495562513409759, 'hidden_size': 38, 'dropout': 0.18252909234186263, 'hidden_continuous_size': 21, 'attention_head_size': 3, 'learning_rate': 0.010843351465409448}. Best is trial 16 with value: 25.057531356811523.
LOCAL_RANK: 0 - CUDA_VISIBLE_DEVICES: [0]
[I 2023-11-30 08:54:08,169] Trial 54 finished with value: 28.570571899414062 and parameters: {'gradient_clip_val': 0.35729347151558605, 'hidden_size': 37, 'dropout': 0.3855816760012335, 'hidden_continuous_size': 21, 'attention_head_size': 3, 'learning_rate': 0.016917546637713478}. Best is trial 16 with value: 25.057531356811523.
LOCAL_RANK: 0 - CUDA_VISIBLE_DEVICES: [0]
[I 2023-11-30 08:54:21,057] Trial 55 finished with value: 29.27121925354004 and parameters: {'gradient_clip_val': 0.5483388068234772, 'hidden_size': 42, 'dropout': 0.3414093179210238, 'hidden_continuous_size': 22, 'attention_head_size': 4, 'learning_rate': 0.013334147916541658}. Best is trial 16 with value: 25.057531356811523.
LOCAL_RANK: 0 - CUDA_VISIBLE_DEVICES: [0]
[I 2023-11-30 08:54:34,369] Trial 56 finished with value: 26.74652099609375 and parameters: {'gradient_clip_val': 0.435454841354028, 'hidden_size': 53, 'dropout': 0.3096175305197112, 'hidden_continuous_size': 27, 'attention_head_size': 3, 'learning_rate': 0.0233471769041274}. Best is trial 16 with value: 25.057531356811523.
LOCAL_RANK: 0 - CUDA_VISIBLE_DEVICES: [0]
[I 2023-11-30 08:54:47,147] Trial 57 finished with value: 29.499046325683594 and parameters: {'gradient_clip_val': 0.32810844529781397, 'hidden_size': 35, 'dropout': 0.1794024910310127, 'hidden_continuous_size': 23, 'attention_head_size': 3, 'learning_rate': 0.028827035274825556}. Best is trial 16 with value: 25.057531356811523.
LOCAL_RANK: 0 - CUDA_VISIBLE_DEVICES: [0]
[I 2023-11-30 08:54:59,908] Trial 58 finished with value: 27.05788230895996 and parameters: {'gradient_clip_val': 0.4099387169283215, 'hidden_size': 39, 'dropout': 0.23849244048911275, 'hidden_continuous_size': 21, 'attention_head_size': 3, 'learning_rate': 0.014918645112562228}. Best is trial 16 with value: 25.057531356811523.
LOCAL_RANK: 0 - CUDA_VISIBLE_DEVICES: [0]
[I 2023-11-30 08:55:12,919] Trial 59 finished with value: 26.476478576660156 and parameters: {'gradient_clip_val': 0.35751503830725706, 'hidden_size': 50, 'dropout': 0.3235763257267219, 'hidden_continuous_size': 26, 'attention_head_size': 3, 'learning_rate': 0.01112267780790299}. Best is trial 16 with value: 25.057531356811523.
LOCAL_RANK: 0 - CUDA_VISIBLE_DEVICES: [0]
[I 2023-11-30 08:55:25,958] Trial 60 finished with value: 26.747528076171875 and parameters: {'gradient_clip_val': 0.3016922447805743, 'hidden_size': 49, 'dropout': 0.3191087418280697, 'hidden_continuous_size': 25, 'attention_head_size': 3, 'learning_rate': 0.009619065532375709}. Best is trial 16 with value: 25.057531356811523.
LOCAL_RANK: 0 - CUDA_VISIBLE_DEVICES: [0]
[I 2023-11-30 08:55:38,948] Trial 61 finished with value: 27.518850326538086 and parameters: {'gradient_clip_val': 0.35998166723616115, 'hidden_size': 42, 'dropout': 0.2903056468071414, 'hidden_continuous_size': 23, 'attention_head_size': 3, 'learning_rate': 0.012066506745188835}. Best is trial 16 with value: 25.057531356811523.
LOCAL_RANK: 0 - CUDA_VISIBLE_DEVICES: [0]
[I 2023-11-30 08:55:51,930] Trial 62 finished with value: 31.624975204467773 and parameters: {'gradient_clip_val': 0.29249570975793293, 'hidden_size': 52, 'dropout': 0.3527349550085979, 'hidden_continuous_size': 29, 'attention_head_size': 3, 'learning_rate': 0.01717625303196552}. Best is trial 16 with value: 25.057531356811523.
LOCAL_RANK: 0 - CUDA_VISIBLE_DEVICES: [0]
[I 2023-11-30 08:56:04,671] Trial 63 finished with value: 26.8569393157959 and parameters: {'gradient_clip_val': 0.33637145388429274, 'hidden_size': 44, 'dropout': 0.26367456002800493, 'hidden_continuous_size': 19, 'attention_head_size': 3, 'learning_rate': 0.007932660257367862}. Best is trial 16 with value: 25.057531356811523.
LOCAL_RANK: 0 - CUDA_VISIBLE_DEVICES: [0]
[I 2023-11-30 08:56:17,413] Trial 64 finished with value: 28.096181869506836 and parameters: {'gradient_clip_val': 0.4638917851297279, 'hidden_size': 38, 'dropout': 0.1827169718297831, 'hidden_continuous_size': 21, 'attention_head_size': 3, 'learning_rate': 0.02020140853301717}. Best is trial 16 with value: 25.057531356811523.
LOCAL_RANK: 0 - CUDA_VISIBLE_DEVICES: [0]
[I 2023-11-30 08:56:30,252] Trial 65 finished with value: 27.136085510253906 and parameters: {'gradient_clip_val': 0.5307557440455278, 'hidden_size': 30, 'dropout': 0.32237039843469417, 'hidden_continuous_size': 23, 'attention_head_size': 3, 'learning_rate': 0.011065343671640186}. Best is trial 16 with value: 25.057531356811523.
LOCAL_RANK: 0 - CUDA_VISIBLE_DEVICES: [0]
[I 2023-11-30 08:56:43,740] Trial 66 finished with value: 28.02811622619629 and parameters: {'gradient_clip_val': 0.6034314254310386, 'hidden_size': 58, 'dropout': 0.3636569702146772, 'hidden_continuous_size': 31, 'attention_head_size': 4, 'learning_rate': 0.026028021425785867}. Best is trial 16 with value: 25.057531356811523.
LOCAL_RANK: 0 - CUDA_VISIBLE_DEVICES: [0]
[I 2023-11-30 08:56:56,601] Trial 67 finished with value: 28.236337661743164 and parameters: {'gradient_clip_val': 0.4933549985020919, 'hidden_size': 48, 'dropout': 0.22176275846629706, 'hidden_continuous_size': 26, 'attention_head_size': 3, 'learning_rate': 0.01362926420095305}. Best is trial 16 with value: 25.057531356811523.
LOCAL_RANK: 0 - CUDA_VISIBLE_DEVICES: [0]
[I 2023-11-30 08:57:09,970] Trial 68 finished with value: 27.884931564331055 and parameters: {'gradient_clip_val': 0.3915975727259866, 'hidden_size': 66, 'dropout': 0.2794322760147524, 'hidden_continuous_size': 17, 'attention_head_size': 4, 'learning_rate': 0.02261989751667314}. Best is trial 16 with value: 25.057531356811523.
LOCAL_RANK: 0 - CUDA_VISIBLE_DEVICES: [0]
[I 2023-11-30 08:57:22,700] Trial 69 finished with value: 27.535825729370117 and parameters: {'gradient_clip_val': 0.43460334254977223, 'hidden_size': 34, 'dropout': 0.3008321855687786, 'hidden_continuous_size': 24, 'attention_head_size': 3, 'learning_rate': 0.034303244023964466}. Best is trial 16 with value: 25.057531356811523.
LOCAL_RANK: 0 - CUDA_VISIBLE_DEVICES: [0]
[I 2023-11-30 08:57:35,976] Trial 70 finished with value: 28.280845642089844 and parameters: {'gradient_clip_val': 0.5738419976953788, 'hidden_size': 51, 'dropout': 0.19857951733217916, 'hidden_continuous_size': 25, 'attention_head_size': 3, 'learning_rate': 0.015872513671306283}. Best is trial 16 with value: 25.057531356811523.
LOCAL_RANK: 0 - CUDA_VISIBLE_DEVICES: [0]
[I 2023-11-30 08:57:49,245] Trial 71 finished with value: 26.977205276489258 and parameters: {'gradient_clip_val': 0.43330694693037236, 'hidden_size': 54, 'dropout': 0.31511878183156977, 'hidden_continuous_size': 27, 'attention_head_size': 3, 'learning_rate': 0.018471647831811003}. Best is trial 16 with value: 25.057531356811523.
LOCAL_RANK: 0 - CUDA_VISIBLE_DEVICES: [0]
[I 2023-11-30 08:58:02,189] Trial 72 finished with value: 28.67529296875 and parameters: {'gradient_clip_val': 0.360428438797936, 'hidden_size': 43, 'dropout': 0.2953744652480561, 'hidden_continuous_size': 22, 'attention_head_size': 3, 'learning_rate': 0.02392313744544443}. Best is trial 16 with value: 25.057531356811523.
LOCAL_RANK: 0 - CUDA_VISIBLE_DEVICES: [0]
[I 2023-11-30 08:58:15,324] Trial 73 finished with value: 26.333955764770508 and parameters: {'gradient_clip_val': 0.5007410739507295, 'hidden_size': 53, 'dropout': 0.3046686708618407, 'hidden_continuous_size': 28, 'attention_head_size': 3, 'learning_rate': 0.01173770636173411}. Best is trial 16 with value: 25.057531356811523.
LOCAL_RANK: 0 - CUDA_VISIBLE_DEVICES: [0]
[I 2023-11-30 08:58:28,865] Trial 74 finished with value: 27.15472984313965 and parameters: {'gradient_clip_val': 0.5502984780166613, 'hidden_size': 62, 'dropout': 0.3293442757820151, 'hidden_continuous_size': 30, 'attention_head_size': 3, 'learning_rate': 0.01247489496552425}. Best is trial 16 with value: 25.057531356811523.
LOCAL_RANK: 0 - CUDA_VISIBLE_DEVICES: [0]
[I 2023-11-30 08:58:42,578] Trial 75 finished with value: 27.522239685058594 and parameters: {'gradient_clip_val': 0.5081145084148451, 'hidden_size': 71, 'dropout': 0.3383377040590463, 'hidden_continuous_size': 33, 'attention_head_size': 3, 'learning_rate': 0.009176481098774855}. Best is trial 16 with value: 25.057531356811523.
LOCAL_RANK: 0 - CUDA_VISIBLE_DEVICES: [0]
[I 2023-11-30 08:58:55,615] Trial 76 finished with value: 30.406982421875 and parameters: {'gradient_clip_val': 0.4824033821642465, 'hidden_size': 47, 'dropout': 0.2880857172186696, 'hidden_continuous_size': 28, 'attention_head_size': 3, 'learning_rate': 0.01101665442267615}. Best is trial 16 with value: 25.057531356811523.
LOCAL_RANK: 0 - CUDA_VISIBLE_DEVICES: [0]
[I 2023-11-30 08:59:09,027] Trial 77 finished with value: 26.702211380004883 and parameters: {'gradient_clip_val': 0.6138300079349622, 'hidden_size': 60, 'dropout': 0.26034001942332435, 'hidden_continuous_size': 28, 'attention_head_size': 3, 'learning_rate': 0.014109218204451912}. Best is trial 16 with value: 25.057531356811523.
LOCAL_RANK: 0 - CUDA_VISIBLE_DEVICES: [0]
[I 2023-11-30 08:59:22,422] Trial 78 finished with value: 26.812171936035156 and parameters: {'gradient_clip_val': 0.627414800446565, 'hidden_size': 59, 'dropout': 0.265221169558171, 'hidden_continuous_size': 30, 'attention_head_size': 3, 'learning_rate': 0.0074107351588695745}. Best is trial 16 with value: 25.057531356811523.
LOCAL_RANK: 0 - CUDA_VISIBLE_DEVICES: [0]
[I 2023-11-30 08:59:35,783] Trial 79 finished with value: 27.439672470092773 and parameters: {'gradient_clip_val': 0.6946063378750452, 'hidden_size': 57, 'dropout': 0.2809755028255514, 'hidden_continuous_size': 28, 'attention_head_size': 3, 'learning_rate': 0.008513957664505587}. Best is trial 16 with value: 25.057531356811523.
LOCAL_RANK: 0 - CUDA_VISIBLE_DEVICES: [0]
[I 2023-11-30 08:59:49,550] Trial 80 finished with value: 26.330183029174805 and parameters: {'gradient_clip_val': 0.5908039927367343, 'hidden_size': 69, 'dropout': 0.2584733751899726, 'hidden_continuous_size': 34, 'attention_head_size': 4, 'learning_rate': 0.014475903017065932}. Best is trial 16 with value: 25.057531356811523.
LOCAL_RANK: 0 - CUDA_VISIBLE_DEVICES: [0]
[I 2023-11-30 09:00:03,088] Trial 81 finished with value: 26.45257568359375 and parameters: {'gradient_clip_val': 0.5946746465609501, 'hidden_size': 68, 'dropout': 0.256217406678847, 'hidden_continuous_size': 35, 'attention_head_size': 4, 'learning_rate': 0.009817078069953016}. Best is trial 16 with value: 25.057531356811523.
LOCAL_RANK: 0 - CUDA_VISIBLE_DEVICES: [0]
[I 2023-11-30 09:00:16,647] Trial 82 finished with value: 30.12861442565918 and parameters: {'gradient_clip_val': 0.6712345515772302, 'hidden_size': 69, 'dropout': 0.24786757449009894, 'hidden_continuous_size': 35, 'attention_head_size': 4, 'learning_rate': 0.010843021533920477}. Best is trial 16 with value: 25.057531356811523.
LOCAL_RANK: 0 - CUDA_VISIBLE_DEVICES: [0]
[I 2023-11-30 09:00:30,295] Trial 83 finished with value: 27.72965431213379 and parameters: {'gradient_clip_val': 0.5733586037133563, 'hidden_size': 75, 'dropout': 0.27195851139723126, 'hidden_continuous_size': 32, 'attention_head_size': 4, 'learning_rate': 0.00992208907635233}. Best is trial 16 with value: 25.057531356811523.
LOCAL_RANK: 0 - CUDA_VISIBLE_DEVICES: [0]
[I 2023-11-30 09:00:44,121] Trial 84 finished with value: 26.819534301757812 and parameters: {'gradient_clip_val': 0.7547692085457143, 'hidden_size': 85, 'dropout': 0.2577248158365611, 'hidden_continuous_size': 36, 'attention_head_size': 4, 'learning_rate': 0.006157090562237075}. Best is trial 16 with value: 25.057531356811523.
LOCAL_RANK: 0 - CUDA_VISIBLE_DEVICES: [0]
[I 2023-11-30 09:00:57,639] Trial 85 finished with value: 29.933740615844727 and parameters: {'gradient_clip_val': 0.5244484581327128, 'hidden_size': 64, 'dropout': 0.24075015029035168, 'hidden_continuous_size': 38, 'attention_head_size': 4, 'learning_rate': 0.012470791883674946}. Best is trial 16 with value: 25.057531356811523.
LOCAL_RANK: 0 - CUDA_VISIBLE_DEVICES: [0]
[I 2023-11-30 09:01:10,764] Trial 86 finished with value: 30.637319564819336 and parameters: {'gradient_clip_val': 0.564845998727595, 'hidden_size': 51, 'dropout': 0.29614578523774215, 'hidden_continuous_size': 26, 'attention_head_size': 4, 'learning_rate': 0.009677314581869443}. Best is trial 16 with value: 25.057531356811523.
LOCAL_RANK: 0 - CUDA_VISIBLE_DEVICES: [0]
[I 2023-11-30 09:01:24,448] Trial 87 finished with value: 29.87153434753418 and parameters: {'gradient_clip_val': 0.2758598718696037, 'hidden_size': 73, 'dropout': 0.28179845742217624, 'hidden_continuous_size': 33, 'attention_head_size': 4, 'learning_rate': 0.008955019324263585}. Best is trial 16 with value: 25.057531356811523.
LOCAL_RANK: 0 - CUDA_VISIBLE_DEVICES: [0]
[I 2023-11-30 09:01:37,959] Trial 88 finished with value: 27.66451072692871 and parameters: {'gradient_clip_val': 0.6643935406118091, 'hidden_size': 66, 'dropout': 0.27215130522358016, 'hidden_continuous_size': 30, 'attention_head_size': 4, 'learning_rate': 0.014995752050224504}. Best is trial 16 with value: 25.057531356811523.
LOCAL_RANK: 0 - CUDA_VISIBLE_DEVICES: [0]
[I 2023-11-30 09:01:51,050] Trial 89 finished with value: 27.131872177124023 and parameters: {'gradient_clip_val': 0.6306459109250668, 'hidden_size': 47, 'dropout': 0.3047832747648547, 'hidden_continuous_size': 25, 'attention_head_size': 4, 'learning_rate': 0.011515712889139324}. Best is trial 16 with value: 25.057531356811523.
LOCAL_RANK: 0 - CUDA_VISIBLE_DEVICES: [0]
[I 2023-11-30 09:02:04,284] Trial 90 finished with value: 28.582712173461914 and parameters: {'gradient_clip_val': 0.605370241063557, 'hidden_size': 55, 'dropout': 0.25556752405169086, 'hidden_continuous_size': 24, 'attention_head_size': 4, 'learning_rate': 0.013480283380473114}. Best is trial 16 with value: 25.057531356811523.
LOCAL_RANK: 0 - CUDA_VISIBLE_DEVICES: [0]
[I 2023-11-30 09:02:17,730] Trial 91 finished with value: 30.131927490234375 and parameters: {'gradient_clip_val': 0.5993832593669439, 'hidden_size': 58, 'dropout': 0.25841382613834585, 'hidden_continuous_size': 26, 'attention_head_size': 3, 'learning_rate': 0.014179218530926317}. Best is trial 16 with value: 25.057531356811523.
LOCAL_RANK: 0 - CUDA_VISIBLE_DEVICES: [0]
[I 2023-11-30 09:02:31,195] Trial 92 finished with value: 27.82930564880371 and parameters: {'gradient_clip_val': 0.5758146272199456, 'hidden_size': 63, 'dropout': 0.2442770699733781, 'hidden_continuous_size': 28, 'attention_head_size': 3, 'learning_rate': 0.016030558521776372}. Best is trial 16 with value: 25.057531356811523.
LOCAL_RANK: 0 - CUDA_VISIBLE_DEVICES: [0]
[I 2023-11-30 09:02:44,358] Trial 93 finished with value: 29.996583938598633 and parameters: {'gradient_clip_val': 0.6212124276055565, 'hidden_size': 49, 'dropout': 0.23043068000453004, 'hidden_continuous_size': 31, 'attention_head_size': 3, 'learning_rate': 0.01144570823979327}. Best is trial 16 with value: 25.057531356811523.
LOCAL_RANK: 0 - CUDA_VISIBLE_DEVICES: [0]
[I 2023-11-30 09:02:57,812] Trial 94 finished with value: 27.519058227539062 and parameters: {'gradient_clip_val': 0.5301168712410202, 'hidden_size': 70, 'dropout': 0.2472199807854017, 'hidden_continuous_size': 29, 'attention_head_size': 3, 'learning_rate': 0.017844185567612424}. Best is trial 16 with value: 25.057531356811523.
LOCAL_RANK: 0 - CUDA_VISIBLE_DEVICES: [0]
[I 2023-11-30 09:03:10,671] Trial 95 finished with value: 30.48145294189453 and parameters: {'gradient_clip_val': 0.7010440615039295, 'hidden_size': 41, 'dropout': 0.265990715851554, 'hidden_continuous_size': 23, 'attention_head_size': 3, 'learning_rate': 0.020362575605149466}. Best is trial 16 with value: 25.057531356811523.
LOCAL_RANK: 0 - CUDA_VISIBLE_DEVICES: [0]
[I 2023-11-30 09:03:23,899] Trial 96 finished with value: 30.867172241210938 and parameters: {'gradient_clip_val': 0.45611406543766153, 'hidden_size': 53, 'dropout': 0.2604970393681367, 'hidden_continuous_size': 25, 'attention_head_size': 2, 'learning_rate': 0.010323189863068924}. Best is trial 16 with value: 25.057531356811523.
LOCAL_RANK: 0 - CUDA_VISIBLE_DEVICES: [0]
[I 2023-11-30 09:03:36,913] Trial 97 finished with value: 29.186050415039062 and parameters: {'gradient_clip_val': 0.3177916751781731, 'hidden_size': 60, 'dropout': 0.2770874259684367, 'hidden_continuous_size': 19, 'attention_head_size': 3, 'learning_rate': 0.013590869964785843}. Best is trial 16 with value: 25.057531356811523.
LOCAL_RANK: 0 - CUDA_VISIBLE_DEVICES: [0]
[I 2023-11-30 09:03:49,776] Trial 98 finished with value: 30.107572555541992 and parameters: {'gradient_clip_val': 0.4891916828435422, 'hidden_size': 45, 'dropout': 0.28911995106060123, 'hidden_continuous_size': 21, 'attention_head_size': 3, 'learning_rate': 0.008312926910930295}. Best is trial 16 with value: 25.057531356811523.
LOCAL_RANK: 0 - CUDA_VISIBLE_DEVICES: [0]
[I 2023-11-30 09:04:02,306] Trial 99 finished with value: 27.1270751953125 and parameters: {'gradient_clip_val': 0.6467331805141155, 'hidden_size': 40, 'dropout': 0.2502406278058661, 'hidden_continuous_size': 20, 'attention_head_size': 3, 'learning_rate': 0.012158704305481372}. Best is trial 16 with value: 25.057531356811523.
LOCAL_RANK: 0 - CUDA_VISIBLE_DEVICES: [0]
[I 2023-11-30 09:04:15,361] Trial 100 finished with value: 25.617353439331055 and parameters: {'gradient_clip_val': 0.72661889829429, 'hidden_size': 50, 'dropout': 0.23902480844091345, 'hidden_continuous_size': 27, 'attention_head_size': 3, 'learning_rate': 0.015307231517822973}. Best is trial 16 with value: 25.057531356811523.
LOCAL_RANK: 0 - CUDA_VISIBLE_DEVICES: [0]
[I 2023-11-30 09:04:28,533] Trial 101 finished with value: 28.46994972229004 and parameters: {'gradient_clip_val': 0.7286077364993999, 'hidden_size': 50, 'dropout': 0.26914772839736034, 'hidden_continuous_size': 24, 'attention_head_size': 3, 'learning_rate': 0.01516759613513444}. Best is trial 16 with value: 25.057531356811523.
LOCAL_RANK: 0 - CUDA_VISIBLE_DEVICES: [0]
[I 2023-11-30 09:04:41,765] Trial 102 finished with value: 31.084394454956055 and parameters: {'gradient_clip_val': 0.6624302840080445, 'hidden_size': 55, 'dropout': 0.23869301688295266, 'hidden_continuous_size': 27, 'attention_head_size': 3, 'learning_rate': 0.0175754712869773}. Best is trial 16 with value: 25.057531356811523.
LOCAL_RANK: 0 - CUDA_VISIBLE_DEVICES: [0]
[I 2023-11-30 09:04:54,526] Trial 103 finished with value: 28.00254249572754 and parameters: {'gradient_clip_val': 0.8177472268700434, 'hidden_size': 44, 'dropout': 0.22602695190414526, 'hidden_continuous_size': 26, 'attention_head_size': 3, 'learning_rate': 0.013374603346757188}. Best is trial 16 with value: 25.057531356811523.
LOCAL_RANK: 0 - CUDA_VISIBLE_DEVICES: [0]
[I 2023-11-30 09:05:07,500] Trial 104 finished with value: 31.818084716796875 and parameters: {'gradient_clip_val': 0.5350275981165061, 'hidden_size': 46, 'dropout': 0.21275530896780948, 'hidden_continuous_size': 25, 'attention_head_size': 3, 'learning_rate': 0.016161912476801064}. Best is trial 16 with value: 25.057531356811523.
LOCAL_RANK: 0 - CUDA_VISIBLE_DEVICES: [0]
[I 2023-11-30 09:05:20,236] Trial 105 finished with value: 27.98444175720215 and parameters: {'gradient_clip_val': 0.5975159605284149, 'hidden_size': 37, 'dropout': 0.2546413043132754, 'hidden_continuous_size': 23, 'attention_head_size': 3, 'learning_rate': 0.01946373282404529}. Best is trial 16 with value: 25.057531356811523.
LOCAL_RANK: 0 - CUDA_VISIBLE_DEVICES: [0]
[I 2023-11-30 09:05:33,786] Trial 106 finished with value: 28.43181800842285 and parameters: {'gradient_clip_val': 0.582259894830927, 'hidden_size': 61, 'dropout': 0.26362774240238707, 'hidden_continuous_size': 27, 'attention_head_size': 3, 'learning_rate': 0.010494639389405829}. Best is trial 16 with value: 25.057531356811523.
LOCAL_RANK: 0 - CUDA_VISIBLE_DEVICES: [0]
[I 2023-11-30 09:05:46,589] Trial 107 finished with value: 29.41388511657715 and parameters: {'gradient_clip_val': 0.6421967176816193, 'hidden_size': 42, 'dropout': 0.23525833881312896, 'hidden_continuous_size': 22, 'attention_head_size': 3, 'learning_rate': 0.009216156305322791}. Best is trial 16 with value: 25.057531356811523.
LOCAL_RANK: 0 - CUDA_VISIBLE_DEVICES: [0]
[I 2023-11-30 09:05:59,764] Trial 108 finished with value: 28.252960205078125 and parameters: {'gradient_clip_val': 0.29388280668013955, 'hidden_size': 53, 'dropout': 0.2281493295720274, 'hidden_continuous_size': 28, 'attention_head_size': 3, 'learning_rate': 0.014380499500298212}. Best is trial 16 with value: 25.057531356811523.
LOCAL_RANK: 0 - CUDA_VISIBLE_DEVICES: [0]
[I 2023-11-30 09:06:12,876] Trial 109 finished with value: 26.698617935180664 and parameters: {'gradient_clip_val': 0.3789242776788217, 'hidden_size': 57, 'dropout': 0.24324478491050977, 'hidden_continuous_size': 24, 'attention_head_size': 2, 'learning_rate': 0.011940054646792422}. Best is trial 16 with value: 25.057531356811523.
LOCAL_RANK: 0 - CUDA_VISIBLE_DEVICES: [0]
