[I 2023-11-30 06:35:08,442] Trial 8 finished with value: 252.9933319091797 and parameters: {'gradient_clip_val': 0.883940454656302, 'hidden_size': 18, 'dropout': 0.29383128584990376, 'hidden_continuous_size': 16, 'attention_head_size': 4, 'learning_rate': 0.002766259627739775}. Best is trial 7 with value: 119.2025146484375.
LOCAL_RANK: 0 - CUDA_VISIBLE_DEVICES: [0]
[I 2023-11-30 06:35:20,533] Trial 9 finished with value: 129.35206604003906 and parameters: {'gradient_clip_val': 0.13879060612711505, 'hidden_size': 14, 'dropout': 0.10590531092768342, 'hidden_continuous_size': 11, 'attention_head_size': 3, 'learning_rate': 0.08598871452307166}. Best is trial 7 with value: 119.2025146484375.
LOCAL_RANK: 0 - CUDA_VISIBLE_DEVICES: [0]
[I 2023-11-30 06:35:32,651] Trial 10 finished with value: 130.51527404785156 and parameters: {'gradient_clip_val': 0.11385457287711659, 'hidden_size': 11, 'dropout': 0.12608944786907794, 'hidden_continuous_size': 10, 'attention_head_size': 2, 'learning_rate': 0.020098847561630464}. Best is trial 7 with value: 119.2025146484375.
LOCAL_RANK: 0 - CUDA_VISIBLE_DEVICES: [0]
[I 2023-11-30 06:35:46,506] Trial 11 finished with value: 147.01983642578125 and parameters: {'gradient_clip_val': 0.9717912025851123, 'hidden_size': 125, 'dropout': 0.1951778534571249, 'hidden_continuous_size': 25, 'attention_head_size': 1, 'learning_rate': 0.01619488471093742}. Best is trial 7 with value: 119.2025146484375.
LOCAL_RANK: 0 - CUDA_VISIBLE_DEVICES: [0]
[I 2023-11-30 06:35:56,571] Trial 12 finished with value: 363.0221252441406 and parameters: {'gradient_clip_val': 0.5805154398565725, 'hidden_size': 10, 'dropout': 0.16267741712817257, 'hidden_continuous_size': 10, 'attention_head_size': 2, 'learning_rate': 0.004687793756841864}. Best is trial 7 with value: 119.2025146484375.
LOCAL_RANK: 0 - CUDA_VISIBLE_DEVICES: [0]
[I 2023-11-30 06:36:10,171] Trial 13 finished with value: 130.6007843017578 and parameters: {'gradient_clip_val': 0.5257544233499044, 'hidden_size': 86, 'dropout': 0.21716954024686252, 'hidden_continuous_size': 17, 'attention_head_size': 2, 'learning_rate': 0.029013186398072398}. Best is trial 7 with value: 119.2025146484375.
LOCAL_RANK: 0 - CUDA_VISIBLE_DEVICES: [0]
[I 2023-11-30 06:36:22,472] Trial 14 finished with value: 119.46969604492188 and parameters: {'gradient_clip_val': 0.6849656229151126, 'hidden_size': 31, 'dropout': 0.16371317151810322, 'hidden_continuous_size': 13, 'attention_head_size': 1, 'learning_rate': 0.011956598804034733}. Best is trial 7 with value: 119.2025146484375.
LOCAL_RANK: 0 - CUDA_VISIBLE_DEVICES: [0]
[I 2023-11-30 06:36:34,870] Trial 15 finished with value: 124.11919403076172 and parameters: {'gradient_clip_val': 0.3973123433779196, 'hidden_size': 30, 'dropout': 0.15121565328097797, 'hidden_continuous_size': 14, 'attention_head_size': 2, 'learning_rate': 0.009640290155877794}. Best is trial 7 with value: 119.2025146484375.
LOCAL_RANK: 0 - CUDA_VISIBLE_DEVICES: [0]
[I 2023-11-30 06:36:47,045] Trial 16 finished with value: 133.8350830078125 and parameters: {'gradient_clip_val': 0.6674895385518133, 'hidden_size': 24, 'dropout': 0.2323502395853255, 'hidden_continuous_size': 13, 'attention_head_size': 4, 'learning_rate': 0.037886524140941874}. Best is trial 7 with value: 119.2025146484375.
LOCAL_RANK: 0 - CUDA_VISIBLE_DEVICES: [0]
[I 2023-11-30 06:36:59,083] Trial 17 finished with value: 139.49400329589844 and parameters: {'gradient_clip_val': 0.21186335192046613, 'hidden_size': 28, 'dropout': 0.16702420047550118, 'hidden_continuous_size': 14, 'attention_head_size': 1, 'learning_rate': 0.010082347540926693}. Best is trial 7 with value: 119.2025146484375.
LOCAL_RANK: 0 - CUDA_VISIBLE_DEVICES: [0]
[I 2023-11-30 06:37:12,230] Trial 18 finished with value: 141.9867401123047 and parameters: {'gradient_clip_val': 0.4622353363624211, 'hidden_size': 42, 'dropout': 0.12678043337716893, 'hidden_continuous_size': 17, 'attention_head_size': 3, 'learning_rate': 0.03889400750941129}. Best is trial 7 with value: 119.2025146484375.
LOCAL_RANK: 0 - CUDA_VISIBLE_DEVICES: [0]
[I 2023-11-30 06:37:24,372] Trial 19 finished with value: 98.23380279541016 and parameters: {'gradient_clip_val': 0.3277625778782194, 'hidden_size': 23, 'dropout': 0.3963572407454173, 'hidden_continuous_size': 12, 'attention_head_size': 2, 'learning_rate': 0.014456049151889624}. Best is trial 19 with value: 98.23380279541016.
LOCAL_RANK: 0 - CUDA_VISIBLE_DEVICES: [0]
[I 2023-11-30 06:37:36,477] Trial 20 finished with value: 163.91111755371094 and parameters: {'gradient_clip_val': 0.33730428835856946, 'hidden_size': 13, 'dropout': 0.35895641374968473, 'hidden_continuous_size': 11, 'attention_head_size': 2, 'learning_rate': 0.02360486058891262}. Best is trial 19 with value: 98.23380279541016.
LOCAL_RANK: 0 - CUDA_VISIBLE_DEVICES: [0]
[I 2023-11-30 06:37:48,259] Trial 21 finished with value: 117.2752685546875 and parameters: {'gradient_clip_val': 0.38701991157153676, 'hidden_size': 24, 'dropout': 0.3692673517437418, 'hidden_continuous_size': 12, 'attention_head_size': 1, 'learning_rate': 0.014342920293129417}. Best is trial 19 with value: 98.23380279541016.
LOCAL_RANK: 0 - CUDA_VISIBLE_DEVICES: [0]
[I 2023-11-30 06:38:00,314] Trial 22 finished with value: 118.41597747802734 and parameters: {'gradient_clip_val': 0.37103746669466414, 'hidden_size': 23, 'dropout': 0.39729768938669524, 'hidden_continuous_size': 12, 'attention_head_size': 2, 'learning_rate': 0.017038099835410814}. Best is trial 19 with value: 98.23380279541016.
LOCAL_RANK: 0 - CUDA_VISIBLE_DEVICES: [0]
[I 2023-11-30 06:38:12,545] Trial 23 finished with value: 125.31298828125 and parameters: {'gradient_clip_val': 0.36817494972528936, 'hidden_size': 23, 'dropout': 0.3985842304120392, 'hidden_continuous_size': 12, 'attention_head_size': 2, 'learning_rate': 0.013759271352732342}. Best is trial 19 with value: 98.23380279541016.
LOCAL_RANK: 0 - CUDA_VISIBLE_DEVICES: [0]
[I 2023-11-30 06:38:24,504] Trial 24 finished with value: 120.2343978881836 and parameters: {'gradient_clip_val': 0.2991963722003328, 'hidden_size': 23, 'dropout': 0.3977756330357931, 'hidden_continuous_size': 11, 'attention_head_size': 1, 'learning_rate': 0.008578743125836997}. Best is trial 19 with value: 98.23380279541016.
LOCAL_RANK: 0 - CUDA_VISIBLE_DEVICES: [0]
[I 2023-11-30 06:38:37,155] Trial 25 finished with value: 118.7459716796875 and parameters: {'gradient_clip_val': 0.4050100936054112, 'hidden_size': 38, 'dropout': 0.37800281022576, 'hidden_continuous_size': 15, 'attention_head_size': 2, 'learning_rate': 0.01679422677004049}. Best is trial 19 with value: 98.23380279541016.
LOCAL_RANK: 0 - CUDA_VISIBLE_DEVICES: [0]
[I 2023-11-30 06:38:49,322] Trial 26 finished with value: 167.4952850341797 and parameters: {'gradient_clip_val': 0.352384909402227, 'hidden_size': 21, 'dropout': 0.32326597314963945, 'hidden_continuous_size': 12, 'attention_head_size': 2, 'learning_rate': 0.007342927533902191}. Best is trial 19 with value: 98.23380279541016.
LOCAL_RANK: 0 - CUDA_VISIBLE_DEVICES: [0]
[I 2023-11-30 06:39:01,477] Trial 27 finished with value: 102.90235137939453 and parameters: {'gradient_clip_val': 0.49576081874468875, 'hidden_size': 27, 'dropout': 0.3670510133367652, 'hidden_continuous_size': 11, 'attention_head_size': 1, 'learning_rate': 0.013238587978414833}. Best is trial 19 with value: 98.23380279541016.
LOCAL_RANK: 0 - CUDA_VISIBLE_DEVICES: [0]
[I 2023-11-30 06:39:13,587] Trial 28 finished with value: 100.7488784790039 and parameters: {'gradient_clip_val': 0.5045072827532777, 'hidden_size': 28, 'dropout': 0.36417414757390637, 'hidden_continuous_size': 11, 'attention_head_size': 1, 'learning_rate': 0.013124710122773386}. Best is trial 19 with value: 98.23380279541016.
LOCAL_RANK: 0 - CUDA_VISIBLE_DEVICES: [0]
[I 2023-11-30 06:39:26,111] Trial 29 finished with value: 137.85008239746094 and parameters: {'gradient_clip_val': 0.5390168025321609, 'hidden_size': 37, 'dropout': 0.31234351822929096, 'hidden_continuous_size': 15, 'attention_head_size': 1, 'learning_rate': 0.007328219657556993}. Best is trial 19 with value: 98.23380279541016.
LOCAL_RANK: 0 - CUDA_VISIBLE_DEVICES: [0]
[I 2023-11-30 06:39:38,855] Trial 30 finished with value: 125.05886840820312 and parameters: {'gradient_clip_val': 0.7883655463092175, 'hidden_size': 56, 'dropout': 0.3609898806547211, 'hidden_continuous_size': 19, 'attention_head_size': 1, 'learning_rate': 0.01142938429839977}. Best is trial 19 with value: 98.23380279541016.
LOCAL_RANK: 0 - CUDA_VISIBLE_DEVICES: [0]
[I 2023-11-30 06:39:50,787] Trial 31 finished with value: 111.3218002319336 and parameters: {'gradient_clip_val': 0.46505605661354177, 'hidden_size': 27, 'dropout': 0.3759944963231763, 'hidden_continuous_size': 11, 'attention_head_size': 1, 'learning_rate': 0.013541109378160127}. Best is trial 19 with value: 98.23380279541016.
LOCAL_RANK: 0 - CUDA_VISIBLE_DEVICES: [0]
[I 2023-11-30 06:40:02,909] Trial 32 finished with value: 127.68630981445312 and parameters: {'gradient_clip_val': 0.46229783135689306, 'hidden_size': 27, 'dropout': 0.3480534664818014, 'hidden_continuous_size': 11, 'attention_head_size': 1, 'learning_rate': 0.011592615211087533}. Best is trial 19 with value: 98.23380279541016.
LOCAL_RANK: 0 - CUDA_VISIBLE_DEVICES: [0]
[I 2023-11-30 06:40:15,384] Trial 33 finished with value: 115.54206085205078 and parameters: {'gradient_clip_val': 0.5147618970763278, 'hidden_size': 31, 'dropout': 0.37790047499356577, 'hidden_continuous_size': 10, 'attention_head_size': 1, 'learning_rate': 0.021283979490438358}. Best is trial 19 with value: 98.23380279541016.
LOCAL_RANK: 0 - CUDA_VISIBLE_DEVICES: [0]
[I 2023-11-30 06:40:27,280] Trial 34 finished with value: 130.18333435058594 and parameters: {'gradient_clip_val': 0.5828648790846316, 'hidden_size': 20, 'dropout': 0.34064706684779866, 'hidden_continuous_size': 11, 'attention_head_size': 1, 'learning_rate': 0.014024515627680468}. Best is trial 19 with value: 98.23380279541016.
LOCAL_RANK: 0 - CUDA_VISIBLE_DEVICES: [0]
[I 2023-11-30 06:40:39,826] Trial 35 finished with value: 113.16656494140625 and parameters: {'gradient_clip_val': 0.30827930062533976, 'hidden_size': 34, 'dropout': 0.3825457380551289, 'hidden_continuous_size': 13, 'attention_head_size': 1, 'learning_rate': 0.008826434185058185}. Best is trial 19 with value: 98.23380279541016.
LOCAL_RANK: 0 - CUDA_VISIBLE_DEVICES: [0]
[I 2023-11-30 06:40:51,696] Trial 36 finished with value: 195.0353240966797 and parameters: {'gradient_clip_val': 0.44595518963315034, 'hidden_size': 16, 'dropout': 0.3581257135049803, 'hidden_continuous_size': 11, 'attention_head_size': 1, 'learning_rate': 0.006302025984023327}. Best is trial 19 with value: 98.23380279541016.
LOCAL_RANK: 0 - CUDA_VISIBLE_DEVICES: [0]
[I 2023-11-30 06:41:03,637] Trial 37 finished with value: 100.65901947021484 and parameters: {'gradient_clip_val': 0.46645862006108196, 'hidden_size': 27, 'dropout': 0.3273245067815196, 'hidden_continuous_size': 10, 'attention_head_size': 1, 'learning_rate': 0.019800201207650452}. Best is trial 19 with value: 98.23380279541016.
LOCAL_RANK: 0 - CUDA_VISIBLE_DEVICES: [0]
[I 2023-11-30 06:41:15,835] Trial 38 finished with value: 124.59041595458984 and parameters: {'gradient_clip_val': 0.6310911101022834, 'hidden_size': 19, 'dropout': 0.32659524531122436, 'hidden_continuous_size': 10, 'attention_head_size': 1, 'learning_rate': 0.024011509207648257}. Best is trial 19 with value: 98.23380279541016.
LOCAL_RANK: 0 - CUDA_VISIBLE_DEVICES: [0]
[I 2023-11-30 06:41:28,402] Trial 39 finished with value: 117.83709716796875 and parameters: {'gradient_clip_val': 0.720929605256539, 'hidden_size': 44, 'dropout': 0.3437687581270761, 'hidden_continuous_size': 10, 'attention_head_size': 2, 'learning_rate': 0.055953101639527686}. Best is trial 19 with value: 98.23380279541016.
LOCAL_RANK: 0 - CUDA_VISIBLE_DEVICES: [0]
[I 2023-11-30 06:41:40,223] Trial 40 finished with value: 141.65139770507812 and parameters: {'gradient_clip_val': 0.2791254750343662, 'hidden_size': 16, 'dropout': 0.29705665944922655, 'hidden_continuous_size': 10, 'attention_head_size': 3, 'learning_rate': 0.020339479519769298}. Best is trial 19 with value: 98.23380279541016.
LOCAL_RANK: 0 - CUDA_VISIBLE_DEVICES: [0]
[I 2023-11-30 06:41:52,376] Trial 41 finished with value: 116.09168243408203 and parameters: {'gradient_clip_val': 0.4275086848648414, 'hidden_size': 26, 'dropout': 0.3826454157827802, 'hidden_continuous_size': 11, 'attention_head_size': 1, 'learning_rate': 0.013033408463283417}. Best is trial 19 with value: 98.23380279541016.
LOCAL_RANK: 0 - CUDA_VISIBLE_DEVICES: [0]
[I 2023-11-30 06:42:04,737] Trial 42 finished with value: 91.63338470458984 and parameters: {'gradient_clip_val': 0.49433327212271494, 'hidden_size': 29, 'dropout': 0.35302254827566526, 'hidden_continuous_size': 12, 'attention_head_size': 1, 'learning_rate': 0.017280405467135846}. Best is trial 42 with value: 91.63338470458984.
LOCAL_RANK: 0 - CUDA_VISIBLE_DEVICES: [0]
[I 2023-11-30 06:42:16,969] Trial 43 finished with value: 112.65657806396484 and parameters: {'gradient_clip_val': 0.5006866404254912, 'hidden_size': 32, 'dropout': 0.35085779699688685, 'hidden_continuous_size': 12, 'attention_head_size': 1, 'learning_rate': 0.017763754002371252}. Best is trial 42 with value: 91.63338470458984.
LOCAL_RANK: 0 - CUDA_VISIBLE_DEVICES: [0]
[I 2023-11-30 06:42:29,136] Trial 44 finished with value: 127.18485260009766 and parameters: {'gradient_clip_val': 0.5966554213844005, 'hidden_size': 21, 'dropout': 0.3346372121214043, 'hidden_continuous_size': 12, 'attention_head_size': 1, 'learning_rate': 0.018219845764687784}. Best is trial 42 with value: 91.63338470458984.
LOCAL_RANK: 0 - CUDA_VISIBLE_DEVICES: [0]
[I 2023-11-30 06:42:41,080] Trial 45 finished with value: 130.4520721435547 and parameters: {'gradient_clip_val': 0.32922603692280894, 'hidden_size': 28, 'dropout': 0.36382945584590426, 'hidden_continuous_size': 10, 'attention_head_size': 1, 'learning_rate': 0.023739207398371313}. Best is trial 42 with value: 91.63338470458984.
LOCAL_RANK: 0 - CUDA_VISIBLE_DEVICES: [0]
[I 2023-11-30 06:42:53,813] Trial 46 finished with value: 116.4682388305664 and parameters: {'gradient_clip_val': 0.5042105719586144, 'hidden_size': 37, 'dropout': 0.34960068176163406, 'hidden_continuous_size': 14, 'attention_head_size': 2, 'learning_rate': 0.02705362822620292}. Best is trial 42 with value: 91.63338470458984.
LOCAL_RANK: 0 - CUDA_VISIBLE_DEVICES: [0]
[I 2023-11-30 06:43:06,224] Trial 47 finished with value: 117.63729858398438 and parameters: {'gradient_clip_val': 0.41675654120095046, 'hidden_size': 34, 'dropout': 0.2716463152229798, 'hidden_continuous_size': 13, 'attention_head_size': 1, 'learning_rate': 0.010758531391996602}. Best is trial 42 with value: 91.63338470458984.
LOCAL_RANK: 0 - CUDA_VISIBLE_DEVICES: [0]
[I 2023-11-30 06:43:18,608] Trial 48 finished with value: 124.50580596923828 and parameters: {'gradient_clip_val': 0.6181449413399253, 'hidden_size': 25, 'dropout': 0.3191671766336255, 'hidden_continuous_size': 10, 'attention_head_size': 1, 'learning_rate': 0.03277339464128899}. Best is trial 42 with value: 91.63338470458984.
LOCAL_RANK: 0 - CUDA_VISIBLE_DEVICES: [0]
[I 2023-11-30 06:43:30,728] Trial 49 finished with value: 131.77850341796875 and parameters: {'gradient_clip_val': 0.5603812929670233, 'hidden_size': 18, 'dropout': 0.336750140028317, 'hidden_continuous_size': 11, 'attention_head_size': 2, 'learning_rate': 0.015717041109275617}. Best is trial 42 with value: 91.63338470458984.
LOCAL_RANK: 0 - CUDA_VISIBLE_DEVICES: [0]
[I 2023-11-30 06:43:42,916] Trial 50 finished with value: 114.61214447021484 and parameters: {'gradient_clip_val': 0.48096742512710433, 'hidden_size': 29, 'dropout': 0.3687259075546768, 'hidden_continuous_size': 13, 'attention_head_size': 3, 'learning_rate': 0.010065504260983108}. Best is trial 42 with value: 91.63338470458984.
LOCAL_RANK: 0 - CUDA_VISIBLE_DEVICES: [0]
[I 2023-11-30 06:43:54,852] Trial 51 finished with value: 126.02867889404297 and parameters: {'gradient_clip_val': 0.43525237989009796, 'hidden_size': 25, 'dropout': 0.3861869938027426, 'hidden_continuous_size': 11, 'attention_head_size': 1, 'learning_rate': 0.012390884367946985}. Best is trial 42 with value: 91.63338470458984.
LOCAL_RANK: 0 - CUDA_VISIBLE_DEVICES: [0]
[I 2023-11-30 06:44:06,798] Trial 52 finished with value: 115.93425750732422 and parameters: {'gradient_clip_val': 0.5451718454868615, 'hidden_size': 28, 'dropout': 0.3714740144377139, 'hidden_continuous_size': 11, 'attention_head_size': 1, 'learning_rate': 0.015367968944234532}. Best is trial 42 with value: 91.63338470458984.
LOCAL_RANK: 0 - CUDA_VISIBLE_DEVICES: [0]
[I 2023-11-30 06:44:19,299] Trial 53 finished with value: 102.02557373046875 and parameters: {'gradient_clip_val': 0.408274277148741, 'hidden_size': 31, 'dropout': 0.3882303920070685, 'hidden_continuous_size': 12, 'attention_head_size': 1, 'learning_rate': 0.01900927308689547}. Best is trial 42 with value: 91.63338470458984.
LOCAL_RANK: 0 - CUDA_VISIBLE_DEVICES: [0]
[I 2023-11-30 06:44:31,774] Trial 54 finished with value: 121.9976577758789 and parameters: {'gradient_clip_val': 0.38350542614365485, 'hidden_size': 33, 'dropout': 0.38955392321622445, 'hidden_continuous_size': 12, 'attention_head_size': 1, 'learning_rate': 0.026400500617011814}. Best is trial 42 with value: 91.63338470458984.
LOCAL_RANK: 0 - CUDA_VISIBLE_DEVICES: [0]
[I 2023-11-30 06:44:43,871] Trial 55 finished with value: 109.3008041381836 and parameters: {'gradient_clip_val': 0.3394052170068022, 'hidden_size': 21, 'dropout': 0.36170810805994896, 'hidden_continuous_size': 12, 'attention_head_size': 1, 'learning_rate': 0.019839977978652196}. Best is trial 42 with value: 91.63338470458984.
LOCAL_RANK: 0 - CUDA_VISIBLE_DEVICES: [0]
[I 2023-11-30 06:44:56,258] Trial 56 finished with value: 122.73782348632812 and parameters: {'gradient_clip_val': 0.407451861703023, 'hidden_size': 30, 'dropout': 0.3901560144941328, 'hidden_continuous_size': 13, 'attention_head_size': 1, 'learning_rate': 0.02031121027603898}. Best is trial 42 with value: 91.63338470458984.
LOCAL_RANK: 0 - CUDA_VISIBLE_DEVICES: [0]
[I 2023-11-30 06:45:08,594] Trial 57 finished with value: 122.72369384765625 and parameters: {'gradient_clip_val': 0.5068733409701319, 'hidden_size': 23, 'dropout': 0.3716071520814037, 'hidden_continuous_size': 10, 'attention_head_size': 4, 'learning_rate': 0.015379723973775057}. Best is trial 42 with value: 91.63338470458984.
LOCAL_RANK: 0 - CUDA_VISIBLE_DEVICES: [0]
[I 2023-11-30 06:45:20,988] Trial 58 finished with value: 118.65518951416016 and parameters: {'gradient_clip_val': 0.37708401034628275, 'hidden_size': 26, 'dropout': 0.35582833890626375, 'hidden_continuous_size': 12, 'attention_head_size': 2, 'learning_rate': 0.018017516965747285}. Best is trial 42 with value: 91.63338470458984.
LOCAL_RANK: 0 - CUDA_VISIBLE_DEVICES: [0]
[I 2023-11-30 06:45:33,262] Trial 59 finished with value: 109.22427368164062 and parameters: {'gradient_clip_val': 0.44814372677987896, 'hidden_size': 31, 'dropout': 0.39986843860119864, 'hidden_continuous_size': 14, 'attention_head_size': 2, 'learning_rate': 0.03236437306470383}. Best is trial 42 with value: 91.63338470458984.
LOCAL_RANK: 0 - CUDA_VISIBLE_DEVICES: [0]
[I 2023-11-30 06:45:45,799] Trial 60 finished with value: 108.58536529541016 and parameters: {'gradient_clip_val': 0.34941532440491063, 'hidden_size': 40, 'dropout': 0.38829738324730806, 'hidden_continuous_size': 28, 'attention_head_size': 1, 'learning_rate': 0.012006440300394402}. Best is trial 42 with value: 91.63338470458984.
LOCAL_RANK: 0 - CUDA_VISIBLE_DEVICES: [0]
[I 2023-11-30 06:45:58,591] Trial 61 finished with value: 109.12274169921875 and parameters: {'gradient_clip_val': 0.3165592204474298, 'hidden_size': 41, 'dropout': 0.38300804225779506, 'hidden_continuous_size': 28, 'attention_head_size': 1, 'learning_rate': 0.012024494294557481}. Best is trial 42 with value: 91.63338470458984.
LOCAL_RANK: 0 - CUDA_VISIBLE_DEVICES: [0]
[I 2023-11-30 06:46:11,188] Trial 62 finished with value: 107.70635986328125 and parameters: {'gradient_clip_val': 0.35427807808698736, 'hidden_size': 36, 'dropout': 0.3682066067815992, 'hidden_continuous_size': 28, 'attention_head_size': 1, 'learning_rate': 0.009721270716163402}. Best is trial 42 with value: 91.63338470458984.
LOCAL_RANK: 0 - CUDA_VISIBLE_DEVICES: [0]
[I 2023-11-30 06:46:24,040] Trial 63 finished with value: 121.56339263916016 and parameters: {'gradient_clip_val': 0.48459645834373627, 'hidden_size': 35, 'dropout': 0.36858313123671915, 'hidden_continuous_size': 20, 'attention_head_size': 1, 'learning_rate': 0.009900531756906066}. Best is trial 42 with value: 91.63338470458984.
LOCAL_RANK: 0 - CUDA_VISIBLE_DEVICES: [0]
[I 2023-11-30 06:46:36,308] Trial 64 finished with value: 103.46920776367188 and parameters: {'gradient_clip_val': 0.4190323045247761, 'hidden_size': 29, 'dropout': 0.35158340704394486, 'hidden_continuous_size': 16, 'attention_head_size': 1, 'learning_rate': 0.01497487568451432}. Best is trial 42 with value: 91.63338470458984.
LOCAL_RANK: 0 - CUDA_VISIBLE_DEVICES: [0]
[I 2023-11-30 06:46:48,548] Trial 65 finished with value: 118.1762466430664 and parameters: {'gradient_clip_val': 0.3994357415379124, 'hidden_size': 30, 'dropout': 0.3546259139858007, 'hidden_continuous_size': 16, 'attention_head_size': 1, 'learning_rate': 0.01475663218356067}. Best is trial 42 with value: 91.63338470458984.
LOCAL_RANK: 0 - CUDA_VISIBLE_DEVICES: [0]
[I 2023-11-30 06:47:00,672] Trial 66 finished with value: 109.93880462646484 and parameters: {'gradient_clip_val': 0.561037826901596, 'hidden_size': 22, 'dropout': 0.3455432541764463, 'hidden_continuous_size': 11, 'attention_head_size': 1, 'learning_rate': 0.02285020573427307}. Best is trial 42 with value: 91.63338470458984.
LOCAL_RANK: 0 - CUDA_VISIBLE_DEVICES: [0]
