[I 2023-11-29 20:34:16,855] Trial 116 finished with value: 186.3589630126953 and parameters: {'gradient_clip_val': 0.10500572378980408, 'hidden_size': 90, 'dropout': 0.14346614689726458, 'hidden_continuous_size': 79, 'attention_head_size': 3, 'learning_rate': 0.03491904441798989}. Best is trial 112 with value: 176.1137237548828.
LOCAL_RANK: 0 - CUDA_VISIBLE_DEVICES: [0]
[I 2023-11-29 20:34:30,907] Trial 117 finished with value: 254.7207794189453 and parameters: {'gradient_clip_val': 0.10001959326841031, 'hidden_size': 90, 'dropout': 0.14094492411513507, 'hidden_continuous_size': 80, 'attention_head_size': 3, 'learning_rate': 0.03258353134317715}. Best is trial 112 with value: 176.1137237548828.
LOCAL_RANK: 0 - CUDA_VISIBLE_DEVICES: [0]
[I 2023-11-29 20:34:44,925] Trial 118 finished with value: 238.5714111328125 and parameters: {'gradient_clip_val': 0.12631391149340992, 'hidden_size': 73, 'dropout': 0.12413495753975194, 'hidden_continuous_size': 70, 'attention_head_size': 3, 'learning_rate': 0.07374694387849284}. Best is trial 112 with value: 176.1137237548828.
LOCAL_RANK: 0 - CUDA_VISIBLE_DEVICES: [0]
[I 2023-11-29 20:34:59,106] Trial 119 finished with value: 231.2503204345703 and parameters: {'gradient_clip_val': 0.13415641205386636, 'hidden_size': 84, 'dropout': 0.15154396427965602, 'hidden_continuous_size': 78, 'attention_head_size': 3, 'learning_rate': 0.02395510762164139}. Best is trial 112 with value: 176.1137237548828.
LOCAL_RANK: 0 - CUDA_VISIBLE_DEVICES: [0]
[I 2023-11-29 20:35:13,064] Trial 120 finished with value: 271.8199768066406 and parameters: {'gradient_clip_val': 0.10409684717743067, 'hidden_size': 67, 'dropout': 0.1451684797800505, 'hidden_continuous_size': 65, 'attention_head_size': 3, 'learning_rate': 0.05900081533858997}. Best is trial 112 with value: 176.1137237548828.
LOCAL_RANK: 0 - CUDA_VISIBLE_DEVICES: [0]
[I 2023-11-29 20:35:27,557] Trial 121 finished with value: 201.8809356689453 and parameters: {'gradient_clip_val': 0.11001230471287603, 'hidden_size': 97, 'dropout': 0.1650978059509163, 'hidden_continuous_size': 91, 'attention_head_size': 3, 'learning_rate': 0.03586792608829744}. Best is trial 112 with value: 176.1137237548828.
LOCAL_RANK: 0 - CUDA_VISIBLE_DEVICES: [0]
[I 2023-11-29 20:35:41,931] Trial 122 finished with value: 189.55120849609375 and parameters: {'gradient_clip_val': 0.10505754290930554, 'hidden_size': 112, 'dropout': 0.15901794011598883, 'hidden_continuous_size': 95, 'attention_head_size': 3, 'learning_rate': 0.02862531444359772}. Best is trial 112 with value: 176.1137237548828.
LOCAL_RANK: 0 - CUDA_VISIBLE_DEVICES: [0]
[I 2023-11-29 20:35:56,124] Trial 123 finished with value: 215.8092041015625 and parameters: {'gradient_clip_val': 0.11773564669830906, 'hidden_size': 112, 'dropout': 0.15430480793854187, 'hidden_continuous_size': 97, 'attention_head_size': 3, 'learning_rate': 0.02174651278884839}. Best is trial 112 with value: 176.1137237548828.
LOCAL_RANK: 0 - CUDA_VISIBLE_DEVICES: [0]
[I 2023-11-29 20:36:10,598] Trial 124 finished with value: 237.1212615966797 and parameters: {'gradient_clip_val': 0.12245900065056545, 'hidden_size': 121, 'dropout': 0.13756992413686947, 'hidden_continuous_size': 114, 'attention_head_size': 3, 'learning_rate': 0.029397912012851492}. Best is trial 112 with value: 176.1137237548828.
LOCAL_RANK: 0 - CUDA_VISIBLE_DEVICES: [0]
[I 2023-11-29 20:36:25,314] Trial 125 finished with value: 190.05609130859375 and parameters: {'gradient_clip_val': 0.11263040209264578, 'hidden_size': 144, 'dropout': 0.1766659625562669, 'hidden_continuous_size': 123, 'attention_head_size': 3, 'learning_rate': 0.03297947350483468}. Best is trial 112 with value: 176.1137237548828.
LOCAL_RANK: 0 - CUDA_VISIBLE_DEVICES: [0]
[I 2023-11-29 20:36:39,628] Trial 126 finished with value: 191.2530517578125 and parameters: {'gradient_clip_val': 0.10568358262483853, 'hidden_size': 93, 'dropout': 0.15997588295636744, 'hidden_continuous_size': 86, 'attention_head_size': 3, 'learning_rate': 0.019125763666274862}. Best is trial 112 with value: 176.1137237548828.
LOCAL_RANK: 0 - CUDA_VISIBLE_DEVICES: [0]
[I 2023-11-29 20:36:54,270] Trial 127 finished with value: 193.8133087158203 and parameters: {'gradient_clip_val': 0.12719096989417858, 'hidden_size': 138, 'dropout': 0.14712649742859435, 'hidden_continuous_size': 106, 'attention_head_size': 3, 'learning_rate': 0.02830049986518327}. Best is trial 112 with value: 176.1137237548828.
LOCAL_RANK: 0 - CUDA_VISIBLE_DEVICES: [0]
[I 2023-11-29 20:37:08,597] Trial 128 finished with value: 318.9704284667969 and parameters: {'gradient_clip_val': 0.1379265455420908, 'hidden_size': 110, 'dropout': 0.14238904403303182, 'hidden_continuous_size': 89, 'attention_head_size': 3, 'learning_rate': 0.04607062503372508}. Best is trial 112 with value: 176.1137237548828.
LOCAL_RANK: 0 - CUDA_VISIBLE_DEVICES: [0]
[I 2023-11-29 20:37:23,175] Trial 129 finished with value: 185.3373260498047 and parameters: {'gradient_clip_val': 0.1104757235329957, 'hidden_size': 127, 'dropout': 0.13202525005245958, 'hidden_continuous_size': 107, 'attention_head_size': 4, 'learning_rate': 0.0868146786619699}. Best is trial 112 with value: 176.1137237548828.
LOCAL_RANK: 0 - CUDA_VISIBLE_DEVICES: [0]
[I 2023-11-29 20:37:37,754] Trial 130 finished with value: 193.6325225830078 and parameters: {'gradient_clip_val': 0.1149189472979156, 'hidden_size': 125, 'dropout': 0.13294718143218617, 'hidden_continuous_size': 107, 'attention_head_size': 4, 'learning_rate': 0.08312880234970894}. Best is trial 112 with value: 176.1137237548828.
LOCAL_RANK: 0 - CUDA_VISIBLE_DEVICES: [0]
[I 2023-11-29 20:37:52,366] Trial 131 finished with value: 204.5995330810547 and parameters: {'gradient_clip_val': 0.10320641529189402, 'hidden_size': 115, 'dropout': 0.15853113943969713, 'hidden_continuous_size': 93, 'attention_head_size': 4, 'learning_rate': 0.08923113036768669}. Best is trial 112 with value: 176.1137237548828.
LOCAL_RANK: 0 - CUDA_VISIBLE_DEVICES: [0]
[I 2023-11-29 20:38:07,055] Trial 132 finished with value: 257.5953063964844 and parameters: {'gradient_clip_val': 0.1004293483011103, 'hidden_size': 133, 'dropout': 0.1273907104951504, 'hidden_continuous_size': 111, 'attention_head_size': 4, 'learning_rate': 0.07266602176509941}. Best is trial 112 with value: 176.1137237548828.
LOCAL_RANK: 0 - CUDA_VISIBLE_DEVICES: [0]
[I 2023-11-29 20:38:21,348] Trial 133 finished with value: 210.9103546142578 and parameters: {'gradient_clip_val': 0.1099519207127054, 'hidden_size': 101, 'dropout': 0.151031098231301, 'hidden_continuous_size': 96, 'attention_head_size': 4, 'learning_rate': 0.09846759653042068}. Best is trial 112 with value: 176.1137237548828.
LOCAL_RANK: 0 - CUDA_VISIBLE_DEVICES: [0]
[I 2023-11-29 20:38:35,876] Trial 134 finished with value: 192.19482421875 and parameters: {'gradient_clip_val': 0.1207495642638745, 'hidden_size': 119, 'dropout': 0.13878974216573783, 'hidden_continuous_size': 101, 'attention_head_size': 4, 'learning_rate': 0.07962417924012334}. Best is trial 112 with value: 176.1137237548828.
LOCAL_RANK: 0 - CUDA_VISIBLE_DEVICES: [0]
[I 2023-11-29 20:38:50,200] Trial 135 finished with value: 209.54345703125 and parameters: {'gradient_clip_val': 0.1099083880140281, 'hidden_size': 127, 'dropout': 0.12296684055232676, 'hidden_continuous_size': 95, 'attention_head_size': 3, 'learning_rate': 0.025442883100417965}. Best is trial 112 with value: 176.1137237548828.
LOCAL_RANK: 0 - CUDA_VISIBLE_DEVICES: [0]
[I 2023-11-29 20:39:04,786] Trial 136 finished with value: 191.64134216308594 and parameters: {'gradient_clip_val': 0.11565304739968821, 'hidden_size': 106, 'dropout': 0.13312624069188495, 'hidden_continuous_size': 95, 'attention_head_size': 3, 'learning_rate': 0.03571012611139832}. Best is trial 112 with value: 176.1137237548828.
LOCAL_RANK: 0 - CUDA_VISIBLE_DEVICES: [0]
[I 2023-11-29 20:39:18,819] Trial 137 finished with value: 228.7626190185547 and parameters: {'gradient_clip_val': 0.12939338677382844, 'hidden_size': 88, 'dropout': 0.19351096059049033, 'hidden_continuous_size': 82, 'attention_head_size': 3, 'learning_rate': 0.05497460933933}. Best is trial 112 with value: 176.1137237548828.
LOCAL_RANK: 0 - CUDA_VISIBLE_DEVICES: [0]
[I 2023-11-29 20:39:33,155] Trial 138 finished with value: 217.1678924560547 and parameters: {'gradient_clip_val': 0.1427978243451859, 'hidden_size': 97, 'dropout': 0.1461270402185655, 'hidden_continuous_size': 88, 'attention_head_size': 4, 'learning_rate': 0.06771706733183208}. Best is trial 112 with value: 176.1137237548828.
LOCAL_RANK: 0 - CUDA_VISIBLE_DEVICES: [0]
[I 2023-11-29 20:39:47,098] Trial 139 finished with value: 224.7671356201172 and parameters: {'gradient_clip_val': 0.1053289102379077, 'hidden_size': 77, 'dropout': 0.1603683242845843, 'hidden_continuous_size': 74, 'attention_head_size': 1, 'learning_rate': 0.029932489832514227}. Best is trial 112 with value: 176.1137237548828.
LOCAL_RANK: 0 - CUDA_VISIBLE_DEVICES: [0]
[I 2023-11-29 20:40:01,916] Trial 140 finished with value: 198.6976318359375 and parameters: {'gradient_clip_val': 0.11886025396074605, 'hidden_size': 149, 'dropout': 0.15323115938566814, 'hidden_continuous_size': 109, 'attention_head_size': 3, 'learning_rate': 0.03894721908506074}. Best is trial 112 with value: 176.1137237548828.
LOCAL_RANK: 0 - CUDA_VISIBLE_DEVICES: [0]
[I 2023-11-29 20:40:16,496] Trial 141 finished with value: 185.9579315185547 and parameters: {'gradient_clip_val': 0.10599970645158384, 'hidden_size': 109, 'dropout': 0.17165943472067682, 'hidden_continuous_size': 100, 'attention_head_size': 3, 'learning_rate': 0.042846282615008266}. Best is trial 112 with value: 176.1137237548828.
LOCAL_RANK: 0 - CUDA_VISIBLE_DEVICES: [0]
[I 2023-11-29 20:40:30,909] Trial 142 finished with value: 194.8159637451172 and parameters: {'gradient_clip_val': 0.10022013818839555, 'hidden_size': 113, 'dropout': 0.16893726009193388, 'hidden_continuous_size': 102, 'attention_head_size': 3, 'learning_rate': 0.04162180297874676}. Best is trial 112 with value: 176.1137237548828.
LOCAL_RANK: 0 - CUDA_VISIBLE_DEVICES: [0]
[I 2023-11-29 20:40:45,308] Trial 143 finished with value: 218.7733154296875 and parameters: {'gradient_clip_val': 0.10871499422058833, 'hidden_size': 105, 'dropout': 0.17317553767082217, 'hidden_continuous_size': 98, 'attention_head_size': 3, 'learning_rate': 0.03339816050317455}. Best is trial 112 with value: 176.1137237548828.
LOCAL_RANK: 0 - CUDA_VISIBLE_DEVICES: [0]
[I 2023-11-29 20:40:59,825] Trial 144 finished with value: 195.7421875 and parameters: {'gradient_clip_val': 0.1243607328382829, 'hidden_size': 118, 'dropout': 0.17982083065682236, 'hidden_continuous_size': 105, 'attention_head_size': 3, 'learning_rate': 0.06195602061418074}. Best is trial 112 with value: 176.1137237548828.
LOCAL_RANK: 0 - CUDA_VISIBLE_DEVICES: [0]
[I 2023-11-29 20:41:14,024] Trial 145 finished with value: 237.59815979003906 and parameters: {'gradient_clip_val': 0.1124296263827817, 'hidden_size': 92, 'dropout': 0.14176725856189543, 'hidden_continuous_size': 87, 'attention_head_size': 3, 'learning_rate': 0.08434656152282956}. Best is trial 112 with value: 176.1137237548828.
LOCAL_RANK: 0 - CUDA_VISIBLE_DEVICES: [0]
[I 2023-11-29 20:41:28,802] Trial 146 finished with value: 195.9776153564453 and parameters: {'gradient_clip_val': 0.10693707860541685, 'hidden_size': 125, 'dropout': 0.20043872351200737, 'hidden_continuous_size': 111, 'attention_head_size': 3, 'learning_rate': 0.04890250404222278}. Best is trial 112 with value: 176.1137237548828.
LOCAL_RANK: 0 - CUDA_VISIBLE_DEVICES: [0]
[I 2023-11-29 20:41:43,161] Trial 147 finished with value: 188.5349578857422 and parameters: {'gradient_clip_val': 0.18329905771690097, 'hidden_size': 99, 'dropout': 0.16224727037734193, 'hidden_continuous_size': 91, 'attention_head_size': 3, 'learning_rate': 0.04338595667411485}. Best is trial 112 with value: 176.1137237548828.
LOCAL_RANK: 0 - CUDA_VISIBLE_DEVICES: [0]
[I 2023-11-29 20:41:57,424] Trial 148 finished with value: 321.3965148925781 and parameters: {'gradient_clip_val': 0.17450649802730564, 'hidden_size': 97, 'dropout': 0.19018507421236613, 'hidden_continuous_size': 90, 'attention_head_size': 3, 'learning_rate': 0.04456924825895148}. Best is trial 112 with value: 176.1137237548828.
LOCAL_RANK: 0 - CUDA_VISIBLE_DEVICES: [0]
[I 2023-11-29 20:42:11,629] Trial 149 finished with value: 212.3048553466797 and parameters: {'gradient_clip_val': 0.1493331316755552, 'hidden_size': 81, 'dropout': 0.1491287077220379, 'hidden_continuous_size': 78, 'attention_head_size': 3, 'learning_rate': 0.07461368587867617}. Best is trial 112 with value: 176.1137237548828.
[I 2023-11-29 20:42:11,743] A new study created in memory with name: no-name-aa11f1ef-0641-408d-8ff1-3cde47f89715
/home/le004/conda/anaconda3/envs/tsff_env/lib/python3.9/site-packages/lightning/fabric/plugins/environments/slurm.py:191: The `srun` command is available on your system but is not used. HINT: If your intention is to run Lightning on SLURM, prepend your python command with `srun` like so: srun python /home/le004/master_thesis/git/TSFusionForecast/code/ ...
LOCAL_RANK: 0 - CUDA_VISIBLE_DEVICES: [0]
[I 2023-11-29 20:42:24,297] Trial 0 finished with value: 57.69316482543945 and parameters: {'gradient_clip_val': 0.42606802447690223, 'hidden_size': 35, 'dropout': 0.37953304280385947, 'hidden_continuous_size': 12, 'attention_head_size': 3, 'learning_rate': 0.01380274047712056}. Best is trial 0 with value: 57.69316482543945.
LOCAL_RANK: 0 - CUDA_VISIBLE_DEVICES: [0]
[I 2023-11-29 20:42:38,586] Trial 1 finished with value: 48.03310012817383 and parameters: {'gradient_clip_val': 0.3092660742342981, 'hidden_size': 125, 'dropout': 0.14423066719184385, 'hidden_continuous_size': 65, 'attention_head_size': 2, 'learning_rate': 0.013192550093360001}. Best is trial 1 with value: 48.03310012817383.
LOCAL_RANK: 0 - CUDA_VISIBLE_DEVICES: [0]
[I 2023-11-29 20:42:52,340] Trial 2 finished with value: 73.9947280883789 and parameters: {'gradient_clip_val': 0.8538235199117803, 'hidden_size': 89, 'dropout': 0.2589508994073816, 'hidden_continuous_size': 35, 'attention_head_size': 1, 'learning_rate': 0.0013658128270156093}. Best is trial 1 with value: 48.03310012817383.
LOCAL_RANK: 0 - CUDA_VISIBLE_DEVICES: [0]
[I 2023-11-29 20:43:04,254] Trial 3 finished with value: 108.3184585571289 and parameters: {'gradient_clip_val': 0.1595537054887451, 'hidden_size': 16, 'dropout': 0.36467419422637404, 'hidden_continuous_size': 10, 'attention_head_size': 3, 'learning_rate': 0.007811084182928938}. Best is trial 1 with value: 48.03310012817383.
LOCAL_RANK: 0 - CUDA_VISIBLE_DEVICES: [0]
[I 2023-11-29 20:43:16,424] Trial 4 finished with value: 49.370418548583984 and parameters: {'gradient_clip_val': 0.7358363237406863, 'hidden_size': 23, 'dropout': 0.157882083304154, 'hidden_continuous_size': 14, 'attention_head_size': 1, 'learning_rate': 0.023398660849807292}. Best is trial 1 with value: 48.03310012817383.
LOCAL_RANK: 0 - CUDA_VISIBLE_DEVICES: [0]
[I 2023-11-29 20:43:30,275] Trial 5 finished with value: 73.10272979736328 and parameters: {'gradient_clip_val': 0.3942755963215793, 'hidden_size': 115, 'dropout': 0.14550539973800541, 'hidden_continuous_size': 27, 'attention_head_size': 1, 'learning_rate': 0.0012039307932385772}. Best is trial 1 with value: 48.03310012817383.
LOCAL_RANK: 0 - CUDA_VISIBLE_DEVICES: [0]
[I 2023-11-29 20:43:44,477] Trial 6 finished with value: 51.00416946411133 and parameters: {'gradient_clip_val': 0.544063344320486, 'hidden_size': 131, 'dropout': 0.1950635740635125, 'hidden_continuous_size': 14, 'attention_head_size': 4, 'learning_rate': 0.0015126126025226045}. Best is trial 1 with value: 48.03310012817383.
LOCAL_RANK: 0 - CUDA_VISIBLE_DEVICES: [0]
[I 2023-11-29 20:43:57,225] Trial 7 finished with value: 50.79713821411133 and parameters: {'gradient_clip_val': 0.1815180678341667, 'hidden_size': 52, 'dropout': 0.30209345530281434, 'hidden_continuous_size': 21, 'attention_head_size': 1, 'learning_rate': 0.011972742143885915}. Best is trial 1 with value: 48.03310012817383.
LOCAL_RANK: 0 - CUDA_VISIBLE_DEVICES: [0]
[I 2023-11-29 20:44:10,637] Trial 8 finished with value: 48.424102783203125 and parameters: {'gradient_clip_val': 0.11620882249194842, 'hidden_size': 78, 'dropout': 0.2585994798521932, 'hidden_continuous_size': 22, 'attention_head_size': 2, 'learning_rate': 0.0038451209437301345}. Best is trial 1 with value: 48.03310012817383.
LOCAL_RANK: 0 - CUDA_VISIBLE_DEVICES: [0]
[I 2023-11-29 20:44:23,122] Trial 9 finished with value: 54.71175003051758 and parameters: {'gradient_clip_val': 0.5981737246164828, 'hidden_size': 29, 'dropout': 0.3970084997645288, 'hidden_continuous_size': 20, 'attention_head_size': 1, 'learning_rate': 0.03802969261338075}. Best is trial 1 with value: 48.03310012817383.
LOCAL_RANK: 0 - CUDA_VISIBLE_DEVICES: [0]
[I 2023-11-29 20:44:33,325] Trial 10 finished with value: 57.41768264770508 and parameters: {'gradient_clip_val': 0.26936843372592645, 'hidden_size': 10, 'dropout': 0.10171114289873438, 'hidden_continuous_size': 10, 'attention_head_size': 2, 'learning_rate': 0.07619751482542282}. Best is trial 1 with value: 48.03310012817383.
LOCAL_RANK: 0 - CUDA_VISIBLE_DEVICES: [0]
[I 2023-11-29 20:44:47,285] Trial 11 finished with value: 53.49382019042969 and parameters: {'gradient_clip_val': 0.13738442262400835, 'hidden_size': 66, 'dropout': 0.22480266335936397, 'hidden_continuous_size': 58, 'attention_head_size': 2, 'learning_rate': 0.004168970257166297}. Best is trial 1 with value: 48.03310012817383.
LOCAL_RANK: 0 - CUDA_VISIBLE_DEVICES: [0]
[I 2023-11-29 20:45:02,156] Trial 12 finished with value: 52.79716110229492 and parameters: {'gradient_clip_val': 0.10006323731580781, 'hidden_size': 147, 'dropout': 0.2762513497461931, 'hidden_continuous_size': 127, 'attention_head_size': 2, 'learning_rate': 0.004540857248224207}. Best is trial 1 with value: 48.03310012817383.
LOCAL_RANK: 0 - CUDA_VISIBLE_DEVICES: [0]
[I 2023-11-29 20:45:15,734] Trial 13 finished with value: 47.22987365722656 and parameters: {'gradient_clip_val': 0.26526368940733247, 'hidden_size': 76, 'dropout': 0.21335406928347153, 'hidden_continuous_size': 40, 'attention_head_size': 3, 'learning_rate': 0.0037671894546101223}. Best is trial 13 with value: 47.22987365722656.
LOCAL_RANK: 0 - CUDA_VISIBLE_DEVICES: [0]
[I 2023-11-29 20:45:29,347] Trial 14 finished with value: 46.86091613769531 and parameters: {'gradient_clip_val': 0.26280085046902696, 'hidden_size': 59, 'dropout': 0.20482202043435832, 'hidden_continuous_size': 47, 'attention_head_size': 4, 'learning_rate': 0.008093635247485858}. Best is trial 14 with value: 46.86091613769531.
LOCAL_RANK: 0 - CUDA_VISIBLE_DEVICES: [0]
[I 2023-11-29 20:45:42,773] Trial 15 finished with value: 71.0785140991211 and parameters: {'gradient_clip_val': 0.2173639696601399, 'hidden_size': 50, 'dropout': 0.2192387656516162, 'hidden_continuous_size': 34, 'attention_head_size': 4, 'learning_rate': 0.002960134240958707}. Best is trial 14 with value: 46.86091613769531.
LOCAL_RANK: 0 - CUDA_VISIBLE_DEVICES: [0]
[I 2023-11-29 20:45:56,124] Trial 16 finished with value: 59.49856185913086 and parameters: {'gradient_clip_val': 0.23354588878477248, 'hidden_size': 52, 'dropout': 0.18656856095257449, 'hidden_continuous_size': 34, 'attention_head_size': 4, 'learning_rate': 0.006796240803976119}. Best is trial 14 with value: 46.86091613769531.
LOCAL_RANK: 0 - CUDA_VISIBLE_DEVICES: [0]
[I 2023-11-29 20:46:10,083] Trial 17 finished with value: 53.19107437133789 and parameters: {'gradient_clip_val': 0.3284385216883595, 'hidden_size': 85, 'dropout': 0.22644415524213934, 'hidden_continuous_size': 47, 'attention_head_size': 3, 'learning_rate': 0.0021052935021944295}. Best is trial 14 with value: 46.86091613769531.
LOCAL_RANK: 0 - CUDA_VISIBLE_DEVICES: [0]
[I 2023-11-29 20:46:23,013] Trial 18 finished with value: 55.784881591796875 and parameters: {'gradient_clip_val': 0.21146151635578858, 'hidden_size': 42, 'dropout': 0.2919337018946014, 'hidden_continuous_size': 17, 'attention_head_size': 4, 'learning_rate': 0.006167997500248158}. Best is trial 14 with value: 46.86091613769531.
LOCAL_RANK: 0 - CUDA_VISIBLE_DEVICES: [0]
[I 2023-11-29 20:46:36,445] Trial 19 finished with value: 55.96718215942383 and parameters: {'gradient_clip_val': 0.2684919273728471, 'hidden_size': 65, 'dropout': 0.32061130786600306, 'hidden_continuous_size': 27, 'attention_head_size': 3, 'learning_rate': 0.002530899186034015}. Best is trial 14 with value: 46.86091613769531.
LOCAL_RANK: 0 - CUDA_VISIBLE_DEVICES: [0]
[I 2023-11-29 20:46:50,436] Trial 20 finished with value: 50.26858901977539 and parameters: {'gradient_clip_val': 0.17598145682016256, 'hidden_size': 88, 'dropout': 0.23769775069545895, 'hidden_continuous_size': 43, 'attention_head_size': 4, 'learning_rate': 0.008625174531878138}. Best is trial 14 with value: 46.86091613769531.
LOCAL_RANK: 0 - CUDA_VISIBLE_DEVICES: [0]
[I 2023-11-29 20:47:04,752] Trial 21 finished with value: 47.160125732421875 and parameters: {'gradient_clip_val': 0.32019172297528775, 'hidden_size': 110, 'dropout': 0.1925332167895057, 'hidden_continuous_size': 64, 'attention_head_size': 3, 'learning_rate': 0.01386372919083608}. Best is trial 14 with value: 46.86091613769531.
LOCAL_RANK: 0 - CUDA_VISIBLE_DEVICES: [0]
[I 2023-11-29 20:47:19,020] Trial 22 finished with value: 53.443843841552734 and parameters: {'gradient_clip_val': 0.3513065014624188, 'hidden_size': 115, 'dropout': 0.19874320796480227, 'hidden_continuous_size': 65, 'attention_head_size': 3, 'learning_rate': 0.01934182088123518}. Best is trial 14 with value: 46.86091613769531.
LOCAL_RANK: 0 - CUDA_VISIBLE_DEVICES: [0]
