[I 2023-11-30 00:12:45,522] Trial 54 finished with value: 44.81772994995117 and parameters: {'gradient_clip_val': 0.403773471997349, 'hidden_size': 30, 'dropout': 0.14706379726813232, 'hidden_continuous_size': 27, 'attention_head_size': 2, 'learning_rate': 0.02719683677224864}. Best is trial 11 with value: 40.838897705078125.
LOCAL_RANK: 0 - CUDA_VISIBLE_DEVICES: [0]
[I 2023-11-30 00:12:58,507] Trial 55 finished with value: 52.88286209106445 and parameters: {'gradient_clip_val': 0.35328368186403125, 'hidden_size': 42, 'dropout': 0.1610521496450349, 'hidden_continuous_size': 33, 'attention_head_size': 2, 'learning_rate': 0.06304092586108752}. Best is trial 11 with value: 40.838897705078125.
LOCAL_RANK: 0 - CUDA_VISIBLE_DEVICES: [0]
[I 2023-11-30 00:13:11,846] Trial 56 finished with value: 45.23332214355469 and parameters: {'gradient_clip_val': 0.4702218425813905, 'hidden_size': 57, 'dropout': 0.1744093359535066, 'hidden_continuous_size': 25, 'attention_head_size': 3, 'learning_rate': 0.04557076618773898}. Best is trial 11 with value: 40.838897705078125.
LOCAL_RANK: 0 - CUDA_VISIBLE_DEVICES: [0]
[I 2023-11-30 00:13:25,327] Trial 57 finished with value: 46.180633544921875 and parameters: {'gradient_clip_val': 0.5506120640700692, 'hidden_size': 69, 'dropout': 0.295021040974098, 'hidden_continuous_size': 30, 'attention_head_size': 3, 'learning_rate': 0.03625666378315891}. Best is trial 11 with value: 40.838897705078125.
LOCAL_RANK: 0 - CUDA_VISIBLE_DEVICES: [0]
[I 2023-11-30 00:13:38,435] Trial 58 finished with value: 49.530155181884766 and parameters: {'gradient_clip_val': 0.3195261151362512, 'hidden_size': 46, 'dropout': 0.15611597603477323, 'hidden_continuous_size': 36, 'attention_head_size': 1, 'learning_rate': 0.07043253437274949}. Best is trial 11 with value: 40.838897705078125.
LOCAL_RANK: 0 - CUDA_VISIBLE_DEVICES: [0]
[I 2023-11-30 00:13:51,949] Trial 59 finished with value: 43.99458694458008 and parameters: {'gradient_clip_val': 0.38513922046647303, 'hidden_size': 51, 'dropout': 0.26192714728379063, 'hidden_continuous_size': 41, 'attention_head_size': 2, 'learning_rate': 0.022984161366832186}. Best is trial 11 with value: 40.838897705078125.
LOCAL_RANK: 0 - CUDA_VISIBLE_DEVICES: [0]
[I 2023-11-30 00:14:05,962] Trial 60 finished with value: 57.61346435546875 and parameters: {'gradient_clip_val': 0.6255436411296792, 'hidden_size': 84, 'dropout': 0.1378048518336587, 'hidden_continuous_size': 60, 'attention_head_size': 4, 'learning_rate': 0.03014741792379024}. Best is trial 11 with value: 40.838897705078125.
LOCAL_RANK: 0 - CUDA_VISIBLE_DEVICES: [0]
[I 2023-11-30 00:14:19,269] Trial 61 finished with value: 43.355716705322266 and parameters: {'gradient_clip_val': 0.4904514881858559, 'hidden_size': 60, 'dropout': 0.2898149248184016, 'hidden_continuous_size': 43, 'attention_head_size': 2, 'learning_rate': 0.07518283599670138}. Best is trial 11 with value: 40.838897705078125.
LOCAL_RANK: 0 - CUDA_VISIBLE_DEVICES: [0]
[I 2023-11-30 00:14:32,706] Trial 62 finished with value: 51.95894241333008 and parameters: {'gradient_clip_val': 0.520092786099277, 'hidden_size': 55, 'dropout': 0.25168367943957826, 'hidden_continuous_size': 39, 'attention_head_size': 2, 'learning_rate': 0.08483942763461531}. Best is trial 11 with value: 40.838897705078125.
LOCAL_RANK: 0 - CUDA_VISIBLE_DEVICES: [0]
[I 2023-11-30 00:14:46,240] Trial 63 finished with value: 53.92793273925781 and parameters: {'gradient_clip_val': 0.4624506916065977, 'hidden_size': 63, 'dropout': 0.3042074813467125, 'hidden_continuous_size': 44, 'attention_head_size': 2, 'learning_rate': 0.056081675449220006}. Best is trial 11 with value: 40.838897705078125.
LOCAL_RANK: 0 - CUDA_VISIBLE_DEVICES: [0]
[I 2023-11-30 00:15:00,084] Trial 64 finished with value: 70.0613021850586 and parameters: {'gradient_clip_val': 0.4199041989521485, 'hidden_size': 74, 'dropout': 0.2754051774802219, 'hidden_continuous_size': 48, 'attention_head_size': 2, 'learning_rate': 0.07028502831851725}. Best is trial 11 with value: 40.838897705078125.
LOCAL_RANK: 0 - CUDA_VISIBLE_DEVICES: [0]
[I 2023-11-30 00:15:12,894] Trial 65 finished with value: 43.461177825927734 and parameters: {'gradient_clip_val': 0.5786598335237366, 'hidden_size': 40, 'dropout': 0.2955105146056533, 'hidden_continuous_size': 33, 'attention_head_size': 3, 'learning_rate': 0.04600178838401436}. Best is trial 11 with value: 40.838897705078125.
LOCAL_RANK: 0 - CUDA_VISIBLE_DEVICES: [0]
[I 2023-11-30 00:15:26,094] Trial 66 finished with value: 46.349727630615234 and parameters: {'gradient_clip_val': 0.4814697511937199, 'hidden_size': 47, 'dropout': 0.27219072018383234, 'hidden_continuous_size': 38, 'attention_head_size': 2, 'learning_rate': 0.05621323483114829}. Best is trial 11 with value: 40.838897705078125.
LOCAL_RANK: 0 - CUDA_VISIBLE_DEVICES: [0]
[I 2023-11-30 00:15:39,326] Trial 67 finished with value: 54.08659744262695 and parameters: {'gradient_clip_val': 0.36443309003761803, 'hidden_size': 59, 'dropout': 0.28242765350776516, 'hidden_continuous_size': 32, 'attention_head_size': 1, 'learning_rate': 0.08544711355080563}. Best is trial 11 with value: 40.838897705078125.
LOCAL_RANK: 0 - CUDA_VISIBLE_DEVICES: [0]
[I 2023-11-30 00:15:52,990] Trial 68 finished with value: 48.23434829711914 and parameters: {'gradient_clip_val': 0.41891617978293455, 'hidden_size': 53, 'dropout': 0.2604638160171326, 'hidden_continuous_size': 43, 'attention_head_size': 4, 'learning_rate': 0.03963640395603315}. Best is trial 11 with value: 40.838897705078125.
LOCAL_RANK: 0 - CUDA_VISIBLE_DEVICES: [0]
[I 2023-11-30 00:16:06,776] Trial 69 finished with value: 54.54628372192383 and parameters: {'gradient_clip_val': 0.525025719815549, 'hidden_size': 66, 'dropout': 0.1025191606574126, 'hidden_continuous_size': 36, 'attention_head_size': 3, 'learning_rate': 0.06382263020489468}. Best is trial 11 with value: 40.838897705078125.
LOCAL_RANK: 0 - CUDA_VISIBLE_DEVICES: [0]
[I 2023-11-30 00:16:19,874] Trial 70 finished with value: 46.17262268066406 and parameters: {'gradient_clip_val': 0.34045729598462265, 'hidden_size': 48, 'dropout': 0.11118108630943152, 'hidden_continuous_size': 40, 'attention_head_size': 2, 'learning_rate': 0.047663899558927}. Best is trial 11 with value: 40.838897705078125.
LOCAL_RANK: 0 - CUDA_VISIBLE_DEVICES: [0]
[I 2023-11-30 00:16:33,016] Trial 71 finished with value: 48.65690994262695 and parameters: {'gradient_clip_val': 0.492971659165232, 'hidden_size': 54, 'dropout': 0.14255469272374174, 'hidden_continuous_size': 28, 'attention_head_size': 2, 'learning_rate': 0.04105750667597325}. Best is trial 11 with value: 40.838897705078125.
LOCAL_RANK: 0 - CUDA_VISIBLE_DEVICES: [0]
[I 2023-11-30 00:16:46,200] Trial 72 finished with value: 47.650787353515625 and parameters: {'gradient_clip_val': 0.45153289814942044, 'hidden_size': 50, 'dropout': 0.14207688177153768, 'hidden_continuous_size': 30, 'attention_head_size': 2, 'learning_rate': 0.03471279350110662}. Best is trial 11 with value: 40.838897705078125.
LOCAL_RANK: 0 - CUDA_VISIBLE_DEVICES: [0]
[I 2023-11-30 00:16:59,311] Trial 73 finished with value: 45.47050094604492 and parameters: {'gradient_clip_val': 0.3934478288491476, 'hidden_size': 43, 'dropout': 0.13181081769132066, 'hidden_continuous_size': 36, 'attention_head_size': 2, 'learning_rate': 0.04430606998600659}. Best is trial 11 with value: 40.838897705078125.
LOCAL_RANK: 0 - CUDA_VISIBLE_DEVICES: [0]
[I 2023-11-30 00:17:13,048] Trial 74 finished with value: 45.05490493774414 and parameters: {'gradient_clip_val': 0.5714738046609534, 'hidden_size': 71, 'dropout': 0.15300412578784098, 'hidden_continuous_size': 34, 'attention_head_size': 2, 'learning_rate': 0.054789192032379024}. Best is trial 11 with value: 40.838897705078125.
LOCAL_RANK: 0 - CUDA_VISIBLE_DEVICES: [0]
[I 2023-11-30 00:17:25,830] Trial 75 finished with value: 46.31267166137695 and parameters: {'gradient_clip_val': 0.512962481759202, 'hidden_size': 37, 'dropout': 0.12864958507799523, 'hidden_continuous_size': 32, 'attention_head_size': 2, 'learning_rate': 0.06640514129835949}. Best is trial 11 with value: 40.838897705078125.
LOCAL_RANK: 0 - CUDA_VISIBLE_DEVICES: [0]
[I 2023-11-30 00:17:39,283] Trial 76 finished with value: 45.0953369140625 and parameters: {'gradient_clip_val': 0.6591025126971328, 'hidden_size': 63, 'dropout': 0.12322467410404524, 'hidden_continuous_size': 30, 'attention_head_size': 3, 'learning_rate': 0.030421271504651796}. Best is trial 11 with value: 40.838897705078125.
LOCAL_RANK: 0 - CUDA_VISIBLE_DEVICES: [0]
[I 2023-11-30 00:17:52,134] Trial 77 finished with value: 45.278778076171875 and parameters: {'gradient_clip_val': 0.613956006696384, 'hidden_size': 50, 'dropout': 0.1365800004254025, 'hidden_continuous_size': 26, 'attention_head_size': 1, 'learning_rate': 0.0902869269218067}. Best is trial 11 with value: 40.838897705078125.
LOCAL_RANK: 0 - CUDA_VISIBLE_DEVICES: [0]
[I 2023-11-30 00:18:05,490] Trial 78 finished with value: 49.583465576171875 and parameters: {'gradient_clip_val': 0.7379782704707144, 'hidden_size': 59, 'dropout': 0.10876435495225117, 'hidden_continuous_size': 41, 'attention_head_size': 2, 'learning_rate': 0.05023262326280945}. Best is trial 11 with value: 40.838897705078125.
LOCAL_RANK: 0 - CUDA_VISIBLE_DEVICES: [0]
[I 2023-11-30 00:18:18,389] Trial 79 finished with value: 48.929351806640625 and parameters: {'gradient_clip_val': 0.44352091455689663, 'hidden_size': 40, 'dropout': 0.24105596016450725, 'hidden_continuous_size': 34, 'attention_head_size': 3, 'learning_rate': 0.03625259648703813}. Best is trial 11 with value: 40.838897705078125.
LOCAL_RANK: 0 - CUDA_VISIBLE_DEVICES: [0]
[I 2023-11-30 00:18:31,646] Trial 80 finished with value: 47.91322708129883 and parameters: {'gradient_clip_val': 0.5360671075396776, 'hidden_size': 45, 'dropout': 0.221883415735676, 'hidden_continuous_size': 37, 'attention_head_size': 4, 'learning_rate': 0.07354306234389371}. Best is trial 11 with value: 40.838897705078125.
LOCAL_RANK: 0 - CUDA_VISIBLE_DEVICES: [0]
[I 2023-11-30 00:18:44,546] Trial 81 finished with value: 49.60151290893555 and parameters: {'gradient_clip_val': 0.3741724695123865, 'hidden_size': 52, 'dropout': 0.26728991056029, 'hidden_continuous_size': 29, 'attention_head_size': 2, 'learning_rate': 0.04289085723981015}. Best is trial 11 with value: 40.838897705078125.
LOCAL_RANK: 0 - CUDA_VISIBLE_DEVICES: [0]
[I 2023-11-30 00:18:57,691] Trial 82 finished with value: 46.60678482055664 and parameters: {'gradient_clip_val': 0.39938788276135917, 'hidden_size': 58, 'dropout': 0.276834427072909, 'hidden_continuous_size': 24, 'attention_head_size': 2, 'learning_rate': 0.05836709627667949}. Best is trial 11 with value: 40.838897705078125.
LOCAL_RANK: 0 - CUDA_VISIBLE_DEVICES: [0]
[I 2023-11-30 00:19:10,606] Trial 83 finished with value: 44.857269287109375 and parameters: {'gradient_clip_val': 0.43065785149934355, 'hidden_size': 48, 'dropout': 0.25375404148459924, 'hidden_continuous_size': 31, 'attention_head_size': 2, 'learning_rate': 0.051944026714344095}. Best is trial 11 with value: 40.838897705078125.
LOCAL_RANK: 0 - CUDA_VISIBLE_DEVICES: [0]
[I 2023-11-30 00:19:23,504] Trial 84 finished with value: 46.26249694824219 and parameters: {'gradient_clip_val': 0.4811561915946079, 'hidden_size': 35, 'dropout': 0.28891086623309525, 'hidden_continuous_size': 30, 'attention_head_size': 2, 'learning_rate': 0.041360624454446555}. Best is trial 11 with value: 40.838897705078125.
LOCAL_RANK: 0 - CUDA_VISIBLE_DEVICES: [0]
[I 2023-11-30 00:19:36,865] Trial 85 finished with value: 42.627010345458984 and parameters: {'gradient_clip_val': 0.5553178737408209, 'hidden_size': 66, 'dropout': 0.2647488079875933, 'hidden_continuous_size': 28, 'attention_head_size': 2, 'learning_rate': 0.063800026637443}. Best is trial 11 with value: 40.838897705078125.
LOCAL_RANK: 0 - CUDA_VISIBLE_DEVICES: [0]
[I 2023-11-30 00:19:50,394] Trial 86 finished with value: 42.22159194946289 and parameters: {'gradient_clip_val': 0.5672888688994939, 'hidden_size': 65, 'dropout': 0.2544095947039669, 'hidden_continuous_size': 45, 'attention_head_size': 2, 'learning_rate': 0.06610143934777066}. Best is trial 11 with value: 40.838897705078125.
LOCAL_RANK: 0 - CUDA_VISIBLE_DEVICES: [0]
[I 2023-11-30 00:20:03,949] Trial 87 finished with value: 51.297245025634766 and parameters: {'gradient_clip_val': 0.5725068047133799, 'hidden_size': 70, 'dropout': 0.25780111110298226, 'hidden_continuous_size': 46, 'attention_head_size': 1, 'learning_rate': 0.07656484755233552}. Best is trial 11 with value: 40.838897705078125.
LOCAL_RANK: 0 - CUDA_VISIBLE_DEVICES: [0]
[I 2023-11-30 00:20:17,419] Trial 88 finished with value: 47.23392868041992 and parameters: {'gradient_clip_val': 0.6037363962908598, 'hidden_size': 65, 'dropout': 0.2473982257652212, 'hidden_continuous_size': 50, 'attention_head_size': 3, 'learning_rate': 0.06361904599681174}. Best is trial 11 with value: 40.838897705078125.
LOCAL_RANK: 0 - CUDA_VISIBLE_DEVICES: [0]
[I 2023-11-30 00:20:30,922] Trial 89 finished with value: 41.17647171020508 and parameters: {'gradient_clip_val': 0.5500522945667845, 'hidden_size': 73, 'dropout': 0.2687881957505757, 'hidden_continuous_size': 27, 'attention_head_size': 2, 'learning_rate': 0.0672740832474431}. Best is trial 11 with value: 40.838897705078125.
LOCAL_RANK: 0 - CUDA_VISIBLE_DEVICES: [0]
[I 2023-11-30 00:20:44,777] Trial 90 finished with value: 50.6400032043457 and parameters: {'gradient_clip_val': 0.6439850504931497, 'hidden_size': 74, 'dropout': 0.2761200992222566, 'hidden_continuous_size': 55, 'attention_head_size': 1, 'learning_rate': 0.0888409409487283}. Best is trial 11 with value: 40.838897705078125.
LOCAL_RANK: 0 - CUDA_VISIBLE_DEVICES: [0]
[I 2023-11-30 00:20:58,118] Trial 91 finished with value: 49.07841491699219 and parameters: {'gradient_clip_val': 0.5521676114811536, 'hidden_size': 80, 'dropout': 0.2657017820219646, 'hidden_continuous_size': 25, 'attention_head_size': 2, 'learning_rate': 0.06738888735781158}. Best is trial 11 with value: 40.838897705078125.
LOCAL_RANK: 0 - CUDA_VISIBLE_DEVICES: [0]
[I 2023-11-30 00:21:11,634] Trial 92 finished with value: 47.75730514526367 and parameters: {'gradient_clip_val': 0.6042126163069794, 'hidden_size': 79, 'dropout': 0.2546886043822352, 'hidden_continuous_size': 28, 'attention_head_size': 2, 'learning_rate': 0.05872418483742802}. Best is trial 11 with value: 40.838897705078125.
LOCAL_RANK: 0 - CUDA_VISIBLE_DEVICES: [0]
[I 2023-11-30 00:21:25,144] Trial 93 finished with value: 46.57673645019531 and parameters: {'gradient_clip_val': 0.6742182100141734, 'hidden_size': 86, 'dropout': 0.23864749350753747, 'hidden_continuous_size': 26, 'attention_head_size': 2, 'learning_rate': 0.07741393154432819}. Best is trial 11 with value: 40.838897705078125.
LOCAL_RANK: 0 - CUDA_VISIBLE_DEVICES: [0]
[I 2023-11-30 00:21:38,594] Trial 94 finished with value: 44.90388870239258 and parameters: {'gradient_clip_val': 0.5131726031957565, 'hidden_size': 66, 'dropout': 0.24935565790724065, 'hidden_continuous_size': 45, 'attention_head_size': 2, 'learning_rate': 0.0688882356278586}. Best is trial 11 with value: 40.838897705078125.
LOCAL_RANK: 0 - CUDA_VISIBLE_DEVICES: [0]
[I 2023-11-30 00:21:52,220] Trial 95 finished with value: 42.744140625 and parameters: {'gradient_clip_val': 0.46332614877914735, 'hidden_size': 62, 'dropout': 0.26224131703455134, 'hidden_continuous_size': 48, 'attention_head_size': 2, 'learning_rate': 0.05072178112461153}. Best is trial 11 with value: 40.838897705078125.
LOCAL_RANK: 0 - CUDA_VISIBLE_DEVICES: [0]
[I 2023-11-30 00:22:05,521] Trial 96 finished with value: 45.96989059448242 and parameters: {'gradient_clip_val': 0.57955617446645, 'hidden_size': 56, 'dropout': 0.2801197444242038, 'hidden_continuous_size': 44, 'attention_head_size': 3, 'learning_rate': 0.06003898891510342}. Best is trial 11 with value: 40.838897705078125.
LOCAL_RANK: 0 - CUDA_VISIBLE_DEVICES: [0]
[I 2023-11-30 00:22:18,771] Trial 97 finished with value: 47.36894607543945 and parameters: {'gradient_clip_val': 0.71038041252328, 'hidden_size': 74, 'dropout': 0.26914217588513717, 'hidden_continuous_size': 27, 'attention_head_size': 2, 'learning_rate': 0.053284445923463056}. Best is trial 11 with value: 40.838897705078125.
LOCAL_RANK: 0 - CUDA_VISIBLE_DEVICES: [0]
[I 2023-11-30 00:22:32,427] Trial 98 finished with value: 65.100341796875 and parameters: {'gradient_clip_val': 0.5331218007874243, 'hidden_size': 69, 'dropout': 0.23110029328838477, 'hidden_continuous_size': 38, 'attention_head_size': 4, 'learning_rate': 0.09385141131684357}. Best is trial 11 with value: 40.838897705078125.
LOCAL_RANK: 0 - CUDA_VISIBLE_DEVICES: [0]
[I 2023-11-30 00:22:46,069] Trial 99 finished with value: 56.44905471801758 and parameters: {'gradient_clip_val': 0.6243663196039224, 'hidden_size': 92, 'dropout': 0.23631316901717297, 'hidden_continuous_size': 22, 'attention_head_size': 2, 'learning_rate': 0.08401418656837768}. Best is trial 11 with value: 40.838897705078125.
LOCAL_RANK: 0 - CUDA_VISIBLE_DEVICES: [0]
[I 2023-11-30 00:22:59,518] Trial 100 finished with value: 42.922794342041016 and parameters: {'gradient_clip_val': 0.4943439959804611, 'hidden_size': 62, 'dropout': 0.269560641362551, 'hidden_continuous_size': 51, 'attention_head_size': 3, 'learning_rate': 0.047264075287724125}. Best is trial 11 with value: 40.838897705078125.
LOCAL_RANK: 0 - CUDA_VISIBLE_DEVICES: [0]
[I 2023-11-30 00:23:12,842] Trial 101 finished with value: 45.41214370727539 and parameters: {'gradient_clip_val': 0.46701387634818275, 'hidden_size': 62, 'dropout': 0.25885080652965464, 'hidden_continuous_size': 47, 'attention_head_size': 2, 'learning_rate': 0.04856855904321979}. Best is trial 11 with value: 40.838897705078125.
LOCAL_RANK: 0 - CUDA_VISIBLE_DEVICES: [0]
[I 2023-11-30 00:23:26,245] Trial 102 finished with value: 44.212005615234375 and parameters: {'gradient_clip_val': 0.44183783993530296, 'hidden_size': 58, 'dropout': 0.24503662955403854, 'hidden_continuous_size': 43, 'attention_head_size': 2, 'learning_rate': 0.05401596026815862}. Best is trial 11 with value: 40.838897705078125.
LOCAL_RANK: 0 - CUDA_VISIBLE_DEVICES: [0]
[I 2023-11-30 00:23:39,820] Trial 103 finished with value: 43.395687103271484 and parameters: {'gradient_clip_val': 0.4147804611463905, 'hidden_size': 68, 'dropout': 0.2729171523232509, 'hidden_continuous_size': 49, 'attention_head_size': 2, 'learning_rate': 0.06538300109672271}. Best is trial 11 with value: 40.838897705078125.
LOCAL_RANK: 0 - CUDA_VISIBLE_DEVICES: [0]
[I 2023-11-30 00:23:53,327] Trial 104 finished with value: 54.00101089477539 and parameters: {'gradient_clip_val': 0.46730180018268525, 'hidden_size': 54, 'dropout': 0.2630143509327106, 'hidden_continuous_size': 41, 'attention_head_size': 2, 'learning_rate': 0.03682712449117371}. Best is trial 11 with value: 40.838897705078125.
LOCAL_RANK: 0 - CUDA_VISIBLE_DEVICES: [0]
[I 2023-11-30 00:24:07,218] Trial 105 finished with value: 42.760250091552734 and parameters: {'gradient_clip_val': 0.5623442048640774, 'hidden_size': 79, 'dropout': 0.28299421494656224, 'hidden_continuous_size': 61, 'attention_head_size': 2, 'learning_rate': 0.057411560440844264}. Best is trial 11 with value: 40.838897705078125.
LOCAL_RANK: 0 - CUDA_VISIBLE_DEVICES: [0]
[I 2023-11-30 00:24:20,758] Trial 106 finished with value: 48.440765380859375 and parameters: {'gradient_clip_val': 0.5189547946549536, 'hidden_size': 72, 'dropout': 0.25549712706602173, 'hidden_continuous_size': 47, 'attention_head_size': 2, 'learning_rate': 0.07449216035468116}. Best is trial 11 with value: 40.838897705078125.
LOCAL_RANK: 0 - CUDA_VISIBLE_DEVICES: [0]
[I 2023-11-30 00:24:34,210] Trial 107 finished with value: 52.3546142578125 and parameters: {'gradient_clip_val': 0.5546132896942678, 'hidden_size': 64, 'dropout': 0.26490470640315317, 'hidden_continuous_size': 45, 'attention_head_size': 2, 'learning_rate': 0.050484907277668745}. Best is trial 11 with value: 40.838897705078125.
LOCAL_RANK: 0 - CUDA_VISIBLE_DEVICES: [0]
[I 2023-11-30 00:24:47,602] Trial 108 finished with value: 45.62710952758789 and parameters: {'gradient_clip_val': 0.6534125822920108, 'hidden_size': 60, 'dropout': 0.2965316247388567, 'hidden_continuous_size': 42, 'attention_head_size': 2, 'learning_rate': 0.061366839444759284}. Best is trial 11 with value: 40.838897705078125.
LOCAL_RANK: 0 - CUDA_VISIBLE_DEVICES: [0]
[I 2023-11-30 00:25:00,872] Trial 109 finished with value: 49.834686279296875 and parameters: {'gradient_clip_val': 0.42995384509140067, 'hidden_size': 56, 'dropout': 0.28488460420013145, 'hidden_continuous_size': 29, 'attention_head_size': 2, 'learning_rate': 0.032847577372688196}. Best is trial 11 with value: 40.838897705078125.
LOCAL_RANK: 0 - CUDA_VISIBLE_DEVICES: [0]
[I 2023-11-30 00:25:14,468] Trial 110 finished with value: 45.07139205932617 and parameters: {'gradient_clip_val': 0.5921975138987926, 'hidden_size': 77, 'dropout': 0.2509478988399105, 'hidden_continuous_size': 39, 'attention_head_size': 1, 'learning_rate': 0.038718126398277826}. Best is trial 11 with value: 40.838897705078125.
LOCAL_RANK: 0 - CUDA_VISIBLE_DEVICES: [0]
[I 2023-11-30 00:25:28,184] Trial 111 finished with value: 45.85354995727539 and parameters: {'gradient_clip_val': 0.48050862403370903, 'hidden_size': 69, 'dropout': 0.27888899889347846, 'hidden_continuous_size': 62, 'attention_head_size': 2, 'learning_rate': 0.0575607295444683}. Best is trial 11 with value: 40.838897705078125.
LOCAL_RANK: 0 - CUDA_VISIBLE_DEVICES: [0]
[I 2023-11-30 00:25:41,969] Trial 112 finished with value: 43.6197395324707 and parameters: {'gradient_clip_val': 0.557647408766123, 'hidden_size': 83, 'dropout': 0.2846065192692942, 'hidden_continuous_size': 53, 'attention_head_size': 2, 'learning_rate': 0.04241491569895779}. Best is trial 11 with value: 40.838897705078125.
LOCAL_RANK: 0 - CUDA_VISIBLE_DEVICES: [0]
