[I 2023-11-30 09:46:19,502] Trial 135 finished with value: 111.0958480834961 and parameters: {'gradient_clip_val': 0.12117991402550111, 'hidden_size': 61, 'dropout': 0.14946209566653693, 'hidden_continuous_size': 57, 'attention_head_size': 4, 'learning_rate': 0.03908940925117255}. Best is trial 78 with value: 80.40518951416016.
LOCAL_RANK: 0 - CUDA_VISIBLE_DEVICES: [0]
[I 2023-11-30 09:46:33,598] Trial 136 finished with value: 118.16476440429688 and parameters: {'gradient_clip_val': 0.10959048497019784, 'hidden_size': 79, 'dropout': 0.1687859568459735, 'hidden_continuous_size': 71, 'attention_head_size': 4, 'learning_rate': 0.0822634155445398}. Best is trial 78 with value: 80.40518951416016.
LOCAL_RANK: 0 - CUDA_VISIBLE_DEVICES: [0]
[I 2023-11-30 09:46:47,580] Trial 137 finished with value: 128.0429229736328 and parameters: {'gradient_clip_val': 0.15290226210745986, 'hidden_size': 66, 'dropout': 0.1394547128070917, 'hidden_continuous_size': 61, 'attention_head_size': 3, 'learning_rate': 0.0559965738529021}. Best is trial 78 with value: 80.40518951416016.
LOCAL_RANK: 0 - CUDA_VISIBLE_DEVICES: [0]
[I 2023-11-30 09:47:01,565] Trial 138 finished with value: 173.83880615234375 and parameters: {'gradient_clip_val': 0.13206337329819787, 'hidden_size': 87, 'dropout': 0.15428156841622118, 'hidden_continuous_size': 75, 'attention_head_size': 3, 'learning_rate': 0.09073470719856769}. Best is trial 78 with value: 80.40518951416016.
LOCAL_RANK: 0 - CUDA_VISIBLE_DEVICES: [0]
[I 2023-11-30 09:47:15,858] Trial 139 finished with value: 98.96623992919922 and parameters: {'gradient_clip_val': 0.1369171778986868, 'hidden_size': 94, 'dropout': 0.1922178502045056, 'hidden_continuous_size': 82, 'attention_head_size': 4, 'learning_rate': 0.06371338181910356}. Best is trial 78 with value: 80.40518951416016.
LOCAL_RANK: 0 - CUDA_VISIBLE_DEVICES: [0]
[I 2023-11-30 09:47:30,038] Trial 140 finished with value: 182.64288330078125 and parameters: {'gradient_clip_val': 0.14013526632104523, 'hidden_size': 96, 'dropout': 0.18886524397593046, 'hidden_continuous_size': 81, 'attention_head_size': 4, 'learning_rate': 0.06934230202424452}. Best is trial 78 with value: 80.40518951416016.
LOCAL_RANK: 0 - CUDA_VISIBLE_DEVICES: [0]
[I 2023-11-30 09:47:44,509] Trial 141 finished with value: 92.89249420166016 and parameters: {'gradient_clip_val': 0.11726657545835387, 'hidden_size': 91, 'dropout': 0.17706980761966884, 'hidden_continuous_size': 76, 'attention_head_size': 4, 'learning_rate': 0.06230362393465101}. Best is trial 78 with value: 80.40518951416016.
LOCAL_RANK: 0 - CUDA_VISIBLE_DEVICES: [0]
[I 2023-11-30 09:47:58,733] Trial 142 finished with value: 143.09393310546875 and parameters: {'gradient_clip_val': 0.11718526786078301, 'hidden_size': 94, 'dropout': 0.17497226022603893, 'hidden_continuous_size': 83, 'attention_head_size': 4, 'learning_rate': 0.06405700943702017}. Best is trial 78 with value: 80.40518951416016.
LOCAL_RANK: 0 - CUDA_VISIBLE_DEVICES: [0]
[I 2023-11-30 09:48:13,134] Trial 143 finished with value: 137.46339416503906 and parameters: {'gradient_clip_val': 0.12506260580773634, 'hidden_size': 105, 'dropout': 0.19441417903468372, 'hidden_continuous_size': 77, 'attention_head_size': 4, 'learning_rate': 0.050367079685947065}. Best is trial 78 with value: 80.40518951416016.
LOCAL_RANK: 0 - CUDA_VISIBLE_DEVICES: [0]
[I 2023-11-30 09:48:27,318] Trial 144 finished with value: 206.4247283935547 and parameters: {'gradient_clip_val': 0.13554943792128668, 'hidden_size': 83, 'dropout': 0.17967703179275155, 'hidden_continuous_size': 75, 'attention_head_size': 4, 'learning_rate': 0.07462876996923336}. Best is trial 78 with value: 80.40518951416016.
LOCAL_RANK: 0 - CUDA_VISIBLE_DEVICES: [0]
[I 2023-11-30 09:48:41,538] Trial 145 finished with value: 222.6214141845703 and parameters: {'gradient_clip_val': 0.14512713810012404, 'hidden_size': 91, 'dropout': 0.186698924592978, 'hidden_continuous_size': 79, 'attention_head_size': 4, 'learning_rate': 0.0454460350339766}. Best is trial 78 with value: 80.40518951416016.
LOCAL_RANK: 0 - CUDA_VISIBLE_DEVICES: [0]
[I 2023-11-30 09:48:56,181] Trial 146 finished with value: 197.04522705078125 and parameters: {'gradient_clip_val': 0.12810755034231278, 'hidden_size': 98, 'dropout': 0.20468693269519578, 'hidden_continuous_size': 83, 'attention_head_size': 4, 'learning_rate': 0.054290886917626256}. Best is trial 78 with value: 80.40518951416016.
LOCAL_RANK: 0 - CUDA_VISIBLE_DEVICES: [0]
[I 2023-11-30 09:49:10,118] Trial 147 finished with value: 96.64702606201172 and parameters: {'gradient_clip_val': 0.15822896681500737, 'hidden_size': 72, 'dropout': 0.16354407382129002, 'hidden_continuous_size': 68, 'attention_head_size': 4, 'learning_rate': 0.06261596496209185}. Best is trial 78 with value: 80.40518951416016.
LOCAL_RANK: 0 - CUDA_VISIBLE_DEVICES: [0]
[I 2023-11-30 09:49:24,221] Trial 148 finished with value: 156.30638122558594 and parameters: {'gradient_clip_val': 0.1622577948716086, 'hidden_size': 76, 'dropout': 0.1685738757670955, 'hidden_continuous_size': 72, 'attention_head_size': 4, 'learning_rate': 0.06231182494206935}. Best is trial 78 with value: 80.40518951416016.
LOCAL_RANK: 0 - CUDA_VISIBLE_DEVICES: [0]
[I 2023-11-30 09:49:38,462] Trial 149 finished with value: 100.07635498046875 and parameters: {'gradient_clip_val': 0.15476960900736558, 'hidden_size': 86, 'dropout': 0.16100543087935557, 'hidden_continuous_size': 75, 'attention_head_size': 4, 'learning_rate': 0.08331766028498705}. Best is trial 78 with value: 80.40518951416016.
[I 2023-11-30 09:49:38,572] A new study created in memory with name: no-name-53700ac4-f675-449c-a8ba-97dd608efb0e
/home/le004/conda/anaconda3/envs/tsff_env/lib/python3.9/site-packages/lightning/fabric/plugins/environments/slurm.py:191: The `srun` command is available on your system but is not used. HINT: If your intention is to run Lightning on SLURM, prepend your python command with `srun` like so: srun python /home/le004/master_thesis/git/TSFusionForecast/code/ ...
LOCAL_RANK: 0 - CUDA_VISIBLE_DEVICES: [0]
[I 2023-11-30 09:49:50,869] Trial 0 finished with value: 180.6916046142578 and parameters: {'gradient_clip_val': 0.6499437150200367, 'hidden_size': 14, 'dropout': 0.388909140533361, 'hidden_continuous_size': 12, 'attention_head_size': 4, 'learning_rate': 0.0019522303009982835}. Best is trial 0 with value: 180.6916046142578.
LOCAL_RANK: 0 - CUDA_VISIBLE_DEVICES: [0]
[I 2023-11-30 09:50:03,549] Trial 1 finished with value: 145.41134643554688 and parameters: {'gradient_clip_val': 0.14413593738341504, 'hidden_size': 27, 'dropout': 0.394127848405715, 'hidden_continuous_size': 21, 'attention_head_size': 3, 'learning_rate': 0.005213163769759353}. Best is trial 1 with value: 145.41134643554688.
LOCAL_RANK: 0 - CUDA_VISIBLE_DEVICES: [0]
[I 2023-11-30 09:50:15,918] Trial 2 finished with value: 188.9927978515625 and parameters: {'gradient_clip_val': 0.10704570057828888, 'hidden_size': 22, 'dropout': 0.33389309846602705, 'hidden_continuous_size': 12, 'attention_head_size': 4, 'learning_rate': 0.0030982175870342345}. Best is trial 1 with value: 145.41134643554688.
LOCAL_RANK: 0 - CUDA_VISIBLE_DEVICES: [0]
[I 2023-11-30 09:50:29,753] Trial 3 finished with value: 89.20783233642578 and parameters: {'gradient_clip_val': 0.321311023899139, 'hidden_size': 98, 'dropout': 0.33158364292496784, 'hidden_continuous_size': 39, 'attention_head_size': 4, 'learning_rate': 0.030861620776632796}. Best is trial 3 with value: 89.20783233642578.
LOCAL_RANK: 0 - CUDA_VISIBLE_DEVICES: [0]
[I 2023-11-30 09:50:42,651] Trial 4 finished with value: 162.31668090820312 and parameters: {'gradient_clip_val': 0.25768214771162773, 'hidden_size': 58, 'dropout': 0.15796092695930014, 'hidden_continuous_size': 14, 'attention_head_size': 2, 'learning_rate': 0.0020107967479376532}. Best is trial 3 with value: 89.20783233642578.
LOCAL_RANK: 0 - CUDA_VISIBLE_DEVICES: [0]
[I 2023-11-30 09:50:55,544] Trial 5 finished with value: 88.93492889404297 and parameters: {'gradient_clip_val': 0.7437690281171829, 'hidden_size': 42, 'dropout': 0.2262855785142109, 'hidden_continuous_size': 16, 'attention_head_size': 4, 'learning_rate': 0.015355154933603184}. Best is trial 5 with value: 88.93492889404297.
LOCAL_RANK: 0 - CUDA_VISIBLE_DEVICES: [0]
[I 2023-11-30 09:51:07,892] Trial 6 finished with value: 147.25010681152344 and parameters: {'gradient_clip_val': 0.41879727656970156, 'hidden_size': 21, 'dropout': 0.23344713629261768, 'hidden_continuous_size': 11, 'attention_head_size': 2, 'learning_rate': 0.00654098232476482}. Best is trial 5 with value: 88.93492889404297.
LOCAL_RANK: 0 - CUDA_VISIBLE_DEVICES: [0]
[I 2023-11-30 09:51:21,357] Trial 7 finished with value: 139.7093048095703 and parameters: {'gradient_clip_val': 0.238920786577686, 'hidden_size': 68, 'dropout': 0.1208282492911824, 'hidden_continuous_size': 34, 'attention_head_size': 4, 'learning_rate': 0.0031082512939139342}. Best is trial 5 with value: 88.93492889404297.
LOCAL_RANK: 0 - CUDA_VISIBLE_DEVICES: [0]
[I 2023-11-30 09:51:34,148] Trial 8 finished with value: 90.17645263671875 and parameters: {'gradient_clip_val': 0.10050659220591102, 'hidden_size': 41, 'dropout': 0.23302501295562303, 'hidden_continuous_size': 17, 'attention_head_size': 3, 'learning_rate': 0.09389008944608056}. Best is trial 5 with value: 88.93492889404297.
LOCAL_RANK: 0 - CUDA_VISIBLE_DEVICES: [0]
[I 2023-11-30 09:51:46,600] Trial 9 finished with value: 184.72242736816406 and parameters: {'gradient_clip_val': 0.10757465541849599, 'hidden_size': 28, 'dropout': 0.2441591218453404, 'hidden_continuous_size': 24, 'attention_head_size': 4, 'learning_rate': 0.0011114737900033594}. Best is trial 5 with value: 88.93492889404297.
LOCAL_RANK: 0 - CUDA_VISIBLE_DEVICES: [0]
[I 2023-11-30 09:52:00,694] Trial 10 finished with value: 77.93279266357422 and parameters: {'gradient_clip_val': 0.9781459383861136, 'hidden_size': 115, 'dropout': 0.1792103874722446, 'hidden_continuous_size': 70, 'attention_head_size': 1, 'learning_rate': 0.016217794728000938}. Best is trial 10 with value: 77.93279266357422.
LOCAL_RANK: 0 - CUDA_VISIBLE_DEVICES: [0]
[I 2023-11-30 09:52:15,105] Trial 11 finished with value: 73.5626220703125 and parameters: {'gradient_clip_val': 0.8716048878663702, 'hidden_size': 137, 'dropout': 0.18059719213813982, 'hidden_continuous_size': 79, 'attention_head_size': 1, 'learning_rate': 0.014795069983623078}. Best is trial 11 with value: 73.5626220703125.
LOCAL_RANK: 0 - CUDA_VISIBLE_DEVICES: [0]
[I 2023-11-30 09:52:29,881] Trial 12 finished with value: 96.3162612915039 and parameters: {'gradient_clip_val': 0.9320667594359607, 'hidden_size': 149, 'dropout': 0.17976375988697263, 'hidden_continuous_size': 87, 'attention_head_size': 1, 'learning_rate': 0.013844412279595545}. Best is trial 11 with value: 73.5626220703125.
LOCAL_RANK: 0 - CUDA_VISIBLE_DEVICES: [0]
[I 2023-11-30 09:52:44,383] Trial 13 finished with value: 82.55245971679688 and parameters: {'gradient_clip_val': 0.9814051443639711, 'hidden_size': 145, 'dropout': 0.10995645801089365, 'hidden_continuous_size': 94, 'attention_head_size': 1, 'learning_rate': 0.02825966830606095}. Best is trial 11 with value: 73.5626220703125.
LOCAL_RANK: 0 - CUDA_VISIBLE_DEVICES: [0]
[I 2023-11-30 09:52:58,178] Trial 14 finished with value: 70.86343383789062 and parameters: {'gradient_clip_val': 0.6338323246891437, 'hidden_size': 95, 'dropout': 0.17986571536873686, 'hidden_continuous_size': 62, 'attention_head_size': 1, 'learning_rate': 0.010454625204960622}. Best is trial 14 with value: 70.86343383789062.
LOCAL_RANK: 0 - CUDA_VISIBLE_DEVICES: [0]
[I 2023-11-30 09:53:11,904] Trial 15 finished with value: 55.26115798950195 and parameters: {'gradient_clip_val': 0.5637693602087794, 'hidden_size': 77, 'dropout': 0.15247924859322137, 'hidden_continuous_size': 52, 'attention_head_size': 2, 'learning_rate': 0.008220075459764565}. Best is trial 15 with value: 55.26115798950195.
LOCAL_RANK: 0 - CUDA_VISIBLE_DEVICES: [0]
[I 2023-11-30 09:53:25,743] Trial 16 finished with value: 67.05907440185547 and parameters: {'gradient_clip_val': 0.5608547311299166, 'hidden_size': 82, 'dropout': 0.14915495773982362, 'hidden_continuous_size': 54, 'attention_head_size': 2, 'learning_rate': 0.006105837437858922}. Best is trial 15 with value: 55.26115798950195.
LOCAL_RANK: 0 - CUDA_VISIBLE_DEVICES: [0]
[I 2023-11-30 09:53:39,498] Trial 17 finished with value: 61.63261032104492 and parameters: {'gradient_clip_val': 0.48324876677834366, 'hidden_size': 66, 'dropout': 0.10310344175895492, 'hidden_continuous_size': 52, 'attention_head_size': 2, 'learning_rate': 0.006651121586436792}. Best is trial 15 with value: 55.26115798950195.
LOCAL_RANK: 0 - CUDA_VISIBLE_DEVICES: [0]
[I 2023-11-30 09:53:52,867] Trial 18 finished with value: 87.1198959350586 and parameters: {'gradient_clip_val': 0.49881861785988124, 'hidden_size': 56, 'dropout': 0.11046135882181722, 'hidden_continuous_size': 42, 'attention_head_size': 3, 'learning_rate': 0.008078580708054795}. Best is trial 15 with value: 55.26115798950195.
LOCAL_RANK: 0 - CUDA_VISIBLE_DEVICES: [0]
[I 2023-11-30 09:54:06,585] Trial 19 finished with value: 85.4425277709961 and parameters: {'gradient_clip_val': 0.44319080425511626, 'hidden_size': 74, 'dropout': 0.10086543851332774, 'hidden_continuous_size': 52, 'attention_head_size': 2, 'learning_rate': 0.005683594043905606}. Best is trial 15 with value: 55.26115798950195.
LOCAL_RANK: 0 - CUDA_VISIBLE_DEVICES: [0]
[I 2023-11-30 09:54:19,801] Trial 20 finished with value: 89.77355194091797 and parameters: {'gradient_clip_val': 0.3707434849825165, 'hidden_size': 64, 'dropout': 0.14255449658281405, 'hidden_continuous_size': 31, 'attention_head_size': 2, 'learning_rate': 0.009522867338746622}. Best is trial 15 with value: 55.26115798950195.
LOCAL_RANK: 0 - CUDA_VISIBLE_DEVICES: [0]
[I 2023-11-30 09:54:33,496] Trial 21 finished with value: 80.6236343383789 and parameters: {'gradient_clip_val': 0.5627547141781428, 'hidden_size': 84, 'dropout': 0.13813241835613954, 'hidden_continuous_size': 52, 'attention_head_size': 2, 'learning_rate': 0.004321020248907757}. Best is trial 15 with value: 55.26115798950195.
LOCAL_RANK: 0 - CUDA_VISIBLE_DEVICES: [0]
[I 2023-11-30 09:54:47,336] Trial 22 finished with value: 74.62372589111328 and parameters: {'gradient_clip_val': 0.5443815211696043, 'hidden_size': 84, 'dropout': 0.14049210527105788, 'hidden_continuous_size': 53, 'attention_head_size': 2, 'learning_rate': 0.007739304885770301}. Best is trial 15 with value: 55.26115798950195.
LOCAL_RANK: 0 - CUDA_VISIBLE_DEVICES: [0]
[I 2023-11-30 09:55:00,648] Trial 23 finished with value: 83.1064682006836 and parameters: {'gradient_clip_val': 0.4682823277126913, 'hidden_size': 52, 'dropout': 0.10223538372945781, 'hidden_continuous_size': 41, 'attention_head_size': 3, 'learning_rate': 0.004260217178364569}. Best is trial 15 with value: 55.26115798950195.
LOCAL_RANK: 0 - CUDA_VISIBLE_DEVICES: [0]
[I 2023-11-30 09:55:14,917] Trial 24 finished with value: 57.97453689575195 and parameters: {'gradient_clip_val': 0.7021458645340093, 'hidden_size': 113, 'dropout': 0.15238795443822037, 'hidden_continuous_size': 65, 'attention_head_size': 2, 'learning_rate': 0.006641705695060057}. Best is trial 15 with value: 55.26115798950195.
LOCAL_RANK: 0 - CUDA_VISIBLE_DEVICES: [0]
[I 2023-11-30 09:55:29,074] Trial 25 finished with value: 83.67572784423828 and parameters: {'gradient_clip_val': 0.7277609518368445, 'hidden_size': 108, 'dropout': 0.20388180833051506, 'hidden_continuous_size': 102, 'attention_head_size': 2, 'learning_rate': 0.009202053740817938}. Best is trial 15 with value: 55.26115798950195.
LOCAL_RANK: 0 - CUDA_VISIBLE_DEVICES: [0]
[I 2023-11-30 09:55:43,450] Trial 26 finished with value: 100.36418914794922 and parameters: {'gradient_clip_val': 0.758015173595985, 'hidden_size': 116, 'dropout': 0.1267893166836302, 'hidden_continuous_size': 114, 'attention_head_size': 3, 'learning_rate': 0.0037195336576290538}. Best is trial 15 with value: 55.26115798950195.
LOCAL_RANK: 0 - CUDA_VISIBLE_DEVICES: [0]
[I 2023-11-30 09:55:56,914] Trial 27 finished with value: 82.08392333984375 and parameters: {'gradient_clip_val': 0.6517908061598044, 'hidden_size': 49, 'dropout': 0.15659718680399892, 'hidden_continuous_size': 38, 'attention_head_size': 2, 'learning_rate': 0.0054970744604868425}. Best is trial 15 with value: 55.26115798950195.
LOCAL_RANK: 0 - CUDA_VISIBLE_DEVICES: [0]
[I 2023-11-30 09:56:10,157] Trial 28 finished with value: 50.582366943359375 and parameters: {'gradient_clip_val': 0.3776918571556114, 'hidden_size': 64, 'dropout': 0.1277629493464233, 'hidden_continuous_size': 47, 'attention_head_size': 3, 'learning_rate': 0.011105457295713899}. Best is trial 28 with value: 50.582366943359375.
LOCAL_RANK: 0 - CUDA_VISIBLE_DEVICES: [0]
[I 2023-11-30 09:56:20,309] Trial 29 finished with value: 285.7095947265625 and parameters: {'gradient_clip_val': 0.3846761752218508, 'hidden_size': 10, 'dropout': 0.1980518887309924, 'hidden_continuous_size': 10, 'attention_head_size': 3, 'learning_rate': 0.002458800502126426}. Best is trial 28 with value: 50.582366943359375.
LOCAL_RANK: 0 - CUDA_VISIBLE_DEVICES: [0]
[I 2023-11-30 09:56:34,208] Trial 30 finished with value: 72.97736358642578 and parameters: {'gradient_clip_val': 0.6292998924045495, 'hidden_size': 75, 'dropout': 0.1265561855245465, 'hidden_continuous_size': 62, 'attention_head_size': 3, 'learning_rate': 0.011562576806744591}. Best is trial 28 with value: 50.582366943359375.
LOCAL_RANK: 0 - CUDA_VISIBLE_DEVICES: [0]
[I 2023-11-30 09:56:47,582] Trial 31 finished with value: 82.92195129394531 and parameters: {'gradient_clip_val': 0.4944701848009408, 'hidden_size': 60, 'dropout': 0.12434643651638666, 'hidden_continuous_size': 46, 'attention_head_size': 2, 'learning_rate': 0.007300771071897042}. Best is trial 28 with value: 50.582366943359375.
LOCAL_RANK: 0 - CUDA_VISIBLE_DEVICES: [0]
[I 2023-11-30 09:57:01,388] Trial 32 finished with value: 100.30904388427734 and parameters: {'gradient_clip_val': 0.41534748113168524, 'hidden_size': 72, 'dropout': 0.16245213402729455, 'hidden_continuous_size': 46, 'attention_head_size': 3, 'learning_rate': 0.004682912114171902}. Best is trial 28 with value: 50.582366943359375.
LOCAL_RANK: 0 - CUDA_VISIBLE_DEVICES: [0]
[I 2023-11-30 09:57:15,503] Trial 33 finished with value: 88.66670989990234 and parameters: {'gradient_clip_val': 0.3286844516990721, 'hidden_size': 93, 'dropout': 0.13163494417635513, 'hidden_continuous_size': 68, 'attention_head_size': 2, 'learning_rate': 0.006721061862345496}. Best is trial 28 with value: 50.582366943359375.
LOCAL_RANK: 0 - CUDA_VISIBLE_DEVICES: [0]
[I 2023-11-30 09:57:29,038] Trial 34 finished with value: 93.08011627197266 and parameters: {'gradient_clip_val': 0.5145931783454848, 'hidden_size': 63, 'dropout': 0.10088912876963874, 'hidden_continuous_size': 46, 'attention_head_size': 3, 'learning_rate': 0.003154177486825137}. Best is trial 28 with value: 50.582366943359375.
LOCAL_RANK: 0 - CUDA_VISIBLE_DEVICES: [0]
[I 2023-11-30 09:57:43,327] Trial 35 finished with value: 71.73792266845703 and parameters: {'gradient_clip_val': 0.8127679392852338, 'hidden_size': 119, 'dropout': 0.1603645126883145, 'hidden_continuous_size': 78, 'attention_head_size': 2, 'learning_rate': 0.011742639057244233}. Best is trial 28 with value: 50.582366943359375.
LOCAL_RANK: 0 - CUDA_VISIBLE_DEVICES: [0]
[I 2023-11-30 09:57:56,607] Trial 36 finished with value: 95.88777923583984 and parameters: {'gradient_clip_val': 0.6651199475886118, 'hidden_size': 49, 'dropout': 0.27087577513650374, 'hidden_continuous_size': 37, 'attention_head_size': 2, 'learning_rate': 0.0046351935567588085}. Best is trial 28 with value: 50.582366943359375.
LOCAL_RANK: 0 - CUDA_VISIBLE_DEVICES: [0]
[I 2023-11-30 09:58:10,357] Trial 37 finished with value: 69.37938690185547 and parameters: {'gradient_clip_val': 0.28038888675144535, 'hidden_size': 93, 'dropout': 0.11698181578230639, 'hidden_continuous_size': 27, 'attention_head_size': 3, 'learning_rate': 0.02036109812301492}. Best is trial 28 with value: 50.582366943359375.
LOCAL_RANK: 0 - CUDA_VISIBLE_DEVICES: [0]
[I 2023-11-30 09:58:22,994] Trial 38 finished with value: 63.1394157409668 and parameters: {'gradient_clip_val': 0.5861096076986473, 'hidden_size': 35, 'dropout': 0.1448864674177582, 'hidden_continuous_size': 31, 'attention_head_size': 1, 'learning_rate': 0.008912389569160404}. Best is trial 28 with value: 50.582366943359375.
LOCAL_RANK: 0 - CUDA_VISIBLE_DEVICES: [0]
[I 2023-11-30 09:58:36,825] Trial 39 finished with value: 84.20996856689453 and parameters: {'gradient_clip_val': 0.44806478572720015, 'hidden_size': 73, 'dropout': 0.11747949992619741, 'hidden_continuous_size': 58, 'attention_head_size': 2, 'learning_rate': 0.0057793833154153726}. Best is trial 28 with value: 50.582366943359375.
LOCAL_RANK: 0 - CUDA_VISIBLE_DEVICES: [0]
[I 2023-11-30 09:58:51,066] Trial 40 finished with value: 63.5484619140625 and parameters: {'gradient_clip_val': 0.36006561045259206, 'hidden_size': 103, 'dropout': 0.13362353598770982, 'hidden_continuous_size': 69, 'attention_head_size': 4, 'learning_rate': 0.007568329396578764}. Best is trial 28 with value: 50.582366943359375.
LOCAL_RANK: 0 - CUDA_VISIBLE_DEVICES: [0]
[I 2023-11-30 09:59:03,586] Trial 41 finished with value: 82.6358413696289 and parameters: {'gradient_clip_val': 0.6083992469765741, 'hidden_size': 35, 'dropout': 0.1455766164060533, 'hidden_continuous_size': 31, 'attention_head_size': 1, 'learning_rate': 0.009492762910912216}. Best is trial 28 with value: 50.582366943359375.
LOCAL_RANK: 0 - CUDA_VISIBLE_DEVICES: [0]
