[I 2023-11-30 09:59:16,506] Trial 42 finished with value: 87.0273208618164 and parameters: {'gradient_clip_val': 0.5702569784560666, 'hidden_size': 38, 'dropout': 0.16269537115517854, 'hidden_continuous_size': 34, 'attention_head_size': 1, 'learning_rate': 0.00852128931682524}. Best is trial 28 with value: 50.582366943359375.
LOCAL_RANK: 0 - CUDA_VISIBLE_DEVICES: [0]
[I 2023-11-30 09:59:29,741] Trial 43 finished with value: 86.1812515258789 and parameters: {'gradient_clip_val': 0.4939861330550489, 'hidden_size': 46, 'dropout': 0.12234501758947773, 'hidden_continuous_size': 40, 'attention_head_size': 1, 'learning_rate': 0.011558368752468594}. Best is trial 28 with value: 50.582366943359375.
LOCAL_RANK: 0 - CUDA_VISIBLE_DEVICES: [0]
[I 2023-11-30 09:59:43,144] Trial 44 finished with value: 73.74618530273438 and parameters: {'gradient_clip_val': 0.7185230114218151, 'hidden_size': 57, 'dropout': 0.15272587385830494, 'hidden_continuous_size': 47, 'attention_head_size': 2, 'learning_rate': 0.006592531692781554}. Best is trial 28 with value: 50.582366943359375.
LOCAL_RANK: 0 - CUDA_VISIBLE_DEVICES: [0]
[I 2023-11-30 09:59:55,563] Trial 45 finished with value: 91.5491943359375 and parameters: {'gradient_clip_val': 0.8164164973405306, 'hidden_size': 32, 'dropout': 0.16990545963050133, 'hidden_continuous_size': 29, 'attention_head_size': 1, 'learning_rate': 0.01782994697781734}. Best is trial 28 with value: 50.582366943359375.
LOCAL_RANK: 0 - CUDA_VISIBLE_DEVICES: [0]
[I 2023-11-30 10:00:08,634] Trial 46 finished with value: 75.83299255371094 and parameters: {'gradient_clip_val': 0.42689508784600944, 'hidden_size': 43, 'dropout': 0.13476906884647394, 'hidden_continuous_size': 35, 'attention_head_size': 3, 'learning_rate': 0.012223571989566114}. Best is trial 28 with value: 50.582366943359375.
LOCAL_RANK: 0 - CUDA_VISIBLE_DEVICES: [0]
[I 2023-11-30 10:00:22,092] Trial 47 finished with value: 70.83724975585938 and parameters: {'gradient_clip_val': 0.6975339217047375, 'hidden_size': 52, 'dropout': 0.1500540112712464, 'hidden_continuous_size': 43, 'attention_head_size': 2, 'learning_rate': 0.005210873815655304}. Best is trial 28 with value: 50.582366943359375.
LOCAL_RANK: 0 - CUDA_VISIBLE_DEVICES: [0]
[I 2023-11-30 10:00:36,153] Trial 48 finished with value: 112.04627227783203 and parameters: {'gradient_clip_val': 0.5889884782340382, 'hidden_size': 126, 'dropout': 0.10888758662477592, 'hidden_continuous_size': 60, 'attention_head_size': 1, 'learning_rate': 0.014230220644737862}. Best is trial 28 with value: 50.582366943359375.
LOCAL_RANK: 0 - CUDA_VISIBLE_DEVICES: [0]
[I 2023-11-30 10:00:49,742] Trial 49 finished with value: 80.00279998779297 and parameters: {'gradient_clip_val': 0.5318533028514076, 'hidden_size': 67, 'dropout': 0.1925626403686711, 'hidden_continuous_size': 51, 'attention_head_size': 3, 'learning_rate': 0.009047396699629397}. Best is trial 28 with value: 50.582366943359375.
LOCAL_RANK: 0 - CUDA_VISIBLE_DEVICES: [0]
[I 2023-11-30 10:01:01,816] Trial 50 finished with value: 122.3156967163086 and parameters: {'gradient_clip_val': 0.6183423572268789, 'hidden_size': 24, 'dropout': 0.17260338663869007, 'hidden_continuous_size': 22, 'attention_head_size': 2, 'learning_rate': 0.006768449732022588}. Best is trial 28 with value: 50.582366943359375.
LOCAL_RANK: 0 - CUDA_VISIBLE_DEVICES: [0]
[I 2023-11-30 10:01:16,040] Trial 51 finished with value: 77.48726654052734 and parameters: {'gradient_clip_val': 0.36067563062194774, 'hidden_size': 101, 'dropout': 0.14175142807470453, 'hidden_continuous_size': 69, 'attention_head_size': 4, 'learning_rate': 0.008384065259074059}. Best is trial 28 with value: 50.582366943359375.
LOCAL_RANK: 0 - CUDA_VISIBLE_DEVICES: [0]
[I 2023-11-30 10:01:30,799] Trial 52 finished with value: 60.05421447753906 and parameters: {'gradient_clip_val': 0.3973659555647821, 'hidden_size': 135, 'dropout': 0.13278627245397429, 'hidden_continuous_size': 76, 'attention_head_size': 4, 'learning_rate': 0.007565787583236686}. Best is trial 28 with value: 50.582366943359375.
LOCAL_RANK: 0 - CUDA_VISIBLE_DEVICES: [0]
[I 2023-11-30 10:01:45,341] Trial 53 finished with value: 68.4208755493164 and parameters: {'gradient_clip_val': 0.40206329929358, 'hidden_size': 133, 'dropout': 0.11806374415205284, 'hidden_continuous_size': 80, 'attention_head_size': 4, 'learning_rate': 0.009651467701255868}. Best is trial 28 with value: 50.582366943359375.
LOCAL_RANK: 0 - CUDA_VISIBLE_DEVICES: [0]
[I 2023-11-30 10:01:59,754] Trial 54 finished with value: 78.3650894165039 and parameters: {'gradient_clip_val': 0.45582989037844535, 'hidden_size': 137, 'dropout': 0.14948458792330907, 'hidden_continuous_size': 59, 'attention_head_size': 4, 'learning_rate': 0.005747866987500123}. Best is trial 28 with value: 50.582366943359375.
LOCAL_RANK: 0 - CUDA_VISIBLE_DEVICES: [0]
[I 2023-11-30 10:02:13,950] Trial 55 finished with value: 53.396488189697266 and parameters: {'gradient_clip_val': 0.4649208895545682, 'hidden_size': 121, 'dropout': 0.1330675124264329, 'hidden_continuous_size': 55, 'attention_head_size': 4, 'learning_rate': 0.010369608228679755}. Best is trial 28 with value: 50.582366943359375.
LOCAL_RANK: 0 - CUDA_VISIBLE_DEVICES: [0]
[I 2023-11-30 10:02:28,445] Trial 56 finished with value: 75.09886932373047 and parameters: {'gradient_clip_val': 0.462109327306746, 'hidden_size': 149, 'dropout': 0.1087279547335717, 'hidden_continuous_size': 56, 'attention_head_size': 4, 'learning_rate': 0.010876236402848684}. Best is trial 28 with value: 50.582366943359375.
LOCAL_RANK: 0 - CUDA_VISIBLE_DEVICES: [0]
[I 2023-11-30 10:02:42,947] Trial 57 finished with value: 81.88031768798828 and parameters: {'gradient_clip_val': 0.40981701609496435, 'hidden_size': 113, 'dropout': 0.13341388840732749, 'hidden_continuous_size': 65, 'attention_head_size': 4, 'learning_rate': 0.012976227482264506}. Best is trial 28 with value: 50.582366943359375.
LOCAL_RANK: 0 - CUDA_VISIBLE_DEVICES: [0]
[I 2023-11-30 10:02:57,418] Trial 58 finished with value: 98.445068359375 and parameters: {'gradient_clip_val': 0.3094088668685545, 'hidden_size': 125, 'dropout': 0.11023724741884505, 'hidden_continuous_size': 75, 'attention_head_size': 4, 'learning_rate': 0.007284821768494746}. Best is trial 28 with value: 50.582366943359375.
LOCAL_RANK: 0 - CUDA_VISIBLE_DEVICES: [0]
[I 2023-11-30 10:03:11,538] Trial 59 finished with value: 88.85103607177734 and parameters: {'gradient_clip_val': 0.5172352356545541, 'hidden_size': 90, 'dropout': 0.127480837267054, 'hidden_continuous_size': 64, 'attention_head_size': 4, 'learning_rate': 0.016250363590281532}. Best is trial 28 with value: 50.582366943359375.
LOCAL_RANK: 0 - CUDA_VISIBLE_DEVICES: [0]
[I 2023-11-30 10:03:25,673] Trial 60 finished with value: 76.19258880615234 and parameters: {'gradient_clip_val': 0.48244958823702333, 'hidden_size': 105, 'dropout': 0.16956683292123756, 'hidden_continuous_size': 50, 'attention_head_size': 4, 'learning_rate': 0.0037851371158939134}. Best is trial 28 with value: 50.582366943359375.
LOCAL_RANK: 0 - CUDA_VISIBLE_DEVICES: [0]
[I 2023-11-30 10:03:39,486] Trial 61 finished with value: 68.98470306396484 and parameters: {'gradient_clip_val': 0.5602829728332686, 'hidden_size': 83, 'dropout': 0.14037548789203325, 'hidden_continuous_size': 58, 'attention_head_size': 2, 'learning_rate': 0.010126033697231123}. Best is trial 28 with value: 50.582366943359375.
LOCAL_RANK: 0 - CUDA_VISIBLE_DEVICES: [0]
[I 2023-11-30 10:03:53,751] Trial 62 finished with value: 72.9915542602539 and parameters: {'gradient_clip_val': 0.4374142391936796, 'hidden_size': 112, 'dropout': 0.15431393420492326, 'hidden_continuous_size': 54, 'attention_head_size': 2, 'learning_rate': 0.008272238422614755}. Best is trial 28 with value: 50.582366943359375.
LOCAL_RANK: 0 - CUDA_VISIBLE_DEVICES: [0]
[I 2023-11-30 10:04:08,239] Trial 63 finished with value: 65.5486068725586 and parameters: {'gradient_clip_val': 0.5274580169561707, 'hidden_size': 129, 'dropout': 0.1198599740471336, 'hidden_continuous_size': 88, 'attention_head_size': 3, 'learning_rate': 0.006393232242827862}. Best is trial 28 with value: 50.582366943359375.
LOCAL_RANK: 0 - CUDA_VISIBLE_DEVICES: [0]
[I 2023-11-30 10:04:22,230] Trial 64 finished with value: 86.0128173828125 and parameters: {'gradient_clip_val': 0.47672494618672406, 'hidden_size': 100, 'dropout': 0.13968032653122095, 'hidden_continuous_size': 72, 'attention_head_size': 1, 'learning_rate': 0.005032850492659485}. Best is trial 28 with value: 50.582366943359375.
LOCAL_RANK: 0 - CUDA_VISIBLE_DEVICES: [0]
[I 2023-11-30 10:04:36,611] Trial 65 finished with value: 107.07184600830078 and parameters: {'gradient_clip_val': 0.5905342928938506, 'hidden_size': 150, 'dropout': 0.10145236178594251, 'hidden_continuous_size': 43, 'attention_head_size': 2, 'learning_rate': 0.010470859327516997}. Best is trial 28 with value: 50.582366943359375.
LOCAL_RANK: 0 - CUDA_VISIBLE_DEVICES: [0]
[I 2023-11-30 10:04:50,699] Trial 66 finished with value: 80.52883911132812 and parameters: {'gradient_clip_val': 0.6634377675933977, 'hidden_size': 89, 'dropout': 0.13229180004803692, 'hidden_continuous_size': 64, 'attention_head_size': 4, 'learning_rate': 0.007372822057389629}. Best is trial 28 with value: 50.582366943359375.
LOCAL_RANK: 0 - CUDA_VISIBLE_DEVICES: [0]
[I 2023-11-30 10:05:05,050] Trial 67 finished with value: 87.71148681640625 and parameters: {'gradient_clip_val': 0.3828014337340433, 'hidden_size': 122, 'dropout': 0.14649005251300484, 'hidden_continuous_size': 49, 'attention_head_size': 3, 'learning_rate': 0.013133848764695479}. Best is trial 28 with value: 50.582366943359375.
LOCAL_RANK: 0 - CUDA_VISIBLE_DEVICES: [0]
[I 2023-11-30 10:05:18,880] Trial 68 finished with value: 68.81693267822266 and parameters: {'gradient_clip_val': 0.5458629667769767, 'hidden_size': 79, 'dropout': 0.11470356802736287, 'hidden_continuous_size': 56, 'attention_head_size': 2, 'learning_rate': 0.0058196190435531306}. Best is trial 28 with value: 50.582366943359375.
LOCAL_RANK: 0 - CUDA_VISIBLE_DEVICES: [0]
[I 2023-11-30 10:05:32,741] Trial 69 finished with value: 77.979248046875 and parameters: {'gradient_clip_val': 0.4202339215104027, 'hidden_size': 78, 'dropout': 0.12673284943118704, 'hidden_continuous_size': 54, 'attention_head_size': 3, 'learning_rate': 0.008446920163776026}. Best is trial 28 with value: 50.582366943359375.
LOCAL_RANK: 0 - CUDA_VISIBLE_DEVICES: [0]
[I 2023-11-30 10:05:46,561] Trial 70 finished with value: 80.29512786865234 and parameters: {'gradient_clip_val': 0.5050577757044622, 'hidden_size': 70, 'dropout': 0.18721025436911537, 'hidden_continuous_size': 61, 'attention_head_size': 2, 'learning_rate': 0.0065897767694163565}. Best is trial 28 with value: 50.582366943359375.
LOCAL_RANK: 0 - CUDA_VISIBLE_DEVICES: [0]
[I 2023-11-30 10:06:00,955] Trial 71 finished with value: 77.4110107421875 and parameters: {'gradient_clip_val': 0.3518029033122406, 'hidden_size': 106, 'dropout': 0.1318518255326307, 'hidden_continuous_size': 69, 'attention_head_size': 4, 'learning_rate': 0.00772692398457891}. Best is trial 28 with value: 50.582366943359375.
LOCAL_RANK: 0 - CUDA_VISIBLE_DEVICES: [0]
[I 2023-11-30 10:06:15,380] Trial 72 finished with value: 82.22716522216797 and parameters: {'gradient_clip_val': 0.38359129243052786, 'hidden_size': 97, 'dropout': 0.15740322188684677, 'hidden_continuous_size': 66, 'attention_head_size': 4, 'learning_rate': 0.010397257774118093}. Best is trial 28 with value: 50.582366943359375.
LOCAL_RANK: 0 - CUDA_VISIBLE_DEVICES: [0]
[I 2023-11-30 10:06:29,568] Trial 73 finished with value: 82.87470245361328 and parameters: {'gradient_clip_val': 0.3370186647306821, 'hidden_size': 113, 'dropout': 0.13853684831644797, 'hidden_continuous_size': 38, 'attention_head_size': 4, 'learning_rate': 0.007609949496036718}. Best is trial 28 with value: 50.582366943359375.
LOCAL_RANK: 0 - CUDA_VISIBLE_DEVICES: [0]
[I 2023-11-30 10:06:43,612] Trial 74 finished with value: 61.80756759643555 and parameters: {'gradient_clip_val': 0.3981830062834022, 'hidden_size': 87, 'dropout': 0.12416470703012399, 'hidden_continuous_size': 49, 'attention_head_size': 4, 'learning_rate': 0.00509837192138624}. Best is trial 28 with value: 50.582366943359375.
LOCAL_RANK: 0 - CUDA_VISIBLE_DEVICES: [0]
[I 2023-11-30 10:06:57,694] Trial 75 finished with value: 68.51868438720703 and parameters: {'gradient_clip_val': 0.4004812232769709, 'hidden_size': 88, 'dropout': 0.11911418055888336, 'hidden_continuous_size': 49, 'attention_head_size': 4, 'learning_rate': 0.005120092608936732}. Best is trial 28 with value: 50.582366943359375.
LOCAL_RANK: 0 - CUDA_VISIBLE_DEVICES: [0]
[I 2023-11-30 10:07:11,450] Trial 76 finished with value: 98.0084457397461 and parameters: {'gradient_clip_val': 0.4485146599879986, 'hidden_size': 68, 'dropout': 0.10853818865670324, 'hidden_continuous_size': 56, 'attention_head_size': 4, 'learning_rate': 0.006225706156966186}. Best is trial 28 with value: 50.582366943359375.
LOCAL_RANK: 0 - CUDA_VISIBLE_DEVICES: [0]
[I 2023-11-30 10:07:25,175] Trial 77 finished with value: 87.51141357421875 and parameters: {'gradient_clip_val': 0.4812584305289423, 'hidden_size': 77, 'dropout': 0.14650810750580384, 'hidden_continuous_size': 44, 'attention_head_size': 1, 'learning_rate': 0.00430101942279374}. Best is trial 28 with value: 50.582366943359375.
LOCAL_RANK: 0 - CUDA_VISIBLE_DEVICES: [0]
[I 2023-11-30 10:07:38,684] Trial 78 finished with value: 74.08930969238281 and parameters: {'gradient_clip_val': 0.5878577995727, 'hidden_size': 59, 'dropout': 0.10034838160777235, 'hidden_continuous_size': 52, 'attention_head_size': 2, 'learning_rate': 0.009760131317584736}. Best is trial 28 with value: 50.582366943359375.
LOCAL_RANK: 0 - CUDA_VISIBLE_DEVICES: [0]
[I 2023-11-30 10:07:52,236] Trial 79 finished with value: 69.96244812011719 and parameters: {'gradient_clip_val': 0.4306463147415217, 'hidden_size': 63, 'dropout': 0.12444313552390315, 'hidden_continuous_size': 49, 'attention_head_size': 3, 'learning_rate': 0.008718038043543389}. Best is trial 28 with value: 50.582366943359375.
LOCAL_RANK: 0 - CUDA_VISIBLE_DEVICES: [0]
[I 2023-11-30 10:08:06,363] Trial 80 finished with value: 76.28634643554688 and parameters: {'gradient_clip_val': 0.5475973013843005, 'hidden_size': 138, 'dropout': 0.15973194109329872, 'hidden_continuous_size': 40, 'attention_head_size': 2, 'learning_rate': 0.01215136603441268}. Best is trial 28 with value: 50.582366943359375.
LOCAL_RANK: 0 - CUDA_VISIBLE_DEVICES: [0]
[I 2023-11-30 10:08:20,724] Trial 81 finished with value: 64.32868194580078 and parameters: {'gradient_clip_val': 0.37179781046249666, 'hidden_size': 102, 'dropout': 0.12834162754775313, 'hidden_continuous_size': 73, 'attention_head_size': 4, 'learning_rate': 0.007094702832698803}. Best is trial 28 with value: 50.582366943359375.
LOCAL_RANK: 0 - CUDA_VISIBLE_DEVICES: [0]
[I 2023-11-30 10:08:35,013] Trial 82 finished with value: 76.39229583740234 and parameters: {'gradient_clip_val': 0.3529236811271716, 'hidden_size': 95, 'dropout': 0.13672808723086924, 'hidden_continuous_size': 61, 'attention_head_size': 4, 'learning_rate': 0.005742452153832085}. Best is trial 28 with value: 50.582366943359375.
LOCAL_RANK: 0 - CUDA_VISIBLE_DEVICES: [0]
[I 2023-11-30 10:08:49,365] Trial 83 finished with value: 52.06379318237305 and parameters: {'gradient_clip_val': 0.3093624405024008, 'hidden_size': 119, 'dropout': 0.11579490276243747, 'hidden_continuous_size': 81, 'attention_head_size': 4, 'learning_rate': 0.008006962269392716}. Best is trial 28 with value: 50.582366943359375.
LOCAL_RANK: 0 - CUDA_VISIBLE_DEVICES: [0]
[I 2023-11-30 10:09:03,635] Trial 84 finished with value: 73.53189849853516 and parameters: {'gradient_clip_val': 0.3982127878606551, 'hidden_size': 119, 'dropout': 0.1156240712408409, 'hidden_continuous_size': 84, 'attention_head_size': 4, 'learning_rate': 0.008928770468317155}. Best is trial 28 with value: 50.582366943359375.
LOCAL_RANK: 0 - CUDA_VISIBLE_DEVICES: [0]
[I 2023-11-30 10:09:17,846] Trial 85 finished with value: 54.58857345581055 and parameters: {'gradient_clip_val': 0.30617623056498533, 'hidden_size': 86, 'dropout': 0.11019038183438935, 'hidden_continuous_size': 74, 'attention_head_size': 4, 'learning_rate': 0.006386274339013254}. Best is trial 28 with value: 50.582366943359375.
LOCAL_RANK: 0 - CUDA_VISIBLE_DEVICES: [0]
[I 2023-11-30 10:09:31,987] Trial 86 finished with value: 80.47618865966797 and parameters: {'gradient_clip_val': 0.30978759087450775, 'hidden_size': 85, 'dropout': 0.11171650594619204, 'hidden_continuous_size': 75, 'attention_head_size': 4, 'learning_rate': 0.0063074430187037775}. Best is trial 28 with value: 50.582366943359375.
LOCAL_RANK: 0 - CUDA_VISIBLE_DEVICES: [0]
[I 2023-11-30 10:09:46,357] Trial 87 finished with value: 77.62313079833984 and parameters: {'gradient_clip_val': 0.286177341200765, 'hidden_size': 81, 'dropout': 0.12210381793598488, 'hidden_continuous_size': 67, 'attention_head_size': 4, 'learning_rate': 0.0051880177136205885}. Best is trial 28 with value: 50.582366943359375.
LOCAL_RANK: 0 - CUDA_VISIBLE_DEVICES: [0]
[I 2023-11-30 10:10:00,487] Trial 88 finished with value: 91.26880645751953 and parameters: {'gradient_clip_val': 0.3380542202167962, 'hidden_size': 73, 'dropout': 0.10647997212326123, 'hidden_continuous_size': 65, 'attention_head_size': 4, 'learning_rate': 0.004585331917183501}. Best is trial 28 with value: 50.582366943359375.
LOCAL_RANK: 0 - CUDA_VISIBLE_DEVICES: [0]
[I 2023-11-30 10:10:14,890] Trial 89 finished with value: 57.70457077026367 and parameters: {'gradient_clip_val': 0.2476734401030514, 'hidden_size': 110, 'dropout': 0.11590545916397249, 'hidden_continuous_size': 81, 'attention_head_size': 4, 'learning_rate': 0.006874198042676827}. Best is trial 28 with value: 50.582366943359375.
LOCAL_RANK: 0 - CUDA_VISIBLE_DEVICES: [0]
[I 2023-11-30 10:10:29,510] Trial 90 finished with value: 63.43819046020508 and parameters: {'gradient_clip_val': 0.23518913079805048, 'hidden_size': 137, 'dropout': 0.11467554996297921, 'hidden_continuous_size': 78, 'attention_head_size': 4, 'learning_rate': 0.01145549982927784}. Best is trial 28 with value: 50.582366943359375.
LOCAL_RANK: 0 - CUDA_VISIBLE_DEVICES: [0]
[I 2023-11-30 10:10:43,914] Trial 91 finished with value: 77.16272735595703 and parameters: {'gradient_clip_val': 0.31960093427685815, 'hidden_size': 110, 'dropout': 0.1045257646619146, 'hidden_continuous_size': 72, 'attention_head_size': 4, 'learning_rate': 0.006907927871071273}. Best is trial 28 with value: 50.582366943359375.
LOCAL_RANK: 0 - CUDA_VISIBLE_DEVICES: [0]
[I 2023-11-30 10:10:58,463] Trial 92 finished with value: 69.2809829711914 and parameters: {'gradient_clip_val': 0.23060532756026247, 'hidden_size': 122, 'dropout': 0.1258945558254734, 'hidden_continuous_size': 94, 'attention_head_size': 4, 'learning_rate': 0.00789457548784036}. Best is trial 28 with value: 50.582366943359375.
LOCAL_RANK: 0 - CUDA_VISIBLE_DEVICES: [0]
[I 2023-11-30 10:11:12,614] Trial 93 finished with value: 71.97879791259766 and parameters: {'gradient_clip_val': 0.38916527745456575, 'hidden_size': 96, 'dropout': 0.11379374738807496, 'hidden_continuous_size': 82, 'attention_head_size': 4, 'learning_rate': 0.005999368905674099}. Best is trial 28 with value: 50.582366943359375.
LOCAL_RANK: 0 - CUDA_VISIBLE_DEVICES: [0]
[I 2023-11-30 10:11:26,998] Trial 94 finished with value: 62.07050704956055 and parameters: {'gradient_clip_val': 0.2505631835119711, 'hidden_size': 106, 'dropout': 0.13135548779090694, 'hidden_continuous_size': 87, 'attention_head_size': 4, 'learning_rate': 0.009496853251444325}. Best is trial 28 with value: 50.582366943359375.
LOCAL_RANK: 0 - CUDA_VISIBLE_DEVICES: [0]
[I 2023-11-30 10:11:41,373] Trial 95 finished with value: 75.7739028930664 and parameters: {'gradient_clip_val': 0.46652698814652455, 'hidden_size': 118, 'dropout': 0.10033867175070259, 'hidden_continuous_size': 75, 'attention_head_size': 4, 'learning_rate': 0.005419342739486536}. Best is trial 28 with value: 50.582366943359375.
LOCAL_RANK: 0 - CUDA_VISIBLE_DEVICES: [0]
[I 2023-11-30 10:11:55,661] Trial 96 finished with value: 82.74768829345703 and parameters: {'gradient_clip_val': 0.40816088297472225, 'hidden_size': 128, 'dropout': 0.1192842179104872, 'hidden_continuous_size': 45, 'attention_head_size': 4, 'learning_rate': 0.007047900643717793}. Best is trial 28 with value: 50.582366943359375.
LOCAL_RANK: 0 - CUDA_VISIBLE_DEVICES: [0]
[I 2023-11-30 10:12:09,744] Trial 97 finished with value: 70.40180206298828 and parameters: {'gradient_clip_val': 0.29352215653203767, 'hidden_size': 90, 'dropout': 0.1509068241484695, 'hidden_continuous_size': 70, 'attention_head_size': 2, 'learning_rate': 0.007851983561012976}. Best is trial 28 with value: 50.582366943359375.
LOCAL_RANK: 0 - CUDA_VISIBLE_DEVICES: [0]
[I 2023-11-30 10:12:23,715] Trial 98 finished with value: 78.37647247314453 and parameters: {'gradient_clip_val': 0.365352450488592, 'hidden_size': 85, 'dropout': 0.10961008941432067, 'hidden_continuous_size': 64, 'attention_head_size': 4, 'learning_rate': 0.010793481741482236}. Best is trial 28 with value: 50.582366943359375.
LOCAL_RANK: 0 - CUDA_VISIBLE_DEVICES: [0]
[I 2023-11-30 10:12:37,734] Trial 99 finished with value: 88.76717376708984 and parameters: {'gradient_clip_val': 0.27182190227265685, 'hidden_size': 100, 'dropout': 0.14245694820203247, 'hidden_continuous_size': 58, 'attention_head_size': 4, 'learning_rate': 0.0048773058934405535}. Best is trial 28 with value: 50.582366943359375.
LOCAL_RANK: 0 - CUDA_VISIBLE_DEVICES: [0]
[I 2023-11-30 10:12:51,885] Trial 100 finished with value: 84.94145202636719 and parameters: {'gradient_clip_val': 0.4369252814086432, 'hidden_size': 110, 'dropout': 0.12318790506605172, 'hidden_continuous_size': 78, 'attention_head_size': 2, 'learning_rate': 0.004064535369559889}. Best is trial 28 with value: 50.582366943359375.
LOCAL_RANK: 0 - CUDA_VISIBLE_DEVICES: [0]
