[I 2023-11-30 15:00:45,450] Trial 36 finished with value: 51.99318313598633 and parameters: {'gradient_clip_val': 0.1161333342956332, 'hidden_size': 22, 'dropout': 0.16815406532286284, 'hidden_continuous_size': 13, 'attention_head_size': 3, 'learning_rate': 0.011864689528413602}. Best is trial 1 with value: 25.740930557250977.
LOCAL_RANK: 0 - CUDA_VISIBLE_DEVICES: [0]
[I 2023-11-30 15:00:57,562] Trial 37 finished with value: 36.62412643432617 and parameters: {'gradient_clip_val': 0.1362441616468098, 'hidden_size': 16, 'dropout': 0.24672736848387042, 'hidden_continuous_size': 12, 'attention_head_size': 4, 'learning_rate': 0.02062241881168841}. Best is trial 1 with value: 25.740930557250977.
LOCAL_RANK: 0 - CUDA_VISIBLE_DEVICES: [0]
[I 2023-11-30 15:01:09,650] Trial 38 finished with value: 38.378379821777344 and parameters: {'gradient_clip_val': 0.20675962691157845, 'hidden_size': 11, 'dropout': 0.25666045476823357, 'hidden_continuous_size': 10, 'attention_head_size': 1, 'learning_rate': 0.02902736443246317}. Best is trial 1 with value: 25.740930557250977.
LOCAL_RANK: 0 - CUDA_VISIBLE_DEVICES: [0]
[I 2023-11-30 15:01:22,815] Trial 39 finished with value: 50.87748718261719 and parameters: {'gradient_clip_val': 0.17753896030313004, 'hidden_size': 25, 'dropout': 0.22232253421847187, 'hidden_continuous_size': 14, 'attention_head_size': 2, 'learning_rate': 0.07096813579091887}. Best is trial 1 with value: 25.740930557250977.
LOCAL_RANK: 0 - CUDA_VISIBLE_DEVICES: [0]
[I 2023-11-30 15:01:36,188] Trial 40 finished with value: 25.056386947631836 and parameters: {'gradient_clip_val': 0.11552236259968991, 'hidden_size': 17, 'dropout': 0.2425661667191218, 'hidden_continuous_size': 12, 'attention_head_size': 3, 'learning_rate': 0.035605401654204366}. Best is trial 40 with value: 25.056386947631836.
LOCAL_RANK: 0 - CUDA_VISIBLE_DEVICES: [0]
[I 2023-11-30 15:01:49,269] Trial 41 finished with value: 34.86293411254883 and parameters: {'gradient_clip_val': 0.11560433555605915, 'hidden_size': 17, 'dropout': 0.2449697683314729, 'hidden_continuous_size': 12, 'attention_head_size': 3, 'learning_rate': 0.03718673949945587}. Best is trial 40 with value: 25.056386947631836.
LOCAL_RANK: 0 - CUDA_VISIBLE_DEVICES: [0]
[I 2023-11-30 15:02:02,341] Trial 42 finished with value: 32.392669677734375 and parameters: {'gradient_clip_val': 0.1466782556898297, 'hidden_size': 15, 'dropout': 0.27140415863544354, 'hidden_continuous_size': 11, 'attention_head_size': 3, 'learning_rate': 0.05147465063083238}. Best is trial 40 with value: 25.056386947631836.
LOCAL_RANK: 0 - CUDA_VISIBLE_DEVICES: [0]
[I 2023-11-30 15:02:15,888] Trial 43 finished with value: 53.4763298034668 and parameters: {'gradient_clip_val': 0.11697102768914527, 'hidden_size': 12, 'dropout': 0.24054765054419142, 'hidden_continuous_size': 11, 'attention_head_size': 2, 'learning_rate': 0.021715790279672194}. Best is trial 40 with value: 25.056386947631836.
LOCAL_RANK: 0 - CUDA_VISIBLE_DEVICES: [0]
[I 2023-11-30 15:02:29,594] Trial 44 finished with value: 42.25334548950195 and parameters: {'gradient_clip_val': 0.13214558113307032, 'hidden_size': 20, 'dropout': 0.2068617407148505, 'hidden_continuous_size': 13, 'attention_head_size': 4, 'learning_rate': 0.02740470042013323}. Best is trial 40 with value: 25.056386947631836.
LOCAL_RANK: 0 - CUDA_VISIBLE_DEVICES: [0]
[I 2023-11-30 15:02:43,534] Trial 45 finished with value: 30.228029251098633 and parameters: {'gradient_clip_val': 0.11195177927492507, 'hidden_size': 29, 'dropout': 0.22001154488128105, 'hidden_continuous_size': 15, 'attention_head_size': 3, 'learning_rate': 0.01643991468363556}. Best is trial 40 with value: 25.056386947631836.
LOCAL_RANK: 0 - CUDA_VISIBLE_DEVICES: [0]
[I 2023-11-30 15:02:57,170] Trial 46 finished with value: 25.927820205688477 and parameters: {'gradient_clip_val': 0.17530218479755397, 'hidden_size': 23, 'dropout': 0.26359634672010007, 'hidden_continuous_size': 12, 'attention_head_size': 4, 'learning_rate': 0.04061661447207272}. Best is trial 40 with value: 25.056386947631836.
LOCAL_RANK: 0 - CUDA_VISIBLE_DEVICES: [0]
[I 2023-11-30 15:03:11,220] Trial 47 finished with value: 57.371768951416016 and parameters: {'gradient_clip_val': 0.19510886456591378, 'hidden_size': 19, 'dropout': 0.2744989577465434, 'hidden_continuous_size': 12, 'attention_head_size': 3, 'learning_rate': 0.0625744128577828}. Best is trial 40 with value: 25.056386947631836.
LOCAL_RANK: 0 - CUDA_VISIBLE_DEVICES: [0]
[I 2023-11-30 15:03:24,237] Trial 48 finished with value: 43.86310958862305 and parameters: {'gradient_clip_val': 0.16927506196658285, 'hidden_size': 23, 'dropout': 0.2902897496760473, 'hidden_continuous_size': 11, 'attention_head_size': 2, 'learning_rate': 0.07810811947129678}. Best is trial 40 with value: 25.056386947631836.
LOCAL_RANK: 0 - CUDA_VISIBLE_DEVICES: [0]
[I 2023-11-30 15:03:37,759] Trial 49 finished with value: 33.52734375 and parameters: {'gradient_clip_val': 0.2627235521662249, 'hidden_size': 18, 'dropout': 0.2537984629386002, 'hidden_continuous_size': 12, 'attention_head_size': 4, 'learning_rate': 0.055966219256301845}. Best is trial 40 with value: 25.056386947631836.
LOCAL_RANK: 0 - CUDA_VISIBLE_DEVICES: [0]
[I 2023-11-30 15:03:51,302] Trial 50 finished with value: 42.92045974731445 and parameters: {'gradient_clip_val': 0.10674248199854904, 'hidden_size': 22, 'dropout': 0.2629621465208436, 'hidden_continuous_size': 14, 'attention_head_size': 1, 'learning_rate': 0.04531619998059301}. Best is trial 40 with value: 25.056386947631836.
LOCAL_RANK: 0 - CUDA_VISIBLE_DEVICES: [0]
[I 2023-11-30 15:04:04,061] Trial 51 finished with value: 29.905487060546875 and parameters: {'gradient_clip_val': 0.12555629246299393, 'hidden_size': 16, 'dropout': 0.19450033859256327, 'hidden_continuous_size': 13, 'attention_head_size': 4, 'learning_rate': 0.03667665073739878}. Best is trial 40 with value: 25.056386947631836.
LOCAL_RANK: 0 - CUDA_VISIBLE_DEVICES: [0]
[I 2023-11-30 15:04:16,670] Trial 52 finished with value: 43.088985443115234 and parameters: {'gradient_clip_val': 0.14921146549476424, 'hidden_size': 26, 'dropout': 0.23089712616894942, 'hidden_continuous_size': 13, 'attention_head_size': 4, 'learning_rate': 0.033465445170447077}. Best is trial 40 with value: 25.056386947631836.
LOCAL_RANK: 0 - CUDA_VISIBLE_DEVICES: [0]
[I 2023-11-30 15:04:30,398] Trial 53 finished with value: 36.61880874633789 and parameters: {'gradient_clip_val': 0.18426295915855362, 'hidden_size': 31, 'dropout': 0.21076119136053809, 'hidden_continuous_size': 17, 'attention_head_size': 4, 'learning_rate': 0.048472735239774974}. Best is trial 40 with value: 25.056386947631836.
LOCAL_RANK: 0 - CUDA_VISIBLE_DEVICES: [0]
[I 2023-11-30 15:04:44,007] Trial 54 finished with value: 32.26959991455078 and parameters: {'gradient_clip_val': 0.1016921087478783, 'hidden_size': 44, 'dropout': 0.23854991088753189, 'hidden_continuous_size': 16, 'attention_head_size': 4, 'learning_rate': 0.025590663942477037}. Best is trial 40 with value: 25.056386947631836.
LOCAL_RANK: 0 - CUDA_VISIBLE_DEVICES: [0]
[I 2023-11-30 15:04:57,785] Trial 55 finished with value: 48.146636962890625 and parameters: {'gradient_clip_val': 0.15841443274291778, 'hidden_size': 35, 'dropout': 0.18375498603427415, 'hidden_continuous_size': 20, 'attention_head_size': 4, 'learning_rate': 0.03992896540372611}. Best is trial 40 with value: 25.056386947631836.
LOCAL_RANK: 0 - CUDA_VISIBLE_DEVICES: [0]
[I 2023-11-30 15:05:10,867] Trial 56 finished with value: 37.26787185668945 and parameters: {'gradient_clip_val': 0.1255749133580218, 'hidden_size': 36, 'dropout': 0.19966675888588956, 'hidden_continuous_size': 15, 'attention_head_size': 3, 'learning_rate': 0.058942933639251426}. Best is trial 40 with value: 25.056386947631836.
LOCAL_RANK: 0 - CUDA_VISIBLE_DEVICES: [0]
[I 2023-11-30 15:05:23,881] Trial 57 finished with value: 31.139238357543945 and parameters: {'gradient_clip_val': 0.20496798686785, 'hidden_size': 30, 'dropout': 0.1676271745557958, 'hidden_continuous_size': 14, 'attention_head_size': 4, 'learning_rate': 0.03164603963085213}. Best is trial 40 with value: 25.056386947631836.
LOCAL_RANK: 0 - CUDA_VISIBLE_DEVICES: [0]
[I 2023-11-30 15:05:36,871] Trial 58 finished with value: 37.65716552734375 and parameters: {'gradient_clip_val': 0.14051501975723496, 'hidden_size': 27, 'dropout': 0.21611959754605492, 'hidden_continuous_size': 11, 'attention_head_size': 3, 'learning_rate': 0.01918757598044602}. Best is trial 40 with value: 25.056386947631836.
LOCAL_RANK: 0 - CUDA_VISIBLE_DEVICES: [0]
[I 2023-11-30 15:05:50,465] Trial 59 finished with value: 46.40895462036133 and parameters: {'gradient_clip_val': 0.11003465155674506, 'hidden_size': 32, 'dropout': 0.1829197236329592, 'hidden_continuous_size': 18, 'attention_head_size': 4, 'learning_rate': 0.07469188019989009}. Best is trial 40 with value: 25.056386947631836.
LOCAL_RANK: 0 - CUDA_VISIBLE_DEVICES: [0]
[I 2023-11-30 15:06:03,143] Trial 60 finished with value: 42.83378219604492 and parameters: {'gradient_clip_val': 0.17139311339719873, 'hidden_size': 21, 'dropout': 0.23581089942498812, 'hidden_continuous_size': 12, 'attention_head_size': 4, 'learning_rate': 0.08370416180451237}. Best is trial 40 with value: 25.056386947631836.
LOCAL_RANK: 0 - CUDA_VISIBLE_DEVICES: [0]
[I 2023-11-30 15:06:15,610] Trial 61 finished with value: 37.533592224121094 and parameters: {'gradient_clip_val': 0.5517685646320541, 'hidden_size': 24, 'dropout': 0.24784991693840314, 'hidden_continuous_size': 16, 'attention_head_size': 2, 'learning_rate': 0.024901792032541194}. Best is trial 40 with value: 25.056386947631836.
LOCAL_RANK: 0 - CUDA_VISIBLE_DEVICES: [0]
[I 2023-11-30 15:06:28,224] Trial 62 finished with value: 32.65925216674805 and parameters: {'gradient_clip_val': 0.8693784271923052, 'hidden_size': 20, 'dropout': 0.2276944992504275, 'hidden_continuous_size': 13, 'attention_head_size': 2, 'learning_rate': 0.03659572052463056}. Best is trial 40 with value: 25.056386947631836.
LOCAL_RANK: 0 - CUDA_VISIBLE_DEVICES: [0]
[I 2023-11-30 15:06:41,009] Trial 63 finished with value: 32.10733413696289 and parameters: {'gradient_clip_val': 0.742869232425358, 'hidden_size': 26, 'dropout': 0.28372153561768015, 'hidden_continuous_size': 14, 'attention_head_size': 2, 'learning_rate': 0.029638669410391144}. Best is trial 40 with value: 25.056386947631836.
LOCAL_RANK: 0 - CUDA_VISIBLE_DEVICES: [0]
[I 2023-11-30 15:06:54,385] Trial 64 finished with value: 34.585323333740234 and parameters: {'gradient_clip_val': 0.3984061991126039, 'hidden_size': 41, 'dropout': 0.18981329212127335, 'hidden_continuous_size': 21, 'attention_head_size': 2, 'learning_rate': 0.040982108204020117}. Best is trial 40 with value: 25.056386947631836.
LOCAL_RANK: 0 - CUDA_VISIBLE_DEVICES: [0]
[I 2023-11-30 15:07:07,842] Trial 65 finished with value: 34.167633056640625 and parameters: {'gradient_clip_val': 0.24393925915672135, 'hidden_size': 23, 'dropout': 0.2023620182287754, 'hidden_continuous_size': 12, 'attention_head_size': 4, 'learning_rate': 0.023313940343983937}. Best is trial 40 with value: 25.056386947631836.
LOCAL_RANK: 0 - CUDA_VISIBLE_DEVICES: [0]
[I 2023-11-30 15:07:20,678] Trial 66 finished with value: 36.17905807495117 and parameters: {'gradient_clip_val': 0.3081482195347063, 'hidden_size': 18, 'dropout': 0.21638614135762899, 'hidden_continuous_size': 13, 'attention_head_size': 1, 'learning_rate': 0.01439506040372958}. Best is trial 40 with value: 25.056386947631836.
LOCAL_RANK: 0 - CUDA_VISIBLE_DEVICES: [0]
[I 2023-11-30 15:07:33,650] Trial 67 finished with value: 40.538333892822266 and parameters: {'gradient_clip_val': 0.22381501855811817, 'hidden_size': 30, 'dropout': 0.23419740124516802, 'hidden_continuous_size': 10, 'attention_head_size': 3, 'learning_rate': 0.04575146675500993}. Best is trial 40 with value: 25.056386947631836.
LOCAL_RANK: 0 - CUDA_VISIBLE_DEVICES: [0]
[I 2023-11-30 15:07:47,283] Trial 68 finished with value: 41.96604537963867 and parameters: {'gradient_clip_val': 0.15289268269272316, 'hidden_size': 46, 'dropout': 0.2591280449476398, 'hidden_continuous_size': 25, 'attention_head_size': 2, 'learning_rate': 0.03351025511994584}. Best is trial 40 with value: 25.056386947631836.
LOCAL_RANK: 0 - CUDA_VISIBLE_DEVICES: [0]
[I 2023-11-30 15:08:01,084] Trial 69 finished with value: 31.7078914642334 and parameters: {'gradient_clip_val': 0.13421803929151824, 'hidden_size': 37, 'dropout': 0.19153538880738713, 'hidden_continuous_size': 15, 'attention_head_size': 4, 'learning_rate': 0.02712389908796424}. Best is trial 40 with value: 25.056386947631836.
LOCAL_RANK: 0 - CUDA_VISIBLE_DEVICES: [0]
[I 2023-11-30 15:08:14,852] Trial 70 finished with value: 26.697813034057617 and parameters: {'gradient_clip_val': 0.16257048934784832, 'hidden_size': 57, 'dropout': 0.2047088006146758, 'hidden_continuous_size': 10, 'attention_head_size': 4, 'learning_rate': 0.018716770392575865}. Best is trial 40 with value: 25.056386947631836.
LOCAL_RANK: 0 - CUDA_VISIBLE_DEVICES: [0]
[I 2023-11-30 15:08:28,010] Trial 71 finished with value: 28.222932815551758 and parameters: {'gradient_clip_val': 0.18853252951905589, 'hidden_size': 67, 'dropout': 0.21011416367469746, 'hidden_continuous_size': 10, 'attention_head_size': 4, 'learning_rate': 0.018885069536249504}. Best is trial 40 with value: 25.056386947631836.
LOCAL_RANK: 0 - CUDA_VISIBLE_DEVICES: [0]
[I 2023-11-30 15:08:40,857] Trial 72 finished with value: 56.34247970581055 and parameters: {'gradient_clip_val': 0.18007605861116066, 'hidden_size': 50, 'dropout': 0.20163528692915675, 'hidden_continuous_size': 10, 'attention_head_size': 4, 'learning_rate': 0.01941814792697781}. Best is trial 40 with value: 25.056386947631836.
LOCAL_RANK: 0 - CUDA_VISIBLE_DEVICES: [0]
[I 2023-11-30 15:08:53,731] Trial 73 finished with value: 34.75896453857422 and parameters: {'gradient_clip_val': 0.16035174098904503, 'hidden_size': 60, 'dropout': 0.21074966876512705, 'hidden_continuous_size': 10, 'attention_head_size': 4, 'learning_rate': 0.0228066105786044}. Best is trial 40 with value: 25.056386947631836.
LOCAL_RANK: 0 - CUDA_VISIBLE_DEVICES: [0]
[I 2023-11-30 15:09:06,814] Trial 74 finished with value: 35.40854263305664 and parameters: {'gradient_clip_val': 0.19308757396653775, 'hidden_size': 61, 'dropout': 0.17681674005306758, 'hidden_continuous_size': 11, 'attention_head_size': 4, 'learning_rate': 0.028812380350001533}. Best is trial 40 with value: 25.056386947631836.
LOCAL_RANK: 0 - CUDA_VISIBLE_DEVICES: [0]
[I 2023-11-30 15:09:19,889] Trial 75 finished with value: 26.88214111328125 and parameters: {'gradient_clip_val': 0.16373189129233742, 'hidden_size': 57, 'dropout': 0.22143560238491902, 'hidden_continuous_size': 10, 'attention_head_size': 4, 'learning_rate': 0.01771394548824062}. Best is trial 40 with value: 25.056386947631836.
LOCAL_RANK: 0 - CUDA_VISIBLE_DEVICES: [0]
[I 2023-11-30 15:09:32,538] Trial 76 finished with value: 47.3477783203125 and parameters: {'gradient_clip_val': 0.14109403853583954, 'hidden_size': 34, 'dropout': 0.1589039885779296, 'hidden_continuous_size': 11, 'attention_head_size': 4, 'learning_rate': 0.053066092570626146}. Best is trial 40 with value: 25.056386947631836.
LOCAL_RANK: 0 - CUDA_VISIBLE_DEVICES: [0]
[I 2023-11-30 15:09:44,730] Trial 77 finished with value: 43.32728958129883 and parameters: {'gradient_clip_val': 0.17553504040847862, 'hidden_size': 14, 'dropout': 0.222224509853435, 'hidden_continuous_size': 10, 'attention_head_size': 4, 'learning_rate': 0.017141854370537862}. Best is trial 40 with value: 25.056386947631836.
LOCAL_RANK: 0 - CUDA_VISIBLE_DEVICES: [0]
[I 2023-11-30 15:09:57,632] Trial 78 finished with value: 36.19585037231445 and parameters: {'gradient_clip_val': 0.16485140111921406, 'hidden_size': 57, 'dropout': 0.192965581031227, 'hidden_continuous_size': 11, 'attention_head_size': 4, 'learning_rate': 0.022318142917982606}. Best is trial 40 with value: 25.056386947631836.
LOCAL_RANK: 0 - CUDA_VISIBLE_DEVICES: [0]
[I 2023-11-30 15:10:10,522] Trial 79 finished with value: 31.775598526000977 and parameters: {'gradient_clip_val': 0.11839522152544689, 'hidden_size': 53, 'dropout': 0.23008965906015408, 'hidden_continuous_size': 11, 'attention_head_size': 4, 'learning_rate': 0.0342500707232557}. Best is trial 40 with value: 25.056386947631836.
LOCAL_RANK: 0 - CUDA_VISIBLE_DEVICES: [0]
[I 2023-11-30 15:10:23,268] Trial 80 finished with value: 45.614776611328125 and parameters: {'gradient_clip_val': 0.13063557155563912, 'hidden_size': 40, 'dropout': 0.24254081853804565, 'hidden_continuous_size': 12, 'attention_head_size': 3, 'learning_rate': 0.04286414744316851}. Best is trial 40 with value: 25.056386947631836.
LOCAL_RANK: 0 - CUDA_VISIBLE_DEVICES: [0]
[I 2023-11-30 15:10:36,519] Trial 81 finished with value: 27.548187255859375 and parameters: {'gradient_clip_val': 0.20699874649497282, 'hidden_size': 70, 'dropout': 0.20834642152230487, 'hidden_continuous_size': 10, 'attention_head_size': 4, 'learning_rate': 0.014502266264522964}. Best is trial 40 with value: 25.056386947631836.
LOCAL_RANK: 0 - CUDA_VISIBLE_DEVICES: [0]
[I 2023-11-30 15:10:49,595] Trial 82 finished with value: 29.733489990234375 and parameters: {'gradient_clip_val': 0.19900172972575716, 'hidden_size': 70, 'dropout': 0.21840855595828934, 'hidden_continuous_size': 10, 'attention_head_size': 4, 'learning_rate': 0.01446187553216292}. Best is trial 40 with value: 25.056386947631836.
LOCAL_RANK: 0 - CUDA_VISIBLE_DEVICES: [0]
[I 2023-11-30 15:11:02,829] Trial 83 finished with value: 42.23589324951172 and parameters: {'gradient_clip_val': 0.213638877364007, 'hidden_size': 71, 'dropout': 0.20407665206386746, 'hidden_continuous_size': 12, 'attention_head_size': 4, 'learning_rate': 0.011763480848539808}. Best is trial 40 with value: 25.056386947631836.
LOCAL_RANK: 0 - CUDA_VISIBLE_DEVICES: [0]
[I 2023-11-30 15:11:16,155] Trial 84 finished with value: 37.10548782348633 and parameters: {'gradient_clip_val': 0.1524378828763784, 'hidden_size': 77, 'dropout': 0.18520811439142107, 'hidden_continuous_size': 11, 'attention_head_size': 4, 'learning_rate': 0.027417720594151634}. Best is trial 40 with value: 25.056386947631836.
LOCAL_RANK: 0 - CUDA_VISIBLE_DEVICES: [0]
[I 2023-11-30 15:11:29,207] Trial 85 finished with value: 27.734832763671875 and parameters: {'gradient_clip_val': 0.17044708229990485, 'hidden_size': 46, 'dropout': 0.22743484959033977, 'hidden_continuous_size': 10, 'attention_head_size': 4, 'learning_rate': 0.01770579590255787}. Best is trial 40 with value: 25.056386947631836.
LOCAL_RANK: 0 - CUDA_VISIBLE_DEVICES: [0]
[I 2023-11-30 15:11:42,816] Trial 86 finished with value: 45.3801383972168 and parameters: {'gradient_clip_val': 0.18610920876483444, 'hidden_size': 55, 'dropout': 0.19625525613155032, 'hidden_continuous_size': 53, 'attention_head_size': 4, 'learning_rate': 0.020131621518094705}. Best is trial 40 with value: 25.056386947631836.
LOCAL_RANK: 0 - CUDA_VISIBLE_DEVICES: [0]
[I 2023-11-30 15:11:56,021] Trial 87 finished with value: 28.7465763092041 and parameters: {'gradient_clip_val': 0.21015525305755428, 'hidden_size': 80, 'dropout': 0.21419519727315423, 'hidden_continuous_size': 13, 'attention_head_size': 4, 'learning_rate': 0.023993692902834245}. Best is trial 40 with value: 25.056386947631836.
LOCAL_RANK: 0 - CUDA_VISIBLE_DEVICES: [0]
[I 2023-11-30 15:12:08,978] Trial 88 finished with value: 36.145660400390625 and parameters: {'gradient_clip_val': 0.12361539238200024, 'hidden_size': 53, 'dropout': 0.2526216737535034, 'hidden_continuous_size': 14, 'attention_head_size': 4, 'learning_rate': 0.030825721772768155}. Best is trial 40 with value: 25.056386947631836.
LOCAL_RANK: 0 - CUDA_VISIBLE_DEVICES: [0]
[I 2023-11-30 15:12:21,948] Trial 89 finished with value: 44.325592041015625 and parameters: {'gradient_clip_val': 0.10936847570376898, 'hidden_size': 50, 'dropout': 0.2215250209710734, 'hidden_continuous_size': 23, 'attention_head_size': 3, 'learning_rate': 0.03794964277965017}. Best is trial 40 with value: 25.056386947631836.
LOCAL_RANK: 0 - CUDA_VISIBLE_DEVICES: [0]
[I 2023-11-30 15:12:34,979] Trial 90 finished with value: 29.1330509185791 and parameters: {'gradient_clip_val': 0.1428189454019122, 'hidden_size': 47, 'dropout': 0.2029936338874487, 'hidden_continuous_size': 11, 'attention_head_size': 4, 'learning_rate': 0.04976392096372791}. Best is trial 40 with value: 25.056386947631836.
LOCAL_RANK: 0 - CUDA_VISIBLE_DEVICES: [0]
[I 2023-11-30 15:12:47,786] Trial 91 finished with value: 44.9506950378418 and parameters: {'gradient_clip_val': 0.16945459650223443, 'hidden_size': 43, 'dropout': 0.23075832446947778, 'hidden_continuous_size': 10, 'attention_head_size': 4, 'learning_rate': 0.016540855081066883}. Best is trial 40 with value: 25.056386947631836.
LOCAL_RANK: 0 - CUDA_VISIBLE_DEVICES: [0]
[I 2023-11-30 15:13:00,555] Trial 92 finished with value: 43.721466064453125 and parameters: {'gradient_clip_val': 0.16234830433141545, 'hidden_size': 39, 'dropout': 0.23964014418353896, 'hidden_continuous_size': 10, 'attention_head_size': 4, 'learning_rate': 0.021388238006876774}. Best is trial 40 with value: 25.056386947631836.
LOCAL_RANK: 0 - CUDA_VISIBLE_DEVICES: [0]
[I 2023-11-30 15:13:13,321] Trial 93 finished with value: 38.194419860839844 and parameters: {'gradient_clip_val': 0.1817025539953793, 'hidden_size': 37, 'dropout': 0.22590248272176938, 'hidden_continuous_size': 10, 'attention_head_size': 4, 'learning_rate': 0.015699174928533156}. Best is trial 40 with value: 25.056386947631836.
LOCAL_RANK: 0 - CUDA_VISIBLE_DEVICES: [0]
[I 2023-11-30 15:13:26,091] Trial 94 finished with value: 30.67999839782715 and parameters: {'gradient_clip_val': 0.19931722085844342, 'hidden_size': 56, 'dropout': 0.2084661272750453, 'hidden_continuous_size': 12, 'attention_head_size': 4, 'learning_rate': 0.01811842322076108}. Best is trial 40 with value: 25.056386947631836.
LOCAL_RANK: 0 - CUDA_VISIBLE_DEVICES: [0]
