[I 2023-11-30 07:25:33,975] Trial 93 finished with value: 68.78073120117188 and parameters: {'gradient_clip_val': 0.7838764227908419, 'hidden_size': 66, 'dropout': 0.21431853789701757, 'hidden_continuous_size': 61, 'attention_head_size': 1, 'learning_rate': 0.007798708354089127}. Best is trial 36 with value: 55.15281295776367.
LOCAL_RANK: 0 - CUDA_VISIBLE_DEVICES: [0]
[I 2023-11-30 07:25:47,400] Trial 94 finished with value: 66.86697387695312 and parameters: {'gradient_clip_val': 0.8403110929274303, 'hidden_size': 62, 'dropout': 0.17974522127648196, 'hidden_continuous_size': 56, 'attention_head_size': 1, 'learning_rate': 0.011007896956942214}. Best is trial 36 with value: 55.15281295776367.
LOCAL_RANK: 0 - CUDA_VISIBLE_DEVICES: [0]
[I 2023-11-30 07:26:01,378] Trial 95 finished with value: 65.37102508544922 and parameters: {'gradient_clip_val': 0.7098614073811388, 'hidden_size': 85, 'dropout': 0.20542147598994692, 'hidden_continuous_size': 69, 'attention_head_size': 1, 'learning_rate': 0.009483430583448778}. Best is trial 36 with value: 55.15281295776367.
LOCAL_RANK: 0 - CUDA_VISIBLE_DEVICES: [0]
[I 2023-11-30 07:26:15,370] Trial 96 finished with value: 67.78579711914062 and parameters: {'gradient_clip_val': 0.9092570322822209, 'hidden_size': 106, 'dropout': 0.18541176015827604, 'hidden_continuous_size': 76, 'attention_head_size': 1, 'learning_rate': 0.0067662153681540636}. Best is trial 36 with value: 55.15281295776367.
LOCAL_RANK: 0 - CUDA_VISIBLE_DEVICES: [0]
[I 2023-11-30 07:26:29,325] Trial 97 finished with value: 64.63614654541016 and parameters: {'gradient_clip_val': 0.66871832006269, 'hidden_size': 77, 'dropout': 0.21782641299748393, 'hidden_continuous_size': 64, 'attention_head_size': 2, 'learning_rate': 0.008367079639404099}. Best is trial 36 with value: 55.15281295776367.
LOCAL_RANK: 0 - CUDA_VISIBLE_DEVICES: [0]
[I 2023-11-30 07:26:42,801] Trial 98 finished with value: 73.6803970336914 and parameters: {'gradient_clip_val': 0.7958847962999762, 'hidden_size': 72, 'dropout': 0.227608344890172, 'hidden_continuous_size': 50, 'attention_head_size': 1, 'learning_rate': 0.012821375725700041}. Best is trial 36 with value: 55.15281295776367.
LOCAL_RANK: 0 - CUDA_VISIBLE_DEVICES: [0]
[I 2023-11-30 07:26:56,605] Trial 99 finished with value: 71.22867584228516 and parameters: {'gradient_clip_val': 0.7519352926960453, 'hidden_size': 91, 'dropout': 0.19589834184423774, 'hidden_continuous_size': 47, 'attention_head_size': 1, 'learning_rate': 0.006315748945316098}. Best is trial 36 with value: 55.15281295776367.
LOCAL_RANK: 0 - CUDA_VISIBLE_DEVICES: [0]
[I 2023-11-30 07:27:10,518] Trial 100 finished with value: 62.178985595703125 and parameters: {'gradient_clip_val': 0.8988454919650375, 'hidden_size': 97, 'dropout': 0.209452769469465, 'hidden_continuous_size': 53, 'attention_head_size': 1, 'learning_rate': 0.010069984819762361}. Best is trial 36 with value: 55.15281295776367.
LOCAL_RANK: 0 - CUDA_VISIBLE_DEVICES: [0]
[I 2023-11-30 07:27:24,408] Trial 101 finished with value: 71.60737609863281 and parameters: {'gradient_clip_val': 0.8801280303116337, 'hidden_size': 99, 'dropout': 0.20249775557917618, 'hidden_continuous_size': 53, 'attention_head_size': 1, 'learning_rate': 0.00999435984863113}. Best is trial 36 with value: 55.15281295776367.
LOCAL_RANK: 0 - CUDA_VISIBLE_DEVICES: [0]
[I 2023-11-30 07:27:38,203] Trial 102 finished with value: 71.11884307861328 and parameters: {'gradient_clip_val': 0.9468603948200017, 'hidden_size': 85, 'dropout': 0.21694621921618085, 'hidden_continuous_size': 58, 'attention_head_size': 1, 'learning_rate': 0.010677323370278973}. Best is trial 36 with value: 55.15281295776367.
LOCAL_RANK: 0 - CUDA_VISIBLE_DEVICES: [0]
[I 2023-11-30 07:27:52,325] Trial 103 finished with value: 79.79825592041016 and parameters: {'gradient_clip_val': 0.856065355466406, 'hidden_size': 110, 'dropout': 0.20714240446236815, 'hidden_continuous_size': 66, 'attention_head_size': 1, 'learning_rate': 0.012388804102069356}. Best is trial 36 with value: 55.15281295776367.
LOCAL_RANK: 0 - CUDA_VISIBLE_DEVICES: [0]
[I 2023-11-30 07:28:05,997] Trial 104 finished with value: 73.92984008789062 and parameters: {'gradient_clip_val': 0.9998417023503776, 'hidden_size': 96, 'dropout': 0.2117808781759393, 'hidden_continuous_size': 54, 'attention_head_size': 1, 'learning_rate': 0.00906332766316073}. Best is trial 36 with value: 55.15281295776367.
LOCAL_RANK: 0 - CUDA_VISIBLE_DEVICES: [0]
[I 2023-11-30 07:28:20,104] Trial 105 finished with value: 70.87760925292969 and parameters: {'gradient_clip_val': 0.905016079432967, 'hidden_size': 121, 'dropout': 0.1913227862249594, 'hidden_continuous_size': 45, 'attention_head_size': 2, 'learning_rate': 0.01566653552749814}. Best is trial 36 with value: 55.15281295776367.
LOCAL_RANK: 0 - CUDA_VISIBLE_DEVICES: [0]
[I 2023-11-30 07:28:33,762] Trial 106 finished with value: 66.26799774169922 and parameters: {'gradient_clip_val': 0.8176931833808514, 'hidden_size': 77, 'dropout': 0.22623637697877946, 'hidden_continuous_size': 63, 'attention_head_size': 1, 'learning_rate': 0.007099277126619144}. Best is trial 36 with value: 55.15281295776367.
LOCAL_RANK: 0 - CUDA_VISIBLE_DEVICES: [0]
[I 2023-11-30 07:28:47,723] Trial 107 finished with value: 63.772212982177734 and parameters: {'gradient_clip_val': 0.7640316128713492, 'hidden_size': 90, 'dropout': 0.17560206060290737, 'hidden_continuous_size': 50, 'attention_head_size': 1, 'learning_rate': 0.011463025993654615}. Best is trial 36 with value: 55.15281295776367.
LOCAL_RANK: 0 - CUDA_VISIBLE_DEVICES: [0]
[I 2023-11-30 07:29:01,784] Trial 108 finished with value: 69.34331512451172 and parameters: {'gradient_clip_val': 0.962289478873884, 'hidden_size': 105, 'dropout': 0.231336479925167, 'hidden_continuous_size': 70, 'attention_head_size': 1, 'learning_rate': 0.007973517143998457}. Best is trial 36 with value: 55.15281295776367.
LOCAL_RANK: 0 - CUDA_VISIBLE_DEVICES: [0]
[I 2023-11-30 07:29:15,499] Trial 109 finished with value: 71.215087890625 and parameters: {'gradient_clip_val': 0.8387710495746772, 'hidden_size': 68, 'dropout': 0.19816924491767046, 'hidden_continuous_size': 62, 'attention_head_size': 2, 'learning_rate': 0.010319549666140022}. Best is trial 36 with value: 55.15281295776367.
LOCAL_RANK: 0 - CUDA_VISIBLE_DEVICES: [0]
[I 2023-11-30 07:29:29,435] Trial 110 finished with value: 64.80290985107422 and parameters: {'gradient_clip_val': 0.8865070722575648, 'hidden_size': 83, 'dropout': 0.18334662964151704, 'hidden_continuous_size': 67, 'attention_head_size': 1, 'learning_rate': 0.014229847245954568}. Best is trial 36 with value: 55.15281295776367.
LOCAL_RANK: 0 - CUDA_VISIBLE_DEVICES: [0]
[I 2023-11-30 07:29:43,786] Trial 111 finished with value: 67.70319366455078 and parameters: {'gradient_clip_val': 0.7307174248958087, 'hidden_size': 133, 'dropout': 0.22363787470073934, 'hidden_continuous_size': 74, 'attention_head_size': 2, 'learning_rate': 0.012633761841443044}. Best is trial 36 with value: 55.15281295776367.
LOCAL_RANK: 0 - CUDA_VISIBLE_DEVICES: [0]
[I 2023-11-30 07:29:58,202] Trial 112 finished with value: 64.11127471923828 and parameters: {'gradient_clip_val': 0.8576708726976264, 'hidden_size': 118, 'dropout': 0.20959440328924536, 'hidden_continuous_size': 70, 'attention_head_size': 3, 'learning_rate': 0.009429229124433279}. Best is trial 36 with value: 55.15281295776367.
LOCAL_RANK: 0 - CUDA_VISIBLE_DEVICES: [0]
[I 2023-11-30 07:30:12,105] Trial 113 finished with value: 65.70932006835938 and parameters: {'gradient_clip_val': 0.7959109124014458, 'hidden_size': 101, 'dropout': 0.21716048486896095, 'hidden_continuous_size': 58, 'attention_head_size': 1, 'learning_rate': 0.013893405461458256}. Best is trial 36 with value: 55.15281295776367.
LOCAL_RANK: 0 - CUDA_VISIBLE_DEVICES: [0]
[I 2023-11-30 07:30:26,468] Trial 114 finished with value: 65.17916870117188 and parameters: {'gradient_clip_val': 0.9379386466084986, 'hidden_size': 137, 'dropout': 0.2458110481395973, 'hidden_continuous_size': 83, 'attention_head_size': 1, 'learning_rate': 0.00830357008412115}. Best is trial 36 with value: 55.15281295776367.
LOCAL_RANK: 0 - CUDA_VISIBLE_DEVICES: [0]
[I 2023-11-30 07:30:40,640] Trial 115 finished with value: 73.04032135009766 and parameters: {'gradient_clip_val': 0.6926458825946048, 'hidden_size': 95, 'dropout': 0.23447985745869504, 'hidden_continuous_size': 73, 'attention_head_size': 1, 'learning_rate': 0.0111126265643768}. Best is trial 36 with value: 55.15281295776367.
LOCAL_RANK: 0 - CUDA_VISIBLE_DEVICES: [0]
[I 2023-11-30 07:30:54,543] Trial 116 finished with value: 77.23595428466797 and parameters: {'gradient_clip_val': 0.8949370565878934, 'hidden_size': 110, 'dropout': 0.22353022500798642, 'hidden_continuous_size': 52, 'attention_head_size': 1, 'learning_rate': 0.016644849689557567}. Best is trial 36 with value: 55.15281295776367.
LOCAL_RANK: 0 - CUDA_VISIBLE_DEVICES: [0]
[I 2023-11-30 07:31:08,614] Trial 117 finished with value: 58.81370544433594 and parameters: {'gradient_clip_val': 0.8274524586105644, 'hidden_size': 72, 'dropout': 0.20165757077222526, 'hidden_continuous_size': 66, 'attention_head_size': 3, 'learning_rate': 0.009164042154874187}. Best is trial 36 with value: 55.15281295776367.
LOCAL_RANK: 0 - CUDA_VISIBLE_DEVICES: [0]
[I 2023-11-30 07:31:22,420] Trial 118 finished with value: 68.98764038085938 and parameters: {'gradient_clip_val': 0.648947163801379, 'hidden_size': 75, 'dropout': 0.20203575114570047, 'hidden_continuous_size': 60, 'attention_head_size': 2, 'learning_rate': 0.008685072255521523}. Best is trial 36 with value: 55.15281295776367.
LOCAL_RANK: 0 - CUDA_VISIBLE_DEVICES: [0]
[I 2023-11-30 07:31:36,274] Trial 119 finished with value: 59.944793701171875 and parameters: {'gradient_clip_val': 0.8177660091547847, 'hidden_size': 80, 'dropout': 0.18865532729343285, 'hidden_continuous_size': 56, 'attention_head_size': 3, 'learning_rate': 0.007392381101077704}. Best is trial 36 with value: 55.15281295776367.
LOCAL_RANK: 0 - CUDA_VISIBLE_DEVICES: [0]
[I 2023-11-30 07:31:50,076] Trial 120 finished with value: 61.51095962524414 and parameters: {'gradient_clip_val': 0.761469691414707, 'hidden_size': 72, 'dropout': 0.20954878102314456, 'hidden_continuous_size': 66, 'attention_head_size': 3, 'learning_rate': 0.007260044497865343}. Best is trial 36 with value: 55.15281295776367.
LOCAL_RANK: 0 - CUDA_VISIBLE_DEVICES: [0]
[I 2023-11-30 07:32:03,993] Trial 121 finished with value: 79.9677734375 and parameters: {'gradient_clip_val': 0.8280095738916855, 'hidden_size': 72, 'dropout': 0.194475802505231, 'hidden_continuous_size': 66, 'attention_head_size': 3, 'learning_rate': 0.006416846216891723}. Best is trial 36 with value: 55.15281295776367.
LOCAL_RANK: 0 - CUDA_VISIBLE_DEVICES: [0]
[I 2023-11-30 07:32:18,038] Trial 122 finished with value: 60.96923828125 and parameters: {'gradient_clip_val': 0.7685525325547518, 'hidden_size': 81, 'dropout': 0.18844179401582078, 'hidden_continuous_size': 62, 'attention_head_size': 3, 'learning_rate': 0.006851815354374087}. Best is trial 36 with value: 55.15281295776367.
LOCAL_RANK: 0 - CUDA_VISIBLE_DEVICES: [0]
[I 2023-11-30 07:32:31,784] Trial 123 finished with value: 81.50165557861328 and parameters: {'gradient_clip_val': 0.717774617042527, 'hidden_size': 68, 'dropout': 0.20948966399518143, 'hidden_continuous_size': 63, 'attention_head_size': 3, 'learning_rate': 0.007190808567600523}. Best is trial 36 with value: 55.15281295776367.
LOCAL_RANK: 0 - CUDA_VISIBLE_DEVICES: [0]
[I 2023-11-30 07:32:45,564] Trial 124 finished with value: 71.1476058959961 and parameters: {'gradient_clip_val': 0.7580879909067253, 'hidden_size': 81, 'dropout': 0.18991388363912343, 'hidden_continuous_size': 55, 'attention_head_size': 3, 'learning_rate': 0.005568117311215561}. Best is trial 36 with value: 55.15281295776367.
LOCAL_RANK: 0 - CUDA_VISIBLE_DEVICES: [0]
[I 2023-11-30 07:32:59,160] Trial 125 finished with value: 63.435302734375 and parameters: {'gradient_clip_val': 0.7924444711509636, 'hidden_size': 62, 'dropout': 0.2014219835406226, 'hidden_continuous_size': 57, 'attention_head_size': 3, 'learning_rate': 0.007372339069974483}. Best is trial 36 with value: 55.15281295776367.
LOCAL_RANK: 0 - CUDA_VISIBLE_DEVICES: [0]
[I 2023-11-30 07:33:13,289] Trial 126 finished with value: 68.0475845336914 and parameters: {'gradient_clip_val': 0.6083549878885935, 'hidden_size': 86, 'dropout': 0.18743246722526685, 'hidden_continuous_size': 68, 'attention_head_size': 3, 'learning_rate': 0.006416446354537531}. Best is trial 36 with value: 55.15281295776367.
LOCAL_RANK: 0 - CUDA_VISIBLE_DEVICES: [0]
[I 2023-11-30 07:33:27,022] Trial 127 finished with value: 63.497013092041016 and parameters: {'gradient_clip_val': 0.6705444276509448, 'hidden_size': 58, 'dropout': 0.21215095787097868, 'hidden_continuous_size': 55, 'attention_head_size': 3, 'learning_rate': 0.00815774338255716}. Best is trial 36 with value: 55.15281295776367.
LOCAL_RANK: 0 - CUDA_VISIBLE_DEVICES: [0]
[I 2023-11-30 07:33:40,820] Trial 128 finished with value: 83.80769348144531 and parameters: {'gradient_clip_val': 0.7339654277513218, 'hidden_size': 81, 'dropout': 0.1969503249293298, 'hidden_continuous_size': 62, 'attention_head_size': 3, 'learning_rate': 0.004790900125121809}. Best is trial 36 with value: 55.15281295776367.
LOCAL_RANK: 0 - CUDA_VISIBLE_DEVICES: [0]
[I 2023-11-30 07:33:54,967] Trial 129 finished with value: 73.66315460205078 and parameters: {'gradient_clip_val': 0.8097622352768862, 'hidden_size': 71, 'dropout': 0.17865231886261376, 'hidden_continuous_size': 65, 'attention_head_size': 3, 'learning_rate': 0.0057899749225880795}. Best is trial 36 with value: 55.15281295776367.
LOCAL_RANK: 0 - CUDA_VISIBLE_DEVICES: [0]
[I 2023-11-30 07:34:08,859] Trial 130 finished with value: 65.3830795288086 and parameters: {'gradient_clip_val': 0.7714385034864325, 'hidden_size': 77, 'dropout': 0.20606910838664375, 'hidden_continuous_size': 52, 'attention_head_size': 3, 'learning_rate': 0.01021722384244076}. Best is trial 36 with value: 55.15281295776367.
LOCAL_RANK: 0 - CUDA_VISIBLE_DEVICES: [0]
[I 2023-11-30 07:34:22,869] Trial 131 finished with value: 63.9614143371582 and parameters: {'gradient_clip_val': 0.953325463693729, 'hidden_size': 90, 'dropout': 0.17009548717275236, 'hidden_continuous_size': 59, 'attention_head_size': 3, 'learning_rate': 0.009289907683105333}. Best is trial 36 with value: 55.15281295776367.
LOCAL_RANK: 0 - CUDA_VISIBLE_DEVICES: [0]
[I 2023-11-30 07:34:37,042] Trial 132 finished with value: 69.8787841796875 and parameters: {'gradient_clip_val': 0.9142805572966787, 'hidden_size': 87, 'dropout': 0.18927129371678533, 'hidden_continuous_size': 60, 'attention_head_size': 3, 'learning_rate': 0.007295259182419845}. Best is trial 36 with value: 55.15281295776367.
LOCAL_RANK: 0 - CUDA_VISIBLE_DEVICES: [0]
[I 2023-11-30 07:34:51,420] Trial 133 finished with value: 59.599456787109375 and parameters: {'gradient_clip_val': 0.5631283895250035, 'hidden_size': 93, 'dropout': 0.19376431357503313, 'hidden_continuous_size': 77, 'attention_head_size': 3, 'learning_rate': 0.009371231128865006}. Best is trial 36 with value: 55.15281295776367.
LOCAL_RANK: 0 - CUDA_VISIBLE_DEVICES: [0]
[I 2023-11-30 07:35:05,520] Trial 134 finished with value: 69.76782989501953 and parameters: {'gradient_clip_val': 0.6139159678409192, 'hidden_size': 96, 'dropout': 0.1999729093138948, 'hidden_continuous_size': 78, 'attention_head_size': 3, 'learning_rate': 0.008101179551268954}. Best is trial 36 with value: 55.15281295776367.
LOCAL_RANK: 0 - CUDA_VISIBLE_DEVICES: [0]
[I 2023-11-30 07:35:19,547] Trial 135 finished with value: 73.36203002929688 and parameters: {'gradient_clip_val': 0.6966216042072398, 'hidden_size': 74, 'dropout': 0.2180750814369608, 'hidden_continuous_size': 68, 'attention_head_size': 3, 'learning_rate': 0.011336871584609002}. Best is trial 36 with value: 55.15281295776367.
LOCAL_RANK: 0 - CUDA_VISIBLE_DEVICES: [0]
[I 2023-11-30 07:35:33,286] Trial 136 finished with value: 72.67821502685547 and parameters: {'gradient_clip_val': 0.644026728975269, 'hidden_size': 66, 'dropout': 0.1951570166570411, 'hidden_continuous_size': 62, 'attention_head_size': 3, 'learning_rate': 0.006591763008316143}. Best is trial 36 with value: 55.15281295776367.
LOCAL_RANK: 0 - CUDA_VISIBLE_DEVICES: [0]
[I 2023-11-30 07:35:47,506] Trial 137 finished with value: 69.1206283569336 and parameters: {'gradient_clip_val': 0.5636805250335059, 'hidden_size': 82, 'dropout': 0.3391650301201258, 'hidden_continuous_size': 76, 'attention_head_size': 3, 'learning_rate': 0.00920706002050842}. Best is trial 36 with value: 55.15281295776367.
LOCAL_RANK: 0 - CUDA_VISIBLE_DEVICES: [0]
[I 2023-11-30 07:36:01,797] Trial 138 finished with value: 75.65221405029297 and parameters: {'gradient_clip_val': 0.4905973545961932, 'hidden_size': 103, 'dropout': 0.3842032533143527, 'hidden_continuous_size': 73, 'attention_head_size': 3, 'learning_rate': 0.009875448151524156}. Best is trial 36 with value: 55.15281295776367.
LOCAL_RANK: 0 - CUDA_VISIBLE_DEVICES: [0]
[I 2023-11-30 07:36:15,818] Trial 139 finished with value: 58.8111457824707 and parameters: {'gradient_clip_val': 0.8512398868096368, 'hidden_size': 93, 'dropout': 0.20764144836402354, 'hidden_continuous_size': 82, 'attention_head_size': 3, 'learning_rate': 0.012275591279370267}. Best is trial 36 with value: 55.15281295776367.
LOCAL_RANK: 0 - CUDA_VISIBLE_DEVICES: [0]
[I 2023-11-30 07:36:29,987] Trial 140 finished with value: 63.86480712890625 and parameters: {'gradient_clip_val': 0.8636536646173296, 'hidden_size': 94, 'dropout': 0.2133488974171362, 'hidden_continuous_size': 82, 'attention_head_size': 3, 'learning_rate': 0.012305636254124796}. Best is trial 36 with value: 55.15281295776367.
LOCAL_RANK: 0 - CUDA_VISIBLE_DEVICES: [0]
[I 2023-11-30 07:36:44,201] Trial 141 finished with value: 65.13538360595703 and parameters: {'gradient_clip_val': 0.8099037147243027, 'hidden_size': 85, 'dropout': 0.20712246277957494, 'hidden_continuous_size': 80, 'attention_head_size': 3, 'learning_rate': 0.007620583620855893}. Best is trial 36 with value: 55.15281295776367.
LOCAL_RANK: 0 - CUDA_VISIBLE_DEVICES: [0]
[I 2023-11-30 07:36:58,347] Trial 142 finished with value: 67.7890853881836 and parameters: {'gradient_clip_val': 0.7584262816847888, 'hidden_size': 79, 'dropout': 0.18195109606985949, 'hidden_continuous_size': 70, 'attention_head_size': 3, 'learning_rate': 0.010993957278493387}. Best is trial 36 with value: 55.15281295776367.
LOCAL_RANK: 0 - CUDA_VISIBLE_DEVICES: [0]
[I 2023-11-30 07:37:12,773] Trial 143 finished with value: 67.50431060791016 and parameters: {'gradient_clip_val': 0.5540205300181262, 'hidden_size': 90, 'dropout': 0.20293817453477306, 'hidden_continuous_size': 76, 'attention_head_size': 3, 'learning_rate': 0.015268550363846929}. Best is trial 36 with value: 55.15281295776367.
LOCAL_RANK: 0 - CUDA_VISIBLE_DEVICES: [0]
[I 2023-11-30 07:37:27,092] Trial 144 finished with value: 58.59394454956055 and parameters: {'gradient_clip_val': 0.8396891320465197, 'hidden_size': 101, 'dropout': 0.19255359120335316, 'hidden_continuous_size': 89, 'attention_head_size': 3, 'learning_rate': 0.00868390050239688}. Best is trial 36 with value: 55.15281295776367.
LOCAL_RANK: 0 - CUDA_VISIBLE_DEVICES: [0]
[I 2023-11-30 07:37:41,330] Trial 145 finished with value: 66.54800415039062 and parameters: {'gradient_clip_val': 0.8880144916252726, 'hidden_size': 99, 'dropout': 0.19206311002805293, 'hidden_continuous_size': 72, 'attention_head_size': 3, 'learning_rate': 0.008313113547831508}. Best is trial 36 with value: 55.15281295776367.
LOCAL_RANK: 0 - CUDA_VISIBLE_DEVICES: [0]
[I 2023-11-30 07:37:55,588] Trial 146 finished with value: 69.06787109375 and parameters: {'gradient_clip_val': 0.7217317882106455, 'hidden_size': 106, 'dropout': 0.1765761747651585, 'hidden_continuous_size': 86, 'attention_head_size': 3, 'learning_rate': 0.006930369268618681}. Best is trial 36 with value: 55.15281295776367.
LOCAL_RANK: 0 - CUDA_VISIBLE_DEVICES: [0]
[I 2023-11-30 07:38:10,150] Trial 147 finished with value: 72.7537612915039 and parameters: {'gradient_clip_val': 0.5802226509407743, 'hidden_size': 116, 'dropout': 0.18474524781933746, 'hidden_continuous_size': 95, 'attention_head_size': 3, 'learning_rate': 0.012361059718139852}. Best is trial 36 with value: 55.15281295776367.
LOCAL_RANK: 0 - CUDA_VISIBLE_DEVICES: [0]
[I 2023-11-30 07:38:24,579] Trial 148 finished with value: 59.85804748535156 and parameters: {'gradient_clip_val': 0.4130198893357656, 'hidden_size': 125, 'dropout': 0.21962537822235012, 'hidden_continuous_size': 90, 'attention_head_size': 3, 'learning_rate': 0.010487214726908008}. Best is trial 36 with value: 55.15281295776367.
LOCAL_RANK: 0 - CUDA_VISIBLE_DEVICES: [0]
[I 2023-11-30 07:38:38,906] Trial 149 finished with value: 70.84281158447266 and parameters: {'gradient_clip_val': 0.42589484018957685, 'hidden_size': 111, 'dropout': 0.2229029353701004, 'hidden_continuous_size': 89, 'attention_head_size': 3, 'learning_rate': 0.008355044906421399}. Best is trial 36 with value: 55.15281295776367.
[I 2023-11-30 07:38:39,019] A new study created in memory with name: no-name-77b5434f-c454-4b5d-836d-b58fa605db42
/home/le004/conda/anaconda3/envs/tsff_env/lib/python3.9/site-packages/lightning/fabric/plugins/environments/slurm.py:191: The `srun` command is available on your system but is not used. HINT: If your intention is to run Lightning on SLURM, prepend your python command with `srun` like so: srun python /home/le004/master_thesis/git/TSFusionForecast/code/ ...
LOCAL_RANK: 0 - CUDA_VISIBLE_DEVICES: [0]
[I 2023-11-30 07:38:52,486] Trial 0 finished with value: 170.3026580810547 and parameters: {'gradient_clip_val': 0.7208846273213, 'hidden_size': 104, 'dropout': 0.3388273988961421, 'hidden_continuous_size': 11, 'attention_head_size': 4, 'learning_rate': 0.09387511036289918}. Best is trial 0 with value: 170.3026580810547.
LOCAL_RANK: 0 - CUDA_VISIBLE_DEVICES: [0]
