[I 2023-11-30 01:40:03,659] Trial 13 finished with value: 294.5029296875 and parameters: {'gradient_clip_val': 0.17192628385920097, 'hidden_size': 73, 'dropout': 0.35788811564350165, 'hidden_continuous_size': 44, 'attention_head_size': 1, 'learning_rate': 0.0042198781914202085}. Best is trial 0 with value: 233.2744598388672.
LOCAL_RANK: 0 - CUDA_VISIBLE_DEVICES: [0]
[I 2023-11-30 01:40:16,293] Trial 14 finished with value: 226.4048309326172 and parameters: {'gradient_clip_val': 0.3096329190137801, 'hidden_size': 34, 'dropout': 0.39732254229293185, 'hidden_continuous_size': 18, 'attention_head_size': 2, 'learning_rate': 0.007481611234631307}. Best is trial 14 with value: 226.4048309326172.
LOCAL_RANK: 0 - CUDA_VISIBLE_DEVICES: [0]
[I 2023-11-30 01:40:26,496] Trial 15 finished with value: 570.297607421875 and parameters: {'gradient_clip_val': 0.29474454190310045, 'hidden_size': 10, 'dropout': 0.39857873909281594, 'hidden_continuous_size': 10, 'attention_head_size': 2, 'learning_rate': 0.005789815686423019}. Best is trial 14 with value: 226.4048309326172.
LOCAL_RANK: 0 - CUDA_VISIBLE_DEVICES: [0]
[I 2023-11-30 01:40:39,396] Trial 16 finished with value: 269.1600646972656 and parameters: {'gradient_clip_val': 0.42147975064024257, 'hidden_size': 31, 'dropout': 0.32366022921084936, 'hidden_continuous_size': 18, 'attention_head_size': 3, 'learning_rate': 0.007058891017221847}. Best is trial 14 with value: 226.4048309326172.
LOCAL_RANK: 0 - CUDA_VISIBLE_DEVICES: [0]
[I 2023-11-30 01:40:52,925] Trial 17 finished with value: 212.3778839111328 and parameters: {'gradient_clip_val': 0.11218888963997453, 'hidden_size': 94, 'dropout': 0.3023693576710378, 'hidden_continuous_size': 20, 'attention_head_size': 2, 'learning_rate': 0.003523016946528389}. Best is trial 17 with value: 212.3778839111328.
LOCAL_RANK: 0 - CUDA_VISIBLE_DEVICES: [0]
[I 2023-11-30 01:41:07,582] Trial 18 finished with value: 342.1211242675781 and parameters: {'gradient_clip_val': 0.10791331154145387, 'hidden_size': 142, 'dropout': 0.22257919509665608, 'hidden_continuous_size': 112, 'attention_head_size': 2, 'learning_rate': 0.0010181196730038014}. Best is trial 17 with value: 212.3778839111328.
LOCAL_RANK: 0 - CUDA_VISIBLE_DEVICES: [0]
[I 2023-11-30 01:41:21,069] Trial 19 finished with value: 309.437744140625 and parameters: {'gradient_clip_val': 0.12735432462154084, 'hidden_size': 88, 'dropout': 0.31237144288800067, 'hidden_continuous_size': 18, 'attention_head_size': 3, 'learning_rate': 0.0034087430977429354}. Best is trial 17 with value: 212.3778839111328.
LOCAL_RANK: 0 - CUDA_VISIBLE_DEVICES: [0]
[I 2023-11-30 01:41:34,718] Trial 20 finished with value: 318.2218322753906 and parameters: {'gradient_clip_val': 0.12167029324470162, 'hidden_size': 95, 'dropout': 0.2838107926230214, 'hidden_continuous_size': 23, 'attention_head_size': 2, 'learning_rate': 0.002926020146891424}. Best is trial 17 with value: 212.3778839111328.
LOCAL_RANK: 0 - CUDA_VISIBLE_DEVICES: [0]
[I 2023-11-30 01:41:47,843] Trial 21 finished with value: 322.3331298828125 and parameters: {'gradient_clip_val': 0.18036774894384147, 'hidden_size': 55, 'dropout': 0.3498832843000376, 'hidden_continuous_size': 18, 'attention_head_size': 2, 'learning_rate': 0.009618297611224794}. Best is trial 17 with value: 212.3778839111328.
LOCAL_RANK: 0 - CUDA_VISIBLE_DEVICES: [0]
[I 2023-11-30 01:42:00,541] Trial 22 finished with value: 341.0978088378906 and parameters: {'gradient_clip_val': 0.12701705649685055, 'hidden_size': 38, 'dropout': 0.3708369765496841, 'hidden_continuous_size': 16, 'attention_head_size': 2, 'learning_rate': 0.0038518392180579603}. Best is trial 17 with value: 212.3778839111328.
LOCAL_RANK: 0 - CUDA_VISIBLE_DEVICES: [0]
[I 2023-11-30 01:42:14,024] Trial 23 finished with value: 255.0731964111328 and parameters: {'gradient_clip_val': 0.1861199081034842, 'hidden_size': 82, 'dropout': 0.31705124519328903, 'hidden_continuous_size': 27, 'attention_head_size': 1, 'learning_rate': 0.008213261929208536}. Best is trial 17 with value: 212.3778839111328.
LOCAL_RANK: 0 - CUDA_VISIBLE_DEVICES: [0]
[I 2023-11-30 01:42:27,352] Trial 24 finished with value: 302.9588623046875 and parameters: {'gradient_clip_val': 0.15565015815972968, 'hidden_size': 65, 'dropout': 0.35038769760260713, 'hidden_continuous_size': 20, 'attention_head_size': 3, 'learning_rate': 0.004697095703385737}. Best is trial 17 with value: 212.3778839111328.
LOCAL_RANK: 0 - CUDA_VISIBLE_DEVICES: [0]
[I 2023-11-30 01:42:40,307] Trial 25 finished with value: 256.4377746582031 and parameters: {'gradient_clip_val': 0.26453100619861764, 'hidden_size': 54, 'dropout': 0.3990771906654111, 'hidden_continuous_size': 16, 'attention_head_size': 2, 'learning_rate': 0.007126665890657333}. Best is trial 17 with value: 212.3778839111328.
LOCAL_RANK: 0 - CUDA_VISIBLE_DEVICES: [0]
[I 2023-11-30 01:42:54,358] Trial 26 finished with value: 256.6689758300781 and parameters: {'gradient_clip_val': 0.10017864555844257, 'hidden_size': 121, 'dropout': 0.36666630056230065, 'hidden_continuous_size': 28, 'attention_head_size': 1, 'learning_rate': 0.0029347240036172967}. Best is trial 17 with value: 212.3778839111328.
LOCAL_RANK: 0 - CUDA_VISIBLE_DEVICES: [0]
[I 2023-11-30 01:43:07,100] Trial 27 finished with value: 231.61541748046875 and parameters: {'gradient_clip_val': 0.14349497925233365, 'hidden_size': 48, 'dropout': 0.2965404830917758, 'hidden_continuous_size': 23, 'attention_head_size': 2, 'learning_rate': 0.005301730455406018}. Best is trial 17 with value: 212.3778839111328.
LOCAL_RANK: 0 - CUDA_VISIBLE_DEVICES: [0]
[I 2023-11-30 01:43:19,935] Trial 28 finished with value: 270.104736328125 and parameters: {'gradient_clip_val': 0.14144813051647154, 'hidden_size': 35, 'dropout': 0.2392935375135249, 'hidden_continuous_size': 20, 'attention_head_size': 3, 'learning_rate': 0.004967363201440037}. Best is trial 17 with value: 212.3778839111328.
LOCAL_RANK: 0 - CUDA_VISIBLE_DEVICES: [0]
[I 2023-11-30 01:43:33,286] Trial 29 finished with value: 313.6069030761719 and parameters: {'gradient_clip_val': 0.19176900458854418, 'hidden_size': 74, 'dropout': 0.29390790879680223, 'hidden_continuous_size': 24, 'attention_head_size': 2, 'learning_rate': 0.009766610085817749}. Best is trial 17 with value: 212.3778839111328.
LOCAL_RANK: 0 - CUDA_VISIBLE_DEVICES: [0]
[I 2023-11-30 01:43:46,135] Trial 30 finished with value: 257.6040344238281 and parameters: {'gradient_clip_val': 0.11768561219363331, 'hidden_size': 48, 'dropout': 0.31057351091073454, 'hidden_continuous_size': 22, 'attention_head_size': 2, 'learning_rate': 0.005899688594309214}. Best is trial 17 with value: 212.3778839111328.
LOCAL_RANK: 0 - CUDA_VISIBLE_DEVICES: [0]
[I 2023-11-30 01:43:58,899] Trial 31 finished with value: 335.99615478515625 and parameters: {'gradient_clip_val': 0.21285574365867974, 'hidden_size': 45, 'dropout': 0.33684938186093066, 'hidden_continuous_size': 21, 'attention_head_size': 1, 'learning_rate': 0.00394797165056525}. Best is trial 17 with value: 212.3778839111328.
LOCAL_RANK: 0 - CUDA_VISIBLE_DEVICES: [0]
[I 2023-11-30 01:44:11,586] Trial 32 finished with value: 282.85577392578125 and parameters: {'gradient_clip_val': 0.14255433547997587, 'hidden_size': 37, 'dropout': 0.38284532491409945, 'hidden_continuous_size': 16, 'attention_head_size': 2, 'learning_rate': 0.007302346562336125}. Best is trial 17 with value: 212.3778839111328.
LOCAL_RANK: 0 - CUDA_VISIBLE_DEVICES: [0]
[I 2023-11-30 01:44:24,337] Trial 33 finished with value: 265.2317199707031 and parameters: {'gradient_clip_val': 0.11210374838488642, 'hidden_size': 48, 'dropout': 0.35678143482853797, 'hidden_continuous_size': 19, 'attention_head_size': 4, 'learning_rate': 0.013037116729892833}. Best is trial 17 with value: 212.3778839111328.
LOCAL_RANK: 0 - CUDA_VISIBLE_DEVICES: [0]
[I 2023-11-30 01:44:36,786] Trial 34 finished with value: 342.1228942871094 and parameters: {'gradient_clip_val': 0.1317364591741985, 'hidden_size': 33, 'dropout': 0.28293022865734424, 'hidden_continuous_size': 17, 'attention_head_size': 1, 'learning_rate': 0.0023665367814078423}. Best is trial 17 with value: 212.3778839111328.
LOCAL_RANK: 0 - CUDA_VISIBLE_DEVICES: [0]
[I 2023-11-30 01:44:50,337] Trial 35 finished with value: 235.7039337158203 and parameters: {'gradient_clip_val': 0.1001696446935024, 'hidden_size': 65, 'dropout': 0.37810005650298384, 'hidden_continuous_size': 22, 'attention_head_size': 2, 'learning_rate': 0.004968210394564523}. Best is trial 17 with value: 212.3778839111328.
LOCAL_RANK: 0 - CUDA_VISIBLE_DEVICES: [0]
[I 2023-11-30 01:45:02,463] Trial 36 finished with value: 296.3780212402344 and parameters: {'gradient_clip_val': 0.1694593939933391, 'hidden_size': 28, 'dropout': 0.3309068612810149, 'hidden_continuous_size': 17, 'attention_head_size': 1, 'learning_rate': 0.0033137644259713253}. Best is trial 17 with value: 212.3778839111328.
LOCAL_RANK: 0 - CUDA_VISIBLE_DEVICES: [0]
[I 2023-11-30 01:45:15,287] Trial 37 finished with value: 443.906982421875 and parameters: {'gradient_clip_val': 0.14903543037638745, 'hidden_size': 38, 'dropout': 0.30459106800508445, 'hidden_continuous_size': 20, 'attention_head_size': 4, 'learning_rate': 0.0026662725705674786}. Best is trial 17 with value: 212.3778839111328.
LOCAL_RANK: 0 - CUDA_VISIBLE_DEVICES: [0]
[I 2023-11-30 01:45:27,618] Trial 38 finished with value: 622.37646484375 and parameters: {'gradient_clip_val': 0.2503663486885802, 'hidden_size': 25, 'dropout': 0.3492477259468254, 'hidden_continuous_size': 15, 'attention_head_size': 3, 'learning_rate': 0.002006169419468547}. Best is trial 17 with value: 212.3778839111328.
LOCAL_RANK: 0 - CUDA_VISIBLE_DEVICES: [0]
[I 2023-11-30 01:45:39,867] Trial 39 finished with value: 243.6783905029297 and parameters: {'gradient_clip_val': 0.11512555919920124, 'hidden_size': 32, 'dropout': 0.26723409387410585, 'hidden_continuous_size': 19, 'attention_head_size': 1, 'learning_rate': 0.006516018060433717}. Best is trial 17 with value: 212.3778839111328.
LOCAL_RANK: 0 - CUDA_VISIBLE_DEVICES: [0]
[I 2023-11-30 01:45:52,192] Trial 40 finished with value: 317.7477722167969 and parameters: {'gradient_clip_val': 0.19803296116040456, 'hidden_size': 18, 'dropout': 0.3277649854912635, 'hidden_continuous_size': 12, 'attention_head_size': 2, 'learning_rate': 0.008685511893050939}. Best is trial 17 with value: 212.3778839111328.
LOCAL_RANK: 0 - CUDA_VISIBLE_DEVICES: [0]
[I 2023-11-30 01:46:05,495] Trial 41 finished with value: 298.3820495605469 and parameters: {'gradient_clip_val': 0.1035001917177435, 'hidden_size': 67, 'dropout': 0.37041881151356604, 'hidden_continuous_size': 24, 'attention_head_size': 2, 'learning_rate': 0.005286155056761493}. Best is trial 17 with value: 212.3778839111328.
LOCAL_RANK: 0 - CUDA_VISIBLE_DEVICES: [0]
[I 2023-11-30 01:46:18,686] Trial 42 finished with value: 271.4072265625 and parameters: {'gradient_clip_val': 0.1338402063260686, 'hidden_size': 59, 'dropout': 0.3849758888328254, 'hidden_continuous_size': 23, 'attention_head_size': 2, 'learning_rate': 0.004964218284236798}. Best is trial 17 with value: 212.3778839111328.
LOCAL_RANK: 0 - CUDA_VISIBLE_DEVICES: [0]
[I 2023-11-30 01:46:31,679] Trial 43 finished with value: 264.00201416015625 and parameters: {'gradient_clip_val': 0.162288113308052, 'hidden_size': 51, 'dropout': 0.38494067824633377, 'hidden_continuous_size': 22, 'attention_head_size': 2, 'learning_rate': 0.010970109032189054}. Best is trial 17 with value: 212.3778839111328.
LOCAL_RANK: 0 - CUDA_VISIBLE_DEVICES: [0]
[I 2023-11-30 01:46:44,488] Trial 44 finished with value: 355.8443298339844 and parameters: {'gradient_clip_val': 0.10063998237358115, 'hidden_size': 42, 'dropout': 0.3417368736591175, 'hidden_continuous_size': 21, 'attention_head_size': 2, 'learning_rate': 0.0035403941270341476}. Best is trial 17 with value: 212.3778839111328.
LOCAL_RANK: 0 - CUDA_VISIBLE_DEVICES: [0]
[I 2023-11-30 01:46:57,875] Trial 45 finished with value: 219.198974609375 and parameters: {'gradient_clip_val': 0.11711119964664543, 'hidden_size': 60, 'dropout': 0.3636158673085568, 'hidden_continuous_size': 28, 'attention_head_size': 3, 'learning_rate': 0.004435839868132162}. Best is trial 17 with value: 212.3778839111328.
LOCAL_RANK: 0 - CUDA_VISIBLE_DEVICES: [0]
[I 2023-11-30 01:47:11,381] Trial 46 finished with value: 249.52296447753906 and parameters: {'gradient_clip_val': 0.14530788392590366, 'hidden_size': 58, 'dropout': 0.35767287781125684, 'hidden_continuous_size': 28, 'attention_head_size': 3, 'learning_rate': 0.004062248280150718}. Best is trial 17 with value: 212.3778839111328.
LOCAL_RANK: 0 - CUDA_VISIBLE_DEVICES: [0]
[I 2023-11-30 01:47:24,313] Trial 47 finished with value: 271.8045959472656 and parameters: {'gradient_clip_val': 0.11570274822632391, 'hidden_size': 51, 'dropout': 0.3420310751239, 'hidden_continuous_size': 26, 'attention_head_size': 3, 'learning_rate': 0.006142826357263245}. Best is trial 17 with value: 212.3778839111328.
LOCAL_RANK: 0 - CUDA_VISIBLE_DEVICES: [0]
[I 2023-11-30 01:47:37,062] Trial 48 finished with value: 298.9459533691406 and parameters: {'gradient_clip_val': 0.16896096873239586, 'hidden_size': 42, 'dropout': 0.3232374143006355, 'hidden_continuous_size': 25, 'attention_head_size': 3, 'learning_rate': 0.018478013004967476}. Best is trial 17 with value: 212.3778839111328.
LOCAL_RANK: 0 - CUDA_VISIBLE_DEVICES: [0]
[I 2023-11-30 01:47:50,611] Trial 49 finished with value: 345.301513671875 and parameters: {'gradient_clip_val': 0.23809115678792767, 'hidden_size': 71, 'dropout': 0.36159063163980015, 'hidden_continuous_size': 31, 'attention_head_size': 4, 'learning_rate': 0.008183554200858253}. Best is trial 17 with value: 212.3778839111328.
LOCAL_RANK: 0 - CUDA_VISIBLE_DEVICES: [0]
[I 2023-11-30 01:48:04,008] Trial 50 finished with value: 307.0273132324219 and parameters: {'gradient_clip_val': 0.21009426922921504, 'hidden_size': 61, 'dropout': 0.2932619835936732, 'hidden_continuous_size': 29, 'attention_head_size': 3, 'learning_rate': 0.010352081475758008}. Best is trial 17 with value: 212.3778839111328.
LOCAL_RANK: 0 - CUDA_VISIBLE_DEVICES: [0]
[I 2023-11-30 01:48:17,782] Trial 51 finished with value: 304.94580078125 and parameters: {'gradient_clip_val': 0.12524384188934548, 'hidden_size': 79, 'dropout': 0.37431113834432933, 'hidden_continuous_size': 25, 'attention_head_size': 2, 'learning_rate': 0.004630527153770546}. Best is trial 17 with value: 212.3778839111328.
LOCAL_RANK: 0 - CUDA_VISIBLE_DEVICES: [0]
[I 2023-11-30 01:48:31,679] Trial 52 finished with value: 292.6731872558594 and parameters: {'gradient_clip_val': 0.11123714517279652, 'hidden_size': 99, 'dropout': 0.38709893787070926, 'hidden_continuous_size': 37, 'attention_head_size': 2, 'learning_rate': 0.005632568547009982}. Best is trial 17 with value: 212.3778839111328.
LOCAL_RANK: 0 - CUDA_VISIBLE_DEVICES: [0]
[I 2023-11-30 01:48:45,072] Trial 53 finished with value: 308.1589050292969 and parameters: {'gradient_clip_val': 0.12389216130098506, 'hidden_size': 69, 'dropout': 0.3997054150564613, 'hidden_continuous_size': 26, 'attention_head_size': 2, 'learning_rate': 0.004633985704153361}. Best is trial 17 with value: 212.3778839111328.
LOCAL_RANK: 0 - CUDA_VISIBLE_DEVICES: [0]
[I 2023-11-30 01:48:58,274] Trial 54 finished with value: 269.6137390136719 and parameters: {'gradient_clip_val': 0.13407806630034402, 'hidden_size': 59, 'dropout': 0.3731561863613951, 'hidden_continuous_size': 23, 'attention_head_size': 3, 'learning_rate': 0.006817660921498849}. Best is trial 17 with value: 212.3778839111328.
LOCAL_RANK: 0 - CUDA_VISIBLE_DEVICES: [0]
[I 2023-11-30 01:49:11,562] Trial 55 finished with value: 271.3310241699219 and parameters: {'gradient_clip_val': 0.15847880691498079, 'hidden_size': 64, 'dropout': 0.3643388928837242, 'hidden_continuous_size': 30, 'attention_head_size': 2, 'learning_rate': 0.00339343052672481}. Best is trial 17 with value: 212.3778839111328.
LOCAL_RANK: 0 - CUDA_VISIBLE_DEVICES: [0]
[I 2023-11-30 01:49:24,463] Trial 56 finished with value: 250.3501739501953 and parameters: {'gradient_clip_val': 0.10904544087749408, 'hidden_size': 46, 'dropout': 0.3864929995951258, 'hidden_continuous_size': 22, 'attention_head_size': 1, 'learning_rate': 0.0042027332776697415}. Best is trial 17 with value: 212.3778839111328.
LOCAL_RANK: 0 - CUDA_VISIBLE_DEVICES: [0]
[I 2023-11-30 01:49:37,606] Trial 57 finished with value: 298.2581787109375 and parameters: {'gradient_clip_val': 0.13635443279124745, 'hidden_size': 54, 'dropout': 0.3207156573252271, 'hidden_continuous_size': 27, 'attention_head_size': 2, 'learning_rate': 0.008024466055665069}. Best is trial 17 with value: 212.3778839111328.
LOCAL_RANK: 0 - CUDA_VISIBLE_DEVICES: [0]
[I 2023-11-30 01:49:50,843] Trial 58 finished with value: 336.7377014160156 and parameters: {'gradient_clip_val': 0.3371873191586714, 'hidden_size': 79, 'dropout': 0.34317715106298174, 'hidden_continuous_size': 32, 'attention_head_size': 1, 'learning_rate': 0.006394393367360989}. Best is trial 17 with value: 212.3778839111328.
LOCAL_RANK: 0 - CUDA_VISIBLE_DEVICES: [0]
[I 2023-11-30 01:50:04,224] Trial 59 finished with value: 287.6318664550781 and parameters: {'gradient_clip_val': 0.11997508661331548, 'hidden_size': 65, 'dropout': 0.3924388959585966, 'hidden_continuous_size': 24, 'attention_head_size': 3, 'learning_rate': 0.005405985784935091}. Best is trial 17 with value: 212.3778839111328.
LOCAL_RANK: 0 - CUDA_VISIBLE_DEVICES: [0]
[I 2023-11-30 01:50:17,754] Trial 60 finished with value: 265.6202087402344 and parameters: {'gradient_clip_val': 0.17684401613970663, 'hidden_size': 87, 'dropout': 0.3770306359199844, 'hidden_continuous_size': 14, 'attention_head_size': 2, 'learning_rate': 0.002851285734886706}. Best is trial 17 with value: 212.3778839111328.
LOCAL_RANK: 0 - CUDA_VISIBLE_DEVICES: [0]
[I 2023-11-30 01:50:30,261] Trial 61 finished with value: 319.3653259277344 and parameters: {'gradient_clip_val': 0.108524406105986, 'hidden_size': 33, 'dropout': 0.2543391801368712, 'hidden_continuous_size': 19, 'attention_head_size': 1, 'learning_rate': 0.004285280662593977}. Best is trial 17 with value: 212.3778839111328.
LOCAL_RANK: 0 - CUDA_VISIBLE_DEVICES: [0]
[I 2023-11-30 01:50:42,785] Trial 62 finished with value: 288.0030517578125 and parameters: {'gradient_clip_val': 0.10025262566634627, 'hidden_size': 40, 'dropout': 0.2826086913268155, 'hidden_continuous_size': 19, 'attention_head_size': 1, 'learning_rate': 0.006983386000638598}. Best is trial 17 with value: 212.3778839111328.
LOCAL_RANK: 0 - CUDA_VISIBLE_DEVICES: [0]
[I 2023-11-30 01:50:55,176] Trial 63 finished with value: 256.6764221191406 and parameters: {'gradient_clip_val': 0.11812821762093396, 'hidden_size': 30, 'dropout': 0.2608652191331277, 'hidden_continuous_size': 18, 'attention_head_size': 1, 'learning_rate': 0.006193423058793477}. Best is trial 17 with value: 212.3778839111328.
LOCAL_RANK: 0 - CUDA_VISIBLE_DEVICES: [0]
[I 2023-11-30 01:51:07,562] Trial 64 finished with value: 267.82452392578125 and parameters: {'gradient_clip_val': 0.1542394240483462, 'hidden_size': 36, 'dropout': 0.2674165006337302, 'hidden_continuous_size': 20, 'attention_head_size': 1, 'learning_rate': 0.008896372105365185}. Best is trial 17 with value: 212.3778839111328.
LOCAL_RANK: 0 - CUDA_VISIBLE_DEVICES: [0]
[I 2023-11-30 01:51:20,568] Trial 65 finished with value: 251.42633056640625 and parameters: {'gradient_clip_val': 0.12653570117604482, 'hidden_size': 50, 'dropout': 0.3088423123744953, 'hidden_continuous_size': 21, 'attention_head_size': 1, 'learning_rate': 0.005284585200363635}. Best is trial 17 with value: 212.3778839111328.
LOCAL_RANK: 0 - CUDA_VISIBLE_DEVICES: [0]
[I 2023-11-30 01:51:33,409] Trial 66 finished with value: 236.01124572753906 and parameters: {'gradient_clip_val': 0.11333098231075328, 'hidden_size': 45, 'dropout': 0.35363641968875986, 'hidden_continuous_size': 20, 'attention_head_size': 2, 'learning_rate': 0.007633046553685267}. Best is trial 17 with value: 212.3778839111328.
LOCAL_RANK: 0 - CUDA_VISIBLE_DEVICES: [0]
[I 2023-11-30 01:51:46,115] Trial 67 finished with value: 309.8706970214844 and parameters: {'gradient_clip_val': 0.1456416198267282, 'hidden_size': 45, 'dropout': 0.364431522173918, 'hidden_continuous_size': 22, 'attention_head_size': 2, 'learning_rate': 0.011384773953789385}. Best is trial 17 with value: 212.3778839111328.
LOCAL_RANK: 0 - CUDA_VISIBLE_DEVICES: [0]
[I 2023-11-30 01:51:58,627] Trial 68 finished with value: 247.81256103515625 and parameters: {'gradient_clip_val': 0.10699274543680641, 'hidden_size': 40, 'dropout': 0.35155455527986074, 'hidden_continuous_size': 21, 'attention_head_size': 2, 'learning_rate': 0.007503704288763473}. Best is trial 17 with value: 212.3778839111328.
LOCAL_RANK: 0 - CUDA_VISIBLE_DEVICES: [0]
[I 2023-11-30 01:52:11,547] Trial 69 finished with value: 283.4430847167969 and parameters: {'gradient_clip_val': 0.13627942082602926, 'hidden_size': 55, 'dropout': 0.3333968881315498, 'hidden_continuous_size': 17, 'attention_head_size': 2, 'learning_rate': 0.009311598242344787}. Best is trial 17 with value: 212.3778839111328.
LOCAL_RANK: 0 - CUDA_VISIBLE_DEVICES: [0]
[I 2023-11-30 01:52:24,689] Trial 70 finished with value: 296.0370788574219 and parameters: {'gradient_clip_val': 0.29962379008873347, 'hidden_size': 47, 'dropout': 0.37878249635027095, 'hidden_continuous_size': 23, 'attention_head_size': 2, 'learning_rate': 0.0038074472375211744}. Best is trial 17 with value: 212.3778839111328.
LOCAL_RANK: 0 - CUDA_VISIBLE_DEVICES: [0]
[I 2023-11-30 01:52:37,366] Trial 71 finished with value: 274.6341247558594 and parameters: {'gradient_clip_val': 0.11367408106027972, 'hidden_size': 34, 'dropout': 0.3918877830920806, 'hidden_continuous_size': 19, 'attention_head_size': 2, 'learning_rate': 0.00650743147660199}. Best is trial 17 with value: 212.3778839111328.
LOCAL_RANK: 0 - CUDA_VISIBLE_DEVICES: [0]
