[I 2023-11-30 02:56:31,283] Trial 64 finished with value: 312.3685302734375 and parameters: {'gradient_clip_val': 0.21862481634274303, 'hidden_size': 68, 'dropout': 0.35467022573577045, 'hidden_continuous_size': 16, 'attention_head_size': 1, 'learning_rate': 0.0043620642278765845}. Best is trial 27 with value: 240.0508575439453.
LOCAL_RANK: 0 - CUDA_VISIBLE_DEVICES: [0]
[I 2023-11-30 02:56:44,286] Trial 65 finished with value: 387.5687255859375 and parameters: {'gradient_clip_val': 0.17725071758160318, 'hidden_size': 58, 'dropout': 0.33800820576164187, 'hidden_continuous_size': 18, 'attention_head_size': 1, 'learning_rate': 0.0020394190708516863}. Best is trial 27 with value: 240.0508575439453.
LOCAL_RANK: 0 - CUDA_VISIBLE_DEVICES: [0]
[I 2023-11-30 02:56:57,768] Trial 66 finished with value: 391.3738708496094 and parameters: {'gradient_clip_val': 0.19009427979963311, 'hidden_size': 92, 'dropout': 0.32043441065807066, 'hidden_continuous_size': 29, 'attention_head_size': 1, 'learning_rate': 0.005694574321047513}. Best is trial 27 with value: 240.0508575439453.
LOCAL_RANK: 0 - CUDA_VISIBLE_DEVICES: [0]
[I 2023-11-30 02:57:10,448] Trial 67 finished with value: 321.1306457519531 and parameters: {'gradient_clip_val': 0.15614490206376214, 'hidden_size': 52, 'dropout': 0.3300966534762253, 'hidden_continuous_size': 16, 'attention_head_size': 1, 'learning_rate': 0.0017699104586474319}. Best is trial 27 with value: 240.0508575439453.
LOCAL_RANK: 0 - CUDA_VISIBLE_DEVICES: [0]
[I 2023-11-30 02:57:23,111] Trial 68 finished with value: 526.199462890625 and parameters: {'gradient_clip_val': 0.2268851154631106, 'hidden_size': 42, 'dropout': 0.30836442204800735, 'hidden_continuous_size': 15, 'attention_head_size': 1, 'learning_rate': 0.0014028573219378548}. Best is trial 27 with value: 240.0508575439453.
LOCAL_RANK: 0 - CUDA_VISIBLE_DEVICES: [0]
[I 2023-11-30 02:57:35,983] Trial 69 finished with value: 434.2213439941406 and parameters: {'gradient_clip_val': 0.1947266062036738, 'hidden_size': 46, 'dropout': 0.3885478131946924, 'hidden_continuous_size': 13, 'attention_head_size': 1, 'learning_rate': 0.0026083943006490534}. Best is trial 27 with value: 240.0508575439453.
LOCAL_RANK: 0 - CUDA_VISIBLE_DEVICES: [0]
[I 2023-11-30 02:57:49,968] Trial 70 finished with value: 443.3005065917969 and parameters: {'gradient_clip_val': 0.17521747112267386, 'hidden_size': 138, 'dropout': 0.3491089981507623, 'hidden_continuous_size': 18, 'attention_head_size': 1, 'learning_rate': 0.0030814659288430587}. Best is trial 27 with value: 240.0508575439453.
LOCAL_RANK: 0 - CUDA_VISIBLE_DEVICES: [0]
[I 2023-11-30 02:58:03,970] Trial 71 finished with value: 320.2590026855469 and parameters: {'gradient_clip_val': 0.28187207272365344, 'hidden_size': 123, 'dropout': 0.3190219985681954, 'hidden_continuous_size': 25, 'attention_head_size': 2, 'learning_rate': 0.0018699167705448832}. Best is trial 27 with value: 240.0508575439453.
LOCAL_RANK: 0 - CUDA_VISIBLE_DEVICES: [0]
[I 2023-11-30 02:58:17,791] Trial 72 finished with value: 345.8526306152344 and parameters: {'gradient_clip_val': 0.24653666662688314, 'hidden_size': 116, 'dropout': 0.30676624484261145, 'hidden_continuous_size': 28, 'attention_head_size': 2, 'learning_rate': 0.0017253907306231712}. Best is trial 27 with value: 240.0508575439453.
LOCAL_RANK: 0 - CUDA_VISIBLE_DEVICES: [0]
[I 2023-11-30 02:58:31,670] Trial 73 finished with value: 301.2047424316406 and parameters: {'gradient_clip_val': 0.25945004435825253, 'hidden_size': 138, 'dropout': 0.3312201787082113, 'hidden_continuous_size': 12, 'attention_head_size': 1, 'learning_rate': 0.0011499694269241755}. Best is trial 27 with value: 240.0508575439453.
LOCAL_RANK: 0 - CUDA_VISIBLE_DEVICES: [0]
[I 2023-11-30 02:58:45,742] Trial 74 finished with value: 258.0300598144531 and parameters: {'gradient_clip_val': 0.2333740154753436, 'hidden_size': 106, 'dropout': 0.29792142971213653, 'hidden_continuous_size': 31, 'attention_head_size': 3, 'learning_rate': 0.0021524826117068677}. Best is trial 27 with value: 240.0508575439453.
LOCAL_RANK: 0 - CUDA_VISIBLE_DEVICES: [0]
[I 2023-11-30 02:58:58,458] Trial 75 finished with value: 394.9604797363281 and parameters: {'gradient_clip_val': 0.21437317910319975, 'hidden_size': 39, 'dropout': 0.3134018202701791, 'hidden_continuous_size': 14, 'attention_head_size': 3, 'learning_rate': 0.0022002023804696133}. Best is trial 27 with value: 240.0508575439453.
LOCAL_RANK: 0 - CUDA_VISIBLE_DEVICES: [0]
[I 2023-11-30 02:59:11,551] Trial 76 finished with value: 396.5922546386719 and parameters: {'gradient_clip_val': 0.2376930216724557, 'hidden_size': 68, 'dropout': 0.3411493139796849, 'hidden_continuous_size': 14, 'attention_head_size': 3, 'learning_rate': 0.0014864215711728364}. Best is trial 27 with value: 240.0508575439453.
LOCAL_RANK: 0 - CUDA_VISIBLE_DEVICES: [0]
[I 2023-11-30 02:59:24,825] Trial 77 finished with value: 306.51544189453125 and parameters: {'gradient_clip_val': 0.19688360865200125, 'hidden_size': 60, 'dropout': 0.3270316085443012, 'hidden_continuous_size': 32, 'attention_head_size': 3, 'learning_rate': 0.0034957074680486205}. Best is trial 27 with value: 240.0508575439453.
LOCAL_RANK: 0 - CUDA_VISIBLE_DEVICES: [0]
[I 2023-11-30 02:59:38,351] Trial 78 finished with value: 309.0889587402344 and parameters: {'gradient_clip_val': 0.22936370815999696, 'hidden_size': 83, 'dropout': 0.289797371128414, 'hidden_continuous_size': 31, 'attention_head_size': 3, 'learning_rate': 0.002424841427512477}. Best is trial 27 with value: 240.0508575439453.
LOCAL_RANK: 0 - CUDA_VISIBLE_DEVICES: [0]
[I 2023-11-30 02:59:52,261] Trial 79 finished with value: 371.8814392089844 and parameters: {'gradient_clip_val': 0.18704669819644507, 'hidden_size': 97, 'dropout': 0.3190791045819827, 'hidden_continuous_size': 22, 'attention_head_size': 3, 'learning_rate': 0.0026958475946449456}. Best is trial 27 with value: 240.0508575439453.
LOCAL_RANK: 0 - CUDA_VISIBLE_DEVICES: [0]
[I 2023-11-30 03:00:05,928] Trial 80 finished with value: 305.1349792480469 and parameters: {'gradient_clip_val': 0.2687589161593443, 'hidden_size': 102, 'dropout': 0.3347461812059345, 'hidden_continuous_size': 17, 'attention_head_size': 3, 'learning_rate': 0.0019748666707717637}. Best is trial 27 with value: 240.0508575439453.
LOCAL_RANK: 0 - CUDA_VISIBLE_DEVICES: [0]
[I 2023-11-30 03:00:19,602] Trial 81 finished with value: 297.6579284667969 and parameters: {'gradient_clip_val': 0.28945292098130476, 'hidden_size': 106, 'dropout': 0.299279820542424, 'hidden_continuous_size': 25, 'attention_head_size': 1, 'learning_rate': 0.0017612901038269327}. Best is trial 27 with value: 240.0508575439453.
LOCAL_RANK: 0 - CUDA_VISIBLE_DEVICES: [0]
[I 2023-11-30 03:00:33,008] Trial 82 finished with value: 263.1337585449219 and parameters: {'gradient_clip_val': 0.31495415855904707, 'hidden_size': 90, 'dropout': 0.3047247422136077, 'hidden_continuous_size': 24, 'attention_head_size': 1, 'learning_rate': 0.001159908845878324}. Best is trial 27 with value: 240.0508575439453.
LOCAL_RANK: 0 - CUDA_VISIBLE_DEVICES: [0]
[I 2023-11-30 03:00:46,529] Trial 83 finished with value: 299.9222717285156 and parameters: {'gradient_clip_val': 0.26591630593862686, 'hidden_size': 87, 'dropout': 0.2801418137511633, 'hidden_continuous_size': 28, 'attention_head_size': 1, 'learning_rate': 0.001182150166600292}. Best is trial 27 with value: 240.0508575439453.
LOCAL_RANK: 0 - CUDA_VISIBLE_DEVICES: [0]
[I 2023-11-30 03:01:00,031] Trial 84 finished with value: 290.0433654785156 and parameters: {'gradient_clip_val': 0.2053219755428916, 'hidden_size': 74, 'dropout': 0.2685165370897617, 'hidden_continuous_size': 20, 'attention_head_size': 1, 'learning_rate': 0.0014195853678846818}. Best is trial 27 with value: 240.0508575439453.
LOCAL_RANK: 0 - CUDA_VISIBLE_DEVICES: [0]
[I 2023-11-30 03:01:13,309] Trial 85 finished with value: 291.9508056640625 and parameters: {'gradient_clip_val': 0.23911475723131126, 'hidden_size': 92, 'dropout': 0.2872785944264214, 'hidden_continuous_size': 19, 'attention_head_size': 1, 'learning_rate': 0.0015986877563023052}. Best is trial 27 with value: 240.0508575439453.
LOCAL_RANK: 0 - CUDA_VISIBLE_DEVICES: [0]
[I 2023-11-30 03:01:27,045] Trial 86 finished with value: 315.5775146484375 and parameters: {'gradient_clip_val': 0.30683173213554293, 'hidden_size': 117, 'dropout': 0.3149022956170899, 'hidden_continuous_size': 23, 'attention_head_size': 1, 'learning_rate': 0.0011314181276471063}. Best is trial 27 with value: 240.0508575439453.
LOCAL_RANK: 0 - CUDA_VISIBLE_DEVICES: [0]
[I 2023-11-30 03:01:41,091] Trial 87 finished with value: 321.90380859375 and parameters: {'gradient_clip_val': 0.31626972273485415, 'hidden_size': 138, 'dropout': 0.30673875445635723, 'hidden_continuous_size': 21, 'attention_head_size': 1, 'learning_rate': 0.001306575941782443}. Best is trial 27 with value: 240.0508575439453.
LOCAL_RANK: 0 - CUDA_VISIBLE_DEVICES: [0]
[I 2023-11-30 03:01:54,188] Trial 88 finished with value: 417.3785705566406 and parameters: {'gradient_clip_val': 0.27652956883447577, 'hidden_size': 52, 'dropout': 0.29169753204205706, 'hidden_continuous_size': 26, 'attention_head_size': 3, 'learning_rate': 0.0021661307658001343}. Best is trial 27 with value: 240.0508575439453.
LOCAL_RANK: 0 - CUDA_VISIBLE_DEVICES: [0]
[I 2023-11-30 03:02:08,356] Trial 89 finished with value: 234.47900390625 and parameters: {'gradient_clip_val': 0.16158825584237685, 'hidden_size': 126, 'dropout': 0.29717823758672496, 'hidden_continuous_size': 38, 'attention_head_size': 1, 'learning_rate': 0.0015982045328999963}. Best is trial 89 with value: 234.47900390625.
LOCAL_RANK: 0 - CUDA_VISIBLE_DEVICES: [0]
[I 2023-11-30 03:02:22,347] Trial 90 finished with value: 351.5085144042969 and parameters: {'gradient_clip_val': 0.16129326671044017, 'hidden_size': 132, 'dropout': 0.2962963404830938, 'hidden_continuous_size': 35, 'attention_head_size': 1, 'learning_rate': 0.00292978170039335}. Best is trial 89 with value: 234.47900390625.
LOCAL_RANK: 0 - CUDA_VISIBLE_DEVICES: [0]
[I 2023-11-30 03:02:36,428] Trial 91 finished with value: 417.5885314941406 and parameters: {'gradient_clip_val': 0.14903569631058988, 'hidden_size': 119, 'dropout': 0.2832217020695492, 'hidden_continuous_size': 43, 'attention_head_size': 1, 'learning_rate': 0.0019005419431981077}. Best is trial 89 with value: 234.47900390625.
LOCAL_RANK: 0 - CUDA_VISIBLE_DEVICES: [0]
[I 2023-11-30 03:02:50,657] Trial 92 finished with value: 253.22760009765625 and parameters: {'gradient_clip_val': 0.17505691929215855, 'hidden_size': 146, 'dropout': 0.3052360854189853, 'hidden_continuous_size': 37, 'attention_head_size': 1, 'learning_rate': 0.0016056533848589755}. Best is trial 89 with value: 234.47900390625.
LOCAL_RANK: 0 - CUDA_VISIBLE_DEVICES: [0]
[I 2023-11-30 03:03:04,828] Trial 93 finished with value: 272.9351501464844 and parameters: {'gradient_clip_val': 0.14291941723309304, 'hidden_size': 147, 'dropout': 0.304518168803023, 'hidden_continuous_size': 38, 'attention_head_size': 1, 'learning_rate': 0.0014788455774530313}. Best is trial 89 with value: 234.47900390625.
LOCAL_RANK: 0 - CUDA_VISIBLE_DEVICES: [0]
[I 2023-11-30 03:03:19,023] Trial 94 finished with value: 344.201904296875 and parameters: {'gradient_clip_val': 0.17263946275940845, 'hidden_size': 130, 'dropout': 0.32459686758174056, 'hidden_continuous_size': 37, 'attention_head_size': 1, 'learning_rate': 0.0012285726308686024}. Best is trial 89 with value: 234.47900390625.
LOCAL_RANK: 0 - CUDA_VISIBLE_DEVICES: [0]
[I 2023-11-30 03:03:32,936] Trial 95 finished with value: 460.2305603027344 and parameters: {'gradient_clip_val': 0.1667456080368978, 'hidden_size': 144, 'dropout': 0.2956479450500352, 'hidden_continuous_size': 32, 'attention_head_size': 1, 'learning_rate': 0.0010866573757296648}. Best is trial 89 with value: 234.47900390625.
LOCAL_RANK: 0 - CUDA_VISIBLE_DEVICES: [0]
[I 2023-11-30 03:03:47,000] Trial 96 finished with value: 281.14794921875 and parameters: {'gradient_clip_val': 0.1824484634222632, 'hidden_size': 127, 'dropout': 0.2687597668792536, 'hidden_continuous_size': 39, 'attention_head_size': 3, 'learning_rate': 0.002302529243132655}. Best is trial 89 with value: 234.47900390625.
LOCAL_RANK: 0 - CUDA_VISIBLE_DEVICES: [0]
[I 2023-11-30 03:04:00,667] Trial 97 finished with value: 262.0329895019531 and parameters: {'gradient_clip_val': 0.1590651861552206, 'hidden_size': 112, 'dropout': 0.3027487262309868, 'hidden_continuous_size': 30, 'attention_head_size': 1, 'learning_rate': 0.0016120159391813846}. Best is trial 89 with value: 234.47900390625.
LOCAL_RANK: 0 - CUDA_VISIBLE_DEVICES: [0]
[I 2023-11-30 03:04:14,575] Trial 98 finished with value: 326.0439453125 and parameters: {'gradient_clip_val': 0.15987292506443976, 'hidden_size': 109, 'dropout': 0.3100229457235214, 'hidden_continuous_size': 34, 'attention_head_size': 1, 'learning_rate': 0.001635844948850445}. Best is trial 89 with value: 234.47900390625.
LOCAL_RANK: 0 - CUDA_VISIBLE_DEVICES: [0]
[I 2023-11-30 03:04:28,475] Trial 99 finished with value: 325.8372497558594 and parameters: {'gradient_clip_val': 0.1689369990429169, 'hidden_size': 114, 'dropout': 0.2881654395998565, 'hidden_continuous_size': 31, 'attention_head_size': 1, 'learning_rate': 0.0013716360850050025}. Best is trial 89 with value: 234.47900390625.
LOCAL_RANK: 0 - CUDA_VISIBLE_DEVICES: [0]
[I 2023-11-30 03:04:42,266] Trial 100 finished with value: 239.8289337158203 and parameters: {'gradient_clip_val': 0.1422281885589972, 'hidden_size': 120, 'dropout': 0.3031119948418868, 'hidden_continuous_size': 40, 'attention_head_size': 1, 'learning_rate': 0.0015618800379426049}. Best is trial 89 with value: 234.47900390625.
LOCAL_RANK: 0 - CUDA_VISIBLE_DEVICES: [0]
[I 2023-11-30 03:04:56,122] Trial 101 finished with value: 314.16986083984375 and parameters: {'gradient_clip_val': 0.1368858648801539, 'hidden_size': 101, 'dropout': 0.3142237054525248, 'hidden_continuous_size': 41, 'attention_head_size': 1, 'learning_rate': 0.001549202794523221}. Best is trial 89 with value: 234.47900390625.
LOCAL_RANK: 0 - CUDA_VISIBLE_DEVICES: [0]
[I 2023-11-30 03:05:09,958] Trial 102 finished with value: 425.0779724121094 and parameters: {'gradient_clip_val': 0.1489955532843813, 'hidden_size': 122, 'dropout': 0.3025824745078074, 'hidden_continuous_size': 40, 'attention_head_size': 1, 'learning_rate': 0.001260411223471303}. Best is trial 89 with value: 234.47900390625.
LOCAL_RANK: 0 - CUDA_VISIBLE_DEVICES: [0]
[I 2023-11-30 03:05:23,940] Trial 103 finished with value: 313.3433532714844 and parameters: {'gradient_clip_val': 0.15470286192710372, 'hidden_size': 109, 'dropout': 0.27723094409572097, 'hidden_continuous_size': 47, 'attention_head_size': 1, 'learning_rate': 0.001068502009897881}. Best is trial 89 with value: 234.47900390625.
LOCAL_RANK: 0 - CUDA_VISIBLE_DEVICES: [0]
[I 2023-11-30 03:05:37,855] Trial 104 finished with value: 331.612060546875 and parameters: {'gradient_clip_val': 0.12052353002305415, 'hidden_size': 121, 'dropout': 0.32001976980359503, 'hidden_continuous_size': 37, 'attention_head_size': 1, 'learning_rate': 0.0020848004492513986}. Best is trial 89 with value: 234.47900390625.
LOCAL_RANK: 0 - CUDA_VISIBLE_DEVICES: [0]
[I 2023-11-30 03:05:51,529] Trial 105 finished with value: 280.8127746582031 and parameters: {'gradient_clip_val': 0.17606615876467588, 'hidden_size': 104, 'dropout': 0.3257610556562184, 'hidden_continuous_size': 34, 'attention_head_size': 1, 'learning_rate': 0.0024185512948904715}. Best is trial 89 with value: 234.47900390625.
LOCAL_RANK: 0 - CUDA_VISIBLE_DEVICES: [0]
[I 2023-11-30 03:06:04,325] Trial 106 finished with value: 499.22900390625 and parameters: {'gradient_clip_val': 0.15983943740874762, 'hidden_size': 50, 'dropout': 0.3063116038286226, 'hidden_continuous_size': 15, 'attention_head_size': 1, 'learning_rate': 0.0013533934375747731}. Best is trial 89 with value: 234.47900390625.
LOCAL_RANK: 0 - CUDA_VISIBLE_DEVICES: [0]
[I 2023-11-30 03:06:18,396] Trial 107 finished with value: 403.9961242675781 and parameters: {'gradient_clip_val': 0.184539484300768, 'hidden_size': 150, 'dropout': 0.2847778514779027, 'hidden_continuous_size': 13, 'attention_head_size': 1, 'learning_rate': 0.0016675575588101198}. Best is trial 89 with value: 234.47900390625.
LOCAL_RANK: 0 - CUDA_VISIBLE_DEVICES: [0]
[I 2023-11-30 03:06:32,350] Trial 108 finished with value: 369.489013671875 and parameters: {'gradient_clip_val': 0.12786678454483252, 'hidden_size': 128, 'dropout': 0.2950637204439677, 'hidden_continuous_size': 46, 'attention_head_size': 1, 'learning_rate': 0.0019378817476133278}. Best is trial 89 with value: 234.47900390625.
LOCAL_RANK: 0 - CUDA_VISIBLE_DEVICES: [0]
[I 2023-11-30 03:06:45,069] Trial 109 finished with value: 418.3149719238281 and parameters: {'gradient_clip_val': 0.19401894620536442, 'hidden_size': 56, 'dropout': 0.3024957217141723, 'hidden_continuous_size': 14, 'attention_head_size': 1, 'learning_rate': 0.0014974629493760508}. Best is trial 89 with value: 234.47900390625.
LOCAL_RANK: 0 - CUDA_VISIBLE_DEVICES: [0]
[I 2023-11-30 03:06:58,971] Trial 110 finished with value: 366.4670715332031 and parameters: {'gradient_clip_val': 0.13887047799768354, 'hidden_size': 115, 'dropout': 0.3339831247047517, 'hidden_continuous_size': 36, 'attention_head_size': 1, 'learning_rate': 0.0011678225097589904}. Best is trial 89 with value: 234.47900390625.
LOCAL_RANK: 0 - CUDA_VISIBLE_DEVICES: [0]
[I 2023-11-30 03:07:13,142] Trial 111 finished with value: 279.0266418457031 and parameters: {'gradient_clip_val': 0.14780027076835642, 'hidden_size': 135, 'dropout': 0.3117933444695408, 'hidden_continuous_size': 28, 'attention_head_size': 3, 'learning_rate': 0.002028719000879237}. Best is trial 89 with value: 234.47900390625.
LOCAL_RANK: 0 - CUDA_VISIBLE_DEVICES: [0]
[I 2023-11-30 03:07:27,150] Trial 112 finished with value: 461.7884216308594 and parameters: {'gradient_clip_val': 0.21515582730331673, 'hidden_size': 141, 'dropout': 0.2976409622722102, 'hidden_continuous_size': 30, 'attention_head_size': 1, 'learning_rate': 0.002627163845199032}. Best is trial 89 with value: 234.47900390625.
LOCAL_RANK: 0 - CUDA_VISIBLE_DEVICES: [0]
[I 2023-11-30 03:07:40,236] Trial 113 finished with value: 592.5698852539062 and parameters: {'gradient_clip_val': 0.16747768317642117, 'hidden_size': 45, 'dropout': 0.29031432480135205, 'hidden_continuous_size': 16, 'attention_head_size': 4, 'learning_rate': 0.0017364634786328312}. Best is trial 89 with value: 234.47900390625.
LOCAL_RANK: 0 - CUDA_VISIBLE_DEVICES: [0]
[I 2023-11-30 03:07:54,462] Trial 114 finished with value: 364.552001953125 and parameters: {'gradient_clip_val': 0.15531309324989714, 'hidden_size': 142, 'dropout': 0.3178017546666302, 'hidden_continuous_size': 29, 'attention_head_size': 3, 'learning_rate': 0.002293943734666636}. Best is trial 89 with value: 234.47900390625.
LOCAL_RANK: 0 - CUDA_VISIBLE_DEVICES: [0]
[I 2023-11-30 03:08:08,413] Trial 115 finished with value: 440.8875427246094 and parameters: {'gradient_clip_val': 0.19942220711645503, 'hidden_size': 130, 'dropout': 0.2784419630333162, 'hidden_continuous_size': 33, 'attention_head_size': 1, 'learning_rate': 0.003262316937758461}. Best is trial 89 with value: 234.47900390625.
LOCAL_RANK: 0 - CUDA_VISIBLE_DEVICES: [0]
[I 2023-11-30 03:08:22,090] Trial 116 finished with value: 278.5111999511719 and parameters: {'gradient_clip_val': 0.14198209964382702, 'hidden_size': 111, 'dropout': 0.30058939124163064, 'hidden_continuous_size': 17, 'attention_head_size': 1, 'learning_rate': 0.001890848380230403}. Best is trial 89 with value: 234.47900390625.
LOCAL_RANK: 0 - CUDA_VISIBLE_DEVICES: [0]
[I 2023-11-30 03:08:36,016] Trial 117 finished with value: 420.4569396972656 and parameters: {'gradient_clip_val': 0.17772282342925083, 'hidden_size': 136, 'dropout': 0.32692877322516256, 'hidden_continuous_size': 42, 'attention_head_size': 1, 'learning_rate': 0.002758105696143123}. Best is trial 89 with value: 234.47900390625.
LOCAL_RANK: 0 - CUDA_VISIBLE_DEVICES: [0]
[I 2023-11-30 03:08:50,307] Trial 118 finished with value: 352.51953125 and parameters: {'gradient_clip_val': 0.12842165028521654, 'hidden_size': 150, 'dropout': 0.30974848655517095, 'hidden_continuous_size': 27, 'attention_head_size': 3, 'learning_rate': 0.001398579210499143}. Best is trial 89 with value: 234.47900390625.
LOCAL_RANK: 0 - CUDA_VISIBLE_DEVICES: [0]
[I 2023-11-30 03:09:04,417] Trial 119 finished with value: 368.4563903808594 and parameters: {'gradient_clip_val': 0.20294843975739313, 'hidden_size': 125, 'dropout': 0.255986145832508, 'hidden_continuous_size': 35, 'attention_head_size': 1, 'learning_rate': 0.001579855671588242}. Best is trial 89 with value: 234.47900390625.
LOCAL_RANK: 0 - CUDA_VISIBLE_DEVICES: [0]
[I 2023-11-30 03:09:18,339] Trial 120 finished with value: 389.0222473144531 and parameters: {'gradient_clip_val': 0.190152635348663, 'hidden_size': 98, 'dropout': 0.28376916298802973, 'hidden_continuous_size': 39, 'attention_head_size': 3, 'learning_rate': 0.0010280921734760029}. Best is trial 89 with value: 234.47900390625.
LOCAL_RANK: 0 - CUDA_VISIBLE_DEVICES: [0]
[I 2023-11-30 03:09:32,203] Trial 121 finished with value: 242.6839141845703 and parameters: {'gradient_clip_val': 0.24967917197546616, 'hidden_size': 106, 'dropout': 0.3366507588476009, 'hidden_continuous_size': 45, 'attention_head_size': 1, 'learning_rate': 0.0017779542101297174}. Best is trial 89 with value: 234.47900390625.
LOCAL_RANK: 0 - CUDA_VISIBLE_DEVICES: [0]
[I 2023-11-30 03:09:46,057] Trial 122 finished with value: 277.5502624511719 and parameters: {'gradient_clip_val': 0.25995131267852467, 'hidden_size': 90, 'dropout': 0.3477260193421503, 'hidden_continuous_size': 47, 'attention_head_size': 1, 'learning_rate': 0.002069183410606974}. Best is trial 89 with value: 234.47900390625.
LOCAL_RANK: 0 - CUDA_VISIBLE_DEVICES: [0]
