[I 2023-11-29 22:44:54,451] Trial 96 finished with value: 12.349159240722656 and parameters: {'gradient_clip_val': 0.6095233104438993, 'hidden_size': 68, 'dropout': 0.3331608942910025, 'hidden_continuous_size': 35, 'attention_head_size': 3, 'learning_rate': 0.007492794207837207}. Best is trial 63 with value: 7.898475646972656.
LOCAL_RANK: 0 - CUDA_VISIBLE_DEVICES: [0]
[I 2023-11-29 22:45:07,544] Trial 97 finished with value: 10.217780113220215 and parameters: {'gradient_clip_val': 0.41295168945127314, 'hidden_size': 48, 'dropout': 0.3394519154245951, 'hidden_continuous_size': 32, 'attention_head_size': 3, 'learning_rate': 0.004236862838116926}. Best is trial 63 with value: 7.898475646972656.
LOCAL_RANK: 0 - CUDA_VISIBLE_DEVICES: [0]
[I 2023-11-29 22:45:21,177] Trial 98 finished with value: 11.209467887878418 and parameters: {'gradient_clip_val': 0.4779579652867729, 'hidden_size': 63, 'dropout': 0.31673736772760547, 'hidden_continuous_size': 28, 'attention_head_size': 3, 'learning_rate': 0.005883877526386963}. Best is trial 63 with value: 7.898475646972656.
LOCAL_RANK: 0 - CUDA_VISIBLE_DEVICES: [0]
[I 2023-11-29 22:45:33,982] Trial 99 finished with value: 8.682297706604004 and parameters: {'gradient_clip_val': 0.5829572539466177, 'hidden_size': 41, 'dropout': 0.32819992206361825, 'hidden_continuous_size': 30, 'attention_head_size': 2, 'learning_rate': 0.006745692568843715}. Best is trial 63 with value: 7.898475646972656.
LOCAL_RANK: 0 - CUDA_VISIBLE_DEVICES: [0]
[I 2023-11-29 22:45:46,837] Trial 100 finished with value: 9.745025634765625 and parameters: {'gradient_clip_val': 0.5699629630668759, 'hidden_size': 42, 'dropout': 0.3253670848745094, 'hidden_continuous_size': 30, 'attention_head_size': 2, 'learning_rate': 0.008930872188214383}. Best is trial 63 with value: 7.898475646972656.
LOCAL_RANK: 0 - CUDA_VISIBLE_DEVICES: [0]
[I 2023-11-29 22:45:59,419] Trial 101 finished with value: 9.295246124267578 and parameters: {'gradient_clip_val': 0.525994258918741, 'hidden_size': 40, 'dropout': 0.3478168901972683, 'hidden_continuous_size': 29, 'attention_head_size': 2, 'learning_rate': 0.0064948454098437275}. Best is trial 63 with value: 7.898475646972656.
LOCAL_RANK: 0 - CUDA_VISIBLE_DEVICES: [0]
[I 2023-11-29 22:46:12,879] Trial 102 finished with value: 9.740997314453125 and parameters: {'gradient_clip_val': 0.5016106348350888, 'hidden_size': 55, 'dropout': 0.3321819654784306, 'hidden_continuous_size': 35, 'attention_head_size': 2, 'learning_rate': 0.007898645914120558}. Best is trial 63 with value: 7.898475646972656.
LOCAL_RANK: 0 - CUDA_VISIBLE_DEVICES: [0]
[I 2023-11-29 22:46:26,070] Trial 103 finished with value: 10.405227661132812 and parameters: {'gradient_clip_val': 0.5853306013153572, 'hidden_size': 50, 'dropout': 0.35617292491077196, 'hidden_continuous_size': 32, 'attention_head_size': 2, 'learning_rate': 0.0054019802964747135}. Best is trial 63 with value: 7.898475646972656.
LOCAL_RANK: 0 - CUDA_VISIBLE_DEVICES: [0]
[I 2023-11-29 22:46:38,948] Trial 104 finished with value: 12.055716514587402 and parameters: {'gradient_clip_val': 0.6744121417544172, 'hidden_size': 46, 'dropout': 0.31857789038884143, 'hidden_continuous_size': 30, 'attention_head_size': 2, 'learning_rate': 0.006915874129767335}. Best is trial 63 with value: 7.898475646972656.
LOCAL_RANK: 0 - CUDA_VISIBLE_DEVICES: [0]
[I 2023-11-29 22:46:52,166] Trial 105 finished with value: 11.634411811828613 and parameters: {'gradient_clip_val': 0.45714101680790475, 'hidden_size': 58, 'dropout': 0.311951642231251, 'hidden_continuous_size': 26, 'attention_head_size': 3, 'learning_rate': 0.004762960896077653}. Best is trial 63 with value: 7.898475646972656.
LOCAL_RANK: 0 - CUDA_VISIBLE_DEVICES: [0]
[I 2023-11-29 22:47:04,949] Trial 106 finished with value: 10.762837409973145 and parameters: {'gradient_clip_val': 0.6139106373945911, 'hidden_size': 44, 'dropout': 0.34185664463377957, 'hidden_continuous_size': 27, 'attention_head_size': 3, 'learning_rate': 0.009817629571269061}. Best is trial 63 with value: 7.898475646972656.
LOCAL_RANK: 0 - CUDA_VISIBLE_DEVICES: [0]
[I 2023-11-29 22:47:18,275] Trial 107 finished with value: 13.318219184875488 and parameters: {'gradient_clip_val': 0.4351209034298626, 'hidden_size': 61, 'dropout': 0.3262679221304495, 'hidden_continuous_size': 25, 'attention_head_size': 3, 'learning_rate': 0.008096397805722994}. Best is trial 63 with value: 7.898475646972656.
LOCAL_RANK: 0 - CUDA_VISIBLE_DEVICES: [0]
[I 2023-11-29 22:47:31,153] Trial 108 finished with value: 9.791976928710938 and parameters: {'gradient_clip_val': 0.5485992869532015, 'hidden_size': 41, 'dropout': 0.3679193628499662, 'hidden_continuous_size': 32, 'attention_head_size': 3, 'learning_rate': 0.00588253286218523}. Best is trial 63 with value: 7.898475646972656.
LOCAL_RANK: 0 - CUDA_VISIBLE_DEVICES: [0]
[I 2023-11-29 22:47:44,387] Trial 109 finished with value: 9.326977729797363 and parameters: {'gradient_clip_val': 0.5160121190324635, 'hidden_size': 52, 'dropout': 0.35197970017350183, 'hidden_continuous_size': 37, 'attention_head_size': 2, 'learning_rate': 0.004122457437452486}. Best is trial 63 with value: 7.898475646972656.
LOCAL_RANK: 0 - CUDA_VISIBLE_DEVICES: [0]
[I 2023-11-29 22:47:57,894] Trial 110 finished with value: 13.491414070129395 and parameters: {'gradient_clip_val': 0.38263236434959, 'hidden_size': 72, 'dropout': 0.3023986257075414, 'hidden_continuous_size': 38, 'attention_head_size': 3, 'learning_rate': 0.006553459186059421}. Best is trial 63 with value: 7.898475646972656.
LOCAL_RANK: 0 - CUDA_VISIBLE_DEVICES: [0]
[I 2023-11-29 22:48:10,977] Trial 111 finished with value: 8.418536186218262 and parameters: {'gradient_clip_val': 0.48494786298414294, 'hidden_size': 47, 'dropout': 0.315310945962795, 'hidden_continuous_size': 30, 'attention_head_size': 3, 'learning_rate': 0.007196226972898371}. Best is trial 63 with value: 7.898475646972656.
LOCAL_RANK: 0 - CUDA_VISIBLE_DEVICES: [0]
[I 2023-11-29 22:48:24,017] Trial 112 finished with value: 10.978492736816406 and parameters: {'gradient_clip_val': 0.4910243321721134, 'hidden_size': 47, 'dropout': 0.3354472647541991, 'hidden_continuous_size': 34, 'attention_head_size': 3, 'learning_rate': 0.007086722670683221}. Best is trial 63 with value: 7.898475646972656.
LOCAL_RANK: 0 - CUDA_VISIBLE_DEVICES: [0]
[I 2023-11-29 22:48:37,364] Trial 113 finished with value: 11.517109870910645 and parameters: {'gradient_clip_val': 0.4626296737471221, 'hidden_size': 55, 'dropout': 0.31306766426314764, 'hidden_continuous_size': 28, 'attention_head_size': 3, 'learning_rate': 0.005093463521175649}. Best is trial 63 with value: 7.898475646972656.
LOCAL_RANK: 0 - CUDA_VISIBLE_DEVICES: [0]
[I 2023-11-29 22:48:50,102] Trial 114 finished with value: 12.529950141906738 and parameters: {'gradient_clip_val': 0.40118248266431034, 'hidden_size': 44, 'dropout': 0.29694374381182836, 'hidden_continuous_size': 29, 'attention_head_size': 3, 'learning_rate': 0.009136309913815824}. Best is trial 63 with value: 7.898475646972656.
LOCAL_RANK: 0 - CUDA_VISIBLE_DEVICES: [0]
[I 2023-11-29 22:49:03,219] Trial 115 finished with value: 8.657085418701172 and parameters: {'gradient_clip_val': 0.586570663545711, 'hidden_size': 50, 'dropout': 0.2872784191160315, 'hidden_continuous_size': 31, 'attention_head_size': 3, 'learning_rate': 0.00761218055573255}. Best is trial 63 with value: 7.898475646972656.
LOCAL_RANK: 0 - CUDA_VISIBLE_DEVICES: [0]
[I 2023-11-29 22:49:16,011] Trial 116 finished with value: 11.327349662780762 and parameters: {'gradient_clip_val': 0.6285872477826666, 'hidden_size': 38, 'dropout': 0.2894874126747422, 'hidden_continuous_size': 31, 'attention_head_size': 3, 'learning_rate': 0.007576026956812723}. Best is trial 63 with value: 7.898475646972656.
LOCAL_RANK: 0 - CUDA_VISIBLE_DEVICES: [0]
[I 2023-11-29 22:49:29,481] Trial 117 finished with value: 13.423510551452637 and parameters: {'gradient_clip_val': 0.5807600448491385, 'hidden_size': 60, 'dropout': 0.2861593682313893, 'hidden_continuous_size': 40, 'attention_head_size': 3, 'learning_rate': 0.01157082437327376}. Best is trial 63 with value: 7.898475646972656.
LOCAL_RANK: 0 - CUDA_VISIBLE_DEVICES: [0]
[I 2023-11-29 22:49:42,345] Trial 118 finished with value: 9.233956336975098 and parameters: {'gradient_clip_val': 0.5590668183983909, 'hidden_size': 35, 'dropout': 0.27381033027354645, 'hidden_continuous_size': 17, 'attention_head_size': 3, 'learning_rate': 0.010232921519801525}. Best is trial 63 with value: 7.898475646972656.
LOCAL_RANK: 0 - CUDA_VISIBLE_DEVICES: [0]
[I 2023-11-29 22:49:55,677] Trial 119 finished with value: 10.332291603088379 and parameters: {'gradient_clip_val': 0.6574229225771808, 'hidden_size': 65, 'dropout': 0.3083719922883599, 'hidden_continuous_size': 35, 'attention_head_size': 1, 'learning_rate': 0.008640747888571275}. Best is trial 63 with value: 7.898475646972656.
LOCAL_RANK: 0 - CUDA_VISIBLE_DEVICES: [0]
[I 2023-11-29 22:50:08,586] Trial 120 finished with value: 10.196943283081055 and parameters: {'gradient_clip_val': 0.5345558192586561, 'hidden_size': 41, 'dropout': 0.2817543292600991, 'hidden_continuous_size': 31, 'attention_head_size': 4, 'learning_rate': 0.005886369416085957}. Best is trial 63 with value: 7.898475646972656.
LOCAL_RANK: 0 - CUDA_VISIBLE_DEVICES: [0]
[I 2023-11-29 22:50:21,702] Trial 121 finished with value: 9.249685287475586 and parameters: {'gradient_clip_val': 0.4793437497452886, 'hidden_size': 49, 'dropout': 0.29610593632502147, 'hidden_continuous_size': 30, 'attention_head_size': 3, 'learning_rate': 0.006377511359831824}. Best is trial 63 with value: 7.898475646972656.
LOCAL_RANK: 0 - CUDA_VISIBLE_DEVICES: [0]
[I 2023-11-29 22:50:34,963] Trial 122 finished with value: 11.817527770996094 and parameters: {'gradient_clip_val': 0.5138487507283422, 'hidden_size': 53, 'dropout': 0.32095440343989656, 'hidden_continuous_size': 29, 'attention_head_size': 3, 'learning_rate': 0.008131405244798657}. Best is trial 63 with value: 7.898475646972656.
LOCAL_RANK: 0 - CUDA_VISIBLE_DEVICES: [0]
[I 2023-11-29 22:50:48,105] Trial 123 finished with value: 11.497519493103027 and parameters: {'gradient_clip_val': 0.44047141746298674, 'hidden_size': 50, 'dropout': 0.30446819980674095, 'hidden_continuous_size': 28, 'attention_head_size': 3, 'learning_rate': 0.007257297057822818}. Best is trial 63 with value: 7.898475646972656.
LOCAL_RANK: 0 - CUDA_VISIBLE_DEVICES: [0]
[I 2023-11-29 22:51:00,849] Trial 124 finished with value: 11.23456859588623 and parameters: {'gradient_clip_val': 0.5874618987192695, 'hidden_size': 44, 'dropout': 0.32769590444149904, 'hidden_continuous_size': 32, 'attention_head_size': 3, 'learning_rate': 0.005378604723665138}. Best is trial 63 with value: 7.898475646972656.
LOCAL_RANK: 0 - CUDA_VISIBLE_DEVICES: [0]
[I 2023-11-29 22:51:13,914] Trial 125 finished with value: 9.577629089355469 and parameters: {'gradient_clip_val': 0.6942638313144873, 'hidden_size': 47, 'dropout': 0.27122867383814603, 'hidden_continuous_size': 31, 'attention_head_size': 3, 'learning_rate': 0.004367111724159313}. Best is trial 63 with value: 7.898475646972656.
LOCAL_RANK: 0 - CUDA_VISIBLE_DEVICES: [0]
[I 2023-11-29 22:51:27,292] Trial 126 finished with value: 11.802199363708496 and parameters: {'gradient_clip_val': 0.48684828673120195, 'hidden_size': 67, 'dropout': 0.3423236976831814, 'hidden_continuous_size': 26, 'attention_head_size': 3, 'learning_rate': 0.009424042213005003}. Best is trial 63 with value: 7.898475646972656.
LOCAL_RANK: 0 - CUDA_VISIBLE_DEVICES: [0]
[I 2023-11-29 22:51:40,486] Trial 127 finished with value: 11.581817626953125 and parameters: {'gradient_clip_val': 0.5432840017526501, 'hidden_size': 57, 'dropout': 0.35914413261841516, 'hidden_continuous_size': 26, 'attention_head_size': 3, 'learning_rate': 0.006575534681563094}. Best is trial 63 with value: 7.898475646972656.
LOCAL_RANK: 0 - CUDA_VISIBLE_DEVICES: [0]
[I 2023-11-29 22:51:54,086] Trial 128 finished with value: 10.044224739074707 and parameters: {'gradient_clip_val': 0.6336150206965729, 'hidden_size': 62, 'dropout': 0.3801439015104931, 'hidden_continuous_size': 41, 'attention_head_size': 3, 'learning_rate': 0.004938695961504401}. Best is trial 63 with value: 7.898475646972656.
LOCAL_RANK: 0 - CUDA_VISIBLE_DEVICES: [0]
[I 2023-11-29 22:52:07,026] Trial 129 finished with value: 11.01263427734375 and parameters: {'gradient_clip_val': 0.4666820433057761, 'hidden_size': 53, 'dropout': 0.31925848137993756, 'hidden_continuous_size': 27, 'attention_head_size': 3, 'learning_rate': 0.01089927864665356}. Best is trial 63 with value: 7.898475646972656.
LOCAL_RANK: 0 - CUDA_VISIBLE_DEVICES: [0]
[I 2023-11-29 22:52:19,738] Trial 130 finished with value: 11.262641906738281 and parameters: {'gradient_clip_val': 0.4250986708675729, 'hidden_size': 39, 'dropout': 0.26552302405202494, 'hidden_continuous_size': 18, 'attention_head_size': 3, 'learning_rate': 0.012723095013396671}. Best is trial 63 with value: 7.898475646972656.
LOCAL_RANK: 0 - CUDA_VISIBLE_DEVICES: [0]
[I 2023-11-29 22:52:32,722] Trial 131 finished with value: 10.209714889526367 and parameters: {'gradient_clip_val': 0.5330454388532614, 'hidden_size': 46, 'dropout': 0.3152593154052053, 'hidden_continuous_size': 30, 'attention_head_size': 3, 'learning_rate': 0.007205879404216412}. Best is trial 63 with value: 7.898475646972656.
LOCAL_RANK: 0 - CUDA_VISIBLE_DEVICES: [0]
[I 2023-11-29 22:52:45,890] Trial 132 finished with value: 8.027352333068848 and parameters: {'gradient_clip_val': 0.5143341700518343, 'hidden_size': 50, 'dropout': 0.3085693203574022, 'hidden_continuous_size': 34, 'attention_head_size': 3, 'learning_rate': 0.008070534274821099}. Best is trial 63 with value: 7.898475646972656.
LOCAL_RANK: 0 - CUDA_VISIBLE_DEVICES: [0]
[I 2023-11-29 22:52:59,046] Trial 133 finished with value: 11.443379402160645 and parameters: {'gradient_clip_val': 0.49820758901269346, 'hidden_size': 50, 'dropout': 0.2999180677437261, 'hidden_continuous_size': 34, 'attention_head_size': 3, 'learning_rate': 0.00831871274722291}. Best is trial 63 with value: 7.898475646972656.
LOCAL_RANK: 0 - CUDA_VISIBLE_DEVICES: [0]
[I 2023-11-29 22:53:12,105] Trial 134 finished with value: 9.69922924041748 and parameters: {'gradient_clip_val': 0.5641105880952625, 'hidden_size': 42, 'dropout': 0.3289340238509938, 'hidden_continuous_size': 33, 'attention_head_size': 3, 'learning_rate': 0.0059420848574814255}. Best is trial 63 with value: 7.898475646972656.
LOCAL_RANK: 0 - CUDA_VISIBLE_DEVICES: [0]
[I 2023-11-29 22:53:25,653] Trial 135 finished with value: 12.975274085998535 and parameters: {'gradient_clip_val': 0.592522586073042, 'hidden_size': 58, 'dropout': 0.30352412121306865, 'hidden_continuous_size': 52, 'attention_head_size': 3, 'learning_rate': 0.007842375372736781}. Best is trial 63 with value: 7.898475646972656.
LOCAL_RANK: 0 - CUDA_VISIBLE_DEVICES: [0]
[I 2023-11-29 22:53:38,946] Trial 136 finished with value: 15.21594524383545 and parameters: {'gradient_clip_val': 0.445163118927883, 'hidden_size': 55, 'dropout': 0.3345701698346568, 'hidden_continuous_size': 32, 'attention_head_size': 3, 'learning_rate': 0.0088926767899973}. Best is trial 63 with value: 7.898475646972656.
LOCAL_RANK: 0 - CUDA_VISIBLE_DEVICES: [0]
[I 2023-11-29 22:53:51,806] Trial 137 finished with value: 9.28707218170166 and parameters: {'gradient_clip_val': 0.5121876790512244, 'hidden_size': 48, 'dropout': 0.34733495039302986, 'hidden_continuous_size': 28, 'attention_head_size': 3, 'learning_rate': 0.010179146139730132}. Best is trial 63 with value: 7.898475646972656.
LOCAL_RANK: 0 - CUDA_VISIBLE_DEVICES: [0]
[I 2023-11-29 22:54:04,796] Trial 138 finished with value: 11.110116004943848 and parameters: {'gradient_clip_val': 0.4119876463617006, 'hidden_size': 51, 'dropout': 0.2942693102876014, 'hidden_continuous_size': 29, 'attention_head_size': 2, 'learning_rate': 0.005529342339579165}. Best is trial 63 with value: 7.898475646972656.
LOCAL_RANK: 0 - CUDA_VISIBLE_DEVICES: [0]
[I 2023-11-29 22:54:17,789] Trial 139 finished with value: 8.445034980773926 and parameters: {'gradient_clip_val': 0.4655623746456038, 'hidden_size': 44, 'dropout': 0.308865760125117, 'hidden_continuous_size': 31, 'attention_head_size': 3, 'learning_rate': 0.006695438490342284}. Best is trial 63 with value: 7.898475646972656.
LOCAL_RANK: 0 - CUDA_VISIBLE_DEVICES: [0]
[I 2023-11-29 22:54:30,272] Trial 140 finished with value: 8.454972267150879 and parameters: {'gradient_clip_val': 0.33277589057784535, 'hidden_size': 36, 'dropout': 0.3131484595466127, 'hidden_continuous_size': 14, 'attention_head_size': 3, 'learning_rate': 0.007548046031016789}. Best is trial 63 with value: 7.898475646972656.
LOCAL_RANK: 0 - CUDA_VISIBLE_DEVICES: [0]
[I 2023-11-29 22:54:42,749] Trial 141 finished with value: 13.001301765441895 and parameters: {'gradient_clip_val': 0.3530005730926201, 'hidden_size': 36, 'dropout': 0.31104789613096434, 'hidden_continuous_size': 23, 'attention_head_size': 3, 'learning_rate': 0.0073803548989033645}. Best is trial 63 with value: 7.898475646972656.
LOCAL_RANK: 0 - CUDA_VISIBLE_DEVICES: [0]
[I 2023-11-29 22:54:55,435] Trial 142 finished with value: 11.582221984863281 and parameters: {'gradient_clip_val': 0.4040323585933754, 'hidden_size': 38, 'dropout': 0.32315349385683745, 'hidden_continuous_size': 14, 'attention_head_size': 3, 'learning_rate': 0.006316757978848548}. Best is trial 63 with value: 7.898475646972656.
LOCAL_RANK: 0 - CUDA_VISIBLE_DEVICES: [0]
[I 2023-11-29 22:55:08,467] Trial 143 finished with value: 8.530548095703125 and parameters: {'gradient_clip_val': 0.3440681171853052, 'hidden_size': 41, 'dropout': 0.30920586878766204, 'hidden_continuous_size': 30, 'attention_head_size': 3, 'learning_rate': 0.007952198622425636}. Best is trial 63 with value: 7.898475646972656.
LOCAL_RANK: 0 - CUDA_VISIBLE_DEVICES: [0]
[I 2023-11-29 22:55:21,420] Trial 144 finished with value: 11.298970222473145 and parameters: {'gradient_clip_val': 0.3350281343858979, 'hidden_size': 33, 'dropout': 0.3085822975434328, 'hidden_continuous_size': 30, 'attention_head_size': 3, 'learning_rate': 0.0086925671900839}. Best is trial 63 with value: 7.898475646972656.
LOCAL_RANK: 0 - CUDA_VISIBLE_DEVICES: [0]
[I 2023-11-29 22:55:34,227] Trial 145 finished with value: 11.526607513427734 and parameters: {'gradient_clip_val': 0.33003002563562567, 'hidden_size': 41, 'dropout': 0.3143213417077658, 'hidden_continuous_size': 30, 'attention_head_size': 3, 'learning_rate': 0.006975997812840061}. Best is trial 63 with value: 7.898475646972656.
LOCAL_RANK: 0 - CUDA_VISIBLE_DEVICES: [0]
[I 2023-11-29 22:55:46,998] Trial 146 finished with value: 11.4166841506958 and parameters: {'gradient_clip_val': 0.34487833418526986, 'hidden_size': 35, 'dropout': 0.3221583480098981, 'hidden_continuous_size': 31, 'attention_head_size': 3, 'learning_rate': 0.003904995335663076}. Best is trial 63 with value: 7.898475646972656.
LOCAL_RANK: 0 - CUDA_VISIBLE_DEVICES: [0]
[I 2023-11-29 22:55:59,805] Trial 147 finished with value: 9.050331115722656 and parameters: {'gradient_clip_val': 0.36915305932241044, 'hidden_size': 43, 'dropout': 0.304928315030962, 'hidden_continuous_size': 19, 'attention_head_size': 3, 'learning_rate': 0.009393676598620285}. Best is trial 63 with value: 7.898475646972656.
LOCAL_RANK: 0 - CUDA_VISIBLE_DEVICES: [0]
[I 2023-11-29 22:56:12,668] Trial 148 finished with value: 10.431075096130371 and parameters: {'gradient_clip_val': 0.31895346655439494, 'hidden_size': 39, 'dropout': 0.2848780686942398, 'hidden_continuous_size': 32, 'attention_head_size': 3, 'learning_rate': 0.007826409527188303}. Best is trial 63 with value: 7.898475646972656.
LOCAL_RANK: 0 - CUDA_VISIBLE_DEVICES: [0]
[I 2023-11-29 22:56:25,384] Trial 149 finished with value: 16.34282684326172 and parameters: {'gradient_clip_val': 0.3899936398173253, 'hidden_size': 31, 'dropout': 0.2918383295709816, 'hidden_continuous_size': 16, 'attention_head_size': 3, 'learning_rate': 0.004644815812432778}. Best is trial 63 with value: 7.898475646972656.
[I 2023-11-29 22:56:25,496] A new study created in memory with name: no-name-8758658b-3276-4434-8522-39622bd164d6
/home/le004/conda/anaconda3/envs/tsff_env/lib/python3.9/site-packages/lightning/fabric/plugins/environments/slurm.py:191: The `srun` command is available on your system but is not used. HINT: If your intention is to run Lightning on SLURM, prepend your python command with `srun` like so: srun python /home/le004/master_thesis/git/TSFusionForecast/code/ ...
LOCAL_RANK: 0 - CUDA_VISIBLE_DEVICES: [0]
[I 2023-11-29 22:56:37,659] Trial 0 finished with value: 526.1530151367188 and parameters: {'gradient_clip_val': 0.3740861559330476, 'hidden_size': 13, 'dropout': 0.11373826208996574, 'hidden_continuous_size': 10, 'attention_head_size': 4, 'learning_rate': 0.002198293037486709}. Best is trial 0 with value: 526.1530151367188.
LOCAL_RANK: 0 - CUDA_VISIBLE_DEVICES: [0]
[I 2023-11-29 22:56:51,013] Trial 1 finished with value: 115.1950454711914 and parameters: {'gradient_clip_val': 0.16433705396844142, 'hidden_size': 51, 'dropout': 0.21964413331703908, 'hidden_continuous_size': 48, 'attention_head_size': 2, 'learning_rate': 0.017081812848043214}. Best is trial 1 with value: 115.1950454711914.
LOCAL_RANK: 0 - CUDA_VISIBLE_DEVICES: [0]
[I 2023-11-29 22:57:01,072] Trial 2 finished with value: 114.81175994873047 and parameters: {'gradient_clip_val': 0.5716583472522114, 'hidden_size': 12, 'dropout': 0.21210872459728825, 'hidden_continuous_size': 12, 'attention_head_size': 3, 'learning_rate': 0.07273584094851548}. Best is trial 2 with value: 114.81175994873047.
LOCAL_RANK: 0 - CUDA_VISIBLE_DEVICES: [0]
