[I 2023-11-29 21:15:08,094] Trial 140 finished with value: 49.45515441894531 and parameters: {'gradient_clip_val': 0.35566030033616636, 'hidden_size': 134, 'dropout': 0.1789298017290239, 'hidden_continuous_size': 40, 'attention_head_size': 3, 'learning_rate': 0.005044186468978391}. Best is trial 104 with value: 40.78007888793945.
LOCAL_RANK: 0 - CUDA_VISIBLE_DEVICES: [0]
[I 2023-11-29 21:15:22,097] Trial 141 finished with value: 44.85409164428711 and parameters: {'gradient_clip_val': 0.25125658614762875, 'hidden_size': 110, 'dropout': 0.15871312798055842, 'hidden_continuous_size': 47, 'attention_head_size': 3, 'learning_rate': 0.008970275230335242}. Best is trial 104 with value: 40.78007888793945.
LOCAL_RANK: 0 - CUDA_VISIBLE_DEVICES: [0]
[I 2023-11-29 21:15:36,057] Trial 142 finished with value: 49.8570556640625 and parameters: {'gradient_clip_val': 0.24748518591288138, 'hidden_size': 108, 'dropout': 0.16746789980887247, 'hidden_continuous_size': 46, 'attention_head_size': 3, 'learning_rate': 0.008962488847322748}. Best is trial 104 with value: 40.78007888793945.
LOCAL_RANK: 0 - CUDA_VISIBLE_DEVICES: [0]
[I 2023-11-29 21:15:49,935] Trial 143 finished with value: 57.01472091674805 and parameters: {'gradient_clip_val': 0.2369184070588687, 'hidden_size': 98, 'dropout': 0.1530752867643669, 'hidden_continuous_size': 43, 'attention_head_size': 3, 'learning_rate': 0.0079130982489488}. Best is trial 104 with value: 40.78007888793945.
LOCAL_RANK: 0 - CUDA_VISIBLE_DEVICES: [0]
[I 2023-11-29 21:16:04,107] Trial 144 finished with value: 54.374996185302734 and parameters: {'gradient_clip_val': 0.3233831695009843, 'hidden_size': 117, 'dropout': 0.16012912254116815, 'hidden_continuous_size': 50, 'attention_head_size': 3, 'learning_rate': 0.0060380699063341415}. Best is trial 104 with value: 40.78007888793945.
LOCAL_RANK: 0 - CUDA_VISIBLE_DEVICES: [0]
[I 2023-11-29 21:16:18,414] Trial 145 finished with value: 62.12211990356445 and parameters: {'gradient_clip_val': 0.2535019563434472, 'hidden_size': 140, 'dropout': 0.19041123690173314, 'hidden_continuous_size': 38, 'attention_head_size': 3, 'learning_rate': 0.010853781118109383}. Best is trial 104 with value: 40.78007888793945.
LOCAL_RANK: 0 - CUDA_VISIBLE_DEVICES: [0]
[I 2023-11-29 21:16:32,885] Trial 146 finished with value: 49.50117111206055 and parameters: {'gradient_clip_val': 0.37931539344094717, 'hidden_size': 129, 'dropout': 0.14641021936827894, 'hidden_continuous_size': 92, 'attention_head_size': 3, 'learning_rate': 0.008562192963870438}. Best is trial 104 with value: 40.78007888793945.
LOCAL_RANK: 0 - CUDA_VISIBLE_DEVICES: [0]
[I 2023-11-29 21:16:46,730] Trial 147 finished with value: 49.89731979370117 and parameters: {'gradient_clip_val': 0.42977135155948715, 'hidden_size': 112, 'dropout': 0.1321961712393568, 'hidden_continuous_size': 56, 'attention_head_size': 3, 'learning_rate': 0.009557372875106768}. Best is trial 104 with value: 40.78007888793945.
LOCAL_RANK: 0 - CUDA_VISIBLE_DEVICES: [0]
[I 2023-11-29 21:17:00,880] Trial 148 finished with value: 45.63881301879883 and parameters: {'gradient_clip_val': 0.2651535322833549, 'hidden_size': 94, 'dropout': 0.15867917793492253, 'hidden_continuous_size': 76, 'attention_head_size': 3, 'learning_rate': 0.006961216364039873}. Best is trial 104 with value: 40.78007888793945.
LOCAL_RANK: 0 - CUDA_VISIBLE_DEVICES: [0]
[I 2023-11-29 21:17:15,024] Trial 149 finished with value: 52.87229537963867 and parameters: {'gradient_clip_val': 0.2243657912048371, 'hidden_size': 123, 'dropout': 0.17282498263106716, 'hidden_continuous_size': 48, 'attention_head_size': 3, 'learning_rate': 0.012380258770602686}. Best is trial 104 with value: 40.78007888793945.
[I 2023-11-29 21:17:15,138] A new study created in memory with name: no-name-d74998a1-2728-48a1-b0ca-fc37c982887e
/home/le004/conda/anaconda3/envs/tsff_env/lib/python3.9/site-packages/lightning/fabric/plugins/environments/slurm.py:191: The `srun` command is available on your system but is not used. HINT: If your intention is to run Lightning on SLURM, prepend your python command with `srun` like so: srun python /home/le004/master_thesis/git/TSFusionForecast/code/ ...
LOCAL_RANK: 0 - CUDA_VISIBLE_DEVICES: [0]
[I 2023-11-29 21:17:28,512] Trial 0 finished with value: 457.6095886230469 and parameters: {'gradient_clip_val': 0.12721162984298126, 'hidden_size': 46, 'dropout': 0.3683079819111116, 'hidden_continuous_size': 44, 'attention_head_size': 1, 'learning_rate': 0.001305236742783874}. Best is trial 0 with value: 457.6095886230469.
LOCAL_RANK: 0 - CUDA_VISIBLE_DEVICES: [0]
[I 2023-11-29 21:17:40,616] Trial 1 finished with value: 116.21772003173828 and parameters: {'gradient_clip_val': 0.6912535642331145, 'hidden_size': 23, 'dropout': 0.29543451629541606, 'hidden_continuous_size': 12, 'attention_head_size': 2, 'learning_rate': 0.01673889234286868}. Best is trial 1 with value: 116.21772003173828.
LOCAL_RANK: 0 - CUDA_VISIBLE_DEVICES: [0]
[I 2023-11-29 21:17:50,894] Trial 2 finished with value: 170.33921813964844 and parameters: {'gradient_clip_val': 0.10578307371343508, 'hidden_size': 10, 'dropout': 0.3608300100528238, 'hidden_continuous_size': 10, 'attention_head_size': 4, 'learning_rate': 0.02635988720544612}. Best is trial 1 with value: 116.21772003173828.
LOCAL_RANK: 0 - CUDA_VISIBLE_DEVICES: [0]
[I 2023-11-29 21:18:03,022] Trial 3 finished with value: 115.67684173583984 and parameters: {'gradient_clip_val': 0.27964162008031146, 'hidden_size': 12, 'dropout': 0.3309479485530701, 'hidden_continuous_size': 11, 'attention_head_size': 4, 'learning_rate': 0.0928091211700589}. Best is trial 3 with value: 115.67684173583984.
LOCAL_RANK: 0 - CUDA_VISIBLE_DEVICES: [0]
[I 2023-11-29 21:18:13,008] Trial 4 finished with value: 524.0427856445312 and parameters: {'gradient_clip_val': 0.5299714337032558, 'hidden_size': 11, 'dropout': 0.2453065138555063, 'hidden_continuous_size': 11, 'attention_head_size': 2, 'learning_rate': 0.0013484020916493529}. Best is trial 3 with value: 115.67684173583984.
LOCAL_RANK: 0 - CUDA_VISIBLE_DEVICES: [0]
[I 2023-11-29 21:18:25,257] Trial 5 finished with value: 325.5196228027344 and parameters: {'gradient_clip_val': 0.13370016670014814, 'hidden_size': 13, 'dropout': 0.10924375686969329, 'hidden_continuous_size': 10, 'attention_head_size': 3, 'learning_rate': 0.00879774614479137}. Best is trial 3 with value: 115.67684173583984.
LOCAL_RANK: 0 - CUDA_VISIBLE_DEVICES: [0]
[I 2023-11-29 21:18:37,393] Trial 6 finished with value: 195.6202850341797 and parameters: {'gradient_clip_val': 0.3235888755330908, 'hidden_size': 14, 'dropout': 0.2868687035997422, 'hidden_continuous_size': 10, 'attention_head_size': 4, 'learning_rate': 0.0061157841797922245}. Best is trial 3 with value: 115.67684173583984.
LOCAL_RANK: 0 - CUDA_VISIBLE_DEVICES: [0]
[I 2023-11-29 21:18:50,213] Trial 7 finished with value: 217.8712615966797 and parameters: {'gradient_clip_val': 0.7810829920283172, 'hidden_size': 41, 'dropout': 0.22705204398777834, 'hidden_continuous_size': 23, 'attention_head_size': 4, 'learning_rate': 0.00161436892417948}. Best is trial 3 with value: 115.67684173583984.
LOCAL_RANK: 0 - CUDA_VISIBLE_DEVICES: [0]
[I 2023-11-29 21:19:02,261] Trial 8 finished with value: 458.2660217285156 and parameters: {'gradient_clip_val': 0.7841274058504699, 'hidden_size': 14, 'dropout': 0.3680065206522771, 'hidden_continuous_size': 12, 'attention_head_size': 4, 'learning_rate': 0.0033807379246440193}. Best is trial 3 with value: 115.67684173583984.
LOCAL_RANK: 0 - CUDA_VISIBLE_DEVICES: [0]
[I 2023-11-29 21:19:16,135] Trial 9 finished with value: 129.42323303222656 and parameters: {'gradient_clip_val': 0.3250383221602662, 'hidden_size': 101, 'dropout': 0.18542057508690626, 'hidden_continuous_size': 47, 'attention_head_size': 2, 'learning_rate': 0.025335457263801976}. Best is trial 3 with value: 115.67684173583984.
LOCAL_RANK: 0 - CUDA_VISIBLE_DEVICES: [0]
[I 2023-11-29 21:19:28,438] Trial 10 finished with value: 127.28549194335938 and parameters: {'gradient_clip_val': 0.18535954752844633, 'hidden_size': 24, 'dropout': 0.399873721344, 'hidden_continuous_size': 14, 'attention_head_size': 3, 'learning_rate': 0.09423082456698414}. Best is trial 3 with value: 115.67684173583984.
LOCAL_RANK: 0 - CUDA_VISIBLE_DEVICES: [0]
[I 2023-11-29 21:19:40,538] Trial 11 finished with value: 86.02294158935547 and parameters: {'gradient_clip_val': 0.48326803717606115, 'hidden_size': 22, 'dropout': 0.3008415945768401, 'hidden_continuous_size': 12, 'attention_head_size': 1, 'learning_rate': 0.0857696322667485}. Best is trial 11 with value: 86.02294158935547.
LOCAL_RANK: 0 - CUDA_VISIBLE_DEVICES: [0]
[I 2023-11-29 21:19:52,550] Trial 12 finished with value: 172.05615234375 and parameters: {'gradient_clip_val': 0.44771649642928407, 'hidden_size': 21, 'dropout': 0.30801949030834963, 'hidden_continuous_size': 12, 'attention_head_size': 1, 'learning_rate': 0.09704918565629328}. Best is trial 11 with value: 86.02294158935547.
LOCAL_RANK: 0 - CUDA_VISIBLE_DEVICES: [0]
[I 2023-11-29 21:20:04,740] Trial 13 finished with value: 100.87935638427734 and parameters: {'gradient_clip_val': 0.235953143992163, 'hidden_size': 19, 'dropout': 0.32127033775799313, 'hidden_continuous_size': 11, 'attention_head_size': 3, 'learning_rate': 0.058255137254867195}. Best is trial 11 with value: 86.02294158935547.
LOCAL_RANK: 0 - CUDA_VISIBLE_DEVICES: [0]
[I 2023-11-29 21:20:17,169] Trial 14 finished with value: 102.69478607177734 and parameters: {'gradient_clip_val': 0.233893067780088, 'hidden_size': 31, 'dropout': 0.27439598519697384, 'hidden_continuous_size': 14, 'attention_head_size': 3, 'learning_rate': 0.04581023806034612}. Best is trial 11 with value: 86.02294158935547.
LOCAL_RANK: 0 - CUDA_VISIBLE_DEVICES: [0]
[I 2023-11-29 21:20:29,279] Trial 15 finished with value: 200.4315185546875 and parameters: {'gradient_clip_val': 0.4136122437228738, 'hidden_size': 18, 'dropout': 0.33026978528949286, 'hidden_continuous_size': 11, 'attention_head_size': 1, 'learning_rate': 0.04964789729759868}. Best is trial 11 with value: 86.02294158935547.
LOCAL_RANK: 0 - CUDA_VISIBLE_DEVICES: [0]
[I 2023-11-29 21:20:41,823] Trial 16 finished with value: 162.3241424560547 and parameters: {'gradient_clip_val': 0.9556820061579856, 'hidden_size': 31, 'dropout': 0.2652997778493829, 'hidden_continuous_size': 14, 'attention_head_size': 2, 'learning_rate': 0.04794481218705416}. Best is trial 11 with value: 86.02294158935547.
LOCAL_RANK: 0 - CUDA_VISIBLE_DEVICES: [0]
[I 2023-11-29 21:20:53,920] Trial 17 finished with value: 173.97021484375 and parameters: {'gradient_clip_val': 0.18503004142643967, 'hidden_size': 18, 'dropout': 0.3207230564546358, 'hidden_continuous_size': 13, 'attention_head_size': 3, 'learning_rate': 0.014332360277395128}. Best is trial 11 with value: 86.02294158935547.
LOCAL_RANK: 0 - CUDA_VISIBLE_DEVICES: [0]
[I 2023-11-29 21:21:06,287] Trial 18 finished with value: 130.6121826171875 and parameters: {'gradient_clip_val': 0.5421437370347455, 'hidden_size': 30, 'dropout': 0.22000345125063714, 'hidden_continuous_size': 16, 'attention_head_size': 1, 'learning_rate': 0.06195763681577761}. Best is trial 11 with value: 86.02294158935547.
LOCAL_RANK: 0 - CUDA_VISIBLE_DEVICES: [0]
[I 2023-11-29 21:21:19,117] Trial 19 finished with value: 97.4497299194336 and parameters: {'gradient_clip_val': 0.4008768311428659, 'hidden_size': 52, 'dropout': 0.29490277633004125, 'hidden_continuous_size': 18, 'attention_head_size': 2, 'learning_rate': 0.024942100949000172}. Best is trial 11 with value: 86.02294158935547.
LOCAL_RANK: 0 - CUDA_VISIBLE_DEVICES: [0]
[I 2023-11-29 21:21:31,889] Trial 20 finished with value: 117.8011245727539 and parameters: {'gradient_clip_val': 0.4027664059643577, 'hidden_size': 56, 'dropout': 0.2658519826105728, 'hidden_continuous_size': 20, 'attention_head_size': 1, 'learning_rate': 0.027807627708372102}. Best is trial 11 with value: 86.02294158935547.
LOCAL_RANK: 0 - CUDA_VISIBLE_DEVICES: [0]
[I 2023-11-29 21:21:45,125] Trial 21 finished with value: 155.22027587890625 and parameters: {'gradient_clip_val': 0.3571060201810035, 'hidden_size': 60, 'dropout': 0.2985623688938709, 'hidden_continuous_size': 17, 'attention_head_size': 2, 'learning_rate': 0.03608347338379654}. Best is trial 11 with value: 86.02294158935547.
LOCAL_RANK: 0 - CUDA_VISIBLE_DEVICES: [0]
[I 2023-11-29 21:21:57,373] Trial 22 finished with value: 123.2427749633789 and parameters: {'gradient_clip_val': 0.29169779395709566, 'hidden_size': 17, 'dropout': 0.33310527254921424, 'hidden_continuous_size': 11, 'attention_head_size': 3, 'learning_rate': 0.0657743303672236}. Best is trial 11 with value: 86.02294158935547.
LOCAL_RANK: 0 - CUDA_VISIBLE_DEVICES: [0]
[I 2023-11-29 21:22:09,693] Trial 23 finished with value: 102.6646957397461 and parameters: {'gradient_clip_val': 0.5347958216227686, 'hidden_size': 26, 'dropout': 0.3045270392588288, 'hidden_continuous_size': 13, 'attention_head_size': 2, 'learning_rate': 0.03231110036935317}. Best is trial 11 with value: 86.02294158935547.
LOCAL_RANK: 0 - CUDA_VISIBLE_DEVICES: [0]
[I 2023-11-29 21:22:22,472] Trial 24 finished with value: 155.71742248535156 and parameters: {'gradient_clip_val': 0.259511832090099, 'hidden_size': 37, 'dropout': 0.2840685128825482, 'hidden_continuous_size': 16, 'attention_head_size': 3, 'learning_rate': 0.06585536008471292}. Best is trial 11 with value: 86.02294158935547.
LOCAL_RANK: 0 - CUDA_VISIBLE_DEVICES: [0]
[I 2023-11-29 21:22:35,841] Trial 25 finished with value: 110.7210464477539 and parameters: {'gradient_clip_val': 0.36375284352866877, 'hidden_size': 73, 'dropout': 0.3167418687366845, 'hidden_continuous_size': 28, 'attention_head_size': 1, 'learning_rate': 0.018872488678858164}. Best is trial 11 with value: 86.02294158935547.
LOCAL_RANK: 0 - CUDA_VISIBLE_DEVICES: [0]
[I 2023-11-29 21:22:50,527] Trial 26 finished with value: 107.97576141357422 and parameters: {'gradient_clip_val': 0.45984063971283073, 'hidden_size': 126, 'dropout': 0.33869187009009205, 'hidden_continuous_size': 115, 'attention_head_size': 2, 'learning_rate': 0.039748852994668654}. Best is trial 11 with value: 86.02294158935547.
LOCAL_RANK: 0 - CUDA_VISIBLE_DEVICES: [0]
[I 2023-11-29 21:23:03,055] Trial 27 finished with value: 90.3023910522461 and parameters: {'gradient_clip_val': 0.22941881278128826, 'hidden_size': 37, 'dropout': 0.3526414497206935, 'hidden_continuous_size': 10, 'attention_head_size': 3, 'learning_rate': 0.06332041763892995}. Best is trial 11 with value: 86.02294158935547.
LOCAL_RANK: 0 - CUDA_VISIBLE_DEVICES: [0]
[I 2023-11-29 21:23:15,411] Trial 28 finished with value: 124.8282699584961 and parameters: {'gradient_clip_val': 0.36863382701515657, 'hidden_size': 37, 'dropout': 0.3506911693379294, 'hidden_continuous_size': 10, 'attention_head_size': 2, 'learning_rate': 0.07288162851307084}. Best is trial 11 with value: 86.02294158935547.
LOCAL_RANK: 0 - CUDA_VISIBLE_DEVICES: [0]
[I 2023-11-29 21:23:28,167] Trial 29 finished with value: 141.37469482421875 and parameters: {'gradient_clip_val': 0.6053974444303263, 'hidden_size': 50, 'dropout': 0.39671029593677554, 'hidden_continuous_size': 15, 'attention_head_size': 1, 'learning_rate': 0.037338036116108864}. Best is trial 11 with value: 86.02294158935547.
LOCAL_RANK: 0 - CUDA_VISIBLE_DEVICES: [0]
[I 2023-11-29 21:23:40,958] Trial 30 finished with value: 169.55490112304688 and parameters: {'gradient_clip_val': 0.46458169637274255, 'hidden_size': 45, 'dropout': 0.37824544673658816, 'hidden_continuous_size': 18, 'attention_head_size': 1, 'learning_rate': 0.022128298147848308}. Best is trial 11 with value: 86.02294158935547.
LOCAL_RANK: 0 - CUDA_VISIBLE_DEVICES: [0]
[I 2023-11-29 21:23:53,177] Trial 31 finished with value: 94.90304565429688 and parameters: {'gradient_clip_val': 0.23557125970577275, 'hidden_size': 28, 'dropout': 0.3552289504625817, 'hidden_continuous_size': 10, 'attention_head_size': 3, 'learning_rate': 0.05332534310618141}. Best is trial 11 with value: 86.02294158935547.
LOCAL_RANK: 0 - CUDA_VISIBLE_DEVICES: [0]
[I 2023-11-29 21:24:05,348] Trial 32 finished with value: 102.721435546875 and parameters: {'gradient_clip_val': 0.2242548149985957, 'hidden_size': 26, 'dropout': 0.3585025152125461, 'hidden_continuous_size': 10, 'attention_head_size': 3, 'learning_rate': 0.049253917747271184}. Best is trial 11 with value: 86.02294158935547.
LOCAL_RANK: 0 - CUDA_VISIBLE_DEVICES: [0]
[I 2023-11-29 21:24:17,907] Trial 33 finished with value: 103.41595458984375 and parameters: {'gradient_clip_val': 0.29517453591879717, 'hidden_size': 35, 'dropout': 0.34856840880751194, 'hidden_continuous_size': 12, 'attention_head_size': 3, 'learning_rate': 0.03406891800612547}. Best is trial 11 with value: 86.02294158935547.
LOCAL_RANK: 0 - CUDA_VISIBLE_DEVICES: [0]
[I 2023-11-29 21:24:30,465] Trial 34 finished with value: 130.5487518310547 and parameters: {'gradient_clip_val': 0.19460656798848772, 'hidden_size': 45, 'dropout': 0.3740101653849461, 'hidden_continuous_size': 10, 'attention_head_size': 2, 'learning_rate': 0.07833899341075357}. Best is trial 11 with value: 86.02294158935547.
LOCAL_RANK: 0 - CUDA_VISIBLE_DEVICES: [0]
[I 2023-11-29 21:24:42,603] Trial 35 finished with value: 107.7573471069336 and parameters: {'gradient_clip_val': 0.2723212361282874, 'hidden_size': 23, 'dropout': 0.3470627627766274, 'hidden_continuous_size': 10, 'attention_head_size': 3, 'learning_rate': 0.07746991673274489}. Best is trial 11 with value: 86.02294158935547.
LOCAL_RANK: 0 - CUDA_VISIBLE_DEVICES: [0]
[I 2023-11-29 21:24:54,790] Trial 36 finished with value: 113.17122650146484 and parameters: {'gradient_clip_val': 0.1554002393241953, 'hidden_size': 28, 'dropout': 0.3012194977516381, 'hidden_continuous_size': 11, 'attention_head_size': 4, 'learning_rate': 0.09810993620535437}. Best is trial 11 with value: 86.02294158935547.
LOCAL_RANK: 0 - CUDA_VISIBLE_DEVICES: [0]
[I 2023-11-29 21:25:07,231] Trial 37 finished with value: 111.3996810913086 and parameters: {'gradient_clip_val': 0.10061036989513013, 'hidden_size': 34, 'dropout': 0.3346986674463035, 'hidden_continuous_size': 12, 'attention_head_size': 2, 'learning_rate': 0.05399258909228227}. Best is trial 11 with value: 86.02294158935547.
LOCAL_RANK: 0 - CUDA_VISIBLE_DEVICES: [0]
[I 2023-11-29 21:25:19,673] Trial 38 finished with value: 137.61151123046875 and parameters: {'gradient_clip_val': 0.3123074566999085, 'hidden_size': 40, 'dropout': 0.3607435337980997, 'hidden_continuous_size': 11, 'attention_head_size': 3, 'learning_rate': 0.040775158906188075}. Best is trial 11 with value: 86.02294158935547.
LOCAL_RANK: 0 - CUDA_VISIBLE_DEVICES: [0]
[I 2023-11-29 21:25:31,962] Trial 39 finished with value: 98.0230484008789 and parameters: {'gradient_clip_val': 0.25514746662707916, 'hidden_size': 21, 'dropout': 0.38273110131824634, 'hidden_continuous_size': 10, 'attention_head_size': 3, 'learning_rate': 0.030910777263642497}. Best is trial 11 with value: 86.02294158935547.
LOCAL_RANK: 0 - CUDA_VISIBLE_DEVICES: [0]
[I 2023-11-29 21:25:42,373] Trial 40 finished with value: 326.6910705566406 and parameters: {'gradient_clip_val': 0.32783780438827786, 'hidden_size': 10, 'dropout': 0.31638289436919576, 'hidden_continuous_size': 10, 'attention_head_size': 4, 'learning_rate': 0.01515505480032844}. Best is trial 11 with value: 86.02294158935547.
LOCAL_RANK: 0 - CUDA_VISIBLE_DEVICES: [0]
[I 2023-11-29 21:25:54,466] Trial 41 finished with value: 95.6558837890625 and parameters: {'gradient_clip_val': 0.2829654876018903, 'hidden_size': 23, 'dropout': 0.3599697603333307, 'hidden_continuous_size': 10, 'attention_head_size': 3, 'learning_rate': 0.028213883804817937}. Best is trial 11 with value: 86.02294158935547.
LOCAL_RANK: 0 - CUDA_VISIBLE_DEVICES: [0]
[I 2023-11-29 21:26:06,703] Trial 42 finished with value: 110.11560821533203 and parameters: {'gradient_clip_val': 0.2069999466864837, 'hidden_size': 27, 'dropout': 0.35733128111588897, 'hidden_continuous_size': 10, 'attention_head_size': 3, 'learning_rate': 0.025809328760705276}. Best is trial 11 with value: 86.02294158935547.
LOCAL_RANK: 0 - CUDA_VISIBLE_DEVICES: [0]
[I 2023-11-29 21:26:18,771] Trial 43 finished with value: 105.59307861328125 and parameters: {'gradient_clip_val': 0.2704418243308295, 'hidden_size': 32, 'dropout': 0.34209562790757836, 'hidden_continuous_size': 11, 'attention_head_size': 3, 'learning_rate': 0.05768066133340821}. Best is trial 11 with value: 86.02294158935547.
LOCAL_RANK: 0 - CUDA_VISIBLE_DEVICES: [0]
[I 2023-11-29 21:26:30,824] Trial 44 finished with value: 97.5225601196289 and parameters: {'gradient_clip_val': 0.3035608276523164, 'hidden_size': 24, 'dropout': 0.366229506337287, 'hidden_continuous_size': 10, 'attention_head_size': 4, 'learning_rate': 0.08062839522129624}. Best is trial 11 with value: 86.02294158935547.
LOCAL_RANK: 0 - CUDA_VISIBLE_DEVICES: [0]
[I 2023-11-29 21:26:43,215] Trial 45 finished with value: 112.32280731201172 and parameters: {'gradient_clip_val': 0.24657662932872035, 'hidden_size': 29, 'dropout': 0.3840285731740457, 'hidden_continuous_size': 11, 'attention_head_size': 2, 'learning_rate': 0.04305329706467828}. Best is trial 11 with value: 86.02294158935547.
LOCAL_RANK: 0 - CUDA_VISIBLE_DEVICES: [0]
[I 2023-11-29 21:26:55,350] Trial 46 finished with value: 150.10548400878906 and parameters: {'gradient_clip_val': 0.21488752681735176, 'hidden_size': 15, 'dropout': 0.2899317507193975, 'hidden_continuous_size': 10, 'attention_head_size': 3, 'learning_rate': 0.022596461674288148}. Best is trial 11 with value: 86.02294158935547.
LOCAL_RANK: 0 - CUDA_VISIBLE_DEVICES: [0]
[I 2023-11-29 21:27:07,332] Trial 47 finished with value: 102.70541381835938 and parameters: {'gradient_clip_val': 0.1681409682195867, 'hidden_size': 21, 'dropout': 0.32324099723114486, 'hidden_continuous_size': 11, 'attention_head_size': 3, 'learning_rate': 0.030849730442410628}. Best is trial 11 with value: 86.02294158935547.
LOCAL_RANK: 0 - CUDA_VISIBLE_DEVICES: [0]
