[I 2023-11-30 07:51:42,599] Trial 60 finished with value: 143.32559204101562 and parameters: {'gradient_clip_val': 0.10066429706926473, 'hidden_size': 61, 'dropout': 0.16886386422625194, 'hidden_continuous_size': 17, 'attention_head_size': 3, 'learning_rate': 0.01210679178037036}. Best is trial 10 with value: 122.46578216552734.
LOCAL_RANK: 0 - CUDA_VISIBLE_DEVICES: [0]
[I 2023-11-30 07:51:55,515] Trial 61 finished with value: 123.39117431640625 and parameters: {'gradient_clip_val': 0.11891829286453058, 'hidden_size': 51, 'dropout': 0.10618874574538861, 'hidden_continuous_size': 23, 'attention_head_size': 1, 'learning_rate': 0.07053092131557903}. Best is trial 10 with value: 122.46578216552734.
LOCAL_RANK: 0 - CUDA_VISIBLE_DEVICES: [0]
[I 2023-11-30 07:52:08,417] Trial 62 finished with value: 165.2686004638672 and parameters: {'gradient_clip_val': 0.14066688592242843, 'hidden_size': 52, 'dropout': 0.10158569720133412, 'hidden_continuous_size': 22, 'attention_head_size': 1, 'learning_rate': 0.088076287105674}. Best is trial 10 with value: 122.46578216552734.
LOCAL_RANK: 0 - CUDA_VISIBLE_DEVICES: [0]
[I 2023-11-30 07:52:21,158] Trial 63 finished with value: 131.43569946289062 and parameters: {'gradient_clip_val': 0.12007298002542302, 'hidden_size': 37, 'dropout': 0.12409738918211487, 'hidden_continuous_size': 20, 'attention_head_size': 1, 'learning_rate': 0.07017612436924411}. Best is trial 10 with value: 122.46578216552734.
LOCAL_RANK: 0 - CUDA_VISIBLE_DEVICES: [0]
[I 2023-11-30 07:52:33,853] Trial 64 finished with value: 125.8289566040039 and parameters: {'gradient_clip_val': 0.22499769537184816, 'hidden_size': 44, 'dropout': 0.11089708397225802, 'hidden_continuous_size': 22, 'attention_head_size': 1, 'learning_rate': 0.062029933534260694}. Best is trial 10 with value: 122.46578216552734.
LOCAL_RANK: 0 - CUDA_VISIBLE_DEVICES: [0]
[I 2023-11-30 07:52:46,703] Trial 65 finished with value: 148.5419464111328 and parameters: {'gradient_clip_val': 0.18020760847103562, 'hidden_size': 47, 'dropout': 0.11276643002244834, 'hidden_continuous_size': 23, 'attention_head_size': 1, 'learning_rate': 0.06330845875024722}. Best is trial 10 with value: 122.46578216552734.
LOCAL_RANK: 0 - CUDA_VISIBLE_DEVICES: [0]
[I 2023-11-30 07:52:59,978] Trial 66 finished with value: 140.5803680419922 and parameters: {'gradient_clip_val': 0.10813686084203161, 'hidden_size': 65, 'dropout': 0.13996190741973477, 'hidden_continuous_size': 25, 'attention_head_size': 1, 'learning_rate': 0.08027594128957392}. Best is trial 10 with value: 122.46578216552734.
LOCAL_RANK: 0 - CUDA_VISIBLE_DEVICES: [0]
[I 2023-11-30 07:53:12,732] Trial 67 finished with value: 161.01263427734375 and parameters: {'gradient_clip_val': 0.2344865860424303, 'hidden_size': 43, 'dropout': 0.11061331503148936, 'hidden_continuous_size': 22, 'attention_head_size': 1, 'learning_rate': 0.0434824327181254}. Best is trial 10 with value: 122.46578216552734.
LOCAL_RANK: 0 - CUDA_VISIBLE_DEVICES: [0]
[I 2023-11-30 07:53:25,743] Trial 68 finished with value: 129.83990478515625 and parameters: {'gradient_clip_val': 0.1263216647080658, 'hidden_size': 52, 'dropout': 0.1541997648586542, 'hidden_continuous_size': 24, 'attention_head_size': 1, 'learning_rate': 0.08754208862495942}. Best is trial 10 with value: 122.46578216552734.
LOCAL_RANK: 0 - CUDA_VISIBLE_DEVICES: [0]
[I 2023-11-30 07:53:38,317] Trial 69 finished with value: 129.43894958496094 and parameters: {'gradient_clip_val': 0.2164546726885363, 'hidden_size': 39, 'dropout': 0.12212482117132795, 'hidden_continuous_size': 20, 'attention_head_size': 1, 'learning_rate': 0.05308880266855289}. Best is trial 10 with value: 122.46578216552734.
LOCAL_RANK: 0 - CUDA_VISIBLE_DEVICES: [0]
[I 2023-11-30 07:53:51,529] Trial 70 finished with value: 127.19772338867188 and parameters: {'gradient_clip_val': 0.1575923829506218, 'hidden_size': 59, 'dropout': 0.13204622446605144, 'hidden_continuous_size': 26, 'attention_head_size': 1, 'learning_rate': 0.0649933861472531}. Best is trial 10 with value: 122.46578216552734.
LOCAL_RANK: 0 - CUDA_VISIBLE_DEVICES: [0]
[I 2023-11-30 07:54:04,554] Trial 71 finished with value: 137.21063232421875 and parameters: {'gradient_clip_val': 0.1618207718713465, 'hidden_size': 59, 'dropout': 0.13384805224621588, 'hidden_continuous_size': 26, 'attention_head_size': 1, 'learning_rate': 0.06521446170866178}. Best is trial 10 with value: 122.46578216552734.
LOCAL_RANK: 0 - CUDA_VISIBLE_DEVICES: [0]
[I 2023-11-30 07:54:17,436] Trial 72 finished with value: 136.2217254638672 and parameters: {'gradient_clip_val': 0.18090304799297197, 'hidden_size': 49, 'dropout': 0.10699202439851094, 'hidden_continuous_size': 23, 'attention_head_size': 1, 'learning_rate': 0.09879298574806261}. Best is trial 10 with value: 122.46578216552734.
LOCAL_RANK: 0 - CUDA_VISIBLE_DEVICES: [0]
[I 2023-11-30 07:54:30,595] Trial 73 finished with value: 135.4452362060547 and parameters: {'gradient_clip_val': 0.14290088710067328, 'hidden_size': 56, 'dropout': 0.12088257922850877, 'hidden_continuous_size': 29, 'attention_head_size': 1, 'learning_rate': 0.07499077992529829}. Best is trial 10 with value: 122.46578216552734.
LOCAL_RANK: 0 - CUDA_VISIBLE_DEVICES: [0]
[I 2023-11-30 07:54:43,159] Trial 74 finished with value: 133.61949157714844 and parameters: {'gradient_clip_val': 0.1332483416126719, 'hidden_size': 44, 'dropout': 0.13981249791848893, 'hidden_continuous_size': 22, 'attention_head_size': 1, 'learning_rate': 0.06010141703247745}. Best is trial 10 with value: 122.46578216552734.
LOCAL_RANK: 0 - CUDA_VISIBLE_DEVICES: [0]
[I 2023-11-30 07:54:55,793] Trial 75 finished with value: 150.6551055908203 and parameters: {'gradient_clip_val': 0.16073851988098792, 'hidden_size': 35, 'dropout': 0.10042450701154415, 'hidden_continuous_size': 21, 'attention_head_size': 1, 'learning_rate': 0.05224253854108263}. Best is trial 10 with value: 122.46578216552734.
LOCAL_RANK: 0 - CUDA_VISIBLE_DEVICES: [0]
[I 2023-11-30 07:55:09,044] Trial 76 finished with value: 156.9465789794922 and parameters: {'gradient_clip_val': 0.19147565722603696, 'hidden_size': 63, 'dropout': 0.13219052914352478, 'hidden_continuous_size': 27, 'attention_head_size': 1, 'learning_rate': 0.0742018420178046}. Best is trial 10 with value: 122.46578216552734.
LOCAL_RANK: 0 - CUDA_VISIBLE_DEVICES: [0]
[I 2023-11-30 07:55:21,824] Trial 77 finished with value: 139.07911682128906 and parameters: {'gradient_clip_val': 0.17627842568438531, 'hidden_size': 49, 'dropout': 0.1448725096545678, 'hidden_continuous_size': 24, 'attention_head_size': 2, 'learning_rate': 0.04433122691868855}. Best is trial 10 with value: 122.46578216552734.
LOCAL_RANK: 0 - CUDA_VISIBLE_DEVICES: [0]
[I 2023-11-30 07:55:34,590] Trial 78 finished with value: 124.1826171875 and parameters: {'gradient_clip_val': 0.11942725961361418, 'hidden_size': 39, 'dropout': 0.10925574108458946, 'hidden_continuous_size': 25, 'attention_head_size': 2, 'learning_rate': 0.05782471829137047}. Best is trial 10 with value: 122.46578216552734.
LOCAL_RANK: 0 - CUDA_VISIBLE_DEVICES: [0]
[I 2023-11-30 07:55:47,248] Trial 79 finished with value: 146.32579040527344 and parameters: {'gradient_clip_val': 0.11454282802072872, 'hidden_size': 40, 'dropout': 0.11420071782296476, 'hidden_continuous_size': 25, 'attention_head_size': 2, 'learning_rate': 0.03349777958959085}. Best is trial 10 with value: 122.46578216552734.
LOCAL_RANK: 0 - CUDA_VISIBLE_DEVICES: [0]
[I 2023-11-30 07:55:59,929] Trial 80 finished with value: 126.41020965576172 and parameters: {'gradient_clip_val': 0.1317765799107873, 'hidden_size': 34, 'dropout': 0.10713817051807333, 'hidden_continuous_size': 23, 'attention_head_size': 2, 'learning_rate': 0.05645513867096844}. Best is trial 10 with value: 122.46578216552734.
LOCAL_RANK: 0 - CUDA_VISIBLE_DEVICES: [0]
[I 2023-11-30 07:56:12,376] Trial 81 finished with value: 146.57899475097656 and parameters: {'gradient_clip_val': 0.1063099710553792, 'hidden_size': 32, 'dropout': 0.10961877443777919, 'hidden_continuous_size': 22, 'attention_head_size': 2, 'learning_rate': 0.056300716147815365}. Best is trial 10 with value: 122.46578216552734.
LOCAL_RANK: 0 - CUDA_VISIBLE_DEVICES: [0]
[I 2023-11-30 07:56:25,027] Trial 82 finished with value: 124.29825592041016 and parameters: {'gradient_clip_val': 0.11742440631378587, 'hidden_size': 38, 'dropout': 0.11870710006802064, 'hidden_continuous_size': 23, 'attention_head_size': 2, 'learning_rate': 0.04182253424129203}. Best is trial 10 with value: 122.46578216552734.
LOCAL_RANK: 0 - CUDA_VISIBLE_DEVICES: [0]
[I 2023-11-30 07:56:37,748] Trial 83 finished with value: 127.56096649169922 and parameters: {'gradient_clip_val': 0.118150727404729, 'hidden_size': 38, 'dropout': 0.11906214701370157, 'hidden_continuous_size': 21, 'attention_head_size': 2, 'learning_rate': 0.04072911209625007}. Best is trial 10 with value: 122.46578216552734.
LOCAL_RANK: 0 - CUDA_VISIBLE_DEVICES: [0]
[I 2023-11-30 07:56:50,366] Trial 84 finished with value: 132.8631134033203 and parameters: {'gradient_clip_val': 0.12014374740163442, 'hidden_size': 44, 'dropout': 0.11870496376621656, 'hidden_continuous_size': 24, 'attention_head_size': 2, 'learning_rate': 0.047043384619524294}. Best is trial 10 with value: 122.46578216552734.
LOCAL_RANK: 0 - CUDA_VISIBLE_DEVICES: [0]
[I 2023-11-30 07:57:03,273] Trial 85 finished with value: 141.3163299560547 and parameters: {'gradient_clip_val': 0.10270090316689634, 'hidden_size': 42, 'dropout': 0.12612277838630814, 'hidden_continuous_size': 25, 'attention_head_size': 3, 'learning_rate': 0.035834972622529174}. Best is trial 10 with value: 122.46578216552734.
LOCAL_RANK: 0 - CUDA_VISIBLE_DEVICES: [0]
[I 2023-11-30 07:57:15,919] Trial 86 finished with value: 144.34413146972656 and parameters: {'gradient_clip_val': 0.10797029219778263, 'hidden_size': 30, 'dropout': 0.10630411866660504, 'hidden_continuous_size': 23, 'attention_head_size': 3, 'learning_rate': 0.04896514941781291}. Best is trial 10 with value: 122.46578216552734.
LOCAL_RANK: 0 - CUDA_VISIBLE_DEVICES: [0]
[I 2023-11-30 07:57:28,855] Trial 87 finished with value: 129.1226043701172 and parameters: {'gradient_clip_val': 0.14678475227937499, 'hidden_size': 47, 'dropout': 0.1426408940879222, 'hidden_continuous_size': 20, 'attention_head_size': 3, 'learning_rate': 0.0804313036095626}. Best is trial 10 with value: 122.46578216552734.
LOCAL_RANK: 0 - CUDA_VISIBLE_DEVICES: [0]
[I 2023-11-30 07:57:41,737] Trial 88 finished with value: 138.38751220703125 and parameters: {'gradient_clip_val': 0.11378961502712623, 'hidden_size': 35, 'dropout': 0.11686126945024065, 'hidden_continuous_size': 21, 'attention_head_size': 3, 'learning_rate': 0.04102791852537758}. Best is trial 10 with value: 122.46578216552734.
LOCAL_RANK: 0 - CUDA_VISIBLE_DEVICES: [0]
[I 2023-11-30 07:57:54,738] Trial 89 finished with value: 123.1965560913086 and parameters: {'gradient_clip_val': 0.12638391568961213, 'hidden_size': 54, 'dropout': 0.16097364818317975, 'hidden_continuous_size': 18, 'attention_head_size': 2, 'learning_rate': 0.09128636803986924}. Best is trial 10 with value: 122.46578216552734.
LOCAL_RANK: 0 - CUDA_VISIBLE_DEVICES: [0]
[I 2023-11-30 07:58:07,597] Trial 90 finished with value: 132.6293182373047 and parameters: {'gradient_clip_val': 0.1240544123075857, 'hidden_size': 53, 'dropout': 0.16118333297848142, 'hidden_continuous_size': 18, 'attention_head_size': 2, 'learning_rate': 0.09105048738161345}. Best is trial 10 with value: 122.46578216552734.
LOCAL_RANK: 0 - CUDA_VISIBLE_DEVICES: [0]
[I 2023-11-30 07:58:20,427] Trial 91 finished with value: 139.54254150390625 and parameters: {'gradient_clip_val': 0.13733916701410961, 'hidden_size': 45, 'dropout': 0.10010249125487848, 'hidden_continuous_size': 22, 'attention_head_size': 2, 'learning_rate': 0.06977276237925972}. Best is trial 10 with value: 122.46578216552734.
LOCAL_RANK: 0 - CUDA_VISIBLE_DEVICES: [0]
[I 2023-11-30 07:58:33,221] Trial 92 finished with value: 146.01986694335938 and parameters: {'gradient_clip_val': 0.12370801752561339, 'hidden_size': 41, 'dropout': 0.15123611205395424, 'hidden_continuous_size': 24, 'attention_head_size': 2, 'learning_rate': 0.08455558291674906}. Best is trial 10 with value: 122.46578216552734.
LOCAL_RANK: 0 - CUDA_VISIBLE_DEVICES: [0]
[I 2023-11-30 07:58:46,173] Trial 93 finished with value: 152.9918975830078 and parameters: {'gradient_clip_val': 0.11682032162910141, 'hidden_size': 38, 'dropout': 0.12761725084012204, 'hidden_continuous_size': 20, 'attention_head_size': 2, 'learning_rate': 0.07032738980532591}. Best is trial 10 with value: 122.46578216552734.
LOCAL_RANK: 0 - CUDA_VISIBLE_DEVICES: [0]
[I 2023-11-30 07:58:59,192] Trial 94 finished with value: 116.36099243164062 and parameters: {'gradient_clip_val': 0.10055111265649222, 'hidden_size': 50, 'dropout': 0.13695919807091256, 'hidden_continuous_size': 19, 'attention_head_size': 3, 'learning_rate': 0.06078719947962438}. Best is trial 94 with value: 116.36099243164062.
LOCAL_RANK: 0 - CUDA_VISIBLE_DEVICES: [0]
[I 2023-11-30 07:59:12,019] Trial 95 finished with value: 126.76447296142578 and parameters: {'gradient_clip_val': 0.1035048243415527, 'hidden_size': 50, 'dropout': 0.14977477967761632, 'hidden_continuous_size': 19, 'attention_head_size': 3, 'learning_rate': 0.059112392318808105}. Best is trial 94 with value: 116.36099243164062.
LOCAL_RANK: 0 - CUDA_VISIBLE_DEVICES: [0]
[I 2023-11-30 07:59:24,827] Trial 96 finished with value: 126.07076263427734 and parameters: {'gradient_clip_val': 0.11088211327828328, 'hidden_size': 54, 'dropout': 0.13525797475859178, 'hidden_continuous_size': 18, 'attention_head_size': 2, 'learning_rate': 0.049699432546910526}. Best is trial 94 with value: 116.36099243164062.
LOCAL_RANK: 0 - CUDA_VISIBLE_DEVICES: [0]
[I 2023-11-30 07:59:37,777] Trial 97 finished with value: 141.8940887451172 and parameters: {'gradient_clip_val': 0.12910115250972165, 'hidden_size': 46, 'dropout': 0.19791136893076994, 'hidden_continuous_size': 19, 'attention_head_size': 3, 'learning_rate': 0.059479869243360135}. Best is trial 94 with value: 116.36099243164062.
LOCAL_RANK: 0 - CUDA_VISIBLE_DEVICES: [0]
[I 2023-11-30 07:59:50,917] Trial 98 finished with value: 132.6739959716797 and parameters: {'gradient_clip_val': 0.10173102048383398, 'hidden_size': 51, 'dropout': 0.17606111760351517, 'hidden_continuous_size': 18, 'attention_head_size': 3, 'learning_rate': 0.03617086068301369}. Best is trial 94 with value: 116.36099243164062.
LOCAL_RANK: 0 - CUDA_VISIBLE_DEVICES: [0]
[I 2023-11-30 08:00:03,722] Trial 99 finished with value: 162.2189178466797 and parameters: {'gradient_clip_val': 0.11241507551952583, 'hidden_size': 42, 'dropout': 0.16533499426703788, 'hidden_continuous_size': 21, 'attention_head_size': 2, 'learning_rate': 0.09921056391614104}. Best is trial 94 with value: 116.36099243164062.
LOCAL_RANK: 0 - CUDA_VISIBLE_DEVICES: [0]
[I 2023-11-30 08:00:16,304] Trial 100 finished with value: 128.89158630371094 and parameters: {'gradient_clip_val': 0.10582548592131802, 'hidden_size': 36, 'dropout': 0.15700621547183066, 'hidden_continuous_size': 20, 'attention_head_size': 3, 'learning_rate': 0.04376538094154381}. Best is trial 94 with value: 116.36099243164062.
LOCAL_RANK: 0 - CUDA_VISIBLE_DEVICES: [0]
[I 2023-11-30 08:00:29,314] Trial 101 finished with value: 130.2247772216797 and parameters: {'gradient_clip_val': 0.13735588762820758, 'hidden_size': 49, 'dropout': 0.11282207088141438, 'hidden_continuous_size': 23, 'attention_head_size': 3, 'learning_rate': 0.07798134451354889}. Best is trial 94 with value: 116.36099243164062.
LOCAL_RANK: 0 - CUDA_VISIBLE_DEVICES: [0]
[I 2023-11-30 08:00:42,146] Trial 102 finished with value: 150.6096954345703 and parameters: {'gradient_clip_val': 0.11568529539052014, 'hidden_size': 39, 'dropout': 0.12362418260569462, 'hidden_continuous_size': 22, 'attention_head_size': 3, 'learning_rate': 0.06550165352829093}. Best is trial 94 with value: 116.36099243164062.
LOCAL_RANK: 0 - CUDA_VISIBLE_DEVICES: [0]
[I 2023-11-30 08:00:55,474] Trial 103 finished with value: 146.3482208251953 and parameters: {'gradient_clip_val': 0.12564709392012313, 'hidden_size': 56, 'dropout': 0.10562145726468578, 'hidden_continuous_size': 26, 'attention_head_size': 3, 'learning_rate': 0.08853877700116436}. Best is trial 94 with value: 116.36099243164062.
LOCAL_RANK: 0 - CUDA_VISIBLE_DEVICES: [0]
[I 2023-11-30 08:01:08,244] Trial 104 finished with value: 138.11891174316406 and parameters: {'gradient_clip_val': 0.15016840258108752, 'hidden_size': 46, 'dropout': 0.13633959373937005, 'hidden_continuous_size': 24, 'attention_head_size': 3, 'learning_rate': 0.051009730109022905}. Best is trial 94 with value: 116.36099243164062.
LOCAL_RANK: 0 - CUDA_VISIBLE_DEVICES: [0]
[I 2023-11-30 08:01:21,035] Trial 105 finished with value: 136.0187530517578 and parameters: {'gradient_clip_val': 0.2095695012071645, 'hidden_size': 43, 'dropout': 0.1282592210088972, 'hidden_continuous_size': 25, 'attention_head_size': 1, 'learning_rate': 0.07475530391057898}. Best is trial 94 with value: 116.36099243164062.
LOCAL_RANK: 0 - CUDA_VISIBLE_DEVICES: [0]
[I 2023-11-30 08:01:34,080] Trial 106 finished with value: 130.8277587890625 and parameters: {'gradient_clip_val': 0.10016967668413135, 'hidden_size': 47, 'dropout': 0.11772082245864372, 'hidden_continuous_size': 28, 'attention_head_size': 3, 'learning_rate': 0.06320845586559302}. Best is trial 94 with value: 116.36099243164062.
LOCAL_RANK: 0 - CUDA_VISIBLE_DEVICES: [0]
[I 2023-11-30 08:01:47,152] Trial 107 finished with value: 140.9497833251953 and parameters: {'gradient_clip_val': 0.22599982935361812, 'hidden_size': 54, 'dropout': 0.14410845238084188, 'hidden_continuous_size': 17, 'attention_head_size': 3, 'learning_rate': 0.05497243182117496}. Best is trial 94 with value: 116.36099243164062.
LOCAL_RANK: 0 - CUDA_VISIBLE_DEVICES: [0]
[I 2023-11-30 08:01:59,651] Trial 108 finished with value: 123.6204605102539 and parameters: {'gradient_clip_val': 0.10954785799156243, 'hidden_size': 40, 'dropout': 0.11148657775643193, 'hidden_continuous_size': 12, 'attention_head_size': 1, 'learning_rate': 0.0817982688136652}. Best is trial 94 with value: 116.36099243164062.
LOCAL_RANK: 0 - CUDA_VISIBLE_DEVICES: [0]
[I 2023-11-30 08:02:12,131] Trial 109 finished with value: 138.8984832763672 and parameters: {'gradient_clip_val': 0.11966039321365704, 'hidden_size': 37, 'dropout': 0.1097082427155685, 'hidden_continuous_size': 12, 'attention_head_size': 1, 'learning_rate': 0.09063242886873572}. Best is trial 94 with value: 116.36099243164062.
LOCAL_RANK: 0 - CUDA_VISIBLE_DEVICES: [0]
[I 2023-11-30 08:02:24,605] Trial 110 finished with value: 131.4139862060547 and parameters: {'gradient_clip_val': 0.11165493310551128, 'hidden_size': 41, 'dropout': 0.12354500389353372, 'hidden_continuous_size': 11, 'attention_head_size': 1, 'learning_rate': 0.047704222331763}. Best is trial 94 with value: 116.36099243164062.
LOCAL_RANK: 0 - CUDA_VISIBLE_DEVICES: [0]
[I 2023-11-30 08:02:37,183] Trial 111 finished with value: 137.44996643066406 and parameters: {'gradient_clip_val': 0.10678036170131425, 'hidden_size': 44, 'dropout': 0.11575270021217982, 'hidden_continuous_size': 19, 'attention_head_size': 1, 'learning_rate': 0.08043616258394459}. Best is trial 94 with value: 116.36099243164062.
LOCAL_RANK: 0 - CUDA_VISIBLE_DEVICES: [0]
[I 2023-11-30 08:02:50,022] Trial 112 finished with value: 150.141845703125 and parameters: {'gradient_clip_val': 0.13366923735540198, 'hidden_size': 50, 'dropout': 0.10502303115780345, 'hidden_continuous_size': 13, 'attention_head_size': 1, 'learning_rate': 0.06498328074043654}. Best is trial 94 with value: 116.36099243164062.
LOCAL_RANK: 0 - CUDA_VISIBLE_DEVICES: [0]
[I 2023-11-30 08:03:02,602] Trial 113 finished with value: 134.15777587890625 and parameters: {'gradient_clip_val': 0.12852571856534775, 'hidden_size': 39, 'dropout': 0.13015245981879378, 'hidden_continuous_size': 10, 'attention_head_size': 1, 'learning_rate': 0.07100295301355669}. Best is trial 94 with value: 116.36099243164062.
LOCAL_RANK: 0 - CUDA_VISIBLE_DEVICES: [0]
[I 2023-11-30 08:03:15,095] Trial 114 finished with value: 140.2025909423828 and parameters: {'gradient_clip_val': 0.1947220824660661, 'hidden_size': 34, 'dropout': 0.13833603534072203, 'hidden_continuous_size': 15, 'attention_head_size': 1, 'learning_rate': 0.08174593329056591}. Best is trial 94 with value: 116.36099243164062.
LOCAL_RANK: 0 - CUDA_VISIBLE_DEVICES: [0]
[I 2023-11-30 08:03:28,404] Trial 115 finished with value: 122.05789947509766 and parameters: {'gradient_clip_val': 0.20141361571347954, 'hidden_size': 58, 'dropout': 0.1849874171688118, 'hidden_continuous_size': 26, 'attention_head_size': 3, 'learning_rate': 0.05403247801238583}. Best is trial 94 with value: 116.36099243164062.
LOCAL_RANK: 0 - CUDA_VISIBLE_DEVICES: [0]
[I 2023-11-30 08:03:41,652] Trial 116 finished with value: 151.6272735595703 and parameters: {'gradient_clip_val': 0.10873536496208414, 'hidden_size': 59, 'dropout': 0.16871579129103736, 'hidden_continuous_size': 28, 'attention_head_size': 1, 'learning_rate': 0.0552531617287696}. Best is trial 94 with value: 116.36099243164062.
LOCAL_RANK: 0 - CUDA_VISIBLE_DEVICES: [0]
[I 2023-11-30 08:03:55,154] Trial 117 finished with value: 146.32643127441406 and parameters: {'gradient_clip_val': 0.2027713661656682, 'hidden_size': 69, 'dropout': 0.22276281231453762, 'hidden_continuous_size': 31, 'attention_head_size': 3, 'learning_rate': 0.030581574950491682}. Best is trial 94 with value: 116.36099243164062.
LOCAL_RANK: 0 - CUDA_VISIBLE_DEVICES: [0]
[I 2023-11-30 08:04:08,236] Trial 118 finished with value: 141.4170684814453 and parameters: {'gradient_clip_val': 0.12381874396963839, 'hidden_size': 52, 'dropout': 0.14724274972242504, 'hidden_continuous_size': 26, 'attention_head_size': 2, 'learning_rate': 0.06021438598215393}. Best is trial 94 with value: 116.36099243164062.
LOCAL_RANK: 0 - CUDA_VISIBLE_DEVICES: [0]
