[I 2023-11-30 06:10:34,107] Trial 41 finished with value: 84.9549331665039 and parameters: {'gradient_clip_val': 0.4862115480104909, 'hidden_size': 19, 'dropout': 0.22768311046266634, 'hidden_continuous_size': 12, 'attention_head_size': 2, 'learning_rate': 0.008558406879102087}. Best is trial 26 with value: 62.23318862915039.
LOCAL_RANK: 0 - CUDA_VISIBLE_DEVICES: [0]
[I 2023-11-30 06:10:46,394] Trial 42 finished with value: 86.65936279296875 and parameters: {'gradient_clip_val': 0.3713479640437687, 'hidden_size': 25, 'dropout': 0.2575604459736073, 'hidden_continuous_size': 11, 'attention_head_size': 1, 'learning_rate': 0.01028180487245632}. Best is trial 26 with value: 62.23318862915039.
LOCAL_RANK: 0 - CUDA_VISIBLE_DEVICES: [0]
[I 2023-11-30 06:10:58,587] Trial 43 finished with value: 69.88934326171875 and parameters: {'gradient_clip_val': 0.7601022001089978, 'hidden_size': 17, 'dropout': 0.2109017882028155, 'hidden_continuous_size': 12, 'attention_head_size': 2, 'learning_rate': 0.012996281500690116}. Best is trial 26 with value: 62.23318862915039.
LOCAL_RANK: 0 - CUDA_VISIBLE_DEVICES: [0]
[I 2023-11-30 06:11:11,117] Trial 44 finished with value: 80.00872802734375 and parameters: {'gradient_clip_val': 0.40962191558906597, 'hidden_size': 30, 'dropout': 0.23438055019472312, 'hidden_continuous_size': 11, 'attention_head_size': 2, 'learning_rate': 0.017196699045167168}. Best is trial 26 with value: 62.23318862915039.
LOCAL_RANK: 0 - CUDA_VISIBLE_DEVICES: [0]
[I 2023-11-30 06:11:23,261] Trial 45 finished with value: 118.40808868408203 and parameters: {'gradient_clip_val': 0.5235490582980847, 'hidden_size': 13, 'dropout': 0.27358990927352667, 'hidden_continuous_size': 10, 'attention_head_size': 3, 'learning_rate': 0.006549639690523559}. Best is trial 26 with value: 62.23318862915039.
LOCAL_RANK: 0 - CUDA_VISIBLE_DEVICES: [0]
[I 2023-11-30 06:11:35,492] Trial 46 finished with value: 75.37079620361328 and parameters: {'gradient_clip_val': 0.31139832119546174, 'hidden_size': 25, 'dropout': 0.24069741182966087, 'hidden_continuous_size': 15, 'attention_head_size': 2, 'learning_rate': 0.008876293339700036}. Best is trial 26 with value: 62.23318862915039.
LOCAL_RANK: 0 - CUDA_VISIBLE_DEVICES: [0]
[I 2023-11-30 06:11:48,008] Trial 47 finished with value: 70.66629028320312 and parameters: {'gradient_clip_val': 0.4207802065539948, 'hidden_size': 29, 'dropout': 0.2842075433692589, 'hidden_continuous_size': 13, 'attention_head_size': 3, 'learning_rate': 0.011656447026593138}. Best is trial 26 with value: 62.23318862915039.
LOCAL_RANK: 0 - CUDA_VISIBLE_DEVICES: [0]
[I 2023-11-30 06:12:00,341] Trial 48 finished with value: 72.05734252929688 and parameters: {'gradient_clip_val': 0.36194140326040747, 'hidden_size': 23, 'dropout': 0.39600322492217677, 'hidden_continuous_size': 14, 'attention_head_size': 3, 'learning_rate': 0.014500971824966272}. Best is trial 26 with value: 62.23318862915039.
LOCAL_RANK: 0 - CUDA_VISIBLE_DEVICES: [0]
[I 2023-11-30 06:12:13,374] Trial 49 finished with value: 74.24746704101562 and parameters: {'gradient_clip_val': 0.9045741268628638, 'hidden_size': 49, 'dropout': 0.25364531404762697, 'hidden_continuous_size': 19, 'attention_head_size': 1, 'learning_rate': 0.02731996782864975}. Best is trial 26 with value: 62.23318862915039.
LOCAL_RANK: 0 - CUDA_VISIBLE_DEVICES: [0]
[I 2023-11-30 06:12:25,607] Trial 50 finished with value: 77.84412384033203 and parameters: {'gradient_clip_val': 0.523103435240923, 'hidden_size': 18, 'dropout': 0.22187786124589978, 'hidden_continuous_size': 12, 'attention_head_size': 2, 'learning_rate': 0.0186869560038164}. Best is trial 26 with value: 62.23318862915039.
LOCAL_RANK: 0 - CUDA_VISIBLE_DEVICES: [0]
[I 2023-11-30 06:12:38,142] Trial 51 finished with value: 67.94895935058594 and parameters: {'gradient_clip_val': 0.2762112369158121, 'hidden_size': 36, 'dropout': 0.21621005656625333, 'hidden_continuous_size': 16, 'attention_head_size': 3, 'learning_rate': 0.022356582342155283}. Best is trial 26 with value: 62.23318862915039.
LOCAL_RANK: 0 - CUDA_VISIBLE_DEVICES: [0]
[I 2023-11-30 06:12:50,681] Trial 52 finished with value: 62.93655776977539 and parameters: {'gradient_clip_val': 0.3830177695865196, 'hidden_size': 31, 'dropout': 0.24705580326066096, 'hidden_continuous_size': 14, 'attention_head_size': 3, 'learning_rate': 0.014712016682037674}. Best is trial 26 with value: 62.23318862915039.
LOCAL_RANK: 0 - CUDA_VISIBLE_DEVICES: [0]
[I 2023-11-30 06:13:03,112] Trial 53 finished with value: 70.67003631591797 and parameters: {'gradient_clip_val': 0.41570749793781175, 'hidden_size': 30, 'dropout': 0.24577376791200511, 'hidden_continuous_size': 15, 'attention_head_size': 3, 'learning_rate': 0.014855288247491228}. Best is trial 26 with value: 62.23318862915039.
LOCAL_RANK: 0 - CUDA_VISIBLE_DEVICES: [0]
[I 2023-11-30 06:13:15,913] Trial 54 finished with value: 64.74129486083984 and parameters: {'gradient_clip_val': 0.34026199694992976, 'hidden_size': 26, 'dropout': 0.2278264493345362, 'hidden_continuous_size': 14, 'attention_head_size': 3, 'learning_rate': 0.011018714688684716}. Best is trial 26 with value: 62.23318862915039.
LOCAL_RANK: 0 - CUDA_VISIBLE_DEVICES: [0]
[I 2023-11-30 06:13:28,207] Trial 55 finished with value: 71.8515625 and parameters: {'gradient_clip_val': 0.331244597882391, 'hidden_size': 27, 'dropout': 0.2658967010002077, 'hidden_continuous_size': 14, 'attention_head_size': 3, 'learning_rate': 0.011201304073440362}. Best is trial 26 with value: 62.23318862915039.
LOCAL_RANK: 0 - CUDA_VISIBLE_DEVICES: [0]
[I 2023-11-30 06:13:40,437] Trial 56 finished with value: 77.17581176757812 and parameters: {'gradient_clip_val': 0.38938500301607665, 'hidden_size': 32, 'dropout': 0.248965096242818, 'hidden_continuous_size': 15, 'attention_head_size': 3, 'learning_rate': 0.014849846542196114}. Best is trial 26 with value: 62.23318862915039.
LOCAL_RANK: 0 - CUDA_VISIBLE_DEVICES: [0]
[I 2023-11-30 06:13:53,149] Trial 57 finished with value: 72.9147720336914 and parameters: {'gradient_clip_val': 0.28861080953918494, 'hidden_size': 34, 'dropout': 0.2095718649917636, 'hidden_continuous_size': 17, 'attention_head_size': 3, 'learning_rate': 0.013317963716945254}. Best is trial 26 with value: 62.23318862915039.
LOCAL_RANK: 0 - CUDA_VISIBLE_DEVICES: [0]
[I 2023-11-30 06:14:05,488] Trial 58 finished with value: 73.21874237060547 and parameters: {'gradient_clip_val': 0.3595064606437303, 'hidden_size': 24, 'dropout': 0.23498290878094666, 'hidden_continuous_size': 14, 'attention_head_size': 3, 'learning_rate': 0.02009444949479694}. Best is trial 26 with value: 62.23318862915039.
LOCAL_RANK: 0 - CUDA_VISIBLE_DEVICES: [0]
[I 2023-11-30 06:14:17,871] Trial 59 finished with value: 67.70889282226562 and parameters: {'gradient_clip_val': 0.46394654521902645, 'hidden_size': 22, 'dropout': 0.2851266512707708, 'hidden_continuous_size': 13, 'attention_head_size': 3, 'learning_rate': 0.011045026766175263}. Best is trial 26 with value: 62.23318862915039.
LOCAL_RANK: 0 - CUDA_VISIBLE_DEVICES: [0]
[I 2023-11-30 06:14:30,176] Trial 60 finished with value: 68.77698516845703 and parameters: {'gradient_clip_val': 0.39120828698294213, 'hidden_size': 28, 'dropout': 0.38121089756349413, 'hidden_continuous_size': 16, 'attention_head_size': 3, 'learning_rate': 0.02465766221214805}. Best is trial 26 with value: 62.23318862915039.
LOCAL_RANK: 0 - CUDA_VISIBLE_DEVICES: [0]
[I 2023-11-30 06:14:42,301] Trial 61 finished with value: 91.8703842163086 and parameters: {'gradient_clip_val': 0.3458020713282903, 'hidden_size': 20, 'dropout': 0.22385230160596864, 'hidden_continuous_size': 13, 'attention_head_size': 3, 'learning_rate': 0.008905104777619454}. Best is trial 26 with value: 62.23318862915039.
LOCAL_RANK: 0 - CUDA_VISIBLE_DEVICES: [0]
[I 2023-11-30 06:14:54,640] Trial 62 finished with value: 77.90435791015625 and parameters: {'gradient_clip_val': 0.437107780339299, 'hidden_size': 25, 'dropout': 0.22938987689568732, 'hidden_continuous_size': 14, 'attention_head_size': 3, 'learning_rate': 0.016743742835576846}. Best is trial 26 with value: 62.23318862915039.
LOCAL_RANK: 0 - CUDA_VISIBLE_DEVICES: [0]
[I 2023-11-30 06:15:07,224] Trial 63 finished with value: 92.85057830810547 and parameters: {'gradient_clip_val': 0.3052564388207252, 'hidden_size': 31, 'dropout': 0.2666792507769395, 'hidden_continuous_size': 13, 'attention_head_size': 2, 'learning_rate': 0.009299179247630459}. Best is trial 26 with value: 62.23318862915039.
LOCAL_RANK: 0 - CUDA_VISIBLE_DEVICES: [0]
[I 2023-11-30 06:15:19,434] Trial 64 finished with value: 82.90460968017578 and parameters: {'gradient_clip_val': 0.3807043594131607, 'hidden_size': 21, 'dropout': 0.25182132991335365, 'hidden_continuous_size': 13, 'attention_head_size': 3, 'learning_rate': 0.007790109750540907}. Best is trial 26 with value: 62.23318862915039.
LOCAL_RANK: 0 - CUDA_VISIBLE_DEVICES: [0]
[I 2023-11-30 06:15:31,861] Trial 65 finished with value: 68.48859405517578 and parameters: {'gradient_clip_val': 0.501988881042025, 'hidden_size': 27, 'dropout': 0.20731865787801035, 'hidden_continuous_size': 15, 'attention_head_size': 3, 'learning_rate': 0.011502626830513495}. Best is trial 26 with value: 62.23318862915039.
LOCAL_RANK: 0 - CUDA_VISIBLE_DEVICES: [0]
[I 2023-11-30 06:15:44,652] Trial 66 finished with value: 80.83637237548828 and parameters: {'gradient_clip_val': 0.3218172779098916, 'hidden_size': 39, 'dropout': 0.22198802852090718, 'hidden_continuous_size': 16, 'attention_head_size': 3, 'learning_rate': 0.009872120112808656}. Best is trial 26 with value: 62.23318862915039.
LOCAL_RANK: 0 - CUDA_VISIBLE_DEVICES: [0]
[I 2023-11-30 06:15:57,080] Trial 67 finished with value: 64.61592864990234 and parameters: {'gradient_clip_val': 0.5634282222165464, 'hidden_size': 23, 'dropout': 0.19842745613613552, 'hidden_continuous_size': 12, 'attention_head_size': 4, 'learning_rate': 0.018273585383876797}. Best is trial 26 with value: 62.23318862915039.
LOCAL_RANK: 0 - CUDA_VISIBLE_DEVICES: [0]
[I 2023-11-30 06:16:09,460] Trial 68 finished with value: 72.430419921875 and parameters: {'gradient_clip_val': 0.5679836595791445, 'hidden_size': 24, 'dropout': 0.1978990934848286, 'hidden_continuous_size': 14, 'attention_head_size': 4, 'learning_rate': 0.020405849332535107}. Best is trial 26 with value: 62.23318862915039.
LOCAL_RANK: 0 - CUDA_VISIBLE_DEVICES: [0]
[I 2023-11-30 06:16:22,098] Trial 69 finished with value: 64.26409912109375 and parameters: {'gradient_clip_val': 0.4582501605215439, 'hidden_size': 34, 'dropout': 0.1916228169951885, 'hidden_continuous_size': 11, 'attention_head_size': 4, 'learning_rate': 0.018146227541590152}. Best is trial 26 with value: 62.23318862915039.
LOCAL_RANK: 0 - CUDA_VISIBLE_DEVICES: [0]
[I 2023-11-30 06:16:34,690] Trial 70 finished with value: 68.62657928466797 and parameters: {'gradient_clip_val': 0.46059770264476263, 'hidden_size': 34, 'dropout': 0.19082626734884703, 'hidden_continuous_size': 10, 'attention_head_size': 4, 'learning_rate': 0.024883036897281254}. Best is trial 26 with value: 62.23318862915039.
LOCAL_RANK: 0 - CUDA_VISIBLE_DEVICES: [0]
[I 2023-11-30 06:16:47,233] Trial 71 finished with value: 64.94137573242188 and parameters: {'gradient_clip_val': 0.4094768442001558, 'hidden_size': 30, 'dropout': 0.17221866881440728, 'hidden_continuous_size': 11, 'attention_head_size': 4, 'learning_rate': 0.017423263382339838}. Best is trial 26 with value: 62.23318862915039.
LOCAL_RANK: 0 - CUDA_VISIBLE_DEVICES: [0]
[I 2023-11-30 06:16:59,708] Trial 72 finished with value: 61.95674514770508 and parameters: {'gradient_clip_val': 0.42654524381113657, 'hidden_size': 29, 'dropout': 0.1753372327660505, 'hidden_continuous_size': 11, 'attention_head_size': 4, 'learning_rate': 0.017782854226536655}. Best is trial 72 with value: 61.95674514770508.
LOCAL_RANK: 0 - CUDA_VISIBLE_DEVICES: [0]
[I 2023-11-30 06:17:12,172] Trial 73 finished with value: 86.3759536743164 and parameters: {'gradient_clip_val': 0.41814086088692265, 'hidden_size': 29, 'dropout': 0.16882895146302304, 'hidden_continuous_size': 11, 'attention_head_size': 4, 'learning_rate': 0.01888163244346}. Best is trial 72 with value: 61.95674514770508.
LOCAL_RANK: 0 - CUDA_VISIBLE_DEVICES: [0]
[I 2023-11-30 06:17:24,811] Trial 74 finished with value: 66.73736572265625 and parameters: {'gradient_clip_val': 0.47071139149810476, 'hidden_size': 37, 'dropout': 0.17763582215713103, 'hidden_continuous_size': 10, 'attention_head_size': 4, 'learning_rate': 0.019328623000309384}. Best is trial 72 with value: 61.95674514770508.
LOCAL_RANK: 0 - CUDA_VISIBLE_DEVICES: [0]
[I 2023-11-30 06:17:37,392] Trial 75 finished with value: 62.9764289855957 and parameters: {'gradient_clip_val': 0.43496454265294754, 'hidden_size': 33, 'dropout': 0.16216717191210622, 'hidden_continuous_size': 11, 'attention_head_size': 4, 'learning_rate': 0.01606585545788547}. Best is trial 72 with value: 61.95674514770508.
LOCAL_RANK: 0 - CUDA_VISIBLE_DEVICES: [0]
[I 2023-11-30 06:17:49,880] Trial 76 finished with value: 79.7092056274414 and parameters: {'gradient_clip_val': 0.370390290272515, 'hidden_size': 34, 'dropout': 0.15996328717746497, 'hidden_continuous_size': 11, 'attention_head_size': 4, 'learning_rate': 0.015545688858093243}. Best is trial 72 with value: 61.95674514770508.
LOCAL_RANK: 0 - CUDA_VISIBLE_DEVICES: [0]
[I 2023-11-30 06:18:02,720] Trial 77 finished with value: 74.2133560180664 and parameters: {'gradient_clip_val': 0.3395202328921043, 'hidden_size': 43, 'dropout': 0.1926957179530698, 'hidden_continuous_size': 12, 'attention_head_size': 4, 'learning_rate': 0.012980757633264504}. Best is trial 72 with value: 61.95674514770508.
LOCAL_RANK: 0 - CUDA_VISIBLE_DEVICES: [0]
[I 2023-11-30 06:18:15,284] Trial 78 finished with value: 87.21683502197266 and parameters: {'gradient_clip_val': 0.4378472627760798, 'hidden_size': 26, 'dropout': 0.1842884072229463, 'hidden_continuous_size': 11, 'attention_head_size': 4, 'learning_rate': 0.015654127852469817}. Best is trial 72 with value: 61.95674514770508.
LOCAL_RANK: 0 - CUDA_VISIBLE_DEVICES: [0]
[I 2023-11-30 06:18:28,106] Trial 79 finished with value: 64.13619232177734 and parameters: {'gradient_clip_val': 0.4884935901940446, 'hidden_size': 39, 'dropout': 0.14759463992223737, 'hidden_continuous_size': 10, 'attention_head_size': 4, 'learning_rate': 0.013864756481291492}. Best is trial 72 with value: 61.95674514770508.
LOCAL_RANK: 0 - CUDA_VISIBLE_DEVICES: [0]
[I 2023-11-30 06:18:40,697] Trial 80 finished with value: 67.85396575927734 and parameters: {'gradient_clip_val': 0.527992857175089, 'hidden_size': 39, 'dropout': 0.15401791637707957, 'hidden_continuous_size': 10, 'attention_head_size': 4, 'learning_rate': 0.032887425630652424}. Best is trial 72 with value: 61.95674514770508.
LOCAL_RANK: 0 - CUDA_VISIBLE_DEVICES: [0]
[I 2023-11-30 06:18:52,976] Trial 81 finished with value: 72.36068725585938 and parameters: {'gradient_clip_val': 0.49235004465386434, 'hidden_size': 32, 'dropout': 0.1480284832608814, 'hidden_continuous_size': 10, 'attention_head_size': 4, 'learning_rate': 0.013729323665583867}. Best is trial 72 with value: 61.95674514770508.
LOCAL_RANK: 0 - CUDA_VISIBLE_DEVICES: [0]
[I 2023-11-30 06:19:05,497] Trial 82 finished with value: 55.9008903503418 and parameters: {'gradient_clip_val': 0.45865148047579846, 'hidden_size': 36, 'dropout': 0.19375813892898536, 'hidden_continuous_size': 12, 'attention_head_size': 4, 'learning_rate': 0.017524017653431544}. Best is trial 82 with value: 55.9008903503418.
LOCAL_RANK: 0 - CUDA_VISIBLE_DEVICES: [0]
[I 2023-11-30 06:19:18,451] Trial 83 finished with value: 79.48249053955078 and parameters: {'gradient_clip_val': 0.45453506077615036, 'hidden_size': 42, 'dropout': 0.18144956395189005, 'hidden_continuous_size': 11, 'attention_head_size': 4, 'learning_rate': 0.01801986778507205}. Best is trial 82 with value: 55.9008903503418.
LOCAL_RANK: 0 - CUDA_VISIBLE_DEVICES: [0]
[I 2023-11-30 06:19:30,888] Trial 84 finished with value: 70.85509490966797 and parameters: {'gradient_clip_val': 0.5502304904841, 'hidden_size': 36, 'dropout': 0.1919098164868533, 'hidden_continuous_size': 12, 'attention_head_size': 4, 'learning_rate': 0.022616446875452105}. Best is trial 82 with value: 55.9008903503418.
LOCAL_RANK: 0 - CUDA_VISIBLE_DEVICES: [0]
[I 2023-11-30 06:19:43,286] Trial 85 finished with value: 69.8530044555664 and parameters: {'gradient_clip_val': 0.43455715923151816, 'hidden_size': 33, 'dropout': 0.20410261040253738, 'hidden_continuous_size': 11, 'attention_head_size': 4, 'learning_rate': 0.016479583161772574}. Best is trial 82 with value: 55.9008903503418.
LOCAL_RANK: 0 - CUDA_VISIBLE_DEVICES: [0]
[I 2023-11-30 06:19:56,136] Trial 86 finished with value: 74.87577819824219 and parameters: {'gradient_clip_val': 0.491542737164954, 'hidden_size': 47, 'dropout': 0.14454848933052394, 'hidden_continuous_size': 10, 'attention_head_size': 4, 'learning_rate': 0.01261717009740849}. Best is trial 82 with value: 55.9008903503418.
LOCAL_RANK: 0 - CUDA_VISIBLE_DEVICES: [0]
[I 2023-11-30 06:20:08,968] Trial 87 finished with value: 78.02896881103516 and parameters: {'gradient_clip_val': 0.39598480198511604, 'hidden_size': 38, 'dropout': 0.21362898803807967, 'hidden_continuous_size': 12, 'attention_head_size': 4, 'learning_rate': 0.014247657828029293}. Best is trial 82 with value: 55.9008903503418.
LOCAL_RANK: 0 - CUDA_VISIBLE_DEVICES: [0]
[I 2023-11-30 06:20:21,587] Trial 88 finished with value: 68.00553131103516 and parameters: {'gradient_clip_val': 0.4752226812175894, 'hidden_size': 29, 'dropout': 0.17528639321473943, 'hidden_continuous_size': 12, 'attention_head_size': 4, 'learning_rate': 0.022506377728321574}. Best is trial 82 with value: 55.9008903503418.
LOCAL_RANK: 0 - CUDA_VISIBLE_DEVICES: [0]
[I 2023-11-30 06:20:34,272] Trial 89 finished with value: 83.96614837646484 and parameters: {'gradient_clip_val': 0.590966148654203, 'hidden_size': 35, 'dropout': 0.16539572569066183, 'hidden_continuous_size': 11, 'attention_head_size': 4, 'learning_rate': 0.019577243370600825}. Best is trial 82 with value: 55.9008903503418.
LOCAL_RANK: 0 - CUDA_VISIBLE_DEVICES: [0]
[I 2023-11-30 06:20:46,762] Trial 90 finished with value: 62.444793701171875 and parameters: {'gradient_clip_val': 0.5100415005450296, 'hidden_size': 31, 'dropout': 0.19691831265833207, 'hidden_continuous_size': 10, 'attention_head_size': 4, 'learning_rate': 0.01566856656534659}. Best is trial 82 with value: 55.9008903503418.
LOCAL_RANK: 0 - CUDA_VISIBLE_DEVICES: [0]
[I 2023-11-30 06:20:58,985] Trial 91 finished with value: 70.13811492919922 and parameters: {'gradient_clip_val': 0.5005757207612022, 'hidden_size': 32, 'dropout': 0.19785640687547051, 'hidden_continuous_size': 10, 'attention_head_size': 4, 'learning_rate': 0.017715428023142805}. Best is trial 82 with value: 55.9008903503418.
LOCAL_RANK: 0 - CUDA_VISIBLE_DEVICES: [0]
[I 2023-11-30 06:21:11,316] Trial 92 finished with value: 66.87994384765625 and parameters: {'gradient_clip_val': 0.4489553657434905, 'hidden_size': 31, 'dropout': 0.18678496670881528, 'hidden_continuous_size': 11, 'attention_head_size': 4, 'learning_rate': 0.015625807520875886}. Best is trial 82 with value: 55.9008903503418.
LOCAL_RANK: 0 - CUDA_VISIBLE_DEVICES: [0]
[I 2023-11-30 06:21:24,022] Trial 93 finished with value: 74.91393280029297 and parameters: {'gradient_clip_val': 0.5275367475371902, 'hidden_size': 40, 'dropout': 0.1808862556984816, 'hidden_continuous_size': 10, 'attention_head_size': 4, 'learning_rate': 0.013975234533158435}. Best is trial 82 with value: 55.9008903503418.
LOCAL_RANK: 0 - CUDA_VISIBLE_DEVICES: [0]
[I 2023-11-30 06:21:36,230] Trial 94 finished with value: 87.59297943115234 and parameters: {'gradient_clip_val': 0.4064153304168518, 'hidden_size': 28, 'dropout': 0.20398577509166135, 'hidden_continuous_size': 11, 'attention_head_size': 4, 'learning_rate': 0.0123976412854121}. Best is trial 82 with value: 55.9008903503418.
LOCAL_RANK: 0 - CUDA_VISIBLE_DEVICES: [0]
[I 2023-11-30 06:21:48,845] Trial 95 finished with value: 73.48815155029297 and parameters: {'gradient_clip_val': 0.47263980990556026, 'hidden_size': 36, 'dropout': 0.21554779982239888, 'hidden_continuous_size': 12, 'attention_head_size': 4, 'learning_rate': 0.02129549579660063}. Best is trial 82 with value: 55.9008903503418.
LOCAL_RANK: 0 - CUDA_VISIBLE_DEVICES: [0]
[I 2023-11-30 06:22:01,954] Trial 96 finished with value: 73.36479949951172 and parameters: {'gradient_clip_val': 0.42224689585393516, 'hidden_size': 45, 'dropout': 0.1958960563357346, 'hidden_continuous_size': 27, 'attention_head_size': 4, 'learning_rate': 0.016030126118953252}. Best is trial 82 with value: 55.9008903503418.
LOCAL_RANK: 0 - CUDA_VISIBLE_DEVICES: [0]
[I 2023-11-30 06:22:14,764] Trial 97 finished with value: 72.47052001953125 and parameters: {'gradient_clip_val': 0.5535489019012884, 'hidden_size': 33, 'dropout': 0.1744951103881478, 'hidden_continuous_size': 20, 'attention_head_size': 4, 'learning_rate': 0.01888191659351095}. Best is trial 82 with value: 55.9008903503418.
LOCAL_RANK: 0 - CUDA_VISIBLE_DEVICES: [0]
[I 2023-11-30 06:22:27,658] Trial 98 finished with value: 80.23348236083984 and parameters: {'gradient_clip_val': 0.3771457117098258, 'hidden_size': 39, 'dropout': 0.20871278412278294, 'hidden_continuous_size': 10, 'attention_head_size': 4, 'learning_rate': 0.011806017901982598}. Best is trial 82 with value: 55.9008903503418.
LOCAL_RANK: 0 - CUDA_VISIBLE_DEVICES: [0]
[I 2023-11-30 06:22:40,332] Trial 99 finished with value: 59.06674575805664 and parameters: {'gradient_clip_val': 0.5152160432906169, 'hidden_size': 30, 'dropout': 0.16600095170098114, 'hidden_continuous_size': 17, 'attention_head_size': 4, 'learning_rate': 0.013832429958391452}. Best is trial 82 with value: 55.9008903503418.
LOCAL_RANK: 0 - CUDA_VISIBLE_DEVICES: [0]
