[I 2023-11-29 22:57:13,377] Trial 3 finished with value: 371.8858337402344 and parameters: {'gradient_clip_val': 0.5421096071891259, 'hidden_size': 19, 'dropout': 0.2600680266484441, 'hidden_continuous_size': 14, 'attention_head_size': 3, 'learning_rate': 0.001024006605170662}. Best is trial 2 with value: 114.81175994873047.
LOCAL_RANK: 0 - CUDA_VISIBLE_DEVICES: [0]
[I 2023-11-29 22:57:26,057] Trial 4 finished with value: 110.8490219116211 and parameters: {'gradient_clip_val': 0.13573429246140467, 'hidden_size': 42, 'dropout': 0.3359489209003125, 'hidden_continuous_size': 10, 'attention_head_size': 1, 'learning_rate': 0.02006930992325301}. Best is trial 4 with value: 110.8490219116211.
LOCAL_RANK: 0 - CUDA_VISIBLE_DEVICES: [0]
[I 2023-11-29 22:57:38,267] Trial 5 finished with value: 477.3834533691406 and parameters: {'gradient_clip_val': 0.7443421745859082, 'hidden_size': 23, 'dropout': 0.17044252647338953, 'hidden_continuous_size': 19, 'attention_head_size': 1, 'learning_rate': 0.0014142345319592383}. Best is trial 4 with value: 110.8490219116211.
LOCAL_RANK: 0 - CUDA_VISIBLE_DEVICES: [0]
[I 2023-11-29 22:57:49,943] Trial 6 finished with value: 295.0595703125 and parameters: {'gradient_clip_val': 0.3985500088038196, 'hidden_size': 12, 'dropout': 0.29590938187728155, 'hidden_continuous_size': 10, 'attention_head_size': 1, 'learning_rate': 0.00445217860843691}. Best is trial 4 with value: 110.8490219116211.
LOCAL_RANK: 0 - CUDA_VISIBLE_DEVICES: [0]
[I 2023-11-29 22:58:02,787] Trial 7 finished with value: 115.33773040771484 and parameters: {'gradient_clip_val': 0.17228998890271058, 'hidden_size': 43, 'dropout': 0.3155773444440676, 'hidden_continuous_size': 28, 'attention_head_size': 3, 'learning_rate': 0.027700935901057246}. Best is trial 4 with value: 110.8490219116211.
LOCAL_RANK: 0 - CUDA_VISIBLE_DEVICES: [0]
[I 2023-11-29 22:58:16,202] Trial 8 finished with value: 165.96649169921875 and parameters: {'gradient_clip_val': 0.3009653834406667, 'hidden_size': 66, 'dropout': 0.12433061049180497, 'hidden_continuous_size': 36, 'attention_head_size': 1, 'learning_rate': 0.0017604741400172894}. Best is trial 4 with value: 110.8490219116211.
LOCAL_RANK: 0 - CUDA_VISIBLE_DEVICES: [0]
[I 2023-11-29 22:58:30,509] Trial 9 finished with value: 139.25453186035156 and parameters: {'gradient_clip_val': 0.9590489675487698, 'hidden_size': 126, 'dropout': 0.2681361525959054, 'hidden_continuous_size': 101, 'attention_head_size': 1, 'learning_rate': 0.016163925465026457}. Best is trial 4 with value: 110.8490219116211.
LOCAL_RANK: 0 - CUDA_VISIBLE_DEVICES: [0]
[I 2023-11-29 22:58:43,083] Trial 10 finished with value: 150.01976013183594 and parameters: {'gradient_clip_val': 0.10292987977708412, 'hidden_size': 30, 'dropout': 0.38679484273922454, 'hidden_continuous_size': 10, 'attention_head_size': 2, 'learning_rate': 0.0059597513965557476}. Best is trial 4 with value: 110.8490219116211.
LOCAL_RANK: 0 - CUDA_VISIBLE_DEVICES: [0]
[I 2023-11-29 22:58:55,285] Trial 11 finished with value: 124.50206756591797 and parameters: {'gradient_clip_val': 0.25431835092073685, 'hidden_size': 11, 'dropout': 0.20239521390360438, 'hidden_continuous_size': 10, 'attention_head_size': 4, 'learning_rate': 0.09064069044198693}. Best is trial 4 with value: 110.8490219116211.
LOCAL_RANK: 0 - CUDA_VISIBLE_DEVICES: [0]
[I 2023-11-29 22:59:07,416] Trial 12 finished with value: 123.72454833984375 and parameters: {'gradient_clip_val': 0.5434137303939193, 'hidden_size': 19, 'dropout': 0.3430242449971816, 'hidden_continuous_size': 11, 'attention_head_size': 3, 'learning_rate': 0.06023294306078737}. Best is trial 4 with value: 110.8490219116211.
LOCAL_RANK: 0 - CUDA_VISIBLE_DEVICES: [0]
[I 2023-11-29 22:59:19,743] Trial 13 finished with value: 120.29583740234375 and parameters: {'gradient_clip_val': 0.217564696899114, 'hidden_size': 31, 'dropout': 0.365562685045659, 'hidden_continuous_size': 12, 'attention_head_size': 2, 'learning_rate': 0.039013878147016984}. Best is trial 4 with value: 110.8490219116211.
LOCAL_RANK: 0 - CUDA_VISIBLE_DEVICES: [0]
[I 2023-11-29 22:59:33,078] Trial 14 finished with value: 116.8976821899414 and parameters: {'gradient_clip_val': 0.11327203962552883, 'hidden_size': 65, 'dropout': 0.3976240596280275, 'hidden_continuous_size': 15, 'attention_head_size': 3, 'learning_rate': 0.08710787697728656}. Best is trial 4 with value: 110.8490219116211.
LOCAL_RANK: 0 - CUDA_VISIBLE_DEVICES: [0]
[I 2023-11-29 22:59:43,174] Trial 15 finished with value: 131.2631378173828 and parameters: {'gradient_clip_val': 0.139858259525943, 'hidden_size': 10, 'dropout': 0.3167467046219857, 'hidden_continuous_size': 10, 'attention_head_size': 2, 'learning_rate': 0.03627398931365106}. Best is trial 4 with value: 110.8490219116211.
LOCAL_RANK: 0 - CUDA_VISIBLE_DEVICES: [0]
[I 2023-11-29 22:59:55,266] Trial 16 finished with value: 118.8969955444336 and parameters: {'gradient_clip_val': 0.2123742556520549, 'hidden_size': 16, 'dropout': 0.24263743522659217, 'hidden_continuous_size': 11, 'attention_head_size': 4, 'learning_rate': 0.012745635418457937}. Best is trial 4 with value: 110.8490219116211.
LOCAL_RANK: 0 - CUDA_VISIBLE_DEVICES: [0]
[I 2023-11-29 23:00:07,513] Trial 17 finished with value: 118.211669921875 and parameters: {'gradient_clip_val': 0.13330059786993068, 'hidden_size': 26, 'dropout': 0.27953635107530006, 'hidden_continuous_size': 12, 'attention_head_size': 2, 'learning_rate': 0.026025285417815232}. Best is trial 4 with value: 110.8490219116211.
LOCAL_RANK: 0 - CUDA_VISIBLE_DEVICES: [0]
[I 2023-11-29 23:00:20,248] Trial 18 finished with value: 118.38761138916016 and parameters: {'gradient_clip_val': 0.3023308925661926, 'hidden_size': 37, 'dropout': 0.33151796032116393, 'hidden_continuous_size': 14, 'attention_head_size': 3, 'learning_rate': 0.04871299182662196}. Best is trial 4 with value: 110.8490219116211.
LOCAL_RANK: 0 - CUDA_VISIBLE_DEVICES: [0]
[I 2023-11-29 23:00:32,348] Trial 19 finished with value: 185.5622100830078 and parameters: {'gradient_clip_val': 0.39544513093929706, 'hidden_size': 16, 'dropout': 0.29558867475920203, 'hidden_continuous_size': 11, 'attention_head_size': 4, 'learning_rate': 0.008698670941384507}. Best is trial 4 with value: 110.8490219116211.
LOCAL_RANK: 0 - CUDA_VISIBLE_DEVICES: [0]
[I 2023-11-29 23:00:44,492] Trial 20 finished with value: 133.497802734375 and parameters: {'gradient_clip_val': 0.1899082637816799, 'hidden_size': 22, 'dropout': 0.24011971208039143, 'hidden_continuous_size': 12, 'attention_head_size': 1, 'learning_rate': 0.06562588312291685}. Best is trial 4 with value: 110.8490219116211.
LOCAL_RANK: 0 - CUDA_VISIBLE_DEVICES: [0]
[I 2023-11-29 23:00:57,306] Trial 21 finished with value: 118.7677230834961 and parameters: {'gradient_clip_val': 0.15357298577333472, 'hidden_size': 47, 'dropout': 0.21303208498602927, 'hidden_continuous_size': 17, 'attention_head_size': 2, 'learning_rate': 0.01872340445650242}. Best is trial 4 with value: 110.8490219116211.
LOCAL_RANK: 0 - CUDA_VISIBLE_DEVICES: [0]
[I 2023-11-29 23:01:10,253] Trial 22 finished with value: 137.65609741210938 and parameters: {'gradient_clip_val': 0.12134075776745469, 'hidden_size': 50, 'dropout': 0.2113750358957639, 'hidden_continuous_size': 22, 'attention_head_size': 2, 'learning_rate': 0.022298821115314848}. Best is trial 4 with value: 110.8490219116211.
LOCAL_RANK: 0 - CUDA_VISIBLE_DEVICES: [0]
[I 2023-11-29 23:01:22,659] Trial 23 finished with value: 124.0702896118164 and parameters: {'gradient_clip_val': 0.15804351151934617, 'hidden_size': 31, 'dropout': 0.17841336542398323, 'hidden_continuous_size': 13, 'attention_head_size': 3, 'learning_rate': 0.012598969930864058}. Best is trial 4 with value: 110.8490219116211.
LOCAL_RANK: 0 - CUDA_VISIBLE_DEVICES: [0]
[I 2023-11-29 23:01:35,621] Trial 24 finished with value: 125.2984390258789 and parameters: {'gradient_clip_val': 0.12940920547321344, 'hidden_size': 61, 'dropout': 0.22407454340026595, 'hidden_continuous_size': 17, 'attention_head_size': 1, 'learning_rate': 0.03635375960868403}. Best is trial 4 with value: 110.8490219116211.
LOCAL_RANK: 0 - CUDA_VISIBLE_DEVICES: [0]
[I 2023-11-29 23:01:48,321] Trial 25 finished with value: 106.89009857177734 and parameters: {'gradient_clip_val': 0.1035887622145112, 'hidden_size': 35, 'dropout': 0.24207709343297923, 'hidden_continuous_size': 13, 'attention_head_size': 2, 'learning_rate': 0.020043745035469785}. Best is trial 25 with value: 106.89009857177734.
LOCAL_RANK: 0 - CUDA_VISIBLE_DEVICES: [0]
[I 2023-11-29 23:01:58,550] Trial 26 finished with value: 177.6697235107422 and parameters: {'gradient_clip_val': 0.10174817882999017, 'hidden_size': 10, 'dropout': 0.24899917102713395, 'hidden_continuous_size': 10, 'attention_head_size': 3, 'learning_rate': 0.027448151355722594}. Best is trial 25 with value: 106.89009857177734.
LOCAL_RANK: 0 - CUDA_VISIBLE_DEVICES: [0]
[I 2023-11-29 23:02:11,198] Trial 27 finished with value: 169.83787536621094 and parameters: {'gradient_clip_val': 0.12343033325264305, 'hidden_size': 38, 'dropout': 0.27786211055575866, 'hidden_continuous_size': 13, 'attention_head_size': 2, 'learning_rate': 0.05326102111200736}. Best is trial 25 with value: 106.89009857177734.
LOCAL_RANK: 0 - CUDA_VISIBLE_DEVICES: [0]
[I 2023-11-29 23:02:23,280] Trial 28 finished with value: 126.0137710571289 and parameters: {'gradient_clip_val': 0.10228522283346277, 'hidden_size': 15, 'dropout': 0.3584371664471776, 'hidden_continuous_size': 11, 'attention_head_size': 1, 'learning_rate': 0.09066687643404624}. Best is trial 25 with value: 106.89009857177734.
LOCAL_RANK: 0 - CUDA_VISIBLE_DEVICES: [0]
[I 2023-11-29 23:02:35,497] Trial 29 finished with value: 222.9573974609375 and parameters: {'gradient_clip_val': 0.1445505750799406, 'hidden_size': 14, 'dropout': 0.24877565270255547, 'hidden_continuous_size': 11, 'attention_head_size': 4, 'learning_rate': 0.008136696101917848}. Best is trial 25 with value: 106.89009857177734.
LOCAL_RANK: 0 - CUDA_VISIBLE_DEVICES: [0]
[I 2023-11-29 23:02:47,729] Trial 30 finished with value: 404.0257263183594 and parameters: {'gradient_clip_val': 0.18717868085268477, 'hidden_size': 13, 'dropout': 0.1816451149285262, 'hidden_continuous_size': 10, 'attention_head_size': 2, 'learning_rate': 0.0030446085653376485}. Best is trial 25 with value: 106.89009857177734.
LOCAL_RANK: 0 - CUDA_VISIBLE_DEVICES: [0]
[I 2023-11-29 23:03:00,655] Trial 31 finished with value: 123.84765625 and parameters: {'gradient_clip_val': 0.1695254571475656, 'hidden_size': 55, 'dropout': 0.23815704339383917, 'hidden_continuous_size': 13, 'attention_head_size': 2, 'learning_rate': 0.01630707320306921}. Best is trial 25 with value: 106.89009857177734.
LOCAL_RANK: 0 - CUDA_VISIBLE_DEVICES: [0]
[I 2023-11-29 23:03:13,920] Trial 32 finished with value: 132.57237243652344 and parameters: {'gradient_clip_val': 0.1141207061743196, 'hidden_size': 84, 'dropout': 0.22420359487526748, 'hidden_continuous_size': 15, 'attention_head_size': 2, 'learning_rate': 0.01217634577805645}. Best is trial 25 with value: 106.89009857177734.
LOCAL_RANK: 0 - CUDA_VISIBLE_DEVICES: [0]
[I 2023-11-29 23:03:26,621] Trial 33 finished with value: 123.23433685302734 and parameters: {'gradient_clip_val': 0.1436702246029847, 'hidden_size': 43, 'dropout': 0.26491395443285626, 'hidden_continuous_size': 14, 'attention_head_size': 3, 'learning_rate': 0.020059201669996057}. Best is trial 25 with value: 106.89009857177734.
LOCAL_RANK: 0 - CUDA_VISIBLE_DEVICES: [0]
[I 2023-11-29 23:03:38,689] Trial 34 finished with value: 131.10484313964844 and parameters: {'gradient_clip_val': 0.45933233233153914, 'hidden_size': 19, 'dropout': 0.19034611186319955, 'hidden_continuous_size': 12, 'attention_head_size': 1, 'learning_rate': 0.02510000335652439}. Best is trial 25 with value: 106.89009857177734.
LOCAL_RANK: 0 - CUDA_VISIBLE_DEVICES: [0]
[I 2023-11-29 23:03:51,473] Trial 35 finished with value: 141.635009765625 and parameters: {'gradient_clip_val': 0.3406942676282467, 'hidden_size': 38, 'dropout': 0.19970032576112481, 'hidden_continuous_size': 16, 'attention_head_size': 3, 'learning_rate': 0.03179207532029011}. Best is trial 25 with value: 106.89009857177734.
LOCAL_RANK: 0 - CUDA_VISIBLE_DEVICES: [0]
[I 2023-11-29 23:04:04,830] Trial 36 finished with value: 137.72752380371094 and parameters: {'gradient_clip_val': 0.24987087697923768, 'hidden_size': 76, 'dropout': 0.1609510510162866, 'hidden_continuous_size': 20, 'attention_head_size': 1, 'learning_rate': 0.04419865076218401}. Best is trial 25 with value: 106.89009857177734.
LOCAL_RANK: 0 - CUDA_VISIBLE_DEVICES: [0]
[I 2023-11-29 23:04:16,612] Trial 37 finished with value: 164.1589813232422 and parameters: {'gradient_clip_val': 0.1616962042823925, 'hidden_size': 12, 'dropout': 0.22813097915471334, 'hidden_continuous_size': 10, 'attention_head_size': 2, 'learning_rate': 0.016613742831994044}. Best is trial 25 with value: 106.89009857177734.
LOCAL_RANK: 0 - CUDA_VISIBLE_DEVICES: [0]
[I 2023-11-29 23:04:28,874] Trial 38 finished with value: 122.3935546875 and parameters: {'gradient_clip_val': 0.6295287494638849, 'hidden_size': 25, 'dropout': 0.2555351755446577, 'hidden_continuous_size': 14, 'attention_head_size': 1, 'learning_rate': 0.030257477024537308}. Best is trial 25 with value: 106.89009857177734.
LOCAL_RANK: 0 - CUDA_VISIBLE_DEVICES: [0]
[I 2023-11-29 23:04:41,135] Trial 39 finished with value: 117.34634399414062 and parameters: {'gradient_clip_val': 0.12681771825232363, 'hidden_size': 22, 'dropout': 0.29350450349387674, 'hidden_continuous_size': 13, 'attention_head_size': 3, 'learning_rate': 0.021202652812034296}. Best is trial 25 with value: 106.89009857177734.
LOCAL_RANK: 0 - CUDA_VISIBLE_DEVICES: [0]
[I 2023-11-29 23:04:54,643] Trial 40 finished with value: 113.57171630859375 and parameters: {'gradient_clip_val': 0.1128079099598434, 'hidden_size': 54, 'dropout': 0.16107029123901337, 'hidden_continuous_size': 33, 'attention_head_size': 2, 'learning_rate': 0.01052781562505979}. Best is trial 25 with value: 106.89009857177734.
LOCAL_RANK: 0 - CUDA_VISIBLE_DEVICES: [0]
[I 2023-11-29 23:05:07,990] Trial 41 finished with value: 111.78755950927734 and parameters: {'gradient_clip_val': 0.11287225185132471, 'hidden_size': 55, 'dropout': 0.15939589316113578, 'hidden_continuous_size': 38, 'attention_head_size': 2, 'learning_rate': 0.009143864542261196}. Best is trial 25 with value: 106.89009857177734.
LOCAL_RANK: 0 - CUDA_VISIBLE_DEVICES: [0]
[I 2023-11-29 23:05:21,109] Trial 42 finished with value: 129.80897521972656 and parameters: {'gradient_clip_val': 0.11218378278273504, 'hidden_size': 46, 'dropout': 0.1585448988626704, 'hidden_continuous_size': 35, 'attention_head_size': 2, 'learning_rate': 0.006901445910325104}. Best is trial 25 with value: 106.89009857177734.
LOCAL_RANK: 0 - CUDA_VISIBLE_DEVICES: [0]
[I 2023-11-29 23:05:34,103] Trial 43 finished with value: 137.1189727783203 and parameters: {'gradient_clip_val': 0.11345711733576269, 'hidden_size': 54, 'dropout': 0.13499442034857684, 'hidden_continuous_size': 28, 'attention_head_size': 2, 'learning_rate': 0.009073365079671575}. Best is trial 25 with value: 106.89009857177734.
LOCAL_RANK: 0 - CUDA_VISIBLE_DEVICES: [0]
[I 2023-11-29 23:05:44,480] Trial 44 finished with value: 129.9999237060547 and parameters: {'gradient_clip_val': 0.10164755261232579, 'hidden_size': 34, 'dropout': 0.10678066501724615, 'hidden_continuous_size': 34, 'attention_head_size': 2, 'learning_rate': 0.01089108713822717}. Best is trial 25 with value: 106.89009857177734.
LOCAL_RANK: 0 - CUDA_VISIBLE_DEVICES: [0]
[I 2023-11-29 23:05:57,822] Trial 45 finished with value: 118.06876373291016 and parameters: {'gradient_clip_val': 0.1359788704259051, 'hidden_size': 43, 'dropout': 0.15662689147425757, 'hidden_continuous_size': 39, 'attention_head_size': 3, 'learning_rate': 0.014249142827409834}. Best is trial 25 with value: 106.89009857177734.
LOCAL_RANK: 0 - CUDA_VISIBLE_DEVICES: [0]
[I 2023-11-29 23:06:10,875] Trial 46 finished with value: 142.07823181152344 and parameters: {'gradient_clip_val': 0.11535810219120211, 'hidden_size': 60, 'dropout': 0.13942066487293117, 'hidden_continuous_size': 29, 'attention_head_size': 1, 'learning_rate': 0.005562263452392294}. Best is trial 25 with value: 106.89009857177734.
LOCAL_RANK: 0 - CUDA_VISIBLE_DEVICES: [0]
[I 2023-11-29 23:06:23,143] Trial 47 finished with value: 130.27862548828125 and parameters: {'gradient_clip_val': 0.14651592314976727, 'hidden_size': 28, 'dropout': 0.1949543193679874, 'hidden_continuous_size': 18, 'attention_head_size': 2, 'learning_rate': 0.010880382336345583}. Best is trial 25 with value: 106.89009857177734.
LOCAL_RANK: 0 - CUDA_VISIBLE_DEVICES: [0]
[I 2023-11-29 23:06:35,750] Trial 48 finished with value: 130.02162170410156 and parameters: {'gradient_clip_val': 0.10033698881100803, 'hidden_size': 34, 'dropout': 0.1722589120442296, 'hidden_continuous_size': 21, 'attention_head_size': 3, 'learning_rate': 0.014221998954428829}. Best is trial 25 with value: 106.89009857177734.
LOCAL_RANK: 0 - CUDA_VISIBLE_DEVICES: [0]
[I 2023-11-29 23:06:49,146] Trial 49 finished with value: 124.8406982421875 and parameters: {'gradient_clip_val': 0.13473211936251028, 'hidden_size': 79, 'dropout': 0.18634539107897513, 'hidden_continuous_size': 23, 'attention_head_size': 2, 'learning_rate': 0.009746951797635661}. Best is trial 25 with value: 106.89009857177734.
LOCAL_RANK: 0 - CUDA_VISIBLE_DEVICES: [0]
[I 2023-11-29 23:07:01,314] Trial 50 finished with value: 124.93872833251953 and parameters: {'gradient_clip_val': 0.12044297921392279, 'hidden_size': 28, 'dropout': 0.20747324162472855, 'hidden_continuous_size': 16, 'attention_head_size': 1, 'learning_rate': 0.07474659099676095}. Best is trial 25 with value: 106.89009857177734.
LOCAL_RANK: 0 - CUDA_VISIBLE_DEVICES: [0]
[I 2023-11-29 23:07:14,708] Trial 51 finished with value: 117.71258544921875 and parameters: {'gradient_clip_val': 0.11018864050584862, 'hidden_size': 51, 'dropout': 0.2133016096731707, 'hidden_continuous_size': 47, 'attention_head_size': 2, 'learning_rate': 0.02320987023197537}. Best is trial 25 with value: 106.89009857177734.
LOCAL_RANK: 0 - CUDA_VISIBLE_DEVICES: [0]
[I 2023-11-29 23:07:27,704] Trial 52 finished with value: 121.15604400634766 and parameters: {'gradient_clip_val': 0.12518224439153142, 'hidden_size': 41, 'dropout': 0.11955403957516374, 'hidden_continuous_size': 38, 'attention_head_size': 2, 'learning_rate': 0.018502522158583348}. Best is trial 25 with value: 106.89009857177734.
LOCAL_RANK: 0 - CUDA_VISIBLE_DEVICES: [0]
[I 2023-11-29 23:07:40,879] Trial 53 finished with value: 148.26805114746094 and parameters: {'gradient_clip_val': 0.1553465948469123, 'hidden_size': 48, 'dropout': 0.2598220618723792, 'hidden_continuous_size': 47, 'attention_head_size': 2, 'learning_rate': 0.0413105419791725}. Best is trial 25 with value: 106.89009857177734.
LOCAL_RANK: 0 - CUDA_VISIBLE_DEVICES: [0]
[I 2023-11-29 23:07:54,416] Trial 54 finished with value: 165.2051239013672 and parameters: {'gradient_clip_val': 0.846077583597361, 'hidden_size': 69, 'dropout': 0.19277167482937074, 'hidden_continuous_size': 44, 'attention_head_size': 2, 'learning_rate': 0.033483501271985926}. Best is trial 25 with value: 106.89009857177734.
LOCAL_RANK: 0 - CUDA_VISIBLE_DEVICES: [0]
[I 2023-11-29 23:08:07,466] Trial 55 finished with value: 145.376708984375 and parameters: {'gradient_clip_val': 0.1778956119060306, 'hidden_size': 56, 'dropout': 0.17594672277443368, 'hidden_continuous_size': 11, 'attention_head_size': 3, 'learning_rate': 0.053348715101014}. Best is trial 25 with value: 106.89009857177734.
LOCAL_RANK: 0 - CUDA_VISIBLE_DEVICES: [0]
[I 2023-11-29 23:08:20,199] Trial 56 finished with value: 131.8232879638672 and parameters: {'gradient_clip_val': 0.13543282632825196, 'hidden_size': 46, 'dropout': 0.23729593418235334, 'hidden_continuous_size': 12, 'attention_head_size': 3, 'learning_rate': 0.01547457837868517}. Best is trial 25 with value: 106.89009857177734.
LOCAL_RANK: 0 - CUDA_VISIBLE_DEVICES: [0]
[I 2023-11-29 23:08:32,700] Trial 57 finished with value: 132.0340118408203 and parameters: {'gradient_clip_val': 0.10750314651885128, 'hidden_size': 34, 'dropout': 0.2029059727915855, 'hidden_continuous_size': 31, 'attention_head_size': 2, 'learning_rate': 0.02531884563403327}. Best is trial 25 with value: 106.89009857177734.
LOCAL_RANK: 0 - CUDA_VISIBLE_DEVICES: [0]
[I 2023-11-29 23:08:45,080] Trial 58 finished with value: 121.88040924072266 and parameters: {'gradient_clip_val': 0.12463206004647012, 'hidden_size': 40, 'dropout': 0.2175160795971187, 'hidden_continuous_size': 10, 'attention_head_size': 2, 'learning_rate': 0.01930409406133177}. Best is trial 25 with value: 106.89009857177734.
LOCAL_RANK: 0 - CUDA_VISIBLE_DEVICES: [0]
[I 2023-11-29 23:08:58,753] Trial 59 finished with value: 129.04324340820312 and parameters: {'gradient_clip_val': 0.14915381877687584, 'hidden_size': 67, 'dropout': 0.27077892862932845, 'hidden_continuous_size': 54, 'attention_head_size': 1, 'learning_rate': 0.007503523358849744}. Best is trial 25 with value: 106.89009857177734.
LOCAL_RANK: 0 - CUDA_VISIBLE_DEVICES: [0]
[I 2023-11-29 23:09:11,105] Trial 60 finished with value: 226.0946044921875 and parameters: {'gradient_clip_val': 0.16633788156733129, 'hidden_size': 11, 'dropout': 0.23158661656127044, 'hidden_continuous_size': 10, 'attention_head_size': 3, 'learning_rate': 0.01052792163895767}. Best is trial 25 with value: 106.89009857177734.
LOCAL_RANK: 0 - CUDA_VISIBLE_DEVICES: [0]
[I 2023-11-29 23:09:23,894] Trial 61 finished with value: 137.29136657714844 and parameters: {'gradient_clip_val': 0.21139980457599505, 'hidden_size': 43, 'dropout': 0.3227015950624559, 'hidden_continuous_size': 11, 'attention_head_size': 4, 'learning_rate': 0.012957108053276867}. Best is trial 25 with value: 106.89009857177734.
LOCAL_RANK: 0 - CUDA_VISIBLE_DEVICES: [0]
