[I 2023-11-30 11:45:39,594] Trial 59 finished with value: 240.7357635498047 and parameters: {'gradient_clip_val': 0.4722172254228644, 'hidden_size': 60, 'dropout': 0.17078592117582703, 'hidden_continuous_size': 24, 'attention_head_size': 3, 'learning_rate': 0.05326943197015003}. Best is trial 2 with value: 175.420654296875.
LOCAL_RANK: 0 - CUDA_VISIBLE_DEVICES: [0]
[I 2023-11-30 11:45:52,685] Trial 60 finished with value: 183.06201171875 and parameters: {'gradient_clip_val': 0.3000861165804872, 'hidden_size': 53, 'dropout': 0.15611344115416426, 'hidden_continuous_size': 11, 'attention_head_size': 4, 'learning_rate': 0.07422095177048946}. Best is trial 2 with value: 175.420654296875.
LOCAL_RANK: 0 - CUDA_VISIBLE_DEVICES: [0]
[I 2023-11-30 11:46:05,507] Trial 61 finished with value: 204.0028839111328 and parameters: {'gradient_clip_val': 0.26960401109944176, 'hidden_size': 52, 'dropout': 0.15178391564778881, 'hidden_continuous_size': 11, 'attention_head_size': 4, 'learning_rate': 0.06860162396227795}. Best is trial 2 with value: 175.420654296875.
LOCAL_RANK: 0 - CUDA_VISIBLE_DEVICES: [0]
[I 2023-11-30 11:46:18,705] Trial 62 finished with value: 222.67138671875 and parameters: {'gradient_clip_val': 0.2861185675785556, 'hidden_size': 54, 'dropout': 0.1580490508214094, 'hidden_continuous_size': 14, 'attention_head_size': 4, 'learning_rate': 0.07952003752489577}. Best is trial 2 with value: 175.420654296875.
LOCAL_RANK: 0 - CUDA_VISIBLE_DEVICES: [0]
[I 2023-11-30 11:46:32,069] Trial 63 finished with value: 213.74037170410156 and parameters: {'gradient_clip_val': 0.35692721970594404, 'hidden_size': 70, 'dropout': 0.14092599046765533, 'hidden_continuous_size': 13, 'attention_head_size': 4, 'learning_rate': 0.08925795116927061}. Best is trial 2 with value: 175.420654296875.
LOCAL_RANK: 0 - CUDA_VISIBLE_DEVICES: [0]
[I 2023-11-30 11:46:45,231] Trial 64 finished with value: 225.5755157470703 and parameters: {'gradient_clip_val': 0.30030196891232597, 'hidden_size': 63, 'dropout': 0.1222330793069764, 'hidden_continuous_size': 11, 'attention_head_size': 4, 'learning_rate': 0.06391603828239356}. Best is trial 2 with value: 175.420654296875.
LOCAL_RANK: 0 - CUDA_VISIBLE_DEVICES: [0]
[I 2023-11-30 11:46:58,060] Trial 65 finished with value: 216.16136169433594 and parameters: {'gradient_clip_val': 0.40573764924560285, 'hidden_size': 43, 'dropout': 0.10818198762548706, 'hidden_continuous_size': 22, 'attention_head_size': 4, 'learning_rate': 0.04502236840841631}. Best is trial 2 with value: 175.420654296875.
LOCAL_RANK: 0 - CUDA_VISIBLE_DEVICES: [0]
[I 2023-11-30 11:47:11,186] Trial 66 finished with value: 222.7023162841797 and parameters: {'gradient_clip_val': 0.9959399934285217, 'hidden_size': 58, 'dropout': 0.16438970587568402, 'hidden_continuous_size': 16, 'attention_head_size': 3, 'learning_rate': 0.0584910311893808}. Best is trial 2 with value: 175.420654296875.
LOCAL_RANK: 0 - CUDA_VISIBLE_DEVICES: [0]
[I 2023-11-30 11:47:24,118] Trial 67 finished with value: 262.7661437988281 and parameters: {'gradient_clip_val': 0.25514649517671445, 'hidden_size': 35, 'dropout': 0.13032469955186676, 'hidden_continuous_size': 18, 'attention_head_size': 3, 'learning_rate': 0.024702478731404257}. Best is trial 2 with value: 175.420654296875.
LOCAL_RANK: 0 - CUDA_VISIBLE_DEVICES: [0]
[I 2023-11-30 11:47:36,994] Trial 68 finished with value: 186.3845977783203 and parameters: {'gradient_clip_val': 0.2299165794574136, 'hidden_size': 45, 'dropout': 0.18180359710102328, 'hidden_continuous_size': 11, 'attention_head_size': 4, 'learning_rate': 0.07245086977064577}. Best is trial 2 with value: 175.420654296875.
LOCAL_RANK: 0 - CUDA_VISIBLE_DEVICES: [0]
[I 2023-11-30 11:47:49,814] Trial 69 finished with value: 190.2045135498047 and parameters: {'gradient_clip_val': 0.3322857309038981, 'hidden_size': 40, 'dropout': 0.14861446437306383, 'hidden_continuous_size': 27, 'attention_head_size': 4, 'learning_rate': 0.03134709523102409}. Best is trial 2 with value: 175.420654296875.
LOCAL_RANK: 0 - CUDA_VISIBLE_DEVICES: [0]
[I 2023-11-30 11:48:02,500] Trial 70 finished with value: 262.2650451660156 and parameters: {'gradient_clip_val': 0.38317258795504244, 'hidden_size': 35, 'dropout': 0.13561753099160231, 'hidden_continuous_size': 23, 'attention_head_size': 3, 'learning_rate': 0.08580308261074814}. Best is trial 2 with value: 175.420654296875.
LOCAL_RANK: 0 - CUDA_VISIBLE_DEVICES: [0]
[I 2023-11-30 11:48:15,143] Trial 71 finished with value: 202.85606384277344 and parameters: {'gradient_clip_val': 0.2172851667198348, 'hidden_size': 48, 'dropout': 0.17643842978096677, 'hidden_continuous_size': 10, 'attention_head_size': 4, 'learning_rate': 0.07007049404012893}. Best is trial 2 with value: 175.420654296875.
LOCAL_RANK: 0 - CUDA_VISIBLE_DEVICES: [0]
[I 2023-11-30 11:48:28,072] Trial 72 finished with value: 198.20660400390625 and parameters: {'gradient_clip_val': 0.22813219817761027, 'hidden_size': 44, 'dropout': 0.18522939329677748, 'hidden_continuous_size': 12, 'attention_head_size': 4, 'learning_rate': 0.04848044156625724}. Best is trial 2 with value: 175.420654296875.
LOCAL_RANK: 0 - CUDA_VISIBLE_DEVICES: [0]
[I 2023-11-30 11:48:40,963] Trial 73 finished with value: 206.22412109375 and parameters: {'gradient_clip_val': 0.2510915058426858, 'hidden_size': 52, 'dropout': 0.16869167769924837, 'hidden_continuous_size': 11, 'attention_head_size': 4, 'learning_rate': 0.055532908959921204}. Best is trial 2 with value: 175.420654296875.
LOCAL_RANK: 0 - CUDA_VISIBLE_DEVICES: [0]
[I 2023-11-30 11:48:53,735] Trial 74 finished with value: 180.9366455078125 and parameters: {'gradient_clip_val': 0.26396436157679676, 'hidden_size': 29, 'dropout': 0.14718930345429238, 'hidden_continuous_size': 25, 'attention_head_size': 4, 'learning_rate': 0.039748517071617265}. Best is trial 2 with value: 175.420654296875.
LOCAL_RANK: 0 - CUDA_VISIBLE_DEVICES: [0]
[I 2023-11-30 11:49:06,310] Trial 75 finished with value: 199.2354278564453 and parameters: {'gradient_clip_val': 0.264925392283438, 'hidden_size': 29, 'dropout': 0.14872005225689008, 'hidden_continuous_size': 24, 'attention_head_size': 4, 'learning_rate': 0.035686041147937185}. Best is trial 2 with value: 175.420654296875.
LOCAL_RANK: 0 - CUDA_VISIBLE_DEVICES: [0]
[I 2023-11-30 11:49:18,799] Trial 76 finished with value: 183.8754425048828 and parameters: {'gradient_clip_val': 0.30969897202162044, 'hidden_size': 25, 'dropout': 0.13315324980344181, 'hidden_continuous_size': 21, 'attention_head_size': 4, 'learning_rate': 0.029184729187406534}. Best is trial 2 with value: 175.420654296875.
LOCAL_RANK: 0 - CUDA_VISIBLE_DEVICES: [0]
[I 2023-11-30 11:49:31,166] Trial 77 finished with value: 215.6057586669922 and parameters: {'gradient_clip_val': 0.28546787103895205, 'hidden_size': 24, 'dropout': 0.11742836035379564, 'hidden_continuous_size': 22, 'attention_head_size': 4, 'learning_rate': 0.042590229022632806}. Best is trial 2 with value: 175.420654296875.
LOCAL_RANK: 0 - CUDA_VISIBLE_DEVICES: [0]
[I 2023-11-30 11:49:43,700] Trial 78 finished with value: 235.5664520263672 and parameters: {'gradient_clip_val': 0.3202267755246737, 'hidden_size': 23, 'dropout': 0.13021304461748362, 'hidden_continuous_size': 21, 'attention_head_size': 4, 'learning_rate': 0.03871802510139736}. Best is trial 2 with value: 175.420654296875.
LOCAL_RANK: 0 - CUDA_VISIBLE_DEVICES: [0]
[I 2023-11-30 11:49:56,334] Trial 79 finished with value: 185.66632080078125 and parameters: {'gradient_clip_val': 0.296398677963708, 'hidden_size': 27, 'dropout': 0.10957068954229837, 'hidden_continuous_size': 24, 'attention_head_size': 4, 'learning_rate': 0.04861079286420107}. Best is trial 2 with value: 175.420654296875.
LOCAL_RANK: 0 - CUDA_VISIBLE_DEVICES: [0]
[I 2023-11-30 11:50:08,811] Trial 80 finished with value: 398.6545715332031 and parameters: {'gradient_clip_val': 0.3550195516005808, 'hidden_size': 19, 'dropout': 0.15767428899331237, 'hidden_continuous_size': 18, 'attention_head_size': 4, 'learning_rate': 0.030395816827478262}. Best is trial 2 with value: 175.420654296875.
LOCAL_RANK: 0 - CUDA_VISIBLE_DEVICES: [0]
[I 2023-11-30 11:50:21,389] Trial 81 finished with value: 204.8438262939453 and parameters: {'gradient_clip_val': 0.30373760905316965, 'hidden_size': 28, 'dropout': 0.1095838606934478, 'hidden_continuous_size': 26, 'attention_head_size': 4, 'learning_rate': 0.0519461054318807}. Best is trial 2 with value: 175.420654296875.
LOCAL_RANK: 0 - CUDA_VISIBLE_DEVICES: [0]
[I 2023-11-30 11:50:34,108] Trial 82 finished with value: 206.30149841308594 and parameters: {'gradient_clip_val': 0.2677602763081584, 'hidden_size': 26, 'dropout': 0.12198321283451669, 'hidden_continuous_size': 24, 'attention_head_size': 4, 'learning_rate': 0.06281033554988275}. Best is trial 2 with value: 175.420654296875.
LOCAL_RANK: 0 - CUDA_VISIBLE_DEVICES: [0]
[I 2023-11-30 11:50:46,957] Trial 83 finished with value: 180.79156494140625 and parameters: {'gradient_clip_val': 0.2949735507719888, 'hidden_size': 33, 'dropout': 0.1439809418742663, 'hidden_continuous_size': 27, 'attention_head_size': 4, 'learning_rate': 0.040027628353393144}. Best is trial 2 with value: 175.420654296875.
LOCAL_RANK: 0 - CUDA_VISIBLE_DEVICES: [0]
[I 2023-11-30 11:50:59,826] Trial 84 finished with value: 245.94232177734375 and parameters: {'gradient_clip_val': 0.3182315690640349, 'hidden_size': 30, 'dropout': 0.13679621448716758, 'hidden_continuous_size': 25, 'attention_head_size': 4, 'learning_rate': 0.041109772425254744}. Best is trial 2 with value: 175.420654296875.
LOCAL_RANK: 0 - CUDA_VISIBLE_DEVICES: [0]
[I 2023-11-30 11:51:13,380] Trial 85 finished with value: 191.27978515625 and parameters: {'gradient_clip_val': 0.27788183595858384, 'hidden_size': 76, 'dropout': 0.14588335288275495, 'hidden_continuous_size': 29, 'attention_head_size': 4, 'learning_rate': 0.025948447620023525}. Best is trial 2 with value: 175.420654296875.
LOCAL_RANK: 0 - CUDA_VISIBLE_DEVICES: [0]
[I 2023-11-30 11:51:26,052] Trial 86 finished with value: 175.2342529296875 and parameters: {'gradient_clip_val': 0.24762814526190974, 'hidden_size': 32, 'dropout': 0.12970478776015248, 'hidden_continuous_size': 25, 'attention_head_size': 4, 'learning_rate': 0.033765794065678034}. Best is trial 86 with value: 175.2342529296875.
LOCAL_RANK: 0 - CUDA_VISIBLE_DEVICES: [0]
[I 2023-11-30 11:51:39,215] Trial 87 finished with value: 187.25865173339844 and parameters: {'gradient_clip_val': 0.25941690292477065, 'hidden_size': 31, 'dropout': 0.1425787619797134, 'hidden_continuous_size': 27, 'attention_head_size': 4, 'learning_rate': 0.031815064876193976}. Best is trial 86 with value: 175.2342529296875.
LOCAL_RANK: 0 - CUDA_VISIBLE_DEVICES: [0]
[I 2023-11-30 11:51:52,425] Trial 88 finished with value: 181.29859924316406 and parameters: {'gradient_clip_val': 0.24527388823205545, 'hidden_size': 34, 'dropout': 0.13096639012544592, 'hidden_continuous_size': 25, 'attention_head_size': 4, 'learning_rate': 0.028278121424353528}. Best is trial 86 with value: 175.2342529296875.
LOCAL_RANK: 0 - CUDA_VISIBLE_DEVICES: [0]
[I 2023-11-30 11:52:05,331] Trial 89 finished with value: 205.89105224609375 and parameters: {'gradient_clip_val': 0.24561874626713975, 'hidden_size': 31, 'dropout': 0.15544418682310196, 'hidden_continuous_size': 26, 'attention_head_size': 4, 'learning_rate': 0.03390110000628398}. Best is trial 86 with value: 175.2342529296875.
LOCAL_RANK: 0 - CUDA_VISIBLE_DEVICES: [0]
[I 2023-11-30 11:52:18,332] Trial 90 finished with value: 205.43731689453125 and parameters: {'gradient_clip_val': 0.204980967028206, 'hidden_size': 38, 'dropout': 0.16263487714696737, 'hidden_continuous_size': 27, 'attention_head_size': 4, 'learning_rate': 0.03737505977820919}. Best is trial 86 with value: 175.2342529296875.
LOCAL_RANK: 0 - CUDA_VISIBLE_DEVICES: [0]
[I 2023-11-30 11:52:31,008] Trial 91 finished with value: 212.1046142578125 and parameters: {'gradient_clip_val': 0.23149994334749716, 'hidden_size': 34, 'dropout': 0.13159276275034854, 'hidden_continuous_size': 25, 'attention_head_size': 4, 'learning_rate': 0.028766432517138407}. Best is trial 86 with value: 175.2342529296875.
LOCAL_RANK: 0 - CUDA_VISIBLE_DEVICES: [0]
[I 2023-11-30 11:52:43,844] Trial 92 finished with value: 189.9189910888672 and parameters: {'gradient_clip_val': 0.24076605054401273, 'hidden_size': 33, 'dropout': 0.13451655443278981, 'hidden_continuous_size': 25, 'attention_head_size': 4, 'learning_rate': 0.024111222428956962}. Best is trial 86 with value: 175.2342529296875.
LOCAL_RANK: 0 - CUDA_VISIBLE_DEVICES: [0]
[I 2023-11-30 11:52:56,350] Trial 93 finished with value: 247.9108123779297 and parameters: {'gradient_clip_val': 0.31995692483758154, 'hidden_size': 28, 'dropout': 0.14076912980419942, 'hidden_continuous_size': 23, 'attention_head_size': 4, 'learning_rate': 0.027057689247148086}. Best is trial 86 with value: 175.2342529296875.
LOCAL_RANK: 0 - CUDA_VISIBLE_DEVICES: [0]
[I 2023-11-30 11:53:09,046] Trial 94 finished with value: 233.9300537109375 and parameters: {'gradient_clip_val': 0.29404380188363133, 'hidden_size': 33, 'dropout': 0.1464211037913231, 'hidden_continuous_size': 26, 'attention_head_size': 4, 'learning_rate': 0.021104453467778127}. Best is trial 86 with value: 175.2342529296875.
LOCAL_RANK: 0 - CUDA_VISIBLE_DEVICES: [0]
[I 2023-11-30 11:53:21,762] Trial 95 finished with value: 195.05931091308594 and parameters: {'gradient_clip_val': 0.2708967212114132, 'hidden_size': 30, 'dropout': 0.11901738380805417, 'hidden_continuous_size': 25, 'attention_head_size': 4, 'learning_rate': 0.04549345855253807}. Best is trial 86 with value: 175.2342529296875.
LOCAL_RANK: 0 - CUDA_VISIBLE_DEVICES: [0]
[I 2023-11-30 11:53:34,827] Trial 96 finished with value: 188.504150390625 and parameters: {'gradient_clip_val': 0.2535426439920016, 'hidden_size': 35, 'dropout': 0.12602989952253882, 'hidden_continuous_size': 28, 'attention_head_size': 4, 'learning_rate': 0.03973336228144485}. Best is trial 86 with value: 175.2342529296875.
LOCAL_RANK: 0 - CUDA_VISIBLE_DEVICES: [0]
[I 2023-11-30 11:53:47,340] Trial 97 finished with value: 220.12416076660156 and parameters: {'gradient_clip_val': 0.30002494439189625, 'hidden_size': 32, 'dropout': 0.1539453072641428, 'hidden_continuous_size': 27, 'attention_head_size': 4, 'learning_rate': 0.0331854082299449}. Best is trial 86 with value: 175.2342529296875.
LOCAL_RANK: 0 - CUDA_VISIBLE_DEVICES: [0]
[I 2023-11-30 11:53:59,779] Trial 98 finished with value: 194.7791748046875 and parameters: {'gradient_clip_val': 0.33954257889642114, 'hidden_size': 25, 'dropout': 0.13225615040521568, 'hidden_continuous_size': 23, 'attention_head_size': 4, 'learning_rate': 0.02922932552775955}. Best is trial 86 with value: 175.2342529296875.
LOCAL_RANK: 0 - CUDA_VISIBLE_DEVICES: [0]
[I 2023-11-30 11:54:12,458] Trial 99 finished with value: 190.2174835205078 and parameters: {'gradient_clip_val': 0.31083614565145523, 'hidden_size': 39, 'dropout': 0.11352204599815502, 'hidden_continuous_size': 20, 'attention_head_size': 2, 'learning_rate': 0.036098451850823526}. Best is trial 86 with value: 175.2342529296875.
LOCAL_RANK: 0 - CUDA_VISIBLE_DEVICES: [0]
[I 2023-11-30 11:54:25,146] Trial 100 finished with value: 239.30650329589844 and parameters: {'gradient_clip_val': 0.2800289400907287, 'hidden_size': 36, 'dropout': 0.10375021271491772, 'hidden_continuous_size': 30, 'attention_head_size': 4, 'learning_rate': 0.043010672959576314}. Best is trial 86 with value: 175.2342529296875.
LOCAL_RANK: 0 - CUDA_VISIBLE_DEVICES: [0]
[I 2023-11-30 11:54:38,190] Trial 101 finished with value: 232.4327392578125 and parameters: {'gradient_clip_val': 0.3507126986315046, 'hidden_size': 42, 'dropout': 0.12706716395441706, 'hidden_continuous_size': 21, 'attention_head_size': 4, 'learning_rate': 0.056962966676786006}. Best is trial 86 with value: 175.2342529296875.
LOCAL_RANK: 0 - CUDA_VISIBLE_DEVICES: [0]
[I 2023-11-30 11:54:51,050] Trial 102 finished with value: 219.5529327392578 and parameters: {'gradient_clip_val': 0.2607247355606128, 'hidden_size': 38, 'dropout': 0.12149896028106104, 'hidden_continuous_size': 24, 'attention_head_size': 4, 'learning_rate': 0.04588048990379683}. Best is trial 86 with value: 175.2342529296875.
LOCAL_RANK: 0 - CUDA_VISIBLE_DEVICES: [0]
[I 2023-11-30 11:55:03,753] Trial 103 finished with value: 216.844970703125 and parameters: {'gradient_clip_val': 0.37834981571322984, 'hidden_size': 29, 'dropout': 0.13967633222552642, 'hidden_continuous_size': 26, 'attention_head_size': 3, 'learning_rate': 0.06545493789258919}. Best is trial 86 with value: 175.2342529296875.
LOCAL_RANK: 0 - CUDA_VISIBLE_DEVICES: [0]
[I 2023-11-30 11:55:17,325] Trial 104 finished with value: 209.6046142578125 and parameters: {'gradient_clip_val': 0.4350297960492107, 'hidden_size': 68, 'dropout': 0.1468316545221001, 'hidden_continuous_size': 31, 'attention_head_size': 4, 'learning_rate': 0.0527594399027745}. Best is trial 86 with value: 175.2342529296875.
LOCAL_RANK: 0 - CUDA_VISIBLE_DEVICES: [0]
[I 2023-11-30 11:55:30,977] Trial 105 finished with value: 173.6768798828125 and parameters: {'gradient_clip_val': 0.7254243941505263, 'hidden_size': 82, 'dropout': 0.15890032074054145, 'hidden_continuous_size': 29, 'attention_head_size': 4, 'learning_rate': 0.023305795379945777}. Best is trial 105 with value: 173.6768798828125.
LOCAL_RANK: 0 - CUDA_VISIBLE_DEVICES: [0]
[I 2023-11-30 11:55:44,730] Trial 106 finished with value: 193.5019073486328 and parameters: {'gradient_clip_val': 0.735259126519337, 'hidden_size': 63, 'dropout': 0.1623988449328916, 'hidden_continuous_size': 32, 'attention_head_size': 4, 'learning_rate': 0.02278979031807551}. Best is trial 105 with value: 173.6768798828125.
LOCAL_RANK: 0 - CUDA_VISIBLE_DEVICES: [0]
[I 2023-11-30 11:55:58,278] Trial 107 finished with value: 192.3887176513672 and parameters: {'gradient_clip_val': 0.2417280165472016, 'hidden_size': 73, 'dropout': 0.14914105551279294, 'hidden_continuous_size': 29, 'attention_head_size': 4, 'learning_rate': 0.02678726918142771}. Best is trial 105 with value: 173.6768798828125.
LOCAL_RANK: 0 - CUDA_VISIBLE_DEVICES: [0]
[I 2023-11-30 11:56:11,049] Trial 108 finished with value: 195.03273010253906 and parameters: {'gradient_clip_val': 0.7939741153028462, 'hidden_size': 40, 'dropout': 0.15603852865310688, 'hidden_continuous_size': 28, 'attention_head_size': 4, 'learning_rate': 0.031655448834357794}. Best is trial 105 with value: 173.6768798828125.
LOCAL_RANK: 0 - CUDA_VISIBLE_DEVICES: [0]
[I 2023-11-30 11:56:24,736] Trial 109 finished with value: 239.6837921142578 and parameters: {'gradient_clip_val': 0.3257635908030466, 'hidden_size': 83, 'dropout': 0.13642922814861014, 'hidden_continuous_size': 34, 'attention_head_size': 4, 'learning_rate': 0.020480854546100977}. Best is trial 105 with value: 173.6768798828125.
LOCAL_RANK: 0 - CUDA_VISIBLE_DEVICES: [0]
[I 2023-11-30 11:56:38,130] Trial 110 finished with value: 182.0312957763672 and parameters: {'gradient_clip_val': 0.27568020315809244, 'hidden_size': 57, 'dropout': 0.14190643695405236, 'hidden_continuous_size': 29, 'attention_head_size': 4, 'learning_rate': 0.02479010979076064}. Best is trial 105 with value: 173.6768798828125.
LOCAL_RANK: 0 - CUDA_VISIBLE_DEVICES: [0]
[I 2023-11-30 11:56:51,925] Trial 111 finished with value: 195.8339080810547 and parameters: {'gradient_clip_val': 0.2770455509641145, 'hidden_size': 70, 'dropout': 0.14309855127553267, 'hidden_continuous_size': 31, 'attention_head_size': 4, 'learning_rate': 0.023765888557075177}. Best is trial 105 with value: 173.6768798828125.
LOCAL_RANK: 0 - CUDA_VISIBLE_DEVICES: [0]
[I 2023-11-30 11:57:05,366] Trial 112 finished with value: 191.949951171875 and parameters: {'gradient_clip_val': 0.2915732528674638, 'hidden_size': 61, 'dropout': 0.1704626862533637, 'hidden_continuous_size': 29, 'attention_head_size': 4, 'learning_rate': 0.028736180336529686}. Best is trial 105 with value: 173.6768798828125.
LOCAL_RANK: 0 - CUDA_VISIBLE_DEVICES: [0]
[I 2023-11-30 11:57:18,615] Trial 113 finished with value: 203.2266845703125 and parameters: {'gradient_clip_val': 0.30504095287207017, 'hidden_size': 57, 'dropout': 0.15161079578016856, 'hidden_continuous_size': 27, 'attention_head_size': 4, 'learning_rate': 0.018946070687351546}. Best is trial 105 with value: 173.6768798828125.
LOCAL_RANK: 0 - CUDA_VISIBLE_DEVICES: [0]
[I 2023-11-30 11:57:31,606] Trial 114 finished with value: 205.02687072753906 and parameters: {'gradient_clip_val': 0.8807187420714273, 'hidden_size': 46, 'dropout': 0.13140216186766077, 'hidden_continuous_size': 22, 'attention_head_size': 4, 'learning_rate': 0.01705148516118521}. Best is trial 105 with value: 173.6768798828125.
LOCAL_RANK: 0 - CUDA_VISIBLE_DEVICES: [0]
[I 2023-11-30 11:57:44,981] Trial 115 finished with value: 224.6942138671875 and parameters: {'gradient_clip_val': 0.24977513972416027, 'hidden_size': 55, 'dropout': 0.15958218096609078, 'hidden_continuous_size': 30, 'attention_head_size': 4, 'learning_rate': 0.03425079851372533}. Best is trial 105 with value: 173.6768798828125.
LOCAL_RANK: 0 - CUDA_VISIBLE_DEVICES: [0]
[I 2023-11-30 11:57:58,862] Trial 116 finished with value: 177.8809814453125 and parameters: {'gradient_clip_val': 0.9335977263241214, 'hidden_size': 66, 'dropout': 0.14037763559502664, 'hidden_continuous_size': 31, 'attention_head_size': 4, 'learning_rate': 0.02507218744268542}. Best is trial 105 with value: 173.6768798828125.
LOCAL_RANK: 0 - CUDA_VISIBLE_DEVICES: [0]
[I 2023-11-30 11:58:12,549] Trial 117 finished with value: 176.28285217285156 and parameters: {'gradient_clip_val': 0.9793194905711586, 'hidden_size': 65, 'dropout': 0.14037064788434384, 'hidden_continuous_size': 33, 'attention_head_size': 4, 'learning_rate': 0.02272794974798482}. Best is trial 105 with value: 173.6768798828125.
LOCAL_RANK: 0 - CUDA_VISIBLE_DEVICES: [0]
