[I 2023-11-29 21:51:18,127] Trial 14 finished with value: 122.64374542236328 and parameters: {'gradient_clip_val': 0.9567470505547943, 'hidden_size': 60, 'dropout': 0.1388407766883106, 'hidden_continuous_size': 28, 'attention_head_size': 3, 'learning_rate': 0.017768533099169415}. Best is trial 12 with value: 122.23738861083984.
LOCAL_RANK: 0 - CUDA_VISIBLE_DEVICES: [0]
[I 2023-11-29 21:51:31,920] Trial 15 finished with value: 148.17662048339844 and parameters: {'gradient_clip_val': 0.9825752372790222, 'hidden_size': 62, 'dropout': 0.15389466031766086, 'hidden_continuous_size': 59, 'attention_head_size': 4, 'learning_rate': 0.0170793415366662}. Best is trial 12 with value: 122.23738861083984.
LOCAL_RANK: 0 - CUDA_VISIBLE_DEVICES: [0]
[I 2023-11-29 21:51:46,643] Trial 16 finished with value: 119.7426528930664 and parameters: {'gradient_clip_val': 0.3434979086683792, 'hidden_size': 143, 'dropout': 0.241774947791972, 'hidden_continuous_size': 136, 'attention_head_size': 3, 'learning_rate': 0.013356481875968343}. Best is trial 16 with value: 119.7426528930664.
LOCAL_RANK: 0 - CUDA_VISIBLE_DEVICES: [0]
[I 2023-11-29 21:52:01,504] Trial 17 finished with value: 118.46756744384766 and parameters: {'gradient_clip_val': 0.3106401291934897, 'hidden_size': 146, 'dropout': 0.2279861597615133, 'hidden_continuous_size': 121, 'attention_head_size': 3, 'learning_rate': 0.01121781488919389}. Best is trial 17 with value: 118.46756744384766.
LOCAL_RANK: 0 - CUDA_VISIBLE_DEVICES: [0]
[I 2023-11-29 21:52:16,587] Trial 18 finished with value: 117.3570556640625 and parameters: {'gradient_clip_val': 0.26795998656177117, 'hidden_size': 150, 'dropout': 0.23700981318254163, 'hidden_continuous_size': 148, 'attention_head_size': 4, 'learning_rate': 0.010005332529986624}. Best is trial 18 with value: 117.3570556640625.
LOCAL_RANK: 0 - CUDA_VISIBLE_DEVICES: [0]
[I 2023-11-29 21:52:30,881] Trial 19 finished with value: 134.9944305419922 and parameters: {'gradient_clip_val': 0.2364481569339294, 'hidden_size': 97, 'dropout': 0.2427852306980638, 'hidden_continuous_size': 92, 'attention_head_size': 4, 'learning_rate': 0.007826837337160525}. Best is trial 18 with value: 117.3570556640625.
LOCAL_RANK: 0 - CUDA_VISIBLE_DEVICES: [0]
[I 2023-11-29 21:52:45,586] Trial 20 finished with value: 167.62838745117188 and parameters: {'gradient_clip_val': 0.2582602433603687, 'hidden_size': 111, 'dropout': 0.3967720747759398, 'hidden_continuous_size': 109, 'attention_head_size': 4, 'learning_rate': 0.00897249773357347}. Best is trial 18 with value: 117.3570556640625.
LOCAL_RANK: 0 - CUDA_VISIBLE_DEVICES: [0]
[I 2023-11-29 21:53:00,295] Trial 21 finished with value: 124.54080200195312 and parameters: {'gradient_clip_val': 0.3334284704195013, 'hidden_size': 144, 'dropout': 0.2366132952682843, 'hidden_continuous_size': 142, 'attention_head_size': 3, 'learning_rate': 0.013948966860270317}. Best is trial 18 with value: 117.3570556640625.
LOCAL_RANK: 0 - CUDA_VISIBLE_DEVICES: [0]
[I 2023-11-29 21:53:14,088] Trial 22 finished with value: 152.6969451904297 and parameters: {'gradient_clip_val': 0.38487779189083154, 'hidden_size': 76, 'dropout': 0.21305664651929485, 'hidden_continuous_size': 50, 'attention_head_size': 4, 'learning_rate': 0.014119341269647711}. Best is trial 18 with value: 117.3570556640625.
LOCAL_RANK: 0 - CUDA_VISIBLE_DEVICES: [0]
[I 2023-11-29 21:53:28,467] Trial 23 finished with value: 128.75689697265625 and parameters: {'gradient_clip_val': 0.30207191527131555, 'hidden_size': 112, 'dropout': 0.258162676500082, 'hidden_continuous_size': 97, 'attention_head_size': 3, 'learning_rate': 0.007610874992103278}. Best is trial 18 with value: 117.3570556640625.
LOCAL_RANK: 0 - CUDA_VISIBLE_DEVICES: [0]
[I 2023-11-29 21:53:43,337] Trial 24 finished with value: 121.12533569335938 and parameters: {'gradient_clip_val': 0.20298184118949233, 'hidden_size': 148, 'dropout': 0.2247128027318342, 'hidden_continuous_size': 147, 'attention_head_size': 3, 'learning_rate': 0.011979713361522076}. Best is trial 18 with value: 117.3570556640625.
LOCAL_RANK: 0 - CUDA_VISIBLE_DEVICES: [0]
[I 2023-11-29 21:53:57,835] Trial 25 finished with value: 125.64998626708984 and parameters: {'gradient_clip_val': 0.31810055562702744, 'hidden_size': 118, 'dropout': 0.19414701223258304, 'hidden_continuous_size': 86, 'attention_head_size': 4, 'learning_rate': 0.011117906080208744}. Best is trial 18 with value: 117.3570556640625.
LOCAL_RANK: 0 - CUDA_VISIBLE_DEVICES: [0]
[I 2023-11-29 21:54:11,861] Trial 26 finished with value: 156.3178253173828 and parameters: {'gradient_clip_val': 0.4208982062306857, 'hidden_size': 83, 'dropout': 0.25624995528144895, 'hidden_continuous_size': 46, 'attention_head_size': 3, 'learning_rate': 0.006271373262089139}. Best is trial 18 with value: 117.3570556640625.
LOCAL_RANK: 0 - CUDA_VISIBLE_DEVICES: [0]
[I 2023-11-29 21:54:26,418] Trial 27 finished with value: 133.4604949951172 and parameters: {'gradient_clip_val': 0.29645512654311096, 'hidden_size': 119, 'dropout': 0.20801279713854104, 'hidden_continuous_size': 107, 'attention_head_size': 4, 'learning_rate': 0.007158312678372826}. Best is trial 18 with value: 117.3570556640625.
LOCAL_RANK: 0 - CUDA_VISIBLE_DEVICES: [0]
[I 2023-11-29 21:54:40,253] Trial 28 finished with value: 150.9146270751953 and parameters: {'gradient_clip_val': 0.407190464445159, 'hidden_size': 75, 'dropout': 0.23769756500581635, 'hidden_continuous_size': 58, 'attention_head_size': 3, 'learning_rate': 0.018668190879105293}. Best is trial 18 with value: 117.3570556640625.
LOCAL_RANK: 0 - CUDA_VISIBLE_DEVICES: [0]
[I 2023-11-29 21:54:55,007] Trial 29 finished with value: 133.46546936035156 and parameters: {'gradient_clip_val': 0.21426494643720112, 'hidden_size': 150, 'dropout': 0.1702224065541917, 'hidden_continuous_size': 126, 'attention_head_size': 2, 'learning_rate': 0.00572906593812509}. Best is trial 18 with value: 117.3570556640625.
LOCAL_RANK: 0 - CUDA_VISIBLE_DEVICES: [0]
[I 2023-11-29 21:55:09,229] Trial 30 finished with value: 149.7485809326172 and parameters: {'gradient_clip_val': 0.3557451216033003, 'hidden_size': 108, 'dropout': 0.22664421824067707, 'hidden_continuous_size': 81, 'attention_head_size': 4, 'learning_rate': 0.010447536795718448}. Best is trial 18 with value: 117.3570556640625.
LOCAL_RANK: 0 - CUDA_VISIBLE_DEVICES: [0]
[I 2023-11-29 21:55:23,964] Trial 31 finished with value: 123.62982177734375 and parameters: {'gradient_clip_val': 0.21260170136268824, 'hidden_size': 129, 'dropout': 0.21888469284403705, 'hidden_continuous_size': 116, 'attention_head_size': 3, 'learning_rate': 0.011798017388001347}. Best is trial 18 with value: 117.3570556640625.
LOCAL_RANK: 0 - CUDA_VISIBLE_DEVICES: [0]
[I 2023-11-29 21:55:38,139] Trial 32 finished with value: 131.5904998779297 and parameters: {'gradient_clip_val': 0.2725798206496051, 'hidden_size': 100, 'dropout': 0.25545761046518917, 'hidden_continuous_size': 81, 'attention_head_size': 3, 'learning_rate': 0.013955687520916835}. Best is trial 18 with value: 117.3570556640625.
LOCAL_RANK: 0 - CUDA_VISIBLE_DEVICES: [0]
[I 2023-11-29 21:55:52,388] Trial 33 finished with value: 130.58045959472656 and parameters: {'gradient_clip_val': 0.19341073777676884, 'hidden_size': 128, 'dropout': 0.23321249701148258, 'hidden_continuous_size': 101, 'attention_head_size': 2, 'learning_rate': 0.009246969153880265}. Best is trial 18 with value: 117.3570556640625.
LOCAL_RANK: 0 - CUDA_VISIBLE_DEVICES: [0]
[I 2023-11-29 21:56:07,305] Trial 34 finished with value: 161.46067810058594 and parameters: {'gradient_clip_val': 0.16883140076349393, 'hidden_size': 148, 'dropout': 0.1992939481271, 'hidden_continuous_size': 143, 'attention_head_size': 3, 'learning_rate': 0.006146033319007277}. Best is trial 18 with value: 117.3570556640625.
LOCAL_RANK: 0 - CUDA_VISIBLE_DEVICES: [0]
[I 2023-11-29 21:56:21,458] Trial 35 finished with value: 117.2247085571289 and parameters: {'gradient_clip_val': 0.2956414343844544, 'hidden_size': 93, 'dropout': 0.18383405190677327, 'hidden_continuous_size': 78, 'attention_head_size': 2, 'learning_rate': 0.020258945334946793}. Best is trial 35 with value: 117.2247085571289.
LOCAL_RANK: 0 - CUDA_VISIBLE_DEVICES: [0]
[I 2023-11-29 21:56:35,743] Trial 36 finished with value: 129.44142150878906 and parameters: {'gradient_clip_val': 0.33340185760060165, 'hidden_size': 94, 'dropout': 0.17890826957483053, 'hidden_continuous_size': 77, 'attention_head_size': 2, 'learning_rate': 0.023069278743374215}. Best is trial 35 with value: 117.2247085571289.
LOCAL_RANK: 0 - CUDA_VISIBLE_DEVICES: [0]
[I 2023-11-29 21:56:50,096] Trial 37 finished with value: 156.57809448242188 and parameters: {'gradient_clip_val': 0.44101227837281964, 'hidden_size': 121, 'dropout': 0.2004893446780912, 'hidden_continuous_size': 95, 'attention_head_size': 2, 'learning_rate': 0.00923086200232479}. Best is trial 35 with value: 117.2247085571289.
LOCAL_RANK: 0 - CUDA_VISIBLE_DEVICES: [0]
[I 2023-11-29 21:57:04,162] Trial 38 finished with value: 151.81263732910156 and parameters: {'gradient_clip_val': 0.2891440778863294, 'hidden_size': 98, 'dropout': 0.17276094003093317, 'hidden_continuous_size': 85, 'attention_head_size': 1, 'learning_rate': 0.004661421312296519}. Best is trial 35 with value: 117.2247085571289.
LOCAL_RANK: 0 - CUDA_VISIBLE_DEVICES: [0]
[I 2023-11-29 21:57:18,501] Trial 39 finished with value: 131.7040557861328 and parameters: {'gradient_clip_val': 0.3673601354770849, 'hidden_size': 126, 'dropout': 0.20939281527231585, 'hidden_continuous_size': 108, 'attention_head_size': 2, 'learning_rate': 0.0314399037751143}. Best is trial 35 with value: 117.2247085571289.
LOCAL_RANK: 0 - CUDA_VISIBLE_DEVICES: [0]
[I 2023-11-29 21:57:32,749] Trial 40 finished with value: 138.80526733398438 and parameters: {'gradient_clip_val': 0.2448583155405251, 'hidden_size': 87, 'dropout': 0.1849393914704652, 'hidden_continuous_size': 75, 'attention_head_size': 2, 'learning_rate': 0.017769421519819036}. Best is trial 35 with value: 117.2247085571289.
LOCAL_RANK: 0 - CUDA_VISIBLE_DEVICES: [0]
[I 2023-11-29 21:57:47,713] Trial 41 finished with value: 104.47493743896484 and parameters: {'gradient_clip_val': 0.2757204100831047, 'hidden_size': 149, 'dropout': 0.22578382949563267, 'hidden_continuous_size': 148, 'attention_head_size': 3, 'learning_rate': 0.011944364638088414}. Best is trial 41 with value: 104.47493743896484.
LOCAL_RANK: 0 - CUDA_VISIBLE_DEVICES: [0]
[I 2023-11-29 21:58:02,030] Trial 42 finished with value: 133.2337188720703 and parameters: {'gradient_clip_val': 0.28382210424538296, 'hidden_size': 111, 'dropout': 0.2472065230088646, 'hidden_continuous_size': 94, 'attention_head_size': 3, 'learning_rate': 0.012249080460715864}. Best is trial 41 with value: 104.47493743896484.
LOCAL_RANK: 0 - CUDA_VISIBLE_DEVICES: [0]
[I 2023-11-29 21:58:16,281] Trial 43 finished with value: 132.5353240966797 and parameters: {'gradient_clip_val': 0.3390489575311704, 'hidden_size': 128, 'dropout': 0.271157851562762, 'hidden_continuous_size': 117, 'attention_head_size': 2, 'learning_rate': 0.014881444862619102}. Best is trial 41 with value: 104.47493743896484.
LOCAL_RANK: 0 - CUDA_VISIBLE_DEVICES: [0]
[I 2023-11-29 21:58:30,784] Trial 44 finished with value: 134.3702392578125 and parameters: {'gradient_clip_val': 0.2375914143510371, 'hidden_size': 133, 'dropout': 0.22470976313598026, 'hidden_continuous_size': 118, 'attention_head_size': 1, 'learning_rate': 0.020969763139895504}. Best is trial 41 with value: 104.47493743896484.
LOCAL_RANK: 0 - CUDA_VISIBLE_DEVICES: [0]
[I 2023-11-29 21:58:45,765] Trial 45 finished with value: 137.9352264404297 and parameters: {'gradient_clip_val': 0.3077320297379335, 'hidden_size': 150, 'dropout': 0.1934419610086203, 'hidden_continuous_size': 131, 'attention_head_size': 2, 'learning_rate': 0.009962184609432339}. Best is trial 41 with value: 104.47493743896484.
LOCAL_RANK: 0 - CUDA_VISIBLE_DEVICES: [0]
[I 2023-11-29 21:59:00,216] Trial 46 finished with value: 134.88739013671875 and parameters: {'gradient_clip_val': 0.27393366039965833, 'hidden_size': 105, 'dropout': 0.28717804068686276, 'hidden_continuous_size': 92, 'attention_head_size': 3, 'learning_rate': 0.026532507545274763}. Best is trial 41 with value: 104.47493743896484.
LOCAL_RANK: 0 - CUDA_VISIBLE_DEVICES: [0]
[I 2023-11-29 21:59:14,827] Trial 47 finished with value: 134.1083526611328 and parameters: {'gradient_clip_val': 0.36153898004971996, 'hidden_size': 131, 'dropout': 0.26368515703909745, 'hidden_continuous_size': 108, 'attention_head_size': 3, 'learning_rate': 0.016106390022297076}. Best is trial 41 with value: 104.47493743896484.
LOCAL_RANK: 0 - CUDA_VISIBLE_DEVICES: [0]
[I 2023-11-29 21:59:29,245] Trial 48 finished with value: 111.56897735595703 and parameters: {'gradient_clip_val': 0.4627549795671827, 'hidden_size': 115, 'dropout': 0.2472089736499144, 'hidden_continuous_size': 100, 'attention_head_size': 4, 'learning_rate': 0.02090328957901718}. Best is trial 41 with value: 104.47493743896484.
LOCAL_RANK: 0 - CUDA_VISIBLE_DEVICES: [0]
[I 2023-11-29 21:59:43,568] Trial 49 finished with value: 129.454345703125 and parameters: {'gradient_clip_val': 0.4383577819426798, 'hidden_size': 94, 'dropout': 0.3068689527430871, 'hidden_continuous_size': 87, 'attention_head_size': 4, 'learning_rate': 0.02045870679476694}. Best is trial 41 with value: 104.47493743896484.
LOCAL_RANK: 0 - CUDA_VISIBLE_DEVICES: [0]
[I 2023-11-29 21:59:58,052] Trial 50 finished with value: 151.46893310546875 and parameters: {'gradient_clip_val': 0.38956964252425025, 'hidden_size': 113, 'dropout': 0.20766550631147834, 'hidden_continuous_size': 102, 'attention_head_size': 4, 'learning_rate': 0.03623614766568426}. Best is trial 41 with value: 104.47493743896484.
LOCAL_RANK: 0 - CUDA_VISIBLE_DEVICES: [0]
[I 2023-11-29 22:00:12,936] Trial 51 finished with value: 124.5637435913086 and parameters: {'gradient_clip_val': 0.32982783822073103, 'hidden_size': 131, 'dropout': 0.25122020810131007, 'hidden_continuous_size': 119, 'attention_head_size': 4, 'learning_rate': 0.013118589325143037}. Best is trial 41 with value: 104.47493743896484.
LOCAL_RANK: 0 - CUDA_VISIBLE_DEVICES: [0]
[I 2023-11-29 22:00:27,835] Trial 52 finished with value: 123.09391021728516 and parameters: {'gradient_clip_val': 0.48606772915710916, 'hidden_size': 138, 'dropout': 0.24037166388938463, 'hidden_continuous_size': 127, 'attention_head_size': 4, 'learning_rate': 0.01614168230719501}. Best is trial 41 with value: 104.47493743896484.
LOCAL_RANK: 0 - CUDA_VISIBLE_DEVICES: [0]
[I 2023-11-29 22:00:42,251] Trial 53 finished with value: 140.8737030029297 and parameters: {'gradient_clip_val': 0.26392681239237015, 'hidden_size': 118, 'dropout': 0.2322309753072583, 'hidden_continuous_size': 104, 'attention_head_size': 3, 'learning_rate': 0.020882825577742486}. Best is trial 41 with value: 104.47493743896484.
LOCAL_RANK: 0 - CUDA_VISIBLE_DEVICES: [0]
[I 2023-11-29 22:00:56,446] Trial 54 finished with value: 124.13631439208984 and parameters: {'gradient_clip_val': 0.2983443168508574, 'hidden_size': 105, 'dropout': 0.24419382633042208, 'hidden_continuous_size': 93, 'attention_head_size': 4, 'learning_rate': 0.008183296531122918}. Best is trial 41 with value: 104.47493743896484.
LOCAL_RANK: 0 - CUDA_VISIBLE_DEVICES: [0]
[I 2023-11-29 22:01:11,420] Trial 55 finished with value: 146.39398193359375 and parameters: {'gradient_clip_val': 0.3845729812734392, 'hidden_size': 137, 'dropout': 0.27050516870545976, 'hidden_continuous_size': 130, 'attention_head_size': 4, 'learning_rate': 0.010795180333694457}. Best is trial 41 with value: 104.47493743896484.
LOCAL_RANK: 0 - CUDA_VISIBLE_DEVICES: [0]
[I 2023-11-29 22:01:26,601] Trial 56 finished with value: 123.78292083740234 and parameters: {'gradient_clip_val': 0.31706905077257674, 'hidden_size': 150, 'dropout': 0.21560271379112694, 'hidden_continuous_size': 137, 'attention_head_size': 3, 'learning_rate': 0.024848041314724133}. Best is trial 41 with value: 104.47493743896484.
LOCAL_RANK: 0 - CUDA_VISIBLE_DEVICES: [0]
[I 2023-11-29 22:01:40,880] Trial 57 finished with value: 146.0636444091797 and parameters: {'gradient_clip_val': 0.2498280338227, 'hidden_size': 120, 'dropout': 0.22608108697259907, 'hidden_continuous_size': 109, 'attention_head_size': 3, 'learning_rate': 0.01511677301017076}. Best is trial 41 with value: 104.47493743896484.
LOCAL_RANK: 0 - CUDA_VISIBLE_DEVICES: [0]
[I 2023-11-29 22:01:55,220] Trial 58 finished with value: 150.124755859375 and parameters: {'gradient_clip_val': 0.44854378997126026, 'hidden_size': 103, 'dropout': 0.24873189634919493, 'hidden_continuous_size': 93, 'attention_head_size': 3, 'learning_rate': 0.03131550994968173}. Best is trial 41 with value: 104.47493743896484.
LOCAL_RANK: 0 - CUDA_VISIBLE_DEVICES: [0]
[I 2023-11-29 22:02:09,396] Trial 59 finished with value: 133.3943328857422 and parameters: {'gradient_clip_val': 0.5320031014412113, 'hidden_size': 83, 'dropout': 0.263224759212785, 'hidden_continuous_size': 76, 'attention_head_size': 4, 'learning_rate': 0.006896442730859597}. Best is trial 41 with value: 104.47493743896484.
LOCAL_RANK: 0 - CUDA_VISIBLE_DEVICES: [0]
[I 2023-11-29 22:02:24,205] Trial 60 finished with value: 129.2891387939453 and parameters: {'gradient_clip_val': 0.40900676908506667, 'hidden_size': 135, 'dropout': 0.2037004712110445, 'hidden_continuous_size': 121, 'attention_head_size': 2, 'learning_rate': 0.01234151995180244}. Best is trial 41 with value: 104.47493743896484.
LOCAL_RANK: 0 - CUDA_VISIBLE_DEVICES: [0]
[I 2023-11-29 22:02:39,127] Trial 61 finished with value: 137.37135314941406 and parameters: {'gradient_clip_val': 0.27909621194751333, 'hidden_size': 148, 'dropout': 0.21983739173557948, 'hidden_continuous_size': 140, 'attention_head_size': 3, 'learning_rate': 0.01124701148294094}. Best is trial 41 with value: 104.47493743896484.
LOCAL_RANK: 0 - CUDA_VISIBLE_DEVICES: [0]
[I 2023-11-29 22:02:53,518] Trial 62 finished with value: 117.19828033447266 and parameters: {'gradient_clip_val': 0.22879149330422358, 'hidden_size': 118, 'dropout': 0.23100282395694258, 'hidden_continuous_size': 103, 'attention_head_size': 3, 'learning_rate': 0.00869390416305583}. Best is trial 41 with value: 104.47493743896484.
LOCAL_RANK: 0 - CUDA_VISIBLE_DEVICES: [0]
[I 2023-11-29 22:03:08,049] Trial 63 finished with value: 127.10735321044922 and parameters: {'gradient_clip_val': 0.22819428412154494, 'hidden_size': 114, 'dropout': 0.2319955566552861, 'hidden_continuous_size': 101, 'attention_head_size': 3, 'learning_rate': 0.009522948220531824}. Best is trial 41 with value: 104.47493743896484.
LOCAL_RANK: 0 - CUDA_VISIBLE_DEVICES: [0]
[I 2023-11-29 22:03:22,507] Trial 64 finished with value: 130.37449645996094 and parameters: {'gradient_clip_val': 0.2538934422718657, 'hidden_size': 123, 'dropout': 0.2403043061218716, 'hidden_continuous_size': 112, 'attention_head_size': 3, 'learning_rate': 0.008697336195768561}. Best is trial 41 with value: 104.47493743896484.
LOCAL_RANK: 0 - CUDA_VISIBLE_DEVICES: [0]
[I 2023-11-29 22:03:37,392] Trial 65 finished with value: 136.61451721191406 and parameters: {'gradient_clip_val': 0.3541911905427923, 'hidden_size': 137, 'dropout': 0.2158574172556535, 'hidden_continuous_size': 125, 'attention_head_size': 4, 'learning_rate': 0.007750927631400178}. Best is trial 41 with value: 104.47493743896484.
LOCAL_RANK: 0 - CUDA_VISIBLE_DEVICES: [0]
[I 2023-11-29 22:03:51,722] Trial 66 finished with value: 123.6913070678711 and parameters: {'gradient_clip_val': 0.3102468764768009, 'hidden_size': 91, 'dropout': 0.19177219761598768, 'hidden_continuous_size': 86, 'attention_head_size': 3, 'learning_rate': 0.014087398235885841}. Best is trial 41 with value: 104.47493743896484.
LOCAL_RANK: 0 - CUDA_VISIBLE_DEVICES: [0]
[I 2023-11-29 22:04:06,112] Trial 67 finished with value: 129.08587646484375 and parameters: {'gradient_clip_val': 0.226177125301361, 'hidden_size': 105, 'dropout': 0.25439378944810054, 'hidden_continuous_size': 98, 'attention_head_size': 3, 'learning_rate': 0.018639908362779015}. Best is trial 41 with value: 104.47493743896484.
LOCAL_RANK: 0 - CUDA_VISIBLE_DEVICES: [0]
[I 2023-11-29 22:04:20,480] Trial 68 finished with value: 150.85081481933594 and parameters: {'gradient_clip_val': 0.260733203844384, 'hidden_size': 119, 'dropout': 0.23156195760602857, 'hidden_continuous_size': 111, 'attention_head_size': 1, 'learning_rate': 0.006815103210617397}. Best is trial 41 with value: 104.47493743896484.
LOCAL_RANK: 0 - CUDA_VISIBLE_DEVICES: [0]
[I 2023-11-29 22:04:35,259] Trial 69 finished with value: 121.43215942382812 and parameters: {'gradient_clip_val': 0.2855758927589809, 'hidden_size': 139, 'dropout': 0.24348407796781407, 'hidden_continuous_size': 127, 'attention_head_size': 2, 'learning_rate': 0.010851189716614175}. Best is trial 41 with value: 104.47493743896484.
LOCAL_RANK: 0 - CUDA_VISIBLE_DEVICES: [0]
[I 2023-11-29 22:04:49,702] Trial 70 finished with value: 124.3092269897461 and parameters: {'gradient_clip_val': 0.34013204636604494, 'hidden_size': 110, 'dropout': 0.2201227925288221, 'hidden_continuous_size': 101, 'attention_head_size': 4, 'learning_rate': 0.016259756337336458}. Best is trial 41 with value: 104.47493743896484.
LOCAL_RANK: 0 - CUDA_VISIBLE_DEVICES: [0]
[I 2023-11-29 22:05:04,495] Trial 71 finished with value: 139.79391479492188 and parameters: {'gradient_clip_val': 0.19840162658523058, 'hidden_size': 139, 'dropout': 0.21006691394885743, 'hidden_continuous_size': 130, 'attention_head_size': 3, 'learning_rate': 0.012725811370467893}. Best is trial 41 with value: 104.47493743896484.
LOCAL_RANK: 0 - CUDA_VISIBLE_DEVICES: [0]
