[I 2023-11-29 22:19:08,475] Trial 130 finished with value: 125.7708740234375 and parameters: {'gradient_clip_val': 0.315148321934534, 'hidden_size': 136, 'dropout': 0.21220577221894554, 'hidden_continuous_size': 127, 'attention_head_size': 3, 'learning_rate': 0.014213747650029212}. Best is trial 41 with value: 104.47493743896484.
LOCAL_RANK: 0 - CUDA_VISIBLE_DEVICES: [0]
[I 2023-11-29 22:19:23,379] Trial 131 finished with value: 134.7701873779297 and parameters: {'gradient_clip_val': 0.18142942456213815, 'hidden_size': 139, 'dropout': 0.2222520443431506, 'hidden_continuous_size': 134, 'attention_head_size': 3, 'learning_rate': 0.01168875320776069}. Best is trial 41 with value: 104.47493743896484.
LOCAL_RANK: 0 - CUDA_VISIBLE_DEVICES: [0]
[I 2023-11-29 22:19:38,510] Trial 132 finished with value: 143.49395751953125 and parameters: {'gradient_clip_val': 0.20803171302949228, 'hidden_size': 150, 'dropout': 0.2295975521770267, 'hidden_continuous_size': 142, 'attention_head_size': 3, 'learning_rate': 0.013626731084500996}. Best is trial 41 with value: 104.47493743896484.
LOCAL_RANK: 0 - CUDA_VISIBLE_DEVICES: [0]
[I 2023-11-29 22:19:53,031] Trial 133 finished with value: 127.5416488647461 and parameters: {'gradient_clip_val': 0.2017819051523535, 'hidden_size': 127, 'dropout': 0.23915790317530644, 'hidden_continuous_size': 120, 'attention_head_size': 3, 'learning_rate': 0.010685824831001634}. Best is trial 41 with value: 104.47493743896484.
LOCAL_RANK: 0 - CUDA_VISIBLE_DEVICES: [0]
[I 2023-11-29 22:20:07,583] Trial 134 finished with value: 132.69851684570312 and parameters: {'gradient_clip_val': 0.26116788873419106, 'hidden_size': 119, 'dropout': 0.24684007632679517, 'hidden_continuous_size': 113, 'attention_head_size': 3, 'learning_rate': 0.028728934098510683}. Best is trial 41 with value: 104.47493743896484.
LOCAL_RANK: 0 - CUDA_VISIBLE_DEVICES: [0]
[I 2023-11-29 22:20:22,399] Trial 135 finished with value: 122.4544906616211 and parameters: {'gradient_clip_val': 0.22129148430776852, 'hidden_size': 134, 'dropout': 0.2056967611124192, 'hidden_continuous_size': 125, 'attention_head_size': 4, 'learning_rate': 0.01663855882873586}. Best is trial 41 with value: 104.47493743896484.
LOCAL_RANK: 0 - CUDA_VISIBLE_DEVICES: [0]
[I 2023-11-29 22:20:37,490] Trial 136 finished with value: 135.0797882080078 and parameters: {'gradient_clip_val': 0.6395433386983944, 'hidden_size': 145, 'dropout': 0.22311808500925234, 'hidden_continuous_size': 139, 'attention_head_size': 3, 'learning_rate': 0.008947869444035073}. Best is trial 41 with value: 104.47493743896484.
LOCAL_RANK: 0 - CUDA_VISIBLE_DEVICES: [0]
[I 2023-11-29 22:20:51,864] Trial 137 finished with value: 139.30670166015625 and parameters: {'gradient_clip_val': 0.23504348885832074, 'hidden_size': 127, 'dropout': 0.2531640516066694, 'hidden_continuous_size': 119, 'attention_head_size': 3, 'learning_rate': 0.012747564076402632}. Best is trial 41 with value: 104.47493743896484.
LOCAL_RANK: 0 - CUDA_VISIBLE_DEVICES: [0]
[I 2023-11-29 22:21:06,861] Trial 138 finished with value: 122.00772857666016 and parameters: {'gradient_clip_val': 0.3754939631685123, 'hidden_size': 141, 'dropout': 0.23808800203043476, 'hidden_continuous_size': 133, 'attention_head_size': 4, 'learning_rate': 0.02064009228892946}. Best is trial 41 with value: 104.47493743896484.
LOCAL_RANK: 0 - CUDA_VISIBLE_DEVICES: [0]
[I 2023-11-29 22:21:21,277] Trial 139 finished with value: 134.2885284423828 and parameters: {'gradient_clip_val': 0.27267472360327294, 'hidden_size': 114, 'dropout': 0.21179176481272208, 'hidden_continuous_size': 108, 'attention_head_size': 3, 'learning_rate': 0.015208854635791068}. Best is trial 41 with value: 104.47493743896484.
LOCAL_RANK: 0 - CUDA_VISIBLE_DEVICES: [0]
[I 2023-11-29 22:21:35,690] Trial 140 finished with value: 134.97811889648438 and parameters: {'gradient_clip_val': 0.3333002928197566, 'hidden_size': 123, 'dropout': 0.18550863546291244, 'hidden_continuous_size': 115, 'attention_head_size': 2, 'learning_rate': 0.009521086840758567}. Best is trial 41 with value: 104.47493743896484.
LOCAL_RANK: 0 - CUDA_VISIBLE_DEVICES: [0]
[I 2023-11-29 22:21:50,538] Trial 141 finished with value: 140.52207946777344 and parameters: {'gradient_clip_val': 0.2900663975608243, 'hidden_size': 137, 'dropout': 0.2412197212682513, 'hidden_continuous_size': 130, 'attention_head_size': 2, 'learning_rate': 0.011024643370188734}. Best is trial 41 with value: 104.47493743896484.
LOCAL_RANK: 0 - CUDA_VISIBLE_DEVICES: [0]
[I 2023-11-29 22:22:05,281] Trial 142 finished with value: 151.86048889160156 and parameters: {'gradient_clip_val': 0.30752358917606504, 'hidden_size': 143, 'dropout': 0.23158716744488697, 'hidden_continuous_size': 138, 'attention_head_size': 2, 'learning_rate': 0.007964858236849467}. Best is trial 41 with value: 104.47493743896484.
LOCAL_RANK: 0 - CUDA_VISIBLE_DEVICES: [0]
[I 2023-11-29 22:22:19,843] Trial 143 finished with value: 126.24202728271484 and parameters: {'gradient_clip_val': 0.25003904366971463, 'hidden_size': 132, 'dropout': 0.2468556330014614, 'hidden_continuous_size': 123, 'attention_head_size': 2, 'learning_rate': 0.011479710550910184}. Best is trial 41 with value: 104.47493743896484.
LOCAL_RANK: 0 - CUDA_VISIBLE_DEVICES: [0]
[I 2023-11-29 22:22:30,649] Trial 144 finished with value: 140.67770385742188 and parameters: {'gradient_clip_val': 0.28639382358761645, 'hidden_size': 44, 'dropout': 0.26011931804188104, 'hidden_continuous_size': 44, 'attention_head_size': 2, 'learning_rate': 0.0121539006361374}. Best is trial 41 with value: 104.47493743896484.
LOCAL_RANK: 0 - CUDA_VISIBLE_DEVICES: [0]
[I 2023-11-29 22:22:45,985] Trial 145 finished with value: 128.1534881591797 and parameters: {'gradient_clip_val': 0.2671225493995733, 'hidden_size': 139, 'dropout': 0.22717080092523437, 'hidden_continuous_size': 132, 'attention_head_size': 2, 'learning_rate': 0.010163370217196854}. Best is trial 41 with value: 104.47493743896484.
LOCAL_RANK: 0 - CUDA_VISIBLE_DEVICES: [0]
[I 2023-11-29 22:23:00,989] Trial 146 finished with value: 136.7710418701172 and parameters: {'gradient_clip_val': 0.3556850201637779, 'hidden_size': 149, 'dropout': 0.2195125840771276, 'hidden_continuous_size': 145, 'attention_head_size': 3, 'learning_rate': 0.018459565254357713}. Best is trial 41 with value: 104.47493743896484.
LOCAL_RANK: 0 - CUDA_VISIBLE_DEVICES: [0]
[I 2023-11-29 22:23:15,677] Trial 147 finished with value: 138.17141723632812 and parameters: {'gradient_clip_val': 0.3203479487896558, 'hidden_size': 128, 'dropout': 0.2437226721713273, 'hidden_continuous_size': 121, 'attention_head_size': 3, 'learning_rate': 0.013891565978562056}. Best is trial 41 with value: 104.47493743896484.
LOCAL_RANK: 0 - CUDA_VISIBLE_DEVICES: [0]
[I 2023-11-29 22:23:29,697] Trial 148 finished with value: 127.38629150390625 and parameters: {'gradient_clip_val': 0.22962581329954987, 'hidden_size': 87, 'dropout': 0.23466611365561615, 'hidden_continuous_size': 84, 'attention_head_size': 1, 'learning_rate': 0.010846460642302012}. Best is trial 41 with value: 104.47493743896484.
LOCAL_RANK: 0 - CUDA_VISIBLE_DEVICES: [0]
[I 2023-11-29 22:23:43,871] Trial 149 finished with value: 124.58718872070312 and parameters: {'gradient_clip_val': 0.30061050150477425, 'hidden_size': 104, 'dropout': 0.1991083578299207, 'hidden_continuous_size': 100, 'attention_head_size': 2, 'learning_rate': 0.00930497858727969}. Best is trial 41 with value: 104.47493743896484.
[I 2023-11-29 22:23:43,983] A new study created in memory with name: no-name-615bd942-17ff-4f35-b80b-ea1a144e004c
/home/le004/conda/anaconda3/envs/tsff_env/lib/python3.9/site-packages/lightning/fabric/plugins/environments/slurm.py:191: The `srun` command is available on your system but is not used. HINT: If your intention is to run Lightning on SLURM, prepend your python command with `srun` like so: srun python /home/le004/master_thesis/git/TSFusionForecast/code/ ...
LOCAL_RANK: 0 - CUDA_VISIBLE_DEVICES: [0]
[I 2023-11-29 22:23:56,485] Trial 0 finished with value: 13.69852066040039 and parameters: {'gradient_clip_val': 0.7332475947158552, 'hidden_size': 33, 'dropout': 0.3796212942374406, 'hidden_continuous_size': 16, 'attention_head_size': 2, 'learning_rate': 0.03548243168432265}. Best is trial 0 with value: 13.69852066040039.
LOCAL_RANK: 0 - CUDA_VISIBLE_DEVICES: [0]
[I 2023-11-29 22:24:10,344] Trial 1 finished with value: 15.313987731933594 and parameters: {'gradient_clip_val': 0.7379084254426675, 'hidden_size': 67, 'dropout': 0.3090960900825921, 'hidden_continuous_size': 66, 'attention_head_size': 1, 'learning_rate': 0.06014791827699217}. Best is trial 0 with value: 13.69852066040039.
LOCAL_RANK: 0 - CUDA_VISIBLE_DEVICES: [0]
[I 2023-11-29 22:24:22,961] Trial 2 finished with value: 13.311752319335938 and parameters: {'gradient_clip_val': 0.40628631116012015, 'hidden_size': 33, 'dropout': 0.22584069906234477, 'hidden_continuous_size': 19, 'attention_head_size': 2, 'learning_rate': 0.04871667318479519}. Best is trial 2 with value: 13.311752319335938.
LOCAL_RANK: 0 - CUDA_VISIBLE_DEVICES: [0]
[I 2023-11-29 22:24:36,496] Trial 3 finished with value: 13.25670337677002 and parameters: {'gradient_clip_val': 0.995360777613177, 'hidden_size': 57, 'dropout': 0.14410010243601434, 'hidden_continuous_size': 34, 'attention_head_size': 4, 'learning_rate': 0.0016804657383307437}. Best is trial 3 with value: 13.25670337677002.
LOCAL_RANK: 0 - CUDA_VISIBLE_DEVICES: [0]
[I 2023-11-29 22:24:49,189] Trial 4 finished with value: 12.133453369140625 and parameters: {'gradient_clip_val': 0.20033439016101343, 'hidden_size': 37, 'dropout': 0.23128188434992025, 'hidden_continuous_size': 21, 'attention_head_size': 3, 'learning_rate': 0.012065639914305116}. Best is trial 4 with value: 12.133453369140625.
LOCAL_RANK: 0 - CUDA_VISIBLE_DEVICES: [0]
[I 2023-11-29 22:25:03,333] Trial 5 finished with value: 15.838988304138184 and parameters: {'gradient_clip_val': 0.820096258150316, 'hidden_size': 114, 'dropout': 0.3542637343065964, 'hidden_continuous_size': 48, 'attention_head_size': 4, 'learning_rate': 0.00986913821254039}. Best is trial 4 with value: 12.133453369140625.
LOCAL_RANK: 0 - CUDA_VISIBLE_DEVICES: [0]
[I 2023-11-29 22:25:16,824] Trial 6 finished with value: 13.734699249267578 and parameters: {'gradient_clip_val': 0.12535961410533922, 'hidden_size': 98, 'dropout': 0.22595544943888815, 'hidden_continuous_size': 13, 'attention_head_size': 3, 'learning_rate': 0.0011121422184494584}. Best is trial 4 with value: 12.133453369140625.
LOCAL_RANK: 0 - CUDA_VISIBLE_DEVICES: [0]
[I 2023-11-29 22:25:30,934] Trial 7 finished with value: 17.261049270629883 and parameters: {'gradient_clip_val': 0.47305535373238705, 'hidden_size': 123, 'dropout': 0.31312756536202424, 'hidden_continuous_size': 26, 'attention_head_size': 4, 'learning_rate': 0.05682845163699857}. Best is trial 4 with value: 12.133453369140625.
LOCAL_RANK: 0 - CUDA_VISIBLE_DEVICES: [0]
[I 2023-11-29 22:25:42,926] Trial 8 finished with value: 21.413747787475586 and parameters: {'gradient_clip_val': 0.13805491292229014, 'hidden_size': 18, 'dropout': 0.180466397315506, 'hidden_continuous_size': 15, 'attention_head_size': 1, 'learning_rate': 0.001423283759114194}. Best is trial 4 with value: 12.133453369140625.
LOCAL_RANK: 0 - CUDA_VISIBLE_DEVICES: [0]
[I 2023-11-29 22:25:56,364] Trial 9 finished with value: 8.500304222106934 and parameters: {'gradient_clip_val': 0.4425852009766221, 'hidden_size': 58, 'dropout': 0.2594410464468333, 'hidden_continuous_size': 45, 'attention_head_size': 2, 'learning_rate': 0.004487386719641464}. Best is trial 9 with value: 8.500304222106934.
LOCAL_RANK: 0 - CUDA_VISIBLE_DEVICES: [0]
[I 2023-11-29 22:26:08,371] Trial 10 finished with value: 23.331865310668945 and parameters: {'gradient_clip_val': 0.2740966053505251, 'hidden_size': 11, 'dropout': 0.10347059767615702, 'hidden_continuous_size': 10, 'attention_head_size': 2, 'learning_rate': 0.0037621233520785135}. Best is trial 9 with value: 8.500304222106934.
LOCAL_RANK: 0 - CUDA_VISIBLE_DEVICES: [0]
[I 2023-11-29 22:26:21,308] Trial 11 finished with value: 10.715067863464355 and parameters: {'gradient_clip_val': 0.2431769798839047, 'hidden_size': 42, 'dropout': 0.26984748668450914, 'hidden_continuous_size': 24, 'attention_head_size': 3, 'learning_rate': 0.009368696454309546}. Best is trial 9 with value: 8.500304222106934.
LOCAL_RANK: 0 - CUDA_VISIBLE_DEVICES: [0]
[I 2023-11-29 22:26:34,562] Trial 12 finished with value: 13.063824653625488 and parameters: {'gradient_clip_val': 0.26156757191904306, 'hidden_size': 54, 'dropout': 0.27983861360301054, 'hidden_continuous_size': 29, 'attention_head_size': 3, 'learning_rate': 0.005895681661115458}. Best is trial 9 with value: 8.500304222106934.
LOCAL_RANK: 0 - CUDA_VISIBLE_DEVICES: [0]
[I 2023-11-29 22:26:48,197] Trial 13 finished with value: 16.25816535949707 and parameters: {'gradient_clip_val': 0.39635359353380756, 'hidden_size': 73, 'dropout': 0.2670157323425975, 'hidden_continuous_size': 39, 'attention_head_size': 2, 'learning_rate': 0.019121492922309954}. Best is trial 9 with value: 8.500304222106934.
LOCAL_RANK: 0 - CUDA_VISIBLE_DEVICES: [0]
[I 2023-11-29 22:27:01,084] Trial 14 finished with value: 15.888160705566406 and parameters: {'gradient_clip_val': 0.19763606394321798, 'hidden_size': 46, 'dropout': 0.30740694148349995, 'hidden_continuous_size': 25, 'attention_head_size': 3, 'learning_rate': 0.003566581258055639}. Best is trial 9 with value: 8.500304222106934.
LOCAL_RANK: 0 - CUDA_VISIBLE_DEVICES: [0]
[I 2023-11-29 22:27:13,008] Trial 15 finished with value: 11.999664306640625 and parameters: {'gradient_clip_val': 0.49534950581769976, 'hidden_size': 24, 'dropout': 0.18698608790734494, 'hidden_continuous_size': 17, 'attention_head_size': 1, 'learning_rate': 0.022807632744619406}. Best is trial 9 with value: 8.500304222106934.
LOCAL_RANK: 0 - CUDA_VISIBLE_DEVICES: [0]
[I 2023-11-29 22:27:27,536] Trial 16 finished with value: 13.27855396270752 and parameters: {'gradient_clip_val': 0.32393696957340395, 'hidden_size': 148, 'dropout': 0.24980477547271845, 'hidden_continuous_size': 128, 'attention_head_size': 2, 'learning_rate': 0.00698076673446285}. Best is trial 9 with value: 8.500304222106934.
LOCAL_RANK: 0 - CUDA_VISIBLE_DEVICES: [0]
[I 2023-11-29 22:27:41,120] Trial 17 finished with value: 12.993884086608887 and parameters: {'gradient_clip_val': 0.5771026350657457, 'hidden_size': 79, 'dropout': 0.27674051514969, 'hidden_continuous_size': 22, 'attention_head_size': 3, 'learning_rate': 0.0028202285708160933}. Best is trial 9 with value: 8.500304222106934.
LOCAL_RANK: 0 - CUDA_VISIBLE_DEVICES: [0]
[I 2023-11-29 22:27:54,101] Trial 18 finished with value: 10.5809965133667 and parameters: {'gradient_clip_val': 0.3400663935885412, 'hidden_size': 47, 'dropout': 0.3995929754775688, 'hidden_continuous_size': 20, 'attention_head_size': 3, 'learning_rate': 0.006300717766057258}. Best is trial 9 with value: 8.500304222106934.
LOCAL_RANK: 0 - CUDA_VISIBLE_DEVICES: [0]
[I 2023-11-29 22:28:07,515] Trial 19 finished with value: 13.40517807006836 and parameters: {'gradient_clip_val': 0.34201932865068074, 'hidden_size': 83, 'dropout': 0.3971824953183097, 'hidden_continuous_size': 31, 'attention_head_size': 2, 'learning_rate': 0.0025042732573340174}. Best is trial 9 with value: 8.500304222106934.
LOCAL_RANK: 0 - CUDA_VISIBLE_DEVICES: [0]
[I 2023-11-29 22:28:20,640] Trial 20 finished with value: 11.961258888244629 and parameters: {'gradient_clip_val': 0.5039104443684482, 'hidden_size': 61, 'dropout': 0.3542595185439136, 'hidden_continuous_size': 20, 'attention_head_size': 1, 'learning_rate': 0.0052032975513075334}. Best is trial 9 with value: 8.500304222106934.
LOCAL_RANK: 0 - CUDA_VISIBLE_DEVICES: [0]
[I 2023-11-29 22:28:33,550] Trial 21 finished with value: 13.832473754882812 and parameters: {'gradient_clip_val': 0.25140111282279065, 'hidden_size': 49, 'dropout': 0.3476860948388772, 'hidden_continuous_size': 24, 'attention_head_size': 3, 'learning_rate': 0.009165570137726606}. Best is trial 9 with value: 8.500304222106934.
LOCAL_RANK: 0 - CUDA_VISIBLE_DEVICES: [0]
[I 2023-11-29 22:28:46,355] Trial 22 finished with value: 10.089618682861328 and parameters: {'gradient_clip_val': 0.3690966708486276, 'hidden_size': 43, 'dropout': 0.39983624467770695, 'hidden_continuous_size': 18, 'attention_head_size': 3, 'learning_rate': 0.005659208263421129}. Best is trial 9 with value: 8.500304222106934.
LOCAL_RANK: 0 - CUDA_VISIBLE_DEVICES: [0]
[I 2023-11-29 22:28:59,404] Trial 23 finished with value: 16.634523391723633 and parameters: {'gradient_clip_val': 0.35302772392476783, 'hidden_size': 48, 'dropout': 0.3939987214859538, 'hidden_continuous_size': 18, 'attention_head_size': 4, 'learning_rate': 0.0998309010931722}. Best is trial 9 with value: 8.500304222106934.
LOCAL_RANK: 0 - CUDA_VISIBLE_DEVICES: [0]
[I 2023-11-29 22:29:12,595] Trial 24 finished with value: 8.972405433654785 and parameters: {'gradient_clip_val': 0.4138087743266836, 'hidden_size': 66, 'dropout': 0.3633941467680624, 'hidden_continuous_size': 15, 'attention_head_size': 3, 'learning_rate': 0.00461929234759095}. Best is trial 9 with value: 8.500304222106934.
LOCAL_RANK: 0 - CUDA_VISIBLE_DEVICES: [0]
[I 2023-11-29 22:29:25,503] Trial 25 finished with value: 12.644543647766113 and parameters: {'gradient_clip_val': 0.5979358047145252, 'hidden_size': 64, 'dropout': 0.36912087612295574, 'hidden_continuous_size': 14, 'attention_head_size': 2, 'learning_rate': 0.004691444109347675}. Best is trial 9 with value: 8.500304222106934.
LOCAL_RANK: 0 - CUDA_VISIBLE_DEVICES: [0]
[I 2023-11-29 22:29:38,829] Trial 26 finished with value: 12.718382835388184 and parameters: {'gradient_clip_val': 0.4173142394588638, 'hidden_size': 90, 'dropout': 0.327914379491765, 'hidden_continuous_size': 11, 'attention_head_size': 3, 'learning_rate': 0.002245283423191447}. Best is trial 9 with value: 8.500304222106934.
LOCAL_RANK: 0 - CUDA_VISIBLE_DEVICES: [0]
[I 2023-11-29 22:29:52,110] Trial 27 finished with value: 11.949028015136719 and parameters: {'gradient_clip_val': 0.43448578180407565, 'hidden_size': 71, 'dropout': 0.37692476939759245, 'hidden_continuous_size': 12, 'attention_head_size': 4, 'learning_rate': 0.004026645532470841}. Best is trial 9 with value: 8.500304222106934.
LOCAL_RANK: 0 - CUDA_VISIBLE_DEVICES: [0]
[I 2023-11-29 22:30:04,845] Trial 28 finished with value: 13.345805168151855 and parameters: {'gradient_clip_val': 0.5647530974869173, 'hidden_size': 37, 'dropout': 0.3380155077093535, 'hidden_continuous_size': 16, 'attention_head_size': 2, 'learning_rate': 0.002904750940113703}. Best is trial 9 with value: 8.500304222106934.
LOCAL_RANK: 0 - CUDA_VISIBLE_DEVICES: [0]
[I 2023-11-29 22:30:17,175] Trial 29 finished with value: 14.408122062683105 and parameters: {'gradient_clip_val': 0.6208078128675454, 'hidden_size': 26, 'dropout': 0.367838615672199, 'hidden_continuous_size': 15, 'attention_head_size': 3, 'learning_rate': 0.004724628211600791}. Best is trial 9 with value: 8.500304222106934.
LOCAL_RANK: 0 - CUDA_VISIBLE_DEVICES: [0]
[I 2023-11-29 22:30:30,138] Trial 30 finished with value: 16.91362190246582 and parameters: {'gradient_clip_val': 0.3798551172401553, 'hidden_size': 57, 'dropout': 0.37901857950969164, 'hidden_continuous_size': 17, 'attention_head_size': 2, 'learning_rate': 0.001982303740924007}. Best is trial 9 with value: 8.500304222106934.
LOCAL_RANK: 0 - CUDA_VISIBLE_DEVICES: [0]
[I 2023-11-29 22:30:42,901] Trial 31 finished with value: 10.671216011047363 and parameters: {'gradient_clip_val': 0.3041495827338012, 'hidden_size': 42, 'dropout': 0.3978169952461456, 'hidden_continuous_size': 19, 'attention_head_size': 3, 'learning_rate': 0.0068008737984110645}. Best is trial 9 with value: 8.500304222106934.
LOCAL_RANK: 0 - CUDA_VISIBLE_DEVICES: [0]
[I 2023-11-29 22:30:55,837] Trial 32 finished with value: 11.108860969543457 and parameters: {'gradient_clip_val': 0.35404073716193457, 'hidden_size': 64, 'dropout': 0.39803586656297096, 'hidden_continuous_size': 14, 'attention_head_size': 3, 'learning_rate': 0.0066137462266528755}. Best is trial 9 with value: 8.500304222106934.
LOCAL_RANK: 0 - CUDA_VISIBLE_DEVICES: [0]
[I 2023-11-29 22:31:08,770] Trial 33 finished with value: 15.028717994689941 and parameters: {'gradient_clip_val': 0.464110829743218, 'hidden_size': 50, 'dropout': 0.365773291525053, 'hidden_continuous_size': 18, 'attention_head_size': 3, 'learning_rate': 0.003379476373154397}. Best is trial 9 with value: 8.500304222106934.
LOCAL_RANK: 0 - CUDA_VISIBLE_DEVICES: [0]
[I 2023-11-29 22:31:22,294] Trial 34 finished with value: 10.6670503616333 and parameters: {'gradient_clip_val': 0.4064156528410799, 'hidden_size': 70, 'dropout': 0.3826783674331391, 'hidden_continuous_size': 22, 'attention_head_size': 4, 'learning_rate': 0.004457297832599648}. Best is trial 9 with value: 8.500304222106934.
LOCAL_RANK: 0 - CUDA_VISIBLE_DEVICES: [0]
[I 2023-11-29 22:31:34,811] Trial 35 finished with value: 9.938233375549316 and parameters: {'gradient_clip_val': 0.3054681524513382, 'hidden_size': 33, 'dropout': 0.3313484941750313, 'hidden_continuous_size': 16, 'attention_head_size': 3, 'learning_rate': 0.013024540499303152}. Best is trial 9 with value: 8.500304222106934.
LOCAL_RANK: 0 - CUDA_VISIBLE_DEVICES: [0]
[I 2023-11-29 22:31:47,211] Trial 36 finished with value: 10.559687614440918 and parameters: {'gradient_clip_val': 0.29656042720578873, 'hidden_size': 31, 'dropout': 0.3262858227441862, 'hidden_continuous_size': 16, 'attention_head_size': 2, 'learning_rate': 0.013429283679040428}. Best is trial 9 with value: 8.500304222106934.
LOCAL_RANK: 0 - CUDA_VISIBLE_DEVICES: [0]
