[I 2023-11-30 03:22:58,749] Trial 31 finished with value: 65.38906860351562 and parameters: {'gradient_clip_val': 0.5155771647519685, 'hidden_size': 117, 'dropout': 0.23613762525795512, 'hidden_continuous_size': 56, 'attention_head_size': 1, 'learning_rate': 0.03226435809304719}. Best is trial 12 with value: 61.9549446105957.
LOCAL_RANK: 0 - CUDA_VISIBLE_DEVICES: [0]
[I 2023-11-30 03:23:12,668] Trial 32 finished with value: 65.34954071044922 and parameters: {'gradient_clip_val': 0.49422365188284556, 'hidden_size': 110, 'dropout': 0.23532729903384594, 'hidden_continuous_size': 61, 'attention_head_size': 1, 'learning_rate': 0.03417718681622069}. Best is trial 12 with value: 61.9549446105957.
LOCAL_RANK: 0 - CUDA_VISIBLE_DEVICES: [0]
[I 2023-11-30 03:23:26,636] Trial 33 finished with value: 67.59842681884766 and parameters: {'gradient_clip_val': 0.4520948706986047, 'hidden_size': 114, 'dropout': 0.23826955619657958, 'hidden_continuous_size': 64, 'attention_head_size': 1, 'learning_rate': 0.02888997047932618}. Best is trial 12 with value: 61.9549446105957.
LOCAL_RANK: 0 - CUDA_VISIBLE_DEVICES: [0]
[I 2023-11-30 03:23:40,995] Trial 34 finished with value: 74.69075012207031 and parameters: {'gradient_clip_val': 0.5531812108965738, 'hidden_size': 115, 'dropout': 0.23743930980653757, 'hidden_continuous_size': 65, 'attention_head_size': 1, 'learning_rate': 0.016913658688337784}. Best is trial 12 with value: 61.9549446105957.
LOCAL_RANK: 0 - CUDA_VISIBLE_DEVICES: [0]
[I 2023-11-30 03:23:55,433] Trial 35 finished with value: 70.56111907958984 and parameters: {'gradient_clip_val': 0.6384162239179495, 'hidden_size': 148, 'dropout': 0.22089683831172485, 'hidden_continuous_size': 77, 'attention_head_size': 1, 'learning_rate': 0.023050348983523455}. Best is trial 12 with value: 61.9549446105957.
LOCAL_RANK: 0 - CUDA_VISIBLE_DEVICES: [0]
[I 2023-11-30 03:24:09,345] Trial 36 finished with value: 62.635066986083984 and parameters: {'gradient_clip_val': 0.48169784446731634, 'hidden_size': 107, 'dropout': 0.26243415170219897, 'hidden_continuous_size': 57, 'attention_head_size': 1, 'learning_rate': 0.006882679078499855}. Best is trial 12 with value: 61.9549446105957.
LOCAL_RANK: 0 - CUDA_VISIBLE_DEVICES: [0]
[I 2023-11-30 03:24:23,436] Trial 37 finished with value: 71.98451232910156 and parameters: {'gradient_clip_val': 0.3363283175353194, 'hidden_size': 101, 'dropout': 0.2497844103315938, 'hidden_continuous_size': 76, 'attention_head_size': 1, 'learning_rate': 0.006489795297405069}. Best is trial 12 with value: 61.9549446105957.
LOCAL_RANK: 0 - CUDA_VISIBLE_DEVICES: [0]
[I 2023-11-30 03:24:37,016] Trial 38 finished with value: 85.30989837646484 and parameters: {'gradient_clip_val': 0.42407828809373294, 'hidden_size': 89, 'dropout': 0.21631569453035085, 'hidden_continuous_size': 39, 'attention_head_size': 1, 'learning_rate': 0.003806438456347714}. Best is trial 12 with value: 61.9549446105957.
LOCAL_RANK: 0 - CUDA_VISIBLE_DEVICES: [0]
[I 2023-11-30 03:24:51,058] Trial 39 finished with value: 71.48933410644531 and parameters: {'gradient_clip_val': 0.27541215335086766, 'hidden_size': 106, 'dropout': 0.2658319969399632, 'hidden_continuous_size': 55, 'attention_head_size': 1, 'learning_rate': 0.011932656981898696}. Best is trial 12 with value: 61.9549446105957.
LOCAL_RANK: 0 - CUDA_VISIBLE_DEVICES: [0]
[I 2023-11-30 03:25:05,404] Trial 40 finished with value: 68.19807434082031 and parameters: {'gradient_clip_val': 0.3499263452960573, 'hidden_size': 133, 'dropout': 0.2621900611567917, 'hidden_continuous_size': 88, 'attention_head_size': 1, 'learning_rate': 0.008813112885057709}. Best is trial 12 with value: 61.9549446105957.
LOCAL_RANK: 0 - CUDA_VISIBLE_DEVICES: [0]
[I 2023-11-30 03:25:19,388] Trial 41 finished with value: 70.52484893798828 and parameters: {'gradient_clip_val': 0.47073525423676255, 'hidden_size': 117, 'dropout': 0.23305585116806177, 'hidden_continuous_size': 57, 'attention_head_size': 1, 'learning_rate': 0.03608124729857027}. Best is trial 12 with value: 61.9549446105957.
LOCAL_RANK: 0 - CUDA_VISIBLE_DEVICES: [0]
[I 2023-11-30 03:25:33,476] Trial 42 finished with value: 71.06864166259766 and parameters: {'gradient_clip_val': 0.5672325604663649, 'hidden_size': 122, 'dropout': 0.2612408037504842, 'hidden_continuous_size': 54, 'attention_head_size': 1, 'learning_rate': 0.01540176667955528}. Best is trial 12 with value: 61.9549446105957.
LOCAL_RANK: 0 - CUDA_VISIBLE_DEVICES: [0]
[I 2023-11-30 03:25:47,102] Trial 43 finished with value: 84.10393524169922 and parameters: {'gradient_clip_val': 0.4066216629811155, 'hidden_size': 89, 'dropout': 0.22907361066523427, 'hidden_continuous_size': 46, 'attention_head_size': 1, 'learning_rate': 0.023122336062121142}. Best is trial 12 with value: 61.9549446105957.
LOCAL_RANK: 0 - CUDA_VISIBLE_DEVICES: [0]
[I 2023-11-30 03:26:01,065] Trial 44 finished with value: 64.96273040771484 and parameters: {'gradient_clip_val': 0.4823393466388671, 'hidden_size': 106, 'dropout': 0.24247435697450925, 'hidden_continuous_size': 42, 'attention_head_size': 1, 'learning_rate': 0.018994662623307106}. Best is trial 12 with value: 61.9549446105957.
LOCAL_RANK: 0 - CUDA_VISIBLE_DEVICES: [0]
[I 2023-11-30 03:26:15,076] Trial 45 finished with value: 65.70706939697266 and parameters: {'gradient_clip_val': 0.3706854096325103, 'hidden_size': 99, 'dropout': 0.2473818341592282, 'hidden_continuous_size': 42, 'attention_head_size': 1, 'learning_rate': 0.010634331961777195}. Best is trial 12 with value: 61.9549446105957.
LOCAL_RANK: 0 - CUDA_VISIBLE_DEVICES: [0]
[I 2023-11-30 03:26:28,548] Trial 46 finished with value: 68.91777038574219 and parameters: {'gradient_clip_val': 0.4949882779177634, 'hidden_size': 76, 'dropout': 0.17367894129145706, 'hidden_continuous_size': 37, 'attention_head_size': 1, 'learning_rate': 0.020359149669549784}. Best is trial 12 with value: 61.9549446105957.
LOCAL_RANK: 0 - CUDA_VISIBLE_DEVICES: [0]
[I 2023-11-30 03:26:42,681] Trial 47 finished with value: 65.47566986083984 and parameters: {'gradient_clip_val': 0.6297718427602211, 'hidden_size': 135, 'dropout': 0.27039681796007564, 'hidden_continuous_size': 43, 'attention_head_size': 2, 'learning_rate': 0.0131086376003629}. Best is trial 12 with value: 61.9549446105957.
LOCAL_RANK: 0 - CUDA_VISIBLE_DEVICES: [0]
[I 2023-11-30 03:26:56,551] Trial 48 finished with value: 60.10599899291992 and parameters: {'gradient_clip_val': 0.4258253869122783, 'hidden_size': 85, 'dropout': 0.28552358441095255, 'hidden_continuous_size': 50, 'attention_head_size': 1, 'learning_rate': 0.026257285763699484}. Best is trial 48 with value: 60.10599899291992.
LOCAL_RANK: 0 - CUDA_VISIBLE_DEVICES: [0]
[I 2023-11-30 03:27:10,440] Trial 49 finished with value: 67.93470001220703 and parameters: {'gradient_clip_val': 0.4207260776510886, 'hidden_size': 84, 'dropout': 0.3139070769053412, 'hidden_continuous_size': 50, 'attention_head_size': 1, 'learning_rate': 0.02545229935987361}. Best is trial 48 with value: 60.10599899291992.
LOCAL_RANK: 0 - CUDA_VISIBLE_DEVICES: [0]
[I 2023-11-30 03:27:23,737] Trial 50 finished with value: 71.52640533447266 and parameters: {'gradient_clip_val': 0.2527050810065293, 'hidden_size': 56, 'dropout': 0.2811204054580547, 'hidden_continuous_size': 41, 'attention_head_size': 2, 'learning_rate': 0.019407398420639828}. Best is trial 48 with value: 60.10599899291992.
LOCAL_RANK: 0 - CUDA_VISIBLE_DEVICES: [0]
[I 2023-11-30 03:27:37,305] Trial 51 finished with value: 68.31376647949219 and parameters: {'gradient_clip_val': 0.4850796596290926, 'hidden_size': 69, 'dropout': 0.2931736718858972, 'hidden_continuous_size': 50, 'attention_head_size': 1, 'learning_rate': 0.03774788588084646}. Best is trial 48 with value: 60.10599899291992.
LOCAL_RANK: 0 - CUDA_VISIBLE_DEVICES: [0]
[I 2023-11-30 03:27:51,205] Trial 52 finished with value: 69.49127197265625 and parameters: {'gradient_clip_val': 0.5503120926630578, 'hidden_size': 109, 'dropout': 0.2739954759566783, 'hidden_continuous_size': 61, 'attention_head_size': 1, 'learning_rate': 0.028143064313430343}. Best is trial 48 with value: 60.10599899291992.
LOCAL_RANK: 0 - CUDA_VISIBLE_DEVICES: [0]
[I 2023-11-30 03:28:04,828] Trial 53 finished with value: 77.34307861328125 and parameters: {'gradient_clip_val': 0.44040915357620086, 'hidden_size': 93, 'dropout': 0.2533852354562614, 'hidden_continuous_size': 34, 'attention_head_size': 1, 'learning_rate': 0.023953402463867374}. Best is trial 48 with value: 60.10599899291992.
LOCAL_RANK: 0 - CUDA_VISIBLE_DEVICES: [0]
[I 2023-11-30 03:28:19,207] Trial 54 finished with value: 70.55377197265625 and parameters: {'gradient_clip_val': 0.39652741666574454, 'hidden_size': 135, 'dropout': 0.22563257786758908, 'hidden_continuous_size': 68, 'attention_head_size': 1, 'learning_rate': 0.015898024108422087}. Best is trial 48 with value: 60.10599899291992.
LOCAL_RANK: 0 - CUDA_VISIBLE_DEVICES: [0]
[I 2023-11-30 03:28:33,029] Trial 55 finished with value: 71.49972534179688 and parameters: {'gradient_clip_val': 0.5056395009160097, 'hidden_size': 104, 'dropout': 0.24547940854139, 'hidden_continuous_size': 60, 'attention_head_size': 1, 'learning_rate': 0.03345315970911421}. Best is trial 48 with value: 60.10599899291992.
LOCAL_RANK: 0 - CUDA_VISIBLE_DEVICES: [0]
[I 2023-11-30 03:28:46,446] Trial 56 finished with value: 63.660797119140625 and parameters: {'gradient_clip_val': 0.46318622737032267, 'hidden_size': 81, 'dropout': 0.2035525793480788, 'hidden_continuous_size': 24, 'attention_head_size': 1, 'learning_rate': 0.007288635569542769}. Best is trial 48 with value: 60.10599899291992.
LOCAL_RANK: 0 - CUDA_VISIBLE_DEVICES: [0]
[I 2023-11-30 03:28:59,977] Trial 57 finished with value: 66.74764251708984 and parameters: {'gradient_clip_val': 0.3803525125524357, 'hidden_size': 82, 'dropout': 0.2092292307031842, 'hidden_continuous_size': 25, 'attention_head_size': 2, 'learning_rate': 0.006768830902615619}. Best is trial 48 with value: 60.10599899291992.
LOCAL_RANK: 0 - CUDA_VISIBLE_DEVICES: [0]
[I 2023-11-30 03:29:13,386] Trial 58 finished with value: 68.52408599853516 and parameters: {'gradient_clip_val': 0.5874330183426593, 'hidden_size': 74, 'dropout': 0.19644202606359712, 'hidden_continuous_size': 27, 'attention_head_size': 1, 'learning_rate': 0.009736247691984947}. Best is trial 48 with value: 60.10599899291992.
LOCAL_RANK: 0 - CUDA_VISIBLE_DEVICES: [0]
[I 2023-11-30 03:29:26,855] Trial 59 finished with value: 77.10687255859375 and parameters: {'gradient_clip_val': 0.4316129125808219, 'hidden_size': 68, 'dropout': 0.30441261242246576, 'hidden_continuous_size': 22, 'attention_head_size': 2, 'learning_rate': 0.007258102243220473}. Best is trial 48 with value: 60.10599899291992.
LOCAL_RANK: 0 - CUDA_VISIBLE_DEVICES: [0]
[I 2023-11-30 03:29:40,514] Trial 60 finished with value: 75.7730941772461 and parameters: {'gradient_clip_val': 0.6646083567670118, 'hidden_size': 94, 'dropout': 0.2869513354187232, 'hidden_continuous_size': 36, 'attention_head_size': 1, 'learning_rate': 0.004629227991441538}. Best is trial 48 with value: 60.10599899291992.
LOCAL_RANK: 0 - CUDA_VISIBLE_DEVICES: [0]
[I 2023-11-30 03:29:54,487] Trial 61 finished with value: 62.68050765991211 and parameters: {'gradient_clip_val': 0.4737384385944554, 'hidden_size': 125, 'dropout': 0.2610396696384683, 'hidden_continuous_size': 49, 'attention_head_size': 1, 'learning_rate': 0.013960107852914828}. Best is trial 48 with value: 60.10599899291992.
LOCAL_RANK: 0 - CUDA_VISIBLE_DEVICES: [0]
[I 2023-11-30 03:30:08,460] Trial 62 finished with value: 68.12164306640625 and parameters: {'gradient_clip_val': 0.4633180799999677, 'hidden_size': 127, 'dropout': 0.2760019814119245, 'hidden_continuous_size': 47, 'attention_head_size': 1, 'learning_rate': 0.013252481660397001}. Best is trial 48 with value: 60.10599899291992.
LOCAL_RANK: 0 - CUDA_VISIBLE_DEVICES: [0]
[I 2023-11-30 03:30:21,722] Trial 63 finished with value: 71.54029083251953 and parameters: {'gradient_clip_val': 0.5275165279837427, 'hidden_size': 81, 'dropout': 0.26609387431053966, 'hidden_continuous_size': 31, 'attention_head_size': 1, 'learning_rate': 0.018207256895384345}. Best is trial 48 with value: 60.10599899291992.
LOCAL_RANK: 0 - CUDA_VISIBLE_DEVICES: [0]
[I 2023-11-30 03:30:35,747] Trial 64 finished with value: 73.7782974243164 and parameters: {'gradient_clip_val': 0.47706448498310594, 'hidden_size': 95, 'dropout': 0.25735711890563906, 'hidden_continuous_size': 39, 'attention_head_size': 1, 'learning_rate': 0.010862007921876504}. Best is trial 48 with value: 60.10599899291992.
LOCAL_RANK: 0 - CUDA_VISIBLE_DEVICES: [0]
[I 2023-11-30 03:30:50,040] Trial 65 finished with value: 70.82598114013672 and parameters: {'gradient_clip_val': 0.531769263187229, 'hidden_size': 150, 'dropout': 0.2799135535210369, 'hidden_continuous_size': 43, 'attention_head_size': 1, 'learning_rate': 0.00872668667467861}. Best is trial 48 with value: 60.10599899291992.
LOCAL_RANK: 0 - CUDA_VISIBLE_DEVICES: [0]
[I 2023-11-30 03:31:03,721] Trial 66 finished with value: 70.35626220703125 and parameters: {'gradient_clip_val': 0.5991995636638998, 'hidden_size': 125, 'dropout': 0.2863247702509999, 'hidden_continuous_size': 24, 'attention_head_size': 1, 'learning_rate': 0.01427399188840902}. Best is trial 48 with value: 60.10599899291992.
LOCAL_RANK: 0 - CUDA_VISIBLE_DEVICES: [0]
[I 2023-11-30 03:31:17,358] Trial 67 finished with value: 71.96622467041016 and parameters: {'gradient_clip_val': 0.5667658846697148, 'hidden_size': 90, 'dropout': 0.2428151282100123, 'hidden_continuous_size': 28, 'attention_head_size': 2, 'learning_rate': 0.005410656248416958}. Best is trial 48 with value: 60.10599899291992.
LOCAL_RANK: 0 - CUDA_VISIBLE_DEVICES: [0]
[I 2023-11-30 03:31:30,438] Trial 68 finished with value: 65.76160430908203 and parameters: {'gradient_clip_val': 0.44608441742778715, 'hidden_size': 64, 'dropout': 0.2530961267525421, 'hidden_continuous_size': 23, 'attention_head_size': 1, 'learning_rate': 0.021701880368255787}. Best is trial 48 with value: 60.10599899291992.
LOCAL_RANK: 0 - CUDA_VISIBLE_DEVICES: [0]
[I 2023-11-30 03:31:44,680] Trial 69 finished with value: 67.96704864501953 and parameters: {'gradient_clip_val': 0.39787104444124166, 'hidden_size': 110, 'dropout': 0.26899160227832863, 'hidden_continuous_size': 36, 'attention_head_size': 3, 'learning_rate': 0.01641909491139315}. Best is trial 48 with value: 60.10599899291992.
LOCAL_RANK: 0 - CUDA_VISIBLE_DEVICES: [0]
[I 2023-11-30 03:31:58,604] Trial 70 finished with value: 71.84475708007812 and parameters: {'gradient_clip_val': 0.684998986950097, 'hidden_size': 101, 'dropout': 0.2270171189148687, 'hidden_continuous_size': 52, 'attention_head_size': 1, 'learning_rate': 0.007594260722893415}. Best is trial 48 with value: 60.10599899291992.
LOCAL_RANK: 0 - CUDA_VISIBLE_DEVICES: [0]
[I 2023-11-30 03:32:12,550] Trial 71 finished with value: 62.64682388305664 and parameters: {'gradient_clip_val': 0.5040718124914617, 'hidden_size': 114, 'dropout': 0.23893903806146494, 'hidden_continuous_size': 50, 'attention_head_size': 1, 'learning_rate': 0.01960783486573873}. Best is trial 48 with value: 60.10599899291992.
LOCAL_RANK: 0 - CUDA_VISIBLE_DEVICES: [0]
[I 2023-11-30 03:32:26,646] Trial 72 finished with value: 67.47727966308594 and parameters: {'gradient_clip_val': 0.4880364748824922, 'hidden_size': 119, 'dropout': 0.2410631375582839, 'hidden_continuous_size': 48, 'attention_head_size': 1, 'learning_rate': 0.01918329071075949}. Best is trial 48 with value: 60.10599899291992.
LOCAL_RANK: 0 - CUDA_VISIBLE_DEVICES: [0]
[I 2023-11-30 03:32:40,386] Trial 73 finished with value: 73.64546203613281 and parameters: {'gradient_clip_val': 0.6101103604085834, 'hidden_size': 85, 'dropout': 0.2539330906265496, 'hidden_continuous_size': 52, 'attention_head_size': 1, 'learning_rate': 0.02528693072434274}. Best is trial 48 with value: 60.10599899291992.
LOCAL_RANK: 0 - CUDA_VISIBLE_DEVICES: [0]
[I 2023-11-30 03:32:54,465] Trial 74 finished with value: 67.55089569091797 and parameters: {'gradient_clip_val': 0.5345251380566655, 'hidden_size': 136, 'dropout': 0.2637829327381142, 'hidden_continuous_size': 44, 'attention_head_size': 1, 'learning_rate': 0.030085101302317487}. Best is trial 48 with value: 60.10599899291992.
LOCAL_RANK: 0 - CUDA_VISIBLE_DEVICES: [0]
[I 2023-11-30 03:33:08,414] Trial 75 finished with value: 69.2682876586914 and parameters: {'gradient_clip_val': 0.45755486614172114, 'hidden_size': 109, 'dropout': 0.3059348453213481, 'hidden_continuous_size': 57, 'attention_head_size': 1, 'learning_rate': 0.011696849717454895}. Best is trial 48 with value: 60.10599899291992.
LOCAL_RANK: 0 - CUDA_VISIBLE_DEVICES: [0]
[I 2023-11-30 03:33:22,235] Trial 76 finished with value: 63.23518753051758 and parameters: {'gradient_clip_val': 0.5181890807578126, 'hidden_size': 99, 'dropout': 0.2889318454846613, 'hidden_continuous_size': 48, 'attention_head_size': 1, 'learning_rate': 0.022115306649217924}. Best is trial 48 with value: 60.10599899291992.
LOCAL_RANK: 0 - CUDA_VISIBLE_DEVICES: [0]
[I 2023-11-30 03:33:36,024] Trial 77 finished with value: 59.052886962890625 and parameters: {'gradient_clip_val': 0.5639682491695405, 'hidden_size': 98, 'dropout': 0.31812061776310907, 'hidden_continuous_size': 33, 'attention_head_size': 1, 'learning_rate': 0.021459812260583272}. Best is trial 77 with value: 59.052886962890625.
LOCAL_RANK: 0 - CUDA_VISIBLE_DEVICES: [0]
[I 2023-11-30 03:33:49,515] Trial 78 finished with value: 60.63856887817383 and parameters: {'gradient_clip_val': 0.5643621163717935, 'hidden_size': 74, 'dropout': 0.32224760143196113, 'hidden_continuous_size': 32, 'attention_head_size': 2, 'learning_rate': 0.013902896034888262}. Best is trial 77 with value: 59.052886962890625.
LOCAL_RANK: 0 - CUDA_VISIBLE_DEVICES: [0]
[I 2023-11-30 03:34:03,178] Trial 79 finished with value: 67.94945526123047 and parameters: {'gradient_clip_val': 0.5669409353157268, 'hidden_size': 73, 'dropout': 0.3322998326693905, 'hidden_continuous_size': 33, 'attention_head_size': 2, 'learning_rate': 0.013984115740079028}. Best is trial 77 with value: 59.052886962890625.
LOCAL_RANK: 0 - CUDA_VISIBLE_DEVICES: [0]
[I 2023-11-30 03:34:16,797] Trial 80 finished with value: 69.50963592529297 and parameters: {'gradient_clip_val': 0.6305002932660102, 'hidden_size': 99, 'dropout': 0.3131631004676822, 'hidden_continuous_size': 30, 'attention_head_size': 2, 'learning_rate': 0.022184028796686923}. Best is trial 77 with value: 59.052886962890625.
LOCAL_RANK: 0 - CUDA_VISIBLE_DEVICES: [0]
[I 2023-11-30 03:34:30,193] Trial 81 finished with value: 71.5421142578125 and parameters: {'gradient_clip_val': 0.5143586065265874, 'hidden_size': 80, 'dropout': 0.31910440058066414, 'hidden_continuous_size': 27, 'attention_head_size': 2, 'learning_rate': 0.01222716720799491}. Best is trial 77 with value: 59.052886962890625.
LOCAL_RANK: 0 - CUDA_VISIBLE_DEVICES: [0]
[I 2023-11-30 03:34:43,716] Trial 82 finished with value: 71.00887298583984 and parameters: {'gradient_clip_val': 0.5592168003912386, 'hidden_size': 88, 'dropout': 0.29180163660659664, 'hidden_continuous_size': 31, 'attention_head_size': 3, 'learning_rate': 0.016477520663744652}. Best is trial 77 with value: 59.052886962890625.
LOCAL_RANK: 0 - CUDA_VISIBLE_DEVICES: [0]
[I 2023-11-30 03:34:57,464] Trial 83 finished with value: 69.11724853515625 and parameters: {'gradient_clip_val': 0.594611612689102, 'hidden_size': 98, 'dropout': 0.3247507735646804, 'hidden_continuous_size': 34, 'attention_head_size': 1, 'learning_rate': 0.014788770434333725}. Best is trial 77 with value: 59.052886962890625.
LOCAL_RANK: 0 - CUDA_VISIBLE_DEVICES: [0]
[I 2023-11-30 03:35:11,371] Trial 84 finished with value: 70.16947937011719 and parameters: {'gradient_clip_val': 0.7204743324544939, 'hidden_size': 121, 'dropout': 0.3032400708136376, 'hidden_continuous_size': 38, 'attention_head_size': 1, 'learning_rate': 0.017334409303903956}. Best is trial 77 with value: 59.052886962890625.
LOCAL_RANK: 0 - CUDA_VISIBLE_DEVICES: [0]
[I 2023-11-30 03:35:25,034] Trial 85 finished with value: 66.15074920654297 and parameters: {'gradient_clip_val': 0.5036563015074429, 'hidden_size': 78, 'dropout': 0.2962409395757321, 'hidden_continuous_size': 29, 'attention_head_size': 2, 'learning_rate': 0.020822138747435492}. Best is trial 77 with value: 59.052886962890625.
LOCAL_RANK: 0 - CUDA_VISIBLE_DEVICES: [0]
[I 2023-11-30 03:35:38,374] Trial 86 finished with value: 70.46659088134766 and parameters: {'gradient_clip_val': 0.4208981531577145, 'hidden_size': 72, 'dropout': 0.27805892254593667, 'hidden_continuous_size': 40, 'attention_head_size': 1, 'learning_rate': 0.026321955205844655}. Best is trial 77 with value: 59.052886962890625.
LOCAL_RANK: 0 - CUDA_VISIBLE_DEVICES: [0]
[I 2023-11-30 03:35:51,704] Trial 87 finished with value: 65.38780975341797 and parameters: {'gradient_clip_val': 0.46280576820111247, 'hidden_size': 64, 'dropout': 0.3082685488747985, 'hidden_continuous_size': 45, 'attention_head_size': 1, 'learning_rate': 0.018418023418571305}. Best is trial 77 with value: 59.052886962890625.
LOCAL_RANK: 0 - CUDA_VISIBLE_DEVICES: [0]
[I 2023-11-30 03:36:05,217] Trial 88 finished with value: 72.6530532836914 and parameters: {'gradient_clip_val': 0.5422082184367366, 'hidden_size': 87, 'dropout': 0.32460806318097074, 'hidden_continuous_size': 32, 'attention_head_size': 1, 'learning_rate': 0.02448672773021833}. Best is trial 77 with value: 59.052886962890625.
LOCAL_RANK: 0 - CUDA_VISIBLE_DEVICES: [0]
[I 2023-11-30 03:36:19,119] Trial 89 finished with value: 75.35173797607422 and parameters: {'gradient_clip_val': 0.6502889226215208, 'hidden_size': 94, 'dropout': 0.29048326080287024, 'hidden_continuous_size': 25, 'attention_head_size': 4, 'learning_rate': 0.020998732862014292}. Best is trial 77 with value: 59.052886962890625.
LOCAL_RANK: 0 - CUDA_VISIBLE_DEVICES: [0]
