[I 2023-11-29 23:09:36,946] Trial 62 finished with value: 142.80780029296875 and parameters: {'gradient_clip_val': 0.136210972354383, 'hidden_size': 51, 'dropout': 0.34142505705929826, 'hidden_continuous_size': 25, 'attention_head_size': 3, 'learning_rate': 0.02952417142253307}. Best is trial 25 with value: 106.89009857177734.
LOCAL_RANK: 0 - CUDA_VISIBLE_DEVICES: [0]
[I 2023-11-29 23:09:50,157] Trial 63 finished with value: 107.65706634521484 and parameters: {'gradient_clip_val': 0.12085519532353667, 'hidden_size': 60, 'dropout': 0.307068837906097, 'hidden_continuous_size': 24, 'attention_head_size': 3, 'learning_rate': 0.022624451460189755}. Best is trial 25 with value: 106.89009857177734.
LOCAL_RANK: 0 - CUDA_VISIBLE_DEVICES: [0]
[I 2023-11-29 23:10:03,532] Trial 64 finished with value: 117.10302734375 and parameters: {'gradient_clip_val': 0.12085871068704086, 'hidden_size': 59, 'dropout': 0.24748042605556245, 'hidden_continuous_size': 24, 'attention_head_size': 3, 'learning_rate': 0.02211699470567454}. Best is trial 25 with value: 106.89009857177734.
LOCAL_RANK: 0 - CUDA_VISIBLE_DEVICES: [0]
[I 2023-11-29 23:10:16,782] Trial 65 finished with value: 104.5140151977539 and parameters: {'gradient_clip_val': 0.10801909400352185, 'hidden_size': 62, 'dropout': 0.2907023764743692, 'hidden_continuous_size': 12, 'attention_head_size': 4, 'learning_rate': 0.017648659752121706}. Best is trial 65 with value: 104.5140151977539.
LOCAL_RANK: 0 - CUDA_VISIBLE_DEVICES: [0]
[I 2023-11-29 23:10:29,108] Trial 66 finished with value: 142.5065460205078 and parameters: {'gradient_clip_val': 0.10911657078273536, 'hidden_size': 18, 'dropout': 0.3074270920002752, 'hidden_continuous_size': 12, 'attention_head_size': 4, 'learning_rate': 0.018265858366135167}. Best is trial 65 with value: 104.5140151977539.
LOCAL_RANK: 0 - CUDA_VISIBLE_DEVICES: [0]
[I 2023-11-29 23:10:42,375] Trial 67 finished with value: 115.1498031616211 and parameters: {'gradient_clip_val': 0.10061790637320611, 'hidden_size': 63, 'dropout': 0.2872237858849373, 'hidden_continuous_size': 15, 'attention_head_size': 4, 'learning_rate': 0.03608584863944227}. Best is trial 65 with value: 104.5140151977539.
LOCAL_RANK: 0 - CUDA_VISIBLE_DEVICES: [0]
[I 2023-11-29 23:10:55,883] Trial 68 finished with value: 138.14353942871094 and parameters: {'gradient_clip_val': 0.1195277169508938, 'hidden_size': 71, 'dropout': 0.30560420057769566, 'hidden_continuous_size': 21, 'attention_head_size': 4, 'learning_rate': 0.015459515046669044}. Best is trial 65 with value: 104.5140151977539.
LOCAL_RANK: 0 - CUDA_VISIBLE_DEVICES: [0]
[I 2023-11-29 23:11:09,002] Trial 69 finished with value: 130.30438232421875 and parameters: {'gradient_clip_val': 0.10899856687574812, 'hidden_size': 57, 'dropout': 0.27772568149999466, 'hidden_continuous_size': 19, 'attention_head_size': 4, 'learning_rate': 0.023601162675171226}. Best is trial 65 with value: 104.5140151977539.
LOCAL_RANK: 0 - CUDA_VISIBLE_DEVICES: [0]
[I 2023-11-29 23:11:22,721] Trial 70 finished with value: 147.46241760253906 and parameters: {'gradient_clip_val': 0.12885255466794224, 'hidden_size': 82, 'dropout': 0.2857767594638751, 'hidden_continuous_size': 18, 'attention_head_size': 3, 'learning_rate': 0.02809839992037066}. Best is trial 65 with value: 104.5140151977539.
LOCAL_RANK: 0 - CUDA_VISIBLE_DEVICES: [0]
[I 2023-11-29 23:11:35,810] Trial 71 finished with value: 151.46261596679688 and parameters: {'gradient_clip_val': 0.10093390564090497, 'hidden_size': 62, 'dropout': 0.2885982714543759, 'hidden_continuous_size': 15, 'attention_head_size': 4, 'learning_rate': 0.0395481425486871}. Best is trial 65 with value: 104.5140151977539.
LOCAL_RANK: 0 - CUDA_VISIBLE_DEVICES: [0]
[I 2023-11-29 23:11:49,268] Trial 72 finished with value: 149.2207489013672 and parameters: {'gradient_clip_val': 0.10651821872389577, 'hidden_size': 89, 'dropout': 0.302590203902543, 'hidden_continuous_size': 14, 'attention_head_size': 4, 'learning_rate': 0.034487703392585806}. Best is trial 65 with value: 104.5140151977539.
LOCAL_RANK: 0 - CUDA_VISIBLE_DEVICES: [0]
[I 2023-11-29 23:12:02,303] Trial 73 finished with value: 127.90520477294922 and parameters: {'gradient_clip_val': 0.11705402127839765, 'hidden_size': 63, 'dropout': 0.31771308315322594, 'hidden_continuous_size': 13, 'attention_head_size': 4, 'learning_rate': 0.020524536460087055}. Best is trial 65 with value: 104.5140151977539.
LOCAL_RANK: 0 - CUDA_VISIBLE_DEVICES: [0]
[I 2023-11-29 23:12:15,359] Trial 74 finished with value: 120.06954956054688 and parameters: {'gradient_clip_val': 0.10889008466401166, 'hidden_size': 53, 'dropout': 0.2637100601765331, 'hidden_continuous_size': 13, 'attention_head_size': 4, 'learning_rate': 0.01774427435427605}. Best is trial 65 with value: 104.5140151977539.
LOCAL_RANK: 0 - CUDA_VISIBLE_DEVICES: [0]
[I 2023-11-29 23:12:28,810] Trial 75 finished with value: 115.97518157958984 and parameters: {'gradient_clip_val': 0.13108882658280194, 'hidden_size': 73, 'dropout': 0.30035609568922544, 'hidden_continuous_size': 12, 'attention_head_size': 4, 'learning_rate': 0.026341310698548944}. Best is trial 65 with value: 104.5140151977539.
LOCAL_RANK: 0 - CUDA_VISIBLE_DEVICES: [0]
[I 2023-11-29 23:12:41,677] Trial 76 finished with value: 109.0714111328125 and parameters: {'gradient_clip_val': 0.1165019309118002, 'hidden_size': 49, 'dropout': 0.28362123622735647, 'hidden_continuous_size': 11, 'attention_head_size': 4, 'learning_rate': 0.04553833490658662}. Best is trial 65 with value: 104.5140151977539.
LOCAL_RANK: 0 - CUDA_VISIBLE_DEVICES: [0]
[I 2023-11-29 23:12:54,369] Trial 77 finished with value: 133.3430938720703 and parameters: {'gradient_clip_val': 0.14575597043668287, 'hidden_size': 49, 'dropout': 0.27370823379187886, 'hidden_continuous_size': 11, 'attention_head_size': 3, 'learning_rate': 0.04774715500419169}. Best is trial 65 with value: 104.5140151977539.
LOCAL_RANK: 0 - CUDA_VISIBLE_DEVICES: [0]
[I 2023-11-29 23:13:07,361] Trial 78 finished with value: 184.73435974121094 and parameters: {'gradient_clip_val': 0.11487508304464032, 'hidden_size': 54, 'dropout': 0.3108445505270013, 'hidden_continuous_size': 11, 'attention_head_size': 4, 'learning_rate': 0.07532477274315014}. Best is trial 65 with value: 104.5140151977539.
LOCAL_RANK: 0 - CUDA_VISIBLE_DEVICES: [0]
[I 2023-11-29 23:13:20,015] Trial 79 finished with value: 124.66061401367188 and parameters: {'gradient_clip_val': 0.14326908144956352, 'hidden_size': 46, 'dropout': 0.2696873212325788, 'hidden_continuous_size': 10, 'attention_head_size': 2, 'learning_rate': 0.06270709436687187}. Best is trial 65 with value: 104.5140151977539.
LOCAL_RANK: 0 - CUDA_VISIBLE_DEVICES: [0]
[I 2023-11-29 23:13:33,335] Trial 80 finished with value: 127.7857666015625 and parameters: {'gradient_clip_val': 0.12920808895714414, 'hidden_size': 58, 'dropout': 0.25467674117182176, 'hidden_continuous_size': 26, 'attention_head_size': 1, 'learning_rate': 0.011916012549993896}. Best is trial 65 with value: 104.5140151977539.
LOCAL_RANK: 0 - CUDA_VISIBLE_DEVICES: [0]
[I 2023-11-29 23:13:46,583] Trial 81 finished with value: 108.8019790649414 and parameters: {'gradient_clip_val': 0.10424344194906082, 'hidden_size': 65, 'dropout': 0.2873723208379434, 'hidden_continuous_size': 15, 'attention_head_size': 4, 'learning_rate': 0.03764356467750527}. Best is trial 65 with value: 104.5140151977539.
LOCAL_RANK: 0 - CUDA_VISIBLE_DEVICES: [0]
[I 2023-11-29 23:13:59,789] Trial 82 finished with value: 112.93656158447266 and parameters: {'gradient_clip_val': 0.11630969537018157, 'hidden_size': 67, 'dropout': 0.29314380100841975, 'hidden_continuous_size': 12, 'attention_head_size': 4, 'learning_rate': 0.0314163496014254}. Best is trial 65 with value: 104.5140151977539.
LOCAL_RANK: 0 - CUDA_VISIBLE_DEVICES: [0]
[I 2023-11-29 23:14:12,953] Trial 83 finished with value: 122.32144927978516 and parameters: {'gradient_clip_val': 0.11684037862858089, 'hidden_size': 67, 'dropout': 0.2954514934466828, 'hidden_continuous_size': 12, 'attention_head_size': 4, 'learning_rate': 0.03168411400280507}. Best is trial 65 with value: 104.5140151977539.
LOCAL_RANK: 0 - CUDA_VISIBLE_DEVICES: [0]
[I 2023-11-29 23:14:25,859] Trial 84 finished with value: 112.03528594970703 and parameters: {'gradient_clip_val': 0.10539948124201594, 'hidden_size': 53, 'dropout': 0.2811275866011766, 'hidden_continuous_size': 13, 'attention_head_size': 4, 'learning_rate': 0.028537599839273148}. Best is trial 65 with value: 104.5140151977539.
LOCAL_RANK: 0 - CUDA_VISIBLE_DEVICES: [0]
[I 2023-11-29 23:14:39,112] Trial 85 finished with value: 132.5518035888672 and parameters: {'gradient_clip_val': 0.10539334416932514, 'hidden_size': 65, 'dropout': 0.28182091411091464, 'hidden_continuous_size': 13, 'attention_head_size': 4, 'learning_rate': 0.02802325298129671}. Best is trial 65 with value: 104.5140151977539.
LOCAL_RANK: 0 - CUDA_VISIBLE_DEVICES: [0]
[I 2023-11-29 23:14:52,121] Trial 86 finished with value: 131.9902801513672 and parameters: {'gradient_clip_val': 0.12223955100243755, 'hidden_size': 50, 'dropout': 0.29421186706291913, 'hidden_continuous_size': 14, 'attention_head_size': 4, 'learning_rate': 0.02423339109209088}. Best is trial 65 with value: 104.5140151977539.
LOCAL_RANK: 0 - CUDA_VISIBLE_DEVICES: [0]
[I 2023-11-29 23:15:05,184] Trial 87 finished with value: 146.1329803466797 and parameters: {'gradient_clip_val': 0.10599972947064182, 'hidden_size': 59, 'dropout': 0.31178391924381704, 'hidden_continuous_size': 11, 'attention_head_size': 4, 'learning_rate': 0.039669273468469775}. Best is trial 65 with value: 104.5140151977539.
LOCAL_RANK: 0 - CUDA_VISIBLE_DEVICES: [0]
[I 2023-11-29 23:15:18,128] Trial 88 finished with value: 107.6932144165039 and parameters: {'gradient_clip_val': 0.11748280192068764, 'hidden_size': 52, 'dropout': 0.32910642189020406, 'hidden_continuous_size': 12, 'attention_head_size': 4, 'learning_rate': 0.021757695834813386}. Best is trial 65 with value: 104.5140151977539.
LOCAL_RANK: 0 - CUDA_VISIBLE_DEVICES: [0]
[I 2023-11-29 23:15:31,228] Trial 89 finished with value: 121.3724136352539 and parameters: {'gradient_clip_val': 0.1263330060978179, 'hidden_size': 45, 'dropout': 0.3247349935106395, 'hidden_continuous_size': 13, 'attention_head_size': 4, 'learning_rate': 0.022032733676509694}. Best is trial 65 with value: 104.5140151977539.
LOCAL_RANK: 0 - CUDA_VISIBLE_DEVICES: [0]
[I 2023-11-29 23:15:43,985] Trial 90 finished with value: 116.30982208251953 and parameters: {'gradient_clip_val': 0.13712452591399443, 'hidden_size': 52, 'dropout': 0.33196285969412176, 'hidden_continuous_size': 15, 'attention_head_size': 4, 'learning_rate': 0.0208383804058166}. Best is trial 65 with value: 104.5140151977539.
LOCAL_RANK: 0 - CUDA_VISIBLE_DEVICES: [0]
[I 2023-11-29 23:15:56,914] Trial 91 finished with value: 132.0268096923828 and parameters: {'gradient_clip_val': 0.11702789706793917, 'hidden_size': 49, 'dropout': 0.3002636670922804, 'hidden_continuous_size': 12, 'attention_head_size': 4, 'learning_rate': 0.03151023476468959}. Best is trial 65 with value: 104.5140151977539.
LOCAL_RANK: 0 - CUDA_VISIBLE_DEVICES: [0]
[I 2023-11-29 23:16:09,914] Trial 92 finished with value: 135.1060791015625 and parameters: {'gradient_clip_val': 0.10627861641647954, 'hidden_size': 57, 'dropout': 0.2772267725386651, 'hidden_continuous_size': 14, 'attention_head_size': 4, 'learning_rate': 0.026149782067198014}. Best is trial 65 with value: 104.5140151977539.
LOCAL_RANK: 0 - CUDA_VISIBLE_DEVICES: [0]
[I 2023-11-29 23:16:23,018] Trial 93 finished with value: 132.73609924316406 and parameters: {'gradient_clip_val': 0.11339551318093273, 'hidden_size': 72, 'dropout': 0.285207230478421, 'hidden_continuous_size': 11, 'attention_head_size': 4, 'learning_rate': 0.01750881255806813}. Best is trial 65 with value: 104.5140151977539.
LOCAL_RANK: 0 - CUDA_VISIBLE_DEVICES: [0]
[I 2023-11-29 23:16:36,239] Trial 94 finished with value: 134.16033935546875 and parameters: {'gradient_clip_val': 0.10017197648362075, 'hidden_size': 63, 'dropout': 0.29258012985033827, 'hidden_continuous_size': 12, 'attention_head_size': 4, 'learning_rate': 0.029572316825443378}. Best is trial 65 with value: 104.5140151977539.
LOCAL_RANK: 0 - CUDA_VISIBLE_DEVICES: [0]
[I 2023-11-29 23:16:49,164] Trial 95 finished with value: 113.77262115478516 and parameters: {'gradient_clip_val': 0.1206259367948298, 'hidden_size': 54, 'dropout': 0.2677651228294561, 'hidden_continuous_size': 10, 'attention_head_size': 4, 'learning_rate': 0.024039970013345967}. Best is trial 65 with value: 104.5140151977539.
LOCAL_RANK: 0 - CUDA_VISIBLE_DEVICES: [0]
[I 2023-11-29 23:17:01,678] Trial 96 finished with value: 162.8755645751953 and parameters: {'gradient_clip_val': 0.11049839448538865, 'hidden_size': 36, 'dropout': 0.31524923772971014, 'hidden_continuous_size': 13, 'attention_head_size': 4, 'learning_rate': 0.034641446854706194}. Best is trial 65 with value: 104.5140151977539.
LOCAL_RANK: 0 - CUDA_VISIBLE_DEVICES: [0]
[I 2023-11-29 23:17:14,409] Trial 97 finished with value: 110.34557342529297 and parameters: {'gradient_clip_val': 0.1297008923432762, 'hidden_size': 42, 'dropout': 0.30506314498271775, 'hidden_continuous_size': 12, 'attention_head_size': 4, 'learning_rate': 0.03768712600039293}. Best is trial 65 with value: 104.5140151977539.
LOCAL_RANK: 0 - CUDA_VISIBLE_DEVICES: [0]
[I 2023-11-29 23:17:27,394] Trial 98 finished with value: 130.74143981933594 and parameters: {'gradient_clip_val': 0.1515950690411465, 'hidden_size': 43, 'dropout': 0.3052966612587828, 'hidden_continuous_size': 17, 'attention_head_size': 4, 'learning_rate': 0.03614258604460889}. Best is trial 65 with value: 104.5140151977539.
LOCAL_RANK: 0 - CUDA_VISIBLE_DEVICES: [0]
[I 2023-11-29 23:17:40,239] Trial 99 finished with value: 123.68780517578125 and parameters: {'gradient_clip_val': 0.13108320898334705, 'hidden_size': 40, 'dropout': 0.28121194377354336, 'hidden_continuous_size': 22, 'attention_head_size': 4, 'learning_rate': 0.0431275730107595}. Best is trial 65 with value: 104.5140151977539.
LOCAL_RANK: 0 - CUDA_VISIBLE_DEVICES: [0]
[I 2023-11-29 23:17:53,155] Trial 100 finished with value: 114.868896484375 and parameters: {'gradient_clip_val': 0.10440075620388027, 'hidden_size': 47, 'dropout': 0.33028363225985014, 'hidden_continuous_size': 14, 'attention_head_size': 4, 'learning_rate': 0.019218150962446126}. Best is trial 65 with value: 104.5140151977539.
LOCAL_RANK: 0 - CUDA_VISIBLE_DEVICES: [0]
[I 2023-11-29 23:18:06,020] Trial 101 finished with value: 109.96927642822266 and parameters: {'gradient_clip_val': 0.12170410615325777, 'hidden_size': 52, 'dropout': 0.3002864888088198, 'hidden_continuous_size': 12, 'attention_head_size': 4, 'learning_rate': 0.027357452506015328}. Best is trial 65 with value: 104.5140151977539.
LOCAL_RANK: 0 - CUDA_VISIBLE_DEVICES: [0]
[I 2023-11-29 23:18:19,009] Trial 102 finished with value: 117.20665740966797 and parameters: {'gradient_clip_val': 0.13994360088976882, 'hidden_size': 49, 'dropout': 0.29992659449437326, 'hidden_continuous_size': 13, 'attention_head_size': 4, 'learning_rate': 0.026690106972132525}. Best is trial 65 with value: 104.5140151977539.
LOCAL_RANK: 0 - CUDA_VISIBLE_DEVICES: [0]
[I 2023-11-29 23:18:31,843] Trial 103 finished with value: 130.84701538085938 and parameters: {'gradient_clip_val': 0.12520471211561088, 'hidden_size': 52, 'dropout': 0.3118331403761964, 'hidden_continuous_size': 11, 'attention_head_size': 4, 'learning_rate': 0.022387098159173235}. Best is trial 65 with value: 104.5140151977539.
LOCAL_RANK: 0 - CUDA_VISIBLE_DEVICES: [0]
[I 2023-11-29 23:18:44,762] Trial 104 finished with value: 117.47329711914062 and parameters: {'gradient_clip_val': 0.1117634062207574, 'hidden_size': 44, 'dropout': 0.3202317061339955, 'hidden_continuous_size': 12, 'attention_head_size': 4, 'learning_rate': 0.016677632399603917}. Best is trial 65 with value: 104.5140151977539.
LOCAL_RANK: 0 - CUDA_VISIBLE_DEVICES: [0]
[I 2023-11-29 23:18:57,536] Trial 105 finished with value: 125.81458282470703 and parameters: {'gradient_clip_val': 0.1234470192753354, 'hidden_size': 40, 'dropout': 0.3078151833087763, 'hidden_continuous_size': 28, 'attention_head_size': 4, 'learning_rate': 0.04664521892064976}. Best is trial 65 with value: 104.5140151977539.
LOCAL_RANK: 0 - CUDA_VISIBLE_DEVICES: [0]
[I 2023-11-29 23:19:10,722] Trial 106 finished with value: 116.1893310546875 and parameters: {'gradient_clip_val': 0.10563042205451764, 'hidden_size': 59, 'dropout': 0.289431744173622, 'hidden_continuous_size': 16, 'attention_head_size': 4, 'learning_rate': 0.038224757667397254}. Best is trial 65 with value: 104.5140151977539.
LOCAL_RANK: 0 - CUDA_VISIBLE_DEVICES: [0]
[I 2023-11-29 23:19:23,619] Trial 107 finished with value: 117.1063461303711 and parameters: {'gradient_clip_val': 0.1398233018777667, 'hidden_size': 47, 'dropout': 0.27482965739882576, 'hidden_continuous_size': 20, 'attention_head_size': 4, 'learning_rate': 0.0204833522072564}. Best is trial 65 with value: 104.5140151977539.
LOCAL_RANK: 0 - CUDA_VISIBLE_DEVICES: [0]
[I 2023-11-29 23:19:36,838] Trial 108 finished with value: 128.25856018066406 and parameters: {'gradient_clip_val': 0.13165069499005885, 'hidden_size': 55, 'dropout': 0.3004581403357338, 'hidden_continuous_size': 23, 'attention_head_size': 4, 'learning_rate': 0.05383896926760742}. Best is trial 65 with value: 104.5140151977539.
LOCAL_RANK: 0 - CUDA_VISIBLE_DEVICES: [0]
[I 2023-11-29 23:19:49,662] Trial 109 finished with value: 171.5380859375 and parameters: {'gradient_clip_val': 0.15527529170388726, 'hidden_size': 45, 'dropout': 0.2614467970804483, 'hidden_continuous_size': 11, 'attention_head_size': 1, 'learning_rate': 0.027696123731059015}. Best is trial 65 with value: 104.5140151977539.
LOCAL_RANK: 0 - CUDA_VISIBLE_DEVICES: [0]
[I 2023-11-29 23:20:02,427] Trial 110 finished with value: 123.365478515625 and parameters: {'gradient_clip_val': 0.11139985784308332, 'hidden_size': 41, 'dropout': 0.28299409048908786, 'hidden_continuous_size': 12, 'attention_head_size': 4, 'learning_rate': 0.024228585176847218}. Best is trial 65 with value: 104.5140151977539.
LOCAL_RANK: 0 - CUDA_VISIBLE_DEVICES: [0]
[I 2023-11-29 23:20:15,393] Trial 111 finished with value: 137.6687774658203 and parameters: {'gradient_clip_val': 0.11918570866815861, 'hidden_size': 56, 'dropout': 0.29047270199088393, 'hidden_continuous_size': 12, 'attention_head_size': 4, 'learning_rate': 0.033110332959385286}. Best is trial 65 with value: 104.5140151977539.
LOCAL_RANK: 0 - CUDA_VISIBLE_DEVICES: [0]
[I 2023-11-29 23:20:28,389] Trial 112 finished with value: 131.343017578125 and parameters: {'gradient_clip_val': 0.11808170651354599, 'hidden_size': 62, 'dropout': 0.29657324447933625, 'hidden_continuous_size': 10, 'attention_head_size': 4, 'learning_rate': 0.02987989705076781}. Best is trial 65 with value: 104.5140151977539.
LOCAL_RANK: 0 - CUDA_VISIBLE_DEVICES: [0]
[I 2023-11-29 23:20:41,494] Trial 113 finished with value: 127.79644775390625 and parameters: {'gradient_clip_val': 0.10013941511312272, 'hidden_size': 68, 'dropout': 0.2746215725906872, 'hidden_continuous_size': 14, 'attention_head_size': 4, 'learning_rate': 0.04243839303382968}. Best is trial 65 with value: 104.5140151977539.
LOCAL_RANK: 0 - CUDA_VISIBLE_DEVICES: [0]
[I 2023-11-29 23:20:54,975] Trial 114 finished with value: 112.583984375 and parameters: {'gradient_clip_val': 0.1143308522181678, 'hidden_size': 60, 'dropout': 0.31559828489072633, 'hidden_continuous_size': 26, 'attention_head_size': 4, 'learning_rate': 0.032744826978300896}. Best is trial 65 with value: 104.5140151977539.
LOCAL_RANK: 0 - CUDA_VISIBLE_DEVICES: [0]
[I 2023-11-29 23:21:08,083] Trial 115 finished with value: 145.10887145996094 and parameters: {'gradient_clip_val': 0.12695903108535747, 'hidden_size': 51, 'dropout': 0.3180516277691786, 'hidden_continuous_size': 25, 'attention_head_size': 4, 'learning_rate': 0.021807976312797808}. Best is trial 65 with value: 104.5140151977539.
LOCAL_RANK: 0 - CUDA_VISIBLE_DEVICES: [0]
[I 2023-11-29 23:21:21,609] Trial 116 finished with value: 138.7336883544922 and parameters: {'gradient_clip_val': 0.10493226709244399, 'hidden_size': 61, 'dropout': 0.3254673726550596, 'hidden_continuous_size': 30, 'attention_head_size': 4, 'learning_rate': 0.03725446086029848}. Best is trial 65 with value: 104.5140151977539.
LOCAL_RANK: 0 - CUDA_VISIBLE_DEVICES: [0]
[I 2023-11-29 23:21:34,365] Trial 117 finished with value: 115.57330322265625 and parameters: {'gradient_clip_val': 0.11043911164046291, 'hidden_size': 37, 'dropout': 0.33729391455457824, 'hidden_continuous_size': 18, 'attention_head_size': 4, 'learning_rate': 0.019240807808258202}. Best is trial 65 with value: 104.5140151977539.
LOCAL_RANK: 0 - CUDA_VISIBLE_DEVICES: [0]
[I 2023-11-29 23:21:47,460] Trial 118 finished with value: 131.6592254638672 and parameters: {'gradient_clip_val': 0.1333558769260552, 'hidden_size': 57, 'dropout': 0.31310310635440064, 'hidden_continuous_size': 13, 'attention_head_size': 4, 'learning_rate': 0.01503632434082248}. Best is trial 65 with value: 104.5140151977539.
LOCAL_RANK: 0 - CUDA_VISIBLE_DEVICES: [0]
[I 2023-11-29 23:22:00,603] Trial 119 finished with value: 118.94549560546875 and parameters: {'gradient_clip_val': 0.11454678698465821, 'hidden_size': 52, 'dropout': 0.30368808312202494, 'hidden_continuous_size': 26, 'attention_head_size': 3, 'learning_rate': 0.025489205073996744}. Best is trial 65 with value: 104.5140151977539.
LOCAL_RANK: 0 - CUDA_VISIBLE_DEVICES: [0]
[I 2023-11-29 23:22:13,557] Trial 120 finished with value: 138.41053771972656 and parameters: {'gradient_clip_val': 0.12284033540397757, 'hidden_size': 47, 'dropout': 0.3490416183757157, 'hidden_continuous_size': 32, 'attention_head_size': 1, 'learning_rate': 0.033727025162112824}. Best is trial 65 with value: 104.5140151977539.
LOCAL_RANK: 0 - CUDA_VISIBLE_DEVICES: [0]
