[I 2023-11-30 11:19:59,296] Trial 92 finished with value: 28.034622192382812 and parameters: {'gradient_clip_val': 0.6439850373678423, 'hidden_size': 59, 'dropout': 0.3812450349469099, 'hidden_continuous_size': 27, 'attention_head_size': 3, 'learning_rate': 0.01489674956185276}. Best is trial 45 with value: 23.25890350341797.
LOCAL_RANK: 0 - CUDA_VISIBLE_DEVICES: [0]
[I 2023-11-30 11:20:12,206] Trial 93 finished with value: 36.10261154174805 and parameters: {'gradient_clip_val': 0.5253964398635775, 'hidden_size': 34, 'dropout': 0.3733793425503596, 'hidden_continuous_size': 26, 'attention_head_size': 3, 'learning_rate': 0.012200323127747303}. Best is trial 45 with value: 23.25890350341797.
LOCAL_RANK: 0 - CUDA_VISIBLE_DEVICES: [0]
[I 2023-11-30 11:20:25,103] Trial 94 finished with value: 26.327302932739258 and parameters: {'gradient_clip_val': 0.7009958602306953, 'hidden_size': 44, 'dropout': 0.3868886089623314, 'hidden_continuous_size': 25, 'attention_head_size': 3, 'learning_rate': 0.01756732014415793}. Best is trial 45 with value: 23.25890350341797.
LOCAL_RANK: 0 - CUDA_VISIBLE_DEVICES: [0]
[I 2023-11-30 11:20:38,553] Trial 95 finished with value: 29.6643123626709 and parameters: {'gradient_clip_val': 0.7441400044233885, 'hidden_size': 67, 'dropout': 0.3508700334197074, 'hidden_continuous_size': 31, 'attention_head_size': 2, 'learning_rate': 0.010503760882692125}. Best is trial 45 with value: 23.25890350341797.
LOCAL_RANK: 0 - CUDA_VISIBLE_DEVICES: [0]
[I 2023-11-30 11:20:51,519] Trial 96 finished with value: 26.152700424194336 and parameters: {'gradient_clip_val': 0.5707795537171684, 'hidden_size': 52, 'dropout': 0.36654526959831196, 'hidden_continuous_size': 23, 'attention_head_size': 3, 'learning_rate': 0.012949027546234684}. Best is trial 45 with value: 23.25890350341797.
LOCAL_RANK: 0 - CUDA_VISIBLE_DEVICES: [0]
[I 2023-11-30 11:21:04,243] Trial 97 finished with value: 26.811201095581055 and parameters: {'gradient_clip_val': 0.6583512541893958, 'hidden_size': 39, 'dropout': 0.395163743254883, 'hidden_continuous_size': 26, 'attention_head_size': 2, 'learning_rate': 0.028904054372662445}. Best is trial 45 with value: 23.25890350341797.
LOCAL_RANK: 0 - CUDA_VISIBLE_DEVICES: [0]
[I 2023-11-30 11:21:17,943] Trial 98 finished with value: 25.57535743713379 and parameters: {'gradient_clip_val': 0.8431400736762208, 'hidden_size': 73, 'dropout': 0.37855127626490653, 'hidden_continuous_size': 19, 'attention_head_size': 3, 'learning_rate': 0.014550080330949814}. Best is trial 45 with value: 23.25890350341797.
LOCAL_RANK: 0 - CUDA_VISIBLE_DEVICES: [0]
[I 2023-11-30 11:21:31,105] Trial 99 finished with value: 25.223352432250977 and parameters: {'gradient_clip_val': 0.5927634128421886, 'hidden_size': 47, 'dropout': 0.33385348592030506, 'hidden_continuous_size': 30, 'attention_head_size': 3, 'learning_rate': 0.018193056613251938}. Best is trial 45 with value: 23.25890350341797.
LOCAL_RANK: 0 - CUDA_VISIBLE_DEVICES: [0]
[I 2023-11-30 11:21:44,368] Trial 100 finished with value: 27.0795955657959 and parameters: {'gradient_clip_val': 0.8059780620878104, 'hidden_size': 62, 'dropout': 0.34534666165372585, 'hidden_continuous_size': 24, 'attention_head_size': 2, 'learning_rate': 0.02531922621094124}. Best is trial 45 with value: 23.25890350341797.
LOCAL_RANK: 0 - CUDA_VISIBLE_DEVICES: [0]
[I 2023-11-30 11:21:57,192] Trial 101 finished with value: 25.190065383911133 and parameters: {'gradient_clip_val': 0.5630408566460114, 'hidden_size': 35, 'dropout': 0.3218767211198814, 'hidden_continuous_size': 20, 'attention_head_size': 3, 'learning_rate': 0.02157264340609111}. Best is trial 45 with value: 23.25890350341797.
LOCAL_RANK: 0 - CUDA_VISIBLE_DEVICES: [0]
[I 2023-11-30 11:22:09,929] Trial 102 finished with value: 25.90030860900879 and parameters: {'gradient_clip_val': 0.6191968115159671, 'hidden_size': 37, 'dropout': 0.28861221468764037, 'hidden_continuous_size': 18, 'attention_head_size': 3, 'learning_rate': 0.016706663772439487}. Best is trial 45 with value: 23.25890350341797.
LOCAL_RANK: 0 - CUDA_VISIBLE_DEVICES: [0]
[I 2023-11-30 11:22:23,046] Trial 103 finished with value: 27.295019149780273 and parameters: {'gradient_clip_val': 0.5435902519587216, 'hidden_size': 42, 'dropout': 0.3064682121118663, 'hidden_continuous_size': 21, 'attention_head_size': 3, 'learning_rate': 0.03380632153801227}. Best is trial 45 with value: 23.25890350341797.
LOCAL_RANK: 0 - CUDA_VISIBLE_DEVICES: [0]
[I 2023-11-30 11:22:35,909] Trial 104 finished with value: 25.12642478942871 and parameters: {'gradient_clip_val': 0.5075129001270533, 'hidden_size': 38, 'dropout': 0.31423624467000877, 'hidden_continuous_size': 28, 'attention_head_size': 3, 'learning_rate': 0.02232368394593238}. Best is trial 45 with value: 23.25890350341797.
LOCAL_RANK: 0 - CUDA_VISIBLE_DEVICES: [0]
[I 2023-11-30 11:22:49,145] Trial 105 finished with value: 37.291011810302734 and parameters: {'gradient_clip_val': 0.47115260903730255, 'hidden_size': 57, 'dropout': 0.39843133757793947, 'hidden_continuous_size': 22, 'attention_head_size': 3, 'learning_rate': 0.020022870039246583}. Best is trial 45 with value: 23.25890350341797.
LOCAL_RANK: 0 - CUDA_VISIBLE_DEVICES: [0]
[I 2023-11-30 11:23:01,956] Trial 106 finished with value: 27.678979873657227 and parameters: {'gradient_clip_val': 0.7147293809741775, 'hidden_size': 34, 'dropout': 0.36269511774229535, 'hidden_continuous_size': 17, 'attention_head_size': 4, 'learning_rate': 0.029283808608166633}. Best is trial 45 with value: 23.25890350341797.
LOCAL_RANK: 0 - CUDA_VISIBLE_DEVICES: [0]
[I 2023-11-30 11:23:15,139] Trial 107 finished with value: 26.07501792907715 and parameters: {'gradient_clip_val': 0.43582721005332603, 'hidden_size': 54, 'dropout': 0.27125847649551876, 'hidden_continuous_size': 25, 'attention_head_size': 3, 'learning_rate': 0.02450724443368757}. Best is trial 45 with value: 23.25890350341797.
LOCAL_RANK: 0 - CUDA_VISIBLE_DEVICES: [0]
[I 2023-11-30 11:23:28,288] Trial 108 finished with value: 27.35758399963379 and parameters: {'gradient_clip_val': 0.6763111704590606, 'hidden_size': 49, 'dropout': 0.38546106562172, 'hidden_continuous_size': 21, 'attention_head_size': 2, 'learning_rate': 0.010117420528612092}. Best is trial 45 with value: 23.25890350341797.
LOCAL_RANK: 0 - CUDA_VISIBLE_DEVICES: [0]
[I 2023-11-30 11:23:41,025] Trial 109 finished with value: 28.988481521606445 and parameters: {'gradient_clip_val': 0.9592038431620771, 'hidden_size': 40, 'dropout': 0.37719058485258056, 'hidden_continuous_size': 27, 'attention_head_size': 3, 'learning_rate': 0.012126115422059536}. Best is trial 45 with value: 23.25890350341797.
LOCAL_RANK: 0 - CUDA_VISIBLE_DEVICES: [0]
[I 2023-11-30 11:23:53,831] Trial 110 finished with value: 26.555620193481445 and parameters: {'gradient_clip_val': 0.5432351073416827, 'hidden_size': 45, 'dropout': 0.29702200424400826, 'hidden_continuous_size': 20, 'attention_head_size': 1, 'learning_rate': 0.015957150406476075}. Best is trial 45 with value: 23.25890350341797.
LOCAL_RANK: 0 - CUDA_VISIBLE_DEVICES: [0]
[I 2023-11-30 11:24:07,381] Trial 111 finished with value: 29.678991317749023 and parameters: {'gradient_clip_val': 0.8963989908292852, 'hidden_size': 69, 'dropout': 0.3312275986613348, 'hidden_continuous_size': 34, 'attention_head_size': 3, 'learning_rate': 0.018941800079432712}. Best is trial 45 with value: 23.25890350341797.
LOCAL_RANK: 0 - CUDA_VISIBLE_DEVICES: [0]
[I 2023-11-30 11:24:20,623] Trial 112 finished with value: 26.724388122558594 and parameters: {'gradient_clip_val': 0.9507246747073508, 'hidden_size': 64, 'dropout': 0.3345522254523363, 'hidden_continuous_size': 31, 'attention_head_size': 3, 'learning_rate': 0.013884779484607425}. Best is trial 45 with value: 23.25890350341797.
LOCAL_RANK: 0 - CUDA_VISIBLE_DEVICES: [0]
[I 2023-11-30 11:24:34,133] Trial 113 finished with value: 24.57151222229004 and parameters: {'gradient_clip_val': 0.9821254138004053, 'hidden_size': 58, 'dropout': 0.32533001989972965, 'hidden_continuous_size': 30, 'attention_head_size': 3, 'learning_rate': 0.01806178880783884}. Best is trial 45 with value: 23.25890350341797.
LOCAL_RANK: 0 - CUDA_VISIBLE_DEVICES: [0]
[I 2023-11-30 11:24:47,176] Trial 114 finished with value: 28.475492477416992 and parameters: {'gradient_clip_val': 0.8661365833032039, 'hidden_size': 50, 'dropout': 0.3188954777147601, 'hidden_continuous_size': 28, 'attention_head_size': 3, 'learning_rate': 0.017369859286407986}. Best is trial 45 with value: 23.25890350341797.
LOCAL_RANK: 0 - CUDA_VISIBLE_DEVICES: [0]
[I 2023-11-30 11:25:00,409] Trial 115 finished with value: 24.24796485900879 and parameters: {'gradient_clip_val': 0.985088942662003, 'hidden_size': 60, 'dropout': 0.343350092210861, 'hidden_continuous_size': 23, 'attention_head_size': 3, 'learning_rate': 0.027027678706375548}. Best is trial 45 with value: 23.25890350341797.
LOCAL_RANK: 0 - CUDA_VISIBLE_DEVICES: [0]
[I 2023-11-30 11:25:13,724] Trial 116 finished with value: 25.36572265625 and parameters: {'gradient_clip_val': 0.917652564312873, 'hidden_size': 57, 'dropout': 0.3435199010571487, 'hidden_continuous_size': 29, 'attention_head_size': 3, 'learning_rate': 0.026431916403759383}. Best is trial 45 with value: 23.25890350341797.
LOCAL_RANK: 0 - CUDA_VISIBLE_DEVICES: [0]
[I 2023-11-30 11:25:26,922] Trial 117 finished with value: 25.86771583557129 and parameters: {'gradient_clip_val': 0.9977779055030627, 'hidden_size': 60, 'dropout': 0.32474960424633337, 'hidden_continuous_size': 30, 'attention_head_size': 3, 'learning_rate': 0.040385808577355964}. Best is trial 45 with value: 23.25890350341797.
LOCAL_RANK: 0 - CUDA_VISIBLE_DEVICES: [0]
[I 2023-11-30 11:25:40,082] Trial 118 finished with value: 24.52655601501465 and parameters: {'gradient_clip_val': 0.8104675644832166, 'hidden_size': 52, 'dropout': 0.34047607019116394, 'hidden_continuous_size': 24, 'attention_head_size': 2, 'learning_rate': 0.03343362214313459}. Best is trial 45 with value: 23.25890350341797.
LOCAL_RANK: 0 - CUDA_VISIBLE_DEVICES: [0]
[I 2023-11-30 11:25:52,974] Trial 119 finished with value: 25.04378318786621 and parameters: {'gradient_clip_val': 0.8103806291239121, 'hidden_size': 53, 'dropout': 0.3580735871058904, 'hidden_continuous_size': 24, 'attention_head_size': 2, 'learning_rate': 0.04569479859595801}. Best is trial 45 with value: 23.25890350341797.
LOCAL_RANK: 0 - CUDA_VISIBLE_DEVICES: [0]
[I 2023-11-30 11:26:05,798] Trial 120 finished with value: 25.0500431060791 and parameters: {'gradient_clip_val': 0.8859639230463935, 'hidden_size': 47, 'dropout': 0.32763651559367446, 'hidden_continuous_size': 23, 'attention_head_size': 2, 'learning_rate': 0.03199981348202473}. Best is trial 45 with value: 23.25890350341797.
LOCAL_RANK: 0 - CUDA_VISIBLE_DEVICES: [0]
[I 2023-11-30 11:26:19,102] Trial 121 finished with value: 23.671499252319336 and parameters: {'gradient_clip_val': 0.7857299404627742, 'hidden_size': 65, 'dropout': 0.33816151270096495, 'hidden_continuous_size': 24, 'attention_head_size': 2, 'learning_rate': 0.03456780150767179}. Best is trial 45 with value: 23.25890350341797.
LOCAL_RANK: 0 - CUDA_VISIBLE_DEVICES: [0]
[I 2023-11-30 11:26:32,501] Trial 122 finished with value: 29.153793334960938 and parameters: {'gradient_clip_val': 0.7729653061309342, 'hidden_size': 71, 'dropout': 0.3503497840385574, 'hidden_continuous_size': 22, 'attention_head_size': 2, 'learning_rate': 0.03410624955059504}. Best is trial 45 with value: 23.25890350341797.
LOCAL_RANK: 0 - CUDA_VISIBLE_DEVICES: [0]
[I 2023-11-30 11:26:45,868] Trial 123 finished with value: 25.09264373779297 and parameters: {'gradient_clip_val': 0.9405699329742213, 'hidden_size': 65, 'dropout': 0.3451373940129539, 'hidden_continuous_size': 24, 'attention_head_size': 2, 'learning_rate': 0.02773157351094445}. Best is trial 45 with value: 23.25890350341797.
LOCAL_RANK: 0 - CUDA_VISIBLE_DEVICES: [0]
[I 2023-11-30 11:26:58,876] Trial 124 finished with value: 27.37849998474121 and parameters: {'gradient_clip_val': 0.8300313569063714, 'hidden_size': 60, 'dropout': 0.333493099163614, 'hidden_continuous_size': 25, 'attention_head_size': 2, 'learning_rate': 0.02973081276200574}. Best is trial 45 with value: 23.25890350341797.
LOCAL_RANK: 0 - CUDA_VISIBLE_DEVICES: [0]
[I 2023-11-30 11:27:12,010] Trial 125 finished with value: 29.572601318359375 and parameters: {'gradient_clip_val': 0.8702332198186529, 'hidden_size': 51, 'dropout': 0.3388421943686298, 'hidden_continuous_size': 27, 'attention_head_size': 2, 'learning_rate': 0.024030517895165564}. Best is trial 45 with value: 23.25890350341797.
LOCAL_RANK: 0 - CUDA_VISIBLE_DEVICES: [0]
[I 2023-11-30 11:27:25,391] Trial 126 finished with value: 25.751663208007812 and parameters: {'gradient_clip_val': 0.9774235780225202, 'hidden_size': 77, 'dropout': 0.34111000747805875, 'hidden_continuous_size': 23, 'attention_head_size': 2, 'learning_rate': 0.03487711654282189}. Best is trial 45 with value: 23.25890350341797.
LOCAL_RANK: 0 - CUDA_VISIBLE_DEVICES: [0]
[I 2023-11-30 11:27:38,844] Trial 127 finished with value: 25.742773056030273 and parameters: {'gradient_clip_val': 0.9090701500413644, 'hidden_size': 66, 'dropout': 0.35434426725773577, 'hidden_continuous_size': 33, 'attention_head_size': 2, 'learning_rate': 0.038781733066451454}. Best is trial 45 with value: 23.25890350341797.
LOCAL_RANK: 0 - CUDA_VISIBLE_DEVICES: [0]
[I 2023-11-30 11:27:52,017] Trial 128 finished with value: 24.779329299926758 and parameters: {'gradient_clip_val': 0.7434919920745785, 'hidden_size': 55, 'dropout': 0.21787976495041725, 'hidden_continuous_size': 24, 'attention_head_size': 2, 'learning_rate': 0.04409672195851312}. Best is trial 45 with value: 23.25890350341797.
LOCAL_RANK: 0 - CUDA_VISIBLE_DEVICES: [0]
[I 2023-11-30 11:28:05,096] Trial 129 finished with value: 32.00747299194336 and parameters: {'gradient_clip_val': 0.7526252149204822, 'hidden_size': 55, 'dropout': 0.2205701425416239, 'hidden_continuous_size': 24, 'attention_head_size': 2, 'learning_rate': 0.04903596952027533}. Best is trial 45 with value: 23.25890350341797.
LOCAL_RANK: 0 - CUDA_VISIBLE_DEVICES: [0]
[I 2023-11-30 11:28:18,527] Trial 130 finished with value: 25.75409507751465 and parameters: {'gradient_clip_val': 0.7853763054165394, 'hidden_size': 62, 'dropout': 0.3186241424018779, 'hidden_continuous_size': 26, 'attention_head_size': 2, 'learning_rate': 0.04313733024167069}. Best is trial 45 with value: 23.25890350341797.
LOCAL_RANK: 0 - CUDA_VISIBLE_DEVICES: [0]
[I 2023-11-30 11:28:31,470] Trial 131 finished with value: 29.719833374023438 and parameters: {'gradient_clip_val': 0.8299734210945622, 'hidden_size': 55, 'dropout': 0.3102304249939923, 'hidden_continuous_size': 22, 'attention_head_size': 2, 'learning_rate': 0.056646526192489076}. Best is trial 45 with value: 23.25890350341797.
LOCAL_RANK: 0 - CUDA_VISIBLE_DEVICES: [0]
[I 2023-11-30 11:28:44,274] Trial 132 finished with value: 27.924850463867188 and parameters: {'gradient_clip_val': 0.71577779804739, 'hidden_size': 45, 'dropout': 0.3288472184613074, 'hidden_continuous_size': 23, 'attention_head_size': 2, 'learning_rate': 0.03960745122940439}. Best is trial 45 with value: 23.25890350341797.
LOCAL_RANK: 0 - CUDA_VISIBLE_DEVICES: [0]
[I 2023-11-30 11:28:57,560] Trial 133 finished with value: 28.76007652282715 and parameters: {'gradient_clip_val': 0.9957850853260186, 'hidden_size': 59, 'dropout': 0.22941413475680797, 'hidden_continuous_size': 25, 'attention_head_size': 2, 'learning_rate': 0.06362179844064685}. Best is trial 45 with value: 23.25890350341797.
LOCAL_RANK: 0 - CUDA_VISIBLE_DEVICES: [0]
[I 2023-11-30 11:29:10,894] Trial 134 finished with value: 26.699806213378906 and parameters: {'gradient_clip_val': 0.7402946767717153, 'hidden_size': 68, 'dropout': 0.2379022919184867, 'hidden_continuous_size': 28, 'attention_head_size': 2, 'learning_rate': 0.044221019739884314}. Best is trial 45 with value: 23.25890350341797.
LOCAL_RANK: 0 - CUDA_VISIBLE_DEVICES: [0]
[I 2023-11-30 11:29:23,826] Trial 135 finished with value: 25.789215087890625 and parameters: {'gradient_clip_val': 0.8603159879199523, 'hidden_size': 51, 'dropout': 0.2560009613127147, 'hidden_continuous_size': 24, 'attention_head_size': 2, 'learning_rate': 0.036255095849301616}. Best is trial 45 with value: 23.25890350341797.
LOCAL_RANK: 0 - CUDA_VISIBLE_DEVICES: [0]
[I 2023-11-30 11:29:36,650] Trial 136 finished with value: 25.95414161682129 and parameters: {'gradient_clip_val': 0.9371345262128865, 'hidden_size': 48, 'dropout': 0.210958351334539, 'hidden_continuous_size': 23, 'attention_head_size': 2, 'learning_rate': 0.03251195249967539}. Best is trial 45 with value: 23.25890350341797.
LOCAL_RANK: 0 - CUDA_VISIBLE_DEVICES: [0]
[I 2023-11-30 11:29:50,135] Trial 137 finished with value: 26.731592178344727 and parameters: {'gradient_clip_val': 0.3454905259835997, 'hidden_size': 74, 'dropout': 0.3492434394718822, 'hidden_continuous_size': 21, 'attention_head_size': 2, 'learning_rate': 0.02075563888383358}. Best is trial 45 with value: 23.25890350341797.
LOCAL_RANK: 0 - CUDA_VISIBLE_DEVICES: [0]
[I 2023-11-30 11:30:03,198] Trial 138 finished with value: 29.771133422851562 and parameters: {'gradient_clip_val': 0.7962064847681923, 'hidden_size': 42, 'dropout': 0.1961602282522167, 'hidden_continuous_size': 25, 'attention_head_size': 2, 'learning_rate': 0.028701939337057187}. Best is trial 45 with value: 23.25890350341797.
LOCAL_RANK: 0 - CUDA_VISIBLE_DEVICES: [0]
[I 2023-11-30 11:30:16,442] Trial 139 finished with value: 28.683374404907227 and parameters: {'gradient_clip_val': 0.9077500764945988, 'hidden_size': 62, 'dropout': 0.3664741395851799, 'hidden_continuous_size': 26, 'attention_head_size': 3, 'learning_rate': 0.03731117369976609}. Best is trial 45 with value: 23.25890350341797.
LOCAL_RANK: 0 - CUDA_VISIBLE_DEVICES: [0]
[I 2023-11-30 11:30:29,700] Trial 140 finished with value: 25.90577507019043 and parameters: {'gradient_clip_val': 0.8441486459816258, 'hidden_size': 53, 'dropout': 0.3385177127068487, 'hidden_continuous_size': 27, 'attention_head_size': 3, 'learning_rate': 0.022987578666381698}. Best is trial 45 with value: 23.25890350341797.
LOCAL_RANK: 0 - CUDA_VISIBLE_DEVICES: [0]
[I 2023-11-30 11:30:43,100] Trial 141 finished with value: 25.15485191345215 and parameters: {'gradient_clip_val': 0.6478760220604483, 'hidden_size': 57, 'dropout': 0.3938041248344296, 'hidden_continuous_size': 26, 'attention_head_size': 3, 'learning_rate': 0.01865746083124825}. Best is trial 45 with value: 23.25890350341797.
LOCAL_RANK: 0 - CUDA_VISIBLE_DEVICES: [0]
[I 2023-11-30 11:30:56,447] Trial 142 finished with value: 25.782724380493164 and parameters: {'gradient_clip_val': 0.6978862881240753, 'hidden_size': 58, 'dropout': 0.38722283599290025, 'hidden_continuous_size': 25, 'attention_head_size': 3, 'learning_rate': 0.026019797556801748}. Best is trial 45 with value: 23.25890350341797.
LOCAL_RANK: 0 - CUDA_VISIBLE_DEVICES: [0]
[I 2023-11-30 11:31:09,670] Trial 143 finished with value: 24.1779842376709 and parameters: {'gradient_clip_val': 0.6111200405234097, 'hidden_size': 50, 'dropout': 0.22400601126817155, 'hidden_continuous_size': 24, 'attention_head_size': 3, 'learning_rate': 0.09922511277905627}. Best is trial 45 with value: 23.25890350341797.
LOCAL_RANK: 0 - CUDA_VISIBLE_DEVICES: [0]
[I 2023-11-30 11:31:22,522] Trial 144 finished with value: 28.341588973999023 and parameters: {'gradient_clip_val': 0.7362661602986798, 'hidden_size': 44, 'dropout': 0.2231051442856291, 'hidden_continuous_size': 24, 'attention_head_size': 3, 'learning_rate': 0.09761996651933329}. Best is trial 45 with value: 23.25890350341797.
LOCAL_RANK: 0 - CUDA_VISIBLE_DEVICES: [0]
[I 2023-11-30 11:31:35,557] Trial 145 finished with value: 25.857118606567383 and parameters: {'gradient_clip_val': 0.6258847251504369, 'hidden_size': 49, 'dropout': 0.23549662343000588, 'hidden_continuous_size': 23, 'attention_head_size': 3, 'learning_rate': 0.07770181851399464}. Best is trial 45 with value: 23.25890350341797.
LOCAL_RANK: 0 - CUDA_VISIBLE_DEVICES: [0]
[I 2023-11-30 11:31:48,071] Trial 146 finished with value: 25.21708106994629 and parameters: {'gradient_clip_val': 0.9560520866103145, 'hidden_size': 28, 'dropout': 0.21667156622511674, 'hidden_continuous_size': 24, 'attention_head_size': 4, 'learning_rate': 0.0820701177247594}. Best is trial 45 with value: 23.25890350341797.
LOCAL_RANK: 0 - CUDA_VISIBLE_DEVICES: [0]
[I 2023-11-30 11:32:01,165] Trial 147 finished with value: 25.390989303588867 and parameters: {'gradient_clip_val': 0.7700254246656378, 'hidden_size': 52, 'dropout': 0.24337038031287933, 'hidden_continuous_size': 22, 'attention_head_size': 3, 'learning_rate': 0.06723759864658906}. Best is trial 45 with value: 23.25890350341797.
LOCAL_RANK: 0 - CUDA_VISIBLE_DEVICES: [0]
[I 2023-11-30 11:32:14,504] Trial 148 finished with value: 34.590370178222656 and parameters: {'gradient_clip_val': 0.6781456286076374, 'hidden_size': 64, 'dropout': 0.3023772544131239, 'hidden_continuous_size': 19, 'attention_head_size': 2, 'learning_rate': 0.08809520046421962}. Best is trial 45 with value: 23.25890350341797.
LOCAL_RANK: 0 - CUDA_VISIBLE_DEVICES: [0]
[I 2023-11-30 11:32:27,473] Trial 149 finished with value: 26.20012855529785 and parameters: {'gradient_clip_val': 0.6067327304556287, 'hidden_size': 47, 'dropout': 0.23348642806439962, 'hidden_continuous_size': 22, 'attention_head_size': 3, 'learning_rate': 0.04806686950826304}. Best is trial 45 with value: 23.25890350341797.
[I 2023-11-30 11:32:27,583] A new study created in memory with name: no-name-a98851ac-40e9-4e9c-a696-7bdb50d31ceb
/home/le004/conda/anaconda3/envs/tsff_env/lib/python3.9/site-packages/lightning/fabric/plugins/environments/slurm.py:191: The `srun` command is available on your system but is not used. HINT: If your intention is to run Lightning on SLURM, prepend your python command with `srun` like so: srun python /home/le004/master_thesis/git/TSFusionForecast/code/ ...
LOCAL_RANK: 0 - CUDA_VISIBLE_DEVICES: [0]
