[I 2023-11-30 05:21:44,786] Trial 108 finished with value: 36.4079704284668 and parameters: {'gradient_clip_val': 0.1753932201278086, 'hidden_size': 144, 'dropout': 0.38254378632680414, 'hidden_continuous_size': 35, 'attention_head_size': 2, 'learning_rate': 0.014145482192208458}. Best is trial 51 with value: 25.17955207824707.
LOCAL_RANK: 0 - CUDA_VISIBLE_DEVICES: [0]
[I 2023-11-30 05:21:58,577] Trial 109 finished with value: 32.9821662902832 and parameters: {'gradient_clip_val': 0.15041782300323428, 'hidden_size': 122, 'dropout': 0.3997888564247621, 'hidden_continuous_size': 30, 'attention_head_size': 2, 'learning_rate': 0.01872972679388484}. Best is trial 51 with value: 25.17955207824707.
LOCAL_RANK: 0 - CUDA_VISIBLE_DEVICES: [0]
[I 2023-11-30 05:22:12,789] Trial 110 finished with value: 40.1125373840332 and parameters: {'gradient_clip_val': 0.13577379251991067, 'hidden_size': 150, 'dropout': 0.34470291918122165, 'hidden_continuous_size': 20, 'attention_head_size': 2, 'learning_rate': 0.01111330041903333}. Best is trial 51 with value: 25.17955207824707.
LOCAL_RANK: 0 - CUDA_VISIBLE_DEVICES: [0]
[I 2023-11-30 05:22:26,775] Trial 111 finished with value: 30.416961669921875 and parameters: {'gradient_clip_val': 0.21471180358014014, 'hidden_size': 131, 'dropout': 0.3877514208279142, 'hidden_continuous_size': 18, 'attention_head_size': 2, 'learning_rate': 0.01873803774517629}. Best is trial 51 with value: 25.17955207824707.
LOCAL_RANK: 0 - CUDA_VISIBLE_DEVICES: [0]
[I 2023-11-30 05:22:40,669] Trial 112 finished with value: 33.17058181762695 and parameters: {'gradient_clip_val': 0.199655912072317, 'hidden_size': 126, 'dropout': 0.37803460992994914, 'hidden_continuous_size': 22, 'attention_head_size': 2, 'learning_rate': 0.017355190849764023}. Best is trial 51 with value: 25.17955207824707.
LOCAL_RANK: 0 - CUDA_VISIBLE_DEVICES: [0]
[I 2023-11-30 05:22:54,789] Trial 113 finished with value: 38.75598907470703 and parameters: {'gradient_clip_val': 0.18979515742817277, 'hidden_size': 114, 'dropout': 0.3886426517896619, 'hidden_continuous_size': 27, 'attention_head_size': 2, 'learning_rate': 0.021711564571389026}. Best is trial 51 with value: 25.17955207824707.
LOCAL_RANK: 0 - CUDA_VISIBLE_DEVICES: [0]
[I 2023-11-30 05:23:08,304] Trial 114 finished with value: 32.72187042236328 and parameters: {'gradient_clip_val': 0.23256523737645857, 'hidden_size': 106, 'dropout': 0.37340457254852427, 'hidden_continuous_size': 14, 'attention_head_size': 2, 'learning_rate': 0.012619527691216539}. Best is trial 51 with value: 25.17955207824707.
LOCAL_RANK: 0 - CUDA_VISIBLE_DEVICES: [0]
[I 2023-11-30 05:23:21,953] Trial 115 finished with value: 28.746225357055664 and parameters: {'gradient_clip_val': 0.21929054848582952, 'hidden_size': 128, 'dropout': 0.3925767821411204, 'hidden_continuous_size': 17, 'attention_head_size': 2, 'learning_rate': 0.015813795206162735}. Best is trial 51 with value: 25.17955207824707.
LOCAL_RANK: 0 - CUDA_VISIBLE_DEVICES: [0]
[I 2023-11-30 05:23:35,843] Trial 116 finished with value: 30.10992431640625 and parameters: {'gradient_clip_val': 0.21140179002407922, 'hidden_size': 136, 'dropout': 0.3709476149256037, 'hidden_continuous_size': 19, 'attention_head_size': 2, 'learning_rate': 0.035258202936798995}. Best is trial 51 with value: 25.17955207824707.
LOCAL_RANK: 0 - CUDA_VISIBLE_DEVICES: [0]
[I 2023-11-30 05:23:49,311] Trial 117 finished with value: 29.913482666015625 and parameters: {'gradient_clip_val': 0.1792756415856788, 'hidden_size': 82, 'dropout': 0.38531814921035407, 'hidden_continuous_size': 25, 'attention_head_size': 2, 'learning_rate': 0.02995928505985243}. Best is trial 51 with value: 25.17955207824707.
LOCAL_RANK: 0 - CUDA_VISIBLE_DEVICES: [0]
[I 2023-11-30 05:24:02,911] Trial 118 finished with value: 29.1621036529541 and parameters: {'gradient_clip_val': 0.34046414862357915, 'hidden_size': 92, 'dropout': 0.35123277796026636, 'hidden_continuous_size': 23, 'attention_head_size': 2, 'learning_rate': 0.026005743011351574}. Best is trial 51 with value: 25.17955207824707.
LOCAL_RANK: 0 - CUDA_VISIBLE_DEVICES: [0]
[I 2023-11-30 05:24:16,347] Trial 119 finished with value: 33.60744094848633 and parameters: {'gradient_clip_val': 0.28415383816412315, 'hidden_size': 103, 'dropout': 0.36668181655190957, 'hidden_continuous_size': 13, 'attention_head_size': 2, 'learning_rate': 0.014090180505999311}. Best is trial 51 with value: 25.17955207824707.
LOCAL_RANK: 0 - CUDA_VISIBLE_DEVICES: [0]
[I 2023-11-30 05:24:30,609] Trial 120 finished with value: 31.017038345336914 and parameters: {'gradient_clip_val': 0.17174578250000194, 'hidden_size': 141, 'dropout': 0.37857814685477786, 'hidden_continuous_size': 15, 'attention_head_size': 4, 'learning_rate': 0.04918268867942638}. Best is trial 51 with value: 25.17955207824707.
LOCAL_RANK: 0 - CUDA_VISIBLE_DEVICES: [0]
[I 2023-11-30 05:24:44,050] Trial 121 finished with value: 30.682878494262695 and parameters: {'gradient_clip_val': 0.18782170012138052, 'hidden_size': 100, 'dropout': 0.368632622162043, 'hidden_continuous_size': 19, 'attention_head_size': 2, 'learning_rate': 0.016000329054897438}. Best is trial 51 with value: 25.17955207824707.
LOCAL_RANK: 0 - CUDA_VISIBLE_DEVICES: [0]
[I 2023-11-30 05:24:57,531] Trial 122 finished with value: 31.69782257080078 and parameters: {'gradient_clip_val': 0.1572288916641709, 'hidden_size': 95, 'dropout': 0.39496495931786674, 'hidden_continuous_size': 18, 'attention_head_size': 2, 'learning_rate': 0.01795933957095201}. Best is trial 51 with value: 25.17955207824707.
LOCAL_RANK: 0 - CUDA_VISIBLE_DEVICES: [0]
[I 2023-11-30 05:25:11,477] Trial 123 finished with value: 30.62886619567871 and parameters: {'gradient_clip_val': 0.1857635319605108, 'hidden_size': 110, 'dropout': 0.3576677861493931, 'hidden_continuous_size': 21, 'attention_head_size': 2, 'learning_rate': 0.023866344053679135}. Best is trial 51 with value: 25.17955207824707.
LOCAL_RANK: 0 - CUDA_VISIBLE_DEVICES: [0]
[I 2023-11-30 05:25:25,449] Trial 124 finished with value: 30.233312606811523 and parameters: {'gradient_clip_val': 0.31045740952897755, 'hidden_size': 119, 'dropout': 0.38758872048146265, 'hidden_continuous_size': 20, 'attention_head_size': 2, 'learning_rate': 0.014925765986771694}. Best is trial 51 with value: 25.17955207824707.
LOCAL_RANK: 0 - CUDA_VISIBLE_DEVICES: [0]
[I 2023-11-30 05:25:39,360] Trial 125 finished with value: 29.215566635131836 and parameters: {'gradient_clip_val': 0.2019638535300714, 'hidden_size': 127, 'dropout': 0.3995109789418325, 'hidden_continuous_size': 16, 'attention_head_size': 2, 'learning_rate': 0.011817642543307883}. Best is trial 51 with value: 25.17955207824707.
LOCAL_RANK: 0 - CUDA_VISIBLE_DEVICES: [0]
[I 2023-11-30 05:25:53,196] Trial 126 finished with value: 28.085065841674805 and parameters: {'gradient_clip_val': 0.1651423485730854, 'hidden_size': 115, 'dropout': 0.3720207195130019, 'hidden_continuous_size': 29, 'attention_head_size': 2, 'learning_rate': 0.019961949086426664}. Best is trial 51 with value: 25.17955207824707.
LOCAL_RANK: 0 - CUDA_VISIBLE_DEVICES: [0]
[I 2023-11-30 05:26:07,054] Trial 127 finished with value: 28.936128616333008 and parameters: {'gradient_clip_val': 0.16712362538789455, 'hidden_size': 116, 'dropout': 0.382155058253959, 'hidden_continuous_size': 29, 'attention_head_size': 2, 'learning_rate': 0.02059694045430834}. Best is trial 51 with value: 25.17955207824707.
LOCAL_RANK: 0 - CUDA_VISIBLE_DEVICES: [0]
[I 2023-11-30 05:26:21,183] Trial 128 finished with value: 31.957992553710938 and parameters: {'gradient_clip_val': 0.1415404325507506, 'hidden_size': 132, 'dropout': 0.3756061642639695, 'hidden_continuous_size': 33, 'attention_head_size': 2, 'learning_rate': 0.022314151330297134}. Best is trial 51 with value: 25.17955207824707.
LOCAL_RANK: 0 - CUDA_VISIBLE_DEVICES: [0]
[I 2023-11-30 05:26:34,905] Trial 129 finished with value: 30.321077346801758 and parameters: {'gradient_clip_val': 0.1488685724702325, 'hidden_size': 110, 'dropout': 0.3928754183342739, 'hidden_continuous_size': 28, 'attention_head_size': 2, 'learning_rate': 0.04335757173168897}. Best is trial 51 with value: 25.17955207824707.
LOCAL_RANK: 0 - CUDA_VISIBLE_DEVICES: [0]
[I 2023-11-30 05:26:48,879] Trial 130 finished with value: 29.04654884338379 and parameters: {'gradient_clip_val': 0.23369445528261037, 'hidden_size': 123, 'dropout': 0.3613270419635221, 'hidden_continuous_size': 31, 'attention_head_size': 2, 'learning_rate': 0.01933259885326371}. Best is trial 51 with value: 25.17955207824707.
LOCAL_RANK: 0 - CUDA_VISIBLE_DEVICES: [0]
[I 2023-11-30 05:27:02,509] Trial 131 finished with value: 30.882766723632812 and parameters: {'gradient_clip_val': 0.17986929711066657, 'hidden_size': 97, 'dropout': 0.3713704137576568, 'hidden_continuous_size': 24, 'attention_head_size': 2, 'learning_rate': 0.013236330411754553}. Best is trial 51 with value: 25.17955207824707.
LOCAL_RANK: 0 - CUDA_VISIBLE_DEVICES: [0]
[I 2023-11-30 05:27:16,011] Trial 132 finished with value: 29.519086837768555 and parameters: {'gradient_clip_val': 0.16470547640779715, 'hidden_size': 87, 'dropout': 0.386121506319891, 'hidden_continuous_size': 27, 'attention_head_size': 2, 'learning_rate': 0.01636545304944359}. Best is trial 51 with value: 25.17955207824707.
LOCAL_RANK: 0 - CUDA_VISIBLE_DEVICES: [0]
[I 2023-11-30 05:27:29,830] Trial 133 finished with value: 38.92171096801758 and parameters: {'gradient_clip_val': 0.2541284735166053, 'hidden_size': 104, 'dropout': 0.33362091045159475, 'hidden_continuous_size': 22, 'attention_head_size': 2, 'learning_rate': 0.010327971169983935}. Best is trial 51 with value: 25.17955207824707.
LOCAL_RANK: 0 - CUDA_VISIBLE_DEVICES: [0]
[I 2023-11-30 05:27:43,106] Trial 134 finished with value: 33.079856872558594 and parameters: {'gradient_clip_val': 0.15532020029197463, 'hidden_size': 97, 'dropout': 0.3680357515169502, 'hidden_continuous_size': 12, 'attention_head_size': 2, 'learning_rate': 0.0176902643638109}. Best is trial 51 with value: 25.17955207824707.
LOCAL_RANK: 0 - CUDA_VISIBLE_DEVICES: [0]
[I 2023-11-30 05:27:56,925] Trial 135 finished with value: 29.940053939819336 and parameters: {'gradient_clip_val': 0.2675269813218657, 'hidden_size': 116, 'dropout': 0.3542228155620589, 'hidden_continuous_size': 38, 'attention_head_size': 2, 'learning_rate': 0.01505202295597259}. Best is trial 51 with value: 25.17955207824707.
LOCAL_RANK: 0 - CUDA_VISIBLE_DEVICES: [0]
[I 2023-11-30 05:28:10,327] Trial 136 finished with value: 38.570899963378906 and parameters: {'gradient_clip_val': 0.17308807664325948, 'hidden_size': 70, 'dropout': 0.39160937509583926, 'hidden_continuous_size': 25, 'attention_head_size': 2, 'learning_rate': 0.01234450051969729}. Best is trial 51 with value: 25.17955207824707.
LOCAL_RANK: 0 - CUDA_VISIBLE_DEVICES: [0]
[I 2023-11-30 05:28:24,277] Trial 137 finished with value: 38.61156463623047 and parameters: {'gradient_clip_val': 0.19114348148338386, 'hidden_size': 144, 'dropout': 0.3822576381862948, 'hidden_continuous_size': 15, 'attention_head_size': 2, 'learning_rate': 0.05443614142146116}. Best is trial 51 with value: 25.17955207824707.
LOCAL_RANK: 0 - CUDA_VISIBLE_DEVICES: [0]
[I 2023-11-30 05:28:37,035] Trial 138 finished with value: 30.046632766723633 and parameters: {'gradient_clip_val': 0.12919318244163555, 'hidden_size': 34, 'dropout': 0.37535390221390075, 'hidden_continuous_size': 17, 'attention_head_size': 2, 'learning_rate': 0.020880792955690095}. Best is trial 51 with value: 25.17955207824707.
LOCAL_RANK: 0 - CUDA_VISIBLE_DEVICES: [0]
[I 2023-11-30 05:28:50,924] Trial 139 finished with value: 30.53257179260254 and parameters: {'gradient_clip_val': 0.18123916471583262, 'hidden_size': 110, 'dropout': 0.39979480159973024, 'hidden_continuous_size': 34, 'attention_head_size': 2, 'learning_rate': 0.024876265720495058}. Best is trial 51 with value: 25.17955207824707.
LOCAL_RANK: 0 - CUDA_VISIBLE_DEVICES: [0]
[I 2023-11-30 05:29:04,474] Trial 140 finished with value: 31.3015193939209 and parameters: {'gradient_clip_val': 0.1614923482179302, 'hidden_size': 90, 'dropout': 0.31560768343598133, 'hidden_continuous_size': 30, 'attention_head_size': 2, 'learning_rate': 0.013764601977143995}. Best is trial 51 with value: 25.17955207824707.
LOCAL_RANK: 0 - CUDA_VISIBLE_DEVICES: [0]
[I 2023-11-30 05:29:18,293] Trial 141 finished with value: 27.49513053894043 and parameters: {'gradient_clip_val': 0.22077752178723128, 'hidden_size': 127, 'dropout': 0.39232915683176084, 'hidden_continuous_size': 18, 'attention_head_size': 2, 'learning_rate': 0.016171537979154712}. Best is trial 51 with value: 25.17955207824707.
LOCAL_RANK: 0 - CUDA_VISIBLE_DEVICES: [0]
[I 2023-11-30 05:29:32,122] Trial 142 finished with value: 30.63289451599121 and parameters: {'gradient_clip_val': 0.20912955189197746, 'hidden_size': 125, 'dropout': 0.3807527075661674, 'hidden_continuous_size': 21, 'attention_head_size': 2, 'learning_rate': 0.016783318931224603}. Best is trial 51 with value: 25.17955207824707.
LOCAL_RANK: 0 - CUDA_VISIBLE_DEVICES: [0]
[I 2023-11-30 05:29:46,393] Trial 143 finished with value: 32.594661712646484 and parameters: {'gradient_clip_val': 0.2196995077168182, 'hidden_size': 134, 'dropout': 0.39138799444605954, 'hidden_continuous_size': 18, 'attention_head_size': 2, 'learning_rate': 0.018684992910369944}. Best is trial 51 with value: 25.17955207824707.
LOCAL_RANK: 0 - CUDA_VISIBLE_DEVICES: [0]
[I 2023-11-30 05:30:00,113] Trial 144 finished with value: 30.519134521484375 and parameters: {'gradient_clip_val': 0.24649111154520797, 'hidden_size': 120, 'dropout': 0.36422642791726906, 'hidden_continuous_size': 23, 'attention_head_size': 2, 'learning_rate': 0.015205245382542618}. Best is trial 51 with value: 25.17955207824707.
LOCAL_RANK: 0 - CUDA_VISIBLE_DEVICES: [0]
[I 2023-11-30 05:30:14,214] Trial 145 finished with value: 37.03681945800781 and parameters: {'gradient_clip_val': 0.19738287335109603, 'hidden_size': 138, 'dropout': 0.38834573904249636, 'hidden_continuous_size': 19, 'attention_head_size': 2, 'learning_rate': 0.009421033850262325}. Best is trial 51 with value: 25.17955207824707.
LOCAL_RANK: 0 - CUDA_VISIBLE_DEVICES: [0]
[I 2023-11-30 05:30:27,981] Trial 146 finished with value: 29.453712463378906 and parameters: {'gradient_clip_val': 0.22779962369283158, 'hidden_size': 114, 'dropout': 0.39569163927540785, 'hidden_continuous_size': 32, 'attention_head_size': 2, 'learning_rate': 0.011189636695689082}. Best is trial 51 with value: 25.17955207824707.
LOCAL_RANK: 0 - CUDA_VISIBLE_DEVICES: [0]
[I 2023-11-30 05:30:41,507] Trial 147 finished with value: 28.769792556762695 and parameters: {'gradient_clip_val': 0.2946690846960301, 'hidden_size': 104, 'dropout': 0.37596774605334815, 'hidden_continuous_size': 20, 'attention_head_size': 2, 'learning_rate': 0.013222418213849488}. Best is trial 51 with value: 25.17955207824707.
LOCAL_RANK: 0 - CUDA_VISIBLE_DEVICES: [0]
[I 2023-11-30 05:30:55,520] Trial 148 finished with value: 33.69502639770508 and parameters: {'gradient_clip_val': 0.13787588970092948, 'hidden_size': 125, 'dropout': 0.2599142107222844, 'hidden_continuous_size': 26, 'attention_head_size': 2, 'learning_rate': 0.01980772827489271}. Best is trial 51 with value: 25.17955207824707.
LOCAL_RANK: 0 - CUDA_VISIBLE_DEVICES: [0]
[I 2023-11-30 05:31:09,819] Trial 149 finished with value: 29.68084144592285 and parameters: {'gradient_clip_val': 0.3290102445024529, 'hidden_size': 150, 'dropout': 0.38448243470101756, 'hidden_continuous_size': 24, 'attention_head_size': 2, 'learning_rate': 0.02281462591842515}. Best is trial 51 with value: 25.17955207824707.
[I 2023-11-30 05:31:09,930] A new study created in memory with name: no-name-d011be55-17ad-47d7-9003-f711866ff5a2
/home/le004/conda/anaconda3/envs/tsff_env/lib/python3.9/site-packages/lightning/fabric/plugins/environments/slurm.py:191: The `srun` command is available on your system but is not used. HINT: If your intention is to run Lightning on SLURM, prepend your python command with `srun` like so: srun python /home/le004/master_thesis/git/TSFusionForecast/code/ ...
LOCAL_RANK: 0 - CUDA_VISIBLE_DEVICES: [0]
[I 2023-11-30 05:31:23,244] Trial 0 finished with value: 210.06251525878906 and parameters: {'gradient_clip_val': 0.15074004521051487, 'hidden_size': 83, 'dropout': 0.30073193176761137, 'hidden_continuous_size': 12, 'attention_head_size': 2, 'learning_rate': 0.06207286475524043}. Best is trial 0 with value: 210.06251525878906.
LOCAL_RANK: 0 - CUDA_VISIBLE_DEVICES: [0]
[I 2023-11-30 05:31:36,959] Trial 1 finished with value: 182.8733367919922 and parameters: {'gradient_clip_val': 0.4427998906143274, 'hidden_size': 74, 'dropout': 0.222251669953576, 'hidden_continuous_size': 42, 'attention_head_size': 4, 'learning_rate': 0.03384346303611294}. Best is trial 1 with value: 182.8733367919922.
LOCAL_RANK: 0 - CUDA_VISIBLE_DEVICES: [0]
[I 2023-11-30 05:31:50,172] Trial 2 finished with value: 198.86378479003906 and parameters: {'gradient_clip_val': 0.12772166712042124, 'hidden_size': 75, 'dropout': 0.3750803453925867, 'hidden_continuous_size': 12, 'attention_head_size': 1, 'learning_rate': 0.003528071577408796}. Best is trial 1 with value: 182.8733367919922.
LOCAL_RANK: 0 - CUDA_VISIBLE_DEVICES: [0]
[I 2023-11-30 05:32:02,329] Trial 3 finished with value: 350.8419189453125 and parameters: {'gradient_clip_val': 0.5405177333931958, 'hidden_size': 14, 'dropout': 0.19048671490915742, 'hidden_continuous_size': 13, 'attention_head_size': 1, 'learning_rate': 0.005574877900209883}. Best is trial 1 with value: 182.8733367919922.
LOCAL_RANK: 0 - CUDA_VISIBLE_DEVICES: [0]
[I 2023-11-30 05:32:14,512] Trial 4 finished with value: 347.2041015625 and parameters: {'gradient_clip_val': 0.22790960737068905, 'hidden_size': 19, 'dropout': 0.13634416198558563, 'hidden_continuous_size': 10, 'attention_head_size': 3, 'learning_rate': 0.0033267486566681457}. Best is trial 1 with value: 182.8733367919922.
LOCAL_RANK: 0 - CUDA_VISIBLE_DEVICES: [0]
[I 2023-11-30 05:32:24,495] Trial 5 finished with value: 537.6237182617188 and parameters: {'gradient_clip_val': 0.9924886365073903, 'hidden_size': 11, 'dropout': 0.26584254825764686, 'hidden_continuous_size': 11, 'attention_head_size': 1, 'learning_rate': 0.0036630682538599042}. Best is trial 1 with value: 182.8733367919922.
LOCAL_RANK: 0 - CUDA_VISIBLE_DEVICES: [0]
[I 2023-11-30 05:32:36,352] Trial 6 finished with value: 153.90260314941406 and parameters: {'gradient_clip_val': 0.7620607080174895, 'hidden_size': 16, 'dropout': 0.28241129395499914, 'hidden_continuous_size': 12, 'attention_head_size': 1, 'learning_rate': 0.03261876381496482}. Best is trial 6 with value: 153.90260314941406.
LOCAL_RANK: 0 - CUDA_VISIBLE_DEVICES: [0]
[I 2023-11-30 05:32:48,551] Trial 7 finished with value: 456.3817443847656 and parameters: {'gradient_clip_val': 0.1412720609172541, 'hidden_size': 15, 'dropout': 0.3722614216417599, 'hidden_continuous_size': 12, 'attention_head_size': 3, 'learning_rate': 0.0016332255689278262}. Best is trial 6 with value: 153.90260314941406.
LOCAL_RANK: 0 - CUDA_VISIBLE_DEVICES: [0]
[I 2023-11-30 05:33:00,738] Trial 8 finished with value: 456.6268005371094 and parameters: {'gradient_clip_val': 0.569596368825011, 'hidden_size': 11, 'dropout': 0.3032778681994411, 'hidden_continuous_size': 10, 'attention_head_size': 3, 'learning_rate': 0.005202089160509199}. Best is trial 6 with value: 153.90260314941406.
LOCAL_RANK: 0 - CUDA_VISIBLE_DEVICES: [0]
[I 2023-11-30 05:33:14,561] Trial 9 finished with value: 196.33990478515625 and parameters: {'gradient_clip_val': 0.42086182139685313, 'hidden_size': 76, 'dropout': 0.22881187420958063, 'hidden_continuous_size': 73, 'attention_head_size': 1, 'learning_rate': 0.016593060094888007}. Best is trial 6 with value: 153.90260314941406.
LOCAL_RANK: 0 - CUDA_VISIBLE_DEVICES: [0]
[I 2023-11-30 05:33:26,803] Trial 10 finished with value: 210.62184143066406 and parameters: {'gradient_clip_val': 0.9402903232618786, 'hidden_size': 28, 'dropout': 0.11116392969134803, 'hidden_continuous_size': 15, 'attention_head_size': 2, 'learning_rate': 0.08438679040371982}. Best is trial 6 with value: 153.90260314941406.
LOCAL_RANK: 0 - CUDA_VISIBLE_DEVICES: [0]
[I 2023-11-30 05:33:39,835] Trial 11 finished with value: 193.90965270996094 and parameters: {'gradient_clip_val': 0.31628791847281296, 'hidden_size': 45, 'dropout': 0.19859943802671376, 'hidden_continuous_size': 25, 'attention_head_size': 4, 'learning_rate': 0.029146575561532426}. Best is trial 6 with value: 153.90260314941406.
LOCAL_RANK: 0 - CUDA_VISIBLE_DEVICES: [0]
[I 2023-11-30 05:33:52,664] Trial 12 finished with value: 240.3093719482422 and parameters: {'gradient_clip_val': 0.684602717935734, 'hidden_size': 45, 'dropout': 0.26434512480926875, 'hidden_continuous_size': 21, 'attention_head_size': 4, 'learning_rate': 0.02975860985713397}. Best is trial 6 with value: 153.90260314941406.
LOCAL_RANK: 0 - CUDA_VISIBLE_DEVICES: [0]
[I 2023-11-30 05:34:07,136] Trial 13 finished with value: 189.790771484375 and parameters: {'gradient_clip_val': 0.39948081873585195, 'hidden_size': 149, 'dropout': 0.17782359664381864, 'hidden_continuous_size': 42, 'attention_head_size': 2, 'learning_rate': 0.0149058408620066}. Best is trial 6 with value: 153.90260314941406.
LOCAL_RANK: 0 - CUDA_VISIBLE_DEVICES: [0]
[I 2023-11-30 05:34:19,464] Trial 14 finished with value: 186.1230010986328 and parameters: {'gradient_clip_val': 0.7054190031825581, 'hidden_size': 25, 'dropout': 0.230150173819768, 'hidden_continuous_size': 14, 'attention_head_size': 4, 'learning_rate': 0.040358326113216415}. Best is trial 6 with value: 153.90260314941406.
LOCAL_RANK: 0 - CUDA_VISIBLE_DEVICES: [0]
