[I 2023-11-29 23:34:54,583] Trial 28 finished with value: 185.1925506591797 and parameters: {'gradient_clip_val': 0.23019078106478474, 'hidden_size': 93, 'dropout': 0.2971850226932378, 'hidden_continuous_size': 30, 'attention_head_size': 2, 'learning_rate': 0.07052946379372925}. Best is trial 1 with value: 100.04251861572266.
LOCAL_RANK: 0 - CUDA_VISIBLE_DEVICES: [0]
[I 2023-11-29 23:35:08,018] Trial 29 finished with value: 173.6540985107422 and parameters: {'gradient_clip_val': 0.42887260874197586, 'hidden_size': 67, 'dropout': 0.3121218252723412, 'hidden_continuous_size': 36, 'attention_head_size': 3, 'learning_rate': 0.0010489586941810636}. Best is trial 1 with value: 100.04251861572266.
LOCAL_RANK: 0 - CUDA_VISIBLE_DEVICES: [0]
[I 2023-11-29 23:35:22,586] Trial 30 finished with value: 107.90237426757812 and parameters: {'gradient_clip_val': 0.39597432431734014, 'hidden_size': 133, 'dropout': 0.3544258584537415, 'hidden_continuous_size': 129, 'attention_head_size': 1, 'learning_rate': 0.0032081165369448298}. Best is trial 1 with value: 100.04251861572266.
LOCAL_RANK: 0 - CUDA_VISIBLE_DEVICES: [0]
[I 2023-11-29 23:35:35,340] Trial 31 finished with value: 175.2794189453125 and parameters: {'gradient_clip_val': 0.3004438144422703, 'hidden_size': 49, 'dropout': 0.29819417102821266, 'hidden_continuous_size': 14, 'attention_head_size': 1, 'learning_rate': 0.04456481665240634}. Best is trial 1 with value: 100.04251861572266.
LOCAL_RANK: 0 - CUDA_VISIBLE_DEVICES: [0]
[I 2023-11-29 23:35:47,693] Trial 32 finished with value: 100.46124267578125 and parameters: {'gradient_clip_val': 0.27640781960959765, 'hidden_size': 36, 'dropout': 0.3343777326132166, 'hidden_continuous_size': 14, 'attention_head_size': 1, 'learning_rate': 0.044587004878450416}. Best is trial 1 with value: 100.04251861572266.
LOCAL_RANK: 0 - CUDA_VISIBLE_DEVICES: [0]
[I 2023-11-29 23:36:00,350] Trial 33 finished with value: 106.79444122314453 and parameters: {'gradient_clip_val': 0.2931008373083266, 'hidden_size': 33, 'dropout': 0.33266008389016294, 'hidden_continuous_size': 12, 'attention_head_size': 1, 'learning_rate': 0.07737962912319103}. Best is trial 1 with value: 100.04251861572266.
LOCAL_RANK: 0 - CUDA_VISIBLE_DEVICES: [0]
[I 2023-11-29 23:36:12,910] Trial 34 finished with value: 122.7995376586914 and parameters: {'gradient_clip_val': 0.2359518699218748, 'hidden_size': 35, 'dropout': 0.3175598922496386, 'hidden_continuous_size': 18, 'attention_head_size': 1, 'learning_rate': 0.0317841801069758}. Best is trial 1 with value: 100.04251861572266.
LOCAL_RANK: 0 - CUDA_VISIBLE_DEVICES: [0]
[I 2023-11-29 23:36:25,364] Trial 35 finished with value: 98.37602996826172 and parameters: {'gradient_clip_val': 0.3636899583294422, 'hidden_size': 40, 'dropout': 0.3337651383682184, 'hidden_continuous_size': 15, 'attention_head_size': 2, 'learning_rate': 0.05226422374262911}. Best is trial 35 with value: 98.37602996826172.
LOCAL_RANK: 0 - CUDA_VISIBLE_DEVICES: [0]
[I 2023-11-29 23:36:37,786] Trial 36 finished with value: 131.7490692138672 and parameters: {'gradient_clip_val': 0.3641391616552178, 'hidden_size': 40, 'dropout': 0.36049068848678856, 'hidden_continuous_size': 14, 'attention_head_size': 3, 'learning_rate': 0.05325286708642083}. Best is trial 35 with value: 98.37602996826172.
LOCAL_RANK: 0 - CUDA_VISIBLE_DEVICES: [0]
[I 2023-11-29 23:36:50,145] Trial 37 finished with value: 137.0098876953125 and parameters: {'gradient_clip_val': 0.4922989296654569, 'hidden_size': 31, 'dropout': 0.34142968075709285, 'hidden_continuous_size': 15, 'attention_head_size': 1, 'learning_rate': 0.0254308586502433}. Best is trial 35 with value: 98.37602996826172.
LOCAL_RANK: 0 - CUDA_VISIBLE_DEVICES: [0]
[I 2023-11-29 23:37:02,802] Trial 38 finished with value: 112.61920166015625 and parameters: {'gradient_clip_val': 0.33498483719383315, 'hidden_size': 37, 'dropout': 0.2815995310619824, 'hidden_continuous_size': 13, 'attention_head_size': 1, 'learning_rate': 0.036249740882820035}. Best is trial 35 with value: 98.37602996826172.
LOCAL_RANK: 0 - CUDA_VISIBLE_DEVICES: [0]
[I 2023-11-29 23:37:15,106] Trial 39 finished with value: 135.7779083251953 and parameters: {'gradient_clip_val': 0.268026282175322, 'hidden_size': 37, 'dropout': 0.23479025265915693, 'hidden_continuous_size': 12, 'attention_head_size': 1, 'learning_rate': 0.03693265630848306}. Best is trial 35 with value: 98.37602996826172.
LOCAL_RANK: 0 - CUDA_VISIBLE_DEVICES: [0]
[I 2023-11-29 23:37:27,723] Trial 40 finished with value: 172.5471954345703 and parameters: {'gradient_clip_val': 0.5010551854686546, 'hidden_size': 41, 'dropout': 0.24914132158542068, 'hidden_continuous_size': 15, 'attention_head_size': 2, 'learning_rate': 0.050596242713153286}. Best is trial 35 with value: 98.37602996826172.
LOCAL_RANK: 0 - CUDA_VISIBLE_DEVICES: [0]
[I 2023-11-29 23:37:40,516] Trial 41 finished with value: 129.02186584472656 and parameters: {'gradient_clip_val': 0.3061268695054329, 'hidden_size': 47, 'dropout': 0.31083978695515796, 'hidden_continuous_size': 18, 'attention_head_size': 2, 'learning_rate': 0.07856401652585421}. Best is trial 35 with value: 98.37602996826172.
LOCAL_RANK: 0 - CUDA_VISIBLE_DEVICES: [0]
[I 2023-11-29 23:37:54,305] Trial 42 finished with value: 154.96092224121094 and parameters: {'gradient_clip_val': 0.17505670754326977, 'hidden_size': 107, 'dropout': 0.33139468881351886, 'hidden_continuous_size': 20, 'attention_head_size': 3, 'learning_rate': 0.09778428183018385}. Best is trial 35 with value: 98.37602996826172.
LOCAL_RANK: 0 - CUDA_VISIBLE_DEVICES: [0]
[I 2023-11-29 23:38:06,517] Trial 43 finished with value: 107.2047119140625 and parameters: {'gradient_clip_val': 0.13835069921953472, 'hidden_size': 28, 'dropout': 0.3679420846557883, 'hidden_continuous_size': 17, 'attention_head_size': 2, 'learning_rate': 0.06754971049957359}. Best is trial 35 with value: 98.37602996826172.
LOCAL_RANK: 0 - CUDA_VISIBLE_DEVICES: [0]
[I 2023-11-29 23:38:19,614] Trial 44 finished with value: 116.8438491821289 and parameters: {'gradient_clip_val': 0.23644385935517048, 'hidden_size': 58, 'dropout': 0.33467003353085545, 'hidden_continuous_size': 11, 'attention_head_size': 2, 'learning_rate': 0.052765715797376246}. Best is trial 35 with value: 98.37602996826172.
LOCAL_RANK: 0 - CUDA_VISIBLE_DEVICES: [0]
[I 2023-11-29 23:38:33,807] Trial 45 finished with value: 144.27488708496094 and parameters: {'gradient_clip_val': 0.2783060903578671, 'hidden_size': 123, 'dropout': 0.3515640655670833, 'hidden_continuous_size': 42, 'attention_head_size': 4, 'learning_rate': 0.07295508713138169}. Best is trial 35 with value: 98.37602996826172.
LOCAL_RANK: 0 - CUDA_VISIBLE_DEVICES: [0]
[I 2023-11-29 23:38:45,993] Trial 46 finished with value: 128.51304626464844 and parameters: {'gradient_clip_val': 0.21752264877741626, 'hidden_size': 23, 'dropout': 0.3833714022780667, 'hidden_continuous_size': 16, 'attention_head_size': 1, 'learning_rate': 0.04118437894921184}. Best is trial 35 with value: 98.37602996826172.
LOCAL_RANK: 0 - CUDA_VISIBLE_DEVICES: [0]
[I 2023-11-29 23:38:58,803] Trial 47 finished with value: 108.1560287475586 and parameters: {'gradient_clip_val': 0.1924600954119475, 'hidden_size': 46, 'dropout': 0.30826550172300626, 'hidden_continuous_size': 13, 'attention_head_size': 3, 'learning_rate': 0.022363573556715362}. Best is trial 35 with value: 98.37602996826172.
LOCAL_RANK: 0 - CUDA_VISIBLE_DEVICES: [0]
[I 2023-11-29 23:39:11,072] Trial 48 finished with value: 127.04322052001953 and parameters: {'gradient_clip_val': 0.2569237793058603, 'hidden_size': 18, 'dropout': 0.2904462708462624, 'hidden_continuous_size': 15, 'attention_head_size': 2, 'learning_rate': 0.08350903969638505}. Best is trial 35 with value: 98.37602996826172.
LOCAL_RANK: 0 - CUDA_VISIBLE_DEVICES: [0]
[I 2023-11-29 23:39:23,279] Trial 49 finished with value: 132.4041290283203 and parameters: {'gradient_clip_val': 0.3208087429300019, 'hidden_size': 25, 'dropout': 0.3623413324885484, 'hidden_continuous_size': 17, 'attention_head_size': 1, 'learning_rate': 0.06160736893954501}. Best is trial 35 with value: 98.37602996826172.
LOCAL_RANK: 0 - CUDA_VISIBLE_DEVICES: [0]
[I 2023-11-29 23:39:35,819] Trial 50 finished with value: 103.35498809814453 and parameters: {'gradient_clip_val': 0.3831038489463779, 'hidden_size': 42, 'dropout': 0.32902572724134055, 'hidden_continuous_size': 11, 'attention_head_size': 2, 'learning_rate': 0.04553201757269478}. Best is trial 35 with value: 98.37602996826172.
LOCAL_RANK: 0 - CUDA_VISIBLE_DEVICES: [0]
[I 2023-11-29 23:39:48,356] Trial 51 finished with value: 163.4579315185547 and parameters: {'gradient_clip_val': 0.36893871310405735, 'hidden_size': 42, 'dropout': 0.3313365488703815, 'hidden_continuous_size': 11, 'attention_head_size': 2, 'learning_rate': 0.04827149746117387}. Best is trial 35 with value: 98.37602996826172.
LOCAL_RANK: 0 - CUDA_VISIBLE_DEVICES: [0]
[I 2023-11-29 23:40:00,718] Trial 52 finished with value: 139.79013061523438 and parameters: {'gradient_clip_val': 0.41892842189199747, 'hidden_size': 33, 'dropout': 0.322562433607175, 'hidden_continuous_size': 10, 'attention_head_size': 2, 'learning_rate': 0.03187500272385245}. Best is trial 35 with value: 98.37602996826172.
LOCAL_RANK: 0 - CUDA_VISIBLE_DEVICES: [0]
[I 2023-11-29 23:40:13,565] Trial 53 finished with value: 128.66018676757812 and parameters: {'gradient_clip_val': 0.32558852397251986, 'hidden_size': 68, 'dropout': 0.3459597448677574, 'hidden_continuous_size': 12, 'attention_head_size': 2, 'learning_rate': 0.06346263497582162}. Best is trial 35 with value: 98.37602996826172.
LOCAL_RANK: 0 - CUDA_VISIBLE_DEVICES: [0]
[I 2023-11-29 23:40:26,632] Trial 54 finished with value: 147.4458465576172 and parameters: {'gradient_clip_val': 0.2547798887581392, 'hidden_size': 55, 'dropout': 0.3111693097734596, 'hidden_continuous_size': 11, 'attention_head_size': 2, 'learning_rate': 0.08250014185061202}. Best is trial 35 with value: 98.37602996826172.
LOCAL_RANK: 0 - CUDA_VISIBLE_DEVICES: [0]
[I 2023-11-29 23:40:39,037] Trial 55 finished with value: 109.8522720336914 and parameters: {'gradient_clip_val': 0.29193265528565204, 'hidden_size': 44, 'dropout': 0.26240043233461585, 'hidden_continuous_size': 10, 'attention_head_size': 1, 'learning_rate': 0.04516624482873473}. Best is trial 35 with value: 98.37602996826172.
LOCAL_RANK: 0 - CUDA_VISIBLE_DEVICES: [0]
[I 2023-11-29 23:40:52,375] Trial 56 finished with value: 112.04962158203125 and parameters: {'gradient_clip_val': 0.3811129171346418, 'hidden_size': 79, 'dropout': 0.374122823672783, 'hidden_continuous_size': 13, 'attention_head_size': 2, 'learning_rate': 0.01640762824844151}. Best is trial 35 with value: 98.37602996826172.
LOCAL_RANK: 0 - CUDA_VISIBLE_DEVICES: [0]
[I 2023-11-29 23:41:05,254] Trial 57 finished with value: 128.73793029785156 and parameters: {'gradient_clip_val': 0.33311903586196356, 'hidden_size': 51, 'dropout': 0.35529769622414686, 'hidden_continuous_size': 23, 'attention_head_size': 1, 'learning_rate': 0.052672680117802885}. Best is trial 35 with value: 98.37602996826172.
LOCAL_RANK: 0 - CUDA_VISIBLE_DEVICES: [0]
[I 2023-11-29 23:41:18,734] Trial 58 finished with value: 111.92891693115234 and parameters: {'gradient_clip_val': 0.3516024785991272, 'hidden_size': 61, 'dropout': 0.34252583675882264, 'hidden_continuous_size': 26, 'attention_head_size': 3, 'learning_rate': 0.09072785893838752}. Best is trial 35 with value: 98.37602996826172.
LOCAL_RANK: 0 - CUDA_VISIBLE_DEVICES: [0]
[I 2023-11-29 23:41:31,438] Trial 59 finished with value: 115.02518463134766 and parameters: {'gradient_clip_val': 0.2274701213860827, 'hidden_size': 29, 'dropout': 0.32873107920346323, 'hidden_continuous_size': 18, 'attention_head_size': 2, 'learning_rate': 0.06280800950527893}. Best is trial 35 with value: 98.37602996826172.
LOCAL_RANK: 0 - CUDA_VISIBLE_DEVICES: [0]
[I 2023-11-29 23:41:44,135] Trial 60 finished with value: 102.07827758789062 and parameters: {'gradient_clip_val': 0.198218905760749, 'hidden_size': 38, 'dropout': 0.2921864178858157, 'hidden_continuous_size': 21, 'attention_head_size': 1, 'learning_rate': 0.038638548961088086}. Best is trial 35 with value: 98.37602996826172.
LOCAL_RANK: 0 - CUDA_VISIBLE_DEVICES: [0]
[I 2023-11-29 23:41:56,765] Trial 61 finished with value: 129.5347137451172 and parameters: {'gradient_clip_val': 0.20825859878108094, 'hidden_size': 39, 'dropout': 0.29153139144458495, 'hidden_continuous_size': 21, 'attention_head_size': 1, 'learning_rate': 0.03884269760263046}. Best is trial 35 with value: 98.37602996826172.
LOCAL_RANK: 0 - CUDA_VISIBLE_DEVICES: [0]
[I 2023-11-29 23:42:09,460] Trial 62 finished with value: 130.23646545410156 and parameters: {'gradient_clip_val': 0.17136858810853098, 'hidden_size': 45, 'dropout': 0.32130133846951436, 'hidden_continuous_size': 12, 'attention_head_size': 1, 'learning_rate': 0.02709037582978347}. Best is trial 35 with value: 98.37602996826172.
LOCAL_RANK: 0 - CUDA_VISIBLE_DEVICES: [0]
[I 2023-11-29 23:42:22,313] Trial 63 finished with value: 116.07584381103516 and parameters: {'gradient_clip_val': 0.19774424460053328, 'hidden_size': 51, 'dropout': 0.30301299367812956, 'hidden_continuous_size': 29, 'attention_head_size': 1, 'learning_rate': 0.03368207613974959}. Best is trial 35 with value: 98.37602996826172.
LOCAL_RANK: 0 - CUDA_VISIBLE_DEVICES: [0]
[I 2023-11-29 23:42:34,862] Trial 64 finished with value: 160.48165893554688 and parameters: {'gradient_clip_val': 0.245925274293236, 'hidden_size': 36, 'dropout': 0.28372296694491334, 'hidden_continuous_size': 19, 'attention_head_size': 1, 'learning_rate': 0.05431437822586162}. Best is trial 35 with value: 98.37602996826172.
LOCAL_RANK: 0 - CUDA_VISIBLE_DEVICES: [0]
[I 2023-11-29 23:42:47,025] Trial 65 finished with value: 123.2140121459961 and parameters: {'gradient_clip_val': 0.15436088987280766, 'hidden_size': 26, 'dropout': 0.3169968648303187, 'hidden_continuous_size': 16, 'attention_head_size': 1, 'learning_rate': 0.042438597050928194}. Best is trial 35 with value: 98.37602996826172.
LOCAL_RANK: 0 - CUDA_VISIBLE_DEVICES: [0]
[I 2023-11-29 23:42:59,421] Trial 66 finished with value: 108.6811294555664 and parameters: {'gradient_clip_val': 0.2855826897843569, 'hidden_size': 31, 'dropout': 0.3032110234049428, 'hidden_continuous_size': 14, 'attention_head_size': 2, 'learning_rate': 0.07021054543776309}. Best is trial 35 with value: 98.37602996826172.
LOCAL_RANK: 0 - CUDA_VISIBLE_DEVICES: [0]
[I 2023-11-29 23:43:11,513] Trial 67 finished with value: 145.71145629882812 and parameters: {'gradient_clip_val': 0.3117795052561418, 'hidden_size': 21, 'dropout': 0.3349470400884331, 'hidden_continuous_size': 15, 'attention_head_size': 1, 'learning_rate': 0.08533143938730167}. Best is trial 35 with value: 98.37602996826172.
LOCAL_RANK: 0 - CUDA_VISIBLE_DEVICES: [0]
[I 2023-11-29 23:43:24,004] Trial 68 finished with value: 119.01031494140625 and parameters: {'gradient_clip_val': 0.26628275564466686, 'hidden_size': 34, 'dropout': 0.2713636774355464, 'hidden_continuous_size': 10, 'attention_head_size': 4, 'learning_rate': 0.059010960938334}. Best is trial 35 with value: 98.37602996826172.
LOCAL_RANK: 0 - CUDA_VISIBLE_DEVICES: [0]
[I 2023-11-29 23:43:36,904] Trial 69 finished with value: 133.95826721191406 and parameters: {'gradient_clip_val': 0.2158815469448013, 'hidden_size': 41, 'dropout': 0.3440567463498474, 'hidden_continuous_size': 23, 'attention_head_size': 1, 'learning_rate': 0.09888553881033157}. Best is trial 35 with value: 98.37602996826172.
LOCAL_RANK: 0 - CUDA_VISIBLE_DEVICES: [0]
[I 2023-11-29 23:43:50,201] Trial 70 finished with value: 138.35768127441406 and parameters: {'gradient_clip_val': 0.18928965726915817, 'hidden_size': 90, 'dropout': 0.3233486970398723, 'hidden_continuous_size': 11, 'attention_head_size': 1, 'learning_rate': 0.047622298622417555}. Best is trial 35 with value: 98.37602996826172.
LOCAL_RANK: 0 - CUDA_VISIBLE_DEVICES: [0]
[I 2023-11-29 23:44:02,718] Trial 71 finished with value: 163.7887725830078 and parameters: {'gradient_clip_val': 0.28521546378485096, 'hidden_size': 33, 'dropout': 0.33655417114800257, 'hidden_continuous_size': 19, 'attention_head_size': 1, 'learning_rate': 0.07378353638034645}. Best is trial 35 with value: 98.37602996826172.
LOCAL_RANK: 0 - CUDA_VISIBLE_DEVICES: [0]
[I 2023-11-29 23:44:15,223] Trial 72 finished with value: 123.57330322265625 and parameters: {'gradient_clip_val': 0.2990508986606376, 'hidden_size': 43, 'dropout': 0.31447382260644163, 'hidden_continuous_size': 12, 'attention_head_size': 1, 'learning_rate': 0.07724836081985856}. Best is trial 35 with value: 98.37602996826172.
LOCAL_RANK: 0 - CUDA_VISIBLE_DEVICES: [0]
[I 2023-11-29 23:44:27,706] Trial 73 finished with value: 147.9004364013672 and parameters: {'gradient_clip_val': 0.3518219443541397, 'hidden_size': 37, 'dropout': 0.3518633295649997, 'hidden_continuous_size': 12, 'attention_head_size': 1, 'learning_rate': 0.05780999210312337}. Best is trial 35 with value: 98.37602996826172.
LOCAL_RANK: 0 - CUDA_VISIBLE_DEVICES: [0]
[I 2023-11-29 23:44:39,969] Trial 74 finished with value: 99.70550537109375 and parameters: {'gradient_clip_val': 0.39905569455182305, 'hidden_size': 32, 'dropout': 0.3043561240545145, 'hidden_continuous_size': 14, 'attention_head_size': 1, 'learning_rate': 0.0398683645395225}. Best is trial 35 with value: 98.37602996826172.
LOCAL_RANK: 0 - CUDA_VISIBLE_DEVICES: [0]
[I 2023-11-29 23:44:52,276] Trial 75 finished with value: 126.7839126586914 and parameters: {'gradient_clip_val': 0.4040341482393909, 'hidden_size': 27, 'dropout': 0.29428803952859445, 'hidden_continuous_size': 16, 'attention_head_size': 2, 'learning_rate': 0.03235609741303505}. Best is trial 35 with value: 98.37602996826172.
LOCAL_RANK: 0 - CUDA_VISIBLE_DEVICES: [0]
[I 2023-11-29 23:45:04,911] Trial 76 finished with value: 130.641357421875 and parameters: {'gradient_clip_val': 0.4576748642528874, 'hidden_size': 39, 'dropout': 0.30555311882356295, 'hidden_continuous_size': 22, 'attention_head_size': 1, 'learning_rate': 0.03598775853078773}. Best is trial 35 with value: 98.37602996826172.
LOCAL_RANK: 0 - CUDA_VISIBLE_DEVICES: [0]
[I 2023-11-29 23:45:17,102] Trial 77 finished with value: 130.0517120361328 and parameters: {'gradient_clip_val': 0.3152583802853779, 'hidden_size': 29, 'dropout': 0.32728048258461795, 'hidden_continuous_size': 14, 'attention_head_size': 1, 'learning_rate': 0.03931598932695775}. Best is trial 35 with value: 98.37602996826172.
LOCAL_RANK: 0 - CUDA_VISIBLE_DEVICES: [0]
[I 2023-11-29 23:45:29,413] Trial 78 finished with value: 133.3090057373047 and parameters: {'gradient_clip_val': 0.37816490963828586, 'hidden_size': 31, 'dropout': 0.28607034638916506, 'hidden_continuous_size': 13, 'attention_head_size': 1, 'learning_rate': 0.044743093674882176}. Best is trial 35 with value: 98.37602996826172.
LOCAL_RANK: 0 - CUDA_VISIBLE_DEVICES: [0]
[I 2023-11-29 23:45:42,383] Trial 79 finished with value: 98.8612289428711 and parameters: {'gradient_clip_val': 0.3525899390262804, 'hidden_size': 47, 'dropout': 0.2774734252825779, 'hidden_continuous_size': 17, 'attention_head_size': 2, 'learning_rate': 0.027832252496803715}. Best is trial 35 with value: 98.37602996826172.
LOCAL_RANK: 0 - CUDA_VISIBLE_DEVICES: [0]
[I 2023-11-29 23:45:55,080] Trial 80 finished with value: 117.2416763305664 and parameters: {'gradient_clip_val': 0.42851988505225197, 'hidden_size': 47, 'dropout': 0.28007433626563455, 'hidden_continuous_size': 15, 'attention_head_size': 2, 'learning_rate': 0.026704033464090973}. Best is trial 35 with value: 98.37602996826172.
LOCAL_RANK: 0 - CUDA_VISIBLE_DEVICES: [0]
[I 2023-11-29 23:46:07,754] Trial 81 finished with value: 99.63042449951172 and parameters: {'gradient_clip_val': 0.34558281360194415, 'hidden_size': 38, 'dropout': 0.2998395932094188, 'hidden_continuous_size': 17, 'attention_head_size': 2, 'learning_rate': 0.04918472102813684}. Best is trial 35 with value: 98.37602996826172.
LOCAL_RANK: 0 - CUDA_VISIBLE_DEVICES: [0]
[I 2023-11-29 23:46:20,306] Trial 82 finished with value: 105.70568084716797 and parameters: {'gradient_clip_val': 0.3438595093095971, 'hidden_size': 39, 'dropout': 0.29781207365901236, 'hidden_continuous_size': 17, 'attention_head_size': 2, 'learning_rate': 0.029498742457331896}. Best is trial 35 with value: 98.37602996826172.
LOCAL_RANK: 0 - CUDA_VISIBLE_DEVICES: [0]
[I 2023-11-29 23:46:32,961] Trial 83 finished with value: 115.247314453125 and parameters: {'gradient_clip_val': 0.3968613858794254, 'hidden_size': 44, 'dropout': 0.3056816209931179, 'hidden_continuous_size': 16, 'attention_head_size': 2, 'learning_rate': 0.048094039003438054}. Best is trial 35 with value: 98.37602996826172.
LOCAL_RANK: 0 - CUDA_VISIBLE_DEVICES: [0]
[I 2023-11-29 23:46:45,968] Trial 84 finished with value: 140.26287841796875 and parameters: {'gradient_clip_val': 0.35813420059174167, 'hidden_size': 49, 'dropout': 0.2749478309315054, 'hidden_continuous_size': 17, 'attention_head_size': 2, 'learning_rate': 0.04017358067329305}. Best is trial 35 with value: 98.37602996826172.
LOCAL_RANK: 0 - CUDA_VISIBLE_DEVICES: [0]
[I 2023-11-29 23:46:58,470] Trial 85 finished with value: 124.78372192382812 and parameters: {'gradient_clip_val': 0.33341330172757444, 'hidden_size': 34, 'dropout': 0.2886249134949975, 'hidden_continuous_size': 10, 'attention_head_size': 3, 'learning_rate': 0.03544334173434481}. Best is trial 35 with value: 98.37602996826172.
LOCAL_RANK: 0 - CUDA_VISIBLE_DEVICES: [0]
[I 2023-11-29 23:47:10,864] Trial 86 finished with value: 107.82408905029297 and parameters: {'gradient_clip_val': 0.3129263384567026, 'hidden_size': 36, 'dropout': 0.31472417775555456, 'hidden_continuous_size': 18, 'attention_head_size': 1, 'learning_rate': 0.049606641035330704}. Best is trial 35 with value: 98.37602996826172.
LOCAL_RANK: 0 - CUDA_VISIBLE_DEVICES: [0]
