[I 2023-11-30 01:15:25,958] Trial 46 finished with value: 154.39903259277344 and parameters: {'gradient_clip_val': 0.12481271838144493, 'hidden_size': 15, 'dropout': 0.32192888272288495, 'hidden_continuous_size': 11, 'attention_head_size': 1, 'learning_rate': 0.0187091331128763}. Best is trial 19 with value: 101.45187377929688.
LOCAL_RANK: 0 - CUDA_VISIBLE_DEVICES: [0]
[I 2023-11-30 01:15:38,010] Trial 47 finished with value: 174.77008056640625 and parameters: {'gradient_clip_val': 0.23999970745607163, 'hidden_size': 13, 'dropout': 0.3064657741046079, 'hidden_continuous_size': 10, 'attention_head_size': 2, 'learning_rate': 0.01410594377471122}. Best is trial 19 with value: 101.45187377929688.
LOCAL_RANK: 0 - CUDA_VISIBLE_DEVICES: [0]
[I 2023-11-30 01:15:50,986] Trial 48 finished with value: 113.5760269165039 and parameters: {'gradient_clip_val': 0.18949074690089174, 'hidden_size': 51, 'dropout': 0.12009395544450238, 'hidden_continuous_size': 25, 'attention_head_size': 2, 'learning_rate': 0.028266731113657472}. Best is trial 19 with value: 101.45187377929688.
LOCAL_RANK: 0 - CUDA_VISIBLE_DEVICES: [0]
[I 2023-11-30 01:16:03,359] Trial 49 finished with value: 106.97692108154297 and parameters: {'gradient_clip_val': 0.17153598697103478, 'hidden_size': 22, 'dropout': 0.38851394476844464, 'hidden_continuous_size': 16, 'attention_head_size': 3, 'learning_rate': 0.020057798546171773}. Best is trial 19 with value: 101.45187377929688.
LOCAL_RANK: 0 - CUDA_VISIBLE_DEVICES: [0]
[I 2023-11-30 01:16:15,603] Trial 50 finished with value: 125.57110595703125 and parameters: {'gradient_clip_val': 0.1403061302601918, 'hidden_size': 32, 'dropout': 0.3515134053548437, 'hidden_continuous_size': 20, 'attention_head_size': 1, 'learning_rate': 0.009057095138732742}. Best is trial 19 with value: 101.45187377929688.
LOCAL_RANK: 0 - CUDA_VISIBLE_DEVICES: [0]
[I 2023-11-30 01:16:27,976] Trial 51 finished with value: 110.46316528320312 and parameters: {'gradient_clip_val': 0.12794905796777398, 'hidden_size': 25, 'dropout': 0.3468672127485054, 'hidden_continuous_size': 16, 'attention_head_size': 2, 'learning_rate': 0.036322663478214924}. Best is trial 19 with value: 101.45187377929688.
LOCAL_RANK: 0 - CUDA_VISIBLE_DEVICES: [0]
[I 2023-11-30 01:16:40,291] Trial 52 finished with value: 113.11276245117188 and parameters: {'gradient_clip_val': 0.1140609287846679, 'hidden_size': 27, 'dropout': 0.33049878321892306, 'hidden_continuous_size': 17, 'attention_head_size': 2, 'learning_rate': 0.05476069367564173}. Best is trial 19 with value: 101.45187377929688.
LOCAL_RANK: 0 - CUDA_VISIBLE_DEVICES: [0]
[I 2023-11-30 01:16:53,019] Trial 53 finished with value: 111.03844451904297 and parameters: {'gradient_clip_val': 0.14704384192392478, 'hidden_size': 39, 'dropout': 0.3769410495103135, 'hidden_continuous_size': 18, 'attention_head_size': 2, 'learning_rate': 0.07090007737946247}. Best is trial 19 with value: 101.45187377929688.
LOCAL_RANK: 0 - CUDA_VISIBLE_DEVICES: [0]
[I 2023-11-30 01:17:05,490] Trial 54 finished with value: 105.2363510131836 and parameters: {'gradient_clip_val': 0.10071938362819956, 'hidden_size': 31, 'dropout': 0.3576297137700941, 'hidden_continuous_size': 16, 'attention_head_size': 2, 'learning_rate': 0.041570876287429344}. Best is trial 19 with value: 101.45187377929688.
LOCAL_RANK: 0 - CUDA_VISIBLE_DEVICES: [0]
[I 2023-11-30 01:17:17,580] Trial 55 finished with value: 131.66140747070312 and parameters: {'gradient_clip_val': 0.1321028656890761, 'hidden_size': 18, 'dropout': 0.3447571373341409, 'hidden_continuous_size': 13, 'attention_head_size': 2, 'learning_rate': 0.01627065871351525}. Best is trial 19 with value: 101.45187377929688.
LOCAL_RANK: 0 - CUDA_VISIBLE_DEVICES: [0]
[I 2023-11-30 01:17:30,624] Trial 56 finished with value: 101.80179595947266 and parameters: {'gradient_clip_val': 0.16007644108828156, 'hidden_size': 45, 'dropout': 0.31879469698813934, 'hidden_continuous_size': 20, 'attention_head_size': 3, 'learning_rate': 0.011477358805336306}. Best is trial 19 with value: 101.45187377929688.
LOCAL_RANK: 0 - CUDA_VISIBLE_DEVICES: [0]
[I 2023-11-30 01:17:43,898] Trial 57 finished with value: 104.96613311767578 and parameters: {'gradient_clip_val': 0.1955853837202204, 'hidden_size': 59, 'dropout': 0.31427514837238546, 'hidden_continuous_size': 22, 'attention_head_size': 3, 'learning_rate': 0.013056337116207463}. Best is trial 19 with value: 101.45187377929688.
LOCAL_RANK: 0 - CUDA_VISIBLE_DEVICES: [0]
[I 2023-11-30 01:17:56,641] Trial 58 finished with value: 107.61356353759766 and parameters: {'gradient_clip_val': 0.1605118425957864, 'hidden_size': 44, 'dropout': 0.29298067110683984, 'hidden_continuous_size': 20, 'attention_head_size': 3, 'learning_rate': 0.01103236578975829}. Best is trial 19 with value: 101.45187377929688.
LOCAL_RANK: 0 - CUDA_VISIBLE_DEVICES: [0]
[I 2023-11-30 01:18:09,473] Trial 59 finished with value: 114.5339584350586 and parameters: {'gradient_clip_val': 0.17827758197994337, 'hidden_size': 34, 'dropout': 0.26951708239732697, 'hidden_continuous_size': 19, 'attention_head_size': 4, 'learning_rate': 0.022703962995346647}. Best is trial 19 with value: 101.45187377929688.
LOCAL_RANK: 0 - CUDA_VISIBLE_DEVICES: [0]
[I 2023-11-30 01:18:22,439] Trial 60 finished with value: 118.69881439208984 and parameters: {'gradient_clip_val': 0.28471889217376606, 'hidden_size': 42, 'dropout': 0.3014230264998475, 'hidden_continuous_size': 28, 'attention_head_size': 3, 'learning_rate': 0.017041332183032578}. Best is trial 19 with value: 101.45187377929688.
LOCAL_RANK: 0 - CUDA_VISIBLE_DEVICES: [0]
[I 2023-11-30 01:18:35,284] Trial 61 finished with value: 110.48235321044922 and parameters: {'gradient_clip_val': 0.1381257375685093, 'hidden_size': 35, 'dropout': 0.3167499933363014, 'hidden_continuous_size': 17, 'attention_head_size': 3, 'learning_rate': 0.028207456766761833}. Best is trial 19 with value: 101.45187377929688.
LOCAL_RANK: 0 - CUDA_VISIBLE_DEVICES: [0]
[I 2023-11-30 01:18:47,812] Trial 62 finished with value: 110.01022338867188 and parameters: {'gradient_clip_val': 0.12210242288131673, 'hidden_size': 29, 'dropout': 0.3302301101794003, 'hidden_continuous_size': 18, 'attention_head_size': 2, 'learning_rate': 0.01153774050797239}. Best is trial 19 with value: 101.45187377929688.
LOCAL_RANK: 0 - CUDA_VISIBLE_DEVICES: [0]
[I 2023-11-30 01:19:00,823] Trial 63 finished with value: 105.14502716064453 and parameters: {'gradient_clip_val': 0.15357967097841205, 'hidden_size': 46, 'dropout': 0.366642741666881, 'hidden_continuous_size': 32, 'attention_head_size': 2, 'learning_rate': 0.03170180011403022}. Best is trial 19 with value: 101.45187377929688.
LOCAL_RANK: 0 - CUDA_VISIBLE_DEVICES: [0]
[I 2023-11-30 01:19:13,121] Trial 64 finished with value: 134.32626342773438 and parameters: {'gradient_clip_val': 0.10882339412929103, 'hidden_size': 26, 'dropout': 0.15555215649597837, 'hidden_continuous_size': 15, 'attention_head_size': 2, 'learning_rate': 0.020875173470379836}. Best is trial 19 with value: 101.45187377929688.
LOCAL_RANK: 0 - CUDA_VISIBLE_DEVICES: [0]
[I 2023-11-30 01:19:25,740] Trial 65 finished with value: 106.99788665771484 and parameters: {'gradient_clip_val': 0.16772397228668673, 'hidden_size': 38, 'dropout': 0.3365279337077562, 'hidden_continuous_size': 21, 'attention_head_size': 1, 'learning_rate': 0.050297226294075806}. Best is trial 19 with value: 101.45187377929688.
LOCAL_RANK: 0 - CUDA_VISIBLE_DEVICES: [0]
[I 2023-11-30 01:19:38,056] Trial 66 finished with value: 105.4139175415039 and parameters: {'gradient_clip_val': 0.1488255549349662, 'hidden_size': 23, 'dropout': 0.3568989323806779, 'hidden_continuous_size': 16, 'attention_head_size': 1, 'learning_rate': 0.0414403784934244}. Best is trial 19 with value: 101.45187377929688.
LOCAL_RANK: 0 - CUDA_VISIBLE_DEVICES: [0]
[I 2023-11-30 01:19:50,642] Trial 67 finished with value: 110.43991088867188 and parameters: {'gradient_clip_val': 0.13313777721449999, 'hidden_size': 35, 'dropout': 0.32219018571617614, 'hidden_continuous_size': 17, 'attention_head_size': 3, 'learning_rate': 0.015701236420990916}. Best is trial 19 with value: 101.45187377929688.
LOCAL_RANK: 0 - CUDA_VISIBLE_DEVICES: [0]
[I 2023-11-30 01:20:03,201] Trial 68 finished with value: 118.8810043334961 and parameters: {'gradient_clip_val': 0.1162498539679762, 'hidden_size': 30, 'dropout': 0.3518598491979438, 'hidden_continuous_size': 18, 'attention_head_size': 2, 'learning_rate': 0.06517125080844524}. Best is trial 19 with value: 101.45187377929688.
LOCAL_RANK: 0 - CUDA_VISIBLE_DEVICES: [0]
[I 2023-11-30 01:20:15,445] Trial 69 finished with value: 109.14273834228516 and parameters: {'gradient_clip_val': 0.15988186062737905, 'hidden_size': 28, 'dropout': 0.37267930283418044, 'hidden_continuous_size': 15, 'attention_head_size': 3, 'learning_rate': 0.024835047245325814}. Best is trial 19 with value: 101.45187377929688.
LOCAL_RANK: 0 - CUDA_VISIBLE_DEVICES: [0]
[I 2023-11-30 01:20:28,150] Trial 70 finished with value: 114.1323471069336 and parameters: {'gradient_clip_val': 0.12529347413779626, 'hidden_size': 38, 'dropout': 0.34461521298073483, 'hidden_continuous_size': 14, 'attention_head_size': 4, 'learning_rate': 0.00783704351935738}. Best is trial 19 with value: 101.45187377929688.
LOCAL_RANK: 0 - CUDA_VISIBLE_DEVICES: [0]
[I 2023-11-30 01:20:41,703] Trial 71 finished with value: 140.1793975830078 and parameters: {'gradient_clip_val': 0.1902203208873554, 'hidden_size': 66, 'dropout': 0.3118834806401576, 'hidden_continuous_size': 23, 'attention_head_size': 3, 'learning_rate': 0.012933725994587055}. Best is trial 19 with value: 101.45187377929688.
LOCAL_RANK: 0 - CUDA_VISIBLE_DEVICES: [0]
[I 2023-11-30 01:20:54,679] Trial 72 finished with value: 116.9082260131836 and parameters: {'gradient_clip_val': 0.14169856886418747, 'hidden_size': 50, 'dropout': 0.2912572218071844, 'hidden_continuous_size': 25, 'attention_head_size': 3, 'learning_rate': 0.012830926611561124}. Best is trial 19 with value: 101.45187377929688.
LOCAL_RANK: 0 - CUDA_VISIBLE_DEVICES: [0]
[I 2023-11-30 01:21:07,778] Trial 73 finished with value: 109.21317291259766 and parameters: {'gradient_clip_val': 0.1751492337034335, 'hidden_size': 55, 'dropout': 0.3128850797921601, 'hidden_continuous_size': 22, 'attention_head_size': 3, 'learning_rate': 0.01830578374292439}. Best is trial 19 with value: 101.45187377929688.
LOCAL_RANK: 0 - CUDA_VISIBLE_DEVICES: [0]
[I 2023-11-30 01:21:20,605] Trial 74 finished with value: 111.92322540283203 and parameters: {'gradient_clip_val': 0.20134581219582642, 'hidden_size': 44, 'dropout': 0.2998582349067915, 'hidden_continuous_size': 22, 'attention_head_size': 3, 'learning_rate': 0.01467861101559105}. Best is trial 19 with value: 101.45187377929688.
LOCAL_RANK: 0 - CUDA_VISIBLE_DEVICES: [0]
[I 2023-11-30 01:21:33,334] Trial 75 finished with value: 100.3393783569336 and parameters: {'gradient_clip_val': 0.15440681987442728, 'hidden_size': 41, 'dropout': 0.31944502614707254, 'hidden_continuous_size': 19, 'attention_head_size': 2, 'learning_rate': 0.010644173729187923}. Best is trial 75 with value: 100.3393783569336.
LOCAL_RANK: 0 - CUDA_VISIBLE_DEVICES: [0]
[I 2023-11-30 01:21:46,122] Trial 76 finished with value: 136.88734436035156 and parameters: {'gradient_clip_val': 0.15449588740975218, 'hidden_size': 31, 'dropout': 0.27923122140778334, 'hidden_continuous_size': 19, 'attention_head_size': 2, 'learning_rate': 0.011035917368016365}. Best is trial 75 with value: 100.3393783569336.
LOCAL_RANK: 0 - CUDA_VISIBLE_DEVICES: [0]
[I 2023-11-30 01:21:58,876] Trial 77 finished with value: 105.61580657958984 and parameters: {'gradient_clip_val': 0.13430028274770556, 'hidden_size': 42, 'dropout': 0.33431248484904663, 'hidden_continuous_size': 19, 'attention_head_size': 2, 'learning_rate': 0.009924036131373383}. Best is trial 75 with value: 100.3393783569336.
LOCAL_RANK: 0 - CUDA_VISIBLE_DEVICES: [0]
[I 2023-11-30 01:22:11,383] Trial 78 finished with value: 119.8340072631836 and parameters: {'gradient_clip_val': 0.1655106593475952, 'hidden_size': 36, 'dropout': 0.3241242209828851, 'hidden_continuous_size': 20, 'attention_head_size': 2, 'learning_rate': 0.0065622903580041915}. Best is trial 75 with value: 100.3393783569336.
LOCAL_RANK: 0 - CUDA_VISIBLE_DEVICES: [0]
[I 2023-11-30 01:22:23,327] Trial 79 finished with value: 98.8692855834961 and parameters: {'gradient_clip_val': 0.12206256845956222, 'hidden_size': 24, 'dropout': 0.3620234375776443, 'hidden_continuous_size': 17, 'attention_head_size': 1, 'learning_rate': 0.022087557956438957}. Best is trial 79 with value: 98.8692855834961.
LOCAL_RANK: 0 - CUDA_VISIBLE_DEVICES: [0]
[I 2023-11-30 01:22:35,925] Trial 80 finished with value: 116.94532012939453 and parameters: {'gradient_clip_val': 0.12215547079980331, 'hidden_size': 33, 'dropout': 0.39568048852771265, 'hidden_continuous_size': 17, 'attention_head_size': 1, 'learning_rate': 0.02132455262700977}. Best is trial 79 with value: 98.8692855834961.
LOCAL_RANK: 0 - CUDA_VISIBLE_DEVICES: [0]
[I 2023-11-30 01:22:48,351] Trial 81 finished with value: 117.64505767822266 and parameters: {'gradient_clip_val': 0.11093755349415202, 'hidden_size': 25, 'dropout': 0.3662473772389287, 'hidden_continuous_size': 18, 'attention_head_size': 1, 'learning_rate': 0.026535621470020698}. Best is trial 79 with value: 98.8692855834961.
LOCAL_RANK: 0 - CUDA_VISIBLE_DEVICES: [0]
[I 2023-11-30 01:23:00,429] Trial 82 finished with value: 113.09234619140625 and parameters: {'gradient_clip_val': 0.14786277486004593, 'hidden_size': 21, 'dropout': 0.38302087174261057, 'hidden_continuous_size': 16, 'attention_head_size': 1, 'learning_rate': 0.017033365011685637}. Best is trial 79 with value: 98.8692855834961.
LOCAL_RANK: 0 - CUDA_VISIBLE_DEVICES: [0]
[I 2023-11-30 01:23:12,871] Trial 83 finished with value: 110.9978256225586 and parameters: {'gradient_clip_val': 0.12827100273203607, 'hidden_size': 27, 'dropout': 0.3439502724989166, 'hidden_continuous_size': 20, 'attention_head_size': 1, 'learning_rate': 0.02347964148791224}. Best is trial 79 with value: 98.8692855834961.
LOCAL_RANK: 0 - CUDA_VISIBLE_DEVICES: [0]
[I 2023-11-30 01:23:24,744] Trial 84 finished with value: 122.9776382446289 and parameters: {'gradient_clip_val': 0.1412338977963679, 'hidden_size': 24, 'dropout': 0.358346140765976, 'hidden_continuous_size': 14, 'attention_head_size': 2, 'learning_rate': 0.03311493784282863}. Best is trial 79 with value: 98.8692855834961.
LOCAL_RANK: 0 - CUDA_VISIBLE_DEVICES: [0]
[I 2023-11-30 01:23:37,005] Trial 85 finished with value: 110.49747467041016 and parameters: {'gradient_clip_val': 0.1066816193915079, 'hidden_size': 29, 'dropout': 0.3338551390405235, 'hidden_continuous_size': 17, 'attention_head_size': 1, 'learning_rate': 0.03868806156639202}. Best is trial 79 with value: 98.8692855834961.
LOCAL_RANK: 0 - CUDA_VISIBLE_DEVICES: [0]
[I 2023-11-30 01:23:49,938] Trial 86 finished with value: 144.06687927246094 and parameters: {'gradient_clip_val': 0.11823749567268661, 'hidden_size': 40, 'dropout': 0.37420190045031737, 'hidden_continuous_size': 21, 'attention_head_size': 2, 'learning_rate': 0.014757828856706583}. Best is trial 79 with value: 98.8692855834961.
LOCAL_RANK: 0 - CUDA_VISIBLE_DEVICES: [0]
[I 2023-11-30 01:24:02,129] Trial 87 finished with value: 102.41281127929688 and parameters: {'gradient_clip_val': 0.13365422630427706, 'hidden_size': 22, 'dropout': 0.34997342430399436, 'hidden_continuous_size': 16, 'attention_head_size': 1, 'learning_rate': 0.01952421884245171}. Best is trial 79 with value: 98.8692855834961.
LOCAL_RANK: 0 - CUDA_VISIBLE_DEVICES: [0]
[I 2023-11-30 01:24:14,129] Trial 88 finished with value: 107.65069580078125 and parameters: {'gradient_clip_val': 0.18217034552380068, 'hidden_size': 21, 'dropout': 0.3620464704976338, 'hidden_continuous_size': 15, 'attention_head_size': 1, 'learning_rate': 0.01943677357117933}. Best is trial 79 with value: 98.8692855834961.
LOCAL_RANK: 0 - CUDA_VISIBLE_DEVICES: [0]
[I 2023-11-30 01:24:26,596] Trial 89 finished with value: 100.90066528320312 and parameters: {'gradient_clip_val': 0.15465049383221544, 'hidden_size': 33, 'dropout': 0.34878789381043024, 'hidden_continuous_size': 19, 'attention_head_size': 1, 'learning_rate': 0.017165601595612725}. Best is trial 79 with value: 98.8692855834961.
LOCAL_RANK: 0 - CUDA_VISIBLE_DEVICES: [0]
[I 2023-11-30 01:24:39,230] Trial 90 finished with value: 101.30166625976562 and parameters: {'gradient_clip_val': 0.16546884376439008, 'hidden_size': 31, 'dropout': 0.3496571385892736, 'hidden_continuous_size': 19, 'attention_head_size': 1, 'learning_rate': 0.017706216232683862}. Best is trial 79 with value: 98.8692855834961.
LOCAL_RANK: 0 - CUDA_VISIBLE_DEVICES: [0]
[I 2023-11-30 01:24:51,833] Trial 91 finished with value: 124.57392120361328 and parameters: {'gradient_clip_val': 0.163100517633095, 'hidden_size': 33, 'dropout': 0.3500295829700369, 'hidden_continuous_size': 19, 'attention_head_size': 1, 'learning_rate': 0.01697572435273454}. Best is trial 79 with value: 98.8692855834961.
LOCAL_RANK: 0 - CUDA_VISIBLE_DEVICES: [0]
[I 2023-11-30 01:25:04,366] Trial 92 finished with value: 107.2045669555664 and parameters: {'gradient_clip_val': 0.14738955498785536, 'hidden_size': 37, 'dropout': 0.3272415183322896, 'hidden_continuous_size': 18, 'attention_head_size': 1, 'learning_rate': 0.014162392326089155}. Best is trial 79 with value: 98.8692855834961.
LOCAL_RANK: 0 - CUDA_VISIBLE_DEVICES: [0]
[I 2023-11-30 01:25:16,829] Trial 93 finished with value: 119.2380599975586 and parameters: {'gradient_clip_val': 0.17451103972666498, 'hidden_size': 30, 'dropout': 0.3488236995482428, 'hidden_continuous_size': 19, 'attention_head_size': 1, 'learning_rate': 0.019679325577173987}. Best is trial 79 with value: 98.8692855834961.
LOCAL_RANK: 0 - CUDA_VISIBLE_DEVICES: [0]
[I 2023-11-30 01:25:29,544] Trial 94 finished with value: 118.10340118408203 and parameters: {'gradient_clip_val': 0.15607468775335004, 'hidden_size': 41, 'dropout': 0.34027315544874526, 'hidden_continuous_size': 18, 'attention_head_size': 1, 'learning_rate': 0.011914506375216308}. Best is trial 79 with value: 98.8692855834961.
LOCAL_RANK: 0 - CUDA_VISIBLE_DEVICES: [0]
[I 2023-11-30 01:25:41,914] Trial 95 finished with value: 101.7708740234375 and parameters: {'gradient_clip_val': 0.13769396714077325, 'hidden_size': 32, 'dropout': 0.31858694016613653, 'hidden_continuous_size': 20, 'attention_head_size': 1, 'learning_rate': 0.02215736607522126}. Best is trial 79 with value: 98.8692855834961.
LOCAL_RANK: 0 - CUDA_VISIBLE_DEVICES: [0]
[I 2023-11-30 01:25:54,694] Trial 96 finished with value: 104.2285385131836 and parameters: {'gradient_clip_val': 0.15118437687924152, 'hidden_size': 37, 'dropout': 0.3061632930062785, 'hidden_continuous_size': 20, 'attention_head_size': 1, 'learning_rate': 0.0217041604092521}. Best is trial 79 with value: 98.8692855834961.
LOCAL_RANK: 0 - CUDA_VISIBLE_DEVICES: [0]
[I 2023-11-30 01:26:06,863] Trial 97 finished with value: 102.47283935546875 and parameters: {'gradient_clip_val': 0.1402087900531999, 'hidden_size': 32, 'dropout': 0.3216891699469148, 'hidden_continuous_size': 21, 'attention_head_size': 1, 'learning_rate': 0.018385646904225294}. Best is trial 79 with value: 98.8692855834961.
LOCAL_RANK: 0 - CUDA_VISIBLE_DEVICES: [0]
[I 2023-11-30 01:26:19,394] Trial 98 finished with value: 109.48028564453125 and parameters: {'gradient_clip_val': 0.16405799270043228, 'hidden_size': 34, 'dropout': 0.33020832609486345, 'hidden_continuous_size': 20, 'attention_head_size': 1, 'learning_rate': 0.025482117107865247}. Best is trial 79 with value: 98.8692855834961.
LOCAL_RANK: 0 - CUDA_VISIBLE_DEVICES: [0]
[I 2023-11-30 01:26:32,054] Trial 99 finished with value: 109.05831909179688 and parameters: {'gradient_clip_val': 0.17995140483664912, 'hidden_size': 39, 'dropout': 0.31792311745662505, 'hidden_continuous_size': 19, 'attention_head_size': 1, 'learning_rate': 0.02958050346697073}. Best is trial 79 with value: 98.8692855834961.
LOCAL_RANK: 0 - CUDA_VISIBLE_DEVICES: [0]
[I 2023-11-30 01:26:44,864] Trial 100 finished with value: 111.09590911865234 and parameters: {'gradient_clip_val': 0.13321857001684806, 'hidden_size': 47, 'dropout': 0.3356179351452566, 'hidden_continuous_size': 21, 'attention_head_size': 1, 'learning_rate': 0.015518657317038925}. Best is trial 79 with value: 98.8692855834961.
LOCAL_RANK: 0 - CUDA_VISIBLE_DEVICES: [0]
[I 2023-11-30 01:26:57,613] Trial 101 finished with value: 111.0071792602539 and parameters: {'gradient_clip_val': 0.14019855139208773, 'hidden_size': 35, 'dropout': 0.32271597286066933, 'hidden_continuous_size': 21, 'attention_head_size': 1, 'learning_rate': 0.018266153094842964}. Best is trial 79 with value: 98.8692855834961.
LOCAL_RANK: 0 - CUDA_VISIBLE_DEVICES: [0]
[I 2023-11-30 01:27:09,804] Trial 102 finished with value: 101.2557373046875 and parameters: {'gradient_clip_val': 0.14369723805468715, 'hidden_size': 32, 'dropout': 0.31892146092467394, 'hidden_continuous_size': 20, 'attention_head_size': 1, 'learning_rate': 0.022939215912795238}. Best is trial 79 with value: 98.8692855834961.
LOCAL_RANK: 0 - CUDA_VISIBLE_DEVICES: [0]
[I 2023-11-30 01:27:22,545] Trial 103 finished with value: 116.2656478881836 and parameters: {'gradient_clip_val': 0.15752769262196215, 'hidden_size': 43, 'dropout': 0.3113443425109283, 'hidden_continuous_size': 20, 'attention_head_size': 1, 'learning_rate': 0.022496616184442417}. Best is trial 79 with value: 98.8692855834961.
LOCAL_RANK: 0 - CUDA_VISIBLE_DEVICES: [0]
[I 2023-11-30 01:27:34,712] Trial 104 finished with value: 109.50794219970703 and parameters: {'gradient_clip_val': 0.14584906087779403, 'hidden_size': 32, 'dropout': 0.35575958106444777, 'hidden_continuous_size': 19, 'attention_head_size': 1, 'learning_rate': 0.027344783092154837}. Best is trial 79 with value: 98.8692855834961.
LOCAL_RANK: 0 - CUDA_VISIBLE_DEVICES: [0]
