[I 2023-11-30 01:03:30,372] Trial 139 finished with value: 54.89015579223633 and parameters: {'gradient_clip_val': 0.11274542661762926, 'hidden_size': 33, 'dropout': 0.20229106927787882, 'hidden_continuous_size': 20, 'attention_head_size': 2, 'learning_rate': 0.09090036918321377}. Best is trial 137 with value: 49.60642623901367.
LOCAL_RANK: 0 - CUDA_VISIBLE_DEVICES: [0]
[I 2023-11-30 01:03:42,785] Trial 140 finished with value: 58.57024002075195 and parameters: {'gradient_clip_val': 0.10018388398618946, 'hidden_size': 27, 'dropout': 0.17859361255722334, 'hidden_continuous_size': 20, 'attention_head_size': 2, 'learning_rate': 0.07243309096056466}. Best is trial 137 with value: 49.60642623901367.
LOCAL_RANK: 0 - CUDA_VISIBLE_DEVICES: [0]
[I 2023-11-30 01:03:55,106] Trial 141 finished with value: 58.31708908081055 and parameters: {'gradient_clip_val': 0.12509288290981666, 'hidden_size': 24, 'dropout': 0.18709692727872917, 'hidden_continuous_size': 19, 'attention_head_size': 2, 'learning_rate': 0.07761640706026957}. Best is trial 137 with value: 49.60642623901367.
LOCAL_RANK: 0 - CUDA_VISIBLE_DEVICES: [0]
[I 2023-11-30 01:04:07,312] Trial 142 finished with value: 61.68191146850586 and parameters: {'gradient_clip_val': 0.13005896569437828, 'hidden_size': 21, 'dropout': 0.15708842069168044, 'hidden_continuous_size': 13, 'attention_head_size': 2, 'learning_rate': 0.06535461641073524}. Best is trial 137 with value: 49.60642623901367.
LOCAL_RANK: 0 - CUDA_VISIBLE_DEVICES: [0]
[I 2023-11-30 01:04:19,567] Trial 143 finished with value: 59.3073616027832 and parameters: {'gradient_clip_val': 0.1150753473517121, 'hidden_size': 26, 'dropout': 0.217347960984238, 'hidden_continuous_size': 11, 'attention_head_size': 2, 'learning_rate': 0.0523707130670339}. Best is trial 137 with value: 49.60642623901367.
LOCAL_RANK: 0 - CUDA_VISIBLE_DEVICES: [0]
[I 2023-11-30 01:04:32,090] Trial 144 finished with value: 59.17026901245117 and parameters: {'gradient_clip_val': 0.1082493580762597, 'hidden_size': 29, 'dropout': 0.16928398598003713, 'hidden_continuous_size': 18, 'attention_head_size': 2, 'learning_rate': 0.08493908084454888}. Best is trial 137 with value: 49.60642623901367.
LOCAL_RANK: 0 - CUDA_VISIBLE_DEVICES: [0]
[I 2023-11-30 01:04:44,451] Trial 145 finished with value: 54.15687942504883 and parameters: {'gradient_clip_val': 0.14098498342862636, 'hidden_size': 23, 'dropout': 0.18178483552057012, 'hidden_continuous_size': 20, 'attention_head_size': 2, 'learning_rate': 0.05970068218759921}. Best is trial 137 with value: 49.60642623901367.
LOCAL_RANK: 0 - CUDA_VISIBLE_DEVICES: [0]
[I 2023-11-30 01:04:57,011] Trial 146 finished with value: 58.0490837097168 and parameters: {'gradient_clip_val': 0.12136091559389793, 'hidden_size': 32, 'dropout': 0.18999629523049014, 'hidden_continuous_size': 19, 'attention_head_size': 2, 'learning_rate': 0.03657905512659492}. Best is trial 137 with value: 49.60642623901367.
LOCAL_RANK: 0 - CUDA_VISIBLE_DEVICES: [0]
[I 2023-11-30 01:05:10,022] Trial 147 finished with value: 59.523380279541016 and parameters: {'gradient_clip_val': 0.19796873524475922, 'hidden_size': 46, 'dropout': 0.1752236294748032, 'hidden_continuous_size': 22, 'attention_head_size': 2, 'learning_rate': 0.09807644548466954}. Best is trial 137 with value: 49.60642623901367.
LOCAL_RANK: 0 - CUDA_VISIBLE_DEVICES: [0]
[I 2023-11-30 01:05:22,349] Trial 148 finished with value: 56.19999313354492 and parameters: {'gradient_clip_val': 0.13354383767864522, 'hidden_size': 27, 'dropout': 0.14456269006193648, 'hidden_continuous_size': 21, 'attention_head_size': 2, 'learning_rate': 0.07051363945524593}. Best is trial 137 with value: 49.60642623901367.
LOCAL_RANK: 0 - CUDA_VISIBLE_DEVICES: [0]
[I 2023-11-30 01:05:34,629] Trial 149 finished with value: 56.04826736450195 and parameters: {'gradient_clip_val': 0.10446053719972083, 'hidden_size': 25, 'dropout': 0.16576479705305636, 'hidden_continuous_size': 19, 'attention_head_size': 2, 'learning_rate': 0.04611781541242488}. Best is trial 137 with value: 49.60642623901367.
[I 2023-11-30 01:05:34,740] A new study created in memory with name: no-name-33a1748c-54a9-4b7d-84df-69bd57b0f85e
/home/le004/conda/anaconda3/envs/tsff_env/lib/python3.9/site-packages/lightning/fabric/plugins/environments/slurm.py:191: The `srun` command is available on your system but is not used. HINT: If your intention is to run Lightning on SLURM, prepend your python command with `srun` like so: srun python /home/le004/master_thesis/git/TSFusionForecast/code/ ...
LOCAL_RANK: 0 - CUDA_VISIBLE_DEVICES: [0]
[I 2023-11-30 01:05:48,499] Trial 0 finished with value: 105.81221771240234 and parameters: {'gradient_clip_val': 0.6075704148965873, 'hidden_size': 88, 'dropout': 0.34107015157755544, 'hidden_continuous_size': 38, 'attention_head_size': 3, 'learning_rate': 0.005077095422659436}. Best is trial 0 with value: 105.81221771240234.
LOCAL_RANK: 0 - CUDA_VISIBLE_DEVICES: [0]
[I 2023-11-30 01:06:02,675] Trial 1 finished with value: 139.59193420410156 and parameters: {'gradient_clip_val': 0.5447837662270137, 'hidden_size': 142, 'dropout': 0.38081188851982206, 'hidden_continuous_size': 22, 'attention_head_size': 3, 'learning_rate': 0.08732133374105959}. Best is trial 0 with value: 105.81221771240234.
LOCAL_RANK: 0 - CUDA_VISIBLE_DEVICES: [0]
[I 2023-11-30 01:06:14,852] Trial 2 finished with value: 108.38863372802734 and parameters: {'gradient_clip_val': 0.2872732850687483, 'hidden_size': 18, 'dropout': 0.3209983332828567, 'hidden_continuous_size': 11, 'attention_head_size': 3, 'learning_rate': 0.07025021362654113}. Best is trial 0 with value: 105.81221771240234.
LOCAL_RANK: 0 - CUDA_VISIBLE_DEVICES: [0]
[I 2023-11-30 01:06:28,959] Trial 3 finished with value: 144.87371826171875 and parameters: {'gradient_clip_val': 0.2573116108711643, 'hidden_size': 121, 'dropout': 0.10682397418958707, 'hidden_continuous_size': 37, 'attention_head_size': 4, 'learning_rate': 0.08708014692755302}. Best is trial 0 with value: 105.81221771240234.
LOCAL_RANK: 0 - CUDA_VISIBLE_DEVICES: [0]
[I 2023-11-30 01:06:41,237] Trial 4 finished with value: 109.64862060546875 and parameters: {'gradient_clip_val': 0.9587783637592265, 'hidden_size': 22, 'dropout': 0.12853984320472434, 'hidden_continuous_size': 11, 'attention_head_size': 3, 'learning_rate': 0.023681070935940015}. Best is trial 0 with value: 105.81221771240234.
LOCAL_RANK: 0 - CUDA_VISIBLE_DEVICES: [0]
[I 2023-11-30 01:06:53,295] Trial 5 finished with value: 141.673095703125 and parameters: {'gradient_clip_val': 0.580813656000903, 'hidden_size': 14, 'dropout': 0.2326351259777147, 'hidden_continuous_size': 13, 'attention_head_size': 1, 'learning_rate': 0.006570224319256615}. Best is trial 0 with value: 105.81221771240234.
LOCAL_RANK: 0 - CUDA_VISIBLE_DEVICES: [0]
[I 2023-11-30 01:07:05,838] Trial 6 finished with value: 101.69310760498047 and parameters: {'gradient_clip_val': 0.15264238265440877, 'hidden_size': 32, 'dropout': 0.1324767598762739, 'hidden_continuous_size': 29, 'attention_head_size': 2, 'learning_rate': 0.018658070841904715}. Best is trial 6 with value: 101.69310760498047.
LOCAL_RANK: 0 - CUDA_VISIBLE_DEVICES: [0]
[I 2023-11-30 01:07:18,597] Trial 7 finished with value: 216.5313720703125 and parameters: {'gradient_clip_val': 0.1382960040896839, 'hidden_size': 40, 'dropout': 0.1548606945070859, 'hidden_continuous_size': 29, 'attention_head_size': 4, 'learning_rate': 0.0011294393404933216}. Best is trial 6 with value: 101.69310760498047.
LOCAL_RANK: 0 - CUDA_VISIBLE_DEVICES: [0]
[I 2023-11-30 01:07:32,238] Trial 8 finished with value: 122.1217041015625 and parameters: {'gradient_clip_val': 0.6159072654526164, 'hidden_size': 84, 'dropout': 0.39183412430051734, 'hidden_continuous_size': 35, 'attention_head_size': 4, 'learning_rate': 0.03495901767209751}. Best is trial 6 with value: 101.69310760498047.
LOCAL_RANK: 0 - CUDA_VISIBLE_DEVICES: [0]
[I 2023-11-30 01:07:43,963] Trial 9 finished with value: 157.9569091796875 and parameters: {'gradient_clip_val': 0.25142769854359837, 'hidden_size': 16, 'dropout': 0.23680266994003074, 'hidden_continuous_size': 13, 'attention_head_size': 1, 'learning_rate': 0.006795625866242872}. Best is trial 6 with value: 101.69310760498047.
LOCAL_RANK: 0 - CUDA_VISIBLE_DEVICES: [0]
[I 2023-11-30 01:07:54,160] Trial 10 finished with value: 129.57151794433594 and parameters: {'gradient_clip_val': 0.10086267780535488, 'hidden_size': 10, 'dropout': 0.1868594167108527, 'hidden_continuous_size': 10, 'attention_head_size': 2, 'learning_rate': 0.016806752759555413}. Best is trial 6 with value: 101.69310760498047.
LOCAL_RANK: 0 - CUDA_VISIBLE_DEVICES: [0]
[I 2023-11-30 01:08:07,829] Trial 11 finished with value: 143.0223846435547 and parameters: {'gradient_clip_val': 0.17907738355302646, 'hidden_size': 51, 'dropout': 0.31314181062737945, 'hidden_continuous_size': 50, 'attention_head_size': 2, 'learning_rate': 0.0042469853397683124}. Best is trial 6 with value: 101.69310760498047.
LOCAL_RANK: 0 - CUDA_VISIBLE_DEVICES: [0]
[I 2023-11-30 01:08:21,155] Trial 12 finished with value: 117.1655044555664 and parameters: {'gradient_clip_val': 0.39161515301017485, 'hidden_size': 64, 'dropout': 0.1846350876102395, 'hidden_continuous_size': 49, 'attention_head_size': 2, 'learning_rate': 0.01228356564845169}. Best is trial 6 with value: 101.69310760498047.
LOCAL_RANK: 0 - CUDA_VISIBLE_DEVICES: [0]
[I 2023-11-30 01:08:33,449] Trial 13 finished with value: 148.2860870361328 and parameters: {'gradient_clip_val': 0.18459557368442986, 'hidden_size': 32, 'dropout': 0.10222866943141029, 'hidden_continuous_size': 20, 'attention_head_size': 2, 'learning_rate': 0.0028902238127973645}. Best is trial 6 with value: 101.69310760498047.
LOCAL_RANK: 0 - CUDA_VISIBLE_DEVICES: [0]
[I 2023-11-30 01:08:45,970] Trial 14 finished with value: 112.19937133789062 and parameters: {'gradient_clip_val': 0.38298691129695234, 'hidden_size': 29, 'dropout': 0.2819280140272715, 'hidden_continuous_size': 18, 'attention_head_size': 3, 'learning_rate': 0.009968770916433467}. Best is trial 6 with value: 101.69310760498047.
LOCAL_RANK: 0 - CUDA_VISIBLE_DEVICES: [0]
[I 2023-11-30 01:08:59,985] Trial 15 finished with value: 111.80199432373047 and parameters: {'gradient_clip_val': 0.10316253951316931, 'hidden_size': 82, 'dropout': 0.2035549654731924, 'hidden_continuous_size': 67, 'attention_head_size': 1, 'learning_rate': 0.02861695907480771}. Best is trial 6 with value: 101.69310760498047.
LOCAL_RANK: 0 - CUDA_VISIBLE_DEVICES: [0]
[I 2023-11-30 01:09:13,150] Trial 16 finished with value: 147.6785125732422 and parameters: {'gradient_clip_val': 0.1955106376845957, 'hidden_size': 43, 'dropout': 0.26834309743205464, 'hidden_continuous_size': 25, 'attention_head_size': 3, 'learning_rate': 0.0029251226112082616}. Best is trial 6 with value: 101.69310760498047.
LOCAL_RANK: 0 - CUDA_VISIBLE_DEVICES: [0]
[I 2023-11-30 01:09:25,399] Trial 17 finished with value: 114.42764282226562 and parameters: {'gradient_clip_val': 0.9566720182213085, 'hidden_size': 28, 'dropout': 0.15328044790267525, 'hidden_continuous_size': 19, 'attention_head_size': 2, 'learning_rate': 0.04198202832880395}. Best is trial 6 with value: 101.69310760498047.
LOCAL_RANK: 0 - CUDA_VISIBLE_DEVICES: [0]
[I 2023-11-30 01:09:38,683] Trial 18 finished with value: 123.86174774169922 and parameters: {'gradient_clip_val': 0.3651227376365563, 'hidden_size': 57, 'dropout': 0.3519572156232246, 'hidden_continuous_size': 29, 'attention_head_size': 3, 'learning_rate': 0.02164571529014935}. Best is trial 6 with value: 101.69310760498047.
LOCAL_RANK: 0 - CUDA_VISIBLE_DEVICES: [0]
[I 2023-11-30 01:09:51,293] Trial 19 finished with value: 101.45187377929688 and parameters: {'gradient_clip_val': 0.1517764465551239, 'hidden_size': 35, 'dropout': 0.2859762832257957, 'hidden_continuous_size': 17, 'attention_head_size': 2, 'learning_rate': 0.014591130346363987}. Best is trial 19 with value: 101.45187377929688.
LOCAL_RANK: 0 - CUDA_VISIBLE_DEVICES: [0]
[I 2023-11-30 01:10:03,707] Trial 20 finished with value: 106.81777954101562 and parameters: {'gradient_clip_val': 0.13567555198708167, 'hidden_size': 36, 'dropout': 0.28148715952552683, 'hidden_continuous_size': 17, 'attention_head_size': 1, 'learning_rate': 0.01699001369535113}. Best is trial 19 with value: 101.45187377929688.
LOCAL_RANK: 0 - CUDA_VISIBLE_DEVICES: [0]
[I 2023-11-30 01:10:16,737] Trial 21 finished with value: 106.80403900146484 and parameters: {'gradient_clip_val': 0.21489589719576394, 'hidden_size': 45, 'dropout': 0.31350671870219105, 'hidden_continuous_size': 23, 'attention_head_size': 2, 'learning_rate': 0.01116759256593318}. Best is trial 19 with value: 101.45187377929688.
LOCAL_RANK: 0 - CUDA_VISIBLE_DEVICES: [0]
[I 2023-11-30 01:10:29,072] Trial 22 finished with value: 104.64435577392578 and parameters: {'gradient_clip_val': 0.13246176146616598, 'hidden_size': 25, 'dropout': 0.34287056084430856, 'hidden_continuous_size': 16, 'attention_head_size': 2, 'learning_rate': 0.04781725374815795}. Best is trial 19 with value: 101.45187377929688.
LOCAL_RANK: 0 - CUDA_VISIBLE_DEVICES: [0]
[I 2023-11-30 01:10:41,447] Trial 23 finished with value: 116.69754791259766 and parameters: {'gradient_clip_val': 0.1479853284506542, 'hidden_size': 23, 'dropout': 0.2508298516423066, 'hidden_continuous_size': 16, 'attention_head_size': 2, 'learning_rate': 0.04703861963801497}. Best is trial 19 with value: 101.45187377929688.
LOCAL_RANK: 0 - CUDA_VISIBLE_DEVICES: [0]
[I 2023-11-30 01:10:54,058] Trial 24 finished with value: 109.96771240234375 and parameters: {'gradient_clip_val': 0.11847168872514241, 'hidden_size': 33, 'dropout': 0.2856563277112351, 'hidden_continuous_size': 16, 'attention_head_size': 2, 'learning_rate': 0.060384825494218385}. Best is trial 19 with value: 101.45187377929688.
LOCAL_RANK: 0 - CUDA_VISIBLE_DEVICES: [0]
[I 2023-11-30 01:11:06,113] Trial 25 finished with value: 112.97505950927734 and parameters: {'gradient_clip_val': 0.15488134882746543, 'hidden_size': 25, 'dropout': 0.21559984011724606, 'hidden_continuous_size': 15, 'attention_head_size': 1, 'learning_rate': 0.03131541224757065}. Best is trial 19 with value: 101.45187377929688.
LOCAL_RANK: 0 - CUDA_VISIBLE_DEVICES: [0]
[I 2023-11-30 01:11:18,952] Trial 26 finished with value: 126.15926361083984 and parameters: {'gradient_clip_val': 0.12529870789738543, 'hidden_size': 37, 'dropout': 0.2635819488309912, 'hidden_continuous_size': 19, 'attention_head_size': 2, 'learning_rate': 0.05650513471484326}. Best is trial 19 with value: 101.45187377929688.
LOCAL_RANK: 0 - CUDA_VISIBLE_DEVICES: [0]
[I 2023-11-30 01:11:31,157] Trial 27 finished with value: 109.33780670166016 and parameters: {'gradient_clip_val': 0.1632338582511608, 'hidden_size': 21, 'dropout': 0.2965679832908224, 'hidden_continuous_size': 14, 'attention_head_size': 2, 'learning_rate': 0.04575367825210228}. Best is trial 19 with value: 101.45187377929688.
LOCAL_RANK: 0 - CUDA_VISIBLE_DEVICES: [0]
[I 2023-11-30 01:11:43,639] Trial 28 finished with value: 109.0642318725586 and parameters: {'gradient_clip_val': 0.11495560830994929, 'hidden_size': 30, 'dropout': 0.3613380556381824, 'hidden_continuous_size': 17, 'attention_head_size': 1, 'learning_rate': 0.0222049167114387}. Best is trial 19 with value: 101.45187377929688.
LOCAL_RANK: 0 - CUDA_VISIBLE_DEVICES: [0]
[I 2023-11-30 01:11:56,364] Trial 29 finished with value: 159.0967559814453 and parameters: {'gradient_clip_val': 0.21879078193314197, 'hidden_size': 48, 'dropout': 0.33737450220621545, 'hidden_continuous_size': 21, 'attention_head_size': 2, 'learning_rate': 0.09982218862924933}. Best is trial 19 with value: 101.45187377929688.
LOCAL_RANK: 0 - CUDA_VISIBLE_DEVICES: [0]
[I 2023-11-30 01:12:09,026] Trial 30 finished with value: 101.78662109375 and parameters: {'gradient_clip_val': 0.1610758128227523, 'hidden_size': 38, 'dropout': 0.3346399618986503, 'hidden_continuous_size': 19, 'attention_head_size': 1, 'learning_rate': 0.0332575911713367}. Best is trial 19 with value: 101.45187377929688.
LOCAL_RANK: 0 - CUDA_VISIBLE_DEVICES: [0]
[I 2023-11-30 01:12:21,758] Trial 31 finished with value: 107.56055450439453 and parameters: {'gradient_clip_val': 0.15801261105053255, 'hidden_size': 36, 'dropout': 0.3271142323771927, 'hidden_continuous_size': 18, 'attention_head_size': 1, 'learning_rate': 0.0355445822745921}. Best is trial 19 with value: 101.45187377929688.
LOCAL_RANK: 0 - CUDA_VISIBLE_DEVICES: [0]
[I 2023-11-30 01:12:33,963] Trial 32 finished with value: 103.38301849365234 and parameters: {'gradient_clip_val': 0.12767370772094652, 'hidden_size': 26, 'dropout': 0.36719823291198395, 'hidden_continuous_size': 15, 'attention_head_size': 1, 'learning_rate': 0.01601484244074341}. Best is trial 19 with value: 101.45187377929688.
LOCAL_RANK: 0 - CUDA_VISIBLE_DEVICES: [0]
[I 2023-11-30 01:12:46,525] Trial 33 finished with value: 120.3648681640625 and parameters: {'gradient_clip_val': 0.170247855603136, 'hidden_size': 40, 'dropout': 0.3760882843263042, 'hidden_continuous_size': 21, 'attention_head_size': 1, 'learning_rate': 0.015333807495740807}. Best is trial 19 with value: 101.45187377929688.
LOCAL_RANK: 0 - CUDA_VISIBLE_DEVICES: [0]
[I 2023-11-30 01:12:58,696] Trial 34 finished with value: 108.0067138671875 and parameters: {'gradient_clip_val': 0.14273210787589685, 'hidden_size': 29, 'dropout': 0.3998690870704906, 'hidden_continuous_size': 15, 'attention_head_size': 1, 'learning_rate': 0.023824441116105453}. Best is trial 19 with value: 101.45187377929688.
LOCAL_RANK: 0 - CUDA_VISIBLE_DEVICES: [0]
[I 2023-11-30 01:13:10,780] Trial 35 finished with value: 147.19102478027344 and parameters: {'gradient_clip_val': 0.11016739025672355, 'hidden_size': 19, 'dropout': 0.35393759873739616, 'hidden_continuous_size': 14, 'attention_head_size': 1, 'learning_rate': 0.014452757981865247}. Best is trial 19 with value: 101.45187377929688.
LOCAL_RANK: 0 - CUDA_VISIBLE_DEVICES: [0]
[I 2023-11-30 01:13:23,332] Trial 36 finished with value: 111.05682373046875 and parameters: {'gradient_clip_val': 0.11813669856224687, 'hidden_size': 27, 'dropout': 0.3716166755482887, 'hidden_continuous_size': 18, 'attention_head_size': 1, 'learning_rate': 0.01989632687948203}. Best is trial 19 with value: 101.45187377929688.
LOCAL_RANK: 0 - CUDA_VISIBLE_DEVICES: [0]
[I 2023-11-30 01:13:35,923] Trial 37 finished with value: 111.1887435913086 and parameters: {'gradient_clip_val': 0.12858956792723064, 'hidden_size': 34, 'dropout': 0.3065371453270936, 'hidden_continuous_size': 23, 'attention_head_size': 1, 'learning_rate': 0.026041602919243692}. Best is trial 19 with value: 101.45187377929688.
LOCAL_RANK: 0 - CUDA_VISIBLE_DEVICES: [0]
[I 2023-11-30 01:13:48,361] Trial 38 finished with value: 107.36328125 and parameters: {'gradient_clip_val': 0.15489468654292582, 'hidden_size': 40, 'dropout': 0.3266804116790104, 'hidden_continuous_size': 12, 'attention_head_size': 3, 'learning_rate': 0.03024403662786891}. Best is trial 19 with value: 101.45187377929688.
LOCAL_RANK: 0 - CUDA_VISIBLE_DEVICES: [0]
[I 2023-11-30 01:14:00,545] Trial 39 finished with value: 164.15652465820312 and parameters: {'gradient_clip_val': 0.17019695923115727, 'hidden_size': 23, 'dropout': 0.3820212947144802, 'hidden_continuous_size': 14, 'attention_head_size': 1, 'learning_rate': 0.009180442687583364}. Best is trial 19 with value: 101.45187377929688.
LOCAL_RANK: 0 - CUDA_VISIBLE_DEVICES: [0]
[I 2023-11-30 01:14:13,108] Trial 40 finished with value: 108.63287353515625 and parameters: {'gradient_clip_val': 0.20505392739054432, 'hidden_size': 32, 'dropout': 0.34040512472751505, 'hidden_continuous_size': 19, 'attention_head_size': 4, 'learning_rate': 0.0182632858680377}. Best is trial 19 with value: 101.45187377929688.
LOCAL_RANK: 0 - CUDA_VISIBLE_DEVICES: [0]
[I 2023-11-30 01:14:25,643] Trial 41 finished with value: 114.20793914794922 and parameters: {'gradient_clip_val': 0.1352217455135067, 'hidden_size': 25, 'dropout': 0.3385023627511184, 'hidden_continuous_size': 17, 'attention_head_size': 2, 'learning_rate': 0.0784050869725302}. Best is trial 19 with value: 101.45187377929688.
LOCAL_RANK: 0 - CUDA_VISIBLE_DEVICES: [0]
[I 2023-11-30 01:14:37,659] Trial 42 finished with value: 103.7834243774414 and parameters: {'gradient_clip_val': 0.1296927589607879, 'hidden_size': 20, 'dropout': 0.3650077517606323, 'hidden_continuous_size': 15, 'attention_head_size': 2, 'learning_rate': 0.0373674778371443}. Best is trial 19 with value: 101.45187377929688.
LOCAL_RANK: 0 - CUDA_VISIBLE_DEVICES: [0]
[I 2023-11-30 01:14:49,502] Trial 43 finished with value: 117.17325592041016 and parameters: {'gradient_clip_val': 0.10362847199614351, 'hidden_size': 20, 'dropout': 0.36336684199679925, 'hidden_continuous_size': 15, 'attention_head_size': 2, 'learning_rate': 0.013384804374454193}. Best is trial 19 with value: 101.45187377929688.
LOCAL_RANK: 0 - CUDA_VISIBLE_DEVICES: [0]
[I 2023-11-30 01:15:01,651] Trial 44 finished with value: 113.74566650390625 and parameters: {'gradient_clip_val': 0.18234991027185268, 'hidden_size': 17, 'dropout': 0.38452424799644513, 'hidden_continuous_size': 12, 'attention_head_size': 2, 'learning_rate': 0.024899818451763873}. Best is trial 19 with value: 101.45187377929688.
LOCAL_RANK: 0 - CUDA_VISIBLE_DEVICES: [0]
[I 2023-11-30 01:15:13,812] Trial 45 finished with value: 109.05571746826172 and parameters: {'gradient_clip_val': 0.14525093751698487, 'hidden_size': 19, 'dropout': 0.3669308731571877, 'hidden_continuous_size': 15, 'attention_head_size': 3, 'learning_rate': 0.035328595872300785}. Best is trial 19 with value: 101.45187377929688.
LOCAL_RANK: 0 - CUDA_VISIBLE_DEVICES: [0]
