[I 2023-11-30 15:13:39,173] Trial 95 finished with value: 28.791528701782227 and parameters: {'gradient_clip_val': 0.1562426963699963, 'hidden_size': 49, 'dropout': 0.24814214946320098, 'hidden_continuous_size': 11, 'attention_head_size': 4, 'learning_rate': 0.013355619386033158}. Best is trial 40 with value: 25.056386947631836.
LOCAL_RANK: 0 - CUDA_VISIBLE_DEVICES: [0]
[I 2023-11-30 15:13:51,884] Trial 96 finished with value: 29.286149978637695 and parameters: {'gradient_clip_val': 0.17369837937145569, 'hidden_size': 43, 'dropout': 0.21760208357430721, 'hidden_continuous_size': 13, 'attention_head_size': 4, 'learning_rate': 0.02533269998412268}. Best is trial 40 with value: 25.056386947631836.
LOCAL_RANK: 0 - CUDA_VISIBLE_DEVICES: [0]
[I 2023-11-30 15:14:04,588] Trial 97 finished with value: 43.395233154296875 and parameters: {'gradient_clip_val': 0.10091456240075769, 'hidden_size': 47, 'dropout': 0.19796781170933686, 'hidden_continuous_size': 10, 'attention_head_size': 4, 'learning_rate': 0.03174232642542058}. Best is trial 40 with value: 25.056386947631836.
LOCAL_RANK: 0 - CUDA_VISIBLE_DEVICES: [0]
[I 2023-11-30 15:14:17,235] Trial 98 finished with value: 31.6512508392334 and parameters: {'gradient_clip_val': 0.14874929931369663, 'hidden_size': 33, 'dropout': 0.17115561722941558, 'hidden_continuous_size': 11, 'attention_head_size': 4, 'learning_rate': 0.021351729914777934}. Best is trial 40 with value: 25.056386947631836.
LOCAL_RANK: 0 - CUDA_VISIBLE_DEVICES: [0]
[I 2023-11-30 15:14:30,072] Trial 99 finished with value: 46.508609771728516 and parameters: {'gradient_clip_val': 0.21738230161793706, 'hidden_size': 45, 'dropout': 0.1906236213908361, 'hidden_continuous_size': 12, 'attention_head_size': 4, 'learning_rate': 0.017709215958112347}. Best is trial 40 with value: 25.056386947631836.
LOCAL_RANK: 0 - CUDA_VISIBLE_DEVICES: [0]
[I 2023-11-30 15:14:42,816] Trial 100 finished with value: 42.15579605102539 and parameters: {'gradient_clip_val': 0.2282039710191951, 'hidden_size': 35, 'dropout': 0.18207014667425464, 'hidden_continuous_size': 10, 'attention_head_size': 3, 'learning_rate': 0.04051052769395342}. Best is trial 40 with value: 25.056386947631836.
LOCAL_RANK: 0 - CUDA_VISIBLE_DEVICES: [0]
[I 2023-11-30 15:14:55,835] Trial 101 finished with value: 27.90958595275879 and parameters: {'gradient_clip_val': 0.1897219064774159, 'hidden_size': 63, 'dropout': 0.20887482215877787, 'hidden_continuous_size': 10, 'attention_head_size': 4, 'learning_rate': 0.018624967482982126}. Best is trial 40 with value: 25.056386947631836.
LOCAL_RANK: 0 - CUDA_VISIBLE_DEVICES: [0]
[I 2023-11-30 15:15:10,273] Trial 102 finished with value: 43.61477279663086 and parameters: {'gradient_clip_val': 0.19988268209595592, 'hidden_size': 64, 'dropout': 0.206802383826471, 'hidden_continuous_size': 34, 'attention_head_size': 4, 'learning_rate': 0.02628278829385368}. Best is trial 40 with value: 25.056386947631836.
LOCAL_RANK: 0 - CUDA_VISIBLE_DEVICES: [0]
[I 2023-11-30 15:15:23,726] Trial 103 finished with value: 42.51427459716797 and parameters: {'gradient_clip_val': 0.18724528865331344, 'hidden_size': 59, 'dropout': 0.22540854044416794, 'hidden_continuous_size': 11, 'attention_head_size': 4, 'learning_rate': 0.020299477466260332}. Best is trial 40 with value: 25.056386947631836.
LOCAL_RANK: 0 - CUDA_VISIBLE_DEVICES: [0]
[I 2023-11-30 15:15:37,149] Trial 104 finished with value: 44.2234001159668 and parameters: {'gradient_clip_val': 0.1660294016321946, 'hidden_size': 41, 'dropout': 0.21502468622224064, 'hidden_continuous_size': 10, 'attention_head_size': 4, 'learning_rate': 0.015458840507487567}. Best is trial 40 with value: 25.056386947631836.
LOCAL_RANK: 0 - CUDA_VISIBLE_DEVICES: [0]
[I 2023-11-30 15:15:50,713] Trial 105 finished with value: 25.96210289001465 and parameters: {'gradient_clip_val': 0.17373162974165654, 'hidden_size': 63, 'dropout': 0.23334672295196113, 'hidden_continuous_size': 14, 'attention_head_size': 4, 'learning_rate': 0.013187542557338911}. Best is trial 40 with value: 25.056386947631836.
LOCAL_RANK: 0 - CUDA_VISIBLE_DEVICES: [0]
[I 2023-11-30 15:16:04,146] Trial 106 finished with value: 53.24607467651367 and parameters: {'gradient_clip_val': 0.13613803037505204, 'hidden_size': 19, 'dropout': 0.23518971094733532, 'hidden_continuous_size': 13, 'attention_head_size': 4, 'learning_rate': 0.009685059078678001}. Best is trial 40 with value: 25.056386947631836.
LOCAL_RANK: 0 - CUDA_VISIBLE_DEVICES: [0]
[I 2023-11-30 15:16:17,869] Trial 107 finished with value: 56.6292610168457 and parameters: {'gradient_clip_val': 0.17620275702012173, 'hidden_size': 52, 'dropout': 0.22346128457602774, 'hidden_continuous_size': 15, 'attention_head_size': 4, 'learning_rate': 0.03549946328910944}. Best is trial 40 with value: 25.056386947631836.
LOCAL_RANK: 0 - CUDA_VISIBLE_DEVICES: [0]
[I 2023-11-30 15:16:31,518] Trial 108 finished with value: 26.832910537719727 and parameters: {'gradient_clip_val': 0.15739225498298492, 'hidden_size': 56, 'dropout': 0.24401817995549008, 'hidden_continuous_size': 14, 'attention_head_size': 4, 'learning_rate': 0.012632572518234565}. Best is trial 40 with value: 25.056386947631836.
LOCAL_RANK: 0 - CUDA_VISIBLE_DEVICES: [0]
[I 2023-11-30 15:16:45,058] Trial 109 finished with value: 29.290321350097656 and parameters: {'gradient_clip_val': 0.1575886853269913, 'hidden_size': 58, 'dropout': 0.2643426154657097, 'hidden_continuous_size': 14, 'attention_head_size': 4, 'learning_rate': 0.012492674833073286}. Best is trial 40 with value: 25.056386947631836.
LOCAL_RANK: 0 - CUDA_VISIBLE_DEVICES: [0]
[I 2023-11-30 15:16:58,913] Trial 110 finished with value: 23.925607681274414 and parameters: {'gradient_clip_val': 0.14773921811321714, 'hidden_size': 56, 'dropout': 0.24381090930005284, 'hidden_continuous_size': 16, 'attention_head_size': 3, 'learning_rate': 0.029426658662758814}. Best is trial 110 with value: 23.925607681274414.
LOCAL_RANK: 0 - CUDA_VISIBLE_DEVICES: [0]
[I 2023-11-30 15:17:12,689] Trial 111 finished with value: 38.816864013671875 and parameters: {'gradient_clip_val': 0.14651097895564114, 'hidden_size': 62, 'dropout': 0.2505110173215572, 'hidden_continuous_size': 14, 'attention_head_size': 3, 'learning_rate': 0.0313051030458034}. Best is trial 110 with value: 23.925607681274414.
LOCAL_RANK: 0 - CUDA_VISIBLE_DEVICES: [0]
[I 2023-11-30 15:17:26,286] Trial 112 finished with value: 50.121337890625 and parameters: {'gradient_clip_val': 0.10562489907077258, 'hidden_size': 59, 'dropout': 0.24360005406865307, 'hidden_continuous_size': 15, 'attention_head_size': 3, 'learning_rate': 0.04567187502838239}. Best is trial 110 with value: 23.925607681274414.
LOCAL_RANK: 0 - CUDA_VISIBLE_DEVICES: [0]
[I 2023-11-30 15:17:40,037] Trial 113 finished with value: 50.02839279174805 and parameters: {'gradient_clip_val': 0.12059207864834273, 'hidden_size': 67, 'dropout': 0.23858761576525073, 'hidden_continuous_size': 16, 'attention_head_size': 3, 'learning_rate': 0.03821058206130643}. Best is trial 110 with value: 23.925607681274414.
LOCAL_RANK: 0 - CUDA_VISIBLE_DEVICES: [0]
[I 2023-11-30 15:17:53,506] Trial 114 finished with value: 34.19538497924805 and parameters: {'gradient_clip_val': 0.13094184936133074, 'hidden_size': 54, 'dropout': 0.25789078518837893, 'hidden_continuous_size': 13, 'attention_head_size': 3, 'learning_rate': 0.02849826882871321}. Best is trial 110 with value: 23.925607681274414.
LOCAL_RANK: 0 - CUDA_VISIBLE_DEVICES: [0]
[I 2023-11-30 15:18:07,257] Trial 115 finished with value: 24.606447219848633 and parameters: {'gradient_clip_val': 0.1532010829873326, 'hidden_size': 56, 'dropout': 0.23202284174259252, 'hidden_continuous_size': 17, 'attention_head_size': 3, 'learning_rate': 0.02344037926796941}. Best is trial 110 with value: 23.925607681274414.
LOCAL_RANK: 0 - CUDA_VISIBLE_DEVICES: [0]
[I 2023-11-30 15:18:20,476] Trial 116 finished with value: 34.76605224609375 and parameters: {'gradient_clip_val': 0.1535671328243725, 'hidden_size': 56, 'dropout': 0.2434234110468329, 'hidden_continuous_size': 17, 'attention_head_size': 3, 'learning_rate': 0.024241804966282907}. Best is trial 110 with value: 23.925607681274414.
LOCAL_RANK: 0 - CUDA_VISIBLE_DEVICES: [0]
[I 2023-11-30 15:18:33,944] Trial 117 finished with value: 47.35036849975586 and parameters: {'gradient_clip_val': 0.13934652415375232, 'hidden_size': 49, 'dropout': 0.23388023870507554, 'hidden_continuous_size': 18, 'attention_head_size': 3, 'learning_rate': 0.03591091021084435}. Best is trial 110 with value: 23.925607681274414.
LOCAL_RANK: 0 - CUDA_VISIBLE_DEVICES: [0]
[I 2023-11-30 15:18:47,530] Trial 118 finished with value: 48.53690719604492 and parameters: {'gradient_clip_val': 0.12733592866718393, 'hidden_size': 52, 'dropout': 0.24823326878744134, 'hidden_continuous_size': 15, 'attention_head_size': 3, 'learning_rate': 0.029068874857481226}. Best is trial 110 with value: 23.925607681274414.
LOCAL_RANK: 0 - CUDA_VISIBLE_DEVICES: [0]
[I 2023-11-30 15:19:00,472] Trial 119 finished with value: 42.06888961791992 and parameters: {'gradient_clip_val': 0.16138569845338266, 'hidden_size': 21, 'dropout': 0.25261605035546664, 'hidden_continuous_size': 14, 'attention_head_size': 3, 'learning_rate': 0.03270583446531183}. Best is trial 110 with value: 23.925607681274414.
LOCAL_RANK: 0 - CUDA_VISIBLE_DEVICES: [0]
[I 2023-11-30 15:19:14,719] Trial 120 finished with value: 29.26190757751465 and parameters: {'gradient_clip_val': 0.11274940081573188, 'hidden_size': 57, 'dropout': 0.2685400770010767, 'hidden_continuous_size': 16, 'attention_head_size': 3, 'learning_rate': 0.043510675246040145}. Best is trial 110 with value: 23.925607681274414.
LOCAL_RANK: 0 - CUDA_VISIBLE_DEVICES: [0]
[I 2023-11-30 15:19:28,157] Trial 121 finished with value: 51.14704895019531 and parameters: {'gradient_clip_val': 0.14974700201347715, 'hidden_size': 64, 'dropout': 0.23108575186524666, 'hidden_continuous_size': 12, 'attention_head_size': 4, 'learning_rate': 0.02262985489487678}. Best is trial 110 with value: 23.925607681274414.
LOCAL_RANK: 0 - CUDA_VISIBLE_DEVICES: [0]
[I 2023-11-30 15:19:41,549] Trial 122 finished with value: 34.046085357666016 and parameters: {'gradient_clip_val': 0.17914615115919685, 'hidden_size': 48, 'dropout': 0.2202062654891332, 'hidden_continuous_size': 14, 'attention_head_size': 4, 'learning_rate': 0.01392444032302317}. Best is trial 110 with value: 23.925607681274414.
LOCAL_RANK: 0 - CUDA_VISIBLE_DEVICES: [0]
[I 2023-11-30 15:19:56,041] Trial 123 finished with value: 58.210079193115234 and parameters: {'gradient_clip_val': 0.1414876147479526, 'hidden_size': 54, 'dropout': 0.239020274412993, 'hidden_continuous_size': 13, 'attention_head_size': 4, 'learning_rate': 0.026909583943337506}. Best is trial 110 with value: 23.925607681274414.
LOCAL_RANK: 0 - CUDA_VISIBLE_DEVICES: [0]
[I 2023-11-30 15:20:09,427] Trial 124 finished with value: 53.02462387084961 and parameters: {'gradient_clip_val': 0.20555364776062218, 'hidden_size': 17, 'dropout': 0.19782084574677236, 'hidden_continuous_size': 13, 'attention_head_size': 3, 'learning_rate': 0.011079209819197001}. Best is trial 110 with value: 23.925607681274414.
LOCAL_RANK: 0 - CUDA_VISIBLE_DEVICES: [0]
[I 2023-11-30 15:20:23,415] Trial 125 finished with value: 47.96995162963867 and parameters: {'gradient_clip_val': 0.15817149531935282, 'hidden_size': 61, 'dropout': 0.21467162447309154, 'hidden_continuous_size': 17, 'attention_head_size': 4, 'learning_rate': 0.01570814279392093}. Best is trial 110 with value: 23.925607681274414.
LOCAL_RANK: 0 - CUDA_VISIBLE_DEVICES: [0]
[I 2023-11-30 15:20:37,306] Trial 126 finished with value: 36.81321716308594 and parameters: {'gradient_clip_val': 0.16916581104996953, 'hidden_size': 51, 'dropout': 0.2019316171155216, 'hidden_continuous_size': 16, 'attention_head_size': 4, 'learning_rate': 0.014765980684402219}. Best is trial 110 with value: 23.925607681274414.
LOCAL_RANK: 0 - CUDA_VISIBLE_DEVICES: [0]
[I 2023-11-30 15:20:51,688] Trial 127 finished with value: 37.63149642944336 and parameters: {'gradient_clip_val': 0.19382105897936328, 'hidden_size': 70, 'dropout': 0.25941326777239, 'hidden_continuous_size': 12, 'attention_head_size': 4, 'learning_rate': 0.013318252161357015}. Best is trial 110 with value: 23.925607681274414.
LOCAL_RANK: 0 - CUDA_VISIBLE_DEVICES: [0]
[I 2023-11-30 15:21:05,241] Trial 128 finished with value: 33.80523681640625 and parameters: {'gradient_clip_val': 0.1646798499042394, 'hidden_size': 43, 'dropout': 0.22719426267346832, 'hidden_continuous_size': 15, 'attention_head_size': 3, 'learning_rate': 0.058616309625371184}. Best is trial 110 with value: 23.925607681274414.
LOCAL_RANK: 0 - CUDA_VISIBLE_DEVICES: [0]
[I 2023-11-30 15:21:18,959] Trial 129 finished with value: 43.70893478393555 and parameters: {'gradient_clip_val': 0.1441981515238577, 'hidden_size': 66, 'dropout': 0.1884942326703963, 'hidden_continuous_size': 12, 'attention_head_size': 4, 'learning_rate': 0.023611271366312383}. Best is trial 110 with value: 23.925607681274414.
LOCAL_RANK: 0 - CUDA_VISIBLE_DEVICES: [0]
[I 2023-11-30 15:21:33,188] Trial 130 finished with value: 55.8896598815918 and parameters: {'gradient_clip_val': 0.13454449317254946, 'hidden_size': 74, 'dropout': 0.21189434795423653, 'hidden_continuous_size': 18, 'attention_head_size': 4, 'learning_rate': 0.04112824722556521}. Best is trial 110 with value: 23.925607681274414.
LOCAL_RANK: 0 - CUDA_VISIBLE_DEVICES: [0]
[I 2023-11-30 15:21:46,926] Trial 131 finished with value: 29.172338485717773 and parameters: {'gradient_clip_val': 0.1733176114180458, 'hidden_size': 46, 'dropout': 0.22957485232210084, 'hidden_continuous_size': 14, 'attention_head_size': 4, 'learning_rate': 0.017560969229440577}. Best is trial 110 with value: 23.925607681274414.
LOCAL_RANK: 0 - CUDA_VISIBLE_DEVICES: [0]
[I 2023-11-30 15:22:00,346] Trial 132 finished with value: 26.126220703125 and parameters: {'gradient_clip_val': 0.1832384598867606, 'hidden_size': 38, 'dropout': 0.2217977020471314, 'hidden_continuous_size': 13, 'attention_head_size': 4, 'learning_rate': 0.02003699513440559}. Best is trial 110 with value: 23.925607681274414.
LOCAL_RANK: 0 - CUDA_VISIBLE_DEVICES: [0]
[I 2023-11-30 15:22:13,028] Trial 133 finished with value: 26.654874801635742 and parameters: {'gradient_clip_val': 0.1803149573655759, 'hidden_size': 38, 'dropout': 0.2192499043624463, 'hidden_continuous_size': 13, 'attention_head_size': 4, 'learning_rate': 0.02057124694738137}. Best is trial 110 with value: 23.925607681274414.
LOCAL_RANK: 0 - CUDA_VISIBLE_DEVICES: [0]
[I 2023-11-30 15:22:25,657] Trial 134 finished with value: 47.29766845703125 and parameters: {'gradient_clip_val': 0.18023537540312584, 'hidden_size': 38, 'dropout': 0.21998207972395623, 'hidden_continuous_size': 13, 'attention_head_size': 4, 'learning_rate': 0.022069598264052196}. Best is trial 110 with value: 23.925607681274414.
LOCAL_RANK: 0 - CUDA_VISIBLE_DEVICES: [0]
[I 2023-11-30 15:22:38,440] Trial 135 finished with value: 33.137657165527344 and parameters: {'gradient_clip_val': 0.15324584229584132, 'hidden_size': 39, 'dropout': 0.23356358648732747, 'hidden_continuous_size': 13, 'attention_head_size': 4, 'learning_rate': 0.02493182743382623}. Best is trial 110 with value: 23.925607681274414.
LOCAL_RANK: 0 - CUDA_VISIBLE_DEVICES: [0]
[I 2023-11-30 15:22:51,218] Trial 136 finished with value: 29.914718627929688 and parameters: {'gradient_clip_val': 0.16397222048623214, 'hidden_size': 31, 'dropout': 0.2436510526533829, 'hidden_continuous_size': 14, 'attention_head_size': 4, 'learning_rate': 0.021026652577367626}. Best is trial 110 with value: 23.925607681274414.
LOCAL_RANK: 0 - CUDA_VISIBLE_DEVICES: [0]
[I 2023-11-30 15:23:03,815] Trial 137 finished with value: 37.202144622802734 and parameters: {'gradient_clip_val': 0.18317927038153922, 'hidden_size': 36, 'dropout': 0.22280989833756748, 'hidden_continuous_size': 17, 'attention_head_size': 4, 'learning_rate': 0.027730628632888922}. Best is trial 110 with value: 23.925607681274414.
LOCAL_RANK: 0 - CUDA_VISIBLE_DEVICES: [0]
[I 2023-11-30 15:23:16,594] Trial 138 finished with value: 31.102251052856445 and parameters: {'gradient_clip_val': 0.19304251833315125, 'hidden_size': 42, 'dropout': 0.2551214432581472, 'hidden_continuous_size': 14, 'attention_head_size': 4, 'learning_rate': 0.01974289444362675}. Best is trial 110 with value: 23.925607681274414.
LOCAL_RANK: 0 - CUDA_VISIBLE_DEVICES: [0]
[I 2023-11-30 15:23:29,445] Trial 139 finished with value: 49.127681732177734 and parameters: {'gradient_clip_val': 0.11607075556858523, 'hidden_size': 34, 'dropout': 0.21525375880455216, 'hidden_continuous_size': 19, 'attention_head_size': 3, 'learning_rate': 0.03461478664891051}. Best is trial 110 with value: 23.925607681274414.
LOCAL_RANK: 0 - CUDA_VISIBLE_DEVICES: [0]
[I 2023-11-30 15:23:42,858] Trial 140 finished with value: 36.286014556884766 and parameters: {'gradient_clip_val': 0.14877535480171666, 'hidden_size': 44, 'dropout': 0.2386355661248669, 'hidden_continuous_size': 13, 'attention_head_size': 4, 'learning_rate': 0.030310066249318837}. Best is trial 110 with value: 23.925607681274414.
LOCAL_RANK: 0 - CUDA_VISIBLE_DEVICES: [0]
[I 2023-11-30 15:23:56,665] Trial 141 finished with value: 33.605621337890625 and parameters: {'gradient_clip_val': 0.20345822992436763, 'hidden_size': 37, 'dropout': 0.20544508960246888, 'hidden_continuous_size': 12, 'attention_head_size': 4, 'learning_rate': 0.017076189702255568}. Best is trial 110 with value: 23.925607681274414.
LOCAL_RANK: 0 - CUDA_VISIBLE_DEVICES: [0]
[I 2023-11-30 15:24:10,631] Trial 142 finished with value: 43.7833137512207 and parameters: {'gradient_clip_val': 0.17432910732950133, 'hidden_size': 60, 'dropout': 0.19735420103170098, 'hidden_continuous_size': 12, 'attention_head_size': 4, 'learning_rate': 0.016312976931124594}. Best is trial 110 with value: 23.925607681274414.
LOCAL_RANK: 0 - CUDA_VISIBLE_DEVICES: [0]
[I 2023-11-30 15:24:24,044] Trial 143 finished with value: 29.16721534729004 and parameters: {'gradient_clip_val': 0.21244867118138908, 'hidden_size': 41, 'dropout': 0.21009472981212146, 'hidden_continuous_size': 15, 'attention_head_size': 4, 'learning_rate': 0.019198651116775503}. Best is trial 110 with value: 23.925607681274414.
LOCAL_RANK: 0 - CUDA_VISIBLE_DEVICES: [0]
[I 2023-11-30 15:24:37,151] Trial 144 finished with value: 34.04708480834961 and parameters: {'gradient_clip_val': 0.15628120573346674, 'hidden_size': 23, 'dropout': 0.22489376800095273, 'hidden_continuous_size': 13, 'attention_head_size': 4, 'learning_rate': 0.015290775880148799}. Best is trial 110 with value: 23.925607681274414.
LOCAL_RANK: 0 - CUDA_VISIBLE_DEVICES: [0]
[I 2023-11-30 15:24:50,170] Trial 145 finished with value: 43.07353210449219 and parameters: {'gradient_clip_val': 0.18634271311195363, 'hidden_size': 28, 'dropout': 0.21736679457575148, 'hidden_continuous_size': 13, 'attention_head_size': 4, 'learning_rate': 0.04733694859022856}. Best is trial 110 with value: 23.925607681274414.
LOCAL_RANK: 0 - CUDA_VISIBLE_DEVICES: [0]
[I 2023-11-30 15:25:04,305] Trial 146 finished with value: 27.597890853881836 and parameters: {'gradient_clip_val': 0.2289088211316956, 'hidden_size': 55, 'dropout': 0.20437886251881052, 'hidden_continuous_size': 11, 'attention_head_size': 4, 'learning_rate': 0.013552916942186433}. Best is trial 110 with value: 23.925607681274414.
LOCAL_RANK: 0 - CUDA_VISIBLE_DEVICES: [0]
[I 2023-11-30 15:25:16,887] Trial 147 finished with value: 28.677885055541992 and parameters: {'gradient_clip_val': 0.10870027852247563, 'hidden_size': 16, 'dropout': 0.17859016471621847, 'hidden_continuous_size': 13, 'attention_head_size': 4, 'learning_rate': 0.038839525248666205}. Best is trial 110 with value: 23.925607681274414.
LOCAL_RANK: 0 - CUDA_VISIBLE_DEVICES: [0]
[I 2023-11-30 15:25:29,895] Trial 148 finished with value: 43.10960006713867 and parameters: {'gradient_clip_val': 0.16603009366189111, 'hidden_size': 40, 'dropout': 0.23492141722157267, 'hidden_continuous_size': 14, 'attention_head_size': 4, 'learning_rate': 0.02094058303922023}. Best is trial 110 with value: 23.925607681274414.
LOCAL_RANK: 0 - CUDA_VISIBLE_DEVICES: [0]
[I 2023-11-30 15:25:44,079] Trial 149 finished with value: 29.131643295288086 and parameters: {'gradient_clip_val': 0.12182695680380509, 'hidden_size': 83, 'dropout': 0.16290732251725049, 'hidden_continuous_size': 11, 'attention_head_size': 4, 'learning_rate': 0.012452018921843356}. Best is trial 110 with value: 23.925607681274414.
[I 2023-11-30 15:25:44,194] A new study created in memory with name: no-name-f6f71bd9-8021-4e82-88d2-4b064a7fdbfe
/home/le004/conda/anaconda3/envs/tsff_env/lib/python3.9/site-packages/lightning/fabric/plugins/environments/slurm.py:191: The `srun` command is available on your system but is not used. HINT: If your intention is to run Lightning on SLURM, prepend your python command with `srun` like so: srun python /home/le004/master_thesis/git/TSFusionForecast/code/ ...
LOCAL_RANK: 0 - CUDA_VISIBLE_DEVICES: [0]
[I 2023-11-30 15:25:55,380] Trial 0 finished with value: 310.7953796386719 and parameters: {'gradient_clip_val': 0.30467902747608566, 'hidden_size': 23, 'dropout': 0.331567006785216, 'hidden_continuous_size': 23, 'attention_head_size': 3, 'learning_rate': 0.010706452934858687}. Best is trial 0 with value: 310.7953796386719.
LOCAL_RANK: 0 - CUDA_VISIBLE_DEVICES: [0]
[I 2023-11-30 15:26:06,205] Trial 1 finished with value: 298.4176940917969 and parameters: {'gradient_clip_val': 0.43396496770667486, 'hidden_size': 12, 'dropout': 0.20101512389924878, 'hidden_continuous_size': 12, 'attention_head_size': 1, 'learning_rate': 0.04184841207731765}. Best is trial 1 with value: 298.4176940917969.
LOCAL_RANK: 0 - CUDA_VISIBLE_DEVICES: [0]
