[I 2023-11-30 10:13:06,396] Trial 101 finished with value: 92.6327133178711 and parameters: {'gradient_clip_val': 0.26060204176183477, 'hidden_size': 106, 'dropout': 0.13170546874948097, 'hidden_continuous_size': 90, 'attention_head_size': 4, 'learning_rate': 0.009674663800553155}. Best is trial 28 with value: 50.582366943359375.
LOCAL_RANK: 0 - CUDA_VISIBLE_DEVICES: [0]
[I 2023-11-30 10:13:20,950] Trial 102 finished with value: 56.07630920410156 and parameters: {'gradient_clip_val': 0.22002440843110402, 'hidden_size': 130, 'dropout': 0.13515064695296095, 'hidden_continuous_size': 84, 'attention_head_size': 4, 'learning_rate': 0.009019790105779996}. Best is trial 28 with value: 50.582366943359375.
LOCAL_RANK: 0 - CUDA_VISIBLE_DEVICES: [0]
[I 2023-11-30 10:13:35,583] Trial 103 finished with value: 62.96249771118164 and parameters: {'gradient_clip_val': 0.2174570654042922, 'hidden_size': 140, 'dropout': 0.13694149188714605, 'hidden_continuous_size': 103, 'attention_head_size': 4, 'learning_rate': 0.008405357838688033}. Best is trial 28 with value: 50.582366943359375.
LOCAL_RANK: 0 - CUDA_VISIBLE_DEVICES: [0]
[I 2023-11-30 10:13:49,906] Trial 104 finished with value: 76.09844970703125 and parameters: {'gradient_clip_val': 0.20533203577775483, 'hidden_size': 131, 'dropout': 0.10748312708335692, 'hidden_continuous_size': 52, 'attention_head_size': 4, 'learning_rate': 0.006151478241808728}. Best is trial 28 with value: 50.582366943359375.
LOCAL_RANK: 0 - CUDA_VISIBLE_DEVICES: [0]
[I 2023-11-30 10:14:04,361] Trial 105 finished with value: 67.12540435791016 and parameters: {'gradient_clip_val': 0.30487303447602143, 'hidden_size': 116, 'dropout': 0.12244481482266514, 'hidden_continuous_size': 82, 'attention_head_size': 4, 'learning_rate': 0.007418009031348854}. Best is trial 28 with value: 50.582366943359375.
LOCAL_RANK: 0 - CUDA_VISIBLE_DEVICES: [0]
[I 2023-11-30 10:14:18,800] Trial 106 finished with value: 104.70215606689453 and parameters: {'gradient_clip_val': 0.5018439107882949, 'hidden_size': 131, 'dropout': 0.144794284901417, 'hidden_continuous_size': 59, 'attention_head_size': 4, 'learning_rate': 0.008934670103847008}. Best is trial 28 with value: 50.582366943359375.
LOCAL_RANK: 0 - CUDA_VISIBLE_DEVICES: [0]
[I 2023-11-30 10:14:33,188] Trial 107 finished with value: 55.9549674987793 and parameters: {'gradient_clip_val': 0.6319079730161916, 'hidden_size': 141, 'dropout': 0.15379812501033163, 'hidden_continuous_size': 47, 'attention_head_size': 4, 'learning_rate': 0.006681906778894118}. Best is trial 28 with value: 50.582366943359375.
LOCAL_RANK: 0 - CUDA_VISIBLE_DEVICES: [0]
[I 2023-11-30 10:14:47,450] Trial 108 finished with value: 57.47829055786133 and parameters: {'gradient_clip_val': 0.6815871854758088, 'hidden_size': 142, 'dropout': 0.15234247354175337, 'hidden_continuous_size': 62, 'attention_head_size': 2, 'learning_rate': 0.006613488511520088}. Best is trial 28 with value: 50.582366943359375.
LOCAL_RANK: 0 - CUDA_VISIBLE_DEVICES: [0]
[I 2023-11-30 10:15:01,821] Trial 109 finished with value: 100.64083862304688 and parameters: {'gradient_clip_val': 0.6361035224617126, 'hidden_size': 144, 'dropout': 0.1667802659201674, 'hidden_continuous_size': 85, 'attention_head_size': 2, 'learning_rate': 0.0064808204423048655}. Best is trial 28 with value: 50.582366943359375.
LOCAL_RANK: 0 - CUDA_VISIBLE_DEVICES: [0]
[I 2023-11-30 10:15:16,280] Trial 110 finished with value: 79.5186538696289 and parameters: {'gradient_clip_val': 0.7025618241892352, 'hidden_size': 144, 'dropout': 0.15296077567137356, 'hidden_continuous_size': 78, 'attention_head_size': 4, 'learning_rate': 0.008030083680871516}. Best is trial 28 with value: 50.582366943359375.
LOCAL_RANK: 0 - CUDA_VISIBLE_DEVICES: [0]
[I 2023-11-30 10:15:30,338] Trial 111 finished with value: 69.7750473022461 and parameters: {'gradient_clip_val': 0.6150090715068123, 'hidden_size': 121, 'dropout': 0.15677869413962062, 'hidden_continuous_size': 62, 'attention_head_size': 2, 'learning_rate': 0.006918746605476084}. Best is trial 28 with value: 50.582366943359375.
LOCAL_RANK: 0 - CUDA_VISIBLE_DEVICES: [0]
[I 2023-11-30 10:15:44,880] Trial 112 finished with value: 100.93096923828125 and parameters: {'gradient_clip_val': 0.6732150631639011, 'hidden_size': 150, 'dropout': 0.16282510738946496, 'hidden_continuous_size': 47, 'attention_head_size': 2, 'learning_rate': 0.005746394950202895}. Best is trial 28 with value: 50.582366943359375.
LOCAL_RANK: 0 - CUDA_VISIBLE_DEVICES: [0]
[I 2023-11-30 10:15:58,990] Trial 113 finished with value: 75.79003143310547 and parameters: {'gradient_clip_val': 0.7487930727011735, 'hidden_size': 127, 'dropout': 0.14921374303945642, 'hidden_continuous_size': 42, 'attention_head_size': 2, 'learning_rate': 0.010220294533871598}. Best is trial 28 with value: 50.582366943359375.
LOCAL_RANK: 0 - CUDA_VISIBLE_DEVICES: [0]
[I 2023-11-30 10:16:13,397] Trial 114 finished with value: 80.34200286865234 and parameters: {'gradient_clip_val': 0.5270078319127801, 'hidden_size': 134, 'dropout': 0.1740404320443021, 'hidden_continuous_size': 68, 'attention_head_size': 2, 'learning_rate': 0.00811126226807774}. Best is trial 28 with value: 50.582366943359375.
LOCAL_RANK: 0 - CUDA_VISIBLE_DEVICES: [0]
[I 2023-11-30 10:16:27,422] Trial 115 finished with value: 61.55814743041992 and parameters: {'gradient_clip_val': 0.5780426855836497, 'hidden_size': 115, 'dropout': 0.13528349939396334, 'hidden_continuous_size': 54, 'attention_head_size': 2, 'learning_rate': 0.006960346197887307}. Best is trial 28 with value: 50.582366943359375.
LOCAL_RANK: 0 - CUDA_VISIBLE_DEVICES: [0]
[I 2023-11-30 10:16:41,594] Trial 116 finished with value: 78.90128326416016 and parameters: {'gradient_clip_val': 0.6628255072859749, 'hidden_size': 114, 'dropout': 0.13698377433574113, 'hidden_continuous_size': 71, 'attention_head_size': 2, 'learning_rate': 0.01293308103158162}. Best is trial 28 with value: 50.582366943359375.
LOCAL_RANK: 0 - CUDA_VISIBLE_DEVICES: [0]
[I 2023-11-30 10:16:55,879] Trial 117 finished with value: 57.73374938964844 and parameters: {'gradient_clip_val': 0.6295221513576427, 'hidden_size': 125, 'dropout': 0.13960341213106664, 'hidden_continuous_size': 57, 'attention_head_size': 2, 'learning_rate': 0.011013078778268825}. Best is trial 28 with value: 50.582366943359375.
LOCAL_RANK: 0 - CUDA_VISIBLE_DEVICES: [0]
[I 2023-11-30 10:17:10,399] Trial 118 finished with value: 85.66583251953125 and parameters: {'gradient_clip_val': 0.7209482780010256, 'hidden_size': 138, 'dropout': 0.14330880446900873, 'hidden_continuous_size': 62, 'attention_head_size': 4, 'learning_rate': 0.010911978863235142}. Best is trial 28 with value: 50.582366943359375.
LOCAL_RANK: 0 - CUDA_VISIBLE_DEVICES: [0]
[I 2023-11-30 10:17:24,637] Trial 119 finished with value: 111.69638061523438 and parameters: {'gradient_clip_val': 0.7827206428463975, 'hidden_size': 124, 'dropout': 0.15449842026285243, 'hidden_continuous_size': 56, 'attention_head_size': 4, 'learning_rate': 0.014382471536182141}. Best is trial 28 with value: 50.582366943359375.
LOCAL_RANK: 0 - CUDA_VISIBLE_DEVICES: [0]
[I 2023-11-30 10:17:39,146] Trial 120 finished with value: 77.99314880371094 and parameters: {'gradient_clip_val': 0.630210877443222, 'hidden_size': 131, 'dropout': 0.1652781323035697, 'hidden_continuous_size': 81, 'attention_head_size': 3, 'learning_rate': 0.00952510754109853}. Best is trial 28 with value: 50.582366943359375.
LOCAL_RANK: 0 - CUDA_VISIBLE_DEVICES: [0]
[I 2023-11-30 10:17:53,030] Trial 121 finished with value: 96.47323608398438 and parameters: {'gradient_clip_val': 0.5861382670191695, 'hidden_size': 115, 'dropout': 0.1316458397302552, 'hidden_continuous_size': 54, 'attention_head_size': 2, 'learning_rate': 0.007200429940336723}. Best is trial 28 with value: 50.582366943359375.
LOCAL_RANK: 0 - CUDA_VISIBLE_DEVICES: [0]
[I 2023-11-30 10:18:07,481] Trial 122 finished with value: 77.17597961425781 and parameters: {'gradient_clip_val': 0.6037131455042963, 'hidden_size': 143, 'dropout': 0.13975364237531843, 'hidden_continuous_size': 51, 'attention_head_size': 2, 'learning_rate': 0.00890580837226472}. Best is trial 28 with value: 50.582366943359375.
LOCAL_RANK: 0 - CUDA_VISIBLE_DEVICES: [0]
[I 2023-11-30 10:18:21,685] Trial 123 finished with value: 85.4891128540039 and parameters: {'gradient_clip_val': 0.5593741529162638, 'hidden_size': 125, 'dropout': 0.14759031798348515, 'hidden_continuous_size': 75, 'attention_head_size': 2, 'learning_rate': 0.006585232341379511}. Best is trial 28 with value: 50.582366943359375.
LOCAL_RANK: 0 - CUDA_VISIBLE_DEVICES: [0]
[I 2023-11-30 10:18:35,825] Trial 124 finished with value: 80.796142578125 and parameters: {'gradient_clip_val': 0.6957085922538521, 'hidden_size': 105, 'dropout': 0.12867776311713908, 'hidden_continuous_size': 67, 'attention_head_size': 2, 'learning_rate': 0.01181513649682967}. Best is trial 28 with value: 50.582366943359375.
LOCAL_RANK: 0 - CUDA_VISIBLE_DEVICES: [0]
[I 2023-11-30 10:18:49,932] Trial 125 finished with value: 69.99459075927734 and parameters: {'gradient_clip_val': 0.6449025822666147, 'hidden_size': 118, 'dropout': 0.136425775372837, 'hidden_continuous_size': 58, 'attention_head_size': 2, 'learning_rate': 0.00767575201610808}. Best is trial 28 with value: 50.582366943359375.
LOCAL_RANK: 0 - CUDA_VISIBLE_DEVICES: [0]
[I 2023-11-30 10:19:04,074] Trial 126 finished with value: 91.3324966430664 and parameters: {'gradient_clip_val': 0.5771644979632498, 'hidden_size': 134, 'dropout': 0.1592422722475902, 'hidden_continuous_size': 47, 'attention_head_size': 2, 'learning_rate': 0.005532754903020676}. Best is trial 28 with value: 50.582366943359375.
LOCAL_RANK: 0 - CUDA_VISIBLE_DEVICES: [0]
[I 2023-11-30 10:19:18,337] Trial 127 finished with value: 63.80702590942383 and parameters: {'gradient_clip_val': 0.7671690495360658, 'hidden_size': 109, 'dropout': 0.11807889152719983, 'hidden_continuous_size': 56, 'attention_head_size': 4, 'learning_rate': 0.008349854492560817}. Best is trial 28 with value: 50.582366943359375.
LOCAL_RANK: 0 - CUDA_VISIBLE_DEVICES: [0]
[I 2023-11-30 10:19:32,275] Trial 128 finished with value: 70.72531127929688 and parameters: {'gradient_clip_val': 0.8620649567680386, 'hidden_size': 99, 'dropout': 0.1775831547096023, 'hidden_continuous_size': 63, 'attention_head_size': 2, 'learning_rate': 0.006140945917411986}. Best is trial 28 with value: 50.582366943359375.
LOCAL_RANK: 0 - CUDA_VISIBLE_DEVICES: [0]
[I 2023-11-30 10:19:46,528] Trial 129 finished with value: 76.87482452392578 and parameters: {'gradient_clip_val': 0.3263769202568363, 'hidden_size': 93, 'dropout': 0.14400558715918393, 'hidden_continuous_size': 72, 'attention_head_size': 4, 'learning_rate': 0.01020155797037218}. Best is trial 28 with value: 50.582366943359375.
LOCAL_RANK: 0 - CUDA_VISIBLE_DEVICES: [0]
[I 2023-11-30 10:20:00,646] Trial 130 finished with value: 77.05904388427734 and parameters: {'gradient_clip_val': 0.6766271870574021, 'hidden_size': 122, 'dropout': 0.12810535335410994, 'hidden_continuous_size': 53, 'attention_head_size': 2, 'learning_rate': 0.00905868461516621}. Best is trial 28 with value: 50.582366943359375.
LOCAL_RANK: 0 - CUDA_VISIBLE_DEVICES: [0]
[I 2023-11-30 10:20:14,826] Trial 131 finished with value: 94.59516143798828 and parameters: {'gradient_clip_val': 0.5319539625730665, 'hidden_size': 141, 'dropout': 0.11510521119602679, 'hidden_continuous_size': 44, 'attention_head_size': 2, 'learning_rate': 0.007285704806139144}. Best is trial 28 with value: 50.582366943359375.
LOCAL_RANK: 0 - CUDA_VISIBLE_DEVICES: [0]
[I 2023-11-30 10:20:28,804] Trial 132 finished with value: 73.79204559326172 and parameters: {'gradient_clip_val': 0.6151577277597303, 'hidden_size': 66, 'dropout': 0.11122130054085241, 'hidden_continuous_size': 61, 'attention_head_size': 2, 'learning_rate': 0.006824491100418576}. Best is trial 28 with value: 50.582366943359375.
LOCAL_RANK: 0 - CUDA_VISIBLE_DEVICES: [0]
[I 2023-11-30 10:20:42,765] Trial 133 finished with value: 120.6358871459961 and parameters: {'gradient_clip_val': 0.562444546868492, 'hidden_size': 111, 'dropout': 0.11940148205870421, 'hidden_continuous_size': 50, 'attention_head_size': 2, 'learning_rate': 0.0055249991469174}. Best is trial 28 with value: 50.582366943359375.
LOCAL_RANK: 0 - CUDA_VISIBLE_DEVICES: [0]
[I 2023-11-30 10:20:56,825] Trial 134 finished with value: 87.28316497802734 and parameters: {'gradient_clip_val': 0.46538527731216106, 'hidden_size': 73, 'dropout': 0.14993286075455386, 'hidden_continuous_size': 65, 'attention_head_size': 2, 'learning_rate': 0.006444973002901482}. Best is trial 28 with value: 50.582366943359375.
LOCAL_RANK: 0 - CUDA_VISIBLE_DEVICES: [0]
[I 2023-11-30 10:21:10,790] Trial 135 finished with value: 71.17415618896484 and parameters: {'gradient_clip_val': 0.5091089288005908, 'hidden_size': 80, 'dropout': 0.10499643573923308, 'hidden_continuous_size': 69, 'attention_head_size': 4, 'learning_rate': 0.0078589241077291}. Best is trial 28 with value: 50.582366943359375.
LOCAL_RANK: 0 - CUDA_VISIBLE_DEVICES: [0]
[I 2023-11-30 10:21:24,765] Trial 136 finished with value: 66.76679229736328 and parameters: {'gradient_clip_val': 0.4193418466651553, 'hidden_size': 132, 'dropout': 0.13202243799924185, 'hidden_continuous_size': 54, 'attention_head_size': 2, 'learning_rate': 0.011437144381415177}. Best is trial 28 with value: 50.582366943359375.
LOCAL_RANK: 0 - CUDA_VISIBLE_DEVICES: [0]
[I 2023-11-30 10:21:39,363] Trial 137 finished with value: 119.75530242919922 and parameters: {'gradient_clip_val': 0.4903352392689822, 'hidden_size': 149, 'dropout': 0.1257235785855835, 'hidden_continuous_size': 48, 'attention_head_size': 4, 'learning_rate': 0.008459633353256446}. Best is trial 28 with value: 50.582366943359375.
LOCAL_RANK: 0 - CUDA_VISIBLE_DEVICES: [0]
[I 2023-11-30 10:21:53,727] Trial 138 finished with value: 83.44599151611328 and parameters: {'gradient_clip_val': 0.5465817378951977, 'hidden_size': 126, 'dropout': 0.13668693616487138, 'hidden_continuous_size': 92, 'attention_head_size': 2, 'learning_rate': 0.004851090592773986}. Best is trial 28 with value: 50.582366943359375.
LOCAL_RANK: 0 - CUDA_VISIBLE_DEVICES: [0]
[I 2023-11-30 10:22:07,839] Trial 139 finished with value: 81.70305633544922 and parameters: {'gradient_clip_val': 0.6434990159199954, 'hidden_size': 118, 'dropout': 0.16773126351875628, 'hidden_continuous_size': 46, 'attention_head_size': 3, 'learning_rate': 0.006050130287829906}. Best is trial 28 with value: 50.582366943359375.
LOCAL_RANK: 0 - CUDA_VISIBLE_DEVICES: [0]
[I 2023-11-30 10:22:21,879] Trial 140 finished with value: 75.1530990600586 and parameters: {'gradient_clip_val': 0.7344473377993098, 'hidden_size': 76, 'dropout': 0.11426199714694836, 'hidden_continuous_size': 67, 'attention_head_size': 4, 'learning_rate': 0.009546827203510322}. Best is trial 28 with value: 50.582366943359375.
LOCAL_RANK: 0 - CUDA_VISIBLE_DEVICES: [0]
[I 2023-11-30 10:22:36,056] Trial 141 finished with value: 61.57845687866211 and parameters: {'gradient_clip_val': 0.3487961709150772, 'hidden_size': 101, 'dropout': 0.12306815110029748, 'hidden_continuous_size': 51, 'attention_head_size': 4, 'learning_rate': 0.005284055261154629}. Best is trial 28 with value: 50.582366943359375.
LOCAL_RANK: 0 - CUDA_VISIBLE_DEVICES: [0]
[I 2023-11-30 10:22:50,307] Trial 142 finished with value: 80.06075286865234 and parameters: {'gradient_clip_val': 0.3714942512430194, 'hidden_size': 98, 'dropout': 0.12198543867750325, 'hidden_continuous_size': 50, 'attention_head_size': 4, 'learning_rate': 0.006978334948053321}. Best is trial 28 with value: 50.582366943359375.
LOCAL_RANK: 0 - CUDA_VISIBLE_DEVICES: [0]
[I 2023-11-30 10:23:04,475] Trial 143 finished with value: 72.23657989501953 and parameters: {'gradient_clip_val': 0.3322221688942155, 'hidden_size': 103, 'dropout': 0.14126725140747545, 'hidden_continuous_size': 52, 'attention_head_size': 4, 'learning_rate': 0.005413676226272876}. Best is trial 28 with value: 50.582366943359375.
LOCAL_RANK: 0 - CUDA_VISIBLE_DEVICES: [0]
[I 2023-11-30 10:23:18,373] Trial 144 finished with value: 63.55255126953125 and parameters: {'gradient_clip_val': 0.3528300265360921, 'hidden_size': 92, 'dropout': 0.10416079158256919, 'hidden_continuous_size': 59, 'attention_head_size': 4, 'learning_rate': 0.004642589999261364}. Best is trial 28 with value: 50.582366943359375.
LOCAL_RANK: 0 - CUDA_VISIBLE_DEVICES: [0]
[I 2023-11-30 10:23:32,520] Trial 145 finished with value: 73.5400390625 and parameters: {'gradient_clip_val': 0.34250767742177696, 'hidden_size': 109, 'dropout': 0.12800081612206804, 'hidden_continuous_size': 56, 'attention_head_size': 4, 'learning_rate': 0.005971347687185656}. Best is trial 28 with value: 50.582366943359375.
LOCAL_RANK: 0 - CUDA_VISIBLE_DEVICES: [0]
[I 2023-11-30 10:23:46,583] Trial 146 finished with value: 61.80564880371094 and parameters: {'gradient_clip_val': 0.3832631840722643, 'hidden_size': 114, 'dropout': 0.15321195815348163, 'hidden_continuous_size': 42, 'attention_head_size': 4, 'learning_rate': 0.007457152659158868}. Best is trial 28 with value: 50.582366943359375.
LOCAL_RANK: 0 - CUDA_VISIBLE_DEVICES: [0]
[I 2023-11-30 10:24:01,219] Trial 147 finished with value: 76.30767822265625 and parameters: {'gradient_clip_val': 0.3159795853696876, 'hidden_size': 138, 'dropout': 0.1339982384871123, 'hidden_continuous_size': 39, 'attention_head_size': 4, 'learning_rate': 0.00658311796537945}. Best is trial 28 with value: 50.582366943359375.
LOCAL_RANK: 0 - CUDA_VISIBLE_DEVICES: [0]
[I 2023-11-30 10:24:14,983] Trial 148 finished with value: 87.75011444091797 and parameters: {'gradient_clip_val': 0.29542380491881565, 'hidden_size': 62, 'dropout': 0.11281965439524333, 'hidden_continuous_size': 59, 'attention_head_size': 4, 'learning_rate': 0.012765506058194005}. Best is trial 28 with value: 50.582366943359375.
LOCAL_RANK: 0 - CUDA_VISIBLE_DEVICES: [0]
[I 2023-11-30 10:24:29,411] Trial 149 finished with value: 72.14423370361328 and parameters: {'gradient_clip_val': 0.45363858179587824, 'hidden_size': 123, 'dropout': 0.1205929859189116, 'hidden_continuous_size': 75, 'attention_head_size': 2, 'learning_rate': 0.010612830930957079}. Best is trial 28 with value: 50.582366943359375.
[I 2023-11-30 10:24:29,528] A new study created in memory with name: no-name-a1a4229e-2417-4a16-928e-a1c30925a4ee
/home/le004/conda/anaconda3/envs/tsff_env/lib/python3.9/site-packages/lightning/fabric/plugins/environments/slurm.py:191: The `srun` command is available on your system but is not used. HINT: If your intention is to run Lightning on SLURM, prepend your python command with `srun` like so: srun python /home/le004/master_thesis/git/TSFusionForecast/code/ ...
LOCAL_RANK: 0 - CUDA_VISIBLE_DEVICES: [0]
[I 2023-11-30 10:24:43,644] Trial 0 finished with value: 34.79057693481445 and parameters: {'gradient_clip_val': 0.6964947584230553, 'hidden_size': 107, 'dropout': 0.1490262236331474, 'hidden_continuous_size': 40, 'attention_head_size': 4, 'learning_rate': 0.036451222040128364}. Best is trial 0 with value: 34.79057693481445.
LOCAL_RANK: 0 - CUDA_VISIBLE_DEVICES: [0]
[I 2023-11-30 10:24:57,268] Trial 1 finished with value: 31.475738525390625 and parameters: {'gradient_clip_val': 0.1617570221072986, 'hidden_size': 120, 'dropout': 0.19816107520140008, 'hidden_continuous_size': 14, 'attention_head_size': 3, 'learning_rate': 0.013506795870955714}. Best is trial 1 with value: 31.475738525390625.
LOCAL_RANK: 0 - CUDA_VISIBLE_DEVICES: [0]
[I 2023-11-30 10:25:10,932] Trial 2 finished with value: 44.34849166870117 and parameters: {'gradient_clip_val': 0.7778167312721379, 'hidden_size': 93, 'dropout': 0.3147290160695021, 'hidden_continuous_size': 18, 'attention_head_size': 2, 'learning_rate': 0.0195343846610288}. Best is trial 1 with value: 31.475738525390625.
LOCAL_RANK: 0 - CUDA_VISIBLE_DEVICES: [0]
[I 2023-11-30 10:25:24,852] Trial 3 finished with value: 32.72148132324219 and parameters: {'gradient_clip_val': 0.811692673741441, 'hidden_size': 108, 'dropout': 0.3515608895355199, 'hidden_continuous_size': 69, 'attention_head_size': 1, 'learning_rate': 0.017401945931957347}. Best is trial 1 with value: 31.475738525390625.
LOCAL_RANK: 0 - CUDA_VISIBLE_DEVICES: [0]
[I 2023-11-30 10:25:36,861] Trial 4 finished with value: 35.13759231567383 and parameters: {'gradient_clip_val': 0.22189160667422458, 'hidden_size': 28, 'dropout': 0.3990261242426203, 'hidden_continuous_size': 10, 'attention_head_size': 3, 'learning_rate': 0.02620249598996563}. Best is trial 1 with value: 31.475738525390625.
LOCAL_RANK: 0 - CUDA_VISIBLE_DEVICES: [0]
[I 2023-11-30 10:25:50,957] Trial 5 finished with value: 31.0970401763916 and parameters: {'gradient_clip_val': 0.4349371803220873, 'hidden_size': 148, 'dropout': 0.390686659167785, 'hidden_continuous_size': 26, 'attention_head_size': 3, 'learning_rate': 0.007559444404807309}. Best is trial 5 with value: 31.0970401763916.
LOCAL_RANK: 0 - CUDA_VISIBLE_DEVICES: [0]
[I 2023-11-30 10:26:01,230] Trial 6 finished with value: 85.97354888916016 and parameters: {'gradient_clip_val': 0.22181975073481716, 'hidden_size': 10, 'dropout': 0.21517313947393715, 'hidden_continuous_size': 10, 'attention_head_size': 4, 'learning_rate': 0.024095762779476292}. Best is trial 5 with value: 31.0970401763916.
LOCAL_RANK: 0 - CUDA_VISIBLE_DEVICES: [0]
[I 2023-11-30 10:26:14,248] Trial 7 finished with value: 35.506866455078125 and parameters: {'gradient_clip_val': 0.509219253950012, 'hidden_size': 35, 'dropout': 0.246879818948977, 'hidden_continuous_size': 27, 'attention_head_size': 4, 'learning_rate': 0.06295888872577007}. Best is trial 5 with value: 31.0970401763916.
LOCAL_RANK: 0 - CUDA_VISIBLE_DEVICES: [0]
