[I 2023-11-30 05:58:28,785] Trial 133 finished with value: 192.16160583496094 and parameters: {'gradient_clip_val': 0.5649893754194241, 'hidden_size': 27, 'dropout': 0.20203377965466746, 'hidden_continuous_size': 13, 'attention_head_size': 1, 'learning_rate': 0.03540470952172486}. Best is trial 81 with value: 136.4169158935547.
LOCAL_RANK: 0 - CUDA_VISIBLE_DEVICES: [0]
[I 2023-11-30 05:58:41,091] Trial 134 finished with value: 191.4870147705078 and parameters: {'gradient_clip_val': 0.6305142867817514, 'hidden_size': 35, 'dropout': 0.21923933533540427, 'hidden_continuous_size': 13, 'attention_head_size': 1, 'learning_rate': 0.02459767692000166}. Best is trial 81 with value: 136.4169158935547.
LOCAL_RANK: 0 - CUDA_VISIBLE_DEVICES: [0]
[I 2023-11-30 05:58:53,436] Trial 135 finished with value: 173.8762664794922 and parameters: {'gradient_clip_val': 0.4763033960935879, 'hidden_size': 29, 'dropout': 0.23592478176769582, 'hidden_continuous_size': 13, 'attention_head_size': 1, 'learning_rate': 0.043382151640225894}. Best is trial 81 with value: 136.4169158935547.
LOCAL_RANK: 0 - CUDA_VISIBLE_DEVICES: [0]
[I 2023-11-30 05:59:05,741] Trial 136 finished with value: 183.9331512451172 and parameters: {'gradient_clip_val': 0.6719692806984691, 'hidden_size': 26, 'dropout': 0.19429393484433655, 'hidden_continuous_size': 15, 'attention_head_size': 1, 'learning_rate': 0.030894103128007732}. Best is trial 81 with value: 136.4169158935547.
LOCAL_RANK: 0 - CUDA_VISIBLE_DEVICES: [0]
[I 2023-11-30 05:59:17,825] Trial 137 finished with value: 203.4786834716797 and parameters: {'gradient_clip_val': 0.7214761870190342, 'hidden_size': 24, 'dropout': 0.20563446941907543, 'hidden_continuous_size': 14, 'attention_head_size': 1, 'learning_rate': 0.037677994849318046}. Best is trial 81 with value: 136.4169158935547.
LOCAL_RANK: 0 - CUDA_VISIBLE_DEVICES: [0]
[I 2023-11-30 05:59:30,265] Trial 138 finished with value: 159.10728454589844 and parameters: {'gradient_clip_val': 0.5955675786605574, 'hidden_size': 37, 'dropout': 0.18724691397108167, 'hidden_continuous_size': 10, 'attention_head_size': 1, 'learning_rate': 0.02879338037493857}. Best is trial 81 with value: 136.4169158935547.
LOCAL_RANK: 0 - CUDA_VISIBLE_DEVICES: [0]
[I 2023-11-30 05:59:42,797] Trial 139 finished with value: 156.23646545410156 and parameters: {'gradient_clip_val': 0.5906244339197678, 'hidden_size': 38, 'dropout': 0.18977112399035026, 'hidden_continuous_size': 10, 'attention_head_size': 1, 'learning_rate': 0.022158835931073605}. Best is trial 81 with value: 136.4169158935547.
LOCAL_RANK: 0 - CUDA_VISIBLE_DEVICES: [0]
[I 2023-11-30 05:59:55,322] Trial 140 finished with value: 176.6879119873047 and parameters: {'gradient_clip_val': 0.6143659575314612, 'hidden_size': 39, 'dropout': 0.18713609314526752, 'hidden_continuous_size': 10, 'attention_head_size': 1, 'learning_rate': 0.021066953789307456}. Best is trial 81 with value: 136.4169158935547.
LOCAL_RANK: 0 - CUDA_VISIBLE_DEVICES: [0]
[I 2023-11-30 06:00:07,626] Trial 141 finished with value: 198.99195861816406 and parameters: {'gradient_clip_val': 0.5511349843373801, 'hidden_size': 33, 'dropout': 0.2007016299453255, 'hidden_continuous_size': 10, 'attention_head_size': 1, 'learning_rate': 0.02364628484712834}. Best is trial 81 with value: 136.4169158935547.
LOCAL_RANK: 0 - CUDA_VISIBLE_DEVICES: [0]
[I 2023-11-30 06:00:20,402] Trial 142 finished with value: 191.5588836669922 and parameters: {'gradient_clip_val': 0.5896486781617511, 'hidden_size': 43, 'dropout': 0.18255827812403316, 'hidden_continuous_size': 10, 'attention_head_size': 1, 'learning_rate': 0.028653810866714816}. Best is trial 81 with value: 136.4169158935547.
LOCAL_RANK: 0 - CUDA_VISIBLE_DEVICES: [0]
[I 2023-11-30 06:00:32,975] Trial 143 finished with value: 155.61788940429688 and parameters: {'gradient_clip_val': 0.5834225815066555, 'hidden_size': 38, 'dropout': 0.1940010407704154, 'hidden_continuous_size': 31, 'attention_head_size': 1, 'learning_rate': 0.023838665067489634}. Best is trial 81 with value: 136.4169158935547.
LOCAL_RANK: 0 - CUDA_VISIBLE_DEVICES: [0]
[I 2023-11-30 06:00:45,472] Trial 144 finished with value: 145.84349060058594 and parameters: {'gradient_clip_val': 0.578123541340407, 'hidden_size': 36, 'dropout': 0.19021159325069115, 'hidden_continuous_size': 27, 'attention_head_size': 1, 'learning_rate': 0.025003671489894557}. Best is trial 81 with value: 136.4169158935547.
LOCAL_RANK: 0 - CUDA_VISIBLE_DEVICES: [0]
[I 2023-11-30 06:00:58,062] Trial 145 finished with value: 192.2361297607422 and parameters: {'gradient_clip_val': 0.6485133496851566, 'hidden_size': 40, 'dropout': 0.1937158916682852, 'hidden_continuous_size': 32, 'attention_head_size': 1, 'learning_rate': 0.020864824738722386}. Best is trial 81 with value: 136.4169158935547.
LOCAL_RANK: 0 - CUDA_VISIBLE_DEVICES: [0]
[I 2023-11-30 06:01:10,652] Trial 146 finished with value: 172.1807861328125 and parameters: {'gradient_clip_val': 0.5629375726208935, 'hidden_size': 37, 'dropout': 0.21021960721125724, 'hidden_continuous_size': 32, 'attention_head_size': 1, 'learning_rate': 0.026670351240761937}. Best is trial 81 with value: 136.4169158935547.
LOCAL_RANK: 0 - CUDA_VISIBLE_DEVICES: [0]
[I 2023-11-30 06:01:23,261] Trial 147 finished with value: 176.15557861328125 and parameters: {'gradient_clip_val': 0.5856125237658985, 'hidden_size': 37, 'dropout': 0.18743809928136676, 'hidden_continuous_size': 22, 'attention_head_size': 1, 'learning_rate': 0.018117487215572124}. Best is trial 81 with value: 136.4169158935547.
LOCAL_RANK: 0 - CUDA_VISIBLE_DEVICES: [0]
[I 2023-11-30 06:01:36,141] Trial 148 finished with value: 207.933837890625 and parameters: {'gradient_clip_val': 0.5195474405163526, 'hidden_size': 42, 'dropout': 0.26516571705989744, 'hidden_continuous_size': 28, 'attention_head_size': 1, 'learning_rate': 0.022780004242264246}. Best is trial 81 with value: 136.4169158935547.
LOCAL_RANK: 0 - CUDA_VISIBLE_DEVICES: [0]
[I 2023-11-30 06:01:48,759] Trial 149 finished with value: 206.3579559326172 and parameters: {'gradient_clip_val': 0.500494484060296, 'hidden_size': 34, 'dropout': 0.17450720082414237, 'hidden_continuous_size': 26, 'attention_head_size': 1, 'learning_rate': 0.025949839731631025}. Best is trial 81 with value: 136.4169158935547.
[I 2023-11-30 06:01:48,869] A new study created in memory with name: no-name-b772afb9-6651-43d9-a384-0159728171f1
/home/le004/conda/anaconda3/envs/tsff_env/lib/python3.9/site-packages/lightning/fabric/plugins/environments/slurm.py:191: The `srun` command is available on your system but is not used. HINT: If your intention is to run Lightning on SLURM, prepend your python command with `srun` like so: srun python /home/le004/master_thesis/git/TSFusionForecast/code/ ...
LOCAL_RANK: 0 - CUDA_VISIBLE_DEVICES: [0]
[I 2023-11-30 06:02:01,653] Trial 0 finished with value: 76.28839874267578 and parameters: {'gradient_clip_val': 0.16122609774795, 'hidden_size': 48, 'dropout': 0.391110666103347, 'hidden_continuous_size': 25, 'attention_head_size': 2, 'learning_rate': 0.0010197178365663547}. Best is trial 0 with value: 76.28839874267578.
LOCAL_RANK: 0 - CUDA_VISIBLE_DEVICES: [0]
[I 2023-11-30 06:02:13,702] Trial 1 finished with value: 217.6861572265625 and parameters: {'gradient_clip_val': 0.27116446207927936, 'hidden_size': 13, 'dropout': 0.18845646987843778, 'hidden_continuous_size': 12, 'attention_head_size': 1, 'learning_rate': 0.0028624176366608156}. Best is trial 0 with value: 76.28839874267578.
LOCAL_RANK: 0 - CUDA_VISIBLE_DEVICES: [0]
[I 2023-11-30 06:02:26,076] Trial 2 finished with value: 78.8638916015625 and parameters: {'gradient_clip_val': 0.26908008432149055, 'hidden_size': 17, 'dropout': 0.16607713162565896, 'hidden_continuous_size': 11, 'attention_head_size': 4, 'learning_rate': 0.06970575813574033}. Best is trial 0 with value: 76.28839874267578.
LOCAL_RANK: 0 - CUDA_VISIBLE_DEVICES: [0]
[I 2023-11-30 06:02:38,073] Trial 3 finished with value: 79.33206939697266 and parameters: {'gradient_clip_val': 0.7442427987537887, 'hidden_size': 24, 'dropout': 0.33555994209922513, 'hidden_continuous_size': 12, 'attention_head_size': 2, 'learning_rate': 0.0391933017923224}. Best is trial 0 with value: 76.28839874267578.
LOCAL_RANK: 0 - CUDA_VISIBLE_DEVICES: [0]
[I 2023-11-30 06:02:50,449] Trial 4 finished with value: 98.34680938720703 and parameters: {'gradient_clip_val': 0.2923752563587615, 'hidden_size': 18, 'dropout': 0.27433374658199305, 'hidden_continuous_size': 12, 'attention_head_size': 4, 'learning_rate': 0.004233141330979118}. Best is trial 0 with value: 76.28839874267578.
LOCAL_RANK: 0 - CUDA_VISIBLE_DEVICES: [0]
[I 2023-11-30 06:03:03,483] Trial 5 finished with value: 66.82669067382812 and parameters: {'gradient_clip_val': 0.10173667436178098, 'hidden_size': 56, 'dropout': 0.17054505372273124, 'hidden_continuous_size': 31, 'attention_head_size': 2, 'learning_rate': 0.08261361105963604}. Best is trial 5 with value: 66.82669067382812.
LOCAL_RANK: 0 - CUDA_VISIBLE_DEVICES: [0]
[I 2023-11-30 06:03:15,726] Trial 6 finished with value: 83.01824188232422 and parameters: {'gradient_clip_val': 0.9811172400735979, 'hidden_size': 11, 'dropout': 0.21658972843243987, 'hidden_continuous_size': 10, 'attention_head_size': 4, 'learning_rate': 0.03045367992294276}. Best is trial 5 with value: 66.82669067382812.
LOCAL_RANK: 0 - CUDA_VISIBLE_DEVICES: [0]
[I 2023-11-30 06:03:28,325] Trial 7 finished with value: 65.03795623779297 and parameters: {'gradient_clip_val': 0.9123375871728989, 'hidden_size': 30, 'dropout': 0.3043973941684607, 'hidden_continuous_size': 13, 'attention_head_size': 3, 'learning_rate': 0.014358578178103015}. Best is trial 7 with value: 65.03795623779297.
LOCAL_RANK: 0 - CUDA_VISIBLE_DEVICES: [0]
[I 2023-11-30 06:03:42,168] Trial 8 finished with value: 79.3982162475586 and parameters: {'gradient_clip_val': 0.541023196966284, 'hidden_size': 83, 'dropout': 0.3749390240482382, 'hidden_continuous_size': 45, 'attention_head_size': 2, 'learning_rate': 0.001440728906476518}. Best is trial 7 with value: 65.03795623779297.
LOCAL_RANK: 0 - CUDA_VISIBLE_DEVICES: [0]
[I 2023-11-30 06:03:55,295] Trial 9 finished with value: 73.19756317138672 and parameters: {'gradient_clip_val': 0.548364812098501, 'hidden_size': 46, 'dropout': 0.3535082410450425, 'hidden_continuous_size': 37, 'attention_head_size': 1, 'learning_rate': 0.031228451251704942}. Best is trial 7 with value: 65.03795623779297.
LOCAL_RANK: 0 - CUDA_VISIBLE_DEVICES: [0]
[I 2023-11-30 06:04:07,833] Trial 10 finished with value: 67.46773529052734 and parameters: {'gradient_clip_val': 0.9743341317822398, 'hidden_size': 28, 'dropout': 0.2799793734582202, 'hidden_continuous_size': 16, 'attention_head_size': 3, 'learning_rate': 0.01032637040407646}. Best is trial 7 with value: 65.03795623779297.
LOCAL_RANK: 0 - CUDA_VISIBLE_DEVICES: [0]
[I 2023-11-30 06:04:22,492] Trial 11 finished with value: 128.8778839111328 and parameters: {'gradient_clip_val': 0.10161087888386797, 'hidden_size': 145, 'dropout': 0.11871558591641948, 'hidden_continuous_size': 92, 'attention_head_size': 3, 'learning_rate': 0.08545231838556716}. Best is trial 7 with value: 65.03795623779297.
LOCAL_RANK: 0 - CUDA_VISIBLE_DEVICES: [0]
[I 2023-11-30 06:04:35,279] Trial 12 finished with value: 87.63570404052734 and parameters: {'gradient_clip_val': 0.10167601233843429, 'hidden_size': 37, 'dropout': 0.24421479806752275, 'hidden_continuous_size': 16, 'attention_head_size': 3, 'learning_rate': 0.014487688073725672}. Best is trial 7 with value: 65.03795623779297.
LOCAL_RANK: 0 - CUDA_VISIBLE_DEVICES: [0]
[I 2023-11-30 06:04:48,666] Trial 13 finished with value: 82.99671173095703 and parameters: {'gradient_clip_val': 0.4078974822344913, 'hidden_size': 64, 'dropout': 0.301484132947173, 'hidden_continuous_size': 22, 'attention_head_size': 2, 'learning_rate': 0.01678150886715628}. Best is trial 7 with value: 65.03795623779297.
LOCAL_RANK: 0 - CUDA_VISIBLE_DEVICES: [0]
[I 2023-11-30 06:05:01,202] Trial 14 finished with value: 68.61427307128906 and parameters: {'gradient_clip_val': 0.17586403986282512, 'hidden_size': 31, 'dropout': 0.3179678799012622, 'hidden_continuous_size': 15, 'attention_head_size': 3, 'learning_rate': 0.0949537744458065}. Best is trial 7 with value: 65.03795623779297.
LOCAL_RANK: 0 - CUDA_VISIBLE_DEVICES: [0]
[I 2023-11-30 06:05:14,387] Trial 15 finished with value: 81.92398834228516 and parameters: {'gradient_clip_val': 0.3981876375133179, 'hidden_size': 65, 'dropout': 0.2482563098954362, 'hidden_continuous_size': 23, 'attention_head_size': 1, 'learning_rate': 0.006593586148839322}. Best is trial 7 with value: 65.03795623779297.
LOCAL_RANK: 0 - CUDA_VISIBLE_DEVICES: [0]
[I 2023-11-30 06:05:26,444] Trial 16 finished with value: 77.61334228515625 and parameters: {'gradient_clip_val': 0.21386072642424103, 'hidden_size': 23, 'dropout': 0.11591529997372552, 'hidden_continuous_size': 10, 'attention_head_size': 2, 'learning_rate': 0.05213948441890317}. Best is trial 7 with value: 65.03795623779297.
LOCAL_RANK: 0 - CUDA_VISIBLE_DEVICES: [0]
[I 2023-11-30 06:05:38,977] Trial 17 finished with value: 66.4004135131836 and parameters: {'gradient_clip_val': 0.14599143493564198, 'hidden_size': 37, 'dropout': 0.21274967537310896, 'hidden_continuous_size': 14, 'attention_head_size': 3, 'learning_rate': 0.02110401432335015}. Best is trial 7 with value: 65.03795623779297.
LOCAL_RANK: 0 - CUDA_VISIBLE_DEVICES: [0]
[I 2023-11-30 06:05:51,687] Trial 18 finished with value: 70.94464111328125 and parameters: {'gradient_clip_val': 0.14142105716701714, 'hidden_size': 33, 'dropout': 0.2976432687420644, 'hidden_continuous_size': 14, 'attention_head_size': 3, 'learning_rate': 0.02065924723744639}. Best is trial 7 with value: 65.03795623779297.
LOCAL_RANK: 0 - CUDA_VISIBLE_DEVICES: [0]
[I 2023-11-30 06:06:04,497] Trial 19 finished with value: 71.88890075683594 and parameters: {'gradient_clip_val': 0.2237695221519648, 'hidden_size': 41, 'dropout': 0.3437160858957981, 'hidden_continuous_size': 14, 'attention_head_size': 4, 'learning_rate': 0.022276132183524703}. Best is trial 7 with value: 65.03795623779297.
LOCAL_RANK: 0 - CUDA_VISIBLE_DEVICES: [0]
[I 2023-11-30 06:06:16,575] Trial 20 finished with value: 65.59530639648438 and parameters: {'gradient_clip_val': 0.3858658061189272, 'hidden_size': 20, 'dropout': 0.22510735096376505, 'hidden_continuous_size': 13, 'attention_head_size': 3, 'learning_rate': 0.011035896112650915}. Best is trial 7 with value: 65.03795623779297.
LOCAL_RANK: 0 - CUDA_VISIBLE_DEVICES: [0]
[I 2023-11-30 06:06:28,466] Trial 21 finished with value: 87.5016860961914 and parameters: {'gradient_clip_val': 0.3838144280737009, 'hidden_size': 20, 'dropout': 0.22474144242376878, 'hidden_continuous_size': 13, 'attention_head_size': 3, 'learning_rate': 0.010500552618216313}. Best is trial 7 with value: 65.03795623779297.
LOCAL_RANK: 0 - CUDA_VISIBLE_DEVICES: [0]
[I 2023-11-30 06:06:40,644] Trial 22 finished with value: 74.08258056640625 and parameters: {'gradient_clip_val': 0.5778661764434959, 'hidden_size': 28, 'dropout': 0.27359591969238, 'hidden_continuous_size': 13, 'attention_head_size': 3, 'learning_rate': 0.0074682098196640545}. Best is trial 7 with value: 65.03795623779297.
LOCAL_RANK: 0 - CUDA_VISIBLE_DEVICES: [0]
[I 2023-11-30 06:06:53,079] Trial 23 finished with value: 72.41124725341797 and parameters: {'gradient_clip_val': 0.3515715212886216, 'hidden_size': 15, 'dropout': 0.2184038129503715, 'hidden_continuous_size': 11, 'attention_head_size': 3, 'learning_rate': 0.014717617037366102}. Best is trial 7 with value: 65.03795623779297.
LOCAL_RANK: 0 - CUDA_VISIBLE_DEVICES: [0]
[I 2023-11-30 06:07:05,309] Trial 24 finished with value: 70.63762664794922 and parameters: {'gradient_clip_val': 0.4421699455680331, 'hidden_size': 23, 'dropout': 0.25898178430277285, 'hidden_continuous_size': 13, 'attention_head_size': 4, 'learning_rate': 0.022506947621608594}. Best is trial 7 with value: 65.03795623779297.
LOCAL_RANK: 0 - CUDA_VISIBLE_DEVICES: [0]
[I 2023-11-30 06:07:15,578] Trial 25 finished with value: 77.82807159423828 and parameters: {'gradient_clip_val': 0.7397760992291151, 'hidden_size': 10, 'dropout': 0.19777140080474154, 'hidden_continuous_size': 10, 'attention_head_size': 3, 'learning_rate': 0.012204169739626042}. Best is trial 7 with value: 65.03795623779297.
LOCAL_RANK: 0 - CUDA_VISIBLE_DEVICES: [0]
[I 2023-11-30 06:07:28,370] Trial 26 finished with value: 62.23318862915039 and parameters: {'gradient_clip_val': 0.3380585388341324, 'hidden_size': 35, 'dropout': 0.23735911608390164, 'hidden_continuous_size': 16, 'attention_head_size': 3, 'learning_rate': 0.010240038887481782}. Best is trial 26 with value: 62.23318862915039.
LOCAL_RANK: 0 - CUDA_VISIBLE_DEVICES: [0]
[I 2023-11-30 06:07:40,436] Trial 27 finished with value: 88.5781021118164 and parameters: {'gradient_clip_val': 0.33350537844217876, 'hidden_size': 15, 'dropout': 0.24132923997526384, 'hidden_continuous_size': 11, 'attention_head_size': 4, 'learning_rate': 0.007454258931451134}. Best is trial 26 with value: 62.23318862915039.
LOCAL_RANK: 0 - CUDA_VISIBLE_DEVICES: [0]
[I 2023-11-30 06:07:52,910] Trial 28 finished with value: 82.4430923461914 and parameters: {'gradient_clip_val': 0.4610090558404769, 'hidden_size': 27, 'dropout': 0.26554005711423734, 'hidden_continuous_size': 15, 'attention_head_size': 3, 'learning_rate': 0.008714840472366616}. Best is trial 26 with value: 62.23318862915039.
LOCAL_RANK: 0 - CUDA_VISIBLE_DEVICES: [0]
[I 2023-11-30 06:08:04,816] Trial 29 finished with value: 86.29871368408203 and parameters: {'gradient_clip_val': 0.35156549672352344, 'hidden_size': 20, 'dropout': 0.2940809055903803, 'hidden_continuous_size': 13, 'attention_head_size': 2, 'learning_rate': 0.005229183949516319}. Best is trial 26 with value: 62.23318862915039.
LOCAL_RANK: 0 - CUDA_VISIBLE_DEVICES: [0]
[I 2023-11-30 06:08:17,620] Trial 30 finished with value: 74.98226928710938 and parameters: {'gradient_clip_val': 0.3039644115772871, 'hidden_size': 34, 'dropout': 0.3198615420572361, 'hidden_continuous_size': 18, 'attention_head_size': 4, 'learning_rate': 0.012118969300658535}. Best is trial 26 with value: 62.23318862915039.
LOCAL_RANK: 0 - CUDA_VISIBLE_DEVICES: [0]
[I 2023-11-30 06:08:30,242] Trial 31 finished with value: 107.2531967163086 and parameters: {'gradient_clip_val': 0.2462805187962449, 'hidden_size': 40, 'dropout': 0.23148366819344895, 'hidden_continuous_size': 17, 'attention_head_size': 3, 'learning_rate': 0.017589062386367663}. Best is trial 26 with value: 62.23318862915039.
LOCAL_RANK: 0 - CUDA_VISIBLE_DEVICES: [0]
[I 2023-11-30 06:08:42,646] Trial 32 finished with value: 70.0417709350586 and parameters: {'gradient_clip_val': 0.3191507696061913, 'hidden_size': 32, 'dropout': 0.20131923662361959, 'hidden_continuous_size': 14, 'attention_head_size': 3, 'learning_rate': 0.010106566494810024}. Best is trial 26 with value: 62.23318862915039.
LOCAL_RANK: 0 - CUDA_VISIBLE_DEVICES: [0]
[I 2023-11-30 06:08:55,582] Trial 33 finished with value: 72.41765594482422 and parameters: {'gradient_clip_val': 0.27583763348019913, 'hidden_size': 43, 'dropout': 0.25710515619850643, 'hidden_continuous_size': 18, 'attention_head_size': 3, 'learning_rate': 0.012922470115767418}. Best is trial 26 with value: 62.23318862915039.
LOCAL_RANK: 0 - CUDA_VISIBLE_DEVICES: [0]
[I 2023-11-30 06:09:08,118] Trial 34 finished with value: 74.66473388671875 and parameters: {'gradient_clip_val': 0.24185338044318364, 'hidden_size': 36, 'dropout': 0.18051746394487286, 'hidden_continuous_size': 12, 'attention_head_size': 3, 'learning_rate': 0.02811957196887579}. Best is trial 26 with value: 62.23318862915039.
LOCAL_RANK: 0 - CUDA_VISIBLE_DEVICES: [0]
[I 2023-11-30 06:09:20,465] Trial 35 finished with value: 63.611202239990234 and parameters: {'gradient_clip_val': 0.46207217566603287, 'hidden_size': 26, 'dropout': 0.2024586326285108, 'hidden_continuous_size': 12, 'attention_head_size': 3, 'learning_rate': 0.017965519072505008}. Best is trial 26 with value: 62.23318862915039.
LOCAL_RANK: 0 - CUDA_VISIBLE_DEVICES: [0]
[I 2023-11-30 06:09:32,579] Trial 36 finished with value: 84.99437713623047 and parameters: {'gradient_clip_val': 0.4832300525331114, 'hidden_size': 26, 'dropout': 0.240187512352599, 'hidden_continuous_size': 11, 'attention_head_size': 2, 'learning_rate': 0.005229817907177074}. Best is trial 26 with value: 62.23318862915039.
LOCAL_RANK: 0 - CUDA_VISIBLE_DEVICES: [0]
[I 2023-11-30 06:09:45,073] Trial 37 finished with value: 77.67723846435547 and parameters: {'gradient_clip_val': 0.6302813649142467, 'hidden_size': 21, 'dropout': 0.15884664259367118, 'hidden_continuous_size': 12, 'attention_head_size': 4, 'learning_rate': 0.01640619556427538}. Best is trial 26 with value: 62.23318862915039.
LOCAL_RANK: 0 - CUDA_VISIBLE_DEVICES: [0]
[I 2023-11-30 06:09:57,275] Trial 38 finished with value: 66.16036224365234 and parameters: {'gradient_clip_val': 0.5110325385882001, 'hidden_size': 19, 'dropout': 0.22883919024815874, 'hidden_continuous_size': 12, 'attention_head_size': 2, 'learning_rate': 0.008694331974076444}. Best is trial 26 with value: 62.23318862915039.
LOCAL_RANK: 0 - CUDA_VISIBLE_DEVICES: [0]
[I 2023-11-30 06:10:09,772] Trial 39 finished with value: 107.2152099609375 and parameters: {'gradient_clip_val': 0.44113492457383147, 'hidden_size': 17, 'dropout': 0.2010981494817849, 'hidden_continuous_size': 12, 'attention_head_size': 4, 'learning_rate': 0.003314745531431602}. Best is trial 26 with value: 62.23318862915039.
LOCAL_RANK: 0 - CUDA_VISIBLE_DEVICES: [0]
[I 2023-11-30 06:10:22,054] Trial 40 finished with value: 73.5911636352539 and parameters: {'gradient_clip_val': 0.6302223922248136, 'hidden_size': 22, 'dropout': 0.18612956998706767, 'hidden_continuous_size': 13, 'attention_head_size': 3, 'learning_rate': 0.03987264001911014}. Best is trial 26 with value: 62.23318862915039.
LOCAL_RANK: 0 - CUDA_VISIBLE_DEVICES: [0]
