[I 2023-11-30 04:42:45,522] Trial 82 finished with value: 602.797119140625 and parameters: {'gradient_clip_val': 0.23617486506744448, 'hidden_size': 30, 'dropout': 0.3423789157515563, 'hidden_continuous_size': 21, 'attention_head_size': 3, 'learning_rate': 0.02055969389332667}. Best is trial 7 with value: 492.7200012207031.
LOCAL_RANK: 0 - CUDA_VISIBLE_DEVICES: [0]
[I 2023-11-30 04:42:58,328] Trial 83 finished with value: 620.7078247070312 and parameters: {'gradient_clip_val': 0.21766518687144776, 'hidden_size': 36, 'dropout': 0.38540905274588333, 'hidden_continuous_size': 20, 'attention_head_size': 4, 'learning_rate': 0.028877987539343373}. Best is trial 7 with value: 492.7200012207031.
LOCAL_RANK: 0 - CUDA_VISIBLE_DEVICES: [0]
[I 2023-11-30 04:43:10,726] Trial 84 finished with value: 553.8914184570312 and parameters: {'gradient_clip_val': 0.18675521873134243, 'hidden_size': 23, 'dropout': 0.3553983879757612, 'hidden_continuous_size': 21, 'attention_head_size': 2, 'learning_rate': 0.01587906578690376}. Best is trial 7 with value: 492.7200012207031.
LOCAL_RANK: 0 - CUDA_VISIBLE_DEVICES: [0]
[I 2023-11-30 04:43:23,937] Trial 85 finished with value: 722.2072143554688 and parameters: {'gradient_clip_val': 0.2024524988469425, 'hidden_size': 64, 'dropout': 0.37033775716648537, 'hidden_continuous_size': 26, 'attention_head_size': 3, 'learning_rate': 0.022258371726733426}. Best is trial 7 with value: 492.7200012207031.
LOCAL_RANK: 0 - CUDA_VISIBLE_DEVICES: [0]
[I 2023-11-30 04:43:36,485] Trial 86 finished with value: 550.9943237304688 and parameters: {'gradient_clip_val': 0.2451783731888318, 'hidden_size': 32, 'dropout': 0.3935112554751357, 'hidden_continuous_size': 22, 'attention_head_size': 4, 'learning_rate': 0.014015119950484859}. Best is trial 7 with value: 492.7200012207031.
LOCAL_RANK: 0 - CUDA_VISIBLE_DEVICES: [0]
[I 2023-11-30 04:43:49,856] Trial 87 finished with value: 680.9340209960938 and parameters: {'gradient_clip_val': 0.25535348966070454, 'hidden_size': 68, 'dropout': 0.3782041215332164, 'hidden_continuous_size': 18, 'attention_head_size': 2, 'learning_rate': 0.018649044298286403}. Best is trial 7 with value: 492.7200012207031.
LOCAL_RANK: 0 - CUDA_VISIBLE_DEVICES: [0]
[I 2023-11-30 04:44:02,553] Trial 88 finished with value: 598.5905151367188 and parameters: {'gradient_clip_val': 0.3240415028071213, 'hidden_size': 26, 'dropout': 0.3294275873504043, 'hidden_continuous_size': 22, 'attention_head_size': 4, 'learning_rate': 0.03330375789244235}. Best is trial 7 with value: 492.7200012207031.
LOCAL_RANK: 0 - CUDA_VISIBLE_DEVICES: [0]
[I 2023-11-30 04:44:15,397] Trial 89 finished with value: 557.50439453125 and parameters: {'gradient_clip_val': 0.2873864057887721, 'hidden_size': 37, 'dropout': 0.3482344558945188, 'hidden_continuous_size': 24, 'attention_head_size': 3, 'learning_rate': 0.027471830172365107}. Best is trial 7 with value: 492.7200012207031.
LOCAL_RANK: 0 - CUDA_VISIBLE_DEVICES: [0]
[I 2023-11-30 04:44:28,059] Trial 90 finished with value: 581.4132690429688 and parameters: {'gradient_clip_val': 0.26907229024541757, 'hidden_size': 34, 'dropout': 0.3577707859608706, 'hidden_continuous_size': 23, 'attention_head_size': 2, 'learning_rate': 0.0247058764871764}. Best is trial 7 with value: 492.7200012207031.
LOCAL_RANK: 0 - CUDA_VISIBLE_DEVICES: [0]
[I 2023-11-30 04:44:40,675] Trial 91 finished with value: 696.783935546875 and parameters: {'gradient_clip_val': 0.22797184655018574, 'hidden_size': 27, 'dropout': 0.36416781658063074, 'hidden_continuous_size': 22, 'attention_head_size': 4, 'learning_rate': 0.02429272017107316}. Best is trial 7 with value: 492.7200012207031.
LOCAL_RANK: 0 - CUDA_VISIBLE_DEVICES: [0]
[I 2023-11-30 04:44:53,084] Trial 92 finished with value: 561.9794311523438 and parameters: {'gradient_clip_val': 0.217886818263361, 'hidden_size': 28, 'dropout': 0.37088169893447304, 'hidden_continuous_size': 21, 'attention_head_size': 4, 'learning_rate': 0.02064620196538319}. Best is trial 7 with value: 492.7200012207031.
LOCAL_RANK: 0 - CUDA_VISIBLE_DEVICES: [0]
[I 2023-11-30 04:45:05,974] Trial 93 finished with value: 552.6393432617188 and parameters: {'gradient_clip_val': 0.2319344635996669, 'hidden_size': 31, 'dropout': 0.36586704194658304, 'hidden_continuous_size': 19, 'attention_head_size': 4, 'learning_rate': 0.017048440719263844}. Best is trial 7 with value: 492.7200012207031.
LOCAL_RANK: 0 - CUDA_VISIBLE_DEVICES: [0]
[I 2023-11-30 04:45:18,361] Trial 94 finished with value: 592.273193359375 and parameters: {'gradient_clip_val': 0.2015485903648615, 'hidden_size': 28, 'dropout': 0.38161782149865736, 'hidden_continuous_size': 23, 'attention_head_size': 4, 'learning_rate': 0.022657280998305822}. Best is trial 7 with value: 492.7200012207031.
LOCAL_RANK: 0 - CUDA_VISIBLE_DEVICES: [0]
[I 2023-11-30 04:45:31,213] Trial 95 finished with value: 683.84130859375 and parameters: {'gradient_clip_val': 0.24539469932246996, 'hidden_size': 29, 'dropout': 0.34405510688994545, 'hidden_continuous_size': 24, 'attention_head_size': 4, 'learning_rate': 0.029962719314279535}. Best is trial 7 with value: 492.7200012207031.
LOCAL_RANK: 0 - CUDA_VISIBLE_DEVICES: [0]
[I 2023-11-30 04:45:43,945] Trial 96 finished with value: 477.8570251464844 and parameters: {'gradient_clip_val': 0.1858622831529231, 'hidden_size': 34, 'dropout': 0.3628204930265383, 'hidden_continuous_size': 25, 'attention_head_size': 4, 'learning_rate': 0.01943426440188175}. Best is trial 96 with value: 477.8570251464844.
LOCAL_RANK: 0 - CUDA_VISIBLE_DEVICES: [0]
[I 2023-11-30 04:45:56,490] Trial 97 finished with value: 567.9539184570312 and parameters: {'gradient_clip_val': 0.17238420240243343, 'hidden_size': 40, 'dropout': 0.35318510917721696, 'hidden_continuous_size': 25, 'attention_head_size': 1, 'learning_rate': 0.01239634354591173}. Best is trial 96 with value: 477.8570251464844.
LOCAL_RANK: 0 - CUDA_VISIBLE_DEVICES: [0]
[I 2023-11-30 04:46:09,330] Trial 98 finished with value: 522.3689575195312 and parameters: {'gradient_clip_val': 0.167746412453065, 'hidden_size': 34, 'dropout': 0.37221333649514504, 'hidden_continuous_size': 20, 'attention_head_size': 3, 'learning_rate': 0.015362004773946853}. Best is trial 96 with value: 477.8570251464844.
LOCAL_RANK: 0 - CUDA_VISIBLE_DEVICES: [0]
[I 2023-11-30 04:46:22,036] Trial 99 finished with value: 546.9714965820312 and parameters: {'gradient_clip_val': 0.183305436196892, 'hidden_size': 37, 'dropout': 0.3736674846822666, 'hidden_continuous_size': 24, 'attention_head_size': 3, 'learning_rate': 0.015386677063682313}. Best is trial 96 with value: 477.8570251464844.
LOCAL_RANK: 0 - CUDA_VISIBLE_DEVICES: [0]
[I 2023-11-30 04:46:34,664] Trial 100 finished with value: 635.14697265625 and parameters: {'gradient_clip_val': 0.16660449236242936, 'hidden_size': 34, 'dropout': 0.38794095986167404, 'hidden_continuous_size': 25, 'attention_head_size': 3, 'learning_rate': 0.01910864651066439}. Best is trial 96 with value: 477.8570251464844.
LOCAL_RANK: 0 - CUDA_VISIBLE_DEVICES: [0]
[I 2023-11-30 04:46:47,196] Trial 101 finished with value: 613.2952270507812 and parameters: {'gradient_clip_val': 0.18262244306547665, 'hidden_size': 32, 'dropout': 0.3601680670830237, 'hidden_continuous_size': 19, 'attention_head_size': 3, 'learning_rate': 0.017374017316095614}. Best is trial 96 with value: 477.8570251464844.
LOCAL_RANK: 0 - CUDA_VISIBLE_DEVICES: [0]
[I 2023-11-30 04:46:59,854] Trial 102 finished with value: 493.5093994140625 and parameters: {'gradient_clip_val': 0.15345835222725512, 'hidden_size': 36, 'dropout': 0.380287826157341, 'hidden_continuous_size': 20, 'attention_head_size': 3, 'learning_rate': 0.011076124105397704}. Best is trial 96 with value: 477.8570251464844.
LOCAL_RANK: 0 - CUDA_VISIBLE_DEVICES: [0]
[I 2023-11-30 04:47:12,858] Trial 103 finished with value: 524.8196411132812 and parameters: {'gradient_clip_val': 0.15136183533010295, 'hidden_size': 41, 'dropout': 0.3853353297485088, 'hidden_continuous_size': 21, 'attention_head_size': 3, 'learning_rate': 0.010863092356992822}. Best is trial 96 with value: 477.8570251464844.
LOCAL_RANK: 0 - CUDA_VISIBLE_DEVICES: [0]
[I 2023-11-30 04:47:25,756] Trial 104 finished with value: 523.8845825195312 and parameters: {'gradient_clip_val': 0.14951162088587155, 'hidden_size': 43, 'dropout': 0.39906812056726826, 'hidden_continuous_size': 20, 'attention_head_size': 3, 'learning_rate': 0.008830691332661884}. Best is trial 96 with value: 477.8570251464844.
LOCAL_RANK: 0 - CUDA_VISIBLE_DEVICES: [0]
[I 2023-11-30 04:47:38,476] Trial 105 finished with value: 658.7355346679688 and parameters: {'gradient_clip_val': 0.15155669372679953, 'hidden_size': 41, 'dropout': 0.3997076690473269, 'hidden_continuous_size': 20, 'attention_head_size': 3, 'learning_rate': 0.01120242481338202}. Best is trial 96 with value: 477.8570251464844.
LOCAL_RANK: 0 - CUDA_VISIBLE_DEVICES: [0]
[I 2023-11-30 04:47:51,359] Trial 106 finished with value: 600.3121948242188 and parameters: {'gradient_clip_val': 0.13382942567388584, 'hidden_size': 46, 'dropout': 0.3925829623374039, 'hidden_continuous_size': 18, 'attention_head_size': 3, 'learning_rate': 0.009113880840061069}. Best is trial 96 with value: 477.8570251464844.
LOCAL_RANK: 0 - CUDA_VISIBLE_DEVICES: [0]
[I 2023-11-30 04:48:04,089] Trial 107 finished with value: 602.8333129882812 and parameters: {'gradient_clip_val': 0.14249336182827305, 'hidden_size': 39, 'dropout': 0.382208344153529, 'hidden_continuous_size': 21, 'attention_head_size': 3, 'learning_rate': 0.00819607995115566}. Best is trial 96 with value: 477.8570251464844.
LOCAL_RANK: 0 - CUDA_VISIBLE_DEVICES: [0]
[I 2023-11-30 04:48:16,982] Trial 108 finished with value: 912.9334106445312 and parameters: {'gradient_clip_val': 0.17004484224461586, 'hidden_size': 35, 'dropout': 0.385243089824742, 'hidden_continuous_size': 20, 'attention_head_size': 3, 'learning_rate': 0.010168317734879818}. Best is trial 96 with value: 477.8570251464844.
LOCAL_RANK: 0 - CUDA_VISIBLE_DEVICES: [0]
[I 2023-11-30 04:48:29,688] Trial 109 finished with value: 585.4085083007812 and parameters: {'gradient_clip_val': 0.15880149270431135, 'hidden_size': 37, 'dropout': 0.39745356359705464, 'hidden_continuous_size': 20, 'attention_head_size': 3, 'learning_rate': 0.010945146607172761}. Best is trial 96 with value: 477.8570251464844.
LOCAL_RANK: 0 - CUDA_VISIBLE_DEVICES: [0]
[I 2023-11-30 04:48:42,481] Trial 110 finished with value: 543.380126953125 and parameters: {'gradient_clip_val': 0.14818171720104648, 'hidden_size': 44, 'dropout': 0.38932321294740324, 'hidden_continuous_size': 19, 'attention_head_size': 3, 'learning_rate': 0.013001560461598482}. Best is trial 96 with value: 477.8570251464844.
LOCAL_RANK: 0 - CUDA_VISIBLE_DEVICES: [0]
[I 2023-11-30 04:48:55,519] Trial 111 finished with value: 850.7249145507812 and parameters: {'gradient_clip_val': 0.17145155239591786, 'hidden_size': 51, 'dropout': 0.37948693267419065, 'hidden_continuous_size': 21, 'attention_head_size': 3, 'learning_rate': 0.014101739343204144}. Best is trial 96 with value: 477.8570251464844.
LOCAL_RANK: 0 - CUDA_VISIBLE_DEVICES: [0]
[I 2023-11-30 04:49:08,412] Trial 112 finished with value: 544.5557250976562 and parameters: {'gradient_clip_val': 0.1946768653719404, 'hidden_size': 42, 'dropout': 0.37027783921212776, 'hidden_continuous_size': 23, 'attention_head_size': 3, 'learning_rate': 0.012012336455958363}. Best is trial 96 with value: 477.8570251464844.
LOCAL_RANK: 0 - CUDA_VISIBLE_DEVICES: [0]
[I 2023-11-30 04:49:21,379] Trial 113 finished with value: 599.3473510742188 and parameters: {'gradient_clip_val': 0.15961404372120103, 'hidden_size': 40, 'dropout': 0.3878847143439826, 'hidden_continuous_size': 30, 'attention_head_size': 3, 'learning_rate': 0.01585935538086225}. Best is trial 96 with value: 477.8570251464844.
LOCAL_RANK: 0 - CUDA_VISIBLE_DEVICES: [0]
[I 2023-11-30 04:49:33,923] Trial 114 finished with value: 788.1077270507812 and parameters: {'gradient_clip_val': 0.19094076274386565, 'hidden_size': 34, 'dropout': 0.3765789204075932, 'hidden_continuous_size': 11, 'attention_head_size': 3, 'learning_rate': 0.008999268067233663}. Best is trial 96 with value: 477.8570251464844.
LOCAL_RANK: 0 - CUDA_VISIBLE_DEVICES: [0]
[I 2023-11-30 04:49:46,831] Trial 115 finished with value: 466.2943115234375 and parameters: {'gradient_clip_val': 0.16342972921254986, 'hidden_size': 44, 'dropout': 0.3944697610874954, 'hidden_continuous_size': 33, 'attention_head_size': 3, 'learning_rate': 0.014772079824494657}. Best is trial 115 with value: 466.2943115234375.
LOCAL_RANK: 0 - CUDA_VISIBLE_DEVICES: [0]
[I 2023-11-30 04:50:00,170] Trial 116 finished with value: 523.4329223632812 and parameters: {'gradient_clip_val': 0.16579604638488515, 'hidden_size': 58, 'dropout': 0.39229045071516355, 'hidden_continuous_size': 33, 'attention_head_size': 2, 'learning_rate': 0.010073350699618679}. Best is trial 115 with value: 466.2943115234375.
LOCAL_RANK: 0 - CUDA_VISIBLE_DEVICES: [0]
[I 2023-11-30 04:50:13,591] Trial 117 finished with value: 751.03369140625 and parameters: {'gradient_clip_val': 0.1668310773218488, 'hidden_size': 72, 'dropout': 0.39619886601041765, 'hidden_continuous_size': 33, 'attention_head_size': 2, 'learning_rate': 0.013815717442760505}. Best is trial 115 with value: 466.2943115234375.
LOCAL_RANK: 0 - CUDA_VISIBLE_DEVICES: [0]
[I 2023-11-30 04:50:27,199] Trial 118 finished with value: 578.4219360351562 and parameters: {'gradient_clip_val': 0.14162946000975138, 'hidden_size': 63, 'dropout': 0.3933980785028791, 'hidden_continuous_size': 35, 'attention_head_size': 2, 'learning_rate': 0.007989358345364595}. Best is trial 115 with value: 466.2943115234375.
LOCAL_RANK: 0 - CUDA_VISIBLE_DEVICES: [0]
[I 2023-11-30 04:50:40,346] Trial 119 finished with value: 535.2514038085938 and parameters: {'gradient_clip_val': 0.1624706663699398, 'hidden_size': 60, 'dropout': 0.3993370190631449, 'hidden_continuous_size': 32, 'attention_head_size': 2, 'learning_rate': 0.009448889301428832}. Best is trial 115 with value: 466.2943115234375.
LOCAL_RANK: 0 - CUDA_VISIBLE_DEVICES: [0]
[I 2023-11-30 04:50:53,445] Trial 120 finished with value: 547.0211791992188 and parameters: {'gradient_clip_val': 0.184730238076961, 'hidden_size': 48, 'dropout': 0.37642494785283626, 'hidden_continuous_size': 35, 'attention_head_size': 2, 'learning_rate': 0.007296688555547909}. Best is trial 115 with value: 466.2943115234375.
LOCAL_RANK: 0 - CUDA_VISIBLE_DEVICES: [0]
[I 2023-11-30 04:51:06,582] Trial 121 finished with value: 592.9187622070312 and parameters: {'gradient_clip_val': 0.17460224019799828, 'hidden_size': 56, 'dropout': 0.385962834557421, 'hidden_continuous_size': 30, 'attention_head_size': 1, 'learning_rate': 0.011765611955362385}. Best is trial 115 with value: 466.2943115234375.
LOCAL_RANK: 0 - CUDA_VISIBLE_DEVICES: [0]
[I 2023-11-30 04:51:19,559] Trial 122 finished with value: 579.3536987304688 and parameters: {'gradient_clip_val': 0.15361955726901114, 'hidden_size': 45, 'dropout': 0.3814964698956502, 'hidden_continuous_size': 29, 'attention_head_size': 3, 'learning_rate': 0.011143552080192864}. Best is trial 115 with value: 466.2943115234375.
LOCAL_RANK: 0 - CUDA_VISIBLE_DEVICES: [0]
[I 2023-11-30 04:51:32,428] Trial 123 finished with value: 596.4028930664062 and parameters: {'gradient_clip_val': 0.13428451178972828, 'hidden_size': 37, 'dropout': 0.3909875763782973, 'hidden_continuous_size': 31, 'attention_head_size': 2, 'learning_rate': 0.009990082305676634}. Best is trial 115 with value: 466.2943115234375.
LOCAL_RANK: 0 - CUDA_VISIBLE_DEVICES: [0]
[I 2023-11-30 04:51:45,506] Trial 124 finished with value: 704.4646606445312 and parameters: {'gradient_clip_val': 0.1752602135773179, 'hidden_size': 52, 'dropout': 0.37068491810827153, 'hidden_continuous_size': 21, 'attention_head_size': 3, 'learning_rate': 0.015093452399768304}. Best is trial 115 with value: 466.2943115234375.
LOCAL_RANK: 0 - CUDA_VISIBLE_DEVICES: [0]
[I 2023-11-30 04:51:58,140] Trial 125 finished with value: 661.7893676757812 and parameters: {'gradient_clip_val': 0.12303141709791478, 'hidden_size': 33, 'dropout': 0.3830948004849562, 'hidden_continuous_size': 20, 'attention_head_size': 2, 'learning_rate': 0.012622028061609563}. Best is trial 115 with value: 466.2943115234375.
LOCAL_RANK: 0 - CUDA_VISIBLE_DEVICES: [0]
[I 2023-11-30 04:52:10,887] Trial 126 finished with value: 551.6228637695312 and parameters: {'gradient_clip_val': 0.15673175706558126, 'hidden_size': 39, 'dropout': 0.3901131740334583, 'hidden_continuous_size': 19, 'attention_head_size': 3, 'learning_rate': 0.01685687130573512}. Best is trial 115 with value: 466.2943115234375.
LOCAL_RANK: 0 - CUDA_VISIBLE_DEVICES: [0]
[I 2023-11-30 04:52:24,256] Trial 127 finished with value: 573.5827026367188 and parameters: {'gradient_clip_val': 0.16354264969226406, 'hidden_size': 59, 'dropout': 0.39985912708960614, 'hidden_continuous_size': 38, 'attention_head_size': 1, 'learning_rate': 0.010329258860330448}. Best is trial 115 with value: 466.2943115234375.
LOCAL_RANK: 0 - CUDA_VISIBLE_DEVICES: [0]
[I 2023-11-30 04:52:37,115] Trial 128 finished with value: 548.389892578125 and parameters: {'gradient_clip_val': 0.14739486209866512, 'hidden_size': 35, 'dropout': 0.3648384215837626, 'hidden_continuous_size': 22, 'attention_head_size': 3, 'learning_rate': 0.008623223838516042}. Best is trial 115 with value: 466.2943115234375.
LOCAL_RANK: 0 - CUDA_VISIBLE_DEVICES: [0]
[I 2023-11-30 04:52:49,777] Trial 129 finished with value: 523.6148071289062 and parameters: {'gradient_clip_val': 0.19303892484668286, 'hidden_size': 31, 'dropout': 0.3749677785152336, 'hidden_continuous_size': 28, 'attention_head_size': 2, 'learning_rate': 0.01880288716468868}. Best is trial 115 with value: 466.2943115234375.
LOCAL_RANK: 0 - CUDA_VISIBLE_DEVICES: [0]
[I 2023-11-30 04:53:02,271] Trial 130 finished with value: 604.1831665039062 and parameters: {'gradient_clip_val': 0.20212279826444868, 'hidden_size': 31, 'dropout': 0.3746012578751191, 'hidden_continuous_size': 27, 'attention_head_size': 2, 'learning_rate': 0.01871802043551809}. Best is trial 115 with value: 466.2943115234375.
LOCAL_RANK: 0 - CUDA_VISIBLE_DEVICES: [0]
[I 2023-11-30 04:53:14,891] Trial 131 finished with value: 571.2715454101562 and parameters: {'gradient_clip_val': 0.18896870498677795, 'hidden_size': 30, 'dropout': 0.3802314655215411, 'hidden_continuous_size': 27, 'attention_head_size': 2, 'learning_rate': 0.014775568060501057}. Best is trial 115 with value: 466.2943115234375.
LOCAL_RANK: 0 - CUDA_VISIBLE_DEVICES: [0]
[I 2023-11-30 04:53:27,403] Trial 132 finished with value: 498.4962158203125 and parameters: {'gradient_clip_val': 0.17965792224859112, 'hidden_size': 32, 'dropout': 0.3694434547870316, 'hidden_continuous_size': 28, 'attention_head_size': 2, 'learning_rate': 0.021007624860971946}. Best is trial 115 with value: 466.2943115234375.
LOCAL_RANK: 0 - CUDA_VISIBLE_DEVICES: [0]
[I 2023-11-30 04:53:39,960] Trial 133 finished with value: 575.579345703125 and parameters: {'gradient_clip_val': 0.17851656113639913, 'hidden_size': 32, 'dropout': 0.3566140450781117, 'hidden_continuous_size': 29, 'attention_head_size': 2, 'learning_rate': 0.02052983257044614}. Best is trial 115 with value: 466.2943115234375.
LOCAL_RANK: 0 - CUDA_VISIBLE_DEVICES: [0]
[I 2023-11-30 04:53:52,597] Trial 134 finished with value: 686.1909790039062 and parameters: {'gradient_clip_val': 0.19521362981930354, 'hidden_size': 36, 'dropout': 0.36794409460913974, 'hidden_continuous_size': 29, 'attention_head_size': 2, 'learning_rate': 0.019047505699827424}. Best is trial 115 with value: 466.2943115234375.
LOCAL_RANK: 0 - CUDA_VISIBLE_DEVICES: [0]
[I 2023-11-30 04:54:05,941] Trial 135 finished with value: 488.2275085449219 and parameters: {'gradient_clip_val': 0.16840445509178303, 'hidden_size': 65, 'dropout': 0.3608327765017927, 'hidden_continuous_size': 28, 'attention_head_size': 2, 'learning_rate': 0.016671455324192307}. Best is trial 115 with value: 466.2943115234375.
LOCAL_RANK: 0 - CUDA_VISIBLE_DEVICES: [0]
[I 2023-11-30 04:54:19,279] Trial 136 finished with value: 807.225830078125 and parameters: {'gradient_clip_val': 0.16655976233556058, 'hidden_size': 68, 'dropout': 0.3502644695027836, 'hidden_continuous_size': 28, 'attention_head_size': 2, 'learning_rate': 0.02239709548318428}. Best is trial 115 with value: 466.2943115234375.
LOCAL_RANK: 0 - CUDA_VISIBLE_DEVICES: [0]
[I 2023-11-30 04:54:32,461] Trial 137 finished with value: 517.6065063476562 and parameters: {'gradient_clip_val': 0.21037379735550096, 'hidden_size': 64, 'dropout': 0.36191012562005315, 'hidden_continuous_size': 27, 'attention_head_size': 2, 'learning_rate': 0.01613519161496536}. Best is trial 115 with value: 466.2943115234375.
LOCAL_RANK: 0 - CUDA_VISIBLE_DEVICES: [0]
[I 2023-11-30 04:54:46,085] Trial 138 finished with value: 688.4853515625 and parameters: {'gradient_clip_val': 0.20648915683182797, 'hidden_size': 75, 'dropout': 0.35740053605673366, 'hidden_continuous_size': 25, 'attention_head_size': 2, 'learning_rate': 0.016677336119657004}. Best is trial 115 with value: 466.2943115234375.
LOCAL_RANK: 0 - CUDA_VISIBLE_DEVICES: [0]
[I 2023-11-30 04:54:59,395] Trial 139 finished with value: 588.7434692382812 and parameters: {'gradient_clip_val': 0.21753134812682884, 'hidden_size': 65, 'dropout': 0.36361866213370236, 'hidden_continuous_size': 26, 'attention_head_size': 2, 'learning_rate': 0.013120617924511397}. Best is trial 115 with value: 466.2943115234375.
LOCAL_RANK: 0 - CUDA_VISIBLE_DEVICES: [0]
[I 2023-11-30 04:55:12,773] Trial 140 finished with value: 527.1173706054688 and parameters: {'gradient_clip_val': 0.17913553436456922, 'hidden_size': 71, 'dropout': 0.33864852903878295, 'hidden_continuous_size': 27, 'attention_head_size': 2, 'learning_rate': 0.01532505820928081}. Best is trial 115 with value: 466.2943115234375.
LOCAL_RANK: 0 - CUDA_VISIBLE_DEVICES: [0]
