[I 2023-11-30 11:58:26,087] Trial 118 finished with value: 197.9222869873047 and parameters: {'gradient_clip_val': 0.9148432454886902, 'hidden_size': 64, 'dropout': 0.14140648732038855, 'hidden_continuous_size': 35, 'attention_head_size': 4, 'learning_rate': 0.025069271166239762}. Best is trial 105 with value: 173.6768798828125.
LOCAL_RANK: 0 - CUDA_VISIBLE_DEVICES: [0]
[I 2023-11-30 11:58:39,543] Trial 119 finished with value: 181.19091796875 and parameters: {'gradient_clip_val': 0.9641598506755895, 'hidden_size': 59, 'dropout': 0.16439086223627242, 'hidden_continuous_size': 28, 'attention_head_size': 4, 'learning_rate': 0.022703827357587466}. Best is trial 105 with value: 173.6768798828125.
LOCAL_RANK: 0 - CUDA_VISIBLE_DEVICES: [0]
[I 2023-11-30 11:58:52,917] Trial 120 finished with value: 221.5831298828125 and parameters: {'gradient_clip_val': 0.9427692753975658, 'hidden_size': 59, 'dropout': 0.16583531218296638, 'hidden_continuous_size': 28, 'attention_head_size': 4, 'learning_rate': 0.019960903370371198}. Best is trial 105 with value: 173.6768798828125.
LOCAL_RANK: 0 - CUDA_VISIBLE_DEVICES: [0]
[I 2023-11-30 11:59:06,695] Trial 121 finished with value: 192.21112060546875 and parameters: {'gradient_clip_val': 0.9696757453370494, 'hidden_size': 67, 'dropout': 0.1502478449441449, 'hidden_continuous_size': 34, 'attention_head_size': 4, 'learning_rate': 0.024072948405786217}. Best is trial 105 with value: 173.6768798828125.
LOCAL_RANK: 0 - CUDA_VISIBLE_DEVICES: [0]
[I 2023-11-30 11:59:20,263] Trial 122 finished with value: 193.6029052734375 and parameters: {'gradient_clip_val': 0.8385214215586734, 'hidden_size': 77, 'dropout': 0.1729740314894785, 'hidden_continuous_size': 31, 'attention_head_size': 4, 'learning_rate': 0.021986962251992835}. Best is trial 105 with value: 173.6768798828125.
LOCAL_RANK: 0 - CUDA_VISIBLE_DEVICES: [0]
[I 2023-11-30 11:59:33,663] Trial 123 finished with value: 190.43115234375 and parameters: {'gradient_clip_val': 0.9879362035562774, 'hidden_size': 65, 'dropout': 0.15802958129127706, 'hidden_continuous_size': 30, 'attention_head_size': 4, 'learning_rate': 0.02620107783491035}. Best is trial 105 with value: 173.6768798828125.
LOCAL_RANK: 0 - CUDA_VISIBLE_DEVICES: [0]
[I 2023-11-30 11:59:46,779] Trial 124 finished with value: 226.12449645996094 and parameters: {'gradient_clip_val': 0.8907431497266398, 'hidden_size': 54, 'dropout': 0.13871984954799232, 'hidden_continuous_size': 25, 'attention_head_size': 4, 'learning_rate': 0.016172947648409416}. Best is trial 105 with value: 173.6768798828125.
LOCAL_RANK: 0 - CUDA_VISIBLE_DEVICES: [0]
[I 2023-11-30 12:00:00,334] Trial 125 finished with value: 188.2946319580078 and parameters: {'gradient_clip_val': 0.9470061821678104, 'hidden_size': 72, 'dropout': 0.12653545301605787, 'hidden_continuous_size': 33, 'attention_head_size': 4, 'learning_rate': 0.03948966771592826}. Best is trial 105 with value: 173.6768798828125.
LOCAL_RANK: 0 - CUDA_VISIBLE_DEVICES: [0]
[I 2023-11-30 12:00:13,670] Trial 126 finished with value: 178.665771484375 and parameters: {'gradient_clip_val': 0.8568937591115363, 'hidden_size': 51, 'dropout': 0.11665282120002621, 'hidden_continuous_size': 28, 'attention_head_size': 4, 'learning_rate': 0.021994239544344797}. Best is trial 105 with value: 173.6768798828125.
LOCAL_RANK: 0 - CUDA_VISIBLE_DEVICES: [0]
[I 2023-11-30 12:00:26,877] Trial 127 finished with value: 251.59693908691406 and parameters: {'gradient_clip_val': 0.8497988121864619, 'hidden_size': 50, 'dropout': 0.11607217611711236, 'hidden_continuous_size': 29, 'attention_head_size': 4, 'learning_rate': 0.01848674094453066}. Best is trial 105 with value: 173.6768798828125.
LOCAL_RANK: 0 - CUDA_VISIBLE_DEVICES: [0]
[I 2023-11-30 12:00:39,969] Trial 128 finished with value: 179.59600830078125 and parameters: {'gradient_clip_val': 0.8114350099612844, 'hidden_size': 59, 'dropout': 0.12223744700197194, 'hidden_continuous_size': 28, 'attention_head_size': 1, 'learning_rate': 0.02088437555262244}. Best is trial 105 with value: 173.6768798828125.
LOCAL_RANK: 0 - CUDA_VISIBLE_DEVICES: [0]
[I 2023-11-30 12:00:53,422] Trial 129 finished with value: 212.17735290527344 and parameters: {'gradient_clip_val': 0.8198616386085228, 'hidden_size': 67, 'dropout': 0.11956000977964416, 'hidden_continuous_size': 32, 'attention_head_size': 1, 'learning_rate': 0.022665148796134318}. Best is trial 105 with value: 173.6768798828125.
LOCAL_RANK: 0 - CUDA_VISIBLE_DEVICES: [0]
[I 2023-11-30 12:01:06,717] Trial 130 finished with value: 200.38658142089844 and parameters: {'gradient_clip_val': 0.9042265340713819, 'hidden_size': 61, 'dropout': 0.11308186239473161, 'hidden_continuous_size': 28, 'attention_head_size': 2, 'learning_rate': 0.019926996982751456}. Best is trial 105 with value: 173.6768798828125.
LOCAL_RANK: 0 - CUDA_VISIBLE_DEVICES: [0]
[I 2023-11-30 12:01:20,148] Trial 131 finished with value: 216.24900817871094 and parameters: {'gradient_clip_val': 0.8819330919052638, 'hidden_size': 57, 'dropout': 0.12322968296833595, 'hidden_continuous_size': 27, 'attention_head_size': 2, 'learning_rate': 0.021439878661308684}. Best is trial 105 with value: 173.6768798828125.
LOCAL_RANK: 0 - CUDA_VISIBLE_DEVICES: [0]
[I 2023-11-30 12:01:33,507] Trial 132 finished with value: 280.2325744628906 and parameters: {'gradient_clip_val': 0.805629697767059, 'hidden_size': 58, 'dropout': 0.13217468570133523, 'hidden_continuous_size': 26, 'attention_head_size': 4, 'learning_rate': 0.02693845272904775}. Best is trial 105 with value: 173.6768798828125.
LOCAL_RANK: 0 - CUDA_VISIBLE_DEVICES: [0]
[I 2023-11-30 12:01:46,965] Trial 133 finished with value: 184.08766174316406 and parameters: {'gradient_clip_val': 0.9216887685754998, 'hidden_size': 80, 'dropout': 0.14426485471325035, 'hidden_continuous_size': 37, 'attention_head_size': 1, 'learning_rate': 0.014777953098900658}. Best is trial 105 with value: 173.6768798828125.
LOCAL_RANK: 0 - CUDA_VISIBLE_DEVICES: [0]
[I 2023-11-30 12:02:00,036] Trial 134 finished with value: 195.11334228515625 and parameters: {'gradient_clip_val': 0.7884651892824107, 'hidden_size': 52, 'dropout': 0.1052140506870207, 'hidden_continuous_size': 28, 'attention_head_size': 4, 'learning_rate': 0.03161755463607273}. Best is trial 105 with value: 173.6768798828125.
LOCAL_RANK: 0 - CUDA_VISIBLE_DEVICES: [0]
[I 2023-11-30 12:02:13,722] Trial 135 finished with value: 199.8683624267578 and parameters: {'gradient_clip_val': 0.8668206990254567, 'hidden_size': 74, 'dropout': 0.12760750892437026, 'hidden_continuous_size': 30, 'attention_head_size': 4, 'learning_rate': 0.017314514000385986}. Best is trial 105 with value: 173.6768798828125.
LOCAL_RANK: 0 - CUDA_VISIBLE_DEVICES: [0]
[I 2023-11-30 12:02:26,785] Trial 136 finished with value: 210.08750915527344 and parameters: {'gradient_clip_val': 0.9510237051765297, 'hidden_size': 48, 'dropout': 0.13678157622172893, 'hidden_continuous_size': 27, 'attention_head_size': 4, 'learning_rate': 0.023420581159748093}. Best is trial 105 with value: 173.6768798828125.
LOCAL_RANK: 0 - CUDA_VISIBLE_DEVICES: [0]
[I 2023-11-30 12:02:40,146] Trial 137 finished with value: 192.08961486816406 and parameters: {'gradient_clip_val': 0.7158655071208153, 'hidden_size': 64, 'dropout': 0.14487902236873756, 'hidden_continuous_size': 33, 'attention_head_size': 4, 'learning_rate': 0.029037741771201196}. Best is trial 105 with value: 173.6768798828125.
LOCAL_RANK: 0 - CUDA_VISIBLE_DEVICES: [0]
[I 2023-11-30 12:02:53,767] Trial 138 finished with value: 198.3927001953125 and parameters: {'gradient_clip_val': 0.7688048293065266, 'hidden_size': 87, 'dropout': 0.11500774538151587, 'hidden_continuous_size': 36, 'attention_head_size': 1, 'learning_rate': 0.025836362805355405}. Best is trial 105 with value: 173.6768798828125.
LOCAL_RANK: 0 - CUDA_VISIBLE_DEVICES: [0]
[I 2023-11-30 12:03:06,824] Trial 139 finished with value: 218.03033447265625 and parameters: {'gradient_clip_val': 0.6677012593908495, 'hidden_size': 60, 'dropout': 0.13630003453962652, 'hidden_continuous_size': 25, 'attention_head_size': 2, 'learning_rate': 0.036157696180272605}. Best is trial 105 with value: 173.6768798828125.
LOCAL_RANK: 0 - CUDA_VISIBLE_DEVICES: [0]
[I 2023-11-30 12:03:20,316] Trial 140 finished with value: 189.01527404785156 and parameters: {'gradient_clip_val': 0.9856385939590867, 'hidden_size': 68, 'dropout': 0.1011382985542873, 'hidden_continuous_size': 31, 'attention_head_size': 4, 'learning_rate': 0.019651854066893137}. Best is trial 105 with value: 173.6768798828125.
LOCAL_RANK: 0 - CUDA_VISIBLE_DEVICES: [0]
[I 2023-11-30 12:03:33,318] Trial 141 finished with value: 210.72837829589844 and parameters: {'gradient_clip_val': 0.8166292388170967, 'hidden_size': 34, 'dropout': 0.15416412116816153, 'hidden_continuous_size': 29, 'attention_head_size': 4, 'learning_rate': 0.03241617175908088}. Best is trial 105 with value: 173.6768798828125.
LOCAL_RANK: 0 - CUDA_VISIBLE_DEVICES: [0]
[I 2023-11-30 12:03:46,282] Trial 142 finished with value: 192.2483367919922 and parameters: {'gradient_clip_val': 0.8539518006008189, 'hidden_size': 52, 'dropout': 0.1514578964699906, 'hidden_continuous_size': 26, 'attention_head_size': 4, 'learning_rate': 0.021889109804857868}. Best is trial 105 with value: 173.6768798828125.
LOCAL_RANK: 0 - CUDA_VISIBLE_DEVICES: [0]
[I 2023-11-30 12:03:59,578] Trial 143 finished with value: 196.3447723388672 and parameters: {'gradient_clip_val': 0.7353146420007575, 'hidden_size': 55, 'dropout': 0.164140219983167, 'hidden_continuous_size': 24, 'attention_head_size': 4, 'learning_rate': 0.03911644007809601}. Best is trial 105 with value: 173.6768798828125.
LOCAL_RANK: 0 - CUDA_VISIBLE_DEVICES: [0]
[I 2023-11-30 12:04:12,752] Trial 144 finished with value: 174.525634765625 and parameters: {'gradient_clip_val': 0.9978935252334311, 'hidden_size': 50, 'dropout': 0.12937568704183672, 'hidden_continuous_size': 26, 'attention_head_size': 4, 'learning_rate': 0.027950278488132196}. Best is trial 105 with value: 173.6768798828125.
LOCAL_RANK: 0 - CUDA_VISIBLE_DEVICES: [0]
[I 2023-11-30 12:04:25,933] Trial 145 finished with value: 192.53953552246094 and parameters: {'gradient_clip_val': 0.9916572071438818, 'hidden_size': 49, 'dropout': 0.12974049973234833, 'hidden_continuous_size': 28, 'attention_head_size': 4, 'learning_rate': 0.028246800011968737}. Best is trial 105 with value: 173.6768798828125.
LOCAL_RANK: 0 - CUDA_VISIBLE_DEVICES: [0]
[I 2023-11-30 12:04:39,321] Trial 146 finished with value: 200.4110107421875 and parameters: {'gradient_clip_val': 0.9193515977520997, 'hidden_size': 56, 'dropout': 0.1206659449514426, 'hidden_continuous_size': 25, 'attention_head_size': 4, 'learning_rate': 0.02458885050844362}. Best is trial 105 with value: 173.6768798828125.
LOCAL_RANK: 0 - CUDA_VISIBLE_DEVICES: [0]
[I 2023-11-30 12:04:52,169] Trial 147 finished with value: 203.8065185546875 and parameters: {'gradient_clip_val': 0.9407212270836668, 'hidden_size': 37, 'dropout': 0.12590671780815493, 'hidden_continuous_size': 27, 'attention_head_size': 4, 'learning_rate': 0.018539400685964286}. Best is trial 105 with value: 173.6768798828125.
LOCAL_RANK: 0 - CUDA_VISIBLE_DEVICES: [0]
[I 2023-11-30 12:05:05,577] Trial 148 finished with value: 200.3525848388672 and parameters: {'gradient_clip_val': 0.8516866120105838, 'hidden_size': 63, 'dropout': 0.13893012479145206, 'hidden_continuous_size': 26, 'attention_head_size': 4, 'learning_rate': 0.03446395048345017}. Best is trial 105 with value: 173.6768798828125.
LOCAL_RANK: 0 - CUDA_VISIBLE_DEVICES: [0]
[I 2023-11-30 12:05:18,616] Trial 149 finished with value: 214.887939453125 and parameters: {'gradient_clip_val': 0.8911368468833428, 'hidden_size': 43, 'dropout': 0.10785682594153825, 'hidden_continuous_size': 28, 'attention_head_size': 4, 'learning_rate': 0.029748000577972795}. Best is trial 105 with value: 173.6768798828125.
[I 2023-11-30 12:05:18,729] A new study created in memory with name: no-name-7334987a-b875-4fa8-9b8a-e3caa1dee98b
/home/le004/conda/anaconda3/envs/tsff_env/lib/python3.9/site-packages/lightning/fabric/plugins/environments/slurm.py:191: The `srun` command is available on your system but is not used. HINT: If your intention is to run Lightning on SLURM, prepend your python command with `srun` like so: srun python /home/le004/master_thesis/git/TSFusionForecast/code/ ...
LOCAL_RANK: 0 - CUDA_VISIBLE_DEVICES: [0]
[I 2023-11-30 12:05:31,550] Trial 0 finished with value: 116.01581573486328 and parameters: {'gradient_clip_val': 0.18258001977964164, 'hidden_size': 35, 'dropout': 0.37112933068188436, 'hidden_continuous_size': 34, 'attention_head_size': 2, 'learning_rate': 0.0014429844307949356}. Best is trial 0 with value: 116.01581573486328.
LOCAL_RANK: 0 - CUDA_VISIBLE_DEVICES: [0]
[I 2023-11-30 12:05:45,376] Trial 1 finished with value: 48.90034103393555 and parameters: {'gradient_clip_val': 0.2725912465128257, 'hidden_size': 84, 'dropout': 0.2946022661401273, 'hidden_continuous_size': 43, 'attention_head_size': 3, 'learning_rate': 0.035953217706911664}. Best is trial 1 with value: 48.90034103393555.
LOCAL_RANK: 0 - CUDA_VISIBLE_DEVICES: [0]
[I 2023-11-30 12:05:57,981] Trial 2 finished with value: 60.4973030090332 and parameters: {'gradient_clip_val': 0.10666291808770845, 'hidden_size': 35, 'dropout': 0.14292435367558937, 'hidden_continuous_size': 27, 'attention_head_size': 3, 'learning_rate': 0.006125772753136541}. Best is trial 1 with value: 48.90034103393555.
LOCAL_RANK: 0 - CUDA_VISIBLE_DEVICES: [0]
[I 2023-11-30 12:06:10,603] Trial 3 finished with value: 68.21728515625 and parameters: {'gradient_clip_val': 0.20356866647797608, 'hidden_size': 30, 'dropout': 0.327806467131444, 'hidden_continuous_size': 28, 'attention_head_size': 3, 'learning_rate': 0.002875043467847751}. Best is trial 1 with value: 48.90034103393555.
LOCAL_RANK: 0 - CUDA_VISIBLE_DEVICES: [0]
[I 2023-11-30 12:06:23,270] Trial 4 finished with value: 48.14791488647461 and parameters: {'gradient_clip_val': 0.24867996316247487, 'hidden_size': 34, 'dropout': 0.3927630352152848, 'hidden_continuous_size': 12, 'attention_head_size': 3, 'learning_rate': 0.08066147963163328}. Best is trial 4 with value: 48.14791488647461.
LOCAL_RANK: 0 - CUDA_VISIBLE_DEVICES: [0]
[I 2023-11-30 12:06:37,069] Trial 5 finished with value: 54.1033821105957 and parameters: {'gradient_clip_val': 0.14797712144883018, 'hidden_size': 124, 'dropout': 0.2595512753076391, 'hidden_continuous_size': 24, 'attention_head_size': 3, 'learning_rate': 0.09905125510555006}. Best is trial 4 with value: 48.14791488647461.
LOCAL_RANK: 0 - CUDA_VISIBLE_DEVICES: [0]
[I 2023-11-30 12:06:51,337] Trial 6 finished with value: 56.4915657043457 and parameters: {'gradient_clip_val': 0.9366086294240198, 'hidden_size': 105, 'dropout': 0.11827882259551145, 'hidden_continuous_size': 51, 'attention_head_size': 4, 'learning_rate': 0.06247793385813549}. Best is trial 4 with value: 48.14791488647461.
LOCAL_RANK: 0 - CUDA_VISIBLE_DEVICES: [0]
[I 2023-11-30 12:07:05,963] Trial 7 finished with value: 47.47909164428711 and parameters: {'gradient_clip_val': 0.412195893793154, 'hidden_size': 139, 'dropout': 0.30132859702215453, 'hidden_continuous_size': 108, 'attention_head_size': 2, 'learning_rate': 0.023362695551388125}. Best is trial 7 with value: 47.47909164428711.
LOCAL_RANK: 0 - CUDA_VISIBLE_DEVICES: [0]
[I 2023-11-30 12:07:19,345] Trial 8 finished with value: 57.2525749206543 and parameters: {'gradient_clip_val': 0.1585115522669316, 'hidden_size': 92, 'dropout': 0.2692979685816074, 'hidden_continuous_size': 13, 'attention_head_size': 3, 'learning_rate': 0.003701008813701408}. Best is trial 7 with value: 47.47909164428711.
LOCAL_RANK: 0 - CUDA_VISIBLE_DEVICES: [0]
[I 2023-11-30 12:07:31,961] Trial 9 finished with value: 77.12398529052734 and parameters: {'gradient_clip_val': 0.15651518949395127, 'hidden_size': 33, 'dropout': 0.2947062869973489, 'hidden_continuous_size': 21, 'attention_head_size': 2, 'learning_rate': 0.002014556401473757}. Best is trial 7 with value: 47.47909164428711.
LOCAL_RANK: 0 - CUDA_VISIBLE_DEVICES: [0]
[I 2023-11-30 12:07:43,985] Trial 10 finished with value: 62.50368118286133 and parameters: {'gradient_clip_val': 0.43112206033489653, 'hidden_size': 14, 'dropout': 0.21093273835525456, 'hidden_continuous_size': 13, 'attention_head_size': 1, 'learning_rate': 0.01605745914343763}. Best is trial 7 with value: 47.47909164428711.
LOCAL_RANK: 0 - CUDA_VISIBLE_DEVICES: [0]
[I 2023-11-30 12:07:56,940] Trial 11 finished with value: 53.38581466674805 and parameters: {'gradient_clip_val': 0.43643378599918176, 'hidden_size': 57, 'dropout': 0.3979315084748536, 'hidden_continuous_size': 10, 'attention_head_size': 1, 'learning_rate': 0.023687647762085116}. Best is trial 7 with value: 47.47909164428711.
LOCAL_RANK: 0 - CUDA_VISIBLE_DEVICES: [0]
[I 2023-11-30 12:08:10,635] Trial 12 finished with value: 55.906768798828125 and parameters: {'gradient_clip_val': 0.36855962259680997, 'hidden_size': 62, 'dropout': 0.3508419941541856, 'hidden_continuous_size': 59, 'attention_head_size': 4, 'learning_rate': 0.01019272085816192}. Best is trial 7 with value: 47.47909164428711.
LOCAL_RANK: 0 - CUDA_VISIBLE_DEVICES: [0]
[I 2023-11-30 12:08:24,829] Trial 13 finished with value: 54.51057815551758 and parameters: {'gradient_clip_val': 0.2811905290529559, 'hidden_size': 124, 'dropout': 0.33481326030014247, 'hidden_continuous_size': 119, 'attention_head_size': 2, 'learning_rate': 0.046310665372773015}. Best is trial 7 with value: 47.47909164428711.
LOCAL_RANK: 0 - CUDA_VISIBLE_DEVICES: [0]
[I 2023-11-30 12:08:36,805] Trial 14 finished with value: 51.971588134765625 and parameters: {'gradient_clip_val': 0.5308737983705558, 'hidden_size': 20, 'dropout': 0.39893745715998474, 'hidden_continuous_size': 11, 'attention_head_size': 2, 'learning_rate': 0.0978516976686737}. Best is trial 7 with value: 47.47909164428711.
LOCAL_RANK: 0 - CUDA_VISIBLE_DEVICES: [0]
[I 2023-11-30 12:08:51,605] Trial 15 finished with value: 55.29640579223633 and parameters: {'gradient_clip_val': 0.25009007709138337, 'hidden_size': 143, 'dropout': 0.22110863582333232, 'hidden_continuous_size': 123, 'attention_head_size': 1, 'learning_rate': 0.024696078378793066}. Best is trial 7 with value: 47.47909164428711.
LOCAL_RANK: 0 - CUDA_VISIBLE_DEVICES: [0]
[I 2023-11-30 12:09:04,736] Trial 16 finished with value: 59.34120559692383 and parameters: {'gradient_clip_val': 0.5978479606300139, 'hidden_size': 54, 'dropout': 0.3128912536525023, 'hidden_continuous_size': 17, 'attention_head_size': 4, 'learning_rate': 0.05596921458684243}. Best is trial 7 with value: 47.47909164428711.
LOCAL_RANK: 0 - CUDA_VISIBLE_DEVICES: [0]
[I 2023-11-30 12:09:16,952] Trial 17 finished with value: 58.54475784301758 and parameters: {'gradient_clip_val': 0.301959592557398, 'hidden_size': 23, 'dropout': 0.36103853237045014, 'hidden_continuous_size': 12, 'attention_head_size': 2, 'learning_rate': 0.015450447986464548}. Best is trial 7 with value: 47.47909164428711.
LOCAL_RANK: 0 - CUDA_VISIBLE_DEVICES: [0]
[I 2023-11-30 12:09:29,682] Trial 18 finished with value: 64.92415618896484 and parameters: {'gradient_clip_val': 0.2300998702968288, 'hidden_size': 52, 'dropout': 0.3522072361827221, 'hidden_continuous_size': 15, 'attention_head_size': 2, 'learning_rate': 0.03330508842169062}. Best is trial 7 with value: 47.47909164428711.
LOCAL_RANK: 0 - CUDA_VISIBLE_DEVICES: [0]
[I 2023-11-30 12:09:43,069] Trial 19 finished with value: 58.79557418823242 and parameters: {'gradient_clip_val': 0.33647957944745754, 'hidden_size': 76, 'dropout': 0.380215003710801, 'hidden_continuous_size': 18, 'attention_head_size': 3, 'learning_rate': 0.0633412018482352}. Best is trial 7 with value: 47.47909164428711.
LOCAL_RANK: 0 - CUDA_VISIBLE_DEVICES: [0]
[I 2023-11-30 12:09:55,979] Trial 20 finished with value: 50.8336181640625 and parameters: {'gradient_clip_val': 0.23639633908831847, 'hidden_size': 43, 'dropout': 0.31809908382600854, 'hidden_continuous_size': 10, 'attention_head_size': 4, 'learning_rate': 0.0077835296103675984}. Best is trial 7 with value: 47.47909164428711.
LOCAL_RANK: 0 - CUDA_VISIBLE_DEVICES: [0]
[I 2023-11-30 12:10:09,621] Trial 21 finished with value: 58.57511901855469 and parameters: {'gradient_clip_val': 0.29065055428312386, 'hidden_size': 84, 'dropout': 0.2876005831586654, 'hidden_continuous_size': 36, 'attention_head_size': 3, 'learning_rate': 0.029552930163817652}. Best is trial 7 with value: 47.47909164428711.
LOCAL_RANK: 0 - CUDA_VISIBLE_DEVICES: [0]
[I 2023-11-30 12:10:23,161] Trial 22 finished with value: 48.319766998291016 and parameters: {'gradient_clip_val': 0.36808352250123155, 'hidden_size': 77, 'dropout': 0.2916897704144329, 'hidden_continuous_size': 20, 'attention_head_size': 3, 'learning_rate': 0.040161479353052074}. Best is trial 7 with value: 47.47909164428711.
LOCAL_RANK: 0 - CUDA_VISIBLE_DEVICES: [0]
[I 2023-11-30 12:10:37,464] Trial 23 finished with value: 52.04293441772461 and parameters: {'gradient_clip_val': 0.36122664631142704, 'hidden_size': 147, 'dropout': 0.24327836643420878, 'hidden_continuous_size': 20, 'attention_head_size': 3, 'learning_rate': 0.0411983682174852}. Best is trial 7 with value: 47.47909164428711.
LOCAL_RANK: 0 - CUDA_VISIBLE_DEVICES: [0]
[I 2023-11-30 12:10:50,673] Trial 24 finished with value: 49.09183883666992 and parameters: {'gradient_clip_val': 0.4077403485835836, 'hidden_size': 73, 'dropout': 0.33858981190986187, 'hidden_continuous_size': 15, 'attention_head_size': 2, 'learning_rate': 0.07078043645327847}. Best is trial 7 with value: 47.47909164428711.
LOCAL_RANK: 0 - CUDA_VISIBLE_DEVICES: [0]
[I 2023-11-30 12:11:04,652] Trial 25 finished with value: 57.81755447387695 and parameters: {'gradient_clip_val': 0.5077323053598709, 'hidden_size': 102, 'dropout': 0.31188368864041893, 'hidden_continuous_size': 22, 'attention_head_size': 3, 'learning_rate': 0.04393821687880687}. Best is trial 7 with value: 47.47909164428711.
LOCAL_RANK: 0 - CUDA_VISIBLE_DEVICES: [0]
