[I 2023-11-30 14:20:35,929] Trial 10 finished with value: 128.5744171142578 and parameters: {'gradient_clip_val': 0.1062028164666867, 'hidden_size': 17, 'dropout': 0.1897763378028623, 'hidden_continuous_size': 10, 'attention_head_size': 4, 'learning_rate': 0.024415150704706248}. Best is trial 7 with value: 82.06049346923828.
LOCAL_RANK: 0 - CUDA_VISIBLE_DEVICES: [0]
[I 2023-11-30 14:20:49,251] Trial 11 finished with value: 232.71844482421875 and parameters: {'gradient_clip_val': 0.4853230671520397, 'hidden_size': 17, 'dropout': 0.3067565094527732, 'hidden_continuous_size': 10, 'attention_head_size': 4, 'learning_rate': 0.0032629300906014953}. Best is trial 7 with value: 82.06049346923828.
LOCAL_RANK: 0 - CUDA_VISIBLE_DEVICES: [0]
[I 2023-11-30 14:21:02,826] Trial 12 finished with value: 196.3778533935547 and parameters: {'gradient_clip_val': 0.21564330655178648, 'hidden_size': 25, 'dropout': 0.39488860861275277, 'hidden_continuous_size': 12, 'attention_head_size': 4, 'learning_rate': 0.003253012242526173}. Best is trial 7 with value: 82.06049346923828.
LOCAL_RANK: 0 - CUDA_VISIBLE_DEVICES: [0]
[I 2023-11-30 14:21:16,453] Trial 13 finished with value: 198.2113037109375 and parameters: {'gradient_clip_val': 0.4963265981635068, 'hidden_size': 11, 'dropout': 0.23613025751652106, 'hidden_continuous_size': 10, 'attention_head_size': 4, 'learning_rate': 0.018369237199138102}. Best is trial 7 with value: 82.06049346923828.
LOCAL_RANK: 0 - CUDA_VISIBLE_DEVICES: [0]
[I 2023-11-30 14:21:32,109] Trial 14 finished with value: 113.52816009521484 and parameters: {'gradient_clip_val': 0.16965152844963674, 'hidden_size': 75, 'dropout': 0.14524992399708234, 'hidden_continuous_size': 33, 'attention_head_size': 3, 'learning_rate': 0.003205486970935282}. Best is trial 7 with value: 82.06049346923828.
LOCAL_RANK: 0 - CUDA_VISIBLE_DEVICES: [0]
[I 2023-11-30 14:21:47,600] Trial 15 finished with value: 156.58587646484375 and parameters: {'gradient_clip_val': 0.24066457323222282, 'hidden_size': 97, 'dropout': 0.232669250902291, 'hidden_continuous_size': 40, 'attention_head_size': 4, 'learning_rate': 0.013835835630179802}. Best is trial 7 with value: 82.06049346923828.
LOCAL_RANK: 0 - CUDA_VISIBLE_DEVICES: [0]
[I 2023-11-30 14:22:01,940] Trial 16 finished with value: 95.80014038085938 and parameters: {'gradient_clip_val': 0.15379050732729582, 'hidden_size': 50, 'dropout': 0.17093842181130162, 'hidden_continuous_size': 25, 'attention_head_size': 2, 'learning_rate': 0.03850427848541314}. Best is trial 7 with value: 82.06049346923828.
LOCAL_RANK: 0 - CUDA_VISIBLE_DEVICES: [0]
[I 2023-11-30 14:22:16,407] Trial 17 finished with value: 125.08385467529297 and parameters: {'gradient_clip_val': 0.13294990387382152, 'hidden_size': 52, 'dropout': 0.14946959271666432, 'hidden_continuous_size': 27, 'attention_head_size': 2, 'learning_rate': 0.05124873867785611}. Best is trial 7 with value: 82.06049346923828.
LOCAL_RANK: 0 - CUDA_VISIBLE_DEVICES: [0]
[I 2023-11-30 14:22:30,683] Trial 18 finished with value: 115.7947998046875 and parameters: {'gradient_clip_val': 0.12589180171872866, 'hidden_size': 43, 'dropout': 0.10817558855645514, 'hidden_continuous_size': 24, 'attention_head_size': 2, 'learning_rate': 0.03598064918464934}. Best is trial 7 with value: 82.06049346923828.
LOCAL_RANK: 0 - CUDA_VISIBLE_DEVICES: [0]
[I 2023-11-30 14:22:44,224] Trial 19 finished with value: 138.73231506347656 and parameters: {'gradient_clip_val': 0.15704966769766843, 'hidden_size': 26, 'dropout': 0.15243597804877937, 'hidden_continuous_size': 15, 'attention_head_size': 1, 'learning_rate': 0.042821229349326626}. Best is trial 7 with value: 82.06049346923828.
LOCAL_RANK: 0 - CUDA_VISIBLE_DEVICES: [0]
[I 2023-11-30 14:22:58,507] Trial 20 finished with value: 174.4355926513672 and parameters: {'gradient_clip_val': 0.1368832572945269, 'hidden_size': 49, 'dropout': 0.12930493954959654, 'hidden_continuous_size': 22, 'attention_head_size': 3, 'learning_rate': 0.0826505365024725}. Best is trial 7 with value: 82.06049346923828.
LOCAL_RANK: 0 - CUDA_VISIBLE_DEVICES: [0]
[I 2023-11-30 14:23:14,421] Trial 21 finished with value: 114.77449798583984 and parameters: {'gradient_clip_val': 0.10218989780605175, 'hidden_size': 67, 'dropout': 0.17143776390153104, 'hidden_continuous_size': 39, 'attention_head_size': 2, 'learning_rate': 0.015540868667117772}. Best is trial 7 with value: 82.06049346923828.
LOCAL_RANK: 0 - CUDA_VISIBLE_DEVICES: [0]
[I 2023-11-30 14:23:29,245] Trial 22 finished with value: 147.9338836669922 and parameters: {'gradient_clip_val': 0.25456162963491, 'hidden_size': 63, 'dropout': 0.20902552264168758, 'hidden_continuous_size': 26, 'attention_head_size': 3, 'learning_rate': 0.028691195647965607}. Best is trial 7 with value: 82.06049346923828.
LOCAL_RANK: 0 - CUDA_VISIBLE_DEVICES: [0]
[I 2023-11-30 14:23:44,250] Trial 23 finished with value: 129.29090881347656 and parameters: {'gradient_clip_val': 0.18366943865736876, 'hidden_size': 87, 'dropout': 0.16874075652183798, 'hidden_continuous_size': 45, 'attention_head_size': 4, 'learning_rate': 0.01253016428104711}. Best is trial 7 with value: 82.06049346923828.
LOCAL_RANK: 0 - CUDA_VISIBLE_DEVICES: [0]
[I 2023-11-30 14:23:58,443] Trial 24 finished with value: 154.53274536132812 and parameters: {'gradient_clip_val': 0.14783041652492512, 'hidden_size': 46, 'dropout': 0.2171411146586458, 'hidden_continuous_size': 18, 'attention_head_size': 3, 'learning_rate': 0.017713553953829606}. Best is trial 7 with value: 82.06049346923828.
LOCAL_RANK: 0 - CUDA_VISIBLE_DEVICES: [0]
[I 2023-11-30 14:24:12,957] Trial 25 finished with value: 166.6629180908203 and parameters: {'gradient_clip_val': 0.2713789543300253, 'hidden_size': 35, 'dropout': 0.26401454994058854, 'hidden_continuous_size': 23, 'attention_head_size': 2, 'learning_rate': 0.06779358142485363}. Best is trial 7 with value: 82.06049346923828.
LOCAL_RANK: 0 - CUDA_VISIBLE_DEVICES: [0]
[I 2023-11-30 14:24:28,141] Trial 26 finished with value: 169.0449676513672 and parameters: {'gradient_clip_val': 0.18291135567201044, 'hidden_size': 57, 'dropout': 0.10083030776708421, 'hidden_continuous_size': 28, 'attention_head_size': 4, 'learning_rate': 0.03273228528460717}. Best is trial 7 with value: 82.06049346923828.
LOCAL_RANK: 0 - CUDA_VISIBLE_DEVICES: [0]
[I 2023-11-30 14:24:42,723] Trial 27 finished with value: 170.30859375 and parameters: {'gradient_clip_val': 0.1513949997870951, 'hidden_size': 73, 'dropout': 0.13170181331882236, 'hidden_continuous_size': 31, 'attention_head_size': 1, 'learning_rate': 0.05777071240549922}. Best is trial 7 with value: 82.06049346923828.
LOCAL_RANK: 0 - CUDA_VISIBLE_DEVICES: [0]
[I 2023-11-30 14:24:56,227] Trial 28 finished with value: 155.0154266357422 and parameters: {'gradient_clip_val': 0.20904083034679374, 'hidden_size': 29, 'dropout': 0.19438074138438177, 'hidden_continuous_size': 18, 'attention_head_size': 3, 'learning_rate': 0.04213973082843004}. Best is trial 7 with value: 82.06049346923828.
LOCAL_RANK: 0 - CUDA_VISIBLE_DEVICES: [0]
[I 2023-11-30 14:25:10,679] Trial 29 finished with value: 112.76436614990234 and parameters: {'gradient_clip_val': 0.1097399186137244, 'hidden_size': 44, 'dropout': 0.3928958459948069, 'hidden_continuous_size': 12, 'attention_head_size': 4, 'learning_rate': 0.008721879475816095}. Best is trial 7 with value: 82.06049346923828.
LOCAL_RANK: 0 - CUDA_VISIBLE_DEVICES: [0]
[I 2023-11-30 14:25:25,680] Trial 30 finished with value: 120.90656280517578 and parameters: {'gradient_clip_val': 0.13377086603855268, 'hidden_size': 33, 'dropout': 0.3532746223767881, 'hidden_continuous_size': 21, 'attention_head_size': 3, 'learning_rate': 0.02323238618635183}. Best is trial 7 with value: 82.06049346923828.
LOCAL_RANK: 0 - CUDA_VISIBLE_DEVICES: [0]
[I 2023-11-30 14:25:39,411] Trial 31 finished with value: 135.27305603027344 and parameters: {'gradient_clip_val': 0.21153178494333133, 'hidden_size': 42, 'dropout': 0.20051268255961333, 'hidden_continuous_size': 14, 'attention_head_size': 3, 'learning_rate': 0.009482030876520118}. Best is trial 7 with value: 82.06049346923828.
LOCAL_RANK: 0 - CUDA_VISIBLE_DEVICES: [0]
[I 2023-11-30 14:25:53,304] Trial 32 finished with value: 100.8026351928711 and parameters: {'gradient_clip_val': 0.19544535537528354, 'hidden_size': 35, 'dropout': 0.1804304221671938, 'hidden_continuous_size': 17, 'attention_head_size': 4, 'learning_rate': 0.012122342462879535}. Best is trial 7 with value: 82.06049346923828.
LOCAL_RANK: 0 - CUDA_VISIBLE_DEVICES: [0]
[I 2023-11-30 14:26:07,789] Trial 33 finished with value: 85.78546905517578 and parameters: {'gradient_clip_val': 0.11607179857874964, 'hidden_size': 52, 'dropout': 0.1637543570096813, 'hidden_continuous_size': 13, 'attention_head_size': 4, 'learning_rate': 0.012936521950804355}. Best is trial 7 with value: 82.06049346923828.
LOCAL_RANK: 0 - CUDA_VISIBLE_DEVICES: [0]
[I 2023-11-30 14:26:22,089] Trial 34 finished with value: 144.53550720214844 and parameters: {'gradient_clip_val': 0.11978511492740208, 'hidden_size': 50, 'dropout': 0.16442798123648872, 'hidden_continuous_size': 13, 'attention_head_size': 4, 'learning_rate': 0.012641946786316577}. Best is trial 7 with value: 82.06049346923828.
LOCAL_RANK: 0 - CUDA_VISIBLE_DEVICES: [0]
[I 2023-11-30 14:26:36,635] Trial 35 finished with value: 118.56131744384766 and parameters: {'gradient_clip_val': 0.11895626084034994, 'hidden_size': 38, 'dropout': 0.18769289964813332, 'hidden_continuous_size': 11, 'attention_head_size': 4, 'learning_rate': 0.01061984952201103}. Best is trial 7 with value: 82.06049346923828.
LOCAL_RANK: 0 - CUDA_VISIBLE_DEVICES: [0]
[I 2023-11-30 14:26:50,908] Trial 36 finished with value: 131.9533233642578 and parameters: {'gradient_clip_val': 0.16430503264257823, 'hidden_size': 32, 'dropout': 0.14105136271444751, 'hidden_continuous_size': 17, 'attention_head_size': 4, 'learning_rate': 0.019870533962619407}. Best is trial 7 with value: 82.06049346923828.
LOCAL_RANK: 0 - CUDA_VISIBLE_DEVICES: [0]
[I 2023-11-30 14:27:04,878] Trial 37 finished with value: 143.9241485595703 and parameters: {'gradient_clip_val': 0.13581365326975434, 'hidden_size': 40, 'dropout': 0.12302573843359532, 'hidden_continuous_size': 13, 'attention_head_size': 4, 'learning_rate': 0.026849119855079043}. Best is trial 7 with value: 82.06049346923828.
LOCAL_RANK: 0 - CUDA_VISIBLE_DEVICES: [0]
[I 2023-11-30 14:27:18,954] Trial 38 finished with value: 89.1954116821289 and parameters: {'gradient_clip_val': 0.10195472500232919, 'hidden_size': 53, 'dropout': 0.15950139535983304, 'hidden_continuous_size': 15, 'attention_head_size': 2, 'learning_rate': 0.007884761464204365}. Best is trial 7 with value: 82.06049346923828.
LOCAL_RANK: 0 - CUDA_VISIBLE_DEVICES: [0]
[I 2023-11-30 14:27:33,686] Trial 39 finished with value: 120.4242172241211 and parameters: {'gradient_clip_val': 0.10633203697827581, 'hidden_size': 56, 'dropout': 0.16184416405531343, 'hidden_continuous_size': 11, 'attention_head_size': 2, 'learning_rate': 0.007105283121895947}. Best is trial 7 with value: 82.06049346923828.
LOCAL_RANK: 0 - CUDA_VISIBLE_DEVICES: [0]
[I 2023-11-30 14:27:48,389] Trial 40 finished with value: 108.1136474609375 and parameters: {'gradient_clip_val': 0.11662330149700095, 'hidden_size': 60, 'dropout': 0.11734781254006027, 'hidden_continuous_size': 15, 'attention_head_size': 2, 'learning_rate': 0.0074587984618581455}. Best is trial 7 with value: 82.06049346923828.
LOCAL_RANK: 0 - CUDA_VISIBLE_DEVICES: [0]
[I 2023-11-30 14:28:02,464] Trial 41 finished with value: 130.4225616455078 and parameters: {'gradient_clip_val': 0.10241518309183203, 'hidden_size': 47, 'dropout': 0.13759728607577876, 'hidden_continuous_size': 16, 'attention_head_size': 2, 'learning_rate': 0.01102659555278582}. Best is trial 7 with value: 82.06049346923828.
LOCAL_RANK: 0 - CUDA_VISIBLE_DEVICES: [0]
[I 2023-11-30 14:28:15,910] Trial 42 finished with value: 129.16099548339844 and parameters: {'gradient_clip_val': 0.1524667731945401, 'hidden_size': 38, 'dropout': 0.17585261244705952, 'hidden_continuous_size': 18, 'attention_head_size': 1, 'learning_rate': 0.01540837060213637}. Best is trial 7 with value: 82.06049346923828.
LOCAL_RANK: 0 - CUDA_VISIBLE_DEVICES: [0]
[I 2023-11-30 14:28:30,333] Trial 43 finished with value: 123.60391235351562 and parameters: {'gradient_clip_val': 0.12013646899675476, 'hidden_size': 52, 'dropout': 0.18223355385623238, 'hidden_continuous_size': 14, 'attention_head_size': 2, 'learning_rate': 0.01017504377637139}. Best is trial 7 with value: 82.06049346923828.
LOCAL_RANK: 0 - CUDA_VISIBLE_DEVICES: [0]
[I 2023-11-30 14:28:44,284] Trial 44 finished with value: 128.40408325195312 and parameters: {'gradient_clip_val': 0.14050673057504806, 'hidden_size': 44, 'dropout': 0.1508403552095539, 'hidden_continuous_size': 19, 'attention_head_size': 2, 'learning_rate': 0.0054135856921349755}. Best is trial 7 with value: 82.06049346923828.
LOCAL_RANK: 0 - CUDA_VISIBLE_DEVICES: [0]
[I 2023-11-30 14:28:58,187] Trial 45 finished with value: 109.88916015625 and parameters: {'gradient_clip_val': 0.182320832846866, 'hidden_size': 31, 'dropout': 0.16020046878832167, 'hidden_continuous_size': 16, 'attention_head_size': 4, 'learning_rate': 0.020098883380048144}. Best is trial 7 with value: 82.06049346923828.
LOCAL_RANK: 0 - CUDA_VISIBLE_DEVICES: [0]
[I 2023-11-30 14:29:11,843] Trial 46 finished with value: 150.05613708496094 and parameters: {'gradient_clip_val': 0.1631734267368566, 'hidden_size': 38, 'dropout': 0.1791300553768841, 'hidden_continuous_size': 11, 'attention_head_size': 4, 'learning_rate': 0.004393424764050893}. Best is trial 7 with value: 82.06049346923828.
LOCAL_RANK: 0 - CUDA_VISIBLE_DEVICES: [0]
[I 2023-11-30 14:29:25,688] Trial 47 finished with value: 126.55093383789062 and parameters: {'gradient_clip_val': 0.11768885713490589, 'hidden_size': 35, 'dropout': 0.1233999086689692, 'hidden_continuous_size': 20, 'attention_head_size': 3, 'learning_rate': 0.007820048269871994}. Best is trial 7 with value: 82.06049346923828.
LOCAL_RANK: 0 - CUDA_VISIBLE_DEVICES: [0]
[I 2023-11-30 14:29:40,025] Trial 48 finished with value: 145.372314453125 and parameters: {'gradient_clip_val': 0.10118346063334241, 'hidden_size': 55, 'dropout': 0.14038365080507803, 'hidden_continuous_size': 13, 'attention_head_size': 1, 'learning_rate': 0.014376785025002002}. Best is trial 7 with value: 82.06049346923828.
LOCAL_RANK: 0 - CUDA_VISIBLE_DEVICES: [0]
[I 2023-11-30 14:29:54,517] Trial 49 finished with value: 124.14645385742188 and parameters: {'gradient_clip_val': 0.14764258268078023, 'hidden_size': 63, 'dropout': 0.11319975365601936, 'hidden_continuous_size': 10, 'attention_head_size': 2, 'learning_rate': 0.011711426164514094}. Best is trial 7 with value: 82.06049346923828.
LOCAL_RANK: 0 - CUDA_VISIBLE_DEVICES: [0]
[I 2023-11-30 14:30:07,933] Trial 50 finished with value: 154.55760192871094 and parameters: {'gradient_clip_val': 0.12917061070357086, 'hidden_size': 29, 'dropout': 0.15710937006001086, 'hidden_continuous_size': 17, 'attention_head_size': 4, 'learning_rate': 0.006142620687543973}. Best is trial 7 with value: 82.06049346923828.
LOCAL_RANK: 0 - CUDA_VISIBLE_DEVICES: [0]
[I 2023-11-30 14:30:21,803] Trial 51 finished with value: 82.16506958007812 and parameters: {'gradient_clip_val': 0.40103728270101874, 'hidden_size': 52, 'dropout': 0.18832386565786713, 'hidden_continuous_size': 24, 'attention_head_size': 4, 'learning_rate': 0.008589022970399974}. Best is trial 7 with value: 82.06049346923828.
LOCAL_RANK: 0 - CUDA_VISIBLE_DEVICES: [0]
[I 2023-11-30 14:30:35,779] Trial 52 finished with value: 87.02935028076172 and parameters: {'gradient_clip_val': 0.3655555730640206, 'hidden_size': 48, 'dropout': 0.1889662857894796, 'hidden_continuous_size': 24, 'attention_head_size': 4, 'learning_rate': 0.00929685069349604}. Best is trial 7 with value: 82.06049346923828.
LOCAL_RANK: 0 - CUDA_VISIBLE_DEVICES: [0]
[I 2023-11-30 14:30:49,966] Trial 53 finished with value: 108.78292083740234 and parameters: {'gradient_clip_val': 0.3514518551567166, 'hidden_size': 48, 'dropout': 0.19068167321108587, 'hidden_continuous_size': 24, 'attention_head_size': 4, 'learning_rate': 0.008542857638095288}. Best is trial 7 with value: 82.06049346923828.
LOCAL_RANK: 0 - CUDA_VISIBLE_DEVICES: [0]
[I 2023-11-30 14:31:04,442] Trial 54 finished with value: 91.67657470703125 and parameters: {'gradient_clip_val': 0.4137940862274208, 'hidden_size': 53, 'dropout': 0.20814688836748407, 'hidden_continuous_size': 25, 'attention_head_size': 4, 'learning_rate': 0.006942763229159296}. Best is trial 7 with value: 82.06049346923828.
LOCAL_RANK: 0 - CUDA_VISIBLE_DEVICES: [0]
[I 2023-11-30 14:31:19,605] Trial 55 finished with value: 96.63590240478516 and parameters: {'gradient_clip_val': 0.4178234306525551, 'hidden_size': 69, 'dropout': 0.20324238209991555, 'hidden_continuous_size': 22, 'attention_head_size': 4, 'learning_rate': 0.006962458413895574}. Best is trial 7 with value: 82.06049346923828.
LOCAL_RANK: 0 - CUDA_VISIBLE_DEVICES: [0]
[I 2023-11-30 14:31:34,532] Trial 56 finished with value: 86.68949127197266 and parameters: {'gradient_clip_val': 0.29954815037570204, 'hidden_size': 58, 'dropout': 0.2229543285014604, 'hidden_continuous_size': 25, 'attention_head_size': 4, 'learning_rate': 0.005031542738670357}. Best is trial 7 with value: 82.06049346923828.
LOCAL_RANK: 0 - CUDA_VISIBLE_DEVICES: [0]
[I 2023-11-30 14:31:49,052] Trial 57 finished with value: 119.62397003173828 and parameters: {'gradient_clip_val': 0.31791231502105793, 'hidden_size': 60, 'dropout': 0.22427724421839684, 'hidden_continuous_size': 29, 'attention_head_size': 4, 'learning_rate': 0.004867991658382045}. Best is trial 7 with value: 82.06049346923828.
LOCAL_RANK: 0 - CUDA_VISIBLE_DEVICES: [0]
[I 2023-11-30 14:32:03,611] Trial 58 finished with value: 96.0000991821289 and parameters: {'gradient_clip_val': 0.2797835528702172, 'hidden_size': 42, 'dropout': 0.19511975806721837, 'hidden_continuous_size': 21, 'attention_head_size': 4, 'learning_rate': 0.009151414359448246}. Best is trial 7 with value: 82.06049346923828.
LOCAL_RANK: 0 - CUDA_VISIBLE_DEVICES: [0]
[I 2023-11-30 14:32:19,041] Trial 59 finished with value: 93.4229965209961 and parameters: {'gradient_clip_val': 0.29280002944359873, 'hidden_size': 67, 'dropout': 0.21805498466417372, 'hidden_continuous_size': 26, 'attention_head_size': 4, 'learning_rate': 0.004375967753802472}. Best is trial 7 with value: 82.06049346923828.
LOCAL_RANK: 0 - CUDA_VISIBLE_DEVICES: [0]
[I 2023-11-30 14:32:34,734] Trial 60 finished with value: 152.9558868408203 and parameters: {'gradient_clip_val': 0.24611912273563621, 'hidden_size': 75, 'dropout': 0.1484103939496205, 'hidden_continuous_size': 28, 'attention_head_size': 4, 'learning_rate': 0.010081356063357194}. Best is trial 7 with value: 82.06049346923828.
LOCAL_RANK: 0 - CUDA_VISIBLE_DEVICES: [0]
[I 2023-11-30 14:32:49,857] Trial 61 finished with value: 90.72174835205078 and parameters: {'gradient_clip_val': 0.4198672710640267, 'hidden_size': 49, 'dropout': 0.21041254857328143, 'hidden_continuous_size': 24, 'attention_head_size': 4, 'learning_rate': 0.006135477825515734}. Best is trial 7 with value: 82.06049346923828.
LOCAL_RANK: 0 - CUDA_VISIBLE_DEVICES: [0]
[I 2023-11-30 14:33:04,891] Trial 62 finished with value: 107.17288970947266 and parameters: {'gradient_clip_val': 0.36222805875753816, 'hidden_size': 56, 'dropout': 0.23268087599839474, 'hidden_continuous_size': 23, 'attention_head_size': 4, 'learning_rate': 0.006039113713668128}. Best is trial 7 with value: 82.06049346923828.
LOCAL_RANK: 0 - CUDA_VISIBLE_DEVICES: [0]
[I 2023-11-30 14:33:19,072] Trial 63 finished with value: 107.0330581665039 and parameters: {'gradient_clip_val': 0.44570804045548285, 'hidden_size': 46, 'dropout': 0.17148589141372705, 'hidden_continuous_size': 24, 'attention_head_size': 4, 'learning_rate': 0.008313043563321023}. Best is trial 7 with value: 82.06049346923828.
LOCAL_RANK: 0 - CUDA_VISIBLE_DEVICES: [0]
[I 2023-11-30 14:33:32,496] Trial 64 finished with value: 134.47976684570312 and parameters: {'gradient_clip_val': 0.3273592588126549, 'hidden_size': 50, 'dropout': 0.18712807447923524, 'hidden_continuous_size': 26, 'attention_head_size': 4, 'learning_rate': 0.013599508984003309}. Best is trial 7 with value: 82.06049346923828.
LOCAL_RANK: 0 - CUDA_VISIBLE_DEVICES: [0]
[I 2023-11-30 14:33:45,242] Trial 65 finished with value: 119.6988754272461 and parameters: {'gradient_clip_val': 0.5093460883961274, 'hidden_size': 40, 'dropout': 0.2470998117391054, 'hidden_continuous_size': 21, 'attention_head_size': 3, 'learning_rate': 0.006291631489208977}. Best is trial 7 with value: 82.06049346923828.
LOCAL_RANK: 0 - CUDA_VISIBLE_DEVICES: [0]
[I 2023-11-30 14:33:58,212] Trial 66 finished with value: 135.4169158935547 and parameters: {'gradient_clip_val': 0.10964659434170947, 'hidden_size': 45, 'dropout': 0.20062623886545417, 'hidden_continuous_size': 22, 'attention_head_size': 4, 'learning_rate': 0.009395673453895758}. Best is trial 7 with value: 82.06049346923828.
LOCAL_RANK: 0 - CUDA_VISIBLE_DEVICES: [0]
[I 2023-11-30 14:34:11,494] Trial 67 finished with value: 141.3504638671875 and parameters: {'gradient_clip_val': 0.2316303334593904, 'hidden_size': 53, 'dropout': 0.16468588234174103, 'hidden_continuous_size': 30, 'attention_head_size': 4, 'learning_rate': 0.01586393638238073}. Best is trial 7 with value: 82.06049346923828.
LOCAL_RANK: 0 - CUDA_VISIBLE_DEVICES: [0]
[I 2023-11-30 14:34:24,936] Trial 68 finished with value: 128.6004180908203 and parameters: {'gradient_clip_val': 0.3501758110913027, 'hidden_size': 59, 'dropout': 0.2093331429476436, 'hidden_continuous_size': 32, 'attention_head_size': 4, 'learning_rate': 0.011185906977665718}. Best is trial 7 with value: 82.06049346923828.
LOCAL_RANK: 0 - CUDA_VISIBLE_DEVICES: [0]
