[I 2023-11-29 23:47:23,264] Trial 87 finished with value: 126.75528717041016 and parameters: {'gradient_clip_val': 0.38108179606540715, 'hidden_size': 40, 'dropout': 0.29655549408785553, 'hidden_continuous_size': 11, 'attention_head_size': 2, 'learning_rate': 0.02381633066136716}. Best is trial 35 with value: 98.37602996826172.
LOCAL_RANK: 0 - CUDA_VISIBLE_DEVICES: [0]
[I 2023-11-29 23:47:35,923] Trial 88 finished with value: 160.47288513183594 and parameters: {'gradient_clip_val': 0.2963231493772283, 'hidden_size': 42, 'dropout': 0.26220606787337786, 'hidden_continuous_size': 14, 'attention_head_size': 2, 'learning_rate': 0.028635710241792036}. Best is trial 35 with value: 98.37602996826172.
LOCAL_RANK: 0 - CUDA_VISIBLE_DEVICES: [0]
[I 2023-11-29 23:47:46,068] Trial 89 finished with value: 163.2322998046875 and parameters: {'gradient_clip_val': 0.4317995519367921, 'hidden_size': 10, 'dropout': 0.26922712500281537, 'hidden_continuous_size': 10, 'attention_head_size': 1, 'learning_rate': 0.019431852401807843}. Best is trial 35 with value: 98.37602996826172.
LOCAL_RANK: 0 - CUDA_VISIBLE_DEVICES: [0]
[I 2023-11-29 23:47:58,663] Trial 90 finished with value: 106.2621841430664 and parameters: {'gradient_clip_val': 0.27190340072875274, 'hidden_size': 38, 'dropout': 0.3090371636327731, 'hidden_continuous_size': 16, 'attention_head_size': 2, 'learning_rate': 0.040866047172821114}. Best is trial 35 with value: 98.37602996826172.
LOCAL_RANK: 0 - CUDA_VISIBLE_DEVICES: [0]
[I 2023-11-29 23:48:11,251] Trial 91 finished with value: 119.47168731689453 and parameters: {'gradient_clip_val': 0.33999047722242465, 'hidden_size': 39, 'dropout': 0.2984140654400365, 'hidden_continuous_size': 17, 'attention_head_size': 2, 'learning_rate': 0.029764121453556062}. Best is trial 35 with value: 98.37602996826172.
LOCAL_RANK: 0 - CUDA_VISIBLE_DEVICES: [0]
[I 2023-11-29 23:48:23,871] Trial 92 finished with value: 136.36065673828125 and parameters: {'gradient_clip_val': 0.3411684814385366, 'hidden_size': 35, 'dropout': 0.27915607486363686, 'hidden_continuous_size': 17, 'attention_head_size': 2, 'learning_rate': 0.033476672921875054}. Best is trial 35 with value: 98.37602996826172.
LOCAL_RANK: 0 - CUDA_VISIBLE_DEVICES: [0]
[I 2023-11-29 23:48:36,680] Trial 93 finished with value: 110.07903289794922 and parameters: {'gradient_clip_val': 0.3623093105521962, 'hidden_size': 53, 'dropout': 0.2897558197518953, 'hidden_continuous_size': 13, 'attention_head_size': 2, 'learning_rate': 0.029170390204479715}. Best is trial 35 with value: 98.37602996826172.
LOCAL_RANK: 0 - CUDA_VISIBLE_DEVICES: [0]
[I 2023-11-29 23:48:49,433] Trial 94 finished with value: 104.4454116821289 and parameters: {'gradient_clip_val': 0.31435062689995413, 'hidden_size': 31, 'dropout': 0.318262682207764, 'hidden_continuous_size': 19, 'attention_head_size': 2, 'learning_rate': 0.0568587567425521}. Best is trial 35 with value: 98.37602996826172.
LOCAL_RANK: 0 - CUDA_VISIBLE_DEVICES: [0]
[I 2023-11-29 23:49:01,921] Trial 95 finished with value: 141.5247802734375 and parameters: {'gradient_clip_val': 0.30725784679244855, 'hidden_size': 31, 'dropout': 0.3381691927414515, 'hidden_continuous_size': 19, 'attention_head_size': 2, 'learning_rate': 0.05574238599505195}. Best is trial 35 with value: 98.37602996826172.
LOCAL_RANK: 0 - CUDA_VISIBLE_DEVICES: [0]
[I 2023-11-29 23:49:14,758] Trial 96 finished with value: 110.51800537109375 and parameters: {'gradient_clip_val': 0.32286565259587474, 'hidden_size': 47, 'dropout': 0.3187895217618347, 'hidden_continuous_size': 15, 'attention_head_size': 3, 'learning_rate': 0.06716138926494945}. Best is trial 35 with value: 98.37602996826172.
LOCAL_RANK: 0 - CUDA_VISIBLE_DEVICES: [0]
[I 2023-11-29 23:49:27,051] Trial 97 finished with value: 101.9589614868164 and parameters: {'gradient_clip_val': 0.2644456401815083, 'hidden_size': 32, 'dropout': 0.3268802046816855, 'hidden_continuous_size': 20, 'attention_head_size': 1, 'learning_rate': 0.04321036767720459}. Best is trial 35 with value: 98.37602996826172.
LOCAL_RANK: 0 - CUDA_VISIBLE_DEVICES: [0]
[I 2023-11-29 23:49:39,356] Trial 98 finished with value: 121.12308502197266 and parameters: {'gradient_clip_val': 0.24445989329401605, 'hidden_size': 32, 'dropout': 0.3270925789063934, 'hidden_continuous_size': 19, 'attention_head_size': 1, 'learning_rate': 0.04578537328162866}. Best is trial 35 with value: 98.37602996826172.
LOCAL_RANK: 0 - CUDA_VISIBLE_DEVICES: [0]
[I 2023-11-29 23:49:51,930] Trial 99 finished with value: 152.40745544433594 and parameters: {'gradient_clip_val': 0.25753592726767466, 'hidden_size': 29, 'dropout': 0.31271916415709633, 'hidden_continuous_size': 20, 'attention_head_size': 1, 'learning_rate': 0.052575245953448466}. Best is trial 35 with value: 98.37602996826172.
LOCAL_RANK: 0 - CUDA_VISIBLE_DEVICES: [0]
[I 2023-11-29 23:50:04,463] Trial 100 finished with value: 126.03610229492188 and parameters: {'gradient_clip_val': 0.3814781548834033, 'hidden_size': 35, 'dropout': 0.3038594288748672, 'hidden_continuous_size': 20, 'attention_head_size': 2, 'learning_rate': 0.04362681661680533}. Best is trial 35 with value: 98.37602996826172.
LOCAL_RANK: 0 - CUDA_VISIBLE_DEVICES: [0]
[I 2023-11-29 23:50:16,462] Trial 101 finished with value: 106.9585189819336 and parameters: {'gradient_clip_val': 0.2751523119750139, 'hidden_size': 24, 'dropout': 0.3210165858190958, 'hidden_continuous_size': 18, 'attention_head_size': 1, 'learning_rate': 0.03608939556407111}. Best is trial 35 with value: 98.37602996826172.
LOCAL_RANK: 0 - CUDA_VISIBLE_DEVICES: [0]
[I 2023-11-29 23:50:29,174] Trial 102 finished with value: 144.96546936035156 and parameters: {'gradient_clip_val': 0.3186273043900844, 'hidden_size': 43, 'dropout': 0.33917697591134766, 'hidden_continuous_size': 21, 'attention_head_size': 1, 'learning_rate': 0.06366060901854519}. Best is trial 35 with value: 98.37602996826172.
LOCAL_RANK: 0 - CUDA_VISIBLE_DEVICES: [0]
[I 2023-11-29 23:50:41,720] Trial 103 finished with value: 168.98097229003906 and parameters: {'gradient_clip_val': 0.2860728051105619, 'hidden_size': 37, 'dropout': 0.33127077616818534, 'hidden_continuous_size': 18, 'attention_head_size': 1, 'learning_rate': 0.057332403793388255}. Best is trial 35 with value: 98.37602996826172.
LOCAL_RANK: 0 - CUDA_VISIBLE_DEVICES: [0]
[I 2023-11-29 23:50:54,112] Trial 104 finished with value: 117.9987564086914 and parameters: {'gradient_clip_val': 0.3028760514089421, 'hidden_size': 27, 'dropout': 0.34475066788699393, 'hidden_continuous_size': 11, 'attention_head_size': 1, 'learning_rate': 0.05003682486196463}. Best is trial 35 with value: 98.37602996826172.
LOCAL_RANK: 0 - CUDA_VISIBLE_DEVICES: [0]
[I 2023-11-29 23:51:06,312] Trial 105 finished with value: 102.38236236572266 and parameters: {'gradient_clip_val': 0.35245264270374166, 'hidden_size': 32, 'dropout': 0.31803998142834966, 'hidden_continuous_size': 19, 'attention_head_size': 1, 'learning_rate': 0.04225091856742989}. Best is trial 35 with value: 98.37602996826172.
LOCAL_RANK: 0 - CUDA_VISIBLE_DEVICES: [0]
[I 2023-11-29 23:51:18,489] Trial 106 finished with value: 136.6656494140625 and parameters: {'gradient_clip_val': 0.3543009848611017, 'hidden_size': 32, 'dropout': 0.32442880670936514, 'hidden_continuous_size': 19, 'attention_head_size': 1, 'learning_rate': 0.03915017542981124}. Best is trial 35 with value: 98.37602996826172.
LOCAL_RANK: 0 - CUDA_VISIBLE_DEVICES: [0]
[I 2023-11-29 23:51:30,961] Trial 107 finished with value: 115.1700439453125 and parameters: {'gradient_clip_val': 0.4106656497316954, 'hidden_size': 35, 'dropout': 0.31085099768194496, 'hidden_continuous_size': 20, 'attention_head_size': 1, 'learning_rate': 0.04381043838703746}. Best is trial 35 with value: 98.37602996826172.
LOCAL_RANK: 0 - CUDA_VISIBLE_DEVICES: [0]
[I 2023-11-29 23:51:43,523] Trial 108 finished with value: 145.42527770996094 and parameters: {'gradient_clip_val': 0.3277721266898655, 'hidden_size': 30, 'dropout': 0.3171246579240474, 'hidden_continuous_size': 21, 'attention_head_size': 2, 'learning_rate': 0.06746796130685535}. Best is trial 35 with value: 98.37602996826172.
LOCAL_RANK: 0 - CUDA_VISIBLE_DEVICES: [0]
[I 2023-11-29 23:51:56,430] Trial 109 finished with value: 108.83956909179688 and parameters: {'gradient_clip_val': 0.381621541127345, 'hidden_size': 41, 'dropout': 0.28632774045847403, 'hidden_continuous_size': 18, 'attention_head_size': 1, 'learning_rate': 0.05062044162915963}. Best is trial 35 with value: 98.37602996826172.
LOCAL_RANK: 0 - CUDA_VISIBLE_DEVICES: [0]
[I 2023-11-29 23:52:08,983] Trial 110 finished with value: 127.7320556640625 and parameters: {'gradient_clip_val': 0.3703158366569855, 'hidden_size': 37, 'dropout': 0.29337031513112877, 'hidden_continuous_size': 14, 'attention_head_size': 2, 'learning_rate': 0.059576415833788976}. Best is trial 35 with value: 98.37602996826172.
LOCAL_RANK: 0 - CUDA_VISIBLE_DEVICES: [0]
[I 2023-11-29 23:52:21,538] Trial 111 finished with value: 120.03963470458984 and parameters: {'gradient_clip_val': 0.2620473789984027, 'hidden_size': 34, 'dropout': 0.33355480943373716, 'hidden_continuous_size': 19, 'attention_head_size': 1, 'learning_rate': 0.03365286822301869}. Best is trial 35 with value: 98.37602996826172.
LOCAL_RANK: 0 - CUDA_VISIBLE_DEVICES: [0]
[I 2023-11-29 23:52:34,007] Trial 112 finished with value: 118.68658447265625 and parameters: {'gradient_clip_val': 0.2846791520490188, 'hidden_size': 33, 'dropout': 0.348797398572327, 'hidden_continuous_size': 15, 'attention_head_size': 1, 'learning_rate': 0.04109494941844162}. Best is trial 35 with value: 98.37602996826172.
LOCAL_RANK: 0 - CUDA_VISIBLE_DEVICES: [0]
[I 2023-11-29 23:52:46,930] Trial 113 finished with value: 118.61016082763672 and parameters: {'gradient_clip_val': 0.3455141273981189, 'hidden_size': 46, 'dropout': 0.32843325604659923, 'hidden_continuous_size': 22, 'attention_head_size': 1, 'learning_rate': 0.04668647223957924}. Best is trial 35 with value: 98.37602996826172.
LOCAL_RANK: 0 - CUDA_VISIBLE_DEVICES: [0]
[I 2023-11-29 23:52:59,256] Trial 114 finished with value: 115.5790023803711 and parameters: {'gradient_clip_val': 0.2986307481576257, 'hidden_size': 25, 'dropout': 0.301501364454381, 'hidden_continuous_size': 16, 'attention_head_size': 1, 'learning_rate': 0.03772043006950342}. Best is trial 35 with value: 98.37602996826172.
LOCAL_RANK: 0 - CUDA_VISIBLE_DEVICES: [0]
[I 2023-11-29 23:53:11,621] Trial 115 finished with value: 130.2259063720703 and parameters: {'gradient_clip_val': 0.22430775890414517, 'hidden_size': 30, 'dropout': 0.32120764045226985, 'hidden_continuous_size': 20, 'attention_head_size': 1, 'learning_rate': 0.05531234280427292}. Best is trial 35 with value: 98.37602996826172.
LOCAL_RANK: 0 - CUDA_VISIBLE_DEVICES: [0]
[I 2023-11-29 23:53:24,330] Trial 116 finished with value: 118.11956024169922 and parameters: {'gradient_clip_val': 0.393296371845147, 'hidden_size': 44, 'dropout': 0.3085448573883908, 'hidden_continuous_size': 22, 'attention_head_size': 1, 'learning_rate': 0.03322456424650485}. Best is trial 35 with value: 98.37602996826172.
LOCAL_RANK: 0 - CUDA_VISIBLE_DEVICES: [0]
[I 2023-11-29 23:53:36,712] Trial 117 finished with value: 129.62962341308594 and parameters: {'gradient_clip_val': 0.36047887176580895, 'hidden_size': 41, 'dropout': 0.33903586801257907, 'hidden_continuous_size': 11, 'attention_head_size': 2, 'learning_rate': 0.04335910266582447}. Best is trial 35 with value: 98.37602996826172.
LOCAL_RANK: 0 - CUDA_VISIBLE_DEVICES: [0]
[I 2023-11-29 23:53:48,891] Trial 118 finished with value: 130.6499786376953 and parameters: {'gradient_clip_val': 0.3210539411207074, 'hidden_size': 28, 'dropout': 0.31505010280384765, 'hidden_continuous_size': 17, 'attention_head_size': 1, 'learning_rate': 0.0374618414871035}. Best is trial 35 with value: 98.37602996826172.
LOCAL_RANK: 0 - CUDA_VISIBLE_DEVICES: [0]
[I 2023-11-29 23:54:01,641] Trial 119 finished with value: 137.8820343017578 and parameters: {'gradient_clip_val': 0.24295332857004892, 'hidden_size': 38, 'dropout': 0.3251859132618677, 'hidden_continuous_size': 13, 'attention_head_size': 2, 'learning_rate': 0.05177627995998795}. Best is trial 35 with value: 98.37602996826172.
LOCAL_RANK: 0 - CUDA_VISIBLE_DEVICES: [0]
[I 2023-11-29 23:54:13,713] Trial 120 finished with value: 142.64378356933594 and parameters: {'gradient_clip_val': 0.27268968501284335, 'hidden_size': 14, 'dropout': 0.2943132168512319, 'hidden_continuous_size': 13, 'attention_head_size': 1, 'learning_rate': 0.06441959283764108}. Best is trial 35 with value: 98.37602996826172.
LOCAL_RANK: 0 - CUDA_VISIBLE_DEVICES: [0]
[I 2023-11-29 23:54:26,421] Trial 121 finished with value: 126.17993927001953 and parameters: {'gradient_clip_val': 0.34366274616016756, 'hidden_size': 39, 'dropout': 0.3000078891434726, 'hidden_continuous_size': 18, 'attention_head_size': 2, 'learning_rate': 0.029749968502974986}. Best is trial 35 with value: 98.37602996826172.
LOCAL_RANK: 0 - CUDA_VISIBLE_DEVICES: [0]
[I 2023-11-29 23:54:38,825] Trial 122 finished with value: 121.972412109375 and parameters: {'gradient_clip_val': 0.33265067356294, 'hidden_size': 36, 'dropout': 0.28083834371387406, 'hidden_continuous_size': 17, 'attention_head_size': 2, 'learning_rate': 0.025107179892139755}. Best is trial 35 with value: 98.37602996826172.
LOCAL_RANK: 0 - CUDA_VISIBLE_DEVICES: [0]
[I 2023-11-29 23:54:51,695] Trial 123 finished with value: 107.27728271484375 and parameters: {'gradient_clip_val': 0.2918561251524451, 'hidden_size': 49, 'dropout': 0.2967953605746781, 'hidden_continuous_size': 16, 'attention_head_size': 2, 'learning_rate': 0.030139319346397138}. Best is trial 35 with value: 98.37602996826172.
LOCAL_RANK: 0 - CUDA_VISIBLE_DEVICES: [0]
[I 2023-11-29 23:55:04,438] Trial 124 finished with value: 152.6870880126953 and parameters: {'gradient_clip_val': 0.3077883994926664, 'hidden_size': 40, 'dropout': 0.30616076302657474, 'hidden_continuous_size': 21, 'attention_head_size': 2, 'learning_rate': 0.04787677332009224}. Best is trial 35 with value: 98.37602996826172.
LOCAL_RANK: 0 - CUDA_VISIBLE_DEVICES: [0]
[I 2023-11-29 23:55:17,045] Trial 125 finished with value: 114.1178207397461 and parameters: {'gradient_clip_val': 0.40638230722609564, 'hidden_size': 33, 'dropout': 0.33436927867047683, 'hidden_continuous_size': 17, 'attention_head_size': 2, 'learning_rate': 0.03519149609930655}. Best is trial 35 with value: 98.37602996826172.
LOCAL_RANK: 0 - CUDA_VISIBLE_DEVICES: [0]
[I 2023-11-29 23:55:29,827] Trial 126 finished with value: 150.8699951171875 and parameters: {'gradient_clip_val': 0.4402307600978437, 'hidden_size': 43, 'dropout': 0.28545766780911563, 'hidden_continuous_size': 19, 'attention_head_size': 2, 'learning_rate': 0.03963073340493071}. Best is trial 35 with value: 98.37602996826172.
LOCAL_RANK: 0 - CUDA_VISIBLE_DEVICES: [0]
[I 2023-11-29 23:55:42,729] Trial 127 finished with value: 132.89637756347656 and parameters: {'gradient_clip_val': 0.3521296481116113, 'hidden_size': 59, 'dropout': 0.3176448506942282, 'hidden_continuous_size': 16, 'attention_head_size': 1, 'learning_rate': 0.03186982197790038}. Best is trial 35 with value: 98.37602996826172.
LOCAL_RANK: 0 - CUDA_VISIBLE_DEVICES: [0]
[I 2023-11-29 23:55:55,052] Trial 128 finished with value: 136.0495147705078 and parameters: {'gradient_clip_val': 0.2522429765614661, 'hidden_size': 23, 'dropout': 0.356267222453492, 'hidden_continuous_size': 14, 'attention_head_size': 4, 'learning_rate': 0.02225084793122364}. Best is trial 35 with value: 98.37602996826172.
LOCAL_RANK: 0 - CUDA_VISIBLE_DEVICES: [0]
[I 2023-11-29 23:56:08,104] Trial 129 finished with value: 135.610595703125 and parameters: {'gradient_clip_val': 0.37382404116178053, 'hidden_size': 55, 'dropout': 0.2756728774232949, 'hidden_continuous_size': 15, 'attention_head_size': 1, 'learning_rate': 0.07467958773905266}. Best is trial 35 with value: 98.37602996826172.
LOCAL_RANK: 0 - CUDA_VISIBLE_DEVICES: [0]
[I 2023-11-29 23:56:20,042] Trial 130 finished with value: 111.20111083984375 and parameters: {'gradient_clip_val': 0.3345730503902502, 'hidden_size': 20, 'dropout': 0.34695111087453556, 'hidden_continuous_size': 10, 'attention_head_size': 2, 'learning_rate': 0.04170362899110859}. Best is trial 35 with value: 98.37602996826172.
LOCAL_RANK: 0 - CUDA_VISIBLE_DEVICES: [0]
[I 2023-11-29 23:56:33,794] Trial 131 finished with value: 160.45347595214844 and parameters: {'gradient_clip_val': 0.20229392727323744, 'hidden_size': 70, 'dropout': 0.33096956190576937, 'hidden_continuous_size': 55, 'attention_head_size': 2, 'learning_rate': 0.09022050621055727}. Best is trial 35 with value: 98.37602996826172.
LOCAL_RANK: 0 - CUDA_VISIBLE_DEVICES: [0]
[I 2023-11-29 23:56:47,946] Trial 132 finished with value: 147.5675048828125 and parameters: {'gradient_clip_val': 0.26312657464999095, 'hidden_size': 113, 'dropout': 0.31215668853921974, 'hidden_continuous_size': 70, 'attention_head_size': 2, 'learning_rate': 0.07933281541864733}. Best is trial 35 with value: 98.37602996826172.
LOCAL_RANK: 0 - CUDA_VISIBLE_DEVICES: [0]
[I 2023-11-29 23:57:01,378] Trial 133 finished with value: 126.10575103759766 and parameters: {'gradient_clip_val': 0.3965762300958278, 'hidden_size': 62, 'dropout': 0.32254864096997726, 'hidden_continuous_size': 41, 'attention_head_size': 2, 'learning_rate': 0.05522060813238269}. Best is trial 35 with value: 98.37602996826172.
LOCAL_RANK: 0 - CUDA_VISIBLE_DEVICES: [0]
[I 2023-11-29 23:57:15,293] Trial 134 finished with value: 119.30036163330078 and parameters: {'gradient_clip_val': 0.23185836026157747, 'hidden_size': 105, 'dropout': 0.34131699897966233, 'hidden_continuous_size': 29, 'attention_head_size': 2, 'learning_rate': 0.06018217994695839}. Best is trial 35 with value: 98.37602996826172.
LOCAL_RANK: 0 - CUDA_VISIBLE_DEVICES: [0]
[I 2023-11-29 23:57:30,001] Trial 135 finished with value: 133.02381896972656 and parameters: {'gradient_clip_val': 0.31534768913180167, 'hidden_size': 149, 'dropout': 0.30583178519234977, 'hidden_continuous_size': 104, 'attention_head_size': 2, 'learning_rate': 0.04754651876740946}. Best is trial 35 with value: 98.37602996826172.
LOCAL_RANK: 0 - CUDA_VISIBLE_DEVICES: [0]
[I 2023-11-29 23:57:43,635] Trial 136 finished with value: 146.66297912597656 and parameters: {'gradient_clip_val': 0.18879486447604835, 'hidden_size': 83, 'dropout': 0.2905321321852592, 'hidden_continuous_size': 32, 'attention_head_size': 3, 'learning_rate': 0.08768115049058343}. Best is trial 35 with value: 98.37602996826172.
LOCAL_RANK: 0 - CUDA_VISIBLE_DEVICES: [0]
[I 2023-11-29 23:57:56,274] Trial 137 finished with value: 123.0582046508789 and parameters: {'gradient_clip_val': 0.28142937345088376, 'hidden_size': 38, 'dropout': 0.330978378682028, 'hidden_continuous_size': 31, 'attention_head_size': 1, 'learning_rate': 0.07239010104005704}. Best is trial 35 with value: 98.37602996826172.
LOCAL_RANK: 0 - CUDA_VISIBLE_DEVICES: [0]
[I 2023-11-29 23:58:08,748] Trial 138 finished with value: 109.7511978149414 and parameters: {'gradient_clip_val': 0.17465440402622906, 'hidden_size': 32, 'dropout': 0.3000872768941629, 'hidden_continuous_size': 27, 'attention_head_size': 2, 'learning_rate': 0.014728428097366431}. Best is trial 35 with value: 98.37602996826172.
LOCAL_RANK: 0 - CUDA_VISIBLE_DEVICES: [0]
[I 2023-11-29 23:58:22,864] Trial 139 finished with value: 101.09464263916016 and parameters: {'gradient_clip_val': 0.21597594311376242, 'hidden_size': 134, 'dropout': 0.32669674434589624, 'hidden_continuous_size': 44, 'attention_head_size': 1, 'learning_rate': 0.0441595665535341}. Best is trial 35 with value: 98.37602996826172.
LOCAL_RANK: 0 - CUDA_VISIBLE_DEVICES: [0]
[I 2023-11-29 23:58:35,917] Trial 140 finished with value: 136.8845672607422 and parameters: {'gradient_clip_val': 0.3644601722919634, 'hidden_size': 45, 'dropout': 0.3258797762128344, 'hidden_continuous_size': 35, 'attention_head_size': 1, 'learning_rate': 0.027342148864710106}. Best is trial 35 with value: 98.37602996826172.
LOCAL_RANK: 0 - CUDA_VISIBLE_DEVICES: [0]
[I 2023-11-29 23:58:50,135] Trial 141 finished with value: 186.9600067138672 and parameters: {'gradient_clip_val': 0.20670814368878443, 'hidden_size': 131, 'dropout': 0.3156230968462094, 'hidden_continuous_size': 66, 'attention_head_size': 1, 'learning_rate': 0.04353501590563289}. Best is trial 35 with value: 98.37602996826172.
LOCAL_RANK: 0 - CUDA_VISIBLE_DEVICES: [0]
[I 2023-11-29 23:59:04,037] Trial 142 finished with value: 105.1317367553711 and parameters: {'gradient_clip_val': 0.19952482399066226, 'hidden_size': 144, 'dropout': 0.34047223080925815, 'hidden_continuous_size': 24, 'attention_head_size': 1, 'learning_rate': 0.035762006260468805}. Best is trial 35 with value: 98.37602996826172.
LOCAL_RANK: 0 - CUDA_VISIBLE_DEVICES: [0]
[I 2023-11-29 23:59:16,694] Trial 143 finished with value: 137.9308319091797 and parameters: {'gradient_clip_val': 0.18375258480600024, 'hidden_size': 35, 'dropout': 0.3358325633606578, 'hidden_continuous_size': 20, 'attention_head_size': 1, 'learning_rate': 0.036832237362961755}. Best is trial 35 with value: 98.37602996826172.
LOCAL_RANK: 0 - CUDA_VISIBLE_DEVICES: [0]
[I 2023-11-29 23:59:30,155] Trial 144 finished with value: 140.62738037109375 and parameters: {'gradient_clip_val': 0.21949808593387182, 'hidden_size': 76, 'dropout': 0.3420366939692167, 'hidden_continuous_size': 15, 'attention_head_size': 1, 'learning_rate': 0.03257268874483304}. Best is trial 35 with value: 98.37602996826172.
LOCAL_RANK: 0 - CUDA_VISIBLE_DEVICES: [0]
[I 2023-11-29 23:59:44,288] Trial 145 finished with value: 124.24420166015625 and parameters: {'gradient_clip_val': 0.2254561365640793, 'hidden_size': 150, 'dropout': 0.350413383076719, 'hidden_continuous_size': 25, 'attention_head_size': 1, 'learning_rate': 0.0396420250407041}. Best is trial 35 with value: 98.37602996826172.
LOCAL_RANK: 0 - CUDA_VISIBLE_DEVICES: [0]
