[I 2023-11-30 00:38:48,035] Trial 21 finished with value: 64.57412719726562 and parameters: {'gradient_clip_val': 0.2279457454532825, 'hidden_size': 47, 'dropout': 0.11128942763005456, 'hidden_continuous_size': 16, 'attention_head_size': 3, 'learning_rate': 0.06453082320595552}. Best is trial 0 with value: 53.888797760009766.
LOCAL_RANK: 0 - CUDA_VISIBLE_DEVICES: [0]
[I 2023-11-30 00:39:00,583] Trial 22 finished with value: 58.06353759765625 and parameters: {'gradient_clip_val': 0.1516284036841152, 'hidden_size': 33, 'dropout': 0.10092664282185958, 'hidden_continuous_size': 18, 'attention_head_size': 3, 'learning_rate': 0.07255171217879297}. Best is trial 0 with value: 53.888797760009766.
LOCAL_RANK: 0 - CUDA_VISIBLE_DEVICES: [0]
[I 2023-11-30 00:39:13,427] Trial 23 finished with value: 55.53996658325195 and parameters: {'gradient_clip_val': 0.10988375399869768, 'hidden_size': 43, 'dropout': 0.14672246998562255, 'hidden_continuous_size': 14, 'attention_head_size': 3, 'learning_rate': 0.09761728769465725}. Best is trial 0 with value: 53.888797760009766.
LOCAL_RANK: 0 - CUDA_VISIBLE_DEVICES: [0]
[I 2023-11-30 00:39:26,881] Trial 24 finished with value: 56.6167106628418 and parameters: {'gradient_clip_val': 0.24971052897534096, 'hidden_size': 68, 'dropout': 0.10089497083631527, 'hidden_continuous_size': 21, 'attention_head_size': 4, 'learning_rate': 0.04347011504363711}. Best is trial 0 with value: 53.888797760009766.
LOCAL_RANK: 0 - CUDA_VISIBLE_DEVICES: [0]
[I 2023-11-30 00:39:40,047] Trial 25 finished with value: 53.997161865234375 and parameters: {'gradient_clip_val': 0.18978422108589368, 'hidden_size': 51, 'dropout': 0.12841011746437941, 'hidden_continuous_size': 19, 'attention_head_size': 3, 'learning_rate': 0.06545259571442347}. Best is trial 0 with value: 53.888797760009766.
LOCAL_RANK: 0 - CUDA_VISIBLE_DEVICES: [0]
[I 2023-11-30 00:39:52,585] Trial 26 finished with value: 59.00523376464844 and parameters: {'gradient_clip_val': 0.163132953849718, 'hidden_size': 31, 'dropout': 0.16077750530621557, 'hidden_continuous_size': 17, 'attention_head_size': 2, 'learning_rate': 0.03841654130838398}. Best is trial 0 with value: 53.888797760009766.
LOCAL_RANK: 0 - CUDA_VISIBLE_DEVICES: [0]
[I 2023-11-30 00:40:05,192] Trial 27 finished with value: 55.12001419067383 and parameters: {'gradient_clip_val': 0.10166332608145245, 'hidden_size': 36, 'dropout': 0.13755788568391225, 'hidden_continuous_size': 16, 'attention_head_size': 3, 'learning_rate': 0.05667865876419884}. Best is trial 0 with value: 53.888797760009766.
LOCAL_RANK: 0 - CUDA_VISIBLE_DEVICES: [0]
[I 2023-11-30 00:40:18,287] Trial 28 finished with value: 60.654239654541016 and parameters: {'gradient_clip_val': 0.12794008881291788, 'hidden_size': 50, 'dropout': 0.17760895086329306, 'hidden_continuous_size': 20, 'attention_head_size': 4, 'learning_rate': 0.030819353672445263}. Best is trial 0 with value: 53.888797760009766.
LOCAL_RANK: 0 - CUDA_VISIBLE_DEVICES: [0]
[I 2023-11-30 00:40:31,779] Trial 29 finished with value: 56.15263748168945 and parameters: {'gradient_clip_val': 0.1849058093082577, 'hidden_size': 81, 'dropout': 0.12434850009781703, 'hidden_continuous_size': 23, 'attention_head_size': 2, 'learning_rate': 0.02231499530748844}. Best is trial 0 with value: 53.888797760009766.
LOCAL_RANK: 0 - CUDA_VISIBLE_DEVICES: [0]
[I 2023-11-30 00:40:45,421] Trial 30 finished with value: 62.09257125854492 and parameters: {'gradient_clip_val': 0.20516984033851074, 'hidden_size': 75, 'dropout': 0.1562263382408454, 'hidden_continuous_size': 20, 'attention_head_size': 3, 'learning_rate': 0.05369180578090635}. Best is trial 0 with value: 53.888797760009766.
LOCAL_RANK: 0 - CUDA_VISIBLE_DEVICES: [0]
[I 2023-11-30 00:40:58,524] Trial 31 finished with value: 57.55156326293945 and parameters: {'gradient_clip_val': 0.24591913826667913, 'hidden_size': 54, 'dropout': 0.12202386646433598, 'hidden_continuous_size': 19, 'attention_head_size': 3, 'learning_rate': 0.07413798882450012}. Best is trial 0 with value: 53.888797760009766.
LOCAL_RANK: 0 - CUDA_VISIBLE_DEVICES: [0]
[I 2023-11-30 00:41:11,364] Trial 32 finished with value: 59.52707290649414 and parameters: {'gradient_clip_val': 0.28012154208611023, 'hidden_size': 41, 'dropout': 0.12195554592188161, 'hidden_continuous_size': 19, 'attention_head_size': 3, 'learning_rate': 0.07780142372419717}. Best is trial 0 with value: 53.888797760009766.
LOCAL_RANK: 0 - CUDA_VISIBLE_DEVICES: [0]
[I 2023-11-30 00:41:24,348] Trial 33 finished with value: 55.3878288269043 and parameters: {'gradient_clip_val': 0.18098029038711624, 'hidden_size': 48, 'dropout': 0.10298037897787693, 'hidden_continuous_size': 16, 'attention_head_size': 4, 'learning_rate': 0.05623236578440698}. Best is trial 0 with value: 53.888797760009766.
LOCAL_RANK: 0 - CUDA_VISIBLE_DEVICES: [0]
[I 2023-11-30 00:41:37,537] Trial 34 finished with value: 58.73051834106445 and parameters: {'gradient_clip_val': 0.210333279876127, 'hidden_size': 62, 'dropout': 0.14377200761304293, 'hidden_continuous_size': 14, 'attention_head_size': 3, 'learning_rate': 0.03714975159620091}. Best is trial 0 with value: 53.888797760009766.
LOCAL_RANK: 0 - CUDA_VISIBLE_DEVICES: [0]
[I 2023-11-30 00:41:50,412] Trial 35 finished with value: 56.91178894042969 and parameters: {'gradient_clip_val': 0.13862247262614244, 'hidden_size': 40, 'dropout': 0.17459422744085737, 'hidden_continuous_size': 18, 'attention_head_size': 4, 'learning_rate': 0.07820585133183605}. Best is trial 0 with value: 53.888797760009766.
LOCAL_RANK: 0 - CUDA_VISIBLE_DEVICES: [0]
[I 2023-11-30 00:42:03,337] Trial 36 finished with value: 59.93550491333008 and parameters: {'gradient_clip_val': 0.1632330936346763, 'hidden_size': 53, 'dropout': 0.12179809784734297, 'hidden_continuous_size': 15, 'attention_head_size': 3, 'learning_rate': 0.04867598159435365}. Best is trial 0 with value: 53.888797760009766.
LOCAL_RANK: 0 - CUDA_VISIBLE_DEVICES: [0]
[I 2023-11-30 00:42:17,027] Trial 37 finished with value: 68.93230438232422 and parameters: {'gradient_clip_val': 0.8372736937946222, 'hidden_size': 91, 'dropout': 0.14591531227471716, 'hidden_continuous_size': 24, 'attention_head_size': 3, 'learning_rate': 0.06442442384728767}. Best is trial 0 with value: 53.888797760009766.
LOCAL_RANK: 0 - CUDA_VISIBLE_DEVICES: [0]
[I 2023-11-30 00:42:29,902] Trial 38 finished with value: 55.993770599365234 and parameters: {'gradient_clip_val': 0.30748062667998816, 'hidden_size': 46, 'dropout': 0.18012881815209147, 'hidden_continuous_size': 21, 'attention_head_size': 2, 'learning_rate': 0.03740710676026514}. Best is trial 0 with value: 53.888797760009766.
LOCAL_RANK: 0 - CUDA_VISIBLE_DEVICES: [0]
[I 2023-11-30 00:42:42,414] Trial 39 finished with value: 57.7530403137207 and parameters: {'gradient_clip_val': 0.25193612943628674, 'hidden_size': 36, 'dropout': 0.15558978815902216, 'hidden_continuous_size': 17, 'attention_head_size': 3, 'learning_rate': 0.09872879088804294}. Best is trial 0 with value: 53.888797760009766.
LOCAL_RANK: 0 - CUDA_VISIBLE_DEVICES: [0]
[I 2023-11-30 00:42:54,884] Trial 40 finished with value: 60.02286911010742 and parameters: {'gradient_clip_val': 0.46596416785729267, 'hidden_size': 28, 'dropout': 0.1000238580136337, 'hidden_continuous_size': 18, 'attention_head_size': 4, 'learning_rate': 0.0569076895408994}. Best is trial 0 with value: 53.888797760009766.
LOCAL_RANK: 0 - CUDA_VISIBLE_DEVICES: [0]
[I 2023-11-30 00:43:07,728] Trial 41 finished with value: 56.8061408996582 and parameters: {'gradient_clip_val': 0.10753816444860768, 'hidden_size': 36, 'dropout': 0.13204845142538763, 'hidden_continuous_size': 16, 'attention_head_size': 3, 'learning_rate': 0.056545842843665504}. Best is trial 0 with value: 53.888797760009766.
LOCAL_RANK: 0 - CUDA_VISIBLE_DEVICES: [0]
[I 2023-11-30 00:43:20,356] Trial 42 finished with value: 60.073368072509766 and parameters: {'gradient_clip_val': 0.1035495977033188, 'hidden_size': 44, 'dropout': 0.11747987297330617, 'hidden_continuous_size': 15, 'attention_head_size': 3, 'learning_rate': 0.08106914361127102}. Best is trial 0 with value: 53.888797760009766.
LOCAL_RANK: 0 - CUDA_VISIBLE_DEVICES: [0]
[I 2023-11-30 00:43:33,027] Trial 43 finished with value: 56.02757263183594 and parameters: {'gradient_clip_val': 0.1240282485780767, 'hidden_size': 37, 'dropout': 0.137412250279539, 'hidden_continuous_size': 19, 'attention_head_size': 3, 'learning_rate': 0.027351446837055076}. Best is trial 0 with value: 53.888797760009766.
LOCAL_RANK: 0 - CUDA_VISIBLE_DEVICES: [0]
[I 2023-11-30 00:43:46,080] Trial 44 finished with value: 59.27433395385742 and parameters: {'gradient_clip_val': 0.11549464708246693, 'hidden_size': 52, 'dropout': 0.11630438646730011, 'hidden_continuous_size': 22, 'attention_head_size': 3, 'learning_rate': 0.04533195715355167}. Best is trial 0 with value: 53.888797760009766.
LOCAL_RANK: 0 - CUDA_VISIBLE_DEVICES: [0]
[I 2023-11-30 00:43:59,436] Trial 45 finished with value: 55.9373664855957 and parameters: {'gradient_clip_val': 0.1371878721643452, 'hidden_size': 63, 'dropout': 0.14311924294849293, 'hidden_continuous_size': 25, 'attention_head_size': 2, 'learning_rate': 0.06797039469377407}. Best is trial 0 with value: 53.888797760009766.
LOCAL_RANK: 0 - CUDA_VISIBLE_DEVICES: [0]
[I 2023-11-30 00:44:12,668] Trial 46 finished with value: 61.44010543823242 and parameters: {'gradient_clip_val': 0.173864871927424, 'hidden_size': 56, 'dropout': 0.11272709084591122, 'hidden_continuous_size': 22, 'attention_head_size': 3, 'learning_rate': 0.02299799121293565}. Best is trial 0 with value: 53.888797760009766.
LOCAL_RANK: 0 - CUDA_VISIBLE_DEVICES: [0]
[I 2023-11-30 00:44:25,231] Trial 47 finished with value: 51.64517593383789 and parameters: {'gradient_clip_val': 0.14172547935435664, 'hidden_size': 30, 'dropout': 0.133304913826895, 'hidden_continuous_size': 17, 'attention_head_size': 2, 'learning_rate': 0.033478150293718194}. Best is trial 47 with value: 51.64517593383789.
LOCAL_RANK: 0 - CUDA_VISIBLE_DEVICES: [0]
[I 2023-11-30 00:44:37,472] Trial 48 finished with value: 54.25469970703125 and parameters: {'gradient_clip_val': 0.14586208580251278, 'hidden_size': 22, 'dropout': 0.2312556444372575, 'hidden_continuous_size': 17, 'attention_head_size': 1, 'learning_rate': 0.03581257428395629}. Best is trial 47 with value: 51.64517593383789.
LOCAL_RANK: 0 - CUDA_VISIBLE_DEVICES: [0]
[I 2023-11-30 00:44:49,655] Trial 49 finished with value: 57.5869026184082 and parameters: {'gradient_clip_val': 0.145507184674267, 'hidden_size': 21, 'dropout': 0.23102588204749433, 'hidden_continuous_size': 16, 'attention_head_size': 1, 'learning_rate': 0.03411725670782057}. Best is trial 47 with value: 51.64517593383789.
LOCAL_RANK: 0 - CUDA_VISIBLE_DEVICES: [0]
[I 2023-11-30 00:45:02,124] Trial 50 finished with value: 55.2034797668457 and parameters: {'gradient_clip_val': 0.16845602288033915, 'hidden_size': 29, 'dropout': 0.2750127236739208, 'hidden_continuous_size': 17, 'attention_head_size': 1, 'learning_rate': 0.018889718788978917}. Best is trial 47 with value: 51.64517593383789.
LOCAL_RANK: 0 - CUDA_VISIBLE_DEVICES: [0]
[I 2023-11-30 00:45:14,529] Trial 51 finished with value: 54.1563835144043 and parameters: {'gradient_clip_val': 0.1496982079614375, 'hidden_size': 25, 'dropout': 0.19242385014794866, 'hidden_continuous_size': 17, 'attention_head_size': 1, 'learning_rate': 0.0456239074528686}. Best is trial 47 with value: 51.64517593383789.
LOCAL_RANK: 0 - CUDA_VISIBLE_DEVICES: [0]
[I 2023-11-30 00:45:26,807] Trial 52 finished with value: 57.3157958984375 and parameters: {'gradient_clip_val': 0.1427804166352171, 'hidden_size': 23, 'dropout': 0.20958677427729677, 'hidden_continuous_size': 17, 'attention_head_size': 1, 'learning_rate': 0.0271163003067282}. Best is trial 47 with value: 51.64517593383789.
LOCAL_RANK: 0 - CUDA_VISIBLE_DEVICES: [0]
[I 2023-11-30 00:45:38,929] Trial 53 finished with value: 52.6268196105957 and parameters: {'gradient_clip_val': 0.12117261555747304, 'hidden_size': 25, 'dropout': 0.18604851927236665, 'hidden_continuous_size': 17, 'attention_head_size': 1, 'learning_rate': 0.04598571938554309}. Best is trial 47 with value: 51.64517593383789.
LOCAL_RANK: 0 - CUDA_VISIBLE_DEVICES: [0]
[I 2023-11-30 00:45:51,200] Trial 54 finished with value: 59.61909866333008 and parameters: {'gradient_clip_val': 0.11517973459779453, 'hidden_size': 26, 'dropout': 0.1895407898347965, 'hidden_continuous_size': 18, 'attention_head_size': 1, 'learning_rate': 0.03330387307770536}. Best is trial 47 with value: 51.64517593383789.
LOCAL_RANK: 0 - CUDA_VISIBLE_DEVICES: [0]
[I 2023-11-30 00:46:03,269] Trial 55 finished with value: 54.816497802734375 and parameters: {'gradient_clip_val': 0.12144837270899736, 'hidden_size': 19, 'dropout': 0.18681248685930973, 'hidden_continuous_size': 10, 'attention_head_size': 1, 'learning_rate': 0.042618989018060056}. Best is trial 47 with value: 51.64517593383789.
LOCAL_RANK: 0 - CUDA_VISIBLE_DEVICES: [0]
[I 2023-11-30 00:46:15,494] Trial 56 finished with value: 53.70625686645508 and parameters: {'gradient_clip_val': 0.13064929985086324, 'hidden_size': 25, 'dropout': 0.16864991584736946, 'hidden_continuous_size': 17, 'attention_head_size': 1, 'learning_rate': 0.04722397094507551}. Best is trial 47 with value: 51.64517593383789.
LOCAL_RANK: 0 - CUDA_VISIBLE_DEVICES: [0]
[I 2023-11-30 00:46:27,553] Trial 57 finished with value: 53.21969985961914 and parameters: {'gradient_clip_val': 0.1301508688763934, 'hidden_size': 24, 'dropout': 0.16854310690234509, 'hidden_continuous_size': 19, 'attention_head_size': 1, 'learning_rate': 0.047382205025058896}. Best is trial 47 with value: 51.64517593383789.
LOCAL_RANK: 0 - CUDA_VISIBLE_DEVICES: [0]
[I 2023-11-30 00:46:39,954] Trial 58 finished with value: 54.626102447509766 and parameters: {'gradient_clip_val': 0.13214477125261861, 'hidden_size': 30, 'dropout': 0.1653963970206757, 'hidden_continuous_size': 19, 'attention_head_size': 1, 'learning_rate': 0.029419746504066507}. Best is trial 47 with value: 51.64517593383789.
LOCAL_RANK: 0 - CUDA_VISIBLE_DEVICES: [0]
[I 2023-11-30 00:46:52,353] Trial 59 finished with value: 56.12199401855469 and parameters: {'gradient_clip_val': 0.1295281714369698, 'hidden_size': 27, 'dropout': 0.16971145290120915, 'hidden_continuous_size': 20, 'attention_head_size': 1, 'learning_rate': 0.048262785847749665}. Best is trial 47 with value: 51.64517593383789.
LOCAL_RANK: 0 - CUDA_VISIBLE_DEVICES: [0]
[I 2023-11-30 00:47:04,470] Trial 60 finished with value: 58.68927001953125 and parameters: {'gradient_clip_val': 0.1162880354883586, 'hidden_size': 17, 'dropout': 0.15367513178136222, 'hidden_continuous_size': 10, 'attention_head_size': 2, 'learning_rate': 0.025526414321082172}. Best is trial 47 with value: 51.64517593383789.
LOCAL_RANK: 0 - CUDA_VISIBLE_DEVICES: [0]
[I 2023-11-30 00:47:16,731] Trial 61 finished with value: 54.99654006958008 and parameters: {'gradient_clip_val': 0.15308268617161633, 'hidden_size': 25, 'dropout': 0.16649368739188364, 'hidden_continuous_size': 18, 'attention_head_size': 1, 'learning_rate': 0.041287096945123815}. Best is trial 47 with value: 51.64517593383789.
LOCAL_RANK: 0 - CUDA_VISIBLE_DEVICES: [0]
[I 2023-11-30 00:47:29,009] Trial 62 finished with value: 59.37880325317383 and parameters: {'gradient_clip_val': 0.15721164247365615, 'hidden_size': 32, 'dropout': 0.19474880119317295, 'hidden_continuous_size': 19, 'attention_head_size': 1, 'learning_rate': 0.050267242272714965}. Best is trial 47 with value: 51.64517593383789.
LOCAL_RANK: 0 - CUDA_VISIBLE_DEVICES: [0]
[I 2023-11-30 00:47:40,870] Trial 63 finished with value: 58.83530807495117 and parameters: {'gradient_clip_val': 0.1344875208298834, 'hidden_size': 24, 'dropout': 0.18215076222681295, 'hidden_continuous_size': 17, 'attention_head_size': 1, 'learning_rate': 0.041601405898806953}. Best is trial 47 with value: 51.64517593383789.
LOCAL_RANK: 0 - CUDA_VISIBLE_DEVICES: [0]
[I 2023-11-30 00:47:53,041] Trial 64 finished with value: 52.874759674072266 and parameters: {'gradient_clip_val': 0.10056048982259762, 'hidden_size': 27, 'dropout': 0.15199090215924765, 'hidden_continuous_size': 18, 'attention_head_size': 1, 'learning_rate': 0.06080545778664623}. Best is trial 47 with value: 51.64517593383789.
LOCAL_RANK: 0 - CUDA_VISIBLE_DEVICES: [0]
[I 2023-11-30 00:48:05,323] Trial 65 finished with value: 54.50274658203125 and parameters: {'gradient_clip_val': 0.10145606923355517, 'hidden_size': 28, 'dropout': 0.15395389433923498, 'hidden_continuous_size': 18, 'attention_head_size': 1, 'learning_rate': 0.060399967793990365}. Best is trial 47 with value: 51.64517593383789.
LOCAL_RANK: 0 - CUDA_VISIBLE_DEVICES: [0]
[I 2023-11-30 00:48:17,815] Trial 66 finished with value: 57.727996826171875 and parameters: {'gradient_clip_val': 0.10930949790818771, 'hidden_size': 30, 'dropout': 0.16994588539624172, 'hidden_continuous_size': 19, 'attention_head_size': 1, 'learning_rate': 0.06144113478016752}. Best is trial 47 with value: 51.64517593383789.
LOCAL_RANK: 0 - CUDA_VISIBLE_DEVICES: [0]
[I 2023-11-30 00:48:30,084] Trial 67 finished with value: 51.8912353515625 and parameters: {'gradient_clip_val': 0.10007345382008913, 'hidden_size': 21, 'dropout': 0.13289683500002883, 'hidden_continuous_size': 18, 'attention_head_size': 2, 'learning_rate': 0.08561003478990041}. Best is trial 47 with value: 51.64517593383789.
LOCAL_RANK: 0 - CUDA_VISIBLE_DEVICES: [0]
[I 2023-11-30 00:48:42,254] Trial 68 finished with value: 54.95681381225586 and parameters: {'gradient_clip_val': 0.100127867216816, 'hidden_size': 21, 'dropout': 0.1352954410740446, 'hidden_continuous_size': 18, 'attention_head_size': 2, 'learning_rate': 0.08624401308747277}. Best is trial 47 with value: 51.64517593383789.
LOCAL_RANK: 0 - CUDA_VISIBLE_DEVICES: [0]
[I 2023-11-30 00:48:54,589] Trial 69 finished with value: 59.09980773925781 and parameters: {'gradient_clip_val': 0.11749429342225386, 'hidden_size': 27, 'dropout': 0.15062832978492788, 'hidden_continuous_size': 20, 'attention_head_size': 2, 'learning_rate': 0.08818400699808122}. Best is trial 47 with value: 51.64517593383789.
LOCAL_RANK: 0 - CUDA_VISIBLE_DEVICES: [0]
[I 2023-11-30 00:49:07,236] Trial 70 finished with value: 61.01422119140625 and parameters: {'gradient_clip_val': 0.12518676890996608, 'hidden_size': 33, 'dropout': 0.16081536593449708, 'hidden_continuous_size': 16, 'attention_head_size': 2, 'learning_rate': 0.06706583658887888}. Best is trial 47 with value: 51.64517593383789.
LOCAL_RANK: 0 - CUDA_VISIBLE_DEVICES: [0]
[I 2023-11-30 00:49:19,308] Trial 71 finished with value: 57.579315185546875 and parameters: {'gradient_clip_val': 0.11011152586637807, 'hidden_size': 24, 'dropout': 0.13889055185662647, 'hidden_continuous_size': 18, 'attention_head_size': 1, 'learning_rate': 0.07200318913278286}. Best is trial 47 with value: 51.64517593383789.
LOCAL_RANK: 0 - CUDA_VISIBLE_DEVICES: [0]
[I 2023-11-30 00:49:31,420] Trial 72 finished with value: 57.33916091918945 and parameters: {'gradient_clip_val': 0.12065006871598667, 'hidden_size': 19, 'dropout': 0.12583549436275224, 'hidden_continuous_size': 11, 'attention_head_size': 1, 'learning_rate': 0.05020660942219474}. Best is trial 47 with value: 51.64517593383789.
LOCAL_RANK: 0 - CUDA_VISIBLE_DEVICES: [0]
[I 2023-11-30 00:49:43,250] Trial 73 finished with value: 54.98286056518555 and parameters: {'gradient_clip_val': 0.10696166592622451, 'hidden_size': 16, 'dropout': 0.1283498788683319, 'hidden_continuous_size': 13, 'attention_head_size': 1, 'learning_rate': 0.08197006915840829}. Best is trial 47 with value: 51.64517593383789.
LOCAL_RANK: 0 - CUDA_VISIBLE_DEVICES: [0]
[I 2023-11-30 00:49:55,551] Trial 74 finished with value: 52.87922286987305 and parameters: {'gradient_clip_val': 0.1335731574363672, 'hidden_size': 22, 'dropout': 0.14126040686361965, 'hidden_continuous_size': 19, 'attention_head_size': 2, 'learning_rate': 0.054970096681476746}. Best is trial 47 with value: 51.64517593383789.
LOCAL_RANK: 0 - CUDA_VISIBLE_DEVICES: [0]
[I 2023-11-30 00:50:07,733] Trial 75 finished with value: 54.23868942260742 and parameters: {'gradient_clip_val': 0.13100273906299933, 'hidden_size': 22, 'dropout': 0.1497435627420986, 'hidden_continuous_size': 19, 'attention_head_size': 2, 'learning_rate': 0.05480870426498451}. Best is trial 47 with value: 51.64517593383789.
LOCAL_RANK: 0 - CUDA_VISIBLE_DEVICES: [0]
[I 2023-11-30 00:50:20,308] Trial 76 finished with value: 57.87502670288086 and parameters: {'gradient_clip_val': 0.11430380772861205, 'hidden_size': 26, 'dropout': 0.17173915946630436, 'hidden_continuous_size': 20, 'attention_head_size': 2, 'learning_rate': 0.0325942222945797}. Best is trial 47 with value: 51.64517593383789.
LOCAL_RANK: 0 - CUDA_VISIBLE_DEVICES: [0]
[I 2023-11-30 00:50:32,770] Trial 77 finished with value: 57.32499313354492 and parameters: {'gradient_clip_val': 0.12375695328526175, 'hidden_size': 31, 'dropout': 0.14293549369329306, 'hidden_continuous_size': 15, 'attention_head_size': 2, 'learning_rate': 0.03791454684200552}. Best is trial 47 with value: 51.64517593383789.
LOCAL_RANK: 0 - CUDA_VISIBLE_DEVICES: [0]
[I 2023-11-30 00:50:44,771] Trial 78 finished with value: 54.873443603515625 and parameters: {'gradient_clip_val': 0.13668750628690657, 'hidden_size': 20, 'dropout': 0.1783319312350079, 'hidden_continuous_size': 18, 'attention_head_size': 1, 'learning_rate': 0.05198399743033089}. Best is trial 47 with value: 51.64517593383789.
LOCAL_RANK: 0 - CUDA_VISIBLE_DEVICES: [0]
[I 2023-11-30 00:50:57,038] Trial 79 finished with value: 62.487728118896484 and parameters: {'gradient_clip_val': 0.10647513470057209, 'hidden_size': 23, 'dropout': 0.16247527067405393, 'hidden_continuous_size': 17, 'attention_head_size': 2, 'learning_rate': 0.060068212488469816}. Best is trial 47 with value: 51.64517593383789.
LOCAL_RANK: 0 - CUDA_VISIBLE_DEVICES: [0]
