[I 2023-11-29 20:47:32,961] Trial 23 finished with value: 46.079898834228516 and parameters: {'gradient_clip_val': 0.2704736379955487, 'hidden_size': 101, 'dropout': 0.18686483100532086, 'hidden_continuous_size': 45, 'attention_head_size': 3, 'learning_rate': 0.006425037454150012}. Best is trial 23 with value: 46.079898834228516.
LOCAL_RANK: 0 - CUDA_VISIBLE_DEVICES: [0]
[I 2023-11-29 20:47:47,081] Trial 24 finished with value: 54.8445930480957 and parameters: {'gradient_clip_val': 0.4256530676905635, 'hidden_size': 102, 'dropout': 0.16998793251546132, 'hidden_continuous_size': 54, 'attention_head_size': 4, 'learning_rate': 0.005957337893810465}. Best is trial 23 with value: 46.079898834228516.
LOCAL_RANK: 0 - CUDA_VISIBLE_DEVICES: [0]
[I 2023-11-29 20:48:01,158] Trial 25 finished with value: 46.06221008300781 and parameters: {'gradient_clip_val': 0.30010770285626687, 'hidden_size': 102, 'dropout': 0.1810804537680636, 'hidden_continuous_size': 76, 'attention_head_size': 3, 'learning_rate': 0.01026755829006171}. Best is trial 25 with value: 46.06221008300781.
LOCAL_RANK: 0 - CUDA_VISIBLE_DEVICES: [0]
[I 2023-11-29 20:48:14,938] Trial 26 finished with value: 45.5776481628418 and parameters: {'gradient_clip_val': 0.20264003746004006, 'hidden_size': 63, 'dropout': 0.17305507194688402, 'hidden_continuous_size': 51, 'attention_head_size': 3, 'learning_rate': 0.009691560631412398}. Best is trial 26 with value: 45.5776481628418.
LOCAL_RANK: 0 - CUDA_VISIBLE_DEVICES: [0]
[I 2023-11-29 20:48:29,086] Trial 27 finished with value: 46.89852523803711 and parameters: {'gradient_clip_val': 0.20099988938284719, 'hidden_size': 99, 'dropout': 0.17509596154421683, 'hidden_continuous_size': 78, 'attention_head_size': 3, 'learning_rate': 0.010074279834640095}. Best is trial 26 with value: 45.5776481628418.
LOCAL_RANK: 0 - CUDA_VISIBLE_DEVICES: [0]
[I 2023-11-29 20:48:43,490] Trial 28 finished with value: 47.77128982543945 and parameters: {'gradient_clip_val': 0.1652393202763078, 'hidden_size': 136, 'dropout': 0.1361659074847152, 'hidden_continuous_size': 82, 'attention_head_size': 3, 'learning_rate': 0.006096385729553105}. Best is trial 26 with value: 45.5776481628418.
LOCAL_RANK: 0 - CUDA_VISIBLE_DEVICES: [0]
[I 2023-11-29 20:48:57,017] Trial 29 finished with value: 49.12979507446289 and parameters: {'gradient_clip_val': 0.4749700050168667, 'hidden_size': 71, 'dropout': 0.16968588283216854, 'hidden_continuous_size': 30, 'attention_head_size': 3, 'learning_rate': 0.01632912049588665}. Best is trial 26 with value: 45.5776481628418.
LOCAL_RANK: 0 - CUDA_VISIBLE_DEVICES: [0]
[I 2023-11-29 20:49:10,925] Trial 30 finished with value: 51.19046401977539 and parameters: {'gradient_clip_val': 0.38593276050252273, 'hidden_size': 97, 'dropout': 0.2407169578636933, 'hidden_continuous_size': 51, 'attention_head_size': 2, 'learning_rate': 0.011137496538991008}. Best is trial 26 with value: 45.5776481628418.
LOCAL_RANK: 0 - CUDA_VISIBLE_DEVICES: [0]
[I 2023-11-29 20:49:24,771] Trial 31 finished with value: 49.9143180847168 and parameters: {'gradient_clip_val': 0.247302563393297, 'hidden_size': 65, 'dropout': 0.20243222502591934, 'hidden_continuous_size': 40, 'attention_head_size': 4, 'learning_rate': 0.008371365350358345}. Best is trial 26 with value: 45.5776481628418.
LOCAL_RANK: 0 - CUDA_VISIBLE_DEVICES: [0]
[I 2023-11-29 20:49:38,308] Trial 32 finished with value: 46.64340591430664 and parameters: {'gradient_clip_val': 0.3008928419540645, 'hidden_size': 59, 'dropout': 0.1834937986720215, 'hidden_continuous_size': 42, 'attention_head_size': 3, 'learning_rate': 0.009523649736917142}. Best is trial 26 with value: 45.5776481628418.
LOCAL_RANK: 0 - CUDA_VISIBLE_DEVICES: [0]
[I 2023-11-29 20:49:51,999] Trial 33 finished with value: 49.588687896728516 and parameters: {'gradient_clip_val': 0.30172710089899063, 'hidden_size': 75, 'dropout': 0.13302555237742508, 'hidden_continuous_size': 40, 'attention_head_size': 3, 'learning_rate': 0.01310345393635526}. Best is trial 26 with value: 45.5776481628418.
LOCAL_RANK: 0 - CUDA_VISIBLE_DEVICES: [0]
[I 2023-11-29 20:50:05,967] Trial 34 finished with value: 45.87496566772461 and parameters: {'gradient_clip_val': 0.29749545088811685, 'hidden_size': 90, 'dropout': 0.16460725954468658, 'hidden_continuous_size': 47, 'attention_head_size': 3, 'learning_rate': 0.010552445374672752}. Best is trial 26 with value: 45.5776481628418.
LOCAL_RANK: 0 - CUDA_VISIBLE_DEVICES: [0]
[I 2023-11-29 20:50:19,819] Trial 35 finished with value: 50.82817459106445 and parameters: {'gradient_clip_val': 0.1931299916163084, 'hidden_size': 87, 'dropout': 0.16014076003229938, 'hidden_continuous_size': 51, 'attention_head_size': 3, 'learning_rate': 0.01961216884611062}. Best is trial 26 with value: 45.5776481628418.
LOCAL_RANK: 0 - CUDA_VISIBLE_DEVICES: [0]
[I 2023-11-29 20:50:34,405] Trial 36 finished with value: 45.59176254272461 and parameters: {'gradient_clip_val': 0.2231882477309611, 'hidden_size': 118, 'dropout': 0.1468021878695994, 'hidden_continuous_size': 74, 'attention_head_size': 3, 'learning_rate': 0.005372284654374253}. Best is trial 26 with value: 45.5776481628418.
LOCAL_RANK: 0 - CUDA_VISIBLE_DEVICES: [0]
[I 2023-11-29 20:50:48,801] Trial 37 finished with value: 66.11299896240234 and parameters: {'gradient_clip_val': 0.227816634488999, 'hidden_size': 122, 'dropout': 0.14863889246818937, 'hidden_continuous_size': 76, 'attention_head_size': 2, 'learning_rate': 0.012079534491271502}. Best is trial 26 with value: 45.5776481628418.
LOCAL_RANK: 0 - CUDA_VISIBLE_DEVICES: [0]
[I 2023-11-29 20:51:03,316] Trial 38 finished with value: 53.02882766723633 and parameters: {'gradient_clip_val': 0.2036817134689905, 'hidden_size': 126, 'dropout': 0.13053973473846298, 'hidden_continuous_size': 90, 'attention_head_size': 3, 'learning_rate': 0.02621366628972592}. Best is trial 26 with value: 45.5776481628418.
LOCAL_RANK: 0 - CUDA_VISIBLE_DEVICES: [0]
[I 2023-11-29 20:51:18,004] Trial 39 finished with value: 46.51020431518555 and parameters: {'gradient_clip_val': 0.16016327819264511, 'hidden_size': 143, 'dropout': 0.11841120192172386, 'hidden_continuous_size': 107, 'attention_head_size': 3, 'learning_rate': 0.004940046561102473}. Best is trial 26 with value: 45.5776481628418.
LOCAL_RANK: 0 - CUDA_VISIBLE_DEVICES: [0]
[I 2023-11-29 20:51:31,852] Trial 40 finished with value: 52.34476852416992 and parameters: {'gradient_clip_val': 0.23809869805445785, 'hidden_size': 83, 'dropout': 0.15859341332803364, 'hidden_continuous_size': 58, 'attention_head_size': 2, 'learning_rate': 0.009063587809668816}. Best is trial 26 with value: 45.5776481628418.
LOCAL_RANK: 0 - CUDA_VISIBLE_DEVICES: [0]
[I 2023-11-29 20:51:45,976] Trial 41 finished with value: 45.491878509521484 and parameters: {'gradient_clip_val': 0.3568833759866533, 'hidden_size': 104, 'dropout': 0.17918647953245864, 'hidden_continuous_size': 60, 'attention_head_size': 3, 'learning_rate': 0.00704233339401564}. Best is trial 41 with value: 45.491878509521484.
LOCAL_RANK: 0 - CUDA_VISIBLE_DEVICES: [0]
[I 2023-11-29 20:52:00,354] Trial 42 finished with value: 47.946712493896484 and parameters: {'gradient_clip_val': 0.3512926185586568, 'hidden_size': 113, 'dropout': 0.1509281568649785, 'hidden_continuous_size': 73, 'attention_head_size': 3, 'learning_rate': 0.007677284601847023}. Best is trial 41 with value: 45.491878509521484.
LOCAL_RANK: 0 - CUDA_VISIBLE_DEVICES: [0]
[I 2023-11-29 20:52:14,501] Trial 43 finished with value: 47.61100387573242 and parameters: {'gradient_clip_val': 0.2925221975575265, 'hidden_size': 94, 'dropout': 0.1742901833875147, 'hidden_continuous_size': 68, 'attention_head_size': 3, 'learning_rate': 0.0054781356988502115}. Best is trial 41 with value: 45.491878509521484.
LOCAL_RANK: 0 - CUDA_VISIBLE_DEVICES: [0]
[I 2023-11-29 20:52:29,275] Trial 44 finished with value: 45.339263916015625 and parameters: {'gradient_clip_val': 0.3549619096756289, 'hidden_size': 150, 'dropout': 0.15763484881305073, 'hidden_continuous_size': 91, 'attention_head_size': 3, 'learning_rate': 0.007319812971668904}. Best is trial 44 with value: 45.339263916015625.
LOCAL_RANK: 0 - CUDA_VISIBLE_DEVICES: [0]
[I 2023-11-29 20:52:44,092] Trial 45 finished with value: 51.885833740234375 and parameters: {'gradient_clip_val': 0.3770975661887141, 'hidden_size': 147, 'dropout': 0.1584768880445342, 'hidden_continuous_size': 89, 'attention_head_size': 2, 'learning_rate': 0.004547419202058008}. Best is trial 44 with value: 45.339263916015625.
LOCAL_RANK: 0 - CUDA_VISIBLE_DEVICES: [0]
[I 2023-11-29 20:52:58,196] Trial 46 finished with value: 43.80466842651367 and parameters: {'gradient_clip_val': 0.43435321147789846, 'hidden_size': 124, 'dropout': 0.14394588831181776, 'hidden_continuous_size': 61, 'attention_head_size': 3, 'learning_rate': 0.0073786570889513075}. Best is trial 46 with value: 43.80466842651367.
LOCAL_RANK: 0 - CUDA_VISIBLE_DEVICES: [0]
[I 2023-11-29 20:53:12,584] Trial 47 finished with value: 48.622737884521484 and parameters: {'gradient_clip_val': 0.447098190903962, 'hidden_size': 127, 'dropout': 0.11869977642179573, 'hidden_continuous_size': 61, 'attention_head_size': 3, 'learning_rate': 0.00736424912743792}. Best is trial 46 with value: 43.80466842651367.
LOCAL_RANK: 0 - CUDA_VISIBLE_DEVICES: [0]
[I 2023-11-29 20:53:26,895] Trial 48 finished with value: 54.90278625488281 and parameters: {'gradient_clip_val': 0.5051634526557159, 'hidden_size': 131, 'dropout': 0.14346002648363101, 'hidden_continuous_size': 68, 'attention_head_size': 2, 'learning_rate': 0.005355919589008804}. Best is trial 46 with value: 43.80466842651367.
LOCAL_RANK: 0 - CUDA_VISIBLE_DEVICES: [0]
[I 2023-11-29 20:53:41,050] Trial 49 finished with value: 52.698028564453125 and parameters: {'gradient_clip_val': 0.5371322812905738, 'hidden_size': 114, 'dropout': 0.10703600318413177, 'hidden_continuous_size': 57, 'attention_head_size': 3, 'learning_rate': 0.0035963248541462517}. Best is trial 46 with value: 43.80466842651367.
LOCAL_RANK: 0 - CUDA_VISIBLE_DEVICES: [0]
[I 2023-11-29 20:53:55,876] Trial 50 finished with value: 42.22871398925781 and parameters: {'gradient_clip_val': 0.3992006241157373, 'hidden_size': 148, 'dropout': 0.14392313381601385, 'hidden_continuous_size': 116, 'attention_head_size': 3, 'learning_rate': 0.007312766464666655}. Best is trial 50 with value: 42.22871398925781.
LOCAL_RANK: 0 - CUDA_VISIBLE_DEVICES: [0]
[I 2023-11-29 20:54:10,452] Trial 51 finished with value: 58.27547836303711 and parameters: {'gradient_clip_val': 0.411451066957959, 'hidden_size': 148, 'dropout': 0.14054400680036738, 'hidden_continuous_size': 104, 'attention_head_size': 3, 'learning_rate': 0.007135196832472122}. Best is trial 50 with value: 42.22871398925781.
LOCAL_RANK: 0 - CUDA_VISIBLE_DEVICES: [0]
[I 2023-11-29 20:54:24,872] Trial 52 finished with value: 50.4654426574707 and parameters: {'gradient_clip_val': 0.3585197793077387, 'hidden_size': 131, 'dropout': 0.15061733231343388, 'hidden_continuous_size': 90, 'attention_head_size': 3, 'learning_rate': 0.004335500876898679}. Best is trial 50 with value: 42.22871398925781.
LOCAL_RANK: 0 - CUDA_VISIBLE_DEVICES: [0]
[I 2023-11-29 20:54:39,169] Trial 53 finished with value: 48.5623893737793 and parameters: {'gradient_clip_val': 0.4188591295964707, 'hidden_size': 117, 'dropout': 0.12374182636015357, 'hidden_continuous_size': 70, 'attention_head_size': 3, 'learning_rate': 0.005004569269451466}. Best is trial 50 with value: 42.22871398925781.
LOCAL_RANK: 0 - CUDA_VISIBLE_DEVICES: [0]
[I 2023-11-29 20:54:54,029] Trial 54 finished with value: 50.164764404296875 and parameters: {'gradient_clip_val': 0.46146438453886984, 'hidden_size': 149, 'dropout': 0.1379125922030279, 'hidden_continuous_size': 123, 'attention_head_size': 3, 'learning_rate': 0.0076236847642840175}. Best is trial 50 with value: 42.22871398925781.
LOCAL_RANK: 0 - CUDA_VISIBLE_DEVICES: [0]
[I 2023-11-29 20:55:08,173] Trial 55 finished with value: 76.67230224609375 and parameters: {'gradient_clip_val': 0.3339931990372982, 'hidden_size': 131, 'dropout': 0.10805630058891783, 'hidden_continuous_size': 61, 'attention_head_size': 3, 'learning_rate': 0.006470585880237009}. Best is trial 50 with value: 42.22871398925781.
LOCAL_RANK: 0 - CUDA_VISIBLE_DEVICES: [0]
[I 2023-11-29 20:55:22,684] Trial 56 finished with value: 59.10502624511719 and parameters: {'gradient_clip_val': 0.3902516852884402, 'hidden_size': 107, 'dropout': 0.2093569540852226, 'hidden_continuous_size': 70, 'attention_head_size': 4, 'learning_rate': 0.003517307998172582}. Best is trial 50 with value: 42.22871398925781.
LOCAL_RANK: 0 - CUDA_VISIBLE_DEVICES: [0]
[I 2023-11-29 20:55:37,058] Trial 57 finished with value: 47.72328567504883 and parameters: {'gradient_clip_val': 0.5722723831710621, 'hidden_size': 118, 'dropout': 0.15322430953439195, 'hidden_continuous_size': 84, 'attention_head_size': 3, 'learning_rate': 0.008869349242827083}. Best is trial 50 with value: 42.22871398925781.
LOCAL_RANK: 0 - CUDA_VISIBLE_DEVICES: [0]
[I 2023-11-29 20:55:51,063] Trial 58 finished with value: 51.63949203491211 and parameters: {'gradient_clip_val': 0.6445552807055323, 'hidden_size': 79, 'dropout': 0.1917620149692112, 'hidden_continuous_size': 63, 'attention_head_size': 3, 'learning_rate': 0.005329067984206891}. Best is trial 50 with value: 42.22871398925781.
LOCAL_RANK: 0 - CUDA_VISIBLE_DEVICES: [0]
[I 2023-11-29 20:56:05,120] Trial 59 finished with value: 47.16585159301758 and parameters: {'gradient_clip_val': 0.3353364369072456, 'hidden_size': 104, 'dropout': 0.168065214755469, 'hidden_continuous_size': 53, 'attention_head_size': 4, 'learning_rate': 0.006753536022836605}. Best is trial 50 with value: 42.22871398925781.
LOCAL_RANK: 0 - CUDA_VISIBLE_DEVICES: [0]
[I 2023-11-29 20:56:19,869] Trial 60 finished with value: 51.07160568237305 and parameters: {'gradient_clip_val': 0.43961493246990635, 'hidden_size': 137, 'dropout': 0.12952364869072153, 'hidden_continuous_size': 101, 'attention_head_size': 2, 'learning_rate': 0.0041479272930113635}. Best is trial 50 with value: 42.22871398925781.
LOCAL_RANK: 0 - CUDA_VISIBLE_DEVICES: [0]
[I 2023-11-29 20:56:33,771] Trial 61 finished with value: 43.4527587890625 and parameters: {'gradient_clip_val': 0.3615470373121276, 'hidden_size': 92, 'dropout': 0.16304302095131154, 'hidden_continuous_size': 48, 'attention_head_size': 3, 'learning_rate': 0.011550421786923394}. Best is trial 50 with value: 42.22871398925781.
LOCAL_RANK: 0 - CUDA_VISIBLE_DEVICES: [0]
[I 2023-11-29 20:56:47,886] Trial 62 finished with value: 53.52276611328125 and parameters: {'gradient_clip_val': 0.3760440786579982, 'hidden_size': 109, 'dropout': 0.17802266716070453, 'hidden_continuous_size': 57, 'attention_head_size': 3, 'learning_rate': 0.012185475740514914}. Best is trial 50 with value: 42.22871398925781.
LOCAL_RANK: 0 - CUDA_VISIBLE_DEVICES: [0]
[I 2023-11-29 20:57:02,032] Trial 63 finished with value: 58.23493576049805 and parameters: {'gradient_clip_val': 0.40408683861767203, 'hidden_size': 95, 'dropout': 0.14438083786095132, 'hidden_continuous_size': 76, 'attention_head_size': 3, 'learning_rate': 0.009348749010887818}. Best is trial 50 with value: 42.22871398925781.
LOCAL_RANK: 0 - CUDA_VISIBLE_DEVICES: [0]
[I 2023-11-29 20:57:16,188] Trial 64 finished with value: 49.31895065307617 and parameters: {'gradient_clip_val': 0.49556090250539764, 'hidden_size': 123, 'dropout': 0.16132037529006146, 'hidden_continuous_size': 50, 'attention_head_size': 3, 'learning_rate': 0.007961111011040073}. Best is trial 50 with value: 42.22871398925781.
LOCAL_RANK: 0 - CUDA_VISIBLE_DEVICES: [0]
[I 2023-11-29 20:57:30,412] Trial 65 finished with value: 47.258575439453125 and parameters: {'gradient_clip_val': 0.3195743974739741, 'hidden_size': 93, 'dropout': 0.1877633541359758, 'hidden_continuous_size': 63, 'attention_head_size': 3, 'learning_rate': 0.011010774714430047}. Best is trial 50 with value: 42.22871398925781.
LOCAL_RANK: 0 - CUDA_VISIBLE_DEVICES: [0]
[I 2023-11-29 20:57:45,153] Trial 66 finished with value: 50.02650833129883 and parameters: {'gradient_clip_val': 0.28184244046043283, 'hidden_size': 137, 'dropout': 0.174655678858014, 'hidden_continuous_size': 129, 'attention_head_size': 3, 'learning_rate': 0.01485099115224886}. Best is trial 50 with value: 42.22871398925781.
LOCAL_RANK: 0 - CUDA_VISIBLE_DEVICES: [0]
[I 2023-11-29 20:57:59,446] Trial 67 finished with value: 52.336944580078125 and parameters: {'gradient_clip_val': 0.2562737279279119, 'hidden_size': 105, 'dropout': 0.16675496042114635, 'hidden_continuous_size': 80, 'attention_head_size': 3, 'learning_rate': 0.006236987146782618}. Best is trial 50 with value: 42.22871398925781.
LOCAL_RANK: 0 - CUDA_VISIBLE_DEVICES: [0]
[I 2023-11-29 20:58:13,434] Trial 68 finished with value: 50.916202545166016 and parameters: {'gradient_clip_val': 0.3491560564945168, 'hidden_size': 120, 'dropout': 0.20142405922798212, 'hidden_continuous_size': 54, 'attention_head_size': 3, 'learning_rate': 0.009998433246130674}. Best is trial 50 with value: 42.22871398925781.
LOCAL_RANK: 0 - CUDA_VISIBLE_DEVICES: [0]
[I 2023-11-29 20:58:27,422] Trial 69 finished with value: 46.2504768371582 and parameters: {'gradient_clip_val': 0.37671322308671795, 'hidden_size': 88, 'dropout': 0.14532092646627504, 'hidden_continuous_size': 67, 'attention_head_size': 4, 'learning_rate': 0.00783228335314845}. Best is trial 50 with value: 42.22871398925781.
LOCAL_RANK: 0 - CUDA_VISIBLE_DEVICES: [0]
[I 2023-11-29 20:58:42,582] Trial 70 finished with value: 49.56275939941406 and parameters: {'gradient_clip_val': 0.27669778097972436, 'hidden_size': 150, 'dropout': 0.19758363589864564, 'hidden_continuous_size': 146, 'attention_head_size': 3, 'learning_rate': 0.012264998157667734}. Best is trial 50 with value: 42.22871398925781.
LOCAL_RANK: 0 - CUDA_VISIBLE_DEVICES: [0]
[I 2023-11-29 20:58:56,829] Trial 71 finished with value: 47.57400131225586 and parameters: {'gradient_clip_val': 0.3098479162081447, 'hidden_size': 85, 'dropout': 0.1632293123614423, 'hidden_continuous_size': 73, 'attention_head_size': 3, 'learning_rate': 0.010509091684679985}. Best is trial 50 with value: 42.22871398925781.
LOCAL_RANK: 0 - CUDA_VISIBLE_DEVICES: [0]
[I 2023-11-29 20:59:10,853] Trial 72 finished with value: 45.64902877807617 and parameters: {'gradient_clip_val': 0.23010292524887366, 'hidden_size': 99, 'dropout': 0.15549160540756235, 'hidden_continuous_size': 47, 'attention_head_size': 3, 'learning_rate': 0.008423142295467355}. Best is trial 50 with value: 42.22871398925781.
LOCAL_RANK: 0 - CUDA_VISIBLE_DEVICES: [0]
[I 2023-11-29 20:59:24,631] Trial 73 finished with value: 44.6985969543457 and parameters: {'gradient_clip_val': 0.22553026803451007, 'hidden_size': 99, 'dropout': 0.1540740232665386, 'hidden_continuous_size': 47, 'attention_head_size': 1, 'learning_rate': 0.005964834943354505}. Best is trial 50 with value: 42.22871398925781.
LOCAL_RANK: 0 - CUDA_VISIBLE_DEVICES: [0]
[I 2023-11-29 20:59:38,393] Trial 74 finished with value: 51.05584716796875 and parameters: {'gradient_clip_val': 0.21412241411056218, 'hidden_size': 108, 'dropout': 0.1369035704740044, 'hidden_continuous_size': 44, 'attention_head_size': 1, 'learning_rate': 0.006183949449279502}. Best is trial 50 with value: 42.22871398925781.
LOCAL_RANK: 0 - CUDA_VISIBLE_DEVICES: [0]
[I 2023-11-29 20:59:52,748] Trial 75 finished with value: 52.757659912109375 and parameters: {'gradient_clip_val': 0.24596492050313748, 'hidden_size': 138, 'dropout': 0.15145100760448146, 'hidden_continuous_size': 39, 'attention_head_size': 1, 'learning_rate': 0.0071340396346120955}. Best is trial 50 with value: 42.22871398925781.
LOCAL_RANK: 0 - CUDA_VISIBLE_DEVICES: [0]
[I 2023-11-29 21:00:06,829] Trial 76 finished with value: 54.0638313293457 and parameters: {'gradient_clip_val': 0.17290728436503694, 'hidden_size': 79, 'dropout': 0.18004564284733787, 'hidden_continuous_size': 65, 'attention_head_size': 2, 'learning_rate': 0.0059737570727587935}. Best is trial 50 with value: 42.22871398925781.
LOCAL_RANK: 0 - CUDA_VISIBLE_DEVICES: [0]
[I 2023-11-29 21:00:20,388] Trial 77 finished with value: 57.029754638671875 and parameters: {'gradient_clip_val': 0.19191930901565363, 'hidden_size': 72, 'dropout': 0.12453369232282688, 'hidden_continuous_size': 58, 'attention_head_size': 1, 'learning_rate': 0.004688086279940444}. Best is trial 50 with value: 42.22871398925781.
LOCAL_RANK: 0 - CUDA_VISIBLE_DEVICES: [0]
[I 2023-11-29 21:00:34,458] Trial 78 finished with value: 50.41082763671875 and parameters: {'gradient_clip_val': 0.14884758826380554, 'hidden_size': 121, 'dropout': 0.17003862065451747, 'hidden_continuous_size': 50, 'attention_head_size': 2, 'learning_rate': 0.005521582517081159}. Best is trial 50 with value: 42.22871398925781.
LOCAL_RANK: 0 - CUDA_VISIBLE_DEVICES: [0]
[I 2023-11-29 21:00:48,579] Trial 79 finished with value: 60.4287109375 and parameters: {'gradient_clip_val': 0.41931048558328377, 'hidden_size': 112, 'dropout': 0.18365424522321397, 'hidden_continuous_size': 55, 'attention_head_size': 3, 'learning_rate': 0.00685324501282936}. Best is trial 50 with value: 42.22871398925781.
LOCAL_RANK: 0 - CUDA_VISIBLE_DEVICES: [0]
[I 2023-11-29 21:01:02,848] Trial 80 finished with value: 47.1683349609375 and parameters: {'gradient_clip_val': 0.32384377822019017, 'hidden_size': 130, 'dropout': 0.14048825785246633, 'hidden_continuous_size': 37, 'attention_head_size': 3, 'learning_rate': 0.009035969966645676}. Best is trial 50 with value: 42.22871398925781.
LOCAL_RANK: 0 - CUDA_VISIBLE_DEVICES: [0]
[I 2023-11-29 21:01:16,858] Trial 81 finished with value: 45.83433151245117 and parameters: {'gradient_clip_val': 0.2563231416851275, 'hidden_size': 91, 'dropout': 0.1566624194118228, 'hidden_continuous_size': 47, 'attention_head_size': 3, 'learning_rate': 0.008032199438752352}. Best is trial 50 with value: 42.22871398925781.
LOCAL_RANK: 0 - CUDA_VISIBLE_DEVICES: [0]
