[rank: 0] Seed set to 1337
[I 2023-11-29 20:06:46,737] A new study created in memory with name: no-name-e6896428-080a-4b74-8c8d-b16f560d747a
/home/le004/conda/anaconda3/envs/tsff_env/lib/python3.9/site-packages/lightning/fabric/plugins/environments/slurm.py:191: The `srun` command is available on your system but is not used. HINT: If your intention is to run Lightning on SLURM, prepend your python command with `srun` like so: srun python /home/le004/master_thesis/git/TSFusionForecast/code/ ...
LOCAL_RANK: 0 - CUDA_VISIBLE_DEVICES: [0]
[I 2023-11-29 20:07:03,778] Trial 0 finished with value: 213.8337860107422 and parameters: {'gradient_clip_val': 0.13628999686931173, 'hidden_size': 59, 'dropout': 0.12563604362476788, 'hidden_continuous_size': 27, 'attention_head_size': 1, 'learning_rate': 0.06213709136243278}. Best is trial 0 with value: 213.8337860107422.
LOCAL_RANK: 0 - CUDA_VISIBLE_DEVICES: [0]
[I 2023-11-29 20:07:16,158] Trial 1 finished with value: 228.8660888671875 and parameters: {'gradient_clip_val': 0.6921539926552355, 'hidden_size': 36, 'dropout': 0.2660462851729424, 'hidden_continuous_size': 27, 'attention_head_size': 3, 'learning_rate': 0.01420208797604815}. Best is trial 0 with value: 213.8337860107422.
LOCAL_RANK: 0 - CUDA_VISIBLE_DEVICES: [0]
[I 2023-11-29 20:07:28,653] Trial 2 finished with value: 305.1807556152344 and parameters: {'gradient_clip_val': 0.13701970452879778, 'hidden_size': 34, 'dropout': 0.28442258394154496, 'hidden_continuous_size': 33, 'attention_head_size': 2, 'learning_rate': 0.004013239231461783}. Best is trial 0 with value: 213.8337860107422.
LOCAL_RANK: 0 - CUDA_VISIBLE_DEVICES: [0]
[I 2023-11-29 20:07:41,415] Trial 3 finished with value: 223.5697479248047 and parameters: {'gradient_clip_val': 0.12507647598967403, 'hidden_size': 47, 'dropout': 0.11888402802302808, 'hidden_continuous_size': 22, 'attention_head_size': 2, 'learning_rate': 0.012592826885285294}. Best is trial 0 with value: 213.8337860107422.
LOCAL_RANK: 0 - CUDA_VISIBLE_DEVICES: [0]
[I 2023-11-29 20:07:53,720] Trial 4 finished with value: 379.9207458496094 and parameters: {'gradient_clip_val': 0.45346316288744476, 'hidden_size': 41, 'dropout': 0.27406955180866976, 'hidden_continuous_size': 11, 'attention_head_size': 2, 'learning_rate': 0.004703748183102153}. Best is trial 0 with value: 213.8337860107422.
LOCAL_RANK: 0 - CUDA_VISIBLE_DEVICES: [0]
[I 2023-11-29 20:08:03,759] Trial 5 finished with value: 834.8642578125 and parameters: {'gradient_clip_val': 0.9243550347537874, 'hidden_size': 12, 'dropout': 0.38141470507883624, 'hidden_continuous_size': 12, 'attention_head_size': 4, 'learning_rate': 0.0013889343905993117}. Best is trial 0 with value: 213.8337860107422.
LOCAL_RANK: 0 - CUDA_VISIBLE_DEVICES: [0]
[I 2023-11-29 20:08:16,010] Trial 6 finished with value: 239.75779724121094 and parameters: {'gradient_clip_val': 0.9557036022356142, 'hidden_size': 29, 'dropout': 0.32312856016562036, 'hidden_continuous_size': 25, 'attention_head_size': 2, 'learning_rate': 0.02001437454787078}. Best is trial 0 with value: 213.8337860107422.
LOCAL_RANK: 0 - CUDA_VISIBLE_DEVICES: [0]
[I 2023-11-29 20:08:29,821] Trial 7 finished with value: 207.8739013671875 and parameters: {'gradient_clip_val': 0.1431194017336362, 'hidden_size': 124, 'dropout': 0.28456756027285196, 'hidden_continuous_size': 45, 'attention_head_size': 2, 'learning_rate': 0.037872388026353565}. Best is trial 7 with value: 207.8739013671875.
LOCAL_RANK: 0 - CUDA_VISIBLE_DEVICES: [0]
[I 2023-11-29 20:08:42,845] Trial 8 finished with value: 374.4202575683594 and parameters: {'gradient_clip_val': 0.13196488993551667, 'hidden_size': 104, 'dropout': 0.2931351996033814, 'hidden_continuous_size': 10, 'attention_head_size': 2, 'learning_rate': 0.001772306770518822}. Best is trial 7 with value: 207.8739013671875.
LOCAL_RANK: 0 - CUDA_VISIBLE_DEVICES: [0]
[I 2023-11-29 20:08:55,387] Trial 9 finished with value: 502.6495666503906 and parameters: {'gradient_clip_val': 0.6858356399619696, 'hidden_size': 46, 'dropout': 0.3700582298406131, 'hidden_continuous_size': 11, 'attention_head_size': 1, 'learning_rate': 0.002138491172400099}. Best is trial 7 with value: 207.8739013671875.
LOCAL_RANK: 0 - CUDA_VISIBLE_DEVICES: [0]
[I 2023-11-29 20:09:09,729] Trial 10 finished with value: 206.5821990966797 and parameters: {'gradient_clip_val': 0.2529663295039272, 'hidden_size': 106, 'dropout': 0.2051955938050063, 'hidden_continuous_size': 74, 'attention_head_size': 4, 'learning_rate': 0.09680582315201414}. Best is trial 10 with value: 206.5821990966797.
LOCAL_RANK: 0 - CUDA_VISIBLE_DEVICES: [0]
[I 2023-11-29 20:09:23,888] Trial 11 finished with value: 186.6029052734375 and parameters: {'gradient_clip_val': 0.22455873947624683, 'hidden_size': 124, 'dropout': 0.19782331086910726, 'hidden_continuous_size': 76, 'attention_head_size': 4, 'learning_rate': 0.08556918856754982}. Best is trial 11 with value: 186.6029052734375.
LOCAL_RANK: 0 - CUDA_VISIBLE_DEVICES: [0]
[I 2023-11-29 20:09:38,724] Trial 12 finished with value: 328.7625427246094 and parameters: {'gradient_clip_val': 0.23103667473010187, 'hidden_size': 147, 'dropout': 0.1972737249639061, 'hidden_continuous_size': 103, 'attention_head_size': 4, 'learning_rate': 0.08965943740563967}. Best is trial 11 with value: 186.6029052734375.
LOCAL_RANK: 0 - CUDA_VISIBLE_DEVICES: [0]
[I 2023-11-29 20:09:53,003] Trial 13 finished with value: 229.3629150390625 and parameters: {'gradient_clip_val': 0.25087609109366155, 'hidden_size': 88, 'dropout': 0.2017701403981828, 'hidden_continuous_size': 82, 'attention_head_size': 4, 'learning_rate': 0.09875704291734766}. Best is trial 11 with value: 186.6029052734375.
LOCAL_RANK: 0 - CUDA_VISIBLE_DEVICES: [0]
[I 2023-11-29 20:10:06,845] Trial 14 finished with value: 281.6148681640625 and parameters: {'gradient_clip_val': 0.3265907485011584, 'hidden_size': 79, 'dropout': 0.20704202322502444, 'hidden_continuous_size': 57, 'attention_head_size': 3, 'learning_rate': 0.0379157715938219}. Best is trial 11 with value: 186.6029052734375.
LOCAL_RANK: 0 - CUDA_VISIBLE_DEVICES: [0]
[I 2023-11-29 20:10:21,313] Trial 15 finished with value: 259.63818359375 and parameters: {'gradient_clip_val': 0.20610299328682744, 'hidden_size': 144, 'dropout': 0.2276562277610562, 'hidden_continuous_size': 112, 'attention_head_size': 3, 'learning_rate': 0.04728468497622375}. Best is trial 11 with value: 186.6029052734375.
LOCAL_RANK: 0 - CUDA_VISIBLE_DEVICES: [0]
[I 2023-11-29 20:10:35,167] Trial 16 finished with value: 256.1598205566406 and parameters: {'gradient_clip_val': 0.3390486300109724, 'hidden_size': 75, 'dropout': 0.16414679769623058, 'hidden_continuous_size': 56, 'attention_head_size': 4, 'learning_rate': 0.024588204997458386}. Best is trial 11 with value: 186.6029052734375.
LOCAL_RANK: 0 - CUDA_VISIBLE_DEVICES: [0]
[I 2023-11-29 20:10:49,354] Trial 17 finished with value: 203.57383728027344 and parameters: {'gradient_clip_val': 0.1914670352051868, 'hidden_size': 107, 'dropout': 0.1741603888097382, 'hidden_continuous_size': 76, 'attention_head_size': 3, 'learning_rate': 0.06867747917239535}. Best is trial 11 with value: 186.6029052734375.
LOCAL_RANK: 0 - CUDA_VISIBLE_DEVICES: [0]
[I 2023-11-29 20:11:04,477] Trial 18 finished with value: 203.4867401123047 and parameters: {'gradient_clip_val': 0.18008939786409792, 'hidden_size': 150, 'dropout': 0.16306247992210954, 'hidden_continuous_size': 139, 'attention_head_size': 3, 'learning_rate': 0.06143795844287431}. Best is trial 11 with value: 186.6029052734375.
LOCAL_RANK: 0 - CUDA_VISIBLE_DEVICES: [0]
[I 2023-11-29 20:11:19,342] Trial 19 finished with value: 192.05535888671875 and parameters: {'gradient_clip_val': 0.10324367128493522, 'hidden_size': 147, 'dropout': 0.10059797370400625, 'hidden_continuous_size': 132, 'attention_head_size': 3, 'learning_rate': 0.024302105942593327}. Best is trial 11 with value: 186.6029052734375.
LOCAL_RANK: 0 - CUDA_VISIBLE_DEVICES: [0]
[I 2023-11-29 20:11:32,962] Trial 20 finished with value: 208.84356689453125 and parameters: {'gradient_clip_val': 0.10676874060525905, 'hidden_size': 66, 'dropout': 0.13538807208569043, 'hidden_continuous_size': 44, 'attention_head_size': 4, 'learning_rate': 0.025541815805146025}. Best is trial 11 with value: 186.6029052734375.
LOCAL_RANK: 0 - CUDA_VISIBLE_DEVICES: [0]
[I 2023-11-29 20:11:47,733] Trial 21 finished with value: 236.98170471191406 and parameters: {'gradient_clip_val': 0.17909103530973888, 'hidden_size': 148, 'dropout': 0.10157715122472653, 'hidden_continuous_size': 144, 'attention_head_size': 3, 'learning_rate': 0.050287853739399965}. Best is trial 11 with value: 186.6029052734375.
LOCAL_RANK: 0 - CUDA_VISIBLE_DEVICES: [0]
[I 2023-11-29 20:12:02,282] Trial 22 finished with value: 186.38294982910156 and parameters: {'gradient_clip_val': 0.10408680122093002, 'hidden_size': 117, 'dropout': 0.15561225877833876, 'hidden_continuous_size': 102, 'attention_head_size': 3, 'learning_rate': 0.033308389817656665}. Best is trial 22 with value: 186.38294982910156.
LOCAL_RANK: 0 - CUDA_VISIBLE_DEVICES: [0]
[I 2023-11-29 20:12:16,308] Trial 23 finished with value: 188.4221954345703 and parameters: {'gradient_clip_val': 0.1015629188723989, 'hidden_size': 95, 'dropout': 0.14254736732057807, 'hidden_continuous_size': 64, 'attention_head_size': 3, 'learning_rate': 0.03097383201882327}. Best is trial 22 with value: 186.38294982910156.
LOCAL_RANK: 0 - CUDA_VISIBLE_DEVICES: [0]
[I 2023-11-29 20:12:30,225] Trial 24 finished with value: 187.7581787109375 and parameters: {'gradient_clip_val': 0.10445485724714051, 'hidden_size': 89, 'dropout': 0.14935932415340222, 'hidden_continuous_size': 59, 'attention_head_size': 3, 'learning_rate': 0.03448057015822198}. Best is trial 22 with value: 186.38294982910156.
LOCAL_RANK: 0 - CUDA_VISIBLE_DEVICES: [0]
[I 2023-11-29 20:12:44,533] Trial 25 finished with value: 199.29747009277344 and parameters: {'gradient_clip_val': 0.16392254531313596, 'hidden_size': 112, 'dropout': 0.2341311820528046, 'hidden_continuous_size': 85, 'attention_head_size': 4, 'learning_rate': 0.03997586103025452}. Best is trial 22 with value: 186.38294982910156.
LOCAL_RANK: 0 - CUDA_VISIBLE_DEVICES: [0]
[I 2023-11-29 20:12:58,480] Trial 26 finished with value: 242.56300354003906 and parameters: {'gradient_clip_val': 0.11923468658469633, 'hidden_size': 87, 'dropout': 0.17819467163207092, 'hidden_continuous_size': 64, 'attention_head_size': 3, 'learning_rate': 0.06479253031237733}. Best is trial 22 with value: 186.38294982910156.
LOCAL_RANK: 0 - CUDA_VISIBLE_DEVICES: [0]
[I 2023-11-29 20:13:12,129] Trial 27 finished with value: 208.75750732421875 and parameters: {'gradient_clip_val': 0.15788225569796752, 'hidden_size': 61, 'dropout': 0.14942311803567407, 'hidden_continuous_size': 46, 'attention_head_size': 4, 'learning_rate': 0.018815041753335832}. Best is trial 22 with value: 186.38294982910156.
LOCAL_RANK: 0 - CUDA_VISIBLE_DEVICES: [0]
[I 2023-11-29 20:13:26,465] Trial 28 finished with value: 218.1501922607422 and parameters: {'gradient_clip_val': 0.11723538167754606, 'hidden_size': 121, 'dropout': 0.15108292507234056, 'hidden_continuous_size': 93, 'attention_head_size': 3, 'learning_rate': 0.03363017118372108}. Best is trial 22 with value: 186.38294982910156.
LOCAL_RANK: 0 - CUDA_VISIBLE_DEVICES: [0]
[I 2023-11-29 20:13:40,161] Trial 29 finished with value: 199.5187225341797 and parameters: {'gradient_clip_val': 0.1500950554340605, 'hidden_size': 75, 'dropout': 0.12468139761934337, 'hidden_continuous_size': 63, 'attention_head_size': 1, 'learning_rate': 0.05312298492203024}. Best is trial 22 with value: 186.38294982910156.
LOCAL_RANK: 0 - CUDA_VISIBLE_DEVICES: [0]
[I 2023-11-29 20:13:54,324] Trial 30 finished with value: 194.823486328125 and parameters: {'gradient_clip_val': 0.1210492023884462, 'hidden_size': 91, 'dropout': 0.18612306064569012, 'hidden_continuous_size': 67, 'attention_head_size': 4, 'learning_rate': 0.07342384043683765}. Best is trial 22 with value: 186.38294982910156.
LOCAL_RANK: 0 - CUDA_VISIBLE_DEVICES: [0]
[I 2023-11-29 20:14:08,681] Trial 31 finished with value: 193.9741668701172 and parameters: {'gradient_clip_val': 0.10333468618894008, 'hidden_size': 97, 'dropout': 0.14199965898942885, 'hidden_continuous_size': 74, 'attention_head_size': 3, 'learning_rate': 0.029000142391873724}. Best is trial 22 with value: 186.38294982910156.
LOCAL_RANK: 0 - CUDA_VISIBLE_DEVICES: [0]
[I 2023-11-29 20:14:23,081] Trial 32 finished with value: 199.8867950439453 and parameters: {'gradient_clip_val': 0.10862461259298384, 'hidden_size': 119, 'dropout': 0.15373773042100036, 'hidden_continuous_size': 92, 'attention_head_size': 3, 'learning_rate': 0.04579000489893007}. Best is trial 22 with value: 186.38294982910156.
LOCAL_RANK: 0 - CUDA_VISIBLE_DEVICES: [0]
[I 2023-11-29 20:14:36,870] Trial 33 finished with value: 217.29998779296875 and parameters: {'gradient_clip_val': 0.10053361217659258, 'hidden_size': 70, 'dropout': 0.13018424251762245, 'hidden_continuous_size': 56, 'attention_head_size': 3, 'learning_rate': 0.016612265215018712}. Best is trial 22 with value: 186.38294982910156.
LOCAL_RANK: 0 - CUDA_VISIBLE_DEVICES: [0]
[I 2023-11-29 20:14:50,433] Trial 34 finished with value: 240.83917236328125 and parameters: {'gradient_clip_val': 0.14010537712492355, 'hidden_size': 58, 'dropout': 0.17295389018741306, 'hidden_continuous_size': 50, 'attention_head_size': 3, 'learning_rate': 0.012386723299510549}. Best is trial 22 with value: 186.38294982910156.
LOCAL_RANK: 0 - CUDA_VISIBLE_DEVICES: [0]
[I 2023-11-29 20:15:04,345] Trial 35 finished with value: 220.36463928222656 and parameters: {'gradient_clip_val': 0.12864072830468057, 'hidden_size': 92, 'dropout': 0.13928703841075799, 'hidden_continuous_size': 69, 'attention_head_size': 2, 'learning_rate': 0.03384618966506224}. Best is trial 22 with value: 186.38294982910156.
LOCAL_RANK: 0 - CUDA_VISIBLE_DEVICES: [0]
[I 2023-11-29 20:15:18,805] Trial 36 finished with value: 210.40284729003906 and parameters: {'gradient_clip_val': 0.15699587501921156, 'hidden_size': 128, 'dropout': 0.11697869884060373, 'hidden_continuous_size': 105, 'attention_head_size': 3, 'learning_rate': 0.00915443017260529}. Best is trial 22 with value: 186.38294982910156.
LOCAL_RANK: 0 - CUDA_VISIBLE_DEVICES: [0]
[I 2023-11-29 20:15:32,915] Trial 37 finished with value: 200.1757354736328 and parameters: {'gradient_clip_val': 0.11985667402367979, 'hidden_size': 99, 'dropout': 0.18680852881909268, 'hidden_continuous_size': 75, 'attention_head_size': 2, 'learning_rate': 0.056420359786683624}. Best is trial 22 with value: 186.38294982910156.
LOCAL_RANK: 0 - CUDA_VISIBLE_DEVICES: [0]
[I 2023-11-29 20:15:46,785] Trial 38 finished with value: 242.5612335205078 and parameters: {'gradient_clip_val': 0.13696653647632953, 'hidden_size': 119, 'dropout': 0.16363877816264064, 'hidden_continuous_size': 38, 'attention_head_size': 2, 'learning_rate': 0.08058297823638434}. Best is trial 22 with value: 186.38294982910156.
LOCAL_RANK: 0 - CUDA_VISIBLE_DEVICES: [0]
[I 2023-11-29 20:16:00,765] Trial 39 finished with value: 261.2801818847656 and parameters: {'gradient_clip_val': 0.14130156630466403, 'hidden_size': 83, 'dropout': 0.11825872976382948, 'hidden_continuous_size': 61, 'attention_head_size': 4, 'learning_rate': 0.029509448567737438}. Best is trial 22 with value: 186.38294982910156.
LOCAL_RANK: 0 - CUDA_VISIBLE_DEVICES: [0]
[I 2023-11-29 20:16:14,128] Trial 40 finished with value: 195.1979522705078 and parameters: {'gradient_clip_val': 0.1003992657788905, 'hidden_size': 56, 'dropout': 0.2229805370024588, 'hidden_continuous_size': 50, 'attention_head_size': 2, 'learning_rate': 0.043044142242288294}. Best is trial 22 with value: 186.38294982910156.
LOCAL_RANK: 0 - CUDA_VISIBLE_DEVICES: [0]
[I 2023-11-29 20:16:28,697] Trial 41 finished with value: 203.5292510986328 and parameters: {'gradient_clip_val': 0.11269208393430445, 'hidden_size': 131, 'dropout': 0.10104604450056777, 'hidden_continuous_size': 120, 'attention_head_size': 3, 'learning_rate': 0.021800069254000846}. Best is trial 22 with value: 186.38294982910156.
LOCAL_RANK: 0 - CUDA_VISIBLE_DEVICES: [0]
[I 2023-11-29 20:16:42,865] Trial 42 finished with value: 220.54869079589844 and parameters: {'gradient_clip_val': 0.12947782529503835, 'hidden_size': 104, 'dropout': 0.1133299979578755, 'hidden_continuous_size': 84, 'attention_head_size': 3, 'learning_rate': 0.028101625099218056}. Best is trial 22 with value: 186.38294982910156.
LOCAL_RANK: 0 - CUDA_VISIBLE_DEVICES: [0]
[I 2023-11-29 20:16:57,345] Trial 43 finished with value: 196.97523498535156 and parameters: {'gradient_clip_val': 0.11096408690725261, 'hidden_size': 129, 'dropout': 0.13567029862979496, 'hidden_continuous_size': 95, 'attention_head_size': 3, 'learning_rate': 0.021736445678482486}. Best is trial 22 with value: 186.38294982910156.
LOCAL_RANK: 0 - CUDA_VISIBLE_DEVICES: [0]
[I 2023-11-29 20:17:11,431] Trial 44 finished with value: 184.1529083251953 and parameters: {'gradient_clip_val': 0.10081711986374035, 'hidden_size': 108, 'dropout': 0.15220865543507917, 'hidden_continuous_size': 84, 'attention_head_size': 3, 'learning_rate': 0.07686039050081912}. Best is trial 44 with value: 184.1529083251953.
LOCAL_RANK: 0 - CUDA_VISIBLE_DEVICES: [0]
[I 2023-11-29 20:17:25,424] Trial 45 finished with value: 187.16290283203125 and parameters: {'gradient_clip_val': 0.12745871765171837, 'hidden_size': 82, 'dropout': 0.15233172531040595, 'hidden_continuous_size': 70, 'attention_head_size': 2, 'learning_rate': 0.0777066220362787}. Best is trial 44 with value: 184.1529083251953.
LOCAL_RANK: 0 - CUDA_VISIBLE_DEVICES: [0]
[I 2023-11-29 20:17:39,339] Trial 46 finished with value: 194.4535369873047 and parameters: {'gradient_clip_val': 0.12593491286545433, 'hidden_size': 108, 'dropout': 0.15796642124790683, 'hidden_continuous_size': 84, 'attention_head_size': 1, 'learning_rate': 0.08135180676086366}. Best is trial 44 with value: 184.1529083251953.
LOCAL_RANK: 0 - CUDA_VISIBLE_DEVICES: [0]
[I 2023-11-29 20:17:53,369] Trial 47 finished with value: 232.450439453125 and parameters: {'gradient_clip_val': 0.13334633234362978, 'hidden_size': 82, 'dropout': 0.19095287324933552, 'hidden_continuous_size': 69, 'attention_head_size': 2, 'learning_rate': 0.06463463392785922}. Best is trial 44 with value: 184.1529083251953.
LOCAL_RANK: 0 - CUDA_VISIBLE_DEVICES: [0]
[I 2023-11-29 20:18:07,306] Trial 48 finished with value: 222.7230987548828 and parameters: {'gradient_clip_val': 0.14561313217823754, 'hidden_size': 81, 'dropout': 0.17135304948396743, 'hidden_continuous_size': 71, 'attention_head_size': 2, 'learning_rate': 0.09808945199941012}. Best is trial 44 with value: 184.1529083251953.
LOCAL_RANK: 0 - CUDA_VISIBLE_DEVICES: [0]
[I 2023-11-29 20:18:21,586] Trial 49 finished with value: 226.89173889160156 and parameters: {'gradient_clip_val': 0.11384481309435715, 'hidden_size': 110, 'dropout': 0.20742805688655697, 'hidden_continuous_size': 93, 'attention_head_size': 2, 'learning_rate': 0.07837354874637995}. Best is trial 44 with value: 184.1529083251953.
LOCAL_RANK: 0 - CUDA_VISIBLE_DEVICES: [0]
[I 2023-11-29 20:18:36,090] Trial 50 finished with value: 245.01695251464844 and parameters: {'gradient_clip_val': 0.17195587495565492, 'hidden_size': 133, 'dropout': 0.15636791380283885, 'hidden_continuous_size': 110, 'attention_head_size': 2, 'learning_rate': 0.053770894961434404}. Best is trial 44 with value: 184.1529083251953.
LOCAL_RANK: 0 - CUDA_VISIBLE_DEVICES: [0]
[I 2023-11-29 20:18:50,191] Trial 51 finished with value: 200.35304260253906 and parameters: {'gradient_clip_val': 0.11351871885848955, 'hidden_size': 97, 'dropout': 0.14412637193112718, 'hidden_continuous_size': 78, 'attention_head_size': 3, 'learning_rate': 0.04267372861275981}. Best is trial 44 with value: 184.1529083251953.
LOCAL_RANK: 0 - CUDA_VISIBLE_DEVICES: [0]
[I 2023-11-29 20:19:04,577] Trial 52 finished with value: 208.29400634765625 and parameters: {'gradient_clip_val': 0.10100199013135758, 'hidden_size': 94, 'dropout': 0.12871500249555395, 'hidden_continuous_size': 79, 'attention_head_size': 3, 'learning_rate': 0.06971218729944278}. Best is trial 44 with value: 184.1529083251953.
LOCAL_RANK: 0 - CUDA_VISIBLE_DEVICES: [0]
[I 2023-11-29 20:19:18,591] Trial 53 finished with value: 256.4361572265625 and parameters: {'gradient_clip_val': 0.12655943500716535, 'hidden_size': 73, 'dropout': 0.16716565108573248, 'hidden_continuous_size': 64, 'attention_head_size': 4, 'learning_rate': 0.06117834725432899}. Best is trial 44 with value: 184.1529083251953.
LOCAL_RANK: 0 - CUDA_VISIBLE_DEVICES: [0]
[I 2023-11-29 20:19:32,799] Trial 54 finished with value: 195.17030334472656 and parameters: {'gradient_clip_val': 0.11120990737538033, 'hidden_size': 110, 'dropout': 0.14605898928705005, 'hidden_continuous_size': 87, 'attention_head_size': 3, 'learning_rate': 0.09960589279784048}. Best is trial 44 with value: 184.1529083251953.
LOCAL_RANK: 0 - CUDA_VISIBLE_DEVICES: [0]
[I 2023-11-29 20:19:46,812] Trial 55 finished with value: 216.0122833251953 and parameters: {'gradient_clip_val': 0.14931251627594963, 'hidden_size': 87, 'dropout': 0.18260330278385445, 'hidden_continuous_size': 73, 'attention_head_size': 1, 'learning_rate': 0.04874545600819123}. Best is trial 44 with value: 184.1529083251953.
LOCAL_RANK: 0 - CUDA_VISIBLE_DEVICES: [0]
[I 2023-11-29 20:20:01,394] Trial 56 finished with value: 209.5318603515625 and parameters: {'gradient_clip_val': 0.12309296788318329, 'hidden_size': 135, 'dropout': 0.17527287698168284, 'hidden_continuous_size': 97, 'attention_head_size': 3, 'learning_rate': 0.08340892389240284}. Best is trial 44 with value: 184.1529083251953.
LOCAL_RANK: 0 - CUDA_VISIBLE_DEVICES: [0]
