[I 2023-11-30 12:38:01,466] Trial 144 finished with value: 59.02339172363281 and parameters: {'gradient_clip_val': 0.18764573336564172, 'hidden_size': 81, 'dropout': 0.30813663225421883, 'hidden_continuous_size': 12, 'attention_head_size': 3, 'learning_rate': 0.07681332770014791}. Best is trial 97 with value: 44.26650619506836.
LOCAL_RANK: 0 - CUDA_VISIBLE_DEVICES: [0]
[I 2023-11-30 12:38:14,916] Trial 145 finished with value: 58.0660400390625 and parameters: {'gradient_clip_val': 0.2983148938335941, 'hidden_size': 75, 'dropout': 0.27865353346169847, 'hidden_continuous_size': 18, 'attention_head_size': 3, 'learning_rate': 0.08064490523821163}. Best is trial 97 with value: 44.26650619506836.
LOCAL_RANK: 0 - CUDA_VISIBLE_DEVICES: [0]
[I 2023-11-30 12:38:28,584] Trial 146 finished with value: 56.34039306640625 and parameters: {'gradient_clip_val': 0.1696030365961344, 'hidden_size': 90, 'dropout': 0.2976390161905079, 'hidden_continuous_size': 22, 'attention_head_size': 3, 'learning_rate': 0.06511647222157872}. Best is trial 97 with value: 44.26650619506836.
LOCAL_RANK: 0 - CUDA_VISIBLE_DEVICES: [0]
[I 2023-11-30 12:38:42,349] Trial 147 finished with value: 60.03825378417969 and parameters: {'gradient_clip_val': 0.22825349077091125, 'hidden_size': 102, 'dropout': 0.34092151022667144, 'hidden_continuous_size': 25, 'attention_head_size': 3, 'learning_rate': 0.05414648722026422}. Best is trial 97 with value: 44.26650619506836.
LOCAL_RANK: 0 - CUDA_VISIBLE_DEVICES: [0]
[I 2023-11-30 12:38:55,684] Trial 148 finished with value: 54.36433410644531 and parameters: {'gradient_clip_val': 0.16065185071991198, 'hidden_size': 66, 'dropout': 0.31959818700219644, 'hidden_continuous_size': 17, 'attention_head_size': 3, 'learning_rate': 0.08229265318673923}. Best is trial 97 with value: 44.26650619506836.
LOCAL_RANK: 0 - CUDA_VISIBLE_DEVICES: [0]
[I 2023-11-30 12:39:09,531] Trial 149 finished with value: 45.06660079956055 and parameters: {'gradient_clip_val': 0.1960111961555353, 'hidden_size': 86, 'dropout': 0.28918029634395126, 'hidden_continuous_size': 30, 'attention_head_size': 3, 'learning_rate': 0.030164611204202205}. Best is trial 97 with value: 44.26650619506836.
[I 2023-11-30 12:39:09,640] A new study created in memory with name: no-name-f35fdc89-402f-42d3-a434-f603038ff73e
/home/le004/conda/anaconda3/envs/tsff_env/lib/python3.9/site-packages/lightning/fabric/plugins/environments/slurm.py:191: The `srun` command is available on your system but is not used. HINT: If your intention is to run Lightning on SLURM, prepend your python command with `srun` like so: srun python /home/le004/master_thesis/git/TSFusionForecast/code/ ...
LOCAL_RANK: 0 - CUDA_VISIBLE_DEVICES: [0]
[I 2023-11-30 12:39:23,039] Trial 0 finished with value: 81.17488861083984 and parameters: {'gradient_clip_val': 0.5415521326570306, 'hidden_size': 97, 'dropout': 0.33150757989793866, 'hidden_continuous_size': 10, 'attention_head_size': 3, 'learning_rate': 0.01105574633100523}. Best is trial 0 with value: 81.17488861083984.
LOCAL_RANK: 0 - CUDA_VISIBLE_DEVICES: [0]
[I 2023-11-30 12:39:35,190] Trial 1 finished with value: 89.41924285888672 and parameters: {'gradient_clip_val': 0.3662727765758041, 'hidden_size': 21, 'dropout': 0.2668838974183637, 'hidden_continuous_size': 11, 'attention_head_size': 3, 'learning_rate': 0.008217648668083118}. Best is trial 0 with value: 81.17488861083984.
LOCAL_RANK: 0 - CUDA_VISIBLE_DEVICES: [0]
[I 2023-11-30 12:39:47,846] Trial 2 finished with value: 64.00406646728516 and parameters: {'gradient_clip_val': 0.6004706841996477, 'hidden_size': 56, 'dropout': 0.131500773299466, 'hidden_continuous_size': 11, 'attention_head_size': 1, 'learning_rate': 0.012176748052992674}. Best is trial 2 with value: 64.00406646728516.
LOCAL_RANK: 0 - CUDA_VISIBLE_DEVICES: [0]
[I 2023-11-30 12:39:57,910] Trial 3 finished with value: 207.1424102783203 and parameters: {'gradient_clip_val': 0.5165764003337918, 'hidden_size': 10, 'dropout': 0.39214212898655043, 'hidden_continuous_size': 10, 'attention_head_size': 2, 'learning_rate': 0.0019014530663024368}. Best is trial 2 with value: 64.00406646728516.
LOCAL_RANK: 0 - CUDA_VISIBLE_DEVICES: [0]
[I 2023-11-30 12:40:10,836] Trial 4 finished with value: 136.80567932128906 and parameters: {'gradient_clip_val': 0.13303186581730123, 'hidden_size': 30, 'dropout': 0.24316896600192672, 'hidden_continuous_size': 18, 'attention_head_size': 4, 'learning_rate': 0.002422262189793931}. Best is trial 2 with value: 64.00406646728516.
LOCAL_RANK: 0 - CUDA_VISIBLE_DEVICES: [0]
[I 2023-11-30 12:40:24,276] Trial 5 finished with value: 68.4542236328125 and parameters: {'gradient_clip_val': 0.5657884586363796, 'hidden_size': 83, 'dropout': 0.388343937367695, 'hidden_continuous_size': 10, 'attention_head_size': 3, 'learning_rate': 0.020426184928900845}. Best is trial 2 with value: 64.00406646728516.
LOCAL_RANK: 0 - CUDA_VISIBLE_DEVICES: [0]
[I 2023-11-30 12:40:38,085] Trial 6 finished with value: 65.12053680419922 and parameters: {'gradient_clip_val': 0.11613339391375724, 'hidden_size': 81, 'dropout': 0.21920882977802364, 'hidden_continuous_size': 63, 'attention_head_size': 2, 'learning_rate': 0.0027453967816904413}. Best is trial 2 with value: 64.00406646728516.
LOCAL_RANK: 0 - CUDA_VISIBLE_DEVICES: [0]
[I 2023-11-30 12:40:50,319] Trial 7 finished with value: 133.32611083984375 and parameters: {'gradient_clip_val': 0.26895347837218436, 'hidden_size': 18, 'dropout': 0.3408509512591522, 'hidden_continuous_size': 13, 'attention_head_size': 3, 'learning_rate': 0.0051348624392977445}. Best is trial 2 with value: 64.00406646728516.
LOCAL_RANK: 0 - CUDA_VISIBLE_DEVICES: [0]
[I 2023-11-30 12:41:04,134] Trial 8 finished with value: 67.58114624023438 and parameters: {'gradient_clip_val': 0.18165885335902343, 'hidden_size': 112, 'dropout': 0.2934501359890543, 'hidden_continuous_size': 17, 'attention_head_size': 2, 'learning_rate': 0.002202477133369428}. Best is trial 2 with value: 64.00406646728516.
LOCAL_RANK: 0 - CUDA_VISIBLE_DEVICES: [0]
[I 2023-11-30 12:41:16,302] Trial 9 finished with value: 260.4959716796875 and parameters: {'gradient_clip_val': 0.46889703130559424, 'hidden_size': 13, 'dropout': 0.34721469644349745, 'hidden_continuous_size': 11, 'attention_head_size': 3, 'learning_rate': 0.001598013604433949}. Best is trial 2 with value: 64.00406646728516.
LOCAL_RANK: 0 - CUDA_VISIBLE_DEVICES: [0]
[I 2023-11-30 12:41:29,176] Trial 10 finished with value: 82.09249114990234 and parameters: {'gradient_clip_val': 0.9514805455829706, 'hidden_size': 52, 'dropout': 0.10276804599060838, 'hidden_continuous_size': 26, 'attention_head_size': 1, 'learning_rate': 0.07562781768251048}. Best is trial 2 with value: 64.00406646728516.
LOCAL_RANK: 0 - CUDA_VISIBLE_DEVICES: [0]
[I 2023-11-30 12:41:39,569] Trial 11 finished with value: 79.26605224609375 and parameters: {'gradient_clip_val': 0.10225037028822843, 'hidden_size': 54, 'dropout': 0.1651813556838726, 'hidden_continuous_size': 54, 'attention_head_size': 1, 'learning_rate': 0.004346781829427425}. Best is trial 2 with value: 64.00406646728516.
LOCAL_RANK: 0 - CUDA_VISIBLE_DEVICES: [0]
[I 2023-11-30 12:41:54,213] Trial 12 finished with value: 80.67166900634766 and parameters: {'gradient_clip_val': 0.21979738351348896, 'hidden_size': 143, 'dropout': 0.1922887425751675, 'hidden_continuous_size': 100, 'attention_head_size': 1, 'learning_rate': 0.0010477227162997425}. Best is trial 2 with value: 64.00406646728516.
LOCAL_RANK: 0 - CUDA_VISIBLE_DEVICES: [0]
[I 2023-11-30 12:42:07,659] Trial 13 finished with value: 102.08474731445312 and parameters: {'gradient_clip_val': 0.1751723558938557, 'hidden_size': 68, 'dropout': 0.11691642694997607, 'hidden_continuous_size': 30, 'attention_head_size': 2, 'learning_rate': 0.022807305464787413}. Best is trial 2 with value: 64.00406646728516.
LOCAL_RANK: 0 - CUDA_VISIBLE_DEVICES: [0]
[I 2023-11-30 12:42:20,284] Trial 14 finished with value: 117.46797943115234 and parameters: {'gradient_clip_val': 0.10068183892093743, 'hidden_size': 43, 'dropout': 0.18894481771410426, 'hidden_continuous_size': 14, 'attention_head_size': 1, 'learning_rate': 0.004046491850494992}. Best is trial 2 with value: 64.00406646728516.
LOCAL_RANK: 0 - CUDA_VISIBLE_DEVICES: [0]
[I 2023-11-30 12:42:33,843] Trial 15 finished with value: 77.6760025024414 and parameters: {'gradient_clip_val': 0.31039066331468124, 'hidden_size': 69, 'dropout': 0.14329764550977203, 'hidden_continuous_size': 36, 'attention_head_size': 2, 'learning_rate': 0.008128818903773124}. Best is trial 2 with value: 64.00406646728516.
LOCAL_RANK: 0 - CUDA_VISIBLE_DEVICES: [0]
[I 2023-11-30 12:42:46,377] Trial 16 finished with value: 78.38953399658203 and parameters: {'gradient_clip_val': 0.802909991102876, 'hidden_size': 35, 'dropout': 0.23455706429890869, 'hidden_continuous_size': 14, 'attention_head_size': 1, 'learning_rate': 0.01843985377586338}. Best is trial 2 with value: 64.00406646728516.
LOCAL_RANK: 0 - CUDA_VISIBLE_DEVICES: [0]
[I 2023-11-30 12:43:00,540] Trial 17 finished with value: 73.11466217041016 and parameters: {'gradient_clip_val': 0.4007482803983119, 'hidden_size': 129, 'dropout': 0.21115258713559004, 'hidden_continuous_size': 56, 'attention_head_size': 2, 'learning_rate': 0.0032790302627434945}. Best is trial 2 with value: 64.00406646728516.
LOCAL_RANK: 0 - CUDA_VISIBLE_DEVICES: [0]
[I 2023-11-30 12:43:14,312] Trial 18 finished with value: 61.54024124145508 and parameters: {'gradient_clip_val': 0.27134408268125676, 'hidden_size': 92, 'dropout': 0.13892333063554058, 'hidden_continuous_size': 21, 'attention_head_size': 4, 'learning_rate': 0.005931607917184426}. Best is trial 18 with value: 61.54024124145508.
LOCAL_RANK: 0 - CUDA_VISIBLE_DEVICES: [0]
[I 2023-11-30 12:43:27,996] Trial 19 finished with value: 83.67105865478516 and parameters: {'gradient_clip_val': 0.6767992915172512, 'hidden_size': 104, 'dropout': 0.14107647700073594, 'hidden_continuous_size': 20, 'attention_head_size': 4, 'learning_rate': 0.0059401418626067485}. Best is trial 18 with value: 61.54024124145508.
LOCAL_RANK: 0 - CUDA_VISIBLE_DEVICES: [0]
[I 2023-11-30 12:43:41,250] Trial 20 finished with value: 80.34416961669922 and parameters: {'gradient_clip_val': 0.2889105690899325, 'hidden_size': 55, 'dropout': 0.1595283274189869, 'hidden_continuous_size': 22, 'attention_head_size': 4, 'learning_rate': 0.01168292996353427}. Best is trial 18 with value: 61.54024124145508.
LOCAL_RANK: 0 - CUDA_VISIBLE_DEVICES: [0]
[I 2023-11-30 12:43:54,549] Trial 21 finished with value: 81.363037109375 and parameters: {'gradient_clip_val': 0.3809964972898657, 'hidden_size': 82, 'dropout': 0.1234546859855677, 'hidden_continuous_size': 15, 'attention_head_size': 2, 'learning_rate': 0.003117849840559001}. Best is trial 18 with value: 61.54024124145508.
LOCAL_RANK: 0 - CUDA_VISIBLE_DEVICES: [0]
[I 2023-11-30 12:44:08,846] Trial 22 finished with value: 69.37409210205078 and parameters: {'gradient_clip_val': 0.2419324436479364, 'hidden_size': 146, 'dropout': 0.1737573172073745, 'hidden_continuous_size': 25, 'attention_head_size': 4, 'learning_rate': 0.007210950807154266}. Best is trial 18 with value: 61.54024124145508.
LOCAL_RANK: 0 - CUDA_VISIBLE_DEVICES: [0]
[I 2023-11-30 12:44:22,351] Trial 23 finished with value: 79.80567169189453 and parameters: {'gradient_clip_val': 0.3408171259579894, 'hidden_size': 75, 'dropout': 0.13460830931973655, 'hidden_continuous_size': 18, 'attention_head_size': 1, 'learning_rate': 0.005094432729329834}. Best is trial 18 with value: 61.54024124145508.
LOCAL_RANK: 0 - CUDA_VISIBLE_DEVICES: [0]
[I 2023-11-30 12:44:36,180] Trial 24 finished with value: 75.48834991455078 and parameters: {'gradient_clip_val': 0.20296638846513354, 'hidden_size': 101, 'dropout': 0.20898477013490432, 'hidden_continuous_size': 36, 'attention_head_size': 2, 'learning_rate': 0.0036119519467657604}. Best is trial 18 with value: 61.54024124145508.
LOCAL_RANK: 0 - CUDA_VISIBLE_DEVICES: [0]
[I 2023-11-30 12:44:49,366] Trial 25 finished with value: 68.37488555908203 and parameters: {'gradient_clip_val': 0.1612409189606784, 'hidden_size': 58, 'dropout': 0.10103631868585064, 'hidden_continuous_size': 21, 'attention_head_size': 3, 'learning_rate': 0.012314604124010748}. Best is trial 18 with value: 61.54024124145508.
LOCAL_RANK: 0 - CUDA_VISIBLE_DEVICES: [0]
[I 2023-11-30 12:45:01,922] Trial 26 finished with value: 86.33158111572266 and parameters: {'gradient_clip_val': 0.2500853419933636, 'hidden_size': 45, 'dropout': 0.15617891045301005, 'hidden_continuous_size': 13, 'attention_head_size': 1, 'learning_rate': 0.006610042617522881}. Best is trial 18 with value: 61.54024124145508.
LOCAL_RANK: 0 - CUDA_VISIBLE_DEVICES: [0]
[I 2023-11-30 12:45:15,538] Trial 27 finished with value: 87.56453704833984 and parameters: {'gradient_clip_val': 0.3066955554704998, 'hidden_size': 89, 'dropout': 0.17915419232302485, 'hidden_continuous_size': 15, 'attention_head_size': 4, 'learning_rate': 0.002561302294296392}. Best is trial 18 with value: 61.54024124145508.
LOCAL_RANK: 0 - CUDA_VISIBLE_DEVICES: [0]
[I 2023-11-30 12:45:29,698] Trial 28 finished with value: 119.15941619873047 and parameters: {'gradient_clip_val': 0.4353239440910028, 'hidden_size': 119, 'dropout': 0.12898311633435736, 'hidden_continuous_size': 48, 'attention_head_size': 2, 'learning_rate': 0.0014611827342457862}. Best is trial 18 with value: 61.54024124145508.
LOCAL_RANK: 0 - CUDA_VISIBLE_DEVICES: [0]
[I 2023-11-30 12:45:43,218] Trial 29 finished with value: 92.88899993896484 and parameters: {'gradient_clip_val': 0.6166615098843482, 'hidden_size': 90, 'dropout': 0.15819225234043338, 'hidden_continuous_size': 12, 'attention_head_size': 3, 'learning_rate': 0.01059208456002175}. Best is trial 18 with value: 61.54024124145508.
LOCAL_RANK: 0 - CUDA_VISIBLE_DEVICES: [0]
[I 2023-11-30 12:45:56,312] Trial 30 finished with value: 85.76800537109375 and parameters: {'gradient_clip_val': 0.4636308697857455, 'hidden_size': 66, 'dropout': 0.20985144251431054, 'hidden_continuous_size': 17, 'attention_head_size': 1, 'learning_rate': 0.004649826510744174}. Best is trial 18 with value: 61.54024124145508.
LOCAL_RANK: 0 - CUDA_VISIBLE_DEVICES: [0]
[I 2023-11-30 12:46:10,054] Trial 31 finished with value: 76.24776458740234 and parameters: {'gradient_clip_val': 0.1369298647491253, 'hidden_size': 110, 'dropout': 0.2803716753154122, 'hidden_continuous_size': 16, 'attention_head_size': 2, 'learning_rate': 0.002400771655783683}. Best is trial 18 with value: 61.54024124145508.
LOCAL_RANK: 0 - CUDA_VISIBLE_DEVICES: [0]
[I 2023-11-30 12:46:23,441] Trial 32 finished with value: 97.9720687866211 and parameters: {'gradient_clip_val': 0.19624506424413926, 'hidden_size': 100, 'dropout': 0.2869234714822365, 'hidden_continuous_size': 12, 'attention_head_size': 2, 'learning_rate': 0.003040193489807835}. Best is trial 18 with value: 61.54024124145508.
LOCAL_RANK: 0 - CUDA_VISIBLE_DEVICES: [0]
[I 2023-11-30 12:46:36,917] Trial 33 finished with value: 66.95088958740234 and parameters: {'gradient_clip_val': 0.23625622245722516, 'hidden_size': 124, 'dropout': 0.26093609949950886, 'hidden_continuous_size': 10, 'attention_head_size': 2, 'learning_rate': 0.0020007919973140083}. Best is trial 18 with value: 61.54024124145508.
LOCAL_RANK: 0 - CUDA_VISIBLE_DEVICES: [0]
[I 2023-11-30 12:46:50,785] Trial 34 finished with value: 83.75799560546875 and parameters: {'gradient_clip_val': 0.22241215758542288, 'hidden_size': 126, 'dropout': 0.2517421903971033, 'hidden_continuous_size': 10, 'attention_head_size': 3, 'learning_rate': 0.0017620269921767985}. Best is trial 18 with value: 61.54024124145508.
LOCAL_RANK: 0 - CUDA_VISIBLE_DEVICES: [0]
[I 2023-11-30 12:47:03,897] Trial 35 finished with value: 133.07603454589844 and parameters: {'gradient_clip_val': 0.3330070434270719, 'hidden_size': 76, 'dropout': 0.2216987569475006, 'hidden_continuous_size': 11, 'attention_head_size': 2, 'learning_rate': 0.00126410653802872}. Best is trial 18 with value: 61.54024124145508.
LOCAL_RANK: 0 - CUDA_VISIBLE_DEVICES: [0]
[I 2023-11-30 12:47:17,206] Trial 36 finished with value: 99.78328704833984 and parameters: {'gradient_clip_val': 0.2617713764917569, 'hidden_size': 90, 'dropout': 0.2567557990041143, 'hidden_continuous_size': 10, 'attention_head_size': 3, 'learning_rate': 0.0020124263448099648}. Best is trial 18 with value: 61.54024124145508.
LOCAL_RANK: 0 - CUDA_VISIBLE_DEVICES: [0]
[I 2023-11-30 12:47:30,394] Trial 37 finished with value: 96.88800048828125 and parameters: {'gradient_clip_val': 0.37957245153773833, 'hidden_size': 65, 'dropout': 0.22858488944801986, 'hidden_continuous_size': 12, 'attention_head_size': 3, 'learning_rate': 0.002573988424045627}. Best is trial 18 with value: 61.54024124145508.
LOCAL_RANK: 0 - CUDA_VISIBLE_DEVICES: [0]
[I 2023-11-30 12:47:43,779] Trial 38 finished with value: 88.69668579101562 and parameters: {'gradient_clip_val': 0.5248281252018765, 'hidden_size': 80, 'dropout': 0.26525681616614166, 'hidden_continuous_size': 19, 'attention_head_size': 2, 'learning_rate': 0.0017605531091829346}. Best is trial 18 with value: 61.54024124145508.
LOCAL_RANK: 0 - CUDA_VISIBLE_DEVICES: [0]
[I 2023-11-30 12:47:57,456] Trial 39 finished with value: 72.57699584960938 and parameters: {'gradient_clip_val': 0.269072679909183, 'hidden_size': 97, 'dropout': 0.30588380868789333, 'hidden_continuous_size': 10, 'attention_head_size': 4, 'learning_rate': 0.006115833247175925}. Best is trial 18 with value: 61.54024124145508.
LOCAL_RANK: 0 - CUDA_VISIBLE_DEVICES: [0]
[I 2023-11-30 12:48:11,097] Trial 40 finished with value: 119.85604095458984 and parameters: {'gradient_clip_val': 0.15642234394846152, 'hidden_size': 116, 'dropout': 0.25006130377398217, 'hidden_continuous_size': 16, 'attention_head_size': 1, 'learning_rate': 0.0010152777734545983}. Best is trial 18 with value: 61.54024124145508.
LOCAL_RANK: 0 - CUDA_VISIBLE_DEVICES: [0]
[I 2023-11-30 12:48:24,728] Trial 41 finished with value: 129.1659393310547 and parameters: {'gradient_clip_val': 0.11912879458883577, 'hidden_size': 111, 'dropout': 0.302307575390157, 'hidden_continuous_size': 13, 'attention_head_size': 2, 'learning_rate': 0.0019969990622734175}. Best is trial 18 with value: 61.54024124145508.
LOCAL_RANK: 0 - CUDA_VISIBLE_DEVICES: [0]
[I 2023-11-30 12:48:38,850] Trial 42 finished with value: 77.54187774658203 and parameters: {'gradient_clip_val': 0.23082352121761535, 'hidden_size': 148, 'dropout': 0.2388700160571971, 'hidden_continuous_size': 18, 'attention_head_size': 2, 'learning_rate': 0.0013877570901559108}. Best is trial 18 with value: 61.54024124145508.
LOCAL_RANK: 0 - CUDA_VISIBLE_DEVICES: [0]
[I 2023-11-30 12:48:52,712] Trial 43 finished with value: 102.05684661865234 and parameters: {'gradient_clip_val': 0.2712571039421249, 'hidden_size': 129, 'dropout': 0.11375590296568003, 'hidden_continuous_size': 11, 'attention_head_size': 2, 'learning_rate': 0.002684510264218123}. Best is trial 18 with value: 61.54024124145508.
LOCAL_RANK: 0 - CUDA_VISIBLE_DEVICES: [0]
[I 2023-11-30 12:49:06,342] Trial 44 finished with value: 106.68868255615234 and parameters: {'gradient_clip_val': 0.18833754525796437, 'hidden_size': 89, 'dropout': 0.193606614671908, 'hidden_continuous_size': 23, 'attention_head_size': 2, 'learning_rate': 0.003874712743829004}. Best is trial 18 with value: 61.54024124145508.
LOCAL_RANK: 0 - CUDA_VISIBLE_DEVICES: [0]
[I 2023-11-30 12:49:19,653] Trial 45 finished with value: 113.01873779296875 and parameters: {'gradient_clip_val': 0.21947944261440655, 'hidden_size': 74, 'dropout': 0.1506559279168261, 'hidden_continuous_size': 20, 'attention_head_size': 1, 'learning_rate': 0.0021940949276747427}. Best is trial 18 with value: 61.54024124145508.
LOCAL_RANK: 0 - CUDA_VISIBLE_DEVICES: [0]
[I 2023-11-30 12:49:32,953] Trial 46 finished with value: 84.27518463134766 and parameters: {'gradient_clip_val': 0.15698438148308633, 'hidden_size': 62, 'dropout': 0.13190089498906377, 'hidden_continuous_size': 23, 'attention_head_size': 3, 'learning_rate': 0.004182495459995024}. Best is trial 18 with value: 61.54024124145508.
LOCAL_RANK: 0 - CUDA_VISIBLE_DEVICES: [0]
[I 2023-11-30 12:49:46,658] Trial 47 finished with value: 83.47444915771484 and parameters: {'gradient_clip_val': 0.18587484193923648, 'hidden_size': 109, 'dropout': 0.2683853043650101, 'hidden_continuous_size': 14, 'attention_head_size': 3, 'learning_rate': 0.00891496038695514}. Best is trial 18 with value: 61.54024124145508.
LOCAL_RANK: 0 - CUDA_VISIBLE_DEVICES: [0]
[I 2023-11-30 12:50:00,418] Trial 48 finished with value: 86.6039047241211 and parameters: {'gradient_clip_val': 0.2985511318738109, 'hidden_size': 132, 'dropout': 0.1122560172327444, 'hidden_continuous_size': 17, 'attention_head_size': 1, 'learning_rate': 0.003377077728053751}. Best is trial 18 with value: 61.54024124145508.
LOCAL_RANK: 0 - CUDA_VISIBLE_DEVICES: [0]
[I 2023-11-30 12:50:13,268] Trial 49 finished with value: 161.3437042236328 and parameters: {'gradient_clip_val': 0.11639135948008528, 'hidden_size': 48, 'dropout': 0.14399995073263633, 'hidden_continuous_size': 11, 'attention_head_size': 2, 'learning_rate': 0.0016229436673187313}. Best is trial 18 with value: 61.54024124145508.
LOCAL_RANK: 0 - CUDA_VISIBLE_DEVICES: [0]
[I 2023-11-30 12:50:26,616] Trial 50 finished with value: 95.3975830078125 and parameters: {'gradient_clip_val': 0.17222473476658876, 'hidden_size': 59, 'dropout': 0.16551055929854272, 'hidden_continuous_size': 26, 'attention_head_size': 2, 'learning_rate': 0.002115864814479436}. Best is trial 18 with value: 61.54024124145508.
LOCAL_RANK: 0 - CUDA_VISIBLE_DEVICES: [0]
[I 2023-11-30 12:50:40,018] Trial 51 finished with value: 64.39470672607422 and parameters: {'gradient_clip_val': 0.14739409127490463, 'hidden_size': 57, 'dropout': 0.11753402459391352, 'hidden_continuous_size': 21, 'attention_head_size': 3, 'learning_rate': 0.013147710413122524}. Best is trial 18 with value: 61.54024124145508.
LOCAL_RANK: 0 - CUDA_VISIBLE_DEVICES: [0]
