[I 2023-11-30 01:52:50,175] Trial 72 finished with value: 303.0390625 and parameters: {'gradient_clip_val': 0.12152573919235282, 'hidden_size': 43, 'dropout': 0.36915094222605155, 'hidden_continuous_size': 20, 'attention_head_size': 2, 'learning_rate': 0.007428015949968493}. Best is trial 17 with value: 212.3778839111328.
LOCAL_RANK: 0 - CUDA_VISIBLE_DEVICES: [0]
[I 2023-11-30 01:53:02,799] Trial 73 finished with value: 239.672119140625 and parameters: {'gradient_clip_val': 0.10559254409260535, 'hidden_size': 38, 'dropout': 0.31726298187822505, 'hidden_continuous_size': 18, 'attention_head_size': 1, 'learning_rate': 0.00539125512836072}. Best is trial 17 with value: 212.3778839111328.
LOCAL_RANK: 0 - CUDA_VISIBLE_DEVICES: [0]
[I 2023-11-30 01:53:15,458] Trial 74 finished with value: 323.9126892089844 and parameters: {'gradient_clip_val': 0.10490941166943657, 'hidden_size': 39, 'dropout': 0.3150235065569996, 'hidden_continuous_size': 18, 'attention_head_size': 2, 'learning_rate': 0.00452524777825558}. Best is trial 17 with value: 212.3778839111328.
LOCAL_RANK: 0 - CUDA_VISIBLE_DEVICES: [0]
[I 2023-11-30 01:53:28,664] Trial 75 finished with value: 259.5132751464844 and parameters: {'gradient_clip_val': 0.12859770052096156, 'hidden_size': 51, 'dropout': 0.3548270625819065, 'hidden_continuous_size': 17, 'attention_head_size': 3, 'learning_rate': 0.005387792318031889}. Best is trial 17 with value: 212.3778839111328.
LOCAL_RANK: 0 - CUDA_VISIBLE_DEVICES: [0]
[I 2023-11-30 01:53:41,295] Trial 76 finished with value: 299.3426513671875 and parameters: {'gradient_clip_val': 0.10699442501133957, 'hidden_size': 36, 'dropout': 0.33397204713003703, 'hidden_continuous_size': 20, 'attention_head_size': 2, 'learning_rate': 0.003772069942392982}. Best is trial 17 with value: 212.3778839111328.
LOCAL_RANK: 0 - CUDA_VISIBLE_DEVICES: [0]
[I 2023-11-30 01:53:54,453] Trial 77 finished with value: 251.2593994140625 and parameters: {'gradient_clip_val': 0.10015709441992929, 'hidden_size': 62, 'dropout': 0.34494332535362204, 'hidden_continuous_size': 26, 'attention_head_size': 1, 'learning_rate': 0.004840611154574861}. Best is trial 17 with value: 212.3778839111328.
LOCAL_RANK: 0 - CUDA_VISIBLE_DEVICES: [0]
[I 2023-11-30 01:54:07,070] Trial 78 finished with value: 381.419677734375 and parameters: {'gradient_clip_val': 0.1155594946231657, 'hidden_size': 43, 'dropout': 0.3262666115529072, 'hidden_continuous_size': 21, 'attention_head_size': 2, 'learning_rate': 0.003207630182832424}. Best is trial 17 with value: 212.3778839111328.
LOCAL_RANK: 0 - CUDA_VISIBLE_DEVICES: [0]
[I 2023-11-30 01:54:20,061] Trial 79 finished with value: 298.8912353515625 and parameters: {'gradient_clip_val': 0.13124385104891886, 'hidden_size': 54, 'dropout': 0.35565032706857447, 'hidden_continuous_size': 24, 'attention_head_size': 1, 'learning_rate': 0.005929391135836965}. Best is trial 17 with value: 212.3778839111328.
LOCAL_RANK: 0 - CUDA_VISIBLE_DEVICES: [0]
[I 2023-11-30 01:54:33,099] Trial 80 finished with value: 311.0641784667969 and parameters: {'gradient_clip_val': 0.14138891048689667, 'hidden_size': 47, 'dropout': 0.3778265450910632, 'hidden_continuous_size': 16, 'attention_head_size': 4, 'learning_rate': 0.008346369699483165}. Best is trial 17 with value: 212.3778839111328.
LOCAL_RANK: 0 - CUDA_VISIBLE_DEVICES: [0]
[I 2023-11-30 01:54:45,648] Trial 81 finished with value: 283.4367980957031 and parameters: {'gradient_clip_val': 0.11563981133364043, 'hidden_size': 40, 'dropout': 0.29682540359296816, 'hidden_continuous_size': 19, 'attention_head_size': 1, 'learning_rate': 0.006695997081089007}. Best is trial 17 with value: 212.3778839111328.
LOCAL_RANK: 0 - CUDA_VISIBLE_DEVICES: [0]
[I 2023-11-30 01:54:57,902] Trial 82 finished with value: 290.9654235839844 and parameters: {'gradient_clip_val': 0.12248351606297675, 'hidden_size': 28, 'dropout': 0.30218475813491236, 'hidden_continuous_size': 18, 'attention_head_size': 1, 'learning_rate': 0.009508409324386473}. Best is trial 17 with value: 212.3778839111328.
LOCAL_RANK: 0 - CUDA_VISIBLE_DEVICES: [0]
[I 2023-11-30 01:55:10,479] Trial 83 finished with value: 333.7037048339844 and parameters: {'gradient_clip_val': 0.11034373263606122, 'hidden_size': 33, 'dropout': 0.31742439497319247, 'hidden_continuous_size': 19, 'attention_head_size': 1, 'learning_rate': 0.004991502365423419}. Best is trial 17 with value: 212.3778839111328.
LOCAL_RANK: 0 - CUDA_VISIBLE_DEVICES: [0]
[I 2023-11-30 01:55:22,962] Trial 84 finished with value: 318.37298583984375 and parameters: {'gradient_clip_val': 0.111374842034233, 'hidden_size': 36, 'dropout': 0.3636572861646107, 'hidden_continuous_size': 20, 'attention_head_size': 1, 'learning_rate': 0.004190867122406126}. Best is trial 17 with value: 212.3778839111328.
LOCAL_RANK: 0 - CUDA_VISIBLE_DEVICES: [0]
[I 2023-11-30 01:55:35,737] Trial 85 finished with value: 375.5774841308594 and parameters: {'gradient_clip_val': 0.15188762002883152, 'hidden_size': 31, 'dropout': 0.39513733499982934, 'hidden_continuous_size': 18, 'attention_head_size': 2, 'learning_rate': 0.005988568054139769}. Best is trial 17 with value: 212.3778839111328.
LOCAL_RANK: 0 - CUDA_VISIBLE_DEVICES: [0]
[I 2023-11-30 01:55:48,304] Trial 86 finished with value: 280.304443359375 and parameters: {'gradient_clip_val': 0.10506407610415591, 'hidden_size': 38, 'dropout': 0.370700226413741, 'hidden_continuous_size': 22, 'attention_head_size': 1, 'learning_rate': 0.007752556910591633}. Best is trial 17 with value: 212.3778839111328.
LOCAL_RANK: 0 - CUDA_VISIBLE_DEVICES: [0]
[I 2023-11-30 01:56:01,559] Trial 87 finished with value: 236.0909423828125 and parameters: {'gradient_clip_val': 0.13923034328985096, 'hidden_size': 72, 'dropout': 0.3388564865429635, 'hidden_continuous_size': 16, 'attention_head_size': 3, 'learning_rate': 0.00551142374139851}. Best is trial 17 with value: 212.3778839111328.
LOCAL_RANK: 0 - CUDA_VISIBLE_DEVICES: [0]
[I 2023-11-30 01:56:14,984] Trial 88 finished with value: 321.273681640625 and parameters: {'gradient_clip_val': 0.1393781947139818, 'hidden_size': 75, 'dropout': 0.33947321149084764, 'hidden_continuous_size': 15, 'attention_head_size': 3, 'learning_rate': 0.005283784464571585}. Best is trial 17 with value: 212.3778839111328.
LOCAL_RANK: 0 - CUDA_VISIBLE_DEVICES: [0]
[I 2023-11-30 01:56:28,106] Trial 89 finished with value: 321.9724426269531 and parameters: {'gradient_clip_val': 0.16490067330571626, 'hidden_size': 66, 'dropout': 0.3505964609229161, 'hidden_continuous_size': 15, 'attention_head_size': 3, 'learning_rate': 0.004590158484913886}. Best is trial 17 with value: 212.3778839111328.
LOCAL_RANK: 0 - CUDA_VISIBLE_DEVICES: [0]
[I 2023-11-30 01:56:41,438] Trial 90 finished with value: 307.5685119628906 and parameters: {'gradient_clip_val': 0.12933164940552616, 'hidden_size': 57, 'dropout': 0.36111205643701555, 'hidden_continuous_size': 23, 'attention_head_size': 3, 'learning_rate': 0.003796300402718969}. Best is trial 17 with value: 212.3778839111328.
LOCAL_RANK: 0 - CUDA_VISIBLE_DEVICES: [0]
[I 2023-11-30 01:56:54,585] Trial 91 finished with value: 284.8668518066406 and parameters: {'gradient_clip_val': 0.11875143218759163, 'hidden_size': 72, 'dropout': 0.3269612760092786, 'hidden_continuous_size': 16, 'attention_head_size': 3, 'learning_rate': 0.006834760996517311}. Best is trial 17 with value: 212.3778839111328.
LOCAL_RANK: 0 - CUDA_VISIBLE_DEVICES: [0]
[I 2023-11-30 01:57:07,998] Trial 92 finished with value: 279.90460205078125 and parameters: {'gradient_clip_val': 0.1854568332207517, 'hidden_size': 69, 'dropout': 0.30788177570052944, 'hidden_continuous_size': 27, 'attention_head_size': 2, 'learning_rate': 0.005809896350910713}. Best is trial 17 with value: 212.3778839111328.
LOCAL_RANK: 0 - CUDA_VISIBLE_DEVICES: [0]
[I 2023-11-30 01:57:21,083] Trial 93 finished with value: 273.572509765625 and parameters: {'gradient_clip_val': 0.14572559620115788, 'hidden_size': 50, 'dropout': 0.3803650584637712, 'hidden_continuous_size': 17, 'attention_head_size': 3, 'learning_rate': 0.008630878260291937}. Best is trial 17 with value: 212.3778839111328.
LOCAL_RANK: 0 - CUDA_VISIBLE_DEVICES: [0]
[I 2023-11-30 01:57:33,984] Trial 94 finished with value: 269.2462463378906 and parameters: {'gradient_clip_val': 0.12361313701261228, 'hidden_size': 45, 'dropout': 0.33583494931837365, 'hidden_continuous_size': 22, 'attention_head_size': 2, 'learning_rate': 0.00756568899677688}. Best is trial 17 with value: 212.3778839111328.
LOCAL_RANK: 0 - CUDA_VISIBLE_DEVICES: [0]
[I 2023-11-30 01:57:47,374] Trial 95 finished with value: 265.9405212402344 and parameters: {'gradient_clip_val': 0.13482641795272174, 'hidden_size': 59, 'dropout': 0.31967688110430026, 'hidden_continuous_size': 25, 'attention_head_size': 2, 'learning_rate': 0.006266773166409231}. Best is trial 17 with value: 212.3778839111328.
LOCAL_RANK: 0 - CUDA_VISIBLE_DEVICES: [0]
[I 2023-11-30 01:57:59,928] Trial 96 finished with value: 423.3365173339844 and parameters: {'gradient_clip_val': 0.15750432047194055, 'hidden_size': 35, 'dropout': 0.3475272804921299, 'hidden_continuous_size': 19, 'attention_head_size': 1, 'learning_rate': 0.004369429957256373}. Best is trial 17 with value: 212.3778839111328.
LOCAL_RANK: 0 - CUDA_VISIBLE_DEVICES: [0]
[I 2023-11-30 01:58:13,111] Trial 97 finished with value: 282.0146484375 and parameters: {'gradient_clip_val': 0.11697015455879556, 'hidden_size': 61, 'dropout': 0.35781250794198394, 'hidden_continuous_size': 21, 'attention_head_size': 3, 'learning_rate': 0.00506785062404928}. Best is trial 17 with value: 212.3778839111328.
LOCAL_RANK: 0 - CUDA_VISIBLE_DEVICES: [0]
[I 2023-11-30 01:58:26,011] Trial 98 finished with value: 312.1236572265625 and parameters: {'gradient_clip_val': 0.11180512264751848, 'hidden_size': 52, 'dropout': 0.39164583046627166, 'hidden_continuous_size': 29, 'attention_head_size': 2, 'learning_rate': 0.005639026847115271}. Best is trial 17 with value: 212.3778839111328.
LOCAL_RANK: 0 - CUDA_VISIBLE_DEVICES: [0]
[I 2023-11-30 01:58:38,919] Trial 99 finished with value: 261.23919677734375 and parameters: {'gradient_clip_val': 0.10463438453727275, 'hidden_size': 42, 'dropout': 0.29098098006987994, 'hidden_continuous_size': 20, 'attention_head_size': 4, 'learning_rate': 0.009993453606469232}. Best is trial 17 with value: 212.3778839111328.
LOCAL_RANK: 0 - CUDA_VISIBLE_DEVICES: [0]
[I 2023-11-30 01:58:52,641] Trial 100 finished with value: 303.7474060058594 and parameters: {'gradient_clip_val': 0.12786163828163305, 'hidden_size': 97, 'dropout': 0.3676366484057327, 'hidden_continuous_size': 17, 'attention_head_size': 3, 'learning_rate': 0.006640056992676419}. Best is trial 17 with value: 212.3778839111328.
LOCAL_RANK: 0 - CUDA_VISIBLE_DEVICES: [0]
[I 2023-11-30 01:59:05,347] Trial 101 finished with value: 272.3432922363281 and parameters: {'gradient_clip_val': 0.1064673923592978, 'hidden_size': 39, 'dropout': 0.35137940901437253, 'hidden_continuous_size': 21, 'attention_head_size': 2, 'learning_rate': 0.007339577950796587}. Best is trial 17 with value: 212.3778839111328.
LOCAL_RANK: 0 - CUDA_VISIBLE_DEVICES: [0]
[I 2023-11-30 01:59:18,161] Trial 102 finished with value: 287.4754638671875 and parameters: {'gradient_clip_val': 0.12093573983188452, 'hidden_size': 48, 'dropout': 0.3423671418019741, 'hidden_continuous_size': 21, 'attention_head_size': 2, 'learning_rate': 0.007916297477275595}. Best is trial 17 with value: 212.3778839111328.
LOCAL_RANK: 0 - CUDA_VISIBLE_DEVICES: [0]
[I 2023-11-30 01:59:30,765] Trial 103 finished with value: 295.0872497558594 and parameters: {'gradient_clip_val': 0.10317177387954883, 'hidden_size': 40, 'dropout': 0.3756906420060598, 'hidden_continuous_size': 18, 'attention_head_size': 2, 'learning_rate': 0.008892312766710006}. Best is trial 17 with value: 212.3778839111328.
LOCAL_RANK: 0 - CUDA_VISIBLE_DEVICES: [0]
[I 2023-11-30 01:59:43,465] Trial 104 finished with value: 271.8460693359375 and parameters: {'gradient_clip_val': 0.112397405413599, 'hidden_size': 44, 'dropout': 0.33013571543509906, 'hidden_continuous_size': 22, 'attention_head_size': 2, 'learning_rate': 0.007295292777708689}. Best is trial 17 with value: 212.3778839111328.
LOCAL_RANK: 0 - CUDA_VISIBLE_DEVICES: [0]
[I 2023-11-30 01:59:56,370] Trial 105 finished with value: 300.1814270019531 and parameters: {'gradient_clip_val': 0.10011963960717923, 'hidden_size': 37, 'dropout': 0.38630264724888763, 'hidden_continuous_size': 20, 'attention_head_size': 2, 'learning_rate': 0.005617727518058196}. Best is trial 17 with value: 212.3778839111328.
LOCAL_RANK: 0 - CUDA_VISIBLE_DEVICES: [0]
[I 2023-11-30 02:00:09,189] Trial 106 finished with value: 302.2435607910156 and parameters: {'gradient_clip_val': 0.15066389759055204, 'hidden_size': 41, 'dropout': 0.31180088401446643, 'hidden_continuous_size': 19, 'attention_head_size': 2, 'learning_rate': 0.005052752432700367}. Best is trial 17 with value: 212.3778839111328.
LOCAL_RANK: 0 - CUDA_VISIBLE_DEVICES: [0]
[I 2023-11-30 02:00:21,483] Trial 107 finished with value: 311.1626892089844 and parameters: {'gradient_clip_val': 0.1363399405230438, 'hidden_size': 32, 'dropout': 0.3696121169464778, 'hidden_continuous_size': 21, 'attention_head_size': 1, 'learning_rate': 0.004155227168399916}. Best is trial 17 with value: 212.3778839111328.
LOCAL_RANK: 0 - CUDA_VISIBLE_DEVICES: [0]
[I 2023-11-30 02:00:34,490] Trial 108 finished with value: 268.4513854980469 and parameters: {'gradient_clip_val': 0.10983025982551717, 'hidden_size': 56, 'dropout': 0.3024879822534972, 'hidden_continuous_size': 24, 'attention_head_size': 2, 'learning_rate': 0.006445619336780558}. Best is trial 17 with value: 212.3778839111328.
LOCAL_RANK: 0 - CUDA_VISIBLE_DEVICES: [0]
[I 2023-11-30 02:00:47,681] Trial 109 finished with value: 264.0732116699219 and parameters: {'gradient_clip_val': 0.12774853132656624, 'hidden_size': 49, 'dropout': 0.346642113787502, 'hidden_continuous_size': 34, 'attention_head_size': 2, 'learning_rate': 0.0035590396224162973}. Best is trial 17 with value: 212.3778839111328.
LOCAL_RANK: 0 - CUDA_VISIBLE_DEVICES: [0]
[I 2023-11-30 02:01:00,298] Trial 110 finished with value: 354.2076110839844 and parameters: {'gradient_clip_val': 0.1179524506853176, 'hidden_size': 34, 'dropout': 0.3595931322927631, 'hidden_continuous_size': 12, 'attention_head_size': 1, 'learning_rate': 0.0046594101667865135}. Best is trial 17 with value: 212.3778839111328.
LOCAL_RANK: 0 - CUDA_VISIBLE_DEVICES: [0]
[I 2023-11-30 02:01:13,789] Trial 111 finished with value: 267.13671875 and parameters: {'gradient_clip_val': 0.14268444567540894, 'hidden_size': 65, 'dropout': 0.35367010024491513, 'hidden_continuous_size': 28, 'attention_head_size': 3, 'learning_rate': 0.004001563376095911}. Best is trial 17 with value: 212.3778839111328.
LOCAL_RANK: 0 - CUDA_VISIBLE_DEVICES: [0]
[I 2023-11-30 02:01:27,028] Trial 112 finished with value: 365.7730712890625 and parameters: {'gradient_clip_val': 0.14870025558219965, 'hidden_size': 58, 'dropout': 0.3387665198139882, 'hidden_continuous_size': 23, 'attention_head_size': 3, 'learning_rate': 0.0031238426261713144}. Best is trial 17 with value: 212.3778839111328.
LOCAL_RANK: 0 - CUDA_VISIBLE_DEVICES: [0]
[I 2023-11-30 02:01:40,305] Trial 113 finished with value: 281.74700927734375 and parameters: {'gradient_clip_val': 0.17088019088133963, 'hidden_size': 53, 'dropout': 0.37405695784583076, 'hidden_continuous_size': 31, 'attention_head_size': 3, 'learning_rate': 0.006033187040648853}. Best is trial 17 with value: 212.3778839111328.
LOCAL_RANK: 0 - CUDA_VISIBLE_DEVICES: [0]
[I 2023-11-30 02:01:53,604] Trial 114 finished with value: 248.53466796875 and parameters: {'gradient_clip_val': 0.10663910663891454, 'hidden_size': 61, 'dropout': 0.3625716934142064, 'hidden_continuous_size': 25, 'attention_head_size': 3, 'learning_rate': 0.0035318425172211447}. Best is trial 17 with value: 212.3778839111328.
LOCAL_RANK: 0 - CUDA_VISIBLE_DEVICES: [0]
[I 2023-11-30 02:02:06,850] Trial 115 finished with value: 297.99481201171875 and parameters: {'gradient_clip_val': 0.10749302160355359, 'hidden_size': 46, 'dropout': 0.36488008988349907, 'hidden_continuous_size': 26, 'attention_head_size': 3, 'learning_rate': 0.0035599861355642263}. Best is trial 17 with value: 212.3778839111328.
LOCAL_RANK: 0 - CUDA_VISIBLE_DEVICES: [0]
[I 2023-11-30 02:02:20,346] Trial 116 finished with value: 260.3800354003906 and parameters: {'gradient_clip_val': 0.11511620202793091, 'hidden_size': 62, 'dropout': 0.3244644355806044, 'hidden_continuous_size': 24, 'attention_head_size': 3, 'learning_rate': 0.008317090973602633}. Best is trial 17 with value: 212.3778839111328.
LOCAL_RANK: 0 - CUDA_VISIBLE_DEVICES: [0]
[I 2023-11-30 02:02:33,842] Trial 117 finished with value: 223.615966796875 and parameters: {'gradient_clip_val': 0.12312393442431764, 'hidden_size': 74, 'dropout': 0.3805539933520158, 'hidden_continuous_size': 25, 'attention_head_size': 2, 'learning_rate': 0.0026429163944570334}. Best is trial 17 with value: 212.3778839111328.
LOCAL_RANK: 0 - CUDA_VISIBLE_DEVICES: [0]
[I 2023-11-30 02:02:47,289] Trial 118 finished with value: 261.35052490234375 and parameters: {'gradient_clip_val': 0.1218488937845473, 'hidden_size': 75, 'dropout': 0.3995281538412094, 'hidden_continuous_size': 23, 'attention_head_size': 2, 'learning_rate': 0.0023627576042990726}. Best is trial 17 with value: 212.3778839111328.
LOCAL_RANK: 0 - CUDA_VISIBLE_DEVICES: [0]
[I 2023-11-30 02:03:00,956] Trial 119 finished with value: 277.3593444824219 and parameters: {'gradient_clip_val': 0.13178478565446874, 'hidden_size': 86, 'dropout': 0.38227685044341714, 'hidden_continuous_size': 27, 'attention_head_size': 2, 'learning_rate': 0.0026769703880963154}. Best is trial 17 with value: 212.3778839111328.
LOCAL_RANK: 0 - CUDA_VISIBLE_DEVICES: [0]
[I 2023-11-30 02:03:14,735] Trial 120 finished with value: 265.4648132324219 and parameters: {'gradient_clip_val': 0.12366042619234226, 'hidden_size': 82, 'dropout': 0.38766038995813457, 'hidden_continuous_size': 29, 'attention_head_size': 2, 'learning_rate': 0.006831357181439544}. Best is trial 17 with value: 212.3778839111328.
LOCAL_RANK: 0 - CUDA_VISIBLE_DEVICES: [0]
[I 2023-11-30 02:03:28,071] Trial 121 finished with value: 364.9435119628906 and parameters: {'gradient_clip_val': 0.10501303966666174, 'hidden_size': 68, 'dropout': 0.3775899779519635, 'hidden_continuous_size': 25, 'attention_head_size': 2, 'learning_rate': 0.0030313828574695524}. Best is trial 17 with value: 212.3778839111328.
LOCAL_RANK: 0 - CUDA_VISIBLE_DEVICES: [0]
[I 2023-11-30 02:03:41,502] Trial 122 finished with value: 259.9591064453125 and parameters: {'gradient_clip_val': 0.11176798557006497, 'hidden_size': 71, 'dropout': 0.3586917184805545, 'hidden_continuous_size': 22, 'attention_head_size': 2, 'learning_rate': 0.0033219893999527805}. Best is trial 17 with value: 212.3778839111328.
LOCAL_RANK: 0 - CUDA_VISIBLE_DEVICES: [0]
[I 2023-11-30 02:03:54,804] Trial 123 finished with value: 247.052978515625 and parameters: {'gradient_clip_val': 0.10017744499982985, 'hidden_size': 63, 'dropout': 0.3679253470607366, 'hidden_continuous_size': 25, 'attention_head_size': 2, 'learning_rate': 0.004762054920760525}. Best is trial 17 with value: 212.3778839111328.
LOCAL_RANK: 0 - CUDA_VISIBLE_DEVICES: [0]
[I 2023-11-30 02:04:08,384] Trial 124 finished with value: 338.7811584472656 and parameters: {'gradient_clip_val': 0.10104696264777718, 'hidden_size': 91, 'dropout': 0.3712845689155219, 'hidden_continuous_size': 24, 'attention_head_size': 2, 'learning_rate': 0.004761480914690567}. Best is trial 17 with value: 212.3778839111328.
LOCAL_RANK: 0 - CUDA_VISIBLE_DEVICES: [0]
[I 2023-11-30 02:04:22,427] Trial 125 finished with value: 306.7711181640625 and parameters: {'gradient_clip_val': 0.1142812400947506, 'hidden_size': 104, 'dropout': 0.3813200507768998, 'hidden_continuous_size': 33, 'attention_head_size': 2, 'learning_rate': 0.005522421439298526}. Best is trial 17 with value: 212.3778839111328.
LOCAL_RANK: 0 - CUDA_VISIBLE_DEVICES: [0]
[I 2023-11-30 02:04:35,156] Trial 126 finished with value: 311.64044189453125 and parameters: {'gradient_clip_val': 0.2718756189423466, 'hidden_size': 38, 'dropout': 0.39114036711304284, 'hidden_continuous_size': 20, 'attention_head_size': 2, 'learning_rate': 0.004370545498562802}. Best is trial 17 with value: 212.3778839111328.
LOCAL_RANK: 0 - CUDA_VISIBLE_DEVICES: [0]
[I 2023-11-30 02:04:48,679] Trial 127 finished with value: 288.5229797363281 and parameters: {'gradient_clip_val': 0.4060341538582502, 'hidden_size': 80, 'dropout': 0.3460993945233884, 'hidden_continuous_size': 36, 'attention_head_size': 2, 'learning_rate': 0.0052660934661791494}. Best is trial 17 with value: 212.3778839111328.
LOCAL_RANK: 0 - CUDA_VISIBLE_DEVICES: [0]
[I 2023-11-30 02:05:02,055] Trial 128 finished with value: 313.6363525390625 and parameters: {'gradient_clip_val': 0.11913631769860751, 'hidden_size': 76, 'dropout': 0.273419777959737, 'hidden_continuous_size': 26, 'attention_head_size': 1, 'learning_rate': 0.006086204219630756}. Best is trial 17 with value: 212.3778839111328.
LOCAL_RANK: 0 - CUDA_VISIBLE_DEVICES: [0]
[I 2023-11-30 02:05:14,841] Trial 129 finished with value: 291.688232421875 and parameters: {'gradient_clip_val': 0.13962252419964358, 'hidden_size': 43, 'dropout': 0.3540302417691482, 'hidden_continuous_size': 19, 'attention_head_size': 2, 'learning_rate': 0.007466035986263952}. Best is trial 17 with value: 212.3778839111328.
LOCAL_RANK: 0 - CUDA_VISIBLE_DEVICES: [0]
[I 2023-11-30 02:05:28,385] Trial 130 finished with value: 293.8200988769531 and parameters: {'gradient_clip_val': 0.13012046556986695, 'hidden_size': 67, 'dropout': 0.36660020997220777, 'hidden_continuous_size': 27, 'attention_head_size': 2, 'learning_rate': 0.010654849263491827}. Best is trial 17 with value: 212.3778839111328.
LOCAL_RANK: 0 - CUDA_VISIBLE_DEVICES: [0]
