[I 2023-11-30 15:40:04,101] Trial 61 finished with value: 213.73426818847656 and parameters: {'gradient_clip_val': 0.6259970112793647, 'hidden_size': 49, 'dropout': 0.29882911415829194, 'hidden_continuous_size': 16, 'attention_head_size': 1, 'learning_rate': 0.009511580736052716}. Best is trial 50 with value: 209.88995361328125.
LOCAL_RANK: 0 - CUDA_VISIBLE_DEVICES: [0]
[I 2023-11-30 15:40:17,658] Trial 62 finished with value: 220.91357421875 and parameters: {'gradient_clip_val': 0.686269688048972, 'hidden_size': 51, 'dropout': 0.32586204204450264, 'hidden_continuous_size': 15, 'attention_head_size': 1, 'learning_rate': 0.00807486167104895}. Best is trial 50 with value: 209.88995361328125.
LOCAL_RANK: 0 - CUDA_VISIBLE_DEVICES: [0]
[I 2023-11-30 15:40:30,908] Trial 63 finished with value: 230.9702911376953 and parameters: {'gradient_clip_val': 0.6708564830759075, 'hidden_size': 41, 'dropout': 0.3251692045894704, 'hidden_continuous_size': 16, 'attention_head_size': 1, 'learning_rate': 0.007577388569378378}. Best is trial 50 with value: 209.88995361328125.
LOCAL_RANK: 0 - CUDA_VISIBLE_DEVICES: [0]
[I 2023-11-30 15:40:44,425] Trial 64 finished with value: 239.9640655517578 and parameters: {'gradient_clip_val': 0.6226524007501827, 'hidden_size': 50, 'dropout': 0.3004794383261139, 'hidden_continuous_size': 15, 'attention_head_size': 1, 'learning_rate': 0.0094800310068376}. Best is trial 50 with value: 209.88995361328125.
LOCAL_RANK: 0 - CUDA_VISIBLE_DEVICES: [0]
[I 2023-11-30 15:40:58,228] Trial 65 finished with value: 231.2505645751953 and parameters: {'gradient_clip_val': 0.7201779901542055, 'hidden_size': 71, 'dropout': 0.30070230982185236, 'hidden_continuous_size': 15, 'attention_head_size': 1, 'learning_rate': 0.0059225802991373375}. Best is trial 50 with value: 209.88995361328125.
LOCAL_RANK: 0 - CUDA_VISIBLE_DEVICES: [0]
[I 2023-11-30 15:41:11,870] Trial 66 finished with value: 206.9917449951172 and parameters: {'gradient_clip_val': 0.7506516343250353, 'hidden_size': 63, 'dropout': 0.33471173999201764, 'hidden_continuous_size': 14, 'attention_head_size': 1, 'learning_rate': 0.010791999421481006}. Best is trial 66 with value: 206.9917449951172.
LOCAL_RANK: 0 - CUDA_VISIBLE_DEVICES: [0]
[I 2023-11-30 15:41:25,153] Trial 67 finished with value: 227.474365234375 and parameters: {'gradient_clip_val': 0.6472513988499949, 'hidden_size': 61, 'dropout': 0.33092869250209433, 'hidden_continuous_size': 14, 'attention_head_size': 1, 'learning_rate': 0.010552011729680677}. Best is trial 66 with value: 206.9917449951172.
LOCAL_RANK: 0 - CUDA_VISIBLE_DEVICES: [0]
[I 2023-11-30 15:41:38,724] Trial 68 finished with value: 208.69854736328125 and parameters: {'gradient_clip_val': 0.7511452173431219, 'hidden_size': 55, 'dropout': 0.3197007827255424, 'hidden_continuous_size': 16, 'attention_head_size': 1, 'learning_rate': 0.007678217773337784}. Best is trial 66 with value: 206.9917449951172.
LOCAL_RANK: 0 - CUDA_VISIBLE_DEVICES: [0]
[I 2023-11-30 15:41:52,089] Trial 69 finished with value: 230.7690887451172 and parameters: {'gradient_clip_val': 0.7646216019805396, 'hidden_size': 57, 'dropout': 0.2935839332580363, 'hidden_continuous_size': 16, 'attention_head_size': 1, 'learning_rate': 0.006519411841152042}. Best is trial 66 with value: 206.9917449951172.
LOCAL_RANK: 0 - CUDA_VISIBLE_DEVICES: [0]
[I 2023-11-30 15:42:05,853] Trial 70 finished with value: 232.2384033203125 and parameters: {'gradient_clip_val': 0.8534661034985309, 'hidden_size': 65, 'dropout': 0.31434140936211385, 'hidden_continuous_size': 17, 'attention_head_size': 1, 'learning_rate': 0.0096099692128467}. Best is trial 66 with value: 206.9917449951172.
LOCAL_RANK: 0 - CUDA_VISIBLE_DEVICES: [0]
[I 2023-11-30 15:42:19,163] Trial 71 finished with value: 230.67236328125 and parameters: {'gradient_clip_val': 0.7146820564684034, 'hidden_size': 50, 'dropout': 0.3259716783187505, 'hidden_continuous_size': 14, 'attention_head_size': 1, 'learning_rate': 0.008255696936253339}. Best is trial 66 with value: 206.9917449951172.
LOCAL_RANK: 0 - CUDA_VISIBLE_DEVICES: [0]
[I 2023-11-30 15:42:33,175] Trial 72 finished with value: 234.10784912109375 and parameters: {'gradient_clip_val': 0.5889076579997917, 'hidden_size': 79, 'dropout': 0.34451407904363734, 'hidden_continuous_size': 13, 'attention_head_size': 1, 'learning_rate': 0.013254639303895775}. Best is trial 66 with value: 206.9917449951172.
LOCAL_RANK: 0 - CUDA_VISIBLE_DEVICES: [0]
[I 2023-11-30 15:42:46,613] Trial 73 finished with value: 236.3651885986328 and parameters: {'gradient_clip_val': 0.9281058484848285, 'hidden_size': 56, 'dropout': 0.27572833977555583, 'hidden_continuous_size': 18, 'attention_head_size': 1, 'learning_rate': 0.00808505127407623}. Best is trial 66 with value: 206.9917449951172.
LOCAL_RANK: 0 - CUDA_VISIBLE_DEVICES: [0]
[I 2023-11-30 15:43:00,339] Trial 74 finished with value: 211.9163055419922 and parameters: {'gradient_clip_val': 0.7613595513176922, 'hidden_size': 44, 'dropout': 0.29573553849974793, 'hidden_continuous_size': 17, 'attention_head_size': 1, 'learning_rate': 0.01061648424245886}. Best is trial 66 with value: 206.9917449951172.
LOCAL_RANK: 0 - CUDA_VISIBLE_DEVICES: [0]
[I 2023-11-30 15:43:13,492] Trial 75 finished with value: 228.3290252685547 and parameters: {'gradient_clip_val': 0.7644193394704548, 'hidden_size': 41, 'dropout': 0.3096953309153257, 'hidden_continuous_size': 17, 'attention_head_size': 1, 'learning_rate': 0.010600676049304212}. Best is trial 66 with value: 206.9917449951172.
LOCAL_RANK: 0 - CUDA_VISIBLE_DEVICES: [0]
[I 2023-11-30 15:43:27,212] Trial 76 finished with value: 234.12757873535156 and parameters: {'gradient_clip_val': 0.8386446707420738, 'hidden_size': 47, 'dropout': 0.29205967532509847, 'hidden_continuous_size': 16, 'attention_head_size': 1, 'learning_rate': 0.006867765546843376}. Best is trial 66 with value: 206.9917449951172.
LOCAL_RANK: 0 - CUDA_VISIBLE_DEVICES: [0]
[I 2023-11-30 15:43:40,922] Trial 77 finished with value: 244.43145751953125 and parameters: {'gradient_clip_val': 0.9164166980479687, 'hidden_size': 71, 'dropout': 0.27813054961314754, 'hidden_continuous_size': 22, 'attention_head_size': 1, 'learning_rate': 0.012672834349991134}. Best is trial 66 with value: 206.9917449951172.
LOCAL_RANK: 0 - CUDA_VISIBLE_DEVICES: [0]
[I 2023-11-30 15:43:54,058] Trial 78 finished with value: 208.34217834472656 and parameters: {'gradient_clip_val': 0.6256927283748511, 'hidden_size': 43, 'dropout': 0.26895198643487417, 'hidden_continuous_size': 17, 'attention_head_size': 1, 'learning_rate': 0.00902352104087155}. Best is trial 66 with value: 206.9917449951172.
LOCAL_RANK: 0 - CUDA_VISIBLE_DEVICES: [0]
[I 2023-11-30 15:44:07,528] Trial 79 finished with value: 242.0023956298828 and parameters: {'gradient_clip_val': 0.6388645973754254, 'hidden_size': 37, 'dropout': 0.2685224079974147, 'hidden_continuous_size': 18, 'attention_head_size': 1, 'learning_rate': 0.008823253218480839}. Best is trial 66 with value: 206.9917449951172.
LOCAL_RANK: 0 - CUDA_VISIBLE_DEVICES: [0]
[I 2023-11-30 15:44:21,033] Trial 80 finished with value: 266.1124267578125 and parameters: {'gradient_clip_val': 0.5397270913188712, 'hidden_size': 33, 'dropout': 0.29206031335719135, 'hidden_continuous_size': 17, 'attention_head_size': 1, 'learning_rate': 0.00556994480500624}. Best is trial 66 with value: 206.9917449951172.
LOCAL_RANK: 0 - CUDA_VISIBLE_DEVICES: [0]
[I 2023-11-30 15:44:34,765] Trial 81 finished with value: 211.03550720214844 and parameters: {'gradient_clip_val': 0.6893055177231969, 'hidden_size': 43, 'dropout': 0.29812403623510436, 'hidden_continuous_size': 16, 'attention_head_size': 1, 'learning_rate': 0.014791837965696978}. Best is trial 66 with value: 206.9917449951172.
LOCAL_RANK: 0 - CUDA_VISIBLE_DEVICES: [0]
[I 2023-11-30 15:44:48,153] Trial 82 finished with value: 222.28558349609375 and parameters: {'gradient_clip_val': 0.6113125795446857, 'hidden_size': 39, 'dropout': 0.29649826270580115, 'hidden_continuous_size': 16, 'attention_head_size': 1, 'learning_rate': 0.011353686475354036}. Best is trial 66 with value: 206.9917449951172.
LOCAL_RANK: 0 - CUDA_VISIBLE_DEVICES: [0]
[I 2023-11-30 15:45:01,104] Trial 83 finished with value: 339.09521484375 and parameters: {'gradient_clip_val': 0.6789205429996865, 'hidden_size': 43, 'dropout': 0.3067043984821773, 'hidden_continuous_size': 15, 'attention_head_size': 1, 'learning_rate': 0.009649942785538998}. Best is trial 66 with value: 206.9917449951172.
LOCAL_RANK: 0 - CUDA_VISIBLE_DEVICES: [0]
[I 2023-11-30 15:45:14,710] Trial 84 finished with value: 226.16371154785156 and parameters: {'gradient_clip_val': 0.5701409259909676, 'hidden_size': 47, 'dropout': 0.28429852186187454, 'hidden_continuous_size': 18, 'attention_head_size': 1, 'learning_rate': 0.014863040646814218}. Best is trial 66 with value: 206.9917449951172.
LOCAL_RANK: 0 - CUDA_VISIBLE_DEVICES: [0]
[I 2023-11-30 15:45:28,429] Trial 85 finished with value: 229.0833282470703 and parameters: {'gradient_clip_val': 0.7330939248605902, 'hidden_size': 43, 'dropout': 0.3009557906151776, 'hidden_continuous_size': 17, 'attention_head_size': 1, 'learning_rate': 0.007209435672058526}. Best is trial 66 with value: 206.9917449951172.
LOCAL_RANK: 0 - CUDA_VISIBLE_DEVICES: [0]
[I 2023-11-30 15:45:42,050] Trial 86 finished with value: 198.2181854248047 and parameters: {'gradient_clip_val': 0.6269606336853595, 'hidden_size': 53, 'dropout': 0.27777945494760503, 'hidden_continuous_size': 14, 'attention_head_size': 1, 'learning_rate': 0.012344819366926925}. Best is trial 86 with value: 198.2181854248047.
LOCAL_RANK: 0 - CUDA_VISIBLE_DEVICES: [0]
[I 2023-11-30 15:45:55,835] Trial 87 finished with value: 223.89500427246094 and parameters: {'gradient_clip_val': 0.6247933803630917, 'hidden_size': 54, 'dropout': 0.2801099336475795, 'hidden_continuous_size': 14, 'attention_head_size': 1, 'learning_rate': 0.012690425729502415}. Best is trial 86 with value: 198.2181854248047.
LOCAL_RANK: 0 - CUDA_VISIBLE_DEVICES: [0]
[I 2023-11-30 15:46:10,153] Trial 88 finished with value: 213.1444091796875 and parameters: {'gradient_clip_val': 0.689471644359414, 'hidden_size': 45, 'dropout': 0.3176327485482836, 'hidden_continuous_size': 15, 'attention_head_size': 1, 'learning_rate': 0.015030704067440535}. Best is trial 86 with value: 198.2181854248047.
LOCAL_RANK: 0 - CUDA_VISIBLE_DEVICES: [0]
[I 2023-11-30 15:46:23,749] Trial 89 finished with value: 236.0416259765625 and parameters: {'gradient_clip_val': 0.8021478819712674, 'hidden_size': 45, 'dropout': 0.32097619241684805, 'hidden_continuous_size': 15, 'attention_head_size': 1, 'learning_rate': 0.01452364758692235}. Best is trial 86 with value: 198.2181854248047.
LOCAL_RANK: 0 - CUDA_VISIBLE_DEVICES: [0]
