[I 2023-11-29 21:27:20,000] Trial 48 finished with value: 106.4876480102539 and parameters: {'gradient_clip_val': 0.24276723424382865, 'hidden_size': 42, 'dropout': 0.3094681018648988, 'hidden_continuous_size': 13, 'attention_head_size': 2, 'learning_rate': 0.05520784463706262}. Best is trial 11 with value: 86.02294158935547.
LOCAL_RANK: 0 - CUDA_VISIBLE_DEVICES: [0]
[I 2023-11-29 21:27:32,674] Trial 49 finished with value: 98.10985565185547 and parameters: {'gradient_clip_val': 0.2775839183614723, 'hidden_size': 34, 'dropout': 0.33017334375280166, 'hidden_continuous_size': 12, 'attention_head_size': 4, 'learning_rate': 0.08654200984749838}. Best is trial 11 with value: 86.02294158935547.
LOCAL_RANK: 0 - CUDA_VISIBLE_DEVICES: [0]
[I 2023-11-29 21:27:44,699] Trial 50 finished with value: 273.9906311035156 and parameters: {'gradient_clip_val': 0.3349702021107453, 'hidden_size': 12, 'dropout': 0.3491355316439883, 'hidden_continuous_size': 10, 'attention_head_size': 3, 'learning_rate': 0.012263205598506794}. Best is trial 11 with value: 86.02294158935547.
LOCAL_RANK: 0 - CUDA_VISIBLE_DEVICES: [0]
[I 2023-11-29 21:27:56,613] Trial 51 finished with value: 101.64505767822266 and parameters: {'gradient_clip_val': 0.2993053425726985, 'hidden_size': 24, 'dropout': 0.36745314205961066, 'hidden_continuous_size': 10, 'attention_head_size': 4, 'learning_rate': 0.07980265304692857}. Best is trial 11 with value: 86.02294158935547.
LOCAL_RANK: 0 - CUDA_VISIBLE_DEVICES: [0]
[I 2023-11-29 21:28:08,578] Trial 52 finished with value: 177.2455291748047 and parameters: {'gradient_clip_val': 0.40639416998953226, 'hidden_size': 24, 'dropout': 0.368607557112201, 'hidden_continuous_size': 10, 'attention_head_size': 4, 'learning_rate': 0.06812800251453956}. Best is trial 11 with value: 86.02294158935547.
LOCAL_RANK: 0 - CUDA_VISIBLE_DEVICES: [0]
[I 2023-11-29 21:28:20,807] Trial 53 finished with value: 103.17118072509766 and parameters: {'gradient_clip_val': 0.22317641692577678, 'hidden_size': 21, 'dropout': 0.38765217208943115, 'hidden_continuous_size': 11, 'attention_head_size': 4, 'learning_rate': 0.09768073540791986}. Best is trial 11 with value: 86.02294158935547.
LOCAL_RANK: 0 - CUDA_VISIBLE_DEVICES: [0]
[I 2023-11-29 21:28:33,253] Trial 54 finished with value: 88.28524017333984 and parameters: {'gradient_clip_val': 0.3014289812034449, 'hidden_size': 30, 'dropout': 0.37092960509945117, 'hidden_continuous_size': 12, 'attention_head_size': 4, 'learning_rate': 0.04587297240919249}. Best is trial 11 with value: 86.02294158935547.
LOCAL_RANK: 0 - CUDA_VISIBLE_DEVICES: [0]
[I 2023-11-29 21:28:45,470] Trial 55 finished with value: 95.45873260498047 and parameters: {'gradient_clip_val': 0.3496039340123752, 'hidden_size': 31, 'dropout': 0.3557833913352011, 'hidden_continuous_size': 12, 'attention_head_size': 1, 'learning_rate': 0.0490079794759391}. Best is trial 11 with value: 86.02294158935547.
LOCAL_RANK: 0 - CUDA_VISIBLE_DEVICES: [0]
[I 2023-11-29 21:28:57,787] Trial 56 finished with value: 87.43048095703125 and parameters: {'gradient_clip_val': 0.24924476259609354, 'hidden_size': 30, 'dropout': 0.39007596534190664, 'hidden_continuous_size': 12, 'attention_head_size': 1, 'learning_rate': 0.04568186345849215}. Best is trial 11 with value: 86.02294158935547.
LOCAL_RANK: 0 - CUDA_VISIBLE_DEVICES: [0]
[I 2023-11-29 21:29:09,971] Trial 57 finished with value: 91.78280639648438 and parameters: {'gradient_clip_val': 0.2514178983587056, 'hidden_size': 30, 'dropout': 0.39976974215972105, 'hidden_continuous_size': 13, 'attention_head_size': 1, 'learning_rate': 0.048380045521883665}. Best is trial 11 with value: 86.02294158935547.
LOCAL_RANK: 0 - CUDA_VISIBLE_DEVICES: [0]
[I 2023-11-29 21:29:22,131] Trial 58 finished with value: 145.3115234375 and parameters: {'gradient_clip_val': 0.23784522526373644, 'hidden_size': 29, 'dropout': 0.3993445946762458, 'hidden_continuous_size': 13, 'attention_head_size': 1, 'learning_rate': 0.05984001893951458}. Best is trial 11 with value: 86.02294158935547.
LOCAL_RANK: 0 - CUDA_VISIBLE_DEVICES: [0]
[I 2023-11-29 21:29:34,668] Trial 59 finished with value: 105.66437530517578 and parameters: {'gradient_clip_val': 0.20205092753161044, 'hidden_size': 39, 'dropout': 0.39043334068519925, 'hidden_continuous_size': 14, 'attention_head_size': 1, 'learning_rate': 0.044487390993546136}. Best is trial 11 with value: 86.02294158935547.
LOCAL_RANK: 0 - CUDA_VISIBLE_DEVICES: [0]
[I 2023-11-29 21:29:47,019] Trial 60 finished with value: 114.15969848632812 and parameters: {'gradient_clip_val': 0.25893499540812986, 'hidden_size': 33, 'dropout': 0.3763518193771449, 'hidden_continuous_size': 12, 'attention_head_size': 1, 'learning_rate': 0.06605795157117869}. Best is trial 11 with value: 86.02294158935547.
LOCAL_RANK: 0 - CUDA_VISIBLE_DEVICES: [0]
[I 2023-11-29 21:29:59,373] Trial 61 finished with value: 118.53063201904297 and parameters: {'gradient_clip_val': 0.22649172259846503, 'hidden_size': 31, 'dropout': 0.3882685358223936, 'hidden_continuous_size': 12, 'attention_head_size': 1, 'learning_rate': 0.046343917513467316}. Best is trial 11 with value: 86.02294158935547.
LOCAL_RANK: 0 - CUDA_VISIBLE_DEVICES: [0]
[I 2023-11-29 21:30:11,385] Trial 62 finished with value: 114.3525161743164 and parameters: {'gradient_clip_val': 0.33765386560222044, 'hidden_size': 28, 'dropout': 0.378419551928724, 'hidden_continuous_size': 13, 'attention_head_size': 1, 'learning_rate': 0.051578898397840967}. Best is trial 11 with value: 86.02294158935547.
LOCAL_RANK: 0 - CUDA_VISIBLE_DEVICES: [0]
[I 2023-11-29 21:30:23,620] Trial 63 finished with value: 129.43472290039062 and parameters: {'gradient_clip_val': 0.2597567892675104, 'hidden_size': 36, 'dropout': 0.3920928617982301, 'hidden_continuous_size': 12, 'attention_head_size': 1, 'learning_rate': 0.03914563545057315}. Best is trial 11 with value: 86.02294158935547.
LOCAL_RANK: 0 - CUDA_VISIBLE_DEVICES: [0]
[I 2023-11-29 21:30:35,724] Trial 64 finished with value: 146.36163330078125 and parameters: {'gradient_clip_val': 0.2116152071381306, 'hidden_size': 30, 'dropout': 0.37271892588680355, 'hidden_continuous_size': 13, 'attention_head_size': 1, 'learning_rate': 0.06944147739099223}. Best is trial 11 with value: 86.02294158935547.
LOCAL_RANK: 0 - CUDA_VISIBLE_DEVICES: [0]
[I 2023-11-29 21:30:47,552] Trial 65 finished with value: 96.62288665771484 and parameters: {'gradient_clip_val': 0.3149586028731692, 'hidden_size': 32, 'dropout': 0.3986893616367149, 'hidden_continuous_size': 11, 'attention_head_size': 1, 'learning_rate': 0.05777763165454748}. Best is trial 11 with value: 86.02294158935547.
LOCAL_RANK: 0 - CUDA_VISIBLE_DEVICES: [0]
[I 2023-11-29 21:31:00,230] Trial 66 finished with value: 107.00426483154297 and parameters: {'gradient_clip_val': 0.24090328519763898, 'hidden_size': 37, 'dropout': 0.3521537073349516, 'hidden_continuous_size': 14, 'attention_head_size': 1, 'learning_rate': 0.0355881747109333}. Best is trial 11 with value: 86.02294158935547.
LOCAL_RANK: 0 - CUDA_VISIBLE_DEVICES: [0]
[I 2023-11-29 21:31:12,421] Trial 67 finished with value: 183.0963134765625 and parameters: {'gradient_clip_val': 0.37062486837327385, 'hidden_size': 27, 'dropout': 0.3407107749376466, 'hidden_continuous_size': 12, 'attention_head_size': 1, 'learning_rate': 0.04770635179450486}. Best is trial 11 with value: 86.02294158935547.
LOCAL_RANK: 0 - CUDA_VISIBLE_DEVICES: [0]
[I 2023-11-29 21:31:24,565] Trial 68 finished with value: 141.0743408203125 and parameters: {'gradient_clip_val': 0.2890131159683856, 'hidden_size': 26, 'dropout': 0.3702024945937816, 'hidden_continuous_size': 12, 'attention_head_size': 1, 'learning_rate': 0.09017360648517371}. Best is trial 11 with value: 86.02294158935547.
LOCAL_RANK: 0 - CUDA_VISIBLE_DEVICES: [0]
[I 2023-11-29 21:31:37,148] Trial 69 finished with value: 136.4112091064453 and parameters: {'gradient_clip_val': 0.1952218558097281, 'hidden_size': 42, 'dropout': 0.38236693750159356, 'hidden_continuous_size': 15, 'attention_head_size': 1, 'learning_rate': 0.06265445705975324}. Best is trial 11 with value: 86.02294158935547.
LOCAL_RANK: 0 - CUDA_VISIBLE_DEVICES: [0]
[I 2023-11-29 21:31:49,511] Trial 70 finished with value: 139.7340850830078 and parameters: {'gradient_clip_val': 0.34700937227561507, 'hidden_size': 33, 'dropout': 0.34309641900309373, 'hidden_continuous_size': 13, 'attention_head_size': 1, 'learning_rate': 0.0736382166106043}. Best is trial 11 with value: 86.02294158935547.
LOCAL_RANK: 0 - CUDA_VISIBLE_DEVICES: [0]
[I 2023-11-29 21:32:01,957] Trial 71 finished with value: 125.6389389038086 and parameters: {'gradient_clip_val': 0.2732118828869877, 'hidden_size': 25, 'dropout': 0.3636440600695624, 'hidden_continuous_size': 11, 'attention_head_size': 3, 'learning_rate': 0.04147489027971283}. Best is trial 11 with value: 86.02294158935547.
LOCAL_RANK: 0 - CUDA_VISIBLE_DEVICES: [0]
[I 2023-11-29 21:32:14,237] Trial 72 finished with value: 126.56111907958984 and parameters: {'gradient_clip_val': 0.28139927398246684, 'hidden_size': 22, 'dropout': 0.3521884469424323, 'hidden_continuous_size': 12, 'attention_head_size': 3, 'learning_rate': 0.05136288222398897}. Best is trial 11 with value: 86.02294158935547.
LOCAL_RANK: 0 - CUDA_VISIBLE_DEVICES: [0]
[I 2023-11-29 21:32:26,404] Trial 73 finished with value: 151.2511444091797 and parameters: {'gradient_clip_val': 0.23405739459997515, 'hidden_size': 30, 'dropout': 0.35980580112440264, 'hidden_continuous_size': 11, 'attention_head_size': 1, 'learning_rate': 0.03450852064250902}. Best is trial 11 with value: 86.02294158935547.
LOCAL_RANK: 0 - CUDA_VISIBLE_DEVICES: [0]
[I 2023-11-29 21:32:38,566] Trial 74 finished with value: 119.89582061767578 and parameters: {'gradient_clip_val': 0.3181446220334282, 'hidden_size': 19, 'dropout': 0.37758246077486485, 'hidden_continuous_size': 12, 'attention_head_size': 2, 'learning_rate': 0.05517568259484605}. Best is trial 11 with value: 86.02294158935547.
LOCAL_RANK: 0 - CUDA_VISIBLE_DEVICES: [0]
[I 2023-11-29 21:32:50,705] Trial 75 finished with value: 129.455322265625 and parameters: {'gradient_clip_val': 0.2537010600310445, 'hidden_size': 26, 'dropout': 0.3557743373512608, 'hidden_continuous_size': 11, 'attention_head_size': 3, 'learning_rate': 0.029512937105848708}. Best is trial 11 with value: 86.02294158935547.
LOCAL_RANK: 0 - CUDA_VISIBLE_DEVICES: [0]
[I 2023-11-29 21:33:03,522] Trial 76 finished with value: 93.16852569580078 and parameters: {'gradient_clip_val': 0.297157037460071, 'hidden_size': 35, 'dropout': 0.32861615719805287, 'hidden_continuous_size': 13, 'attention_head_size': 2, 'learning_rate': 0.045154890917344044}. Best is trial 11 with value: 86.02294158935547.
LOCAL_RANK: 0 - CUDA_VISIBLE_DEVICES: [0]
[I 2023-11-29 21:33:16,144] Trial 77 finished with value: 133.9709014892578 and parameters: {'gradient_clip_val': 0.3010355358099271, 'hidden_size': 37, 'dropout': 0.3318180440674795, 'hidden_continuous_size': 14, 'attention_head_size': 2, 'learning_rate': 0.044442613532218254}. Best is trial 11 with value: 86.02294158935547.
LOCAL_RANK: 0 - CUDA_VISIBLE_DEVICES: [0]
[I 2023-11-29 21:33:28,544] Trial 78 finished with value: 168.04615783691406 and parameters: {'gradient_clip_val': 0.36800629705871135, 'hidden_size': 35, 'dropout': 0.32458475126857456, 'hidden_continuous_size': 14, 'attention_head_size': 1, 'learning_rate': 0.0372034824917715}. Best is trial 11 with value: 86.02294158935547.
LOCAL_RANK: 0 - CUDA_VISIBLE_DEVICES: [0]
[I 2023-11-29 21:33:40,687] Trial 79 finished with value: 98.95950317382812 and parameters: {'gradient_clip_val': 0.22092521020786854, 'hidden_size': 28, 'dropout': 0.33827917577027233, 'hidden_continuous_size': 13, 'attention_head_size': 2, 'learning_rate': 0.08803094130593646}. Best is trial 11 with value: 86.02294158935547.
LOCAL_RANK: 0 - CUDA_VISIBLE_DEVICES: [0]
[I 2023-11-29 21:33:53,304] Trial 80 finished with value: 123.57217407226562 and parameters: {'gradient_clip_val': 0.4305825128731867, 'hidden_size': 39, 'dropout': 0.3933387742392272, 'hidden_continuous_size': 15, 'attention_head_size': 1, 'learning_rate': 0.061791296116624865}. Best is trial 11 with value: 86.02294158935547.
LOCAL_RANK: 0 - CUDA_VISIBLE_DEVICES: [0]
[I 2023-11-29 21:34:06,022] Trial 81 finished with value: 118.20230865478516 and parameters: {'gradient_clip_val': 0.28896867794639847, 'hidden_size': 31, 'dropout': 0.3636137248560942, 'hidden_continuous_size': 13, 'attention_head_size': 3, 'learning_rate': 0.051571676999200386}. Best is trial 11 with value: 86.02294158935547.
LOCAL_RANK: 0 - CUDA_VISIBLE_DEVICES: [0]
[I 2023-11-29 21:34:18,267] Trial 82 finished with value: 102.55045318603516 and parameters: {'gradient_clip_val': 0.25888248741725023, 'hidden_size': 23, 'dropout': 0.38390931452259613, 'hidden_continuous_size': 12, 'attention_head_size': 3, 'learning_rate': 0.02818063964455869}. Best is trial 11 with value: 86.02294158935547.
LOCAL_RANK: 0 - CUDA_VISIBLE_DEVICES: [0]
[I 2023-11-29 21:34:30,594] Trial 83 finished with value: 235.5302276611328 and parameters: {'gradient_clip_val': 0.32135646372903864, 'hidden_size': 29, 'dropout': 0.34618922757932724, 'hidden_continuous_size': 11, 'attention_head_size': 1, 'learning_rate': 0.03280084509508454}. Best is trial 11 with value: 86.02294158935547.
LOCAL_RANK: 0 - CUDA_VISIBLE_DEVICES: [0]
[I 2023-11-29 21:34:43,011] Trial 84 finished with value: 127.6213150024414 and parameters: {'gradient_clip_val': 0.2713492849426068, 'hidden_size': 34, 'dropout': 0.3712239362368203, 'hidden_continuous_size': 10, 'attention_head_size': 2, 'learning_rate': 0.07200210201176166}. Best is trial 11 with value: 86.02294158935547.
LOCAL_RANK: 0 - CUDA_VISIBLE_DEVICES: [0]
[I 2023-11-29 21:34:55,404] Trial 85 finished with value: 150.7169189453125 and parameters: {'gradient_clip_val': 0.24609103352298836, 'hidden_size': 25, 'dropout': 0.36142879268733097, 'hidden_continuous_size': 13, 'attention_head_size': 4, 'learning_rate': 0.03971279274145673}. Best is trial 11 with value: 86.02294158935547.
LOCAL_RANK: 0 - CUDA_VISIBLE_DEVICES: [0]
[I 2023-11-29 21:35:07,902] Trial 86 finished with value: 115.34603118896484 and parameters: {'gradient_clip_val': 0.30550526357604957, 'hidden_size': 27, 'dropout': 0.3560531581949431, 'hidden_continuous_size': 11, 'attention_head_size': 3, 'learning_rate': 0.04736047443656301}. Best is trial 11 with value: 86.02294158935547.
LOCAL_RANK: 0 - CUDA_VISIBLE_DEVICES: [0]
[I 2023-11-29 21:35:20,098] Trial 87 finished with value: 112.02518463134766 and parameters: {'gradient_clip_val': 0.38068071120480407, 'hidden_size': 31, 'dropout': 0.31163104220525445, 'hidden_continuous_size': 15, 'attention_head_size': 1, 'learning_rate': 0.056404306201191676}. Best is trial 11 with value: 86.02294158935547.
LOCAL_RANK: 0 - CUDA_VISIBLE_DEVICES: [0]
[I 2023-11-29 21:35:32,542] Trial 88 finished with value: 207.60145568847656 and parameters: {'gradient_clip_val': 0.34850447677679536, 'hidden_size': 33, 'dropout': 0.33856719150522063, 'hidden_continuous_size': 10, 'attention_head_size': 3, 'learning_rate': 0.04393699441125189}. Best is trial 11 with value: 86.02294158935547.
LOCAL_RANK: 0 - CUDA_VISIBLE_DEVICES: [0]
[I 2023-11-29 21:35:45,041] Trial 89 finished with value: 119.8962631225586 and parameters: {'gradient_clip_val': 0.4841069458982967, 'hidden_size': 35, 'dropout': 0.3280011946669511, 'hidden_continuous_size': 11, 'attention_head_size': 2, 'learning_rate': 0.0815033065165485}. Best is trial 11 with value: 86.02294158935547.
LOCAL_RANK: 0 - CUDA_VISIBLE_DEVICES: [0]
[I 2023-11-29 21:35:57,440] Trial 90 finished with value: 145.9385528564453 and parameters: {'gradient_clip_val': 0.3877948537949808, 'hidden_size': 39, 'dropout': 0.373034538978531, 'hidden_continuous_size': 16, 'attention_head_size': 1, 'learning_rate': 0.06216946738611086}. Best is trial 11 with value: 86.02294158935547.
LOCAL_RANK: 0 - CUDA_VISIBLE_DEVICES: [0]
[I 2023-11-29 21:36:09,842] Trial 91 finished with value: 164.99063110351562 and parameters: {'gradient_clip_val': 0.3162956231847377, 'hidden_size': 32, 'dropout': 0.3977168405574037, 'hidden_continuous_size': 12, 'attention_head_size': 1, 'learning_rate': 0.056201644189144306}. Best is trial 11 with value: 86.02294158935547.
LOCAL_RANK: 0 - CUDA_VISIBLE_DEVICES: [0]
[I 2023-11-29 21:36:21,984] Trial 92 finished with value: 122.07672119140625 and parameters: {'gradient_clip_val': 0.33317250808883175, 'hidden_size': 29, 'dropout': 0.39223672486351396, 'hidden_continuous_size': 11, 'attention_head_size': 1, 'learning_rate': 0.0692652867640317}. Best is trial 11 with value: 86.02294158935547.
LOCAL_RANK: 0 - CUDA_VISIBLE_DEVICES: [0]
[I 2023-11-29 21:36:33,950] Trial 93 finished with value: 175.1592254638672 and parameters: {'gradient_clip_val': 0.2833436139079547, 'hidden_size': 32, 'dropout': 0.3843901488625384, 'hidden_continuous_size': 10, 'attention_head_size': 1, 'learning_rate': 0.04848293448849209}. Best is trial 11 with value: 86.02294158935547.
LOCAL_RANK: 0 - CUDA_VISIBLE_DEVICES: [0]
[I 2023-11-29 21:36:46,466] Trial 94 finished with value: 125.7920150756836 and parameters: {'gradient_clip_val': 0.23316153940177037, 'hidden_size': 42, 'dropout': 0.3979029064354724, 'hidden_continuous_size': 11, 'attention_head_size': 1, 'learning_rate': 0.03896806340685042}. Best is trial 11 with value: 86.02294158935547.
LOCAL_RANK: 0 - CUDA_VISIBLE_DEVICES: [0]
[I 2023-11-29 21:36:58,751] Trial 95 finished with value: 137.05325317382812 and parameters: {'gradient_clip_val': 0.353612308853018, 'hidden_size': 36, 'dropout': 0.37717866685616586, 'hidden_continuous_size': 10, 'attention_head_size': 1, 'learning_rate': 0.0611434784183072}. Best is trial 11 with value: 86.02294158935547.
LOCAL_RANK: 0 - CUDA_VISIBLE_DEVICES: [0]
[I 2023-11-29 21:37:11,178] Trial 96 finished with value: 114.58673095703125 and parameters: {'gradient_clip_val': 0.3054519019242141, 'hidden_size': 23, 'dropout': 0.3485511323314597, 'hidden_continuous_size': 12, 'attention_head_size': 3, 'learning_rate': 0.05378941821607869}. Best is trial 11 with value: 86.02294158935547.
LOCAL_RANK: 0 - CUDA_VISIBLE_DEVICES: [0]
[I 2023-11-29 21:37:23,489] Trial 97 finished with value: 106.98995971679688 and parameters: {'gradient_clip_val': 0.26894659301826057, 'hidden_size': 22, 'dropout': 0.36530856768387654, 'hidden_continuous_size': 13, 'attention_head_size': 4, 'learning_rate': 0.04352663134966304}. Best is trial 11 with value: 86.02294158935547.
LOCAL_RANK: 0 - CUDA_VISIBLE_DEVICES: [0]
[I 2023-11-29 21:37:35,615] Trial 98 finished with value: 151.1427764892578 and parameters: {'gradient_clip_val': 0.29095982239603635, 'hidden_size': 27, 'dropout': 0.3898822022916736, 'hidden_continuous_size': 12, 'attention_head_size': 1, 'learning_rate': 0.03187024175412969}. Best is trial 11 with value: 86.02294158935547.
LOCAL_RANK: 0 - CUDA_VISIBLE_DEVICES: [0]
[I 2023-11-29 21:37:47,798] Trial 99 finished with value: 86.16842651367188 and parameters: {'gradient_clip_val': 0.2156653404540834, 'hidden_size': 25, 'dropout': 0.3815080922261908, 'hidden_continuous_size': 12, 'attention_head_size': 1, 'learning_rate': 0.07690619119303854}. Best is trial 11 with value: 86.02294158935547.
LOCAL_RANK: 0 - CUDA_VISIBLE_DEVICES: [0]
[I 2023-11-29 21:37:59,911] Trial 100 finished with value: 146.25071716308594 and parameters: {'gradient_clip_val': 0.21515964960872144, 'hidden_size': 25, 'dropout': 0.3555161443703264, 'hidden_continuous_size': 14, 'attention_head_size': 2, 'learning_rate': 0.08271929503210523}. Best is trial 11 with value: 86.02294158935547.
LOCAL_RANK: 0 - CUDA_VISIBLE_DEVICES: [0]
[I 2023-11-29 21:38:12,014] Trial 101 finished with value: 124.01700592041016 and parameters: {'gradient_clip_val': 0.23002167522286204, 'hidden_size': 20, 'dropout': 0.3794230455875611, 'hidden_continuous_size': 12, 'attention_head_size': 1, 'learning_rate': 0.09964540245229646}. Best is trial 11 with value: 86.02294158935547.
LOCAL_RANK: 0 - CUDA_VISIBLE_DEVICES: [0]
[I 2023-11-29 21:38:24,245] Trial 102 finished with value: 103.68656158447266 and parameters: {'gradient_clip_val': 0.25137388893749363, 'hidden_size': 30, 'dropout': 0.39991530770098216, 'hidden_continuous_size': 11, 'attention_head_size': 1, 'learning_rate': 0.07533866657119823}. Best is trial 11 with value: 86.02294158935547.
LOCAL_RANK: 0 - CUDA_VISIBLE_DEVICES: [0]
[I 2023-11-29 21:38:36,280] Trial 103 finished with value: 101.2176742553711 and parameters: {'gradient_clip_val': 0.2653018937750422, 'hidden_size': 28, 'dropout': 0.370176573526607, 'hidden_continuous_size': 12, 'attention_head_size': 1, 'learning_rate': 0.06696623414191182}. Best is trial 11 with value: 86.02294158935547.
LOCAL_RANK: 0 - CUDA_VISIBLE_DEVICES: [0]
[I 2023-11-29 21:38:48,858] Trial 104 finished with value: 219.0047607421875 and parameters: {'gradient_clip_val': 0.2463814529828008, 'hidden_size': 33, 'dropout': 0.38684019069126874, 'hidden_continuous_size': 20, 'attention_head_size': 1, 'learning_rate': 0.0507320237072701}. Best is trial 11 with value: 86.02294158935547.
LOCAL_RANK: 0 - CUDA_VISIBLE_DEVICES: [0]
[I 2023-11-29 21:39:00,870] Trial 105 finished with value: 155.1267852783203 and parameters: {'gradient_clip_val': 0.27912861717786586, 'hidden_size': 25, 'dropout': 0.3794714011179259, 'hidden_continuous_size': 13, 'attention_head_size': 1, 'learning_rate': 0.05864413626135611}. Best is trial 11 with value: 86.02294158935547.
LOCAL_RANK: 0 - CUDA_VISIBLE_DEVICES: [0]
[I 2023-11-29 21:39:13,604] Trial 106 finished with value: 118.5042495727539 and parameters: {'gradient_clip_val': 0.22344135947705376, 'hidden_size': 37, 'dropout': 0.34513557164920144, 'hidden_continuous_size': 10, 'attention_head_size': 3, 'learning_rate': 0.035240862276648195}. Best is trial 11 with value: 86.02294158935547.
LOCAL_RANK: 0 - CUDA_VISIBLE_DEVICES: [0]
