[I 2023-11-30 06:59:16,827] Trial 126 finished with value: 122.0520248413086 and parameters: {'gradient_clip_val': 0.5156956396797415, 'hidden_size': 32, 'dropout': 0.37313800550740106, 'hidden_continuous_size': 15, 'attention_head_size': 3, 'learning_rate': 0.01891093488251099}. Best is trial 42 with value: 91.63338470458984.
LOCAL_RANK: 0 - CUDA_VISIBLE_DEVICES: [0]
[I 2023-11-30 06:59:28,928] Trial 127 finished with value: 111.0915298461914 and parameters: {'gradient_clip_val': 0.37768479807473376, 'hidden_size': 28, 'dropout': 0.3576779401597394, 'hidden_continuous_size': 11, 'attention_head_size': 1, 'learning_rate': 0.012773398249580181}. Best is trial 42 with value: 91.63338470458984.
LOCAL_RANK: 0 - CUDA_VISIBLE_DEVICES: [0]
[I 2023-11-30 06:59:41,315] Trial 128 finished with value: 124.53043365478516 and parameters: {'gradient_clip_val': 0.5822671991984941, 'hidden_size': 30, 'dropout': 0.38314284983547847, 'hidden_continuous_size': 14, 'attention_head_size': 1, 'learning_rate': 0.025972007819926174}. Best is trial 42 with value: 91.63338470458984.
LOCAL_RANK: 0 - CUDA_VISIBLE_DEVICES: [0]
[I 2023-11-30 06:59:53,904] Trial 129 finished with value: 111.38104248046875 and parameters: {'gradient_clip_val': 0.4765294803745954, 'hidden_size': 35, 'dropout': 0.3997631471364173, 'hidden_continuous_size': 22, 'attention_head_size': 1, 'learning_rate': 0.01643950916639188}. Best is trial 42 with value: 91.63338470458984.
LOCAL_RANK: 0 - CUDA_VISIBLE_DEVICES: [0]
[I 2023-11-30 07:00:06,065] Trial 130 finished with value: 139.78489685058594 and parameters: {'gradient_clip_val': 0.4473049091324817, 'hidden_size': 25, 'dropout': 0.3185844701059433, 'hidden_continuous_size': 16, 'attention_head_size': 1, 'learning_rate': 0.009820532268060029}. Best is trial 42 with value: 91.63338470458984.
LOCAL_RANK: 0 - CUDA_VISIBLE_DEVICES: [0]
[I 2023-11-30 07:00:18,225] Trial 131 finished with value: 103.85033416748047 and parameters: {'gradient_clip_val': 0.5365608905920763, 'hidden_size': 27, 'dropout': 0.3780843030419659, 'hidden_continuous_size': 13, 'attention_head_size': 1, 'learning_rate': 0.013716423847579253}. Best is trial 42 with value: 91.63338470458984.
LOCAL_RANK: 0 - CUDA_VISIBLE_DEVICES: [0]
[I 2023-11-30 07:00:30,032] Trial 132 finished with value: 111.56155395507812 and parameters: {'gradient_clip_val': 0.5232431230664267, 'hidden_size': 28, 'dropout': 0.36406365277235897, 'hidden_continuous_size': 12, 'attention_head_size': 1, 'learning_rate': 0.012036608936494476}. Best is trial 42 with value: 91.63338470458984.
LOCAL_RANK: 0 - CUDA_VISIBLE_DEVICES: [0]
[I 2023-11-30 07:00:42,350] Trial 133 finished with value: 138.06617736816406 and parameters: {'gradient_clip_val': 0.5443968965003204, 'hidden_size': 22, 'dropout': 0.38839327078570357, 'hidden_continuous_size': 12, 'attention_head_size': 1, 'learning_rate': 0.015430443863715282}. Best is trial 42 with value: 91.63338470458984.
LOCAL_RANK: 0 - CUDA_VISIBLE_DEVICES: [0]
[I 2023-11-30 07:00:54,472] Trial 134 finished with value: 109.38114166259766 and parameters: {'gradient_clip_val': 0.49972654407499945, 'hidden_size': 32, 'dropout': 0.37307837178213005, 'hidden_continuous_size': 13, 'attention_head_size': 1, 'learning_rate': 0.017643180312316604}. Best is trial 42 with value: 91.63338470458984.
LOCAL_RANK: 0 - CUDA_VISIBLE_DEVICES: [0]
[I 2023-11-30 07:01:06,531] Trial 135 finished with value: 99.66421508789062 and parameters: {'gradient_clip_val': 0.5975779586975347, 'hidden_size': 26, 'dropout': 0.3454805988691849, 'hidden_continuous_size': 11, 'attention_head_size': 1, 'learning_rate': 0.019766108989616723}. Best is trial 42 with value: 91.63338470458984.
LOCAL_RANK: 0 - CUDA_VISIBLE_DEVICES: [0]
[I 2023-11-30 07:01:18,961] Trial 136 finished with value: 114.407958984375 and parameters: {'gradient_clip_val': 0.6846719245790958, 'hidden_size': 31, 'dropout': 0.347245271246352, 'hidden_continuous_size': 11, 'attention_head_size': 1, 'learning_rate': 0.020040590432024098}. Best is trial 42 with value: 91.63338470458984.
LOCAL_RANK: 0 - CUDA_VISIBLE_DEVICES: [0]
[I 2023-11-30 07:01:31,049] Trial 137 finished with value: 131.0299072265625 and parameters: {'gradient_clip_val': 0.5974508056978143, 'hidden_size': 23, 'dropout': 0.3534886940511528, 'hidden_continuous_size': 11, 'attention_head_size': 1, 'learning_rate': 0.02273403018018028}. Best is trial 42 with value: 91.63338470458984.
LOCAL_RANK: 0 - CUDA_VISIBLE_DEVICES: [0]
[I 2023-11-30 07:01:43,266] Trial 138 finished with value: 116.67010498046875 and parameters: {'gradient_clip_val': 0.638283200239148, 'hidden_size': 26, 'dropout': 0.33265676638053027, 'hidden_continuous_size': 10, 'attention_head_size': 2, 'learning_rate': 0.020293047684093516}. Best is trial 42 with value: 91.63338470458984.
LOCAL_RANK: 0 - CUDA_VISIBLE_DEVICES: [0]
[I 2023-11-30 07:01:55,730] Trial 139 finished with value: 128.12855529785156 and parameters: {'gradient_clip_val': 0.4222406693438073, 'hidden_size': 33, 'dropout': 0.34310715183637647, 'hidden_continuous_size': 14, 'attention_head_size': 1, 'learning_rate': 0.029903851770129754}. Best is trial 42 with value: 91.63338470458984.
LOCAL_RANK: 0 - CUDA_VISIBLE_DEVICES: [0]
[I 2023-11-30 07:02:07,692] Trial 140 finished with value: 113.6355209350586 and parameters: {'gradient_clip_val': 0.5630468301992901, 'hidden_size': 24, 'dropout': 0.3606412322078164, 'hidden_continuous_size': 11, 'attention_head_size': 1, 'learning_rate': 0.01734289153004642}. Best is trial 42 with value: 91.63338470458984.
LOCAL_RANK: 0 - CUDA_VISIBLE_DEVICES: [0]
[I 2023-11-30 07:02:19,887] Trial 141 finished with value: 137.068115234375 and parameters: {'gradient_clip_val': 0.46955755258371856, 'hidden_size': 29, 'dropout': 0.36883827516157164, 'hidden_continuous_size': 12, 'attention_head_size': 1, 'learning_rate': 0.013442437036702578}. Best is trial 42 with value: 91.63338470458984.
LOCAL_RANK: 0 - CUDA_VISIBLE_DEVICES: [0]
[I 2023-11-30 07:02:32,207] Trial 142 finished with value: 103.73046875 and parameters: {'gradient_clip_val': 0.36047129622649005, 'hidden_size': 27, 'dropout': 0.38005150730181797, 'hidden_continuous_size': 17, 'attention_head_size': 1, 'learning_rate': 0.014754733798246036}. Best is trial 42 with value: 91.63338470458984.
LOCAL_RANK: 0 - CUDA_VISIBLE_DEVICES: [0]
[I 2023-11-30 07:02:44,566] Trial 143 finished with value: 115.19335174560547 and parameters: {'gradient_clip_val': 0.32906921822938306, 'hidden_size': 29, 'dropout': 0.39486266216218213, 'hidden_continuous_size': 16, 'attention_head_size': 1, 'learning_rate': 0.010613280888996816}. Best is trial 42 with value: 91.63338470458984.
LOCAL_RANK: 0 - CUDA_VISIBLE_DEVICES: [0]
[I 2023-11-30 07:02:56,633] Trial 144 finished with value: 108.95536041259766 and parameters: {'gradient_clip_val': 0.5743617198898845, 'hidden_size': 26, 'dropout': 0.33887323114872403, 'hidden_continuous_size': 15, 'attention_head_size': 1, 'learning_rate': 0.012868497669922842}. Best is trial 42 with value: 91.63338470458984.
LOCAL_RANK: 0 - CUDA_VISIBLE_DEVICES: [0]
[I 2023-11-30 07:03:08,889] Trial 145 finished with value: 123.2826156616211 and parameters: {'gradient_clip_val': 0.5205408680179086, 'hidden_size': 30, 'dropout': 0.34989359203716697, 'hidden_continuous_size': 12, 'attention_head_size': 1, 'learning_rate': 0.018348783901288204}. Best is trial 42 with value: 91.63338470458984.
LOCAL_RANK: 0 - CUDA_VISIBLE_DEVICES: [0]
[I 2023-11-30 07:03:21,071] Trial 146 finished with value: 127.33942413330078 and parameters: {'gradient_clip_val': 0.4891662261745368, 'hidden_size': 25, 'dropout': 0.38627408751395004, 'hidden_continuous_size': 11, 'attention_head_size': 1, 'learning_rate': 0.011444209487986535}. Best is trial 42 with value: 91.63338470458984.
LOCAL_RANK: 0 - CUDA_VISIBLE_DEVICES: [0]
[I 2023-11-30 07:03:33,201] Trial 147 finished with value: 117.2555160522461 and parameters: {'gradient_clip_val': 0.5439815129666697, 'hidden_size': 28, 'dropout': 0.36438270294304975, 'hidden_continuous_size': 15, 'attention_head_size': 1, 'learning_rate': 0.02374316026840807}. Best is trial 42 with value: 91.63338470458984.
LOCAL_RANK: 0 - CUDA_VISIBLE_DEVICES: [0]
[I 2023-11-30 07:03:45,844] Trial 148 finished with value: 119.5976791381836 and parameters: {'gradient_clip_val': 0.6116115872292076, 'hidden_size': 31, 'dropout': 0.35645067597433605, 'hidden_continuous_size': 18, 'attention_head_size': 1, 'learning_rate': 0.015914041797047855}. Best is trial 42 with value: 91.63338470458984.
LOCAL_RANK: 0 - CUDA_VISIBLE_DEVICES: [0]
[I 2023-11-30 07:03:58,114] Trial 149 finished with value: 115.30106353759766 and parameters: {'gradient_clip_val': 0.4445304854633004, 'hidden_size': 36, 'dropout': 0.3727841034668131, 'hidden_continuous_size': 13, 'attention_head_size': 1, 'learning_rate': 0.021347414709369898}. Best is trial 42 with value: 91.63338470458984.
[I 2023-11-30 07:03:58,225] A new study created in memory with name: no-name-62335657-0984-4c84-80f6-5041e479f6c2
/home/le004/conda/anaconda3/envs/tsff_env/lib/python3.9/site-packages/lightning/fabric/plugins/environments/slurm.py:191: The `srun` command is available on your system but is not used. HINT: If your intention is to run Lightning on SLURM, prepend your python command with `srun` like so: srun python /home/le004/master_thesis/git/TSFusionForecast/code/ ...
LOCAL_RANK: 0 - CUDA_VISIBLE_DEVICES: [0]
[I 2023-11-30 07:04:08,573] Trial 0 finished with value: 68.24908447265625 and parameters: {'gradient_clip_val': 0.17146776640791214, 'hidden_size': 11, 'dropout': 0.3066040890835605, 'hidden_continuous_size': 11, 'attention_head_size': 4, 'learning_rate': 0.07748896812004005}. Best is trial 0 with value: 68.24908447265625.
LOCAL_RANK: 0 - CUDA_VISIBLE_DEVICES: [0]
[I 2023-11-30 07:04:20,632] Trial 1 finished with value: 83.28023529052734 and parameters: {'gradient_clip_val': 0.19542552522936188, 'hidden_size': 27, 'dropout': 0.3594655991224014, 'hidden_continuous_size': 13, 'attention_head_size': 1, 'learning_rate': 0.008547385127667945}. Best is trial 0 with value: 68.24908447265625.
LOCAL_RANK: 0 - CUDA_VISIBLE_DEVICES: [0]
[I 2023-11-30 07:04:32,883] Trial 2 finished with value: 249.8451385498047 and parameters: {'gradient_clip_val': 0.2640894216784811, 'hidden_size': 22, 'dropout': 0.3304988827377176, 'hidden_continuous_size': 10, 'attention_head_size': 3, 'learning_rate': 0.003719570824620404}. Best is trial 0 with value: 68.24908447265625.
LOCAL_RANK: 0 - CUDA_VISIBLE_DEVICES: [0]
[I 2023-11-30 07:04:45,184] Trial 3 finished with value: 72.32450103759766 and parameters: {'gradient_clip_val': 0.3952018336011235, 'hidden_size': 16, 'dropout': 0.3903443635589723, 'hidden_continuous_size': 14, 'attention_head_size': 4, 'learning_rate': 0.06571812852469812}. Best is trial 0 with value: 68.24908447265625.
LOCAL_RANK: 0 - CUDA_VISIBLE_DEVICES: [0]
[I 2023-11-30 07:04:58,202] Trial 4 finished with value: 190.8358917236328 and parameters: {'gradient_clip_val': 0.37732875405617217, 'hidden_size': 53, 'dropout': 0.23898294754390578, 'hidden_continuous_size': 13, 'attention_head_size': 4, 'learning_rate': 0.0010058093558941489}. Best is trial 0 with value: 68.24908447265625.
LOCAL_RANK: 0 - CUDA_VISIBLE_DEVICES: [0]
[I 2023-11-30 07:05:09,973] Trial 5 finished with value: 73.72205352783203 and parameters: {'gradient_clip_val': 0.45159967339792206, 'hidden_size': 12, 'dropout': 0.19636931334726326, 'hidden_continuous_size': 10, 'attention_head_size': 1, 'learning_rate': 0.05977168983990843}. Best is trial 0 with value: 68.24908447265625.
LOCAL_RANK: 0 - CUDA_VISIBLE_DEVICES: [0]
[I 2023-11-30 07:05:21,982] Trial 6 finished with value: 67.58646392822266 and parameters: {'gradient_clip_val': 0.14009277613518653, 'hidden_size': 23, 'dropout': 0.3957903901639075, 'hidden_continuous_size': 10, 'attention_head_size': 2, 'learning_rate': 0.055986830707068266}. Best is trial 6 with value: 67.58646392822266.
LOCAL_RANK: 0 - CUDA_VISIBLE_DEVICES: [0]
[I 2023-11-30 07:05:36,330] Trial 7 finished with value: 64.70933532714844 and parameters: {'gradient_clip_val': 0.6357957208145212, 'hidden_size': 127, 'dropout': 0.3313638403646125, 'hidden_continuous_size': 79, 'attention_head_size': 3, 'learning_rate': 0.003008010528585161}. Best is trial 7 with value: 64.70933532714844.
LOCAL_RANK: 0 - CUDA_VISIBLE_DEVICES: [0]
[I 2023-11-30 07:05:49,650] Trial 8 finished with value: 67.70532989501953 and parameters: {'gradient_clip_val': 0.20459328960801018, 'hidden_size': 46, 'dropout': 0.2958446903573497, 'hidden_continuous_size': 26, 'attention_head_size': 4, 'learning_rate': 0.018413731789290327}. Best is trial 7 with value: 64.70933532714844.
LOCAL_RANK: 0 - CUDA_VISIBLE_DEVICES: [0]
[I 2023-11-30 07:06:03,908] Trial 9 finished with value: 63.2580680847168 and parameters: {'gradient_clip_val': 0.9160881405357085, 'hidden_size': 104, 'dropout': 0.20810021783713334, 'hidden_continuous_size': 96, 'attention_head_size': 4, 'learning_rate': 0.01333856511035944}. Best is trial 9 with value: 63.2580680847168.
LOCAL_RANK: 0 - CUDA_VISIBLE_DEVICES: [0]
[I 2023-11-30 07:06:18,718] Trial 10 finished with value: 80.43871307373047 and parameters: {'gradient_clip_val': 0.9736207013651924, 'hidden_size': 150, 'dropout': 0.15934109784768397, 'hidden_continuous_size': 138, 'attention_head_size': 2, 'learning_rate': 0.0187241547428926}. Best is trial 9 with value: 63.2580680847168.
LOCAL_RANK: 0 - CUDA_VISIBLE_DEVICES: [0]
[I 2023-11-30 07:06:33,210] Trial 11 finished with value: 69.0451431274414 and parameters: {'gradient_clip_val': 0.9068239915779348, 'hidden_size': 131, 'dropout': 0.119405585671541, 'hidden_continuous_size': 88, 'attention_head_size': 3, 'learning_rate': 0.003677827879073563}. Best is trial 9 with value: 63.2580680847168.
LOCAL_RANK: 0 - CUDA_VISIBLE_DEVICES: [0]
[I 2023-11-30 07:06:47,044] Trial 12 finished with value: 68.5498275756836 and parameters: {'gradient_clip_val': 0.6385611611127552, 'hidden_size': 88, 'dropout': 0.2670719112329985, 'hidden_continuous_size': 61, 'attention_head_size': 3, 'learning_rate': 0.005249416348213066}. Best is trial 9 with value: 63.2580680847168.
LOCAL_RANK: 0 - CUDA_VISIBLE_DEVICES: [0]
[I 2023-11-30 07:07:01,086] Trial 13 finished with value: 105.90853118896484 and parameters: {'gradient_clip_val': 0.6607172402916442, 'hidden_size': 79, 'dropout': 0.22418800576452566, 'hidden_continuous_size': 47, 'attention_head_size': 3, 'learning_rate': 0.0016833839214600301}. Best is trial 9 with value: 63.2580680847168.
LOCAL_RANK: 0 - CUDA_VISIBLE_DEVICES: [0]
[I 2023-11-30 07:07:15,230] Trial 14 finished with value: 71.0854721069336 and parameters: {'gradient_clip_val': 0.10260029013865646, 'hidden_size': 103, 'dropout': 0.2754527086940992, 'hidden_continuous_size': 65, 'attention_head_size': 2, 'learning_rate': 0.01121057418155813}. Best is trial 9 with value: 63.2580680847168.
LOCAL_RANK: 0 - CUDA_VISIBLE_DEVICES: [0]
[I 2023-11-30 07:07:28,477] Trial 15 finished with value: 99.75872802734375 and parameters: {'gradient_clip_val': 0.647780148022835, 'hidden_size': 64, 'dropout': 0.20325831564006866, 'hidden_continuous_size': 30, 'attention_head_size': 4, 'learning_rate': 0.0021020478592431676}. Best is trial 9 with value: 63.2580680847168.
LOCAL_RANK: 0 - CUDA_VISIBLE_DEVICES: [0]
[I 2023-11-30 07:07:42,976] Trial 16 finished with value: 67.19029998779297 and parameters: {'gradient_clip_val': 0.49907120939849875, 'hidden_size': 106, 'dropout': 0.3328831256392693, 'hidden_continuous_size': 99, 'attention_head_size': 3, 'learning_rate': 0.006282499136913221}. Best is trial 9 with value: 63.2580680847168.
LOCAL_RANK: 0 - CUDA_VISIBLE_DEVICES: [0]
[I 2023-11-30 07:07:56,620] Trial 17 finished with value: 69.83159637451172 and parameters: {'gradient_clip_val': 0.7916966719320814, 'hidden_size': 70, 'dropout': 0.24548786181355703, 'hidden_continuous_size': 38, 'attention_head_size': 4, 'learning_rate': 0.012396006292606598}. Best is trial 9 with value: 63.2580680847168.
LOCAL_RANK: 0 - CUDA_VISIBLE_DEVICES: [0]
[I 2023-11-30 07:08:11,089] Trial 18 finished with value: 67.40229034423828 and parameters: {'gradient_clip_val': 0.5380176817267169, 'hidden_size': 118, 'dropout': 0.2793730420515188, 'hidden_continuous_size': 71, 'attention_head_size': 3, 'learning_rate': 0.02814554174244391}. Best is trial 9 with value: 63.2580680847168.
LOCAL_RANK: 0 - CUDA_VISIBLE_DEVICES: [0]
[I 2023-11-30 07:08:24,899] Trial 19 finished with value: 66.48883819580078 and parameters: {'gradient_clip_val': 0.9901709016448407, 'hidden_size': 87, 'dropout': 0.17098457033073056, 'hidden_continuous_size': 50, 'attention_head_size': 2, 'learning_rate': 0.006696834272909089}. Best is trial 9 with value: 63.2580680847168.
LOCAL_RANK: 0 - CUDA_VISIBLE_DEVICES: [0]
[I 2023-11-30 07:08:36,112] Trial 20 finished with value: 72.91597747802734 and parameters: {'gradient_clip_val': 0.816151701965574, 'hidden_size': 150, 'dropout': 0.245104752278823, 'hidden_continuous_size': 150, 'attention_head_size': 4, 'learning_rate': 0.003789875509444911}. Best is trial 9 with value: 63.2580680847168.
LOCAL_RANK: 0 - CUDA_VISIBLE_DEVICES: [0]
[I 2023-11-30 07:08:49,788] Trial 21 finished with value: 64.0218276977539 and parameters: {'gradient_clip_val': 0.930999834396267, 'hidden_size': 88, 'dropout': 0.1733875230030732, 'hidden_continuous_size': 52, 'attention_head_size': 2, 'learning_rate': 0.007013243616622446}. Best is trial 9 with value: 63.2580680847168.
LOCAL_RANK: 0 - CUDA_VISIBLE_DEVICES: [0]
[I 2023-11-30 07:09:03,894] Trial 22 finished with value: 74.4229965209961 and parameters: {'gradient_clip_val': 0.7845130904666688, 'hidden_size': 107, 'dropout': 0.2137157846584695, 'hidden_continuous_size': 71, 'attention_head_size': 2, 'learning_rate': 0.00852371481696838}. Best is trial 9 with value: 63.2580680847168.
LOCAL_RANK: 0 - CUDA_VISIBLE_DEVICES: [0]
[I 2023-11-30 07:09:17,435] Trial 23 finished with value: 76.37205505371094 and parameters: {'gradient_clip_val': 0.999309196355761, 'hidden_size': 58, 'dropout': 0.18171457134071603, 'hidden_continuous_size': 38, 'attention_head_size': 1, 'learning_rate': 0.004490193701885659}. Best is trial 9 with value: 63.2580680847168.
LOCAL_RANK: 0 - CUDA_VISIBLE_DEVICES: [0]
[I 2023-11-30 07:09:31,091] Trial 24 finished with value: 73.95305633544922 and parameters: {'gradient_clip_val': 0.6895561228034135, 'hidden_size': 76, 'dropout': 0.15072829315976383, 'hidden_continuous_size': 52, 'attention_head_size': 2, 'learning_rate': 0.003060448749494398}. Best is trial 9 with value: 63.2580680847168.
LOCAL_RANK: 0 - CUDA_VISIBLE_DEVICES: [0]
[I 2023-11-30 07:09:43,922] Trial 25 finished with value: 76.75772857666016 and parameters: {'gradient_clip_val': 0.5940098591829915, 'hidden_size': 42, 'dropout': 0.22250537816595586, 'hidden_continuous_size': 19, 'attention_head_size': 3, 'learning_rate': 0.006479044674428677}. Best is trial 9 with value: 63.2580680847168.
LOCAL_RANK: 0 - CUDA_VISIBLE_DEVICES: [0]
[I 2023-11-30 07:09:57,991] Trial 26 finished with value: 70.6290512084961 and parameters: {'gradient_clip_val': 0.8190206600844768, 'hidden_size': 99, 'dropout': 0.13619339632855387, 'hidden_continuous_size': 58, 'attention_head_size': 2, 'learning_rate': 0.0023376645643467036}. Best is trial 9 with value: 63.2580680847168.
LOCAL_RANK: 0 - CUDA_VISIBLE_DEVICES: [0]
[I 2023-11-30 07:10:12,396] Trial 27 finished with value: 80.80149841308594 and parameters: {'gradient_clip_val': 0.7343794717370796, 'hidden_size': 122, 'dropout': 0.17618727935266262, 'hidden_continuous_size': 87, 'attention_head_size': 3, 'learning_rate': 0.00509917959907493}. Best is trial 9 with value: 63.2580680847168.
LOCAL_RANK: 0 - CUDA_VISIBLE_DEVICES: [0]
[I 2023-11-30 07:10:25,945] Trial 28 finished with value: 70.49222564697266 and parameters: {'gradient_clip_val': 0.5807233971753929, 'hidden_size': 69, 'dropout': 0.20397312619684044, 'hidden_continuous_size': 41, 'attention_head_size': 1, 'learning_rate': 0.013601133005552327}. Best is trial 9 with value: 63.2580680847168.
LOCAL_RANK: 0 - CUDA_VISIBLE_DEVICES: [0]
[I 2023-11-30 07:10:39,993] Trial 29 finished with value: 71.65534210205078 and parameters: {'gradient_clip_val': 0.5080662254355552, 'hidden_size': 89, 'dropout': 0.11051638911126395, 'hidden_continuous_size': 57, 'attention_head_size': 4, 'learning_rate': 0.0087343119433917}. Best is trial 9 with value: 63.2580680847168.
LOCAL_RANK: 0 - CUDA_VISIBLE_DEVICES: [0]
[I 2023-11-30 07:10:54,437] Trial 30 finished with value: 75.6184310913086 and parameters: {'gradient_clip_val': 0.8744006927894927, 'hidden_size': 129, 'dropout': 0.14723842049893732, 'hidden_continuous_size': 76, 'attention_head_size': 3, 'learning_rate': 0.0026988972972044577}. Best is trial 9 with value: 63.2580680847168.
LOCAL_RANK: 0 - CUDA_VISIBLE_DEVICES: [0]
[I 2023-11-30 07:11:08,237] Trial 31 finished with value: 65.03787994384766 and parameters: {'gradient_clip_val': 0.9722348038882603, 'hidden_size': 87, 'dropout': 0.17551408662730203, 'hidden_continuous_size': 50, 'attention_head_size': 2, 'learning_rate': 0.006628613811526158}. Best is trial 9 with value: 63.2580680847168.
LOCAL_RANK: 0 - CUDA_VISIBLE_DEVICES: [0]
[I 2023-11-30 07:11:22,291] Trial 32 finished with value: 68.50562286376953 and parameters: {'gradient_clip_val': 0.7338063785705093, 'hidden_size': 92, 'dropout': 0.16341172613400526, 'hidden_continuous_size': 45, 'attention_head_size': 2, 'learning_rate': 0.006747800671950991}. Best is trial 9 with value: 63.2580680847168.
LOCAL_RANK: 0 - CUDA_VISIBLE_DEVICES: [0]
[I 2023-11-30 07:11:36,151] Trial 33 finished with value: 62.829803466796875 and parameters: {'gradient_clip_val': 0.8595673312947172, 'hidden_size': 78, 'dropout': 0.18287460471127265, 'hidden_continuous_size': 56, 'attention_head_size': 2, 'learning_rate': 0.008751166203671909}. Best is trial 33 with value: 62.829803466796875.
LOCAL_RANK: 0 - CUDA_VISIBLE_DEVICES: [0]
