[I 2023-11-30 13:16:57,857] Trial 18 finished with value: 377.4588928222656 and parameters: {'gradient_clip_val': 0.21955712853658635, 'hidden_size': 20, 'dropout': 0.13966236402670085, 'hidden_continuous_size': 14, 'attention_head_size': 3, 'learning_rate': 0.04445507365429658}. Best is trial 9 with value: 334.36895751953125.
LOCAL_RANK: 0 - CUDA_VISIBLE_DEVICES: [0]
[I 2023-11-30 13:17:09,992] Trial 19 finished with value: 362.511962890625 and parameters: {'gradient_clip_val': 0.1630327495000108, 'hidden_size': 15, 'dropout': 0.18589071068024243, 'hidden_continuous_size': 11, 'attention_head_size': 2, 'learning_rate': 0.08998668181775828}. Best is trial 9 with value: 334.36895751953125.
LOCAL_RANK: 0 - CUDA_VISIBLE_DEVICES: [0]
[I 2023-11-30 13:17:22,592] Trial 20 finished with value: 348.5066833496094 and parameters: {'gradient_clip_val': 0.12140157307009809, 'hidden_size': 22, 'dropout': 0.12160744283526728, 'hidden_continuous_size': 16, 'attention_head_size': 4, 'learning_rate': 0.03708818715318822}. Best is trial 9 with value: 334.36895751953125.
LOCAL_RANK: 0 - CUDA_VISIBLE_DEVICES: [0]
[I 2023-11-30 13:17:35,073] Trial 21 finished with value: 391.9021911621094 and parameters: {'gradient_clip_val': 0.12143477928866095, 'hidden_size': 25, 'dropout': 0.13203855308399112, 'hidden_continuous_size': 17, 'attention_head_size': 4, 'learning_rate': 0.03758986170068223}. Best is trial 9 with value: 334.36895751953125.
LOCAL_RANK: 0 - CUDA_VISIBLE_DEVICES: [0]
[I 2023-11-30 13:17:47,452] Trial 22 finished with value: 344.1109313964844 and parameters: {'gradient_clip_val': 0.12673902065275708, 'hidden_size': 21, 'dropout': 0.1630372438366334, 'hidden_continuous_size': 16, 'attention_head_size': 4, 'learning_rate': 0.03393428453673923}. Best is trial 9 with value: 334.36895751953125.
LOCAL_RANK: 0 - CUDA_VISIBLE_DEVICES: [0]
[I 2023-11-30 13:18:00,284] Trial 23 finished with value: 362.6768798828125 and parameters: {'gradient_clip_val': 0.12367443320050173, 'hidden_size': 33, 'dropout': 0.1272274859876872, 'hidden_continuous_size': 16, 'attention_head_size': 4, 'learning_rate': 0.033170985949884386}. Best is trial 9 with value: 334.36895751953125.
LOCAL_RANK: 0 - CUDA_VISIBLE_DEVICES: [0]
[I 2023-11-30 13:18:12,477] Trial 24 finished with value: 372.2478332519531 and parameters: {'gradient_clip_val': 0.10093117923830904, 'hidden_size': 22, 'dropout': 0.17220908617498087, 'hidden_continuous_size': 14, 'attention_head_size': 4, 'learning_rate': 0.017658639803723477}. Best is trial 9 with value: 334.36895751953125.
LOCAL_RANK: 0 - CUDA_VISIBLE_DEVICES: [0]
[I 2023-11-30 13:18:24,962] Trial 25 finished with value: 321.8381042480469 and parameters: {'gradient_clip_val': 0.1692455900737909, 'hidden_size': 14, 'dropout': 0.1259707191995219, 'hidden_continuous_size': 10, 'attention_head_size': 4, 'learning_rate': 0.04506025864308533}. Best is trial 25 with value: 321.8381042480469.
LOCAL_RANK: 0 - CUDA_VISIBLE_DEVICES: [0]
[I 2023-11-30 13:18:37,047] Trial 26 finished with value: 336.4140319824219 and parameters: {'gradient_clip_val': 0.1761869667920953, 'hidden_size': 14, 'dropout': 0.16954015342050122, 'hidden_continuous_size': 10, 'attention_head_size': 3, 'learning_rate': 0.060915015206193135}. Best is trial 25 with value: 321.8381042480469.
LOCAL_RANK: 0 - CUDA_VISIBLE_DEVICES: [0]
[I 2023-11-30 13:18:49,277] Trial 27 finished with value: 297.06573486328125 and parameters: {'gradient_clip_val': 0.17643883172461197, 'hidden_size': 13, 'dropout': 0.17100819043458768, 'hidden_continuous_size': 10, 'attention_head_size': 3, 'learning_rate': 0.06675059100820169}. Best is trial 27 with value: 297.06573486328125.
LOCAL_RANK: 0 - CUDA_VISIBLE_DEVICES: [0]
[I 2023-11-30 13:18:59,622] Trial 28 finished with value: 421.0144348144531 and parameters: {'gradient_clip_val': 0.23007555358477202, 'hidden_size': 10, 'dropout': 0.11570004576204902, 'hidden_continuous_size': 10, 'attention_head_size': 3, 'learning_rate': 0.04819823152808899}. Best is trial 27 with value: 297.06573486328125.
LOCAL_RANK: 0 - CUDA_VISIBLE_DEVICES: [0]
[I 2023-11-30 13:19:11,689] Trial 29 finished with value: 346.52734375 and parameters: {'gradient_clip_val': 0.17372089577120722, 'hidden_size': 13, 'dropout': 0.1429201348575072, 'hidden_continuous_size': 10, 'attention_head_size': 3, 'learning_rate': 0.07265656604157002}. Best is trial 27 with value: 297.06573486328125.
LOCAL_RANK: 0 - CUDA_VISIBLE_DEVICES: [0]
[I 2023-11-30 13:19:24,019] Trial 30 finished with value: 478.3004455566406 and parameters: {'gradient_clip_val': 0.19062825411750461, 'hidden_size': 16, 'dropout': 0.13115540455880775, 'hidden_continuous_size': 11, 'attention_head_size': 4, 'learning_rate': 0.014129389746961906}. Best is trial 27 with value: 297.06573486328125.
LOCAL_RANK: 0 - CUDA_VISIBLE_DEVICES: [0]
[I 2023-11-30 13:19:36,070] Trial 31 finished with value: 405.6319274902344 and parameters: {'gradient_clip_val': 0.1688457642489853, 'hidden_size': 13, 'dropout': 0.17564022625163297, 'hidden_continuous_size': 10, 'attention_head_size': 3, 'learning_rate': 0.0571992565197119}. Best is trial 27 with value: 297.06573486328125.
LOCAL_RANK: 0 - CUDA_VISIBLE_DEVICES: [0]
[I 2023-11-30 13:19:48,052] Trial 32 finished with value: 380.68212890625 and parameters: {'gradient_clip_val': 0.2011611009669429, 'hidden_size': 14, 'dropout': 0.16889021613696786, 'hidden_continuous_size': 10, 'attention_head_size': 3, 'learning_rate': 0.0954220756688571}. Best is trial 27 with value: 297.06573486328125.
LOCAL_RANK: 0 - CUDA_VISIBLE_DEVICES: [0]
[I 2023-11-30 13:20:00,059] Trial 33 finished with value: 386.7665100097656 and parameters: {'gradient_clip_val': 0.2386416327417763, 'hidden_size': 16, 'dropout': 0.10156438038609074, 'hidden_continuous_size': 11, 'attention_head_size': 4, 'learning_rate': 0.06796956595390594}. Best is trial 27 with value: 297.06573486328125.
LOCAL_RANK: 0 - CUDA_VISIBLE_DEVICES: [0]
[I 2023-11-30 13:20:10,164] Trial 34 finished with value: 408.2283935546875 and parameters: {'gradient_clip_val': 0.16335025457532598, 'hidden_size': 10, 'dropout': 0.15104797269615713, 'hidden_continuous_size': 10, 'attention_head_size': 3, 'learning_rate': 0.04483617925394083}. Best is trial 27 with value: 297.06573486328125.
LOCAL_RANK: 0 - CUDA_VISIBLE_DEVICES: [0]
[I 2023-11-30 13:20:22,393] Trial 35 finished with value: 406.6595764160156 and parameters: {'gradient_clip_val': 0.26194846616850903, 'hidden_size': 12, 'dropout': 0.18726720023143506, 'hidden_continuous_size': 10, 'attention_head_size': 4, 'learning_rate': 0.05268783677478389}. Best is trial 27 with value: 297.06573486328125.
LOCAL_RANK: 0 - CUDA_VISIBLE_DEVICES: [0]
[I 2023-11-30 13:20:34,590] Trial 36 finished with value: 368.164794921875 and parameters: {'gradient_clip_val': 0.191115014342222, 'hidden_size': 15, 'dropout': 0.12159129557783688, 'hidden_continuous_size': 11, 'attention_head_size': 3, 'learning_rate': 0.07466103455153726}. Best is trial 27 with value: 297.06573486328125.
LOCAL_RANK: 0 - CUDA_VISIBLE_DEVICES: [0]
[I 2023-11-30 13:20:46,769] Trial 37 finished with value: 358.999755859375 and parameters: {'gradient_clip_val': 0.15544417983903222, 'hidden_size': 18, 'dropout': 0.13903437277178857, 'hidden_continuous_size': 12, 'attention_head_size': 2, 'learning_rate': 0.06684816906893311}. Best is trial 27 with value: 297.06573486328125.
LOCAL_RANK: 0 - CUDA_VISIBLE_DEVICES: [0]
[I 2023-11-30 13:20:58,712] Trial 38 finished with value: 599.0870971679688 and parameters: {'gradient_clip_val': 0.2980466064828775, 'hidden_size': 12, 'dropout': 0.17629223648338266, 'hidden_continuous_size': 10, 'attention_head_size': 4, 'learning_rate': 0.027512717689362632}. Best is trial 27 with value: 297.06573486328125.
LOCAL_RANK: 0 - CUDA_VISIBLE_DEVICES: [0]
[I 2023-11-30 13:21:10,749] Trial 39 finished with value: 329.1191101074219 and parameters: {'gradient_clip_val': 0.212812523163876, 'hidden_size': 18, 'dropout': 0.2022152479165574, 'hidden_continuous_size': 11, 'attention_head_size': 3, 'learning_rate': 0.04427131278641403}. Best is trial 27 with value: 297.06573486328125.
LOCAL_RANK: 0 - CUDA_VISIBLE_DEVICES: [0]
[I 2023-11-30 13:21:23,029] Trial 40 finished with value: 562.7299194335938 and parameters: {'gradient_clip_val': 0.21059769533727343, 'hidden_size': 18, 'dropout': 0.2007151883878907, 'hidden_continuous_size': 11, 'attention_head_size': 3, 'learning_rate': 0.008783640453788448}. Best is trial 27 with value: 297.06573486328125.
LOCAL_RANK: 0 - CUDA_VISIBLE_DEVICES: [0]
[I 2023-11-30 13:21:35,008] Trial 41 finished with value: 378.6806335449219 and parameters: {'gradient_clip_val': 0.19150744381705712, 'hidden_size': 14, 'dropout': 0.16294982029723504, 'hidden_continuous_size': 10, 'attention_head_size': 3, 'learning_rate': 0.0575896744959292}. Best is trial 27 with value: 297.06573486328125.
LOCAL_RANK: 0 - CUDA_VISIBLE_DEVICES: [0]
[I 2023-11-30 13:21:46,852] Trial 42 finished with value: 335.3965148925781 and parameters: {'gradient_clip_val': 0.17538577366270947, 'hidden_size': 16, 'dropout': 0.14584361834036622, 'hidden_continuous_size': 11, 'attention_head_size': 3, 'learning_rate': 0.046754668549536055}. Best is trial 27 with value: 297.06573486328125.
LOCAL_RANK: 0 - CUDA_VISIBLE_DEVICES: [0]
[I 2023-11-30 13:21:59,030] Trial 43 finished with value: 330.3408508300781 and parameters: {'gradient_clip_val': 0.2574953774761139, 'hidden_size': 25, 'dropout': 0.14536292058752745, 'hidden_continuous_size': 12, 'attention_head_size': 2, 'learning_rate': 0.03903461212016488}. Best is trial 27 with value: 297.06573486328125.
LOCAL_RANK: 0 - CUDA_VISIBLE_DEVICES: [0]
[I 2023-11-30 13:22:11,254] Trial 44 finished with value: 379.2322082519531 and parameters: {'gradient_clip_val': 0.251774586377197, 'hidden_size': 25, 'dropout': 0.11606633177858919, 'hidden_continuous_size': 12, 'attention_head_size': 2, 'learning_rate': 0.030137721359734172}. Best is trial 27 with value: 297.06573486328125.
LOCAL_RANK: 0 - CUDA_VISIBLE_DEVICES: [0]
[I 2023-11-30 13:22:23,507] Trial 45 finished with value: 354.2950134277344 and parameters: {'gradient_clip_val': 0.22386450644216485, 'hidden_size': 19, 'dropout': 0.1964642950915199, 'hidden_continuous_size': 12, 'attention_head_size': 2, 'learning_rate': 0.0400908719477935}. Best is trial 27 with value: 297.06573486328125.
LOCAL_RANK: 0 - CUDA_VISIBLE_DEVICES: [0]
[I 2023-11-30 13:22:35,614] Trial 46 finished with value: 422.9416198730469 and parameters: {'gradient_clip_val': 0.29314009174088645, 'hidden_size': 28, 'dropout': 0.15287880153189531, 'hidden_continuous_size': 13, 'attention_head_size': 2, 'learning_rate': 0.08291864809374364}. Best is trial 27 with value: 297.06573486328125.
LOCAL_RANK: 0 - CUDA_VISIBLE_DEVICES: [0]
[I 2023-11-30 13:22:47,711] Trial 47 finished with value: 366.1898498535156 and parameters: {'gradient_clip_val': 0.26762195765244373, 'hidden_size': 24, 'dropout': 0.2198367878699243, 'hidden_continuous_size': 12, 'attention_head_size': 2, 'learning_rate': 0.020114583081119488}. Best is trial 27 with value: 297.06573486328125.
LOCAL_RANK: 0 - CUDA_VISIBLE_DEVICES: [0]
[I 2023-11-30 13:23:00,265] Trial 48 finished with value: 400.5288391113281 and parameters: {'gradient_clip_val': 0.33834082739051463, 'hidden_size': 42, 'dropout': 0.11371992059225731, 'hidden_continuous_size': 13, 'attention_head_size': 1, 'learning_rate': 0.030371455464714835}. Best is trial 27 with value: 297.06573486328125.
LOCAL_RANK: 0 - CUDA_VISIBLE_DEVICES: [0]
[I 2023-11-30 13:23:12,708] Trial 49 finished with value: 344.7345275878906 and parameters: {'gradient_clip_val': 0.20607661531400429, 'hidden_size': 17, 'dropout': 0.1864635259711849, 'hidden_continuous_size': 11, 'attention_head_size': 4, 'learning_rate': 0.03953816854241855}. Best is trial 27 with value: 297.06573486328125.
LOCAL_RANK: 0 - CUDA_VISIBLE_DEVICES: [0]
[I 2023-11-30 13:23:24,580] Trial 50 finished with value: 369.8277282714844 and parameters: {'gradient_clip_val': 0.2299491781384402, 'hidden_size': 20, 'dropout': 0.23501625011635485, 'hidden_continuous_size': 11, 'attention_head_size': 2, 'learning_rate': 0.02263976931533481}. Best is trial 27 with value: 297.06573486328125.
LOCAL_RANK: 0 - CUDA_VISIBLE_DEVICES: [0]
[I 2023-11-30 13:23:36,682] Trial 51 finished with value: 356.4909973144531 and parameters: {'gradient_clip_val': 0.1807907664996412, 'hidden_size': 17, 'dropout': 0.14926315770166623, 'hidden_continuous_size': 11, 'attention_head_size': 3, 'learning_rate': 0.043882162458278}. Best is trial 27 with value: 297.06573486328125.
LOCAL_RANK: 0 - CUDA_VISIBLE_DEVICES: [0]
[I 2023-11-30 13:23:48,522] Trial 52 finished with value: 326.5596923828125 and parameters: {'gradient_clip_val': 0.15350353225135688, 'hidden_size': 16, 'dropout': 0.14054589292729702, 'hidden_continuous_size': 12, 'attention_head_size': 3, 'learning_rate': 0.05232380224122215}. Best is trial 27 with value: 297.06573486328125.
LOCAL_RANK: 0 - CUDA_VISIBLE_DEVICES: [0]
[I 2023-11-30 13:24:00,769] Trial 53 finished with value: 391.3045959472656 and parameters: {'gradient_clip_val': 0.14274791192158498, 'hidden_size': 22, 'dropout': 0.13323534979640447, 'hidden_continuous_size': 13, 'attention_head_size': 3, 'learning_rate': 0.08174771036422089}. Best is trial 27 with value: 297.06573486328125.
LOCAL_RANK: 0 - CUDA_VISIBLE_DEVICES: [0]
[I 2023-11-30 13:24:13,086] Trial 54 finished with value: 339.6285095214844 and parameters: {'gradient_clip_val': 0.15357081614913423, 'hidden_size': 19, 'dropout': 0.16154626030264918, 'hidden_continuous_size': 12, 'attention_head_size': 4, 'learning_rate': 0.0550671110307156}. Best is trial 27 with value: 297.06573486328125.
LOCAL_RANK: 0 - CUDA_VISIBLE_DEVICES: [0]
[I 2023-11-30 13:24:25,204] Trial 55 finished with value: 466.4495544433594 and parameters: {'gradient_clip_val': 0.13402048559954585, 'hidden_size': 11, 'dropout': 0.1364986330752799, 'hidden_continuous_size': 10, 'attention_head_size': 3, 'learning_rate': 0.03289940899125868}. Best is trial 27 with value: 297.06573486328125.
LOCAL_RANK: 0 - CUDA_VISIBLE_DEVICES: [0]
[I 2023-11-30 13:24:38,695] Trial 56 finished with value: 393.6925354003906 and parameters: {'gradient_clip_val': 0.15714875685467025, 'hidden_size': 74, 'dropout': 0.10736550755778354, 'hidden_continuous_size': 19, 'attention_head_size': 2, 'learning_rate': 0.06440735913460363}. Best is trial 27 with value: 297.06573486328125.
LOCAL_RANK: 0 - CUDA_VISIBLE_DEVICES: [0]
[I 2023-11-30 13:24:51,084] Trial 57 finished with value: 346.543701171875 and parameters: {'gradient_clip_val': 0.19879626635357578, 'hidden_size': 21, 'dropout': 0.12389244921427049, 'hidden_continuous_size': 15, 'attention_head_size': 4, 'learning_rate': 0.05069276329329525}. Best is trial 27 with value: 297.06573486328125.
LOCAL_RANK: 0 - CUDA_VISIBLE_DEVICES: [0]
[I 2023-11-30 13:25:03,143] Trial 58 finished with value: 447.0169982910156 and parameters: {'gradient_clip_val': 0.21401880577083657, 'hidden_size': 28, 'dropout': 0.17917510609950985, 'hidden_continuous_size': 14, 'attention_head_size': 1, 'learning_rate': 0.09766274544084673}. Best is trial 27 with value: 297.06573486328125.
LOCAL_RANK: 0 - CUDA_VISIBLE_DEVICES: [0]
[I 2023-11-30 13:25:15,905] Trial 59 finished with value: 345.600341796875 and parameters: {'gradient_clip_val': 0.14691982909322152, 'hidden_size': 36, 'dropout': 0.15832224076591087, 'hidden_continuous_size': 19, 'attention_head_size': 3, 'learning_rate': 0.02726625755396726}. Best is trial 27 with value: 297.06573486328125.
LOCAL_RANK: 0 - CUDA_VISIBLE_DEVICES: [0]
[I 2023-11-30 13:25:28,208] Trial 60 finished with value: 345.649169921875 and parameters: {'gradient_clip_val': 0.11263173095081619, 'hidden_size': 15, 'dropout': 0.1291755551231224, 'hidden_continuous_size': 12, 'attention_head_size': 4, 'learning_rate': 0.03806759081090338}. Best is trial 27 with value: 297.06573486328125.
LOCAL_RANK: 0 - CUDA_VISIBLE_DEVICES: [0]
[I 2023-11-30 13:25:40,024] Trial 61 finished with value: 379.3911437988281 and parameters: {'gradient_clip_val': 0.17906221119009988, 'hidden_size': 16, 'dropout': 0.13978334417552551, 'hidden_continuous_size': 11, 'attention_head_size': 3, 'learning_rate': 0.04803764445377175}. Best is trial 27 with value: 297.06573486328125.
LOCAL_RANK: 0 - CUDA_VISIBLE_DEVICES: [0]
[I 2023-11-30 13:25:52,138] Trial 62 finished with value: 372.2292175292969 and parameters: {'gradient_clip_val': 0.16573634601899528, 'hidden_size': 13, 'dropout': 0.15047405870868522, 'hidden_continuous_size': 11, 'attention_head_size': 3, 'learning_rate': 0.04449903801291605}. Best is trial 27 with value: 297.06573486328125.
LOCAL_RANK: 0 - CUDA_VISIBLE_DEVICES: [0]
[I 2023-11-30 13:26:04,365] Trial 63 finished with value: 344.1649169921875 and parameters: {'gradient_clip_val': 0.18186594438206605, 'hidden_size': 17, 'dropout': 0.14573352161544043, 'hidden_continuous_size': 12, 'attention_head_size': 3, 'learning_rate': 0.07950050359619283}. Best is trial 27 with value: 297.06573486328125.
LOCAL_RANK: 0 - CUDA_VISIBLE_DEVICES: [0]
[I 2023-11-30 13:26:16,628] Trial 64 finished with value: 407.1082458496094 and parameters: {'gradient_clip_val': 0.13776809990124853, 'hidden_size': 20, 'dropout': 0.16833747719375258, 'hidden_continuous_size': 15, 'attention_head_size': 3, 'learning_rate': 0.061020314330477526}. Best is trial 27 with value: 297.06573486328125.
LOCAL_RANK: 0 - CUDA_VISIBLE_DEVICES: [0]
[I 2023-11-30 13:26:28,654] Trial 65 finished with value: 317.4173278808594 and parameters: {'gradient_clip_val': 0.16430558742070728, 'hidden_size': 24, 'dropout': 0.14400325016107945, 'hidden_continuous_size': 11, 'attention_head_size': 2, 'learning_rate': 0.050980637631026914}. Best is trial 27 with value: 297.06573486328125.
LOCAL_RANK: 0 - CUDA_VISIBLE_DEVICES: [0]
[I 2023-11-30 13:26:41,085] Trial 66 finished with value: 379.9041442871094 and parameters: {'gradient_clip_val': 0.16235314209325413, 'hidden_size': 26, 'dropout': 0.15908976680520748, 'hidden_continuous_size': 17, 'attention_head_size': 2, 'learning_rate': 0.07083133188419882}. Best is trial 27 with value: 297.06573486328125.
LOCAL_RANK: 0 - CUDA_VISIBLE_DEVICES: [0]
[I 2023-11-30 13:26:53,281] Trial 67 finished with value: 382.7364196777344 and parameters: {'gradient_clip_val': 0.14735427331643608, 'hidden_size': 23, 'dropout': 0.11004017666471116, 'hidden_continuous_size': 10, 'attention_head_size': 2, 'learning_rate': 0.05551002688982155}. Best is trial 27 with value: 297.06573486328125.
LOCAL_RANK: 0 - CUDA_VISIBLE_DEVICES: [0]
[I 2023-11-30 13:27:05,238] Trial 68 finished with value: 419.6667175292969 and parameters: {'gradient_clip_val': 0.12974591279239142, 'hidden_size': 23, 'dropout': 0.10114763694414478, 'hidden_continuous_size': 14, 'attention_head_size': 2, 'learning_rate': 0.08567972548813142}. Best is trial 27 with value: 297.06573486328125.
LOCAL_RANK: 0 - CUDA_VISIBLE_DEVICES: [0]
[I 2023-11-30 13:27:17,357] Trial 69 finished with value: 381.1251525878906 and parameters: {'gradient_clip_val': 0.1940753766365951, 'hidden_size': 26, 'dropout': 0.18016933160306728, 'hidden_continuous_size': 13, 'attention_head_size': 2, 'learning_rate': 0.03511052478785378}. Best is trial 27 with value: 297.06573486328125.
LOCAL_RANK: 0 - CUDA_VISIBLE_DEVICES: [0]
[I 2023-11-30 13:27:30,126] Trial 70 finished with value: 395.9593811035156 and parameters: {'gradient_clip_val': 0.21705926068088827, 'hidden_size': 30, 'dropout': 0.1259717725252704, 'hidden_continuous_size': 17, 'attention_head_size': 2, 'learning_rate': 0.06372719344574712}. Best is trial 27 with value: 297.06573486328125.
LOCAL_RANK: 0 - CUDA_VISIBLE_DEVICES: [0]
[I 2023-11-30 13:27:42,312] Trial 71 finished with value: 349.68896484375 and parameters: {'gradient_clip_val': 0.17432416800962938, 'hidden_size': 15, 'dropout': 0.14444020923971368, 'hidden_continuous_size': 11, 'attention_head_size': 3, 'learning_rate': 0.049742835859174515}. Best is trial 27 with value: 297.06573486328125.
LOCAL_RANK: 0 - CUDA_VISIBLE_DEVICES: [0]
[I 2023-11-30 13:27:54,455] Trial 72 finished with value: 379.7442626953125 and parameters: {'gradient_clip_val': 0.16650466820770757, 'hidden_size': 18, 'dropout': 0.14054071041927574, 'hidden_continuous_size': 12, 'attention_head_size': 3, 'learning_rate': 0.047080074749738854}. Best is trial 27 with value: 297.06573486328125.
LOCAL_RANK: 0 - CUDA_VISIBLE_DEVICES: [0]
[I 2023-11-30 13:28:06,803] Trial 73 finished with value: 309.63916015625 and parameters: {'gradient_clip_val': 0.20306219237608875, 'hidden_size': 14, 'dropout': 0.15498299821820097, 'hidden_continuous_size': 11, 'attention_head_size': 4, 'learning_rate': 0.039126838295227256}. Best is trial 27 with value: 297.06573486328125.
LOCAL_RANK: 0 - CUDA_VISIBLE_DEVICES: [0]
[I 2023-11-30 13:28:18,737] Trial 74 finished with value: 368.4524841308594 and parameters: {'gradient_clip_val': 0.20573012813657487, 'hidden_size': 12, 'dropout': 0.16826755173030952, 'hidden_continuous_size': 11, 'attention_head_size': 4, 'learning_rate': 0.0359465039003408}. Best is trial 27 with value: 297.06573486328125.
LOCAL_RANK: 0 - CUDA_VISIBLE_DEVICES: [0]
[I 2023-11-30 13:28:30,994] Trial 75 finished with value: 380.818603515625 and parameters: {'gradient_clip_val': 0.23930770939961468, 'hidden_size': 14, 'dropout': 0.15850539603418987, 'hidden_continuous_size': 10, 'attention_head_size': 4, 'learning_rate': 0.041374172813571045}. Best is trial 27 with value: 297.06573486328125.
LOCAL_RANK: 0 - CUDA_VISIBLE_DEVICES: [0]
[I 2023-11-30 13:28:43,189] Trial 76 finished with value: 382.5166931152344 and parameters: {'gradient_clip_val': 0.1538257896347791, 'hidden_size': 13, 'dropout': 0.13368150418836444, 'hidden_continuous_size': 11, 'attention_head_size': 4, 'learning_rate': 0.06988961790330091}. Best is trial 27 with value: 297.06573486328125.
LOCAL_RANK: 0 - CUDA_VISIBLE_DEVICES: [0]
