[I 2023-11-30 11:32:40,123] Trial 0 finished with value: 208.85704040527344 and parameters: {'gradient_clip_val': 0.6804478204862634, 'hidden_size': 31, 'dropout': 0.33522697133949164, 'hidden_continuous_size': 29, 'attention_head_size': 1, 'learning_rate': 0.0161407401653349}. Best is trial 0 with value: 208.85704040527344.
LOCAL_RANK: 0 - CUDA_VISIBLE_DEVICES: [0]
[I 2023-11-30 11:32:53,398] Trial 1 finished with value: 352.3280334472656 and parameters: {'gradient_clip_val': 0.4867195139918401, 'hidden_size': 70, 'dropout': 0.3775816937318731, 'hidden_continuous_size': 14, 'attention_head_size': 3, 'learning_rate': 0.005343341172541788}. Best is trial 0 with value: 208.85704040527344.
LOCAL_RANK: 0 - CUDA_VISIBLE_DEVICES: [0]
[I 2023-11-30 11:33:05,896] Trial 2 finished with value: 175.420654296875 and parameters: {'gradient_clip_val': 0.8926243951499925, 'hidden_size': 32, 'dropout': 0.13273596699665863, 'hidden_continuous_size': 24, 'attention_head_size': 4, 'learning_rate': 0.04485928648618883}. Best is trial 2 with value: 175.420654296875.
LOCAL_RANK: 0 - CUDA_VISIBLE_DEVICES: [0]
[I 2023-11-30 11:33:19,724] Trial 3 finished with value: 218.5067596435547 and parameters: {'gradient_clip_val': 0.1346583835378699, 'hidden_size': 58, 'dropout': 0.31825714263474925, 'hidden_continuous_size': 44, 'attention_head_size': 4, 'learning_rate': 0.028395195778097855}. Best is trial 2 with value: 175.420654296875.
LOCAL_RANK: 0 - CUDA_VISIBLE_DEVICES: [0]
[I 2023-11-30 11:33:33,162] Trial 4 finished with value: 195.5811767578125 and parameters: {'gradient_clip_val': 0.6671281063783994, 'hidden_size': 80, 'dropout': 0.15206063982152118, 'hidden_continuous_size': 24, 'attention_head_size': 3, 'learning_rate': 0.0049650043336305315}. Best is trial 2 with value: 175.420654296875.
LOCAL_RANK: 0 - CUDA_VISIBLE_DEVICES: [0]
[I 2023-11-30 11:33:45,405] Trial 5 finished with value: 1321.0357666015625 and parameters: {'gradient_clip_val': 0.11889080490322877, 'hidden_size': 19, 'dropout': 0.2115045678305596, 'hidden_continuous_size': 17, 'attention_head_size': 2, 'learning_rate': 0.0010218403030225677}. Best is trial 2 with value: 175.420654296875.
LOCAL_RANK: 0 - CUDA_VISIBLE_DEVICES: [0]
[I 2023-11-30 11:33:58,775] Trial 6 finished with value: 197.11041259765625 and parameters: {'gradient_clip_val': 0.4915765248634285, 'hidden_size': 88, 'dropout': 0.18259251719412062, 'hidden_continuous_size': 16, 'attention_head_size': 3, 'learning_rate': 0.02681711460420573}. Best is trial 2 with value: 175.420654296875.
LOCAL_RANK: 0 - CUDA_VISIBLE_DEVICES: [0]
[I 2023-11-30 11:34:12,032] Trial 7 finished with value: 186.5919952392578 and parameters: {'gradient_clip_val': 0.30040466639591357, 'hidden_size': 73, 'dropout': 0.1901299237966864, 'hidden_continuous_size': 26, 'attention_head_size': 1, 'learning_rate': 0.03760190146656443}. Best is trial 2 with value: 175.420654296875.
LOCAL_RANK: 0 - CUDA_VISIBLE_DEVICES: [0]
[I 2023-11-30 11:34:26,251] Trial 8 finished with value: 230.97669982910156 and parameters: {'gradient_clip_val': 0.9078623983051705, 'hidden_size': 100, 'dropout': 0.39785107307076606, 'hidden_continuous_size': 79, 'attention_head_size': 1, 'learning_rate': 0.02172610038768248}. Best is trial 2 with value: 175.420654296875.
LOCAL_RANK: 0 - CUDA_VISIBLE_DEVICES: [0]
[I 2023-11-30 11:34:39,347] Trial 9 finished with value: 264.8997497558594 and parameters: {'gradient_clip_val': 0.5294496099524463, 'hidden_size': 49, 'dropout': 0.3077859664838716, 'hidden_continuous_size': 23, 'attention_head_size': 4, 'learning_rate': 0.013582474493814932}. Best is trial 2 with value: 175.420654296875.
LOCAL_RANK: 0 - CUDA_VISIBLE_DEVICES: [0]
[I 2023-11-30 11:34:51,548] Trial 10 finished with value: 234.44091796875 and parameters: {'gradient_clip_val': 0.3309091707049769, 'hidden_size': 11, 'dropout': 0.12396822911036541, 'hidden_continuous_size': 10, 'attention_head_size': 4, 'learning_rate': 0.08635208398046418}. Best is trial 2 with value: 175.420654296875.
LOCAL_RANK: 0 - CUDA_VISIBLE_DEVICES: [0]
[I 2023-11-30 11:35:03,789] Trial 11 finished with value: 215.8381805419922 and parameters: {'gradient_clip_val': 0.2617465174132678, 'hidden_size': 32, 'dropout': 0.10180338576983318, 'hidden_continuous_size': 21, 'attention_head_size': 2, 'learning_rate': 0.07588308038725451}. Best is trial 2 with value: 175.420654296875.
LOCAL_RANK: 0 - CUDA_VISIBLE_DEVICES: [0]
[I 2023-11-30 11:35:17,908] Trial 12 finished with value: 198.3880157470703 and parameters: {'gradient_clip_val': 0.28074695089119533, 'hidden_size': 131, 'dropout': 0.23260048873448258, 'hidden_continuous_size': 39, 'attention_head_size': 2, 'learning_rate': 0.05255832428174522}. Best is trial 2 with value: 175.420654296875.
LOCAL_RANK: 0 - CUDA_VISIBLE_DEVICES: [0]
[I 2023-11-30 11:35:30,902] Trial 13 finished with value: 224.2714080810547 and parameters: {'gradient_clip_val': 0.19673502828425493, 'hidden_size': 43, 'dropout': 0.16711753078217742, 'hidden_continuous_size': 19, 'attention_head_size': 1, 'learning_rate': 0.04780376843340261}. Best is trial 2 with value: 175.420654296875.
LOCAL_RANK: 0 - CUDA_VISIBLE_DEVICES: [0]
[I 2023-11-30 11:35:43,202] Trial 14 finished with value: 270.5412292480469 and parameters: {'gradient_clip_val': 0.9092877900162357, 'hidden_size': 25, 'dropout': 0.19596682036425558, 'hidden_continuous_size': 14, 'attention_head_size': 3, 'learning_rate': 0.09551224292035947}. Best is trial 2 with value: 175.420654296875.
LOCAL_RANK: 0 - CUDA_VISIBLE_DEVICES: [0]
[I 2023-11-30 11:35:56,385] Trial 15 finished with value: 208.4816131591797 and parameters: {'gradient_clip_val': 0.3781292013283958, 'hidden_size': 54, 'dropout': 0.13065725731116312, 'hidden_continuous_size': 28, 'attention_head_size': 2, 'learning_rate': 0.03427181745616425}. Best is trial 2 with value: 175.420654296875.
LOCAL_RANK: 0 - CUDA_VISIBLE_DEVICES: [0]
[I 2023-11-30 11:36:10,344] Trial 16 finished with value: 196.9627685546875 and parameters: {'gradient_clip_val': 0.2166589233614844, 'hidden_size': 127, 'dropout': 0.25111707887796214, 'hidden_continuous_size': 46, 'attention_head_size': 1, 'learning_rate': 0.0496073245987538}. Best is trial 2 with value: 175.420654296875.
LOCAL_RANK: 0 - CUDA_VISIBLE_DEVICES: [0]
[I 2023-11-30 11:36:23,065] Trial 17 finished with value: 238.58705139160156 and parameters: {'gradient_clip_val': 0.39554254053339927, 'hidden_size': 40, 'dropout': 0.1534830653294457, 'hidden_continuous_size': 20, 'attention_head_size': 4, 'learning_rate': 0.03362258580927287}. Best is trial 2 with value: 175.420654296875.
LOCAL_RANK: 0 - CUDA_VISIBLE_DEVICES: [0]
[I 2023-11-30 11:36:36,595] Trial 18 finished with value: 190.1684112548828 and parameters: {'gradient_clip_val': 0.17225632952577563, 'hidden_size': 72, 'dropout': 0.11127546177814202, 'hidden_continuous_size': 30, 'attention_head_size': 2, 'learning_rate': 0.010627856760603283}. Best is trial 2 with value: 175.420654296875.
LOCAL_RANK: 0 - CUDA_VISIBLE_DEVICES: [0]
[I 2023-11-30 11:36:49,919] Trial 19 finished with value: 178.32029724121094 and parameters: {'gradient_clip_val': 0.2596942052637605, 'hidden_size': 59, 'dropout': 0.14738267628791316, 'hidden_continuous_size': 26, 'attention_head_size': 3, 'learning_rate': 0.019970431047782334}. Best is trial 2 with value: 175.420654296875.
LOCAL_RANK: 0 - CUDA_VISIBLE_DEVICES: [0]
[I 2023-11-30 11:37:02,247] Trial 20 finished with value: 313.9093933105469 and parameters: {'gradient_clip_val': 0.23871095547732654, 'hidden_size': 21, 'dropout': 0.1396850979716903, 'hidden_continuous_size': 12, 'attention_head_size': 4, 'learning_rate': 0.017556140842523268}. Best is trial 2 with value: 175.420654296875.
LOCAL_RANK: 0 - CUDA_VISIBLE_DEVICES: [0]
[I 2023-11-30 11:37:15,408] Trial 21 finished with value: 200.1620330810547 and parameters: {'gradient_clip_val': 0.31337475883930876, 'hidden_size': 60, 'dropout': 0.16787465034771193, 'hidden_continuous_size': 25, 'attention_head_size': 3, 'learning_rate': 0.042434357159677166}. Best is trial 2 with value: 175.420654296875.
LOCAL_RANK: 0 - CUDA_VISIBLE_DEVICES: [0]
[I 2023-11-30 11:37:28,272] Trial 22 finished with value: 189.9443359375 and parameters: {'gradient_clip_val': 0.27570840578275446, 'hidden_size': 44, 'dropout': 0.18774060691586678, 'hidden_continuous_size': 22, 'attention_head_size': 3, 'learning_rate': 0.023444598166149237}. Best is trial 2 with value: 175.420654296875.
LOCAL_RANK: 0 - CUDA_VISIBLE_DEVICES: [0]
[I 2023-11-30 11:37:41,869] Trial 23 finished with value: 183.50682067871094 and parameters: {'gradient_clip_val': 0.35417356961373764, 'hidden_size': 62, 'dropout': 0.14349297330676902, 'hidden_continuous_size': 32, 'attention_head_size': 4, 'learning_rate': 0.059639639657732814}. Best is trial 2 with value: 175.420654296875.
LOCAL_RANK: 0 - CUDA_VISIBLE_DEVICES: [0]
[I 2023-11-30 11:37:54,994] Trial 24 finished with value: 305.3169250488281 and parameters: {'gradient_clip_val': 0.17748840871714086, 'hidden_size': 52, 'dropout': 0.10133590274444043, 'hidden_continuous_size': 32, 'attention_head_size': 4, 'learning_rate': 0.06334276929806008}. Best is trial 2 with value: 175.420654296875.
LOCAL_RANK: 0 - CUDA_VISIBLE_DEVICES: [0]
[I 2023-11-30 11:38:07,869] Trial 25 finished with value: 198.3606719970703 and parameters: {'gradient_clip_val': 0.37739934140432574, 'hidden_size': 37, 'dropout': 0.1362515067349126, 'hidden_continuous_size': 21, 'attention_head_size': 4, 'learning_rate': 0.06476926325805468}. Best is trial 2 with value: 175.420654296875.
LOCAL_RANK: 0 - CUDA_VISIBLE_DEVICES: [0]
[I 2023-11-30 11:38:22,041] Trial 26 finished with value: 213.5911865234375 and parameters: {'gradient_clip_val': 0.9829336465607781, 'hidden_size': 102, 'dropout': 0.1279965219186294, 'hidden_continuous_size': 35, 'attention_head_size': 4, 'learning_rate': 0.09550850430562594}. Best is trial 2 with value: 175.420654296875.
LOCAL_RANK: 0 - CUDA_VISIBLE_DEVICES: [0]
[I 2023-11-30 11:38:35,227] Trial 27 finished with value: 194.6520538330078 and parameters: {'gradient_clip_val': 0.24492915715670696, 'hidden_size': 56, 'dropout': 0.15027492227306669, 'hidden_continuous_size': 28, 'attention_head_size': 3, 'learning_rate': 0.06821925015080535}. Best is trial 2 with value: 175.420654296875.
LOCAL_RANK: 0 - CUDA_VISIBLE_DEVICES: [0]
[I 2023-11-30 11:38:49,124] Trial 28 finished with value: 202.43824768066406 and parameters: {'gradient_clip_val': 0.764574227094485, 'hidden_size': 66, 'dropout': 0.11807981193036729, 'hidden_continuous_size': 34, 'attention_head_size': 4, 'learning_rate': 0.037422916974176025}. Best is trial 2 with value: 175.420654296875.
LOCAL_RANK: 0 - CUDA_VISIBLE_DEVICES: [0]
[I 2023-11-30 11:39:01,838] Trial 29 finished with value: 185.79443359375 and parameters: {'gradient_clip_val': 0.633838003336061, 'hidden_size': 33, 'dropout': 0.17117366844462106, 'hidden_continuous_size': 23, 'attention_head_size': 3, 'learning_rate': 0.01827977751442484}. Best is trial 2 with value: 175.420654296875.
LOCAL_RANK: 0 - CUDA_VISIBLE_DEVICES: [0]
[I 2023-11-30 11:39:14,883] Trial 30 finished with value: 192.14491271972656 and parameters: {'gradient_clip_val': 0.5865374275255582, 'hidden_size': 45, 'dropout': 0.15110483143696277, 'hidden_continuous_size': 26, 'attention_head_size': 4, 'learning_rate': 0.05743008683649824}. Best is trial 2 with value: 175.420654296875.
LOCAL_RANK: 0 - CUDA_VISIBLE_DEVICES: [0]
[I 2023-11-30 11:39:27,512] Trial 31 finished with value: 211.33514404296875 and parameters: {'gradient_clip_val': 0.7458805439827914, 'hidden_size': 30, 'dropout': 0.1762320856854076, 'hidden_continuous_size': 23, 'attention_head_size': 3, 'learning_rate': 0.01848432726682179}. Best is trial 2 with value: 175.420654296875.
LOCAL_RANK: 0 - CUDA_VISIBLE_DEVICES: [0]
[I 2023-11-30 11:39:40,416] Trial 32 finished with value: 202.91612243652344 and parameters: {'gradient_clip_val': 0.42345869950537807, 'hidden_size': 37, 'dropout': 0.16177587509313338, 'hidden_continuous_size': 25, 'attention_head_size': 3, 'learning_rate': 0.025476399548509714}. Best is trial 2 with value: 175.420654296875.
LOCAL_RANK: 0 - CUDA_VISIBLE_DEVICES: [0]
[I 2023-11-30 11:39:52,825] Trial 33 finished with value: 193.06117248535156 and parameters: {'gradient_clip_val': 0.6072098366296319, 'hidden_size': 32, 'dropout': 0.13251854349270842, 'hidden_continuous_size': 19, 'attention_head_size': 3, 'learning_rate': 0.030722144056438784}. Best is trial 2 with value: 175.420654296875.
LOCAL_RANK: 0 - CUDA_VISIBLE_DEVICES: [0]
[I 2023-11-30 11:40:06,358] Trial 34 finished with value: 213.1446533203125 and parameters: {'gradient_clip_val': 0.46527627053108084, 'hidden_size': 67, 'dropout': 0.11726558030358195, 'hidden_continuous_size': 30, 'attention_head_size': 4, 'learning_rate': 0.01375092672103714}. Best is trial 2 with value: 175.420654296875.
LOCAL_RANK: 0 - CUDA_VISIBLE_DEVICES: [0]
[I 2023-11-30 11:40:19,251] Trial 35 finished with value: 201.73085021972656 and parameters: {'gradient_clip_val': 0.7009836926140356, 'hidden_size': 47, 'dropout': 0.20550899486057547, 'hidden_continuous_size': 23, 'attention_head_size': 3, 'learning_rate': 0.022075434329631178}. Best is trial 2 with value: 175.420654296875.
LOCAL_RANK: 0 - CUDA_VISIBLE_DEVICES: [0]
[I 2023-11-30 11:40:32,532] Trial 36 finished with value: 290.0079040527344 and parameters: {'gradient_clip_val': 0.8109046794881808, 'hidden_size': 60, 'dropout': 0.16716355672103791, 'hidden_continuous_size': 28, 'attention_head_size': 3, 'learning_rate': 0.007697302605520325}. Best is trial 2 with value: 175.420654296875.
LOCAL_RANK: 0 - CUDA_VISIBLE_DEVICES: [0]
[I 2023-11-30 11:40:45,452] Trial 37 finished with value: 186.62803649902344 and parameters: {'gradient_clip_val': 0.6410234075800619, 'hidden_size': 27, 'dropout': 0.14607679261731568, 'hidden_continuous_size': 24, 'attention_head_size': 4, 'learning_rate': 0.04226479272087916}. Best is trial 2 with value: 175.420654296875.
LOCAL_RANK: 0 - CUDA_VISIBLE_DEVICES: [0]
[I 2023-11-30 11:40:58,060] Trial 38 finished with value: 188.75396728515625 and parameters: {'gradient_clip_val': 0.5195278277079058, 'hidden_size': 37, 'dropout': 0.17976460174826808, 'hidden_continuous_size': 17, 'attention_head_size': 3, 'learning_rate': 0.027203116992076816}. Best is trial 2 with value: 175.420654296875.
LOCAL_RANK: 0 - CUDA_VISIBLE_DEVICES: [0]
[I 2023-11-30 11:41:11,441] Trial 39 finished with value: 186.6731719970703 and parameters: {'gradient_clip_val': 0.3361432594132376, 'hidden_size': 84, 'dropout': 0.1442073514846283, 'hidden_continuous_size': 18, 'attention_head_size': 2, 'learning_rate': 0.019366568495351302}. Best is trial 2 with value: 175.420654296875.
LOCAL_RANK: 0 - CUDA_VISIBLE_DEVICES: [0]
[I 2023-11-30 11:41:24,269] Trial 40 finished with value: 273.5482482910156 and parameters: {'gradient_clip_val': 0.5485886035637801, 'hidden_size': 48, 'dropout': 0.21674935899581066, 'hidden_continuous_size': 21, 'attention_head_size': 4, 'learning_rate': 0.016024347428035872}. Best is trial 2 with value: 175.420654296875.
LOCAL_RANK: 0 - CUDA_VISIBLE_DEVICES: [0]
[I 2023-11-30 11:41:37,639] Trial 41 finished with value: 187.0765380859375 and parameters: {'gradient_clip_val': 0.4570743465578741, 'hidden_size': 76, 'dropout': 0.1750070759852935, 'hidden_continuous_size': 25, 'attention_head_size': 1, 'learning_rate': 0.03370243713514381}. Best is trial 2 with value: 175.420654296875.
LOCAL_RANK: 0 - CUDA_VISIBLE_DEVICES: [0]
[I 2023-11-30 11:41:51,238] Trial 42 finished with value: 206.6512908935547 and parameters: {'gradient_clip_val': 0.6720449802070066, 'hidden_size': 63, 'dropout': 0.19799039940494959, 'hidden_continuous_size': 27, 'attention_head_size': 2, 'learning_rate': 0.04171193813538727}. Best is trial 2 with value: 175.420654296875.
LOCAL_RANK: 0 - CUDA_VISIBLE_DEVICES: [0]
[I 2023-11-30 11:42:04,713] Trial 43 finished with value: 200.57208251953125 and parameters: {'gradient_clip_val': 0.31066000688629636, 'hidden_size': 78, 'dropout': 0.1578594372790052, 'hidden_continuous_size': 32, 'attention_head_size': 1, 'learning_rate': 0.027713662975602012}. Best is trial 2 with value: 175.420654296875.
LOCAL_RANK: 0 - CUDA_VISIBLE_DEVICES: [0]
[I 2023-11-30 11:42:17,797] Trial 44 finished with value: 188.9578857421875 and parameters: {'gradient_clip_val': 0.8336868713437985, 'hidden_size': 56, 'dropout': 0.18667988078654218, 'hidden_continuous_size': 26, 'attention_head_size': 2, 'learning_rate': 0.04984948275966683}. Best is trial 2 with value: 175.420654296875.
LOCAL_RANK: 0 - CUDA_VISIBLE_DEVICES: [0]
[I 2023-11-30 11:42:31,302] Trial 45 finished with value: 185.3660430908203 and parameters: {'gradient_clip_val': 0.6014537471345265, 'hidden_size': 93, 'dropout': 0.12296767731377956, 'hidden_continuous_size': 16, 'attention_head_size': 3, 'learning_rate': 0.07577186787707081}. Best is trial 2 with value: 175.420654296875.
LOCAL_RANK: 0 - CUDA_VISIBLE_DEVICES: [0]
[I 2023-11-30 11:42:44,885] Trial 46 finished with value: 194.6916046142578 and parameters: {'gradient_clip_val': 0.5560635103046319, 'hidden_size': 89, 'dropout': 0.11390485576289114, 'hidden_continuous_size': 16, 'attention_head_size': 3, 'learning_rate': 0.07325020850821942}. Best is trial 2 with value: 175.420654296875.
LOCAL_RANK: 0 - CUDA_VISIBLE_DEVICES: [0]
[I 2023-11-30 11:42:58,038] Trial 47 finished with value: 229.1508026123047 and parameters: {'gradient_clip_val': 0.6921879516330061, 'hidden_size': 50, 'dropout': 0.10019891251185835, 'hidden_continuous_size': 22, 'attention_head_size': 3, 'learning_rate': 0.08046259933843071}. Best is trial 2 with value: 175.420654296875.
LOCAL_RANK: 0 - CUDA_VISIBLE_DEVICES: [0]
[I 2023-11-30 11:43:11,534] Trial 48 finished with value: 192.5883331298828 and parameters: {'gradient_clip_val': 0.6234467301073853, 'hidden_size': 99, 'dropout': 0.12570410051320094, 'hidden_continuous_size': 15, 'attention_head_size': 3, 'learning_rate': 0.060608735964632475}. Best is trial 2 with value: 175.420654296875.
LOCAL_RANK: 0 - CUDA_VISIBLE_DEVICES: [0]
[I 2023-11-30 11:43:24,403] Trial 49 finished with value: 196.452392578125 and parameters: {'gradient_clip_val': 0.5057732916441816, 'hidden_size': 41, 'dropout': 0.1426507048859118, 'hidden_continuous_size': 20, 'attention_head_size': 4, 'learning_rate': 0.07848616801977464}. Best is trial 2 with value: 175.420654296875.
LOCAL_RANK: 0 - CUDA_VISIBLE_DEVICES: [0]
[I 2023-11-30 11:43:37,834] Trial 50 finished with value: 215.6362762451172 and parameters: {'gradient_clip_val': 0.86799589732604, 'hidden_size': 71, 'dropout': 0.1273916106095178, 'hidden_continuous_size': 17, 'attention_head_size': 4, 'learning_rate': 0.05149834210392849}. Best is trial 2 with value: 175.420654296875.
LOCAL_RANK: 0 - CUDA_VISIBLE_DEVICES: [0]
[I 2023-11-30 11:43:51,236] Trial 51 finished with value: 196.57794189453125 and parameters: {'gradient_clip_val': 0.7537732186876447, 'hidden_size': 66, 'dropout': 0.1621375588010978, 'hidden_continuous_size': 29, 'attention_head_size': 2, 'learning_rate': 0.09983648646429162}. Best is trial 2 with value: 175.420654296875.
LOCAL_RANK: 0 - CUDA_VISIBLE_DEVICES: [0]
[I 2023-11-30 11:44:04,531] Trial 52 finished with value: 180.9457550048828 and parameters: {'gradient_clip_val': 0.3554904041799326, 'hidden_size': 80, 'dropout': 0.13872339479432855, 'hidden_continuous_size': 13, 'attention_head_size': 3, 'learning_rate': 0.03648625797921394}. Best is trial 2 with value: 175.420654296875.
LOCAL_RANK: 0 - CUDA_VISIBLE_DEVICES: [0]
[I 2023-11-30 11:44:18,144] Trial 53 finished with value: 218.3824005126953 and parameters: {'gradient_clip_val': 0.33871269088398076, 'hidden_size': 112, 'dropout': 0.13913650530009186, 'hidden_continuous_size': 12, 'attention_head_size': 3, 'learning_rate': 0.03058323685872652}. Best is trial 2 with value: 175.420654296875.
LOCAL_RANK: 0 - CUDA_VISIBLE_DEVICES: [0]
[I 2023-11-30 11:44:31,481] Trial 54 finished with value: 217.86302185058594 and parameters: {'gradient_clip_val': 0.4229259097305735, 'hidden_size': 83, 'dropout': 0.1168811148768273, 'hidden_continuous_size': 13, 'attention_head_size': 3, 'learning_rate': 0.03839065471267205}. Best is trial 2 with value: 175.420654296875.
LOCAL_RANK: 0 - CUDA_VISIBLE_DEVICES: [0]
[I 2023-11-30 11:44:44,891] Trial 55 finished with value: 258.78228759765625 and parameters: {'gradient_clip_val': 0.28659492385776814, 'hidden_size': 93, 'dropout': 0.10775217288433125, 'hidden_continuous_size': 10, 'attention_head_size': 3, 'learning_rate': 0.0450419398798379}. Best is trial 2 with value: 175.420654296875.
LOCAL_RANK: 0 - CUDA_VISIBLE_DEVICES: [0]
[I 2023-11-30 11:44:58,102] Trial 56 finished with value: 209.1138153076172 and parameters: {'gradient_clip_val': 0.9286442263727942, 'hidden_size': 80, 'dropout': 0.1534145557886067, 'hidden_continuous_size': 15, 'attention_head_size': 3, 'learning_rate': 0.05684982049208831}. Best is trial 2 with value: 175.420654296875.
LOCAL_RANK: 0 - CUDA_VISIBLE_DEVICES: [0]
[I 2023-11-30 11:45:12,718] Trial 57 finished with value: 217.3964080810547 and parameters: {'gradient_clip_val': 0.3628964668359138, 'hidden_size': 143, 'dropout': 0.13663212383448511, 'hidden_continuous_size': 39, 'attention_head_size': 4, 'learning_rate': 0.021829419889028128}. Best is trial 2 with value: 175.420654296875.
LOCAL_RANK: 0 - CUDA_VISIBLE_DEVICES: [0]
[I 2023-11-30 11:45:26,246] Trial 58 finished with value: 227.1324462890625 and parameters: {'gradient_clip_val': 0.5896996167320739, 'hidden_size': 74, 'dropout': 0.12533981256692295, 'hidden_continuous_size': 19, 'attention_head_size': 3, 'learning_rate': 0.03579309288929532}. Best is trial 2 with value: 175.420654296875.
LOCAL_RANK: 0 - CUDA_VISIBLE_DEVICES: [0]
