[I 2023-11-30 04:17:09,213] Trial 116 finished with value: 55.7906494140625 and parameters: {'gradient_clip_val': 0.2181009085141631, 'hidden_size': 112, 'dropout': 0.158771919071168, 'hidden_continuous_size': 45, 'attention_head_size': 2, 'learning_rate': 0.020538716060031013}. Best is trial 116 with value: 55.7906494140625.
LOCAL_RANK: 0 - CUDA_VISIBLE_DEVICES: [0]
[I 2023-11-30 04:17:23,161] Trial 117 finished with value: 65.2902603149414 and parameters: {'gradient_clip_val': 0.23702140299568533, 'hidden_size': 113, 'dropout': 0.13950346215029746, 'hidden_continuous_size': 39, 'attention_head_size': 2, 'learning_rate': 0.020637681277064605}. Best is trial 116 with value: 55.7906494140625.
LOCAL_RANK: 0 - CUDA_VISIBLE_DEVICES: [0]
[I 2023-11-30 04:17:37,247] Trial 118 finished with value: 65.71556854248047 and parameters: {'gradient_clip_val': 0.25498531970813365, 'hidden_size': 97, 'dropout': 0.15028880783392576, 'hidden_continuous_size': 45, 'attention_head_size': 2, 'learning_rate': 0.01524696216675785}. Best is trial 116 with value: 55.7906494140625.
LOCAL_RANK: 0 - CUDA_VISIBLE_DEVICES: [0]
[I 2023-11-30 04:17:51,110] Trial 119 finished with value: 88.26715087890625 and parameters: {'gradient_clip_val': 0.21484393877186367, 'hidden_size': 108, 'dropout': 0.18798664803156545, 'hidden_continuous_size': 40, 'attention_head_size': 2, 'learning_rate': 0.018142217319871947}. Best is trial 116 with value: 55.7906494140625.
LOCAL_RANK: 0 - CUDA_VISIBLE_DEVICES: [0]
[I 2023-11-30 04:18:04,954] Trial 120 finished with value: 63.534183502197266 and parameters: {'gradient_clip_val': 0.22874074209494802, 'hidden_size': 91, 'dropout': 0.1448762153513239, 'hidden_continuous_size': 43, 'attention_head_size': 2, 'learning_rate': 0.009418886843249092}. Best is trial 116 with value: 55.7906494140625.
LOCAL_RANK: 0 - CUDA_VISIBLE_DEVICES: [0]
[I 2023-11-30 04:18:19,144] Trial 121 finished with value: 61.57159423828125 and parameters: {'gradient_clip_val': 0.19562230204148168, 'hidden_size': 129, 'dropout': 0.16213055157722472, 'hidden_continuous_size': 47, 'attention_head_size': 2, 'learning_rate': 0.022868077507439837}. Best is trial 116 with value: 55.7906494140625.
LOCAL_RANK: 0 - CUDA_VISIBLE_DEVICES: [0]
[I 2023-11-30 04:18:32,962] Trial 122 finished with value: 57.572509765625 and parameters: {'gradient_clip_val': 0.20416257960092982, 'hidden_size': 120, 'dropout': 0.1619847277251037, 'hidden_continuous_size': 46, 'attention_head_size': 2, 'learning_rate': 0.02435494578505544}. Best is trial 116 with value: 55.7906494140625.
LOCAL_RANK: 0 - CUDA_VISIBLE_DEVICES: [0]
[I 2023-11-30 04:18:46,917] Trial 123 finished with value: 88.94377899169922 and parameters: {'gradient_clip_val': 0.20153535177210086, 'hidden_size': 128, 'dropout': 0.17223522871020444, 'hidden_continuous_size': 47, 'attention_head_size': 2, 'learning_rate': 0.024267233438062585}. Best is trial 116 with value: 55.7906494140625.
LOCAL_RANK: 0 - CUDA_VISIBLE_DEVICES: [0]
[I 2023-11-30 04:19:01,200] Trial 124 finished with value: 69.119384765625 and parameters: {'gradient_clip_val': 0.20967657703938822, 'hidden_size': 118, 'dropout': 0.16225527902735684, 'hidden_continuous_size': 49, 'attention_head_size': 2, 'learning_rate': 0.020538270869935878}. Best is trial 116 with value: 55.7906494140625.
LOCAL_RANK: 0 - CUDA_VISIBLE_DEVICES: [0]
[I 2023-11-30 04:19:15,480] Trial 125 finished with value: 89.5307846069336 and parameters: {'gradient_clip_val': 0.19422284227498987, 'hidden_size': 147, 'dropout': 0.17733515374679482, 'hidden_continuous_size': 46, 'attention_head_size': 2, 'learning_rate': 0.017057794537393544}. Best is trial 116 with value: 55.7906494140625.
LOCAL_RANK: 0 - CUDA_VISIBLE_DEVICES: [0]
[I 2023-11-30 04:19:29,377] Trial 126 finished with value: 69.83468627929688 and parameters: {'gradient_clip_val': 0.18839750205896, 'hidden_size': 124, 'dropout': 0.15493920533309266, 'hidden_continuous_size': 37, 'attention_head_size': 2, 'learning_rate': 0.026455822738971214}. Best is trial 116 with value: 55.7906494140625.
LOCAL_RANK: 0 - CUDA_VISIBLE_DEVICES: [0]
[I 2023-11-30 04:19:43,409] Trial 127 finished with value: 75.46957397460938 and parameters: {'gradient_clip_val': 0.2183170198106287, 'hidden_size': 111, 'dropout': 0.16461145601678906, 'hidden_continuous_size': 43, 'attention_head_size': 2, 'learning_rate': 0.01899845232139258}. Best is trial 116 with value: 55.7906494140625.
LOCAL_RANK: 0 - CUDA_VISIBLE_DEVICES: [0]
[I 2023-11-30 04:19:57,239] Trial 128 finished with value: 73.8293685913086 and parameters: {'gradient_clip_val': 0.20119924315500884, 'hidden_size': 104, 'dropout': 0.1957158337163366, 'hidden_continuous_size': 50, 'attention_head_size': 2, 'learning_rate': 0.0225167844545856}. Best is trial 116 with value: 55.7906494140625.
LOCAL_RANK: 0 - CUDA_VISIBLE_DEVICES: [0]
[I 2023-11-30 04:20:11,583] Trial 129 finished with value: 56.0506477355957 and parameters: {'gradient_clip_val': 0.17633400699264334, 'hidden_size': 134, 'dropout': 0.20643800911729415, 'hidden_continuous_size': 31, 'attention_head_size': 3, 'learning_rate': 0.014263622959966091}. Best is trial 116 with value: 55.7906494140625.
LOCAL_RANK: 0 - CUDA_VISIBLE_DEVICES: [0]
[I 2023-11-30 04:20:25,603] Trial 130 finished with value: 78.80238342285156 and parameters: {'gradient_clip_val': 0.17984196389586807, 'hidden_size': 134, 'dropout': 0.19025047650898866, 'hidden_continuous_size': 30, 'attention_head_size': 3, 'learning_rate': 0.014534221265490267}. Best is trial 116 with value: 55.7906494140625.
LOCAL_RANK: 0 - CUDA_VISIBLE_DEVICES: [0]
[I 2023-11-30 04:20:39,569] Trial 131 finished with value: 81.11837768554688 and parameters: {'gradient_clip_val': 0.1917137451307993, 'hidden_size': 116, 'dropout': 0.18170530231188758, 'hidden_continuous_size': 33, 'attention_head_size': 3, 'learning_rate': 0.013243587239348783}. Best is trial 116 with value: 55.7906494140625.
LOCAL_RANK: 0 - CUDA_VISIBLE_DEVICES: [0]
[I 2023-11-30 04:20:53,609] Trial 132 finished with value: 67.30072784423828 and parameters: {'gradient_clip_val': 0.16210326616090986, 'hidden_size': 129, 'dropout': 0.2120018255795828, 'hidden_continuous_size': 28, 'attention_head_size': 3, 'learning_rate': 0.011467272884651141}. Best is trial 116 with value: 55.7906494140625.
LOCAL_RANK: 0 - CUDA_VISIBLE_DEVICES: [0]
[I 2023-11-30 04:21:07,911] Trial 133 finished with value: 66.1160888671875 and parameters: {'gradient_clip_val': 0.17764769621521992, 'hidden_size': 142, 'dropout': 0.20168503792463607, 'hidden_continuous_size': 35, 'attention_head_size': 3, 'learning_rate': 0.014502397942141879}. Best is trial 116 with value: 55.7906494140625.
LOCAL_RANK: 0 - CUDA_VISIBLE_DEVICES: [0]
[I 2023-11-30 04:21:22,118] Trial 134 finished with value: 71.03398895263672 and parameters: {'gradient_clip_val': 0.23805043307762053, 'hidden_size': 119, 'dropout': 0.16888018525387655, 'hidden_continuous_size': 38, 'attention_head_size': 3, 'learning_rate': 0.010281595495499389}. Best is trial 116 with value: 55.7906494140625.
LOCAL_RANK: 0 - CUDA_VISIBLE_DEVICES: [0]
[I 2023-11-30 04:21:36,005] Trial 135 finished with value: 65.97728729248047 and parameters: {'gradient_clip_val': 0.20710630865832824, 'hidden_size': 124, 'dropout': 0.15893389833918664, 'hidden_continuous_size': 41, 'attention_head_size': 2, 'learning_rate': 0.016483894403385886}. Best is trial 116 with value: 55.7906494140625.
LOCAL_RANK: 0 - CUDA_VISIBLE_DEVICES: [0]
[I 2023-11-30 04:21:49,933] Trial 136 finished with value: 60.95257568359375 and parameters: {'gradient_clip_val': 0.15339977852447864, 'hidden_size': 98, 'dropout': 0.151093259172582, 'hidden_continuous_size': 45, 'attention_head_size': 2, 'learning_rate': 0.019836527909602938}. Best is trial 116 with value: 55.7906494140625.
LOCAL_RANK: 0 - CUDA_VISIBLE_DEVICES: [0]
[I 2023-11-30 04:22:03,969] Trial 137 finished with value: 95.04273223876953 and parameters: {'gradient_clip_val': 0.15168335328741925, 'hidden_size': 94, 'dropout': 0.14834526002655232, 'hidden_continuous_size': 44, 'attention_head_size': 3, 'learning_rate': 0.01916880245440504}. Best is trial 116 with value: 55.7906494140625.
LOCAL_RANK: 0 - CUDA_VISIBLE_DEVICES: [0]
[I 2023-11-30 04:22:17,898] Trial 138 finished with value: 61.094791412353516 and parameters: {'gradient_clip_val': 0.1701470771343076, 'hidden_size': 100, 'dropout': 0.15268870985238014, 'hidden_continuous_size': 50, 'attention_head_size': 2, 'learning_rate': 0.012994862536769465}. Best is trial 116 with value: 55.7906494140625.
LOCAL_RANK: 0 - CUDA_VISIBLE_DEVICES: [0]
[I 2023-11-30 04:22:32,078] Trial 139 finished with value: 67.39661407470703 and parameters: {'gradient_clip_val': 0.14216493745833603, 'hidden_size': 107, 'dropout': 0.13905894953961043, 'hidden_continuous_size': 39, 'attention_head_size': 2, 'learning_rate': 0.006954287103970527}. Best is trial 116 with value: 55.7906494140625.
LOCAL_RANK: 0 - CUDA_VISIBLE_DEVICES: [0]
[I 2023-11-30 04:22:45,845] Trial 140 finished with value: 79.76410675048828 and parameters: {'gradient_clip_val': 0.15852719215668717, 'hidden_size': 84, 'dropout': 0.13067391833937203, 'hidden_continuous_size': 45, 'attention_head_size': 3, 'learning_rate': 0.016286943108837357}. Best is trial 116 with value: 55.7906494140625.
LOCAL_RANK: 0 - CUDA_VISIBLE_DEVICES: [0]
[I 2023-11-30 04:22:59,680] Trial 141 finished with value: 74.79730987548828 and parameters: {'gradient_clip_val': 0.17000560151973673, 'hidden_size': 100, 'dropout': 0.1484732056282156, 'hidden_continuous_size': 53, 'attention_head_size': 2, 'learning_rate': 0.01252711566174774}. Best is trial 116 with value: 55.7906494140625.
LOCAL_RANK: 0 - CUDA_VISIBLE_DEVICES: [0]
[I 2023-11-30 04:23:13,595] Trial 142 finished with value: 73.19750213623047 and parameters: {'gradient_clip_val': 0.14959172909131377, 'hidden_size': 97, 'dropout': 0.15419255623830339, 'hidden_continuous_size': 48, 'attention_head_size': 2, 'learning_rate': 0.013051765360841818}. Best is trial 116 with value: 55.7906494140625.
LOCAL_RANK: 0 - CUDA_VISIBLE_DEVICES: [0]
[I 2023-11-30 04:23:27,576] Trial 143 finished with value: 61.85041809082031 and parameters: {'gradient_clip_val': 0.1834904473005491, 'hidden_size': 111, 'dropout': 0.2274403588034845, 'hidden_continuous_size': 50, 'attention_head_size': 2, 'learning_rate': 0.014868879296975557}. Best is trial 116 with value: 55.7906494140625.
LOCAL_RANK: 0 - CUDA_VISIBLE_DEVICES: [0]
[I 2023-11-30 04:23:41,515] Trial 144 finished with value: 70.8775863647461 and parameters: {'gradient_clip_val': 0.1632837745400175, 'hidden_size': 89, 'dropout': 0.1734139037281654, 'hidden_continuous_size': 42, 'attention_head_size': 2, 'learning_rate': 0.018085025237801016}. Best is trial 116 with value: 55.7906494140625.
LOCAL_RANK: 0 - CUDA_VISIBLE_DEVICES: [0]
[I 2023-11-30 04:23:55,086] Trial 145 finished with value: 83.54121398925781 and parameters: {'gradient_clip_val': 0.17387138916971112, 'hidden_size': 76, 'dropout': 0.1531722109542927, 'hidden_continuous_size': 46, 'attention_head_size': 2, 'learning_rate': 0.011215842113293866}. Best is trial 116 with value: 55.7906494140625.
LOCAL_RANK: 0 - CUDA_VISIBLE_DEVICES: [0]
[I 2023-11-30 04:24:08,977] Trial 146 finished with value: 74.97377014160156 and parameters: {'gradient_clip_val': 0.22174775202478972, 'hidden_size': 103, 'dropout': 0.14368714366842208, 'hidden_continuous_size': 40, 'attention_head_size': 2, 'learning_rate': 0.008273283270777955}. Best is trial 116 with value: 55.7906494140625.
LOCAL_RANK: 0 - CUDA_VISIBLE_DEVICES: [0]
[I 2023-11-30 04:24:22,819] Trial 147 finished with value: 76.44561004638672 and parameters: {'gradient_clip_val': 0.13564489671314223, 'hidden_size': 118, 'dropout': 0.20511343266315965, 'hidden_continuous_size': 31, 'attention_head_size': 2, 'learning_rate': 0.020928035974984573}. Best is trial 116 with value: 55.7906494140625.
LOCAL_RANK: 0 - CUDA_VISIBLE_DEVICES: [0]
[I 2023-11-30 04:24:36,715] Trial 148 finished with value: 70.80634307861328 and parameters: {'gradient_clip_val': 0.15352534032498955, 'hidden_size': 112, 'dropout': 0.19478817057790804, 'hidden_continuous_size': 56, 'attention_head_size': 2, 'learning_rate': 0.009779207379996505}. Best is trial 116 with value: 55.7906494140625.
LOCAL_RANK: 0 - CUDA_VISIBLE_DEVICES: [0]
[I 2023-11-30 04:24:50,811] Trial 149 finished with value: 76.1764907836914 and parameters: {'gradient_clip_val': 0.1688053112369912, 'hidden_size': 105, 'dropout': 0.15950266457432924, 'hidden_continuous_size': 37, 'attention_head_size': 3, 'learning_rate': 0.012194878466618585}. Best is trial 116 with value: 55.7906494140625.
[I 2023-11-30 04:24:50,935] A new study created in memory with name: no-name-cb20e48c-1557-46eb-9492-12a6ff803a46
/home/le004/conda/anaconda3/envs/tsff_env/lib/python3.9/site-packages/lightning/fabric/plugins/environments/slurm.py:191: The `srun` command is available on your system but is not used. HINT: If your intention is to run Lightning on SLURM, prepend your python command with `srun` like so: srun python /home/le004/master_thesis/git/TSFusionForecast/code/ ...
LOCAL_RANK: 0 - CUDA_VISIBLE_DEVICES: [0]
[I 2023-11-30 04:25:03,078] Trial 0 finished with value: 703.5159301757812 and parameters: {'gradient_clip_val': 0.13378286822370725, 'hidden_size': 23, 'dropout': 0.32469776508621767, 'hidden_continuous_size': 11, 'attention_head_size': 3, 'learning_rate': 0.03804710751577708}. Best is trial 0 with value: 703.5159301757812.
LOCAL_RANK: 0 - CUDA_VISIBLE_DEVICES: [0]
[I 2023-11-30 04:25:17,356] Trial 1 finished with value: 554.7061157226562 and parameters: {'gradient_clip_val': 0.47382886117731376, 'hidden_size': 116, 'dropout': 0.3690752029786146, 'hidden_continuous_size': 84, 'attention_head_size': 2, 'learning_rate': 0.004976233555292945}. Best is trial 1 with value: 554.7061157226562.
LOCAL_RANK: 0 - CUDA_VISIBLE_DEVICES: [0]
[I 2023-11-30 04:25:29,483] Trial 2 finished with value: 569.3275146484375 and parameters: {'gradient_clip_val': 0.38102840861585524, 'hidden_size': 13, 'dropout': 0.22438043532151702, 'hidden_continuous_size': 11, 'attention_head_size': 3, 'learning_rate': 0.05660832754510167}. Best is trial 1 with value: 554.7061157226562.
LOCAL_RANK: 0 - CUDA_VISIBLE_DEVICES: [0]
[I 2023-11-30 04:25:42,877] Trial 3 finished with value: 993.4801635742188 and parameters: {'gradient_clip_val': 0.29821824077692743, 'hidden_size': 62, 'dropout': 0.2665764774493016, 'hidden_continuous_size': 22, 'attention_head_size': 2, 'learning_rate': 0.0012574401939064552}. Best is trial 1 with value: 554.7061157226562.
LOCAL_RANK: 0 - CUDA_VISIBLE_DEVICES: [0]
[I 2023-11-30 04:25:54,839] Trial 4 finished with value: 1678.0093994140625 and parameters: {'gradient_clip_val': 0.46613038699456466, 'hidden_size': 20, 'dropout': 0.15799452312204432, 'hidden_continuous_size': 12, 'attention_head_size': 2, 'learning_rate': 0.0053052565326193275}. Best is trial 1 with value: 554.7061157226562.
LOCAL_RANK: 0 - CUDA_VISIBLE_DEVICES: [0]
[I 2023-11-30 04:26:08,376] Trial 5 finished with value: 649.6765747070312 and parameters: {'gradient_clip_val': 0.2387432034827175, 'hidden_size': 59, 'dropout': 0.23797229971205042, 'hidden_continuous_size': 55, 'attention_head_size': 3, 'learning_rate': 0.05091637050757109}. Best is trial 1 with value: 554.7061157226562.
LOCAL_RANK: 0 - CUDA_VISIBLE_DEVICES: [0]
[I 2023-11-30 04:26:20,973] Trial 6 finished with value: 638.0046997070312 and parameters: {'gradient_clip_val': 0.4479147506542474, 'hidden_size': 40, 'dropout': 0.16026240568850808, 'hidden_continuous_size': 15, 'attention_head_size': 4, 'learning_rate': 0.05442922609767989}. Best is trial 1 with value: 554.7061157226562.
LOCAL_RANK: 0 - CUDA_VISIBLE_DEVICES: [0]
[I 2023-11-30 04:26:33,545] Trial 7 finished with value: 492.7200012207031 and parameters: {'gradient_clip_val': 0.2672452082155519, 'hidden_size': 31, 'dropout': 0.36857198278254855, 'hidden_continuous_size': 30, 'attention_head_size': 2, 'learning_rate': 0.019568351699324513}. Best is trial 7 with value: 492.7200012207031.
LOCAL_RANK: 0 - CUDA_VISIBLE_DEVICES: [0]
[I 2023-11-30 04:26:46,816] Trial 8 finished with value: 916.4700317382812 and parameters: {'gradient_clip_val': 0.1274951868551538, 'hidden_size': 87, 'dropout': 0.3901593599642772, 'hidden_continuous_size': 16, 'attention_head_size': 1, 'learning_rate': 0.0019393730838068858}. Best is trial 7 with value: 492.7200012207031.
LOCAL_RANK: 0 - CUDA_VISIBLE_DEVICES: [0]
[I 2023-11-30 04:26:58,916] Trial 9 finished with value: 3483.517333984375 and parameters: {'gradient_clip_val': 0.3552871282002574, 'hidden_size': 11, 'dropout': 0.23010239152467635, 'hidden_continuous_size': 10, 'attention_head_size': 1, 'learning_rate': 0.0011620901326733356}. Best is trial 7 with value: 492.7200012207031.
LOCAL_RANK: 0 - CUDA_VISIBLE_DEVICES: [0]
[I 2023-11-30 04:27:11,617] Trial 10 finished with value: 610.2881469726562 and parameters: {'gradient_clip_val': 0.8388017662456442, 'hidden_size': 31, 'dropout': 0.32769703440485487, 'hidden_continuous_size': 21, 'attention_head_size': 4, 'learning_rate': 0.02270205265741557}. Best is trial 7 with value: 492.7200012207031.
LOCAL_RANK: 0 - CUDA_VISIBLE_DEVICES: [0]
[I 2023-11-30 04:27:26,000] Trial 11 finished with value: 738.4521484375 and parameters: {'gradient_clip_val': 0.20022181693736113, 'hidden_size': 110, 'dropout': 0.3877303429595944, 'hidden_continuous_size': 109, 'attention_head_size': 2, 'learning_rate': 0.010065159322831122}. Best is trial 7 with value: 492.7200012207031.
LOCAL_RANK: 0 - CUDA_VISIBLE_DEVICES: [0]
[I 2023-11-30 04:27:40,219] Trial 12 finished with value: 744.4794921875 and parameters: {'gradient_clip_val': 0.6487053656035469, 'hidden_size': 127, 'dropout': 0.3437870715239972, 'hidden_continuous_size': 41, 'attention_head_size': 2, 'learning_rate': 0.01326252694308212}. Best is trial 7 with value: 492.7200012207031.
LOCAL_RANK: 0 - CUDA_VISIBLE_DEVICES: [0]
[I 2023-11-30 04:27:54,594] Trial 13 finished with value: 822.8681030273438 and parameters: {'gradient_clip_val': 0.6220070527884362, 'hidden_size': 148, 'dropout': 0.392928670905407, 'hidden_continuous_size': 66, 'attention_head_size': 1, 'learning_rate': 0.004304161106541967}. Best is trial 7 with value: 492.7200012207031.
LOCAL_RANK: 0 - CUDA_VISIBLE_DEVICES: [0]
[I 2023-11-30 04:28:08,136] Trial 14 finished with value: 641.9390258789062 and parameters: {'gradient_clip_val': 0.27783279103193803, 'hidden_size': 70, 'dropout': 0.2879464920881888, 'hidden_continuous_size': 32, 'attention_head_size': 2, 'learning_rate': 0.019695717581667462}. Best is trial 7 with value: 492.7200012207031.
LOCAL_RANK: 0 - CUDA_VISIBLE_DEVICES: [0]
[I 2023-11-30 04:28:21,072] Trial 15 finished with value: 569.1930541992188 and parameters: {'gradient_clip_val': 0.9594871518806424, 'hidden_size': 42, 'dropout': 0.35238448264273053, 'hidden_continuous_size': 25, 'attention_head_size': 3, 'learning_rate': 0.006229542540668322}. Best is trial 7 with value: 492.7200012207031.
LOCAL_RANK: 0 - CUDA_VISIBLE_DEVICES: [0]
[I 2023-11-30 04:28:33,908] Trial 16 finished with value: 746.2470092773438 and parameters: {'gradient_clip_val': 0.19753065391068453, 'hidden_size': 49, 'dropout': 0.29514602384984395, 'hidden_continuous_size': 27, 'attention_head_size': 1, 'learning_rate': 0.09911778956484422}. Best is trial 7 with value: 492.7200012207031.
LOCAL_RANK: 0 - CUDA_VISIBLE_DEVICES: [0]
[I 2023-11-30 04:28:47,671] Trial 17 finished with value: 561.2129516601562 and parameters: {'gradient_clip_val': 0.5029687240922263, 'hidden_size': 91, 'dropout': 0.35498279633576474, 'hidden_continuous_size': 37, 'attention_head_size': 2, 'learning_rate': 0.00762553925202079}. Best is trial 7 with value: 492.7200012207031.
LOCAL_RANK: 0 - CUDA_VISIBLE_DEVICES: [0]
[I 2023-11-30 04:29:00,128] Trial 18 finished with value: 1292.6202392578125 and parameters: {'gradient_clip_val': 0.33662943480617014, 'hidden_size': 28, 'dropout': 0.3990127289043204, 'hidden_continuous_size': 14, 'attention_head_size': 3, 'learning_rate': 0.003464526902042211}. Best is trial 7 with value: 492.7200012207031.
LOCAL_RANK: 0 - CUDA_VISIBLE_DEVICES: [0]
[I 2023-11-30 04:29:13,058] Trial 19 finished with value: 550.675537109375 and parameters: {'gradient_clip_val': 0.25238734989597666, 'hidden_size': 54, 'dropout': 0.31076699050388984, 'hidden_continuous_size': 18, 'attention_head_size': 1, 'learning_rate': 0.012683997355952879}. Best is trial 7 with value: 492.7200012207031.
LOCAL_RANK: 0 - CUDA_VISIBLE_DEVICES: [0]
[I 2023-11-30 04:29:25,752] Trial 20 finished with value: 956.9113159179688 and parameters: {'gradient_clip_val': 0.16067267938706498, 'hidden_size': 49, 'dropout': 0.31176091628754643, 'hidden_continuous_size': 19, 'attention_head_size': 1, 'learning_rate': 0.013292511360249974}. Best is trial 7 with value: 492.7200012207031.
LOCAL_RANK: 0 - CUDA_VISIBLE_DEVICES: [0]
[I 2023-11-30 04:29:39,476] Trial 21 finished with value: 550.2799682617188 and parameters: {'gradient_clip_val': 0.2707048609663945, 'hidden_size': 103, 'dropout': 0.3595964283750029, 'hidden_continuous_size': 28, 'attention_head_size': 1, 'learning_rate': 0.009211533721643326}. Best is trial 7 with value: 492.7200012207031.
LOCAL_RANK: 0 - CUDA_VISIBLE_DEVICES: [0]
[I 2023-11-30 04:29:52,824] Trial 22 finished with value: 733.635009765625 and parameters: {'gradient_clip_val': 0.24112694084239267, 'hidden_size': 77, 'dropout': 0.358800684288617, 'hidden_continuous_size': 30, 'attention_head_size': 1, 'learning_rate': 0.019304148757448333}. Best is trial 7 with value: 492.7200012207031.
LOCAL_RANK: 0 - CUDA_VISIBLE_DEVICES: [0]
