[I 2023-11-30 06:22:53,148] Trial 100 finished with value: 62.31148147583008 and parameters: {'gradient_clip_val': 0.5102417667856745, 'hidden_size': 35, 'dropout': 0.16419908542470532, 'hidden_continuous_size': 18, 'attention_head_size': 4, 'learning_rate': 0.013783853430102522}. Best is trial 82 with value: 55.9008903503418.
LOCAL_RANK: 0 - CUDA_VISIBLE_DEVICES: [0]
[I 2023-11-30 06:23:05,743] Trial 101 finished with value: 59.48225784301758 and parameters: {'gradient_clip_val': 0.5117521965910271, 'hidden_size': 35, 'dropout': 0.16626993786267175, 'hidden_continuous_size': 17, 'attention_head_size': 4, 'learning_rate': 0.01365758448873796}. Best is trial 82 with value: 55.9008903503418.
LOCAL_RANK: 0 - CUDA_VISIBLE_DEVICES: [0]
[I 2023-11-30 06:23:18,542] Trial 102 finished with value: 60.25852584838867 and parameters: {'gradient_clip_val': 0.5191949941136511, 'hidden_size': 37, 'dropout': 0.16675504298167482, 'hidden_continuous_size': 17, 'attention_head_size': 4, 'learning_rate': 0.013366825781312815}. Best is trial 82 with value: 55.9008903503418.
LOCAL_RANK: 0 - CUDA_VISIBLE_DEVICES: [0]
[I 2023-11-30 06:23:31,423] Trial 103 finished with value: 67.05640411376953 and parameters: {'gradient_clip_val': 0.522684347351932, 'hidden_size': 31, 'dropout': 0.16491992997925506, 'hidden_continuous_size': 18, 'attention_head_size': 4, 'learning_rate': 0.009971610142501312}. Best is trial 82 with value: 55.9008903503418.
LOCAL_RANK: 0 - CUDA_VISIBLE_DEVICES: [0]
[I 2023-11-30 06:23:44,197] Trial 104 finished with value: 76.2228012084961 and parameters: {'gradient_clip_val': 0.43031078612917006, 'hidden_size': 37, 'dropout': 0.17136946050054702, 'hidden_continuous_size': 16, 'attention_head_size': 4, 'learning_rate': 0.012298334106684962}. Best is trial 82 with value: 55.9008903503418.
LOCAL_RANK: 0 - CUDA_VISIBLE_DEVICES: [0]
[I 2023-11-30 06:23:56,799] Trial 105 finished with value: 72.07930755615234 and parameters: {'gradient_clip_val': 0.5954431939881832, 'hidden_size': 35, 'dropout': 0.18552987989251352, 'hidden_continuous_size': 17, 'attention_head_size': 4, 'learning_rate': 0.015265614855427836}. Best is trial 82 with value: 55.9008903503418.
LOCAL_RANK: 0 - CUDA_VISIBLE_DEVICES: [0]
[I 2023-11-30 06:24:09,452] Trial 106 finished with value: 71.17401885986328 and parameters: {'gradient_clip_val': 0.5084465746402129, 'hidden_size': 29, 'dropout': 0.15859981608187165, 'hidden_continuous_size': 18, 'attention_head_size': 4, 'learning_rate': 0.013629738272226875}. Best is trial 82 with value: 55.9008903503418.
LOCAL_RANK: 0 - CUDA_VISIBLE_DEVICES: [0]
[I 2023-11-30 06:24:22,011] Trial 107 finished with value: 66.99344635009766 and parameters: {'gradient_clip_val': 0.5388379049476076, 'hidden_size': 27, 'dropout': 0.17668776772557832, 'hidden_continuous_size': 17, 'attention_head_size': 4, 'learning_rate': 0.010745123856886337}. Best is trial 82 with value: 55.9008903503418.
LOCAL_RANK: 0 - CUDA_VISIBLE_DEVICES: [0]
[I 2023-11-30 06:24:35,142] Trial 108 finished with value: 73.02302551269531 and parameters: {'gradient_clip_val': 0.40336974683725124, 'hidden_size': 41, 'dropout': 0.13823627159500088, 'hidden_continuous_size': 20, 'attention_head_size': 4, 'learning_rate': 0.01680409224132325}. Best is trial 82 with value: 55.9008903503418.
LOCAL_RANK: 0 - CUDA_VISIBLE_DEVICES: [0]
[I 2023-11-30 06:24:47,657] Trial 109 finished with value: 61.131465911865234 and parameters: {'gradient_clip_val': 0.4513830127729049, 'hidden_size': 31, 'dropout': 0.16927843858944602, 'hidden_continuous_size': 17, 'attention_head_size': 4, 'learning_rate': 0.011553263805231785}. Best is trial 82 with value: 55.9008903503418.
LOCAL_RANK: 0 - CUDA_VISIBLE_DEVICES: [0]
[I 2023-11-30 06:25:00,415] Trial 110 finished with value: 77.2693862915039 and parameters: {'gradient_clip_val': 0.3584258174931716, 'hidden_size': 35, 'dropout': 0.16518664907562605, 'hidden_continuous_size': 17, 'attention_head_size': 4, 'learning_rate': 0.011511271844185612}. Best is trial 82 with value: 55.9008903503418.
LOCAL_RANK: 0 - CUDA_VISIBLE_DEVICES: [0]
[I 2023-11-30 06:25:12,884] Trial 111 finished with value: 60.4027099609375 and parameters: {'gradient_clip_val': 0.4443978638024757, 'hidden_size': 32, 'dropout': 0.1714533375555083, 'hidden_continuous_size': 17, 'attention_head_size': 4, 'learning_rate': 0.01439874522873885}. Best is trial 82 with value: 55.9008903503418.
LOCAL_RANK: 0 - CUDA_VISIBLE_DEVICES: [0]
[I 2023-11-30 06:25:25,435] Trial 112 finished with value: 67.72704315185547 and parameters: {'gradient_clip_val': 0.48092196953764615, 'hidden_size': 32, 'dropout': 0.1666674930038424, 'hidden_continuous_size': 18, 'attention_head_size': 4, 'learning_rate': 0.012601478006501052}. Best is trial 82 with value: 55.9008903503418.
LOCAL_RANK: 0 - CUDA_VISIBLE_DEVICES: [0]
[I 2023-11-30 06:25:38,241] Trial 113 finished with value: 69.90846252441406 and parameters: {'gradient_clip_val': 0.4473787093698419, 'hidden_size': 30, 'dropout': 0.1774043737034556, 'hidden_continuous_size': 16, 'attention_head_size': 4, 'learning_rate': 0.010066564068047205}. Best is trial 82 with value: 55.9008903503418.
LOCAL_RANK: 0 - CUDA_VISIBLE_DEVICES: [0]
[I 2023-11-30 06:25:50,791] Trial 114 finished with value: 73.63701629638672 and parameters: {'gradient_clip_val': 0.5099849696935036, 'hidden_size': 31, 'dropout': 0.15660242046551198, 'hidden_continuous_size': 17, 'attention_head_size': 4, 'learning_rate': 0.015367073398870213}. Best is trial 82 with value: 55.9008903503418.
LOCAL_RANK: 0 - CUDA_VISIBLE_DEVICES: [0]
[I 2023-11-30 06:26:03,569] Trial 115 finished with value: 78.04479217529297 and parameters: {'gradient_clip_val': 0.4276895021192757, 'hidden_size': 37, 'dropout': 0.18391036408636194, 'hidden_continuous_size': 19, 'attention_head_size': 4, 'learning_rate': 0.014355909608149838}. Best is trial 82 with value: 55.9008903503418.
LOCAL_RANK: 0 - CUDA_VISIBLE_DEVICES: [0]
[I 2023-11-30 06:26:16,275] Trial 116 finished with value: 78.28549194335938 and parameters: {'gradient_clip_val': 0.395500810557943, 'hidden_size': 34, 'dropout': 0.17254027893879373, 'hidden_continuous_size': 17, 'attention_head_size': 4, 'learning_rate': 0.011007287675449251}. Best is trial 82 with value: 55.9008903503418.
LOCAL_RANK: 0 - CUDA_VISIBLE_DEVICES: [0]
[I 2023-11-30 06:26:28,922] Trial 117 finished with value: 81.78968048095703 and parameters: {'gradient_clip_val': 0.44807402887458847, 'hidden_size': 33, 'dropout': 0.15181493878743194, 'hidden_continuous_size': 16, 'attention_head_size': 4, 'learning_rate': 0.013574858894431779}. Best is trial 82 with value: 55.9008903503418.
LOCAL_RANK: 0 - CUDA_VISIBLE_DEVICES: [0]
[I 2023-11-30 06:26:41,473] Trial 118 finished with value: 70.0416488647461 and parameters: {'gradient_clip_val': 0.5434409425525845, 'hidden_size': 28, 'dropout': 0.1655717866256392, 'hidden_continuous_size': 18, 'attention_head_size': 4, 'learning_rate': 0.01633274284050158}. Best is trial 82 with value: 55.9008903503418.
LOCAL_RANK: 0 - CUDA_VISIBLE_DEVICES: [0]
[I 2023-11-30 06:26:54,241] Trial 119 finished with value: 66.24874877929688 and parameters: {'gradient_clip_val': 0.4766251964275183, 'hidden_size': 38, 'dropout': 0.16010768413668547, 'hidden_continuous_size': 15, 'attention_head_size': 4, 'learning_rate': 0.00929729338252611}. Best is trial 82 with value: 55.9008903503418.
LOCAL_RANK: 0 - CUDA_VISIBLE_DEVICES: [0]
[I 2023-11-30 06:27:07,236] Trial 120 finished with value: 76.94256591796875 and parameters: {'gradient_clip_val': 0.37792328468419484, 'hidden_size': 43, 'dropout': 0.17014567116474547, 'hidden_continuous_size': 19, 'attention_head_size': 4, 'learning_rate': 0.012142739494853763}. Best is trial 82 with value: 55.9008903503418.
LOCAL_RANK: 0 - CUDA_VISIBLE_DEVICES: [0]
[I 2023-11-30 06:27:19,720] Trial 121 finished with value: 64.88933563232422 and parameters: {'gradient_clip_val': 0.46388681723159586, 'hidden_size': 30, 'dropout': 0.18670090677879997, 'hidden_continuous_size': 17, 'attention_head_size': 4, 'learning_rate': 0.014849269331859}. Best is trial 82 with value: 55.9008903503418.
LOCAL_RANK: 0 - CUDA_VISIBLE_DEVICES: [0]
[I 2023-11-30 06:27:32,259] Trial 122 finished with value: 70.2945327758789 and parameters: {'gradient_clip_val': 0.503817816705427, 'hidden_size': 26, 'dropout': 0.1803655327048253, 'hidden_continuous_size': 17, 'attention_head_size': 4, 'learning_rate': 0.02054322723000949}. Best is trial 82 with value: 55.9008903503418.
LOCAL_RANK: 0 - CUDA_VISIBLE_DEVICES: [0]
[I 2023-11-30 06:27:45,038] Trial 123 finished with value: 81.57070922851562 and parameters: {'gradient_clip_val': 0.4182761362571224, 'hidden_size': 33, 'dropout': 0.1612422460581011, 'hidden_continuous_size': 16, 'attention_head_size': 4, 'learning_rate': 0.016647926952579502}. Best is trial 82 with value: 55.9008903503418.
LOCAL_RANK: 0 - CUDA_VISIBLE_DEVICES: [0]
[I 2023-11-30 06:27:57,605] Trial 124 finished with value: 71.1083984375 and parameters: {'gradient_clip_val': 0.5725826122496074, 'hidden_size': 36, 'dropout': 0.19147414644435115, 'hidden_continuous_size': 15, 'attention_head_size': 4, 'learning_rate': 0.012947039061105779}. Best is trial 82 with value: 55.9008903503418.
LOCAL_RANK: 0 - CUDA_VISIBLE_DEVICES: [0]
[I 2023-11-30 06:28:10,224] Trial 125 finished with value: 62.92690658569336 and parameters: {'gradient_clip_val': 0.4436319742365386, 'hidden_size': 29, 'dropout': 0.15283731832959616, 'hidden_continuous_size': 18, 'attention_head_size': 4, 'learning_rate': 0.010577678718656348}. Best is trial 82 with value: 55.9008903503418.
LOCAL_RANK: 0 - CUDA_VISIBLE_DEVICES: [0]
[I 2023-11-30 06:28:22,528] Trial 126 finished with value: 68.15145874023438 and parameters: {'gradient_clip_val': 0.4443197995488562, 'hidden_size': 28, 'dropout': 0.1403872279891723, 'hidden_continuous_size': 18, 'attention_head_size': 4, 'learning_rate': 0.00969963783915639}. Best is trial 82 with value: 55.9008903503418.
LOCAL_RANK: 0 - CUDA_VISIBLE_DEVICES: [0]
[I 2023-11-30 06:28:35,027] Trial 127 finished with value: 56.7305793762207 and parameters: {'gradient_clip_val': 0.4894970870112929, 'hidden_size': 32, 'dropout': 0.1576235773262901, 'hidden_continuous_size': 19, 'attention_head_size': 4, 'learning_rate': 0.010785818414980405}. Best is trial 82 with value: 55.9008903503418.
LOCAL_RANK: 0 - CUDA_VISIBLE_DEVICES: [0]
[I 2023-11-30 06:28:47,758] Trial 128 finished with value: 63.6020622253418 and parameters: {'gradient_clip_val': 0.4866328880646793, 'hidden_size': 30, 'dropout': 0.1516054260496986, 'hidden_continuous_size': 19, 'attention_head_size': 4, 'learning_rate': 0.007942644568539315}. Best is trial 82 with value: 55.9008903503418.
LOCAL_RANK: 0 - CUDA_VISIBLE_DEVICES: [0]
[I 2023-11-30 06:29:00,682] Trial 129 finished with value: 66.72390747070312 and parameters: {'gradient_clip_val': 0.6094804160820044, 'hidden_size': 41, 'dropout': 0.13761378805336724, 'hidden_continuous_size': 21, 'attention_head_size': 4, 'learning_rate': 0.010481296557284353}. Best is trial 82 with value: 55.9008903503418.
LOCAL_RANK: 0 - CUDA_VISIBLE_DEVICES: [0]
[I 2023-11-30 06:29:13,011] Trial 130 finished with value: 76.36540985107422 and parameters: {'gradient_clip_val': 0.5325054601891189, 'hidden_size': 32, 'dropout': 0.1523405303397238, 'hidden_continuous_size': 18, 'attention_head_size': 4, 'learning_rate': 0.011281031132193546}. Best is trial 82 with value: 55.9008903503418.
LOCAL_RANK: 0 - CUDA_VISIBLE_DEVICES: [0]
[I 2023-11-30 06:29:25,738] Trial 131 finished with value: 65.62890625 and parameters: {'gradient_clip_val': 0.5038722193443163, 'hidden_size': 35, 'dropout': 0.1566951315629585, 'hidden_continuous_size': 18, 'attention_head_size': 4, 'learning_rate': 0.013493164094913777}. Best is trial 82 with value: 55.9008903503418.
LOCAL_RANK: 0 - CUDA_VISIBLE_DEVICES: [0]
[I 2023-11-30 06:29:38,386] Trial 132 finished with value: 68.95098876953125 and parameters: {'gradient_clip_val': 0.4249444906550897, 'hidden_size': 31, 'dropout': 0.17016367633564217, 'hidden_continuous_size': 17, 'attention_head_size': 4, 'learning_rate': 0.0118537598687895}. Best is trial 82 with value: 55.9008903503418.
LOCAL_RANK: 0 - CUDA_VISIBLE_DEVICES: [0]
[I 2023-11-30 06:29:50,983] Trial 133 finished with value: 81.51657104492188 and parameters: {'gradient_clip_val': 0.45623993180259154, 'hidden_size': 29, 'dropout': 0.16156233696839523, 'hidden_continuous_size': 16, 'attention_head_size': 4, 'learning_rate': 0.008333461182380958}. Best is trial 82 with value: 55.9008903503418.
LOCAL_RANK: 0 - CUDA_VISIBLE_DEVICES: [0]
[I 2023-11-30 06:30:03,801] Trial 134 finished with value: 77.1114501953125 and parameters: {'gradient_clip_val': 0.39243304226907466, 'hidden_size': 38, 'dropout': 0.1748456187684831, 'hidden_continuous_size': 19, 'attention_head_size': 4, 'learning_rate': 0.00939557463303839}. Best is trial 82 with value: 55.9008903503418.
LOCAL_RANK: 0 - CUDA_VISIBLE_DEVICES: [0]
[I 2023-11-30 06:30:16,354] Trial 135 finished with value: 70.1476821899414 and parameters: {'gradient_clip_val': 0.5521592792012051, 'hidden_size': 27, 'dropout': 0.14457159056792399, 'hidden_continuous_size': 18, 'attention_head_size': 4, 'learning_rate': 0.015302918592805637}. Best is trial 82 with value: 55.9008903503418.
LOCAL_RANK: 0 - CUDA_VISIBLE_DEVICES: [0]
[I 2023-11-30 06:30:28,911] Trial 136 finished with value: 69.47457122802734 and parameters: {'gradient_clip_val': 0.4798376912955668, 'hidden_size': 33, 'dropout': 0.13264782775637482, 'hidden_continuous_size': 19, 'attention_head_size': 1, 'learning_rate': 0.010504022398710969}. Best is trial 82 with value: 55.9008903503418.
LOCAL_RANK: 0 - CUDA_VISIBLE_DEVICES: [0]
[I 2023-11-30 06:30:41,627] Trial 137 finished with value: 85.30814361572266 and parameters: {'gradient_clip_val': 0.40802124045695076, 'hidden_size': 35, 'dropout': 0.1670564592355829, 'hidden_continuous_size': 17, 'attention_head_size': 4, 'learning_rate': 0.014463741671931266}. Best is trial 82 with value: 55.9008903503418.
LOCAL_RANK: 0 - CUDA_VISIBLE_DEVICES: [0]
[I 2023-11-30 06:30:54,596] Trial 138 finished with value: 77.14912414550781 and parameters: {'gradient_clip_val': 0.36348966520673887, 'hidden_size': 37, 'dropout': 0.1556218533069633, 'hidden_continuous_size': 18, 'attention_head_size': 4, 'learning_rate': 0.012856767378358969}. Best is trial 82 with value: 55.9008903503418.
LOCAL_RANK: 0 - CUDA_VISIBLE_DEVICES: [0]
[I 2023-11-30 06:31:07,103] Trial 139 finished with value: 72.31359100341797 and parameters: {'gradient_clip_val': 0.5037180837450573, 'hidden_size': 25, 'dropout': 0.18090818410868065, 'hidden_continuous_size': 17, 'attention_head_size': 4, 'learning_rate': 0.016993797521167663}. Best is trial 82 with value: 55.9008903503418.
LOCAL_RANK: 0 - CUDA_VISIBLE_DEVICES: [0]
[I 2023-11-30 06:31:19,441] Trial 140 finished with value: 71.33746337890625 and parameters: {'gradient_clip_val': 0.4384060888427414, 'hidden_size': 32, 'dropout': 0.14828761654792624, 'hidden_continuous_size': 16, 'attention_head_size': 4, 'learning_rate': 0.019569417364376163}. Best is trial 82 with value: 55.9008903503418.
LOCAL_RANK: 0 - CUDA_VISIBLE_DEVICES: [0]
[I 2023-11-30 06:31:32,163] Trial 141 finished with value: 61.97602844238281 and parameters: {'gradient_clip_val': 0.481048120787995, 'hidden_size': 30, 'dropout': 0.15046071138027234, 'hidden_continuous_size': 19, 'attention_head_size': 4, 'learning_rate': 0.007974728115732273}. Best is trial 82 with value: 55.9008903503418.
LOCAL_RANK: 0 - CUDA_VISIBLE_DEVICES: [0]
[I 2023-11-30 06:31:44,749] Trial 142 finished with value: 78.15771484375 and parameters: {'gradient_clip_val': 0.46466380001762303, 'hidden_size': 29, 'dropout': 0.16259395542939362, 'hidden_continuous_size': 20, 'attention_head_size': 4, 'learning_rate': 0.006838848191712528}. Best is trial 82 with value: 55.9008903503418.
LOCAL_RANK: 0 - CUDA_VISIBLE_DEVICES: [0]
[I 2023-11-30 06:31:57,744] Trial 143 finished with value: 66.76776123046875 and parameters: {'gradient_clip_val': 0.518796298995712, 'hidden_size': 33, 'dropout': 0.1708646290920803, 'hidden_continuous_size': 19, 'attention_head_size': 4, 'learning_rate': 0.008693382667713816}. Best is trial 82 with value: 55.9008903503418.
LOCAL_RANK: 0 - CUDA_VISIBLE_DEVICES: [0]
[I 2023-11-30 06:32:10,478] Trial 144 finished with value: 56.34765625 and parameters: {'gradient_clip_val': 0.5690728608894908, 'hidden_size': 31, 'dropout': 0.1540748305050706, 'hidden_continuous_size': 18, 'attention_head_size': 4, 'learning_rate': 0.011774857618230727}. Best is trial 82 with value: 55.9008903503418.
LOCAL_RANK: 0 - CUDA_VISIBLE_DEVICES: [0]
[I 2023-11-30 06:32:22,959] Trial 145 finished with value: 81.40437316894531 and parameters: {'gradient_clip_val': 0.5710344726496884, 'hidden_size': 31, 'dropout': 0.12998503160135036, 'hidden_continuous_size': 18, 'attention_head_size': 4, 'learning_rate': 0.011438875593797481}. Best is trial 82 with value: 55.9008903503418.
LOCAL_RANK: 0 - CUDA_VISIBLE_DEVICES: [0]
[I 2023-11-30 06:32:35,486] Trial 146 finished with value: 60.2652473449707 and parameters: {'gradient_clip_val': 0.6384662248367095, 'hidden_size': 28, 'dropout': 0.15129129406999073, 'hidden_continuous_size': 18, 'attention_head_size': 4, 'learning_rate': 0.009554224162771872}. Best is trial 82 with value: 55.9008903503418.
LOCAL_RANK: 0 - CUDA_VISIBLE_DEVICES: [0]
[I 2023-11-30 06:32:48,037] Trial 147 finished with value: 74.72562408447266 and parameters: {'gradient_clip_val': 0.6261447631805444, 'hidden_size': 27, 'dropout': 0.15137804311103337, 'hidden_continuous_size': 18, 'attention_head_size': 4, 'learning_rate': 0.009492506626410357}. Best is trial 82 with value: 55.9008903503418.
LOCAL_RANK: 0 - CUDA_VISIBLE_DEVICES: [0]
[I 2023-11-30 06:33:00,692] Trial 148 finished with value: 65.32295989990234 and parameters: {'gradient_clip_val': 0.5983658770358478, 'hidden_size': 29, 'dropout': 0.14578497249167288, 'hidden_continuous_size': 19, 'attention_head_size': 4, 'learning_rate': 0.007431651371455204}. Best is trial 82 with value: 55.9008903503418.
LOCAL_RANK: 0 - CUDA_VISIBLE_DEVICES: [0]
[I 2023-11-30 06:33:13,531] Trial 149 finished with value: 74.07062530517578 and parameters: {'gradient_clip_val': 0.6473039230567067, 'hidden_size': 35, 'dropout': 0.16028387417068438, 'hidden_continuous_size': 20, 'attention_head_size': 4, 'learning_rate': 0.010400228383632906}. Best is trial 82 with value: 55.9008903503418.
[I 2023-11-30 06:33:13,641] A new study created in memory with name: no-name-9be9daa2-c91e-4349-8fa9-472c1cfc3dbe
/home/le004/conda/anaconda3/envs/tsff_env/lib/python3.9/site-packages/lightning/fabric/plugins/environments/slurm.py:191: The `srun` command is available on your system but is not used. HINT: If your intention is to run Lightning on SLURM, prepend your python command with `srun` like so: srun python /home/le004/master_thesis/git/TSFusionForecast/code/ ...
LOCAL_RANK: 0 - CUDA_VISIBLE_DEVICES: [0]
[I 2023-11-30 06:33:26,821] Trial 0 finished with value: 121.16168212890625 and parameters: {'gradient_clip_val': 0.7553470907540443, 'hidden_size': 84, 'dropout': 0.19343972238637652, 'hidden_continuous_size': 12, 'attention_head_size': 1, 'learning_rate': 0.0035408792251581662}. Best is trial 0 with value: 121.16168212890625.
LOCAL_RANK: 0 - CUDA_VISIBLE_DEVICES: [0]
[I 2023-11-30 06:33:39,162] Trial 1 finished with value: 306.3197937011719 and parameters: {'gradient_clip_val': 0.32240474029870253, 'hidden_size': 18, 'dropout': 0.34600858456422284, 'hidden_continuous_size': 13, 'attention_head_size': 4, 'learning_rate': 0.0012253326586349634}. Best is trial 0 with value: 121.16168212890625.
LOCAL_RANK: 0 - CUDA_VISIBLE_DEVICES: [0]
[I 2023-11-30 06:33:51,642] Trial 2 finished with value: 125.4826431274414 and parameters: {'gradient_clip_val': 0.44684667890940377, 'hidden_size': 33, 'dropout': 0.21226418974742348, 'hidden_continuous_size': 10, 'attention_head_size': 4, 'learning_rate': 0.07365664708198358}. Best is trial 0 with value: 121.16168212890625.
LOCAL_RANK: 0 - CUDA_VISIBLE_DEVICES: [0]
[I 2023-11-30 06:34:05,689] Trial 3 finished with value: 149.2943572998047 and parameters: {'gradient_clip_val': 0.26717626676395606, 'hidden_size': 113, 'dropout': 0.2581959845956689, 'hidden_continuous_size': 22, 'attention_head_size': 3, 'learning_rate': 0.07136148756943568}. Best is trial 0 with value: 121.16168212890625.
LOCAL_RANK: 0 - CUDA_VISIBLE_DEVICES: [0]
[I 2023-11-30 06:34:18,445] Trial 4 finished with value: 131.99554443359375 and parameters: {'gradient_clip_val': 0.1583682480647031, 'hidden_size': 49, 'dropout': 0.273103315998151, 'hidden_continuous_size': 11, 'attention_head_size': 3, 'learning_rate': 0.08059099422192027}. Best is trial 0 with value: 121.16168212890625.
LOCAL_RANK: 0 - CUDA_VISIBLE_DEVICES: [0]
[I 2023-11-30 06:34:30,492] Trial 5 finished with value: 163.19976806640625 and parameters: {'gradient_clip_val': 0.16595264630411122, 'hidden_size': 18, 'dropout': 0.18945162913928754, 'hidden_continuous_size': 10, 'attention_head_size': 3, 'learning_rate': 0.005905716924480193}. Best is trial 0 with value: 121.16168212890625.
LOCAL_RANK: 0 - CUDA_VISIBLE_DEVICES: [0]
[I 2023-11-30 06:34:43,766] Trial 6 finished with value: 128.88385009765625 and parameters: {'gradient_clip_val': 0.25516812038512404, 'hidden_size': 55, 'dropout': 0.3353460382956741, 'hidden_continuous_size': 43, 'attention_head_size': 1, 'learning_rate': 0.09468736019273889}. Best is trial 0 with value: 121.16168212890625.
LOCAL_RANK: 0 - CUDA_VISIBLE_DEVICES: [0]
[I 2023-11-30 06:34:56,072] Trial 7 finished with value: 119.2025146484375 and parameters: {'gradient_clip_val': 0.22566319326709267, 'hidden_size': 13, 'dropout': 0.20095930427735526, 'hidden_continuous_size': 12, 'attention_head_size': 4, 'learning_rate': 0.030370968811051214}. Best is trial 7 with value: 119.2025146484375.
LOCAL_RANK: 0 - CUDA_VISIBLE_DEVICES: [0]
