[I 2023-11-29 22:05:19,040] Trial 72 finished with value: 150.98985290527344 and parameters: {'gradient_clip_val': 0.24175624370004414, 'hidden_size': 127, 'dropout': 0.23442672589990626, 'hidden_continuous_size': 111, 'attention_head_size': 3, 'learning_rate': 0.008440035523284702}. Best is trial 41 with value: 104.47493743896484.
LOCAL_RANK: 0 - CUDA_VISIBLE_DEVICES: [0]
[I 2023-11-29 22:05:33,345] Trial 73 finished with value: 136.6275177001953 and parameters: {'gradient_clip_val': 0.2720447380285024, 'hidden_size': 98, 'dropout': 0.22354859410785713, 'hidden_continuous_size': 89, 'attention_head_size': 3, 'learning_rate': 0.01017902855978248}. Best is trial 41 with value: 104.47493743896484.
LOCAL_RANK: 0 - CUDA_VISIBLE_DEVICES: [0]
[I 2023-11-29 22:05:44,413] Trial 74 finished with value: 140.90379333496094 and parameters: {'gradient_clip_val': 0.21559774121958894, 'hidden_size': 150, 'dropout': 0.20322582050411916, 'hidden_continuous_size': 150, 'attention_head_size': 3, 'learning_rate': 0.01275995673532905}. Best is trial 41 with value: 104.47493743896484.
LOCAL_RANK: 0 - CUDA_VISIBLE_DEVICES: [0]
[I 2023-11-29 22:05:58,878] Trial 75 finished with value: 133.81060791015625 and parameters: {'gradient_clip_val': 0.3102434714598612, 'hidden_size': 123, 'dropout': 0.2509454466271816, 'hidden_continuous_size': 116, 'attention_head_size': 2, 'learning_rate': 0.005294397507019634}. Best is trial 41 with value: 104.47493743896484.
LOCAL_RANK: 0 - CUDA_VISIBLE_DEVICES: [0]
[I 2023-11-29 22:06:13,806] Trial 76 finished with value: 117.33712005615234 and parameters: {'gradient_clip_val': 0.18452453706988076, 'hidden_size': 141, 'dropout': 0.22642935765013344, 'hidden_continuous_size': 134, 'attention_head_size': 3, 'learning_rate': 0.01796079572342585}. Best is trial 41 with value: 104.47493743896484.
LOCAL_RANK: 0 - CUDA_VISIBLE_DEVICES: [0]
[I 2023-11-29 22:06:28,182] Trial 77 finished with value: 130.53636169433594 and parameters: {'gradient_clip_val': 0.18536512266977692, 'hidden_size': 116, 'dropout': 0.21261205724104953, 'hidden_continuous_size': 105, 'attention_head_size': 3, 'learning_rate': 0.01776681216361712}. Best is trial 41 with value: 104.47493743896484.
LOCAL_RANK: 0 - CUDA_VISIBLE_DEVICES: [0]
[I 2023-11-29 22:06:42,879] Trial 78 finished with value: 134.76101684570312 and parameters: {'gradient_clip_val': 0.15616729281267774, 'hidden_size': 141, 'dropout': 0.24034082237796012, 'hidden_continuous_size': 135, 'attention_head_size': 3, 'learning_rate': 0.01450122506775599}. Best is trial 41 with value: 104.47493743896484.
LOCAL_RANK: 0 - CUDA_VISIBLE_DEVICES: [0]
[I 2023-11-29 22:06:57,449] Trial 79 finished with value: 128.6723175048828 and parameters: {'gradient_clip_val': 0.29226221673998687, 'hidden_size': 127, 'dropout': 0.2617057974573426, 'hidden_continuous_size': 118, 'attention_head_size': 4, 'learning_rate': 0.021327582748143996}. Best is trial 41 with value: 104.47493743896484.
LOCAL_RANK: 0 - CUDA_VISIBLE_DEVICES: [0]
[I 2023-11-29 22:07:11,699] Trial 80 finished with value: 128.6593017578125 and parameters: {'gradient_clip_val': 0.26199255544671646, 'hidden_size': 108, 'dropout': 0.22643654390057666, 'hidden_continuous_size': 99, 'attention_head_size': 3, 'learning_rate': 0.027381401445607727}. Best is trial 41 with value: 104.47493743896484.
LOCAL_RANK: 0 - CUDA_VISIBLE_DEVICES: [0]
[I 2023-11-29 22:07:26,767] Trial 81 finished with value: 130.15963745117188 and parameters: {'gradient_clip_val': 0.23721770693416297, 'hidden_size': 150, 'dropout': 0.22995870474568117, 'hidden_continuous_size': 145, 'attention_head_size': 3, 'learning_rate': 0.011494377649933676}. Best is trial 41 with value: 104.47493743896484.
LOCAL_RANK: 0 - CUDA_VISIBLE_DEVICES: [0]
[I 2023-11-29 22:07:41,367] Trial 82 finished with value: 161.24832153320312 and parameters: {'gradient_clip_val': 0.32438910206811533, 'hidden_size': 132, 'dropout': 0.2198240018759783, 'hidden_continuous_size': 123, 'attention_head_size': 3, 'learning_rate': 0.009644390785072439}. Best is trial 41 with value: 104.47493743896484.
LOCAL_RANK: 0 - CUDA_VISIBLE_DEVICES: [0]
[I 2023-11-29 22:07:55,975] Trial 83 finished with value: 130.69338989257812 and parameters: {'gradient_clip_val': 0.24702891671756957, 'hidden_size': 124, 'dropout': 0.24676589232609403, 'hidden_continuous_size': 114, 'attention_head_size': 3, 'learning_rate': 0.0185342704602603}. Best is trial 41 with value: 104.47493743896484.
LOCAL_RANK: 0 - CUDA_VISIBLE_DEVICES: [0]
[I 2023-11-29 22:08:10,831] Trial 84 finished with value: 169.1024169921875 and parameters: {'gradient_clip_val': 0.22360704346292823, 'hidden_size': 142, 'dropout': 0.23715598490830891, 'hidden_continuous_size': 133, 'attention_head_size': 3, 'learning_rate': 0.015459936529141976}. Best is trial 41 with value: 104.47493743896484.
LOCAL_RANK: 0 - CUDA_VISIBLE_DEVICES: [0]
[I 2023-11-29 22:08:24,968] Trial 85 finished with value: 132.68865966796875 and parameters: {'gradient_clip_val': 0.20792189002995454, 'hidden_size': 112, 'dropout': 0.2016750826931621, 'hidden_continuous_size': 105, 'attention_head_size': 2, 'learning_rate': 0.013355105633454739}. Best is trial 41 with value: 104.47493743896484.
LOCAL_RANK: 0 - CUDA_VISIBLE_DEVICES: [0]
[I 2023-11-29 22:08:39,922] Trial 86 finished with value: 116.91133880615234 and parameters: {'gradient_clip_val': 0.27683837287068896, 'hidden_size': 134, 'dropout': 0.25458409521257824, 'hidden_continuous_size': 123, 'attention_head_size': 4, 'learning_rate': 0.011776583694039913}. Best is trial 41 with value: 104.47493743896484.
LOCAL_RANK: 0 - CUDA_VISIBLE_DEVICES: [0]
[I 2023-11-29 22:08:54,258] Trial 87 finished with value: 140.44078063964844 and parameters: {'gradient_clip_val': 0.29471159253054036, 'hidden_size': 101, 'dropout': 0.2557666909636157, 'hidden_continuous_size': 94, 'attention_head_size': 4, 'learning_rate': 0.008360836546179935}. Best is trial 41 with value: 104.47493743896484.
LOCAL_RANK: 0 - CUDA_VISIBLE_DEVICES: [0]
[I 2023-11-29 22:09:09,024] Trial 88 finished with value: 129.41392517089844 and parameters: {'gradient_clip_val': 0.2755438551224348, 'hidden_size': 130, 'dropout': 0.26704449718580303, 'hidden_continuous_size': 119, 'attention_head_size': 4, 'learning_rate': 0.010122064887376275}. Best is trial 41 with value: 104.47493743896484.
LOCAL_RANK: 0 - CUDA_VISIBLE_DEVICES: [0]
[I 2023-11-29 22:09:23,741] Trial 89 finished with value: 160.5448760986328 and parameters: {'gradient_clip_val': 0.34602045375974855, 'hidden_size': 140, 'dropout': 0.2801670514419212, 'hidden_continuous_size': 132, 'attention_head_size': 4, 'learning_rate': 0.016549030994793948}. Best is trial 41 with value: 104.47493743896484.
LOCAL_RANK: 0 - CUDA_VISIBLE_DEVICES: [0]
[I 2023-11-29 22:09:38,257] Trial 90 finished with value: 156.57388305664062 and parameters: {'gradient_clip_val': 0.37022554685393133, 'hidden_size': 119, 'dropout': 0.25781628634914605, 'hidden_continuous_size': 110, 'attention_head_size': 4, 'learning_rate': 0.011434180725575468}. Best is trial 41 with value: 104.47493743896484.
LOCAL_RANK: 0 - CUDA_VISIBLE_DEVICES: [0]
[I 2023-11-29 22:09:53,127] Trial 91 finished with value: 112.7920150756836 and parameters: {'gradient_clip_val': 0.32168468769543457, 'hidden_size': 142, 'dropout': 0.22653521610888125, 'hidden_continuous_size': 135, 'attention_head_size': 3, 'learning_rate': 0.013330649804490956}. Best is trial 41 with value: 104.47493743896484.
LOCAL_RANK: 0 - CUDA_VISIBLE_DEVICES: [0]
[I 2023-11-29 22:10:07,809] Trial 92 finished with value: 131.5714874267578 and parameters: {'gradient_clip_val': 0.3204709346572479, 'hidden_size': 133, 'dropout': 0.24513786259260187, 'hidden_continuous_size': 124, 'attention_head_size': 4, 'learning_rate': 0.013318888705498931}. Best is trial 41 with value: 104.47493743896484.
LOCAL_RANK: 0 - CUDA_VISIBLE_DEVICES: [0]
[I 2023-11-29 22:10:22,544] Trial 93 finished with value: 125.51789093017578 and parameters: {'gradient_clip_val': 0.296267772752659, 'hidden_size': 142, 'dropout': 0.23586430352017987, 'hidden_continuous_size': 137, 'attention_head_size': 3, 'learning_rate': 0.014781875539631416}. Best is trial 41 with value: 104.47493743896484.
LOCAL_RANK: 0 - CUDA_VISIBLE_DEVICES: [0]
[I 2023-11-29 22:10:36,945] Trial 94 finished with value: 133.0191192626953 and parameters: {'gradient_clip_val': 0.32852332743640794, 'hidden_size': 116, 'dropout': 0.22797670802761583, 'hidden_continuous_size': 106, 'attention_head_size': 3, 'learning_rate': 0.009256844952152904}. Best is trial 41 with value: 104.47493743896484.
LOCAL_RANK: 0 - CUDA_VISIBLE_DEVICES: [0]
[I 2023-11-29 22:10:51,423] Trial 95 finished with value: 138.52732849121094 and parameters: {'gradient_clip_val': 0.2713189877944629, 'hidden_size': 124, 'dropout': 0.2156364411503841, 'hidden_continuous_size': 115, 'attention_head_size': 4, 'learning_rate': 0.019353111717068588}. Best is trial 41 with value: 104.47493743896484.
LOCAL_RANK: 0 - CUDA_VISIBLE_DEVICES: [0]
[I 2023-11-29 22:11:06,229] Trial 96 finished with value: 128.71250915527344 and parameters: {'gradient_clip_val': 0.2547475562995621, 'hidden_size': 135, 'dropout': 0.250801986141327, 'hidden_continuous_size': 124, 'attention_head_size': 3, 'learning_rate': 0.016620429587182912}. Best is trial 41 with value: 104.47493743896484.
LOCAL_RANK: 0 - CUDA_VISIBLE_DEVICES: [0]
[I 2023-11-29 22:11:20,655] Trial 97 finished with value: 132.4517059326172 and parameters: {'gradient_clip_val': 0.3074692480659094, 'hidden_size': 105, 'dropout': 0.2397288952508291, 'hidden_continuous_size': 98, 'attention_head_size': 4, 'learning_rate': 0.012218720912400897}. Best is trial 41 with value: 104.47493743896484.
LOCAL_RANK: 0 - CUDA_VISIBLE_DEVICES: [0]
[I 2023-11-29 22:11:35,476] Trial 98 finished with value: 130.67543029785156 and parameters: {'gradient_clip_val': 0.3603056420915424, 'hidden_size': 143, 'dropout': 0.2065770923641339, 'hidden_continuous_size': 137, 'attention_head_size': 3, 'learning_rate': 0.023693327493610666}. Best is trial 41 with value: 104.47493743896484.
LOCAL_RANK: 0 - CUDA_VISIBLE_DEVICES: [0]
[I 2023-11-29 22:11:49,707] Trial 99 finished with value: 129.7714385986328 and parameters: {'gradient_clip_val': 0.2869812280178884, 'hidden_size': 128, 'dropout': 0.22240419590808483, 'hidden_continuous_size': 120, 'attention_head_size': 2, 'learning_rate': 0.00734321582763131}. Best is trial 41 with value: 104.47493743896484.
LOCAL_RANK: 0 - CUDA_VISIBLE_DEVICES: [0]
[I 2023-11-29 22:12:04,047] Trial 100 finished with value: 139.16749572753906 and parameters: {'gradient_clip_val': 0.38524792164491006, 'hidden_size': 112, 'dropout': 0.2596071782105624, 'hidden_continuous_size': 104, 'attention_head_size': 4, 'learning_rate': 0.014268999980444497}. Best is trial 41 with value: 104.47493743896484.
LOCAL_RANK: 0 - CUDA_VISIBLE_DEVICES: [0]
[I 2023-11-29 22:12:19,234] Trial 101 finished with value: 128.379638671875 and parameters: {'gradient_clip_val': 0.33921508958499796, 'hidden_size': 149, 'dropout': 0.23089144877858492, 'hidden_continuous_size': 147, 'attention_head_size': 3, 'learning_rate': 0.011025302991658058}. Best is trial 41 with value: 104.47493743896484.
LOCAL_RANK: 0 - CUDA_VISIBLE_DEVICES: [0]
[I 2023-11-29 22:12:33,873] Trial 102 finished with value: 129.121337890625 and parameters: {'gradient_clip_val': 0.2364002857623662, 'hidden_size': 136, 'dropout': 0.21322304881854837, 'hidden_continuous_size': 127, 'attention_head_size': 3, 'learning_rate': 0.011588854389668552}. Best is trial 41 with value: 104.47493743896484.
LOCAL_RANK: 0 - CUDA_VISIBLE_DEVICES: [0]
[I 2023-11-29 22:12:48,704] Trial 103 finished with value: 131.2035369873047 and parameters: {'gradient_clip_val': 0.27001010684804694, 'hidden_size': 144, 'dropout': 0.24654707563916464, 'hidden_continuous_size': 139, 'attention_head_size': 3, 'learning_rate': 0.01019489789099875}. Best is trial 41 with value: 104.47493743896484.
LOCAL_RANK: 0 - CUDA_VISIBLE_DEVICES: [0]
[I 2023-11-29 22:13:03,079] Trial 104 finished with value: 132.90919494628906 and parameters: {'gradient_clip_val': 0.2537936214913105, 'hidden_size': 122, 'dropout': 0.225408242248311, 'hidden_continuous_size': 112, 'attention_head_size': 1, 'learning_rate': 0.01952162006994022}. Best is trial 41 with value: 104.47493743896484.
LOCAL_RANK: 0 - CUDA_VISIBLE_DEVICES: [0]
[I 2023-11-29 22:13:17,594] Trial 105 finished with value: 122.69864654541016 and parameters: {'gradient_clip_val': 0.30419420023257915, 'hidden_size': 132, 'dropout': 0.19638940295049523, 'hidden_continuous_size': 124, 'attention_head_size': 3, 'learning_rate': 0.013175034484045665}. Best is trial 41 with value: 104.47493743896484.
LOCAL_RANK: 0 - CUDA_VISIBLE_DEVICES: [0]
[I 2023-11-29 22:13:32,296] Trial 106 finished with value: 136.71754455566406 and parameters: {'gradient_clip_val': 0.3190405938733889, 'hidden_size': 114, 'dropout': 0.23590083885047988, 'hidden_continuous_size': 109, 'attention_head_size': 3, 'learning_rate': 0.008848293729960792}. Best is trial 41 with value: 104.47493743896484.
LOCAL_RANK: 0 - CUDA_VISIBLE_DEVICES: [0]
[I 2023-11-29 22:13:46,850] Trial 107 finished with value: 137.8667449951172 and parameters: {'gradient_clip_val': 0.28340989142574474, 'hidden_size': 125, 'dropout': 0.21791759040657394, 'hidden_continuous_size': 117, 'attention_head_size': 3, 'learning_rate': 0.015383366005003892}. Best is trial 41 with value: 104.47493743896484.
LOCAL_RANK: 0 - CUDA_VISIBLE_DEVICES: [0]
[I 2023-11-29 22:14:01,715] Trial 108 finished with value: 124.54248046875 and parameters: {'gradient_clip_val': 0.2656949319089641, 'hidden_size': 143, 'dropout': 0.25262722737873816, 'hidden_continuous_size': 132, 'attention_head_size': 3, 'learning_rate': 0.017509879180141665}. Best is trial 41 with value: 104.47493743896484.
LOCAL_RANK: 0 - CUDA_VISIBLE_DEVICES: [0]
[I 2023-11-29 22:14:16,463] Trial 109 finished with value: 124.28360748291016 and parameters: {'gradient_clip_val': 0.4012986800052326, 'hidden_size': 134, 'dropout': 0.2096497842026842, 'hidden_continuous_size': 127, 'attention_head_size': 3, 'learning_rate': 0.0121963031790411}. Best is trial 41 with value: 104.47493743896484.
LOCAL_RANK: 0 - CUDA_VISIBLE_DEVICES: [0]
[I 2023-11-29 22:14:27,498] Trial 110 finished with value: 136.51625061035156 and parameters: {'gradient_clip_val': 0.3462640870541857, 'hidden_size': 149, 'dropout': 0.24102145210942866, 'hidden_continuous_size': 149, 'attention_head_size': 3, 'learning_rate': 0.022190949308473013}. Best is trial 41 with value: 104.47493743896484.
LOCAL_RANK: 0 - CUDA_VISIBLE_DEVICES: [0]
[I 2023-11-29 22:14:42,273] Trial 111 finished with value: 127.51705169677734 and parameters: {'gradient_clip_val': 0.28810700647663107, 'hidden_size': 143, 'dropout': 0.24381974877017104, 'hidden_continuous_size': 135, 'attention_head_size': 2, 'learning_rate': 0.01063190372867191}. Best is trial 41 with value: 104.47493743896484.
LOCAL_RANK: 0 - CUDA_VISIBLE_DEVICES: [0]
[I 2023-11-29 22:14:56,739] Trial 112 finished with value: 133.4735870361328 and parameters: {'gradient_clip_val': 0.27900148189350504, 'hidden_size': 119, 'dropout': 0.2286021410409751, 'hidden_continuous_size': 112, 'attention_head_size': 2, 'learning_rate': 0.009856753514436985}. Best is trial 41 with value: 104.47493743896484.
LOCAL_RANK: 0 - CUDA_VISIBLE_DEVICES: [0]
[I 2023-11-29 22:15:11,542] Trial 113 finished with value: 132.35227966308594 and parameters: {'gradient_clip_val': 0.3000052382067459, 'hidden_size': 139, 'dropout': 0.23468645915129213, 'hidden_continuous_size': 129, 'attention_head_size': 2, 'learning_rate': 0.00836668386607856}. Best is trial 41 with value: 104.47493743896484.
LOCAL_RANK: 0 - CUDA_VISIBLE_DEVICES: [0]
[I 2023-11-29 22:15:25,872] Trial 114 finished with value: 119.3837661743164 and parameters: {'gradient_clip_val': 0.23268550957115045, 'hidden_size': 128, 'dropout': 0.2226657572191373, 'hidden_continuous_size': 118, 'attention_head_size': 2, 'learning_rate': 0.014059622377553342}. Best is trial 41 with value: 104.47493743896484.
LOCAL_RANK: 0 - CUDA_VISIBLE_DEVICES: [0]
[I 2023-11-29 22:15:39,995] Trial 115 finished with value: 122.09046173095703 and parameters: {'gradient_clip_val': 0.24466780591273316, 'hidden_size': 100, 'dropout': 0.22524749577618813, 'hidden_continuous_size': 95, 'attention_head_size': 2, 'learning_rate': 0.01376448900099836}. Best is trial 41 with value: 104.47493743896484.
LOCAL_RANK: 0 - CUDA_VISIBLE_DEVICES: [0]
[I 2023-11-29 22:15:54,070] Trial 116 finished with value: 135.0136260986328 and parameters: {'gradient_clip_val': 0.22912284512586664, 'hidden_size': 108, 'dropout': 0.18951435292002083, 'hidden_continuous_size': 102, 'attention_head_size': 2, 'learning_rate': 0.01697334396577907}. Best is trial 41 with value: 104.47493743896484.
LOCAL_RANK: 0 - CUDA_VISIBLE_DEVICES: [0]
[I 2023-11-29 22:16:08,957] Trial 117 finished with value: 122.9190902709961 and parameters: {'gradient_clip_val': 0.2559966683487781, 'hidden_size': 129, 'dropout': 0.21985049620628325, 'hidden_continuous_size': 119, 'attention_head_size': 4, 'learning_rate': 0.01515937185769368}. Best is trial 41 with value: 104.47493743896484.
LOCAL_RANK: 0 - CUDA_VISIBLE_DEVICES: [0]
[I 2023-11-29 22:16:20,095] Trial 118 finished with value: 115.0093994140625 and parameters: {'gradient_clip_val': 0.21209281824706275, 'hidden_size': 150, 'dropout': 0.19832893431752643, 'hidden_continuous_size': 150, 'attention_head_size': 3, 'learning_rate': 0.02015728616330527}. Best is trial 41 with value: 104.47493743896484.
LOCAL_RANK: 0 - CUDA_VISIBLE_DEVICES: [0]
[I 2023-11-29 22:16:34,120] Trial 119 finished with value: 116.81155395507812 and parameters: {'gradient_clip_val': 0.2120910848001435, 'hidden_size': 92, 'dropout': 0.19835818428952065, 'hidden_continuous_size': 88, 'attention_head_size': 3, 'learning_rate': 0.02080114161816229}. Best is trial 41 with value: 104.47493743896484.
LOCAL_RANK: 0 - CUDA_VISIBLE_DEVICES: [0]
[I 2023-11-29 22:16:48,314] Trial 120 finished with value: 146.5775146484375 and parameters: {'gradient_clip_val': 0.2219464677573569, 'hidden_size': 81, 'dropout': 0.18214308401920593, 'hidden_continuous_size': 79, 'attention_head_size': 3, 'learning_rate': 0.020270028657143717}. Best is trial 41 with value: 104.47493743896484.
LOCAL_RANK: 0 - CUDA_VISIBLE_DEVICES: [0]
[I 2023-11-29 22:17:02,506] Trial 121 finished with value: 137.2093963623047 and parameters: {'gradient_clip_val': 0.20851864147224874, 'hidden_size': 91, 'dropout': 0.1971413185234951, 'hidden_continuous_size': 88, 'attention_head_size': 3, 'learning_rate': 0.02232275085616421}. Best is trial 41 with value: 104.47493743896484.
LOCAL_RANK: 0 - CUDA_VISIBLE_DEVICES: [0]
[I 2023-11-29 22:17:17,233] Trial 122 finished with value: 122.51874542236328 and parameters: {'gradient_clip_val': 0.19365598015464394, 'hidden_size': 123, 'dropout': 0.18885108902240436, 'hidden_continuous_size': 116, 'attention_head_size': 3, 'learning_rate': 0.025520499542821144}. Best is trial 41 with value: 104.47493743896484.
LOCAL_RANK: 0 - CUDA_VISIBLE_DEVICES: [0]
[I 2023-11-29 22:17:31,490] Trial 123 finished with value: 129.16738891601562 and parameters: {'gradient_clip_val': 0.2165118811117795, 'hidden_size': 95, 'dropout': 0.20167995324889945, 'hidden_continuous_size': 90, 'attention_head_size': 3, 'learning_rate': 0.017520202917296324}. Best is trial 41 with value: 104.47493743896484.
LOCAL_RANK: 0 - CUDA_VISIBLE_DEVICES: [0]
[I 2023-11-29 22:17:46,187] Trial 124 finished with value: 122.0595703125 and parameters: {'gradient_clip_val': 0.23636696594372753, 'hidden_size': 131, 'dropout': 0.1771342508791661, 'hidden_continuous_size': 123, 'attention_head_size': 3, 'learning_rate': 0.019738368540807294}. Best is trial 41 with value: 104.47493743896484.
LOCAL_RANK: 0 - CUDA_VISIBLE_DEVICES: [0]
[I 2023-11-29 22:18:00,510] Trial 125 finished with value: 129.4943389892578 and parameters: {'gradient_clip_val': 0.1856293855243556, 'hidden_size': 116, 'dropout': 0.21544001244459277, 'hidden_continuous_size': 108, 'attention_head_size': 3, 'learning_rate': 0.022055143268512722}. Best is trial 41 with value: 104.47493743896484.
LOCAL_RANK: 0 - CUDA_VISIBLE_DEVICES: [0]
[I 2023-11-29 22:18:14,879] Trial 126 finished with value: 132.7779998779297 and parameters: {'gradient_clip_val': 0.20067479281431377, 'hidden_size': 108, 'dropout': 0.2063245114226551, 'hidden_continuous_size': 103, 'attention_head_size': 4, 'learning_rate': 0.015865792752942698}. Best is trial 41 with value: 104.47493743896484.
LOCAL_RANK: 0 - CUDA_VISIBLE_DEVICES: [0]
[I 2023-11-29 22:18:29,168] Trial 127 finished with value: 122.0692138671875 and parameters: {'gradient_clip_val': 0.22790466536847087, 'hidden_size': 100, 'dropout': 0.16711460629646988, 'hidden_continuous_size': 96, 'attention_head_size': 3, 'learning_rate': 0.018738320486392186}. Best is trial 41 with value: 104.47493743896484.
LOCAL_RANK: 0 - CUDA_VISIBLE_DEVICES: [0]
[I 2023-11-29 22:18:42,871] Trial 128 finished with value: 124.54705810546875 and parameters: {'gradient_clip_val': 0.24664400949085707, 'hidden_size': 65, 'dropout': 0.1952153752378964, 'hidden_continuous_size': 64, 'attention_head_size': 2, 'learning_rate': 0.012579856475489155}. Best is trial 41 with value: 104.47493743896484.
LOCAL_RANK: 0 - CUDA_VISIBLE_DEVICES: [0]
[I 2023-11-29 22:18:53,953] Trial 129 finished with value: 136.0996856689453 and parameters: {'gradient_clip_val': 0.2140455350190501, 'hidden_size': 150, 'dropout': 0.2324328727055559, 'hidden_continuous_size': 150, 'attention_head_size': 3, 'learning_rate': 0.024386963407507643}. Best is trial 41 with value: 104.47493743896484.
LOCAL_RANK: 0 - CUDA_VISIBLE_DEVICES: [0]
