[I 2023-11-30 09:06:25,449] Trial 110 finished with value: 31.700815200805664 and parameters: {'gradient_clip_val': 0.34692003911068375, 'hidden_size': 48, 'dropout': 0.24088045847975698, 'hidden_continuous_size': 14, 'attention_head_size': 1, 'learning_rate': 0.011617186987523601}. Best is trial 16 with value: 25.057531356811523.
LOCAL_RANK: 0 - CUDA_VISIBLE_DEVICES: [0]
[I 2023-11-30 09:06:38,666] Trial 111 finished with value: 27.178436279296875 and parameters: {'gradient_clip_val': 0.40516448179950254, 'hidden_size': 57, 'dropout': 0.2532572080405061, 'hidden_continuous_size': 24, 'attention_head_size': 2, 'learning_rate': 0.012460170441315881}. Best is trial 16 with value: 25.057531356811523.
LOCAL_RANK: 0 - CUDA_VISIBLE_DEVICES: [0]
[I 2023-11-30 09:06:52,082] Trial 112 finished with value: 30.390045166015625 and parameters: {'gradient_clip_val': 0.36971494402727334, 'hidden_size': 67, 'dropout': 0.18705653209258546, 'hidden_continuous_size': 29, 'attention_head_size': 2, 'learning_rate': 0.010243181024475927}. Best is trial 16 with value: 25.057531356811523.
LOCAL_RANK: 0 - CUDA_VISIBLE_DEVICES: [0]
[I 2023-11-30 09:07:04,953] Trial 113 finished with value: 27.22020149230957 and parameters: {'gradient_clip_val': 0.33249760210484497, 'hidden_size': 50, 'dropout': 0.2471893409962654, 'hidden_continuous_size': 23, 'attention_head_size': 1, 'learning_rate': 0.01678287220793365}. Best is trial 16 with value: 25.057531356811523.
LOCAL_RANK: 0 - CUDA_VISIBLE_DEVICES: [0]
[I 2023-11-30 09:07:18,118] Trial 114 finished with value: 24.804840087890625 and parameters: {'gradient_clip_val': 0.37057059326656694, 'hidden_size': 56, 'dropout': 0.27717514941042026, 'hidden_continuous_size': 26, 'attention_head_size': 3, 'learning_rate': 0.014644296817656935}. Best is trial 114 with value: 24.804840087890625.
LOCAL_RANK: 0 - CUDA_VISIBLE_DEVICES: [0]
[I 2023-11-30 09:07:31,040] Trial 115 finished with value: 29.07859230041504 and parameters: {'gradient_clip_val': 0.37227303944534273, 'hidden_size': 52, 'dropout': 0.28374072910712744, 'hidden_continuous_size': 21, 'attention_head_size': 3, 'learning_rate': 0.022274699568262488}. Best is trial 114 with value: 24.804840087890625.
LOCAL_RANK: 0 - CUDA_VISIBLE_DEVICES: [0]
[I 2023-11-30 09:07:43,936] Trial 116 finished with value: 24.94541358947754 and parameters: {'gradient_clip_val': 0.3863643172059959, 'hidden_size': 56, 'dropout': 0.29582983185739287, 'hidden_continuous_size': 18, 'attention_head_size': 2, 'learning_rate': 0.018511804808653963}. Best is trial 114 with value: 24.804840087890625.
LOCAL_RANK: 0 - CUDA_VISIBLE_DEVICES: [0]
[I 2023-11-30 09:07:56,637] Trial 117 finished with value: 29.127412796020508 and parameters: {'gradient_clip_val': 0.39200342733596294, 'hidden_size': 44, 'dropout': 0.29281454807543184, 'hidden_continuous_size': 20, 'attention_head_size': 3, 'learning_rate': 0.018738970831853535}. Best is trial 114 with value: 24.804840087890625.
LOCAL_RANK: 0 - CUDA_VISIBLE_DEVICES: [0]
[I 2023-11-30 09:08:09,574] Trial 118 finished with value: 29.258150100708008 and parameters: {'gradient_clip_val': 0.35170537729590345, 'hidden_size': 39, 'dropout': 0.3032937031848567, 'hidden_continuous_size': 17, 'attention_head_size': 4, 'learning_rate': 0.025824589453274774}. Best is trial 114 with value: 24.804840087890625.
LOCAL_RANK: 0 - CUDA_VISIBLE_DEVICES: [0]
[I 2023-11-30 09:08:23,037] Trial 119 finished with value: 29.308053970336914 and parameters: {'gradient_clip_val': 0.3220089998190166, 'hidden_size': 63, 'dropout': 0.2749332643054512, 'hidden_continuous_size': 26, 'attention_head_size': 3, 'learning_rate': 0.020726703706035337}. Best is trial 114 with value: 24.804840087890625.
LOCAL_RANK: 0 - CUDA_VISIBLE_DEVICES: [0]
[I 2023-11-30 09:08:35,748] Trial 120 finished with value: 30.614898681640625 and parameters: {'gradient_clip_val': 0.42713040188497503, 'hidden_size': 48, 'dropout': 0.2974432882476952, 'hidden_continuous_size': 25, 'attention_head_size': 1, 'learning_rate': 0.015258098919302228}. Best is trial 114 with value: 24.804840087890625.
LOCAL_RANK: 0 - CUDA_VISIBLE_DEVICES: [0]
[I 2023-11-30 09:08:48,951] Trial 121 finished with value: 25.366043090820312 and parameters: {'gradient_clip_val': 0.34377099248365983, 'hidden_size': 54, 'dropout': 0.27656941015918607, 'hidden_continuous_size': 22, 'attention_head_size': 2, 'learning_rate': 0.012734740074472931}. Best is trial 114 with value: 24.804840087890625.
LOCAL_RANK: 0 - CUDA_VISIBLE_DEVICES: [0]
[I 2023-11-30 09:09:01,948] Trial 122 finished with value: 27.082372665405273 and parameters: {'gradient_clip_val': 0.3325509392615648, 'hidden_size': 55, 'dropout': 0.2888432790562602, 'hidden_continuous_size': 22, 'attention_head_size': 2, 'learning_rate': 0.012988657739537774}. Best is trial 114 with value: 24.804840087890625.
LOCAL_RANK: 0 - CUDA_VISIBLE_DEVICES: [0]
[I 2023-11-30 09:09:14,933] Trial 123 finished with value: 29.4661865234375 and parameters: {'gradient_clip_val': 0.31100218578535965, 'hidden_size': 51, 'dropout': 0.2795249349004673, 'hidden_continuous_size': 20, 'attention_head_size': 2, 'learning_rate': 0.016057554384776768}. Best is trial 114 with value: 24.804840087890625.
LOCAL_RANK: 0 - CUDA_VISIBLE_DEVICES: [0]
[I 2023-11-30 09:09:27,710] Trial 124 finished with value: 29.32010841369629 and parameters: {'gradient_clip_val': 0.34963137827139035, 'hidden_size': 46, 'dropout': 0.28631560659378225, 'hidden_continuous_size': 15, 'attention_head_size': 2, 'learning_rate': 0.010830872413732368}. Best is trial 114 with value: 24.804840087890625.
LOCAL_RANK: 0 - CUDA_VISIBLE_DEVICES: [0]
[I 2023-11-30 09:09:40,726] Trial 125 finished with value: 28.535194396972656 and parameters: {'gradient_clip_val': 0.33950813749242215, 'hidden_size': 53, 'dropout': 0.3124899868804889, 'hidden_continuous_size': 18, 'attention_head_size': 3, 'learning_rate': 0.018275241798955347}. Best is trial 114 with value: 24.804840087890625.
LOCAL_RANK: 0 - CUDA_VISIBLE_DEVICES: [0]
[I 2023-11-30 09:09:54,452] Trial 126 finished with value: 27.611839294433594 and parameters: {'gradient_clip_val': 0.415020335839866, 'hidden_size': 66, 'dropout': 0.27143813210443235, 'hidden_continuous_size': 38, 'attention_head_size': 3, 'learning_rate': 0.014681073049617344}. Best is trial 114 with value: 24.804840087890625.
LOCAL_RANK: 0 - CUDA_VISIBLE_DEVICES: [0]
[I 2023-11-30 09:10:07,347] Trial 127 finished with value: 28.390363693237305 and parameters: {'gradient_clip_val': 0.3698655209206587, 'hidden_size': 42, 'dropout': 0.30796734538917053, 'hidden_continuous_size': 23, 'attention_head_size': 2, 'learning_rate': 0.013246068649465448}. Best is trial 114 with value: 24.804840087890625.
LOCAL_RANK: 0 - CUDA_VISIBLE_DEVICES: [0]
[I 2023-11-30 09:10:20,316] Trial 128 finished with value: 30.681726455688477 and parameters: {'gradient_clip_val': 0.4520801819832398, 'hidden_size': 49, 'dropout': 0.2977480280150548, 'hidden_continuous_size': 21, 'attention_head_size': 3, 'learning_rate': 0.009070433889659788}. Best is trial 114 with value: 24.804840087890625.
LOCAL_RANK: 0 - CUDA_VISIBLE_DEVICES: [0]
[I 2023-11-30 09:10:33,178] Trial 129 finished with value: 29.81646728515625 and parameters: {'gradient_clip_val': 0.3023717924982172, 'hidden_size': 60, 'dropout': 0.3281172108376222, 'hidden_continuous_size': 13, 'attention_head_size': 1, 'learning_rate': 0.011396037384009516}. Best is trial 114 with value: 24.804840087890625.
LOCAL_RANK: 0 - CUDA_VISIBLE_DEVICES: [0]
[I 2023-11-30 09:10:46,269] Trial 130 finished with value: 28.72377586364746 and parameters: {'gradient_clip_val': 0.3241802615948354, 'hidden_size': 56, 'dropout': 0.27686475390224924, 'hidden_continuous_size': 22, 'attention_head_size': 4, 'learning_rate': 0.01720592993065336}. Best is trial 114 with value: 24.804840087890625.
LOCAL_RANK: 0 - CUDA_VISIBLE_DEVICES: [0]
[I 2023-11-30 09:10:59,671] Trial 131 finished with value: 28.581579208374023 and parameters: {'gradient_clip_val': 0.3920222084918794, 'hidden_size': 57, 'dropout': 0.20185989013066385, 'hidden_continuous_size': 24, 'attention_head_size': 2, 'learning_rate': 0.01240710837474971}. Best is trial 114 with value: 24.804840087890625.
LOCAL_RANK: 0 - CUDA_VISIBLE_DEVICES: [0]
[I 2023-11-30 09:11:13,154] Trial 132 finished with value: 27.9997501373291 and parameters: {'gradient_clip_val': 0.5466953079542596, 'hidden_size': 63, 'dropout': 0.283349153852472, 'hidden_continuous_size': 26, 'attention_head_size': 2, 'learning_rate': 0.010160739103147364}. Best is trial 114 with value: 24.804840087890625.
LOCAL_RANK: 0 - CUDA_VISIBLE_DEVICES: [0]
[I 2023-11-30 09:11:26,626] Trial 133 finished with value: 27.72601318359375 and parameters: {'gradient_clip_val': 0.5131791473086245, 'hidden_size': 79, 'dropout': 0.26621249295532823, 'hidden_continuous_size': 18, 'attention_head_size': 2, 'learning_rate': 0.014478708346869321}. Best is trial 114 with value: 24.804840087890625.
LOCAL_RANK: 0 - CUDA_VISIBLE_DEVICES: [0]
[I 2023-11-30 09:11:39,930] Trial 134 finished with value: 25.96965980529785 and parameters: {'gradient_clip_val': 0.37782264985180236, 'hidden_size': 71, 'dropout': 0.16553091990709587, 'hidden_continuous_size': 19, 'attention_head_size': 2, 'learning_rate': 0.011832581765202707}. Best is trial 114 with value: 24.804840087890625.
LOCAL_RANK: 0 - CUDA_VISIBLE_DEVICES: [0]
[I 2023-11-30 09:11:53,133] Trial 135 finished with value: 37.76646041870117 and parameters: {'gradient_clip_val': 0.36027660513195553, 'hidden_size': 72, 'dropout': 0.30273906327349415, 'hidden_continuous_size': 19, 'attention_head_size': 2, 'learning_rate': 0.007787662839629712}. Best is trial 114 with value: 24.804840087890625.
LOCAL_RANK: 0 - CUDA_VISIBLE_DEVICES: [0]
[I 2023-11-30 09:12:06,811] Trial 136 finished with value: 27.32842445373535 and parameters: {'gradient_clip_val': 0.2808233303442158, 'hidden_size': 69, 'dropout': 0.1670647392956639, 'hidden_continuous_size': 31, 'attention_head_size': 3, 'learning_rate': 0.01349969562711773}. Best is trial 114 with value: 24.804840087890625.
LOCAL_RANK: 0 - CUDA_VISIBLE_DEVICES: [0]
[I 2023-11-30 09:12:20,140] Trial 137 finished with value: 26.202844619750977 and parameters: {'gradient_clip_val': 0.40805384442641274, 'hidden_size': 76, 'dropout': 0.3175249783651855, 'hidden_continuous_size': 16, 'attention_head_size': 3, 'learning_rate': 0.009536440043899034}. Best is trial 114 with value: 24.804840087890625.
LOCAL_RANK: 0 - CUDA_VISIBLE_DEVICES: [0]
[I 2023-11-30 09:12:33,629] Trial 138 finished with value: 26.227798461914062 and parameters: {'gradient_clip_val': 0.46610022823939995, 'hidden_size': 82, 'dropout': 0.3158551817808121, 'hidden_continuous_size': 16, 'attention_head_size': 3, 'learning_rate': 0.008639035847140403}. Best is trial 114 with value: 24.804840087890625.
LOCAL_RANK: 0 - CUDA_VISIBLE_DEVICES: [0]
[I 2023-11-30 09:12:46,988] Trial 139 finished with value: 29.70017433166504 and parameters: {'gradient_clip_val': 0.40739282478446853, 'hidden_size': 82, 'dropout': 0.3437321890910447, 'hidden_continuous_size': 16, 'attention_head_size': 3, 'learning_rate': 0.04163447939449344}. Best is trial 114 with value: 24.804840087890625.
LOCAL_RANK: 0 - CUDA_VISIBLE_DEVICES: [0]
[I 2023-11-30 09:13:00,610] Trial 140 finished with value: 31.022836685180664 and parameters: {'gradient_clip_val': 0.4732862404127654, 'hidden_size': 89, 'dropout': 0.17838945068550213, 'hidden_continuous_size': 16, 'attention_head_size': 3, 'learning_rate': 0.008547571069644516}. Best is trial 114 with value: 24.804840087890625.
LOCAL_RANK: 0 - CUDA_VISIBLE_DEVICES: [0]
[I 2023-11-30 09:13:14,158] Trial 141 finished with value: 31.844316482543945 and parameters: {'gradient_clip_val': 0.4430495399789956, 'hidden_size': 76, 'dropout': 0.2953885203825128, 'hidden_continuous_size': 19, 'attention_head_size': 3, 'learning_rate': 0.009888667441882184}. Best is trial 114 with value: 24.804840087890625.
LOCAL_RANK: 0 - CUDA_VISIBLE_DEVICES: [0]
[I 2023-11-30 09:13:27,703] Trial 142 finished with value: 27.106399536132812 and parameters: {'gradient_clip_val': 0.4251300902855628, 'hidden_size': 74, 'dropout': 0.31447506564873295, 'hidden_continuous_size': 17, 'attention_head_size': 3, 'learning_rate': 0.009299569590670981}. Best is trial 114 with value: 24.804840087890625.
LOCAL_RANK: 0 - CUDA_VISIBLE_DEVICES: [0]
[I 2023-11-30 09:13:41,059] Trial 143 finished with value: 30.36553955078125 and parameters: {'gradient_clip_val': 0.3834005848387912, 'hidden_size': 79, 'dropout': 0.3066312185971157, 'hidden_continuous_size': 17, 'attention_head_size': 3, 'learning_rate': 0.006877197946990417}. Best is trial 114 with value: 24.804840087890625.
LOCAL_RANK: 0 - CUDA_VISIBLE_DEVICES: [0]
[I 2023-11-30 09:13:54,398] Trial 144 finished with value: 28.62004852294922 and parameters: {'gradient_clip_val': 0.5545275902988406, 'hidden_size': 92, 'dropout': 0.3213648552153036, 'hidden_continuous_size': 15, 'attention_head_size': 2, 'learning_rate': 0.011502740444179075}. Best is trial 114 with value: 24.804840087890625.
LOCAL_RANK: 0 - CUDA_VISIBLE_DEVICES: [0]
[I 2023-11-30 09:14:07,922] Trial 145 finished with value: 30.463815689086914 and parameters: {'gradient_clip_val': 0.39772209985035717, 'hidden_size': 85, 'dropout': 0.18888356052450644, 'hidden_continuous_size': 20, 'attention_head_size': 3, 'learning_rate': 0.012836868099630692}. Best is trial 114 with value: 24.804840087890625.
LOCAL_RANK: 0 - CUDA_VISIBLE_DEVICES: [0]
[I 2023-11-30 09:14:21,598] Trial 146 finished with value: 29.165985107421875 and parameters: {'gradient_clip_val': 0.5096455237049086, 'hidden_size': 71, 'dropout': 0.3163546779302886, 'hidden_continuous_size': 18, 'attention_head_size': 3, 'learning_rate': 0.01579654440099125}. Best is trial 114 with value: 24.804840087890625.
LOCAL_RANK: 0 - CUDA_VISIBLE_DEVICES: [0]
[I 2023-11-30 09:14:35,214] Trial 147 finished with value: 31.461050033569336 and parameters: {'gradient_clip_val': 0.46276531194407944, 'hidden_size': 63, 'dropout': 0.33477212317128824, 'hidden_continuous_size': 42, 'attention_head_size': 3, 'learning_rate': 0.008239429954983845}. Best is trial 114 with value: 24.804840087890625.
LOCAL_RANK: 0 - CUDA_VISIBLE_DEVICES: [0]
[I 2023-11-30 09:14:48,344] Trial 148 finished with value: 28.36142921447754 and parameters: {'gradient_clip_val': 0.4424971177245616, 'hidden_size': 46, 'dropout': 0.15960417129564056, 'hidden_continuous_size': 16, 'attention_head_size': 4, 'learning_rate': 0.010558195211313702}. Best is trial 114 with value: 24.804840087890625.
LOCAL_RANK: 0 - CUDA_VISIBLE_DEVICES: [0]
[I 2023-11-30 09:15:01,652] Trial 149 finished with value: 29.89333152770996 and parameters: {'gradient_clip_val': 0.4838599646164689, 'hidden_size': 74, 'dropout': 0.39178634770913623, 'hidden_continuous_size': 18, 'attention_head_size': 2, 'learning_rate': 0.01961609140751894}. Best is trial 114 with value: 24.804840087890625.
[I 2023-11-30 09:15:01,764] A new study created in memory with name: no-name-00cda1bc-4fe9-452d-8f26-5f2f80ac039d
/home/le004/conda/anaconda3/envs/tsff_env/lib/python3.9/site-packages/lightning/fabric/plugins/environments/slurm.py:191: The `srun` command is available on your system but is not used. HINT: If your intention is to run Lightning on SLURM, prepend your python command with `srun` like so: srun python /home/le004/master_thesis/git/TSFusionForecast/code/ ...
LOCAL_RANK: 0 - CUDA_VISIBLE_DEVICES: [0]
[I 2023-11-30 09:15:14,040] Trial 0 finished with value: 130.23643493652344 and parameters: {'gradient_clip_val': 0.7574088190497672, 'hidden_size': 32, 'dropout': 0.370481817467068, 'hidden_continuous_size': 23, 'attention_head_size': 1, 'learning_rate': 0.0255447631685863}. Best is trial 0 with value: 130.23643493652344.
LOCAL_RANK: 0 - CUDA_VISIBLE_DEVICES: [0]
[I 2023-11-30 09:15:26,500] Trial 1 finished with value: 216.19189453125 and parameters: {'gradient_clip_val': 0.15582700542605588, 'hidden_size': 21, 'dropout': 0.27005419131513375, 'hidden_continuous_size': 17, 'attention_head_size': 3, 'learning_rate': 0.029420284141718524}. Best is trial 0 with value: 130.23643493652344.
LOCAL_RANK: 0 - CUDA_VISIBLE_DEVICES: [0]
[I 2023-11-30 09:15:38,573] Trial 2 finished with value: 220.56683349609375 and parameters: {'gradient_clip_val': 0.38568224762590864, 'hidden_size': 23, 'dropout': 0.23927374202523402, 'hidden_continuous_size': 13, 'attention_head_size': 1, 'learning_rate': 0.014954568377584998}. Best is trial 0 with value: 130.23643493652344.
LOCAL_RANK: 0 - CUDA_VISIBLE_DEVICES: [0]
[I 2023-11-30 09:15:52,114] Trial 3 finished with value: 116.3615951538086 and parameters: {'gradient_clip_val': 0.5272579842721163, 'hidden_size': 97, 'dropout': 0.137366923748641, 'hidden_continuous_size': 22, 'attention_head_size': 3, 'learning_rate': 0.02343176517621289}. Best is trial 3 with value: 116.3615951538086.
LOCAL_RANK: 0 - CUDA_VISIBLE_DEVICES: [0]
[I 2023-11-30 09:16:04,701] Trial 4 finished with value: 182.43455505371094 and parameters: {'gradient_clip_val': 0.1379761549275337, 'hidden_size': 26, 'dropout': 0.31515821782165243, 'hidden_continuous_size': 24, 'attention_head_size': 3, 'learning_rate': 0.016245480669100254}. Best is trial 3 with value: 116.3615951538086.
LOCAL_RANK: 0 - CUDA_VISIBLE_DEVICES: [0]
[I 2023-11-30 09:16:18,623] Trial 5 finished with value: 114.8515853881836 and parameters: {'gradient_clip_val': 0.14699659646934035, 'hidden_size': 117, 'dropout': 0.14979979773261545, 'hidden_continuous_size': 48, 'attention_head_size': 2, 'learning_rate': 0.05395953243949293}. Best is trial 5 with value: 114.8515853881836.
LOCAL_RANK: 0 - CUDA_VISIBLE_DEVICES: [0]
[I 2023-11-30 09:16:32,534] Trial 6 finished with value: 241.8119659423828 and parameters: {'gradient_clip_val': 0.458342780169559, 'hidden_size': 72, 'dropout': 0.3801926045471653, 'hidden_continuous_size': 70, 'attention_head_size': 2, 'learning_rate': 0.015843009108036744}. Best is trial 5 with value: 114.8515853881836.
LOCAL_RANK: 0 - CUDA_VISIBLE_DEVICES: [0]
[I 2023-11-30 09:16:44,874] Trial 7 finished with value: 774.6675415039062 and parameters: {'gradient_clip_val': 0.5624659444508291, 'hidden_size': 17, 'dropout': 0.2411604918282941, 'hidden_continuous_size': 16, 'attention_head_size': 4, 'learning_rate': 0.0012985254533152094}. Best is trial 5 with value: 114.8515853881836.
LOCAL_RANK: 0 - CUDA_VISIBLE_DEVICES: [0]
[I 2023-11-30 09:16:57,372] Trial 8 finished with value: 244.0592803955078 and parameters: {'gradient_clip_val': 0.5352273513728498, 'hidden_size': 40, 'dropout': 0.20931110987099294, 'hidden_continuous_size': 12, 'attention_head_size': 2, 'learning_rate': 0.005942706520670584}. Best is trial 5 with value: 114.8515853881836.
LOCAL_RANK: 0 - CUDA_VISIBLE_DEVICES: [0]
[I 2023-11-30 09:17:11,579] Trial 9 finished with value: 159.21087646484375 and parameters: {'gradient_clip_val': 0.858478710625879, 'hidden_size': 144, 'dropout': 0.19959246835308941, 'hidden_continuous_size': 55, 'attention_head_size': 2, 'learning_rate': 0.007923470061822965}. Best is trial 5 with value: 114.8515853881836.
LOCAL_RANK: 0 - CUDA_VISIBLE_DEVICES: [0]
[I 2023-11-30 09:17:21,922] Trial 10 finished with value: 175.310791015625 and parameters: {'gradient_clip_val': 0.20933738391421858, 'hidden_size': 10, 'dropout': 0.10754261045863203, 'hidden_continuous_size': 10, 'attention_head_size': 4, 'learning_rate': 0.08605766890056707}. Best is trial 5 with value: 114.8515853881836.
LOCAL_RANK: 0 - CUDA_VISIBLE_DEVICES: [0]
[I 2023-11-30 09:17:36,677] Trial 11 finished with value: 111.3034896850586 and parameters: {'gradient_clip_val': 0.10103209042296621, 'hidden_size': 140, 'dropout': 0.12022712316572776, 'hidden_continuous_size': 128, 'attention_head_size': 3, 'learning_rate': 0.07785814747776308}. Best is trial 11 with value: 111.3034896850586.
LOCAL_RANK: 0 - CUDA_VISIBLE_DEVICES: [0]
[I 2023-11-30 09:17:51,570] Trial 12 finished with value: 129.61163330078125 and parameters: {'gradient_clip_val': 0.10512439774005024, 'hidden_size': 145, 'dropout': 0.14409639530265275, 'hidden_continuous_size': 143, 'attention_head_size': 2, 'learning_rate': 0.09259677543821178}. Best is trial 11 with value: 111.3034896850586.
LOCAL_RANK: 0 - CUDA_VISIBLE_DEVICES: [0]
[I 2023-11-30 09:18:05,243] Trial 13 finished with value: 173.6970672607422 and parameters: {'gradient_clip_val': 0.22783751111542141, 'hidden_size': 75, 'dropout': 0.10221536264060958, 'hidden_continuous_size': 35, 'attention_head_size': 3, 'learning_rate': 0.047476551001192815}. Best is trial 11 with value: 111.3034896850586.
LOCAL_RANK: 0 - CUDA_VISIBLE_DEVICES: [0]
[I 2023-11-30 09:18:19,644] Trial 14 finished with value: 92.18594360351562 and parameters: {'gradient_clip_val': 0.11511081575425956, 'hidden_size': 99, 'dropout': 0.15826781826832426, 'hidden_continuous_size': 89, 'attention_head_size': 4, 'learning_rate': 0.049787378800240145}. Best is trial 14 with value: 92.18594360351562.
LOCAL_RANK: 0 - CUDA_VISIBLE_DEVICES: [0]
[I 2023-11-30 09:18:30,218] Trial 15 finished with value: 128.68824768066406 and parameters: {'gradient_clip_val': 0.11030134666148303, 'hidden_size': 57, 'dropout': 0.18197948541428038, 'hidden_continuous_size': 57, 'attention_head_size': 4, 'learning_rate': 0.048353341677523115}. Best is trial 14 with value: 92.18594360351562.
LOCAL_RANK: 0 - CUDA_VISIBLE_DEVICES: [0]
[I 2023-11-30 09:18:44,714] Trial 16 finished with value: 176.0507354736328 and parameters: {'gradient_clip_val': 0.10123775595123073, 'hidden_size': 100, 'dropout': 0.16423870194986095, 'hidden_continuous_size': 95, 'attention_head_size': 4, 'learning_rate': 0.08168799241128684}. Best is trial 14 with value: 92.18594360351562.
LOCAL_RANK: 0 - CUDA_VISIBLE_DEVICES: [0]
