[I 2023-11-30 13:54:56,376] Trial 44 finished with value: 77.91365814208984 and parameters: {'gradient_clip_val': 0.16198836279144418, 'hidden_size': 28, 'dropout': 0.2612320888783088, 'hidden_continuous_size': 14, 'attention_head_size': 1, 'learning_rate': 0.027934961219869697}. Best is trial 27 with value: 67.18770599365234.
LOCAL_RANK: 0 - CUDA_VISIBLE_DEVICES: [0]
[I 2023-11-30 13:55:09,776] Trial 45 finished with value: 85.73963165283203 and parameters: {'gradient_clip_val': 0.10183309037422401, 'hidden_size': 21, 'dropout': 0.27646049621524443, 'hidden_continuous_size': 12, 'attention_head_size': 2, 'learning_rate': 0.013377864743430517}. Best is trial 27 with value: 67.18770599365234.
LOCAL_RANK: 0 - CUDA_VISIBLE_DEVICES: [0]
[I 2023-11-30 13:55:23,158] Trial 46 finished with value: 167.47300720214844 and parameters: {'gradient_clip_val': 0.1804894794483617, 'hidden_size': 16, 'dropout': 0.22898076272656326, 'hidden_continuous_size': 12, 'attention_head_size': 1, 'learning_rate': 0.009898642638497747}. Best is trial 27 with value: 67.18770599365234.
LOCAL_RANK: 0 - CUDA_VISIBLE_DEVICES: [0]
[I 2023-11-30 13:55:35,566] Trial 47 finished with value: 83.7923812866211 and parameters: {'gradient_clip_val': 0.13959146541578416, 'hidden_size': 37, 'dropout': 0.2018229090772247, 'hidden_continuous_size': 10, 'attention_head_size': 2, 'learning_rate': 0.02458515880175321}. Best is trial 27 with value: 67.18770599365234.
LOCAL_RANK: 0 - CUDA_VISIBLE_DEVICES: [0]
[I 2023-11-30 13:55:48,193] Trial 48 finished with value: 77.1160659790039 and parameters: {'gradient_clip_val': 0.1466391116992069, 'hidden_size': 31, 'dropout': 0.24680272305373277, 'hidden_continuous_size': 11, 'attention_head_size': 4, 'learning_rate': 0.019375089355332085}. Best is trial 27 with value: 67.18770599365234.
LOCAL_RANK: 0 - CUDA_VISIBLE_DEVICES: [0]
[I 2023-11-30 13:56:00,407] Trial 49 finished with value: 106.54889678955078 and parameters: {'gradient_clip_val': 0.11183500685025406, 'hidden_size': 19, 'dropout': 0.2909847587931095, 'hidden_continuous_size': 13, 'attention_head_size': 2, 'learning_rate': 0.030495673825644557}. Best is trial 27 with value: 67.18770599365234.
LOCAL_RANK: 0 - CUDA_VISIBLE_DEVICES: [0]
[I 2023-11-30 13:56:12,618] Trial 50 finished with value: 117.1310806274414 and parameters: {'gradient_clip_val': 0.12742494393225018, 'hidden_size': 25, 'dropout': 0.27105587681503934, 'hidden_continuous_size': 15, 'attention_head_size': 1, 'learning_rate': 0.03947515864867724}. Best is trial 27 with value: 67.18770599365234.
LOCAL_RANK: 0 - CUDA_VISIBLE_DEVICES: [0]
[I 2023-11-30 13:56:25,191] Trial 51 finished with value: 98.47317504882812 and parameters: {'gradient_clip_val': 0.22440435267351894, 'hidden_size': 33, 'dropout': 0.24239033167655358, 'hidden_continuous_size': 18, 'attention_head_size': 1, 'learning_rate': 0.04582547029813029}. Best is trial 27 with value: 67.18770599365234.
LOCAL_RANK: 0 - CUDA_VISIBLE_DEVICES: [0]
[I 2023-11-30 13:56:37,725] Trial 52 finished with value: 89.2535400390625 and parameters: {'gradient_clip_val': 0.15983737101776105, 'hidden_size': 29, 'dropout': 0.2345179526808835, 'hidden_continuous_size': 20, 'attention_head_size': 1, 'learning_rate': 0.04941695651642095}. Best is trial 27 with value: 67.18770599365234.
LOCAL_RANK: 0 - CUDA_VISIBLE_DEVICES: [0]
[I 2023-11-30 13:56:50,510] Trial 53 finished with value: 134.55503845214844 and parameters: {'gradient_clip_val': 0.18112011642766324, 'hidden_size': 45, 'dropout': 0.2239261903069194, 'hidden_continuous_size': 15, 'attention_head_size': 1, 'learning_rate': 0.06943344807988186}. Best is trial 27 with value: 67.18770599365234.
LOCAL_RANK: 0 - CUDA_VISIBLE_DEVICES: [0]
[I 2023-11-30 13:57:02,850] Trial 54 finished with value: 75.96623992919922 and parameters: {'gradient_clip_val': 0.3694458450503001, 'hidden_size': 36, 'dropout': 0.24865903864785846, 'hidden_continuous_size': 14, 'attention_head_size': 1, 'learning_rate': 0.022136768717277745}. Best is trial 27 with value: 67.18770599365234.
LOCAL_RANK: 0 - CUDA_VISIBLE_DEVICES: [0]
[I 2023-11-30 13:57:15,148] Trial 55 finished with value: 73.9157943725586 and parameters: {'gradient_clip_val': 0.13718971183473924, 'hidden_size': 23, 'dropout': 0.281159712621854, 'hidden_continuous_size': 13, 'attention_head_size': 3, 'learning_rate': 0.03205536998217245}. Best is trial 27 with value: 67.18770599365234.
LOCAL_RANK: 0 - CUDA_VISIBLE_DEVICES: [0]
[I 2023-11-30 13:57:27,415] Trial 56 finished with value: 125.4455795288086 and parameters: {'gradient_clip_val': 0.13786247104531132, 'hidden_size': 23, 'dropout': 0.28152070180891753, 'hidden_continuous_size': 13, 'attention_head_size': 4, 'learning_rate': 0.030019813778921236}. Best is trial 27 with value: 67.18770599365234.
LOCAL_RANK: 0 - CUDA_VISIBLE_DEVICES: [0]
[I 2023-11-30 13:57:39,890] Trial 57 finished with value: 81.2827377319336 and parameters: {'gradient_clip_val': 0.12153443967020447, 'hidden_size': 21, 'dropout': 0.26390125330574216, 'hidden_continuous_size': 13, 'attention_head_size': 3, 'learning_rate': 0.020410639088936484}. Best is trial 27 with value: 67.18770599365234.
LOCAL_RANK: 0 - CUDA_VISIBLE_DEVICES: [0]
[I 2023-11-30 13:57:52,225] Trial 58 finished with value: 106.10260009765625 and parameters: {'gradient_clip_val': 0.10591262007536771, 'hidden_size': 26, 'dropout': 0.29860294357336203, 'hidden_continuous_size': 14, 'attention_head_size': 3, 'learning_rate': 0.016880529152101472}. Best is trial 27 with value: 67.18770599365234.
LOCAL_RANK: 0 - CUDA_VISIBLE_DEVICES: [0]
[I 2023-11-30 13:58:04,731] Trial 59 finished with value: 127.88175201416016 and parameters: {'gradient_clip_val': 0.15173652443023322, 'hidden_size': 31, 'dropout': 0.3104171204678395, 'hidden_continuous_size': 11, 'attention_head_size': 4, 'learning_rate': 0.035040603755647846}. Best is trial 27 with value: 67.18770599365234.
LOCAL_RANK: 0 - CUDA_VISIBLE_DEVICES: [0]
[I 2023-11-30 13:58:16,773] Trial 60 finished with value: 85.59928131103516 and parameters: {'gradient_clip_val': 0.10842898627822688, 'hidden_size': 24, 'dropout': 0.27650645712237015, 'hidden_continuous_size': 12, 'attention_head_size': 3, 'learning_rate': 0.026781708806884023}. Best is trial 27 with value: 67.18770599365234.
LOCAL_RANK: 0 - CUDA_VISIBLE_DEVICES: [0]
[I 2023-11-30 13:58:29,008] Trial 61 finished with value: 70.75096130371094 and parameters: {'gradient_clip_val': 0.1384761541487247, 'hidden_size': 27, 'dropout': 0.2582517925951813, 'hidden_continuous_size': 12, 'attention_head_size': 2, 'learning_rate': 0.023880511111957926}. Best is trial 27 with value: 67.18770599365234.
LOCAL_RANK: 0 - CUDA_VISIBLE_DEVICES: [0]
[I 2023-11-30 13:58:41,214] Trial 62 finished with value: 99.66973876953125 and parameters: {'gradient_clip_val': 0.1397004066280407, 'hidden_size': 27, 'dropout': 0.26154044181775643, 'hidden_continuous_size': 12, 'attention_head_size': 2, 'learning_rate': 0.02188865456403998}. Best is trial 27 with value: 67.18770599365234.
LOCAL_RANK: 0 - CUDA_VISIBLE_DEVICES: [0]
[I 2023-11-30 13:58:53,681] Trial 63 finished with value: 92.40657806396484 and parameters: {'gradient_clip_val': 0.16946038207370862, 'hidden_size': 40, 'dropout': 0.2545459000921245, 'hidden_continuous_size': 11, 'attention_head_size': 2, 'learning_rate': 0.016272997412056057}. Best is trial 27 with value: 67.18770599365234.
LOCAL_RANK: 0 - CUDA_VISIBLE_DEVICES: [0]
[I 2023-11-30 13:59:05,652] Trial 64 finished with value: 85.9322509765625 and parameters: {'gradient_clip_val': 0.12072724016544356, 'hidden_size': 20, 'dropout': 0.2869675248813442, 'hidden_continuous_size': 13, 'attention_head_size': 2, 'learning_rate': 0.024418541654645434}. Best is trial 27 with value: 67.18770599365234.
LOCAL_RANK: 0 - CUDA_VISIBLE_DEVICES: [0]
[I 2023-11-30 13:59:17,790] Trial 65 finished with value: 76.40447235107422 and parameters: {'gradient_clip_val': 0.13381854572368618, 'hidden_size': 26, 'dropout': 0.26956179503493777, 'hidden_continuous_size': 14, 'attention_head_size': 3, 'learning_rate': 0.014204656971111897}. Best is trial 27 with value: 67.18770599365234.
LOCAL_RANK: 0 - CUDA_VISIBLE_DEVICES: [0]
[I 2023-11-30 13:59:30,218] Trial 66 finished with value: 105.3761978149414 and parameters: {'gradient_clip_val': 0.1938122183868303, 'hidden_size': 34, 'dropout': 0.23643095036561607, 'hidden_continuous_size': 10, 'attention_head_size': 2, 'learning_rate': 0.019292409513455573}. Best is trial 27 with value: 67.18770599365234.
LOCAL_RANK: 0 - CUDA_VISIBLE_DEVICES: [0]
[I 2023-11-30 13:59:42,532] Trial 67 finished with value: 86.8574447631836 and parameters: {'gradient_clip_val': 0.11770779970107775, 'hidden_size': 29, 'dropout': 0.2190112510450863, 'hidden_continuous_size': 11, 'attention_head_size': 2, 'learning_rate': 0.03239629980223915}. Best is trial 27 with value: 67.18770599365234.
LOCAL_RANK: 0 - CUDA_VISIBLE_DEVICES: [0]
[I 2023-11-30 13:59:55,026] Trial 68 finished with value: 98.5290298461914 and parameters: {'gradient_clip_val': 0.1552265093224806, 'hidden_size': 23, 'dropout': 0.2490099828606509, 'hidden_continuous_size': 13, 'attention_head_size': 4, 'learning_rate': 0.027041614554419478}. Best is trial 27 with value: 67.18770599365234.
LOCAL_RANK: 0 - CUDA_VISIBLE_DEVICES: [0]
[I 2023-11-30 14:00:07,240] Trial 69 finished with value: 88.40135955810547 and parameters: {'gradient_clip_val': 0.12943253602455004, 'hidden_size': 25, 'dropout': 0.27804962238599784, 'hidden_continuous_size': 12, 'attention_head_size': 3, 'learning_rate': 0.03631130909952308}. Best is trial 27 with value: 67.18770599365234.
LOCAL_RANK: 0 - CUDA_VISIBLE_DEVICES: [0]
[I 2023-11-30 14:00:19,507] Trial 70 finished with value: 78.90148162841797 and parameters: {'gradient_clip_val': 0.16768858982814908, 'hidden_size': 32, 'dropout': 0.22666723391479976, 'hidden_continuous_size': 16, 'attention_head_size': 2, 'learning_rate': 0.011722279845008109}. Best is trial 27 with value: 67.18770599365234.
LOCAL_RANK: 0 - CUDA_VISIBLE_DEVICES: [0]
[I 2023-11-30 14:00:31,737] Trial 71 finished with value: 111.04296875 and parameters: {'gradient_clip_val': 0.14656815162150766, 'hidden_size': 29, 'dropout': 0.2440988054539886, 'hidden_continuous_size': 19, 'attention_head_size': 1, 'learning_rate': 0.043814543806792366}. Best is trial 27 with value: 67.18770599365234.
LOCAL_RANK: 0 - CUDA_VISIBLE_DEVICES: [0]
[I 2023-11-30 14:00:44,259] Trial 72 finished with value: 111.1976089477539 and parameters: {'gradient_clip_val': 0.13735721893232844, 'hidden_size': 35, 'dropout': 0.25636991624044353, 'hidden_continuous_size': 15, 'attention_head_size': 1, 'learning_rate': 0.020816692649398442}. Best is trial 27 with value: 67.18770599365234.
LOCAL_RANK: 0 - CUDA_VISIBLE_DEVICES: [0]
[I 2023-11-30 14:00:57,122] Trial 73 finished with value: 67.5148696899414 and parameters: {'gradient_clip_val': 0.2559182330999143, 'hidden_size': 38, 'dropout': 0.23557147843035262, 'hidden_continuous_size': 21, 'attention_head_size': 2, 'learning_rate': 0.017123094577006556}. Best is trial 27 with value: 67.18770599365234.
LOCAL_RANK: 0 - CUDA_VISIBLE_DEVICES: [0]
[I 2023-11-30 14:01:09,679] Trial 74 finished with value: 69.4480209350586 and parameters: {'gradient_clip_val': 0.18971064272928673, 'hidden_size': 38, 'dropout': 0.2178977719937007, 'hidden_continuous_size': 21, 'attention_head_size': 2, 'learning_rate': 0.016422111068232024}. Best is trial 27 with value: 67.18770599365234.
LOCAL_RANK: 0 - CUDA_VISIBLE_DEVICES: [0]
[I 2023-11-30 14:01:22,372] Trial 75 finished with value: 96.87442779541016 and parameters: {'gradient_clip_val': 0.1889920664343513, 'hidden_size': 40, 'dropout': 0.20435096467090383, 'hidden_continuous_size': 21, 'attention_head_size': 2, 'learning_rate': 0.014895922319540705}. Best is trial 27 with value: 67.18770599365234.
LOCAL_RANK: 0 - CUDA_VISIBLE_DEVICES: [0]
[I 2023-11-30 14:01:35,199] Trial 76 finished with value: 93.27069091796875 and parameters: {'gradient_clip_val': 0.21944386953199652, 'hidden_size': 39, 'dropout': 0.21714101906972405, 'hidden_continuous_size': 22, 'attention_head_size': 2, 'learning_rate': 0.017563097794113497}. Best is trial 27 with value: 67.18770599365234.
LOCAL_RANK: 0 - CUDA_VISIBLE_DEVICES: [0]
[I 2023-11-30 14:01:48,247] Trial 77 finished with value: 130.0172576904297 and parameters: {'gradient_clip_val': 0.23707884910390858, 'hidden_size': 45, 'dropout': 0.2343967904459505, 'hidden_continuous_size': 24, 'attention_head_size': 2, 'learning_rate': 0.023829780366157762}. Best is trial 27 with value: 67.18770599365234.
LOCAL_RANK: 0 - CUDA_VISIBLE_DEVICES: [0]
[I 2023-11-30 14:02:00,869] Trial 78 finished with value: 84.58948516845703 and parameters: {'gradient_clip_val': 0.15873724509052745, 'hidden_size': 31, 'dropout': 0.2094476201379311, 'hidden_continuous_size': 20, 'attention_head_size': 2, 'learning_rate': 0.016664069861952183}. Best is trial 27 with value: 67.18770599365234.
LOCAL_RANK: 0 - CUDA_VISIBLE_DEVICES: [0]
[I 2023-11-30 14:02:13,557] Trial 79 finished with value: 58.12666320800781 and parameters: {'gradient_clip_val': 0.2640289513421511, 'hidden_size': 37, 'dropout': 0.22193567135514547, 'hidden_continuous_size': 19, 'attention_head_size': 2, 'learning_rate': 0.01429806465438563}. Best is trial 79 with value: 58.12666320800781.
LOCAL_RANK: 0 - CUDA_VISIBLE_DEVICES: [0]
[I 2023-11-30 14:02:26,138] Trial 80 finished with value: 92.57489013671875 and parameters: {'gradient_clip_val': 0.26870173177664347, 'hidden_size': 37, 'dropout': 0.19029156438220976, 'hidden_continuous_size': 19, 'attention_head_size': 2, 'learning_rate': 0.014273215342745088}. Best is trial 79 with value: 58.12666320800781.
LOCAL_RANK: 0 - CUDA_VISIBLE_DEVICES: [0]
[I 2023-11-30 14:02:38,663] Trial 81 finished with value: 66.08162689208984 and parameters: {'gradient_clip_val': 0.2024819105160706, 'hidden_size': 35, 'dropout': 0.223837622626766, 'hidden_continuous_size': 18, 'attention_head_size': 2, 'learning_rate': 0.01875409957299492}. Best is trial 79 with value: 58.12666320800781.
LOCAL_RANK: 0 - CUDA_VISIBLE_DEVICES: [0]
[I 2023-11-30 14:02:51,444] Trial 82 finished with value: 77.33355712890625 and parameters: {'gradient_clip_val': 0.25929162461864896, 'hidden_size': 34, 'dropout': 0.2217675801242352, 'hidden_continuous_size': 21, 'attention_head_size': 2, 'learning_rate': 0.019675312078196082}. Best is trial 79 with value: 58.12666320800781.
LOCAL_RANK: 0 - CUDA_VISIBLE_DEVICES: [0]
[I 2023-11-30 14:03:03,731] Trial 83 finished with value: 82.26361083984375 and parameters: {'gradient_clip_val': 0.19728176753275023, 'hidden_size': 28, 'dropout': 0.23085010564474956, 'hidden_continuous_size': 18, 'attention_head_size': 2, 'learning_rate': 0.011785973196660452}. Best is trial 79 with value: 58.12666320800781.
LOCAL_RANK: 0 - CUDA_VISIBLE_DEVICES: [0]
[I 2023-11-30 14:03:16,291] Trial 84 finished with value: 71.33167266845703 and parameters: {'gradient_clip_val': 0.21451896136318513, 'hidden_size': 37, 'dropout': 0.21548014756772998, 'hidden_continuous_size': 18, 'attention_head_size': 2, 'learning_rate': 0.017325675658284585}. Best is trial 79 with value: 58.12666320800781.
LOCAL_RANK: 0 - CUDA_VISIBLE_DEVICES: [0]
[I 2023-11-30 14:03:29,119] Trial 85 finished with value: 65.28170013427734 and parameters: {'gradient_clip_val': 0.17622767555694932, 'hidden_size': 43, 'dropout': 0.20382630449914557, 'hidden_continuous_size': 17, 'attention_head_size': 2, 'learning_rate': 0.015131481460096099}. Best is trial 79 with value: 58.12666320800781.
LOCAL_RANK: 0 - CUDA_VISIBLE_DEVICES: [0]
[I 2023-11-30 14:03:41,783] Trial 86 finished with value: 85.6545639038086 and parameters: {'gradient_clip_val': 0.207431442624289, 'hidden_size': 43, 'dropout': 0.18395680168283282, 'hidden_continuous_size': 17, 'attention_head_size': 2, 'learning_rate': 0.013060711642569776}. Best is trial 79 with value: 58.12666320800781.
LOCAL_RANK: 0 - CUDA_VISIBLE_DEVICES: [0]
[I 2023-11-30 14:03:54,871] Trial 87 finished with value: 87.31689453125 and parameters: {'gradient_clip_val': 0.1843333735571872, 'hidden_size': 49, 'dropout': 0.20661274724107048, 'hidden_continuous_size': 23, 'attention_head_size': 2, 'learning_rate': 0.01567854113048505}. Best is trial 79 with value: 58.12666320800781.
LOCAL_RANK: 0 - CUDA_VISIBLE_DEVICES: [0]
[I 2023-11-30 14:04:07,499] Trial 88 finished with value: 60.7860107421875 and parameters: {'gradient_clip_val': 0.23657729679962095, 'hidden_size': 33, 'dropout': 0.1988182207226991, 'hidden_continuous_size': 19, 'attention_head_size': 2, 'learning_rate': 0.010393935986663525}. Best is trial 79 with value: 58.12666320800781.
LOCAL_RANK: 0 - CUDA_VISIBLE_DEVICES: [0]
[I 2023-11-30 14:04:20,393] Trial 89 finished with value: 66.45130157470703 and parameters: {'gradient_clip_val': 0.23644952210282508, 'hidden_size': 42, 'dropout': 0.19821003891124286, 'hidden_continuous_size': 20, 'attention_head_size': 2, 'learning_rate': 0.011161963116253957}. Best is trial 79 with value: 58.12666320800781.
LOCAL_RANK: 0 - CUDA_VISIBLE_DEVICES: [0]
[I 2023-11-30 14:04:33,180] Trial 90 finished with value: 88.8157730102539 and parameters: {'gradient_clip_val': 0.24575887943001365, 'hidden_size': 38, 'dropout': 0.1804512084370163, 'hidden_continuous_size': 20, 'attention_head_size': 2, 'learning_rate': 0.010299795050242892}. Best is trial 79 with value: 58.12666320800781.
LOCAL_RANK: 0 - CUDA_VISIBLE_DEVICES: [0]
[I 2023-11-30 14:04:45,749] Trial 91 finished with value: 104.19261932373047 and parameters: {'gradient_clip_val': 0.2863869239711019, 'hidden_size': 43, 'dropout': 0.19863088402583204, 'hidden_continuous_size': 18, 'attention_head_size': 2, 'learning_rate': 0.009096478175154816}. Best is trial 79 with value: 58.12666320800781.
LOCAL_RANK: 0 - CUDA_VISIBLE_DEVICES: [0]
[I 2023-11-30 14:04:58,224] Trial 92 finished with value: 98.361328125 and parameters: {'gradient_clip_val': 0.21380579762520371, 'hidden_size': 33, 'dropout': 0.2101365789915211, 'hidden_continuous_size': 19, 'attention_head_size': 2, 'learning_rate': 0.012701908955860057}. Best is trial 79 with value: 58.12666320800781.
LOCAL_RANK: 0 - CUDA_VISIBLE_DEVICES: [0]
[I 2023-11-30 14:05:10,959] Trial 93 finished with value: 82.50245666503906 and parameters: {'gradient_clip_val': 0.23119584393825215, 'hidden_size': 36, 'dropout': 0.195555233059493, 'hidden_continuous_size': 20, 'attention_head_size': 2, 'learning_rate': 0.010985074814872955}. Best is trial 79 with value: 58.12666320800781.
LOCAL_RANK: 0 - CUDA_VISIBLE_DEVICES: [0]
[I 2023-11-30 14:05:24,425] Trial 94 finished with value: 93.3486328125 and parameters: {'gradient_clip_val': 0.1775441678872709, 'hidden_size': 39, 'dropout': 0.2222109513501231, 'hidden_continuous_size': 21, 'attention_head_size': 2, 'learning_rate': 0.014665682468996301}. Best is trial 79 with value: 58.12666320800781.
LOCAL_RANK: 0 - CUDA_VISIBLE_DEVICES: [0]
[I 2023-11-30 14:05:38,758] Trial 95 finished with value: 67.64295196533203 and parameters: {'gradient_clip_val': 0.19888542440878834, 'hidden_size': 53, 'dropout': 0.20267216553234815, 'hidden_continuous_size': 25, 'attention_head_size': 2, 'learning_rate': 0.01264935754966677}. Best is trial 79 with value: 58.12666320800781.
LOCAL_RANK: 0 - CUDA_VISIBLE_DEVICES: [0]
[I 2023-11-30 14:05:51,608] Trial 96 finished with value: 96.95475006103516 and parameters: {'gradient_clip_val': 0.20754189501637607, 'hidden_size': 53, 'dropout': 0.20320489718975981, 'hidden_continuous_size': 24, 'attention_head_size': 2, 'learning_rate': 0.012524309673941286}. Best is trial 79 with value: 58.12666320800781.
LOCAL_RANK: 0 - CUDA_VISIBLE_DEVICES: [0]
[I 2023-11-30 14:06:04,448] Trial 97 finished with value: 83.8958511352539 and parameters: {'gradient_clip_val': 0.23774831846642605, 'hidden_size': 46, 'dropout': 0.21324382256368768, 'hidden_continuous_size': 22, 'attention_head_size': 2, 'learning_rate': 0.009541292965371751}. Best is trial 79 with value: 58.12666320800781.
LOCAL_RANK: 0 - CUDA_VISIBLE_DEVICES: [0]
[I 2023-11-30 14:06:17,331] Trial 98 finished with value: 87.70147705078125 and parameters: {'gradient_clip_val': 0.19817105074164795, 'hidden_size': 41, 'dropout': 0.19190642137480357, 'hidden_continuous_size': 19, 'attention_head_size': 2, 'learning_rate': 0.010973169778475438}. Best is trial 79 with value: 58.12666320800781.
LOCAL_RANK: 0 - CUDA_VISIBLE_DEVICES: [0]
[I 2023-11-30 14:06:30,645] Trial 99 finished with value: 68.13727569580078 and parameters: {'gradient_clip_val': 0.24711569668733288, 'hidden_size': 61, 'dropout': 0.226878061853503, 'hidden_continuous_size': 23, 'attention_head_size': 2, 'learning_rate': 0.00819992458267755}. Best is trial 79 with value: 58.12666320800781.
LOCAL_RANK: 0 - CUDA_VISIBLE_DEVICES: [0]
[I 2023-11-30 14:06:43,755] Trial 100 finished with value: 98.74739837646484 and parameters: {'gradient_clip_val': 0.22502654965225719, 'hidden_size': 55, 'dropout': 0.2285057247551292, 'hidden_continuous_size': 24, 'attention_head_size': 2, 'learning_rate': 0.008013862226817336}. Best is trial 79 with value: 58.12666320800781.
LOCAL_RANK: 0 - CUDA_VISIBLE_DEVICES: [0]
[I 2023-11-30 14:06:56,982] Trial 101 finished with value: 109.75714111328125 and parameters: {'gradient_clip_val': 0.24403206868018912, 'hidden_size': 63, 'dropout': 0.21778042209890883, 'hidden_continuous_size': 26, 'attention_head_size': 2, 'learning_rate': 0.013845563072642689}. Best is trial 79 with value: 58.12666320800781.
LOCAL_RANK: 0 - CUDA_VISIBLE_DEVICES: [0]
[I 2023-11-30 14:07:09,618] Trial 102 finished with value: 83.69258117675781 and parameters: {'gradient_clip_val': 0.22411324673964825, 'hidden_size': 35, 'dropout': 0.17788979600015753, 'hidden_continuous_size': 17, 'attention_head_size': 2, 'learning_rate': 0.015473742101753838}. Best is trial 79 with value: 58.12666320800781.
LOCAL_RANK: 0 - CUDA_VISIBLE_DEVICES: [0]
