[I 2023-11-30 15:26:20,598] Trial 2 finished with value: 376.2240295410156 and parameters: {'gradient_clip_val': 0.3508429116470951, 'hidden_size': 66, 'dropout': 0.24249126156400777, 'hidden_continuous_size': 63, 'attention_head_size': 1, 'learning_rate': 0.0014738800683582471}. Best is trial 1 with value: 298.4176940917969.
LOCAL_RANK: 0 - CUDA_VISIBLE_DEVICES: [0]
[I 2023-11-30 15:26:35,529] Trial 3 finished with value: 254.6809539794922 and parameters: {'gradient_clip_val': 0.21915686331765505, 'hidden_size': 120, 'dropout': 0.2519372953603495, 'hidden_continuous_size': 20, 'attention_head_size': 3, 'learning_rate': 0.08022534295401279}. Best is trial 3 with value: 254.6809539794922.
LOCAL_RANK: 0 - CUDA_VISIBLE_DEVICES: [0]
[I 2023-11-30 15:26:48,095] Trial 4 finished with value: 378.0879211425781 and parameters: {'gradient_clip_val': 0.12184503864977474, 'hidden_size': 21, 'dropout': 0.3083559993566708, 'hidden_continuous_size': 12, 'attention_head_size': 3, 'learning_rate': 0.006158185283278637}. Best is trial 3 with value: 254.6809539794922.
LOCAL_RANK: 0 - CUDA_VISIBLE_DEVICES: [0]
[I 2023-11-30 15:27:01,253] Trial 5 finished with value: 225.0071563720703 and parameters: {'gradient_clip_val': 0.5951365702499671, 'hidden_size': 30, 'dropout': 0.26933892461919823, 'hidden_continuous_size': 28, 'attention_head_size': 2, 'learning_rate': 0.04827539579136201}. Best is trial 5 with value: 225.0071563720703.
LOCAL_RANK: 0 - CUDA_VISIBLE_DEVICES: [0]
[I 2023-11-30 15:27:15,305] Trial 6 finished with value: 221.41180419921875 and parameters: {'gradient_clip_val': 0.3044316546346239, 'hidden_size': 70, 'dropout': 0.18552157634481592, 'hidden_continuous_size': 14, 'attention_head_size': 2, 'learning_rate': 0.011623536467554195}. Best is trial 6 with value: 221.41180419921875.
LOCAL_RANK: 0 - CUDA_VISIBLE_DEVICES: [0]
[I 2023-11-30 15:27:29,968] Trial 7 finished with value: 223.4339599609375 and parameters: {'gradient_clip_val': 0.9020508038341971, 'hidden_size': 135, 'dropout': 0.25023887198966543, 'hidden_continuous_size': 37, 'attention_head_size': 2, 'learning_rate': 0.01912634202886969}. Best is trial 6 with value: 221.41180419921875.
LOCAL_RANK: 0 - CUDA_VISIBLE_DEVICES: [0]
[I 2023-11-30 15:27:43,702] Trial 8 finished with value: 335.8683776855469 and parameters: {'gradient_clip_val': 0.5227986889509447, 'hidden_size': 43, 'dropout': 0.2662318925165291, 'hidden_continuous_size': 13, 'attention_head_size': 4, 'learning_rate': 0.005356536575289419}. Best is trial 6 with value: 221.41180419921875.
LOCAL_RANK: 0 - CUDA_VISIBLE_DEVICES: [0]
[I 2023-11-30 15:27:57,555] Trial 9 finished with value: 242.1767578125 and parameters: {'gradient_clip_val': 0.4500219930918648, 'hidden_size': 42, 'dropout': 0.2158097341658759, 'hidden_continuous_size': 15, 'attention_head_size': 3, 'learning_rate': 0.04059461346352796}. Best is trial 6 with value: 221.41180419921875.
LOCAL_RANK: 0 - CUDA_VISIBLE_DEVICES: [0]
[I 2023-11-30 15:28:11,582] Trial 10 finished with value: 313.4649658203125 and parameters: {'gradient_clip_val': 0.20841198873186703, 'hidden_size': 82, 'dropout': 0.12807030518882137, 'hidden_continuous_size': 10, 'attention_head_size': 4, 'learning_rate': 0.002435420219234988}. Best is trial 6 with value: 221.41180419921875.
LOCAL_RANK: 0 - CUDA_VISIBLE_DEVICES: [0]
[I 2023-11-30 15:28:26,970] Trial 11 finished with value: 249.5393829345703 and parameters: {'gradient_clip_val': 0.920840802347767, 'hidden_size': 149, 'dropout': 0.3782403344412701, 'hidden_continuous_size': 40, 'attention_head_size': 2, 'learning_rate': 0.01543585674946613}. Best is trial 6 with value: 221.41180419921875.
LOCAL_RANK: 0 - CUDA_VISIBLE_DEVICES: [0]
[I 2023-11-30 15:28:41,601] Trial 12 finished with value: 234.2136993408203 and parameters: {'gradient_clip_val': 0.9311612586417624, 'hidden_size': 95, 'dropout': 0.16280725082410433, 'hidden_continuous_size': 39, 'attention_head_size': 2, 'learning_rate': 0.018760399971213832}. Best is trial 6 with value: 221.41180419921875.
LOCAL_RANK: 0 - CUDA_VISIBLE_DEVICES: [0]
[I 2023-11-30 15:28:55,255] Trial 13 finished with value: 226.0391082763672 and parameters: {'gradient_clip_val': 0.6816210642352272, 'hidden_size': 67, 'dropout': 0.17611505936953467, 'hidden_continuous_size': 19, 'attention_head_size': 1, 'learning_rate': 0.02255083212310258}. Best is trial 6 with value: 221.41180419921875.
LOCAL_RANK: 0 - CUDA_VISIBLE_DEVICES: [0]
[I 2023-11-30 15:29:10,232] Trial 14 finished with value: 224.29527282714844 and parameters: {'gradient_clip_val': 0.7340312602850817, 'hidden_size': 135, 'dropout': 0.12133865052486695, 'hidden_continuous_size': 109, 'attention_head_size': 2, 'learning_rate': 0.007203949669818602}. Best is trial 6 with value: 221.41180419921875.
LOCAL_RANK: 0 - CUDA_VISIBLE_DEVICES: [0]
[I 2023-11-30 15:29:24,847] Trial 15 finished with value: 226.263427734375 and parameters: {'gradient_clip_val': 0.9624793232277855, 'hidden_size': 99, 'dropout': 0.20949749214605326, 'hidden_continuous_size': 31, 'attention_head_size': 2, 'learning_rate': 0.010278444305220819}. Best is trial 6 with value: 221.41180419921875.
LOCAL_RANK: 0 - CUDA_VISIBLE_DEVICES: [0]
[I 2023-11-30 15:29:38,630] Trial 16 finished with value: 241.49351501464844 and parameters: {'gradient_clip_val': 0.30788224107087536, 'hidden_size': 61, 'dropout': 0.1526704693766365, 'hidden_continuous_size': 17, 'attention_head_size': 1, 'learning_rate': 0.02467878185493825}. Best is trial 6 with value: 221.41180419921875.
LOCAL_RANK: 0 - CUDA_VISIBLE_DEVICES: [0]
[I 2023-11-30 15:29:53,341] Trial 17 finished with value: 248.02880859375 and parameters: {'gradient_clip_val': 0.7056411981653259, 'hidden_size': 106, 'dropout': 0.11241946960921947, 'hidden_continuous_size': 24, 'attention_head_size': 2, 'learning_rate': 0.004096559925691656}. Best is trial 6 with value: 221.41180419921875.
LOCAL_RANK: 0 - CUDA_VISIBLE_DEVICES: [0]
[I 2023-11-30 15:30:09,019] Trial 18 finished with value: 226.7418975830078 and parameters: {'gradient_clip_val': 0.5084054894069379, 'hidden_size': 147, 'dropout': 0.1795440897275563, 'hidden_continuous_size': 53, 'attention_head_size': 3, 'learning_rate': 0.01371409292977063}. Best is trial 6 with value: 221.41180419921875.
LOCAL_RANK: 0 - CUDA_VISIBLE_DEVICES: [0]
[I 2023-11-30 15:30:22,947] Trial 19 finished with value: 224.129150390625 and parameters: {'gradient_clip_val': 0.38594649349538973, 'hidden_size': 78, 'dropout': 0.21358539592824582, 'hidden_continuous_size': 16, 'attention_head_size': 1, 'learning_rate': 0.008468798561426476}. Best is trial 6 with value: 221.41180419921875.
LOCAL_RANK: 0 - CUDA_VISIBLE_DEVICES: [0]
[I 2023-11-30 15:30:36,239] Trial 20 finished with value: 236.2772674560547 and parameters: {'gradient_clip_val': 0.2589703983781358, 'hidden_size': 54, 'dropout': 0.2859243026374023, 'hidden_continuous_size': 10, 'attention_head_size': 2, 'learning_rate': 0.02549038911597131}. Best is trial 6 with value: 221.41180419921875.
LOCAL_RANK: 0 - CUDA_VISIBLE_DEVICES: [0]
[I 2023-11-30 15:30:50,699] Trial 21 finished with value: 235.4738311767578 and parameters: {'gradient_clip_val': 0.37816831538381673, 'hidden_size': 85, 'dropout': 0.23136079754829572, 'hidden_continuous_size': 15, 'attention_head_size': 1, 'learning_rate': 0.007193168775093886}. Best is trial 6 with value: 221.41180419921875.
LOCAL_RANK: 0 - CUDA_VISIBLE_DEVICES: [0]
[I 2023-11-30 15:31:04,662] Trial 22 finished with value: 216.3982696533203 and parameters: {'gradient_clip_val': 0.40246004259033724, 'hidden_size': 78, 'dropout': 0.20147367258863444, 'hidden_continuous_size': 18, 'attention_head_size': 1, 'learning_rate': 0.010989449347417284}. Best is trial 22 with value: 216.3982696533203.
LOCAL_RANK: 0 - CUDA_VISIBLE_DEVICES: [0]
[I 2023-11-30 15:31:19,333] Trial 23 finished with value: 227.470703125 and parameters: {'gradient_clip_val': 0.5534118622803448, 'hidden_size': 115, 'dropout': 0.19494169654144222, 'hidden_continuous_size': 23, 'attention_head_size': 2, 'learning_rate': 0.01229610737508321}. Best is trial 22 with value: 216.3982696533203.
LOCAL_RANK: 0 - CUDA_VISIBLE_DEVICES: [0]
[I 2023-11-30 15:31:32,740] Trial 24 finished with value: 221.6422576904297 and parameters: {'gradient_clip_val': 0.7875086598115323, 'hidden_size': 52, 'dropout': 0.23100352362955553, 'hidden_continuous_size': 19, 'attention_head_size': 1, 'learning_rate': 0.01648506348499543}. Best is trial 22 with value: 216.3982696533203.
LOCAL_RANK: 0 - CUDA_VISIBLE_DEVICES: [0]
[I 2023-11-30 15:31:46,162] Trial 25 finished with value: 240.32225036621094 and parameters: {'gradient_clip_val': 0.43364142625063506, 'hidden_size': 52, 'dropout': 0.1501730733283651, 'hidden_continuous_size': 18, 'attention_head_size': 1, 'learning_rate': 0.004350011646819549}. Best is trial 22 with value: 216.3982696533203.
LOCAL_RANK: 0 - CUDA_VISIBLE_DEVICES: [0]
[I 2023-11-30 15:32:00,483] Trial 26 finished with value: 239.9298095703125 and parameters: {'gradient_clip_val': 0.652220445302902, 'hidden_size': 75, 'dropout': 0.22630277819971237, 'hidden_continuous_size': 21, 'attention_head_size': 1, 'learning_rate': 0.00967067462322637}. Best is trial 22 with value: 216.3982696533203.
LOCAL_RANK: 0 - CUDA_VISIBLE_DEVICES: [0]
[I 2023-11-30 15:32:14,226] Trial 27 finished with value: 247.2847900390625 and parameters: {'gradient_clip_val': 0.7660083263405516, 'hidden_size': 51, 'dropout': 0.19183655361256816, 'hidden_continuous_size': 18, 'attention_head_size': 1, 'learning_rate': 0.014156041993321006}. Best is trial 22 with value: 216.3982696533203.
LOCAL_RANK: 0 - CUDA_VISIBLE_DEVICES: [0]
[I 2023-11-30 15:32:28,173] Trial 28 finished with value: 261.6220397949219 and parameters: {'gradient_clip_val': 0.5905043726548429, 'hidden_size': 60, 'dropout': 0.17817131506355383, 'hidden_continuous_size': 14, 'attention_head_size': 1, 'learning_rate': 0.030226945029873813}. Best is trial 22 with value: 216.3982696533203.
LOCAL_RANK: 0 - CUDA_VISIBLE_DEVICES: [0]
[I 2023-11-30 15:32:41,032] Trial 29 finished with value: 307.0157775878906 and parameters: {'gradient_clip_val': 0.30127410598590637, 'hidden_size': 32, 'dropout': 0.22306361959506193, 'hidden_continuous_size': 17, 'attention_head_size': 1, 'learning_rate': 0.00898623278650623}. Best is trial 22 with value: 216.3982696533203.
LOCAL_RANK: 0 - CUDA_VISIBLE_DEVICES: [0]
[I 2023-11-30 15:32:55,756] Trial 30 finished with value: 232.8723907470703 and parameters: {'gradient_clip_val': 0.4878011931354922, 'hidden_size': 88, 'dropout': 0.10163282753647469, 'hidden_continuous_size': 22, 'attention_head_size': 4, 'learning_rate': 0.012042097093022036}. Best is trial 22 with value: 216.3982696533203.
LOCAL_RANK: 0 - CUDA_VISIBLE_DEVICES: [0]
[I 2023-11-30 15:33:10,643] Trial 31 finished with value: 263.5248107910156 and parameters: {'gradient_clip_val': 0.7952034279852795, 'hidden_size': 117, 'dropout': 0.24616054420119637, 'hidden_continuous_size': 26, 'attention_head_size': 2, 'learning_rate': 0.01633217040546689}. Best is trial 22 with value: 216.3982696533203.
LOCAL_RANK: 0 - CUDA_VISIBLE_DEVICES: [0]
[I 2023-11-30 15:33:24,865] Trial 32 finished with value: 232.1775360107422 and parameters: {'gradient_clip_val': 0.823696202877629, 'hidden_size': 73, 'dropout': 0.19221359871896615, 'hidden_continuous_size': 14, 'attention_head_size': 2, 'learning_rate': 0.019729033138908565}. Best is trial 22 with value: 216.3982696533203.
LOCAL_RANK: 0 - CUDA_VISIBLE_DEVICES: [0]
[I 2023-11-30 15:33:39,259] Trial 33 finished with value: 250.4091033935547 and parameters: {'gradient_clip_val': 0.6540282940892957, 'hidden_size': 95, 'dropout': 0.20223570493737042, 'hidden_continuous_size': 12, 'attention_head_size': 1, 'learning_rate': 0.011339729678485911}. Best is trial 22 with value: 216.3982696533203.
LOCAL_RANK: 0 - CUDA_VISIBLE_DEVICES: [0]
[I 2023-11-30 15:33:54,003] Trial 34 finished with value: 228.4703826904297 and parameters: {'gradient_clip_val': 0.8297978187124345, 'hidden_size': 127, 'dropout': 0.235539199265121, 'hidden_continuous_size': 29, 'attention_head_size': 2, 'learning_rate': 0.018970414358041945}. Best is trial 22 with value: 216.3982696533203.
LOCAL_RANK: 0 - CUDA_VISIBLE_DEVICES: [0]
[I 2023-11-30 15:34:07,985] Trial 35 finished with value: 218.3238067626953 and parameters: {'gradient_clip_val': 0.9855403375417553, 'hidden_size': 67, 'dropout': 0.2529416049449231, 'hidden_continuous_size': 20, 'attention_head_size': 3, 'learning_rate': 0.030485425792356025}. Best is trial 22 with value: 216.3982696533203.
LOCAL_RANK: 0 - CUDA_VISIBLE_DEVICES: [0]
[I 2023-11-30 15:34:21,857] Trial 36 finished with value: 245.2809295654297 and parameters: {'gradient_clip_val': 0.99029291694603, 'hidden_size': 67, 'dropout': 0.23533941955361895, 'hidden_continuous_size': 20, 'attention_head_size': 3, 'learning_rate': 0.03280729815769894}. Best is trial 22 with value: 216.3982696533203.
LOCAL_RANK: 0 - CUDA_VISIBLE_DEVICES: [0]
[I 2023-11-30 15:34:35,570] Trial 37 finished with value: 237.2841033935547 and parameters: {'gradient_clip_val': 0.6020684788773348, 'hidden_size': 57, 'dropout': 0.262465023512692, 'hidden_continuous_size': 20, 'attention_head_size': 3, 'learning_rate': 0.06931309882246235}. Best is trial 22 with value: 216.3982696533203.
LOCAL_RANK: 0 - CUDA_VISIBLE_DEVICES: [0]
[I 2023-11-30 15:34:49,300] Trial 38 finished with value: 222.07530212402344 and parameters: {'gradient_clip_val': 0.3479773065804145, 'hidden_size': 46, 'dropout': 0.2888535761261404, 'hidden_continuous_size': 19, 'attention_head_size': 3, 'learning_rate': 0.04928088619357035}. Best is trial 22 with value: 216.3982696533203.
LOCAL_RANK: 0 - CUDA_VISIBLE_DEVICES: [0]
[I 2023-11-30 15:35:02,277] Trial 39 finished with value: 230.9673614501953 and parameters: {'gradient_clip_val': 0.7948575159493039, 'hidden_size': 36, 'dropout': 0.24969190241009884, 'hidden_continuous_size': 17, 'attention_head_size': 3, 'learning_rate': 0.01478066616565015}. Best is trial 22 with value: 216.3982696533203.
LOCAL_RANK: 0 - CUDA_VISIBLE_DEVICES: [0]
[I 2023-11-30 15:35:15,802] Trial 40 finished with value: 223.04832458496094 and parameters: {'gradient_clip_val': 0.9978377540391907, 'hidden_size': 47, 'dropout': 0.21001565862497296, 'hidden_continuous_size': 21, 'attention_head_size': 4, 'learning_rate': 0.033067449762252156}. Best is trial 22 with value: 216.3982696533203.
LOCAL_RANK: 0 - CUDA_VISIBLE_DEVICES: [0]
[I 2023-11-30 15:35:29,132] Trial 41 finished with value: 246.3134765625 and parameters: {'gradient_clip_val': 0.3262033851137741, 'hidden_size': 47, 'dropout': 0.28162300184087513, 'hidden_continuous_size': 19, 'attention_head_size': 3, 'learning_rate': 0.05543385801729113}. Best is trial 22 with value: 216.3982696533203.
LOCAL_RANK: 0 - CUDA_VISIBLE_DEVICES: [0]
[I 2023-11-30 15:35:43,499] Trial 42 finished with value: 260.6957702636719 and parameters: {'gradient_clip_val': 0.4165542844884869, 'hidden_size': 66, 'dropout': 0.31670859689222425, 'hidden_continuous_size': 23, 'attention_head_size': 3, 'learning_rate': 0.09131511289167246}. Best is trial 22 with value: 216.3982696533203.
LOCAL_RANK: 0 - CUDA_VISIBLE_DEVICES: [0]
[I 2023-11-30 15:35:56,891] Trial 43 finished with value: 244.34364318847656 and parameters: {'gradient_clip_val': 0.36864666373681126, 'hidden_size': 39, 'dropout': 0.2848075036851718, 'hidden_continuous_size': 16, 'attention_head_size': 3, 'learning_rate': 0.04032485489105771}. Best is trial 22 with value: 216.3982696533203.
LOCAL_RANK: 0 - CUDA_VISIBLE_DEVICES: [0]
[I 2023-11-30 15:36:10,745] Trial 44 finished with value: 243.9604034423828 and parameters: {'gradient_clip_val': 0.27218394325858986, 'hidden_size': 61, 'dropout': 0.2600782473160234, 'hidden_continuous_size': 13, 'attention_head_size': 3, 'learning_rate': 0.05198079769237898}. Best is trial 22 with value: 216.3982696533203.
LOCAL_RANK: 0 - CUDA_VISIBLE_DEVICES: [0]
[I 2023-11-30 15:36:24,544] Trial 45 finished with value: 223.2428436279297 and parameters: {'gradient_clip_val': 0.4570477969092618, 'hidden_size': 45, 'dropout': 0.24784539184152996, 'hidden_continuous_size': 19, 'attention_head_size': 4, 'learning_rate': 0.028399194800409117}. Best is trial 22 with value: 216.3982696533203.
LOCAL_RANK: 0 - CUDA_VISIBLE_DEVICES: [0]
[I 2023-11-30 15:36:38,848] Trial 46 finished with value: 227.03826904296875 and parameters: {'gradient_clip_val': 0.34514057561153433, 'hidden_size': 74, 'dropout': 0.22373169985299796, 'hidden_continuous_size': 25, 'attention_head_size': 3, 'learning_rate': 0.021949088101609684}. Best is trial 22 with value: 216.3982696533203.
LOCAL_RANK: 0 - CUDA_VISIBLE_DEVICES: [0]
[I 2023-11-30 15:36:52,547] Trial 47 finished with value: 237.20892333984375 and parameters: {'gradient_clip_val': 0.8931144073506025, 'hidden_size': 54, 'dropout': 0.27214070542613716, 'hidden_continuous_size': 21, 'attention_head_size': 1, 'learning_rate': 0.03674896790070699}. Best is trial 22 with value: 216.3982696533203.
LOCAL_RANK: 0 - CUDA_VISIBLE_DEVICES: [0]
[I 2023-11-30 15:37:06,735] Trial 48 finished with value: 242.7450714111328 and parameters: {'gradient_clip_val': 0.21120121552243695, 'hidden_size': 87, 'dropout': 0.3042857482147663, 'hidden_continuous_size': 15, 'attention_head_size': 3, 'learning_rate': 0.04521580000568373}. Best is trial 22 with value: 216.3982696533203.
LOCAL_RANK: 0 - CUDA_VISIBLE_DEVICES: [0]
[I 2023-11-30 15:37:20,681] Trial 49 finished with value: 237.74169921875 and parameters: {'gradient_clip_val': 0.4066611979567957, 'hidden_size': 69, 'dropout': 0.21839989242477004, 'hidden_continuous_size': 11, 'attention_head_size': 2, 'learning_rate': 0.017136593181030228}. Best is trial 22 with value: 216.3982696533203.
LOCAL_RANK: 0 - CUDA_VISIBLE_DEVICES: [0]
[I 2023-11-30 15:37:34,464] Trial 50 finished with value: 209.88995361328125 and parameters: {'gradient_clip_val': 0.5341184928988566, 'hidden_size': 40, 'dropout': 0.34188351921805854, 'hidden_continuous_size': 18, 'attention_head_size': 4, 'learning_rate': 0.024644112962261357}. Best is trial 50 with value: 209.88995361328125.
LOCAL_RANK: 0 - CUDA_VISIBLE_DEVICES: [0]
[I 2023-11-30 15:37:48,225] Trial 51 finished with value: 231.9359588623047 and parameters: {'gradient_clip_val': 0.49109698539688473, 'hidden_size': 41, 'dropout': 0.3461710704495282, 'hidden_continuous_size': 18, 'attention_head_size': 4, 'learning_rate': 0.026707476913396012}. Best is trial 50 with value: 209.88995361328125.
LOCAL_RANK: 0 - CUDA_VISIBLE_DEVICES: [0]
[I 2023-11-30 15:38:01,912] Trial 52 finished with value: 231.6103515625 and parameters: {'gradient_clip_val': 0.5622388377017881, 'hidden_size': 36, 'dropout': 0.3394884488484802, 'hidden_continuous_size': 19, 'attention_head_size': 4, 'learning_rate': 0.022349550209585862}. Best is trial 50 with value: 209.88995361328125.
LOCAL_RANK: 0 - CUDA_VISIBLE_DEVICES: [0]
[I 2023-11-30 15:38:15,431] Trial 53 finished with value: 226.49853515625 and parameters: {'gradient_clip_val': 0.7194024777273851, 'hidden_size': 50, 'dropout': 0.2377658301679925, 'hidden_continuous_size': 16, 'attention_head_size': 4, 'learning_rate': 0.03667558835855874}. Best is trial 50 with value: 209.88995361328125.
LOCAL_RANK: 0 - CUDA_VISIBLE_DEVICES: [0]
[I 2023-11-30 15:38:28,819] Trial 54 finished with value: 233.4970245361328 and parameters: {'gradient_clip_val': 0.8759523698300413, 'hidden_size': 44, 'dropout': 0.36107177601735035, 'hidden_continuous_size': 22, 'attention_head_size': 3, 'learning_rate': 0.013346511565162148}. Best is trial 50 with value: 209.88995361328125.
LOCAL_RANK: 0 - CUDA_VISIBLE_DEVICES: [0]
[I 2023-11-30 15:38:42,923] Trial 55 finished with value: 237.8085174560547 and parameters: {'gradient_clip_val': 0.3390567531218797, 'hidden_size': 59, 'dropout': 0.31421959883474415, 'hidden_continuous_size': 17, 'attention_head_size': 1, 'learning_rate': 0.024948374166550352}. Best is trial 50 with value: 209.88995361328125.
LOCAL_RANK: 0 - CUDA_VISIBLE_DEVICES: [0]
[I 2023-11-30 15:38:56,424] Trial 56 finished with value: 280.7172546386719 and parameters: {'gradient_clip_val': 0.46231556152589265, 'hidden_size': 26, 'dropout': 0.3870341260180813, 'hidden_continuous_size': 18, 'attention_head_size': 4, 'learning_rate': 0.016738164234664905}. Best is trial 50 with value: 209.88995361328125.
LOCAL_RANK: 0 - CUDA_VISIBLE_DEVICES: [0]
[I 2023-11-30 15:39:10,218] Trial 57 finished with value: 226.5177459716797 and parameters: {'gradient_clip_val': 0.4012044893382547, 'hidden_size': 80, 'dropout': 0.2522065995381927, 'hidden_continuous_size': 13, 'attention_head_size': 1, 'learning_rate': 0.011458598677481073}. Best is trial 50 with value: 209.88995361328125.
LOCAL_RANK: 0 - CUDA_VISIBLE_DEVICES: [0]
[I 2023-11-30 15:39:24,195] Trial 58 finished with value: 234.0576629638672 and parameters: {'gradient_clip_val': 0.5282303729439902, 'hidden_size': 64, 'dropout': 0.39690414623236936, 'hidden_continuous_size': 24, 'attention_head_size': 2, 'learning_rate': 0.020288329276873174}. Best is trial 50 with value: 209.88995361328125.
LOCAL_RANK: 0 - CUDA_VISIBLE_DEVICES: [0]
[I 2023-11-30 15:39:37,550] Trial 59 finished with value: 238.02001953125 and parameters: {'gradient_clip_val': 0.3609771351816878, 'hidden_size': 56, 'dropout': 0.20939647677972717, 'hidden_continuous_size': 20, 'attention_head_size': 2, 'learning_rate': 0.0281179627947863}. Best is trial 50 with value: 209.88995361328125.
LOCAL_RANK: 0 - CUDA_VISIBLE_DEVICES: [0]
[I 2023-11-30 15:39:51,041] Trial 60 finished with value: 211.330810546875 and parameters: {'gradient_clip_val': 0.734939567004291, 'hidden_size': 49, 'dropout': 0.29391656895878854, 'hidden_continuous_size': 16, 'attention_head_size': 1, 'learning_rate': 0.009686301662361943}. Best is trial 50 with value: 209.88995361328125.
LOCAL_RANK: 0 - CUDA_VISIBLE_DEVICES: [0]
