[I 2023-11-30 12:50:53,596] Trial 52 finished with value: 95.29866790771484 and parameters: {'gradient_clip_val': 0.1371569512660124, 'hidden_size': 71, 'dropout': 0.1119360068526736, 'hidden_continuous_size': 29, 'attention_head_size': 4, 'learning_rate': 0.015616465329781691}. Best is trial 18 with value: 61.54024124145508.
LOCAL_RANK: 0 - CUDA_VISIBLE_DEVICES: [0]
[I 2023-11-30 12:51:06,544] Trial 53 finished with value: 101.8702621459961 and parameters: {'gradient_clip_val': 0.21323434414736706, 'hidden_size': 50, 'dropout': 0.1017949929725338, 'hidden_continuous_size': 20, 'attention_head_size': 3, 'learning_rate': 0.0051947731605728655}. Best is trial 18 with value: 61.54024124145508.
LOCAL_RANK: 0 - CUDA_VISIBLE_DEVICES: [0]
[I 2023-11-30 12:51:20,300] Trial 54 finished with value: 84.73602294921875 and parameters: {'gradient_clip_val': 0.14712460208553393, 'hidden_size': 81, 'dropout': 0.12387142282314535, 'hidden_continuous_size': 24, 'attention_head_size': 4, 'learning_rate': 0.008035364007658634}. Best is trial 18 with value: 61.54024124145508.
LOCAL_RANK: 0 - CUDA_VISIBLE_DEVICES: [0]
[I 2023-11-30 12:51:33,102] Trial 55 finished with value: 77.88703155517578 and parameters: {'gradient_clip_val': 0.1792630252274039, 'hidden_size': 41, 'dropout': 0.14054477386021091, 'hidden_continuous_size': 21, 'attention_head_size': 2, 'learning_rate': 0.013753080943242112}. Best is trial 18 with value: 61.54024124145508.
LOCAL_RANK: 0 - CUDA_VISIBLE_DEVICES: [0]
[I 2023-11-30 12:51:46,132] Trial 56 finished with value: 75.04871368408203 and parameters: {'gradient_clip_val': 0.2429158205726573, 'hidden_size': 57, 'dropout': 0.12061377098215122, 'hidden_continuous_size': 22, 'attention_head_size': 3, 'learning_rate': 0.009059689053776498}. Best is trial 18 with value: 61.54024124145508.
LOCAL_RANK: 0 - CUDA_VISIBLE_DEVICES: [0]
[I 2023-11-30 12:52:00,013] Trial 57 finished with value: 88.29801177978516 and parameters: {'gradient_clip_val': 0.9811218737359028, 'hidden_size': 97, 'dropout': 0.15061315179341317, 'hidden_continuous_size': 28, 'attention_head_size': 4, 'learning_rate': 0.019232776860824065}. Best is trial 18 with value: 61.54024124145508.
LOCAL_RANK: 0 - CUDA_VISIBLE_DEVICES: [0]
[I 2023-11-30 12:52:13,235] Trial 58 finished with value: 77.24801635742188 and parameters: {'gradient_clip_val': 0.20020429791866481, 'hidden_size': 69, 'dropout': 0.1694111412747047, 'hidden_continuous_size': 19, 'attention_head_size': 1, 'learning_rate': 0.023706614549084737}. Best is trial 18 with value: 61.54024124145508.
LOCAL_RANK: 0 - CUDA_VISIBLE_DEVICES: [0]
[I 2023-11-30 12:52:25,885] Trial 59 finished with value: 138.9311981201172 and parameters: {'gradient_clip_val': 0.17275740932576064, 'hidden_size': 36, 'dropout': 0.1366422104937361, 'hidden_continuous_size': 15, 'attention_head_size': 2, 'learning_rate': 0.0028282406262654}. Best is trial 18 with value: 61.54024124145508.
LOCAL_RANK: 0 - CUDA_VISIBLE_DEVICES: [0]
[I 2023-11-30 12:52:38,968] Trial 60 finished with value: 81.27152252197266 and parameters: {'gradient_clip_val': 0.3403180563545618, 'hidden_size': 53, 'dropout': 0.18112299594779221, 'hidden_continuous_size': 21, 'attention_head_size': 2, 'learning_rate': 0.003776202133511358}. Best is trial 18 with value: 61.54024124145508.
LOCAL_RANK: 0 - CUDA_VISIBLE_DEVICES: [0]
[I 2023-11-30 12:52:52,230] Trial 61 finished with value: 94.53282928466797 and parameters: {'gradient_clip_val': 0.15721164660403555, 'hidden_size': 61, 'dropout': 0.10119987724756668, 'hidden_continuous_size': 19, 'attention_head_size': 3, 'learning_rate': 0.011127342154292043}. Best is trial 18 with value: 61.54024124145508.
LOCAL_RANK: 0 - CUDA_VISIBLE_DEVICES: [0]
[I 2023-11-30 12:53:05,340] Trial 62 finished with value: 67.0195541381836 and parameters: {'gradient_clip_val': 0.11340659205944162, 'hidden_size': 57, 'dropout': 0.12818699908115905, 'hidden_continuous_size': 24, 'attention_head_size': 3, 'learning_rate': 0.013770433952642961}. Best is trial 18 with value: 61.54024124145508.
LOCAL_RANK: 0 - CUDA_VISIBLE_DEVICES: [0]
[I 2023-11-30 12:53:18,461] Trial 63 finished with value: 75.95404815673828 and parameters: {'gradient_clip_val': 0.11055641399034422, 'hidden_size': 54, 'dropout': 0.13109596327853132, 'hidden_continuous_size': 24, 'attention_head_size': 3, 'learning_rate': 0.009852393170801438}. Best is trial 18 with value: 61.54024124145508.
LOCAL_RANK: 0 - CUDA_VISIBLE_DEVICES: [0]
[I 2023-11-30 12:53:31,880] Trial 64 finished with value: 77.20518493652344 and parameters: {'gradient_clip_val': 0.10301839637422408, 'hidden_size': 81, 'dropout': 0.12351007021968888, 'hidden_continuous_size': 26, 'attention_head_size': 3, 'learning_rate': 0.015571685468380836}. Best is trial 18 with value: 61.54024124145508.
LOCAL_RANK: 0 - CUDA_VISIBLE_DEVICES: [0]
[I 2023-11-30 12:53:45,546] Trial 65 finished with value: 82.89623260498047 and parameters: {'gradient_clip_val': 0.13184826674812447, 'hidden_size': 66, 'dropout': 0.14939677496373188, 'hidden_continuous_size': 32, 'attention_head_size': 4, 'learning_rate': 0.006846617717454987}. Best is trial 18 with value: 61.54024124145508.
LOCAL_RANK: 0 - CUDA_VISIBLE_DEVICES: [0]
[I 2023-11-30 12:53:59,970] Trial 66 finished with value: 89.942626953125 and parameters: {'gradient_clip_val': 0.12228017076551737, 'hidden_size': 118, 'dropout': 0.15827014656920335, 'hidden_continuous_size': 85, 'attention_head_size': 3, 'learning_rate': 0.003090435452015818}. Best is trial 18 with value: 61.54024124145508.
LOCAL_RANK: 0 - CUDA_VISIBLE_DEVICES: [0]
[I 2023-11-30 12:54:12,754] Trial 67 finished with value: 127.75614166259766 and parameters: {'gradient_clip_val': 0.1312626525678164, 'hidden_size': 45, 'dropout': 0.11166474237595461, 'hidden_continuous_size': 16, 'attention_head_size': 2, 'learning_rate': 0.002285023911125247}. Best is trial 18 with value: 61.54024124145508.
LOCAL_RANK: 0 - CUDA_VISIBLE_DEVICES: [0]
[I 2023-11-30 12:54:26,368] Trial 68 finished with value: 78.65958404541016 and parameters: {'gradient_clip_val': 0.8749705498785281, 'hidden_size': 105, 'dropout': 0.13294149143948808, 'hidden_continuous_size': 13, 'attention_head_size': 3, 'learning_rate': 0.007621125864117961}. Best is trial 18 with value: 61.54024124145508.
LOCAL_RANK: 0 - CUDA_VISIBLE_DEVICES: [0]
[I 2023-11-30 12:54:39,650] Trial 69 finished with value: 160.5524444580078 and parameters: {'gradient_clip_val': 0.20866282932671312, 'hidden_size': 88, 'dropout': 0.16655641363310586, 'hidden_continuous_size': 28, 'attention_head_size': 1, 'learning_rate': 0.001179856090647561}. Best is trial 18 with value: 61.54024124145508.
LOCAL_RANK: 0 - CUDA_VISIBLE_DEVICES: [0]
[I 2023-11-30 12:54:53,815] Trial 70 finished with value: 80.74791717529297 and parameters: {'gradient_clip_val': 0.10681306019103837, 'hidden_size': 138, 'dropout': 0.24351072715595548, 'hidden_continuous_size': 12, 'attention_head_size': 2, 'learning_rate': 0.001845561247971516}. Best is trial 18 with value: 61.54024124145508.
LOCAL_RANK: 0 - CUDA_VISIBLE_DEVICES: [0]
[I 2023-11-30 12:55:06,967] Trial 71 finished with value: 69.8827896118164 and parameters: {'gradient_clip_val': 0.12325378588860286, 'hidden_size': 57, 'dropout': 0.1073101640188026, 'hidden_continuous_size': 22, 'attention_head_size': 3, 'learning_rate': 0.012970391359168177}. Best is trial 18 with value: 61.54024124145508.
LOCAL_RANK: 0 - CUDA_VISIBLE_DEVICES: [0]
[I 2023-11-30 12:55:20,467] Trial 72 finished with value: 67.65816497802734 and parameters: {'gradient_clip_val': 0.11198442895449305, 'hidden_size': 74, 'dropout': 0.10020896097886256, 'hidden_continuous_size': 25, 'attention_head_size': 3, 'learning_rate': 0.011257310940554434}. Best is trial 18 with value: 61.54024124145508.
LOCAL_RANK: 0 - CUDA_VISIBLE_DEVICES: [0]
[I 2023-11-30 12:55:33,910] Trial 73 finished with value: 79.00355529785156 and parameters: {'gradient_clip_val': 0.11157296635799659, 'hidden_size': 71, 'dropout': 0.11897403886875188, 'hidden_continuous_size': 24, 'attention_head_size': 3, 'learning_rate': 0.009758319113199885}. Best is trial 18 with value: 61.54024124145508.
LOCAL_RANK: 0 - CUDA_VISIBLE_DEVICES: [0]
[I 2023-11-30 12:55:47,338] Trial 74 finished with value: 79.70527648925781 and parameters: {'gradient_clip_val': 0.10112875153337007, 'hidden_size': 77, 'dropout': 0.12642547331339235, 'hidden_continuous_size': 27, 'attention_head_size': 3, 'learning_rate': 0.011364179256852229}. Best is trial 18 with value: 61.54024124145508.
LOCAL_RANK: 0 - CUDA_VISIBLE_DEVICES: [0]
[I 2023-11-30 12:56:00,902] Trial 75 finished with value: 79.59747314453125 and parameters: {'gradient_clip_val': 0.14674104074173985, 'hidden_size': 63, 'dropout': 0.1428771905486142, 'hidden_continuous_size': 25, 'attention_head_size': 4, 'learning_rate': 0.0024570378354414023}. Best is trial 18 with value: 61.54024124145508.
LOCAL_RANK: 0 - CUDA_VISIBLE_DEVICES: [0]
[I 2023-11-30 12:56:14,627] Trial 76 finished with value: 84.20648193359375 and parameters: {'gradient_clip_val': 0.1153298311614713, 'hidden_size': 94, 'dropout': 0.11695928574918323, 'hidden_continuous_size': 30, 'attention_head_size': 3, 'learning_rate': 0.005606861180319838}. Best is trial 18 with value: 61.54024124145508.
LOCAL_RANK: 0 - CUDA_VISIBLE_DEVICES: [0]
[I 2023-11-30 12:56:28,049] Trial 77 finished with value: 76.91134643554688 and parameters: {'gradient_clip_val': 0.12710395472571, 'hidden_size': 86, 'dropout': 0.10741673812841795, 'hidden_continuous_size': 17, 'attention_head_size': 2, 'learning_rate': 0.0047936969023319245}. Best is trial 18 with value: 61.54024124145508.
LOCAL_RANK: 0 - CUDA_VISIBLE_DEVICES: [0]
[I 2023-11-30 12:56:41,365] Trial 78 finished with value: 110.51993560791016 and parameters: {'gradient_clip_val': 0.12346624144453724, 'hidden_size': 98, 'dropout': 0.13694285247531812, 'hidden_continuous_size': 10, 'attention_head_size': 2, 'learning_rate': 0.0015569167651297052}. Best is trial 18 with value: 61.54024124145508.
LOCAL_RANK: 0 - CUDA_VISIBLE_DEVICES: [0]
[I 2023-11-30 12:56:54,900] Trial 79 finished with value: 77.4428939819336 and parameters: {'gradient_clip_val': 0.10944051074239325, 'hidden_size': 77, 'dropout': 0.12808579316137084, 'hidden_continuous_size': 18, 'attention_head_size': 3, 'learning_rate': 0.008495925562428425}. Best is trial 18 with value: 61.54024124145508.
LOCAL_RANK: 0 - CUDA_VISIBLE_DEVICES: [0]
[I 2023-11-30 12:57:08,223] Trial 80 finished with value: 76.64932250976562 and parameters: {'gradient_clip_val': 0.1382152903587384, 'hidden_size': 84, 'dropout': 0.10112371435403282, 'hidden_continuous_size': 23, 'attention_head_size': 1, 'learning_rate': 0.004397450087972852}. Best is trial 18 with value: 61.54024124145508.
LOCAL_RANK: 0 - CUDA_VISIBLE_DEVICES: [0]
[I 2023-11-30 12:57:21,434] Trial 81 finished with value: 86.824951171875 and parameters: {'gradient_clip_val': 0.16569229129705682, 'hidden_size': 61, 'dropout': 0.1171945363327787, 'hidden_continuous_size': 21, 'attention_head_size': 3, 'learning_rate': 0.01258447380043213}. Best is trial 18 with value: 61.54024124145508.
LOCAL_RANK: 0 - CUDA_VISIBLE_DEVICES: [0]
[I 2023-11-30 12:57:34,668] Trial 82 finished with value: 80.2446517944336 and parameters: {'gradient_clip_val': 0.14311219801052755, 'hidden_size': 50, 'dropout': 0.11000013567780441, 'hidden_continuous_size': 22, 'attention_head_size': 3, 'learning_rate': 0.010384650561780596}. Best is trial 18 with value: 61.54024124145508.
LOCAL_RANK: 0 - CUDA_VISIBLE_DEVICES: [0]
[I 2023-11-30 12:57:48,214] Trial 83 finished with value: 74.60921478271484 and parameters: {'gradient_clip_val': 0.19094864561870123, 'hidden_size': 66, 'dropout': 0.10201273932428852, 'hidden_continuous_size': 25, 'attention_head_size': 3, 'learning_rate': 0.014732283077061264}. Best is trial 18 with value: 61.54024124145508.
LOCAL_RANK: 0 - CUDA_VISIBLE_DEVICES: [0]
[I 2023-11-30 12:58:01,807] Trial 84 finished with value: 71.3414077758789 and parameters: {'gradient_clip_val': 0.11756753006782576, 'hidden_size': 72, 'dropout': 0.11897141916941921, 'hidden_continuous_size': 21, 'attention_head_size': 3, 'learning_rate': 0.011961820144992434}. Best is trial 18 with value: 61.54024124145508.
LOCAL_RANK: 0 - CUDA_VISIBLE_DEVICES: [0]
[I 2023-11-30 12:58:15,703] Trial 85 finished with value: 84.30286407470703 and parameters: {'gradient_clip_val': 0.2893376753806556, 'hidden_size': 105, 'dropout': 0.12586638912067777, 'hidden_continuous_size': 32, 'attention_head_size': 2, 'learning_rate': 0.016959299365988403}. Best is trial 18 with value: 61.54024124145508.
LOCAL_RANK: 0 - CUDA_VISIBLE_DEVICES: [0]
[I 2023-11-30 12:58:28,703] Trial 86 finished with value: 72.23111724853516 and parameters: {'gradient_clip_val': 0.1306001550636114, 'hidden_size': 56, 'dropout': 0.2004310137267215, 'hidden_continuous_size': 20, 'attention_head_size': 4, 'learning_rate': 0.013172945766951808}. Best is trial 18 with value: 61.54024124145508.
LOCAL_RANK: 0 - CUDA_VISIBLE_DEVICES: [0]
[I 2023-11-30 12:58:41,777] Trial 87 finished with value: 76.66532135009766 and parameters: {'gradient_clip_val': 0.16299237517712042, 'hidden_size': 59, 'dropout': 0.21884283646668612, 'hidden_continuous_size': 14, 'attention_head_size': 3, 'learning_rate': 0.017088649267850312}. Best is trial 18 with value: 61.54024124145508.
LOCAL_RANK: 0 - CUDA_VISIBLE_DEVICES: [0]
[I 2023-11-30 12:58:55,624] Trial 88 finished with value: 62.2618293762207 and parameters: {'gradient_clip_val': 0.2299226760621243, 'hidden_size': 122, 'dropout': 0.1473406249542479, 'hidden_continuous_size': 17, 'attention_head_size': 2, 'learning_rate': 0.021336930742038917}. Best is trial 18 with value: 61.54024124145508.
LOCAL_RANK: 0 - CUDA_VISIBLE_DEVICES: [0]
[I 2023-11-30 12:59:09,308] Trial 89 finished with value: 103.12879180908203 and parameters: {'gradient_clip_val': 0.23143494312605944, 'hidden_size': 116, 'dropout': 0.14663339501015452, 'hidden_continuous_size': 11, 'attention_head_size': 2, 'learning_rate': 0.01999202658251046}. Best is trial 18 with value: 61.54024124145508.
LOCAL_RANK: 0 - CUDA_VISIBLE_DEVICES: [0]
[I 2023-11-30 12:59:22,855] Trial 90 finished with value: 67.82572174072266 and parameters: {'gradient_clip_val': 0.2536853594476277, 'hidden_size': 124, 'dropout': 0.15621921835988795, 'hidden_continuous_size': 12, 'attention_head_size': 2, 'learning_rate': 0.021195771495952597}. Best is trial 18 with value: 61.54024124145508.
LOCAL_RANK: 0 - CUDA_VISIBLE_DEVICES: [0]
[I 2023-11-30 12:59:36,850] Trial 91 finished with value: 83.78679656982422 and parameters: {'gradient_clip_val': 0.255124108511553, 'hidden_size': 133, 'dropout': 0.15395279278360186, 'hidden_continuous_size': 12, 'attention_head_size': 2, 'learning_rate': 0.023481763893564316}. Best is trial 18 with value: 61.54024124145508.
LOCAL_RANK: 0 - CUDA_VISIBLE_DEVICES: [0]
[I 2023-11-30 12:59:50,674] Trial 92 finished with value: 71.2285385131836 and parameters: {'gradient_clip_val': 0.276990224236479, 'hidden_size': 121, 'dropout': 0.16206647682974473, 'hidden_continuous_size': 16, 'attention_head_size': 2, 'learning_rate': 0.022872570830203966}. Best is trial 18 with value: 61.54024124145508.
LOCAL_RANK: 0 - CUDA_VISIBLE_DEVICES: [0]
[I 2023-11-30 13:00:04,828] Trial 93 finished with value: 68.3622055053711 and parameters: {'gradient_clip_val': 0.24739221075691759, 'hidden_size': 139, 'dropout': 0.141813517465908, 'hidden_continuous_size': 18, 'attention_head_size': 2, 'learning_rate': 0.021424564443212824}. Best is trial 18 with value: 61.54024124145508.
LOCAL_RANK: 0 - CUDA_VISIBLE_DEVICES: [0]
[I 2023-11-30 13:00:19,048] Trial 94 finished with value: 101.50482177734375 and parameters: {'gradient_clip_val': 0.23530447196394605, 'hidden_size': 149, 'dropout': 0.13521096108554612, 'hidden_continuous_size': 10, 'attention_head_size': 2, 'learning_rate': 0.01440333882809128}. Best is trial 18 with value: 61.54024124145508.
LOCAL_RANK: 0 - CUDA_VISIBLE_DEVICES: [0]
[I 2023-11-30 13:00:32,831] Trial 95 finished with value: 73.4248046875 and parameters: {'gradient_clip_val': 0.32153064490306854, 'hidden_size': 126, 'dropout': 0.17245960453909598, 'hidden_continuous_size': 15, 'attention_head_size': 2, 'learning_rate': 0.025944075725366045}. Best is trial 18 with value: 61.54024124145508.
LOCAL_RANK: 0 - CUDA_VISIBLE_DEVICES: [0]
[I 2023-11-30 13:00:46,365] Trial 96 finished with value: 83.91576385498047 and parameters: {'gradient_clip_val': 0.2160915266053023, 'hidden_size': 110, 'dropout': 0.15585900123448096, 'hidden_continuous_size': 13, 'attention_head_size': 2, 'learning_rate': 0.026820948469001564}. Best is trial 18 with value: 61.54024124145508.
LOCAL_RANK: 0 - CUDA_VISIBLE_DEVICES: [0]
[I 2023-11-30 13:01:00,057] Trial 97 finished with value: 93.70272064208984 and parameters: {'gradient_clip_val': 0.20403452286692042, 'hidden_size': 123, 'dropout': 0.14732894435925498, 'hidden_continuous_size': 11, 'attention_head_size': 2, 'learning_rate': 0.001997370012231664}. Best is trial 18 with value: 61.54024124145508.
LOCAL_RANK: 0 - CUDA_VISIBLE_DEVICES: [0]
[I 2023-11-30 13:01:13,612] Trial 98 finished with value: 80.7632064819336 and parameters: {'gradient_clip_val': 0.2258109353493709, 'hidden_size': 94, 'dropout': 0.13802700976185708, 'hidden_continuous_size': 19, 'attention_head_size': 2, 'learning_rate': 0.017398499109397506}. Best is trial 18 with value: 61.54024124145508.
LOCAL_RANK: 0 - CUDA_VISIBLE_DEVICES: [0]
[I 2023-11-30 13:01:27,271] Trial 99 finished with value: 102.2814712524414 and parameters: {'gradient_clip_val': 0.2620699196314257, 'hidden_size': 102, 'dropout': 0.1773379016856188, 'hidden_continuous_size': 14, 'attention_head_size': 1, 'learning_rate': 0.009519712897975936}. Best is trial 18 with value: 61.54024124145508.
LOCAL_RANK: 0 - CUDA_VISIBLE_DEVICES: [0]
[I 2023-11-30 13:01:41,130] Trial 100 finished with value: 83.32323455810547 and parameters: {'gradient_clip_val': 0.2407496881331509, 'hidden_size': 111, 'dropout': 0.12790467177841203, 'hidden_continuous_size': 19, 'attention_head_size': 2, 'learning_rate': 0.0028167661624024965}. Best is trial 18 with value: 61.54024124145508.
LOCAL_RANK: 0 - CUDA_VISIBLE_DEVICES: [0]
[I 2023-11-30 13:01:55,127] Trial 101 finished with value: 81.47998809814453 and parameters: {'gradient_clip_val': 0.2505468238107745, 'hidden_size': 139, 'dropout': 0.14588818658622532, 'hidden_continuous_size': 17, 'attention_head_size': 2, 'learning_rate': 0.011212023506239623}. Best is trial 18 with value: 61.54024124145508.
LOCAL_RANK: 0 - CUDA_VISIBLE_DEVICES: [0]
[I 2023-11-30 13:02:09,178] Trial 102 finished with value: 130.34255981445312 and parameters: {'gradient_clip_val': 0.27796131919986267, 'hidden_size': 135, 'dropout': 0.14079053968258554, 'hidden_continuous_size': 18, 'attention_head_size': 2, 'learning_rate': 0.021583984172396067}. Best is trial 18 with value: 61.54024124145508.
LOCAL_RANK: 0 - CUDA_VISIBLE_DEVICES: [0]
[I 2023-11-30 13:02:23,218] Trial 103 finished with value: 64.19373321533203 and parameters: {'gradient_clip_val': 0.25172194332490544, 'hidden_size': 143, 'dropout': 0.1619748521934461, 'hidden_continuous_size': 15, 'attention_head_size': 2, 'learning_rate': 0.018319216090560177}. Best is trial 18 with value: 61.54024124145508.
LOCAL_RANK: 0 - CUDA_VISIBLE_DEVICES: [0]
[I 2023-11-30 13:02:37,382] Trial 104 finished with value: 59.35575485229492 and parameters: {'gradient_clip_val': 0.22164034450405393, 'hidden_size': 129, 'dropout': 0.16157929915303434, 'hidden_continuous_size': 13, 'attention_head_size': 2, 'learning_rate': 0.018567620258998562}. Best is trial 104 with value: 59.35575485229492.
LOCAL_RANK: 0 - CUDA_VISIBLE_DEVICES: [0]
[I 2023-11-30 13:02:51,242] Trial 105 finished with value: 114.8757553100586 and parameters: {'gradient_clip_val': 0.22050610357553413, 'hidden_size': 115, 'dropout': 0.16068530601173037, 'hidden_continuous_size': 16, 'attention_head_size': 2, 'learning_rate': 0.01394943102604157}. Best is trial 104 with value: 59.35575485229492.
LOCAL_RANK: 0 - CUDA_VISIBLE_DEVICES: [0]
[I 2023-11-30 13:03:04,752] Trial 106 finished with value: 62.757354736328125 and parameters: {'gradient_clip_val': 0.19836678776666306, 'hidden_size': 105, 'dropout': 0.16758494335199617, 'hidden_continuous_size': 14, 'attention_head_size': 2, 'learning_rate': 0.015717673071674942}. Best is trial 104 with value: 59.35575485229492.
LOCAL_RANK: 0 - CUDA_VISIBLE_DEVICES: [0]
[I 2023-11-30 13:03:18,640] Trial 107 finished with value: 80.41828155517578 and parameters: {'gradient_clip_val': 0.19555418397700713, 'hidden_size': 144, 'dropout': 0.16491736394027814, 'hidden_continuous_size': 15, 'attention_head_size': 2, 'learning_rate': 0.015759852016801214}. Best is trial 104 with value: 59.35575485229492.
LOCAL_RANK: 0 - CUDA_VISIBLE_DEVICES: [0]
[I 2023-11-30 13:03:31,986] Trial 108 finished with value: 64.55089569091797 and parameters: {'gradient_clip_val': 0.18332441696700258, 'hidden_size': 105, 'dropout': 0.17036777625329208, 'hidden_continuous_size': 13, 'attention_head_size': 2, 'learning_rate': 0.01803786149192861}. Best is trial 104 with value: 59.35575485229492.
LOCAL_RANK: 0 - CUDA_VISIBLE_DEVICES: [0]
[I 2023-11-30 13:03:45,771] Trial 109 finished with value: 84.004150390625 and parameters: {'gradient_clip_val': 0.20891025915598666, 'hidden_size': 128, 'dropout': 0.18231662981417374, 'hidden_continuous_size': 13, 'attention_head_size': 2, 'learning_rate': 0.018751919391704782}. Best is trial 104 with value: 59.35575485229492.
LOCAL_RANK: 0 - CUDA_VISIBLE_DEVICES: [0]
[I 2023-11-30 13:03:59,291] Trial 110 finished with value: 57.4621467590332 and parameters: {'gradient_clip_val': 0.1815463795323283, 'hidden_size': 102, 'dropout': 0.1717904083676123, 'hidden_continuous_size': 14, 'attention_head_size': 2, 'learning_rate': 0.019051298900176473}. Best is trial 110 with value: 57.4621467590332.
LOCAL_RANK: 0 - CUDA_VISIBLE_DEVICES: [0]
