[I 2023-11-30 13:41:40,716] Trial 136 finished with value: 371.7123107910156 and parameters: {'gradient_clip_val': 0.19126942459561824, 'hidden_size': 14, 'dropout': 0.20717282818905225, 'hidden_continuous_size': 12, 'attention_head_size': 3, 'learning_rate': 0.037653704372304135}. Best is trial 27 with value: 297.06573486328125.
LOCAL_RANK: 0 - CUDA_VISIBLE_DEVICES: [0]
[I 2023-11-30 13:41:54,338] Trial 137 finished with value: 388.0504455566406 and parameters: {'gradient_clip_val': 0.1672363515748632, 'hidden_size': 15, 'dropout': 0.12712020982482883, 'hidden_continuous_size': 10, 'attention_head_size': 4, 'learning_rate': 0.04729729382510778}. Best is trial 27 with value: 297.06573486328125.
LOCAL_RANK: 0 - CUDA_VISIBLE_DEVICES: [0]
[I 2023-11-30 13:42:07,260] Trial 138 finished with value: 373.3402404785156 and parameters: {'gradient_clip_val': 0.22431492715044984, 'hidden_size': 16, 'dropout': 0.16347196745599732, 'hidden_continuous_size': 15, 'attention_head_size': 2, 'learning_rate': 0.07863236005240079}. Best is trial 27 with value: 297.06573486328125.
LOCAL_RANK: 0 - CUDA_VISIBLE_DEVICES: [0]
[I 2023-11-30 13:42:20,503] Trial 139 finished with value: 693.5881958007812 and parameters: {'gradient_clip_val': 0.2438042500549576, 'hidden_size': 13, 'dropout': 0.14740297355900916, 'hidden_continuous_size': 11, 'attention_head_size': 3, 'learning_rate': 0.010460712618094307}. Best is trial 27 with value: 297.06573486328125.
LOCAL_RANK: 0 - CUDA_VISIBLE_DEVICES: [0]
[I 2023-11-30 13:42:33,971] Trial 140 finished with value: 347.9676208496094 and parameters: {'gradient_clip_val': 0.27561205228095986, 'hidden_size': 21, 'dropout': 0.18013253421950562, 'hidden_continuous_size': 15, 'attention_head_size': 2, 'learning_rate': 0.052053650820883285}. Best is trial 27 with value: 297.06573486328125.
LOCAL_RANK: 0 - CUDA_VISIBLE_DEVICES: [0]
[I 2023-11-30 13:42:47,443] Trial 141 finished with value: 348.8230895996094 and parameters: {'gradient_clip_val': 0.17586567915461457, 'hidden_size': 17, 'dropout': 0.160151204088153, 'hidden_continuous_size': 11, 'attention_head_size': 3, 'learning_rate': 0.043977580889948714}. Best is trial 27 with value: 297.06573486328125.
LOCAL_RANK: 0 - CUDA_VISIBLE_DEVICES: [0]
[I 2023-11-30 13:43:00,881] Trial 142 finished with value: 345.5056457519531 and parameters: {'gradient_clip_val': 0.1548129169209733, 'hidden_size': 19, 'dropout': 0.17467319221500366, 'hidden_continuous_size': 11, 'attention_head_size': 3, 'learning_rate': 0.04675144844253354}. Best is trial 27 with value: 297.06573486328125.
LOCAL_RANK: 0 - CUDA_VISIBLE_DEVICES: [0]
[I 2023-11-30 13:43:14,320] Trial 143 finished with value: 393.623291015625 and parameters: {'gradient_clip_val': 0.17531904396101924, 'hidden_size': 17, 'dropout': 0.17346068456351918, 'hidden_continuous_size': 12, 'attention_head_size': 3, 'learning_rate': 0.04007379045918556}. Best is trial 27 with value: 297.06573486328125.
LOCAL_RANK: 0 - CUDA_VISIBLE_DEVICES: [0]
[I 2023-11-30 13:43:27,869] Trial 144 finished with value: 309.1205139160156 and parameters: {'gradient_clip_val': 0.16236019338867058, 'hidden_size': 18, 'dropout': 0.18425700867639144, 'hidden_continuous_size': 13, 'attention_head_size': 3, 'learning_rate': 0.03571804802294957}. Best is trial 27 with value: 297.06573486328125.
LOCAL_RANK: 0 - CUDA_VISIBLE_DEVICES: [0]
[I 2023-11-30 13:43:41,149] Trial 145 finished with value: 351.1496887207031 and parameters: {'gradient_clip_val': 0.1617947051285192, 'hidden_size': 18, 'dropout': 0.1828163766726857, 'hidden_continuous_size': 13, 'attention_head_size': 3, 'learning_rate': 0.036612383895207594}. Best is trial 27 with value: 297.06573486328125.
LOCAL_RANK: 0 - CUDA_VISIBLE_DEVICES: [0]
[I 2023-11-30 13:43:55,494] Trial 146 finished with value: 389.0313415527344 and parameters: {'gradient_clip_val': 0.13179284944302638, 'hidden_size': 44, 'dropout': 0.13548080720422243, 'hidden_continuous_size': 27, 'attention_head_size': 3, 'learning_rate': 0.033673689595675495}. Best is trial 27 with value: 297.06573486328125.
LOCAL_RANK: 0 - CUDA_VISIBLE_DEVICES: [0]
[I 2023-11-30 13:44:08,720] Trial 147 finished with value: 387.3255310058594 and parameters: {'gradient_clip_val': 0.1873511886275499, 'hidden_size': 14, 'dropout': 0.1685882568519499, 'hidden_continuous_size': 12, 'attention_head_size': 4, 'learning_rate': 0.029302553062075874}. Best is trial 27 with value: 297.06573486328125.
LOCAL_RANK: 0 - CUDA_VISIBLE_DEVICES: [0]
[I 2023-11-30 13:44:22,164] Trial 148 finished with value: 369.4761962890625 and parameters: {'gradient_clip_val': 0.20556828786426007, 'hidden_size': 20, 'dropout': 0.1431735198351099, 'hidden_continuous_size': 13, 'attention_head_size': 3, 'learning_rate': 0.06514991817379985}. Best is trial 27 with value: 297.06573486328125.
LOCAL_RANK: 0 - CUDA_VISIBLE_DEVICES: [0]
[I 2023-11-30 13:44:35,237] Trial 149 finished with value: 353.116943359375 and parameters: {'gradient_clip_val': 0.14244336631974797, 'hidden_size': 18, 'dropout': 0.199833090585243, 'hidden_continuous_size': 13, 'attention_head_size': 2, 'learning_rate': 0.057911994169232546}. Best is trial 27 with value: 297.06573486328125.
[I 2023-11-30 13:44:35,363] A new study created in memory with name: no-name-dc6e484b-acf0-437f-a85d-4fe8bebf58ea
/home/le004/conda/anaconda3/envs/tsff_env/lib/python3.9/site-packages/lightning/fabric/plugins/environments/slurm.py:191: The `srun` command is available on your system but is not used. HINT: If your intention is to run Lightning on SLURM, prepend your python command with `srun` like so: srun python /home/le004/master_thesis/git/TSFusionForecast/code/ ...
LOCAL_RANK: 0 - CUDA_VISIBLE_DEVICES: [0]
[I 2023-11-30 13:44:50,068] Trial 0 finished with value: 168.8203887939453 and parameters: {'gradient_clip_val': 0.6330462979785628, 'hidden_size': 54, 'dropout': 0.19647149241412915, 'hidden_continuous_size': 19, 'attention_head_size': 3, 'learning_rate': 0.029629699557522798}. Best is trial 0 with value: 168.8203887939453.
LOCAL_RANK: 0 - CUDA_VISIBLE_DEVICES: [0]
[I 2023-11-30 13:45:05,452] Trial 1 finished with value: 85.38126373291016 and parameters: {'gradient_clip_val': 0.46278517509741085, 'hidden_size': 61, 'dropout': 0.33848547425907416, 'hidden_continuous_size': 32, 'attention_head_size': 4, 'learning_rate': 0.014906701468819583}. Best is trial 1 with value: 85.38126373291016.
LOCAL_RANK: 0 - CUDA_VISIBLE_DEVICES: [0]
[I 2023-11-30 13:45:19,079] Trial 2 finished with value: 155.8800506591797 and parameters: {'gradient_clip_val': 0.22607684354572524, 'hidden_size': 40, 'dropout': 0.3478565481734385, 'hidden_continuous_size': 20, 'attention_head_size': 4, 'learning_rate': 0.002251414234711498}. Best is trial 1 with value: 85.38126373291016.
LOCAL_RANK: 0 - CUDA_VISIBLE_DEVICES: [0]
[I 2023-11-30 13:45:33,839] Trial 3 finished with value: 78.0811767578125 and parameters: {'gradient_clip_val': 0.3233487064978296, 'hidden_size': 87, 'dropout': 0.14096663465041073, 'hidden_continuous_size': 14, 'attention_head_size': 1, 'learning_rate': 0.009927504851207183}. Best is trial 3 with value: 78.0811767578125.
LOCAL_RANK: 0 - CUDA_VISIBLE_DEVICES: [0]
[I 2023-11-30 13:45:47,484] Trial 4 finished with value: 107.34305572509766 and parameters: {'gradient_clip_val': 0.2123798557471863, 'hidden_size': 13, 'dropout': 0.15932459006368715, 'hidden_continuous_size': 10, 'attention_head_size': 2, 'learning_rate': 0.03907002545531041}. Best is trial 3 with value: 78.0811767578125.
LOCAL_RANK: 0 - CUDA_VISIBLE_DEVICES: [0]
[I 2023-11-30 13:46:01,267] Trial 5 finished with value: 128.42420959472656 and parameters: {'gradient_clip_val': 0.4916777413688484, 'hidden_size': 30, 'dropout': 0.38627531456088104, 'hidden_continuous_size': 13, 'attention_head_size': 1, 'learning_rate': 0.06756384067124505}. Best is trial 3 with value: 78.0811767578125.
LOCAL_RANK: 0 - CUDA_VISIBLE_DEVICES: [0]
[I 2023-11-30 13:46:15,348] Trial 6 finished with value: 71.4078369140625 and parameters: {'gradient_clip_val': 0.14346253346522658, 'hidden_size': 35, 'dropout': 0.23872838457127918, 'hidden_continuous_size': 12, 'attention_head_size': 4, 'learning_rate': 0.01880851062489136}. Best is trial 6 with value: 71.4078369140625.
LOCAL_RANK: 0 - CUDA_VISIBLE_DEVICES: [0]
[I 2023-11-30 13:46:28,240] Trial 7 finished with value: 178.4357147216797 and parameters: {'gradient_clip_val': 0.438652172970726, 'hidden_size': 12, 'dropout': 0.14146982109823797, 'hidden_continuous_size': 10, 'attention_head_size': 1, 'learning_rate': 0.0056496368294173555}. Best is trial 6 with value: 71.4078369140625.
LOCAL_RANK: 0 - CUDA_VISIBLE_DEVICES: [0]
[I 2023-11-30 13:46:41,753] Trial 8 finished with value: 74.94895935058594 and parameters: {'gradient_clip_val': 0.2485737927555328, 'hidden_size': 32, 'dropout': 0.24546734255030725, 'hidden_continuous_size': 19, 'attention_head_size': 1, 'learning_rate': 0.0489565680302132}. Best is trial 6 with value: 71.4078369140625.
LOCAL_RANK: 0 - CUDA_VISIBLE_DEVICES: [0]
[I 2023-11-30 13:46:54,699] Trial 9 finished with value: 77.82191467285156 and parameters: {'gradient_clip_val': 0.1563989828738758, 'hidden_size': 28, 'dropout': 0.21160720794285673, 'hidden_continuous_size': 13, 'attention_head_size': 1, 'learning_rate': 0.01918848523253594}. Best is trial 6 with value: 71.4078369140625.
LOCAL_RANK: 0 - CUDA_VISIBLE_DEVICES: [0]
[I 2023-11-30 13:47:10,595] Trial 10 finished with value: 114.06058502197266 and parameters: {'gradient_clip_val': 0.1079789715512179, 'hidden_size': 113, 'dropout': 0.2810576651165509, 'hidden_continuous_size': 92, 'attention_head_size': 3, 'learning_rate': 0.09397860612031862}. Best is trial 6 with value: 71.4078369140625.
LOCAL_RANK: 0 - CUDA_VISIBLE_DEVICES: [0]
[I 2023-11-30 13:47:23,842] Trial 11 finished with value: 78.18571472167969 and parameters: {'gradient_clip_val': 0.10150247909274307, 'hidden_size': 23, 'dropout': 0.25875200579472857, 'hidden_continuous_size': 11, 'attention_head_size': 2, 'learning_rate': 0.040992906782216045}. Best is trial 6 with value: 71.4078369140625.
LOCAL_RANK: 0 - CUDA_VISIBLE_DEVICES: [0]
[I 2023-11-30 13:47:37,446] Trial 12 finished with value: 88.5811767578125 and parameters: {'gradient_clip_val': 0.9874308535260902, 'hidden_size': 18, 'dropout': 0.230059222359151, 'hidden_continuous_size': 12, 'attention_head_size': 3, 'learning_rate': 0.026547693468733254}. Best is trial 6 with value: 71.4078369140625.
LOCAL_RANK: 0 - CUDA_VISIBLE_DEVICES: [0]
[I 2023-11-30 13:47:52,372] Trial 13 finished with value: 139.65943908691406 and parameters: {'gradient_clip_val': 0.17121321559190603, 'hidden_size': 41, 'dropout': 0.2807055073512829, 'hidden_continuous_size': 17, 'attention_head_size': 2, 'learning_rate': 0.05583106079948641}. Best is trial 6 with value: 71.4078369140625.
LOCAL_RANK: 0 - CUDA_VISIBLE_DEVICES: [0]
[I 2023-11-30 13:48:06,172] Trial 14 finished with value: 126.02435302734375 and parameters: {'gradient_clip_val': 0.2819047901576664, 'hidden_size': 20, 'dropout': 0.1876826460622912, 'hidden_continuous_size': 11, 'attention_head_size': 4, 'learning_rate': 0.08806218619534241}. Best is trial 6 with value: 71.4078369140625.
LOCAL_RANK: 0 - CUDA_VISIBLE_DEVICES: [0]
[I 2023-11-30 13:48:21,856] Trial 15 finished with value: 102.47274780273438 and parameters: {'gradient_clip_val': 0.13762108117049662, 'hidden_size': 148, 'dropout': 0.1019191709096697, 'hidden_continuous_size': 28, 'attention_head_size': 3, 'learning_rate': 0.010654850740862193}. Best is trial 6 with value: 71.4078369140625.
LOCAL_RANK: 0 - CUDA_VISIBLE_DEVICES: [0]
[I 2023-11-30 13:48:35,323] Trial 16 finished with value: 111.60891723632812 and parameters: {'gradient_clip_val': 0.195228637642062, 'hidden_size': 33, 'dropout': 0.24026358149229368, 'hidden_continuous_size': 15, 'attention_head_size': 2, 'learning_rate': 0.04745590397749506}. Best is trial 6 with value: 71.4078369140625.
LOCAL_RANK: 0 - CUDA_VISIBLE_DEVICES: [0]
[I 2023-11-30 13:48:49,783] Trial 17 finished with value: 109.08513641357422 and parameters: {'gradient_clip_val': 0.13735627684667912, 'hidden_size': 50, 'dropout': 0.27607726437898517, 'hidden_continuous_size': 16, 'attention_head_size': 4, 'learning_rate': 0.021548111434185533}. Best is trial 6 with value: 71.4078369140625.
LOCAL_RANK: 0 - CUDA_VISIBLE_DEVICES: [0]
[I 2023-11-30 13:49:03,293] Trial 18 finished with value: 89.34566497802734 and parameters: {'gradient_clip_val': 0.26055206557537713, 'hidden_size': 25, 'dropout': 0.24041024378040726, 'hidden_continuous_size': 12, 'attention_head_size': 2, 'learning_rate': 0.032867874815685864}. Best is trial 6 with value: 71.4078369140625.
LOCAL_RANK: 0 - CUDA_VISIBLE_DEVICES: [0]
[I 2023-11-30 13:49:16,777] Trial 19 finished with value: 116.10506439208984 and parameters: {'gradient_clip_val': 0.18392995338779436, 'hidden_size': 16, 'dropout': 0.3053254638080628, 'hidden_continuous_size': 11, 'attention_head_size': 3, 'learning_rate': 0.06229084605852797}. Best is trial 6 with value: 71.4078369140625.
LOCAL_RANK: 0 - CUDA_VISIBLE_DEVICES: [0]
[I 2023-11-30 13:49:28,270] Trial 20 finished with value: 235.7931671142578 and parameters: {'gradient_clip_val': 0.3171792080112315, 'hidden_size': 10, 'dropout': 0.21335532472566932, 'hidden_continuous_size': 10, 'attention_head_size': 4, 'learning_rate': 0.0011204764528403846}. Best is trial 6 with value: 71.4078369140625.
LOCAL_RANK: 0 - CUDA_VISIBLE_DEVICES: [0]
[I 2023-11-30 13:49:41,852] Trial 21 finished with value: 69.97176361083984 and parameters: {'gradient_clip_val': 0.1623304990494851, 'hidden_size': 28, 'dropout': 0.21564453516993354, 'hidden_continuous_size': 13, 'attention_head_size': 1, 'learning_rate': 0.019590636894087642}. Best is trial 21 with value: 69.97176361083984.
LOCAL_RANK: 0 - CUDA_VISIBLE_DEVICES: [0]
[I 2023-11-30 13:49:56,013] Trial 22 finished with value: 90.1754379272461 and parameters: {'gradient_clip_val': 0.13230450478699446, 'hidden_size': 34, 'dropout': 0.25307284643836175, 'hidden_continuous_size': 14, 'attention_head_size': 1, 'learning_rate': 0.0183419028813417}. Best is trial 21 with value: 69.97176361083984.
LOCAL_RANK: 0 - CUDA_VISIBLE_DEVICES: [0]
[I 2023-11-30 13:50:08,908] Trial 23 finished with value: 96.83557891845703 and parameters: {'gradient_clip_val': 0.16100692219541576, 'hidden_size': 24, 'dropout': 0.22231628545282678, 'hidden_continuous_size': 12, 'attention_head_size': 1, 'learning_rate': 0.02963763445886965}. Best is trial 21 with value: 69.97176361083984.
LOCAL_RANK: 0 - CUDA_VISIBLE_DEVICES: [0]
[I 2023-11-30 13:50:22,460] Trial 24 finished with value: 86.35519409179688 and parameters: {'gradient_clip_val': 0.2293455810039374, 'hidden_size': 40, 'dropout': 0.18741842881397006, 'hidden_continuous_size': 16, 'attention_head_size': 1, 'learning_rate': 0.012858748455137117}. Best is trial 21 with value: 69.97176361083984.
LOCAL_RANK: 0 - CUDA_VISIBLE_DEVICES: [0]
[I 2023-11-30 13:50:35,952] Trial 25 finished with value: 71.00346374511719 and parameters: {'gradient_clip_val': 0.117558609048901, 'hidden_size': 28, 'dropout': 0.2577470691297752, 'hidden_continuous_size': 13, 'attention_head_size': 2, 'learning_rate': 0.022596896106509688}. Best is trial 21 with value: 69.97176361083984.
LOCAL_RANK: 0 - CUDA_VISIBLE_DEVICES: [0]
[I 2023-11-30 13:50:49,262] Trial 26 finished with value: 155.78915405273438 and parameters: {'gradient_clip_val': 0.12193063402043072, 'hidden_size': 19, 'dropout': 0.26899798323084834, 'hidden_continuous_size': 13, 'attention_head_size': 2, 'learning_rate': 0.008383301347077701}. Best is trial 21 with value: 69.97176361083984.
LOCAL_RANK: 0 - CUDA_VISIBLE_DEVICES: [0]
[I 2023-11-30 13:51:03,471] Trial 27 finished with value: 67.18770599365234 and parameters: {'gradient_clip_val': 0.11521908029082377, 'hidden_size': 27, 'dropout': 0.30289126142263945, 'hidden_continuous_size': 12, 'attention_head_size': 2, 'learning_rate': 0.024124738550435072}. Best is trial 27 with value: 67.18770599365234.
LOCAL_RANK: 0 - CUDA_VISIBLE_DEVICES: [0]
[I 2023-11-30 13:51:16,722] Trial 28 finished with value: 107.4427490234375 and parameters: {'gradient_clip_val': 0.11510878828277488, 'hidden_size': 27, 'dropout': 0.30598678510889343, 'hidden_continuous_size': 11, 'attention_head_size': 2, 'learning_rate': 0.02544901035856234}. Best is trial 27 with value: 67.18770599365234.
LOCAL_RANK: 0 - CUDA_VISIBLE_DEVICES: [0]
[I 2023-11-30 13:51:30,060] Trial 29 finished with value: 78.31433868408203 and parameters: {'gradient_clip_val': 0.10004678684929363, 'hidden_size': 21, 'dropout': 0.29970703920077574, 'hidden_continuous_size': 13, 'attention_head_size': 2, 'learning_rate': 0.03556183001357718}. Best is trial 27 with value: 67.18770599365234.
LOCAL_RANK: 0 - CUDA_VISIBLE_DEVICES: [0]
[I 2023-11-30 13:51:43,317] Trial 30 finished with value: 102.90897369384766 and parameters: {'gradient_clip_val': 0.11792720414373051, 'hidden_size': 25, 'dropout': 0.19531508280176535, 'hidden_continuous_size': 14, 'attention_head_size': 2, 'learning_rate': 0.025722132435638805}. Best is trial 27 with value: 67.18770599365234.
LOCAL_RANK: 0 - CUDA_VISIBLE_DEVICES: [0]
[I 2023-11-30 13:51:56,699] Trial 31 finished with value: 76.16643524169922 and parameters: {'gradient_clip_val': 0.14991100466546112, 'hidden_size': 29, 'dropout': 0.25610066722042546, 'hidden_continuous_size': 12, 'attention_head_size': 3, 'learning_rate': 0.01626231556053571}. Best is trial 27 with value: 67.18770599365234.
LOCAL_RANK: 0 - CUDA_VISIBLE_DEVICES: [0]
[I 2023-11-30 13:52:10,687] Trial 32 finished with value: 139.52369689941406 and parameters: {'gradient_clip_val': 0.13011581024778163, 'hidden_size': 50, 'dropout': 0.23120412174456853, 'hidden_continuous_size': 17, 'attention_head_size': 3, 'learning_rate': 0.015159461515051997}. Best is trial 27 with value: 67.18770599365234.
LOCAL_RANK: 0 - CUDA_VISIBLE_DEVICES: [0]
[I 2023-11-30 13:52:24,570] Trial 33 finished with value: 90.96858978271484 and parameters: {'gradient_clip_val': 0.17637818830750268, 'hidden_size': 37, 'dropout': 0.3234906664525295, 'hidden_continuous_size': 10, 'attention_head_size': 2, 'learning_rate': 0.02273564512427152}. Best is trial 27 with value: 67.18770599365234.
LOCAL_RANK: 0 - CUDA_VISIBLE_DEVICES: [0]
[I 2023-11-30 13:52:38,849] Trial 34 finished with value: 103.120849609375 and parameters: {'gradient_clip_val': 0.14812685808375187, 'hidden_size': 43, 'dropout': 0.2903562338260157, 'hidden_continuous_size': 14, 'attention_head_size': 4, 'learning_rate': 0.013434841549290989}. Best is trial 27 with value: 67.18770599365234.
LOCAL_RANK: 0 - CUDA_VISIBLE_DEVICES: [0]
[I 2023-11-30 13:52:53,299] Trial 35 finished with value: 156.9125518798828 and parameters: {'gradient_clip_val': 0.1147968677376674, 'hidden_size': 68, 'dropout': 0.2606273063615812, 'hidden_continuous_size': 22, 'attention_head_size': 2, 'learning_rate': 0.03277418013679468}. Best is trial 27 with value: 67.18770599365234.
LOCAL_RANK: 0 - CUDA_VISIBLE_DEVICES: [0]
[I 2023-11-30 13:53:07,147] Trial 36 finished with value: 75.88189697265625 and parameters: {'gradient_clip_val': 0.1977159817577463, 'hidden_size': 35, 'dropout': 0.32595604561314123, 'hidden_continuous_size': 15, 'attention_head_size': 3, 'learning_rate': 0.022084844752160115}. Best is trial 27 with value: 67.18770599365234.
LOCAL_RANK: 0 - CUDA_VISIBLE_DEVICES: [0]
[I 2023-11-30 13:53:21,192] Trial 37 finished with value: 143.44151306152344 and parameters: {'gradient_clip_val': 0.12944056653634325, 'hidden_size': 30, 'dropout': 0.21184284189605168, 'hidden_continuous_size': 12, 'attention_head_size': 1, 'learning_rate': 0.007284608252770211}. Best is trial 27 with value: 67.18770599365234.
LOCAL_RANK: 0 - CUDA_VISIBLE_DEVICES: [0]
[I 2023-11-30 13:53:35,157] Trial 38 finished with value: 70.5676498413086 and parameters: {'gradient_clip_val': 0.15799112686883243, 'hidden_size': 22, 'dropout': 0.2701113937115475, 'hidden_continuous_size': 13, 'attention_head_size': 1, 'learning_rate': 0.017058707646565075}. Best is trial 27 with value: 67.18770599365234.
LOCAL_RANK: 0 - CUDA_VISIBLE_DEVICES: [0]
[I 2023-11-30 13:53:48,504] Trial 39 finished with value: 127.05135345458984 and parameters: {'gradient_clip_val': 0.1670696144710558, 'hidden_size': 17, 'dropout': 0.36171930053321316, 'hidden_continuous_size': 13, 'attention_head_size': 1, 'learning_rate': 0.011793090068682597}. Best is trial 27 with value: 67.18770599365234.
LOCAL_RANK: 0 - CUDA_VISIBLE_DEVICES: [0]
[I 2023-11-30 13:54:01,580] Trial 40 finished with value: 98.83382415771484 and parameters: {'gradient_clip_val': 0.2060486373711068, 'hidden_size': 22, 'dropout': 0.26824186692475, 'hidden_continuous_size': 13, 'attention_head_size': 1, 'learning_rate': 0.015561620204024127}. Best is trial 27 with value: 67.18770599365234.
LOCAL_RANK: 0 - CUDA_VISIBLE_DEVICES: [0]
[I 2023-11-30 13:54:15,581] Trial 41 finished with value: 88.5178451538086 and parameters: {'gradient_clip_val': 0.11102111479797735, 'hidden_size': 27, 'dropout': 0.2410096368988732, 'hidden_continuous_size': 12, 'attention_head_size': 1, 'learning_rate': 0.018492454814378206}. Best is trial 27 with value: 67.18770599365234.
LOCAL_RANK: 0 - CUDA_VISIBLE_DEVICES: [0]
[I 2023-11-30 13:54:28,948] Trial 42 finished with value: 102.39986419677734 and parameters: {'gradient_clip_val': 0.1477183738854934, 'hidden_size': 32, 'dropout': 0.2880626344539743, 'hidden_continuous_size': 11, 'attention_head_size': 1, 'learning_rate': 0.018022159412109207}. Best is trial 27 with value: 67.18770599365234.
LOCAL_RANK: 0 - CUDA_VISIBLE_DEVICES: [0]
[I 2023-11-30 13:54:42,952] Trial 43 finished with value: 80.28656768798828 and parameters: {'gradient_clip_val': 0.12380659205177492, 'hidden_size': 23, 'dropout': 0.25157049859603015, 'hidden_continuous_size': 13, 'attention_head_size': 2, 'learning_rate': 0.039654601380390585}. Best is trial 27 with value: 67.18770599365234.
LOCAL_RANK: 0 - CUDA_VISIBLE_DEVICES: [0]
