[I 2023-11-29 20:20:15,698] Trial 57 finished with value: 247.5873260498047 and parameters: {'gradient_clip_val': 0.16359755998171263, 'hidden_size': 117, 'dropout': 0.15629452150690984, 'hidden_continuous_size': 57, 'attention_head_size': 4, 'learning_rate': 0.03420928661155927}. Best is trial 44 with value: 184.1529083251953.
LOCAL_RANK: 0 - CUDA_VISIBLE_DEVICES: [0]
[I 2023-11-29 20:20:30,002] Trial 58 finished with value: 190.441650390625 and parameters: {'gradient_clip_val': 0.1997087233936489, 'hidden_size': 102, 'dropout': 0.1341062743611461, 'hidden_continuous_size': 84, 'attention_head_size': 3, 'learning_rate': 0.03875317830395874}. Best is trial 44 with value: 184.1529083251953.
LOCAL_RANK: 0 - CUDA_VISIBLE_DEVICES: [0]
[I 2023-11-29 20:20:43,799] Trial 59 finished with value: 198.9943389892578 and parameters: {'gradient_clip_val': 0.10760617257047551, 'hidden_size': 65, 'dropout': 0.1953190778184497, 'hidden_continuous_size': 60, 'attention_head_size': 4, 'learning_rate': 0.05877372140665711}. Best is trial 44 with value: 184.1529083251953.
LOCAL_RANK: 0 - CUDA_VISIBLE_DEVICES: [0]
[I 2023-11-29 20:20:57,932] Trial 60 finished with value: 219.6389617919922 and parameters: {'gradient_clip_val': 0.2222243086217394, 'hidden_size': 79, 'dropout': 0.1640304700913098, 'hidden_continuous_size': 71, 'attention_head_size': 3, 'learning_rate': 0.0707283606038904}. Best is trial 44 with value: 184.1529083251953.
LOCAL_RANK: 0 - CUDA_VISIBLE_DEVICES: [0]
[I 2023-11-29 20:21:12,059] Trial 61 finished with value: 223.42872619628906 and parameters: {'gradient_clip_val': 0.193565335922059, 'hidden_size': 100, 'dropout': 0.1384470256108158, 'hidden_continuous_size': 84, 'attention_head_size': 3, 'learning_rate': 0.037189931111860586}. Best is trial 44 with value: 184.1529083251953.
LOCAL_RANK: 0 - CUDA_VISIBLE_DEVICES: [0]
[I 2023-11-29 20:21:26,407] Trial 62 finished with value: 250.44970703125 and parameters: {'gradient_clip_val': 0.2570744233610612, 'hidden_size': 103, 'dropout': 0.1264064622103075, 'hidden_continuous_size': 88, 'attention_head_size': 3, 'learning_rate': 0.04639395356324999}. Best is trial 44 with value: 184.1529083251953.
LOCAL_RANK: 0 - CUDA_VISIBLE_DEVICES: [0]
[I 2023-11-29 20:21:40,445] Trial 63 finished with value: 258.4972229003906 and parameters: {'gradient_clip_val': 0.13347076806661481, 'hidden_size': 92, 'dropout': 0.14822309962179775, 'hidden_continuous_size': 80, 'attention_head_size': 3, 'learning_rate': 0.0529340788780257}. Best is trial 44 with value: 184.1529083251953.
LOCAL_RANK: 0 - CUDA_VISIBLE_DEVICES: [0]
[I 2023-11-29 20:21:54,807] Trial 64 finished with value: 189.2323760986328 and parameters: {'gradient_clip_val': 0.11711945815855274, 'hidden_size': 123, 'dropout': 0.13071479448921555, 'hidden_continuous_size': 98, 'attention_head_size': 3, 'learning_rate': 0.08326790563566457}. Best is trial 44 with value: 184.1529083251953.
LOCAL_RANK: 0 - CUDA_VISIBLE_DEVICES: [0]
[I 2023-11-29 20:22:09,425] Trial 65 finished with value: 194.5637969970703 and parameters: {'gradient_clip_val': 0.11666891664847123, 'hidden_size': 139, 'dropout': 0.15037363618103364, 'hidden_continuous_size': 102, 'attention_head_size': 3, 'learning_rate': 0.08929975723071709}. Best is trial 44 with value: 184.1529083251953.
LOCAL_RANK: 0 - CUDA_VISIBLE_DEVICES: [0]
[I 2023-11-29 20:22:23,971] Trial 66 finished with value: 200.5469970703125 and parameters: {'gradient_clip_val': 0.10658236530727642, 'hidden_size': 121, 'dropout': 0.17642781100446162, 'hidden_continuous_size': 103, 'attention_head_size': 2, 'learning_rate': 0.06849883078782067}. Best is trial 44 with value: 184.1529083251953.
LOCAL_RANK: 0 - CUDA_VISIBLE_DEVICES: [0]
[I 2023-11-29 20:22:38,910] Trial 67 finished with value: 291.7353210449219 and parameters: {'gradient_clip_val': 0.12119006659252508, 'hidden_size': 150, 'dropout': 0.10816893390595045, 'hidden_continuous_size': 119, 'attention_head_size': 4, 'learning_rate': 0.08491114096066187}. Best is trial 44 with value: 184.1529083251953.
LOCAL_RANK: 0 - CUDA_VISIBLE_DEVICES: [0]
[I 2023-11-29 20:22:53,170] Trial 68 finished with value: 193.8275909423828 and parameters: {'gradient_clip_val': 0.10215189272878487, 'hidden_size': 116, 'dropout': 0.1275796917193424, 'hidden_continuous_size': 91, 'attention_head_size': 3, 'learning_rate': 0.06022464979530524}. Best is trial 44 with value: 184.1529083251953.
LOCAL_RANK: 0 - CUDA_VISIBLE_DEVICES: [0]
[I 2023-11-29 20:23:07,379] Trial 69 finished with value: 191.5247802734375 and parameters: {'gradient_clip_val': 0.13761567456364704, 'hidden_size': 126, 'dropout': 0.11777260187861562, 'hidden_continuous_size': 66, 'attention_head_size': 2, 'learning_rate': 0.07711169479938308}. Best is trial 44 with value: 184.1529083251953.
LOCAL_RANK: 0 - CUDA_VISIBLE_DEVICES: [0]
[I 2023-11-29 20:23:21,481] Trial 70 finished with value: 213.0349884033203 and parameters: {'gradient_clip_val': 0.10835132834358295, 'hidden_size': 87, 'dropout': 0.141159599958567, 'hidden_continuous_size': 77, 'attention_head_size': 3, 'learning_rate': 0.05234542600424315}. Best is trial 44 with value: 184.1529083251953.
LOCAL_RANK: 0 - CUDA_VISIBLE_DEVICES: [0]
[I 2023-11-29 20:23:35,822] Trial 71 finished with value: 208.6935272216797 and parameters: {'gradient_clip_val': 0.11976832329138809, 'hidden_size': 103, 'dropout': 0.12956289597405193, 'hidden_continuous_size': 81, 'attention_head_size': 3, 'learning_rate': 0.038146984728068885}. Best is trial 44 with value: 184.1529083251953.
LOCAL_RANK: 0 - CUDA_VISIBLE_DEVICES: [0]
[I 2023-11-29 20:23:50,241] Trial 72 finished with value: 209.85577392578125 and parameters: {'gradient_clip_val': 0.15085865717653107, 'hidden_size': 114, 'dropout': 0.16137561667353081, 'hidden_continuous_size': 98, 'attention_head_size': 3, 'learning_rate': 0.040339801630039585}. Best is trial 44 with value: 184.1529083251953.
LOCAL_RANK: 0 - CUDA_VISIBLE_DEVICES: [0]
[I 2023-11-29 20:24:04,880] Trial 73 finished with value: 200.63720703125 and parameters: {'gradient_clip_val': 0.1298953832729776, 'hidden_size': 139, 'dropout': 0.13781127844643565, 'hidden_continuous_size': 114, 'attention_head_size': 3, 'learning_rate': 0.04647549298925911}. Best is trial 44 with value: 184.1529083251953.
LOCAL_RANK: 0 - CUDA_VISIBLE_DEVICES: [0]
[I 2023-11-29 20:24:19,050] Trial 74 finished with value: 290.4380798339844 and parameters: {'gradient_clip_val': 0.10686441057498712, 'hidden_size': 93, 'dropout': 0.12330034321061467, 'hidden_continuous_size': 75, 'attention_head_size': 3, 'learning_rate': 0.06955968430030866}. Best is trial 44 with value: 184.1529083251953.
LOCAL_RANK: 0 - CUDA_VISIBLE_DEVICES: [0]
[I 2023-11-29 20:24:33,375] Trial 75 finished with value: 191.8484649658203 and parameters: {'gradient_clip_val': 0.11522297559602063, 'hidden_size': 106, 'dropout': 0.15753958151141306, 'hidden_continuous_size': 89, 'attention_head_size': 3, 'learning_rate': 0.03163620348340363}. Best is trial 44 with value: 184.1529083251953.
LOCAL_RANK: 0 - CUDA_VISIBLE_DEVICES: [0]
[I 2023-11-29 20:24:47,759] Trial 76 finished with value: 227.23524475097656 and parameters: {'gradient_clip_val': 0.10151921770732429, 'hidden_size': 119, 'dropout': 0.11071818802637888, 'hidden_continuous_size': 68, 'attention_head_size': 3, 'learning_rate': 0.09091659817589012}. Best is trial 44 with value: 184.1529083251953.
LOCAL_RANK: 0 - CUDA_VISIBLE_DEVICES: [0]
[I 2023-11-29 20:25:01,905] Trial 77 finished with value: 198.52069091796875 and parameters: {'gradient_clip_val': 0.1442886459884876, 'hidden_size': 100, 'dropout': 0.16836772697174734, 'hidden_continuous_size': 83, 'attention_head_size': 3, 'learning_rate': 0.02672981872810151}. Best is trial 44 with value: 184.1529083251953.
LOCAL_RANK: 0 - CUDA_VISIBLE_DEVICES: [0]
[I 2023-11-29 20:25:16,334] Trial 78 finished with value: 196.7918701171875 and parameters: {'gradient_clip_val': 0.17182510720118666, 'hidden_size': 126, 'dropout': 0.13357568138495826, 'hidden_continuous_size': 98, 'attention_head_size': 4, 'learning_rate': 0.06070250841973159}. Best is trial 44 with value: 184.1529083251953.
LOCAL_RANK: 0 - CUDA_VISIBLE_DEVICES: [0]
[I 2023-11-29 20:25:30,561] Trial 79 finished with value: 212.4096221923828 and parameters: {'gradient_clip_val': 0.12954979164863165, 'hidden_size': 111, 'dropout': 0.14899540483828216, 'hidden_continuous_size': 90, 'attention_head_size': 2, 'learning_rate': 0.0307264182246781}. Best is trial 44 with value: 184.1529083251953.
LOCAL_RANK: 0 - CUDA_VISIBLE_DEVICES: [0]
[I 2023-11-29 20:25:44,623] Trial 80 finished with value: 224.4022674560547 and parameters: {'gradient_clip_val': 0.1234841470992952, 'hidden_size': 77, 'dropout': 0.1436067775887274, 'hidden_continuous_size': 72, 'attention_head_size': 4, 'learning_rate': 0.07668940135536251}. Best is trial 44 with value: 184.1529083251953.
LOCAL_RANK: 0 - CUDA_VISIBLE_DEVICES: [0]
[I 2023-11-29 20:25:58,977] Trial 81 finished with value: 245.0185546875 and parameters: {'gradient_clip_val': 0.13740076414853605, 'hidden_size': 124, 'dropout': 0.13551944066236843, 'hidden_continuous_size': 65, 'attention_head_size': 2, 'learning_rate': 0.09503224538664717}. Best is trial 44 with value: 184.1529083251953.
LOCAL_RANK: 0 - CUDA_VISIBLE_DEVICES: [0]
[I 2023-11-29 20:26:13,235] Trial 82 finished with value: 211.3727264404297 and parameters: {'gradient_clip_val': 0.11301370865290301, 'hidden_size': 135, 'dropout': 0.11621990937141523, 'hidden_continuous_size': 61, 'attention_head_size': 2, 'learning_rate': 0.07619903975420858}. Best is trial 44 with value: 184.1529083251953.
LOCAL_RANK: 0 - CUDA_VISIBLE_DEVICES: [0]
[I 2023-11-29 20:26:27,348] Trial 83 finished with value: 335.6711730957031 and parameters: {'gradient_clip_val': 0.1355678501448393, 'hidden_size': 86, 'dropout': 0.12159383851597877, 'hidden_continuous_size': 78, 'attention_head_size': 2, 'learning_rate': 0.05651164673365906}. Best is trial 44 with value: 184.1529083251953.
LOCAL_RANK: 0 - CUDA_VISIBLE_DEVICES: [0]
[I 2023-11-29 20:26:41,715] Trial 84 finished with value: 210.2891082763672 and parameters: {'gradient_clip_val': 0.10006877341653116, 'hidden_size': 126, 'dropout': 0.11046667446634141, 'hidden_continuous_size': 107, 'attention_head_size': 2, 'learning_rate': 0.06568158265655241}. Best is trial 44 with value: 184.1529083251953.
LOCAL_RANK: 0 - CUDA_VISIBLE_DEVICES: [0]
[I 2023-11-29 20:26:55,532] Trial 85 finished with value: 292.4024353027344 and parameters: {'gradient_clip_val': 0.11917476602978906, 'hidden_size': 96, 'dropout': 0.15394248578249994, 'hidden_continuous_size': 66, 'attention_head_size': 2, 'learning_rate': 0.08344528014648302}. Best is trial 44 with value: 184.1529083251953.
LOCAL_RANK: 0 - CUDA_VISIBLE_DEVICES: [0]
[I 2023-11-29 20:27:10,030] Trial 86 finished with value: 231.3133087158203 and parameters: {'gradient_clip_val': 0.10798002444361154, 'hidden_size': 143, 'dropout': 0.1193055559928557, 'hidden_continuous_size': 53, 'attention_head_size': 3, 'learning_rate': 0.04135398973109341}. Best is trial 44 with value: 184.1529083251953.
LOCAL_RANK: 0 - CUDA_VISIBLE_DEVICES: [0]
[I 2023-11-29 20:27:24,169] Trial 87 finished with value: 265.86224365234375 and parameters: {'gradient_clip_val': 0.15727195008428135, 'hidden_size': 112, 'dropout': 0.1309729451662791, 'hidden_continuous_size': 66, 'attention_head_size': 2, 'learning_rate': 0.05121231771890707}. Best is trial 44 with value: 184.1529083251953.
LOCAL_RANK: 0 - CUDA_VISIBLE_DEVICES: [0]
[I 2023-11-29 20:27:38,309] Trial 88 finished with value: 256.6134338378906 and parameters: {'gradient_clip_val': 0.14055842490227474, 'hidden_size': 89, 'dropout': 0.16629692053942913, 'hidden_continuous_size': 81, 'attention_head_size': 3, 'learning_rate': 0.07851202100991209}. Best is trial 44 with value: 184.1529083251953.
LOCAL_RANK: 0 - CUDA_VISIBLE_DEVICES: [0]
[I 2023-11-29 20:27:52,484] Trial 89 finished with value: 227.8970184326172 and parameters: {'gradient_clip_val': 0.12482556171325086, 'hidden_size': 105, 'dropout': 0.18221979842793992, 'hidden_continuous_size': 86, 'attention_head_size': 1, 'learning_rate': 0.02419871289478176}. Best is trial 44 with value: 184.1529083251953.
LOCAL_RANK: 0 - CUDA_VISIBLE_DEVICES: [0]
[I 2023-11-29 20:28:06,573] Trial 90 finished with value: 214.7423858642578 and parameters: {'gradient_clip_val': 0.11470025934884671, 'hidden_size': 132, 'dropout': 0.14210236604252785, 'hidden_continuous_size': 59, 'attention_head_size': 3, 'learning_rate': 0.09059705937286014}. Best is trial 44 with value: 184.1529083251953.
LOCAL_RANK: 0 - CUDA_VISIBLE_DEVICES: [0]
[I 2023-11-29 20:28:21,037] Trial 91 finished with value: 187.26258850097656 and parameters: {'gradient_clip_val': 0.11715485890482612, 'hidden_size': 107, 'dropout': 0.15796772393831576, 'hidden_continuous_size': 91, 'attention_head_size': 3, 'learning_rate': 0.03301981756327684}. Best is trial 44 with value: 184.1529083251953.
LOCAL_RANK: 0 - CUDA_VISIBLE_DEVICES: [0]
[I 2023-11-29 20:28:35,463] Trial 92 finished with value: 193.0345001220703 and parameters: {'gradient_clip_val': 0.10553863509154804, 'hidden_size': 122, 'dropout': 0.15061326153720261, 'hidden_continuous_size': 95, 'attention_head_size': 3, 'learning_rate': 0.0377330294642094}. Best is trial 44 with value: 184.1529083251953.
LOCAL_RANK: 0 - CUDA_VISIBLE_DEVICES: [0]
[I 2023-11-29 20:28:49,638] Trial 93 finished with value: 212.4294891357422 and parameters: {'gradient_clip_val': 0.11200043824835498, 'hidden_size': 99, 'dropout': 0.15958734740201505, 'hidden_continuous_size': 76, 'attention_head_size': 3, 'learning_rate': 0.03473885392325631}. Best is trial 44 with value: 184.1529083251953.
LOCAL_RANK: 0 - CUDA_VISIBLE_DEVICES: [0]
[I 2023-11-29 20:29:03,942] Trial 94 finished with value: 234.88653564453125 and parameters: {'gradient_clip_val': 0.1267245114735756, 'hidden_size': 113, 'dropout': 0.17023941238842738, 'hidden_continuous_size': 69, 'attention_head_size': 3, 'learning_rate': 0.04335115877391652}. Best is trial 44 with value: 184.1529083251953.
LOCAL_RANK: 0 - CUDA_VISIBLE_DEVICES: [0]
[I 2023-11-29 20:29:18,000] Trial 95 finished with value: 198.3876190185547 and parameters: {'gradient_clip_val': 0.1169987593314936, 'hidden_size': 82, 'dropout': 0.1344188931114738, 'hidden_continuous_size': 72, 'attention_head_size': 3, 'learning_rate': 0.028830213180738692}. Best is trial 44 with value: 184.1529083251953.
LOCAL_RANK: 0 - CUDA_VISIBLE_DEVICES: [0]
[I 2023-11-29 20:29:32,493] Trial 96 finished with value: 177.7484130859375 and parameters: {'gradient_clip_val': 0.13464336541501218, 'hidden_size': 95, 'dropout': 0.14633292539956944, 'hidden_continuous_size': 86, 'attention_head_size': 3, 'learning_rate': 0.07332510065154776}. Best is trial 96 with value: 177.7484130859375.
LOCAL_RANK: 0 - CUDA_VISIBLE_DEVICES: [0]
[I 2023-11-29 20:29:46,535] Trial 97 finished with value: 222.68408203125 and parameters: {'gradient_clip_val': 0.10010920636378631, 'hidden_size': 95, 'dropout': 0.14448926732805134, 'hidden_continuous_size': 86, 'attention_head_size': 3, 'learning_rate': 0.06387541042116364}. Best is trial 96 with value: 177.7484130859375.
LOCAL_RANK: 0 - CUDA_VISIBLE_DEVICES: [0]
[I 2023-11-29 20:30:00,652] Trial 98 finished with value: 221.83477783203125 and parameters: {'gradient_clip_val': 0.10666028612610172, 'hidden_size': 85, 'dropout': 0.1521650825076989, 'hidden_continuous_size': 79, 'attention_head_size': 3, 'learning_rate': 0.04889477930259343}. Best is trial 96 with value: 177.7484130859375.
LOCAL_RANK: 0 - CUDA_VISIBLE_DEVICES: [0]
[I 2023-11-29 20:30:14,676] Trial 99 finished with value: 180.46803283691406 and parameters: {'gradient_clip_val': 0.14975106942191474, 'hidden_size': 73, 'dropout': 0.16011883508809044, 'hidden_continuous_size': 69, 'attention_head_size': 3, 'learning_rate': 0.03313742095885262}. Best is trial 96 with value: 177.7484130859375.
LOCAL_RANK: 0 - CUDA_VISIBLE_DEVICES: [0]
[I 2023-11-29 20:30:28,770] Trial 100 finished with value: 190.7923583984375 and parameters: {'gradient_clip_val': 0.1504053912228425, 'hidden_size': 71, 'dropout': 0.17511524563889622, 'hidden_continuous_size': 68, 'attention_head_size': 3, 'learning_rate': 0.0559318851148832}. Best is trial 96 with value: 177.7484130859375.
LOCAL_RANK: 0 - CUDA_VISIBLE_DEVICES: [0]
[I 2023-11-29 20:30:42,960] Trial 101 finished with value: 196.8380584716797 and parameters: {'gradient_clip_val': 0.1315177206366983, 'hidden_size': 76, 'dropout': 0.16221156449857435, 'hidden_continuous_size': 73, 'attention_head_size': 3, 'learning_rate': 0.034401540371464916}. Best is trial 96 with value: 177.7484130859375.
LOCAL_RANK: 0 - CUDA_VISIBLE_DEVICES: [0]
[I 2023-11-29 20:30:57,311] Trial 102 finished with value: 212.6508026123047 and parameters: {'gradient_clip_val': 0.12137010086687179, 'hidden_size': 107, 'dropout': 0.15466203592814765, 'hidden_continuous_size': 90, 'attention_head_size': 3, 'learning_rate': 0.025998294638003357}. Best is trial 96 with value: 177.7484130859375.
LOCAL_RANK: 0 - CUDA_VISIBLE_DEVICES: [0]
[I 2023-11-29 20:31:11,291] Trial 103 finished with value: 291.1019592285156 and parameters: {'gradient_clip_val': 0.10982062091089322, 'hidden_size': 88, 'dropout': 0.14613366693571717, 'hidden_continuous_size': 82, 'attention_head_size': 3, 'learning_rate': 0.03062272116757137}. Best is trial 96 with value: 177.7484130859375.
LOCAL_RANK: 0 - CUDA_VISIBLE_DEVICES: [0]
[I 2023-11-29 20:31:25,696] Trial 104 finished with value: 203.8277587890625 and parameters: {'gradient_clip_val': 0.14434963202884613, 'hidden_size': 101, 'dropout': 0.13848868684719576, 'hidden_continuous_size': 93, 'attention_head_size': 3, 'learning_rate': 0.04477902164449599}. Best is trial 96 with value: 177.7484130859375.
LOCAL_RANK: 0 - CUDA_VISIBLE_DEVICES: [0]
[I 2023-11-29 20:31:39,805] Trial 105 finished with value: 333.4267272949219 and parameters: {'gradient_clip_val': 0.1165095339281629, 'hidden_size': 92, 'dropout': 0.12897396723981047, 'hidden_continuous_size': 84, 'attention_head_size': 3, 'learning_rate': 0.0708587741483122}. Best is trial 96 with value: 177.7484130859375.
LOCAL_RANK: 0 - CUDA_VISIBLE_DEVICES: [0]
[I 2023-11-29 20:31:54,059] Trial 106 finished with value: 189.6528778076172 and parameters: {'gradient_clip_val': 0.10585742345521135, 'hidden_size': 106, 'dropout': 0.1664368564227582, 'hidden_continuous_size': 63, 'attention_head_size': 3, 'learning_rate': 0.03995856126355944}. Best is trial 96 with value: 177.7484130859375.
LOCAL_RANK: 0 - CUDA_VISIBLE_DEVICES: [0]
[I 2023-11-29 20:32:08,130] Trial 107 finished with value: 196.5662078857422 and parameters: {'gradient_clip_val': 0.10638234939186747, 'hidden_size': 82, 'dropout': 0.179227307169193, 'hidden_continuous_size': 76, 'attention_head_size': 3, 'learning_rate': 0.09803946818397258}. Best is trial 96 with value: 177.7484130859375.
LOCAL_RANK: 0 - CUDA_VISIBLE_DEVICES: [0]
[I 2023-11-29 20:32:22,250] Trial 108 finished with value: 197.3449249267578 and parameters: {'gradient_clip_val': 0.10441866684086866, 'hidden_size': 118, 'dropout': 0.17052079820038563, 'hidden_continuous_size': 61, 'attention_head_size': 3, 'learning_rate': 0.08775888681455525}. Best is trial 96 with value: 177.7484130859375.
LOCAL_RANK: 0 - CUDA_VISIBLE_DEVICES: [0]
[I 2023-11-29 20:32:36,245] Trial 109 finished with value: 204.8864288330078 and parameters: {'gradient_clip_val': 0.12440525492032206, 'hidden_size': 95, 'dropout': 0.15933719952515138, 'hidden_continuous_size': 63, 'attention_head_size': 3, 'learning_rate': 0.032103662684906775}. Best is trial 96 with value: 177.7484130859375.
LOCAL_RANK: 0 - CUDA_VISIBLE_DEVICES: [0]
[I 2023-11-29 20:32:50,572] Trial 110 finished with value: 212.5521697998047 and parameters: {'gradient_clip_val': 0.11118076992500148, 'hidden_size': 108, 'dropout': 0.18625466132680296, 'hidden_continuous_size': 100, 'attention_head_size': 4, 'learning_rate': 0.06516745507484913}. Best is trial 96 with value: 177.7484130859375.
LOCAL_RANK: 0 - CUDA_VISIBLE_DEVICES: [0]
[I 2023-11-29 20:33:05,010] Trial 111 finished with value: 228.4313201904297 and parameters: {'gradient_clip_val': 0.13200338878525375, 'hidden_size': 102, 'dropout': 0.1647054859498462, 'hidden_continuous_size': 89, 'attention_head_size': 3, 'learning_rate': 0.04221431906510293}. Best is trial 96 with value: 177.7484130859375.
LOCAL_RANK: 0 - CUDA_VISIBLE_DEVICES: [0]
[I 2023-11-29 20:33:19,373] Trial 112 finished with value: 176.1137237548828 and parameters: {'gradient_clip_val': 0.11678460902160959, 'hidden_size': 116, 'dropout': 0.15245222821128204, 'hidden_continuous_size': 101, 'attention_head_size': 3, 'learning_rate': 0.03965261984719836}. Best is trial 112 with value: 176.1137237548828.
LOCAL_RANK: 0 - CUDA_VISIBLE_DEVICES: [0]
[I 2023-11-29 20:33:33,862] Trial 113 finished with value: 194.2882843017578 and parameters: {'gradient_clip_val': 0.1195578959471305, 'hidden_size': 115, 'dropout': 0.14812371346612038, 'hidden_continuous_size': 100, 'attention_head_size': 3, 'learning_rate': 0.03721623976149426}. Best is trial 112 with value: 176.1137237548828.
LOCAL_RANK: 0 - CUDA_VISIBLE_DEVICES: [0]
[I 2023-11-29 20:33:48,363] Trial 114 finished with value: 200.5247039794922 and parameters: {'gradient_clip_val': 0.11198765398988828, 'hidden_size': 131, 'dropout': 0.1560596359916049, 'hidden_continuous_size': 102, 'attention_head_size': 3, 'learning_rate': 0.050450005041342984}. Best is trial 112 with value: 176.1137237548828.
LOCAL_RANK: 0 - CUDA_VISIBLE_DEVICES: [0]
[I 2023-11-29 20:34:02,431] Trial 115 finished with value: 210.0933074951172 and parameters: {'gradient_clip_val': 0.1163605224693874, 'hidden_size': 79, 'dropout': 0.17072428473557108, 'hidden_continuous_size': 74, 'attention_head_size': 3, 'learning_rate': 0.027270907869253323}. Best is trial 112 with value: 176.1137237548828.
LOCAL_RANK: 0 - CUDA_VISIBLE_DEVICES: [0]
