[I 2023-11-30 08:41:23,537] Trial 144 finished with value: 40.27712631225586 and parameters: {'gradient_clip_val': 0.14770068388443133, 'hidden_size': 26, 'dropout': 0.1225019964361261, 'hidden_continuous_size': 24, 'attention_head_size': 3, 'learning_rate': 0.0803610622303804}. Best is trial 14 with value: 24.701669692993164.
LOCAL_RANK: 0 - CUDA_VISIBLE_DEVICES: [0]
[I 2023-11-30 08:41:36,154] Trial 145 finished with value: 41.442020416259766 and parameters: {'gradient_clip_val': 0.3987331040563217, 'hidden_size': 40, 'dropout': 0.1396442922155293, 'hidden_continuous_size': 21, 'attention_head_size': 3, 'learning_rate': 0.01586840059348661}. Best is trial 14 with value: 24.701669692993164.
LOCAL_RANK: 0 - CUDA_VISIBLE_DEVICES: [0]
[I 2023-11-30 08:41:49,150] Trial 146 finished with value: 43.26742172241211 and parameters: {'gradient_clip_val': 0.4696350438899587, 'hidden_size': 54, 'dropout': 0.11583790904745522, 'hidden_continuous_size': 12, 'attention_head_size': 3, 'learning_rate': 0.022049303114192984}. Best is trial 14 with value: 24.701669692993164.
LOCAL_RANK: 0 - CUDA_VISIBLE_DEVICES: [0]
[I 2023-11-30 08:42:01,748] Trial 147 finished with value: 35.646358489990234 and parameters: {'gradient_clip_val': 0.5099284051118376, 'hidden_size': 37, 'dropout': 0.2314093576450059, 'hidden_continuous_size': 14, 'attention_head_size': 2, 'learning_rate': 0.052871757251174774}. Best is trial 14 with value: 24.701669692993164.
LOCAL_RANK: 0 - CUDA_VISIBLE_DEVICES: [0]
[I 2023-11-30 08:42:14,626] Trial 148 finished with value: 34.22105026245117 and parameters: {'gradient_clip_val': 0.42052273111557975, 'hidden_size': 47, 'dropout': 0.2874998591649249, 'hidden_continuous_size': 11, 'attention_head_size': 3, 'learning_rate': 0.0436346240713926}. Best is trial 14 with value: 24.701669692993164.
LOCAL_RANK: 0 - CUDA_VISIBLE_DEVICES: [0]
[I 2023-11-30 08:42:27,546] Trial 149 finished with value: 27.191131591796875 and parameters: {'gradient_clip_val': 0.16302247897353073, 'hidden_size': 60, 'dropout': 0.24510744993353678, 'hidden_continuous_size': 15, 'attention_head_size': 1, 'learning_rate': 0.09158149074535568}. Best is trial 14 with value: 24.701669692993164.
[I 2023-11-30 08:42:27,656] A new study created in memory with name: no-name-2e241b1c-376b-45a1-98df-d836012cf5fc
/home/le004/conda/anaconda3/envs/tsff_env/lib/python3.9/site-packages/lightning/fabric/plugins/environments/slurm.py:191: The `srun` command is available on your system but is not used. HINT: If your intention is to run Lightning on SLURM, prepend your python command with `srun` like so: srun python /home/le004/master_thesis/git/TSFusionForecast/code/ ...
LOCAL_RANK: 0 - CUDA_VISIBLE_DEVICES: [0]
[I 2023-11-30 08:42:41,868] Trial 0 finished with value: 28.677276611328125 and parameters: {'gradient_clip_val': 0.10532402197721924, 'hidden_size': 134, 'dropout': 0.355861463762581, 'hidden_continuous_size': 29, 'attention_head_size': 4, 'learning_rate': 0.0023331698038908835}. Best is trial 0 with value: 28.677276611328125.
LOCAL_RANK: 0 - CUDA_VISIBLE_DEVICES: [0]
[I 2023-11-30 08:42:55,645] Trial 1 finished with value: 35.52885055541992 and parameters: {'gradient_clip_val': 0.13954055795952688, 'hidden_size': 92, 'dropout': 0.20941659911120913, 'hidden_continuous_size': 32, 'attention_head_size': 4, 'learning_rate': 0.002868155026142926}. Best is trial 0 with value: 28.677276611328125.
LOCAL_RANK: 0 - CUDA_VISIBLE_DEVICES: [0]
[I 2023-11-30 08:43:09,081] Trial 2 finished with value: 28.187753677368164 and parameters: {'gradient_clip_val': 0.20457227157364524, 'hidden_size': 72, 'dropout': 0.16602422702104083, 'hidden_continuous_size': 34, 'attention_head_size': 3, 'learning_rate': 0.006870573294497842}. Best is trial 2 with value: 28.187753677368164.
LOCAL_RANK: 0 - CUDA_VISIBLE_DEVICES: [0]
[I 2023-11-30 08:43:21,577] Trial 3 finished with value: 40.393733978271484 and parameters: {'gradient_clip_val': 0.3597404016057727, 'hidden_size': 36, 'dropout': 0.1750689477504785, 'hidden_continuous_size': 17, 'attention_head_size': 3, 'learning_rate': 0.00519749700321921}. Best is trial 2 with value: 28.187753677368164.
LOCAL_RANK: 0 - CUDA_VISIBLE_DEVICES: [0]
[I 2023-11-30 08:43:34,097] Trial 4 finished with value: 76.4854965209961 and parameters: {'gradient_clip_val': 0.4781736027166574, 'hidden_size': 31, 'dropout': 0.2694769703326558, 'hidden_continuous_size': 10, 'attention_head_size': 2, 'learning_rate': 0.0016720463346901362}. Best is trial 2 with value: 28.187753677368164.
LOCAL_RANK: 0 - CUDA_VISIBLE_DEVICES: [0]
[I 2023-11-30 08:43:46,462] Trial 5 finished with value: 32.993736267089844 and parameters: {'gradient_clip_val': 0.6741885212012201, 'hidden_size': 25, 'dropout': 0.3045470509558075, 'hidden_continuous_size': 12, 'attention_head_size': 4, 'learning_rate': 0.015450023189373706}. Best is trial 2 with value: 28.187753677368164.
LOCAL_RANK: 0 - CUDA_VISIBLE_DEVICES: [0]
[I 2023-11-30 08:43:59,200] Trial 6 finished with value: 29.50705909729004 and parameters: {'gradient_clip_val': 0.7524623133241317, 'hidden_size': 43, 'dropout': 0.18329017257554414, 'hidden_continuous_size': 20, 'attention_head_size': 2, 'learning_rate': 0.014553067489070029}. Best is trial 2 with value: 28.187753677368164.
LOCAL_RANK: 0 - CUDA_VISIBLE_DEVICES: [0]
[I 2023-11-30 08:44:10,999] Trial 7 finished with value: 26.925865173339844 and parameters: {'gradient_clip_val': 0.13924859117395746, 'hidden_size': 12, 'dropout': 0.14478456640906057, 'hidden_continuous_size': 11, 'attention_head_size': 1, 'learning_rate': 0.045054588872484466}. Best is trial 7 with value: 26.925865173339844.
LOCAL_RANK: 0 - CUDA_VISIBLE_DEVICES: [0]
[I 2023-11-30 08:44:23,829] Trial 8 finished with value: 25.27339744567871 and parameters: {'gradient_clip_val': 0.5939950894979018, 'hidden_size': 44, 'dropout': 0.3777360685602432, 'hidden_continuous_size': 22, 'attention_head_size': 3, 'learning_rate': 0.03535121495000073}. Best is trial 8 with value: 25.27339744567871.
LOCAL_RANK: 0 - CUDA_VISIBLE_DEVICES: [0]
[I 2023-11-30 08:44:35,925] Trial 9 finished with value: 28.727731704711914 and parameters: {'gradient_clip_val': 0.4503229560131341, 'hidden_size': 13, 'dropout': 0.3822341020495147, 'hidden_continuous_size': 10, 'attention_head_size': 3, 'learning_rate': 0.06171115757387906}. Best is trial 8 with value: 25.27339744567871.
LOCAL_RANK: 0 - CUDA_VISIBLE_DEVICES: [0]
[I 2023-11-30 08:44:49,512] Trial 10 finished with value: 29.405065536499023 and parameters: {'gradient_clip_val': 0.8913969665270768, 'hidden_size': 60, 'dropout': 0.1031514083326047, 'hidden_continuous_size': 44, 'attention_head_size': 1, 'learning_rate': 0.09933397878211017}. Best is trial 8 with value: 25.27339744567871.
LOCAL_RANK: 0 - CUDA_VISIBLE_DEVICES: [0]
[I 2023-11-30 08:45:01,550] Trial 11 finished with value: 27.043981552124023 and parameters: {'gradient_clip_val': 0.23760166406968322, 'hidden_size': 15, 'dropout': 0.3953221719593944, 'hidden_continuous_size': 11, 'attention_head_size': 1, 'learning_rate': 0.03577582257558467}. Best is trial 8 with value: 25.27339744567871.
LOCAL_RANK: 0 - CUDA_VISIBLE_DEVICES: [0]
[I 2023-11-30 08:45:11,871] Trial 12 finished with value: 42.197998046875 and parameters: {'gradient_clip_val': 0.21662267547085606, 'hidden_size': 10, 'dropout': 0.32316848951291294, 'hidden_continuous_size': 10, 'attention_head_size': 2, 'learning_rate': 0.02770852053130757}. Best is trial 8 with value: 25.27339744567871.
LOCAL_RANK: 0 - CUDA_VISIBLE_DEVICES: [0]
[I 2023-11-30 08:45:24,090] Trial 13 finished with value: 29.519689559936523 and parameters: {'gradient_clip_val': 0.3140712088536279, 'hidden_size': 22, 'dropout': 0.25210546301112824, 'hidden_continuous_size': 13, 'attention_head_size': 1, 'learning_rate': 0.03721640561909497}. Best is trial 8 with value: 25.27339744567871.
LOCAL_RANK: 0 - CUDA_VISIBLE_DEVICES: [0]
[I 2023-11-30 08:45:36,284] Trial 14 finished with value: 27.162551879882812 and parameters: {'gradient_clip_val': 0.9945749591730193, 'hidden_size': 19, 'dropout': 0.29871738613632987, 'hidden_continuous_size': 12, 'attention_head_size': 2, 'learning_rate': 0.024016035063491453}. Best is trial 8 with value: 25.27339744567871.
LOCAL_RANK: 0 - CUDA_VISIBLE_DEVICES: [0]
[I 2023-11-30 08:45:46,501] Trial 15 finished with value: 30.95867919921875 and parameters: {'gradient_clip_val': 0.14757332086686, 'hidden_size': 10, 'dropout': 0.3350806168954675, 'hidden_continuous_size': 10, 'attention_head_size': 3, 'learning_rate': 0.057865491604382244}. Best is trial 8 with value: 25.27339744567871.
LOCAL_RANK: 0 - CUDA_VISIBLE_DEVICES: [0]
[I 2023-11-30 08:45:59,221] Trial 16 finished with value: 25.057531356811523 and parameters: {'gradient_clip_val': 0.5804169609993439, 'hidden_size': 46, 'dropout': 0.2313159349609393, 'hidden_continuous_size': 15, 'attention_head_size': 1, 'learning_rate': 0.013188007320999494}. Best is trial 16 with value: 25.057531356811523.
LOCAL_RANK: 0 - CUDA_VISIBLE_DEVICES: [0]
[I 2023-11-30 08:46:12,171] Trial 17 finished with value: 30.793188095092773 and parameters: {'gradient_clip_val': 0.587362324160561, 'hidden_size': 53, 'dropout': 0.22119950031590468, 'hidden_continuous_size': 16, 'attention_head_size': 2, 'learning_rate': 0.01141092953632339}. Best is trial 16 with value: 25.057531356811523.
LOCAL_RANK: 0 - CUDA_VISIBLE_DEVICES: [0]
[I 2023-11-30 08:46:24,765] Trial 18 finished with value: 28.597055435180664 and parameters: {'gradient_clip_val': 0.564268517654983, 'hidden_size': 44, 'dropout': 0.26694596349868116, 'hidden_continuous_size': 24, 'attention_head_size': 3, 'learning_rate': 0.022075417631161318}. Best is trial 16 with value: 25.057531356811523.
LOCAL_RANK: 0 - CUDA_VISIBLE_DEVICES: [0]
[I 2023-11-30 08:46:37,178] Trial 19 finished with value: 32.96488571166992 and parameters: {'gradient_clip_val': 0.7370880884615706, 'hidden_size': 32, 'dropout': 0.35823716734968813, 'hidden_continuous_size': 15, 'attention_head_size': 4, 'learning_rate': 0.007993415978628151}. Best is trial 16 with value: 25.057531356811523.
LOCAL_RANK: 0 - CUDA_VISIBLE_DEVICES: [0]
[I 2023-11-30 08:46:50,238] Trial 20 finished with value: 27.84222984313965 and parameters: {'gradient_clip_val': 0.42851012037169994, 'hidden_size': 50, 'dropout': 0.22915984210077456, 'hidden_continuous_size': 20, 'attention_head_size': 1, 'learning_rate': 0.01717609898414606}. Best is trial 16 with value: 25.057531356811523.
LOCAL_RANK: 0 - CUDA_VISIBLE_DEVICES: [0]
[I 2023-11-30 08:47:02,446] Trial 21 finished with value: 30.964353561401367 and parameters: {'gradient_clip_val': 0.33819742513034967, 'hidden_size': 27, 'dropout': 0.12669288482291496, 'hidden_continuous_size': 14, 'attention_head_size': 1, 'learning_rate': 0.04505590492936609}. Best is trial 16 with value: 25.057531356811523.
LOCAL_RANK: 0 - CUDA_VISIBLE_DEVICES: [0]
[I 2023-11-30 08:47:15,098] Trial 22 finished with value: 26.969797134399414 and parameters: {'gradient_clip_val': 0.5503807258555842, 'hidden_size': 37, 'dropout': 0.28631899692182383, 'hidden_continuous_size': 18, 'attention_head_size': 1, 'learning_rate': 0.02565567301060283}. Best is trial 16 with value: 25.057531356811523.
LOCAL_RANK: 0 - CUDA_VISIBLE_DEVICES: [0]
[I 2023-11-30 08:47:27,111] Trial 23 finished with value: 33.086551666259766 and parameters: {'gradient_clip_val': 0.27486817682970993, 'hidden_size': 19, 'dropout': 0.24974053550291175, 'hidden_continuous_size': 13, 'attention_head_size': 2, 'learning_rate': 0.012060809609726495}. Best is trial 16 with value: 25.057531356811523.
LOCAL_RANK: 0 - CUDA_VISIBLE_DEVICES: [0]
[I 2023-11-30 08:47:39,589] Trial 24 finished with value: 28.557085037231445 and parameters: {'gradient_clip_val': 0.4135729958607743, 'hidden_size': 40, 'dropout': 0.15496483929136282, 'hidden_continuous_size': 15, 'attention_head_size': 1, 'learning_rate': 0.08101543208489395}. Best is trial 16 with value: 25.057531356811523.
LOCAL_RANK: 0 - CUDA_VISIBLE_DEVICES: [0]
[I 2023-11-30 08:47:52,146] Trial 25 finished with value: 28.922754287719727 and parameters: {'gradient_clip_val': 0.514413828472666, 'hidden_size': 30, 'dropout': 0.19120988224037655, 'hidden_continuous_size': 11, 'attention_head_size': 2, 'learning_rate': 0.04821559847529864}. Best is trial 16 with value: 25.057531356811523.
LOCAL_RANK: 0 - CUDA_VISIBLE_DEVICES: [0]
[I 2023-11-30 08:48:05,350] Trial 26 finished with value: 31.64583396911621 and parameters: {'gradient_clip_val': 0.38786314040339587, 'hidden_size': 64, 'dropout': 0.1436709968220176, 'hidden_continuous_size': 19, 'attention_head_size': 3, 'learning_rate': 0.034957480690094245}. Best is trial 16 with value: 25.057531356811523.
LOCAL_RANK: 0 - CUDA_VISIBLE_DEVICES: [0]
[I 2023-11-30 08:48:17,535] Trial 27 finished with value: 27.23363494873047 and parameters: {'gradient_clip_val': 0.6444510765169121, 'hidden_size': 25, 'dropout': 0.20663915860388674, 'hidden_continuous_size': 16, 'attention_head_size': 1, 'learning_rate': 0.06640857350184891}. Best is trial 16 with value: 25.057531356811523.
LOCAL_RANK: 0 - CUDA_VISIBLE_DEVICES: [0]
[I 2023-11-30 08:48:30,301] Trial 28 finished with value: 26.71735954284668 and parameters: {'gradient_clip_val': 0.49418396898168365, 'hidden_size': 44, 'dropout': 0.19533784232738846, 'hidden_continuous_size': 22, 'attention_head_size': 2, 'learning_rate': 0.01744876597051512}. Best is trial 16 with value: 25.057531356811523.
LOCAL_RANK: 0 - CUDA_VISIBLE_DEVICES: [0]
[I 2023-11-30 08:48:43,615] Trial 29 finished with value: 30.04791259765625 and parameters: {'gradient_clip_val': 0.46647699059577136, 'hidden_size': 80, 'dropout': 0.23485348444338025, 'hidden_continuous_size': 25, 'attention_head_size': 3, 'learning_rate': 0.018217154699455156}. Best is trial 16 with value: 25.057531356811523.
LOCAL_RANK: 0 - CUDA_VISIBLE_DEVICES: [0]
[I 2023-11-30 08:48:58,058] Trial 30 finished with value: 31.911340713500977 and parameters: {'gradient_clip_val': 0.8037641051762449, 'hidden_size': 107, 'dropout': 0.19599009177083282, 'hidden_continuous_size': 85, 'attention_head_size': 2, 'learning_rate': 0.008618301641443737}. Best is trial 16 with value: 25.057531356811523.
LOCAL_RANK: 0 - CUDA_VISIBLE_DEVICES: [0]
[I 2023-11-30 08:49:10,876] Trial 31 finished with value: 29.6391544342041 and parameters: {'gradient_clip_val': 0.6094011513081978, 'hidden_size': 49, 'dropout': 0.17229725962152528, 'hidden_continuous_size': 22, 'attention_head_size': 1, 'learning_rate': 0.030524943962133424}. Best is trial 16 with value: 25.057531356811523.
LOCAL_RANK: 0 - CUDA_VISIBLE_DEVICES: [0]
[I 2023-11-30 08:49:23,760] Trial 32 finished with value: 29.348840713500977 and parameters: {'gradient_clip_val': 0.5097613470480973, 'hidden_size': 55, 'dropout': 0.21781249052703266, 'hidden_continuous_size': 18, 'attention_head_size': 1, 'learning_rate': 0.018800458555881666}. Best is trial 16 with value: 25.057531356811523.
LOCAL_RANK: 0 - CUDA_VISIBLE_DEVICES: [0]
[I 2023-11-30 08:49:37,244] Trial 33 finished with value: 27.229232788085938 and parameters: {'gradient_clip_val': 0.1280166259107242, 'hidden_size': 68, 'dropout': 0.19266639465299237, 'hidden_continuous_size': 29, 'attention_head_size': 4, 'learning_rate': 0.023641770616294615}. Best is trial 16 with value: 25.057531356811523.
LOCAL_RANK: 0 - CUDA_VISIBLE_DEVICES: [0]
[I 2023-11-30 08:49:49,631] Trial 34 finished with value: 39.83256912231445 and parameters: {'gradient_clip_val': 0.10304581549735102, 'hidden_size': 36, 'dropout': 0.15756024634658214, 'hidden_continuous_size': 14, 'attention_head_size': 2, 'learning_rate': 0.004918904812984883}. Best is trial 16 with value: 25.057531356811523.
LOCAL_RANK: 0 - CUDA_VISIBLE_DEVICES: [0]
[I 2023-11-30 08:50:02,671] Trial 35 finished with value: 28.50322914123535 and parameters: {'gradient_clip_val': 0.3860198492909371, 'hidden_size': 43, 'dropout': 0.20528089501362626, 'hidden_continuous_size': 17, 'attention_head_size': 3, 'learning_rate': 0.047478521135177566}. Best is trial 16 with value: 25.057531356811523.
LOCAL_RANK: 0 - CUDA_VISIBLE_DEVICES: [0]
[I 2023-11-30 08:50:15,965] Trial 36 finished with value: 29.129663467407227 and parameters: {'gradient_clip_val': 0.6918823778973496, 'hidden_size': 77, 'dropout': 0.1758415294769367, 'hidden_continuous_size': 22, 'attention_head_size': 1, 'learning_rate': 0.014000438360917479}. Best is trial 16 with value: 25.057531356811523.
LOCAL_RANK: 0 - CUDA_VISIBLE_DEVICES: [0]
[I 2023-11-30 08:50:28,480] Trial 37 finished with value: 77.06934356689453 and parameters: {'gradient_clip_val': 0.49224068731344855, 'hidden_size': 34, 'dropout': 0.23274596786215937, 'hidden_continuous_size': 11, 'attention_head_size': 3, 'learning_rate': 0.0010146346329164444}. Best is trial 16 with value: 25.057531356811523.
LOCAL_RANK: 0 - CUDA_VISIBLE_DEVICES: [0]
[I 2023-11-30 08:50:41,342] Trial 38 finished with value: 26.864850997924805 and parameters: {'gradient_clip_val': 0.17144716952843614, 'hidden_size': 47, 'dropout': 0.20534568915165555, 'hidden_continuous_size': 20, 'attention_head_size': 2, 'learning_rate': 0.01076361004462187}. Best is trial 16 with value: 25.057531356811523.
LOCAL_RANK: 0 - CUDA_VISIBLE_DEVICES: [0]
[I 2023-11-30 08:50:54,089] Trial 39 finished with value: 33.21407699584961 and parameters: {'gradient_clip_val': 0.6443807367029963, 'hidden_size': 47, 'dropout': 0.2085210555052585, 'hidden_continuous_size': 20, 'attention_head_size': 2, 'learning_rate': 0.009741514620169993}. Best is trial 16 with value: 25.057531356811523.
LOCAL_RANK: 0 - CUDA_VISIBLE_DEVICES: [0]
[I 2023-11-30 08:51:07,116] Trial 40 finished with value: 28.317733764648438 and parameters: {'gradient_clip_val': 0.185304237477125, 'hidden_size': 56, 'dropout': 0.25115353029365145, 'hidden_continuous_size': 22, 'attention_head_size': 2, 'learning_rate': 0.006688372687483426}. Best is trial 16 with value: 25.057531356811523.
LOCAL_RANK: 0 - CUDA_VISIBLE_DEVICES: [0]
[I 2023-11-30 08:51:19,871] Trial 41 finished with value: 28.91253089904785 and parameters: {'gradient_clip_val': 0.16841821467181115, 'hidden_size': 40, 'dropout': 0.1906910233130792, 'hidden_continuous_size': 18, 'attention_head_size': 2, 'learning_rate': 0.01286010305282749}. Best is trial 16 with value: 25.057531356811523.
LOCAL_RANK: 0 - CUDA_VISIBLE_DEVICES: [0]
[I 2023-11-30 08:51:32,787] Trial 42 finished with value: 28.400283813476562 and parameters: {'gradient_clip_val': 0.12175435912046567, 'hidden_size': 46, 'dropout': 0.17180588027061489, 'hidden_continuous_size': 19, 'attention_head_size': 3, 'learning_rate': 0.019157060192130954}. Best is trial 16 with value: 25.057531356811523.
LOCAL_RANK: 0 - CUDA_VISIBLE_DEVICES: [0]
[I 2023-11-30 08:51:46,010] Trial 43 finished with value: 27.70476722717285 and parameters: {'gradient_clip_val': 0.11282041645717975, 'hidden_size': 59, 'dropout': 0.21832531003690683, 'hidden_continuous_size': 26, 'attention_head_size': 2, 'learning_rate': 0.014494917892144882}. Best is trial 16 with value: 25.057531356811523.
LOCAL_RANK: 0 - CUDA_VISIBLE_DEVICES: [0]
[I 2023-11-30 08:51:58,458] Trial 44 finished with value: 27.93737030029297 and parameters: {'gradient_clip_val': 0.15168169621463712, 'hidden_size': 40, 'dropout': 0.36706064624571366, 'hidden_continuous_size': 21, 'attention_head_size': 1, 'learning_rate': 0.028525414072139942}. Best is trial 16 with value: 25.057531356811523.
LOCAL_RANK: 0 - CUDA_VISIBLE_DEVICES: [0]
[I 2023-11-30 08:52:10,954] Trial 45 finished with value: 46.448486328125 and parameters: {'gradient_clip_val': 0.1665339469045251, 'hidden_size': 32, 'dropout': 0.3309176525634578, 'hidden_continuous_size': 12, 'attention_head_size': 4, 'learning_rate': 0.010337482667463978}. Best is trial 16 with value: 25.057531356811523.
LOCAL_RANK: 0 - CUDA_VISIBLE_DEVICES: [0]
[I 2023-11-30 08:52:24,073] Trial 46 finished with value: 29.75371551513672 and parameters: {'gradient_clip_val': 0.2134605420097087, 'hidden_size': 64, 'dropout': 0.39787181329136395, 'hidden_continuous_size': 16, 'attention_head_size': 2, 'learning_rate': 0.021371692074351425}. Best is trial 16 with value: 25.057531356811523.
LOCAL_RANK: 0 - CUDA_VISIBLE_DEVICES: [0]
[I 2023-11-30 08:52:37,132] Trial 47 finished with value: 26.257043838500977 and parameters: {'gradient_clip_val': 0.299654557384575, 'hidden_size': 50, 'dropout': 0.18308799181322769, 'hidden_continuous_size': 23, 'attention_head_size': 3, 'learning_rate': 0.015283216075878542}. Best is trial 16 with value: 25.057531356811523.
LOCAL_RANK: 0 - CUDA_VISIBLE_DEVICES: [0]
[I 2023-11-30 08:52:50,171] Trial 48 finished with value: 25.805908203125 and parameters: {'gradient_clip_val': 0.2935567381503471, 'hidden_size': 51, 'dropout': 0.28213676153352113, 'hidden_continuous_size': 24, 'attention_head_size': 3, 'learning_rate': 0.015781763668087985}. Best is trial 16 with value: 25.057531356811523.
LOCAL_RANK: 0 - CUDA_VISIBLE_DEVICES: [0]
[I 2023-11-30 08:53:03,218] Trial 49 finished with value: 28.332712173461914 and parameters: {'gradient_clip_val': 0.31053974216333735, 'hidden_size': 55, 'dropout': 0.30920378811858773, 'hidden_continuous_size': 24, 'attention_head_size': 3, 'learning_rate': 0.015405349302048508}. Best is trial 16 with value: 25.057531356811523.
LOCAL_RANK: 0 - CUDA_VISIBLE_DEVICES: [0]
[I 2023-11-30 08:53:16,172] Trial 50 finished with value: 28.48689842224121 and parameters: {'gradient_clip_val': 0.2723194337371706, 'hidden_size': 51, 'dropout': 0.3741533757247665, 'hidden_continuous_size': 27, 'attention_head_size': 3, 'learning_rate': 0.016146590067310014}. Best is trial 16 with value: 25.057531356811523.
LOCAL_RANK: 0 - CUDA_VISIBLE_DEVICES: [0]
