[I 2023-11-30 05:08:08,432] Trial 49 finished with value: 37.36177444458008 and parameters: {'gradient_clip_val': 0.227996037702027, 'hidden_size': 85, 'dropout': 0.15226048859009414, 'hidden_continuous_size': 19, 'attention_head_size': 2, 'learning_rate': 0.047457476963681404}. Best is trial 0 with value: 28.322851181030273.
LOCAL_RANK: 0 - CUDA_VISIBLE_DEVICES: [0]
[I 2023-11-30 05:08:21,378] Trial 50 finished with value: 32.00155258178711 and parameters: {'gradient_clip_val': 0.1977185792545478, 'hidden_size': 49, 'dropout': 0.38408079561106007, 'hidden_continuous_size': 18, 'attention_head_size': 3, 'learning_rate': 0.0777671674108718}. Best is trial 0 with value: 28.322851181030273.
LOCAL_RANK: 0 - CUDA_VISIBLE_DEVICES: [0]
[I 2023-11-30 05:08:34,967] Trial 51 finished with value: 25.17955207824707 and parameters: {'gradient_clip_val': 0.2568204014595874, 'hidden_size': 99, 'dropout': 0.39703744248170086, 'hidden_continuous_size': 24, 'attention_head_size': 2, 'learning_rate': 0.01898279789956885}. Best is trial 51 with value: 25.17955207824707.
LOCAL_RANK: 0 - CUDA_VISIBLE_DEVICES: [0]
[I 2023-11-30 05:08:48,829] Trial 52 finished with value: 32.200531005859375 and parameters: {'gradient_clip_val': 0.25722045976434943, 'hidden_size': 106, 'dropout': 0.3876987510098322, 'hidden_continuous_size': 21, 'attention_head_size': 2, 'learning_rate': 0.027413243753033487}. Best is trial 51 with value: 25.17955207824707.
LOCAL_RANK: 0 - CUDA_VISIBLE_DEVICES: [0]
[I 2023-11-30 05:09:02,871] Trial 53 finished with value: 30.83349609375 and parameters: {'gradient_clip_val': 0.2973541923041341, 'hidden_size': 134, 'dropout': 0.35142427542476756, 'hidden_continuous_size': 20, 'attention_head_size': 2, 'learning_rate': 0.03324203825619176}. Best is trial 51 with value: 25.17955207824707.
LOCAL_RANK: 0 - CUDA_VISIBLE_DEVICES: [0]
[I 2023-11-30 05:09:16,453] Trial 54 finished with value: 30.424123764038086 and parameters: {'gradient_clip_val': 0.22280591623087492, 'hidden_size': 95, 'dropout': 0.3693016004476083, 'hidden_continuous_size': 25, 'attention_head_size': 2, 'learning_rate': 0.0220297338583169}. Best is trial 51 with value: 25.17955207824707.
LOCAL_RANK: 0 - CUDA_VISIBLE_DEVICES: [0]
[I 2023-11-30 05:09:29,682] Trial 55 finished with value: 30.023366928100586 and parameters: {'gradient_clip_val': 0.18917798088895638, 'hidden_size': 77, 'dropout': 0.33458468969394595, 'hidden_continuous_size': 10, 'attention_head_size': 1, 'learning_rate': 0.017496749845763094}. Best is trial 51 with value: 25.17955207824707.
LOCAL_RANK: 0 - CUDA_VISIBLE_DEVICES: [0]
[I 2023-11-30 05:09:43,324] Trial 56 finished with value: 26.67854881286621 and parameters: {'gradient_clip_val': 0.16359688853282361, 'hidden_size': 112, 'dropout': 0.3924472712504134, 'hidden_continuous_size': 23, 'attention_head_size': 2, 'learning_rate': 0.011471854344723994}. Best is trial 51 with value: 25.17955207824707.
LOCAL_RANK: 0 - CUDA_VISIBLE_DEVICES: [0]
[I 2023-11-30 05:09:57,347] Trial 57 finished with value: 30.52675437927246 and parameters: {'gradient_clip_val': 0.15781798006655015, 'hidden_size': 133, 'dropout': 0.39017644472175517, 'hidden_continuous_size': 23, 'attention_head_size': 2, 'learning_rate': 0.009895335182172029}. Best is trial 51 with value: 25.17955207824707.
LOCAL_RANK: 0 - CUDA_VISIBLE_DEVICES: [0]
[I 2023-11-30 05:10:11,390] Trial 58 finished with value: 29.433700561523438 and parameters: {'gradient_clip_val': 0.16815197919713046, 'hidden_size': 111, 'dropout': 0.3997268803947399, 'hidden_continuous_size': 30, 'attention_head_size': 2, 'learning_rate': 0.013315423942874861}. Best is trial 51 with value: 25.17955207824707.
LOCAL_RANK: 0 - CUDA_VISIBLE_DEVICES: [0]
[I 2023-11-30 05:10:25,265] Trial 59 finished with value: 27.480987548828125 and parameters: {'gradient_clip_val': 0.13151633515844122, 'hidden_size': 116, 'dropout': 0.3695248169126492, 'hidden_continuous_size': 28, 'attention_head_size': 2, 'learning_rate': 0.011913473009455167}. Best is trial 51 with value: 25.17955207824707.
LOCAL_RANK: 0 - CUDA_VISIBLE_DEVICES: [0]
[I 2023-11-30 05:10:38,764] Trial 60 finished with value: 30.6171817779541 and parameters: {'gradient_clip_val': 0.12745362247540729, 'hidden_size': 92, 'dropout': 0.3701197163521789, 'hidden_continuous_size': 27, 'attention_head_size': 2, 'learning_rate': 0.012368364967329125}. Best is trial 51 with value: 25.17955207824707.
LOCAL_RANK: 0 - CUDA_VISIBLE_DEVICES: [0]
[I 2023-11-30 05:10:52,503] Trial 61 finished with value: 30.55375099182129 and parameters: {'gradient_clip_val': 0.1631086891797798, 'hidden_size': 111, 'dropout': 0.381850499038231, 'hidden_continuous_size': 33, 'attention_head_size': 2, 'learning_rate': 0.011856640858792603}. Best is trial 51 with value: 25.17955207824707.
LOCAL_RANK: 0 - CUDA_VISIBLE_DEVICES: [0]
[I 2023-11-30 05:11:06,367] Trial 62 finished with value: 29.4516544342041 and parameters: {'gradient_clip_val': 0.13695576696582712, 'hidden_size': 118, 'dropout': 0.39533747790655716, 'hidden_continuous_size': 25, 'attention_head_size': 2, 'learning_rate': 0.015627667181941047}. Best is trial 51 with value: 25.17955207824707.
LOCAL_RANK: 0 - CUDA_VISIBLE_DEVICES: [0]
[I 2023-11-30 05:11:20,641] Trial 63 finished with value: 30.805315017700195 and parameters: {'gradient_clip_val': 0.17240667389061995, 'hidden_size': 137, 'dropout': 0.35478051166261454, 'hidden_continuous_size': 31, 'attention_head_size': 2, 'learning_rate': 0.010385044130164224}. Best is trial 51 with value: 25.17955207824707.
LOCAL_RANK: 0 - CUDA_VISIBLE_DEVICES: [0]
[I 2023-11-30 05:11:34,489] Trial 64 finished with value: 32.510162353515625 and parameters: {'gradient_clip_val': 0.11715413342674469, 'hidden_size': 102, 'dropout': 0.3744704176378202, 'hidden_continuous_size': 37, 'attention_head_size': 2, 'learning_rate': 0.007705282492818363}. Best is trial 51 with value: 25.17955207824707.
LOCAL_RANK: 0 - CUDA_VISIBLE_DEVICES: [0]
[I 2023-11-30 05:11:48,162] Trial 65 finished with value: 29.518762588500977 and parameters: {'gradient_clip_val': 0.1465892958950936, 'hidden_size': 93, 'dropout': 0.36708652466488023, 'hidden_continuous_size': 28, 'attention_head_size': 2, 'learning_rate': 0.021438721513744412}. Best is trial 51 with value: 25.17955207824707.
LOCAL_RANK: 0 - CUDA_VISIBLE_DEVICES: [0]
[I 2023-11-30 05:12:02,067] Trial 66 finished with value: 28.18321418762207 and parameters: {'gradient_clip_val': 0.19226873988476617, 'hidden_size': 125, 'dropout': 0.39976634503982317, 'hidden_continuous_size': 31, 'attention_head_size': 2, 'learning_rate': 0.017720012222446537}. Best is trial 51 with value: 25.17955207824707.
LOCAL_RANK: 0 - CUDA_VISIBLE_DEVICES: [0]
[I 2023-11-30 05:12:15,927] Trial 67 finished with value: 29.619796752929688 and parameters: {'gradient_clip_val': 0.1873378936701041, 'hidden_size': 125, 'dropout': 0.34118952526875496, 'hidden_continuous_size': 42, 'attention_head_size': 2, 'learning_rate': 0.01817235987880582}. Best is trial 51 with value: 25.17955207824707.
LOCAL_RANK: 0 - CUDA_VISIBLE_DEVICES: [0]
[I 2023-11-30 05:12:29,536] Trial 68 finished with value: 33.353797912597656 and parameters: {'gradient_clip_val': 0.20908911735791422, 'hidden_size': 82, 'dropout': 0.3908550099962241, 'hidden_continuous_size': 24, 'attention_head_size': 2, 'learning_rate': 0.024902961224197034}. Best is trial 51 with value: 25.17955207824707.
LOCAL_RANK: 0 - CUDA_VISIBLE_DEVICES: [0]
[I 2023-11-30 05:12:43,730] Trial 69 finished with value: 31.449132919311523 and parameters: {'gradient_clip_val': 0.24241702495292222, 'hidden_size': 145, 'dropout': 0.36268853735644185, 'hidden_continuous_size': 22, 'attention_head_size': 2, 'learning_rate': 0.015254781567212132}. Best is trial 51 with value: 25.17955207824707.
LOCAL_RANK: 0 - CUDA_VISIBLE_DEVICES: [0]
[I 2023-11-30 05:12:57,474] Trial 70 finished with value: 32.5936393737793 and parameters: {'gradient_clip_val': 0.18122784655033158, 'hidden_size': 100, 'dropout': 0.3791434058717534, 'hidden_continuous_size': 27, 'attention_head_size': 2, 'learning_rate': 0.005935069096041305}. Best is trial 51 with value: 25.17955207824707.
LOCAL_RANK: 0 - CUDA_VISIBLE_DEVICES: [0]
[I 2023-11-30 05:13:11,365] Trial 71 finished with value: 27.712539672851562 and parameters: {'gradient_clip_val': 0.15253837526467898, 'hidden_size': 113, 'dropout': 0.39065900569283524, 'hidden_continuous_size': 30, 'attention_head_size': 2, 'learning_rate': 0.013508180412801225}. Best is trial 51 with value: 25.17955207824707.
LOCAL_RANK: 0 - CUDA_VISIBLE_DEVICES: [0]
[I 2023-11-30 05:13:25,114] Trial 72 finished with value: 31.59693717956543 and parameters: {'gradient_clip_val': 0.1607749367311662, 'hidden_size': 116, 'dropout': 0.3849605910763476, 'hidden_continuous_size': 32, 'attention_head_size': 2, 'learning_rate': 0.020200981028784107}. Best is trial 51 with value: 25.17955207824707.
LOCAL_RANK: 0 - CUDA_VISIBLE_DEVICES: [0]
[I 2023-11-30 05:13:39,167] Trial 73 finished with value: 28.425596237182617 and parameters: {'gradient_clip_val': 0.15197014633104944, 'hidden_size': 128, 'dropout': 0.39985075759946237, 'hidden_continuous_size': 35, 'attention_head_size': 2, 'learning_rate': 0.028193753715623104}. Best is trial 51 with value: 25.17955207824707.
LOCAL_RANK: 0 - CUDA_VISIBLE_DEVICES: [0]
[I 2023-11-30 05:13:53,251] Trial 74 finished with value: 29.32403564453125 and parameters: {'gradient_clip_val': 0.1512000782386116, 'hidden_size': 129, 'dropout': 0.39214424953130983, 'hidden_continuous_size': 34, 'attention_head_size': 2, 'learning_rate': 0.030011182627589776}. Best is trial 51 with value: 25.17955207824707.
LOCAL_RANK: 0 - CUDA_VISIBLE_DEVICES: [0]
[I 2023-11-30 05:14:07,026] Trial 75 finished with value: 32.71907043457031 and parameters: {'gradient_clip_val': 0.1420944246534597, 'hidden_size': 125, 'dropout': 0.39983878393287703, 'hidden_continuous_size': 29, 'attention_head_size': 2, 'learning_rate': 0.026030890262560988}. Best is trial 51 with value: 25.17955207824707.
LOCAL_RANK: 0 - CUDA_VISIBLE_DEVICES: [0]
[I 2023-11-30 05:14:21,195] Trial 76 finished with value: 27.7841796875 and parameters: {'gradient_clip_val': 0.13321598562169285, 'hidden_size': 141, 'dropout': 0.3742375960838566, 'hidden_continuous_size': 26, 'attention_head_size': 2, 'learning_rate': 0.015315634738580757}. Best is trial 51 with value: 25.17955207824707.
LOCAL_RANK: 0 - CUDA_VISIBLE_DEVICES: [0]
[I 2023-11-30 05:14:35,407] Trial 77 finished with value: 29.918352127075195 and parameters: {'gradient_clip_val': 0.13267241254302858, 'hidden_size': 150, 'dropout': 0.39030082496238083, 'hidden_continuous_size': 26, 'attention_head_size': 2, 'learning_rate': 0.016177681247009645}. Best is trial 51 with value: 25.17955207824707.
LOCAL_RANK: 0 - CUDA_VISIBLE_DEVICES: [0]
[I 2023-11-30 05:14:49,779] Trial 78 finished with value: 30.65189552307129 and parameters: {'gradient_clip_val': 0.12397933424727056, 'hidden_size': 138, 'dropout': 0.37535595166448293, 'hidden_continuous_size': 35, 'attention_head_size': 2, 'learning_rate': 0.01660454033808504}. Best is trial 51 with value: 25.17955207824707.
LOCAL_RANK: 0 - CUDA_VISIBLE_DEVICES: [0]
[I 2023-11-30 05:15:03,426] Trial 79 finished with value: 30.332061767578125 and parameters: {'gradient_clip_val': 0.15194515305667977, 'hidden_size': 116, 'dropout': 0.36604610975428736, 'hidden_continuous_size': 31, 'attention_head_size': 2, 'learning_rate': 0.018955125118781894}. Best is trial 51 with value: 25.17955207824707.
LOCAL_RANK: 0 - CUDA_VISIBLE_DEVICES: [0]
[I 2023-11-30 05:15:17,615] Trial 80 finished with value: 30.944252014160156 and parameters: {'gradient_clip_val': 0.10704230391319138, 'hidden_size': 140, 'dropout': 0.3840702454648295, 'hidden_continuous_size': 39, 'attention_head_size': 2, 'learning_rate': 0.013777087372001891}. Best is trial 51 with value: 25.17955207824707.
LOCAL_RANK: 0 - CUDA_VISIBLE_DEVICES: [0]
[I 2023-11-30 05:15:31,376] Trial 81 finished with value: 29.60088348388672 and parameters: {'gradient_clip_val': 0.14234120985995993, 'hidden_size': 128, 'dropout': 0.37467872285059667, 'hidden_continuous_size': 29, 'attention_head_size': 2, 'learning_rate': 0.02361007918274627}. Best is trial 51 with value: 25.17955207824707.
LOCAL_RANK: 0 - CUDA_VISIBLE_DEVICES: [0]
[I 2023-11-30 05:15:45,160] Trial 82 finished with value: 28.407310485839844 and parameters: {'gradient_clip_val': 0.17281703912002339, 'hidden_size': 106, 'dropout': 0.3555767627460275, 'hidden_continuous_size': 24, 'attention_head_size': 2, 'learning_rate': 0.011277891221050154}. Best is trial 51 with value: 25.17955207824707.
LOCAL_RANK: 0 - CUDA_VISIBLE_DEVICES: [0]
[I 2023-11-30 05:15:59,079] Trial 83 finished with value: 29.679885864257812 and parameters: {'gradient_clip_val': 0.17440129232360144, 'hidden_size': 110, 'dropout': 0.3914209672844677, 'hidden_continuous_size': 24, 'attention_head_size': 2, 'learning_rate': 0.010514446472383539}. Best is trial 51 with value: 25.17955207824707.
LOCAL_RANK: 0 - CUDA_VISIBLE_DEVICES: [0]
[I 2023-11-30 05:16:12,976] Trial 84 finished with value: 28.799287796020508 and parameters: {'gradient_clip_val': 0.15849859973626665, 'hidden_size': 118, 'dropout': 0.3579964333274729, 'hidden_continuous_size': 27, 'attention_head_size': 2, 'learning_rate': 0.014469930928091743}. Best is trial 51 with value: 25.17955207824707.
LOCAL_RANK: 0 - CUDA_VISIBLE_DEVICES: [0]
[I 2023-11-30 05:16:26,766] Trial 85 finished with value: 33.707176208496094 and parameters: {'gradient_clip_val': 0.1296988155062688, 'hidden_size': 104, 'dropout': 0.3493635144976702, 'hidden_continuous_size': 33, 'attention_head_size': 2, 'learning_rate': 0.01183776718667984}. Best is trial 51 with value: 25.17955207824707.
LOCAL_RANK: 0 - CUDA_VISIBLE_DEVICES: [0]
[I 2023-11-30 05:16:40,370] Trial 86 finished with value: 30.062530517578125 and parameters: {'gradient_clip_val': 0.1361722782711283, 'hidden_size': 128, 'dropout': 0.38339464639874904, 'hidden_continuous_size': 21, 'attention_head_size': 2, 'learning_rate': 0.02027128161008017}. Best is trial 51 with value: 25.17955207824707.
LOCAL_RANK: 0 - CUDA_VISIBLE_DEVICES: [0]
[I 2023-11-30 05:16:54,452] Trial 87 finished with value: 32.32119369506836 and parameters: {'gradient_clip_val': 0.16717399725100304, 'hidden_size': 139, 'dropout': 0.3990650306165296, 'hidden_continuous_size': 31, 'attention_head_size': 2, 'learning_rate': 0.01687189166504965}. Best is trial 51 with value: 25.17955207824707.
LOCAL_RANK: 0 - CUDA_VISIBLE_DEVICES: [0]
[I 2023-11-30 05:17:08,411] Trial 88 finished with value: 33.61874008178711 and parameters: {'gradient_clip_val': 0.18231891066958383, 'hidden_size': 98, 'dropout': 0.3658837641685258, 'hidden_continuous_size': 26, 'attention_head_size': 2, 'learning_rate': 0.009453523966364341}. Best is trial 51 with value: 25.17955207824707.
LOCAL_RANK: 0 - CUDA_VISIBLE_DEVICES: [0]
[I 2023-11-30 05:17:21,698] Trial 89 finished with value: 30.478347778320312 and parameters: {'gradient_clip_val': 0.19286492128824642, 'hidden_size': 88, 'dropout': 0.3759581666270833, 'hidden_continuous_size': 28, 'attention_head_size': 1, 'learning_rate': 0.0132543906583516}. Best is trial 51 with value: 25.17955207824707.
LOCAL_RANK: 0 - CUDA_VISIBLE_DEVICES: [0]
[I 2023-11-30 05:17:35,394] Trial 90 finished with value: 35.10525894165039 and parameters: {'gradient_clip_val': 0.15005089427354776, 'hidden_size': 106, 'dropout': 0.3935996432864562, 'hidden_continuous_size': 24, 'attention_head_size': 2, 'learning_rate': 0.02265686143796205}. Best is trial 51 with value: 25.17955207824707.
LOCAL_RANK: 0 - CUDA_VISIBLE_DEVICES: [0]
[I 2023-11-30 05:17:49,272] Trial 91 finished with value: 31.97594451904297 and parameters: {'gradient_clip_val': 0.20432326542375928, 'hidden_size': 120, 'dropout': 0.37972148144647283, 'hidden_continuous_size': 36, 'attention_head_size': 2, 'learning_rate': 0.01479841682913136}. Best is trial 51 with value: 25.17955207824707.
LOCAL_RANK: 0 - CUDA_VISIBLE_DEVICES: [0]
[I 2023-11-30 05:18:02,758] Trial 92 finished with value: 32.57551956176758 and parameters: {'gradient_clip_val': 0.1753686433175349, 'hidden_size': 93, 'dropout': 0.3715855379860681, 'hidden_continuous_size': 23, 'attention_head_size': 2, 'learning_rate': 0.03731195437375114}. Best is trial 51 with value: 25.17955207824707.
LOCAL_RANK: 0 - CUDA_VISIBLE_DEVICES: [0]
[I 2023-11-30 05:18:16,755] Trial 93 finished with value: 31.252153396606445 and parameters: {'gradient_clip_val': 0.12293123732455198, 'hidden_size': 115, 'dropout': 0.3554940167447533, 'hidden_continuous_size': 32, 'attention_head_size': 2, 'learning_rate': 0.03230435963808393}. Best is trial 51 with value: 25.17955207824707.
LOCAL_RANK: 0 - CUDA_VISIBLE_DEVICES: [0]
[I 2023-11-30 05:18:30,357] Trial 94 finished with value: 29.510995864868164 and parameters: {'gradient_clip_val': 0.13990517356798404, 'hidden_size': 106, 'dropout': 0.38207909850617067, 'hidden_continuous_size': 20, 'attention_head_size': 2, 'learning_rate': 0.01125840695759268}. Best is trial 51 with value: 25.17955207824707.
LOCAL_RANK: 0 - CUDA_VISIBLE_DEVICES: [0]
[I 2023-11-30 05:18:44,363] Trial 95 finished with value: 28.62616539001465 and parameters: {'gradient_clip_val': 0.21433461112622487, 'hidden_size': 129, 'dropout': 0.38765933651118745, 'hidden_continuous_size': 18, 'attention_head_size': 2, 'learning_rate': 0.018169951540406376}. Best is trial 51 with value: 25.17955207824707.
LOCAL_RANK: 0 - CUDA_VISIBLE_DEVICES: [0]
[I 2023-11-30 05:18:58,518] Trial 96 finished with value: 31.650848388671875 and parameters: {'gradient_clip_val': 0.15507715491352753, 'hidden_size': 145, 'dropout': 0.36338395839506243, 'hidden_continuous_size': 21, 'attention_head_size': 2, 'learning_rate': 0.041525598637382095}. Best is trial 51 with value: 25.17955207824707.
LOCAL_RANK: 0 - CUDA_VISIBLE_DEVICES: [0]
[I 2023-11-30 05:19:12,032] Trial 97 finished with value: 32.36967086791992 and parameters: {'gradient_clip_val': 0.14557842514507432, 'hidden_size': 100, 'dropout': 0.39238472220577336, 'hidden_continuous_size': 30, 'attention_head_size': 2, 'learning_rate': 0.012753831943491884}. Best is trial 51 with value: 25.17955207824707.
LOCAL_RANK: 0 - CUDA_VISIBLE_DEVICES: [0]
[I 2023-11-30 05:19:25,630] Trial 98 finished with value: 35.86114501953125 and parameters: {'gradient_clip_val': 0.1972397038958821, 'hidden_size': 88, 'dropout': 0.374813858876307, 'hidden_continuous_size': 28, 'attention_head_size': 3, 'learning_rate': 0.02745659613312773}. Best is trial 51 with value: 25.17955207824707.
LOCAL_RANK: 0 - CUDA_VISIBLE_DEVICES: [0]
[I 2023-11-30 05:19:39,624] Trial 99 finished with value: 27.1628475189209 and parameters: {'gradient_clip_val': 0.16375008639034247, 'hidden_size': 123, 'dropout': 0.3947696037169399, 'hidden_continuous_size': 22, 'attention_head_size': 2, 'learning_rate': 0.014596229653253232}. Best is trial 51 with value: 25.17955207824707.
LOCAL_RANK: 0 - CUDA_VISIBLE_DEVICES: [0]
[I 2023-11-30 05:19:53,656] Trial 100 finished with value: 29.34710121154785 and parameters: {'gradient_clip_val': 0.1655475994219596, 'hidden_size': 133, 'dropout': 0.39486339813663884, 'hidden_continuous_size': 22, 'attention_head_size': 2, 'learning_rate': 0.015184747083702845}. Best is trial 51 with value: 25.17955207824707.
LOCAL_RANK: 0 - CUDA_VISIBLE_DEVICES: [0]
[I 2023-11-30 05:20:07,579] Trial 101 finished with value: 29.784805297851562 and parameters: {'gradient_clip_val': 0.1334937607818653, 'hidden_size': 122, 'dropout': 0.3860692484920289, 'hidden_continuous_size': 25, 'attention_head_size': 2, 'learning_rate': 0.01121096556666039}. Best is trial 51 with value: 25.17955207824707.
LOCAL_RANK: 0 - CUDA_VISIBLE_DEVICES: [0]
[I 2023-11-30 05:20:21,418] Trial 102 finished with value: 35.7381706237793 and parameters: {'gradient_clip_val': 0.15658778683907798, 'hidden_size': 111, 'dropout': 0.3985905474987897, 'hidden_continuous_size': 26, 'attention_head_size': 2, 'learning_rate': 0.013506292993216014}. Best is trial 51 with value: 25.17955207824707.
LOCAL_RANK: 0 - CUDA_VISIBLE_DEVICES: [0]
[I 2023-11-30 05:20:35,117] Trial 103 finished with value: 28.66626739501953 and parameters: {'gradient_clip_val': 0.18390978582361817, 'hidden_size': 97, 'dropout': 0.3695442278163835, 'hidden_continuous_size': 19, 'attention_head_size': 2, 'learning_rate': 0.015824798882736673}. Best is trial 51 with value: 25.17955207824707.
LOCAL_RANK: 0 - CUDA_VISIBLE_DEVICES: [0]
[I 2023-11-30 05:20:48,902] Trial 104 finished with value: 31.476640701293945 and parameters: {'gradient_clip_val': 0.16709169695877438, 'hidden_size': 113, 'dropout': 0.3801242496233322, 'hidden_continuous_size': 24, 'attention_head_size': 2, 'learning_rate': 0.020350911444548342}. Best is trial 51 with value: 25.17955207824707.
LOCAL_RANK: 0 - CUDA_VISIBLE_DEVICES: [0]
[I 2023-11-30 05:21:02,561] Trial 105 finished with value: 30.81547737121582 and parameters: {'gradient_clip_val': 0.2627212847584925, 'hidden_size': 120, 'dropout': 0.3879679820316836, 'hidden_continuous_size': 16, 'attention_head_size': 2, 'learning_rate': 0.008835532973097639}. Best is trial 51 with value: 25.17955207824707.
LOCAL_RANK: 0 - CUDA_VISIBLE_DEVICES: [0]
[I 2023-11-30 05:21:16,639] Trial 106 finished with value: 29.52885627746582 and parameters: {'gradient_clip_val': 0.14553857578132134, 'hidden_size': 135, 'dropout': 0.39447995320212453, 'hidden_continuous_size': 23, 'attention_head_size': 2, 'learning_rate': 0.012421298505078487}. Best is trial 51 with value: 25.17955207824707.
LOCAL_RANK: 0 - CUDA_VISIBLE_DEVICES: [0]
[I 2023-11-30 05:21:30,569] Trial 107 finished with value: 30.745803833007812 and parameters: {'gradient_clip_val': 0.16151092842595688, 'hidden_size': 106, 'dropout': 0.36160220927355036, 'hidden_continuous_size': 26, 'attention_head_size': 3, 'learning_rate': 0.017158130193131116}. Best is trial 51 with value: 25.17955207824707.
LOCAL_RANK: 0 - CUDA_VISIBLE_DEVICES: [0]
