[I 2023-11-29 23:22:27,106] Trial 121 finished with value: 122.5955581665039 and parameters: {'gradient_clip_val': 0.1159590802145684, 'hidden_size': 65, 'dropout': 0.3086425283060616, 'hidden_continuous_size': 28, 'attention_head_size': 4, 'learning_rate': 0.03253935976334781}. Best is trial 65 with value: 104.5140151977539.
LOCAL_RANK: 0 - CUDA_VISIBLE_DEVICES: [0]
[I 2023-11-29 23:22:40,754] Trial 122 finished with value: 145.27024841308594 and parameters: {'gradient_clip_val': 0.10669847427784834, 'hidden_size': 70, 'dropout': 0.29187377346496723, 'hidden_continuous_size': 35, 'attention_head_size': 4, 'learning_rate': 0.038766090646982256}. Best is trial 65 with value: 104.5140151977539.
LOCAL_RANK: 0 - CUDA_VISIBLE_DEVICES: [0]
[I 2023-11-29 23:22:53,701] Trial 123 finished with value: 129.58746337890625 and parameters: {'gradient_clip_val': 0.11951708187644368, 'hidden_size': 60, 'dropout': 0.284118954300997, 'hidden_continuous_size': 12, 'attention_head_size': 4, 'learning_rate': 0.028261032933704026}. Best is trial 65 with value: 104.5140151977539.
LOCAL_RANK: 0 - CUDA_VISIBLE_DEVICES: [0]
[I 2023-11-29 23:23:07,185] Trial 124 finished with value: 105.14385223388672 and parameters: {'gradient_clip_val': 0.11066983935192128, 'hidden_size': 75, 'dropout': 0.3171138952666945, 'hidden_continuous_size': 11, 'attention_head_size': 4, 'learning_rate': 0.044613390783307005}. Best is trial 65 with value: 104.5140151977539.
LOCAL_RANK: 0 - CUDA_VISIBLE_DEVICES: [0]
[I 2023-11-29 23:23:20,401] Trial 125 finished with value: 127.12252044677734 and parameters: {'gradient_clip_val': 0.11082110587868628, 'hidden_size': 74, 'dropout': 0.33106308762403336, 'hidden_continuous_size': 10, 'attention_head_size': 4, 'learning_rate': 0.050948191340986736}. Best is trial 65 with value: 104.5140151977539.
LOCAL_RANK: 0 - CUDA_VISIBLE_DEVICES: [0]
[I 2023-11-29 23:23:33,746] Trial 126 finished with value: 109.91107177734375 and parameters: {'gradient_clip_val': 0.1039884497979781, 'hidden_size': 78, 'dropout': 0.32263859144947005, 'hidden_continuous_size': 11, 'attention_head_size': 4, 'learning_rate': 0.01704979841107412}. Best is trial 65 with value: 104.5140151977539.
LOCAL_RANK: 0 - CUDA_VISIBLE_DEVICES: [0]
[I 2023-11-29 23:23:46,835] Trial 127 finished with value: 102.46026611328125 and parameters: {'gradient_clip_val': 0.10039519970933118, 'hidden_size': 74, 'dropout': 0.3272544997490907, 'hidden_continuous_size': 11, 'attention_head_size': 4, 'learning_rate': 0.013937072506658732}. Best is trial 127 with value: 102.46026611328125.
LOCAL_RANK: 0 - CUDA_VISIBLE_DEVICES: [0]
[I 2023-11-29 23:23:59,993] Trial 128 finished with value: 119.7566909790039 and parameters: {'gradient_clip_val': 0.10245775005032755, 'hidden_size': 76, 'dropout': 0.32119215176348465, 'hidden_continuous_size': 11, 'attention_head_size': 2, 'learning_rate': 0.016810487312162413}. Best is trial 127 with value: 102.46026611328125.
LOCAL_RANK: 0 - CUDA_VISIBLE_DEVICES: [0]
[I 2023-11-29 23:24:13,577] Trial 129 finished with value: 121.399169921875 and parameters: {'gradient_clip_val': 0.12375862911189382, 'hidden_size': 87, 'dropout': 0.3385619269719698, 'hidden_continuous_size': 11, 'attention_head_size': 4, 'learning_rate': 0.015827931028362396}. Best is trial 127 with value: 102.46026611328125.
LOCAL_RANK: 0 - CUDA_VISIBLE_DEVICES: [0]
[I 2023-11-29 23:24:27,048] Trial 130 finished with value: 111.49628448486328 and parameters: {'gradient_clip_val': 0.1091418295670894, 'hidden_size': 79, 'dropout': 0.32766938783095134, 'hidden_continuous_size': 10, 'attention_head_size': 4, 'learning_rate': 0.013755739384321126}. Best is trial 127 with value: 102.46026611328125.
LOCAL_RANK: 0 - CUDA_VISIBLE_DEVICES: [0]
[I 2023-11-29 23:24:40,244] Trial 131 finished with value: 132.85107421875 and parameters: {'gradient_clip_val': 0.10953588533902146, 'hidden_size': 78, 'dropout': 0.32882002221179757, 'hidden_continuous_size': 10, 'attention_head_size': 4, 'learning_rate': 0.014556618951109974}. Best is trial 127 with value: 102.46026611328125.
LOCAL_RANK: 0 - CUDA_VISIBLE_DEVICES: [0]
[I 2023-11-29 23:24:53,632] Trial 132 finished with value: 111.27214813232422 and parameters: {'gradient_clip_val': 0.10712506731888123, 'hidden_size': 83, 'dropout': 0.323596122591742, 'hidden_continuous_size': 10, 'attention_head_size': 4, 'learning_rate': 0.013982693846602076}. Best is trial 127 with value: 102.46026611328125.
LOCAL_RANK: 0 - CUDA_VISIBLE_DEVICES: [0]
[I 2023-11-29 23:25:07,119] Trial 133 finished with value: 118.2901840209961 and parameters: {'gradient_clip_val': 0.10029333247026581, 'hidden_size': 82, 'dropout': 0.32477896057987654, 'hidden_continuous_size': 10, 'attention_head_size': 4, 'learning_rate': 0.013924868520401073}. Best is trial 127 with value: 102.46026611328125.
LOCAL_RANK: 0 - CUDA_VISIBLE_DEVICES: [0]
[I 2023-11-29 23:25:20,765] Trial 134 finished with value: 122.7365951538086 and parameters: {'gradient_clip_val': 0.1073320253786217, 'hidden_size': 90, 'dropout': 0.33652190604387744, 'hidden_continuous_size': 11, 'attention_head_size': 4, 'learning_rate': 0.012985019769302709}. Best is trial 127 with value: 102.46026611328125.
LOCAL_RANK: 0 - CUDA_VISIBLE_DEVICES: [0]
[I 2023-11-29 23:25:34,066] Trial 135 finished with value: 107.52320098876953 and parameters: {'gradient_clip_val': 0.12970315273509475, 'hidden_size': 77, 'dropout': 0.3200475749884901, 'hidden_continuous_size': 10, 'attention_head_size': 4, 'learning_rate': 0.017562439302254682}. Best is trial 127 with value: 102.46026611328125.
LOCAL_RANK: 0 - CUDA_VISIBLE_DEVICES: [0]
[I 2023-11-29 23:25:47,333] Trial 136 finished with value: 123.01000213623047 and parameters: {'gradient_clip_val': 0.14210174190499889, 'hidden_size': 75, 'dropout': 0.34753348746529905, 'hidden_continuous_size': 11, 'attention_head_size': 4, 'learning_rate': 0.018585684007555246}. Best is trial 127 with value: 102.46026611328125.
LOCAL_RANK: 0 - CUDA_VISIBLE_DEVICES: [0]
[I 2023-11-29 23:26:00,497] Trial 137 finished with value: 124.9876708984375 and parameters: {'gradient_clip_val': 0.12926274146011046, 'hidden_size': 70, 'dropout': 0.3188811700534662, 'hidden_continuous_size': 11, 'attention_head_size': 4, 'learning_rate': 0.017771310988884924}. Best is trial 127 with value: 102.46026611328125.
LOCAL_RANK: 0 - CUDA_VISIBLE_DEVICES: [0]
[I 2023-11-29 23:26:14,062] Trial 138 finished with value: 131.16099548339844 and parameters: {'gradient_clip_val': 0.13528057404396956, 'hidden_size': 98, 'dropout': 0.30902928163311566, 'hidden_continuous_size': 10, 'attention_head_size': 4, 'learning_rate': 0.02040996337002407}. Best is trial 127 with value: 102.46026611328125.
LOCAL_RANK: 0 - CUDA_VISIBLE_DEVICES: [0]
[I 2023-11-29 23:26:27,155] Trial 139 finished with value: 113.2767333984375 and parameters: {'gradient_clip_val': 0.12023091706459443, 'hidden_size': 72, 'dropout': 0.3222890387591713, 'hidden_continuous_size': 11, 'attention_head_size': 4, 'learning_rate': 0.016055661716572387}. Best is trial 127 with value: 102.46026611328125.
LOCAL_RANK: 0 - CUDA_VISIBLE_DEVICES: [0]
[I 2023-11-29 23:26:40,335] Trial 140 finished with value: 123.6392822265625 and parameters: {'gradient_clip_val': 0.1477494734909678, 'hidden_size': 67, 'dropout': 0.33447996993340634, 'hidden_continuous_size': 12, 'attention_head_size': 4, 'learning_rate': 0.011766836833961554}. Best is trial 127 with value: 102.46026611328125.
LOCAL_RANK: 0 - CUDA_VISIBLE_DEVICES: [0]
[I 2023-11-29 23:26:53,638] Trial 141 finished with value: 106.99784088134766 and parameters: {'gradient_clip_val': 0.10657271473520119, 'hidden_size': 80, 'dropout': 0.32555543691259403, 'hidden_continuous_size': 10, 'attention_head_size': 4, 'learning_rate': 0.01743069393924934}. Best is trial 127 with value: 102.46026611328125.
LOCAL_RANK: 0 - CUDA_VISIBLE_DEVICES: [0]
[I 2023-11-29 23:27:07,092] Trial 142 finished with value: 131.39698791503906 and parameters: {'gradient_clip_val': 0.10304129807529319, 'hidden_size': 83, 'dropout': 0.3440721986418341, 'hidden_continuous_size': 12, 'attention_head_size': 4, 'learning_rate': 0.01950637296253532}. Best is trial 127 with value: 102.46026611328125.
LOCAL_RANK: 0 - CUDA_VISIBLE_DEVICES: [0]
[I 2023-11-29 23:27:20,305] Trial 143 finished with value: 158.22341918945312 and parameters: {'gradient_clip_val': 0.11343500264906356, 'hidden_size': 76, 'dropout': 0.3131309658870054, 'hidden_continuous_size': 10, 'attention_head_size': 4, 'learning_rate': 0.01706806321197292}. Best is trial 127 with value: 102.46026611328125.
LOCAL_RANK: 0 - CUDA_VISIBLE_DEVICES: [0]
[I 2023-11-29 23:27:33,877] Trial 144 finished with value: 143.57867431640625 and parameters: {'gradient_clip_val': 0.12699490652303214, 'hidden_size': 95, 'dropout': 0.3256900750736432, 'hidden_continuous_size': 11, 'attention_head_size': 4, 'learning_rate': 0.015774775959579983}. Best is trial 127 with value: 102.46026611328125.
LOCAL_RANK: 0 - CUDA_VISIBLE_DEVICES: [0]
[I 2023-11-29 23:27:46,605] Trial 145 finished with value: 120.54544830322266 and parameters: {'gradient_clip_val': 0.10440457530964088, 'hidden_size': 64, 'dropout': 0.33354268818800636, 'hidden_continuous_size': 10, 'attention_head_size': 4, 'learning_rate': 0.01777166635307696}. Best is trial 127 with value: 102.46026611328125.
LOCAL_RANK: 0 - CUDA_VISIBLE_DEVICES: [0]
[I 2023-11-29 23:27:59,812] Trial 146 finished with value: 132.5673065185547 and parameters: {'gradient_clip_val': 0.11779518966075012, 'hidden_size': 80, 'dropout': 0.30606010152994345, 'hidden_continuous_size': 10, 'attention_head_size': 4, 'learning_rate': 0.02259851924531127}. Best is trial 127 with value: 102.46026611328125.
LOCAL_RANK: 0 - CUDA_VISIBLE_DEVICES: [0]
[I 2023-11-29 23:28:13,259] Trial 147 finished with value: 122.27767181396484 and parameters: {'gradient_clip_val': 0.1000036199664413, 'hidden_size': 86, 'dropout': 0.3166150982406048, 'hidden_continuous_size': 11, 'attention_head_size': 4, 'learning_rate': 0.014856789657326081}. Best is trial 127 with value: 102.46026611328125.
LOCAL_RANK: 0 - CUDA_VISIBLE_DEVICES: [0]
[I 2023-11-29 23:28:26,723] Trial 148 finished with value: 126.4173355102539 and parameters: {'gradient_clip_val': 0.16464958623333006, 'hidden_size': 70, 'dropout': 0.2993506747861648, 'hidden_continuous_size': 13, 'attention_head_size': 4, 'learning_rate': 0.02104790432563424}. Best is trial 127 with value: 102.46026611328125.
LOCAL_RANK: 0 - CUDA_VISIBLE_DEVICES: [0]
[I 2023-11-29 23:28:40,135] Trial 149 finished with value: 124.70417022705078 and parameters: {'gradient_clip_val': 0.10867577235260134, 'hidden_size': 74, 'dropout': 0.32059466673572723, 'hidden_continuous_size': 12, 'attention_head_size': 4, 'learning_rate': 0.01960754326080613}. Best is trial 127 with value: 102.46026611328125.
[I 2023-11-29 23:28:40,254] A new study created in memory with name: no-name-821b75ae-7968-40dd-b5f6-ecbfac72514b
/home/le004/conda/anaconda3/envs/tsff_env/lib/python3.9/site-packages/lightning/fabric/plugins/environments/slurm.py:191: The `srun` command is available on your system but is not used. HINT: If your intention is to run Lightning on SLURM, prepend your python command with `srun` like so: srun python /home/le004/master_thesis/git/TSFusionForecast/code/ ...
LOCAL_RANK: 0 - CUDA_VISIBLE_DEVICES: [0]
[I 2023-11-29 23:28:54,025] Trial 0 finished with value: 145.48040771484375 and parameters: {'gradient_clip_val': 0.4637027821405294, 'hidden_size': 116, 'dropout': 0.31570160676789977, 'hidden_continuous_size': 30, 'attention_head_size': 3, 'learning_rate': 0.0013730540575629475}. Best is trial 0 with value: 145.48040771484375.
LOCAL_RANK: 0 - CUDA_VISIBLE_DEVICES: [0]
[I 2023-11-29 23:29:06,005] Trial 1 finished with value: 100.04251861572266 and parameters: {'gradient_clip_val': 0.2838307468463644, 'hidden_size': 15, 'dropout': 0.27609558760681563, 'hidden_continuous_size': 11, 'attention_head_size': 1, 'learning_rate': 0.0752987440775879}. Best is trial 1 with value: 100.04251861572266.
LOCAL_RANK: 0 - CUDA_VISIBLE_DEVICES: [0]
[I 2023-11-29 23:29:18,407] Trial 2 finished with value: 118.4912338256836 and parameters: {'gradient_clip_val': 0.12307036911397884, 'hidden_size': 36, 'dropout': 0.22775341255098014, 'hidden_continuous_size': 13, 'attention_head_size': 3, 'learning_rate': 0.03026689342880794}. Best is trial 1 with value: 100.04251861572266.
LOCAL_RANK: 0 - CUDA_VISIBLE_DEVICES: [0]
[I 2023-11-29 23:29:31,283] Trial 3 finished with value: 148.4341583251953 and parameters: {'gradient_clip_val': 0.11636963511508472, 'hidden_size': 43, 'dropout': 0.18784151935571897, 'hidden_continuous_size': 21, 'attention_head_size': 1, 'learning_rate': 0.004460717755406934}. Best is trial 1 with value: 100.04251861572266.
LOCAL_RANK: 0 - CUDA_VISIBLE_DEVICES: [0]
[I 2023-11-29 23:29:44,763] Trial 4 finished with value: 139.578369140625 and parameters: {'gradient_clip_val': 0.4551206810502981, 'hidden_size': 81, 'dropout': 0.16519551599089877, 'hidden_continuous_size': 38, 'attention_head_size': 1, 'learning_rate': 0.03562674149172583}. Best is trial 1 with value: 100.04251861572266.
LOCAL_RANK: 0 - CUDA_VISIBLE_DEVICES: [0]
[I 2023-11-29 23:29:57,257] Trial 5 finished with value: 179.8511199951172 and parameters: {'gradient_clip_val': 0.5994666629313105, 'hidden_size': 30, 'dropout': 0.10640800742923429, 'hidden_continuous_size': 16, 'attention_head_size': 3, 'learning_rate': 0.007685300322347398}. Best is trial 1 with value: 100.04251861572266.
LOCAL_RANK: 0 - CUDA_VISIBLE_DEVICES: [0]
[I 2023-11-29 23:30:10,187] Trial 6 finished with value: 104.98743438720703 and parameters: {'gradient_clip_val': 0.296141992409018, 'hidden_size': 69, 'dropout': 0.3344034613089283, 'hidden_continuous_size': 10, 'attention_head_size': 1, 'learning_rate': 0.016582005956220818}. Best is trial 1 with value: 100.04251861572266.
LOCAL_RANK: 0 - CUDA_VISIBLE_DEVICES: [0]
[I 2023-11-29 23:30:22,232] Trial 7 finished with value: 169.40431213378906 and parameters: {'gradient_clip_val': 0.14666805521499746, 'hidden_size': 14, 'dropout': 0.204902396199473, 'hidden_continuous_size': 10, 'attention_head_size': 1, 'learning_rate': 0.011760267537270983}. Best is trial 1 with value: 100.04251861572266.
LOCAL_RANK: 0 - CUDA_VISIBLE_DEVICES: [0]
[I 2023-11-29 23:30:35,242] Trial 8 finished with value: 162.27272033691406 and parameters: {'gradient_clip_val': 0.11549162174501071, 'hidden_size': 42, 'dropout': 0.2539186659199123, 'hidden_continuous_size': 17, 'attention_head_size': 3, 'learning_rate': 0.08209096898201765}. Best is trial 1 with value: 100.04251861572266.
LOCAL_RANK: 0 - CUDA_VISIBLE_DEVICES: [0]
[I 2023-11-29 23:30:49,221] Trial 9 finished with value: 141.85667419433594 and parameters: {'gradient_clip_val': 0.1650376465330573, 'hidden_size': 115, 'dropout': 0.30135185706592105, 'hidden_continuous_size': 60, 'attention_head_size': 1, 'learning_rate': 0.046619949451399426}. Best is trial 1 with value: 100.04251861572266.
LOCAL_RANK: 0 - CUDA_VISIBLE_DEVICES: [0]
[I 2023-11-29 23:30:59,351] Trial 10 finished with value: 118.25720977783203 and parameters: {'gradient_clip_val': 0.975787278770752, 'hidden_size': 10, 'dropout': 0.3637637303916343, 'hidden_continuous_size': 10, 'attention_head_size': 2, 'learning_rate': 0.09698292231256778}. Best is trial 1 with value: 100.04251861572266.
LOCAL_RANK: 0 - CUDA_VISIBLE_DEVICES: [0]
[I 2023-11-29 23:31:11,640] Trial 11 finished with value: 117.67422485351562 and parameters: {'gradient_clip_val': 0.2479709844337173, 'hidden_size': 22, 'dropout': 0.37428496330149064, 'hidden_continuous_size': 11, 'attention_head_size': 2, 'learning_rate': 0.018279535253728}. Best is trial 1 with value: 100.04251861572266.
LOCAL_RANK: 0 - CUDA_VISIBLE_DEVICES: [0]
[I 2023-11-29 23:31:24,738] Trial 12 finished with value: 145.334228515625 and parameters: {'gradient_clip_val': 0.25696267990263144, 'hidden_size': 59, 'dropout': 0.29111986025925535, 'hidden_continuous_size': 13, 'attention_head_size': 4, 'learning_rate': 0.022308475785395028}. Best is trial 1 with value: 100.04251861572266.
LOCAL_RANK: 0 - CUDA_VISIBLE_DEVICES: [0]
[I 2023-11-29 23:31:36,933] Trial 13 finished with value: 119.88910675048828 and parameters: {'gradient_clip_val': 0.21256074645710132, 'hidden_size': 20, 'dropout': 0.34057844939956056, 'hidden_continuous_size': 11, 'attention_head_size': 2, 'learning_rate': 0.06409463199493245}. Best is trial 1 with value: 100.04251861572266.
LOCAL_RANK: 0 - CUDA_VISIBLE_DEVICES: [0]
[I 2023-11-29 23:31:50,212] Trial 14 finished with value: 146.47129821777344 and parameters: {'gradient_clip_val': 0.3059089792081469, 'hidden_size': 74, 'dropout': 0.27526342913497637, 'hidden_continuous_size': 16, 'attention_head_size': 1, 'learning_rate': 0.04492582812893222}. Best is trial 1 with value: 100.04251861572266.
LOCAL_RANK: 0 - CUDA_VISIBLE_DEVICES: [0]
[I 2023-11-29 23:32:04,936] Trial 15 finished with value: 105.77855682373047 and parameters: {'gradient_clip_val': 0.19006188741289576, 'hidden_size': 147, 'dropout': 0.33020739454316134, 'hidden_continuous_size': 124, 'attention_head_size': 2, 'learning_rate': 0.09820743225578046}. Best is trial 1 with value: 100.04251861572266.
LOCAL_RANK: 0 - CUDA_VISIBLE_DEVICES: [0]
[I 2023-11-29 23:32:17,223] Trial 16 finished with value: 133.51577758789062 and parameters: {'gradient_clip_val': 0.3374165364935712, 'hidden_size': 25, 'dropout': 0.37947884561247847, 'hidden_continuous_size': 10, 'attention_head_size': 4, 'learning_rate': 0.01861178311692984}. Best is trial 1 with value: 100.04251861572266.
LOCAL_RANK: 0 - CUDA_VISIBLE_DEVICES: [0]
[I 2023-11-29 23:32:29,261] Trial 17 finished with value: 121.6357192993164 and parameters: {'gradient_clip_val': 0.20462843542412143, 'hidden_size': 17, 'dropout': 0.39694260446637153, 'hidden_continuous_size': 11, 'attention_head_size': 1, 'learning_rate': 0.05618514084121196}. Best is trial 1 with value: 100.04251861572266.
LOCAL_RANK: 0 - CUDA_VISIBLE_DEVICES: [0]
[I 2023-11-29 23:32:41,229] Trial 18 finished with value: 138.05364990234375 and parameters: {'gradient_clip_val': 0.33332734347630427, 'hidden_size': 12, 'dropout': 0.2823140938964587, 'hidden_continuous_size': 10, 'attention_head_size': 2, 'learning_rate': 0.030328921070915837}. Best is trial 1 with value: 100.04251861572266.
LOCAL_RANK: 0 - CUDA_VISIBLE_DEVICES: [0]
[I 2023-11-29 23:32:53,191] Trial 19 finished with value: 146.9041290283203 and parameters: {'gradient_clip_val': 0.24777551646105278, 'hidden_size': 14, 'dropout': 0.3436104580046935, 'hidden_continuous_size': 10, 'attention_head_size': 1, 'learning_rate': 0.011767052173005586}. Best is trial 1 with value: 100.04251861572266.
LOCAL_RANK: 0 - CUDA_VISIBLE_DEVICES: [0]
[I 2023-11-29 23:33:05,237] Trial 20 finished with value: 111.7406005859375 and parameters: {'gradient_clip_val': 0.15781751378129302, 'hidden_size': 28, 'dropout': 0.26355829086233357, 'hidden_continuous_size': 12, 'attention_head_size': 2, 'learning_rate': 0.059096745293220905}. Best is trial 1 with value: 100.04251861572266.
LOCAL_RANK: 0 - CUDA_VISIBLE_DEVICES: [0]
[I 2023-11-29 23:33:19,767] Trial 21 finished with value: 138.03187561035156 and parameters: {'gradient_clip_val': 0.21097653699127145, 'hidden_size': 138, 'dropout': 0.32302115671523773, 'hidden_continuous_size': 83, 'attention_head_size': 2, 'learning_rate': 0.09219907317375477}. Best is trial 1 with value: 100.04251861572266.
LOCAL_RANK: 0 - CUDA_VISIBLE_DEVICES: [0]
[I 2023-11-29 23:33:34,229] Trial 22 finished with value: 118.1446533203125 and parameters: {'gradient_clip_val': 0.18373118455955692, 'hidden_size': 148, 'dropout': 0.3184417638786377, 'hidden_continuous_size': 103, 'attention_head_size': 1, 'learning_rate': 0.07249212079396423}. Best is trial 1 with value: 100.04251861572266.
LOCAL_RANK: 0 - CUDA_VISIBLE_DEVICES: [0]
[I 2023-11-29 23:33:47,831] Trial 23 finished with value: 133.20248413085938 and parameters: {'gradient_clip_val': 0.10053380999654023, 'hidden_size': 82, 'dropout': 0.348968514728417, 'hidden_continuous_size': 23, 'attention_head_size': 2, 'learning_rate': 0.098310960428394}. Best is trial 1 with value: 100.04251861572266.
LOCAL_RANK: 0 - CUDA_VISIBLE_DEVICES: [0]
[I 2023-11-29 23:34:00,623] Trial 24 finished with value: 107.022216796875 and parameters: {'gradient_clip_val': 0.27469323690827685, 'hidden_size': 50, 'dropout': 0.3006767690220268, 'hidden_continuous_size': 14, 'attention_head_size': 1, 'learning_rate': 0.042977669903476165}. Best is trial 1 with value: 100.04251861572266.
LOCAL_RANK: 0 - CUDA_VISIBLE_DEVICES: [0]
[I 2023-11-29 23:34:13,969] Trial 25 finished with value: 165.2519989013672 and parameters: {'gradient_clip_val': 0.19052556798805828, 'hidden_size': 67, 'dropout': 0.24229609956727194, 'hidden_continuous_size': 20, 'attention_head_size': 2, 'learning_rate': 0.0602929357558379}. Best is trial 1 with value: 100.04251861572266.
LOCAL_RANK: 0 - CUDA_VISIBLE_DEVICES: [0]
[I 2023-11-29 23:34:27,742] Trial 26 finished with value: 123.14307403564453 and parameters: {'gradient_clip_val': 0.36412360974605973, 'hidden_size': 96, 'dropout': 0.3249784361620873, 'hidden_continuous_size': 52, 'attention_head_size': 1, 'learning_rate': 0.027189922685666616}. Best is trial 1 with value: 100.04251861572266.
LOCAL_RANK: 0 - CUDA_VISIBLE_DEVICES: [0]
[I 2023-11-29 23:34:40,755] Trial 27 finished with value: 124.116455078125 and parameters: {'gradient_clip_val': 0.27490659047603083, 'hidden_size': 55, 'dropout': 0.2716126641839361, 'hidden_continuous_size': 26, 'attention_head_size': 1, 'learning_rate': 0.03753518240290218}. Best is trial 1 with value: 100.04251861572266.
LOCAL_RANK: 0 - CUDA_VISIBLE_DEVICES: [0]
