[I 2023-11-30 12:11:17,438] Trial 26 finished with value: 50.756351470947266 and parameters: {'gradient_clip_val': 0.32880183722528045, 'hidden_size': 42, 'dropout': 0.3746679123702159, 'hidden_continuous_size': 15, 'attention_head_size': 4, 'learning_rate': 0.021227914248194174}. Best is trial 7 with value: 47.47909164428711.
LOCAL_RANK: 0 - CUDA_VISIBLE_DEVICES: [0]
[I 2023-11-30 12:11:30,492] Trial 27 finished with value: 56.34111404418945 and parameters: {'gradient_clip_val': 0.6376798570517558, 'hidden_size': 64, 'dropout': 0.3407995231288251, 'hidden_continuous_size': 19, 'attention_head_size': 2, 'learning_rate': 0.03733746415433977}. Best is trial 7 with value: 47.47909164428711.
LOCAL_RANK: 0 - CUDA_VISIBLE_DEVICES: [0]
[I 2023-11-30 12:11:44,737] Trial 28 finished with value: 50.47823715209961 and parameters: {'gradient_clip_val': 0.3358391981931382, 'hidden_size': 107, 'dropout': 0.27203508763404344, 'hidden_continuous_size': 90, 'attention_head_size': 1, 'learning_rate': 0.01780653602189994}. Best is trial 7 with value: 47.47909164428711.
LOCAL_RANK: 0 - CUDA_VISIBLE_DEVICES: [0]
[I 2023-11-30 12:11:57,472] Trial 29 finished with value: 110.14456939697266 and parameters: {'gradient_clip_val': 0.21474755414089497, 'hidden_size': 46, 'dropout': 0.3614766140027605, 'hidden_continuous_size': 17, 'attention_head_size': 2, 'learning_rate': 0.0010682592487233724}. Best is trial 7 with value: 47.47909164428711.
LOCAL_RANK: 0 - CUDA_VISIBLE_DEVICES: [0]
[I 2023-11-30 12:12:11,116] Trial 30 finished with value: 51.51871109008789 and parameters: {'gradient_clip_val': 0.25735507968497706, 'hidden_size': 70, 'dropout': 0.3791434205862369, 'hidden_continuous_size': 32, 'attention_head_size': 3, 'learning_rate': 0.0717105354191214}. Best is trial 7 with value: 47.47909164428711.
LOCAL_RANK: 0 - CUDA_VISIBLE_DEVICES: [0]
[I 2023-11-30 12:12:24,897] Trial 31 finished with value: 51.78677749633789 and parameters: {'gradient_clip_val': 0.27294941875363876, 'hidden_size': 83, 'dropout': 0.29017105223637035, 'hidden_continuous_size': 40, 'attention_head_size': 3, 'learning_rate': 0.03416525513919265}. Best is trial 7 with value: 47.47909164428711.
LOCAL_RANK: 0 - CUDA_VISIBLE_DEVICES: [0]
[I 2023-11-30 12:12:38,480] Trial 32 finished with value: 52.51517868041992 and parameters: {'gradient_clip_val': 0.18405664801965788, 'hidden_size': 89, 'dropout': 0.30899674015915585, 'hidden_continuous_size': 24, 'attention_head_size': 3, 'learning_rate': 0.04965861049772646}. Best is trial 7 with value: 47.47909164428711.
LOCAL_RANK: 0 - CUDA_VISIBLE_DEVICES: [0]
[I 2023-11-30 12:12:52,435] Trial 33 finished with value: 46.33221435546875 and parameters: {'gradient_clip_val': 0.2826987091610989, 'hidden_size': 118, 'dropout': 0.3308239939879949, 'hidden_continuous_size': 28, 'attention_head_size': 3, 'learning_rate': 0.02587579501846688}. Best is trial 33 with value: 46.33221435546875.
LOCAL_RANK: 0 - CUDA_VISIBLE_DEVICES: [0]
[I 2023-11-30 12:13:06,770] Trial 34 finished with value: 57.175323486328125 and parameters: {'gradient_clip_val': 0.38028099478732635, 'hidden_size': 150, 'dropout': 0.3390627089499996, 'hidden_continuous_size': 29, 'attention_head_size': 3, 'learning_rate': 0.026005893522809825}. Best is trial 33 with value: 46.33221435546875.
LOCAL_RANK: 0 - CUDA_VISIBLE_DEVICES: [0]
[I 2023-11-30 12:13:21,058] Trial 35 finished with value: 55.0936279296875 and parameters: {'gradient_clip_val': 0.30635768045001066, 'hidden_size': 119, 'dropout': 0.3236188830667852, 'hidden_continuous_size': 24, 'attention_head_size': 3, 'learning_rate': 0.03211899219388774}. Best is trial 33 with value: 46.33221435546875.
LOCAL_RANK: 0 - CUDA_VISIBLE_DEVICES: [0]
[I 2023-11-30 12:13:35,019] Trial 36 finished with value: 52.77936935424805 and parameters: {'gradient_clip_val': 0.19802651704653262, 'hidden_size': 123, 'dropout': 0.30345569969202896, 'hidden_continuous_size': 31, 'attention_head_size': 3, 'learning_rate': 0.012027264247358893}. Best is trial 33 with value: 46.33221435546875.
LOCAL_RANK: 0 - CUDA_VISIBLE_DEVICES: [0]
[I 2023-11-30 12:13:48,950] Trial 37 finished with value: 48.739471435546875 and parameters: {'gradient_clip_val': 0.257970383662836, 'hidden_size': 103, 'dropout': 0.2843356112313507, 'hidden_continuous_size': 27, 'attention_head_size': 4, 'learning_rate': 0.021140641602013028}. Best is trial 33 with value: 46.33221435546875.
LOCAL_RANK: 0 - CUDA_VISIBLE_DEVICES: [0]
[I 2023-11-30 12:14:01,649] Trial 38 finished with value: 57.63396072387695 and parameters: {'gradient_clip_val': 0.21364450901873916, 'hidden_size': 35, 'dropout': 0.32542464063078, 'hidden_continuous_size': 22, 'attention_head_size': 3, 'learning_rate': 0.08414288508292489}. Best is trial 33 with value: 46.33221435546875.
LOCAL_RANK: 0 - CUDA_VISIBLE_DEVICES: [0]
[I 2023-11-30 12:14:15,369] Trial 39 finished with value: 49.162109375 and parameters: {'gradient_clip_val': 0.307431163425464, 'hidden_size': 96, 'dropout': 0.3028136553668971, 'hidden_continuous_size': 35, 'attention_head_size': 2, 'learning_rate': 0.052164373053657696}. Best is trial 33 with value: 46.33221435546875.
LOCAL_RANK: 0 - CUDA_VISIBLE_DEVICES: [0]
[I 2023-11-30 12:14:29,636] Trial 40 finished with value: 56.7920036315918 and parameters: {'gradient_clip_val': 0.12778917009413565, 'hidden_size': 113, 'dropout': 0.27468217119998356, 'hidden_continuous_size': 47, 'attention_head_size': 3, 'learning_rate': 0.0425196902692649}. Best is trial 33 with value: 46.33221435546875.
LOCAL_RANK: 0 - CUDA_VISIBLE_DEVICES: [0]
[I 2023-11-30 12:14:43,448] Trial 41 finished with value: 51.92291259765625 and parameters: {'gradient_clip_val': 0.251598458464386, 'hidden_size': 97, 'dropout': 0.28779629612318186, 'hidden_continuous_size': 28, 'attention_head_size': 4, 'learning_rate': 0.022290881570002995}. Best is trial 33 with value: 46.33221435546875.
LOCAL_RANK: 0 - CUDA_VISIBLE_DEVICES: [0]
[I 2023-11-30 12:14:57,485] Trial 42 finished with value: 56.64616775512695 and parameters: {'gradient_clip_val': 0.2676784648406071, 'hidden_size': 128, 'dropout': 0.25470980477812427, 'hidden_continuous_size': 27, 'attention_head_size': 4, 'learning_rate': 0.019186183558510213}. Best is trial 33 with value: 46.33221435546875.
LOCAL_RANK: 0 - CUDA_VISIBLE_DEVICES: [0]
[I 2023-11-30 12:15:11,515] Trial 43 finished with value: 52.644775390625 and parameters: {'gradient_clip_val': 0.224139016538656, 'hidden_size': 98, 'dropout': 0.2765382924297981, 'hidden_continuous_size': 25, 'attention_head_size': 4, 'learning_rate': 0.02865129030860465}. Best is trial 33 with value: 46.33221435546875.
LOCAL_RANK: 0 - CUDA_VISIBLE_DEVICES: [0]
[I 2023-11-30 12:15:25,873] Trial 44 finished with value: 49.91357421875 and parameters: {'gradient_clip_val': 0.18821356291738994, 'hidden_size': 130, 'dropout': 0.32928638446402864, 'hidden_continuous_size': 39, 'attention_head_size': 4, 'learning_rate': 0.014059838388439648}. Best is trial 33 with value: 46.33221435546875.
LOCAL_RANK: 0 - CUDA_VISIBLE_DEVICES: [0]
[I 2023-11-30 12:15:39,716] Trial 45 finished with value: 54.8996467590332 and parameters: {'gradient_clip_val': 0.2877774922093626, 'hidden_size': 113, 'dropout': 0.2940272632446843, 'hidden_continuous_size': 21, 'attention_head_size': 2, 'learning_rate': 0.01940811147803168}. Best is trial 33 with value: 46.33221435546875.
LOCAL_RANK: 0 - CUDA_VISIBLE_DEVICES: [0]
[I 2023-11-30 12:15:53,254] Trial 46 finished with value: 49.949771881103516 and parameters: {'gradient_clip_val': 0.39233225392544296, 'hidden_size': 84, 'dropout': 0.38622485106761495, 'hidden_continuous_size': 30, 'attention_head_size': 3, 'learning_rate': 0.026439366554787208}. Best is trial 33 with value: 46.33221435546875.
LOCAL_RANK: 0 - CUDA_VISIBLE_DEVICES: [0]
[I 2023-11-30 12:16:07,426] Trial 47 finished with value: 49.504241943359375 and parameters: {'gradient_clip_val': 0.16506991862730588, 'hidden_size': 132, 'dropout': 0.3639823418503161, 'hidden_continuous_size': 54, 'attention_head_size': 4, 'learning_rate': 0.03792142445993987}. Best is trial 33 with value: 46.33221435546875.
LOCAL_RANK: 0 - CUDA_VISIBLE_DEVICES: [0]
[I 2023-11-30 12:16:21,296] Trial 48 finished with value: 50.21132278442383 and parameters: {'gradient_clip_val': 0.45380586919921195, 'hidden_size': 109, 'dropout': 0.3540053698605719, 'hidden_continuous_size': 34, 'attention_head_size': 1, 'learning_rate': 0.05725918573895673}. Best is trial 33 with value: 46.33221435546875.
LOCAL_RANK: 0 - CUDA_VISIBLE_DEVICES: [0]
[I 2023-11-30 12:16:34,762] Trial 49 finished with value: 53.5554313659668 and parameters: {'gradient_clip_val': 0.2411405020509956, 'hidden_size': 78, 'dropout': 0.32048915156213403, 'hidden_continuous_size': 26, 'attention_head_size': 2, 'learning_rate': 0.013731128487663597}. Best is trial 33 with value: 46.33221435546875.
LOCAL_RANK: 0 - CUDA_VISIBLE_DEVICES: [0]
[I 2023-11-30 12:16:48,043] Trial 50 finished with value: 77.20449829101562 and parameters: {'gradient_clip_val': 0.35460374917153664, 'hidden_size': 67, 'dropout': 0.2596193896458098, 'hidden_continuous_size': 11, 'attention_head_size': 3, 'learning_rate': 0.02270969933092276}. Best is trial 33 with value: 46.33221435546875.
LOCAL_RANK: 0 - CUDA_VISIBLE_DEVICES: [0]
[I 2023-11-30 12:17:01,499] Trial 51 finished with value: 54.41824722290039 and parameters: {'gradient_clip_val': 0.3236473506229372, 'hidden_size': 61, 'dropout': 0.30230608758492433, 'hidden_continuous_size': 27, 'attention_head_size': 3, 'learning_rate': 0.031498211846973385}. Best is trial 33 with value: 46.33221435546875.
LOCAL_RANK: 0 - CUDA_VISIBLE_DEVICES: [0]
[I 2023-11-30 12:17:15,100] Trial 52 finished with value: 55.70718002319336 and parameters: {'gradient_clip_val': 0.2708900621227444, 'hidden_size': 92, 'dropout': 0.28228040316938796, 'hidden_continuous_size': 23, 'attention_head_size': 3, 'learning_rate': 0.04786306993741535}. Best is trial 33 with value: 46.33221435546875.
LOCAL_RANK: 0 - CUDA_VISIBLE_DEVICES: [0]
[I 2023-11-30 12:17:29,913] Trial 53 finished with value: 51.8603515625 and parameters: {'gradient_clip_val': 0.2938974482323612, 'hidden_size': 137, 'dropout': 0.2966668671887537, 'hidden_continuous_size': 136, 'attention_head_size': 3, 'learning_rate': 0.01759793164990748}. Best is trial 33 with value: 46.33221435546875.
LOCAL_RANK: 0 - CUDA_VISIBLE_DEVICES: [0]
[I 2023-11-30 12:17:44,194] Trial 54 finished with value: 53.31199645996094 and parameters: {'gradient_clip_val': 0.23799451133083843, 'hidden_size': 108, 'dropout': 0.2654765377121348, 'hidden_continuous_size': 67, 'attention_head_size': 2, 'learning_rate': 0.02781981781450964}. Best is trial 33 with value: 46.33221435546875.
LOCAL_RANK: 0 - CUDA_VISIBLE_DEVICES: [0]
[I 2023-11-30 12:17:57,085] Trial 55 finished with value: 48.47056198120117 and parameters: {'gradient_clip_val': 0.20624706189176747, 'hidden_size': 30, 'dropout': 0.3151399294964203, 'hidden_continuous_size': 20, 'attention_head_size': 3, 'learning_rate': 0.03720914475602271}. Best is trial 33 with value: 46.33221435546875.
LOCAL_RANK: 0 - CUDA_VISIBLE_DEVICES: [0]
[I 2023-11-30 12:18:09,713] Trial 56 finished with value: 49.361576080322266 and parameters: {'gradient_clip_val': 0.20362990782542845, 'hidden_size': 29, 'dropout': 0.3163167762090107, 'hidden_continuous_size': 19, 'attention_head_size': 3, 'learning_rate': 0.03974964271667247}. Best is trial 33 with value: 46.33221435546875.
LOCAL_RANK: 0 - CUDA_VISIBLE_DEVICES: [0]
[I 2023-11-30 12:18:22,276] Trial 57 finished with value: 49.1591796875 and parameters: {'gradient_clip_val': 0.22774585419470147, 'hidden_size': 32, 'dropout': 0.3470813421083696, 'hidden_continuous_size': 21, 'attention_head_size': 4, 'learning_rate': 0.06462022786477742}. Best is trial 33 with value: 46.33221435546875.
LOCAL_RANK: 0 - CUDA_VISIBLE_DEVICES: [0]
[I 2023-11-30 12:18:34,712] Trial 58 finished with value: 54.2978630065918 and parameters: {'gradient_clip_val': 0.3511942813041707, 'hidden_size': 27, 'dropout': 0.3329893094324118, 'hidden_continuous_size': 16, 'attention_head_size': 3, 'learning_rate': 0.09602602798985964}. Best is trial 33 with value: 46.33221435546875.
LOCAL_RANK: 0 - CUDA_VISIBLE_DEVICES: [0]
[I 2023-11-30 12:18:47,552] Trial 59 finished with value: 56.36030960083008 and parameters: {'gradient_clip_val': 0.16964439674302603, 'hidden_size': 39, 'dropout': 0.3936739505415774, 'hidden_continuous_size': 25, 'attention_head_size': 2, 'learning_rate': 0.024373028355513814}. Best is trial 33 with value: 46.33221435546875.
LOCAL_RANK: 0 - CUDA_VISIBLE_DEVICES: [0]
[I 2023-11-30 12:19:01,815] Trial 60 finished with value: 51.18600845336914 and parameters: {'gradient_clip_val': 0.25631735265084754, 'hidden_size': 139, 'dropout': 0.37130193157080543, 'hidden_continuous_size': 14, 'attention_head_size': 2, 'learning_rate': 0.05080194564049943}. Best is trial 33 with value: 46.33221435546875.
LOCAL_RANK: 0 - CUDA_VISIBLE_DEVICES: [0]
[I 2023-11-30 12:19:15,152] Trial 61 finished with value: 58.80508041381836 and parameters: {'gradient_clip_val': 0.3206904783531607, 'hidden_size': 76, 'dropout': 0.30620273456638253, 'hidden_continuous_size': 18, 'attention_head_size': 3, 'learning_rate': 0.03620332668820847}. Best is trial 33 with value: 46.33221435546875.
LOCAL_RANK: 0 - CUDA_VISIBLE_DEVICES: [0]
[I 2023-11-30 12:19:29,037] Trial 62 finished with value: 49.91023254394531 and parameters: {'gradient_clip_val': 0.28101619126323557, 'hidden_size': 118, 'dropout': 0.28093651926483454, 'hidden_continuous_size': 29, 'attention_head_size': 3, 'learning_rate': 0.03295419482184717}. Best is trial 33 with value: 46.33221435546875.
LOCAL_RANK: 0 - CUDA_VISIBLE_DEVICES: [0]
[I 2023-11-30 12:19:42,792] Trial 63 finished with value: 63.59578323364258 and parameters: {'gradient_clip_val': 0.2483002648350371, 'hidden_size': 90, 'dropout': 0.31488432625695345, 'hidden_continuous_size': 23, 'attention_head_size': 3, 'learning_rate': 0.043249673173056745}. Best is trial 33 with value: 46.33221435546875.
LOCAL_RANK: 0 - CUDA_VISIBLE_DEVICES: [0]
[I 2023-11-30 12:19:56,212] Trial 64 finished with value: 52.81926345825195 and parameters: {'gradient_clip_val': 0.21481786523354557, 'hidden_size': 101, 'dropout': 0.2951337130281858, 'hidden_continuous_size': 13, 'attention_head_size': 3, 'learning_rate': 0.056424894806696935}. Best is trial 33 with value: 46.33221435546875.
LOCAL_RANK: 0 - CUDA_VISIBLE_DEVICES: [0]
[I 2023-11-30 12:20:10,649] Trial 65 finished with value: 53.40732955932617 and parameters: {'gradient_clip_val': 0.3048915998564053, 'hidden_size': 148, 'dropout': 0.3281731280326889, 'hidden_continuous_size': 32, 'attention_head_size': 3, 'learning_rate': 0.02063876682655286}. Best is trial 33 with value: 46.33221435546875.
LOCAL_RANK: 0 - CUDA_VISIBLE_DEVICES: [0]
[I 2023-11-30 12:20:23,790] Trial 66 finished with value: 57.957767486572266 and parameters: {'gradient_clip_val': 0.3502960542932992, 'hidden_size': 53, 'dropout': 0.2402613484242912, 'hidden_continuous_size': 20, 'attention_head_size': 4, 'learning_rate': 0.025413172601723884}. Best is trial 33 with value: 46.33221435546875.
LOCAL_RANK: 0 - CUDA_VISIBLE_DEVICES: [0]
[I 2023-11-30 12:20:36,717] Trial 67 finished with value: 48.88882827758789 and parameters: {'gradient_clip_val': 0.4117244137861539, 'hidden_size': 48, 'dropout': 0.2836418063006054, 'hidden_continuous_size': 26, 'attention_head_size': 3, 'learning_rate': 0.029126167177050747}. Best is trial 33 with value: 46.33221435546875.
LOCAL_RANK: 0 - CUDA_VISIBLE_DEVICES: [0]
[I 2023-11-30 12:20:49,553] Trial 68 finished with value: 49.45195388793945 and parameters: {'gradient_clip_val': 0.40477509096824194, 'hidden_size': 37, 'dropout': 0.2657546681499925, 'hidden_continuous_size': 20, 'attention_head_size': 3, 'learning_rate': 0.03218850034347158}. Best is trial 33 with value: 46.33221435546875.
LOCAL_RANK: 0 - CUDA_VISIBLE_DEVICES: [0]
[I 2023-11-30 12:21:02,581] Trial 69 finished with value: 49.84787368774414 and parameters: {'gradient_clip_val': 0.437172178421775, 'hidden_size': 51, 'dropout': 0.34348125800437196, 'hidden_continuous_size': 26, 'attention_head_size': 2, 'learning_rate': 0.029355151666293027}. Best is trial 33 with value: 46.33221435546875.
LOCAL_RANK: 0 - CUDA_VISIBLE_DEVICES: [0]
[I 2023-11-30 12:21:15,670] Trial 70 finished with value: 62.471160888671875 and parameters: {'gradient_clip_val': 0.37611891459828173, 'hidden_size': 47, 'dropout': 0.28460015807189515, 'hidden_continuous_size': 17, 'attention_head_size': 3, 'learning_rate': 0.046608654408451085}. Best is trial 33 with value: 46.33221435546875.
LOCAL_RANK: 0 - CUDA_VISIBLE_DEVICES: [0]
[I 2023-11-30 12:21:29,098] Trial 71 finished with value: 53.6367301940918 and parameters: {'gradient_clip_val': 0.27204992921763027, 'hidden_size': 60, 'dropout': 0.3094232149792587, 'hidden_continuous_size': 30, 'attention_head_size': 3, 'learning_rate': 0.03707416988775455}. Best is trial 33 with value: 46.33221435546875.
LOCAL_RANK: 0 - CUDA_VISIBLE_DEVICES: [0]
[I 2023-11-30 12:21:42,568] Trial 72 finished with value: 57.61141586303711 and parameters: {'gradient_clip_val': 0.33170563092210287, 'hidden_size': 69, 'dropout': 0.2735416355980516, 'hidden_continuous_size': 32, 'attention_head_size': 3, 'learning_rate': 0.022928718746511464}. Best is trial 33 with value: 46.33221435546875.
LOCAL_RANK: 0 - CUDA_VISIBLE_DEVICES: [0]
[I 2023-11-30 12:21:56,024] Trial 73 finished with value: 47.734039306640625 and parameters: {'gradient_clip_val': 0.2910443580972471, 'hidden_size': 84, 'dropout': 0.29904108828259535, 'hidden_continuous_size': 27, 'attention_head_size': 3, 'learning_rate': 0.04153759391496521}. Best is trial 33 with value: 46.33221435546875.
LOCAL_RANK: 0 - CUDA_VISIBLE_DEVICES: [0]
[I 2023-11-30 12:22:10,003] Trial 74 finished with value: 55.04448318481445 and parameters: {'gradient_clip_val': 0.3112396752911721, 'hidden_size': 121, 'dropout': 0.29719273894734516, 'hidden_continuous_size': 28, 'attention_head_size': 3, 'learning_rate': 0.04159630511312007}. Best is trial 33 with value: 46.33221435546875.
LOCAL_RANK: 0 - CUDA_VISIBLE_DEVICES: [0]
[I 2023-11-30 12:22:23,892] Trial 75 finished with value: 57.12002944946289 and parameters: {'gradient_clip_val': 0.37421332266216223, 'hidden_size': 104, 'dropout': 0.3330239494321148, 'hidden_continuous_size': 25, 'attention_head_size': 3, 'learning_rate': 0.07244741866024489}. Best is trial 33 with value: 46.33221435546875.
LOCAL_RANK: 0 - CUDA_VISIBLE_DEVICES: [0]
[I 2023-11-30 12:22:37,430] Trial 76 finished with value: 46.023433685302734 and parameters: {'gradient_clip_val': 0.2552529007759409, 'hidden_size': 72, 'dropout': 0.3206847413698017, 'hidden_continuous_size': 23, 'attention_head_size': 4, 'learning_rate': 0.029019081483589868}. Best is trial 76 with value: 46.023433685302734.
LOCAL_RANK: 0 - CUDA_VISIBLE_DEVICES: [0]
[I 2023-11-30 12:22:51,193] Trial 77 finished with value: 58.94416427612305 and parameters: {'gradient_clip_val': 0.28809245056779526, 'hidden_size': 81, 'dropout': 0.3220409081826773, 'hidden_continuous_size': 36, 'attention_head_size': 4, 'learning_rate': 0.0358504660216104}. Best is trial 76 with value: 46.023433685302734.
LOCAL_RANK: 0 - CUDA_VISIBLE_DEVICES: [0]
[I 2023-11-30 12:23:04,868] Trial 78 finished with value: 50.412479400634766 and parameters: {'gradient_clip_val': 0.2626210216763067, 'hidden_size': 78, 'dropout': 0.31206302162639055, 'hidden_continuous_size': 23, 'attention_head_size': 4, 'learning_rate': 0.02623019854353193}. Best is trial 76 with value: 46.023433685302734.
LOCAL_RANK: 0 - CUDA_VISIBLE_DEVICES: [0]
[I 2023-11-30 12:23:18,367] Trial 79 finished with value: 51.24784469604492 and parameters: {'gradient_clip_val': 0.24162907995045335, 'hidden_size': 71, 'dropout': 0.33819636001121217, 'hidden_continuous_size': 16, 'attention_head_size': 4, 'learning_rate': 0.017010259995381465}. Best is trial 76 with value: 46.023433685302734.
LOCAL_RANK: 0 - CUDA_VISIBLE_DEVICES: [0]
[I 2023-11-30 12:23:32,199] Trial 80 finished with value: 47.50767135620117 and parameters: {'gradient_clip_val': 0.22284772650998502, 'hidden_size': 87, 'dropout': 0.3515375615277921, 'hidden_continuous_size': 22, 'attention_head_size': 4, 'learning_rate': 0.019644300684206698}. Best is trial 76 with value: 46.023433685302734.
LOCAL_RANK: 0 - CUDA_VISIBLE_DEVICES: [0]
[I 2023-11-30 12:23:45,833] Trial 81 finished with value: 51.659061431884766 and parameters: {'gradient_clip_val': 0.22967331660351517, 'hidden_size': 90, 'dropout': 0.3223177999629018, 'hidden_continuous_size': 22, 'attention_head_size': 4, 'learning_rate': 0.021149463300254905}. Best is trial 76 with value: 46.023433685302734.
LOCAL_RANK: 0 - CUDA_VISIBLE_DEVICES: [0]
[I 2023-11-30 12:23:59,442] Trial 82 finished with value: 51.13290786743164 and parameters: {'gradient_clip_val': 0.260019541834261, 'hidden_size': 87, 'dropout': 0.3543433260317528, 'hidden_continuous_size': 24, 'attention_head_size': 4, 'learning_rate': 0.01984692207522992}. Best is trial 76 with value: 46.023433685302734.
LOCAL_RANK: 0 - CUDA_VISIBLE_DEVICES: [0]
[I 2023-11-30 12:24:13,361] Trial 83 finished with value: 63.30037307739258 and parameters: {'gradient_clip_val': 0.20118866763977875, 'hidden_size': 99, 'dropout': 0.3059398109249054, 'hidden_continuous_size': 28, 'attention_head_size': 4, 'learning_rate': 0.024374802650495464}. Best is trial 76 with value: 46.023433685302734.
LOCAL_RANK: 0 - CUDA_VISIBLE_DEVICES: [0]
[I 2023-11-30 12:24:27,592] Trial 84 finished with value: 51.82741165161133 and parameters: {'gradient_clip_val': 0.28288942659101957, 'hidden_size': 115, 'dropout': 0.32898824718403297, 'hidden_continuous_size': 30, 'attention_head_size': 4, 'learning_rate': 0.02939783587346331}. Best is trial 76 with value: 46.023433685302734.
LOCAL_RANK: 0 - CUDA_VISIBLE_DEVICES: [0]
