[I 2023-11-30 03:09:59,680] Trial 123 finished with value: 282.9991149902344 and parameters: {'gradient_clip_val': 0.24725488711409827, 'hidden_size': 106, 'dropout': 0.34191160165835227, 'hidden_continuous_size': 30, 'attention_head_size': 1, 'learning_rate': 0.0016986550121387476}. Best is trial 89 with value: 234.47900390625.
LOCAL_RANK: 0 - CUDA_VISIBLE_DEVICES: [0]
[I 2023-11-30 03:10:13,738] Trial 124 finished with value: 355.5995788574219 and parameters: {'gradient_clip_val': 0.2879461805943919, 'hidden_size': 121, 'dropout': 0.3185011521145093, 'hidden_continuous_size': 42, 'attention_head_size': 1, 'learning_rate': 0.0024636839993410365}. Best is trial 89 with value: 234.47900390625.
LOCAL_RANK: 0 - CUDA_VISIBLE_DEVICES: [0]
[I 2023-11-30 03:10:27,590] Trial 125 finished with value: 308.3835754394531 and parameters: {'gradient_clip_val': 0.22886384025664316, 'hidden_size': 82, 'dropout': 0.33451008876976945, 'hidden_continuous_size': 50, 'attention_head_size': 1, 'learning_rate': 0.0012689523866631692}. Best is trial 89 with value: 234.47900390625.
LOCAL_RANK: 0 - CUDA_VISIBLE_DEVICES: [0]
[I 2023-11-30 03:10:40,564] Trial 126 finished with value: 314.2669982910156 and parameters: {'gradient_clip_val': 0.21844504444493512, 'hidden_size': 63, 'dropout': 0.2719354178236128, 'hidden_continuous_size': 15, 'attention_head_size': 1, 'learning_rate': 0.0021953786447025253}. Best is trial 89 with value: 234.47900390625.
LOCAL_RANK: 0 - CUDA_VISIBLE_DEVICES: [0]
[I 2023-11-30 03:10:54,464] Trial 127 finished with value: 337.4485168457031 and parameters: {'gradient_clip_val': 0.3204776953789918, 'hidden_size': 115, 'dropout': 0.32376130658074664, 'hidden_continuous_size': 44, 'attention_head_size': 1, 'learning_rate': 0.0014597240026167479}. Best is trial 89 with value: 234.47900390625.
LOCAL_RANK: 0 - CUDA_VISIBLE_DEVICES: [0]
[I 2023-11-30 03:11:08,039] Trial 128 finished with value: 344.4881286621094 and parameters: {'gradient_clip_val': 0.23772775402027088, 'hidden_size': 97, 'dropout': 0.2930996554765907, 'hidden_continuous_size': 32, 'attention_head_size': 1, 'learning_rate': 0.0018611671489042435}. Best is trial 89 with value: 234.47900390625.
LOCAL_RANK: 0 - CUDA_VISIBLE_DEVICES: [0]
[I 2023-11-30 03:11:22,088] Trial 129 finished with value: 426.2711181640625 and parameters: {'gradient_clip_val': 0.27707375056542694, 'hidden_size': 136, 'dropout': 0.3549447907418366, 'hidden_continuous_size': 38, 'attention_head_size': 1, 'learning_rate': 0.004116163501477971}. Best is trial 89 with value: 234.47900390625.
LOCAL_RANK: 0 - CUDA_VISIBLE_DEVICES: [0]
[I 2023-11-30 03:11:35,000] Trial 130 finished with value: 402.4452209472656 and parameters: {'gradient_clip_val': 0.3664893358147488, 'hidden_size': 37, 'dropout': 0.30613206273418125, 'hidden_continuous_size': 36, 'attention_head_size': 3, 'learning_rate': 0.0011412501868071705}. Best is trial 89 with value: 234.47900390625.
LOCAL_RANK: 0 - CUDA_VISIBLE_DEVICES: [0]
[I 2023-11-30 03:11:48,503] Trial 131 finished with value: 467.1956481933594 and parameters: {'gradient_clip_val': 0.21833360880765426, 'hidden_size': 94, 'dropout': 0.3406643506660962, 'hidden_continuous_size': 23, 'attention_head_size': 1, 'learning_rate': 0.0017274875211879517}. Best is trial 89 with value: 234.47900390625.
LOCAL_RANK: 0 - CUDA_VISIBLE_DEVICES: [0]
[I 2023-11-30 03:12:01,933] Trial 132 finished with value: 416.7723388671875 and parameters: {'gradient_clip_val': 0.25361096110377535, 'hidden_size': 90, 'dropout': 0.33047965711803423, 'hidden_continuous_size': 16, 'attention_head_size': 1, 'learning_rate': 0.0015731914338756325}. Best is trial 89 with value: 234.47900390625.
LOCAL_RANK: 0 - CUDA_VISIBLE_DEVICES: [0]
[I 2023-11-30 03:12:15,307] Trial 133 finished with value: 417.1937561035156 and parameters: {'gradient_clip_val': 0.20756990037568132, 'hidden_size': 78, 'dropout': 0.33604124254885165, 'hidden_continuous_size': 24, 'attention_head_size': 1, 'learning_rate': 0.0030332170761615896}. Best is trial 89 with value: 234.47900390625.
LOCAL_RANK: 0 - CUDA_VISIBLE_DEVICES: [0]
[I 2023-11-30 03:12:29,006] Trial 134 finished with value: 256.1651916503906 and parameters: {'gradient_clip_val': 0.2245779790408168, 'hidden_size': 100, 'dropout': 0.34408937912311177, 'hidden_continuous_size': 22, 'attention_head_size': 1, 'learning_rate': 0.001974060943258339}. Best is trial 89 with value: 234.47900390625.
LOCAL_RANK: 0 - CUDA_VISIBLE_DEVICES: [0]
[I 2023-11-30 03:12:42,768] Trial 135 finished with value: 400.3243713378906 and parameters: {'gradient_clip_val': 0.23769545071415257, 'hidden_size': 105, 'dropout': 0.3154548187141653, 'hidden_continuous_size': 20, 'attention_head_size': 1, 'learning_rate': 0.0021796619968263895}. Best is trial 89 with value: 234.47900390625.
LOCAL_RANK: 0 - CUDA_VISIBLE_DEVICES: [0]
[I 2023-11-30 03:12:56,057] Trial 136 finished with value: 372.593017578125 and parameters: {'gradient_clip_val': 0.1715821668151837, 'hidden_size': 71, 'dropout': 0.3521067867315657, 'hidden_continuous_size': 25, 'attention_head_size': 1, 'learning_rate': 0.003658127216883239}. Best is trial 89 with value: 234.47900390625.
LOCAL_RANK: 0 - CUDA_VISIBLE_DEVICES: [0]
[I 2023-11-30 03:13:08,880] Trial 137 finished with value: 286.0992736816406 and parameters: {'gradient_clip_val': 0.26307238709783115, 'hidden_size': 50, 'dropout': 0.34400988202966887, 'hidden_continuous_size': 24, 'attention_head_size': 1, 'learning_rate': 0.0025487838670165508}. Best is trial 89 with value: 234.47900390625.
LOCAL_RANK: 0 - CUDA_VISIBLE_DEVICES: [0]
[I 2023-11-30 03:13:22,644] Trial 138 finished with value: 288.2616882324219 and parameters: {'gradient_clip_val': 0.22796960506125563, 'hidden_size': 118, 'dropout': 0.29904489182178545, 'hidden_continuous_size': 19, 'attention_head_size': 1, 'learning_rate': 0.001917974001023206}. Best is trial 89 with value: 234.47900390625.
LOCAL_RANK: 0 - CUDA_VISIBLE_DEVICES: [0]
[I 2023-11-30 03:13:35,780] Trial 139 finished with value: 597.1217651367188 and parameters: {'gradient_clip_val': 0.1613805823080387, 'hidden_size': 56, 'dropout': 0.31171047238572847, 'hidden_continuous_size': 21, 'attention_head_size': 2, 'learning_rate': 0.0012843798833045768}. Best is trial 89 with value: 234.47900390625.
LOCAL_RANK: 0 - CUDA_VISIBLE_DEVICES: [0]
[I 2023-11-30 03:13:49,606] Trial 140 finished with value: 346.4478454589844 and parameters: {'gradient_clip_val': 0.15119373874627917, 'hidden_size': 110, 'dropout': 0.2402718766801717, 'hidden_continuous_size': 27, 'attention_head_size': 1, 'learning_rate': 0.0027973502640403066}. Best is trial 89 with value: 234.47900390625.
LOCAL_RANK: 0 - CUDA_VISIBLE_DEVICES: [0]
[I 2023-11-30 03:14:03,245] Trial 141 finished with value: 304.1808166503906 and parameters: {'gradient_clip_val': 0.2082418452334989, 'hidden_size': 101, 'dropout': 0.3453679904379308, 'hidden_continuous_size': 22, 'attention_head_size': 1, 'learning_rate': 0.001807197381770316}. Best is trial 89 with value: 234.47900390625.
LOCAL_RANK: 0 - CUDA_VISIBLE_DEVICES: [0]
[I 2023-11-30 03:14:16,504] Trial 142 finished with value: 319.3006286621094 and parameters: {'gradient_clip_val': 0.24582977188792834, 'hidden_size': 84, 'dropout': 0.3299911468759466, 'hidden_continuous_size': 22, 'attention_head_size': 1, 'learning_rate': 0.002040245947146951}. Best is trial 89 with value: 234.47900390625.
LOCAL_RANK: 0 - CUDA_VISIBLE_DEVICES: [0]
[I 2023-11-30 03:14:30,216] Trial 143 finished with value: 317.43408203125 and parameters: {'gradient_clip_val': 0.22600164829678102, 'hidden_size': 94, 'dropout': 0.35881138594054457, 'hidden_continuous_size': 26, 'attention_head_size': 1, 'learning_rate': 0.001692193176652255}. Best is trial 89 with value: 234.47900390625.
LOCAL_RANK: 0 - CUDA_VISIBLE_DEVICES: [0]
[I 2023-11-30 03:14:44,165] Trial 144 finished with value: 374.2974548339844 and parameters: {'gradient_clip_val': 0.18965306132010828, 'hidden_size': 124, 'dropout': 0.33840027564425523, 'hidden_continuous_size': 18, 'attention_head_size': 3, 'learning_rate': 0.001521599861169401}. Best is trial 89 with value: 234.47900390625.
LOCAL_RANK: 0 - CUDA_VISIBLE_DEVICES: [0]
[I 2023-11-30 03:14:57,340] Trial 145 finished with value: 280.4039611816406 and parameters: {'gradient_clip_val': 0.2958044762437581, 'hidden_size': 88, 'dropout': 0.32386106836844225, 'hidden_continuous_size': 13, 'attention_head_size': 1, 'learning_rate': 0.002387975344238194}. Best is trial 89 with value: 234.47900390625.
LOCAL_RANK: 0 - CUDA_VISIBLE_DEVICES: [0]
[I 2023-11-30 03:15:11,219] Trial 146 finished with value: 314.7202453613281 and parameters: {'gradient_clip_val': 0.21827049424598002, 'hidden_size': 132, 'dropout': 0.28918617569007216, 'hidden_continuous_size': 40, 'attention_head_size': 1, 'learning_rate': 0.0014181802880114227}. Best is trial 89 with value: 234.47900390625.
LOCAL_RANK: 0 - CUDA_VISIBLE_DEVICES: [0]
[I 2023-11-30 03:15:23,981] Trial 147 finished with value: 322.0106201171875 and parameters: {'gradient_clip_val': 0.19969296408338227, 'hidden_size': 46, 'dropout': 0.30524528853494837, 'hidden_continuous_size': 23, 'attention_head_size': 1, 'learning_rate': 0.003233202954907329}. Best is trial 89 with value: 234.47900390625.
LOCAL_RANK: 0 - CUDA_VISIBLE_DEVICES: [0]
[I 2023-11-30 03:15:37,097] Trial 148 finished with value: 297.629150390625 and parameters: {'gradient_clip_val': 0.13417837648368153, 'hidden_size': 66, 'dropout': 0.34850390649223983, 'hidden_continuous_size': 14, 'attention_head_size': 1, 'learning_rate': 0.002218152514665262}. Best is trial 89 with value: 234.47900390625.
LOCAL_RANK: 0 - CUDA_VISIBLE_DEVICES: [0]
[I 2023-11-30 03:15:50,637] Trial 149 finished with value: 287.7435607910156 and parameters: {'gradient_clip_val': 0.17982851671160266, 'hidden_size': 99, 'dropout': 0.3310333716190105, 'hidden_continuous_size': 12, 'attention_head_size': 3, 'learning_rate': 0.0018609770484033722}. Best is trial 89 with value: 234.47900390625.
[I 2023-11-30 03:15:50,747] A new study created in memory with name: no-name-261bc917-e947-4a6c-9b16-34dcf6aa2de5
/home/le004/conda/anaconda3/envs/tsff_env/lib/python3.9/site-packages/lightning/fabric/plugins/environments/slurm.py:191: The `srun` command is available on your system but is not used. HINT: If your intention is to run Lightning on SLURM, prepend your python command with `srun` like so: srun python /home/le004/master_thesis/git/TSFusionForecast/code/ ...
LOCAL_RANK: 0 - CUDA_VISIBLE_DEVICES: [0]
[I 2023-11-30 03:16:04,926] Trial 0 finished with value: 85.787109375 and parameters: {'gradient_clip_val': 0.5591934641824733, 'hidden_size': 114, 'dropout': 0.24808633003569994, 'hidden_continuous_size': 69, 'attention_head_size': 2, 'learning_rate': 0.00224852532395395}. Best is trial 0 with value: 85.787109375.
LOCAL_RANK: 0 - CUDA_VISIBLE_DEVICES: [0]
[I 2023-11-30 03:16:18,213] Trial 1 finished with value: 78.91995239257812 and parameters: {'gradient_clip_val': 0.25985020587955465, 'hidden_size': 100, 'dropout': 0.22017570548228546, 'hidden_continuous_size': 15, 'attention_head_size': 1, 'learning_rate': 0.006007792214497574}. Best is trial 1 with value: 78.91995239257812.
LOCAL_RANK: 0 - CUDA_VISIBLE_DEVICES: [0]
[I 2023-11-30 03:16:30,313] Trial 2 finished with value: 350.3171081542969 and parameters: {'gradient_clip_val': 0.12215896387021827, 'hidden_size': 13, 'dropout': 0.23900596031078117, 'hidden_continuous_size': 11, 'attention_head_size': 3, 'learning_rate': 0.003339073896413676}. Best is trial 1 with value: 78.91995239257812.
LOCAL_RANK: 0 - CUDA_VISIBLE_DEVICES: [0]
[I 2023-11-30 03:16:42,802] Trial 3 finished with value: 95.17272186279297 and parameters: {'gradient_clip_val': 0.1710612671956449, 'hidden_size': 27, 'dropout': 0.3277011765914689, 'hidden_continuous_size': 12, 'attention_head_size': 4, 'learning_rate': 0.008695024771241686}. Best is trial 1 with value: 78.91995239257812.
LOCAL_RANK: 0 - CUDA_VISIBLE_DEVICES: [0]
[I 2023-11-30 03:16:55,586] Trial 4 finished with value: 67.38937377929688 and parameters: {'gradient_clip_val': 0.6212758508272909, 'hidden_size': 48, 'dropout': 0.14704622074404197, 'hidden_continuous_size': 25, 'attention_head_size': 2, 'learning_rate': 0.024372601416727795}. Best is trial 4 with value: 67.38937377929688.
LOCAL_RANK: 0 - CUDA_VISIBLE_DEVICES: [0]
[I 2023-11-30 03:17:08,937] Trial 5 finished with value: 68.54320526123047 and parameters: {'gradient_clip_val': 0.3792920744591415, 'hidden_size': 52, 'dropout': 0.1456639984072608, 'hidden_continuous_size': 38, 'attention_head_size': 4, 'learning_rate': 0.021220932328745938}. Best is trial 4 with value: 67.38937377929688.
LOCAL_RANK: 0 - CUDA_VISIBLE_DEVICES: [0]
[I 2023-11-30 03:17:20,920] Trial 6 finished with value: 109.15643310546875 and parameters: {'gradient_clip_val': 0.10022344664388534, 'hidden_size': 19, 'dropout': 0.3156426149897514, 'hidden_continuous_size': 10, 'attention_head_size': 1, 'learning_rate': 0.010635233790911424}. Best is trial 4 with value: 67.38937377929688.
LOCAL_RANK: 0 - CUDA_VISIBLE_DEVICES: [0]
[I 2023-11-30 03:17:34,338] Trial 7 finished with value: 70.71609497070312 and parameters: {'gradient_clip_val': 0.16609308281728483, 'hidden_size': 77, 'dropout': 0.19703576481209956, 'hidden_continuous_size': 22, 'attention_head_size': 3, 'learning_rate': 0.05047549232591295}. Best is trial 4 with value: 67.38937377929688.
LOCAL_RANK: 0 - CUDA_VISIBLE_DEVICES: [0]
[I 2023-11-30 03:17:47,254] Trial 8 finished with value: 189.3794403076172 and parameters: {'gradient_clip_val': 0.7664724367345115, 'hidden_size': 33, 'dropout': 0.3126305550109999, 'hidden_continuous_size': 14, 'attention_head_size': 4, 'learning_rate': 0.0014639393951761913}. Best is trial 4 with value: 67.38937377929688.
LOCAL_RANK: 0 - CUDA_VISIBLE_DEVICES: [0]
[I 2023-11-30 03:18:01,056] Trial 9 finished with value: 66.3597183227539 and parameters: {'gradient_clip_val': 0.3541140404004098, 'hidden_size': 87, 'dropout': 0.3584612513809855, 'hidden_continuous_size': 33, 'attention_head_size': 4, 'learning_rate': 0.0592689715140078}. Best is trial 9 with value: 66.3597183227539.
LOCAL_RANK: 0 - CUDA_VISIBLE_DEVICES: [0]
[I 2023-11-30 03:18:15,823] Trial 10 finished with value: 72.99842071533203 and parameters: {'gradient_clip_val': 0.39790269500548486, 'hidden_size': 140, 'dropout': 0.3878900911614037, 'hidden_continuous_size': 135, 'attention_head_size': 3, 'learning_rate': 0.09677689647076017}. Best is trial 9 with value: 66.3597183227539.
LOCAL_RANK: 0 - CUDA_VISIBLE_DEVICES: [0]
[I 2023-11-30 03:18:29,053] Trial 11 finished with value: 70.40489959716797 and parameters: {'gradient_clip_val': 0.9503951904143372, 'hidden_size': 68, 'dropout': 0.10600979244424652, 'hidden_continuous_size': 26, 'attention_head_size': 2, 'learning_rate': 0.03738530251698717}. Best is trial 9 with value: 66.3597183227539.
LOCAL_RANK: 0 - CUDA_VISIBLE_DEVICES: [0]
[I 2023-11-30 03:18:41,678] Trial 12 finished with value: 61.9549446105957 and parameters: {'gradient_clip_val': 0.5852194116767906, 'hidden_size': 48, 'dropout': 0.17906401641059516, 'hidden_continuous_size': 27, 'attention_head_size': 2, 'learning_rate': 0.022185174265583394}. Best is trial 12 with value: 61.9549446105957.
LOCAL_RANK: 0 - CUDA_VISIBLE_DEVICES: [0]
[I 2023-11-30 03:18:55,291] Trial 13 finished with value: 65.99559783935547 and parameters: {'gradient_clip_val': 0.5212294022462937, 'hidden_size': 69, 'dropout': 0.28366156974784534, 'hidden_continuous_size': 33, 'attention_head_size': 2, 'learning_rate': 0.0604961926622125}. Best is trial 12 with value: 61.9549446105957.
LOCAL_RANK: 0 - CUDA_VISIBLE_DEVICES: [0]
[I 2023-11-30 03:19:08,206] Trial 14 finished with value: 71.10830688476562 and parameters: {'gradient_clip_val': 0.5195760149637887, 'hidden_size': 49, 'dropout': 0.2865293893753611, 'hidden_continuous_size': 18, 'attention_head_size': 2, 'learning_rate': 0.09573687270695402}. Best is trial 12 with value: 61.9549446105957.
LOCAL_RANK: 0 - CUDA_VISIBLE_DEVICES: [0]
[I 2023-11-30 03:19:21,493] Trial 15 finished with value: 69.9188461303711 and parameters: {'gradient_clip_val': 0.9305130462754243, 'hidden_size': 61, 'dropout': 0.2777798332300462, 'hidden_continuous_size': 32, 'attention_head_size': 1, 'learning_rate': 0.021388430234941833}. Best is trial 12 with value: 61.9549446105957.
LOCAL_RANK: 0 - CUDA_VISIBLE_DEVICES: [0]
[I 2023-11-30 03:19:34,154] Trial 16 finished with value: 71.4808578491211 and parameters: {'gradient_clip_val': 0.49681559709122236, 'hidden_size': 38, 'dropout': 0.1989477155128502, 'hidden_continuous_size': 19, 'attention_head_size': 2, 'learning_rate': 0.03518483000899564}. Best is trial 12 with value: 61.9549446105957.
LOCAL_RANK: 0 - CUDA_VISIBLE_DEVICES: [0]
[I 2023-11-30 03:19:47,745] Trial 17 finished with value: 67.61211395263672 and parameters: {'gradient_clip_val': 0.7126520405036503, 'hidden_size': 76, 'dropout': 0.2725125388966262, 'hidden_continuous_size': 39, 'attention_head_size': 3, 'learning_rate': 0.013154457954296012}. Best is trial 12 with value: 61.9549446105957.
LOCAL_RANK: 0 - CUDA_VISIBLE_DEVICES: [0]
[I 2023-11-30 03:20:01,746] Trial 18 finished with value: 67.16268157958984 and parameters: {'gradient_clip_val': 0.45802015414811775, 'hidden_size': 131, 'dropout': 0.21078256433225276, 'hidden_continuous_size': 50, 'attention_head_size': 1, 'learning_rate': 0.06322787091715029}. Best is trial 12 with value: 61.9549446105957.
LOCAL_RANK: 0 - CUDA_VISIBLE_DEVICES: [0]
[I 2023-11-30 03:20:15,465] Trial 19 finished with value: 69.87198638916016 and parameters: {'gradient_clip_val': 0.29193874357528293, 'hidden_size': 95, 'dropout': 0.25713346740806386, 'hidden_continuous_size': 26, 'attention_head_size': 2, 'learning_rate': 0.01594864070267119}. Best is trial 12 with value: 61.9549446105957.
LOCAL_RANK: 0 - CUDA_VISIBLE_DEVICES: [0]
[I 2023-11-30 03:20:28,092] Trial 20 finished with value: 70.35230255126953 and parameters: {'gradient_clip_val': 0.6417604489495552, 'hidden_size': 38, 'dropout': 0.1800366366981999, 'hidden_continuous_size': 17, 'attention_head_size': 3, 'learning_rate': 0.03085794178453045}. Best is trial 12 with value: 61.9549446105957.
LOCAL_RANK: 0 - CUDA_VISIBLE_DEVICES: [0]
[I 2023-11-30 03:20:41,518] Trial 21 finished with value: 71.4817123413086 and parameters: {'gradient_clip_val': 0.3794355367006358, 'hidden_size': 84, 'dropout': 0.3587100846014689, 'hidden_continuous_size': 31, 'attention_head_size': 2, 'learning_rate': 0.061150790364134594}. Best is trial 12 with value: 61.9549446105957.
LOCAL_RANK: 0 - CUDA_VISIBLE_DEVICES: [0]
[I 2023-11-30 03:20:54,905] Trial 22 finished with value: 69.66659545898438 and parameters: {'gradient_clip_val': 0.3183023124969845, 'hidden_size': 62, 'dropout': 0.3902921114645405, 'hidden_continuous_size': 23, 'attention_head_size': 4, 'learning_rate': 0.045969540363410555}. Best is trial 12 with value: 61.9549446105957.
LOCAL_RANK: 0 - CUDA_VISIBLE_DEVICES: [0]
[I 2023-11-30 03:21:08,805] Trial 23 finished with value: 74.53463745117188 and parameters: {'gradient_clip_val': 0.45483101347002275, 'hidden_size': 97, 'dropout': 0.3441665733497319, 'hidden_continuous_size': 35, 'attention_head_size': 3, 'learning_rate': 0.06229552895641847}. Best is trial 12 with value: 61.9549446105957.
LOCAL_RANK: 0 - CUDA_VISIBLE_DEVICES: [0]
[I 2023-11-30 03:21:23,229] Trial 24 finished with value: 67.7416763305664 and parameters: {'gradient_clip_val': 0.5947015602724163, 'hidden_size': 147, 'dropout': 0.298320676226024, 'hidden_continuous_size': 47, 'attention_head_size': 2, 'learning_rate': 0.029307258403050745}. Best is trial 12 with value: 61.9549446105957.
LOCAL_RANK: 0 - CUDA_VISIBLE_DEVICES: [0]
[I 2023-11-30 03:21:36,446] Trial 25 finished with value: 70.41826629638672 and parameters: {'gradient_clip_val': 0.7167617756966596, 'hidden_size': 59, 'dropout': 0.36641976166733303, 'hidden_continuous_size': 29, 'attention_head_size': 1, 'learning_rate': 0.04558459311235778}. Best is trial 12 with value: 61.9549446105957.
LOCAL_RANK: 0 - CUDA_VISIBLE_DEVICES: [0]
[I 2023-11-30 03:21:49,954] Trial 26 finished with value: 70.51638793945312 and parameters: {'gradient_clip_val': 0.5341359075544039, 'hidden_size': 77, 'dropout': 0.2975610366523321, 'hidden_continuous_size': 29, 'attention_head_size': 3, 'learning_rate': 0.07326305167105346}. Best is trial 12 with value: 61.9549446105957.
LOCAL_RANK: 0 - CUDA_VISIBLE_DEVICES: [0]
[I 2023-11-30 03:22:03,608] Trial 27 finished with value: 66.44839477539062 and parameters: {'gradient_clip_val': 0.420349570305384, 'hidden_size': 105, 'dropout': 0.3374809093557298, 'hidden_continuous_size': 21, 'attention_head_size': 2, 'learning_rate': 0.04060375648317683}. Best is trial 12 with value: 61.9549446105957.
LOCAL_RANK: 0 - CUDA_VISIBLE_DEVICES: [0]
[I 2023-11-30 03:22:16,695] Trial 28 finished with value: 78.03135681152344 and parameters: {'gradient_clip_val': 0.7786609552940216, 'hidden_size': 46, 'dropout': 0.3993273666807903, 'hidden_continuous_size': 20, 'attention_head_size': 4, 'learning_rate': 0.018926668486248143}. Best is trial 12 with value: 61.9549446105957.
LOCAL_RANK: 0 - CUDA_VISIBLE_DEVICES: [0]
[I 2023-11-30 03:22:30,823] Trial 29 finished with value: 66.72909545898438 and parameters: {'gradient_clip_val': 0.5853990403336011, 'hidden_size': 124, 'dropout': 0.2503931910811866, 'hidden_continuous_size': 45, 'attention_head_size': 2, 'learning_rate': 0.026421214528062658}. Best is trial 12 with value: 61.9549446105957.
LOCAL_RANK: 0 - CUDA_VISIBLE_DEVICES: [0]
[I 2023-11-30 03:22:44,739] Trial 30 finished with value: 65.34185028076172 and parameters: {'gradient_clip_val': 0.5192598441940706, 'hidden_size': 112, 'dropout': 0.2680641833951798, 'hidden_continuous_size': 58, 'attention_head_size': 1, 'learning_rate': 0.031451234991235526}. Best is trial 12 with value: 61.9549446105957.
LOCAL_RANK: 0 - CUDA_VISIBLE_DEVICES: [0]
