[I 2023-11-30 00:25:55,806] Trial 113 finished with value: 45.76365280151367 and parameters: {'gradient_clip_val': 0.501008457970598, 'hidden_size': 78, 'dropout': 0.2713419399121004, 'hidden_continuous_size': 62, 'attention_head_size': 2, 'learning_rate': 0.0705356811777472}. Best is trial 11 with value: 40.838897705078125.
LOCAL_RANK: 0 - CUDA_VISIBLE_DEVICES: [0]
[I 2023-11-30 00:26:09,636] Trial 114 finished with value: 58.351837158203125 and parameters: {'gradient_clip_val': 0.45647893431540837, 'hidden_size': 65, 'dropout': 0.29219377925848955, 'hidden_continuous_size': 57, 'attention_head_size': 2, 'learning_rate': 0.04566005571283347}. Best is trial 11 with value: 40.838897705078125.
LOCAL_RANK: 0 - CUDA_VISIBLE_DEVICES: [0]
[I 2023-11-30 00:26:23,105] Trial 115 finished with value: 45.7700080871582 and parameters: {'gradient_clip_val': 0.5341764937597027, 'hidden_size': 61, 'dropout': 0.3024920837863479, 'hidden_continuous_size': 48, 'attention_head_size': 2, 'learning_rate': 0.08123313792946013}. Best is trial 11 with value: 40.838897705078125.
LOCAL_RANK: 0 - CUDA_VISIBLE_DEVICES: [0]
[I 2023-11-30 00:26:36,688] Trial 116 finished with value: 45.81858444213867 and parameters: {'gradient_clip_val': 0.4010810733214257, 'hidden_size': 72, 'dropout': 0.2841347347728552, 'hidden_continuous_size': 52, 'attention_head_size': 2, 'learning_rate': 0.05347587594001755}. Best is trial 11 with value: 40.838897705078125.
LOCAL_RANK: 0 - CUDA_VISIBLE_DEVICES: [0]
[I 2023-11-30 00:26:50,628] Trial 117 finished with value: 42.47976303100586 and parameters: {'gradient_clip_val': 0.5931627739795228, 'hidden_size': 98, 'dropout': 0.24090350234308622, 'hidden_continuous_size': 35, 'attention_head_size': 4, 'learning_rate': 0.06217104798212476}. Best is trial 11 with value: 40.838897705078125.
LOCAL_RANK: 0 - CUDA_VISIBLE_DEVICES: [0]
[I 2023-11-30 00:27:04,531] Trial 118 finished with value: 72.56000518798828 and parameters: {'gradient_clip_val': 0.6263021811021905, 'hidden_size': 100, 'dropout': 0.2408931278417657, 'hidden_continuous_size': 35, 'attention_head_size': 4, 'learning_rate': 0.09932907607116516}. Best is trial 11 with value: 40.838897705078125.
LOCAL_RANK: 0 - CUDA_VISIBLE_DEVICES: [0]
[I 2023-11-30 00:27:18,078] Trial 119 finished with value: 48.23615646362305 and parameters: {'gradient_clip_val': 0.5931910138854612, 'hidden_size': 52, 'dropout': 0.22450683219954745, 'hidden_continuous_size': 42, 'attention_head_size': 4, 'learning_rate': 0.06397078550596483}. Best is trial 11 with value: 40.838897705078125.
LOCAL_RANK: 0 - CUDA_VISIBLE_DEVICES: [0]
[I 2023-11-30 00:27:31,896] Trial 120 finished with value: 45.4763069152832 and parameters: {'gradient_clip_val': 0.36929308193337385, 'hidden_size': 90, 'dropout': 0.19797914589112092, 'hidden_continuous_size': 32, 'attention_head_size': 4, 'learning_rate': 0.048844496517313894}. Best is trial 11 with value: 40.838897705078125.
LOCAL_RANK: 0 - CUDA_VISIBLE_DEVICES: [0]
[I 2023-11-30 00:27:45,443] Trial 121 finished with value: 42.13275146484375 and parameters: {'gradient_clip_val': 0.5617248333991182, 'hidden_size': 83, 'dropout': 0.2618630369221969, 'hidden_continuous_size': 27, 'attention_head_size': 4, 'learning_rate': 0.06039350117790448}. Best is trial 11 with value: 40.838897705078125.
LOCAL_RANK: 0 - CUDA_VISIBLE_DEVICES: [0]
[I 2023-11-30 00:27:59,099] Trial 122 finished with value: 46.71354293823242 and parameters: {'gradient_clip_val': 0.5178490261852219, 'hidden_size': 90, 'dropout': 0.2173523639192052, 'hidden_continuous_size': 27, 'attention_head_size': 4, 'learning_rate': 0.07185818451510428}. Best is trial 11 with value: 40.838897705078125.
LOCAL_RANK: 0 - CUDA_VISIBLE_DEVICES: [0]
[I 2023-11-30 00:28:13,087] Trial 123 finished with value: 78.76078033447266 and parameters: {'gradient_clip_val': 0.5029979498149106, 'hidden_size': 107, 'dropout': 0.2583628377991927, 'hidden_continuous_size': 33, 'attention_head_size': 4, 'learning_rate': 0.07902235093379988}. Best is trial 11 with value: 40.838897705078125.
LOCAL_RANK: 0 - CUDA_VISIBLE_DEVICES: [0]
[I 2023-11-30 00:28:26,872] Trial 124 finished with value: 52.88666915893555 and parameters: {'gradient_clip_val': 0.5403576527234653, 'hidden_size': 84, 'dropout': 0.22716729372802105, 'hidden_continuous_size': 26, 'attention_head_size': 4, 'learning_rate': 0.06324750638002534}. Best is trial 11 with value: 40.838897705078125.
LOCAL_RANK: 0 - CUDA_VISIBLE_DEVICES: [0]
[I 2023-11-30 00:28:40,488] Trial 125 finished with value: 45.3021240234375 and parameters: {'gradient_clip_val': 0.6921209896236559, 'hidden_size': 100, 'dropout': 0.26471562680562327, 'hidden_continuous_size': 31, 'attention_head_size': 4, 'learning_rate': 0.045597603184870134}. Best is trial 11 with value: 40.838897705078125.
LOCAL_RANK: 0 - CUDA_VISIBLE_DEVICES: [0]
[I 2023-11-30 00:28:52,997] Trial 126 finished with value: 47.97700119018555 and parameters: {'gradient_clip_val': 0.5765860959351725, 'hidden_size': 32, 'dropout': 0.24851528317049745, 'hidden_continuous_size': 31, 'attention_head_size': 4, 'learning_rate': 0.053858643890736635}. Best is trial 11 with value: 40.838897705078125.
LOCAL_RANK: 0 - CUDA_VISIBLE_DEVICES: [0]
[I 2023-11-30 00:29:06,726] Trial 127 finished with value: 46.8124885559082 and parameters: {'gradient_clip_val': 0.6435434976033686, 'hidden_size': 95, 'dropout': 0.27493762458914023, 'hidden_continuous_size': 24, 'attention_head_size': 4, 'learning_rate': 0.03856869896982476}. Best is trial 11 with value: 40.838897705078125.
LOCAL_RANK: 0 - CUDA_VISIBLE_DEVICES: [0]
[I 2023-11-30 00:29:20,313] Trial 128 finished with value: 46.624332427978516 and parameters: {'gradient_clip_val': 0.45316249006476295, 'hidden_size': 76, 'dropout': 0.18115996826520658, 'hidden_continuous_size': 28, 'attention_head_size': 4, 'learning_rate': 0.05858327267302017}. Best is trial 11 with value: 40.838897705078125.
LOCAL_RANK: 0 - CUDA_VISIBLE_DEVICES: [0]
[I 2023-11-30 00:29:34,095] Trial 129 finished with value: 45.31687927246094 and parameters: {'gradient_clip_val': 0.6058109236312038, 'hidden_size': 67, 'dropout': 0.24533060319941563, 'hidden_continuous_size': 39, 'attention_head_size': 3, 'learning_rate': 0.06843148703154954}. Best is trial 11 with value: 40.838897705078125.
LOCAL_RANK: 0 - CUDA_VISIBLE_DEVICES: [0]
[I 2023-11-30 00:29:47,681] Trial 130 finished with value: 46.7678337097168 and parameters: {'gradient_clip_val': 0.48263412032708014, 'hidden_size': 59, 'dropout': 0.2624368641161396, 'hidden_continuous_size': 37, 'attention_head_size': 4, 'learning_rate': 0.08711274325612212}. Best is trial 11 with value: 40.838897705078125.
LOCAL_RANK: 0 - CUDA_VISIBLE_DEVICES: [0]
[I 2023-11-30 00:30:01,620] Trial 131 finished with value: 47.5539665222168 and parameters: {'gradient_clip_val': 0.5609697609678581, 'hidden_size': 81, 'dropout': 0.2778008391555415, 'hidden_continuous_size': 67, 'attention_head_size': 2, 'learning_rate': 0.05619217778916134}. Best is trial 11 with value: 40.838897705078125.
LOCAL_RANK: 0 - CUDA_VISIBLE_DEVICES: [0]
[I 2023-11-30 00:30:15,462] Trial 132 finished with value: 45.76469802856445 and parameters: {'gradient_clip_val': 0.5664863383270223, 'hidden_size': 116, 'dropout': 0.25361401945157, 'hidden_continuous_size': 35, 'attention_head_size': 2, 'learning_rate': 0.049931794440096045}. Best is trial 11 with value: 40.838897705078125.
LOCAL_RANK: 0 - CUDA_VISIBLE_DEVICES: [0]
[I 2023-11-30 00:30:29,311] Trial 133 finished with value: 51.75850296020508 and parameters: {'gradient_clip_val': 0.669105658230733, 'hidden_size': 75, 'dropout': 0.2884179156292748, 'hidden_continuous_size': 55, 'attention_head_size': 2, 'learning_rate': 0.06193745685645734}. Best is trial 11 with value: 40.838897705078125.
LOCAL_RANK: 0 - CUDA_VISIBLE_DEVICES: [0]
[I 2023-11-30 00:30:42,698] Trial 134 finished with value: 85.46014404296875 and parameters: {'gradient_clip_val': 0.5321350608023537, 'hidden_size': 81, 'dropout': 0.2334389164353515, 'hidden_continuous_size': 29, 'attention_head_size': 3, 'learning_rate': 0.07590696157176462}. Best is trial 11 with value: 40.838897705078125.
LOCAL_RANK: 0 - CUDA_VISIBLE_DEVICES: [0]
[I 2023-11-30 00:30:56,318] Trial 135 finished with value: 48.03681564331055 and parameters: {'gradient_clip_val': 0.6203106862895275, 'hidden_size': 72, 'dropout': 0.26846756717421316, 'hidden_continuous_size': 50, 'attention_head_size': 2, 'learning_rate': 0.0669911447042907}. Best is trial 11 with value: 40.838897705078125.
LOCAL_RANK: 0 - CUDA_VISIBLE_DEVICES: [0]
[I 2023-11-30 00:31:09,911] Trial 136 finished with value: 51.16032028198242 and parameters: {'gradient_clip_val': 0.42435318547499623, 'hidden_size': 63, 'dropout': 0.20930832020901383, 'hidden_continuous_size': 40, 'attention_head_size': 4, 'learning_rate': 0.04143593794760931}. Best is trial 11 with value: 40.838897705078125.
LOCAL_RANK: 0 - CUDA_VISIBLE_DEVICES: [0]
[I 2023-11-30 00:31:23,270] Trial 137 finished with value: 41.09446334838867 and parameters: {'gradient_clip_val': 0.587037720880327, 'hidden_size': 56, 'dropout': 0.2578737174701537, 'hidden_continuous_size': 45, 'attention_head_size': 2, 'learning_rate': 0.05762160676206276}. Best is trial 11 with value: 40.838897705078125.
LOCAL_RANK: 0 - CUDA_VISIBLE_DEVICES: [0]
[I 2023-11-30 00:31:36,608] Trial 138 finished with value: 48.41796875 and parameters: {'gradient_clip_val': 0.6006299880994245, 'hidden_size': 55, 'dropout': 0.2572479347688326, 'hidden_continuous_size': 45, 'attention_head_size': 1, 'learning_rate': 0.046370244691177114}. Best is trial 11 with value: 40.838897705078125.
LOCAL_RANK: 0 - CUDA_VISIBLE_DEVICES: [0]
[I 2023-11-30 00:31:49,828] Trial 139 finished with value: 47.3143310546875 and parameters: {'gradient_clip_val': 0.47443150433985376, 'hidden_size': 47, 'dropout': 0.12200849596330907, 'hidden_continuous_size': 43, 'attention_head_size': 2, 'learning_rate': 0.05130833837226587}. Best is trial 11 with value: 40.838897705078125.
LOCAL_RANK: 0 - CUDA_VISIBLE_DEVICES: [0]
[I 2023-11-30 00:32:03,470] Trial 140 finished with value: 58.7634162902832 and parameters: {'gradient_clip_val': 0.40820702240127316, 'hidden_size': 50, 'dropout': 0.23951675909926926, 'hidden_continuous_size': 46, 'attention_head_size': 3, 'learning_rate': 0.034343262147837304}. Best is trial 11 with value: 40.838897705078125.
LOCAL_RANK: 0 - CUDA_VISIBLE_DEVICES: [0]
[I 2023-11-30 00:32:17,113] Trial 141 finished with value: 46.26972579956055 and parameters: {'gradient_clip_val': 0.5773187641795835, 'hidden_size': 86, 'dropout': 0.28102271098860343, 'hidden_continuous_size': 34, 'attention_head_size': 2, 'learning_rate': 0.057922462833135235}. Best is trial 11 with value: 40.838897705078125.
LOCAL_RANK: 0 - CUDA_VISIBLE_DEVICES: [0]
[I 2023-11-30 00:32:30,590] Trial 142 finished with value: 51.57521438598633 and parameters: {'gradient_clip_val': 0.5116124450633632, 'hidden_size': 57, 'dropout': 0.27390033574097583, 'hidden_continuous_size': 49, 'attention_head_size': 2, 'learning_rate': 0.06036001643082108}. Best is trial 11 with value: 40.838897705078125.
LOCAL_RANK: 0 - CUDA_VISIBLE_DEVICES: [0]
[I 2023-11-30 00:32:43,956] Trial 143 finished with value: 51.091552734375 and parameters: {'gradient_clip_val': 0.5459801278581727, 'hidden_size': 54, 'dropout': 0.26349550940913496, 'hidden_continuous_size': 48, 'attention_head_size': 2, 'learning_rate': 0.07179166587914008}. Best is trial 11 with value: 40.838897705078125.
LOCAL_RANK: 0 - CUDA_VISIBLE_DEVICES: [0]
[I 2023-11-30 00:32:57,311] Trial 144 finished with value: 54.35020065307617 and parameters: {'gradient_clip_val': 0.6281370633634276, 'hidden_size': 68, 'dropout': 0.24837640727892374, 'hidden_continuous_size': 27, 'attention_head_size': 2, 'learning_rate': 0.05484735922056876}. Best is trial 11 with value: 40.838897705078125.
LOCAL_RANK: 0 - CUDA_VISIBLE_DEVICES: [0]
[I 2023-11-30 00:33:10,886] Trial 145 finished with value: 51.45305252075195 and parameters: {'gradient_clip_val': 0.3839804754485047, 'hidden_size': 61, 'dropout': 0.2683087467706076, 'hidden_continuous_size': 53, 'attention_head_size': 2, 'learning_rate': 0.017445703010649447}. Best is trial 11 with value: 40.838897705078125.
LOCAL_RANK: 0 - CUDA_VISIBLE_DEVICES: [0]
[I 2023-11-30 00:33:23,542] Trial 146 finished with value: 53.466064453125 and parameters: {'gradient_clip_val': 0.6528756894057276, 'hidden_size': 29, 'dropout': 0.2545263007764567, 'hidden_continuous_size': 28, 'attention_head_size': 2, 'learning_rate': 0.04314208371589069}. Best is trial 11 with value: 40.838897705078125.
LOCAL_RANK: 0 - CUDA_VISIBLE_DEVICES: [0]
[I 2023-11-30 00:33:36,860] Trial 147 finished with value: 62.539730072021484 and parameters: {'gradient_clip_val': 0.43820790756068045, 'hidden_size': 65, 'dropout': 0.11278343480965973, 'hidden_continuous_size': 25, 'attention_head_size': 2, 'learning_rate': 0.06696087286369842}. Best is trial 11 with value: 40.838897705078125.
LOCAL_RANK: 0 - CUDA_VISIBLE_DEVICES: [0]
[I 2023-11-30 00:33:50,453] Trial 148 finished with value: 46.5806770324707 and parameters: {'gradient_clip_val': 0.6987183937684194, 'hidden_size': 71, 'dropout': 0.15971096058260073, 'hidden_continuous_size': 41, 'attention_head_size': 2, 'learning_rate': 0.08111256060129735}. Best is trial 11 with value: 40.838897705078125.
LOCAL_RANK: 0 - CUDA_VISIBLE_DEVICES: [0]
[I 2023-11-30 00:34:03,594] Trial 149 finished with value: 44.8950309753418 and parameters: {'gradient_clip_val': 0.5005979812077072, 'hidden_size': 42, 'dropout': 0.2999031411377247, 'hidden_continuous_size': 40, 'attention_head_size': 2, 'learning_rate': 0.04938725064118633}. Best is trial 11 with value: 40.838897705078125.
[I 2023-11-30 00:34:03,707] A new study created in memory with name: no-name-6ed2e4ad-26dc-4bb5-824e-a23bcbbedfc0
/home/le004/conda/anaconda3/envs/tsff_env/lib/python3.9/site-packages/lightning/fabric/plugins/environments/slurm.py:191: The `srun` command is available on your system but is not used. HINT: If your intention is to run Lightning on SLURM, prepend your python command with `srun` like so: srun python /home/le004/master_thesis/git/TSFusionForecast/code/ ...
LOCAL_RANK: 0 - CUDA_VISIBLE_DEVICES: [0]
[I 2023-11-30 00:34:16,487] Trial 0 finished with value: 53.888797760009766 and parameters: {'gradient_clip_val': 0.35726818289313245, 'hidden_size': 47, 'dropout': 0.12500465012212708, 'hidden_continuous_size': 18, 'attention_head_size': 1, 'learning_rate': 0.054454399672819745}. Best is trial 0 with value: 53.888797760009766.
LOCAL_RANK: 0 - CUDA_VISIBLE_DEVICES: [0]
[I 2023-11-30 00:34:29,973] Trial 1 finished with value: 57.18668746948242 and parameters: {'gradient_clip_val': 0.7312314208984876, 'hidden_size': 85, 'dropout': 0.17364631040346662, 'hidden_continuous_size': 21, 'attention_head_size': 3, 'learning_rate': 0.02480246583756665}. Best is trial 0 with value: 53.888797760009766.
LOCAL_RANK: 0 - CUDA_VISIBLE_DEVICES: [0]
[I 2023-11-30 00:34:42,826] Trial 2 finished with value: 86.62252807617188 and parameters: {'gradient_clip_val': 0.9986778895805323, 'hidden_size': 37, 'dropout': 0.24481110346485543, 'hidden_continuous_size': 25, 'attention_head_size': 4, 'learning_rate': 0.0033936571549317528}. Best is trial 0 with value: 53.888797760009766.
LOCAL_RANK: 0 - CUDA_VISIBLE_DEVICES: [0]
[I 2023-11-30 00:34:56,701] Trial 3 finished with value: 68.78404998779297 and parameters: {'gradient_clip_val': 0.4573508066328012, 'hidden_size': 94, 'dropout': 0.284205299466264, 'hidden_continuous_size': 33, 'attention_head_size': 4, 'learning_rate': 0.0026170562486244257}. Best is trial 0 with value: 53.888797760009766.
LOCAL_RANK: 0 - CUDA_VISIBLE_DEVICES: [0]
[I 2023-11-30 00:35:09,299] Trial 4 finished with value: 158.67515563964844 and parameters: {'gradient_clip_val': 0.11023607718500518, 'hidden_size': 44, 'dropout': 0.14403375960039227, 'hidden_continuous_size': 14, 'attention_head_size': 3, 'learning_rate': 0.0012805144078217058}. Best is trial 0 with value: 53.888797760009766.
LOCAL_RANK: 0 - CUDA_VISIBLE_DEVICES: [0]
[I 2023-11-30 00:35:22,486] Trial 5 finished with value: 55.16395568847656 and parameters: {'gradient_clip_val': 0.31527763822188537, 'hidden_size': 51, 'dropout': 0.2014365482025553, 'hidden_continuous_size': 27, 'attention_head_size': 1, 'learning_rate': 0.022122528718124552}. Best is trial 0 with value: 53.888797760009766.
LOCAL_RANK: 0 - CUDA_VISIBLE_DEVICES: [0]
[I 2023-11-30 00:35:36,318] Trial 6 finished with value: 60.01808547973633 and parameters: {'gradient_clip_val': 0.5343928001864883, 'hidden_size': 110, 'dropout': 0.3457637461713691, 'hidden_continuous_size': 26, 'attention_head_size': 2, 'learning_rate': 0.048663799719345036}. Best is trial 0 with value: 53.888797760009766.
LOCAL_RANK: 0 - CUDA_VISIBLE_DEVICES: [0]
[I 2023-11-30 00:35:48,138] Trial 7 finished with value: 183.9905548095703 and parameters: {'gradient_clip_val': 0.1907382590030398, 'hidden_size': 12, 'dropout': 0.1692696357837597, 'hidden_continuous_size': 11, 'attention_head_size': 2, 'learning_rate': 0.004807153571270399}. Best is trial 0 with value: 53.888797760009766.
LOCAL_RANK: 0 - CUDA_VISIBLE_DEVICES: [0]
[I 2023-11-30 00:36:00,686] Trial 8 finished with value: 57.25249099731445 and parameters: {'gradient_clip_val': 0.5423535652517822, 'hidden_size': 27, 'dropout': 0.2546436027720582, 'hidden_continuous_size': 22, 'attention_head_size': 4, 'learning_rate': 0.015854567406651324}. Best is trial 0 with value: 53.888797760009766.
LOCAL_RANK: 0 - CUDA_VISIBLE_DEVICES: [0]
[I 2023-11-30 00:36:12,820] Trial 9 finished with value: 182.4970245361328 and parameters: {'gradient_clip_val': 0.42368617508846385, 'hidden_size': 23, 'dropout': 0.34699264534183183, 'hidden_continuous_size': 10, 'attention_head_size': 2, 'learning_rate': 0.0019148557595343957}. Best is trial 0 with value: 53.888797760009766.
LOCAL_RANK: 0 - CUDA_VISIBLE_DEVICES: [0]
[I 2023-11-30 00:36:27,220] Trial 10 finished with value: 56.83560562133789 and parameters: {'gradient_clip_val': 0.28180071000846946, 'hidden_size': 142, 'dropout': 0.11135518887065897, 'hidden_continuous_size': 61, 'attention_head_size': 1, 'learning_rate': 0.06618778767408291}. Best is trial 0 with value: 53.888797760009766.
LOCAL_RANK: 0 - CUDA_VISIBLE_DEVICES: [0]
[I 2023-11-30 00:36:40,135] Trial 11 finished with value: 58.23231887817383 and parameters: {'gradient_clip_val': 0.2785242095010296, 'hidden_size': 57, 'dropout': 0.10890291382072614, 'hidden_continuous_size': 17, 'attention_head_size': 1, 'learning_rate': 0.09628776736916785}. Best is trial 0 with value: 53.888797760009766.
LOCAL_RANK: 0 - CUDA_VISIBLE_DEVICES: [0]
[I 2023-11-30 00:36:53,467] Trial 12 finished with value: 71.42269134521484 and parameters: {'gradient_clip_val': 0.3301225749476624, 'hidden_size': 63, 'dropout': 0.19766706510079574, 'hidden_continuous_size': 36, 'attention_head_size': 1, 'learning_rate': 0.03220681605310114}. Best is trial 0 with value: 53.888797760009766.
LOCAL_RANK: 0 - CUDA_VISIBLE_DEVICES: [0]
[I 2023-11-30 00:37:06,449] Trial 13 finished with value: 58.17654037475586 and parameters: {'gradient_clip_val': 0.22380783480195973, 'hidden_size': 59, 'dropout': 0.214138834749248, 'hidden_continuous_size': 15, 'attention_head_size': 1, 'learning_rate': 0.010510367766049928}. Best is trial 0 with value: 53.888797760009766.
LOCAL_RANK: 0 - CUDA_VISIBLE_DEVICES: [0]
[I 2023-11-30 00:37:19,050] Trial 14 finished with value: 59.29414749145508 and parameters: {'gradient_clip_val': 0.3562830176448679, 'hidden_size': 40, 'dropout': 0.13715957805505638, 'hidden_continuous_size': 18, 'attention_head_size': 2, 'learning_rate': 0.02897841446897282}. Best is trial 0 with value: 53.888797760009766.
LOCAL_RANK: 0 - CUDA_VISIBLE_DEVICES: [0]
[I 2023-11-30 00:37:31,478] Trial 15 finished with value: 59.82847595214844 and parameters: {'gradient_clip_val': 0.19242097011694126, 'hidden_size': 25, 'dropout': 0.16018350469346732, 'hidden_continuous_size': 13, 'attention_head_size': 1, 'learning_rate': 0.01535413034166817}. Best is trial 0 with value: 53.888797760009766.
LOCAL_RANK: 0 - CUDA_VISIBLE_DEVICES: [0]
[I 2023-11-30 00:37:44,775] Trial 16 finished with value: 60.4172248840332 and parameters: {'gradient_clip_val': 0.3816359451886422, 'hidden_size': 71, 'dropout': 0.20132557221309316, 'hidden_continuous_size': 32, 'attention_head_size': 1, 'learning_rate': 0.049142007715224034}. Best is trial 0 with value: 53.888797760009766.
LOCAL_RANK: 0 - CUDA_VISIBLE_DEVICES: [0]
[I 2023-11-30 00:37:57,706] Trial 17 finished with value: 54.8769645690918 and parameters: {'gradient_clip_val': 0.23679524740322744, 'hidden_size': 49, 'dropout': 0.10044277807253421, 'hidden_continuous_size': 18, 'attention_head_size': 3, 'learning_rate': 0.07164394359298959}. Best is trial 0 with value: 53.888797760009766.
LOCAL_RANK: 0 - CUDA_VISIBLE_DEVICES: [0]
[I 2023-11-30 00:38:10,368] Trial 18 finished with value: 54.668426513671875 and parameters: {'gradient_clip_val': 0.14424726959326362, 'hidden_size': 33, 'dropout': 0.10300756076521775, 'hidden_continuous_size': 17, 'attention_head_size': 3, 'learning_rate': 0.09656368688950313}. Best is trial 0 with value: 53.888797760009766.
LOCAL_RANK: 0 - CUDA_VISIBLE_DEVICES: [0]
[I 2023-11-30 00:38:22,813] Trial 19 finished with value: 56.988616943359375 and parameters: {'gradient_clip_val': 0.12836051655050998, 'hidden_size': 33, 'dropout': 0.1315698620700037, 'hidden_continuous_size': 12, 'attention_head_size': 3, 'learning_rate': 0.09617933149008479}. Best is trial 0 with value: 53.888797760009766.
LOCAL_RANK: 0 - CUDA_VISIBLE_DEVICES: [0]
[I 2023-11-30 00:38:35,137] Trial 20 finished with value: 55.28021240234375 and parameters: {'gradient_clip_val': 0.15540120088641654, 'hidden_size': 18, 'dropout': 0.12906316072298563, 'hidden_continuous_size': 12, 'attention_head_size': 2, 'learning_rate': 0.04211932686736594}. Best is trial 0 with value: 53.888797760009766.
LOCAL_RANK: 0 - CUDA_VISIBLE_DEVICES: [0]
