[I 2023-11-30 00:51:09,423] Trial 80 finished with value: 53.364925384521484 and parameters: {'gradient_clip_val': 0.11190665820380911, 'hidden_size': 29, 'dropout': 0.13248823010553537, 'hidden_continuous_size': 16, 'attention_head_size': 1, 'learning_rate': 0.06895898739399983}. Best is trial 47 with value: 51.64517593383789.
LOCAL_RANK: 0 - CUDA_VISIBLE_DEVICES: [0]
[I 2023-11-30 00:51:21,752] Trial 81 finished with value: 58.126834869384766 and parameters: {'gradient_clip_val': 0.11193734232703198, 'hidden_size': 28, 'dropout': 0.1318518917794974, 'hidden_continuous_size': 16, 'attention_head_size': 1, 'learning_rate': 0.06967715429729551}. Best is trial 47 with value: 51.64517593383789.
LOCAL_RANK: 0 - CUDA_VISIBLE_DEVICES: [0]
[I 2023-11-30 00:51:33,973] Trial 82 finished with value: 62.92190170288086 and parameters: {'gradient_clip_val': 0.12053473220049292, 'hidden_size': 25, 'dropout': 0.11162707946330815, 'hidden_continuous_size': 17, 'attention_head_size': 1, 'learning_rate': 0.07349109253356988}. Best is trial 47 with value: 51.64517593383789.
LOCAL_RANK: 0 - CUDA_VISIBLE_DEVICES: [0]
[I 2023-11-30 00:51:46,448] Trial 83 finished with value: 56.17411422729492 and parameters: {'gradient_clip_val': 0.13926619042616414, 'hidden_size': 34, 'dropout': 0.14642218268657015, 'hidden_continuous_size': 15, 'attention_head_size': 1, 'learning_rate': 0.08790610338748442}. Best is trial 47 with value: 51.64517593383789.
LOCAL_RANK: 0 - CUDA_VISIBLE_DEVICES: [0]
[I 2023-11-30 00:51:58,904] Trial 84 finished with value: 60.330081939697266 and parameters: {'gradient_clip_val': 0.10037388999278059, 'hidden_size': 30, 'dropout': 0.15619246308621895, 'hidden_continuous_size': 16, 'attention_head_size': 1, 'learning_rate': 0.04825392598574836}. Best is trial 47 with value: 51.64517593383789.
LOCAL_RANK: 0 - CUDA_VISIBLE_DEVICES: [0]
[I 2023-11-30 00:52:11,347] Trial 85 finished with value: 57.99455261230469 and parameters: {'gradient_clip_val': 0.1287978347253452, 'hidden_size': 27, 'dropout': 0.12066533044551736, 'hidden_continuous_size': 18, 'attention_head_size': 2, 'learning_rate': 0.06360908878382733}. Best is trial 47 with value: 51.64517593383789.
LOCAL_RANK: 0 - CUDA_VISIBLE_DEVICES: [0]
[I 2023-11-30 00:52:23,522] Trial 86 finished with value: 56.793121337890625 and parameters: {'gradient_clip_val': 0.10581222691879533, 'hidden_size': 23, 'dropout': 0.14062696892594828, 'hidden_continuous_size': 17, 'attention_head_size': 1, 'learning_rate': 0.05434904199591005}. Best is trial 47 with value: 51.64517593383789.
LOCAL_RANK: 0 - CUDA_VISIBLE_DEVICES: [0]
[I 2023-11-30 00:52:36,100] Trial 87 finished with value: 52.16830062866211 and parameters: {'gradient_clip_val': 0.11250899392084049, 'hidden_size': 34, 'dropout': 0.13361258143714805, 'hidden_continuous_size': 21, 'attention_head_size': 2, 'learning_rate': 0.040629260125222305}. Best is trial 47 with value: 51.64517593383789.
LOCAL_RANK: 0 - CUDA_VISIBLE_DEVICES: [0]
[I 2023-11-30 00:52:48,641] Trial 88 finished with value: 54.94572830200195 and parameters: {'gradient_clip_val': 0.11441120890379376, 'hidden_size': 34, 'dropout': 0.16066201044247883, 'hidden_continuous_size': 20, 'attention_head_size': 2, 'learning_rate': 0.04424881504377974}. Best is trial 47 with value: 51.64517593383789.
LOCAL_RANK: 0 - CUDA_VISIBLE_DEVICES: [0]
[I 2023-11-30 00:53:01,360] Trial 89 finished with value: 52.73164367675781 and parameters: {'gradient_clip_val': 0.12297652787732231, 'hidden_size': 39, 'dropout': 0.13549616754672666, 'hidden_continuous_size': 21, 'attention_head_size': 2, 'learning_rate': 0.039603982932435965}. Best is trial 47 with value: 51.64517593383789.
LOCAL_RANK: 0 - CUDA_VISIBLE_DEVICES: [0]
[I 2023-11-30 00:53:14,025] Trial 90 finished with value: 55.69968795776367 and parameters: {'gradient_clip_val': 0.11849907688490434, 'hidden_size': 39, 'dropout': 0.13292842743305797, 'hidden_continuous_size': 21, 'attention_head_size': 2, 'learning_rate': 0.03958553764400155}. Best is trial 47 with value: 51.64517593383789.
LOCAL_RANK: 0 - CUDA_VISIBLE_DEVICES: [0]
[I 2023-11-30 00:53:26,726] Trial 91 finished with value: 54.353946685791016 and parameters: {'gradient_clip_val': 0.10954176169788275, 'hidden_size': 31, 'dropout': 0.12514660310452577, 'hidden_continuous_size': 21, 'attention_head_size': 2, 'learning_rate': 0.03540598125506979}. Best is trial 47 with value: 51.64517593383789.
LOCAL_RANK: 0 - CUDA_VISIBLE_DEVICES: [0]
[I 2023-11-30 00:53:39,521] Trial 92 finished with value: 55.2592887878418 and parameters: {'gradient_clip_val': 0.12592649453679966, 'hidden_size': 38, 'dropout': 0.14767858747649631, 'hidden_continuous_size': 22, 'attention_head_size': 2, 'learning_rate': 0.031139769153891484}. Best is trial 47 with value: 51.64517593383789.
LOCAL_RANK: 0 - CUDA_VISIBLE_DEVICES: [0]
[I 2023-11-30 00:53:52,073] Trial 93 finished with value: 57.299468994140625 and parameters: {'gradient_clip_val': 0.14318861993548393, 'hidden_size': 29, 'dropout': 0.13898171485300526, 'hidden_continuous_size': 19, 'attention_head_size': 2, 'learning_rate': 0.04656416978690903}. Best is trial 47 with value: 51.64517593383789.
LOCAL_RANK: 0 - CUDA_VISIBLE_DEVICES: [0]
[I 2023-11-30 00:54:04,933] Trial 94 finished with value: 56.01698303222656 and parameters: {'gradient_clip_val': 0.13234389924573614, 'hidden_size': 42, 'dropout': 0.11756685134080119, 'hidden_continuous_size': 23, 'attention_head_size': 2, 'learning_rate': 0.04028890955304236}. Best is trial 47 with value: 51.64517593383789.
LOCAL_RANK: 0 - CUDA_VISIBLE_DEVICES: [0]
[I 2023-11-30 00:54:17,562] Trial 95 finished with value: 57.6860237121582 and parameters: {'gradient_clip_val': 0.10536382576645571, 'hidden_size': 35, 'dropout': 0.15150764202394926, 'hidden_continuous_size': 20, 'attention_head_size': 2, 'learning_rate': 0.05872242033306762}. Best is trial 47 with value: 51.64517593383789.
LOCAL_RANK: 0 - CUDA_VISIBLE_DEVICES: [0]
[I 2023-11-30 00:54:30,126] Trial 96 finished with value: 55.651611328125 and parameters: {'gradient_clip_val': 0.12057980582434034, 'hidden_size': 26, 'dropout': 0.10921947304983289, 'hidden_continuous_size': 21, 'attention_head_size': 2, 'learning_rate': 0.05274349191940618}. Best is trial 47 with value: 51.64517593383789.
LOCAL_RANK: 0 - CUDA_VISIBLE_DEVICES: [0]
[I 2023-11-30 00:54:42,820] Trial 97 finished with value: 54.9825439453125 and parameters: {'gradient_clip_val': 0.11262294930517587, 'hidden_size': 37, 'dropout': 0.12867558939225313, 'hidden_continuous_size': 20, 'attention_head_size': 2, 'learning_rate': 0.0772085780207834}. Best is trial 47 with value: 51.64517593383789.
LOCAL_RANK: 0 - CUDA_VISIBLE_DEVICES: [0]
[I 2023-11-30 00:54:55,156] Trial 98 finished with value: 59.72553634643555 and parameters: {'gradient_clip_val': 0.15596102904994463, 'hidden_size': 32, 'dropout': 0.13579154419482373, 'hidden_continuous_size': 19, 'attention_head_size': 1, 'learning_rate': 0.034454690523361836}. Best is trial 47 with value: 51.64517593383789.
LOCAL_RANK: 0 - CUDA_VISIBLE_DEVICES: [0]
[I 2023-11-30 00:55:07,133] Trial 99 finished with value: 56.86863327026367 and parameters: {'gradient_clip_val': 0.13620694084023569, 'hidden_size': 24, 'dropout': 0.16560339190989204, 'hidden_continuous_size': 17, 'attention_head_size': 1, 'learning_rate': 0.04405426131870056}. Best is trial 47 with value: 51.64517593383789.
LOCAL_RANK: 0 - CUDA_VISIBLE_DEVICES: [0]
[I 2023-11-30 00:55:19,437] Trial 100 finished with value: 54.809146881103516 and parameters: {'gradient_clip_val': 0.12529318190655434, 'hidden_size': 29, 'dropout': 0.17276466010350355, 'hidden_continuous_size': 16, 'attention_head_size': 2, 'learning_rate': 0.028650834073234762}. Best is trial 47 with value: 51.64517593383789.
LOCAL_RANK: 0 - CUDA_VISIBLE_DEVICES: [0]
[I 2023-11-30 00:55:32,393] Trial 101 finished with value: 55.04561233520508 and parameters: {'gradient_clip_val': 0.1463581395078745, 'hidden_size': 45, 'dropout': 0.14242675136039762, 'hidden_continuous_size': 19, 'attention_head_size': 1, 'learning_rate': 0.06434052016369161}. Best is trial 47 with value: 51.64517593383789.
LOCAL_RANK: 0 - CUDA_VISIBLE_DEVICES: [0]
[I 2023-11-30 00:55:44,892] Trial 102 finished with value: 57.017452239990234 and parameters: {'gradient_clip_val': 0.11212910354158952, 'hidden_size': 40, 'dropout': 0.15774359072584057, 'hidden_continuous_size': 18, 'attention_head_size': 1, 'learning_rate': 0.04878107302580364}. Best is trial 47 with value: 51.64517593383789.
LOCAL_RANK: 0 - CUDA_VISIBLE_DEVICES: [0]
[I 2023-11-30 00:55:57,578] Trial 103 finished with value: 56.07230758666992 and parameters: {'gradient_clip_val': 0.10061694407689624, 'hidden_size': 42, 'dropout': 0.11819168121794121, 'hidden_continuous_size': 21, 'attention_head_size': 1, 'learning_rate': 0.05756712527750899}. Best is trial 47 with value: 51.64517593383789.
LOCAL_RANK: 0 - CUDA_VISIBLE_DEVICES: [0]
[I 2023-11-30 00:56:10,214] Trial 104 finished with value: 59.419010162353516 and parameters: {'gradient_clip_val': 0.10602835506881178, 'hidden_size': 34, 'dropout': 0.13166256164143872, 'hidden_continuous_size': 18, 'attention_head_size': 1, 'learning_rate': 0.03885223811846245}. Best is trial 47 with value: 51.64517593383789.
LOCAL_RANK: 0 - CUDA_VISIBLE_DEVICES: [0]
[I 2023-11-30 00:56:23,035] Trial 105 finished with value: 59.29229736328125 and parameters: {'gradient_clip_val': 0.11906238396285954, 'hidden_size': 48, 'dropout': 0.12650457200738194, 'hidden_continuous_size': 23, 'attention_head_size': 1, 'learning_rate': 0.06602197394501697}. Best is trial 47 with value: 51.64517593383789.
LOCAL_RANK: 0 - CUDA_VISIBLE_DEVICES: [0]
[I 2023-11-30 00:56:35,477] Trial 106 finished with value: 56.48276901245117 and parameters: {'gradient_clip_val': 0.13057754905263863, 'hidden_size': 22, 'dropout': 0.14770332696581387, 'hidden_continuous_size': 17, 'attention_head_size': 1, 'learning_rate': 0.04437262876220544}. Best is trial 47 with value: 51.64517593383789.
LOCAL_RANK: 0 - CUDA_VISIBLE_DEVICES: [0]
[I 2023-11-30 00:56:47,920] Trial 107 finished with value: 55.98410415649414 and parameters: {'gradient_clip_val': 0.16397272905140295, 'hidden_size': 32, 'dropout': 0.10724321664387687, 'hidden_continuous_size': 19, 'attention_head_size': 2, 'learning_rate': 0.052769990121903566}. Best is trial 47 with value: 51.64517593383789.
LOCAL_RANK: 0 - CUDA_VISIBLE_DEVICES: [0]
[I 2023-11-30 00:57:00,194] Trial 108 finished with value: 54.36172866821289 and parameters: {'gradient_clip_val': 0.10420443885451897, 'hidden_size': 28, 'dropout': 0.138104303691783, 'hidden_continuous_size': 18, 'attention_head_size': 1, 'learning_rate': 0.09184850378181196}. Best is trial 47 with value: 51.64517593383789.
LOCAL_RANK: 0 - CUDA_VISIBLE_DEVICES: [0]
[I 2023-11-30 00:57:12,871] Trial 109 finished with value: 50.88762283325195 and parameters: {'gradient_clip_val': 0.14200138272136822, 'hidden_size': 36, 'dropout': 0.184726926618803, 'hidden_continuous_size': 20, 'attention_head_size': 2, 'learning_rate': 0.07897866983007985}. Best is trial 109 with value: 50.88762283325195.
LOCAL_RANK: 0 - CUDA_VISIBLE_DEVICES: [0]
[I 2023-11-30 00:57:25,570] Trial 110 finished with value: 51.888885498046875 and parameters: {'gradient_clip_val': 0.14100863329275043, 'hidden_size': 38, 'dropout': 0.18007037050281482, 'hidden_continuous_size': 22, 'attention_head_size': 2, 'learning_rate': 0.07726799119964475}. Best is trial 109 with value: 50.88762283325195.
LOCAL_RANK: 0 - CUDA_VISIBLE_DEVICES: [0]
[I 2023-11-30 00:57:38,171] Trial 111 finished with value: 52.19743728637695 and parameters: {'gradient_clip_val': 0.14015016873425354, 'hidden_size': 36, 'dropout': 0.18543585787851483, 'hidden_continuous_size': 22, 'attention_head_size': 2, 'learning_rate': 0.07462993716310552}. Best is trial 109 with value: 50.88762283325195.
LOCAL_RANK: 0 - CUDA_VISIBLE_DEVICES: [0]
[I 2023-11-30 00:57:50,545] Trial 112 finished with value: 57.749481201171875 and parameters: {'gradient_clip_val': 0.14267555395167802, 'hidden_size': 36, 'dropout': 0.18405721793887195, 'hidden_continuous_size': 22, 'attention_head_size': 2, 'learning_rate': 0.08089828591841264}. Best is trial 109 with value: 50.88762283325195.
LOCAL_RANK: 0 - CUDA_VISIBLE_DEVICES: [0]
[I 2023-11-30 00:58:03,243] Trial 113 finished with value: 58.02268600463867 and parameters: {'gradient_clip_val': 0.15367638858301955, 'hidden_size': 39, 'dropout': 0.17791914716686277, 'hidden_continuous_size': 24, 'attention_head_size': 2, 'learning_rate': 0.07366115077825726}. Best is trial 109 with value: 50.88762283325195.
LOCAL_RANK: 0 - CUDA_VISIBLE_DEVICES: [0]
[I 2023-11-30 00:58:15,869] Trial 114 finished with value: 57.880855560302734 and parameters: {'gradient_clip_val': 0.13987787781206235, 'hidden_size': 38, 'dropout': 0.20235952882265162, 'hidden_continuous_size': 22, 'attention_head_size': 2, 'learning_rate': 0.07971740711967407}. Best is trial 109 with value: 50.88762283325195.
LOCAL_RANK: 0 - CUDA_VISIBLE_DEVICES: [0]
[I 2023-11-30 00:58:28,611] Trial 115 finished with value: 55.026973724365234 and parameters: {'gradient_clip_val': 0.14986656697496234, 'hidden_size': 44, 'dropout': 0.176751882909376, 'hidden_continuous_size': 21, 'attention_head_size': 2, 'learning_rate': 0.09347795774391583}. Best is trial 109 with value: 50.88762283325195.
LOCAL_RANK: 0 - CUDA_VISIBLE_DEVICES: [0]
[I 2023-11-30 00:58:41,256] Trial 116 finished with value: 61.19843673706055 and parameters: {'gradient_clip_val': 0.11647576162125248, 'hidden_size': 36, 'dropout': 0.1881185877243819, 'hidden_continuous_size': 20, 'attention_head_size': 2, 'learning_rate': 0.07008550665132816}. Best is trial 109 with value: 50.88762283325195.
LOCAL_RANK: 0 - CUDA_VISIBLE_DEVICES: [0]
[I 2023-11-30 00:58:53,880] Trial 117 finished with value: 52.10429000854492 and parameters: {'gradient_clip_val': 0.12456809363537485, 'hidden_size': 33, 'dropout': 0.15375625566961895, 'hidden_continuous_size': 20, 'attention_head_size': 2, 'learning_rate': 0.08690876732316687}. Best is trial 109 with value: 50.88762283325195.
LOCAL_RANK: 0 - CUDA_VISIBLE_DEVICES: [0]
[I 2023-11-30 00:59:06,151] Trial 118 finished with value: 52.392818450927734 and parameters: {'gradient_clip_val': 0.17710460428029115, 'hidden_size': 32, 'dropout': 0.19603501354415023, 'hidden_continuous_size': 20, 'attention_head_size': 2, 'learning_rate': 0.09709370941127111}. Best is trial 109 with value: 50.88762283325195.
LOCAL_RANK: 0 - CUDA_VISIBLE_DEVICES: [0]
[I 2023-11-30 00:59:18,735] Trial 119 finished with value: 56.8997917175293 and parameters: {'gradient_clip_val': 0.16663305581733223, 'hidden_size': 34, 'dropout': 0.19606768552853787, 'hidden_continuous_size': 22, 'attention_head_size': 2, 'learning_rate': 0.09924125466918571}. Best is trial 109 with value: 50.88762283325195.
LOCAL_RANK: 0 - CUDA_VISIBLE_DEVICES: [0]
[I 2023-11-30 00:59:31,297] Trial 120 finished with value: 54.489288330078125 and parameters: {'gradient_clip_val': 0.17855484075419992, 'hidden_size': 40, 'dropout': 0.18184134398627883, 'hidden_continuous_size': 21, 'attention_head_size': 2, 'learning_rate': 0.0852915963518109}. Best is trial 109 with value: 50.88762283325195.
LOCAL_RANK: 0 - CUDA_VISIBLE_DEVICES: [0]
[I 2023-11-30 00:59:43,766] Trial 121 finished with value: 52.70841598510742 and parameters: {'gradient_clip_val': 0.13624451113664748, 'hidden_size': 32, 'dropout': 0.18640480504583323, 'hidden_continuous_size': 20, 'attention_head_size': 2, 'learning_rate': 0.0889635366913092}. Best is trial 109 with value: 50.88762283325195.
LOCAL_RANK: 0 - CUDA_VISIBLE_DEVICES: [0]
[I 2023-11-30 00:59:56,365] Trial 122 finished with value: 64.30924224853516 and parameters: {'gradient_clip_val': 0.13530625917270084, 'hidden_size': 33, 'dropout': 0.18820904968651558, 'hidden_continuous_size': 20, 'attention_head_size': 2, 'learning_rate': 0.08936006123944029}. Best is trial 109 with value: 50.88762283325195.
LOCAL_RANK: 0 - CUDA_VISIBLE_DEVICES: [0]
[I 2023-11-30 01:00:09,004] Trial 123 finished with value: 54.934600830078125 and parameters: {'gradient_clip_val': 0.15863853456199328, 'hidden_size': 31, 'dropout': 0.20356219646975232, 'hidden_continuous_size': 20, 'attention_head_size': 2, 'learning_rate': 0.07745641488258341}. Best is trial 109 with value: 50.88762283325195.
LOCAL_RANK: 0 - CUDA_VISIBLE_DEVICES: [0]
[I 2023-11-30 01:00:21,570] Trial 124 finished with value: 58.67283630371094 and parameters: {'gradient_clip_val': 0.12383888594773394, 'hidden_size': 38, 'dropout': 0.19219299167858675, 'hidden_continuous_size': 21, 'attention_head_size': 2, 'learning_rate': 0.09126781237991115}. Best is trial 109 with value: 50.88762283325195.
LOCAL_RANK: 0 - CUDA_VISIBLE_DEVICES: [0]
[I 2023-11-30 01:00:34,226] Trial 125 finished with value: 63.598018646240234 and parameters: {'gradient_clip_val': 0.14785259762147998, 'hidden_size': 35, 'dropout': 0.16172487375924133, 'hidden_continuous_size': 23, 'attention_head_size': 2, 'learning_rate': 0.08351289466120765}. Best is trial 109 with value: 50.88762283325195.
LOCAL_RANK: 0 - CUDA_VISIBLE_DEVICES: [0]
[I 2023-11-30 01:00:47,207] Trial 126 finished with value: 55.92000961303711 and parameters: {'gradient_clip_val': 0.13993822451885762, 'hidden_size': 42, 'dropout': 0.18264607665287935, 'hidden_continuous_size': 22, 'attention_head_size': 2, 'learning_rate': 0.09668894347157768}. Best is trial 109 with value: 50.88762283325195.
LOCAL_RANK: 0 - CUDA_VISIBLE_DEVICES: [0]
[I 2023-11-30 01:00:59,656] Trial 127 finished with value: 57.73674392700195 and parameters: {'gradient_clip_val': 0.17243101723951704, 'hidden_size': 31, 'dropout': 0.21002241998006704, 'hidden_continuous_size': 20, 'attention_head_size': 2, 'learning_rate': 0.07364289864214028}. Best is trial 109 with value: 50.88762283325195.
LOCAL_RANK: 0 - CUDA_VISIBLE_DEVICES: [0]
[I 2023-11-30 01:01:12,218] Trial 128 finished with value: 55.98323059082031 and parameters: {'gradient_clip_val': 0.12675936724495332, 'hidden_size': 33, 'dropout': 0.19731682576360896, 'hidden_continuous_size': 19, 'attention_head_size': 2, 'learning_rate': 0.06238193328623992}. Best is trial 109 with value: 50.88762283325195.
LOCAL_RANK: 0 - CUDA_VISIBLE_DEVICES: [0]
[I 2023-11-30 01:01:24,750] Trial 129 finished with value: 57.69099807739258 and parameters: {'gradient_clip_val': 0.16064482119674436, 'hidden_size': 36, 'dropout': 0.17261291745888283, 'hidden_continuous_size': 21, 'attention_head_size': 2, 'learning_rate': 0.09998289056195186}. Best is trial 109 with value: 50.88762283325195.
LOCAL_RANK: 0 - CUDA_VISIBLE_DEVICES: [0]
[I 2023-11-30 01:01:37,376] Trial 130 finished with value: 56.10123825073242 and parameters: {'gradient_clip_val': 0.13366325893519485, 'hidden_size': 30, 'dropout': 0.15458515016215477, 'hidden_continuous_size': 20, 'attention_head_size': 2, 'learning_rate': 0.08281088225522087}. Best is trial 109 with value: 50.88762283325195.
LOCAL_RANK: 0 - CUDA_VISIBLE_DEVICES: [0]
[I 2023-11-30 01:01:49,976] Trial 131 finished with value: 58.34182357788086 and parameters: {'gradient_clip_val': 0.12114889063938931, 'hidden_size': 26, 'dropout': 0.16888384471823573, 'hidden_continuous_size': 19, 'attention_head_size': 2, 'learning_rate': 0.059859143950139214}. Best is trial 109 with value: 50.88762283325195.
LOCAL_RANK: 0 - CUDA_VISIBLE_DEVICES: [0]
[I 2023-11-30 01:02:02,331] Trial 132 finished with value: 53.40194320678711 and parameters: {'gradient_clip_val': 0.1270465255189273, 'hidden_size': 28, 'dropout': 0.1635563431414322, 'hidden_continuous_size': 21, 'attention_head_size': 2, 'learning_rate': 0.0757051366389964}. Best is trial 109 with value: 50.88762283325195.
LOCAL_RANK: 0 - CUDA_VISIBLE_DEVICES: [0]
[I 2023-11-30 01:02:14,730] Trial 133 finished with value: 55.67987060546875 and parameters: {'gradient_clip_val': 0.14612515053344374, 'hidden_size': 32, 'dropout': 0.1748873184200845, 'hidden_continuous_size': 19, 'attention_head_size': 2, 'learning_rate': 0.06832716617338297}. Best is trial 109 with value: 50.88762283325195.
LOCAL_RANK: 0 - CUDA_VISIBLE_DEVICES: [0]
[I 2023-11-30 01:02:27,417] Trial 134 finished with value: 55.402618408203125 and parameters: {'gradient_clip_val': 0.15245468740756973, 'hidden_size': 35, 'dropout': 0.18605691049523226, 'hidden_continuous_size': 22, 'attention_head_size': 2, 'learning_rate': 0.05587392029280824}. Best is trial 109 with value: 50.88762283325195.
LOCAL_RANK: 0 - CUDA_VISIBLE_DEVICES: [0]
[I 2023-11-30 01:02:39,937] Trial 135 finished with value: 61.51969528198242 and parameters: {'gradient_clip_val': 0.13644181933815883, 'hidden_size': 40, 'dropout': 0.150576441922479, 'hidden_continuous_size': 20, 'attention_head_size': 2, 'learning_rate': 0.08145859596002994}. Best is trial 109 with value: 50.88762283325195.
LOCAL_RANK: 0 - CUDA_VISIBLE_DEVICES: [0]
[I 2023-11-30 01:02:52,805] Trial 136 finished with value: 57.27425765991211 and parameters: {'gradient_clip_val': 0.118234210605173, 'hidden_size': 37, 'dropout': 0.14404672625647366, 'hidden_continuous_size': 23, 'attention_head_size': 2, 'learning_rate': 0.06402416921169843}. Best is trial 109 with value: 50.88762283325195.
LOCAL_RANK: 0 - CUDA_VISIBLE_DEVICES: [0]
[I 2023-11-30 01:03:05,228] Trial 137 finished with value: 49.60642623901367 and parameters: {'gradient_clip_val': 0.1094702623030611, 'hidden_size': 27, 'dropout': 0.1926062392769143, 'hidden_continuous_size': 20, 'attention_head_size': 2, 'learning_rate': 0.08715052960101241}. Best is trial 137 with value: 49.60642623901367.
LOCAL_RANK: 0 - CUDA_VISIBLE_DEVICES: [0]
[I 2023-11-30 01:03:17,767] Trial 138 finished with value: 57.86207962036133 and parameters: {'gradient_clip_val': 0.10780211599996976, 'hidden_size': 30, 'dropout': 0.19262385265496385, 'hidden_continuous_size': 21, 'attention_head_size': 2, 'learning_rate': 0.08867721545951009}. Best is trial 137 with value: 49.60642623901367.
LOCAL_RANK: 0 - CUDA_VISIBLE_DEVICES: [0]
