[I 2023-11-30 10:26:27,721] Trial 8 finished with value: 52.065216064453125 and parameters: {'gradient_clip_val': 0.14295744379395703, 'hidden_size': 78, 'dropout': 0.33707324250980186, 'hidden_continuous_size': 36, 'attention_head_size': 1, 'learning_rate': 0.0032309336332399462}. Best is trial 5 with value: 31.0970401763916.
LOCAL_RANK: 0 - CUDA_VISIBLE_DEVICES: [0]
[I 2023-11-30 10:26:40,578] Trial 9 finished with value: 33.159549713134766 and parameters: {'gradient_clip_val': 0.3490416293603369, 'hidden_size': 67, 'dropout': 0.1390279054704197, 'hidden_continuous_size': 10, 'attention_head_size': 1, 'learning_rate': 0.009242074321434287}. Best is trial 5 with value: 31.0970401763916.
LOCAL_RANK: 0 - CUDA_VISIBLE_DEVICES: [0]
[I 2023-11-30 10:26:55,419] Trial 10 finished with value: 43.29264450073242 and parameters: {'gradient_clip_val': 0.43140680036990703, 'hidden_size': 146, 'dropout': 0.2932484843136352, 'hidden_continuous_size': 129, 'attention_head_size': 2, 'learning_rate': 0.0012200597024877185}. Best is trial 5 with value: 31.0970401763916.
LOCAL_RANK: 0 - CUDA_VISIBLE_DEVICES: [0]
[I 2023-11-30 10:27:09,637] Trial 11 finished with value: 37.049808502197266 and parameters: {'gradient_clip_val': 0.10006392663599814, 'hidden_size': 149, 'dropout': 0.2032062120003287, 'hidden_continuous_size': 18, 'attention_head_size': 3, 'learning_rate': 0.006106084240625589}. Best is trial 5 with value: 31.0970401763916.
LOCAL_RANK: 0 - CUDA_VISIBLE_DEVICES: [0]
[I 2023-11-30 10:27:22,845] Trial 12 finished with value: 54.46321105957031 and parameters: {'gradient_clip_val': 0.26392370472289217, 'hidden_size': 67, 'dropout': 0.26501236537075273, 'hidden_continuous_size': 16, 'attention_head_size': 3, 'learning_rate': 0.00528973115745546}. Best is trial 5 with value: 31.0970401763916.
LOCAL_RANK: 0 - CUDA_VISIBLE_DEVICES: [0]
[I 2023-11-30 10:27:35,951] Trial 13 finished with value: 44.25246047973633 and parameters: {'gradient_clip_val': 0.1739911320860654, 'hidden_size': 55, 'dropout': 0.39490716876015436, 'hidden_continuous_size': 14, 'attention_head_size': 3, 'learning_rate': 0.01127921282878323}. Best is trial 5 with value: 31.0970401763916.
LOCAL_RANK: 0 - CUDA_VISIBLE_DEVICES: [0]
[I 2023-11-30 10:27:49,853] Trial 14 finished with value: 40.25609588623047 and parameters: {'gradient_clip_val': 0.3064933715236382, 'hidden_size': 148, 'dropout': 0.10327571461201057, 'hidden_continuous_size': 25, 'attention_head_size': 2, 'learning_rate': 0.06285253117563364}. Best is trial 5 with value: 31.0970401763916.
LOCAL_RANK: 0 - CUDA_VISIBLE_DEVICES: [0]
[I 2023-11-30 10:28:02,898] Trial 15 finished with value: 32.79238510131836 and parameters: {'gradient_clip_val': 0.49242709642079724, 'hidden_size': 51, 'dropout': 0.28532680639646824, 'hidden_continuous_size': 14, 'attention_head_size': 3, 'learning_rate': 0.010961244321216581}. Best is trial 5 with value: 31.0970401763916.
LOCAL_RANK: 0 - CUDA_VISIBLE_DEVICES: [0]
[I 2023-11-30 10:28:16,735] Trial 16 finished with value: 38.576263427734375 and parameters: {'gradient_clip_val': 0.361418041678254, 'hidden_size': 104, 'dropout': 0.22943374121730933, 'hidden_continuous_size': 22, 'attention_head_size': 2, 'learning_rate': 0.003184169670221999}. Best is trial 5 with value: 31.0970401763916.
LOCAL_RANK: 0 - CUDA_VISIBLE_DEVICES: [0]
[I 2023-11-30 10:28:31,136] Trial 17 finished with value: 39.12466812133789 and parameters: {'gradient_clip_val': 0.6282971489798886, 'hidden_size': 114, 'dropout': 0.2017293160360137, 'hidden_continuous_size': 29, 'attention_head_size': 4, 'learning_rate': 0.09722885801045324}. Best is trial 5 with value: 31.0970401763916.
LOCAL_RANK: 0 - CUDA_VISIBLE_DEVICES: [0]
[I 2023-11-30 10:28:44,793] Trial 18 finished with value: 34.402183532714844 and parameters: {'gradient_clip_val': 0.416731795403065, 'hidden_size': 82, 'dropout': 0.34774852718491145, 'hidden_continuous_size': 21, 'attention_head_size': 3, 'learning_rate': 0.0141250391667097}. Best is trial 5 with value: 31.0970401763916.
LOCAL_RANK: 0 - CUDA_VISIBLE_DEVICES: [0]
[I 2023-11-30 10:28:58,790] Trial 19 finished with value: 33.818302154541016 and parameters: {'gradient_clip_val': 0.9909682182507864, 'hidden_size': 123, 'dropout': 0.24900529458590315, 'hidden_continuous_size': 46, 'attention_head_size': 2, 'learning_rate': 0.006680952376375454}. Best is trial 5 with value: 31.0970401763916.
LOCAL_RANK: 0 - CUDA_VISIBLE_DEVICES: [0]
[I 2023-11-30 10:29:12,307] Trial 20 finished with value: 31.677942276000977 and parameters: {'gradient_clip_val': 0.2846218057112292, 'hidden_size': 87, 'dropout': 0.18229780922694416, 'hidden_continuous_size': 13, 'attention_head_size': 4, 'learning_rate': 0.03248591501591019}. Best is trial 5 with value: 31.0970401763916.
LOCAL_RANK: 0 - CUDA_VISIBLE_DEVICES: [0]
[I 2023-11-30 10:29:25,926] Trial 21 finished with value: 36.01399612426758 and parameters: {'gradient_clip_val': 0.27481815897396367, 'hidden_size': 89, 'dropout': 0.17594051631017127, 'hidden_continuous_size': 14, 'attention_head_size': 4, 'learning_rate': 0.03420638039224656}. Best is trial 5 with value: 31.0970401763916.
LOCAL_RANK: 0 - CUDA_VISIBLE_DEVICES: [0]
[I 2023-11-30 10:29:40,664] Trial 22 finished with value: 32.64176559448242 and parameters: {'gradient_clip_val': 0.34199511455784026, 'hidden_size': 125, 'dropout': 0.18342160671265786, 'hidden_continuous_size': 12, 'attention_head_size': 4, 'learning_rate': 0.014666042344344215}. Best is trial 5 with value: 31.0970401763916.
LOCAL_RANK: 0 - CUDA_VISIBLE_DEVICES: [0]
[I 2023-11-30 10:29:55,089] Trial 23 finished with value: 31.977563858032227 and parameters: {'gradient_clip_val': 0.16751516072300043, 'hidden_size': 149, 'dropout': 0.224377256176948, 'hidden_continuous_size': 18, 'attention_head_size': 3, 'learning_rate': 0.029183340969196298}. Best is trial 5 with value: 31.0970401763916.
LOCAL_RANK: 0 - CUDA_VISIBLE_DEVICES: [0]
[I 2023-11-30 10:30:08,584] Trial 24 finished with value: 33.49282455444336 and parameters: {'gradient_clip_val': 0.23273550229822362, 'hidden_size': 86, 'dropout': 0.2698395012279564, 'hidden_continuous_size': 12, 'attention_head_size': 3, 'learning_rate': 0.01938510358171611}. Best is trial 5 with value: 31.0970401763916.
LOCAL_RANK: 0 - CUDA_VISIBLE_DEVICES: [0]
[I 2023-11-30 10:30:22,171] Trial 25 finished with value: 31.822364807128906 and parameters: {'gradient_clip_val': 0.31489273902542814, 'hidden_size': 104, 'dropout': 0.2346690925712591, 'hidden_continuous_size': 22, 'attention_head_size': 4, 'learning_rate': 0.009529960976796219}. Best is trial 5 with value: 31.0970401763916.
LOCAL_RANK: 0 - CUDA_VISIBLE_DEVICES: [0]
[I 2023-11-30 10:30:35,900] Trial 26 finished with value: 33.8118782043457 and parameters: {'gradient_clip_val': 0.5643891332691161, 'hidden_size': 124, 'dropout': 0.17538589134706947, 'hidden_continuous_size': 16, 'attention_head_size': 3, 'learning_rate': 0.04819505754978007}. Best is trial 5 with value: 31.0970401763916.
LOCAL_RANK: 0 - CUDA_VISIBLE_DEVICES: [0]
[I 2023-11-30 10:30:48,945] Trial 27 finished with value: 33.42006301879883 and parameters: {'gradient_clip_val': 0.3957429881605549, 'hidden_size': 66, 'dropout': 0.371137098065765, 'hidden_continuous_size': 11, 'attention_head_size': 4, 'learning_rate': 0.02142677117729058}. Best is trial 5 with value: 31.0970401763916.
LOCAL_RANK: 0 - CUDA_VISIBLE_DEVICES: [0]
[I 2023-11-30 10:31:02,692] Trial 28 finished with value: 33.61122512817383 and parameters: {'gradient_clip_val': 0.42121091675940076, 'hidden_size': 94, 'dropout': 0.3078608073608209, 'hidden_continuous_size': 12, 'attention_head_size': 3, 'learning_rate': 0.014050996798559536}. Best is trial 5 with value: 31.0970401763916.
LOCAL_RANK: 0 - CUDA_VISIBLE_DEVICES: [0]
[I 2023-11-30 10:31:16,721] Trial 29 finished with value: 35.960670471191406 and parameters: {'gradient_clip_val': 0.4996713763590752, 'hidden_size': 120, 'dropout': 0.14917781365712862, 'hidden_continuous_size': 34, 'attention_head_size': 4, 'learning_rate': 0.03853031830112756}. Best is trial 5 with value: 31.0970401763916.
LOCAL_RANK: 0 - CUDA_VISIBLE_DEVICES: [0]
[I 2023-11-30 10:31:30,343] Trial 30 finished with value: 31.678014755249023 and parameters: {'gradient_clip_val': 0.293573908927555, 'hidden_size': 104, 'dropout': 0.2593474476276212, 'hidden_continuous_size': 26, 'attention_head_size': 2, 'learning_rate': 0.02924060734554017}. Best is trial 5 with value: 31.0970401763916.
LOCAL_RANK: 0 - CUDA_VISIBLE_DEVICES: [0]
[I 2023-11-30 10:31:44,185] Trial 31 finished with value: 37.5207405090332 and parameters: {'gradient_clip_val': 0.2735140215067855, 'hidden_size': 105, 'dropout': 0.2656865707859896, 'hidden_continuous_size': 26, 'attention_head_size': 2, 'learning_rate': 0.029452928322629076}. Best is trial 5 with value: 31.0970401763916.
LOCAL_RANK: 0 - CUDA_VISIBLE_DEVICES: [0]
[I 2023-11-30 10:31:58,147] Trial 32 finished with value: 34.00961685180664 and parameters: {'gradient_clip_val': 0.31560214516083995, 'hidden_size': 127, 'dropout': 0.20016380158530914, 'hidden_continuous_size': 20, 'attention_head_size': 2, 'learning_rate': 0.02068584459683357}. Best is trial 5 with value: 31.0970401763916.
LOCAL_RANK: 0 - CUDA_VISIBLE_DEVICES: [0]
[I 2023-11-30 10:32:11,921] Trial 33 finished with value: 37.7655029296875 and parameters: {'gradient_clip_val': 0.19272056707825008, 'hidden_size': 94, 'dropout': 0.32482748303089587, 'hidden_continuous_size': 31, 'attention_head_size': 2, 'learning_rate': 0.038778640244446064}. Best is trial 5 with value: 31.0970401763916.
LOCAL_RANK: 0 - CUDA_VISIBLE_DEVICES: [0]
[I 2023-11-30 10:32:25,440] Trial 34 finished with value: 33.617454528808594 and parameters: {'gradient_clip_val': 0.25268156474842096, 'hidden_size': 104, 'dropout': 0.30769183742948586, 'hidden_continuous_size': 24, 'attention_head_size': 1, 'learning_rate': 0.016948400470606088}. Best is trial 5 with value: 31.0970401763916.
LOCAL_RANK: 0 - CUDA_VISIBLE_DEVICES: [0]
[I 2023-11-30 10:32:38,920] Trial 35 finished with value: 33.90485382080078 and parameters: {'gradient_clip_val': 0.3735624571423136, 'hidden_size': 77, 'dropout': 0.3807303886107132, 'hidden_continuous_size': 19, 'attention_head_size': 3, 'learning_rate': 0.024094423958572444}. Best is trial 5 with value: 31.0970401763916.
LOCAL_RANK: 0 - CUDA_VISIBLE_DEVICES: [0]
[I 2023-11-30 10:32:52,751] Trial 36 finished with value: 37.157535552978516 and parameters: {'gradient_clip_val': 0.29033209320363984, 'hidden_size': 128, 'dropout': 0.3607675780167332, 'hidden_continuous_size': 44, 'attention_head_size': 2, 'learning_rate': 0.026091087535172447}. Best is trial 5 with value: 31.0970401763916.
LOCAL_RANK: 0 - CUDA_VISIBLE_DEVICES: [0]
[I 2023-11-30 10:33:06,590] Trial 37 finished with value: 35.01058578491211 and parameters: {'gradient_clip_val': 0.23043599588082514, 'hidden_size': 98, 'dropout': 0.3296718830083693, 'hidden_continuous_size': 24, 'attention_head_size': 4, 'learning_rate': 0.0189614337152954}. Best is trial 5 with value: 31.0970401763916.
LOCAL_RANK: 0 - CUDA_VISIBLE_DEVICES: [0]
[I 2023-11-30 10:33:20,323] Trial 38 finished with value: 35.624568939208984 and parameters: {'gradient_clip_val': 0.69908407053045, 'hidden_size': 83, 'dropout': 0.24520957509356311, 'hidden_continuous_size': 17, 'attention_head_size': 3, 'learning_rate': 0.04772478058470688}. Best is trial 5 with value: 31.0970401763916.
LOCAL_RANK: 0 - CUDA_VISIBLE_DEVICES: [0]
[I 2023-11-30 10:33:33,952] Trial 39 finished with value: 36.317630767822266 and parameters: {'gradient_clip_val': 0.2077011373045966, 'hidden_size': 117, 'dropout': 0.3569563179478976, 'hidden_continuous_size': 15, 'attention_head_size': 2, 'learning_rate': 0.028861770158152122}. Best is trial 5 with value: 31.0970401763916.
LOCAL_RANK: 0 - CUDA_VISIBLE_DEVICES: [0]
[I 2023-11-30 10:33:47,897] Trial 40 finished with value: 31.91750144958496 and parameters: {'gradient_clip_val': 0.3369178718702699, 'hidden_size': 133, 'dropout': 0.21895860070977466, 'hidden_continuous_size': 29, 'attention_head_size': 1, 'learning_rate': 0.01462400368172244}. Best is trial 5 with value: 31.0970401763916.
LOCAL_RANK: 0 - CUDA_VISIBLE_DEVICES: [0]
[I 2023-11-30 10:34:01,657] Trial 41 finished with value: 33.912227630615234 and parameters: {'gradient_clip_val': 0.31006930937132066, 'hidden_size': 105, 'dropout': 0.2334643976574149, 'hidden_continuous_size': 18, 'attention_head_size': 4, 'learning_rate': 0.008130603102709492}. Best is trial 5 with value: 31.0970401763916.
LOCAL_RANK: 0 - CUDA_VISIBLE_DEVICES: [0]
[I 2023-11-30 10:34:15,442] Trial 42 finished with value: 31.97569465637207 and parameters: {'gradient_clip_val': 0.2496225444064944, 'hidden_size': 112, 'dropout': 0.28535309387390123, 'hidden_continuous_size': 22, 'attention_head_size': 4, 'learning_rate': 0.01124329409162093}. Best is trial 5 with value: 31.0970401763916.
LOCAL_RANK: 0 - CUDA_VISIBLE_DEVICES: [0]
[I 2023-11-30 10:34:29,006] Trial 43 finished with value: 35.41971206665039 and parameters: {'gradient_clip_val': 0.44206285458857775, 'hidden_size': 74, 'dropout': 0.34031033035914876, 'hidden_continuous_size': 20, 'attention_head_size': 4, 'learning_rate': 0.00834464887354524}. Best is trial 5 with value: 31.0970401763916.
LOCAL_RANK: 0 - CUDA_VISIBLE_DEVICES: [0]
[I 2023-11-30 10:34:43,491] Trial 44 finished with value: 34.920780181884766 and parameters: {'gradient_clip_val': 0.3706541899237855, 'hidden_size': 139, 'dropout': 0.23651823636082964, 'hidden_continuous_size': 23, 'attention_head_size': 4, 'learning_rate': 0.009398482342125234}. Best is trial 5 with value: 31.0970401763916.
LOCAL_RANK: 0 - CUDA_VISIBLE_DEVICES: [0]
[I 2023-11-30 10:34:57,047] Trial 45 finished with value: 38.91437911987305 and parameters: {'gradient_clip_val': 0.29563221506991133, 'hidden_size': 92, 'dropout': 0.2143964469305969, 'hidden_continuous_size': 26, 'attention_head_size': 3, 'learning_rate': 0.011935735418487968}. Best is trial 5 with value: 31.0970401763916.
LOCAL_RANK: 0 - CUDA_VISIBLE_DEVICES: [0]
[I 2023-11-30 10:35:11,406] Trial 46 finished with value: 42.71065139770508 and parameters: {'gradient_clip_val': 0.3336170138584156, 'hidden_size': 150, 'dropout': 0.2578640228094238, 'hidden_continuous_size': 16, 'attention_head_size': 4, 'learning_rate': 0.00488744821518419}. Best is trial 5 with value: 31.0970401763916.
LOCAL_RANK: 0 - CUDA_VISIBLE_DEVICES: [0]
[I 2023-11-30 10:35:25,261] Trial 47 finished with value: 31.62491798400879 and parameters: {'gradient_clip_val': 0.12925650755209178, 'hidden_size': 110, 'dropout': 0.3172586989304941, 'hidden_continuous_size': 20, 'attention_head_size': 3, 'learning_rate': 0.016695814910037018}. Best is trial 5 with value: 31.0970401763916.
LOCAL_RANK: 0 - CUDA_VISIBLE_DEVICES: [0]
[I 2023-11-30 10:35:39,416] Trial 48 finished with value: 37.81947708129883 and parameters: {'gradient_clip_val': 0.12255404130324707, 'hidden_size': 135, 'dropout': 0.3188025043910282, 'hidden_continuous_size': 13, 'attention_head_size': 3, 'learning_rate': 0.017015753947698737}. Best is trial 5 with value: 31.0970401763916.
LOCAL_RANK: 0 - CUDA_VISIBLE_DEVICES: [0]
[I 2023-11-30 10:35:52,747] Trial 49 finished with value: 37.49382400512695 and parameters: {'gradient_clip_val': 0.1457047170046995, 'hidden_size': 112, 'dropout': 0.39683576905576046, 'hidden_continuous_size': 10, 'attention_head_size': 3, 'learning_rate': 0.023500448022634415}. Best is trial 5 with value: 31.0970401763916.
LOCAL_RANK: 0 - CUDA_VISIBLE_DEVICES: [0]
[I 2023-11-30 10:36:05,953] Trial 50 finished with value: 33.085357666015625 and parameters: {'gradient_clip_val': 0.10451204467277997, 'hidden_size': 72, 'dropout': 0.2967577736576462, 'hidden_continuous_size': 15, 'attention_head_size': 2, 'learning_rate': 0.022648134479609228}. Best is trial 5 with value: 31.0970401763916.
LOCAL_RANK: 0 - CUDA_VISIBLE_DEVICES: [0]
[I 2023-11-30 10:36:19,582] Trial 51 finished with value: 33.74260330200195 and parameters: {'gradient_clip_val': 0.2076606384177938, 'hidden_size': 98, 'dropout': 0.2808755410608482, 'hidden_continuous_size': 21, 'attention_head_size': 3, 'learning_rate': 0.012368658641232032}. Best is trial 5 with value: 31.0970401763916.
LOCAL_RANK: 0 - CUDA_VISIBLE_DEVICES: [0]
[I 2023-11-30 10:36:33,427] Trial 52 finished with value: 31.464141845703125 and parameters: {'gradient_clip_val': 0.2503362831430849, 'hidden_size': 112, 'dropout': 0.3427755611638821, 'hidden_continuous_size': 28, 'attention_head_size': 3, 'learning_rate': 0.010020174146340575}. Best is trial 5 with value: 31.0970401763916.
LOCAL_RANK: 0 - CUDA_VISIBLE_DEVICES: [0]
[I 2023-11-30 10:36:47,749] Trial 53 finished with value: 33.998809814453125 and parameters: {'gradient_clip_val': 0.1807303921526882, 'hidden_size': 131, 'dropout': 0.34480759003686684, 'hidden_continuous_size': 27, 'attention_head_size': 3, 'learning_rate': 0.01655812609971123}. Best is trial 5 with value: 31.0970401763916.
LOCAL_RANK: 0 - CUDA_VISIBLE_DEVICES: [0]
[I 2023-11-30 10:37:01,770] Trial 54 finished with value: 33.66471481323242 and parameters: {'gradient_clip_val': 0.1568135191204211, 'hidden_size': 114, 'dropout': 0.3309656536857552, 'hidden_continuous_size': 37, 'attention_head_size': 3, 'learning_rate': 0.007596041844847374}. Best is trial 5 with value: 31.0970401763916.
LOCAL_RANK: 0 - CUDA_VISIBLE_DEVICES: [0]
[I 2023-11-30 10:37:15,138] Trial 55 finished with value: 32.9374885559082 and parameters: {'gradient_clip_val': 0.13967828598758253, 'hidden_size': 84, 'dropout': 0.3827098455191156, 'hidden_continuous_size': 24, 'attention_head_size': 2, 'learning_rate': 0.009957532987218819}. Best is trial 5 with value: 31.0970401763916.
LOCAL_RANK: 0 - CUDA_VISIBLE_DEVICES: [0]
[I 2023-11-30 10:37:29,399] Trial 56 finished with value: 33.81634521484375 and parameters: {'gradient_clip_val': 0.1946766946220837, 'hidden_size': 139, 'dropout': 0.3560591648312721, 'hidden_continuous_size': 19, 'attention_head_size': 3, 'learning_rate': 0.018644534253371287}. Best is trial 5 with value: 31.0970401763916.
LOCAL_RANK: 0 - CUDA_VISIBLE_DEVICES: [0]
[I 2023-11-30 10:37:43,095] Trial 57 finished with value: 36.02042007446289 and parameters: {'gradient_clip_val': 0.2436686384512636, 'hidden_size': 89, 'dropout': 0.3384759980924045, 'hidden_continuous_size': 28, 'attention_head_size': 3, 'learning_rate': 0.013407294480812399}. Best is trial 5 with value: 31.0970401763916.
LOCAL_RANK: 0 - CUDA_VISIBLE_DEVICES: [0]
[I 2023-11-30 10:37:57,202] Trial 58 finished with value: 30.62542152404785 and parameters: {'gradient_clip_val': 0.2210010078881431, 'hidden_size': 117, 'dropout': 0.36461123038120036, 'hidden_continuous_size': 30, 'attention_head_size': 3, 'learning_rate': 0.010914590498819432}. Best is trial 58 with value: 30.62542152404785.
LOCAL_RANK: 0 - CUDA_VISIBLE_DEVICES: [0]
[I 2023-11-30 10:38:11,183] Trial 59 finished with value: 34.30671691894531 and parameters: {'gradient_clip_val': 0.22511965652074165, 'hidden_size': 119, 'dropout': 0.3696401273834764, 'hidden_continuous_size': 32, 'attention_head_size': 3, 'learning_rate': 0.011139429377072303}. Best is trial 58 with value: 30.62542152404785.
LOCAL_RANK: 0 - CUDA_VISIBLE_DEVICES: [0]
[I 2023-11-30 10:38:25,460] Trial 60 finished with value: 40.04618453979492 and parameters: {'gradient_clip_val': 0.17025050621316473, 'hidden_size': 139, 'dropout': 0.3491841363687489, 'hidden_continuous_size': 40, 'attention_head_size': 3, 'learning_rate': 0.006182093975054131}. Best is trial 58 with value: 30.62542152404785.
LOCAL_RANK: 0 - CUDA_VISIBLE_DEVICES: [0]
[I 2023-11-30 10:38:40,056] Trial 61 finished with value: 30.917930603027344 and parameters: {'gradient_clip_val': 0.2671845776569659, 'hidden_size': 100, 'dropout': 0.3893698403517611, 'hidden_continuous_size': 30, 'attention_head_size': 3, 'learning_rate': 0.014925063547113815}. Best is trial 58 with value: 30.62542152404785.
LOCAL_RANK: 0 - CUDA_VISIBLE_DEVICES: [0]
[I 2023-11-30 10:38:55,285] Trial 62 finished with value: 34.78373718261719 and parameters: {'gradient_clip_val': 0.25159052721464137, 'hidden_size': 114, 'dropout': 0.38849383013609035, 'hidden_continuous_size': 29, 'attention_head_size': 3, 'learning_rate': 0.015382247281528892}. Best is trial 58 with value: 30.62542152404785.
LOCAL_RANK: 0 - CUDA_VISIBLE_DEVICES: [0]
[I 2023-11-30 10:39:10,290] Trial 63 finished with value: 32.804046630859375 and parameters: {'gradient_clip_val': 0.26959627082521537, 'hidden_size': 98, 'dropout': 0.39818525143074496, 'hidden_continuous_size': 32, 'attention_head_size': 3, 'learning_rate': 0.012303792098335358}. Best is trial 58 with value: 30.62542152404785.
LOCAL_RANK: 0 - CUDA_VISIBLE_DEVICES: [0]
[I 2023-11-30 10:39:25,420] Trial 64 finished with value: 33.5000114440918 and parameters: {'gradient_clip_val': 0.21395288189685524, 'hidden_size': 126, 'dropout': 0.36700600609026296, 'hidden_continuous_size': 31, 'attention_head_size': 3, 'learning_rate': 0.010314441858874151}. Best is trial 58 with value: 30.62542152404785.
LOCAL_RANK: 0 - CUDA_VISIBLE_DEVICES: [0]
[I 2023-11-30 10:39:40,368] Trial 65 finished with value: 36.309974670410156 and parameters: {'gradient_clip_val': 0.28129302649091975, 'hidden_size': 148, 'dropout': 0.37798013130325575, 'hidden_continuous_size': 11, 'attention_head_size': 3, 'learning_rate': 0.013205135925975088}. Best is trial 58 with value: 30.62542152404785.
LOCAL_RANK: 0 - CUDA_VISIBLE_DEVICES: [0]
[I 2023-11-30 10:39:55,307] Trial 66 finished with value: 33.35984802246094 and parameters: {'gradient_clip_val': 0.23287731533754313, 'hidden_size': 87, 'dropout': 0.3894240661970044, 'hidden_continuous_size': 25, 'attention_head_size': 3, 'learning_rate': 0.008856586387023555}. Best is trial 58 with value: 30.62542152404785.
LOCAL_RANK: 0 - CUDA_VISIBLE_DEVICES: [0]
