[I 2023-11-30 14:48:26,022] Trial 128 finished with value: 116.00390625 and parameters: {'gradient_clip_val': 0.41251475166120466, 'hidden_size': 37, 'dropout': 0.23795022770636778, 'hidden_continuous_size': 27, 'attention_head_size': 4, 'learning_rate': 0.0064123001881717994}. Best is trial 7 with value: 82.06049346923828.
LOCAL_RANK: 0 - CUDA_VISIBLE_DEVICES: [0]
[I 2023-11-30 14:48:39,882] Trial 129 finished with value: 88.20428466796875 and parameters: {'gradient_clip_val': 0.3607702150282041, 'hidden_size': 45, 'dropout': 0.20490901972833112, 'hidden_continuous_size': 22, 'attention_head_size': 2, 'learning_rate': 0.009904049497991277}. Best is trial 7 with value: 82.06049346923828.
LOCAL_RANK: 0 - CUDA_VISIBLE_DEVICES: [0]
[I 2023-11-30 14:48:53,600] Trial 130 finished with value: 134.5904998779297 and parameters: {'gradient_clip_val': 0.33131814093650963, 'hidden_size': 46, 'dropout': 0.193255549245294, 'hidden_continuous_size': 22, 'attention_head_size': 2, 'learning_rate': 0.009810789875475266}. Best is trial 7 with value: 82.06049346923828.
LOCAL_RANK: 0 - CUDA_VISIBLE_DEVICES: [0]
[I 2023-11-30 14:49:07,401] Trial 131 finished with value: 99.37837982177734 and parameters: {'gradient_clip_val': 0.3518821597861908, 'hidden_size': 44, 'dropout': 0.2078224214456436, 'hidden_continuous_size': 23, 'attention_head_size': 2, 'learning_rate': 0.013640584649879396}. Best is trial 7 with value: 82.06049346923828.
LOCAL_RANK: 0 - CUDA_VISIBLE_DEVICES: [0]
[I 2023-11-30 14:49:21,862] Trial 132 finished with value: 102.3023452758789 and parameters: {'gradient_clip_val': 0.3844179052280186, 'hidden_size': 61, 'dropout': 0.11073256354163191, 'hidden_continuous_size': 14, 'attention_head_size': 2, 'learning_rate': 0.008816059547648181}. Best is trial 7 with value: 82.06049346923828.
LOCAL_RANK: 0 - CUDA_VISIBLE_DEVICES: [0]
[I 2023-11-30 14:49:36,227] Trial 133 finished with value: 132.59469604492188 and parameters: {'gradient_clip_val': 0.36372564493291903, 'hidden_size': 56, 'dropout': 0.2180791291196537, 'hidden_continuous_size': 24, 'attention_head_size': 2, 'learning_rate': 0.007470089269651517}. Best is trial 7 with value: 82.06049346923828.
LOCAL_RANK: 0 - CUDA_VISIBLE_DEVICES: [0]
[I 2023-11-30 14:49:49,995] Trial 134 finished with value: 110.7872085571289 and parameters: {'gradient_clip_val': 0.42797430175905565, 'hidden_size': 49, 'dropout': 0.18314618198017585, 'hidden_continuous_size': 25, 'attention_head_size': 2, 'learning_rate': 0.016023242053407293}. Best is trial 7 with value: 82.06049346923828.
LOCAL_RANK: 0 - CUDA_VISIBLE_DEVICES: [0]
[I 2023-11-30 14:50:02,986] Trial 135 finished with value: 140.1244354248047 and parameters: {'gradient_clip_val': 0.17537284020834334, 'hidden_size': 51, 'dropout': 0.2046719367958524, 'hidden_continuous_size': 12, 'attention_head_size': 4, 'learning_rate': 0.011121948783076603}. Best is trial 7 with value: 82.06049346923828.
LOCAL_RANK: 0 - CUDA_VISIBLE_DEVICES: [0]
[I 2023-11-30 14:50:15,572] Trial 136 finished with value: 110.7333984375 and parameters: {'gradient_clip_val': 0.30231593942853713, 'hidden_size': 43, 'dropout': 0.12353108846104613, 'hidden_continuous_size': 11, 'attention_head_size': 2, 'learning_rate': 0.009915541130443266}. Best is trial 7 with value: 82.06049346923828.
LOCAL_RANK: 0 - CUDA_VISIBLE_DEVICES: [0]
[I 2023-11-30 14:50:28,694] Trial 137 finished with value: 106.58474731445312 and parameters: {'gradient_clip_val': 0.39679195930979355, 'hidden_size': 54, 'dropout': 0.19774067561803862, 'hidden_continuous_size': 15, 'attention_head_size': 4, 'learning_rate': 0.012337191049336822}. Best is trial 7 with value: 82.06049346923828.
LOCAL_RANK: 0 - CUDA_VISIBLE_DEVICES: [0]
[I 2023-11-30 14:50:41,714] Trial 138 finished with value: 145.9618377685547 and parameters: {'gradient_clip_val': 0.43602809810901744, 'hidden_size': 47, 'dropout': 0.2285404747546426, 'hidden_continuous_size': 24, 'attention_head_size': 1, 'learning_rate': 0.01454023892303696}. Best is trial 7 with value: 82.06049346923828.
LOCAL_RANK: 0 - CUDA_VISIBLE_DEVICES: [0]
[I 2023-11-30 14:50:55,027] Trial 139 finished with value: 101.64544677734375 and parameters: {'gradient_clip_val': 0.2480362004348093, 'hidden_size': 60, 'dropout': 0.21354374058582692, 'hidden_continuous_size': 30, 'attention_head_size': 3, 'learning_rate': 0.008486359310660802}. Best is trial 7 with value: 82.06049346923828.
LOCAL_RANK: 0 - CUDA_VISIBLE_DEVICES: [0]
[I 2023-11-30 14:51:07,825] Trial 140 finished with value: 154.5293731689453 and parameters: {'gradient_clip_val': 0.14483001339211538, 'hidden_size': 39, 'dropout': 0.1657807742903563, 'hidden_continuous_size': 18, 'attention_head_size': 4, 'learning_rate': 0.009290241562785906}. Best is trial 7 with value: 82.06049346923828.
LOCAL_RANK: 0 - CUDA_VISIBLE_DEVICES: [0]
[I 2023-11-30 14:51:20,731] Trial 141 finished with value: 111.9773941040039 and parameters: {'gradient_clip_val': 0.117439697214854, 'hidden_size': 59, 'dropout': 0.19730552500037402, 'hidden_continuous_size': 10, 'attention_head_size': 2, 'learning_rate': 0.007634758182993572}. Best is trial 7 with value: 82.06049346923828.
LOCAL_RANK: 0 - CUDA_VISIBLE_DEVICES: [0]
[I 2023-11-30 14:51:33,406] Trial 142 finished with value: 145.83555603027344 and parameters: {'gradient_clip_val': 0.128851261510729, 'hidden_size': 56, 'dropout': 0.19071292558337902, 'hidden_continuous_size': 10, 'attention_head_size': 2, 'learning_rate': 0.007152450776318534}. Best is trial 7 with value: 82.06049346923828.
LOCAL_RANK: 0 - CUDA_VISIBLE_DEVICES: [0]
[I 2023-11-30 14:51:46,509] Trial 143 finished with value: 136.8078155517578 and parameters: {'gradient_clip_val': 0.13305353720984642, 'hidden_size': 56, 'dropout': 0.2024162280887688, 'hidden_continuous_size': 28, 'attention_head_size': 2, 'learning_rate': 0.005999965874334552}. Best is trial 7 with value: 82.06049346923828.
LOCAL_RANK: 0 - CUDA_VISIBLE_DEVICES: [0]
[I 2023-11-30 14:51:59,268] Trial 144 finished with value: 101.29354858398438 and parameters: {'gradient_clip_val': 0.2810066111923239, 'hidden_size': 64, 'dropout': 0.22052522980232703, 'hidden_continuous_size': 11, 'attention_head_size': 2, 'learning_rate': 0.008048943884868107}. Best is trial 7 with value: 82.06049346923828.
LOCAL_RANK: 0 - CUDA_VISIBLE_DEVICES: [0]
[I 2023-11-30 14:52:12,168] Trial 145 finished with value: 119.13240814208984 and parameters: {'gradient_clip_val': 0.1001467112546491, 'hidden_size': 49, 'dropout': 0.17911021978783037, 'hidden_continuous_size': 17, 'attention_head_size': 2, 'learning_rate': 0.006573949271341783}. Best is trial 7 with value: 82.06049346923828.
LOCAL_RANK: 0 - CUDA_VISIBLE_DEVICES: [0]
[I 2023-11-30 14:52:24,869] Trial 146 finished with value: 97.1285400390625 and parameters: {'gradient_clip_val': 0.26278477657847865, 'hidden_size': 52, 'dropout': 0.186552717881535, 'hidden_continuous_size': 13, 'attention_head_size': 2, 'learning_rate': 0.011052755949423407}. Best is trial 7 with value: 82.06049346923828.
LOCAL_RANK: 0 - CUDA_VISIBLE_DEVICES: [0]
[I 2023-11-30 14:52:37,558] Trial 147 finished with value: 94.77559661865234 and parameters: {'gradient_clip_val': 0.10893972652530173, 'hidden_size': 41, 'dropout': 0.21169888157647, 'hidden_continuous_size': 10, 'attention_head_size': 4, 'learning_rate': 0.009954592968112729}. Best is trial 7 with value: 82.06049346923828.
LOCAL_RANK: 0 - CUDA_VISIBLE_DEVICES: [0]
[I 2023-11-30 14:52:50,843] Trial 148 finished with value: 106.59844970703125 and parameters: {'gradient_clip_val': 0.31623454004818213, 'hidden_size': 45, 'dropout': 0.20103616947992783, 'hidden_continuous_size': 26, 'attention_head_size': 4, 'learning_rate': 0.005327395568299663}. Best is trial 7 with value: 82.06049346923828.
LOCAL_RANK: 0 - CUDA_VISIBLE_DEVICES: [0]
[I 2023-11-30 14:53:03,944] Trial 149 finished with value: 83.44679260253906 and parameters: {'gradient_clip_val': 0.12379408728590469, 'hidden_size': 70, 'dropout': 0.15428425889392175, 'hidden_continuous_size': 12, 'attention_head_size': 2, 'learning_rate': 0.00739158384162333}. Best is trial 7 with value: 82.06049346923828.
[I 2023-11-30 14:53:04,055] A new study created in memory with name: no-name-48f5d41d-af0b-4908-8377-ac7afe6304bb
/home/le004/conda/anaconda3/envs/tsff_env/lib/python3.9/site-packages/lightning/fabric/plugins/environments/slurm.py:191: The `srun` command is available on your system but is not used. HINT: If your intention is to run Lightning on SLURM, prepend your python command with `srun` like so: srun python /home/le004/master_thesis/git/TSFusionForecast/code/ ...
LOCAL_RANK: 0 - CUDA_VISIBLE_DEVICES: [0]
[I 2023-11-30 14:53:16,096] Trial 0 finished with value: 32.65567398071289 and parameters: {'gradient_clip_val': 0.4968811897241759, 'hidden_size': 13, 'dropout': 0.22567623599855174, 'hidden_continuous_size': 10, 'attention_head_size': 3, 'learning_rate': 0.03686029737243036}. Best is trial 0 with value: 32.65567398071289.
LOCAL_RANK: 0 - CUDA_VISIBLE_DEVICES: [0]
[I 2023-11-30 14:53:28,660] Trial 1 finished with value: 25.740930557250977 and parameters: {'gradient_clip_val': 0.10008070225516989, 'hidden_size': 41, 'dropout': 0.2184133265594384, 'hidden_continuous_size': 13, 'attention_head_size': 3, 'learning_rate': 0.04956968492406013}. Best is trial 1 with value: 25.740930557250977.
LOCAL_RANK: 0 - CUDA_VISIBLE_DEVICES: [0]
[I 2023-11-30 14:53:40,726] Trial 2 finished with value: 77.6852035522461 and parameters: {'gradient_clip_val': 0.3201698736333184, 'hidden_size': 17, 'dropout': 0.2684437549454074, 'hidden_continuous_size': 16, 'attention_head_size': 1, 'learning_rate': 0.002785868264908817}. Best is trial 1 with value: 25.740930557250977.
LOCAL_RANK: 0 - CUDA_VISIBLE_DEVICES: [0]
[I 2023-11-30 14:53:53,073] Trial 3 finished with value: 36.25361633300781 and parameters: {'gradient_clip_val': 0.5522631285338493, 'hidden_size': 26, 'dropout': 0.32277140657061876, 'hidden_continuous_size': 11, 'attention_head_size': 2, 'learning_rate': 0.05251702508866211}. Best is trial 1 with value: 25.740930557250977.
LOCAL_RANK: 0 - CUDA_VISIBLE_DEVICES: [0]
[I 2023-11-30 14:54:05,189] Trial 4 finished with value: 28.459991455078125 and parameters: {'gradient_clip_val': 0.5451705848725246, 'hidden_size': 25, 'dropout': 0.23811896079648237, 'hidden_continuous_size': 16, 'attention_head_size': 2, 'learning_rate': 0.02188445105197714}. Best is trial 1 with value: 25.740930557250977.
LOCAL_RANK: 0 - CUDA_VISIBLE_DEVICES: [0]
[I 2023-11-30 14:54:19,329] Trial 5 finished with value: 32.11490249633789 and parameters: {'gradient_clip_val': 0.1414710752016052, 'hidden_size': 143, 'dropout': 0.23988225805359378, 'hidden_continuous_size': 33, 'attention_head_size': 3, 'learning_rate': 0.026454097983886374}. Best is trial 1 with value: 25.740930557250977.
LOCAL_RANK: 0 - CUDA_VISIBLE_DEVICES: [0]
[I 2023-11-30 14:54:31,680] Trial 6 finished with value: 34.42850112915039 and parameters: {'gradient_clip_val': 0.27237308126026727, 'hidden_size': 29, 'dropout': 0.2590009425859098, 'hidden_continuous_size': 19, 'attention_head_size': 1, 'learning_rate': 0.05768351609966395}. Best is trial 1 with value: 25.740930557250977.
LOCAL_RANK: 0 - CUDA_VISIBLE_DEVICES: [0]
[I 2023-11-30 14:54:45,171] Trial 7 finished with value: 40.64960479736328 and parameters: {'gradient_clip_val': 0.12726895038097788, 'hidden_size': 107, 'dropout': 0.2171676489245208, 'hidden_continuous_size': 12, 'attention_head_size': 2, 'learning_rate': 0.016090331878665196}. Best is trial 1 with value: 25.740930557250977.
LOCAL_RANK: 0 - CUDA_VISIBLE_DEVICES: [0]
[I 2023-11-30 14:54:57,919] Trial 8 finished with value: 50.7523307800293 and parameters: {'gradient_clip_val': 0.3412812422986901, 'hidden_size': 51, 'dropout': 0.27497620142705603, 'hidden_continuous_size': 11, 'attention_head_size': 2, 'learning_rate': 0.01373728826900176}. Best is trial 1 with value: 25.740930557250977.
LOCAL_RANK: 0 - CUDA_VISIBLE_DEVICES: [0]
[I 2023-11-30 14:55:11,684] Trial 9 finished with value: 35.32452392578125 and parameters: {'gradient_clip_val': 0.11424944711480352, 'hidden_size': 93, 'dropout': 0.32079767420470984, 'hidden_continuous_size': 33, 'attention_head_size': 1, 'learning_rate': 0.08884366446576572}. Best is trial 1 with value: 25.740930557250977.
LOCAL_RANK: 0 - CUDA_VISIBLE_DEVICES: [0]
[I 2023-11-30 14:55:25,033] Trial 10 finished with value: 32.75532150268555 and parameters: {'gradient_clip_val': 0.8533846983207287, 'hidden_size': 51, 'dropout': 0.15671650278913857, 'hidden_continuous_size': 46, 'attention_head_size': 4, 'learning_rate': 0.0056835803953473145}. Best is trial 1 with value: 25.740930557250977.
LOCAL_RANK: 0 - CUDA_VISIBLE_DEVICES: [0]
[I 2023-11-30 14:55:35,314] Trial 11 finished with value: 50.79936599731445 and parameters: {'gradient_clip_val': 0.19026718046588253, 'hidden_size': 10, 'dropout': 0.38544475291600744, 'hidden_continuous_size': 10, 'attention_head_size': 4, 'learning_rate': 0.02189376983801967}. Best is trial 1 with value: 25.740930557250977.
LOCAL_RANK: 0 - CUDA_VISIBLE_DEVICES: [0]
[I 2023-11-30 14:55:47,653] Trial 12 finished with value: 50.8415412902832 and parameters: {'gradient_clip_val': 0.10309213448997376, 'hidden_size': 21, 'dropout': 0.1544079988843038, 'hidden_continuous_size': 13, 'attention_head_size': 3, 'learning_rate': 0.008265028309915146}. Best is trial 1 with value: 25.740930557250977.
LOCAL_RANK: 0 - CUDA_VISIBLE_DEVICES: [0]
[I 2023-11-30 14:56:00,168] Trial 13 finished with value: 58.6994514465332 and parameters: {'gradient_clip_val': 0.1950783875993866, 'hidden_size': 40, 'dropout': 0.11516719999798236, 'hidden_continuous_size': 15, 'attention_head_size': 3, 'learning_rate': 0.001062489216391463}. Best is trial 1 with value: 25.740930557250977.
LOCAL_RANK: 0 - CUDA_VISIBLE_DEVICES: [0]
[I 2023-11-30 14:56:12,602] Trial 14 finished with value: 35.64582824707031 and parameters: {'gradient_clip_val': 0.1646892345868294, 'hidden_size': 32, 'dropout': 0.19019578390455946, 'hidden_continuous_size': 14, 'attention_head_size': 2, 'learning_rate': 0.09379449994310401}. Best is trial 1 with value: 25.740930557250977.
LOCAL_RANK: 0 - CUDA_VISIBLE_DEVICES: [0]
[I 2023-11-30 14:56:24,875] Trial 15 finished with value: 26.63165283203125 and parameters: {'gradient_clip_val': 0.22797422642618237, 'hidden_size': 19, 'dropout': 0.19916521031525924, 'hidden_continuous_size': 13, 'attention_head_size': 4, 'learning_rate': 0.032804771165876975}. Best is trial 1 with value: 25.740930557250977.
LOCAL_RANK: 0 - CUDA_VISIBLE_DEVICES: [0]
[I 2023-11-30 14:56:37,049] Trial 16 finished with value: 34.26718521118164 and parameters: {'gradient_clip_val': 0.10224297946764353, 'hidden_size': 17, 'dropout': 0.18727136774700154, 'hidden_continuous_size': 12, 'attention_head_size': 4, 'learning_rate': 0.03848760335300152}. Best is trial 1 with value: 25.740930557250977.
LOCAL_RANK: 0 - CUDA_VISIBLE_DEVICES: [0]
[I 2023-11-30 14:56:50,170] Trial 17 finished with value: 72.8518295288086 and parameters: {'gradient_clip_val': 0.2396232156944341, 'hidden_size': 50, 'dropout': 0.10867916032265351, 'hidden_continuous_size': 20, 'attention_head_size': 4, 'learning_rate': 0.05622969759021406}. Best is trial 1 with value: 25.740930557250977.
LOCAL_RANK: 0 - CUDA_VISIBLE_DEVICES: [0]
[I 2023-11-30 14:57:02,901] Trial 18 finished with value: 26.81142234802246 and parameters: {'gradient_clip_val': 0.15031417044204942, 'hidden_size': 39, 'dropout': 0.20040511637431777, 'hidden_continuous_size': 13, 'attention_head_size': 4, 'learning_rate': 0.03348094222888965}. Best is trial 1 with value: 25.740930557250977.
LOCAL_RANK: 0 - CUDA_VISIBLE_DEVICES: [0]
[I 2023-11-30 14:57:15,243] Trial 19 finished with value: 39.82441329956055 and parameters: {'gradient_clip_val': 0.19135874283817278, 'hidden_size': 18, 'dropout': 0.15950313108060593, 'hidden_continuous_size': 12, 'attention_head_size': 3, 'learning_rate': 0.016482761513605657}. Best is trial 1 with value: 25.740930557250977.
LOCAL_RANK: 0 - CUDA_VISIBLE_DEVICES: [0]
[I 2023-11-30 14:57:27,356] Trial 20 finished with value: 38.24586486816406 and parameters: {'gradient_clip_val': 0.12792332537218773, 'hidden_size': 14, 'dropout': 0.20777963696676455, 'hidden_continuous_size': 10, 'attention_head_size': 4, 'learning_rate': 0.09665128108276447}. Best is trial 1 with value: 25.740930557250977.
LOCAL_RANK: 0 - CUDA_VISIBLE_DEVICES: [0]
[I 2023-11-30 14:57:39,802] Trial 21 finished with value: 33.90761184692383 and parameters: {'gradient_clip_val': 0.14632522568813108, 'hidden_size': 40, 'dropout': 0.1870488146850747, 'hidden_continuous_size': 14, 'attention_head_size': 4, 'learning_rate': 0.03282602244558071}. Best is trial 1 with value: 25.740930557250977.
LOCAL_RANK: 0 - CUDA_VISIBLE_DEVICES: [0]
[I 2023-11-30 14:57:52,396] Trial 22 finished with value: 34.5567741394043 and parameters: {'gradient_clip_val': 0.1575350589813116, 'hidden_size': 34, 'dropout': 0.20667812342442532, 'hidden_continuous_size': 13, 'attention_head_size': 4, 'learning_rate': 0.04651681841264815}. Best is trial 1 with value: 25.740930557250977.
LOCAL_RANK: 0 - CUDA_VISIBLE_DEVICES: [0]
[I 2023-11-30 14:58:05,638] Trial 23 finished with value: 35.58929443359375 and parameters: {'gradient_clip_val': 0.12295426910847536, 'hidden_size': 63, 'dropout': 0.17227043429813, 'hidden_continuous_size': 17, 'attention_head_size': 3, 'learning_rate': 0.029844175746923055}. Best is trial 1 with value: 25.740930557250977.
LOCAL_RANK: 0 - CUDA_VISIBLE_DEVICES: [0]
[I 2023-11-30 14:58:17,952] Trial 24 finished with value: 36.476715087890625 and parameters: {'gradient_clip_val': 0.10146205206668536, 'hidden_size': 24, 'dropout': 0.1441799832681666, 'hidden_continuous_size': 13, 'attention_head_size': 4, 'learning_rate': 0.06776776691694998}. Best is trial 1 with value: 25.740930557250977.
LOCAL_RANK: 0 - CUDA_VISIBLE_DEVICES: [0]
[I 2023-11-30 14:58:30,497] Trial 25 finished with value: 32.79362106323242 and parameters: {'gradient_clip_val': 0.15843036922217302, 'hidden_size': 33, 'dropout': 0.13301021249956768, 'hidden_continuous_size': 15, 'attention_head_size': 3, 'learning_rate': 0.04041993746245369}. Best is trial 1 with value: 25.740930557250977.
LOCAL_RANK: 0 - CUDA_VISIBLE_DEVICES: [0]
[I 2023-11-30 14:58:42,842] Trial 26 finished with value: 26.42647361755371 and parameters: {'gradient_clip_val': 0.2110310910319787, 'hidden_size': 22, 'dropout': 0.17407654558159624, 'hidden_continuous_size': 11, 'attention_head_size': 4, 'learning_rate': 0.025348079972491302}. Best is trial 1 with value: 25.740930557250977.
LOCAL_RANK: 0 - CUDA_VISIBLE_DEVICES: [0]
[I 2023-11-30 14:58:54,964] Trial 27 finished with value: 38.36758041381836 and parameters: {'gradient_clip_val': 0.2407324544140313, 'hidden_size': 22, 'dropout': 0.1783146014565514, 'hidden_continuous_size': 11, 'attention_head_size': 3, 'learning_rate': 0.06647861771947043}. Best is trial 1 with value: 25.740930557250977.
LOCAL_RANK: 0 - CUDA_VISIBLE_DEVICES: [0]
[I 2023-11-30 14:59:07,220] Trial 28 finished with value: 58.92387771606445 and parameters: {'gradient_clip_val': 0.2163876961097737, 'hidden_size': 28, 'dropout': 0.13855769961357817, 'hidden_continuous_size': 11, 'attention_head_size': 4, 'learning_rate': 0.025375133552241812}. Best is trial 1 with value: 25.740930557250977.
LOCAL_RANK: 0 - CUDA_VISIBLE_DEVICES: [0]
[I 2023-11-30 14:59:19,531] Trial 29 finished with value: 30.80622100830078 and parameters: {'gradient_clip_val': 0.3637589347119187, 'hidden_size': 13, 'dropout': 0.23314147925503043, 'hidden_continuous_size': 11, 'attention_head_size': 3, 'learning_rate': 0.04221064322825439}. Best is trial 1 with value: 25.740930557250977.
LOCAL_RANK: 0 - CUDA_VISIBLE_DEVICES: [0]
[I 2023-11-30 14:59:31,561] Trial 30 finished with value: 36.0716667175293 and parameters: {'gradient_clip_val': 0.1810401116088027, 'hidden_size': 20, 'dropout': 0.22413180850290876, 'hidden_continuous_size': 10, 'attention_head_size': 4, 'learning_rate': 0.01923585899450698}. Best is trial 1 with value: 25.740930557250977.
LOCAL_RANK: 0 - CUDA_VISIBLE_DEVICES: [0]
[I 2023-11-30 14:59:44,284] Trial 31 finished with value: 46.95082092285156 and parameters: {'gradient_clip_val': 0.13585703485797865, 'hidden_size': 38, 'dropout': 0.19887177482877386, 'hidden_continuous_size': 14, 'attention_head_size': 4, 'learning_rate': 0.030650907273481597}. Best is trial 1 with value: 25.740930557250977.
LOCAL_RANK: 0 - CUDA_VISIBLE_DEVICES: [0]
[I 2023-11-30 14:59:56,505] Trial 32 finished with value: 33.80173873901367 and parameters: {'gradient_clip_val': 0.16715766662634035, 'hidden_size': 15, 'dropout': 0.1761544459872472, 'hidden_continuous_size': 12, 'attention_head_size': 4, 'learning_rate': 0.0341394734712274}. Best is trial 1 with value: 25.740930557250977.
LOCAL_RANK: 0 - CUDA_VISIBLE_DEVICES: [0]
[I 2023-11-30 15:00:08,894] Trial 33 finished with value: 40.740753173828125 and parameters: {'gradient_clip_val': 0.22469610011375354, 'hidden_size': 25, 'dropout': 0.2120585753074977, 'hidden_continuous_size': 13, 'attention_head_size': 4, 'learning_rate': 0.04385247608460303}. Best is trial 1 with value: 25.740930557250977.
LOCAL_RANK: 0 - CUDA_VISIBLE_DEVICES: [0]
[I 2023-11-30 15:00:21,215] Trial 34 finished with value: 42.82461929321289 and parameters: {'gradient_clip_val': 0.2845730531774634, 'hidden_size': 19, 'dropout': 0.1968193463833275, 'hidden_continuous_size': 12, 'attention_head_size': 3, 'learning_rate': 0.0247494071775633}. Best is trial 1 with value: 25.740930557250977.
LOCAL_RANK: 0 - CUDA_VISIBLE_DEVICES: [0]
[I 2023-11-30 15:00:33,330] Trial 35 finished with value: 54.62587356567383 and parameters: {'gradient_clip_val': 0.14666769312328137, 'hidden_size': 28, 'dropout': 0.226938585429169, 'hidden_continuous_size': 10, 'attention_head_size': 4, 'learning_rate': 0.05139988677224014}. Best is trial 1 with value: 25.740930557250977.
LOCAL_RANK: 0 - CUDA_VISIBLE_DEVICES: [0]
