[I 2023-11-29 23:59:58,210] Trial 146 finished with value: 106.28128814697266 and parameters: {'gradient_clip_val': 0.21200570755114168, 'hidden_size': 138, 'dropout': 0.2669704144945889, 'hidden_continuous_size': 24, 'attention_head_size': 1, 'learning_rate': 0.034813020477861244}. Best is trial 35 with value: 98.37602996826172.
LOCAL_RANK: 0 - CUDA_VISIBLE_DEVICES: [0]
[I 2023-11-30 00:00:10,797] Trial 147 finished with value: 103.4805679321289 and parameters: {'gradient_clip_val': 0.23621162639395626, 'hidden_size': 41, 'dropout': 0.320682185427024, 'hidden_continuous_size': 18, 'attention_head_size': 1, 'learning_rate': 0.05007637854160836}. Best is trial 35 with value: 98.37602996826172.
LOCAL_RANK: 0 - CUDA_VISIBLE_DEVICES: [0]
[I 2023-11-30 00:00:24,008] Trial 148 finished with value: 148.2747039794922 and parameters: {'gradient_clip_val': 0.23850571163483797, 'hidden_size': 63, 'dropout': 0.3201430801565337, 'hidden_continuous_size': 22, 'attention_head_size': 1, 'learning_rate': 0.04980199492023826}. Best is trial 35 with value: 98.37602996826172.
LOCAL_RANK: 0 - CUDA_VISIBLE_DEVICES: [0]
[I 2023-11-30 00:00:37,091] Trial 149 finished with value: 103.5897445678711 and parameters: {'gradient_clip_val': 0.2518310411137877, 'hidden_size': 53, 'dropout': 0.32706274153691717, 'hidden_continuous_size': 24, 'attention_head_size': 1, 'learning_rate': 0.04527741932234733}. Best is trial 35 with value: 98.37602996826172.
[I 2023-11-30 00:00:37,207] A new study created in memory with name: no-name-56121544-450d-4e70-a9fd-4c42385839aa
/home/le004/conda/anaconda3/envs/tsff_env/lib/python3.9/site-packages/lightning/fabric/plugins/environments/slurm.py:191: The `srun` command is available on your system but is not used. HINT: If your intention is to run Lightning on SLURM, prepend your python command with `srun` like so: srun python /home/le004/master_thesis/git/TSFusionForecast/code/ ...
LOCAL_RANK: 0 - CUDA_VISIBLE_DEVICES: [0]
[I 2023-11-30 00:00:51,753] Trial 0 finished with value: 49.674137115478516 and parameters: {'gradient_clip_val': 0.10183691572962877, 'hidden_size': 114, 'dropout': 0.118555756769862, 'hidden_continuous_size': 91, 'attention_head_size': 4, 'learning_rate': 0.08826225236653029}. Best is trial 0 with value: 49.674137115478516.
LOCAL_RANK: 0 - CUDA_VISIBLE_DEVICES: [0]
[I 2023-11-30 00:01:04,091] Trial 1 finished with value: 54.51150131225586 and parameters: {'gradient_clip_val': 0.27368167285702744, 'hidden_size': 34, 'dropout': 0.34388131071694317, 'hidden_continuous_size': 11, 'attention_head_size': 1, 'learning_rate': 0.012570220286644526}. Best is trial 0 with value: 49.674137115478516.
LOCAL_RANK: 0 - CUDA_VISIBLE_DEVICES: [0]
[I 2023-11-30 00:01:17,941] Trial 2 finished with value: 41.751216888427734 and parameters: {'gradient_clip_val': 0.6206673760367892, 'hidden_size': 80, 'dropout': 0.13679336833267677, 'hidden_continuous_size': 60, 'attention_head_size': 4, 'learning_rate': 0.025794982354148708}. Best is trial 2 with value: 41.751216888427734.
LOCAL_RANK: 0 - CUDA_VISIBLE_DEVICES: [0]
[I 2023-11-30 00:01:28,092] Trial 3 finished with value: 200.65625 and parameters: {'gradient_clip_val': 0.4755575978063387, 'hidden_size': 10, 'dropout': 0.3733164706071116, 'hidden_continuous_size': 10, 'attention_head_size': 3, 'learning_rate': 0.004736472397044007}. Best is trial 2 with value: 41.751216888427734.
LOCAL_RANK: 0 - CUDA_VISIBLE_DEVICES: [0]
[I 2023-11-30 00:01:40,497] Trial 4 finished with value: 297.279052734375 and parameters: {'gradient_clip_val': 0.19695334345315174, 'hidden_size': 22, 'dropout': 0.35273758615115136, 'hidden_continuous_size': 11, 'attention_head_size': 2, 'learning_rate': 0.0016299292113927544}. Best is trial 2 with value: 41.751216888427734.
LOCAL_RANK: 0 - CUDA_VISIBLE_DEVICES: [0]
[I 2023-11-30 00:01:52,983] Trial 5 finished with value: 46.05910873413086 and parameters: {'gradient_clip_val': 0.17921095819258914, 'hidden_size': 32, 'dropout': 0.39369354711292115, 'hidden_continuous_size': 31, 'attention_head_size': 4, 'learning_rate': 0.030319356749175304}. Best is trial 2 with value: 41.751216888427734.
LOCAL_RANK: 0 - CUDA_VISIBLE_DEVICES: [0]
[I 2023-11-30 00:02:05,499] Trial 6 finished with value: 71.9002914428711 and parameters: {'gradient_clip_val': 0.6315906170197049, 'hidden_size': 30, 'dropout': 0.16737234777339394, 'hidden_continuous_size': 25, 'attention_head_size': 1, 'learning_rate': 0.006725792721694086}. Best is trial 2 with value: 41.751216888427734.
LOCAL_RANK: 0 - CUDA_VISIBLE_DEVICES: [0]
[I 2023-11-30 00:02:19,534] Trial 7 finished with value: 51.9467887878418 and parameters: {'gradient_clip_val': 0.16777724929972654, 'hidden_size': 83, 'dropout': 0.13620907451979977, 'hidden_continuous_size': 56, 'attention_head_size': 4, 'learning_rate': 0.0014670734183553015}. Best is trial 2 with value: 41.751216888427734.
LOCAL_RANK: 0 - CUDA_VISIBLE_DEVICES: [0]
[I 2023-11-30 00:02:33,891] Trial 8 finished with value: 59.25320816040039 and parameters: {'gradient_clip_val': 0.7537196096640816, 'hidden_size': 150, 'dropout': 0.3737832996116799, 'hidden_continuous_size': 16, 'attention_head_size': 4, 'learning_rate': 0.0016225145746816142}. Best is trial 2 with value: 41.751216888427734.
LOCAL_RANK: 0 - CUDA_VISIBLE_DEVICES: [0]
[I 2023-11-30 00:02:47,971] Trial 9 finished with value: 53.93643569946289 and parameters: {'gradient_clip_val': 0.2244658844950456, 'hidden_size': 133, 'dropout': 0.2500435458197246, 'hidden_continuous_size': 17, 'attention_head_size': 1, 'learning_rate': 0.003965466700866472}. Best is trial 2 with value: 41.751216888427734.
LOCAL_RANK: 0 - CUDA_VISIBLE_DEVICES: [0]
[I 2023-11-30 00:03:01,764] Trial 10 finished with value: 46.23262405395508 and parameters: {'gradient_clip_val': 0.9961831545377784, 'hidden_size': 74, 'dropout': 0.19018770077184582, 'hidden_continuous_size': 48, 'attention_head_size': 3, 'learning_rate': 0.02363366085489474}. Best is trial 2 with value: 41.751216888427734.
LOCAL_RANK: 0 - CUDA_VISIBLE_DEVICES: [0]
[I 2023-11-30 00:03:14,995] Trial 11 finished with value: 40.838897705078125 and parameters: {'gradient_clip_val': 0.39301538480374687, 'hidden_size': 51, 'dropout': 0.2778871321951276, 'hidden_continuous_size': 30, 'attention_head_size': 3, 'learning_rate': 0.03622380927837092}. Best is trial 11 with value: 40.838897705078125.
LOCAL_RANK: 0 - CUDA_VISIBLE_DEVICES: [0]
[I 2023-11-30 00:03:28,321] Trial 12 finished with value: 41.15585708618164 and parameters: {'gradient_clip_val': 0.4190644062504757, 'hidden_size': 60, 'dropout': 0.2577930499059274, 'hidden_continuous_size': 39, 'attention_head_size': 3, 'learning_rate': 0.05190522695478253}. Best is trial 11 with value: 40.838897705078125.
LOCAL_RANK: 0 - CUDA_VISIBLE_DEVICES: [0]
[I 2023-11-30 00:03:41,662] Trial 13 finished with value: 50.42581558227539 and parameters: {'gradient_clip_val': 0.38891289626736375, 'hidden_size': 57, 'dropout': 0.2879669832965519, 'hidden_continuous_size': 31, 'attention_head_size': 3, 'learning_rate': 0.09722171268000776}. Best is trial 11 with value: 40.838897705078125.
LOCAL_RANK: 0 - CUDA_VISIBLE_DEVICES: [0]
[I 2023-11-30 00:03:54,754] Trial 14 finished with value: 43.08366012573242 and parameters: {'gradient_clip_val': 0.39566145690928334, 'hidden_size': 49, 'dropout': 0.2897626235319506, 'hidden_continuous_size': 25, 'attention_head_size': 2, 'learning_rate': 0.05039080365045454}. Best is trial 11 with value: 40.838897705078125.
LOCAL_RANK: 0 - CUDA_VISIBLE_DEVICES: [0]
[I 2023-11-30 00:04:07,545] Trial 15 finished with value: 49.7596549987793 and parameters: {'gradient_clip_val': 0.3263944980161142, 'hidden_size': 48, 'dropout': 0.2205720154523838, 'hidden_continuous_size': 31, 'attention_head_size': 2, 'learning_rate': 0.05088494356906696}. Best is trial 11 with value: 40.838897705078125.
LOCAL_RANK: 0 - CUDA_VISIBLE_DEVICES: [0]
[I 2023-11-30 00:04:21,022] Trial 16 finished with value: 44.03239822387695 and parameters: {'gradient_clip_val': 0.47779696419686923, 'hidden_size': 62, 'dropout': 0.2697927894914836, 'hidden_continuous_size': 38, 'attention_head_size': 3, 'learning_rate': 0.013322458362181178}. Best is trial 11 with value: 40.838897705078125.
LOCAL_RANK: 0 - CUDA_VISIBLE_DEVICES: [0]
[I 2023-11-30 00:04:35,096] Trial 17 finished with value: 52.44874954223633 and parameters: {'gradient_clip_val': 0.28189386577685527, 'hidden_size': 105, 'dropout': 0.310106281948794, 'hidden_continuous_size': 42, 'attention_head_size': 3, 'learning_rate': 0.04881619265561776}. Best is trial 11 with value: 40.838897705078125.
LOCAL_RANK: 0 - CUDA_VISIBLE_DEVICES: [0]
[I 2023-11-30 00:04:47,675] Trial 18 finished with value: 46.74650955200195 and parameters: {'gradient_clip_val': 0.3621560930709811, 'hidden_size': 48, 'dropout': 0.2279474099766484, 'hidden_continuous_size': 21, 'attention_head_size': 2, 'learning_rate': 0.019628628227375537}. Best is trial 11 with value: 40.838897705078125.
LOCAL_RANK: 0 - CUDA_VISIBLE_DEVICES: [0]
[I 2023-11-30 00:05:01,938] Trial 19 finished with value: 45.54832077026367 and parameters: {'gradient_clip_val': 0.4804537524943719, 'hidden_size': 99, 'dropout': 0.31041592758628733, 'hidden_continuous_size': 68, 'attention_head_size': 3, 'learning_rate': 0.042855094961754645}. Best is trial 11 with value: 40.838897705078125.
LOCAL_RANK: 0 - CUDA_VISIBLE_DEVICES: [0]
[I 2023-11-30 00:05:15,442] Trial 20 finished with value: 44.67421340942383 and parameters: {'gradient_clip_val': 0.27298894689313274, 'hidden_size': 73, 'dropout': 0.24443738194946746, 'hidden_continuous_size': 38, 'attention_head_size': 2, 'learning_rate': 0.07015799702065476}. Best is trial 11 with value: 40.838897705078125.
LOCAL_RANK: 0 - CUDA_VISIBLE_DEVICES: [0]
[I 2023-11-30 00:05:29,436] Trial 21 finished with value: 55.11246871948242 and parameters: {'gradient_clip_val': 0.5788352763883751, 'hidden_size': 80, 'dropout': 0.10633678389019591, 'hidden_continuous_size': 47, 'attention_head_size': 4, 'learning_rate': 0.021788058398847523}. Best is trial 11 with value: 40.838897705078125.
LOCAL_RANK: 0 - CUDA_VISIBLE_DEVICES: [0]
[I 2023-11-30 00:05:42,947] Trial 22 finished with value: 51.939422607421875 and parameters: {'gradient_clip_val': 0.6082932253108716, 'hidden_size': 61, 'dropout': 0.19157745834868847, 'hidden_continuous_size': 35, 'attention_head_size': 4, 'learning_rate': 0.03342105650448694}. Best is trial 11 with value: 40.838897705078125.
LOCAL_RANK: 0 - CUDA_VISIBLE_DEVICES: [0]
[I 2023-11-30 00:05:56,956] Trial 23 finished with value: 49.98350143432617 and parameters: {'gradient_clip_val': 0.788798470034799, 'hidden_size': 92, 'dropout': 0.14652961482149676, 'hidden_continuous_size': 59, 'attention_head_size': 3, 'learning_rate': 0.030958110639820756}. Best is trial 11 with value: 40.838897705078125.
LOCAL_RANK: 0 - CUDA_VISIBLE_DEVICES: [0]
[I 2023-11-30 00:06:09,757] Trial 24 finished with value: 43.54286575317383 and parameters: {'gradient_clip_val': 0.43933965166989686, 'hidden_size': 44, 'dropout': 0.21649553503697852, 'hidden_continuous_size': 29, 'attention_head_size': 3, 'learning_rate': 0.0619693733643765}. Best is trial 11 with value: 40.838897705078125.
LOCAL_RANK: 0 - CUDA_VISIBLE_DEVICES: [0]
[I 2023-11-30 00:06:23,419] Trial 25 finished with value: 46.24087142944336 and parameters: {'gradient_clip_val': 0.5484794155929584, 'hidden_size': 67, 'dropout': 0.25705723099603284, 'hidden_continuous_size': 41, 'attention_head_size': 4, 'learning_rate': 0.01682423105346635}. Best is trial 11 with value: 40.838897705078125.
LOCAL_RANK: 0 - CUDA_VISIBLE_DEVICES: [0]
[I 2023-11-30 00:06:37,833] Trial 26 finished with value: 65.03874969482422 and parameters: {'gradient_clip_val': 0.36991153643107466, 'hidden_size': 119, 'dropout': 0.19081650703510414, 'hidden_continuous_size': 80, 'attention_head_size': 3, 'learning_rate': 0.031913877662029126}. Best is trial 11 with value: 40.838897705078125.
LOCAL_RANK: 0 - CUDA_VISIBLE_DEVICES: [0]
[I 2023-11-30 00:06:51,650] Trial 27 finished with value: 49.15065383911133 and parameters: {'gradient_clip_val': 0.443976661818802, 'hidden_size': 92, 'dropout': 0.10308809057803062, 'hidden_continuous_size': 51, 'attention_head_size': 4, 'learning_rate': 0.06807545231807158}. Best is trial 11 with value: 40.838897705078125.
LOCAL_RANK: 0 - CUDA_VISIBLE_DEVICES: [0]
[I 2023-11-30 00:07:04,567] Trial 28 finished with value: 46.54062271118164 and parameters: {'gradient_clip_val': 0.32218627861957505, 'hidden_size': 39, 'dropout': 0.23370926376161144, 'hidden_continuous_size': 27, 'attention_head_size': 3, 'learning_rate': 0.03943232132649686}. Best is trial 11 with value: 40.838897705078125.
LOCAL_RANK: 0 - CUDA_VISIBLE_DEVICES: [0]
[I 2023-11-30 00:07:18,982] Trial 29 finished with value: 47.05165481567383 and parameters: {'gradient_clip_val': 0.6944565944102824, 'hidden_size': 109, 'dropout': 0.13146240779770677, 'hidden_continuous_size': 102, 'attention_head_size': 4, 'learning_rate': 0.07969230561157385}. Best is trial 11 with value: 40.838897705078125.
LOCAL_RANK: 0 - CUDA_VISIBLE_DEVICES: [0]
[I 2023-11-30 00:07:32,521] Trial 30 finished with value: 52.19940185546875 and parameters: {'gradient_clip_val': 0.5129930844136179, 'hidden_size': 62, 'dropout': 0.26996562468884067, 'hidden_continuous_size': 44, 'attention_head_size': 2, 'learning_rate': 0.02526613381426405}. Best is trial 11 with value: 40.838897705078125.
LOCAL_RANK: 0 - CUDA_VISIBLE_DEVICES: [0]
[I 2023-11-30 00:07:45,800] Trial 31 finished with value: 41.44480514526367 and parameters: {'gradient_clip_val': 0.4051943468670012, 'hidden_size': 53, 'dropout': 0.28692770542803825, 'hidden_continuous_size': 35, 'attention_head_size': 2, 'learning_rate': 0.054963929003032486}. Best is trial 11 with value: 40.838897705078125.
LOCAL_RANK: 0 - CUDA_VISIBLE_DEVICES: [0]
[I 2023-11-30 00:07:59,277] Trial 32 finished with value: 53.5579833984375 and parameters: {'gradient_clip_val': 0.4151613286694138, 'hidden_size': 77, 'dropout': 0.31586745312158704, 'hidden_continuous_size': 35, 'attention_head_size': 2, 'learning_rate': 0.09762204364487759}. Best is trial 11 with value: 40.838897705078125.
LOCAL_RANK: 0 - CUDA_VISIBLE_DEVICES: [0]
[I 2023-11-30 00:08:12,546] Trial 33 finished with value: 45.82365798950195 and parameters: {'gradient_clip_val': 0.5438655279220233, 'hidden_size': 51, 'dropout': 0.2693383661885974, 'hidden_continuous_size': 35, 'attention_head_size': 1, 'learning_rate': 0.0571056033365107}. Best is trial 11 with value: 40.838897705078125.
LOCAL_RANK: 0 - CUDA_VISIBLE_DEVICES: [0]
[I 2023-11-30 00:08:26,073] Trial 34 finished with value: 42.0139274597168 and parameters: {'gradient_clip_val': 0.5036482228022375, 'hidden_size': 56, 'dropout': 0.2891764143767247, 'hidden_continuous_size': 43, 'attention_head_size': 2, 'learning_rate': 0.07285355990845098}. Best is trial 11 with value: 40.838897705078125.
LOCAL_RANK: 0 - CUDA_VISIBLE_DEVICES: [0]
[I 2023-11-30 00:08:38,938] Trial 35 finished with value: 45.04188919067383 and parameters: {'gradient_clip_val': 0.43565756205024725, 'hidden_size': 38, 'dropout': 0.3360401736220662, 'hidden_continuous_size': 33, 'attention_head_size': 3, 'learning_rate': 0.03915052861404484}. Best is trial 11 with value: 40.838897705078125.
LOCAL_RANK: 0 - CUDA_VISIBLE_DEVICES: [0]
[I 2023-11-30 00:08:52,384] Trial 36 finished with value: 44.263309478759766 and parameters: {'gradient_clip_val': 0.33985517174650987, 'hidden_size': 69, 'dropout': 0.24749484891345527, 'hidden_continuous_size': 39, 'attention_head_size': 2, 'learning_rate': 0.039650736507322384}. Best is trial 11 with value: 40.838897705078125.
LOCAL_RANK: 0 - CUDA_VISIBLE_DEVICES: [0]
[I 2023-11-30 00:09:04,993] Trial 37 finished with value: 40.946529388427734 and parameters: {'gradient_clip_val': 0.6470988820568669, 'hidden_size': 30, 'dropout': 0.207239809221959, 'hidden_continuous_size': 26, 'attention_head_size': 1, 'learning_rate': 0.05898713860334876}. Best is trial 11 with value: 40.838897705078125.
LOCAL_RANK: 0 - CUDA_VISIBLE_DEVICES: [0]
[I 2023-11-30 00:09:17,494] Trial 38 finished with value: 47.02226257324219 and parameters: {'gradient_clip_val': 0.39074289369060017, 'hidden_size': 29, 'dropout': 0.2092771842392307, 'hidden_continuous_size': 26, 'attention_head_size': 1, 'learning_rate': 0.08255684053128638}. Best is trial 11 with value: 40.838897705078125.
LOCAL_RANK: 0 - CUDA_VISIBLE_DEVICES: [0]
[I 2023-11-30 00:09:29,910] Trial 39 finished with value: 48.94903564453125 and parameters: {'gradient_clip_val': 0.29510456878383723, 'hidden_size': 25, 'dropout': 0.23027858706069032, 'hidden_continuous_size': 23, 'attention_head_size': 1, 'learning_rate': 0.052784722737083}. Best is trial 11 with value: 40.838897705078125.
LOCAL_RANK: 0 - CUDA_VISIBLE_DEVICES: [0]
[I 2023-11-30 00:09:42,757] Trial 40 finished with value: 49.990478515625 and parameters: {'gradient_clip_val': 0.6331665237263919, 'hidden_size': 41, 'dropout': 0.26163499378525484, 'hidden_continuous_size': 29, 'attention_head_size': 1, 'learning_rate': 0.0613619463436767}. Best is trial 11 with value: 40.838897705078125.
LOCAL_RANK: 0 - CUDA_VISIBLE_DEVICES: [0]
[I 2023-11-30 00:09:56,134] Trial 41 finished with value: 45.49934005737305 and parameters: {'gradient_clip_val': 0.543856143743856, 'hidden_size': 54, 'dropout': 0.152504074209351, 'hidden_continuous_size': 37, 'attention_head_size': 3, 'learning_rate': 0.027468700366023995}. Best is trial 11 with value: 40.838897705078125.
LOCAL_RANK: 0 - CUDA_VISIBLE_DEVICES: [0]
[I 2023-11-30 00:10:08,868] Trial 42 finished with value: 59.04046630859375 and parameters: {'gradient_clip_val': 0.6811562744989487, 'hidden_size': 44, 'dropout': 0.16689709702891936, 'hidden_continuous_size': 34, 'attention_head_size': 1, 'learning_rate': 0.036244654520529496}. Best is trial 11 with value: 40.838897705078125.
LOCAL_RANK: 0 - CUDA_VISIBLE_DEVICES: [0]
[I 2023-11-30 00:10:21,542] Trial 43 finished with value: 41.96836471557617 and parameters: {'gradient_clip_val': 0.46566331616526807, 'hidden_size': 33, 'dropout': 0.12641643033122785, 'hidden_continuous_size': 29, 'attention_head_size': 2, 'learning_rate': 0.045564762542609154}. Best is trial 11 with value: 40.838897705078125.
LOCAL_RANK: 0 - CUDA_VISIBLE_DEVICES: [0]
[I 2023-11-30 00:10:34,478] Trial 44 finished with value: 59.111724853515625 and parameters: {'gradient_clip_val': 0.8037236342086607, 'hidden_size': 35, 'dropout': 0.2831045540603995, 'hidden_continuous_size': 31, 'attention_head_size': 3, 'learning_rate': 0.0596642531972828}. Best is trial 11 with value: 40.838897705078125.
LOCAL_RANK: 0 - CUDA_VISIBLE_DEVICES: [0]
[I 2023-11-30 00:10:46,851] Trial 45 finished with value: 47.92073440551758 and parameters: {'gradient_clip_val': 0.590351411788975, 'hidden_size': 21, 'dropout': 0.2050340904200712, 'hidden_continuous_size': 19, 'attention_head_size': 4, 'learning_rate': 0.027398628734504712}. Best is trial 11 with value: 40.838897705078125.
LOCAL_RANK: 0 - CUDA_VISIBLE_DEVICES: [0]
[I 2023-11-30 00:11:00,041] Trial 46 finished with value: 45.67889404296875 and parameters: {'gradient_clip_val': 0.5046370363545054, 'hidden_size': 56, 'dropout': 0.24371952626286233, 'hidden_continuous_size': 40, 'attention_head_size': 1, 'learning_rate': 0.0776981614993521}. Best is trial 11 with value: 40.838897705078125.
LOCAL_RANK: 0 - CUDA_VISIBLE_DEVICES: [0]
[I 2023-11-30 00:11:13,484] Trial 47 finished with value: 48.2520751953125 and parameters: {'gradient_clip_val': 0.4171110528625612, 'hidden_size': 66, 'dropout': 0.11752019005370455, 'hidden_continuous_size': 23, 'attention_head_size': 4, 'learning_rate': 0.044433086651881365}. Best is trial 11 with value: 40.838897705078125.
LOCAL_RANK: 0 - CUDA_VISIBLE_DEVICES: [0]
[I 2023-11-30 00:11:27,386] Trial 48 finished with value: 44.012088775634766 and parameters: {'gradient_clip_val': 0.3525444938671615, 'hidden_size': 86, 'dropout': 0.17959829826715212, 'hidden_continuous_size': 53, 'attention_head_size': 3, 'learning_rate': 0.09951368760293448}. Best is trial 11 with value: 40.838897705078125.
LOCAL_RANK: 0 - CUDA_VISIBLE_DEVICES: [0]
[I 2023-11-30 00:11:40,706] Trial 49 finished with value: 49.3720703125 and parameters: {'gradient_clip_val': 0.3801149105327312, 'hidden_size': 45, 'dropout': 0.23471199166893242, 'hidden_continuous_size': 37, 'attention_head_size': 2, 'learning_rate': 0.05167405973747843}. Best is trial 11 with value: 40.838897705078125.
LOCAL_RANK: 0 - CUDA_VISIBLE_DEVICES: [0]
[I 2023-11-30 00:11:54,402] Trial 50 finished with value: 47.26434326171875 and parameters: {'gradient_clip_val': 0.2534063559509576, 'hidden_size': 76, 'dropout': 0.279806377772534, 'hidden_continuous_size': 46, 'attention_head_size': 3, 'learning_rate': 0.03361628926132104}. Best is trial 11 with value: 40.838897705078125.
LOCAL_RANK: 0 - CUDA_VISIBLE_DEVICES: [0]
[I 2023-11-30 00:12:06,987] Trial 51 finished with value: 48.964447021484375 and parameters: {'gradient_clip_val': 0.44291966874559774, 'hidden_size': 33, 'dropout': 0.12546570345509067, 'hidden_continuous_size': 28, 'attention_head_size': 2, 'learning_rate': 0.04923938529693404}. Best is trial 11 with value: 40.838897705078125.
LOCAL_RANK: 0 - CUDA_VISIBLE_DEVICES: [0]
[I 2023-11-30 00:12:19,926] Trial 52 finished with value: 42.921173095703125 and parameters: {'gradient_clip_val': 0.4970992108299338, 'hidden_size': 50, 'dropout': 0.13852870863220684, 'hidden_continuous_size': 30, 'attention_head_size': 2, 'learning_rate': 0.04371922709132694}. Best is trial 11 with value: 40.838897705078125.
LOCAL_RANK: 0 - CUDA_VISIBLE_DEVICES: [0]
[I 2023-11-30 00:12:32,642] Trial 53 finished with value: 45.97675704956055 and parameters: {'gradient_clip_val': 0.45976999162654264, 'hidden_size': 37, 'dropout': 0.11743847379983631, 'hidden_continuous_size': 32, 'attention_head_size': 2, 'learning_rate': 0.020324032738428605}. Best is trial 11 with value: 40.838897705078125.
LOCAL_RANK: 0 - CUDA_VISIBLE_DEVICES: [0]
