[I 2023-11-30 11:07:03,664] Trial 33 finished with value: 26.798532485961914 and parameters: {'gradient_clip_val': 0.6249381010937718, 'hidden_size': 36, 'dropout': 0.2957995724741412, 'hidden_continuous_size': 20, 'attention_head_size': 3, 'learning_rate': 0.017266096633353267}. Best is trial 26 with value: 24.16090965270996.
LOCAL_RANK: 0 - CUDA_VISIBLE_DEVICES: [0]
[I 2023-11-30 11:07:16,503] Trial 34 finished with value: 31.175622940063477 and parameters: {'gradient_clip_val': 0.9967856859540195, 'hidden_size': 44, 'dropout': 0.3627692611347127, 'hidden_continuous_size': 22, 'attention_head_size': 3, 'learning_rate': 0.009721075854310689}. Best is trial 26 with value: 24.16090965270996.
LOCAL_RANK: 0 - CUDA_VISIBLE_DEVICES: [0]
[I 2023-11-30 11:07:29,278] Trial 35 finished with value: 26.205833435058594 and parameters: {'gradient_clip_val': 0.8095665220394348, 'hidden_size': 34, 'dropout': 0.3838956581734768, 'hidden_continuous_size': 19, 'attention_head_size': 3, 'learning_rate': 0.02063459283308003}. Best is trial 26 with value: 24.16090965270996.
LOCAL_RANK: 0 - CUDA_VISIBLE_DEVICES: [0]
[I 2023-11-30 11:07:43,177] Trial 36 finished with value: 25.552978515625 and parameters: {'gradient_clip_val': 0.44745884486693416, 'hidden_size': 119, 'dropout': 0.3291710869309107, 'hidden_continuous_size': 15, 'attention_head_size': 4, 'learning_rate': 0.031710835521161045}. Best is trial 26 with value: 24.16090965270996.
LOCAL_RANK: 0 - CUDA_VISIBLE_DEVICES: [0]
[I 2023-11-30 11:07:56,568] Trial 37 finished with value: 25.935678482055664 and parameters: {'gradient_clip_val': 0.7319131607996893, 'hidden_size': 62, 'dropout': 0.3117375508750747, 'hidden_continuous_size': 23, 'attention_head_size': 4, 'learning_rate': 0.016216917741215}. Best is trial 26 with value: 24.16090965270996.
LOCAL_RANK: 0 - CUDA_VISIBLE_DEVICES: [0]
[I 2023-11-30 11:08:09,473] Trial 38 finished with value: 40.08806610107422 and parameters: {'gradient_clip_val': 0.3953664222780414, 'hidden_size': 40, 'dropout': 0.272077676388449, 'hidden_continuous_size': 21, 'attention_head_size': 3, 'learning_rate': 0.011123962832334446}. Best is trial 26 with value: 24.16090965270996.
LOCAL_RANK: 0 - CUDA_VISIBLE_DEVICES: [0]
[I 2023-11-30 11:08:22,538] Trial 39 finished with value: 25.211715698242188 and parameters: {'gradient_clip_val': 0.4900383733956243, 'hidden_size': 51, 'dropout': 0.3021027239684766, 'hidden_continuous_size': 25, 'attention_head_size': 3, 'learning_rate': 0.02667735587328313}. Best is trial 26 with value: 24.16090965270996.
LOCAL_RANK: 0 - CUDA_VISIBLE_DEVICES: [0]
[I 2023-11-30 11:08:35,922] Trial 40 finished with value: 24.397628784179688 and parameters: {'gradient_clip_val': 0.573253216876485, 'hidden_size': 68, 'dropout': 0.2634228939094503, 'hidden_continuous_size': 28, 'attention_head_size': 2, 'learning_rate': 0.007622273396316187}. Best is trial 26 with value: 24.16090965270996.
LOCAL_RANK: 0 - CUDA_VISIBLE_DEVICES: [0]
[I 2023-11-30 11:08:49,297] Trial 41 finished with value: 28.579374313354492 and parameters: {'gradient_clip_val': 0.5952228681772574, 'hidden_size': 71, 'dropout': 0.2675376914444938, 'hidden_continuous_size': 28, 'attention_head_size': 2, 'learning_rate': 0.007248886779123101}. Best is trial 26 with value: 24.16090965270996.
LOCAL_RANK: 0 - CUDA_VISIBLE_DEVICES: [0]
[I 2023-11-30 11:09:02,422] Trial 42 finished with value: 26.8785400390625 and parameters: {'gradient_clip_val': 0.6805602241756251, 'hidden_size': 63, 'dropout': 0.26031743588702116, 'hidden_continuous_size': 23, 'attention_head_size': 1, 'learning_rate': 0.011591959615370639}. Best is trial 26 with value: 24.16090965270996.
LOCAL_RANK: 0 - CUDA_VISIBLE_DEVICES: [0]
[I 2023-11-30 11:09:15,441] Trial 43 finished with value: 24.450345993041992 and parameters: {'gradient_clip_val': 0.3330447009617416, 'hidden_size': 48, 'dropout': 0.24104287559637527, 'hidden_continuous_size': 23, 'attention_head_size': 2, 'learning_rate': 0.014081699918236984}. Best is trial 26 with value: 24.16090965270996.
LOCAL_RANK: 0 - CUDA_VISIBLE_DEVICES: [0]
[I 2023-11-30 11:09:28,871] Trial 44 finished with value: 26.318695068359375 and parameters: {'gradient_clip_val': 0.3104306986201467, 'hidden_size': 78, 'dropout': 0.24652243097982818, 'hidden_continuous_size': 30, 'attention_head_size': 2, 'learning_rate': 0.008072720766308623}. Best is trial 26 with value: 24.16090965270996.
LOCAL_RANK: 0 - CUDA_VISIBLE_DEVICES: [0]
[I 2023-11-30 11:09:42,187] Trial 45 finished with value: 23.25890350341797 and parameters: {'gradient_clip_val': 0.379210864396924, 'hidden_size': 58, 'dropout': 0.20951808424855028, 'hidden_continuous_size': 25, 'attention_head_size': 2, 'learning_rate': 0.013318365586528613}. Best is trial 45 with value: 23.25890350341797.
LOCAL_RANK: 0 - CUDA_VISIBLE_DEVICES: [0]
[I 2023-11-30 11:09:55,325] Trial 46 finished with value: 28.748044967651367 and parameters: {'gradient_clip_val': 0.3637434783629275, 'hidden_size': 60, 'dropout': 0.20451865772716885, 'hidden_continuous_size': 25, 'attention_head_size': 2, 'learning_rate': 0.014597749585664016}. Best is trial 45 with value: 23.25890350341797.
LOCAL_RANK: 0 - CUDA_VISIBLE_DEVICES: [0]
[I 2023-11-30 11:10:08,178] Trial 47 finished with value: 26.786773681640625 and parameters: {'gradient_clip_val': 0.35986250009527865, 'hidden_size': 49, 'dropout': 0.20828658110840886, 'hidden_continuous_size': 23, 'attention_head_size': 1, 'learning_rate': 0.013205238666241483}. Best is trial 45 with value: 23.25890350341797.
LOCAL_RANK: 0 - CUDA_VISIBLE_DEVICES: [0]
[I 2023-11-30 11:10:21,797] Trial 48 finished with value: 30.573049545288086 and parameters: {'gradient_clip_val': 0.2895935713948086, 'hidden_size': 85, 'dropout': 0.19215917015008, 'hidden_continuous_size': 27, 'attention_head_size': 2, 'learning_rate': 0.005065868704637474}. Best is trial 45 with value: 23.25890350341797.
LOCAL_RANK: 0 - CUDA_VISIBLE_DEVICES: [0]
[I 2023-11-30 11:10:34,995] Trial 49 finished with value: 28.33904457092285 and parameters: {'gradient_clip_val': 0.2641349545707185, 'hidden_size': 74, 'dropout': 0.2391535810887023, 'hidden_continuous_size': 10, 'attention_head_size': 2, 'learning_rate': 0.009480193729029437}. Best is trial 45 with value: 23.25890350341797.
LOCAL_RANK: 0 - CUDA_VISIBLE_DEVICES: [0]
[I 2023-11-30 11:10:48,274] Trial 50 finished with value: 27.30120849609375 and parameters: {'gradient_clip_val': 0.4572074757679976, 'hidden_size': 69, 'dropout': 0.22765292183528318, 'hidden_continuous_size': 29, 'attention_head_size': 1, 'learning_rate': 0.006859947936012994}. Best is trial 45 with value: 23.25890350341797.
LOCAL_RANK: 0 - CUDA_VISIBLE_DEVICES: [0]
[I 2023-11-30 11:11:01,622] Trial 51 finished with value: 27.15336036682129 and parameters: {'gradient_clip_val': 0.9350255953234792, 'hidden_size': 59, 'dropout': 0.38693965878863124, 'hidden_continuous_size': 32, 'attention_head_size': 2, 'learning_rate': 0.014726659255276931}. Best is trial 45 with value: 23.25890350341797.
LOCAL_RANK: 0 - CUDA_VISIBLE_DEVICES: [0]
[I 2023-11-30 11:11:14,605] Trial 52 finished with value: 27.151596069335938 and parameters: {'gradient_clip_val': 0.8799448393466887, 'hidden_size': 47, 'dropout': 0.35230965274700704, 'hidden_continuous_size': 26, 'attention_head_size': 2, 'learning_rate': 0.01759497334215547}. Best is trial 45 with value: 23.25890350341797.
LOCAL_RANK: 0 - CUDA_VISIBLE_DEVICES: [0]
[I 2023-11-30 11:11:27,520] Trial 53 finished with value: 26.66765594482422 and parameters: {'gradient_clip_val': 0.7760384891282577, 'hidden_size': 40, 'dropout': 0.25905094557681335, 'hidden_continuous_size': 24, 'attention_head_size': 2, 'learning_rate': 0.011641486533651428}. Best is trial 45 with value: 23.25890350341797.
LOCAL_RANK: 0 - CUDA_VISIBLE_DEVICES: [0]
[I 2023-11-30 11:11:40,485] Trial 54 finished with value: 31.529226303100586 and parameters: {'gradient_clip_val': 0.6781063715776932, 'hidden_size': 49, 'dropout': 0.3622139003278235, 'hidden_continuous_size': 28, 'attention_head_size': 2, 'learning_rate': 0.006136296257626631}. Best is trial 45 with value: 23.25890350341797.
LOCAL_RANK: 0 - CUDA_VISIBLE_DEVICES: [0]
[I 2023-11-30 11:11:53,087] Trial 55 finished with value: 26.937963485717773 and parameters: {'gradient_clip_val': 0.9144087114578568, 'hidden_size': 40, 'dropout': 0.399087732437417, 'hidden_continuous_size': 27, 'attention_head_size': 2, 'learning_rate': 0.009533555434130718}. Best is trial 45 with value: 23.25890350341797.
LOCAL_RANK: 0 - CUDA_VISIBLE_DEVICES: [0]
[I 2023-11-30 11:12:06,348] Trial 56 finished with value: 25.658422470092773 and parameters: {'gradient_clip_val': 0.579588589525179, 'hidden_size': 56, 'dropout': 0.28223449551977164, 'hidden_continuous_size': 30, 'attention_head_size': 3, 'learning_rate': 0.0804343873678678}. Best is trial 45 with value: 23.25890350341797.
LOCAL_RANK: 0 - CUDA_VISIBLE_DEVICES: [0]
[I 2023-11-30 11:12:19,839] Trial 57 finished with value: 26.283472061157227 and parameters: {'gradient_clip_val': 0.763940482977361, 'hidden_size': 67, 'dropout': 0.377751768382851, 'hidden_continuous_size': 34, 'attention_head_size': 2, 'learning_rate': 0.02097104509678908}. Best is trial 45 with value: 23.25890350341797.
LOCAL_RANK: 0 - CUDA_VISIBLE_DEVICES: [0]
[I 2023-11-30 11:12:32,922] Trial 58 finished with value: 25.565101623535156 and parameters: {'gradient_clip_val': 0.6186210176677167, 'hidden_size': 47, 'dropout': 0.24011235284395138, 'hidden_continuous_size': 25, 'attention_head_size': 3, 'learning_rate': 0.057059927585063244}. Best is trial 45 with value: 23.25890350341797.
LOCAL_RANK: 0 - CUDA_VISIBLE_DEVICES: [0]
[I 2023-11-30 11:12:46,398] Trial 59 finished with value: 25.28664207458496 and parameters: {'gradient_clip_val': 0.514713116252682, 'hidden_size': 58, 'dropout': 0.3237028767917206, 'hidden_continuous_size': 32, 'attention_head_size': 2, 'learning_rate': 0.04457990395321352}. Best is trial 45 with value: 23.25890350341797.
LOCAL_RANK: 0 - CUDA_VISIBLE_DEVICES: [0]
[I 2023-11-30 11:12:59,212] Trial 60 finished with value: 27.57149314880371 and parameters: {'gradient_clip_val': 0.40765273402196267, 'hidden_size': 52, 'dropout': 0.35978663733313926, 'hidden_continuous_size': 21, 'attention_head_size': 1, 'learning_rate': 0.03439931698712151}. Best is trial 45 with value: 23.25890350341797.
LOCAL_RANK: 0 - CUDA_VISIBLE_DEVICES: [0]
[I 2023-11-30 11:13:12,117] Trial 61 finished with value: 26.359344482421875 and parameters: {'gradient_clip_val': 0.6665130612447163, 'hidden_size': 37, 'dropout': 0.27812756199903305, 'hidden_continuous_size': 22, 'attention_head_size': 3, 'learning_rate': 0.022206881113831296}. Best is trial 45 with value: 23.25890350341797.
LOCAL_RANK: 0 - CUDA_VISIBLE_DEVICES: [0]
[I 2023-11-30 11:13:24,631] Trial 62 finished with value: 33.16989517211914 and parameters: {'gradient_clip_val': 0.4911353285970308, 'hidden_size': 26, 'dropout': 0.29182469182360066, 'hidden_continuous_size': 24, 'attention_head_size': 3, 'learning_rate': 0.013585468384595734}. Best is trial 45 with value: 23.25890350341797.
LOCAL_RANK: 0 - CUDA_VISIBLE_DEVICES: [0]
[I 2023-11-30 11:13:37,358] Trial 63 finished with value: 29.51003074645996 and parameters: {'gradient_clip_val': 0.5898676219487962, 'hidden_size': 32, 'dropout': 0.2998413034591586, 'hidden_continuous_size': 19, 'attention_head_size': 3, 'learning_rate': 0.019133244187285275}. Best is trial 45 with value: 23.25890350341797.
LOCAL_RANK: 0 - CUDA_VISIBLE_DEVICES: [0]
[I 2023-11-30 11:13:50,155] Trial 64 finished with value: 24.772705078125 and parameters: {'gradient_clip_val': 0.5639603937234947, 'hidden_size': 44, 'dropout': 0.3902553118165575, 'hidden_continuous_size': 20, 'attention_head_size': 3, 'learning_rate': 0.016328507140241998}. Best is trial 45 with value: 23.25890350341797.
LOCAL_RANK: 0 - CUDA_VISIBLE_DEVICES: [0]
[I 2023-11-30 11:14:03,097] Trial 65 finished with value: 26.195520401000977 and parameters: {'gradient_clip_val': 0.8104617856016045, 'hidden_size': 46, 'dropout': 0.39194086455164323, 'hidden_continuous_size': 18, 'attention_head_size': 3, 'learning_rate': 0.016090638440561116}. Best is trial 45 with value: 23.25890350341797.
LOCAL_RANK: 0 - CUDA_VISIBLE_DEVICES: [0]
[I 2023-11-30 11:14:16,688] Trial 66 finished with value: 28.38043212890625 and parameters: {'gradient_clip_val': 0.7083658685161699, 'hidden_size': 65, 'dropout': 0.37643071236872716, 'hidden_continuous_size': 36, 'attention_head_size': 2, 'learning_rate': 0.02629147776536446}. Best is trial 45 with value: 23.25890350341797.
LOCAL_RANK: 0 - CUDA_VISIBLE_DEVICES: [0]
[I 2023-11-30 11:14:29,727] Trial 67 finished with value: 26.58033561706543 and parameters: {'gradient_clip_val': 0.8563392752037771, 'hidden_size': 43, 'dropout': 0.3892130546369115, 'hidden_continuous_size': 17, 'attention_head_size': 3, 'learning_rate': 0.04144314221153024}. Best is trial 45 with value: 23.25890350341797.
LOCAL_RANK: 0 - CUDA_VISIBLE_DEVICES: [0]
[I 2023-11-30 11:14:42,968] Trial 68 finished with value: 26.8850154876709 and parameters: {'gradient_clip_val': 0.9231070067156536, 'hidden_size': 53, 'dropout': 0.39982419243685013, 'hidden_continuous_size': 22, 'attention_head_size': 3, 'learning_rate': 0.07921402490584808}. Best is trial 45 with value: 23.25890350341797.
LOCAL_RANK: 0 - CUDA_VISIBLE_DEVICES: [0]
[I 2023-11-30 11:14:56,193] Trial 69 finished with value: 24.90923500061035 and parameters: {'gradient_clip_val': 0.6527582540548735, 'hidden_size': 57, 'dropout': 0.3755813322413661, 'hidden_continuous_size': 26, 'attention_head_size': 3, 'learning_rate': 0.01243282963712884}. Best is trial 45 with value: 23.25890350341797.
LOCAL_RANK: 0 - CUDA_VISIBLE_DEVICES: [0]
[I 2023-11-30 11:15:09,027] Trial 70 finished with value: 30.220855712890625 and parameters: {'gradient_clip_val': 0.7539986413264922, 'hidden_size': 41, 'dropout': 0.3690695250701499, 'hidden_continuous_size': 20, 'attention_head_size': 2, 'learning_rate': 0.008256300568441977}. Best is trial 45 with value: 23.25890350341797.
LOCAL_RANK: 0 - CUDA_VISIBLE_DEVICES: [0]
[I 2023-11-30 11:15:22,580] Trial 71 finished with value: 29.7097110748291 and parameters: {'gradient_clip_val': 0.6435233921538576, 'hidden_size': 56, 'dropout': 0.3821315396696264, 'hidden_continuous_size': 26, 'attention_head_size': 3, 'learning_rate': 0.012356964861667203}. Best is trial 45 with value: 23.25890350341797.
LOCAL_RANK: 0 - CUDA_VISIBLE_DEVICES: [0]
[I 2023-11-30 11:15:35,725] Trial 72 finished with value: 29.49083137512207 and parameters: {'gradient_clip_val': 0.5624904903440048, 'hidden_size': 50, 'dropout': 0.37297932039022735, 'hidden_continuous_size': 23, 'attention_head_size': 3, 'learning_rate': 0.010920317075661408}. Best is trial 45 with value: 23.25890350341797.
LOCAL_RANK: 0 - CUDA_VISIBLE_DEVICES: [0]
[I 2023-11-30 11:15:49,345] Trial 73 finished with value: 24.630088806152344 and parameters: {'gradient_clip_val': 0.9936861111255956, 'hidden_size': 63, 'dropout': 0.34303595503801027, 'hidden_continuous_size': 29, 'attention_head_size': 3, 'learning_rate': 0.019243459281897794}. Best is trial 45 with value: 23.25890350341797.
LOCAL_RANK: 0 - CUDA_VISIBLE_DEVICES: [0]
[I 2023-11-30 11:16:02,703] Trial 74 finished with value: 25.07724952697754 and parameters: {'gradient_clip_val': 0.9980141731234488, 'hidden_size': 65, 'dropout': 0.33738247383177444, 'hidden_continuous_size': 31, 'attention_head_size': 3, 'learning_rate': 0.019223442570552286}. Best is trial 45 with value: 23.25890350341797.
LOCAL_RANK: 0 - CUDA_VISIBLE_DEVICES: [0]
[I 2023-11-30 11:16:15,675] Trial 75 finished with value: 29.05889892578125 and parameters: {'gradient_clip_val': 0.915079174207482, 'hidden_size': 46, 'dropout': 0.34504107760167235, 'hidden_continuous_size': 29, 'attention_head_size': 3, 'learning_rate': 0.01527171354166976}. Best is trial 45 with value: 23.25890350341797.
LOCAL_RANK: 0 - CUDA_VISIBLE_DEVICES: [0]
[I 2023-11-30 11:16:29,249] Trial 76 finished with value: 26.064008712768555 and parameters: {'gradient_clip_val': 0.8418706156462085, 'hidden_size': 76, 'dropout': 0.3533900614410574, 'hidden_continuous_size': 36, 'attention_head_size': 3, 'learning_rate': 0.02735317857311393}. Best is trial 45 with value: 23.25890350341797.
LOCAL_RANK: 0 - CUDA_VISIBLE_DEVICES: [0]
[I 2023-11-30 11:16:42,494] Trial 77 finished with value: 26.735097885131836 and parameters: {'gradient_clip_val': 0.9477001308836186, 'hidden_size': 61, 'dropout': 0.3271574899131936, 'hidden_continuous_size': 24, 'attention_head_size': 3, 'learning_rate': 0.017827869323128357}. Best is trial 45 with value: 23.25890350341797.
LOCAL_RANK: 0 - CUDA_VISIBLE_DEVICES: [0]
[I 2023-11-30 11:16:55,559] Trial 78 finished with value: 24.56903076171875 and parameters: {'gradient_clip_val': 0.7954685816402749, 'hidden_size': 35, 'dropout': 0.3333977086583612, 'hidden_continuous_size': 25, 'attention_head_size': 4, 'learning_rate': 0.024075098101595555}. Best is trial 45 with value: 23.25890350341797.
LOCAL_RANK: 0 - CUDA_VISIBLE_DEVICES: [0]
[I 2023-11-30 11:17:08,383] Trial 79 finished with value: 26.85186195373535 and parameters: {'gradient_clip_val': 0.7952116847968067, 'hidden_size': 38, 'dropout': 0.31377087106817797, 'hidden_continuous_size': 25, 'attention_head_size': 4, 'learning_rate': 0.023882819730474625}. Best is trial 45 with value: 23.25890350341797.
LOCAL_RANK: 0 - CUDA_VISIBLE_DEVICES: [0]
[I 2023-11-30 11:17:21,084] Trial 80 finished with value: 35.17955017089844 and parameters: {'gradient_clip_val': 0.889563448668449, 'hidden_size': 36, 'dropout': 0.33019169299168405, 'hidden_continuous_size': 27, 'attention_head_size': 4, 'learning_rate': 0.019851321146803373}. Best is trial 45 with value: 23.25890350341797.
LOCAL_RANK: 0 - CUDA_VISIBLE_DEVICES: [0]
[I 2023-11-30 11:17:33,866] Trial 81 finished with value: 25.188268661499023 and parameters: {'gradient_clip_val': 0.7195028114410151, 'hidden_size': 44, 'dropout': 0.34548828954879274, 'hidden_continuous_size': 21, 'attention_head_size': 4, 'learning_rate': 0.030801001129520097}. Best is trial 45 with value: 23.25890350341797.
LOCAL_RANK: 0 - CUDA_VISIBLE_DEVICES: [0]
[I 2023-11-30 11:17:47,474] Trial 82 finished with value: 26.95729637145996 and parameters: {'gradient_clip_val': 0.8537147822706579, 'hidden_size': 70, 'dropout': 0.3920964291467948, 'hidden_continuous_size': 29, 'attention_head_size': 4, 'learning_rate': 0.016641198087323675}. Best is trial 45 with value: 23.25890350341797.
LOCAL_RANK: 0 - CUDA_VISIBLE_DEVICES: [0]
[I 2023-11-30 11:18:00,657] Trial 83 finished with value: 26.996320724487305 and parameters: {'gradient_clip_val': 0.9960989938591904, 'hidden_size': 53, 'dropout': 0.3589884296501502, 'hidden_continuous_size': 24, 'attention_head_size': 2, 'learning_rate': 0.023625541906577195}. Best is trial 45 with value: 23.25890350341797.
LOCAL_RANK: 0 - CUDA_VISIBLE_DEVICES: [0]
[I 2023-11-30 11:18:14,023] Trial 84 finished with value: 27.973854064941406 and parameters: {'gradient_clip_val': 0.7582422354857881, 'hidden_size': 62, 'dropout': 0.38387449902244397, 'hidden_continuous_size': 27, 'attention_head_size': 2, 'learning_rate': 0.03765102862906965}. Best is trial 45 with value: 23.25890350341797.
LOCAL_RANK: 0 - CUDA_VISIBLE_DEVICES: [0]
[I 2023-11-30 11:18:26,921] Trial 85 finished with value: 27.540311813354492 and parameters: {'gradient_clip_val': 0.8314937529981762, 'hidden_size': 48, 'dropout': 0.3191693498520366, 'hidden_continuous_size': 22, 'attention_head_size': 4, 'learning_rate': 0.013281793284274026}. Best is trial 45 with value: 23.25890350341797.
LOCAL_RANK: 0 - CUDA_VISIBLE_DEVICES: [0]
[I 2023-11-30 11:18:39,612] Trial 86 finished with value: 30.8726806640625 and parameters: {'gradient_clip_val': 0.9327251272257123, 'hidden_size': 31, 'dropout': 0.33914137932022215, 'hidden_continuous_size': 28, 'attention_head_size': 2, 'learning_rate': 0.01399029444644051}. Best is trial 45 with value: 23.25890350341797.
LOCAL_RANK: 0 - CUDA_VISIBLE_DEVICES: [0]
[I 2023-11-30 11:18:52,629] Trial 87 finished with value: 27.20306968688965 and parameters: {'gradient_clip_val': 0.7858812664853702, 'hidden_size': 50, 'dropout': 0.37109732640589593, 'hidden_continuous_size': 25, 'attention_head_size': 3, 'learning_rate': 0.01604396958182522}. Best is trial 45 with value: 23.25890350341797.
LOCAL_RANK: 0 - CUDA_VISIBLE_DEVICES: [0]
[I 2023-11-30 11:19:05,733] Trial 88 finished with value: 26.3502197265625 and parameters: {'gradient_clip_val': 0.6129031327324589, 'hidden_size': 42, 'dropout': 0.3556797355040967, 'hidden_continuous_size': 23, 'attention_head_size': 2, 'learning_rate': 0.05187609063650307}. Best is trial 45 with value: 23.25890350341797.
LOCAL_RANK: 0 - CUDA_VISIBLE_DEVICES: [0]
[I 2023-11-30 11:19:19,383] Trial 89 finished with value: 26.132186889648438 and parameters: {'gradient_clip_val': 0.8939076351361875, 'hidden_size': 82, 'dropout': 0.3655525289423215, 'hidden_continuous_size': 32, 'attention_head_size': 3, 'learning_rate': 0.022062767576144515}. Best is trial 45 with value: 23.25890350341797.
LOCAL_RANK: 0 - CUDA_VISIBLE_DEVICES: [0]
[I 2023-11-30 11:19:32,631] Trial 90 finished with value: 26.377836227416992 and parameters: {'gradient_clip_val': 0.95638451605953, 'hidden_size': 55, 'dropout': 0.30597686083388, 'hidden_continuous_size': 29, 'attention_head_size': 3, 'learning_rate': 0.019996081293149233}. Best is trial 45 with value: 23.25890350341797.
LOCAL_RANK: 0 - CUDA_VISIBLE_DEVICES: [0]
[I 2023-11-30 11:19:45,880] Trial 91 finished with value: 28.681970596313477 and parameters: {'gradient_clip_val': 0.6876282865715172, 'hidden_size': 57, 'dropout': 0.3914546446468279, 'hidden_continuous_size': 26, 'attention_head_size': 3, 'learning_rate': 0.011241292484104371}. Best is trial 45 with value: 23.25890350341797.
LOCAL_RANK: 0 - CUDA_VISIBLE_DEVICES: [0]
