[I 2023-11-30 03:50:09,050] Trial 149 finished with value: 66.37594604492188 and parameters: {'gradient_clip_val': 0.6435443721076751, 'hidden_size': 95, 'dropout': 0.27953732915100027, 'hidden_continuous_size': 44, 'attention_head_size': 2, 'learning_rate': 0.01822978722546852}. Best is trial 77 with value: 59.052886962890625.
[I 2023-11-30 03:50:09,169] A new study created in memory with name: no-name-32091df1-d5c6-4de1-b53d-b8767dd47623
/home/le004/conda/anaconda3/envs/tsff_env/lib/python3.9/site-packages/lightning/fabric/plugins/environments/slurm.py:191: The `srun` command is available on your system but is not used. HINT: If your intention is to run Lightning on SLURM, prepend your python command with `srun` like so: srun python /home/le004/master_thesis/git/TSFusionForecast/code/ ...
LOCAL_RANK: 0 - CUDA_VISIBLE_DEVICES: [0]
[I 2023-11-30 03:50:21,615] Trial 0 finished with value: 155.73956298828125 and parameters: {'gradient_clip_val': 0.11567366926886095, 'hidden_size': 26, 'dropout': 0.14892730034532284, 'hidden_continuous_size': 15, 'attention_head_size': 2, 'learning_rate': 0.008702525547222268}. Best is trial 0 with value: 155.73956298828125.
LOCAL_RANK: 0 - CUDA_VISIBLE_DEVICES: [0]
[I 2023-11-30 03:50:35,328] Trial 1 finished with value: 67.78699493408203 and parameters: {'gradient_clip_val': 0.9223036917391831, 'hidden_size': 92, 'dropout': 0.17298077461903727, 'hidden_continuous_size': 49, 'attention_head_size': 1, 'learning_rate': 0.010175129257894495}. Best is trial 1 with value: 67.78699493408203.
LOCAL_RANK: 0 - CUDA_VISIBLE_DEVICES: [0]
[I 2023-11-30 03:50:49,334] Trial 2 finished with value: 63.62208557128906 and parameters: {'gradient_clip_val': 0.18952728260995347, 'hidden_size': 124, 'dropout': 0.2203886814762187, 'hidden_continuous_size': 44, 'attention_head_size': 3, 'learning_rate': 0.026133037093058364}. Best is trial 2 with value: 63.62208557128906.
LOCAL_RANK: 0 - CUDA_VISIBLE_DEVICES: [0]
[I 2023-11-30 03:51:01,794] Trial 3 finished with value: 270.42431640625 and parameters: {'gradient_clip_val': 0.3695266739728501, 'hidden_size': 32, 'dropout': 0.30015111159466124, 'hidden_continuous_size': 31, 'attention_head_size': 2, 'learning_rate': 0.0015819488099006267}. Best is trial 2 with value: 63.62208557128906.
LOCAL_RANK: 0 - CUDA_VISIBLE_DEVICES: [0]
[I 2023-11-30 03:51:14,563] Trial 4 finished with value: 77.95374298095703 and parameters: {'gradient_clip_val': 0.11310098737572213, 'hidden_size': 51, 'dropout': 0.27405504080746634, 'hidden_continuous_size': 21, 'attention_head_size': 1, 'learning_rate': 0.018738347298517165}. Best is trial 2 with value: 63.62208557128906.
LOCAL_RANK: 0 - CUDA_VISIBLE_DEVICES: [0]
[I 2023-11-30 03:51:27,089] Trial 5 finished with value: 115.00748443603516 and parameters: {'gradient_clip_val': 0.20841996446768093, 'hidden_size': 36, 'dropout': 0.212780883253399, 'hidden_continuous_size': 20, 'attention_head_size': 1, 'learning_rate': 0.008214427377297096}. Best is trial 2 with value: 63.62208557128906.
LOCAL_RANK: 0 - CUDA_VISIBLE_DEVICES: [0]
[I 2023-11-30 03:51:41,160] Trial 6 finished with value: 80.65481567382812 and parameters: {'gradient_clip_val': 0.8515059994799354, 'hidden_size': 131, 'dropout': 0.3879349026442346, 'hidden_continuous_size': 15, 'attention_head_size': 4, 'learning_rate': 0.02272708084713221}. Best is trial 2 with value: 63.62208557128906.
LOCAL_RANK: 0 - CUDA_VISIBLE_DEVICES: [0]
[I 2023-11-30 03:51:53,578] Trial 7 finished with value: 314.7687072753906 and parameters: {'gradient_clip_val': 0.11986762949846196, 'hidden_size': 30, 'dropout': 0.32115713400791823, 'hidden_continuous_size': 13, 'attention_head_size': 3, 'learning_rate': 0.0021366754421154634}. Best is trial 2 with value: 63.62208557128906.
LOCAL_RANK: 0 - CUDA_VISIBLE_DEVICES: [0]
[I 2023-11-30 03:52:05,576] Trial 8 finished with value: 95.7048110961914 and parameters: {'gradient_clip_val': 0.6072354563878113, 'hidden_size': 20, 'dropout': 0.18226874854443617, 'hidden_continuous_size': 19, 'attention_head_size': 2, 'learning_rate': 0.032190799492933776}. Best is trial 2 with value: 63.62208557128906.
LOCAL_RANK: 0 - CUDA_VISIBLE_DEVICES: [0]
[I 2023-11-30 03:52:17,589] Trial 9 finished with value: 71.79817962646484 and parameters: {'gradient_clip_val': 0.23583139808463768, 'hidden_size': 14, 'dropout': 0.3855506146868417, 'hidden_continuous_size': 13, 'attention_head_size': 1, 'learning_rate': 0.07890629848700156}. Best is trial 2 with value: 63.62208557128906.
LOCAL_RANK: 0 - CUDA_VISIBLE_DEVICES: [0]
[I 2023-11-30 03:52:31,353] Trial 10 finished with value: 77.64693450927734 and parameters: {'gradient_clip_val': 0.38268916488288884, 'hidden_size': 64, 'dropout': 0.12239534783948114, 'hidden_continuous_size': 61, 'attention_head_size': 4, 'learning_rate': 0.07353764074121992}. Best is trial 2 with value: 63.62208557128906.
LOCAL_RANK: 0 - CUDA_VISIBLE_DEVICES: [0]
[I 2023-11-30 03:52:45,853] Trial 11 finished with value: 72.8519287109375 and parameters: {'gradient_clip_val': 0.956885135914543, 'hidden_size': 148, 'dropout': 0.22547464187678526, 'hidden_continuous_size': 72, 'attention_head_size': 3, 'learning_rate': 0.004293252607976276}. Best is trial 2 with value: 63.62208557128906.
LOCAL_RANK: 0 - CUDA_VISIBLE_DEVICES: [0]
[I 2023-11-30 03:52:59,750] Trial 12 finished with value: 69.65386962890625 and parameters: {'gradient_clip_val': 0.5716938455863443, 'hidden_size': 88, 'dropout': 0.17466337778314098, 'hidden_continuous_size': 44, 'attention_head_size': 3, 'learning_rate': 0.013257351764722366}. Best is trial 2 with value: 63.62208557128906.
LOCAL_RANK: 0 - CUDA_VISIBLE_DEVICES: [0]
[I 2023-11-30 03:53:13,394] Trial 13 finished with value: 81.19190216064453 and parameters: {'gradient_clip_val': 0.198534197209882, 'hidden_size': 88, 'dropout': 0.11390451845374158, 'hidden_continuous_size': 46, 'attention_head_size': 3, 'learning_rate': 0.03788666073633331}. Best is trial 2 with value: 63.62208557128906.
LOCAL_RANK: 0 - CUDA_VISIBLE_DEVICES: [0]
[I 2023-11-30 03:53:27,770] Trial 14 finished with value: 83.14974212646484 and parameters: {'gradient_clip_val': 0.286248460751532, 'hidden_size': 102, 'dropout': 0.22975663152455889, 'hidden_continuous_size': 101, 'attention_head_size': 2, 'learning_rate': 0.005340981512133089}. Best is trial 2 with value: 63.62208557128906.
LOCAL_RANK: 0 - CUDA_VISIBLE_DEVICES: [0]
[I 2023-11-30 03:53:41,131] Trial 15 finished with value: 62.51348876953125 and parameters: {'gradient_clip_val': 0.15950456731559431, 'hidden_size': 55, 'dropout': 0.18409912734599337, 'hidden_continuous_size': 30, 'attention_head_size': 4, 'learning_rate': 0.013189151701799693}. Best is trial 15 with value: 62.51348876953125.
LOCAL_RANK: 0 - CUDA_VISIBLE_DEVICES: [0]
[I 2023-11-30 03:53:54,494] Trial 16 finished with value: 75.89173126220703 and parameters: {'gradient_clip_val': 0.16390477580968257, 'hidden_size': 55, 'dropout': 0.25344643158707714, 'hidden_continuous_size': 29, 'attention_head_size': 4, 'learning_rate': 0.03505402597183641}. Best is trial 15 with value: 62.51348876953125.
LOCAL_RANK: 0 - CUDA_VISIBLE_DEVICES: [0]
[I 2023-11-30 03:54:07,667] Trial 17 finished with value: 72.36808013916016 and parameters: {'gradient_clip_val': 0.16768166395190892, 'hidden_size': 51, 'dropout': 0.20189174372444166, 'hidden_continuous_size': 30, 'attention_head_size': 4, 'learning_rate': 0.017091283780219447}. Best is trial 15 with value: 62.51348876953125.
LOCAL_RANK: 0 - CUDA_VISIBLE_DEVICES: [0]
[I 2023-11-30 03:54:20,933] Trial 18 finished with value: 69.67949676513672 and parameters: {'gradient_clip_val': 0.14966184605823551, 'hidden_size': 71, 'dropout': 0.14951925999320098, 'hidden_continuous_size': 10, 'attention_head_size': 4, 'learning_rate': 0.053149090807710894}. Best is trial 15 with value: 62.51348876953125.
LOCAL_RANK: 0 - CUDA_VISIBLE_DEVICES: [0]
[I 2023-11-30 03:54:33,668] Trial 19 finished with value: 70.73090362548828 and parameters: {'gradient_clip_val': 0.2617479805131144, 'hidden_size': 40, 'dropout': 0.19519115987804325, 'hidden_continuous_size': 25, 'attention_head_size': 3, 'learning_rate': 0.02395802402455279}. Best is trial 15 with value: 62.51348876953125.
LOCAL_RANK: 0 - CUDA_VISIBLE_DEVICES: [0]
[I 2023-11-30 03:54:48,018] Trial 20 finished with value: 70.84033203125 and parameters: {'gradient_clip_val': 0.13955187776791692, 'hidden_size': 124, 'dropout': 0.2473889082658112, 'hidden_continuous_size': 38, 'attention_head_size': 4, 'learning_rate': 0.055567149728010044}. Best is trial 15 with value: 62.51348876953125.
LOCAL_RANK: 0 - CUDA_VISIBLE_DEVICES: [0]
[I 2023-11-30 03:55:01,968] Trial 21 finished with value: 78.2611312866211 and parameters: {'gradient_clip_val': 0.19155149815874312, 'hidden_size': 100, 'dropout': 0.16703589802789007, 'hidden_continuous_size': 43, 'attention_head_size': 3, 'learning_rate': 0.012312928693198978}. Best is trial 15 with value: 62.51348876953125.
LOCAL_RANK: 0 - CUDA_VISIBLE_DEVICES: [0]
[I 2023-11-30 03:55:16,023] Trial 22 finished with value: 63.060123443603516 and parameters: {'gradient_clip_val': 0.31686936826408196, 'hidden_size': 113, 'dropout': 0.10064429726099898, 'hidden_continuous_size': 54, 'attention_head_size': 2, 'learning_rate': 0.011586076856531968}. Best is trial 15 with value: 62.51348876953125.
LOCAL_RANK: 0 - CUDA_VISIBLE_DEVICES: [0]
[I 2023-11-30 03:55:30,413] Trial 23 finished with value: 75.5907974243164 and parameters: {'gradient_clip_val': 0.23706811839457573, 'hidden_size': 147, 'dropout': 0.10217935073510573, 'hidden_continuous_size': 58, 'attention_head_size': 2, 'learning_rate': 0.016250517898668087}. Best is trial 15 with value: 62.51348876953125.
LOCAL_RANK: 0 - CUDA_VISIBLE_DEVICES: [0]
[I 2023-11-30 03:55:44,412] Trial 24 finished with value: 61.94050598144531 and parameters: {'gradient_clip_val': 0.31134797815038945, 'hidden_size': 115, 'dropout': 0.1358626717781754, 'hidden_continuous_size': 36, 'attention_head_size': 2, 'learning_rate': 0.022938893017275388}. Best is trial 24 with value: 61.94050598144531.
LOCAL_RANK: 0 - CUDA_VISIBLE_DEVICES: [0]
[I 2023-11-30 03:55:58,076] Trial 25 finished with value: 67.18929290771484 and parameters: {'gradient_clip_val': 0.3080175402916408, 'hidden_size': 73, 'dropout': 0.130519290190649, 'hidden_continuous_size': 33, 'attention_head_size': 2, 'learning_rate': 0.006898048219415802}. Best is trial 24 with value: 61.94050598144531.
LOCAL_RANK: 0 - CUDA_VISIBLE_DEVICES: [0]
[I 2023-11-30 03:56:11,977] Trial 26 finished with value: 78.39930725097656 and parameters: {'gradient_clip_val': 0.33273911146076035, 'hidden_size': 114, 'dropout': 0.10303222208172108, 'hidden_continuous_size': 34, 'attention_head_size': 2, 'learning_rate': 0.014444885788586478}. Best is trial 24 with value: 61.94050598144531.
LOCAL_RANK: 0 - CUDA_VISIBLE_DEVICES: [0]
[I 2023-11-30 03:56:25,542] Trial 27 finished with value: 98.7834701538086 and parameters: {'gradient_clip_val': 0.4539120008526276, 'hidden_size': 79, 'dropout': 0.1370753666834697, 'hidden_continuous_size': 37, 'attention_head_size': 2, 'learning_rate': 0.011167137089174663}. Best is trial 24 with value: 61.94050598144531.
LOCAL_RANK: 0 - CUDA_VISIBLE_DEVICES: [0]
[I 2023-11-30 03:56:39,189] Trial 28 finished with value: 83.1907730102539 and parameters: {'gradient_clip_val': 0.26614045021609595, 'hidden_size': 103, 'dropout': 0.1484183399326913, 'hidden_continuous_size': 23, 'attention_head_size': 1, 'learning_rate': 0.019458931117222262}. Best is trial 24 with value: 61.94050598144531.
LOCAL_RANK: 0 - CUDA_VISIBLE_DEVICES: [0]
[I 2023-11-30 03:56:52,553] Trial 29 finished with value: 71.68956756591797 and parameters: {'gradient_clip_val': 0.13250003049936043, 'hidden_size': 62, 'dropout': 0.1262554324016427, 'hidden_continuous_size': 27, 'attention_head_size': 2, 'learning_rate': 0.011123710634430704}. Best is trial 24 with value: 61.94050598144531.
LOCAL_RANK: 0 - CUDA_VISIBLE_DEVICES: [0]
[I 2023-11-30 03:57:05,522] Trial 30 finished with value: 110.91009521484375 and parameters: {'gradient_clip_val': 0.10267254100674851, 'hidden_size': 44, 'dropout': 0.15725413548376999, 'hidden_continuous_size': 27, 'attention_head_size': 2, 'learning_rate': 0.007349999688702639}. Best is trial 24 with value: 61.94050598144531.
LOCAL_RANK: 0 - CUDA_VISIBLE_DEVICES: [0]
[I 2023-11-30 03:57:19,551] Trial 31 finished with value: 59.21965408325195 and parameters: {'gradient_clip_val': 0.2197664089326597, 'hidden_size': 121, 'dropout': 0.1450569736941511, 'hidden_continuous_size': 38, 'attention_head_size': 3, 'learning_rate': 0.025892814990337496}. Best is trial 31 with value: 59.21965408325195.
LOCAL_RANK: 0 - CUDA_VISIBLE_DEVICES: [0]
[I 2023-11-30 03:57:33,282] Trial 32 finished with value: 100.55065155029297 and parameters: {'gradient_clip_val': 0.23678014382072218, 'hidden_size': 81, 'dropout': 0.14410755075200107, 'hidden_continuous_size': 38, 'attention_head_size': 3, 'learning_rate': 0.027971468064843037}. Best is trial 31 with value: 59.21965408325195.
LOCAL_RANK: 0 - CUDA_VISIBLE_DEVICES: [0]
[I 2023-11-30 03:57:47,278] Trial 33 finished with value: 81.65074920654297 and parameters: {'gradient_clip_val': 0.319873055366418, 'hidden_size': 107, 'dropout': 0.16249335565507378, 'hidden_continuous_size': 52, 'attention_head_size': 3, 'learning_rate': 0.02169603351301851}. Best is trial 31 with value: 59.21965408325195.
LOCAL_RANK: 0 - CUDA_VISIBLE_DEVICES: [0]
[I 2023-11-30 03:58:01,296] Trial 34 finished with value: 77.75334167480469 and parameters: {'gradient_clip_val': 0.21737263748935595, 'hidden_size': 125, 'dropout': 0.11544819002453963, 'hidden_continuous_size': 39, 'attention_head_size': 2, 'learning_rate': 0.009556920965817497}. Best is trial 31 with value: 59.21965408325195.
LOCAL_RANK: 0 - CUDA_VISIBLE_DEVICES: [0]
[I 2023-11-30 03:58:15,171] Trial 35 finished with value: 60.889617919921875 and parameters: {'gradient_clip_val': 0.16793012547270209, 'hidden_size': 90, 'dropout': 0.13609267813798678, 'hidden_continuous_size': 35, 'attention_head_size': 1, 'learning_rate': 0.01547027080308878}. Best is trial 31 with value: 59.21965408325195.
LOCAL_RANK: 0 - CUDA_VISIBLE_DEVICES: [0]
[I 2023-11-30 03:58:28,754] Trial 36 finished with value: 67.90882873535156 and parameters: {'gradient_clip_val': 0.17054235210606475, 'hidden_size': 90, 'dropout': 0.18609296500395334, 'hidden_continuous_size': 32, 'attention_head_size': 1, 'learning_rate': 0.01602949321699949}. Best is trial 31 with value: 59.21965408325195.
LOCAL_RANK: 0 - CUDA_VISIBLE_DEVICES: [0]
[I 2023-11-30 03:58:42,022] Trial 37 finished with value: 74.13043975830078 and parameters: {'gradient_clip_val': 0.1875236531756187, 'hidden_size': 60, 'dropout': 0.165483147335544, 'hidden_continuous_size': 34, 'attention_head_size': 1, 'learning_rate': 0.023114861422687646}. Best is trial 31 with value: 59.21965408325195.
LOCAL_RANK: 0 - CUDA_VISIBLE_DEVICES: [0]
[I 2023-11-30 03:58:55,212] Trial 38 finished with value: 90.8963623046875 and parameters: {'gradient_clip_val': 0.12982612334929158, 'hidden_size': 72, 'dropout': 0.13391380042968778, 'hidden_continuous_size': 28, 'attention_head_size': 1, 'learning_rate': 0.02844733052822477}. Best is trial 31 with value: 59.21965408325195.
LOCAL_RANK: 0 - CUDA_VISIBLE_DEVICES: [0]
[I 2023-11-30 03:59:09,251] Trial 39 finished with value: 118.11172485351562 and parameters: {'gradient_clip_val': 0.15056475485841267, 'hidden_size': 129, 'dropout': 0.18169189022221166, 'hidden_continuous_size': 22, 'attention_head_size': 4, 'learning_rate': 0.04112543452495554}. Best is trial 31 with value: 59.21965408325195.
LOCAL_RANK: 0 - CUDA_VISIBLE_DEVICES: [0]
[I 2023-11-30 03:59:22,891] Trial 40 finished with value: 63.73394775390625 and parameters: {'gradient_clip_val': 0.2113189858832966, 'hidden_size': 89, 'dropout': 0.1474168328040807, 'hidden_continuous_size': 25, 'attention_head_size': 1, 'learning_rate': 0.019675221759958072}. Best is trial 31 with value: 59.21965408325195.
LOCAL_RANK: 0 - CUDA_VISIBLE_DEVICES: [0]
[I 2023-11-30 03:59:36,873] Trial 41 finished with value: 71.23540496826172 and parameters: {'gradient_clip_val': 0.1785266349731209, 'hidden_size': 109, 'dropout': 0.11538220842684105, 'hidden_continuous_size': 49, 'attention_head_size': 2, 'learning_rate': 0.013703061522539549}. Best is trial 31 with value: 59.21965408325195.
LOCAL_RANK: 0 - CUDA_VISIBLE_DEVICES: [0]
[I 2023-11-30 03:59:51,242] Trial 42 finished with value: 77.35025787353516 and parameters: {'gradient_clip_val': 0.27473039163797996, 'hidden_size': 150, 'dropout': 0.13035519615613483, 'hidden_continuous_size': 42, 'attention_head_size': 2, 'learning_rate': 0.008917627576026287}. Best is trial 31 with value: 59.21965408325195.
LOCAL_RANK: 0 - CUDA_VISIBLE_DEVICES: [0]
[I 2023-11-30 04:00:05,263] Trial 43 finished with value: 107.8397445678711 and parameters: {'gradient_clip_val': 0.21480942146566107, 'hidden_size': 118, 'dropout': 0.10114561431651162, 'hidden_continuous_size': 35, 'attention_head_size': 3, 'learning_rate': 0.01834291129371775}. Best is trial 31 with value: 59.21965408325195.
LOCAL_RANK: 0 - CUDA_VISIBLE_DEVICES: [0]
[I 2023-11-30 04:00:19,329] Trial 44 finished with value: 65.30978393554688 and parameters: {'gradient_clip_val': 0.24758073352119983, 'hidden_size': 131, 'dropout': 0.15753975941492804, 'hidden_continuous_size': 55, 'attention_head_size': 1, 'learning_rate': 0.010664264075927075}. Best is trial 31 with value: 59.21965408325195.
LOCAL_RANK: 0 - CUDA_VISIBLE_DEVICES: [0]
[I 2023-11-30 04:00:33,508] Trial 45 finished with value: 73.3410415649414 and parameters: {'gradient_clip_val': 0.35636799687357545, 'hidden_size': 101, 'dropout': 0.139584132549834, 'hidden_continuous_size': 41, 'attention_head_size': 3, 'learning_rate': 0.031053470718031644}. Best is trial 31 with value: 59.21965408325195.
LOCAL_RANK: 0 - CUDA_VISIBLE_DEVICES: [0]
[I 2023-11-30 04:00:47,079] Trial 46 finished with value: 71.22832489013672 and parameters: {'gradient_clip_val': 0.3037793104039972, 'hidden_size': 79, 'dropout': 0.12125231750798765, 'hidden_continuous_size': 32, 'attention_head_size': 2, 'learning_rate': 0.025270815525108938}. Best is trial 31 with value: 59.21965408325195.
LOCAL_RANK: 0 - CUDA_VISIBLE_DEVICES: [0]
[I 2023-11-30 04:01:01,194] Trial 47 finished with value: 59.398738861083984 and parameters: {'gradient_clip_val': 0.1983980843204634, 'hidden_size': 98, 'dropout': 0.17912821896827205, 'hidden_continuous_size': 47, 'attention_head_size': 4, 'learning_rate': 0.013364835548259367}. Best is trial 31 with value: 59.21965408325195.
LOCAL_RANK: 0 - CUDA_VISIBLE_DEVICES: [0]
[I 2023-11-30 04:01:15,262] Trial 48 finished with value: 73.9991455078125 and parameters: {'gradient_clip_val': 0.19371851280185023, 'hidden_size': 93, 'dropout': 0.17617732528605215, 'hidden_continuous_size': 46, 'attention_head_size': 4, 'learning_rate': 0.015862736433741517}. Best is trial 31 with value: 59.21965408325195.
LOCAL_RANK: 0 - CUDA_VISIBLE_DEVICES: [0]
[I 2023-11-30 04:01:28,802] Trial 49 finished with value: 75.99134063720703 and parameters: {'gradient_clip_val': 0.18002241615743958, 'hidden_size': 67, 'dropout': 0.20788557228141125, 'hidden_continuous_size': 31, 'attention_head_size': 4, 'learning_rate': 0.01400488060005839}. Best is trial 31 with value: 59.21965408325195.
LOCAL_RANK: 0 - CUDA_VISIBLE_DEVICES: [0]
[I 2023-11-30 04:01:42,804] Trial 50 finished with value: 64.74053192138672 and parameters: {'gradient_clip_val': 0.1529952725816207, 'hidden_size': 81, 'dropout': 0.19139811724234856, 'hidden_continuous_size': 37, 'attention_head_size': 4, 'learning_rate': 0.022844729659164942}. Best is trial 31 with value: 59.21965408325195.
LOCAL_RANK: 0 - CUDA_VISIBLE_DEVICES: [0]
[I 2023-11-30 04:01:56,959] Trial 51 finished with value: 65.46724700927734 and parameters: {'gradient_clip_val': 0.21563950053665612, 'hidden_size': 114, 'dropout': 0.1727198109153482, 'hidden_continuous_size': 48, 'attention_head_size': 4, 'learning_rate': 0.011958682981877175}. Best is trial 31 with value: 59.21965408325195.
LOCAL_RANK: 0 - CUDA_VISIBLE_DEVICES: [0]
[I 2023-11-30 04:02:10,949] Trial 52 finished with value: 63.61424255371094 and parameters: {'gradient_clip_val': 0.28569095388699006, 'hidden_size': 95, 'dropout': 0.15458304361279937, 'hidden_continuous_size': 41, 'attention_head_size': 4, 'learning_rate': 0.019705554920270325}. Best is trial 31 with value: 59.21965408325195.
LOCAL_RANK: 0 - CUDA_VISIBLE_DEVICES: [0]
[I 2023-11-30 04:02:25,307] Trial 53 finished with value: 59.2132568359375 and parameters: {'gradient_clip_val': 0.1643066159827937, 'hidden_size': 137, 'dropout': 0.1360088952484335, 'hidden_continuous_size': 64, 'attention_head_size': 3, 'learning_rate': 0.016574266879709233}. Best is trial 53 with value: 59.2132568359375.
LOCAL_RANK: 0 - CUDA_VISIBLE_DEVICES: [0]
[I 2023-11-30 04:02:39,884] Trial 54 finished with value: 68.4805679321289 and parameters: {'gradient_clip_val': 0.16563144859011966, 'hidden_size': 131, 'dropout': 0.14333939916831154, 'hidden_continuous_size': 66, 'attention_head_size': 3, 'learning_rate': 0.016305167804530972}. Best is trial 53 with value: 59.2132568359375.
LOCAL_RANK: 0 - CUDA_VISIBLE_DEVICES: [0]
[I 2023-11-30 04:02:54,514] Trial 55 finished with value: 79.23186492919922 and parameters: {'gradient_clip_val': 0.15794951336405225, 'hidden_size': 138, 'dropout': 0.1981409918199055, 'hidden_continuous_size': 74, 'attention_head_size': 3, 'learning_rate': 0.02733832167443826}. Best is trial 53 with value: 59.2132568359375.
LOCAL_RANK: 0 - CUDA_VISIBLE_DEVICES: [0]
[I 2023-11-30 04:03:08,659] Trial 56 finished with value: 76.56633758544922 and parameters: {'gradient_clip_val': 0.1989592941234643, 'hidden_size': 115, 'dropout': 0.16757377406553042, 'hidden_continuous_size': 49, 'attention_head_size': 3, 'learning_rate': 0.03369706792623252}. Best is trial 53 with value: 59.2132568359375.
LOCAL_RANK: 0 - CUDA_VISIBLE_DEVICES: [0]
