[I 2023-11-30 02:18:21,223] Trial 39 finished with value: 166.1040496826172 and parameters: {'gradient_clip_val': 0.31215739979065743, 'hidden_size': 48, 'dropout': 0.27534092263073495, 'hidden_continuous_size': 24, 'attention_head_size': 1, 'learning_rate': 0.0016013574621799068}. Best is trial 18 with value: 70.84967803955078.
LOCAL_RANK: 0 - CUDA_VISIBLE_DEVICES: [0]
[I 2023-11-30 02:18:34,917] Trial 40 finished with value: 121.5274429321289 and parameters: {'gradient_clip_val': 0.45338270863843827, 'hidden_size': 74, 'dropout': 0.29618268364965256, 'hidden_continuous_size': 30, 'attention_head_size': 4, 'learning_rate': 0.005945747445594948}. Best is trial 18 with value: 70.84967803955078.
LOCAL_RANK: 0 - CUDA_VISIBLE_DEVICES: [0]
[I 2023-11-30 02:18:47,723] Trial 41 finished with value: 100.11898040771484 and parameters: {'gradient_clip_val': 0.24945400615009272, 'hidden_size': 39, 'dropout': 0.278005636101124, 'hidden_continuous_size': 21, 'attention_head_size': 4, 'learning_rate': 0.0046348623247867}. Best is trial 18 with value: 70.84967803955078.
LOCAL_RANK: 0 - CUDA_VISIBLE_DEVICES: [0]
[I 2023-11-30 02:19:00,513] Trial 42 finished with value: 98.13050079345703 and parameters: {'gradient_clip_val': 0.2744648846695205, 'hidden_size': 33, 'dropout': 0.3147700812714668, 'hidden_continuous_size': 20, 'attention_head_size': 4, 'learning_rate': 0.003048034995563484}. Best is trial 18 with value: 70.84967803955078.
LOCAL_RANK: 0 - CUDA_VISIBLE_DEVICES: [0]
[I 2023-11-30 02:19:13,629] Trial 43 finished with value: 83.35321044921875 and parameters: {'gradient_clip_val': 0.3546228805874492, 'hidden_size': 46, 'dropout': 0.23000150473754838, 'hidden_continuous_size': 25, 'attention_head_size': 4, 'learning_rate': 0.007578973416819512}. Best is trial 18 with value: 70.84967803955078.
LOCAL_RANK: 0 - CUDA_VISIBLE_DEVICES: [0]
[I 2023-11-30 02:19:26,350] Trial 44 finished with value: 59.86024856567383 and parameters: {'gradient_clip_val': 0.23469463405113594, 'hidden_size': 29, 'dropout': 0.25868824509006816, 'hidden_continuous_size': 22, 'attention_head_size': 4, 'learning_rate': 0.004155318945273652}. Best is trial 44 with value: 59.86024856567383.
LOCAL_RANK: 0 - CUDA_VISIBLE_DEVICES: [0]
[I 2023-11-30 02:19:39,008] Trial 45 finished with value: 253.5108642578125 and parameters: {'gradient_clip_val': 0.22780355773875643, 'hidden_size': 29, 'dropout': 0.25358016800907335, 'hidden_continuous_size': 22, 'attention_head_size': 3, 'learning_rate': 0.0020247922837910715}. Best is trial 44 with value: 59.86024856567383.
LOCAL_RANK: 0 - CUDA_VISIBLE_DEVICES: [0]
[I 2023-11-30 02:19:51,390] Trial 46 finished with value: 242.76611328125 and parameters: {'gradient_clip_val': 0.3196786408720856, 'hidden_size': 21, 'dropout': 0.2813984817500129, 'hidden_continuous_size': 13, 'attention_head_size': 4, 'learning_rate': 0.0012962467104591323}. Best is trial 44 with value: 59.86024856567383.
LOCAL_RANK: 0 - CUDA_VISIBLE_DEVICES: [0]
[I 2023-11-30 02:20:04,709] Trial 47 finished with value: 117.509033203125 and parameters: {'gradient_clip_val': 0.3848797822045591, 'hidden_size': 55, 'dropout': 0.23700326985533748, 'hidden_continuous_size': 28, 'attention_head_size': 4, 'learning_rate': 0.00331208288834704}. Best is trial 44 with value: 59.86024856567383.
LOCAL_RANK: 0 - CUDA_VISIBLE_DEVICES: [0]
[I 2023-11-30 02:20:17,325] Trial 48 finished with value: 120.69300079345703 and parameters: {'gradient_clip_val': 0.29408473684167474, 'hidden_size': 30, 'dropout': 0.1922232986141513, 'hidden_continuous_size': 23, 'attention_head_size': 3, 'learning_rate': 0.0025045863632660115}. Best is trial 44 with value: 59.86024856567383.
LOCAL_RANK: 0 - CUDA_VISIBLE_DEVICES: [0]
[I 2023-11-30 02:20:30,794] Trial 49 finished with value: 109.1631851196289 and parameters: {'gradient_clip_val': 0.20739227549288458, 'hidden_size': 66, 'dropout': 0.24631483961666853, 'hidden_continuous_size': 26, 'attention_head_size': 4, 'learning_rate': 0.0017500326922677888}. Best is trial 44 with value: 59.86024856567383.
LOCAL_RANK: 0 - CUDA_VISIBLE_DEVICES: [0]
[I 2023-11-30 02:20:44,554] Trial 50 finished with value: 88.73382568359375 and parameters: {'gradient_clip_val': 0.23895606936286776, 'hidden_size': 82, 'dropout': 0.2728048805401154, 'hidden_continuous_size': 30, 'attention_head_size': 3, 'learning_rate': 0.0012428406758547643}. Best is trial 44 with value: 59.86024856567383.
LOCAL_RANK: 0 - CUDA_VISIBLE_DEVICES: [0]
[I 2023-11-30 02:20:57,349] Trial 51 finished with value: 101.9662094116211 and parameters: {'gradient_clip_val': 0.27340040075720057, 'hidden_size': 39, 'dropout': 0.260063107997386, 'hidden_continuous_size': 19, 'attention_head_size': 4, 'learning_rate': 0.004160700381841146}. Best is trial 44 with value: 59.86024856567383.
LOCAL_RANK: 0 - CUDA_VISIBLE_DEVICES: [0]
[I 2023-11-30 02:21:09,976] Trial 52 finished with value: 111.9327163696289 and parameters: {'gradient_clip_val': 0.24164374914935768, 'hidden_size': 36, 'dropout': 0.2880168954548186, 'hidden_continuous_size': 21, 'attention_head_size': 4, 'learning_rate': 0.004914302184018679}. Best is trial 44 with value: 59.86024856567383.
LOCAL_RANK: 0 - CUDA_VISIBLE_DEVICES: [0]
[I 2023-11-30 02:21:22,719] Trial 53 finished with value: 97.64496612548828 and parameters: {'gradient_clip_val': 0.265135430537868, 'hidden_size': 44, 'dropout': 0.3040659659727429, 'hidden_continuous_size': 18, 'attention_head_size': 4, 'learning_rate': 0.00399272654146015}. Best is trial 44 with value: 59.86024856567383.
LOCAL_RANK: 0 - CUDA_VISIBLE_DEVICES: [0]
[I 2023-11-30 02:21:35,723] Trial 54 finished with value: 90.73798370361328 and parameters: {'gradient_clip_val': 0.1906527685002738, 'hidden_size': 48, 'dropout': 0.2846968421052249, 'hidden_continuous_size': 23, 'attention_head_size': 4, 'learning_rate': 0.005230336157731851}. Best is trial 44 with value: 59.86024856567383.
LOCAL_RANK: 0 - CUDA_VISIBLE_DEVICES: [0]
[I 2023-11-30 02:21:48,170] Trial 55 finished with value: 143.45997619628906 and parameters: {'gradient_clip_val': 0.21828420096498505, 'hidden_size': 23, 'dropout': 0.2705970733829124, 'hidden_continuous_size': 10, 'attention_head_size': 4, 'learning_rate': 0.0021575209364932046}. Best is trial 44 with value: 59.86024856567383.
LOCAL_RANK: 0 - CUDA_VISIBLE_DEVICES: [0]
[I 2023-11-30 02:22:01,505] Trial 56 finished with value: 79.02432250976562 and parameters: {'gradient_clip_val': 0.32408075031418365, 'hidden_size': 57, 'dropout': 0.222315698746281, 'hidden_continuous_size': 27, 'attention_head_size': 4, 'learning_rate': 0.0030624138570414677}. Best is trial 44 with value: 59.86024856567383.
LOCAL_RANK: 0 - CUDA_VISIBLE_DEVICES: [0]
[I 2023-11-30 02:22:14,690] Trial 57 finished with value: 83.85192108154297 and parameters: {'gradient_clip_val': 0.35348260124835795, 'hidden_size': 54, 'dropout': 0.22517003314174566, 'hidden_continuous_size': 32, 'attention_head_size': 2, 'learning_rate': 0.0031366784459595618}. Best is trial 44 with value: 59.86024856567383.
LOCAL_RANK: 0 - CUDA_VISIBLE_DEVICES: [0]
[I 2023-11-30 02:22:28,104] Trial 58 finished with value: 103.3037109375 and parameters: {'gradient_clip_val': 0.3139721540322607, 'hidden_size': 61, 'dropout': 0.2067651861712071, 'hidden_continuous_size': 28, 'attention_head_size': 4, 'learning_rate': 0.002274823003664347}. Best is trial 44 with value: 59.86024856567383.
LOCAL_RANK: 0 - CUDA_VISIBLE_DEVICES: [0]
[I 2023-11-30 02:22:41,544] Trial 59 finished with value: 111.55646514892578 and parameters: {'gradient_clip_val': 0.2894370464548383, 'hidden_size': 64, 'dropout': 0.2226833875630268, 'hidden_continuous_size': 26, 'attention_head_size': 4, 'learning_rate': 0.0035652427778549143}. Best is trial 44 with value: 59.86024856567383.
LOCAL_RANK: 0 - CUDA_VISIBLE_DEVICES: [0]
[I 2023-11-30 02:22:54,837] Trial 60 finished with value: 91.60235595703125 and parameters: {'gradient_clip_val': 0.38742805618464154, 'hidden_size': 51, 'dropout': 0.23249074628348584, 'hidden_continuous_size': 24, 'attention_head_size': 4, 'learning_rate': 0.0028399329387534702}. Best is trial 44 with value: 59.86024856567383.
LOCAL_RANK: 0 - CUDA_VISIBLE_DEVICES: [0]
[I 2023-11-30 02:23:08,085] Trial 61 finished with value: 91.10245513916016 and parameters: {'gradient_clip_val': 0.26301373311061016, 'hidden_size': 56, 'dropout': 0.2472214943964405, 'hidden_continuous_size': 22, 'attention_head_size': 4, 'learning_rate': 0.005655523397914215}. Best is trial 44 with value: 59.86024856567383.
LOCAL_RANK: 0 - CUDA_VISIBLE_DEVICES: [0]
[I 2023-11-30 02:23:20,965] Trial 62 finished with value: 80.42432403564453 and parameters: {'gradient_clip_val': 0.3305466896853234, 'hidden_size': 41, 'dropout': 0.26145893979038404, 'hidden_continuous_size': 27, 'attention_head_size': 4, 'learning_rate': 0.004063621146571324}. Best is trial 44 with value: 59.86024856567383.
LOCAL_RANK: 0 - CUDA_VISIBLE_DEVICES: [0]
[I 2023-11-30 02:23:34,066] Trial 63 finished with value: 83.13467407226562 and parameters: {'gradient_clip_val': 0.23943706101020917, 'hidden_size': 46, 'dropout': 0.24181046838860115, 'hidden_continuous_size': 29, 'attention_head_size': 4, 'learning_rate': 0.0034198927904323497}. Best is trial 44 with value: 59.86024856567383.
LOCAL_RANK: 0 - CUDA_VISIBLE_DEVICES: [0]
[I 2023-11-30 02:23:46,733] Trial 64 finished with value: 98.13811492919922 and parameters: {'gradient_clip_val': 0.29396527822864543, 'hidden_size': 36, 'dropout': 0.21346583693698476, 'hidden_continuous_size': 20, 'attention_head_size': 4, 'learning_rate': 0.005612496357103103}. Best is trial 44 with value: 59.86024856567383.
LOCAL_RANK: 0 - CUDA_VISIBLE_DEVICES: [0]
[I 2023-11-30 02:24:00,472] Trial 65 finished with value: 86.9876480102539 and parameters: {'gradient_clip_val': 0.35286490383724534, 'hidden_size': 68, 'dropout': 0.3023787851238456, 'hidden_continuous_size': 33, 'attention_head_size': 4, 'learning_rate': 0.0023861292195032}. Best is trial 44 with value: 59.86024856567383.
LOCAL_RANK: 0 - CUDA_VISIBLE_DEVICES: [0]
[I 2023-11-30 02:24:13,248] Trial 66 finished with value: 162.37466430664062 and parameters: {'gradient_clip_val': 0.28157306388035086, 'hidden_size': 41, 'dropout': 0.26564535796020194, 'hidden_continuous_size': 24, 'attention_head_size': 4, 'learning_rate': 0.001882829478402543}. Best is trial 44 with value: 59.86024856567383.
LOCAL_RANK: 0 - CUDA_VISIBLE_DEVICES: [0]
[I 2023-11-30 02:24:26,669] Trial 67 finished with value: 126.799560546875 and parameters: {'gradient_clip_val': 0.31111075030069024, 'hidden_size': 60, 'dropout': 0.2536809968801798, 'hidden_continuous_size': 36, 'attention_head_size': 4, 'learning_rate': 0.006748463141110863}. Best is trial 44 with value: 59.86024856567383.
LOCAL_RANK: 0 - CUDA_VISIBLE_DEVICES: [0]
[I 2023-11-30 02:24:39,672] Trial 68 finished with value: 96.16185760498047 and parameters: {'gradient_clip_val': 0.25532950205927785, 'hidden_size': 51, 'dropout': 0.289027913972795, 'hidden_continuous_size': 31, 'attention_head_size': 3, 'learning_rate': 0.004675398623691496}. Best is trial 44 with value: 59.86024856567383.
LOCAL_RANK: 0 - CUDA_VISIBLE_DEVICES: [0]
[I 2023-11-30 02:24:53,092] Trial 69 finished with value: 110.57283782958984 and parameters: {'gradient_clip_val': 0.22686046544450011, 'hidden_size': 74, 'dropout': 0.20336239357299504, 'hidden_continuous_size': 33, 'attention_head_size': 1, 'learning_rate': 0.0029351918107563264}. Best is trial 44 with value: 59.86024856567383.
LOCAL_RANK: 0 - CUDA_VISIBLE_DEVICES: [0]
[I 2023-11-30 02:25:06,336] Trial 70 finished with value: 75.98657989501953 and parameters: {'gradient_clip_val': 0.2673935024228741, 'hidden_size': 45, 'dropout': 0.27863158700626545, 'hidden_continuous_size': 27, 'attention_head_size': 4, 'learning_rate': 0.004201284768272038}. Best is trial 44 with value: 59.86024856567383.
LOCAL_RANK: 0 - CUDA_VISIBLE_DEVICES: [0]
[I 2023-11-30 02:25:19,322] Trial 71 finished with value: 136.9178924560547 and parameters: {'gradient_clip_val': 0.2699262148999309, 'hidden_size': 45, 'dropout': 0.27167656707679516, 'hidden_continuous_size': 27, 'attention_head_size': 4, 'learning_rate': 0.004087674866850304}. Best is trial 44 with value: 59.86024856567383.
LOCAL_RANK: 0 - CUDA_VISIBLE_DEVICES: [0]
[I 2023-11-30 02:25:32,699] Trial 72 finished with value: 101.6715087890625 and parameters: {'gradient_clip_val': 0.3331222983960382, 'hidden_size': 57, 'dropout': 0.2794870380019057, 'hidden_continuous_size': 29, 'attention_head_size': 4, 'learning_rate': 0.0033133613469334662}. Best is trial 44 with value: 59.86024856567383.
LOCAL_RANK: 0 - CUDA_VISIBLE_DEVICES: [0]
[I 2023-11-30 02:25:45,773] Trial 73 finished with value: 77.77684783935547 and parameters: {'gradient_clip_val': 0.3030532629970965, 'hidden_size': 49, 'dropout': 0.30932811025614837, 'hidden_continuous_size': 25, 'attention_head_size': 4, 'learning_rate': 0.005198931697466162}. Best is trial 44 with value: 59.86024856567383.
LOCAL_RANK: 0 - CUDA_VISIBLE_DEVICES: [0]
[I 2023-11-30 02:25:58,751] Trial 74 finished with value: 87.4264907836914 and parameters: {'gradient_clip_val': 0.30655094388286697, 'hidden_size': 49, 'dropout': 0.2951745060406393, 'hidden_continuous_size': 26, 'attention_head_size': 4, 'learning_rate': 0.0026387168633155975}. Best is trial 44 with value: 59.86024856567383.
LOCAL_RANK: 0 - CUDA_VISIBLE_DEVICES: [0]
[I 2023-11-30 02:26:12,125] Trial 75 finished with value: 106.76959991455078 and parameters: {'gradient_clip_val': 0.2813214628532395, 'hidden_size': 53, 'dropout': 0.31164742657074956, 'hidden_continuous_size': 24, 'attention_head_size': 4, 'learning_rate': 0.005283988021134533}. Best is trial 44 with value: 59.86024856567383.
LOCAL_RANK: 0 - CUDA_VISIBLE_DEVICES: [0]
[I 2023-11-30 02:26:25,680] Trial 76 finished with value: 121.3182601928711 and parameters: {'gradient_clip_val': 0.3293688332112293, 'hidden_size': 65, 'dropout': 0.2595818916035266, 'hidden_continuous_size': 35, 'attention_head_size': 4, 'learning_rate': 0.003683506248176745}. Best is trial 44 with value: 59.86024856567383.
LOCAL_RANK: 0 - CUDA_VISIBLE_DEVICES: [0]
[I 2023-11-30 02:26:38,729] Trial 77 finished with value: 118.1995849609375 and parameters: {'gradient_clip_val': 0.2964072320184888, 'hidden_size': 46, 'dropout': 0.2868576822228889, 'hidden_continuous_size': 25, 'attention_head_size': 4, 'learning_rate': 0.006422832505497683}. Best is trial 44 with value: 59.86024856567383.
LOCAL_RANK: 0 - CUDA_VISIBLE_DEVICES: [0]
[I 2023-11-30 02:26:52,158] Trial 78 finished with value: 87.42721557617188 and parameters: {'gradient_clip_val': 0.3677393910855765, 'hidden_size': 62, 'dropout': 0.3028547943753398, 'hidden_continuous_size': 30, 'attention_head_size': 4, 'learning_rate': 0.004238086368342042}. Best is trial 44 with value: 59.86024856567383.
LOCAL_RANK: 0 - CUDA_VISIBLE_DEVICES: [0]
[I 2023-11-30 02:27:05,484] Trial 79 finished with value: 119.07474517822266 and parameters: {'gradient_clip_val': 0.2456587809675912, 'hidden_size': 57, 'dropout': 0.26938860696123124, 'hidden_continuous_size': 27, 'attention_head_size': 3, 'learning_rate': 0.004987327534172354}. Best is trial 44 with value: 59.86024856567383.
LOCAL_RANK: 0 - CUDA_VISIBLE_DEVICES: [0]
[I 2023-11-30 02:27:18,618] Trial 80 finished with value: 78.27201080322266 and parameters: {'gradient_clip_val': 0.2622420334461791, 'hidden_size': 41, 'dropout': 0.25139014549770866, 'hidden_continuous_size': 29, 'attention_head_size': 4, 'learning_rate': 0.007969946887718286}. Best is trial 44 with value: 59.86024856567383.
LOCAL_RANK: 0 - CUDA_VISIBLE_DEVICES: [0]
[I 2023-11-30 02:27:31,586] Trial 81 finished with value: 141.00909423828125 and parameters: {'gradient_clip_val': 0.26110544051673973, 'hidden_size': 42, 'dropout': 0.2522967749681712, 'hidden_continuous_size': 29, 'attention_head_size': 4, 'learning_rate': 0.007729134256433649}. Best is trial 44 with value: 59.86024856567383.
LOCAL_RANK: 0 - CUDA_VISIBLE_DEVICES: [0]
[I 2023-11-30 02:27:44,419] Trial 82 finished with value: 94.41931915283203 and parameters: {'gradient_clip_val': 0.23207501450976867, 'hidden_size': 48, 'dropout': 0.24066666547220703, 'hidden_continuous_size': 31, 'attention_head_size': 2, 'learning_rate': 0.006200735462155867}. Best is trial 44 with value: 59.86024856567383.
LOCAL_RANK: 0 - CUDA_VISIBLE_DEVICES: [0]
[I 2023-11-30 02:27:57,310] Trial 83 finished with value: 99.41754150390625 and parameters: {'gradient_clip_val': 0.2807662280240952, 'hidden_size': 39, 'dropout': 0.2767337579225738, 'hidden_continuous_size': 25, 'attention_head_size': 4, 'learning_rate': 0.008415086334843896}. Best is trial 44 with value: 59.86024856567383.
LOCAL_RANK: 0 - CUDA_VISIBLE_DEVICES: [0]
[I 2023-11-30 02:28:10,448] Trial 84 finished with value: 86.428466796875 and parameters: {'gradient_clip_val': 0.30577374042649835, 'hidden_size': 51, 'dropout': 0.24723751728958446, 'hidden_continuous_size': 27, 'attention_head_size': 4, 'learning_rate': 0.0038034727786227843}. Best is trial 44 with value: 59.86024856567383.
LOCAL_RANK: 0 - CUDA_VISIBLE_DEVICES: [0]
[I 2023-11-30 02:28:23,745] Trial 85 finished with value: 92.10518646240234 and parameters: {'gradient_clip_val': 0.2570531851311445, 'hidden_size': 54, 'dropout': 0.2588364734977611, 'hidden_continuous_size': 22, 'attention_head_size': 4, 'learning_rate': 0.0030790701054797314}. Best is trial 44 with value: 59.86024856567383.
LOCAL_RANK: 0 - CUDA_VISIBLE_DEVICES: [0]
[I 2023-11-30 02:28:37,313] Trial 86 finished with value: 139.5480194091797 and parameters: {'gradient_clip_val': 0.3292730124217319, 'hidden_size': 69, 'dropout': 0.23404264202690328, 'hidden_continuous_size': 32, 'attention_head_size': 4, 'learning_rate': 0.006972034024614728}. Best is trial 44 with value: 59.86024856567383.
LOCAL_RANK: 0 - CUDA_VISIBLE_DEVICES: [0]
[I 2023-11-30 02:28:50,392] Trial 87 finished with value: 116.5326919555664 and parameters: {'gradient_clip_val': 0.27752927690772944, 'hidden_size': 45, 'dropout': 0.26629796574050024, 'hidden_continuous_size': 28, 'attention_head_size': 4, 'learning_rate': 0.005358399450671924}. Best is trial 44 with value: 59.86024856567383.
LOCAL_RANK: 0 - CUDA_VISIBLE_DEVICES: [0]
[I 2023-11-30 02:29:03,264] Trial 88 finished with value: 65.32415008544922 and parameters: {'gradient_clip_val': 0.3407461599361195, 'hidden_size': 34, 'dropout': 0.2934065491284886, 'hidden_continuous_size': 25, 'attention_head_size': 4, 'learning_rate': 0.0045115058699327385}. Best is trial 44 with value: 59.86024856567383.
LOCAL_RANK: 0 - CUDA_VISIBLE_DEVICES: [0]
[I 2023-11-30 02:29:16,049] Trial 89 finished with value: 87.39690399169922 and parameters: {'gradient_clip_val': 0.2139925456836702, 'hidden_size': 31, 'dropout': 0.2951188367025807, 'hidden_continuous_size': 26, 'attention_head_size': 4, 'learning_rate': 0.005832763310296488}. Best is trial 44 with value: 59.86024856567383.
LOCAL_RANK: 0 - CUDA_VISIBLE_DEVICES: [0]
[I 2023-11-30 02:29:28,869] Trial 90 finished with value: 81.10995483398438 and parameters: {'gradient_clip_val': 0.3504026599167362, 'hidden_size': 27, 'dropout': 0.28218329698915007, 'hidden_continuous_size': 25, 'attention_head_size': 4, 'learning_rate': 0.00452650756355571}. Best is trial 44 with value: 59.86024856567383.
LOCAL_RANK: 0 - CUDA_VISIBLE_DEVICES: [0]
[I 2023-11-30 02:29:41,667] Trial 91 finished with value: 86.82225799560547 and parameters: {'gradient_clip_val': 0.3026318115419605, 'hidden_size': 37, 'dropout': 0.2740280500454905, 'hidden_continuous_size': 27, 'attention_head_size': 4, 'learning_rate': 0.004432683047644371}. Best is trial 44 with value: 59.86024856567383.
LOCAL_RANK: 0 - CUDA_VISIBLE_DEVICES: [0]
[I 2023-11-30 02:29:55,057] Trial 92 finished with value: 107.6448745727539 and parameters: {'gradient_clip_val': 0.3162686345318926, 'hidden_size': 59, 'dropout': 0.3086245367354216, 'hidden_continuous_size': 23, 'attention_head_size': 4, 'learning_rate': 0.0037953453014742565}. Best is trial 44 with value: 59.86024856567383.
LOCAL_RANK: 0 - CUDA_VISIBLE_DEVICES: [0]
[I 2023-11-30 02:30:08,045] Trial 93 finished with value: 118.6419906616211 and parameters: {'gradient_clip_val': 0.33962047202081846, 'hidden_size': 42, 'dropout': 0.28416732522725224, 'hidden_continuous_size': 28, 'attention_head_size': 4, 'learning_rate': 0.005014121412353535}. Best is trial 44 with value: 59.86024856567383.
LOCAL_RANK: 0 - CUDA_VISIBLE_DEVICES: [0]
[I 2023-11-30 02:30:20,839] Trial 94 finished with value: 82.74871826171875 and parameters: {'gradient_clip_val': 0.2371954251827977, 'hidden_size': 35, 'dropout': 0.29287018873998166, 'hidden_continuous_size': 25, 'attention_head_size': 4, 'learning_rate': 0.0034459104112085958}. Best is trial 44 with value: 59.86024856567383.
LOCAL_RANK: 0 - CUDA_VISIBLE_DEVICES: [0]
[I 2023-11-30 02:30:33,820] Trial 95 finished with value: 107.5223617553711 and parameters: {'gradient_clip_val': 0.26763025715361777, 'hidden_size': 33, 'dropout': 0.26341335571728747, 'hidden_continuous_size': 24, 'attention_head_size': 4, 'learning_rate': 0.0025491572493107862}. Best is trial 44 with value: 59.86024856567383.
LOCAL_RANK: 0 - CUDA_VISIBLE_DEVICES: [0]
[I 2023-11-30 02:30:46,681] Trial 96 finished with value: 108.00638580322266 and parameters: {'gradient_clip_val': 0.24669953668966887, 'hidden_size': 39, 'dropout': 0.25476357448172643, 'hidden_continuous_size': 21, 'attention_head_size': 4, 'learning_rate': 0.0027829934912298104}. Best is trial 44 with value: 59.86024856567383.
LOCAL_RANK: 0 - CUDA_VISIBLE_DEVICES: [0]
[I 2023-11-30 02:30:59,852] Trial 97 finished with value: 89.8131332397461 and parameters: {'gradient_clip_val': 0.288547234404474, 'hidden_size': 49, 'dropout': 0.2990964317159006, 'hidden_continuous_size': 30, 'attention_head_size': 4, 'learning_rate': 0.0032279179700906943}. Best is trial 44 with value: 59.86024856567383.
LOCAL_RANK: 0 - CUDA_VISIBLE_DEVICES: [0]
