[I 2023-11-29 20:33:09,020] Trial 115 finished with value: 0.10602426528930664 and parameters: {'gradient_clip_val': 0.5836641299080559, 'hidden_size': 85, 'dropout': 0.25287451403169475, 'hidden_continuous_size': 30, 'attention_head_size': 4, 'learning_rate': 0.023651353308208722}. Best is trial 59 with value: 0.06613359600305557.
LOCAL_RANK: 0 - CUDA_VISIBLE_DEVICES: [0]
[I 2023-11-29 20:33:22,954] Trial 116 finished with value: 0.1262105107307434 and parameters: {'gradient_clip_val': 0.6332062157927871, 'hidden_size': 65, 'dropout': 0.23937582366318352, 'hidden_continuous_size': 31, 'attention_head_size': 4, 'learning_rate': 0.05510871793931403}. Best is trial 59 with value: 0.06613359600305557.
LOCAL_RANK: 0 - CUDA_VISIBLE_DEVICES: [0]
[I 2023-11-29 20:33:37,210] Trial 117 finished with value: 0.1754302829504013 and parameters: {'gradient_clip_val': 0.5152464966910801, 'hidden_size': 93, 'dropout': 0.21756867815815167, 'hidden_continuous_size': 38, 'attention_head_size': 4, 'learning_rate': 0.03145694383779486}. Best is trial 59 with value: 0.06613359600305557.
LOCAL_RANK: 0 - CUDA_VISIBLE_DEVICES: [0]
[I 2023-11-29 20:33:51,772] Trial 118 finished with value: 0.12971098721027374 and parameters: {'gradient_clip_val': 0.7508893820055563, 'hidden_size': 106, 'dropout': 0.2478770767006825, 'hidden_continuous_size': 36, 'attention_head_size': 4, 'learning_rate': 0.063981469274006}. Best is trial 59 with value: 0.06613359600305557.
LOCAL_RANK: 0 - CUDA_VISIBLE_DEVICES: [0]
[I 2023-11-29 20:34:05,628] Trial 119 finished with value: 0.13048510253429413 and parameters: {'gradient_clip_val': 0.4719833124594086, 'hidden_size': 68, 'dropout': 0.1950025245484548, 'hidden_continuous_size': 27, 'attention_head_size': 4, 'learning_rate': 0.04235537479755677}. Best is trial 59 with value: 0.06613359600305557.
LOCAL_RANK: 0 - CUDA_VISIBLE_DEVICES: [0]
[I 2023-11-29 20:34:19,837] Trial 120 finished with value: 0.11241088062524796 and parameters: {'gradient_clip_val': 0.8101153041980982, 'hidden_size': 116, 'dropout': 0.21162197442013786, 'hidden_continuous_size': 21, 'attention_head_size': 4, 'learning_rate': 0.02070550632050093}. Best is trial 59 with value: 0.06613359600305557.
LOCAL_RANK: 0 - CUDA_VISIBLE_DEVICES: [0]
[I 2023-11-29 20:34:33,599] Trial 121 finished with value: 0.1360660344362259 and parameters: {'gradient_clip_val': 0.6904609103047636, 'hidden_size': 61, 'dropout': 0.2177138232436433, 'hidden_continuous_size': 26, 'attention_head_size': 4, 'learning_rate': 0.029310598709294998}. Best is trial 59 with value: 0.06613359600305557.
LOCAL_RANK: 0 - CUDA_VISIBLE_DEVICES: [0]
[I 2023-11-29 20:34:47,369] Trial 122 finished with value: 0.15038593113422394 and parameters: {'gradient_clip_val': 0.6647123347250192, 'hidden_size': 58, 'dropout': 0.22620568205714764, 'hidden_continuous_size': 29, 'attention_head_size': 4, 'learning_rate': 0.025525483066851984}. Best is trial 59 with value: 0.06613359600305557.
LOCAL_RANK: 0 - CUDA_VISIBLE_DEVICES: [0]
[I 2023-11-29 20:35:01,094] Trial 123 finished with value: 0.12612903118133545 and parameters: {'gradient_clip_val': 0.5790483544916033, 'hidden_size': 53, 'dropout': 0.20868065196220995, 'hidden_continuous_size': 28, 'attention_head_size': 4, 'learning_rate': 0.03607200553103106}. Best is trial 59 with value: 0.06613359600305557.
LOCAL_RANK: 0 - CUDA_VISIBLE_DEVICES: [0]
[I 2023-11-29 20:35:14,986] Trial 124 finished with value: 0.1154622808098793 and parameters: {'gradient_clip_val': 0.5415853243346171, 'hidden_size': 78, 'dropout': 0.23518271402109142, 'hidden_continuous_size': 26, 'attention_head_size': 4, 'learning_rate': 0.03225017888755062}. Best is trial 59 with value: 0.06613359600305557.
LOCAL_RANK: 0 - CUDA_VISIBLE_DEVICES: [0]
[I 2023-11-29 20:35:28,824] Trial 125 finished with value: 0.19081099331378937 and parameters: {'gradient_clip_val': 0.620885773064729, 'hidden_size': 72, 'dropout': 0.20129685464397995, 'hidden_continuous_size': 25, 'attention_head_size': 4, 'learning_rate': 0.039623793648344514}. Best is trial 59 with value: 0.06613359600305557.
LOCAL_RANK: 0 - CUDA_VISIBLE_DEVICES: [0]
[I 2023-11-29 20:35:42,601] Trial 126 finished with value: 0.16105537116527557 and parameters: {'gradient_clip_val': 0.6976928083774161, 'hidden_size': 62, 'dropout': 0.22085055382262672, 'hidden_continuous_size': 32, 'attention_head_size': 4, 'learning_rate': 0.022238007899435513}. Best is trial 59 with value: 0.06613359600305557.
LOCAL_RANK: 0 - CUDA_VISIBLE_DEVICES: [0]
[I 2023-11-29 20:35:56,508] Trial 127 finished with value: 0.2688502371311188 and parameters: {'gradient_clip_val': 0.7426020421883911, 'hidden_size': 82, 'dropout': 0.18102902253128797, 'hidden_continuous_size': 29, 'attention_head_size': 4, 'learning_rate': 0.027412804269064794}. Best is trial 59 with value: 0.06613359600305557.
LOCAL_RANK: 0 - CUDA_VISIBLE_DEVICES: [0]
[I 2023-11-29 20:36:10,415] Trial 128 finished with value: 0.21025781333446503 and parameters: {'gradient_clip_val': 0.650346051887367, 'hidden_size': 88, 'dropout': 0.14795646359793604, 'hidden_continuous_size': 23, 'attention_head_size': 2, 'learning_rate': 0.016785587658477055}. Best is trial 59 with value: 0.06613359600305557.
LOCAL_RANK: 0 - CUDA_VISIBLE_DEVICES: [0]
[I 2023-11-29 20:36:24,356] Trial 129 finished with value: 0.10337386280298233 and parameters: {'gradient_clip_val': 0.5639239884361985, 'hidden_size': 69, 'dropout': 0.15906911067916202, 'hidden_continuous_size': 33, 'attention_head_size': 4, 'learning_rate': 0.04637905353961596}. Best is trial 59 with value: 0.06613359600305557.
LOCAL_RANK: 0 - CUDA_VISIBLE_DEVICES: [0]
[I 2023-11-29 20:36:37,843] Trial 130 finished with value: 0.17918439209461212 and parameters: {'gradient_clip_val': 0.6049359212099895, 'hidden_size': 56, 'dropout': 0.26274580445562457, 'hidden_continuous_size': 24, 'attention_head_size': 4, 'learning_rate': 0.031050254877808065}. Best is trial 59 with value: 0.06613359600305557.
LOCAL_RANK: 0 - CUDA_VISIBLE_DEVICES: [0]
[I 2023-11-29 20:36:51,725] Trial 131 finished with value: 0.3747882843017578 and parameters: {'gradient_clip_val': 0.7265890025975692, 'hidden_size': 84, 'dropout': 0.23305177016235779, 'hidden_continuous_size': 30, 'attention_head_size': 4, 'learning_rate': 0.04750339907363694}. Best is trial 59 with value: 0.06613359600305557.
LOCAL_RANK: 0 - CUDA_VISIBLE_DEVICES: [0]
[I 2023-11-29 20:37:05,995] Trial 132 finished with value: 0.14421017467975616 and parameters: {'gradient_clip_val': 0.7711755164434771, 'hidden_size': 98, 'dropout': 0.24596121667188578, 'hidden_continuous_size': 35, 'attention_head_size': 4, 'learning_rate': 0.0519106938250264}. Best is trial 59 with value: 0.06613359600305557.
LOCAL_RANK: 0 - CUDA_VISIBLE_DEVICES: [0]
[I 2023-11-29 20:37:20,011] Trial 133 finished with value: 0.11174432188272476 and parameters: {'gradient_clip_val': 0.6869072251903188, 'hidden_size': 77, 'dropout': 0.240376024260004, 'hidden_continuous_size': 31, 'attention_head_size': 4, 'learning_rate': 0.058802513772263344}. Best is trial 59 with value: 0.06613359600305557.
LOCAL_RANK: 0 - CUDA_VISIBLE_DEVICES: [0]
[I 2023-11-29 20:37:34,023] Trial 134 finished with value: 0.22478358447551727 and parameters: {'gradient_clip_val': 0.6460495763379036, 'hidden_size': 90, 'dropout': 0.22619772731488738, 'hidden_continuous_size': 28, 'attention_head_size': 4, 'learning_rate': 0.04491277869731658}. Best is trial 59 with value: 0.06613359600305557.
LOCAL_RANK: 0 - CUDA_VISIBLE_DEVICES: [0]
[I 2023-11-29 20:37:47,688] Trial 135 finished with value: 0.10218033194541931 and parameters: {'gradient_clip_val': 0.7223781031916486, 'hidden_size': 84, 'dropout': 0.21458192235842255, 'hidden_continuous_size': 30, 'attention_head_size': 4, 'learning_rate': 0.035299567053510894}. Best is trial 59 with value: 0.06613359600305557.
LOCAL_RANK: 0 - CUDA_VISIBLE_DEVICES: [0]
[I 2023-11-29 20:38:01,532] Trial 136 finished with value: 0.11106846481561661 and parameters: {'gradient_clip_val': 0.5898545421442875, 'hidden_size': 74, 'dropout': 0.23195623519791506, 'hidden_continuous_size': 27, 'attention_head_size': 4, 'learning_rate': 0.0406575180380303}. Best is trial 59 with value: 0.06613359600305557.
LOCAL_RANK: 0 - CUDA_VISIBLE_DEVICES: [0]
[I 2023-11-29 20:38:14,701] Trial 137 finished with value: 0.12700499594211578 and parameters: {'gradient_clip_val': 0.8474115235999242, 'hidden_size': 35, 'dropout': 0.1931074916612621, 'hidden_continuous_size': 30, 'attention_head_size': 4, 'learning_rate': 0.03375556403521663}. Best is trial 59 with value: 0.06613359600305557.
LOCAL_RANK: 0 - CUDA_VISIBLE_DEVICES: [0]
[I 2023-11-29 20:38:28,781] Trial 138 finished with value: 0.1450645476579666 and parameters: {'gradient_clip_val': 0.6642336809785769, 'hidden_size': 67, 'dropout': 0.14134741151573813, 'hidden_continuous_size': 26, 'attention_head_size': 4, 'learning_rate': 0.020106370495304084}. Best is trial 59 with value: 0.06613359600305557.
LOCAL_RANK: 0 - CUDA_VISIBLE_DEVICES: [0]
[I 2023-11-29 20:38:43,043] Trial 139 finished with value: 0.24149759113788605 and parameters: {'gradient_clip_val': 0.5375826897444566, 'hidden_size': 94, 'dropout': 0.25268430868256064, 'hidden_continuous_size': 34, 'attention_head_size': 4, 'learning_rate': 0.023769904844440887}. Best is trial 59 with value: 0.06613359600305557.
LOCAL_RANK: 0 - CUDA_VISIBLE_DEVICES: [0]
[I 2023-11-29 20:38:57,094] Trial 140 finished with value: 0.11617100983858109 and parameters: {'gradient_clip_val': 0.7993220062360303, 'hidden_size': 81, 'dropout': 0.23763596636945472, 'hidden_continuous_size': 33, 'attention_head_size': 4, 'learning_rate': 0.02874509906892615}. Best is trial 59 with value: 0.06613359600305557.
LOCAL_RANK: 0 - CUDA_VISIBLE_DEVICES: [0]
[I 2023-11-29 20:39:10,734] Trial 141 finished with value: 0.09562297910451889 and parameters: {'gradient_clip_val': 0.6151717431901625, 'hidden_size': 64, 'dropout': 0.21274999164018327, 'hidden_continuous_size': 28, 'attention_head_size': 4, 'learning_rate': 0.025931192980532102}. Best is trial 59 with value: 0.06613359600305557.
LOCAL_RANK: 0 - CUDA_VISIBLE_DEVICES: [0]
[I 2023-11-29 20:39:24,515] Trial 142 finished with value: 0.2813018560409546 and parameters: {'gradient_clip_val': 0.6788479754705031, 'hidden_size': 70, 'dropout': 0.20498511424447044, 'hidden_continuous_size': 25, 'attention_head_size': 4, 'learning_rate': 0.0313920715010371}. Best is trial 59 with value: 0.06613359600305557.
LOCAL_RANK: 0 - CUDA_VISIBLE_DEVICES: [0]
[I 2023-11-29 20:39:38,159] Trial 143 finished with value: 0.12566280364990234 and parameters: {'gradient_clip_val': 0.6313280874012701, 'hidden_size': 50, 'dropout': 0.22317534210946113, 'hidden_continuous_size': 27, 'attention_head_size': 4, 'learning_rate': 0.04037874439585393}. Best is trial 59 with value: 0.06613359600305557.
LOCAL_RANK: 0 - CUDA_VISIBLE_DEVICES: [0]
[I 2023-11-29 20:39:51,400] Trial 144 finished with value: 0.1118151918053627 and parameters: {'gradient_clip_val': 0.7088016746247933, 'hidden_size': 39, 'dropout': 0.21431875637069864, 'hidden_continuous_size': 29, 'attention_head_size': 4, 'learning_rate': 0.03677378681019502}. Best is trial 59 with value: 0.06613359600305557.
LOCAL_RANK: 0 - CUDA_VISIBLE_DEVICES: [0]
[I 2023-11-29 20:40:05,318] Trial 145 finished with value: 0.15441638231277466 and parameters: {'gradient_clip_val': 0.5668590082150674, 'hidden_size': 75, 'dropout': 0.2435210714422914, 'hidden_continuous_size': 31, 'attention_head_size': 4, 'learning_rate': 0.017953076077015885}. Best is trial 59 with value: 0.06613359600305557.
LOCAL_RANK: 0 - CUDA_VISIBLE_DEVICES: [0]
[I 2023-11-29 20:40:19,288] Trial 146 finished with value: 0.10473909229040146 and parameters: {'gradient_clip_val': 0.595915302487214, 'hidden_size': 87, 'dropout': 0.23021094801237166, 'hidden_continuous_size': 22, 'attention_head_size': 4, 'learning_rate': 0.015523489218131873}. Best is trial 59 with value: 0.06613359600305557.
LOCAL_RANK: 0 - CUDA_VISIBLE_DEVICES: [0]
[I 2023-11-29 20:40:33,230] Trial 147 finished with value: 0.12934958934783936 and parameters: {'gradient_clip_val': 0.6732517354939691, 'hidden_size': 79, 'dropout': 0.2000862572223575, 'hidden_continuous_size': 27, 'attention_head_size': 4, 'learning_rate': 0.029830069205989105}. Best is trial 59 with value: 0.06613359600305557.
LOCAL_RANK: 0 - CUDA_VISIBLE_DEVICES: [0]
[I 2023-11-29 20:40:46,936] Trial 148 finished with value: 0.12941040098667145 and parameters: {'gradient_clip_val': 0.5238570338966537, 'hidden_size': 60, 'dropout': 0.1307048449903002, 'hidden_continuous_size': 32, 'attention_head_size': 4, 'learning_rate': 0.05216455674453146}. Best is trial 59 with value: 0.06613359600305557.
LOCAL_RANK: 0 - CUDA_VISIBLE_DEVICES: [0]
[I 2023-11-29 20:41:01,126] Trial 149 finished with value: 0.18579626083374023 and parameters: {'gradient_clip_val': 0.7544423750770963, 'hidden_size': 102, 'dropout': 0.17336781023009884, 'hidden_continuous_size': 24, 'attention_head_size': 4, 'learning_rate': 0.04446155368015673}. Best is trial 59 with value: 0.06613359600305557.
[I 2023-11-29 20:41:01,237] A new study created in memory with name: no-name-937f18e0-f914-4faf-aaa1-43a29328c117
/home/le004/conda/anaconda3/envs/tsff_env/lib/python3.9/site-packages/lightning/fabric/plugins/environments/slurm.py:191: The `srun` command is available on your system but is not used. HINT: If your intention is to run Lightning on SLURM, prepend your python command with `srun` like so: srun python /home/le004/master_thesis/git/TSFusionForecast/code/ ...
LOCAL_RANK: 0 - CUDA_VISIBLE_DEVICES: [0]
[I 2023-11-29 20:41:14,994] Trial 0 finished with value: 0.5689278244972229 and parameters: {'gradient_clip_val': 0.8263125469383117, 'hidden_size': 88, 'dropout': 0.14675339699667017, 'hidden_continuous_size': 12, 'attention_head_size': 3, 'learning_rate': 0.0027001954119599443}. Best is trial 0 with value: 0.5689278244972229.
LOCAL_RANK: 0 - CUDA_VISIBLE_DEVICES: [0]
[I 2023-11-29 20:41:28,129] Trial 1 finished with value: 0.5670661330223083 and parameters: {'gradient_clip_val': 0.16532675015895326, 'hidden_size': 52, 'dropout': 0.32458115139143595, 'hidden_continuous_size': 30, 'attention_head_size': 1, 'learning_rate': 0.024484896045349234}. Best is trial 1 with value: 0.5670661330223083.
LOCAL_RANK: 0 - CUDA_VISIBLE_DEVICES: [0]
[I 2023-11-29 20:41:40,681] Trial 2 finished with value: 0.21892030537128448 and parameters: {'gradient_clip_val': 0.9395984387175955, 'hidden_size': 21, 'dropout': 0.1024498270317207, 'hidden_continuous_size': 19, 'attention_head_size': 1, 'learning_rate': 0.06607673347412417}. Best is trial 2 with value: 0.21892030537128448.
LOCAL_RANK: 0 - CUDA_VISIBLE_DEVICES: [0]
[I 2023-11-29 20:41:53,224] Trial 3 finished with value: 1.1423944234848022 and parameters: {'gradient_clip_val': 0.2706069111796741, 'hidden_size': 13, 'dropout': 0.16123121600492935, 'hidden_continuous_size': 11, 'attention_head_size': 4, 'learning_rate': 0.016166089580790497}. Best is trial 2 with value: 0.21892030537128448.
LOCAL_RANK: 0 - CUDA_VISIBLE_DEVICES: [0]
[I 2023-11-29 20:42:06,256] Trial 4 finished with value: 0.4937776029109955 and parameters: {'gradient_clip_val': 0.8710674431156049, 'hidden_size': 38, 'dropout': 0.3963940569812111, 'hidden_continuous_size': 17, 'attention_head_size': 3, 'learning_rate': 0.008749350514820212}. Best is trial 2 with value: 0.21892030537128448.
LOCAL_RANK: 0 - CUDA_VISIBLE_DEVICES: [0]
[I 2023-11-29 20:42:19,647] Trial 5 finished with value: 0.1423303633928299 and parameters: {'gradient_clip_val': 0.12264771233019625, 'hidden_size': 65, 'dropout': 0.19948693728431177, 'hidden_continuous_size': 10, 'attention_head_size': 4, 'learning_rate': 0.05931417926834032}. Best is trial 5 with value: 0.1423303633928299.
LOCAL_RANK: 0 - CUDA_VISIBLE_DEVICES: [0]
[I 2023-11-29 20:42:33,707] Trial 6 finished with value: 0.26170116662979126 and parameters: {'gradient_clip_val': 0.1591235227271752, 'hidden_size': 128, 'dropout': 0.21273083346658966, 'hidden_continuous_size': 15, 'attention_head_size': 3, 'learning_rate': 0.07276587154015551}. Best is trial 5 with value: 0.1423303633928299.
LOCAL_RANK: 0 - CUDA_VISIBLE_DEVICES: [0]
[I 2023-11-29 20:42:44,260] Trial 7 finished with value: 0.2636418640613556 and parameters: {'gradient_clip_val': 0.2877245051772074, 'hidden_size': 11, 'dropout': 0.10948416498190783, 'hidden_continuous_size': 11, 'attention_head_size': 2, 'learning_rate': 0.09342280433289414}. Best is trial 5 with value: 0.1423303633928299.
LOCAL_RANK: 0 - CUDA_VISIBLE_DEVICES: [0]
[I 2023-11-29 20:42:55,032] Trial 8 finished with value: 0.45677003264427185 and parameters: {'gradient_clip_val': 0.7011701420752522, 'hidden_size': 10, 'dropout': 0.1446548868770225, 'hidden_continuous_size': 10, 'attention_head_size': 2, 'learning_rate': 0.07963203399151954}. Best is trial 5 with value: 0.1423303633928299.
LOCAL_RANK: 0 - CUDA_VISIBLE_DEVICES: [0]
[I 2023-11-29 20:43:08,577] Trial 9 finished with value: 0.5247425436973572 and parameters: {'gradient_clip_val': 0.4221295320522261, 'hidden_size': 78, 'dropout': 0.18592362571798177, 'hidden_continuous_size': 15, 'attention_head_size': 1, 'learning_rate': 0.003584739613813256}. Best is trial 5 with value: 0.1423303633928299.
LOCAL_RANK: 0 - CUDA_VISIBLE_DEVICES: [0]
[I 2023-11-29 20:43:23,568] Trial 10 finished with value: 0.2597068250179291 and parameters: {'gradient_clip_val': 0.10423945894414863, 'hidden_size': 144, 'dropout': 0.2497680465907977, 'hidden_continuous_size': 98, 'attention_head_size': 4, 'learning_rate': 0.029716783058717024}. Best is trial 5 with value: 0.1423303633928299.
LOCAL_RANK: 0 - CUDA_VISIBLE_DEVICES: [0]
[I 2023-11-29 20:43:35,750] Trial 11 finished with value: 0.177054762840271 and parameters: {'gradient_clip_val': 0.5541420169506162, 'hidden_size': 21, 'dropout': 0.1029984539036745, 'hidden_continuous_size': 10, 'attention_head_size': 1, 'learning_rate': 0.04026373099283089}. Best is trial 5 with value: 0.1423303633928299.
LOCAL_RANK: 0 - CUDA_VISIBLE_DEVICES: [0]
[I 2023-11-29 20:43:48,235] Trial 12 finished with value: 0.2227393537759781 and parameters: {'gradient_clip_val': 0.5094755125643157, 'hidden_size': 27, 'dropout': 0.21538088081426493, 'hidden_continuous_size': 10, 'attention_head_size': 2, 'learning_rate': 0.03456135844769194}. Best is trial 5 with value: 0.1423303633928299.
LOCAL_RANK: 0 - CUDA_VISIBLE_DEVICES: [0]
[I 2023-11-29 20:44:01,608] Trial 13 finished with value: 2.563425302505493 and parameters: {'gradient_clip_val': 0.46014361840801693, 'hidden_size': 50, 'dropout': 0.26105517616953183, 'hidden_continuous_size': 13, 'attention_head_size': 4, 'learning_rate': 0.0010787345930633012}. Best is trial 5 with value: 0.1423303633928299.
LOCAL_RANK: 0 - CUDA_VISIBLE_DEVICES: [0]
[I 2023-11-29 20:44:14,060] Trial 14 finished with value: 0.24462734162807465 and parameters: {'gradient_clip_val': 0.2228816756755731, 'hidden_size': 19, 'dropout': 0.10183690862632461, 'hidden_continuous_size': 10, 'attention_head_size': 3, 'learning_rate': 0.04306057732006231}. Best is trial 5 with value: 0.1423303633928299.
LOCAL_RANK: 0 - CUDA_VISIBLE_DEVICES: [0]
[I 2023-11-29 20:44:27,038] Trial 15 finished with value: 0.18239851295948029 and parameters: {'gradient_clip_val': 0.3551892877074269, 'hidden_size': 37, 'dropout': 0.17511597751204905, 'hidden_continuous_size': 13, 'attention_head_size': 2, 'learning_rate': 0.04880111804620165}. Best is trial 5 with value: 0.1423303633928299.
LOCAL_RANK: 0 - CUDA_VISIBLE_DEVICES: [0]
[I 2023-11-29 20:44:39,446] Trial 16 finished with value: 0.4774430990219116 and parameters: {'gradient_clip_val': 0.5998525755389832, 'hidden_size': 20, 'dropout': 0.13382419338182117, 'hidden_continuous_size': 10, 'attention_head_size': 4, 'learning_rate': 0.018598618678733258}. Best is trial 5 with value: 0.1423303633928299.
LOCAL_RANK: 0 - CUDA_VISIBLE_DEVICES: [0]
[I 2023-11-29 20:44:51,957] Trial 17 finished with value: 0.3457515239715576 and parameters: {'gradient_clip_val': 0.10209570704933324, 'hidden_size': 29, 'dropout': 0.19889322589836397, 'hidden_continuous_size': 12, 'attention_head_size': 1, 'learning_rate': 0.04537847911904033}. Best is trial 5 with value: 0.1423303633928299.
LOCAL_RANK: 0 - CUDA_VISIBLE_DEVICES: [0]
[I 2023-11-29 20:45:05,879] Trial 18 finished with value: 0.4500677287578583 and parameters: {'gradient_clip_val': 0.37722483163898435, 'hidden_size': 73, 'dropout': 0.13042427556850897, 'hidden_continuous_size': 21, 'attention_head_size': 3, 'learning_rate': 0.011995419698280342}. Best is trial 5 with value: 0.1423303633928299.
LOCAL_RANK: 0 - CUDA_VISIBLE_DEVICES: [0]
[I 2023-11-29 20:45:18,173] Trial 19 finished with value: 0.23162229359149933 and parameters: {'gradient_clip_val': 0.571189158187156, 'hidden_size': 14, 'dropout': 0.16762730102241652, 'hidden_continuous_size': 10, 'attention_head_size': 2, 'learning_rate': 0.09431047878323777}. Best is trial 5 with value: 0.1423303633928299.
LOCAL_RANK: 0 - CUDA_VISIBLE_DEVICES: [0]
[I 2023-11-29 20:45:31,240] Trial 20 finished with value: 0.41709092259407043 and parameters: {'gradient_clip_val': 0.6845775553694218, 'hidden_size': 56, 'dropout': 0.22967463446529485, 'hidden_continuous_size': 15, 'attention_head_size': 1, 'learning_rate': 0.026290862938633835}. Best is trial 5 with value: 0.1423303633928299.
LOCAL_RANK: 0 - CUDA_VISIBLE_DEVICES: [0]
[I 2023-11-29 20:45:43,953] Trial 21 finished with value: 0.35098353028297424 and parameters: {'gradient_clip_val': 0.35745604801090997, 'hidden_size': 36, 'dropout': 0.17351171961230094, 'hidden_continuous_size': 12, 'attention_head_size': 2, 'learning_rate': 0.05056101833326843}. Best is trial 5 with value: 0.1423303633928299.
LOCAL_RANK: 0 - CUDA_VISIBLE_DEVICES: [0]
