[rank: 0] Seed set to 1337
[I 2023-11-29 20:06:46,741] A new study created in memory with name: no-name-528774ed-378d-43ec-9504-5f590350db61
/home/le004/conda/anaconda3/envs/tsff_env/lib/python3.9/site-packages/lightning/fabric/plugins/environments/slurm.py:191: The `srun` command is available on your system but is not used. HINT: If your intention is to run Lightning on SLURM, prepend your python command with `srun` like so: srun python /home/le004/master_thesis/git/TSFusionForecast/code/ ...
LOCAL_RANK: 0 - CUDA_VISIBLE_DEVICES: [0]
[I 2023-11-29 20:07:03,652] Trial 0 finished with value: 0.5269091129302979 and parameters: {'gradient_clip_val': 0.1548423835727838, 'hidden_size': 35, 'dropout': 0.37255418619859104, 'hidden_continuous_size': 18, 'attention_head_size': 3, 'learning_rate': 0.01150728182826176}. Best is trial 0 with value: 0.5269091129302979.
LOCAL_RANK: 0 - CUDA_VISIBLE_DEVICES: [0]
[I 2023-11-29 20:07:15,914] Trial 1 finished with value: 0.23017184436321259 and parameters: {'gradient_clip_val': 0.6301119368157272, 'hidden_size': 24, 'dropout': 0.27652357892331536, 'hidden_continuous_size': 15, 'attention_head_size': 4, 'learning_rate': 0.0922698368517413}. Best is trial 1 with value: 0.23017184436321259.
LOCAL_RANK: 0 - CUDA_VISIBLE_DEVICES: [0]
[I 2023-11-29 20:07:28,579] Trial 2 finished with value: 1.0655337572097778 and parameters: {'gradient_clip_val': 0.24597176765232032, 'hidden_size': 39, 'dropout': 0.18879297730532663, 'hidden_continuous_size': 13, 'attention_head_size': 2, 'learning_rate': 0.003513390763440135}. Best is trial 1 with value: 0.23017184436321259.
LOCAL_RANK: 0 - CUDA_VISIBLE_DEVICES: [0]
[I 2023-11-29 20:07:41,065] Trial 3 finished with value: 1.180562138557434 and parameters: {'gradient_clip_val': 0.35303905219020393, 'hidden_size': 22, 'dropout': 0.32808258186128525, 'hidden_continuous_size': 11, 'attention_head_size': 3, 'learning_rate': 0.009571305552186334}. Best is trial 1 with value: 0.23017184436321259.
LOCAL_RANK: 0 - CUDA_VISIBLE_DEVICES: [0]
[I 2023-11-29 20:07:54,768] Trial 4 finished with value: 0.13723358511924744 and parameters: {'gradient_clip_val': 0.2777849862061659, 'hidden_size': 75, 'dropout': 0.2929581047551644, 'hidden_continuous_size': 34, 'attention_head_size': 4, 'learning_rate': 0.0832538132656939}. Best is trial 4 with value: 0.13723358511924744.
LOCAL_RANK: 0 - CUDA_VISIBLE_DEVICES: [0]
[I 2023-11-29 20:08:08,877] Trial 5 finished with value: 0.1222144141793251 and parameters: {'gradient_clip_val': 0.9338348384013224, 'hidden_size': 103, 'dropout': 0.16354184824454493, 'hidden_continuous_size': 43, 'attention_head_size': 4, 'learning_rate': 0.009676908962881741}. Best is trial 5 with value: 0.1222144141793251.
LOCAL_RANK: 0 - CUDA_VISIBLE_DEVICES: [0]
[I 2023-11-29 20:08:21,221] Trial 6 finished with value: 0.14447444677352905 and parameters: {'gradient_clip_val': 0.7685578670731733, 'hidden_size': 18, 'dropout': 0.35636339104590997, 'hidden_continuous_size': 17, 'attention_head_size': 3, 'learning_rate': 0.08845331747482271}. Best is trial 5 with value: 0.1222144141793251.
LOCAL_RANK: 0 - CUDA_VISIBLE_DEVICES: [0]
[I 2023-11-29 20:08:34,826] Trial 7 finished with value: 0.6071354746818542 and parameters: {'gradient_clip_val': 0.10053089706800929, 'hidden_size': 100, 'dropout': 0.14205317775559798, 'hidden_continuous_size': 10, 'attention_head_size': 3, 'learning_rate': 0.007648510058013316}. Best is trial 5 with value: 0.1222144141793251.
LOCAL_RANK: 0 - CUDA_VISIBLE_DEVICES: [0]
[I 2023-11-29 20:08:48,925] Trial 8 finished with value: 0.17782123386859894 and parameters: {'gradient_clip_val': 0.24111417174162658, 'hidden_size': 77, 'dropout': 0.3147716391340927, 'hidden_continuous_size': 68, 'attention_head_size': 1, 'learning_rate': 0.025950752481141256}. Best is trial 5 with value: 0.1222144141793251.
LOCAL_RANK: 0 - CUDA_VISIBLE_DEVICES: [0]
[I 2023-11-29 20:09:01,995] Trial 9 finished with value: 0.15601888298988342 and parameters: {'gradient_clip_val': 0.6631161835767719, 'hidden_size': 52, 'dropout': 0.2795405233596035, 'hidden_continuous_size': 13, 'attention_head_size': 2, 'learning_rate': 0.03707472333243357}. Best is trial 5 with value: 0.1222144141793251.
LOCAL_RANK: 0 - CUDA_VISIBLE_DEVICES: [0]
[I 2023-11-29 20:09:17,239] Trial 10 finished with value: 0.487003892660141 and parameters: {'gradient_clip_val': 0.5031215514763596, 'hidden_size': 146, 'dropout': 0.21350592959928966, 'hidden_continuous_size': 139, 'attention_head_size': 4, 'learning_rate': 0.0011099220978870222}. Best is trial 5 with value: 0.1222144141793251.
LOCAL_RANK: 0 - CUDA_VISIBLE_DEVICES: [0]
[I 2023-11-29 20:09:30,795] Trial 11 finished with value: 0.1787332445383072 and parameters: {'gradient_clip_val': 0.9641869899266414, 'hidden_size': 72, 'dropout': 0.11171501145409662, 'hidden_continuous_size': 32, 'attention_head_size': 4, 'learning_rate': 0.028606376082967108}. Best is trial 5 with value: 0.1222144141793251.
LOCAL_RANK: 0 - CUDA_VISIBLE_DEVICES: [0]
[I 2023-11-29 20:09:45,694] Trial 12 finished with value: 0.2239919751882553 and parameters: {'gradient_clip_val': 0.42240803999489707, 'hidden_size': 149, 'dropout': 0.2318919637068102, 'hidden_continuous_size': 37, 'attention_head_size': 4, 'learning_rate': 0.046095503640312965}. Best is trial 5 with value: 0.1222144141793251.
LOCAL_RANK: 0 - CUDA_VISIBLE_DEVICES: [0]
[I 2023-11-29 20:09:59,688] Trial 13 finished with value: 0.17239587008953094 and parameters: {'gradient_clip_val': 0.31305567031871345, 'hidden_size': 94, 'dropout': 0.17794395777747574, 'hidden_continuous_size': 25, 'attention_head_size': 4, 'learning_rate': 0.01693506135703216}. Best is trial 5 with value: 0.1222144141793251.
LOCAL_RANK: 0 - CUDA_VISIBLE_DEVICES: [0]
[I 2023-11-29 20:10:11,885] Trial 14 finished with value: 1.4465818405151367 and parameters: {'gradient_clip_val': 0.9416123990867351, 'hidden_size': 13, 'dropout': 0.39634039193658166, 'hidden_continuous_size': 10, 'attention_head_size': 1, 'learning_rate': 0.004741903180381561}. Best is trial 5 with value: 0.1222144141793251.
LOCAL_RANK: 0 - CUDA_VISIBLE_DEVICES: [0]
[I 2023-11-29 20:10:25,576] Trial 15 finished with value: 0.12408632040023804 and parameters: {'gradient_clip_val': 0.4796167420197064, 'hidden_size': 57, 'dropout': 0.2570376417546749, 'hidden_continuous_size': 32, 'attention_head_size': 4, 'learning_rate': 0.05569977013419027}. Best is trial 5 with value: 0.1222144141793251.
LOCAL_RANK: 0 - CUDA_VISIBLE_DEVICES: [0]
[I 2023-11-29 20:10:38,737] Trial 16 finished with value: 0.13856248557567596 and parameters: {'gradient_clip_val': 0.5510359251027216, 'hidden_size': 50, 'dropout': 0.24803246551089542, 'hidden_continuous_size': 25, 'attention_head_size': 2, 'learning_rate': 0.016556154863992468}. Best is trial 5 with value: 0.1222144141793251.
LOCAL_RANK: 0 - CUDA_VISIBLE_DEVICES: [0]
[I 2023-11-29 20:10:53,258] Trial 17 finished with value: 0.1723419427871704 and parameters: {'gradient_clip_val': 0.7799080183595813, 'hidden_size': 113, 'dropout': 0.21552786118640738, 'hidden_continuous_size': 50, 'attention_head_size': 3, 'learning_rate': 0.04141505213596471}. Best is trial 5 with value: 0.1222144141793251.
LOCAL_RANK: 0 - CUDA_VISIBLE_DEVICES: [0]
[I 2023-11-29 20:11:06,810] Trial 18 finished with value: 0.11448007822036743 and parameters: {'gradient_clip_val': 0.4515169316029668, 'hidden_size': 59, 'dropout': 0.16389971782921842, 'hidden_continuous_size': 21, 'attention_head_size': 4, 'learning_rate': 0.05656701353639193}. Best is trial 18 with value: 0.11448007822036743.
LOCAL_RANK: 0 - CUDA_VISIBLE_DEVICES: [0]
[I 2023-11-29 20:11:17,267] Trial 19 finished with value: 1.0579681396484375 and parameters: {'gradient_clip_val': 0.407064117767272, 'hidden_size': 10, 'dropout': 0.15050535082678854, 'hidden_continuous_size': 10, 'attention_head_size': 3, 'learning_rate': 0.018976093150005202}. Best is trial 18 with value: 0.11448007822036743.
LOCAL_RANK: 0 - CUDA_VISIBLE_DEVICES: [0]
[I 2023-11-29 20:11:31,386] Trial 20 finished with value: 0.1474960595369339 and parameters: {'gradient_clip_val': 0.6385646517338414, 'hidden_size': 109, 'dropout': 0.10858153018109123, 'hidden_continuous_size': 21, 'attention_head_size': 4, 'learning_rate': 0.025911203762491772}. Best is trial 18 with value: 0.11448007822036743.
LOCAL_RANK: 0 - CUDA_VISIBLE_DEVICES: [0]
[I 2023-11-29 20:11:45,034] Trial 21 finished with value: 0.18185830116271973 and parameters: {'gradient_clip_val': 0.48149415852474264, 'hidden_size': 58, 'dropout': 0.18581138588562757, 'hidden_continuous_size': 27, 'attention_head_size': 4, 'learning_rate': 0.05423819813121236}. Best is trial 18 with value: 0.11448007822036743.
LOCAL_RANK: 0 - CUDA_VISIBLE_DEVICES: [0]
[I 2023-11-29 20:11:58,744] Trial 22 finished with value: 0.20822572708129883 and parameters: {'gradient_clip_val': 0.41533178440292007, 'hidden_size': 61, 'dropout': 0.24767082840364169, 'hidden_continuous_size': 21, 'attention_head_size': 4, 'learning_rate': 0.06149372517059065}. Best is trial 18 with value: 0.11448007822036743.
LOCAL_RANK: 0 - CUDA_VISIBLE_DEVICES: [0]
[I 2023-11-29 20:12:11,870] Trial 23 finished with value: 0.10198218375444412 and parameters: {'gradient_clip_val': 0.5239868345179509, 'hidden_size': 38, 'dropout': 0.16547175733041306, 'hidden_continuous_size': 20, 'attention_head_size': 4, 'learning_rate': 0.06481473853919857}. Best is trial 23 with value: 0.10198218375444412.
LOCAL_RANK: 0 - CUDA_VISIBLE_DEVICES: [0]
[I 2023-11-29 20:12:24,989] Trial 24 finished with value: 0.13568194210529327 and parameters: {'gradient_clip_val': 0.8218650371595688, 'hidden_size': 41, 'dropout': 0.1525794875404356, 'hidden_continuous_size': 19, 'attention_head_size': 3, 'learning_rate': 0.03847377354525816}. Best is trial 23 with value: 0.10198218375444412.
LOCAL_RANK: 0 - CUDA_VISIBLE_DEVICES: [0]
[I 2023-11-29 20:12:37,718] Trial 25 finished with value: 0.2133488655090332 and parameters: {'gradient_clip_val': 0.5857268911156964, 'hidden_size': 32, 'dropout': 0.12390949051929741, 'hidden_continuous_size': 16, 'attention_head_size': 4, 'learning_rate': 0.07308626387434125}. Best is trial 23 with value: 0.10198218375444412.
LOCAL_RANK: 0 - CUDA_VISIBLE_DEVICES: [0]
[I 2023-11-29 20:12:51,080] Trial 26 finished with value: 0.11020257323980331 and parameters: {'gradient_clip_val': 0.7451169038611875, 'hidden_size': 47, 'dropout': 0.16847075282914614, 'hidden_continuous_size': 20, 'attention_head_size': 3, 'learning_rate': 0.069353569127348}. Best is trial 23 with value: 0.10198218375444412.
LOCAL_RANK: 0 - CUDA_VISIBLE_DEVICES: [0]
[I 2023-11-29 20:13:03,962] Trial 27 finished with value: 0.131674662232399 and parameters: {'gradient_clip_val': 0.5630685442974855, 'hidden_size': 40, 'dropout': 0.12730931984837818, 'hidden_continuous_size': 21, 'attention_head_size': 2, 'learning_rate': 0.0985815250438032}. Best is trial 23 with value: 0.10198218375444412.
LOCAL_RANK: 0 - CUDA_VISIBLE_DEVICES: [0]
[I 2023-11-29 20:13:16,770] Trial 28 finished with value: 0.1407659649848938 and parameters: {'gradient_clip_val': 0.7227418779089944, 'hidden_size': 29, 'dropout': 0.10090324698319926, 'hidden_continuous_size': 19, 'attention_head_size': 3, 'learning_rate': 0.06217749821965321}. Best is trial 23 with value: 0.10198218375444412.
LOCAL_RANK: 0 - CUDA_VISIBLE_DEVICES: [0]
[I 2023-11-29 20:13:29,766] Trial 29 finished with value: 0.13449399173259735 and parameters: {'gradient_clip_val': 0.6858691266074513, 'hidden_size': 44, 'dropout': 0.16932149446128364, 'hidden_continuous_size': 18, 'attention_head_size': 3, 'learning_rate': 0.06771489824367677}. Best is trial 23 with value: 0.10198218375444412.
LOCAL_RANK: 0 - CUDA_VISIBLE_DEVICES: [0]
[I 2023-11-29 20:13:42,754] Trial 30 finished with value: 0.10779444128274918 and parameters: {'gradient_clip_val': 0.5277715563221063, 'hidden_size': 33, 'dropout': 0.200297895462947, 'hidden_continuous_size': 16, 'attention_head_size': 3, 'learning_rate': 0.051319929794792905}. Best is trial 23 with value: 0.10198218375444412.
LOCAL_RANK: 0 - CUDA_VISIBLE_DEVICES: [0]
[I 2023-11-29 20:13:55,830] Trial 31 finished with value: 0.38538554310798645 and parameters: {'gradient_clip_val': 0.5431427187738314, 'hidden_size': 34, 'dropout': 0.19530427058042016, 'hidden_continuous_size': 16, 'attention_head_size': 3, 'learning_rate': 0.048129309608242625}. Best is trial 23 with value: 0.10198218375444412.
LOCAL_RANK: 0 - CUDA_VISIBLE_DEVICES: [0]
[I 2023-11-29 20:14:08,827] Trial 32 finished with value: 0.11727865785360336 and parameters: {'gradient_clip_val': 0.6216785513107452, 'hidden_size': 47, 'dropout': 0.2077374983984133, 'hidden_continuous_size': 15, 'attention_head_size': 2, 'learning_rate': 0.07042301499478737}. Best is trial 23 with value: 0.10198218375444412.
LOCAL_RANK: 0 - CUDA_VISIBLE_DEVICES: [0]
[I 2023-11-29 20:14:21,659] Trial 33 finished with value: 0.1890811324119568 and parameters: {'gradient_clip_val': 0.4673759980819776, 'hidden_size': 36, 'dropout': 0.16967659020385611, 'hidden_continuous_size': 18, 'attention_head_size': 3, 'learning_rate': 0.09901632791561728}. Best is trial 23 with value: 0.10198218375444412.
LOCAL_RANK: 0 - CUDA_VISIBLE_DEVICES: [0]
[I 2023-11-29 20:14:34,359] Trial 34 finished with value: 0.15543070435523987 and parameters: {'gradient_clip_val': 0.3527689975244867, 'hidden_size': 27, 'dropout': 0.1918421056576937, 'hidden_continuous_size': 17, 'attention_head_size': 3, 'learning_rate': 0.034550679862843166}. Best is trial 23 with value: 0.10198218375444412.
LOCAL_RANK: 0 - CUDA_VISIBLE_DEVICES: [0]
[I 2023-11-29 20:14:47,512] Trial 35 finished with value: 0.08833497762680054 and parameters: {'gradient_clip_val': 0.6060474780565778, 'hidden_size': 37, 'dropout': 0.13817776405025067, 'hidden_continuous_size': 20, 'attention_head_size': 4, 'learning_rate': 0.0485462824872728}. Best is trial 35 with value: 0.08833497762680054.
LOCAL_RANK: 0 - CUDA_VISIBLE_DEVICES: [0]
[I 2023-11-29 20:15:00,441] Trial 36 finished with value: 0.16086386144161224 and parameters: {'gradient_clip_val': 0.8408292437043096, 'hidden_size': 37, 'dropout': 0.13797221518124753, 'hidden_continuous_size': 14, 'attention_head_size': 2, 'learning_rate': 0.07643262286557458}. Best is trial 35 with value: 0.08833497762680054.
LOCAL_RANK: 0 - CUDA_VISIBLE_DEVICES: [0]
[I 2023-11-29 20:15:12,729] Trial 37 finished with value: 0.17355941236019135 and parameters: {'gradient_clip_val': 0.7248080945225206, 'hidden_size': 24, 'dropout': 0.15323245270013972, 'hidden_continuous_size': 14, 'attention_head_size': 3, 'learning_rate': 0.03211498702096473}. Best is trial 35 with value: 0.08833497762680054.
LOCAL_RANK: 0 - CUDA_VISIBLE_DEVICES: [0]
[I 2023-11-29 20:15:25,591] Trial 38 finished with value: 0.15411141514778137 and parameters: {'gradient_clip_val': 0.649225518210103, 'hidden_size': 31, 'dropout': 0.17984116917551987, 'hidden_continuous_size': 19, 'attention_head_size': 3, 'learning_rate': 0.04820122520285945}. Best is trial 35 with value: 0.08833497762680054.
LOCAL_RANK: 0 - CUDA_VISIBLE_DEVICES: [0]
[I 2023-11-29 20:15:38,720] Trial 39 finished with value: 0.17167989909648895 and parameters: {'gradient_clip_val': 0.5314834599791767, 'hidden_size': 45, 'dropout': 0.13627428732259306, 'hidden_continuous_size': 12, 'attention_head_size': 4, 'learning_rate': 0.08213624666380913}. Best is trial 35 with value: 0.08833497762680054.
LOCAL_RANK: 0 - CUDA_VISIBLE_DEVICES: [0]
[I 2023-11-29 20:15:51,361] Trial 40 finished with value: 0.2274833470582962 and parameters: {'gradient_clip_val': 0.8779837535490189, 'hidden_size': 37, 'dropout': 0.1981979736067708, 'hidden_continuous_size': 16, 'attention_head_size': 1, 'learning_rate': 0.0430443017709531}. Best is trial 35 with value: 0.08833497762680054.
LOCAL_RANK: 0 - CUDA_VISIBLE_DEVICES: [0]
[I 2023-11-29 20:16:04,734] Trial 41 finished with value: 0.11616776138544083 and parameters: {'gradient_clip_val': 0.5789587663092817, 'hidden_size': 41, 'dropout': 0.16366437803728354, 'hidden_continuous_size': 20, 'attention_head_size': 4, 'learning_rate': 0.06550355990247886}. Best is trial 35 with value: 0.08833497762680054.
LOCAL_RANK: 0 - CUDA_VISIBLE_DEVICES: [0]
[I 2023-11-29 20:16:18,126] Trial 42 finished with value: 0.13569597899913788 and parameters: {'gradient_clip_val': 0.7140191469949795, 'hidden_size': 50, 'dropout': 0.15910862178021024, 'hidden_continuous_size': 23, 'attention_head_size': 4, 'learning_rate': 0.055273886236927965}. Best is trial 35 with value: 0.08833497762680054.
LOCAL_RANK: 0 - CUDA_VISIBLE_DEVICES: [0]
[I 2023-11-29 20:16:30,869] Trial 43 finished with value: 0.22858189046382904 and parameters: {'gradient_clip_val': 0.6087323820590186, 'hidden_size': 27, 'dropout': 0.17506334830543485, 'hidden_continuous_size': 17, 'attention_head_size': 4, 'learning_rate': 0.09731894394608628}. Best is trial 35 with value: 0.08833497762680054.
LOCAL_RANK: 0 - CUDA_VISIBLE_DEVICES: [0]
[I 2023-11-29 20:16:44,132] Trial 44 finished with value: 0.2382896989583969 and parameters: {'gradient_clip_val': 0.44686628592015964, 'hidden_size': 43, 'dropout': 0.14471249406328432, 'hidden_continuous_size': 20, 'attention_head_size': 4, 'learning_rate': 0.0335735084888706}. Best is trial 35 with value: 0.08833497762680054.
LOCAL_RANK: 0 - CUDA_VISIBLE_DEVICES: [0]
[I 2023-11-29 20:16:57,238] Trial 45 finished with value: 0.23427994549274445 and parameters: {'gradient_clip_val': 0.3905957569499091, 'hidden_size': 33, 'dropout': 0.12515885457061657, 'hidden_continuous_size': 18, 'attention_head_size': 4, 'learning_rate': 0.07921935085599745}. Best is trial 35 with value: 0.08833497762680054.
LOCAL_RANK: 0 - CUDA_VISIBLE_DEVICES: [0]
[I 2023-11-29 20:17:11,094] Trial 46 finished with value: 0.23065394163131714 and parameters: {'gradient_clip_val': 0.51910991239126, 'hidden_size': 66, 'dropout': 0.16720484914889874, 'hidden_continuous_size': 23, 'attention_head_size': 3, 'learning_rate': 0.0492412363282018}. Best is trial 35 with value: 0.08833497762680054.
LOCAL_RANK: 0 - CUDA_VISIBLE_DEVICES: [0]
[I 2023-11-29 20:17:24,513] Trial 47 finished with value: 0.0842825397849083 and parameters: {'gradient_clip_val': 0.4997141498817887, 'hidden_size': 55, 'dropout': 0.1854320460928005, 'hidden_continuous_size': 22, 'attention_head_size': 4, 'learning_rate': 0.06006255953564568}. Best is trial 47 with value: 0.0842825397849083.
LOCAL_RANK: 0 - CUDA_VISIBLE_DEVICES: [0]
[I 2023-11-29 20:17:37,096] Trial 48 finished with value: 0.21025507152080536 and parameters: {'gradient_clip_val': 0.9824582825355856, 'hidden_size': 21, 'dropout': 0.22182243272752913, 'hidden_continuous_size': 13, 'attention_head_size': 4, 'learning_rate': 0.04092017810546795}. Best is trial 47 with value: 0.0842825397849083.
LOCAL_RANK: 0 - CUDA_VISIBLE_DEVICES: [0]
[I 2023-11-29 20:17:50,393] Trial 49 finished with value: 0.14610841870307922 and parameters: {'gradient_clip_val': 0.7753684021596766, 'hidden_size': 55, 'dropout': 0.2022625839072363, 'hidden_continuous_size': 22, 'attention_head_size': 3, 'learning_rate': 0.08201421778531147}. Best is trial 47 with value: 0.0842825397849083.
LOCAL_RANK: 0 - CUDA_VISIBLE_DEVICES: [0]
[I 2023-11-29 20:18:03,422] Trial 50 finished with value: 0.11573215574026108 and parameters: {'gradient_clip_val': 0.5018350429535451, 'hidden_size': 48, 'dropout': 0.18442272324946776, 'hidden_continuous_size': 23, 'attention_head_size': 2, 'learning_rate': 0.027619975293694733}. Best is trial 47 with value: 0.0842825397849083.
LOCAL_RANK: 0 - CUDA_VISIBLE_DEVICES: [0]
[I 2023-11-29 20:18:16,922] Trial 51 finished with value: 0.17075462639331818 and parameters: {'gradient_clip_val': 0.4464943210887362, 'hidden_size': 53, 'dropout': 0.1582063343714467, 'hidden_continuous_size': 20, 'attention_head_size': 4, 'learning_rate': 0.058806425067516564}. Best is trial 47 with value: 0.0842825397849083.
LOCAL_RANK: 0 - CUDA_VISIBLE_DEVICES: [0]
[I 2023-11-29 20:18:30,692] Trial 52 finished with value: 0.08443848043680191 and parameters: {'gradient_clip_val': 0.6127592256514633, 'hidden_size': 67, 'dropout': 0.17909760924794083, 'hidden_continuous_size': 26, 'attention_head_size': 4, 'learning_rate': 0.0509634998046888}. Best is trial 47 with value: 0.0842825397849083.
LOCAL_RANK: 0 - CUDA_VISIBLE_DEVICES: [0]
[I 2023-11-29 20:18:44,496] Trial 53 finished with value: 0.1016576811671257 and parameters: {'gradient_clip_val': 0.6743372577478133, 'hidden_size': 68, 'dropout': 0.18644904236203805, 'hidden_continuous_size': 27, 'attention_head_size': 4, 'learning_rate': 0.045317999895316784}. Best is trial 47 with value: 0.0842825397849083.
LOCAL_RANK: 0 - CUDA_VISIBLE_DEVICES: [0]
[I 2023-11-29 20:18:58,397] Trial 54 finished with value: 0.11545339971780777 and parameters: {'gradient_clip_val': 0.5901305179436585, 'hidden_size': 75, 'dropout': 0.18854803225179662, 'hidden_continuous_size': 28, 'attention_head_size': 4, 'learning_rate': 0.043722809995758984}. Best is trial 47 with value: 0.0842825397849083.
LOCAL_RANK: 0 - CUDA_VISIBLE_DEVICES: [0]
[I 2023-11-29 20:19:12,181] Trial 55 finished with value: 0.13715477287769318 and parameters: {'gradient_clip_val': 0.6687602030534182, 'hidden_size': 70, 'dropout': 0.20425184850067787, 'hidden_continuous_size': 29, 'attention_head_size': 4, 'learning_rate': 0.05066407919397865}. Best is trial 47 with value: 0.0842825397849083.
LOCAL_RANK: 0 - CUDA_VISIBLE_DEVICES: [0]
[I 2023-11-29 20:19:25,972] Trial 56 finished with value: 0.15333013236522675 and parameters: {'gradient_clip_val': 0.5163215619187013, 'hidden_size': 64, 'dropout': 0.17753570463039178, 'hidden_continuous_size': 25, 'attention_head_size': 4, 'learning_rate': 0.03464082183460154}. Best is trial 47 with value: 0.0842825397849083.
LOCAL_RANK: 0 - CUDA_VISIBLE_DEVICES: [0]
