[I 2023-11-29 22:56:33,589] Trial 149 finished with value: 0.12566997110843658 and parameters: {'gradient_clip_val': 0.30167926638123455, 'hidden_size': 78, 'dropout': 0.1742593385890736, 'hidden_continuous_size': 33, 'attention_head_size': 2, 'learning_rate': 0.043564456049222225}. Best is trial 101 with value: 0.06458743661642075.
[I 2023-11-29 22:56:33,700] A new study created in memory with name: no-name-015283ab-6fd9-4109-89b6-29b9b8032936
/home/le004/conda/anaconda3/envs/tsff_env/lib/python3.9/site-packages/lightning/fabric/plugins/environments/slurm.py:191: The `srun` command is available on your system but is not used. HINT: If your intention is to run Lightning on SLURM, prepend your python command with `srun` like so: srun python /home/le004/master_thesis/git/TSFusionForecast/code/ ...
LOCAL_RANK: 0 - CUDA_VISIBLE_DEVICES: [0]
[I 2023-11-29 22:56:46,867] Trial 0 finished with value: 0.6322245001792908 and parameters: {'gradient_clip_val': 0.49295215479489385, 'hidden_size': 57, 'dropout': 0.3026706195217814, 'hidden_continuous_size': 12, 'attention_head_size': 2, 'learning_rate': 0.002674328284621936}. Best is trial 0 with value: 0.6322245001792908.
LOCAL_RANK: 0 - CUDA_VISIBLE_DEVICES: [0]
[I 2023-11-29 22:56:59,215] Trial 1 finished with value: 1.8075388669967651 and parameters: {'gradient_clip_val': 0.2793559379830157, 'hidden_size': 20, 'dropout': 0.3918072837485148, 'hidden_continuous_size': 14, 'attention_head_size': 1, 'learning_rate': 0.0020614978897821132}. Best is trial 0 with value: 0.6322245001792908.
LOCAL_RANK: 0 - CUDA_VISIBLE_DEVICES: [0]
[I 2023-11-29 22:57:12,724] Trial 2 finished with value: 0.08887946605682373 and parameters: {'gradient_clip_val': 0.3349731595333084, 'hidden_size': 57, 'dropout': 0.3038605636327467, 'hidden_continuous_size': 45, 'attention_head_size': 2, 'learning_rate': 0.04558937033493594}. Best is trial 2 with value: 0.08887946605682373.
LOCAL_RANK: 0 - CUDA_VISIBLE_DEVICES: [0]
[I 2023-11-29 22:57:25,877] Trial 3 finished with value: 0.37214693427085876 and parameters: {'gradient_clip_val': 0.23921923016007074, 'hidden_size': 57, 'dropout': 0.2958854332418259, 'hidden_continuous_size': 19, 'attention_head_size': 2, 'learning_rate': 0.007346986522249053}. Best is trial 2 with value: 0.08887946605682373.
LOCAL_RANK: 0 - CUDA_VISIBLE_DEVICES: [0]
[I 2023-11-29 22:57:38,469] Trial 4 finished with value: 2.4208290576934814 and parameters: {'gradient_clip_val': 0.2962381603162935, 'hidden_size': 15, 'dropout': 0.3399942134043492, 'hidden_continuous_size': 12, 'attention_head_size': 4, 'learning_rate': 0.0022003216990533754}. Best is trial 2 with value: 0.08887946605682373.
LOCAL_RANK: 0 - CUDA_VISIBLE_DEVICES: [0]
[I 2023-11-29 22:57:48,903] Trial 5 finished with value: 3.136455535888672 and parameters: {'gradient_clip_val': 0.10290440378556635, 'hidden_size': 10, 'dropout': 0.2168275036514664, 'hidden_continuous_size': 10, 'attention_head_size': 2, 'learning_rate': 0.0010235917546307701}. Best is trial 2 with value: 0.08887946605682373.
LOCAL_RANK: 0 - CUDA_VISIBLE_DEVICES: [0]
[I 2023-11-29 22:58:03,125] Trial 6 finished with value: 0.24905680119991302 and parameters: {'gradient_clip_val': 0.12350655573866443, 'hidden_size': 137, 'dropout': 0.16332750423503947, 'hidden_continuous_size': 10, 'attention_head_size': 1, 'learning_rate': 0.05638722611029411}. Best is trial 2 with value: 0.08887946605682373.
LOCAL_RANK: 0 - CUDA_VISIBLE_DEVICES: [0]
[I 2023-11-29 22:58:15,752] Trial 7 finished with value: 0.46820199489593506 and parameters: {'gradient_clip_val': 0.17672672220230823, 'hidden_size': 23, 'dropout': 0.2598426651835571, 'hidden_continuous_size': 13, 'attention_head_size': 4, 'learning_rate': 0.008055306035548226}. Best is trial 2 with value: 0.08887946605682373.
LOCAL_RANK: 0 - CUDA_VISIBLE_DEVICES: [0]
[I 2023-11-29 22:58:26,374] Trial 8 finished with value: 1.4311474561691284 and parameters: {'gradient_clip_val': 0.2763886755774397, 'hidden_size': 17, 'dropout': 0.17517471987319688, 'hidden_continuous_size': 17, 'attention_head_size': 4, 'learning_rate': 0.006100610039501636}. Best is trial 2 with value: 0.08887946605682373.
LOCAL_RANK: 0 - CUDA_VISIBLE_DEVICES: [0]
[I 2023-11-29 22:58:39,131] Trial 9 finished with value: 0.5294817090034485 and parameters: {'gradient_clip_val': 0.5078354087721556, 'hidden_size': 37, 'dropout': 0.2519144944921335, 'hidden_continuous_size': 12, 'attention_head_size': 2, 'learning_rate': 0.005539979611109334}. Best is trial 2 with value: 0.08887946605682373.
LOCAL_RANK: 0 - CUDA_VISIBLE_DEVICES: [0]
[I 2023-11-29 22:58:53,821] Trial 10 finished with value: 0.18031756579875946 and parameters: {'gradient_clip_val': 0.7917150382487388, 'hidden_size': 127, 'dropout': 0.1002693721779854, 'hidden_continuous_size': 66, 'attention_head_size': 3, 'learning_rate': 0.037029491893365324}. Best is trial 2 with value: 0.08887946605682373.
LOCAL_RANK: 0 - CUDA_VISIBLE_DEVICES: [0]
[I 2023-11-29 22:59:08,607] Trial 11 finished with value: 0.20635850727558136 and parameters: {'gradient_clip_val': 0.9796068040719782, 'hidden_size': 132, 'dropout': 0.1027571179038444, 'hidden_continuous_size': 66, 'attention_head_size': 3, 'learning_rate': 0.041780379287733926}. Best is trial 2 with value: 0.08887946605682373.
LOCAL_RANK: 0 - CUDA_VISIBLE_DEVICES: [0]
[I 2023-11-29 22:59:22,852] Trial 12 finished with value: 0.2521956264972687 and parameters: {'gradient_clip_val': 0.5058050440754385, 'hidden_size': 86, 'dropout': 0.10501304657568915, 'hidden_continuous_size': 56, 'attention_head_size': 3, 'learning_rate': 0.026318735016536504}. Best is trial 2 with value: 0.08887946605682373.
LOCAL_RANK: 0 - CUDA_VISIBLE_DEVICES: [0]
[I 2023-11-29 22:59:37,150] Trial 13 finished with value: 0.1486044079065323 and parameters: {'gradient_clip_val': 0.9488972242635428, 'hidden_size': 97, 'dropout': 0.214290170477633, 'hidden_continuous_size': 44, 'attention_head_size': 3, 'learning_rate': 0.09895876426115777}. Best is trial 2 with value: 0.08887946605682373.
LOCAL_RANK: 0 - CUDA_VISIBLE_DEVICES: [0]
[I 2023-11-29 22:59:51,091] Trial 14 finished with value: 0.1698193997144699 and parameters: {'gradient_clip_val': 0.6338567374350946, 'hidden_size': 69, 'dropout': 0.21843949001575252, 'hidden_continuous_size': 39, 'attention_head_size': 3, 'learning_rate': 0.0992680071774205}. Best is trial 2 with value: 0.08887946605682373.
LOCAL_RANK: 0 - CUDA_VISIBLE_DEVICES: [0]
[I 2023-11-29 23:00:03,967] Trial 15 finished with value: 0.18075306713581085 and parameters: {'gradient_clip_val': 0.3794582371830243, 'hidden_size': 37, 'dropout': 0.303567878130101, 'hidden_continuous_size': 29, 'attention_head_size': 1, 'learning_rate': 0.016982027991311262}. Best is trial 2 with value: 0.08887946605682373.
LOCAL_RANK: 0 - CUDA_VISIBLE_DEVICES: [0]
[I 2023-11-29 23:00:18,679] Trial 16 finished with value: 0.17043741047382355 and parameters: {'gradient_clip_val': 0.7989144238845332, 'hidden_size': 93, 'dropout': 0.3520276146711379, 'hidden_continuous_size': 88, 'attention_head_size': 2, 'learning_rate': 0.08895452917837648}. Best is trial 2 with value: 0.08887946605682373.
LOCAL_RANK: 0 - CUDA_VISIBLE_DEVICES: [0]
[I 2023-11-29 23:00:32,087] Trial 17 finished with value: 0.1305212825536728 and parameters: {'gradient_clip_val': 0.3933356762549754, 'hidden_size': 49, 'dropout': 0.27047060388662963, 'hidden_continuous_size': 26, 'attention_head_size': 3, 'learning_rate': 0.019638432010181825}. Best is trial 2 with value: 0.08887946605682373.
LOCAL_RANK: 0 - CUDA_VISIBLE_DEVICES: [0]
[I 2023-11-29 23:00:45,306] Trial 18 finished with value: 0.1437087059020996 and parameters: {'gradient_clip_val': 0.4049288986937197, 'hidden_size': 46, 'dropout': 0.2905398867768778, 'hidden_continuous_size': 25, 'attention_head_size': 3, 'learning_rate': 0.01788777777448388}. Best is trial 2 with value: 0.08887946605682373.
LOCAL_RANK: 0 - CUDA_VISIBLE_DEVICES: [0]
[I 2023-11-29 23:00:58,192] Trial 19 finished with value: 0.5223003625869751 and parameters: {'gradient_clip_val': 0.35090920200126924, 'hidden_size': 30, 'dropout': 0.336845348832917, 'hidden_continuous_size': 20, 'attention_head_size': 2, 'learning_rate': 0.013477870472396064}. Best is trial 2 with value: 0.08887946605682373.
LOCAL_RANK: 0 - CUDA_VISIBLE_DEVICES: [0]
[I 2023-11-29 23:01:11,615] Trial 20 finished with value: 0.2631087005138397 and parameters: {'gradient_clip_val': 0.21983963525681463, 'hidden_size': 47, 'dropout': 0.27391900158843996, 'hidden_continuous_size': 24, 'attention_head_size': 4, 'learning_rate': 0.029597937704056835}. Best is trial 2 with value: 0.08887946605682373.
LOCAL_RANK: 0 - CUDA_VISIBLE_DEVICES: [0]
[I 2023-11-29 23:01:24,829] Trial 21 finished with value: 0.144338458776474 and parameters: {'gradient_clip_val': 0.3942690694587958, 'hidden_size': 48, 'dropout': 0.30476024488532805, 'hidden_continuous_size': 25, 'attention_head_size': 3, 'learning_rate': 0.0209179329877847}. Best is trial 2 with value: 0.08887946605682373.
LOCAL_RANK: 0 - CUDA_VISIBLE_DEVICES: [0]
[I 2023-11-29 23:01:37,639] Trial 22 finished with value: 0.2895338833332062 and parameters: {'gradient_clip_val': 0.41228450294607255, 'hidden_size': 29, 'dropout': 0.27923664670928106, 'hidden_continuous_size': 16, 'attention_head_size': 3, 'learning_rate': 0.01664960625477697}. Best is trial 2 with value: 0.08887946605682373.
LOCAL_RANK: 0 - CUDA_VISIBLE_DEVICES: [0]
[I 2023-11-29 23:01:51,410] Trial 23 finished with value: 0.3150161802768707 and parameters: {'gradient_clip_val': 0.33780311912430727, 'hidden_size': 67, 'dropout': 0.24320218255629808, 'hidden_continuous_size': 31, 'attention_head_size': 3, 'learning_rate': 0.012518068099531696}. Best is trial 2 with value: 0.08887946605682373.
LOCAL_RANK: 0 - CUDA_VISIBLE_DEVICES: [0]
[I 2023-11-29 23:02:04,473] Trial 24 finished with value: 0.12274262309074402 and parameters: {'gradient_clip_val': 0.44010804797667125, 'hidden_size': 46, 'dropout': 0.3254898562413892, 'hidden_continuous_size': 23, 'attention_head_size': 2, 'learning_rate': 0.05182592651419446}. Best is trial 2 with value: 0.08887946605682373.
LOCAL_RANK: 0 - CUDA_VISIBLE_DEVICES: [0]
[I 2023-11-29 23:02:17,674] Trial 25 finished with value: 0.10796795040369034 and parameters: {'gradient_clip_val': 0.4571311079441915, 'hidden_size': 41, 'dropout': 0.3229212503985708, 'hidden_continuous_size': 21, 'attention_head_size': 2, 'learning_rate': 0.05316996135036023}. Best is trial 2 with value: 0.08887946605682373.
LOCAL_RANK: 0 - CUDA_VISIBLE_DEVICES: [0]
[I 2023-11-29 23:02:30,693] Trial 26 finished with value: 0.15908704698085785 and parameters: {'gradient_clip_val': 0.571363866965058, 'hidden_size': 37, 'dropout': 0.3173634670749484, 'hidden_continuous_size': 21, 'attention_head_size': 1, 'learning_rate': 0.05424831801582812}. Best is trial 2 with value: 0.08887946605682373.
LOCAL_RANK: 0 - CUDA_VISIBLE_DEVICES: [0]
[I 2023-11-29 23:02:43,291] Trial 27 finished with value: 0.10659123212099075 and parameters: {'gradient_clip_val': 0.4547912124991831, 'hidden_size': 32, 'dropout': 0.3579069676649406, 'hidden_continuous_size': 21, 'attention_head_size': 2, 'learning_rate': 0.06370097938270222}. Best is trial 2 with value: 0.08887946605682373.
LOCAL_RANK: 0 - CUDA_VISIBLE_DEVICES: [0]
[I 2023-11-29 23:02:55,916] Trial 28 finished with value: 0.099681057035923 and parameters: {'gradient_clip_val': 0.318221683451392, 'hidden_size': 26, 'dropout': 0.3637775091294286, 'hidden_continuous_size': 18, 'attention_head_size': 2, 'learning_rate': 0.06771867006490062}. Best is trial 2 with value: 0.08887946605682373.
LOCAL_RANK: 0 - CUDA_VISIBLE_DEVICES: [0]
[I 2023-11-29 23:03:08,635] Trial 29 finished with value: 0.1372586041688919 and parameters: {'gradient_clip_val': 0.32917442582723755, 'hidden_size': 30, 'dropout': 0.366965201808676, 'hidden_continuous_size': 18, 'attention_head_size': 1, 'learning_rate': 0.07785905705861175}. Best is trial 2 with value: 0.08887946605682373.
LOCAL_RANK: 0 - CUDA_VISIBLE_DEVICES: [0]
[I 2023-11-29 23:03:21,131] Trial 30 finished with value: 0.12677280604839325 and parameters: {'gradient_clip_val': 0.30201925345159564, 'hidden_size': 25, 'dropout': 0.36794055680107507, 'hidden_continuous_size': 15, 'attention_head_size': 2, 'learning_rate': 0.06573462990942215}. Best is trial 2 with value: 0.08887946605682373.
LOCAL_RANK: 0 - CUDA_VISIBLE_DEVICES: [0]
[I 2023-11-29 23:03:34,238] Trial 31 finished with value: 0.22418348491191864 and parameters: {'gradient_clip_val': 0.5216622355930336, 'hidden_size': 34, 'dropout': 0.39232173567675366, 'hidden_continuous_size': 18, 'attention_head_size': 2, 'learning_rate': 0.040411880488750856}. Best is trial 2 with value: 0.08887946605682373.
LOCAL_RANK: 0 - CUDA_VISIBLE_DEVICES: [0]
[I 2023-11-29 23:03:47,151] Trial 32 finished with value: 0.20206518471240997 and parameters: {'gradient_clip_val': 0.4402961051803849, 'hidden_size': 40, 'dropout': 0.36391143842386786, 'hidden_continuous_size': 20, 'attention_head_size': 2, 'learning_rate': 0.06828896657687632}. Best is trial 2 with value: 0.08887946605682373.
LOCAL_RANK: 0 - CUDA_VISIBLE_DEVICES: [0]
[I 2023-11-29 23:04:00,648] Trial 33 finished with value: 0.0956028401851654 and parameters: {'gradient_clip_val': 0.4584366492956073, 'hidden_size': 58, 'dropout': 0.38143762973631257, 'hidden_continuous_size': 22, 'attention_head_size': 2, 'learning_rate': 0.06899231931070733}. Best is trial 2 with value: 0.08887946605682373.
LOCAL_RANK: 0 - CUDA_VISIBLE_DEVICES: [0]
[I 2023-11-29 23:04:13,727] Trial 34 finished with value: 0.14629866182804108 and parameters: {'gradient_clip_val': 0.25857658335651024, 'hidden_size': 58, 'dropout': 0.3983858697573329, 'hidden_continuous_size': 16, 'attention_head_size': 1, 'learning_rate': 0.07274406434402936}. Best is trial 2 with value: 0.08887946605682373.
LOCAL_RANK: 0 - CUDA_VISIBLE_DEVICES: [0]
[I 2023-11-29 23:04:26,242] Trial 35 finished with value: 0.20643776655197144 and parameters: {'gradient_clip_val': 0.34278054445134704, 'hidden_size': 23, 'dropout': 0.38130669955087754, 'hidden_continuous_size': 14, 'attention_head_size': 2, 'learning_rate': 0.03740397564170498}. Best is trial 2 with value: 0.08887946605682373.
LOCAL_RANK: 0 - CUDA_VISIBLE_DEVICES: [0]
[I 2023-11-29 23:04:39,624] Trial 36 finished with value: 0.08278010785579681 and parameters: {'gradient_clip_val': 0.30228151662565655, 'hidden_size': 58, 'dropout': 0.34558355290173204, 'hidden_continuous_size': 19, 'attention_head_size': 2, 'learning_rate': 0.07508976544141235}. Best is trial 36 with value: 0.08278010785579681.
LOCAL_RANK: 0 - CUDA_VISIBLE_DEVICES: [0]
[I 2023-11-29 23:04:52,645] Trial 37 finished with value: 0.12479013949632645 and parameters: {'gradient_clip_val': 0.29652427764679057, 'hidden_size': 58, 'dropout': 0.34595346294739066, 'hidden_continuous_size': 18, 'attention_head_size': 1, 'learning_rate': 0.08365292961300713}. Best is trial 36 with value: 0.08278010785579681.
LOCAL_RANK: 0 - CUDA_VISIBLE_DEVICES: [0]
[I 2023-11-29 23:05:06,078] Trial 38 finished with value: 0.14334692060947418 and parameters: {'gradient_clip_val': 0.23162091014904712, 'hidden_size': 67, 'dropout': 0.37918186602170084, 'hidden_continuous_size': 14, 'attention_head_size': 2, 'learning_rate': 0.050614137441155706}. Best is trial 36 with value: 0.08278010785579681.
LOCAL_RANK: 0 - CUDA_VISIBLE_DEVICES: [0]
[I 2023-11-29 23:05:19,266] Trial 39 finished with value: 0.13154025375843048 and parameters: {'gradient_clip_val': 0.25674537718460516, 'hidden_size': 54, 'dropout': 0.33666997462160797, 'hidden_continuous_size': 22, 'attention_head_size': 2, 'learning_rate': 0.0295711937622251}. Best is trial 36 with value: 0.08278010785579681.
LOCAL_RANK: 0 - CUDA_VISIBLE_DEVICES: [0]
[I 2023-11-29 23:05:32,914] Trial 40 finished with value: 0.11381272226572037 and parameters: {'gradient_clip_val': 0.2921104006888277, 'hidden_size': 78, 'dropout': 0.3791223937424056, 'hidden_continuous_size': 30, 'attention_head_size': 1, 'learning_rate': 0.07619059190536483}. Best is trial 36 with value: 0.08278010785579681.
LOCAL_RANK: 0 - CUDA_VISIBLE_DEVICES: [0]
[I 2023-11-29 23:05:46,526] Trial 41 finished with value: 0.10339304059743881 and parameters: {'gradient_clip_val': 0.36098867462539214, 'hidden_size': 57, 'dropout': 0.3607014601609075, 'hidden_continuous_size': 22, 'attention_head_size': 2, 'learning_rate': 0.06326592170856973}. Best is trial 36 with value: 0.08278010785579681.
LOCAL_RANK: 0 - CUDA_VISIBLE_DEVICES: [0]
[I 2023-11-29 23:05:59,670] Trial 42 finished with value: 0.1854928582906723 and parameters: {'gradient_clip_val': 0.34602766082965924, 'hidden_size': 58, 'dropout': 0.35014854157656505, 'hidden_continuous_size': 19, 'attention_head_size': 2, 'learning_rate': 0.04558109042856164}. Best is trial 36 with value: 0.08278010785579681.
LOCAL_RANK: 0 - CUDA_VISIBLE_DEVICES: [0]
[I 2023-11-29 23:06:12,913] Trial 43 finished with value: 0.21647512912750244 and parameters: {'gradient_clip_val': 0.30595925010179625, 'hidden_size': 53, 'dropout': 0.33739324109158786, 'hidden_continuous_size': 22, 'attention_head_size': 2, 'learning_rate': 0.0621662096782565}. Best is trial 36 with value: 0.08278010785579681.
LOCAL_RANK: 0 - CUDA_VISIBLE_DEVICES: [0]
[I 2023-11-29 23:06:25,993] Trial 44 finished with value: 0.11348047107458115 and parameters: {'gradient_clip_val': 0.367765354385357, 'hidden_size': 42, 'dropout': 0.378094459654973, 'hidden_continuous_size': 19, 'attention_head_size': 2, 'learning_rate': 0.04594682082050291}. Best is trial 36 with value: 0.08278010785579681.
LOCAL_RANK: 0 - CUDA_VISIBLE_DEVICES: [0]
[I 2023-11-29 23:06:39,371] Trial 45 finished with value: 0.1878989189863205 and parameters: {'gradient_clip_val': 0.27837656311174586, 'hidden_size': 62, 'dropout': 0.3583506242056532, 'hidden_continuous_size': 17, 'attention_head_size': 2, 'learning_rate': 0.09727906023340913}. Best is trial 36 with value: 0.08278010785579681.
LOCAL_RANK: 0 - CUDA_VISIBLE_DEVICES: [0]
[I 2023-11-29 23:06:53,317] Trial 46 finished with value: 0.21966533362865448 and parameters: {'gradient_clip_val': 0.3179083786125423, 'hidden_size': 77, 'dropout': 0.32279176692905986, 'hidden_continuous_size': 27, 'attention_head_size': 2, 'learning_rate': 0.034453240569158085}. Best is trial 36 with value: 0.08278010785579681.
LOCAL_RANK: 0 - CUDA_VISIBLE_DEVICES: [0]
[I 2023-11-29 23:07:06,422] Trial 47 finished with value: 0.1126088798046112 and parameters: {'gradient_clip_val': 0.1954535001297997, 'hidden_size': 52, 'dropout': 0.3995132625111057, 'hidden_continuous_size': 23, 'attention_head_size': 2, 'learning_rate': 0.062267996065697204}. Best is trial 36 with value: 0.08278010785579681.
LOCAL_RANK: 0 - CUDA_VISIBLE_DEVICES: [0]
[I 2023-11-29 23:07:20,518] Trial 48 finished with value: 0.1415189653635025 and parameters: {'gradient_clip_val': 0.26905544224384315, 'hidden_size': 109, 'dropout': 0.3673195257085547, 'hidden_continuous_size': 34, 'attention_head_size': 2, 'learning_rate': 0.07510740885610126}. Best is trial 36 with value: 0.08278010785579681.
LOCAL_RANK: 0 - CUDA_VISIBLE_DEVICES: [0]
[I 2023-11-29 23:07:34,099] Trial 49 finished with value: 0.1017669215798378 and parameters: {'gradient_clip_val': 0.36033367075547196, 'hidden_size': 75, 'dropout': 0.3435635997230949, 'hidden_continuous_size': 27, 'attention_head_size': 1, 'learning_rate': 0.044886362779815156}. Best is trial 36 with value: 0.08278010785579681.
LOCAL_RANK: 0 - CUDA_VISIBLE_DEVICES: [0]
[I 2023-11-29 23:07:47,716] Trial 50 finished with value: 0.10694265365600586 and parameters: {'gradient_clip_val': 0.319970983577321, 'hidden_size': 85, 'dropout': 0.3449239160262705, 'hidden_continuous_size': 28, 'attention_head_size': 1, 'learning_rate': 0.046920714041915626}. Best is trial 36 with value: 0.08278010785579681.
LOCAL_RANK: 0 - CUDA_VISIBLE_DEVICES: [0]
[I 2023-11-29 23:08:01,515] Trial 51 finished with value: 0.16430403292179108 and parameters: {'gradient_clip_val': 0.3610038248803732, 'hidden_size': 71, 'dropout': 0.3855381374953914, 'hidden_continuous_size': 24, 'attention_head_size': 1, 'learning_rate': 0.05763556142984494}. Best is trial 36 with value: 0.08278010785579681.
LOCAL_RANK: 0 - CUDA_VISIBLE_DEVICES: [0]
[I 2023-11-29 23:08:15,137] Trial 52 finished with value: 0.1099352240562439 and parameters: {'gradient_clip_val': 0.37064114614320476, 'hidden_size': 65, 'dropout': 0.3547218721236263, 'hidden_continuous_size': 26, 'attention_head_size': 2, 'learning_rate': 0.08516138942294994}. Best is trial 36 with value: 0.08278010785579681.
LOCAL_RANK: 0 - CUDA_VISIBLE_DEVICES: [0]
[I 2023-11-29 23:08:28,541] Trial 53 finished with value: 0.15237866342067719 and parameters: {'gradient_clip_val': 0.41476689310499404, 'hidden_size': 62, 'dropout': 0.3334196257815393, 'hidden_continuous_size': 32, 'attention_head_size': 1, 'learning_rate': 0.040021317174133986}. Best is trial 36 with value: 0.08278010785579681.
LOCAL_RANK: 0 - CUDA_VISIBLE_DEVICES: [0]
[I 2023-11-29 23:08:41,975] Trial 54 finished with value: 0.07371172308921814 and parameters: {'gradient_clip_val': 0.3843190075123164, 'hidden_size': 53, 'dropout': 0.3093210943637196, 'hidden_continuous_size': 28, 'attention_head_size': 2, 'learning_rate': 0.03374129871620937}. Best is trial 54 with value: 0.07371172308921814.
LOCAL_RANK: 0 - CUDA_VISIBLE_DEVICES: [0]
[I 2023-11-29 23:08:55,766] Trial 55 finished with value: 0.11862937361001968 and parameters: {'gradient_clip_val': 0.4870824954718979, 'hidden_size': 74, 'dropout': 0.3133915870231153, 'hidden_continuous_size': 36, 'attention_head_size': 2, 'learning_rate': 0.033944084284023616}. Best is trial 54 with value: 0.07371172308921814.
LOCAL_RANK: 0 - CUDA_VISIBLE_DEVICES: [0]
