[I 2023-11-30 11:41:59,332] Trial 102 finished with value: 0.1624235361814499 and parameters: {'gradient_clip_val': 0.14752889739775552, 'hidden_size': 39, 'dropout': 0.14159797357153003, 'hidden_continuous_size': 33, 'attention_head_size': 4, 'learning_rate': 0.07256386066677203}. Best is trial 64 with value: 0.08427842706441879.
LOCAL_RANK: 0 - CUDA_VISIBLE_DEVICES: [0]
[I 2023-11-30 11:42:12,230] Trial 103 finished with value: 0.12457192689180374 and parameters: {'gradient_clip_val': 0.17195050265166872, 'hidden_size': 36, 'dropout': 0.13228236698010604, 'hidden_continuous_size': 31, 'attention_head_size': 4, 'learning_rate': 0.056490439379516956}. Best is trial 64 with value: 0.08427842706441879.
LOCAL_RANK: 0 - CUDA_VISIBLE_DEVICES: [0]
[I 2023-11-30 11:42:25,380] Trial 104 finished with value: 0.109747976064682 and parameters: {'gradient_clip_val': 0.15800338327856203, 'hidden_size': 34, 'dropout': 0.15389971025895338, 'hidden_continuous_size': 30, 'attention_head_size': 4, 'learning_rate': 0.09268912234148043}. Best is trial 64 with value: 0.08427842706441879.
LOCAL_RANK: 0 - CUDA_VISIBLE_DEVICES: [0]
[I 2023-11-30 11:42:38,667] Trial 105 finished with value: 0.1751905232667923 and parameters: {'gradient_clip_val': 0.15720504742895083, 'hidden_size': 34, 'dropout': 0.1521719766314022, 'hidden_continuous_size': 30, 'attention_head_size': 4, 'learning_rate': 0.08957523501282622}. Best is trial 64 with value: 0.08427842706441879.
LOCAL_RANK: 0 - CUDA_VISIBLE_DEVICES: [0]
[I 2023-11-30 11:42:51,944] Trial 106 finished with value: 0.2741774320602417 and parameters: {'gradient_clip_val': 0.1413602089956236, 'hidden_size': 30, 'dropout': 0.16026443052638886, 'hidden_continuous_size': 28, 'attention_head_size': 4, 'learning_rate': 0.06346277847399011}. Best is trial 64 with value: 0.08427842706441879.
LOCAL_RANK: 0 - CUDA_VISIBLE_DEVICES: [0]
[I 2023-11-30 11:43:05,112] Trial 107 finished with value: 0.2877937853336334 and parameters: {'gradient_clip_val': 0.15002758240575464, 'hidden_size': 44, 'dropout': 0.15406117189567708, 'hidden_continuous_size': 27, 'attention_head_size': 4, 'learning_rate': 0.0979601685438254}. Best is trial 64 with value: 0.08427842706441879.
LOCAL_RANK: 0 - CUDA_VISIBLE_DEVICES: [0]
[I 2023-11-30 11:43:18,097] Trial 108 finished with value: 0.18547679483890533 and parameters: {'gradient_clip_val': 0.17602616501920054, 'hidden_size': 33, 'dropout': 0.13675925521782994, 'hidden_continuous_size': 30, 'attention_head_size': 4, 'learning_rate': 0.074855074766416}. Best is trial 64 with value: 0.08427842706441879.
LOCAL_RANK: 0 - CUDA_VISIBLE_DEVICES: [0]
[I 2023-11-30 11:43:31,461] Trial 109 finished with value: 0.23370201885700226 and parameters: {'gradient_clip_val': 0.13704132058271515, 'hidden_size': 41, 'dropout': 0.14445433947111258, 'hidden_continuous_size': 34, 'attention_head_size': 4, 'learning_rate': 0.053544679426078955}. Best is trial 64 with value: 0.08427842706441879.
LOCAL_RANK: 0 - CUDA_VISIBLE_DEVICES: [0]
[I 2023-11-30 11:43:44,812] Trial 110 finished with value: 0.38708245754241943 and parameters: {'gradient_clip_val': 0.16056657941489258, 'hidden_size': 43, 'dropout': 0.11639792667646942, 'hidden_continuous_size': 26, 'attention_head_size': 4, 'learning_rate': 0.08499824437357134}. Best is trial 64 with value: 0.08427842706441879.
LOCAL_RANK: 0 - CUDA_VISIBLE_DEVICES: [0]
[I 2023-11-30 11:43:58,390] Trial 111 finished with value: 0.255229651927948 and parameters: {'gradient_clip_val': 0.16865493995723632, 'hidden_size': 38, 'dropout': 0.10855246080333011, 'hidden_continuous_size': 29, 'attention_head_size': 4, 'learning_rate': 0.08081383217070465}. Best is trial 64 with value: 0.08427842706441879.
LOCAL_RANK: 0 - CUDA_VISIBLE_DEVICES: [0]
[I 2023-11-30 11:44:11,512] Trial 112 finished with value: 0.36375725269317627 and parameters: {'gradient_clip_val': 0.18713950066523047, 'hidden_size': 35, 'dropout': 0.12741334102989976, 'hidden_continuous_size': 31, 'attention_head_size': 4, 'learning_rate': 0.06575356252370992}. Best is trial 64 with value: 0.08427842706441879.
LOCAL_RANK: 0 - CUDA_VISIBLE_DEVICES: [0]
[I 2023-11-30 11:44:24,628] Trial 113 finished with value: 0.23934023082256317 and parameters: {'gradient_clip_val': 0.15383596791405588, 'hidden_size': 40, 'dropout': 0.10453530274297482, 'hidden_continuous_size': 33, 'attention_head_size': 4, 'learning_rate': 0.059064777424775776}. Best is trial 64 with value: 0.08427842706441879.
LOCAL_RANK: 0 - CUDA_VISIBLE_DEVICES: [0]
[I 2023-11-30 11:44:38,227] Trial 114 finished with value: 0.3528556525707245 and parameters: {'gradient_clip_val': 0.20661850598331982, 'hidden_size': 47, 'dropout': 0.11296549792258975, 'hidden_continuous_size': 33, 'attention_head_size': 4, 'learning_rate': 0.09061137319299249}. Best is trial 64 with value: 0.08427842706441879.
LOCAL_RANK: 0 - CUDA_VISIBLE_DEVICES: [0]
[I 2023-11-30 11:44:51,528] Trial 115 finished with value: 0.23656153678894043 and parameters: {'gradient_clip_val': 0.1780557955990485, 'hidden_size': 37, 'dropout': 0.10032944992814256, 'hidden_continuous_size': 32, 'attention_head_size': 4, 'learning_rate': 0.07042164188485354}. Best is trial 64 with value: 0.08427842706441879.
LOCAL_RANK: 0 - CUDA_VISIBLE_DEVICES: [0]
[I 2023-11-30 11:45:04,809] Trial 116 finished with value: 0.10991574078798294 and parameters: {'gradient_clip_val': 0.16346925638875368, 'hidden_size': 31, 'dropout': 0.12089430202093632, 'hidden_continuous_size': 29, 'attention_head_size': 4, 'learning_rate': 0.07740302464217132}. Best is trial 64 with value: 0.08427842706441879.
LOCAL_RANK: 0 - CUDA_VISIBLE_DEVICES: [0]
[I 2023-11-30 11:45:17,987] Trial 117 finished with value: 0.164340540766716 and parameters: {'gradient_clip_val': 0.12794693469060667, 'hidden_size': 30, 'dropout': 0.12303042012157527, 'hidden_continuous_size': 28, 'attention_head_size': 4, 'learning_rate': 0.07633402989977534}. Best is trial 64 with value: 0.08427842706441879.
LOCAL_RANK: 0 - CUDA_VISIBLE_DEVICES: [0]
[I 2023-11-30 11:45:30,921] Trial 118 finished with value: 0.1649099737405777 and parameters: {'gradient_clip_val': 0.14676964307058268, 'hidden_size': 32, 'dropout': 0.13663136228522188, 'hidden_continuous_size': 29, 'attention_head_size': 4, 'learning_rate': 0.05503083176366976}. Best is trial 64 with value: 0.08427842706441879.
LOCAL_RANK: 0 - CUDA_VISIBLE_DEVICES: [0]
[I 2023-11-30 11:45:44,044] Trial 119 finished with value: 0.2630147635936737 and parameters: {'gradient_clip_val': 0.1603093208531613, 'hidden_size': 35, 'dropout': 0.13024147406844933, 'hidden_continuous_size': 30, 'attention_head_size': 4, 'learning_rate': 0.06145092407040302}. Best is trial 64 with value: 0.08427842706441879.
LOCAL_RANK: 0 - CUDA_VISIBLE_DEVICES: [0]
[I 2023-11-30 11:45:57,334] Trial 120 finished with value: 0.13446654379367828 and parameters: {'gradient_clip_val': 0.16859731826618202, 'hidden_size': 52, 'dropout': 0.14818322796585692, 'hidden_continuous_size': 25, 'attention_head_size': 4, 'learning_rate': 0.04165617465566596}. Best is trial 64 with value: 0.08427842706441879.
LOCAL_RANK: 0 - CUDA_VISIBLE_DEVICES: [0]
[I 2023-11-30 11:46:10,749] Trial 121 finished with value: 0.2554790675640106 and parameters: {'gradient_clip_val': 0.19732083284006258, 'hidden_size': 39, 'dropout': 0.11663098249978113, 'hidden_continuous_size': 30, 'attention_head_size': 4, 'learning_rate': 0.09970579762318489}. Best is trial 64 with value: 0.08427842706441879.
LOCAL_RANK: 0 - CUDA_VISIBLE_DEVICES: [0]
[I 2023-11-30 11:46:24,085] Trial 122 finished with value: 0.23379258811473846 and parameters: {'gradient_clip_val': 0.18029407717761337, 'hidden_size': 44, 'dropout': 0.10611946670227525, 'hidden_continuous_size': 32, 'attention_head_size': 4, 'learning_rate': 0.07976358537239454}. Best is trial 64 with value: 0.08427842706441879.
LOCAL_RANK: 0 - CUDA_VISIBLE_DEVICES: [0]
[I 2023-11-30 11:46:37,407] Trial 123 finished with value: 0.14002373814582825 and parameters: {'gradient_clip_val': 0.16539074704859752, 'hidden_size': 42, 'dropout': 0.12045490124603622, 'hidden_continuous_size': 31, 'attention_head_size': 4, 'learning_rate': 0.06989902678928145}. Best is trial 64 with value: 0.08427842706441879.
LOCAL_RANK: 0 - CUDA_VISIBLE_DEVICES: [0]
[I 2023-11-30 11:46:50,271] Trial 124 finished with value: 0.10571368783712387 and parameters: {'gradient_clip_val': 0.18596169166607282, 'hidden_size': 28, 'dropout': 0.11510706207948312, 'hidden_continuous_size': 27, 'attention_head_size': 4, 'learning_rate': 0.08773811457864449}. Best is trial 64 with value: 0.08427842706441879.
LOCAL_RANK: 0 - CUDA_VISIBLE_DEVICES: [0]
[I 2023-11-30 11:47:03,362] Trial 125 finished with value: 0.32478174567222595 and parameters: {'gradient_clip_val': 0.13635550201053312, 'hidden_size': 29, 'dropout': 0.12747763577451884, 'hidden_continuous_size': 27, 'attention_head_size': 4, 'learning_rate': 0.08776334734050967}. Best is trial 64 with value: 0.08427842706441879.
LOCAL_RANK: 0 - CUDA_VISIBLE_DEVICES: [0]
[I 2023-11-30 11:47:16,656] Trial 126 finished with value: 0.2351398468017578 and parameters: {'gradient_clip_val': 0.15477417080403047, 'hidden_size': 31, 'dropout': 0.11247222594142652, 'hidden_continuous_size': 29, 'attention_head_size': 4, 'learning_rate': 0.04930597240877259}. Best is trial 64 with value: 0.08427842706441879.
LOCAL_RANK: 0 - CUDA_VISIBLE_DEVICES: [0]
[I 2023-11-30 11:47:29,689] Trial 127 finished with value: 0.11598353832960129 and parameters: {'gradient_clip_val': 0.1840637540821991, 'hidden_size': 27, 'dropout': 0.14057880337514775, 'hidden_continuous_size': 26, 'attention_head_size': 4, 'learning_rate': 0.06534617824302241}. Best is trial 64 with value: 0.08427842706441879.
LOCAL_RANK: 0 - CUDA_VISIBLE_DEVICES: [0]
[I 2023-11-30 11:47:42,833] Trial 128 finished with value: 0.12485628575086594 and parameters: {'gradient_clip_val': 0.14188138415415877, 'hidden_size': 34, 'dropout': 0.1650180533725293, 'hidden_continuous_size': 28, 'attention_head_size': 4, 'learning_rate': 0.09245689931698481}. Best is trial 64 with value: 0.08427842706441879.
LOCAL_RANK: 0 - CUDA_VISIBLE_DEVICES: [0]
[I 2023-11-30 11:47:53,585] Trial 129 finished with value: 0.14355024695396423 and parameters: {'gradient_clip_val': 0.21864184232628087, 'hidden_size': 25, 'dropout': 0.13470032374156912, 'hidden_continuous_size': 25, 'attention_head_size': 4, 'learning_rate': 0.07306815554772077}. Best is trial 64 with value: 0.08427842706441879.
LOCAL_RANK: 0 - CUDA_VISIBLE_DEVICES: [0]
[I 2023-11-30 11:48:06,451] Trial 130 finished with value: 0.09648718684911728 and parameters: {'gradient_clip_val': 0.17175673888387044, 'hidden_size': 37, 'dropout': 0.15761367965556997, 'hidden_continuous_size': 29, 'attention_head_size': 1, 'learning_rate': 0.08599937848624184}. Best is trial 64 with value: 0.08427842706441879.
LOCAL_RANK: 0 - CUDA_VISIBLE_DEVICES: [0]
[I 2023-11-30 11:48:19,426] Trial 131 finished with value: 0.1998998373746872 and parameters: {'gradient_clip_val': 0.1715812779666636, 'hidden_size': 37, 'dropout': 0.15752966341407026, 'hidden_continuous_size': 29, 'attention_head_size': 1, 'learning_rate': 0.08229437730800465}. Best is trial 64 with value: 0.08427842706441879.
LOCAL_RANK: 0 - CUDA_VISIBLE_DEVICES: [0]
[I 2023-11-30 11:48:32,527] Trial 132 finished with value: 0.11233390122652054 and parameters: {'gradient_clip_val': 0.16128300899982614, 'hidden_size': 46, 'dropout': 0.1732337846472341, 'hidden_continuous_size': 27, 'attention_head_size': 1, 'learning_rate': 0.08323538209101701}. Best is trial 64 with value: 0.08427842706441879.
LOCAL_RANK: 0 - CUDA_VISIBLE_DEVICES: [0]
[I 2023-11-30 11:48:45,454] Trial 133 finished with value: 0.15398448705673218 and parameters: {'gradient_clip_val': 0.18909350722302498, 'hidden_size': 33, 'dropout': 0.12143866590958315, 'hidden_continuous_size': 28, 'attention_head_size': 2, 'learning_rate': 0.0996665876055575}. Best is trial 64 with value: 0.08427842706441879.
LOCAL_RANK: 0 - CUDA_VISIBLE_DEVICES: [0]
[I 2023-11-30 11:48:58,504] Trial 134 finished with value: 0.20809762179851532 and parameters: {'gradient_clip_val': 0.17384155157205136, 'hidden_size': 35, 'dropout': 0.1462125858135963, 'hidden_continuous_size': 30, 'attention_head_size': 2, 'learning_rate': 0.06173407638365222}. Best is trial 64 with value: 0.08427842706441879.
LOCAL_RANK: 0 - CUDA_VISIBLE_DEVICES: [0]
[I 2023-11-30 11:49:11,551] Trial 135 finished with value: 0.1735900193452835 and parameters: {'gradient_clip_val': 0.1489563276309776, 'hidden_size': 41, 'dropout': 0.16218696038902866, 'hidden_continuous_size': 31, 'attention_head_size': 1, 'learning_rate': 0.07057324630322842}. Best is trial 64 with value: 0.08427842706441879.
LOCAL_RANK: 0 - CUDA_VISIBLE_DEVICES: [0]
[I 2023-11-30 11:49:24,695] Trial 136 finished with value: 0.208077535033226 and parameters: {'gradient_clip_val': 0.15523123365392794, 'hidden_size': 37, 'dropout': 0.11399109906550439, 'hidden_continuous_size': 29, 'attention_head_size': 4, 'learning_rate': 0.07531350806637475}. Best is trial 64 with value: 0.08427842706441879.
LOCAL_RANK: 0 - CUDA_VISIBLE_DEVICES: [0]
[I 2023-11-30 11:49:37,838] Trial 137 finished with value: 0.1963333636522293 and parameters: {'gradient_clip_val': 0.1649048509979612, 'hidden_size': 31, 'dropout': 0.129267135817426, 'hidden_continuous_size': 28, 'attention_head_size': 4, 'learning_rate': 0.0889497165778323}. Best is trial 64 with value: 0.08427842706441879.
LOCAL_RANK: 0 - CUDA_VISIBLE_DEVICES: [0]
[I 2023-11-30 11:49:51,280] Trial 138 finished with value: 0.18616528809070587 and parameters: {'gradient_clip_val': 0.17987212718848578, 'hidden_size': 50, 'dropout': 0.15419922315703333, 'hidden_continuous_size': 24, 'attention_head_size': 4, 'learning_rate': 0.05568180173711826}. Best is trial 64 with value: 0.08427842706441879.
LOCAL_RANK: 0 - CUDA_VISIBLE_DEVICES: [0]
[I 2023-11-30 11:50:04,411] Trial 139 finished with value: 0.2678293287754059 and parameters: {'gradient_clip_val': 0.20754413116473364, 'hidden_size': 40, 'dropout': 0.10736396910827561, 'hidden_continuous_size': 31, 'attention_head_size': 4, 'learning_rate': 0.04418935877763453}. Best is trial 64 with value: 0.08427842706441879.
LOCAL_RANK: 0 - CUDA_VISIBLE_DEVICES: [0]
[I 2023-11-30 11:50:17,222] Trial 140 finished with value: 0.3505575358867645 and parameters: {'gradient_clip_val': 0.19564862488649712, 'hidden_size': 28, 'dropout': 0.14234941114561536, 'hidden_continuous_size': 27, 'attention_head_size': 4, 'learning_rate': 0.06531043094457417}. Best is trial 64 with value: 0.08427842706441879.
LOCAL_RANK: 0 - CUDA_VISIBLE_DEVICES: [0]
[I 2023-11-30 11:50:30,417] Trial 141 finished with value: 0.19082342088222504 and parameters: {'gradient_clip_val': 0.16088367153537605, 'hidden_size': 46, 'dropout': 0.1745857917282905, 'hidden_continuous_size': 27, 'attention_head_size': 1, 'learning_rate': 0.0837853112148769}. Best is trial 64 with value: 0.08427842706441879.
LOCAL_RANK: 0 - CUDA_VISIBLE_DEVICES: [0]
[I 2023-11-30 11:50:43,344] Trial 142 finished with value: 0.17162871360778809 and parameters: {'gradient_clip_val': 0.14496757962505186, 'hidden_size': 44, 'dropout': 0.15045292599549723, 'hidden_continuous_size': 26, 'attention_head_size': 1, 'learning_rate': 0.07823508731990221}. Best is trial 64 with value: 0.08427842706441879.
LOCAL_RANK: 0 - CUDA_VISIBLE_DEVICES: [0]
[I 2023-11-30 11:50:56,409] Trial 143 finished with value: 0.1632058471441269 and parameters: {'gradient_clip_val': 0.1712119718901903, 'hidden_size': 48, 'dropout': 0.17274352371163296, 'hidden_continuous_size': 27, 'attention_head_size': 1, 'learning_rate': 0.09185651635929239}. Best is trial 64 with value: 0.08427842706441879.
LOCAL_RANK: 0 - CUDA_VISIBLE_DEVICES: [0]
[I 2023-11-30 11:51:09,323] Trial 144 finished with value: 0.17278821766376495 and parameters: {'gradient_clip_val': 0.1520796184619496, 'hidden_size': 38, 'dropout': 0.1224705009476096, 'hidden_continuous_size': 30, 'attention_head_size': 1, 'learning_rate': 0.08468196702791746}. Best is trial 64 with value: 0.08427842706441879.
LOCAL_RANK: 0 - CUDA_VISIBLE_DEVICES: [0]
[I 2023-11-30 11:51:22,507] Trial 145 finished with value: 0.1007029116153717 and parameters: {'gradient_clip_val': 0.16088289657327864, 'hidden_size': 42, 'dropout': 0.16751202821808198, 'hidden_continuous_size': 29, 'attention_head_size': 1, 'learning_rate': 0.06905980076719828}. Best is trial 64 with value: 0.08427842706441879.
LOCAL_RANK: 0 - CUDA_VISIBLE_DEVICES: [0]
[I 2023-11-30 11:51:35,849] Trial 146 finished with value: 0.3453342616558075 and parameters: {'gradient_clip_val': 0.17592337169613187, 'hidden_size': 42, 'dropout': 0.1367729702628419, 'hidden_continuous_size': 29, 'attention_head_size': 1, 'learning_rate': 0.05169839410508474}. Best is trial 64 with value: 0.08427842706441879.
LOCAL_RANK: 0 - CUDA_VISIBLE_DEVICES: [0]
[I 2023-11-30 11:51:49,484] Trial 147 finished with value: 0.13168899714946747 and parameters: {'gradient_clip_val': 0.1869350537924176, 'hidden_size': 35, 'dropout': 0.16744448955252664, 'hidden_continuous_size': 30, 'attention_head_size': 4, 'learning_rate': 0.06949375123414278}. Best is trial 64 with value: 0.08427842706441879.
LOCAL_RANK: 0 - CUDA_VISIBLE_DEVICES: [0]
[I 2023-11-30 11:52:02,625] Trial 148 finished with value: 0.11442583054304123 and parameters: {'gradient_clip_val': 0.16656467755159976, 'hidden_size': 32, 'dropout': 0.1803070565886462, 'hidden_continuous_size': 29, 'attention_head_size': 4, 'learning_rate': 0.06159977384434749}. Best is trial 64 with value: 0.08427842706441879.
LOCAL_RANK: 0 - CUDA_VISIBLE_DEVICES: [0]
[I 2023-11-30 11:52:15,851] Trial 149 finished with value: 0.20367439091205597 and parameters: {'gradient_clip_val': 0.1352380547633465, 'hidden_size': 39, 'dropout': 0.1568528517072417, 'hidden_continuous_size': 32, 'attention_head_size': 4, 'learning_rate': 0.07393999232750396}. Best is trial 64 with value: 0.08427842706441879.
[I 2023-11-30 11:52:15,962] A new study created in memory with name: no-name-7eed39bd-a63a-4db9-96d5-6237fd140fcc
/home/le004/conda/anaconda3/envs/tsff_env/lib/python3.9/site-packages/lightning/fabric/plugins/environments/slurm.py:191: The `srun` command is available on your system but is not used. HINT: If your intention is to run Lightning on SLURM, prepend your python command with `srun` like so: srun python /home/le004/master_thesis/git/TSFusionForecast/code/ ...
LOCAL_RANK: 0 - CUDA_VISIBLE_DEVICES: [0]
[I 2023-11-30 11:52:29,115] Trial 0 finished with value: 0.3125270903110504 and parameters: {'gradient_clip_val': 0.5299281697520786, 'hidden_size': 46, 'dropout': 0.3379743045817094, 'hidden_continuous_size': 34, 'attention_head_size': 1, 'learning_rate': 0.012069958387142758}. Best is trial 0 with value: 0.3125270903110504.
LOCAL_RANK: 0 - CUDA_VISIBLE_DEVICES: [0]
[I 2023-11-30 11:52:39,920] Trial 1 finished with value: 1.2822004556655884 and parameters: {'gradient_clip_val': 0.12852841357089786, 'hidden_size': 10, 'dropout': 0.3762879212031879, 'hidden_continuous_size': 10, 'attention_head_size': 4, 'learning_rate': 0.012853742072738662}. Best is trial 0 with value: 0.3125270903110504.
LOCAL_RANK: 0 - CUDA_VISIBLE_DEVICES: [0]
[I 2023-11-30 11:52:53,964] Trial 2 finished with value: 0.26242026686668396 and parameters: {'gradient_clip_val': 0.2992764735165774, 'hidden_size': 55, 'dropout': 0.33754229841723904, 'hidden_continuous_size': 51, 'attention_head_size': 4, 'learning_rate': 0.008963100389804335}. Best is trial 2 with value: 0.26242026686668396.
LOCAL_RANK: 0 - CUDA_VISIBLE_DEVICES: [0]
[I 2023-11-30 11:53:08,022] Trial 3 finished with value: 0.8339985013008118 and parameters: {'gradient_clip_val': 0.20840341728091946, 'hidden_size': 100, 'dropout': 0.3311276449236218, 'hidden_continuous_size': 54, 'attention_head_size': 1, 'learning_rate': 0.0015139200558954664}. Best is trial 2 with value: 0.26242026686668396.
LOCAL_RANK: 0 - CUDA_VISIBLE_DEVICES: [0]
[I 2023-11-30 11:53:22,048] Trial 4 finished with value: 0.3502838611602783 and parameters: {'gradient_clip_val': 0.16568587436498583, 'hidden_size': 86, 'dropout': 0.27323393533079454, 'hidden_continuous_size': 41, 'attention_head_size': 1, 'learning_rate': 0.0038261937781263306}. Best is trial 2 with value: 0.26242026686668396.
LOCAL_RANK: 0 - CUDA_VISIBLE_DEVICES: [0]
[I 2023-11-30 11:53:34,659] Trial 5 finished with value: 0.241524800658226 and parameters: {'gradient_clip_val': 0.4133910005637107, 'hidden_size': 19, 'dropout': 0.2243949604783404, 'hidden_continuous_size': 15, 'attention_head_size': 4, 'learning_rate': 0.031741798148192356}. Best is trial 5 with value: 0.241524800658226.
LOCAL_RANK: 0 - CUDA_VISIBLE_DEVICES: [0]
[I 2023-11-30 11:53:48,534] Trial 6 finished with value: 0.09281573444604874 and parameters: {'gradient_clip_val': 0.3001012350273996, 'hidden_size': 71, 'dropout': 0.13101837910083036, 'hidden_continuous_size': 32, 'attention_head_size': 2, 'learning_rate': 0.020928055788858556}. Best is trial 6 with value: 0.09281573444604874.
LOCAL_RANK: 0 - CUDA_VISIBLE_DEVICES: [0]
[I 2023-11-30 11:54:01,991] Trial 7 finished with value: 0.09246984124183655 and parameters: {'gradient_clip_val': 0.22240128949371907, 'hidden_size': 63, 'dropout': 0.25721415285000293, 'hidden_continuous_size': 20, 'attention_head_size': 1, 'learning_rate': 0.07387642731445393}. Best is trial 7 with value: 0.09246984124183655.
LOCAL_RANK: 0 - CUDA_VISIBLE_DEVICES: [0]
[I 2023-11-30 11:54:15,140] Trial 8 finished with value: 0.22348277270793915 and parameters: {'gradient_clip_val': 0.3857374975569273, 'hidden_size': 58, 'dropout': 0.2617906747582157, 'hidden_continuous_size': 10, 'attention_head_size': 2, 'learning_rate': 0.06595398527566665}. Best is trial 7 with value: 0.09246984124183655.
LOCAL_RANK: 0 - CUDA_VISIBLE_DEVICES: [0]
