[I 2023-11-29 21:12:07,200] Trial 138 finished with value: 0.24163778126239777 and parameters: {'gradient_clip_val': 0.18207558988521444, 'hidden_size': 70, 'dropout': 0.19386604561440623, 'hidden_continuous_size': 16, 'attention_head_size': 2, 'learning_rate': 0.06458436625631801}. Best is trial 84 with value: 0.11328534036874771.
LOCAL_RANK: 0 - CUDA_VISIBLE_DEVICES: [0]
[I 2023-11-29 21:12:21,203] Trial 139 finished with value: 0.19648247957229614 and parameters: {'gradient_clip_val': 0.12309483886715666, 'hidden_size': 81, 'dropout': 0.2256035594985793, 'hidden_continuous_size': 18, 'attention_head_size': 3, 'learning_rate': 0.07370327519519652}. Best is trial 84 with value: 0.11328534036874771.
LOCAL_RANK: 0 - CUDA_VISIBLE_DEVICES: [0]
[I 2023-11-29 21:12:35,092] Trial 140 finished with value: 0.2314903289079666 and parameters: {'gradient_clip_val': 0.15182995810124175, 'hidden_size': 94, 'dropout': 0.20082638289199578, 'hidden_continuous_size': 15, 'attention_head_size': 4, 'learning_rate': 0.0996737574146642}. Best is trial 84 with value: 0.11328534036874771.
LOCAL_RANK: 0 - CUDA_VISIBLE_DEVICES: [0]
[I 2023-11-29 21:12:48,131] Trial 141 finished with value: 0.15262842178344727 and parameters: {'gradient_clip_val': 0.19891459586536572, 'hidden_size': 55, 'dropout': 0.19259730794061275, 'hidden_continuous_size': 14, 'attention_head_size': 1, 'learning_rate': 0.08592749726476234}. Best is trial 84 with value: 0.11328534036874771.
LOCAL_RANK: 0 - CUDA_VISIBLE_DEVICES: [0]
[I 2023-11-29 21:13:01,239] Trial 142 finished with value: 0.11779138445854187 and parameters: {'gradient_clip_val': 0.22799141680120866, 'hidden_size': 60, 'dropout': 0.18190548581690402, 'hidden_continuous_size': 14, 'attention_head_size': 1, 'learning_rate': 0.054761546794260686}. Best is trial 84 with value: 0.11328534036874771.
LOCAL_RANK: 0 - CUDA_VISIBLE_DEVICES: [0]
[I 2023-11-29 21:13:14,744] Trial 143 finished with value: 0.14770980179309845 and parameters: {'gradient_clip_val': 0.2100903010254361, 'hidden_size': 59, 'dropout': 0.17108558662945175, 'hidden_continuous_size': 14, 'attention_head_size': 3, 'learning_rate': 0.0551956277244264}. Best is trial 84 with value: 0.11328534036874771.
LOCAL_RANK: 0 - CUDA_VISIBLE_DEVICES: [0]
[I 2023-11-29 21:13:27,877] Trial 144 finished with value: 0.38576626777648926 and parameters: {'gradient_clip_val': 0.22695838521432615, 'hidden_size': 59, 'dropout': 0.17639071182594723, 'hidden_continuous_size': 12, 'attention_head_size': 3, 'learning_rate': 0.05442954202025123}. Best is trial 84 with value: 0.11328534036874771.
LOCAL_RANK: 0 - CUDA_VISIBLE_DEVICES: [0]
[I 2023-11-29 21:13:41,096] Trial 145 finished with value: 0.20313841104507446 and parameters: {'gradient_clip_val': 0.20684940249414893, 'hidden_size': 50, 'dropout': 0.16788988074576208, 'hidden_continuous_size': 13, 'attention_head_size': 3, 'learning_rate': 0.06000122408600845}. Best is trial 84 with value: 0.11328534036874771.
LOCAL_RANK: 0 - CUDA_VISIBLE_DEVICES: [0]
[I 2023-11-29 21:13:54,255] Trial 146 finished with value: 0.30673089623451233 and parameters: {'gradient_clip_val': 0.21803071853186437, 'hidden_size': 64, 'dropout': 0.18175481158047835, 'hidden_continuous_size': 11, 'attention_head_size': 3, 'learning_rate': 0.044483231471451494}. Best is trial 84 with value: 0.11328534036874771.
LOCAL_RANK: 0 - CUDA_VISIBLE_DEVICES: [0]
[I 2023-11-29 21:14:07,407] Trial 147 finished with value: 0.19639219343662262 and parameters: {'gradient_clip_val': 0.21134172674056767, 'hidden_size': 52, 'dropout': 0.18512071425364474, 'hidden_continuous_size': 21, 'attention_head_size': 3, 'learning_rate': 0.05296009927679671}. Best is trial 84 with value: 0.11328534036874771.
LOCAL_RANK: 0 - CUDA_VISIBLE_DEVICES: [0]
[I 2023-11-29 21:14:20,444] Trial 148 finished with value: 0.23646020889282227 and parameters: {'gradient_clip_val': 0.23283419347524253, 'hidden_size': 60, 'dropout': 0.18857949367726637, 'hidden_continuous_size': 10, 'attention_head_size': 1, 'learning_rate': 0.04803533910086047}. Best is trial 84 with value: 0.11328534036874771.
LOCAL_RANK: 0 - CUDA_VISIBLE_DEVICES: [0]
[I 2023-11-29 21:14:33,708] Trial 149 finished with value: 0.24793463945388794 and parameters: {'gradient_clip_val': 0.18640492342245912, 'hidden_size': 54, 'dropout': 0.1798499151692242, 'hidden_continuous_size': 16, 'attention_head_size': 3, 'learning_rate': 0.03209543446575565}. Best is trial 84 with value: 0.11328534036874771.
[I 2023-11-29 21:14:33,817] A new study created in memory with name: no-name-4d4666e7-4f1d-486a-b662-7f41f34decf9
/home/le004/conda/anaconda3/envs/tsff_env/lib/python3.9/site-packages/lightning/fabric/plugins/environments/slurm.py:191: The `srun` command is available on your system but is not used. HINT: If your intention is to run Lightning on SLURM, prepend your python command with `srun` like so: srun python /home/le004/master_thesis/git/TSFusionForecast/code/ ...
LOCAL_RANK: 0 - CUDA_VISIBLE_DEVICES: [0]
[I 2023-11-29 21:14:46,804] Trial 0 finished with value: 2.651611566543579 and parameters: {'gradient_clip_val': 0.9885494559653689, 'hidden_size': 37, 'dropout': 0.10630670232411801, 'hidden_continuous_size': 24, 'attention_head_size': 4, 'learning_rate': 0.0010432012182100435}. Best is trial 0 with value: 2.651611566543579.
LOCAL_RANK: 0 - CUDA_VISIBLE_DEVICES: [0]
[I 2023-11-29 21:14:59,234] Trial 1 finished with value: 1.7402105331420898 and parameters: {'gradient_clip_val': 0.1564144541630425, 'hidden_size': 24, 'dropout': 0.1530706150954957, 'hidden_continuous_size': 19, 'attention_head_size': 4, 'learning_rate': 0.002216173728506747}. Best is trial 1 with value: 1.7402105331420898.
LOCAL_RANK: 0 - CUDA_VISIBLE_DEVICES: [0]
[I 2023-11-29 21:15:12,459] Trial 2 finished with value: 0.21754486858844757 and parameters: {'gradient_clip_val': 0.23234223332427678, 'hidden_size': 46, 'dropout': 0.10553551126053057, 'hidden_continuous_size': 20, 'attention_head_size': 3, 'learning_rate': 0.0639907519321956}. Best is trial 2 with value: 0.21754486858844757.
LOCAL_RANK: 0 - CUDA_VISIBLE_DEVICES: [0]
[I 2023-11-29 21:15:26,735] Trial 3 finished with value: 0.15169470012187958 and parameters: {'gradient_clip_val': 0.406068225598769, 'hidden_size': 95, 'dropout': 0.3945552978166522, 'hidden_continuous_size': 33, 'attention_head_size': 3, 'learning_rate': 0.037642580977709325}. Best is trial 3 with value: 0.15169470012187958.
LOCAL_RANK: 0 - CUDA_VISIBLE_DEVICES: [0]
[I 2023-11-29 21:15:39,328] Trial 4 finished with value: 0.2117089182138443 and parameters: {'gradient_clip_val': 0.2134389990597625, 'hidden_size': 21, 'dropout': 0.29969883929993113, 'hidden_continuous_size': 13, 'attention_head_size': 4, 'learning_rate': 0.03209976193170117}. Best is trial 3 with value: 0.15169470012187958.
LOCAL_RANK: 0 - CUDA_VISIBLE_DEVICES: [0]
[I 2023-11-29 21:15:52,394] Trial 5 finished with value: 0.8033049702644348 and parameters: {'gradient_clip_val': 0.5903924712973267, 'hidden_size': 49, 'dropout': 0.2702298264445289, 'hidden_continuous_size': 15, 'attention_head_size': 2, 'learning_rate': 0.003264199912363236}. Best is trial 3 with value: 0.15169470012187958.
LOCAL_RANK: 0 - CUDA_VISIBLE_DEVICES: [0]
[I 2023-11-29 21:16:06,699] Trial 6 finished with value: 0.8839020133018494 and parameters: {'gradient_clip_val': 0.1148270715459526, 'hidden_size': 133, 'dropout': 0.32556232286662745, 'hidden_continuous_size': 27, 'attention_head_size': 1, 'learning_rate': 0.0011656600987679157}. Best is trial 3 with value: 0.15169470012187958.
LOCAL_RANK: 0 - CUDA_VISIBLE_DEVICES: [0]
[I 2023-11-29 21:16:19,646] Trial 7 finished with value: 0.14965906739234924 and parameters: {'gradient_clip_val': 0.6064144213780825, 'hidden_size': 46, 'dropout': 0.340020291582555, 'hidden_continuous_size': 25, 'attention_head_size': 1, 'learning_rate': 0.05508933336499381}. Best is trial 7 with value: 0.14965906739234924.
LOCAL_RANK: 0 - CUDA_VISIBLE_DEVICES: [0]
[I 2023-11-29 21:16:34,062] Trial 8 finished with value: 0.6363912224769592 and parameters: {'gradient_clip_val': 0.19870685565292076, 'hidden_size': 65, 'dropout': 0.34118787934016775, 'hidden_continuous_size': 61, 'attention_head_size': 4, 'learning_rate': 0.0058498152662917096}. Best is trial 7 with value: 0.14965906739234924.
LOCAL_RANK: 0 - CUDA_VISIBLE_DEVICES: [0]
[I 2023-11-29 21:16:47,895] Trial 9 finished with value: 0.11960148811340332 and parameters: {'gradient_clip_val': 0.36136125106829914, 'hidden_size': 76, 'dropout': 0.10153139576927933, 'hidden_continuous_size': 42, 'attention_head_size': 3, 'learning_rate': 0.05522826223828346}. Best is trial 9 with value: 0.11960148811340332.
LOCAL_RANK: 0 - CUDA_VISIBLE_DEVICES: [0]
[I 2023-11-29 21:17:00,199] Trial 10 finished with value: 1.4508644342422485 and parameters: {'gradient_clip_val': 0.36044707730558284, 'hidden_size': 11, 'dropout': 0.20014281264457018, 'hidden_continuous_size': 10, 'attention_head_size': 2, 'learning_rate': 0.01386404677646833}. Best is trial 9 with value: 0.11960148811340332.
LOCAL_RANK: 0 - CUDA_VISIBLE_DEVICES: [0]
[I 2023-11-29 21:17:14,100] Trial 11 finished with value: 0.2670004963874817 and parameters: {'gradient_clip_val': 0.5397512711245526, 'hidden_size': 79, 'dropout': 0.2203292846459003, 'hidden_continuous_size': 44, 'attention_head_size': 1, 'learning_rate': 0.088783311341378}. Best is trial 9 with value: 0.11960148811340332.
LOCAL_RANK: 0 - CUDA_VISIBLE_DEVICES: [0]
[I 2023-11-29 21:17:28,900] Trial 12 finished with value: 0.20520742237567902 and parameters: {'gradient_clip_val': 0.30019522279882815, 'hidden_size': 131, 'dropout': 0.2386981321195986, 'hidden_continuous_size': 115, 'attention_head_size': 2, 'learning_rate': 0.020537220589475096}. Best is trial 9 with value: 0.11960148811340332.
LOCAL_RANK: 0 - CUDA_VISIBLE_DEVICES: [0]
[I 2023-11-29 21:17:42,846] Trial 13 finished with value: 0.1538778394460678 and parameters: {'gradient_clip_val': 0.5386323292874794, 'hidden_size': 79, 'dropout': 0.15972772669358073, 'hidden_continuous_size': 39, 'attention_head_size': 3, 'learning_rate': 0.09735244341499184}. Best is trial 9 with value: 0.11960148811340332.
LOCAL_RANK: 0 - CUDA_VISIBLE_DEVICES: [0]
[I 2023-11-29 21:17:56,330] Trial 14 finished with value: 0.2160673588514328 and parameters: {'gradient_clip_val': 0.8450994865704226, 'hidden_size': 59, 'dropout': 0.2792662902787874, 'hidden_continuous_size': 29, 'attention_head_size': 1, 'learning_rate': 0.04374930733821212}. Best is trial 9 with value: 0.11960148811340332.
LOCAL_RANK: 0 - CUDA_VISIBLE_DEVICES: [0]
[I 2023-11-29 21:18:09,250] Trial 15 finished with value: 0.19502270221710205 and parameters: {'gradient_clip_val': 0.43135788910043577, 'hidden_size': 37, 'dropout': 0.24981008688077222, 'hidden_continuous_size': 16, 'attention_head_size': 2, 'learning_rate': 0.023035662433089583}. Best is trial 9 with value: 0.11960148811340332.
LOCAL_RANK: 0 - CUDA_VISIBLE_DEVICES: [0]
[I 2023-11-29 21:18:23,670] Trial 16 finished with value: 0.23225057125091553 and parameters: {'gradient_clip_val': 0.7123418071040789, 'hidden_size': 112, 'dropout': 0.19378278442284302, 'hidden_continuous_size': 54, 'attention_head_size': 3, 'learning_rate': 0.01162255334248267}. Best is trial 9 with value: 0.11960148811340332.
LOCAL_RANK: 0 - CUDA_VISIBLE_DEVICES: [0]
[I 2023-11-29 21:18:37,413] Trial 17 finished with value: 0.3173053562641144 and parameters: {'gradient_clip_val': 0.2967531409986851, 'hidden_size': 93, 'dropout': 0.3568777624430153, 'hidden_continuous_size': 24, 'attention_head_size': 1, 'learning_rate': 0.05449291686226058}. Best is trial 9 with value: 0.11960148811340332.
LOCAL_RANK: 0 - CUDA_VISIBLE_DEVICES: [0]
[I 2023-11-29 21:18:52,340] Trial 18 finished with value: 0.20129162073135376 and parameters: {'gradient_clip_val': 0.45578171320568495, 'hidden_size': 146, 'dropout': 0.30446060669812114, 'hidden_continuous_size': 70, 'attention_head_size': 2, 'learning_rate': 0.02574369333160731}. Best is trial 9 with value: 0.11960148811340332.
LOCAL_RANK: 0 - CUDA_VISIBLE_DEVICES: [0]
[I 2023-11-29 21:19:05,799] Trial 19 finished with value: 0.14965955913066864 and parameters: {'gradient_clip_val': 0.7232360992398388, 'hidden_size': 56, 'dropout': 0.3860199150884239, 'hidden_continuous_size': 31, 'attention_head_size': 3, 'learning_rate': 0.06433594543267394}. Best is trial 9 with value: 0.11960148811340332.
LOCAL_RANK: 0 - CUDA_VISIBLE_DEVICES: [0]
[I 2023-11-29 21:19:19,432] Trial 20 finished with value: 0.18854515254497528 and parameters: {'gradient_clip_val': 0.650551991590292, 'hidden_size': 72, 'dropout': 0.27535131026084, 'hidden_continuous_size': 36, 'attention_head_size': 1, 'learning_rate': 0.018393512381295576}. Best is trial 9 with value: 0.11960148811340332.
LOCAL_RANK: 0 - CUDA_VISIBLE_DEVICES: [0]
[I 2023-11-29 21:19:33,046] Trial 21 finished with value: 0.20597626268863678 and parameters: {'gradient_clip_val': 0.7647457393174195, 'hidden_size': 54, 'dropout': 0.3764764767027998, 'hidden_continuous_size': 32, 'attention_head_size': 3, 'learning_rate': 0.04896899774203682}. Best is trial 9 with value: 0.11960148811340332.
LOCAL_RANK: 0 - CUDA_VISIBLE_DEVICES: [0]
[I 2023-11-29 21:19:46,159] Trial 22 finished with value: 0.15600056946277618 and parameters: {'gradient_clip_val': 0.48767551911173374, 'hidden_size': 43, 'dropout': 0.39870181637992036, 'hidden_continuous_size': 23, 'attention_head_size': 3, 'learning_rate': 0.06847346988358698}. Best is trial 9 with value: 0.11960148811340332.
LOCAL_RANK: 0 - CUDA_VISIBLE_DEVICES: [0]
[I 2023-11-29 21:19:59,907] Trial 23 finished with value: 0.1784113198518753 and parameters: {'gradient_clip_val': 0.6461459830440629, 'hidden_size': 59, 'dropout': 0.36127004387136824, 'hidden_continuous_size': 29, 'attention_head_size': 3, 'learning_rate': 0.03434116896941763}. Best is trial 9 with value: 0.11960148811340332.
LOCAL_RANK: 0 - CUDA_VISIBLE_DEVICES: [0]
[I 2023-11-29 21:20:14,037] Trial 24 finished with value: 0.2321300059556961 and parameters: {'gradient_clip_val': 0.8484663226435631, 'hidden_size': 97, 'dropout': 0.3287339836384855, 'hidden_continuous_size': 43, 'attention_head_size': 2, 'learning_rate': 0.06722119350978335}. Best is trial 9 with value: 0.11960148811340332.
LOCAL_RANK: 0 - CUDA_VISIBLE_DEVICES: [0]
[I 2023-11-29 21:20:27,595] Trial 25 finished with value: 0.15603496134281158 and parameters: {'gradient_clip_val': 0.550267755595121, 'hidden_size': 72, 'dropout': 0.37590360527413935, 'hidden_continuous_size': 32, 'attention_head_size': 3, 'learning_rate': 0.09161602155793785}. Best is trial 9 with value: 0.11960148811340332.
LOCAL_RANK: 0 - CUDA_VISIBLE_DEVICES: [0]
[I 2023-11-29 21:20:40,470] Trial 26 finished with value: 0.23781783878803253 and parameters: {'gradient_clip_val': 0.35770140513906196, 'hidden_size': 32, 'dropout': 0.34970210942560026, 'hidden_continuous_size': 22, 'attention_head_size': 4, 'learning_rate': 0.04530709221390364}. Best is trial 9 with value: 0.11960148811340332.
LOCAL_RANK: 0 - CUDA_VISIBLE_DEVICES: [0]
[I 2023-11-29 21:20:54,037] Trial 27 finished with value: 0.2130230814218521 and parameters: {'gradient_clip_val': 0.6368227975928943, 'hidden_size': 54, 'dropout': 0.3066074875989642, 'hidden_continuous_size': 30, 'attention_head_size': 2, 'learning_rate': 0.029625009881819514}. Best is trial 9 with value: 0.11960148811340332.
LOCAL_RANK: 0 - CUDA_VISIBLE_DEVICES: [0]
[I 2023-11-29 21:21:07,683] Trial 28 finished with value: 0.3039960563182831 and parameters: {'gradient_clip_val': 0.9919261558400206, 'hidden_size': 68, 'dropout': 0.37527133655321415, 'hidden_continuous_size': 26, 'attention_head_size': 3, 'learning_rate': 0.015987515181430118}. Best is trial 9 with value: 0.11960148811340332.
LOCAL_RANK: 0 - CUDA_VISIBLE_DEVICES: [0]
[I 2023-11-29 21:21:20,900] Trial 29 finished with value: 0.501566469669342 and parameters: {'gradient_clip_val': 0.7814892194989206, 'hidden_size': 43, 'dropout': 0.14221584053053588, 'hidden_continuous_size': 25, 'attention_head_size': 4, 'learning_rate': 0.009030448716423578}. Best is trial 9 with value: 0.11960148811340332.
LOCAL_RANK: 0 - CUDA_VISIBLE_DEVICES: [0]
[I 2023-11-29 21:21:33,892] Trial 30 finished with value: 0.11344032734632492 and parameters: {'gradient_clip_val': 0.9187398855881292, 'hidden_size': 33, 'dropout': 0.1301243976444565, 'hidden_continuous_size': 22, 'attention_head_size': 3, 'learning_rate': 0.03877887023215467}. Best is trial 30 with value: 0.11344032734632492.
LOCAL_RANK: 0 - CUDA_VISIBLE_DEVICES: [0]
[I 2023-11-29 21:21:46,770] Trial 31 finished with value: 0.29514601826667786 and parameters: {'gradient_clip_val': 0.9053622051842569, 'hidden_size': 33, 'dropout': 0.11923994020344911, 'hidden_continuous_size': 21, 'attention_head_size': 3, 'learning_rate': 0.05369488506470178}. Best is trial 30 with value: 0.11344032734632492.
LOCAL_RANK: 0 - CUDA_VISIBLE_DEVICES: [0]
[I 2023-11-29 21:22:00,043] Trial 32 finished with value: 0.18071933090686798 and parameters: {'gradient_clip_val': 0.7108800667182626, 'hidden_size': 39, 'dropout': 0.12289452994034153, 'hidden_continuous_size': 23, 'attention_head_size': 3, 'learning_rate': 0.04015766564384385}. Best is trial 30 with value: 0.11344032734632492.
LOCAL_RANK: 0 - CUDA_VISIBLE_DEVICES: [0]
[I 2023-11-29 21:22:13,598] Trial 33 finished with value: 0.15233759582042694 and parameters: {'gradient_clip_val': 0.9634110045130202, 'hidden_size': 51, 'dropout': 0.1200046598939199, 'hidden_continuous_size': 26, 'attention_head_size': 4, 'learning_rate': 0.06856944406964938}. Best is trial 30 with value: 0.11344032734632492.
LOCAL_RANK: 0 - CUDA_VISIBLE_DEVICES: [0]
[I 2023-11-29 21:22:26,307] Trial 34 finished with value: 0.2058732509613037 and parameters: {'gradient_clip_val': 0.8332777438103265, 'hidden_size': 28, 'dropout': 0.10258701773447015, 'hidden_continuous_size': 21, 'attention_head_size': 3, 'learning_rate': 0.027895131712659952}. Best is trial 30 with value: 0.11344032734632492.
LOCAL_RANK: 0 - CUDA_VISIBLE_DEVICES: [0]
[I 2023-11-29 21:22:39,649] Trial 35 finished with value: 0.2993405759334564 and parameters: {'gradient_clip_val': 0.7557184565862726, 'hidden_size': 46, 'dropout': 0.1632518183450765, 'hidden_continuous_size': 27, 'attention_head_size': 3, 'learning_rate': 0.035490129928187245}. Best is trial 30 with value: 0.11344032734632492.
LOCAL_RANK: 0 - CUDA_VISIBLE_DEVICES: [0]
[I 2023-11-29 21:22:53,039] Trial 36 finished with value: 0.26956596970558167 and parameters: {'gradient_clip_val': 0.48012665349664013, 'hidden_size': 60, 'dropout': 0.10533808402069454, 'hidden_continuous_size': 21, 'attention_head_size': 4, 'learning_rate': 0.05796135161368483}. Best is trial 30 with value: 0.11344032734632492.
LOCAL_RANK: 0 - CUDA_VISIBLE_DEVICES: [0]
[I 2023-11-29 21:23:05,625] Trial 37 finished with value: 0.21797220408916473 and parameters: {'gradient_clip_val': 0.5936941025185238, 'hidden_size': 25, 'dropout': 0.14347896073637023, 'hidden_continuous_size': 19, 'attention_head_size': 2, 'learning_rate': 0.07703099831879617}. Best is trial 30 with value: 0.11344032734632492.
LOCAL_RANK: 0 - CUDA_VISIBLE_DEVICES: [0]
[I 2023-11-29 21:23:18,832] Trial 38 finished with value: 0.16439200937747955 and parameters: {'gradient_clip_val': 0.9873980689713605, 'hidden_size': 38, 'dropout': 0.17236594026096766, 'hidden_continuous_size': 18, 'attention_head_size': 3, 'learning_rate': 0.04138352943396501}. Best is trial 30 with value: 0.11344032734632492.
LOCAL_RANK: 0 - CUDA_VISIBLE_DEVICES: [0]
[I 2023-11-29 21:23:32,078] Trial 39 finished with value: 0.18846659362316132 and parameters: {'gradient_clip_val': 0.6875367230940239, 'hidden_size': 48, 'dropout': 0.12718033486546326, 'hidden_continuous_size': 24, 'attention_head_size': 4, 'learning_rate': 0.057445693139545374}. Best is trial 30 with value: 0.11344032734632492.
LOCAL_RANK: 0 - CUDA_VISIBLE_DEVICES: [0]
[I 2023-11-29 21:23:45,276] Trial 40 finished with value: 0.294596791267395 and parameters: {'gradient_clip_val': 0.3946958748995259, 'hidden_size': 43, 'dropout': 0.13897776736085163, 'hidden_continuous_size': 20, 'attention_head_size': 2, 'learning_rate': 0.0753702098092289}. Best is trial 30 with value: 0.11344032734632492.
LOCAL_RANK: 0 - CUDA_VISIBLE_DEVICES: [0]
[I 2023-11-29 21:23:59,110] Trial 41 finished with value: 0.2556810677051544 and parameters: {'gradient_clip_val': 0.4154782732992535, 'hidden_size': 80, 'dropout': 0.3887386235444658, 'hidden_continuous_size': 35, 'attention_head_size': 3, 'learning_rate': 0.033405796742722885}. Best is trial 30 with value: 0.11344032734632492.
LOCAL_RANK: 0 - CUDA_VISIBLE_DEVICES: [0]
[I 2023-11-29 21:24:13,349] Trial 42 finished with value: 0.13175727427005768 and parameters: {'gradient_clip_val': 0.5060015001711269, 'hidden_size': 102, 'dropout': 0.3912411103428112, 'hidden_continuous_size': 34, 'attention_head_size': 3, 'learning_rate': 0.023337855126279103}. Best is trial 30 with value: 0.11344032734632492.
LOCAL_RANK: 0 - CUDA_VISIBLE_DEVICES: [0]
[I 2023-11-29 21:24:27,631] Trial 43 finished with value: 0.1413622498512268 and parameters: {'gradient_clip_val': 0.5889762894970063, 'hidden_size': 89, 'dropout': 0.39042725456871746, 'hidden_continuous_size': 37, 'attention_head_size': 3, 'learning_rate': 0.02675119767140402}. Best is trial 30 with value: 0.11344032734632492.
LOCAL_RANK: 0 - CUDA_VISIBLE_DEVICES: [0]
[I 2023-11-29 21:24:41,998] Trial 44 finished with value: 0.25707194209098816 and parameters: {'gradient_clip_val': 0.5096109442702066, 'hidden_size': 118, 'dropout': 0.36415554789109034, 'hidden_continuous_size': 38, 'attention_head_size': 3, 'learning_rate': 0.023597087145522704}. Best is trial 30 with value: 0.11344032734632492.
LOCAL_RANK: 0 - CUDA_VISIBLE_DEVICES: [0]
