[I 2023-11-30 06:04:31,483] Trial 102 finished with value: 0.13676030933856964 and parameters: {'gradient_clip_val': 0.33120581449342235, 'hidden_size': 37, 'dropout': 0.22737322332701854, 'hidden_continuous_size': 12, 'attention_head_size': 2, 'learning_rate': 0.06163006051356784}. Best is trial 67 with value: 0.0770426094532013.
LOCAL_RANK: 0 - CUDA_VISIBLE_DEVICES: [0]
[I 2023-11-30 06:04:44,369] Trial 103 finished with value: 0.12216546386480331 and parameters: {'gradient_clip_val': 0.24276441353545405, 'hidden_size': 41, 'dropout': 0.2505726744341961, 'hidden_continuous_size': 12, 'attention_head_size': 2, 'learning_rate': 0.06876788574912603}. Best is trial 67 with value: 0.0770426094532013.
LOCAL_RANK: 0 - CUDA_VISIBLE_DEVICES: [0]
[I 2023-11-30 06:04:56,937] Trial 104 finished with value: 0.10710412263870239 and parameters: {'gradient_clip_val': 0.2632151701426922, 'hidden_size': 29, 'dropout': 0.24086446775875112, 'hidden_continuous_size': 14, 'attention_head_size': 2, 'learning_rate': 0.05908547128404494}. Best is trial 67 with value: 0.0770426094532013.
LOCAL_RANK: 0 - CUDA_VISIBLE_DEVICES: [0]
[I 2023-11-30 06:05:09,616] Trial 105 finished with value: 0.11435413360595703 and parameters: {'gradient_clip_val': 0.304449121183827, 'hidden_size': 34, 'dropout': 0.2320768868092812, 'hidden_continuous_size': 13, 'attention_head_size': 2, 'learning_rate': 0.039578757198415485}. Best is trial 67 with value: 0.0770426094532013.
LOCAL_RANK: 0 - CUDA_VISIBLE_DEVICES: [0]
[I 2023-11-30 06:05:22,348] Trial 106 finished with value: 0.09193126112222672 and parameters: {'gradient_clip_val': 0.28618876637694174, 'hidden_size': 25, 'dropout': 0.2633634316545741, 'hidden_continuous_size': 14, 'attention_head_size': 3, 'learning_rate': 0.04718682361486656}. Best is trial 67 with value: 0.0770426094532013.
LOCAL_RANK: 0 - CUDA_VISIBLE_DEVICES: [0]
[I 2023-11-30 06:05:34,782] Trial 107 finished with value: 0.22242043912410736 and parameters: {'gradient_clip_val': 0.253639732474249, 'hidden_size': 25, 'dropout': 0.2559640671336979, 'hidden_continuous_size': 14, 'attention_head_size': 2, 'learning_rate': 0.044897458440418696}. Best is trial 67 with value: 0.0770426094532013.
LOCAL_RANK: 0 - CUDA_VISIBLE_DEVICES: [0]
[I 2023-11-30 06:05:47,293] Trial 108 finished with value: 0.11598791927099228 and parameters: {'gradient_clip_val': 0.28498549656708394, 'hidden_size': 28, 'dropout': 0.2719413932011734, 'hidden_continuous_size': 15, 'attention_head_size': 3, 'learning_rate': 0.07665159314287068}. Best is trial 67 with value: 0.0770426094532013.
LOCAL_RANK: 0 - CUDA_VISIBLE_DEVICES: [0]
[I 2023-11-30 06:05:59,874] Trial 109 finished with value: 0.056823763996362686 and parameters: {'gradient_clip_val': 0.24194196210248736, 'hidden_size': 27, 'dropout': 0.26430774344235886, 'hidden_continuous_size': 15, 'attention_head_size': 2, 'learning_rate': 0.09271241359991152}. Best is trial 109 with value: 0.056823763996362686.
LOCAL_RANK: 0 - CUDA_VISIBLE_DEVICES: [0]
[I 2023-11-30 06:06:12,372] Trial 110 finished with value: 0.11647651344537735 and parameters: {'gradient_clip_val': 0.20409528228268567, 'hidden_size': 21, 'dropout': 0.28164226236958706, 'hidden_continuous_size': 14, 'attention_head_size': 2, 'learning_rate': 0.09156071850354085}. Best is trial 109 with value: 0.056823763996362686.
LOCAL_RANK: 0 - CUDA_VISIBLE_DEVICES: [0]
[I 2023-11-30 06:06:25,066] Trial 111 finished with value: 0.12883035838603973 and parameters: {'gradient_clip_val': 0.242330167750988, 'hidden_size': 27, 'dropout': 0.25425987963154095, 'hidden_continuous_size': 15, 'attention_head_size': 2, 'learning_rate': 0.08338558857763427}. Best is trial 109 with value: 0.056823763996362686.
LOCAL_RANK: 0 - CUDA_VISIBLE_DEVICES: [0]
[I 2023-11-30 06:06:37,488] Trial 112 finished with value: 0.14937596023082733 and parameters: {'gradient_clip_val': 0.22957934996121124, 'hidden_size': 25, 'dropout': 0.26513211886180843, 'hidden_continuous_size': 14, 'attention_head_size': 2, 'learning_rate': 0.07258444769140752}. Best is trial 109 with value: 0.056823763996362686.
LOCAL_RANK: 0 - CUDA_VISIBLE_DEVICES: [0]
[I 2023-11-30 06:06:49,964] Trial 113 finished with value: 0.09381025284528732 and parameters: {'gradient_clip_val': 0.27397397980960236, 'hidden_size': 23, 'dropout': 0.2613587445123076, 'hidden_continuous_size': 14, 'attention_head_size': 2, 'learning_rate': 0.09884189421383918}. Best is trial 109 with value: 0.056823763996362686.
LOCAL_RANK: 0 - CUDA_VISIBLE_DEVICES: [0]
[I 2023-11-30 06:07:02,649] Trial 114 finished with value: 0.14760993421077728 and parameters: {'gradient_clip_val': 0.25698892692309094, 'hidden_size': 32, 'dropout': 0.24850452174659252, 'hidden_continuous_size': 16, 'attention_head_size': 2, 'learning_rate': 0.05509090081173725}. Best is trial 109 with value: 0.056823763996362686.
LOCAL_RANK: 0 - CUDA_VISIBLE_DEVICES: [0]
[I 2023-11-30 06:07:15,469] Trial 115 finished with value: 0.19079764187335968 and parameters: {'gradient_clip_val': 0.29523234921088026, 'hidden_size': 30, 'dropout': 0.23755092940577643, 'hidden_continuous_size': 13, 'attention_head_size': 3, 'learning_rate': 0.08698125357360287}. Best is trial 109 with value: 0.056823763996362686.
LOCAL_RANK: 0 - CUDA_VISIBLE_DEVICES: [0]
[I 2023-11-30 06:07:28,510] Trial 116 finished with value: 0.13544462621212006 and parameters: {'gradient_clip_val': 0.24675333976997735, 'hidden_size': 35, 'dropout': 0.26204963415210586, 'hidden_continuous_size': 15, 'attention_head_size': 1, 'learning_rate': 0.047874777658313654}. Best is trial 109 with value: 0.056823763996362686.
LOCAL_RANK: 0 - CUDA_VISIBLE_DEVICES: [0]
[I 2023-11-30 06:07:40,820] Trial 117 finished with value: 0.10441785305738449 and parameters: {'gradient_clip_val': 0.27533507778157906, 'hidden_size': 24, 'dropout': 0.22071139599004333, 'hidden_continuous_size': 14, 'attention_head_size': 3, 'learning_rate': 0.06921464320781724}. Best is trial 109 with value: 0.056823763996362686.
LOCAL_RANK: 0 - CUDA_VISIBLE_DEVICES: [0]
[I 2023-11-30 06:07:53,403] Trial 118 finished with value: 0.11730761080980301 and parameters: {'gradient_clip_val': 0.22218784404353015, 'hidden_size': 26, 'dropout': 0.2796443972505567, 'hidden_continuous_size': 15, 'attention_head_size': 2, 'learning_rate': 0.07999149847427309}. Best is trial 109 with value: 0.056823763996362686.
LOCAL_RANK: 0 - CUDA_VISIBLE_DEVICES: [0]
[I 2023-11-30 06:08:06,183] Trial 119 finished with value: 0.10741343349218369 and parameters: {'gradient_clip_val': 0.37862125897124627, 'hidden_size': 29, 'dropout': 0.271663674193121, 'hidden_continuous_size': 16, 'attention_head_size': 3, 'learning_rate': 0.051696002363195985}. Best is trial 109 with value: 0.056823763996362686.
LOCAL_RANK: 0 - CUDA_VISIBLE_DEVICES: [0]
[I 2023-11-30 06:08:19,042] Trial 120 finished with value: 0.0785326361656189 and parameters: {'gradient_clip_val': 0.26325956081652024, 'hidden_size': 33, 'dropout': 0.2536085437929845, 'hidden_continuous_size': 13, 'attention_head_size': 3, 'learning_rate': 0.06478206266025463}. Best is trial 109 with value: 0.056823763996362686.
LOCAL_RANK: 0 - CUDA_VISIBLE_DEVICES: [0]
[I 2023-11-30 06:08:31,965] Trial 121 finished with value: 0.12946803867816925 and parameters: {'gradient_clip_val': 0.26137282617112456, 'hidden_size': 33, 'dropout': 0.24712483454615974, 'hidden_continuous_size': 13, 'attention_head_size': 3, 'learning_rate': 0.06576041809410933}. Best is trial 109 with value: 0.056823763996362686.
LOCAL_RANK: 0 - CUDA_VISIBLE_DEVICES: [0]
[I 2023-11-30 06:08:44,787] Trial 122 finished with value: 0.09034892916679382 and parameters: {'gradient_clip_val': 0.23793378423935618, 'hidden_size': 31, 'dropout': 0.2575774725792151, 'hidden_continuous_size': 13, 'attention_head_size': 3, 'learning_rate': 0.09287819867650408}. Best is trial 109 with value: 0.056823763996362686.
LOCAL_RANK: 0 - CUDA_VISIBLE_DEVICES: [0]
[I 2023-11-30 06:08:57,454] Trial 123 finished with value: 0.07906729727983475 and parameters: {'gradient_clip_val': 0.2371284388089058, 'hidden_size': 31, 'dropout': 0.25372178037883764, 'hidden_continuous_size': 13, 'attention_head_size': 3, 'learning_rate': 0.09048660755713879}. Best is trial 109 with value: 0.056823763996362686.
LOCAL_RANK: 0 - CUDA_VISIBLE_DEVICES: [0]
[I 2023-11-30 06:09:10,084] Trial 124 finished with value: 0.09773137420415878 and parameters: {'gradient_clip_val': 0.237229549701379, 'hidden_size': 27, 'dropout': 0.23924769603815046, 'hidden_continuous_size': 13, 'attention_head_size': 3, 'learning_rate': 0.09928565195579508}. Best is trial 109 with value: 0.056823763996362686.
LOCAL_RANK: 0 - CUDA_VISIBLE_DEVICES: [0]
[I 2023-11-30 06:09:22,878] Trial 125 finished with value: 0.10072442144155502 and parameters: {'gradient_clip_val': 0.2285878794215742, 'hidden_size': 31, 'dropout': 0.2556610396985891, 'hidden_continuous_size': 21, 'attention_head_size': 3, 'learning_rate': 0.09233541676643532}. Best is trial 109 with value: 0.056823763996362686.
LOCAL_RANK: 0 - CUDA_VISIBLE_DEVICES: [0]
[I 2023-11-30 06:09:36,003] Trial 126 finished with value: 0.08789876848459244 and parameters: {'gradient_clip_val': 0.20870630963606224, 'hidden_size': 39, 'dropout': 0.2264447399052453, 'hidden_continuous_size': 12, 'attention_head_size': 3, 'learning_rate': 0.08388575528393404}. Best is trial 109 with value: 0.056823763996362686.
LOCAL_RANK: 0 - CUDA_VISIBLE_DEVICES: [0]
[I 2023-11-30 06:09:48,811] Trial 127 finished with value: 0.07638245820999146 and parameters: {'gradient_clip_val': 0.20447076712007722, 'hidden_size': 39, 'dropout': 0.21725744725847046, 'hidden_continuous_size': 12, 'attention_head_size': 3, 'learning_rate': 0.08676874352465859}. Best is trial 109 with value: 0.056823763996362686.
LOCAL_RANK: 0 - CUDA_VISIBLE_DEVICES: [0]
[I 2023-11-30 06:10:01,562] Trial 128 finished with value: 0.12397868186235428 and parameters: {'gradient_clip_val': 0.21240931698468718, 'hidden_size': 40, 'dropout': 0.22867214129023078, 'hidden_continuous_size': 12, 'attention_head_size': 3, 'learning_rate': 0.08957092866594467}. Best is trial 109 with value: 0.056823763996362686.
LOCAL_RANK: 0 - CUDA_VISIBLE_DEVICES: [0]
[I 2023-11-30 06:10:14,442] Trial 129 finished with value: 0.16711848974227905 and parameters: {'gradient_clip_val': 0.20019767881808015, 'hidden_size': 38, 'dropout': 0.21337436281674954, 'hidden_continuous_size': 12, 'attention_head_size': 3, 'learning_rate': 0.08294184234391869}. Best is trial 109 with value: 0.056823763996362686.
LOCAL_RANK: 0 - CUDA_VISIBLE_DEVICES: [0]
[I 2023-11-30 06:10:27,427] Trial 130 finished with value: 0.09523782879114151 and parameters: {'gradient_clip_val': 0.19209144670419526, 'hidden_size': 44, 'dropout': 0.22047237616078955, 'hidden_continuous_size': 12, 'attention_head_size': 3, 'learning_rate': 0.07268397143126383}. Best is trial 109 with value: 0.056823763996362686.
LOCAL_RANK: 0 - CUDA_VISIBLE_DEVICES: [0]
[I 2023-11-30 06:10:40,325] Trial 131 finished with value: 0.07783298939466476 and parameters: {'gradient_clip_val': 0.22278174901325162, 'hidden_size': 36, 'dropout': 0.20668007585325573, 'hidden_continuous_size': 12, 'attention_head_size': 3, 'learning_rate': 0.07735982523460123}. Best is trial 109 with value: 0.056823763996362686.
LOCAL_RANK: 0 - CUDA_VISIBLE_DEVICES: [0]
[I 2023-11-30 06:10:53,465] Trial 132 finished with value: 0.129829540848732 and parameters: {'gradient_clip_val': 0.2224681496972172, 'hidden_size': 43, 'dropout': 0.2249177724515507, 'hidden_continuous_size': 12, 'attention_head_size': 3, 'learning_rate': 0.09059482492347588}. Best is trial 109 with value: 0.056823763996362686.
LOCAL_RANK: 0 - CUDA_VISIBLE_DEVICES: [0]
[I 2023-11-30 06:11:06,121] Trial 133 finished with value: 0.12182149291038513 and parameters: {'gradient_clip_val': 0.2081693976712257, 'hidden_size': 36, 'dropout': 0.20371121643984005, 'hidden_continuous_size': 12, 'attention_head_size': 3, 'learning_rate': 0.07691758564382488}. Best is trial 109 with value: 0.056823763996362686.
LOCAL_RANK: 0 - CUDA_VISIBLE_DEVICES: [0]
[I 2023-11-30 06:11:18,960] Trial 134 finished with value: 0.10881999135017395 and parameters: {'gradient_clip_val': 0.17840638592701677, 'hidden_size': 33, 'dropout': 0.2105050894939822, 'hidden_continuous_size': 13, 'attention_head_size': 3, 'learning_rate': 0.08648408486502707}. Best is trial 109 with value: 0.056823763996362686.
LOCAL_RANK: 0 - CUDA_VISIBLE_DEVICES: [0]
[I 2023-11-30 06:11:31,929] Trial 135 finished with value: 0.08242347091436386 and parameters: {'gradient_clip_val': 0.21481814347988146, 'hidden_size': 41, 'dropout': 0.19920585377321948, 'hidden_continuous_size': 11, 'attention_head_size': 3, 'learning_rate': 0.09434499995776964}. Best is trial 109 with value: 0.056823763996362686.
LOCAL_RANK: 0 - CUDA_VISIBLE_DEVICES: [0]
[I 2023-11-30 06:11:44,975] Trial 136 finished with value: 0.09654363244771957 and parameters: {'gradient_clip_val': 0.2068039504231763, 'hidden_size': 39, 'dropout': 0.2037895370535242, 'hidden_continuous_size': 11, 'attention_head_size': 3, 'learning_rate': 0.09859880372095478}. Best is trial 109 with value: 0.056823763996362686.
LOCAL_RANK: 0 - CUDA_VISIBLE_DEVICES: [0]
[I 2023-11-30 06:11:57,965] Trial 137 finished with value: 0.10552213340997696 and parameters: {'gradient_clip_val': 0.21851698991128352, 'hidden_size': 42, 'dropout': 0.19594858522965677, 'hidden_continuous_size': 11, 'attention_head_size': 3, 'learning_rate': 0.07304201308885233}. Best is trial 109 with value: 0.056823763996362686.
LOCAL_RANK: 0 - CUDA_VISIBLE_DEVICES: [0]
[I 2023-11-30 06:12:10,945] Trial 138 finished with value: 0.11280114203691483 and parameters: {'gradient_clip_val': 0.2480704465551854, 'hidden_size': 47, 'dropout': 0.21698381406953346, 'hidden_continuous_size': 10, 'attention_head_size': 3, 'learning_rate': 0.0830519641741867}. Best is trial 109 with value: 0.056823763996362686.
LOCAL_RANK: 0 - CUDA_VISIBLE_DEVICES: [0]
[I 2023-11-30 06:12:23,894] Trial 139 finished with value: 0.10857940465211868 and parameters: {'gradient_clip_val': 0.18627655448315333, 'hidden_size': 37, 'dropout': 0.1842942115830789, 'hidden_continuous_size': 12, 'attention_head_size': 3, 'learning_rate': 0.06455489991559163}. Best is trial 109 with value: 0.056823763996362686.
LOCAL_RANK: 0 - CUDA_VISIBLE_DEVICES: [0]
[I 2023-11-30 06:12:36,612] Trial 140 finished with value: 0.12097329646348953 and parameters: {'gradient_clip_val': 0.2325804657973936, 'hidden_size': 40, 'dropout': 0.23310150583277664, 'hidden_continuous_size': 11, 'attention_head_size': 3, 'learning_rate': 0.07666671507082955}. Best is trial 109 with value: 0.056823763996362686.
LOCAL_RANK: 0 - CUDA_VISIBLE_DEVICES: [0]
[I 2023-11-30 06:12:49,710] Trial 141 finished with value: 0.08521515130996704 and parameters: {'gradient_clip_val': 0.23455217271418502, 'hidden_size': 35, 'dropout': 0.2279128041486662, 'hidden_continuous_size': 13, 'attention_head_size': 3, 'learning_rate': 0.09334333136638319}. Best is trial 109 with value: 0.056823763996362686.
LOCAL_RANK: 0 - CUDA_VISIBLE_DEVICES: [0]
[I 2023-11-30 06:13:02,499] Trial 142 finished with value: 0.11027256399393082 and parameters: {'gradient_clip_val': 0.21854617381654293, 'hidden_size': 35, 'dropout': 0.22594680318933805, 'hidden_continuous_size': 12, 'attention_head_size': 3, 'learning_rate': 0.09946587234399469}. Best is trial 109 with value: 0.056823763996362686.
LOCAL_RANK: 0 - CUDA_VISIBLE_DEVICES: [0]
[I 2023-11-30 06:13:16,852] Trial 143 finished with value: 0.11739058047533035 and parameters: {'gradient_clip_val': 0.25714943658387507, 'hidden_size': 45, 'dropout': 0.20966285874074253, 'hidden_continuous_size': 43, 'attention_head_size': 3, 'learning_rate': 0.08457324250388618}. Best is trial 109 with value: 0.056823763996362686.
LOCAL_RANK: 0 - CUDA_VISIBLE_DEVICES: [0]
[I 2023-11-30 06:13:29,868] Trial 144 finished with value: 0.12716037034988403 and parameters: {'gradient_clip_val': 0.24054896283806576, 'hidden_size': 38, 'dropout': 0.2349344291068099, 'hidden_continuous_size': 13, 'attention_head_size': 3, 'learning_rate': 0.06200059268734281}. Best is trial 109 with value: 0.056823763996362686.
LOCAL_RANK: 0 - CUDA_VISIBLE_DEVICES: [0]
[I 2023-11-30 06:13:42,673] Trial 145 finished with value: 0.10832583159208298 and parameters: {'gradient_clip_val': 0.19933133296460756, 'hidden_size': 42, 'dropout': 0.21466308467694087, 'hidden_continuous_size': 12, 'attention_head_size': 3, 'learning_rate': 0.07134181393748504}. Best is trial 109 with value: 0.056823763996362686.
LOCAL_RANK: 0 - CUDA_VISIBLE_DEVICES: [0]
[I 2023-11-30 06:13:55,663] Trial 146 finished with value: 0.2648220956325531 and parameters: {'gradient_clip_val': 0.26784589023758404, 'hidden_size': 35, 'dropout': 0.22032189270022162, 'hidden_continuous_size': 13, 'attention_head_size': 3, 'learning_rate': 0.08113202609584953}. Best is trial 109 with value: 0.056823763996362686.
LOCAL_RANK: 0 - CUDA_VISIBLE_DEVICES: [0]
[I 2023-11-30 06:14:08,504] Trial 147 finished with value: 0.12298506498336792 and parameters: {'gradient_clip_val': 0.21345706210234391, 'hidden_size': 33, 'dropout': 0.2301036656894256, 'hidden_continuous_size': 13, 'attention_head_size': 3, 'learning_rate': 0.09007307528820484}. Best is trial 109 with value: 0.056823763996362686.
LOCAL_RANK: 0 - CUDA_VISIBLE_DEVICES: [0]
[I 2023-11-30 06:14:21,676] Trial 148 finished with value: 0.12364104390144348 and parameters: {'gradient_clip_val': 0.22959667779567108, 'hidden_size': 52, 'dropout': 0.19993767625104839, 'hidden_continuous_size': 11, 'attention_head_size': 3, 'learning_rate': 0.06760933813579446}. Best is trial 109 with value: 0.056823763996362686.
LOCAL_RANK: 0 - CUDA_VISIBLE_DEVICES: [0]
[I 2023-11-30 06:14:34,517] Trial 149 finished with value: 0.08190177381038666 and parameters: {'gradient_clip_val': 0.25055767583594607, 'hidden_size': 40, 'dropout': 0.24005700771081542, 'hidden_continuous_size': 18, 'attention_head_size': 3, 'learning_rate': 0.07696348219947657}. Best is trial 109 with value: 0.056823763996362686.
[I 2023-11-30 06:14:34,628] A new study created in memory with name: no-name-75008918-af91-4eb1-b8ff-40c8bca96d2a
/home/le004/conda/anaconda3/envs/tsff_env/lib/python3.9/site-packages/lightning/fabric/plugins/environments/slurm.py:191: The `srun` command is available on your system but is not used. HINT: If your intention is to run Lightning on SLURM, prepend your python command with `srun` like so: srun python /home/le004/master_thesis/git/TSFusionForecast/code/ ...
LOCAL_RANK: 0 - CUDA_VISIBLE_DEVICES: [0]
[I 2023-11-30 06:14:47,149] Trial 0 finished with value: 254.719482421875 and parameters: {'gradient_clip_val': 0.14549385508667756, 'hidden_size': 22, 'dropout': 0.24603273028455788, 'hidden_continuous_size': 13, 'attention_head_size': 3, 'learning_rate': 0.001702668863481294}. Best is trial 0 with value: 254.719482421875.
LOCAL_RANK: 0 - CUDA_VISIBLE_DEVICES: [0]
[I 2023-11-30 06:14:59,774] Trial 1 finished with value: 174.982666015625 and parameters: {'gradient_clip_val': 0.8797238030265292, 'hidden_size': 13, 'dropout': 0.28858736091262394, 'hidden_continuous_size': 12, 'attention_head_size': 2, 'learning_rate': 0.006809801615769041}. Best is trial 1 with value: 174.982666015625.
LOCAL_RANK: 0 - CUDA_VISIBLE_DEVICES: [0]
[I 2023-11-30 06:15:11,878] Trial 2 finished with value: 110.5607681274414 and parameters: {'gradient_clip_val': 0.26745942001952305, 'hidden_size': 16, 'dropout': 0.14413573517459924, 'hidden_continuous_size': 15, 'attention_head_size': 1, 'learning_rate': 0.014614028232629318}. Best is trial 2 with value: 110.5607681274414.
LOCAL_RANK: 0 - CUDA_VISIBLE_DEVICES: [0]
[I 2023-11-30 06:15:22,332] Trial 3 finished with value: 172.0332489013672 and parameters: {'gradient_clip_val': 0.121967054933249, 'hidden_size': 10, 'dropout': 0.3092234905146794, 'hidden_continuous_size': 10, 'attention_head_size': 2, 'learning_rate': 0.012871397313212843}. Best is trial 2 with value: 110.5607681274414.
LOCAL_RANK: 0 - CUDA_VISIBLE_DEVICES: [0]
[I 2023-11-30 06:15:34,930] Trial 4 finished with value: 225.2886505126953 and parameters: {'gradient_clip_val': 0.5895559774319196, 'hidden_size': 18, 'dropout': 0.12714308616270198, 'hidden_continuous_size': 17, 'attention_head_size': 3, 'learning_rate': 0.005837729497375348}. Best is trial 2 with value: 110.5607681274414.
LOCAL_RANK: 0 - CUDA_VISIBLE_DEVICES: [0]
[I 2023-11-30 06:15:47,938] Trial 5 finished with value: 239.25103759765625 and parameters: {'gradient_clip_val': 0.8468853632616223, 'hidden_size': 41, 'dropout': 0.19613997482550022, 'hidden_continuous_size': 16, 'attention_head_size': 3, 'learning_rate': 0.0024626445441594982}. Best is trial 2 with value: 110.5607681274414.
LOCAL_RANK: 0 - CUDA_VISIBLE_DEVICES: [0]
[I 2023-11-30 06:16:00,320] Trial 6 finished with value: 77.4154281616211 and parameters: {'gradient_clip_val': 0.6720201257035313, 'hidden_size': 20, 'dropout': 0.37125204949522483, 'hidden_continuous_size': 15, 'attention_head_size': 3, 'learning_rate': 0.05473075820530276}. Best is trial 6 with value: 77.4154281616211.
LOCAL_RANK: 0 - CUDA_VISIBLE_DEVICES: [0]
[I 2023-11-30 06:16:11,004] Trial 7 finished with value: 354.4613037109375 and parameters: {'gradient_clip_val': 0.1338669898638059, 'hidden_size': 11, 'dropout': 0.3517303150536727, 'hidden_continuous_size': 11, 'attention_head_size': 3, 'learning_rate': 0.0031326568515580183}. Best is trial 6 with value: 77.4154281616211.
LOCAL_RANK: 0 - CUDA_VISIBLE_DEVICES: [0]
[I 2023-11-30 06:16:23,710] Trial 8 finished with value: 66.0030746459961 and parameters: {'gradient_clip_val': 0.7702200306456897, 'hidden_size': 26, 'dropout': 0.1363368867888628, 'hidden_continuous_size': 14, 'attention_head_size': 3, 'learning_rate': 0.025205072248352497}. Best is trial 8 with value: 66.0030746459961.
LOCAL_RANK: 0 - CUDA_VISIBLE_DEVICES: [0]
