[I 2023-11-30 11:54:28,811] Trial 9 finished with value: 0.36512044072151184 and parameters: {'gradient_clip_val': 0.776559118703017, 'hidden_size': 50, 'dropout': 0.2772750333644225, 'hidden_continuous_size': 34, 'attention_head_size': 4, 'learning_rate': 0.005227729646103701}. Best is trial 7 with value: 0.09246984124183655.
LOCAL_RANK: 0 - CUDA_VISIBLE_DEVICES: [0]
[I 2023-11-30 11:54:43,373] Trial 10 finished with value: 0.15694649517536163 and parameters: {'gradient_clip_val': 0.10252702908514773, 'hidden_size': 124, 'dropout': 0.18678948739713697, 'hidden_continuous_size': 100, 'attention_head_size': 3, 'learning_rate': 0.08881906458443473}. Best is trial 7 with value: 0.09246984124183655.
LOCAL_RANK: 0 - CUDA_VISIBLE_DEVICES: [0]
[I 2023-11-30 11:54:57,987] Trial 11 finished with value: 0.1474055051803589 and parameters: {'gradient_clip_val': 0.23733423638546206, 'hidden_size': 145, 'dropout': 0.10099514529800975, 'hidden_continuous_size': 22, 'attention_head_size': 2, 'learning_rate': 0.0340396295845878}. Best is trial 7 with value: 0.09246984124183655.
LOCAL_RANK: 0 - CUDA_VISIBLE_DEVICES: [0]
[I 2023-11-30 11:55:11,807] Trial 12 finished with value: 0.11428988724946976 and parameters: {'gradient_clip_val': 0.2640680293290635, 'hidden_size': 77, 'dropout': 0.15536880568571393, 'hidden_continuous_size': 19, 'attention_head_size': 2, 'learning_rate': 0.039727395394187986}. Best is trial 7 with value: 0.09246984124183655.
LOCAL_RANK: 0 - CUDA_VISIBLE_DEVICES: [0]
[I 2023-11-30 11:55:24,434] Trial 13 finished with value: 0.3369753062725067 and parameters: {'gradient_clip_val': 0.18640327917830976, 'hidden_size': 32, 'dropout': 0.21377563118909892, 'hidden_continuous_size': 14, 'attention_head_size': 3, 'learning_rate': 0.022169090854476017}. Best is trial 7 with value: 0.09246984124183655.
LOCAL_RANK: 0 - CUDA_VISIBLE_DEVICES: [0]
[I 2023-11-30 11:55:37,986] Trial 14 finished with value: 0.12769006192684174 and parameters: {'gradient_clip_val': 0.3379456259403492, 'hidden_size': 77, 'dropout': 0.14185423063649005, 'hidden_continuous_size': 27, 'attention_head_size': 1, 'learning_rate': 0.09780567287298789}. Best is trial 7 with value: 0.09246984124183655.
LOCAL_RANK: 0 - CUDA_VISIBLE_DEVICES: [0]
[I 2023-11-30 11:55:50,989] Trial 15 finished with value: 0.08858755975961685 and parameters: {'gradient_clip_val': 0.24396382387117577, 'hidden_size': 36, 'dropout': 0.10373068447617007, 'hidden_continuous_size': 15, 'attention_head_size': 2, 'learning_rate': 0.04984527707056863}. Best is trial 15 with value: 0.08858755975961685.
LOCAL_RANK: 0 - CUDA_VISIBLE_DEVICES: [0]
[I 2023-11-30 11:56:03,794] Trial 16 finished with value: 0.25825196504592896 and parameters: {'gradient_clip_val': 0.15585477807505457, 'hidden_size': 33, 'dropout': 0.18385351650367943, 'hidden_continuous_size': 14, 'attention_head_size': 3, 'learning_rate': 0.05568508980077053}. Best is trial 15 with value: 0.08858755975961685.
LOCAL_RANK: 0 - CUDA_VISIBLE_DEVICES: [0]
[I 2023-11-30 11:56:16,661] Trial 17 finished with value: 0.30997157096862793 and parameters: {'gradient_clip_val': 0.21746289099803515, 'hidden_size': 38, 'dropout': 0.10786175615498773, 'hidden_continuous_size': 18, 'attention_head_size': 1, 'learning_rate': 0.05447134372069945}. Best is trial 15 with value: 0.08858755975961685.
LOCAL_RANK: 0 - CUDA_VISIBLE_DEVICES: [0]
[I 2023-11-30 11:56:29,192] Trial 18 finished with value: 0.17184245586395264 and parameters: {'gradient_clip_val': 0.24492303218132722, 'hidden_size': 26, 'dropout': 0.24264705302121625, 'hidden_continuous_size': 12, 'attention_head_size': 2, 'learning_rate': 0.08510571570287559}. Best is trial 15 with value: 0.08858755975961685.
LOCAL_RANK: 0 - CUDA_VISIBLE_DEVICES: [0]
[I 2023-11-30 11:56:41,585] Trial 19 finished with value: 0.2885831594467163 and parameters: {'gradient_clip_val': 0.1543007752543978, 'hidden_size': 21, 'dropout': 0.17884618345433434, 'hidden_continuous_size': 12, 'attention_head_size': 1, 'learning_rate': 0.04883307336701456}. Best is trial 15 with value: 0.08858755975961685.
LOCAL_RANK: 0 - CUDA_VISIBLE_DEVICES: [0]
[I 2023-11-30 11:56:54,722] Trial 20 finished with value: 0.14701293408870697 and parameters: {'gradient_clip_val': 0.19508072407702956, 'hidden_size': 44, 'dropout': 0.2091704860711667, 'hidden_continuous_size': 18, 'attention_head_size': 2, 'learning_rate': 0.030161202584415094}. Best is trial 15 with value: 0.08858755975961685.
LOCAL_RANK: 0 - CUDA_VISIBLE_DEVICES: [0]
[I 2023-11-30 11:57:08,279] Trial 21 finished with value: 0.13879938423633575 and parameters: {'gradient_clip_val': 0.2780636724783535, 'hidden_size': 64, 'dropout': 0.13362970943131935, 'hidden_continuous_size': 24, 'attention_head_size': 2, 'learning_rate': 0.021283070853984707}. Best is trial 15 with value: 0.08858755975961685.
LOCAL_RANK: 0 - CUDA_VISIBLE_DEVICES: [0]
[I 2023-11-30 11:57:21,877] Trial 22 finished with value: 0.16830094158649445 and parameters: {'gradient_clip_val': 0.29680221020060066, 'hidden_size': 65, 'dropout': 0.12345884445059281, 'hidden_continuous_size': 21, 'attention_head_size': 3, 'learning_rate': 0.06426347289798592}. Best is trial 15 with value: 0.08858755975961685.
LOCAL_RANK: 0 - CUDA_VISIBLE_DEVICES: [0]
[I 2023-11-30 11:57:35,860] Trial 23 finished with value: 0.09934025257825851 and parameters: {'gradient_clip_val': 0.3433106823976887, 'hidden_size': 108, 'dropout': 0.15569774999954028, 'hidden_continuous_size': 26, 'attention_head_size': 2, 'learning_rate': 0.02186412782109454}. Best is trial 15 with value: 0.08858755975961685.
LOCAL_RANK: 0 - CUDA_VISIBLE_DEVICES: [0]
[I 2023-11-30 11:57:49,487] Trial 24 finished with value: 0.19033241271972656 and parameters: {'gradient_clip_val': 0.2389123964158909, 'hidden_size': 70, 'dropout': 0.1173365507692677, 'hidden_continuous_size': 18, 'attention_head_size': 2, 'learning_rate': 0.04237438457257806}. Best is trial 15 with value: 0.08858755975961685.
LOCAL_RANK: 0 - CUDA_VISIBLE_DEVICES: [0]
[I 2023-11-30 11:58:03,531] Trial 25 finished with value: 0.23728148639202118 and parameters: {'gradient_clip_val': 0.43908672564832124, 'hidden_size': 91, 'dropout': 0.14435648503083595, 'hidden_continuous_size': 23, 'attention_head_size': 1, 'learning_rate': 0.06565652566580235}. Best is trial 15 with value: 0.08858755975961685.
LOCAL_RANK: 0 - CUDA_VISIBLE_DEVICES: [0]
[I 2023-11-30 11:58:16,847] Trial 26 finished with value: 0.25497734546661377 and parameters: {'gradient_clip_val': 0.27767484847439716, 'hidden_size': 56, 'dropout': 0.1046993114198384, 'hidden_continuous_size': 16, 'attention_head_size': 3, 'learning_rate': 0.027484578589777077}. Best is trial 15 with value: 0.08858755975961685.
LOCAL_RANK: 0 - CUDA_VISIBLE_DEVICES: [0]
[I 2023-11-30 11:58:30,609] Trial 27 finished with value: 0.1726723462343216 and parameters: {'gradient_clip_val': 0.20464794558612517, 'hidden_size': 79, 'dropout': 0.16139590417990993, 'hidden_continuous_size': 29, 'attention_head_size': 2, 'learning_rate': 0.04402906620464586}. Best is trial 15 with value: 0.08858755975961685.
LOCAL_RANK: 0 - CUDA_VISIBLE_DEVICES: [0]
[I 2023-11-30 11:58:43,489] Trial 28 finished with value: 0.1554357260465622 and parameters: {'gradient_clip_val': 0.31723664203845675, 'hidden_size': 41, 'dropout': 0.12086286751933768, 'hidden_continuous_size': 20, 'attention_head_size': 1, 'learning_rate': 0.017034151543226992}. Best is trial 15 with value: 0.08858755975961685.
LOCAL_RANK: 0 - CUDA_VISIBLE_DEVICES: [0]
[I 2023-11-30 11:58:56,503] Trial 29 finished with value: 0.1000884398818016 and parameters: {'gradient_clip_val': 0.5382031422587491, 'hidden_size': 49, 'dropout': 0.29668814814626143, 'hidden_continuous_size': 16, 'attention_head_size': 1, 'learning_rate': 0.03843669610867682}. Best is trial 15 with value: 0.08858755975961685.
LOCAL_RANK: 0 - CUDA_VISIBLE_DEVICES: [0]
[I 2023-11-30 11:59:09,388] Trial 30 finished with value: 0.09272965043783188 and parameters: {'gradient_clip_val': 0.2505044807719686, 'hidden_size': 44, 'dropout': 0.24584684390988418, 'hidden_continuous_size': 20, 'attention_head_size': 2, 'learning_rate': 0.09841413498035397}. Best is trial 15 with value: 0.08858755975961685.
LOCAL_RANK: 0 - CUDA_VISIBLE_DEVICES: [0]
[I 2023-11-30 11:59:22,673] Trial 31 finished with value: 0.1252456158399582 and parameters: {'gradient_clip_val': 0.23849290696145853, 'hidden_size': 45, 'dropout': 0.24316619843156648, 'hidden_continuous_size': 20, 'attention_head_size': 2, 'learning_rate': 0.09206693836153312}. Best is trial 15 with value: 0.08858755975961685.
LOCAL_RANK: 0 - CUDA_VISIBLE_DEVICES: [0]
[I 2023-11-30 11:59:36,192] Trial 32 finished with value: 0.1625215709209442 and parameters: {'gradient_clip_val': 0.17807908001239584, 'hidden_size': 63, 'dropout': 0.29903266441797743, 'hidden_continuous_size': 23, 'attention_head_size': 2, 'learning_rate': 0.07228292330902297}. Best is trial 15 with value: 0.08858755975961685.
LOCAL_RANK: 0 - CUDA_VISIBLE_DEVICES: [0]
[I 2023-11-30 11:59:49,441] Trial 33 finished with value: 0.11315125226974487 and parameters: {'gradient_clip_val': 0.2665906646322553, 'hidden_size': 53, 'dropout': 0.19554072659368749, 'hidden_continuous_size': 17, 'attention_head_size': 3, 'learning_rate': 0.053154158443414486}. Best is trial 15 with value: 0.08858755975961685.
LOCAL_RANK: 0 - CUDA_VISIBLE_DEVICES: [0]
[I 2023-11-30 12:00:02,390] Trial 34 finished with value: 0.20831866562366486 and parameters: {'gradient_clip_val': 0.21598110625756725, 'hidden_size': 37, 'dropout': 0.2297277539203362, 'hidden_continuous_size': 19, 'attention_head_size': 2, 'learning_rate': 0.07486665696222373}. Best is trial 15 with value: 0.08858755975961685.
LOCAL_RANK: 0 - CUDA_VISIBLE_DEVICES: [0]
[I 2023-11-30 12:00:15,979] Trial 35 finished with value: 0.1449095606803894 and parameters: {'gradient_clip_val': 0.3095092167784909, 'hidden_size': 96, 'dropout': 0.3792222313802951, 'hidden_continuous_size': 30, 'attention_head_size': 1, 'learning_rate': 0.09547338091864013}. Best is trial 15 with value: 0.08858755975961685.
LOCAL_RANK: 0 - CUDA_VISIBLE_DEVICES: [0]
[I 2023-11-30 12:00:29,339] Trial 36 finished with value: 0.44574180245399475 and parameters: {'gradient_clip_val': 0.14072982436914674, 'hidden_size': 49, 'dropout': 0.1689304364562433, 'hidden_continuous_size': 21, 'attention_head_size': 2, 'learning_rate': 0.013925817400882327}. Best is trial 15 with value: 0.08858755975961685.
LOCAL_RANK: 0 - CUDA_VISIBLE_DEVICES: [0]
[I 2023-11-30 12:00:42,638] Trial 37 finished with value: 0.19212520122528076 and parameters: {'gradient_clip_val': 0.17683547358708623, 'hidden_size': 58, 'dropout': 0.35316723300598607, 'hidden_continuous_size': 16, 'attention_head_size': 1, 'learning_rate': 0.05287743566269544}. Best is trial 15 with value: 0.08858755975961685.
LOCAL_RANK: 0 - CUDA_VISIBLE_DEVICES: [0]
[I 2023-11-30 12:00:56,432] Trial 38 finished with value: 0.08478518575429916 and parameters: {'gradient_clip_val': 0.20942231572971678, 'hidden_size': 74, 'dropout': 0.20399471814519654, 'hidden_continuous_size': 25, 'attention_head_size': 3, 'learning_rate': 0.07340157048354257}. Best is trial 38 with value: 0.08478518575429916.
LOCAL_RANK: 0 - CUDA_VISIBLE_DEVICES: [0]
[I 2023-11-30 12:01:09,693] Trial 39 finished with value: 0.31630244851112366 and parameters: {'gradient_clip_val': 0.20012734623492, 'hidden_size': 41, 'dropout': 0.25779133645879726, 'hidden_continuous_size': 21, 'attention_head_size': 4, 'learning_rate': 0.0711127027512355}. Best is trial 38 with value: 0.08478518575429916.
LOCAL_RANK: 0 - CUDA_VISIBLE_DEVICES: [0]
[I 2023-11-30 12:01:23,511] Trial 40 finished with value: 0.2111770361661911 and parameters: {'gradient_clip_val': 0.17192130297872213, 'hidden_size': 83, 'dropout': 0.20180538462179315, 'hidden_continuous_size': 25, 'attention_head_size': 3, 'learning_rate': 0.09843369325923061}. Best is trial 38 with value: 0.08478518575429916.
LOCAL_RANK: 0 - CUDA_VISIBLE_DEVICES: [0]
[I 2023-11-30 12:01:37,457] Trial 41 finished with value: 0.11614614725112915 and parameters: {'gradient_clip_val': 0.22337536899984964, 'hidden_size': 66, 'dropout': 0.21987693259418722, 'hidden_continuous_size': 32, 'attention_head_size': 3, 'learning_rate': 0.061067239114189154}. Best is trial 38 with value: 0.08478518575429916.
LOCAL_RANK: 0 - CUDA_VISIBLE_DEVICES: [0]
[I 2023-11-30 12:01:51,214] Trial 42 finished with value: 0.2534160912036896 and parameters: {'gradient_clip_val': 0.2631309027797035, 'hidden_size': 72, 'dropout': 0.23277855688256693, 'hidden_continuous_size': 39, 'attention_head_size': 3, 'learning_rate': 0.04440661799779032}. Best is trial 38 with value: 0.08478518575429916.
LOCAL_RANK: 0 - CUDA_VISIBLE_DEVICES: [0]
[I 2023-11-30 12:02:04,534] Trial 43 finished with value: 0.34886634349823 and parameters: {'gradient_clip_val': 0.1956777993911737, 'hidden_size': 54, 'dropout': 0.19806943700963414, 'hidden_continuous_size': 25, 'attention_head_size': 2, 'learning_rate': 0.03470167816610091}. Best is trial 38 with value: 0.08478518575429916.
LOCAL_RANK: 0 - CUDA_VISIBLE_DEVICES: [0]
[I 2023-11-30 12:02:18,705] Trial 44 finished with value: 0.17458711564540863 and parameters: {'gradient_clip_val': 0.24765495794184317, 'hidden_size': 107, 'dropout': 0.17063667476617128, 'hidden_continuous_size': 28, 'attention_head_size': 2, 'learning_rate': 0.07973621172482524}. Best is trial 38 with value: 0.08478518575429916.
LOCAL_RANK: 0 - CUDA_VISIBLE_DEVICES: [0]
[I 2023-11-30 12:02:32,770] Trial 45 finished with value: 0.19114594161510468 and parameters: {'gradient_clip_val': 0.22701482545306945, 'hidden_size': 87, 'dropout': 0.1348703542373093, 'hidden_continuous_size': 32, 'attention_head_size': 4, 'learning_rate': 0.06991596960208023}. Best is trial 38 with value: 0.08478518575429916.
LOCAL_RANK: 0 - CUDA_VISIBLE_DEVICES: [0]
[I 2023-11-30 12:02:46,639] Trial 46 finished with value: 0.20032811164855957 and parameters: {'gradient_clip_val': 0.2925835951014588, 'hidden_size': 73, 'dropout': 0.2642711684165389, 'hidden_continuous_size': 23, 'attention_head_size': 3, 'learning_rate': 0.04898513689048141}. Best is trial 38 with value: 0.08478518575429916.
LOCAL_RANK: 0 - CUDA_VISIBLE_DEVICES: [0]
[I 2023-11-30 12:03:00,123] Trial 47 finished with value: 0.11232924461364746 and parameters: {'gradient_clip_val': 0.35394014238297694, 'hidden_size': 60, 'dropout': 0.10048524151022827, 'hidden_continuous_size': 25, 'attention_head_size': 2, 'learning_rate': 0.026433905054078204}. Best is trial 38 with value: 0.08478518575429916.
LOCAL_RANK: 0 - CUDA_VISIBLE_DEVICES: [0]
[I 2023-11-30 12:03:13,408] Trial 48 finished with value: 0.1496136635541916 and parameters: {'gradient_clip_val': 0.21487399253920433, 'hidden_size': 50, 'dropout': 0.21664699901374984, 'hidden_continuous_size': 27, 'attention_head_size': 3, 'learning_rate': 0.03665279542252747}. Best is trial 38 with value: 0.08478518575429916.
LOCAL_RANK: 0 - CUDA_VISIBLE_DEVICES: [0]
[I 2023-11-30 12:03:26,124] Trial 49 finished with value: 0.18830907344818115 and parameters: {'gradient_clip_val': 0.2583260609503195, 'hidden_size': 32, 'dropout': 0.24463487968505077, 'hidden_continuous_size': 22, 'attention_head_size': 2, 'learning_rate': 0.06014096214169311}. Best is trial 38 with value: 0.08478518575429916.
LOCAL_RANK: 0 - CUDA_VISIBLE_DEVICES: [0]
[I 2023-11-30 12:03:39,889] Trial 50 finished with value: 0.10143685340881348 and parameters: {'gradient_clip_val': 0.1544144905094711, 'hidden_size': 81, 'dropout': 0.17995202370158195, 'hidden_continuous_size': 34, 'attention_head_size': 1, 'learning_rate': 0.07925865194505302}. Best is trial 38 with value: 0.08478518575429916.
LOCAL_RANK: 0 - CUDA_VISIBLE_DEVICES: [0]
[I 2023-11-30 12:03:54,177] Trial 51 finished with value: 0.15887737274169922 and parameters: {'gradient_clip_val': 0.34166384791454163, 'hidden_size': 112, 'dropout': 0.13988310770513768, 'hidden_continuous_size': 40, 'attention_head_size': 2, 'learning_rate': 0.009165220053175105}. Best is trial 38 with value: 0.08478518575429916.
LOCAL_RANK: 0 - CUDA_VISIBLE_DEVICES: [0]
[I 2023-11-30 12:04:08,535] Trial 52 finished with value: 0.17082977294921875 and parameters: {'gradient_clip_val': 0.2946561858283834, 'hidden_size': 131, 'dropout': 0.15020433356331175, 'hidden_continuous_size': 45, 'attention_head_size': 2, 'learning_rate': 0.011344538571518794}. Best is trial 38 with value: 0.08478518575429916.
LOCAL_RANK: 0 - CUDA_VISIBLE_DEVICES: [0]
[I 2023-11-30 12:04:22,723] Trial 53 finished with value: 0.1470164805650711 and parameters: {'gradient_clip_val': 0.1872355503222711, 'hidden_size': 108, 'dropout': 0.16108441115112287, 'hidden_continuous_size': 36, 'attention_head_size': 2, 'learning_rate': 0.021678535320541988}. Best is trial 38 with value: 0.08478518575429916.
LOCAL_RANK: 0 - CUDA_VISIBLE_DEVICES: [0]
[I 2023-11-30 12:04:36,705] Trial 54 finished with value: 0.1897166222333908 and parameters: {'gradient_clip_val': 0.23842824213474897, 'hidden_size': 100, 'dropout': 0.12687125749607717, 'hidden_continuous_size': 27, 'attention_head_size': 2, 'learning_rate': 0.02884965062674677}. Best is trial 38 with value: 0.08478518575429916.
LOCAL_RANK: 0 - CUDA_VISIBLE_DEVICES: [0]
[I 2023-11-30 12:04:50,321] Trial 55 finished with value: 0.1710367351770401 and parameters: {'gradient_clip_val': 0.3756070195604357, 'hidden_size': 68, 'dropout': 0.1545618859675319, 'hidden_continuous_size': 26, 'attention_head_size': 3, 'learning_rate': 0.03360067013979412}. Best is trial 38 with value: 0.08478518575429916.
LOCAL_RANK: 0 - CUDA_VISIBLE_DEVICES: [0]
[I 2023-11-30 12:05:04,827] Trial 56 finished with value: 0.1456655114889145 and parameters: {'gradient_clip_val': 0.32336672617167905, 'hidden_size': 147, 'dropout': 0.11202830301706192, 'hidden_continuous_size': 14, 'attention_head_size': 2, 'learning_rate': 0.08321747055020837}. Best is trial 38 with value: 0.08478518575429916.
LOCAL_RANK: 0 - CUDA_VISIBLE_DEVICES: [0]
[I 2023-11-30 12:05:18,503] Trial 57 finished with value: 0.09111125022172928 and parameters: {'gradient_clip_val': 0.2777345550685564, 'hidden_size': 75, 'dropout': 0.12494413459195852, 'hidden_continuous_size': 24, 'attention_head_size': 2, 'learning_rate': 0.046418957972068055}. Best is trial 38 with value: 0.08478518575429916.
LOCAL_RANK: 0 - CUDA_VISIBLE_DEVICES: [0]
[I 2023-11-30 12:05:31,932] Trial 58 finished with value: 0.1913771629333496 and parameters: {'gradient_clip_val': 0.2746096911169698, 'hidden_size': 59, 'dropout': 0.11731887999571589, 'hidden_continuous_size': 24, 'attention_head_size': 1, 'learning_rate': 0.060274016530336344}. Best is trial 38 with value: 0.08478518575429916.
LOCAL_RANK: 0 - CUDA_VISIBLE_DEVICES: [0]
[I 2023-11-30 12:05:45,784] Trial 59 finished with value: 0.2690872848033905 and parameters: {'gradient_clip_val': 0.2025726087173402, 'hidden_size': 89, 'dropout': 0.13013005242379214, 'hidden_continuous_size': 19, 'attention_head_size': 3, 'learning_rate': 0.04024070671855936}. Best is trial 38 with value: 0.08478518575429916.
LOCAL_RANK: 0 - CUDA_VISIBLE_DEVICES: [0]
[I 2023-11-30 12:05:59,391] Trial 60 finished with value: 0.11916261166334152 and parameters: {'gradient_clip_val': 0.2520402457040638, 'hidden_size': 75, 'dropout': 0.11333998558481505, 'hidden_continuous_size': 30, 'attention_head_size': 2, 'learning_rate': 0.046720079981832606}. Best is trial 38 with value: 0.08478518575429916.
LOCAL_RANK: 0 - CUDA_VISIBLE_DEVICES: [0]
[I 2023-11-30 12:06:13,092] Trial 61 finished with value: 0.10008008033037186 and parameters: {'gradient_clip_val': 0.2967752429086719, 'hidden_size': 80, 'dropout': 0.1448364063365023, 'hidden_continuous_size': 22, 'attention_head_size': 2, 'learning_rate': 0.0527289450903316}. Best is trial 38 with value: 0.08478518575429916.
LOCAL_RANK: 0 - CUDA_VISIBLE_DEVICES: [0]
[I 2023-11-30 12:06:26,955] Trial 62 finished with value: 0.10800284892320633 and parameters: {'gradient_clip_val': 0.22674697843858377, 'hidden_size': 96, 'dropout': 0.12958264724379115, 'hidden_continuous_size': 28, 'attention_head_size': 2, 'learning_rate': 0.09945143793206113}. Best is trial 38 with value: 0.08478518575429916.
LOCAL_RANK: 0 - CUDA_VISIBLE_DEVICES: [0]
[I 2023-11-30 12:06:40,635] Trial 63 finished with value: 0.11374857276678085 and parameters: {'gradient_clip_val': 0.2758817246848182, 'hidden_size': 66, 'dropout': 0.10760004512273123, 'hidden_continuous_size': 24, 'attention_head_size': 2, 'learning_rate': 0.060321928337341305}. Best is trial 38 with value: 0.08478518575429916.
LOCAL_RANK: 0 - CUDA_VISIBLE_DEVICES: [0]
[I 2023-11-30 12:06:54,334] Trial 64 finished with value: 0.219943568110466 and parameters: {'gradient_clip_val': 0.3346445368204667, 'hidden_size': 73, 'dropout': 0.12365877429937977, 'hidden_continuous_size': 20, 'attention_head_size': 2, 'learning_rate': 0.025205186235152492}. Best is trial 38 with value: 0.08478518575429916.
LOCAL_RANK: 0 - CUDA_VISIBLE_DEVICES: [0]
[I 2023-11-30 12:07:07,867] Trial 65 finished with value: 0.07871604710817337 and parameters: {'gradient_clip_val': 0.31543576776273996, 'hidden_size': 88, 'dropout': 0.1888110212441646, 'hidden_continuous_size': 26, 'attention_head_size': 1, 'learning_rate': 0.04110694697633563}. Best is trial 65 with value: 0.07871604710817337.
LOCAL_RANK: 0 - CUDA_VISIBLE_DEVICES: [0]
[I 2023-11-30 12:07:21,527] Trial 66 finished with value: 0.11984781175851822 and parameters: {'gradient_clip_val': 0.2498326047413485, 'hidden_size': 62, 'dropout': 0.20707266981687583, 'hidden_continuous_size': 26, 'attention_head_size': 1, 'learning_rate': 0.04191415213816846}. Best is trial 65 with value: 0.07871604710817337.
LOCAL_RANK: 0 - CUDA_VISIBLE_DEVICES: [0]
