[I 2023-11-30 14:22:25,106] Trial 46 finished with value: 0.16530077159404755 and parameters: {'gradient_clip_val': 0.3553734616593453, 'hidden_size': 41, 'dropout': 0.23421387140561487, 'hidden_continuous_size': 14, 'attention_head_size': 1, 'learning_rate': 0.07717444543087223}. Best is trial 1 with value: 0.07276725023984909.
LOCAL_RANK: 0 - CUDA_VISIBLE_DEVICES: [0]
[I 2023-11-30 14:22:40,278] Trial 47 finished with value: 0.1426742821931839 and parameters: {'gradient_clip_val': 0.570811993981261, 'hidden_size': 65, 'dropout': 0.29561231145031774, 'hidden_continuous_size': 19, 'attention_head_size': 1, 'learning_rate': 0.05053274014971804}. Best is trial 1 with value: 0.07276725023984909.
LOCAL_RANK: 0 - CUDA_VISIBLE_DEVICES: [0]
[I 2023-11-30 14:22:54,925] Trial 48 finished with value: 0.10446275025606155 and parameters: {'gradient_clip_val': 0.27117165220207934, 'hidden_size': 49, 'dropout': 0.27321511284559047, 'hidden_continuous_size': 12, 'attention_head_size': 4, 'learning_rate': 0.037654305775858446}. Best is trial 1 with value: 0.07276725023984909.
LOCAL_RANK: 0 - CUDA_VISIBLE_DEVICES: [0]
[I 2023-11-30 14:23:09,536] Trial 49 finished with value: 0.15970708429813385 and parameters: {'gradient_clip_val': 0.2660679440357341, 'hidden_size': 35, 'dropout': 0.2714377635121179, 'hidden_continuous_size': 12, 'attention_head_size': 4, 'learning_rate': 0.038062243157118196}. Best is trial 1 with value: 0.07276725023984909.
LOCAL_RANK: 0 - CUDA_VISIBLE_DEVICES: [0]
[I 2023-11-30 14:23:23,850] Trial 50 finished with value: 0.15942758321762085 and parameters: {'gradient_clip_val': 0.22014261617401465, 'hidden_size': 45, 'dropout': 0.3130394645053332, 'hidden_continuous_size': 11, 'attention_head_size': 4, 'learning_rate': 0.02816437376855683}. Best is trial 1 with value: 0.07276725023984909.
LOCAL_RANK: 0 - CUDA_VISIBLE_DEVICES: [0]
[I 2023-11-30 14:23:38,983] Trial 51 finished with value: 0.3131549060344696 and parameters: {'gradient_clip_val': 0.2872188759563771, 'hidden_size': 54, 'dropout': 0.28127550234385684, 'hidden_continuous_size': 10, 'attention_head_size': 4, 'learning_rate': 0.04565482608715885}. Best is trial 1 with value: 0.07276725023984909.
LOCAL_RANK: 0 - CUDA_VISIBLE_DEVICES: [0]
[I 2023-11-30 14:23:54,470] Trial 52 finished with value: 0.1440330296754837 and parameters: {'gradient_clip_val': 0.3402763889016252, 'hidden_size': 59, 'dropout': 0.25231253635539325, 'hidden_continuous_size': 22, 'attention_head_size': 4, 'learning_rate': 0.08226468359491948}. Best is trial 1 with value: 0.07276725023984909.
LOCAL_RANK: 0 - CUDA_VISIBLE_DEVICES: [0]
[I 2023-11-30 14:24:09,760] Trial 53 finished with value: 0.16433361172676086 and parameters: {'gradient_clip_val': 0.2495384143183638, 'hidden_size': 50, 'dropout': 0.29394867434320204, 'hidden_continuous_size': 13, 'attention_head_size': 4, 'learning_rate': 0.05963132104069987}. Best is trial 1 with value: 0.07276725023984909.
LOCAL_RANK: 0 - CUDA_VISIBLE_DEVICES: [0]
[I 2023-11-30 14:24:24,177] Trial 54 finished with value: 0.12960752844810486 and parameters: {'gradient_clip_val': 0.3156794431669222, 'hidden_size': 40, 'dropout': 0.2588187793733411, 'hidden_continuous_size': 12, 'attention_head_size': 3, 'learning_rate': 0.07059435405625304}. Best is trial 1 with value: 0.07276725023984909.
LOCAL_RANK: 0 - CUDA_VISIBLE_DEVICES: [0]
[I 2023-11-30 14:24:39,047] Trial 55 finished with value: 0.09133250266313553 and parameters: {'gradient_clip_val': 0.21134672647151082, 'hidden_size': 76, 'dropout': 0.2781830289466763, 'hidden_continuous_size': 15, 'attention_head_size': 1, 'learning_rate': 0.03482332776911591}. Best is trial 1 with value: 0.07276725023984909.
LOCAL_RANK: 0 - CUDA_VISIBLE_DEVICES: [0]
[I 2023-11-30 14:24:54,223] Trial 56 finished with value: 0.13211451470851898 and parameters: {'gradient_clip_val': 0.20616053885363542, 'hidden_size': 78, 'dropout': 0.27561826862315686, 'hidden_continuous_size': 16, 'attention_head_size': 1, 'learning_rate': 0.019434777458755128}. Best is trial 1 with value: 0.07276725023984909.
LOCAL_RANK: 0 - CUDA_VISIBLE_DEVICES: [0]
[I 2023-11-30 14:25:10,069] Trial 57 finished with value: 0.25724050402641296 and parameters: {'gradient_clip_val': 0.17808716875432218, 'hidden_size': 90, 'dropout': 0.28410106455002204, 'hidden_continuous_size': 27, 'attention_head_size': 4, 'learning_rate': 0.03732399270267663}. Best is trial 1 with value: 0.07276725023984909.
LOCAL_RANK: 0 - CUDA_VISIBLE_DEVICES: [0]
[I 2023-11-30 14:25:25,387] Trial 58 finished with value: 0.18791526556015015 and parameters: {'gradient_clip_val': 0.24858697806039512, 'hidden_size': 68, 'dropout': 0.3253103876089079, 'hidden_continuous_size': 11, 'attention_head_size': 1, 'learning_rate': 0.03167090685240881}. Best is trial 1 with value: 0.07276725023984909.
LOCAL_RANK: 0 - CUDA_VISIBLE_DEVICES: [0]
[I 2023-11-30 14:25:40,719] Trial 59 finished with value: 0.1953117400407791 and parameters: {'gradient_clip_val': 0.27616883604906406, 'hidden_size': 107, 'dropout': 0.2441142267388809, 'hidden_continuous_size': 19, 'attention_head_size': 2, 'learning_rate': 0.043436041041971914}. Best is trial 1 with value: 0.07276725023984909.
LOCAL_RANK: 0 - CUDA_VISIBLE_DEVICES: [0]
[I 2023-11-30 14:25:55,907] Trial 60 finished with value: 0.15733343362808228 and parameters: {'gradient_clip_val': 0.534704827156699, 'hidden_size': 77, 'dropout': 0.22871663052118446, 'hidden_continuous_size': 14, 'attention_head_size': 1, 'learning_rate': 0.05200011550541414}. Best is trial 1 with value: 0.07276725023984909.
LOCAL_RANK: 0 - CUDA_VISIBLE_DEVICES: [0]
[I 2023-11-30 14:26:11,351] Trial 61 finished with value: 0.129794642329216 and parameters: {'gradient_clip_val': 0.4658977808858788, 'hidden_size': 70, 'dropout': 0.26552454885480936, 'hidden_continuous_size': 13, 'attention_head_size': 1, 'learning_rate': 0.062299117708048926}. Best is trial 1 with value: 0.07276725023984909.
LOCAL_RANK: 0 - CUDA_VISIBLE_DEVICES: [0]
[I 2023-11-30 14:26:26,388] Trial 62 finished with value: 0.268511563539505 and parameters: {'gradient_clip_val': 0.23282374596553337, 'hidden_size': 60, 'dropout': 0.2744440141919001, 'hidden_continuous_size': 15, 'attention_head_size': 1, 'learning_rate': 0.08093935974048139}. Best is trial 1 with value: 0.07276725023984909.
LOCAL_RANK: 0 - CUDA_VISIBLE_DEVICES: [0]
[I 2023-11-30 14:26:40,865] Trial 63 finished with value: 0.5249040722846985 and parameters: {'gradient_clip_val': 0.2847527073941371, 'hidden_size': 43, 'dropout': 0.24290121157779443, 'hidden_continuous_size': 15, 'attention_head_size': 1, 'learning_rate': 0.045258025103537644}. Best is trial 1 with value: 0.07276725023984909.
LOCAL_RANK: 0 - CUDA_VISIBLE_DEVICES: [0]
[I 2023-11-30 14:26:55,362] Trial 64 finished with value: 0.12645815312862396 and parameters: {'gradient_clip_val': 0.7525761798204179, 'hidden_size': 50, 'dropout': 0.2952160514108419, 'hidden_continuous_size': 14, 'attention_head_size': 1, 'learning_rate': 0.08645037706896239}. Best is trial 1 with value: 0.07276725023984909.
LOCAL_RANK: 0 - CUDA_VISIBLE_DEVICES: [0]
[I 2023-11-30 14:27:10,057] Trial 65 finished with value: 0.15097534656524658 and parameters: {'gradient_clip_val': 0.7243515418926775, 'hidden_size': 50, 'dropout': 0.2996769273754924, 'hidden_continuous_size': 12, 'attention_head_size': 1, 'learning_rate': 0.06697179429095096}. Best is trial 1 with value: 0.07276725023984909.
LOCAL_RANK: 0 - CUDA_VISIBLE_DEVICES: [0]
[I 2023-11-30 14:27:25,339] Trial 66 finished with value: 0.1666136533021927 and parameters: {'gradient_clip_val': 0.902511016983831, 'hidden_size': 82, 'dropout': 0.28889781017526345, 'hidden_continuous_size': 17, 'attention_head_size': 4, 'learning_rate': 0.05679665651683022}. Best is trial 1 with value: 0.07276725023984909.
LOCAL_RANK: 0 - CUDA_VISIBLE_DEVICES: [0]
[I 2023-11-30 14:27:39,471] Trial 67 finished with value: 0.18525300920009613 and parameters: {'gradient_clip_val': 0.7838719017284476, 'hidden_size': 31, 'dropout': 0.30980787013159217, 'hidden_continuous_size': 13, 'attention_head_size': 1, 'learning_rate': 0.03369598940105801}. Best is trial 1 with value: 0.07276725023984909.
LOCAL_RANK: 0 - CUDA_VISIBLE_DEVICES: [0]
[I 2023-11-30 14:27:54,884] Trial 68 finished with value: 0.1303766667842865 and parameters: {'gradient_clip_val': 0.9999681957842633, 'hidden_size': 91, 'dropout': 0.27705798907377, 'hidden_continuous_size': 36, 'attention_head_size': 1, 'learning_rate': 0.0848034734706914}. Best is trial 1 with value: 0.07276725023984909.
LOCAL_RANK: 0 - CUDA_VISIBLE_DEVICES: [0]
[I 2023-11-30 14:28:10,071] Trial 69 finished with value: 0.2742341160774231 and parameters: {'gradient_clip_val': 0.6093984595860767, 'hidden_size': 63, 'dropout': 0.29847560417460534, 'hidden_continuous_size': 14, 'attention_head_size': 2, 'learning_rate': 0.025061008003924204}. Best is trial 1 with value: 0.07276725023984909.
LOCAL_RANK: 0 - CUDA_VISIBLE_DEVICES: [0]
[I 2023-11-30 14:28:24,449] Trial 70 finished with value: 0.16911029815673828 and parameters: {'gradient_clip_val': 0.8309135762048491, 'hidden_size': 46, 'dropout': 0.2525403736950229, 'hidden_continuous_size': 11, 'attention_head_size': 1, 'learning_rate': 0.052135015492405366}. Best is trial 1 with value: 0.07276725023984909.
LOCAL_RANK: 0 - CUDA_VISIBLE_DEVICES: [0]
[I 2023-11-30 14:28:40,091] Trial 71 finished with value: 0.17384018003940582 and parameters: {'gradient_clip_val': 0.7584065487228691, 'hidden_size': 55, 'dropout': 0.2671847266869067, 'hidden_continuous_size': 16, 'attention_head_size': 1, 'learning_rate': 0.08968300636085187}. Best is trial 1 with value: 0.07276725023984909.
LOCAL_RANK: 0 - CUDA_VISIBLE_DEVICES: [0]
[I 2023-11-30 14:28:54,236] Trial 72 finished with value: 0.2226811647415161 and parameters: {'gradient_clip_val': 0.6834613510502248, 'hidden_size': 49, 'dropout': 0.25775201360057565, 'hidden_continuous_size': 13, 'attention_head_size': 1, 'learning_rate': 0.06619906791514624}. Best is trial 1 with value: 0.07276725023984909.
LOCAL_RANK: 0 - CUDA_VISIBLE_DEVICES: [0]
[I 2023-11-30 14:29:09,168] Trial 73 finished with value: 0.13826493918895721 and parameters: {'gradient_clip_val': 0.8970849815134131, 'hidden_size': 70, 'dropout': 0.28611786656487925, 'hidden_continuous_size': 18, 'attention_head_size': 1, 'learning_rate': 0.041243058913525144}. Best is trial 1 with value: 0.07276725023984909.
LOCAL_RANK: 0 - CUDA_VISIBLE_DEVICES: [0]
[I 2023-11-30 14:29:23,354] Trial 74 finished with value: 0.25185492634773254 and parameters: {'gradient_clip_val': 0.5471136653273908, 'hidden_size': 42, 'dropout': 0.22350510543209748, 'hidden_continuous_size': 14, 'attention_head_size': 1, 'learning_rate': 0.07344150104175894}. Best is trial 1 with value: 0.07276725023984909.
LOCAL_RANK: 0 - CUDA_VISIBLE_DEVICES: [0]
[I 2023-11-30 14:29:37,776] Trial 75 finished with value: 0.13018746674060822 and parameters: {'gradient_clip_val': 0.6950636024816783, 'hidden_size': 38, 'dropout': 0.23584131130590616, 'hidden_continuous_size': 15, 'attention_head_size': 1, 'learning_rate': 0.09126454919402116}. Best is trial 1 with value: 0.07276725023984909.
LOCAL_RANK: 0 - CUDA_VISIBLE_DEVICES: [0]
[I 2023-11-30 14:29:52,516] Trial 76 finished with value: 0.10877368599176407 and parameters: {'gradient_clip_val': 0.8384074953765257, 'hidden_size': 52, 'dropout': 0.20548123032264157, 'hidden_continuous_size': 23, 'attention_head_size': 1, 'learning_rate': 0.09966783558383342}. Best is trial 1 with value: 0.07276725023984909.
LOCAL_RANK: 0 - CUDA_VISIBLE_DEVICES: [0]
[I 2023-11-30 14:30:07,261] Trial 77 finished with value: 0.08862080425024033 and parameters: {'gradient_clip_val': 0.940716990991409, 'hidden_size': 56, 'dropout': 0.20894384094629792, 'hidden_continuous_size': 21, 'attention_head_size': 2, 'learning_rate': 0.05687804955350236}. Best is trial 1 with value: 0.07276725023984909.
LOCAL_RANK: 0 - CUDA_VISIBLE_DEVICES: [0]
[I 2023-11-30 14:30:21,549] Trial 78 finished with value: 0.11815336346626282 and parameters: {'gradient_clip_val': 0.9355816716049545, 'hidden_size': 56, 'dropout': 0.20199613509080439, 'hidden_continuous_size': 24, 'attention_head_size': 2, 'learning_rate': 0.05832263004791257}. Best is trial 1 with value: 0.07276725023984909.
LOCAL_RANK: 0 - CUDA_VISIBLE_DEVICES: [0]
[I 2023-11-30 14:30:36,357] Trial 79 finished with value: 0.12144843488931656 and parameters: {'gradient_clip_val': 0.9264478601800998, 'hidden_size': 57, 'dropout': 0.20562259826320178, 'hidden_continuous_size': 21, 'attention_head_size': 2, 'learning_rate': 0.054239570968202755}. Best is trial 1 with value: 0.07276725023984909.
LOCAL_RANK: 0 - CUDA_VISIBLE_DEVICES: [0]
[I 2023-11-30 14:30:51,407] Trial 80 finished with value: 0.11883842945098877 and parameters: {'gradient_clip_val': 0.8697713946929223, 'hidden_size': 63, 'dropout': 0.19273050002643166, 'hidden_continuous_size': 22, 'attention_head_size': 2, 'learning_rate': 0.06428016394917448}. Best is trial 1 with value: 0.07276725023984909.
LOCAL_RANK: 0 - CUDA_VISIBLE_DEVICES: [0]
[I 2023-11-30 14:31:06,334] Trial 81 finished with value: 0.11695633083581924 and parameters: {'gradient_clip_val': 0.8582839595109787, 'hidden_size': 63, 'dropout': 0.18343599738687488, 'hidden_continuous_size': 23, 'attention_head_size': 2, 'learning_rate': 0.059794375184008645}. Best is trial 1 with value: 0.07276725023984909.
LOCAL_RANK: 0 - CUDA_VISIBLE_DEVICES: [0]
[I 2023-11-30 14:31:21,041] Trial 82 finished with value: 0.13868348300457 and parameters: {'gradient_clip_val': 0.8277816575751742, 'hidden_size': 53, 'dropout': 0.21391909997854328, 'hidden_continuous_size': 24, 'attention_head_size': 2, 'learning_rate': 0.04861698803910571}. Best is trial 1 with value: 0.07276725023984909.
LOCAL_RANK: 0 - CUDA_VISIBLE_DEVICES: [0]
[I 2023-11-30 14:31:35,603] Trial 83 finished with value: 0.10357824712991714 and parameters: {'gradient_clip_val': 0.9577811835305479, 'hidden_size': 46, 'dropout': 0.19446372409458001, 'hidden_continuous_size': 25, 'attention_head_size': 2, 'learning_rate': 0.07513464835431163}. Best is trial 1 with value: 0.07276725023984909.
LOCAL_RANK: 0 - CUDA_VISIBLE_DEVICES: [0]
[I 2023-11-30 14:31:49,937] Trial 84 finished with value: 0.11345412582159042 and parameters: {'gradient_clip_val': 0.8554423180434026, 'hidden_size': 46, 'dropout': 0.16874387115123035, 'hidden_continuous_size': 25, 'attention_head_size': 2, 'learning_rate': 0.07768633984598013}. Best is trial 1 with value: 0.07276725023984909.
LOCAL_RANK: 0 - CUDA_VISIBLE_DEVICES: [0]
[I 2023-11-30 14:32:04,588] Trial 85 finished with value: 0.24179856479167938 and parameters: {'gradient_clip_val': 0.9512568359284616, 'hidden_size': 47, 'dropout': 0.17152460058165167, 'hidden_continuous_size': 27, 'attention_head_size': 3, 'learning_rate': 0.07661110179802018}. Best is trial 1 with value: 0.07276725023984909.
LOCAL_RANK: 0 - CUDA_VISIBLE_DEVICES: [0]
[I 2023-11-30 14:32:19,579] Trial 86 finished with value: 0.08054662495851517 and parameters: {'gradient_clip_val': 0.777362360921707, 'hidden_size': 43, 'dropout': 0.1924759724879679, 'hidden_continuous_size': 25, 'attention_head_size': 2, 'learning_rate': 0.09705523273339248}. Best is trial 1 with value: 0.07276725023984909.
LOCAL_RANK: 0 - CUDA_VISIBLE_DEVICES: [0]
[I 2023-11-30 14:32:34,026] Trial 87 finished with value: 0.20947594940662384 and parameters: {'gradient_clip_val': 0.7996161630475138, 'hidden_size': 43, 'dropout': 0.2117346009434744, 'hidden_continuous_size': 21, 'attention_head_size': 2, 'learning_rate': 0.07014653528393204}. Best is trial 1 with value: 0.07276725023984909.
LOCAL_RANK: 0 - CUDA_VISIBLE_DEVICES: [0]
[I 2023-11-30 14:32:48,087] Trial 88 finished with value: 0.11037304252386093 and parameters: {'gradient_clip_val': 0.9700191737171299, 'hidden_size': 40, 'dropout': 0.19124794894758554, 'hidden_continuous_size': 25, 'attention_head_size': 2, 'learning_rate': 0.08180016616720079}. Best is trial 1 with value: 0.07276725023984909.
LOCAL_RANK: 0 - CUDA_VISIBLE_DEVICES: [0]
[I 2023-11-30 14:33:02,673] Trial 89 finished with value: 0.10923679918050766 and parameters: {'gradient_clip_val': 0.9980786351806334, 'hidden_size': 40, 'dropout': 0.19425795369012186, 'hidden_continuous_size': 26, 'attention_head_size': 2, 'learning_rate': 0.08812365461430176}. Best is trial 1 with value: 0.07276725023984909.
LOCAL_RANK: 0 - CUDA_VISIBLE_DEVICES: [0]
[I 2023-11-30 14:33:17,025] Trial 90 finished with value: 0.10479360818862915 and parameters: {'gradient_clip_val': 0.9644195824660071, 'hidden_size': 37, 'dropout': 0.19923067125614466, 'hidden_continuous_size': 23, 'attention_head_size': 3, 'learning_rate': 0.09781413499538427}. Best is trial 1 with value: 0.07276725023984909.
LOCAL_RANK: 0 - CUDA_VISIBLE_DEVICES: [0]
[I 2023-11-30 14:33:30,356] Trial 91 finished with value: 0.14304839074611664 and parameters: {'gradient_clip_val': 0.9968417116180431, 'hidden_size': 37, 'dropout': 0.19609629782495666, 'hidden_continuous_size': 21, 'attention_head_size': 3, 'learning_rate': 0.09933073564455337}. Best is trial 1 with value: 0.07276725023984909.
LOCAL_RANK: 0 - CUDA_VISIBLE_DEVICES: [0]
[I 2023-11-30 14:33:43,476] Trial 92 finished with value: 0.12796925008296967 and parameters: {'gradient_clip_val': 0.9088095529294906, 'hidden_size': 44, 'dropout': 0.210278796850644, 'hidden_continuous_size': 23, 'attention_head_size': 3, 'learning_rate': 0.08931139068617021}. Best is trial 1 with value: 0.07276725023984909.
LOCAL_RANK: 0 - CUDA_VISIBLE_DEVICES: [0]
[I 2023-11-30 14:33:56,467] Trial 93 finished with value: 0.17724502086639404 and parameters: {'gradient_clip_val': 0.9522339654161966, 'hidden_size': 36, 'dropout': 0.2035545890592962, 'hidden_continuous_size': 24, 'attention_head_size': 4, 'learning_rate': 0.06971997645361894}. Best is trial 1 with value: 0.07276725023984909.
LOCAL_RANK: 0 - CUDA_VISIBLE_DEVICES: [0]
[I 2023-11-30 14:34:09,530] Trial 94 finished with value: 0.1344301551580429 and parameters: {'gradient_clip_val': 0.8714136960165504, 'hidden_size': 39, 'dropout': 0.22261162868039228, 'hidden_continuous_size': 20, 'attention_head_size': 2, 'learning_rate': 0.0822654397601867}. Best is trial 1 with value: 0.07276725023984909.
LOCAL_RANK: 0 - CUDA_VISIBLE_DEVICES: [0]
[I 2023-11-30 14:34:22,456] Trial 95 finished with value: 0.09719423204660416 and parameters: {'gradient_clip_val': 0.7711386214338666, 'hidden_size': 33, 'dropout': 0.21713396798536805, 'hidden_continuous_size': 25, 'attention_head_size': 2, 'learning_rate': 0.06516650993398297}. Best is trial 1 with value: 0.07276725023984909.
LOCAL_RANK: 0 - CUDA_VISIBLE_DEVICES: [0]
[I 2023-11-30 14:34:35,494] Trial 96 finished with value: 0.1133316159248352 and parameters: {'gradient_clip_val': 0.7753918938544158, 'hidden_size': 33, 'dropout': 0.21619047436351374, 'hidden_continuous_size': 23, 'attention_head_size': 2, 'learning_rate': 0.06467424228009162}. Best is trial 1 with value: 0.07276725023984909.
LOCAL_RANK: 0 - CUDA_VISIBLE_DEVICES: [0]
[I 2023-11-30 14:34:48,626] Trial 97 finished with value: 0.1695784479379654 and parameters: {'gradient_clip_val': 0.8075340682167094, 'hidden_size': 35, 'dropout': 0.23094841175091432, 'hidden_continuous_size': 22, 'attention_head_size': 3, 'learning_rate': 0.056070967653690365}. Best is trial 1 with value: 0.07276725023984909.
LOCAL_RANK: 0 - CUDA_VISIBLE_DEVICES: [0]
[I 2023-11-30 14:35:02,030] Trial 98 finished with value: 0.24126029014587402 and parameters: {'gradient_clip_val': 0.7484432629367862, 'hidden_size': 51, 'dropout': 0.23969361527722027, 'hidden_continuous_size': 27, 'attention_head_size': 4, 'learning_rate': 0.04789449437409406}. Best is trial 1 with value: 0.07276725023984909.
LOCAL_RANK: 0 - CUDA_VISIBLE_DEVICES: [0]
[I 2023-11-30 14:35:14,872] Trial 99 finished with value: 0.13706491887569427 and parameters: {'gradient_clip_val': 0.7161279751994077, 'hidden_size': 37, 'dropout': 0.22186000285395713, 'hidden_continuous_size': 19, 'attention_head_size': 2, 'learning_rate': 0.0724395747124304}. Best is trial 1 with value: 0.07276725023984909.
LOCAL_RANK: 0 - CUDA_VISIBLE_DEVICES: [0]
[I 2023-11-30 14:35:28,132] Trial 100 finished with value: 0.1343175321817398 and parameters: {'gradient_clip_val': 0.8310617609284924, 'hidden_size': 42, 'dropout': 0.20088217936083144, 'hidden_continuous_size': 25, 'attention_head_size': 4, 'learning_rate': 0.06491911483164893}. Best is trial 1 with value: 0.07276725023984909.
LOCAL_RANK: 0 - CUDA_VISIBLE_DEVICES: [0]
[I 2023-11-30 14:35:41,182] Trial 101 finished with value: 0.12051514536142349 and parameters: {'gradient_clip_val': 0.93307491791878, 'hidden_size': 40, 'dropout': 0.2086211977368488, 'hidden_continuous_size': 26, 'attention_head_size': 2, 'learning_rate': 0.08786308180457368}. Best is trial 1 with value: 0.07276725023984909.
LOCAL_RANK: 0 - CUDA_VISIBLE_DEVICES: [0]
[I 2023-11-30 14:35:55,371] Trial 102 finished with value: 0.28748613595962524 and parameters: {'gradient_clip_val': 0.8893833285416475, 'hidden_size': 46, 'dropout': 0.18893548201704197, 'hidden_continuous_size': 28, 'attention_head_size': 2, 'learning_rate': 0.0989306821022959}. Best is trial 1 with value: 0.07276725023984909.
LOCAL_RANK: 0 - CUDA_VISIBLE_DEVICES: [0]
[I 2023-11-30 14:36:09,403] Trial 103 finished with value: 0.15129531919956207 and parameters: {'gradient_clip_val': 0.9636948139833554, 'hidden_size': 33, 'dropout': 0.19679564230099522, 'hidden_continuous_size': 24, 'attention_head_size': 2, 'learning_rate': 0.07719075689543062}. Best is trial 1 with value: 0.07276725023984909.
LOCAL_RANK: 0 - CUDA_VISIBLE_DEVICES: [0]
[I 2023-11-30 14:36:23,543] Trial 104 finished with value: 0.21013808250427246 and parameters: {'gradient_clip_val': 0.6528083024542289, 'hidden_size': 52, 'dropout': 0.1858388100394925, 'hidden_continuous_size': 26, 'attention_head_size': 2, 'learning_rate': 0.042229679874126284}. Best is trial 1 with value: 0.07276725023984909.
LOCAL_RANK: 0 - CUDA_VISIBLE_DEVICES: [0]
