[I 2023-11-30 15:04:10,351] Trial 71 finished with value: 0.34414541721343994 and parameters: {'gradient_clip_val': 0.6281460965480546, 'hidden_size': 91, 'dropout': 0.16446426571344383, 'hidden_continuous_size': 42, 'attention_head_size': 2, 'learning_rate': 0.06822870304813944}. Best is trial 11 with value: 0.1773584485054016.
LOCAL_RANK: 0 - CUDA_VISIBLE_DEVICES: [0]
[I 2023-11-30 15:04:25,036] Trial 72 finished with value: 0.2376585453748703 and parameters: {'gradient_clip_val': 0.7363854842270438, 'hidden_size': 92, 'dropout': 0.15349606161238366, 'hidden_continuous_size': 38, 'attention_head_size': 2, 'learning_rate': 0.08483593540256691}. Best is trial 11 with value: 0.1773584485054016.
LOCAL_RANK: 0 - CUDA_VISIBLE_DEVICES: [0]
[I 2023-11-30 15:04:39,664] Trial 73 finished with value: 0.26262518763542175 and parameters: {'gradient_clip_val': 0.5993784800622888, 'hidden_size': 86, 'dropout': 0.22206990997876755, 'hidden_continuous_size': 45, 'attention_head_size': 2, 'learning_rate': 0.06646909250082476}. Best is trial 11 with value: 0.1773584485054016.
LOCAL_RANK: 0 - CUDA_VISIBLE_DEVICES: [0]
[I 2023-11-30 15:04:54,601] Trial 74 finished with value: 0.3236373960971832 and parameters: {'gradient_clip_val': 0.5176918097239805, 'hidden_size': 100, 'dropout': 0.14444024568947475, 'hidden_continuous_size': 32, 'attention_head_size': 2, 'learning_rate': 0.09176228705358183}. Best is trial 11 with value: 0.1773584485054016.
LOCAL_RANK: 0 - CUDA_VISIBLE_DEVICES: [0]
[I 2023-11-30 15:05:09,098] Trial 75 finished with value: 0.2704091966152191 and parameters: {'gradient_clip_val': 0.803930301845268, 'hidden_size': 65, 'dropout': 0.12977759181257467, 'hidden_continuous_size': 41, 'attention_head_size': 3, 'learning_rate': 0.061878653748884106}. Best is trial 11 with value: 0.1773584485054016.
LOCAL_RANK: 0 - CUDA_VISIBLE_DEVICES: [0]
[I 2023-11-30 15:05:23,675] Trial 76 finished with value: 0.23824059963226318 and parameters: {'gradient_clip_val': 0.6499974684997852, 'hidden_size': 77, 'dropout': 0.1169933758937292, 'hidden_continuous_size': 37, 'attention_head_size': 3, 'learning_rate': 0.07518910005810217}. Best is trial 11 with value: 0.1773584485054016.
LOCAL_RANK: 0 - CUDA_VISIBLE_DEVICES: [0]
[I 2023-11-30 15:05:39,510] Trial 77 finished with value: 0.21129758656024933 and parameters: {'gradient_clip_val': 0.7079888415681656, 'hidden_size': 116, 'dropout': 0.1684383973331331, 'hidden_continuous_size': 53, 'attention_head_size': 2, 'learning_rate': 0.05166875610382723}. Best is trial 11 with value: 0.1773584485054016.
LOCAL_RANK: 0 - CUDA_VISIBLE_DEVICES: [0]
[I 2023-11-30 15:05:55,091] Trial 78 finished with value: 0.24547426402568817 and parameters: {'gradient_clip_val': 0.6911721773243016, 'hidden_size': 138, 'dropout': 0.10785203203257049, 'hidden_continuous_size': 53, 'attention_head_size': 4, 'learning_rate': 0.03688437030285738}. Best is trial 11 with value: 0.1773584485054016.
LOCAL_RANK: 0 - CUDA_VISIBLE_DEVICES: [0]
[I 2023-11-30 15:06:10,459] Trial 79 finished with value: 0.2731139063835144 and parameters: {'gradient_clip_val': 0.978460569618165, 'hidden_size': 117, 'dropout': 0.2150944324537638, 'hidden_continuous_size': 48, 'attention_head_size': 1, 'learning_rate': 0.051203675070025274}. Best is trial 11 with value: 0.1773584485054016.
LOCAL_RANK: 0 - CUDA_VISIBLE_DEVICES: [0]
[I 2023-11-30 15:06:25,137] Trial 80 finished with value: 0.3822123110294342 and parameters: {'gradient_clip_val': 0.8358277470224544, 'hidden_size': 108, 'dropout': 0.1923546451215975, 'hidden_continuous_size': 64, 'attention_head_size': 2, 'learning_rate': 0.044139619769747285}. Best is trial 11 with value: 0.1773584485054016.
LOCAL_RANK: 0 - CUDA_VISIBLE_DEVICES: [0]
[I 2023-11-30 15:06:40,007] Trial 81 finished with value: 0.26396554708480835 and parameters: {'gradient_clip_val': 0.571095298853239, 'hidden_size': 97, 'dropout': 0.1662946159470358, 'hidden_continuous_size': 43, 'attention_head_size': 2, 'learning_rate': 0.054582320008831536}. Best is trial 11 with value: 0.1773584485054016.
LOCAL_RANK: 0 - CUDA_VISIBLE_DEVICES: [0]
[I 2023-11-30 15:06:54,930] Trial 82 finished with value: 0.2572207748889923 and parameters: {'gradient_clip_val': 0.7266374303113846, 'hidden_size': 126, 'dropout': 0.18059215868449455, 'hidden_continuous_size': 50, 'attention_head_size': 2, 'learning_rate': 0.08541713437756872}. Best is trial 11 with value: 0.1773584485054016.
LOCAL_RANK: 0 - CUDA_VISIBLE_DEVICES: [0]
[I 2023-11-30 15:07:09,604] Trial 83 finished with value: 0.2193443328142166 and parameters: {'gradient_clip_val': 0.665732483005711, 'hidden_size': 86, 'dropout': 0.15176856134954575, 'hidden_continuous_size': 39, 'attention_head_size': 2, 'learning_rate': 0.06675363180061092}. Best is trial 11 with value: 0.1773584485054016.
LOCAL_RANK: 0 - CUDA_VISIBLE_DEVICES: [0]
[I 2023-11-30 15:07:24,727] Trial 84 finished with value: 0.24205388128757477 and parameters: {'gradient_clip_val': 0.7798879830805758, 'hidden_size': 85, 'dropout': 0.15073481066409897, 'hidden_continuous_size': 39, 'attention_head_size': 2, 'learning_rate': 0.07750990870540941}. Best is trial 11 with value: 0.1773584485054016.
LOCAL_RANK: 0 - CUDA_VISIBLE_DEVICES: [0]
[I 2023-11-30 15:07:39,093] Trial 85 finished with value: 0.22850720584392548 and parameters: {'gradient_clip_val': 0.6827632369326929, 'hidden_size': 73, 'dropout': 0.1399688474111391, 'hidden_continuous_size': 35, 'attention_head_size': 3, 'learning_rate': 0.05949629503690319}. Best is trial 11 with value: 0.1773584485054016.
LOCAL_RANK: 0 - CUDA_VISIBLE_DEVICES: [0]
[I 2023-11-30 15:07:53,407] Trial 86 finished with value: 0.2693668603897095 and parameters: {'gradient_clip_val': 0.5353335878809898, 'hidden_size': 68, 'dropout': 0.15804861002484577, 'hidden_continuous_size': 40, 'attention_head_size': 3, 'learning_rate': 0.04908108774767505}. Best is trial 11 with value: 0.1773584485054016.
LOCAL_RANK: 0 - CUDA_VISIBLE_DEVICES: [0]
[I 2023-11-30 15:08:07,792] Trial 87 finished with value: 0.2804706394672394 and parameters: {'gradient_clip_val': 0.7656806639322297, 'hidden_size': 79, 'dropout': 0.11980860513257244, 'hidden_continuous_size': 32, 'attention_head_size': 2, 'learning_rate': 0.09972368962388832}. Best is trial 11 with value: 0.1773584485054016.
LOCAL_RANK: 0 - CUDA_VISIBLE_DEVICES: [0]
[I 2023-11-30 15:08:22,669] Trial 88 finished with value: 0.3267157971858978 and parameters: {'gradient_clip_val': 0.5952095315823129, 'hidden_size': 105, 'dropout': 0.13279332107644515, 'hidden_continuous_size': 29, 'attention_head_size': 1, 'learning_rate': 0.040096397071050144}. Best is trial 11 with value: 0.1773584485054016.
LOCAL_RANK: 0 - CUDA_VISIBLE_DEVICES: [0]
[I 2023-11-30 15:08:36,478] Trial 89 finished with value: 0.33036425709724426 and parameters: {'gradient_clip_val': 0.4680772381995534, 'hidden_size': 59, 'dropout': 0.10022036885761992, 'hidden_continuous_size': 36, 'attention_head_size': 4, 'learning_rate': 0.07060745814994357}. Best is trial 11 with value: 0.1773584485054016.
LOCAL_RANK: 0 - CUDA_VISIBLE_DEVICES: [0]
[I 2023-11-30 15:08:50,614] Trial 90 finished with value: 0.34934306144714355 and parameters: {'gradient_clip_val': 0.7180511782820734, 'hidden_size': 88, 'dropout': 0.14770358027302638, 'hidden_continuous_size': 46, 'attention_head_size': 3, 'learning_rate': 0.06154081833261664}. Best is trial 11 with value: 0.1773584485054016.
LOCAL_RANK: 0 - CUDA_VISIBLE_DEVICES: [0]
[I 2023-11-30 15:09:04,717] Trial 91 finished with value: 0.33077922463417053 and parameters: {'gradient_clip_val': 0.6269839201245296, 'hidden_size': 92, 'dropout': 0.17114889842635114, 'hidden_continuous_size': 43, 'attention_head_size': 2, 'learning_rate': 0.0660421843514791}. Best is trial 11 with value: 0.1773584485054016.
LOCAL_RANK: 0 - CUDA_VISIBLE_DEVICES: [0]
[I 2023-11-30 15:09:19,015] Trial 92 finished with value: 0.42068207263946533 and parameters: {'gradient_clip_val': 0.6260207029224708, 'hidden_size': 95, 'dropout': 0.1404395041764429, 'hidden_continuous_size': 40, 'attention_head_size': 2, 'learning_rate': 0.07990148766099475}. Best is trial 11 with value: 0.1773584485054016.
LOCAL_RANK: 0 - CUDA_VISIBLE_DEVICES: [0]
[I 2023-11-30 15:09:32,751] Trial 93 finished with value: 0.2874860167503357 and parameters: {'gradient_clip_val': 0.6698889820300719, 'hidden_size': 84, 'dropout': 0.15847347583445479, 'hidden_continuous_size': 34, 'attention_head_size': 2, 'learning_rate': 0.046123093378837667}. Best is trial 11 with value: 0.1773584485054016.
LOCAL_RANK: 0 - CUDA_VISIBLE_DEVICES: [0]
[I 2023-11-30 15:09:47,107] Trial 94 finished with value: 0.617780864238739 and parameters: {'gradient_clip_val': 0.8587849301862943, 'hidden_size': 115, 'dropout': 0.17622515592827467, 'hidden_continuous_size': 57, 'attention_head_size': 2, 'learning_rate': 0.05382975848435936}. Best is trial 11 with value: 0.1773584485054016.
LOCAL_RANK: 0 - CUDA_VISIBLE_DEVICES: [0]
[I 2023-11-30 15:10:00,982] Trial 95 finished with value: 0.2668725252151489 and parameters: {'gradient_clip_val': 0.6549436768857382, 'hidden_size': 74, 'dropout': 0.12717305123781153, 'hidden_continuous_size': 44, 'attention_head_size': 2, 'learning_rate': 0.09080644480716246}. Best is trial 11 with value: 0.1773584485054016.
LOCAL_RANK: 0 - CUDA_VISIBLE_DEVICES: [0]
[I 2023-11-30 15:10:15,202] Trial 96 finished with value: 0.40692660212516785 and parameters: {'gradient_clip_val': 0.5759909327719226, 'hidden_size': 103, 'dropout': 0.16824195848382814, 'hidden_continuous_size': 37, 'attention_head_size': 2, 'learning_rate': 0.07031972335534058}. Best is trial 11 with value: 0.1773584485054016.
LOCAL_RANK: 0 - CUDA_VISIBLE_DEVICES: [0]
[I 2023-11-30 15:10:29,015] Trial 97 finished with value: 0.39621615409851074 and parameters: {'gradient_clip_val': 0.7840978903477526, 'hidden_size': 79, 'dropout': 0.1614741282571992, 'hidden_continuous_size': 30, 'attention_head_size': 1, 'learning_rate': 0.058974822302811765}. Best is trial 11 with value: 0.1773584485054016.
LOCAL_RANK: 0 - CUDA_VISIBLE_DEVICES: [0]
[I 2023-11-30 15:10:42,881] Trial 98 finished with value: 0.35419654846191406 and parameters: {'gradient_clip_val': 0.7108821623138555, 'hidden_size': 69, 'dropout': 0.15171910126065413, 'hidden_continuous_size': 33, 'attention_head_size': 3, 'learning_rate': 0.04341803685397972}. Best is trial 11 with value: 0.1773584485054016.
LOCAL_RANK: 0 - CUDA_VISIBLE_DEVICES: [0]
[I 2023-11-30 15:10:57,011] Trial 99 finished with value: 0.21988318860530853 and parameters: {'gradient_clip_val': 0.5314771484015601, 'hidden_size': 97, 'dropout': 0.10994446071644147, 'hidden_continuous_size': 42, 'attention_head_size': 2, 'learning_rate': 0.037609233390700485}. Best is trial 11 with value: 0.1773584485054016.
LOCAL_RANK: 0 - CUDA_VISIBLE_DEVICES: [0]
[I 2023-11-30 15:11:11,338] Trial 100 finished with value: 0.3616549074649811 and parameters: {'gradient_clip_val': 0.5182795883759079, 'hidden_size': 129, 'dropout': 0.11315301836563718, 'hidden_continuous_size': 27, 'attention_head_size': 3, 'learning_rate': 0.03589083140692543}. Best is trial 11 with value: 0.1773584485054016.
LOCAL_RANK: 0 - CUDA_VISIBLE_DEVICES: [0]
[I 2023-11-30 15:11:25,365] Trial 101 finished with value: 0.24073940515518188 and parameters: {'gradient_clip_val': 0.5587785624935321, 'hidden_size': 97, 'dropout': 0.12190465019682806, 'hidden_continuous_size': 41, 'attention_head_size': 2, 'learning_rate': 0.050438307987060796}. Best is trial 11 with value: 0.1773584485054016.
LOCAL_RANK: 0 - CUDA_VISIBLE_DEVICES: [0]
[I 2023-11-30 15:11:39,568] Trial 102 finished with value: 0.26353657245635986 and parameters: {'gradient_clip_val': 0.6064942533158477, 'hidden_size': 89, 'dropout': 0.10926534553324996, 'hidden_continuous_size': 38, 'attention_head_size': 2, 'learning_rate': 0.03965336774158158}. Best is trial 11 with value: 0.1773584485054016.
LOCAL_RANK: 0 - CUDA_VISIBLE_DEVICES: [0]
[I 2023-11-30 15:11:53,676] Trial 103 finished with value: 0.25644949078559875 and parameters: {'gradient_clip_val': 0.48985764924455394, 'hidden_size': 83, 'dropout': 0.13480587099262362, 'hidden_continuous_size': 46, 'attention_head_size': 2, 'learning_rate': 0.033416822530657586}. Best is trial 11 with value: 0.1773584485054016.
LOCAL_RANK: 0 - CUDA_VISIBLE_DEVICES: [0]
[I 2023-11-30 15:12:08,021] Trial 104 finished with value: 0.21662068367004395 and parameters: {'gradient_clip_val': 0.7379107431686189, 'hidden_size': 110, 'dropout': 0.12561472706313379, 'hidden_continuous_size': 51, 'attention_head_size': 2, 'learning_rate': 0.06595301654688919}. Best is trial 11 with value: 0.1773584485054016.
LOCAL_RANK: 0 - CUDA_VISIBLE_DEVICES: [0]
[I 2023-11-30 15:12:22,203] Trial 105 finished with value: 0.36320868134498596 and parameters: {'gradient_clip_val': 0.7430918800007997, 'hidden_size': 110, 'dropout': 0.11711105521075058, 'hidden_continuous_size': 52, 'attention_head_size': 2, 'learning_rate': 0.07831438941917612}. Best is trial 11 with value: 0.1773584485054016.
LOCAL_RANK: 0 - CUDA_VISIBLE_DEVICES: [0]
[I 2023-11-30 15:12:36,298] Trial 106 finished with value: 0.2577883005142212 and parameters: {'gradient_clip_val': 0.8215620118625797, 'hidden_size': 102, 'dropout': 0.12604872980188062, 'hidden_continuous_size': 48, 'attention_head_size': 1, 'learning_rate': 0.046417454633227655}. Best is trial 11 with value: 0.1773584485054016.
LOCAL_RANK: 0 - CUDA_VISIBLE_DEVICES: [0]
[I 2023-11-30 15:12:50,770] Trial 107 finished with value: 0.2272353619337082 and parameters: {'gradient_clip_val': 0.678980845418932, 'hidden_size': 118, 'dropout': 0.14402728064454534, 'hidden_continuous_size': 35, 'attention_head_size': 4, 'learning_rate': 0.05155503956422616}. Best is trial 11 with value: 0.1773584485054016.
LOCAL_RANK: 0 - CUDA_VISIBLE_DEVICES: [0]
[I 2023-11-30 15:13:04,567] Trial 108 finished with value: 0.2715202569961548 and parameters: {'gradient_clip_val': 0.8756932674257729, 'hidden_size': 72, 'dropout': 0.10591715440273186, 'hidden_continuous_size': 39, 'attention_head_size': 2, 'learning_rate': 0.056911201268785266}. Best is trial 11 with value: 0.1773584485054016.
LOCAL_RANK: 0 - CUDA_VISIBLE_DEVICES: [0]
[I 2023-11-30 15:13:18,962] Trial 109 finished with value: 0.5877533555030823 and parameters: {'gradient_clip_val': 0.41185460917913347, 'hidden_size': 121, 'dropout': 0.1364233429903762, 'hidden_continuous_size': 55, 'attention_head_size': 3, 'learning_rate': 0.09335743661511801}. Best is trial 11 with value: 0.1773584485054016.
LOCAL_RANK: 0 - CUDA_VISIBLE_DEVICES: [0]
[I 2023-11-30 15:13:32,755] Trial 110 finished with value: 0.25631725788116455 and parameters: {'gradient_clip_val': 0.7513362141088838, 'hidden_size': 62, 'dropout': 0.11340651694678208, 'hidden_continuous_size': 44, 'attention_head_size': 3, 'learning_rate': 0.04156106196330418}. Best is trial 11 with value: 0.1773584485054016.
LOCAL_RANK: 0 - CUDA_VISIBLE_DEVICES: [0]
[I 2023-11-30 15:13:46,989] Trial 111 finished with value: 0.4172007143497467 and parameters: {'gradient_clip_val': 0.6394114324945055, 'hidden_size': 94, 'dropout': 0.13167995252996673, 'hidden_continuous_size': 42, 'attention_head_size': 2, 'learning_rate': 0.06496307835079232}. Best is trial 11 with value: 0.1773584485054016.
LOCAL_RANK: 0 - CUDA_VISIBLE_DEVICES: [0]
[I 2023-11-30 15:14:01,308] Trial 112 finished with value: 0.2659117877483368 and parameters: {'gradient_clip_val': 0.539053478636419, 'hidden_size': 110, 'dropout': 0.1534291661486593, 'hidden_continuous_size': 50, 'attention_head_size': 2, 'learning_rate': 0.07082472784778054}. Best is trial 11 with value: 0.1773584485054016.
LOCAL_RANK: 0 - CUDA_VISIBLE_DEVICES: [0]
[I 2023-11-30 15:14:15,200] Trial 113 finished with value: 0.39457738399505615 and parameters: {'gradient_clip_val': 0.5845105888945507, 'hidden_size': 80, 'dropout': 0.12110434996786375, 'hidden_continuous_size': 45, 'attention_head_size': 2, 'learning_rate': 0.06212289396359268}. Best is trial 11 with value: 0.1773584485054016.
LOCAL_RANK: 0 - CUDA_VISIBLE_DEVICES: [0]
[I 2023-11-30 15:14:29,158] Trial 114 finished with value: 0.19578386843204498 and parameters: {'gradient_clip_val': 0.8143296065855947, 'hidden_size': 88, 'dropout': 0.10566378889024791, 'hidden_continuous_size': 42, 'attention_head_size': 2, 'learning_rate': 0.08195382294049652}. Best is trial 11 with value: 0.1773584485054016.
LOCAL_RANK: 0 - CUDA_VISIBLE_DEVICES: [0]
[I 2023-11-30 15:14:43,114] Trial 115 finished with value: 0.4139143228530884 and parameters: {'gradient_clip_val': 0.8297653316953671, 'hidden_size': 88, 'dropout': 0.11117929380418026, 'hidden_continuous_size': 50, 'attention_head_size': 2, 'learning_rate': 0.08315901020700898}. Best is trial 11 with value: 0.1773584485054016.
LOCAL_RANK: 0 - CUDA_VISIBLE_DEVICES: [0]
[I 2023-11-30 15:14:57,078] Trial 116 finished with value: 0.3134819567203522 and parameters: {'gradient_clip_val': 0.8114200160917389, 'hidden_size': 67, 'dropout': 0.10443557858181877, 'hidden_continuous_size': 47, 'attention_head_size': 2, 'learning_rate': 0.09010129908976502}. Best is trial 11 with value: 0.1773584485054016.
LOCAL_RANK: 0 - CUDA_VISIBLE_DEVICES: [0]
[I 2023-11-30 15:15:12,330] Trial 117 finished with value: 0.49598267674446106 and parameters: {'gradient_clip_val': 0.9173603410279388, 'hidden_size': 100, 'dropout': 0.12532976260633016, 'hidden_continuous_size': 41, 'attention_head_size': 2, 'learning_rate': 0.0732009020898425}. Best is trial 11 with value: 0.1773584485054016.
LOCAL_RANK: 0 - CUDA_VISIBLE_DEVICES: [0]
[I 2023-11-30 15:15:27,098] Trial 118 finished with value: 0.24786458909511566 and parameters: {'gradient_clip_val': 0.7057275501675817, 'hidden_size': 76, 'dropout': 0.11628246623374729, 'hidden_continuous_size': 36, 'attention_head_size': 1, 'learning_rate': 0.05488015410282399}. Best is trial 11 with value: 0.1773584485054016.
LOCAL_RANK: 0 - CUDA_VISIBLE_DEVICES: [0]
[I 2023-11-30 15:15:42,421] Trial 119 finished with value: 0.2455742359161377 and parameters: {'gradient_clip_val': 0.3254951072984779, 'hidden_size': 133, 'dropout': 0.10095174582546915, 'hidden_continuous_size': 61, 'attention_head_size': 2, 'learning_rate': 0.0301995125735672}. Best is trial 11 with value: 0.1773584485054016.
LOCAL_RANK: 0 - CUDA_VISIBLE_DEVICES: [0]
[I 2023-11-30 15:15:57,088] Trial 120 finished with value: 0.26099893450737 and parameters: {'gradient_clip_val': 0.952193636760296, 'hidden_size': 82, 'dropout': 0.1286660669510926, 'hidden_continuous_size': 33, 'attention_head_size': 3, 'learning_rate': 0.07684880134692101}. Best is trial 11 with value: 0.1773584485054016.
LOCAL_RANK: 0 - CUDA_VISIBLE_DEVICES: [0]
[I 2023-11-30 15:16:12,475] Trial 121 finished with value: 0.292706698179245 and parameters: {'gradient_clip_val': 0.7709833735931005, 'hidden_size': 95, 'dropout': 0.1469390712870011, 'hidden_continuous_size': 43, 'attention_head_size': 2, 'learning_rate': 0.06542970907534221}. Best is trial 11 with value: 0.1773584485054016.
LOCAL_RANK: 0 - CUDA_VISIBLE_DEVICES: [0]
[I 2023-11-30 15:16:27,654] Trial 122 finished with value: 0.25876033306121826 and parameters: {'gradient_clip_val': 0.6624348054052108, 'hidden_size': 90, 'dropout': 0.16103285436204384, 'hidden_continuous_size': 42, 'attention_head_size': 2, 'learning_rate': 0.04770671155181691}. Best is trial 11 with value: 0.1773584485054016.
LOCAL_RANK: 0 - CUDA_VISIBLE_DEVICES: [0]
[I 2023-11-30 15:16:42,539] Trial 123 finished with value: 0.3670894205570221 and parameters: {'gradient_clip_val': 0.7302607598946006, 'hidden_size': 106, 'dropout': 0.13887530607197224, 'hidden_continuous_size': 38, 'attention_head_size': 2, 'learning_rate': 0.06004925472978311}. Best is trial 11 with value: 0.1773584485054016.
LOCAL_RANK: 0 - CUDA_VISIBLE_DEVICES: [0]
[I 2023-11-30 15:16:57,811] Trial 124 finished with value: 0.3484938144683838 and parameters: {'gradient_clip_val': 0.6256983717343649, 'hidden_size': 85, 'dropout': 0.1092778582536342, 'hidden_continuous_size': 47, 'attention_head_size': 2, 'learning_rate': 0.08253890151116929}. Best is trial 11 with value: 0.1773584485054016.
LOCAL_RANK: 0 - CUDA_VISIBLE_DEVICES: [0]
[I 2023-11-30 15:17:12,766] Trial 125 finished with value: 0.2704410254955292 and parameters: {'gradient_clip_val': 0.800083669376807, 'hidden_size': 72, 'dropout': 0.1849154633929208, 'hidden_continuous_size': 45, 'attention_head_size': 2, 'learning_rate': 0.06816066390925031}. Best is trial 11 with value: 0.1773584485054016.
LOCAL_RANK: 0 - CUDA_VISIBLE_DEVICES: [0]
[I 2023-11-30 15:17:27,786] Trial 126 finished with value: 0.2702912390232086 and parameters: {'gradient_clip_val': 0.8723981933578664, 'hidden_size': 111, 'dropout': 0.2416575305880882, 'hidden_continuous_size': 31, 'attention_head_size': 4, 'learning_rate': 0.0995125785665901}. Best is trial 11 with value: 0.1773584485054016.
LOCAL_RANK: 0 - CUDA_VISIBLE_DEVICES: [0]
[I 2023-11-30 15:17:43,081] Trial 127 finished with value: 0.2831104099750519 and parameters: {'gradient_clip_val': 0.3853621993560088, 'hidden_size': 99, 'dropout': 0.11965940843937965, 'hidden_continuous_size': 69, 'attention_head_size': 2, 'learning_rate': 0.054911112012285525}. Best is trial 11 with value: 0.1773584485054016.
LOCAL_RANK: 0 - CUDA_VISIBLE_DEVICES: [0]
[I 2023-11-30 15:17:58,327] Trial 128 finished with value: 0.34235310554504395 and parameters: {'gradient_clip_val': 0.3575956871140308, 'hidden_size': 93, 'dropout': 0.17096294241373114, 'hidden_continuous_size': 39, 'attention_head_size': 1, 'learning_rate': 0.04341804720847788}. Best is trial 11 with value: 0.1773584485054016.
LOCAL_RANK: 0 - CUDA_VISIBLE_DEVICES: [0]
