[I 2023-11-29 22:17:19,700] Trial 126 finished with value: 0.08150917291641235 and parameters: {'gradient_clip_val': 0.6946901971671084, 'hidden_size': 40, 'dropout': 0.31896503533520254, 'hidden_continuous_size': 29, 'attention_head_size': 3, 'learning_rate': 0.06435319355844414}. Best is trial 125 with value: 0.06722433120012283.
LOCAL_RANK: 0 - CUDA_VISIBLE_DEVICES: [0]
[I 2023-11-29 22:17:32,989] Trial 127 finished with value: 0.16718722879886627 and parameters: {'gradient_clip_val': 0.5888011415509291, 'hidden_size': 39, 'dropout': 0.31705862166389753, 'hidden_continuous_size': 29, 'attention_head_size': 3, 'learning_rate': 0.06756556421241772}. Best is trial 125 with value: 0.06722433120012283.
LOCAL_RANK: 0 - CUDA_VISIBLE_DEVICES: [0]
[I 2023-11-29 22:17:46,170] Trial 128 finished with value: 0.135577991604805 and parameters: {'gradient_clip_val': 0.621863292221854, 'hidden_size': 42, 'dropout': 0.2967746873034088, 'hidden_continuous_size': 28, 'attention_head_size': 3, 'learning_rate': 0.0624426701688952}. Best is trial 125 with value: 0.06722433120012283.
LOCAL_RANK: 0 - CUDA_VISIBLE_DEVICES: [0]
[I 2023-11-29 22:17:59,261] Trial 129 finished with value: 0.05525316670536995 and parameters: {'gradient_clip_val': 0.6444100559023409, 'hidden_size': 44, 'dropout': 0.321535989234887, 'hidden_continuous_size': 31, 'attention_head_size': 3, 'learning_rate': 0.04580907521252082}. Best is trial 129 with value: 0.05525316670536995.
LOCAL_RANK: 0 - CUDA_VISIBLE_DEVICES: [0]
[I 2023-11-29 22:18:12,143] Trial 130 finished with value: 0.12201186269521713 and parameters: {'gradient_clip_val': 0.6395949168395114, 'hidden_size': 37, 'dropout': 0.33555930361211134, 'hidden_continuous_size': 31, 'attention_head_size': 3, 'learning_rate': 0.04590663393103673}. Best is trial 129 with value: 0.05525316670536995.
LOCAL_RANK: 0 - CUDA_VISIBLE_DEVICES: [0]
[I 2023-11-29 22:18:24,991] Trial 131 finished with value: 0.129948690533638 and parameters: {'gradient_clip_val': 0.7000485640314426, 'hidden_size': 40, 'dropout': 0.3104217182249712, 'hidden_continuous_size': 32, 'attention_head_size': 3, 'learning_rate': 0.05583860336622709}. Best is trial 129 with value: 0.05525316670536995.
LOCAL_RANK: 0 - CUDA_VISIBLE_DEVICES: [0]
[I 2023-11-29 22:18:38,175] Trial 132 finished with value: 0.11479852348566055 and parameters: {'gradient_clip_val': 0.6802634215873943, 'hidden_size': 38, 'dropout': 0.32052667017275843, 'hidden_continuous_size': 29, 'attention_head_size': 3, 'learning_rate': 0.05208247710319159}. Best is trial 129 with value: 0.05525316670536995.
LOCAL_RANK: 0 - CUDA_VISIBLE_DEVICES: [0]
[I 2023-11-29 22:18:51,198] Trial 133 finished with value: 0.1534816175699234 and parameters: {'gradient_clip_val': 0.5963641228878412, 'hidden_size': 42, 'dropout': 0.3521104079023772, 'hidden_continuous_size': 28, 'attention_head_size': 3, 'learning_rate': 0.04290851212562066}. Best is trial 129 with value: 0.05525316670536995.
LOCAL_RANK: 0 - CUDA_VISIBLE_DEVICES: [0]
[I 2023-11-29 22:19:04,439] Trial 134 finished with value: 0.11285942792892456 and parameters: {'gradient_clip_val': 0.648713521518201, 'hidden_size': 45, 'dropout': 0.2995788851893967, 'hidden_continuous_size': 26, 'attention_head_size': 3, 'learning_rate': 0.07504308504827717}. Best is trial 129 with value: 0.05525316670536995.
LOCAL_RANK: 0 - CUDA_VISIBLE_DEVICES: [0]
[I 2023-11-29 22:19:17,101] Trial 135 finished with value: 0.12000962346792221 and parameters: {'gradient_clip_val': 0.6871918399960105, 'hidden_size': 32, 'dropout': 0.33028514627924493, 'hidden_continuous_size': 29, 'attention_head_size': 3, 'learning_rate': 0.06366679680866533}. Best is trial 129 with value: 0.05525316670536995.
LOCAL_RANK: 0 - CUDA_VISIBLE_DEVICES: [0]
[I 2023-11-29 22:19:30,424] Trial 136 finished with value: 0.10983683913946152 and parameters: {'gradient_clip_val': 0.5579306438739641, 'hidden_size': 48, 'dropout': 0.3420325100554134, 'hidden_continuous_size': 32, 'attention_head_size': 3, 'learning_rate': 0.03791278897390918}. Best is trial 129 with value: 0.05525316670536995.
LOCAL_RANK: 0 - CUDA_VISIBLE_DEVICES: [0]
[I 2023-11-29 22:19:43,286] Trial 137 finished with value: 0.10155615955591202 and parameters: {'gradient_clip_val': 0.7095315978566845, 'hidden_size': 36, 'dropout': 0.3598103556381583, 'hidden_continuous_size': 27, 'attention_head_size': 3, 'learning_rate': 0.08260873263528072}. Best is trial 129 with value: 0.05525316670536995.
LOCAL_RANK: 0 - CUDA_VISIBLE_DEVICES: [0]
[I 2023-11-29 22:19:56,397] Trial 138 finished with value: 0.0678199753165245 and parameters: {'gradient_clip_val': 0.7170524586570254, 'hidden_size': 34, 'dropout': 0.2895747047175238, 'hidden_continuous_size': 30, 'attention_head_size': 3, 'learning_rate': 0.06908274486361976}. Best is trial 129 with value: 0.05525316670536995.
LOCAL_RANK: 0 - CUDA_VISIBLE_DEVICES: [0]
[I 2023-11-29 22:20:09,336] Trial 139 finished with value: 0.24150939285755157 and parameters: {'gradient_clip_val': 0.7246561168339543, 'hidden_size': 31, 'dropout': 0.2871557937277428, 'hidden_continuous_size': 25, 'attention_head_size': 3, 'learning_rate': 0.06836601916107544}. Best is trial 129 with value: 0.05525316670536995.
LOCAL_RANK: 0 - CUDA_VISIBLE_DEVICES: [0]
[I 2023-11-29 22:20:22,283] Trial 140 finished with value: 0.13667380809783936 and parameters: {'gradient_clip_val': 0.6087632678047901, 'hidden_size': 33, 'dropout': 0.29264890487990713, 'hidden_continuous_size': 21, 'attention_head_size': 3, 'learning_rate': 0.08966471153745693}. Best is trial 129 with value: 0.05525316670536995.
LOCAL_RANK: 0 - CUDA_VISIBLE_DEVICES: [0]
[I 2023-11-29 22:20:35,756] Trial 141 finished with value: 0.06719491630792618 and parameters: {'gradient_clip_val': 0.8091341590651242, 'hidden_size': 45, 'dropout': 0.30394836495360816, 'hidden_continuous_size': 30, 'attention_head_size': 3, 'learning_rate': 0.05834851981438424}. Best is trial 129 with value: 0.05525316670536995.
LOCAL_RANK: 0 - CUDA_VISIBLE_DEVICES: [0]
[I 2023-11-29 22:20:48,924] Trial 142 finished with value: 0.11397528648376465 and parameters: {'gradient_clip_val': 0.8290546481700525, 'hidden_size': 45, 'dropout': 0.3047127109649327, 'hidden_continuous_size': 31, 'attention_head_size': 3, 'learning_rate': 0.05585045412870071}. Best is trial 129 with value: 0.05525316670536995.
LOCAL_RANK: 0 - CUDA_VISIBLE_DEVICES: [0]
[I 2023-11-29 22:21:01,986] Trial 143 finished with value: 0.14180509746074677 and parameters: {'gradient_clip_val': 0.7398918256548348, 'hidden_size': 39, 'dropout': 0.3105625215506757, 'hidden_continuous_size': 30, 'attention_head_size': 3, 'learning_rate': 0.04907902446694365}. Best is trial 129 with value: 0.05525316670536995.
LOCAL_RANK: 0 - CUDA_VISIBLE_DEVICES: [0]
[I 2023-11-29 22:21:15,149] Trial 144 finished with value: 0.09607275575399399 and parameters: {'gradient_clip_val': 0.7847981823551134, 'hidden_size': 41, 'dropout': 0.31604874635578717, 'hidden_continuous_size': 28, 'attention_head_size': 3, 'learning_rate': 0.07459884543319426}. Best is trial 129 with value: 0.05525316670536995.
LOCAL_RANK: 0 - CUDA_VISIBLE_DEVICES: [0]
[I 2023-11-29 22:21:28,273] Trial 145 finished with value: 0.09443631768226624 and parameters: {'gradient_clip_val': 0.6421764528394488, 'hidden_size': 43, 'dropout': 0.2998294513221678, 'hidden_continuous_size': 23, 'attention_head_size': 3, 'learning_rate': 0.06171382969147982}. Best is trial 129 with value: 0.05525316670536995.
LOCAL_RANK: 0 - CUDA_VISIBLE_DEVICES: [0]
[I 2023-11-29 22:21:41,651] Trial 146 finished with value: 0.12363547831773758 and parameters: {'gradient_clip_val': 0.670348440148505, 'hidden_size': 50, 'dropout': 0.3224686312074215, 'hidden_continuous_size': 29, 'attention_head_size': 3, 'learning_rate': 0.08443441555726676}. Best is trial 129 with value: 0.05525316670536995.
LOCAL_RANK: 0 - CUDA_VISIBLE_DEVICES: [0]
[I 2023-11-29 22:21:55,170] Trial 147 finished with value: 0.15120156109333038 and parameters: {'gradient_clip_val': 0.8130691345536223, 'hidden_size': 46, 'dropout': 0.2830729947127096, 'hidden_continuous_size': 33, 'attention_head_size': 3, 'learning_rate': 0.06988097483582482}. Best is trial 129 with value: 0.05525316670536995.
LOCAL_RANK: 0 - CUDA_VISIBLE_DEVICES: [0]
[I 2023-11-29 22:22:08,176] Trial 148 finished with value: 0.1283378154039383 and parameters: {'gradient_clip_val': 0.7525615001994561, 'hidden_size': 35, 'dropout': 0.29556423355022826, 'hidden_continuous_size': 18, 'attention_head_size': 3, 'learning_rate': 0.07928884051664659}. Best is trial 129 with value: 0.05525316670536995.
LOCAL_RANK: 0 - CUDA_VISIBLE_DEVICES: [0]
[I 2023-11-29 22:22:21,281] Trial 149 finished with value: 0.10390714555978775 and parameters: {'gradient_clip_val': 0.7273350871950746, 'hidden_size': 37, 'dropout': 0.30613735376754087, 'hidden_continuous_size': 31, 'attention_head_size': 3, 'learning_rate': 0.052589900485501974}. Best is trial 129 with value: 0.05525316670536995.
[I 2023-11-29 22:22:21,393] A new study created in memory with name: no-name-f772934b-28b3-4146-897c-dd4739f380b2
/home/le004/conda/anaconda3/envs/tsff_env/lib/python3.9/site-packages/lightning/fabric/plugins/environments/slurm.py:191: The `srun` command is available on your system but is not used. HINT: If your intention is to run Lightning on SLURM, prepend your python command with `srun` like so: srun python /home/le004/master_thesis/git/TSFusionForecast/code/ ...
LOCAL_RANK: 0 - CUDA_VISIBLE_DEVICES: [0]
[I 2023-11-29 22:22:34,508] Trial 0 finished with value: 0.5333792567253113 and parameters: {'gradient_clip_val': 0.6287513540526705, 'hidden_size': 43, 'dropout': 0.23778482168533677, 'hidden_continuous_size': 15, 'attention_head_size': 1, 'learning_rate': 0.006615973538708049}. Best is trial 0 with value: 0.5333792567253113.
LOCAL_RANK: 0 - CUDA_VISIBLE_DEVICES: [0]
[I 2023-11-29 22:22:48,678] Trial 1 finished with value: 0.08896162360906601 and parameters: {'gradient_clip_val': 0.6375693461895736, 'hidden_size': 77, 'dropout': 0.12044979141844775, 'hidden_continuous_size': 70, 'attention_head_size': 2, 'learning_rate': 0.02555304660260599}. Best is trial 1 with value: 0.08896162360906601.
LOCAL_RANK: 0 - CUDA_VISIBLE_DEVICES: [0]
[I 2023-11-29 22:23:01,494] Trial 2 finished with value: 0.23151834309101105 and parameters: {'gradient_clip_val': 0.1257324199486709, 'hidden_size': 27, 'dropout': 0.13729340211508875, 'hidden_continuous_size': 18, 'attention_head_size': 2, 'learning_rate': 0.019684338372282017}. Best is trial 1 with value: 0.08896162360906601.
LOCAL_RANK: 0 - CUDA_VISIBLE_DEVICES: [0]
[I 2023-11-29 22:23:13,732] Trial 3 finished with value: 0.2896696627140045 and parameters: {'gradient_clip_val': 0.24536054487216824, 'hidden_size': 16, 'dropout': 0.2723132646799564, 'hidden_continuous_size': 14, 'attention_head_size': 3, 'learning_rate': 0.029254866097427428}. Best is trial 1 with value: 0.08896162360906601.
LOCAL_RANK: 0 - CUDA_VISIBLE_DEVICES: [0]
[I 2023-11-29 22:23:28,188] Trial 4 finished with value: 0.3350581228733063 and parameters: {'gradient_clip_val': 0.3717420683126782, 'hidden_size': 135, 'dropout': 0.2869765007926888, 'hidden_continuous_size': 21, 'attention_head_size': 4, 'learning_rate': 0.003091348324420117}. Best is trial 1 with value: 0.08896162360906601.
LOCAL_RANK: 0 - CUDA_VISIBLE_DEVICES: [0]
[I 2023-11-29 22:23:40,507] Trial 5 finished with value: 1.0993138551712036 and parameters: {'gradient_clip_val': 0.5311121222860967, 'hidden_size': 19, 'dropout': 0.32836646387284696, 'hidden_continuous_size': 12, 'attention_head_size': 1, 'learning_rate': 0.007815307758086422}. Best is trial 1 with value: 0.08896162360906601.
LOCAL_RANK: 0 - CUDA_VISIBLE_DEVICES: [0]
[I 2023-11-29 22:23:54,978] Trial 6 finished with value: 0.09404469281435013 and parameters: {'gradient_clip_val': 0.25738553399351743, 'hidden_size': 86, 'dropout': 0.3394526802562571, 'hidden_continuous_size': 83, 'attention_head_size': 2, 'learning_rate': 0.034946206485005925}. Best is trial 1 with value: 0.08896162360906601.
LOCAL_RANK: 0 - CUDA_VISIBLE_DEVICES: [0]
[I 2023-11-29 22:24:07,640] Trial 7 finished with value: 0.6534258723258972 and parameters: {'gradient_clip_val': 0.5706994975095349, 'hidden_size': 25, 'dropout': 0.39626116317409754, 'hidden_continuous_size': 20, 'attention_head_size': 3, 'learning_rate': 0.007420228231076275}. Best is trial 1 with value: 0.08896162360906601.
LOCAL_RANK: 0 - CUDA_VISIBLE_DEVICES: [0]
[I 2023-11-29 22:24:21,174] Trial 8 finished with value: 0.8537657856941223 and parameters: {'gradient_clip_val': 0.28084670357598546, 'hidden_size': 83, 'dropout': 0.3659614576620366, 'hidden_continuous_size': 10, 'attention_head_size': 2, 'learning_rate': 0.001117960023217054}. Best is trial 1 with value: 0.08896162360906601.
LOCAL_RANK: 0 - CUDA_VISIBLE_DEVICES: [0]
[I 2023-11-29 22:24:34,165] Trial 9 finished with value: 0.12219088524580002 and parameters: {'gradient_clip_val': 0.21006247173524575, 'hidden_size': 34, 'dropout': 0.23147588930967053, 'hidden_continuous_size': 23, 'attention_head_size': 3, 'learning_rate': 0.02736567463733321}. Best is trial 1 with value: 0.08896162360906601.
LOCAL_RANK: 0 - CUDA_VISIBLE_DEVICES: [0]
[I 2023-11-29 22:24:47,974] Trial 10 finished with value: 0.2111504077911377 and parameters: {'gradient_clip_val': 0.9258070863129648, 'hidden_size': 51, 'dropout': 0.10271795084707364, 'hidden_continuous_size': 45, 'attention_head_size': 4, 'learning_rate': 0.09527293332839602}. Best is trial 1 with value: 0.08896162360906601.
LOCAL_RANK: 0 - CUDA_VISIBLE_DEVICES: [0]
[I 2023-11-29 22:25:02,340] Trial 11 finished with value: 0.2632688581943512 and parameters: {'gradient_clip_val': 0.399314929990424, 'hidden_size': 71, 'dropout': 0.1816473393539222, 'hidden_continuous_size': 68, 'attention_head_size': 2, 'learning_rate': 0.06287984753136508}. Best is trial 1 with value: 0.08896162360906601.
LOCAL_RANK: 0 - CUDA_VISIBLE_DEVICES: [0]
[I 2023-11-29 22:25:16,794] Trial 12 finished with value: 0.2410631626844406 and parameters: {'gradient_clip_val': 0.17804791871763756, 'hidden_size': 100, 'dropout': 0.18516831155932098, 'hidden_continuous_size': 97, 'attention_head_size': 2, 'learning_rate': 0.046966123245209455}. Best is trial 1 with value: 0.08896162360906601.
LOCAL_RANK: 0 - CUDA_VISIBLE_DEVICES: [0]
[I 2023-11-29 22:25:27,146] Trial 13 finished with value: 1.0259119272232056 and parameters: {'gradient_clip_val': 0.31612823305586446, 'hidden_size': 10, 'dropout': 0.3286305740354167, 'hidden_continuous_size': 10, 'attention_head_size': 1, 'learning_rate': 0.01830657884590556}. Best is trial 1 with value: 0.08896162360906601.
LOCAL_RANK: 0 - CUDA_VISIBLE_DEVICES: [0]
[I 2023-11-29 22:25:42,377] Trial 14 finished with value: 0.1684471219778061 and parameters: {'gradient_clip_val': 0.1731675468073372, 'hidden_size': 145, 'dropout': 0.20183995769566396, 'hidden_continuous_size': 143, 'attention_head_size': 2, 'learning_rate': 0.043626088923536234}. Best is trial 1 with value: 0.08896162360906601.
LOCAL_RANK: 0 - CUDA_VISIBLE_DEVICES: [0]
[I 2023-11-29 22:25:55,996] Trial 15 finished with value: 0.1861249953508377 and parameters: {'gradient_clip_val': 0.10041402687377134, 'hidden_size': 58, 'dropout': 0.13509705651870935, 'hidden_continuous_size': 30, 'attention_head_size': 3, 'learning_rate': 0.013597142045405741}. Best is trial 1 with value: 0.08896162360906601.
LOCAL_RANK: 0 - CUDA_VISIBLE_DEVICES: [0]
[I 2023-11-29 22:26:10,006] Trial 16 finished with value: 0.19065554440021515 and parameters: {'gradient_clip_val': 0.9735756298312207, 'hidden_size': 100, 'dropout': 0.29623850048094114, 'hidden_continuous_size': 50, 'attention_head_size': 1, 'learning_rate': 0.09922918392937079}. Best is trial 1 with value: 0.08896162360906601.
LOCAL_RANK: 0 - CUDA_VISIBLE_DEVICES: [0]
[I 2023-11-29 22:26:23,645] Trial 17 finished with value: 0.27463242411613464 and parameters: {'gradient_clip_val': 0.45798206017594184, 'hidden_size': 64, 'dropout': 0.22591181854282633, 'hidden_continuous_size': 32, 'attention_head_size': 2, 'learning_rate': 0.03521566289323822}. Best is trial 1 with value: 0.08896162360906601.
LOCAL_RANK: 0 - CUDA_VISIBLE_DEVICES: [0]
[I 2023-11-29 22:26:36,892] Trial 18 finished with value: 0.1342906355857849 and parameters: {'gradient_clip_val': 0.3265853106854564, 'hidden_size': 47, 'dropout': 0.31789402681457724, 'hidden_continuous_size': 27, 'attention_head_size': 3, 'learning_rate': 0.01508359795421592}. Best is trial 1 with value: 0.08896162360906601.
LOCAL_RANK: 0 - CUDA_VISIBLE_DEVICES: [0]
[I 2023-11-29 22:26:50,744] Trial 19 finished with value: 0.17424499988555908 and parameters: {'gradient_clip_val': 0.7378025904228406, 'hidden_size': 81, 'dropout': 0.260083553255013, 'hidden_continuous_size': 40, 'attention_head_size': 1, 'learning_rate': 0.025429072183507827}. Best is trial 1 with value: 0.08896162360906601.
LOCAL_RANK: 0 - CUDA_VISIBLE_DEVICES: [0]
[I 2023-11-29 22:27:04,393] Trial 20 finished with value: 0.11430559307336807 and parameters: {'gradient_clip_val': 0.4454276431091828, 'hidden_size': 61, 'dropout': 0.25713114259224884, 'hidden_continuous_size': 35, 'attention_head_size': 2, 'learning_rate': 0.04913494186603541}. Best is trial 1 with value: 0.08896162360906601.
LOCAL_RANK: 0 - CUDA_VISIBLE_DEVICES: [0]
[I 2023-11-29 22:27:18,281] Trial 21 finished with value: 0.10953474044799805 and parameters: {'gradient_clip_val': 0.4499669238528378, 'hidden_size': 59, 'dropout': 0.2610554088807293, 'hidden_continuous_size': 34, 'attention_head_size': 2, 'learning_rate': 0.05886497423676868}. Best is trial 1 with value: 0.08896162360906601.
LOCAL_RANK: 0 - CUDA_VISIBLE_DEVICES: [0]
[I 2023-11-29 22:27:32,495] Trial 22 finished with value: 0.11421487480401993 and parameters: {'gradient_clip_val': 0.48233956014905954, 'hidden_size': 105, 'dropout': 0.2954226806827764, 'hidden_continuous_size': 59, 'attention_head_size': 2, 'learning_rate': 0.0627329877223168}. Best is trial 1 with value: 0.08896162360906601.
LOCAL_RANK: 0 - CUDA_VISIBLE_DEVICES: [0]
[I 2023-11-29 22:27:46,263] Trial 23 finished with value: 0.12505127489566803 and parameters: {'gradient_clip_val': 0.7124984333467862, 'hidden_size': 73, 'dropout': 0.35544332357866926, 'hidden_continuous_size': 38, 'attention_head_size': 2, 'learning_rate': 0.03259900856399893}. Best is trial 1 with value: 0.08896162360906601.
LOCAL_RANK: 0 - CUDA_VISIBLE_DEVICES: [0]
[I 2023-11-29 22:27:59,429] Trial 24 finished with value: 0.08768310397863388 and parameters: {'gradient_clip_val': 0.37768328468342555, 'hidden_size': 47, 'dropout': 0.21408620000208625, 'hidden_continuous_size': 26, 'attention_head_size': 3, 'learning_rate': 0.06767206760990115}. Best is trial 24 with value: 0.08768310397863388.
LOCAL_RANK: 0 - CUDA_VISIBLE_DEVICES: [0]
[I 2023-11-29 22:28:12,626] Trial 25 finished with value: 0.22415411472320557 and parameters: {'gradient_clip_val': 0.37580802156118664, 'hidden_size': 41, 'dropout': 0.1583799353956687, 'hidden_continuous_size': 26, 'attention_head_size': 4, 'learning_rate': 0.07343736678861018}. Best is trial 24 with value: 0.08768310397863388.
LOCAL_RANK: 0 - CUDA_VISIBLE_DEVICES: [0]
[I 2023-11-29 22:28:26,086] Trial 26 finished with value: 0.20654504001140594 and parameters: {'gradient_clip_val': 0.31106010877559814, 'hidden_size': 50, 'dropout': 0.20510527124637312, 'hidden_continuous_size': 28, 'attention_head_size': 3, 'learning_rate': 0.03907965662047572}. Best is trial 24 with value: 0.08768310397863388.
LOCAL_RANK: 0 - CUDA_VISIBLE_DEVICES: [0]
[I 2023-11-29 22:28:40,305] Trial 27 finished with value: 0.13864655792713165 and parameters: {'gradient_clip_val': 0.25793426193575736, 'hidden_size': 86, 'dropout': 0.22285169004433222, 'hidden_continuous_size': 49, 'attention_head_size': 3, 'learning_rate': 0.023076174762616482}. Best is trial 24 with value: 0.08768310397863388.
LOCAL_RANK: 0 - CUDA_VISIBLE_DEVICES: [0]
[I 2023-11-29 22:28:54,984] Trial 28 finished with value: 0.24679286777973175 and parameters: {'gradient_clip_val': 0.574561632608936, 'hidden_size': 114, 'dropout': 0.11392978379105345, 'hidden_continuous_size': 69, 'attention_head_size': 3, 'learning_rate': 0.03539245636877616}. Best is trial 24 with value: 0.08768310397863388.
LOCAL_RANK: 0 - CUDA_VISIBLE_DEVICES: [0]
[I 2023-11-29 22:29:07,944] Trial 29 finished with value: 0.12773597240447998 and parameters: {'gradient_clip_val': 0.6202549286980471, 'hidden_size': 39, 'dropout': 0.23619486977395493, 'hidden_continuous_size': 18, 'attention_head_size': 1, 'learning_rate': 0.011686665427778452}. Best is trial 24 with value: 0.08768310397863388.
LOCAL_RANK: 0 - CUDA_VISIBLE_DEVICES: [0]
[I 2023-11-29 22:29:22,686] Trial 30 finished with value: 0.19600777328014374 and parameters: {'gradient_clip_val': 0.38275591877775217, 'hidden_size': 121, 'dropout': 0.17736311451894754, 'hidden_continuous_size': 84, 'attention_head_size': 4, 'learning_rate': 0.01911675336999515}. Best is trial 24 with value: 0.08768310397863388.
LOCAL_RANK: 0 - CUDA_VISIBLE_DEVICES: [0]
[I 2023-11-29 22:29:36,498] Trial 31 finished with value: 0.08455840498209 and parameters: {'gradient_clip_val': 0.49916699312697643, 'hidden_size': 58, 'dropout': 0.24149474581133326, 'hidden_continuous_size': 33, 'attention_head_size': 2, 'learning_rate': 0.05514312152678177}. Best is trial 31 with value: 0.08455840498209.
LOCAL_RANK: 0 - CUDA_VISIBLE_DEVICES: [0]
[I 2023-11-29 22:29:50,165] Trial 32 finished with value: 0.1296076774597168 and parameters: {'gradient_clip_val': 0.5347146927142529, 'hidden_size': 72, 'dropout': 0.24852174288124831, 'hidden_continuous_size': 38, 'attention_head_size': 2, 'learning_rate': 0.05062274139915806}. Best is trial 31 with value: 0.08455840498209.
LOCAL_RANK: 0 - CUDA_VISIBLE_DEVICES: [0]
