[I 2023-11-29 20:45:56,795] Trial 22 finished with value: 0.15291155874729156 and parameters: {'gradient_clip_val': 0.341956253854993, 'hidden_size': 38, 'dropout': 0.18704342834186793, 'hidden_continuous_size': 13, 'attention_head_size': 2, 'learning_rate': 0.051438121790896886}. Best is trial 5 with value: 0.1423303633928299.
LOCAL_RANK: 0 - CUDA_VISIBLE_DEVICES: [0]
[I 2023-11-29 20:46:09,410] Trial 23 finished with value: 0.16129754483699799 and parameters: {'gradient_clip_val': 0.4267359221349016, 'hidden_size': 27, 'dropout': 0.19011002648355668, 'hidden_continuous_size': 11, 'attention_head_size': 1, 'learning_rate': 0.058751645673218014}. Best is trial 5 with value: 0.1423303633928299.
LOCAL_RANK: 0 - CUDA_VISIBLE_DEVICES: [0]
[I 2023-11-29 20:46:21,907] Trial 24 finished with value: 0.22993440926074982 and parameters: {'gradient_clip_val': 0.4547892608615852, 'hidden_size': 29, 'dropout': 0.20352355390192062, 'hidden_continuous_size': 11, 'attention_head_size': 2, 'learning_rate': 0.06827071208105272}. Best is trial 5 with value: 0.1423303633928299.
LOCAL_RANK: 0 - CUDA_VISIBLE_DEVICES: [0]
[I 2023-11-29 20:46:34,832] Trial 25 finished with value: 0.2419777512550354 and parameters: {'gradient_clip_val': 0.30210758554272993, 'hidden_size': 44, 'dropout': 0.23684926016279712, 'hidden_continuous_size': 13, 'attention_head_size': 3, 'learning_rate': 0.06248035997264954}. Best is trial 5 with value: 0.1423303633928299.
LOCAL_RANK: 0 - CUDA_VISIBLE_DEVICES: [0]
[I 2023-11-29 20:46:48,102] Trial 26 finished with value: 0.1674555391073227 and parameters: {'gradient_clip_val': 0.2459488919937137, 'hidden_size': 62, 'dropout': 0.19101755520134725, 'hidden_continuous_size': 14, 'attention_head_size': 1, 'learning_rate': 0.09563837470910616}. Best is trial 5 with value: 0.1423303633928299.
LOCAL_RANK: 0 - CUDA_VISIBLE_DEVICES: [0]
[I 2023-11-29 20:47:01,304] Trial 27 finished with value: 0.3520944118499756 and parameters: {'gradient_clip_val': 0.33370052853627064, 'hidden_size': 42, 'dropout': 0.2669047346851061, 'hidden_continuous_size': 11, 'attention_head_size': 4, 'learning_rate': 0.05497848221458718}. Best is trial 5 with value: 0.1423303633928299.
LOCAL_RANK: 0 - CUDA_VISIBLE_DEVICES: [0]
[I 2023-11-29 20:47:14,747] Trial 28 finished with value: 0.3025337755680084 and parameters: {'gradient_clip_val': 0.4039669971268437, 'hidden_size': 61, 'dropout': 0.18839101097617908, 'hidden_continuous_size': 17, 'attention_head_size': 2, 'learning_rate': 0.028002592553354338}. Best is trial 5 with value: 0.1423303633928299.
LOCAL_RANK: 0 - CUDA_VISIBLE_DEVICES: [0]
[I 2023-11-29 20:47:28,850] Trial 29 finished with value: 0.30835896730422974 and parameters: {'gradient_clip_val': 0.21411621988279886, 'hidden_size': 98, 'dropout': 0.1557175184201266, 'hidden_continuous_size': 24, 'attention_head_size': 3, 'learning_rate': 0.03703120931441062}. Best is trial 5 with value: 0.1423303633928299.
LOCAL_RANK: 0 - CUDA_VISIBLE_DEVICES: [0]
[I 2023-11-29 20:47:41,715] Trial 30 finished with value: 0.2405339926481247 and parameters: {'gradient_clip_val': 0.3012786591840597, 'hidden_size': 46, 'dropout': 0.22252863496626357, 'hidden_continuous_size': 12, 'attention_head_size': 1, 'learning_rate': 0.05368154577789282}. Best is trial 5 with value: 0.1423303633928299.
LOCAL_RANK: 0 - CUDA_VISIBLE_DEVICES: [0]
[I 2023-11-29 20:47:54,769] Trial 31 finished with value: 0.15086831152439117 and parameters: {'gradient_clip_val': 0.2538626475899906, 'hidden_size': 60, 'dropout': 0.18854543834870013, 'hidden_continuous_size': 14, 'attention_head_size': 1, 'learning_rate': 0.08365157491838134}. Best is trial 5 with value: 0.1423303633928299.
LOCAL_RANK: 0 - CUDA_VISIBLE_DEVICES: [0]
[I 2023-11-29 20:48:07,905] Trial 32 finished with value: 0.20153148472309113 and parameters: {'gradient_clip_val': 0.19241043771233127, 'hidden_size': 68, 'dropout': 0.19626724067822243, 'hidden_continuous_size': 14, 'attention_head_size': 1, 'learning_rate': 0.07351184841216891}. Best is trial 5 with value: 0.1423303633928299.
LOCAL_RANK: 0 - CUDA_VISIBLE_DEVICES: [0]
[I 2023-11-29 20:48:21,681] Trial 33 finished with value: 0.3588274419307709 and parameters: {'gradient_clip_val': 0.26158551866390123, 'hidden_size': 85, 'dropout': 0.17403331044041054, 'hidden_continuous_size': 17, 'attention_head_size': 1, 'learning_rate': 0.05892171583895076}. Best is trial 5 with value: 0.1423303633928299.
LOCAL_RANK: 0 - CUDA_VISIBLE_DEVICES: [0]
[I 2023-11-29 20:48:34,618] Trial 34 finished with value: 0.18658001720905304 and parameters: {'gradient_clip_val': 0.3224316190373138, 'hidden_size': 56, 'dropout': 0.15309108471511224, 'hidden_continuous_size': 12, 'attention_head_size': 1, 'learning_rate': 0.09997028172590726}. Best is trial 5 with value: 0.1423303633928299.
LOCAL_RANK: 0 - CUDA_VISIBLE_DEVICES: [0]
[I 2023-11-29 20:48:47,718] Trial 35 finished with value: 0.19351191818714142 and parameters: {'gradient_clip_val': 0.14361180884816482, 'hidden_size': 53, 'dropout': 0.20789131163039773, 'hidden_continuous_size': 11, 'attention_head_size': 1, 'learning_rate': 0.03480477704381619}. Best is trial 5 with value: 0.1423303633928299.
LOCAL_RANK: 0 - CUDA_VISIBLE_DEVICES: [0]
[I 2023-11-29 20:49:01,001] Trial 36 finished with value: 0.24990177154541016 and parameters: {'gradient_clip_val': 0.39510097132936073, 'hidden_size': 65, 'dropout': 0.23133669437575838, 'hidden_continuous_size': 13, 'attention_head_size': 2, 'learning_rate': 0.020770903823392164}. Best is trial 5 with value: 0.1423303633928299.
LOCAL_RANK: 0 - CUDA_VISIBLE_DEVICES: [0]
[I 2023-11-29 20:49:14,760] Trial 37 finished with value: 0.16076235473155975 and parameters: {'gradient_clip_val': 0.13263657332320788, 'hidden_size': 96, 'dropout': 0.18581910793708434, 'hidden_continuous_size': 19, 'attention_head_size': 2, 'learning_rate': 0.07273848148608356}. Best is trial 5 with value: 0.1423303633928299.
LOCAL_RANK: 0 - CUDA_VISIBLE_DEVICES: [0]
[I 2023-11-29 20:49:28,561] Trial 38 finished with value: 0.17932744324207306 and parameters: {'gradient_clip_val': 0.12713743886049478, 'hidden_size': 96, 'dropout': 0.16074807757449158, 'hidden_continuous_size': 19, 'attention_head_size': 3, 'learning_rate': 0.0772221341157285}. Best is trial 5 with value: 0.1423303633928299.
LOCAL_RANK: 0 - CUDA_VISIBLE_DEVICES: [0]
[I 2023-11-29 20:49:42,589] Trial 39 finished with value: 0.189968541264534 and parameters: {'gradient_clip_val': 0.17539747616928097, 'hidden_size': 108, 'dropout': 0.1398301484154617, 'hidden_continuous_size': 23, 'attention_head_size': 2, 'learning_rate': 0.07193667303703236}. Best is trial 5 with value: 0.1423303633928299.
LOCAL_RANK: 0 - CUDA_VISIBLE_DEVICES: [0]
[I 2023-11-29 20:49:56,130] Trial 40 finished with value: 0.14754031598567963 and parameters: {'gradient_clip_val': 0.12448648052155771, 'hidden_size': 76, 'dropout': 0.21235096180439275, 'hidden_continuous_size': 17, 'attention_head_size': 2, 'learning_rate': 0.04299029738325332}. Best is trial 5 with value: 0.1423303633928299.
LOCAL_RANK: 0 - CUDA_VISIBLE_DEVICES: [0]
[I 2023-11-29 20:50:09,856] Trial 41 finished with value: 0.24426400661468506 and parameters: {'gradient_clip_val': 0.12632288486190968, 'hidden_size': 77, 'dropout': 0.21352582969566222, 'hidden_continuous_size': 16, 'attention_head_size': 2, 'learning_rate': 0.04106308573508491}. Best is trial 5 with value: 0.1423303633928299.
LOCAL_RANK: 0 - CUDA_VISIBLE_DEVICES: [0]
[I 2023-11-29 20:50:23,513] Trial 42 finished with value: 0.32579925656318665 and parameters: {'gradient_clip_val': 0.1630789853217915, 'hidden_size': 83, 'dropout': 0.18086090874316962, 'hidden_continuous_size': 18, 'attention_head_size': 2, 'learning_rate': 0.08216954940671053}. Best is trial 5 with value: 0.1423303633928299.
LOCAL_RANK: 0 - CUDA_VISIBLE_DEVICES: [0]
[I 2023-11-29 20:50:37,380] Trial 43 finished with value: 0.17118477821350098 and parameters: {'gradient_clip_val': 0.1177392549926755, 'hidden_size': 71, 'dropout': 0.20456354838464658, 'hidden_continuous_size': 16, 'attention_head_size': 2, 'learning_rate': 0.03140288409621788}. Best is trial 5 with value: 0.1423303633928299.
LOCAL_RANK: 0 - CUDA_VISIBLE_DEVICES: [0]
[I 2023-11-29 20:50:51,545] Trial 44 finished with value: 0.15433581173419952 and parameters: {'gradient_clip_val': 0.14229330383253078, 'hidden_size': 106, 'dropout': 0.24169411855570141, 'hidden_continuous_size': 20, 'attention_head_size': 2, 'learning_rate': 0.02350397458543217}. Best is trial 5 with value: 0.1423303633928299.
LOCAL_RANK: 0 - CUDA_VISIBLE_DEVICES: [0]
[I 2023-11-29 20:51:05,815] Trial 45 finished with value: 0.3067133128643036 and parameters: {'gradient_clip_val': 0.15038782088518174, 'hidden_size': 115, 'dropout': 0.24558772443740712, 'hidden_continuous_size': 29, 'attention_head_size': 3, 'learning_rate': 0.023354269178664226}. Best is trial 5 with value: 0.1423303633928299.
LOCAL_RANK: 0 - CUDA_VISIBLE_DEVICES: [0]
[I 2023-11-29 20:51:20,281] Trial 46 finished with value: 0.3465069830417633 and parameters: {'gradient_clip_val': 0.11546047628236937, 'hidden_size': 135, 'dropout': 0.22030593212424898, 'hidden_continuous_size': 15, 'attention_head_size': 4, 'learning_rate': 0.046418369860041914}. Best is trial 5 with value: 0.1423303633928299.
LOCAL_RANK: 0 - CUDA_VISIBLE_DEVICES: [0]
[I 2023-11-29 20:51:33,911] Trial 47 finished with value: 0.3370610177516937 and parameters: {'gradient_clip_val': 0.14549912733368217, 'hidden_size': 85, 'dropout': 0.2600919186124535, 'hidden_continuous_size': 14, 'attention_head_size': 2, 'learning_rate': 0.03288643376028081}. Best is trial 5 with value: 0.1423303633928299.
LOCAL_RANK: 0 - CUDA_VISIBLE_DEVICES: [0]
[I 2023-11-29 20:51:48,232] Trial 48 finished with value: 0.2734077572822571 and parameters: {'gradient_clip_val': 0.17967094760507304, 'hidden_size': 126, 'dropout': 0.2760777840445941, 'hidden_continuous_size': 21, 'attention_head_size': 2, 'learning_rate': 0.03972550279833385}. Best is trial 5 with value: 0.1423303633928299.
LOCAL_RANK: 0 - CUDA_VISIBLE_DEVICES: [0]
[I 2023-11-29 20:52:02,070] Trial 49 finished with value: 0.299111932516098 and parameters: {'gradient_clip_val': 0.10990662798513041, 'hidden_size': 75, 'dropout': 0.21391436565820177, 'hidden_continuous_size': 16, 'attention_head_size': 3, 'learning_rate': 0.015814492385177285}. Best is trial 5 with value: 0.1423303633928299.
LOCAL_RANK: 0 - CUDA_VISIBLE_DEVICES: [0]
[I 2023-11-29 20:52:15,811] Trial 50 finished with value: 0.12542901933193207 and parameters: {'gradient_clip_val': 0.13318478812700685, 'hidden_size': 66, 'dropout': 0.237934931634331, 'hidden_continuous_size': 21, 'attention_head_size': 4, 'learning_rate': 0.027856527438650334}. Best is trial 50 with value: 0.12542901933193207.
LOCAL_RANK: 0 - CUDA_VISIBLE_DEVICES: [0]
[I 2023-11-29 20:52:29,693] Trial 51 finished with value: 0.20933961868286133 and parameters: {'gradient_clip_val': 0.13688697790546014, 'hidden_size': 63, 'dropout': 0.2383762485801681, 'hidden_continuous_size': 20, 'attention_head_size': 4, 'learning_rate': 0.02691148294032523}. Best is trial 50 with value: 0.12542901933193207.
LOCAL_RANK: 0 - CUDA_VISIBLE_DEVICES: [0]
[I 2023-11-29 20:52:43,500] Trial 52 finished with value: 0.19486112892627716 and parameters: {'gradient_clip_val': 0.12028549458315645, 'hidden_size': 70, 'dropout': 0.22345165619025745, 'hidden_continuous_size': 18, 'attention_head_size': 4, 'learning_rate': 0.04538448535107269}. Best is trial 50 with value: 0.12542901933193207.
LOCAL_RANK: 0 - CUDA_VISIBLE_DEVICES: [0]
[I 2023-11-29 20:52:57,093] Trial 53 finished with value: 0.2274370938539505 and parameters: {'gradient_clip_val': 0.1578959931905734, 'hidden_size': 48, 'dropout': 0.20112025427540992, 'hidden_continuous_size': 18, 'attention_head_size': 4, 'learning_rate': 0.05692894335180233}. Best is trial 50 with value: 0.12542901933193207.
LOCAL_RANK: 0 - CUDA_VISIBLE_DEVICES: [0]
[I 2023-11-29 20:53:10,387] Trial 54 finished with value: 0.3033140003681183 and parameters: {'gradient_clip_val': 0.10288467881366026, 'hidden_size': 52, 'dropout': 0.24115942960655437, 'hidden_continuous_size': 21, 'attention_head_size': 4, 'learning_rate': 0.03294268779111143}. Best is trial 50 with value: 0.12542901933193207.
LOCAL_RANK: 0 - CUDA_VISIBLE_DEVICES: [0]
[I 2023-11-29 20:53:24,272] Trial 55 finished with value: 0.16486676037311554 and parameters: {'gradient_clip_val': 0.10955021936036081, 'hidden_size': 81, 'dropout': 0.2852642183506175, 'hidden_continuous_size': 23, 'attention_head_size': 3, 'learning_rate': 0.021669415915333914}. Best is trial 50 with value: 0.12542901933193207.
LOCAL_RANK: 0 - CUDA_VISIBLE_DEVICES: [0]
[I 2023-11-29 20:53:37,854] Trial 56 finished with value: 0.28091737627983093 and parameters: {'gradient_clip_val': 0.1322577564266562, 'hidden_size': 61, 'dropout': 0.16631507329828965, 'hidden_continuous_size': 27, 'attention_head_size': 2, 'learning_rate': 0.04086768315380584}. Best is trial 50 with value: 0.12542901933193207.
LOCAL_RANK: 0 - CUDA_VISIBLE_DEVICES: [0]
[I 2023-11-29 20:53:52,129] Trial 57 finished with value: 0.2661353051662445 and parameters: {'gradient_clip_val': 0.14470360423545875, 'hidden_size': 91, 'dropout': 0.2273540599227123, 'hidden_continuous_size': 35, 'attention_head_size': 4, 'learning_rate': 0.049793472233361634}. Best is trial 50 with value: 0.12542901933193207.
LOCAL_RANK: 0 - CUDA_VISIBLE_DEVICES: [0]
[I 2023-11-29 20:54:05,545] Trial 58 finished with value: 0.4058980643749237 and parameters: {'gradient_clip_val': 0.15732295010867783, 'hidden_size': 56, 'dropout': 0.17904683806893923, 'hidden_continuous_size': 15, 'attention_head_size': 3, 'learning_rate': 0.0859138064246323}. Best is trial 50 with value: 0.12542901933193207.
LOCAL_RANK: 0 - CUDA_VISIBLE_DEVICES: [0]
[I 2023-11-29 20:54:18,936] Trial 59 finished with value: 0.15069828927516937 and parameters: {'gradient_clip_val': 0.10014256611355543, 'hidden_size': 76, 'dropout': 0.21161301635733315, 'hidden_continuous_size': 14, 'attention_head_size': 2, 'learning_rate': 0.06528356901571125}. Best is trial 50 with value: 0.12542901933193207.
LOCAL_RANK: 0 - CUDA_VISIBLE_DEVICES: [0]
[I 2023-11-29 20:54:32,485] Trial 60 finished with value: 0.41841861605644226 and parameters: {'gradient_clip_val': 0.10772871944906734, 'hidden_size': 76, 'dropout': 0.19646951563446508, 'hidden_continuous_size': 13, 'attention_head_size': 4, 'learning_rate': 0.06381842013884292}. Best is trial 50 with value: 0.12542901933193207.
LOCAL_RANK: 0 - CUDA_VISIBLE_DEVICES: [0]
[I 2023-11-29 20:54:45,841] Trial 61 finished with value: 0.2172612100839615 and parameters: {'gradient_clip_val': 0.10143841366658074, 'hidden_size': 72, 'dropout': 0.20610888011090775, 'hidden_continuous_size': 14, 'attention_head_size': 2, 'learning_rate': 0.06470921326760769}. Best is trial 50 with value: 0.12542901933193207.
LOCAL_RANK: 0 - CUDA_VISIBLE_DEVICES: [0]
[I 2023-11-29 20:54:59,644] Trial 62 finished with value: 0.3849925100803375 and parameters: {'gradient_clip_val': 0.11701059697741388, 'hidden_size': 105, 'dropout': 0.2135670078404482, 'hidden_continuous_size': 10, 'attention_head_size': 2, 'learning_rate': 0.050252083988172}. Best is trial 50 with value: 0.12542901933193207.
LOCAL_RANK: 0 - CUDA_VISIBLE_DEVICES: [0]
[I 2023-11-29 20:55:13,568] Trial 63 finished with value: 0.2243676632642746 and parameters: {'gradient_clip_val': 0.1246346721882289, 'hidden_size': 87, 'dropout': 0.24702437672722805, 'hidden_continuous_size': 16, 'attention_head_size': 2, 'learning_rate': 0.0859534728296556}. Best is trial 50 with value: 0.12542901933193207.
LOCAL_RANK: 0 - CUDA_VISIBLE_DEVICES: [0]
[I 2023-11-29 20:55:26,946] Trial 64 finished with value: 0.24919915199279785 and parameters: {'gradient_clip_val': 0.13777189372759743, 'hidden_size': 67, 'dropout': 0.2299965143144035, 'hidden_continuous_size': 13, 'attention_head_size': 2, 'learning_rate': 0.02781380077497804}. Best is trial 50 with value: 0.12542901933193207.
LOCAL_RANK: 0 - CUDA_VISIBLE_DEVICES: [0]
[I 2023-11-29 20:55:40,220] Trial 65 finished with value: 0.1368063986301422 and parameters: {'gradient_clip_val': 0.1141761387776279, 'hidden_size': 59, 'dropout': 0.1839442686104763, 'hidden_continuous_size': 14, 'attention_head_size': 2, 'learning_rate': 0.05793896949025886}. Best is trial 50 with value: 0.12542901933193207.
LOCAL_RANK: 0 - CUDA_VISIBLE_DEVICES: [0]
[I 2023-11-29 20:55:53,372] Trial 66 finished with value: 0.296639084815979 and parameters: {'gradient_clip_val': 0.10081015477740812, 'hidden_size': 59, 'dropout': 0.18203460696919074, 'hidden_continuous_size': 14, 'attention_head_size': 2, 'learning_rate': 0.061351494347671905}. Best is trial 50 with value: 0.12542901933193207.
LOCAL_RANK: 0 - CUDA_VISIBLE_DEVICES: [0]
[I 2023-11-29 20:56:05,944] Trial 67 finished with value: 0.2382756471633911 and parameters: {'gradient_clip_val': 0.11449843261255373, 'hidden_size': 40, 'dropout': 0.19125151209397206, 'hidden_continuous_size': 12, 'attention_head_size': 1, 'learning_rate': 0.05290240919626831}. Best is trial 50 with value: 0.12542901933193207.
LOCAL_RANK: 0 - CUDA_VISIBLE_DEVICES: [0]
[I 2023-11-29 20:56:19,211] Trial 68 finished with value: 0.33239975571632385 and parameters: {'gradient_clip_val': 0.10845042333101801, 'hidden_size': 46, 'dropout': 0.16939730645236947, 'hidden_continuous_size': 15, 'attention_head_size': 3, 'learning_rate': 0.06911142278463865}. Best is trial 50 with value: 0.12542901933193207.
LOCAL_RANK: 0 - CUDA_VISIBLE_DEVICES: [0]
[I 2023-11-29 20:56:32,349] Trial 69 finished with value: 0.42277583479881287 and parameters: {'gradient_clip_val': 0.12751434133484207, 'hidden_size': 51, 'dropout': 0.19465632155420798, 'hidden_continuous_size': 12, 'attention_head_size': 1, 'learning_rate': 0.04384854331260691}. Best is trial 50 with value: 0.12542901933193207.
LOCAL_RANK: 0 - CUDA_VISIBLE_DEVICES: [0]
[I 2023-11-29 20:56:45,755] Trial 70 finished with value: 0.3905933201313019 and parameters: {'gradient_clip_val': 0.2841211546170072, 'hidden_size': 66, 'dropout': 0.20135371254436174, 'hidden_continuous_size': 13, 'attention_head_size': 2, 'learning_rate': 0.03631505893537145}. Best is trial 50 with value: 0.12542901933193207.
LOCAL_RANK: 0 - CUDA_VISIBLE_DEVICES: [0]
[I 2023-11-29 20:56:59,274] Trial 71 finished with value: 0.285321980714798 and parameters: {'gradient_clip_val': 0.12149255388275274, 'hidden_size': 78, 'dropout': 0.21618251560875254, 'hidden_continuous_size': 11, 'attention_head_size': 2, 'learning_rate': 0.08365336159248256}. Best is trial 50 with value: 0.12542901933193207.
LOCAL_RANK: 0 - CUDA_VISIBLE_DEVICES: [0]
[I 2023-11-29 20:57:12,436] Trial 72 finished with value: 0.19606740772724152 and parameters: {'gradient_clip_val': 0.13495472719142604, 'hidden_size': 56, 'dropout': 0.18564340684392566, 'hidden_continuous_size': 17, 'attention_head_size': 2, 'learning_rate': 0.05603887661521139}. Best is trial 50 with value: 0.12542901933193207.
LOCAL_RANK: 0 - CUDA_VISIBLE_DEVICES: [0]
[I 2023-11-29 20:57:26,085] Trial 73 finished with value: 0.20029157400131226 and parameters: {'gradient_clip_val': 0.10975192996610883, 'hidden_size': 66, 'dropout': 0.20852748695611625, 'hidden_continuous_size': 20, 'attention_head_size': 2, 'learning_rate': 0.03760727177100318}. Best is trial 50 with value: 0.12542901933193207.
LOCAL_RANK: 0 - CUDA_VISIBLE_DEVICES: [0]
[I 2023-11-29 20:57:39,207] Trial 74 finished with value: 0.3509756624698639 and parameters: {'gradient_clip_val': 0.12315246490338591, 'hidden_size': 59, 'dropout': 0.2340677266794163, 'hidden_continuous_size': 14, 'attention_head_size': 2, 'learning_rate': 0.046037314909715576}. Best is trial 50 with value: 0.12542901933193207.
LOCAL_RANK: 0 - CUDA_VISIBLE_DEVICES: [0]
[I 2023-11-29 20:57:52,968] Trial 75 finished with value: 0.24407905340194702 and parameters: {'gradient_clip_val': 0.14686379512631006, 'hidden_size': 91, 'dropout': 0.22254402455338307, 'hidden_continuous_size': 17, 'attention_head_size': 2, 'learning_rate': 0.07370584517290928}. Best is trial 50 with value: 0.12542901933193207.
LOCAL_RANK: 0 - CUDA_VISIBLE_DEVICES: [0]
[I 2023-11-29 20:58:06,470] Trial 76 finished with value: 0.3285093307495117 and parameters: {'gradient_clip_val': 0.11571424769418709, 'hidden_size': 81, 'dropout': 0.17521533150283022, 'hidden_continuous_size': 11, 'attention_head_size': 2, 'learning_rate': 0.09962948283019123}. Best is trial 50 with value: 0.12542901933193207.
LOCAL_RANK: 0 - CUDA_VISIBLE_DEVICES: [0]
[I 2023-11-29 20:58:19,903] Trial 77 finished with value: 0.22669978439807892 and parameters: {'gradient_clip_val': 0.17344902770922177, 'hidden_size': 73, 'dropout': 0.19689078839509913, 'hidden_continuous_size': 15, 'attention_head_size': 1, 'learning_rate': 0.029680520060868226}. Best is trial 50 with value: 0.12542901933193207.
LOCAL_RANK: 0 - CUDA_VISIBLE_DEVICES: [0]
[I 2023-11-29 20:58:33,242] Trial 78 finished with value: 0.12354155629873276 and parameters: {'gradient_clip_val': 0.19641509293980636, 'hidden_size': 49, 'dropout': 0.2539713421683418, 'hidden_continuous_size': 16, 'attention_head_size': 3, 'learning_rate': 0.06451461110756451}. Best is trial 78 with value: 0.12354155629873276.
LOCAL_RANK: 0 - CUDA_VISIBLE_DEVICES: [0]
[I 2023-11-29 20:58:46,401] Trial 79 finished with value: 0.2414805293083191 and parameters: {'gradient_clip_val': 0.22746833050611018, 'hidden_size': 49, 'dropout': 0.2530037882284507, 'hidden_continuous_size': 16, 'attention_head_size': 3, 'learning_rate': 0.06559862323396803}. Best is trial 78 with value: 0.12354155629873276.
LOCAL_RANK: 0 - CUDA_VISIBLE_DEVICES: [0]
