[I 2023-11-30 13:41:12,074] Trial 23 finished with value: 0.19276130199432373 and parameters: {'gradient_clip_val': 0.3555859392920245, 'hidden_size': 29, 'dropout': 0.24097376592334618, 'hidden_continuous_size': 19, 'attention_head_size': 3, 'learning_rate': 0.036549435220789954}. Best is trial 22 with value: 0.0842643603682518.
LOCAL_RANK: 0 - CUDA_VISIBLE_DEVICES: [0]
[I 2023-11-30 13:41:26,753] Trial 24 finished with value: 0.10221190005540848 and parameters: {'gradient_clip_val': 0.41351774231504945, 'hidden_size': 45, 'dropout': 0.10121650522592399, 'hidden_continuous_size': 21, 'attention_head_size': 4, 'learning_rate': 0.0650255876162046}. Best is trial 22 with value: 0.0842643603682518.
LOCAL_RANK: 0 - CUDA_VISIBLE_DEVICES: [0]
[I 2023-11-30 13:41:42,256] Trial 25 finished with value: 0.1238529309630394 and parameters: {'gradient_clip_val': 0.32786982749742666, 'hidden_size': 105, 'dropout': 0.21693697967623185, 'hidden_continuous_size': 26, 'attention_head_size': 3, 'learning_rate': 0.056817027784168764}. Best is trial 22 with value: 0.0842643603682518.
LOCAL_RANK: 0 - CUDA_VISIBLE_DEVICES: [0]
[I 2023-11-30 13:41:57,351] Trial 26 finished with value: 0.17409665882587433 and parameters: {'gradient_clip_val': 0.4508268389789599, 'hidden_size': 72, 'dropout': 0.2540782025926197, 'hidden_continuous_size': 23, 'attention_head_size': 2, 'learning_rate': 0.024178127944131902}. Best is trial 22 with value: 0.0842643603682518.
LOCAL_RANK: 0 - CUDA_VISIBLE_DEVICES: [0]
[I 2023-11-30 13:42:12,186] Trial 27 finished with value: 0.14129100739955902 and parameters: {'gradient_clip_val': 0.3081109349699343, 'hidden_size': 67, 'dropout': 0.18453973467285456, 'hidden_continuous_size': 26, 'attention_head_size': 3, 'learning_rate': 0.0376955019889435}. Best is trial 22 with value: 0.0842643603682518.
LOCAL_RANK: 0 - CUDA_VISIBLE_DEVICES: [0]
[I 2023-11-30 13:42:28,052] Trial 28 finished with value: 0.13127030432224274 and parameters: {'gradient_clip_val': 0.23593193956457692, 'hidden_size': 111, 'dropout': 0.23008856990049856, 'hidden_continuous_size': 58, 'attention_head_size': 4, 'learning_rate': 0.07132931636231321}. Best is trial 22 with value: 0.0842643603682518.
LOCAL_RANK: 0 - CUDA_VISIBLE_DEVICES: [0]
[I 2023-11-30 13:42:42,294] Trial 29 finished with value: 0.2275153249502182 and parameters: {'gradient_clip_val': 0.7426121258041412, 'hidden_size': 32, 'dropout': 0.2258990202481927, 'hidden_continuous_size': 16, 'attention_head_size': 4, 'learning_rate': 0.020452628178969593}. Best is trial 22 with value: 0.0842643603682518.
LOCAL_RANK: 0 - CUDA_VISIBLE_DEVICES: [0]
[I 2023-11-30 13:42:56,935] Trial 30 finished with value: 0.13073328137397766 and parameters: {'gradient_clip_val': 0.5041796402503442, 'hidden_size': 45, 'dropout': 0.25837318544560406, 'hidden_continuous_size': 23, 'attention_head_size': 3, 'learning_rate': 0.07359695518915868}. Best is trial 22 with value: 0.0842643603682518.
LOCAL_RANK: 0 - CUDA_VISIBLE_DEVICES: [0]
[I 2023-11-30 13:43:12,119] Trial 31 finished with value: 0.08967834711074829 and parameters: {'gradient_clip_val': 0.4054310955896352, 'hidden_size': 41, 'dropout': 0.10941541119769492, 'hidden_continuous_size': 20, 'attention_head_size': 4, 'learning_rate': 0.05917800407016304}. Best is trial 22 with value: 0.0842643603682518.
LOCAL_RANK: 0 - CUDA_VISIBLE_DEVICES: [0]
[I 2023-11-30 13:43:27,292] Trial 32 finished with value: 0.24150700867176056 and parameters: {'gradient_clip_val': 0.37323207882928855, 'hidden_size': 41, 'dropout': 0.15603623688362156, 'hidden_continuous_size': 19, 'attention_head_size': 4, 'learning_rate': 0.04427891312369241}. Best is trial 22 with value: 0.0842643603682518.
LOCAL_RANK: 0 - CUDA_VISIBLE_DEVICES: [0]
[I 2023-11-30 13:43:42,085] Trial 33 finished with value: 0.14383213222026825 and parameters: {'gradient_clip_val': 0.45106785227939833, 'hidden_size': 54, 'dropout': 0.12822467251428435, 'hidden_continuous_size': 28, 'attention_head_size': 4, 'learning_rate': 0.02906297640779561}. Best is trial 22 with value: 0.0842643603682518.
LOCAL_RANK: 0 - CUDA_VISIBLE_DEVICES: [0]
[I 2023-11-30 13:43:57,566] Trial 34 finished with value: 0.171578049659729 and parameters: {'gradient_clip_val': 0.34755501720212845, 'hidden_size': 74, 'dropout': 0.10379329136895067, 'hidden_continuous_size': 28, 'attention_head_size': 3, 'learning_rate': 0.045926077358594115}. Best is trial 22 with value: 0.0842643603682518.
LOCAL_RANK: 0 - CUDA_VISIBLE_DEVICES: [0]
[I 2023-11-30 13:44:13,496] Trial 35 finished with value: 0.1908310502767563 and parameters: {'gradient_clip_val': 0.4128738547536954, 'hidden_size': 94, 'dropout': 0.14933681978349875, 'hidden_continuous_size': 34, 'attention_head_size': 3, 'learning_rate': 0.07405708811423536}. Best is trial 22 with value: 0.0842643603682518.
LOCAL_RANK: 0 - CUDA_VISIBLE_DEVICES: [0]
[I 2023-11-30 13:44:28,944] Trial 36 finished with value: 0.16425703465938568 and parameters: {'gradient_clip_val': 0.2936463958607972, 'hidden_size': 86, 'dropout': 0.13735564647235982, 'hidden_continuous_size': 21, 'attention_head_size': 4, 'learning_rate': 0.05664923993211057}. Best is trial 22 with value: 0.0842643603682518.
LOCAL_RANK: 0 - CUDA_VISIBLE_DEVICES: [0]
[I 2023-11-30 13:44:43,717] Trial 37 finished with value: 0.2039823979139328 and parameters: {'gradient_clip_val': 0.5707852831237695, 'hidden_size': 64, 'dropout': 0.11534545529745868, 'hidden_continuous_size': 23, 'attention_head_size': 2, 'learning_rate': 0.017505473541082978}. Best is trial 22 with value: 0.0842643603682518.
LOCAL_RANK: 0 - CUDA_VISIBLE_DEVICES: [0]
[I 2023-11-30 13:44:58,850] Trial 38 finished with value: 0.19924433529376984 and parameters: {'gradient_clip_val': 0.25149972007400045, 'hidden_size': 54, 'dropout': 0.12021062358518561, 'hidden_continuous_size': 16, 'attention_head_size': 4, 'learning_rate': 0.08204380926193623}. Best is trial 22 with value: 0.0842643603682518.
LOCAL_RANK: 0 - CUDA_VISIBLE_DEVICES: [0]
[I 2023-11-30 13:45:12,819] Trial 39 finished with value: 0.17015700042247772 and parameters: {'gradient_clip_val': 0.21214829275770253, 'hidden_size': 39, 'dropout': 0.19879703616489697, 'hidden_continuous_size': 18, 'attention_head_size': 3, 'learning_rate': 0.015254878894414313}. Best is trial 22 with value: 0.0842643603682518.
LOCAL_RANK: 0 - CUDA_VISIBLE_DEVICES: [0]
[I 2023-11-30 13:45:27,622] Trial 40 finished with value: 0.1572169065475464 and parameters: {'gradient_clip_val': 0.31310635057152186, 'hidden_size': 33, 'dropout': 0.16219318283436732, 'hidden_continuous_size': 14, 'attention_head_size': 4, 'learning_rate': 0.02998997452066065}. Best is trial 22 with value: 0.0842643603682518.
LOCAL_RANK: 0 - CUDA_VISIBLE_DEVICES: [0]
[I 2023-11-30 13:45:42,969] Trial 41 finished with value: 0.15600204467773438 and parameters: {'gradient_clip_val': 0.4077191189415205, 'hidden_size': 50, 'dropout': 0.10494175117901411, 'hidden_continuous_size': 20, 'attention_head_size': 4, 'learning_rate': 0.06537845840780653}. Best is trial 22 with value: 0.0842643603682518.
LOCAL_RANK: 0 - CUDA_VISIBLE_DEVICES: [0]
[I 2023-11-30 13:45:57,295] Trial 42 finished with value: 0.17137090861797333 and parameters: {'gradient_clip_val': 0.3603266252315833, 'hidden_size': 42, 'dropout': 0.10077631904073331, 'hidden_continuous_size': 10, 'attention_head_size': 4, 'learning_rate': 0.06573828466870983}. Best is trial 22 with value: 0.0842643603682518.
LOCAL_RANK: 0 - CUDA_VISIBLE_DEVICES: [0]
[I 2023-11-30 13:46:12,440] Trial 43 finished with value: 0.21431922912597656 and parameters: {'gradient_clip_val': 0.41773309303041944, 'hidden_size': 64, 'dropout': 0.13071173532261385, 'hidden_continuous_size': 22, 'attention_head_size': 4, 'learning_rate': 0.043678506410965504}. Best is trial 22 with value: 0.0842643603682518.
LOCAL_RANK: 0 - CUDA_VISIBLE_DEVICES: [0]
[I 2023-11-30 13:46:27,101] Trial 44 finished with value: 0.09250369668006897 and parameters: {'gradient_clip_val': 0.5056186703710318, 'hidden_size': 50, 'dropout': 0.14065036490557917, 'hidden_continuous_size': 19, 'attention_head_size': 3, 'learning_rate': 0.08734138975519079}. Best is trial 22 with value: 0.0842643603682518.
LOCAL_RANK: 0 - CUDA_VISIBLE_DEVICES: [0]
[I 2023-11-30 13:46:42,093] Trial 45 finished with value: 0.15157712996006012 and parameters: {'gradient_clip_val': 0.5128446242917659, 'hidden_size': 37, 'dropout': 0.1421705821182771, 'hidden_continuous_size': 18, 'attention_head_size': 3, 'learning_rate': 0.09835637995856303}. Best is trial 22 with value: 0.0842643603682518.
LOCAL_RANK: 0 - CUDA_VISIBLE_DEVICES: [0]
[I 2023-11-30 13:46:57,111] Trial 46 finished with value: 0.08207646757364273 and parameters: {'gradient_clip_val': 0.481585931285345, 'hidden_size': 50, 'dropout': 0.1689425989198492, 'hidden_continuous_size': 20, 'attention_head_size': 2, 'learning_rate': 0.08004423588198173}. Best is trial 46 with value: 0.08207646757364273.
LOCAL_RANK: 0 - CUDA_VISIBLE_DEVICES: [0]
[I 2023-11-30 13:47:11,658] Trial 47 finished with value: 0.13528591394424438 and parameters: {'gradient_clip_val': 0.4847868781455584, 'hidden_size': 49, 'dropout': 0.16641403566803242, 'hidden_continuous_size': 20, 'attention_head_size': 2, 'learning_rate': 0.07953493079930994}. Best is trial 46 with value: 0.08207646757364273.
LOCAL_RANK: 0 - CUDA_VISIBLE_DEVICES: [0]
[I 2023-11-30 13:47:25,783] Trial 48 finished with value: 0.14414885640144348 and parameters: {'gradient_clip_val': 0.5366890286461422, 'hidden_size': 42, 'dropout': 0.17299384419369707, 'hidden_continuous_size': 19, 'attention_head_size': 2, 'learning_rate': 0.08733841217719382}. Best is trial 46 with value: 0.08207646757364273.
LOCAL_RANK: 0 - CUDA_VISIBLE_DEVICES: [0]
[I 2023-11-30 13:47:40,142] Trial 49 finished with value: 0.14976973831653595 and parameters: {'gradient_clip_val': 0.6444076878205925, 'hidden_size': 52, 'dropout': 0.1436628465170521, 'hidden_continuous_size': 24, 'attention_head_size': 2, 'learning_rate': 0.048839327853110015}. Best is trial 46 with value: 0.08207646757364273.
LOCAL_RANK: 0 - CUDA_VISIBLE_DEVICES: [0]
[I 2023-11-30 13:47:55,898] Trial 50 finished with value: 0.13331785798072815 and parameters: {'gradient_clip_val': 0.46780897875195615, 'hidden_size': 60, 'dropout': 0.1811911681667947, 'hidden_continuous_size': 22, 'attention_head_size': 2, 'learning_rate': 0.060959940121204786}. Best is trial 46 with value: 0.08207646757364273.
LOCAL_RANK: 0 - CUDA_VISIBLE_DEVICES: [0]
[I 2023-11-30 13:48:11,099] Trial 51 finished with value: 0.19134317338466644 and parameters: {'gradient_clip_val': 0.33814294913504706, 'hidden_size': 57, 'dropout': 0.15086440686271407, 'hidden_continuous_size': 15, 'attention_head_size': 3, 'learning_rate': 0.07602252729817907}. Best is trial 46 with value: 0.08207646757364273.
LOCAL_RANK: 0 - CUDA_VISIBLE_DEVICES: [0]
[I 2023-11-30 13:48:27,080] Trial 52 finished with value: 0.1356806606054306 and parameters: {'gradient_clip_val': 0.3878125967817929, 'hidden_size': 128, 'dropout': 0.19426636284767027, 'hidden_continuous_size': 30, 'attention_head_size': 3, 'learning_rate': 0.0870624505514737}. Best is trial 46 with value: 0.08207646757364273.
LOCAL_RANK: 0 - CUDA_VISIBLE_DEVICES: [0]
[I 2023-11-30 13:48:41,004] Trial 53 finished with value: 0.12097813934087753 and parameters: {'gradient_clip_val': 0.45278991389730405, 'hidden_size': 36, 'dropout': 0.17212168094412017, 'hidden_continuous_size': 17, 'attention_head_size': 3, 'learning_rate': 0.05393967940216111}. Best is trial 46 with value: 0.08207646757364273.
LOCAL_RANK: 0 - CUDA_VISIBLE_DEVICES: [0]
[I 2023-11-30 13:48:56,317] Trial 54 finished with value: 0.18655765056610107 and parameters: {'gradient_clip_val': 0.5270886037004361, 'hidden_size': 49, 'dropout': 0.13575730166813163, 'hidden_continuous_size': 25, 'attention_head_size': 1, 'learning_rate': 0.09911763874282999}. Best is trial 46 with value: 0.08207646757364273.
LOCAL_RANK: 0 - CUDA_VISIBLE_DEVICES: [0]
[I 2023-11-30 13:49:12,127] Trial 55 finished with value: 0.14469078183174133 and parameters: {'gradient_clip_val': 0.36779455601350924, 'hidden_size': 83, 'dropout': 0.2110119081328631, 'hidden_continuous_size': 27, 'attention_head_size': 3, 'learning_rate': 0.04043392077289975}. Best is trial 46 with value: 0.08207646757364273.
LOCAL_RANK: 0 - CUDA_VISIBLE_DEVICES: [0]
[I 2023-11-30 13:49:26,318] Trial 56 finished with value: 0.1879761666059494 and parameters: {'gradient_clip_val': 0.27330719457122366, 'hidden_size': 44, 'dropout': 0.27155859956887457, 'hidden_continuous_size': 20, 'attention_head_size': 3, 'learning_rate': 0.06510907258868162}. Best is trial 46 with value: 0.08207646757364273.
LOCAL_RANK: 0 - CUDA_VISIBLE_DEVICES: [0]
[I 2023-11-30 13:49:42,011] Trial 57 finished with value: 0.1358618587255478 and parameters: {'gradient_clip_val': 0.43343412644029766, 'hidden_size': 69, 'dropout': 0.19618723658457943, 'hidden_continuous_size': 24, 'attention_head_size': 2, 'learning_rate': 0.053578377545782846}. Best is trial 46 with value: 0.08207646757364273.
LOCAL_RANK: 0 - CUDA_VISIBLE_DEVICES: [0]
[I 2023-11-30 13:49:57,125] Trial 58 finished with value: 0.13759343326091766 and parameters: {'gradient_clip_val': 0.39060802374856607, 'hidden_size': 59, 'dropout': 0.1203780887448929, 'hidden_continuous_size': 30, 'attention_head_size': 3, 'learning_rate': 0.03317018803239246}. Best is trial 46 with value: 0.08207646757364273.
LOCAL_RANK: 0 - CUDA_VISIBLE_DEVICES: [0]
[I 2023-11-30 13:50:12,131] Trial 59 finished with value: 0.2154790163040161 and parameters: {'gradient_clip_val': 0.3322499296237557, 'hidden_size': 77, 'dropout': 0.22957801860393584, 'hidden_continuous_size': 25, 'attention_head_size': 3, 'learning_rate': 0.0478494176832369}. Best is trial 46 with value: 0.08207646757364273.
LOCAL_RANK: 0 - CUDA_VISIBLE_DEVICES: [0]
[I 2023-11-30 13:50:26,044] Trial 60 finished with value: 0.08248279988765717 and parameters: {'gradient_clip_val': 0.4663218280008062, 'hidden_size': 28, 'dropout': 0.24650500246808865, 'hidden_continuous_size': 13, 'attention_head_size': 2, 'learning_rate': 0.08443797004453472}. Best is trial 46 with value: 0.08207646757364273.
LOCAL_RANK: 0 - CUDA_VISIBLE_DEVICES: [0]
[I 2023-11-30 13:50:40,178] Trial 61 finished with value: 0.14988714456558228 and parameters: {'gradient_clip_val': 0.4804698652263517, 'hidden_size': 29, 'dropout': 0.2486345490698045, 'hidden_continuous_size': 13, 'attention_head_size': 2, 'learning_rate': 0.08494528236197285}. Best is trial 46 with value: 0.08207646757364273.
LOCAL_RANK: 0 - CUDA_VISIBLE_DEVICES: [0]
[I 2023-11-30 13:50:55,071] Trial 62 finished with value: 0.22966039180755615 and parameters: {'gradient_clip_val': 0.430495490826223, 'hidden_size': 39, 'dropout': 0.2879509105594604, 'hidden_continuous_size': 11, 'attention_head_size': 2, 'learning_rate': 0.06782359389322166}. Best is trial 46 with value: 0.08207646757364273.
LOCAL_RANK: 0 - CUDA_VISIBLE_DEVICES: [0]
[I 2023-11-30 13:51:08,719] Trial 63 finished with value: 0.16253142058849335 and parameters: {'gradient_clip_val': 0.5508277440477979, 'hidden_size': 22, 'dropout': 0.24257956645729992, 'hidden_continuous_size': 13, 'attention_head_size': 2, 'learning_rate': 0.08298327463055913}. Best is trial 46 with value: 0.08207646757364273.
LOCAL_RANK: 0 - CUDA_VISIBLE_DEVICES: [0]
[I 2023-11-30 13:51:22,881] Trial 64 finished with value: 0.09844634681940079 and parameters: {'gradient_clip_val': 0.49778481792625173, 'hidden_size': 48, 'dropout': 0.20978080613867273, 'hidden_continuous_size': 22, 'attention_head_size': 1, 'learning_rate': 0.060675581712312285}. Best is trial 46 with value: 0.08207646757364273.
LOCAL_RANK: 0 - CUDA_VISIBLE_DEVICES: [0]
[I 2023-11-30 13:51:37,296] Trial 65 finished with value: 0.10691054910421371 and parameters: {'gradient_clip_val': 0.5008186759931184, 'hidden_size': 47, 'dropout': 0.2197929466174351, 'hidden_continuous_size': 22, 'attention_head_size': 1, 'learning_rate': 0.05891273888591736}. Best is trial 46 with value: 0.08207646757364273.
LOCAL_RANK: 0 - CUDA_VISIBLE_DEVICES: [0]
[I 2023-11-30 13:51:51,566] Trial 66 finished with value: 0.1215733215212822 and parameters: {'gradient_clip_val': 0.627055806452776, 'hidden_size': 52, 'dropout': 0.20837582223225812, 'hidden_continuous_size': 24, 'attention_head_size': 1, 'learning_rate': 0.07385388946936837}. Best is trial 46 with value: 0.08207646757364273.
LOCAL_RANK: 0 - CUDA_VISIBLE_DEVICES: [0]
[I 2023-11-30 13:52:05,540] Trial 67 finished with value: 0.2600806951522827 and parameters: {'gradient_clip_val': 0.38355854252475785, 'hidden_size': 44, 'dropout': 0.23459635185547809, 'hidden_continuous_size': 21, 'attention_head_size': 1, 'learning_rate': 0.08855965298992774}. Best is trial 46 with value: 0.08207646757364273.
LOCAL_RANK: 0 - CUDA_VISIBLE_DEVICES: [0]
[I 2023-11-30 13:52:20,066] Trial 68 finished with value: 0.15940435230731964 and parameters: {'gradient_clip_val': 0.5820825041690607, 'hidden_size': 40, 'dropout': 0.26242069433999843, 'hidden_continuous_size': 21, 'attention_head_size': 1, 'learning_rate': 0.04233345887379467}. Best is trial 46 with value: 0.08207646757364273.
LOCAL_RANK: 0 - CUDA_VISIBLE_DEVICES: [0]
[I 2023-11-30 13:52:34,581] Trial 69 finished with value: 0.17568834125995636 and parameters: {'gradient_clip_val': 0.44833009848030925, 'hidden_size': 34, 'dropout': 0.22263634734773563, 'hidden_continuous_size': 19, 'attention_head_size': 2, 'learning_rate': 0.09850593443454711}. Best is trial 46 with value: 0.08207646757364273.
LOCAL_RANK: 0 - CUDA_VISIBLE_DEVICES: [0]
[I 2023-11-30 13:52:49,376] Trial 70 finished with value: 0.13625065982341766 and parameters: {'gradient_clip_val': 0.3177227381326089, 'hidden_size': 47, 'dropout': 0.2457282235829316, 'hidden_continuous_size': 20, 'attention_head_size': 1, 'learning_rate': 0.05952419186907255}. Best is trial 46 with value: 0.08207646757364273.
LOCAL_RANK: 0 - CUDA_VISIBLE_DEVICES: [0]
[I 2023-11-30 13:53:03,954] Trial 71 finished with value: 0.10313328355550766 and parameters: {'gradient_clip_val': 0.4102686584335555, 'hidden_size': 55, 'dropout': 0.18884290184203154, 'hidden_continuous_size': 18, 'attention_head_size': 3, 'learning_rate': 0.07545921711844042}. Best is trial 46 with value: 0.08207646757364273.
LOCAL_RANK: 0 - CUDA_VISIBLE_DEVICES: [0]
[I 2023-11-30 13:53:19,408] Trial 72 finished with value: 0.11842697113752365 and parameters: {'gradient_clip_val': 0.48571904489978424, 'hidden_size': 62, 'dropout': 0.21535162923089807, 'hidden_continuous_size': 26, 'attention_head_size': 3, 'learning_rate': 0.07000132823924723}. Best is trial 46 with value: 0.08207646757364273.
LOCAL_RANK: 0 - CUDA_VISIBLE_DEVICES: [0]
[I 2023-11-30 13:53:34,759] Trial 73 finished with value: 0.16954468190670013 and parameters: {'gradient_clip_val': 0.35861918949093813, 'hidden_size': 42, 'dropout': 0.20562733503557226, 'hidden_continuous_size': 17, 'attention_head_size': 3, 'learning_rate': 0.049785835238351235}. Best is trial 46 with value: 0.08207646757364273.
LOCAL_RANK: 0 - CUDA_VISIBLE_DEVICES: [0]
[I 2023-11-30 13:53:49,654] Trial 74 finished with value: 0.08545277267694473 and parameters: {'gradient_clip_val': 0.5440987774819823, 'hidden_size': 69, 'dropout': 0.25327023484022226, 'hidden_continuous_size': 27, 'attention_head_size': 3, 'learning_rate': 0.04009268996736267}. Best is trial 46 with value: 0.08207646757364273.
LOCAL_RANK: 0 - CUDA_VISIBLE_DEVICES: [0]
[I 2023-11-30 13:54:04,731] Trial 75 finished with value: 0.10333574563264847 and parameters: {'gradient_clip_val': 0.5794910375234296, 'hidden_size': 69, 'dropout': 0.25148562328095075, 'hidden_continuous_size': 23, 'attention_head_size': 3, 'learning_rate': 0.039482484490809676}. Best is trial 46 with value: 0.08207646757364273.
LOCAL_RANK: 0 - CUDA_VISIBLE_DEVICES: [0]
[I 2023-11-30 13:54:19,247] Trial 76 finished with value: 0.11178672313690186 and parameters: {'gradient_clip_val': 0.5253321887080219, 'hidden_size': 52, 'dropout': 0.23100860521013647, 'hidden_continuous_size': 22, 'attention_head_size': 2, 'learning_rate': 0.061677416630518414}. Best is trial 46 with value: 0.08207646757364273.
LOCAL_RANK: 0 - CUDA_VISIBLE_DEVICES: [0]
[I 2023-11-30 13:54:34,613] Trial 77 finished with value: 0.11764007806777954 and parameters: {'gradient_clip_val': 0.43759193388983575, 'hidden_size': 57, 'dropout': 0.2576779740442133, 'hidden_continuous_size': 25, 'attention_head_size': 3, 'learning_rate': 0.052106060419364254}. Best is trial 46 with value: 0.08207646757364273.
LOCAL_RANK: 0 - CUDA_VISIBLE_DEVICES: [0]
[I 2023-11-30 13:54:49,029] Trial 78 finished with value: 0.15823109447956085 and parameters: {'gradient_clip_val': 0.5476542200567481, 'hidden_size': 36, 'dropout': 0.2384982259333587, 'hidden_continuous_size': 20, 'attention_head_size': 3, 'learning_rate': 0.08082134932659837}. Best is trial 46 with value: 0.08207646757364273.
LOCAL_RANK: 0 - CUDA_VISIBLE_DEVICES: [0]
[I 2023-11-30 13:55:04,235] Trial 79 finished with value: 0.17739629745483398 and parameters: {'gradient_clip_val': 0.47826881742180766, 'hidden_size': 45, 'dropout': 0.267959646187033, 'hidden_continuous_size': 22, 'attention_head_size': 2, 'learning_rate': 0.06615609573362022}. Best is trial 46 with value: 0.08207646757364273.
LOCAL_RANK: 0 - CUDA_VISIBLE_DEVICES: [0]
[I 2023-11-30 13:55:19,905] Trial 80 finished with value: 0.13103629648685455 and parameters: {'gradient_clip_val': 0.6629401082411953, 'hidden_size': 65, 'dropout': 0.24839326675749812, 'hidden_continuous_size': 16, 'attention_head_size': 3, 'learning_rate': 0.08734962732054782}. Best is trial 46 with value: 0.08207646757364273.
LOCAL_RANK: 0 - CUDA_VISIBLE_DEVICES: [0]
