[I 2023-11-30 13:00:11,796] Trial 149 finished with value: 67.88825988769531 and parameters: {'gradient_clip_val': 0.1407888148551389, 'hidden_size': 76, 'dropout': 0.15184327273242332, 'hidden_continuous_size': 29, 'attention_head_size': 3, 'learning_rate': 0.029592644902069132}. Best is trial 49 with value: 50.9202880859375.
[I 2023-11-30 13:00:11,905] A new study created in memory with name: no-name-3f7ddcee-a8af-4893-8556-86bd05fb16e7
/home/le004/conda/anaconda3/envs/tsff_env/lib/python3.9/site-packages/lightning/fabric/plugins/environments/slurm.py:191: The `srun` command is available on your system but is not used. HINT: If your intention is to run Lightning on SLURM, prepend your python command with `srun` like so: srun python /home/le004/master_thesis/git/TSFusionForecast/code/ ...
LOCAL_RANK: 0 - CUDA_VISIBLE_DEVICES: [0]
[I 2023-11-30 13:00:25,062] Trial 0 finished with value: 281.9338684082031 and parameters: {'gradient_clip_val': 0.6825805772181427, 'hidden_size': 51, 'dropout': 0.3732884190660598, 'hidden_continuous_size': 24, 'attention_head_size': 1, 'learning_rate': 0.0050790062110262265}. Best is trial 0 with value: 281.9338684082031.
LOCAL_RANK: 0 - CUDA_VISIBLE_DEVICES: [0]
[I 2023-11-30 13:00:37,125] Trial 1 finished with value: 940.6144409179688 and parameters: {'gradient_clip_val': 0.14533394357441204, 'hidden_size': 12, 'dropout': 0.2271861696018284, 'hidden_continuous_size': 11, 'attention_head_size': 1, 'learning_rate': 0.0023241549038619078}. Best is trial 0 with value: 281.9338684082031.
LOCAL_RANK: 0 - CUDA_VISIBLE_DEVICES: [0]
[I 2023-11-30 13:00:51,175] Trial 2 finished with value: 428.6069641113281 and parameters: {'gradient_clip_val': 0.8801947681617135, 'hidden_size': 92, 'dropout': 0.34169380132688953, 'hidden_continuous_size': 34, 'attention_head_size': 3, 'learning_rate': 0.001313630084997899}. Best is trial 0 with value: 281.9338684082031.
LOCAL_RANK: 0 - CUDA_VISIBLE_DEVICES: [0]
[I 2023-11-30 13:01:05,485] Trial 3 finished with value: 166.20079040527344 and parameters: {'gradient_clip_val': 0.6855036506570039, 'hidden_size': 80, 'dropout': 0.27564108137192544, 'hidden_continuous_size': 68, 'attention_head_size': 4, 'learning_rate': 0.022432591506852225}. Best is trial 3 with value: 166.20079040527344.
LOCAL_RANK: 0 - CUDA_VISIBLE_DEVICES: [0]
[I 2023-11-30 13:01:18,622] Trial 4 finished with value: 251.2779998779297 and parameters: {'gradient_clip_val': 0.3986433157912741, 'hidden_size': 41, 'dropout': 0.2118412027967937, 'hidden_continuous_size': 18, 'attention_head_size': 3, 'learning_rate': 0.04347423680745885}. Best is trial 3 with value: 166.20079040527344.
LOCAL_RANK: 0 - CUDA_VISIBLE_DEVICES: [0]
[I 2023-11-30 13:01:29,056] Trial 5 finished with value: 272.7643127441406 and parameters: {'gradient_clip_val': 0.6219105608653238, 'hidden_size': 10, 'dropout': 0.13209456258137847, 'hidden_continuous_size': 10, 'attention_head_size': 1, 'learning_rate': 0.034778826785932304}. Best is trial 3 with value: 166.20079040527344.
LOCAL_RANK: 0 - CUDA_VISIBLE_DEVICES: [0]
[I 2023-11-30 13:01:41,282] Trial 6 finished with value: 985.4439086914062 and parameters: {'gradient_clip_val': 0.5442874589829162, 'hidden_size': 16, 'dropout': 0.11399855096888167, 'hidden_continuous_size': 13, 'attention_head_size': 2, 'learning_rate': 0.0012678040551070964}. Best is trial 3 with value: 166.20079040527344.
LOCAL_RANK: 0 - CUDA_VISIBLE_DEVICES: [0]
[I 2023-11-30 13:01:55,676] Trial 7 finished with value: 243.4111785888672 and parameters: {'gradient_clip_val': 0.24450455884439826, 'hidden_size': 90, 'dropout': 0.25185630527041614, 'hidden_continuous_size': 89, 'attention_head_size': 4, 'learning_rate': 0.0045103749440946715}. Best is trial 3 with value: 166.20079040527344.
LOCAL_RANK: 0 - CUDA_VISIBLE_DEVICES: [0]
[I 2023-11-30 13:02:07,547] Trial 8 finished with value: 1096.5447998046875 and parameters: {'gradient_clip_val': 0.28640375531999646, 'hidden_size': 12, 'dropout': 0.3624525613253957, 'hidden_continuous_size': 10, 'attention_head_size': 1, 'learning_rate': 0.0038741344144428186}. Best is trial 3 with value: 166.20079040527344.
LOCAL_RANK: 0 - CUDA_VISIBLE_DEVICES: [0]
[I 2023-11-30 13:02:21,399] Trial 9 finished with value: 257.4602966308594 and parameters: {'gradient_clip_val': 0.16997493754975343, 'hidden_size': 70, 'dropout': 0.34130644767993334, 'hidden_continuous_size': 40, 'attention_head_size': 1, 'learning_rate': 0.02069360253405959}. Best is trial 3 with value: 166.20079040527344.
LOCAL_RANK: 0 - CUDA_VISIBLE_DEVICES: [0]
[I 2023-11-30 13:02:36,457] Trial 10 finished with value: 200.1829833984375 and parameters: {'gradient_clip_val': 0.9500813489692971, 'hidden_size': 130, 'dropout': 0.2896608048259599, 'hidden_continuous_size': 128, 'attention_head_size': 4, 'learning_rate': 0.013562038938805665}. Best is trial 3 with value: 166.20079040527344.
LOCAL_RANK: 0 - CUDA_VISIBLE_DEVICES: [0]
[I 2023-11-30 13:02:51,705] Trial 11 finished with value: 252.25042724609375 and parameters: {'gradient_clip_val': 0.9719981660491738, 'hidden_size': 143, 'dropout': 0.29132311540696604, 'hidden_continuous_size': 135, 'attention_head_size': 4, 'learning_rate': 0.014905995579804647}. Best is trial 3 with value: 166.20079040527344.
LOCAL_RANK: 0 - CUDA_VISIBLE_DEVICES: [0]
[I 2023-11-30 13:03:06,691] Trial 12 finished with value: 190.916015625 and parameters: {'gradient_clip_val': 0.44190929543143337, 'hidden_size': 150, 'dropout': 0.29063564489838023, 'hidden_continuous_size': 72, 'attention_head_size': 4, 'learning_rate': 0.08053418854744339}. Best is trial 3 with value: 166.20079040527344.
LOCAL_RANK: 0 - CUDA_VISIBLE_DEVICES: [0]
[I 2023-11-30 13:03:21,515] Trial 13 finished with value: 187.16876220703125 and parameters: {'gradient_clip_val': 0.4493446183033752, 'hidden_size': 150, 'dropout': 0.3966967553193633, 'hidden_continuous_size': 72, 'attention_head_size': 3, 'learning_rate': 0.0950984640725064}. Best is trial 3 with value: 166.20079040527344.
LOCAL_RANK: 0 - CUDA_VISIBLE_DEVICES: [0]
[I 2023-11-30 13:03:35,554] Trial 14 finished with value: 178.74732971191406 and parameters: {'gradient_clip_val': 0.4049090344471417, 'hidden_size': 65, 'dropout': 0.39005194040747027, 'hidden_continuous_size': 40, 'attention_head_size': 3, 'learning_rate': 0.07588118668208856}. Best is trial 3 with value: 166.20079040527344.
LOCAL_RANK: 0 - CUDA_VISIBLE_DEVICES: [0]
[I 2023-11-30 13:03:47,988] Trial 15 finished with value: 241.19606018066406 and parameters: {'gradient_clip_val': 0.34273628679327345, 'hidden_size': 28, 'dropout': 0.39829127861731545, 'hidden_continuous_size': 15, 'attention_head_size': 2, 'learning_rate': 0.030599707242234174}. Best is trial 3 with value: 166.20079040527344.
LOCAL_RANK: 0 - CUDA_VISIBLE_DEVICES: [0]
[I 2023-11-30 13:04:01,768] Trial 16 finished with value: 183.0792236328125 and parameters: {'gradient_clip_val': 0.6884686454007959, 'hidden_size': 58, 'dropout': 0.32471259456966334, 'hidden_continuous_size': 36, 'attention_head_size': 3, 'learning_rate': 0.06014941874316952}. Best is trial 3 with value: 166.20079040527344.
LOCAL_RANK: 0 - CUDA_VISIBLE_DEVICES: [0]
[I 2023-11-30 13:04:14,822] Trial 17 finished with value: 235.82972717285156 and parameters: {'gradient_clip_val': 0.10097974939017447, 'hidden_size': 38, 'dropout': 0.1908185204348517, 'hidden_continuous_size': 23, 'attention_head_size': 2, 'learning_rate': 0.055591284432177285}. Best is trial 3 with value: 166.20079040527344.
LOCAL_RANK: 0 - CUDA_VISIBLE_DEVICES: [0]
[I 2023-11-30 13:04:28,903] Trial 18 finished with value: 236.44044494628906 and parameters: {'gradient_clip_val': 0.543601299005858, 'hidden_size': 81, 'dropout': 0.31201833276593316, 'hidden_continuous_size': 46, 'attention_head_size': 4, 'learning_rate': 0.024156046689441348}. Best is trial 3 with value: 166.20079040527344.
LOCAL_RANK: 0 - CUDA_VISIBLE_DEVICES: [0]
[I 2023-11-30 13:04:41,690] Trial 19 finished with value: 213.6890106201172 and parameters: {'gradient_clip_val': 0.3429765173772597, 'hidden_size': 28, 'dropout': 0.25387365567300163, 'hidden_continuous_size': 18, 'attention_head_size': 3, 'learning_rate': 0.045340015338145634}. Best is trial 3 with value: 166.20079040527344.
LOCAL_RANK: 0 - CUDA_VISIBLE_DEVICES: [0]
[I 2023-11-30 13:04:56,089] Trial 20 finished with value: 266.7867736816406 and parameters: {'gradient_clip_val': 0.509943172234326, 'hidden_size': 108, 'dropout': 0.37106906373853604, 'hidden_continuous_size': 51, 'attention_head_size': 4, 'learning_rate': 0.008764256728336865}. Best is trial 3 with value: 166.20079040527344.
LOCAL_RANK: 0 - CUDA_VISIBLE_DEVICES: [0]
[I 2023-11-30 13:05:09,741] Trial 21 finished with value: 205.6390838623047 and parameters: {'gradient_clip_val': 0.6836889580069332, 'hidden_size': 65, 'dropout': 0.3198707770220117, 'hidden_continuous_size': 31, 'attention_head_size': 3, 'learning_rate': 0.06381277585982265}. Best is trial 3 with value: 166.20079040527344.
LOCAL_RANK: 0 - CUDA_VISIBLE_DEVICES: [0]
[I 2023-11-30 13:05:23,298] Trial 22 finished with value: 192.3910369873047 and parameters: {'gradient_clip_val': 0.76314542956158, 'hidden_size': 55, 'dropout': 0.3460725066825377, 'hidden_continuous_size': 29, 'attention_head_size': 3, 'learning_rate': 0.08855598517118879}. Best is trial 3 with value: 166.20079040527344.
LOCAL_RANK: 0 - CUDA_VISIBLE_DEVICES: [0]
[I 2023-11-30 13:05:37,016] Trial 23 finished with value: 221.2582244873047 and parameters: {'gradient_clip_val': 0.7865737025108235, 'hidden_size': 66, 'dropout': 0.31512062472682006, 'hidden_continuous_size': 39, 'attention_head_size': 2, 'learning_rate': 0.0522924254829134}. Best is trial 3 with value: 166.20079040527344.
LOCAL_RANK: 0 - CUDA_VISIBLE_DEVICES: [0]
[I 2023-11-30 13:05:51,334] Trial 24 finished with value: 209.6707305908203 and parameters: {'gradient_clip_val': 0.5902692434341148, 'hidden_size': 102, 'dropout': 0.27994572344726437, 'hidden_continuous_size': 53, 'attention_head_size': 3, 'learning_rate': 0.035151354031077386}. Best is trial 3 with value: 166.20079040527344.
LOCAL_RANK: 0 - CUDA_VISIBLE_DEVICES: [0]
[I 2023-11-30 13:06:04,918] Trial 25 finished with value: 184.91029357910156 and parameters: {'gradient_clip_val': 0.7624292739956195, 'hidden_size': 52, 'dropout': 0.3301801886281581, 'hidden_continuous_size': 28, 'attention_head_size': 3, 'learning_rate': 0.07295101690988774}. Best is trial 3 with value: 166.20079040527344.
LOCAL_RANK: 0 - CUDA_VISIBLE_DEVICES: [0]
[I 2023-11-30 13:06:18,830] Trial 26 finished with value: 207.7775115966797 and parameters: {'gradient_clip_val': 0.5115363385605908, 'hidden_size': 74, 'dropout': 0.36770697823187354, 'hidden_continuous_size': 34, 'attention_head_size': 4, 'learning_rate': 0.06604811845083866}. Best is trial 3 with value: 166.20079040527344.
LOCAL_RANK: 0 - CUDA_VISIBLE_DEVICES: [0]
[I 2023-11-30 13:06:33,176] Trial 27 finished with value: 202.21510314941406 and parameters: {'gradient_clip_val': 0.6418456108225398, 'hidden_size': 117, 'dropout': 0.26935094827424383, 'hidden_continuous_size': 61, 'attention_head_size': 2, 'learning_rate': 0.027807654796809026}. Best is trial 3 with value: 166.20079040527344.
LOCAL_RANK: 0 - CUDA_VISIBLE_DEVICES: [0]
[I 2023-11-30 13:06:47,348] Trial 28 finished with value: 149.17440795898438 and parameters: {'gradient_clip_val': 0.4150022633350347, 'hidden_size': 85, 'dropout': 0.30618719943263367, 'hidden_continuous_size': 42, 'attention_head_size': 3, 'learning_rate': 0.04560507831136057}. Best is trial 28 with value: 149.17440795898438.
LOCAL_RANK: 0 - CUDA_VISIBLE_DEVICES: [0]
[I 2023-11-30 13:07:01,428] Trial 29 finished with value: 201.2144012451172 and parameters: {'gradient_clip_val': 0.4022368371259119, 'hidden_size': 84, 'dropout': 0.3541589496553209, 'hidden_continuous_size': 40, 'attention_head_size': 4, 'learning_rate': 0.03996219119593153}. Best is trial 28 with value: 149.17440795898438.
LOCAL_RANK: 0 - CUDA_VISIBLE_DEVICES: [0]
[I 2023-11-30 13:07:15,706] Trial 30 finished with value: 223.39405822753906 and parameters: {'gradient_clip_val': 0.28882643277516357, 'hidden_size': 108, 'dropout': 0.3838227392396629, 'hidden_continuous_size': 45, 'attention_head_size': 3, 'learning_rate': 0.024203464773848677}. Best is trial 28 with value: 149.17440795898438.
LOCAL_RANK: 0 - CUDA_VISIBLE_DEVICES: [0]
[I 2023-11-30 13:07:29,432] Trial 31 finished with value: 192.34132385253906 and parameters: {'gradient_clip_val': 0.6697066198693907, 'hidden_size': 57, 'dropout': 0.30525951314356026, 'hidden_continuous_size': 35, 'attention_head_size': 3, 'learning_rate': 0.048079940942229546}. Best is trial 28 with value: 149.17440795898438.
LOCAL_RANK: 0 - CUDA_VISIBLE_DEVICES: [0]
[I 2023-11-30 13:07:43,492] Trial 32 finished with value: 231.137939453125 and parameters: {'gradient_clip_val': 0.47013017732430185, 'hidden_size': 77, 'dropout': 0.3350305413231676, 'hidden_continuous_size': 43, 'attention_head_size': 3, 'learning_rate': 0.0616352128902124}. Best is trial 28 with value: 149.17440795898438.
LOCAL_RANK: 0 - CUDA_VISIBLE_DEVICES: [0]
[I 2023-11-30 13:07:57,696] Trial 33 finished with value: 224.1292266845703 and parameters: {'gradient_clip_val': 0.839190886233678, 'hidden_size': 94, 'dropout': 0.3812827256788881, 'hidden_continuous_size': 51, 'attention_head_size': 2, 'learning_rate': 0.09998291520254349}. Best is trial 28 with value: 149.17440795898438.
LOCAL_RANK: 0 - CUDA_VISIBLE_DEVICES: [0]
[I 2023-11-30 13:08:10,878] Trial 34 finished with value: 213.2725372314453 and parameters: {'gradient_clip_val': 0.581688337307492, 'hidden_size': 48, 'dropout': 0.3260587545082407, 'hidden_continuous_size': 27, 'attention_head_size': 3, 'learning_rate': 0.037720082719330354}. Best is trial 28 with value: 149.17440795898438.
LOCAL_RANK: 0 - CUDA_VISIBLE_DEVICES: [0]
[I 2023-11-30 13:08:24,918] Trial 35 finished with value: 194.63623046875 and parameters: {'gradient_clip_val': 0.7035712471895337, 'hidden_size': 62, 'dropout': 0.3503427675902189, 'hidden_continuous_size': 37, 'attention_head_size': 3, 'learning_rate': 0.0501792661821962}. Best is trial 28 with value: 149.17440795898438.
LOCAL_RANK: 0 - CUDA_VISIBLE_DEVICES: [0]
[I 2023-11-30 13:08:38,330] Trial 36 finished with value: 207.688232421875 and parameters: {'gradient_clip_val': 0.85603654858857, 'hidden_size': 47, 'dropout': 0.30194386401082535, 'hidden_continuous_size': 32, 'attention_head_size': 4, 'learning_rate': 0.07418542891912365}. Best is trial 28 with value: 149.17440795898438.
LOCAL_RANK: 0 - CUDA_VISIBLE_DEVICES: [0]
[I 2023-11-30 13:08:52,386] Trial 37 finished with value: 253.3638458251953 and parameters: {'gradient_clip_val': 0.594712177179816, 'hidden_size': 90, 'dropout': 0.27658602903813156, 'hidden_continuous_size': 25, 'attention_head_size': 3, 'learning_rate': 0.03465099700802416}. Best is trial 28 with value: 149.17440795898438.
LOCAL_RANK: 0 - CUDA_VISIBLE_DEVICES: [0]
[I 2023-11-30 13:09:06,325] Trial 38 finished with value: 209.4003143310547 and parameters: {'gradient_clip_val': 0.38771483850792765, 'hidden_size': 74, 'dropout': 0.363254420303341, 'hidden_continuous_size': 35, 'attention_head_size': 2, 'learning_rate': 0.042123172083254785}. Best is trial 28 with value: 149.17440795898438.
LOCAL_RANK: 0 - CUDA_VISIBLE_DEVICES: [0]
[I 2023-11-30 13:09:20,314] Trial 39 finished with value: 182.6291046142578 and parameters: {'gradient_clip_val': 0.49342656783280664, 'hidden_size': 62, 'dropout': 0.33060685320419597, 'hidden_continuous_size': 36, 'attention_head_size': 4, 'learning_rate': 0.06539078099838466}. Best is trial 28 with value: 149.17440795898438.
LOCAL_RANK: 0 - CUDA_VISIBLE_DEVICES: [0]
[I 2023-11-30 13:09:34,921] Trial 40 finished with value: 219.912841796875 and parameters: {'gradient_clip_val': 0.4883495458585081, 'hidden_size': 83, 'dropout': 0.2326460712038799, 'hidden_continuous_size': 41, 'attention_head_size': 4, 'learning_rate': 0.07372456674763025}. Best is trial 28 with value: 149.17440795898438.
LOCAL_RANK: 0 - CUDA_VISIBLE_DEVICES: [0]
[I 2023-11-30 13:09:49,599] Trial 41 finished with value: 215.6464080810547 and parameters: {'gradient_clip_val': 0.4108061415764801, 'hidden_size': 58, 'dropout': 0.3360438096630005, 'hidden_continuous_size': 37, 'attention_head_size': 4, 'learning_rate': 0.05691746871266178}. Best is trial 28 with value: 149.17440795898438.
LOCAL_RANK: 0 - CUDA_VISIBLE_DEVICES: [0]
[I 2023-11-30 13:10:03,747] Trial 42 finished with value: 189.3612518310547 and parameters: {'gradient_clip_val': 0.5550997052181169, 'hidden_size': 68, 'dropout': 0.32142460763060177, 'hidden_continuous_size': 31, 'attention_head_size': 4, 'learning_rate': 0.045208341008079106}. Best is trial 28 with value: 149.17440795898438.
LOCAL_RANK: 0 - CUDA_VISIBLE_DEVICES: [0]
[I 2023-11-30 13:10:17,375] Trial 43 finished with value: 216.56231689453125 and parameters: {'gradient_clip_val': 0.503028989143341, 'hidden_size': 44, 'dropout': 0.302733606532435, 'hidden_continuous_size': 33, 'attention_head_size': 4, 'learning_rate': 0.08283322647267914}. Best is trial 28 with value: 149.17440795898438.
LOCAL_RANK: 0 - CUDA_VISIBLE_DEVICES: [0]
[I 2023-11-30 13:10:31,351] Trial 44 finished with value: 191.94200134277344 and parameters: {'gradient_clip_val': 0.632711971592288, 'hidden_size': 64, 'dropout': 0.35244329855939033, 'hidden_continuous_size': 37, 'attention_head_size': 3, 'learning_rate': 0.057934446099245945}. Best is trial 28 with value: 149.17440795898438.
LOCAL_RANK: 0 - CUDA_VISIBLE_DEVICES: [0]
[I 2023-11-30 13:10:45,152] Trial 45 finished with value: 221.3756866455078 and parameters: {'gradient_clip_val': 0.4453429302001643, 'hidden_size': 52, 'dropout': 0.3338270893729482, 'hidden_continuous_size': 30, 'attention_head_size': 4, 'learning_rate': 0.03064000843675414}. Best is trial 28 with value: 149.17440795898438.
LOCAL_RANK: 0 - CUDA_VISIBLE_DEVICES: [0]
[I 2023-11-30 13:10:59,640] Trial 46 finished with value: 207.3306121826172 and parameters: {'gradient_clip_val': 0.3563212744586836, 'hidden_size': 93, 'dropout': 0.2970794828334221, 'hidden_continuous_size': 46, 'attention_head_size': 3, 'learning_rate': 0.09898978582421017}. Best is trial 28 with value: 149.17440795898438.
LOCAL_RANK: 0 - CUDA_VISIBLE_DEVICES: [0]
[I 2023-11-30 13:11:13,545] Trial 47 finished with value: 238.9027862548828 and parameters: {'gradient_clip_val': 0.43375980001801256, 'hidden_size': 71, 'dropout': 0.314379151123281, 'hidden_continuous_size': 41, 'attention_head_size': 1, 'learning_rate': 0.018865950599484774}. Best is trial 28 with value: 149.17440795898438.
LOCAL_RANK: 0 - CUDA_VISIBLE_DEVICES: [0]
[I 2023-11-30 13:11:27,346] Trial 48 finished with value: 184.98951721191406 and parameters: {'gradient_clip_val': 0.725642801255185, 'hidden_size': 58, 'dropout': 0.3822053565183687, 'hidden_continuous_size': 34, 'attention_head_size': 3, 'learning_rate': 0.07440212429790809}. Best is trial 28 with value: 149.17440795898438.
LOCAL_RANK: 0 - CUDA_VISIBLE_DEVICES: [0]
[I 2023-11-30 13:11:40,862] Trial 49 finished with value: 228.08123779296875 and parameters: {'gradient_clip_val': 0.3693785379577927, 'hidden_size': 43, 'dropout': 0.3441471831202456, 'hidden_continuous_size': 32, 'attention_head_size': 4, 'learning_rate': 0.0414225463897615}. Best is trial 28 with value: 149.17440795898438.
LOCAL_RANK: 0 - CUDA_VISIBLE_DEVICES: [0]
[I 2023-11-30 13:11:55,745] Trial 50 finished with value: 201.12213134765625 and parameters: {'gradient_clip_val': 0.31577697143040706, 'hidden_size': 125, 'dropout': 0.28613267631192996, 'hidden_continuous_size': 59, 'attention_head_size': 4, 'learning_rate': 0.0555982471849156}. Best is trial 28 with value: 149.17440795898438.
LOCAL_RANK: 0 - CUDA_VISIBLE_DEVICES: [0]
[I 2023-11-30 13:12:09,375] Trial 51 finished with value: 190.2248992919922 and parameters: {'gradient_clip_val': 0.9927266416948978, 'hidden_size': 51, 'dropout': 0.32661325685012144, 'hidden_continuous_size': 28, 'attention_head_size': 3, 'learning_rate': 0.06925681668986361}. Best is trial 28 with value: 149.17440795898438.
LOCAL_RANK: 0 - CUDA_VISIBLE_DEVICES: [0]
[I 2023-11-30 13:12:23,330] Trial 52 finished with value: 265.5408020019531 and parameters: {'gradient_clip_val': 0.778632610347157, 'hidden_size': 78, 'dropout': 0.33004196220522003, 'hidden_continuous_size': 26, 'attention_head_size': 3, 'learning_rate': 0.08114492304108278}. Best is trial 28 with value: 149.17440795898438.
LOCAL_RANK: 0 - CUDA_VISIBLE_DEVICES: [0]
[I 2023-11-30 13:12:36,918] Trial 53 finished with value: 187.31422424316406 and parameters: {'gradient_clip_val': 0.5405604946277432, 'hidden_size': 53, 'dropout': 0.310278664899506, 'hidden_continuous_size': 30, 'attention_head_size': 3, 'learning_rate': 0.050189311276824904}. Best is trial 28 with value: 149.17440795898438.
LOCAL_RANK: 0 - CUDA_VISIBLE_DEVICES: [0]
[I 2023-11-30 13:12:50,612] Trial 54 finished with value: 258.3675842285156 and parameters: {'gradient_clip_val': 0.6343280848958003, 'hidden_size': 62, 'dropout': 0.358007251260837, 'hidden_continuous_size': 23, 'attention_head_size': 3, 'learning_rate': 0.06365902919416512}. Best is trial 28 with value: 149.17440795898438.
LOCAL_RANK: 0 - CUDA_VISIBLE_DEVICES: [0]
[I 2023-11-30 13:13:03,865] Trial 55 finished with value: 225.5719451904297 and parameters: {'gradient_clip_val': 0.8971019876586266, 'hidden_size': 40, 'dropout': 0.3422150697917861, 'hidden_continuous_size': 28, 'attention_head_size': 2, 'learning_rate': 0.08510787630545576}. Best is trial 28 with value: 149.17440795898438.
LOCAL_RANK: 0 - CUDA_VISIBLE_DEVICES: [0]
[I 2023-11-30 13:13:17,868] Trial 56 finished with value: 186.57421875 and parameters: {'gradient_clip_val': 0.7123542758536422, 'hidden_size': 72, 'dropout': 0.2878625011099417, 'hidden_continuous_size': 43, 'attention_head_size': 3, 'learning_rate': 0.06701594180428244}. Best is trial 28 with value: 149.17440795898438.
LOCAL_RANK: 0 - CUDA_VISIBLE_DEVICES: [0]
