[I 2023-11-29 22:43:14,454] Trial 91 finished with value: 0.12872864305973053 and parameters: {'gradient_clip_val': 0.4193185976020638, 'hidden_size': 54, 'dropout': 0.13950158626244083, 'hidden_continuous_size': 48, 'attention_head_size': 3, 'learning_rate': 0.05480927851610659}. Best is trial 49 with value: 0.07207542657852173.
LOCAL_RANK: 0 - CUDA_VISIBLE_DEVICES: [0]
[I 2023-11-29 22:43:28,066] Trial 92 finished with value: 0.1360708475112915 and parameters: {'gradient_clip_val': 0.39135050291497225, 'hidden_size': 69, 'dropout': 0.14907377979390204, 'hidden_continuous_size': 33, 'attention_head_size': 1, 'learning_rate': 0.02474478836632855}. Best is trial 49 with value: 0.07207542657852173.
LOCAL_RANK: 0 - CUDA_VISIBLE_DEVICES: [0]
[I 2023-11-29 22:43:41,833] Trial 93 finished with value: 0.12014653533697128 and parameters: {'gradient_clip_val': 0.43856410060916745, 'hidden_size': 61, 'dropout': 0.162161811595407, 'hidden_continuous_size': 45, 'attention_head_size': 3, 'learning_rate': 0.04785582759950819}. Best is trial 49 with value: 0.07207542657852173.
LOCAL_RANK: 0 - CUDA_VISIBLE_DEVICES: [0]
[I 2023-11-29 22:43:55,203] Trial 94 finished with value: 0.17315442860126495 and parameters: {'gradient_clip_val': 0.47326339437710707, 'hidden_size': 48, 'dropout': 0.14558123056199704, 'hidden_continuous_size': 43, 'attention_head_size': 2, 'learning_rate': 0.04002636170995709}. Best is trial 49 with value: 0.07207542657852173.
LOCAL_RANK: 0 - CUDA_VISIBLE_DEVICES: [0]
[I 2023-11-29 22:44:09,197] Trial 95 finished with value: 0.09767317026853561 and parameters: {'gradient_clip_val': 0.3401365168759927, 'hidden_size': 58, 'dropout': 0.23345752843632694, 'hidden_continuous_size': 35, 'attention_head_size': 3, 'learning_rate': 0.05879573589920673}. Best is trial 49 with value: 0.07207542657852173.
LOCAL_RANK: 0 - CUDA_VISIBLE_DEVICES: [0]
[I 2023-11-29 22:44:22,837] Trial 96 finished with value: 0.12098873406648636 and parameters: {'gradient_clip_val': 0.37108926266779185, 'hidden_size': 76, 'dropout': 0.1557563206275927, 'hidden_continuous_size': 29, 'attention_head_size': 2, 'learning_rate': 0.01752474888603132}. Best is trial 49 with value: 0.07207542657852173.
LOCAL_RANK: 0 - CUDA_VISIBLE_DEVICES: [0]
[I 2023-11-29 22:44:37,308] Trial 97 finished with value: 0.10896492749452591 and parameters: {'gradient_clip_val': 0.521067420641245, 'hidden_size': 110, 'dropout': 0.12581518044614903, 'hidden_continuous_size': 82, 'attention_head_size': 1, 'learning_rate': 0.030355839250097993}. Best is trial 49 with value: 0.07207542657852173.
LOCAL_RANK: 0 - CUDA_VISIBLE_DEVICES: [0]
[I 2023-11-29 22:44:51,525] Trial 98 finished with value: 0.14347508549690247 and parameters: {'gradient_clip_val': 0.41890933552614146, 'hidden_size': 121, 'dropout': 0.2183665370101848, 'hidden_continuous_size': 26, 'attention_head_size': 3, 'learning_rate': 0.08921040966697664}. Best is trial 49 with value: 0.07207542657852173.
LOCAL_RANK: 0 - CUDA_VISIBLE_DEVICES: [0]
[I 2023-11-29 22:45:05,182] Trial 99 finished with value: 0.29793837666511536 and parameters: {'gradient_clip_val': 0.45131951603797543, 'hidden_size': 64, 'dropout': 0.17206698695354944, 'hidden_continuous_size': 50, 'attention_head_size': 1, 'learning_rate': 0.050952115796606745}. Best is trial 49 with value: 0.07207542657852173.
LOCAL_RANK: 0 - CUDA_VISIBLE_DEVICES: [0]
[I 2023-11-29 22:45:19,201] Trial 100 finished with value: 0.09510000795125961 and parameters: {'gradient_clip_val': 0.3895155312063397, 'hidden_size': 53, 'dropout': 0.17898760978426217, 'hidden_continuous_size': 48, 'attention_head_size': 3, 'learning_rate': 0.04433671729095987}. Best is trial 49 with value: 0.07207542657852173.
LOCAL_RANK: 0 - CUDA_VISIBLE_DEVICES: [0]
[I 2023-11-29 22:45:32,887] Trial 101 finished with value: 0.06458743661642075 and parameters: {'gradient_clip_val': 0.40536373785202773, 'hidden_size': 53, 'dropout': 0.1643527213976435, 'hidden_continuous_size': 48, 'attention_head_size': 3, 'learning_rate': 0.04317545431496683}. Best is trial 101 with value: 0.06458743661642075.
LOCAL_RANK: 0 - CUDA_VISIBLE_DEVICES: [0]
[I 2023-11-29 22:45:46,546] Trial 102 finished with value: 0.1232091411948204 and parameters: {'gradient_clip_val': 0.4012993656601657, 'hidden_size': 50, 'dropout': 0.16400146202824362, 'hidden_continuous_size': 42, 'attention_head_size': 3, 'learning_rate': 0.034452501031378396}. Best is trial 101 with value: 0.06458743661642075.
LOCAL_RANK: 0 - CUDA_VISIBLE_DEVICES: [0]
[I 2023-11-29 22:46:00,260] Trial 103 finished with value: 0.11031899601221085 and parameters: {'gradient_clip_val': 0.34802758796781663, 'hidden_size': 58, 'dropout': 0.17164799339236694, 'hidden_continuous_size': 53, 'attention_head_size': 3, 'learning_rate': 0.0664921426698586}. Best is trial 101 with value: 0.06458743661642075.
LOCAL_RANK: 0 - CUDA_VISIBLE_DEVICES: [0]
[I 2023-11-29 22:46:13,923] Trial 104 finished with value: 0.1394517570734024 and parameters: {'gradient_clip_val': 0.3242890008476072, 'hidden_size': 45, 'dropout': 0.1556939720122818, 'hidden_continuous_size': 41, 'attention_head_size': 3, 'learning_rate': 0.026390907432507955}. Best is trial 101 with value: 0.06458743661642075.
LOCAL_RANK: 0 - CUDA_VISIBLE_DEVICES: [0]
[I 2023-11-29 22:46:27,585] Trial 105 finished with value: 0.25405851006507874 and parameters: {'gradient_clip_val': 0.36421866224145943, 'hidden_size': 49, 'dropout': 0.14601871914199607, 'hidden_continuous_size': 45, 'attention_head_size': 2, 'learning_rate': 0.04044879420553141}. Best is trial 101 with value: 0.06458743661642075.
LOCAL_RANK: 0 - CUDA_VISIBLE_DEVICES: [0]
[I 2023-11-29 22:46:41,052] Trial 106 finished with value: 0.08818326145410538 and parameters: {'gradient_clip_val': 0.4270147200881339, 'hidden_size': 44, 'dropout': 0.13166863092867528, 'hidden_continuous_size': 38, 'attention_head_size': 3, 'learning_rate': 0.05330694332207976}. Best is trial 101 with value: 0.06458743661642075.
LOCAL_RANK: 0 - CUDA_VISIBLE_DEVICES: [0]
[I 2023-11-29 22:46:54,930] Trial 107 finished with value: 0.10100791603326797 and parameters: {'gradient_clip_val': 0.47808877825504575, 'hidden_size': 70, 'dropout': 0.11502504263296115, 'hidden_continuous_size': 38, 'attention_head_size': 3, 'learning_rate': 0.04850212670434101}. Best is trial 101 with value: 0.06458743661642075.
LOCAL_RANK: 0 - CUDA_VISIBLE_DEVICES: [0]
[I 2023-11-29 22:47:08,153] Trial 108 finished with value: 0.1477547436952591 and parameters: {'gradient_clip_val': 0.44664262783633724, 'hidden_size': 44, 'dropout': 0.208180409436511, 'hidden_continuous_size': 39, 'attention_head_size': 3, 'learning_rate': 0.036627864079415366}. Best is trial 101 with value: 0.06458743661642075.
LOCAL_RANK: 0 - CUDA_VISIBLE_DEVICES: [0]
[I 2023-11-29 22:47:21,552] Trial 109 finished with value: 0.09810853004455566 and parameters: {'gradient_clip_val': 0.43165168443389423, 'hidden_size': 41, 'dropout': 0.19767258489979206, 'hidden_continuous_size': 39, 'attention_head_size': 3, 'learning_rate': 0.0315449946531048}. Best is trial 101 with value: 0.06458743661642075.
LOCAL_RANK: 0 - CUDA_VISIBLE_DEVICES: [0]
[I 2023-11-29 22:47:35,752] Trial 110 finished with value: 0.12295347452163696 and parameters: {'gradient_clip_val': 0.5102228581788723, 'hidden_size': 78, 'dropout': 0.22738132217117993, 'hidden_continuous_size': 63, 'attention_head_size': 3, 'learning_rate': 0.0547136170091514}. Best is trial 101 with value: 0.06458743661642075.
LOCAL_RANK: 0 - CUDA_VISIBLE_DEVICES: [0]
[I 2023-11-29 22:47:49,508] Trial 111 finished with value: 0.10839661955833435 and parameters: {'gradient_clip_val': 0.4153208948558351, 'hidden_size': 47, 'dropout': 0.1373508391497592, 'hidden_continuous_size': 44, 'attention_head_size': 3, 'learning_rate': 0.062203836169780695}. Best is trial 101 with value: 0.06458743661642075.
LOCAL_RANK: 0 - CUDA_VISIBLE_DEVICES: [0]
[I 2023-11-29 22:48:03,074] Trial 112 finished with value: 0.24466319382190704 and parameters: {'gradient_clip_val': 0.37522046357747674, 'hidden_size': 53, 'dropout': 0.13286726492627, 'hidden_continuous_size': 47, 'attention_head_size': 1, 'learning_rate': 0.07378668218126229}. Best is trial 101 with value: 0.06458743661642075.
LOCAL_RANK: 0 - CUDA_VISIBLE_DEVICES: [0]
[I 2023-11-29 22:48:16,290] Trial 113 finished with value: 0.19350822269916534 and parameters: {'gradient_clip_val': 0.3979643496127032, 'hidden_size': 41, 'dropout': 0.11924606655203526, 'hidden_continuous_size': 36, 'attention_head_size': 3, 'learning_rate': 0.044708008182829426}. Best is trial 101 with value: 0.06458743661642075.
LOCAL_RANK: 0 - CUDA_VISIBLE_DEVICES: [0]
[I 2023-11-29 22:48:29,523] Trial 114 finished with value: 0.11506563425064087 and parameters: {'gradient_clip_val': 0.5605973479250524, 'hidden_size': 38, 'dropout': 0.15163449427989695, 'hidden_continuous_size': 35, 'attention_head_size': 2, 'learning_rate': 0.08052305898894206}. Best is trial 101 with value: 0.06458743661642075.
LOCAL_RANK: 0 - CUDA_VISIBLE_DEVICES: [0]
[I 2023-11-29 22:48:43,263] Trial 115 finished with value: 0.09333235025405884 and parameters: {'gradient_clip_val': 0.4276605386035359, 'hidden_size': 51, 'dropout': 0.1641978522366107, 'hidden_continuous_size': 46, 'attention_head_size': 3, 'learning_rate': 0.05846072486942026}. Best is trial 101 with value: 0.06458743661642075.
LOCAL_RANK: 0 - CUDA_VISIBLE_DEVICES: [0]
[I 2023-11-29 22:48:57,102] Trial 116 finished with value: 0.12685462832450867 and parameters: {'gradient_clip_val': 0.481881284040045, 'hidden_size': 50, 'dropout': 0.18333912114838735, 'hidden_continuous_size': 46, 'attention_head_size': 3, 'learning_rate': 0.052487439841651606}. Best is trial 101 with value: 0.06458743661642075.
LOCAL_RANK: 0 - CUDA_VISIBLE_DEVICES: [0]
[I 2023-11-29 22:49:10,725] Trial 117 finished with value: 0.2515545189380646 and parameters: {'gradient_clip_val': 0.4519280470616841, 'hidden_size': 56, 'dropout': 0.16037982790578106, 'hidden_continuous_size': 49, 'attention_head_size': 3, 'learning_rate': 0.059479417515571356}. Best is trial 101 with value: 0.06458743661642075.
LOCAL_RANK: 0 - CUDA_VISIBLE_DEVICES: [0]
[I 2023-11-29 22:49:25,169] Trial 118 finished with value: 0.335418701171875 and parameters: {'gradient_clip_val': 0.4287926623628661, 'hidden_size': 97, 'dropout': 0.16640241684787443, 'hidden_continuous_size': 57, 'attention_head_size': 4, 'learning_rate': 0.04082452422195492}. Best is trial 101 with value: 0.06458743661642075.
LOCAL_RANK: 0 - CUDA_VISIBLE_DEVICES: [0]
[I 2023-11-29 22:49:39,411] Trial 119 finished with value: 0.26923805475234985 and parameters: {'gradient_clip_val': 0.4951563320553113, 'hidden_size': 92, 'dropout': 0.1886132168917828, 'hidden_continuous_size': 55, 'attention_head_size': 3, 'learning_rate': 0.02802122303249708}. Best is trial 101 with value: 0.06458743661642075.
LOCAL_RANK: 0 - CUDA_VISIBLE_DEVICES: [0]
[I 2023-11-29 22:49:53,187] Trial 120 finished with value: 0.15705983340740204 and parameters: {'gradient_clip_val': 0.5336105165985227, 'hidden_size': 61, 'dropout': 0.23929210923064761, 'hidden_continuous_size': 51, 'attention_head_size': 3, 'learning_rate': 0.021878291628057264}. Best is trial 101 with value: 0.06458743661642075.
LOCAL_RANK: 0 - CUDA_VISIBLE_DEVICES: [0]
[I 2023-11-29 22:50:06,829] Trial 121 finished with value: 0.08105689287185669 and parameters: {'gradient_clip_val': 0.3894293791983517, 'hidden_size': 48, 'dropout': 0.17752326761649212, 'hidden_continuous_size': 44, 'attention_head_size': 3, 'learning_rate': 0.06464046200372739}. Best is trial 101 with value: 0.06458743661642075.
LOCAL_RANK: 0 - CUDA_VISIBLE_DEVICES: [0]
[I 2023-11-29 22:50:20,162] Trial 122 finished with value: 0.19085188210010529 and parameters: {'gradient_clip_val': 0.384109495393547, 'hidden_size': 48, 'dropout': 0.17397518534875014, 'hidden_continuous_size': 44, 'attention_head_size': 3, 'learning_rate': 0.06783763526227042}. Best is trial 101 with value: 0.06458743661642075.
LOCAL_RANK: 0 - CUDA_VISIBLE_DEVICES: [0]
[I 2023-11-29 22:50:33,777] Trial 123 finished with value: 0.10094334930181503 and parameters: {'gradient_clip_val': 0.3529883232800439, 'hidden_size': 45, 'dropout': 0.2569622277313309, 'hidden_continuous_size': 41, 'attention_head_size': 3, 'learning_rate': 0.05287155646103287}. Best is trial 101 with value: 0.06458743661642075.
LOCAL_RANK: 0 - CUDA_VISIBLE_DEVICES: [0]
[I 2023-11-29 22:50:47,548] Trial 124 finished with value: 0.14620809257030487 and parameters: {'gradient_clip_val': 0.41150445286644605, 'hidden_size': 52, 'dropout': 0.18058257826509005, 'hidden_continuous_size': 46, 'attention_head_size': 3, 'learning_rate': 0.04686369679481997}. Best is trial 101 with value: 0.06458743661642075.
LOCAL_RANK: 0 - CUDA_VISIBLE_DEVICES: [0]
[I 2023-11-29 22:51:00,997] Trial 125 finished with value: 0.2425781488418579 and parameters: {'gradient_clip_val': 0.4595035827242589, 'hidden_size': 42, 'dropout': 0.19967776648944147, 'hidden_continuous_size': 40, 'attention_head_size': 3, 'learning_rate': 0.033468707791443945}. Best is trial 101 with value: 0.06458743661642075.
LOCAL_RANK: 0 - CUDA_VISIBLE_DEVICES: [0]
[I 2023-11-29 22:51:15,202] Trial 126 finished with value: 0.09250032156705856 and parameters: {'gradient_clip_val': 0.5789461207287129, 'hidden_size': 84, 'dropout': 0.19117906962525483, 'hidden_continuous_size': 61, 'attention_head_size': 3, 'learning_rate': 0.05875745104513394}. Best is trial 101 with value: 0.06458743661642075.
LOCAL_RANK: 0 - CUDA_VISIBLE_DEVICES: [0]
[I 2023-11-29 22:51:29,115] Trial 127 finished with value: 0.09930767863988876 and parameters: {'gradient_clip_val': 0.5826111489094676, 'hidden_size': 65, 'dropout': 0.1922054856744022, 'hidden_continuous_size': 50, 'attention_head_size': 3, 'learning_rate': 0.05784471499355755}. Best is trial 101 with value: 0.06458743661642075.
LOCAL_RANK: 0 - CUDA_VISIBLE_DEVICES: [0]
[I 2023-11-29 22:51:42,892] Trial 128 finished with value: 0.14699693024158478 and parameters: {'gradient_clip_val': 0.6116040101669168, 'hidden_size': 55, 'dropout': 0.16739109138354522, 'hidden_continuous_size': 47, 'attention_head_size': 3, 'learning_rate': 0.0651466594960135}. Best is trial 101 with value: 0.06458743661642075.
LOCAL_RANK: 0 - CUDA_VISIBLE_DEVICES: [0]
[I 2023-11-29 22:51:56,191] Trial 129 finished with value: 0.2310606986284256 and parameters: {'gradient_clip_val': 0.6433163672216229, 'hidden_size': 44, 'dropout': 0.19127325885188587, 'hidden_continuous_size': 40, 'attention_head_size': 3, 'learning_rate': 0.07592756487715586}. Best is trial 101 with value: 0.06458743661642075.
LOCAL_RANK: 0 - CUDA_VISIBLE_DEVICES: [0]
[I 2023-11-29 22:52:10,153] Trial 130 finished with value: 0.13896915316581726 and parameters: {'gradient_clip_val': 0.5749390663287337, 'hidden_size': 84, 'dropout': 0.17493874207830692, 'hidden_continuous_size': 61, 'attention_head_size': 3, 'learning_rate': 0.08417546346893764}. Best is trial 101 with value: 0.06458743661642075.
LOCAL_RANK: 0 - CUDA_VISIBLE_DEVICES: [0]
[I 2023-11-29 22:52:24,671] Trial 131 finished with value: 0.1096966341137886 and parameters: {'gradient_clip_val': 0.3724423534496515, 'hidden_size': 87, 'dropout': 0.20722683870412179, 'hidden_continuous_size': 68, 'attention_head_size': 3, 'learning_rate': 0.03783236537055141}. Best is trial 101 with value: 0.06458743661642075.
LOCAL_RANK: 0 - CUDA_VISIBLE_DEVICES: [0]
[I 2023-11-29 22:52:38,874] Trial 132 finished with value: 0.26587536931037903 and parameters: {'gradient_clip_val': 0.26320624717099117, 'hidden_size': 102, 'dropout': 0.21665990144894431, 'hidden_continuous_size': 53, 'attention_head_size': 3, 'learning_rate': 0.04280239332774649}. Best is trial 101 with value: 0.06458743661642075.
LOCAL_RANK: 0 - CUDA_VISIBLE_DEVICES: [0]
[I 2023-11-29 22:52:53,313] Trial 133 finished with value: 0.11679917573928833 and parameters: {'gradient_clip_val': 0.6712186659587727, 'hidden_size': 81, 'dropout': 0.1840947679043017, 'hidden_continuous_size': 71, 'attention_head_size': 3, 'learning_rate': 0.06976261355025634}. Best is trial 101 with value: 0.06458743661642075.
LOCAL_RANK: 0 - CUDA_VISIBLE_DEVICES: [0]
[I 2023-11-29 22:53:07,526] Trial 134 finished with value: 0.18334074318408966 and parameters: {'gradient_clip_val': 0.39212344916462594, 'hidden_size': 75, 'dropout': 0.20108469262846035, 'hidden_continuous_size': 59, 'attention_head_size': 2, 'learning_rate': 0.05792439386282012}. Best is trial 101 with value: 0.06458743661642075.
LOCAL_RANK: 0 - CUDA_VISIBLE_DEVICES: [0]
[I 2023-11-29 22:53:21,331] Trial 135 finished with value: 0.1424298733472824 and parameters: {'gradient_clip_val': 0.4274527989095585, 'hidden_size': 51, 'dropout': 0.16025542563538892, 'hidden_continuous_size': 48, 'attention_head_size': 3, 'learning_rate': 0.09489821072874098}. Best is trial 101 with value: 0.06458743661642075.
LOCAL_RANK: 0 - CUDA_VISIBLE_DEVICES: [0]
[I 2023-11-29 22:53:35,413] Trial 136 finished with value: 0.21722882986068726 and parameters: {'gradient_clip_val': 0.6150020472298691, 'hidden_size': 90, 'dropout': 0.308703072777878, 'hidden_continuous_size': 28, 'attention_head_size': 3, 'learning_rate': 0.050709565694897756}. Best is trial 101 with value: 0.06458743661642075.
LOCAL_RANK: 0 - CUDA_VISIBLE_DEVICES: [0]
[I 2023-11-29 22:53:49,204] Trial 137 finished with value: 0.14193084836006165 and parameters: {'gradient_clip_val': 0.503187741328717, 'hidden_size': 47, 'dropout': 0.22211692149624981, 'hidden_continuous_size': 44, 'attention_head_size': 3, 'learning_rate': 0.030343090966465574}. Best is trial 101 with value: 0.06458743661642075.
LOCAL_RANK: 0 - CUDA_VISIBLE_DEVICES: [0]
[I 2023-11-29 22:54:03,242] Trial 138 finished with value: 0.248003289103508 and parameters: {'gradient_clip_val': 0.3403390891821582, 'hidden_size': 72, 'dropout': 0.14271673699355458, 'hidden_continuous_size': 64, 'attention_head_size': 3, 'learning_rate': 0.025207919243761225}. Best is trial 101 with value: 0.06458743661642075.
LOCAL_RANK: 0 - CUDA_VISIBLE_DEVICES: [0]
[I 2023-11-29 22:54:17,097] Trial 139 finished with value: 0.09609044343233109 and parameters: {'gradient_clip_val': 0.4628177237859258, 'hidden_size': 59, 'dropout': 0.15326636904781765, 'hidden_continuous_size': 53, 'attention_head_size': 2, 'learning_rate': 0.04641793866658168}. Best is trial 101 with value: 0.06458743661642075.
LOCAL_RANK: 0 - CUDA_VISIBLE_DEVICES: [0]
[I 2023-11-29 22:54:31,379] Trial 140 finished with value: 0.23003846406936646 and parameters: {'gradient_clip_val': 0.540505989120477, 'hidden_size': 97, 'dropout': 0.2437178813690474, 'hidden_continuous_size': 56, 'attention_head_size': 3, 'learning_rate': 0.06136874542636937}. Best is trial 101 with value: 0.06458743661642075.
LOCAL_RANK: 0 - CUDA_VISIBLE_DEVICES: [0]
[I 2023-11-29 22:54:44,538] Trial 141 finished with value: 0.114765465259552 and parameters: {'gradient_clip_val': 0.40553684732909134, 'hidden_size': 40, 'dropout': 0.1469145512252092, 'hidden_continuous_size': 38, 'attention_head_size': 1, 'learning_rate': 0.06955990680165672}. Best is trial 101 with value: 0.06458743661642075.
LOCAL_RANK: 0 - CUDA_VISIBLE_DEVICES: [0]
[I 2023-11-29 22:54:57,922] Trial 142 finished with value: 0.10894346237182617 and parameters: {'gradient_clip_val': 0.4374477062883955, 'hidden_size': 43, 'dropout': 0.13183969744266602, 'hidden_continuous_size': 41, 'attention_head_size': 1, 'learning_rate': 0.07447570300493356}. Best is trial 101 with value: 0.06458743661642075.
LOCAL_RANK: 0 - CUDA_VISIBLE_DEVICES: [0]
[I 2023-11-29 22:55:10,899] Trial 143 finished with value: 0.19048406183719635 and parameters: {'gradient_clip_val': 0.3646193723802161, 'hidden_size': 37, 'dropout': 0.2668080760145709, 'hidden_continuous_size': 36, 'attention_head_size': 1, 'learning_rate': 0.0841275373371186}. Best is trial 101 with value: 0.06458743661642075.
LOCAL_RANK: 0 - CUDA_VISIBLE_DEVICES: [0]
[I 2023-11-29 22:55:24,448] Trial 144 finished with value: 0.14525654911994934 and parameters: {'gradient_clip_val': 0.4208837826858558, 'hidden_size': 47, 'dropout': 0.16279437808340366, 'hidden_continuous_size': 45, 'attention_head_size': 3, 'learning_rate': 0.05481597522643053}. Best is trial 101 with value: 0.06458743661642075.
LOCAL_RANK: 0 - CUDA_VISIBLE_DEVICES: [0]
[I 2023-11-29 22:55:38,125] Trial 145 finished with value: 0.35502931475639343 and parameters: {'gradient_clip_val': 0.38675883290360974, 'hidden_size': 50, 'dropout': 0.16907778469966755, 'hidden_continuous_size': 47, 'attention_head_size': 2, 'learning_rate': 0.06430937701890202}. Best is trial 101 with value: 0.06458743661642075.
LOCAL_RANK: 0 - CUDA_VISIBLE_DEVICES: [0]
[I 2023-11-29 22:55:51,902] Trial 146 finished with value: 0.19378972053527832 and parameters: {'gradient_clip_val': 0.47990974904528205, 'hidden_size': 55, 'dropout': 0.23383031920026692, 'hidden_continuous_size': 51, 'attention_head_size': 1, 'learning_rate': 0.03587397362087842}. Best is trial 101 with value: 0.06458743661642075.
LOCAL_RANK: 0 - CUDA_VISIBLE_DEVICES: [0]
[I 2023-11-29 22:56:06,119] Trial 147 finished with value: 0.16670139133930206 and parameters: {'gradient_clip_val': 0.4458848671131363, 'hidden_size': 107, 'dropout': 0.1554468608895219, 'hidden_continuous_size': 30, 'attention_head_size': 3, 'learning_rate': 0.05038469333379005}. Best is trial 101 with value: 0.06458743661642075.
LOCAL_RANK: 0 - CUDA_VISIBLE_DEVICES: [0]
[I 2023-11-29 22:56:19,776] Trial 148 finished with value: 0.20216166973114014 and parameters: {'gradient_clip_val': 0.4064811558752465, 'hidden_size': 45, 'dropout': 0.14302823698143638, 'hidden_continuous_size': 43, 'attention_head_size': 3, 'learning_rate': 0.04003479685797865}. Best is trial 101 with value: 0.06458743661642075.
LOCAL_RANK: 0 - CUDA_VISIBLE_DEVICES: [0]
