[I 2023-11-30 01:44:25,795] Trial 149 finished with value: 0.11085110157728195 and parameters: {'gradient_clip_val': 0.7687978712325447, 'hidden_size': 38, 'dropout': 0.2332187563648859, 'hidden_continuous_size': 11, 'attention_head_size': 4, 'learning_rate': 0.08250392772488196}. Best is trial 139 with value: 0.08996462821960449.
[I 2023-11-30 01:44:25,907] A new study created in memory with name: no-name-0975953e-fd5e-428f-8ec3-b62d0bda0100
/home/le004/conda/anaconda3/envs/tsff_env/lib/python3.9/site-packages/lightning/fabric/plugins/environments/slurm.py:191: The `srun` command is available on your system but is not used. HINT: If your intention is to run Lightning on SLURM, prepend your python command with `srun` like so: srun python /home/le004/master_thesis/git/TSFusionForecast/code/ ...
LOCAL_RANK: 0 - CUDA_VISIBLE_DEVICES: [0]
[I 2023-11-30 01:44:39,046] Trial 0 finished with value: 0.26444756984710693 and parameters: {'gradient_clip_val': 0.33528452747568066, 'hidden_size': 56, 'dropout': 0.2827041983863211, 'hidden_continuous_size': 18, 'attention_head_size': 3, 'learning_rate': 0.009357197750278965}. Best is trial 0 with value: 0.26444756984710693.
LOCAL_RANK: 0 - CUDA_VISIBLE_DEVICES: [0]
[I 2023-11-30 01:44:53,033] Trial 1 finished with value: 0.0927031934261322 and parameters: {'gradient_clip_val': 0.3629455423395211, 'hidden_size': 98, 'dropout': 0.35982265236360733, 'hidden_continuous_size': 38, 'attention_head_size': 1, 'learning_rate': 0.018582429362211942}. Best is trial 1 with value: 0.0927031934261322.
LOCAL_RANK: 0 - CUDA_VISIBLE_DEVICES: [0]
[I 2023-11-30 01:45:07,606] Trial 2 finished with value: 0.10062512010335922 and parameters: {'gradient_clip_val': 0.3637346867470642, 'hidden_size': 142, 'dropout': 0.31250976980636713, 'hidden_continuous_size': 65, 'attention_head_size': 1, 'learning_rate': 0.08589952862283701}. Best is trial 1 with value: 0.0927031934261322.
LOCAL_RANK: 0 - CUDA_VISIBLE_DEVICES: [0]
[I 2023-11-30 01:45:20,148] Trial 3 finished with value: 1.0512245893478394 and parameters: {'gradient_clip_val': 0.29894055587129986, 'hidden_size': 21, 'dropout': 0.38655806968510953, 'hidden_continuous_size': 11, 'attention_head_size': 3, 'learning_rate': 0.0019908937940441144}. Best is trial 1 with value: 0.0927031934261322.
LOCAL_RANK: 0 - CUDA_VISIBLE_DEVICES: [0]
[I 2023-11-30 01:45:33,604] Trial 4 finished with value: 0.0837937593460083 and parameters: {'gradient_clip_val': 0.16783136271015162, 'hidden_size': 67, 'dropout': 0.12142403039878553, 'hidden_continuous_size': 14, 'attention_head_size': 3, 'learning_rate': 0.008142909819524882}. Best is trial 4 with value: 0.0837937593460083.
LOCAL_RANK: 0 - CUDA_VISIBLE_DEVICES: [0]
[I 2023-11-30 01:45:47,363] Trial 5 finished with value: 0.1619124561548233 and parameters: {'gradient_clip_val': 0.1334141548412554, 'hidden_size': 62, 'dropout': 0.11649020066774132, 'hidden_continuous_size': 53, 'attention_head_size': 2, 'learning_rate': 0.01131712804540375}. Best is trial 4 with value: 0.0837937593460083.
LOCAL_RANK: 0 - CUDA_VISIBLE_DEVICES: [0]
[I 2023-11-30 01:46:01,679] Trial 6 finished with value: 0.08619699627161026 and parameters: {'gradient_clip_val': 0.18584019096150817, 'hidden_size': 87, 'dropout': 0.3466408555821569, 'hidden_continuous_size': 57, 'attention_head_size': 4, 'learning_rate': 0.05535444207846308}. Best is trial 4 with value: 0.0837937593460083.
LOCAL_RANK: 0 - CUDA_VISIBLE_DEVICES: [0]
[I 2023-11-30 01:46:14,749] Trial 7 finished with value: 0.1125841736793518 and parameters: {'gradient_clip_val': 0.13342856139558346, 'hidden_size': 43, 'dropout': 0.1930361499551327, 'hidden_continuous_size': 27, 'attention_head_size': 2, 'learning_rate': 0.013915684432314742}. Best is trial 4 with value: 0.0837937593460083.
LOCAL_RANK: 0 - CUDA_VISIBLE_DEVICES: [0]
[I 2023-11-30 01:46:27,265] Trial 8 finished with value: 0.10108280926942825 and parameters: {'gradient_clip_val': 0.16265978008887794, 'hidden_size': 25, 'dropout': 0.30095912956328524, 'hidden_continuous_size': 12, 'attention_head_size': 1, 'learning_rate': 0.03507358950327226}. Best is trial 4 with value: 0.0837937593460083.
LOCAL_RANK: 0 - CUDA_VISIBLE_DEVICES: [0]
[I 2023-11-30 01:46:40,492] Trial 9 finished with value: 0.3216640055179596 and parameters: {'gradient_clip_val': 0.2944131152945182, 'hidden_size': 49, 'dropout': 0.34563078703595773, 'hidden_continuous_size': 12, 'attention_head_size': 4, 'learning_rate': 0.003788570197107235}. Best is trial 4 with value: 0.0837937593460083.
LOCAL_RANK: 0 - CUDA_VISIBLE_DEVICES: [0]
[I 2023-11-30 01:46:51,104] Trial 10 finished with value: 1.3512111902236938 and parameters: {'gradient_clip_val': 0.774251295669853, 'hidden_size': 10, 'dropout': 0.10760881906406164, 'hidden_continuous_size': 10, 'attention_head_size': 3, 'learning_rate': 0.0010399487370166731}. Best is trial 4 with value: 0.0837937593460083.
LOCAL_RANK: 0 - CUDA_VISIBLE_DEVICES: [0]
[I 2023-11-30 01:47:02,161] Trial 11 finished with value: 0.05039503052830696 and parameters: {'gradient_clip_val': 0.10317837008678359, 'hidden_size': 90, 'dropout': 0.22108203579471264, 'hidden_continuous_size': 90, 'attention_head_size': 4, 'learning_rate': 0.09749141309300446}. Best is trial 11 with value: 0.05039503052830696.
LOCAL_RANK: 0 - CUDA_VISIBLE_DEVICES: [0]
[I 2023-11-30 01:47:17,391] Trial 12 finished with value: 0.14124590158462524 and parameters: {'gradient_clip_val': 0.10011322052448073, 'hidden_size': 144, 'dropout': 0.21246852407696262, 'hidden_continuous_size': 123, 'attention_head_size': 4, 'learning_rate': 0.08822155597992234}. Best is trial 11 with value: 0.05039503052830696.
LOCAL_RANK: 0 - CUDA_VISIBLE_DEVICES: [0]
[I 2023-11-30 01:47:31,165] Trial 13 finished with value: 0.07427813857793808 and parameters: {'gradient_clip_val': 0.10123776547221126, 'hidden_size': 87, 'dropout': 0.16291511518809182, 'hidden_continuous_size': 18, 'attention_head_size': 4, 'learning_rate': 0.02808097434271853}. Best is trial 11 with value: 0.05039503052830696.
LOCAL_RANK: 0 - CUDA_VISIBLE_DEVICES: [0]
[I 2023-11-30 01:47:45,283] Trial 14 finished with value: 0.07521814852952957 and parameters: {'gradient_clip_val': 0.11144995279372627, 'hidden_size': 98, 'dropout': 0.1860941353878484, 'hidden_continuous_size': 20, 'attention_head_size': 4, 'learning_rate': 0.033907626632831964}. Best is trial 11 with value: 0.05039503052830696.
LOCAL_RANK: 0 - CUDA_VISIBLE_DEVICES: [0]
[I 2023-11-30 01:47:59,187] Trial 15 finished with value: 0.044045448303222656 and parameters: {'gradient_clip_val': 0.10108638582974301, 'hidden_size': 81, 'dropout': 0.24903288360581458, 'hidden_continuous_size': 22, 'attention_head_size': 4, 'learning_rate': 0.03291763643573092}. Best is trial 15 with value: 0.044045448303222656.
LOCAL_RANK: 0 - CUDA_VISIBLE_DEVICES: [0]
[I 2023-11-30 01:48:12,354] Trial 16 finished with value: 0.040784481912851334 and parameters: {'gradient_clip_val': 0.24170892365077226, 'hidden_size': 39, 'dropout': 0.24578751822183897, 'hidden_continuous_size': 16, 'attention_head_size': 4, 'learning_rate': 0.051175746520072875}. Best is trial 16 with value: 0.040784481912851334.
LOCAL_RANK: 0 - CUDA_VISIBLE_DEVICES: [0]
[I 2023-11-30 01:48:25,337] Trial 17 finished with value: 0.08768385648727417 and parameters: {'gradient_clip_val': 0.22113764659201443, 'hidden_size': 31, 'dropout': 0.25181062773378726, 'hidden_continuous_size': 15, 'attention_head_size': 2, 'learning_rate': 0.04450479275874499}. Best is trial 16 with value: 0.040784481912851334.
LOCAL_RANK: 0 - CUDA_VISIBLE_DEVICES: [0]
[I 2023-11-30 01:48:38,453] Trial 18 finished with value: 0.0825851559638977 and parameters: {'gradient_clip_val': 0.22991998477609904, 'hidden_size': 35, 'dropout': 0.2517983914617976, 'hidden_continuous_size': 22, 'attention_head_size': 3, 'learning_rate': 0.02239126034103257}. Best is trial 16 with value: 0.040784481912851334.
LOCAL_RANK: 0 - CUDA_VISIBLE_DEVICES: [0]
[I 2023-11-30 01:48:51,286] Trial 19 finished with value: 0.09828852862119675 and parameters: {'gradient_clip_val': 0.490895817457215, 'hidden_size': 40, 'dropout': 0.2694325242745963, 'hidden_continuous_size': 15, 'attention_head_size': 4, 'learning_rate': 0.05728879407125278}. Best is trial 16 with value: 0.040784481912851334.
LOCAL_RANK: 0 - CUDA_VISIBLE_DEVICES: [0]
[I 2023-11-30 01:49:05,095] Trial 20 finished with value: 0.07693430781364441 and parameters: {'gradient_clip_val': 0.14453106542160876, 'hidden_size': 67, 'dropout': 0.2383750885549545, 'hidden_continuous_size': 27, 'attention_head_size': 3, 'learning_rate': 0.02026295613343329}. Best is trial 16 with value: 0.040784481912851334.
LOCAL_RANK: 0 - CUDA_VISIBLE_DEVICES: [0]
[I 2023-11-30 01:49:18,137] Trial 21 finished with value: 0.0705324187874794 and parameters: {'gradient_clip_val': 0.1343975117761607, 'hidden_size': 49, 'dropout': 0.21060025162831914, 'hidden_continuous_size': 10, 'attention_head_size': 4, 'learning_rate': 0.09721105747435378}. Best is trial 16 with value: 0.040784481912851334.
LOCAL_RANK: 0 - CUDA_VISIBLE_DEVICES: [0]
[I 2023-11-30 01:49:32,714] Trial 22 finished with value: 0.06353465467691422 and parameters: {'gradient_clip_val': 0.11835919152128582, 'hidden_size': 121, 'dropout': 0.23187428358347137, 'hidden_continuous_size': 35, 'attention_head_size': 4, 'learning_rate': 0.05824559659421909}. Best is trial 16 with value: 0.040784481912851334.
LOCAL_RANK: 0 - CUDA_VISIBLE_DEVICES: [0]
[I 2023-11-30 01:49:46,924] Trial 23 finished with value: 0.10164779424667358 and parameters: {'gradient_clip_val': 0.1947121057751372, 'hidden_size': 110, 'dropout': 0.26683728313367505, 'hidden_continuous_size': 24, 'attention_head_size': 4, 'learning_rate': 0.044753806733458606}. Best is trial 16 with value: 0.040784481912851334.
LOCAL_RANK: 0 - CUDA_VISIBLE_DEVICES: [0]
[I 2023-11-30 01:50:00,761] Trial 24 finished with value: 0.04849748685956001 and parameters: {'gradient_clip_val': 0.11600287035356646, 'hidden_size': 79, 'dropout': 0.22816029212954678, 'hidden_continuous_size': 19, 'attention_head_size': 4, 'learning_rate': 0.07015230697906417}. Best is trial 16 with value: 0.040784481912851334.
LOCAL_RANK: 0 - CUDA_VISIBLE_DEVICES: [0]
[I 2023-11-30 01:50:14,489] Trial 25 finished with value: 0.08410125970840454 and parameters: {'gradient_clip_val': 0.15382435145461568, 'hidden_size': 75, 'dropout': 0.24669477182714206, 'hidden_continuous_size': 17, 'attention_head_size': 3, 'learning_rate': 0.028865787195509487}. Best is trial 16 with value: 0.040784481912851334.
LOCAL_RANK: 0 - CUDA_VISIBLE_DEVICES: [0]
[I 2023-11-30 01:50:28,352] Trial 26 finished with value: 0.0661701187491417 and parameters: {'gradient_clip_val': 0.12469309876356673, 'hidden_size': 74, 'dropout': 0.2888335690877471, 'hidden_continuous_size': 20, 'attention_head_size': 4, 'learning_rate': 0.03982821483448757}. Best is trial 16 with value: 0.040784481912851334.
LOCAL_RANK: 0 - CUDA_VISIBLE_DEVICES: [0]
[I 2023-11-30 01:50:41,784] Trial 27 finished with value: 0.06979399174451828 and parameters: {'gradient_clip_val': 0.12021862366365421, 'hidden_size': 56, 'dropout': 0.31289269398186065, 'hidden_continuous_size': 17, 'attention_head_size': 3, 'learning_rate': 0.06926891549635655}. Best is trial 16 with value: 0.040784481912851334.
LOCAL_RANK: 0 - CUDA_VISIBLE_DEVICES: [0]
[I 2023-11-30 01:50:55,964] Trial 28 finished with value: 0.08145584911108017 and parameters: {'gradient_clip_val': 0.15022746604137036, 'hidden_size': 120, 'dropout': 0.2663985574259892, 'hidden_continuous_size': 28, 'attention_head_size': 4, 'learning_rate': 0.06619642165422504}. Best is trial 16 with value: 0.040784481912851334.
LOCAL_RANK: 0 - CUDA_VISIBLE_DEVICES: [0]
[I 2023-11-30 01:51:09,277] Trial 29 finished with value: 0.05356134846806526 and parameters: {'gradient_clip_val': 0.1852143964526875, 'hidden_size': 55, 'dropout': 0.276203592457106, 'hidden_continuous_size': 19, 'attention_head_size': 3, 'learning_rate': 0.046493061686972904}. Best is trial 16 with value: 0.040784481912851334.
LOCAL_RANK: 0 - CUDA_VISIBLE_DEVICES: [0]
[I 2023-11-30 01:51:22,857] Trial 30 finished with value: 0.11336934566497803 and parameters: {'gradient_clip_val': 0.24776406524266734, 'hidden_size': 75, 'dropout': 0.23125409685488468, 'hidden_continuous_size': 23, 'attention_head_size': 2, 'learning_rate': 0.024385120028581005}. Best is trial 16 with value: 0.040784481912851334.
LOCAL_RANK: 0 - CUDA_VISIBLE_DEVICES: [0]
[I 2023-11-30 01:51:36,756] Trial 31 finished with value: 0.08230350911617279 and parameters: {'gradient_clip_val': 0.10130964586322773, 'hidden_size': 86, 'dropout': 0.2189348116405406, 'hidden_continuous_size': 14, 'attention_head_size': 4, 'learning_rate': 0.07446716764819553}. Best is trial 16 with value: 0.040784481912851334.
LOCAL_RANK: 0 - CUDA_VISIBLE_DEVICES: [0]
[I 2023-11-30 01:51:50,968] Trial 32 finished with value: 0.05709732696413994 and parameters: {'gradient_clip_val': 0.11171161068772997, 'hidden_size': 103, 'dropout': 0.22898716253282428, 'hidden_continuous_size': 32, 'attention_head_size': 4, 'learning_rate': 0.09668713990325446}. Best is trial 16 with value: 0.040784481912851334.
LOCAL_RANK: 0 - CUDA_VISIBLE_DEVICES: [0]
[I 2023-11-30 01:52:05,416] Trial 33 finished with value: 0.09318605810403824 and parameters: {'gradient_clip_val': 0.12246771496786991, 'hidden_size': 131, 'dropout': 0.2496509204734802, 'hidden_continuous_size': 43, 'attention_head_size': 4, 'learning_rate': 0.06998712351463547}. Best is trial 16 with value: 0.040784481912851334.
LOCAL_RANK: 0 - CUDA_VISIBLE_DEVICES: [0]
[I 2023-11-30 01:52:19,352] Trial 34 finished with value: 0.07967153191566467 and parameters: {'gradient_clip_val': 0.14380161862197724, 'hidden_size': 100, 'dropout': 0.1972256309282288, 'hidden_continuous_size': 24, 'attention_head_size': 4, 'learning_rate': 0.09979636102643485}. Best is trial 16 with value: 0.040784481912851334.
LOCAL_RANK: 0 - CUDA_VISIBLE_DEVICES: [0]
[I 2023-11-30 01:52:34,367] Trial 35 finished with value: 0.07439854741096497 and parameters: {'gradient_clip_val': 0.16721718156425783, 'hidden_size': 146, 'dropout': 0.17378877682748567, 'hidden_continuous_size': 89, 'attention_head_size': 3, 'learning_rate': 0.053889626202487904}. Best is trial 16 with value: 0.040784481912851334.
LOCAL_RANK: 0 - CUDA_VISIBLE_DEVICES: [0]
[I 2023-11-30 01:52:47,893] Trial 36 finished with value: 0.05460548400878906 and parameters: {'gradient_clip_val': 0.11236676365753653, 'hidden_size': 61, 'dropout': 0.21303675009648318, 'hidden_continuous_size': 22, 'attention_head_size': 4, 'learning_rate': 0.03222131308915101}. Best is trial 16 with value: 0.040784481912851334.
LOCAL_RANK: 0 - CUDA_VISIBLE_DEVICES: [0]
[I 2023-11-30 01:53:02,059] Trial 37 finished with value: 0.0661231055855751 and parameters: {'gradient_clip_val': 0.13625437028452145, 'hidden_size': 82, 'dropout': 0.25873356085911564, 'hidden_continuous_size': 42, 'attention_head_size': 1, 'learning_rate': 0.07492776151141939}. Best is trial 16 with value: 0.040784481912851334.
LOCAL_RANK: 0 - CUDA_VISIBLE_DEVICES: [0]
[I 2023-11-30 01:53:15,891] Trial 38 finished with value: 0.07294612377882004 and parameters: {'gradient_clip_val': 0.17229849838916714, 'hidden_size': 66, 'dropout': 0.287560424972429, 'hidden_continuous_size': 30, 'attention_head_size': 4, 'learning_rate': 0.04034045569726495}. Best is trial 16 with value: 0.040784481912851334.
LOCAL_RANK: 0 - CUDA_VISIBLE_DEVICES: [0]
[I 2023-11-30 01:53:30,182] Trial 39 finished with value: 0.08431855589151382 and parameters: {'gradient_clip_val': 0.12843153462055273, 'hidden_size': 111, 'dropout': 0.24209440797243909, 'hidden_continuous_size': 36, 'attention_head_size': 3, 'learning_rate': 0.0521673615301693}. Best is trial 16 with value: 0.040784481912851334.
LOCAL_RANK: 0 - CUDA_VISIBLE_DEVICES: [0]
[I 2023-11-30 01:53:43,442] Trial 40 finished with value: 0.11287514120340347 and parameters: {'gradient_clip_val': 0.15390129108940157, 'hidden_size': 48, 'dropout': 0.14934071707988306, 'hidden_continuous_size': 21, 'attention_head_size': 4, 'learning_rate': 0.014434756361355106}. Best is trial 16 with value: 0.040784481912851334.
LOCAL_RANK: 0 - CUDA_VISIBLE_DEVICES: [0]
[I 2023-11-30 01:53:56,781] Trial 41 finished with value: 0.07992754131555557 and parameters: {'gradient_clip_val': 0.18750503431470625, 'hidden_size': 58, 'dropout': 0.2766362689790809, 'hidden_continuous_size': 18, 'attention_head_size': 3, 'learning_rate': 0.04789126200596594}. Best is trial 16 with value: 0.040784481912851334.
LOCAL_RANK: 0 - CUDA_VISIBLE_DEVICES: [0]
[I 2023-11-30 01:54:10,764] Trial 42 finished with value: 0.08502403646707535 and parameters: {'gradient_clip_val': 0.20036376493838895, 'hidden_size': 91, 'dropout': 0.22698152808626923, 'hidden_continuous_size': 25, 'attention_head_size': 3, 'learning_rate': 0.07690881845611272}. Best is trial 16 with value: 0.040784481912851334.
LOCAL_RANK: 0 - CUDA_VISIBLE_DEVICES: [0]
[I 2023-11-30 01:54:24,045] Trial 43 finished with value: 0.06562536954879761 and parameters: {'gradient_clip_val': 0.10039907470675884, 'hidden_size': 56, 'dropout': 0.20222843066647528, 'hidden_continuous_size': 20, 'attention_head_size': 4, 'learning_rate': 0.036434089136437794}. Best is trial 16 with value: 0.040784481912851334.
LOCAL_RANK: 0 - CUDA_VISIBLE_DEVICES: [0]
[I 2023-11-30 01:54:37,939] Trial 44 finished with value: 0.10218987613916397 and parameters: {'gradient_clip_val': 0.17765015474473247, 'hidden_size': 73, 'dropout': 0.22099406423534856, 'hidden_continuous_size': 26, 'attention_head_size': 4, 'learning_rate': 0.0446371749012972}. Best is trial 16 with value: 0.040784481912851334.
LOCAL_RANK: 0 - CUDA_VISIBLE_DEVICES: [0]
[I 2023-11-30 01:54:51,001] Trial 45 finished with value: 0.07442822307348251 and parameters: {'gradient_clip_val': 0.1376408299989309, 'hidden_size': 45, 'dropout': 0.2751879840305371, 'hidden_continuous_size': 16, 'attention_head_size': 2, 'learning_rate': 0.061472066741962955}. Best is trial 16 with value: 0.040784481912851334.
LOCAL_RANK: 0 - CUDA_VISIBLE_DEVICES: [0]
[I 2023-11-30 01:55:04,462] Trial 46 finished with value: 0.09308671206235886 and parameters: {'gradient_clip_val': 0.11318131274212131, 'hidden_size': 53, 'dropout': 0.24346452507024768, 'hidden_continuous_size': 19, 'attention_head_size': 4, 'learning_rate': 0.08167553213107631}. Best is trial 16 with value: 0.040784481912851334.
LOCAL_RANK: 0 - CUDA_VISIBLE_DEVICES: [0]
[I 2023-11-30 01:55:17,986] Trial 47 finished with value: 0.12805326282978058 and parameters: {'gradient_clip_val': 0.26367862174491635, 'hidden_size': 63, 'dropout': 0.2980000937983944, 'hidden_continuous_size': 13, 'attention_head_size': 3, 'learning_rate': 0.028148821151427354}. Best is trial 16 with value: 0.040784481912851334.
LOCAL_RANK: 0 - CUDA_VISIBLE_DEVICES: [0]
[I 2023-11-30 01:55:31,292] Trial 48 finished with value: 0.06810317188501358 and parameters: {'gradient_clip_val': 0.21124227362028822, 'hidden_size': 42, 'dropout': 0.25772953935663484, 'hidden_continuous_size': 19, 'attention_head_size': 4, 'learning_rate': 0.04865819112382196}. Best is trial 16 with value: 0.040784481912851334.
LOCAL_RANK: 0 - CUDA_VISIBLE_DEVICES: [0]
[I 2023-11-30 01:55:44,069] Trial 49 finished with value: 0.0839051827788353 and parameters: {'gradient_clip_val': 0.171282580754667, 'hidden_size': 36, 'dropout': 0.20442175979790217, 'hidden_continuous_size': 16, 'attention_head_size': 1, 'learning_rate': 0.08192082009287925}. Best is trial 16 with value: 0.040784481912851334.
LOCAL_RANK: 0 - CUDA_VISIBLE_DEVICES: [0]
[I 2023-11-30 01:55:57,822] Trial 50 finished with value: 0.09781336784362793 and parameters: {'gradient_clip_val': 0.15579061751045906, 'hidden_size': 91, 'dropout': 0.2349834185146581, 'hidden_continuous_size': 22, 'attention_head_size': 3, 'learning_rate': 0.06107329964846514}. Best is trial 16 with value: 0.040784481912851334.
LOCAL_RANK: 0 - CUDA_VISIBLE_DEVICES: [0]
[I 2023-11-30 01:56:11,522] Trial 51 finished with value: 0.07493575662374496 and parameters: {'gradient_clip_val': 0.10877183603370073, 'hidden_size': 60, 'dropout': 0.22041913036405605, 'hidden_continuous_size': 23, 'attention_head_size': 4, 'learning_rate': 0.031945350230933485}. Best is trial 16 with value: 0.040784481912851334.
LOCAL_RANK: 0 - CUDA_VISIBLE_DEVICES: [0]
[I 2023-11-30 01:56:25,438] Trial 52 finished with value: 0.07132921367883682 and parameters: {'gradient_clip_val': 0.12594559034973454, 'hidden_size': 69, 'dropout': 0.21139902392795562, 'hidden_continuous_size': 21, 'attention_head_size': 4, 'learning_rate': 0.03629306945629375}. Best is trial 16 with value: 0.040784481912851334.
LOCAL_RANK: 0 - CUDA_VISIBLE_DEVICES: [0]
[I 2023-11-30 01:56:39,226] Trial 53 finished with value: 0.051655691117048264 and parameters: {'gradient_clip_val': 0.10861792161624956, 'hidden_size': 80, 'dropout': 0.19017215301313753, 'hidden_continuous_size': 25, 'attention_head_size': 4, 'learning_rate': 0.02437070849576182}. Best is trial 16 with value: 0.040784481912851334.
LOCAL_RANK: 0 - CUDA_VISIBLE_DEVICES: [0]
[I 2023-11-30 01:56:53,164] Trial 54 finished with value: 0.08018627017736435 and parameters: {'gradient_clip_val': 0.10490788753557068, 'hidden_size': 78, 'dropout': 0.18386514272611346, 'hidden_continuous_size': 25, 'attention_head_size': 4, 'learning_rate': 0.01729787227786962}. Best is trial 16 with value: 0.040784481912851334.
LOCAL_RANK: 0 - CUDA_VISIBLE_DEVICES: [0]
[I 2023-11-30 01:57:07,198] Trial 55 finished with value: 0.059650078415870667 and parameters: {'gradient_clip_val': 0.11739960274558546, 'hidden_size': 85, 'dropout': 0.1959820179863469, 'hidden_continuous_size': 26, 'attention_head_size': 4, 'learning_rate': 0.026152576746734504}. Best is trial 16 with value: 0.040784481912851334.
LOCAL_RANK: 0 - CUDA_VISIBLE_DEVICES: [0]
