[I 2023-11-30 01:18:54,081] Trial 33 finished with value: 0.1488930732011795 and parameters: {'gradient_clip_val': 0.43453569749710663, 'hidden_size': 38, 'dropout': 0.2534315734887761, 'hidden_continuous_size': 18, 'attention_head_size': 2, 'learning_rate': 0.09943000169235928}. Best is trial 29 with value: 0.11032611131668091.
LOCAL_RANK: 0 - CUDA_VISIBLE_DEVICES: [0]
[I 2023-11-30 01:19:07,545] Trial 34 finished with value: 0.15850350260734558 and parameters: {'gradient_clip_val': 0.6612179367658552, 'hidden_size': 50, 'dropout': 0.22774343306634529, 'hidden_continuous_size': 22, 'attention_head_size': 3, 'learning_rate': 0.035280652591364856}. Best is trial 29 with value: 0.11032611131668091.
LOCAL_RANK: 0 - CUDA_VISIBLE_DEVICES: [0]
[I 2023-11-30 01:19:17,895] Trial 35 finished with value: 0.1644422709941864 and parameters: {'gradient_clip_val': 0.3907632128156401, 'hidden_size': 10, 'dropout': 0.26295227748119393, 'hidden_continuous_size': 10, 'attention_head_size': 1, 'learning_rate': 0.07634374106715526}. Best is trial 29 with value: 0.11032611131668091.
LOCAL_RANK: 0 - CUDA_VISIBLE_DEVICES: [0]
[I 2023-11-30 01:19:31,746] Trial 36 finished with value: 0.14322374761104584 and parameters: {'gradient_clip_val': 0.503420703754813, 'hidden_size': 65, 'dropout': 0.2880914594665711, 'hidden_continuous_size': 27, 'attention_head_size': 4, 'learning_rate': 0.05498972904354822}. Best is trial 29 with value: 0.11032611131668091.
LOCAL_RANK: 0 - CUDA_VISIBLE_DEVICES: [0]
[I 2023-11-30 01:19:45,410] Trial 37 finished with value: 0.23626749217510223 and parameters: {'gradient_clip_val': 0.44143974801198665, 'hidden_size': 92, 'dropout': 0.24045494845639456, 'hidden_continuous_size': 22, 'attention_head_size': 1, 'learning_rate': 0.07838647834293491}. Best is trial 29 with value: 0.11032611131668091.
LOCAL_RANK: 0 - CUDA_VISIBLE_DEVICES: [0]
[I 2023-11-30 01:19:58,461] Trial 38 finished with value: 0.2147226333618164 and parameters: {'gradient_clip_val': 0.6543135160055096, 'hidden_size': 35, 'dropout': 0.25412485694823966, 'hidden_continuous_size': 15, 'attention_head_size': 3, 'learning_rate': 0.044495939531915815}. Best is trial 29 with value: 0.11032611131668091.
LOCAL_RANK: 0 - CUDA_VISIBLE_DEVICES: [0]
[I 2023-11-30 01:20:11,503] Trial 39 finished with value: 0.16401509940624237 and parameters: {'gradient_clip_val': 0.8031454094434455, 'hidden_size': 43, 'dropout': 0.2796790921141235, 'hidden_continuous_size': 20, 'attention_head_size': 2, 'learning_rate': 0.06000103939280874}. Best is trial 29 with value: 0.11032611131668091.
LOCAL_RANK: 0 - CUDA_VISIBLE_DEVICES: [0]
[I 2023-11-30 01:20:25,028] Trial 40 finished with value: 0.13558146357536316 and parameters: {'gradient_clip_val': 0.5236309782779075, 'hidden_size': 67, 'dropout': 0.31259822659351777, 'hidden_continuous_size': 24, 'attention_head_size': 1, 'learning_rate': 0.0368310689792078}. Best is trial 29 with value: 0.11032611131668091.
LOCAL_RANK: 0 - CUDA_VISIBLE_DEVICES: [0]
[I 2023-11-30 01:20:38,615] Trial 41 finished with value: 0.19861195981502533 and parameters: {'gradient_clip_val': 0.5068038618251771, 'hidden_size': 73, 'dropout': 0.3126917706911053, 'hidden_continuous_size': 25, 'attention_head_size': 1, 'learning_rate': 0.0361219048709507}. Best is trial 29 with value: 0.11032611131668091.
LOCAL_RANK: 0 - CUDA_VISIBLE_DEVICES: [0]
[I 2023-11-30 01:20:51,687] Trial 42 finished with value: 0.1454564332962036 and parameters: {'gradient_clip_val': 0.3617890150681137, 'hidden_size': 55, 'dropout': 0.26826644821274476, 'hidden_continuous_size': 18, 'attention_head_size': 1, 'learning_rate': 0.08440145637791635}. Best is trial 29 with value: 0.11032611131668091.
LOCAL_RANK: 0 - CUDA_VISIBLE_DEVICES: [0]
[I 2023-11-30 01:21:05,648] Trial 43 finished with value: 0.15888237953186035 and parameters: {'gradient_clip_val': 0.43332345217053075, 'hidden_size': 110, 'dropout': 0.2972212929635386, 'hidden_continuous_size': 31, 'attention_head_size': 1, 'learning_rate': 0.06332363443887036}. Best is trial 29 with value: 0.11032611131668091.
LOCAL_RANK: 0 - CUDA_VISIBLE_DEVICES: [0]
[I 2023-11-30 01:21:18,976] Trial 44 finished with value: 0.129377543926239 and parameters: {'gradient_clip_val': 0.6311592747620218, 'hidden_size': 50, 'dropout': 0.3124123183271674, 'hidden_continuous_size': 21, 'attention_head_size': 2, 'learning_rate': 0.09918170300711839}. Best is trial 29 with value: 0.11032611131668091.
LOCAL_RANK: 0 - CUDA_VISIBLE_DEVICES: [0]
[I 2023-11-30 01:21:32,223] Trial 45 finished with value: 0.167876735329628 and parameters: {'gradient_clip_val': 0.6123220278135945, 'hidden_size': 47, 'dropout': 0.32505196000408076, 'hidden_continuous_size': 22, 'attention_head_size': 2, 'learning_rate': 0.08587331649628756}. Best is trial 29 with value: 0.11032611131668091.
LOCAL_RANK: 0 - CUDA_VISIBLE_DEVICES: [0]
[I 2023-11-30 01:21:45,218] Trial 46 finished with value: 0.1360638439655304 and parameters: {'gradient_clip_val': 0.7575598109957163, 'hidden_size': 41, 'dropout': 0.3001506182567711, 'hidden_continuous_size': 20, 'attention_head_size': 2, 'learning_rate': 0.07332441914476057}. Best is trial 29 with value: 0.11032611131668091.
LOCAL_RANK: 0 - CUDA_VISIBLE_DEVICES: [0]
[I 2023-11-30 01:21:58,528] Trial 47 finished with value: 0.21249698102474213 and parameters: {'gradient_clip_val': 0.8438761857353778, 'hidden_size': 58, 'dropout': 0.2843606478601432, 'hidden_continuous_size': 17, 'attention_head_size': 2, 'learning_rate': 0.09446881919284822}. Best is trial 29 with value: 0.11032611131668091.
LOCAL_RANK: 0 - CUDA_VISIBLE_DEVICES: [0]
[I 2023-11-30 01:22:11,605] Trial 48 finished with value: 0.22367990016937256 and parameters: {'gradient_clip_val': 0.6418505305315525, 'hidden_size': 47, 'dropout': 0.24528998567223248, 'hidden_continuous_size': 13, 'attention_head_size': 2, 'learning_rate': 0.05381966551960828}. Best is trial 29 with value: 0.11032611131668091.
LOCAL_RANK: 0 - CUDA_VISIBLE_DEVICES: [0]
[I 2023-11-30 01:22:24,117] Trial 49 finished with value: 0.13488419353961945 and parameters: {'gradient_clip_val': 0.40447730678485866, 'hidden_size': 32, 'dropout': 0.21254630297355062, 'hidden_continuous_size': 16, 'attention_head_size': 2, 'learning_rate': 0.0705418878348542}. Best is trial 29 with value: 0.11032611131668091.
LOCAL_RANK: 0 - CUDA_VISIBLE_DEVICES: [0]
[I 2023-11-30 01:22:37,437] Trial 50 finished with value: 0.11746060103178024 and parameters: {'gradient_clip_val': 0.5300995428578487, 'hidden_size': 53, 'dropout': 0.3391571840778035, 'hidden_continuous_size': 21, 'attention_head_size': 3, 'learning_rate': 0.08242346125179305}. Best is trial 29 with value: 0.11032611131668091.
LOCAL_RANK: 0 - CUDA_VISIBLE_DEVICES: [0]
[I 2023-11-30 01:22:50,721] Trial 51 finished with value: 0.11722701787948608 and parameters: {'gradient_clip_val': 0.5574525350496624, 'hidden_size': 56, 'dropout': 0.3670717790399831, 'hidden_continuous_size': 21, 'attention_head_size': 3, 'learning_rate': 0.08825989441698155}. Best is trial 29 with value: 0.11032611131668091.
LOCAL_RANK: 0 - CUDA_VISIBLE_DEVICES: [0]
[I 2023-11-30 01:23:03,917] Trial 52 finished with value: 0.14855700731277466 and parameters: {'gradient_clip_val': 0.5395052805868962, 'hidden_size': 52, 'dropout': 0.36338247873430296, 'hidden_continuous_size': 21, 'attention_head_size': 3, 'learning_rate': 0.08560934870436197}. Best is trial 29 with value: 0.11032611131668091.
LOCAL_RANK: 0 - CUDA_VISIBLE_DEVICES: [0]
[I 2023-11-30 01:23:17,320] Trial 53 finished with value: 0.186214879155159 and parameters: {'gradient_clip_val': 0.6035775921784169, 'hidden_size': 61, 'dropout': 0.3382745597084563, 'hidden_continuous_size': 19, 'attention_head_size': 3, 'learning_rate': 0.0634763690317328}. Best is trial 29 with value: 0.11032611131668091.
LOCAL_RANK: 0 - CUDA_VISIBLE_DEVICES: [0]
[I 2023-11-30 01:23:30,886] Trial 54 finished with value: 0.12667423486709595 and parameters: {'gradient_clip_val': 0.7059475215966425, 'hidden_size': 55, 'dropout': 0.39686169718922354, 'hidden_continuous_size': 24, 'attention_head_size': 2, 'learning_rate': 0.09952874026053912}. Best is trial 29 with value: 0.11032611131668091.
LOCAL_RANK: 0 - CUDA_VISIBLE_DEVICES: [0]
[I 2023-11-30 01:23:44,755] Trial 55 finished with value: 0.2549782693386078 and parameters: {'gradient_clip_val': 0.7071492961989448, 'hidden_size': 78, 'dropout': 0.3971134852507635, 'hidden_continuous_size': 24, 'attention_head_size': 3, 'learning_rate': 0.053197084917675344}. Best is trial 29 with value: 0.11032611131668091.
LOCAL_RANK: 0 - CUDA_VISIBLE_DEVICES: [0]
[I 2023-11-30 01:23:58,089] Trial 56 finished with value: 0.09174207597970963 and parameters: {'gradient_clip_val': 0.4662988243831875, 'hidden_size': 53, 'dropout': 0.3742978717857641, 'hidden_continuous_size': 23, 'attention_head_size': 4, 'learning_rate': 0.07466707723943801}. Best is trial 56 with value: 0.09174207597970963.
LOCAL_RANK: 0 - CUDA_VISIBLE_DEVICES: [0]
[I 2023-11-30 01:24:11,078] Trial 57 finished with value: 0.15496329963207245 and parameters: {'gradient_clip_val': 0.47212048453623373, 'hidden_size': 36, 'dropout': 0.37870538930816056, 'hidden_continuous_size': 18, 'attention_head_size': 4, 'learning_rate': 0.04433820989322974}. Best is trial 56 with value: 0.09174207597970963.
LOCAL_RANK: 0 - CUDA_VISIBLE_DEVICES: [0]
[I 2023-11-30 01:24:24,209] Trial 58 finished with value: 0.13966502249240875 and parameters: {'gradient_clip_val': 0.5511308459255737, 'hidden_size': 38, 'dropout': 0.36346771331862465, 'hidden_continuous_size': 21, 'attention_head_size': 4, 'learning_rate': 0.073138940384207}. Best is trial 56 with value: 0.09174207597970963.
LOCAL_RANK: 0 - CUDA_VISIBLE_DEVICES: [0]
[I 2023-11-30 01:24:37,620] Trial 59 finished with value: 0.14415596425533295 and parameters: {'gradient_clip_val': 0.47075095715714743, 'hidden_size': 42, 'dropout': 0.3880279778539657, 'hidden_continuous_size': 19, 'attention_head_size': 4, 'learning_rate': 0.05731174892390768}. Best is trial 56 with value: 0.09174207597970963.
LOCAL_RANK: 0 - CUDA_VISIBLE_DEVICES: [0]
[I 2023-11-30 01:24:51,092] Trial 60 finished with value: 0.13338887691497803 and parameters: {'gradient_clip_val': 0.40717639186468335, 'hidden_size': 60, 'dropout': 0.3248386483075453, 'hidden_continuous_size': 14, 'attention_head_size': 4, 'learning_rate': 0.06609832230842869}. Best is trial 56 with value: 0.09174207597970963.
LOCAL_RANK: 0 - CUDA_VISIBLE_DEVICES: [0]
[I 2023-11-30 01:25:04,530] Trial 61 finished with value: 0.13258777558803558 and parameters: {'gradient_clip_val': 0.6885234636785335, 'hidden_size': 54, 'dropout': 0.3923905239307996, 'hidden_continuous_size': 23, 'attention_head_size': 3, 'learning_rate': 0.08218889501560897}. Best is trial 56 with value: 0.09174207597970963.
LOCAL_RANK: 0 - CUDA_VISIBLE_DEVICES: [0]
[I 2023-11-30 01:25:17,800] Trial 62 finished with value: 0.1356804519891739 and parameters: {'gradient_clip_val': 0.5433548544419368, 'hidden_size': 55, 'dropout': 0.3689827024388384, 'hidden_continuous_size': 26, 'attention_head_size': 2, 'learning_rate': 0.08509961467153787}. Best is trial 56 with value: 0.09174207597970963.
LOCAL_RANK: 0 - CUDA_VISIBLE_DEVICES: [0]
[I 2023-11-30 01:25:31,083] Trial 63 finished with value: 0.10151208192110062 and parameters: {'gradient_clip_val': 0.5868626195872673, 'hidden_size': 46, 'dropout': 0.35224218489868603, 'hidden_continuous_size': 23, 'attention_head_size': 4, 'learning_rate': 0.06625105820979771}. Best is trial 56 with value: 0.09174207597970963.
LOCAL_RANK: 0 - CUDA_VISIBLE_DEVICES: [0]
[I 2023-11-30 01:25:44,332] Trial 64 finished with value: 0.13223539292812347 and parameters: {'gradient_clip_val': 0.5843068413477706, 'hidden_size': 42, 'dropout': 0.3439718348927356, 'hidden_continuous_size': 23, 'attention_head_size': 4, 'learning_rate': 0.04969743391559858}. Best is trial 56 with value: 0.09174207597970963.
LOCAL_RANK: 0 - CUDA_VISIBLE_DEVICES: [0]
[I 2023-11-30 01:25:57,603] Trial 65 finished with value: 0.1628471165895462 and parameters: {'gradient_clip_val': 0.49128477571359236, 'hidden_size': 48, 'dropout': 0.3541341725030359, 'hidden_continuous_size': 23, 'attention_head_size': 4, 'learning_rate': 0.042207627320545435}. Best is trial 56 with value: 0.09174207597970963.
LOCAL_RANK: 0 - CUDA_VISIBLE_DEVICES: [0]
[I 2023-11-30 01:26:10,688] Trial 66 finished with value: 0.117196224629879 and parameters: {'gradient_clip_val': 0.4477941553210312, 'hidden_size': 44, 'dropout': 0.37298614190832274, 'hidden_continuous_size': 20, 'attention_head_size': 4, 'learning_rate': 0.06310186532478744}. Best is trial 56 with value: 0.09174207597970963.
LOCAL_RANK: 0 - CUDA_VISIBLE_DEVICES: [0]
[I 2023-11-30 01:26:23,808] Trial 67 finished with value: 0.1531917005777359 and parameters: {'gradient_clip_val': 0.3376280701676188, 'hidden_size': 37, 'dropout': 0.37470535066508515, 'hidden_continuous_size': 20, 'attention_head_size': 4, 'learning_rate': 0.059405502386897596}. Best is trial 56 with value: 0.09174207597970963.
LOCAL_RANK: 0 - CUDA_VISIBLE_DEVICES: [0]
[I 2023-11-30 01:26:37,120] Trial 68 finished with value: 0.1423254758119583 and parameters: {'gradient_clip_val': 0.458277341712512, 'hidden_size': 45, 'dropout': 0.3821152508440384, 'hidden_continuous_size': 18, 'attention_head_size': 4, 'learning_rate': 0.031011086705277354}. Best is trial 56 with value: 0.09174207597970963.
LOCAL_RANK: 0 - CUDA_VISIBLE_DEVICES: [0]
[I 2023-11-30 01:26:50,401] Trial 69 finished with value: 0.18852150440216064 and parameters: {'gradient_clip_val': 0.42662536875472357, 'hidden_size': 33, 'dropout': 0.35397303202229996, 'hidden_continuous_size': 19, 'attention_head_size': 4, 'learning_rate': 0.039526883897875016}. Best is trial 56 with value: 0.09174207597970963.
LOCAL_RANK: 0 - CUDA_VISIBLE_DEVICES: [0]
[I 2023-11-30 01:27:03,330] Trial 70 finished with value: 0.15576927363872528 and parameters: {'gradient_clip_val': 0.37012490030700756, 'hidden_size': 40, 'dropout': 0.37068155201855574, 'hidden_continuous_size': 20, 'attention_head_size': 4, 'learning_rate': 0.04941246828012778}. Best is trial 56 with value: 0.09174207597970963.
LOCAL_RANK: 0 - CUDA_VISIBLE_DEVICES: [0]
[I 2023-11-30 01:27:16,685] Trial 71 finished with value: 0.1753593236207962 and parameters: {'gradient_clip_val': 0.5169497194120889, 'hidden_size': 52, 'dropout': 0.3333287327801873, 'hidden_continuous_size': 21, 'attention_head_size': 4, 'learning_rate': 0.07220228914469967}. Best is trial 56 with value: 0.09174207597970963.
LOCAL_RANK: 0 - CUDA_VISIBLE_DEVICES: [0]
[I 2023-11-30 01:27:29,741] Trial 72 finished with value: 0.10595200210809708 and parameters: {'gradient_clip_val': 0.5741153226977199, 'hidden_size': 44, 'dropout': 0.3845859258161452, 'hidden_continuous_size': 21, 'attention_head_size': 4, 'learning_rate': 0.06580779443198381}. Best is trial 56 with value: 0.09174207597970963.
LOCAL_RANK: 0 - CUDA_VISIBLE_DEVICES: [0]
[I 2023-11-30 01:27:42,990] Trial 73 finished with value: 0.11061439663171768 and parameters: {'gradient_clip_val': 0.5631851763463775, 'hidden_size': 45, 'dropout': 0.3604538661628514, 'hidden_continuous_size': 25, 'attention_head_size': 4, 'learning_rate': 0.05828554212178779}. Best is trial 56 with value: 0.09174207597970963.
LOCAL_RANK: 0 - CUDA_VISIBLE_DEVICES: [0]
[I 2023-11-30 01:27:56,485] Trial 74 finished with value: 0.10246473550796509 and parameters: {'gradient_clip_val': 0.6039620073776789, 'hidden_size': 46, 'dropout': 0.3849257504986805, 'hidden_continuous_size': 25, 'attention_head_size': 4, 'learning_rate': 0.06078300858172621}. Best is trial 56 with value: 0.09174207597970963.
LOCAL_RANK: 0 - CUDA_VISIBLE_DEVICES: [0]
[I 2023-11-30 01:28:09,508] Trial 75 finished with value: 0.12727905809879303 and parameters: {'gradient_clip_val': 0.5992947128562011, 'hidden_size': 37, 'dropout': 0.38874703678752426, 'hidden_continuous_size': 25, 'attention_head_size': 4, 'learning_rate': 0.05103110309748753}. Best is trial 56 with value: 0.09174207597970963.
LOCAL_RANK: 0 - CUDA_VISIBLE_DEVICES: [0]
[I 2023-11-30 01:28:22,779] Trial 76 finished with value: 0.1794588565826416 and parameters: {'gradient_clip_val': 0.6415294502160119, 'hidden_size': 46, 'dropout': 0.3813581068100064, 'hidden_continuous_size': 26, 'attention_head_size': 4, 'learning_rate': 0.04020415144345751}. Best is trial 56 with value: 0.09174207597970963.
LOCAL_RANK: 0 - CUDA_VISIBLE_DEVICES: [0]
[I 2023-11-30 01:28:35,650] Trial 77 finished with value: 0.16631151735782623 and parameters: {'gradient_clip_val': 0.4871555286261631, 'hidden_size': 40, 'dropout': 0.3867370484035892, 'hidden_continuous_size': 23, 'attention_head_size': 4, 'learning_rate': 0.06892399537045475}. Best is trial 56 with value: 0.09174207597970963.
LOCAL_RANK: 0 - CUDA_VISIBLE_DEVICES: [0]
[I 2023-11-30 01:28:49,235] Trial 78 finished with value: 0.1203703060746193 and parameters: {'gradient_clip_val': 0.5602862427453582, 'hidden_size': 50, 'dropout': 0.36044918254295943, 'hidden_continuous_size': 29, 'attention_head_size': 4, 'learning_rate': 0.0577640008347515}. Best is trial 56 with value: 0.09174207597970963.
LOCAL_RANK: 0 - CUDA_VISIBLE_DEVICES: [0]
[I 2023-11-30 01:29:02,461] Trial 79 finished with value: 0.13242609798908234 and parameters: {'gradient_clip_val': 0.598283024441164, 'hidden_size': 35, 'dropout': 0.37839337582693544, 'hidden_continuous_size': 22, 'attention_head_size': 4, 'learning_rate': 0.04878623562861914}. Best is trial 56 with value: 0.09174207597970963.
LOCAL_RANK: 0 - CUDA_VISIBLE_DEVICES: [0]
[I 2023-11-30 01:29:15,740] Trial 80 finished with value: 0.12079573422670364 and parameters: {'gradient_clip_val': 0.6534642329150768, 'hidden_size': 43, 'dropout': 0.3994339864124017, 'hidden_continuous_size': 25, 'attention_head_size': 4, 'learning_rate': 0.07477069580668279}. Best is trial 56 with value: 0.09174207597970963.
LOCAL_RANK: 0 - CUDA_VISIBLE_DEVICES: [0]
[I 2023-11-30 01:29:28,969] Trial 81 finished with value: 0.11186305433511734 and parameters: {'gradient_clip_val': 0.45641929528883096, 'hidden_size': 46, 'dropout': 0.35792638438388297, 'hidden_continuous_size': 23, 'attention_head_size': 4, 'learning_rate': 0.06195736912334493}. Best is trial 56 with value: 0.09174207597970963.
LOCAL_RANK: 0 - CUDA_VISIBLE_DEVICES: [0]
[I 2023-11-30 01:29:42,194] Trial 82 finished with value: 0.12072297930717468 and parameters: {'gradient_clip_val': 0.5217694966806307, 'hidden_size': 48, 'dropout': 0.3486856681281207, 'hidden_continuous_size': 28, 'attention_head_size': 4, 'learning_rate': 0.058387883743757064}. Best is trial 56 with value: 0.09174207597970963.
LOCAL_RANK: 0 - CUDA_VISIBLE_DEVICES: [0]
[I 2023-11-30 01:29:55,039] Trial 83 finished with value: 0.17101140320301056 and parameters: {'gradient_clip_val': 0.494709275149274, 'hidden_size': 40, 'dropout': 0.35709928418771336, 'hidden_continuous_size': 24, 'attention_head_size': 4, 'learning_rate': 0.0696975337554185}. Best is trial 56 with value: 0.09174207597970963.
LOCAL_RANK: 0 - CUDA_VISIBLE_DEVICES: [0]
[I 2023-11-30 01:30:08,415] Trial 84 finished with value: 0.14867377281188965 and parameters: {'gradient_clip_val': 0.5744865671617334, 'hidden_size': 44, 'dropout': 0.3502602198325986, 'hidden_continuous_size': 22, 'attention_head_size': 4, 'learning_rate': 0.04639677046151742}. Best is trial 56 with value: 0.09174207597970963.
LOCAL_RANK: 0 - CUDA_VISIBLE_DEVICES: [0]
[I 2023-11-30 01:30:21,855] Trial 85 finished with value: 0.1399269849061966 and parameters: {'gradient_clip_val': 0.3924961410641138, 'hidden_size': 50, 'dropout': 0.36074144609041847, 'hidden_continuous_size': 26, 'attention_head_size': 4, 'learning_rate': 0.053726176585911556}. Best is trial 56 with value: 0.09174207597970963.
LOCAL_RANK: 0 - CUDA_VISIBLE_DEVICES: [0]
[I 2023-11-30 01:30:34,781] Trial 86 finished with value: 0.1453549712896347 and parameters: {'gradient_clip_val': 0.6215012746781015, 'hidden_size': 30, 'dropout': 0.37469241629889, 'hidden_continuous_size': 23, 'attention_head_size': 4, 'learning_rate': 0.06437530797757379}. Best is trial 56 with value: 0.09174207597970963.
LOCAL_RANK: 0 - CUDA_VISIBLE_DEVICES: [0]
[I 2023-11-30 01:30:48,016] Trial 87 finished with value: 0.12068066745996475 and parameters: {'gradient_clip_val': 0.45979154318339754, 'hidden_size': 39, 'dropout': 0.3053641932880873, 'hidden_continuous_size': 25, 'attention_head_size': 4, 'learning_rate': 0.0751118964286638}. Best is trial 56 with value: 0.09174207597970963.
LOCAL_RANK: 0 - CUDA_VISIBLE_DEVICES: [0]
[I 2023-11-30 01:31:01,704] Trial 88 finished with value: 0.12021184712648392 and parameters: {'gradient_clip_val': 0.42264483187709545, 'hidden_size': 62, 'dropout': 0.3645944866121482, 'hidden_continuous_size': 29, 'attention_head_size': 4, 'learning_rate': 0.03970394422198883}. Best is trial 56 with value: 0.09174207597970963.
LOCAL_RANK: 0 - CUDA_VISIBLE_DEVICES: [0]
[I 2023-11-30 01:31:15,238] Trial 89 finished with value: 0.16786807775497437 and parameters: {'gradient_clip_val': 0.5404959483330531, 'hidden_size': 45, 'dropout': 0.34721906215156145, 'hidden_continuous_size': 24, 'attention_head_size': 4, 'learning_rate': 0.08899176530433697}. Best is trial 56 with value: 0.09174207597970963.
LOCAL_RANK: 0 - CUDA_VISIBLE_DEVICES: [0]
[I 2023-11-30 01:31:28,596] Trial 90 finished with value: 0.24236412346363068 and parameters: {'gradient_clip_val': 0.4820156540483324, 'hidden_size': 50, 'dropout': 0.32000203875998795, 'hidden_continuous_size': 27, 'attention_head_size': 4, 'learning_rate': 0.032187428730570115}. Best is trial 56 with value: 0.09174207597970963.
LOCAL_RANK: 0 - CUDA_VISIBLE_DEVICES: [0]
