[I 2023-11-30 05:12:45,508] Trial 21 finished with value: 0.20232164859771729 and parameters: {'gradient_clip_val': 0.5298214120440704, 'hidden_size': 48, 'dropout': 0.19481243977281432, 'hidden_continuous_size': 38, 'attention_head_size': 4, 'learning_rate': 0.056319869793227145}. Best is trial 17 with value: 0.10257788747549057.
LOCAL_RANK: 0 - CUDA_VISIBLE_DEVICES: [0]
[I 2023-11-30 05:12:59,182] Trial 22 finished with value: 0.08101654052734375 and parameters: {'gradient_clip_val': 0.5272116050841615, 'hidden_size': 47, 'dropout': 0.18253230273491294, 'hidden_continuous_size': 36, 'attention_head_size': 4, 'learning_rate': 0.054718487077754493}. Best is trial 22 with value: 0.08101654052734375.
LOCAL_RANK: 0 - CUDA_VISIBLE_DEVICES: [0]
[I 2023-11-30 05:13:13,628] Trial 23 finished with value: 0.14603635668754578 and parameters: {'gradient_clip_val': 0.5821725247182152, 'hidden_size': 88, 'dropout': 0.13662901981386394, 'hidden_continuous_size': 77, 'attention_head_size': 2, 'learning_rate': 0.030395586368739548}. Best is trial 22 with value: 0.08101654052734375.
LOCAL_RANK: 0 - CUDA_VISIBLE_DEVICES: [0]
[I 2023-11-30 05:13:27,603] Trial 24 finished with value: 0.12569016218185425 and parameters: {'gradient_clip_val': 0.3191508716608769, 'hidden_size': 63, 'dropout': 0.17412966135221036, 'hidden_continuous_size': 50, 'attention_head_size': 4, 'learning_rate': 0.06137311589111751}. Best is trial 22 with value: 0.08101654052734375.
LOCAL_RANK: 0 - CUDA_VISIBLE_DEVICES: [0]
[I 2023-11-30 05:13:41,947] Trial 25 finished with value: 0.08894317597150803 and parameters: {'gradient_clip_val': 0.5941281448016967, 'hidden_size': 93, 'dropout': 0.21485363291549012, 'hidden_continuous_size': 87, 'attention_head_size': 3, 'learning_rate': 0.03868404824788735}. Best is trial 22 with value: 0.08101654052734375.
LOCAL_RANK: 0 - CUDA_VISIBLE_DEVICES: [0]
[I 2023-11-30 05:13:56,607] Trial 26 finished with value: 0.12754638493061066 and parameters: {'gradient_clip_val': 0.589868810432811, 'hidden_size': 99, 'dropout': 0.25843633494633905, 'hidden_continuous_size': 94, 'attention_head_size': 4, 'learning_rate': 0.034538729052113776}. Best is trial 22 with value: 0.08101654052734375.
LOCAL_RANK: 0 - CUDA_VISIBLE_DEVICES: [0]
[I 2023-11-30 05:14:09,888] Trial 27 finished with value: 1.3826932907104492 and parameters: {'gradient_clip_val': 0.7463761704417865, 'hidden_size': 43, 'dropout': 0.21600153458649338, 'hidden_continuous_size': 34, 'attention_head_size': 3, 'learning_rate': 0.0013658864830565765}. Best is trial 22 with value: 0.08101654052734375.
LOCAL_RANK: 0 - CUDA_VISIBLE_DEVICES: [0]
[I 2023-11-30 05:14:23,896] Trial 28 finished with value: 0.13457892835140228 and parameters: {'gradient_clip_val': 0.49988697514800046, 'hidden_size': 58, 'dropout': 0.23730353443200564, 'hidden_continuous_size': 41, 'attention_head_size': 4, 'learning_rate': 0.02371278378847309}. Best is trial 22 with value: 0.08101654052734375.
LOCAL_RANK: 0 - CUDA_VISIBLE_DEVICES: [0]
[I 2023-11-30 05:14:36,919] Trial 29 finished with value: 0.15415014326572418 and parameters: {'gradient_clip_val': 0.7547509938622304, 'hidden_size': 36, 'dropout': 0.2734641128124017, 'hidden_continuous_size': 27, 'attention_head_size': 3, 'learning_rate': 0.04097393007802521}. Best is trial 22 with value: 0.08101654052734375.
LOCAL_RANK: 0 - CUDA_VISIBLE_DEVICES: [0]
[I 2023-11-30 05:14:51,289] Trial 30 finished with value: 0.20629703998565674 and parameters: {'gradient_clip_val': 0.4794336373102483, 'hidden_size': 97, 'dropout': 0.3108151170135701, 'hidden_continuous_size': 60, 'attention_head_size': 3, 'learning_rate': 0.011524093288760716}. Best is trial 22 with value: 0.08101654052734375.
LOCAL_RANK: 0 - CUDA_VISIBLE_DEVICES: [0]
[I 2023-11-30 05:15:05,288] Trial 31 finished with value: 0.07162404805421829 and parameters: {'gradient_clip_val': 0.35985892512958484, 'hidden_size': 73, 'dropout': 0.20528214739585826, 'hidden_continuous_size': 52, 'attention_head_size': 2, 'learning_rate': 0.06527052303159517}. Best is trial 31 with value: 0.07162404805421829.
LOCAL_RANK: 0 - CUDA_VISIBLE_DEVICES: [0]
[I 2023-11-30 05:15:19,278] Trial 32 finished with value: 0.15966546535491943 and parameters: {'gradient_clip_val': 0.3723071850417601, 'hidden_size': 69, 'dropout': 0.20549474301031462, 'hidden_continuous_size': 53, 'attention_head_size': 2, 'learning_rate': 0.07594465501105657}. Best is trial 31 with value: 0.07162404805421829.
LOCAL_RANK: 0 - CUDA_VISIBLE_DEVICES: [0]
[I 2023-11-30 05:15:33,185] Trial 33 finished with value: 0.1236783042550087 and parameters: {'gradient_clip_val': 0.28824089308954864, 'hidden_size': 53, 'dropout': 0.2283599240492844, 'hidden_continuous_size': 43, 'attention_head_size': 3, 'learning_rate': 0.04739200479312594}. Best is trial 31 with value: 0.07162404805421829.
LOCAL_RANK: 0 - CUDA_VISIBLE_DEVICES: [0]
[I 2023-11-30 05:15:47,171] Trial 34 finished with value: 0.12820957601070404 and parameters: {'gradient_clip_val': 0.460836119913783, 'hidden_size': 67, 'dropout': 0.2104106463905469, 'hidden_continuous_size': 53, 'attention_head_size': 2, 'learning_rate': 0.037247738155921715}. Best is trial 31 with value: 0.07162404805421829.
LOCAL_RANK: 0 - CUDA_VISIBLE_DEVICES: [0]
[I 2023-11-30 05:16:01,777] Trial 35 finished with value: 0.13274788856506348 and parameters: {'gradient_clip_val': 0.5902076144414861, 'hidden_size': 114, 'dropout': 0.22664922918951952, 'hidden_continuous_size': 84, 'attention_head_size': 3, 'learning_rate': 0.0737399903866769}. Best is trial 31 with value: 0.07162404805421829.
LOCAL_RANK: 0 - CUDA_VISIBLE_DEVICES: [0]
[I 2023-11-30 05:16:15,190] Trial 36 finished with value: 0.11024004966020584 and parameters: {'gradient_clip_val': 0.37151423847652676, 'hidden_size': 43, 'dropout': 0.1775833133677134, 'hidden_continuous_size': 37, 'attention_head_size': 4, 'learning_rate': 0.052022302333752886}. Best is trial 31 with value: 0.07162404805421829.
LOCAL_RANK: 0 - CUDA_VISIBLE_DEVICES: [0]
[I 2023-11-30 05:16:29,913] Trial 37 finished with value: 0.2264588624238968 and parameters: {'gradient_clip_val': 0.2931498586191283, 'hidden_size': 128, 'dropout': 0.2033389856144844, 'hidden_continuous_size': 109, 'attention_head_size': 2, 'learning_rate': 0.03956039429556866}. Best is trial 31 with value: 0.07162404805421829.
LOCAL_RANK: 0 - CUDA_VISIBLE_DEVICES: [0]
[I 2023-11-30 05:16:44,176] Trial 38 finished with value: 0.07597778737545013 and parameters: {'gradient_clip_val': 0.6528935515589588, 'hidden_size': 90, 'dropout': 0.2458570506969346, 'hidden_continuous_size': 60, 'attention_head_size': 3, 'learning_rate': 0.02478210845179464}. Best is trial 31 with value: 0.07162404805421829.
LOCAL_RANK: 0 - CUDA_VISIBLE_DEVICES: [0]
[I 2023-11-30 05:16:58,533] Trial 39 finished with value: 0.11388981342315674 and parameters: {'gradient_clip_val': 0.6852876045343552, 'hidden_size': 104, 'dropout': 0.2532175445053985, 'hidden_continuous_size': 65, 'attention_head_size': 3, 'learning_rate': 0.022481408625321386}. Best is trial 31 with value: 0.07162404805421829.
LOCAL_RANK: 0 - CUDA_VISIBLE_DEVICES: [0]
[I 2023-11-30 05:17:13,580] Trial 40 finished with value: 0.1439787596464157 and parameters: {'gradient_clip_val': 0.9119759645661556, 'hidden_size': 130, 'dropout': 0.23935557012258288, 'hidden_continuous_size': 123, 'attention_head_size': 3, 'learning_rate': 0.026023503861435086}. Best is trial 31 with value: 0.07162404805421829.
LOCAL_RANK: 0 - CUDA_VISIBLE_DEVICES: [0]
[I 2023-11-30 05:17:27,822] Trial 41 finished with value: 0.10301589965820312 and parameters: {'gradient_clip_val': 0.5365478960558273, 'hidden_size': 89, 'dropout': 0.2203053655630497, 'hidden_continuous_size': 58, 'attention_head_size': 3, 'learning_rate': 0.03610585669951465}. Best is trial 31 with value: 0.07162404805421829.
LOCAL_RANK: 0 - CUDA_VISIBLE_DEVICES: [0]
[I 2023-11-30 05:17:42,152] Trial 42 finished with value: 0.11407983303070068 and parameters: {'gradient_clip_val': 0.44989808075565874, 'hidden_size': 85, 'dropout': 0.18325468137825432, 'hidden_continuous_size': 61, 'attention_head_size': 2, 'learning_rate': 0.03125156781289808}. Best is trial 31 with value: 0.07162404805421829.
LOCAL_RANK: 0 - CUDA_VISIBLE_DEVICES: [0]
[I 2023-11-30 05:17:56,534] Trial 43 finished with value: 0.17721009254455566 and parameters: {'gradient_clip_val': 0.6395173166398956, 'hidden_size': 108, 'dropout': 0.20474158378416069, 'hidden_continuous_size': 72, 'attention_head_size': 3, 'learning_rate': 0.07782515193437523}. Best is trial 31 with value: 0.07162404805421829.
LOCAL_RANK: 0 - CUDA_VISIBLE_DEVICES: [0]
[I 2023-11-30 05:18:10,747] Trial 44 finished with value: 0.1414593607187271 and parameters: {'gradient_clip_val': 0.49865851258483535, 'hidden_size': 71, 'dropout': 0.1664272629243406, 'hidden_continuous_size': 56, 'attention_head_size': 4, 'learning_rate': 0.05927932573957867}. Best is trial 31 with value: 0.07162404805421829.
LOCAL_RANK: 0 - CUDA_VISIBLE_DEVICES: [0]
[I 2023-11-30 05:18:24,835] Trial 45 finished with value: 0.10889742523431778 and parameters: {'gradient_clip_val': 0.4036288341204188, 'hidden_size': 79, 'dropout': 0.19061652417344085, 'hidden_continuous_size': 47, 'attention_head_size': 3, 'learning_rate': 0.017763717820948613}. Best is trial 31 with value: 0.07162404805421829.
LOCAL_RANK: 0 - CUDA_VISIBLE_DEVICES: [0]
[I 2023-11-30 05:18:38,619] Trial 46 finished with value: 0.11443966627120972 and parameters: {'gradient_clip_val': 0.5311538744911054, 'hidden_size': 63, 'dropout': 0.3956772171912891, 'hidden_continuous_size': 49, 'attention_head_size': 2, 'learning_rate': 0.04459349049874754}. Best is trial 31 with value: 0.07162404805421829.
LOCAL_RANK: 0 - CUDA_VISIBLE_DEVICES: [0]
[I 2023-11-30 05:18:53,001] Trial 47 finished with value: 0.21511514484882355 and parameters: {'gradient_clip_val': 0.4527690034115998, 'hidden_size': 115, 'dropout': 0.1685889608562332, 'hidden_continuous_size': 68, 'attention_head_size': 1, 'learning_rate': 0.06972501478903542}. Best is trial 31 with value: 0.07162404805421829.
LOCAL_RANK: 0 - CUDA_VISIBLE_DEVICES: [0]
[I 2023-11-30 05:19:07,489] Trial 48 finished with value: 0.14088569581508636 and parameters: {'gradient_clip_val': 0.6609280660463972, 'hidden_size': 87, 'dropout': 0.21956254954189772, 'hidden_continuous_size': 66, 'attention_head_size': 2, 'learning_rate': 0.02606524011737476}. Best is trial 31 with value: 0.07162404805421829.
LOCAL_RANK: 0 - CUDA_VISIBLE_DEVICES: [0]
[I 2023-11-30 05:19:21,652] Trial 49 finished with value: 0.11768454313278198 and parameters: {'gradient_clip_val': 0.745250981484676, 'hidden_size': 75, 'dropout': 0.14683057796499632, 'hidden_continuous_size': 58, 'attention_head_size': 3, 'learning_rate': 0.09949075478928075}. Best is trial 31 with value: 0.07162404805421829.
LOCAL_RANK: 0 - CUDA_VISIBLE_DEVICES: [0]
[I 2023-11-30 05:19:35,940] Trial 50 finished with value: 0.13145433366298676 and parameters: {'gradient_clip_val': 0.4046244477959505, 'hidden_size': 96, 'dropout': 0.20034091826788974, 'hidden_continuous_size': 44, 'attention_head_size': 4, 'learning_rate': 0.0350755942990031}. Best is trial 31 with value: 0.07162404805421829.
LOCAL_RANK: 0 - CUDA_VISIBLE_DEVICES: [0]
[I 2023-11-30 05:19:49,982] Trial 51 finished with value: 0.11725322157144547 and parameters: {'gradient_clip_val': 0.5640992719191323, 'hidden_size': 88, 'dropout': 0.22225292966678503, 'hidden_continuous_size': 57, 'attention_head_size': 3, 'learning_rate': 0.0485104368884239}. Best is trial 31 with value: 0.07162404805421829.
LOCAL_RANK: 0 - CUDA_VISIBLE_DEVICES: [0]
[I 2023-11-30 05:20:04,358] Trial 52 finished with value: 0.12713758647441864 and parameters: {'gradient_clip_val': 0.5231619418942489, 'hidden_size': 104, 'dropout': 0.18540922993936595, 'hidden_continuous_size': 75, 'attention_head_size': 3, 'learning_rate': 0.03651938456633078}. Best is trial 31 with value: 0.07162404805421829.
LOCAL_RANK: 0 - CUDA_VISIBLE_DEVICES: [0]
[I 2023-11-30 05:20:18,606] Trial 53 finished with value: 0.1421889215707779 and parameters: {'gradient_clip_val': 0.47377025111048676, 'hidden_size': 84, 'dropout': 0.21392158007244974, 'hidden_continuous_size': 61, 'attention_head_size': 3, 'learning_rate': 0.056435110898448215}. Best is trial 31 with value: 0.07162404805421829.
LOCAL_RANK: 0 - CUDA_VISIBLE_DEVICES: [0]
[I 2023-11-30 05:20:32,307] Trial 54 finished with value: 0.13264799118041992 and parameters: {'gradient_clip_val': 0.5372191541438208, 'hidden_size': 61, 'dropout': 0.19608500963272543, 'hidden_continuous_size': 51, 'attention_head_size': 2, 'learning_rate': 0.043161286831369695}. Best is trial 31 with value: 0.07162404805421829.
LOCAL_RANK: 0 - CUDA_VISIBLE_DEVICES: [0]
[I 2023-11-30 05:20:46,960] Trial 55 finished with value: 0.1399170309305191 and parameters: {'gradient_clip_val': 0.6133158899510126, 'hidden_size': 123, 'dropout': 0.16577713751412773, 'hidden_continuous_size': 84, 'attention_head_size': 3, 'learning_rate': 0.062000431867354974}. Best is trial 31 with value: 0.07162404805421829.
LOCAL_RANK: 0 - CUDA_VISIBLE_DEVICES: [0]
[I 2023-11-30 05:21:00,918] Trial 56 finished with value: 0.1593993455171585 and parameters: {'gradient_clip_val': 0.5556274379348561, 'hidden_size': 73, 'dropout': 0.24373503061087204, 'hidden_continuous_size': 52, 'attention_head_size': 2, 'learning_rate': 0.08391329164547565}. Best is trial 31 with value: 0.07162404805421829.
LOCAL_RANK: 0 - CUDA_VISIBLE_DEVICES: [0]
[I 2023-11-30 05:21:15,525] Trial 57 finished with value: 0.16398902237415314 and parameters: {'gradient_clip_val': 0.3420281595577914, 'hidden_size': 144, 'dropout': 0.23071234290618337, 'hidden_continuous_size': 37, 'attention_head_size': 3, 'learning_rate': 0.03070290450131604}. Best is trial 31 with value: 0.07162404805421829.
LOCAL_RANK: 0 - CUDA_VISIBLE_DEVICES: [0]
[I 2023-11-30 05:21:29,892] Trial 58 finished with value: 0.20060813426971436 and parameters: {'gradient_clip_val': 0.42521831477596644, 'hidden_size': 95, 'dropout': 0.2139642675751816, 'hidden_continuous_size': 46, 'attention_head_size': 4, 'learning_rate': 0.0499875595920028}. Best is trial 31 with value: 0.07162404805421829.
LOCAL_RANK: 0 - CUDA_VISIBLE_DEVICES: [0]
[I 2023-11-30 05:21:43,793] Trial 59 finished with value: 0.18168425559997559 and parameters: {'gradient_clip_val': 0.5044532442863027, 'hidden_size': 80, 'dropout': 0.18494975803381764, 'hidden_continuous_size': 61, 'attention_head_size': 1, 'learning_rate': 0.07855634561393172}. Best is trial 31 with value: 0.07162404805421829.
LOCAL_RANK: 0 - CUDA_VISIBLE_DEVICES: [0]
[I 2023-11-30 05:21:57,553] Trial 60 finished with value: 0.10635590553283691 and parameters: {'gradient_clip_val': 0.6285313820107413, 'hidden_size': 54, 'dropout': 0.24724347059629057, 'hidden_continuous_size': 48, 'attention_head_size': 2, 'learning_rate': 0.06613012749844926}. Best is trial 31 with value: 0.07162404805421829.
LOCAL_RANK: 0 - CUDA_VISIBLE_DEVICES: [0]
[I 2023-11-30 05:22:11,601] Trial 61 finished with value: 0.2660176753997803 and parameters: {'gradient_clip_val': 0.3730357429045676, 'hidden_size': 78, 'dropout': 0.11902416461479029, 'hidden_continuous_size': 55, 'attention_head_size': 2, 'learning_rate': 0.05195146797922828}. Best is trial 31 with value: 0.07162404805421829.
LOCAL_RANK: 0 - CUDA_VISIBLE_DEVICES: [0]
[I 2023-11-30 05:22:25,608] Trial 62 finished with value: 0.06389709562063217 and parameters: {'gradient_clip_val': 0.30222420604654276, 'hidden_size': 68, 'dropout': 0.15297052990806298, 'hidden_continuous_size': 49, 'attention_head_size': 2, 'learning_rate': 0.04172730085972776}. Best is trial 62 with value: 0.06389709562063217.
LOCAL_RANK: 0 - CUDA_VISIBLE_DEVICES: [0]
[I 2023-11-30 05:22:39,298] Trial 63 finished with value: 0.19786016643047333 and parameters: {'gradient_clip_val': 0.30487405391866357, 'hidden_size': 67, 'dropout': 0.1565843639171237, 'hidden_continuous_size': 41, 'attention_head_size': 2, 'learning_rate': 0.041146216908002624}. Best is trial 62 with value: 0.06389709562063217.
LOCAL_RANK: 0 - CUDA_VISIBLE_DEVICES: [0]
[I 2023-11-30 05:22:53,658] Trial 64 finished with value: 0.11913170665502548 and parameters: {'gradient_clip_val': 0.25563342202018713, 'hidden_size': 90, 'dropout': 0.17852267507487832, 'hidden_continuous_size': 68, 'attention_head_size': 2, 'learning_rate': 0.06209910642921056}. Best is trial 62 with value: 0.06389709562063217.
LOCAL_RANK: 0 - CUDA_VISIBLE_DEVICES: [0]
[I 2023-11-30 05:23:07,443] Trial 65 finished with value: 0.1230689063668251 and parameters: {'gradient_clip_val': 0.3958658399001285, 'hidden_size': 58, 'dropout': 0.1971864257181242, 'hidden_continuous_size': 50, 'attention_head_size': 2, 'learning_rate': 0.036066498814198794}. Best is trial 62 with value: 0.06389709562063217.
LOCAL_RANK: 0 - CUDA_VISIBLE_DEVICES: [0]
[I 2023-11-30 05:23:21,414] Trial 66 finished with value: 0.11117341369390488 and parameters: {'gradient_clip_val': 0.3448948821769754, 'hidden_size': 72, 'dropout': 0.20968167755440376, 'hidden_continuous_size': 55, 'attention_head_size': 3, 'learning_rate': 0.030765785094391512}. Best is trial 62 with value: 0.06389709562063217.
LOCAL_RANK: 0 - CUDA_VISIBLE_DEVICES: [0]
[I 2023-11-30 05:23:35,028] Trial 67 finished with value: 0.1971825361251831 and parameters: {'gradient_clip_val': 0.3269839513746888, 'hidden_size': 64, 'dropout': 0.1494580759565936, 'hidden_continuous_size': 54, 'attention_head_size': 2, 'learning_rate': 0.04344456042665934}. Best is trial 62 with value: 0.06389709562063217.
LOCAL_RANK: 0 - CUDA_VISIBLE_DEVICES: [0]
[I 2023-11-30 05:23:49,502] Trial 68 finished with value: 0.095188207924366 and parameters: {'gradient_clip_val': 0.27427186164512574, 'hidden_size': 102, 'dropout': 0.22681695215788714, 'hidden_continuous_size': 41, 'attention_head_size': 4, 'learning_rate': 0.08561595651049077}. Best is trial 62 with value: 0.06389709562063217.
LOCAL_RANK: 0 - CUDA_VISIBLE_DEVICES: [0]
[I 2023-11-30 05:24:03,891] Trial 69 finished with value: 0.16211333870887756 and parameters: {'gradient_clip_val': 0.2687616877118291, 'hidden_size': 103, 'dropout': 0.232363381633197, 'hidden_continuous_size': 44, 'attention_head_size': 4, 'learning_rate': 0.08425564266394346}. Best is trial 62 with value: 0.06389709562063217.
LOCAL_RANK: 0 - CUDA_VISIBLE_DEVICES: [0]
[I 2023-11-30 05:24:18,197] Trial 70 finished with value: 0.14217764139175415 and parameters: {'gradient_clip_val': 0.3175177647963758, 'hidden_size': 116, 'dropout': 0.26200864330886636, 'hidden_continuous_size': 34, 'attention_head_size': 4, 'learning_rate': 0.08882564898260657}. Best is trial 62 with value: 0.06389709562063217.
LOCAL_RANK: 0 - CUDA_VISIBLE_DEVICES: [0]
[I 2023-11-30 05:24:32,424] Trial 71 finished with value: 0.14204566180706024 and parameters: {'gradient_clip_val': 0.2782602609209479, 'hidden_size': 97, 'dropout': 0.2186193515897811, 'hidden_continuous_size': 46, 'attention_head_size': 4, 'learning_rate': 0.06652454521330485}. Best is trial 62 with value: 0.06389709562063217.
LOCAL_RANK: 0 - CUDA_VISIBLE_DEVICES: [0]
[I 2023-11-30 05:24:46,812] Trial 72 finished with value: 0.16358114778995514 and parameters: {'gradient_clip_val': 0.23182183118548788, 'hidden_size': 89, 'dropout': 0.22550569251948197, 'hidden_continuous_size': 40, 'attention_head_size': 4, 'learning_rate': 0.049131013970915446}. Best is trial 62 with value: 0.06389709562063217.
LOCAL_RANK: 0 - CUDA_VISIBLE_DEVICES: [0]
[I 2023-11-30 05:25:01,134] Trial 73 finished with value: 0.12125733494758606 and parameters: {'gradient_clip_val': 0.3009606641314578, 'hidden_size': 81, 'dropout': 0.19128461946503095, 'hidden_continuous_size': 58, 'attention_head_size': 4, 'learning_rate': 0.055070783973224575}. Best is trial 62 with value: 0.06389709562063217.
LOCAL_RANK: 0 - CUDA_VISIBLE_DEVICES: [0]
[I 2023-11-30 05:25:15,284] Trial 74 finished with value: 0.09644299000501633 and parameters: {'gradient_clip_val': 0.2558337609151569, 'hidden_size': 108, 'dropout': 0.23648210065425948, 'hidden_continuous_size': 41, 'attention_head_size': 3, 'learning_rate': 0.07355731722357631}. Best is trial 62 with value: 0.06389709562063217.
LOCAL_RANK: 0 - CUDA_VISIBLE_DEVICES: [0]
[I 2023-11-30 05:25:29,669] Trial 75 finished with value: 0.17348353564739227 and parameters: {'gradient_clip_val': 0.24628500378520612, 'hidden_size': 134, 'dropout': 0.23735933677463703, 'hidden_continuous_size': 38, 'attention_head_size': 2, 'learning_rate': 0.06947641212038136}. Best is trial 62 with value: 0.06389709562063217.
LOCAL_RANK: 0 - CUDA_VISIBLE_DEVICES: [0]
[I 2023-11-30 05:25:43,850] Trial 76 finished with value: 0.14023952186107635 and parameters: {'gradient_clip_val': 0.21444329995058933, 'hidden_size': 107, 'dropout': 0.20770936076860233, 'hidden_continuous_size': 36, 'attention_head_size': 3, 'learning_rate': 0.09879870400079023}. Best is trial 62 with value: 0.06389709562063217.
LOCAL_RANK: 0 - CUDA_VISIBLE_DEVICES: [0]
[I 2023-11-30 05:25:58,266] Trial 77 finished with value: 0.15322615206241608 and parameters: {'gradient_clip_val': 0.26310043925464643, 'hidden_size': 120, 'dropout': 0.19775938001970017, 'hidden_continuous_size': 43, 'attention_head_size': 4, 'learning_rate': 0.07481656117113233}. Best is trial 62 with value: 0.06389709562063217.
LOCAL_RANK: 0 - CUDA_VISIBLE_DEVICES: [0]
[I 2023-11-30 05:26:12,041] Trial 78 finished with value: 0.1988423466682434 and parameters: {'gradient_clip_val': 0.2843522548873242, 'hidden_size': 70, 'dropout': 0.25221524571604376, 'hidden_continuous_size': 41, 'attention_head_size': 2, 'learning_rate': 0.05686409502286184}. Best is trial 62 with value: 0.06389709562063217.
LOCAL_RANK: 0 - CUDA_VISIBLE_DEVICES: [0]
