[I 2023-11-30 07:19:26,633] Trial 149 finished with value: 0.1085314154624939 and parameters: {'gradient_clip_val': 0.12389760387735499, 'hidden_size': 63, 'dropout': 0.1856875821773486, 'hidden_continuous_size': 23, 'attention_head_size': 1, 'learning_rate': 0.07943260980673474}. Best is trial 97 with value: 0.0790213942527771.
[I 2023-11-30 07:19:26,747] A new study created in memory with name: no-name-9bceb687-7309-422f-aca3-9f8f273a3cf8
/home/le004/conda/anaconda3/envs/tsff_env/lib/python3.9/site-packages/lightning/fabric/plugins/environments/slurm.py:191: The `srun` command is available on your system but is not used. HINT: If your intention is to run Lightning on SLURM, prepend your python command with `srun` like so: srun python /home/le004/master_thesis/git/TSFusionForecast/code/ ...
LOCAL_RANK: 0 - CUDA_VISIBLE_DEVICES: [0]
[I 2023-11-30 07:19:40,308] Trial 0 finished with value: 0.2585967779159546 and parameters: {'gradient_clip_val': 0.8418566218211376, 'hidden_size': 50, 'dropout': 0.23262209844566484, 'hidden_continuous_size': 38, 'attention_head_size': 4, 'learning_rate': 0.014767174425169208}. Best is trial 0 with value: 0.2585967779159546.
LOCAL_RANK: 0 - CUDA_VISIBLE_DEVICES: [0]
[I 2023-11-30 07:19:50,879] Trial 1 finished with value: 1.2566183805465698 and parameters: {'gradient_clip_val': 0.1537607069516182, 'hidden_size': 11, 'dropout': 0.22339267132904778, 'hidden_continuous_size': 11, 'attention_head_size': 4, 'learning_rate': 0.014587754990024605}. Best is trial 0 with value: 0.2585967779159546.
LOCAL_RANK: 0 - CUDA_VISIBLE_DEVICES: [0]
[I 2023-11-30 07:20:03,138] Trial 2 finished with value: 2.891646146774292 and parameters: {'gradient_clip_val': 0.9030124120945845, 'hidden_size': 20, 'dropout': 0.3480584340069404, 'hidden_continuous_size': 16, 'attention_head_size': 1, 'learning_rate': 0.0011634230215186764}. Best is trial 0 with value: 0.2585967779159546.
LOCAL_RANK: 0 - CUDA_VISIBLE_DEVICES: [0]
[I 2023-11-30 07:20:15,417] Trial 3 finished with value: 1.3944324254989624 and parameters: {'gradient_clip_val': 0.16686580887792504, 'hidden_size': 16, 'dropout': 0.28764400944117086, 'hidden_continuous_size': 15, 'attention_head_size': 1, 'learning_rate': 0.00540352104123441}. Best is trial 0 with value: 0.2585967779159546.
LOCAL_RANK: 0 - CUDA_VISIBLE_DEVICES: [0]
[I 2023-11-30 07:20:27,700] Trial 4 finished with value: 1.3866838216781616 and parameters: {'gradient_clip_val': 0.5409276429810305, 'hidden_size': 15, 'dropout': 0.21723677312690956, 'hidden_continuous_size': 10, 'attention_head_size': 1, 'learning_rate': 0.0042904318141505395}. Best is trial 0 with value: 0.2585967779159546.
LOCAL_RANK: 0 - CUDA_VISIBLE_DEVICES: [0]
[I 2023-11-30 07:20:41,493] Trial 5 finished with value: 0.19645017385482788 and parameters: {'gradient_clip_val': 0.6416641294103173, 'hidden_size': 81, 'dropout': 0.3658698983676626, 'hidden_continuous_size': 22, 'attention_head_size': 2, 'learning_rate': 0.03284684250867514}. Best is trial 5 with value: 0.19645017385482788.
LOCAL_RANK: 0 - CUDA_VISIBLE_DEVICES: [0]
[I 2023-11-30 07:20:55,912] Trial 6 finished with value: 0.29357990622520447 and parameters: {'gradient_clip_val': 0.2644515989271112, 'hidden_size': 145, 'dropout': 0.3449917409219607, 'hidden_continuous_size': 12, 'attention_head_size': 3, 'learning_rate': 0.08592875532630186}. Best is trial 5 with value: 0.19645017385482788.
LOCAL_RANK: 0 - CUDA_VISIBLE_DEVICES: [0]
[I 2023-11-30 07:21:07,885] Trial 7 finished with value: 0.24698702991008759 and parameters: {'gradient_clip_val': 0.2780136158369112, 'hidden_size': 16, 'dropout': 0.34842195608616666, 'hidden_continuous_size': 13, 'attention_head_size': 1, 'learning_rate': 0.03931970891728486}. Best is trial 5 with value: 0.19645017385482788.
LOCAL_RANK: 0 - CUDA_VISIBLE_DEVICES: [0]
[I 2023-11-30 07:21:20,274] Trial 8 finished with value: 3.144792318344116 and parameters: {'gradient_clip_val': 0.9441849606085446, 'hidden_size': 15, 'dropout': 0.1641453271157321, 'hidden_continuous_size': 14, 'attention_head_size': 3, 'learning_rate': 0.0015135695546061052}. Best is trial 5 with value: 0.19645017385482788.
LOCAL_RANK: 0 - CUDA_VISIBLE_DEVICES: [0]
[I 2023-11-30 07:21:34,030] Trial 9 finished with value: 0.565342128276825 and parameters: {'gradient_clip_val': 0.1163959856525063, 'hidden_size': 75, 'dropout': 0.3253921662310659, 'hidden_continuous_size': 10, 'attention_head_size': 4, 'learning_rate': 0.004124123437506752}. Best is trial 5 with value: 0.19645017385482788.
LOCAL_RANK: 0 - CUDA_VISIBLE_DEVICES: [0]
[I 2023-11-30 07:21:46,772] Trial 10 finished with value: 0.22926516830921173 and parameters: {'gradient_clip_val': 0.46392692328164037, 'hidden_size': 36, 'dropout': 0.38845495474734565, 'hidden_continuous_size': 22, 'attention_head_size': 2, 'learning_rate': 0.02839068785072008}. Best is trial 5 with value: 0.19645017385482788.
LOCAL_RANK: 0 - CUDA_VISIBLE_DEVICES: [0]
[I 2023-11-30 07:21:59,776] Trial 11 finished with value: 0.17175012826919556 and parameters: {'gradient_clip_val': 0.47453489198339427, 'hidden_size': 35, 'dropout': 0.3880848954785757, 'hidden_continuous_size': 22, 'attention_head_size': 2, 'learning_rate': 0.031115140363704667}. Best is trial 11 with value: 0.17175012826919556.
LOCAL_RANK: 0 - CUDA_VISIBLE_DEVICES: [0]
[I 2023-11-30 07:22:12,614] Trial 12 finished with value: 0.13721996545791626 and parameters: {'gradient_clip_val': 0.510806267153615, 'hidden_size': 31, 'dropout': 0.3729231707143841, 'hidden_continuous_size': 20, 'attention_head_size': 2, 'learning_rate': 0.04315206159977328}. Best is trial 12 with value: 0.13721996545791626.
LOCAL_RANK: 0 - CUDA_VISIBLE_DEVICES: [0]
[I 2023-11-30 07:22:25,169] Trial 13 finished with value: 0.1907387226819992 and parameters: {'gradient_clip_val': 0.3978946634317582, 'hidden_size': 32, 'dropout': 0.38938488041624564, 'hidden_continuous_size': 21, 'attention_head_size': 2, 'learning_rate': 0.095524949711153}. Best is trial 12 with value: 0.13721996545791626.
LOCAL_RANK: 0 - CUDA_VISIBLE_DEVICES: [0]
[I 2023-11-30 07:22:38,134] Trial 14 finished with value: 0.17368662357330322 and parameters: {'gradient_clip_val': 0.36845433269169664, 'hidden_size': 27, 'dropout': 0.39999500045299297, 'hidden_continuous_size': 18, 'attention_head_size': 3, 'learning_rate': 0.05386180177901003}. Best is trial 12 with value: 0.13721996545791626.
LOCAL_RANK: 0 - CUDA_VISIBLE_DEVICES: [0]
[I 2023-11-30 07:22:50,712] Trial 15 finished with value: 0.349165678024292 and parameters: {'gradient_clip_val': 0.6066452139621378, 'hidden_size': 23, 'dropout': 0.2942395932618829, 'hidden_continuous_size': 19, 'attention_head_size': 2, 'learning_rate': 0.018642508097295753}. Best is trial 12 with value: 0.13721996545791626.
LOCAL_RANK: 0 - CUDA_VISIBLE_DEVICES: [0]
[I 2023-11-30 07:23:03,878] Trial 16 finished with value: 0.1020207330584526 and parameters: {'gradient_clip_val': 0.33546846384753537, 'hidden_size': 45, 'dropout': 0.2879184278433431, 'hidden_continuous_size': 26, 'attention_head_size': 2, 'learning_rate': 0.05719805263529399}. Best is trial 16 with value: 0.1020207330584526.
LOCAL_RANK: 0 - CUDA_VISIBLE_DEVICES: [0]
[I 2023-11-30 07:23:17,184] Trial 17 finished with value: 0.16754567623138428 and parameters: {'gradient_clip_val': 0.3098973240411683, 'hidden_size': 47, 'dropout': 0.3016383433885742, 'hidden_continuous_size': 28, 'attention_head_size': 3, 'learning_rate': 0.05350626853569173}. Best is trial 16 with value: 0.1020207330584526.
LOCAL_RANK: 0 - CUDA_VISIBLE_DEVICES: [0]
[I 2023-11-30 07:23:30,171] Trial 18 finished with value: 0.21693535149097443 and parameters: {'gradient_clip_val': 0.24433276185539282, 'hidden_size': 48, 'dropout': 0.25779935163331513, 'hidden_continuous_size': 27, 'attention_head_size': 2, 'learning_rate': 0.06770591719145241}. Best is trial 16 with value: 0.1020207330584526.
LOCAL_RANK: 0 - CUDA_VISIBLE_DEVICES: [0]
[I 2023-11-30 07:23:42,934] Trial 19 finished with value: 0.23533563315868378 and parameters: {'gradient_clip_val': 0.3896351579555352, 'hidden_size': 25, 'dropout': 0.3188189478772263, 'hidden_continuous_size': 17, 'attention_head_size': 3, 'learning_rate': 0.049579032419010606}. Best is trial 16 with value: 0.1020207330584526.
LOCAL_RANK: 0 - CUDA_VISIBLE_DEVICES: [0]
[I 2023-11-30 07:23:55,514] Trial 20 finished with value: 0.20741789042949677 and parameters: {'gradient_clip_val': 0.6934175428645646, 'hidden_size': 30, 'dropout': 0.27449456667767974, 'hidden_continuous_size': 15, 'attention_head_size': 1, 'learning_rate': 0.09654936997224799}. Best is trial 16 with value: 0.1020207330584526.
LOCAL_RANK: 0 - CUDA_VISIBLE_DEVICES: [0]
[I 2023-11-30 07:24:08,723] Trial 21 finished with value: 0.22017507255077362 and parameters: {'gradient_clip_val': 0.3125140580158039, 'hidden_size': 45, 'dropout': 0.31211309098655626, 'hidden_continuous_size': 32, 'attention_head_size': 3, 'learning_rate': 0.0565261729693322}. Best is trial 16 with value: 0.1020207330584526.
LOCAL_RANK: 0 - CUDA_VISIBLE_DEVICES: [0]
[I 2023-11-30 07:24:21,910] Trial 22 finished with value: 0.15969286859035492 and parameters: {'gradient_clip_val': 0.3377785356428861, 'hidden_size': 42, 'dropout': 0.30224546379919526, 'hidden_continuous_size': 26, 'attention_head_size': 2, 'learning_rate': 0.023541267916975736}. Best is trial 16 with value: 0.1020207330584526.
LOCAL_RANK: 0 - CUDA_VISIBLE_DEVICES: [0]
[I 2023-11-30 07:24:34,982] Trial 23 finished with value: 0.1999671310186386 and parameters: {'gradient_clip_val': 0.22922471840373515, 'hidden_size': 40, 'dropout': 0.2756256281389533, 'hidden_continuous_size': 25, 'attention_head_size': 2, 'learning_rate': 0.023897863144181828}. Best is trial 16 with value: 0.1020207330584526.
LOCAL_RANK: 0 - CUDA_VISIBLE_DEVICES: [0]
[I 2023-11-30 07:24:48,640] Trial 24 finished with value: 0.23001956939697266 and parameters: {'gradient_clip_val': 0.46198694557223013, 'hidden_size': 58, 'dropout': 0.3338502406709966, 'hidden_continuous_size': 44, 'attention_head_size': 2, 'learning_rate': 0.035909213779583275}. Best is trial 16 with value: 0.1020207330584526.
LOCAL_RANK: 0 - CUDA_VISIBLE_DEVICES: [0]
[I 2023-11-30 07:25:01,325] Trial 25 finished with value: 0.23403394222259521 and parameters: {'gradient_clip_val': 0.35924932799909093, 'hidden_size': 30, 'dropout': 0.313534862905021, 'hidden_continuous_size': 20, 'attention_head_size': 2, 'learning_rate': 0.022750386977376396}. Best is trial 16 with value: 0.1020207330584526.
LOCAL_RANK: 0 - CUDA_VISIBLE_DEVICES: [0]
[I 2023-11-30 07:25:14,383] Trial 26 finished with value: 0.2540968656539917 and parameters: {'gradient_clip_val': 0.5335333386302666, 'hidden_size': 38, 'dropout': 0.3593835034607683, 'hidden_continuous_size': 24, 'attention_head_size': 2, 'learning_rate': 0.06568071707502338}. Best is trial 16 with value: 0.1020207330584526.
LOCAL_RANK: 0 - CUDA_VISIBLE_DEVICES: [0]
[I 2023-11-30 07:25:27,861] Trial 27 finished with value: 0.12542074918746948 and parameters: {'gradient_clip_val': 0.3240515304989168, 'hidden_size': 57, 'dropout': 0.2541842099302143, 'hidden_continuous_size': 31, 'attention_head_size': 1, 'learning_rate': 0.04199775046984186}. Best is trial 16 with value: 0.1020207330584526.
LOCAL_RANK: 0 - CUDA_VISIBLE_DEVICES: [0]
[I 2023-11-30 07:25:41,427] Trial 28 finished with value: 0.22333939373493195 and parameters: {'gradient_clip_val': 0.2154851914791187, 'hidden_size': 58, 'dropout': 0.2584299820008943, 'hidden_continuous_size': 32, 'attention_head_size': 1, 'learning_rate': 0.037376353319468106}. Best is trial 16 with value: 0.1020207330584526.
LOCAL_RANK: 0 - CUDA_VISIBLE_DEVICES: [0]
[I 2023-11-30 07:25:54,965] Trial 29 finished with value: 0.25484198331832886 and parameters: {'gradient_clip_val': 0.7495549190840465, 'hidden_size': 60, 'dropout': 0.2402480896829312, 'hidden_continuous_size': 50, 'attention_head_size': 1, 'learning_rate': 0.01492687244982861}. Best is trial 16 with value: 0.1020207330584526.
LOCAL_RANK: 0 - CUDA_VISIBLE_DEVICES: [0]
[I 2023-11-30 07:26:09,171] Trial 30 finished with value: 0.0874115452170372 and parameters: {'gradient_clip_val': 0.43560017257525735, 'hidden_size': 79, 'dropout': 0.20540303037506813, 'hidden_continuous_size': 67, 'attention_head_size': 1, 'learning_rate': 0.042613473825819405}. Best is trial 30 with value: 0.0874115452170372.
LOCAL_RANK: 0 - CUDA_VISIBLE_DEVICES: [0]
[I 2023-11-30 07:26:23,136] Trial 31 finished with value: 0.1291251927614212 and parameters: {'gradient_clip_val': 0.4228989453301389, 'hidden_size': 73, 'dropout': 0.20917770765705898, 'hidden_continuous_size': 57, 'attention_head_size': 1, 'learning_rate': 0.045169722863826256}. Best is trial 30 with value: 0.0874115452170372.
LOCAL_RANK: 0 - CUDA_VISIBLE_DEVICES: [0]
[I 2023-11-30 07:26:37,352] Trial 32 finished with value: 0.12727849185466766 and parameters: {'gradient_clip_val': 0.4443777474955149, 'hidden_size': 81, 'dropout': 0.1991372864561126, 'hidden_continuous_size': 75, 'attention_head_size': 1, 'learning_rate': 0.0738628366419007}. Best is trial 30 with value: 0.0874115452170372.
LOCAL_RANK: 0 - CUDA_VISIBLE_DEVICES: [0]
[I 2023-11-30 07:26:51,727] Trial 33 finished with value: 0.2824040353298187 and parameters: {'gradient_clip_val': 0.4169121630793738, 'hidden_size': 93, 'dropout': 0.20150045102619532, 'hidden_continuous_size': 81, 'attention_head_size': 1, 'learning_rate': 0.07448895990529747}. Best is trial 30 with value: 0.0874115452170372.
LOCAL_RANK: 0 - CUDA_VISIBLE_DEVICES: [0]
[I 2023-11-30 07:27:05,833] Trial 34 finished with value: 0.11994931101799011 and parameters: {'gradient_clip_val': 0.3256637121052725, 'hidden_size': 96, 'dropout': 0.19238707907199573, 'hidden_continuous_size': 80, 'attention_head_size': 1, 'learning_rate': 0.06466448307087404}. Best is trial 30 with value: 0.0874115452170372.
LOCAL_RANK: 0 - CUDA_VISIBLE_DEVICES: [0]
[I 2023-11-30 07:27:20,296] Trial 35 finished with value: 0.23388659954071045 and parameters: {'gradient_clip_val': 0.30720503018487494, 'hidden_size': 107, 'dropout': 0.23458103484723594, 'hidden_continuous_size': 105, 'attention_head_size': 1, 'learning_rate': 0.06335930823205711}. Best is trial 30 with value: 0.0874115452170372.
LOCAL_RANK: 0 - CUDA_VISIBLE_DEVICES: [0]
[I 2023-11-30 07:27:33,728] Trial 36 finished with value: 0.1528773456811905 and parameters: {'gradient_clip_val': 0.3607106745875185, 'hidden_size': 64, 'dropout': 0.17930647056407523, 'hidden_continuous_size': 37, 'attention_head_size': 1, 'learning_rate': 0.04591487677770976}. Best is trial 30 with value: 0.0874115452170372.
LOCAL_RANK: 0 - CUDA_VISIBLE_DEVICES: [0]
[I 2023-11-30 07:27:47,188] Trial 37 finished with value: 0.27220460772514343 and parameters: {'gradient_clip_val': 0.19964664746128402, 'hidden_size': 54, 'dropout': 0.1264987292114383, 'hidden_continuous_size': 32, 'attention_head_size': 1, 'learning_rate': 0.09823027485480182}. Best is trial 30 with value: 0.0874115452170372.
LOCAL_RANK: 0 - CUDA_VISIBLE_DEVICES: [0]
[I 2023-11-30 07:28:01,050] Trial 38 finished with value: 0.13585226237773895 and parameters: {'gradient_clip_val': 0.2817836189145493, 'hidden_size': 67, 'dropout': 0.22461277266932447, 'hidden_continuous_size': 41, 'attention_head_size': 1, 'learning_rate': 0.03075472349176252}. Best is trial 30 with value: 0.0874115452170372.
LOCAL_RANK: 0 - CUDA_VISIBLE_DEVICES: [0]
[I 2023-11-30 07:28:14,406] Trial 39 finished with value: 0.18522924184799194 and parameters: {'gradient_clip_val': 0.32727221102444687, 'hidden_size': 52, 'dropout': 0.24525465063879803, 'hidden_continuous_size': 24, 'attention_head_size': 4, 'learning_rate': 0.07490355022754654}. Best is trial 30 with value: 0.0874115452170372.
LOCAL_RANK: 0 - CUDA_VISIBLE_DEVICES: [0]
[I 2023-11-30 07:28:28,459] Trial 40 finished with value: 0.2372020035982132 and parameters: {'gradient_clip_val': 0.26890210270671844, 'hidden_size': 101, 'dropout': 0.21915909834474193, 'hidden_continuous_size': 60, 'attention_head_size': 1, 'learning_rate': 0.04021073033301604}. Best is trial 30 with value: 0.0874115452170372.
LOCAL_RANK: 0 - CUDA_VISIBLE_DEVICES: [0]
[I 2023-11-30 07:28:42,589] Trial 41 finished with value: 0.17979174852371216 and parameters: {'gradient_clip_val': 0.40124339697345124, 'hidden_size': 81, 'dropout': 0.19744086789516896, 'hidden_continuous_size': 66, 'attention_head_size': 1, 'learning_rate': 0.07272544852736575}. Best is trial 30 with value: 0.0874115452170372.
LOCAL_RANK: 0 - CUDA_VISIBLE_DEVICES: [0]
[I 2023-11-30 07:28:57,039] Trial 42 finished with value: 0.25495055317878723 and parameters: {'gradient_clip_val': 0.348480955010956, 'hidden_size': 119, 'dropout': 0.18649746243835788, 'hidden_continuous_size': 96, 'attention_head_size': 1, 'learning_rate': 0.05631555585418866}. Best is trial 30 with value: 0.0874115452170372.
LOCAL_RANK: 0 - CUDA_VISIBLE_DEVICES: [0]
[I 2023-11-30 07:29:11,280] Trial 43 finished with value: 0.23269672691822052 and parameters: {'gradient_clip_val': 0.44642826261976215, 'hidden_size': 84, 'dropout': 0.2185277519694258, 'hidden_continuous_size': 68, 'attention_head_size': 1, 'learning_rate': 0.0749603005352298}. Best is trial 30 with value: 0.0874115452170372.
LOCAL_RANK: 0 - CUDA_VISIBLE_DEVICES: [0]
[I 2023-11-30 07:29:25,108] Trial 44 finished with value: 0.21376729011535645 and parameters: {'gradient_clip_val': 0.5197297552367172, 'hidden_size': 68, 'dropout': 0.1603635031851052, 'hidden_continuous_size': 56, 'attention_head_size': 1, 'learning_rate': 0.08451782303358174}. Best is trial 30 with value: 0.0874115452170372.
LOCAL_RANK: 0 - CUDA_VISIBLE_DEVICES: [0]
[I 2023-11-30 07:29:39,287] Trial 45 finished with value: 0.17859601974487305 and parameters: {'gradient_clip_val': 0.593571403510918, 'hidden_size': 85, 'dropout': 0.251492429826585, 'hidden_continuous_size': 69, 'attention_head_size': 1, 'learning_rate': 0.04446719437456549}. Best is trial 30 with value: 0.0874115452170372.
LOCAL_RANK: 0 - CUDA_VISIBLE_DEVICES: [0]
[I 2023-11-30 07:29:53,147] Trial 46 finished with value: 0.12413537502288818 and parameters: {'gradient_clip_val': 0.28698472553490023, 'hidden_size': 73, 'dropout': 0.23524773324657255, 'hidden_continuous_size': 49, 'attention_head_size': 1, 'learning_rate': 0.03445778041594805}. Best is trial 30 with value: 0.0874115452170372.
LOCAL_RANK: 0 - CUDA_VISIBLE_DEVICES: [0]
[I 2023-11-30 07:30:06,990] Trial 47 finished with value: 0.11061254888772964 and parameters: {'gradient_clip_val': 0.2929322741842527, 'hidden_size': 71, 'dropout': 0.22899018912843813, 'hidden_continuous_size': 50, 'attention_head_size': 1, 'learning_rate': 0.034486336229515226}. Best is trial 30 with value: 0.0874115452170372.
LOCAL_RANK: 0 - CUDA_VISIBLE_DEVICES: [0]
[I 2023-11-30 07:30:21,521] Trial 48 finished with value: 0.13034482300281525 and parameters: {'gradient_clip_val': 0.29088780694790684, 'hidden_size': 126, 'dropout': 0.22865206405148494, 'hidden_continuous_size': 49, 'attention_head_size': 1, 'learning_rate': 0.029734408674419188}. Best is trial 30 with value: 0.0874115452170372.
LOCAL_RANK: 0 - CUDA_VISIBLE_DEVICES: [0]
[I 2023-11-30 07:30:35,265] Trial 49 finished with value: 0.27402350306510925 and parameters: {'gradient_clip_val': 0.25882197774711696, 'hidden_size': 71, 'dropout': 0.23438456102634714, 'hidden_continuous_size': 51, 'attention_head_size': 1, 'learning_rate': 0.008880096622489918}. Best is trial 30 with value: 0.0874115452170372.
LOCAL_RANK: 0 - CUDA_VISIBLE_DEVICES: [0]
[I 2023-11-30 07:30:49,271] Trial 50 finished with value: 0.18227805197238922 and parameters: {'gradient_clip_val': 0.2856869036295172, 'hidden_size': 92, 'dropout': 0.26897745117050914, 'hidden_continuous_size': 36, 'attention_head_size': 2, 'learning_rate': 0.034350564630756926}. Best is trial 30 with value: 0.0874115452170372.
LOCAL_RANK: 0 - CUDA_VISIBLE_DEVICES: [0]
[I 2023-11-30 07:31:02,822] Trial 51 finished with value: 0.1725754588842392 and parameters: {'gradient_clip_val': 0.32913457958960374, 'hidden_size': 64, 'dropout': 0.2426517507595215, 'hidden_continuous_size': 44, 'attention_head_size': 1, 'learning_rate': 0.03996563390427471}. Best is trial 30 with value: 0.0874115452170372.
LOCAL_RANK: 0 - CUDA_VISIBLE_DEVICES: [0]
[I 2023-11-30 07:31:16,213] Trial 52 finished with value: 0.186980202794075 and parameters: {'gradient_clip_val': 0.255425895172074, 'hidden_size': 48, 'dropout': 0.28307689177632456, 'hidden_continuous_size': 40, 'attention_head_size': 1, 'learning_rate': 0.051220487961488065}. Best is trial 30 with value: 0.0874115452170372.
LOCAL_RANK: 0 - CUDA_VISIBLE_DEVICES: [0]
[I 2023-11-30 07:31:30,250] Trial 53 finished with value: 0.12636232376098633 and parameters: {'gradient_clip_val': 0.3777379929984585, 'hidden_size': 73, 'dropout': 0.2620937173769213, 'hidden_continuous_size': 52, 'attention_head_size': 1, 'learning_rate': 0.059172987028619665}. Best is trial 30 with value: 0.0874115452170372.
LOCAL_RANK: 0 - CUDA_VISIBLE_DEVICES: [0]
[I 2023-11-30 07:31:43,859] Trial 54 finished with value: 0.1949269026517868 and parameters: {'gradient_clip_val': 0.30027504606460276, 'hidden_size': 55, 'dropout': 0.24970637737877294, 'hidden_continuous_size': 45, 'attention_head_size': 1, 'learning_rate': 0.027443479700041903}. Best is trial 30 with value: 0.0874115452170372.
LOCAL_RANK: 0 - CUDA_VISIBLE_DEVICES: [0]
[I 2023-11-30 07:31:57,841] Trial 55 finished with value: 0.17417393624782562 and parameters: {'gradient_clip_val': 0.3265836192279883, 'hidden_size': 77, 'dropout': 0.21058198758304053, 'hidden_continuous_size': 58, 'attention_head_size': 1, 'learning_rate': 0.03497592597920735}. Best is trial 30 with value: 0.0874115452170372.
LOCAL_RANK: 0 - CUDA_VISIBLE_DEVICES: [0]
