[I 2023-11-30 09:55:13,033] Trial 91 finished with value: 0.11726080626249313 and parameters: {'gradient_clip_val': 0.517414446032712, 'hidden_size': 85, 'dropout': 0.35314598087096344, 'hidden_continuous_size': 53, 'attention_head_size': 2, 'learning_rate': 0.015674828673965642}. Best is trial 51 with value: 0.07663241773843765.
LOCAL_RANK: 0 - CUDA_VISIBLE_DEVICES: [0]
[I 2023-11-30 09:55:27,297] Trial 92 finished with value: 0.1443035751581192 and parameters: {'gradient_clip_val': 0.42514886920392114, 'hidden_size': 106, 'dropout': 0.36481272087310673, 'hidden_continuous_size': 47, 'attention_head_size': 2, 'learning_rate': 0.019036625595755263}. Best is trial 51 with value: 0.07663241773843765.
LOCAL_RANK: 0 - CUDA_VISIBLE_DEVICES: [0]
[I 2023-11-30 09:55:41,507] Trial 93 finished with value: 0.11137417703866959 and parameters: {'gradient_clip_val': 0.4912794734435625, 'hidden_size': 93, 'dropout': 0.33302586491859704, 'hidden_continuous_size': 56, 'attention_head_size': 2, 'learning_rate': 0.02377367255133004}. Best is trial 51 with value: 0.07663241773843765.
LOCAL_RANK: 0 - CUDA_VISIBLE_DEVICES: [0]
[I 2023-11-30 09:55:55,910] Trial 94 finished with value: 0.10044524818658829 and parameters: {'gradient_clip_val': 0.4378934064915892, 'hidden_size': 77, 'dropout': 0.3795530541779671, 'hidden_continuous_size': 66, 'attention_head_size': 2, 'learning_rate': 0.030449344397812855}. Best is trial 51 with value: 0.07663241773843765.
LOCAL_RANK: 0 - CUDA_VISIBLE_DEVICES: [0]
[I 2023-11-30 09:56:10,810] Trial 95 finished with value: 0.08797663450241089 and parameters: {'gradient_clip_val': 0.3963025156014334, 'hidden_size': 138, 'dropout': 0.35439563171258825, 'hidden_continuous_size': 93, 'attention_head_size': 2, 'learning_rate': 0.019393143881610925}. Best is trial 51 with value: 0.07663241773843765.
LOCAL_RANK: 0 - CUDA_VISIBLE_DEVICES: [0]
[I 2023-11-30 09:56:25,592] Trial 96 finished with value: 0.10078948736190796 and parameters: {'gradient_clip_val': 0.38317522165111856, 'hidden_size': 143, 'dropout': 0.3689053835727877, 'hidden_continuous_size': 82, 'attention_head_size': 2, 'learning_rate': 0.013732614528041547}. Best is trial 51 with value: 0.07663241773843765.
LOCAL_RANK: 0 - CUDA_VISIBLE_DEVICES: [0]
[I 2023-11-30 09:56:40,480] Trial 97 finished with value: 0.13369743525981903 and parameters: {'gradient_clip_val': 0.40234940644593875, 'hidden_size': 150, 'dropout': 0.3421812548130345, 'hidden_continuous_size': 95, 'attention_head_size': 2, 'learning_rate': 0.017003213497045692}. Best is trial 51 with value: 0.07663241773843765.
LOCAL_RANK: 0 - CUDA_VISIBLE_DEVICES: [0]
[I 2023-11-30 09:56:54,983] Trial 98 finished with value: 0.10729741305112839 and parameters: {'gradient_clip_val': 0.4486613122480719, 'hidden_size': 132, 'dropout': 0.3597222695071522, 'hidden_continuous_size': 85, 'attention_head_size': 2, 'learning_rate': 0.02463441402845288}. Best is trial 51 with value: 0.07663241773843765.
LOCAL_RANK: 0 - CUDA_VISIBLE_DEVICES: [0]
[I 2023-11-30 09:57:09,696] Trial 99 finished with value: 0.0712292268872261 and parameters: {'gradient_clip_val': 0.30113154076375354, 'hidden_size': 118, 'dropout': 0.3466515482492319, 'hidden_continuous_size': 76, 'attention_head_size': 2, 'learning_rate': 0.020250155921659758}. Best is trial 99 with value: 0.0712292268872261.
LOCAL_RANK: 0 - CUDA_VISIBLE_DEVICES: [0]
[I 2023-11-30 09:57:24,183] Trial 100 finished with value: 0.11797120422124863 and parameters: {'gradient_clip_val': 0.2971125028378925, 'hidden_size': 120, 'dropout': 0.34952643117929494, 'hidden_continuous_size': 76, 'attention_head_size': 2, 'learning_rate': 0.037108199533710876}. Best is trial 99 with value: 0.0712292268872261.
LOCAL_RANK: 0 - CUDA_VISIBLE_DEVICES: [0]
[I 2023-11-30 09:57:39,030] Trial 101 finished with value: 0.10147756338119507 and parameters: {'gradient_clip_val': 0.322431678274803, 'hidden_size': 137, 'dropout': 0.3268443886436742, 'hidden_continuous_size': 91, 'attention_head_size': 2, 'learning_rate': 0.020209679431659425}. Best is trial 99 with value: 0.0712292268872261.
LOCAL_RANK: 0 - CUDA_VISIBLE_DEVICES: [0]
[I 2023-11-30 09:57:53,521] Trial 102 finished with value: 0.08793845772743225 and parameters: {'gradient_clip_val': 0.27843558651737654, 'hidden_size': 109, 'dropout': 0.35599423311640416, 'hidden_continuous_size': 70, 'attention_head_size': 2, 'learning_rate': 0.0323126263875137}. Best is trial 99 with value: 0.0712292268872261.
LOCAL_RANK: 0 - CUDA_VISIBLE_DEVICES: [0]
[I 2023-11-30 09:58:08,231] Trial 103 finished with value: 0.11409372091293335 and parameters: {'gradient_clip_val': 0.27437578501468973, 'hidden_size': 127, 'dropout': 0.3386464313473407, 'hidden_continuous_size': 103, 'attention_head_size': 2, 'learning_rate': 0.03301069320019347}. Best is trial 99 with value: 0.0712292268872261.
LOCAL_RANK: 0 - CUDA_VISIBLE_DEVICES: [0]
[I 2023-11-30 09:58:22,712] Trial 104 finished with value: 0.1309913992881775 and parameters: {'gradient_clip_val': 0.2669415763502068, 'hidden_size': 115, 'dropout': 0.3551865666806447, 'hidden_continuous_size': 70, 'attention_head_size': 2, 'learning_rate': 0.042872767953405874}. Best is trial 99 with value: 0.0712292268872261.
LOCAL_RANK: 0 - CUDA_VISIBLE_DEVICES: [0]
[I 2023-11-30 09:58:37,261] Trial 105 finished with value: 0.1461748629808426 and parameters: {'gradient_clip_val': 0.30749302550373026, 'hidden_size': 98, 'dropout': 0.3468793901802399, 'hidden_continuous_size': 77, 'attention_head_size': 2, 'learning_rate': 0.02898633760552089}. Best is trial 99 with value: 0.0712292268872261.
LOCAL_RANK: 0 - CUDA_VISIBLE_DEVICES: [0]
[I 2023-11-30 09:58:51,995] Trial 106 finished with value: 0.12583957612514496 and parameters: {'gradient_clip_val': 0.40522621492866434, 'hidden_size': 122, 'dropout': 0.3597474928905081, 'hidden_continuous_size': 81, 'attention_head_size': 4, 'learning_rate': 0.0395374504048648}. Best is trial 99 with value: 0.0712292268872261.
LOCAL_RANK: 0 - CUDA_VISIBLE_DEVICES: [0]
[I 2023-11-30 09:59:06,656] Trial 107 finished with value: 0.09047038108110428 and parameters: {'gradient_clip_val': 0.46594990610857717, 'hidden_size': 110, 'dropout': 0.332771734484981, 'hidden_continuous_size': 74, 'attention_head_size': 2, 'learning_rate': 0.02270968529931042}. Best is trial 99 with value: 0.0712292268872261.
LOCAL_RANK: 0 - CUDA_VISIBLE_DEVICES: [0]
[I 2023-11-30 09:59:21,202] Trial 108 finished with value: 0.1305026113986969 and parameters: {'gradient_clip_val': 0.5092061292358506, 'hidden_size': 102, 'dropout': 0.31701666737305134, 'hidden_continuous_size': 73, 'attention_head_size': 2, 'learning_rate': 0.026918028192599395}. Best is trial 99 with value: 0.0712292268872261.
LOCAL_RANK: 0 - CUDA_VISIBLE_DEVICES: [0]
[I 2023-11-30 09:59:35,362] Trial 109 finished with value: 0.10918089747428894 and parameters: {'gradient_clip_val': 0.4841136372232541, 'hidden_size': 112, 'dropout': 0.33318875387835734, 'hidden_continuous_size': 64, 'attention_head_size': 2, 'learning_rate': 0.031789877979023023}. Best is trial 99 with value: 0.0712292268872261.
LOCAL_RANK: 0 - CUDA_VISIBLE_DEVICES: [0]
[I 2023-11-30 09:59:50,435] Trial 110 finished with value: 0.09988868236541748 and parameters: {'gradient_clip_val': 0.5401279208853195, 'hidden_size': 143, 'dropout': 0.32807283509827, 'hidden_continuous_size': 82, 'attention_head_size': 2, 'learning_rate': 0.02338822316213872}. Best is trial 99 with value: 0.0712292268872261.
LOCAL_RANK: 0 - CUDA_VISIBLE_DEVICES: [0]
[I 2023-11-30 10:00:05,105] Trial 111 finished with value: 0.15946455299854279 and parameters: {'gradient_clip_val': 0.4548349846486086, 'hidden_size': 129, 'dropout': 0.3416105724208418, 'hidden_continuous_size': 70, 'attention_head_size': 2, 'learning_rate': 0.018301338771888165}. Best is trial 99 with value: 0.0712292268872261.
LOCAL_RANK: 0 - CUDA_VISIBLE_DEVICES: [0]
[I 2023-11-30 10:00:19,627] Trial 112 finished with value: 0.18419653177261353 and parameters: {'gradient_clip_val': 0.44205208275915486, 'hidden_size': 111, 'dropout': 0.34902780419144463, 'hidden_continuous_size': 77, 'attention_head_size': 2, 'learning_rate': 0.014614957984652004}. Best is trial 99 with value: 0.0712292268872261.
LOCAL_RANK: 0 - CUDA_VISIBLE_DEVICES: [0]
[I 2023-11-30 10:00:34,152] Trial 113 finished with value: 0.11643099784851074 and parameters: {'gradient_clip_val': 0.25135862824583943, 'hidden_size': 118, 'dropout': 0.33845972724164786, 'hidden_continuous_size': 68, 'attention_head_size': 2, 'learning_rate': 0.026308925521636536}. Best is trial 99 with value: 0.0712292268872261.
LOCAL_RANK: 0 - CUDA_VISIBLE_DEVICES: [0]
[I 2023-11-30 10:00:48,525] Trial 114 finished with value: 0.09597954154014587 and parameters: {'gradient_clip_val': 0.3003574554966892, 'hidden_size': 105, 'dropout': 0.35564559774523513, 'hidden_continuous_size': 72, 'attention_head_size': 2, 'learning_rate': 0.016473623777362768}. Best is trial 99 with value: 0.0712292268872261.
LOCAL_RANK: 0 - CUDA_VISIBLE_DEVICES: [0]
[I 2023-11-30 10:01:02,929] Trial 115 finished with value: 0.10518644005060196 and parameters: {'gradient_clip_val': 0.47325939260459077, 'hidden_size': 91, 'dropout': 0.36379488789638204, 'hidden_continuous_size': 62, 'attention_head_size': 2, 'learning_rate': 0.035737479885935806}. Best is trial 99 with value: 0.0712292268872261.
LOCAL_RANK: 0 - CUDA_VISIBLE_DEVICES: [0]
[I 2023-11-30 10:01:17,107] Trial 116 finished with value: 0.11766351014375687 and parameters: {'gradient_clip_val': 0.28631203193899035, 'hidden_size': 101, 'dropout': 0.394718234342654, 'hidden_continuous_size': 56, 'attention_head_size': 2, 'learning_rate': 0.02189479684613919}. Best is trial 99 with value: 0.0712292268872261.
LOCAL_RANK: 0 - CUDA_VISIBLE_DEVICES: [0]
[I 2023-11-30 10:01:31,633] Trial 117 finished with value: 0.10079459100961685 and parameters: {'gradient_clip_val': 0.3970014909778831, 'hidden_size': 132, 'dropout': 0.38000328644902903, 'hidden_continuous_size': 88, 'attention_head_size': 2, 'learning_rate': 0.02426507170795881}. Best is trial 99 with value: 0.0712292268872261.
LOCAL_RANK: 0 - CUDA_VISIBLE_DEVICES: [0]
[I 2023-11-30 10:01:46,379] Trial 118 finished with value: 0.13961301743984222 and parameters: {'gradient_clip_val': 0.3530312921721014, 'hidden_size': 141, 'dropout': 0.34568913633719106, 'hidden_continuous_size': 80, 'attention_head_size': 3, 'learning_rate': 0.02060999924075992}. Best is trial 99 with value: 0.0712292268872261.
LOCAL_RANK: 0 - CUDA_VISIBLE_DEVICES: [0]
[I 2023-11-30 10:02:00,933] Trial 119 finished with value: 0.10150870680809021 and parameters: {'gradient_clip_val': 0.3679099341475933, 'hidden_size': 123, 'dropout': 0.3221816501631135, 'hidden_continuous_size': 66, 'attention_head_size': 1, 'learning_rate': 0.01891358011356511}. Best is trial 99 with value: 0.0712292268872261.
LOCAL_RANK: 0 - CUDA_VISIBLE_DEVICES: [0]
[I 2023-11-30 10:02:15,565] Trial 120 finished with value: 0.09737781435251236 and parameters: {'gradient_clip_val': 0.5025485365073256, 'hidden_size': 109, 'dropout': 0.3717370006464778, 'hidden_continuous_size': 75, 'attention_head_size': 2, 'learning_rate': 0.012727018523179364}. Best is trial 99 with value: 0.0712292268872261.
LOCAL_RANK: 0 - CUDA_VISIBLE_DEVICES: [0]
[I 2023-11-30 10:02:29,819] Trial 121 finished with value: 0.09435582906007767 and parameters: {'gradient_clip_val': 0.3393381079177049, 'hidden_size': 95, 'dropout': 0.3656882950603591, 'hidden_continuous_size': 58, 'attention_head_size': 2, 'learning_rate': 0.02073782558026414}. Best is trial 99 with value: 0.0712292268872261.
LOCAL_RANK: 0 - CUDA_VISIBLE_DEVICES: [0]
[I 2023-11-30 10:02:43,996] Trial 122 finished with value: 0.15071918070316315 and parameters: {'gradient_clip_val': 0.32835625990883255, 'hidden_size': 87, 'dropout': 0.3544040700245516, 'hidden_continuous_size': 60, 'attention_head_size': 2, 'learning_rate': 0.016851319700787775}. Best is trial 99 with value: 0.0712292268872261.
LOCAL_RANK: 0 - CUDA_VISIBLE_DEVICES: [0]
[I 2023-11-30 10:02:58,345] Trial 123 finished with value: 0.12786148488521576 and parameters: {'gradient_clip_val': 0.4199695385268001, 'hidden_size': 117, 'dropout': 0.36369861824677924, 'hidden_continuous_size': 52, 'attention_head_size': 2, 'learning_rate': 0.028324861858585012}. Best is trial 99 with value: 0.0712292268872261.
LOCAL_RANK: 0 - CUDA_VISIBLE_DEVICES: [0]
[I 2023-11-30 10:03:12,673] Trial 124 finished with value: 0.0691356211900711 and parameters: {'gradient_clip_val': 0.29519449018509536, 'hidden_size': 93, 'dropout': 0.33382832444282423, 'hidden_continuous_size': 64, 'attention_head_size': 2, 'learning_rate': 0.021791917380530462}. Best is trial 124 with value: 0.0691356211900711.
LOCAL_RANK: 0 - CUDA_VISIBLE_DEVICES: [0]
[I 2023-11-30 10:03:27,339] Trial 125 finished with value: 0.08701612800359726 and parameters: {'gradient_clip_val': 0.27971673246445694, 'hidden_size': 107, 'dropout': 0.33358538664330556, 'hidden_continuous_size': 69, 'attention_head_size': 2, 'learning_rate': 0.04619838666387554}. Best is trial 124 with value: 0.0691356211900711.
LOCAL_RANK: 0 - CUDA_VISIBLE_DEVICES: [0]
[I 2023-11-30 10:03:41,467] Trial 126 finished with value: 0.11685854196548462 and parameters: {'gradient_clip_val': 0.27642434200976596, 'hidden_size': 96, 'dropout': 0.3144519428122055, 'hidden_continuous_size': 67, 'attention_head_size': 2, 'learning_rate': 0.04763812512204176}. Best is trial 124 with value: 0.0691356211900711.
LOCAL_RANK: 0 - CUDA_VISIBLE_DEVICES: [0]
[I 2023-11-30 10:03:55,665] Trial 127 finished with value: 0.08710038661956787 and parameters: {'gradient_clip_val': 0.2935244235074161, 'hidden_size': 105, 'dropout': 0.3337106392261674, 'hidden_continuous_size': 43, 'attention_head_size': 2, 'learning_rate': 0.04025923657555352}. Best is trial 124 with value: 0.0691356211900711.
LOCAL_RANK: 0 - CUDA_VISIBLE_DEVICES: [0]
[I 2023-11-30 10:04:09,838] Trial 128 finished with value: 0.1805250197649002 and parameters: {'gradient_clip_val': 0.28899136376324835, 'hidden_size': 82, 'dropout': 0.33603587218534126, 'hidden_continuous_size': 63, 'attention_head_size': 2, 'learning_rate': 0.03992866383598178}. Best is trial 124 with value: 0.0691356211900711.
LOCAL_RANK: 0 - CUDA_VISIBLE_DEVICES: [0]
[I 2023-11-30 10:04:24,130] Trial 129 finished with value: 0.1263776272535324 and parameters: {'gradient_clip_val': 0.2568538569202954, 'hidden_size': 103, 'dropout': 0.3274788370072638, 'hidden_continuous_size': 43, 'attention_head_size': 2, 'learning_rate': 0.03200587798952846}. Best is trial 124 with value: 0.0691356211900711.
LOCAL_RANK: 0 - CUDA_VISIBLE_DEVICES: [0]
[I 2023-11-30 10:04:38,690] Trial 130 finished with value: 0.1172041967511177 and parameters: {'gradient_clip_val': 0.3095508087336234, 'hidden_size': 89, 'dropout': 0.33250003809321366, 'hidden_continuous_size': 72, 'attention_head_size': 2, 'learning_rate': 0.04433749014923953}. Best is trial 124 with value: 0.0691356211900711.
LOCAL_RANK: 0 - CUDA_VISIBLE_DEVICES: [0]
[I 2023-11-30 10:04:52,930] Trial 131 finished with value: 0.10679785162210464 and parameters: {'gradient_clip_val': 0.2747461876679299, 'hidden_size': 109, 'dropout': 0.34358712775768263, 'hidden_continuous_size': 46, 'attention_head_size': 2, 'learning_rate': 0.04653969386637791}. Best is trial 124 with value: 0.0691356211900711.
LOCAL_RANK: 0 - CUDA_VISIBLE_DEVICES: [0]
[I 2023-11-30 10:05:07,044] Trial 132 finished with value: 0.1416681855916977 and parameters: {'gradient_clip_val': 0.2971056342167253, 'hidden_size': 100, 'dropout': 0.32204249105745647, 'hidden_continuous_size': 49, 'attention_head_size': 2, 'learning_rate': 0.03520887568543839}. Best is trial 124 with value: 0.0691356211900711.
LOCAL_RANK: 0 - CUDA_VISIBLE_DEVICES: [0]
[I 2023-11-30 10:05:21,316] Trial 133 finished with value: 0.11069677025079727 and parameters: {'gradient_clip_val': 0.251311261458799, 'hidden_size': 117, 'dropout': 0.34630131004000664, 'hidden_continuous_size': 40, 'attention_head_size': 2, 'learning_rate': 0.0369413088330967}. Best is trial 124 with value: 0.0691356211900711.
LOCAL_RANK: 0 - CUDA_VISIBLE_DEVICES: [0]
[I 2023-11-30 10:05:35,550] Trial 134 finished with value: 0.16075021028518677 and parameters: {'gradient_clip_val': 0.31938481606599767, 'hidden_size': 94, 'dropout': 0.3103074179226406, 'hidden_continuous_size': 54, 'attention_head_size': 2, 'learning_rate': 0.025735928658225552}. Best is trial 124 with value: 0.0691356211900711.
LOCAL_RANK: 0 - CUDA_VISIBLE_DEVICES: [0]
[I 2023-11-30 10:05:49,854] Trial 135 finished with value: 0.09935120493173599 and parameters: {'gradient_clip_val': 0.2302196811297073, 'hidden_size': 76, 'dropout': 0.3352210969033882, 'hidden_continuous_size': 65, 'attention_head_size': 2, 'learning_rate': 0.02979628514982051}. Best is trial 124 with value: 0.0691356211900711.
LOCAL_RANK: 0 - CUDA_VISIBLE_DEVICES: [0]
[I 2023-11-30 10:06:04,116] Trial 136 finished with value: 0.09792334586381912 and parameters: {'gradient_clip_val': 0.26315783792513636, 'hidden_size': 106, 'dropout': 0.34998238248853347, 'hidden_continuous_size': 44, 'attention_head_size': 2, 'learning_rate': 0.02273880602029849}. Best is trial 124 with value: 0.0691356211900711.
LOCAL_RANK: 0 - CUDA_VISIBLE_DEVICES: [0]
[I 2023-11-30 10:06:18,469] Trial 137 finished with value: 0.1121511161327362 and parameters: {'gradient_clip_val': 0.28926012787257455, 'hidden_size': 136, 'dropout': 0.3420624273563737, 'hidden_continuous_size': 48, 'attention_head_size': 2, 'learning_rate': 0.04197077555507729}. Best is trial 124 with value: 0.0691356211900711.
LOCAL_RANK: 0 - CUDA_VISIBLE_DEVICES: [0]
[I 2023-11-30 10:06:33,014] Trial 138 finished with value: 0.08345618098974228 and parameters: {'gradient_clip_val': 0.5322529913365488, 'hidden_size': 112, 'dropout': 0.33129954757161384, 'hidden_continuous_size': 77, 'attention_head_size': 2, 'learning_rate': 0.015182592134542684}. Best is trial 124 with value: 0.0691356211900711.
LOCAL_RANK: 0 - CUDA_VISIBLE_DEVICES: [0]
[I 2023-11-30 10:06:47,747] Trial 139 finished with value: 0.08705385774374008 and parameters: {'gradient_clip_val': 0.5377629790727955, 'hidden_size': 129, 'dropout': 0.3872031693852231, 'hidden_continuous_size': 82, 'attention_head_size': 2, 'learning_rate': 0.014974038380674726}. Best is trial 124 with value: 0.0691356211900711.
LOCAL_RANK: 0 - CUDA_VISIBLE_DEVICES: [0]
[I 2023-11-30 10:07:02,578] Trial 140 finished with value: 0.12645931541919708 and parameters: {'gradient_clip_val': 0.5804927501588001, 'hidden_size': 127, 'dropout': 0.383100586174656, 'hidden_continuous_size': 78, 'attention_head_size': 2, 'learning_rate': 0.01486670027927074}. Best is trial 124 with value: 0.0691356211900711.
LOCAL_RANK: 0 - CUDA_VISIBLE_DEVICES: [0]
[I 2023-11-30 10:07:17,205] Trial 141 finished with value: 0.16883330047130585 and parameters: {'gradient_clip_val': 0.4758083357231337, 'hidden_size': 114, 'dropout': 0.3969286589477936, 'hidden_continuous_size': 85, 'attention_head_size': 2, 'learning_rate': 0.012048138443861187}. Best is trial 124 with value: 0.0691356211900711.
LOCAL_RANK: 0 - CUDA_VISIBLE_DEVICES: [0]
[I 2023-11-30 10:07:31,757] Trial 142 finished with value: 0.12802384793758392 and parameters: {'gradient_clip_val': 0.5420844745745401, 'hidden_size': 120, 'dropout': 0.38901808988097064, 'hidden_continuous_size': 75, 'attention_head_size': 2, 'learning_rate': 0.015998541503998317}. Best is trial 124 with value: 0.0691356211900711.
LOCAL_RANK: 0 - CUDA_VISIBLE_DEVICES: [0]
[I 2023-11-30 10:07:46,469] Trial 143 finished with value: 0.12172577530145645 and parameters: {'gradient_clip_val': 0.5280218387408552, 'hidden_size': 131, 'dropout': 0.3311132054751831, 'hidden_continuous_size': 88, 'attention_head_size': 2, 'learning_rate': 0.01786761565012555}. Best is trial 124 with value: 0.0691356211900711.
LOCAL_RANK: 0 - CUDA_VISIBLE_DEVICES: [0]
[I 2023-11-30 10:08:01,361] Trial 144 finished with value: 0.11706282943487167 and parameters: {'gradient_clip_val': 0.45420845834540186, 'hidden_size': 150, 'dropout': 0.3754914186247558, 'hidden_continuous_size': 94, 'attention_head_size': 2, 'learning_rate': 0.014354718490084137}. Best is trial 124 with value: 0.0691356211900711.
LOCAL_RANK: 0 - CUDA_VISIBLE_DEVICES: [0]
[I 2023-11-30 10:08:15,851] Trial 145 finished with value: 0.13193993270397186 and parameters: {'gradient_clip_val': 0.568662690365756, 'hidden_size': 111, 'dropout': 0.3240300488328055, 'hidden_continuous_size': 80, 'attention_head_size': 2, 'learning_rate': 0.018127959674196115}. Best is trial 124 with value: 0.0691356211900711.
LOCAL_RANK: 0 - CUDA_VISIBLE_DEVICES: [0]
[I 2023-11-30 10:08:30,370] Trial 146 finished with value: 0.13940715789794922 and parameters: {'gradient_clip_val': 0.31336096640054867, 'hidden_size': 100, 'dropout': 0.3397509940592195, 'hidden_continuous_size': 69, 'attention_head_size': 2, 'learning_rate': 0.013177765129346628}. Best is trial 124 with value: 0.0691356211900711.
LOCAL_RANK: 0 - CUDA_VISIBLE_DEVICES: [0]
[I 2023-11-30 10:08:45,138] Trial 147 finished with value: 0.14456705749034882 and parameters: {'gradient_clip_val': 0.6125248920530535, 'hidden_size': 137, 'dropout': 0.35427886644061474, 'hidden_continuous_size': 83, 'attention_head_size': 2, 'learning_rate': 0.016017237554733693}. Best is trial 124 with value: 0.0691356211900711.
LOCAL_RANK: 0 - CUDA_VISIBLE_DEVICES: [0]
[I 2023-11-30 10:08:59,736] Trial 148 finished with value: 0.10284006595611572 and parameters: {'gradient_clip_val': 0.4354889090682476, 'hidden_size': 125, 'dropout': 0.30078273371545294, 'hidden_continuous_size': 76, 'attention_head_size': 2, 'learning_rate': 0.020063273534990593}. Best is trial 124 with value: 0.0691356211900711.
LOCAL_RANK: 0 - CUDA_VISIBLE_DEVICES: [0]
