[I 2023-11-30 03:56:02,516] Trial 126 finished with value: 0.26583415269851685 and parameters: {'gradient_clip_val': 0.5737672751537696, 'hidden_size': 36, 'dropout': 0.17280159606922707, 'hidden_continuous_size': 21, 'attention_head_size': 4, 'learning_rate': 0.08369265681761705}. Best is trial 4 with value: 0.08365339040756226.
LOCAL_RANK: 0 - CUDA_VISIBLE_DEVICES: [0]
[I 2023-11-30 03:56:15,798] Trial 127 finished with value: 0.3382519781589508 and parameters: {'gradient_clip_val': 0.7445402042662881, 'hidden_size': 39, 'dropout': 0.1927937971660556, 'hidden_continuous_size': 19, 'attention_head_size': 4, 'learning_rate': 0.07308833308237812}. Best is trial 4 with value: 0.08365339040756226.
LOCAL_RANK: 0 - CUDA_VISIBLE_DEVICES: [0]
[I 2023-11-30 03:56:28,833] Trial 128 finished with value: 0.21225734055042267 and parameters: {'gradient_clip_val': 0.6428027259923201, 'hidden_size': 37, 'dropout': 0.20140170637227306, 'hidden_continuous_size': 22, 'attention_head_size': 4, 'learning_rate': 0.0974462417243464}. Best is trial 4 with value: 0.08365339040756226.
LOCAL_RANK: 0 - CUDA_VISIBLE_DEVICES: [0]
[I 2023-11-30 03:56:41,871] Trial 129 finished with value: 0.11486063152551651 and parameters: {'gradient_clip_val': 0.6914640981527231, 'hidden_size': 41, 'dropout': 0.24689496257693472, 'hidden_continuous_size': 19, 'attention_head_size': 4, 'learning_rate': 0.06315745872456911}. Best is trial 4 with value: 0.08365339040756226.
LOCAL_RANK: 0 - CUDA_VISIBLE_DEVICES: [0]
[I 2023-11-30 03:56:54,934] Trial 130 finished with value: 0.2701570987701416 and parameters: {'gradient_clip_val': 0.6940938293428045, 'hidden_size': 41, 'dropout': 0.24038502912291643, 'hidden_continuous_size': 21, 'attention_head_size': 4, 'learning_rate': 0.08110617743845579}. Best is trial 4 with value: 0.08365339040756226.
LOCAL_RANK: 0 - CUDA_VISIBLE_DEVICES: [0]
[I 2023-11-30 03:57:08,010] Trial 131 finished with value: 0.2786305546760559 and parameters: {'gradient_clip_val': 0.5932258899929828, 'hidden_size': 34, 'dropout': 0.24904103747523287, 'hidden_continuous_size': 19, 'attention_head_size': 4, 'learning_rate': 0.0627749054662785}. Best is trial 4 with value: 0.08365339040756226.
LOCAL_RANK: 0 - CUDA_VISIBLE_DEVICES: [0]
[I 2023-11-30 03:57:21,247] Trial 132 finished with value: 0.285801500082016 and parameters: {'gradient_clip_val': 0.6376122774053108, 'hidden_size': 31, 'dropout': 0.26644203228548524, 'hidden_continuous_size': 20, 'attention_head_size': 4, 'learning_rate': 0.06655102683368765}. Best is trial 4 with value: 0.08365339040756226.
LOCAL_RANK: 0 - CUDA_VISIBLE_DEVICES: [0]
[I 2023-11-30 03:57:34,406] Trial 133 finished with value: 0.12038838863372803 and parameters: {'gradient_clip_val': 0.6701772472710967, 'hidden_size': 43, 'dropout': 0.26068565374953967, 'hidden_continuous_size': 18, 'attention_head_size': 4, 'learning_rate': 0.0865124834253317}. Best is trial 4 with value: 0.08365339040756226.
LOCAL_RANK: 0 - CUDA_VISIBLE_DEVICES: [0]
[I 2023-11-30 03:57:47,496] Trial 134 finished with value: 0.32827049493789673 and parameters: {'gradient_clip_val': 0.7778629473715152, 'hidden_size': 44, 'dropout': 0.27817308463094687, 'hidden_continuous_size': 18, 'attention_head_size': 4, 'learning_rate': 0.08460694002532053}. Best is trial 4 with value: 0.08365339040756226.
LOCAL_RANK: 0 - CUDA_VISIBLE_DEVICES: [0]
[I 2023-11-30 03:58:00,503] Trial 135 finished with value: 0.19540227949619293 and parameters: {'gradient_clip_val': 0.6790059549575616, 'hidden_size': 41, 'dropout': 0.24758153707264013, 'hidden_continuous_size': 20, 'attention_head_size': 4, 'learning_rate': 0.08890298579970947}. Best is trial 4 with value: 0.08365339040756226.
LOCAL_RANK: 0 - CUDA_VISIBLE_DEVICES: [0]
[I 2023-11-30 03:58:13,646] Trial 136 finished with value: 0.22309623658657074 and parameters: {'gradient_clip_val': 0.6346968144527041, 'hidden_size': 44, 'dropout': 0.22593108493567102, 'hidden_continuous_size': 22, 'attention_head_size': 4, 'learning_rate': 0.07326011816881751}. Best is trial 4 with value: 0.08365339040756226.
LOCAL_RANK: 0 - CUDA_VISIBLE_DEVICES: [0]
[I 2023-11-30 03:58:27,056] Trial 137 finished with value: 0.22435833513736725 and parameters: {'gradient_clip_val': 0.5852474704316026, 'hidden_size': 46, 'dropout': 0.29241861535327035, 'hidden_continuous_size': 18, 'attention_head_size': 4, 'learning_rate': 0.05981446992970899}. Best is trial 4 with value: 0.08365339040756226.
LOCAL_RANK: 0 - CUDA_VISIBLE_DEVICES: [0]
[I 2023-11-30 03:58:40,218] Trial 138 finished with value: 0.1930808275938034 and parameters: {'gradient_clip_val': 0.6603777838517773, 'hidden_size': 38, 'dropout': 0.2132849408547415, 'hidden_continuous_size': 20, 'attention_head_size': 4, 'learning_rate': 0.09785876071022556}. Best is trial 4 with value: 0.08365339040756226.
LOCAL_RANK: 0 - CUDA_VISIBLE_DEVICES: [0]
[I 2023-11-30 03:58:53,989] Trial 139 finished with value: 0.14077933132648468 and parameters: {'gradient_clip_val': 0.5942750438619105, 'hidden_size': 71, 'dropout': 0.20106886342078695, 'hidden_continuous_size': 17, 'attention_head_size': 4, 'learning_rate': 0.07496602505421529}. Best is trial 4 with value: 0.08365339040756226.
LOCAL_RANK: 0 - CUDA_VISIBLE_DEVICES: [0]
[I 2023-11-30 03:59:07,130] Trial 140 finished with value: 0.17290593683719635 and parameters: {'gradient_clip_val': 0.5501496497138959, 'hidden_size': 42, 'dropout': 0.2389535253520254, 'hidden_continuous_size': 19, 'attention_head_size': 4, 'learning_rate': 0.06600428396694695}. Best is trial 4 with value: 0.08365339040756226.
LOCAL_RANK: 0 - CUDA_VISIBLE_DEVICES: [0]
[I 2023-11-30 03:59:20,005] Trial 141 finished with value: 0.5129128098487854 and parameters: {'gradient_clip_val': 0.6146863907793275, 'hidden_size': 36, 'dropout': 0.2736298284353628, 'hidden_continuous_size': 21, 'attention_head_size': 3, 'learning_rate': 0.05824577051691973}. Best is trial 4 with value: 0.08365339040756226.
LOCAL_RANK: 0 - CUDA_VISIBLE_DEVICES: [0]
[I 2023-11-30 03:59:33,297] Trial 142 finished with value: 0.22263704240322113 and parameters: {'gradient_clip_val': 0.5290012043278436, 'hidden_size': 39, 'dropout': 0.2626304316052543, 'hidden_continuous_size': 19, 'attention_head_size': 3, 'learning_rate': 0.07987091402805274}. Best is trial 4 with value: 0.08365339040756226.
LOCAL_RANK: 0 - CUDA_VISIBLE_DEVICES: [0]
[I 2023-11-30 03:59:47,116] Trial 143 finished with value: 0.3583444356918335 and parameters: {'gradient_clip_val': 0.7191419011767295, 'hidden_size': 92, 'dropout': 0.23094312628125882, 'hidden_continuous_size': 17, 'attention_head_size': 4, 'learning_rate': 0.07049637253975953}. Best is trial 4 with value: 0.08365339040756226.
LOCAL_RANK: 0 - CUDA_VISIBLE_DEVICES: [0]
[I 2023-11-30 04:00:00,176] Trial 144 finished with value: 0.19713306427001953 and parameters: {'gradient_clip_val': 0.5709906262660065, 'hidden_size': 40, 'dropout': 0.2574511837448528, 'hidden_continuous_size': 19, 'attention_head_size': 4, 'learning_rate': 0.0895556852257993}. Best is trial 4 with value: 0.08365339040756226.
LOCAL_RANK: 0 - CUDA_VISIBLE_DEVICES: [0]
[I 2023-11-30 04:00:13,137] Trial 145 finished with value: 0.2235458344221115 and parameters: {'gradient_clip_val': 0.6172373673526568, 'hidden_size': 29, 'dropout': 0.2527870057131163, 'hidden_continuous_size': 20, 'attention_head_size': 4, 'learning_rate': 0.05247942455239979}. Best is trial 4 with value: 0.08365339040756226.
LOCAL_RANK: 0 - CUDA_VISIBLE_DEVICES: [0]
[I 2023-11-30 04:00:26,096] Trial 146 finished with value: 0.2268906682729721 and parameters: {'gradient_clip_val': 0.6677294614404188, 'hidden_size': 34, 'dropout': 0.2459694418026526, 'hidden_continuous_size': 21, 'attention_head_size': 3, 'learning_rate': 0.06333627481456075}. Best is trial 4 with value: 0.08365339040756226.
LOCAL_RANK: 0 - CUDA_VISIBLE_DEVICES: [0]
[I 2023-11-30 04:00:39,556] Trial 147 finished with value: 0.11016732454299927 and parameters: {'gradient_clip_val': 0.7981644874914847, 'hidden_size': 46, 'dropout': 0.26280995633191606, 'hidden_continuous_size': 22, 'attention_head_size': 4, 'learning_rate': 0.056780149936378206}. Best is trial 4 with value: 0.08365339040756226.
LOCAL_RANK: 0 - CUDA_VISIBLE_DEVICES: [0]
[I 2023-11-30 04:00:52,829] Trial 148 finished with value: 0.23418878018856049 and parameters: {'gradient_clip_val': 0.7740543388812939, 'hidden_size': 44, 'dropout': 0.2854174976680366, 'hidden_continuous_size': 23, 'attention_head_size': 4, 'learning_rate': 0.05560065451465197}. Best is trial 4 with value: 0.08365339040756226.
LOCAL_RANK: 0 - CUDA_VISIBLE_DEVICES: [0]
[I 2023-11-30 04:01:05,984] Trial 149 finished with value: 0.24362285435199738 and parameters: {'gradient_clip_val': 0.7022989216702878, 'hidden_size': 48, 'dropout': 0.2668330849048221, 'hidden_continuous_size': 22, 'attention_head_size': 4, 'learning_rate': 0.07753109487883132}. Best is trial 4 with value: 0.08365339040756226.
[I 2023-11-30 04:01:06,093] A new study created in memory with name: no-name-7787067b-93b9-46af-a2b6-e830e31f61d1
/home/le004/conda/anaconda3/envs/tsff_env/lib/python3.9/site-packages/lightning/fabric/plugins/environments/slurm.py:191: The `srun` command is available on your system but is not used. HINT: If your intention is to run Lightning on SLURM, prepend your python command with `srun` like so: srun python /home/le004/master_thesis/git/TSFusionForecast/code/ ...
LOCAL_RANK: 0 - CUDA_VISIBLE_DEVICES: [0]
[I 2023-11-30 04:01:18,685] Trial 0 finished with value: 1.4556812047958374 and parameters: {'gradient_clip_val': 0.11717552923203226, 'hidden_size': 19, 'dropout': 0.38359101555039576, 'hidden_continuous_size': 10, 'attention_head_size': 4, 'learning_rate': 0.0022865598249304825}. Best is trial 0 with value: 1.4556812047958374.
LOCAL_RANK: 0 - CUDA_VISIBLE_DEVICES: [0]
[I 2023-11-30 04:01:32,448] Trial 1 finished with value: 0.22174771130084991 and parameters: {'gradient_clip_val': 0.11474839492952885, 'hidden_size': 57, 'dropout': 0.20483771199891826, 'hidden_continuous_size': 43, 'attention_head_size': 3, 'learning_rate': 0.027597829751270692}. Best is trial 1 with value: 0.22174771130084991.
LOCAL_RANK: 0 - CUDA_VISIBLE_DEVICES: [0]
[I 2023-11-30 04:01:47,156] Trial 2 finished with value: 0.1435202807188034 and parameters: {'gradient_clip_val': 0.377881346344987, 'hidden_size': 129, 'dropout': 0.3095095259622369, 'hidden_continuous_size': 83, 'attention_head_size': 4, 'learning_rate': 0.07262798685357824}. Best is trial 2 with value: 0.1435202807188034.
LOCAL_RANK: 0 - CUDA_VISIBLE_DEVICES: [0]
[I 2023-11-30 04:02:00,558] Trial 3 finished with value: 0.1621118187904358 and parameters: {'gradient_clip_val': 0.9028768763171698, 'hidden_size': 49, 'dropout': 0.17682444023115218, 'hidden_continuous_size': 22, 'attention_head_size': 2, 'learning_rate': 0.011499242048938119}. Best is trial 2 with value: 0.1435202807188034.
LOCAL_RANK: 0 - CUDA_VISIBLE_DEVICES: [0]
[I 2023-11-30 04:02:12,961] Trial 4 finished with value: 1.4814051389694214 and parameters: {'gradient_clip_val': 0.1422597029183133, 'hidden_size': 13, 'dropout': 0.2352279882356491, 'hidden_continuous_size': 11, 'attention_head_size': 3, 'learning_rate': 0.0017205482006803548}. Best is trial 2 with value: 0.1435202807188034.
LOCAL_RANK: 0 - CUDA_VISIBLE_DEVICES: [0]
[I 2023-11-30 04:02:23,475] Trial 5 finished with value: 0.29939815402030945 and parameters: {'gradient_clip_val': 0.6453159322910899, 'hidden_size': 11, 'dropout': 0.1753645533005375, 'hidden_continuous_size': 11, 'attention_head_size': 3, 'learning_rate': 0.041658333797425354}. Best is trial 2 with value: 0.1435202807188034.
LOCAL_RANK: 0 - CUDA_VISIBLE_DEVICES: [0]
[I 2023-11-30 04:02:38,114] Trial 6 finished with value: 0.1778617650270462 and parameters: {'gradient_clip_val': 0.9324318348940203, 'hidden_size': 118, 'dropout': 0.2788292723309622, 'hidden_continuous_size': 98, 'attention_head_size': 2, 'learning_rate': 0.009160433746780485}. Best is trial 2 with value: 0.1435202807188034.
LOCAL_RANK: 0 - CUDA_VISIBLE_DEVICES: [0]
[I 2023-11-30 04:02:50,572] Trial 7 finished with value: 0.17097818851470947 and parameters: {'gradient_clip_val': 0.29685222955111856, 'hidden_size': 24, 'dropout': 0.3729825556030715, 'hidden_continuous_size': 20, 'attention_head_size': 3, 'learning_rate': 0.06560040818041947}. Best is trial 2 with value: 0.1435202807188034.
LOCAL_RANK: 0 - CUDA_VISIBLE_DEVICES: [0]
[I 2023-11-30 04:03:03,543] Trial 8 finished with value: 0.3305076062679291 and parameters: {'gradient_clip_val': 0.3694713549449227, 'hidden_size': 30, 'dropout': 0.1497055580760841, 'hidden_continuous_size': 11, 'attention_head_size': 4, 'learning_rate': 0.01397702095258368}. Best is trial 2 with value: 0.1435202807188034.
LOCAL_RANK: 0 - CUDA_VISIBLE_DEVICES: [0]
[I 2023-11-30 04:03:14,062] Trial 9 finished with value: 1.0892953872680664 and parameters: {'gradient_clip_val': 0.381135191144772, 'hidden_size': 10, 'dropout': 0.11683367318699611, 'hidden_continuous_size': 10, 'attention_head_size': 4, 'learning_rate': 0.0091020560209583}. Best is trial 2 with value: 0.1435202807188034.
LOCAL_RANK: 0 - CUDA_VISIBLE_DEVICES: [0]
[I 2023-11-30 04:03:28,996] Trial 10 finished with value: 0.19529740512371063 and parameters: {'gradient_clip_val': 0.23226966522971487, 'hidden_size': 142, 'dropout': 0.2977543237906024, 'hidden_continuous_size': 129, 'attention_head_size': 1, 'learning_rate': 0.06487519410296577}. Best is trial 2 with value: 0.1435202807188034.
LOCAL_RANK: 0 - CUDA_VISIBLE_DEVICES: [0]
[I 2023-11-30 04:03:42,534] Trial 11 finished with value: 0.22950686514377594 and parameters: {'gradient_clip_val': 0.5770744773007143, 'hidden_size': 63, 'dropout': 0.1009218436749077, 'hidden_continuous_size': 28, 'attention_head_size': 2, 'learning_rate': 0.08382292654581666}. Best is trial 2 with value: 0.1435202807188034.
LOCAL_RANK: 0 - CUDA_VISIBLE_DEVICES: [0]
[I 2023-11-30 04:03:55,668] Trial 12 finished with value: 0.17985276877880096 and parameters: {'gradient_clip_val': 0.9803190056254234, 'hidden_size': 51, 'dropout': 0.32910933592364083, 'hidden_continuous_size': 20, 'attention_head_size': 1, 'learning_rate': 0.026108666675818654}. Best is trial 2 with value: 0.1435202807188034.
LOCAL_RANK: 0 - CUDA_VISIBLE_DEVICES: [0]
[I 2023-11-30 04:04:10,001] Trial 13 finished with value: 0.2449682205915451 and parameters: {'gradient_clip_val': 0.5830326286225862, 'hidden_size': 91, 'dropout': 0.22730269908179584, 'hidden_continuous_size': 54, 'attention_head_size': 2, 'learning_rate': 0.0039043911868241413}. Best is trial 2 with value: 0.1435202807188034.
LOCAL_RANK: 0 - CUDA_VISIBLE_DEVICES: [0]
[I 2023-11-30 04:04:24,163] Trial 14 finished with value: 0.172501802444458 and parameters: {'gradient_clip_val': 0.47712938110793973, 'hidden_size': 86, 'dropout': 0.25965432595316007, 'hidden_continuous_size': 49, 'attention_head_size': 2, 'learning_rate': 0.017709117696597863}. Best is trial 2 with value: 0.1435202807188034.
LOCAL_RANK: 0 - CUDA_VISIBLE_DEVICES: [0]
[I 2023-11-30 04:04:36,691] Trial 15 finished with value: 0.12484642118215561 and parameters: {'gradient_clip_val': 0.7319608430944226, 'hidden_size': 36, 'dropout': 0.19764749470841664, 'hidden_continuous_size': 14, 'attention_head_size': 1, 'learning_rate': 0.09364666906893278}. Best is trial 15 with value: 0.12484642118215561.
LOCAL_RANK: 0 - CUDA_VISIBLE_DEVICES: [0]
[I 2023-11-30 04:04:49,283] Trial 16 finished with value: 0.10623989254236221 and parameters: {'gradient_clip_val': 0.24083892986160024, 'hidden_size': 31, 'dropout': 0.3138690706142997, 'hidden_continuous_size': 13, 'attention_head_size': 1, 'learning_rate': 0.09144361537277856}. Best is trial 16 with value: 0.10623989254236221.
LOCAL_RANK: 0 - CUDA_VISIBLE_DEVICES: [0]
[I 2023-11-30 04:05:02,160] Trial 17 finished with value: 0.3297286331653595 and parameters: {'gradient_clip_val': 0.23950626519703816, 'hidden_size': 37, 'dropout': 0.25857425463331424, 'hidden_continuous_size': 14, 'attention_head_size': 1, 'learning_rate': 0.08706040897120608}. Best is trial 16 with value: 0.10623989254236221.
LOCAL_RANK: 0 - CUDA_VISIBLE_DEVICES: [0]
[I 2023-11-30 04:05:14,943] Trial 18 finished with value: 0.18226079642772675 and parameters: {'gradient_clip_val': 0.19141058861554458, 'hidden_size': 33, 'dropout': 0.33800357115760976, 'hidden_continuous_size': 14, 'attention_head_size': 1, 'learning_rate': 0.04682053245470731}. Best is trial 16 with value: 0.10623989254236221.
LOCAL_RANK: 0 - CUDA_VISIBLE_DEVICES: [0]
[I 2023-11-30 04:05:27,302] Trial 19 finished with value: 0.2583293616771698 and parameters: {'gradient_clip_val': 0.16649152574313833, 'hidden_size': 21, 'dropout': 0.21044236306536823, 'hidden_continuous_size': 13, 'attention_head_size': 1, 'learning_rate': 0.043585408567080784}. Best is trial 16 with value: 0.10623989254236221.
LOCAL_RANK: 0 - CUDA_VISIBLE_DEVICES: [0]
[I 2023-11-30 04:05:40,192] Trial 20 finished with value: 0.17395807802677155 and parameters: {'gradient_clip_val': 0.3003163061946749, 'hidden_size': 39, 'dropout': 0.2630285913462564, 'hidden_continuous_size': 16, 'attention_head_size': 1, 'learning_rate': 0.093522209398078}. Best is trial 16 with value: 0.10623989254236221.
LOCAL_RANK: 0 - CUDA_VISIBLE_DEVICES: [0]
[I 2023-11-30 04:05:52,944] Trial 21 finished with value: 0.1765449494123459 and parameters: {'gradient_clip_val': 0.42560573108959204, 'hidden_size': 26, 'dropout': 0.30335991077287183, 'hidden_continuous_size': 13, 'attention_head_size': 4, 'learning_rate': 0.09808221136820201}. Best is trial 16 with value: 0.10623989254236221.
LOCAL_RANK: 0 - CUDA_VISIBLE_DEVICES: [0]
[I 2023-11-30 04:06:06,002] Trial 22 finished with value: 0.2030952125787735 and parameters: {'gradient_clip_val': 0.2630214858458857, 'hidden_size': 43, 'dropout': 0.3417672011988132, 'hidden_continuous_size': 15, 'attention_head_size': 1, 'learning_rate': 0.05495219754924398}. Best is trial 16 with value: 0.10623989254236221.
LOCAL_RANK: 0 - CUDA_VISIBLE_DEVICES: [0]
[I 2023-11-30 04:06:19,528] Trial 23 finished with value: 0.13930317759513855 and parameters: {'gradient_clip_val': 0.3306633433075659, 'hidden_size': 66, 'dropout': 0.3001159621156346, 'hidden_continuous_size': 18, 'attention_head_size': 2, 'learning_rate': 0.03310733021446855}. Best is trial 16 with value: 0.10623989254236221.
LOCAL_RANK: 0 - CUDA_VISIBLE_DEVICES: [0]
[I 2023-11-30 04:06:33,103] Trial 24 finished with value: 0.14669232070446014 and parameters: {'gradient_clip_val': 0.21473738983705346, 'hidden_size': 67, 'dropout': 0.278628680908119, 'hidden_continuous_size': 17, 'attention_head_size': 2, 'learning_rate': 0.034175761392425855}. Best is trial 16 with value: 0.10623989254236221.
LOCAL_RANK: 0 - CUDA_VISIBLE_DEVICES: [0]
[I 2023-11-30 04:06:46,088] Trial 25 finished with value: 0.16285614669322968 and parameters: {'gradient_clip_val': 0.31307281494725436, 'hidden_size': 42, 'dropout': 0.3577433781378075, 'hidden_continuous_size': 18, 'attention_head_size': 1, 'learning_rate': 0.05433877352629603}. Best is trial 16 with value: 0.10623989254236221.
LOCAL_RANK: 0 - CUDA_VISIBLE_DEVICES: [0]
[I 2023-11-30 04:06:58,697] Trial 26 finished with value: 0.2626607120037079 and parameters: {'gradient_clip_val': 0.188066410755602, 'hidden_size': 29, 'dropout': 0.31180860438272534, 'hidden_continuous_size': 12, 'attention_head_size': 2, 'learning_rate': 0.09945013286613537}. Best is trial 16 with value: 0.10623989254236221.
LOCAL_RANK: 0 - CUDA_VISIBLE_DEVICES: [0]
[I 2023-11-30 04:07:11,422] Trial 27 finished with value: 0.26371991634368896 and parameters: {'gradient_clip_val': 0.7190482856632533, 'hidden_size': 33, 'dropout': 0.392323272231558, 'hidden_continuous_size': 15, 'attention_head_size': 1, 'learning_rate': 0.03314846528207708}. Best is trial 16 with value: 0.10623989254236221.
LOCAL_RANK: 0 - CUDA_VISIBLE_DEVICES: [0]
[I 2023-11-30 04:07:24,429] Trial 28 finished with value: 0.1704072803258896 and parameters: {'gradient_clip_val': 0.4595986599435742, 'hidden_size': 48, 'dropout': 0.28324312857921347, 'hidden_continuous_size': 17, 'attention_head_size': 2, 'learning_rate': 0.06078812803930554}. Best is trial 16 with value: 0.10623989254236221.
LOCAL_RANK: 0 - CUDA_VISIBLE_DEVICES: [0]
[I 2023-11-30 04:07:36,741] Trial 29 finished with value: 0.2294429987668991 and parameters: {'gradient_clip_val': 0.1326129100703076, 'hidden_size': 19, 'dropout': 0.24403778386990804, 'hidden_continuous_size': 12, 'attention_head_size': 1, 'learning_rate': 0.042389515213651925}. Best is trial 16 with value: 0.10623989254236221.
LOCAL_RANK: 0 - CUDA_VISIBLE_DEVICES: [0]
[I 2023-11-30 04:07:49,106] Trial 30 finished with value: 0.25177159905433655 and parameters: {'gradient_clip_val': 0.27842766878675096, 'hidden_size': 17, 'dropout': 0.3229121091795293, 'hidden_continuous_size': 12, 'attention_head_size': 1, 'learning_rate': 0.06863474789591995}. Best is trial 16 with value: 0.10623989254236221.
LOCAL_RANK: 0 - CUDA_VISIBLE_DEVICES: [0]
[I 2023-11-30 04:08:02,838] Trial 31 finished with value: 0.2604799270629883 and parameters: {'gradient_clip_val': 0.34571824971104553, 'hidden_size': 70, 'dropout': 0.30697667917804206, 'hidden_continuous_size': 24, 'attention_head_size': 3, 'learning_rate': 0.07294262209009343}. Best is trial 16 with value: 0.10623989254236221.
LOCAL_RANK: 0 - CUDA_VISIBLE_DEVICES: [0]
[I 2023-11-30 04:08:17,556] Trial 32 finished with value: 0.14618384838104248 and parameters: {'gradient_clip_val': 0.41326677250979443, 'hidden_size': 147, 'dropout': 0.3555109064873154, 'hidden_continuous_size': 30, 'attention_head_size': 4, 'learning_rate': 0.07702552171669819}. Best is trial 16 with value: 0.10623989254236221.
LOCAL_RANK: 0 - CUDA_VISIBLE_DEVICES: [0]
