[I 2023-11-30 06:29:06,159] Trial 68 finished with value: 59.40411376953125 and parameters: {'gradient_clip_val': 0.41460888208416263, 'hidden_size': 23, 'dropout': 0.22763887356312917, 'hidden_continuous_size': 15, 'attention_head_size': 1, 'learning_rate': 0.07858733011229063}. Best is trial 63 with value: 44.4382438659668.
LOCAL_RANK: 0 - CUDA_VISIBLE_DEVICES: [0]
[I 2023-11-30 06:29:18,736] Trial 69 finished with value: 68.70243835449219 and parameters: {'gradient_clip_val': 0.3831900708204566, 'hidden_size': 31, 'dropout': 0.23725276599634537, 'hidden_continuous_size': 14, 'attention_head_size': 1, 'learning_rate': 0.06980539530885208}. Best is trial 63 with value: 44.4382438659668.
LOCAL_RANK: 0 - CUDA_VISIBLE_DEVICES: [0]
[I 2023-11-30 06:29:31,158] Trial 70 finished with value: 53.93156051635742 and parameters: {'gradient_clip_val': 0.29495910288189975, 'hidden_size': 25, 'dropout': 0.21535170485880278, 'hidden_continuous_size': 17, 'attention_head_size': 1, 'learning_rate': 0.08871928312417961}. Best is trial 63 with value: 44.4382438659668.
LOCAL_RANK: 0 - CUDA_VISIBLE_DEVICES: [0]
[I 2023-11-30 06:29:43,496] Trial 71 finished with value: 57.55125045776367 and parameters: {'gradient_clip_val': 0.2857082868189781, 'hidden_size': 25, 'dropout': 0.2035183698215129, 'hidden_continuous_size': 17, 'attention_head_size': 1, 'learning_rate': 0.09297324317983552}. Best is trial 63 with value: 44.4382438659668.
LOCAL_RANK: 0 - CUDA_VISIBLE_DEVICES: [0]
[I 2023-11-30 06:29:56,203] Trial 72 finished with value: 64.28767395019531 and parameters: {'gradient_clip_val': 0.25463189853396073, 'hidden_size': 28, 'dropout': 0.21374560971434625, 'hidden_continuous_size': 18, 'attention_head_size': 1, 'learning_rate': 0.08915969195825643}. Best is trial 63 with value: 44.4382438659668.
LOCAL_RANK: 0 - CUDA_VISIBLE_DEVICES: [0]
[I 2023-11-30 06:30:08,690] Trial 73 finished with value: 64.09478759765625 and parameters: {'gradient_clip_val': 0.3281741222002228, 'hidden_size': 22, 'dropout': 0.21393756929253713, 'hidden_continuous_size': 16, 'attention_head_size': 1, 'learning_rate': 0.06319432601713844}. Best is trial 63 with value: 44.4382438659668.
LOCAL_RANK: 0 - CUDA_VISIBLE_DEVICES: [0]
[I 2023-11-30 06:30:21,361] Trial 74 finished with value: 57.0984992980957 and parameters: {'gradient_clip_val': 0.297980199203839, 'hidden_size': 30, 'dropout': 0.2310738106084331, 'hidden_continuous_size': 18, 'attention_head_size': 1, 'learning_rate': 0.07450132374114088}. Best is trial 63 with value: 44.4382438659668.
LOCAL_RANK: 0 - CUDA_VISIBLE_DEVICES: [0]
[I 2023-11-30 06:30:33,678] Trial 75 finished with value: 55.276920318603516 and parameters: {'gradient_clip_val': 0.2700013756270306, 'hidden_size': 25, 'dropout': 0.24222888725498223, 'hidden_continuous_size': 15, 'attention_head_size': 1, 'learning_rate': 0.09959850619027236}. Best is trial 63 with value: 44.4382438659668.
LOCAL_RANK: 0 - CUDA_VISIBLE_DEVICES: [0]
[I 2023-11-30 06:30:45,973] Trial 76 finished with value: 73.17464447021484 and parameters: {'gradient_clip_val': 0.35360614070138546, 'hidden_size': 28, 'dropout': 0.2512889707684503, 'hidden_continuous_size': 17, 'attention_head_size': 1, 'learning_rate': 0.05880703823041547}. Best is trial 63 with value: 44.4382438659668.
LOCAL_RANK: 0 - CUDA_VISIBLE_DEVICES: [0]
[I 2023-11-30 06:30:59,267] Trial 77 finished with value: 62.50545120239258 and parameters: {'gradient_clip_val': 0.324648449551917, 'hidden_size': 38, 'dropout': 0.1936192162743583, 'hidden_continuous_size': 20, 'attention_head_size': 4, 'learning_rate': 0.0849804199345017}. Best is trial 63 with value: 44.4382438659668.
LOCAL_RANK: 0 - CUDA_VISIBLE_DEVICES: [0]
[I 2023-11-30 06:31:11,939] Trial 78 finished with value: 65.75762939453125 and parameters: {'gradient_clip_val': 0.22823783988089352, 'hidden_size': 33, 'dropout': 0.22694984778765226, 'hidden_continuous_size': 14, 'attention_head_size': 1, 'learning_rate': 0.07189234151707344}. Best is trial 63 with value: 44.4382438659668.
LOCAL_RANK: 0 - CUDA_VISIBLE_DEVICES: [0]
[I 2023-11-30 06:31:24,485] Trial 79 finished with value: 71.83416748046875 and parameters: {'gradient_clip_val': 0.25674737676675224, 'hidden_size': 23, 'dropout': 0.18429965349422997, 'hidden_continuous_size': 16, 'attention_head_size': 4, 'learning_rate': 0.05322505110695963}. Best is trial 63 with value: 44.4382438659668.
LOCAL_RANK: 0 - CUDA_VISIBLE_DEVICES: [0]
[I 2023-11-30 06:31:37,380] Trial 80 finished with value: 52.18758773803711 and parameters: {'gradient_clip_val': 0.29599491054714533, 'hidden_size': 34, 'dropout': 0.21722286988131906, 'hidden_continuous_size': 20, 'attention_head_size': 1, 'learning_rate': 0.08551178975768722}. Best is trial 63 with value: 44.4382438659668.
LOCAL_RANK: 0 - CUDA_VISIBLE_DEVICES: [0]
[I 2023-11-30 06:31:50,010] Trial 81 finished with value: 67.30352020263672 and parameters: {'gradient_clip_val': 0.30001692686190234, 'hidden_size': 27, 'dropout': 0.21361115624121557, 'hidden_continuous_size': 19, 'attention_head_size': 1, 'learning_rate': 0.0835924292622311}. Best is trial 63 with value: 44.4382438659668.
LOCAL_RANK: 0 - CUDA_VISIBLE_DEVICES: [0]
[I 2023-11-30 06:32:02,925] Trial 82 finished with value: 44.2860221862793 and parameters: {'gradient_clip_val': 0.28109621663613626, 'hidden_size': 35, 'dropout': 0.22035659001971228, 'hidden_continuous_size': 21, 'attention_head_size': 1, 'learning_rate': 0.06543768448016962}. Best is trial 82 with value: 44.2860221862793.
LOCAL_RANK: 0 - CUDA_VISIBLE_DEVICES: [0]
[I 2023-11-30 06:32:15,886] Trial 83 finished with value: 62.3085823059082 and parameters: {'gradient_clip_val': 0.2766392375481289, 'hidden_size': 35, 'dropout': 0.2197008186097137, 'hidden_continuous_size': 21, 'attention_head_size': 1, 'learning_rate': 0.0642117311913276}. Best is trial 82 with value: 44.2860221862793.
LOCAL_RANK: 0 - CUDA_VISIBLE_DEVICES: [0]
[I 2023-11-30 06:32:28,581] Trial 84 finished with value: 51.88591003417969 and parameters: {'gradient_clip_val': 0.24643440706745137, 'hidden_size': 34, 'dropout': 0.23125949488944564, 'hidden_continuous_size': 19, 'attention_head_size': 1, 'learning_rate': 0.057817757921351014}. Best is trial 82 with value: 44.2860221862793.
LOCAL_RANK: 0 - CUDA_VISIBLE_DEVICES: [0]
[I 2023-11-30 06:32:41,663] Trial 85 finished with value: 48.43349838256836 and parameters: {'gradient_clip_val': 0.23850884885650822, 'hidden_size': 43, 'dropout': 0.2397539077507277, 'hidden_continuous_size': 23, 'attention_head_size': 1, 'learning_rate': 0.05623855211529065}. Best is trial 82 with value: 44.2860221862793.
LOCAL_RANK: 0 - CUDA_VISIBLE_DEVICES: [0]
[I 2023-11-30 06:32:54,629] Trial 86 finished with value: 63.63725662231445 and parameters: {'gradient_clip_val': 0.23643806974289489, 'hidden_size': 44, 'dropout': 0.2440578175578326, 'hidden_continuous_size': 23, 'attention_head_size': 1, 'learning_rate': 0.045622859030363005}. Best is trial 82 with value: 44.2860221862793.
LOCAL_RANK: 0 - CUDA_VISIBLE_DEVICES: [0]
[I 2023-11-30 06:33:07,689] Trial 87 finished with value: 60.49806213378906 and parameters: {'gradient_clip_val': 0.2409776604690506, 'hidden_size': 37, 'dropout': 0.23819869572510902, 'hidden_continuous_size': 23, 'attention_head_size': 1, 'learning_rate': 0.05563431869556756}. Best is trial 82 with value: 44.2860221862793.
LOCAL_RANK: 0 - CUDA_VISIBLE_DEVICES: [0]
[I 2023-11-30 06:33:20,543] Trial 88 finished with value: 57.27772521972656 and parameters: {'gradient_clip_val': 0.21580765725628595, 'hidden_size': 48, 'dropout': 0.223000739167761, 'hidden_continuous_size': 21, 'attention_head_size': 1, 'learning_rate': 0.042761305252907195}. Best is trial 82 with value: 44.2860221862793.
LOCAL_RANK: 0 - CUDA_VISIBLE_DEVICES: [0]
[I 2023-11-30 06:33:33,493] Trial 89 finished with value: 64.47914123535156 and parameters: {'gradient_clip_val': 0.25154379590460785, 'hidden_size': 39, 'dropout': 0.26882216532422953, 'hidden_continuous_size': 19, 'attention_head_size': 1, 'learning_rate': 0.05881324163632441}. Best is trial 82 with value: 44.2860221862793.
LOCAL_RANK: 0 - CUDA_VISIBLE_DEVICES: [0]
[I 2023-11-30 06:33:46,100] Trial 90 finished with value: 58.01174545288086 and parameters: {'gradient_clip_val': 0.26642486768419776, 'hidden_size': 32, 'dropout': 0.20569682196074668, 'hidden_continuous_size': 20, 'attention_head_size': 1, 'learning_rate': 0.06894652119573567}. Best is trial 82 with value: 44.2860221862793.
LOCAL_RANK: 0 - CUDA_VISIBLE_DEVICES: [0]
[I 2023-11-30 06:33:58,748] Trial 91 finished with value: 69.32949829101562 and parameters: {'gradient_clip_val': 0.2790768209838155, 'hidden_size': 30, 'dropout': 0.23636608159845013, 'hidden_continuous_size': 18, 'attention_head_size': 1, 'learning_rate': 0.06268898714304816}. Best is trial 82 with value: 44.2860221862793.
LOCAL_RANK: 0 - CUDA_VISIBLE_DEVICES: [0]
[I 2023-11-30 06:34:11,332] Trial 92 finished with value: 54.65852737426758 and parameters: {'gradient_clip_val': 0.208056970826149, 'hidden_size': 32, 'dropout': 0.19798398189614944, 'hidden_continuous_size': 22, 'attention_head_size': 1, 'learning_rate': 0.07629808435859094}. Best is trial 82 with value: 44.2860221862793.
LOCAL_RANK: 0 - CUDA_VISIBLE_DEVICES: [0]
[I 2023-11-30 06:34:24,137] Trial 93 finished with value: 68.3933334350586 and parameters: {'gradient_clip_val': 0.22687643706700428, 'hidden_size': 34, 'dropout': 0.21935622411360448, 'hidden_continuous_size': 19, 'attention_head_size': 1, 'learning_rate': 0.052096321913675005}. Best is trial 82 with value: 44.2860221862793.
LOCAL_RANK: 0 - CUDA_VISIBLE_DEVICES: [0]
[I 2023-11-30 06:34:37,069] Trial 94 finished with value: 60.80424499511719 and parameters: {'gradient_clip_val': 0.28697563383590335, 'hidden_size': 43, 'dropout': 0.2293101876519973, 'hidden_continuous_size': 24, 'attention_head_size': 1, 'learning_rate': 0.08872278794987015}. Best is trial 82 with value: 44.2860221862793.
LOCAL_RANK: 0 - CUDA_VISIBLE_DEVICES: [0]
[I 2023-11-30 06:34:49,766] Trial 95 finished with value: 57.98030090332031 and parameters: {'gradient_clip_val': 0.24378805306178986, 'hidden_size': 30, 'dropout': 0.2134760664181692, 'hidden_continuous_size': 20, 'attention_head_size': 1, 'learning_rate': 0.04230642654950593}. Best is trial 82 with value: 44.2860221862793.
LOCAL_RANK: 0 - CUDA_VISIBLE_DEVICES: [0]
[I 2023-11-30 06:35:02,616] Trial 96 finished with value: 70.45685577392578 and parameters: {'gradient_clip_val': 0.3259594300642415, 'hidden_size': 38, 'dropout': 0.24606111806449574, 'hidden_continuous_size': 18, 'attention_head_size': 1, 'learning_rate': 0.07309371376952213}. Best is trial 82 with value: 44.2860221862793.
LOCAL_RANK: 0 - CUDA_VISIBLE_DEVICES: [0]
[I 2023-11-30 06:35:15,452] Trial 97 finished with value: 60.77034378051758 and parameters: {'gradient_clip_val': 0.25734894865629293, 'hidden_size': 36, 'dropout': 0.1934876345631599, 'hidden_continuous_size': 17, 'attention_head_size': 1, 'learning_rate': 0.05587668036587981}. Best is trial 82 with value: 44.2860221862793.
LOCAL_RANK: 0 - CUDA_VISIBLE_DEVICES: [0]
[I 2023-11-30 06:35:28,312] Trial 98 finished with value: 72.37252044677734 and parameters: {'gradient_clip_val': 0.34181954429432077, 'hidden_size': 40, 'dropout': 0.205440844713895, 'hidden_continuous_size': 21, 'attention_head_size': 1, 'learning_rate': 0.06593690151492525}. Best is trial 82 with value: 44.2860221862793.
LOCAL_RANK: 0 - CUDA_VISIBLE_DEVICES: [0]
[I 2023-11-30 06:35:41,151] Trial 99 finished with value: 49.3517951965332 and parameters: {'gradient_clip_val': 0.2951221591317513, 'hidden_size': 33, 'dropout': 0.22579472799250924, 'hidden_continuous_size': 19, 'attention_head_size': 1, 'learning_rate': 0.08614140609711982}. Best is trial 82 with value: 44.2860221862793.
LOCAL_RANK: 0 - CUDA_VISIBLE_DEVICES: [0]
[I 2023-11-30 06:35:54,099] Trial 100 finished with value: 60.5333137512207 and parameters: {'gradient_clip_val': 0.19647957036369765, 'hidden_size': 34, 'dropout': 0.252809708064738, 'hidden_continuous_size': 19, 'attention_head_size': 3, 'learning_rate': 0.04810491016144409}. Best is trial 82 with value: 44.2860221862793.
LOCAL_RANK: 0 - CUDA_VISIBLE_DEVICES: [0]
[I 2023-11-30 06:36:06,813] Trial 101 finished with value: 58.65963363647461 and parameters: {'gradient_clip_val': 0.2721899568753733, 'hidden_size': 33, 'dropout': 0.23092541891460927, 'hidden_continuous_size': 20, 'attention_head_size': 1, 'learning_rate': 0.0874667725212433}. Best is trial 82 with value: 44.2860221862793.
LOCAL_RANK: 0 - CUDA_VISIBLE_DEVICES: [0]
[I 2023-11-30 06:36:19,565] Trial 102 finished with value: 60.77818298339844 and parameters: {'gradient_clip_val': 0.2911110772989571, 'hidden_size': 31, 'dropout': 0.21908878894856307, 'hidden_continuous_size': 19, 'attention_head_size': 1, 'learning_rate': 0.07856451593680926}. Best is trial 82 with value: 44.2860221862793.
LOCAL_RANK: 0 - CUDA_VISIBLE_DEVICES: [0]
[I 2023-11-30 06:36:32,246] Trial 103 finished with value: 53.04710006713867 and parameters: {'gradient_clip_val': 0.2927026172882985, 'hidden_size': 29, 'dropout': 0.22658878605388286, 'hidden_continuous_size': 16, 'attention_head_size': 1, 'learning_rate': 0.08897734315538487}. Best is trial 82 with value: 44.2860221862793.
LOCAL_RANK: 0 - CUDA_VISIBLE_DEVICES: [0]
[I 2023-11-30 06:36:44,744] Trial 104 finished with value: 60.09524154663086 and parameters: {'gradient_clip_val': 0.31651602705252496, 'hidden_size': 29, 'dropout': 0.22757723722609688, 'hidden_continuous_size': 15, 'attention_head_size': 1, 'learning_rate': 0.06773141254500668}. Best is trial 82 with value: 44.2860221862793.
LOCAL_RANK: 0 - CUDA_VISIBLE_DEVICES: [0]
[I 2023-11-30 06:36:57,560] Trial 105 finished with value: 75.2416000366211 and parameters: {'gradient_clip_val': 0.2620349448287864, 'hidden_size': 38, 'dropout': 0.24169029601962433, 'hidden_continuous_size': 21, 'attention_head_size': 1, 'learning_rate': 0.06031936510663752}. Best is trial 82 with value: 44.2860221862793.
LOCAL_RANK: 0 - CUDA_VISIBLE_DEVICES: [0]
[I 2023-11-30 06:37:10,619] Trial 106 finished with value: 75.24716186523438 and parameters: {'gradient_clip_val': 0.2382186147878392, 'hidden_size': 42, 'dropout': 0.20782960119194263, 'hidden_continuous_size': 24, 'attention_head_size': 1, 'learning_rate': 0.09966000455107484}. Best is trial 82 with value: 44.2860221862793.
LOCAL_RANK: 0 - CUDA_VISIBLE_DEVICES: [0]
[I 2023-11-30 06:37:23,148] Trial 107 finished with value: 69.41741943359375 and parameters: {'gradient_clip_val': 0.2491366502028816, 'hidden_size': 27, 'dropout': 0.22396057759041046, 'hidden_continuous_size': 15, 'attention_head_size': 1, 'learning_rate': 0.03450308553274143}. Best is trial 82 with value: 44.2860221862793.
LOCAL_RANK: 0 - CUDA_VISIBLE_DEVICES: [0]
[I 2023-11-30 06:37:36,247] Trial 108 finished with value: 52.44034194946289 and parameters: {'gradient_clip_val': 0.27905156528488156, 'hidden_size': 36, 'dropout': 0.23271485114898754, 'hidden_continuous_size': 18, 'attention_head_size': 3, 'learning_rate': 0.07494983631054433}. Best is trial 82 with value: 44.2860221862793.
LOCAL_RANK: 0 - CUDA_VISIBLE_DEVICES: [0]
[I 2023-11-30 06:37:49,455] Trial 109 finished with value: 61.8076057434082 and parameters: {'gradient_clip_val': 0.27319641988814675, 'hidden_size': 46, 'dropout': 0.23425623210910498, 'hidden_continuous_size': 22, 'attention_head_size': 3, 'learning_rate': 0.07604320506849126}. Best is trial 82 with value: 44.2860221862793.
LOCAL_RANK: 0 - CUDA_VISIBLE_DEVICES: [0]
[I 2023-11-30 06:38:02,495] Trial 110 finished with value: 56.81184005737305 and parameters: {'gradient_clip_val': 0.2958782517266918, 'hidden_size': 41, 'dropout': 0.2493729709622782, 'hidden_continuous_size': 17, 'attention_head_size': 3, 'learning_rate': 0.08573939751568846}. Best is trial 82 with value: 44.2860221862793.
LOCAL_RANK: 0 - CUDA_VISIBLE_DEVICES: [0]
[I 2023-11-30 06:38:15,275] Trial 111 finished with value: 70.22908020019531 and parameters: {'gradient_clip_val': 0.31798999719533644, 'hidden_size': 36, 'dropout': 0.22382739261580958, 'hidden_continuous_size': 16, 'attention_head_size': 3, 'learning_rate': 0.07100225475341036}. Best is trial 82 with value: 44.2860221862793.
LOCAL_RANK: 0 - CUDA_VISIBLE_DEVICES: [0]
[I 2023-11-30 06:38:28,285] Trial 112 finished with value: 56.05986404418945 and parameters: {'gradient_clip_val': 0.22679887936388554, 'hidden_size': 31, 'dropout': 0.23821770878706303, 'hidden_continuous_size': 18, 'attention_head_size': 4, 'learning_rate': 0.05285068598760328}. Best is trial 82 with value: 44.2860221862793.
LOCAL_RANK: 0 - CUDA_VISIBLE_DEVICES: [0]
[I 2023-11-30 06:38:41,364] Trial 113 finished with value: 59.0694580078125 and parameters: {'gradient_clip_val': 0.2831144059244555, 'hidden_size': 34, 'dropout': 0.19974101452212958, 'hidden_continuous_size': 19, 'attention_head_size': 3, 'learning_rate': 0.038730666863177415}. Best is trial 82 with value: 44.2860221862793.
LOCAL_RANK: 0 - CUDA_VISIBLE_DEVICES: [0]
[I 2023-11-30 06:38:54,269] Trial 114 finished with value: 64.26644134521484 and parameters: {'gradient_clip_val': 0.2603046639504729, 'hidden_size': 33, 'dropout': 0.21076356807041388, 'hidden_continuous_size': 11, 'attention_head_size': 4, 'learning_rate': 0.0799613775611314}. Best is trial 82 with value: 44.2860221862793.
LOCAL_RANK: 0 - CUDA_VISIBLE_DEVICES: [0]
[I 2023-11-30 06:39:06,734] Trial 115 finished with value: 64.80048370361328 and parameters: {'gradient_clip_val': 0.3412341672501712, 'hidden_size': 29, 'dropout': 0.23123985291589066, 'hidden_continuous_size': 10, 'attention_head_size': 1, 'learning_rate': 0.09027451674343624}. Best is trial 82 with value: 44.2860221862793.
LOCAL_RANK: 0 - CUDA_VISIBLE_DEVICES: [0]
[I 2023-11-30 06:39:19,552] Trial 116 finished with value: 70.19815826416016 and parameters: {'gradient_clip_val': 0.30438456429247895, 'hidden_size': 39, 'dropout': 0.22373277073426934, 'hidden_continuous_size': 12, 'attention_head_size': 1, 'learning_rate': 0.06431917205425655}. Best is trial 82 with value: 44.2860221862793.
LOCAL_RANK: 0 - CUDA_VISIBLE_DEVICES: [0]
[I 2023-11-30 06:39:32,819] Trial 117 finished with value: 80.09842681884766 and parameters: {'gradient_clip_val': 0.24545949066642084, 'hidden_size': 37, 'dropout': 0.2176196654531123, 'hidden_continuous_size': 20, 'attention_head_size': 3, 'learning_rate': 0.04695490697522064}. Best is trial 82 with value: 44.2860221862793.
LOCAL_RANK: 0 - CUDA_VISIBLE_DEVICES: [0]
[I 2023-11-30 06:39:46,001] Trial 118 finished with value: 59.32415771484375 and parameters: {'gradient_clip_val': 0.27792038519298445, 'hidden_size': 52, 'dropout': 0.10215360166122187, 'hidden_continuous_size': 25, 'attention_head_size': 2, 'learning_rate': 0.058306478528106435}. Best is trial 82 with value: 44.2860221862793.
LOCAL_RANK: 0 - CUDA_VISIBLE_DEVICES: [0]
[I 2023-11-30 06:39:58,867] Trial 119 finished with value: 56.92872619628906 and parameters: {'gradient_clip_val': 0.3665802988841082, 'hidden_size': 35, 'dropout': 0.2558812531888205, 'hidden_continuous_size': 18, 'attention_head_size': 1, 'learning_rate': 0.073391385948539}. Best is trial 82 with value: 44.2860221862793.
LOCAL_RANK: 0 - CUDA_VISIBLE_DEVICES: [0]
[I 2023-11-30 06:40:11,311] Trial 120 finished with value: 44.54513931274414 and parameters: {'gradient_clip_val': 0.21832548725732154, 'hidden_size': 32, 'dropout': 0.2406377816596759, 'hidden_continuous_size': 13, 'attention_head_size': 1, 'learning_rate': 0.050816101152481086}. Best is trial 82 with value: 44.2860221862793.
LOCAL_RANK: 0 - CUDA_VISIBLE_DEVICES: [0]
[I 2023-11-30 06:40:23,846] Trial 121 finished with value: 81.92913055419922 and parameters: {'gradient_clip_val': 0.20828836453097188, 'hidden_size': 31, 'dropout': 0.24667694457487885, 'hidden_continuous_size': 11, 'attention_head_size': 1, 'learning_rate': 0.05358820542494193}. Best is trial 82 with value: 44.2860221862793.
LOCAL_RANK: 0 - CUDA_VISIBLE_DEVICES: [0]
[I 2023-11-30 06:40:36,259] Trial 122 finished with value: 70.63689422607422 and parameters: {'gradient_clip_val': 0.22118751595292147, 'hidden_size': 29, 'dropout': 0.24085831212486766, 'hidden_continuous_size': 14, 'attention_head_size': 1, 'learning_rate': 0.043181229990779606}. Best is trial 82 with value: 44.2860221862793.
LOCAL_RANK: 0 - CUDA_VISIBLE_DEVICES: [0]
[I 2023-11-30 06:40:48,998] Trial 123 finished with value: 80.8600845336914 and parameters: {'gradient_clip_val': 0.2353259811141138, 'hidden_size': 27, 'dropout': 0.23258271829817415, 'hidden_continuous_size': 15, 'attention_head_size': 1, 'learning_rate': 0.08272508304501734}. Best is trial 82 with value: 44.2860221862793.
LOCAL_RANK: 0 - CUDA_VISIBLE_DEVICES: [0]
[I 2023-11-30 06:41:01,649] Trial 124 finished with value: 59.83705520629883 and parameters: {'gradient_clip_val': 0.2519932358370985, 'hidden_size': 33, 'dropout': 0.23636816766941143, 'hidden_continuous_size': 13, 'attention_head_size': 1, 'learning_rate': 0.04991777938180652}. Best is trial 82 with value: 44.2860221862793.
LOCAL_RANK: 0 - CUDA_VISIBLE_DEVICES: [0]
[I 2023-11-30 06:41:14,312] Trial 125 finished with value: 56.55366516113281 and parameters: {'gradient_clip_val': 0.29047026827607914, 'hidden_size': 37, 'dropout': 0.2583251259019063, 'hidden_continuous_size': 13, 'attention_head_size': 1, 'learning_rate': 0.0926804171313948}. Best is trial 82 with value: 44.2860221862793.
LOCAL_RANK: 0 - CUDA_VISIBLE_DEVICES: [0]
[I 2023-11-30 06:41:26,660] Trial 126 finished with value: 73.57347869873047 and parameters: {'gradient_clip_val': 0.30873823656673177, 'hidden_size': 25, 'dropout': 0.2105907772185914, 'hidden_continuous_size': 14, 'attention_head_size': 1, 'learning_rate': 0.06107739011029484}. Best is trial 82 with value: 44.2860221862793.
LOCAL_RANK: 0 - CUDA_VISIBLE_DEVICES: [0]
