[I 2023-11-30 05:26:26,248] Trial 79 finished with value: 0.16672588884830475 and parameters: {'gradient_clip_val': 0.35177002386540074, 'hidden_size': 109, 'dropout': 0.23168116565886743, 'hidden_continuous_size': 31, 'attention_head_size': 3, 'learning_rate': 0.08519928263127186}. Best is trial 62 with value: 0.06389709562063217.
LOCAL_RANK: 0 - CUDA_VISIBLE_DEVICES: [0]
[I 2023-11-30 05:26:40,367] Trial 80 finished with value: 0.18632368743419647 and parameters: {'gradient_clip_val': 0.31594328316228465, 'hidden_size': 98, 'dropout': 0.17514130537129396, 'hidden_continuous_size': 50, 'attention_head_size': 1, 'learning_rate': 0.06319300016291683}. Best is trial 62 with value: 0.06389709562063217.
LOCAL_RANK: 0 - CUDA_VISIBLE_DEVICES: [0]
[I 2023-11-30 05:26:54,441] Trial 81 finished with value: 0.19237922132015228 and parameters: {'gradient_clip_val': 0.4335848536114686, 'hidden_size': 84, 'dropout': 0.22145371544104536, 'hidden_continuous_size': 52, 'attention_head_size': 3, 'learning_rate': 0.03954539171494074}. Best is trial 62 with value: 0.06389709562063217.
LOCAL_RANK: 0 - CUDA_VISIBLE_DEVICES: [0]
[I 2023-11-30 05:27:08,708] Trial 82 finished with value: 0.14080046117305756 and parameters: {'gradient_clip_val': 0.27586783137268567, 'hidden_size': 75, 'dropout': 0.24127220347744638, 'hidden_continuous_size': 48, 'attention_head_size': 3, 'learning_rate': 0.044673205230735584}. Best is trial 62 with value: 0.06389709562063217.
LOCAL_RANK: 0 - CUDA_VISIBLE_DEVICES: [0]
[I 2023-11-30 05:27:22,920] Trial 83 finished with value: 0.18123877048492432 and parameters: {'gradient_clip_val': 0.5879446070899975, 'hidden_size': 92, 'dropout': 0.20222614142024148, 'hidden_continuous_size': 63, 'attention_head_size': 3, 'learning_rate': 0.05315940507501471}. Best is trial 62 with value: 0.06389709562063217.
LOCAL_RANK: 0 - CUDA_VISIBLE_DEVICES: [0]
[I 2023-11-30 05:27:37,029] Trial 84 finished with value: 0.13192011415958405 and parameters: {'gradient_clip_val': 0.3871618320210764, 'hidden_size': 84, 'dropout': 0.21111386009319785, 'hidden_continuous_size': 58, 'attention_head_size': 3, 'learning_rate': 0.03370729404891332}. Best is trial 62 with value: 0.06389709562063217.
LOCAL_RANK: 0 - CUDA_VISIBLE_DEVICES: [0]
[I 2023-11-30 05:27:51,139] Trial 85 finished with value: 0.1369953751564026 and parameters: {'gradient_clip_val': 0.48550948088981083, 'hidden_size': 92, 'dropout': 0.22100358176307838, 'hidden_continuous_size': 45, 'attention_head_size': 3, 'learning_rate': 0.047398052212907826}. Best is trial 62 with value: 0.06389709562063217.
LOCAL_RANK: 0 - CUDA_VISIBLE_DEVICES: [0]
[I 2023-11-30 05:28:05,599] Trial 86 finished with value: 0.07742639631032944 and parameters: {'gradient_clip_val': 0.3592757256332472, 'hidden_size': 111, 'dropout': 0.18531926298056775, 'hidden_continuous_size': 71, 'attention_head_size': 2, 'learning_rate': 0.03912843207034363}. Best is trial 62 with value: 0.06389709562063217.
LOCAL_RANK: 0 - CUDA_VISIBLE_DEVICES: [0]
[I 2023-11-30 05:28:20,023] Trial 87 finished with value: 0.11524670571088791 and parameters: {'gradient_clip_val': 0.3365497959695219, 'hidden_size': 123, 'dropout': 0.16412898828707786, 'hidden_continuous_size': 39, 'attention_head_size': 2, 'learning_rate': 0.027343406494065595}. Best is trial 62 with value: 0.06389709562063217.
LOCAL_RANK: 0 - CUDA_VISIBLE_DEVICES: [0]
[I 2023-11-30 05:28:34,486] Trial 88 finished with value: 0.2071617841720581 and parameters: {'gradient_clip_val': 0.29153268641884916, 'hidden_size': 101, 'dropout': 0.18284535713770428, 'hidden_continuous_size': 72, 'attention_head_size': 2, 'learning_rate': 0.07208373252946561}. Best is trial 62 with value: 0.06389709562063217.
LOCAL_RANK: 0 - CUDA_VISIBLE_DEVICES: [0]
[I 2023-11-30 05:28:48,661] Trial 89 finished with value: 0.12029784917831421 and parameters: {'gradient_clip_val': 0.3585197795020604, 'hidden_size': 112, 'dropout': 0.1889337275315202, 'hidden_continuous_size': 35, 'attention_head_size': 2, 'learning_rate': 0.04038020220071946}. Best is trial 62 with value: 0.06389709562063217.
LOCAL_RANK: 0 - CUDA_VISIBLE_DEVICES: [0]
[I 2023-11-30 05:29:02,913] Trial 90 finished with value: 0.1452380269765854 and parameters: {'gradient_clip_val': 0.3041793487388802, 'hidden_size': 130, 'dropout': 0.1932095381437975, 'hidden_continuous_size': 32, 'attention_head_size': 2, 'learning_rate': 0.05879590025726515}. Best is trial 62 with value: 0.06389709562063217.
LOCAL_RANK: 0 - CUDA_VISIBLE_DEVICES: [0]
[I 2023-11-30 05:29:17,156] Trial 91 finished with value: 0.10105591267347336 and parameters: {'gradient_clip_val': 0.44324035902184056, 'hidden_size': 77, 'dropout': 0.2084011143596717, 'hidden_continuous_size': 65, 'attention_head_size': 2, 'learning_rate': 0.033094105542105554}. Best is trial 62 with value: 0.06389709562063217.
LOCAL_RANK: 0 - CUDA_VISIBLE_DEVICES: [0]
[I 2023-11-30 05:29:31,437] Trial 92 finished with value: 0.10859213024377823 and parameters: {'gradient_clip_val': 0.37950958968249743, 'hidden_size': 77, 'dropout': 0.20207839245093395, 'hidden_continuous_size': 66, 'attention_head_size': 2, 'learning_rate': 0.03366906671744653}. Best is trial 62 with value: 0.06389709562063217.
LOCAL_RANK: 0 - CUDA_VISIBLE_DEVICES: [0]
[I 2023-11-30 05:29:45,507] Trial 93 finished with value: 0.17511069774627686 and parameters: {'gradient_clip_val': 0.3588846328608319, 'hidden_size': 67, 'dropout': 0.1744807902266818, 'hidden_continuous_size': 60, 'attention_head_size': 2, 'learning_rate': 0.027613736066438375}. Best is trial 62 with value: 0.06389709562063217.
LOCAL_RANK: 0 - CUDA_VISIBLE_DEVICES: [0]
[I 2023-11-30 05:29:59,853] Trial 94 finished with value: 0.12923450767993927 and parameters: {'gradient_clip_val': 0.4227610596389787, 'hidden_size': 101, 'dropout': 0.2144761502350359, 'hidden_continuous_size': 79, 'attention_head_size': 2, 'learning_rate': 0.023524279807649137}. Best is trial 62 with value: 0.06389709562063217.
LOCAL_RANK: 0 - CUDA_VISIBLE_DEVICES: [0]
[I 2023-11-30 05:30:13,583] Trial 95 finished with value: 0.2527768313884735 and parameters: {'gradient_clip_val': 0.46071964488391903, 'hidden_size': 62, 'dropout': 0.2069174427338682, 'hidden_continuous_size': 53, 'attention_head_size': 2, 'learning_rate': 0.04708392957536962}. Best is trial 62 with value: 0.06389709562063217.
LOCAL_RANK: 0 - CUDA_VISIBLE_DEVICES: [0]
[I 2023-11-30 05:30:27,627] Trial 96 finished with value: 0.15866707265377045 and parameters: {'gradient_clip_val': 0.396063661154538, 'hidden_size': 84, 'dropout': 0.22639694528534296, 'hidden_continuous_size': 62, 'attention_head_size': 2, 'learning_rate': 0.05354263186267775}. Best is trial 62 with value: 0.06389709562063217.
LOCAL_RANK: 0 - CUDA_VISIBLE_DEVICES: [0]
[I 2023-11-30 05:30:41,664] Trial 97 finished with value: 0.0771261528134346 and parameters: {'gradient_clip_val': 0.32923953027616054, 'hidden_size': 72, 'dropout': 0.1801135989470539, 'hidden_continuous_size': 64, 'attention_head_size': 2, 'learning_rate': 0.03850577969299934}. Best is trial 62 with value: 0.06389709562063217.
LOCAL_RANK: 0 - CUDA_VISIBLE_DEVICES: [0]
[I 2023-11-30 05:30:55,376] Trial 98 finished with value: 0.09613213688135147 and parameters: {'gradient_clip_val': 0.3251106356978709, 'hidden_size': 50, 'dropout': 0.16040042337627544, 'hidden_continuous_size': 47, 'attention_head_size': 2, 'learning_rate': 0.03872517266699141}. Best is trial 62 with value: 0.06389709562063217.
LOCAL_RANK: 0 - CUDA_VISIBLE_DEVICES: [0]
[I 2023-11-30 05:31:09,264] Trial 99 finished with value: 0.11674747616052628 and parameters: {'gradient_clip_val': 0.32322424093715085, 'hidden_size': 55, 'dropout': 0.14527433005129775, 'hidden_continuous_size': 51, 'attention_head_size': 4, 'learning_rate': 0.03913923995778684}. Best is trial 62 with value: 0.06389709562063217.
LOCAL_RANK: 0 - CUDA_VISIBLE_DEVICES: [0]
[I 2023-11-30 05:31:22,889] Trial 100 finished with value: 0.09272643178701401 and parameters: {'gradient_clip_val': 0.2710325055088779, 'hidden_size': 51, 'dropout': 0.16217096602466388, 'hidden_continuous_size': 47, 'attention_head_size': 2, 'learning_rate': 0.043939372992921874}. Best is trial 62 with value: 0.06389709562063217.
LOCAL_RANK: 0 - CUDA_VISIBLE_DEVICES: [0]
[I 2023-11-30 05:31:36,576] Trial 101 finished with value: 0.11479916423559189 and parameters: {'gradient_clip_val': 0.260586899718584, 'hidden_size': 53, 'dropout': 0.15991525724474145, 'hidden_continuous_size': 48, 'attention_head_size': 2, 'learning_rate': 0.04251494356625909}. Best is trial 62 with value: 0.06389709562063217.
LOCAL_RANK: 0 - CUDA_VISIBLE_DEVICES: [0]
[I 2023-11-30 05:31:50,208] Trial 102 finished with value: 0.1311160773038864 and parameters: {'gradient_clip_val': 0.33336128997041115, 'hidden_size': 51, 'dropout': 0.17195428332272186, 'hidden_continuous_size': 47, 'attention_head_size': 2, 'learning_rate': 0.03886426354294066}. Best is trial 62 with value: 0.06389709562063217.
LOCAL_RANK: 0 - CUDA_VISIBLE_DEVICES: [0]
[I 2023-11-30 05:32:03,816] Trial 103 finished with value: 0.06514322757720947 and parameters: {'gradient_clip_val': 0.2875209284351311, 'hidden_size': 47, 'dropout': 0.16874202031444357, 'hidden_continuous_size': 43, 'attention_head_size': 2, 'learning_rate': 0.045551723262103334}. Best is trial 62 with value: 0.06389709562063217.
LOCAL_RANK: 0 - CUDA_VISIBLE_DEVICES: [0]
[I 2023-11-30 05:32:17,285] Trial 104 finished with value: 0.12080772966146469 and parameters: {'gradient_clip_val': 0.30290544019010185, 'hidden_size': 48, 'dropout': 0.16033653910171006, 'hidden_continuous_size': 45, 'attention_head_size': 2, 'learning_rate': 0.045218535273484066}. Best is trial 62 with value: 0.06389709562063217.
LOCAL_RANK: 0 - CUDA_VISIBLE_DEVICES: [0]
[I 2023-11-30 05:32:30,787] Trial 105 finished with value: 0.15760231018066406 and parameters: {'gradient_clip_val': 0.2796934989617182, 'hidden_size': 47, 'dropout': 0.16902725865545712, 'hidden_continuous_size': 44, 'attention_head_size': 2, 'learning_rate': 0.030845270007729932}. Best is trial 62 with value: 0.06389709562063217.
LOCAL_RANK: 0 - CUDA_VISIBLE_DEVICES: [0]
[I 2023-11-30 05:32:44,739] Trial 106 finished with value: 0.10405945777893066 and parameters: {'gradient_clip_val': 0.3138664652977128, 'hidden_size': 59, 'dropout': 0.1804778372647046, 'hidden_continuous_size': 54, 'attention_head_size': 2, 'learning_rate': 0.03649097394982183}. Best is trial 62 with value: 0.06389709562063217.
LOCAL_RANK: 0 - CUDA_VISIBLE_DEVICES: [0]
[I 2023-11-30 05:32:58,313] Trial 107 finished with value: 0.11229429394006729 and parameters: {'gradient_clip_val': 0.3422012599496904, 'hidden_size': 43, 'dropout': 0.1523926245769995, 'hidden_continuous_size': 41, 'attention_head_size': 2, 'learning_rate': 0.051923675548807176}. Best is trial 62 with value: 0.06389709562063217.
LOCAL_RANK: 0 - CUDA_VISIBLE_DEVICES: [0]
[I 2023-11-30 05:33:11,457] Trial 108 finished with value: 0.14510251581668854 and parameters: {'gradient_clip_val': 0.2996910495992573, 'hidden_size': 40, 'dropout': 0.14324929204722076, 'hidden_continuous_size': 38, 'attention_head_size': 2, 'learning_rate': 0.06117293781835056}. Best is trial 62 with value: 0.06389709562063217.
LOCAL_RANK: 0 - CUDA_VISIBLE_DEVICES: [0]
[I 2023-11-30 05:33:25,122] Trial 109 finished with value: 0.1328650265932083 and parameters: {'gradient_clip_val': 0.28739293429254686, 'hidden_size': 56, 'dropout': 0.16222187374220626, 'hidden_continuous_size': 51, 'attention_head_size': 1, 'learning_rate': 0.04335701308949437}. Best is trial 62 with value: 0.06389709562063217.
LOCAL_RANK: 0 - CUDA_VISIBLE_DEVICES: [0]
[I 2023-11-30 05:33:38,629] Trial 110 finished with value: 0.17935775220394135 and parameters: {'gradient_clip_val': 0.2734561877350141, 'hidden_size': 51, 'dropout': 0.17896343770281423, 'hidden_continuous_size': 48, 'attention_head_size': 2, 'learning_rate': 0.04866309458220062}. Best is trial 62 with value: 0.06389709562063217.
LOCAL_RANK: 0 - CUDA_VISIBLE_DEVICES: [0]
[I 2023-11-30 05:33:51,722] Trial 111 finished with value: 0.11328592151403427 and parameters: {'gradient_clip_val': 0.2512003090791907, 'hidden_size': 36, 'dropout': 0.15659622204806242, 'hidden_continuous_size': 35, 'attention_head_size': 2, 'learning_rate': 0.08003471052328151}. Best is trial 62 with value: 0.06389709562063217.
LOCAL_RANK: 0 - CUDA_VISIBLE_DEVICES: [0]
[I 2023-11-30 05:34:05,526] Trial 112 finished with value: 0.11551722139120102 and parameters: {'gradient_clip_val': 0.24892907141887574, 'hidden_size': 63, 'dropout': 0.16873848525843546, 'hidden_continuous_size': 56, 'attention_head_size': 2, 'learning_rate': 0.06520262536400195}. Best is trial 62 with value: 0.06389709562063217.
LOCAL_RANK: 0 - CUDA_VISIBLE_DEVICES: [0]
[I 2023-11-30 05:34:19,091] Trial 113 finished with value: 0.1554711014032364 and parameters: {'gradient_clip_val': 0.26681255006849564, 'hidden_size': 45, 'dropout': 0.18804373695778978, 'hidden_continuous_size': 42, 'attention_head_size': 2, 'learning_rate': 0.09293869775025336}. Best is trial 62 with value: 0.06389709562063217.
LOCAL_RANK: 0 - CUDA_VISIBLE_DEVICES: [0]
[I 2023-11-30 05:34:32,898] Trial 114 finished with value: 0.16217558085918427 and parameters: {'gradient_clip_val': 0.2405120447513827, 'hidden_size': 59, 'dropout': 0.17102372013866377, 'hidden_continuous_size': 53, 'attention_head_size': 4, 'learning_rate': 0.05679292328255562}. Best is trial 62 with value: 0.06389709562063217.
LOCAL_RANK: 0 - CUDA_VISIBLE_DEVICES: [0]
[I 2023-11-30 05:34:47,126] Trial 115 finished with value: 0.16392678022384644 and parameters: {'gradient_clip_val': 0.32888386845988254, 'hidden_size': 107, 'dropout': 0.15265142452651248, 'hidden_continuous_size': 39, 'attention_head_size': 2, 'learning_rate': 0.032998421660030426}. Best is trial 62 with value: 0.06389709562063217.
LOCAL_RANK: 0 - CUDA_VISIBLE_DEVICES: [0]
[I 2023-11-30 05:35:00,854] Trial 116 finished with value: 0.10849559307098389 and parameters: {'gradient_clip_val': 0.36686822652111983, 'hidden_size': 51, 'dropout': 0.18241971439661672, 'hidden_continuous_size': 46, 'attention_head_size': 2, 'learning_rate': 0.028507600157678857}. Best is trial 62 with value: 0.06389709562063217.
LOCAL_RANK: 0 - CUDA_VISIBLE_DEVICES: [0]
[I 2023-11-30 05:35:14,822] Trial 117 finished with value: 0.10947233438491821 and parameters: {'gradient_clip_val': 0.29196401117865095, 'hidden_size': 71, 'dropout': 0.1963036213808788, 'hidden_continuous_size': 43, 'attention_head_size': 4, 'learning_rate': 0.07276179493247033}. Best is trial 62 with value: 0.06389709562063217.
LOCAL_RANK: 0 - CUDA_VISIBLE_DEVICES: [0]
[I 2023-11-30 05:35:28,992] Trial 118 finished with value: 0.09145791083574295 and parameters: {'gradient_clip_val': 0.31014118092027415, 'hidden_size': 95, 'dropout': 0.16508264359867722, 'hidden_continuous_size': 42, 'attention_head_size': 2, 'learning_rate': 0.03812283360523882}. Best is trial 62 with value: 0.06389709562063217.
LOCAL_RANK: 0 - CUDA_VISIBLE_DEVICES: [0]
[I 2023-11-30 05:35:43,276] Trial 119 finished with value: 0.11379560083150864 and parameters: {'gradient_clip_val': 0.34882721305433934, 'hidden_size': 96, 'dropout': 0.14246218857164386, 'hidden_continuous_size': 70, 'attention_head_size': 2, 'learning_rate': 0.037866750540968}. Best is trial 62 with value: 0.06389709562063217.
LOCAL_RANK: 0 - CUDA_VISIBLE_DEVICES: [0]
[I 2023-11-30 05:35:57,282] Trial 120 finished with value: 0.11445055156946182 and parameters: {'gradient_clip_val': 0.3179302540459741, 'hidden_size': 67, 'dropout': 0.16429800524157695, 'hidden_continuous_size': 59, 'attention_head_size': 2, 'learning_rate': 0.025729833934489056}. Best is trial 62 with value: 0.06389709562063217.
LOCAL_RANK: 0 - CUDA_VISIBLE_DEVICES: [0]
[I 2023-11-30 05:36:11,675] Trial 121 finished with value: 0.2727299928665161 and parameters: {'gradient_clip_val': 0.2725873247162734, 'hidden_size': 117, 'dropout': 0.17446129456010623, 'hidden_continuous_size': 39, 'attention_head_size': 2, 'learning_rate': 0.04055358269804799}. Best is trial 62 with value: 0.06389709562063217.
LOCAL_RANK: 0 - CUDA_VISIBLE_DEVICES: [0]
[I 2023-11-30 05:36:25,836] Trial 122 finished with value: 0.18006932735443115 and parameters: {'gradient_clip_val': 0.3096381130178315, 'hidden_size': 90, 'dropout': 0.15294065118735928, 'hidden_continuous_size': 42, 'attention_head_size': 2, 'learning_rate': 0.046150468392030096}. Best is trial 62 with value: 0.06389709562063217.
LOCAL_RANK: 0 - CUDA_VISIBLE_DEVICES: [0]
[I 2023-11-30 05:36:40,046] Trial 123 finished with value: 0.10011348873376846 and parameters: {'gradient_clip_val': 0.29513043804391315, 'hidden_size': 105, 'dropout': 0.13874299671283322, 'hidden_continuous_size': 36, 'attention_head_size': 2, 'learning_rate': 0.036198503133029865}. Best is trial 62 with value: 0.06389709562063217.
LOCAL_RANK: 0 - CUDA_VISIBLE_DEVICES: [0]
[I 2023-11-30 05:36:54,163] Trial 124 finished with value: 0.17439059913158417 and parameters: {'gradient_clip_val': 0.25559888262320435, 'hidden_size': 112, 'dropout': 0.16002693626112313, 'hidden_continuous_size': 41, 'attention_head_size': 2, 'learning_rate': 0.05288168831069052}. Best is trial 62 with value: 0.06389709562063217.
LOCAL_RANK: 0 - CUDA_VISIBLE_DEVICES: [0]
[I 2023-11-30 05:37:08,239] Trial 125 finished with value: 0.12911753356456757 and parameters: {'gradient_clip_val': 0.22779663394656552, 'hidden_size': 74, 'dropout': 0.17753212423516357, 'hidden_continuous_size': 50, 'attention_head_size': 3, 'learning_rate': 0.06868980832359982}. Best is trial 62 with value: 0.06389709562063217.
LOCAL_RANK: 0 - CUDA_VISIBLE_DEVICES: [0]
[I 2023-11-30 05:37:22,039] Trial 126 finished with value: 0.1409093737602234 and parameters: {'gradient_clip_val': 0.3817617410326201, 'hidden_size': 96, 'dropout': 0.18469249794239267, 'hidden_continuous_size': 44, 'attention_head_size': 2, 'learning_rate': 0.031661132016651994}. Best is trial 62 with value: 0.06389709562063217.
LOCAL_RANK: 0 - CUDA_VISIBLE_DEVICES: [0]
[I 2023-11-30 05:37:36,335] Trial 127 finished with value: 0.10675521939992905 and parameters: {'gradient_clip_val': 0.32813135898276713, 'hidden_size': 80, 'dropout': 0.13441236122085354, 'hidden_continuous_size': 47, 'attention_head_size': 4, 'learning_rate': 0.059518804011068974}. Best is trial 62 with value: 0.06389709562063217.
LOCAL_RANK: 0 - CUDA_VISIBLE_DEVICES: [0]
[I 2023-11-30 05:37:49,915] Trial 128 finished with value: 0.18127518892288208 and parameters: {'gradient_clip_val': 0.6885474476887274, 'hidden_size': 46, 'dropout': 0.16680774958197953, 'hidden_continuous_size': 43, 'attention_head_size': 2, 'learning_rate': 0.021115677850627693}. Best is trial 62 with value: 0.06389709562063217.
LOCAL_RANK: 0 - CUDA_VISIBLE_DEVICES: [0]
[I 2023-11-30 05:38:04,071] Trial 129 finished with value: 0.22916336357593536 and parameters: {'gradient_clip_val': 0.28100338793521934, 'hidden_size': 85, 'dropout': 0.1915323027246228, 'hidden_continuous_size': 49, 'attention_head_size': 3, 'learning_rate': 0.048998825984124056}. Best is trial 62 with value: 0.06389709562063217.
LOCAL_RANK: 0 - CUDA_VISIBLE_DEVICES: [0]
[I 2023-11-30 05:38:18,319] Trial 130 finished with value: 0.09050417691469193 and parameters: {'gradient_clip_val': 0.2636230961956645, 'hidden_size': 91, 'dropout': 0.23268394752834082, 'hidden_continuous_size': 63, 'attention_head_size': 2, 'learning_rate': 0.04266346237641486}. Best is trial 62 with value: 0.06389709562063217.
LOCAL_RANK: 0 - CUDA_VISIBLE_DEVICES: [0]
[I 2023-11-30 05:38:32,493] Trial 131 finished with value: 0.1855900138616562 and parameters: {'gradient_clip_val': 0.23634784503562944, 'hidden_size': 100, 'dropout': 0.23240755043759584, 'hidden_continuous_size': 63, 'attention_head_size': 2, 'learning_rate': 0.03491446965891025}. Best is trial 62 with value: 0.06389709562063217.
LOCAL_RANK: 0 - CUDA_VISIBLE_DEVICES: [0]
[I 2023-11-30 05:38:46,975] Trial 132 finished with value: 0.1760462522506714 and parameters: {'gradient_clip_val': 0.30614340168003573, 'hidden_size': 94, 'dropout': 0.23603069314259317, 'hidden_continuous_size': 67, 'attention_head_size': 2, 'learning_rate': 0.04264746970383947}. Best is trial 62 with value: 0.06389709562063217.
LOCAL_RANK: 0 - CUDA_VISIBLE_DEVICES: [0]
[I 2023-11-30 05:39:01,397] Trial 133 finished with value: 0.18216021358966827 and parameters: {'gradient_clip_val': 0.260911842752978, 'hidden_size': 90, 'dropout': 0.24601241635654766, 'hidden_continuous_size': 75, 'attention_head_size': 2, 'learning_rate': 0.029290059343452506}. Best is trial 62 with value: 0.06389709562063217.
LOCAL_RANK: 0 - CUDA_VISIBLE_DEVICES: [0]
[I 2023-11-30 05:39:15,451] Trial 134 finished with value: 0.12137531489133835 and parameters: {'gradient_clip_val': 0.2872343708209913, 'hidden_size': 104, 'dropout': 0.2420285186513264, 'hidden_continuous_size': 57, 'attention_head_size': 2, 'learning_rate': 0.03787433053497427}. Best is trial 62 with value: 0.06389709562063217.
LOCAL_RANK: 0 - CUDA_VISIBLE_DEVICES: [0]
[I 2023-11-30 05:39:29,524] Trial 135 finished with value: 0.15572671592235565 and parameters: {'gradient_clip_val': 0.2717269727868748, 'hidden_size': 70, 'dropout': 0.2276031602609434, 'hidden_continuous_size': 64, 'attention_head_size': 2, 'learning_rate': 0.04483776587935087}. Best is trial 62 with value: 0.06389709562063217.
LOCAL_RANK: 0 - CUDA_VISIBLE_DEVICES: [0]
[I 2023-11-30 05:39:43,842] Trial 136 finished with value: 0.2079358547925949 and parameters: {'gradient_clip_val': 0.34796986195673685, 'hidden_size': 121, 'dropout': 0.21570031268944254, 'hidden_continuous_size': 40, 'attention_head_size': 2, 'learning_rate': 0.0556726851318452}. Best is trial 62 with value: 0.06389709562063217.
LOCAL_RANK: 0 - CUDA_VISIBLE_DEVICES: [0]
