[I 2023-11-30 03:03:23,369] Trial 44 finished with value: 0.2032739669084549 and parameters: {'gradient_clip_val': 0.7806345285849275, 'hidden_size': 98, 'dropout': 0.30193042377810275, 'hidden_continuous_size': 77, 'attention_head_size': 3, 'learning_rate': 0.021248654856642072}. Best is trial 43 with value: 0.08582047373056412.
LOCAL_RANK: 0 - CUDA_VISIBLE_DEVICES: [0]
[I 2023-11-30 03:03:37,111] Trial 45 finished with value: 0.34350666403770447 and parameters: {'gradient_clip_val': 0.9554868534853327, 'hidden_size': 54, 'dropout': 0.3153344826778278, 'hidden_continuous_size': 48, 'attention_head_size': 4, 'learning_rate': 0.00714931788276236}. Best is trial 43 with value: 0.08582047373056412.
LOCAL_RANK: 0 - CUDA_VISIBLE_DEVICES: [0]
[I 2023-11-30 03:03:51,203] Trial 46 finished with value: 0.18091760575771332 and parameters: {'gradient_clip_val': 0.708784122907693, 'hidden_size': 67, 'dropout': 0.250127705738187, 'hidden_continuous_size': 58, 'attention_head_size': 3, 'learning_rate': 0.012401192421883709}. Best is trial 43 with value: 0.08582047373056412.
LOCAL_RANK: 0 - CUDA_VISIBLE_DEVICES: [0]
[I 2023-11-30 03:04:05,249] Trial 47 finished with value: 0.13426215946674347 and parameters: {'gradient_clip_val': 0.9918424731506529, 'hidden_size': 80, 'dropout': 0.29876149475765157, 'hidden_continuous_size': 61, 'attention_head_size': 3, 'learning_rate': 0.04033726889984347}. Best is trial 43 with value: 0.08582047373056412.
LOCAL_RANK: 0 - CUDA_VISIBLE_DEVICES: [0]
[I 2023-11-30 03:04:19,229] Trial 48 finished with value: 0.10974103212356567 and parameters: {'gradient_clip_val': 0.8334105730411685, 'hidden_size': 62, 'dropout': 0.2702158594470368, 'hidden_continuous_size': 53, 'attention_head_size': 4, 'learning_rate': 0.023896199002148504}. Best is trial 43 with value: 0.08582047373056412.
LOCAL_RANK: 0 - CUDA_VISIBLE_DEVICES: [0]
[I 2023-11-30 03:04:33,242] Trial 49 finished with value: 0.2610614001750946 and parameters: {'gradient_clip_val': 0.8451956916240975, 'hidden_size': 62, 'dropout': 0.22432332171082725, 'hidden_continuous_size': 53, 'attention_head_size': 4, 'learning_rate': 0.02352708723486501}. Best is trial 43 with value: 0.08582047373056412.
LOCAL_RANK: 0 - CUDA_VISIBLE_DEVICES: [0]
[I 2023-11-30 03:04:46,950] Trial 50 finished with value: 0.1696212887763977 and parameters: {'gradient_clip_val': 0.7861499827475869, 'hidden_size': 47, 'dropout': 0.2835632550504864, 'hidden_continuous_size': 42, 'attention_head_size': 4, 'learning_rate': 0.017570577497176623}. Best is trial 43 with value: 0.08582047373056412.
LOCAL_RANK: 0 - CUDA_VISIBLE_DEVICES: [0]
[I 2023-11-30 03:05:01,660] Trial 51 finished with value: 0.14143702387809753 and parameters: {'gradient_clip_val': 0.9069596045326536, 'hidden_size': 109, 'dropout': 0.27165288476492117, 'hidden_continuous_size': 89, 'attention_head_size': 4, 'learning_rate': 0.02518193906493297}. Best is trial 43 with value: 0.08582047373056412.
LOCAL_RANK: 0 - CUDA_VISIBLE_DEVICES: [0]
[I 2023-11-30 03:05:15,959] Trial 52 finished with value: 0.20499803125858307 and parameters: {'gradient_clip_val': 0.7216504091769101, 'hidden_size': 76, 'dropout': 0.3069899563094379, 'hidden_continuous_size': 66, 'attention_head_size': 3, 'learning_rate': 0.03125428204705168}. Best is trial 43 with value: 0.08582047373056412.
LOCAL_RANK: 0 - CUDA_VISIBLE_DEVICES: [0]
[I 2023-11-30 03:05:30,563] Trial 53 finished with value: 0.17773163318634033 and parameters: {'gradient_clip_val': 0.8137500528569881, 'hidden_size': 99, 'dropout': 0.2665831308846047, 'hidden_continuous_size': 78, 'attention_head_size': 4, 'learning_rate': 0.032696275226136454}. Best is trial 43 with value: 0.08582047373056412.
LOCAL_RANK: 0 - CUDA_VISIBLE_DEVICES: [0]
[I 2023-11-30 03:05:45,032] Trial 54 finished with value: 0.1223316565155983 and parameters: {'gradient_clip_val': 0.6355093638492081, 'hidden_size': 84, 'dropout': 0.2934024192567641, 'hidden_continuous_size': 68, 'attention_head_size': 3, 'learning_rate': 0.039872775158210944}. Best is trial 43 with value: 0.08582047373056412.
LOCAL_RANK: 0 - CUDA_VISIBLE_DEVICES: [0]
[I 2023-11-30 03:05:59,394] Trial 55 finished with value: 0.10368718951940536 and parameters: {'gradient_clip_val': 0.609176400874482, 'hidden_size': 81, 'dropout': 0.2768238565368905, 'hidden_continuous_size': 67, 'attention_head_size': 3, 'learning_rate': 0.014122753666103506}. Best is trial 43 with value: 0.08582047373056412.
LOCAL_RANK: 0 - CUDA_VISIBLE_DEVICES: [0]
[I 2023-11-30 03:06:13,783] Trial 56 finished with value: 0.15760457515716553 and parameters: {'gradient_clip_val': 0.6341284761439997, 'hidden_size': 86, 'dropout': 0.25621727189470017, 'hidden_continuous_size': 68, 'attention_head_size': 3, 'learning_rate': 0.01437599987119578}. Best is trial 43 with value: 0.08582047373056412.
LOCAL_RANK: 0 - CUDA_VISIBLE_DEVICES: [0]
[I 2023-11-30 03:06:27,967] Trial 57 finished with value: 0.1460380107164383 and parameters: {'gradient_clip_val': 0.9018432545945727, 'hidden_size': 70, 'dropout': 0.2773427172268768, 'hidden_continuous_size': 59, 'attention_head_size': 3, 'learning_rate': 0.01801455150433954}. Best is trial 43 with value: 0.08582047373056412.
LOCAL_RANK: 0 - CUDA_VISIBLE_DEVICES: [0]
[I 2023-11-30 03:06:41,701] Trial 58 finished with value: 0.21630185842514038 and parameters: {'gradient_clip_val': 0.6030847253634003, 'hidden_size': 51, 'dropout': 0.29433160676676284, 'hidden_continuous_size': 46, 'attention_head_size': 3, 'learning_rate': 0.01158272759374085}. Best is trial 43 with value: 0.08582047373056412.
LOCAL_RANK: 0 - CUDA_VISIBLE_DEVICES: [0]
[I 2023-11-30 03:06:55,415] Trial 59 finished with value: 0.17771022021770477 and parameters: {'gradient_clip_val': 0.6775807731837218, 'hidden_size': 43, 'dropout': 0.25956769370913535, 'hidden_continuous_size': 40, 'attention_head_size': 3, 'learning_rate': 0.01576783083956725}. Best is trial 43 with value: 0.08582047373056412.
LOCAL_RANK: 0 - CUDA_VISIBLE_DEVICES: [0]
[I 2023-11-30 03:07:09,308] Trial 60 finished with value: 0.1717568188905716 and parameters: {'gradient_clip_val': 0.7559469448393438, 'hidden_size': 62, 'dropout': 0.24016024079903694, 'hidden_continuous_size': 55, 'attention_head_size': 3, 'learning_rate': 0.022453496012710863}. Best is trial 43 with value: 0.08582047373056412.
LOCAL_RANK: 0 - CUDA_VISIBLE_DEVICES: [0]
[I 2023-11-30 03:07:23,781] Trial 61 finished with value: 0.1470983475446701 and parameters: {'gradient_clip_val': 0.5935734564355095, 'hidden_size': 83, 'dropout': 0.2928270413820838, 'hidden_continuous_size': 65, 'attention_head_size': 4, 'learning_rate': 0.02376967974615098}. Best is trial 43 with value: 0.08582047373056412.
LOCAL_RANK: 0 - CUDA_VISIBLE_DEVICES: [0]
[I 2023-11-30 03:07:38,293] Trial 62 finished with value: 0.1613795906305313 and parameters: {'gradient_clip_val': 0.6861572298579592, 'hidden_size': 94, 'dropout': 0.27758362512937196, 'hidden_continuous_size': 77, 'attention_head_size': 3, 'learning_rate': 0.014257344691619996}. Best is trial 43 with value: 0.08582047373056412.
LOCAL_RANK: 0 - CUDA_VISIBLE_DEVICES: [0]
[I 2023-11-30 03:07:52,606] Trial 63 finished with value: 0.12203872948884964 and parameters: {'gradient_clip_val': 0.7871433775976923, 'hidden_size': 75, 'dropout': 0.3049349181203425, 'hidden_continuous_size': 66, 'attention_head_size': 3, 'learning_rate': 0.018950889188326395}. Best is trial 43 with value: 0.08582047373056412.
LOCAL_RANK: 0 - CUDA_VISIBLE_DEVICES: [0]
[I 2023-11-30 03:08:06,938] Trial 64 finished with value: 0.23479045927524567 and parameters: {'gradient_clip_val': 0.8115583579824314, 'hidden_size': 76, 'dropout': 0.3041565235080645, 'hidden_continuous_size': 60, 'attention_head_size': 3, 'learning_rate': 0.01007520627794135}. Best is trial 43 with value: 0.08582047373056412.
LOCAL_RANK: 0 - CUDA_VISIBLE_DEVICES: [0]
[I 2023-11-30 03:08:20,670] Trial 65 finished with value: 0.16032150387763977 and parameters: {'gradient_clip_val': 0.7587628518652352, 'hidden_size': 58, 'dropout': 0.31900895313033667, 'hidden_continuous_size': 51, 'attention_head_size': 3, 'learning_rate': 0.02790113798925514}. Best is trial 43 with value: 0.08582047373056412.
LOCAL_RANK: 0 - CUDA_VISIBLE_DEVICES: [0]
[I 2023-11-30 03:08:34,606] Trial 66 finished with value: 0.11668029427528381 and parameters: {'gradient_clip_val': 0.9323047491805068, 'hidden_size': 72, 'dropout': 0.28798714722900487, 'hidden_continuous_size': 58, 'attention_head_size': 3, 'learning_rate': 0.01877522228290709}. Best is trial 43 with value: 0.08582047373056412.
LOCAL_RANK: 0 - CUDA_VISIBLE_DEVICES: [0]
[I 2023-11-30 03:08:48,628] Trial 67 finished with value: 0.16220398247241974 and parameters: {'gradient_clip_val': 0.9513765876288796, 'hidden_size': 66, 'dropout': 0.2654555451375624, 'hidden_continuous_size': 58, 'attention_head_size': 3, 'learning_rate': 0.018529725778475496}. Best is trial 43 with value: 0.08582047373056412.
LOCAL_RANK: 0 - CUDA_VISIBLE_DEVICES: [0]
[I 2023-11-30 03:09:02,764] Trial 68 finished with value: 0.1940557211637497 and parameters: {'gradient_clip_val': 0.8903087382605244, 'hidden_size': 73, 'dropout': 0.2776394211297656, 'hidden_continuous_size': 62, 'attention_head_size': 4, 'learning_rate': 0.013627601874705186}. Best is trial 43 with value: 0.08582047373056412.
LOCAL_RANK: 0 - CUDA_VISIBLE_DEVICES: [0]
[I 2023-11-30 03:09:16,820] Trial 69 finished with value: 0.14211596548557281 and parameters: {'gradient_clip_val': 0.9282501889121064, 'hidden_size': 61, 'dropout': 0.3127518887446666, 'hidden_continuous_size': 56, 'attention_head_size': 2, 'learning_rate': 0.02094861985342458}. Best is trial 43 with value: 0.08582047373056412.
LOCAL_RANK: 0 - CUDA_VISIBLE_DEVICES: [0]
[I 2023-11-30 03:09:31,222] Trial 70 finished with value: 0.10736403614282608 and parameters: {'gradient_clip_val': 0.9943097513924987, 'hidden_size': 91, 'dropout': 0.3230673865930662, 'hidden_continuous_size': 70, 'attention_head_size': 3, 'learning_rate': 0.017696965538914203}. Best is trial 43 with value: 0.08582047373056412.
LOCAL_RANK: 0 - CUDA_VISIBLE_DEVICES: [0]
[I 2023-11-30 03:09:45,561] Trial 71 finished with value: 0.11122701317071915 and parameters: {'gradient_clip_val': 0.9882355172877727, 'hidden_size': 91, 'dropout': 0.3231168685801327, 'hidden_continuous_size': 69, 'attention_head_size': 3, 'learning_rate': 0.01721287333143275}. Best is trial 43 with value: 0.08582047373056412.
LOCAL_RANK: 0 - CUDA_VISIBLE_DEVICES: [0]
[I 2023-11-30 03:09:59,992] Trial 72 finished with value: 0.1527288258075714 and parameters: {'gradient_clip_val': 0.8569699942035789, 'hidden_size': 92, 'dropout': 0.33279295433155665, 'hidden_continuous_size': 73, 'attention_head_size': 3, 'learning_rate': 0.016532011154391298}. Best is trial 43 with value: 0.08582047373056412.
LOCAL_RANK: 0 - CUDA_VISIBLE_DEVICES: [0]
[I 2023-11-30 03:10:14,462] Trial 73 finished with value: 0.17663930356502533 and parameters: {'gradient_clip_val': 0.9837783076843191, 'hidden_size': 101, 'dropout': 0.3232314491393721, 'hidden_continuous_size': 81, 'attention_head_size': 3, 'learning_rate': 0.022998206739083305}. Best is trial 43 with value: 0.08582047373056412.
LOCAL_RANK: 0 - CUDA_VISIBLE_DEVICES: [0]
[I 2023-11-30 03:10:29,238] Trial 74 finished with value: 0.1448354423046112 and parameters: {'gradient_clip_val': 0.9297853143518251, 'hidden_size': 114, 'dropout': 0.3423862934789056, 'hidden_continuous_size': 85, 'attention_head_size': 3, 'learning_rate': 0.011629974128291304}. Best is trial 43 with value: 0.08582047373056412.
LOCAL_RANK: 0 - CUDA_VISIBLE_DEVICES: [0]
[I 2023-11-30 03:10:43,534] Trial 75 finished with value: 0.10593724995851517 and parameters: {'gradient_clip_val': 0.8486744463368537, 'hidden_size': 79, 'dropout': 0.2856010733369462, 'hidden_continuous_size': 67, 'attention_head_size': 2, 'learning_rate': 0.013143038195758102}. Best is trial 43 with value: 0.08582047373056412.
LOCAL_RANK: 0 - CUDA_VISIBLE_DEVICES: [0]
[I 2023-11-30 03:10:57,630] Trial 76 finished with value: 0.20418374240398407 and parameters: {'gradient_clip_val': 0.8339026351505114, 'hidden_size': 92, 'dropout': 0.3557127125887746, 'hidden_continuous_size': 71, 'attention_head_size': 2, 'learning_rate': 0.012718381903585808}. Best is trial 43 with value: 0.08582047373056412.
LOCAL_RANK: 0 - CUDA_VISIBLE_DEVICES: [0]
[I 2023-11-30 03:11:11,553] Trial 77 finished with value: 0.1535482555627823 and parameters: {'gradient_clip_val': 0.9892574997788154, 'hidden_size': 67, 'dropout': 0.28707098222897925, 'hidden_continuous_size': 59, 'attention_head_size': 2, 'learning_rate': 0.014716444679745361}. Best is trial 43 with value: 0.08582047373056412.
LOCAL_RANK: 0 - CUDA_VISIBLE_DEVICES: [0]
[I 2023-11-30 03:11:25,806] Trial 78 finished with value: 0.10897613316774368 and parameters: {'gradient_clip_val': 0.7366248675958318, 'hidden_size': 80, 'dropout': 0.2992630120228011, 'hidden_continuous_size': 69, 'attention_head_size': 2, 'learning_rate': 0.019870529598937044}. Best is trial 43 with value: 0.08582047373056412.
LOCAL_RANK: 0 - CUDA_VISIBLE_DEVICES: [0]
[I 2023-11-30 03:11:40,560] Trial 79 finished with value: 0.20221342146396637 and parameters: {'gradient_clip_val': 0.7382467047476277, 'hidden_size': 126, 'dropout': 0.3370556697672763, 'hidden_continuous_size': 94, 'attention_head_size': 2, 'learning_rate': 0.02759870862093474}. Best is trial 43 with value: 0.08582047373056412.
LOCAL_RANK: 0 - CUDA_VISIBLE_DEVICES: [0]
[I 2023-11-30 03:11:54,523] Trial 80 finished with value: 0.12319009751081467 and parameters: {'gradient_clip_val': 0.6836126089417168, 'hidden_size': 80, 'dropout': 0.30866443718030423, 'hidden_continuous_size': 69, 'attention_head_size': 2, 'learning_rate': 0.02154540540527667}. Best is trial 43 with value: 0.08582047373056412.
LOCAL_RANK: 0 - CUDA_VISIBLE_DEVICES: [0]
[I 2023-11-30 03:12:08,660] Trial 81 finished with value: 0.11249538511037827 and parameters: {'gradient_clip_val': 0.8177281717821254, 'hidden_size': 87, 'dropout': 0.32176910345396775, 'hidden_continuous_size': 63, 'attention_head_size': 2, 'learning_rate': 0.019331914758548462}. Best is trial 43 with value: 0.08582047373056412.
LOCAL_RANK: 0 - CUDA_VISIBLE_DEVICES: [0]
[I 2023-11-30 03:12:22,879] Trial 82 finished with value: 0.1309821754693985 and parameters: {'gradient_clip_val': 0.8086093610952908, 'hidden_size': 88, 'dropout': 0.3240920865640029, 'hidden_continuous_size': 76, 'attention_head_size': 2, 'learning_rate': 0.014485014915435735}. Best is trial 43 with value: 0.08582047373056412.
LOCAL_RANK: 0 - CUDA_VISIBLE_DEVICES: [0]
[I 2023-11-30 03:12:37,723] Trial 83 finished with value: 0.16238945722579956 and parameters: {'gradient_clip_val': 0.738073014922072, 'hidden_size': 98, 'dropout': 0.3172104308253187, 'hidden_continuous_size': 81, 'attention_head_size': 2, 'learning_rate': 0.016348990933928345}. Best is trial 43 with value: 0.08582047373056412.
LOCAL_RANK: 0 - CUDA_VISIBLE_DEVICES: [0]
[I 2023-11-30 03:12:52,097] Trial 84 finished with value: 0.12230229377746582 and parameters: {'gradient_clip_val': 0.8780625621229043, 'hidden_size': 112, 'dropout': 0.298854910312129, 'hidden_continuous_size': 74, 'attention_head_size': 2, 'learning_rate': 0.019363637180417666}. Best is trial 43 with value: 0.08582047373056412.
LOCAL_RANK: 0 - CUDA_VISIBLE_DEVICES: [0]
[I 2023-11-30 03:13:06,468] Trial 85 finished with value: 0.18680505454540253 and parameters: {'gradient_clip_val': 0.8308407246613837, 'hidden_size': 102, 'dropout': 0.3094557232406307, 'hidden_continuous_size': 70, 'attention_head_size': 2, 'learning_rate': 0.012822046284245861}. Best is trial 43 with value: 0.08582047373056412.
LOCAL_RANK: 0 - CUDA_VISIBLE_DEVICES: [0]
[I 2023-11-30 03:13:20,532] Trial 86 finished with value: 0.20523881912231445 and parameters: {'gradient_clip_val': 0.7642108575160886, 'hidden_size': 84, 'dropout': 0.3266709730904989, 'hidden_continuous_size': 64, 'attention_head_size': 2, 'learning_rate': 0.024641514205499915}. Best is trial 43 with value: 0.08582047373056412.
LOCAL_RANK: 0 - CUDA_VISIBLE_DEVICES: [0]
[I 2023-11-30 03:13:34,570] Trial 87 finished with value: 0.18586015701293945 and parameters: {'gradient_clip_val': 0.8868771755657229, 'hidden_size': 80, 'dropout': 0.2979057119713593, 'hidden_continuous_size': 67, 'attention_head_size': 2, 'learning_rate': 0.02926569596420243}. Best is trial 43 with value: 0.08582047373056412.
LOCAL_RANK: 0 - CUDA_VISIBLE_DEVICES: [0]
[I 2023-11-30 03:13:48,888] Trial 88 finished with value: 0.22584010660648346 and parameters: {'gradient_clip_val': 0.9935969101220021, 'hidden_size': 91, 'dropout': 0.3382261706680802, 'hidden_continuous_size': 62, 'attention_head_size': 2, 'learning_rate': 0.00917900559277494}. Best is trial 43 with value: 0.08582047373056412.
LOCAL_RANK: 0 - CUDA_VISIBLE_DEVICES: [0]
[I 2023-11-30 03:14:03,398] Trial 89 finished with value: 0.1635926216840744 and parameters: {'gradient_clip_val': 0.702785967010991, 'hidden_size': 108, 'dropout': 0.2716201733333008, 'hidden_continuous_size': 81, 'attention_head_size': 4, 'learning_rate': 0.011132231897414066}. Best is trial 43 with value: 0.08582047373056412.
LOCAL_RANK: 0 - CUDA_VISIBLE_DEVICES: [0]
[I 2023-11-30 03:14:17,722] Trial 90 finished with value: 0.08746334165334702 and parameters: {'gradient_clip_val': 0.8111453507348307, 'hidden_size': 96, 'dropout': 0.33031971814649524, 'hidden_continuous_size': 75, 'attention_head_size': 2, 'learning_rate': 0.02059356279920902}. Best is trial 43 with value: 0.08582047373056412.
LOCAL_RANK: 0 - CUDA_VISIBLE_DEVICES: [0]
[I 2023-11-30 03:14:32,102] Trial 91 finished with value: 0.14470839500427246 and parameters: {'gradient_clip_val': 0.7913146250891557, 'hidden_size': 95, 'dropout': 0.33012791549907167, 'hidden_continuous_size': 76, 'attention_head_size': 2, 'learning_rate': 0.020197513142876985}. Best is trial 43 with value: 0.08582047373056412.
LOCAL_RANK: 0 - CUDA_VISIBLE_DEVICES: [0]
[I 2023-11-30 03:14:46,121] Trial 92 finished with value: 0.20131002366542816 and parameters: {'gradient_clip_val': 0.8439380451556452, 'hidden_size': 77, 'dropout': 0.317432430656429, 'hidden_continuous_size': 64, 'attention_head_size': 2, 'learning_rate': 0.017248106518851305}. Best is trial 43 with value: 0.08582047373056412.
LOCAL_RANK: 0 - CUDA_VISIBLE_DEVICES: [0]
[I 2023-11-30 03:15:00,776] Trial 93 finished with value: 0.1350899040699005 and parameters: {'gradient_clip_val': 0.9136002999752464, 'hidden_size': 120, 'dropout': 0.3466061212902446, 'hidden_continuous_size': 91, 'attention_head_size': 2, 'learning_rate': 0.025721189676663567}. Best is trial 43 with value: 0.08582047373056412.
LOCAL_RANK: 0 - CUDA_VISIBLE_DEVICES: [0]
[I 2023-11-30 03:15:15,125] Trial 94 finished with value: 0.2537855803966522 and parameters: {'gradient_clip_val': 0.7253046755938115, 'hidden_size': 86, 'dropout': 0.32168332393240845, 'hidden_continuous_size': 72, 'attention_head_size': 2, 'learning_rate': 0.03303092466222122}. Best is trial 43 with value: 0.08582047373056412.
LOCAL_RANK: 0 - CUDA_VISIBLE_DEVICES: [0]
[I 2023-11-30 03:15:29,597] Trial 95 finished with value: 0.2150823324918747 and parameters: {'gradient_clip_val': 0.673977781050405, 'hidden_size': 98, 'dropout': 0.30156880540309605, 'hidden_continuous_size': 69, 'attention_head_size': 2, 'learning_rate': 0.015393737275753473}. Best is trial 43 with value: 0.08582047373056412.
LOCAL_RANK: 0 - CUDA_VISIBLE_DEVICES: [0]
[I 2023-11-30 03:15:44,037] Trial 96 finished with value: 0.14756302535533905 and parameters: {'gradient_clip_val': 0.9442122503203955, 'hidden_size': 89, 'dropout': 0.3118380796485272, 'hidden_continuous_size': 74, 'attention_head_size': 3, 'learning_rate': 0.013066884963050342}. Best is trial 43 with value: 0.08582047373056412.
LOCAL_RANK: 0 - CUDA_VISIBLE_DEVICES: [0]
[I 2023-11-30 03:15:58,449] Trial 97 finished with value: 0.1624487042427063 and parameters: {'gradient_clip_val': 0.783969120012154, 'hidden_size': 104, 'dropout': 0.29190781876565625, 'hidden_continuous_size': 83, 'attention_head_size': 2, 'learning_rate': 0.017372292484995052}. Best is trial 43 with value: 0.08582047373056412.
LOCAL_RANK: 0 - CUDA_VISIBLE_DEVICES: [0]
[I 2023-11-30 03:16:12,638] Trial 98 finished with value: 0.20822250843048096 and parameters: {'gradient_clip_val': 0.8702992452411534, 'hidden_size': 69, 'dropout': 0.3329725862925343, 'hidden_continuous_size': 61, 'attention_head_size': 3, 'learning_rate': 0.02162218466189876}. Best is trial 43 with value: 0.08582047373056412.
LOCAL_RANK: 0 - CUDA_VISIBLE_DEVICES: [0]
[I 2023-11-30 03:16:26,872] Trial 99 finished with value: 0.11277659982442856 and parameters: {'gradient_clip_val': 0.8085412690056881, 'hidden_size': 78, 'dropout': 0.28316361429731973, 'hidden_continuous_size': 66, 'attention_head_size': 2, 'learning_rate': 0.015326837840084304}. Best is trial 43 with value: 0.08582047373056412.
LOCAL_RANK: 0 - CUDA_VISIBLE_DEVICES: [0]
[I 2023-11-30 03:16:41,794] Trial 100 finished with value: 0.11058109253644943 and parameters: {'gradient_clip_val': 0.7567116928582573, 'hidden_size': 137, 'dropout': 0.3029087739804316, 'hidden_continuous_size': 87, 'attention_head_size': 4, 'learning_rate': 0.024127016413294275}. Best is trial 43 with value: 0.08582047373056412.
LOCAL_RANK: 0 - CUDA_VISIBLE_DEVICES: [0]
[I 2023-11-30 03:16:56,730] Trial 101 finished with value: 0.15858617424964905 and parameters: {'gradient_clip_val': 0.7476965963006941, 'hidden_size': 131, 'dropout': 0.3041245636754922, 'hidden_continuous_size': 88, 'attention_head_size': 4, 'learning_rate': 0.02371430406414631}. Best is trial 43 with value: 0.08582047373056412.
LOCAL_RANK: 0 - CUDA_VISIBLE_DEVICES: [0]
