[I 2023-11-30 01:31:41,797] Trial 91 finished with value: 0.15027575194835663 and parameters: {'gradient_clip_val': 0.44515566913418736, 'hidden_size': 43, 'dropout': 0.37050197115270606, 'hidden_continuous_size': 22, 'attention_head_size': 4, 'learning_rate': 0.06514463510148537}. Best is trial 56 with value: 0.09174207597970963.
LOCAL_RANK: 0 - CUDA_VISIBLE_DEVICES: [0]
[I 2023-11-30 01:31:54,964] Trial 92 finished with value: 0.16590780019760132 and parameters: {'gradient_clip_val': 0.5134604032937377, 'hidden_size': 45, 'dropout': 0.3738460253304288, 'hidden_continuous_size': 20, 'attention_head_size': 4, 'learning_rate': 0.0572561605847932}. Best is trial 56 with value: 0.09174207597970963.
LOCAL_RANK: 0 - CUDA_VISIBLE_DEVICES: [0]
[I 2023-11-30 01:32:08,360] Trial 93 finished with value: 0.10424884408712387 and parameters: {'gradient_clip_val': 0.5803946298675047, 'hidden_size': 41, 'dropout': 0.39069557346623884, 'hidden_continuous_size': 22, 'attention_head_size': 4, 'learning_rate': 0.06300077240204702}. Best is trial 56 with value: 0.09174207597970963.
LOCAL_RANK: 0 - CUDA_VISIBLE_DEVICES: [0]
[I 2023-11-30 01:32:21,516] Trial 94 finished with value: 0.11754906177520752 and parameters: {'gradient_clip_val': 0.5698897033207868, 'hidden_size': 35, 'dropout': 0.38780725194224785, 'hidden_continuous_size': 23, 'attention_head_size': 4, 'learning_rate': 0.07983269794289796}. Best is trial 56 with value: 0.09174207597970963.
LOCAL_RANK: 0 - CUDA_VISIBLE_DEVICES: [0]
[I 2023-11-30 01:32:34,627] Trial 95 finished with value: 0.12937797605991364 and parameters: {'gradient_clip_val': 0.6718710313870259, 'hidden_size': 41, 'dropout': 0.38444328286760693, 'hidden_continuous_size': 25, 'attention_head_size': 4, 'learning_rate': 0.09127657808027416}. Best is trial 56 with value: 0.09174207597970963.
LOCAL_RANK: 0 - CUDA_VISIBLE_DEVICES: [0]
[I 2023-11-30 01:32:47,932] Trial 96 finished with value: 0.13994579017162323 and parameters: {'gradient_clip_val': 0.6071368006325084, 'hidden_size': 47, 'dropout': 0.3944275096016907, 'hidden_continuous_size': 23, 'attention_head_size': 4, 'learning_rate': 0.04523754251157598}. Best is trial 56 with value: 0.09174207597970963.
LOCAL_RANK: 0 - CUDA_VISIBLE_DEVICES: [0]
[I 2023-11-30 01:33:01,149] Trial 97 finished with value: 0.14582371711730957 and parameters: {'gradient_clip_val': 0.6376185662731966, 'hidden_size': 38, 'dropout': 0.3578229419679365, 'hidden_continuous_size': 21, 'attention_head_size': 4, 'learning_rate': 0.05259047867054776}. Best is trial 56 with value: 0.09174207597970963.
LOCAL_RANK: 0 - CUDA_VISIBLE_DEVICES: [0]
[I 2023-11-30 01:33:14,278] Trial 98 finished with value: 0.1966615468263626 and parameters: {'gradient_clip_val': 0.5443094112577574, 'hidden_size': 33, 'dropout': 0.391544950930049, 'hidden_continuous_size': 17, 'attention_head_size': 4, 'learning_rate': 0.07725549431878517}. Best is trial 56 with value: 0.09174207597970963.
LOCAL_RANK: 0 - CUDA_VISIBLE_DEVICES: [0]
[I 2023-11-30 01:33:27,721] Trial 99 finished with value: 0.26482805609703064 and parameters: {'gradient_clip_val': 0.7466030679502915, 'hidden_size': 57, 'dropout': 0.37933934887003606, 'hidden_continuous_size': 24, 'attention_head_size': 2, 'learning_rate': 0.060875437022265104}. Best is trial 56 with value: 0.09174207597970963.
LOCAL_RANK: 0 - CUDA_VISIBLE_DEVICES: [0]
[I 2023-11-30 01:33:41,097] Trial 100 finished with value: 0.16437183320522308 and parameters: {'gradient_clip_val': 0.5055293409282327, 'hidden_size': 53, 'dropout': 0.3321833826221463, 'hidden_continuous_size': 22, 'attention_head_size': 4, 'learning_rate': 0.06733529829713986}. Best is trial 56 with value: 0.09174207597970963.
LOCAL_RANK: 0 - CUDA_VISIBLE_DEVICES: [0]
[I 2023-11-30 01:33:54,255] Trial 101 finished with value: 0.12008562684059143 and parameters: {'gradient_clip_val': 0.4613276262334935, 'hidden_size': 43, 'dropout': 0.37339658459310904, 'hidden_continuous_size': 22, 'attention_head_size': 4, 'learning_rate': 0.060911984570709655}. Best is trial 56 with value: 0.09174207597970963.
LOCAL_RANK: 0 - CUDA_VISIBLE_DEVICES: [0]
[I 2023-11-30 01:34:07,448] Trial 102 finished with value: 0.10951777547597885 and parameters: {'gradient_clip_val': 0.44820143365194487, 'hidden_size': 48, 'dropout': 0.36681376033831614, 'hidden_continuous_size': 20, 'attention_head_size': 4, 'learning_rate': 0.09147193550031756}. Best is trial 56 with value: 0.09174207597970963.
LOCAL_RANK: 0 - CUDA_VISIBLE_DEVICES: [0]
[I 2023-11-30 01:34:20,952] Trial 103 finished with value: 0.13094012439250946 and parameters: {'gradient_clip_val': 0.4161751776489762, 'hidden_size': 49, 'dropout': 0.3674192205023794, 'hidden_continuous_size': 19, 'attention_head_size': 4, 'learning_rate': 0.09105742498139602}. Best is trial 56 with value: 0.09174207597970963.
LOCAL_RANK: 0 - CUDA_VISIBLE_DEVICES: [0]
[I 2023-11-30 01:34:34,612] Trial 104 finished with value: 0.18085432052612305 and parameters: {'gradient_clip_val': 0.5795624643526966, 'hidden_size': 58, 'dropout': 0.38331932686656606, 'hidden_continuous_size': 26, 'attention_head_size': 4, 'learning_rate': 0.07955166686073764}. Best is trial 56 with value: 0.09174207597970963.
LOCAL_RANK: 0 - CUDA_VISIBLE_DEVICES: [0]
[I 2023-11-30 01:34:47,889] Trial 105 finished with value: 0.15523435175418854 and parameters: {'gradient_clip_val': 0.38544227548443744, 'hidden_size': 41, 'dropout': 0.3533622858560909, 'hidden_continuous_size': 21, 'attention_head_size': 4, 'learning_rate': 0.0707267175300274}. Best is trial 56 with value: 0.09174207597970963.
LOCAL_RANK: 0 - CUDA_VISIBLE_DEVICES: [0]
[I 2023-11-30 01:35:00,902] Trial 106 finished with value: 0.13350041210651398 and parameters: {'gradient_clip_val': 0.47788732238480763, 'hidden_size': 46, 'dropout': 0.2731050771054929, 'hidden_continuous_size': 16, 'attention_head_size': 2, 'learning_rate': 0.054079203624437466}. Best is trial 56 with value: 0.09174207597970963.
LOCAL_RANK: 0 - CUDA_VISIBLE_DEVICES: [0]
[I 2023-11-30 01:35:14,320] Trial 107 finished with value: 0.14464743435382843 and parameters: {'gradient_clip_val': 0.5244198650025483, 'hidden_size': 51, 'dropout': 0.33848859332763115, 'hidden_continuous_size': 23, 'attention_head_size': 4, 'learning_rate': 0.0925121907572228}. Best is trial 56 with value: 0.09174207597970963.
LOCAL_RANK: 0 - CUDA_VISIBLE_DEVICES: [0]
[I 2023-11-30 01:35:27,753] Trial 108 finished with value: 0.18339331448078156 and parameters: {'gradient_clip_val': 0.4424823806281569, 'hidden_size': 47, 'dropout': 0.3995483232972491, 'hidden_continuous_size': 15, 'attention_head_size': 4, 'learning_rate': 0.08194646588778134}. Best is trial 56 with value: 0.09174207597970963.
LOCAL_RANK: 0 - CUDA_VISIBLE_DEVICES: [0]
[I 2023-11-30 01:35:40,582] Trial 109 finished with value: 0.09074985980987549 and parameters: {'gradient_clip_val': 0.6071381879727132, 'hidden_size': 37, 'dropout': 0.29336508811031403, 'hidden_continuous_size': 24, 'attention_head_size': 2, 'learning_rate': 0.0674566238136959}. Best is trial 109 with value: 0.09074985980987549.
LOCAL_RANK: 0 - CUDA_VISIBLE_DEVICES: [0]
[I 2023-11-30 01:35:54,047] Trial 110 finished with value: 0.15227238833904266 and parameters: {'gradient_clip_val': 0.6203425636712159, 'hidden_size': 53, 'dropout': 0.29309236781920095, 'hidden_continuous_size': 25, 'attention_head_size': 4, 'learning_rate': 0.06808934150921345}. Best is trial 109 with value: 0.09074985980987549.
LOCAL_RANK: 0 - CUDA_VISIBLE_DEVICES: [0]
[I 2023-11-30 01:36:07,136] Trial 111 finished with value: 0.16467414796352386 and parameters: {'gradient_clip_val': 0.5847588179636608, 'hidden_size': 39, 'dropout': 0.2823733910378061, 'hidden_continuous_size': 24, 'attention_head_size': 2, 'learning_rate': 0.07406974365109519}. Best is trial 109 with value: 0.09074985980987549.
LOCAL_RANK: 0 - CUDA_VISIBLE_DEVICES: [0]
[I 2023-11-30 01:36:19,961] Trial 112 finished with value: 0.11181173473596573 and parameters: {'gradient_clip_val': 0.5397766944849516, 'hidden_size': 36, 'dropout': 0.28861067846521077, 'hidden_continuous_size': 22, 'attention_head_size': 2, 'learning_rate': 0.0617493043133928}. Best is trial 109 with value: 0.09074985980987549.
LOCAL_RANK: 0 - CUDA_VISIBLE_DEVICES: [0]
[I 2023-11-30 01:36:32,950] Trial 113 finished with value: 0.13542036712169647 and parameters: {'gradient_clip_val': 0.6746623263628342, 'hidden_size': 37, 'dropout': 0.3039333120259466, 'hidden_continuous_size': 22, 'attention_head_size': 2, 'learning_rate': 0.05014546445548889}. Best is trial 109 with value: 0.09074985980987549.
LOCAL_RANK: 0 - CUDA_VISIBLE_DEVICES: [0]
[I 2023-11-30 01:36:45,998] Trial 114 finished with value: 0.10998529195785522 and parameters: {'gradient_clip_val': 0.5563824890109041, 'hidden_size': 42, 'dropout': 0.29184158637403573, 'hidden_continuous_size': 21, 'attention_head_size': 2, 'learning_rate': 0.058942996073896435}. Best is trial 109 with value: 0.09074985980987549.
LOCAL_RANK: 0 - CUDA_VISIBLE_DEVICES: [0]
[I 2023-11-30 01:36:58,905] Trial 115 finished with value: 0.14815570414066315 and parameters: {'gradient_clip_val': 0.5592340292616828, 'hidden_size': 41, 'dropout': 0.2611780155601948, 'hidden_continuous_size': 21, 'attention_head_size': 2, 'learning_rate': 0.08659846046174521}. Best is trial 109 with value: 0.09074985980987549.
LOCAL_RANK: 0 - CUDA_VISIBLE_DEVICES: [0]
[I 2023-11-30 01:37:11,987] Trial 116 finished with value: 0.1687878519296646 and parameters: {'gradient_clip_val': 0.6152371786837774, 'hidden_size': 43, 'dropout': 0.2865746260780908, 'hidden_continuous_size': 20, 'attention_head_size': 2, 'learning_rate': 0.05687519222192618}. Best is trial 109 with value: 0.09074985980987549.
LOCAL_RANK: 0 - CUDA_VISIBLE_DEVICES: [0]
[I 2023-11-30 01:37:24,655] Trial 117 finished with value: 0.11814352124929428 and parameters: {'gradient_clip_val': 0.5372541868986827, 'hidden_size': 36, 'dropout': 0.2994691787066697, 'hidden_continuous_size': 22, 'attention_head_size': 2, 'learning_rate': 0.09992237124568622}. Best is trial 109 with value: 0.09074985980987549.
LOCAL_RANK: 0 - CUDA_VISIBLE_DEVICES: [0]
[I 2023-11-30 01:37:37,715] Trial 118 finished with value: 0.13928641378879547 and parameters: {'gradient_clip_val': 0.5964079486373838, 'hidden_size': 39, 'dropout': 0.2912901092509541, 'hidden_continuous_size': 21, 'attention_head_size': 2, 'learning_rate': 0.045954011911335205}. Best is trial 109 with value: 0.09074985980987549.
LOCAL_RANK: 0 - CUDA_VISIBLE_DEVICES: [0]
[I 2023-11-30 01:37:50,427] Trial 119 finished with value: 0.10854626446962357 and parameters: {'gradient_clip_val': 0.6323730019452006, 'hidden_size': 36, 'dropout': 0.27920181391780063, 'hidden_continuous_size': 24, 'attention_head_size': 2, 'learning_rate': 0.07733242817162674}. Best is trial 109 with value: 0.09074985980987549.
LOCAL_RANK: 0 - CUDA_VISIBLE_DEVICES: [0]
[I 2023-11-30 01:38:03,326] Trial 120 finished with value: 0.1369127631187439 and parameters: {'gradient_clip_val': 0.6570813112957077, 'hidden_size': 34, 'dropout': 0.30849283994715637, 'hidden_continuous_size': 23, 'attention_head_size': 2, 'learning_rate': 0.07740735490644547}. Best is trial 109 with value: 0.09074985980987549.
LOCAL_RANK: 0 - CUDA_VISIBLE_DEVICES: [0]
[I 2023-11-30 01:38:16,135] Trial 121 finished with value: 0.13327044248580933 and parameters: {'gradient_clip_val': 0.6339392534081962, 'hidden_size': 37, 'dropout': 0.2785543066655066, 'hidden_continuous_size': 24, 'attention_head_size': 2, 'learning_rate': 0.06762957112770228}. Best is trial 109 with value: 0.09074985980987549.
LOCAL_RANK: 0 - CUDA_VISIBLE_DEVICES: [0]
[I 2023-11-30 01:38:29,456] Trial 122 finished with value: 0.14960171282291412 and parameters: {'gradient_clip_val': 0.5727595846435136, 'hidden_size': 49, 'dropout': 0.2904224774518773, 'hidden_continuous_size': 24, 'attention_head_size': 2, 'learning_rate': 0.06239855581131768}. Best is trial 109 with value: 0.09074985980987549.
LOCAL_RANK: 0 - CUDA_VISIBLE_DEVICES: [0]
[I 2023-11-30 01:38:42,518] Trial 123 finished with value: 0.1320229023694992 and parameters: {'gradient_clip_val': 0.6948174181753913, 'hidden_size': 31, 'dropout': 0.2807062046110672, 'hidden_continuous_size': 22, 'attention_head_size': 2, 'learning_rate': 0.07297945498291543}. Best is trial 109 with value: 0.09074985980987549.
LOCAL_RANK: 0 - CUDA_VISIBLE_DEVICES: [0]
[I 2023-11-30 01:38:55,590] Trial 124 finished with value: 0.11841077357530594 and parameters: {'gradient_clip_val': 0.5515696711016901, 'hidden_size': 42, 'dropout': 0.2985514720065043, 'hidden_continuous_size': 25, 'attention_head_size': 2, 'learning_rate': 0.08289894987164188}. Best is trial 109 with value: 0.09074985980987549.
LOCAL_RANK: 0 - CUDA_VISIBLE_DEVICES: [0]
[I 2023-11-30 01:39:08,793] Trial 125 finished with value: 0.1659928262233734 and parameters: {'gradient_clip_val': 0.4971515330984272, 'hidden_size': 45, 'dropout': 0.3178288713593299, 'hidden_continuous_size': 26, 'attention_head_size': 2, 'learning_rate': 0.050146535784345296}. Best is trial 109 with value: 0.09074985980987549.
LOCAL_RANK: 0 - CUDA_VISIBLE_DEVICES: [0]
[I 2023-11-30 01:39:21,754] Trial 126 finished with value: 0.1642340123653412 and parameters: {'gradient_clip_val': 0.5967675585724227, 'hidden_size': 40, 'dropout': 0.27593174103114143, 'hidden_continuous_size': 23, 'attention_head_size': 2, 'learning_rate': 0.05586129757291675}. Best is trial 109 with value: 0.09074985980987549.
LOCAL_RANK: 0 - CUDA_VISIBLE_DEVICES: [0]
[I 2023-11-30 01:39:34,848] Trial 127 finished with value: 0.16397632658481598 and parameters: {'gradient_clip_val': 0.5180117702848175, 'hidden_size': 35, 'dropout': 0.27006630963550105, 'hidden_continuous_size': 24, 'attention_head_size': 2, 'learning_rate': 0.09095700724006746}. Best is trial 109 with value: 0.09074985980987549.
LOCAL_RANK: 0 - CUDA_VISIBLE_DEVICES: [0]
[I 2023-11-30 01:39:47,554] Trial 128 finished with value: 0.15255387127399445 and parameters: {'gradient_clip_val': 0.6697462803727123, 'hidden_size': 28, 'dropout': 0.2644406033768732, 'hidden_continuous_size': 18, 'attention_head_size': 2, 'learning_rate': 0.07035721458386122}. Best is trial 109 with value: 0.09074985980987549.
LOCAL_RANK: 0 - CUDA_VISIBLE_DEVICES: [0]
[I 2023-11-30 01:40:00,535] Trial 129 finished with value: 0.17419426143169403 and parameters: {'gradient_clip_val': 0.6395939579349823, 'hidden_size': 38, 'dropout': 0.363932417661819, 'hidden_continuous_size': 20, 'attention_head_size': 2, 'learning_rate': 0.0645943402161696}. Best is trial 109 with value: 0.09074985980987549.
LOCAL_RANK: 0 - CUDA_VISIBLE_DEVICES: [0]
[I 2023-11-30 01:40:13,615] Trial 130 finished with value: 0.18277764320373535 and parameters: {'gradient_clip_val': 0.5557846937645342, 'hidden_size': 33, 'dropout': 0.39062288914511667, 'hidden_continuous_size': 21, 'attention_head_size': 4, 'learning_rate': 0.043201270389518716}. Best is trial 109 with value: 0.09074985980987549.
LOCAL_RANK: 0 - CUDA_VISIBLE_DEVICES: [0]
[I 2023-11-30 01:40:27,028] Trial 131 finished with value: 0.21946485340595245 and parameters: {'gradient_clip_val': 0.5000723689029734, 'hidden_size': 47, 'dropout': 0.2960884471689397, 'hidden_continuous_size': 22, 'attention_head_size': 4, 'learning_rate': 0.0623060038214415}. Best is trial 109 with value: 0.09074985980987549.
LOCAL_RANK: 0 - CUDA_VISIBLE_DEVICES: [0]
[I 2023-11-30 01:40:40,269] Trial 132 finished with value: 0.13283485174179077 and parameters: {'gradient_clip_val': 0.5270259441069821, 'hidden_size': 45, 'dropout': 0.37902522034849984, 'hidden_continuous_size': 23, 'attention_head_size': 4, 'learning_rate': 0.057197774315631424}. Best is trial 109 with value: 0.09074985980987549.
LOCAL_RANK: 0 - CUDA_VISIBLE_DEVICES: [0]
[I 2023-11-30 01:40:53,916] Trial 133 finished with value: 0.10139131546020508 and parameters: {'gradient_clip_val': 0.5792379224771833, 'hidden_size': 51, 'dropout': 0.28734234501225286, 'hidden_continuous_size': 27, 'attention_head_size': 4, 'learning_rate': 0.07811491103204052}. Best is trial 109 with value: 0.09074985980987549.
LOCAL_RANK: 0 - CUDA_VISIBLE_DEVICES: [0]
[I 2023-11-30 01:41:07,327] Trial 134 finished with value: 0.13387314975261688 and parameters: {'gradient_clip_val': 0.607254145037045, 'hidden_size': 51, 'dropout': 0.2853525190347523, 'hidden_continuous_size': 28, 'attention_head_size': 4, 'learning_rate': 0.07657121727826212}. Best is trial 109 with value: 0.09074985980987549.
LOCAL_RANK: 0 - CUDA_VISIBLE_DEVICES: [0]
[I 2023-11-30 01:41:20,973] Trial 135 finished with value: 0.1305391788482666 and parameters: {'gradient_clip_val': 0.5657411591409301, 'hidden_size': 55, 'dropout': 0.31077458386045964, 'hidden_continuous_size': 27, 'attention_head_size': 4, 'learning_rate': 0.08482144232038386}. Best is trial 109 with value: 0.09074985980987549.
LOCAL_RANK: 0 - CUDA_VISIBLE_DEVICES: [0]
[I 2023-11-30 01:41:34,357] Trial 136 finished with value: 0.12363659590482712 and parameters: {'gradient_clip_val': 0.736987486229107, 'hidden_size': 49, 'dropout': 0.2584704772097529, 'hidden_continuous_size': 25, 'attention_head_size': 4, 'learning_rate': 0.06778203473932179}. Best is trial 109 with value: 0.09074985980987549.
LOCAL_RANK: 0 - CUDA_VISIBLE_DEVICES: [0]
[I 2023-11-30 01:41:47,596] Trial 137 finished with value: 0.1830456405878067 and parameters: {'gradient_clip_val': 0.5801012253452827, 'hidden_size': 43, 'dropout': 0.3020748009855417, 'hidden_continuous_size': 26, 'attention_head_size': 4, 'learning_rate': 0.07690367689839499}. Best is trial 109 with value: 0.09074985980987549.
LOCAL_RANK: 0 - CUDA_VISIBLE_DEVICES: [0]
[I 2023-11-30 01:42:00,772] Trial 138 finished with value: 0.11435449868440628 and parameters: {'gradient_clip_val': 0.6252652304542994, 'hidden_size': 41, 'dropout': 0.2695972607893032, 'hidden_continuous_size': 19, 'attention_head_size': 2, 'learning_rate': 0.09922778137755478}. Best is trial 109 with value: 0.09074985980987549.
LOCAL_RANK: 0 - CUDA_VISIBLE_DEVICES: [0]
[I 2023-11-30 01:42:13,729] Trial 139 finished with value: 0.08996462821960449 and parameters: {'gradient_clip_val': 0.7093134890302759, 'hidden_size': 36, 'dropout': 0.25241378588967367, 'hidden_continuous_size': 24, 'attention_head_size': 4, 'learning_rate': 0.053274777929282}. Best is trial 139 with value: 0.08996462821960449.
LOCAL_RANK: 0 - CUDA_VISIBLE_DEVICES: [0]
[I 2023-11-30 01:42:27,236] Trial 140 finished with value: 0.25118985772132874 and parameters: {'gradient_clip_val': 0.6643696081778697, 'hidden_size': 53, 'dropout': 0.24912947881541084, 'hidden_continuous_size': 27, 'attention_head_size': 4, 'learning_rate': 0.050736361908708776}. Best is trial 139 with value: 0.08996462821960449.
LOCAL_RANK: 0 - CUDA_VISIBLE_DEVICES: [0]
[I 2023-11-30 01:42:40,212] Trial 141 finished with value: 0.11072278022766113 and parameters: {'gradient_clip_val': 0.6927557295492612, 'hidden_size': 36, 'dropout': 0.2766018840383534, 'hidden_continuous_size': 24, 'attention_head_size': 4, 'learning_rate': 0.05901955641980707}. Best is trial 139 with value: 0.08996462821960449.
LOCAL_RANK: 0 - CUDA_VISIBLE_DEVICES: [0]
[I 2023-11-30 01:42:53,353] Trial 142 finished with value: 0.10804609209299088 and parameters: {'gradient_clip_val': 0.7034446916796082, 'hidden_size': 39, 'dropout': 0.25198121157823883, 'hidden_continuous_size': 24, 'attention_head_size': 4, 'learning_rate': 0.05444209903860937}. Best is trial 139 with value: 0.08996462821960449.
LOCAL_RANK: 0 - CUDA_VISIBLE_DEVICES: [0]
[I 2023-11-30 01:43:06,581] Trial 143 finished with value: 0.12322603911161423 and parameters: {'gradient_clip_val': 0.7199420099390156, 'hidden_size': 39, 'dropout': 0.25159318609878745, 'hidden_continuous_size': 25, 'attention_head_size': 4, 'learning_rate': 0.05487326764579719}. Best is trial 139 with value: 0.08996462821960449.
LOCAL_RANK: 0 - CUDA_VISIBLE_DEVICES: [0]
[I 2023-11-30 01:43:19,878] Trial 144 finished with value: 0.12382099777460098 and parameters: {'gradient_clip_val': 0.7616368177438542, 'hidden_size': 44, 'dropout': 0.24048919555792736, 'hidden_continuous_size': 23, 'attention_head_size': 4, 'learning_rate': 0.07297534057998727}. Best is trial 139 with value: 0.08996462821960449.
LOCAL_RANK: 0 - CUDA_VISIBLE_DEVICES: [0]
[I 2023-11-30 01:43:33,226] Trial 145 finished with value: 0.17096298933029175 and parameters: {'gradient_clip_val': 0.7158047448471488, 'hidden_size': 47, 'dropout': 0.2575407577166359, 'hidden_continuous_size': 26, 'attention_head_size': 4, 'learning_rate': 0.08783985320307613}. Best is trial 139 with value: 0.08996462821960449.
LOCAL_RANK: 0 - CUDA_VISIBLE_DEVICES: [0]
[I 2023-11-30 01:43:46,514] Trial 146 finished with value: 0.09940364211797714 and parameters: {'gradient_clip_val': 0.6396983236926582, 'hidden_size': 42, 'dropout': 0.26688096043670156, 'hidden_continuous_size': 25, 'attention_head_size': 4, 'learning_rate': 0.06759330846182317}. Best is trial 139 with value: 0.08996462821960449.
LOCAL_RANK: 0 - CUDA_VISIBLE_DEVICES: [0]
[I 2023-11-30 01:43:59,615] Trial 147 finished with value: 0.13053683936595917 and parameters: {'gradient_clip_val': 0.6848272450645243, 'hidden_size': 42, 'dropout': 0.264525681476954, 'hidden_continuous_size': 24, 'attention_head_size': 4, 'learning_rate': 0.06736136695777044}. Best is trial 139 with value: 0.08996462821960449.
LOCAL_RANK: 0 - CUDA_VISIBLE_DEVICES: [0]
[I 2023-11-30 01:44:12,849] Trial 148 finished with value: 0.11826819181442261 and parameters: {'gradient_clip_val': 0.6563470941121577, 'hidden_size': 34, 'dropout': 0.2559210551426311, 'hidden_continuous_size': 24, 'attention_head_size': 4, 'learning_rate': 0.07755166907951513}. Best is trial 139 with value: 0.08996462821960449.
LOCAL_RANK: 0 - CUDA_VISIBLE_DEVICES: [0]
