[I 2023-11-30 09:02:49,783] Trial 10 finished with value: 0.10487549751996994 and parameters: {'gradient_clip_val': 0.11469806600489972, 'hidden_size': 46, 'dropout': 0.1043059403497398, 'hidden_continuous_size': 32, 'attention_head_size': 1, 'learning_rate': 0.0895408902548932}. Best is trial 6 with value: 0.09928032755851746.
LOCAL_RANK: 0 - CUDA_VISIBLE_DEVICES: [0]
[I 2023-11-30 09:03:02,631] Trial 11 finished with value: 0.10374665260314941 and parameters: {'gradient_clip_val': 0.10438985314749812, 'hidden_size': 40, 'dropout': 0.1362946657070389, 'hidden_continuous_size': 30, 'attention_head_size': 1, 'learning_rate': 0.09836713045423057}. Best is trial 6 with value: 0.09928032755851746.
LOCAL_RANK: 0 - CUDA_VISIBLE_DEVICES: [0]
[I 2023-11-30 09:03:15,591] Trial 12 finished with value: 0.136490598320961 and parameters: {'gradient_clip_val': 0.10066442539784023, 'hidden_size': 33, 'dropout': 0.3891690781815218, 'hidden_continuous_size': 25, 'attention_head_size': 1, 'learning_rate': 0.041427105300728094}. Best is trial 6 with value: 0.09928032755851746.
LOCAL_RANK: 0 - CUDA_VISIBLE_DEVICES: [0]
[I 2023-11-30 09:03:28,446] Trial 13 finished with value: 0.0967862606048584 and parameters: {'gradient_clip_val': 0.13239864773118612, 'hidden_size': 31, 'dropout': 0.19944174135987336, 'hidden_continuous_size': 22, 'attention_head_size': 2, 'learning_rate': 0.04577157644141471}. Best is trial 13 with value: 0.0967862606048584.
LOCAL_RANK: 0 - CUDA_VISIBLE_DEVICES: [0]
[I 2023-11-30 09:03:41,070] Trial 14 finished with value: 0.25306788086891174 and parameters: {'gradient_clip_val': 0.13432749761222315, 'hidden_size': 27, 'dropout': 0.2044636608105578, 'hidden_continuous_size': 20, 'attention_head_size': 2, 'learning_rate': 0.03165453011225035}. Best is trial 13 with value: 0.0967862606048584.
LOCAL_RANK: 0 - CUDA_VISIBLE_DEVICES: [0]
[I 2023-11-30 09:03:55,191] Trial 15 finished with value: 0.08532196283340454 and parameters: {'gradient_clip_val': 0.152965626647937, 'hidden_size': 77, 'dropout': 0.21302347983686326, 'hidden_continuous_size': 45, 'attention_head_size': 2, 'learning_rate': 0.025985847604448865}. Best is trial 15 with value: 0.08532196283340454.
LOCAL_RANK: 0 - CUDA_VISIBLE_DEVICES: [0]
[I 2023-11-30 09:04:09,411] Trial 16 finished with value: 0.11655503511428833 and parameters: {'gradient_clip_val': 0.15032089928046247, 'hidden_size': 73, 'dropout': 0.19399035328227782, 'hidden_continuous_size': 70, 'attention_head_size': 2, 'learning_rate': 0.022884568195723813}. Best is trial 15 with value: 0.08532196283340454.
LOCAL_RANK: 0 - CUDA_VISIBLE_DEVICES: [0]
[I 2023-11-30 09:04:23,627] Trial 17 finished with value: 0.1271890550851822 and parameters: {'gradient_clip_val': 0.24623142336474976, 'hidden_size': 85, 'dropout': 0.22177649855796636, 'hidden_continuous_size': 49, 'attention_head_size': 3, 'learning_rate': 0.017422025192401294}. Best is trial 15 with value: 0.08532196283340454.
LOCAL_RANK: 0 - CUDA_VISIBLE_DEVICES: [0]
[I 2023-11-30 09:04:35,004] Trial 18 finished with value: 0.20409195125102997 and parameters: {'gradient_clip_val': 0.14776933354972496, 'hidden_size': 150, 'dropout': 0.1588790035578754, 'hidden_continuous_size': 150, 'attention_head_size': 2, 'learning_rate': 0.009051476390491801}. Best is trial 15 with value: 0.08532196283340454.
LOCAL_RANK: 0 - CUDA_VISIBLE_DEVICES: [0]
[I 2023-11-30 09:04:48,361] Trial 19 finished with value: 0.11316215991973877 and parameters: {'gradient_clip_val': 0.17201937162892392, 'hidden_size': 54, 'dropout': 0.20892134851364988, 'hidden_continuous_size': 20, 'attention_head_size': 3, 'learning_rate': 0.06412673561531099}. Best is trial 15 with value: 0.08532196283340454.
LOCAL_RANK: 0 - CUDA_VISIBLE_DEVICES: [0]
[I 2023-11-30 09:05:01,002] Trial 20 finished with value: 0.1828473061323166 and parameters: {'gradient_clip_val': 0.25282617839643434, 'hidden_size': 33, 'dropout': 0.144074464357676, 'hidden_continuous_size': 15, 'attention_head_size': 1, 'learning_rate': 0.02883401743760146}. Best is trial 15 with value: 0.08532196283340454.
LOCAL_RANK: 0 - CUDA_VISIBLE_DEVICES: [0]
[I 2023-11-30 09:05:14,222] Trial 21 finished with value: 0.07767316699028015 and parameters: {'gradient_clip_val': 0.12088956709178927, 'hidden_size': 44, 'dropout': 0.24165822626569222, 'hidden_continuous_size': 24, 'attention_head_size': 2, 'learning_rate': 0.055359312751717155}. Best is trial 21 with value: 0.07767316699028015.
LOCAL_RANK: 0 - CUDA_VISIBLE_DEVICES: [0]
[I 2023-11-30 09:05:26,891] Trial 22 finished with value: 0.1770162731409073 and parameters: {'gradient_clip_val': 0.1363239183487816, 'hidden_size': 29, 'dropout': 0.23427786274367537, 'hidden_continuous_size': 14, 'attention_head_size': 2, 'learning_rate': 0.05868370781359624}. Best is trial 21 with value: 0.07767316699028015.
LOCAL_RANK: 0 - CUDA_VISIBLE_DEVICES: [0]
[I 2023-11-30 09:05:40,025] Trial 23 finished with value: 0.13405857980251312 and parameters: {'gradient_clip_val': 0.1296803826196887, 'hidden_size': 52, 'dropout': 0.1855128538391363, 'hidden_continuous_size': 21, 'attention_head_size': 2, 'learning_rate': 0.03497943070443573}. Best is trial 21 with value: 0.07767316699028015.
LOCAL_RANK: 0 - CUDA_VISIBLE_DEVICES: [0]
[I 2023-11-30 09:05:53,586] Trial 24 finished with value: 0.08588868379592896 and parameters: {'gradient_clip_val': 0.15992350122467694, 'hidden_size': 65, 'dropout': 0.213342973286581, 'hidden_continuous_size': 23, 'attention_head_size': 2, 'learning_rate': 0.06361461849211689}. Best is trial 21 with value: 0.07767316699028015.
LOCAL_RANK: 0 - CUDA_VISIBLE_DEVICES: [0]
[I 2023-11-30 09:06:07,384] Trial 25 finished with value: 0.08784743398427963 and parameters: {'gradient_clip_val': 0.17110305661637146, 'hidden_size': 70, 'dropout': 0.2215485203712231, 'hidden_continuous_size': 25, 'attention_head_size': 3, 'learning_rate': 0.06804267840893209}. Best is trial 21 with value: 0.07767316699028015.
LOCAL_RANK: 0 - CUDA_VISIBLE_DEVICES: [0]
[I 2023-11-30 09:06:21,425] Trial 26 finished with value: 0.20681653916835785 and parameters: {'gradient_clip_val': 0.2116848856461672, 'hidden_size': 96, 'dropout': 0.2535226385459616, 'hidden_continuous_size': 38, 'attention_head_size': 2, 'learning_rate': 0.06942002125544891}. Best is trial 21 with value: 0.07767316699028015.
LOCAL_RANK: 0 - CUDA_VISIBLE_DEVICES: [0]
[I 2023-11-30 09:06:34,841] Trial 27 finished with value: 0.09698879718780518 and parameters: {'gradient_clip_val': 0.11685978594911586, 'hidden_size': 66, 'dropout': 0.22590505437738959, 'hidden_continuous_size': 17, 'attention_head_size': 1, 'learning_rate': 0.027010907560869754}. Best is trial 21 with value: 0.07767316699028015.
LOCAL_RANK: 0 - CUDA_VISIBLE_DEVICES: [0]
[I 2023-11-30 09:06:48,878] Trial 28 finished with value: 0.08877089619636536 and parameters: {'gradient_clip_val': 0.158606006855125, 'hidden_size': 89, 'dropout': 0.1787587845230828, 'hidden_continuous_size': 36, 'attention_head_size': 2, 'learning_rate': 0.04956205870235094}. Best is trial 21 with value: 0.07767316699028015.
LOCAL_RANK: 0 - CUDA_VISIBLE_DEVICES: [0]
[I 2023-11-30 09:07:03,066] Trial 29 finished with value: 0.24658207595348358 and parameters: {'gradient_clip_val': 0.28308813891192325, 'hidden_size': 113, 'dropout': 0.25849132782671375, 'hidden_continuous_size': 27, 'attention_head_size': 3, 'learning_rate': 0.07607211392944753}. Best is trial 21 with value: 0.07767316699028015.
LOCAL_RANK: 0 - CUDA_VISIBLE_DEVICES: [0]
[I 2023-11-30 09:07:16,137] Trial 30 finished with value: 0.08139532059431076 and parameters: {'gradient_clip_val': 0.19416200345670148, 'hidden_size': 48, 'dropout': 0.20721485333789333, 'hidden_continuous_size': 23, 'attention_head_size': 1, 'learning_rate': 0.0873565490985481}. Best is trial 21 with value: 0.07767316699028015.
LOCAL_RANK: 0 - CUDA_VISIBLE_DEVICES: [0]
[I 2023-11-30 09:07:29,385] Trial 31 finished with value: 0.12412536889314651 and parameters: {'gradient_clip_val': 0.18930241394060202, 'hidden_size': 46, 'dropout': 0.21438172849118575, 'hidden_continuous_size': 21, 'attention_head_size': 1, 'learning_rate': 0.08418883427541557}. Best is trial 21 with value: 0.07767316699028015.
LOCAL_RANK: 0 - CUDA_VISIBLE_DEVICES: [0]
[I 2023-11-30 09:07:42,840] Trial 32 finished with value: 0.12090512365102768 and parameters: {'gradient_clip_val': 0.15369893875544496, 'hidden_size': 62, 'dropout': 0.1945959318879505, 'hidden_continuous_size': 23, 'attention_head_size': 1, 'learning_rate': 0.05833686035988211}. Best is trial 21 with value: 0.07767316699028015.
LOCAL_RANK: 0 - CUDA_VISIBLE_DEVICES: [0]
[I 2023-11-30 09:07:55,979] Trial 33 finished with value: 0.08260596543550491 and parameters: {'gradient_clip_val': 0.12177535876703802, 'hidden_size': 50, 'dropout': 0.23874822331227835, 'hidden_continuous_size': 18, 'attention_head_size': 2, 'learning_rate': 0.09385312047751186}. Best is trial 21 with value: 0.07767316699028015.
LOCAL_RANK: 0 - CUDA_VISIBLE_DEVICES: [0]
[I 2023-11-30 09:08:08,985] Trial 34 finished with value: 0.147002711892128 and parameters: {'gradient_clip_val': 0.1966980870049411, 'hidden_size': 52, 'dropout': 0.2656799399036362, 'hidden_continuous_size': 19, 'attention_head_size': 1, 'learning_rate': 0.0985344938996522}. Best is trial 21 with value: 0.07767316699028015.
LOCAL_RANK: 0 - CUDA_VISIBLE_DEVICES: [0]
[I 2023-11-30 09:08:21,963] Trial 35 finished with value: 0.14884953200817108 and parameters: {'gradient_clip_val': 0.12130958365114772, 'hidden_size': 38, 'dropout': 0.23650141074633854, 'hidden_continuous_size': 19, 'attention_head_size': 2, 'learning_rate': 0.038450246598916785}. Best is trial 21 with value: 0.07767316699028015.
LOCAL_RANK: 0 - CUDA_VISIBLE_DEVICES: [0]
[I 2023-11-30 09:08:35,248] Trial 36 finished with value: 0.10801005363464355 and parameters: {'gradient_clip_val': 0.1217792166330977, 'hidden_size': 47, 'dropout': 0.27543512080571786, 'hidden_continuous_size': 18, 'attention_head_size': 2, 'learning_rate': 0.07510708543198724}. Best is trial 21 with value: 0.07767316699028015.
LOCAL_RANK: 0 - CUDA_VISIBLE_DEVICES: [0]
[I 2023-11-30 09:08:48,681] Trial 37 finished with value: 0.30605676770210266 and parameters: {'gradient_clip_val': 0.14396914251254517, 'hidden_size': 80, 'dropout': 0.2433326073764631, 'hidden_continuous_size': 15, 'attention_head_size': 1, 'learning_rate': 0.09843149778690401}. Best is trial 21 with value: 0.07767316699028015.
LOCAL_RANK: 0 - CUDA_VISIBLE_DEVICES: [0]
[I 2023-11-30 09:09:02,482] Trial 38 finished with value: 0.16263486444950104 and parameters: {'gradient_clip_val': 0.10095389996957183, 'hidden_size': 63, 'dropout': 0.286948402751968, 'hidden_continuous_size': 26, 'attention_head_size': 4, 'learning_rate': 0.05718643446747349}. Best is trial 21 with value: 0.07767316699028015.
LOCAL_RANK: 0 - CUDA_VISIBLE_DEVICES: [0]
[I 2023-11-30 09:09:15,778] Trial 39 finished with value: 0.10945706814527512 and parameters: {'gradient_clip_val': 0.17890881568027336, 'hidden_size': 57, 'dropout': 0.2312422524660569, 'hidden_continuous_size': 16, 'attention_head_size': 2, 'learning_rate': 0.039515161890592336}. Best is trial 21 with value: 0.07767316699028015.
LOCAL_RANK: 0 - CUDA_VISIBLE_DEVICES: [0]
[I 2023-11-30 09:09:28,766] Trial 40 finished with value: 0.17868880927562714 and parameters: {'gradient_clip_val': 0.11764615904063588, 'hidden_size': 42, 'dropout': 0.2503267705820213, 'hidden_continuous_size': 12, 'attention_head_size': 3, 'learning_rate': 0.04722115231800525}. Best is trial 21 with value: 0.07767316699028015.
LOCAL_RANK: 0 - CUDA_VISIBLE_DEVICES: [0]
[I 2023-11-30 09:09:42,579] Trial 41 finished with value: 0.13973329961299896 and parameters: {'gradient_clip_val': 0.16173361112545234, 'hidden_size': 76, 'dropout': 0.21516887496067966, 'hidden_continuous_size': 23, 'attention_head_size': 2, 'learning_rate': 0.0534562593833694}. Best is trial 21 with value: 0.07767316699028015.
LOCAL_RANK: 0 - CUDA_VISIBLE_DEVICES: [0]
[I 2023-11-30 09:09:55,989] Trial 42 finished with value: 0.14672543108463287 and parameters: {'gradient_clip_val': 0.1426762994264674, 'hidden_size': 59, 'dropout': 0.2064739696199014, 'hidden_continuous_size': 23, 'attention_head_size': 2, 'learning_rate': 0.06947627906037135}. Best is trial 21 with value: 0.07767316699028015.
LOCAL_RANK: 0 - CUDA_VISIBLE_DEVICES: [0]
[I 2023-11-30 09:10:08,974] Trial 43 finished with value: 0.11846759170293808 and parameters: {'gradient_clip_val': 0.1693629783588475, 'hidden_size': 37, 'dropout': 0.17807371313898593, 'hidden_continuous_size': 13, 'attention_head_size': 2, 'learning_rate': 0.08519707141221838}. Best is trial 21 with value: 0.07767316699028015.
LOCAL_RANK: 0 - CUDA_VISIBLE_DEVICES: [0]
[I 2023-11-30 09:10:22,566] Trial 44 finished with value: 0.23967711627483368 and parameters: {'gradient_clip_val': 0.20412553488447674, 'hidden_size': 67, 'dropout': 0.23956632693229343, 'hidden_continuous_size': 18, 'attention_head_size': 2, 'learning_rate': 0.07731488559199425}. Best is trial 21 with value: 0.07767316699028015.
LOCAL_RANK: 0 - CUDA_VISIBLE_DEVICES: [0]
[I 2023-11-30 09:10:35,754] Trial 45 finished with value: 0.13816584646701813 and parameters: {'gradient_clip_val': 0.11332077176746864, 'hidden_size': 53, 'dropout': 0.22750002382131787, 'hidden_continuous_size': 16, 'attention_head_size': 2, 'learning_rate': 0.048858550942196835}. Best is trial 21 with value: 0.07767316699028015.
LOCAL_RANK: 0 - CUDA_VISIBLE_DEVICES: [0]
[I 2023-11-30 09:10:48,756] Trial 46 finished with value: 0.08984851837158203 and parameters: {'gradient_clip_val': 0.12882963402633849, 'hidden_size': 47, 'dropout': 0.19443969585230728, 'hidden_continuous_size': 10, 'attention_head_size': 1, 'learning_rate': 0.036116678440814114}. Best is trial 21 with value: 0.07767316699028015.
LOCAL_RANK: 0 - CUDA_VISIBLE_DEVICES: [0]
[I 2023-11-30 09:11:02,574] Trial 47 finished with value: 0.14474467933177948 and parameters: {'gradient_clip_val': 0.10876988057387227, 'hidden_size': 73, 'dropout': 0.21506511582793367, 'hidden_continuous_size': 28, 'attention_head_size': 3, 'learning_rate': 0.05943527823733816}. Best is trial 21 with value: 0.07767316699028015.
LOCAL_RANK: 0 - CUDA_VISIBLE_DEVICES: [0]
[I 2023-11-30 09:11:16,007] Trial 48 finished with value: 0.144457146525383 and parameters: {'gradient_clip_val': 0.18559052105157772, 'hidden_size': 59, 'dropout': 0.26297489627539916, 'hidden_continuous_size': 24, 'attention_head_size': 2, 'learning_rate': 0.02426869549278489}. Best is trial 21 with value: 0.07767316699028015.
LOCAL_RANK: 0 - CUDA_VISIBLE_DEVICES: [0]
[I 2023-11-30 09:11:28,946] Trial 49 finished with value: 0.1373090296983719 and parameters: {'gradient_clip_val': 0.15077147004274308, 'hidden_size': 39, 'dropout': 0.24619436376953802, 'hidden_continuous_size': 22, 'attention_head_size': 1, 'learning_rate': 0.04306312711120225}. Best is trial 21 with value: 0.07767316699028015.
LOCAL_RANK: 0 - CUDA_VISIBLE_DEVICES: [0]
[I 2023-11-30 09:11:41,553] Trial 50 finished with value: 0.10043880343437195 and parameters: {'gradient_clip_val': 0.21880580292487198, 'hidden_size': 26, 'dropout': 0.16800579313201117, 'hidden_continuous_size': 18, 'attention_head_size': 2, 'learning_rate': 0.0807944882033365}. Best is trial 21 with value: 0.07767316699028015.
LOCAL_RANK: 0 - CUDA_VISIBLE_DEVICES: [0]
[I 2023-11-30 09:11:55,449] Trial 51 finished with value: 0.14100350439548492 and parameters: {'gradient_clip_val': 0.16692837835343136, 'hidden_size': 68, 'dropout': 0.2231613554642514, 'hidden_continuous_size': 25, 'attention_head_size': 3, 'learning_rate': 0.0651311604067682}. Best is trial 21 with value: 0.07767316699028015.
LOCAL_RANK: 0 - CUDA_VISIBLE_DEVICES: [0]
[I 2023-11-30 09:12:09,113] Trial 52 finished with value: 0.23041993379592896 and parameters: {'gradient_clip_val': 0.18023901344762328, 'hidden_size': 72, 'dropout': 0.20330570487854382, 'hidden_continuous_size': 25, 'attention_head_size': 3, 'learning_rate': 0.07708108632634983}. Best is trial 21 with value: 0.07767316699028015.
LOCAL_RANK: 0 - CUDA_VISIBLE_DEVICES: [0]
[I 2023-11-30 09:12:22,216] Trial 53 finished with value: 0.11255690455436707 and parameters: {'gradient_clip_val': 0.1395798422534793, 'hidden_size': 44, 'dropout': 0.2200029101560222, 'hidden_continuous_size': 21, 'attention_head_size': 4, 'learning_rate': 0.06438752578021716}. Best is trial 21 with value: 0.07767316699028015.
LOCAL_RANK: 0 - CUDA_VISIBLE_DEVICES: [0]
[I 2023-11-30 09:12:35,700] Trial 54 finished with value: 0.10911331325769424 and parameters: {'gradient_clip_val': 0.1568228853449613, 'hidden_size': 50, 'dropout': 0.18980420077479832, 'hidden_continuous_size': 28, 'attention_head_size': 3, 'learning_rate': 0.0991146700988761}. Best is trial 21 with value: 0.07767316699028015.
LOCAL_RANK: 0 - CUDA_VISIBLE_DEVICES: [0]
[I 2023-11-30 09:12:49,033] Trial 55 finished with value: 0.1273617446422577 and parameters: {'gradient_clip_val': 0.13374437269415254, 'hidden_size': 56, 'dropout': 0.2058754077116341, 'hidden_continuous_size': 22, 'attention_head_size': 3, 'learning_rate': 0.032592741265624246}. Best is trial 21 with value: 0.07767316699028015.
LOCAL_RANK: 0 - CUDA_VISIBLE_DEVICES: [0]
[I 2023-11-30 09:13:02,745] Trial 56 finished with value: 0.07804109901189804 and parameters: {'gradient_clip_val': 0.1257072649441477, 'hidden_size': 61, 'dropout': 0.2304422160768073, 'hidden_continuous_size': 29, 'attention_head_size': 2, 'learning_rate': 0.049783723007200534}. Best is trial 21 with value: 0.07767316699028015.
LOCAL_RANK: 0 - CUDA_VISIBLE_DEVICES: [0]
[I 2023-11-30 09:13:15,903] Trial 57 finished with value: 0.11664005368947983 and parameters: {'gradient_clip_val': 0.10756204468631435, 'hidden_size': 49, 'dropout': 0.23719566723428454, 'hidden_continuous_size': 20, 'attention_head_size': 2, 'learning_rate': 0.04941159047235431}. Best is trial 21 with value: 0.07767316699028015.
LOCAL_RANK: 0 - CUDA_VISIBLE_DEVICES: [0]
[I 2023-11-30 09:13:29,039] Trial 58 finished with value: 0.0801524892449379 and parameters: {'gradient_clip_val': 0.1288998949240363, 'hidden_size': 43, 'dropout': 0.23077403790397472, 'hidden_continuous_size': 24, 'attention_head_size': 2, 'learning_rate': 0.039680132392890574}. Best is trial 21 with value: 0.07767316699028015.
LOCAL_RANK: 0 - CUDA_VISIBLE_DEVICES: [0]
[I 2023-11-30 09:13:41,963] Trial 59 finished with value: 0.20047496259212494 and parameters: {'gradient_clip_val': 0.12739084184402438, 'hidden_size': 35, 'dropout': 0.25218693830198957, 'hidden_continuous_size': 24, 'attention_head_size': 2, 'learning_rate': 0.019380336241932083}. Best is trial 21 with value: 0.07767316699028015.
LOCAL_RANK: 0 - CUDA_VISIBLE_DEVICES: [0]
[I 2023-11-30 09:13:55,080] Trial 60 finished with value: 0.12391384690999985 and parameters: {'gradient_clip_val': 0.10757378471164454, 'hidden_size': 42, 'dropout': 0.2324693735107911, 'hidden_continuous_size': 27, 'attention_head_size': 2, 'learning_rate': 0.033658545577721376}. Best is trial 21 with value: 0.07767316699028015.
LOCAL_RANK: 0 - CUDA_VISIBLE_DEVICES: [0]
[I 2023-11-30 09:14:08,799] Trial 61 finished with value: 0.08279885351657867 and parameters: {'gradient_clip_val': 0.12152672775233811, 'hidden_size': 62, 'dropout': 0.2112036784954506, 'hidden_continuous_size': 30, 'attention_head_size': 2, 'learning_rate': 0.04383376861416038}. Best is trial 21 with value: 0.07767316699028015.
LOCAL_RANK: 0 - CUDA_VISIBLE_DEVICES: [0]
[I 2023-11-30 09:14:21,895] Trial 62 finished with value: 0.09950605034828186 and parameters: {'gradient_clip_val': 0.12382290014392623, 'hidden_size': 43, 'dropout': 0.2018720685057045, 'hidden_continuous_size': 30, 'attention_head_size': 2, 'learning_rate': 0.042440116780005754}. Best is trial 21 with value: 0.07767316699028015.
LOCAL_RANK: 0 - CUDA_VISIBLE_DEVICES: [0]
[I 2023-11-30 09:14:35,554] Trial 63 finished with value: 0.16092395782470703 and parameters: {'gradient_clip_val': 0.10022632926400506, 'hidden_size': 57, 'dropout': 0.22785822516934107, 'hidden_continuous_size': 30, 'attention_head_size': 2, 'learning_rate': 0.027615374958665187}. Best is trial 21 with value: 0.07767316699028015.
LOCAL_RANK: 0 - CUDA_VISIBLE_DEVICES: [0]
[I 2023-11-30 09:14:48,880] Trial 64 finished with value: 0.1857137531042099 and parameters: {'gradient_clip_val': 0.1146329075768538, 'hidden_size': 51, 'dropout': 0.2423703838818773, 'hidden_continuous_size': 26, 'attention_head_size': 2, 'learning_rate': 0.05349305203769806}. Best is trial 21 with value: 0.07767316699028015.
LOCAL_RANK: 0 - CUDA_VISIBLE_DEVICES: [0]
[I 2023-11-30 09:15:01,644] Trial 65 finished with value: 0.19169513881206512 and parameters: {'gradient_clip_val': 0.13922943921378908, 'hidden_size': 36, 'dropout': 0.18645526968815737, 'hidden_continuous_size': 22, 'attention_head_size': 2, 'learning_rate': 0.030294193144956325}. Best is trial 21 with value: 0.07767316699028015.
LOCAL_RANK: 0 - CUDA_VISIBLE_DEVICES: [0]
[I 2023-11-30 09:15:15,326] Trial 66 finished with value: 0.1398249864578247 and parameters: {'gradient_clip_val': 0.13332323519505765, 'hidden_size': 62, 'dropout': 0.21629198819747042, 'hidden_continuous_size': 32, 'attention_head_size': 2, 'learning_rate': 0.039055605024546906}. Best is trial 21 with value: 0.07767316699028015.
LOCAL_RANK: 0 - CUDA_VISIBLE_DEVICES: [0]
[I 2023-11-30 09:15:28,110] Trial 67 finished with value: 0.10062263160943985 and parameters: {'gradient_clip_val': 0.12345914422677999, 'hidden_size': 40, 'dropout': 0.19770387116967336, 'hidden_continuous_size': 21, 'attention_head_size': 1, 'learning_rate': 0.08741117047987444}. Best is trial 21 with value: 0.07767316699028015.
LOCAL_RANK: 0 - CUDA_VISIBLE_DEVICES: [0]
