[I 2023-11-30 15:59:52,672] Trial 1 finished with value: 0.5420944094657898 and parameters: {'gradient_clip_val': 0.915172777592415, 'hidden_size': 46, 'dropout': 0.1918039543617308, 'hidden_continuous_size': 13, 'attention_head_size': 4, 'learning_rate': 0.008897733751594456}. Best is trial 1 with value: 0.5420944094657898.
LOCAL_RANK: 0 - CUDA_VISIBLE_DEVICES: [0]
[I 2023-11-30 16:00:06,014] Trial 2 finished with value: 0.2026093453168869 and parameters: {'gradient_clip_val': 0.9708610818900293, 'hidden_size': 32, 'dropout': 0.17419095155496267, 'hidden_continuous_size': 20, 'attention_head_size': 4, 'learning_rate': 0.014170987715728611}. Best is trial 2 with value: 0.2026093453168869.
LOCAL_RANK: 0 - CUDA_VISIBLE_DEVICES: [0]
[I 2023-11-30 16:00:20,751] Trial 3 finished with value: 0.13930962979793549 and parameters: {'gradient_clip_val': 0.5292803302816435, 'hidden_size': 62, 'dropout': 0.11761863780276609, 'hidden_continuous_size': 15, 'attention_head_size': 4, 'learning_rate': 0.019640531182582157}. Best is trial 3 with value: 0.13930962979793549.
LOCAL_RANK: 0 - CUDA_VISIBLE_DEVICES: [0]
[I 2023-11-30 16:00:34,080] Trial 4 finished with value: 3.3101370334625244 and parameters: {'gradient_clip_val': 0.5054820782684232, 'hidden_size': 15, 'dropout': 0.2363287808090913, 'hidden_continuous_size': 10, 'attention_head_size': 2, 'learning_rate': 0.003564717007263848}. Best is trial 3 with value: 0.13930962979793549.
LOCAL_RANK: 0 - CUDA_VISIBLE_DEVICES: [0]
[I 2023-11-30 16:00:47,367] Trial 5 finished with value: 0.9155357480049133 and parameters: {'gradient_clip_val': 0.4063290932462671, 'hidden_size': 23, 'dropout': 0.30709806844141824, 'hidden_continuous_size': 14, 'attention_head_size': 1, 'learning_rate': 0.007545579083956792}. Best is trial 3 with value: 0.13930962979793549.
LOCAL_RANK: 0 - CUDA_VISIBLE_DEVICES: [0]
[I 2023-11-30 16:00:58,134] Trial 6 finished with value: 1.6405309438705444 and parameters: {'gradient_clip_val': 0.7006394959560507, 'hidden_size': 10, 'dropout': 0.3768093619632191, 'hidden_continuous_size': 10, 'attention_head_size': 4, 'learning_rate': 0.010312941378501531}. Best is trial 3 with value: 0.13930962979793549.
LOCAL_RANK: 0 - CUDA_VISIBLE_DEVICES: [0]
[I 2023-11-30 16:01:11,620] Trial 7 finished with value: 2.4076013565063477 and parameters: {'gradient_clip_val': 0.28715482204138154, 'hidden_size': 12, 'dropout': 0.21417484782743057, 'hidden_continuous_size': 10, 'attention_head_size': 1, 'learning_rate': 0.0016621002635143572}. Best is trial 3 with value: 0.13930962979793549.
LOCAL_RANK: 0 - CUDA_VISIBLE_DEVICES: [0]
[I 2023-11-30 16:01:25,880] Trial 8 finished with value: 0.1539919376373291 and parameters: {'gradient_clip_val': 0.12425524556802198, 'hidden_size': 72, 'dropout': 0.2238608019854243, 'hidden_continuous_size': 29, 'attention_head_size': 1, 'learning_rate': 0.010920786856479429}. Best is trial 3 with value: 0.13930962979793549.
LOCAL_RANK: 0 - CUDA_VISIBLE_DEVICES: [0]
[I 2023-11-30 16:01:40,741] Trial 9 finished with value: 0.28705570101737976 and parameters: {'gradient_clip_val': 0.12350011622739748, 'hidden_size': 86, 'dropout': 0.25812369602002444, 'hidden_continuous_size': 13, 'attention_head_size': 4, 'learning_rate': 0.009411976592903448}. Best is trial 3 with value: 0.13930962979793549.
LOCAL_RANK: 0 - CUDA_VISIBLE_DEVICES: [0]
[I 2023-11-30 16:01:56,197] Trial 10 finished with value: 0.13697318732738495 and parameters: {'gradient_clip_val': 0.24797271584247996, 'hidden_size': 139, 'dropout': 0.10119201775958594, 'hidden_continuous_size': 56, 'attention_head_size': 3, 'learning_rate': 0.05878933378627197}. Best is trial 10 with value: 0.13697318732738495.
LOCAL_RANK: 0 - CUDA_VISIBLE_DEVICES: [0]
[I 2023-11-30 16:02:11,504] Trial 11 finished with value: 0.5009536743164062 and parameters: {'gradient_clip_val': 0.24453745855972597, 'hidden_size': 150, 'dropout': 0.10020868187190664, 'hidden_continuous_size': 57, 'attention_head_size': 3, 'learning_rate': 0.05985842170668394}. Best is trial 10 with value: 0.13697318732738495.
LOCAL_RANK: 0 - CUDA_VISIBLE_DEVICES: [0]
[I 2023-11-30 16:02:27,271] Trial 12 finished with value: 0.1233842745423317 and parameters: {'gradient_clip_val': 0.23944961785975058, 'hidden_size': 134, 'dropout': 0.10235560284582082, 'hidden_continuous_size': 121, 'attention_head_size': 3, 'learning_rate': 0.055106619606004874}. Best is trial 12 with value: 0.1233842745423317.
LOCAL_RANK: 0 - CUDA_VISIBLE_DEVICES: [0]
[I 2023-11-30 16:02:43,286] Trial 13 finished with value: 0.14688505232334137 and parameters: {'gradient_clip_val': 0.20817692764581155, 'hidden_size': 143, 'dropout': 0.14427954810006827, 'hidden_continuous_size': 133, 'attention_head_size': 3, 'learning_rate': 0.098315479213762}. Best is trial 12 with value: 0.1233842745423317.
LOCAL_RANK: 0 - CUDA_VISIBLE_DEVICES: [0]
[I 2023-11-30 16:02:58,702] Trial 14 finished with value: 0.14994245767593384 and parameters: {'gradient_clip_val': 0.19286187778337566, 'hidden_size': 103, 'dropout': 0.1537833786577465, 'hidden_continuous_size': 82, 'attention_head_size': 2, 'learning_rate': 0.03861415756460199}. Best is trial 12 with value: 0.1233842745423317.
LOCAL_RANK: 0 - CUDA_VISIBLE_DEVICES: [0]
[I 2023-11-30 16:03:13,694] Trial 15 finished with value: 0.234484001994133 and parameters: {'gradient_clip_val': 0.1949583511853113, 'hidden_size': 112, 'dropout': 0.12340149825589983, 'hidden_continuous_size': 50, 'attention_head_size': 2, 'learning_rate': 0.031158676711970732}. Best is trial 12 with value: 0.1233842745423317.
LOCAL_RANK: 0 - CUDA_VISIBLE_DEVICES: [0]
[I 2023-11-30 16:03:27,753] Trial 16 finished with value: 0.15092219412326813 and parameters: {'gradient_clip_val': 0.3079387518289761, 'hidden_size': 56, 'dropout': 0.14208756265181283, 'hidden_continuous_size': 32, 'attention_head_size': 3, 'learning_rate': 0.07588412519021823}. Best is trial 12 with value: 0.1233842745423317.
LOCAL_RANK: 0 - CUDA_VISIBLE_DEVICES: [0]
[I 2023-11-30 16:03:42,692] Trial 17 finished with value: 0.10792618989944458 and parameters: {'gradient_clip_val': 0.15589448093228608, 'hidden_size': 86, 'dropout': 0.11458551648622971, 'hidden_continuous_size': 41, 'attention_head_size': 3, 'learning_rate': 0.04222143965335832}. Best is trial 17 with value: 0.10792618989944458.
LOCAL_RANK: 0 - CUDA_VISIBLE_DEVICES: [0]
[I 2023-11-30 16:03:57,859] Trial 18 finished with value: 0.15473972260951996 and parameters: {'gradient_clip_val': 0.15645709379469736, 'hidden_size': 93, 'dropout': 0.17093682970609708, 'hidden_continuous_size': 36, 'attention_head_size': 2, 'learning_rate': 0.03608274815513297}. Best is trial 17 with value: 0.10792618989944458.
LOCAL_RANK: 0 - CUDA_VISIBLE_DEVICES: [0]
[I 2023-11-30 16:04:12,297] Trial 19 finished with value: 0.1686125248670578 and parameters: {'gradient_clip_val': 0.1079746721047181, 'hidden_size': 75, 'dropout': 0.13234710270204922, 'hidden_continuous_size': 24, 'attention_head_size': 3, 'learning_rate': 0.022452585816755806}. Best is trial 17 with value: 0.10792618989944458.
LOCAL_RANK: 0 - CUDA_VISIBLE_DEVICES: [0]
[I 2023-11-30 16:04:24,815] Trial 20 finished with value: 0.17318059504032135 and parameters: {'gradient_clip_val': 0.14474583665754345, 'hidden_size': 118, 'dropout': 0.10026347425623952, 'hidden_continuous_size': 118, 'attention_head_size': 2, 'learning_rate': 0.04660347288373782}. Best is trial 17 with value: 0.10792618989944458.
LOCAL_RANK: 0 - CUDA_VISIBLE_DEVICES: [0]
[I 2023-11-30 16:04:40,046] Trial 21 finished with value: 0.17206062376499176 and parameters: {'gradient_clip_val': 0.24391778579869744, 'hidden_size': 124, 'dropout': 0.10324950939270704, 'hidden_continuous_size': 47, 'attention_head_size': 3, 'learning_rate': 0.05687873458896969}. Best is trial 17 with value: 0.10792618989944458.
LOCAL_RANK: 0 - CUDA_VISIBLE_DEVICES: [0]
[I 2023-11-30 16:04:55,132] Trial 22 finished with value: 0.1801900863647461 and parameters: {'gradient_clip_val': 0.16779689400983971, 'hidden_size': 94, 'dropout': 0.13407583234495446, 'hidden_continuous_size': 66, 'attention_head_size': 3, 'learning_rate': 0.0911521281637075}. Best is trial 17 with value: 0.10792618989944458.
LOCAL_RANK: 0 - CUDA_VISIBLE_DEVICES: [0]
[I 2023-11-30 16:05:10,874] Trial 23 finished with value: 0.3007706105709076 and parameters: {'gradient_clip_val': 0.2392335151862479, 'hidden_size': 145, 'dropout': 0.1601349815467564, 'hidden_continuous_size': 97, 'attention_head_size': 3, 'learning_rate': 0.05445536121317101}. Best is trial 17 with value: 0.10792618989944458.
LOCAL_RANK: 0 - CUDA_VISIBLE_DEVICES: [0]
[I 2023-11-30 16:05:26,320] Trial 24 finished with value: 0.09716937690973282 and parameters: {'gradient_clip_val': 0.17072704734861963, 'hidden_size': 114, 'dropout': 0.11564151315785123, 'hidden_continuous_size': 72, 'attention_head_size': 3, 'learning_rate': 0.029352470145585462}. Best is trial 24 with value: 0.09716937690973282.
LOCAL_RANK: 0 - CUDA_VISIBLE_DEVICES: [0]
[I 2023-11-30 16:05:41,073] Trial 25 finished with value: 0.11401593685150146 and parameters: {'gradient_clip_val': 0.16726510191618968, 'hidden_size': 107, 'dropout': 0.18623900584738845, 'hidden_continuous_size': 72, 'attention_head_size': 2, 'learning_rate': 0.027028562364868374}. Best is trial 24 with value: 0.09716937690973282.
LOCAL_RANK: 0 - CUDA_VISIBLE_DEVICES: [0]
[I 2023-11-30 16:05:55,859] Trial 26 finished with value: 0.08112788200378418 and parameters: {'gradient_clip_val': 0.10055834108773491, 'hidden_size': 77, 'dropout': 0.18565146157644352, 'hidden_continuous_size': 41, 'attention_head_size': 2, 'learning_rate': 0.031094133178836896}. Best is trial 26 with value: 0.08112788200378418.
LOCAL_RANK: 0 - CUDA_VISIBLE_DEVICES: [0]
[I 2023-11-30 16:06:10,429] Trial 27 finished with value: 0.1617991030216217 and parameters: {'gradient_clip_val': 0.11635105439773123, 'hidden_size': 74, 'dropout': 0.1578666351095523, 'hidden_continuous_size': 41, 'attention_head_size': 2, 'learning_rate': 0.019279367433044294}. Best is trial 26 with value: 0.08112788200378418.
LOCAL_RANK: 0 - CUDA_VISIBLE_DEVICES: [0]
[I 2023-11-30 16:06:24,383] Trial 28 finished with value: 0.15075255930423737 and parameters: {'gradient_clip_val': 0.10182503899111364, 'hidden_size': 62, 'dropout': 0.19468971865042, 'hidden_continuous_size': 41, 'attention_head_size': 2, 'learning_rate': 0.0318245453130329}. Best is trial 26 with value: 0.08112788200378418.
LOCAL_RANK: 0 - CUDA_VISIBLE_DEVICES: [0]
[I 2023-11-30 16:06:39,230] Trial 29 finished with value: 0.12462916225194931 and parameters: {'gradient_clip_val': 0.14305074922688893, 'hidden_size': 86, 'dropout': 0.14412039546245184, 'hidden_continuous_size': 37, 'attention_head_size': 1, 'learning_rate': 0.03843027213929102}. Best is trial 26 with value: 0.08112788200378418.
LOCAL_RANK: 0 - CUDA_VISIBLE_DEVICES: [0]
[I 2023-11-30 16:06:53,420] Trial 30 finished with value: 0.20927917957305908 and parameters: {'gradient_clip_val': 0.13156940836836642, 'hidden_size': 49, 'dropout': 0.12556510147039696, 'hidden_continuous_size': 27, 'attention_head_size': 3, 'learning_rate': 0.01641264055204421}. Best is trial 26 with value: 0.08112788200378418.
LOCAL_RANK: 0 - CUDA_VISIBLE_DEVICES: [0]
[I 2023-11-30 16:07:09,495] Trial 31 finished with value: 0.12151917070150375 and parameters: {'gradient_clip_val': 0.16550650479802803, 'hidden_size': 110, 'dropout': 0.18476873709810504, 'hidden_continuous_size': 74, 'attention_head_size': 2, 'learning_rate': 0.025831100386406295}. Best is trial 26 with value: 0.08112788200378418.
LOCAL_RANK: 0 - CUDA_VISIBLE_DEVICES: [0]
[I 2023-11-30 16:07:24,417] Trial 32 finished with value: 0.10755421966314316 and parameters: {'gradient_clip_val': 0.1322620750315016, 'hidden_size': 107, 'dropout': 0.20383707466295187, 'hidden_continuous_size': 64, 'attention_head_size': 2, 'learning_rate': 0.026080922992113714}. Best is trial 26 with value: 0.08112788200378418.
LOCAL_RANK: 0 - CUDA_VISIBLE_DEVICES: [0]
[I 2023-11-30 16:07:39,284] Trial 33 finished with value: 0.13451142609119415 and parameters: {'gradient_clip_val': 0.13256589197653817, 'hidden_size': 86, 'dropout': 0.20289716522460946, 'hidden_continuous_size': 59, 'attention_head_size': 2, 'learning_rate': 0.025417997540460358}. Best is trial 26 with value: 0.08112788200378418.
LOCAL_RANK: 0 - CUDA_VISIBLE_DEVICES: [0]
[I 2023-11-30 16:07:53,366] Trial 34 finished with value: 0.23349635303020477 and parameters: {'gradient_clip_val': 0.10368018842451109, 'hidden_size': 38, 'dropout': 0.174218711283882, 'hidden_continuous_size': 30, 'attention_head_size': 4, 'learning_rate': 0.014733821810350036}. Best is trial 26 with value: 0.08112788200378418.
LOCAL_RANK: 0 - CUDA_VISIBLE_DEVICES: [0]
[I 2023-11-30 16:08:08,431] Trial 35 finished with value: 0.1342228502035141 and parameters: {'gradient_clip_val': 0.1000147889796017, 'hidden_size': 102, 'dropout': 0.16615103711174115, 'hidden_continuous_size': 48, 'attention_head_size': 2, 'learning_rate': 0.020129450375006942}. Best is trial 26 with value: 0.08112788200378418.
LOCAL_RANK: 0 - CUDA_VISIBLE_DEVICES: [0]
[I 2023-11-30 16:08:23,837] Trial 36 finished with value: 0.1246175542473793 and parameters: {'gradient_clip_val': 0.11524782551554222, 'hidden_size': 122, 'dropout': 0.12080916971606373, 'hidden_continuous_size': 64, 'attention_head_size': 3, 'learning_rate': 0.043310152174417464}. Best is trial 26 with value: 0.08112788200378418.
LOCAL_RANK: 0 - CUDA_VISIBLE_DEVICES: [0]
[I 2023-11-30 16:08:38,151] Trial 37 finished with value: 0.1030089482665062 and parameters: {'gradient_clip_val': 0.13521851241326138, 'hidden_size': 64, 'dropout': 0.2083923720963839, 'hidden_continuous_size': 51, 'attention_head_size': 1, 'learning_rate': 0.03159886154089077}. Best is trial 26 with value: 0.08112788200378418.
LOCAL_RANK: 0 - CUDA_VISIBLE_DEVICES: [0]
[I 2023-11-30 16:08:52,689] Trial 38 finished with value: 0.14207740128040314 and parameters: {'gradient_clip_val': 0.11700874153390574, 'hidden_size': 62, 'dropout': 0.20900173583131118, 'hidden_continuous_size': 50, 'attention_head_size': 1, 'learning_rate': 0.013287902473400828}. Best is trial 26 with value: 0.08112788200378418.
LOCAL_RANK: 0 - CUDA_VISIBLE_DEVICES: [0]
[I 2023-11-30 16:09:06,065] Trial 39 finished with value: 0.1158469095826149 and parameters: {'gradient_clip_val': 0.14258485843320853, 'hidden_size': 41, 'dropout': 0.24026642473986876, 'hidden_continuous_size': 20, 'attention_head_size': 1, 'learning_rate': 0.03053655381230987}. Best is trial 26 with value: 0.08112788200378418.
LOCAL_RANK: 0 - CUDA_VISIBLE_DEVICES: [0]
[I 2023-11-30 16:09:21,190] Trial 40 finished with value: 0.18616199493408203 and parameters: {'gradient_clip_val': 0.13025759850305535, 'hidden_size': 51, 'dropout': 0.22404981450060604, 'hidden_continuous_size': 44, 'attention_head_size': 1, 'learning_rate': 0.017920948730991162}. Best is trial 26 with value: 0.08112788200378418.
LOCAL_RANK: 0 - CUDA_VISIBLE_DEVICES: [0]
[I 2023-11-30 16:09:36,631] Trial 41 finished with value: 0.1051657423377037 and parameters: {'gradient_clip_val': 0.15388005659235113, 'hidden_size': 71, 'dropout': 0.18130191251868966, 'hidden_continuous_size': 53, 'attention_head_size': 1, 'learning_rate': 0.02340605034211967}. Best is trial 26 with value: 0.08112788200378418.
LOCAL_RANK: 0 - CUDA_VISIBLE_DEVICES: [0]
[I 2023-11-30 16:09:51,100] Trial 42 finished with value: 0.10889033228158951 and parameters: {'gradient_clip_val': 0.11447597332645279, 'hidden_size': 64, 'dropout': 0.19564805583623351, 'hidden_continuous_size': 54, 'attention_head_size': 1, 'learning_rate': 0.022176808259589804}. Best is trial 26 with value: 0.08112788200378418.
LOCAL_RANK: 0 - CUDA_VISIBLE_DEVICES: [0]
[I 2023-11-30 16:10:05,610] Trial 43 finished with value: 0.1859803944826126 and parameters: {'gradient_clip_val': 0.12758563699243958, 'hidden_size': 77, 'dropout': 0.18685557977296977, 'hidden_continuous_size': 55, 'attention_head_size': 1, 'learning_rate': 0.03095657839626492}. Best is trial 26 with value: 0.08112788200378418.
LOCAL_RANK: 0 - CUDA_VISIBLE_DEVICES: [0]
[I 2023-11-30 16:10:19,804] Trial 44 finished with value: 0.19043846428394318 and parameters: {'gradient_clip_val': 0.1828454095363248, 'hidden_size': 67, 'dropout': 0.21768071991480198, 'hidden_continuous_size': 51, 'attention_head_size': 1, 'learning_rate': 0.012054400532531226}. Best is trial 26 with value: 0.08112788200378418.
LOCAL_RANK: 0 - CUDA_VISIBLE_DEVICES: [0]
[I 2023-11-30 16:10:34,464] Trial 45 finished with value: 0.1941865086555481 and parameters: {'gradient_clip_val': 0.1415750559096381, 'hidden_size': 54, 'dropout': 0.25380895667144004, 'hidden_continuous_size': 43, 'attention_head_size': 1, 'learning_rate': 0.015443758262534949}. Best is trial 26 with value: 0.08112788200378418.
LOCAL_RANK: 0 - CUDA_VISIBLE_DEVICES: [0]
[I 2023-11-30 16:10:48,941] Trial 46 finished with value: 0.3279785215854645 and parameters: {'gradient_clip_val': 0.17536460762638567, 'hidden_size': 44, 'dropout': 0.17599046008457309, 'hidden_continuous_size': 37, 'attention_head_size': 1, 'learning_rate': 0.007783563939742709}. Best is trial 26 with value: 0.08112788200378418.
LOCAL_RANK: 0 - CUDA_VISIBLE_DEVICES: [0]
[I 2023-11-30 16:11:03,973] Trial 47 finished with value: 0.18632711470127106 and parameters: {'gradient_clip_val': 0.1520184202923582, 'hidden_size': 76, 'dropout': 0.20918141861804318, 'hidden_continuous_size': 60, 'attention_head_size': 1, 'learning_rate': 0.022770058866269212}. Best is trial 26 with value: 0.08112788200378418.
LOCAL_RANK: 0 - CUDA_VISIBLE_DEVICES: [0]
[I 2023-11-30 16:11:17,765] Trial 48 finished with value: 0.18173325061798096 and parameters: {'gradient_clip_val': 0.20365985332673806, 'hidden_size': 34, 'dropout': 0.23567864497056612, 'hidden_continuous_size': 31, 'attention_head_size': 4, 'learning_rate': 0.01766042919496486}. Best is trial 26 with value: 0.08112788200378418.
LOCAL_RANK: 0 - CUDA_VISIBLE_DEVICES: [0]
[I 2023-11-30 16:11:32,849] Trial 49 finished with value: 0.11347083002328873 and parameters: {'gradient_clip_val': 0.12310946978718167, 'hidden_size': 100, 'dropout': 0.1544595329563125, 'hidden_continuous_size': 64, 'attention_head_size': 2, 'learning_rate': 0.03550130545971981}. Best is trial 26 with value: 0.08112788200378418.
LOCAL_RANK: 0 - CUDA_VISIBLE_DEVICES: [0]
[I 2023-11-30 16:11:47,534] Trial 50 finished with value: 0.09588909149169922 and parameters: {'gradient_clip_val': 0.11007311072147187, 'hidden_size': 57, 'dropout': 0.2661257490128682, 'hidden_continuous_size': 47, 'attention_head_size': 2, 'learning_rate': 0.026928446003668477}. Best is trial 26 with value: 0.08112788200378418.
LOCAL_RANK: 0 - CUDA_VISIBLE_DEVICES: [0]
[I 2023-11-30 16:12:01,889] Trial 51 finished with value: 0.1292913407087326 and parameters: {'gradient_clip_val': 0.11030351897568622, 'hidden_size': 59, 'dropout': 0.26715819129688323, 'hidden_continuous_size': 46, 'attention_head_size': 2, 'learning_rate': 0.027660870629223493}. Best is trial 26 with value: 0.08112788200378418.
LOCAL_RANK: 0 - CUDA_VISIBLE_DEVICES: [0]
[I 2023-11-30 16:12:16,302] Trial 52 finished with value: 0.12200690060853958 and parameters: {'gradient_clip_val': 0.13519268169766624, 'hidden_size': 69, 'dropout': 0.22535303387071254, 'hidden_continuous_size': 53, 'attention_head_size': 2, 'learning_rate': 0.02151081802579286}. Best is trial 26 with value: 0.08112788200378418.
LOCAL_RANK: 0 - CUDA_VISIBLE_DEVICES: [0]
[I 2023-11-30 16:12:30,331] Trial 53 finished with value: 0.19369198381900787 and parameters: {'gradient_clip_val': 0.10005531518498632, 'hidden_size': 56, 'dropout': 0.20191267654924622, 'hidden_continuous_size': 47, 'attention_head_size': 2, 'learning_rate': 0.04645083792468002}. Best is trial 26 with value: 0.08112788200378418.
LOCAL_RANK: 0 - CUDA_VISIBLE_DEVICES: [0]
[I 2023-11-30 16:12:45,557] Trial 54 finished with value: 0.14764127135276794 and parameters: {'gradient_clip_val': 0.15425916898384093, 'hidden_size': 81, 'dropout': 0.18177569801803367, 'hidden_continuous_size': 58, 'attention_head_size': 2, 'learning_rate': 0.025288995983875677}. Best is trial 26 with value: 0.08112788200378418.
LOCAL_RANK: 0 - CUDA_VISIBLE_DEVICES: [0]
[I 2023-11-30 16:13:00,350] Trial 55 finished with value: 0.13048648834228516 and parameters: {'gradient_clip_val': 0.11920051423701959, 'hidden_size': 69, 'dropout': 0.16659976215384434, 'hidden_continuous_size': 52, 'attention_head_size': 2, 'learning_rate': 0.034697374063029966}. Best is trial 26 with value: 0.08112788200378418.
LOCAL_RANK: 0 - CUDA_VISIBLE_DEVICES: [0]
[I 2023-11-30 16:13:15,026] Trial 56 finished with value: 0.08558303117752075 and parameters: {'gradient_clip_val': 0.10994423734768952, 'hidden_size': 92, 'dropout': 0.19190195476276, 'hidden_continuous_size': 63, 'attention_head_size': 1, 'learning_rate': 0.03838294719546415}. Best is trial 26 with value: 0.08112788200378418.
LOCAL_RANK: 0 - CUDA_VISIBLE_DEVICES: [0]
[I 2023-11-30 16:13:29,753] Trial 57 finished with value: 0.11792191118001938 and parameters: {'gradient_clip_val': 0.1069321675028829, 'hidden_size': 90, 'dropout': 0.14837712356356597, 'hidden_continuous_size': 57, 'attention_head_size': 1, 'learning_rate': 0.06778539071933445}. Best is trial 26 with value: 0.08112788200378418.
LOCAL_RANK: 0 - CUDA_VISIBLE_DEVICES: [0]
