[I 2023-11-30 14:50:11,326] Trial 12 finished with value: 0.3316625654697418 and parameters: {'gradient_clip_val': 0.9219063002145687, 'hidden_size': 79, 'dropout': 0.10986828045391402, 'hidden_continuous_size': 77, 'attention_head_size': 2, 'learning_rate': 0.09975062637972344}. Best is trial 11 with value: 0.1773584485054016.
LOCAL_RANK: 0 - CUDA_VISIBLE_DEVICES: [0]
[I 2023-11-30 14:50:26,336] Trial 13 finished with value: 0.36781057715415955 and parameters: {'gradient_clip_val': 0.6401541031176037, 'hidden_size': 141, 'dropout': 0.16895417419470585, 'hidden_continuous_size': 136, 'attention_head_size': 2, 'learning_rate': 0.03465737532680425}. Best is trial 11 with value: 0.1773584485054016.
LOCAL_RANK: 0 - CUDA_VISIBLE_DEVICES: [0]
[I 2023-11-30 14:50:40,349] Trial 14 finished with value: 0.2896058261394501 and parameters: {'gradient_clip_val': 0.6034930319078314, 'hidden_size': 85, 'dropout': 0.2713813879122594, 'hidden_continuous_size': 37, 'attention_head_size': 3, 'learning_rate': 0.047313540866637166}. Best is trial 11 with value: 0.1773584485054016.
LOCAL_RANK: 0 - CUDA_VISIBLE_DEVICES: [0]
[I 2023-11-30 14:50:53,666] Trial 15 finished with value: 0.2592982351779938 and parameters: {'gradient_clip_val': 0.9894591740164791, 'hidden_size': 52, 'dropout': 0.29164656098063274, 'hidden_continuous_size': 26, 'attention_head_size': 3, 'learning_rate': 0.040917339380022524}. Best is trial 11 with value: 0.1773584485054016.
LOCAL_RANK: 0 - CUDA_VISIBLE_DEVICES: [0]
[I 2023-11-30 14:51:06,872] Trial 16 finished with value: 0.37197303771972656 and parameters: {'gradient_clip_val': 0.9020366614844251, 'hidden_size': 50, 'dropout': 0.2847046761637249, 'hidden_continuous_size': 21, 'attention_head_size': 1, 'learning_rate': 0.026305471103652125}. Best is trial 11 with value: 0.1773584485054016.
LOCAL_RANK: 0 - CUDA_VISIBLE_DEVICES: [0]
[I 2023-11-30 14:51:20,156] Trial 17 finished with value: 0.28460851311683655 and parameters: {'gradient_clip_val': 0.9961577452547209, 'hidden_size': 49, 'dropout': 0.3062890149375691, 'hidden_continuous_size': 25, 'attention_head_size': 2, 'learning_rate': 0.09845212657098204}. Best is trial 11 with value: 0.1773584485054016.
LOCAL_RANK: 0 - CUDA_VISIBLE_DEVICES: [0]
[I 2023-11-30 14:51:34,080] Trial 18 finished with value: 0.19633859395980835 and parameters: {'gradient_clip_val': 0.7500481641888912, 'hidden_size': 73, 'dropout': 0.2377161663496381, 'hidden_continuous_size': 33, 'attention_head_size': 3, 'learning_rate': 0.040678895665141206}. Best is trial 11 with value: 0.1773584485054016.
LOCAL_RANK: 0 - CUDA_VISIBLE_DEVICES: [0]
[I 2023-11-30 14:51:48,007] Trial 19 finished with value: 0.4450167119503021 and parameters: {'gradient_clip_val': 0.7396133066609235, 'hidden_size': 82, 'dropout': 0.2338708957657184, 'hidden_continuous_size': 34, 'attention_head_size': 2, 'learning_rate': 0.018816818737535948}. Best is trial 11 with value: 0.1773584485054016.
LOCAL_RANK: 0 - CUDA_VISIBLE_DEVICES: [0]
[I 2023-11-30 14:52:02,074] Trial 20 finished with value: 0.3671175241470337 and parameters: {'gradient_clip_val': 0.5130747579287428, 'hidden_size': 96, 'dropout': 0.20600739006378932, 'hidden_continuous_size': 43, 'attention_head_size': 3, 'learning_rate': 0.06202339762267666}. Best is trial 11 with value: 0.1773584485054016.
LOCAL_RANK: 0 - CUDA_VISIBLE_DEVICES: [0]
[I 2023-11-30 14:52:16,015] Trial 21 finished with value: 0.4597747325897217 and parameters: {'gradient_clip_val': 0.7501921026030219, 'hidden_size': 65, 'dropout': 0.25771698270886245, 'hidden_continuous_size': 29, 'attention_head_size': 3, 'learning_rate': 0.03995869094918938}. Best is trial 11 with value: 0.1773584485054016.
LOCAL_RANK: 0 - CUDA_VISIBLE_DEVICES: [0]
[I 2023-11-30 14:52:29,213] Trial 22 finished with value: 0.36418452858924866 and parameters: {'gradient_clip_val': 0.7543259456576469, 'hidden_size': 49, 'dropout': 0.30171616991786543, 'hidden_continuous_size': 21, 'attention_head_size': 3, 'learning_rate': 0.0656952918657755}. Best is trial 11 with value: 0.1773584485054016.
LOCAL_RANK: 0 - CUDA_VISIBLE_DEVICES: [0]
[I 2023-11-30 14:52:42,839] Trial 23 finished with value: 0.3140595555305481 and parameters: {'gradient_clip_val': 0.9880185799820062, 'hidden_size': 73, 'dropout': 0.24439428137932961, 'hidden_continuous_size': 31, 'attention_head_size': 3, 'learning_rate': 0.04047967969625216}. Best is trial 11 with value: 0.1773584485054016.
LOCAL_RANK: 0 - CUDA_VISIBLE_DEVICES: [0]
[I 2023-11-30 14:52:56,234] Trial 24 finished with value: 0.40690743923187256 and parameters: {'gradient_clip_val': 0.5064017254126765, 'hidden_size': 58, 'dropout': 0.19207072688404625, 'hidden_continuous_size': 22, 'attention_head_size': 2, 'learning_rate': 0.03264678903120773}. Best is trial 11 with value: 0.1773584485054016.
LOCAL_RANK: 0 - CUDA_VISIBLE_DEVICES: [0]
[I 2023-11-30 14:53:10,644] Trial 25 finished with value: 0.22541503608226776 and parameters: {'gradient_clip_val': 0.812093580709213, 'hidden_size': 101, 'dropout': 0.1346136643621151, 'hidden_continuous_size': 46, 'attention_head_size': 3, 'learning_rate': 0.07332058425054028}. Best is trial 11 with value: 0.1773584485054016.
LOCAL_RANK: 0 - CUDA_VISIBLE_DEVICES: [0]
[I 2023-11-30 14:53:25,088] Trial 26 finished with value: 0.24439255893230438 and parameters: {'gradient_clip_val': 0.6857664334612192, 'hidden_size': 100, 'dropout': 0.13292603265784983, 'hidden_continuous_size': 50, 'attention_head_size': 4, 'learning_rate': 0.06768796620984585}. Best is trial 11 with value: 0.1773584485054016.
LOCAL_RANK: 0 - CUDA_VISIBLE_DEVICES: [0]
[I 2023-11-30 14:53:39,417] Trial 27 finished with value: 0.22934609651565552 and parameters: {'gradient_clip_val': 0.8224476063572277, 'hidden_size': 110, 'dropout': 0.13694609228127164, 'hidden_continuous_size': 52, 'attention_head_size': 2, 'learning_rate': 0.08788654721057065}. Best is trial 11 with value: 0.1773584485054016.
LOCAL_RANK: 0 - CUDA_VISIBLE_DEVICES: [0]
[I 2023-11-30 14:53:52,987] Trial 28 finished with value: 0.2259845733642578 and parameters: {'gradient_clip_val': 0.5456839175557038, 'hidden_size': 76, 'dropout': 0.15510314018145452, 'hidden_continuous_size': 31, 'attention_head_size': 1, 'learning_rate': 0.052068373584443155}. Best is trial 11 with value: 0.1773584485054016.
LOCAL_RANK: 0 - CUDA_VISIBLE_DEVICES: [0]
[I 2023-11-30 14:54:08,005] Trial 29 finished with value: 0.3119015097618103 and parameters: {'gradient_clip_val': 0.6650519992669615, 'hidden_size': 150, 'dropout': 0.17316437871142742, 'hidden_continuous_size': 89, 'attention_head_size': 3, 'learning_rate': 0.08191505854043718}. Best is trial 11 with value: 0.1773584485054016.
LOCAL_RANK: 0 - CUDA_VISIBLE_DEVICES: [0]
[I 2023-11-30 14:54:22,491] Trial 30 finished with value: 0.38556036353111267 and parameters: {'gradient_clip_val': 0.8162230354162135, 'hidden_size': 107, 'dropout': 0.13073118793111782, 'hidden_continuous_size': 38, 'attention_head_size': 3, 'learning_rate': 0.020013711144333486}. Best is trial 11 with value: 0.1773584485054016.
LOCAL_RANK: 0 - CUDA_VISIBLE_DEVICES: [0]
[I 2023-11-30 14:54:36,404] Trial 31 finished with value: 0.4549238681793213 and parameters: {'gradient_clip_val': 0.5614034511634178, 'hidden_size': 77, 'dropout': 0.1464830529617468, 'hidden_continuous_size': 34, 'attention_head_size': 1, 'learning_rate': 0.051255608718658}. Best is trial 11 with value: 0.1773584485054016.
LOCAL_RANK: 0 - CUDA_VISIBLE_DEVICES: [0]
[I 2023-11-30 14:54:50,023] Trial 32 finished with value: 0.3754168450832367 and parameters: {'gradient_clip_val': 0.6972320291398068, 'hidden_size': 88, 'dropout': 0.15741882173719077, 'hidden_continuous_size': 31, 'attention_head_size': 1, 'learning_rate': 0.05115184463853034}. Best is trial 11 with value: 0.1773584485054016.
LOCAL_RANK: 0 - CUDA_VISIBLE_DEVICES: [0]
[I 2023-11-30 14:55:03,740] Trial 33 finished with value: 0.41217172145843506 and parameters: {'gradient_clip_val': 0.5240754083043508, 'hidden_size': 71, 'dropout': 0.10187218411333623, 'hidden_continuous_size': 41, 'attention_head_size': 1, 'learning_rate': 0.0764318052382014}. Best is trial 11 with value: 0.1773584485054016.
LOCAL_RANK: 0 - CUDA_VISIBLE_DEVICES: [0]
[I 2023-11-30 14:55:18,039] Trial 34 finished with value: 0.26389095187187195 and parameters: {'gradient_clip_val': 0.8512816438560464, 'hidden_size': 124, 'dropout': 0.12282464596238922, 'hidden_continuous_size': 53, 'attention_head_size': 2, 'learning_rate': 0.0615601361366581}. Best is trial 11 with value: 0.1773584485054016.
LOCAL_RANK: 0 - CUDA_VISIBLE_DEVICES: [0]
[I 2023-11-30 14:55:32,501] Trial 35 finished with value: 0.22912390530109406 and parameters: {'gradient_clip_val': 0.6153406795388118, 'hidden_size': 125, 'dropout': 0.16404549676662808, 'hidden_continuous_size': 44, 'attention_head_size': 4, 'learning_rate': 0.05080757230651047}. Best is trial 11 with value: 0.1773584485054016.
LOCAL_RANK: 0 - CUDA_VISIBLE_DEVICES: [0]
[I 2023-11-30 14:55:46,946] Trial 36 finished with value: 0.3092447817325592 and parameters: {'gradient_clip_val': 0.7076670549791247, 'hidden_size': 115, 'dropout': 0.18595484289229045, 'hidden_continuous_size': 37, 'attention_head_size': 2, 'learning_rate': 0.09980144757515493}. Best is trial 11 with value: 0.1773584485054016.
LOCAL_RANK: 0 - CUDA_VISIBLE_DEVICES: [0]
[I 2023-11-30 14:56:00,969] Trial 37 finished with value: 0.3102678060531616 and parameters: {'gradient_clip_val': 0.4719659497479612, 'hidden_size': 87, 'dropout': 0.12217221888369849, 'hidden_continuous_size': 48, 'attention_head_size': 1, 'learning_rate': 0.07348623850668233}. Best is trial 11 with value: 0.1773584485054016.
LOCAL_RANK: 0 - CUDA_VISIBLE_DEVICES: [0]
[I 2023-11-30 14:56:15,238] Trial 38 finished with value: 0.2107638567686081 and parameters: {'gradient_clip_val': 0.36099648929970657, 'hidden_size': 94, 'dropout': 0.19902305600250375, 'hidden_continuous_size': 40, 'attention_head_size': 4, 'learning_rate': 0.05649236331304981}. Best is trial 11 with value: 0.1773584485054016.
LOCAL_RANK: 0 - CUDA_VISIBLE_DEVICES: [0]
[I 2023-11-30 14:56:29,595] Trial 39 finished with value: 0.2481258511543274 and parameters: {'gradient_clip_val': 0.297504035298112, 'hidden_size': 100, 'dropout': 0.20115135251275945, 'hidden_continuous_size': 57, 'attention_head_size': 4, 'learning_rate': 0.0277731076248841}. Best is trial 11 with value: 0.1773584485054016.
LOCAL_RANK: 0 - CUDA_VISIBLE_DEVICES: [0]
[I 2023-11-30 14:56:44,088] Trial 40 finished with value: 0.275447279214859 and parameters: {'gradient_clip_val': 0.3351264183366905, 'hidden_size': 122, 'dropout': 0.22146871803173349, 'hidden_continuous_size': 45, 'attention_head_size': 4, 'learning_rate': 0.07326023940540992}. Best is trial 11 with value: 0.1773584485054016.
LOCAL_RANK: 0 - CUDA_VISIBLE_DEVICES: [0]
[I 2023-11-30 14:56:58,347] Trial 41 finished with value: 0.8042638897895813 and parameters: {'gradient_clip_val': 0.6092533017925317, 'hidden_size': 92, 'dropout': 0.146545823174555, 'hidden_continuous_size': 40, 'attention_head_size': 4, 'learning_rate': 0.04812194532644963}. Best is trial 11 with value: 0.1773584485054016.
LOCAL_RANK: 0 - CUDA_VISIBLE_DEVICES: [0]
[I 2023-11-30 14:57:12,278] Trial 42 finished with value: 0.19839328527450562 and parameters: {'gradient_clip_val': 0.5540102670039198, 'hidden_size': 70, 'dropout': 0.1142130328123688, 'hidden_continuous_size': 34, 'attention_head_size': 3, 'learning_rate': 0.06061910093455342}. Best is trial 11 with value: 0.1773584485054016.
LOCAL_RANK: 0 - CUDA_VISIBLE_DEVICES: [0]
[I 2023-11-30 14:57:26,200] Trial 43 finished with value: 0.26272347569465637 and parameters: {'gradient_clip_val': 0.4688558499874369, 'hidden_size': 67, 'dropout': 0.11092838569541007, 'hidden_continuous_size': 35, 'attention_head_size': 3, 'learning_rate': 0.06188059695179691}. Best is trial 11 with value: 0.1773584485054016.
LOCAL_RANK: 0 - CUDA_VISIBLE_DEVICES: [0]
[I 2023-11-30 14:57:39,762] Trial 44 finished with value: 0.2265104502439499 and parameters: {'gradient_clip_val': 0.8562929681300436, 'hidden_size': 60, 'dropout': 0.10077944973266824, 'hidden_continuous_size': 28, 'attention_head_size': 3, 'learning_rate': 0.0828984555884277}. Best is trial 11 with value: 0.1773584485054016.
LOCAL_RANK: 0 - CUDA_VISIBLE_DEVICES: [0]
[I 2023-11-30 14:57:53,914] Trial 45 finished with value: 0.42671120166778564 and parameters: {'gradient_clip_val': 0.6500888879096465, 'hidden_size': 108, 'dropout': 0.12583624337057617, 'hidden_continuous_size': 40, 'attention_head_size': 3, 'learning_rate': 0.0590745536491303}. Best is trial 11 with value: 0.1773584485054016.
LOCAL_RANK: 0 - CUDA_VISIBLE_DEVICES: [0]
[I 2023-11-30 14:58:08,724] Trial 46 finished with value: 0.45585647225379944 and parameters: {'gradient_clip_val': 0.5806452627292377, 'hidden_size': 133, 'dropout': 0.17443305001917384, 'hidden_continuous_size': 60, 'attention_head_size': 4, 'learning_rate': 0.03436681827867098}. Best is trial 11 with value: 0.1773584485054016.
LOCAL_RANK: 0 - CUDA_VISIBLE_DEVICES: [0]
[I 2023-11-30 14:58:21,846] Trial 47 finished with value: 0.6071574091911316 and parameters: {'gradient_clip_val': 0.7662528642305608, 'hidden_size': 41, 'dropout': 0.1157891128378759, 'hidden_continuous_size': 18, 'attention_head_size': 3, 'learning_rate': 0.042245059335634834}. Best is trial 11 with value: 0.1773584485054016.
LOCAL_RANK: 0 - CUDA_VISIBLE_DEVICES: [0]
[I 2023-11-30 14:58:36,066] Trial 48 finished with value: 0.2471901774406433 and parameters: {'gradient_clip_val': 0.40291198838085523, 'hidden_size': 81, 'dropout': 0.13703280985600472, 'hidden_continuous_size': 46, 'attention_head_size': 4, 'learning_rate': 0.009521878105071926}. Best is trial 11 with value: 0.1773584485054016.
LOCAL_RANK: 0 - CUDA_VISIBLE_DEVICES: [0]
[I 2023-11-30 14:58:49,899] Trial 49 finished with value: 0.26917779445648193 and parameters: {'gradient_clip_val': 0.9012979017846934, 'hidden_size': 69, 'dropout': 0.11577495523135906, 'hidden_continuous_size': 36, 'attention_head_size': 2, 'learning_rate': 0.07308661804138895}. Best is trial 11 with value: 0.1773584485054016.
LOCAL_RANK: 0 - CUDA_VISIBLE_DEVICES: [0]
[I 2023-11-30 14:59:04,284] Trial 50 finished with value: 0.4015134871006012 and parameters: {'gradient_clip_val': 0.4396911092115529, 'hidden_size': 95, 'dropout': 0.18647396887684015, 'hidden_continuous_size': 42, 'attention_head_size': 3, 'learning_rate': 0.09667175949139704}. Best is trial 11 with value: 0.1773584485054016.
LOCAL_RANK: 0 - CUDA_VISIBLE_DEVICES: [0]
[I 2023-11-30 14:59:18,072] Trial 51 finished with value: 0.2324945330619812 and parameters: {'gradient_clip_val': 0.543751017445587, 'hidden_size': 70, 'dropout': 0.1561816855651655, 'hidden_continuous_size': 32, 'attention_head_size': 3, 'learning_rate': 0.05438476419070244}. Best is trial 11 with value: 0.1773584485054016.
LOCAL_RANK: 0 - CUDA_VISIBLE_DEVICES: [0]
[I 2023-11-30 14:59:31,791] Trial 52 finished with value: 0.584229052066803 and parameters: {'gradient_clip_val': 0.651490288361359, 'hidden_size': 76, 'dropout': 0.1533009300078083, 'hidden_continuous_size': 33, 'attention_head_size': 1, 'learning_rate': 0.04307483057134392}. Best is trial 11 with value: 0.1773584485054016.
LOCAL_RANK: 0 - CUDA_VISIBLE_DEVICES: [0]
[I 2023-11-30 14:59:45,710] Trial 53 finished with value: 0.3486379086971283 and parameters: {'gradient_clip_val': 0.5933074817541718, 'hidden_size': 83, 'dropout': 0.13991051797094767, 'hidden_continuous_size': 30, 'attention_head_size': 3, 'learning_rate': 0.05751083101116124}. Best is trial 11 with value: 0.1773584485054016.
LOCAL_RANK: 0 - CUDA_VISIBLE_DEVICES: [0]
[I 2023-11-30 14:59:59,173] Trial 54 finished with value: 0.262805312871933 and parameters: {'gradient_clip_val': 0.7742040869835588, 'hidden_size': 55, 'dropout': 0.16376427293360307, 'hidden_continuous_size': 28, 'attention_head_size': 2, 'learning_rate': 0.07703719891282816}. Best is trial 11 with value: 0.1773584485054016.
LOCAL_RANK: 0 - CUDA_VISIBLE_DEVICES: [0]
[I 2023-11-30 15:00:13,266] Trial 55 finished with value: 0.3718207776546478 and parameters: {'gradient_clip_val': 0.6996715097082807, 'hidden_size': 77, 'dropout': 0.12467284167985039, 'hidden_continuous_size': 38, 'attention_head_size': 3, 'learning_rate': 0.011633210613060404}. Best is trial 11 with value: 0.1773584485054016.
LOCAL_RANK: 0 - CUDA_VISIBLE_DEVICES: [0]
[I 2023-11-30 15:00:27,004] Trial 56 finished with value: 0.28911784291267395 and parameters: {'gradient_clip_val': 0.5480726332015085, 'hidden_size': 61, 'dropout': 0.17450467824448798, 'hidden_continuous_size': 33, 'attention_head_size': 2, 'learning_rate': 0.0371659913715215}. Best is trial 11 with value: 0.1773584485054016.
LOCAL_RANK: 0 - CUDA_VISIBLE_DEVICES: [0]
[I 2023-11-30 15:00:41,446] Trial 57 finished with value: 0.24182112514972687 and parameters: {'gradient_clip_val': 0.4861560296268565, 'hidden_size': 89, 'dropout': 0.14766909361930197, 'hidden_continuous_size': 48, 'attention_head_size': 4, 'learning_rate': 0.06746202050216471}. Best is trial 11 with value: 0.1773584485054016.
LOCAL_RANK: 0 - CUDA_VISIBLE_DEVICES: [0]
[I 2023-11-30 15:00:55,404] Trial 58 finished with value: 0.42037272453308105 and parameters: {'gradient_clip_val': 0.9189365283857993, 'hidden_size': 100, 'dropout': 0.11250276109131216, 'hidden_continuous_size': 25, 'attention_head_size': 3, 'learning_rate': 0.04379180917446101}. Best is trial 11 with value: 0.1773584485054016.
LOCAL_RANK: 0 - CUDA_VISIBLE_DEVICES: [0]
[I 2023-11-30 15:01:09,025] Trial 59 finished with value: 0.19536244869232178 and parameters: {'gradient_clip_val': 0.3830553602133589, 'hidden_size': 65, 'dropout': 0.13420227237720522, 'hidden_continuous_size': 29, 'attention_head_size': 1, 'learning_rate': 0.030139424109914825}. Best is trial 11 with value: 0.1773584485054016.
LOCAL_RANK: 0 - CUDA_VISIBLE_DEVICES: [0]
[I 2023-11-30 15:01:24,232] Trial 60 finished with value: 0.40421605110168457 and parameters: {'gradient_clip_val': 0.37022342803718217, 'hidden_size': 56, 'dropout': 0.13582041391659427, 'hidden_continuous_size': 35, 'attention_head_size': 3, 'learning_rate': 0.028797768294401928}. Best is trial 11 with value: 0.1773584485054016.
LOCAL_RANK: 0 - CUDA_VISIBLE_DEVICES: [0]
[I 2023-11-30 15:01:38,770] Trial 61 finished with value: 0.4403437674045563 and parameters: {'gradient_clip_val': 0.3761664169411424, 'hidden_size': 64, 'dropout': 0.12829597329204717, 'hidden_continuous_size': 29, 'attention_head_size': 1, 'learning_rate': 0.046948538521186634}. Best is trial 11 with value: 0.1773584485054016.
LOCAL_RANK: 0 - CUDA_VISIBLE_DEVICES: [0]
[I 2023-11-30 15:01:53,878] Trial 62 finished with value: 0.2553969621658325 and parameters: {'gradient_clip_val': 0.4384821035974517, 'hidden_size': 73, 'dropout': 0.14223301745883155, 'hidden_continuous_size': 31, 'attention_head_size': 1, 'learning_rate': 0.0861226707049696}. Best is trial 11 with value: 0.1773584485054016.
LOCAL_RANK: 0 - CUDA_VISIBLE_DEVICES: [0]
[I 2023-11-30 15:02:08,873] Trial 63 finished with value: 0.24117450416088104 and parameters: {'gradient_clip_val': 0.8024008324192445, 'hidden_size': 80, 'dropout': 0.1086311987376798, 'hidden_continuous_size': 39, 'attention_head_size': 1, 'learning_rate': 0.054976874479211624}. Best is trial 11 with value: 0.1773584485054016.
LOCAL_RANK: 0 - CUDA_VISIBLE_DEVICES: [0]
[I 2023-11-30 15:02:24,043] Trial 64 finished with value: 0.27679207921028137 and parameters: {'gradient_clip_val': 0.7373192210555541, 'hidden_size': 63, 'dropout': 0.19644474653375843, 'hidden_continuous_size': 27, 'attention_head_size': 1, 'learning_rate': 0.03430315957746873}. Best is trial 11 with value: 0.1773584485054016.
LOCAL_RANK: 0 - CUDA_VISIBLE_DEVICES: [0]
[I 2023-11-30 15:02:39,784] Trial 65 finished with value: 0.2262059897184372 and parameters: {'gradient_clip_val': 0.6322543867865624, 'hidden_size': 93, 'dropout': 0.1640080570443276, 'hidden_continuous_size': 43, 'attention_head_size': 2, 'learning_rate': 0.06670363112282289}. Best is trial 11 with value: 0.1773584485054016.
LOCAL_RANK: 0 - CUDA_VISIBLE_DEVICES: [0]
[I 2023-11-30 15:02:54,718] Trial 66 finished with value: 0.3965202271938324 and parameters: {'gradient_clip_val': 0.5566161484889489, 'hidden_size': 69, 'dropout': 0.12132548180023736, 'hidden_continuous_size': 34, 'attention_head_size': 1, 'learning_rate': 0.03884951116032636}. Best is trial 11 with value: 0.1773584485054016.
LOCAL_RANK: 0 - CUDA_VISIBLE_DEVICES: [0]
[I 2023-11-30 15:03:10,042] Trial 67 finished with value: 0.4663412570953369 and parameters: {'gradient_clip_val': 0.49908233663738083, 'hidden_size': 83, 'dropout': 0.20592085234190663, 'hidden_continuous_size': 30, 'attention_head_size': 2, 'learning_rate': 0.04782074158219791}. Best is trial 11 with value: 0.1773584485054016.
LOCAL_RANK: 0 - CUDA_VISIBLE_DEVICES: [0]
[I 2023-11-30 15:03:25,668] Trial 68 finished with value: 0.42743754386901855 and parameters: {'gradient_clip_val': 0.4391561578920433, 'hidden_size': 115, 'dropout': 0.1328155162930013, 'hidden_continuous_size': 76, 'attention_head_size': 1, 'learning_rate': 0.0308070849575932}. Best is trial 11 with value: 0.1773584485054016.
LOCAL_RANK: 0 - CUDA_VISIBLE_DEVICES: [0]
[I 2023-11-30 15:03:40,984] Trial 69 finished with value: 0.34154999256134033 and parameters: {'gradient_clip_val': 0.6811963741415313, 'hidden_size': 105, 'dropout': 0.10432421467157366, 'hidden_continuous_size': 24, 'attention_head_size': 3, 'learning_rate': 0.024282386175976674}. Best is trial 11 with value: 0.1773584485054016.
LOCAL_RANK: 0 - CUDA_VISIBLE_DEVICES: [0]
[I 2023-11-30 15:03:55,546] Trial 70 finished with value: 0.332875519990921 and parameters: {'gradient_clip_val': 0.8676458427714527, 'hidden_size': 75, 'dropout': 0.1811634385368019, 'hidden_continuous_size': 36, 'attention_head_size': 1, 'learning_rate': 0.05669377205922477}. Best is trial 11 with value: 0.1773584485054016.
LOCAL_RANK: 0 - CUDA_VISIBLE_DEVICES: [0]
