[I 2023-11-30 15:32:08,230] Trial 36 finished with value: 0.16751867532730103 and parameters: {'gradient_clip_val': 0.8363842991580548, 'hidden_size': 54, 'dropout': 0.30119946399956077, 'hidden_continuous_size': 46, 'attention_head_size': 3, 'learning_rate': 0.08436759606336296}. Best is trial 23 with value: 0.08897039294242859.
LOCAL_RANK: 0 - CUDA_VISIBLE_DEVICES: [0]
[I 2023-11-30 15:32:22,235] Trial 37 finished with value: 0.12015664577484131 and parameters: {'gradient_clip_val': 0.7187763847708384, 'hidden_size': 43, 'dropout': 0.324199573909033, 'hidden_continuous_size': 37, 'attention_head_size': 3, 'learning_rate': 0.0925968227134422}. Best is trial 23 with value: 0.08897039294242859.
LOCAL_RANK: 0 - CUDA_VISIBLE_DEVICES: [0]
[I 2023-11-30 15:32:37,122] Trial 38 finished with value: 0.19670931994915009 and parameters: {'gradient_clip_val': 0.9157559672356171, 'hidden_size': 41, 'dropout': 0.36764788199341275, 'hidden_continuous_size': 35, 'attention_head_size': 3, 'learning_rate': 0.09096995554103528}. Best is trial 23 with value: 0.08897039294242859.
LOCAL_RANK: 0 - CUDA_VISIBLE_DEVICES: [0]
[I 2023-11-30 15:32:51,495] Trial 39 finished with value: 0.12122219055891037 and parameters: {'gradient_clip_val': 0.5322846406644384, 'hidden_size': 64, 'dropout': 0.3259396388227498, 'hidden_continuous_size': 46, 'attention_head_size': 2, 'learning_rate': 0.07424954719518169}. Best is trial 23 with value: 0.08897039294242859.
LOCAL_RANK: 0 - CUDA_VISIBLE_DEVICES: [0]
[I 2023-11-30 15:33:05,166] Trial 40 finished with value: 0.11426199227571487 and parameters: {'gradient_clip_val': 0.5249613558690768, 'hidden_size': 40, 'dropout': 0.32550558045505223, 'hidden_continuous_size': 31, 'attention_head_size': 2, 'learning_rate': 0.07785465117912985}. Best is trial 23 with value: 0.08897039294242859.
LOCAL_RANK: 0 - CUDA_VISIBLE_DEVICES: [0]
[I 2023-11-30 15:33:19,074] Trial 41 finished with value: 0.14777512848377228 and parameters: {'gradient_clip_val': 0.5377608545243526, 'hidden_size': 41, 'dropout': 0.3254490017173533, 'hidden_continuous_size': 32, 'attention_head_size': 2, 'learning_rate': 0.07130764797498823}. Best is trial 23 with value: 0.08897039294242859.
LOCAL_RANK: 0 - CUDA_VISIBLE_DEVICES: [0]
[I 2023-11-30 15:33:33,848] Trial 42 finished with value: 0.1577102392911911 and parameters: {'gradient_clip_val': 0.6058577872644206, 'hidden_size': 63, 'dropout': 0.3192420238145856, 'hidden_continuous_size': 47, 'attention_head_size': 2, 'learning_rate': 0.09724389318918984}. Best is trial 23 with value: 0.08897039294242859.
LOCAL_RANK: 0 - CUDA_VISIBLE_DEVICES: [0]
[I 2023-11-30 15:33:47,170] Trial 43 finished with value: 0.11723724752664566 and parameters: {'gradient_clip_val': 0.8010747521745407, 'hidden_size': 34, 'dropout': 0.34241146425392044, 'hidden_continuous_size': 29, 'attention_head_size': 1, 'learning_rate': 0.06084691321598564}. Best is trial 23 with value: 0.08897039294242859.
LOCAL_RANK: 0 - CUDA_VISIBLE_DEVICES: [0]
[I 2023-11-30 15:34:00,815] Trial 44 finished with value: 0.1202244758605957 and parameters: {'gradient_clip_val': 0.7638754622718084, 'hidden_size': 34, 'dropout': 0.34143087469681593, 'hidden_continuous_size': 29, 'attention_head_size': 1, 'learning_rate': 0.05805946763568272}. Best is trial 23 with value: 0.08897039294242859.
LOCAL_RANK: 0 - CUDA_VISIBLE_DEVICES: [0]
[I 2023-11-30 15:34:14,356] Trial 45 finished with value: 0.17599664628505707 and parameters: {'gradient_clip_val': 0.9039069803556152, 'hidden_size': 27, 'dropout': 0.36859345798009413, 'hidden_continuous_size': 24, 'attention_head_size': 1, 'learning_rate': 0.036131204852085895}. Best is trial 23 with value: 0.08897039294242859.
LOCAL_RANK: 0 - CUDA_VISIBLE_DEVICES: [0]
[I 2023-11-30 15:34:28,002] Trial 46 finished with value: 0.10572180896997452 and parameters: {'gradient_clip_val': 0.99306794698691, 'hidden_size': 45, 'dropout': 0.3366750986206925, 'hidden_continuous_size': 31, 'attention_head_size': 1, 'learning_rate': 0.09663365490436628}. Best is trial 23 with value: 0.08897039294242859.
LOCAL_RANK: 0 - CUDA_VISIBLE_DEVICES: [0]
[I 2023-11-30 15:34:41,243] Trial 47 finished with value: 0.12773273885250092 and parameters: {'gradient_clip_val': 0.8390384054213297, 'hidden_size': 36, 'dropout': 0.3558312560839924, 'hidden_continuous_size': 31, 'attention_head_size': 1, 'learning_rate': 0.07259325976066258}. Best is trial 23 with value: 0.08897039294242859.
LOCAL_RANK: 0 - CUDA_VISIBLE_DEVICES: [0]
[I 2023-11-30 15:34:54,846] Trial 48 finished with value: 0.13185131549835205 and parameters: {'gradient_clip_val': 0.9904525600295979, 'hidden_size': 30, 'dropout': 0.34126807573694534, 'hidden_continuous_size': 26, 'attention_head_size': 1, 'learning_rate': 0.05735664094388726}. Best is trial 23 with value: 0.08897039294242859.
LOCAL_RANK: 0 - CUDA_VISIBLE_DEVICES: [0]
[I 2023-11-30 15:35:08,975] Trial 49 finished with value: 0.11822883039712906 and parameters: {'gradient_clip_val': 0.7862725706018159, 'hidden_size': 47, 'dropout': 0.3988638686726486, 'hidden_continuous_size': 38, 'attention_head_size': 1, 'learning_rate': 0.04020666265033636}. Best is trial 23 with value: 0.08897039294242859.
LOCAL_RANK: 0 - CUDA_VISIBLE_DEVICES: [0]
[I 2023-11-30 15:35:22,609] Trial 50 finished with value: 0.08266749233007431 and parameters: {'gradient_clip_val': 0.9042245040074411, 'hidden_size': 38, 'dropout': 0.31304493004069855, 'hidden_continuous_size': 29, 'attention_head_size': 1, 'learning_rate': 0.07945329289704856}. Best is trial 50 with value: 0.08266749233007431.
LOCAL_RANK: 0 - CUDA_VISIBLE_DEVICES: [0]
[I 2023-11-30 15:35:35,946] Trial 51 finished with value: 0.15422193706035614 and parameters: {'gradient_clip_val': 0.9008201134856245, 'hidden_size': 37, 'dropout': 0.31305054763874696, 'hidden_continuous_size': 29, 'attention_head_size': 1, 'learning_rate': 0.0985278916343839}. Best is trial 50 with value: 0.08266749233007431.
LOCAL_RANK: 0 - CUDA_VISIBLE_DEVICES: [0]
[I 2023-11-30 15:35:49,472] Trial 52 finished with value: 0.1340896338224411 and parameters: {'gradient_clip_val': 0.7839317335755248, 'hidden_size': 30, 'dropout': 0.30833083575192954, 'hidden_continuous_size': 24, 'attention_head_size': 1, 'learning_rate': 0.07918193958747215}. Best is trial 50 with value: 0.08266749233007431.
LOCAL_RANK: 0 - CUDA_VISIBLE_DEVICES: [0]
[I 2023-11-30 15:36:03,349] Trial 53 finished with value: 0.14495821297168732 and parameters: {'gradient_clip_val': 0.9777305427443036, 'hidden_size': 34, 'dropout': 0.3337444552823612, 'hidden_continuous_size': 28, 'attention_head_size': 1, 'learning_rate': 0.06682103234089405}. Best is trial 50 with value: 0.08266749233007431.
LOCAL_RANK: 0 - CUDA_VISIBLE_DEVICES: [0]
[I 2023-11-30 15:36:18,231] Trial 54 finished with value: 0.17807769775390625 and parameters: {'gradient_clip_val': 0.6508072255475046, 'hidden_size': 45, 'dropout': 0.27709020470537526, 'hidden_continuous_size': 37, 'attention_head_size': 2, 'learning_rate': 0.05006878664320152}. Best is trial 50 with value: 0.08266749233007431.
LOCAL_RANK: 0 - CUDA_VISIBLE_DEVICES: [0]
[I 2023-11-30 15:36:31,559] Trial 55 finished with value: 0.1337912529706955 and parameters: {'gradient_clip_val': 0.7245364861730453, 'hidden_size': 40, 'dropout': 0.2953662741076593, 'hidden_continuous_size': 33, 'attention_head_size': 1, 'learning_rate': 0.082198901505548}. Best is trial 50 with value: 0.08266749233007431.
LOCAL_RANK: 0 - CUDA_VISIBLE_DEVICES: [0]
[I 2023-11-30 15:36:45,574] Trial 56 finished with value: 0.09501489251852036 and parameters: {'gradient_clip_val': 0.8715859914311561, 'hidden_size': 51, 'dropout': 0.31653016156719643, 'hidden_continuous_size': 35, 'attention_head_size': 1, 'learning_rate': 0.06838329948296382}. Best is trial 50 with value: 0.08266749233007431.
LOCAL_RANK: 0 - CUDA_VISIBLE_DEVICES: [0]
[I 2023-11-30 15:36:59,913] Trial 57 finished with value: 0.09942793101072311 and parameters: {'gradient_clip_val': 0.8800057959187063, 'hidden_size': 52, 'dropout': 0.3061100642341846, 'hidden_continuous_size': 40, 'attention_head_size': 2, 'learning_rate': 0.047975761003779066}. Best is trial 50 with value: 0.08266749233007431.
LOCAL_RANK: 0 - CUDA_VISIBLE_DEVICES: [0]
[I 2023-11-30 15:37:14,614] Trial 58 finished with value: 0.11189935356378555 and parameters: {'gradient_clip_val': 0.8957491408202373, 'hidden_size': 50, 'dropout': 0.3149272120664953, 'hidden_continuous_size': 40, 'attention_head_size': 2, 'learning_rate': 0.049419564421552147}. Best is trial 50 with value: 0.08266749233007431.
LOCAL_RANK: 0 - CUDA_VISIBLE_DEVICES: [0]
[I 2023-11-30 15:37:29,065] Trial 59 finished with value: 0.15790893137454987 and parameters: {'gradient_clip_val': 0.9161137307084776, 'hidden_size': 51, 'dropout': 0.28268315595728993, 'hidden_continuous_size': 41, 'attention_head_size': 2, 'learning_rate': 0.04518096590625166}. Best is trial 50 with value: 0.08266749233007431.
LOCAL_RANK: 0 - CUDA_VISIBLE_DEVICES: [0]
[I 2023-11-30 15:37:43,404] Trial 60 finished with value: 0.1296498030424118 and parameters: {'gradient_clip_val': 0.8719771459413177, 'hidden_size': 50, 'dropout': 0.3145546146580396, 'hidden_continuous_size': 40, 'attention_head_size': 2, 'learning_rate': 0.029452044052849465}. Best is trial 50 with value: 0.08266749233007431.
LOCAL_RANK: 0 - CUDA_VISIBLE_DEVICES: [0]
[I 2023-11-30 15:37:57,563] Trial 61 finished with value: 0.10646358877420425 and parameters: {'gradient_clip_val': 0.9988994356735744, 'hidden_size': 45, 'dropout': 0.3336511981728086, 'hidden_continuous_size': 36, 'attention_head_size': 2, 'learning_rate': 0.050039136730558105}. Best is trial 50 with value: 0.08266749233007431.
LOCAL_RANK: 0 - CUDA_VISIBLE_DEVICES: [0]
[I 2023-11-30 15:38:11,642] Trial 62 finished with value: 0.1068771705031395 and parameters: {'gradient_clip_val': 0.9851664148561218, 'hidden_size': 47, 'dropout': 0.307486513483622, 'hidden_continuous_size': 36, 'attention_head_size': 2, 'learning_rate': 0.033849715866677135}. Best is trial 50 with value: 0.08266749233007431.
LOCAL_RANK: 0 - CUDA_VISIBLE_DEVICES: [0]
[I 2023-11-30 15:38:25,347] Trial 63 finished with value: 0.09789109230041504 and parameters: {'gradient_clip_val': 0.9788087784997686, 'hidden_size': 47, 'dropout': 0.2905576129726451, 'hidden_continuous_size': 36, 'attention_head_size': 2, 'learning_rate': 0.04046363678048179}. Best is trial 50 with value: 0.08266749233007431.
LOCAL_RANK: 0 - CUDA_VISIBLE_DEVICES: [0]
[I 2023-11-30 15:38:40,291] Trial 64 finished with value: 0.15697599947452545 and parameters: {'gradient_clip_val': 0.9939517184119605, 'hidden_size': 57, 'dropout': 0.267486458660635, 'hidden_continuous_size': 34, 'attention_head_size': 1, 'learning_rate': 0.036874303764579494}. Best is trial 50 with value: 0.08266749233007431.
LOCAL_RANK: 0 - CUDA_VISIBLE_DEVICES: [0]
[I 2023-11-30 15:38:54,673] Trial 65 finished with value: 0.10956352949142456 and parameters: {'gradient_clip_val': 0.8509252195268809, 'hidden_size': 45, 'dropout': 0.2860547560313892, 'hidden_continuous_size': 38, 'attention_head_size': 2, 'learning_rate': 0.02309118555539241}. Best is trial 50 with value: 0.08266749233007431.
LOCAL_RANK: 0 - CUDA_VISIBLE_DEVICES: [0]
[I 2023-11-30 15:39:08,830] Trial 66 finished with value: 0.13010023534297943 and parameters: {'gradient_clip_val': 0.932321670117522, 'hidden_size': 71, 'dropout': 0.2950505318919508, 'hidden_continuous_size': 35, 'attention_head_size': 1, 'learning_rate': 0.04144175821799045}. Best is trial 50 with value: 0.08266749233007431.
LOCAL_RANK: 0 - CUDA_VISIBLE_DEVICES: [0]
[I 2023-11-30 15:39:23,356] Trial 67 finished with value: 0.19810108840465546 and parameters: {'gradient_clip_val': 0.7482410834113644, 'hidden_size': 61, 'dropout': 0.2748751120532966, 'hidden_continuous_size': 32, 'attention_head_size': 2, 'learning_rate': 0.05313829491063952}. Best is trial 50 with value: 0.08266749233007431.
LOCAL_RANK: 0 - CUDA_VISIBLE_DEVICES: [0]
[I 2023-11-30 15:39:37,769] Trial 68 finished with value: 0.12919017672538757 and parameters: {'gradient_clip_val': 0.8148233258185866, 'hidden_size': 54, 'dropout': 0.3324231548012141, 'hidden_continuous_size': 36, 'attention_head_size': 1, 'learning_rate': 0.06536241189887335}. Best is trial 50 with value: 0.08266749233007431.
LOCAL_RANK: 0 - CUDA_VISIBLE_DEVICES: [0]
[I 2023-11-30 15:39:52,184] Trial 69 finished with value: 0.1769476681947708 and parameters: {'gradient_clip_val': 0.8602504991930376, 'hidden_size': 44, 'dropout': 0.26071079168496425, 'hidden_continuous_size': 39, 'attention_head_size': 2, 'learning_rate': 0.04430091196244717}. Best is trial 50 with value: 0.08266749233007431.
LOCAL_RANK: 0 - CUDA_VISIBLE_DEVICES: [0]
[I 2023-11-30 15:40:06,978] Trial 70 finished with value: 0.11396653205156326 and parameters: {'gradient_clip_val': 0.9366386877773029, 'hidden_size': 132, 'dropout': 0.3031684961075629, 'hidden_continuous_size': 21, 'attention_head_size': 1, 'learning_rate': 0.05075564620394788}. Best is trial 50 with value: 0.08266749233007431.
LOCAL_RANK: 0 - CUDA_VISIBLE_DEVICES: [0]
[I 2023-11-30 15:40:21,298] Trial 71 finished with value: 0.10588977485895157 and parameters: {'gradient_clip_val': 0.9983036436643504, 'hidden_size': 46, 'dropout': 0.3066994580690548, 'hidden_continuous_size': 35, 'attention_head_size': 2, 'learning_rate': 0.03744158429686028}. Best is trial 50 with value: 0.08266749233007431.
LOCAL_RANK: 0 - CUDA_VISIBLE_DEVICES: [0]
[I 2023-11-30 15:40:34,962] Trial 72 finished with value: 0.155164435505867 and parameters: {'gradient_clip_val': 0.9987394705944386, 'hidden_size': 38, 'dropout': 0.31784005032104046, 'hidden_continuous_size': 33, 'attention_head_size': 2, 'learning_rate': 0.030841226318153205}. Best is trial 50 with value: 0.08266749233007431.
LOCAL_RANK: 0 - CUDA_VISIBLE_DEVICES: [0]
[I 2023-11-30 15:40:49,203] Trial 73 finished with value: 0.11929961293935776 and parameters: {'gradient_clip_val': 0.8751338982204375, 'hidden_size': 57, 'dropout': 0.28971617299047525, 'hidden_continuous_size': 35, 'attention_head_size': 2, 'learning_rate': 0.05577218718560185}. Best is trial 50 with value: 0.08266749233007431.
LOCAL_RANK: 0 - CUDA_VISIBLE_DEVICES: [0]
[I 2023-11-30 15:41:04,370] Trial 74 finished with value: 0.1220773234963417 and parameters: {'gradient_clip_val': 0.80392505150185, 'hidden_size': 69, 'dropout': 0.3069146900605681, 'hidden_continuous_size': 43, 'attention_head_size': 2, 'learning_rate': 0.03840617789899037}. Best is trial 50 with value: 0.08266749233007431.
LOCAL_RANK: 0 - CUDA_VISIBLE_DEVICES: [0]
[I 2023-11-30 15:41:18,427] Trial 75 finished with value: 0.1469966322183609 and parameters: {'gradient_clip_val': 0.7365309466860412, 'hidden_size': 43, 'dropout': 0.2966632521171838, 'hidden_continuous_size': 36, 'attention_head_size': 2, 'learning_rate': 0.06468652564237658}. Best is trial 50 with value: 0.08266749233007431.
LOCAL_RANK: 0 - CUDA_VISIBLE_DEVICES: [0]
[I 2023-11-30 15:41:33,042] Trial 76 finished with value: 0.1103510633111 and parameters: {'gradient_clip_val': 0.9403211317667441, 'hidden_size': 75, 'dropout': 0.3325725307322591, 'hidden_continuous_size': 30, 'attention_head_size': 2, 'learning_rate': 0.08187351330253076}. Best is trial 50 with value: 0.08266749233007431.
LOCAL_RANK: 0 - CUDA_VISIBLE_DEVICES: [0]
[I 2023-11-30 15:41:47,049] Trial 77 finished with value: 0.09424024075269699 and parameters: {'gradient_clip_val': 0.7031844042219465, 'hidden_size': 47, 'dropout': 0.27920314141260455, 'hidden_continuous_size': 38, 'attention_head_size': 1, 'learning_rate': 0.07050148414119661}. Best is trial 50 with value: 0.08266749233007431.
LOCAL_RANK: 0 - CUDA_VISIBLE_DEVICES: [0]
[I 2023-11-30 15:42:01,229] Trial 78 finished with value: 0.16064846515655518 and parameters: {'gradient_clip_val': 0.7610493660140873, 'hidden_size': 52, 'dropout': 0.2857371838074192, 'hidden_continuous_size': 43, 'attention_head_size': 1, 'learning_rate': 0.07290745456329774}. Best is trial 50 with value: 0.08266749233007431.
LOCAL_RANK: 0 - CUDA_VISIBLE_DEVICES: [0]
[I 2023-11-30 15:42:15,540] Trial 79 finished with value: 0.16202358901500702 and parameters: {'gradient_clip_val': 0.6983592382281115, 'hidden_size': 58, 'dropout': 0.26827667675795747, 'hidden_continuous_size': 27, 'attention_head_size': 1, 'learning_rate': 0.08467191298266297}. Best is trial 50 with value: 0.08266749233007431.
LOCAL_RANK: 0 - CUDA_VISIBLE_DEVICES: [0]
[I 2023-11-30 15:42:30,081] Trial 80 finished with value: 0.16017049551010132 and parameters: {'gradient_clip_val': 0.8265973184883916, 'hidden_size': 66, 'dropout': 0.27890359338392984, 'hidden_continuous_size': 31, 'attention_head_size': 1, 'learning_rate': 0.06671757592362262}. Best is trial 50 with value: 0.08266749233007431.
LOCAL_RANK: 0 - CUDA_VISIBLE_DEVICES: [0]
[I 2023-11-30 15:42:44,016] Trial 81 finished with value: 0.12414979189634323 and parameters: {'gradient_clip_val': 0.9370807054048937, 'hidden_size': 48, 'dropout': 0.2545694526677201, 'hidden_continuous_size': 38, 'attention_head_size': 1, 'learning_rate': 0.047482651519902115}. Best is trial 50 with value: 0.08266749233007431.
LOCAL_RANK: 0 - CUDA_VISIBLE_DEVICES: [0]
[I 2023-11-30 15:42:58,581] Trial 82 finished with value: 0.12677206099033356 and parameters: {'gradient_clip_val': 0.8715639286595428, 'hidden_size': 55, 'dropout': 0.3003211312095705, 'hidden_continuous_size': 41, 'attention_head_size': 1, 'learning_rate': 0.05632268531562101}. Best is trial 50 with value: 0.08266749233007431.
LOCAL_RANK: 0 - CUDA_VISIBLE_DEVICES: [0]
[I 2023-11-30 15:43:12,309] Trial 83 finished with value: 0.126762256026268 and parameters: {'gradient_clip_val': 0.835673671197183, 'hidden_size': 38, 'dropout': 0.3213510875006036, 'hidden_continuous_size': 33, 'attention_head_size': 2, 'learning_rate': 0.08750191480692043}. Best is trial 50 with value: 0.08266749233007431.
LOCAL_RANK: 0 - CUDA_VISIBLE_DEVICES: [0]
[I 2023-11-30 15:43:27,024] Trial 84 finished with value: 0.13652247190475464 and parameters: {'gradient_clip_val': 0.9437772380959527, 'hidden_size': 47, 'dropout': 0.2910874758751971, 'hidden_continuous_size': 34, 'attention_head_size': 1, 'learning_rate': 0.04411446743141252}. Best is trial 50 with value: 0.08266749233007431.
LOCAL_RANK: 0 - CUDA_VISIBLE_DEVICES: [0]
[I 2023-11-30 15:43:41,319] Trial 85 finished with value: 0.15909428894519806 and parameters: {'gradient_clip_val': 0.8963901924124675, 'hidden_size': 61, 'dropout': 0.3099464411072303, 'hidden_continuous_size': 39, 'attention_head_size': 2, 'learning_rate': 0.061164596010231026}. Best is trial 50 with value: 0.08266749233007431.
LOCAL_RANK: 0 - CUDA_VISIBLE_DEVICES: [0]
[I 2023-11-30 15:43:54,803] Trial 86 finished with value: 0.11950856447219849 and parameters: {'gradient_clip_val': 0.7816488832288756, 'hidden_size': 43, 'dropout': 0.2805076584826011, 'hidden_continuous_size': 32, 'attention_head_size': 1, 'learning_rate': 0.07286119504023206}. Best is trial 50 with value: 0.08266749233007431.
LOCAL_RANK: 0 - CUDA_VISIBLE_DEVICES: [0]
[I 2023-11-30 15:44:09,399] Trial 87 finished with value: 0.0845404639840126 and parameters: {'gradient_clip_val': 0.9935768626601273, 'hidden_size': 52, 'dropout': 0.32139929643138004, 'hidden_continuous_size': 44, 'attention_head_size': 3, 'learning_rate': 0.04109179085367678}. Best is trial 50 with value: 0.08266749233007431.
LOCAL_RANK: 0 - CUDA_VISIBLE_DEVICES: [0]
[I 2023-11-30 15:44:24,011] Trial 88 finished with value: 0.1634873002767563 and parameters: {'gradient_clip_val': 0.7475787097239787, 'hidden_size': 52, 'dropout': 0.3026423099395682, 'hidden_continuous_size': 45, 'attention_head_size': 3, 'learning_rate': 0.035855841516246906}. Best is trial 50 with value: 0.08266749233007431.
LOCAL_RANK: 0 - CUDA_VISIBLE_DEVICES: [0]
[I 2023-11-30 15:44:39,001] Trial 89 finished with value: 0.10453393310308456 and parameters: {'gradient_clip_val': 0.698795441510644, 'hidden_size': 67, 'dropout': 0.31795419127814123, 'hidden_continuous_size': 50, 'attention_head_size': 3, 'learning_rate': 0.02491692284372748}. Best is trial 50 with value: 0.08266749233007431.
LOCAL_RANK: 0 - CUDA_VISIBLE_DEVICES: [0]
[I 2023-11-30 15:44:53,866] Trial 90 finished with value: 0.13315628468990326 and parameters: {'gradient_clip_val': 0.6234373456167827, 'hidden_size': 61, 'dropout': 0.31929239565758755, 'hidden_continuous_size': 50, 'attention_head_size': 3, 'learning_rate': 0.022266679302357578}. Best is trial 50 with value: 0.08266749233007431.
LOCAL_RANK: 0 - CUDA_VISIBLE_DEVICES: [0]
[I 2023-11-30 15:45:08,660] Trial 91 finished with value: 0.15081584453582764 and parameters: {'gradient_clip_val': 0.6943208149933664, 'hidden_size': 49, 'dropout': 0.3270197223960766, 'hidden_continuous_size': 42, 'attention_head_size': 3, 'learning_rate': 0.03135053507580082}. Best is trial 50 with value: 0.08266749233007431.
LOCAL_RANK: 0 - CUDA_VISIBLE_DEVICES: [0]
[I 2023-11-30 15:45:23,749] Trial 92 finished with value: 0.10078656673431396 and parameters: {'gradient_clip_val': 0.8771369199271615, 'hidden_size': 66, 'dropout': 0.310766930739837, 'hidden_continuous_size': 49, 'attention_head_size': 3, 'learning_rate': 0.04108880947711592}. Best is trial 50 with value: 0.08266749233007431.
LOCAL_RANK: 0 - CUDA_VISIBLE_DEVICES: [0]
[I 2023-11-30 15:45:38,141] Trial 93 finished with value: 0.15266279876232147 and parameters: {'gradient_clip_val': 0.7966770223632492, 'hidden_size': 65, 'dropout': 0.3182486978379979, 'hidden_continuous_size': 49, 'attention_head_size': 3, 'learning_rate': 0.02607436041413095}. Best is trial 50 with value: 0.08266749233007431.
LOCAL_RANK: 0 - CUDA_VISIBLE_DEVICES: [0]
