[I 2023-11-30 12:07:34,700] Trial 67 finished with value: 0.1602114588022232 and parameters: {'gradient_clip_val': 0.3122591756878062, 'hidden_size': 55, 'dropout': 0.18570140522431777, 'hidden_continuous_size': 17, 'attention_head_size': 1, 'learning_rate': 0.08209476727237645}. Best is trial 65 with value: 0.07871604710817337.
LOCAL_RANK: 0 - CUDA_VISIBLE_DEVICES: [0]
[I 2023-11-30 12:07:48,437] Trial 68 finished with value: 0.18320567905902863 and parameters: {'gradient_clip_val': 0.21129415622622905, 'hidden_size': 91, 'dropout': 0.1912702775090232, 'hidden_continuous_size': 21, 'attention_head_size': 1, 'learning_rate': 0.048674665476947106}. Best is trial 65 with value: 0.07871604710817337.
LOCAL_RANK: 0 - CUDA_VISIBLE_DEVICES: [0]
[I 2023-11-30 12:08:01,946] Trial 69 finished with value: 0.11629476398229599 and parameters: {'gradient_clip_val': 0.23126272808912726, 'hidden_size': 68, 'dropout': 0.22900618077450038, 'hidden_continuous_size': 29, 'attention_head_size': 1, 'learning_rate': 0.06819607629732853}. Best is trial 65 with value: 0.07871604710817337.
LOCAL_RANK: 0 - CUDA_VISIBLE_DEVICES: [0]
[I 2023-11-30 12:08:15,523] Trial 70 finished with value: 0.20426523685455322 and parameters: {'gradient_clip_val': 0.2901671082219636, 'hidden_size': 82, 'dropout': 0.20794535383767657, 'hidden_continuous_size': 15, 'attention_head_size': 1, 'learning_rate': 0.03238598505465347}. Best is trial 65 with value: 0.07871604710817337.
LOCAL_RANK: 0 - CUDA_VISIBLE_DEVICES: [0]
[I 2023-11-30 12:08:29,437] Trial 71 finished with value: 0.31825384497642517 and parameters: {'gradient_clip_val': 0.26487250453411265, 'hidden_size': 79, 'dropout': 0.14278829246262364, 'hidden_continuous_size': 23, 'attention_head_size': 2, 'learning_rate': 0.017582205968243253}. Best is trial 65 with value: 0.07871604710817337.
LOCAL_RANK: 0 - CUDA_VISIBLE_DEVICES: [0]
[I 2023-11-30 12:08:43,617] Trial 72 finished with value: 0.34022244811058044 and parameters: {'gradient_clip_val': 0.3723040997721987, 'hidden_size': 118, 'dropout': 0.15434139576887723, 'hidden_continuous_size': 30, 'attention_head_size': 2, 'learning_rate': 0.03749268674571808}. Best is trial 65 with value: 0.07871604710817337.
LOCAL_RANK: 0 - CUDA_VISIBLE_DEVICES: [0]
[I 2023-11-30 12:08:57,547] Trial 73 finished with value: 0.17998872697353363 and parameters: {'gradient_clip_val': 0.3172744146786123, 'hidden_size': 101, 'dropout': 0.11796977789815333, 'hidden_continuous_size': 26, 'attention_head_size': 1, 'learning_rate': 0.057140442199023304}. Best is trial 65 with value: 0.07871604710817337.
LOCAL_RANK: 0 - CUDA_VISIBLE_DEVICES: [0]
[I 2023-11-30 12:09:11,283] Trial 74 finished with value: 0.12795861065387726 and parameters: {'gradient_clip_val': 0.3977376895135795, 'hidden_size': 87, 'dropout': 0.16648254156508197, 'hidden_continuous_size': 18, 'attention_head_size': 2, 'learning_rate': 0.07124985411278312}. Best is trial 65 with value: 0.07871604710817337.
LOCAL_RANK: 0 - CUDA_VISIBLE_DEVICES: [0]
[I 2023-11-30 12:09:24,986] Trial 75 finished with value: 0.1282883584499359 and parameters: {'gradient_clip_val': 0.2790803328799171, 'hidden_size': 72, 'dropout': 0.17884348428195074, 'hidden_continuous_size': 22, 'attention_head_size': 4, 'learning_rate': 0.030891831448867754}. Best is trial 65 with value: 0.07871604710817337.
LOCAL_RANK: 0 - CUDA_VISIBLE_DEVICES: [0]
[I 2023-11-30 12:09:38,311] Trial 76 finished with value: 0.11346808075904846 and parameters: {'gradient_clip_val': 0.24302288184151355, 'hidden_size': 46, 'dropout': 0.1380045521439511, 'hidden_continuous_size': 20, 'attention_head_size': 2, 'learning_rate': 0.08696797457526961}. Best is trial 65 with value: 0.07871604710817337.
LOCAL_RANK: 0 - CUDA_VISIBLE_DEVICES: [0]
[I 2023-11-30 12:09:51,691] Trial 77 finished with value: 0.12878234684467316 and parameters: {'gradient_clip_val': 0.3496039446910459, 'hidden_size': 53, 'dropout': 0.10196639981622951, 'hidden_continuous_size': 24, 'attention_head_size': 3, 'learning_rate': 0.041827517017327405}. Best is trial 65 with value: 0.07871604710817337.
LOCAL_RANK: 0 - CUDA_VISIBLE_DEVICES: [0]
[I 2023-11-30 12:10:05,248] Trial 78 finished with value: 0.11751886457204819 and parameters: {'gradient_clip_val': 0.21414767294426426, 'hidden_size': 62, 'dropout': 0.2225712240001381, 'hidden_continuous_size': 23, 'attention_head_size': 2, 'learning_rate': 0.065513853857012}. Best is trial 65 with value: 0.07871604710817337.
LOCAL_RANK: 0 - CUDA_VISIBLE_DEVICES: [0]
[I 2023-11-30 12:10:18,906] Trial 79 finished with value: 0.12505194544792175 and parameters: {'gradient_clip_val': 0.2564132790210899, 'hidden_size': 76, 'dropout': 0.201007368230476, 'hidden_continuous_size': 26, 'attention_head_size': 1, 'learning_rate': 0.051665552671080625}. Best is trial 65 with value: 0.07871604710817337.
LOCAL_RANK: 0 - CUDA_VISIBLE_DEVICES: [0]
[I 2023-11-30 12:10:32,846] Trial 80 finished with value: 0.18176841735839844 and parameters: {'gradient_clip_val': 0.30547075393361867, 'hidden_size': 93, 'dropout': 0.17501826489305244, 'hidden_continuous_size': 32, 'attention_head_size': 3, 'learning_rate': 0.04734433723942025}. Best is trial 65 with value: 0.07871604710817337.
LOCAL_RANK: 0 - CUDA_VISIBLE_DEVICES: [0]
[I 2023-11-30 12:10:46,524] Trial 81 finished with value: 0.09746456146240234 and parameters: {'gradient_clip_val': 0.28654621032382066, 'hidden_size': 83, 'dropout': 0.14964667012502905, 'hidden_continuous_size': 22, 'attention_head_size': 2, 'learning_rate': 0.054373401442511994}. Best is trial 65 with value: 0.07871604710817337.
LOCAL_RANK: 0 - CUDA_VISIBLE_DEVICES: [0]
[I 2023-11-30 12:11:00,449] Trial 82 finished with value: 0.23968911170959473 and parameters: {'gradient_clip_val': 0.23158137832460554, 'hidden_size': 86, 'dropout': 0.16241778699354611, 'hidden_continuous_size': 19, 'attention_head_size': 2, 'learning_rate': 0.07688148099244933}. Best is trial 65 with value: 0.07871604710817337.
LOCAL_RANK: 0 - CUDA_VISIBLE_DEVICES: [0]
[I 2023-11-30 12:11:14,114] Trial 83 finished with value: 0.19056470692157745 and parameters: {'gradient_clip_val': 0.28549583943041745, 'hidden_size': 70, 'dropout': 0.14995503150217704, 'hidden_continuous_size': 24, 'attention_head_size': 2, 'learning_rate': 0.06472211858047405}. Best is trial 65 with value: 0.07871604710817337.
LOCAL_RANK: 0 - CUDA_VISIBLE_DEVICES: [0]
[I 2023-11-30 12:11:28,036] Trial 84 finished with value: 0.2085464745759964 and parameters: {'gradient_clip_val': 0.32850035913423986, 'hidden_size': 100, 'dropout': 0.13226957967168657, 'hidden_continuous_size': 28, 'attention_head_size': 2, 'learning_rate': 0.036439760925469245}. Best is trial 65 with value: 0.07871604710817337.
LOCAL_RANK: 0 - CUDA_VISIBLE_DEVICES: [0]
[I 2023-11-30 12:11:41,736] Trial 85 finished with value: 0.14952430129051208 and parameters: {'gradient_clip_val': 0.25766457166873646, 'hidden_size': 85, 'dropout': 0.1726669280942305, 'hidden_continuous_size': 21, 'attention_head_size': 2, 'learning_rate': 0.055987242444805706}. Best is trial 65 with value: 0.07871604710817337.
LOCAL_RANK: 0 - CUDA_VISIBLE_DEVICES: [0]
[I 2023-11-30 12:11:55,299] Trial 86 finished with value: 0.0979146733880043 and parameters: {'gradient_clip_val': 0.19036945736459207, 'hidden_size': 59, 'dropout': 0.19125632405917892, 'hidden_continuous_size': 25, 'attention_head_size': 2, 'learning_rate': 0.09112362174455832}. Best is trial 65 with value: 0.07871604710817337.
LOCAL_RANK: 0 - CUDA_VISIBLE_DEVICES: [0]
[I 2023-11-30 12:12:09,090] Trial 87 finished with value: 0.12088582664728165 and parameters: {'gradient_clip_val': 0.19064682105628258, 'hidden_size': 65, 'dropout': 0.18120469367106976, 'hidden_continuous_size': 25, 'attention_head_size': 2, 'learning_rate': 0.09102092305283244}. Best is trial 65 with value: 0.07871604710817337.
LOCAL_RANK: 0 - CUDA_VISIBLE_DEVICES: [0]
[I 2023-11-30 12:12:22,680] Trial 88 finished with value: 0.12413013726472855 and parameters: {'gradient_clip_val': 0.20418755907821037, 'hidden_size': 61, 'dropout': 0.190955617914989, 'hidden_continuous_size': 23, 'attention_head_size': 2, 'learning_rate': 0.07419977732726989}. Best is trial 65 with value: 0.07871604710817337.
LOCAL_RANK: 0 - CUDA_VISIBLE_DEVICES: [0]
[I 2023-11-30 12:12:36,199] Trial 89 finished with value: 0.1255153864622116 and parameters: {'gradient_clip_val': 0.1829507265151857, 'hidden_size': 76, 'dropout': 0.2168327649688998, 'hidden_continuous_size': 22, 'attention_head_size': 1, 'learning_rate': 0.09290338016340381}. Best is trial 65 with value: 0.07871604710817337.
LOCAL_RANK: 0 - CUDA_VISIBLE_DEVICES: [0]
[I 2023-11-30 12:12:49,170] Trial 90 finished with value: 0.22801929712295532 and parameters: {'gradient_clip_val': 0.2240531808028962, 'hidden_size': 48, 'dropout': 0.23999929941075038, 'hidden_continuous_size': 25, 'attention_head_size': 2, 'learning_rate': 0.08528027444856674}. Best is trial 65 with value: 0.07871604710817337.
LOCAL_RANK: 0 - CUDA_VISIBLE_DEVICES: [0]
[I 2023-11-30 12:13:02,743] Trial 91 finished with value: 0.26396942138671875 and parameters: {'gradient_clip_val': 0.30343161363477467, 'hidden_size': 57, 'dropout': 0.12398823157515793, 'hidden_continuous_size': 27, 'attention_head_size': 2, 'learning_rate': 0.04389403309364325}. Best is trial 65 with value: 0.07871604710817337.
LOCAL_RANK: 0 - CUDA_VISIBLE_DEVICES: [0]
[I 2023-11-30 12:13:16,582] Trial 92 finished with value: 0.16753864288330078 and parameters: {'gradient_clip_val': 0.2683144551356283, 'hidden_size': 71, 'dropout': 0.16381661054265526, 'hidden_continuous_size': 22, 'attention_head_size': 2, 'learning_rate': 0.05829094226575513}. Best is trial 65 with value: 0.07871604710817337.
LOCAL_RANK: 0 - CUDA_VISIBLE_DEVICES: [0]
[I 2023-11-30 12:13:29,921] Trial 93 finished with value: 0.10586587339639664 and parameters: {'gradient_clip_val': 0.24142910129834394, 'hidden_size': 53, 'dropout': 0.25255919957099593, 'hidden_continuous_size': 24, 'attention_head_size': 2, 'learning_rate': 0.07604903927047935}. Best is trial 65 with value: 0.07871604710817337.
LOCAL_RANK: 0 - CUDA_VISIBLE_DEVICES: [0]
[I 2023-11-30 12:13:43,675] Trial 94 finished with value: 0.20379102230072021 and parameters: {'gradient_clip_val': 0.17211899840878098, 'hidden_size': 79, 'dropout': 0.13806064491723974, 'hidden_continuous_size': 29, 'attention_head_size': 2, 'learning_rate': 0.09991501841574543}. Best is trial 65 with value: 0.07871604710817337.
LOCAL_RANK: 0 - CUDA_VISIBLE_DEVICES: [0]
[I 2023-11-30 12:13:57,393] Trial 95 finished with value: 0.09725832939147949 and parameters: {'gradient_clip_val': 0.1960313955813877, 'hidden_size': 67, 'dropout': 0.11094803601963338, 'hidden_continuous_size': 20, 'attention_head_size': 3, 'learning_rate': 0.06504741307669867}. Best is trial 65 with value: 0.07871604710817337.
LOCAL_RANK: 0 - CUDA_VISIBLE_DEVICES: [0]
[I 2023-11-30 12:14:10,814] Trial 96 finished with value: 0.12977933883666992 and parameters: {'gradient_clip_val': 0.16529162664222632, 'hidden_size': 64, 'dropout': 0.10738093729538935, 'hidden_continuous_size': 20, 'attention_head_size': 3, 'learning_rate': 0.06622199061228846}. Best is trial 65 with value: 0.07871604710817337.
LOCAL_RANK: 0 - CUDA_VISIBLE_DEVICES: [0]
[I 2023-11-30 12:14:24,339] Trial 97 finished with value: 0.17182613909244537 and parameters: {'gradient_clip_val': 0.19038460625803658, 'hidden_size': 58, 'dropout': 0.11652678435041844, 'hidden_continuous_size': 20, 'attention_head_size': 3, 'learning_rate': 0.05158098101630662}. Best is trial 65 with value: 0.07871604710817337.
LOCAL_RANK: 0 - CUDA_VISIBLE_DEVICES: [0]
[I 2023-11-30 12:14:38,049] Trial 98 finished with value: 0.13705240190029144 and parameters: {'gradient_clip_val': 0.20766864826091286, 'hidden_size': 68, 'dropout': 0.12294535005783985, 'hidden_continuous_size': 19, 'attention_head_size': 3, 'learning_rate': 0.08624273954797747}. Best is trial 65 with value: 0.07871604710817337.
LOCAL_RANK: 0 - CUDA_VISIBLE_DEVICES: [0]
[I 2023-11-30 12:14:51,629] Trial 99 finished with value: 0.19769881665706635 and parameters: {'gradient_clip_val': 0.22362746776716524, 'hidden_size': 76, 'dropout': 0.11156737683829701, 'hidden_continuous_size': 17, 'attention_head_size': 3, 'learning_rate': 0.07082988572143711}. Best is trial 65 with value: 0.07871604710817337.
LOCAL_RANK: 0 - CUDA_VISIBLE_DEVICES: [0]
[I 2023-11-30 12:15:05,113] Trial 100 finished with value: 0.17573295533657074 and parameters: {'gradient_clip_val': 0.2373339601552617, 'hidden_size': 59, 'dropout': 0.13048153916010027, 'hidden_continuous_size': 21, 'attention_head_size': 3, 'learning_rate': 0.054826819210812096}. Best is trial 65 with value: 0.07871604710817337.
LOCAL_RANK: 0 - CUDA_VISIBLE_DEVICES: [0]
[I 2023-11-30 12:15:18,853] Trial 101 finished with value: 0.10462826490402222 and parameters: {'gradient_clip_val': 0.28738314313219715, 'hidden_size': 84, 'dropout': 0.21210524102033249, 'hidden_continuous_size': 18, 'attention_head_size': 2, 'learning_rate': 0.06403657834044092}. Best is trial 65 with value: 0.07871604710817337.
LOCAL_RANK: 0 - CUDA_VISIBLE_DEVICES: [0]
[I 2023-11-30 12:15:32,580] Trial 102 finished with value: 0.08846498280763626 and parameters: {'gradient_clip_val': 0.2668481840480831, 'hidden_size': 92, 'dropout': 0.10018868592249944, 'hidden_continuous_size': 27, 'attention_head_size': 2, 'learning_rate': 0.07859458200185372}. Best is trial 65 with value: 0.07871604710817337.
LOCAL_RANK: 0 - CUDA_VISIBLE_DEVICES: [0]
[I 2023-11-30 12:15:46,524] Trial 103 finished with value: 0.18217670917510986 and parameters: {'gradient_clip_val': 0.19670815481843243, 'hidden_size': 70, 'dropout': 0.10515703531938314, 'hidden_continuous_size': 27, 'attention_head_size': 2, 'learning_rate': 0.08291402045136734}. Best is trial 65 with value: 0.07871604710817337.
LOCAL_RANK: 0 - CUDA_VISIBLE_DEVICES: [0]
[I 2023-11-30 12:16:00,059] Trial 104 finished with value: 0.1724424958229065 and parameters: {'gradient_clip_val': 0.2724450454340526, 'hidden_size': 82, 'dropout': 0.10950261642373453, 'hidden_continuous_size': 12, 'attention_head_size': 1, 'learning_rate': 0.07477472703979295}. Best is trial 65 with value: 0.07871604710817337.
LOCAL_RANK: 0 - CUDA_VISIBLE_DEVICES: [0]
[I 2023-11-30 12:16:13,885] Trial 105 finished with value: 0.10142163187265396 and parameters: {'gradient_clip_val': 0.25285843303095834, 'hidden_size': 92, 'dropout': 0.10221555219322512, 'hidden_continuous_size': 32, 'attention_head_size': 2, 'learning_rate': 0.061723135944551956}. Best is trial 65 with value: 0.07871604710817337.
LOCAL_RANK: 0 - CUDA_VISIBLE_DEVICES: [0]
[I 2023-11-30 12:16:27,539] Trial 106 finished with value: 0.12574805319309235 and parameters: {'gradient_clip_val': 0.2640125176582277, 'hidden_size': 66, 'dropout': 0.117561291997874, 'hidden_continuous_size': 25, 'attention_head_size': 3, 'learning_rate': 0.09065593148329922}. Best is trial 65 with value: 0.07871604710817337.
LOCAL_RANK: 0 - CUDA_VISIBLE_DEVICES: [0]
[I 2023-11-30 12:16:40,844] Trial 107 finished with value: 0.1617060750722885 and parameters: {'gradient_clip_val': 0.21751302958750862, 'hidden_size': 43, 'dropout': 0.10002082624890343, 'hidden_continuous_size': 22, 'attention_head_size': 4, 'learning_rate': 0.04795653285822178}. Best is trial 65 with value: 0.07871604710817337.
LOCAL_RANK: 0 - CUDA_VISIBLE_DEVICES: [0]
[I 2023-11-30 12:16:54,757] Trial 108 finished with value: 0.15388482809066772 and parameters: {'gradient_clip_val': 0.2464522954558295, 'hidden_size': 75, 'dropout': 0.12101772816055095, 'hidden_continuous_size': 26, 'attention_head_size': 2, 'learning_rate': 0.0400844327660474}. Best is trial 65 with value: 0.07871604710817337.
LOCAL_RANK: 0 - CUDA_VISIBLE_DEVICES: [0]
[I 2023-11-30 12:17:08,305] Trial 109 finished with value: 0.11529269069433212 and parameters: {'gradient_clip_val': 0.20168498597711895, 'hidden_size': 61, 'dropout': 0.11193717616625656, 'hidden_continuous_size': 23, 'attention_head_size': 2, 'learning_rate': 0.0805472602389228}. Best is trial 65 with value: 0.07871604710817337.
LOCAL_RANK: 0 - CUDA_VISIBLE_DEVICES: [0]
[I 2023-11-30 12:17:21,482] Trial 110 finished with value: 0.10976288467645645 and parameters: {'gradient_clip_val': 0.281563420267775, 'hidden_size': 51, 'dropout': 0.1271262093945434, 'hidden_continuous_size': 23, 'attention_head_size': 1, 'learning_rate': 0.07026643550744936}. Best is trial 65 with value: 0.07871604710817337.
LOCAL_RANK: 0 - CUDA_VISIBLE_DEVICES: [0]
[I 2023-11-30 12:17:35,227] Trial 111 finished with value: 0.2194763422012329 and parameters: {'gradient_clip_val': 0.3057711358863471, 'hidden_size': 88, 'dropout': 0.19509055673432898, 'hidden_continuous_size': 28, 'attention_head_size': 2, 'learning_rate': 0.045173974816991265}. Best is trial 65 with value: 0.07871604710817337.
LOCAL_RANK: 0 - CUDA_VISIBLE_DEVICES: [0]
[I 2023-11-30 12:17:49,196] Trial 112 finished with value: 0.21674291789531708 and parameters: {'gradient_clip_val': 0.32046974653458515, 'hidden_size': 103, 'dropout': 0.14688393934170108, 'hidden_continuous_size': 21, 'attention_head_size': 2, 'learning_rate': 0.023878045603724626}. Best is trial 65 with value: 0.07871604710817337.
LOCAL_RANK: 0 - CUDA_VISIBLE_DEVICES: [0]
[I 2023-11-30 12:18:03,353] Trial 113 finished with value: 0.15361304581165314 and parameters: {'gradient_clip_val': 0.2330871368878259, 'hidden_size': 94, 'dropout': 0.13416297688054168, 'hidden_continuous_size': 30, 'attention_head_size': 2, 'learning_rate': 0.03446070347104657}. Best is trial 65 with value: 0.07871604710817337.
LOCAL_RANK: 0 - CUDA_VISIBLE_DEVICES: [0]
[I 2023-11-30 12:18:17,446] Trial 114 finished with value: 0.22531169652938843 and parameters: {'gradient_clip_val': 0.33408950197280585, 'hidden_size': 97, 'dropout': 0.15273862211482336, 'hidden_continuous_size': 31, 'attention_head_size': 2, 'learning_rate': 0.05785149250198329}. Best is trial 65 with value: 0.07871604710817337.
LOCAL_RANK: 0 - CUDA_VISIBLE_DEVICES: [0]
[I 2023-11-30 12:18:31,147] Trial 115 finished with value: 0.12142562866210938 and parameters: {'gradient_clip_val': 0.2886654509749802, 'hidden_size': 72, 'dropout': 0.16001675506642501, 'hidden_continuous_size': 25, 'attention_head_size': 2, 'learning_rate': 0.05144959569458312}. Best is trial 65 with value: 0.07871604710817337.
LOCAL_RANK: 0 - CUDA_VISIBLE_DEVICES: [0]
[I 2023-11-30 12:18:44,200] Trial 116 finished with value: 0.10041245073080063 and parameters: {'gradient_clip_val': 0.3612223828829573, 'hidden_size': 35, 'dropout': 0.1429580434613762, 'hidden_continuous_size': 26, 'attention_head_size': 2, 'learning_rate': 0.028613470807707406}. Best is trial 65 with value: 0.07871604710817337.
LOCAL_RANK: 0 - CUDA_VISIBLE_DEVICES: [0]
[I 2023-11-30 12:18:58,055] Trial 117 finished with value: 0.2712523639202118 and parameters: {'gradient_clip_val': 0.218426001080892, 'hidden_size': 79, 'dropout': 0.20450877665705466, 'hidden_continuous_size': 28, 'attention_head_size': 3, 'learning_rate': 0.06449641714760607}. Best is trial 65 with value: 0.07871604710817337.
LOCAL_RANK: 0 - CUDA_VISIBLE_DEVICES: [0]
[I 2023-11-30 12:19:12,408] Trial 118 finished with value: 0.2012190818786621 and parameters: {'gradient_clip_val': 0.2710521942069432, 'hidden_size': 111, 'dropout': 0.18827488144762206, 'hidden_continuous_size': 34, 'attention_head_size': 2, 'learning_rate': 0.07939247680188599}. Best is trial 65 with value: 0.07871604710817337.
LOCAL_RANK: 0 - CUDA_VISIBLE_DEVICES: [0]
[I 2023-11-30 12:19:26,206] Trial 119 finished with value: 0.15274932980537415 and parameters: {'gradient_clip_val': 0.29677096857499213, 'hidden_size': 89, 'dropout': 0.168769102893173, 'hidden_continuous_size': 29, 'attention_head_size': 1, 'learning_rate': 0.03913271810754472}. Best is trial 65 with value: 0.07871604710817337.
LOCAL_RANK: 0 - CUDA_VISIBLE_DEVICES: [0]
[I 2023-11-30 12:19:40,001] Trial 120 finished with value: 0.3071565330028534 and parameters: {'gradient_clip_val': 0.25740579773151717, 'hidden_size': 105, 'dropout': 0.17513163894402975, 'hidden_continuous_size': 13, 'attention_head_size': 2, 'learning_rate': 0.09947243454029972}. Best is trial 65 with value: 0.07871604710817337.
LOCAL_RANK: 0 - CUDA_VISIBLE_DEVICES: [0]
[I 2023-11-30 12:19:53,638] Trial 121 finished with value: 0.0768580362200737 and parameters: {'gradient_clip_val': 0.31709479855153744, 'hidden_size': 82, 'dropout': 0.14506518466952725, 'hidden_continuous_size': 24, 'attention_head_size': 2, 'learning_rate': 0.05391509136785924}. Best is trial 121 with value: 0.0768580362200737.
LOCAL_RANK: 0 - CUDA_VISIBLE_DEVICES: [0]
[I 2023-11-30 12:20:07,248] Trial 122 finished with value: 0.20897521078586578 and parameters: {'gradient_clip_val': 0.3411879698306134, 'hidden_size': 84, 'dropout': 0.1567342181774327, 'hidden_continuous_size': 24, 'attention_head_size': 2, 'learning_rate': 0.0539999796380438}. Best is trial 121 with value: 0.0768580362200737.
LOCAL_RANK: 0 - CUDA_VISIBLE_DEVICES: [0]
[I 2023-11-30 12:20:21,023] Trial 123 finished with value: 0.17466489970684052 and parameters: {'gradient_clip_val': 0.31615149072067994, 'hidden_size': 68, 'dropout': 0.1379721043664078, 'hidden_continuous_size': 24, 'attention_head_size': 2, 'learning_rate': 0.043727121393790556}. Best is trial 121 with value: 0.0768580362200737.
LOCAL_RANK: 0 - CUDA_VISIBLE_DEVICES: [0]
[I 2023-11-30 12:20:34,621] Trial 124 finished with value: 0.07787901908159256 and parameters: {'gradient_clip_val': 0.30610652601289157, 'hidden_size': 79, 'dropout': 0.1443103330903897, 'hidden_continuous_size': 27, 'attention_head_size': 2, 'learning_rate': 0.030694940435084923}. Best is trial 121 with value: 0.0768580362200737.
LOCAL_RANK: 0 - CUDA_VISIBLE_DEVICES: [0]
