[I 2023-11-30 02:23:52,088] Trial 21 finished with value: 0.14238770306110382 and parameters: {'gradient_clip_val': 0.4518865905099263, 'hidden_size': 55, 'dropout': 0.38326236067865904, 'hidden_continuous_size': 27, 'attention_head_size': 2, 'learning_rate': 0.03938096401874568}. Best is trial 15 with value: 0.10108799487352371.
LOCAL_RANK: 0 - CUDA_VISIBLE_DEVICES: [0]
[I 2023-11-30 02:24:05,604] Trial 22 finished with value: 0.12369713932275772 and parameters: {'gradient_clip_val': 0.4037788841393297, 'hidden_size': 57, 'dropout': 0.3974022348562547, 'hidden_continuous_size': 29, 'attention_head_size': 3, 'learning_rate': 0.07482763157522916}. Best is trial 15 with value: 0.10108799487352371.
LOCAL_RANK: 0 - CUDA_VISIBLE_DEVICES: [0]
[I 2023-11-30 02:24:19,609] Trial 23 finished with value: 0.2096881866455078 and parameters: {'gradient_clip_val': 0.3524785770601305, 'hidden_size': 87, 'dropout': 0.3473878087063495, 'hidden_continuous_size': 38, 'attention_head_size': 2, 'learning_rate': 0.05738223620092419}. Best is trial 15 with value: 0.10108799487352371.
LOCAL_RANK: 0 - CUDA_VISIBLE_DEVICES: [0]
[I 2023-11-30 02:24:33,907] Trial 24 finished with value: 0.12078122049570084 and parameters: {'gradient_clip_val': 0.2803489995668915, 'hidden_size': 111, 'dropout': 0.35732813569251004, 'hidden_continuous_size': 52, 'attention_head_size': 3, 'learning_rate': 0.015150142609634236}. Best is trial 15 with value: 0.10108799487352371.
LOCAL_RANK: 0 - CUDA_VISIBLE_DEVICES: [0]
[I 2023-11-30 02:24:47,512] Trial 25 finished with value: 0.1743263453245163 and parameters: {'gradient_clip_val': 0.2202398968093226, 'hidden_size': 62, 'dropout': 0.37803302109290693, 'hidden_continuous_size': 27, 'attention_head_size': 1, 'learning_rate': 0.036432447243700074}. Best is trial 15 with value: 0.10108799487352371.
LOCAL_RANK: 0 - CUDA_VISIBLE_DEVICES: [0]
[I 2023-11-30 02:25:01,469] Trial 26 finished with value: 0.18248935043811798 and parameters: {'gradient_clip_val': 0.30144441960978874, 'hidden_size': 86, 'dropout': 0.3317169207794811, 'hidden_continuous_size': 33, 'attention_head_size': 2, 'learning_rate': 0.061144885241455706}. Best is trial 15 with value: 0.10108799487352371.
LOCAL_RANK: 0 - CUDA_VISIBLE_DEVICES: [0]
[I 2023-11-30 02:25:14,641] Trial 27 finished with value: 0.12782502174377441 and parameters: {'gradient_clip_val': 0.3876258119085095, 'hidden_size': 48, 'dropout': 0.3042227659195111, 'hidden_continuous_size': 27, 'attention_head_size': 3, 'learning_rate': 0.032386047180961886}. Best is trial 15 with value: 0.10108799487352371.
LOCAL_RANK: 0 - CUDA_VISIBLE_DEVICES: [0]
[I 2023-11-30 02:25:28,957] Trial 28 finished with value: 0.18529202044010162 and parameters: {'gradient_clip_val': 0.22246150342104312, 'hidden_size': 122, 'dropout': 0.3402687305359577, 'hidden_continuous_size': 64, 'attention_head_size': 2, 'learning_rate': 0.09586291765002325}. Best is trial 15 with value: 0.10108799487352371.
LOCAL_RANK: 0 - CUDA_VISIBLE_DEVICES: [0]
[I 2023-11-30 02:25:43,245] Trial 29 finished with value: 0.2983739674091339 and parameters: {'gradient_clip_val': 0.5232303931825759, 'hidden_size': 148, 'dropout': 0.32110191522197995, 'hidden_continuous_size': 20, 'attention_head_size': 1, 'learning_rate': 0.0489533530706177}. Best is trial 15 with value: 0.10108799487352371.
LOCAL_RANK: 0 - CUDA_VISIBLE_DEVICES: [0]
[I 2023-11-30 02:25:57,332] Trial 30 finished with value: 0.35943856835365295 and parameters: {'gradient_clip_val': 0.30423592120084203, 'hidden_size': 77, 'dropout': 0.3990452979845872, 'hidden_continuous_size': 43, 'attention_head_size': 2, 'learning_rate': 0.0711254337265033}. Best is trial 15 with value: 0.10108799487352371.
LOCAL_RANK: 0 - CUDA_VISIBLE_DEVICES: [0]
[I 2023-11-30 02:26:11,629] Trial 31 finished with value: 0.1240098774433136 and parameters: {'gradient_clip_val': 0.2840794738829636, 'hidden_size': 115, 'dropout': 0.36628204061626274, 'hidden_continuous_size': 44, 'attention_head_size': 3, 'learning_rate': 0.013691753179017985}. Best is trial 15 with value: 0.10108799487352371.
LOCAL_RANK: 0 - CUDA_VISIBLE_DEVICES: [0]
[I 2023-11-30 02:26:25,664] Trial 32 finished with value: 0.14203406870365143 and parameters: {'gradient_clip_val': 0.2564941103126094, 'hidden_size': 86, 'dropout': 0.35208833225645214, 'hidden_continuous_size': 52, 'attention_head_size': 3, 'learning_rate': 0.028862436988969103}. Best is trial 15 with value: 0.10108799487352371.
LOCAL_RANK: 0 - CUDA_VISIBLE_DEVICES: [0]
[I 2023-11-30 02:26:40,214] Trial 33 finished with value: 0.1547657698392868 and parameters: {'gradient_clip_val': 0.3826496489497049, 'hidden_size': 109, 'dropout': 0.36694229550647833, 'hidden_continuous_size': 68, 'attention_head_size': 3, 'learning_rate': 0.042147832509197715}. Best is trial 15 with value: 0.10108799487352371.
LOCAL_RANK: 0 - CUDA_VISIBLE_DEVICES: [0]
[I 2023-11-30 02:26:54,087] Trial 34 finished with value: 0.10895387083292007 and parameters: {'gradient_clip_val': 0.5657032711657811, 'hidden_size': 65, 'dropout': 0.3445882581491738, 'hidden_continuous_size': 35, 'attention_head_size': 4, 'learning_rate': 0.02880284057849437}. Best is trial 15 with value: 0.10108799487352371.
LOCAL_RANK: 0 - CUDA_VISIBLE_DEVICES: [0]
[I 2023-11-30 02:27:08,008] Trial 35 finished with value: 0.14874203503131866 and parameters: {'gradient_clip_val': 0.6479961531646687, 'hidden_size': 65, 'dropout': 0.33882552975086344, 'hidden_continuous_size': 35, 'attention_head_size': 4, 'learning_rate': 0.026751031921071748}. Best is trial 15 with value: 0.10108799487352371.
LOCAL_RANK: 0 - CUDA_VISIBLE_DEVICES: [0]
[I 2023-11-30 02:27:21,698] Trial 36 finished with value: 0.11882398277521133 and parameters: {'gradient_clip_val': 0.4547040993414149, 'hidden_size': 53, 'dropout': 0.31198744694134795, 'hidden_continuous_size': 31, 'attention_head_size': 4, 'learning_rate': 0.032657055579229016}. Best is trial 15 with value: 0.10108799487352371.
LOCAL_RANK: 0 - CUDA_VISIBLE_DEVICES: [0]
[I 2023-11-30 02:27:34,631] Trial 37 finished with value: 0.1289166957139969 and parameters: {'gradient_clip_val': 0.6600370470233767, 'hidden_size': 40, 'dropout': 0.3812454723719151, 'hidden_continuous_size': 29, 'attention_head_size': 4, 'learning_rate': 0.04622677224935652}. Best is trial 15 with value: 0.10108799487352371.
LOCAL_RANK: 0 - CUDA_VISIBLE_DEVICES: [0]
[I 2023-11-30 02:27:48,304] Trial 38 finished with value: 0.14588971436023712 and parameters: {'gradient_clip_val': 0.5419833727027628, 'hidden_size': 64, 'dropout': 0.3445241483375444, 'hidden_continuous_size': 35, 'attention_head_size': 4, 'learning_rate': 0.023554969812358217}. Best is trial 15 with value: 0.10108799487352371.
LOCAL_RANK: 0 - CUDA_VISIBLE_DEVICES: [0]
[I 2023-11-30 02:28:02,185] Trial 39 finished with value: 0.10739520937204361 and parameters: {'gradient_clip_val': 0.34117548988342294, 'hidden_size': 58, 'dropout': 0.2656946940558686, 'hidden_continuous_size': 41, 'attention_head_size': 4, 'learning_rate': 0.06904605819543982}. Best is trial 15 with value: 0.10108799487352371.
LOCAL_RANK: 0 - CUDA_VISIBLE_DEVICES: [0]
[I 2023-11-30 02:28:16,335] Trial 40 finished with value: 0.23130662739276886 and parameters: {'gradient_clip_val': 0.3204705122391999, 'hidden_size': 71, 'dropout': 0.2742420182476078, 'hidden_continuous_size': 40, 'attention_head_size': 4, 'learning_rate': 0.07021904832638613}. Best is trial 15 with value: 0.10108799487352371.
LOCAL_RANK: 0 - CUDA_VISIBLE_DEVICES: [0]
[I 2023-11-30 02:28:30,143] Trial 41 finished with value: 0.09980517625808716 and parameters: {'gradient_clip_val': 0.3576414386267905, 'hidden_size': 55, 'dropout': 0.30027100144125873, 'hidden_continuous_size': 40, 'attention_head_size': 4, 'learning_rate': 0.05487776697642747}. Best is trial 41 with value: 0.09980517625808716.
LOCAL_RANK: 0 - CUDA_VISIBLE_DEVICES: [0]
[I 2023-11-30 02:28:43,987] Trial 42 finished with value: 0.12612976133823395 and parameters: {'gradient_clip_val': 0.357252447775736, 'hidden_size': 61, 'dropout': 0.26687253401186095, 'hidden_continuous_size': 42, 'attention_head_size': 4, 'learning_rate': 0.058816906844666415}. Best is trial 41 with value: 0.09980517625808716.
LOCAL_RANK: 0 - CUDA_VISIBLE_DEVICES: [0]
[I 2023-11-30 02:28:57,661] Trial 43 finished with value: 0.12868578732013702 and parameters: {'gradient_clip_val': 0.3306071780844949, 'hidden_size': 49, 'dropout': 0.2977319005094008, 'hidden_continuous_size': 34, 'attention_head_size': 4, 'learning_rate': 0.08146936741110013}. Best is trial 41 with value: 0.09980517625808716.
LOCAL_RANK: 0 - CUDA_VISIBLE_DEVICES: [0]
[I 2023-11-30 02:29:11,798] Trial 44 finished with value: 0.11752498149871826 and parameters: {'gradient_clip_val': 0.24492506283117188, 'hidden_size': 70, 'dropout': 0.25448327092628176, 'hidden_continuous_size': 48, 'attention_head_size': 4, 'learning_rate': 0.0634256061968128}. Best is trial 41 with value: 0.09980517625808716.
LOCAL_RANK: 0 - CUDA_VISIBLE_DEVICES: [0]
[I 2023-11-30 02:29:26,039] Trial 45 finished with value: 0.19399230182170868 and parameters: {'gradient_clip_val': 0.4618520096610314, 'hidden_size': 84, 'dropout': 0.3258684530116308, 'hidden_continuous_size': 45, 'attention_head_size': 4, 'learning_rate': 0.08133558289350716}. Best is trial 41 with value: 0.09980517625808716.
LOCAL_RANK: 0 - CUDA_VISIBLE_DEVICES: [0]
[I 2023-11-30 02:29:39,490] Trial 46 finished with value: 0.10068865865468979 and parameters: {'gradient_clip_val': 0.27884776404992667, 'hidden_size': 42, 'dropout': 0.293175915707639, 'hidden_continuous_size': 36, 'attention_head_size': 4, 'learning_rate': 0.05525780764199008}. Best is trial 41 with value: 0.09980517625808716.
LOCAL_RANK: 0 - CUDA_VISIBLE_DEVICES: [0]
[I 2023-11-30 02:29:52,750] Trial 47 finished with value: 0.14241908490657806 and parameters: {'gradient_clip_val': 0.27587190381374266, 'hidden_size': 39, 'dropout': 0.2891726353421509, 'hidden_continuous_size': 31, 'attention_head_size': 4, 'learning_rate': 0.030952730650939054}. Best is trial 41 with value: 0.09980517625808716.
LOCAL_RANK: 0 - CUDA_VISIBLE_DEVICES: [0]
[I 2023-11-30 02:30:06,147] Trial 48 finished with value: 0.11551486700773239 and parameters: {'gradient_clip_val': 0.3390226843199662, 'hidden_size': 44, 'dropout': 0.2944349348795612, 'hidden_continuous_size': 34, 'attention_head_size': 4, 'learning_rate': 0.05242788896231407}. Best is trial 41 with value: 0.09980517625808716.
LOCAL_RANK: 0 - CUDA_VISIBLE_DEVICES: [0]
[I 2023-11-30 02:30:19,266] Trial 49 finished with value: 0.23977255821228027 and parameters: {'gradient_clip_val': 0.3128814490063649, 'hidden_size': 31, 'dropout': 0.305161652640002, 'hidden_continuous_size': 26, 'attention_head_size': 4, 'learning_rate': 0.037779889115298074}. Best is trial 41 with value: 0.09980517625808716.
LOCAL_RANK: 0 - CUDA_VISIBLE_DEVICES: [0]
[I 2023-11-30 02:30:33,187] Trial 50 finished with value: 0.1404833048582077 and parameters: {'gradient_clip_val': 0.7692721714943946, 'hidden_size': 52, 'dropout': 0.24484281952319684, 'hidden_continuous_size': 37, 'attention_head_size': 4, 'learning_rate': 0.024492047945957753}. Best is trial 41 with value: 0.09980517625808716.
LOCAL_RANK: 0 - CUDA_VISIBLE_DEVICES: [0]
[I 2023-11-30 02:30:46,912] Trial 51 finished with value: 0.12591098248958588 and parameters: {'gradient_clip_val': 0.43018796740677634, 'hidden_size': 61, 'dropout': 0.3139842616463992, 'hidden_continuous_size': 40, 'attention_head_size': 4, 'learning_rate': 0.0866277754655188}. Best is trial 41 with value: 0.09980517625808716.
LOCAL_RANK: 0 - CUDA_VISIBLE_DEVICES: [0]
[I 2023-11-30 02:31:00,936] Trial 52 finished with value: 0.16733014583587646 and parameters: {'gradient_clip_val': 0.11827931008893038, 'hidden_size': 74, 'dropout': 0.28635965698337473, 'hidden_continuous_size': 39, 'attention_head_size': 4, 'learning_rate': 0.06704779228713116}. Best is trial 41 with value: 0.09980517625808716.
LOCAL_RANK: 0 - CUDA_VISIBLE_DEVICES: [0]
[I 2023-11-30 02:31:14,478] Trial 53 finished with value: 0.10312201827764511 and parameters: {'gradient_clip_val': 0.4989287484664022, 'hidden_size': 45, 'dropout': 0.32834219820599125, 'hidden_continuous_size': 36, 'attention_head_size': 4, 'learning_rate': 0.04925195196720613}. Best is trial 41 with value: 0.09980517625808716.
LOCAL_RANK: 0 - CUDA_VISIBLE_DEVICES: [0]
[I 2023-11-30 02:31:27,697] Trial 54 finished with value: 0.18579857051372528 and parameters: {'gradient_clip_val': 0.495984479569161, 'hidden_size': 42, 'dropout': 0.32649328085492557, 'hidden_continuous_size': 32, 'attention_head_size': 4, 'learning_rate': 0.0467542637040493}. Best is trial 41 with value: 0.09980517625808716.
LOCAL_RANK: 0 - CUDA_VISIBLE_DEVICES: [0]
[I 2023-11-30 02:31:41,506] Trial 55 finished with value: 0.15382586419582367 and parameters: {'gradient_clip_val': 0.36692716848012613, 'hidden_size': 47, 'dropout': 0.26449454219012924, 'hidden_continuous_size': 36, 'attention_head_size': 4, 'learning_rate': 0.03402892922162294}. Best is trial 41 with value: 0.09980517625808716.
LOCAL_RANK: 0 - CUDA_VISIBLE_DEVICES: [0]
[I 2023-11-30 02:31:54,625] Trial 56 finished with value: 0.14064143598079681 and parameters: {'gradient_clip_val': 0.42424925192239377, 'hidden_size': 34, 'dropout': 0.33151207389372284, 'hidden_continuous_size': 30, 'attention_head_size': 4, 'learning_rate': 0.05965881126458285}. Best is trial 41 with value: 0.09980517625808716.
LOCAL_RANK: 0 - CUDA_VISIBLE_DEVICES: [0]
[I 2023-11-30 02:32:08,126] Trial 57 finished with value: 0.14285844564437866 and parameters: {'gradient_clip_val': 0.38472384752999544, 'hidden_size': 43, 'dropout': 0.30285650370242423, 'hidden_continuous_size': 36, 'attention_head_size': 4, 'learning_rate': 0.04273255006305825}. Best is trial 41 with value: 0.09980517625808716.
LOCAL_RANK: 0 - CUDA_VISIBLE_DEVICES: [0]
[I 2023-11-30 02:32:21,971] Trial 58 finished with value: 0.14654946327209473 and parameters: {'gradient_clip_val': 0.5660765055022839, 'hidden_size': 59, 'dropout': 0.3482725058602502, 'hidden_continuous_size': 40, 'attention_head_size': 4, 'learning_rate': 0.052668334349054796}. Best is trial 41 with value: 0.09980517625808716.
LOCAL_RANK: 0 - CUDA_VISIBLE_DEVICES: [0]
[I 2023-11-30 02:32:35,549] Trial 59 finished with value: 0.1060141921043396 and parameters: {'gradient_clip_val': 0.49672883214069974, 'hidden_size': 50, 'dropout': 0.22067976134245298, 'hidden_continuous_size': 33, 'attention_head_size': 3, 'learning_rate': 0.07884863842150545}. Best is trial 41 with value: 0.09980517625808716.
LOCAL_RANK: 0 - CUDA_VISIBLE_DEVICES: [0]
[I 2023-11-30 02:32:48,818] Trial 60 finished with value: 0.1765032559633255 and parameters: {'gradient_clip_val': 0.3510531377325285, 'hidden_size': 37, 'dropout': 0.22010474878393052, 'hidden_continuous_size': 33, 'attention_head_size': 3, 'learning_rate': 0.09728261531118329}. Best is trial 41 with value: 0.09980517625808716.
LOCAL_RANK: 0 - CUDA_VISIBLE_DEVICES: [0]
[I 2023-11-30 02:33:02,368] Trial 61 finished with value: 0.1189398467540741 and parameters: {'gradient_clip_val': 0.47422319771515103, 'hidden_size': 52, 'dropout': 0.31799877649218866, 'hidden_continuous_size': 38, 'attention_head_size': 3, 'learning_rate': 0.07626306877035777}. Best is trial 41 with value: 0.09980517625808716.
LOCAL_RANK: 0 - CUDA_VISIBLE_DEVICES: [0]
[I 2023-11-30 02:33:15,778] Trial 62 finished with value: 0.13401557505130768 and parameters: {'gradient_clip_val': 0.4944735940338685, 'hidden_size': 47, 'dropout': 0.20298238778244818, 'hidden_continuous_size': 36, 'attention_head_size': 3, 'learning_rate': 0.05634176765955829}. Best is trial 41 with value: 0.09980517625808716.
LOCAL_RANK: 0 - CUDA_VISIBLE_DEVICES: [0]
[I 2023-11-30 02:33:29,663] Trial 63 finished with value: 0.10086701065301895 and parameters: {'gradient_clip_val': 0.43610544260176676, 'hidden_size': 57, 'dropout': 0.35710419788952186, 'hidden_continuous_size': 41, 'attention_head_size': 4, 'learning_rate': 0.03833583192439448}. Best is trial 41 with value: 0.09980517625808716.
LOCAL_RANK: 0 - CUDA_VISIBLE_DEVICES: [0]
[I 2023-11-30 02:33:43,429] Trial 64 finished with value: 0.17310987412929535 and parameters: {'gradient_clip_val': 0.4261799243133175, 'hidden_size': 51, 'dropout': 0.3585487935297457, 'hidden_continuous_size': 41, 'attention_head_size': 3, 'learning_rate': 0.037614193683172946}. Best is trial 41 with value: 0.09980517625808716.
LOCAL_RANK: 0 - CUDA_VISIBLE_DEVICES: [0]
[I 2023-11-30 02:33:57,288] Trial 65 finished with value: 0.1572716385126114 and parameters: {'gradient_clip_val': 0.4119619901798845, 'hidden_size': 57, 'dropout': 0.2805719844517603, 'hidden_continuous_size': 46, 'attention_head_size': 4, 'learning_rate': 0.06637155791791233}. Best is trial 41 with value: 0.09980517625808716.
LOCAL_RANK: 0 - CUDA_VISIBLE_DEVICES: [0]
[I 2023-11-30 02:34:10,767] Trial 66 finished with value: 0.17393295466899872 and parameters: {'gradient_clip_val': 0.3718025207369283, 'hidden_size': 45, 'dropout': 0.335663592501498, 'hidden_continuous_size': 37, 'attention_head_size': 3, 'learning_rate': 0.04895429618180317}. Best is trial 41 with value: 0.09980517625808716.
LOCAL_RANK: 0 - CUDA_VISIBLE_DEVICES: [0]
[I 2023-11-30 02:34:24,690] Trial 67 finished with value: 0.15508997440338135 and parameters: {'gradient_clip_val': 0.29195443382649805, 'hidden_size': 58, 'dropout': 0.3175171953757869, 'hidden_continuous_size': 42, 'attention_head_size': 4, 'learning_rate': 0.08352510715898198}. Best is trial 41 with value: 0.09980517625808716.
LOCAL_RANK: 0 - CUDA_VISIBLE_DEVICES: [0]
[I 2023-11-30 02:34:37,807] Trial 68 finished with value: 0.16526564955711365 and parameters: {'gradient_clip_val': 0.3357668918713435, 'hidden_size': 40, 'dropout': 0.2976038824292263, 'hidden_continuous_size': 32, 'attention_head_size': 4, 'learning_rate': 0.04338593945674608}. Best is trial 41 with value: 0.09980517625808716.
LOCAL_RANK: 0 - CUDA_VISIBLE_DEVICES: [0]
[I 2023-11-30 02:34:51,480] Trial 69 finished with value: 0.13607467710971832 and parameters: {'gradient_clip_val': 0.39250176797158326, 'hidden_size': 55, 'dropout': 0.37500135272772583, 'hidden_continuous_size': 39, 'attention_head_size': 3, 'learning_rate': 0.07545328375643016}. Best is trial 41 with value: 0.09980517625808716.
LOCAL_RANK: 0 - CUDA_VISIBLE_DEVICES: [0]
[I 2023-11-30 02:35:05,543] Trial 70 finished with value: 0.10426070541143417 and parameters: {'gradient_clip_val': 0.26575156650452014, 'hidden_size': 68, 'dropout': 0.307680596985514, 'hidden_continuous_size': 47, 'attention_head_size': 4, 'learning_rate': 0.06200956923798975}. Best is trial 41 with value: 0.09980517625808716.
LOCAL_RANK: 0 - CUDA_VISIBLE_DEVICES: [0]
[I 2023-11-30 02:35:19,365] Trial 71 finished with value: 0.15780089795589447 and parameters: {'gradient_clip_val': 0.26653433596215703, 'hidden_size': 68, 'dropout': 0.3092943535513749, 'hidden_continuous_size': 48, 'attention_head_size': 4, 'learning_rate': 0.06088178242087406}. Best is trial 41 with value: 0.09980517625808716.
LOCAL_RANK: 0 - CUDA_VISIBLE_DEVICES: [0]
[I 2023-11-30 02:35:33,387] Trial 72 finished with value: 0.12322479486465454 and parameters: {'gradient_clip_val': 0.3560326635811284, 'hidden_size': 80, 'dropout': 0.32586893681326756, 'hidden_continuous_size': 48, 'attention_head_size': 4, 'learning_rate': 0.05528693351889522}. Best is trial 41 with value: 0.09980517625808716.
LOCAL_RANK: 0 - CUDA_VISIBLE_DEVICES: [0]
[I 2023-11-30 02:35:47,208] Trial 73 finished with value: 0.12998835742473602 and parameters: {'gradient_clip_val': 0.29927926759489726, 'hidden_size': 50, 'dropout': 0.3380553939417949, 'hidden_continuous_size': 42, 'attention_head_size': 4, 'learning_rate': 0.06666519049263081}. Best is trial 41 with value: 0.09980517625808716.
LOCAL_RANK: 0 - CUDA_VISIBLE_DEVICES: [0]
[I 2023-11-30 02:36:01,049] Trial 74 finished with value: 0.12429078668355942 and parameters: {'gradient_clip_val': 0.317528499247708, 'hidden_size': 57, 'dropout': 0.2876481678825479, 'hidden_continuous_size': 44, 'attention_head_size': 4, 'learning_rate': 0.047651386759392386}. Best is trial 41 with value: 0.09980517625808716.
LOCAL_RANK: 0 - CUDA_VISIBLE_DEVICES: [0]
[I 2023-11-30 02:36:15,209] Trial 75 finished with value: 0.1355704814195633 and parameters: {'gradient_clip_val': 0.44716481469286495, 'hidden_size': 65, 'dropout': 0.3544296855519814, 'hidden_continuous_size': 45, 'attention_head_size': 4, 'learning_rate': 0.039169164958513095}. Best is trial 41 with value: 0.09980517625808716.
LOCAL_RANK: 0 - CUDA_VISIBLE_DEVICES: [0]
[I 2023-11-30 02:36:29,520] Trial 76 finished with value: 0.14432096481323242 and parameters: {'gradient_clip_val': 0.4007530201468475, 'hidden_size': 91, 'dropout': 0.30755168344161177, 'hidden_continuous_size': 56, 'attention_head_size': 4, 'learning_rate': 0.07395500553417983}. Best is trial 41 with value: 0.09980517625808716.
LOCAL_RANK: 0 - CUDA_VISIBLE_DEVICES: [0]
[I 2023-11-30 02:36:43,445] Trial 77 finished with value: 0.23970752954483032 and parameters: {'gradient_clip_val': 0.25334125357653775, 'hidden_size': 72, 'dropout': 0.318294151419582, 'hidden_continuous_size': 42, 'attention_head_size': 3, 'learning_rate': 0.0970896247624071}. Best is trial 41 with value: 0.09980517625808716.
LOCAL_RANK: 0 - CUDA_VISIBLE_DEVICES: [0]
[I 2023-11-30 02:36:56,998] Trial 78 finished with value: 0.1559668481349945 and parameters: {'gradient_clip_val': 0.28005404825359115, 'hidden_size': 48, 'dropout': 0.27442814383349806, 'hidden_continuous_size': 38, 'attention_head_size': 4, 'learning_rate': 0.05381712252842972}. Best is trial 41 with value: 0.09980517625808716.
LOCAL_RANK: 0 - CUDA_VISIBLE_DEVICES: [0]
