[I 2023-11-30 08:49:58,208] Trial 103 finished with value: 0.21745245158672333 and parameters: {'gradient_clip_val': 0.6131127815784873, 'hidden_size': 130, 'dropout': 0.2530938780442802, 'hidden_continuous_size': 51, 'attention_head_size': 1, 'learning_rate': 0.04565154804552048}. Best is trial 77 with value: 0.0904562696814537.
LOCAL_RANK: 0 - CUDA_VISIBLE_DEVICES: [0]
[I 2023-11-30 08:50:12,712] Trial 104 finished with value: 0.30334582924842834 and parameters: {'gradient_clip_val': 0.8643359181310746, 'hidden_size': 138, 'dropout': 0.26653870119483164, 'hidden_continuous_size': 45, 'attention_head_size': 1, 'learning_rate': 0.06805344505339202}. Best is trial 77 with value: 0.0904562696814537.
LOCAL_RANK: 0 - CUDA_VISIBLE_DEVICES: [0]
[I 2023-11-30 08:50:27,246] Trial 105 finished with value: 0.10277815908193588 and parameters: {'gradient_clip_val': 0.8227458544161759, 'hidden_size': 149, 'dropout': 0.2889444991020908, 'hidden_continuous_size': 42, 'attention_head_size': 1, 'learning_rate': 0.05873148787595593}. Best is trial 77 with value: 0.0904562696814537.
LOCAL_RANK: 0 - CUDA_VISIBLE_DEVICES: [0]
[I 2023-11-30 08:50:41,251] Trial 106 finished with value: 0.15872225165367126 and parameters: {'gradient_clip_val': 0.9998419329485887, 'hidden_size': 108, 'dropout': 0.2997230751864173, 'hidden_continuous_size': 42, 'attention_head_size': 1, 'learning_rate': 0.05776915745324179}. Best is trial 77 with value: 0.0904562696814537.
LOCAL_RANK: 0 - CUDA_VISIBLE_DEVICES: [0]
[I 2023-11-30 08:50:55,449] Trial 107 finished with value: 0.17005129158496857 and parameters: {'gradient_clip_val': 0.9641272651620058, 'hidden_size': 136, 'dropout': 0.28469743950269444, 'hidden_continuous_size': 47, 'attention_head_size': 1, 'learning_rate': 0.04183240557033872}. Best is trial 77 with value: 0.0904562696814537.
LOCAL_RANK: 0 - CUDA_VISIBLE_DEVICES: [0]
[I 2023-11-30 08:51:09,220] Trial 108 finished with value: 0.1573212593793869 and parameters: {'gradient_clip_val': 0.76184642193808, 'hidden_size': 93, 'dropout': 0.306061614611778, 'hidden_continuous_size': 32, 'attention_head_size': 1, 'learning_rate': 0.05210536716066241}. Best is trial 77 with value: 0.0904562696814537.
LOCAL_RANK: 0 - CUDA_VISIBLE_DEVICES: [0]
[I 2023-11-30 08:51:23,630] Trial 109 finished with value: 0.2304830551147461 and parameters: {'gradient_clip_val': 0.8226555404104803, 'hidden_size': 123, 'dropout': 0.26075125765841756, 'hidden_continuous_size': 38, 'attention_head_size': 1, 'learning_rate': 0.03590782955715206}. Best is trial 77 with value: 0.0904562696814537.
LOCAL_RANK: 0 - CUDA_VISIBLE_DEVICES: [0]
[I 2023-11-30 08:51:37,382] Trial 110 finished with value: 0.08364091068506241 and parameters: {'gradient_clip_val': 0.9129552968533455, 'hidden_size': 72, 'dropout': 0.2877480702355725, 'hidden_continuous_size': 38, 'attention_head_size': 1, 'learning_rate': 0.07943697219353736}. Best is trial 110 with value: 0.08364091068506241.
LOCAL_RANK: 0 - CUDA_VISIBLE_DEVICES: [0]
[I 2023-11-30 08:51:51,897] Trial 111 finished with value: 0.12389924377202988 and parameters: {'gradient_clip_val': 0.8859502877543327, 'hidden_size': 150, 'dropout': 0.29256282837471903, 'hidden_continuous_size': 49, 'attention_head_size': 1, 'learning_rate': 0.086895859568606}. Best is trial 110 with value: 0.08364091068506241.
LOCAL_RANK: 0 - CUDA_VISIBLE_DEVICES: [0]
[I 2023-11-30 08:52:05,653] Trial 112 finished with value: 0.19644586741924286 and parameters: {'gradient_clip_val': 0.8024696636678126, 'hidden_size': 71, 'dropout': 0.2780641689673127, 'hidden_continuous_size': 36, 'attention_head_size': 1, 'learning_rate': 0.07582826289752857}. Best is trial 110 with value: 0.08364091068506241.
LOCAL_RANK: 0 - CUDA_VISIBLE_DEVICES: [0]
[I 2023-11-30 08:52:19,338] Trial 113 finished with value: 0.11575981974601746 and parameters: {'gradient_clip_val': 0.9311957963345435, 'hidden_size': 75, 'dropout': 0.28944859298627673, 'hidden_continuous_size': 40, 'attention_head_size': 1, 'learning_rate': 0.05931645008534839}. Best is trial 110 with value: 0.08364091068506241.
LOCAL_RANK: 0 - CUDA_VISIBLE_DEVICES: [0]
[I 2023-11-30 08:52:33,406] Trial 114 finished with value: 0.10293173789978027 and parameters: {'gradient_clip_val': 0.9117626630281858, 'hidden_size': 82, 'dropout': 0.2671708382756234, 'hidden_continuous_size': 38, 'attention_head_size': 1, 'learning_rate': 0.06459352355731572}. Best is trial 110 with value: 0.08364091068506241.
LOCAL_RANK: 0 - CUDA_VISIBLE_DEVICES: [0]
[I 2023-11-30 08:52:47,016] Trial 115 finished with value: 0.18699170649051666 and parameters: {'gradient_clip_val': 0.8520810481887617, 'hidden_size': 59, 'dropout': 0.29908181699266295, 'hidden_continuous_size': 35, 'attention_head_size': 1, 'learning_rate': 0.06382169209981182}. Best is trial 110 with value: 0.08364091068506241.
LOCAL_RANK: 0 - CUDA_VISIBLE_DEVICES: [0]
[I 2023-11-30 08:53:00,602] Trial 116 finished with value: 0.14680440723896027 and parameters: {'gradient_clip_val': 0.963860756932103, 'hidden_size': 84, 'dropout': 0.27259266515123665, 'hidden_continuous_size': 30, 'attention_head_size': 1, 'learning_rate': 0.04776800012363407}. Best is trial 110 with value: 0.08364091068506241.
LOCAL_RANK: 0 - CUDA_VISIBLE_DEVICES: [0]
[I 2023-11-30 08:53:14,119] Trial 117 finished with value: 0.1676156371831894 and parameters: {'gradient_clip_val': 0.9100911768802666, 'hidden_size': 64, 'dropout': 0.2674368610082846, 'hidden_continuous_size': 33, 'attention_head_size': 1, 'learning_rate': 0.05342165758542889}. Best is trial 110 with value: 0.08364091068506241.
LOCAL_RANK: 0 - CUDA_VISIBLE_DEVICES: [0]
[I 2023-11-30 08:53:27,710] Trial 118 finished with value: 0.17743486166000366 and parameters: {'gradient_clip_val': 0.724295680206994, 'hidden_size': 55, 'dropout': 0.31728154667899694, 'hidden_continuous_size': 38, 'attention_head_size': 1, 'learning_rate': 0.04016929161897671}. Best is trial 110 with value: 0.08364091068506241.
LOCAL_RANK: 0 - CUDA_VISIBLE_DEVICES: [0]
[I 2023-11-30 08:53:41,507] Trial 119 finished with value: 0.09966719150543213 and parameters: {'gradient_clip_val': 0.7642907877463714, 'hidden_size': 71, 'dropout': 0.250248559360547, 'hidden_continuous_size': 42, 'attention_head_size': 1, 'learning_rate': 0.07022731884157003}. Best is trial 110 with value: 0.08364091068506241.
LOCAL_RANK: 0 - CUDA_VISIBLE_DEVICES: [0]
[I 2023-11-30 08:53:55,229] Trial 120 finished with value: 0.12152328342199326 and parameters: {'gradient_clip_val': 0.6781271082212375, 'hidden_size': 69, 'dropout': 0.2569086501969918, 'hidden_continuous_size': 42, 'attention_head_size': 1, 'learning_rate': 0.06874585796272435}. Best is trial 110 with value: 0.08364091068506241.
LOCAL_RANK: 0 - CUDA_VISIBLE_DEVICES: [0]
[I 2023-11-30 08:54:09,071] Trial 121 finished with value: 0.13666100800037384 and parameters: {'gradient_clip_val': 0.7768571968698633, 'hidden_size': 77, 'dropout': 0.24920983897902277, 'hidden_continuous_size': 39, 'attention_head_size': 1, 'learning_rate': 0.061739354937349535}. Best is trial 110 with value: 0.08364091068506241.
LOCAL_RANK: 0 - CUDA_VISIBLE_DEVICES: [0]
[I 2023-11-30 08:54:22,658] Trial 122 finished with value: 0.12447524070739746 and parameters: {'gradient_clip_val': 0.8536843913229352, 'hidden_size': 71, 'dropout': 0.2830359187531761, 'hidden_continuous_size': 44, 'attention_head_size': 1, 'learning_rate': 0.07752226239245888}. Best is trial 110 with value: 0.08364091068506241.
LOCAL_RANK: 0 - CUDA_VISIBLE_DEVICES: [0]
[I 2023-11-30 08:54:36,480] Trial 123 finished with value: 0.1664195954799652 and parameters: {'gradient_clip_val': 0.816216711664132, 'hidden_size': 81, 'dropout': 0.23244817810482094, 'hidden_continuous_size': 40, 'attention_head_size': 1, 'learning_rate': 0.05558061794697618}. Best is trial 110 with value: 0.08364091068506241.
LOCAL_RANK: 0 - CUDA_VISIBLE_DEVICES: [0]
[I 2023-11-30 08:54:50,226] Trial 124 finished with value: 0.1699352264404297 and parameters: {'gradient_clip_val': 0.9143585910794437, 'hidden_size': 63, 'dropout': 0.3098775807935246, 'hidden_continuous_size': 36, 'attention_head_size': 1, 'learning_rate': 0.04702217692935658}. Best is trial 110 with value: 0.08364091068506241.
LOCAL_RANK: 0 - CUDA_VISIBLE_DEVICES: [0]
[I 2023-11-30 08:55:03,692] Trial 125 finished with value: 0.16975341737270355 and parameters: {'gradient_clip_val': 0.7589923915809844, 'hidden_size': 51, 'dropout': 0.23908624457441136, 'hidden_continuous_size': 34, 'attention_head_size': 1, 'learning_rate': 0.07042493901569895}. Best is trial 110 with value: 0.08364091068506241.
LOCAL_RANK: 0 - CUDA_VISIBLE_DEVICES: [0]
[I 2023-11-30 08:55:17,540] Trial 126 finished with value: 0.09056973457336426 and parameters: {'gradient_clip_val': 0.8306329942209305, 'hidden_size': 74, 'dropout': 0.2661566828779366, 'hidden_continuous_size': 41, 'attention_head_size': 1, 'learning_rate': 0.06331410500302552}. Best is trial 110 with value: 0.08364091068506241.
LOCAL_RANK: 0 - CUDA_VISIBLE_DEVICES: [0]
[I 2023-11-30 08:55:31,931] Trial 127 finished with value: 0.21669162809848785 and parameters: {'gradient_clip_val': 0.7337291493254741, 'hidden_size': 141, 'dropout': 0.26472825377195014, 'hidden_continuous_size': 47, 'attention_head_size': 1, 'learning_rate': 0.08343498914605077}. Best is trial 110 with value: 0.08364091068506241.
LOCAL_RANK: 0 - CUDA_VISIBLE_DEVICES: [0]
[I 2023-11-30 08:55:45,641] Trial 128 finished with value: 0.16596432030200958 and parameters: {'gradient_clip_val': 0.6976841620901726, 'hidden_size': 67, 'dropout': 0.2525107274370178, 'hidden_continuous_size': 41, 'attention_head_size': 1, 'learning_rate': 0.06205995818911243}. Best is trial 110 with value: 0.08364091068506241.
LOCAL_RANK: 0 - CUDA_VISIBLE_DEVICES: [0]
[I 2023-11-30 08:55:59,905] Trial 129 finished with value: 0.3497864305973053 and parameters: {'gradient_clip_val': 0.8292318639297589, 'hidden_size': 102, 'dropout': 0.2765730451415063, 'hidden_continuous_size': 45, 'attention_head_size': 1, 'learning_rate': 0.07184473014165191}. Best is trial 110 with value: 0.08364091068506241.
LOCAL_RANK: 0 - CUDA_VISIBLE_DEVICES: [0]
[I 2023-11-30 08:56:13,471] Trial 130 finished with value: 0.1452377438545227 and parameters: {'gradient_clip_val': 0.6595317878495836, 'hidden_size': 60, 'dropout': 0.24302567508957104, 'hidden_continuous_size': 37, 'attention_head_size': 2, 'learning_rate': 0.056181460424442116}. Best is trial 110 with value: 0.08364091068506241.
LOCAL_RANK: 0 - CUDA_VISIBLE_DEVICES: [0]
[I 2023-11-30 08:56:27,097] Trial 131 finished with value: 0.1404104232788086 and parameters: {'gradient_clip_val': 0.8680908195619849, 'hidden_size': 74, 'dropout': 0.28825267591042847, 'hidden_continuous_size': 42, 'attention_head_size': 1, 'learning_rate': 0.04748628666846236}. Best is trial 110 with value: 0.08364091068506241.
LOCAL_RANK: 0 - CUDA_VISIBLE_DEVICES: [0]
[I 2023-11-30 08:56:40,961] Trial 132 finished with value: 0.1648903340101242 and parameters: {'gradient_clip_val': 0.9552471647897589, 'hidden_size': 86, 'dropout': 0.2704634911078007, 'hidden_continuous_size': 31, 'attention_head_size': 1, 'learning_rate': 0.06463625395696031}. Best is trial 110 with value: 0.08364091068506241.
LOCAL_RANK: 0 - CUDA_VISIBLE_DEVICES: [0]
[I 2023-11-30 08:56:54,802] Trial 133 finished with value: 0.2450638860464096 and parameters: {'gradient_clip_val': 0.7811607693166553, 'hidden_size': 81, 'dropout': 0.25760379658136123, 'hidden_continuous_size': 38, 'attention_head_size': 1, 'learning_rate': 0.050753449538326036}. Best is trial 110 with value: 0.08364091068506241.
LOCAL_RANK: 0 - CUDA_VISIBLE_DEVICES: [0]
[I 2023-11-30 08:57:08,924] Trial 134 finished with value: 0.18136334419250488 and parameters: {'gradient_clip_val': 0.8927292102958929, 'hidden_size': 92, 'dropout': 0.28005924923205977, 'hidden_continuous_size': 44, 'attention_head_size': 1, 'learning_rate': 0.08973240887401132}. Best is trial 110 with value: 0.08364091068506241.
LOCAL_RANK: 0 - CUDA_VISIBLE_DEVICES: [0]
[I 2023-11-30 08:57:22,611] Trial 135 finished with value: 0.1852617710828781 and parameters: {'gradient_clip_val': 0.8185023034130048, 'hidden_size': 76, 'dropout': 0.2492863105188809, 'hidden_continuous_size': 35, 'attention_head_size': 1, 'learning_rate': 0.04274288656399889}. Best is trial 110 with value: 0.08364091068506241.
LOCAL_RANK: 0 - CUDA_VISIBLE_DEVICES: [0]
[I 2023-11-30 08:57:36,238] Trial 136 finished with value: 0.10767839103937149 and parameters: {'gradient_clip_val': 0.9303704829213912, 'hidden_size': 71, 'dropout': 0.32213550606535746, 'hidden_continuous_size': 33, 'attention_head_size': 1, 'learning_rate': 0.07917327908064517}. Best is trial 110 with value: 0.08364091068506241.
LOCAL_RANK: 0 - CUDA_VISIBLE_DEVICES: [0]
[I 2023-11-30 08:57:49,845] Trial 137 finished with value: 0.20727865397930145 and parameters: {'gradient_clip_val': 0.9701887384997244, 'hidden_size': 69, 'dropout': 0.23410151834915233, 'hidden_continuous_size': 27, 'attention_head_size': 1, 'learning_rate': 0.09957810931115357}. Best is trial 110 with value: 0.08364091068506241.
LOCAL_RANK: 0 - CUDA_VISIBLE_DEVICES: [0]
[I 2023-11-30 08:58:03,597] Trial 138 finished with value: 0.07590393722057343 and parameters: {'gradient_clip_val': 0.9972095696282003, 'hidden_size': 65, 'dropout': 0.33115783091496903, 'hidden_continuous_size': 33, 'attention_head_size': 2, 'learning_rate': 0.07940123411017022}. Best is trial 138 with value: 0.07590393722057343.
LOCAL_RANK: 0 - CUDA_VISIBLE_DEVICES: [0]
[I 2023-11-30 08:58:17,288] Trial 139 finished with value: 0.14910703897476196 and parameters: {'gradient_clip_val': 0.9996279508376781, 'hidden_size': 57, 'dropout': 0.3264034927704157, 'hidden_continuous_size': 30, 'attention_head_size': 2, 'learning_rate': 0.07892069440675567}. Best is trial 138 with value: 0.07590393722057343.
LOCAL_RANK: 0 - CUDA_VISIBLE_DEVICES: [0]
[I 2023-11-30 08:58:30,894] Trial 140 finished with value: 0.13795508444309235 and parameters: {'gradient_clip_val': 0.9371395284060584, 'hidden_size': 64, 'dropout': 0.31889976627674, 'hidden_continuous_size': 33, 'attention_head_size': 2, 'learning_rate': 0.08644376277161082}. Best is trial 138 with value: 0.07590393722057343.
LOCAL_RANK: 0 - CUDA_VISIBLE_DEVICES: [0]
[I 2023-11-30 08:58:44,659] Trial 141 finished with value: 0.15649926662445068 and parameters: {'gradient_clip_val': 0.9335517923713622, 'hidden_size': 73, 'dropout': 0.33147768298528785, 'hidden_continuous_size': 32, 'attention_head_size': 2, 'learning_rate': 0.07274203217663718}. Best is trial 138 with value: 0.07590393722057343.
LOCAL_RANK: 0 - CUDA_VISIBLE_DEVICES: [0]
[I 2023-11-30 08:58:58,159] Trial 142 finished with value: 0.19451095163822174 and parameters: {'gradient_clip_val': 0.8668913291917727, 'hidden_size': 65, 'dropout': 0.3066266466903986, 'hidden_continuous_size': 29, 'attention_head_size': 2, 'learning_rate': 0.06343844176462181}. Best is trial 138 with value: 0.07590393722057343.
LOCAL_RANK: 0 - CUDA_VISIBLE_DEVICES: [0]
[I 2023-11-30 08:59:11,519] Trial 143 finished with value: 0.15707042813301086 and parameters: {'gradient_clip_val': 0.7999948999430166, 'hidden_size': 48, 'dropout': 0.2659414879278655, 'hidden_continuous_size': 40, 'attention_head_size': 2, 'learning_rate': 0.06737032126124412}. Best is trial 138 with value: 0.07590393722057343.
LOCAL_RANK: 0 - CUDA_VISIBLE_DEVICES: [0]
[I 2023-11-30 08:59:25,252] Trial 144 finished with value: 0.16195161640644073 and parameters: {'gradient_clip_val': 0.8482566307738001, 'hidden_size': 61, 'dropout': 0.34052304095840263, 'hidden_continuous_size': 34, 'attention_head_size': 1, 'learning_rate': 0.08147517949299904}. Best is trial 138 with value: 0.07590393722057343.
LOCAL_RANK: 0 - CUDA_VISIBLE_DEVICES: [0]
[I 2023-11-30 08:59:38,949] Trial 145 finished with value: 0.14261265099048615 and parameters: {'gradient_clip_val': 0.9202672253788, 'hidden_size': 68, 'dropout': 0.3228286535200813, 'hidden_continuous_size': 38, 'attention_head_size': 2, 'learning_rate': 0.058550134475510114}. Best is trial 138 with value: 0.07590393722057343.
LOCAL_RANK: 0 - CUDA_VISIBLE_DEVICES: [0]
[I 2023-11-30 08:59:52,482] Trial 146 finished with value: 0.19613592326641083 and parameters: {'gradient_clip_val': 0.754245719763312, 'hidden_size': 54, 'dropout': 0.29678082421897384, 'hidden_continuous_size': 35, 'attention_head_size': 1, 'learning_rate': 0.07498148330219545}. Best is trial 138 with value: 0.07590393722057343.
LOCAL_RANK: 0 - CUDA_VISIBLE_DEVICES: [0]
[I 2023-11-30 09:00:06,449] Trial 147 finished with value: 0.211832657456398 and parameters: {'gradient_clip_val': 0.9974290012874181, 'hidden_size': 128, 'dropout': 0.3342677503546137, 'hidden_continuous_size': 25, 'attention_head_size': 1, 'learning_rate': 0.09158694080544424}. Best is trial 138 with value: 0.07590393722057343.
LOCAL_RANK: 0 - CUDA_VISIBLE_DEVICES: [0]
[I 2023-11-30 09:00:19,967] Trial 148 finished with value: 0.1727256327867508 and parameters: {'gradient_clip_val': 0.8280410728335267, 'hidden_size': 73, 'dropout': 0.27421501874580767, 'hidden_continuous_size': 32, 'attention_head_size': 2, 'learning_rate': 0.05318271347957097}. Best is trial 138 with value: 0.07590393722057343.
LOCAL_RANK: 0 - CUDA_VISIBLE_DEVICES: [0]
[I 2023-11-30 09:00:33,699] Trial 149 finished with value: 0.2055090218782425 and parameters: {'gradient_clip_val': 0.5430803794994998, 'hidden_size': 83, 'dropout': 0.3113087313458229, 'hidden_continuous_size': 28, 'attention_head_size': 1, 'learning_rate': 0.06750639706248814}. Best is trial 138 with value: 0.07590393722057343.
[I 2023-11-30 09:00:33,807] A new study created in memory with name: no-name-ff259e07-4bf7-4ccd-9e74-b5d704d759c3
/home/le004/conda/anaconda3/envs/tsff_env/lib/python3.9/site-packages/lightning/fabric/plugins/environments/slurm.py:191: The `srun` command is available on your system but is not used. HINT: If your intention is to run Lightning on SLURM, prepend your python command with `srun` like so: srun python /home/le004/master_thesis/git/TSFusionForecast/code/ ...
LOCAL_RANK: 0 - CUDA_VISIBLE_DEVICES: [0]
[I 2023-11-30 09:00:48,159] Trial 0 finished with value: 0.3983013927936554 and parameters: {'gradient_clip_val': 0.4265858792617234, 'hidden_size': 119, 'dropout': 0.27712410585829234, 'hidden_continuous_size': 26, 'attention_head_size': 2, 'learning_rate': 0.09381210287079016}. Best is trial 0 with value: 0.3983013927936554.
LOCAL_RANK: 0 - CUDA_VISIBLE_DEVICES: [0]
[I 2023-11-30 09:01:00,477] Trial 1 finished with value: 0.7667856216430664 and parameters: {'gradient_clip_val': 0.3670922158071744, 'hidden_size': 16, 'dropout': 0.17451201321428292, 'hidden_continuous_size': 10, 'attention_head_size': 4, 'learning_rate': 0.00815401465707525}. Best is trial 0 with value: 0.3983013927936554.
LOCAL_RANK: 0 - CUDA_VISIBLE_DEVICES: [0]
[I 2023-11-30 09:01:14,349] Trial 2 finished with value: 0.9649261832237244 and parameters: {'gradient_clip_val': 0.9174452828695167, 'hidden_size': 58, 'dropout': 0.27621718125821726, 'hidden_continuous_size': 49, 'attention_head_size': 4, 'learning_rate': 0.0015968761214860566}. Best is trial 0 with value: 0.3983013927936554.
LOCAL_RANK: 0 - CUDA_VISIBLE_DEVICES: [0]
[I 2023-11-30 09:01:24,720] Trial 3 finished with value: 0.6932891011238098 and parameters: {'gradient_clip_val': 0.176460584156318, 'hidden_size': 13, 'dropout': 0.2503561289095223, 'hidden_continuous_size': 13, 'attention_head_size': 1, 'learning_rate': 0.01722706108933286}. Best is trial 0 with value: 0.3983013927936554.
LOCAL_RANK: 0 - CUDA_VISIBLE_DEVICES: [0]
[I 2023-11-30 09:01:37,284] Trial 4 finished with value: 2.06817889213562 and parameters: {'gradient_clip_val': 0.7524093085901478, 'hidden_size': 23, 'dropout': 0.16812467545838833, 'hidden_continuous_size': 17, 'attention_head_size': 2, 'learning_rate': 0.0011661394067785547}. Best is trial 0 with value: 0.3983013927936554.
LOCAL_RANK: 0 - CUDA_VISIBLE_DEVICES: [0]
[I 2023-11-30 09:01:47,893] Trial 5 finished with value: 2.1330902576446533 and parameters: {'gradient_clip_val': 0.19388427608399428, 'hidden_size': 11, 'dropout': 0.3142056890138785, 'hidden_continuous_size': 11, 'attention_head_size': 3, 'learning_rate': 0.001324802604349013}. Best is trial 0 with value: 0.3983013927936554.
LOCAL_RANK: 0 - CUDA_VISIBLE_DEVICES: [0]
[I 2023-11-30 09:02:00,965] Trial 6 finished with value: 0.09928032755851746 and parameters: {'gradient_clip_val': 0.10761947926221255, 'hidden_size': 41, 'dropout': 0.27943228808976234, 'hidden_continuous_size': 32, 'attention_head_size': 2, 'learning_rate': 0.05071694421290295}. Best is trial 6 with value: 0.09928032755851746.
LOCAL_RANK: 0 - CUDA_VISIBLE_DEVICES: [0]
[I 2023-11-30 09:02:11,353] Trial 7 finished with value: 0.44325339794158936 and parameters: {'gradient_clip_val': 0.22088722853147388, 'hidden_size': 11, 'dropout': 0.3568745885879072, 'hidden_continuous_size': 11, 'attention_head_size': 3, 'learning_rate': 0.04315021952491143}. Best is trial 6 with value: 0.09928032755851746.
LOCAL_RANK: 0 - CUDA_VISIBLE_DEVICES: [0]
[I 2023-11-30 09:02:23,883] Trial 8 finished with value: 2.164107084274292 and parameters: {'gradient_clip_val': 0.4179058147804065, 'hidden_size': 18, 'dropout': 0.24102319171373207, 'hidden_continuous_size': 11, 'attention_head_size': 3, 'learning_rate': 0.002617094107866779}. Best is trial 6 with value: 0.09928032755851746.
LOCAL_RANK: 0 - CUDA_VISIBLE_DEVICES: [0]
[I 2023-11-30 09:02:36,441] Trial 9 finished with value: 0.6093069911003113 and parameters: {'gradient_clip_val': 0.3389207883825321, 'hidden_size': 19, 'dropout': 0.35590730476769306, 'hidden_continuous_size': 17, 'attention_head_size': 4, 'learning_rate': 0.010950278007089717}. Best is trial 6 with value: 0.09928032755851746.
LOCAL_RANK: 0 - CUDA_VISIBLE_DEVICES: [0]
