[I 2023-11-30 15:45:53,179] Trial 94 finished with value: 0.10556069761514664 and parameters: {'gradient_clip_val': 0.8725346942228108, 'hidden_size': 54, 'dropout': 0.29358465167691905, 'hidden_continuous_size': 44, 'attention_head_size': 3, 'learning_rate': 0.04152509974999328}. Best is trial 50 with value: 0.08266749233007431.
LOCAL_RANK: 0 - CUDA_VISIBLE_DEVICES: [0]
[I 2023-11-30 15:46:09,098] Trial 95 finished with value: 0.13495023548603058 and parameters: {'gradient_clip_val': 0.8671094142156731, 'hidden_size': 77, 'dropout': 0.29230206279884025, 'hidden_continuous_size': 44, 'attention_head_size': 3, 'learning_rate': 0.04018693437131837}. Best is trial 50 with value: 0.08266749233007431.
LOCAL_RANK: 0 - CUDA_VISIBLE_DEVICES: [0]
[I 2023-11-30 15:46:24,136] Trial 96 finished with value: 0.10634972900152206 and parameters: {'gradient_clip_val': 0.711522773516878, 'hidden_size': 67, 'dropout': 0.27530601973588376, 'hidden_continuous_size': 54, 'attention_head_size': 3, 'learning_rate': 0.04137054400487315}. Best is trial 50 with value: 0.08266749233007431.
LOCAL_RANK: 0 - CUDA_VISIBLE_DEVICES: [0]
[I 2023-11-30 15:46:39,331] Trial 97 finished with value: 0.10031554847955704 and parameters: {'gradient_clip_val': 0.8220907947418267, 'hidden_size': 87, 'dropout': 0.29089997042425775, 'hidden_continuous_size': 48, 'attention_head_size': 3, 'learning_rate': 0.03480856253122859}. Best is trial 50 with value: 0.08266749233007431.
LOCAL_RANK: 0 - CUDA_VISIBLE_DEVICES: [0]
[I 2023-11-30 15:46:54,236] Trial 98 finished with value: 0.12770067155361176 and parameters: {'gradient_clip_val': 0.8260303848145282, 'hidden_size': 86, 'dropout': 0.2856292524423007, 'hidden_continuous_size': 56, 'attention_head_size': 3, 'learning_rate': 0.033209988209709364}. Best is trial 50 with value: 0.08266749233007431.
LOCAL_RANK: 0 - CUDA_VISIBLE_DEVICES: [0]
[I 2023-11-30 15:47:09,146] Trial 99 finished with value: 0.11201191693544388 and parameters: {'gradient_clip_val': 0.7535950860979838, 'hidden_size': 73, 'dropout': 0.31260226479852427, 'hidden_continuous_size': 46, 'attention_head_size': 3, 'learning_rate': 0.029356062034377673}. Best is trial 50 with value: 0.08266749233007431.
LOCAL_RANK: 0 - CUDA_VISIBLE_DEVICES: [0]
[I 2023-11-30 15:47:24,077] Trial 100 finished with value: 0.14251570403575897 and parameters: {'gradient_clip_val': 0.6728150300903611, 'hidden_size': 79, 'dropout': 0.2667914815365866, 'hidden_continuous_size': 50, 'attention_head_size': 3, 'learning_rate': 0.04695261142496986}. Best is trial 50 with value: 0.08266749233007431.
LOCAL_RANK: 0 - CUDA_VISIBLE_DEVICES: [0]
[I 2023-11-30 15:47:38,798] Trial 101 finished with value: 0.13613860309123993 and parameters: {'gradient_clip_val': 0.9044491849597642, 'hidden_size': 54, 'dropout': 0.2979467669878617, 'hidden_continuous_size': 48, 'attention_head_size': 3, 'learning_rate': 0.0350952027662374}. Best is trial 50 with value: 0.08266749233007431.
LOCAL_RANK: 0 - CUDA_VISIBLE_DEVICES: [0]
[I 2023-11-30 15:47:53,672] Trial 102 finished with value: 0.1505318582057953 and parameters: {'gradient_clip_val': 0.8202337445008898, 'hidden_size': 59, 'dropout': 0.29050610727809484, 'hidden_continuous_size': 45, 'attention_head_size': 3, 'learning_rate': 0.05294000149620465}. Best is trial 50 with value: 0.08266749233007431.
LOCAL_RANK: 0 - CUDA_VISIBLE_DEVICES: [0]
[I 2023-11-30 15:48:08,942] Trial 103 finished with value: 0.11681193113327026 and parameters: {'gradient_clip_val': 0.870074052947501, 'hidden_size': 92, 'dropout': 0.2978593427580864, 'hidden_continuous_size': 53, 'attention_head_size': 3, 'learning_rate': 0.04447169479026011}. Best is trial 50 with value: 0.08266749233007431.
LOCAL_RANK: 0 - CUDA_VISIBLE_DEVICES: [0]
[I 2023-11-30 15:48:24,191] Trial 104 finished with value: 0.12691789865493774 and parameters: {'gradient_clip_val': 0.9434143480244928, 'hidden_size': 70, 'dropout': 0.30623075598820854, 'hidden_continuous_size': 56, 'attention_head_size': 3, 'learning_rate': 0.02836348521901618}. Best is trial 50 with value: 0.08266749233007431.
LOCAL_RANK: 0 - CUDA_VISIBLE_DEVICES: [0]
[I 2023-11-30 15:48:38,595] Trial 105 finished with value: 0.11391094326972961 and parameters: {'gradient_clip_val': 0.7818671527416924, 'hidden_size': 52, 'dropout': 0.27205321877537786, 'hidden_continuous_size': 44, 'attention_head_size': 3, 'learning_rate': 0.038947666802319245}. Best is trial 50 with value: 0.08266749233007431.
LOCAL_RANK: 0 - CUDA_VISIBLE_DEVICES: [0]
[I 2023-11-30 15:48:54,098] Trial 106 finished with value: 0.1542825549840927 and parameters: {'gradient_clip_val': 0.7313687008300976, 'hidden_size': 101, 'dropout': 0.32239863993412937, 'hidden_continuous_size': 47, 'attention_head_size': 3, 'learning_rate': 0.05645470088061098}. Best is trial 50 with value: 0.08266749233007431.
LOCAL_RANK: 0 - CUDA_VISIBLE_DEVICES: [0]
[I 2023-11-30 15:49:08,891] Trial 107 finished with value: 0.11661698669195175 and parameters: {'gradient_clip_val': 0.9006320716850162, 'hidden_size': 65, 'dropout': 0.3118783817592417, 'hidden_continuous_size': 51, 'attention_head_size': 4, 'learning_rate': 0.03286918345097157}. Best is trial 50 with value: 0.08266749233007431.
LOCAL_RANK: 0 - CUDA_VISIBLE_DEVICES: [0]
[I 2023-11-30 15:49:24,031] Trial 108 finished with value: 0.1041962280869484 and parameters: {'gradient_clip_val': 0.8392040260882153, 'hidden_size': 55, 'dropout': 0.2832311036336252, 'hidden_continuous_size': 48, 'attention_head_size': 3, 'learning_rate': 0.02533532402664624}. Best is trial 50 with value: 0.08266749233007431.
LOCAL_RANK: 0 - CUDA_VISIBLE_DEVICES: [0]
[I 2023-11-30 15:49:38,670] Trial 109 finished with value: 0.10035926848649979 and parameters: {'gradient_clip_val': 0.8082031084031678, 'hidden_size': 49, 'dropout': 0.2803494651220125, 'hidden_continuous_size': 41, 'attention_head_size': 3, 'learning_rate': 0.025343957409117632}. Best is trial 50 with value: 0.08266749233007431.
LOCAL_RANK: 0 - CUDA_VISIBLE_DEVICES: [0]
[I 2023-11-30 15:49:53,308] Trial 110 finished with value: 0.1527874618768692 and parameters: {'gradient_clip_val': 0.8063130662355205, 'hidden_size': 49, 'dropout': 0.27944945686292694, 'hidden_continuous_size': 41, 'attention_head_size': 3, 'learning_rate': 0.020497849107491792}. Best is trial 50 with value: 0.08266749233007431.
LOCAL_RANK: 0 - CUDA_VISIBLE_DEVICES: [0]
[I 2023-11-30 15:50:08,506] Trial 111 finished with value: 0.09752100706100464 and parameters: {'gradient_clip_val': 0.9572196883507307, 'hidden_size': 56, 'dropout': 0.2860769922349142, 'hidden_continuous_size': 48, 'attention_head_size': 3, 'learning_rate': 0.026043127449965266}. Best is trial 50 with value: 0.08266749233007431.
LOCAL_RANK: 0 - CUDA_VISIBLE_DEVICES: [0]
[I 2023-11-30 15:50:23,448] Trial 112 finished with value: 0.13062363862991333 and parameters: {'gradient_clip_val': 0.9441048504818053, 'hidden_size': 58, 'dropout': 0.26188493776277866, 'hidden_continuous_size': 48, 'attention_head_size': 3, 'learning_rate': 0.027454891363231194}. Best is trial 50 with value: 0.08266749233007431.
LOCAL_RANK: 0 - CUDA_VISIBLE_DEVICES: [0]
[I 2023-11-30 15:50:37,878] Trial 113 finished with value: 0.08591479063034058 and parameters: {'gradient_clip_val': 0.8391577530873815, 'hidden_size': 42, 'dropout': 0.2825658432216651, 'hidden_continuous_size': 40, 'attention_head_size': 3, 'learning_rate': 0.03005397063057469}. Best is trial 50 with value: 0.08266749233007431.
LOCAL_RANK: 0 - CUDA_VISIBLE_DEVICES: [0]
[I 2023-11-30 15:50:51,829] Trial 114 finished with value: 0.15382292866706848 and parameters: {'gradient_clip_val': 0.957404902097856, 'hidden_size': 41, 'dropout': 0.272070469021464, 'hidden_continuous_size': 37, 'attention_head_size': 4, 'learning_rate': 0.03025676374727818}. Best is trial 50 with value: 0.08266749233007431.
LOCAL_RANK: 0 - CUDA_VISIBLE_DEVICES: [0]
[I 2023-11-30 15:51:06,232] Trial 115 finished with value: 0.15017639100551605 and parameters: {'gradient_clip_val': 0.9076491893281886, 'hidden_size': 48, 'dropout': 0.28600844216853205, 'hidden_continuous_size': 42, 'attention_head_size': 3, 'learning_rate': 0.03512613925474034}. Best is trial 50 with value: 0.08266749233007431.
LOCAL_RANK: 0 - CUDA_VISIBLE_DEVICES: [0]
[I 2023-11-30 15:51:20,380] Trial 116 finished with value: 0.23813021183013916 and parameters: {'gradient_clip_val': 0.8417306900544953, 'hidden_size': 43, 'dropout': 0.302363386744656, 'hidden_continuous_size': 40, 'attention_head_size': 3, 'learning_rate': 0.015404777288554486}. Best is trial 50 with value: 0.08266749233007431.
LOCAL_RANK: 0 - CUDA_VISIBLE_DEVICES: [0]
[I 2023-11-30 15:51:35,385] Trial 117 finished with value: 0.1422613114118576 and parameters: {'gradient_clip_val': 0.9531533043542505, 'hidden_size': 52, 'dropout': 0.2587364821016754, 'hidden_continuous_size': 39, 'attention_head_size': 3, 'learning_rate': 0.031181078172729245}. Best is trial 50 with value: 0.08266749233007431.
LOCAL_RANK: 0 - CUDA_VISIBLE_DEVICES: [0]
[I 2023-11-30 15:51:49,355] Trial 118 finished with value: 0.13310503959655762 and parameters: {'gradient_clip_val': 0.7771471275014219, 'hidden_size': 41, 'dropout': 0.27982419088782307, 'hidden_continuous_size': 38, 'attention_head_size': 3, 'learning_rate': 0.02848724193478088}. Best is trial 50 with value: 0.08266749233007431.
LOCAL_RANK: 0 - CUDA_VISIBLE_DEVICES: [0]
[I 2023-11-30 15:52:03,510] Trial 119 finished with value: 0.13864348828792572 and parameters: {'gradient_clip_val': 0.8876260868817817, 'hidden_size': 46, 'dropout': 0.26707223326148566, 'hidden_continuous_size': 41, 'attention_head_size': 3, 'learning_rate': 0.0472234098690469}. Best is trial 50 with value: 0.08266749233007431.
LOCAL_RANK: 0 - CUDA_VISIBLE_DEVICES: [0]
[I 2023-11-30 15:52:17,496] Trial 120 finished with value: 0.19658935070037842 and parameters: {'gradient_clip_val': 0.7654919057938352, 'hidden_size': 39, 'dropout': 0.28846769451724313, 'hidden_continuous_size': 37, 'attention_head_size': 4, 'learning_rate': 0.03826454414898866}. Best is trial 50 with value: 0.08266749233007431.
LOCAL_RANK: 0 - CUDA_VISIBLE_DEVICES: [0]
[I 2023-11-30 15:52:32,339] Trial 121 finished with value: 0.11631039530038834 and parameters: {'gradient_clip_val': 0.8442031568993668, 'hidden_size': 51, 'dropout': 0.2825436381014196, 'hidden_continuous_size': 43, 'attention_head_size': 3, 'learning_rate': 0.024708057256922312}. Best is trial 50 with value: 0.08266749233007431.
LOCAL_RANK: 0 - CUDA_VISIBLE_DEVICES: [0]
[I 2023-11-30 15:52:47,025] Trial 122 finished with value: 0.14722560346126556 and parameters: {'gradient_clip_val': 0.8083997799060486, 'hidden_size': 55, 'dropout': 0.276076659958296, 'hidden_continuous_size': 46, 'attention_head_size': 3, 'learning_rate': 0.023137641209435282}. Best is trial 50 with value: 0.08266749233007431.
LOCAL_RANK: 0 - CUDA_VISIBLE_DEVICES: [0]
[I 2023-11-30 15:53:01,817] Trial 123 finished with value: 0.13892824947834015 and parameters: {'gradient_clip_val': 0.9112145931776426, 'hidden_size': 61, 'dropout': 0.29660127885379967, 'hidden_continuous_size': 52, 'attention_head_size': 3, 'learning_rate': 0.03309585594515655}. Best is trial 50 with value: 0.08266749233007431.
LOCAL_RANK: 0 - CUDA_VISIBLE_DEVICES: [0]
[I 2023-11-30 15:53:15,927] Trial 124 finished with value: 0.10442260652780533 and parameters: {'gradient_clip_val': 0.9543271004669521, 'hidden_size': 57, 'dropout': 0.3041638525261401, 'hidden_continuous_size': 48, 'attention_head_size': 3, 'learning_rate': 0.0271395030976478}. Best is trial 50 with value: 0.08266749233007431.
LOCAL_RANK: 0 - CUDA_VISIBLE_DEVICES: [0]
[I 2023-11-30 15:53:30,300] Trial 125 finished with value: 0.1240476742386818 and parameters: {'gradient_clip_val': 0.8579681222756509, 'hidden_size': 48, 'dropout': 0.2900859767608032, 'hidden_continuous_size': 42, 'attention_head_size': 3, 'learning_rate': 0.025751605738423063}. Best is trial 50 with value: 0.08266749233007431.
LOCAL_RANK: 0 - CUDA_VISIBLE_DEVICES: [0]
[I 2023-11-30 15:53:44,791] Trial 126 finished with value: 0.12169226258993149 and parameters: {'gradient_clip_val': 0.7342295721001266, 'hidden_size': 46, 'dropout': 0.2721522328892863, 'hidden_continuous_size': 40, 'attention_head_size': 3, 'learning_rate': 0.06152944840762104}. Best is trial 50 with value: 0.08266749233007431.
LOCAL_RANK: 0 - CUDA_VISIBLE_DEVICES: [0]
[I 2023-11-30 15:53:59,161] Trial 127 finished with value: 0.13541816174983978 and parameters: {'gradient_clip_val': 0.8243408678232936, 'hidden_size': 43, 'dropout': 0.28377239501891477, 'hidden_continuous_size': 39, 'attention_head_size': 1, 'learning_rate': 0.020405609062956492}. Best is trial 50 with value: 0.08266749233007431.
LOCAL_RANK: 0 - CUDA_VISIBLE_DEVICES: [0]
[I 2023-11-30 15:54:12,546] Trial 128 finished with value: 0.1266033798456192 and parameters: {'gradient_clip_val': 0.9032110927920765, 'hidden_size': 36, 'dropout': 0.25281867424025234, 'hidden_continuous_size': 35, 'attention_head_size': 3, 'learning_rate': 0.05212173335858515}. Best is trial 50 with value: 0.08266749233007431.
LOCAL_RANK: 0 - CUDA_VISIBLE_DEVICES: [0]
[I 2023-11-30 15:54:26,520] Trial 129 finished with value: 0.16693167388439178 and parameters: {'gradient_clip_val': 0.966046881989478, 'hidden_size': 51, 'dropout': 0.3105917599374377, 'hidden_continuous_size': 45, 'attention_head_size': 1, 'learning_rate': 0.06772003453845934}. Best is trial 50 with value: 0.08266749233007431.
LOCAL_RANK: 0 - CUDA_VISIBLE_DEVICES: [0]
[I 2023-11-30 15:54:41,367] Trial 130 finished with value: 0.1031106486916542 and parameters: {'gradient_clip_val': 0.998463073729086, 'hidden_size': 56, 'dropout': 0.24818229599740152, 'hidden_continuous_size': 48, 'attention_head_size': 3, 'learning_rate': 0.036143686359428114}. Best is trial 50 with value: 0.08266749233007431.
LOCAL_RANK: 0 - CUDA_VISIBLE_DEVICES: [0]
[I 2023-11-30 15:54:56,034] Trial 131 finished with value: 0.13818328082561493 and parameters: {'gradient_clip_val': 0.8708594678121445, 'hidden_size': 63, 'dropout': 0.2423905829701511, 'hidden_continuous_size': 49, 'attention_head_size': 3, 'learning_rate': 0.036096045009895404}. Best is trial 50 with value: 0.08266749233007431.
LOCAL_RANK: 0 - CUDA_VISIBLE_DEVICES: [0]
[I 2023-11-30 15:55:10,482] Trial 132 finished with value: 0.14137472212314606 and parameters: {'gradient_clip_val': 0.9241650969831192, 'hidden_size': 55, 'dropout': 0.2572743184206737, 'hidden_continuous_size': 43, 'attention_head_size': 3, 'learning_rate': 0.03189534510915162}. Best is trial 50 with value: 0.08266749233007431.
LOCAL_RANK: 0 - CUDA_VISIBLE_DEVICES: [0]
[I 2023-11-30 15:55:24,895] Trial 133 finished with value: 0.13373838365077972 and parameters: {'gradient_clip_val': 0.9923951224522111, 'hidden_size': 49, 'dropout': 0.264882432003296, 'hidden_continuous_size': 44, 'attention_head_size': 3, 'learning_rate': 0.028542395843764102}. Best is trial 50 with value: 0.08266749233007431.
LOCAL_RANK: 0 - CUDA_VISIBLE_DEVICES: [0]
[I 2023-11-30 15:55:39,847] Trial 134 finished with value: 0.11133110523223877 and parameters: {'gradient_clip_val': 0.7921052435099082, 'hidden_size': 57, 'dropout': 0.297490466076734, 'hidden_continuous_size': 46, 'attention_head_size': 3, 'learning_rate': 0.04149119193168769}. Best is trial 50 with value: 0.08266749233007431.
LOCAL_RANK: 0 - CUDA_VISIBLE_DEVICES: [0]
[I 2023-11-30 15:55:53,905] Trial 135 finished with value: 0.12311070412397385 and parameters: {'gradient_clip_val': 0.8281043736923596, 'hidden_size': 45, 'dropout': 0.2484986138310643, 'hidden_continuous_size': 41, 'attention_head_size': 3, 'learning_rate': 0.0369108651813119}. Best is trial 50 with value: 0.08266749233007431.
LOCAL_RANK: 0 - CUDA_VISIBLE_DEVICES: [0]
[I 2023-11-30 15:56:09,696] Trial 136 finished with value: 0.14620645344257355 and parameters: {'gradient_clip_val': 0.8631682139476278, 'hidden_size': 85, 'dropout': 0.27814273311852716, 'hidden_continuous_size': 57, 'attention_head_size': 3, 'learning_rate': 0.043051447512385405}. Best is trial 50 with value: 0.08266749233007431.
LOCAL_RANK: 0 - CUDA_VISIBLE_DEVICES: [0]
[I 2023-11-30 15:56:24,778] Trial 137 finished with value: 0.13091899454593658 and parameters: {'gradient_clip_val': 0.9989426059903002, 'hidden_size': 104, 'dropout': 0.2931518242119973, 'hidden_continuous_size': 52, 'attention_head_size': 1, 'learning_rate': 0.023992828862540273}. Best is trial 50 with value: 0.08266749233007431.
LOCAL_RANK: 0 - CUDA_VISIBLE_DEVICES: [0]
[I 2023-11-30 15:56:40,165] Trial 138 finished with value: 0.1356743723154068 and parameters: {'gradient_clip_val': 0.9221885963112416, 'hidden_size': 96, 'dropout': 0.30257940261307353, 'hidden_continuous_size': 62, 'attention_head_size': 3, 'learning_rate': 0.046959869489661056}. Best is trial 50 with value: 0.08266749233007431.
LOCAL_RANK: 0 - CUDA_VISIBLE_DEVICES: [0]
[I 2023-11-30 15:56:55,116] Trial 139 finished with value: 0.16130776703357697 and parameters: {'gradient_clip_val': 0.7586622996893565, 'hidden_size': 53, 'dropout': 0.28478423581356127, 'hidden_continuous_size': 47, 'attention_head_size': 4, 'learning_rate': 0.033297408334888166}. Best is trial 50 with value: 0.08266749233007431.
LOCAL_RANK: 0 - CUDA_VISIBLE_DEVICES: [0]
[I 2023-11-30 15:57:10,334] Trial 140 finished with value: 0.098397396504879 and parameters: {'gradient_clip_val': 0.6516489538197274, 'hidden_size': 75, 'dropout': 0.2698425645625442, 'hidden_continuous_size': 51, 'attention_head_size': 3, 'learning_rate': 0.026757319344603167}. Best is trial 50 with value: 0.08266749233007431.
LOCAL_RANK: 0 - CUDA_VISIBLE_DEVICES: [0]
[I 2023-11-30 15:57:24,910] Trial 141 finished with value: 0.14617012441158295 and parameters: {'gradient_clip_val': 0.6482916182987152, 'hidden_size': 73, 'dropout': 0.2709545244437831, 'hidden_continuous_size': 54, 'attention_head_size': 3, 'learning_rate': 0.02651996263123427}. Best is trial 50 with value: 0.08266749233007431.
LOCAL_RANK: 0 - CUDA_VISIBLE_DEVICES: [0]
[I 2023-11-30 15:57:40,172] Trial 142 finished with value: 0.1530885547399521 and parameters: {'gradient_clip_val': 0.7069735429541878, 'hidden_size': 70, 'dropout': 0.27550612704205524, 'hidden_continuous_size': 48, 'attention_head_size': 3, 'learning_rate': 0.02226320974517394}. Best is trial 50 with value: 0.08266749233007431.
LOCAL_RANK: 0 - CUDA_VISIBLE_DEVICES: [0]
[I 2023-11-30 15:57:54,753] Trial 143 finished with value: 0.11420780420303345 and parameters: {'gradient_clip_val': 0.49420281587672993, 'hidden_size': 61, 'dropout': 0.26307855524392365, 'hidden_continuous_size': 51, 'attention_head_size': 3, 'learning_rate': 0.029585250288063344}. Best is trial 50 with value: 0.08266749233007431.
LOCAL_RANK: 0 - CUDA_VISIBLE_DEVICES: [0]
[I 2023-11-30 15:58:10,008] Trial 144 finished with value: 0.16212588548660278 and parameters: {'gradient_clip_val': 0.8046406516707757, 'hidden_size': 91, 'dropout': 0.2555482251657629, 'hidden_continuous_size': 66, 'attention_head_size': 3, 'learning_rate': 0.03908082384954345}. Best is trial 50 with value: 0.08266749233007431.
LOCAL_RANK: 0 - CUDA_VISIBLE_DEVICES: [0]
[I 2023-11-30 15:58:25,261] Trial 145 finished with value: 0.1204485222697258 and parameters: {'gradient_clip_val': 0.8833592687699462, 'hidden_size': 81, 'dropout': 0.2894353794808243, 'hidden_continuous_size': 55, 'attention_head_size': 3, 'learning_rate': 0.021228775781665776}. Best is trial 50 with value: 0.08266749233007431.
LOCAL_RANK: 0 - CUDA_VISIBLE_DEVICES: [0]
[I 2023-11-30 15:58:40,389] Trial 146 finished with value: 0.22378094494342804 and parameters: {'gradient_clip_val': 0.5788808704993169, 'hidden_size': 77, 'dropout': 0.3147428842708157, 'hidden_continuous_size': 60, 'attention_head_size': 3, 'learning_rate': 0.07798263499116587}. Best is trial 50 with value: 0.08266749233007431.
LOCAL_RANK: 0 - CUDA_VISIBLE_DEVICES: [0]
[I 2023-11-30 15:58:54,501] Trial 147 finished with value: 0.1506662368774414 and parameters: {'gradient_clip_val': 0.8346594776399705, 'hidden_size': 50, 'dropout': 0.32813888530411983, 'hidden_continuous_size': 45, 'attention_head_size': 1, 'learning_rate': 0.023819873502552984}. Best is trial 50 with value: 0.08266749233007431.
LOCAL_RANK: 0 - CUDA_VISIBLE_DEVICES: [0]
[I 2023-11-30 15:59:09,725] Trial 148 finished with value: 0.16832180321216583 and parameters: {'gradient_clip_val': 0.9615217413152092, 'hidden_size': 126, 'dropout': 0.28198059872852244, 'hidden_continuous_size': 57, 'attention_head_size': 3, 'learning_rate': 0.03061201338792016}. Best is trial 50 with value: 0.08266749233007431.
LOCAL_RANK: 0 - CUDA_VISIBLE_DEVICES: [0]
[I 2023-11-30 15:59:24,927] Trial 149 finished with value: 0.0816088318824768 and parameters: {'gradient_clip_val': 0.7293977669632535, 'hidden_size': 59, 'dropout': 0.30736968350637156, 'hidden_continuous_size': 49, 'attention_head_size': 3, 'learning_rate': 0.02672219806404427}. Best is trial 149 with value: 0.0816088318824768.
[I 2023-11-30 15:59:25,047] A new study created in memory with name: no-name-1a32cdc6-01c0-4879-8a22-22869d47e97f
/home/le004/conda/anaconda3/envs/tsff_env/lib/python3.9/site-packages/lightning/fabric/plugins/environments/slurm.py:191: The `srun` command is available on your system but is not used. HINT: If your intention is to run Lightning on SLURM, prepend your python command with `srun` like so: srun python /home/le004/master_thesis/git/TSFusionForecast/code/ ...
LOCAL_RANK: 0 - CUDA_VISIBLE_DEVICES: [0]
[I 2023-11-30 15:59:38,507] Trial 0 finished with value: 0.7077834010124207 and parameters: {'gradient_clip_val': 0.404285494126651, 'hidden_size': 16, 'dropout': 0.2380699816750194, 'hidden_continuous_size': 13, 'attention_head_size': 3, 'learning_rate': 0.011343240689573026}. Best is trial 0 with value: 0.7077834010124207.
LOCAL_RANK: 0 - CUDA_VISIBLE_DEVICES: [0]
