[I 2023-11-30 01:57:21,514] Trial 56 finished with value: 0.056460339576005936 and parameters: {'gradient_clip_val': 0.13063717468082295, 'hidden_size': 95, 'dropout': 0.2616898165742318, 'hidden_continuous_size': 28, 'attention_head_size': 4, 'learning_rate': 0.02197395210986674}. Best is trial 16 with value: 0.040784481912851334.
LOCAL_RANK: 0 - CUDA_VISIBLE_DEVICES: [0]
[I 2023-11-30 01:57:35,137] Trial 57 finished with value: 0.08925911784172058 and parameters: {'gradient_clip_val': 0.10839283494696607, 'hidden_size': 68, 'dropout': 0.2388441466569382, 'hidden_continuous_size': 19, 'attention_head_size': 2, 'learning_rate': 0.05409364783475637}. Best is trial 16 with value: 0.040784481912851334.
LOCAL_RANK: 0 - CUDA_VISIBLE_DEVICES: [0]
[I 2023-11-30 01:57:48,757] Trial 58 finished with value: 0.0717911571264267 and parameters: {'gradient_clip_val': 0.11983545687540673, 'hidden_size': 80, 'dropout': 0.2583861808583946, 'hidden_continuous_size': 17, 'attention_head_size': 4, 'learning_rate': 0.04139009818746507}. Best is trial 16 with value: 0.040784481912851334.
LOCAL_RANK: 0 - CUDA_VISIBLE_DEVICES: [0]
[I 2023-11-30 01:58:02,035] Trial 59 finished with value: 0.06656717509031296 and parameters: {'gradient_clip_val': 0.14624802037782936, 'hidden_size': 51, 'dropout': 0.2479919010303011, 'hidden_continuous_size': 13, 'attention_head_size': 4, 'learning_rate': 0.06419099034934587}. Best is trial 16 with value: 0.040784481912851334.
LOCAL_RANK: 0 - CUDA_VISIBLE_DEVICES: [0]
[I 2023-11-30 01:58:15,849] Trial 60 finished with value: 0.0740317776799202 and parameters: {'gradient_clip_val': 0.10543270713416614, 'hidden_size': 81, 'dropout': 0.2247392803823391, 'hidden_continuous_size': 30, 'attention_head_size': 3, 'learning_rate': 0.03951376005873861}. Best is trial 16 with value: 0.040784481912851334.
LOCAL_RANK: 0 - CUDA_VISIBLE_DEVICES: [0]
[I 2023-11-30 01:58:29,602] Trial 61 finished with value: 0.12046762555837631 and parameters: {'gradient_clip_val': 0.11164072535826652, 'hidden_size': 61, 'dropout': 0.21092537454872473, 'hidden_continuous_size': 22, 'attention_head_size': 4, 'learning_rate': 0.033091824929107526}. Best is trial 16 with value: 0.040784481912851334.
LOCAL_RANK: 0 - CUDA_VISIBLE_DEVICES: [0]
[I 2023-11-30 01:58:42,829] Trial 62 finished with value: 0.08000946789979935 and parameters: {'gradient_clip_val': 0.11642735074675488, 'hidden_size': 45, 'dropout': 0.2136333163306444, 'hidden_continuous_size': 21, 'attention_head_size': 4, 'learning_rate': 0.03143266185776871}. Best is trial 16 with value: 0.040784481912851334.
LOCAL_RANK: 0 - CUDA_VISIBLE_DEVICES: [0]
[I 2023-11-30 01:58:56,640] Trial 63 finished with value: 0.0720960795879364 and parameters: {'gradient_clip_val': 0.13074314921229283, 'hidden_size': 71, 'dropout': 0.1851634640372318, 'hidden_continuous_size': 18, 'attention_head_size': 4, 'learning_rate': 0.024111492652926825}. Best is trial 16 with value: 0.040784481912851334.
LOCAL_RANK: 0 - CUDA_VISIBLE_DEVICES: [0]
[I 2023-11-30 01:59:10,235] Trial 64 finished with value: 0.07674194872379303 and parameters: {'gradient_clip_val': 0.10089461171260475, 'hidden_size': 64, 'dropout': 0.2361825573734585, 'hidden_continuous_size': 23, 'attention_head_size': 4, 'learning_rate': 0.04682181461644219}. Best is trial 16 with value: 0.040784481912851334.
LOCAL_RANK: 0 - CUDA_VISIBLE_DEVICES: [0]
[I 2023-11-30 01:59:23,511] Trial 65 finished with value: 0.06793423742055893 and parameters: {'gradient_clip_val': 0.13853474033867672, 'hidden_size': 53, 'dropout': 0.2066619432125827, 'hidden_continuous_size': 11, 'attention_head_size': 4, 'learning_rate': 0.08760718970256458}. Best is trial 16 with value: 0.040784481912851334.
LOCAL_RANK: 0 - CUDA_VISIBLE_DEVICES: [0]
[I 2023-11-30 01:59:37,905] Trial 66 finished with value: 0.06411635130643845 and parameters: {'gradient_clip_val': 0.1229482726848595, 'hidden_size': 93, 'dropout': 0.22133276462090212, 'hidden_continuous_size': 62, 'attention_head_size': 4, 'learning_rate': 0.058561191728654594}. Best is trial 16 with value: 0.040784481912851334.
LOCAL_RANK: 0 - CUDA_VISIBLE_DEVICES: [0]
[I 2023-11-30 01:59:51,792] Trial 67 finished with value: 0.062489092350006104 and parameters: {'gradient_clip_val': 0.10851783011888692, 'hidden_size': 77, 'dropout': 0.22955140841594054, 'hidden_continuous_size': 16, 'attention_head_size': 4, 'learning_rate': 0.02820366423623432}. Best is trial 16 with value: 0.040784481912851334.
LOCAL_RANK: 0 - CUDA_VISIBLE_DEVICES: [0]
[I 2023-11-30 02:00:05,945] Trial 68 finished with value: 0.08829444646835327 and parameters: {'gradient_clip_val': 0.1426049844169023, 'hidden_size': 103, 'dropout': 0.2519120894726657, 'hidden_continuous_size': 24, 'attention_head_size': 4, 'learning_rate': 0.05101856901186169}. Best is trial 16 with value: 0.040784481912851334.
LOCAL_RANK: 0 - CUDA_VISIBLE_DEVICES: [0]
[I 2023-11-30 02:00:19,773] Trial 69 finished with value: 0.1287640929222107 and parameters: {'gradient_clip_val': 0.15472777285223008, 'hidden_size': 85, 'dropout': 0.27114481779047145, 'hidden_continuous_size': 15, 'attention_head_size': 4, 'learning_rate': 0.07019993298035547}. Best is trial 16 with value: 0.040784481912851334.
LOCAL_RANK: 0 - CUDA_VISIBLE_DEVICES: [0]
[I 2023-11-30 02:00:32,848] Trial 70 finished with value: 0.07727274298667908 and parameters: {'gradient_clip_val': 0.11587682113128539, 'hidden_size': 39, 'dropout': 0.19382713636305737, 'hidden_continuous_size': 20, 'attention_head_size': 2, 'learning_rate': 0.03640644701284916}. Best is trial 16 with value: 0.040784481912851334.
LOCAL_RANK: 0 - CUDA_VISIBLE_DEVICES: [0]
[I 2023-11-30 02:00:46,885] Trial 71 finished with value: 0.08116418868303299 and parameters: {'gradient_clip_val': 0.12943541915231463, 'hidden_size': 67, 'dropout': 0.26753932983151046, 'hidden_continuous_size': 28, 'attention_head_size': 4, 'learning_rate': 0.022114335592019342}. Best is trial 16 with value: 0.040784481912851334.
LOCAL_RANK: 0 - CUDA_VISIBLE_DEVICES: [0]
[I 2023-11-30 02:01:01,152] Trial 72 finished with value: 0.073781318962574 and parameters: {'gradient_clip_val': 0.12950819721285667, 'hidden_size': 98, 'dropout': 0.2610130367415706, 'hidden_continuous_size': 28, 'attention_head_size': 4, 'learning_rate': 0.03061406398150515}. Best is trial 16 with value: 0.040784481912851334.
LOCAL_RANK: 0 - CUDA_VISIBLE_DEVICES: [0]
[I 2023-11-30 02:01:15,061] Trial 73 finished with value: 0.06800432503223419 and parameters: {'gradient_clip_val': 0.10709532506481564, 'hidden_size': 92, 'dropout': 0.28287017042400253, 'hidden_continuous_size': 32, 'attention_head_size': 4, 'learning_rate': 0.020149836240415022}. Best is trial 16 with value: 0.040784481912851334.
LOCAL_RANK: 0 - CUDA_VISIBLE_DEVICES: [0]
[I 2023-11-30 02:01:29,068] Trial 74 finished with value: 0.06253297626972198 and parameters: {'gradient_clip_val': 0.10023195734738947, 'hidden_size': 73, 'dropout': 0.23853611530724098, 'hidden_continuous_size': 40, 'attention_head_size': 4, 'learning_rate': 0.01773535210375124}. Best is trial 16 with value: 0.040784481912851334.
LOCAL_RANK: 0 - CUDA_VISIBLE_DEVICES: [0]
[I 2023-11-30 02:01:43,349] Trial 75 finished with value: 0.07692617923021317 and parameters: {'gradient_clip_val': 0.16262764772999402, 'hidden_size': 113, 'dropout': 0.24800978744476213, 'hidden_continuous_size': 25, 'attention_head_size': 4, 'learning_rate': 0.025876287853356546}. Best is trial 16 with value: 0.040784481912851334.
LOCAL_RANK: 0 - CUDA_VISIBLE_DEVICES: [0]
[I 2023-11-30 02:01:56,969] Trial 76 finished with value: 0.08842858672142029 and parameters: {'gradient_clip_val': 0.12240137318766932, 'hidden_size': 56, 'dropout': 0.2180060922929345, 'hidden_continuous_size': 22, 'attention_head_size': 4, 'learning_rate': 0.04477426752840288}. Best is trial 16 with value: 0.040784481912851334.
LOCAL_RANK: 0 - CUDA_VISIBLE_DEVICES: [0]
[I 2023-11-30 02:02:11,126] Trial 77 finished with value: 0.0751328095793724 and parameters: {'gradient_clip_val': 0.13397885181992716, 'hidden_size': 80, 'dropout': 0.2321033029838289, 'hidden_continuous_size': 47, 'attention_head_size': 3, 'learning_rate': 0.08970883100382257}. Best is trial 16 with value: 0.040784481912851334.
LOCAL_RANK: 0 - CUDA_VISIBLE_DEVICES: [0]
[I 2023-11-30 02:02:25,048] Trial 78 finished with value: 0.07423771917819977 and parameters: {'gradient_clip_val': 0.1130692388579313, 'hidden_size': 86, 'dropout': 0.20229654491218868, 'hidden_continuous_size': 26, 'attention_head_size': 4, 'learning_rate': 0.04044803465861549}. Best is trial 16 with value: 0.040784481912851334.
LOCAL_RANK: 0 - CUDA_VISIBLE_DEVICES: [0]
[I 2023-11-30 02:02:38,808] Trial 79 finished with value: 0.060750048607587814 and parameters: {'gradient_clip_val': 0.12123026252276091, 'hidden_size': 62, 'dropout': 0.24320207490209453, 'hidden_continuous_size': 23, 'attention_head_size': 4, 'learning_rate': 0.06456105371851754}. Best is trial 16 with value: 0.040784481912851334.
LOCAL_RANK: 0 - CUDA_VISIBLE_DEVICES: [0]
[I 2023-11-30 02:02:53,209] Trial 80 finished with value: 0.09853463619947433 and parameters: {'gradient_clip_val': 0.18487532993605765, 'hidden_size': 106, 'dropout': 0.2784008175529059, 'hidden_continuous_size': 34, 'attention_head_size': 4, 'learning_rate': 0.0559982312977552}. Best is trial 16 with value: 0.040784481912851334.
LOCAL_RANK: 0 - CUDA_VISIBLE_DEVICES: [0]
[I 2023-11-30 02:03:07,595] Trial 81 finished with value: 0.08295726776123047 and parameters: {'gradient_clip_val': 0.10998838383889492, 'hidden_size': 97, 'dropout': 0.22778427314702668, 'hidden_continuous_size': 32, 'attention_head_size': 4, 'learning_rate': 0.09204456639531197}. Best is trial 16 with value: 0.040784481912851334.
LOCAL_RANK: 0 - CUDA_VISIBLE_DEVICES: [0]
[I 2023-11-30 02:03:22,275] Trial 82 finished with value: 0.10858000069856644 and parameters: {'gradient_clip_val': 0.11392143954320436, 'hidden_size': 119, 'dropout': 0.2540366264675351, 'hidden_continuous_size': 74, 'attention_head_size': 4, 'learning_rate': 0.09712860542670228}. Best is trial 16 with value: 0.040784481912851334.
LOCAL_RANK: 0 - CUDA_VISIBLE_DEVICES: [0]
[I 2023-11-30 02:03:36,458] Trial 83 finished with value: 0.0869365930557251 and parameters: {'gradient_clip_val': 0.1049654529555435, 'hidden_size': 102, 'dropout': 0.21638401073659994, 'hidden_continuous_size': 30, 'attention_head_size': 4, 'learning_rate': 0.0833854091661998}. Best is trial 16 with value: 0.040784481912851334.
LOCAL_RANK: 0 - CUDA_VISIBLE_DEVICES: [0]
[I 2023-11-30 02:03:50,587] Trial 84 finished with value: 0.0686018168926239 and parameters: {'gradient_clip_val': 0.12835632100068375, 'hidden_size': 71, 'dropout': 0.2619145398399751, 'hidden_continuous_size': 50, 'attention_head_size': 4, 'learning_rate': 0.07447015930727523}. Best is trial 16 with value: 0.040784481912851334.
LOCAL_RANK: 0 - CUDA_VISIBLE_DEVICES: [0]
[I 2023-11-30 02:04:04,587] Trial 85 finished with value: 0.11008528620004654 and parameters: {'gradient_clip_val': 0.13901160240141655, 'hidden_size': 93, 'dropout': 0.22687234094626924, 'hidden_continuous_size': 27, 'attention_head_size': 4, 'learning_rate': 0.07173648245781387}. Best is trial 16 with value: 0.040784481912851334.
LOCAL_RANK: 0 - CUDA_VISIBLE_DEVICES: [0]
[I 2023-11-30 02:04:19,243] Trial 86 finished with value: 0.14745666086673737 and parameters: {'gradient_clip_val': 0.11559706486903823, 'hidden_size': 132, 'dropout': 0.24242775799413543, 'hidden_continuous_size': 38, 'attention_head_size': 4, 'learning_rate': 0.07989788187654602}. Best is trial 16 with value: 0.040784481912851334.
LOCAL_RANK: 0 - CUDA_VISIBLE_DEVICES: [0]
[I 2023-11-30 02:04:32,994] Trial 87 finished with value: 0.08708324283361435 and parameters: {'gradient_clip_val': 0.10428824294348621, 'hidden_size': 76, 'dropout': 0.2655429467907976, 'hidden_continuous_size': 19, 'attention_head_size': 3, 'learning_rate': 0.09818856832357395}. Best is trial 16 with value: 0.040784481912851334.
LOCAL_RANK: 0 - CUDA_VISIBLE_DEVICES: [0]
[I 2023-11-30 02:04:46,866] Trial 88 finished with value: 0.09633123874664307 and parameters: {'gradient_clip_val': 0.1228020979245401, 'hidden_size': 89, 'dropout': 0.2524252146757463, 'hidden_continuous_size': 17, 'attention_head_size': 4, 'learning_rate': 0.050290115619384845}. Best is trial 16 with value: 0.040784481912851334.
LOCAL_RANK: 0 - CUDA_VISIBLE_DEVICES: [0]
[I 2023-11-30 02:05:00,666] Trial 89 finished with value: 0.13709045946598053 and parameters: {'gradient_clip_val': 0.10070528980143495, 'hidden_size': 83, 'dropout': 0.2355338065598181, 'hidden_continuous_size': 21, 'attention_head_size': 3, 'learning_rate': 0.06687873846878739}. Best is trial 16 with value: 0.040784481912851334.
LOCAL_RANK: 0 - CUDA_VISIBLE_DEVICES: [0]
[I 2023-11-30 02:05:14,401] Trial 90 finished with value: 0.06759168952703476 and parameters: {'gradient_clip_val': 0.14735421258459802, 'hidden_size': 67, 'dropout': 0.2234326881451162, 'hidden_continuous_size': 24, 'attention_head_size': 4, 'learning_rate': 0.03395013801291096}. Best is trial 16 with value: 0.040784481912851334.
LOCAL_RANK: 0 - CUDA_VISIBLE_DEVICES: [0]
[I 2023-11-30 02:05:28,662] Trial 91 finished with value: 0.08397555351257324 and parameters: {'gradient_clip_val': 0.11772663004872307, 'hidden_size': 86, 'dropout': 0.1960578474685639, 'hidden_continuous_size': 26, 'attention_head_size': 4, 'learning_rate': 0.026901486850008868}. Best is trial 16 with value: 0.040784481912851334.
LOCAL_RANK: 0 - CUDA_VISIBLE_DEVICES: [0]
[I 2023-11-30 02:05:42,385] Trial 92 finished with value: 0.04577748849987984 and parameters: {'gradient_clip_val': 0.1103921825615907, 'hidden_size': 80, 'dropout': 0.208398935638669, 'hidden_continuous_size': 27, 'attention_head_size': 4, 'learning_rate': 0.02951117906307169}. Best is trial 16 with value: 0.040784481912851334.
LOCAL_RANK: 0 - CUDA_VISIBLE_DEVICES: [0]
[I 2023-11-30 02:05:56,667] Trial 93 finished with value: 0.08822590112686157 and parameters: {'gradient_clip_val': 0.11027129895820602, 'hidden_size': 108, 'dropout': 0.21440183274346586, 'hidden_continuous_size': 29, 'attention_head_size': 4, 'learning_rate': 0.030504040471141088}. Best is trial 16 with value: 0.040784481912851334.
LOCAL_RANK: 0 - CUDA_VISIBLE_DEVICES: [0]
[I 2023-11-30 02:06:10,523] Trial 94 finished with value: 0.059951052069664 and parameters: {'gradient_clip_val': 0.1272347992159244, 'hidden_size': 77, 'dropout': 0.2071743730545537, 'hidden_continuous_size': 18, 'attention_head_size': 4, 'learning_rate': 0.03746414971192682}. Best is trial 16 with value: 0.040784481912851334.
LOCAL_RANK: 0 - CUDA_VISIBLE_DEVICES: [0]
[I 2023-11-30 02:06:23,991] Trial 95 finished with value: 0.12674878537654877 and parameters: {'gradient_clip_val': 0.1065816615636446, 'hidden_size': 64, 'dropout': 0.23038006089250807, 'hidden_continuous_size': 20, 'attention_head_size': 4, 'learning_rate': 0.043988688963050304}. Best is trial 16 with value: 0.040784481912851334.
LOCAL_RANK: 0 - CUDA_VISIBLE_DEVICES: [0]
[I 2023-11-30 02:06:38,076] Trial 96 finished with value: 0.0862644612789154 and parameters: {'gradient_clip_val': 0.13446966182924716, 'hidden_size': 96, 'dropout': 0.1896956582328472, 'hidden_continuous_size': 28, 'attention_head_size': 4, 'learning_rate': 0.0225894871489971}. Best is trial 16 with value: 0.040784481912851334.
LOCAL_RANK: 0 - CUDA_VISIBLE_DEVICES: [0]
[I 2023-11-30 02:06:52,188] Trial 97 finished with value: 0.05830426886677742 and parameters: {'gradient_clip_val': 0.11647959072454431, 'hidden_size': 81, 'dropout': 0.19876351916469537, 'hidden_continuous_size': 44, 'attention_head_size': 4, 'learning_rate': 0.05743337970063756}. Best is trial 16 with value: 0.040784481912851334.
LOCAL_RANK: 0 - CUDA_VISIBLE_DEVICES: [0]
[I 2023-11-30 02:07:06,139] Trial 98 finished with value: 0.06299974024295807 and parameters: {'gradient_clip_val': 0.11091134907627902, 'hidden_size': 71, 'dropout': 0.20726649986254345, 'hidden_continuous_size': 37, 'attention_head_size': 4, 'learning_rate': 0.02953943263985457}. Best is trial 16 with value: 0.040784481912851334.
LOCAL_RANK: 0 - CUDA_VISIBLE_DEVICES: [0]
[I 2023-11-30 02:07:19,800] Trial 99 finished with value: 0.1011444702744484 and parameters: {'gradient_clip_val': 0.1420767594809321, 'hidden_size': 59, 'dropout': 0.21897362458452468, 'hidden_continuous_size': 25, 'attention_head_size': 4, 'learning_rate': 0.034212233434773136}. Best is trial 16 with value: 0.040784481912851334.
LOCAL_RANK: 0 - CUDA_VISIBLE_DEVICES: [0]
[I 2023-11-30 02:07:33,782] Trial 100 finished with value: 0.0805153101682663 and parameters: {'gradient_clip_val': 0.12406714048542333, 'hidden_size': 101, 'dropout': 0.24534077849049957, 'hidden_continuous_size': 23, 'attention_head_size': 2, 'learning_rate': 0.052332687851569235}. Best is trial 16 with value: 0.040784481912851334.
LOCAL_RANK: 0 - CUDA_VISIBLE_DEVICES: [0]
[I 2023-11-30 02:07:47,843] Trial 101 finished with value: 0.07455430924892426 and parameters: {'gradient_clip_val': 0.11724114425713981, 'hidden_size': 82, 'dropout': 0.20331139800940123, 'hidden_continuous_size': 32, 'attention_head_size': 4, 'learning_rate': 0.06059046569572965}. Best is trial 16 with value: 0.040784481912851334.
LOCAL_RANK: 0 - CUDA_VISIBLE_DEVICES: [0]
[I 2023-11-30 02:08:02,009] Trial 102 finished with value: 0.05695304274559021 and parameters: {'gradient_clip_val': 0.10500732234714626, 'hidden_size': 78, 'dropout': 0.23488815924319995, 'hidden_continuous_size': 45, 'attention_head_size': 4, 'learning_rate': 0.041607514539977346}. Best is trial 16 with value: 0.040784481912851334.
LOCAL_RANK: 0 - CUDA_VISIBLE_DEVICES: [0]
[I 2023-11-30 02:08:16,267] Trial 103 finished with value: 0.06766920536756516 and parameters: {'gradient_clip_val': 0.10479806539153293, 'hidden_size': 89, 'dropout': 0.23690592622302167, 'hidden_continuous_size': 59, 'attention_head_size': 4, 'learning_rate': 0.03812490586220524}. Best is trial 16 with value: 0.040784481912851334.
LOCAL_RANK: 0 - CUDA_VISIBLE_DEVICES: [0]
[I 2023-11-30 02:08:30,168] Trial 104 finished with value: 0.07826543599367142 and parameters: {'gradient_clip_val': 0.11184134371589803, 'hidden_size': 74, 'dropout': 0.2238136317771953, 'hidden_continuous_size': 27, 'attention_head_size': 4, 'learning_rate': 0.04292568189307814}. Best is trial 16 with value: 0.040784481912851334.
LOCAL_RANK: 0 - CUDA_VISIBLE_DEVICES: [0]
[I 2023-11-30 02:08:44,421] Trial 105 finished with value: 0.07133964449167252 and parameters: {'gradient_clip_val': 0.10036245039022483, 'hidden_size': 95, 'dropout': 0.25336187384763575, 'hidden_continuous_size': 35, 'attention_head_size': 4, 'learning_rate': 0.03279549511163224}. Best is trial 16 with value: 0.040784481912851334.
LOCAL_RANK: 0 - CUDA_VISIBLE_DEVICES: [0]
[I 2023-11-30 02:08:58,519] Trial 106 finished with value: 0.0652119442820549 and parameters: {'gradient_clip_val': 0.10447172699039052, 'hidden_size': 69, 'dropout': 0.2125071822731229, 'hidden_continuous_size': 39, 'attention_head_size': 4, 'learning_rate': 0.04738327957537849}. Best is trial 16 with value: 0.040784481912851334.
LOCAL_RANK: 0 - CUDA_VISIBLE_DEVICES: [0]
[I 2023-11-30 02:09:12,812] Trial 107 finished with value: 0.05549544468522072 and parameters: {'gradient_clip_val': 0.13376672211832133, 'hidden_size': 77, 'dropout': 0.22961789343672828, 'hidden_continuous_size': 56, 'attention_head_size': 4, 'learning_rate': 0.024345046732776224}. Best is trial 16 with value: 0.040784481912851334.
LOCAL_RANK: 0 - CUDA_VISIBLE_DEVICES: [0]
[I 2023-11-30 02:09:26,926] Trial 108 finished with value: 0.0935472920536995 and parameters: {'gradient_clip_val': 0.12589029901775708, 'hidden_size': 76, 'dropout': 0.24617585766705574, 'hidden_continuous_size': 53, 'attention_head_size': 4, 'learning_rate': 0.02424561451827877}. Best is trial 16 with value: 0.040784481912851334.
LOCAL_RANK: 0 - CUDA_VISIBLE_DEVICES: [0]
[I 2023-11-30 02:09:40,530] Trial 109 finished with value: 0.04821652173995972 and parameters: {'gradient_clip_val': 0.13316949125403937, 'hidden_size': 64, 'dropout': 0.23344306400751466, 'hidden_continuous_size': 41, 'attention_head_size': 1, 'learning_rate': 0.027316649531956064}. Best is trial 16 with value: 0.040784481912851334.
LOCAL_RANK: 0 - CUDA_VISIBLE_DEVICES: [0]
[I 2023-11-30 02:09:54,270] Trial 110 finished with value: 0.1005074679851532 and parameters: {'gradient_clip_val': 0.1621759177198198, 'hidden_size': 59, 'dropout': 0.2596643457083678, 'hidden_continuous_size': 46, 'attention_head_size': 2, 'learning_rate': 0.026780806169991258}. Best is trial 16 with value: 0.040784481912851334.
LOCAL_RANK: 0 - CUDA_VISIBLE_DEVICES: [0]
[I 2023-11-30 02:10:08,325] Trial 111 finished with value: 0.07973427325487137 and parameters: {'gradient_clip_val': 0.14636579112352957, 'hidden_size': 63, 'dropout': 0.23295185363882778, 'hidden_continuous_size': 49, 'attention_head_size': 4, 'learning_rate': 0.028940341190218086}. Best is trial 16 with value: 0.040784481912851334.
LOCAL_RANK: 0 - CUDA_VISIBLE_DEVICES: [0]
[I 2023-11-30 02:10:22,009] Trial 112 finished with value: 0.19584256410598755 and parameters: {'gradient_clip_val': 0.13816085708988493, 'hidden_size': 65, 'dropout': 0.23880066255767404, 'hidden_continuous_size': 45, 'attention_head_size': 1, 'learning_rate': 0.02136553639885964}. Best is trial 16 with value: 0.040784481912851334.
LOCAL_RANK: 0 - CUDA_VISIBLE_DEVICES: [0]
[I 2023-11-30 02:10:36,009] Trial 113 finished with value: 0.07000076770782471 and parameters: {'gradient_clip_val': 0.13353257221772127, 'hidden_size': 73, 'dropout': 0.22559701495399764, 'hidden_continuous_size': 56, 'attention_head_size': 1, 'learning_rate': 0.01918171451225564}. Best is trial 16 with value: 0.040784481912851334.
LOCAL_RANK: 0 - CUDA_VISIBLE_DEVICES: [0]
