[I 2023-11-29 22:04:18,009] Trial 68 finished with value: 0.16143248975276947 and parameters: {'gradient_clip_val': 0.750290739158174, 'hidden_size': 91, 'dropout': 0.37663835688093134, 'hidden_continuous_size': 29, 'attention_head_size': 3, 'learning_rate': 0.062297978220606044}. Best is trial 29 with value: 0.07902363687753677.
LOCAL_RANK: 0 - CUDA_VISIBLE_DEVICES: [0]
[I 2023-11-29 22:04:31,391] Trial 69 finished with value: 0.13632866740226746 and parameters: {'gradient_clip_val': 0.8004865903177798, 'hidden_size': 65, 'dropout': 0.3499272363062268, 'hidden_continuous_size': 10, 'attention_head_size': 4, 'learning_rate': 0.03440515980648371}. Best is trial 29 with value: 0.07902363687753677.
LOCAL_RANK: 0 - CUDA_VISIBLE_DEVICES: [0]
[I 2023-11-29 22:04:45,101] Trial 70 finished with value: 0.10523045063018799 and parameters: {'gradient_clip_val': 0.539047229454289, 'hidden_size': 76, 'dropout': 0.38816056066750976, 'hidden_continuous_size': 31, 'attention_head_size': 3, 'learning_rate': 0.04324051345281402}. Best is trial 29 with value: 0.07902363687753677.
LOCAL_RANK: 0 - CUDA_VISIBLE_DEVICES: [0]
[I 2023-11-29 22:04:59,017] Trial 71 finished with value: 0.09500893205404282 and parameters: {'gradient_clip_val': 0.7091040171909004, 'hidden_size': 73, 'dropout': 0.3566213683694747, 'hidden_continuous_size': 37, 'attention_head_size': 3, 'learning_rate': 0.07124245097424238}. Best is trial 29 with value: 0.07902363687753677.
LOCAL_RANK: 0 - CUDA_VISIBLE_DEVICES: [0]
[I 2023-11-29 22:05:13,094] Trial 72 finished with value: 0.14901675283908844 and parameters: {'gradient_clip_val': 0.8464179830680756, 'hidden_size': 96, 'dropout': 0.3912461624408069, 'hidden_continuous_size': 39, 'attention_head_size': 3, 'learning_rate': 0.06795013842221043}. Best is trial 29 with value: 0.07902363687753677.
LOCAL_RANK: 0 - CUDA_VISIBLE_DEVICES: [0]
[I 2023-11-29 22:05:26,987] Trial 73 finished with value: 0.14052993059158325 and parameters: {'gradient_clip_val': 0.7754750429295469, 'hidden_size': 87, 'dropout': 0.3658244748035792, 'hidden_continuous_size': 32, 'attention_head_size': 3, 'learning_rate': 0.05483180266411003}. Best is trial 29 with value: 0.07902363687753677.
LOCAL_RANK: 0 - CUDA_VISIBLE_DEVICES: [0]
[I 2023-11-29 22:05:40,605] Trial 74 finished with value: 0.17266851663589478 and parameters: {'gradient_clip_val': 0.6387147203333603, 'hidden_size': 59, 'dropout': 0.3630673879527992, 'hidden_continuous_size': 27, 'attention_head_size': 3, 'learning_rate': 0.0778339337039106}. Best is trial 29 with value: 0.07902363687753677.
LOCAL_RANK: 0 - CUDA_VISIBLE_DEVICES: [0]
[I 2023-11-29 22:05:55,086] Trial 75 finished with value: 0.12404593080282211 and parameters: {'gradient_clip_val': 0.7532180271007046, 'hidden_size': 114, 'dropout': 0.37818070273426063, 'hidden_continuous_size': 35, 'attention_head_size': 3, 'learning_rate': 0.049481728283644735}. Best is trial 29 with value: 0.07902363687753677.
LOCAL_RANK: 0 - CUDA_VISIBLE_DEVICES: [0]
[I 2023-11-29 22:06:09,131] Trial 76 finished with value: 0.1425367146730423 and parameters: {'gradient_clip_val': 0.8390828795801649, 'hidden_size': 88, 'dropout': 0.3312919658910127, 'hidden_continuous_size': 39, 'attention_head_size': 3, 'learning_rate': 0.061855691924423535}. Best is trial 29 with value: 0.07902363687753677.
LOCAL_RANK: 0 - CUDA_VISIBLE_DEVICES: [0]
[I 2023-11-29 22:06:22,885] Trial 77 finished with value: 0.16750843822956085 and parameters: {'gradient_clip_val': 0.9614800960842175, 'hidden_size': 51, 'dropout': 0.29567801934797694, 'hidden_continuous_size': 33, 'attention_head_size': 3, 'learning_rate': 0.089578157434897}. Best is trial 29 with value: 0.07902363687753677.
LOCAL_RANK: 0 - CUDA_VISIBLE_DEVICES: [0]
[I 2023-11-29 22:06:36,612] Trial 78 finished with value: 0.07854486256837845 and parameters: {'gradient_clip_val': 0.8799976994229416, 'hidden_size': 77, 'dropout': 0.2827200897113509, 'hidden_continuous_size': 28, 'attention_head_size': 2, 'learning_rate': 0.09883060663356746}. Best is trial 78 with value: 0.07854486256837845.
LOCAL_RANK: 0 - CUDA_VISIBLE_DEVICES: [0]
[I 2023-11-29 22:06:50,322] Trial 79 finished with value: 0.14844578504562378 and parameters: {'gradient_clip_val': 0.8753117206644625, 'hidden_size': 81, 'dropout': 0.28375353188731234, 'hidden_continuous_size': 28, 'attention_head_size': 2, 'learning_rate': 0.09171262826949528}. Best is trial 78 with value: 0.07854486256837845.
LOCAL_RANK: 0 - CUDA_VISIBLE_DEVICES: [0]
[I 2023-11-29 22:07:04,002] Trial 80 finished with value: 0.1324230581521988 and parameters: {'gradient_clip_val': 0.9946252131307497, 'hidden_size': 67, 'dropout': 0.2718674074534492, 'hidden_continuous_size': 23, 'attention_head_size': 2, 'learning_rate': 0.07996115131237405}. Best is trial 78 with value: 0.07854486256837845.
LOCAL_RANK: 0 - CUDA_VISIBLE_DEVICES: [0]
[I 2023-11-29 22:07:17,574] Trial 81 finished with value: 0.13900397717952728 and parameters: {'gradient_clip_val': 0.7011879407667333, 'hidden_size': 77, 'dropout': 0.2920193199538609, 'hidden_continuous_size': 31, 'attention_head_size': 2, 'learning_rate': 0.06729491068584195}. Best is trial 78 with value: 0.07854486256837845.
LOCAL_RANK: 0 - CUDA_VISIBLE_DEVICES: [0]
[I 2023-11-29 22:07:31,419] Trial 82 finished with value: 0.08139889687299728 and parameters: {'gradient_clip_val': 0.8765381429146757, 'hidden_size': 63, 'dropout': 0.30652513720610053, 'hidden_continuous_size': 34, 'attention_head_size': 2, 'learning_rate': 0.07273031523508794}. Best is trial 78 with value: 0.07854486256837845.
LOCAL_RANK: 0 - CUDA_VISIBLE_DEVICES: [0]
[I 2023-11-29 22:07:45,263] Trial 83 finished with value: 0.08514338731765747 and parameters: {'gradient_clip_val': 0.8748337420037772, 'hidden_size': 70, 'dropout': 0.3048251221710164, 'hidden_continuous_size': 35, 'attention_head_size': 2, 'learning_rate': 0.09617210391954559}. Best is trial 78 with value: 0.07854486256837845.
LOCAL_RANK: 0 - CUDA_VISIBLE_DEVICES: [0]
[I 2023-11-29 22:07:58,914] Trial 84 finished with value: 0.0856674537062645 and parameters: {'gradient_clip_val': 0.9123502497575983, 'hidden_size': 62, 'dropout': 0.30662732453559316, 'hidden_continuous_size': 33, 'attention_head_size': 2, 'learning_rate': 0.09978581561093151}. Best is trial 78 with value: 0.07854486256837845.
LOCAL_RANK: 0 - CUDA_VISIBLE_DEVICES: [0]
[I 2023-11-29 22:08:12,492] Trial 85 finished with value: 0.09176061302423477 and parameters: {'gradient_clip_val': 0.9354969467072294, 'hidden_size': 62, 'dropout': 0.3065425706577219, 'hidden_continuous_size': 35, 'attention_head_size': 2, 'learning_rate': 0.0894794051299531}. Best is trial 78 with value: 0.07854486256837845.
LOCAL_RANK: 0 - CUDA_VISIBLE_DEVICES: [0]
[I 2023-11-29 22:08:26,027] Trial 86 finished with value: 0.12900663912296295 and parameters: {'gradient_clip_val': 0.9543859093086406, 'hidden_size': 68, 'dropout': 0.2837841846304966, 'hidden_continuous_size': 34, 'attention_head_size': 2, 'learning_rate': 0.09852107439101708}. Best is trial 78 with value: 0.07854486256837845.
LOCAL_RANK: 0 - CUDA_VISIBLE_DEVICES: [0]
[I 2023-11-29 22:08:39,861] Trial 87 finished with value: 0.14394859969615936 and parameters: {'gradient_clip_val': 0.9044439709045959, 'hidden_size': 57, 'dropout': 0.31052568485395327, 'hidden_continuous_size': 36, 'attention_head_size': 2, 'learning_rate': 0.08328107636316472}. Best is trial 78 with value: 0.07854486256837845.
LOCAL_RANK: 0 - CUDA_VISIBLE_DEVICES: [0]
[I 2023-11-29 22:08:53,488] Trial 88 finished with value: 0.13374286890029907 and parameters: {'gradient_clip_val': 0.8820895328167476, 'hidden_size': 73, 'dropout': 0.2675838802199593, 'hidden_continuous_size': 32, 'attention_head_size': 1, 'learning_rate': 0.07597086668552486}. Best is trial 78 with value: 0.07854486256837845.
LOCAL_RANK: 0 - CUDA_VISIBLE_DEVICES: [0]
[I 2023-11-29 22:09:07,186] Trial 89 finished with value: 0.1132272407412529 and parameters: {'gradient_clip_val': 0.8139580138105126, 'hidden_size': 55, 'dropout': 0.3031147357301445, 'hidden_continuous_size': 34, 'attention_head_size': 2, 'learning_rate': 0.09688010035224508}. Best is trial 78 with value: 0.07854486256837845.
LOCAL_RANK: 0 - CUDA_VISIBLE_DEVICES: [0]
[I 2023-11-29 22:09:20,805] Trial 90 finished with value: 0.11943519115447998 and parameters: {'gradient_clip_val': 0.8781309483652353, 'hidden_size': 63, 'dropout': 0.3242592121957878, 'hidden_continuous_size': 41, 'attention_head_size': 2, 'learning_rate': 0.09983586030041752}. Best is trial 78 with value: 0.07854486256837845.
LOCAL_RANK: 0 - CUDA_VISIBLE_DEVICES: [0]
[I 2023-11-29 22:09:33,848] Trial 91 finished with value: 0.10977202653884888 and parameters: {'gradient_clip_val': 0.830042998260022, 'hidden_size': 44, 'dropout': 0.2950095726215388, 'hidden_continuous_size': 32, 'attention_head_size': 2, 'learning_rate': 0.06013007734582213}. Best is trial 78 with value: 0.07854486256837845.
LOCAL_RANK: 0 - CUDA_VISIBLE_DEVICES: [0]
[I 2023-11-29 22:09:47,475] Trial 92 finished with value: 0.09502353519201279 and parameters: {'gradient_clip_val': 0.9389753468631507, 'hidden_size': 53, 'dropout': 0.28893599967806655, 'hidden_continuous_size': 34, 'attention_head_size': 2, 'learning_rate': 0.07722080309221399}. Best is trial 78 with value: 0.07854486256837845.
LOCAL_RANK: 0 - CUDA_VISIBLE_DEVICES: [0]
[I 2023-11-29 22:10:00,985] Trial 93 finished with value: 0.16322292387485504 and parameters: {'gradient_clip_val': 0.9986012524535448, 'hidden_size': 59, 'dropout': 0.298562625437165, 'hidden_continuous_size': 30, 'attention_head_size': 2, 'learning_rate': 0.07001566083255029}. Best is trial 78 with value: 0.07854486256837845.
LOCAL_RANK: 0 - CUDA_VISIBLE_DEVICES: [0]
[I 2023-11-29 22:10:14,232] Trial 94 finished with value: 0.13304729759693146 and parameters: {'gradient_clip_val': 0.7707302675592014, 'hidden_size': 48, 'dropout': 0.3214193361436491, 'hidden_continuous_size': 36, 'attention_head_size': 2, 'learning_rate': 0.08734317819747145}. Best is trial 78 with value: 0.07854486256837845.
LOCAL_RANK: 0 - CUDA_VISIBLE_DEVICES: [0]
[I 2023-11-29 22:10:27,940] Trial 95 finished with value: 0.08853128552436829 and parameters: {'gradient_clip_val': 0.8728673403163519, 'hidden_size': 70, 'dropout': 0.31690993947105767, 'hidden_continuous_size': 29, 'attention_head_size': 2, 'learning_rate': 0.05717023652442991}. Best is trial 78 with value: 0.07854486256837845.
LOCAL_RANK: 0 - CUDA_VISIBLE_DEVICES: [0]
[I 2023-11-29 22:10:41,681] Trial 96 finished with value: 0.08990683406591415 and parameters: {'gradient_clip_val': 0.8330380009971924, 'hidden_size': 66, 'dropout': 0.3937956431824833, 'hidden_continuous_size': 40, 'attention_head_size': 1, 'learning_rate': 0.06604428528582493}. Best is trial 78 with value: 0.07854486256837845.
LOCAL_RANK: 0 - CUDA_VISIBLE_DEVICES: [0]
[I 2023-11-29 22:10:55,470] Trial 97 finished with value: 0.12412665039300919 and parameters: {'gradient_clip_val': 0.732779349263963, 'hidden_size': 75, 'dropout': 0.30900145140679436, 'hidden_continuous_size': 37, 'attention_head_size': 2, 'learning_rate': 0.08587330761111796}. Best is trial 78 with value: 0.07854486256837845.
LOCAL_RANK: 0 - CUDA_VISIBLE_DEVICES: [0]
[I 2023-11-29 22:11:08,494] Trial 98 finished with value: 0.11691466718912125 and parameters: {'gradient_clip_val': 0.9009227380192316, 'hidden_size': 34, 'dropout': 0.34267855962238813, 'hidden_continuous_size': 28, 'attention_head_size': 2, 'learning_rate': 0.07895900691360412}. Best is trial 78 with value: 0.07854486256837845.
LOCAL_RANK: 0 - CUDA_VISIBLE_DEVICES: [0]
[I 2023-11-29 22:11:22,102] Trial 99 finished with value: 0.08100781589746475 and parameters: {'gradient_clip_val': 0.7929340494064733, 'hidden_size': 62, 'dropout': 0.28362885983003633, 'hidden_continuous_size': 25, 'attention_head_size': 2, 'learning_rate': 0.05310308274851645}. Best is trial 78 with value: 0.07854486256837845.
LOCAL_RANK: 0 - CUDA_VISIBLE_DEVICES: [0]
[I 2023-11-29 22:11:35,278] Trial 100 finished with value: 0.13257168233394623 and parameters: {'gradient_clip_val': 0.6667690352214201, 'hidden_size': 53, 'dropout': 0.27504665631690317, 'hidden_continuous_size': 25, 'attention_head_size': 2, 'learning_rate': 0.05321899499512909}. Best is trial 78 with value: 0.07854486256837845.
LOCAL_RANK: 0 - CUDA_VISIBLE_DEVICES: [0]
[I 2023-11-29 22:11:48,583] Trial 101 finished with value: 0.1313801407814026 and parameters: {'gradient_clip_val': 0.8051015544293716, 'hidden_size': 61, 'dropout': 0.28631007510495093, 'hidden_continuous_size': 17, 'attention_head_size': 2, 'learning_rate': 0.07098879984191143}. Best is trial 78 with value: 0.07854486256837845.
LOCAL_RANK: 0 - CUDA_VISIBLE_DEVICES: [0]
[I 2023-11-29 22:12:02,316] Trial 102 finished with value: 0.12111303210258484 and parameters: {'gradient_clip_val': 0.770295866309785, 'hidden_size': 72, 'dropout': 0.27731111379823004, 'hidden_continuous_size': 31, 'attention_head_size': 2, 'learning_rate': 0.06060950714416418}. Best is trial 78 with value: 0.07854486256837845.
LOCAL_RANK: 0 - CUDA_VISIBLE_DEVICES: [0]
[I 2023-11-29 22:12:15,632] Trial 103 finished with value: 0.20029063522815704 and parameters: {'gradient_clip_val': 0.9527694752894681, 'hidden_size': 66, 'dropout': 0.28276486053832667, 'hidden_continuous_size': 16, 'attention_head_size': 2, 'learning_rate': 0.047313677828102196}. Best is trial 78 with value: 0.07854486256837845.
LOCAL_RANK: 0 - CUDA_VISIBLE_DEVICES: [0]
[I 2023-11-29 22:12:29,434] Trial 104 finished with value: 0.16626857221126556 and parameters: {'gradient_clip_val': 0.7145983212285996, 'hidden_size': 81, 'dropout': 0.30308601948512426, 'hidden_continuous_size': 26, 'attention_head_size': 2, 'learning_rate': 0.08960720093152297}. Best is trial 78 with value: 0.07854486256837845.
LOCAL_RANK: 0 - CUDA_VISIBLE_DEVICES: [0]
[I 2023-11-29 22:12:42,977] Trial 105 finished with value: 0.09243292361497879 and parameters: {'gradient_clip_val': 0.8529441257901158, 'hidden_size': 57, 'dropout': 0.3997898268719636, 'hidden_continuous_size': 33, 'attention_head_size': 2, 'learning_rate': 0.07625873231140405}. Best is trial 78 with value: 0.07854486256837845.
LOCAL_RANK: 0 - CUDA_VISIBLE_DEVICES: [0]
[I 2023-11-29 22:12:56,241] Trial 106 finished with value: 0.2153443545103073 and parameters: {'gradient_clip_val': 0.7924168034286982, 'hidden_size': 48, 'dropout': 0.29086334598751007, 'hidden_continuous_size': 35, 'attention_head_size': 2, 'learning_rate': 0.06475760564145387}. Best is trial 78 with value: 0.07854486256837845.
LOCAL_RANK: 0 - CUDA_VISIBLE_DEVICES: [0]
[I 2023-11-29 22:13:10,107] Trial 107 finished with value: 0.13780979812145233 and parameters: {'gradient_clip_val': 0.735216607191801, 'hidden_size': 62, 'dropout': 0.2646877218050525, 'hidden_continuous_size': 49, 'attention_head_size': 2, 'learning_rate': 0.05808895550843977}. Best is trial 78 with value: 0.07854486256837845.
LOCAL_RANK: 0 - CUDA_VISIBLE_DEVICES: [0]
[I 2023-11-29 22:13:23,869] Trial 108 finished with value: 0.12988704442977905 and parameters: {'gradient_clip_val': 0.9094889380369184, 'hidden_size': 76, 'dropout': 0.2566152635007402, 'hidden_continuous_size': 42, 'attention_head_size': 2, 'learning_rate': 0.04141199234470601}. Best is trial 78 with value: 0.07854486256837845.
LOCAL_RANK: 0 - CUDA_VISIBLE_DEVICES: [0]
[I 2023-11-29 22:13:37,665] Trial 109 finished with value: 0.119755320250988 and parameters: {'gradient_clip_val': 0.6890163934599743, 'hidden_size': 69, 'dropout': 0.31325746849057523, 'hidden_continuous_size': 38, 'attention_head_size': 3, 'learning_rate': 0.052574434037278156}. Best is trial 78 with value: 0.07854486256837845.
LOCAL_RANK: 0 - CUDA_VISIBLE_DEVICES: [0]
[I 2023-11-29 22:13:50,644] Trial 110 finished with value: 0.07864964008331299 and parameters: {'gradient_clip_val': 0.9620085323763536, 'hidden_size': 31, 'dropout': 0.3741380235865036, 'hidden_continuous_size': 28, 'attention_head_size': 3, 'learning_rate': 0.07147014236912244}. Best is trial 78 with value: 0.07854486256837845.
LOCAL_RANK: 0 - CUDA_VISIBLE_DEVICES: [0]
[I 2023-11-29 22:14:03,530] Trial 111 finished with value: 0.09136674553155899 and parameters: {'gradient_clip_val': 0.9628449944024652, 'hidden_size': 31, 'dropout': 0.3725694185745655, 'hidden_continuous_size': 28, 'attention_head_size': 3, 'learning_rate': 0.0721118040942209}. Best is trial 78 with value: 0.07854486256837845.
LOCAL_RANK: 0 - CUDA_VISIBLE_DEVICES: [0]
[I 2023-11-29 22:14:16,575] Trial 112 finished with value: 0.1427353322505951 and parameters: {'gradient_clip_val': 0.8850873963107008, 'hidden_size': 32, 'dropout': 0.38162936125863073, 'hidden_continuous_size': 29, 'attention_head_size': 3, 'learning_rate': 0.08255356478809701}. Best is trial 78 with value: 0.07854486256837845.
LOCAL_RANK: 0 - CUDA_VISIBLE_DEVICES: [0]
[I 2023-11-29 22:14:29,588] Trial 113 finished with value: 0.11772414296865463 and parameters: {'gradient_clip_val': 0.8308789152410361, 'hidden_size': 38, 'dropout': 0.39238566468281666, 'hidden_continuous_size': 31, 'attention_head_size': 3, 'learning_rate': 0.0920168236024516}. Best is trial 78 with value: 0.07854486256837845.
LOCAL_RANK: 0 - CUDA_VISIBLE_DEVICES: [0]
[I 2023-11-29 22:14:42,464] Trial 114 finished with value: 0.11516999453306198 and parameters: {'gradient_clip_val': 0.9968726536403225, 'hidden_size': 29, 'dropout': 0.3745010291501744, 'hidden_continuous_size': 27, 'attention_head_size': 3, 'learning_rate': 0.0991438910905465}. Best is trial 78 with value: 0.07854486256837845.
LOCAL_RANK: 0 - CUDA_VISIBLE_DEVICES: [0]
[I 2023-11-29 22:14:55,361] Trial 115 finished with value: 0.10401070863008499 and parameters: {'gradient_clip_val': 0.7951434657322819, 'hidden_size': 36, 'dropout': 0.32800207639420914, 'hidden_continuous_size': 30, 'attention_head_size': 3, 'learning_rate': 0.06704923160999764}. Best is trial 78 with value: 0.07854486256837845.
LOCAL_RANK: 0 - CUDA_VISIBLE_DEVICES: [0]
[I 2023-11-29 22:15:08,122] Trial 116 finished with value: 0.10055887699127197 and parameters: {'gradient_clip_val': 0.9196378829527238, 'hidden_size': 27, 'dropout': 0.29847375314826047, 'hidden_continuous_size': 24, 'attention_head_size': 3, 'learning_rate': 0.08208231878951949}. Best is trial 78 with value: 0.07854486256837845.
LOCAL_RANK: 0 - CUDA_VISIBLE_DEVICES: [0]
[I 2023-11-29 22:15:21,448] Trial 117 finished with value: 0.17805416882038116 and parameters: {'gradient_clip_val': 0.8547720367331579, 'hidden_size': 42, 'dropout': 0.3869918425737731, 'hidden_continuous_size': 32, 'attention_head_size': 2, 'learning_rate': 0.04907871146145218}. Best is trial 78 with value: 0.07854486256837845.
LOCAL_RANK: 0 - CUDA_VISIBLE_DEVICES: [0]
[I 2023-11-29 22:15:34,802] Trial 118 finished with value: 0.20195038616657257 and parameters: {'gradient_clip_val': 0.9493003750088557, 'hidden_size': 64, 'dropout': 0.27321890759395107, 'hidden_continuous_size': 15, 'attention_head_size': 3, 'learning_rate': 0.05820719533965362}. Best is trial 78 with value: 0.07854486256837845.
LOCAL_RANK: 0 - CUDA_VISIBLE_DEVICES: [0]
[I 2023-11-29 22:15:47,795] Trial 119 finished with value: 0.08707991242408752 and parameters: {'gradient_clip_val': 0.7539730188609006, 'hidden_size': 34, 'dropout': 0.2798330500921609, 'hidden_continuous_size': 30, 'attention_head_size': 3, 'learning_rate': 0.07741176191466942}. Best is trial 78 with value: 0.07854486256837845.
LOCAL_RANK: 0 - CUDA_VISIBLE_DEVICES: [0]
[I 2023-11-29 22:16:01,533] Trial 120 finished with value: 0.19820834696292877 and parameters: {'gradient_clip_val': 0.6592066338520401, 'hidden_size': 84, 'dropout': 0.27878957224891676, 'hidden_continuous_size': 34, 'attention_head_size': 3, 'learning_rate': 0.07346935826543419}. Best is trial 78 with value: 0.07854486256837845.
LOCAL_RANK: 0 - CUDA_VISIBLE_DEVICES: [0]
[I 2023-11-29 22:16:14,510] Trial 121 finished with value: 0.07803865522146225 and parameters: {'gradient_clip_val': 0.7560740423505724, 'hidden_size': 34, 'dropout': 0.29562594415591686, 'hidden_continuous_size': 30, 'attention_head_size': 3, 'learning_rate': 0.08698005684848409}. Best is trial 121 with value: 0.07803865522146225.
LOCAL_RANK: 0 - CUDA_VISIBLE_DEVICES: [0]
[I 2023-11-29 22:16:27,452] Trial 122 finished with value: 0.09535209089517593 and parameters: {'gradient_clip_val': 0.7473343073701977, 'hidden_size': 29, 'dropout': 0.2872154096321524, 'hidden_continuous_size': 27, 'attention_head_size': 3, 'learning_rate': 0.08567308577062122}. Best is trial 121 with value: 0.07803865522146225.
LOCAL_RANK: 0 - CUDA_VISIBLE_DEVICES: [0]
[I 2023-11-29 22:16:40,606] Trial 123 finished with value: 0.13374121487140656 and parameters: {'gradient_clip_val': 0.7771825302926473, 'hidden_size': 35, 'dropout': 0.2934255892299451, 'hidden_continuous_size': 30, 'attention_head_size': 3, 'learning_rate': 0.09120502552749604}. Best is trial 121 with value: 0.07803865522146225.
LOCAL_RANK: 0 - CUDA_VISIBLE_DEVICES: [0]
[I 2023-11-29 22:16:53,726] Trial 124 finished with value: 0.07199834287166595 and parameters: {'gradient_clip_val': 0.7163391655474196, 'hidden_size': 38, 'dropout': 0.3007079828985405, 'hidden_continuous_size': 31, 'attention_head_size': 3, 'learning_rate': 0.07724187229732309}. Best is trial 124 with value: 0.07199834287166595.
LOCAL_RANK: 0 - CUDA_VISIBLE_DEVICES: [0]
[I 2023-11-29 22:17:06,746] Trial 125 finished with value: 0.06722433120012283 and parameters: {'gradient_clip_val': 0.6335519936501146, 'hidden_size': 37, 'dropout': 0.3084402181307409, 'hidden_continuous_size': 29, 'attention_head_size': 3, 'learning_rate': 0.09994752462591389}. Best is trial 125 with value: 0.06722433120012283.
LOCAL_RANK: 0 - CUDA_VISIBLE_DEVICES: [0]
