[I 2023-11-30 13:55:33,491] Trial 81 finished with value: 0.1240973249077797 and parameters: {'gradient_clip_val': 0.5116800947668665, 'hidden_size': 50, 'dropout': 0.22512802588633973, 'hidden_continuous_size': 35, 'attention_head_size': 3, 'learning_rate': 0.045228837132358216}. Best is trial 46 with value: 0.08207646757364273.
LOCAL_RANK: 0 - CUDA_VISIBLE_DEVICES: [0]
[I 2023-11-30 13:55:47,162] Trial 82 finished with value: 0.14560502767562866 and parameters: {'gradient_clip_val': 0.40454683619048015, 'hidden_size': 60, 'dropout': 0.2353710988668576, 'hidden_continuous_size': 41, 'attention_head_size': 3, 'learning_rate': 0.05530521469937313}. Best is trial 46 with value: 0.08207646757364273.
LOCAL_RANK: 0 - CUDA_VISIBLE_DEVICES: [0]
[I 2023-11-30 13:56:00,364] Trial 83 finished with value: 0.12209529429674149 and parameters: {'gradient_clip_val': 0.4589737623151268, 'hidden_size': 39, 'dropout': 0.20204766554019665, 'hidden_continuous_size': 27, 'attention_head_size': 3, 'learning_rate': 0.0709371501025659}. Best is trial 46 with value: 0.08207646757364273.
LOCAL_RANK: 0 - CUDA_VISIBLE_DEVICES: [0]
[I 2023-11-30 13:56:14,609] Trial 84 finished with value: 0.13178984820842743 and parameters: {'gradient_clip_val': 0.34782172311494275, 'hidden_size': 95, 'dropout': 0.18463985186099358, 'hidden_continuous_size': 32, 'attention_head_size': 3, 'learning_rate': 0.07716495911236841}. Best is trial 46 with value: 0.08207646757364273.
LOCAL_RANK: 0 - CUDA_VISIBLE_DEVICES: [0]
[I 2023-11-30 13:56:28,489] Trial 85 finished with value: 0.1379186362028122 and parameters: {'gradient_clip_val': 0.3712103744579985, 'hidden_size': 74, 'dropout': 0.21773952536725877, 'hidden_continuous_size': 28, 'attention_head_size': 4, 'learning_rate': 0.03625759459748368}. Best is trial 46 with value: 0.08207646757364273.
LOCAL_RANK: 0 - CUDA_VISIBLE_DEVICES: [0]
[I 2023-11-30 13:56:41,930] Trial 86 finished with value: 0.16066783666610718 and parameters: {'gradient_clip_val': 0.4953374852209074, 'hidden_size': 54, 'dropout': 0.15880368758416355, 'hidden_continuous_size': 15, 'attention_head_size': 3, 'learning_rate': 0.0909080382366491}. Best is trial 46 with value: 0.08207646757364273.
LOCAL_RANK: 0 - CUDA_VISIBLE_DEVICES: [0]
[I 2023-11-30 13:56:54,962] Trial 87 finished with value: 0.1422339826822281 and parameters: {'gradient_clip_val': 0.43386268457411464, 'hidden_size': 42, 'dropout': 0.1906742233753252, 'hidden_continuous_size': 23, 'attention_head_size': 2, 'learning_rate': 0.06292681396620642}. Best is trial 46 with value: 0.08207646757364273.
LOCAL_RANK: 0 - CUDA_VISIBLE_DEVICES: [0]
[I 2023-11-30 13:57:08,218] Trial 88 finished with value: 0.22793662548065186 and parameters: {'gradient_clip_val': 0.46698025311556673, 'hidden_size': 47, 'dropout': 0.17723822263693453, 'hidden_continuous_size': 19, 'attention_head_size': 3, 'learning_rate': 0.048916798122272676}. Best is trial 46 with value: 0.08207646757364273.
LOCAL_RANK: 0 - CUDA_VISIBLE_DEVICES: [0]
[I 2023-11-30 13:57:22,084] Trial 89 finished with value: 0.09684940427541733 and parameters: {'gradient_clip_val': 0.3992578812954699, 'hidden_size': 63, 'dropout': 0.25484422097733384, 'hidden_continuous_size': 30, 'attention_head_size': 4, 'learning_rate': 0.0405821764151628}. Best is trial 46 with value: 0.08207646757364273.
LOCAL_RANK: 0 - CUDA_VISIBLE_DEVICES: [0]
[I 2023-11-30 13:57:35,861] Trial 90 finished with value: 0.15452751517295837 and parameters: {'gradient_clip_val': 0.3915237220803008, 'hidden_size': 62, 'dropout': 0.24329799914961125, 'hidden_continuous_size': 24, 'attention_head_size': 4, 'learning_rate': 0.032343085202946424}. Best is trial 46 with value: 0.08207646757364273.
LOCAL_RANK: 0 - CUDA_VISIBLE_DEVICES: [0]
[I 2023-11-30 13:57:49,369] Trial 91 finished with value: 0.16019755601882935 and parameters: {'gradient_clip_val': 0.42720697664818225, 'hidden_size': 50, 'dropout': 0.25526333337403745, 'hidden_continuous_size': 29, 'attention_head_size': 4, 'learning_rate': 0.040961867291469146}. Best is trial 46 with value: 0.08207646757364273.
LOCAL_RANK: 0 - CUDA_VISIBLE_DEVICES: [0]
[I 2023-11-30 13:58:03,280] Trial 92 finished with value: 0.14444805681705475 and parameters: {'gradient_clip_val': 0.539072143148362, 'hidden_size': 70, 'dropout': 0.2639757507138776, 'hidden_continuous_size': 33, 'attention_head_size': 4, 'learning_rate': 0.05685286538988112}. Best is trial 46 with value: 0.08207646757364273.
LOCAL_RANK: 0 - CUDA_VISIBLE_DEVICES: [0]
[I 2023-11-30 13:58:17,131] Trial 93 finished with value: 0.16649721562862396 and parameters: {'gradient_clip_val': 0.3267540085852278, 'hidden_size': 66, 'dropout': 0.1672026634901683, 'hidden_continuous_size': 31, 'attention_head_size': 4, 'learning_rate': 0.036571899704345295}. Best is trial 46 with value: 0.08207646757364273.
LOCAL_RANK: 0 - CUDA_VISIBLE_DEVICES: [0]
[I 2023-11-30 13:58:30,812] Trial 94 finished with value: 0.13703501224517822 and parameters: {'gradient_clip_val': 0.41130851441235844, 'hidden_size': 56, 'dropout': 0.2766410348000483, 'hidden_continuous_size': 37, 'attention_head_size': 4, 'learning_rate': 0.02833625268387615}. Best is trial 46 with value: 0.08207646757364273.
LOCAL_RANK: 0 - CUDA_VISIBLE_DEVICES: [0]
[I 2023-11-30 13:58:44,721] Trial 95 finished with value: 0.17182396352291107 and parameters: {'gradient_clip_val': 0.37554141016899195, 'hidden_size': 84, 'dropout': 0.21185511336651902, 'hidden_continuous_size': 27, 'attention_head_size': 3, 'learning_rate': 0.07030370780443385}. Best is trial 46 with value: 0.08207646757364273.
LOCAL_RANK: 0 - CUDA_VISIBLE_DEVICES: [0]
[I 2023-11-30 13:58:57,803] Trial 96 finished with value: 0.1506952941417694 and parameters: {'gradient_clip_val': 0.5006308305697856, 'hidden_size': 44, 'dropout': 0.2365871191909746, 'hidden_continuous_size': 21, 'attention_head_size': 4, 'learning_rate': 0.09974647322359441}. Best is trial 46 with value: 0.08207646757364273.
LOCAL_RANK: 0 - CUDA_VISIBLE_DEVICES: [0]
[I 2023-11-30 13:59:11,335] Trial 97 finished with value: 0.096959687769413 and parameters: {'gradient_clip_val': 0.4617532610146181, 'hidden_size': 59, 'dropout': 0.22412508103008405, 'hidden_continuous_size': 26, 'attention_head_size': 2, 'learning_rate': 0.08045231060243976}. Best is trial 46 with value: 0.08207646757364273.
LOCAL_RANK: 0 - CUDA_VISIBLE_DEVICES: [0]
[I 2023-11-30 13:59:24,792] Trial 98 finished with value: 0.18525837361812592 and parameters: {'gradient_clip_val': 0.5532311485841069, 'hidden_size': 60, 'dropout': 0.22749388925560096, 'hidden_continuous_size': 26, 'attention_head_size': 2, 'learning_rate': 0.07990494463996899}. Best is trial 46 with value: 0.08207646757364273.
LOCAL_RANK: 0 - CUDA_VISIBLE_DEVICES: [0]
[I 2023-11-30 13:59:38,184] Trial 99 finished with value: 0.11195500940084457 and parameters: {'gradient_clip_val': 0.4610622946647741, 'hidden_size': 55, 'dropout': 0.2501644633564779, 'hidden_continuous_size': 24, 'attention_head_size': 2, 'learning_rate': 0.09383704922014918}. Best is trial 46 with value: 0.08207646757364273.
LOCAL_RANK: 0 - CUDA_VISIBLE_DEVICES: [0]
[I 2023-11-30 13:59:51,618] Trial 100 finished with value: 0.115517258644104 and parameters: {'gradient_clip_val': 0.603107327738703, 'hidden_size': 50, 'dropout': 0.11319183941912808, 'hidden_continuous_size': 29, 'attention_head_size': 2, 'learning_rate': 0.06186150045007495}. Best is trial 46 with value: 0.08207646757364273.
LOCAL_RANK: 0 - CUDA_VISIBLE_DEVICES: [0]
[I 2023-11-30 14:00:05,693] Trial 101 finished with value: 0.11191672086715698 and parameters: {'gradient_clip_val': 0.516105873898399, 'hidden_size': 77, 'dropout': 0.19840041699940242, 'hidden_continuous_size': 52, 'attention_head_size': 2, 'learning_rate': 0.08108856424260674}. Best is trial 46 with value: 0.08207646757364273.
LOCAL_RANK: 0 - CUDA_VISIBLE_DEVICES: [0]
[I 2023-11-30 14:00:19,434] Trial 102 finished with value: 0.1347309798002243 and parameters: {'gradient_clip_val': 0.4490534005592011, 'hidden_size': 67, 'dropout': 0.22235613455412234, 'hidden_continuous_size': 25, 'attention_head_size': 2, 'learning_rate': 0.0461997685437687}. Best is trial 46 with value: 0.08207646757364273.
LOCAL_RANK: 0 - CUDA_VISIBLE_DEVICES: [0]
[I 2023-11-30 14:00:32,879] Trial 103 finished with value: 0.19311527907848358 and parameters: {'gradient_clip_val': 0.34954416637706304, 'hidden_size': 53, 'dropout': 0.24400468117896754, 'hidden_continuous_size': 23, 'attention_head_size': 3, 'learning_rate': 0.05320036641307723}. Best is trial 46 with value: 0.08207646757364273.
LOCAL_RANK: 0 - CUDA_VISIBLE_DEVICES: [0]
[I 2023-11-30 14:00:45,969] Trial 104 finished with value: 0.16288597881793976 and parameters: {'gradient_clip_val': 0.4780849939105819, 'hidden_size': 47, 'dropout': 0.13086120795800152, 'hidden_continuous_size': 26, 'attention_head_size': 1, 'learning_rate': 0.07070380835188811}. Best is trial 46 with value: 0.08207646757364273.
LOCAL_RANK: 0 - CUDA_VISIBLE_DEVICES: [0]
[I 2023-11-30 14:00:59,163] Trial 105 finished with value: 0.19346804916858673 and parameters: {'gradient_clip_val': 0.4060798564906907, 'hidden_size': 41, 'dropout': 0.25486477911586525, 'hidden_continuous_size': 21, 'attention_head_size': 2, 'learning_rate': 0.09134267564035001}. Best is trial 46 with value: 0.08207646757364273.
LOCAL_RANK: 0 - CUDA_VISIBLE_DEVICES: [0]
[I 2023-11-30 14:01:13,537] Trial 106 finished with value: 0.1454799920320511 and parameters: {'gradient_clip_val': 0.4279824058199181, 'hidden_size': 73, 'dropout': 0.21044994940835465, 'hidden_continuous_size': 66, 'attention_head_size': 3, 'learning_rate': 0.06692175656821234}. Best is trial 46 with value: 0.08207646757364273.
LOCAL_RANK: 0 - CUDA_VISIBLE_DEVICES: [0]
[I 2023-11-30 14:01:27,060] Trial 107 finished with value: 0.1924624890089035 and parameters: {'gradient_clip_val': 0.3040526350218639, 'hidden_size': 57, 'dropout': 0.23306919816359917, 'hidden_continuous_size': 22, 'attention_head_size': 3, 'learning_rate': 0.07553113427768711}. Best is trial 46 with value: 0.08207646757364273.
LOCAL_RANK: 0 - CUDA_VISIBLE_DEVICES: [0]
[I 2023-11-30 14:01:39,832] Trial 108 finished with value: 0.11584332585334778 and parameters: {'gradient_clip_val': 0.39465860934589203, 'hidden_size': 38, 'dropout': 0.26014058458590295, 'hidden_continuous_size': 11, 'attention_head_size': 1, 'learning_rate': 0.08439147083220482}. Best is trial 46 with value: 0.08207646757364273.
LOCAL_RANK: 0 - CUDA_VISIBLE_DEVICES: [0]
[I 2023-11-30 14:01:53,262] Trial 109 finished with value: 0.17698383331298828 and parameters: {'gradient_clip_val': 0.4980391128408308, 'hidden_size': 64, 'dropout': 0.23955335859624396, 'hidden_continuous_size': 18, 'attention_head_size': 2, 'learning_rate': 0.05841190715375547}. Best is trial 46 with value: 0.08207646757364273.
LOCAL_RANK: 0 - CUDA_VISIBLE_DEVICES: [0]
[I 2023-11-30 14:02:06,600] Trial 110 finished with value: 0.0923047885298729 and parameters: {'gradient_clip_val': 0.5633310321554567, 'hidden_size': 48, 'dropout': 0.14856898673833904, 'hidden_continuous_size': 24, 'attention_head_size': 3, 'learning_rate': 0.05076755718061599}. Best is trial 46 with value: 0.08207646757364273.
LOCAL_RANK: 0 - CUDA_VISIBLE_DEVICES: [0]
[I 2023-11-30 14:02:19,666] Trial 111 finished with value: 0.11190014332532883 and parameters: {'gradient_clip_val': 0.5652703846718373, 'hidden_size': 44, 'dropout': 0.1539378703229737, 'hidden_continuous_size': 25, 'attention_head_size': 3, 'learning_rate': 0.042319330574693344}. Best is trial 46 with value: 0.08207646757364273.
LOCAL_RANK: 0 - CUDA_VISIBLE_DEVICES: [0]
[I 2023-11-30 14:02:32,897] Trial 112 finished with value: 0.17269070446491241 and parameters: {'gradient_clip_val': 0.5399228395936853, 'hidden_size': 52, 'dropout': 0.14770243938485136, 'hidden_continuous_size': 23, 'attention_head_size': 3, 'learning_rate': 0.054923187470547}. Best is trial 46 with value: 0.08207646757364273.
LOCAL_RANK: 0 - CUDA_VISIBLE_DEVICES: [0]
[I 2023-11-30 14:02:46,160] Trial 113 finished with value: 0.11875589936971664 and parameters: {'gradient_clip_val': 0.4677619948564149, 'hidden_size': 49, 'dropout': 0.1639228982409393, 'hidden_continuous_size': 24, 'attention_head_size': 3, 'learning_rate': 0.04834576845823743}. Best is trial 46 with value: 0.08207646757364273.
LOCAL_RANK: 0 - CUDA_VISIBLE_DEVICES: [0]
[I 2023-11-30 14:02:59,456] Trial 114 finished with value: 0.15143194794654846 and parameters: {'gradient_clip_val': 0.5153610915556102, 'hidden_size': 46, 'dropout': 0.14108046415051748, 'hidden_continuous_size': 27, 'attention_head_size': 3, 'learning_rate': 0.06293908794504288}. Best is trial 46 with value: 0.08207646757364273.
LOCAL_RANK: 0 - CUDA_VISIBLE_DEVICES: [0]
[I 2023-11-30 14:03:12,845] Trial 115 finished with value: 0.14085373282432556 and parameters: {'gradient_clip_val': 0.5700215471489537, 'hidden_size': 43, 'dropout': 0.1262472087689143, 'hidden_continuous_size': 20, 'attention_head_size': 3, 'learning_rate': 0.038234978716530386}. Best is trial 46 with value: 0.08207646757364273.
LOCAL_RANK: 0 - CUDA_VISIBLE_DEVICES: [0]
[I 2023-11-30 14:03:25,840] Trial 116 finished with value: 0.15724924206733704 and parameters: {'gradient_clip_val': 0.44499156529071116, 'hidden_size': 40, 'dropout': 0.1348663808206416, 'hidden_continuous_size': 19, 'attention_head_size': 3, 'learning_rate': 0.07563998050810922}. Best is trial 46 with value: 0.08207646757364273.
LOCAL_RANK: 0 - CUDA_VISIBLE_DEVICES: [0]
[I 2023-11-30 14:03:39,416] Trial 117 finished with value: 0.13443174958229065 and parameters: {'gradient_clip_val': 0.5985221123501381, 'hidden_size': 58, 'dropout': 0.14462041546536847, 'hidden_continuous_size': 22, 'attention_head_size': 3, 'learning_rate': 0.05076724237894169}. Best is trial 46 with value: 0.08207646757364273.
LOCAL_RANK: 0 - CUDA_VISIBLE_DEVICES: [0]
[I 2023-11-30 14:03:52,590] Trial 118 finished with value: 0.18230409920215607 and parameters: {'gradient_clip_val': 0.37047969958656096, 'hidden_size': 48, 'dropout': 0.20248279926380994, 'hidden_continuous_size': 24, 'attention_head_size': 4, 'learning_rate': 0.04506471372684519}. Best is trial 46 with value: 0.08207646757364273.
LOCAL_RANK: 0 - CUDA_VISIBLE_DEVICES: [0]
[I 2023-11-30 14:04:05,981] Trial 119 finished with value: 0.09957513213157654 and parameters: {'gradient_clip_val': 0.5246282317049514, 'hidden_size': 53, 'dropout': 0.15739304832203566, 'hidden_continuous_size': 26, 'attention_head_size': 2, 'learning_rate': 0.09125050470675918}. Best is trial 46 with value: 0.08207646757364273.
LOCAL_RANK: 0 - CUDA_VISIBLE_DEVICES: [0]
[I 2023-11-30 14:04:19,370] Trial 120 finished with value: 0.11699023097753525 and parameters: {'gradient_clip_val': 0.5313265519662603, 'hidden_size': 52, 'dropout': 0.15367628616598844, 'hidden_continuous_size': 28, 'attention_head_size': 2, 'learning_rate': 0.0902223527265947}. Best is trial 46 with value: 0.08207646757364273.
LOCAL_RANK: 0 - CUDA_VISIBLE_DEVICES: [0]
[I 2023-11-30 14:04:32,583] Trial 121 finished with value: 0.1654021441936493 and parameters: {'gradient_clip_val': 0.48237821628231664, 'hidden_size': 45, 'dropout': 0.1581300335955133, 'hidden_continuous_size': 26, 'attention_head_size': 2, 'learning_rate': 0.08512266286267862}. Best is trial 46 with value: 0.08207646757364273.
LOCAL_RANK: 0 - CUDA_VISIBLE_DEVICES: [0]
[I 2023-11-30 14:04:46,182] Trial 122 finished with value: 0.13729117810726166 and parameters: {'gradient_clip_val': 0.4197974368658352, 'hidden_size': 55, 'dropout': 0.17658947472559366, 'hidden_continuous_size': 30, 'attention_head_size': 2, 'learning_rate': 0.09983929892981444}. Best is trial 46 with value: 0.08207646757364273.
LOCAL_RANK: 0 - CUDA_VISIBLE_DEVICES: [0]
[I 2023-11-30 14:04:59,756] Trial 123 finished with value: 0.1531449407339096 and parameters: {'gradient_clip_val': 0.44810012561998697, 'hidden_size': 62, 'dropout': 0.1359506482617678, 'hidden_continuous_size': 23, 'attention_head_size': 2, 'learning_rate': 0.06800119017281757}. Best is trial 46 with value: 0.08207646757364273.
LOCAL_RANK: 0 - CUDA_VISIBLE_DEVICES: [0]
[I 2023-11-30 14:05:13,412] Trial 124 finished with value: 0.10638546198606491 and parameters: {'gradient_clip_val': 0.49526777199363575, 'hidden_size': 49, 'dropout': 0.16846862066580257, 'hidden_continuous_size': 39, 'attention_head_size': 3, 'learning_rate': 0.0754317116260786}. Best is trial 46 with value: 0.08207646757364273.
LOCAL_RANK: 0 - CUDA_VISIBLE_DEVICES: [0]
[I 2023-11-30 14:05:27,917] Trial 125 finished with value: 0.1505606323480606 and parameters: {'gradient_clip_val': 0.5185475065882232, 'hidden_size': 59, 'dropout': 0.1729549855651961, 'hidden_continuous_size': 21, 'attention_head_size': 2, 'learning_rate': 0.058551404552447284}. Best is trial 46 with value: 0.08207646757364273.
LOCAL_RANK: 0 - CUDA_VISIBLE_DEVICES: [0]
[I 2023-11-30 14:05:42,042] Trial 126 finished with value: 0.09367304295301437 and parameters: {'gradient_clip_val': 0.47168464535738, 'hidden_size': 41, 'dropout': 0.14943214640138572, 'hidden_continuous_size': 31, 'attention_head_size': 1, 'learning_rate': 0.08239987552992378}. Best is trial 46 with value: 0.08207646757364273.
LOCAL_RANK: 0 - CUDA_VISIBLE_DEVICES: [0]
[I 2023-11-30 14:05:54,901] Trial 127 finished with value: 0.1349058896303177 and parameters: {'gradient_clip_val': 0.5581119798362512, 'hidden_size': 41, 'dropout': 0.1459364478286338, 'hidden_continuous_size': 25, 'attention_head_size': 1, 'learning_rate': 0.0918313262750715}. Best is trial 46 with value: 0.08207646757364273.
LOCAL_RANK: 0 - CUDA_VISIBLE_DEVICES: [0]
[I 2023-11-30 14:06:07,686] Trial 128 finished with value: 0.1573246866464615 and parameters: {'gradient_clip_val': 0.4752042574915042, 'hidden_size': 36, 'dropout': 0.150344416451207, 'hidden_continuous_size': 20, 'attention_head_size': 1, 'learning_rate': 0.0825645843375663}. Best is trial 46 with value: 0.08207646757364273.
LOCAL_RANK: 0 - CUDA_VISIBLE_DEVICES: [0]
[I 2023-11-30 14:06:20,682] Trial 129 finished with value: 0.15436315536499023 and parameters: {'gradient_clip_val': 0.6267320780341508, 'hidden_size': 38, 'dropout': 0.12686990547034635, 'hidden_continuous_size': 29, 'attention_head_size': 1, 'learning_rate': 0.07034457922858492}. Best is trial 46 with value: 0.08207646757364273.
LOCAL_RANK: 0 - CUDA_VISIBLE_DEVICES: [0]
[I 2023-11-30 14:06:34,000] Trial 130 finished with value: 0.11344790458679199 and parameters: {'gradient_clip_val': 0.6627086099198384, 'hidden_size': 46, 'dropout': 0.1384156194718046, 'hidden_continuous_size': 31, 'attention_head_size': 1, 'learning_rate': 0.06490273201775593}. Best is trial 46 with value: 0.08207646757364273.
LOCAL_RANK: 0 - CUDA_VISIBLE_DEVICES: [0]
[I 2023-11-30 14:06:47,439] Trial 131 finished with value: 0.14176827669143677 and parameters: {'gradient_clip_val': 0.45905863319690726, 'hidden_size': 43, 'dropout': 0.1639550777721442, 'hidden_continuous_size': 34, 'attention_head_size': 1, 'learning_rate': 0.07615522698999277}. Best is trial 46 with value: 0.08207646757364273.
LOCAL_RANK: 0 - CUDA_VISIBLE_DEVICES: [0]
[I 2023-11-30 14:07:00,910] Trial 132 finished with value: 0.10980388522148132 and parameters: {'gradient_clip_val': 0.42891576379960594, 'hidden_size': 51, 'dropout': 0.18293630780936104, 'hidden_continuous_size': 27, 'attention_head_size': 3, 'learning_rate': 0.09046592550684501}. Best is trial 46 with value: 0.08207646757364273.
LOCAL_RANK: 0 - CUDA_VISIBLE_DEVICES: [0]
[I 2023-11-30 14:07:14,585] Trial 133 finished with value: 0.15381568670272827 and parameters: {'gradient_clip_val': 0.28745988996152355, 'hidden_size': 54, 'dropout': 0.15958221182117688, 'hidden_continuous_size': 37, 'attention_head_size': 2, 'learning_rate': 0.08249496200896131}. Best is trial 46 with value: 0.08207646757364273.
LOCAL_RANK: 0 - CUDA_VISIBLE_DEVICES: [0]
[I 2023-11-30 14:07:27,827] Trial 134 finished with value: 0.1683843582868576 and parameters: {'gradient_clip_val': 0.48951093166548065, 'hidden_size': 47, 'dropout': 0.12112718787962157, 'hidden_continuous_size': 15, 'attention_head_size': 4, 'learning_rate': 0.034057489010126334}. Best is trial 46 with value: 0.08207646757364273.
LOCAL_RANK: 0 - CUDA_VISIBLE_DEVICES: [0]
[I 2023-11-30 14:07:42,194] Trial 135 finished with value: 0.24425166845321655 and parameters: {'gradient_clip_val': 0.5335535225304107, 'hidden_size': 102, 'dropout': 0.25071659082934694, 'hidden_continuous_size': 31, 'attention_head_size': 3, 'learning_rate': 0.06096683333577324}. Best is trial 46 with value: 0.08207646757364273.
LOCAL_RANK: 0 - CUDA_VISIBLE_DEVICES: [0]
[I 2023-11-30 14:07:56,110] Trial 136 finished with value: 0.24750249087810516 and parameters: {'gradient_clip_val': 0.40045537333210474, 'hidden_size': 81, 'dropout': 0.15155550245871485, 'hidden_continuous_size': 45, 'attention_head_size': 1, 'learning_rate': 0.09960473091432104}. Best is trial 46 with value: 0.08207646757364273.
LOCAL_RANK: 0 - CUDA_VISIBLE_DEVICES: [0]
[I 2023-11-30 14:08:10,230] Trial 137 finished with value: 0.1971064954996109 and parameters: {'gradient_clip_val': 0.3237161172559111, 'hidden_size': 117, 'dropout': 0.22725912195760178, 'hidden_continuous_size': 32, 'attention_head_size': 2, 'learning_rate': 0.06924542021671865}. Best is trial 46 with value: 0.08207646757364273.
LOCAL_RANK: 0 - CUDA_VISIBLE_DEVICES: [0]
[I 2023-11-30 14:08:24,183] Trial 138 finished with value: 0.22159524261951447 and parameters: {'gradient_clip_val': 0.5879217061646859, 'hidden_size': 90, 'dropout': 0.11011513133690341, 'hidden_continuous_size': 28, 'attention_head_size': 3, 'learning_rate': 0.05167010871909045}. Best is trial 46 with value: 0.08207646757364273.
LOCAL_RANK: 0 - CUDA_VISIBLE_DEVICES: [0]
