[I 2023-11-29 21:38:27,595] Trial 103 finished with value: 0.16580167412757874 and parameters: {'gradient_clip_val': 0.876511125561333, 'hidden_size': 95, 'dropout': 0.11901926151418082, 'hidden_continuous_size': 23, 'attention_head_size': 2, 'learning_rate': 0.016827961771707995}. Best is trial 45 with value: 0.11190720647573471.
LOCAL_RANK: 0 - CUDA_VISIBLE_DEVICES: [0]
[I 2023-11-29 21:38:41,189] Trial 104 finished with value: 0.17358694970607758 and parameters: {'gradient_clip_val': 0.9514054657316011, 'hidden_size': 79, 'dropout': 0.15058071328553932, 'hidden_continuous_size': 26, 'attention_head_size': 2, 'learning_rate': 0.021571181140438878}. Best is trial 45 with value: 0.11190720647573471.
LOCAL_RANK: 0 - CUDA_VISIBLE_DEVICES: [0]
[I 2023-11-29 21:38:54,746] Trial 105 finished with value: 0.19845479726791382 and parameters: {'gradient_clip_val': 0.6789874410473079, 'hidden_size': 64, 'dropout': 0.13299406971830002, 'hidden_continuous_size': 33, 'attention_head_size': 2, 'learning_rate': 0.014811622928284588}. Best is trial 45 with value: 0.11190720647573471.
LOCAL_RANK: 0 - CUDA_VISIBLE_DEVICES: [0]
[I 2023-11-29 21:39:08,395] Trial 106 finished with value: 0.2944891154766083 and parameters: {'gradient_clip_val': 0.9981890343967211, 'hidden_size': 68, 'dropout': 0.10731605875942479, 'hidden_continuous_size': 30, 'attention_head_size': 3, 'learning_rate': 0.02807992936843841}. Best is trial 45 with value: 0.11190720647573471.
LOCAL_RANK: 0 - CUDA_VISIBLE_DEVICES: [0]
[I 2023-11-29 21:39:22,210] Trial 107 finished with value: 0.15268519520759583 and parameters: {'gradient_clip_val': 0.7196919272555163, 'hidden_size': 74, 'dropout': 0.12486853331203614, 'hidden_continuous_size': 28, 'attention_head_size': 2, 'learning_rate': 0.024849663494711724}. Best is trial 45 with value: 0.11190720647573471.
LOCAL_RANK: 0 - CUDA_VISIBLE_DEVICES: [0]
[I 2023-11-29 21:39:36,406] Trial 108 finished with value: 0.13650599122047424 and parameters: {'gradient_clip_val': 0.838917300355738, 'hidden_size': 85, 'dropout': 0.1420451100551359, 'hidden_continuous_size': 37, 'attention_head_size': 3, 'learning_rate': 0.019370698011557184}. Best is trial 45 with value: 0.11190720647573471.
LOCAL_RANK: 0 - CUDA_VISIBLE_DEVICES: [0]
[I 2023-11-29 21:39:50,416] Trial 109 finished with value: 0.14905188977718353 and parameters: {'gradient_clip_val': 0.6346010477690752, 'hidden_size': 92, 'dropout': 0.15862939551375382, 'hidden_continuous_size': 42, 'attention_head_size': 2, 'learning_rate': 0.03396710734062235}. Best is trial 45 with value: 0.11190720647573471.
LOCAL_RANK: 0 - CUDA_VISIBLE_DEVICES: [0]
[I 2023-11-29 21:40:04,475] Trial 110 finished with value: 0.19673776626586914 and parameters: {'gradient_clip_val': 0.7718226602911047, 'hidden_size': 107, 'dropout': 0.11395635961604757, 'hidden_continuous_size': 25, 'attention_head_size': 2, 'learning_rate': 0.02347549676214839}. Best is trial 45 with value: 0.11190720647573471.
LOCAL_RANK: 0 - CUDA_VISIBLE_DEVICES: [0]
[I 2023-11-29 21:40:18,557] Trial 111 finished with value: 0.14665138721466064 and parameters: {'gradient_clip_val': 0.6058091042840968, 'hidden_size': 87, 'dropout': 0.10892727797430897, 'hidden_continuous_size': 34, 'attention_head_size': 3, 'learning_rate': 0.030253872311823818}. Best is trial 45 with value: 0.11190720647573471.
LOCAL_RANK: 0 - CUDA_VISIBLE_DEVICES: [0]
[I 2023-11-29 21:40:32,697] Trial 112 finished with value: 0.26150721311569214 and parameters: {'gradient_clip_val': 0.5729906333201511, 'hidden_size': 98, 'dropout': 0.12906770842931506, 'hidden_continuous_size': 39, 'attention_head_size': 2, 'learning_rate': 0.04174736723845121}. Best is trial 45 with value: 0.11190720647573471.
LOCAL_RANK: 0 - CUDA_VISIBLE_DEVICES: [0]
[I 2023-11-29 21:40:46,784] Trial 113 finished with value: 0.31863099336624146 and parameters: {'gradient_clip_val': 0.8894374438438155, 'hidden_size': 81, 'dropout': 0.12063873638740165, 'hidden_continuous_size': 40, 'attention_head_size': 2, 'learning_rate': 0.036033435621976334}. Best is trial 45 with value: 0.11190720647573471.
LOCAL_RANK: 0 - CUDA_VISIBLE_DEVICES: [0]
[I 2023-11-29 21:41:00,684] Trial 114 finished with value: 0.18360286951065063 and parameters: {'gradient_clip_val': 0.5499483501157744, 'hidden_size': 70, 'dropout': 0.14529710037388682, 'hidden_continuous_size': 36, 'attention_head_size': 3, 'learning_rate': 0.017624607215247425}. Best is trial 45 with value: 0.11190720647573471.
LOCAL_RANK: 0 - CUDA_VISIBLE_DEVICES: [0]
[I 2023-11-29 21:41:14,410] Trial 115 finished with value: 0.17055179178714752 and parameters: {'gradient_clip_val': 0.6624669508093906, 'hidden_size': 77, 'dropout': 0.1039451480577684, 'hidden_continuous_size': 31, 'attention_head_size': 2, 'learning_rate': 0.027215633765273004}. Best is trial 45 with value: 0.11190720647573471.
LOCAL_RANK: 0 - CUDA_VISIBLE_DEVICES: [0]
[I 2023-11-29 21:41:28,502] Trial 116 finished with value: 0.21132619678974152 and parameters: {'gradient_clip_val': 0.7434989845798949, 'hidden_size': 89, 'dropout': 0.13792519076075332, 'hidden_continuous_size': 40, 'attention_head_size': 3, 'learning_rate': 0.021459930882239426}. Best is trial 45 with value: 0.11190720647573471.
LOCAL_RANK: 0 - CUDA_VISIBLE_DEVICES: [0]
[I 2023-11-29 21:41:42,633] Trial 117 finished with value: 0.11015335470438004 and parameters: {'gradient_clip_val': 0.8442407756669303, 'hidden_size': 101, 'dropout': 0.11677041584699101, 'hidden_continuous_size': 38, 'attention_head_size': 2, 'learning_rate': 0.03179753818332664}. Best is trial 117 with value: 0.11015335470438004.
LOCAL_RANK: 0 - CUDA_VISIBLE_DEVICES: [0]
[I 2023-11-29 21:41:57,019] Trial 118 finished with value: 0.1920432597398758 and parameters: {'gradient_clip_val': 0.8477162864364504, 'hidden_size': 113, 'dropout': 0.12451798822126772, 'hidden_continuous_size': 37, 'attention_head_size': 2, 'learning_rate': 0.02487361394922916}. Best is trial 117 with value: 0.11015335470438004.
LOCAL_RANK: 0 - CUDA_VISIBLE_DEVICES: [0]
[I 2023-11-29 21:42:11,124] Trial 119 finished with value: 0.16933564841747284 and parameters: {'gradient_clip_val': 0.7990777345878343, 'hidden_size': 101, 'dropout': 0.1133495582595743, 'hidden_continuous_size': 44, 'attention_head_size': 2, 'learning_rate': 0.03099338857214412}. Best is trial 117 with value: 0.11015335470438004.
LOCAL_RANK: 0 - CUDA_VISIBLE_DEVICES: [0]
[I 2023-11-29 21:42:24,850] Trial 120 finished with value: 0.242618128657341 and parameters: {'gradient_clip_val': 0.9374942430936049, 'hidden_size': 74, 'dropout': 0.11780121686770166, 'hidden_continuous_size': 32, 'attention_head_size': 2, 'learning_rate': 0.03276142232211742}. Best is trial 117 with value: 0.11015335470438004.
LOCAL_RANK: 0 - CUDA_VISIBLE_DEVICES: [0]
[I 2023-11-29 21:42:38,660] Trial 121 finished with value: 0.3099881112575531 and parameters: {'gradient_clip_val': 0.9082505829422604, 'hidden_size': 82, 'dropout': 0.1326523295938198, 'hidden_continuous_size': 33, 'attention_head_size': 2, 'learning_rate': 0.053241412004579415}. Best is trial 117 with value: 0.11015335470438004.
LOCAL_RANK: 0 - CUDA_VISIBLE_DEVICES: [0]
[I 2023-11-29 21:42:52,685] Trial 122 finished with value: 0.25584647059440613 and parameters: {'gradient_clip_val': 0.6999882476062638, 'hidden_size': 93, 'dropout': 0.10745903983688977, 'hidden_continuous_size': 39, 'attention_head_size': 1, 'learning_rate': 0.04425996127816576}. Best is trial 117 with value: 0.11015335470438004.
LOCAL_RANK: 0 - CUDA_VISIBLE_DEVICES: [0]
[I 2023-11-29 21:43:06,842] Trial 123 finished with value: 0.16745078563690186 and parameters: {'gradient_clip_val': 0.8161508384878327, 'hidden_size': 87, 'dropout': 0.16917823141884197, 'hidden_continuous_size': 35, 'attention_head_size': 2, 'learning_rate': 0.023318975703036385}. Best is trial 117 with value: 0.11015335470438004.
LOCAL_RANK: 0 - CUDA_VISIBLE_DEVICES: [0]
[I 2023-11-29 21:43:20,974] Trial 124 finished with value: 0.2935219705104828 and parameters: {'gradient_clip_val': 0.7676145710695327, 'hidden_size': 100, 'dropout': 0.1001386024875257, 'hidden_continuous_size': 38, 'attention_head_size': 3, 'learning_rate': 0.035567158610904016}. Best is trial 117 with value: 0.11015335470438004.
LOCAL_RANK: 0 - CUDA_VISIBLE_DEVICES: [0]
[I 2023-11-29 21:43:35,062] Trial 125 finished with value: 0.24018897116184235 and parameters: {'gradient_clip_val': 0.8523025799168167, 'hidden_size': 108, 'dropout': 0.12703753702842716, 'hidden_continuous_size': 41, 'attention_head_size': 2, 'learning_rate': 0.019813030481161578}. Best is trial 117 with value: 0.11015335470438004.
LOCAL_RANK: 0 - CUDA_VISIBLE_DEVICES: [0]
[I 2023-11-29 21:43:48,946] Trial 126 finished with value: 0.3270951211452484 and parameters: {'gradient_clip_val': 0.9639237797348242, 'hidden_size': 83, 'dropout': 0.3831559453024221, 'hidden_continuous_size': 27, 'attention_head_size': 3, 'learning_rate': 0.027133134822047572}. Best is trial 117 with value: 0.11015335470438004.
LOCAL_RANK: 0 - CUDA_VISIBLE_DEVICES: [0]
[I 2023-11-29 21:44:02,508] Trial 127 finished with value: 0.21573734283447266 and parameters: {'gradient_clip_val': 0.5201449642132144, 'hidden_size': 72, 'dropout': 0.18861427197019473, 'hidden_continuous_size': 28, 'attention_head_size': 2, 'learning_rate': 0.0399933554124957}. Best is trial 117 with value: 0.11015335470438004.
LOCAL_RANK: 0 - CUDA_VISIBLE_DEVICES: [0]
[I 2023-11-29 21:44:16,442] Trial 128 finished with value: 0.25604405999183655 and parameters: {'gradient_clip_val': 0.6417462613283382, 'hidden_size': 78, 'dropout': 0.11400847322917283, 'hidden_continuous_size': 31, 'attention_head_size': 3, 'learning_rate': 0.04784102117401116}. Best is trial 117 with value: 0.11015335470438004.
LOCAL_RANK: 0 - CUDA_VISIBLE_DEVICES: [0]
[I 2023-11-29 21:44:30,450] Trial 129 finished with value: 0.11695542186498642 and parameters: {'gradient_clip_val': 0.7092694938157625, 'hidden_size': 95, 'dropout': 0.14701475704895905, 'hidden_continuous_size': 35, 'attention_head_size': 1, 'learning_rate': 0.01679505985959485}. Best is trial 117 with value: 0.11015335470438004.
LOCAL_RANK: 0 - CUDA_VISIBLE_DEVICES: [0]
[I 2023-11-29 21:44:44,575] Trial 130 finished with value: 0.1322726458311081 and parameters: {'gradient_clip_val': 0.7228625031400128, 'hidden_size': 118, 'dropout': 0.13683974459204817, 'hidden_continuous_size': 35, 'attention_head_size': 1, 'learning_rate': 0.015586751338955776}. Best is trial 117 with value: 0.11015335470438004.
LOCAL_RANK: 0 - CUDA_VISIBLE_DEVICES: [0]
[I 2023-11-29 21:44:58,786] Trial 131 finished with value: 0.16566410660743713 and parameters: {'gradient_clip_val': 0.730589619643983, 'hidden_size': 119, 'dropout': 0.14334513871325108, 'hidden_continuous_size': 35, 'attention_head_size': 1, 'learning_rate': 0.017242746825542374}. Best is trial 117 with value: 0.11015335470438004.
LOCAL_RANK: 0 - CUDA_VISIBLE_DEVICES: [0]
[I 2023-11-29 21:45:12,890] Trial 132 finished with value: 0.227523073554039 and parameters: {'gradient_clip_val': 0.7067002983231218, 'hidden_size': 105, 'dropout': 0.13646666987163392, 'hidden_continuous_size': 33, 'attention_head_size': 1, 'learning_rate': 0.015761609220435964}. Best is trial 117 with value: 0.11015335470438004.
LOCAL_RANK: 0 - CUDA_VISIBLE_DEVICES: [0]
[I 2023-11-29 21:45:26,814] Trial 133 finished with value: 0.1363009214401245 and parameters: {'gradient_clip_val': 0.6685858568906601, 'hidden_size': 96, 'dropout': 0.1504668238242488, 'hidden_continuous_size': 30, 'attention_head_size': 1, 'learning_rate': 0.021012117550414506}. Best is trial 117 with value: 0.11015335470438004.
LOCAL_RANK: 0 - CUDA_VISIBLE_DEVICES: [0]
[I 2023-11-29 21:45:40,943] Trial 134 finished with value: 0.16425271332263947 and parameters: {'gradient_clip_val': 0.7640028375520961, 'hidden_size': 110, 'dropout': 0.12002499415319193, 'hidden_continuous_size': 36, 'attention_head_size': 1, 'learning_rate': 0.017799521845884098}. Best is trial 117 with value: 0.11015335470438004.
LOCAL_RANK: 0 - CUDA_VISIBLE_DEVICES: [0]
[I 2023-11-29 21:45:55,024] Trial 135 finished with value: 0.37172698974609375 and parameters: {'gradient_clip_val': 0.7843404672245676, 'hidden_size': 122, 'dropout': 0.12712967979621037, 'hidden_continuous_size': 29, 'attention_head_size': 1, 'learning_rate': 0.014015275569556424}. Best is trial 117 with value: 0.11015335470438004.
LOCAL_RANK: 0 - CUDA_VISIBLE_DEVICES: [0]
[I 2023-11-29 21:46:09,093] Trial 136 finished with value: 0.1817845106124878 and parameters: {'gradient_clip_val': 0.6204459993966075, 'hidden_size': 114, 'dropout': 0.13332527529540564, 'hidden_continuous_size': 34, 'attention_head_size': 1, 'learning_rate': 0.01899875599832276}. Best is trial 117 with value: 0.11015335470438004.
LOCAL_RANK: 0 - CUDA_VISIBLE_DEVICES: [0]
[I 2023-11-29 21:46:22,849] Trial 137 finished with value: 0.20515644550323486 and parameters: {'gradient_clip_val': 0.6902429336410377, 'hidden_size': 90, 'dropout': 0.15628623783699308, 'hidden_continuous_size': 31, 'attention_head_size': 1, 'learning_rate': 0.021877702302950414}. Best is trial 117 with value: 0.11015335470438004.
LOCAL_RANK: 0 - CUDA_VISIBLE_DEVICES: [0]
[I 2023-11-29 21:46:36,607] Trial 138 finished with value: 0.24271585047245026 and parameters: {'gradient_clip_val': 0.8286145158894372, 'hidden_size': 65, 'dropout': 0.11037884978380759, 'hidden_continuous_size': 32, 'attention_head_size': 1, 'learning_rate': 0.01231629744619999}. Best is trial 117 with value: 0.11015335470438004.
LOCAL_RANK: 0 - CUDA_VISIBLE_DEVICES: [0]
[I 2023-11-29 21:46:50,570] Trial 139 finished with value: 0.2599374055862427 and parameters: {'gradient_clip_val': 0.7401989323934073, 'hidden_size': 96, 'dropout': 0.14676648450268964, 'hidden_continuous_size': 37, 'attention_head_size': 3, 'learning_rate': 0.015324682770963305}. Best is trial 117 with value: 0.11015335470438004.
LOCAL_RANK: 0 - CUDA_VISIBLE_DEVICES: [0]
[I 2023-11-29 21:47:03,480] Trial 140 finished with value: 0.1610269844532013 and parameters: {'gradient_clip_val': 0.5894014353729651, 'hidden_size': 35, 'dropout': 0.1403302029104324, 'hidden_continuous_size': 33, 'attention_head_size': 1, 'learning_rate': 0.025773926651057908}. Best is trial 117 with value: 0.11015335470438004.
LOCAL_RANK: 0 - CUDA_VISIBLE_DEVICES: [0]
[I 2023-11-29 21:47:17,525] Trial 141 finished with value: 0.1777549386024475 and parameters: {'gradient_clip_val': 0.8788591737326044, 'hidden_size': 86, 'dropout': 0.39576825604155624, 'hidden_continuous_size': 42, 'attention_head_size': 2, 'learning_rate': 0.010903353531370818}. Best is trial 117 with value: 0.11015335470438004.
LOCAL_RANK: 0 - CUDA_VISIBLE_DEVICES: [0]
[I 2023-11-29 21:47:31,486] Trial 142 finished with value: 0.15820644795894623 and parameters: {'gradient_clip_val': 0.5572250833336027, 'hidden_size': 79, 'dropout': 0.12523452133331378, 'hidden_continuous_size': 38, 'attention_head_size': 2, 'learning_rate': 0.024348492378362188}. Best is trial 117 with value: 0.11015335470438004.
LOCAL_RANK: 0 - CUDA_VISIBLE_DEVICES: [0]
[I 2023-11-29 21:47:45,632] Trial 143 finished with value: 0.3236531913280487 and parameters: {'gradient_clip_val': 0.6530244504396083, 'hidden_size': 104, 'dropout': 0.11961023188672462, 'hidden_continuous_size': 44, 'attention_head_size': 1, 'learning_rate': 0.01648283115415756}. Best is trial 117 with value: 0.11015335470438004.
LOCAL_RANK: 0 - CUDA_VISIBLE_DEVICES: [0]
[I 2023-11-29 21:47:59,602] Trial 144 finished with value: 0.09635627269744873 and parameters: {'gradient_clip_val': 0.9129939500426719, 'hidden_size': 92, 'dropout': 0.13132507804647728, 'hidden_continuous_size': 35, 'attention_head_size': 2, 'learning_rate': 0.022584819427131364}. Best is trial 144 with value: 0.09635627269744873.
LOCAL_RANK: 0 - CUDA_VISIBLE_DEVICES: [0]
[I 2023-11-29 21:48:13,620] Trial 145 finished with value: 0.23298688232898712 and parameters: {'gradient_clip_val': 0.928440130105191, 'hidden_size': 98, 'dropout': 0.1322419618489612, 'hidden_continuous_size': 30, 'attention_head_size': 2, 'learning_rate': 0.02053571469294519}. Best is trial 144 with value: 0.09635627269744873.
LOCAL_RANK: 0 - CUDA_VISIBLE_DEVICES: [0]
[I 2023-11-29 21:48:27,714] Trial 146 finished with value: 0.152432382106781 and parameters: {'gradient_clip_val': 0.8500460013942692, 'hidden_size': 93, 'dropout': 0.13792500409367175, 'hidden_continuous_size': 35, 'attention_head_size': 2, 'learning_rate': 0.028662475617397754}. Best is trial 144 with value: 0.09635627269744873.
LOCAL_RANK: 0 - CUDA_VISIBLE_DEVICES: [0]
[I 2023-11-29 21:48:41,524] Trial 147 finished with value: 0.27304473519325256 and parameters: {'gradient_clip_val': 0.798489777719655, 'hidden_size': 83, 'dropout': 0.1052798898904788, 'hidden_continuous_size': 32, 'attention_head_size': 2, 'learning_rate': 0.022583193832584926}. Best is trial 144 with value: 0.09635627269744873.
LOCAL_RANK: 0 - CUDA_VISIBLE_DEVICES: [0]
[I 2023-11-29 21:48:55,530] Trial 148 finished with value: 0.24473927915096283 and parameters: {'gradient_clip_val': 0.9047684917577936, 'hidden_size': 74, 'dropout': 0.1553942318976651, 'hidden_continuous_size': 34, 'attention_head_size': 3, 'learning_rate': 0.018594751445970392}. Best is trial 144 with value: 0.09635627269744873.
LOCAL_RANK: 0 - CUDA_VISIBLE_DEVICES: [0]
[I 2023-11-29 21:49:09,194] Trial 149 finished with value: 0.1942284107208252 and parameters: {'gradient_clip_val': 0.7136336747426025, 'hidden_size': 58, 'dropout': 0.11627146945322771, 'hidden_continuous_size': 34, 'attention_head_size': 2, 'learning_rate': 0.025126803680355973}. Best is trial 144 with value: 0.09635627269744873.
[I 2023-11-29 21:49:09,304] A new study created in memory with name: no-name-0e413d5e-da2b-4d91-9bfd-81becf00dda1
/home/le004/conda/anaconda3/envs/tsff_env/lib/python3.9/site-packages/lightning/fabric/plugins/environments/slurm.py:191: The `srun` command is available on your system but is not used. HINT: If your intention is to run Lightning on SLURM, prepend your python command with `srun` like so: srun python /home/le004/master_thesis/git/TSFusionForecast/code/ ...
LOCAL_RANK: 0 - CUDA_VISIBLE_DEVICES: [0]
[I 2023-11-29 21:49:23,314] Trial 0 finished with value: 0.4089917838573456 and parameters: {'gradient_clip_val': 0.13689788485042934, 'hidden_size': 96, 'dropout': 0.38878602736535983, 'hidden_continuous_size': 67, 'attention_head_size': 1, 'learning_rate': 0.002834208955384689}. Best is trial 0 with value: 0.4089917838573456.
LOCAL_RANK: 0 - CUDA_VISIBLE_DEVICES: [0]
[I 2023-11-29 21:49:35,587] Trial 1 finished with value: 0.1581284999847412 and parameters: {'gradient_clip_val': 0.1422317833461524, 'hidden_size': 12, 'dropout': 0.20157441508873247, 'hidden_continuous_size': 11, 'attention_head_size': 4, 'learning_rate': 0.04499383696786336}. Best is trial 1 with value: 0.1581284999847412.
LOCAL_RANK: 0 - CUDA_VISIBLE_DEVICES: [0]
[I 2023-11-29 21:49:47,984] Trial 2 finished with value: 1.6292648315429688 and parameters: {'gradient_clip_val': 0.7980501947436355, 'hidden_size': 15, 'dropout': 0.379054250786798, 'hidden_continuous_size': 10, 'attention_head_size': 2, 'learning_rate': 0.0010557815060631887}. Best is trial 1 with value: 0.1581284999847412.
LOCAL_RANK: 0 - CUDA_VISIBLE_DEVICES: [0]
[I 2023-11-29 21:49:58,511] Trial 3 finished with value: 0.1803358942270279 and parameters: {'gradient_clip_val': 0.5686413383796375, 'hidden_size': 16, 'dropout': 0.34276855081192853, 'hidden_continuous_size': 16, 'attention_head_size': 1, 'learning_rate': 0.05746815069937524}. Best is trial 1 with value: 0.1581284999847412.
LOCAL_RANK: 0 - CUDA_VISIBLE_DEVICES: [0]
[I 2023-11-29 21:50:08,961] Trial 4 finished with value: 1.5191227197647095 and parameters: {'gradient_clip_val': 0.11483196770223808, 'hidden_size': 10, 'dropout': 0.18772532174550893, 'hidden_continuous_size': 10, 'attention_head_size': 2, 'learning_rate': 0.0032936888639747415}. Best is trial 1 with value: 0.1581284999847412.
LOCAL_RANK: 0 - CUDA_VISIBLE_DEVICES: [0]
[I 2023-11-29 21:50:22,407] Trial 5 finished with value: 0.32347801327705383 and parameters: {'gradient_clip_val': 0.3324748900820236, 'hidden_size': 53, 'dropout': 0.12424737211307431, 'hidden_continuous_size': 21, 'attention_head_size': 3, 'learning_rate': 0.004264245584589382}. Best is trial 1 with value: 0.1581284999847412.
LOCAL_RANK: 0 - CUDA_VISIBLE_DEVICES: [0]
[I 2023-11-29 21:50:34,694] Trial 6 finished with value: 1.6396061182022095 and parameters: {'gradient_clip_val': 0.20021773948648205, 'hidden_size': 13, 'dropout': 0.25758401170769796, 'hidden_continuous_size': 11, 'attention_head_size': 1, 'learning_rate': 0.004909371643138197}. Best is trial 1 with value: 0.1581284999847412.
LOCAL_RANK: 0 - CUDA_VISIBLE_DEVICES: [0]
[I 2023-11-29 21:50:49,141] Trial 7 finished with value: 0.3501710891723633 and parameters: {'gradient_clip_val': 0.3081902086906606, 'hidden_size': 97, 'dropout': 0.11545061795060532, 'hidden_continuous_size': 48, 'attention_head_size': 4, 'learning_rate': 0.014447043859532771}. Best is trial 1 with value: 0.1581284999847412.
LOCAL_RANK: 0 - CUDA_VISIBLE_DEVICES: [0]
[I 2023-11-29 21:51:01,927] Trial 8 finished with value: 0.1550876647233963 and parameters: {'gradient_clip_val': 0.8548995899575912, 'hidden_size': 25, 'dropout': 0.22757075784291345, 'hidden_continuous_size': 19, 'attention_head_size': 4, 'learning_rate': 0.08483304119533562}. Best is trial 8 with value: 0.1550876647233963.
LOCAL_RANK: 0 - CUDA_VISIBLE_DEVICES: [0]
[I 2023-11-29 21:51:15,189] Trial 9 finished with value: 0.6538998484611511 and parameters: {'gradient_clip_val': 0.45878279684580564, 'hidden_size': 58, 'dropout': 0.11492925007988619, 'hidden_continuous_size': 22, 'attention_head_size': 1, 'learning_rate': 0.0020762055499095305}. Best is trial 8 with value: 0.1550876647233963.
LOCAL_RANK: 0 - CUDA_VISIBLE_DEVICES: [0]
