[I 2023-11-30 04:47:00,385] Trial 56 finished with value: 0.043340038508176804 and parameters: {'gradient_clip_val': 0.12758639644222186, 'hidden_size': 61, 'dropout': 0.1709011829607681, 'hidden_continuous_size': 19, 'attention_head_size': 2, 'learning_rate': 0.04455057318435344}. Best is trial 49 with value: 0.04151601344347.
LOCAL_RANK: 0 - CUDA_VISIBLE_DEVICES: [0]
[I 2023-11-30 04:47:13,216] Trial 57 finished with value: 0.05005718395113945 and parameters: {'gradient_clip_val': 0.12770578806228364, 'hidden_size': 40, 'dropout': 0.1718115154951884, 'hidden_continuous_size': 22, 'attention_head_size': 2, 'learning_rate': 0.06456693420760913}. Best is trial 49 with value: 0.04151601344347.
LOCAL_RANK: 0 - CUDA_VISIBLE_DEVICES: [0]
[I 2023-11-30 04:47:26,840] Trial 58 finished with value: 0.08187767118215561 and parameters: {'gradient_clip_val': 0.11689108487393753, 'hidden_size': 60, 'dropout': 0.19168301962866197, 'hidden_continuous_size': 26, 'attention_head_size': 2, 'learning_rate': 0.08283394715322388}. Best is trial 49 with value: 0.04151601344347.
LOCAL_RANK: 0 - CUDA_VISIBLE_DEVICES: [0]
[I 2023-11-30 04:47:40,156] Trial 59 finished with value: 0.05209967866539955 and parameters: {'gradient_clip_val': 0.10572075171353645, 'hidden_size': 53, 'dropout': 0.21531786465231575, 'hidden_continuous_size': 24, 'attention_head_size': 2, 'learning_rate': 0.04438595579400212}. Best is trial 49 with value: 0.04151601344347.
LOCAL_RANK: 0 - CUDA_VISIBLE_DEVICES: [0]
[I 2023-11-30 04:47:53,773] Trial 60 finished with value: 0.0534512884914875 and parameters: {'gradient_clip_val': 0.1246909287675583, 'hidden_size': 70, 'dropout': 0.1543823654204248, 'hidden_continuous_size': 18, 'attention_head_size': 2, 'learning_rate': 0.099748701408804}. Best is trial 49 with value: 0.04151601344347.
LOCAL_RANK: 0 - CUDA_VISIBLE_DEVICES: [0]
[I 2023-11-30 04:48:07,476] Trial 61 finished with value: 0.08079319447278976 and parameters: {'gradient_clip_val': 0.1466803567157297, 'hidden_size': 82, 'dropout': 0.14240489305577006, 'hidden_continuous_size': 19, 'attention_head_size': 2, 'learning_rate': 0.0541777889487666}. Best is trial 49 with value: 0.04151601344347.
LOCAL_RANK: 0 - CUDA_VISIBLE_DEVICES: [0]
[I 2023-11-30 04:48:20,776] Trial 62 finished with value: 0.0573711097240448 and parameters: {'gradient_clip_val': 0.13345970966113435, 'hidden_size': 60, 'dropout': 0.12952742540057763, 'hidden_continuous_size': 21, 'attention_head_size': 3, 'learning_rate': 0.03734196619892918}. Best is trial 49 with value: 0.04151601344347.
LOCAL_RANK: 0 - CUDA_VISIBLE_DEVICES: [0]
[I 2023-11-30 04:48:34,504] Trial 63 finished with value: 0.06705071777105331 and parameters: {'gradient_clip_val': 0.1447632472484403, 'hidden_size': 73, 'dropout': 0.17520028117942568, 'hidden_continuous_size': 17, 'attention_head_size': 2, 'learning_rate': 0.06045010717066893}. Best is trial 49 with value: 0.04151601344347.
LOCAL_RANK: 0 - CUDA_VISIBLE_DEVICES: [0]
[I 2023-11-30 04:48:48,481] Trial 64 finished with value: 0.09235682338476181 and parameters: {'gradient_clip_val': 0.1678831467465563, 'hidden_size': 98, 'dropout': 0.13950649906942258, 'hidden_continuous_size': 29, 'attention_head_size': 2, 'learning_rate': 0.045896062760724936}. Best is trial 49 with value: 0.04151601344347.
LOCAL_RANK: 0 - CUDA_VISIBLE_DEVICES: [0]
[I 2023-11-30 04:49:02,007] Trial 65 finished with value: 0.06209103390574455 and parameters: {'gradient_clip_val': 0.13550479076067343, 'hidden_size': 63, 'dropout': 0.11970325624279285, 'hidden_continuous_size': 20, 'attention_head_size': 2, 'learning_rate': 0.0284075263291483}. Best is trial 49 with value: 0.04151601344347.
LOCAL_RANK: 0 - CUDA_VISIBLE_DEVICES: [0]
[I 2023-11-30 04:49:15,633] Trial 66 finished with value: 0.06251862645149231 and parameters: {'gradient_clip_val': 0.18142025815150148, 'hidden_size': 84, 'dropout': 0.15184846605900582, 'hidden_continuous_size': 15, 'attention_head_size': 3, 'learning_rate': 0.08314820543394648}. Best is trial 49 with value: 0.04151601344347.
LOCAL_RANK: 0 - CUDA_VISIBLE_DEVICES: [0]
[I 2023-11-30 04:49:29,463] Trial 67 finished with value: 0.04581911489367485 and parameters: {'gradient_clip_val': 0.11353863102303381, 'hidden_size': 77, 'dropout': 0.16638462461584944, 'hidden_continuous_size': 27, 'attention_head_size': 2, 'learning_rate': 0.03569390241759957}. Best is trial 49 with value: 0.04151601344347.
LOCAL_RANK: 0 - CUDA_VISIBLE_DEVICES: [0]
[I 2023-11-30 04:49:43,272] Trial 68 finished with value: 0.04245896264910698 and parameters: {'gradient_clip_val': 0.11402154558125603, 'hidden_size': 75, 'dropout': 0.16331448028297152, 'hidden_continuous_size': 27, 'attention_head_size': 2, 'learning_rate': 0.03931803200594133}. Best is trial 49 with value: 0.04151601344347.
LOCAL_RANK: 0 - CUDA_VISIBLE_DEVICES: [0]
[I 2023-11-30 04:49:56,782] Trial 69 finished with value: 0.04418294131755829 and parameters: {'gradient_clip_val': 0.11235376347759964, 'hidden_size': 53, 'dropout': 0.19534988695155406, 'hidden_continuous_size': 27, 'attention_head_size': 2, 'learning_rate': 0.03568399585438756}. Best is trial 49 with value: 0.04151601344347.
LOCAL_RANK: 0 - CUDA_VISIBLE_DEVICES: [0]
[I 2023-11-30 04:50:10,290] Trial 70 finished with value: 0.04706231877207756 and parameters: {'gradient_clip_val': 0.11370795357001869, 'hidden_size': 54, 'dropout': 0.1911673880967161, 'hidden_continuous_size': 27, 'attention_head_size': 2, 'learning_rate': 0.0391419035701936}. Best is trial 49 with value: 0.04151601344347.
LOCAL_RANK: 0 - CUDA_VISIBLE_DEVICES: [0]
[I 2023-11-30 04:50:23,823] Trial 71 finished with value: 0.047448109835386276 and parameters: {'gradient_clip_val': 0.10572866532148437, 'hidden_size': 77, 'dropout': 0.1640937180039148, 'hidden_continuous_size': 31, 'attention_head_size': 2, 'learning_rate': 0.031164389275287068}. Best is trial 49 with value: 0.04151601344347.
LOCAL_RANK: 0 - CUDA_VISIBLE_DEVICES: [0]
[I 2023-11-30 04:50:37,291] Trial 72 finished with value: 0.05593101307749748 and parameters: {'gradient_clip_val': 0.11852531699688047, 'hidden_size': 64, 'dropout': 0.18156792814275224, 'hidden_continuous_size': 25, 'attention_head_size': 2, 'learning_rate': 0.02420432462576216}. Best is trial 49 with value: 0.04151601344347.
LOCAL_RANK: 0 - CUDA_VISIBLE_DEVICES: [0]
[I 2023-11-30 04:50:50,521] Trial 73 finished with value: 0.10950225591659546 and parameters: {'gradient_clip_val': 0.1006629528759089, 'hidden_size': 49, 'dropout': 0.2002385989273434, 'hidden_continuous_size': 23, 'attention_head_size': 2, 'learning_rate': 0.03527615415977442}. Best is trial 49 with value: 0.04151601344347.
LOCAL_RANK: 0 - CUDA_VISIBLE_DEVICES: [0]
[I 2023-11-30 04:51:04,314] Trial 74 finished with value: 0.07145098596811295 and parameters: {'gradient_clip_val': 0.11466078227723114, 'hidden_size': 57, 'dropout': 0.162516757875881, 'hidden_continuous_size': 27, 'attention_head_size': 2, 'learning_rate': 0.027245764343832676}. Best is trial 49 with value: 0.04151601344347.
LOCAL_RANK: 0 - CUDA_VISIBLE_DEVICES: [0]
[I 2023-11-30 04:51:17,431] Trial 75 finished with value: 0.14580808579921722 and parameters: {'gradient_clip_val': 0.12354560027750741, 'hidden_size': 45, 'dropout': 0.17716209452531229, 'hidden_continuous_size': 22, 'attention_head_size': 2, 'learning_rate': 0.06850742991158928}. Best is trial 49 with value: 0.04151601344347.
LOCAL_RANK: 0 - CUDA_VISIBLE_DEVICES: [0]
[I 2023-11-30 04:51:31,085] Trial 76 finished with value: 0.051489029079675674 and parameters: {'gradient_clip_val': 0.10981602121893619, 'hidden_size': 76, 'dropout': 0.1699760679209174, 'hidden_continuous_size': 29, 'attention_head_size': 2, 'learning_rate': 0.05560821791501029}. Best is trial 49 with value: 0.04151601344347.
LOCAL_RANK: 0 - CUDA_VISIBLE_DEVICES: [0]
[I 2023-11-30 04:51:44,910] Trial 77 finished with value: 0.05484871193766594 and parameters: {'gradient_clip_val': 0.13490585162569207, 'hidden_size': 69, 'dropout': 0.18564646292756454, 'hidden_continuous_size': 33, 'attention_head_size': 2, 'learning_rate': 0.038082276805816884}. Best is trial 49 with value: 0.04151601344347.
LOCAL_RANK: 0 - CUDA_VISIBLE_DEVICES: [0]
[I 2023-11-30 04:51:58,815] Trial 78 finished with value: 0.055516909807920456 and parameters: {'gradient_clip_val': 0.1449048922365297, 'hidden_size': 83, 'dropout': 0.14731423773049307, 'hidden_continuous_size': 28, 'attention_head_size': 2, 'learning_rate': 0.0420528942384158}. Best is trial 49 with value: 0.04151601344347.
LOCAL_RANK: 0 - CUDA_VISIBLE_DEVICES: [0]
[I 2023-11-30 04:52:12,542] Trial 79 finished with value: 0.0725485160946846 and parameters: {'gradient_clip_val': 0.12299825476090405, 'hidden_size': 62, 'dropout': 0.19090883521381444, 'hidden_continuous_size': 26, 'attention_head_size': 2, 'learning_rate': 0.030806709137232418}. Best is trial 49 with value: 0.04151601344347.
LOCAL_RANK: 0 - CUDA_VISIBLE_DEVICES: [0]
[I 2023-11-30 04:52:26,405] Trial 80 finished with value: 0.04306213930249214 and parameters: {'gradient_clip_val': 0.10513711024202138, 'hidden_size': 93, 'dropout': 0.20999754623093742, 'hidden_continuous_size': 30, 'attention_head_size': 2, 'learning_rate': 0.04854264741995364}. Best is trial 49 with value: 0.04151601344347.
LOCAL_RANK: 0 - CUDA_VISIBLE_DEVICES: [0]
[I 2023-11-30 04:52:40,242] Trial 81 finished with value: 0.05376894399523735 and parameters: {'gradient_clip_val': 0.10659033295906661, 'hidden_size': 92, 'dropout': 0.21075974243185497, 'hidden_continuous_size': 30, 'attention_head_size': 2, 'learning_rate': 0.04684026446174064}. Best is trial 49 with value: 0.04151601344347.
LOCAL_RANK: 0 - CUDA_VISIBLE_DEVICES: [0]
[I 2023-11-30 04:52:54,147] Trial 82 finished with value: 0.057918090373277664 and parameters: {'gradient_clip_val': 0.10032324058121325, 'hidden_size': 104, 'dropout': 0.1997819014106912, 'hidden_continuous_size': 32, 'attention_head_size': 2, 'learning_rate': 0.03456060290633507}. Best is trial 49 with value: 0.04151601344347.
LOCAL_RANK: 0 - CUDA_VISIBLE_DEVICES: [0]
[I 2023-11-30 04:53:07,791] Trial 83 finished with value: 0.05229119956493378 and parameters: {'gradient_clip_val': 0.11789337279635115, 'hidden_size': 66, 'dropout': 0.22637328062813694, 'hidden_continuous_size': 25, 'attention_head_size': 2, 'learning_rate': 0.050583883646853865}. Best is trial 49 with value: 0.04151601344347.
LOCAL_RANK: 0 - CUDA_VISIBLE_DEVICES: [0]
[I 2023-11-30 04:53:21,912] Trial 84 finished with value: 0.07722894102334976 and parameters: {'gradient_clip_val': 0.13069086634563765, 'hidden_size': 85, 'dropout': 0.17927123063664097, 'hidden_continuous_size': 33, 'attention_head_size': 2, 'learning_rate': 0.061260810392835915}. Best is trial 49 with value: 0.04151601344347.
LOCAL_RANK: 0 - CUDA_VISIBLE_DEVICES: [0]
[I 2023-11-30 04:53:36,074] Trial 85 finished with value: 0.061923664063215256 and parameters: {'gradient_clip_val': 0.11104107592269191, 'hidden_size': 94, 'dropout': 0.16435834426590049, 'hidden_continuous_size': 35, 'attention_head_size': 2, 'learning_rate': 0.07126361858301265}. Best is trial 49 with value: 0.04151601344347.
LOCAL_RANK: 0 - CUDA_VISIBLE_DEVICES: [0]
[I 2023-11-30 04:53:49,957] Trial 86 finished with value: 0.08617398887872696 and parameters: {'gradient_clip_val': 0.10587550984073382, 'hidden_size': 78, 'dropout': 0.19783188229733717, 'hidden_continuous_size': 28, 'attention_head_size': 2, 'learning_rate': 0.041734429894362206}. Best is trial 49 with value: 0.04151601344347.
LOCAL_RANK: 0 - CUDA_VISIBLE_DEVICES: [0]
[I 2023-11-30 04:54:04,126] Trial 87 finished with value: 0.06351084262132645 and parameters: {'gradient_clip_val': 0.12236664501414883, 'hidden_size': 109, 'dropout': 0.22125025126413106, 'hidden_continuous_size': 40, 'attention_head_size': 2, 'learning_rate': 0.05374916823828577}. Best is trial 49 with value: 0.04151601344347.
LOCAL_RANK: 0 - CUDA_VISIBLE_DEVICES: [0]
[I 2023-11-30 04:54:17,719] Trial 88 finished with value: 0.05013832449913025 and parameters: {'gradient_clip_val': 0.13598930997339728, 'hidden_size': 57, 'dropout': 0.20941994202270092, 'hidden_continuous_size': 25, 'attention_head_size': 4, 'learning_rate': 0.02934214010057162}. Best is trial 49 with value: 0.04151601344347.
LOCAL_RANK: 0 - CUDA_VISIBLE_DEVICES: [0]
[I 2023-11-30 04:54:31,496] Trial 89 finished with value: 0.04872117564082146 and parameters: {'gradient_clip_val': 0.1624947535319802, 'hidden_size': 69, 'dropout': 0.15623076969902133, 'hidden_continuous_size': 23, 'attention_head_size': 2, 'learning_rate': 0.03371685959585187}. Best is trial 49 with value: 0.04151601344347.
LOCAL_RANK: 0 - CUDA_VISIBLE_DEVICES: [0]
[I 2023-11-30 04:54:45,320] Trial 90 finished with value: 0.06171251833438873 and parameters: {'gradient_clip_val': 0.14923704470701504, 'hidden_size': 87, 'dropout': 0.17332529360300497, 'hidden_continuous_size': 30, 'attention_head_size': 2, 'learning_rate': 0.06662422659966509}. Best is trial 49 with value: 0.04151601344347.
LOCAL_RANK: 0 - CUDA_VISIBLE_DEVICES: [0]
[I 2023-11-30 04:54:59,047] Trial 91 finished with value: 0.07857134193181992 and parameters: {'gradient_clip_val': 0.12841310633943004, 'hidden_size': 74, 'dropout': 0.1276095329982892, 'hidden_continuous_size': 24, 'attention_head_size': 2, 'learning_rate': 0.049243286713626606}. Best is trial 49 with value: 0.04151601344347.
LOCAL_RANK: 0 - CUDA_VISIBLE_DEVICES: [0]
[I 2023-11-30 04:55:12,621] Trial 92 finished with value: 0.08649885654449463 and parameters: {'gradient_clip_val': 0.11638951028632112, 'hidden_size': 69, 'dropout': 0.1170924008206821, 'hidden_continuous_size': 26, 'attention_head_size': 2, 'learning_rate': 0.04605157918109199}. Best is trial 49 with value: 0.04151601344347.
LOCAL_RANK: 0 - CUDA_VISIBLE_DEVICES: [0]
[I 2023-11-30 04:55:25,748] Trial 93 finished with value: 0.036055952310562134 and parameters: {'gradient_clip_val': 0.13994862719060325, 'hidden_size': 52, 'dropout': 0.13283982995494995, 'hidden_continuous_size': 21, 'attention_head_size': 2, 'learning_rate': 0.03726255675154426}. Best is trial 93 with value: 0.036055952310562134.
LOCAL_RANK: 0 - CUDA_VISIBLE_DEVICES: [0]
[I 2023-11-30 04:55:39,377] Trial 94 finished with value: 0.05321305990219116 and parameters: {'gradient_clip_val': 0.14252429914609488, 'hidden_size': 59, 'dropout': 0.13846749156674787, 'hidden_continuous_size': 21, 'attention_head_size': 2, 'learning_rate': 0.025389865933928734}. Best is trial 93 with value: 0.036055952310562134.
LOCAL_RANK: 0 - CUDA_VISIBLE_DEVICES: [0]
[I 2023-11-30 04:55:52,617] Trial 95 finished with value: 0.08086001127958298 and parameters: {'gradient_clip_val': 0.1132710658720516, 'hidden_size': 50, 'dropout': 0.14868755840603257, 'hidden_continuous_size': 23, 'attention_head_size': 2, 'learning_rate': 0.022478371873727438}. Best is trial 93 with value: 0.036055952310562134.
LOCAL_RANK: 0 - CUDA_VISIBLE_DEVICES: [0]
[I 2023-11-30 04:56:05,920] Trial 96 finished with value: 0.045350510627031326 and parameters: {'gradient_clip_val': 0.12919083082975769, 'hidden_size': 53, 'dropout': 0.16663301900541538, 'hidden_continuous_size': 22, 'attention_head_size': 2, 'learning_rate': 0.03786413899683683}. Best is trial 93 with value: 0.036055952310562134.
LOCAL_RANK: 0 - CUDA_VISIBLE_DEVICES: [0]
[I 2023-11-30 04:56:19,163] Trial 97 finished with value: 0.045097168534994125 and parameters: {'gradient_clip_val': 0.12229405326374986, 'hidden_size': 56, 'dropout': 0.16925191437502857, 'hidden_continuous_size': 19, 'attention_head_size': 2, 'learning_rate': 0.03650157316082142}. Best is trial 93 with value: 0.036055952310562134.
LOCAL_RANK: 0 - CUDA_VISIBLE_DEVICES: [0]
[I 2023-11-30 04:56:32,290] Trial 98 finished with value: 0.06003688648343086 and parameters: {'gradient_clip_val': 0.12470235612579586, 'hidden_size': 47, 'dropout': 0.18702991102381258, 'hidden_continuous_size': 19, 'attention_head_size': 2, 'learning_rate': 0.040850691067117695}. Best is trial 93 with value: 0.036055952310562134.
LOCAL_RANK: 0 - CUDA_VISIBLE_DEVICES: [0]
[I 2023-11-30 04:56:45,629] Trial 99 finished with value: 0.046073198318481445 and parameters: {'gradient_clip_val': 0.13158001097200717, 'hidden_size': 53, 'dropout': 0.15988604257936348, 'hidden_continuous_size': 20, 'attention_head_size': 3, 'learning_rate': 0.05655966056677449}. Best is trial 93 with value: 0.036055952310562134.
LOCAL_RANK: 0 - CUDA_VISIBLE_DEVICES: [0]
[I 2023-11-30 04:56:58,694] Trial 100 finished with value: 0.053424764424562454 and parameters: {'gradient_clip_val': 0.10292182095185994, 'hidden_size': 43, 'dropout': 0.1814079528686882, 'hidden_continuous_size': 21, 'attention_head_size': 2, 'learning_rate': 0.0386559732705511}. Best is trial 93 with value: 0.036055952310562134.
LOCAL_RANK: 0 - CUDA_VISIBLE_DEVICES: [0]
[I 2023-11-30 04:57:12,006] Trial 101 finished with value: 0.05375197157263756 and parameters: {'gradient_clip_val': 0.11041416059424045, 'hidden_size': 55, 'dropout': 0.17030030624370943, 'hidden_continuous_size': 24, 'attention_head_size': 2, 'learning_rate': 0.036117585011404885}. Best is trial 93 with value: 0.036055952310562134.
LOCAL_RANK: 0 - CUDA_VISIBLE_DEVICES: [0]
[I 2023-11-30 04:57:25,267] Trial 102 finished with value: 0.06979289650917053 and parameters: {'gradient_clip_val': 0.11969846468918116, 'hidden_size': 51, 'dropout': 0.1770188737782698, 'hidden_continuous_size': 23, 'attention_head_size': 2, 'learning_rate': 0.02813744738740549}. Best is trial 93 with value: 0.036055952310562134.
LOCAL_RANK: 0 - CUDA_VISIBLE_DEVICES: [0]
[I 2023-11-30 04:57:38,777] Trial 103 finished with value: 0.052753400057554245 and parameters: {'gradient_clip_val': 0.10508193031461686, 'hidden_size': 62, 'dropout': 0.16951672235314882, 'hidden_continuous_size': 22, 'attention_head_size': 2, 'learning_rate': 0.04543067994034764}. Best is trial 93 with value: 0.036055952310562134.
LOCAL_RANK: 0 - CUDA_VISIBLE_DEVICES: [0]
[I 2023-11-30 04:57:52,180] Trial 104 finished with value: 0.09111904352903366 and parameters: {'gradient_clip_val': 0.13780740530949134, 'hidden_size': 57, 'dropout': 0.1952129135589683, 'hidden_continuous_size': 18, 'attention_head_size': 2, 'learning_rate': 0.032576961740277514}. Best is trial 93 with value: 0.036055952310562134.
LOCAL_RANK: 0 - CUDA_VISIBLE_DEVICES: [0]
[I 2023-11-30 04:58:05,246] Trial 105 finished with value: 0.044641852378845215 and parameters: {'gradient_clip_val': 0.11342720148721558, 'hidden_size': 48, 'dropout': 0.15376760798733052, 'hidden_continuous_size': 20, 'attention_head_size': 2, 'learning_rate': 0.0362839332092269}. Best is trial 93 with value: 0.036055952310562134.
LOCAL_RANK: 0 - CUDA_VISIBLE_DEVICES: [0]
[I 2023-11-30 04:58:18,224] Trial 106 finished with value: 0.054702043533325195 and parameters: {'gradient_clip_val': 0.12791964090511207, 'hidden_size': 47, 'dropout': 0.15303642107608253, 'hidden_continuous_size': 20, 'attention_head_size': 2, 'learning_rate': 0.0759030624672744}. Best is trial 93 with value: 0.036055952310562134.
LOCAL_RANK: 0 - CUDA_VISIBLE_DEVICES: [0]
[I 2023-11-30 04:58:31,353] Trial 107 finished with value: 0.05611087754368782 and parameters: {'gradient_clip_val': 0.11961277161219332, 'hidden_size': 53, 'dropout': 0.16225659888774274, 'hidden_continuous_size': 21, 'attention_head_size': 2, 'learning_rate': 0.042446604843093275}. Best is trial 93 with value: 0.036055952310562134.
LOCAL_RANK: 0 - CUDA_VISIBLE_DEVICES: [0]
[I 2023-11-30 04:58:44,392] Trial 108 finished with value: 0.061626091599464417 and parameters: {'gradient_clip_val': 0.14094327889395405, 'hidden_size': 43, 'dropout': 0.14379431553191035, 'hidden_continuous_size': 19, 'attention_head_size': 2, 'learning_rate': 0.051524606930603324}. Best is trial 93 with value: 0.036055952310562134.
LOCAL_RANK: 0 - CUDA_VISIBLE_DEVICES: [0]
[I 2023-11-30 04:58:57,877] Trial 109 finished with value: 0.05557333305478096 and parameters: {'gradient_clip_val': 0.10725359493615622, 'hidden_size': 49, 'dropout': 0.13432034362675183, 'hidden_continuous_size': 20, 'attention_head_size': 2, 'learning_rate': 0.040059442429800814}. Best is trial 93 with value: 0.036055952310562134.
LOCAL_RANK: 0 - CUDA_VISIBLE_DEVICES: [0]
[I 2023-11-30 04:59:11,328] Trial 110 finished with value: 0.07493729144334793 and parameters: {'gradient_clip_val': 0.11587246498927443, 'hidden_size': 59, 'dropout': 0.1531210540312109, 'hidden_continuous_size': 22, 'attention_head_size': 2, 'learning_rate': 0.08721032035222064}. Best is trial 93 with value: 0.036055952310562134.
LOCAL_RANK: 0 - CUDA_VISIBLE_DEVICES: [0]
[I 2023-11-30 04:59:24,515] Trial 111 finished with value: 0.08266186714172363 and parameters: {'gradient_clip_val': 0.11202936432360426, 'hidden_size': 52, 'dropout': 0.1685905472358112, 'hidden_continuous_size': 27, 'attention_head_size': 2, 'learning_rate': 0.028936917199000593}. Best is trial 93 with value: 0.036055952310562134.
LOCAL_RANK: 0 - CUDA_VISIBLE_DEVICES: [0]
[I 2023-11-30 04:59:37,910] Trial 112 finished with value: 0.051103800535202026 and parameters: {'gradient_clip_val': 0.12347176688503622, 'hidden_size': 64, 'dropout': 0.15853804170304672, 'hidden_continuous_size': 19, 'attention_head_size': 2, 'learning_rate': 0.03628371676179795}. Best is trial 93 with value: 0.036055952310562134.
LOCAL_RANK: 0 - CUDA_VISIBLE_DEVICES: [0]
[I 2023-11-30 04:59:51,179] Trial 113 finished with value: 0.0624469555914402 and parameters: {'gradient_clip_val': 0.10338812155807992, 'hidden_size': 56, 'dropout': 0.18500009105798018, 'hidden_continuous_size': 24, 'attention_head_size': 2, 'learning_rate': 0.03157659808503204}. Best is trial 93 with value: 0.036055952310562134.
LOCAL_RANK: 0 - CUDA_VISIBLE_DEVICES: [0]
