[I 2023-11-30 14:36:37,633] Trial 105 finished with value: 0.21689073741436005 and parameters: {'gradient_clip_val': 0.794039372034396, 'hidden_size': 48, 'dropout': 0.1781427298115989, 'hidden_continuous_size': 29, 'attention_head_size': 2, 'learning_rate': 0.08771223973670828}. Best is trial 1 with value: 0.07276725023984909.
LOCAL_RANK: 0 - CUDA_VISIBLE_DEVICES: [0]
[I 2023-11-30 14:36:52,489] Trial 106 finished with value: 0.1575683206319809 and parameters: {'gradient_clip_val': 0.9993015502135, 'hidden_size': 41, 'dropout': 0.19512965239005767, 'hidden_continuous_size': 23, 'attention_head_size': 3, 'learning_rate': 0.051830084112620314}. Best is trial 1 with value: 0.07276725023984909.
LOCAL_RANK: 0 - CUDA_VISIBLE_DEVICES: [0]
[I 2023-11-30 14:37:06,815] Trial 107 finished with value: 0.10468273609876633 and parameters: {'gradient_clip_val': 0.8374022998256991, 'hidden_size': 44, 'dropout': 0.2165514982179747, 'hidden_continuous_size': 25, 'attention_head_size': 2, 'learning_rate': 0.07177018369175528}. Best is trial 1 with value: 0.07276725023984909.
LOCAL_RANK: 0 - CUDA_VISIBLE_DEVICES: [0]
[I 2023-11-30 14:37:20,956] Trial 108 finished with value: 0.09954839199781418 and parameters: {'gradient_clip_val': 0.8516626407140366, 'hidden_size': 45, 'dropout': 0.21802180184264236, 'hidden_continuous_size': 25, 'attention_head_size': 4, 'learning_rate': 0.0571711957137677}. Best is trial 1 with value: 0.07276725023984909.
LOCAL_RANK: 0 - CUDA_VISIBLE_DEVICES: [0]
[I 2023-11-30 14:37:34,998] Trial 109 finished with value: 0.09311283379793167 and parameters: {'gradient_clip_val': 0.7774440315456436, 'hidden_size': 44, 'dropout': 0.22767248524974287, 'hidden_continuous_size': 25, 'attention_head_size': 4, 'learning_rate': 0.0580953789036196}. Best is trial 1 with value: 0.07276725023984909.
LOCAL_RANK: 0 - CUDA_VISIBLE_DEVICES: [0]
[I 2023-11-30 14:37:49,293] Trial 110 finished with value: 0.17765791714191437 and parameters: {'gradient_clip_val': 0.7587350488631054, 'hidden_size': 45, 'dropout': 0.2278461254001397, 'hidden_continuous_size': 25, 'attention_head_size': 4, 'learning_rate': 0.04097624806405191}. Best is trial 1 with value: 0.07276725023984909.
LOCAL_RANK: 0 - CUDA_VISIBLE_DEVICES: [0]
[I 2023-11-30 14:38:03,527] Trial 111 finished with value: 0.11166567355394363 and parameters: {'gradient_clip_val': 0.8866223054775907, 'hidden_size': 38, 'dropout': 0.21777842790571172, 'hidden_continuous_size': 24, 'attention_head_size': 4, 'learning_rate': 0.057603762320399064}. Best is trial 1 with value: 0.07276725023984909.
LOCAL_RANK: 0 - CUDA_VISIBLE_DEVICES: [0]
[I 2023-11-30 14:38:18,333] Trial 112 finished with value: 0.12398019433021545 and parameters: {'gradient_clip_val': 0.7155582746130099, 'hidden_size': 43, 'dropout': 0.22842198993601626, 'hidden_continuous_size': 22, 'attention_head_size': 4, 'learning_rate': 0.03539194609121066}. Best is trial 1 with value: 0.07276725023984909.
LOCAL_RANK: 0 - CUDA_VISIBLE_DEVICES: [0]
[I 2023-11-30 14:38:32,643] Trial 113 finished with value: 0.13071228563785553 and parameters: {'gradient_clip_val': 0.7943291720411453, 'hidden_size': 48, 'dropout': 0.2130432438590616, 'hidden_continuous_size': 25, 'attention_head_size': 4, 'learning_rate': 0.045391500626776264}. Best is trial 1 with value: 0.07276725023984909.
LOCAL_RANK: 0 - CUDA_VISIBLE_DEVICES: [0]
[I 2023-11-30 14:38:46,538] Trial 114 finished with value: 0.10595160722732544 and parameters: {'gradient_clip_val': 0.6739737291197123, 'hidden_size': 44, 'dropout': 0.2220588918767671, 'hidden_continuous_size': 28, 'attention_head_size': 4, 'learning_rate': 0.06119213716294096}. Best is trial 1 with value: 0.07276725023984909.
LOCAL_RANK: 0 - CUDA_VISIBLE_DEVICES: [0]
[I 2023-11-30 14:39:00,675] Trial 115 finished with value: 0.1951541304588318 and parameters: {'gradient_clip_val': 0.7364361520954974, 'hidden_size': 48, 'dropout': 0.2497706707337839, 'hidden_continuous_size': 26, 'attention_head_size': 4, 'learning_rate': 0.050109746056722575}. Best is trial 1 with value: 0.07276725023984909.
LOCAL_RANK: 0 - CUDA_VISIBLE_DEVICES: [0]
[I 2023-11-30 14:39:14,824] Trial 116 finished with value: 0.1062731072306633 and parameters: {'gradient_clip_val': 0.8594088163817539, 'hidden_size': 36, 'dropout': 0.23575214851844237, 'hidden_continuous_size': 24, 'attention_head_size': 4, 'learning_rate': 0.07077190101123891}. Best is trial 1 with value: 0.07276725023984909.
LOCAL_RANK: 0 - CUDA_VISIBLE_DEVICES: [0]
[I 2023-11-30 14:39:29,607] Trial 117 finished with value: 0.1526591181755066 and parameters: {'gradient_clip_val': 0.6304462090175619, 'hidden_size': 55, 'dropout': 0.24165120293244247, 'hidden_continuous_size': 30, 'attention_head_size': 4, 'learning_rate': 0.05640646304595893}. Best is trial 1 with value: 0.07276725023984909.
LOCAL_RANK: 0 - CUDA_VISIBLE_DEVICES: [0]
[I 2023-11-30 14:39:43,899] Trial 118 finished with value: 0.15063364803791046 and parameters: {'gradient_clip_val': 0.9197504371553402, 'hidden_size': 31, 'dropout': 0.2011713770097431, 'hidden_continuous_size': 25, 'attention_head_size': 4, 'learning_rate': 0.06570588262231766}. Best is trial 1 with value: 0.07276725023984909.
LOCAL_RANK: 0 - CUDA_VISIBLE_DEVICES: [0]
[I 2023-11-30 14:39:58,540] Trial 119 finished with value: 0.12863488495349884 and parameters: {'gradient_clip_val': 0.8138160893282214, 'hidden_size': 42, 'dropout': 0.2176494037635393, 'hidden_continuous_size': 21, 'attention_head_size': 4, 'learning_rate': 0.03832159446982211}. Best is trial 1 with value: 0.07276725023984909.
LOCAL_RANK: 0 - CUDA_VISIBLE_DEVICES: [0]
[I 2023-11-30 14:40:12,433] Trial 120 finished with value: 0.10739600658416748 and parameters: {'gradient_clip_val': 0.7804887385646373, 'hidden_size': 38, 'dropout': 0.2619865016807585, 'hidden_continuous_size': 12, 'attention_head_size': 2, 'learning_rate': 0.07671754217971939}. Best is trial 1 with value: 0.07276725023984909.
LOCAL_RANK: 0 - CUDA_VISIBLE_DEVICES: [0]
[I 2023-11-30 14:40:26,502] Trial 121 finished with value: 0.15627455711364746 and parameters: {'gradient_clip_val': 0.6665619077107927, 'hidden_size': 44, 'dropout': 0.22307671114157135, 'hidden_continuous_size': 27, 'attention_head_size': 4, 'learning_rate': 0.05980872871669749}. Best is trial 1 with value: 0.07276725023984909.
LOCAL_RANK: 0 - CUDA_VISIBLE_DEVICES: [0]
[I 2023-11-30 14:40:41,098] Trial 122 finished with value: 0.13516667485237122 and parameters: {'gradient_clip_val': 0.7088424742282072, 'hidden_size': 50, 'dropout': 0.21056807287184803, 'hidden_continuous_size': 29, 'attention_head_size': 4, 'learning_rate': 0.061544778303274324}. Best is trial 1 with value: 0.07276725023984909.
LOCAL_RANK: 0 - CUDA_VISIBLE_DEVICES: [0]
[I 2023-11-30 14:40:55,306] Trial 123 finished with value: 0.10519275814294815 and parameters: {'gradient_clip_val': 0.682293051631812, 'hidden_size': 45, 'dropout': 0.22874571472345753, 'hidden_continuous_size': 28, 'attention_head_size': 4, 'learning_rate': 0.04618344227880703}. Best is trial 1 with value: 0.07276725023984909.
LOCAL_RANK: 0 - CUDA_VISIBLE_DEVICES: [0]
[I 2023-11-30 14:41:09,656] Trial 124 finished with value: 0.16435259580612183 and parameters: {'gradient_clip_val': 0.8431930436340772, 'hidden_size': 46, 'dropout': 0.2285564510934029, 'hidden_continuous_size': 26, 'attention_head_size': 4, 'learning_rate': 0.04658047031847967}. Best is trial 1 with value: 0.07276725023984909.
LOCAL_RANK: 0 - CUDA_VISIBLE_DEVICES: [0]
[I 2023-11-30 14:41:24,587] Trial 125 finished with value: 0.12165925651788712 and parameters: {'gradient_clip_val': 0.8908405512974785, 'hidden_size': 59, 'dropout': 0.2468053826459894, 'hidden_continuous_size': 28, 'attention_head_size': 4, 'learning_rate': 0.054243983795747894}. Best is trial 1 with value: 0.07276725023984909.
LOCAL_RANK: 0 - CUDA_VISIBLE_DEVICES: [0]
[I 2023-11-30 14:41:38,668] Trial 126 finished with value: 0.15013687312602997 and parameters: {'gradient_clip_val': 0.7536789426318811, 'hidden_size': 40, 'dropout': 0.2352377926874941, 'hidden_continuous_size': 25, 'attention_head_size': 2, 'learning_rate': 0.0497545014945598}. Best is trial 1 with value: 0.07276725023984909.
LOCAL_RANK: 0 - CUDA_VISIBLE_DEVICES: [0]
[I 2023-11-30 14:41:53,381] Trial 127 finished with value: 0.12279803305864334 and parameters: {'gradient_clip_val': 0.6986473112105884, 'hidden_size': 53, 'dropout': 0.20947232792451204, 'hidden_continuous_size': 24, 'attention_head_size': 4, 'learning_rate': 0.06960589775356332}. Best is trial 1 with value: 0.07276725023984909.
LOCAL_RANK: 0 - CUDA_VISIBLE_DEVICES: [0]
[I 2023-11-30 14:42:07,318] Trial 128 finished with value: 0.24066142737865448 and parameters: {'gradient_clip_val': 0.6234095651724507, 'hidden_size': 48, 'dropout': 0.2158321860749096, 'hidden_continuous_size': 27, 'attention_head_size': 2, 'learning_rate': 0.03246799774704319}. Best is trial 1 with value: 0.07276725023984909.
LOCAL_RANK: 0 - CUDA_VISIBLE_DEVICES: [0]
[I 2023-11-30 14:42:21,176] Trial 129 finished with value: 0.15815959870815277 and parameters: {'gradient_clip_val': 0.8291007479815756, 'hidden_size': 42, 'dropout': 0.20307429027775167, 'hidden_continuous_size': 11, 'attention_head_size': 4, 'learning_rate': 0.04057280189773244}. Best is trial 1 with value: 0.07276725023984909.
LOCAL_RANK: 0 - CUDA_VISIBLE_DEVICES: [0]
[I 2023-11-30 14:42:35,856] Trial 130 finished with value: 0.12288102507591248 and parameters: {'gradient_clip_val': 0.6015813186614172, 'hidden_size': 57, 'dropout': 0.23174974032428275, 'hidden_continuous_size': 30, 'attention_head_size': 3, 'learning_rate': 0.044288060264883425}. Best is trial 1 with value: 0.07276725023984909.
LOCAL_RANK: 0 - CUDA_VISIBLE_DEVICES: [0]
[I 2023-11-30 14:42:50,302] Trial 131 finished with value: 0.27993738651275635 and parameters: {'gradient_clip_val': 0.7288559831687619, 'hidden_size': 46, 'dropout': 0.22163521435464745, 'hidden_continuous_size': 23, 'attention_head_size': 4, 'learning_rate': 0.07989369669884408}. Best is trial 1 with value: 0.07276725023984909.
LOCAL_RANK: 0 - CUDA_VISIBLE_DEVICES: [0]
[I 2023-11-30 14:43:04,880] Trial 132 finished with value: 0.10814812779426575 and parameters: {'gradient_clip_val': 0.6761913710719472, 'hidden_size': 44, 'dropout': 0.2237042498145877, 'hidden_continuous_size': 22, 'attention_head_size': 4, 'learning_rate': 0.06425637470157927}. Best is trial 1 with value: 0.07276725023984909.
LOCAL_RANK: 0 - CUDA_VISIBLE_DEVICES: [0]
[I 2023-11-30 14:43:19,138] Trial 133 finished with value: 0.14875520765781403 and parameters: {'gradient_clip_val': 0.6528795986643068, 'hidden_size': 39, 'dropout': 0.25561925916443984, 'hidden_continuous_size': 26, 'attention_head_size': 4, 'learning_rate': 0.055631455235050864}. Best is trial 1 with value: 0.07276725023984909.
LOCAL_RANK: 0 - CUDA_VISIBLE_DEVICES: [0]
[I 2023-11-30 14:43:33,090] Trial 134 finished with value: 0.13718198239803314 and parameters: {'gradient_clip_val': 0.5863288747232005, 'hidden_size': 44, 'dropout': 0.20679168472559392, 'hidden_continuous_size': 20, 'attention_head_size': 4, 'learning_rate': 0.0757139783036043}. Best is trial 1 with value: 0.07276725023984909.
LOCAL_RANK: 0 - CUDA_VISIBLE_DEVICES: [0]
[I 2023-11-30 14:43:47,467] Trial 135 finished with value: 0.13796843588352203 and parameters: {'gradient_clip_val': 0.7850788009573035, 'hidden_size': 49, 'dropout': 0.27257407950968476, 'hidden_continuous_size': 28, 'attention_head_size': 4, 'learning_rate': 0.061113413904700924}. Best is trial 1 with value: 0.07276725023984909.
LOCAL_RANK: 0 - CUDA_VISIBLE_DEVICES: [0]
[I 2023-11-30 14:44:01,653] Trial 136 finished with value: 0.1385614275932312 and parameters: {'gradient_clip_val': 0.9428813447405792, 'hidden_size': 35, 'dropout': 0.2397566583896918, 'hidden_continuous_size': 12, 'attention_head_size': 2, 'learning_rate': 0.0512714124089505}. Best is trial 1 with value: 0.07276725023984909.
LOCAL_RANK: 0 - CUDA_VISIBLE_DEVICES: [0]
[I 2023-11-30 14:44:15,883] Trial 137 finished with value: 0.16215966641902924 and parameters: {'gradient_clip_val': 0.8794628766301112, 'hidden_size': 52, 'dropout': 0.1985662844764032, 'hidden_continuous_size': 27, 'attention_head_size': 4, 'learning_rate': 0.06941459801252771}. Best is trial 1 with value: 0.07276725023984909.
LOCAL_RANK: 0 - CUDA_VISIBLE_DEVICES: [0]
[I 2023-11-30 14:44:29,931] Trial 138 finished with value: 0.14060679078102112 and parameters: {'gradient_clip_val': 0.6703907866726769, 'hidden_size': 41, 'dropout': 0.21815746260584212, 'hidden_continuous_size': 25, 'attention_head_size': 3, 'learning_rate': 0.09196498442625117}. Best is trial 1 with value: 0.07276725023984909.
LOCAL_RANK: 0 - CUDA_VISIBLE_DEVICES: [0]
[I 2023-11-30 14:44:43,904] Trial 139 finished with value: 0.11540611833333969 and parameters: {'gradient_clip_val': 0.7604877075120735, 'hidden_size': 37, 'dropout': 0.1889580021241617, 'hidden_continuous_size': 24, 'attention_head_size': 2, 'learning_rate': 0.036145484751898264}. Best is trial 1 with value: 0.07276725023984909.
LOCAL_RANK: 0 - CUDA_VISIBLE_DEVICES: [0]
[I 2023-11-30 14:44:58,488] Trial 140 finished with value: 0.14208567142486572 and parameters: {'gradient_clip_val': 0.8428918871920134, 'hidden_size': 51, 'dropout': 0.22635817434991437, 'hidden_continuous_size': 28, 'attention_head_size': 2, 'learning_rate': 0.08215383716858267}. Best is trial 1 with value: 0.07276725023984909.
LOCAL_RANK: 0 - CUDA_VISIBLE_DEVICES: [0]
[I 2023-11-30 14:45:12,369] Trial 141 finished with value: 0.08778414875268936 and parameters: {'gradient_clip_val': 0.866242297522394, 'hidden_size': 36, 'dropout': 0.23366091210369777, 'hidden_continuous_size': 24, 'attention_head_size': 4, 'learning_rate': 0.06940462884032025}. Best is trial 1 with value: 0.07276725023984909.
LOCAL_RANK: 0 - CUDA_VISIBLE_DEVICES: [0]
[I 2023-11-30 14:45:26,580] Trial 142 finished with value: 0.10978522151708603 and parameters: {'gradient_clip_val': 0.9333112879015901, 'hidden_size': 43, 'dropout': 0.23503943134706745, 'hidden_continuous_size': 23, 'attention_head_size': 4, 'learning_rate': 0.06539449607467611}. Best is trial 1 with value: 0.07276725023984909.
LOCAL_RANK: 0 - CUDA_VISIBLE_DEVICES: [0]
[I 2023-11-30 14:45:40,652] Trial 143 finished with value: 0.1227279007434845 and parameters: {'gradient_clip_val': 0.8118739569772695, 'hidden_size': 39, 'dropout': 0.2805760385672779, 'hidden_continuous_size': 26, 'attention_head_size': 4, 'learning_rate': 0.055125701554841235}. Best is trial 1 with value: 0.07276725023984909.
LOCAL_RANK: 0 - CUDA_VISIBLE_DEVICES: [0]
[I 2023-11-30 14:45:54,917] Trial 144 finished with value: 0.12298624962568283 and parameters: {'gradient_clip_val': 0.8942696707068181, 'hidden_size': 45, 'dropout': 0.24636573606396137, 'hidden_continuous_size': 22, 'attention_head_size': 4, 'learning_rate': 0.07542006829150759}. Best is trial 1 with value: 0.07276725023984909.
LOCAL_RANK: 0 - CUDA_VISIBLE_DEVICES: [0]
[I 2023-11-30 14:46:08,978] Trial 145 finished with value: 0.09985744953155518 and parameters: {'gradient_clip_val': 0.8507380222630031, 'hidden_size': 35, 'dropout': 0.213514108639588, 'hidden_continuous_size': 25, 'attention_head_size': 4, 'learning_rate': 0.0614431430500662}. Best is trial 1 with value: 0.07276725023984909.
LOCAL_RANK: 0 - CUDA_VISIBLE_DEVICES: [0]
[I 2023-11-30 14:46:23,737] Trial 146 finished with value: 0.15657979249954224 and parameters: {'gradient_clip_val': 0.8548736342599497, 'hidden_size': 33, 'dropout': 0.21012805388150352, 'hidden_continuous_size': 25, 'attention_head_size': 4, 'learning_rate': 0.04736346247182015}. Best is trial 1 with value: 0.07276725023984909.
LOCAL_RANK: 0 - CUDA_VISIBLE_DEVICES: [0]
[I 2023-11-30 14:46:37,419] Trial 147 finished with value: 0.11285438388586044 and parameters: {'gradient_clip_val': 0.9513952108199836, 'hidden_size': 28, 'dropout': 0.22856423641729512, 'hidden_continuous_size': 24, 'attention_head_size': 4, 'learning_rate': 0.0837465278475371}. Best is trial 1 with value: 0.07276725023984909.
LOCAL_RANK: 0 - CUDA_VISIBLE_DEVICES: [0]
[I 2023-11-30 14:46:51,531] Trial 148 finished with value: 0.14228421449661255 and parameters: {'gradient_clip_val': 0.9001356302056649, 'hidden_size': 37, 'dropout': 0.2139004153812606, 'hidden_continuous_size': 25, 'attention_head_size': 2, 'learning_rate': 0.07093457166632652}. Best is trial 1 with value: 0.07276725023984909.
LOCAL_RANK: 0 - CUDA_VISIBLE_DEVICES: [0]
[I 2023-11-30 14:47:05,313] Trial 149 finished with value: 0.1311129331588745 and parameters: {'gradient_clip_val': 0.7815724829133918, 'hidden_size': 35, 'dropout': 0.179902645915959, 'hidden_continuous_size': 24, 'attention_head_size': 4, 'learning_rate': 0.04286532857900518}. Best is trial 1 with value: 0.07276725023984909.
[I 2023-11-30 14:47:05,438] A new study created in memory with name: no-name-99ee817d-f5cf-4cc5-b2d1-ad1c3309315e
/home/le004/conda/anaconda3/envs/tsff_env/lib/python3.9/site-packages/lightning/fabric/plugins/environments/slurm.py:191: The `srun` command is available on your system but is not used. HINT: If your intention is to run Lightning on SLURM, prepend your python command with `srun` like so: srun python /home/le004/master_thesis/git/TSFusionForecast/code/ ...
LOCAL_RANK: 0 - CUDA_VISIBLE_DEVICES: [0]
[I 2023-11-30 14:47:20,934] Trial 0 finished with value: 0.36157289147377014 and parameters: {'gradient_clip_val': 0.25123522386199754, 'hidden_size': 127, 'dropout': 0.351769761131958, 'hidden_continuous_size': 18, 'attention_head_size': 3, 'learning_rate': 0.009055111473758912}. Best is trial 0 with value: 0.36157289147377014.
LOCAL_RANK: 0 - CUDA_VISIBLE_DEVICES: [0]
[I 2023-11-30 14:47:36,505] Trial 1 finished with value: 0.9853677749633789 and parameters: {'gradient_clip_val': 0.1378943973375754, 'hidden_size': 134, 'dropout': 0.390984926167702, 'hidden_continuous_size': 45, 'attention_head_size': 2, 'learning_rate': 0.0010940466674293399}. Best is trial 0 with value: 0.36157289147377014.
LOCAL_RANK: 0 - CUDA_VISIBLE_DEVICES: [0]
[I 2023-11-30 14:47:50,562] Trial 2 finished with value: 1.2923495769500732 and parameters: {'gradient_clip_val': 0.20293747346411176, 'hidden_size': 38, 'dropout': 0.3673244299616383, 'hidden_continuous_size': 12, 'attention_head_size': 4, 'learning_rate': 0.002474492853130324}. Best is trial 0 with value: 0.36157289147377014.
LOCAL_RANK: 0 - CUDA_VISIBLE_DEVICES: [0]
[I 2023-11-30 14:48:06,128] Trial 3 finished with value: 0.30920907855033875 and parameters: {'gradient_clip_val': 0.5923313335715497, 'hidden_size': 132, 'dropout': 0.11527100552190203, 'hidden_continuous_size': 70, 'attention_head_size': 4, 'learning_rate': 0.06237171317433874}. Best is trial 3 with value: 0.30920907855033875.
LOCAL_RANK: 0 - CUDA_VISIBLE_DEVICES: [0]
[I 2023-11-30 14:48:19,712] Trial 4 finished with value: 0.475100040435791 and parameters: {'gradient_clip_val': 0.4237839136357654, 'hidden_size': 12, 'dropout': 0.2158619839528619, 'hidden_continuous_size': 11, 'attention_head_size': 3, 'learning_rate': 0.05520751537722454}. Best is trial 3 with value: 0.30920907855033875.
LOCAL_RANK: 0 - CUDA_VISIBLE_DEVICES: [0]
[I 2023-11-30 14:48:33,537] Trial 5 finished with value: 0.4972611963748932 and parameters: {'gradient_clip_val': 0.1426622044437218, 'hidden_size': 22, 'dropout': 0.2176613218406409, 'hidden_continuous_size': 16, 'attention_head_size': 4, 'learning_rate': 0.027043129815659775}. Best is trial 3 with value: 0.30920907855033875.
LOCAL_RANK: 0 - CUDA_VISIBLE_DEVICES: [0]
[I 2023-11-30 14:48:47,941] Trial 6 finished with value: 0.9826862215995789 and parameters: {'gradient_clip_val': 0.2414526603490317, 'hidden_size': 96, 'dropout': 0.11840473129531362, 'hidden_continuous_size': 10, 'attention_head_size': 4, 'learning_rate': 0.0015326418884518917}. Best is trial 3 with value: 0.30920907855033875.
LOCAL_RANK: 0 - CUDA_VISIBLE_DEVICES: [0]
[I 2023-11-30 14:49:02,618] Trial 7 finished with value: 1.338558554649353 and parameters: {'gradient_clip_val': 0.12685660632818183, 'hidden_size': 112, 'dropout': 0.15550134918149944, 'hidden_continuous_size': 13, 'attention_head_size': 1, 'learning_rate': 0.0018424666332738948}. Best is trial 3 with value: 0.30920907855033875.
LOCAL_RANK: 0 - CUDA_VISIBLE_DEVICES: [0]
[I 2023-11-30 14:49:16,423] Trial 8 finished with value: 0.3979238271713257 and parameters: {'gradient_clip_val': 0.40924503376585203, 'hidden_size': 31, 'dropout': 0.18215582516299889, 'hidden_continuous_size': 16, 'attention_head_size': 1, 'learning_rate': 0.016613337712304305}. Best is trial 3 with value: 0.30920907855033875.
LOCAL_RANK: 0 - CUDA_VISIBLE_DEVICES: [0]
[I 2023-11-30 14:49:31,122] Trial 9 finished with value: 0.5475152730941772 and parameters: {'gradient_clip_val': 0.3898249223949529, 'hidden_size': 61, 'dropout': 0.14460016465617997, 'hidden_continuous_size': 26, 'attention_head_size': 3, 'learning_rate': 0.005443180574314078}. Best is trial 3 with value: 0.30920907855033875.
LOCAL_RANK: 0 - CUDA_VISIBLE_DEVICES: [0]
[I 2023-11-30 14:49:46,092] Trial 10 finished with value: 0.3219482898712158 and parameters: {'gradient_clip_val': 0.8025071407859806, 'hidden_size': 65, 'dropout': 0.10039541813025743, 'hidden_continuous_size': 64, 'attention_head_size': 2, 'learning_rate': 0.08404508659632577}. Best is trial 3 with value: 0.30920907855033875.
LOCAL_RANK: 0 - CUDA_VISIBLE_DEVICES: [0]
[I 2023-11-30 14:49:57,050] Trial 11 finished with value: 0.1773584485054016 and parameters: {'gradient_clip_val': 0.8061065594791433, 'hidden_size': 75, 'dropout': 0.10221709123682078, 'hidden_continuous_size': 75, 'attention_head_size': 2, 'learning_rate': 0.09840865658855197}. Best is trial 11 with value: 0.1773584485054016.
LOCAL_RANK: 0 - CUDA_VISIBLE_DEVICES: [0]
