[I 2023-11-29 20:19:39,858] Trial 57 finished with value: 0.08444885164499283 and parameters: {'gradient_clip_val': 0.6223890867497941, 'hidden_size': 84, 'dropout': 0.22697539031132405, 'hidden_continuous_size': 26, 'attention_head_size': 4, 'learning_rate': 0.020516596127109717}. Best is trial 47 with value: 0.0842825397849083.
LOCAL_RANK: 0 - CUDA_VISIBLE_DEVICES: [0]
[I 2023-11-29 20:19:53,792] Trial 58 finished with value: 0.16817574203014374 and parameters: {'gradient_clip_val': 0.6418420328952928, 'hidden_size': 82, 'dropout': 0.23359069205203717, 'hidden_continuous_size': 25, 'attention_head_size': 4, 'learning_rate': 0.025598217466608186}. Best is trial 47 with value: 0.0842825397849083.
LOCAL_RANK: 0 - CUDA_VISIBLE_DEVICES: [0]
[I 2023-11-29 20:20:07,815] Trial 59 finished with value: 0.06613359600305557 and parameters: {'gradient_clip_val': 0.605081651184001, 'hidden_size': 86, 'dropout': 0.22099234757368796, 'hidden_continuous_size': 31, 'attention_head_size': 4, 'learning_rate': 0.021281537607000845}. Best is trial 59 with value: 0.06613359600305557.
LOCAL_RANK: 0 - CUDA_VISIBLE_DEVICES: [0]
[I 2023-11-29 20:20:22,128] Trial 60 finished with value: 0.1465589553117752 and parameters: {'gradient_clip_val': 0.7895895109564179, 'hidden_size': 89, 'dropout': 0.2191740946427468, 'hidden_continuous_size': 32, 'attention_head_size': 4, 'learning_rate': 0.021982746074038644}. Best is trial 59 with value: 0.06613359600305557.
LOCAL_RANK: 0 - CUDA_VISIBLE_DEVICES: [0]
[I 2023-11-29 20:20:36,126] Trial 61 finished with value: 0.11168994754552841 and parameters: {'gradient_clip_val': 0.5953676919078564, 'hidden_size': 81, 'dropout': 0.18833603198356708, 'hidden_continuous_size': 29, 'attention_head_size': 4, 'learning_rate': 0.015636486425247568}. Best is trial 59 with value: 0.06613359600305557.
LOCAL_RANK: 0 - CUDA_VISIBLE_DEVICES: [0]
[I 2023-11-29 20:20:49,860] Trial 62 finished with value: 0.09024214744567871 and parameters: {'gradient_clip_val': 0.6846918437685302, 'hidden_size': 62, 'dropout': 0.21593399290490814, 'hidden_continuous_size': 26, 'attention_head_size': 4, 'learning_rate': 0.03097564452396101}. Best is trial 59 with value: 0.06613359600305557.
LOCAL_RANK: 0 - CUDA_VISIBLE_DEVICES: [0]
[I 2023-11-29 20:21:03,692] Trial 63 finished with value: 0.09088519960641861 and parameters: {'gradient_clip_val': 0.6771949196950001, 'hidden_size': 68, 'dropout': 0.21363672261693353, 'hidden_continuous_size': 27, 'attention_head_size': 4, 'learning_rate': 0.030422882125805132}. Best is trial 59 with value: 0.06613359600305557.
LOCAL_RANK: 0 - CUDA_VISIBLE_DEVICES: [0]
[I 2023-11-29 20:21:17,416] Trial 64 finished with value: 0.12211531400680542 and parameters: {'gradient_clip_val': 0.8772135129037479, 'hidden_size': 61, 'dropout': 0.22992545305371354, 'hidden_continuous_size': 27, 'attention_head_size': 4, 'learning_rate': 0.020663693356886927}. Best is trial 59 with value: 0.06613359600305557.
LOCAL_RANK: 0 - CUDA_VISIBLE_DEVICES: [0]
[I 2023-11-29 20:21:31,422] Trial 65 finished with value: 0.07525355368852615 and parameters: {'gradient_clip_val': 0.6952914244506602, 'hidden_size': 76, 'dropout': 0.21345031480843762, 'hidden_continuous_size': 30, 'attention_head_size': 4, 'learning_rate': 0.029613645823751433}. Best is trial 59 with value: 0.06613359600305557.
LOCAL_RANK: 0 - CUDA_VISIBLE_DEVICES: [0]
[I 2023-11-29 20:21:45,438] Trial 66 finished with value: 0.11291078478097916 and parameters: {'gradient_clip_val': 0.565167301794886, 'hidden_size': 90, 'dropout': 0.23937757078846866, 'hidden_continuous_size': 31, 'attention_head_size': 4, 'learning_rate': 0.03762146496146931}. Best is trial 59 with value: 0.06613359600305557.
LOCAL_RANK: 0 - CUDA_VISIBLE_DEVICES: [0]
[I 2023-11-29 20:21:59,371] Trial 67 finished with value: 0.1826159805059433 and parameters: {'gradient_clip_val': 0.7423315472529157, 'hidden_size': 74, 'dropout': 0.22700581645851955, 'hidden_continuous_size': 36, 'attention_head_size': 4, 'learning_rate': 0.023209838205464784}. Best is trial 59 with value: 0.06613359600305557.
LOCAL_RANK: 0 - CUDA_VISIBLE_DEVICES: [0]
[I 2023-11-29 20:22:13,514] Trial 68 finished with value: 0.3462637662887573 and parameters: {'gradient_clip_val': 0.60911315377565, 'hidden_size': 100, 'dropout': 0.26079073963229504, 'hidden_continuous_size': 34, 'attention_head_size': 4, 'learning_rate': 0.029042309953461288}. Best is trial 59 with value: 0.06613359600305557.
LOCAL_RANK: 0 - CUDA_VISIBLE_DEVICES: [0]
[I 2023-11-29 20:22:27,267] Trial 69 finished with value: 0.15954901278018951 and parameters: {'gradient_clip_val': 0.4834896537377618, 'hidden_size': 81, 'dropout': 0.21071903363797415, 'hidden_continuous_size': 24, 'attention_head_size': 4, 'learning_rate': 0.01336923349129957}. Best is trial 59 with value: 0.06613359600305557.
LOCAL_RANK: 0 - CUDA_VISIBLE_DEVICES: [0]
[I 2023-11-29 20:22:41,077] Trial 70 finished with value: 0.17600488662719727 and parameters: {'gradient_clip_val': 0.8074698167275748, 'hidden_size': 55, 'dropout': 0.21552062297181532, 'hidden_continuous_size': 24, 'attention_head_size': 4, 'learning_rate': 0.01860941709569283}. Best is trial 59 with value: 0.06613359600305557.
LOCAL_RANK: 0 - CUDA_VISIBLE_DEVICES: [0]
[I 2023-11-29 20:22:54,810] Trial 71 finished with value: 0.1496201604604721 and parameters: {'gradient_clip_val': 0.6969838274280589, 'hidden_size': 63, 'dropout': 0.20826401788521887, 'hidden_continuous_size': 25, 'attention_head_size': 4, 'learning_rate': 0.02900806284371803}. Best is trial 59 with value: 0.06613359600305557.
LOCAL_RANK: 0 - CUDA_VISIBLE_DEVICES: [0]
[I 2023-11-29 20:23:08,555] Trial 72 finished with value: 0.26776614785194397 and parameters: {'gradient_clip_val': 0.6319213495345161, 'hidden_size': 70, 'dropout': 0.22275555820718906, 'hidden_continuous_size': 26, 'attention_head_size': 4, 'learning_rate': 0.030973769497522025}. Best is trial 59 with value: 0.06613359600305557.
LOCAL_RANK: 0 - CUDA_VISIBLE_DEVICES: [0]
[I 2023-11-29 20:23:22,376] Trial 73 finished with value: 0.11453288793563843 and parameters: {'gradient_clip_val': 0.6780779068453454, 'hidden_size': 67, 'dropout': 0.19706795944038713, 'hidden_continuous_size': 30, 'attention_head_size': 4, 'learning_rate': 0.0235782501140412}. Best is trial 59 with value: 0.06613359600305557.
LOCAL_RANK: 0 - CUDA_VISIBLE_DEVICES: [0]
[I 2023-11-29 20:23:35,965] Trial 74 finished with value: 0.07255836576223373 and parameters: {'gradient_clip_val': 0.5713356237689157, 'hidden_size': 76, 'dropout': 0.24189250525417832, 'hidden_continuous_size': 28, 'attention_head_size': 4, 'learning_rate': 0.03782125708740499}. Best is trial 59 with value: 0.06613359600305557.
LOCAL_RANK: 0 - CUDA_VISIBLE_DEVICES: [0]
[I 2023-11-29 20:23:49,755] Trial 75 finished with value: 0.0992010310292244 and parameters: {'gradient_clip_val': 0.5664620865319521, 'hidden_size': 58, 'dropout': 0.23964131906779132, 'hidden_continuous_size': 26, 'attention_head_size': 4, 'learning_rate': 0.03929112454551761}. Best is trial 59 with value: 0.06613359600305557.
LOCAL_RANK: 0 - CUDA_VISIBLE_DEVICES: [0]
[I 2023-11-29 20:24:03,892] Trial 76 finished with value: 0.0982162356376648 and parameters: {'gradient_clip_val': 0.6333271798890493, 'hidden_size': 108, 'dropout': 0.25768892908902513, 'hidden_continuous_size': 29, 'attention_head_size': 4, 'learning_rate': 0.03745441023580288}. Best is trial 59 with value: 0.06613359600305557.
LOCAL_RANK: 0 - CUDA_VISIBLE_DEVICES: [0]
[I 2023-11-29 20:24:17,789] Trial 77 finished with value: 0.22346027195453644 and parameters: {'gradient_clip_val': 0.5545506463446945, 'hidden_size': 77, 'dropout': 0.24061091990987105, 'hidden_continuous_size': 31, 'attention_head_size': 4, 'learning_rate': 0.03357760674823287}. Best is trial 59 with value: 0.06613359600305557.
LOCAL_RANK: 0 - CUDA_VISIBLE_DEVICES: [0]
[I 2023-11-29 20:24:31,867] Trial 78 finished with value: 0.11597301810979843 and parameters: {'gradient_clip_val': 0.727608885998954, 'hidden_size': 87, 'dropout': 0.22005093740608847, 'hidden_continuous_size': 34, 'attention_head_size': 4, 'learning_rate': 0.025376088482920313}. Best is trial 59 with value: 0.06613359600305557.
LOCAL_RANK: 0 - CUDA_VISIBLE_DEVICES: [0]
[I 2023-11-29 20:24:45,816] Trial 79 finished with value: 0.2819494307041168 and parameters: {'gradient_clip_val': 0.5473179337171818, 'hidden_size': 97, 'dropout': 0.2282654608317832, 'hidden_continuous_size': 22, 'attention_head_size': 4, 'learning_rate': 0.05305076334832524}. Best is trial 59 with value: 0.06613359600305557.
LOCAL_RANK: 0 - CUDA_VISIBLE_DEVICES: [0]
[I 2023-11-29 20:24:59,550] Trial 80 finished with value: 0.14923307299613953 and parameters: {'gradient_clip_val': 0.7561316886885768, 'hidden_size': 60, 'dropout': 0.20841170892147348, 'hidden_continuous_size': 26, 'attention_head_size': 4, 'learning_rate': 0.020607759704184058}. Best is trial 59 with value: 0.06613359600305557.
LOCAL_RANK: 0 - CUDA_VISIBLE_DEVICES: [0]
[I 2023-11-29 20:25:13,347] Trial 81 finished with value: 0.16941265761852264 and parameters: {'gradient_clip_val': 0.6871402287090326, 'hidden_size': 72, 'dropout': 0.2140989161107524, 'hidden_continuous_size': 28, 'attention_head_size': 4, 'learning_rate': 0.029164549245652628}. Best is trial 59 with value: 0.06613359600305557.
LOCAL_RANK: 0 - CUDA_VISIBLE_DEVICES: [0]
[I 2023-11-29 20:25:27,195] Trial 82 finished with value: 0.21106088161468506 and parameters: {'gradient_clip_val': 0.6171101639842577, 'hidden_size': 66, 'dropout': 0.200650824726969, 'hidden_continuous_size': 27, 'attention_head_size': 4, 'learning_rate': 0.03209214297637132}. Best is trial 59 with value: 0.06613359600305557.
LOCAL_RANK: 0 - CUDA_VISIBLE_DEVICES: [0]
[I 2023-11-29 20:25:41,076] Trial 83 finished with value: 0.14656962454319 and parameters: {'gradient_clip_val': 0.6565992285080617, 'hidden_size': 78, 'dropout': 0.19199021102544567, 'hidden_continuous_size': 30, 'attention_head_size': 4, 'learning_rate': 0.04333482440079021}. Best is trial 59 with value: 0.06613359600305557.
LOCAL_RANK: 0 - CUDA_VISIBLE_DEVICES: [0]
[I 2023-11-29 20:25:55,291] Trial 84 finished with value: 0.08449974656105042 and parameters: {'gradient_clip_val': 0.5839156422781558, 'hidden_size': 83, 'dropout': 0.24847410401600178, 'hidden_continuous_size': 28, 'attention_head_size': 4, 'learning_rate': 0.02576628938516552}. Best is trial 59 with value: 0.06613359600305557.
LOCAL_RANK: 0 - CUDA_VISIBLE_DEVICES: [0]
[I 2023-11-29 20:26:09,419] Trial 85 finished with value: 0.08886450529098511 and parameters: {'gradient_clip_val': 0.6071224221233897, 'hidden_size': 94, 'dropout': 0.24694928152034618, 'hidden_continuous_size': 32, 'attention_head_size': 4, 'learning_rate': 0.0244981332452833}. Best is trial 59 with value: 0.06613359600305557.
LOCAL_RANK: 0 - CUDA_VISIBLE_DEVICES: [0]
[I 2023-11-29 20:26:23,561] Trial 86 finished with value: 0.21119005978107452 and parameters: {'gradient_clip_val': 0.49090365884555426, 'hidden_size': 94, 'dropout': 0.25283749007831424, 'hidden_continuous_size': 33, 'attention_head_size': 4, 'learning_rate': 0.02466601396377963}. Best is trial 59 with value: 0.06613359600305557.
LOCAL_RANK: 0 - CUDA_VISIBLE_DEVICES: [0]
[I 2023-11-29 20:26:37,922] Trial 87 finished with value: 0.1828349232673645 and parameters: {'gradient_clip_val': 0.5820749341640141, 'hidden_size': 121, 'dropout': 0.2638448471753733, 'hidden_continuous_size': 36, 'attention_head_size': 4, 'learning_rate': 0.01846297817290819}. Best is trial 59 with value: 0.06613359600305557.
LOCAL_RANK: 0 - CUDA_VISIBLE_DEVICES: [0]
[I 2023-11-29 20:26:51,832] Trial 88 finished with value: 0.26794925332069397 and parameters: {'gradient_clip_val': 0.5131821112059968, 'hidden_size': 84, 'dropout': 0.2687844319438073, 'hidden_continuous_size': 31, 'attention_head_size': 4, 'learning_rate': 0.05937497982883946}. Best is trial 59 with value: 0.06613359600305557.
LOCAL_RANK: 0 - CUDA_VISIBLE_DEVICES: [0]
[I 2023-11-29 20:27:06,010] Trial 89 finished with value: 0.08409252762794495 and parameters: {'gradient_clip_val': 0.6009338994069244, 'hidden_size': 87, 'dropout': 0.24794084645628428, 'hidden_continuous_size': 28, 'attention_head_size': 4, 'learning_rate': 0.040347873259531125}. Best is trial 59 with value: 0.06613359600305557.
LOCAL_RANK: 0 - CUDA_VISIBLE_DEVICES: [0]
[I 2023-11-29 20:27:19,913] Trial 90 finished with value: 0.10691390186548233 and parameters: {'gradient_clip_val': 0.5470467867077772, 'hidden_size': 87, 'dropout': 0.23404750105269737, 'hidden_continuous_size': 24, 'attention_head_size': 4, 'learning_rate': 0.041217982054279984}. Best is trial 59 with value: 0.06613359600305557.
LOCAL_RANK: 0 - CUDA_VISIBLE_DEVICES: [0]
[I 2023-11-29 20:27:33,874] Trial 91 finished with value: 0.10132724046707153 and parameters: {'gradient_clip_val': 0.6029061937019066, 'hidden_size': 79, 'dropout': 0.24643574059574175, 'hidden_continuous_size': 29, 'attention_head_size': 4, 'learning_rate': 0.02687540492363193}. Best is trial 59 with value: 0.06613359600305557.
LOCAL_RANK: 0 - CUDA_VISIBLE_DEVICES: [0]
[I 2023-11-29 20:27:48,191] Trial 92 finished with value: 0.2537725865840912 and parameters: {'gradient_clip_val': 0.5812028451620684, 'hidden_size': 91, 'dropout': 0.25017186733366237, 'hidden_continuous_size': 40, 'attention_head_size': 4, 'learning_rate': 0.035082554713672345}. Best is trial 59 with value: 0.06613359600305557.
LOCAL_RANK: 0 - CUDA_VISIBLE_DEVICES: [0]
[I 2023-11-29 20:28:02,096] Trial 93 finished with value: 0.14967986941337585 and parameters: {'gradient_clip_val': 0.637211944920698, 'hidden_size': 74, 'dropout': 0.24299163825485642, 'hidden_continuous_size': 28, 'attention_head_size': 4, 'learning_rate': 0.02193249278754509}. Best is trial 59 with value: 0.06613359600305557.
LOCAL_RANK: 0 - CUDA_VISIBLE_DEVICES: [0]
[I 2023-11-29 20:28:16,182] Trial 94 finished with value: 0.08926262706518173 and parameters: {'gradient_clip_val': 0.5328890760879101, 'hidden_size': 76, 'dropout': 0.2509724962182383, 'hidden_continuous_size': 33, 'attention_head_size': 4, 'learning_rate': 0.03785322946843369}. Best is trial 59 with value: 0.06613359600305557.
LOCAL_RANK: 0 - CUDA_VISIBLE_DEVICES: [0]
[I 2023-11-29 20:28:29,931] Trial 95 finished with value: 0.09025271981954575 and parameters: {'gradient_clip_val': 0.7229754147158185, 'hidden_size': 84, 'dropout': 0.2347700175696945, 'hidden_continuous_size': 30, 'attention_head_size': 4, 'learning_rate': 0.04581278989051028}. Best is trial 59 with value: 0.06613359600305557.
LOCAL_RANK: 0 - CUDA_VISIBLE_DEVICES: [0]
[I 2023-11-29 20:28:44,038] Trial 96 finished with value: 0.14809906482696533 and parameters: {'gradient_clip_val': 0.6036542412722048, 'hidden_size': 103, 'dropout': 0.2265944305507362, 'hidden_continuous_size': 22, 'attention_head_size': 4, 'learning_rate': 0.05484081395934377}. Best is trial 59 with value: 0.06613359600305557.
LOCAL_RANK: 0 - CUDA_VISIBLE_DEVICES: [0]
[I 2023-11-29 20:28:57,854] Trial 97 finished with value: 0.15105728805065155 and parameters: {'gradient_clip_val': 0.5010498181405753, 'hidden_size': 96, 'dropout': 0.2742216247722966, 'hidden_continuous_size': 32, 'attention_head_size': 1, 'learning_rate': 0.026799680214725223}. Best is trial 59 with value: 0.06613359600305557.
LOCAL_RANK: 0 - CUDA_VISIBLE_DEVICES: [0]
[I 2023-11-29 20:29:11,572] Trial 98 finished with value: 0.1671389788389206 and parameters: {'gradient_clip_val': 0.4647557296129991, 'hidden_size': 72, 'dropout': 0.25351369314146255, 'hidden_continuous_size': 28, 'attention_head_size': 4, 'learning_rate': 0.06212123939822483}. Best is trial 59 with value: 0.06613359600305557.
LOCAL_RANK: 0 - CUDA_VISIBLE_DEVICES: [0]
[I 2023-11-29 20:29:25,663] Trial 99 finished with value: 0.11933410912752151 and parameters: {'gradient_clip_val': 0.6488327586722553, 'hidden_size': 85, 'dropout': 0.28302608448358924, 'hidden_continuous_size': 24, 'attention_head_size': 4, 'learning_rate': 0.0470154102991299}. Best is trial 59 with value: 0.06613359600305557.
LOCAL_RANK: 0 - CUDA_VISIBLE_DEVICES: [0]
[I 2023-11-29 20:29:39,868] Trial 100 finished with value: 0.18246245384216309 and parameters: {'gradient_clip_val': 0.5672789050089803, 'hidden_size': 93, 'dropout': 0.2444392659990458, 'hidden_continuous_size': 35, 'attention_head_size': 4, 'learning_rate': 0.07147641347773062}. Best is trial 59 with value: 0.06613359600305557.
LOCAL_RANK: 0 - CUDA_VISIBLE_DEVICES: [0]
[I 2023-11-29 20:29:53,653] Trial 101 finished with value: 0.1009858027100563 and parameters: {'gradient_clip_val': 0.5296195307134264, 'hidden_size': 76, 'dropout': 0.24779509031344735, 'hidden_continuous_size': 38, 'attention_head_size': 4, 'learning_rate': 0.036298164464287075}. Best is trial 59 with value: 0.06613359600305557.
LOCAL_RANK: 0 - CUDA_VISIBLE_DEVICES: [0]
[I 2023-11-29 20:30:07,595] Trial 102 finished with value: 0.12636838853359222 and parameters: {'gradient_clip_val': 0.5311152956521641, 'hidden_size': 77, 'dropout': 0.23515252340252546, 'hidden_continuous_size': 33, 'attention_head_size': 4, 'learning_rate': 0.04098951697204496}. Best is trial 59 with value: 0.06613359600305557.
LOCAL_RANK: 0 - CUDA_VISIBLE_DEVICES: [0]
[I 2023-11-29 20:30:21,550] Trial 103 finished with value: 0.12047725915908813 and parameters: {'gradient_clip_val': 0.615411832405433, 'hidden_size': 80, 'dropout': 0.25516619228941695, 'hidden_continuous_size': 33, 'attention_head_size': 4, 'learning_rate': 0.037410882881692406}. Best is trial 59 with value: 0.06613359600305557.
LOCAL_RANK: 0 - CUDA_VISIBLE_DEVICES: [0]
[I 2023-11-29 20:30:35,711] Trial 104 finished with value: 0.08690264821052551 and parameters: {'gradient_clip_val': 0.7044844735415183, 'hidden_size': 89, 'dropout': 0.22664098057188178, 'hidden_continuous_size': 31, 'attention_head_size': 4, 'learning_rate': 0.032859347029785664}. Best is trial 59 with value: 0.06613359600305557.
LOCAL_RANK: 0 - CUDA_VISIBLE_DEVICES: [0]
[I 2023-11-29 20:30:49,753] Trial 105 finished with value: 0.12840121984481812 and parameters: {'gradient_clip_val': 0.7081589004301628, 'hidden_size': 90, 'dropout': 0.2046485362401355, 'hidden_continuous_size': 31, 'attention_head_size': 4, 'learning_rate': 0.0322253973424636}. Best is trial 59 with value: 0.06613359600305557.
LOCAL_RANK: 0 - CUDA_VISIBLE_DEVICES: [0]
[I 2023-11-29 20:31:03,703] Trial 106 finished with value: 0.2790428400039673 and parameters: {'gradient_clip_val': 0.766341071276086, 'hidden_size': 83, 'dropout': 0.22418017148943398, 'hidden_continuous_size': 30, 'attention_head_size': 4, 'learning_rate': 0.05068147218794296}. Best is trial 59 with value: 0.06613359600305557.
LOCAL_RANK: 0 - CUDA_VISIBLE_DEVICES: [0]
[I 2023-11-29 20:31:17,893] Trial 107 finished with value: 0.19347937405109406 and parameters: {'gradient_clip_val': 0.6512768055216691, 'hidden_size': 101, 'dropout': 0.23682962776143698, 'hidden_continuous_size': 23, 'attention_head_size': 4, 'learning_rate': 0.02753218697927727}. Best is trial 59 with value: 0.06613359600305557.
LOCAL_RANK: 0 - CUDA_VISIBLE_DEVICES: [0]
[I 2023-11-29 20:31:31,547] Trial 108 finished with value: 0.17361247539520264 and parameters: {'gradient_clip_val': 0.5650792557896337, 'hidden_size': 64, 'dropout': 0.22167956271249478, 'hidden_continuous_size': 26, 'attention_head_size': 4, 'learning_rate': 0.024569198274536734}. Best is trial 59 with value: 0.06613359600305557.
LOCAL_RANK: 0 - CUDA_VISIBLE_DEVICES: [0]
[I 2023-11-29 20:31:45,523] Trial 109 finished with value: 0.1817149519920349 and parameters: {'gradient_clip_val': 0.706816489424954, 'hidden_size': 70, 'dropout': 0.22962988969275278, 'hidden_continuous_size': 27, 'attention_head_size': 4, 'learning_rate': 0.044326307506844825}. Best is trial 59 with value: 0.06613359600305557.
LOCAL_RANK: 0 - CUDA_VISIBLE_DEVICES: [0]
[I 2023-11-29 20:31:59,370] Trial 110 finished with value: 0.1601957231760025 and parameters: {'gradient_clip_val': 0.5971888032519636, 'hidden_size': 88, 'dropout': 0.18125232829174182, 'hidden_continuous_size': 28, 'attention_head_size': 4, 'learning_rate': 0.03376183249643171}. Best is trial 59 with value: 0.06613359600305557.
LOCAL_RANK: 0 - CUDA_VISIBLE_DEVICES: [0]
[I 2023-11-29 20:32:13,298] Trial 111 finished with value: 0.12281747907400131 and parameters: {'gradient_clip_val': 0.544890337189811, 'hidden_size': 75, 'dropout': 0.24266131396987264, 'hidden_continuous_size': 32, 'attention_head_size': 4, 'learning_rate': 0.039634775539652646}. Best is trial 59 with value: 0.06613359600305557.
LOCAL_RANK: 0 - CUDA_VISIBLE_DEVICES: [0]
[I 2023-11-29 20:32:27,041] Trial 112 finished with value: 0.16889935731887817 and parameters: {'gradient_clip_val': 0.6193106216288609, 'hidden_size': 80, 'dropout': 0.23033234558916119, 'hidden_continuous_size': 34, 'attention_head_size': 4, 'learning_rate': 0.02899130783251748}. Best is trial 59 with value: 0.06613359600305557.
LOCAL_RANK: 0 - CUDA_VISIBLE_DEVICES: [0]
[I 2023-11-29 20:32:41,188] Trial 113 finished with value: 0.1627814620733261 and parameters: {'gradient_clip_val': 0.6675015711882862, 'hidden_size': 97, 'dropout': 0.2600983732381273, 'hidden_continuous_size': 29, 'attention_head_size': 4, 'learning_rate': 0.048742608908226764}. Best is trial 59 with value: 0.06613359600305557.
LOCAL_RANK: 0 - CUDA_VISIBLE_DEVICES: [0]
[I 2023-11-29 20:32:55,113] Trial 114 finished with value: 0.11713332682847977 and parameters: {'gradient_clip_val': 0.49884243013169105, 'hidden_size': 72, 'dropout': 0.17269757540403063, 'hidden_continuous_size': 25, 'attention_head_size': 4, 'learning_rate': 0.03697548125627936}. Best is trial 59 with value: 0.06613359600305557.
LOCAL_RANK: 0 - CUDA_VISIBLE_DEVICES: [0]
