[I 2023-11-30 10:22:30,015] Trial 56 finished with value: 0.24364976584911346 and parameters: {'gradient_clip_val': 0.3074278942835099, 'hidden_size': 97, 'dropout': 0.37417551015622896, 'hidden_continuous_size': 65, 'attention_head_size': 3, 'learning_rate': 0.01991059950629274}. Best is trial 38 with value: 0.10616829246282578.
LOCAL_RANK: 0 - CUDA_VISIBLE_DEVICES: [0]
[I 2023-11-30 10:22:43,979] Trial 57 finished with value: 0.2803249657154083 and parameters: {'gradient_clip_val': 0.21586652556905897, 'hidden_size': 68, 'dropout': 0.3994415090703787, 'hidden_continuous_size': 52, 'attention_head_size': 4, 'learning_rate': 0.015228102751734291}. Best is trial 38 with value: 0.10616829246282578.
LOCAL_RANK: 0 - CUDA_VISIBLE_DEVICES: [0]
[I 2023-11-30 10:22:58,212] Trial 58 finished with value: 0.20171312987804413 and parameters: {'gradient_clip_val': 0.27768699875749553, 'hidden_size': 87, 'dropout': 0.35882840917236747, 'hidden_continuous_size': 61, 'attention_head_size': 3, 'learning_rate': 0.025137423455561712}. Best is trial 38 with value: 0.10616829246282578.
LOCAL_RANK: 0 - CUDA_VISIBLE_DEVICES: [0]
[I 2023-11-30 10:23:12,283] Trial 59 finished with value: 0.22216802835464478 and parameters: {'gradient_clip_val': 0.36441219555830645, 'hidden_size': 59, 'dropout': 0.3863295948617289, 'hidden_continuous_size': 49, 'attention_head_size': 4, 'learning_rate': 0.08773554347329161}. Best is trial 38 with value: 0.10616829246282578.
LOCAL_RANK: 0 - CUDA_VISIBLE_DEVICES: [0]
[I 2023-11-30 10:23:26,444] Trial 60 finished with value: 0.19270114600658417 and parameters: {'gradient_clip_val': 0.32896946914223585, 'hidden_size': 84, 'dropout': 0.3645403306460819, 'hidden_continuous_size': 57, 'attention_head_size': 2, 'learning_rate': 0.06501470094557092}. Best is trial 38 with value: 0.10616829246282578.
LOCAL_RANK: 0 - CUDA_VISIBLE_DEVICES: [0]
[I 2023-11-30 10:23:40,306] Trial 61 finished with value: 0.17200970649719238 and parameters: {'gradient_clip_val': 0.6375708336797193, 'hidden_size': 51, 'dropout': 0.3391357679077243, 'hidden_continuous_size': 45, 'attention_head_size': 4, 'learning_rate': 0.023866552405853152}. Best is trial 38 with value: 0.10616829246282578.
LOCAL_RANK: 0 - CUDA_VISIBLE_DEVICES: [0]
[I 2023-11-30 10:23:53,967] Trial 62 finished with value: 0.16641950607299805 and parameters: {'gradient_clip_val': 0.4349272628645229, 'hidden_size': 56, 'dropout': 0.32795483646691037, 'hidden_continuous_size': 47, 'attention_head_size': 4, 'learning_rate': 0.02592428378200595}. Best is trial 38 with value: 0.10616829246282578.
LOCAL_RANK: 0 - CUDA_VISIBLE_DEVICES: [0]
[I 2023-11-30 10:24:08,143] Trial 63 finished with value: 0.15911321341991425 and parameters: {'gradient_clip_val': 0.4738211745041049, 'hidden_size': 71, 'dropout': 0.3508488245150402, 'hidden_continuous_size': 53, 'attention_head_size': 4, 'learning_rate': 0.03318542644539051}. Best is trial 38 with value: 0.10616829246282578.
LOCAL_RANK: 0 - CUDA_VISIBLE_DEVICES: [0]
[I 2023-11-30 10:24:22,370] Trial 64 finished with value: 0.1605980545282364 and parameters: {'gradient_clip_val': 0.3889679148274454, 'hidden_size': 66, 'dropout': 0.32086959910724494, 'hidden_continuous_size': 54, 'attention_head_size': 4, 'learning_rate': 0.019701523762128536}. Best is trial 38 with value: 0.10616829246282578.
LOCAL_RANK: 0 - CUDA_VISIBLE_DEVICES: [0]
[I 2023-11-30 10:24:36,729] Trial 65 finished with value: 0.292910635471344 and parameters: {'gradient_clip_val': 0.5580557082526759, 'hidden_size': 98, 'dropout': 0.2968412926166498, 'hidden_continuous_size': 41, 'attention_head_size': 4, 'learning_rate': 0.029701086023001647}. Best is trial 38 with value: 0.10616829246282578.
LOCAL_RANK: 0 - CUDA_VISIBLE_DEVICES: [0]
[I 2023-11-30 10:24:50,412] Trial 66 finished with value: 0.21474964916706085 and parameters: {'gradient_clip_val': 0.7417678136251582, 'hidden_size': 63, 'dropout': 0.3132412156068731, 'hidden_continuous_size': 48, 'attention_head_size': 1, 'learning_rate': 0.017108875830835524}. Best is trial 38 with value: 0.10616829246282578.
LOCAL_RANK: 0 - CUDA_VISIBLE_DEVICES: [0]
[I 2023-11-30 10:25:04,118] Trial 67 finished with value: 0.21182768046855927 and parameters: {'gradient_clip_val': 0.41975732425962886, 'hidden_size': 45, 'dropout': 0.27361501083473233, 'hidden_continuous_size': 41, 'attention_head_size': 4, 'learning_rate': 0.04419338913751289}. Best is trial 38 with value: 0.10616829246282578.
LOCAL_RANK: 0 - CUDA_VISIBLE_DEVICES: [0]
[I 2023-11-30 10:25:18,165] Trial 68 finished with value: 0.2474270462989807 and parameters: {'gradient_clip_val': 0.48019137911486115, 'hidden_size': 80, 'dropout': 0.37836356312280595, 'hidden_continuous_size': 35, 'attention_head_size': 4, 'learning_rate': 0.03846454780078359}. Best is trial 38 with value: 0.10616829246282578.
LOCAL_RANK: 0 - CUDA_VISIBLE_DEVICES: [0]
[I 2023-11-30 10:25:31,896] Trial 69 finished with value: 0.1099957823753357 and parameters: {'gradient_clip_val': 0.2484483417452494, 'hidden_size': 54, 'dropout': 0.3078265003212784, 'hidden_continuous_size': 44, 'attention_head_size': 1, 'learning_rate': 0.03230934881890403}. Best is trial 38 with value: 0.10616829246282578.
LOCAL_RANK: 0 - CUDA_VISIBLE_DEVICES: [0]
[I 2023-11-30 10:25:45,811] Trial 70 finished with value: 0.1573246270418167 and parameters: {'gradient_clip_val': 0.24640293784968353, 'hidden_size': 73, 'dropout': 0.3322414565332488, 'hidden_continuous_size': 59, 'attention_head_size': 1, 'learning_rate': 0.0334134146346852}. Best is trial 38 with value: 0.10616829246282578.
LOCAL_RANK: 0 - CUDA_VISIBLE_DEVICES: [0]
[I 2023-11-30 10:25:59,319] Trial 71 finished with value: 0.13708800077438354 and parameters: {'gradient_clip_val': 0.27618061764950497, 'hidden_size': 54, 'dropout': 0.29363903499432215, 'hidden_continuous_size': 44, 'attention_head_size': 1, 'learning_rate': 0.024730811393634842}. Best is trial 38 with value: 0.10616829246282578.
LOCAL_RANK: 0 - CUDA_VISIBLE_DEVICES: [0]
[I 2023-11-30 10:26:12,788] Trial 72 finished with value: 0.17883539199829102 and parameters: {'gradient_clip_val': 0.2781708114366486, 'hidden_size': 56, 'dropout': 0.290504063854243, 'hidden_continuous_size': 50, 'attention_head_size': 1, 'learning_rate': 0.021028184331824}. Best is trial 38 with value: 0.10616829246282578.
LOCAL_RANK: 0 - CUDA_VISIBLE_DEVICES: [0]
[I 2023-11-30 10:26:26,482] Trial 73 finished with value: 0.16117149591445923 and parameters: {'gradient_clip_val': 0.22471585302208122, 'hidden_size': 61, 'dropout': 0.31545168084978226, 'hidden_continuous_size': 50, 'attention_head_size': 1, 'learning_rate': 0.015768991672955136}. Best is trial 38 with value: 0.10616829246282578.
LOCAL_RANK: 0 - CUDA_VISIBLE_DEVICES: [0]
[I 2023-11-30 10:26:40,882] Trial 74 finished with value: 0.2072456330060959 and parameters: {'gradient_clip_val': 0.2983277806228737, 'hidden_size': 89, 'dropout': 0.30777402837744405, 'hidden_continuous_size': 65, 'attention_head_size': 1, 'learning_rate': 0.053092155204821016}. Best is trial 38 with value: 0.10616829246282578.
LOCAL_RANK: 0 - CUDA_VISIBLE_DEVICES: [0]
[I 2023-11-30 10:26:54,720] Trial 75 finished with value: 0.19939164817333221 and parameters: {'gradient_clip_val': 0.25240947824562115, 'hidden_size': 79, 'dropout': 0.27881972313674686, 'hidden_continuous_size': 43, 'attention_head_size': 1, 'learning_rate': 0.031095280004620213}. Best is trial 38 with value: 0.10616829246282578.
LOCAL_RANK: 0 - CUDA_VISIBLE_DEVICES: [0]
[I 2023-11-30 10:27:08,677] Trial 76 finished with value: 0.1869821399450302 and parameters: {'gradient_clip_val': 0.20142069657932635, 'hidden_size': 70, 'dropout': 0.34160689140416695, 'hidden_continuous_size': 57, 'attention_head_size': 1, 'learning_rate': 0.03677380893003109}. Best is trial 38 with value: 0.10616829246282578.
LOCAL_RANK: 0 - CUDA_VISIBLE_DEVICES: [0]
[I 2023-11-30 10:27:22,440] Trial 77 finished with value: 0.20948927104473114 and parameters: {'gradient_clip_val': 0.3308530657709785, 'hidden_size': 63, 'dropout': 0.2918978592257415, 'hidden_continuous_size': 55, 'attention_head_size': 2, 'learning_rate': 0.023478519297849117}. Best is trial 38 with value: 0.10616829246282578.
LOCAL_RANK: 0 - CUDA_VISIBLE_DEVICES: [0]
[I 2023-11-30 10:27:36,001] Trial 78 finished with value: 0.23945152759552002 and parameters: {'gradient_clip_val': 0.2880388994332648, 'hidden_size': 50, 'dropout': 0.38955450644490724, 'hidden_continuous_size': 44, 'attention_head_size': 1, 'learning_rate': 0.04545962877711543}. Best is trial 38 with value: 0.10616829246282578.
LOCAL_RANK: 0 - CUDA_VISIBLE_DEVICES: [0]
[I 2023-11-30 10:27:50,373] Trial 79 finished with value: 0.24877500534057617 and parameters: {'gradient_clip_val': 0.31415925124781996, 'hidden_size': 93, 'dropout': 0.32698994526718056, 'hidden_continuous_size': 33, 'attention_head_size': 1, 'learning_rate': 0.01836120695954057}. Best is trial 38 with value: 0.10616829246282578.
LOCAL_RANK: 0 - CUDA_VISIBLE_DEVICES: [0]
[I 2023-11-30 10:28:04,115] Trial 80 finished with value: 0.20686157047748566 and parameters: {'gradient_clip_val': 0.9273734771526593, 'hidden_size': 58, 'dropout': 0.37391877921479827, 'hidden_continuous_size': 47, 'attention_head_size': 1, 'learning_rate': 0.027685488698857744}. Best is trial 38 with value: 0.10616829246282578.
LOCAL_RANK: 0 - CUDA_VISIBLE_DEVICES: [0]
[I 2023-11-30 10:28:18,138] Trial 81 finished with value: 0.13031695783138275 and parameters: {'gradient_clip_val': 0.673376475638051, 'hidden_size': 53, 'dropout': 0.2973530068648345, 'hidden_continuous_size': 47, 'attention_head_size': 1, 'learning_rate': 0.027640949876611868}. Best is trial 38 with value: 0.10616829246282578.
LOCAL_RANK: 0 - CUDA_VISIBLE_DEVICES: [0]
[I 2023-11-30 10:28:31,698] Trial 82 finished with value: 0.19394928216934204 and parameters: {'gradient_clip_val': 0.802090118362621, 'hidden_size': 47, 'dropout': 0.280498436038173, 'hidden_continuous_size': 40, 'attention_head_size': 1, 'learning_rate': 0.023406842416785936}. Best is trial 38 with value: 0.10616829246282578.
LOCAL_RANK: 0 - CUDA_VISIBLE_DEVICES: [0]
[I 2023-11-30 10:28:45,188] Trial 83 finished with value: 0.15093106031417847 and parameters: {'gradient_clip_val': 0.7307641789373193, 'hidden_size': 53, 'dropout': 0.3108835311918207, 'hidden_continuous_size': 47, 'attention_head_size': 1, 'learning_rate': 0.03573074588103044}. Best is trial 38 with value: 0.10616829246282578.
LOCAL_RANK: 0 - CUDA_VISIBLE_DEVICES: [0]
[I 2023-11-30 10:28:58,724] Trial 84 finished with value: 0.1575593501329422 and parameters: {'gradient_clip_val': 0.6679710300679861, 'hidden_size': 42, 'dropout': 0.3216426643161536, 'hidden_continuous_size': 38, 'attention_head_size': 1, 'learning_rate': 0.03092932093507281}. Best is trial 38 with value: 0.10616829246282578.
LOCAL_RANK: 0 - CUDA_VISIBLE_DEVICES: [0]
[I 2023-11-30 10:29:12,586] Trial 85 finished with value: 0.17861515283584595 and parameters: {'gradient_clip_val': 0.6314035523670726, 'hidden_size': 75, 'dropout': 0.29514266672969075, 'hidden_continuous_size': 42, 'attention_head_size': 1, 'learning_rate': 0.0208439237455947}. Best is trial 38 with value: 0.10616829246282578.
LOCAL_RANK: 0 - CUDA_VISIBLE_DEVICES: [0]
[I 2023-11-30 10:29:26,597] Trial 86 finished with value: 0.13724595308303833 and parameters: {'gradient_clip_val': 0.7744272354933213, 'hidden_size': 66, 'dropout': 0.2635503071512532, 'hidden_continuous_size': 54, 'attention_head_size': 1, 'learning_rate': 0.02624431290751072}. Best is trial 38 with value: 0.10616829246282578.
LOCAL_RANK: 0 - CUDA_VISIBLE_DEVICES: [0]
[I 2023-11-30 10:29:41,238] Trial 87 finished with value: 0.2166171818971634 and parameters: {'gradient_clip_val': 0.7762811138992302, 'hidden_size': 65, 'dropout': 0.2656627464206275, 'hidden_continuous_size': 53, 'attention_head_size': 1, 'learning_rate': 0.04141854628874491}. Best is trial 38 with value: 0.10616829246282578.
LOCAL_RANK: 0 - CUDA_VISIBLE_DEVICES: [0]
[I 2023-11-30 10:29:54,766] Trial 88 finished with value: 0.18252135813236237 and parameters: {'gradient_clip_val': 0.7023009771987375, 'hidden_size': 56, 'dropout': 0.2847828923696842, 'hidden_continuous_size': 50, 'attention_head_size': 1, 'learning_rate': 0.09520658425196514}. Best is trial 38 with value: 0.10616829246282578.
LOCAL_RANK: 0 - CUDA_VISIBLE_DEVICES: [0]
[I 2023-11-30 10:30:09,036] Trial 89 finished with value: 0.15927475690841675 and parameters: {'gradient_clip_val': 0.8178028238238167, 'hidden_size': 82, 'dropout': 0.3071867480597298, 'hidden_continuous_size': 61, 'attention_head_size': 1, 'learning_rate': 0.0284254149468346}. Best is trial 38 with value: 0.10616829246282578.
LOCAL_RANK: 0 - CUDA_VISIBLE_DEVICES: [0]
[I 2023-11-30 10:30:22,607] Trial 90 finished with value: 0.168754443526268 and parameters: {'gradient_clip_val': 0.8544727011142954, 'hidden_size': 60, 'dropout': 0.2912011213714722, 'hidden_continuous_size': 52, 'attention_head_size': 1, 'learning_rate': 0.01806329834084029}. Best is trial 38 with value: 0.10616829246282578.
LOCAL_RANK: 0 - CUDA_VISIBLE_DEVICES: [0]
[I 2023-11-30 10:30:36,585] Trial 91 finished with value: 0.13028277456760406 and parameters: {'gradient_clip_val': 0.998061770039474, 'hidden_size': 71, 'dropout': 0.26196856620630976, 'hidden_continuous_size': 59, 'attention_head_size': 1, 'learning_rate': 0.0250455695876309}. Best is trial 38 with value: 0.10616829246282578.
LOCAL_RANK: 0 - CUDA_VISIBLE_DEVICES: [0]
[I 2023-11-30 10:30:50,440] Trial 92 finished with value: 0.1983414888381958 and parameters: {'gradient_clip_val': 0.9270534266239913, 'hidden_size': 75, 'dropout': 0.25718645807558393, 'hidden_continuous_size': 60, 'attention_head_size': 1, 'learning_rate': 0.02209747467894446}. Best is trial 38 with value: 0.10616829246282578.
LOCAL_RANK: 0 - CUDA_VISIBLE_DEVICES: [0]
[I 2023-11-30 10:31:03,967] Trial 93 finished with value: 0.10317108035087585 and parameters: {'gradient_clip_val': 0.8658541207070723, 'hidden_size': 53, 'dropout': 0.24437536984987063, 'hidden_continuous_size': 45, 'attention_head_size': 1, 'learning_rate': 0.026709623900084366}. Best is trial 93 with value: 0.10317108035087585.
LOCAL_RANK: 0 - CUDA_VISIBLE_DEVICES: [0]
[I 2023-11-30 10:31:17,631] Trial 94 finished with value: 0.19037704169750214 and parameters: {'gradient_clip_val': 0.9752655697409403, 'hidden_size': 52, 'dropout': 0.2441109747479515, 'hidden_continuous_size': 46, 'attention_head_size': 1, 'learning_rate': 0.03137990885740107}. Best is trial 93 with value: 0.10317108035087585.
LOCAL_RANK: 0 - CUDA_VISIBLE_DEVICES: [0]
[I 2023-11-30 10:31:31,301] Trial 95 finished with value: 0.18566589057445526 and parameters: {'gradient_clip_val': 0.894580937332545, 'hidden_size': 58, 'dropout': 0.27375116366247987, 'hidden_continuous_size': 44, 'attention_head_size': 1, 'learning_rate': 0.03658774716444645}. Best is trial 93 with value: 0.10317108035087585.
LOCAL_RANK: 0 - CUDA_VISIBLE_DEVICES: [0]
[I 2023-11-30 10:31:44,989] Trial 96 finished with value: 0.2306654006242752 and parameters: {'gradient_clip_val': 0.8510776770407422, 'hidden_size': 47, 'dropout': 0.2673353471882007, 'hidden_continuous_size': 43, 'attention_head_size': 2, 'learning_rate': 0.026190137816483335}. Best is trial 93 with value: 0.10317108035087585.
LOCAL_RANK: 0 - CUDA_VISIBLE_DEVICES: [0]
[I 2023-11-30 10:31:58,632] Trial 97 finished with value: 0.21830253303050995 and parameters: {'gradient_clip_val': 0.9828767234746567, 'hidden_size': 54, 'dropout': 0.2594615071357326, 'hidden_continuous_size': 49, 'attention_head_size': 1, 'learning_rate': 0.020115909336736345}. Best is trial 93 with value: 0.10317108035087585.
LOCAL_RANK: 0 - CUDA_VISIBLE_DEVICES: [0]
[I 2023-11-30 10:32:12,290] Trial 98 finished with value: 0.2411041408777237 and parameters: {'gradient_clip_val': 0.7397540476534336, 'hidden_size': 64, 'dropout': 0.24698031151582922, 'hidden_continuous_size': 55, 'attention_head_size': 1, 'learning_rate': 0.027678829100284304}. Best is trial 93 with value: 0.10317108035087585.
LOCAL_RANK: 0 - CUDA_VISIBLE_DEVICES: [0]
[I 2023-11-30 10:32:26,013] Trial 99 finished with value: 0.12518596649169922 and parameters: {'gradient_clip_val': 0.68118570165203, 'hidden_size': 51, 'dropout': 0.3011312619708557, 'hidden_continuous_size': 46, 'attention_head_size': 1, 'learning_rate': 0.0472855550479294}. Best is trial 93 with value: 0.10317108035087585.
LOCAL_RANK: 0 - CUDA_VISIBLE_DEVICES: [0]
[I 2023-11-30 10:32:39,556] Trial 100 finished with value: 0.2466602772474289 and parameters: {'gradient_clip_val': 0.6607530702566989, 'hidden_size': 49, 'dropout': 0.2994289245028582, 'hidden_continuous_size': 40, 'attention_head_size': 1, 'learning_rate': 0.04985165843163416}. Best is trial 93 with value: 0.10317108035087585.
LOCAL_RANK: 0 - CUDA_VISIBLE_DEVICES: [0]
[I 2023-11-30 10:32:53,265] Trial 101 finished with value: 0.19987161457538605 and parameters: {'gradient_clip_val': 0.5790416347013264, 'hidden_size': 55, 'dropout': 0.3044995170859027, 'hidden_continuous_size': 51, 'attention_head_size': 1, 'learning_rate': 0.033136692301153486}. Best is trial 93 with value: 0.10317108035087585.
LOCAL_RANK: 0 - CUDA_VISIBLE_DEVICES: [0]
[I 2023-11-30 10:33:06,975] Trial 102 finished with value: 0.23019123077392578 and parameters: {'gradient_clip_val': 0.6969838694525285, 'hidden_size': 68, 'dropout': 0.3168840643813726, 'hidden_continuous_size': 46, 'attention_head_size': 1, 'learning_rate': 0.057490718985809076}. Best is trial 93 with value: 0.10317108035087585.
LOCAL_RANK: 0 - CUDA_VISIBLE_DEVICES: [0]
[I 2023-11-30 10:33:20,705] Trial 103 finished with value: 0.21779882907867432 and parameters: {'gradient_clip_val': 0.7795227116909592, 'hidden_size': 62, 'dropout': 0.28562769387296305, 'hidden_continuous_size': 54, 'attention_head_size': 1, 'learning_rate': 0.04238944144889514}. Best is trial 93 with value: 0.10317108035087585.
LOCAL_RANK: 0 - CUDA_VISIBLE_DEVICES: [0]
[I 2023-11-30 10:33:34,232] Trial 104 finished with value: 0.1279536485671997 and parameters: {'gradient_clip_val': 0.8320210228883027, 'hidden_size': 51, 'dropout': 0.2531122109776219, 'hidden_continuous_size': 45, 'attention_head_size': 1, 'learning_rate': 0.0373581090071157}. Best is trial 93 with value: 0.10317108035087585.
LOCAL_RANK: 0 - CUDA_VISIBLE_DEVICES: [0]
[I 2023-11-30 10:33:47,651] Trial 105 finished with value: 0.12041402608156204 and parameters: {'gradient_clip_val': 0.6177127970399209, 'hidden_size': 51, 'dropout': 0.2503026602883929, 'hidden_continuous_size': 44, 'attention_head_size': 1, 'learning_rate': 0.038096345087547716}. Best is trial 93 with value: 0.10317108035087585.
LOCAL_RANK: 0 - CUDA_VISIBLE_DEVICES: [0]
[I 2023-11-30 10:34:01,121] Trial 106 finished with value: 0.2049397975206375 and parameters: {'gradient_clip_val': 0.6066171739618749, 'hidden_size': 51, 'dropout': 0.23195393853432017, 'hidden_continuous_size': 44, 'attention_head_size': 1, 'learning_rate': 0.046381628496149276}. Best is trial 93 with value: 0.10317108035087585.
LOCAL_RANK: 0 - CUDA_VISIBLE_DEVICES: [0]
[I 2023-11-30 10:34:14,373] Trial 107 finished with value: 0.14764808118343353 and parameters: {'gradient_clip_val': 0.9253394548134228, 'hidden_size': 43, 'dropout': 0.25646720623053626, 'hidden_continuous_size': 38, 'attention_head_size': 1, 'learning_rate': 0.038270086130067035}. Best is trial 93 with value: 0.10317108035087585.
LOCAL_RANK: 0 - CUDA_VISIBLE_DEVICES: [0]
[I 2023-11-30 10:34:27,443] Trial 108 finished with value: 0.19531159102916718 and parameters: {'gradient_clip_val': 0.6742387848621416, 'hidden_size': 39, 'dropout': 0.2726737322525724, 'hidden_continuous_size': 37, 'attention_head_size': 1, 'learning_rate': 0.061496591813944367}. Best is trial 93 with value: 0.10317108035087585.
LOCAL_RANK: 0 - CUDA_VISIBLE_DEVICES: [0]
[I 2023-11-30 10:34:41,181] Trial 109 finished with value: 0.30602577328681946 and parameters: {'gradient_clip_val': 0.8294387408221602, 'hidden_size': 47, 'dropout': 0.2789683074452273, 'hidden_continuous_size': 42, 'attention_head_size': 1, 'learning_rate': 0.052733136146215435}. Best is trial 93 with value: 0.10317108035087585.
LOCAL_RANK: 0 - CUDA_VISIBLE_DEVICES: [0]
[I 2023-11-30 10:34:54,832] Trial 110 finished with value: 0.2431412786245346 and parameters: {'gradient_clip_val': 0.8830599930535604, 'hidden_size': 50, 'dropout': 0.2543621416199256, 'hidden_continuous_size': 45, 'attention_head_size': 2, 'learning_rate': 0.07158026288642565}. Best is trial 93 with value: 0.10317108035087585.
LOCAL_RANK: 0 - CUDA_VISIBLE_DEVICES: [0]
[I 2023-11-30 10:35:08,486] Trial 111 finished with value: 0.17092172801494598 and parameters: {'gradient_clip_val': 0.7529054389438026, 'hidden_size': 58, 'dropout': 0.2680931441536782, 'hidden_continuous_size': 48, 'attention_head_size': 1, 'learning_rate': 0.03378923328495657}. Best is trial 93 with value: 0.10317108035087585.
LOCAL_RANK: 0 - CUDA_VISIBLE_DEVICES: [0]
[I 2023-11-30 10:35:22,100] Trial 112 finished with value: 0.22349309921264648 and parameters: {'gradient_clip_val': 0.7135086766697841, 'hidden_size': 53, 'dropout': 0.26222266575869707, 'hidden_continuous_size': 46, 'attention_head_size': 1, 'learning_rate': 0.04218963855955616}. Best is trial 93 with value: 0.10317108035087585.
LOCAL_RANK: 0 - CUDA_VISIBLE_DEVICES: [0]
[I 2023-11-30 10:35:35,713] Trial 113 finished with value: 0.16708588600158691 and parameters: {'gradient_clip_val': 0.797467796111195, 'hidden_size': 55, 'dropout': 0.2397144980565347, 'hidden_continuous_size': 49, 'attention_head_size': 1, 'learning_rate': 0.02433685983632741}. Best is trial 93 with value: 0.10317108035087585.
LOCAL_RANK: 0 - CUDA_VISIBLE_DEVICES: [0]
