[I 2023-11-29 21:24:56,257] Trial 45 finished with value: 0.11190720647573471 and parameters: {'gradient_clip_val': 0.5900579452741712, 'hidden_size': 95, 'dropout': 0.3955657181798852, 'hidden_continuous_size': 41, 'attention_head_size': 3, 'learning_rate': 0.02773260698952983}. Best is trial 45 with value: 0.11190720647573471.
LOCAL_RANK: 0 - CUDA_VISIBLE_DEVICES: [0]
[I 2023-11-29 21:25:10,362] Trial 46 finished with value: 0.17274653911590576 and parameters: {'gradient_clip_val': 0.5882345446512998, 'hidden_size': 95, 'dropout': 0.33845117562434035, 'hidden_continuous_size': 43, 'attention_head_size': 3, 'learning_rate': 0.02905285265950447}. Best is trial 45 with value: 0.11190720647573471.
LOCAL_RANK: 0 - CUDA_VISIBLE_DEVICES: [0]
[I 2023-11-29 21:25:24,621] Trial 47 finished with value: 0.16772429645061493 and parameters: {'gradient_clip_val': 0.5437277323994494, 'hidden_size': 113, 'dropout': 0.39362002360391757, 'hidden_continuous_size': 35, 'attention_head_size': 3, 'learning_rate': 0.02022182680577957}. Best is trial 45 with value: 0.11190720647573471.
LOCAL_RANK: 0 - CUDA_VISIBLE_DEVICES: [0]
[I 2023-11-29 21:25:38,904] Trial 48 finished with value: 0.16961748898029327 and parameters: {'gradient_clip_val': 0.4478715031003373, 'hidden_size': 82, 'dropout': 0.3711060019599869, 'hidden_continuous_size': 41, 'attention_head_size': 3, 'learning_rate': 0.024164960085753782}. Best is trial 45 with value: 0.11190720647573471.
LOCAL_RANK: 0 - CUDA_VISIBLE_DEVICES: [0]
[I 2023-11-29 21:25:53,295] Trial 49 finished with value: 0.14001449942588806 and parameters: {'gradient_clip_val': 0.4986588574867595, 'hidden_size': 99, 'dropout': 0.3528954139201039, 'hidden_continuous_size': 49, 'attention_head_size': 4, 'learning_rate': 0.039695428020080255}. Best is trial 45 with value: 0.11190720647573471.
LOCAL_RANK: 0 - CUDA_VISIBLE_DEVICES: [0]
[I 2023-11-29 21:26:07,609] Trial 50 finished with value: 0.2155313938856125 and parameters: {'gradient_clip_val': 0.37374271229960654, 'hidden_size': 104, 'dropout': 0.34922859947661106, 'hidden_continuous_size': 50, 'attention_head_size': 4, 'learning_rate': 0.03902473257131145}. Best is trial 45 with value: 0.11190720647573471.
LOCAL_RANK: 0 - CUDA_VISIBLE_DEVICES: [0]
[I 2023-11-29 21:26:21,822] Trial 51 finished with value: 0.3116745948791504 and parameters: {'gradient_clip_val': 0.5105179906675289, 'hidden_size': 87, 'dropout': 0.39605246382039155, 'hidden_continuous_size': 48, 'attention_head_size': 4, 'learning_rate': 0.03134540233813389}. Best is trial 45 with value: 0.11190720647573471.
LOCAL_RANK: 0 - CUDA_VISIBLE_DEVICES: [0]
[I 2023-11-29 21:26:35,916] Trial 52 finished with value: 0.1343212127685547 and parameters: {'gradient_clip_val': 0.4501536021525385, 'hidden_size': 87, 'dropout': 0.3829324743302409, 'hidden_continuous_size': 39, 'attention_head_size': 4, 'learning_rate': 0.043103999814540904}. Best is trial 45 with value: 0.11190720647573471.
LOCAL_RANK: 0 - CUDA_VISIBLE_DEVICES: [0]
[I 2023-11-29 21:26:50,597] Trial 53 finished with value: 0.2271261364221573 and parameters: {'gradient_clip_val': 0.45061605110212594, 'hidden_size': 123, 'dropout': 0.38096300151235185, 'hidden_continuous_size': 57, 'attention_head_size': 4, 'learning_rate': 0.04452339225850352}. Best is trial 45 with value: 0.11190720647573471.
LOCAL_RANK: 0 - CUDA_VISIBLE_DEVICES: [0]
[I 2023-11-29 21:27:04,892] Trial 54 finished with value: 0.19170160591602325 and parameters: {'gradient_clip_val': 0.42755957474431766, 'hidden_size': 105, 'dropout': 0.399543907100721, 'hidden_continuous_size': 40, 'attention_head_size': 4, 'learning_rate': 0.05139287086564244}. Best is trial 45 with value: 0.11190720647573471.
LOCAL_RANK: 0 - CUDA_VISIBLE_DEVICES: [0]
[I 2023-11-29 21:27:19,383] Trial 55 finished with value: 0.23292292654514313 and parameters: {'gradient_clip_val': 0.3254696974959458, 'hidden_size': 130, 'dropout': 0.367302653614074, 'hidden_continuous_size': 46, 'attention_head_size': 4, 'learning_rate': 0.03733402235953671}. Best is trial 45 with value: 0.11190720647573471.
LOCAL_RANK: 0 - CUDA_VISIBLE_DEVICES: [0]
[I 2023-11-29 21:27:34,031] Trial 56 finished with value: 0.1497458815574646 and parameters: {'gradient_clip_val': 0.48302143264262687, 'hidden_size': 144, 'dropout': 0.384621134506162, 'hidden_continuous_size': 51, 'attention_head_size': 4, 'learning_rate': 0.04929534055117093}. Best is trial 45 with value: 0.11190720647573471.
LOCAL_RANK: 0 - CUDA_VISIBLE_DEVICES: [0]
[I 2023-11-29 21:27:48,384] Trial 57 finished with value: 0.13565398752689362 and parameters: {'gradient_clip_val': 0.3992440376441352, 'hidden_size': 102, 'dropout': 0.35780825639270986, 'hidden_continuous_size': 33, 'attention_head_size': 4, 'learning_rate': 0.034150857578605205}. Best is trial 45 with value: 0.11190720647573471.
LOCAL_RANK: 0 - CUDA_VISIBLE_DEVICES: [0]
[I 2023-11-29 21:28:02,839] Trial 58 finished with value: 0.15995347499847412 and parameters: {'gradient_clip_val': 0.33507445958557885, 'hidden_size': 109, 'dropout': 0.3632539543948359, 'hidden_continuous_size': 34, 'attention_head_size': 3, 'learning_rate': 0.018854744558564153}. Best is trial 45 with value: 0.11190720647573471.
LOCAL_RANK: 0 - CUDA_VISIBLE_DEVICES: [0]
[I 2023-11-29 21:28:16,791] Trial 59 finished with value: 0.17589867115020752 and parameters: {'gradient_clip_val': 0.39385774895489, 'hidden_size': 76, 'dropout': 0.22595089294954485, 'hidden_continuous_size': 38, 'attention_head_size': 4, 'learning_rate': 0.023784869580346247}. Best is trial 45 with value: 0.11190720647573471.
LOCAL_RANK: 0 - CUDA_VISIBLE_DEVICES: [0]
[I 2023-11-29 21:28:30,767] Trial 60 finished with value: 0.2098393440246582 and parameters: {'gradient_clip_val': 0.29284859401522934, 'hidden_size': 65, 'dropout': 0.3178717111677756, 'hidden_continuous_size': 33, 'attention_head_size': 2, 'learning_rate': 0.0326378211502485}. Best is trial 45 with value: 0.11190720647573471.
LOCAL_RANK: 0 - CUDA_VISIBLE_DEVICES: [0]
[I 2023-11-29 21:28:45,090] Trial 61 finished with value: 0.17781130969524384 and parameters: {'gradient_clip_val': 0.4599827869047245, 'hidden_size': 99, 'dropout': 0.3540572252993909, 'hidden_continuous_size': 44, 'attention_head_size': 4, 'learning_rate': 0.0377486535314006}. Best is trial 45 with value: 0.11190720647573471.
LOCAL_RANK: 0 - CUDA_VISIBLE_DEVICES: [0]
[I 2023-11-29 21:28:59,048] Trial 62 finished with value: 0.14163534343242645 and parameters: {'gradient_clip_val': 0.41631575460073805, 'hidden_size': 86, 'dropout': 0.38078602935503536, 'hidden_continuous_size': 28, 'attention_head_size': 4, 'learning_rate': 0.04354404548107425}. Best is trial 45 with value: 0.11190720647573471.
LOCAL_RANK: 0 - CUDA_VISIBLE_DEVICES: [0]
[I 2023-11-29 21:29:13,508] Trial 63 finished with value: 0.21771188080310822 and parameters: {'gradient_clip_val': 0.5210789303316313, 'hidden_size': 97, 'dropout': 0.37104286575679485, 'hidden_continuous_size': 41, 'attention_head_size': 4, 'learning_rate': 0.028402905694073992}. Best is trial 45 with value: 0.11190720647573471.
LOCAL_RANK: 0 - CUDA_VISIBLE_DEVICES: [0]
[I 2023-11-29 21:29:27,863] Trial 64 finished with value: 0.24940025806427002 and parameters: {'gradient_clip_val': 0.558047041654797, 'hidden_size': 118, 'dropout': 0.2876764770048508, 'hidden_continuous_size': 30, 'attention_head_size': 4, 'learning_rate': 0.04694597673634609}. Best is trial 45 with value: 0.11190720647573471.
LOCAL_RANK: 0 - CUDA_VISIBLE_DEVICES: [0]
[I 2023-11-29 21:29:41,994] Trial 65 finished with value: 0.21345245838165283 and parameters: {'gradient_clip_val': 0.654963441204529, 'hidden_size': 104, 'dropout': 0.33956622548685816, 'hidden_continuous_size': 33, 'attention_head_size': 3, 'learning_rate': 0.059578915119082296}. Best is trial 45 with value: 0.11190720647573471.
LOCAL_RANK: 0 - CUDA_VISIBLE_DEVICES: [0]
[I 2023-11-29 21:29:56,037] Trial 66 finished with value: 0.23229612410068512 and parameters: {'gradient_clip_val': 0.37499394679974946, 'hidden_size': 92, 'dropout': 0.2579388609470694, 'hidden_continuous_size': 39, 'attention_head_size': 4, 'learning_rate': 0.021553557311709295}. Best is trial 45 with value: 0.11190720647573471.
LOCAL_RANK: 0 - CUDA_VISIBLE_DEVICES: [0]
[I 2023-11-29 21:30:09,856] Trial 67 finished with value: 0.15618135035037994 and parameters: {'gradient_clip_val': 0.489856744139122, 'hidden_size': 83, 'dropout': 0.357781380693218, 'hidden_continuous_size': 31, 'attention_head_size': 3, 'learning_rate': 0.03302416476942393}. Best is trial 45 with value: 0.11190720647573471.
LOCAL_RANK: 0 - CUDA_VISIBLE_DEVICES: [0]
[I 2023-11-29 21:30:23,863] Trial 68 finished with value: 0.2635388672351837 and parameters: {'gradient_clip_val': 0.6192807913580481, 'hidden_size': 72, 'dropout': 0.37928497257129773, 'hidden_continuous_size': 36, 'attention_head_size': 4, 'learning_rate': 0.014900168318013406}. Best is trial 45 with value: 0.11190720647573471.
LOCAL_RANK: 0 - CUDA_VISIBLE_DEVICES: [0]
[I 2023-11-29 21:30:38,204] Trial 69 finished with value: 0.3601599931716919 and parameters: {'gradient_clip_val': 0.4455641534282335, 'hidden_size': 136, 'dropout': 0.3883909793146524, 'hidden_continuous_size': 46, 'attention_head_size': 3, 'learning_rate': 0.017565721090637657}. Best is trial 45 with value: 0.11190720647573471.
LOCAL_RANK: 0 - CUDA_VISIBLE_DEVICES: [0]
[I 2023-11-29 21:30:52,599] Trial 70 finished with value: 0.1454063504934311 and parameters: {'gradient_clip_val': 0.35532907523264246, 'hidden_size': 126, 'dropout': 0.11172301327574408, 'hidden_continuous_size': 62, 'attention_head_size': 3, 'learning_rate': 0.036758445799108815}. Best is trial 45 with value: 0.11190720647573471.
LOCAL_RANK: 0 - CUDA_VISIBLE_DEVICES: [0]
[I 2023-11-29 21:31:06,806] Trial 71 finished with value: 0.27649059891700745 and parameters: {'gradient_clip_val': 0.5728425589727786, 'hidden_size': 111, 'dropout': 0.38940315159568734, 'hidden_continuous_size': 35, 'attention_head_size': 3, 'learning_rate': 0.029198463360208614}. Best is trial 45 with value: 0.11190720647573471.
LOCAL_RANK: 0 - CUDA_VISIBLE_DEVICES: [0]
[I 2023-11-29 21:31:21,069] Trial 72 finished with value: 0.14904919266700745 and parameters: {'gradient_clip_val': 0.5954373540788243, 'hidden_size': 90, 'dropout': 0.3713700984549848, 'hidden_continuous_size': 38, 'attention_head_size': 3, 'learning_rate': 0.025791733506866983}. Best is trial 45 with value: 0.11190720647573471.
LOCAL_RANK: 0 - CUDA_VISIBLE_DEVICES: [0]
[I 2023-11-29 21:31:35,213] Trial 73 finished with value: 0.18167531490325928 and parameters: {'gradient_clip_val': 0.5296275110346875, 'hidden_size': 89, 'dropout': 0.39212276154499787, 'hidden_continuous_size': 42, 'attention_head_size': 3, 'learning_rate': 0.048552196907734185}. Best is trial 45 with value: 0.11190720647573471.
LOCAL_RANK: 0 - CUDA_VISIBLE_DEVICES: [0]
[I 2023-11-29 21:31:49,183] Trial 74 finished with value: 0.15027759969234467 and parameters: {'gradient_clip_val': 0.6648330779971379, 'hidden_size': 77, 'dropout': 0.3985802538759404, 'hidden_continuous_size': 37, 'attention_head_size': 3, 'learning_rate': 0.0260195074222664}. Best is trial 45 with value: 0.11190720647573471.
LOCAL_RANK: 0 - CUDA_VISIBLE_DEVICES: [0]
[I 2023-11-29 21:32:03,063] Trial 75 finished with value: 0.11638709157705307 and parameters: {'gradient_clip_val': 0.6304692044997795, 'hidden_size': 85, 'dropout': 0.1006580173227165, 'hidden_continuous_size': 31, 'attention_head_size': 2, 'learning_rate': 0.02241158010043538}. Best is trial 45 with value: 0.11190720647573471.
LOCAL_RANK: 0 - CUDA_VISIBLE_DEVICES: [0]
[I 2023-11-29 21:32:16,994] Trial 76 finished with value: 0.1805885285139084 and parameters: {'gradient_clip_val': 0.4661849780104688, 'hidden_size': 101, 'dropout': 0.10364356195643014, 'hidden_continuous_size': 29, 'attention_head_size': 2, 'learning_rate': 0.03977260059443269}. Best is trial 45 with value: 0.11190720647573471.
LOCAL_RANK: 0 - CUDA_VISIBLE_DEVICES: [0]
[I 2023-11-29 21:32:30,949] Trial 77 finished with value: 0.12643258273601532 and parameters: {'gradient_clip_val': 0.7053397447131029, 'hidden_size': 75, 'dropout': 0.13081997899030495, 'hidden_continuous_size': 32, 'attention_head_size': 2, 'learning_rate': 0.021747269456382227}. Best is trial 45 with value: 0.11190720647573471.
LOCAL_RANK: 0 - CUDA_VISIBLE_DEVICES: [0]
[I 2023-11-29 21:32:44,618] Trial 78 finished with value: 0.2817194163799286 and parameters: {'gradient_clip_val': 0.7256782371625022, 'hidden_size': 66, 'dropout': 0.11272823910484386, 'hidden_continuous_size': 32, 'attention_head_size': 2, 'learning_rate': 0.0227296309613428}. Best is trial 45 with value: 0.11190720647573471.
LOCAL_RANK: 0 - CUDA_VISIBLE_DEVICES: [0]
[I 2023-11-29 21:32:58,369] Trial 79 finished with value: 0.11590578407049179 and parameters: {'gradient_clip_val': 0.7937149201353341, 'hidden_size': 73, 'dropout': 0.12902935267780788, 'hidden_continuous_size': 28, 'attention_head_size': 2, 'learning_rate': 0.020539080825092326}. Best is trial 45 with value: 0.11190720647573471.
LOCAL_RANK: 0 - CUDA_VISIBLE_DEVICES: [0]
[I 2023-11-29 21:33:12,092] Trial 80 finished with value: 0.26367542147636414 and parameters: {'gradient_clip_val': 0.8404114562327799, 'hidden_size': 72, 'dropout': 0.10035815562212723, 'hidden_continuous_size': 27, 'attention_head_size': 2, 'learning_rate': 0.017698953034604788}. Best is trial 45 with value: 0.11190720647573471.
LOCAL_RANK: 0 - CUDA_VISIBLE_DEVICES: [0]
[I 2023-11-29 21:33:25,883] Trial 81 finished with value: 0.13224297761917114 and parameters: {'gradient_clip_val': 0.8054162053743261, 'hidden_size': 84, 'dropout': 0.13178542497200454, 'hidden_continuous_size': 30, 'attention_head_size': 2, 'learning_rate': 0.0202872863169912}. Best is trial 45 with value: 0.11190720647573471.
LOCAL_RANK: 0 - CUDA_VISIBLE_DEVICES: [0]
[I 2023-11-29 21:33:39,524] Trial 82 finished with value: 0.12073469161987305 and parameters: {'gradient_clip_val': 0.7645722638927787, 'hidden_size': 80, 'dropout': 0.13105182774657892, 'hidden_continuous_size': 30, 'attention_head_size': 2, 'learning_rate': 0.020587130665801746}. Best is trial 45 with value: 0.11190720647573471.
LOCAL_RANK: 0 - CUDA_VISIBLE_DEVICES: [0]
[I 2023-11-29 21:33:53,273] Trial 83 finished with value: 0.27972230315208435 and parameters: {'gradient_clip_val': 0.7990278354895125, 'hidden_size': 61, 'dropout': 0.12753082997695123, 'hidden_continuous_size': 30, 'attention_head_size': 2, 'learning_rate': 0.02031187023905261}. Best is trial 45 with value: 0.11190720647573471.
LOCAL_RANK: 0 - CUDA_VISIBLE_DEVICES: [0]
[I 2023-11-29 21:34:06,942] Trial 84 finished with value: 0.24279926717281342 and parameters: {'gradient_clip_val': 0.7471650728068963, 'hidden_size': 84, 'dropout': 0.1341793718761904, 'hidden_continuous_size': 25, 'attention_head_size': 2, 'learning_rate': 0.013322108903871529}. Best is trial 45 with value: 0.11190720647573471.
LOCAL_RANK: 0 - CUDA_VISIBLE_DEVICES: [0]
[I 2023-11-29 21:34:20,661] Trial 85 finished with value: 0.14261041581630707 and parameters: {'gradient_clip_val': 0.7927374583129515, 'hidden_size': 69, 'dropout': 0.11361806479749088, 'hidden_continuous_size': 28, 'attention_head_size': 2, 'learning_rate': 0.015845549892403905}. Best is trial 45 with value: 0.11190720647573471.
LOCAL_RANK: 0 - CUDA_VISIBLE_DEVICES: [0]
[I 2023-11-29 21:34:34,482] Trial 86 finished with value: 0.20403838157653809 and parameters: {'gradient_clip_val': 0.9228818217330672, 'hidden_size': 81, 'dropout': 0.1508555074254607, 'hidden_continuous_size': 26, 'attention_head_size': 2, 'learning_rate': 0.023536588220654322}. Best is trial 45 with value: 0.11190720647573471.
LOCAL_RANK: 0 - CUDA_VISIBLE_DEVICES: [0]
[I 2023-11-29 21:34:48,148] Trial 87 finished with value: 0.21787357330322266 and parameters: {'gradient_clip_val': 0.6979250318848137, 'hidden_size': 76, 'dropout': 0.13064999615987546, 'hidden_continuous_size': 28, 'attention_head_size': 2, 'learning_rate': 0.021571224967899337}. Best is trial 45 with value: 0.11190720647573471.
LOCAL_RANK: 0 - CUDA_VISIBLE_DEVICES: [0]
[I 2023-11-29 21:35:01,732] Trial 88 finished with value: 0.13062550127506256 and parameters: {'gradient_clip_val': 0.8805456313957029, 'hidden_size': 61, 'dropout': 0.12148608779114542, 'hidden_continuous_size': 31, 'attention_head_size': 1, 'learning_rate': 0.019323579856343757}. Best is trial 45 with value: 0.11190720647573471.
LOCAL_RANK: 0 - CUDA_VISIBLE_DEVICES: [0]
[I 2023-11-29 21:35:15,095] Trial 89 finished with value: 0.15944521129131317 and parameters: {'gradient_clip_val': 0.8772198467850555, 'hidden_size': 61, 'dropout': 0.1217855129241717, 'hidden_continuous_size': 31, 'attention_head_size': 1, 'learning_rate': 0.018675351202592602}. Best is trial 45 with value: 0.11190720647573471.
LOCAL_RANK: 0 - CUDA_VISIBLE_DEVICES: [0]
[I 2023-11-29 21:35:28,609] Trial 90 finished with value: 0.29444751143455505 and parameters: {'gradient_clip_val': 0.7417971778976562, 'hidden_size': 68, 'dropout': 0.11576995376668649, 'hidden_continuous_size': 34, 'attention_head_size': 1, 'learning_rate': 0.026371462373136326}. Best is trial 45 with value: 0.11190720647573471.
LOCAL_RANK: 0 - CUDA_VISIBLE_DEVICES: [0]
[I 2023-11-29 21:35:42,320] Trial 91 finished with value: 0.23287542164325714 and parameters: {'gradient_clip_val': 0.8161311618239453, 'hidden_size': 75, 'dropout': 0.13696334374580463, 'hidden_continuous_size': 31, 'attention_head_size': 2, 'learning_rate': 0.02116770305502998}. Best is trial 45 with value: 0.11190720647573471.
LOCAL_RANK: 0 - CUDA_VISIBLE_DEVICES: [0]
[I 2023-11-29 21:35:56,030] Trial 92 finished with value: 0.2009454369544983 and parameters: {'gradient_clip_val': 0.9264618626475056, 'hidden_size': 83, 'dropout': 0.1091130189627332, 'hidden_continuous_size': 29, 'attention_head_size': 1, 'learning_rate': 0.01631110938569468}. Best is trial 45 with value: 0.11190720647573471.
LOCAL_RANK: 0 - CUDA_VISIBLE_DEVICES: [0]
[I 2023-11-29 21:36:10,283] Trial 93 finished with value: 0.18119530379772186 and parameters: {'gradient_clip_val': 0.7769111714441147, 'hidden_size': 94, 'dropout': 0.12522700435619571, 'hidden_continuous_size': 36, 'attention_head_size': 2, 'learning_rate': 0.019568472009499214}. Best is trial 45 with value: 0.11190720647573471.
LOCAL_RANK: 0 - CUDA_VISIBLE_DEVICES: [0]
[I 2023-11-29 21:36:23,880] Trial 94 finished with value: 0.1658177375793457 and parameters: {'gradient_clip_val': 0.8750748040778169, 'hidden_size': 64, 'dropout': 0.14518745263359065, 'hidden_continuous_size': 34, 'attention_head_size': 2, 'learning_rate': 0.03022240086895168}. Best is trial 45 with value: 0.11190720647573471.
LOCAL_RANK: 0 - CUDA_VISIBLE_DEVICES: [0]
[I 2023-11-29 21:36:37,602] Trial 95 finished with value: 0.12159606069326401 and parameters: {'gradient_clip_val': 0.685543400962615, 'hidden_size': 78, 'dropout': 0.11973556178670222, 'hidden_continuous_size': 32, 'attention_head_size': 2, 'learning_rate': 0.024776985492705083}. Best is trial 45 with value: 0.11190720647573471.
LOCAL_RANK: 0 - CUDA_VISIBLE_DEVICES: [0]
[I 2023-11-29 21:36:51,206] Trial 96 finished with value: 0.14694800972938538 and parameters: {'gradient_clip_val': 0.6337364476949161, 'hidden_size': 73, 'dropout': 0.12087414316658573, 'hidden_continuous_size': 24, 'attention_head_size': 1, 'learning_rate': 0.024979051246291507}. Best is trial 45 with value: 0.11190720647573471.
LOCAL_RANK: 0 - CUDA_VISIBLE_DEVICES: [0]
[I 2023-11-29 21:37:04,979] Trial 97 finished with value: 0.22373102605342865 and parameters: {'gradient_clip_val': 0.6893214853247818, 'hidden_size': 79, 'dropout': 0.10779932213612847, 'hidden_continuous_size': 27, 'attention_head_size': 2, 'learning_rate': 0.030570813680011265}. Best is trial 45 with value: 0.11190720647573471.
LOCAL_RANK: 0 - CUDA_VISIBLE_DEVICES: [0]
[I 2023-11-29 21:37:18,511] Trial 98 finished with value: 0.17203831672668457 and parameters: {'gradient_clip_val': 0.6700877338982768, 'hidden_size': 56, 'dropout': 0.10026253823756678, 'hidden_continuous_size': 32, 'attention_head_size': 2, 'learning_rate': 0.027419639466151377}. Best is trial 45 with value: 0.11190720647573471.
LOCAL_RANK: 0 - CUDA_VISIBLE_DEVICES: [0]
[I 2023-11-29 21:37:32,168] Trial 99 finished with value: 0.23037654161453247 and parameters: {'gradient_clip_val': 0.6202858136481327, 'hidden_size': 70, 'dropout': 0.11722147102341235, 'hidden_continuous_size': 32, 'attention_head_size': 2, 'learning_rate': 0.022577585641057656}. Best is trial 45 with value: 0.11190720647573471.
LOCAL_RANK: 0 - CUDA_VISIBLE_DEVICES: [0]
[I 2023-11-29 21:37:45,750] Trial 100 finished with value: 0.1842074990272522 and parameters: {'gradient_clip_val': 0.7159601249839079, 'hidden_size': 78, 'dropout': 0.13262102041466445, 'hidden_continuous_size': 29, 'attention_head_size': 1, 'learning_rate': 0.01324777113623841}. Best is trial 45 with value: 0.11190720647573471.
LOCAL_RANK: 0 - CUDA_VISIBLE_DEVICES: [0]
[I 2023-11-29 21:37:59,514] Trial 101 finished with value: 0.1581377387046814 and parameters: {'gradient_clip_val': 0.7611503403210128, 'hidden_size': 91, 'dropout': 0.12803299556279854, 'hidden_continuous_size': 30, 'attention_head_size': 2, 'learning_rate': 0.019906266512435527}. Best is trial 45 with value: 0.11190720647573471.
LOCAL_RANK: 0 - CUDA_VISIBLE_DEVICES: [0]
[I 2023-11-29 21:38:13,541] Trial 102 finished with value: 0.1677449345588684 and parameters: {'gradient_clip_val': 0.8118974960323957, 'hidden_size': 86, 'dropout': 0.13881726645849413, 'hidden_continuous_size': 35, 'attention_head_size': 2, 'learning_rate': 0.018312108392427473}. Best is trial 45 with value: 0.11190720647573471.
LOCAL_RANK: 0 - CUDA_VISIBLE_DEVICES: [0]
