[I 2023-11-30 13:27:19,891] Trial 116 finished with value: 213.1647186279297 and parameters: {'gradient_clip_val': 0.47472558166777773, 'hidden_size': 69, 'dropout': 0.3092013900439156, 'hidden_continuous_size': 45, 'attention_head_size': 4, 'learning_rate': 0.08860325238193115}. Best is trial 82 with value: 140.02366638183594.
LOCAL_RANK: 0 - CUDA_VISIBLE_DEVICES: [0]
[I 2023-11-30 13:27:34,221] Trial 117 finished with value: 175.364013671875 and parameters: {'gradient_clip_val': 0.525713902523855, 'hidden_size': 94, 'dropout': 0.2955170926638104, 'hidden_continuous_size': 37, 'attention_head_size': 4, 'learning_rate': 0.055515219211359476}. Best is trial 82 with value: 140.02366638183594.
LOCAL_RANK: 0 - CUDA_VISIBLE_DEVICES: [0]
[I 2023-11-30 13:27:48,198] Trial 118 finished with value: 184.64898681640625 and parameters: {'gradient_clip_val': 0.531376418224814, 'hidden_size': 86, 'dropout': 0.29553345505316303, 'hidden_continuous_size': 40, 'attention_head_size': 1, 'learning_rate': 0.05694416925113573}. Best is trial 82 with value: 140.02366638183594.
LOCAL_RANK: 0 - CUDA_VISIBLE_DEVICES: [0]
[I 2023-11-30 13:28:02,315] Trial 119 finished with value: 208.5576171875 and parameters: {'gradient_clip_val': 0.6478704541830056, 'hidden_size': 96, 'dropout': 0.32219467562046733, 'hidden_continuous_size': 36, 'attention_head_size': 4, 'learning_rate': 0.06558825051848695}. Best is trial 82 with value: 140.02366638183594.
LOCAL_RANK: 0 - CUDA_VISIBLE_DEVICES: [0]
[I 2023-11-30 13:28:16,741] Trial 120 finished with value: 247.83323669433594 and parameters: {'gradient_clip_val': 0.4917388563650079, 'hidden_size': 112, 'dropout': 0.3148865556119646, 'hidden_continuous_size': 37, 'attention_head_size': 2, 'learning_rate': 0.04178107924280337}. Best is trial 82 with value: 140.02366638183594.
LOCAL_RANK: 0 - CUDA_VISIBLE_DEVICES: [0]
[I 2023-11-30 13:28:31,219] Trial 121 finished with value: 198.5269012451172 and parameters: {'gradient_clip_val': 0.45647261839174563, 'hidden_size': 101, 'dropout': 0.30503324485545535, 'hidden_continuous_size': 57, 'attention_head_size': 4, 'learning_rate': 0.05114695011276175}. Best is trial 82 with value: 140.02366638183594.
LOCAL_RANK: 0 - CUDA_VISIBLE_DEVICES: [0]
[I 2023-11-30 13:28:45,305] Trial 122 finished with value: 196.0786590576172 and parameters: {'gradient_clip_val': 0.6952935977866647, 'hidden_size': 77, 'dropout': 0.297033378010632, 'hidden_continuous_size': 42, 'attention_head_size': 4, 'learning_rate': 0.07096109841961536}. Best is trial 82 with value: 140.02366638183594.
LOCAL_RANK: 0 - CUDA_VISIBLE_DEVICES: [0]
[I 2023-11-30 13:28:59,643] Trial 123 finished with value: 239.81602478027344 and parameters: {'gradient_clip_val': 0.609153332027498, 'hidden_size': 91, 'dropout': 0.25731383612668257, 'hidden_continuous_size': 39, 'attention_head_size': 4, 'learning_rate': 0.06093730135421443}. Best is trial 82 with value: 140.02366638183594.
LOCAL_RANK: 0 - CUDA_VISIBLE_DEVICES: [0]
[I 2023-11-30 13:29:13,577] Trial 124 finished with value: 266.1466979980469 and parameters: {'gradient_clip_val': 0.5175985462105522, 'hidden_size': 59, 'dropout': 0.27657025014976344, 'hidden_continuous_size': 40, 'attention_head_size': 4, 'learning_rate': 0.04427610271660212}. Best is trial 82 with value: 140.02366638183594.
LOCAL_RANK: 0 - CUDA_VISIBLE_DEVICES: [0]
[I 2023-11-30 13:29:27,922] Trial 125 finished with value: 236.05287170410156 and parameters: {'gradient_clip_val': 0.5779449367439226, 'hidden_size': 75, 'dropout': 0.2674743052079689, 'hidden_continuous_size': 45, 'attention_head_size': 4, 'learning_rate': 0.05475911248246906}. Best is trial 82 with value: 140.02366638183594.
LOCAL_RANK: 0 - CUDA_VISIBLE_DEVICES: [0]
[I 2023-11-30 13:29:41,857] Trial 126 finished with value: 233.6128387451172 and parameters: {'gradient_clip_val': 0.38463352230241554, 'hidden_size': 63, 'dropout': 0.2871762679248912, 'hidden_continuous_size': 38, 'attention_head_size': 4, 'learning_rate': 0.04905086477994567}. Best is trial 82 with value: 140.02366638183594.
LOCAL_RANK: 0 - CUDA_VISIBLE_DEVICES: [0]
[I 2023-11-30 13:29:55,908] Trial 127 finished with value: 251.66107177734375 and parameters: {'gradient_clip_val': 0.3679008313852826, 'hidden_size': 85, 'dropout': 0.31173544155806604, 'hidden_continuous_size': 35, 'attention_head_size': 1, 'learning_rate': 0.03269856921541811}. Best is trial 82 with value: 140.02366638183594.
LOCAL_RANK: 0 - CUDA_VISIBLE_DEVICES: [0]
[I 2023-11-30 13:30:10,112] Trial 128 finished with value: 231.2676239013672 and parameters: {'gradient_clip_val': 0.740062482561959, 'hidden_size': 66, 'dropout': 0.25323829006570986, 'hidden_continuous_size': 47, 'attention_head_size': 4, 'learning_rate': 0.02870010663754006}. Best is trial 82 with value: 140.02366638183594.
LOCAL_RANK: 0 - CUDA_VISIBLE_DEVICES: [0]
[I 2023-11-30 13:30:24,566] Trial 129 finished with value: 183.4190216064453 and parameters: {'gradient_clip_val': 0.4062676224115436, 'hidden_size': 95, 'dropout': 0.24682141094519502, 'hidden_continuous_size': 61, 'attention_head_size': 4, 'learning_rate': 0.08237825114040186}. Best is trial 82 with value: 140.02366638183594.
LOCAL_RANK: 0 - CUDA_VISIBLE_DEVICES: [0]
[I 2023-11-30 13:30:38,817] Trial 130 finished with value: 169.26954650878906 and parameters: {'gradient_clip_val': 0.44470085258932124, 'hidden_size': 82, 'dropout': 0.30259481140175487, 'hidden_continuous_size': 42, 'attention_head_size': 1, 'learning_rate': 0.07444717870358218}. Best is trial 82 with value: 140.02366638183594.
LOCAL_RANK: 0 - CUDA_VISIBLE_DEVICES: [0]
[I 2023-11-30 13:30:52,726] Trial 131 finished with value: 289.8884582519531 and parameters: {'gradient_clip_val': 0.44503524395660976, 'hidden_size': 81, 'dropout': 0.3000934847271514, 'hidden_continuous_size': 42, 'attention_head_size': 1, 'learning_rate': 0.0732777585370221}. Best is trial 82 with value: 140.02366638183594.
LOCAL_RANK: 0 - CUDA_VISIBLE_DEVICES: [0]
[I 2023-11-30 13:31:06,474] Trial 132 finished with value: 193.76564025878906 and parameters: {'gradient_clip_val': 0.49183227798637436, 'hidden_size': 69, 'dropout': 0.2908683626549285, 'hidden_continuous_size': 41, 'attention_head_size': 1, 'learning_rate': 0.06700119965555408}. Best is trial 82 with value: 140.02366638183594.
LOCAL_RANK: 0 - CUDA_VISIBLE_DEVICES: [0]
[I 2023-11-30 13:31:20,682] Trial 133 finished with value: 172.0555877685547 and parameters: {'gradient_clip_val': 0.43990396105273905, 'hidden_size': 105, 'dropout': 0.30484706836039216, 'hidden_continuous_size': 33, 'attention_head_size': 1, 'learning_rate': 0.05959237334235871}. Best is trial 82 with value: 140.02366638183594.
LOCAL_RANK: 0 - CUDA_VISIBLE_DEVICES: [0]
[I 2023-11-30 13:31:34,801] Trial 134 finished with value: 211.44126892089844 and parameters: {'gradient_clip_val': 0.5486906286540844, 'hidden_size': 116, 'dropout': 0.3069356661092612, 'hidden_continuous_size': 33, 'attention_head_size': 1, 'learning_rate': 0.08581520259361067}. Best is trial 82 with value: 140.02366638183594.
LOCAL_RANK: 0 - CUDA_VISIBLE_DEVICES: [0]
[I 2023-11-30 13:31:49,111] Trial 135 finished with value: 167.71310424804688 and parameters: {'gradient_clip_val': 0.6246756825250498, 'hidden_size': 103, 'dropout': 0.32338365739247743, 'hidden_continuous_size': 37, 'attention_head_size': 1, 'learning_rate': 0.060436499247259474}. Best is trial 82 with value: 140.02366638183594.
LOCAL_RANK: 0 - CUDA_VISIBLE_DEVICES: [0]
[I 2023-11-30 13:32:03,450] Trial 136 finished with value: 220.1498260498047 and parameters: {'gradient_clip_val': 0.6210097435804998, 'hidden_size': 106, 'dropout': 0.3173777472459142, 'hidden_continuous_size': 34, 'attention_head_size': 1, 'learning_rate': 0.06032950429610087}. Best is trial 82 with value: 140.02366638183594.
LOCAL_RANK: 0 - CUDA_VISIBLE_DEVICES: [0]
[I 2023-11-30 13:32:17,479] Trial 137 finished with value: 190.0399169921875 and parameters: {'gradient_clip_val': 0.665350941554221, 'hidden_size': 104, 'dropout': 0.32230571158952875, 'hidden_continuous_size': 37, 'attention_head_size': 1, 'learning_rate': 0.07371667773971523}. Best is trial 82 with value: 140.02366638183594.
LOCAL_RANK: 0 - CUDA_VISIBLE_DEVICES: [0]
[I 2023-11-30 13:32:31,717] Trial 138 finished with value: 197.86033630371094 and parameters: {'gradient_clip_val': 0.5796479075715575, 'hidden_size': 127, 'dropout': 0.30229436396517984, 'hidden_continuous_size': 33, 'attention_head_size': 1, 'learning_rate': 0.09337773630364697}. Best is trial 82 with value: 140.02366638183594.
LOCAL_RANK: 0 - CUDA_VISIBLE_DEVICES: [0]
[I 2023-11-30 13:32:45,447] Trial 139 finished with value: 223.74867248535156 and parameters: {'gradient_clip_val': 0.4141254640449038, 'hidden_size': 100, 'dropout': 0.3296388789825102, 'hidden_continuous_size': 31, 'attention_head_size': 1, 'learning_rate': 0.06647688836382193}. Best is trial 82 with value: 140.02366638183594.
LOCAL_RANK: 0 - CUDA_VISIBLE_DEVICES: [0]
[I 2023-11-30 13:32:59,589] Trial 140 finished with value: 235.1589813232422 and parameters: {'gradient_clip_val': 0.5295100543002201, 'hidden_size': 90, 'dropout': 0.31085635622658236, 'hidden_continuous_size': 35, 'attention_head_size': 1, 'learning_rate': 0.056091348422463314}. Best is trial 82 with value: 140.02366638183594.
LOCAL_RANK: 0 - CUDA_VISIBLE_DEVICES: [0]
[I 2023-11-30 13:33:13,716] Trial 141 finished with value: 197.76739501953125 and parameters: {'gradient_clip_val': 0.6978279352792716, 'hidden_size': 119, 'dropout': 0.33498160985283343, 'hidden_continuous_size': 29, 'attention_head_size': 1, 'learning_rate': 0.061643226475649925}. Best is trial 82 with value: 140.02366638183594.
LOCAL_RANK: 0 - CUDA_VISIBLE_DEVICES: [0]
[I 2023-11-30 13:33:28,193] Trial 142 finished with value: 219.5101776123047 and parameters: {'gradient_clip_val': 0.4649661671344427, 'hidden_size': 94, 'dropout': 0.3229067880778549, 'hidden_continuous_size': 83, 'attention_head_size': 1, 'learning_rate': 0.07958834049019578}. Best is trial 82 with value: 140.02366638183594.
LOCAL_RANK: 0 - CUDA_VISIBLE_DEVICES: [0]
[I 2023-11-30 13:33:43,209] Trial 143 finished with value: 228.8199462890625 and parameters: {'gradient_clip_val': 0.8017260231537686, 'hidden_size': 83, 'dropout': 0.3153514654156597, 'hidden_continuous_size': 39, 'attention_head_size': 1, 'learning_rate': 0.05255948134079909}. Best is trial 82 with value: 140.02366638183594.
LOCAL_RANK: 0 - CUDA_VISIBLE_DEVICES: [0]
[I 2023-11-30 13:33:57,965] Trial 144 finished with value: 207.0806884765625 and parameters: {'gradient_clip_val': 0.6460192267569568, 'hidden_size': 74, 'dropout': 0.293875258169299, 'hidden_continuous_size': 38, 'attention_head_size': 1, 'learning_rate': 0.03753936730623819}. Best is trial 82 with value: 140.02366638183594.
LOCAL_RANK: 0 - CUDA_VISIBLE_DEVICES: [0]
[I 2023-11-30 13:34:13,298] Trial 145 finished with value: 240.2958526611328 and parameters: {'gradient_clip_val': 0.6146138487654338, 'hidden_size': 87, 'dropout': 0.3041239234189283, 'hidden_continuous_size': 50, 'attention_head_size': 1, 'learning_rate': 0.022456880178627653}. Best is trial 82 with value: 140.02366638183594.
LOCAL_RANK: 0 - CUDA_VISIBLE_DEVICES: [0]
[I 2023-11-30 13:34:28,542] Trial 146 finished with value: 213.4005126953125 and parameters: {'gradient_clip_val': 0.5050282078139238, 'hidden_size': 79, 'dropout': 0.2825771091616467, 'hidden_continuous_size': 37, 'attention_head_size': 2, 'learning_rate': 0.018090084453576412}. Best is trial 82 with value: 140.02366638183594.
LOCAL_RANK: 0 - CUDA_VISIBLE_DEVICES: [0]
[I 2023-11-30 13:34:44,001] Trial 147 finished with value: 178.5246124267578 and parameters: {'gradient_clip_val': 0.5555649582468286, 'hidden_size': 99, 'dropout': 0.3257762429371512, 'hidden_continuous_size': 43, 'attention_head_size': 1, 'learning_rate': 0.06885782358290934}. Best is trial 82 with value: 140.02366638183594.
LOCAL_RANK: 0 - CUDA_VISIBLE_DEVICES: [0]
[I 2023-11-30 13:35:00,055] Trial 148 finished with value: 193.9770050048828 and parameters: {'gradient_clip_val': 0.5534025731187012, 'hidden_size': 111, 'dropout': 0.34034234559115073, 'hidden_continuous_size': 35, 'attention_head_size': 1, 'learning_rate': 0.07254540955469505}. Best is trial 82 with value: 140.02366638183594.
LOCAL_RANK: 0 - CUDA_VISIBLE_DEVICES: [0]
[I 2023-11-30 13:35:15,394] Trial 149 finished with value: 195.23899841308594 and parameters: {'gradient_clip_val': 0.5890912125199348, 'hidden_size': 102, 'dropout': 0.3678280241106402, 'hidden_continuous_size': 43, 'attention_head_size': 1, 'learning_rate': 0.06451262129834937}. Best is trial 82 with value: 140.02366638183594.
[I 2023-11-30 13:35:15,519] A new study created in memory with name: no-name-32b529f3-b514-43ec-bea2-cba701cb4da6
/home/le004/conda/anaconda3/envs/tsff_env/lib/python3.9/site-packages/lightning/fabric/plugins/environments/slurm.py:191: The `srun` command is available on your system but is not used. HINT: If your intention is to run Lightning on SLURM, prepend your python command with `srun` like so: srun python /home/le004/master_thesis/git/TSFusionForecast/code/ ...
LOCAL_RANK: 0 - CUDA_VISIBLE_DEVICES: [0]
[I 2023-11-30 13:35:31,547] Trial 0 finished with value: 0.10219079256057739 and parameters: {'gradient_clip_val': 0.4506351055057783, 'hidden_size': 102, 'dropout': 0.19497054714390946, 'hidden_continuous_size': 74, 'attention_head_size': 3, 'learning_rate': 0.028339717184806868}. Best is trial 0 with value: 0.10219079256057739.
LOCAL_RANK: 0 - CUDA_VISIBLE_DEVICES: [0]
[I 2023-11-30 13:35:45,647] Trial 1 finished with value: 0.564391016960144 and parameters: {'gradient_clip_val': 0.843592528863198, 'hidden_size': 12, 'dropout': 0.2264315200032051, 'hidden_continuous_size': 10, 'attention_head_size': 4, 'learning_rate': 0.02300622810596647}. Best is trial 0 with value: 0.10219079256057739.
LOCAL_RANK: 0 - CUDA_VISIBLE_DEVICES: [0]
[I 2023-11-30 13:36:00,954] Trial 2 finished with value: 1.576229214668274 and parameters: {'gradient_clip_val': 0.16849089692683333, 'hidden_size': 78, 'dropout': 0.12504754207190144, 'hidden_continuous_size': 18, 'attention_head_size': 3, 'learning_rate': 0.001318194712141719}. Best is trial 0 with value: 0.10219079256057739.
LOCAL_RANK: 0 - CUDA_VISIBLE_DEVICES: [0]
[I 2023-11-30 13:36:16,034] Trial 3 finished with value: 0.19086997210979462 and parameters: {'gradient_clip_val': 0.8576454807620296, 'hidden_size': 91, 'dropout': 0.13124976243623201, 'hidden_continuous_size': 12, 'attention_head_size': 2, 'learning_rate': 0.012476325942416266}. Best is trial 0 with value: 0.10219079256057739.
LOCAL_RANK: 0 - CUDA_VISIBLE_DEVICES: [0]
[I 2023-11-30 13:36:27,935] Trial 4 finished with value: 2.227680206298828 and parameters: {'gradient_clip_val': 0.22152085149527626, 'hidden_size': 12, 'dropout': 0.3108481894501939, 'hidden_continuous_size': 12, 'attention_head_size': 4, 'learning_rate': 0.004844941250191144}. Best is trial 0 with value: 0.10219079256057739.
LOCAL_RANK: 0 - CUDA_VISIBLE_DEVICES: [0]
[I 2023-11-30 13:36:43,085] Trial 5 finished with value: 0.15766803920269012 and parameters: {'gradient_clip_val': 0.5135620423247342, 'hidden_size': 124, 'dropout': 0.3448763481547642, 'hidden_continuous_size': 10, 'attention_head_size': 3, 'learning_rate': 0.07102259053791858}. Best is trial 0 with value: 0.10219079256057739.
LOCAL_RANK: 0 - CUDA_VISIBLE_DEVICES: [0]
[I 2023-11-30 13:36:58,178] Trial 6 finished with value: 0.20253749191761017 and parameters: {'gradient_clip_val': 0.1324977568510885, 'hidden_size': 57, 'dropout': 0.39016144195773905, 'hidden_continuous_size': 33, 'attention_head_size': 4, 'learning_rate': 0.01755532836890105}. Best is trial 0 with value: 0.10219079256057739.
LOCAL_RANK: 0 - CUDA_VISIBLE_DEVICES: [0]
[I 2023-11-30 13:37:12,311] Trial 7 finished with value: 1.7394304275512695 and parameters: {'gradient_clip_val': 0.19038045752779167, 'hidden_size': 37, 'dropout': 0.202156911377087, 'hidden_continuous_size': 14, 'attention_head_size': 1, 'learning_rate': 0.0024867374072069914}. Best is trial 0 with value: 0.10219079256057739.
LOCAL_RANK: 0 - CUDA_VISIBLE_DEVICES: [0]
[I 2023-11-30 13:37:26,213] Trial 8 finished with value: 3.5572922229766846 and parameters: {'gradient_clip_val': 0.9904265067470468, 'hidden_size': 14, 'dropout': 0.18028286007063327, 'hidden_continuous_size': 12, 'attention_head_size': 4, 'learning_rate': 0.0010542259423159106}. Best is trial 0 with value: 0.10219079256057739.
LOCAL_RANK: 0 - CUDA_VISIBLE_DEVICES: [0]
[I 2023-11-30 13:37:39,951] Trial 9 finished with value: 0.5683739185333252 and parameters: {'gradient_clip_val': 0.9266664477621757, 'hidden_size': 23, 'dropout': 0.2425517837350014, 'hidden_continuous_size': 14, 'attention_head_size': 2, 'learning_rate': 0.010680581839585038}. Best is trial 0 with value: 0.10219079256057739.
LOCAL_RANK: 0 - CUDA_VISIBLE_DEVICES: [0]
[I 2023-11-30 13:37:56,235] Trial 10 finished with value: 0.15461649000644684 and parameters: {'gradient_clip_val': 0.3924648555827, 'hidden_size': 147, 'dropout': 0.2731288812341753, 'hidden_continuous_size': 136, 'attention_head_size': 1, 'learning_rate': 0.04471449926669264}. Best is trial 0 with value: 0.10219079256057739.
LOCAL_RANK: 0 - CUDA_VISIBLE_DEVICES: [0]
[I 2023-11-30 13:38:12,315] Trial 11 finished with value: 0.1854701042175293 and parameters: {'gradient_clip_val': 0.38402074239949496, 'hidden_size': 148, 'dropout': 0.2626522967094859, 'hidden_continuous_size': 125, 'attention_head_size': 1, 'learning_rate': 0.05158858516986759}. Best is trial 0 with value: 0.10219079256057739.
LOCAL_RANK: 0 - CUDA_VISIBLE_DEVICES: [0]
[I 2023-11-30 13:38:28,945] Trial 12 finished with value: 0.25963643193244934 and parameters: {'gradient_clip_val': 0.3365723712716574, 'hidden_size': 149, 'dropout': 0.27902663219987434, 'hidden_continuous_size': 121, 'attention_head_size': 2, 'learning_rate': 0.034500064066336086}. Best is trial 0 with value: 0.10219079256057739.
LOCAL_RANK: 0 - CUDA_VISIBLE_DEVICES: [0]
[I 2023-11-30 13:38:44,356] Trial 13 finished with value: 0.1709831953048706 and parameters: {'gradient_clip_val': 0.46802793818521693, 'hidden_size': 92, 'dropout': 0.18036127009237904, 'hidden_continuous_size': 75, 'attention_head_size': 3, 'learning_rate': 0.034830810444214814}. Best is trial 0 with value: 0.10219079256057739.
LOCAL_RANK: 0 - CUDA_VISIBLE_DEVICES: [0]
[I 2023-11-30 13:38:59,362] Trial 14 finished with value: 0.1207192912697792 and parameters: {'gradient_clip_val': 0.2766100899893865, 'hidden_size': 59, 'dropout': 0.28092467783052283, 'hidden_continuous_size': 44, 'attention_head_size': 1, 'learning_rate': 0.08035984529861498}. Best is trial 0 with value: 0.10219079256057739.
LOCAL_RANK: 0 - CUDA_VISIBLE_DEVICES: [0]
[I 2023-11-30 13:39:14,105] Trial 15 finished with value: 0.1825534850358963 and parameters: {'gradient_clip_val': 0.24178072506489914, 'hidden_size': 57, 'dropout': 0.21795554755545812, 'hidden_continuous_size': 36, 'attention_head_size': 2, 'learning_rate': 0.09844561214954424}. Best is trial 0 with value: 0.10219079256057739.
LOCAL_RANK: 0 - CUDA_VISIBLE_DEVICES: [0]
[I 2023-11-30 13:39:29,122] Trial 16 finished with value: 0.10685407370328903 and parameters: {'gradient_clip_val': 0.27346354247750865, 'hidden_size': 47, 'dropout': 0.31136999288980843, 'hidden_continuous_size': 31, 'attention_head_size': 3, 'learning_rate': 0.0914636342972472}. Best is trial 0 with value: 0.10219079256057739.
LOCAL_RANK: 0 - CUDA_VISIBLE_DEVICES: [0]
[I 2023-11-30 13:39:43,671] Trial 17 finished with value: 0.16456912457942963 and parameters: {'gradient_clip_val': 0.10385638726699815, 'hidden_size': 36, 'dropout': 0.319202120158888, 'hidden_continuous_size': 21, 'attention_head_size': 3, 'learning_rate': 0.025825801818478194}. Best is trial 0 with value: 0.10219079256057739.
LOCAL_RANK: 0 - CUDA_VISIBLE_DEVICES: [0]
[I 2023-11-30 13:39:57,564] Trial 18 finished with value: 0.18901784718036652 and parameters: {'gradient_clip_val': 0.5895983078048647, 'hidden_size': 25, 'dropout': 0.15628977000327868, 'hidden_continuous_size': 17, 'attention_head_size': 3, 'learning_rate': 0.05761037153044926}. Best is trial 0 with value: 0.10219079256057739.
LOCAL_RANK: 0 - CUDA_VISIBLE_DEVICES: [0]
[I 2023-11-30 13:40:12,372] Trial 19 finished with value: 0.10734007507562637 and parameters: {'gradient_clip_val': 0.299600259093441, 'hidden_size': 47, 'dropout': 0.24053157401514846, 'hidden_continuous_size': 25, 'attention_head_size': 3, 'learning_rate': 0.09998054440706544}. Best is trial 0 with value: 0.10219079256057739.
LOCAL_RANK: 0 - CUDA_VISIBLE_DEVICES: [0]
[I 2023-11-30 13:40:27,733] Trial 20 finished with value: 0.13459260761737823 and parameters: {'gradient_clip_val': 0.6206912848429511, 'hidden_size': 78, 'dropout': 0.20416493706580208, 'hidden_continuous_size': 48, 'attention_head_size': 2, 'learning_rate': 0.05249344072391449}. Best is trial 0 with value: 0.10219079256057739.
LOCAL_RANK: 0 - CUDA_VISIBLE_DEVICES: [0]
[I 2023-11-30 13:40:42,874] Trial 21 finished with value: 0.08438640832901001 and parameters: {'gradient_clip_val': 0.31474439988666525, 'hidden_size': 45, 'dropout': 0.2423845779933878, 'hidden_continuous_size': 24, 'attention_head_size': 3, 'learning_rate': 0.09826600465557592}. Best is trial 21 with value: 0.08438640832901001.
LOCAL_RANK: 0 - CUDA_VISIBLE_DEVICES: [0]
[I 2023-11-30 13:40:57,716] Trial 22 finished with value: 0.0842643603682518 and parameters: {'gradient_clip_val': 0.32996640967057395, 'hidden_size': 44, 'dropout': 0.2515258000694805, 'hidden_continuous_size': 23, 'attention_head_size': 3, 'learning_rate': 0.06721136592840136}. Best is trial 22 with value: 0.0842643603682518.
LOCAL_RANK: 0 - CUDA_VISIBLE_DEVICES: [0]
