[I 2023-11-30 09:41:29,548] Trial 33 finished with value: 0.2183741182088852 and parameters: {'gradient_clip_val': 0.2891614360254377, 'hidden_size': 67, 'dropout': 0.3781578793109208, 'hidden_continuous_size': 44, 'attention_head_size': 1, 'learning_rate': 0.00827748983921756}. Best is trial 28 with value: 0.08111274987459183.
LOCAL_RANK: 0 - CUDA_VISIBLE_DEVICES: [0]
[I 2023-11-30 09:41:44,117] Trial 34 finished with value: 0.1116265058517456 and parameters: {'gradient_clip_val': 0.37744899895740974, 'hidden_size': 123, 'dropout': 0.3899170982373162, 'hidden_continuous_size': 68, 'attention_head_size': 1, 'learning_rate': 0.0125156908465864}. Best is trial 28 with value: 0.08111274987459183.
LOCAL_RANK: 0 - CUDA_VISIBLE_DEVICES: [0]
[I 2023-11-30 09:41:58,160] Trial 35 finished with value: 0.1609593778848648 and parameters: {'gradient_clip_val': 0.3604554018832972, 'hidden_size': 93, 'dropout': 0.35414289721405295, 'hidden_continuous_size': 52, 'attention_head_size': 1, 'learning_rate': 0.031020643429347815}. Best is trial 28 with value: 0.08111274987459183.
LOCAL_RANK: 0 - CUDA_VISIBLE_DEVICES: [0]
[I 2023-11-30 09:42:11,687] Trial 36 finished with value: 0.23886258900165558 and parameters: {'gradient_clip_val': 0.28676873541859477, 'hidden_size': 60, 'dropout': 0.32280549909464695, 'hidden_continuous_size': 42, 'attention_head_size': 1, 'learning_rate': 0.008757076346516296}. Best is trial 28 with value: 0.08111274987459183.
LOCAL_RANK: 0 - CUDA_VISIBLE_DEVICES: [0]
[I 2023-11-30 09:42:25,668] Trial 37 finished with value: 0.11663774400949478 and parameters: {'gradient_clip_val': 0.401566878145326, 'hidden_size': 79, 'dropout': 0.30386968770983064, 'hidden_continuous_size': 57, 'attention_head_size': 1, 'learning_rate': 0.01625478065012733}. Best is trial 28 with value: 0.08111274987459183.
LOCAL_RANK: 0 - CUDA_VISIBLE_DEVICES: [0]
[I 2023-11-30 09:42:38,530] Trial 38 finished with value: 0.44756069779396057 and parameters: {'gradient_clip_val': 0.47928754187954364, 'hidden_size': 36, 'dropout': 0.37048185017731466, 'hidden_continuous_size': 31, 'attention_head_size': 2, 'learning_rate': 0.011129365191173577}. Best is trial 28 with value: 0.08111274987459183.
LOCAL_RANK: 0 - CUDA_VISIBLE_DEVICES: [0]
[I 2023-11-30 09:42:51,591] Trial 39 finished with value: 0.15823405981063843 and parameters: {'gradient_clip_val': 0.36781555805531563, 'hidden_size': 30, 'dropout': 0.34149525981478795, 'hidden_continuous_size': 24, 'attention_head_size': 2, 'learning_rate': 0.01897485734208483}. Best is trial 28 with value: 0.08111274987459183.
LOCAL_RANK: 0 - CUDA_VISIBLE_DEVICES: [0]
[I 2023-11-30 09:43:05,862] Trial 40 finished with value: 0.13101203739643097 and parameters: {'gradient_clip_val': 0.5933688256206328, 'hidden_size': 123, 'dropout': 0.38470475482557254, 'hidden_continuous_size': 74, 'attention_head_size': 1, 'learning_rate': 0.006877729073031145}. Best is trial 28 with value: 0.08111274987459183.
LOCAL_RANK: 0 - CUDA_VISIBLE_DEVICES: [0]
[I 2023-11-30 09:43:20,119] Trial 41 finished with value: 0.09666305780410767 and parameters: {'gradient_clip_val': 0.33170033498529394, 'hidden_size': 103, 'dropout': 0.3641936833313038, 'hidden_continuous_size': 58, 'attention_head_size': 2, 'learning_rate': 0.01988370844741345}. Best is trial 28 with value: 0.08111274987459183.
LOCAL_RANK: 0 - CUDA_VISIBLE_DEVICES: [0]
[I 2023-11-30 09:43:34,312] Trial 42 finished with value: 0.11657019704580307 and parameters: {'gradient_clip_val': 0.357091519123678, 'hidden_size': 99, 'dropout': 0.3649074419479149, 'hidden_continuous_size': 59, 'attention_head_size': 2, 'learning_rate': 0.021681625980657242}. Best is trial 28 with value: 0.08111274987459183.
LOCAL_RANK: 0 - CUDA_VISIBLE_DEVICES: [0]
[I 2023-11-30 09:43:48,524] Trial 43 finished with value: 0.1338716596364975 and parameters: {'gradient_clip_val': 0.3256181821730674, 'hidden_size': 99, 'dropout': 0.3846875094209341, 'hidden_continuous_size': 54, 'attention_head_size': 3, 'learning_rate': 0.009492087031987463}. Best is trial 28 with value: 0.08111274987459183.
LOCAL_RANK: 0 - CUDA_VISIBLE_DEVICES: [0]
[I 2023-11-30 09:44:03,137] Trial 44 finished with value: 0.14804570376873016 and parameters: {'gradient_clip_val': 0.28214059668236574, 'hidden_size': 124, 'dropout': 0.3998903354032498, 'hidden_continuous_size': 67, 'attention_head_size': 2, 'learning_rate': 0.01299068479246872}. Best is trial 28 with value: 0.08111274987459183.
LOCAL_RANK: 0 - CUDA_VISIBLE_DEVICES: [0]
[I 2023-11-30 09:44:17,094] Trial 45 finished with value: 0.09559612721204758 and parameters: {'gradient_clip_val': 0.42555746458963795, 'hidden_size': 80, 'dropout': 0.3526957274451092, 'hidden_continuous_size': 50, 'attention_head_size': 2, 'learning_rate': 0.01909169038060381}. Best is trial 28 with value: 0.08111274987459183.
LOCAL_RANK: 0 - CUDA_VISIBLE_DEVICES: [0]
[I 2023-11-30 09:44:30,561] Trial 46 finished with value: 0.13212870061397552 and parameters: {'gradient_clip_val': 0.4369482260656867, 'hidden_size': 52, 'dropout': 0.34643985439859176, 'hidden_continuous_size': 35, 'attention_head_size': 3, 'learning_rate': 0.028357526858898075}. Best is trial 28 with value: 0.08111274987459183.
LOCAL_RANK: 0 - CUDA_VISIBLE_DEVICES: [0]
[I 2023-11-30 09:44:44,495] Trial 47 finished with value: 0.09899284690618515 and parameters: {'gradient_clip_val': 0.39249391727302146, 'hidden_size': 73, 'dropout': 0.30654622815191707, 'hidden_continuous_size': 48, 'attention_head_size': 2, 'learning_rate': 0.023219288213776803}. Best is trial 28 with value: 0.08111274987459183.
LOCAL_RANK: 0 - CUDA_VISIBLE_DEVICES: [0]
[I 2023-11-30 09:44:57,688] Trial 48 finished with value: 0.11103730648756027 and parameters: {'gradient_clip_val': 0.403816692104515, 'hidden_size': 44, 'dropout': 0.2966079886099606, 'hidden_continuous_size': 36, 'attention_head_size': 2, 'learning_rate': 0.02176869775629687}. Best is trial 28 with value: 0.08111274987459183.
LOCAL_RANK: 0 - CUDA_VISIBLE_DEVICES: [0]
[I 2023-11-30 09:45:11,830] Trial 49 finished with value: 0.1043253168463707 and parameters: {'gradient_clip_val': 0.3800718411899383, 'hidden_size': 72, 'dropout': 0.330179963978536, 'hidden_continuous_size': 51, 'attention_head_size': 3, 'learning_rate': 0.02554925656425526}. Best is trial 28 with value: 0.08111274987459183.
LOCAL_RANK: 0 - CUDA_VISIBLE_DEVICES: [0]
[I 2023-11-30 09:45:25,385] Trial 50 finished with value: 0.1371905356645584 and parameters: {'gradient_clip_val': 0.3378140289686476, 'hidden_size': 64, 'dropout': 0.38385421372643636, 'hidden_continuous_size': 48, 'attention_head_size': 2, 'learning_rate': 0.033128737685048905}. Best is trial 28 with value: 0.08111274987459183.
LOCAL_RANK: 0 - CUDA_VISIBLE_DEVICES: [0]
[I 2023-11-30 09:45:39,533] Trial 51 finished with value: 0.07663241773843765 and parameters: {'gradient_clip_val': 0.4755526468406864, 'hidden_size': 108, 'dropout': 0.3548954111608742, 'hidden_continuous_size': 45, 'attention_head_size': 2, 'learning_rate': 0.01581461456059631}. Best is trial 51 with value: 0.07663241773843765.
LOCAL_RANK: 0 - CUDA_VISIBLE_DEVICES: [0]
[I 2023-11-30 09:45:53,436] Trial 52 finished with value: 0.1274055689573288 and parameters: {'gradient_clip_val': 0.3916074903369495, 'hidden_size': 79, 'dropout': 0.35870376753591454, 'hidden_continuous_size': 45, 'attention_head_size': 2, 'learning_rate': 0.017204928683451304}. Best is trial 51 with value: 0.07663241773843765.
LOCAL_RANK: 0 - CUDA_VISIBLE_DEVICES: [0]
[I 2023-11-30 09:46:07,703] Trial 53 finished with value: 0.09689899533987045 and parameters: {'gradient_clip_val': 0.496075955401988, 'hidden_size': 103, 'dropout': 0.32920667938044484, 'hidden_continuous_size': 57, 'attention_head_size': 2, 'learning_rate': 0.03478137459953718}. Best is trial 51 with value: 0.07663241773843765.
LOCAL_RANK: 0 - CUDA_VISIBLE_DEVICES: [0]
[I 2023-11-30 09:46:22,162] Trial 54 finished with value: 0.09158114343881607 and parameters: {'gradient_clip_val': 0.5091305885211508, 'hidden_size': 107, 'dropout': 0.30925128327151075, 'hidden_continuous_size': 56, 'attention_head_size': 2, 'learning_rate': 0.03622623874941362}. Best is trial 51 with value: 0.07663241773843765.
LOCAL_RANK: 0 - CUDA_VISIBLE_DEVICES: [0]
[I 2023-11-30 09:46:36,238] Trial 55 finished with value: 0.1135486587882042 and parameters: {'gradient_clip_val': 0.6076118198239913, 'hidden_size': 108, 'dropout': 0.3337926884522991, 'hidden_continuous_size': 58, 'attention_head_size': 2, 'learning_rate': 0.035894086233398605}. Best is trial 51 with value: 0.07663241773843765.
LOCAL_RANK: 0 - CUDA_VISIBLE_DEVICES: [0]
[I 2023-11-30 09:46:50,530] Trial 56 finished with value: 0.17390088737010956 and parameters: {'gradient_clip_val': 0.49555467227275496, 'hidden_size': 105, 'dropout': 0.32776487617704947, 'hidden_continuous_size': 59, 'attention_head_size': 3, 'learning_rate': 0.05516352543381016}. Best is trial 51 with value: 0.07663241773843765.
LOCAL_RANK: 0 - CUDA_VISIBLE_DEVICES: [0]
[I 2023-11-30 09:47:04,574] Trial 57 finished with value: 0.09970695525407791 and parameters: {'gradient_clip_val': 0.5647211501007299, 'hidden_size': 96, 'dropout': 0.31590182361691077, 'hidden_continuous_size': 62, 'attention_head_size': 2, 'learning_rate': 0.03819707275063028}. Best is trial 51 with value: 0.07663241773843765.
LOCAL_RANK: 0 - CUDA_VISIBLE_DEVICES: [0]
[I 2023-11-30 09:47:18,799] Trial 58 finished with value: 0.12679918110370636 and parameters: {'gradient_clip_val': 0.47605365987281173, 'hidden_size': 118, 'dropout': 0.3373555533653495, 'hidden_continuous_size': 42, 'attention_head_size': 2, 'learning_rate': 0.030011814176568175}. Best is trial 51 with value: 0.07663241773843765.
LOCAL_RANK: 0 - CUDA_VISIBLE_DEVICES: [0]
[I 2023-11-30 09:47:33,331] Trial 59 finished with value: 0.12915320694446564 and parameters: {'gradient_clip_val': 0.5242235152282003, 'hidden_size': 130, 'dropout': 0.27712282805708327, 'hidden_continuous_size': 52, 'attention_head_size': 2, 'learning_rate': 0.043257337777295214}. Best is trial 51 with value: 0.07663241773843765.
LOCAL_RANK: 0 - CUDA_VISIBLE_DEVICES: [0]
[I 2023-11-30 09:47:47,731] Trial 60 finished with value: 0.11731664091348648 and parameters: {'gradient_clip_val': 0.43786770142093223, 'hidden_size': 115, 'dropout': 0.3564912508422477, 'hidden_continuous_size': 55, 'attention_head_size': 3, 'learning_rate': 0.05137718939212134}. Best is trial 51 with value: 0.07663241773843765.
LOCAL_RANK: 0 - CUDA_VISIBLE_DEVICES: [0]
[I 2023-11-30 09:48:01,705] Trial 61 finished with value: 0.1298264116048813 and parameters: {'gradient_clip_val': 0.42770769034869904, 'hidden_size': 88, 'dropout': 0.3078741655292737, 'hidden_continuous_size': 49, 'attention_head_size': 2, 'learning_rate': 0.023708972159174883}. Best is trial 51 with value: 0.07663241773843765.
LOCAL_RANK: 0 - CUDA_VISIBLE_DEVICES: [0]
[I 2023-11-30 09:48:16,017] Trial 62 finished with value: 0.14276345074176788 and parameters: {'gradient_clip_val': 0.5011162633068028, 'hidden_size': 102, 'dropout': 0.3245475640606956, 'hidden_continuous_size': 63, 'attention_head_size': 2, 'learning_rate': 0.02675636198532381}. Best is trial 51 with value: 0.07663241773843765.
LOCAL_RANK: 0 - CUDA_VISIBLE_DEVICES: [0]
[I 2023-11-30 09:48:29,961] Trial 63 finished with value: 0.0793851837515831 and parameters: {'gradient_clip_val': 0.4075600920477933, 'hidden_size': 75, 'dropout': 0.34620791424107933, 'hidden_continuous_size': 47, 'attention_head_size': 2, 'learning_rate': 0.033476906345193215}. Best is trial 51 with value: 0.07663241773843765.
LOCAL_RANK: 0 - CUDA_VISIBLE_DEVICES: [0]
[I 2023-11-30 09:48:44,383] Trial 64 finished with value: 0.08459324389696121 and parameters: {'gradient_clip_val': 0.46997459332609104, 'hidden_size': 112, 'dropout': 0.3490378260965731, 'hidden_continuous_size': 45, 'attention_head_size': 2, 'learning_rate': 0.03279536963326914}. Best is trial 51 with value: 0.07663241773843765.
LOCAL_RANK: 0 - CUDA_VISIBLE_DEVICES: [0]
[I 2023-11-30 09:48:58,808] Trial 65 finished with value: 0.10069400072097778 and parameters: {'gradient_clip_val': 0.45103881552675396, 'hidden_size': 133, 'dropout': 0.3470200292763992, 'hidden_continuous_size': 45, 'attention_head_size': 2, 'learning_rate': 0.06446332193423321}. Best is trial 51 with value: 0.07663241773843765.
LOCAL_RANK: 0 - CUDA_VISIBLE_DEVICES: [0]
[I 2023-11-30 09:49:12,859] Trial 66 finished with value: 0.13403235375881195 and parameters: {'gradient_clip_val': 0.42006989784848286, 'hidden_size': 86, 'dropout': 0.3717625270152498, 'hidden_continuous_size': 50, 'attention_head_size': 2, 'learning_rate': 0.029965380414479225}. Best is trial 51 with value: 0.07663241773843765.
LOCAL_RANK: 0 - CUDA_VISIBLE_DEVICES: [0]
[I 2023-11-30 09:49:26,923] Trial 67 finished with value: 0.11796770244836807 and parameters: {'gradient_clip_val': 0.3544640735738741, 'hidden_size': 112, 'dropout': 0.3505953557685291, 'hidden_continuous_size': 42, 'attention_head_size': 3, 'learning_rate': 0.0400564753984264}. Best is trial 51 with value: 0.07663241773843765.
LOCAL_RANK: 0 - CUDA_VISIBLE_DEVICES: [0]
[I 2023-11-30 09:49:41,002] Trial 68 finished with value: 0.13784857094287872 and parameters: {'gradient_clip_val': 0.5487852561595751, 'hidden_size': 96, 'dropout': 0.3614645002310426, 'hidden_continuous_size': 46, 'attention_head_size': 2, 'learning_rate': 0.014732987512718013}. Best is trial 51 with value: 0.07663241773843765.
LOCAL_RANK: 0 - CUDA_VISIBLE_DEVICES: [0]
[I 2023-11-30 09:49:55,940] Trial 69 finished with value: 0.08449094742536545 and parameters: {'gradient_clip_val': 0.47090087642170336, 'hidden_size': 150, 'dropout': 0.374876665109954, 'hidden_continuous_size': 76, 'attention_head_size': 2, 'learning_rate': 0.020524606491378192}. Best is trial 51 with value: 0.07663241773843765.
LOCAL_RANK: 0 - CUDA_VISIBLE_DEVICES: [0]
[I 2023-11-30 09:50:10,803] Trial 70 finished with value: 0.12950901687145233 and parameters: {'gradient_clip_val': 0.45833253325460604, 'hidden_size': 148, 'dropout': 0.3766347716707797, 'hidden_continuous_size': 79, 'attention_head_size': 2, 'learning_rate': 0.03498779982662834}. Best is trial 51 with value: 0.07663241773843765.
LOCAL_RANK: 0 - CUDA_VISIBLE_DEVICES: [0]
[I 2023-11-30 09:50:24,948] Trial 71 finished with value: 0.10544401407241821 and parameters: {'gradient_clip_val': 0.47039280272015327, 'hidden_size': 112, 'dropout': 0.3389364560481515, 'hidden_continuous_size': 71, 'attention_head_size': 2, 'learning_rate': 0.02064974954499795}. Best is trial 51 with value: 0.07663241773843765.
LOCAL_RANK: 0 - CUDA_VISIBLE_DEVICES: [0]
[I 2023-11-30 09:50:39,304] Trial 72 finished with value: 0.10270724445581436 and parameters: {'gradient_clip_val': 0.4177832467441531, 'hidden_size': 136, 'dropout': 0.37384920055528637, 'hidden_continuous_size': 64, 'attention_head_size': 2, 'learning_rate': 0.017849176676353367}. Best is trial 51 with value: 0.07663241773843765.
LOCAL_RANK: 0 - CUDA_VISIBLE_DEVICES: [0]
[I 2023-11-30 09:50:53,550] Trial 73 finished with value: 0.10208425670862198 and parameters: {'gradient_clip_val': 0.5213147819587725, 'hidden_size': 94, 'dropout': 0.36387866138521413, 'hidden_continuous_size': 54, 'attention_head_size': 2, 'learning_rate': 0.025093728643831498}. Best is trial 51 with value: 0.07663241773843765.
LOCAL_RANK: 0 - CUDA_VISIBLE_DEVICES: [0]
[I 2023-11-30 09:51:07,888] Trial 74 finished with value: 0.10656873136758804 and parameters: {'gradient_clip_val': 0.6527576087819241, 'hidden_size': 82, 'dropout': 0.3899428331784839, 'hidden_continuous_size': 55, 'attention_head_size': 2, 'learning_rate': 0.015669813300158607}. Best is trial 51 with value: 0.07663241773843765.
LOCAL_RANK: 0 - CUDA_VISIBLE_DEVICES: [0]
[I 2023-11-30 09:51:22,262] Trial 75 finished with value: 0.09292474389076233 and parameters: {'gradient_clip_val': 0.3787205800519323, 'hidden_size': 124, 'dropout': 0.357346888732743, 'hidden_continuous_size': 70, 'attention_head_size': 2, 'learning_rate': 0.01932116014227405}. Best is trial 51 with value: 0.07663241773843765.
LOCAL_RANK: 0 - CUDA_VISIBLE_DEVICES: [0]
[I 2023-11-30 09:51:36,825] Trial 76 finished with value: 0.12592309713363647 and parameters: {'gradient_clip_val': 0.38253239024899294, 'hidden_size': 122, 'dropout': 0.34285128487504607, 'hidden_continuous_size': 79, 'attention_head_size': 2, 'learning_rate': 0.028716149441170364}. Best is trial 51 with value: 0.07663241773843765.
LOCAL_RANK: 0 - CUDA_VISIBLE_DEVICES: [0]
[I 2023-11-30 09:51:51,423] Trial 77 finished with value: 0.10081478208303452 and parameters: {'gradient_clip_val': 0.35331872791479135, 'hidden_size': 140, 'dropout': 0.3549065176562013, 'hidden_continuous_size': 68, 'attention_head_size': 2, 'learning_rate': 0.01362520402185971}. Best is trial 51 with value: 0.07663241773843765.
LOCAL_RANK: 0 - CUDA_VISIBLE_DEVICES: [0]
[I 2023-11-30 09:52:05,740] Trial 78 finished with value: 0.11081371456384659 and parameters: {'gradient_clip_val': 0.557450386090404, 'hidden_size': 128, 'dropout': 0.38388514623153497, 'hidden_continuous_size': 74, 'attention_head_size': 1, 'learning_rate': 0.0125696362648974}. Best is trial 51 with value: 0.07663241773843765.
LOCAL_RANK: 0 - CUDA_VISIBLE_DEVICES: [0]
[I 2023-11-30 09:52:20,353] Trial 79 finished with value: 0.1054094135761261 and parameters: {'gradient_clip_val': 0.4186234963743443, 'hidden_size': 116, 'dropout': 0.3920150435423524, 'hidden_continuous_size': 65, 'attention_head_size': 2, 'learning_rate': 0.018440544414423696}. Best is trial 51 with value: 0.07663241773843765.
LOCAL_RANK: 0 - CUDA_VISIBLE_DEVICES: [0]
[I 2023-11-30 09:52:34,905] Trial 80 finished with value: 0.14688308537006378 and parameters: {'gradient_clip_val': 0.4639995161149154, 'hidden_size': 137, 'dropout': 0.34959300637074825, 'hidden_continuous_size': 40, 'attention_head_size': 3, 'learning_rate': 0.025734016556282907}. Best is trial 51 with value: 0.07663241773843765.
LOCAL_RANK: 0 - CUDA_VISIBLE_DEVICES: [0]
[I 2023-11-30 09:52:49,201] Trial 81 finished with value: 0.0952690839767456 and parameters: {'gradient_clip_val': 0.3384374869235917, 'hidden_size': 106, 'dropout': 0.37010684124153104, 'hidden_continuous_size': 59, 'attention_head_size': 2, 'learning_rate': 0.021216606503260738}. Best is trial 51 with value: 0.07663241773843765.
LOCAL_RANK: 0 - CUDA_VISIBLE_DEVICES: [0]
[I 2023-11-30 09:53:03,351] Trial 82 finished with value: 0.11836204677820206 and parameters: {'gradient_clip_val': 0.38517991879698577, 'hidden_size': 108, 'dropout': 0.37326000535557463, 'hidden_continuous_size': 60, 'attention_head_size': 2, 'learning_rate': 0.015777823399537216}. Best is trial 51 with value: 0.07663241773843765.
LOCAL_RANK: 0 - CUDA_VISIBLE_DEVICES: [0]
[I 2023-11-30 09:53:17,576] Trial 83 finished with value: 0.10013526678085327 and parameters: {'gradient_clip_val': 0.36256585749837417, 'hidden_size': 91, 'dropout': 0.35997020348446457, 'hidden_continuous_size': 61, 'attention_head_size': 2, 'learning_rate': 0.02297053836805782}. Best is trial 51 with value: 0.07663241773843765.
LOCAL_RANK: 0 - CUDA_VISIBLE_DEVICES: [0]
[I 2023-11-30 09:53:31,891] Trial 84 finished with value: 0.10003869980573654 and parameters: {'gradient_clip_val': 0.40867675638570056, 'hidden_size': 128, 'dropout': 0.3786355394716413, 'hidden_continuous_size': 50, 'attention_head_size': 2, 'learning_rate': 0.03302047436762034}. Best is trial 51 with value: 0.07663241773843765.
LOCAL_RANK: 0 - CUDA_VISIBLE_DEVICES: [0]
[I 2023-11-30 09:53:46,358] Trial 85 finished with value: 0.0858713760972023 and parameters: {'gradient_clip_val': 0.4468181931668239, 'hidden_size': 117, 'dropout': 0.3408722139920058, 'hidden_continuous_size': 69, 'attention_head_size': 2, 'learning_rate': 0.020113989747745413}. Best is trial 51 with value: 0.07663241773843765.
LOCAL_RANK: 0 - CUDA_VISIBLE_DEVICES: [0]
[I 2023-11-30 09:54:00,778] Trial 86 finished with value: 0.11941171437501907 and parameters: {'gradient_clip_val': 0.34234764213508917, 'hidden_size': 119, 'dropout': 0.34331850348221393, 'hidden_continuous_size': 66, 'attention_head_size': 1, 'learning_rate': 0.021872370948750077}. Best is trial 51 with value: 0.07663241773843765.
LOCAL_RANK: 0 - CUDA_VISIBLE_DEVICES: [0]
[I 2023-11-30 09:54:15,563] Trial 87 finished with value: 0.12239769846200943 and parameters: {'gradient_clip_val': 0.48822131705170385, 'hidden_size': 147, 'dropout': 0.3362670987082713, 'hidden_continuous_size': 72, 'attention_head_size': 2, 'learning_rate': 0.01729898423685352}. Best is trial 51 with value: 0.07663241773843765.
LOCAL_RANK: 0 - CUDA_VISIBLE_DEVICES: [0]
[I 2023-11-30 09:54:29,834] Trial 88 finished with value: 0.16171075403690338 and parameters: {'gradient_clip_val': 0.4608299273533313, 'hidden_size': 112, 'dropout': 0.36839840483778374, 'hidden_continuous_size': 69, 'attention_head_size': 2, 'learning_rate': 0.011296233377806044}. Best is trial 51 with value: 0.07663241773843765.
LOCAL_RANK: 0 - CUDA_VISIBLE_DEVICES: [0]
[I 2023-11-30 09:54:44,479] Trial 89 finished with value: 0.1679658144712448 and parameters: {'gradient_clip_val': 0.31767826700573676, 'hidden_size': 125, 'dropout': 0.3904145764464386, 'hidden_continuous_size': 74, 'attention_head_size': 1, 'learning_rate': 0.027578965443875704}. Best is trial 51 with value: 0.07663241773843765.
LOCAL_RANK: 0 - CUDA_VISIBLE_DEVICES: [0]
[I 2023-11-30 09:54:58,829] Trial 90 finished with value: 0.14015229046344757 and parameters: {'gradient_clip_val': 0.3708343344311005, 'hidden_size': 99, 'dropout': 0.32111309351040224, 'hidden_continuous_size': 62, 'attention_head_size': 2, 'learning_rate': 0.020756231062912963}. Best is trial 51 with value: 0.07663241773843765.
LOCAL_RANK: 0 - CUDA_VISIBLE_DEVICES: [0]
