[I 2023-11-30 03:43:24,652] Trial 68 finished with value: 0.14050836861133575 and parameters: {'gradient_clip_val': 0.30040366131766777, 'hidden_size': 48, 'dropout': 0.1684657240058813, 'hidden_continuous_size': 23, 'attention_head_size': 1, 'learning_rate': 0.04391854766931165}. Best is trial 4 with value: 0.08365339040756226.
LOCAL_RANK: 0 - CUDA_VISIBLE_DEVICES: [0]
[I 2023-11-30 03:43:37,515] Trial 69 finished with value: 0.26480069756507874 and parameters: {'gradient_clip_val': 0.44063111893937523, 'hidden_size': 33, 'dropout': 0.19766363560240952, 'hidden_continuous_size': 19, 'attention_head_size': 2, 'learning_rate': 0.03609260406127582}. Best is trial 4 with value: 0.08365339040756226.
LOCAL_RANK: 0 - CUDA_VISIBLE_DEVICES: [0]
[I 2023-11-30 03:43:50,779] Trial 70 finished with value: 0.21242910623550415 and parameters: {'gradient_clip_val': 0.410265690372147, 'hidden_size': 55, 'dropout': 0.22209512961383157, 'hidden_continuous_size': 16, 'attention_head_size': 2, 'learning_rate': 0.054513182042285835}. Best is trial 4 with value: 0.08365339040756226.
LOCAL_RANK: 0 - CUDA_VISIBLE_DEVICES: [0]
[I 2023-11-30 03:44:03,623] Trial 71 finished with value: 0.28593364357948303 and parameters: {'gradient_clip_val': 0.29431286901880216, 'hidden_size': 48, 'dropout': 0.16891839744569395, 'hidden_continuous_size': 23, 'attention_head_size': 1, 'learning_rate': 0.06928527495013165}. Best is trial 4 with value: 0.08365339040756226.
LOCAL_RANK: 0 - CUDA_VISIBLE_DEVICES: [0]
[I 2023-11-30 03:44:16,451] Trial 72 finished with value: 0.15863682329654694 and parameters: {'gradient_clip_val': 0.3194369320323953, 'hidden_size': 39, 'dropout': 0.19086878095225346, 'hidden_continuous_size': 21, 'attention_head_size': 1, 'learning_rate': 0.045624312883504575}. Best is trial 4 with value: 0.08365339040756226.
LOCAL_RANK: 0 - CUDA_VISIBLE_DEVICES: [0]
[I 2023-11-30 03:44:29,663] Trial 73 finished with value: 0.2579004764556885 and parameters: {'gradient_clip_val': 0.35630820896639936, 'hidden_size': 41, 'dropout': 0.1609239956957072, 'hidden_continuous_size': 20, 'attention_head_size': 1, 'learning_rate': 0.04187529181820062}. Best is trial 4 with value: 0.08365339040756226.
LOCAL_RANK: 0 - CUDA_VISIBLE_DEVICES: [0]
[I 2023-11-30 03:44:43,429] Trial 74 finished with value: 0.23347456753253937 and parameters: {'gradient_clip_val': 0.24858086540817856, 'hidden_size': 63, 'dropout': 0.2352492994914001, 'hidden_continuous_size': 27, 'attention_head_size': 3, 'learning_rate': 0.030734390657190268}. Best is trial 4 with value: 0.08365339040756226.
LOCAL_RANK: 0 - CUDA_VISIBLE_DEVICES: [0]
[I 2023-11-30 03:44:56,521] Trial 75 finished with value: 0.16368894279003143 and parameters: {'gradient_clip_val': 0.3340811642683161, 'hidden_size': 45, 'dropout': 0.2073240976728552, 'hidden_continuous_size': 24, 'attention_head_size': 1, 'learning_rate': 0.053594929077328275}. Best is trial 4 with value: 0.08365339040756226.
LOCAL_RANK: 0 - CUDA_VISIBLE_DEVICES: [0]
[I 2023-11-30 03:45:09,499] Trial 76 finished with value: 0.27421674132347107 and parameters: {'gradient_clip_val': 0.39297496083323913, 'hidden_size': 49, 'dropout': 0.21965433016235764, 'hidden_continuous_size': 17, 'attention_head_size': 1, 'learning_rate': 0.02551432950227007}. Best is trial 4 with value: 0.08365339040756226.
LOCAL_RANK: 0 - CUDA_VISIBLE_DEVICES: [0]
[I 2023-11-30 03:45:22,417] Trial 77 finished with value: 0.15400506556034088 and parameters: {'gradient_clip_val': 0.295841214449931, 'hidden_size': 35, 'dropout': 0.25295000561714365, 'hidden_continuous_size': 19, 'attention_head_size': 2, 'learning_rate': 0.04455226408188641}. Best is trial 4 with value: 0.08365339040756226.
LOCAL_RANK: 0 - CUDA_VISIBLE_DEVICES: [0]
[I 2023-11-30 03:45:36,067] Trial 78 finished with value: 0.20934943854808807 and parameters: {'gradient_clip_val': 0.2761562435667512, 'hidden_size': 53, 'dropout': 0.24237703327475246, 'hidden_continuous_size': 24, 'attention_head_size': 4, 'learning_rate': 0.07320843356065916}. Best is trial 4 with value: 0.08365339040756226.
LOCAL_RANK: 0 - CUDA_VISIBLE_DEVICES: [0]
[I 2023-11-30 03:45:49,471] Trial 79 finished with value: 0.19018621742725372 and parameters: {'gradient_clip_val': 0.20881288050564564, 'hidden_size': 57, 'dropout': 0.14606063229831098, 'hidden_continuous_size': 22, 'attention_head_size': 3, 'learning_rate': 0.06198889823046494}. Best is trial 4 with value: 0.08365339040756226.
LOCAL_RANK: 0 - CUDA_VISIBLE_DEVICES: [0]
[I 2023-11-30 03:46:02,252] Trial 80 finished with value: 0.18740195035934448 and parameters: {'gradient_clip_val': 0.36903344935485966, 'hidden_size': 30, 'dropout': 0.18379943063176882, 'hidden_continuous_size': 21, 'attention_head_size': 2, 'learning_rate': 0.03430457787202923}. Best is trial 4 with value: 0.08365339040756226.
LOCAL_RANK: 0 - CUDA_VISIBLE_DEVICES: [0]
[I 2023-11-30 03:46:15,222] Trial 81 finished with value: 0.2338772863149643 and parameters: {'gradient_clip_val': 0.45428378819892123, 'hidden_size': 42, 'dropout': 0.21224537070930344, 'hidden_continuous_size': 14, 'attention_head_size': 2, 'learning_rate': 0.04882211791062743}. Best is trial 4 with value: 0.08365339040756226.
LOCAL_RANK: 0 - CUDA_VISIBLE_DEVICES: [0]
[I 2023-11-30 03:46:28,188] Trial 82 finished with value: 0.15832677483558655 and parameters: {'gradient_clip_val': 0.49811349126159427, 'hidden_size': 49, 'dropout': 0.23185914205383978, 'hidden_continuous_size': 15, 'attention_head_size': 2, 'learning_rate': 0.038668053885044185}. Best is trial 4 with value: 0.08365339040756226.
LOCAL_RANK: 0 - CUDA_VISIBLE_DEVICES: [0]
[I 2023-11-30 03:46:41,351] Trial 83 finished with value: 0.2883579432964325 and parameters: {'gradient_clip_val': 0.42439821759087853, 'hidden_size': 45, 'dropout': 0.20271859947896964, 'hidden_continuous_size': 17, 'attention_head_size': 2, 'learning_rate': 0.04975486689971347}. Best is trial 4 with value: 0.08365339040756226.
LOCAL_RANK: 0 - CUDA_VISIBLE_DEVICES: [0]
[I 2023-11-30 03:46:54,380] Trial 84 finished with value: 0.1904282420873642 and parameters: {'gradient_clip_val': 0.463941227070974, 'hidden_size': 38, 'dropout': 0.21330743179078307, 'hidden_continuous_size': 20, 'attention_head_size': 2, 'learning_rate': 0.09008663474460828}. Best is trial 4 with value: 0.08365339040756226.
LOCAL_RANK: 0 - CUDA_VISIBLE_DEVICES: [0]
[I 2023-11-30 03:47:07,378] Trial 85 finished with value: 0.11130821704864502 and parameters: {'gradient_clip_val': 0.404834333812209, 'hidden_size': 44, 'dropout': 0.2222881255649731, 'hidden_continuous_size': 16, 'attention_head_size': 2, 'learning_rate': 0.06270337803815362}. Best is trial 4 with value: 0.08365339040756226.
LOCAL_RANK: 0 - CUDA_VISIBLE_DEVICES: [0]
[I 2023-11-30 03:47:20,315] Trial 86 finished with value: 0.24768655002117157 and parameters: {'gradient_clip_val': 0.310149768701484, 'hidden_size': 34, 'dropout': 0.22231289669517112, 'hidden_continuous_size': 18, 'attention_head_size': 2, 'learning_rate': 0.07581894918049621}. Best is trial 4 with value: 0.08365339040756226.
LOCAL_RANK: 0 - CUDA_VISIBLE_DEVICES: [0]
[I 2023-11-30 03:47:33,139] Trial 87 finished with value: 0.24013493955135345 and parameters: {'gradient_clip_val': 0.40163873072348005, 'hidden_size': 40, 'dropout': 0.23303293977021383, 'hidden_continuous_size': 16, 'attention_head_size': 2, 'learning_rate': 0.06190145274324811}. Best is trial 4 with value: 0.08365339040756226.
LOCAL_RANK: 0 - CUDA_VISIBLE_DEVICES: [0]
[I 2023-11-30 03:47:46,566] Trial 88 finished with value: 0.21548603475093842 and parameters: {'gradient_clip_val': 0.3480400535373215, 'hidden_size': 60, 'dropout': 0.2434288166802262, 'hidden_continuous_size': 15, 'attention_head_size': 2, 'learning_rate': 0.09758679191815635}. Best is trial 4 with value: 0.08365339040756226.
LOCAL_RANK: 0 - CUDA_VISIBLE_DEVICES: [0]
[I 2023-11-30 03:47:59,779] Trial 89 finished with value: 0.26270177960395813 and parameters: {'gradient_clip_val': 0.38197947901819673, 'hidden_size': 52, 'dropout': 0.22621589724444047, 'hidden_continuous_size': 23, 'attention_head_size': 3, 'learning_rate': 0.08338398442682805}. Best is trial 4 with value: 0.08365339040756226.
LOCAL_RANK: 0 - CUDA_VISIBLE_DEVICES: [0]
[I 2023-11-30 03:48:12,352] Trial 90 finished with value: 0.13531552255153656 and parameters: {'gradient_clip_val': 0.5292942656158909, 'hidden_size': 32, 'dropout': 0.2578783033332237, 'hidden_continuous_size': 19, 'attention_head_size': 1, 'learning_rate': 0.04090528058925975}. Best is trial 4 with value: 0.08365339040756226.
LOCAL_RANK: 0 - CUDA_VISIBLE_DEVICES: [0]
[I 2023-11-30 03:48:24,850] Trial 91 finished with value: 0.2227078229188919 and parameters: {'gradient_clip_val': 0.5216884200268462, 'hidden_size': 32, 'dropout': 0.2660387716120234, 'hidden_continuous_size': 19, 'attention_head_size': 1, 'learning_rate': 0.04184977471931872}. Best is trial 4 with value: 0.08365339040756226.
LOCAL_RANK: 0 - CUDA_VISIBLE_DEVICES: [0]
[I 2023-11-30 03:48:37,599] Trial 92 finished with value: 0.21242189407348633 and parameters: {'gradient_clip_val': 0.558283408480098, 'hidden_size': 36, 'dropout': 0.281378719037416, 'hidden_continuous_size': 20, 'attention_head_size': 1, 'learning_rate': 0.05576339407398941}. Best is trial 4 with value: 0.08365339040756226.
LOCAL_RANK: 0 - CUDA_VISIBLE_DEVICES: [0]
[I 2023-11-30 03:48:50,784] Trial 93 finished with value: 0.329208105802536 and parameters: {'gradient_clip_val': 0.43716564951099124, 'hidden_size': 43, 'dropout': 0.25674161853508737, 'hidden_continuous_size': 19, 'attention_head_size': 1, 'learning_rate': 0.031100140950350248}. Best is trial 4 with value: 0.08365339040756226.
LOCAL_RANK: 0 - CUDA_VISIBLE_DEVICES: [0]
[I 2023-11-30 03:49:03,503] Trial 94 finished with value: 0.23010194301605225 and parameters: {'gradient_clip_val': 0.47332028464915715, 'hidden_size': 38, 'dropout': 0.24396994350190115, 'hidden_continuous_size': 18, 'attention_head_size': 1, 'learning_rate': 0.06560985968149}. Best is trial 4 with value: 0.08365339040756226.
LOCAL_RANK: 0 - CUDA_VISIBLE_DEVICES: [0]
[I 2023-11-30 03:49:16,501] Trial 95 finished with value: 0.2601543664932251 and parameters: {'gradient_clip_val': 0.5974511716879503, 'hidden_size': 45, 'dropout': 0.2502364643642268, 'hidden_continuous_size': 21, 'attention_head_size': 1, 'learning_rate': 0.04571242282959196}. Best is trial 4 with value: 0.08365339040756226.
LOCAL_RANK: 0 - CUDA_VISIBLE_DEVICES: [0]
[I 2023-11-30 03:49:29,494] Trial 96 finished with value: 0.32082399725914 and parameters: {'gradient_clip_val': 0.5141083939498552, 'hidden_size': 48, 'dropout': 0.23613364659329197, 'hidden_continuous_size': 17, 'attention_head_size': 2, 'learning_rate': 0.03751990801124707}. Best is trial 4 with value: 0.08365339040756226.
LOCAL_RANK: 0 - CUDA_VISIBLE_DEVICES: [0]
[I 2023-11-30 03:49:42,335] Trial 97 finished with value: 0.1867474466562271 and parameters: {'gradient_clip_val': 0.3302583411291816, 'hidden_size': 33, 'dropout': 0.27136046615167553, 'hidden_continuous_size': 20, 'attention_head_size': 2, 'learning_rate': 0.051986741758987466}. Best is trial 4 with value: 0.08365339040756226.
LOCAL_RANK: 0 - CUDA_VISIBLE_DEVICES: [0]
[I 2023-11-30 03:49:55,607] Trial 98 finished with value: 0.20787926018238068 and parameters: {'gradient_clip_val': 0.4102178754992755, 'hidden_size': 41, 'dropout': 0.20728475908931693, 'hidden_continuous_size': 22, 'attention_head_size': 2, 'learning_rate': 0.07125695544056103}. Best is trial 4 with value: 0.08365339040756226.
LOCAL_RANK: 0 - CUDA_VISIBLE_DEVICES: [0]
[I 2023-11-30 03:50:08,520] Trial 99 finished with value: 0.18447166681289673 and parameters: {'gradient_clip_val': 0.3615408314375176, 'hidden_size': 36, 'dropout': 0.2183112386694103, 'hidden_continuous_size': 18, 'attention_head_size': 4, 'learning_rate': 0.05904740327007759}. Best is trial 4 with value: 0.08365339040756226.
LOCAL_RANK: 0 - CUDA_VISIBLE_DEVICES: [0]
[I 2023-11-30 03:50:21,303] Trial 100 finished with value: 0.19557695090770721 and parameters: {'gradient_clip_val': 0.48136368902068816, 'hidden_size': 30, 'dropout': 0.25840041090633015, 'hidden_continuous_size': 21, 'attention_head_size': 1, 'learning_rate': 0.04166050363015886}. Best is trial 4 with value: 0.08365339040756226.
LOCAL_RANK: 0 - CUDA_VISIBLE_DEVICES: [0]
[I 2023-11-30 03:50:34,298] Trial 101 finished with value: 0.1489313393831253 and parameters: {'gradient_clip_val': 0.38956016212867406, 'hidden_size': 45, 'dropout': 0.1969994342494616, 'hidden_continuous_size': 14, 'attention_head_size': 2, 'learning_rate': 0.04735905978639633}. Best is trial 4 with value: 0.08365339040756226.
LOCAL_RANK: 0 - CUDA_VISIBLE_DEVICES: [0]
[I 2023-11-30 03:50:47,390] Trial 102 finished with value: 0.1832515150308609 and parameters: {'gradient_clip_val': 0.42823832979729937, 'hidden_size': 39, 'dropout': 0.21593202066907294, 'hidden_continuous_size': 16, 'attention_head_size': 2, 'learning_rate': 0.03470093959660596}. Best is trial 4 with value: 0.08365339040756226.
LOCAL_RANK: 0 - CUDA_VISIBLE_DEVICES: [0]
[I 2023-11-30 03:51:00,305] Trial 103 finished with value: 0.2138662338256836 and parameters: {'gradient_clip_val': 0.5416260575523767, 'hidden_size': 43, 'dropout': 0.226836728780145, 'hidden_continuous_size': 15, 'attention_head_size': 2, 'learning_rate': 0.05652007897765151}. Best is trial 4 with value: 0.08365339040756226.
LOCAL_RANK: 0 - CUDA_VISIBLE_DEVICES: [0]
[I 2023-11-30 03:51:13,578] Trial 104 finished with value: 0.1543428748846054 and parameters: {'gradient_clip_val': 0.4499191774208044, 'hidden_size': 51, 'dropout': 0.23166345441229905, 'hidden_continuous_size': 23, 'attention_head_size': 2, 'learning_rate': 0.052523856144185525}. Best is trial 4 with value: 0.08365339040756226.
LOCAL_RANK: 0 - CUDA_VISIBLE_DEVICES: [0]
[I 2023-11-30 03:51:26,443] Trial 105 finished with value: 0.14482785761356354 and parameters: {'gradient_clip_val': 0.4911521242397129, 'hidden_size': 34, 'dropout': 0.2093177112906663, 'hidden_continuous_size': 17, 'attention_head_size': 2, 'learning_rate': 0.06651597462924749}. Best is trial 4 with value: 0.08365339040756226.
LOCAL_RANK: 0 - CUDA_VISIBLE_DEVICES: [0]
[I 2023-11-30 03:51:39,414] Trial 106 finished with value: 0.24373340606689453 and parameters: {'gradient_clip_val': 0.4090720594516214, 'hidden_size': 37, 'dropout': 0.19032989997591315, 'hidden_continuous_size': 20, 'attention_head_size': 2, 'learning_rate': 0.03879092390812679}. Best is trial 4 with value: 0.08365339040756226.
LOCAL_RANK: 0 - CUDA_VISIBLE_DEVICES: [0]
[I 2023-11-30 03:51:52,488] Trial 107 finished with value: 0.15320993959903717 and parameters: {'gradient_clip_val': 0.37934287148500123, 'hidden_size': 40, 'dropout': 0.2392267947599674, 'hidden_continuous_size': 19, 'attention_head_size': 2, 'learning_rate': 0.07787031938520232}. Best is trial 4 with value: 0.08365339040756226.
LOCAL_RANK: 0 - CUDA_VISIBLE_DEVICES: [0]
[I 2023-11-30 03:52:05,885] Trial 108 finished with value: 0.11216127872467041 and parameters: {'gradient_clip_val': 0.16059797818411356, 'hidden_size': 54, 'dropout': 0.20174388841895532, 'hidden_continuous_size': 22, 'attention_head_size': 2, 'learning_rate': 0.045086921344820785}. Best is trial 4 with value: 0.08365339040756226.
LOCAL_RANK: 0 - CUDA_VISIBLE_DEVICES: [0]
[I 2023-11-30 03:52:19,200] Trial 109 finished with value: 0.20350734889507294 and parameters: {'gradient_clip_val': 0.16983267149846684, 'hidden_size': 55, 'dropout': 0.20254325372174595, 'hidden_continuous_size': 24, 'attention_head_size': 2, 'learning_rate': 0.028430113737579758}. Best is trial 4 with value: 0.08365339040756226.
LOCAL_RANK: 0 - CUDA_VISIBLE_DEVICES: [0]
[I 2023-11-30 03:52:32,697] Trial 110 finished with value: 0.2848033308982849 and parameters: {'gradient_clip_val': 0.1473434542799739, 'hidden_size': 59, 'dropout': 0.22408614811017002, 'hidden_continuous_size': 25, 'attention_head_size': 2, 'learning_rate': 0.0446974823653363}. Best is trial 4 with value: 0.08365339040756226.
LOCAL_RANK: 0 - CUDA_VISIBLE_DEVICES: [0]
[I 2023-11-30 03:52:45,673] Trial 111 finished with value: 0.18219292163848877 and parameters: {'gradient_clip_val': 0.15644788408213192, 'hidden_size': 48, 'dropout': 0.21543013364915672, 'hidden_continuous_size': 22, 'attention_head_size': 2, 'learning_rate': 0.050203947104248636}. Best is trial 4 with value: 0.08365339040756226.
LOCAL_RANK: 0 - CUDA_VISIBLE_DEVICES: [0]
[I 2023-11-30 03:52:58,817] Trial 112 finished with value: 0.24891382455825806 and parameters: {'gradient_clip_val': 0.344833660958237, 'hidden_size': 43, 'dropout': 0.19657786257749463, 'hidden_continuous_size': 21, 'attention_head_size': 2, 'learning_rate': 0.03442242332120105}. Best is trial 4 with value: 0.08365339040756226.
LOCAL_RANK: 0 - CUDA_VISIBLE_DEVICES: [0]
[I 2023-11-30 03:53:11,901] Trial 113 finished with value: 0.24013447761535645 and parameters: {'gradient_clip_val': 0.12541253738683883, 'hidden_size': 46, 'dropout': 0.2090274504885119, 'hidden_continuous_size': 22, 'attention_head_size': 2, 'learning_rate': 0.04062241597048323}. Best is trial 4 with value: 0.08365339040756226.
LOCAL_RANK: 0 - CUDA_VISIBLE_DEVICES: [0]
[I 2023-11-30 03:53:25,051] Trial 114 finished with value: 0.21654312312602997 and parameters: {'gradient_clip_val': 0.44787634700785195, 'hidden_size': 50, 'dropout': 0.22083959061955377, 'hidden_continuous_size': 19, 'attention_head_size': 2, 'learning_rate': 0.06033765219298935}. Best is trial 4 with value: 0.08365339040756226.
LOCAL_RANK: 0 - CUDA_VISIBLE_DEVICES: [0]
[I 2023-11-30 03:53:38,162] Trial 115 finished with value: 0.1715097427368164 and parameters: {'gradient_clip_val': 0.18029978001683986, 'hidden_size': 54, 'dropout': 0.18738657141599305, 'hidden_continuous_size': 18, 'attention_head_size': 2, 'learning_rate': 0.047523885594218274}. Best is trial 4 with value: 0.08365339040756226.
LOCAL_RANK: 0 - CUDA_VISIBLE_DEVICES: [0]
[I 2023-11-30 03:53:51,350] Trial 116 finished with value: 0.20762403309345245 and parameters: {'gradient_clip_val': 0.4655558540321012, 'hidden_size': 53, 'dropout': 0.23170304486722956, 'hidden_continuous_size': 21, 'attention_head_size': 2, 'learning_rate': 0.08822880609992627}. Best is trial 4 with value: 0.08365339040756226.
LOCAL_RANK: 0 - CUDA_VISIBLE_DEVICES: [0]
[I 2023-11-30 03:54:04,918] Trial 117 finished with value: 0.24653208255767822 and parameters: {'gradient_clip_val': 0.41641815073808114, 'hidden_size': 64, 'dropout': 0.19552791283108034, 'hidden_continuous_size': 26, 'attention_head_size': 1, 'learning_rate': 0.05396225467081854}. Best is trial 4 with value: 0.08365339040756226.
LOCAL_RANK: 0 - CUDA_VISIBLE_DEVICES: [0]
[I 2023-11-30 03:54:17,980] Trial 118 finished with value: 0.1128840446472168 and parameters: {'gradient_clip_val': 0.6551975999971971, 'hidden_size': 41, 'dropout': 0.17916479581698058, 'hidden_continuous_size': 20, 'attention_head_size': 2, 'learning_rate': 0.06436266094064978}. Best is trial 4 with value: 0.08365339040756226.
LOCAL_RANK: 0 - CUDA_VISIBLE_DEVICES: [0]
[I 2023-11-30 03:54:30,946] Trial 119 finished with value: 0.10896533727645874 and parameters: {'gradient_clip_val': 0.6410301596035267, 'hidden_size': 41, 'dropout': 0.18226384702089043, 'hidden_continuous_size': 20, 'attention_head_size': 3, 'learning_rate': 0.07223636654681302}. Best is trial 4 with value: 0.08365339040756226.
LOCAL_RANK: 0 - CUDA_VISIBLE_DEVICES: [0]
[I 2023-11-30 03:54:44,254] Trial 120 finished with value: 0.09995710849761963 and parameters: {'gradient_clip_val': 0.6687233957945388, 'hidden_size': 38, 'dropout': 0.1853076491909556, 'hidden_continuous_size': 20, 'attention_head_size': 4, 'learning_rate': 0.08020462614758188}. Best is trial 4 with value: 0.08365339040756226.
LOCAL_RANK: 0 - CUDA_VISIBLE_DEVICES: [0]
[I 2023-11-30 03:54:57,288] Trial 121 finished with value: 0.21737168729305267 and parameters: {'gradient_clip_val': 0.6520469079583233, 'hidden_size': 41, 'dropout': 0.18142175455104245, 'hidden_continuous_size': 20, 'attention_head_size': 4, 'learning_rate': 0.0727396707688399}. Best is trial 4 with value: 0.08365339040756226.
LOCAL_RANK: 0 - CUDA_VISIBLE_DEVICES: [0]
[I 2023-11-30 03:55:10,479] Trial 122 finished with value: 0.2214202880859375 and parameters: {'gradient_clip_val': 0.6707422086352997, 'hidden_size': 38, 'dropout': 0.17815633398035738, 'hidden_continuous_size': 20, 'attention_head_size': 4, 'learning_rate': 0.07928169177930167}. Best is trial 4 with value: 0.08365339040756226.
LOCAL_RANK: 0 - CUDA_VISIBLE_DEVICES: [0]
[I 2023-11-30 03:55:23,579] Trial 123 finished with value: 0.14748673141002655 and parameters: {'gradient_clip_val': 0.7063829249488938, 'hidden_size': 35, 'dropout': 0.18787900500820678, 'hidden_continuous_size': 20, 'attention_head_size': 4, 'learning_rate': 0.06715421258064361}. Best is trial 4 with value: 0.08365339040756226.
LOCAL_RANK: 0 - CUDA_VISIBLE_DEVICES: [0]
[I 2023-11-30 03:55:36,688] Trial 124 finished with value: 0.09503232687711716 and parameters: {'gradient_clip_val': 0.5841292829258233, 'hidden_size': 37, 'dropout': 0.20080708313296844, 'hidden_continuous_size': 21, 'attention_head_size': 4, 'learning_rate': 0.08493665415793501}. Best is trial 4 with value: 0.08365339040756226.
LOCAL_RANK: 0 - CUDA_VISIBLE_DEVICES: [0]
[I 2023-11-30 03:55:49,488] Trial 125 finished with value: 0.2740674912929535 and parameters: {'gradient_clip_val': 0.6125113499871107, 'hidden_size': 32, 'dropout': 0.18269030030992048, 'hidden_continuous_size': 21, 'attention_head_size': 4, 'learning_rate': 0.09222530174167129}. Best is trial 4 with value: 0.08365339040756226.
LOCAL_RANK: 0 - CUDA_VISIBLE_DEVICES: [0]
