[I 2023-11-30 02:37:11,289] Trial 79 finished with value: 0.12722603976726532 and parameters: {'gradient_clip_val': 0.23463484843039972, 'hidden_size': 79, 'dropout': 0.3322686598689592, 'hidden_continuous_size': 50, 'attention_head_size': 4, 'learning_rate': 0.03484736089304128}. Best is trial 41 with value: 0.09980517625808716.
LOCAL_RANK: 0 - CUDA_VISIBLE_DEVICES: [0]
[I 2023-11-30 02:37:25,171] Trial 80 finished with value: 0.10750237852334976 and parameters: {'gradient_clip_val': 0.3327962584974708, 'hidden_size': 54, 'dropout': 0.3658441680765341, 'hidden_continuous_size': 43, 'attention_head_size': 3, 'learning_rate': 0.08437541445250046}. Best is trial 41 with value: 0.09980517625808716.
LOCAL_RANK: 0 - CUDA_VISIBLE_DEVICES: [0]
[I 2023-11-30 02:37:38,786] Trial 81 finished with value: 0.13904227316379547 and parameters: {'gradient_clip_val': 0.33156794573966036, 'hidden_size': 52, 'dropout': 0.3613154628751749, 'hidden_continuous_size': 40, 'attention_head_size': 3, 'learning_rate': 0.08260580310337463}. Best is trial 41 with value: 0.09980517625808716.
LOCAL_RANK: 0 - CUDA_VISIBLE_DEVICES: [0]
[I 2023-11-30 02:37:52,574] Trial 82 finished with value: 0.17422033846378326 and parameters: {'gradient_clip_val': 0.30684014988254393, 'hidden_size': 55, 'dropout': 0.36829222554537305, 'hidden_continuous_size': 44, 'attention_head_size': 3, 'learning_rate': 0.09030101561755}. Best is trial 41 with value: 0.09980517625808716.
LOCAL_RANK: 0 - CUDA_VISIBLE_DEVICES: [0]
[I 2023-11-30 02:38:06,354] Trial 83 finished with value: 0.17410874366760254 and parameters: {'gradient_clip_val': 0.3758166909341987, 'hidden_size': 62, 'dropout': 0.35056440928546667, 'hidden_continuous_size': 46, 'attention_head_size': 3, 'learning_rate': 0.06348114260557729}. Best is trial 41 with value: 0.09980517625808716.
LOCAL_RANK: 0 - CUDA_VISIBLE_DEVICES: [0]
[I 2023-11-30 02:38:19,921] Trial 84 finished with value: 0.09902817010879517 and parameters: {'gradient_clip_val': 0.2648082549736919, 'hidden_size': 45, 'dropout': 0.3455567331932913, 'hidden_continuous_size': 41, 'attention_head_size': 2, 'learning_rate': 0.07008456591750697}. Best is trial 84 with value: 0.09902817010879517.
LOCAL_RANK: 0 - CUDA_VISIBLE_DEVICES: [0]
[I 2023-11-30 02:38:33,479] Trial 85 finished with value: 0.31497371196746826 and parameters: {'gradient_clip_val': 0.26919353717185157, 'hidden_size': 44, 'dropout': 0.3443045073972106, 'hidden_continuous_size': 39, 'attention_head_size': 2, 'learning_rate': 0.049550688220118065}. Best is trial 84 with value: 0.09902817010879517.
LOCAL_RANK: 0 - CUDA_VISIBLE_DEVICES: [0]
[I 2023-11-30 02:38:46,783] Trial 86 finished with value: 0.1126355305314064 and parameters: {'gradient_clip_val': 0.29708038487819516, 'hidden_size': 41, 'dropout': 0.30198544746929634, 'hidden_continuous_size': 37, 'attention_head_size': 2, 'learning_rate': 0.04309419793365406}. Best is trial 84 with value: 0.09902817010879517.
LOCAL_RANK: 0 - CUDA_VISIBLE_DEVICES: [0]
[I 2023-11-30 02:39:00,202] Trial 87 finished with value: 0.13713312149047852 and parameters: {'gradient_clip_val': 0.262389922669491, 'hidden_size': 45, 'dropout': 0.32396865243680184, 'hidden_continuous_size': 41, 'attention_head_size': 2, 'learning_rate': 0.05689893836865046}. Best is trial 84 with value: 0.09902817010879517.
LOCAL_RANK: 0 - CUDA_VISIBLE_DEVICES: [0]
[I 2023-11-30 02:39:13,589] Trial 88 finished with value: 0.10518238693475723 and parameters: {'gradient_clip_val': 0.2820187788065903, 'hidden_size': 49, 'dropout': 0.29537246254393423, 'hidden_continuous_size': 34, 'attention_head_size': 2, 'learning_rate': 0.06627671284002497}. Best is trial 84 with value: 0.09902817010879517.
LOCAL_RANK: 0 - CUDA_VISIBLE_DEVICES: [0]
[I 2023-11-30 02:39:26,652] Trial 89 finished with value: 0.11489378660917282 and parameters: {'gradient_clip_val': 0.2847839397937653, 'hidden_size': 38, 'dropout': 0.3413780260985738, 'hidden_continuous_size': 34, 'attention_head_size': 2, 'learning_rate': 0.0728927816078423}. Best is trial 84 with value: 0.09902817010879517.
LOCAL_RANK: 0 - CUDA_VISIBLE_DEVICES: [0]
[I 2023-11-30 02:39:40,188] Trial 90 finished with value: 0.1410091668367386 and parameters: {'gradient_clip_val': 0.23622398854049895, 'hidden_size': 49, 'dropout': 0.3148727388147747, 'hidden_continuous_size': 35, 'attention_head_size': 2, 'learning_rate': 0.06149501900787306}. Best is trial 84 with value: 0.09902817010879517.
LOCAL_RANK: 0 - CUDA_VISIBLE_DEVICES: [0]
[I 2023-11-30 02:39:53,740] Trial 91 finished with value: 0.122429259121418 and parameters: {'gradient_clip_val': 0.31396155808198595, 'hidden_size': 60, 'dropout': 0.29090251372291054, 'hidden_continuous_size': 33, 'attention_head_size': 2, 'learning_rate': 0.06702436384278425}. Best is trial 84 with value: 0.09902817010879517.
LOCAL_RANK: 0 - CUDA_VISIBLE_DEVICES: [0]
[I 2023-11-30 02:40:07,314] Trial 92 finished with value: 0.15362919867038727 and parameters: {'gradient_clip_val': 0.35023746438885905, 'hidden_size': 66, 'dropout': 0.30021332137489737, 'hidden_continuous_size': 30, 'attention_head_size': 2, 'learning_rate': 0.050217840589966194}. Best is trial 84 with value: 0.09902817010879517.
LOCAL_RANK: 0 - CUDA_VISIBLE_DEVICES: [0]
[I 2023-11-30 02:40:20,646] Trial 93 finished with value: 0.18508797883987427 and parameters: {'gradient_clip_val': 0.25267888787221154, 'hidden_size': 42, 'dropout': 0.2952764862368237, 'hidden_continuous_size': 38, 'attention_head_size': 2, 'learning_rate': 0.040625120528651866}. Best is trial 84 with value: 0.09902817010879517.
LOCAL_RANK: 0 - CUDA_VISIBLE_DEVICES: [0]
[I 2023-11-30 02:40:34,049] Trial 94 finished with value: 0.1281948983669281 and parameters: {'gradient_clip_val': 0.29106990366367663, 'hidden_size': 46, 'dropout': 0.3095789303228744, 'hidden_continuous_size': 39, 'attention_head_size': 1, 'learning_rate': 0.045452598643018746}. Best is trial 84 with value: 0.09902817010879517.
LOCAL_RANK: 0 - CUDA_VISIBLE_DEVICES: [0]
[I 2023-11-30 02:40:48,005] Trial 95 finished with value: 0.11465522646903992 and parameters: {'gradient_clip_val': 0.2215438325533613, 'hidden_size': 51, 'dropout': 0.27932107713290777, 'hidden_continuous_size': 36, 'attention_head_size': 4, 'learning_rate': 0.07347403656128268}. Best is trial 84 with value: 0.09902817010879517.
LOCAL_RANK: 0 - CUDA_VISIBLE_DEVICES: [0]
[I 2023-11-30 02:41:01,867] Trial 96 finished with value: 0.09750022739171982 and parameters: {'gradient_clip_val': 0.2747662436590017, 'hidden_size': 68, 'dropout': 0.3331462296350014, 'hidden_continuous_size': 46, 'attention_head_size': 4, 'learning_rate': 0.05683605409938523}. Best is trial 96 with value: 0.09750022739171982.
LOCAL_RANK: 0 - CUDA_VISIBLE_DEVICES: [0]
[I 2023-11-30 02:41:15,961] Trial 97 finished with value: 0.11064936965703964 and parameters: {'gradient_clip_val': 0.2739370330328674, 'hidden_size': 73, 'dropout': 0.3300298744918907, 'hidden_continuous_size': 47, 'attention_head_size': 4, 'learning_rate': 0.05563952900981817}. Best is trial 96 with value: 0.09750022739171982.
LOCAL_RANK: 0 - CUDA_VISIBLE_DEVICES: [0]
[I 2023-11-30 02:41:29,801] Trial 98 finished with value: 0.1662488579750061 and parameters: {'gradient_clip_val': 0.24240029369195484, 'hidden_size': 69, 'dropout': 0.32190059805656457, 'hidden_continuous_size': 49, 'attention_head_size': 2, 'learning_rate': 0.09982764789708208}. Best is trial 96 with value: 0.09750022739171982.
LOCAL_RANK: 0 - CUDA_VISIBLE_DEVICES: [0]
[I 2023-11-30 02:41:43,516] Trial 99 finished with value: 0.16732819378376007 and parameters: {'gradient_clip_val': 0.31838188716370974, 'hidden_size': 49, 'dropout': 0.35062190882476774, 'hidden_continuous_size': 43, 'attention_head_size': 4, 'learning_rate': 0.06149000658098808}. Best is trial 96 with value: 0.09750022739171982.
LOCAL_RANK: 0 - CUDA_VISIBLE_DEVICES: [0]
[I 2023-11-30 02:41:57,518] Trial 100 finished with value: 0.113948293030262 and parameters: {'gradient_clip_val': 0.5218401289081812, 'hidden_size': 63, 'dropout': 0.33711539245359634, 'hidden_continuous_size': 45, 'attention_head_size': 4, 'learning_rate': 0.035123992443192045}. Best is trial 96 with value: 0.09750022739171982.
LOCAL_RANK: 0 - CUDA_VISIBLE_DEVICES: [0]
[I 2023-11-30 02:42:11,330] Trial 101 finished with value: 0.1211700513958931 and parameters: {'gradient_clip_val': 0.2887494583476752, 'hidden_size': 53, 'dropout': 0.30449416754844294, 'hidden_continuous_size': 41, 'attention_head_size': 4, 'learning_rate': 0.07775096101466397}. Best is trial 96 with value: 0.09750022739171982.
LOCAL_RANK: 0 - CUDA_VISIBLE_DEVICES: [0]
[I 2023-11-30 02:42:25,150] Trial 102 finished with value: 0.12513236701488495 and parameters: {'gradient_clip_val': 0.3715550328757775, 'hidden_size': 59, 'dropout': 0.31265198395373606, 'hidden_continuous_size': 46, 'attention_head_size': 4, 'learning_rate': 0.06878624134669732}. Best is trial 96 with value: 0.09750022739171982.
LOCAL_RANK: 0 - CUDA_VISIBLE_DEVICES: [0]
[I 2023-11-30 02:42:38,990] Trial 103 finished with value: 0.1365313082933426 and parameters: {'gradient_clip_val': 0.30467917293686586, 'hidden_size': 55, 'dropout': 0.343437216522824, 'hidden_continuous_size': 40, 'attention_head_size': 4, 'learning_rate': 0.05395412529746637}. Best is trial 96 with value: 0.09750022739171982.
LOCAL_RANK: 0 - CUDA_VISIBLE_DEVICES: [0]
[I 2023-11-30 02:42:52,917] Trial 104 finished with value: 0.12289420515298843 and parameters: {'gradient_clip_val': 0.2644990597679594, 'hidden_size': 46, 'dropout': 0.3330702581648462, 'hidden_continuous_size': 41, 'attention_head_size': 4, 'learning_rate': 0.0868829478996434}. Best is trial 96 with value: 0.09750022739171982.
LOCAL_RANK: 0 - CUDA_VISIBLE_DEVICES: [0]
[I 2023-11-30 02:43:06,587] Trial 105 finished with value: 0.12773415446281433 and parameters: {'gradient_clip_val': 0.4374980184981609, 'hidden_size': 68, 'dropout': 0.3271840802286578, 'hidden_continuous_size': 34, 'attention_head_size': 4, 'learning_rate': 0.04903386740129486}. Best is trial 96 with value: 0.09750022739171982.
LOCAL_RANK: 0 - CUDA_VISIBLE_DEVICES: [0]
[I 2023-11-30 02:43:20,114] Trial 106 finished with value: 0.16884379088878632 and parameters: {'gradient_clip_val': 0.47813961809434735, 'hidden_size': 43, 'dropout': 0.2842970817772608, 'hidden_continuous_size': 39, 'attention_head_size': 4, 'learning_rate': 0.06292953634845626}. Best is trial 96 with value: 0.09750022739171982.
LOCAL_RANK: 0 - CUDA_VISIBLE_DEVICES: [0]
[I 2023-11-30 02:43:33,842] Trial 107 finished with value: 0.11666557937860489 and parameters: {'gradient_clip_val': 0.2762953521978304, 'hidden_size': 60, 'dropout': 0.2939246989023207, 'hidden_continuous_size': 37, 'attention_head_size': 4, 'learning_rate': 0.0459440965210911}. Best is trial 96 with value: 0.09750022739171982.
LOCAL_RANK: 0 - CUDA_VISIBLE_DEVICES: [0]
[I 2023-11-30 02:43:47,584] Trial 108 finished with value: 0.1494278758764267 and parameters: {'gradient_clip_val': 0.3416386646154671, 'hidden_size': 57, 'dropout': 0.268982288299019, 'hidden_continuous_size': 44, 'attention_head_size': 2, 'learning_rate': 0.07181626510471224}. Best is trial 96 with value: 0.09750022739171982.
LOCAL_RANK: 0 - CUDA_VISIBLE_DEVICES: [0]
[I 2023-11-30 02:44:01,493] Trial 109 finished with value: 0.14693515002727509 and parameters: {'gradient_clip_val': 0.40256351330964074, 'hidden_size': 50, 'dropout': 0.32141264437613215, 'hidden_continuous_size': 36, 'attention_head_size': 4, 'learning_rate': 0.039988495110710634}. Best is trial 96 with value: 0.09750022739171982.
LOCAL_RANK: 0 - CUDA_VISIBLE_DEVICES: [0]
[I 2023-11-30 02:44:15,722] Trial 110 finished with value: 0.12353517860174179 and parameters: {'gradient_clip_val': 0.35992477111798493, 'hidden_size': 75, 'dropout': 0.35611091889384844, 'hidden_continuous_size': 52, 'attention_head_size': 4, 'learning_rate': 0.09014638115774296}. Best is trial 96 with value: 0.09750022739171982.
LOCAL_RANK: 0 - CUDA_VISIBLE_DEVICES: [0]
[I 2023-11-30 02:44:29,290] Trial 111 finished with value: 0.132503941655159 and parameters: {'gradient_clip_val': 0.3267145172536826, 'hidden_size': 55, 'dropout': 0.3634916192672858, 'hidden_continuous_size': 43, 'attention_head_size': 3, 'learning_rate': 0.07868196682533353}. Best is trial 96 with value: 0.09750022739171982.
LOCAL_RANK: 0 - CUDA_VISIBLE_DEVICES: [0]
[I 2023-11-30 02:44:43,022] Trial 112 finished with value: 0.0818852111697197 and parameters: {'gradient_clip_val': 0.34050230174138635, 'hidden_size': 53, 'dropout': 0.3459174258109877, 'hidden_continuous_size': 43, 'attention_head_size': 3, 'learning_rate': 0.0586629359960831}. Best is trial 112 with value: 0.0818852111697197.
LOCAL_RANK: 0 - CUDA_VISIBLE_DEVICES: [0]
[I 2023-11-30 02:44:56,720] Trial 113 finished with value: 0.20528960227966309 and parameters: {'gradient_clip_val': 0.3143363507553536, 'hidden_size': 47, 'dropout': 0.3480018373251591, 'hidden_continuous_size': 42, 'attention_head_size': 3, 'learning_rate': 0.053992285832225394}. Best is trial 112 with value: 0.0818852111697197.
LOCAL_RANK: 0 - CUDA_VISIBLE_DEVICES: [0]
[I 2023-11-30 02:45:10,703] Trial 114 finished with value: 0.15646770596504211 and parameters: {'gradient_clip_val': 0.29703845923588545, 'hidden_size': 64, 'dropout': 0.3388236766432759, 'hidden_continuous_size': 50, 'attention_head_size': 3, 'learning_rate': 0.058820893495577176}. Best is trial 112 with value: 0.0818852111697197.
LOCAL_RANK: 0 - CUDA_VISIBLE_DEVICES: [0]
[I 2023-11-30 02:45:25,151] Trial 115 finished with value: 0.11633915454149246 and parameters: {'gradient_clip_val': 0.4127202842918309, 'hidden_size': 81, 'dropout': 0.35644721203576785, 'hidden_continuous_size': 56, 'attention_head_size': 4, 'learning_rate': 0.06695205926068634}. Best is trial 112 with value: 0.0818852111697197.
LOCAL_RANK: 0 - CUDA_VISIBLE_DEVICES: [0]
[I 2023-11-30 02:45:39,238] Trial 116 finished with value: 0.11913339048624039 and parameters: {'gradient_clip_val': 0.3884464643249602, 'hidden_size': 93, 'dropout': 0.32975232169912366, 'hidden_continuous_size': 32, 'attention_head_size': 4, 'learning_rate': 0.04352193121162484}. Best is trial 112 with value: 0.0818852111697197.
LOCAL_RANK: 0 - CUDA_VISIBLE_DEVICES: [0]
[I 2023-11-30 02:45:53,511] Trial 117 finished with value: 0.1283680945634842 and parameters: {'gradient_clip_val': 0.3418040131315802, 'hidden_size': 102, 'dropout': 0.31551064858410244, 'hidden_continuous_size': 47, 'attention_head_size': 3, 'learning_rate': 0.050697067058831806}. Best is trial 112 with value: 0.0818852111697197.
LOCAL_RANK: 0 - CUDA_VISIBLE_DEVICES: [0]
[I 2023-11-30 02:46:06,967] Trial 118 finished with value: 0.15512709319591522 and parameters: {'gradient_clip_val': 0.45258793966174493, 'hidden_size': 41, 'dropout': 0.30942815700947, 'hidden_continuous_size': 38, 'attention_head_size': 4, 'learning_rate': 0.0316647345427852}. Best is trial 112 with value: 0.0818852111697197.
LOCAL_RANK: 0 - CUDA_VISIBLE_DEVICES: [0]
[I 2023-11-30 02:46:20,825] Trial 119 finished with value: 0.10737273842096329 and parameters: {'gradient_clip_val': 0.25530306515053974, 'hidden_size': 51, 'dropout': 0.3460108388127144, 'hidden_continuous_size': 43, 'attention_head_size': 2, 'learning_rate': 0.058296798127812646}. Best is trial 112 with value: 0.0818852111697197.
LOCAL_RANK: 0 - CUDA_VISIBLE_DEVICES: [0]
[I 2023-11-30 02:46:34,135] Trial 120 finished with value: 0.15313543379306793 and parameters: {'gradient_clip_val': 0.2560161920656429, 'hidden_size': 44, 'dropout': 0.34354273739405267, 'hidden_continuous_size': 40, 'attention_head_size': 2, 'learning_rate': 0.058205178250861175}. Best is trial 112 with value: 0.0818852111697197.
LOCAL_RANK: 0 - CUDA_VISIBLE_DEVICES: [0]
[I 2023-11-30 02:46:47,764] Trial 121 finished with value: 0.12401199340820312 and parameters: {'gradient_clip_val': 0.27678746147025307, 'hidden_size': 52, 'dropout': 0.3526019511157211, 'hidden_continuous_size': 44, 'attention_head_size': 2, 'learning_rate': 0.06684204337054314}. Best is trial 112 with value: 0.0818852111697197.
LOCAL_RANK: 0 - CUDA_VISIBLE_DEVICES: [0]
[I 2023-11-30 02:47:01,286] Trial 122 finished with value: 0.0890478864312172 and parameters: {'gradient_clip_val': 0.21098016612794526, 'hidden_size': 48, 'dropout': 0.33614997294848187, 'hidden_continuous_size': 42, 'attention_head_size': 2, 'learning_rate': 0.037548776651163844}. Best is trial 112 with value: 0.0818852111697197.
LOCAL_RANK: 0 - CUDA_VISIBLE_DEVICES: [0]
[I 2023-11-30 02:47:14,528] Trial 123 finished with value: 0.15033285319805145 and parameters: {'gradient_clip_val': 0.23366857855961295, 'hidden_size': 48, 'dropout': 0.33384663631121403, 'hidden_continuous_size': 41, 'attention_head_size': 2, 'learning_rate': 0.036172003880445995}. Best is trial 112 with value: 0.0818852111697197.
LOCAL_RANK: 0 - CUDA_VISIBLE_DEVICES: [0]
[I 2023-11-30 02:47:27,914] Trial 124 finished with value: 0.12132930010557175 and parameters: {'gradient_clip_val': 0.19539643255489822, 'hidden_size': 38, 'dropout': 0.33774371865442504, 'hidden_continuous_size': 37, 'attention_head_size': 2, 'learning_rate': 0.04655822090819598}. Best is trial 112 with value: 0.0818852111697197.
LOCAL_RANK: 0 - CUDA_VISIBLE_DEVICES: [0]
[I 2023-11-30 02:47:41,566] Trial 125 finished with value: 0.1484590768814087 and parameters: {'gradient_clip_val': 0.25267450169584693, 'hidden_size': 50, 'dropout': 0.34888785985595555, 'hidden_continuous_size': 43, 'attention_head_size': 2, 'learning_rate': 0.03983793073555086}. Best is trial 112 with value: 0.0818852111697197.
LOCAL_RANK: 0 - CUDA_VISIBLE_DEVICES: [0]
[I 2023-11-30 02:47:55,177] Trial 126 finished with value: 0.1559460312128067 and parameters: {'gradient_clip_val': 0.2632692764428219, 'hidden_size': 46, 'dropout': 0.3710214619001443, 'hidden_continuous_size': 42, 'attention_head_size': 2, 'learning_rate': 0.02690157746632597}. Best is trial 112 with value: 0.0818852111697197.
LOCAL_RANK: 0 - CUDA_VISIBLE_DEVICES: [0]
[I 2023-11-30 02:48:08,850] Trial 127 finished with value: 0.12646172940731049 and parameters: {'gradient_clip_val': 0.21314080983934158, 'hidden_size': 53, 'dropout': 0.32476727296239194, 'hidden_continuous_size': 46, 'attention_head_size': 2, 'learning_rate': 0.053934164831845745}. Best is trial 112 with value: 0.0818852111697197.
LOCAL_RANK: 0 - CUDA_VISIBLE_DEVICES: [0]
[I 2023-11-30 02:48:22,359] Trial 128 finished with value: 0.1131555438041687 and parameters: {'gradient_clip_val': 0.24607464625600015, 'hidden_size': 43, 'dropout': 0.34363775554148196, 'hidden_continuous_size': 39, 'attention_head_size': 2, 'learning_rate': 0.06053327242644393}. Best is trial 112 with value: 0.0818852111697197.
LOCAL_RANK: 0 - CUDA_VISIBLE_DEVICES: [0]
[I 2023-11-30 02:48:35,662] Trial 129 finished with value: 0.12046736478805542 and parameters: {'gradient_clip_val': 0.2862341990891875, 'hidden_size': 40, 'dropout': 0.3621873185404979, 'hidden_continuous_size': 38, 'attention_head_size': 2, 'learning_rate': 0.05042407717047787}. Best is trial 112 with value: 0.0818852111697197.
LOCAL_RANK: 0 - CUDA_VISIBLE_DEVICES: [0]
[I 2023-11-30 02:48:49,154] Trial 130 finished with value: 0.1705789566040039 and parameters: {'gradient_clip_val': 0.228898084982727, 'hidden_size': 56, 'dropout': 0.357541702790119, 'hidden_continuous_size': 35, 'attention_head_size': 1, 'learning_rate': 0.08006071996042675}. Best is trial 112 with value: 0.0818852111697197.
LOCAL_RANK: 0 - CUDA_VISIBLE_DEVICES: [0]
[I 2023-11-30 02:49:02,879] Trial 131 finished with value: 0.12028399854898453 and parameters: {'gradient_clip_val': 0.30235143734599906, 'hidden_size': 61, 'dropout': 0.3197238946520796, 'hidden_continuous_size': 45, 'attention_head_size': 2, 'learning_rate': 0.06823330037798589}. Best is trial 112 with value: 0.0818852111697197.
LOCAL_RANK: 0 - CUDA_VISIBLE_DEVICES: [0]
[I 2023-11-30 02:49:16,585] Trial 132 finished with value: 0.1403760462999344 and parameters: {'gradient_clip_val': 0.32887306579714265, 'hidden_size': 49, 'dropout': 0.29021561556938524, 'hidden_continuous_size': 41, 'attention_head_size': 4, 'learning_rate': 0.05808613587039492}. Best is trial 112 with value: 0.0818852111697197.
LOCAL_RANK: 0 - CUDA_VISIBLE_DEVICES: [0]
[I 2023-11-30 02:49:30,165] Trial 133 finished with value: 0.09765032678842545 and parameters: {'gradient_clip_val': 0.31903667417412224, 'hidden_size': 53, 'dropout': 0.2972508660842231, 'hidden_continuous_size': 44, 'attention_head_size': 3, 'learning_rate': 0.04379430939528099}. Best is trial 112 with value: 0.0818852111697197.
LOCAL_RANK: 0 - CUDA_VISIBLE_DEVICES: [0]
[I 2023-11-30 02:49:43,893] Trial 134 finished with value: 0.17916643619537354 and parameters: {'gradient_clip_val': 0.24510729381339194, 'hidden_size': 53, 'dropout': 0.3016483934824868, 'hidden_continuous_size': 44, 'attention_head_size': 3, 'learning_rate': 0.04575409344141878}. Best is trial 112 with value: 0.0818852111697197.
LOCAL_RANK: 0 - CUDA_VISIBLE_DEVICES: [0]
[I 2023-11-30 02:49:57,412] Trial 135 finished with value: 0.12236970663070679 and parameters: {'gradient_clip_val': 0.2880109403871332, 'hidden_size': 46, 'dropout': 0.3288954358564069, 'hidden_continuous_size': 42, 'attention_head_size': 3, 'learning_rate': 0.03651650148799642}. Best is trial 112 with value: 0.0818852111697197.
LOCAL_RANK: 0 - CUDA_VISIBLE_DEVICES: [0]
[I 2023-11-30 02:50:11,195] Trial 136 finished with value: 0.15972331166267395 and parameters: {'gradient_clip_val': 0.26882879445905117, 'hidden_size': 59, 'dropout': 0.29609857674672685, 'hidden_continuous_size': 49, 'attention_head_size': 3, 'learning_rate': 0.04284211298434997}. Best is trial 112 with value: 0.0818852111697197.
LOCAL_RANK: 0 - CUDA_VISIBLE_DEVICES: [0]
