[I 2023-11-30 14:08:37,422] Trial 139 finished with value: 0.21958129107952118 and parameters: {'gradient_clip_val': 0.3400490908150313, 'hidden_size': 42, 'dropout': 0.1889877687156606, 'hidden_continuous_size': 26, 'attention_head_size': 3, 'learning_rate': 0.022906885181529894}. Best is trial 46 with value: 0.08207646757364273.
LOCAL_RANK: 0 - CUDA_VISIBLE_DEVICES: [0]
[I 2023-11-30 14:08:50,583] Trial 140 finished with value: 0.1305893212556839 and parameters: {'gradient_clip_val': 0.5137869002020842, 'hidden_size': 40, 'dropout': 0.2662112562132571, 'hidden_continuous_size': 17, 'attention_head_size': 4, 'learning_rate': 0.07888190459332288}. Best is trial 46 with value: 0.08207646757364273.
LOCAL_RANK: 0 - CUDA_VISIBLE_DEVICES: [0]
[I 2023-11-30 14:09:03,767] Trial 141 finished with value: 0.16502796113491058 and parameters: {'gradient_clip_val': 0.4389432938838697, 'hidden_size': 44, 'dropout': 0.10197612639555195, 'hidden_continuous_size': 21, 'attention_head_size': 4, 'learning_rate': 0.05872333940030008}. Best is trial 46 with value: 0.08207646757364273.
LOCAL_RANK: 0 - CUDA_VISIBLE_DEVICES: [0]
[I 2023-11-30 14:09:17,254] Trial 142 finished with value: 0.14519186317920685 and parameters: {'gradient_clip_val': 0.38710687288578244, 'hidden_size': 50, 'dropout': 0.12955062660438207, 'hidden_continuous_size': 22, 'attention_head_size': 4, 'learning_rate': 0.07217450427668447}. Best is trial 46 with value: 0.08207646757364273.
LOCAL_RANK: 0 - CUDA_VISIBLE_DEVICES: [0]
[I 2023-11-30 14:09:30,501] Trial 143 finished with value: 0.17618779838085175 and parameters: {'gradient_clip_val': 0.41711620906821417, 'hidden_size': 46, 'dropout': 0.10702580896035528, 'hidden_continuous_size': 13, 'attention_head_size': 4, 'learning_rate': 0.0855065222958958}. Best is trial 46 with value: 0.08207646757364273.
LOCAL_RANK: 0 - CUDA_VISIBLE_DEVICES: [0]
[I 2023-11-30 14:09:44,177] Trial 144 finished with value: 0.10728219896554947 and parameters: {'gradient_clip_val': 0.35735058212778437, 'hidden_size': 57, 'dropout': 0.11637093710492422, 'hidden_continuous_size': 25, 'attention_head_size': 4, 'learning_rate': 0.04016137737300894}. Best is trial 46 with value: 0.08207646757364273.
LOCAL_RANK: 0 - CUDA_VISIBLE_DEVICES: [0]
[I 2023-11-30 14:09:57,706] Trial 145 finished with value: 0.12635068595409393 and parameters: {'gradient_clip_val': 0.4650774410553089, 'hidden_size': 52, 'dropout': 0.11040168185066282, 'hidden_continuous_size': 23, 'attention_head_size': 4, 'learning_rate': 0.06482466178979981}. Best is trial 46 with value: 0.08207646757364273.
LOCAL_RANK: 0 - CUDA_VISIBLE_DEVICES: [0]
[I 2023-11-30 14:10:10,744] Trial 146 finished with value: 0.13359852135181427 and parameters: {'gradient_clip_val': 0.49402814866653294, 'hidden_size': 48, 'dropout': 0.10003896903359227, 'hidden_continuous_size': 19, 'attention_head_size': 2, 'learning_rate': 0.05420597245982965}. Best is trial 46 with value: 0.08207646757364273.
LOCAL_RANK: 0 - CUDA_VISIBLE_DEVICES: [0]
[I 2023-11-30 14:10:24,586] Trial 147 finished with value: 0.12392270565032959 and parameters: {'gradient_clip_val': 0.4450119226808917, 'hidden_size': 70, 'dropout': 0.11909717838500156, 'hidden_continuous_size': 24, 'attention_head_size': 3, 'learning_rate': 0.046028423933873144}. Best is trial 46 with value: 0.08207646757364273.
LOCAL_RANK: 0 - CUDA_VISIBLE_DEVICES: [0]
[I 2023-11-30 14:10:38,556] Trial 148 finished with value: 0.09858813136816025 and parameters: {'gradient_clip_val': 0.4115952316498098, 'hidden_size': 62, 'dropout': 0.14112923841882358, 'hidden_continuous_size': 51, 'attention_head_size': 4, 'learning_rate': 0.09177118042022332}. Best is trial 46 with value: 0.08207646757364273.
LOCAL_RANK: 0 - CUDA_VISIBLE_DEVICES: [0]
[I 2023-11-30 14:10:52,405] Trial 149 finished with value: 0.12702547013759613 and parameters: {'gradient_clip_val': 0.3780849074201376, 'hidden_size': 60, 'dropout': 0.14462615664866668, 'hidden_continuous_size': 52, 'attention_head_size': 4, 'learning_rate': 0.08506053967151185}. Best is trial 46 with value: 0.08207646757364273.
[I 2023-11-30 14:10:52,522] A new study created in memory with name: no-name-59fdafe0-ce79-4198-9dde-bab5ad11d118
/home/le004/conda/anaconda3/envs/tsff_env/lib/python3.9/site-packages/lightning/fabric/plugins/environments/slurm.py:191: The `srun` command is available on your system but is not used. HINT: If your intention is to run Lightning on SLURM, prepend your python command with `srun` like so: srun python /home/le004/master_thesis/git/TSFusionForecast/code/ ...
LOCAL_RANK: 0 - CUDA_VISIBLE_DEVICES: [0]
[I 2023-11-30 14:11:07,005] Trial 0 finished with value: 0.1895168274641037 and parameters: {'gradient_clip_val': 0.4058690673536909, 'hidden_size': 107, 'dropout': 0.11152807875128395, 'hidden_continuous_size': 46, 'attention_head_size': 3, 'learning_rate': 0.09270736243149269}. Best is trial 0 with value: 0.1895168274641037.
LOCAL_RANK: 0 - CUDA_VISIBLE_DEVICES: [0]
[I 2023-11-30 14:11:20,020] Trial 1 finished with value: 0.07276725023984909 and parameters: {'gradient_clip_val': 0.8010078811513278, 'hidden_size': 41, 'dropout': 0.23476682813489747, 'hidden_continuous_size': 12, 'attention_head_size': 4, 'learning_rate': 0.07175285797047494}. Best is trial 1 with value: 0.07276725023984909.
LOCAL_RANK: 0 - CUDA_VISIBLE_DEVICES: [0]
[I 2023-11-30 14:11:33,788] Trial 2 finished with value: 0.124178446829319 and parameters: {'gradient_clip_val': 0.2027541764564978, 'hidden_size': 92, 'dropout': 0.25691970145040366, 'hidden_continuous_size': 26, 'attention_head_size': 1, 'learning_rate': 0.02733565780673708}. Best is trial 1 with value: 0.07276725023984909.
LOCAL_RANK: 0 - CUDA_VISIBLE_DEVICES: [0]
[I 2023-11-30 14:11:48,082] Trial 3 finished with value: 1.8527170419692993 and parameters: {'gradient_clip_val': 0.15602345704583837, 'hidden_size': 58, 'dropout': 0.3795178553188292, 'hidden_continuous_size': 50, 'attention_head_size': 3, 'learning_rate': 0.0012233160219065349}. Best is trial 1 with value: 0.07276725023984909.
LOCAL_RANK: 0 - CUDA_VISIBLE_DEVICES: [0]
[I 2023-11-30 14:12:02,916] Trial 4 finished with value: 0.22226570546627045 and parameters: {'gradient_clip_val': 0.1112266585053886, 'hidden_size': 79, 'dropout': 0.13369078170480314, 'hidden_continuous_size': 26, 'attention_head_size': 3, 'learning_rate': 0.004841226686750953}. Best is trial 1 with value: 0.07276725023984909.
LOCAL_RANK: 0 - CUDA_VISIBLE_DEVICES: [0]
[I 2023-11-30 14:12:19,304] Trial 5 finished with value: 0.22221706807613373 and parameters: {'gradient_clip_val': 0.3808867206419913, 'hidden_size': 145, 'dropout': 0.1583715756723378, 'hidden_continuous_size': 70, 'attention_head_size': 3, 'learning_rate': 0.0016010756698147726}. Best is trial 1 with value: 0.07276725023984909.
LOCAL_RANK: 0 - CUDA_VISIBLE_DEVICES: [0]
[I 2023-11-30 14:12:32,695] Trial 6 finished with value: 0.2395888715982437 and parameters: {'gradient_clip_val': 0.1098995032344644, 'hidden_size': 24, 'dropout': 0.21617996388491761, 'hidden_continuous_size': 11, 'attention_head_size': 2, 'learning_rate': 0.029017437723017625}. Best is trial 1 with value: 0.07276725023984909.
LOCAL_RANK: 0 - CUDA_VISIBLE_DEVICES: [0]
[I 2023-11-30 14:12:48,170] Trial 7 finished with value: 0.18867963552474976 and parameters: {'gradient_clip_val': 0.7236208415653709, 'hidden_size': 77, 'dropout': 0.25924316374406753, 'hidden_continuous_size': 48, 'attention_head_size': 2, 'learning_rate': 0.0048408470325803045}. Best is trial 1 with value: 0.07276725023984909.
LOCAL_RANK: 0 - CUDA_VISIBLE_DEVICES: [0]
[I 2023-11-30 14:13:03,559] Trial 8 finished with value: 0.13146944344043732 and parameters: {'gradient_clip_val': 0.4815706289482832, 'hidden_size': 129, 'dropout': 0.14007063565997954, 'hidden_continuous_size': 18, 'attention_head_size': 2, 'learning_rate': 0.005503735414411685}. Best is trial 1 with value: 0.07276725023984909.
LOCAL_RANK: 0 - CUDA_VISIBLE_DEVICES: [0]
[I 2023-11-30 14:13:19,477] Trial 9 finished with value: 0.1795613318681717 and parameters: {'gradient_clip_val': 0.275144906320336, 'hidden_size': 117, 'dropout': 0.1529961319896862, 'hidden_continuous_size': 20, 'attention_head_size': 2, 'learning_rate': 0.009088381887424017}. Best is trial 1 with value: 0.07276725023984909.
LOCAL_RANK: 0 - CUDA_VISIBLE_DEVICES: [0]
[I 2023-11-30 14:13:31,702] Trial 10 finished with value: 0.3433692455291748 and parameters: {'gradient_clip_val': 0.8662932903347669, 'hidden_size': 10, 'dropout': 0.3191278922313615, 'hidden_continuous_size': 10, 'attention_head_size': 4, 'learning_rate': 0.07621855896611278}. Best is trial 1 with value: 0.07276725023984909.
LOCAL_RANK: 0 - CUDA_VISIBLE_DEVICES: [0]
[I 2023-11-30 14:13:45,901] Trial 11 finished with value: 0.23232905566692352 and parameters: {'gradient_clip_val': 0.23649543087251396, 'hidden_size': 40, 'dropout': 0.24456779674822415, 'hidden_continuous_size': 13, 'attention_head_size': 1, 'learning_rate': 0.031066550182755618}. Best is trial 1 with value: 0.07276725023984909.
LOCAL_RANK: 0 - CUDA_VISIBLE_DEVICES: [0]
[I 2023-11-30 14:14:00,038] Trial 12 finished with value: 0.14608094096183777 and parameters: {'gradient_clip_val': 0.5456003500034293, 'hidden_size': 42, 'dropout': 0.28647430364305815, 'hidden_continuous_size': 15, 'attention_head_size': 1, 'learning_rate': 0.03836241146315169}. Best is trial 1 with value: 0.07276725023984909.
LOCAL_RANK: 0 - CUDA_VISIBLE_DEVICES: [0]
[I 2023-11-30 14:14:14,135] Trial 13 finished with value: 0.26457515358924866 and parameters: {'gradient_clip_val': 0.9201270413071521, 'hidden_size': 26, 'dropout': 0.2040144366467515, 'hidden_continuous_size': 12, 'attention_head_size': 4, 'learning_rate': 0.019584790338325823}. Best is trial 1 with value: 0.07276725023984909.
LOCAL_RANK: 0 - CUDA_VISIBLE_DEVICES: [0]
[I 2023-11-30 14:14:28,935] Trial 14 finished with value: 0.22893376648426056 and parameters: {'gradient_clip_val': 0.22706419440058773, 'hidden_size': 59, 'dropout': 0.30393037083741026, 'hidden_continuous_size': 26, 'attention_head_size': 1, 'learning_rate': 0.061955049591672966}. Best is trial 1 with value: 0.07276725023984909.
LOCAL_RANK: 0 - CUDA_VISIBLE_DEVICES: [0]
[I 2023-11-30 14:14:44,908] Trial 15 finished with value: 0.1451830118894577 and parameters: {'gradient_clip_val': 0.588994075664944, 'hidden_size': 85, 'dropout': 0.19759365248206223, 'hidden_continuous_size': 18, 'attention_head_size': 4, 'learning_rate': 0.05005216314968565}. Best is trial 1 with value: 0.07276725023984909.
LOCAL_RANK: 0 - CUDA_VISIBLE_DEVICES: [0]
[I 2023-11-30 14:14:59,638] Trial 16 finished with value: 0.12800763547420502 and parameters: {'gradient_clip_val': 0.3214115274965949, 'hidden_size': 53, 'dropout': 0.25598900263292257, 'hidden_continuous_size': 15, 'attention_head_size': 1, 'learning_rate': 0.0931581128420221}. Best is trial 1 with value: 0.07276725023984909.
LOCAL_RANK: 0 - CUDA_VISIBLE_DEVICES: [0]
[I 2023-11-30 14:15:13,946] Trial 17 finished with value: 0.2841770648956299 and parameters: {'gradient_clip_val': 0.6843149103110112, 'hidden_size': 29, 'dropout': 0.3373387428977572, 'hidden_continuous_size': 10, 'attention_head_size': 4, 'learning_rate': 0.02280361744261695}. Best is trial 1 with value: 0.07276725023984909.
LOCAL_RANK: 0 - CUDA_VISIBLE_DEVICES: [0]
[I 2023-11-30 14:15:29,918] Trial 18 finished with value: 0.12838155031204224 and parameters: {'gradient_clip_val': 0.19443711144530545, 'hidden_size': 96, 'dropout': 0.2818570949794443, 'hidden_continuous_size': 34, 'attention_head_size': 3, 'learning_rate': 0.04686115769414238}. Best is trial 1 with value: 0.07276725023984909.
LOCAL_RANK: 0 - CUDA_VISIBLE_DEVICES: [0]
[I 2023-11-30 14:15:44,825] Trial 19 finished with value: 0.15350200235843658 and parameters: {'gradient_clip_val': 0.9937306478235398, 'hidden_size': 71, 'dropout': 0.23327787096264033, 'hidden_continuous_size': 22, 'attention_head_size': 2, 'learning_rate': 0.01558615934610526}. Best is trial 1 with value: 0.07276725023984909.
LOCAL_RANK: 0 - CUDA_VISIBLE_DEVICES: [0]
[I 2023-11-30 14:16:00,727] Trial 20 finished with value: 0.13708411157131195 and parameters: {'gradient_clip_val': 0.34761543322390304, 'hidden_size': 103, 'dropout': 0.18271276222923294, 'hidden_continuous_size': 14, 'attention_head_size': 4, 'learning_rate': 0.04468709005976361}. Best is trial 1 with value: 0.07276725023984909.
LOCAL_RANK: 0 - CUDA_VISIBLE_DEVICES: [0]
[I 2023-11-30 14:16:14,937] Trial 21 finished with value: 0.13647989928722382 and parameters: {'gradient_clip_val': 0.29859882494238116, 'hidden_size': 53, 'dropout': 0.24759090449358667, 'hidden_continuous_size': 15, 'attention_head_size': 1, 'learning_rate': 0.09851300183358369}. Best is trial 1 with value: 0.07276725023984909.
LOCAL_RANK: 0 - CUDA_VISIBLE_DEVICES: [0]
[I 2023-11-30 14:16:29,758] Trial 22 finished with value: 0.08677644282579422 and parameters: {'gradient_clip_val': 0.5023858593629702, 'hidden_size': 48, 'dropout': 0.271926413740517, 'hidden_continuous_size': 12, 'attention_head_size': 1, 'learning_rate': 0.05702907143845673}. Best is trial 1 with value: 0.07276725023984909.
LOCAL_RANK: 0 - CUDA_VISIBLE_DEVICES: [0]
[I 2023-11-30 14:16:43,820] Trial 23 finished with value: 0.14244049787521362 and parameters: {'gradient_clip_val': 0.45747427393443957, 'hidden_size': 34, 'dropout': 0.2767509991305527, 'hidden_continuous_size': 11, 'attention_head_size': 1, 'learning_rate': 0.059743038412892586}. Best is trial 1 with value: 0.07276725023984909.
LOCAL_RANK: 0 - CUDA_VISIBLE_DEVICES: [0]
[I 2023-11-30 14:16:57,971] Trial 24 finished with value: 0.13999919593334198 and parameters: {'gradient_clip_val': 0.7316833193342396, 'hidden_size': 45, 'dropout': 0.21876063011412578, 'hidden_continuous_size': 13, 'attention_head_size': 1, 'learning_rate': 0.061975641008393}. Best is trial 1 with value: 0.07276725023984909.
LOCAL_RANK: 0 - CUDA_VISIBLE_DEVICES: [0]
[I 2023-11-30 14:17:13,170] Trial 25 finished with value: 0.1425178498029709 and parameters: {'gradient_clip_val': 0.5828756966731503, 'hidden_size': 67, 'dropout': 0.2397777455484233, 'hidden_continuous_size': 23, 'attention_head_size': 2, 'learning_rate': 0.03336104699555235}. Best is trial 1 with value: 0.07276725023984909.
LOCAL_RANK: 0 - CUDA_VISIBLE_DEVICES: [0]
[I 2023-11-30 14:17:29,545] Trial 26 finished with value: 0.13772249221801758 and parameters: {'gradient_clip_val': 0.5128378694724564, 'hidden_size': 143, 'dropout': 0.1831154377550666, 'hidden_continuous_size': 117, 'attention_head_size': 1, 'learning_rate': 0.06945042809184351}. Best is trial 1 with value: 0.07276725023984909.
LOCAL_RANK: 0 - CUDA_VISIBLE_DEVICES: [0]
[I 2023-11-30 14:17:44,690] Trial 27 finished with value: 0.3275347650051117 and parameters: {'gradient_clip_val': 0.7950831339547434, 'hidden_size': 84, 'dropout': 0.2693134673496404, 'hidden_continuous_size': 17, 'attention_head_size': 2, 'learning_rate': 0.041491655309535115}. Best is trial 1 with value: 0.07276725023984909.
LOCAL_RANK: 0 - CUDA_VISIBLE_DEVICES: [0]
[I 2023-11-30 14:17:58,553] Trial 28 finished with value: 0.17709513008594513 and parameters: {'gradient_clip_val': 0.6507983153250434, 'hidden_size': 34, 'dropout': 0.2261720157708271, 'hidden_continuous_size': 12, 'attention_head_size': 1, 'learning_rate': 0.02497295098493621}. Best is trial 1 with value: 0.07276725023984909.
LOCAL_RANK: 0 - CUDA_VISIBLE_DEVICES: [0]
[I 2023-11-30 14:18:14,829] Trial 29 finished with value: 0.31329914927482605 and parameters: {'gradient_clip_val': 0.4066700186963435, 'hidden_size': 113, 'dropout': 0.26272343134776616, 'hidden_continuous_size': 32, 'attention_head_size': 3, 'learning_rate': 0.07807332817304201}. Best is trial 1 with value: 0.07276725023984909.
LOCAL_RANK: 0 - CUDA_VISIBLE_DEVICES: [0]
[I 2023-11-30 14:18:30,129] Trial 30 finished with value: 0.23498642444610596 and parameters: {'gradient_clip_val': 0.8167672017045449, 'hidden_size': 97, 'dropout': 0.30593371760812405, 'hidden_continuous_size': 10, 'attention_head_size': 2, 'learning_rate': 0.09775373518827243}. Best is trial 1 with value: 0.07276725023984909.
LOCAL_RANK: 0 - CUDA_VISIBLE_DEVICES: [0]
[I 2023-11-30 14:18:44,908] Trial 31 finished with value: 0.17217500507831573 and parameters: {'gradient_clip_val': 0.31734683969923927, 'hidden_size': 50, 'dropout': 0.25428379488278474, 'hidden_continuous_size': 15, 'attention_head_size': 1, 'learning_rate': 0.08622093962784333}. Best is trial 1 with value: 0.07276725023984909.
LOCAL_RANK: 0 - CUDA_VISIBLE_DEVICES: [0]
[I 2023-11-30 14:18:59,519] Trial 32 finished with value: 0.1643509417772293 and parameters: {'gradient_clip_val': 0.4300009816373021, 'hidden_size': 54, 'dropout': 0.23590905728425243, 'hidden_continuous_size': 16, 'attention_head_size': 1, 'learning_rate': 0.05480614461273679}. Best is trial 1 with value: 0.07276725023984909.
LOCAL_RANK: 0 - CUDA_VISIBLE_DEVICES: [0]
[I 2023-11-30 14:19:13,922] Trial 33 finished with value: 0.11503764241933823 and parameters: {'gradient_clip_val': 0.3748206630275103, 'hidden_size': 64, 'dropout': 0.10436727141395247, 'hidden_continuous_size': 13, 'attention_head_size': 1, 'learning_rate': 0.09922389356882141}. Best is trial 1 with value: 0.07276725023984909.
LOCAL_RANK: 0 - CUDA_VISIBLE_DEVICES: [0]
[I 2023-11-30 14:19:29,392] Trial 34 finished with value: 0.24404235184192657 and parameters: {'gradient_clip_val': 0.3809353747971479, 'hidden_size': 63, 'dropout': 0.10969829742754483, 'hidden_continuous_size': 20, 'attention_head_size': 3, 'learning_rate': 0.03899655615382464}. Best is trial 1 with value: 0.07276725023984909.
LOCAL_RANK: 0 - CUDA_VISIBLE_DEVICES: [0]
[I 2023-11-30 14:19:44,101] Trial 35 finished with value: 0.14571057260036469 and parameters: {'gradient_clip_val': 0.5073819300077773, 'hidden_size': 66, 'dropout': 0.11877096891840797, 'hidden_continuous_size': 13, 'attention_head_size': 1, 'learning_rate': 0.06821393274588299}. Best is trial 1 with value: 0.07276725023984909.
LOCAL_RANK: 0 - CUDA_VISIBLE_DEVICES: [0]
[I 2023-11-30 14:19:58,889] Trial 36 finished with value: 0.16529010236263275 and parameters: {'gradient_clip_val': 0.1469118226954815, 'hidden_size': 74, 'dropout': 0.16343237557279586, 'hidden_continuous_size': 11, 'attention_head_size': 3, 'learning_rate': 0.04872480683613404}. Best is trial 1 with value: 0.07276725023984909.
LOCAL_RANK: 0 - CUDA_VISIBLE_DEVICES: [0]
[I 2023-11-30 14:20:13,294] Trial 37 finished with value: 0.21260441839694977 and parameters: {'gradient_clip_val': 0.4487058995756971, 'hidden_size': 47, 'dropout': 0.10383934097228449, 'hidden_continuous_size': 12, 'attention_head_size': 2, 'learning_rate': 0.07546068929345454}. Best is trial 1 with value: 0.07276725023984909.
LOCAL_RANK: 0 - CUDA_VISIBLE_DEVICES: [0]
[I 2023-11-30 14:20:27,750] Trial 38 finished with value: 0.17127259075641632 and parameters: {'gradient_clip_val': 0.37569094364318717, 'hidden_size': 60, 'dropout': 0.20674538173725682, 'hidden_continuous_size': 11, 'attention_head_size': 1, 'learning_rate': 0.03605398424454537}. Best is trial 1 with value: 0.07276725023984909.
LOCAL_RANK: 0 - CUDA_VISIBLE_DEVICES: [0]
[I 2023-11-30 14:20:43,115] Trial 39 finished with value: 0.1446559578180313 and parameters: {'gradient_clip_val': 0.6328405567066702, 'hidden_size': 85, 'dropout': 0.3648687936915736, 'hidden_continuous_size': 17, 'attention_head_size': 2, 'learning_rate': 0.02963569858666249}. Best is trial 1 with value: 0.07276725023984909.
LOCAL_RANK: 0 - CUDA_VISIBLE_DEVICES: [0]
[I 2023-11-30 14:20:57,686] Trial 40 finished with value: 0.15762537717819214 and parameters: {'gradient_clip_val': 0.49281349140697145, 'hidden_size': 44, 'dropout': 0.1332194680348699, 'hidden_continuous_size': 13, 'attention_head_size': 3, 'learning_rate': 0.05405747484240543}. Best is trial 1 with value: 0.07276725023984909.
LOCAL_RANK: 0 - CUDA_VISIBLE_DEVICES: [0]
[I 2023-11-30 14:21:12,394] Trial 41 finished with value: 0.1741906851530075 and parameters: {'gradient_clip_val': 0.335071461611895, 'hidden_size': 54, 'dropout': 0.25886717075265475, 'hidden_continuous_size': 14, 'attention_head_size': 1, 'learning_rate': 0.0893422098070801}. Best is trial 1 with value: 0.07276725023984909.
LOCAL_RANK: 0 - CUDA_VISIBLE_DEVICES: [0]
[I 2023-11-30 14:21:26,724] Trial 42 finished with value: 0.15517868101596832 and parameters: {'gradient_clip_val': 0.30214460142612537, 'hidden_size': 38, 'dropout': 0.2900122828898937, 'hidden_continuous_size': 14, 'attention_head_size': 1, 'learning_rate': 0.09696802301502049}. Best is trial 1 with value: 0.07276725023984909.
LOCAL_RANK: 0 - CUDA_VISIBLE_DEVICES: [0]
[I 2023-11-30 14:21:40,867] Trial 43 finished with value: 0.17250244319438934 and parameters: {'gradient_clip_val': 0.2646352577103326, 'hidden_size': 48, 'dropout': 0.2666720972978781, 'hidden_continuous_size': 10, 'attention_head_size': 1, 'learning_rate': 0.07290165389093065}. Best is trial 1 with value: 0.07276725023984909.
LOCAL_RANK: 0 - CUDA_VISIBLE_DEVICES: [0]
[I 2023-11-30 14:21:55,223] Trial 44 finished with value: 0.24237120151519775 and parameters: {'gradient_clip_val': 0.3835013843896058, 'hidden_size': 58, 'dropout': 0.2474610329920578, 'hidden_continuous_size': 12, 'attention_head_size': 1, 'learning_rate': 0.061100009615978536}. Best is trial 1 with value: 0.07276725023984909.
LOCAL_RANK: 0 - CUDA_VISIBLE_DEVICES: [0]
[I 2023-11-30 14:22:10,089] Trial 45 finished with value: 0.16203387081623077 and parameters: {'gradient_clip_val': 0.42078866544622506, 'hidden_size': 74, 'dropout': 0.21752338766709295, 'hidden_continuous_size': 16, 'attention_head_size': 2, 'learning_rate': 0.09998344192571215}. Best is trial 1 with value: 0.07276725023984909.
LOCAL_RANK: 0 - CUDA_VISIBLE_DEVICES: [0]
