[I 2023-11-30 12:33:42,447] Trial 32 finished with value: 87.5810317993164 and parameters: {'gradient_clip_val': 0.14480860667427442, 'hidden_size': 75, 'dropout': 0.1158402177071891, 'hidden_continuous_size': 15, 'attention_head_size': 3, 'learning_rate': 0.06619385709528469}. Best is trial 11 with value: 58.98027420043945.
LOCAL_RANK: 0 - CUDA_VISIBLE_DEVICES: [0]
[I 2023-11-30 12:33:56,403] Trial 33 finished with value: 97.32042694091797 and parameters: {'gradient_clip_val': 0.11681515254885615, 'hidden_size': 82, 'dropout': 0.15313661870093165, 'hidden_continuous_size': 23, 'attention_head_size': 4, 'learning_rate': 0.09926264089667387}. Best is trial 11 with value: 58.98027420043945.
LOCAL_RANK: 0 - CUDA_VISIBLE_DEVICES: [0]
[I 2023-11-30 12:34:10,403] Trial 34 finished with value: 77.26779174804688 and parameters: {'gradient_clip_val': 0.23295273865595598, 'hidden_size': 121, 'dropout': 0.17951627672199194, 'hidden_continuous_size': 13, 'attention_head_size': 3, 'learning_rate': 0.02976991575465157}. Best is trial 11 with value: 58.98027420043945.
LOCAL_RANK: 0 - CUDA_VISIBLE_DEVICES: [0]
[I 2023-11-30 12:34:24,086] Trial 35 finished with value: 55.010372161865234 and parameters: {'gradient_clip_val': 0.1569285559274622, 'hidden_size': 67, 'dropout': 0.14234619375090526, 'hidden_continuous_size': 18, 'attention_head_size': 4, 'learning_rate': 0.052817222520745936}. Best is trial 35 with value: 55.010372161865234.
LOCAL_RANK: 0 - CUDA_VISIBLE_DEVICES: [0]
[I 2023-11-30 12:34:37,125] Trial 36 finished with value: 93.8955307006836 and parameters: {'gradient_clip_val': 0.15813576262688692, 'hidden_size': 44, 'dropout': 0.2142864292967668, 'hidden_continuous_size': 19, 'attention_head_size': 3, 'learning_rate': 0.05092408370364574}. Best is trial 35 with value: 55.010372161865234.
LOCAL_RANK: 0 - CUDA_VISIBLE_DEVICES: [0]
[I 2023-11-30 12:34:51,004] Trial 37 finished with value: 60.031402587890625 and parameters: {'gradient_clip_val': 0.18349953742589228, 'hidden_size': 77, 'dropout': 0.19427413809109112, 'hidden_continuous_size': 24, 'attention_head_size': 2, 'learning_rate': 0.0724022803860492}. Best is trial 35 with value: 55.010372161865234.
LOCAL_RANK: 0 - CUDA_VISIBLE_DEVICES: [0]
[I 2023-11-30 12:35:04,651] Trial 38 finished with value: 53.07684326171875 and parameters: {'gradient_clip_val': 0.18663799590629784, 'hidden_size': 78, 'dropout': 0.19773721371469927, 'hidden_continuous_size': 24, 'attention_head_size': 1, 'learning_rate': 0.07299752935031066}. Best is trial 38 with value: 53.07684326171875.
LOCAL_RANK: 0 - CUDA_VISIBLE_DEVICES: [0]
[I 2023-11-30 12:35:17,839] Trial 39 finished with value: 61.09507369995117 and parameters: {'gradient_clip_val': 0.23482495341060214, 'hidden_size': 54, 'dropout': 0.2265825500240402, 'hidden_continuous_size': 25, 'attention_head_size': 1, 'learning_rate': 0.07124890178690033}. Best is trial 38 with value: 53.07684326171875.
LOCAL_RANK: 0 - CUDA_VISIBLE_DEVICES: [0]
[I 2023-11-30 12:35:32,041] Trial 40 finished with value: 76.96478271484375 and parameters: {'gradient_clip_val': 0.18781489008297717, 'hidden_size': 125, 'dropout': 0.19129659387032028, 'hidden_continuous_size': 31, 'attention_head_size': 2, 'learning_rate': 0.07874918911392563}. Best is trial 38 with value: 53.07684326171875.
LOCAL_RANK: 0 - CUDA_VISIBLE_DEVICES: [0]
[I 2023-11-30 12:35:45,245] Trial 41 finished with value: 72.35798645019531 and parameters: {'gradient_clip_val': 0.2332191700093201, 'hidden_size': 52, 'dropout': 0.2284200518636601, 'hidden_continuous_size': 25, 'attention_head_size': 1, 'learning_rate': 0.07165183933898558}. Best is trial 38 with value: 53.07684326171875.
LOCAL_RANK: 0 - CUDA_VISIBLE_DEVICES: [0]
[I 2023-11-30 12:35:58,905] Trial 42 finished with value: 61.27262878417969 and parameters: {'gradient_clip_val': 0.24426086987780546, 'hidden_size': 70, 'dropout': 0.1989697529352986, 'hidden_continuous_size': 21, 'attention_head_size': 1, 'learning_rate': 0.055698035590575616}. Best is trial 38 with value: 53.07684326171875.
LOCAL_RANK: 0 - CUDA_VISIBLE_DEVICES: [0]
[I 2023-11-30 12:36:12,078] Trial 43 finished with value: 96.59928131103516 and parameters: {'gradient_clip_val': 0.19664862461686738, 'hidden_size': 54, 'dropout': 0.22149945633148727, 'hidden_continuous_size': 24, 'attention_head_size': 1, 'learning_rate': 0.07598551184354985}. Best is trial 38 with value: 53.07684326171875.
LOCAL_RANK: 0 - CUDA_VISIBLE_DEVICES: [0]
[I 2023-11-30 12:36:25,207] Trial 44 finished with value: 100.62593841552734 and parameters: {'gradient_clip_val': 0.18286851320129932, 'hidden_size': 43, 'dropout': 0.2656186887803496, 'hidden_continuous_size': 28, 'attention_head_size': 1, 'learning_rate': 0.0404556210436689}. Best is trial 38 with value: 53.07684326171875.
LOCAL_RANK: 0 - CUDA_VISIBLE_DEVICES: [0]
[I 2023-11-30 12:36:38,774] Trial 45 finished with value: 96.1612777709961 and parameters: {'gradient_clip_val': 0.3050352246156071, 'hidden_size': 78, 'dropout': 0.22687861482665392, 'hidden_continuous_size': 22, 'attention_head_size': 2, 'learning_rate': 0.06027033837612972}. Best is trial 38 with value: 53.07684326171875.
LOCAL_RANK: 0 - CUDA_VISIBLE_DEVICES: [0]
[I 2023-11-30 12:36:51,898] Trial 46 finished with value: 100.325927734375 and parameters: {'gradient_clip_val': 0.21205926455200627, 'hidden_size': 47, 'dropout': 0.20310595049221963, 'hidden_continuous_size': 24, 'attention_head_size': 1, 'learning_rate': 0.03256252575798042}. Best is trial 38 with value: 53.07684326171875.
LOCAL_RANK: 0 - CUDA_VISIBLE_DEVICES: [0]
[I 2023-11-30 12:37:05,908] Trial 47 finished with value: 88.30005645751953 and parameters: {'gradient_clip_val': 0.15819320608432463, 'hidden_size': 91, 'dropout': 0.23554494137951038, 'hidden_continuous_size': 30, 'attention_head_size': 2, 'learning_rate': 0.08042090179260228}. Best is trial 38 with value: 53.07684326171875.
LOCAL_RANK: 0 - CUDA_VISIBLE_DEVICES: [0]
[I 2023-11-30 12:37:19,302] Trial 48 finished with value: 76.09502410888672 and parameters: {'gradient_clip_val': 0.2620820715707165, 'hidden_size': 64, 'dropout': 0.21705966929100823, 'hidden_continuous_size': 27, 'attention_head_size': 1, 'learning_rate': 0.05433200796968631}. Best is trial 38 with value: 53.07684326171875.
LOCAL_RANK: 0 - CUDA_VISIBLE_DEVICES: [0]
[I 2023-11-30 12:37:32,253] Trial 49 finished with value: 50.9202880859375 and parameters: {'gradient_clip_val': 0.2153408007089096, 'hidden_size': 37, 'dropout': 0.25852317842115147, 'hidden_continuous_size': 25, 'attention_head_size': 2, 'learning_rate': 0.04206146846310046}. Best is trial 49 with value: 50.9202880859375.
LOCAL_RANK: 0 - CUDA_VISIBLE_DEVICES: [0]
[I 2023-11-30 12:37:45,380] Trial 50 finished with value: 55.8397216796875 and parameters: {'gradient_clip_val': 0.21494987265903326, 'hidden_size': 42, 'dropout': 0.26446891008136164, 'hidden_continuous_size': 22, 'attention_head_size': 2, 'learning_rate': 0.038092259240491554}. Best is trial 49 with value: 50.9202880859375.
LOCAL_RANK: 0 - CUDA_VISIBLE_DEVICES: [0]
[I 2023-11-30 12:37:58,369] Trial 51 finished with value: 62.7579231262207 and parameters: {'gradient_clip_val': 0.19983338194085667, 'hidden_size': 35, 'dropout': 0.26160019369574483, 'hidden_continuous_size': 21, 'attention_head_size': 2, 'learning_rate': 0.039335323300247235}. Best is trial 49 with value: 50.9202880859375.
LOCAL_RANK: 0 - CUDA_VISIBLE_DEVICES: [0]
[I 2023-11-30 12:38:11,411] Trial 52 finished with value: 87.44144439697266 and parameters: {'gradient_clip_val': 0.17998476763043275, 'hidden_size': 40, 'dropout': 0.27624629840065773, 'hidden_continuous_size': 22, 'attention_head_size': 2, 'learning_rate': 0.047772508809496364}. Best is trial 49 with value: 50.9202880859375.
LOCAL_RANK: 0 - CUDA_VISIBLE_DEVICES: [0]
[I 2023-11-30 12:38:24,409] Trial 53 finished with value: 103.60713958740234 and parameters: {'gradient_clip_val': 0.21252435642639222, 'hidden_size': 39, 'dropout': 0.30787960368292533, 'hidden_continuous_size': 23, 'attention_head_size': 2, 'learning_rate': 0.034435522585466526}. Best is trial 49 with value: 50.9202880859375.
LOCAL_RANK: 0 - CUDA_VISIBLE_DEVICES: [0]
[I 2023-11-30 12:38:38,101] Trial 54 finished with value: 59.96589279174805 and parameters: {'gradient_clip_val': 0.15501281352889515, 'hidden_size': 74, 'dropout': 0.25944181878025574, 'hidden_continuous_size': 26, 'attention_head_size': 2, 'learning_rate': 0.028571412720456088}. Best is trial 49 with value: 50.9202880859375.
LOCAL_RANK: 0 - CUDA_VISIBLE_DEVICES: [0]
[I 2023-11-30 12:38:51,452] Trial 55 finished with value: 62.090579986572266 and parameters: {'gradient_clip_val': 0.1597151965616907, 'hidden_size': 50, 'dropout': 0.24482639766768935, 'hidden_continuous_size': 26, 'attention_head_size': 2, 'learning_rate': 0.026837288739523242}. Best is trial 49 with value: 50.9202880859375.
LOCAL_RANK: 0 - CUDA_VISIBLE_DEVICES: [0]
[I 2023-11-30 12:39:04,415] Trial 56 finished with value: 68.44525146484375 and parameters: {'gradient_clip_val': 0.15390907497823594, 'hidden_size': 31, 'dropout': 0.2402773735132465, 'hidden_continuous_size': 25, 'attention_head_size': 2, 'learning_rate': 0.027215380242176318}. Best is trial 49 with value: 50.9202880859375.
LOCAL_RANK: 0 - CUDA_VISIBLE_DEVICES: [0]
[I 2023-11-30 12:39:17,985] Trial 57 finished with value: 60.803192138671875 and parameters: {'gradient_clip_val': 0.1674267956832414, 'hidden_size': 60, 'dropout': 0.25646035402152734, 'hidden_continuous_size': 29, 'attention_head_size': 2, 'learning_rate': 0.03689883978402835}. Best is trial 49 with value: 50.9202880859375.
LOCAL_RANK: 0 - CUDA_VISIBLE_DEVICES: [0]
[I 2023-11-30 12:39:31,811] Trial 58 finished with value: 70.14034271240234 and parameters: {'gradient_clip_val': 0.28379658465037944, 'hidden_size': 70, 'dropout': 0.25009491088937924, 'hidden_continuous_size': 33, 'attention_head_size': 2, 'learning_rate': 0.021084098854550187}. Best is trial 49 with value: 50.9202880859375.
LOCAL_RANK: 0 - CUDA_VISIBLE_DEVICES: [0]
[I 2023-11-30 12:39:45,702] Trial 59 finished with value: 69.57186889648438 and parameters: {'gradient_clip_val': 0.1743072177348868, 'hidden_size': 99, 'dropout': 0.2896428660862061, 'hidden_continuous_size': 20, 'attention_head_size': 2, 'learning_rate': 0.04294537356013854}. Best is trial 49 with value: 50.9202880859375.
LOCAL_RANK: 0 - CUDA_VISIBLE_DEVICES: [0]
[I 2023-11-30 12:39:58,830] Trial 60 finished with value: 79.09153747558594 and parameters: {'gradient_clip_val': 0.21450795054565813, 'hidden_size': 44, 'dropout': 0.2697977871250121, 'hidden_continuous_size': 26, 'attention_head_size': 3, 'learning_rate': 0.029643052845084446}. Best is trial 49 with value: 50.9202880859375.
LOCAL_RANK: 0 - CUDA_VISIBLE_DEVICES: [0]
[I 2023-11-30 12:40:12,705] Trial 61 finished with value: 72.80974578857422 and parameters: {'gradient_clip_val': 0.18989599914247038, 'hidden_size': 87, 'dropout': 0.23825783312545437, 'hidden_continuous_size': 28, 'attention_head_size': 2, 'learning_rate': 0.05953174939842921}. Best is trial 49 with value: 50.9202880859375.
LOCAL_RANK: 0 - CUDA_VISIBLE_DEVICES: [0]
[I 2023-11-30 12:40:26,751] Trial 62 finished with value: 65.62290954589844 and parameters: {'gradient_clip_val': 0.17797916484413534, 'hidden_size': 73, 'dropout': 0.25449933199625824, 'hidden_continuous_size': 27, 'attention_head_size': 2, 'learning_rate': 0.04581551243657547}. Best is trial 49 with value: 50.9202880859375.
LOCAL_RANK: 0 - CUDA_VISIBLE_DEVICES: [0]
[I 2023-11-30 12:40:40,558] Trial 63 finished with value: 66.82540893554688 and parameters: {'gradient_clip_val': 0.13385699658365574, 'hidden_size': 78, 'dropout': 0.2121164567542695, 'hidden_continuous_size': 33, 'attention_head_size': 2, 'learning_rate': 0.03557961468994431}. Best is trial 49 with value: 50.9202880859375.
LOCAL_RANK: 0 - CUDA_VISIBLE_DEVICES: [0]
[I 2023-11-30 12:40:54,251] Trial 64 finished with value: 84.57540130615234 and parameters: {'gradient_clip_val': 0.20046059481603923, 'hidden_size': 66, 'dropout': 0.2768380284578086, 'hidden_continuous_size': 24, 'attention_head_size': 2, 'learning_rate': 0.051924964923260146}. Best is trial 49 with value: 50.9202880859375.
LOCAL_RANK: 0 - CUDA_VISIBLE_DEVICES: [0]
[I 2023-11-30 12:41:07,948] Trial 65 finished with value: 57.623714447021484 and parameters: {'gradient_clip_val': 0.25490649076314287, 'hidden_size': 85, 'dropout': 0.1769262378799631, 'hidden_continuous_size': 22, 'attention_head_size': 2, 'learning_rate': 0.01863992162353674}. Best is trial 49 with value: 50.9202880859375.
LOCAL_RANK: 0 - CUDA_VISIBLE_DEVICES: [0]
[I 2023-11-30 12:41:21,621] Trial 66 finished with value: 63.57451248168945 and parameters: {'gradient_clip_val': 0.24999045764971317, 'hidden_size': 86, 'dropout': 0.17833473407489212, 'hidden_continuous_size': 19, 'attention_head_size': 1, 'learning_rate': 0.018587277704956336}. Best is trial 49 with value: 50.9202880859375.
LOCAL_RANK: 0 - CUDA_VISIBLE_DEVICES: [0]
[I 2023-11-30 12:41:35,253] Trial 67 finished with value: 109.79930877685547 and parameters: {'gradient_clip_val': 0.22616705934623185, 'hidden_size': 58, 'dropout': 0.14796247349716157, 'hidden_continuous_size': 22, 'attention_head_size': 2, 'learning_rate': 0.025834527411910793}. Best is trial 49 with value: 50.9202880859375.
LOCAL_RANK: 0 - CUDA_VISIBLE_DEVICES: [0]
[I 2023-11-30 12:41:49,081] Trial 68 finished with value: 71.15483093261719 and parameters: {'gradient_clip_val': 0.25308256894155895, 'hidden_size': 99, 'dropout': 0.2490551154230698, 'hidden_continuous_size': 20, 'attention_head_size': 3, 'learning_rate': 0.016742467502602134}. Best is trial 49 with value: 50.9202880859375.
LOCAL_RANK: 0 - CUDA_VISIBLE_DEVICES: [0]
[I 2023-11-30 12:42:03,332] Trial 69 finished with value: 67.28398895263672 and parameters: {'gradient_clip_val': 0.22564926084573472, 'hidden_size': 116, 'dropout': 0.22999560662311103, 'hidden_continuous_size': 37, 'attention_head_size': 4, 'learning_rate': 0.03125053280012183}. Best is trial 49 with value: 50.9202880859375.
LOCAL_RANK: 0 - CUDA_VISIBLE_DEVICES: [0]
[I 2023-11-30 12:42:17,347] Trial 70 finished with value: 69.34378814697266 and parameters: {'gradient_clip_val': 0.28220051231361465, 'hidden_size': 104, 'dropout': 0.16955089967113918, 'hidden_continuous_size': 29, 'attention_head_size': 2, 'learning_rate': 0.02044046150827216}. Best is trial 49 with value: 50.9202880859375.
LOCAL_RANK: 0 - CUDA_VISIBLE_DEVICES: [0]
[I 2023-11-30 12:42:31,162] Trial 71 finished with value: 58.34758377075195 and parameters: {'gradient_clip_val': 0.20891725035780848, 'hidden_size': 75, 'dropout': 0.18979090607314458, 'hidden_continuous_size': 24, 'attention_head_size': 2, 'learning_rate': 0.04254365419239187}. Best is trial 49 with value: 50.9202880859375.
LOCAL_RANK: 0 - CUDA_VISIBLE_DEVICES: [0]
[I 2023-11-30 12:42:45,855] Trial 72 finished with value: 66.58052825927734 and parameters: {'gradient_clip_val': 0.26481950828228584, 'hidden_size': 133, 'dropout': 0.18645975747262017, 'hidden_continuous_size': 42, 'attention_head_size': 2, 'learning_rate': 0.04142986589597904}. Best is trial 49 with value: 50.9202880859375.
LOCAL_RANK: 0 - CUDA_VISIBLE_DEVICES: [0]
[I 2023-11-30 12:42:59,642] Trial 73 finished with value: 88.8622055053711 and parameters: {'gradient_clip_val': 0.21144638211416905, 'hidden_size': 83, 'dropout': 0.1401280806005168, 'hidden_continuous_size': 23, 'attention_head_size': 2, 'learning_rate': 0.026220853272636915}. Best is trial 49 with value: 50.9202880859375.
LOCAL_RANK: 0 - CUDA_VISIBLE_DEVICES: [0]
[I 2023-11-30 12:43:13,174] Trial 74 finished with value: 76.08707427978516 and parameters: {'gradient_clip_val': 0.19860882037482938, 'hidden_size': 63, 'dropout': 0.17252912327117784, 'hidden_continuous_size': 21, 'attention_head_size': 2, 'learning_rate': 0.023132216043943672}. Best is trial 49 with value: 50.9202880859375.
LOCAL_RANK: 0 - CUDA_VISIBLE_DEVICES: [0]
[I 2023-11-30 12:43:26,772] Trial 75 finished with value: 71.89488983154297 and parameters: {'gradient_clip_val': 0.22453807985275465, 'hidden_size': 72, 'dropout': 0.19238889616700686, 'hidden_continuous_size': 26, 'attention_head_size': 2, 'learning_rate': 0.03629993173637333}. Best is trial 49 with value: 50.9202880859375.
LOCAL_RANK: 0 - CUDA_VISIBLE_DEVICES: [0]
[I 2023-11-30 12:43:40,636] Trial 76 finished with value: 90.24466705322266 and parameters: {'gradient_clip_val': 0.1455899319630398, 'hidden_size': 93, 'dropout': 0.20723524024050466, 'hidden_continuous_size': 18, 'attention_head_size': 3, 'learning_rate': 0.014408315836787654}. Best is trial 49 with value: 50.9202880859375.
LOCAL_RANK: 0 - CUDA_VISIBLE_DEVICES: [0]
[I 2023-11-30 12:43:54,898] Trial 77 finished with value: 63.49846267700195 and parameters: {'gradient_clip_val': 0.19397153388849928, 'hidden_size': 109, 'dropout': 0.17725795424344326, 'hidden_continuous_size': 17, 'attention_head_size': 4, 'learning_rate': 0.04663528266635167}. Best is trial 49 with value: 50.9202880859375.
LOCAL_RANK: 0 - CUDA_VISIBLE_DEVICES: [0]
[I 2023-11-30 12:44:09,049] Trial 78 finished with value: 71.18558502197266 and parameters: {'gradient_clip_val': 0.17107920202100707, 'hidden_size': 129, 'dropout': 0.19846043238770997, 'hidden_continuous_size': 19, 'attention_head_size': 1, 'learning_rate': 0.06240210546096972}. Best is trial 49 with value: 50.9202880859375.
LOCAL_RANK: 0 - CUDA_VISIBLE_DEVICES: [0]
[I 2023-11-30 12:44:22,445] Trial 79 finished with value: 55.98246765136719 and parameters: {'gradient_clip_val': 0.20606023701858678, 'hidden_size': 57, 'dropout': 0.15695064674186313, 'hidden_continuous_size': 22, 'attention_head_size': 2, 'learning_rate': 0.031517923648342897}. Best is trial 49 with value: 50.9202880859375.
LOCAL_RANK: 0 - CUDA_VISIBLE_DEVICES: [0]
[I 2023-11-30 12:44:35,841] Trial 80 finished with value: 77.5761489868164 and parameters: {'gradient_clip_val': 0.24351778821579442, 'hidden_size': 57, 'dropout': 0.1571854522089769, 'hidden_continuous_size': 22, 'attention_head_size': 4, 'learning_rate': 0.03129608834702263}. Best is trial 49 with value: 50.9202880859375.
LOCAL_RANK: 0 - CUDA_VISIBLE_DEVICES: [0]
[I 2023-11-30 12:44:49,002] Trial 81 finished with value: 64.38909149169922 and parameters: {'gradient_clip_val': 0.2058149566088856, 'hidden_size': 49, 'dropout': 0.16647486779341988, 'hidden_continuous_size': 23, 'attention_head_size': 2, 'learning_rate': 0.03997617447315885}. Best is trial 49 with value: 50.9202880859375.
LOCAL_RANK: 0 - CUDA_VISIBLE_DEVICES: [0]
[I 2023-11-30 12:45:02,918] Trial 82 finished with value: 71.06421661376953 and parameters: {'gradient_clip_val': 0.18177472641311285, 'hidden_size': 67, 'dropout': 0.14678400345315318, 'hidden_continuous_size': 25, 'attention_head_size': 2, 'learning_rate': 0.024126519070604865}. Best is trial 49 with value: 50.9202880859375.
LOCAL_RANK: 0 - CUDA_VISIBLE_DEVICES: [0]
[I 2023-11-30 12:45:16,571] Trial 83 finished with value: 58.56632995605469 and parameters: {'gradient_clip_val': 0.2250471690908863, 'hidden_size': 74, 'dropout': 0.18332793760944235, 'hidden_continuous_size': 21, 'attention_head_size': 2, 'learning_rate': 0.03368923414040154}. Best is trial 49 with value: 50.9202880859375.
LOCAL_RANK: 0 - CUDA_VISIBLE_DEVICES: [0]
[I 2023-11-30 12:45:30,082] Trial 84 finished with value: 63.32451248168945 and parameters: {'gradient_clip_val': 0.22144091690166057, 'hidden_size': 84, 'dropout': 0.1840171584222752, 'hidden_continuous_size': 21, 'attention_head_size': 2, 'learning_rate': 0.05068110189799348}. Best is trial 49 with value: 50.9202880859375.
LOCAL_RANK: 0 - CUDA_VISIBLE_DEVICES: [0]
[I 2023-11-30 12:45:43,602] Trial 85 finished with value: 61.67860412597656 and parameters: {'gradient_clip_val': 0.23729916762119874, 'hidden_size': 62, 'dropout': 0.16182667893993238, 'hidden_continuous_size': 23, 'attention_head_size': 2, 'learning_rate': 0.03338359062852614}. Best is trial 49 with value: 50.9202880859375.
LOCAL_RANK: 0 - CUDA_VISIBLE_DEVICES: [0]
[I 2023-11-30 12:45:57,007] Trial 86 finished with value: 87.5947036743164 and parameters: {'gradient_clip_val': 0.20532985398759668, 'hidden_size': 55, 'dropout': 0.1768448813158187, 'hidden_continuous_size': 22, 'attention_head_size': 2, 'learning_rate': 0.04425232031687368}. Best is trial 49 with value: 50.9202880859375.
LOCAL_RANK: 0 - CUDA_VISIBLE_DEVICES: [0]
[I 2023-11-30 12:46:11,033] Trial 87 finished with value: 82.09576416015625 and parameters: {'gradient_clip_val': 0.18969424557115747, 'hidden_size': 77, 'dropout': 0.1717420934197598, 'hidden_continuous_size': 20, 'attention_head_size': 3, 'learning_rate': 0.05631600283209489}. Best is trial 49 with value: 50.9202880859375.
LOCAL_RANK: 0 - CUDA_VISIBLE_DEVICES: [0]
[I 2023-11-30 12:46:24,058] Trial 88 finished with value: 69.97454071044922 and parameters: {'gradient_clip_val': 0.2521919654617279, 'hidden_size': 46, 'dropout': 0.18589352759607627, 'hidden_continuous_size': 21, 'attention_head_size': 1, 'learning_rate': 0.03765420291930823}. Best is trial 49 with value: 50.9202880859375.
LOCAL_RANK: 0 - CUDA_VISIBLE_DEVICES: [0]
[I 2023-11-30 12:46:37,312] Trial 89 finished with value: 77.96286010742188 and parameters: {'gradient_clip_val': 0.22478743316785085, 'hidden_size': 52, 'dropout': 0.20231802057802167, 'hidden_continuous_size': 24, 'attention_head_size': 2, 'learning_rate': 0.030319445943520207}. Best is trial 49 with value: 50.9202880859375.
LOCAL_RANK: 0 - CUDA_VISIBLE_DEVICES: [0]
[I 2023-11-30 12:46:50,774] Trial 90 finished with value: 62.47101974487305 and parameters: {'gradient_clip_val': 0.21636101535897428, 'hidden_size': 66, 'dropout': 0.22133748116763816, 'hidden_continuous_size': 19, 'attention_head_size': 1, 'learning_rate': 0.06457010205862582}. Best is trial 49 with value: 50.9202880859375.
LOCAL_RANK: 0 - CUDA_VISIBLE_DEVICES: [0]
