[I 2023-11-29 23:09:08,998] Trial 56 finished with value: 0.09058360010385513 and parameters: {'gradient_clip_val': 0.4081827565814826, 'hidden_size': 44, 'dropout': 0.3077688130947762, 'hidden_continuous_size': 29, 'attention_head_size': 3, 'learning_rate': 0.029737283449799697}. Best is trial 54 with value: 0.07371172308921814.
LOCAL_RANK: 0 - CUDA_VISIBLE_DEVICES: [0]
[I 2023-11-29 23:09:22,235] Trial 57 finished with value: 0.10763593763113022 and parameters: {'gradient_clip_val': 0.24352670751403838, 'hidden_size': 43, 'dropout': 0.29111690023203907, 'hidden_continuous_size': 29, 'attention_head_size': 3, 'learning_rate': 0.025962419698656192}. Best is trial 54 with value: 0.07371172308921814.
LOCAL_RANK: 0 - CUDA_VISIBLE_DEVICES: [0]
[I 2023-11-29 23:09:35,597] Trial 58 finished with value: 0.09455304592847824 and parameters: {'gradient_clip_val': 0.3961338698428039, 'hidden_size': 51, 'dropout': 0.3027311240869686, 'hidden_continuous_size': 25, 'attention_head_size': 3, 'learning_rate': 0.0887159968427924}. Best is trial 54 with value: 0.07371172308921814.
LOCAL_RANK: 0 - CUDA_VISIBLE_DEVICES: [0]
[I 2023-11-29 23:09:49,126] Trial 59 finished with value: 0.11794085055589676 and parameters: {'gradient_clip_val': 0.395397984303874, 'hidden_size': 50, 'dropout': 0.3071277763003729, 'hidden_continuous_size': 25, 'attention_head_size': 4, 'learning_rate': 0.0985272519083495}. Best is trial 54 with value: 0.07371172308921814.
LOCAL_RANK: 0 - CUDA_VISIBLE_DEVICES: [0]
[I 2023-11-29 23:10:02,408] Trial 60 finished with value: 0.13757146894931793 and parameters: {'gradient_clip_val': 0.41575496416947993, 'hidden_size': 45, 'dropout': 0.2997335280834416, 'hidden_continuous_size': 27, 'attention_head_size': 3, 'learning_rate': 0.054688239770510995}. Best is trial 54 with value: 0.07371172308921814.
LOCAL_RANK: 0 - CUDA_VISIBLE_DEVICES: [0]
[I 2023-11-29 23:10:15,602] Trial 61 finished with value: 0.09240075200796127 and parameters: {'gradient_clip_val': 0.3254702899964498, 'hidden_size': 48, 'dropout': 0.31004785176218436, 'hidden_continuous_size': 20, 'attention_head_size': 3, 'learning_rate': 0.0819761704980714}. Best is trial 54 with value: 0.07371172308921814.
LOCAL_RANK: 0 - CUDA_VISIBLE_DEVICES: [0]
[I 2023-11-29 23:10:29,011] Trial 62 finished with value: 0.11723338812589645 and parameters: {'gradient_clip_val': 0.3908411639100766, 'hidden_size': 49, 'dropout': 0.2899203752355892, 'hidden_continuous_size': 24, 'attention_head_size': 3, 'learning_rate': 0.07967472349962026}. Best is trial 54 with value: 0.07371172308921814.
LOCAL_RANK: 0 - CUDA_VISIBLE_DEVICES: [0]
[I 2023-11-29 23:10:42,212] Trial 63 finished with value: 0.21526026725769043 and parameters: {'gradient_clip_val': 0.48751371861679965, 'hidden_size': 39, 'dropout': 0.31243691783821725, 'hidden_continuous_size': 20, 'attention_head_size': 3, 'learning_rate': 0.053688990984515926}. Best is trial 54 with value: 0.07371172308921814.
LOCAL_RANK: 0 - CUDA_VISIBLE_DEVICES: [0]
[I 2023-11-29 23:10:55,231] Trial 64 finished with value: 0.07489742338657379 and parameters: {'gradient_clip_val': 0.330602232625661, 'hidden_size': 44, 'dropout': 0.33011175498723716, 'hidden_continuous_size': 28, 'attention_head_size': 3, 'learning_rate': 0.08710584172546165}. Best is trial 54 with value: 0.07371172308921814.
LOCAL_RANK: 0 - CUDA_VISIBLE_DEVICES: [0]
[I 2023-11-29 23:11:08,101] Trial 65 finished with value: 0.1334204524755478 and parameters: {'gradient_clip_val': 0.2860552470032229, 'hidden_size': 44, 'dropout': 0.32789728954160396, 'hidden_continuous_size': 29, 'attention_head_size': 3, 'learning_rate': 0.08400858772884251}. Best is trial 54 with value: 0.07371172308921814.
LOCAL_RANK: 0 - CUDA_VISIBLE_DEVICES: [0]
[I 2023-11-29 23:11:21,301] Trial 66 finished with value: 0.07797109335660934 and parameters: {'gradient_clip_val': 0.33280223693559324, 'hidden_size': 37, 'dropout': 0.31814490725338673, 'hidden_continuous_size': 28, 'attention_head_size': 3, 'learning_rate': 0.0897732939983319}. Best is trial 54 with value: 0.07371172308921814.
LOCAL_RANK: 0 - CUDA_VISIBLE_DEVICES: [0]
[I 2023-11-29 23:11:34,371] Trial 67 finished with value: 0.21588923037052155 and parameters: {'gradient_clip_val': 0.33656005018964136, 'hidden_size': 34, 'dropout': 0.3149900709356693, 'hidden_continuous_size': 28, 'attention_head_size': 3, 'learning_rate': 0.09364010026661647}. Best is trial 54 with value: 0.07371172308921814.
LOCAL_RANK: 0 - CUDA_VISIBLE_DEVICES: [0]
[I 2023-11-29 23:11:47,390] Trial 68 finished with value: 0.11191544681787491 and parameters: {'gradient_clip_val': 0.3101777923131063, 'hidden_size': 39, 'dropout': 0.3289716535448666, 'hidden_continuous_size': 31, 'attention_head_size': 4, 'learning_rate': 0.041579525560665985}. Best is trial 54 with value: 0.07371172308921814.
LOCAL_RANK: 0 - CUDA_VISIBLE_DEVICES: [0]
[I 2023-11-29 23:12:00,740] Trial 69 finished with value: 0.24766530096530914 and parameters: {'gradient_clip_val': 0.2754003721585934, 'hidden_size': 46, 'dropout': 0.29522012151475063, 'hidden_continuous_size': 33, 'attention_head_size': 3, 'learning_rate': 0.059137372870987526}. Best is trial 54 with value: 0.07371172308921814.
LOCAL_RANK: 0 - CUDA_VISIBLE_DEVICES: [0]
[I 2023-11-29 23:12:13,659] Trial 70 finished with value: 0.09586707502603531 and parameters: {'gradient_clip_val': 0.3309272043128808, 'hidden_size': 36, 'dropout': 0.3235030447670024, 'hidden_continuous_size': 26, 'attention_head_size': 3, 'learning_rate': 0.07277087138185377}. Best is trial 54 with value: 0.07371172308921814.
LOCAL_RANK: 0 - CUDA_VISIBLE_DEVICES: [0]
[I 2023-11-29 23:12:27,244] Trial 71 finished with value: 0.09104547649621964 and parameters: {'gradient_clip_val': 0.37962891047500735, 'hidden_size': 51, 'dropout': 0.3044547095737456, 'hidden_continuous_size': 30, 'attention_head_size': 3, 'learning_rate': 0.08783758115996296}. Best is trial 54 with value: 0.07371172308921814.
LOCAL_RANK: 0 - CUDA_VISIBLE_DEVICES: [0]
[I 2023-11-29 23:12:40,431] Trial 72 finished with value: 0.11853621155023575 and parameters: {'gradient_clip_val': 0.34146459854152345, 'hidden_size': 41, 'dropout': 0.2809469404127918, 'hidden_continuous_size': 31, 'attention_head_size': 3, 'learning_rate': 0.07567387020774756}. Best is trial 54 with value: 0.07371172308921814.
LOCAL_RANK: 0 - CUDA_VISIBLE_DEVICES: [0]
[I 2023-11-29 23:12:53,798] Trial 73 finished with value: 0.10370684415102005 and parameters: {'gradient_clip_val': 0.378546844469621, 'hidden_size': 48, 'dropout': 0.30846821372700584, 'hidden_continuous_size': 35, 'attention_head_size': 3, 'learning_rate': 0.09987325505300271}. Best is trial 54 with value: 0.07371172308921814.
LOCAL_RANK: 0 - CUDA_VISIBLE_DEVICES: [0]
[I 2023-11-29 23:13:07,416] Trial 74 finished with value: 0.09345093369483948 and parameters: {'gradient_clip_val': 0.29663283332963686, 'hidden_size': 53, 'dropout': 0.3186768604034534, 'hidden_continuous_size': 33, 'attention_head_size': 3, 'learning_rate': 0.08568395713300658}. Best is trial 54 with value: 0.07371172308921814.
LOCAL_RANK: 0 - CUDA_VISIBLE_DEVICES: [0]
[I 2023-11-29 23:13:20,792] Trial 75 finished with value: 0.12222975492477417 and parameters: {'gradient_clip_val': 0.4227656624907163, 'hidden_size': 43, 'dropout': 0.3321088465955361, 'hidden_continuous_size': 30, 'attention_head_size': 3, 'learning_rate': 0.04932953037676687}. Best is trial 54 with value: 0.07371172308921814.
LOCAL_RANK: 0 - CUDA_VISIBLE_DEVICES: [0]
[I 2023-11-29 23:13:34,493] Trial 76 finished with value: 0.1235397681593895 and parameters: {'gradient_clip_val': 0.3281315236574239, 'hidden_size': 62, 'dropout': 0.3094502167789202, 'hidden_continuous_size': 38, 'attention_head_size': 3, 'learning_rate': 0.0685793830244781}. Best is trial 54 with value: 0.07371172308921814.
LOCAL_RANK: 0 - CUDA_VISIBLE_DEVICES: [0]
[I 2023-11-29 23:13:48,349] Trial 77 finished with value: 0.11227196455001831 and parameters: {'gradient_clip_val': 0.3804201908492582, 'hidden_size': 55, 'dropout': 0.28610952884614627, 'hidden_continuous_size': 41, 'attention_head_size': 4, 'learning_rate': 0.06230568736672376}. Best is trial 54 with value: 0.07371172308921814.
LOCAL_RANK: 0 - CUDA_VISIBLE_DEVICES: [0]
[I 2023-11-29 23:14:01,778] Trial 78 finished with value: 0.15019701421260834 and parameters: {'gradient_clip_val': 0.4347669755507439, 'hidden_size': 47, 'dropout': 0.2983959654306812, 'hidden_continuous_size': 32, 'attention_head_size': 3, 'learning_rate': 0.05625535688389433}. Best is trial 54 with value: 0.07371172308921814.
LOCAL_RANK: 0 - CUDA_VISIBLE_DEVICES: [0]
[I 2023-11-29 23:14:14,842] Trial 79 finished with value: 0.11075175553560257 and parameters: {'gradient_clip_val': 0.31613322732293225, 'hidden_size': 38, 'dropout': 0.32013019586657465, 'hidden_continuous_size': 28, 'attention_head_size': 3, 'learning_rate': 0.08504486025836078}. Best is trial 54 with value: 0.07371172308921814.
LOCAL_RANK: 0 - CUDA_VISIBLE_DEVICES: [0]
[I 2023-11-29 23:14:28,345] Trial 80 finished with value: 0.2169925570487976 and parameters: {'gradient_clip_val': 0.35116876646078377, 'hidden_size': 50, 'dropout': 0.30216687104817325, 'hidden_continuous_size': 23, 'attention_head_size': 3, 'learning_rate': 0.0720723113389163}. Best is trial 54 with value: 0.07371172308921814.
LOCAL_RANK: 0 - CUDA_VISIBLE_DEVICES: [0]
[I 2023-11-29 23:14:41,966] Trial 81 finished with value: 0.0667237937450409 and parameters: {'gradient_clip_val': 0.2963019181473094, 'hidden_size': 54, 'dropout': 0.324040311546239, 'hidden_continuous_size': 33, 'attention_head_size': 3, 'learning_rate': 0.08161501763034684}. Best is trial 81 with value: 0.0667237937450409.
LOCAL_RANK: 0 - CUDA_VISIBLE_DEVICES: [0]
[I 2023-11-29 23:14:55,331] Trial 82 finished with value: 0.09522682428359985 and parameters: {'gradient_clip_val': 0.28992250883519166, 'hidden_size': 54, 'dropout': 0.3365198382862912, 'hidden_continuous_size': 30, 'attention_head_size': 3, 'learning_rate': 0.07920604198128875}. Best is trial 81 with value: 0.0667237937450409.
LOCAL_RANK: 0 - CUDA_VISIBLE_DEVICES: [0]
[I 2023-11-29 23:15:08,420] Trial 83 finished with value: 0.0992257297039032 and parameters: {'gradient_clip_val': 0.30755177340938245, 'hidden_size': 44, 'dropout': 0.3161255371059206, 'hidden_continuous_size': 29, 'attention_head_size': 3, 'learning_rate': 0.09105268447013437}. Best is trial 81 with value: 0.0667237937450409.
LOCAL_RANK: 0 - CUDA_VISIBLE_DEVICES: [0]
[I 2023-11-29 23:15:21,645] Trial 84 finished with value: 0.17352139949798584 and parameters: {'gradient_clip_val': 0.35164011667785133, 'hidden_size': 41, 'dropout': 0.3407080072912184, 'hidden_continuous_size': 32, 'attention_head_size': 3, 'learning_rate': 0.06413570540538041}. Best is trial 81 with value: 0.0667237937450409.
LOCAL_RANK: 0 - CUDA_VISIBLE_DEVICES: [0]
[I 2023-11-29 23:15:35,491] Trial 85 finished with value: 0.20042383670806885 and parameters: {'gradient_clip_val': 0.26112955413045635, 'hidden_size': 61, 'dropout': 0.350191870089196, 'hidden_continuous_size': 36, 'attention_head_size': 3, 'learning_rate': 0.05005668616230947}. Best is trial 81 with value: 0.0667237937450409.
LOCAL_RANK: 0 - CUDA_VISIBLE_DEVICES: [0]
[I 2023-11-29 23:15:49,229] Trial 86 finished with value: 0.15831652283668518 and parameters: {'gradient_clip_val': 0.37569033942633384, 'hidden_size': 56, 'dropout': 0.32981766242161004, 'hidden_continuous_size': 42, 'attention_head_size': 3, 'learning_rate': 0.07087186073125495}. Best is trial 81 with value: 0.0667237937450409.
LOCAL_RANK: 0 - CUDA_VISIBLE_DEVICES: [0]
[I 2023-11-29 23:16:03,259] Trial 87 finished with value: 0.10226257890462875 and parameters: {'gradient_clip_val': 0.32170197423059244, 'hidden_size': 67, 'dropout': 0.29518889742632226, 'hidden_continuous_size': 46, 'attention_head_size': 4, 'learning_rate': 0.09884615850435548}. Best is trial 81 with value: 0.0667237937450409.
LOCAL_RANK: 0 - CUDA_VISIBLE_DEVICES: [0]
[I 2023-11-29 23:16:16,412] Trial 88 finished with value: 0.08387529104948044 and parameters: {'gradient_clip_val': 0.28033578408679155, 'hidden_size': 47, 'dropout': 0.26638999451685547, 'hidden_continuous_size': 27, 'attention_head_size': 3, 'learning_rate': 0.04384062274880982}. Best is trial 81 with value: 0.0667237937450409.
LOCAL_RANK: 0 - CUDA_VISIBLE_DEVICES: [0]
[I 2023-11-29 23:16:29,686] Trial 89 finished with value: 0.12456625699996948 and parameters: {'gradient_clip_val': 0.2771100114560689, 'hidden_size': 52, 'dropout': 0.2668375487261053, 'hidden_continuous_size': 27, 'attention_head_size': 3, 'learning_rate': 0.03630803602702986}. Best is trial 81 with value: 0.0667237937450409.
LOCAL_RANK: 0 - CUDA_VISIBLE_DEVICES: [0]
[I 2023-11-29 23:16:43,043] Trial 90 finished with value: 0.085450179874897 and parameters: {'gradient_clip_val': 0.24819092325388378, 'hidden_size': 46, 'dropout': 0.27709231073431323, 'hidden_continuous_size': 28, 'attention_head_size': 2, 'learning_rate': 0.04337672966974284}. Best is trial 81 with value: 0.0667237937450409.
LOCAL_RANK: 0 - CUDA_VISIBLE_DEVICES: [0]
[I 2023-11-29 23:16:56,126] Trial 91 finished with value: 0.09869978576898575 and parameters: {'gradient_clip_val': 0.2942621944548229, 'hidden_size': 46, 'dropout': 0.2805559090182411, 'hidden_continuous_size': 28, 'attention_head_size': 2, 'learning_rate': 0.031103479056804124}. Best is trial 81 with value: 0.0667237937450409.
LOCAL_RANK: 0 - CUDA_VISIBLE_DEVICES: [0]
[I 2023-11-29 23:17:09,134] Trial 92 finished with value: 0.19686172902584076 and parameters: {'gradient_clip_val': 0.26904611925273536, 'hidden_size': 41, 'dropout': 0.27228848627703045, 'hidden_continuous_size': 26, 'attention_head_size': 2, 'learning_rate': 0.04412898089428461}. Best is trial 81 with value: 0.0667237937450409.
LOCAL_RANK: 0 - CUDA_VISIBLE_DEVICES: [0]
[I 2023-11-29 23:17:21,921] Trial 93 finished with value: 0.16513459384441376 and parameters: {'gradient_clip_val': 0.2415550079821827, 'hidden_size': 36, 'dropout': 0.2865733730953872, 'hidden_continuous_size': 30, 'attention_head_size': 2, 'learning_rate': 0.03781225638643979}. Best is trial 81 with value: 0.0667237937450409.
LOCAL_RANK: 0 - CUDA_VISIBLE_DEVICES: [0]
[I 2023-11-29 23:17:35,465] Trial 94 finished with value: 0.10041307657957077 and parameters: {'gradient_clip_val': 0.2572746032834758, 'hidden_size': 58, 'dropout': 0.26113120406110596, 'hidden_continuous_size': 25, 'attention_head_size': 2, 'learning_rate': 0.048535952100409736}. Best is trial 81 with value: 0.0667237937450409.
LOCAL_RANK: 0 - CUDA_VISIBLE_DEVICES: [0]
[I 2023-11-29 23:17:48,829] Trial 95 finished with value: 0.18334151804447174 and parameters: {'gradient_clip_val': 0.30300448023797777, 'hidden_size': 50, 'dropout': 0.3034065241287326, 'hidden_continuous_size': 29, 'attention_head_size': 2, 'learning_rate': 0.05784518025229783}. Best is trial 81 with value: 0.0667237937450409.
LOCAL_RANK: 0 - CUDA_VISIBLE_DEVICES: [0]
[I 2023-11-29 23:18:02,038] Trial 96 finished with value: 0.1668492704629898 and parameters: {'gradient_clip_val': 0.22859248962601975, 'hidden_size': 44, 'dropout': 0.2947373166420958, 'hidden_continuous_size': 31, 'attention_head_size': 3, 'learning_rate': 0.04097232126678278}. Best is trial 81 with value: 0.0667237937450409.
LOCAL_RANK: 0 - CUDA_VISIBLE_DEVICES: [0]
[I 2023-11-29 23:18:15,692] Trial 97 finished with value: 0.09153763204813004 and parameters: {'gradient_clip_val': 0.3498560642157916, 'hidden_size': 54, 'dropout': 0.32579147879111725, 'hidden_continuous_size': 34, 'attention_head_size': 2, 'learning_rate': 0.051944364874831464}. Best is trial 81 with value: 0.0667237937450409.
LOCAL_RANK: 0 - CUDA_VISIBLE_DEVICES: [0]
[I 2023-11-29 23:18:29,266] Trial 98 finished with value: 0.21633021533489227 and parameters: {'gradient_clip_val': 0.2858729114848392, 'hidden_size': 64, 'dropout': 0.3208582833575732, 'hidden_continuous_size': 24, 'attention_head_size': 3, 'learning_rate': 0.06767994344760109}. Best is trial 81 with value: 0.0667237937450409.
LOCAL_RANK: 0 - CUDA_VISIBLE_DEVICES: [0]
[I 2023-11-29 23:18:42,836] Trial 99 finished with value: 0.12755990028381348 and parameters: {'gradient_clip_val': 0.36405088669477037, 'hidden_size': 59, 'dropout': 0.30542383723127065, 'hidden_continuous_size': 27, 'attention_head_size': 2, 'learning_rate': 0.026274054553315968}. Best is trial 81 with value: 0.0667237937450409.
LOCAL_RANK: 0 - CUDA_VISIBLE_DEVICES: [0]
[I 2023-11-29 23:18:56,188] Trial 100 finished with value: 0.10423354059457779 and parameters: {'gradient_clip_val': 0.39347535518749027, 'hidden_size': 47, 'dropout': 0.31456811077450186, 'hidden_continuous_size': 28, 'attention_head_size': 3, 'learning_rate': 0.023597323124048275}. Best is trial 81 with value: 0.0667237937450409.
LOCAL_RANK: 0 - CUDA_VISIBLE_DEVICES: [0]
[I 2023-11-29 23:19:09,963] Trial 101 finished with value: 0.08811651915311813 and parameters: {'gradient_clip_val': 0.344893531649076, 'hidden_size': 55, 'dropout': 0.3256322455772026, 'hidden_continuous_size': 34, 'attention_head_size': 2, 'learning_rate': 0.05223793838811515}. Best is trial 81 with value: 0.0667237937450409.
LOCAL_RANK: 0 - CUDA_VISIBLE_DEVICES: [0]
[I 2023-11-29 23:19:23,221] Trial 102 finished with value: 0.08647096902132034 and parameters: {'gradient_clip_val': 0.3425059944316168, 'hidden_size': 56, 'dropout': 0.34132305232789717, 'hidden_continuous_size': 26, 'attention_head_size': 2, 'learning_rate': 0.04380183855277152}. Best is trial 81 with value: 0.0667237937450409.
LOCAL_RANK: 0 - CUDA_VISIBLE_DEVICES: [0]
[I 2023-11-29 23:19:36,447] Trial 103 finished with value: 0.08213455229997635 and parameters: {'gradient_clip_val': 0.3323797826505271, 'hidden_size': 56, 'dropout': 0.33291946064642225, 'hidden_continuous_size': 26, 'attention_head_size': 2, 'learning_rate': 0.041212309511811915}. Best is trial 81 with value: 0.0667237937450409.
LOCAL_RANK: 0 - CUDA_VISIBLE_DEVICES: [0]
[I 2023-11-29 23:19:49,626] Trial 104 finished with value: 0.12380676716566086 and parameters: {'gradient_clip_val': 0.3383506887493872, 'hidden_size': 56, 'dropout': 0.3415718707754148, 'hidden_continuous_size': 26, 'attention_head_size': 2, 'learning_rate': 0.04445158241332289}. Best is trial 81 with value: 0.0667237937450409.
LOCAL_RANK: 0 - CUDA_VISIBLE_DEVICES: [0]
[I 2023-11-29 23:20:03,215] Trial 105 finished with value: 0.12502478063106537 and parameters: {'gradient_clip_val': 0.30384904640572125, 'hidden_size': 66, 'dropout': 0.3467440435167365, 'hidden_continuous_size': 25, 'attention_head_size': 2, 'learning_rate': 0.03863294916178229}. Best is trial 81 with value: 0.0667237937450409.
LOCAL_RANK: 0 - CUDA_VISIBLE_DEVICES: [0]
[I 2023-11-29 23:20:16,868] Trial 106 finished with value: 0.13397319614887238 and parameters: {'gradient_clip_val': 0.3328388240838006, 'hidden_size': 60, 'dropout': 0.3317328948300621, 'hidden_continuous_size': 23, 'attention_head_size': 2, 'learning_rate': 0.0325654017489119}. Best is trial 81 with value: 0.0667237937450409.
LOCAL_RANK: 0 - CUDA_VISIBLE_DEVICES: [0]
[I 2023-11-29 23:20:30,189] Trial 107 finished with value: 0.1000114157795906 and parameters: {'gradient_clip_val': 0.3126408545241948, 'hidden_size': 55, 'dropout': 0.3370953094998302, 'hidden_continuous_size': 26, 'attention_head_size': 2, 'learning_rate': 0.03543024710527548}. Best is trial 81 with value: 0.0667237937450409.
LOCAL_RANK: 0 - CUDA_VISIBLE_DEVICES: [0]
[I 2023-11-29 23:20:43,996] Trial 108 finished with value: 0.22428388893604279 and parameters: {'gradient_clip_val': 0.24791638707016422, 'hidden_size': 69, 'dropout': 0.32541900483112657, 'hidden_continuous_size': 33, 'attention_head_size': 2, 'learning_rate': 0.05970048274921648}. Best is trial 81 with value: 0.0667237937450409.
LOCAL_RANK: 0 - CUDA_VISIBLE_DEVICES: [0]
[I 2023-11-29 23:20:57,336] Trial 109 finished with value: 0.17388993501663208 and parameters: {'gradient_clip_val': 0.27893592541035583, 'hidden_size': 64, 'dropout': 0.3540111314946181, 'hidden_continuous_size': 24, 'attention_head_size': 2, 'learning_rate': 0.04240165135471765}. Best is trial 81 with value: 0.0667237937450409.
LOCAL_RANK: 0 - CUDA_VISIBLE_DEVICES: [0]
[I 2023-11-29 23:21:10,583] Trial 110 finished with value: 0.19018669426441193 and parameters: {'gradient_clip_val': 0.2912102717875654, 'hidden_size': 52, 'dropout': 0.34374298662487607, 'hidden_continuous_size': 27, 'attention_head_size': 2, 'learning_rate': 0.04728654030741246}. Best is trial 81 with value: 0.0667237937450409.
LOCAL_RANK: 0 - CUDA_VISIBLE_DEVICES: [0]
[I 2023-11-29 23:21:24,087] Trial 111 finished with value: 0.1569463461637497 and parameters: {'gradient_clip_val': 0.36073533120425766, 'hidden_size': 49, 'dropout': 0.3194563813258093, 'hidden_continuous_size': 29, 'attention_head_size': 2, 'learning_rate': 0.03350910020814106}. Best is trial 81 with value: 0.0667237937450409.
LOCAL_RANK: 0 - CUDA_VISIBLE_DEVICES: [0]
[I 2023-11-29 23:21:37,210] Trial 112 finished with value: 0.2020200490951538 and parameters: {'gradient_clip_val': 0.40977052523611857, 'hidden_size': 45, 'dropout': 0.33225869872359054, 'hidden_continuous_size': 28, 'attention_head_size': 2, 'learning_rate': 0.05350289985933358}. Best is trial 81 with value: 0.0667237937450409.
LOCAL_RANK: 0 - CUDA_VISIBLE_DEVICES: [0]
[I 2023-11-29 23:21:50,766] Trial 113 finished with value: 0.2295738309621811 and parameters: {'gradient_clip_val': 0.3218324070469063, 'hidden_size': 61, 'dropout': 0.3139112978633159, 'hidden_continuous_size': 25, 'attention_head_size': 2, 'learning_rate': 0.029382035071135078}. Best is trial 81 with value: 0.0667237937450409.
LOCAL_RANK: 0 - CUDA_VISIBLE_DEVICES: [0]
