[I 2023-11-30 01:06:15,247] Trial 126 finished with value: 0.08940214663743973 and parameters: {'gradient_clip_val': 0.7422483164131853, 'hidden_size': 51, 'dropout': 0.1206509230161804, 'hidden_continuous_size': 23, 'attention_head_size': 3, 'learning_rate': 0.0217922655922063}. Best is trial 64 with value: 0.07061037421226501.
LOCAL_RANK: 0 - CUDA_VISIBLE_DEVICES: [0]
[I 2023-11-30 01:06:28,829] Trial 127 finished with value: 0.12694743275642395 and parameters: {'gradient_clip_val': 0.6976864141531449, 'hidden_size': 62, 'dropout': 0.11895812745178923, 'hidden_continuous_size': 23, 'attention_head_size': 3, 'learning_rate': 0.021972441157112853}. Best is trial 64 with value: 0.07061037421226501.
LOCAL_RANK: 0 - CUDA_VISIBLE_DEVICES: [0]
[I 2023-11-30 01:06:42,022] Trial 128 finished with value: 0.15340790152549744 and parameters: {'gradient_clip_val': 0.7411593195364016, 'hidden_size': 51, 'dropout': 0.10771944267472339, 'hidden_continuous_size': 22, 'attention_head_size': 2, 'learning_rate': 0.028954579767570803}. Best is trial 64 with value: 0.07061037421226501.
LOCAL_RANK: 0 - CUDA_VISIBLE_DEVICES: [0]
[I 2023-11-30 01:06:55,685] Trial 129 finished with value: 0.12865324318408966 and parameters: {'gradient_clip_val': 0.7787927860628627, 'hidden_size': 55, 'dropout': 0.1139291933767797, 'hidden_continuous_size': 24, 'attention_head_size': 4, 'learning_rate': 0.025868612116786354}. Best is trial 64 with value: 0.07061037421226501.
LOCAL_RANK: 0 - CUDA_VISIBLE_DEVICES: [0]
[I 2023-11-30 01:07:09,287] Trial 130 finished with value: 0.06443396955728531 and parameters: {'gradient_clip_val': 0.6763152674490291, 'hidden_size': 65, 'dropout': 0.12530455063094004, 'hidden_continuous_size': 20, 'attention_head_size': 3, 'learning_rate': 0.05767628561723289}. Best is trial 130 with value: 0.06443396955728531.
LOCAL_RANK: 0 - CUDA_VISIBLE_DEVICES: [0]
[I 2023-11-30 01:07:22,951] Trial 131 finished with value: 0.23689168691635132 and parameters: {'gradient_clip_val': 0.6340026771434479, 'hidden_size': 66, 'dropout': 0.12547412286344717, 'hidden_continuous_size': 20, 'attention_head_size': 3, 'learning_rate': 0.056821415847629723}. Best is trial 130 with value: 0.06443396955728531.
LOCAL_RANK: 0 - CUDA_VISIBLE_DEVICES: [0]
[I 2023-11-30 01:07:36,519] Trial 132 finished with value: 0.17212869226932526 and parameters: {'gradient_clip_val': 0.6733143442388485, 'hidden_size': 58, 'dropout': 0.1181704180750412, 'hidden_continuous_size': 21, 'attention_head_size': 3, 'learning_rate': 0.04932303976920534}. Best is trial 130 with value: 0.06443396955728531.
LOCAL_RANK: 0 - CUDA_VISIBLE_DEVICES: [0]
[I 2023-11-30 01:07:50,218] Trial 133 finished with value: 0.10728499293327332 and parameters: {'gradient_clip_val': 0.7296716448848211, 'hidden_size': 61, 'dropout': 0.10421133870047286, 'hidden_continuous_size': 26, 'attention_head_size': 3, 'learning_rate': 0.06980098865558391}. Best is trial 130 with value: 0.06443396955728531.
LOCAL_RANK: 0 - CUDA_VISIBLE_DEVICES: [0]
[I 2023-11-30 01:08:03,691] Trial 134 finished with value: 0.12107627838850021 and parameters: {'gradient_clip_val': 0.7042833412040775, 'hidden_size': 51, 'dropout': 0.13005778324224343, 'hidden_continuous_size': 23, 'attention_head_size': 3, 'learning_rate': 0.038789977079182955}. Best is trial 130 with value: 0.06443396955728531.
LOCAL_RANK: 0 - CUDA_VISIBLE_DEVICES: [0]
[I 2023-11-30 01:08:16,974] Trial 135 finished with value: 0.10826393216848373 and parameters: {'gradient_clip_val': 0.6416603404511297, 'hidden_size': 48, 'dropout': 0.12243948942043648, 'hidden_continuous_size': 24, 'attention_head_size': 3, 'learning_rate': 0.0615685374223733}. Best is trial 130 with value: 0.06443396955728531.
LOCAL_RANK: 0 - CUDA_VISIBLE_DEVICES: [0]
[I 2023-11-30 01:08:30,433] Trial 136 finished with value: 0.23378342390060425 and parameters: {'gradient_clip_val': 0.6060166842885382, 'hidden_size': 54, 'dropout': 0.1354542787447406, 'hidden_continuous_size': 22, 'attention_head_size': 3, 'learning_rate': 0.08717716522990564}. Best is trial 130 with value: 0.06443396955728531.
LOCAL_RANK: 0 - CUDA_VISIBLE_DEVICES: [0]
[I 2023-11-30 01:08:43,308] Trial 137 finished with value: 0.13428328931331635 and parameters: {'gradient_clip_val': 0.7545297161811594, 'hidden_size': 36, 'dropout': 0.11276763687706091, 'hidden_continuous_size': 19, 'attention_head_size': 2, 'learning_rate': 0.07862424224715968}. Best is trial 130 with value: 0.06443396955728531.
LOCAL_RANK: 0 - CUDA_VISIBLE_DEVICES: [0]
[I 2023-11-30 01:08:57,059] Trial 138 finished with value: 0.10047320276498795 and parameters: {'gradient_clip_val': 0.6666486018728107, 'hidden_size': 73, 'dropout': 0.13729334218841366, 'hidden_continuous_size': 25, 'attention_head_size': 2, 'learning_rate': 0.04293492993408612}. Best is trial 130 with value: 0.06443396955728531.
LOCAL_RANK: 0 - CUDA_VISIBLE_DEVICES: [0]
[I 2023-11-30 01:09:11,097] Trial 139 finished with value: 0.1635415256023407 and parameters: {'gradient_clip_val': 0.8514041048279252, 'hidden_size': 78, 'dropout': 0.14590579753657337, 'hidden_continuous_size': 20, 'attention_head_size': 3, 'learning_rate': 0.020540017656917202}. Best is trial 130 with value: 0.06443396955728531.
LOCAL_RANK: 0 - CUDA_VISIBLE_DEVICES: [0]
[I 2023-11-30 01:09:24,533] Trial 140 finished with value: 0.15425007045269012 and parameters: {'gradient_clip_val': 0.3497764333439638, 'hidden_size': 64, 'dropout': 0.12752898724051218, 'hidden_continuous_size': 27, 'attention_head_size': 2, 'learning_rate': 0.052612980864049516}. Best is trial 130 with value: 0.06443396955728531.
LOCAL_RANK: 0 - CUDA_VISIBLE_DEVICES: [0]
[I 2023-11-30 01:09:37,511] Trial 141 finished with value: 0.10529673844575882 and parameters: {'gradient_clip_val': 0.5025625908040954, 'hidden_size': 44, 'dropout': 0.1205508094457708, 'hidden_continuous_size': 19, 'attention_head_size': 3, 'learning_rate': 0.03277857756546337}. Best is trial 130 with value: 0.06443396955728531.
LOCAL_RANK: 0 - CUDA_VISIBLE_DEVICES: [0]
[I 2023-11-30 01:09:50,562] Trial 142 finished with value: 0.10583788901567459 and parameters: {'gradient_clip_val': 0.5456165948198383, 'hidden_size': 39, 'dropout': 0.1051948071269525, 'hidden_continuous_size': 18, 'attention_head_size': 3, 'learning_rate': 0.03647310850488131}. Best is trial 130 with value: 0.06443396955728531.
LOCAL_RANK: 0 - CUDA_VISIBLE_DEVICES: [0]
[I 2023-11-30 01:10:03,775] Trial 143 finished with value: 0.1494346708059311 and parameters: {'gradient_clip_val': 0.5686246958110605, 'hidden_size': 47, 'dropout': 0.15445762028605686, 'hidden_continuous_size': 21, 'attention_head_size': 3, 'learning_rate': 0.028057020874966983}. Best is trial 130 with value: 0.06443396955728531.
LOCAL_RANK: 0 - CUDA_VISIBLE_DEVICES: [0]
[I 2023-11-30 01:10:16,907] Trial 144 finished with value: 0.0952526330947876 and parameters: {'gradient_clip_val': 0.469626000254141, 'hidden_size': 42, 'dropout': 0.11236852463423214, 'hidden_continuous_size': 10, 'attention_head_size': 3, 'learning_rate': 0.03018798174708068}. Best is trial 130 with value: 0.06443396955728531.
LOCAL_RANK: 0 - CUDA_VISIBLE_DEVICES: [0]
[I 2023-11-30 01:10:30,165] Trial 145 finished with value: 0.14271420240402222 and parameters: {'gradient_clip_val': 0.6190313294689956, 'hidden_size': 51, 'dropout': 0.13210014479560261, 'hidden_continuous_size': 25, 'attention_head_size': 3, 'learning_rate': 0.025338887102851152}. Best is trial 130 with value: 0.06443396955728531.
LOCAL_RANK: 0 - CUDA_VISIBLE_DEVICES: [0]
[I 2023-11-30 01:10:43,426] Trial 146 finished with value: 0.09299767017364502 and parameters: {'gradient_clip_val': 0.7044268721607799, 'hidden_size': 48, 'dropout': 0.14316980495401027, 'hidden_continuous_size': 24, 'attention_head_size': 3, 'learning_rate': 0.03899141508458421}. Best is trial 130 with value: 0.06443396955728531.
LOCAL_RANK: 0 - CUDA_VISIBLE_DEVICES: [0]
[I 2023-11-30 01:10:56,448] Trial 147 finished with value: 0.0872354730963707 and parameters: {'gradient_clip_val': 0.5912561030969484, 'hidden_size': 45, 'dropout': 0.12459452952845326, 'hidden_continuous_size': 11, 'attention_head_size': 3, 'learning_rate': 0.04765141439306854}. Best is trial 130 with value: 0.06443396955728531.
LOCAL_RANK: 0 - CUDA_VISIBLE_DEVICES: [0]
[I 2023-11-30 01:11:09,682] Trial 148 finished with value: 0.0852806568145752 and parameters: {'gradient_clip_val': 0.5870120851644807, 'hidden_size': 59, 'dropout': 0.11693834465923011, 'hidden_continuous_size': 13, 'attention_head_size': 2, 'learning_rate': 0.05988037447536455}. Best is trial 130 with value: 0.06443396955728531.
LOCAL_RANK: 0 - CUDA_VISIBLE_DEVICES: [0]
[I 2023-11-30 01:11:23,053] Trial 149 finished with value: 0.09481485933065414 and parameters: {'gradient_clip_val': 0.5845440781739689, 'hidden_size': 58, 'dropout': 0.10076220857009299, 'hidden_continuous_size': 13, 'attention_head_size': 2, 'learning_rate': 0.048149434363975}. Best is trial 130 with value: 0.06443396955728531.
[I 2023-11-30 01:11:23,165] A new study created in memory with name: no-name-face6b05-3f8e-42e0-8e2b-3e5c487ace56
/home/le004/conda/anaconda3/envs/tsff_env/lib/python3.9/site-packages/lightning/fabric/plugins/environments/slurm.py:191: The `srun` command is available on your system but is not used. HINT: If your intention is to run Lightning on SLURM, prepend your python command with `srun` like so: srun python /home/le004/master_thesis/git/TSFusionForecast/code/ ...
LOCAL_RANK: 0 - CUDA_VISIBLE_DEVICES: [0]
[I 2023-11-30 01:11:37,379] Trial 0 finished with value: 0.5191852450370789 and parameters: {'gradient_clip_val': 0.666453659488288, 'hidden_size': 131, 'dropout': 0.3923209338447309, 'hidden_continuous_size': 24, 'attention_head_size': 1, 'learning_rate': 0.0032330715529814884}. Best is trial 0 with value: 0.5191852450370789.
LOCAL_RANK: 0 - CUDA_VISIBLE_DEVICES: [0]
[I 2023-11-30 01:11:52,020] Trial 1 finished with value: 0.23653627932071686 and parameters: {'gradient_clip_val': 0.5653702885991371, 'hidden_size': 137, 'dropout': 0.2287844605601248, 'hidden_continuous_size': 91, 'attention_head_size': 1, 'learning_rate': 0.0025579058486704053}. Best is trial 1 with value: 0.23653627932071686.
LOCAL_RANK: 0 - CUDA_VISIBLE_DEVICES: [0]
[I 2023-11-30 01:12:04,285] Trial 2 finished with value: 2.82167911529541 and parameters: {'gradient_clip_val': 0.4143127817444403, 'hidden_size': 13, 'dropout': 0.10039015333655625, 'hidden_continuous_size': 11, 'attention_head_size': 1, 'learning_rate': 0.0041241885633263664}. Best is trial 1 with value: 0.23653627932071686.
LOCAL_RANK: 0 - CUDA_VISIBLE_DEVICES: [0]
[I 2023-11-30 01:12:17,124] Trial 3 finished with value: 0.2788448929786682 and parameters: {'gradient_clip_val': 0.21911086755172074, 'hidden_size': 34, 'dropout': 0.2759390136405183, 'hidden_continuous_size': 13, 'attention_head_size': 3, 'learning_rate': 0.02570317632323501}. Best is trial 1 with value: 0.23653627932071686.
LOCAL_RANK: 0 - CUDA_VISIBLE_DEVICES: [0]
[I 2023-11-30 01:12:31,081] Trial 4 finished with value: 0.36092090606689453 and parameters: {'gradient_clip_val': 0.7544150856507564, 'hidden_size': 105, 'dropout': 0.24854269566896448, 'hidden_continuous_size': 14, 'attention_head_size': 1, 'learning_rate': 0.00466162348292418}. Best is trial 1 with value: 0.23653627932071686.
LOCAL_RANK: 0 - CUDA_VISIBLE_DEVICES: [0]
[I 2023-11-30 01:12:44,772] Trial 5 finished with value: 1.3930326700210571 and parameters: {'gradient_clip_val': 0.10415672690916858, 'hidden_size': 75, 'dropout': 0.37725255683841796, 'hidden_continuous_size': 24, 'attention_head_size': 2, 'learning_rate': 0.001310016923375045}. Best is trial 1 with value: 0.23653627932071686.
LOCAL_RANK: 0 - CUDA_VISIBLE_DEVICES: [0]
[I 2023-11-30 01:12:58,142] Trial 6 finished with value: 0.13298755884170532 and parameters: {'gradient_clip_val': 0.4151927302260554, 'hidden_size': 44, 'dropout': 0.22133174497204794, 'hidden_continuous_size': 39, 'attention_head_size': 3, 'learning_rate': 0.09840786385717933}. Best is trial 6 with value: 0.13298755884170532.
LOCAL_RANK: 0 - CUDA_VISIBLE_DEVICES: [0]
[I 2023-11-30 01:13:10,545] Trial 7 finished with value: 0.25218334794044495 and parameters: {'gradient_clip_val': 0.10856393991433412, 'hidden_size': 18, 'dropout': 0.25066573029039685, 'hidden_continuous_size': 10, 'attention_head_size': 1, 'learning_rate': 0.03525608700882698}. Best is trial 6 with value: 0.13298755884170532.
LOCAL_RANK: 0 - CUDA_VISIBLE_DEVICES: [0]
[I 2023-11-30 01:13:24,886] Trial 8 finished with value: 0.26162806153297424 and parameters: {'gradient_clip_val': 0.9734018676152477, 'hidden_size': 79, 'dropout': 0.3313513000871814, 'hidden_continuous_size': 76, 'attention_head_size': 3, 'learning_rate': 0.007563994188045583}. Best is trial 6 with value: 0.13298755884170532.
LOCAL_RANK: 0 - CUDA_VISIBLE_DEVICES: [0]
[I 2023-11-30 01:13:39,516] Trial 9 finished with value: 0.17997495830059052 and parameters: {'gradient_clip_val': 0.16243673968610972, 'hidden_size': 142, 'dropout': 0.38257792531154744, 'hidden_continuous_size': 73, 'attention_head_size': 1, 'learning_rate': 0.09801453347973202}. Best is trial 6 with value: 0.13298755884170532.
LOCAL_RANK: 0 - CUDA_VISIBLE_DEVICES: [0]
[I 2023-11-30 01:13:53,057] Trial 10 finished with value: 0.22176134586334229 and parameters: {'gradient_clip_val': 0.34325172876834614, 'hidden_size': 42, 'dropout': 0.18129426985816835, 'hidden_continuous_size': 33, 'attention_head_size': 4, 'learning_rate': 0.09575760590973856}. Best is trial 6 with value: 0.13298755884170532.
LOCAL_RANK: 0 - CUDA_VISIBLE_DEVICES: [0]
[I 2023-11-30 01:14:06,789] Trial 11 finished with value: 0.14012408256530762 and parameters: {'gradient_clip_val': 0.205898668548878, 'hidden_size': 54, 'dropout': 0.31700733761478683, 'hidden_continuous_size': 46, 'attention_head_size': 2, 'learning_rate': 0.0801850296640243}. Best is trial 6 with value: 0.13298755884170532.
LOCAL_RANK: 0 - CUDA_VISIBLE_DEVICES: [0]
[I 2023-11-30 01:14:20,195] Trial 12 finished with value: 0.17796461284160614 and parameters: {'gradient_clip_val': 0.25757391462424495, 'hidden_size': 48, 'dropout': 0.3033036172628192, 'hidden_continuous_size': 41, 'attention_head_size': 2, 'learning_rate': 0.036053693370879915}. Best is trial 6 with value: 0.13298755884170532.
LOCAL_RANK: 0 - CUDA_VISIBLE_DEVICES: [0]
[I 2023-11-30 01:14:32,966] Trial 13 finished with value: 0.17854630947113037 and parameters: {'gradient_clip_val': 0.41338268744015255, 'hidden_size': 26, 'dropout': 0.32788437368836826, 'hidden_continuous_size': 10, 'attention_head_size': 4, 'learning_rate': 0.06486003896173377}. Best is trial 6 with value: 0.13298755884170532.
LOCAL_RANK: 0 - CUDA_VISIBLE_DEVICES: [0]
[I 2023-11-30 01:14:46,745] Trial 14 finished with value: 0.17421764135360718 and parameters: {'gradient_clip_val': 0.22209720034376215, 'hidden_size': 58, 'dropout': 0.21439343104434466, 'hidden_continuous_size': 40, 'attention_head_size': 3, 'learning_rate': 0.012249802094400391}. Best is trial 6 with value: 0.13298755884170532.
LOCAL_RANK: 0 - CUDA_VISIBLE_DEVICES: [0]
[I 2023-11-30 01:14:59,301] Trial 15 finished with value: 0.1523066759109497 and parameters: {'gradient_clip_val': 0.2991775752480855, 'hidden_size': 26, 'dropout': 0.18458090530866128, 'hidden_continuous_size': 12, 'attention_head_size': 2, 'learning_rate': 0.055604849032368044}. Best is trial 6 with value: 0.13298755884170532.
LOCAL_RANK: 0 - CUDA_VISIBLE_DEVICES: [0]
[I 2023-11-30 01:15:13,012] Trial 16 finished with value: 0.22810810804367065 and parameters: {'gradient_clip_val': 0.17085451935741683, 'hidden_size': 59, 'dropout': 0.3081443871690695, 'hidden_continuous_size': 44, 'attention_head_size': 3, 'learning_rate': 0.017391298800343447}. Best is trial 6 with value: 0.13298755884170532.
LOCAL_RANK: 0 - CUDA_VISIBLE_DEVICES: [0]
[I 2023-11-30 01:15:25,586] Trial 17 finished with value: 0.11438670009374619 and parameters: {'gradient_clip_val': 0.4746429469233294, 'hidden_size': 32, 'dropout': 0.27883539760090853, 'hidden_continuous_size': 16, 'attention_head_size': 2, 'learning_rate': 0.06266914268276237}. Best is trial 17 with value: 0.11438670009374619.
LOCAL_RANK: 0 - CUDA_VISIBLE_DEVICES: [0]
[I 2023-11-30 01:15:38,661] Trial 18 finished with value: 0.17980094254016876 and parameters: {'gradient_clip_val': 0.5037845461062869, 'hidden_size': 33, 'dropout': 0.2739299394196058, 'hidden_continuous_size': 16, 'attention_head_size': 4, 'learning_rate': 0.043999039688144864}. Best is trial 17 with value: 0.11438670009374619.
LOCAL_RANK: 0 - CUDA_VISIBLE_DEVICES: [0]
[I 2023-11-30 01:15:51,283] Trial 19 finished with value: 0.43142080307006836 and parameters: {'gradient_clip_val': 0.39063193413990105, 'hidden_size': 23, 'dropout': 0.19022361066045546, 'hidden_continuous_size': 11, 'attention_head_size': 3, 'learning_rate': 0.024962922968539455}. Best is trial 17 with value: 0.11438670009374619.
LOCAL_RANK: 0 - CUDA_VISIBLE_DEVICES: [0]
[I 2023-11-30 01:16:04,228] Trial 20 finished with value: 0.22752605378627777 and parameters: {'gradient_clip_val': 0.5004838340172023, 'hidden_size': 39, 'dropout': 0.14818951881431502, 'hidden_continuous_size': 17, 'attention_head_size': 2, 'learning_rate': 0.05665532304653458}. Best is trial 17 with value: 0.11438670009374619.
LOCAL_RANK: 0 - CUDA_VISIBLE_DEVICES: [0]
[I 2023-11-30 01:16:17,405] Trial 21 finished with value: 0.14144252240657806 and parameters: {'gradient_clip_val': 0.3179450714045034, 'hidden_size': 52, 'dropout': 0.2774369731181775, 'hidden_continuous_size': 20, 'attention_head_size': 2, 'learning_rate': 0.09821363218420057}. Best is trial 17 with value: 0.11438670009374619.
LOCAL_RANK: 0 - CUDA_VISIBLE_DEVICES: [0]
[I 2023-11-30 01:16:30,225] Trial 22 finished with value: 0.15869416296482086 and parameters: {'gradient_clip_val': 0.45676412160156865, 'hidden_size': 35, 'dropout': 0.3433870115180166, 'hidden_continuous_size': 14, 'attention_head_size': 2, 'learning_rate': 0.0670831347163702}. Best is trial 17 with value: 0.11438670009374619.
LOCAL_RANK: 0 - CUDA_VISIBLE_DEVICES: [0]
[I 2023-11-30 01:16:43,193] Trial 23 finished with value: 0.11038148403167725 and parameters: {'gradient_clip_val': 0.344939909035681, 'hidden_size': 44, 'dropout': 0.2928641139833722, 'hidden_continuous_size': 17, 'attention_head_size': 2, 'learning_rate': 0.07065584246360149}. Best is trial 23 with value: 0.11038148403167725.
LOCAL_RANK: 0 - CUDA_VISIBLE_DEVICES: [0]
[I 2023-11-30 01:16:56,160] Trial 24 finished with value: 0.1493038833141327 and parameters: {'gradient_clip_val': 0.3750764330717471, 'hidden_size': 30, 'dropout': 0.29564957085504673, 'hidden_continuous_size': 16, 'attention_head_size': 3, 'learning_rate': 0.04478224195723949}. Best is trial 23 with value: 0.11038148403167725.
LOCAL_RANK: 0 - CUDA_VISIBLE_DEVICES: [0]
[I 2023-11-30 01:17:09,253] Trial 25 finished with value: 0.1976305991411209 and parameters: {'gradient_clip_val': 0.28863791960538326, 'hidden_size': 43, 'dropout': 0.23864301870387422, 'hidden_continuous_size': 19, 'attention_head_size': 2, 'learning_rate': 0.06326217751516701}. Best is trial 23 with value: 0.11038148403167725.
LOCAL_RANK: 0 - CUDA_VISIBLE_DEVICES: [0]
[I 2023-11-30 01:17:21,732] Trial 26 finished with value: 0.42439618706703186 and parameters: {'gradient_clip_val': 0.5878753331566929, 'hidden_size': 19, 'dropout': 0.2687118333879456, 'hidden_continuous_size': 13, 'attention_head_size': 3, 'learning_rate': 0.029069281418055887}. Best is trial 23 with value: 0.11038148403167725.
LOCAL_RANK: 0 - CUDA_VISIBLE_DEVICES: [0]
[I 2023-11-30 01:17:34,680] Trial 27 finished with value: 0.2556229829788208 and parameters: {'gradient_clip_val': 0.34867324319621257, 'hidden_size': 39, 'dropout': 0.3515087569915848, 'hidden_continuous_size': 19, 'attention_head_size': 2, 'learning_rate': 0.01826281778146765}. Best is trial 23 with value: 0.11038148403167725.
LOCAL_RANK: 0 - CUDA_VISIBLE_DEVICES: [0]
[I 2023-11-30 01:17:48,387] Trial 28 finished with value: 0.20130296051502228 and parameters: {'gradient_clip_val': 0.47328276233841265, 'hidden_size': 66, 'dropout': 0.2918487632954721, 'hidden_continuous_size': 27, 'attention_head_size': 3, 'learning_rate': 0.04766827154780092}. Best is trial 23 with value: 0.11038148403167725.
LOCAL_RANK: 0 - CUDA_VISIBLE_DEVICES: [0]
[I 2023-11-30 01:18:01,865] Trial 29 finished with value: 0.11032611131668091 and parameters: {'gradient_clip_val': 0.6303751366258675, 'hidden_size': 47, 'dropout': 0.2540097428134745, 'hidden_continuous_size': 22, 'attention_head_size': 4, 'learning_rate': 0.07055937491108841}. Best is trial 29 with value: 0.11032611131668091.
LOCAL_RANK: 0 - CUDA_VISIBLE_DEVICES: [0]
[I 2023-11-30 01:18:14,650] Trial 30 finished with value: 0.17381469905376434 and parameters: {'gradient_clip_val': 0.7077500219411208, 'hidden_size': 30, 'dropout': 0.26170980630686547, 'hidden_continuous_size': 15, 'attention_head_size': 4, 'learning_rate': 0.07042640626475173}. Best is trial 29 with value: 0.11032611131668091.
LOCAL_RANK: 0 - CUDA_VISIBLE_DEVICES: [0]
[I 2023-11-30 01:18:27,947] Trial 31 finished with value: 0.14014096558094025 and parameters: {'gradient_clip_val': 0.5709594792611898, 'hidden_size': 45, 'dropout': 0.22681878424593044, 'hidden_continuous_size': 22, 'attention_head_size': 4, 'learning_rate': 0.0795509121162065}. Best is trial 29 with value: 0.11032611131668091.
LOCAL_RANK: 0 - CUDA_VISIBLE_DEVICES: [0]
[I 2023-11-30 01:18:41,137] Trial 32 finished with value: 0.2310333102941513 and parameters: {'gradient_clip_val': 0.5661918217357637, 'hidden_size': 47, 'dropout': 0.28727199740851933, 'hidden_continuous_size': 17, 'attention_head_size': 4, 'learning_rate': 0.048794851366787}. Best is trial 29 with value: 0.11032611131668091.
LOCAL_RANK: 0 - CUDA_VISIBLE_DEVICES: [0]
