[I 2023-11-30 00:53:24,741] Trial 68 finished with value: 0.20586340129375458 and parameters: {'gradient_clip_val': 0.8453333019460209, 'hidden_size': 37, 'dropout': 0.10764096729397966, 'hidden_continuous_size': 22, 'attention_head_size': 2, 'learning_rate': 0.08146347729270013}. Best is trial 64 with value: 0.07061037421226501.
LOCAL_RANK: 0 - CUDA_VISIBLE_DEVICES: [0]
[I 2023-11-30 00:53:38,041] Trial 69 finished with value: 0.098332978785038 and parameters: {'gradient_clip_val': 0.9551089680792021, 'hidden_size': 50, 'dropout': 0.1401734263456865, 'hidden_continuous_size': 24, 'attention_head_size': 2, 'learning_rate': 0.05259651888205738}. Best is trial 64 with value: 0.07061037421226501.
LOCAL_RANK: 0 - CUDA_VISIBLE_DEVICES: [0]
[I 2023-11-30 00:53:51,577] Trial 70 finished with value: 0.11845027655363083 and parameters: {'gradient_clip_val': 0.7568819289492951, 'hidden_size': 58, 'dropout': 0.1627083188172898, 'hidden_continuous_size': 29, 'attention_head_size': 1, 'learning_rate': 0.07089701147136941}. Best is trial 64 with value: 0.07061037421226501.
LOCAL_RANK: 0 - CUDA_VISIBLE_DEVICES: [0]
[I 2023-11-30 00:54:04,749] Trial 71 finished with value: 0.08422230929136276 and parameters: {'gradient_clip_val': 0.6076752588871204, 'hidden_size': 42, 'dropout': 0.13209985154330134, 'hidden_continuous_size': 19, 'attention_head_size': 4, 'learning_rate': 0.0350199664190553}. Best is trial 64 with value: 0.07061037421226501.
LOCAL_RANK: 0 - CUDA_VISIBLE_DEVICES: [0]
[I 2023-11-30 00:54:17,916] Trial 72 finished with value: 0.13890095055103302 and parameters: {'gradient_clip_val': 0.6656783433095208, 'hidden_size': 41, 'dropout': 0.11809699030822157, 'hidden_continuous_size': 18, 'attention_head_size': 4, 'learning_rate': 0.040557419191284055}. Best is trial 64 with value: 0.07061037421226501.
LOCAL_RANK: 0 - CUDA_VISIBLE_DEVICES: [0]
[I 2023-11-30 00:54:31,436] Trial 73 finished with value: 0.22467584908008575 and parameters: {'gradient_clip_val': 0.6043129344395128, 'hidden_size': 47, 'dropout': 0.12773471069361397, 'hidden_continuous_size': 19, 'attention_head_size': 4, 'learning_rate': 0.0577149248496415}. Best is trial 64 with value: 0.07061037421226501.
LOCAL_RANK: 0 - CUDA_VISIBLE_DEVICES: [0]
[I 2023-11-30 00:54:44,593] Trial 74 finished with value: 0.10342801362276077 and parameters: {'gradient_clip_val': 0.8131601998492926, 'hidden_size': 42, 'dropout': 0.138430183037553, 'hidden_continuous_size': 21, 'attention_head_size': 4, 'learning_rate': 0.045974297516210384}. Best is trial 64 with value: 0.07061037421226501.
LOCAL_RANK: 0 - CUDA_VISIBLE_DEVICES: [0]
[I 2023-11-30 00:54:58,021] Trial 75 finished with value: 0.10528925806283951 and parameters: {'gradient_clip_val': 0.5600654285741299, 'hidden_size': 52, 'dropout': 0.10825225929804844, 'hidden_continuous_size': 26, 'attention_head_size': 4, 'learning_rate': 0.03681186044689394}. Best is trial 64 with value: 0.07061037421226501.
LOCAL_RANK: 0 - CUDA_VISIBLE_DEVICES: [0]
[I 2023-11-30 00:55:11,841] Trial 76 finished with value: 0.12267318367958069 and parameters: {'gradient_clip_val': 0.8715479716275849, 'hidden_size': 66, 'dropout': 0.14424710408886282, 'hidden_continuous_size': 28, 'attention_head_size': 4, 'learning_rate': 0.08844259440026248}. Best is trial 64 with value: 0.07061037421226501.
LOCAL_RANK: 0 - CUDA_VISIBLE_DEVICES: [0]
[I 2023-11-30 00:55:25,030] Trial 77 finished with value: 0.10119464993476868 and parameters: {'gradient_clip_val': 0.6923076122158097, 'hidden_size': 46, 'dropout': 0.1206023504530905, 'hidden_continuous_size': 23, 'attention_head_size': 2, 'learning_rate': 0.04911224554437363}. Best is trial 64 with value: 0.07061037421226501.
LOCAL_RANK: 0 - CUDA_VISIBLE_DEVICES: [0]
[I 2023-11-30 00:55:38,780] Trial 78 finished with value: 0.1451355367898941 and parameters: {'gradient_clip_val': 0.9995145258820514, 'hidden_size': 57, 'dropout': 0.10106438362532848, 'hidden_continuous_size': 25, 'attention_head_size': 4, 'learning_rate': 0.019995395577805615}. Best is trial 64 with value: 0.07061037421226501.
LOCAL_RANK: 0 - CUDA_VISIBLE_DEVICES: [0]
[I 2023-11-30 00:55:51,552] Trial 79 finished with value: 0.18566279113292694 and parameters: {'gradient_clip_val': 0.6451971676789878, 'hidden_size': 36, 'dropout': 0.13058082721407327, 'hidden_continuous_size': 18, 'attention_head_size': 2, 'learning_rate': 0.06031126385646591}. Best is trial 64 with value: 0.07061037421226501.
LOCAL_RANK: 0 - CUDA_VISIBLE_DEVICES: [0]
[I 2023-11-30 00:56:04,558] Trial 80 finished with value: 0.21543361246585846 and parameters: {'gradient_clip_val': 0.7382262449485404, 'hidden_size': 43, 'dropout': 0.15395714786671724, 'hidden_continuous_size': 21, 'attention_head_size': 2, 'learning_rate': 0.03501159353680968}. Best is trial 64 with value: 0.07061037421226501.
LOCAL_RANK: 0 - CUDA_VISIBLE_DEVICES: [0]
[I 2023-11-30 00:56:17,536] Trial 81 finished with value: 0.15151838958263397 and parameters: {'gradient_clip_val': 0.5140884485681241, 'hidden_size': 48, 'dropout': 0.1334611601171211, 'hidden_continuous_size': 17, 'attention_head_size': 3, 'learning_rate': 0.027360937608952023}. Best is trial 64 with value: 0.07061037421226501.
LOCAL_RANK: 0 - CUDA_VISIBLE_DEVICES: [0]
[I 2023-11-30 00:56:30,337] Trial 82 finished with value: 0.14287255704402924 and parameters: {'gradient_clip_val': 0.5804299767434474, 'hidden_size': 40, 'dropout': 0.11644664345546568, 'hidden_continuous_size': 16, 'attention_head_size': 3, 'learning_rate': 0.030477760138467938}. Best is trial 64 with value: 0.07061037421226501.
LOCAL_RANK: 0 - CUDA_VISIBLE_DEVICES: [0]
[I 2023-11-30 00:56:43,964] Trial 83 finished with value: 0.14836667478084564 and parameters: {'gradient_clip_val': 0.4593953207129308, 'hidden_size': 61, 'dropout': 0.1264575017357916, 'hidden_continuous_size': 22, 'attention_head_size': 3, 'learning_rate': 0.042767829301486135}. Best is trial 64 with value: 0.07061037421226501.
LOCAL_RANK: 0 - CUDA_VISIBLE_DEVICES: [0]
[I 2023-11-30 00:56:57,125] Trial 84 finished with value: 0.1748461276292801 and parameters: {'gradient_clip_val': 0.48705616303359356, 'hidden_size': 44, 'dropout': 0.13394345525619095, 'hidden_continuous_size': 20, 'attention_head_size': 3, 'learning_rate': 0.0236292969412801}. Best is trial 64 with value: 0.07061037421226501.
LOCAL_RANK: 0 - CUDA_VISIBLE_DEVICES: [0]
[I 2023-11-30 00:57:10,561] Trial 85 finished with value: 0.18188364803791046 and parameters: {'gradient_clip_val': 0.9167370144085398, 'hidden_size': 51, 'dropout': 0.14679640984675815, 'hidden_continuous_size': 19, 'attention_head_size': 4, 'learning_rate': 0.04063995956045457}. Best is trial 64 with value: 0.07061037421226501.
LOCAL_RANK: 0 - CUDA_VISIBLE_DEVICES: [0]
[I 2023-11-30 00:57:23,843] Trial 86 finished with value: 0.1977657675743103 and parameters: {'gradient_clip_val': 0.6180040975033233, 'hidden_size': 55, 'dropout': 0.11272280293733333, 'hidden_continuous_size': 16, 'attention_head_size': 2, 'learning_rate': 0.03409842617216687}. Best is trial 64 with value: 0.07061037421226501.
LOCAL_RANK: 0 - CUDA_VISIBLE_DEVICES: [0]
[I 2023-11-30 00:57:37,066] Trial 87 finished with value: 0.11518999189138412 and parameters: {'gradient_clip_val': 0.7801997142189053, 'hidden_size': 47, 'dropout': 0.10845131643950387, 'hidden_continuous_size': 19, 'attention_head_size': 3, 'learning_rate': 0.07516710499907235}. Best is trial 64 with value: 0.07061037421226501.
LOCAL_RANK: 0 - CUDA_VISIBLE_DEVICES: [0]
[I 2023-11-30 00:57:50,690] Trial 88 finished with value: 0.11234381794929504 and parameters: {'gradient_clip_val': 0.5049498327918859, 'hidden_size': 69, 'dropout': 0.12063873139204989, 'hidden_continuous_size': 27, 'attention_head_size': 2, 'learning_rate': 0.052496369964597805}. Best is trial 64 with value: 0.07061037421226501.
LOCAL_RANK: 0 - CUDA_VISIBLE_DEVICES: [0]
[I 2023-11-30 00:58:04,588] Trial 89 finished with value: 0.09613428264856339 and parameters: {'gradient_clip_val': 0.5465013209578475, 'hidden_size': 62, 'dropout': 0.16429921635739622, 'hidden_continuous_size': 24, 'attention_head_size': 4, 'learning_rate': 0.028156913292224594}. Best is trial 64 with value: 0.07061037421226501.
LOCAL_RANK: 0 - CUDA_VISIBLE_DEVICES: [0]
[I 2023-11-30 00:58:17,615] Trial 90 finished with value: 0.14887236058712006 and parameters: {'gradient_clip_val': 0.8355172219760442, 'hidden_size': 38, 'dropout': 0.17136758744555636, 'hidden_continuous_size': 18, 'attention_head_size': 3, 'learning_rate': 0.0901829852194798}. Best is trial 64 with value: 0.07061037421226501.
LOCAL_RANK: 0 - CUDA_VISIBLE_DEVICES: [0]
[I 2023-11-30 00:58:30,736] Trial 91 finished with value: 0.13798931241035461 and parameters: {'gradient_clip_val': 0.9397693895435815, 'hidden_size': 51, 'dropout': 0.13874126756829627, 'hidden_continuous_size': 23, 'attention_head_size': 3, 'learning_rate': 0.06679915723431656}. Best is trial 64 with value: 0.07061037421226501.
LOCAL_RANK: 0 - CUDA_VISIBLE_DEVICES: [0]
[I 2023-11-30 00:58:44,149] Trial 92 finished with value: 0.11542578786611557 and parameters: {'gradient_clip_val': 0.863565103995879, 'hidden_size': 56, 'dropout': 0.1297551230404721, 'hidden_continuous_size': 26, 'attention_head_size': 3, 'learning_rate': 0.07513519181608842}. Best is trial 64 with value: 0.07061037421226501.
LOCAL_RANK: 0 - CUDA_VISIBLE_DEVICES: [0]
[I 2023-11-30 00:58:57,339] Trial 93 finished with value: 0.17009811103343964 and parameters: {'gradient_clip_val': 0.9544988058559879, 'hidden_size': 44, 'dropout': 0.14583249870548404, 'hidden_continuous_size': 27, 'attention_head_size': 3, 'learning_rate': 0.057762844755414905}. Best is trial 64 with value: 0.07061037421226501.
LOCAL_RANK: 0 - CUDA_VISIBLE_DEVICES: [0]
[I 2023-11-30 00:59:10,668] Trial 94 finished with value: 0.07243135571479797 and parameters: {'gradient_clip_val': 0.7017463325283854, 'hidden_size': 47, 'dropout': 0.10654216410494712, 'hidden_continuous_size': 25, 'attention_head_size': 3, 'learning_rate': 0.03315897637751829}. Best is trial 64 with value: 0.07061037421226501.
LOCAL_RANK: 0 - CUDA_VISIBLE_DEVICES: [0]
[I 2023-11-30 00:59:23,502] Trial 95 finished with value: 0.09627456218004227 and parameters: {'gradient_clip_val': 0.6999530267454656, 'hidden_size': 40, 'dropout': 0.10617124118997406, 'hidden_continuous_size': 17, 'attention_head_size': 3, 'learning_rate': 0.03175321261809448}. Best is trial 64 with value: 0.07061037421226501.
LOCAL_RANK: 0 - CUDA_VISIBLE_DEVICES: [0]
[I 2023-11-30 00:59:36,747] Trial 96 finished with value: 0.09119260311126709 and parameters: {'gradient_clip_val': 0.6465426289902049, 'hidden_size': 49, 'dropout': 0.11672858898464403, 'hidden_continuous_size': 21, 'attention_head_size': 2, 'learning_rate': 0.0344221721578911}. Best is trial 64 with value: 0.07061037421226501.
LOCAL_RANK: 0 - CUDA_VISIBLE_DEVICES: [0]
[I 2023-11-30 00:59:50,183] Trial 97 finished with value: 0.1621144413948059 and parameters: {'gradient_clip_val': 0.5899460674164024, 'hidden_size': 60, 'dropout': 0.12370995933286946, 'hidden_continuous_size': 25, 'attention_head_size': 2, 'learning_rate': 0.041075115666911445}. Best is trial 64 with value: 0.07061037421226501.
LOCAL_RANK: 0 - CUDA_VISIBLE_DEVICES: [0]
[I 2023-11-30 01:00:03,143] Trial 98 finished with value: 0.13551928102970123 and parameters: {'gradient_clip_val': 0.7671536779348911, 'hidden_size': 34, 'dropout': 0.10478983259639604, 'hidden_continuous_size': 24, 'attention_head_size': 3, 'learning_rate': 0.02421369964105808}. Best is trial 64 with value: 0.07061037421226501.
LOCAL_RANK: 0 - CUDA_VISIBLE_DEVICES: [0]
[I 2023-11-30 01:00:16,524] Trial 99 finished with value: 0.0798804834485054 and parameters: {'gradient_clip_val': 0.5292032269460881, 'hidden_size': 46, 'dropout': 0.11310662535288298, 'hidden_continuous_size': 22, 'attention_head_size': 2, 'learning_rate': 0.04745896965033985}. Best is trial 64 with value: 0.07061037421226501.
LOCAL_RANK: 0 - CUDA_VISIBLE_DEVICES: [0]
[I 2023-11-30 01:00:29,679] Trial 100 finished with value: 0.1220911517739296 and parameters: {'gradient_clip_val': 0.8038192600618513, 'hidden_size': 53, 'dropout': 0.11407801349129364, 'hidden_continuous_size': 22, 'attention_head_size': 2, 'learning_rate': 0.046152461009336974}. Best is trial 64 with value: 0.07061037421226501.
LOCAL_RANK: 0 - CUDA_VISIBLE_DEVICES: [0]
[I 2023-11-30 01:00:42,730] Trial 101 finished with value: 0.185890793800354 and parameters: {'gradient_clip_val': 0.5318674370763012, 'hidden_size': 46, 'dropout': 0.12530265305528565, 'hidden_continuous_size': 20, 'attention_head_size': 2, 'learning_rate': 0.04007170743424668}. Best is trial 64 with value: 0.07061037421226501.
LOCAL_RANK: 0 - CUDA_VISIBLE_DEVICES: [0]
[I 2023-11-30 01:00:55,969] Trial 102 finished with value: 0.09137660264968872 and parameters: {'gradient_clip_val': 0.44535915152454264, 'hidden_size': 56, 'dropout': 0.13643210810636186, 'hidden_continuous_size': 22, 'attention_head_size': 2, 'learning_rate': 0.0496427782206118}. Best is trial 64 with value: 0.07061037421226501.
LOCAL_RANK: 0 - CUDA_VISIBLE_DEVICES: [0]
[I 2023-11-30 01:01:08,954] Trial 103 finished with value: 0.13773098587989807 and parameters: {'gradient_clip_val': 0.5698677593049549, 'hidden_size': 44, 'dropout': 0.10748682629666798, 'hidden_continuous_size': 23, 'attention_head_size': 2, 'learning_rate': 0.02983046556662719}. Best is trial 64 with value: 0.07061037421226501.
LOCAL_RANK: 0 - CUDA_VISIBLE_DEVICES: [0]
[I 2023-11-30 01:01:22,034] Trial 104 finished with value: 0.09781771898269653 and parameters: {'gradient_clip_val': 0.6200188759990107, 'hidden_size': 37, 'dropout': 0.12139013780146209, 'hidden_continuous_size': 25, 'attention_head_size': 2, 'learning_rate': 0.036794461344214706}. Best is trial 64 with value: 0.07061037421226501.
LOCAL_RANK: 0 - CUDA_VISIBLE_DEVICES: [0]
[I 2023-11-30 01:01:35,066] Trial 105 finished with value: 0.11058616638183594 and parameters: {'gradient_clip_val': 0.6612713006207618, 'hidden_size': 49, 'dropout': 0.11431806370726456, 'hidden_continuous_size': 21, 'attention_head_size': 2, 'learning_rate': 0.03385146516557547}. Best is trial 64 with value: 0.07061037421226501.
LOCAL_RANK: 0 - CUDA_VISIBLE_DEVICES: [0]
[I 2023-11-30 01:01:48,124] Trial 106 finished with value: 0.16705329716205597 and parameters: {'gradient_clip_val': 0.483607654892398, 'hidden_size': 41, 'dropout': 0.13253556758246263, 'hidden_continuous_size': 19, 'attention_head_size': 2, 'learning_rate': 0.06425711086738363}. Best is trial 64 with value: 0.07061037421226501.
LOCAL_RANK: 0 - CUDA_VISIBLE_DEVICES: [0]
[I 2023-11-30 01:02:01,420] Trial 107 finished with value: 0.1312195062637329 and parameters: {'gradient_clip_val': 0.6875047098708912, 'hidden_size': 53, 'dropout': 0.10110436843466467, 'hidden_continuous_size': 24, 'attention_head_size': 3, 'learning_rate': 0.04430864671258025}. Best is trial 64 with value: 0.07061037421226501.
LOCAL_RANK: 0 - CUDA_VISIBLE_DEVICES: [0]
[I 2023-11-30 01:02:15,159] Trial 108 finished with value: 0.12913395464420319 and parameters: {'gradient_clip_val': 0.41173269008998925, 'hidden_size': 59, 'dropout': 0.155893430862881, 'hidden_continuous_size': 23, 'attention_head_size': 4, 'learning_rate': 0.05613098994517821}. Best is trial 64 with value: 0.07061037421226501.
LOCAL_RANK: 0 - CUDA_VISIBLE_DEVICES: [0]
[I 2023-11-30 01:02:28,580] Trial 109 finished with value: 0.16935189068317413 and parameters: {'gradient_clip_val': 0.5173572042930388, 'hidden_size': 47, 'dropout': 0.14076450005041916, 'hidden_continuous_size': 20, 'attention_head_size': 3, 'learning_rate': 0.02561101249028707}. Best is trial 64 with value: 0.07061037421226501.
LOCAL_RANK: 0 - CUDA_VISIBLE_DEVICES: [0]
[I 2023-11-30 01:02:41,872] Trial 110 finished with value: 0.1331327110528946 and parameters: {'gradient_clip_val': 0.6035716206381223, 'hidden_size': 42, 'dropout': 0.11084951666794345, 'hidden_continuous_size': 18, 'attention_head_size': 4, 'learning_rate': 0.030276046548470766}. Best is trial 64 with value: 0.07061037421226501.
LOCAL_RANK: 0 - CUDA_VISIBLE_DEVICES: [0]
[I 2023-11-30 01:02:55,334] Trial 111 finished with value: 0.14062421023845673 and parameters: {'gradient_clip_val': 0.7265146772932759, 'hidden_size': 50, 'dropout': 0.12898117267966572, 'hidden_continuous_size': 26, 'attention_head_size': 3, 'learning_rate': 0.0835727035794246}. Best is trial 64 with value: 0.07061037421226501.
LOCAL_RANK: 0 - CUDA_VISIBLE_DEVICES: [0]
[I 2023-11-30 01:03:08,599] Trial 112 finished with value: 0.099891297519207 and parameters: {'gradient_clip_val': 0.9003308998433784, 'hidden_size': 46, 'dropout': 0.12189106334855629, 'hidden_continuous_size': 28, 'attention_head_size': 3, 'learning_rate': 0.07158579952329508}. Best is trial 64 with value: 0.07061037421226501.
LOCAL_RANK: 0 - CUDA_VISIBLE_DEVICES: [0]
[I 2023-11-30 01:03:21,800] Trial 113 finished with value: 0.1060672402381897 and parameters: {'gradient_clip_val': 0.8196716446669107, 'hidden_size': 52, 'dropout': 0.11648139634448894, 'hidden_continuous_size': 29, 'attention_head_size': 3, 'learning_rate': 0.09368065958005412}. Best is trial 64 with value: 0.07061037421226501.
LOCAL_RANK: 0 - CUDA_VISIBLE_DEVICES: [0]
[I 2023-11-30 01:03:35,065] Trial 114 finished with value: 0.1435726284980774 and parameters: {'gradient_clip_val': 0.9600061861759257, 'hidden_size': 39, 'dropout': 0.13583070262853972, 'hidden_continuous_size': 27, 'attention_head_size': 3, 'learning_rate': 0.05273788423110464}. Best is trial 64 with value: 0.07061037421226501.
LOCAL_RANK: 0 - CUDA_VISIBLE_DEVICES: [0]
[I 2023-11-30 01:03:48,123] Trial 115 finished with value: 0.1520766168832779 and parameters: {'gradient_clip_val': 0.38614380424481975, 'hidden_size': 44, 'dropout': 0.10001826431568793, 'hidden_continuous_size': 25, 'attention_head_size': 2, 'learning_rate': 0.03823877608158848}. Best is trial 64 with value: 0.07061037421226501.
LOCAL_RANK: 0 - CUDA_VISIBLE_DEVICES: [0]
[I 2023-11-30 01:04:01,649] Trial 116 finished with value: 0.1360706090927124 and parameters: {'gradient_clip_val': 0.9889001934567572, 'hidden_size': 64, 'dropout': 0.12771768019461865, 'hidden_continuous_size': 26, 'attention_head_size': 3, 'learning_rate': 0.0444552206910796}. Best is trial 64 with value: 0.07061037421226501.
LOCAL_RANK: 0 - CUDA_VISIBLE_DEVICES: [0]
[I 2023-11-30 01:04:14,593] Trial 117 finished with value: 0.22049731016159058 and parameters: {'gradient_clip_val': 0.8837884133278204, 'hidden_size': 42, 'dropout': 0.1470512669050314, 'hidden_continuous_size': 24, 'attention_head_size': 2, 'learning_rate': 0.062400593359603684}. Best is trial 64 with value: 0.07061037421226501.
LOCAL_RANK: 0 - CUDA_VISIBLE_DEVICES: [0]
[I 2023-11-30 01:04:27,950] Trial 118 finished with value: 0.0793335884809494 and parameters: {'gradient_clip_val': 0.5679356371796284, 'hidden_size': 55, 'dropout': 0.10909451034740203, 'hidden_continuous_size': 22, 'attention_head_size': 3, 'learning_rate': 0.08035937555649762}. Best is trial 64 with value: 0.07061037421226501.
LOCAL_RANK: 0 - CUDA_VISIBLE_DEVICES: [0]
[I 2023-11-30 01:04:41,442] Trial 119 finished with value: 0.17119789123535156 and parameters: {'gradient_clip_val': 0.5584671184940496, 'hidden_size': 56, 'dropout': 0.10782049340449026, 'hidden_continuous_size': 21, 'attention_head_size': 4, 'learning_rate': 0.07876842945871623}. Best is trial 64 with value: 0.07061037421226501.
LOCAL_RANK: 0 - CUDA_VISIBLE_DEVICES: [0]
[I 2023-11-30 01:04:54,886] Trial 120 finished with value: 0.12083175033330917 and parameters: {'gradient_clip_val': 0.632710002800242, 'hidden_size': 58, 'dropout': 0.11800455872092983, 'hidden_continuous_size': 22, 'attention_head_size': 2, 'learning_rate': 0.03348688457144406}. Best is trial 64 with value: 0.07061037421226501.
LOCAL_RANK: 0 - CUDA_VISIBLE_DEVICES: [0]
[I 2023-11-30 01:05:08,253] Trial 121 finished with value: 0.09982802718877792 and parameters: {'gradient_clip_val': 0.5377204732680128, 'hidden_size': 49, 'dropout': 0.12473219782859293, 'hidden_continuous_size': 23, 'attention_head_size': 3, 'learning_rate': 0.06607949650773531}. Best is trial 64 with value: 0.07061037421226501.
LOCAL_RANK: 0 - CUDA_VISIBLE_DEVICES: [0]
[I 2023-11-30 01:05:21,599] Trial 122 finished with value: 0.1965525597333908 and parameters: {'gradient_clip_val': 0.57504420147232, 'hidden_size': 54, 'dropout': 0.11122746304203449, 'hidden_continuous_size': 17, 'attention_head_size': 3, 'learning_rate': 0.09623823779478748}. Best is trial 64 with value: 0.07061037421226501.
LOCAL_RANK: 0 - CUDA_VISIBLE_DEVICES: [0]
[I 2023-11-30 01:05:34,906] Trial 123 finished with value: 0.08697756379842758 and parameters: {'gradient_clip_val': 0.6777870381758582, 'hidden_size': 46, 'dropout': 0.13108762665931445, 'hidden_continuous_size': 25, 'attention_head_size': 3, 'learning_rate': 0.0727754433147952}. Best is trial 64 with value: 0.07061037421226501.
LOCAL_RANK: 0 - CUDA_VISIBLE_DEVICES: [0]
[I 2023-11-30 01:05:48,167] Trial 124 finished with value: 0.10745048522949219 and parameters: {'gradient_clip_val': 0.6618312965655996, 'hidden_size': 46, 'dropout': 0.13272994721715875, 'hidden_continuous_size': 25, 'attention_head_size': 3, 'learning_rate': 0.07392340809063344}. Best is trial 64 with value: 0.07061037421226501.
LOCAL_RANK: 0 - CUDA_VISIBLE_DEVICES: [0]
[I 2023-11-30 01:06:01,912] Trial 125 finished with value: 0.17984874546527863 and parameters: {'gradient_clip_val': 0.5962820257014135, 'hidden_size': 69, 'dropout': 0.14207886357808533, 'hidden_continuous_size': 32, 'attention_head_size': 3, 'learning_rate': 0.0841471734014823}. Best is trial 64 with value: 0.07061037421226501.
LOCAL_RANK: 0 - CUDA_VISIBLE_DEVICES: [0]
