[I 2023-11-30 11:29:10,110] Trial 44 finished with value: 0.16786570847034454 and parameters: {'gradient_clip_val': 0.16839644360541567, 'hidden_size': 60, 'dropout': 0.1391298827923315, 'hidden_continuous_size': 41, 'attention_head_size': 4, 'learning_rate': 0.034895580565931526}. Best is trial 31 with value: 0.11449895054101944.
LOCAL_RANK: 0 - CUDA_VISIBLE_DEVICES: [0]
[I 2023-11-30 11:29:24,068] Trial 45 finished with value: 0.18453814089298248 and parameters: {'gradient_clip_val': 0.1439413320015338, 'hidden_size': 71, 'dropout': 0.11600753226976933, 'hidden_continuous_size': 44, 'attention_head_size': 3, 'learning_rate': 0.048057516219367616}. Best is trial 31 with value: 0.11449895054101944.
LOCAL_RANK: 0 - CUDA_VISIBLE_DEVICES: [0]
[I 2023-11-30 11:29:37,835] Trial 46 finished with value: 0.29828038811683655 and parameters: {'gradient_clip_val': 0.1231026238030281, 'hidden_size': 53, 'dropout': 0.15353721041822777, 'hidden_continuous_size': 37, 'attention_head_size': 2, 'learning_rate': 0.07022576611442843}. Best is trial 31 with value: 0.11449895054101944.
LOCAL_RANK: 0 - CUDA_VISIBLE_DEVICES: [0]
[I 2023-11-30 11:29:51,250] Trial 47 finished with value: 0.17774885892868042 and parameters: {'gradient_clip_val': 0.15943096954153516, 'hidden_size': 42, 'dropout': 0.14098821286396798, 'hidden_continuous_size': 33, 'attention_head_size': 4, 'learning_rate': 0.02628435849760631}. Best is trial 31 with value: 0.11449895054101944.
LOCAL_RANK: 0 - CUDA_VISIBLE_DEVICES: [0]
[I 2023-11-30 11:30:04,725] Trial 48 finished with value: 0.21397916972637177 and parameters: {'gradient_clip_val': 0.18790928738199283, 'hidden_size': 46, 'dropout': 0.20405488346601217, 'hidden_continuous_size': 36, 'attention_head_size': 3, 'learning_rate': 0.04062715291181484}. Best is trial 31 with value: 0.11449895054101944.
LOCAL_RANK: 0 - CUDA_VISIBLE_DEVICES: [0]
[I 2023-11-30 11:30:17,919] Trial 49 finished with value: 0.18990463018417358 and parameters: {'gradient_clip_val': 0.17263459969829353, 'hidden_size': 52, 'dropout': 0.1218308567999673, 'hidden_continuous_size': 29, 'attention_head_size': 2, 'learning_rate': 0.01915863066406142}. Best is trial 31 with value: 0.11449895054101944.
LOCAL_RANK: 0 - CUDA_VISIBLE_DEVICES: [0]
[I 2023-11-30 11:30:32,136] Trial 50 finished with value: 0.14480119943618774 and parameters: {'gradient_clip_val': 0.1471095627926543, 'hidden_size': 87, 'dropout': 0.16957852326493927, 'hidden_continuous_size': 49, 'attention_head_size': 3, 'learning_rate': 0.03546423374567048}. Best is trial 31 with value: 0.11449895054101944.
LOCAL_RANK: 0 - CUDA_VISIBLE_DEVICES: [0]
[I 2023-11-30 11:30:45,206] Trial 51 finished with value: 0.11625566333532333 and parameters: {'gradient_clip_val': 0.21440099646017716, 'hidden_size': 32, 'dropout': 0.18242724345969566, 'hidden_continuous_size': 27, 'attention_head_size': 3, 'learning_rate': 0.053666719998909235}. Best is trial 31 with value: 0.11449895054101944.
LOCAL_RANK: 0 - CUDA_VISIBLE_DEVICES: [0]
[I 2023-11-30 11:30:58,099] Trial 52 finished with value: 0.15614627301692963 and parameters: {'gradient_clip_val': 0.21474345207496484, 'hidden_size': 36, 'dropout': 0.18415567790843268, 'hidden_continuous_size': 31, 'attention_head_size': 3, 'learning_rate': 0.056700347209554164}. Best is trial 31 with value: 0.11449895054101944.
LOCAL_RANK: 0 - CUDA_VISIBLE_DEVICES: [0]
[I 2023-11-30 11:31:11,172] Trial 53 finished with value: 0.16245116293430328 and parameters: {'gradient_clip_val': 0.2319430841295548, 'hidden_size': 30, 'dropout': 0.1558888166210263, 'hidden_continuous_size': 27, 'attention_head_size': 3, 'learning_rate': 0.02600798341538368}. Best is trial 31 with value: 0.11449895054101944.
LOCAL_RANK: 0 - CUDA_VISIBLE_DEVICES: [0]
[I 2023-11-30 11:31:25,066] Trial 54 finished with value: 0.21612782776355743 and parameters: {'gradient_clip_val': 0.26172445294879015, 'hidden_size': 63, 'dropout': 0.1393648704367271, 'hidden_continuous_size': 36, 'attention_head_size': 4, 'learning_rate': 0.03449175297064806}. Best is trial 31 with value: 0.11449895054101944.
LOCAL_RANK: 0 - CUDA_VISIBLE_DEVICES: [0]
[I 2023-11-30 11:31:38,293] Trial 55 finished with value: 0.11423218250274658 and parameters: {'gradient_clip_val': 0.19477076224484696, 'hidden_size': 39, 'dropout': 0.10016275354304038, 'hidden_continuous_size': 33, 'attention_head_size': 3, 'learning_rate': 0.08033788890842884}. Best is trial 55 with value: 0.11423218250274658.
LOCAL_RANK: 0 - CUDA_VISIBLE_DEVICES: [0]
[I 2023-11-30 11:31:51,680] Trial 56 finished with value: 0.1224958524107933 and parameters: {'gradient_clip_val': 0.2036587816910862, 'hidden_size': 35, 'dropout': 0.10404415577048544, 'hidden_continuous_size': 28, 'attention_head_size': 3, 'learning_rate': 0.0807971929573728}. Best is trial 55 with value: 0.11423218250274658.
LOCAL_RANK: 0 - CUDA_VISIBLE_DEVICES: [0]
[I 2023-11-30 11:32:04,430] Trial 57 finished with value: 0.26653382182121277 and parameters: {'gradient_clip_val': 0.21380030411017922, 'hidden_size': 32, 'dropout': 0.10566693282666748, 'hidden_continuous_size': 26, 'attention_head_size': 3, 'learning_rate': 0.08654240235420764}. Best is trial 55 with value: 0.11423218250274658.
LOCAL_RANK: 0 - CUDA_VISIBLE_DEVICES: [0]
[I 2023-11-30 11:32:17,451] Trial 58 finished with value: 0.16023068130016327 and parameters: {'gradient_clip_val': 0.17492792386116915, 'hidden_size': 39, 'dropout': 0.10143593361106626, 'hidden_continuous_size': 28, 'attention_head_size': 3, 'learning_rate': 0.07474483378714007}. Best is trial 55 with value: 0.11423218250274658.
LOCAL_RANK: 0 - CUDA_VISIBLE_DEVICES: [0]
[I 2023-11-30 11:32:30,390] Trial 59 finished with value: 0.2103557139635086 and parameters: {'gradient_clip_val': 0.22912967853988964, 'hidden_size': 27, 'dropout': 0.11663104383458074, 'hidden_continuous_size': 22, 'attention_head_size': 4, 'learning_rate': 0.08566185474956277}. Best is trial 55 with value: 0.11423218250274658.
LOCAL_RANK: 0 - CUDA_VISIBLE_DEVICES: [0]
[I 2023-11-30 11:32:43,105] Trial 60 finished with value: 0.25952160358428955 and parameters: {'gradient_clip_val': 0.19178751416416007, 'hidden_size': 23, 'dropout': 0.11084117355518755, 'hidden_continuous_size': 19, 'attention_head_size': 3, 'learning_rate': 0.06719350713377946}. Best is trial 55 with value: 0.11423218250274658.
LOCAL_RANK: 0 - CUDA_VISIBLE_DEVICES: [0]
[I 2023-11-30 11:32:56,438] Trial 61 finished with value: 0.17938894033432007 and parameters: {'gradient_clip_val': 0.19933330797871993, 'hidden_size': 34, 'dropout': 0.1289303389448534, 'hidden_continuous_size': 30, 'attention_head_size': 3, 'learning_rate': 0.051097887466791635}. Best is trial 55 with value: 0.11423218250274658.
LOCAL_RANK: 0 - CUDA_VISIBLE_DEVICES: [0]
[I 2023-11-30 11:33:09,529] Trial 62 finished with value: 0.16974695026874542 and parameters: {'gradient_clip_val': 0.24167903844710534, 'hidden_size': 39, 'dropout': 0.14859123544689729, 'hidden_continuous_size': 33, 'attention_head_size': 3, 'learning_rate': 0.0625169538016052}. Best is trial 55 with value: 0.11423218250274658.
LOCAL_RANK: 0 - CUDA_VISIBLE_DEVICES: [0]
[I 2023-11-30 11:33:22,761] Trial 63 finished with value: 0.10283856838941574 and parameters: {'gradient_clip_val': 0.16066417537197783, 'hidden_size': 42, 'dropout': 0.11654931825336745, 'hidden_continuous_size': 30, 'attention_head_size': 3, 'learning_rate': 0.054911409734029006}. Best is trial 63 with value: 0.10283856838941574.
LOCAL_RANK: 0 - CUDA_VISIBLE_DEVICES: [0]
[I 2023-11-30 11:33:36,036] Trial 64 finished with value: 0.08427842706441879 and parameters: {'gradient_clip_val': 0.16457774531012478, 'hidden_size': 45, 'dropout': 0.10056912714593676, 'hidden_continuous_size': 26, 'attention_head_size': 3, 'learning_rate': 0.041893252472790764}. Best is trial 64 with value: 0.08427842706441879.
LOCAL_RANK: 0 - CUDA_VISIBLE_DEVICES: [0]
[I 2023-11-30 11:33:49,145] Trial 65 finished with value: 0.17252807319164276 and parameters: {'gradient_clip_val': 0.16145789285009599, 'hidden_size': 45, 'dropout': 0.10242052511798116, 'hidden_continuous_size': 26, 'attention_head_size': 3, 'learning_rate': 0.08206356876449028}. Best is trial 64 with value: 0.08427842706441879.
LOCAL_RANK: 0 - CUDA_VISIBLE_DEVICES: [0]
[I 2023-11-30 11:34:02,440] Trial 66 finished with value: 0.15796935558319092 and parameters: {'gradient_clip_val': 0.13144544296920882, 'hidden_size': 42, 'dropout': 0.11912407084769673, 'hidden_continuous_size': 28, 'attention_head_size': 3, 'learning_rate': 0.052630398529040306}. Best is trial 64 with value: 0.08427842706441879.
LOCAL_RANK: 0 - CUDA_VISIBLE_DEVICES: [0]
[I 2023-11-30 11:34:15,406] Trial 67 finished with value: 0.3614216148853302 and parameters: {'gradient_clip_val': 0.14692119064070638, 'hidden_size': 31, 'dropout': 0.10033808941280735, 'hidden_continuous_size': 25, 'attention_head_size': 3, 'learning_rate': 0.04350077812373851}. Best is trial 64 with value: 0.08427842706441879.
LOCAL_RANK: 0 - CUDA_VISIBLE_DEVICES: [0]
[I 2023-11-30 11:34:28,553] Trial 68 finished with value: 0.09628459811210632 and parameters: {'gradient_clip_val': 0.18108737011956508, 'hidden_size': 35, 'dropout': 0.11008287757456157, 'hidden_continuous_size': 30, 'attention_head_size': 4, 'learning_rate': 0.06592462873747479}. Best is trial 64 with value: 0.08427842706441879.
LOCAL_RANK: 0 - CUDA_VISIBLE_DEVICES: [0]
[I 2023-11-30 11:34:41,784] Trial 69 finished with value: 0.10353183001279831 and parameters: {'gradient_clip_val': 0.15409515150165587, 'hidden_size': 38, 'dropout': 0.1314256664289306, 'hidden_continuous_size': 30, 'attention_head_size': 4, 'learning_rate': 0.06651050473848051}. Best is trial 64 with value: 0.08427842706441879.
LOCAL_RANK: 0 - CUDA_VISIBLE_DEVICES: [0]
[I 2023-11-30 11:34:54,929] Trial 70 finished with value: 0.1315123289823532 and parameters: {'gradient_clip_val': 0.1572189195263757, 'hidden_size': 37, 'dropout': 0.12887112706187237, 'hidden_continuous_size': 30, 'attention_head_size': 4, 'learning_rate': 0.0662370049197674}. Best is trial 64 with value: 0.08427842706441879.
LOCAL_RANK: 0 - CUDA_VISIBLE_DEVICES: [0]
[I 2023-11-30 11:35:08,306] Trial 71 finished with value: 0.08894562721252441 and parameters: {'gradient_clip_val': 0.17986655700958737, 'hidden_size': 41, 'dropout': 0.11233936573126457, 'hidden_continuous_size': 30, 'attention_head_size': 4, 'learning_rate': 0.03970693572630296}. Best is trial 64 with value: 0.08427842706441879.
LOCAL_RANK: 0 - CUDA_VISIBLE_DEVICES: [0]
[I 2023-11-30 11:35:21,596] Trial 72 finished with value: 0.18424473702907562 and parameters: {'gradient_clip_val': 0.17754555979133993, 'hidden_size': 45, 'dropout': 0.11337315609477396, 'hidden_continuous_size': 30, 'attention_head_size': 4, 'learning_rate': 0.03996862512753755}. Best is trial 64 with value: 0.08427842706441879.
LOCAL_RANK: 0 - CUDA_VISIBLE_DEVICES: [0]
[I 2023-11-30 11:35:34,563] Trial 73 finished with value: 0.13409452140331268 and parameters: {'gradient_clip_val': 0.15047287288097497, 'hidden_size': 38, 'dropout': 0.1225916699763994, 'hidden_continuous_size': 31, 'attention_head_size': 4, 'learning_rate': 0.03234303500323309}. Best is trial 64 with value: 0.08427842706441879.
LOCAL_RANK: 0 - CUDA_VISIBLE_DEVICES: [0]
[I 2023-11-30 11:35:47,749] Trial 74 finished with value: 0.15571503341197968 and parameters: {'gradient_clip_val': 0.1624331158243809, 'hidden_size': 41, 'dropout': 0.13250533728496516, 'hidden_continuous_size': 33, 'attention_head_size': 4, 'learning_rate': 0.06329671098109045}. Best is trial 64 with value: 0.08427842706441879.
LOCAL_RANK: 0 - CUDA_VISIBLE_DEVICES: [0]
[I 2023-11-30 11:36:01,086] Trial 75 finished with value: 0.12866781651973724 and parameters: {'gradient_clip_val': 0.12866490479306944, 'hidden_size': 44, 'dropout': 0.1124003331364514, 'hidden_continuous_size': 35, 'attention_head_size': 4, 'learning_rate': 0.09655521746186818}. Best is trial 64 with value: 0.08427842706441879.
LOCAL_RANK: 0 - CUDA_VISIBLE_DEVICES: [0]
[I 2023-11-30 11:36:14,555] Trial 76 finished with value: 0.2331017255783081 and parameters: {'gradient_clip_val': 0.11564930847970613, 'hidden_size': 48, 'dropout': 0.1214021987759654, 'hidden_continuous_size': 24, 'attention_head_size': 4, 'learning_rate': 0.050861373662979194}. Best is trial 64 with value: 0.08427842706441879.
LOCAL_RANK: 0 - CUDA_VISIBLE_DEVICES: [0]
[I 2023-11-30 11:36:28,349] Trial 77 finished with value: 0.25508785247802734 and parameters: {'gradient_clip_val': 0.13831556787540955, 'hidden_size': 55, 'dropout': 0.1346043847422434, 'hidden_continuous_size': 40, 'attention_head_size': 4, 'learning_rate': 0.043333141378127965}. Best is trial 64 with value: 0.08427842706441879.
LOCAL_RANK: 0 - CUDA_VISIBLE_DEVICES: [0]
[I 2023-11-30 11:36:41,152] Trial 78 finished with value: 0.24869251251220703 and parameters: {'gradient_clip_val': 0.17948514337516017, 'hidden_size': 28, 'dropout': 0.11057045491628995, 'hidden_continuous_size': 26, 'attention_head_size': 4, 'learning_rate': 0.03783897065041461}. Best is trial 64 with value: 0.08427842706441879.
LOCAL_RANK: 0 - CUDA_VISIBLE_DEVICES: [0]
[I 2023-11-30 11:36:54,167] Trial 79 finished with value: 0.1023511067032814 and parameters: {'gradient_clip_val': 0.16569484484929986, 'hidden_size': 36, 'dropout': 0.14433832279850625, 'hidden_continuous_size': 29, 'attention_head_size': 4, 'learning_rate': 0.07316150482406648}. Best is trial 64 with value: 0.08427842706441879.
LOCAL_RANK: 0 - CUDA_VISIBLE_DEVICES: [0]
[I 2023-11-30 11:37:07,333] Trial 80 finished with value: 0.19410163164138794 and parameters: {'gradient_clip_val': 0.16441352765295417, 'hidden_size': 34, 'dropout': 0.13966712244465837, 'hidden_continuous_size': 29, 'attention_head_size': 4, 'learning_rate': 0.07375306001778893}. Best is trial 64 with value: 0.08427842706441879.
LOCAL_RANK: 0 - CUDA_VISIBLE_DEVICES: [0]
[I 2023-11-30 11:37:20,682] Trial 81 finished with value: 0.15262913703918457 and parameters: {'gradient_clip_val': 0.14181859382764625, 'hidden_size': 40, 'dropout': 0.12699843998566143, 'hidden_continuous_size': 32, 'attention_head_size': 4, 'learning_rate': 0.060579605713114014}. Best is trial 64 with value: 0.08427842706441879.
LOCAL_RANK: 0 - CUDA_VISIBLE_DEVICES: [0]
[I 2023-11-30 11:37:33,881] Trial 82 finished with value: 0.14776426553726196 and parameters: {'gradient_clip_val': 0.1838780852775951, 'hidden_size': 37, 'dropout': 0.10948125763478918, 'hidden_continuous_size': 29, 'attention_head_size': 4, 'learning_rate': 0.0726489679879859}. Best is trial 64 with value: 0.08427842706441879.
LOCAL_RANK: 0 - CUDA_VISIBLE_DEVICES: [0]
[I 2023-11-30 11:37:47,079] Trial 83 finished with value: 0.18167127668857574 and parameters: {'gradient_clip_val': 0.16934322299088736, 'hidden_size': 48, 'dropout': 0.14529003934049214, 'hidden_continuous_size': 30, 'attention_head_size': 4, 'learning_rate': 0.05009488968759197}. Best is trial 64 with value: 0.08427842706441879.
LOCAL_RANK: 0 - CUDA_VISIBLE_DEVICES: [0]
[I 2023-11-30 11:38:00,281] Trial 84 finished with value: 0.1193157359957695 and parameters: {'gradient_clip_val': 0.15493468561701376, 'hidden_size': 41, 'dropout': 0.11851320508328803, 'hidden_continuous_size': 31, 'attention_head_size': 4, 'learning_rate': 0.09334592071461509}. Best is trial 64 with value: 0.08427842706441879.
LOCAL_RANK: 0 - CUDA_VISIBLE_DEVICES: [0]
[I 2023-11-30 11:38:13,953] Trial 85 finished with value: 0.1789746731519699 and parameters: {'gradient_clip_val': 0.1503622892805495, 'hidden_size': 52, 'dropout': 0.13268429280959698, 'hidden_continuous_size': 35, 'attention_head_size': 4, 'learning_rate': 0.0606632721687316}. Best is trial 64 with value: 0.08427842706441879.
LOCAL_RANK: 0 - CUDA_VISIBLE_DEVICES: [0]
[I 2023-11-30 11:38:27,500] Trial 86 finished with value: 0.08930077403783798 and parameters: {'gradient_clip_val': 0.1905665939031592, 'hidden_size': 45, 'dropout': 0.12232895992783634, 'hidden_continuous_size': 28, 'attention_head_size': 4, 'learning_rate': 0.07770166131409756}. Best is trial 64 with value: 0.08427842706441879.
LOCAL_RANK: 0 - CUDA_VISIBLE_DEVICES: [0]
[I 2023-11-30 11:38:40,918] Trial 87 finished with value: 0.08583289384841919 and parameters: {'gradient_clip_val': 0.1866116351690876, 'hidden_size': 43, 'dropout': 0.10745390042143402, 'hidden_continuous_size': 28, 'attention_head_size': 4, 'learning_rate': 0.08962988514324292}. Best is trial 64 with value: 0.08427842706441879.
LOCAL_RANK: 0 - CUDA_VISIBLE_DEVICES: [0]
[I 2023-11-30 11:38:54,231] Trial 88 finished with value: 0.12083470076322556 and parameters: {'gradient_clip_val': 0.19297460245911016, 'hidden_size': 45, 'dropout': 0.10812192560140935, 'hidden_continuous_size': 27, 'attention_head_size': 4, 'learning_rate': 0.07932403532389008}. Best is trial 64 with value: 0.08427842706441879.
LOCAL_RANK: 0 - CUDA_VISIBLE_DEVICES: [0]
[I 2023-11-30 11:39:07,216] Trial 89 finished with value: 0.21488140523433685 and parameters: {'gradient_clip_val': 0.17147317054826483, 'hidden_size': 36, 'dropout': 0.12400904045778985, 'hidden_continuous_size': 30, 'attention_head_size': 4, 'learning_rate': 0.07069205747068998}. Best is trial 64 with value: 0.08427842706441879.
LOCAL_RANK: 0 - CUDA_VISIBLE_DEVICES: [0]
[I 2023-11-30 11:39:20,317] Trial 90 finished with value: 0.16532167792320251 and parameters: {'gradient_clip_val': 0.18571791887125536, 'hidden_size': 43, 'dropout': 0.11593487520813912, 'hidden_continuous_size': 28, 'attention_head_size': 4, 'learning_rate': 0.08657286786026014}. Best is trial 64 with value: 0.08427842706441879.
LOCAL_RANK: 0 - CUDA_VISIBLE_DEVICES: [0]
[I 2023-11-30 11:39:33,615] Trial 91 finished with value: 0.24343466758728027 and parameters: {'gradient_clip_val': 0.19310575529892562, 'hidden_size': 40, 'dropout': 0.10655379609358567, 'hidden_continuous_size': 29, 'attention_head_size': 4, 'learning_rate': 0.09924786538797527}. Best is trial 64 with value: 0.08427842706441879.
LOCAL_RANK: 0 - CUDA_VISIBLE_DEVICES: [0]
[I 2023-11-30 11:39:47,146] Trial 92 finished with value: 0.17341522872447968 and parameters: {'gradient_clip_val': 0.17808382026994538, 'hidden_size': 49, 'dropout': 0.1005502096060508, 'hidden_continuous_size': 32, 'attention_head_size': 4, 'learning_rate': 0.05663884789657517}. Best is trial 64 with value: 0.08427842706441879.
LOCAL_RANK: 0 - CUDA_VISIBLE_DEVICES: [0]
[I 2023-11-30 11:40:00,496] Trial 93 finished with value: 0.1922750473022461 and parameters: {'gradient_clip_val': 0.16579352399093789, 'hidden_size': 46, 'dropout': 0.12621348416773806, 'hidden_continuous_size': 26, 'attention_head_size': 4, 'learning_rate': 0.06663355419844962}. Best is trial 64 with value: 0.08427842706441879.
LOCAL_RANK: 0 - CUDA_VISIBLE_DEVICES: [0]
[I 2023-11-30 11:40:13,634] Trial 94 finished with value: 0.15621890127658844 and parameters: {'gradient_clip_val': 0.20101008281546448, 'hidden_size': 33, 'dropout': 0.1351168143704065, 'hidden_continuous_size': 28, 'attention_head_size': 4, 'learning_rate': 0.07768227186230878}. Best is trial 64 with value: 0.08427842706441879.
LOCAL_RANK: 0 - CUDA_VISIBLE_DEVICES: [0]
[I 2023-11-30 11:40:26,794] Trial 95 finished with value: 0.15945731103420258 and parameters: {'gradient_clip_val': 0.14182212654421092, 'hidden_size': 38, 'dropout': 0.1178121436759896, 'hidden_continuous_size': 29, 'attention_head_size': 4, 'learning_rate': 0.04757324647377841}. Best is trial 64 with value: 0.08427842706441879.
LOCAL_RANK: 0 - CUDA_VISIBLE_DEVICES: [0]
[I 2023-11-30 11:40:39,884] Trial 96 finished with value: 0.1813223510980606 and parameters: {'gradient_clip_val': 0.18451715118183049, 'hidden_size': 36, 'dropout': 0.10916346419648534, 'hidden_continuous_size': 31, 'attention_head_size': 4, 'learning_rate': 0.08874297066752147}. Best is trial 64 with value: 0.08427842706441879.
LOCAL_RANK: 0 - CUDA_VISIBLE_DEVICES: [0]
[I 2023-11-30 11:40:53,201] Trial 97 finished with value: 0.09194332361221313 and parameters: {'gradient_clip_val': 0.15679402899026854, 'hidden_size': 43, 'dropout': 0.14901766158717936, 'hidden_continuous_size': 33, 'attention_head_size': 4, 'learning_rate': 0.06518558855966432}. Best is trial 64 with value: 0.08427842706441879.
LOCAL_RANK: 0 - CUDA_VISIBLE_DEVICES: [0]
[I 2023-11-30 11:41:06,385] Trial 98 finished with value: 0.09975270181894302 and parameters: {'gradient_clip_val': 0.1546139966333297, 'hidden_size': 35, 'dropout': 0.15157999751466086, 'hidden_continuous_size': 30, 'attention_head_size': 4, 'learning_rate': 0.09045020983613838}. Best is trial 64 with value: 0.08427842706441879.
LOCAL_RANK: 0 - CUDA_VISIBLE_DEVICES: [0]
[I 2023-11-30 11:41:19,463] Trial 99 finished with value: 0.37217405438423157 and parameters: {'gradient_clip_val': 0.1324938283860797, 'hidden_size': 29, 'dropout': 0.15067395827580088, 'hidden_continuous_size': 27, 'attention_head_size': 4, 'learning_rate': 0.09063506186661421}. Best is trial 64 with value: 0.08427842706441879.
LOCAL_RANK: 0 - CUDA_VISIBLE_DEVICES: [0]
[I 2023-11-30 11:41:32,443] Trial 100 finished with value: 0.13433705270290375 and parameters: {'gradient_clip_val': 0.15495666641660166, 'hidden_size': 32, 'dropout': 0.1445789046135048, 'hidden_continuous_size': 28, 'attention_head_size': 4, 'learning_rate': 0.06667044188007057}. Best is trial 64 with value: 0.08427842706441879.
LOCAL_RANK: 0 - CUDA_VISIBLE_DEVICES: [0]
[I 2023-11-30 11:41:45,961] Trial 101 finished with value: 0.13891999423503876 and parameters: {'gradient_clip_val': 0.16360743476179035, 'hidden_size': 42, 'dropout': 0.12235118220357767, 'hidden_continuous_size': 32, 'attention_head_size': 4, 'learning_rate': 0.07938423129567836}. Best is trial 64 with value: 0.08427842706441879.
LOCAL_RANK: 0 - CUDA_VISIBLE_DEVICES: [0]
