[I 2023-11-30 05:52:09,849] Trial 44 finished with value: 0.330767959356308 and parameters: {'gradient_clip_val': 0.4859666211907849, 'hidden_size': 19, 'dropout': 0.29089696780095153, 'hidden_continuous_size': 12, 'attention_head_size': 3, 'learning_rate': 0.037189845497947974}. Best is trial 33 with value: 0.09550008177757263.
LOCAL_RANK: 0 - CUDA_VISIBLE_DEVICES: [0]
[I 2023-11-30 05:52:22,321] Trial 45 finished with value: 0.20035545527935028 and parameters: {'gradient_clip_val': 0.3470614431239452, 'hidden_size': 14, 'dropout': 0.28103535835669985, 'hidden_continuous_size': 10, 'attention_head_size': 3, 'learning_rate': 0.06339159486065873}. Best is trial 33 with value: 0.09550008177757263.
LOCAL_RANK: 0 - CUDA_VISIBLE_DEVICES: [0]
[I 2023-11-30 05:52:34,891] Trial 46 finished with value: 0.5365964770317078 and parameters: {'gradient_clip_val': 0.4223397581232208, 'hidden_size': 11, 'dropout': 0.2525723370637564, 'hidden_continuous_size': 10, 'attention_head_size': 2, 'learning_rate': 0.04382830600824662}. Best is trial 33 with value: 0.09550008177757263.
LOCAL_RANK: 0 - CUDA_VISIBLE_DEVICES: [0]
[I 2023-11-30 05:52:47,484] Trial 47 finished with value: 0.08138816803693771 and parameters: {'gradient_clip_val': 0.3092934963357025, 'hidden_size': 21, 'dropout': 0.30399119810262026, 'hidden_continuous_size': 13, 'attention_head_size': 3, 'learning_rate': 0.09099985547183577}. Best is trial 47 with value: 0.08138816803693771.
LOCAL_RANK: 0 - CUDA_VISIBLE_DEVICES: [0]
[I 2023-11-30 05:53:00,015] Trial 48 finished with value: 0.1528603881597519 and parameters: {'gradient_clip_val': 0.3072954587811789, 'hidden_size': 22, 'dropout': 0.3075360462184385, 'hidden_continuous_size': 13, 'attention_head_size': 3, 'learning_rate': 0.09550561001938135}. Best is trial 47 with value: 0.08138816803693771.
LOCAL_RANK: 0 - CUDA_VISIBLE_DEVICES: [0]
[I 2023-11-30 05:53:12,694] Trial 49 finished with value: 0.1861478090286255 and parameters: {'gradient_clip_val': 0.3385376340968856, 'hidden_size': 25, 'dropout': 0.3302702724940565, 'hidden_continuous_size': 14, 'attention_head_size': 3, 'learning_rate': 0.05990449591061926}. Best is trial 47 with value: 0.08138816803693771.
LOCAL_RANK: 0 - CUDA_VISIBLE_DEVICES: [0]
[I 2023-11-30 05:53:25,469] Trial 50 finished with value: 0.10512227565050125 and parameters: {'gradient_clip_val': 0.472512258491815, 'hidden_size': 30, 'dropout': 0.35703969793108453, 'hidden_continuous_size': 14, 'attention_head_size': 3, 'learning_rate': 0.09955987417650014}. Best is trial 47 with value: 0.08138816803693771.
LOCAL_RANK: 0 - CUDA_VISIBLE_DEVICES: [0]
[I 2023-11-30 05:53:38,500] Trial 51 finished with value: 0.08196020871400833 and parameters: {'gradient_clip_val': 0.25446707530930823, 'hidden_size': 35, 'dropout': 0.25639596258353803, 'hidden_continuous_size': 12, 'attention_head_size': 2, 'learning_rate': 0.08413309324867357}. Best is trial 47 with value: 0.08138816803693771.
LOCAL_RANK: 0 - CUDA_VISIBLE_DEVICES: [0]
[I 2023-11-30 05:53:51,163] Trial 52 finished with value: 0.1348189264535904 and parameters: {'gradient_clip_val': 0.26197354932256334, 'hidden_size': 35, 'dropout': 0.26026728691014794, 'hidden_continuous_size': 12, 'attention_head_size': 2, 'learning_rate': 0.08016614312253713}. Best is trial 47 with value: 0.08138816803693771.
LOCAL_RANK: 0 - CUDA_VISIBLE_DEVICES: [0]
[I 2023-11-30 05:54:03,715] Trial 53 finished with value: 0.14907468855381012 and parameters: {'gradient_clip_val': 0.2941489862152257, 'hidden_size': 26, 'dropout': 0.28259292248389417, 'hidden_continuous_size': 13, 'attention_head_size': 2, 'learning_rate': 0.06635333325796641}. Best is trial 47 with value: 0.08138816803693771.
LOCAL_RANK: 0 - CUDA_VISIBLE_DEVICES: [0]
[I 2023-11-30 05:54:16,165] Trial 54 finished with value: 0.13152621686458588 and parameters: {'gradient_clip_val': 0.3159590075022157, 'hidden_size': 21, 'dropout': 0.2766691299383315, 'hidden_continuous_size': 12, 'attention_head_size': 3, 'learning_rate': 0.04631626653824377}. Best is trial 47 with value: 0.08138816803693771.
LOCAL_RANK: 0 - CUDA_VISIBLE_DEVICES: [0]
[I 2023-11-30 05:54:28,795] Trial 55 finished with value: 0.13730056583881378 and parameters: {'gradient_clip_val': 0.4029687957259731, 'hidden_size': 36, 'dropout': 0.3022779951770724, 'hidden_continuous_size': 11, 'attention_head_size': 2, 'learning_rate': 0.05638504947346112}. Best is trial 47 with value: 0.08138816803693771.
LOCAL_RANK: 0 - CUDA_VISIBLE_DEVICES: [0]
[I 2023-11-30 05:54:41,722] Trial 56 finished with value: 0.16246075928211212 and parameters: {'gradient_clip_val': 0.36517515712433174, 'hidden_size': 30, 'dropout': 0.25251646346936163, 'hidden_continuous_size': 14, 'attention_head_size': 3, 'learning_rate': 0.08410450422557492}. Best is trial 47 with value: 0.08138816803693771.
LOCAL_RANK: 0 - CUDA_VISIBLE_DEVICES: [0]
[I 2023-11-30 05:54:54,006] Trial 57 finished with value: 0.10354679822921753 and parameters: {'gradient_clip_val': 0.25033668234325623, 'hidden_size': 24, 'dropout': 0.27537350911934266, 'hidden_continuous_size': 13, 'attention_head_size': 2, 'learning_rate': 0.07272576971205712}. Best is trial 47 with value: 0.08138816803693771.
LOCAL_RANK: 0 - CUDA_VISIBLE_DEVICES: [0]
[I 2023-11-30 05:55:07,058] Trial 58 finished with value: 0.10219202190637589 and parameters: {'gradient_clip_val': 0.2749779113110942, 'hidden_size': 41, 'dropout': 0.22907817179781448, 'hidden_continuous_size': 15, 'attention_head_size': 3, 'learning_rate': 0.03568359349206478}. Best is trial 47 with value: 0.08138816803693771.
LOCAL_RANK: 0 - CUDA_VISIBLE_DEVICES: [0]
[I 2023-11-30 05:55:20,012] Trial 59 finished with value: 0.11204787343740463 and parameters: {'gradient_clip_val': 0.2756898817432767, 'hidden_size': 41, 'dropout': 0.22949994038839633, 'hidden_continuous_size': 15, 'attention_head_size': 3, 'learning_rate': 0.033872818457231564}. Best is trial 47 with value: 0.08138816803693771.
LOCAL_RANK: 0 - CUDA_VISIBLE_DEVICES: [0]
[I 2023-11-30 05:55:33,043] Trial 60 finished with value: 0.18553383648395538 and parameters: {'gradient_clip_val': 0.3577467012097299, 'hidden_size': 48, 'dropout': 0.2355645679210909, 'hidden_continuous_size': 17, 'attention_head_size': 3, 'learning_rate': 0.04742162860673455}. Best is trial 47 with value: 0.08138816803693771.
LOCAL_RANK: 0 - CUDA_VISIBLE_DEVICES: [0]
[I 2023-11-30 05:55:45,941] Trial 61 finished with value: 0.09305990487337112 and parameters: {'gradient_clip_val': 0.32156553998337056, 'hidden_size': 35, 'dropout': 0.2604422592507541, 'hidden_continuous_size': 14, 'attention_head_size': 3, 'learning_rate': 0.057060681757007736}. Best is trial 47 with value: 0.08138816803693771.
LOCAL_RANK: 0 - CUDA_VISIBLE_DEVICES: [0]
[I 2023-11-30 05:55:58,874] Trial 62 finished with value: 0.13285158574581146 and parameters: {'gradient_clip_val': 0.41904708720220174, 'hidden_size': 44, 'dropout': 0.24197353711603922, 'hidden_continuous_size': 15, 'attention_head_size': 3, 'learning_rate': 0.053768266012296534}. Best is trial 47 with value: 0.08138816803693771.
LOCAL_RANK: 0 - CUDA_VISIBLE_DEVICES: [0]
[I 2023-11-30 05:56:11,685] Trial 63 finished with value: 0.14109085500240326 and parameters: {'gradient_clip_val': 0.3321646723507675, 'hidden_size': 35, 'dropout': 0.261561752436591, 'hidden_continuous_size': 14, 'attention_head_size': 3, 'learning_rate': 0.035718830028865445}. Best is trial 47 with value: 0.08138816803693771.
LOCAL_RANK: 0 - CUDA_VISIBLE_DEVICES: [0]
[I 2023-11-30 05:56:24,658] Trial 64 finished with value: 0.08986500650644302 and parameters: {'gradient_clip_val': 0.2500789549078301, 'hidden_size': 39, 'dropout': 0.22657047987651943, 'hidden_continuous_size': 14, 'attention_head_size': 3, 'learning_rate': 0.04317327891113835}. Best is trial 47 with value: 0.08138816803693771.
LOCAL_RANK: 0 - CUDA_VISIBLE_DEVICES: [0]
[I 2023-11-30 05:56:38,114] Trial 65 finished with value: 0.11313282698392868 and parameters: {'gradient_clip_val': 0.2533240456089446, 'hidden_size': 54, 'dropout': 0.223421805041958, 'hidden_continuous_size': 24, 'attention_head_size': 3, 'learning_rate': 0.03029308642289963}. Best is trial 47 with value: 0.08138816803693771.
LOCAL_RANK: 0 - CUDA_VISIBLE_DEVICES: [0]
[I 2023-11-30 05:56:51,287] Trial 66 finished with value: 0.12652023136615753 and parameters: {'gradient_clip_val': 0.23158380314902086, 'hidden_size': 38, 'dropout': 0.21696199236655203, 'hidden_continuous_size': 16, 'attention_head_size': 3, 'learning_rate': 0.043207598459311464}. Best is trial 47 with value: 0.08138816803693771.
LOCAL_RANK: 0 - CUDA_VISIBLE_DEVICES: [0]
[I 2023-11-30 05:57:04,331] Trial 67 finished with value: 0.0770426094532013 and parameters: {'gradient_clip_val': 0.28035234527826713, 'hidden_size': 42, 'dropout': 0.24338212539429513, 'hidden_continuous_size': 14, 'attention_head_size': 3, 'learning_rate': 0.05858528116657763}. Best is trial 67 with value: 0.0770426094532013.
LOCAL_RANK: 0 - CUDA_VISIBLE_DEVICES: [0]
[I 2023-11-30 05:57:17,108] Trial 68 finished with value: 0.08539385348558426 and parameters: {'gradient_clip_val': 0.322469519892369, 'hidden_size': 31, 'dropout': 0.24589014926586575, 'hidden_continuous_size': 14, 'attention_head_size': 3, 'learning_rate': 0.05543303792357948}. Best is trial 67 with value: 0.0770426094532013.
LOCAL_RANK: 0 - CUDA_VISIBLE_DEVICES: [0]
[I 2023-11-30 05:57:29,819] Trial 69 finished with value: 0.10267239809036255 and parameters: {'gradient_clip_val': 0.2883633009013711, 'hidden_size': 32, 'dropout': 0.24435479611677, 'hidden_continuous_size': 14, 'attention_head_size': 3, 'learning_rate': 0.057810108048972}. Best is trial 67 with value: 0.0770426094532013.
LOCAL_RANK: 0 - CUDA_VISIBLE_DEVICES: [0]
[I 2023-11-30 05:57:42,602] Trial 70 finished with value: 0.19389742612838745 and parameters: {'gradient_clip_val': 0.21392412699124683, 'hidden_size': 44, 'dropout': 0.20528024549247798, 'hidden_continuous_size': 16, 'attention_head_size': 3, 'learning_rate': 0.08539968752409473}. Best is trial 67 with value: 0.0770426094532013.
LOCAL_RANK: 0 - CUDA_VISIBLE_DEVICES: [0]
[I 2023-11-30 05:57:55,550] Trial 71 finished with value: 0.11662250757217407 and parameters: {'gradient_clip_val': 0.32101360832240877, 'hidden_size': 36, 'dropout': 0.2535784400919641, 'hidden_continuous_size': 13, 'attention_head_size': 3, 'learning_rate': 0.06399016802652767}. Best is trial 67 with value: 0.0770426094532013.
LOCAL_RANK: 0 - CUDA_VISIBLE_DEVICES: [0]
[I 2023-11-30 05:58:08,440] Trial 72 finished with value: 0.12436205893754959 and parameters: {'gradient_clip_val': 0.2500653893729633, 'hidden_size': 33, 'dropout': 0.2726164961762283, 'hidden_continuous_size': 15, 'attention_head_size': 3, 'learning_rate': 0.04946971447691544}. Best is trial 67 with value: 0.0770426094532013.
LOCAL_RANK: 0 - CUDA_VISIBLE_DEVICES: [0]
[I 2023-11-30 05:58:21,292] Trial 73 finished with value: 0.14230568706989288 and parameters: {'gradient_clip_val': 0.3062446590222614, 'hidden_size': 40, 'dropout': 0.236798074258031, 'hidden_continuous_size': 14, 'attention_head_size': 3, 'learning_rate': 0.05379304344814387}. Best is trial 67 with value: 0.0770426094532013.
LOCAL_RANK: 0 - CUDA_VISIBLE_DEVICES: [0]
[I 2023-11-30 05:58:34,443] Trial 74 finished with value: 0.10639580339193344 and parameters: {'gradient_clip_val': 0.3746464621803142, 'hidden_size': 49, 'dropout': 0.2493947928558726, 'hidden_continuous_size': 17, 'attention_head_size': 3, 'learning_rate': 0.08874211404088883}. Best is trial 67 with value: 0.0770426094532013.
LOCAL_RANK: 0 - CUDA_VISIBLE_DEVICES: [0]
[I 2023-11-30 05:58:46,876] Trial 75 finished with value: 0.0993877649307251 and parameters: {'gradient_clip_val': 0.2700215949264786, 'hidden_size': 28, 'dropout': 0.26882642190755046, 'hidden_continuous_size': 13, 'attention_head_size': 3, 'learning_rate': 0.06702964565945774}. Best is trial 67 with value: 0.0770426094532013.
LOCAL_RANK: 0 - CUDA_VISIBLE_DEVICES: [0]
[I 2023-11-30 05:58:59,391] Trial 76 finished with value: 0.13910868763923645 and parameters: {'gradient_clip_val': 0.28065070907143497, 'hidden_size': 28, 'dropout': 0.2602214295549338, 'hidden_continuous_size': 13, 'attention_head_size': 3, 'learning_rate': 0.06600334700550547}. Best is trial 67 with value: 0.0770426094532013.
LOCAL_RANK: 0 - CUDA_VISIBLE_DEVICES: [0]
[I 2023-11-30 05:59:12,079] Trial 77 finished with value: 0.10647106170654297 and parameters: {'gradient_clip_val': 0.26166728488222374, 'hidden_size': 31, 'dropout': 0.26751344718017833, 'hidden_continuous_size': 14, 'attention_head_size': 3, 'learning_rate': 0.07741243257312502}. Best is trial 67 with value: 0.0770426094532013.
LOCAL_RANK: 0 - CUDA_VISIBLE_DEVICES: [0]
[I 2023-11-30 05:59:24,643] Trial 78 finished with value: 0.14584994316101074 and parameters: {'gradient_clip_val': 0.23667221571498454, 'hidden_size': 27, 'dropout': 0.22234311150686878, 'hidden_continuous_size': 13, 'attention_head_size': 2, 'learning_rate': 0.09996964872789207}. Best is trial 67 with value: 0.0770426094532013.
LOCAL_RANK: 0 - CUDA_VISIBLE_DEVICES: [0]
[I 2023-11-30 05:59:37,576] Trial 79 finished with value: 0.0952841266989708 and parameters: {'gradient_clip_val': 0.3169780812920245, 'hidden_size': 38, 'dropout': 0.24394610182964757, 'hidden_continuous_size': 11, 'attention_head_size': 3, 'learning_rate': 0.06054377646021946}. Best is trial 67 with value: 0.0770426094532013.
LOCAL_RANK: 0 - CUDA_VISIBLE_DEVICES: [0]
[I 2023-11-30 05:59:50,620] Trial 80 finished with value: 0.12404423952102661 and parameters: {'gradient_clip_val': 0.3207590689849576, 'hidden_size': 43, 'dropout': 0.2421836745922868, 'hidden_continuous_size': 11, 'attention_head_size': 3, 'learning_rate': 0.056981217069641044}. Best is trial 67 with value: 0.0770426094532013.
LOCAL_RANK: 0 - CUDA_VISIBLE_DEVICES: [0]
[I 2023-11-30 06:00:03,628] Trial 81 finished with value: 0.1252986639738083 and parameters: {'gradient_clip_val': 0.29459152688147444, 'hidden_size': 34, 'dropout': 0.24673624739672156, 'hidden_continuous_size': 12, 'attention_head_size': 3, 'learning_rate': 0.06743756887378353}. Best is trial 67 with value: 0.0770426094532013.
LOCAL_RANK: 0 - CUDA_VISIBLE_DEVICES: [0]
[I 2023-11-30 06:00:16,556] Trial 82 finished with value: 0.1024191603064537 and parameters: {'gradient_clip_val': 0.26810521162974593, 'hidden_size': 39, 'dropout': 0.2577214065988691, 'hidden_continuous_size': 11, 'attention_head_size': 3, 'learning_rate': 0.0897756313747275}. Best is trial 67 with value: 0.0770426094532013.
LOCAL_RANK: 0 - CUDA_VISIBLE_DEVICES: [0]
[I 2023-11-30 06:00:29,460] Trial 83 finished with value: 0.11341782659292221 and parameters: {'gradient_clip_val': 0.28245663907163554, 'hidden_size': 37, 'dropout': 0.23635413650934256, 'hidden_continuous_size': 12, 'attention_head_size': 3, 'learning_rate': 0.07354015061711044}. Best is trial 67 with value: 0.0770426094532013.
LOCAL_RANK: 0 - CUDA_VISIBLE_DEVICES: [0]
[I 2023-11-30 06:00:42,097] Trial 84 finished with value: 0.18788520991802216 and parameters: {'gradient_clip_val': 0.30572737020915797, 'hidden_size': 31, 'dropout': 0.26809636387584884, 'hidden_continuous_size': 14, 'attention_head_size': 3, 'learning_rate': 0.04104819331731211}. Best is trial 67 with value: 0.0770426094532013.
LOCAL_RANK: 0 - CUDA_VISIBLE_DEVICES: [0]
[I 2023-11-30 06:00:54,676] Trial 85 finished with value: 0.24095134437084198 and parameters: {'gradient_clip_val': 0.3513605059083371, 'hidden_size': 17, 'dropout': 0.21420307373377198, 'hidden_continuous_size': 14, 'attention_head_size': 3, 'learning_rate': 0.060772190827811455}. Best is trial 67 with value: 0.0770426094532013.
LOCAL_RANK: 0 - CUDA_VISIBLE_DEVICES: [0]
[I 2023-11-30 06:01:07,493] Trial 86 finished with value: 0.07770144194364548 and parameters: {'gradient_clip_val': 0.3908241738909924, 'hidden_size': 29, 'dropout': 0.23019583377351016, 'hidden_continuous_size': 15, 'attention_head_size': 2, 'learning_rate': 0.07695311303432532}. Best is trial 67 with value: 0.0770426094532013.
LOCAL_RANK: 0 - CUDA_VISIBLE_DEVICES: [0]
[I 2023-11-30 06:01:20,226] Trial 87 finished with value: 0.21938055753707886 and parameters: {'gradient_clip_val': 0.38050981874517786, 'hidden_size': 34, 'dropout': 0.2284367589317935, 'hidden_continuous_size': 15, 'attention_head_size': 2, 'learning_rate': 0.07844749210036185}. Best is trial 67 with value: 0.0770426094532013.
LOCAL_RANK: 0 - CUDA_VISIBLE_DEVICES: [0]
[I 2023-11-30 06:01:33,374] Trial 88 finished with value: 0.1359713077545166 and parameters: {'gradient_clip_val': 0.3350086686201253, 'hidden_size': 46, 'dropout': 0.23363921004160773, 'hidden_continuous_size': 16, 'attention_head_size': 2, 'learning_rate': 0.05099995436054414}. Best is trial 67 with value: 0.0770426094532013.
LOCAL_RANK: 0 - CUDA_VISIBLE_DEVICES: [0]
[I 2023-11-30 06:01:46,197] Trial 89 finished with value: 0.1287214756011963 and parameters: {'gradient_clip_val': 0.39526692494580956, 'hidden_size': 39, 'dropout': 0.19640239009100705, 'hidden_continuous_size': 18, 'attention_head_size': 2, 'learning_rate': 0.08990548421045377}. Best is trial 67 with value: 0.0770426094532013.
LOCAL_RANK: 0 - CUDA_VISIBLE_DEVICES: [0]
[I 2023-11-30 06:01:58,715] Trial 90 finished with value: 0.12909965217113495 and parameters: {'gradient_clip_val': 0.32482479363900335, 'hidden_size': 31, 'dropout': 0.22001434119046595, 'hidden_continuous_size': 15, 'attention_head_size': 1, 'learning_rate': 0.08994322164068803}. Best is trial 67 with value: 0.0770426094532013.
LOCAL_RANK: 0 - CUDA_VISIBLE_DEVICES: [0]
[I 2023-11-30 06:02:11,574] Trial 91 finished with value: 0.09255325049161911 and parameters: {'gradient_clip_val': 0.2911038329528586, 'hidden_size': 30, 'dropout': 0.24964525523218792, 'hidden_continuous_size': 13, 'attention_head_size': 2, 'learning_rate': 0.06790824235572256}. Best is trial 67 with value: 0.0770426094532013.
LOCAL_RANK: 0 - CUDA_VISIBLE_DEVICES: [0]
[I 2023-11-30 06:02:24,117] Trial 92 finished with value: 0.09124976396560669 and parameters: {'gradient_clip_val': 0.3634877071978882, 'hidden_size': 29, 'dropout': 0.2464638367298259, 'hidden_continuous_size': 14, 'attention_head_size': 2, 'learning_rate': 0.07856522888999333}. Best is trial 67 with value: 0.0770426094532013.
LOCAL_RANK: 0 - CUDA_VISIBLE_DEVICES: [0]
[I 2023-11-30 06:02:36,648] Trial 93 finished with value: 0.1148248016834259 and parameters: {'gradient_clip_val': 0.29702881312818746, 'hidden_size': 29, 'dropout': 0.23948322654798335, 'hidden_continuous_size': 14, 'attention_head_size': 2, 'learning_rate': 0.05748035480745742}. Best is trial 67 with value: 0.0770426094532013.
LOCAL_RANK: 0 - CUDA_VISIBLE_DEVICES: [0]
[I 2023-11-30 06:02:49,484] Trial 94 finished with value: 0.09684040397405624 and parameters: {'gradient_clip_val': 0.36343911198586615, 'hidden_size': 33, 'dropout': 0.24418268151255734, 'hidden_continuous_size': 14, 'attention_head_size': 2, 'learning_rate': 0.07967081603607391}. Best is trial 67 with value: 0.0770426094532013.
LOCAL_RANK: 0 - CUDA_VISIBLE_DEVICES: [0]
[I 2023-11-30 06:03:02,192] Trial 95 finished with value: 0.11641035228967667 and parameters: {'gradient_clip_val': 0.3585718445036611, 'hidden_size': 26, 'dropout': 0.20885007856348572, 'hidden_continuous_size': 15, 'attention_head_size': 2, 'learning_rate': 0.0701864412445329}. Best is trial 67 with value: 0.0770426094532013.
LOCAL_RANK: 0 - CUDA_VISIBLE_DEVICES: [0]
[I 2023-11-30 06:03:15,227] Trial 96 finished with value: 0.1320846527814865 and parameters: {'gradient_clip_val': 0.395449481827884, 'hidden_size': 37, 'dropout': 0.257631230339733, 'hidden_continuous_size': 13, 'attention_head_size': 2, 'learning_rate': 0.048264789602643444}. Best is trial 67 with value: 0.0770426094532013.
LOCAL_RANK: 0 - CUDA_VISIBLE_DEVICES: [0]
[I 2023-11-30 06:03:27,849] Trial 97 finished with value: 0.11521298438310623 and parameters: {'gradient_clip_val': 0.3151174090759626, 'hidden_size': 30, 'dropout': 0.24859111046480997, 'hidden_continuous_size': 15, 'attention_head_size': 2, 'learning_rate': 0.0641251544978376}. Best is trial 67 with value: 0.0770426094532013.
LOCAL_RANK: 0 - CUDA_VISIBLE_DEVICES: [0]
[I 2023-11-30 06:03:40,253] Trial 98 finished with value: 0.2135896235704422 and parameters: {'gradient_clip_val': 0.34438811399046443, 'hidden_size': 23, 'dropout': 0.23319832099689922, 'hidden_continuous_size': 14, 'attention_head_size': 2, 'learning_rate': 0.05291921152230931}. Best is trial 67 with value: 0.0770426094532013.
LOCAL_RANK: 0 - CUDA_VISIBLE_DEVICES: [0]
[I 2023-11-30 06:03:53,148] Trial 99 finished with value: 0.08980002254247665 and parameters: {'gradient_clip_val': 0.286238824138451, 'hidden_size': 34, 'dropout': 0.22929976421938564, 'hidden_continuous_size': 13, 'attention_head_size': 2, 'learning_rate': 0.07643629094394153}. Best is trial 67 with value: 0.0770426094532013.
LOCAL_RANK: 0 - CUDA_VISIBLE_DEVICES: [0]
[I 2023-11-30 06:04:06,028] Trial 100 finished with value: 0.15482474863529205 and parameters: {'gradient_clip_val': 0.22347749701809647, 'hidden_size': 35, 'dropout': 0.21472294805813755, 'hidden_continuous_size': 13, 'attention_head_size': 2, 'learning_rate': 0.07542678470271554}. Best is trial 67 with value: 0.0770426094532013.
LOCAL_RANK: 0 - CUDA_VISIBLE_DEVICES: [0]
[I 2023-11-30 06:04:18,731] Trial 101 finished with value: 0.09643099457025528 and parameters: {'gradient_clip_val': 0.2872642113085595, 'hidden_size': 32, 'dropout': 0.22503394720754227, 'hidden_continuous_size': 13, 'attention_head_size': 2, 'learning_rate': 0.08229163364998358}. Best is trial 67 with value: 0.0770426094532013.
LOCAL_RANK: 0 - CUDA_VISIBLE_DEVICES: [0]
