[I 2023-11-29 23:22:03,856] Trial 114 finished with value: 0.09982464462518692 and parameters: {'gradient_clip_val': 0.3406889236606604, 'hidden_size': 39, 'dropout': 0.3236689116066437, 'hidden_continuous_size': 31, 'attention_head_size': 2, 'learning_rate': 0.04156447817697049}. Best is trial 81 with value: 0.0667237937450409.
LOCAL_RANK: 0 - CUDA_VISIBLE_DEVICES: [0]
[I 2023-11-29 23:22:17,034] Trial 115 finished with value: 0.12040502578020096 and parameters: {'gradient_clip_val': 0.26941906105361474, 'hidden_size': 43, 'dropout': 0.3373773715404735, 'hidden_continuous_size': 29, 'attention_head_size': 2, 'learning_rate': 0.038761460864333346}. Best is trial 81 with value: 0.0667237937450409.
LOCAL_RANK: 0 - CUDA_VISIBLE_DEVICES: [0]
[I 2023-11-29 23:22:30,306] Trial 116 finished with value: 0.1264580935239792 and parameters: {'gradient_clip_val': 0.30633034119851466, 'hidden_size': 48, 'dropout': 0.30911870711126077, 'hidden_continuous_size': 27, 'attention_head_size': 2, 'learning_rate': 0.04940093989119504}. Best is trial 81 with value: 0.0667237937450409.
LOCAL_RANK: 0 - CUDA_VISIBLE_DEVICES: [0]
[I 2023-11-29 23:22:43,760] Trial 117 finished with value: 0.13787895441055298 and parameters: {'gradient_clip_val': 0.3527413892180119, 'hidden_size': 57, 'dropout': 0.34983632330638337, 'hidden_continuous_size': 26, 'attention_head_size': 2, 'learning_rate': 0.05698694311825061}. Best is trial 81 with value: 0.0667237937450409.
LOCAL_RANK: 0 - CUDA_VISIBLE_DEVICES: [0]
[I 2023-11-29 23:22:57,250] Trial 118 finished with value: 0.10487040132284164 and parameters: {'gradient_clip_val': 0.3744134563306046, 'hidden_size': 53, 'dropout': 0.2992361423294902, 'hidden_continuous_size': 30, 'attention_head_size': 2, 'learning_rate': 0.03595935354019643}. Best is trial 81 with value: 0.0667237937450409.
LOCAL_RANK: 0 - CUDA_VISIBLE_DEVICES: [0]
[I 2023-11-29 23:23:10,327] Trial 119 finished with value: 0.10175621509552002 and parameters: {'gradient_clip_val': 0.3952215335198455, 'hidden_size': 41, 'dropout': 0.32865703403482605, 'hidden_continuous_size': 28, 'attention_head_size': 2, 'learning_rate': 0.07660925120733635}. Best is trial 81 with value: 0.0667237937450409.
LOCAL_RANK: 0 - CUDA_VISIBLE_DEVICES: [0]
[I 2023-11-29 23:23:23,583] Trial 120 finished with value: 0.09034750610589981 and parameters: {'gradient_clip_val': 0.3300221010181785, 'hidden_size': 46, 'dropout': 0.24812830917634107, 'hidden_continuous_size': 32, 'attention_head_size': 2, 'learning_rate': 0.0628607277463318}. Best is trial 81 with value: 0.0667237937450409.
LOCAL_RANK: 0 - CUDA_VISIBLE_DEVICES: [0]
[I 2023-11-29 23:23:37,172] Trial 121 finished with value: 0.07990182191133499 and parameters: {'gradient_clip_val': 0.32901301044039244, 'hidden_size': 50, 'dropout': 0.25241084448008927, 'hidden_continuous_size': 32, 'attention_head_size': 2, 'learning_rate': 0.06272691381138647}. Best is trial 81 with value: 0.0667237937450409.
LOCAL_RANK: 0 - CUDA_VISIBLE_DEVICES: [0]
[I 2023-11-29 23:23:50,529] Trial 122 finished with value: 0.1561589241027832 and parameters: {'gradient_clip_val': 0.3250673541745026, 'hidden_size': 50, 'dropout': 0.24295088680117932, 'hidden_continuous_size': 32, 'attention_head_size': 2, 'learning_rate': 0.06748473843051407}. Best is trial 81 with value: 0.0667237937450409.
LOCAL_RANK: 0 - CUDA_VISIBLE_DEVICES: [0]
[I 2023-11-29 23:24:04,172] Trial 123 finished with value: 0.07535608857870102 and parameters: {'gradient_clip_val': 0.31474430840645723, 'hidden_size': 55, 'dropout': 0.2563178641516983, 'hidden_continuous_size': 35, 'attention_head_size': 2, 'learning_rate': 0.06300417004518635}. Best is trial 81 with value: 0.0667237937450409.
LOCAL_RANK: 0 - CUDA_VISIBLE_DEVICES: [0]
[I 2023-11-29 23:24:17,853] Trial 124 finished with value: 0.16554294526576996 and parameters: {'gradient_clip_val': 0.29419894382160106, 'hidden_size': 59, 'dropout': 0.26880508165753764, 'hidden_continuous_size': 36, 'attention_head_size': 2, 'learning_rate': 0.05430767446908193}. Best is trial 81 with value: 0.0667237937450409.
LOCAL_RANK: 0 - CUDA_VISIBLE_DEVICES: [0]
[I 2023-11-29 23:24:31,350] Trial 125 finished with value: 0.1315097212791443 and parameters: {'gradient_clip_val': 0.30963836555242064, 'hidden_size': 56, 'dropout': 0.2772284246523093, 'hidden_continuous_size': 38, 'attention_head_size': 2, 'learning_rate': 0.07599512916049653}. Best is trial 81 with value: 0.0667237937450409.
LOCAL_RANK: 0 - CUDA_VISIBLE_DEVICES: [0]
[I 2023-11-29 23:24:44,962] Trial 126 finished with value: 0.09911812096834183 and parameters: {'gradient_clip_val': 0.28255697632350646, 'hidden_size': 53, 'dropout': 0.25601693060940994, 'hidden_continuous_size': 34, 'attention_head_size': 2, 'learning_rate': 0.04679191241059522}. Best is trial 81 with value: 0.0667237937450409.
LOCAL_RANK: 0 - CUDA_VISIBLE_DEVICES: [0]
[I 2023-11-29 23:24:58,731] Trial 127 finished with value: 0.0808277428150177 and parameters: {'gradient_clip_val': 0.34730532080586207, 'hidden_size': 71, 'dropout': 0.26501510159140945, 'hidden_continuous_size': 37, 'attention_head_size': 2, 'learning_rate': 0.09102406613623017}. Best is trial 81 with value: 0.0667237937450409.
LOCAL_RANK: 0 - CUDA_VISIBLE_DEVICES: [0]
[I 2023-11-29 23:25:12,341] Trial 128 finished with value: 0.19549955427646637 and parameters: {'gradient_clip_val': 0.3471449607442602, 'hidden_size': 72, 'dropout': 0.258157004682397, 'hidden_continuous_size': 33, 'attention_head_size': 2, 'learning_rate': 0.08157431630705439}. Best is trial 81 with value: 0.0667237937450409.
LOCAL_RANK: 0 - CUDA_VISIBLE_DEVICES: [0]
[I 2023-11-29 23:25:26,069] Trial 129 finished with value: 0.1033325120806694 and parameters: {'gradient_clip_val': 0.2631284834822901, 'hidden_size': 69, 'dropout': 0.26642641176236576, 'hidden_continuous_size': 35, 'attention_head_size': 2, 'learning_rate': 0.07111251614792993}. Best is trial 81 with value: 0.0667237937450409.
LOCAL_RANK: 0 - CUDA_VISIBLE_DEVICES: [0]
[I 2023-11-29 23:25:39,751] Trial 130 finished with value: 0.10668354481458664 and parameters: {'gradient_clip_val': 0.36607467890246753, 'hidden_size': 62, 'dropout': 0.24941109702857847, 'hidden_continuous_size': 35, 'attention_head_size': 2, 'learning_rate': 0.06033990263014019}. Best is trial 81 with value: 0.0667237937450409.
LOCAL_RANK: 0 - CUDA_VISIBLE_DEVICES: [0]
[I 2023-11-29 23:25:53,513] Trial 131 finished with value: 0.30106520652770996 and parameters: {'gradient_clip_val': 0.3172659468121567, 'hidden_size': 64, 'dropout': 0.2733251495788043, 'hidden_continuous_size': 31, 'attention_head_size': 2, 'learning_rate': 0.08033675786937051}. Best is trial 81 with value: 0.0667237937450409.
LOCAL_RANK: 0 - CUDA_VISIBLE_DEVICES: [0]
[I 2023-11-29 23:26:07,098] Trial 132 finished with value: 0.11551900953054428 and parameters: {'gradient_clip_val': 0.33709424796943904, 'hidden_size': 51, 'dropout': 0.23903736684271013, 'hidden_continuous_size': 39, 'attention_head_size': 2, 'learning_rate': 0.08844187707174922}. Best is trial 81 with value: 0.0667237937450409.
LOCAL_RANK: 0 - CUDA_VISIBLE_DEVICES: [0]
[I 2023-11-29 23:26:20,570] Trial 133 finished with value: 0.07849016040563583 and parameters: {'gradient_clip_val': 0.3556454855646282, 'hidden_size': 56, 'dropout': 0.26394731086938944, 'hidden_continuous_size': 37, 'attention_head_size': 2, 'learning_rate': 0.06623346162041756}. Best is trial 81 with value: 0.0667237937450409.
LOCAL_RANK: 0 - CUDA_VISIBLE_DEVICES: [0]
[I 2023-11-29 23:26:33,803] Trial 134 finished with value: 0.131016805768013 and parameters: {'gradient_clip_val': 0.2986516111867811, 'hidden_size': 48, 'dropout': 0.2844276143934488, 'hidden_continuous_size': 37, 'attention_head_size': 2, 'learning_rate': 0.09193239419020949}. Best is trial 81 with value: 0.0667237937450409.
LOCAL_RANK: 0 - CUDA_VISIBLE_DEVICES: [0]
[I 2023-11-29 23:26:47,410] Trial 135 finished with value: 0.10099479556083679 and parameters: {'gradient_clip_val': 0.35425643122052103, 'hidden_size': 57, 'dropout': 0.2672411336525941, 'hidden_continuous_size': 35, 'attention_head_size': 2, 'learning_rate': 0.06449814602274376}. Best is trial 81 with value: 0.0667237937450409.
LOCAL_RANK: 0 - CUDA_VISIBLE_DEVICES: [0]
[I 2023-11-29 23:27:01,118] Trial 136 finished with value: 0.09057702869176865 and parameters: {'gradient_clip_val': 0.38404004071176295, 'hidden_size': 60, 'dropout': 0.26087733232524196, 'hidden_continuous_size': 37, 'attention_head_size': 2, 'learning_rate': 0.07241731750357648}. Best is trial 81 with value: 0.0667237937450409.
LOCAL_RANK: 0 - CUDA_VISIBLE_DEVICES: [0]
[I 2023-11-29 23:27:14,691] Trial 137 finished with value: 0.12342115491628647 and parameters: {'gradient_clip_val': 0.31580773319223976, 'hidden_size': 54, 'dropout': 0.27562302314504267, 'hidden_continuous_size': 34, 'attention_head_size': 2, 'learning_rate': 0.09141729464439763}. Best is trial 81 with value: 0.0667237937450409.
LOCAL_RANK: 0 - CUDA_VISIBLE_DEVICES: [0]
[I 2023-11-29 23:27:28,086] Trial 138 finished with value: 0.12109547108411789 and parameters: {'gradient_clip_val': 0.33597753168466804, 'hidden_size': 51, 'dropout': 0.2636079180634494, 'hidden_continuous_size': 32, 'attention_head_size': 2, 'learning_rate': 0.06633158408671926}. Best is trial 81 with value: 0.0667237937450409.
LOCAL_RANK: 0 - CUDA_VISIBLE_DEVICES: [0]
[I 2023-11-29 23:27:41,811] Trial 139 finished with value: 0.2190680056810379 and parameters: {'gradient_clip_val': 0.25175215855650257, 'hidden_size': 77, 'dropout': 0.2569150454922794, 'hidden_continuous_size': 21, 'attention_head_size': 2, 'learning_rate': 0.05243846801311923}. Best is trial 81 with value: 0.0667237937450409.
LOCAL_RANK: 0 - CUDA_VISIBLE_DEVICES: [0]
[I 2023-11-29 23:27:55,553] Trial 140 finished with value: 0.12651745975017548 and parameters: {'gradient_clip_val': 0.28107004132070096, 'hidden_size': 66, 'dropout': 0.2348239069634544, 'hidden_continuous_size': 39, 'attention_head_size': 2, 'learning_rate': 0.05905874135032468}. Best is trial 81 with value: 0.0667237937450409.
LOCAL_RANK: 0 - CUDA_VISIBLE_DEVICES: [0]
[I 2023-11-29 23:28:09,045] Trial 141 finished with value: 0.1769045740365982 and parameters: {'gradient_clip_val': 0.3618206151154225, 'hidden_size': 56, 'dropout': 0.250791238251877, 'hidden_continuous_size': 30, 'attention_head_size': 2, 'learning_rate': 0.04364333734751984}. Best is trial 81 with value: 0.0667237937450409.
LOCAL_RANK: 0 - CUDA_VISIBLE_DEVICES: [0]
[I 2023-11-29 23:28:22,528] Trial 142 finished with value: 0.21994514763355255 and parameters: {'gradient_clip_val': 0.3238369241134145, 'hidden_size': 47, 'dropout': 0.2820391279268984, 'hidden_continuous_size': 37, 'attention_head_size': 2, 'learning_rate': 0.04950611311878592}. Best is trial 81 with value: 0.0667237937450409.
LOCAL_RANK: 0 - CUDA_VISIBLE_DEVICES: [0]
[I 2023-11-29 23:28:36,257] Trial 143 finished with value: 0.1363174021244049 and parameters: {'gradient_clip_val': 0.3045133030453655, 'hidden_size': 61, 'dropout': 0.27539132642552216, 'hidden_continuous_size': 44, 'attention_head_size': 2, 'learning_rate': 0.07734470933462793}. Best is trial 81 with value: 0.0667237937450409.
LOCAL_RANK: 0 - CUDA_VISIBLE_DEVICES: [0]
[I 2023-11-29 23:28:49,802] Trial 144 finished with value: 0.12667183578014374 and parameters: {'gradient_clip_val': 0.3493326671222307, 'hidden_size': 53, 'dropout': 0.2905258728973006, 'hidden_continuous_size': 33, 'attention_head_size': 2, 'learning_rate': 0.09945461001966967}. Best is trial 81 with value: 0.0667237937450409.
LOCAL_RANK: 0 - CUDA_VISIBLE_DEVICES: [0]
[I 2023-11-29 23:29:03,465] Trial 145 finished with value: 0.10040485858917236 and parameters: {'gradient_clip_val': 0.3745946809483213, 'hidden_size': 49, 'dropout': 0.27035539427708344, 'hidden_continuous_size': 41, 'attention_head_size': 2, 'learning_rate': 0.056617379313707146}. Best is trial 81 with value: 0.0667237937450409.
LOCAL_RANK: 0 - CUDA_VISIBLE_DEVICES: [0]
[I 2023-11-29 23:29:16,815] Trial 146 finished with value: 0.1819370985031128 and parameters: {'gradient_clip_val': 0.270236329648748, 'hidden_size': 43, 'dropout': 0.31729822152280607, 'hidden_continuous_size': 27, 'attention_head_size': 2, 'learning_rate': 0.08459691302147619}. Best is trial 81 with value: 0.0667237937450409.
LOCAL_RANK: 0 - CUDA_VISIBLE_DEVICES: [0]
[I 2023-11-29 23:29:30,552] Trial 147 finished with value: 0.10789313167333603 and parameters: {'gradient_clip_val': 0.290637040440249, 'hidden_size': 72, 'dropout': 0.3404324441059695, 'hidden_continuous_size': 39, 'attention_head_size': 2, 'learning_rate': 0.04492664543222208}. Best is trial 81 with value: 0.0667237937450409.
LOCAL_RANK: 0 - CUDA_VISIBLE_DEVICES: [0]
[I 2023-11-29 23:29:44,018] Trial 148 finished with value: 0.11829003691673279 and parameters: {'gradient_clip_val': 0.3352561187172034, 'hidden_size': 58, 'dropout': 0.3306507169550767, 'hidden_continuous_size': 25, 'attention_head_size': 2, 'learning_rate': 0.07223323782908102}. Best is trial 81 with value: 0.0667237937450409.
LOCAL_RANK: 0 - CUDA_VISIBLE_DEVICES: [0]
[I 2023-11-29 23:29:57,404] Trial 149 finished with value: 0.1528698205947876 and parameters: {'gradient_clip_val': 0.31165183273510083, 'hidden_size': 45, 'dropout': 0.2558444420416378, 'hidden_continuous_size': 34, 'attention_head_size': 2, 'learning_rate': 0.039329991965112346}. Best is trial 81 with value: 0.0667237937450409.
[I 2023-11-29 23:29:57,513] A new study created in memory with name: no-name-25a6250c-ad03-4f6f-89fb-9cbf1c366e4f
/home/le004/conda/anaconda3/envs/tsff_env/lib/python3.9/site-packages/lightning/fabric/plugins/environments/slurm.py:191: The `srun` command is available on your system but is not used. HINT: If your intention is to run Lightning on SLURM, prepend your python command with `srun` like so: srun python /home/le004/master_thesis/git/TSFusionForecast/code/ ...
LOCAL_RANK: 0 - CUDA_VISIBLE_DEVICES: [0]
[I 2023-11-29 23:30:10,394] Trial 0 finished with value: 0.2133604735136032 and parameters: {'gradient_clip_val': 0.8069940356208791, 'hidden_size': 31, 'dropout': 0.2591359710544679, 'hidden_continuous_size': 23, 'attention_head_size': 3, 'learning_rate': 0.0179273649554161}. Best is trial 0 with value: 0.2133604735136032.
LOCAL_RANK: 0 - CUDA_VISIBLE_DEVICES: [0]
[I 2023-11-29 23:30:25,029] Trial 1 finished with value: 0.28927257657051086 and parameters: {'gradient_clip_val': 0.2419727165826114, 'hidden_size': 125, 'dropout': 0.39053363255202533, 'hidden_continuous_size': 45, 'attention_head_size': 4, 'learning_rate': 0.004504796677281723}. Best is trial 0 with value: 0.2133604735136032.
LOCAL_RANK: 0 - CUDA_VISIBLE_DEVICES: [0]
[I 2023-11-29 23:30:37,490] Trial 2 finished with value: 0.42053866386413574 and parameters: {'gradient_clip_val': 0.40459928294618097, 'hidden_size': 21, 'dropout': 0.1544569628481192, 'hidden_continuous_size': 17, 'attention_head_size': 2, 'learning_rate': 0.010137077934236242}. Best is trial 0 with value: 0.2133604735136032.
LOCAL_RANK: 0 - CUDA_VISIBLE_DEVICES: [0]
[I 2023-11-29 23:30:50,915] Trial 3 finished with value: 0.2296263426542282 and parameters: {'gradient_clip_val': 0.8766004031109933, 'hidden_size': 53, 'dropout': 0.21935899313434637, 'hidden_continuous_size': 34, 'attention_head_size': 2, 'learning_rate': 0.0706893767668329}. Best is trial 0 with value: 0.2133604735136032.
LOCAL_RANK: 0 - CUDA_VISIBLE_DEVICES: [0]
[I 2023-11-29 23:31:03,665] Trial 4 finished with value: 0.1572314351797104 and parameters: {'gradient_clip_val': 0.2375800218251557, 'hidden_size': 26, 'dropout': 0.21814766917140987, 'hidden_continuous_size': 18, 'attention_head_size': 3, 'learning_rate': 0.042283242967257835}. Best is trial 4 with value: 0.1572314351797104.
LOCAL_RANK: 0 - CUDA_VISIBLE_DEVICES: [0]
[I 2023-11-29 23:31:16,446] Trial 5 finished with value: 0.15379558503627777 and parameters: {'gradient_clip_val': 0.2200917758292409, 'hidden_size': 29, 'dropout': 0.24248436558201128, 'hidden_continuous_size': 20, 'attention_head_size': 3, 'learning_rate': 0.09025051088719178}. Best is trial 5 with value: 0.15379558503627777.
LOCAL_RANK: 0 - CUDA_VISIBLE_DEVICES: [0]
[I 2023-11-29 23:31:29,848] Trial 6 finished with value: 0.4767611026763916 and parameters: {'gradient_clip_val': 0.23156961147151697, 'hidden_size': 58, 'dropout': 0.3339077056090899, 'hidden_continuous_size': 11, 'attention_head_size': 4, 'learning_rate': 0.005196036675859974}. Best is trial 5 with value: 0.15379558503627777.
LOCAL_RANK: 0 - CUDA_VISIBLE_DEVICES: [0]
[I 2023-11-29 23:31:43,933] Trial 7 finished with value: 0.1490727961063385 and parameters: {'gradient_clip_val': 0.4080953978513375, 'hidden_size': 128, 'dropout': 0.2288415766965567, 'hidden_continuous_size': 47, 'attention_head_size': 1, 'learning_rate': 0.019245530990391897}. Best is trial 7 with value: 0.1490727961063385.
LOCAL_RANK: 0 - CUDA_VISIBLE_DEVICES: [0]
[I 2023-11-29 23:31:57,618] Trial 8 finished with value: 0.32112011313438416 and parameters: {'gradient_clip_val': 0.46242553154263344, 'hidden_size': 95, 'dropout': 0.2438701479845838, 'hidden_continuous_size': 19, 'attention_head_size': 2, 'learning_rate': 0.00422770868185573}. Best is trial 7 with value: 0.1490727961063385.
LOCAL_RANK: 0 - CUDA_VISIBLE_DEVICES: [0]
[I 2023-11-29 23:32:10,473] Trial 9 finished with value: 1.09297513961792 and parameters: {'gradient_clip_val': 0.21759454069958847, 'hidden_size': 41, 'dropout': 0.10591417221973509, 'hidden_continuous_size': 11, 'attention_head_size': 2, 'learning_rate': 0.002637337160520763}. Best is trial 7 with value: 0.1490727961063385.
LOCAL_RANK: 0 - CUDA_VISIBLE_DEVICES: [0]
[I 2023-11-29 23:32:22,423] Trial 10 finished with value: 3.2591331005096436 and parameters: {'gradient_clip_val': 0.10776738324985466, 'hidden_size': 12, 'dropout': 0.2968646668147762, 'hidden_continuous_size': 10, 'attention_head_size': 1, 'learning_rate': 0.0016051996774964143}. Best is trial 7 with value: 0.1490727961063385.
LOCAL_RANK: 0 - CUDA_VISIBLE_DEVICES: [0]
[I 2023-11-29 23:32:37,392] Trial 11 finished with value: 0.25359249114990234 and parameters: {'gradient_clip_val': 0.4297830667602677, 'hidden_size': 142, 'dropout': 0.1787511556348244, 'hidden_continuous_size': 77, 'attention_head_size': 1, 'learning_rate': 0.08123638229928543}. Best is trial 7 with value: 0.1490727961063385.
LOCAL_RANK: 0 - CUDA_VISIBLE_DEVICES: [0]
[I 2023-11-29 23:32:51,344] Trial 12 finished with value: 0.277718186378479 and parameters: {'gradient_clip_val': 0.1521284102386194, 'hidden_size': 70, 'dropout': 0.284948803350647, 'hidden_continuous_size': 30, 'attention_head_size': 3, 'learning_rate': 0.025642026709120358}. Best is trial 7 with value: 0.1490727961063385.
LOCAL_RANK: 0 - CUDA_VISIBLE_DEVICES: [0]
[I 2023-11-29 23:33:05,378] Trial 13 finished with value: 0.20213524997234344 and parameters: {'gradient_clip_val': 0.31377700357224075, 'hidden_size': 87, 'dropout': 0.1946172094609998, 'hidden_continuous_size': 45, 'attention_head_size': 1, 'learning_rate': 0.09420129752589303}. Best is trial 7 with value: 0.1490727961063385.
LOCAL_RANK: 0 - CUDA_VISIBLE_DEVICES: [0]
[I 2023-11-29 23:33:18,420] Trial 14 finished with value: 0.19731740653514862 and parameters: {'gradient_clip_val': 0.6365229767231408, 'hidden_size': 43, 'dropout': 0.2511905883103757, 'hidden_continuous_size': 14, 'attention_head_size': 3, 'learning_rate': 0.0384483475319033}. Best is trial 7 with value: 0.1490727961063385.
LOCAL_RANK: 0 - CUDA_VISIBLE_DEVICES: [0]
[I 2023-11-29 23:33:30,930] Trial 15 finished with value: 0.4216848313808441 and parameters: {'gradient_clip_val': 0.3444026577555528, 'hidden_size': 21, 'dropout': 0.15767037277109464, 'hidden_continuous_size': 13, 'attention_head_size': 4, 'learning_rate': 0.01430422085768184}. Best is trial 7 with value: 0.1490727961063385.
LOCAL_RANK: 0 - CUDA_VISIBLE_DEVICES: [0]
[I 2023-11-29 23:33:45,489] Trial 16 finished with value: 0.18710525333881378 and parameters: {'gradient_clip_val': 0.6075721887583876, 'hidden_size': 102, 'dropout': 0.30203236868107647, 'hidden_continuous_size': 84, 'attention_head_size': 1, 'learning_rate': 0.04222595192148282}. Best is trial 7 with value: 0.1490727961063385.
LOCAL_RANK: 0 - CUDA_VISIBLE_DEVICES: [0]
[I 2023-11-29 23:33:59,050] Trial 17 finished with value: 0.14228153228759766 and parameters: {'gradient_clip_val': 0.17976491381893334, 'hidden_size': 68, 'dropout': 0.22877443512558324, 'hidden_continuous_size': 25, 'attention_head_size': 2, 'learning_rate': 0.0234448300272078}. Best is trial 17 with value: 0.14228153228759766.
LOCAL_RANK: 0 - CUDA_VISIBLE_DEVICES: [0]
[I 2023-11-29 23:34:12,483] Trial 18 finished with value: 0.2205156832933426 and parameters: {'gradient_clip_val': 0.13535818117198165, 'hidden_size': 76, 'dropout': 0.20952419475680714, 'hidden_continuous_size': 24, 'attention_head_size': 1, 'learning_rate': 0.0077796715541284716}. Best is trial 17 with value: 0.14228153228759766.
LOCAL_RANK: 0 - CUDA_VISIBLE_DEVICES: [0]
[I 2023-11-29 23:34:27,084] Trial 19 finished with value: 0.1711994856595993 and parameters: {'gradient_clip_val': 0.17798721890533925, 'hidden_size': 145, 'dropout': 0.1757811625567436, 'hidden_continuous_size': 59, 'attention_head_size': 2, 'learning_rate': 0.018733507870656668}. Best is trial 17 with value: 0.14228153228759766.
LOCAL_RANK: 0 - CUDA_VISIBLE_DEVICES: [0]
[I 2023-11-29 23:34:41,443] Trial 20 finished with value: 0.12315124273300171 and parameters: {'gradient_clip_val': 0.29834327676729133, 'hidden_size': 108, 'dropout': 0.12631587527180071, 'hidden_continuous_size': 103, 'attention_head_size': 1, 'learning_rate': 0.01113656505531855}. Best is trial 20 with value: 0.12315124273300171.
LOCAL_RANK: 0 - CUDA_VISIBLE_DEVICES: [0]
