[I 2023-11-30 05:00:04,553] Trial 114 finished with value: 0.0504368357360363 and parameters: {'gradient_clip_val': 0.11161781421051616, 'hidden_size': 51, 'dropout': 0.17826588711430136, 'hidden_continuous_size': 23, 'attention_head_size': 2, 'learning_rate': 0.06026145409501106}. Best is trial 93 with value: 0.036055952310562134.
LOCAL_RANK: 0 - CUDA_VISIBLE_DEVICES: [0]
[I 2023-11-30 05:00:18,155] Trial 115 finished with value: 0.04945791885256767 and parameters: {'gradient_clip_val': 0.13159761969616596, 'hidden_size': 61, 'dropout': 0.1646196435728773, 'hidden_continuous_size': 26, 'attention_head_size': 2, 'learning_rate': 0.034867397520154726}. Best is trial 93 with value: 0.036055952310562134.
LOCAL_RANK: 0 - CUDA_VISIBLE_DEVICES: [0]
[I 2023-11-30 05:00:31,884] Trial 116 finished with value: 0.07925499230623245 and parameters: {'gradient_clip_val': 0.10008916520255313, 'hidden_size': 65, 'dropout': 0.19153284434130752, 'hidden_continuous_size': 28, 'attention_head_size': 2, 'learning_rate': 0.02615848552475221}. Best is trial 93 with value: 0.036055952310562134.
LOCAL_RANK: 0 - CUDA_VISIBLE_DEVICES: [0]
[I 2023-11-30 05:00:44,899] Trial 117 finished with value: 0.05480746924877167 and parameters: {'gradient_clip_val': 0.15127563685648202, 'hidden_size': 41, 'dropout': 0.14815898067932734, 'hidden_continuous_size': 21, 'attention_head_size': 2, 'learning_rate': 0.04879701008810386}. Best is trial 93 with value: 0.036055952310562134.
LOCAL_RANK: 0 - CUDA_VISIBLE_DEVICES: [0]
[I 2023-11-30 05:00:58,132] Trial 118 finished with value: 0.045570652931928635 and parameters: {'gradient_clip_val': 0.11668483328713881, 'hidden_size': 47, 'dropout': 0.20393964047875907, 'hidden_continuous_size': 25, 'attention_head_size': 2, 'learning_rate': 0.03733726625847586}. Best is trial 93 with value: 0.036055952310562134.
LOCAL_RANK: 0 - CUDA_VISIBLE_DEVICES: [0]
[I 2023-11-30 05:01:11,295] Trial 119 finished with value: 0.04387500882148743 and parameters: {'gradient_clip_val': 0.12388118109383409, 'hidden_size': 37, 'dropout': 0.2046578926274985, 'hidden_continuous_size': 22, 'attention_head_size': 2, 'learning_rate': 0.06574664010184204}. Best is trial 93 with value: 0.036055952310562134.
LOCAL_RANK: 0 - CUDA_VISIBLE_DEVICES: [0]
[I 2023-11-30 05:01:24,283] Trial 120 finished with value: 0.034454863518476486 and parameters: {'gradient_clip_val': 0.12267375625698101, 'hidden_size': 37, 'dropout': 0.1968889506010581, 'hidden_continuous_size': 20, 'attention_head_size': 4, 'learning_rate': 0.07910288699552682}. Best is trial 120 with value: 0.034454863518476486.
LOCAL_RANK: 0 - CUDA_VISIBLE_DEVICES: [0]
[I 2023-11-30 05:01:37,367] Trial 121 finished with value: 0.042505595833063126 and parameters: {'gradient_clip_val': 0.12525819547099415, 'hidden_size': 37, 'dropout': 0.19877605597476286, 'hidden_continuous_size': 20, 'attention_head_size': 4, 'learning_rate': 0.07346067206394932}. Best is trial 120 with value: 0.034454863518476486.
LOCAL_RANK: 0 - CUDA_VISIBLE_DEVICES: [0]
[I 2023-11-30 05:01:50,363] Trial 122 finished with value: 0.04494227468967438 and parameters: {'gradient_clip_val': 0.12492223431631029, 'hidden_size': 36, 'dropout': 0.21304425307712802, 'hidden_continuous_size': 19, 'attention_head_size': 4, 'learning_rate': 0.09025479764251838}. Best is trial 120 with value: 0.034454863518476486.
LOCAL_RANK: 0 - CUDA_VISIBLE_DEVICES: [0]
[I 2023-11-30 05:02:03,452] Trial 123 finished with value: 0.05816451087594032 and parameters: {'gradient_clip_val': 0.12303859171477415, 'hidden_size': 35, 'dropout': 0.21374274460752898, 'hidden_continuous_size': 20, 'attention_head_size': 4, 'learning_rate': 0.07908085733693995}. Best is trial 120 with value: 0.034454863518476486.
LOCAL_RANK: 0 - CUDA_VISIBLE_DEVICES: [0]
[I 2023-11-30 05:02:16,722] Trial 124 finished with value: 0.04015582427382469 and parameters: {'gradient_clip_val': 0.10849964492509083, 'hidden_size': 33, 'dropout': 0.20179126769970027, 'hidden_continuous_size': 19, 'attention_head_size': 4, 'learning_rate': 0.09292787727875515}. Best is trial 120 with value: 0.034454863518476486.
LOCAL_RANK: 0 - CUDA_VISIBLE_DEVICES: [0]
[I 2023-11-30 05:02:29,720] Trial 125 finished with value: 0.04905541613698006 and parameters: {'gradient_clip_val': 0.10594082213004268, 'hidden_size': 37, 'dropout': 0.20426300678173143, 'hidden_continuous_size': 18, 'attention_head_size': 4, 'learning_rate': 0.09084829055284185}. Best is trial 120 with value: 0.034454863518476486.
LOCAL_RANK: 0 - CUDA_VISIBLE_DEVICES: [0]
[I 2023-11-30 05:02:42,620] Trial 126 finished with value: 0.07817470282316208 and parameters: {'gradient_clip_val': 0.11020121604029727, 'hidden_size': 33, 'dropout': 0.2187740280419891, 'hidden_continuous_size': 20, 'attention_head_size': 4, 'learning_rate': 0.09913869493772541}. Best is trial 120 with value: 0.034454863518476486.
LOCAL_RANK: 0 - CUDA_VISIBLE_DEVICES: [0]
[I 2023-11-30 05:02:55,622] Trial 127 finished with value: 0.04774525761604309 and parameters: {'gradient_clip_val': 0.11615413036354215, 'hidden_size': 30, 'dropout': 0.19743666088683903, 'hidden_continuous_size': 18, 'attention_head_size': 4, 'learning_rate': 0.07205075817946974}. Best is trial 120 with value: 0.034454863518476486.
LOCAL_RANK: 0 - CUDA_VISIBLE_DEVICES: [0]
[I 2023-11-30 05:03:08,776] Trial 128 finished with value: 0.07015325874090195 and parameters: {'gradient_clip_val': 0.13632183025606143, 'hidden_size': 39, 'dropout': 0.20608335428153415, 'hidden_continuous_size': 19, 'attention_head_size': 4, 'learning_rate': 0.08437857865938203}. Best is trial 120 with value: 0.034454863518476486.
LOCAL_RANK: 0 - CUDA_VISIBLE_DEVICES: [0]
[I 2023-11-30 05:03:21,787] Trial 129 finished with value: 0.04949312284588814 and parameters: {'gradient_clip_val': 0.10818838711492365, 'hidden_size': 30, 'dropout': 0.21050878929752867, 'hidden_continuous_size': 20, 'attention_head_size': 4, 'learning_rate': 0.06601355371617101}. Best is trial 120 with value: 0.034454863518476486.
LOCAL_RANK: 0 - CUDA_VISIBLE_DEVICES: [0]
[I 2023-11-30 05:03:34,576] Trial 130 finished with value: 0.0597803108394146 and parameters: {'gradient_clip_val': 0.12693382208729248, 'hidden_size': 36, 'dropout': 0.23455735848535417, 'hidden_continuous_size': 17, 'attention_head_size': 4, 'learning_rate': 0.07691774892839753}. Best is trial 120 with value: 0.034454863518476486.
LOCAL_RANK: 0 - CUDA_VISIBLE_DEVICES: [0]
[I 2023-11-30 05:03:47,684] Trial 131 finished with value: 0.05683933570981026 and parameters: {'gradient_clip_val': 0.12148835053074886, 'hidden_size': 38, 'dropout': 0.19598467976776124, 'hidden_continuous_size': 19, 'attention_head_size': 4, 'learning_rate': 0.0894680374679648}. Best is trial 120 with value: 0.034454863518476486.
LOCAL_RANK: 0 - CUDA_VISIBLE_DEVICES: [0]
[I 2023-11-30 05:04:00,933] Trial 132 finished with value: 0.05815965309739113 and parameters: {'gradient_clip_val': 0.12028143028943604, 'hidden_size': 42, 'dropout': 0.18835879947907505, 'hidden_continuous_size': 21, 'attention_head_size': 4, 'learning_rate': 0.06598925483675121}. Best is trial 120 with value: 0.034454863518476486.
LOCAL_RANK: 0 - CUDA_VISIBLE_DEVICES: [0]
[I 2023-11-30 05:04:14,071] Trial 133 finished with value: 0.053674280643463135 and parameters: {'gradient_clip_val': 0.11354279212924508, 'hidden_size': 39, 'dropout': 0.19304460893260877, 'hidden_continuous_size': 19, 'attention_head_size': 4, 'learning_rate': 0.08286294177626038}. Best is trial 120 with value: 0.034454863518476486.
LOCAL_RANK: 0 - CUDA_VISIBLE_DEVICES: [0]
[I 2023-11-30 05:04:27,309] Trial 134 finished with value: 0.04873895272612572 and parameters: {'gradient_clip_val': 0.14320941053269606, 'hidden_size': 34, 'dropout': 0.20220130790067714, 'hidden_continuous_size': 20, 'attention_head_size': 4, 'learning_rate': 0.07394073959481703}. Best is trial 120 with value: 0.034454863518476486.
LOCAL_RANK: 0 - CUDA_VISIBLE_DEVICES: [0]
[I 2023-11-30 05:04:40,305] Trial 135 finished with value: 0.050786327570676804 and parameters: {'gradient_clip_val': 0.13308921744570434, 'hidden_size': 37, 'dropout': 0.18592397683130532, 'hidden_continuous_size': 21, 'attention_head_size': 4, 'learning_rate': 0.06120424186962907}. Best is trial 120 with value: 0.034454863518476486.
LOCAL_RANK: 0 - CUDA_VISIBLE_DEVICES: [0]
[I 2023-11-30 05:04:53,090] Trial 136 finished with value: 0.06389092653989792 and parameters: {'gradient_clip_val': 0.12518257100022623, 'hidden_size': 32, 'dropout': 0.21553674345098556, 'hidden_continuous_size': 19, 'attention_head_size': 4, 'learning_rate': 0.09130117027507359}. Best is trial 120 with value: 0.034454863518476486.
LOCAL_RANK: 0 - CUDA_VISIBLE_DEVICES: [0]
[I 2023-11-30 05:05:06,367] Trial 137 finished with value: 0.07686842232942581 and parameters: {'gradient_clip_val': 0.10678156354976251, 'hidden_size': 41, 'dropout': 0.18099705182569945, 'hidden_continuous_size': 18, 'attention_head_size': 4, 'learning_rate': 0.05809463804006978}. Best is trial 120 with value: 0.034454863518476486.
LOCAL_RANK: 0 - CUDA_VISIBLE_DEVICES: [0]
[I 2023-11-30 05:05:19,657] Trial 138 finished with value: 0.03977786377072334 and parameters: {'gradient_clip_val': 0.11637149379566555, 'hidden_size': 46, 'dropout': 0.20808501802276944, 'hidden_continuous_size': 21, 'attention_head_size': 4, 'learning_rate': 0.0701935911905922}. Best is trial 120 with value: 0.034454863518476486.
LOCAL_RANK: 0 - CUDA_VISIBLE_DEVICES: [0]
[I 2023-11-30 05:05:33,039] Trial 139 finished with value: 0.033133264631032944 and parameters: {'gradient_clip_val': 0.10322773373157874, 'hidden_size': 44, 'dropout': 0.2110431263106474, 'hidden_continuous_size': 21, 'attention_head_size': 4, 'learning_rate': 0.079817053804275}. Best is trial 139 with value: 0.033133264631032944.
LOCAL_RANK: 0 - CUDA_VISIBLE_DEVICES: [0]
[I 2023-11-30 05:05:46,308] Trial 140 finished with value: 0.05841740965843201 and parameters: {'gradient_clip_val': 0.1043144271076221, 'hidden_size': 43, 'dropout': 0.22288415322952082, 'hidden_continuous_size': 22, 'attention_head_size': 4, 'learning_rate': 0.06701000128866677}. Best is trial 139 with value: 0.033133264631032944.
LOCAL_RANK: 0 - CUDA_VISIBLE_DEVICES: [0]
[I 2023-11-30 05:05:59,290] Trial 141 finished with value: 0.037944257259368896 and parameters: {'gradient_clip_val': 0.1150678401134617, 'hidden_size': 36, 'dropout': 0.20910533717818305, 'hidden_continuous_size': 20, 'attention_head_size': 4, 'learning_rate': 0.08094509164475373}. Best is trial 139 with value: 0.033133264631032944.
LOCAL_RANK: 0 - CUDA_VISIBLE_DEVICES: [0]
[I 2023-11-30 05:06:12,540] Trial 142 finished with value: 0.059955816715955734 and parameters: {'gradient_clip_val': 0.11073781930184272, 'hidden_size': 45, 'dropout': 0.2078807017299911, 'hidden_continuous_size': 21, 'attention_head_size': 4, 'learning_rate': 0.0812409423741724}. Best is trial 139 with value: 0.033133264631032944.
LOCAL_RANK: 0 - CUDA_VISIBLE_DEVICES: [0]
[I 2023-11-30 05:06:25,603] Trial 143 finished with value: 0.04189680144190788 and parameters: {'gradient_clip_val': 0.10011419153246945, 'hidden_size': 35, 'dropout': 0.214849552247097, 'hidden_continuous_size': 20, 'attention_head_size': 4, 'learning_rate': 0.09374562263910932}. Best is trial 139 with value: 0.033133264631032944.
LOCAL_RANK: 0 - CUDA_VISIBLE_DEVICES: [0]
[I 2023-11-30 05:06:38,819] Trial 144 finished with value: 0.053957536816596985 and parameters: {'gradient_clip_val': 0.10129872593991214, 'hidden_size': 34, 'dropout': 0.19988327801806083, 'hidden_continuous_size': 20, 'attention_head_size': 4, 'learning_rate': 0.0971138041486818}. Best is trial 139 with value: 0.033133264631032944.
LOCAL_RANK: 0 - CUDA_VISIBLE_DEVICES: [0]
[I 2023-11-30 05:06:52,054] Trial 145 finished with value: 0.08745316416025162 and parameters: {'gradient_clip_val': 0.11571725336713254, 'hidden_size': 39, 'dropout': 0.23132517172897857, 'hidden_continuous_size': 21, 'attention_head_size': 4, 'learning_rate': 0.07157068960423982}. Best is trial 139 with value: 0.033133264631032944.
LOCAL_RANK: 0 - CUDA_VISIBLE_DEVICES: [0]
[I 2023-11-30 05:07:05,340] Trial 146 finished with value: 0.1009196862578392 and parameters: {'gradient_clip_val': 0.10373404047844835, 'hidden_size': 45, 'dropout': 0.20918852769684151, 'hidden_continuous_size': 22, 'attention_head_size': 4, 'learning_rate': 0.07847047881620377}. Best is trial 139 with value: 0.033133264631032944.
LOCAL_RANK: 0 - CUDA_VISIBLE_DEVICES: [0]
[I 2023-11-30 05:07:18,504] Trial 147 finished with value: 0.04156647250056267 and parameters: {'gradient_clip_val': 0.10650846395209915, 'hidden_size': 41, 'dropout': 0.2190083069069441, 'hidden_continuous_size': 21, 'attention_head_size': 4, 'learning_rate': 0.054096851181890816}. Best is trial 139 with value: 0.033133264631032944.
LOCAL_RANK: 0 - CUDA_VISIBLE_DEVICES: [0]
[I 2023-11-30 05:07:31,648] Trial 148 finished with value: 0.06314299255609512 and parameters: {'gradient_clip_val': 0.10078528559166254, 'hidden_size': 41, 'dropout': 0.20312599435522516, 'hidden_continuous_size': 21, 'attention_head_size': 4, 'learning_rate': 0.056072481391558696}. Best is trial 139 with value: 0.033133264631032944.
LOCAL_RANK: 0 - CUDA_VISIBLE_DEVICES: [0]
[I 2023-11-30 05:07:44,611] Trial 149 finished with value: 0.051709193736314774 and parameters: {'gradient_clip_val': 0.10781005150902524, 'hidden_size': 32, 'dropout': 0.21966662324868436, 'hidden_continuous_size': 21, 'attention_head_size': 4, 'learning_rate': 0.06320040991398304}. Best is trial 139 with value: 0.033133264631032944.
[I 2023-11-30 05:07:44,729] A new study created in memory with name: no-name-ac2fbe8b-e8a8-4372-992c-ce62638fbbee
/home/le004/conda/anaconda3/envs/tsff_env/lib/python3.9/site-packages/lightning/fabric/plugins/environments/slurm.py:191: The `srun` command is available on your system but is not used. HINT: If your intention is to run Lightning on SLURM, prepend your python command with `srun` like so: srun python /home/le004/master_thesis/git/TSFusionForecast/code/ ...
LOCAL_RANK: 0 - CUDA_VISIBLE_DEVICES: [0]
[I 2023-11-30 05:07:57,571] Trial 0 finished with value: 1.1476408243179321 and parameters: {'gradient_clip_val': 0.11108521828798493, 'hidden_size': 40, 'dropout': 0.2910881834489498, 'hidden_continuous_size': 16, 'attention_head_size': 3, 'learning_rate': 0.002861258144605028}. Best is trial 0 with value: 1.1476408243179321.
LOCAL_RANK: 0 - CUDA_VISIBLE_DEVICES: [0]
[I 2023-11-30 05:08:09,916] Trial 1 finished with value: 2.105736017227173 and parameters: {'gradient_clip_val': 0.15870127933453657, 'hidden_size': 24, 'dropout': 0.22281157334551221, 'hidden_continuous_size': 18, 'attention_head_size': 3, 'learning_rate': 0.0020272915647083735}. Best is trial 0 with value: 1.1476408243179321.
LOCAL_RANK: 0 - CUDA_VISIBLE_DEVICES: [0]
[I 2023-11-30 05:08:23,777] Trial 2 finished with value: 0.5272733569145203 and parameters: {'gradient_clip_val': 0.11304942818015203, 'hidden_size': 117, 'dropout': 0.36390942336377596, 'hidden_continuous_size': 14, 'attention_head_size': 2, 'learning_rate': 0.00229562029028151}. Best is trial 2 with value: 0.5272733569145203.
LOCAL_RANK: 0 - CUDA_VISIBLE_DEVICES: [0]
[I 2023-11-30 05:08:38,004] Trial 3 finished with value: 0.15134836733341217 and parameters: {'gradient_clip_val': 0.9259158041730641, 'hidden_size': 114, 'dropout': 0.347480893680586, 'hidden_continuous_size': 18, 'attention_head_size': 3, 'learning_rate': 0.03727044507023066}. Best is trial 3 with value: 0.15134836733341217.
LOCAL_RANK: 0 - CUDA_VISIBLE_DEVICES: [0]
[I 2023-11-30 05:08:50,569] Trial 4 finished with value: 0.44961753487586975 and parameters: {'gradient_clip_val': 0.29151858105208756, 'hidden_size': 28, 'dropout': 0.357784880861858, 'hidden_continuous_size': 13, 'attention_head_size': 4, 'learning_rate': 0.008626958828551516}. Best is trial 3 with value: 0.15134836733341217.
LOCAL_RANK: 0 - CUDA_VISIBLE_DEVICES: [0]
[I 2023-11-30 05:09:04,734] Trial 5 finished with value: 0.25143277645111084 and parameters: {'gradient_clip_val': 0.22291656091603199, 'hidden_size': 135, 'dropout': 0.13021479946070946, 'hidden_continuous_size': 18, 'attention_head_size': 1, 'learning_rate': 0.0037861556820111344}. Best is trial 3 with value: 0.15134836733341217.
LOCAL_RANK: 0 - CUDA_VISIBLE_DEVICES: [0]
[I 2023-11-30 05:09:19,113] Trial 6 finished with value: 0.14623494446277618 and parameters: {'gradient_clip_val': 0.16797468793337747, 'hidden_size': 143, 'dropout': 0.1529484755249598, 'hidden_continuous_size': 39, 'attention_head_size': 1, 'learning_rate': 0.018611659689413942}. Best is trial 6 with value: 0.14623494446277618.
LOCAL_RANK: 0 - CUDA_VISIBLE_DEVICES: [0]
[I 2023-11-30 05:09:31,965] Trial 7 finished with value: 0.19471247494220734 and parameters: {'gradient_clip_val': 0.13805546370613142, 'hidden_size': 30, 'dropout': 0.21389798430440787, 'hidden_continuous_size': 21, 'attention_head_size': 3, 'learning_rate': 0.02901801765536574}. Best is trial 6 with value: 0.14623494446277618.
LOCAL_RANK: 0 - CUDA_VISIBLE_DEVICES: [0]
[I 2023-11-30 05:09:45,608] Trial 8 finished with value: 0.16836760938167572 and parameters: {'gradient_clip_val': 0.12000921859235578, 'hidden_size': 59, 'dropout': 0.2581837625955057, 'hidden_continuous_size': 23, 'attention_head_size': 3, 'learning_rate': 0.015154573302270385}. Best is trial 6 with value: 0.14623494446277618.
LOCAL_RANK: 0 - CUDA_VISIBLE_DEVICES: [0]
[I 2023-11-30 05:09:59,800] Trial 9 finished with value: 0.11959036439657211 and parameters: {'gradient_clip_val': 0.11732976608891367, 'hidden_size': 111, 'dropout': 0.13117227180607743, 'hidden_continuous_size': 45, 'attention_head_size': 1, 'learning_rate': 0.07023891309677796}. Best is trial 9 with value: 0.11959036439657211.
LOCAL_RANK: 0 - CUDA_VISIBLE_DEVICES: [0]
[I 2023-11-30 05:10:12,119] Trial 10 finished with value: 0.25116273760795593 and parameters: {'gradient_clip_val': 0.4079997366787735, 'hidden_size': 14, 'dropout': 0.10672804989359119, 'hidden_continuous_size': 10, 'attention_head_size': 1, 'learning_rate': 0.0928628191073536}. Best is trial 9 with value: 0.11959036439657211.
LOCAL_RANK: 0 - CUDA_VISIBLE_DEVICES: [0]
[I 2023-11-30 05:10:25,907] Trial 11 finished with value: 0.15424935519695282 and parameters: {'gradient_clip_val': 0.1833465080057917, 'hidden_size': 76, 'dropout': 0.157627003593919, 'hidden_continuous_size': 43, 'attention_head_size': 1, 'learning_rate': 0.06665560451681438}. Best is trial 9 with value: 0.11959036439657211.
LOCAL_RANK: 0 - CUDA_VISIBLE_DEVICES: [0]
[I 2023-11-30 05:10:40,837] Trial 12 finished with value: 0.21695078909397125 and parameters: {'gradient_clip_val': 0.10323633431415716, 'hidden_size': 150, 'dropout': 0.17517490300001912, 'hidden_continuous_size': 71, 'attention_head_size': 2, 'learning_rate': 0.042450648361293766}. Best is trial 9 with value: 0.11959036439657211.
LOCAL_RANK: 0 - CUDA_VISIBLE_DEVICES: [0]
[I 2023-11-30 05:10:54,646] Trial 13 finished with value: 0.12600275874137878 and parameters: {'gradient_clip_val': 0.18906054819514234, 'hidden_size': 80, 'dropout': 0.15567497902493307, 'hidden_continuous_size': 33, 'attention_head_size': 1, 'learning_rate': 0.019280960124371832}. Best is trial 9 with value: 0.11959036439657211.
LOCAL_RANK: 0 - CUDA_VISIBLE_DEVICES: [0]
[I 2023-11-30 05:11:08,394] Trial 14 finished with value: 0.11146650463342667 and parameters: {'gradient_clip_val': 0.2240306627820422, 'hidden_size': 75, 'dropout': 0.10099172674245235, 'hidden_continuous_size': 30, 'attention_head_size': 2, 'learning_rate': 0.09105021428245089}. Best is trial 14 with value: 0.11146650463342667.
LOCAL_RANK: 0 - CUDA_VISIBLE_DEVICES: [0]
[I 2023-11-30 05:11:21,698] Trial 15 finished with value: 0.3498619496822357 and parameters: {'gradient_clip_val': 0.23827998291550168, 'hidden_size': 56, 'dropout': 0.10307168435829801, 'hidden_continuous_size': 29, 'attention_head_size': 2, 'learning_rate': 0.09822353255532992}. Best is trial 14 with value: 0.11146650463342667.
LOCAL_RANK: 0 - CUDA_VISIBLE_DEVICES: [0]
[I 2023-11-30 05:11:35,767] Trial 16 finished with value: 0.10554244369268417 and parameters: {'gradient_clip_val': 0.36299755055692745, 'hidden_size': 79, 'dropout': 0.10262822829572257, 'hidden_continuous_size': 49, 'attention_head_size': 2, 'learning_rate': 0.05750139754320084}. Best is trial 16 with value: 0.10554244369268417.
LOCAL_RANK: 0 - CUDA_VISIBLE_DEVICES: [0]
[I 2023-11-30 05:11:49,785] Trial 17 finished with value: 0.10257788747549057 and parameters: {'gradient_clip_val': 0.36329996019010946, 'hidden_size': 79, 'dropout': 0.18619360210852576, 'hidden_continuous_size': 56, 'attention_head_size': 2, 'learning_rate': 0.05124721463373628}. Best is trial 17 with value: 0.10257788747549057.
LOCAL_RANK: 0 - CUDA_VISIBLE_DEVICES: [0]
[I 2023-11-30 05:12:03,834] Trial 18 finished with value: 0.10733476281166077 and parameters: {'gradient_clip_val': 0.4167751609288507, 'hidden_size': 49, 'dropout': 0.18929648898710438, 'hidden_continuous_size': 47, 'attention_head_size': 4, 'learning_rate': 0.05180401560444538}. Best is trial 17 with value: 0.10257788747549057.
LOCAL_RANK: 0 - CUDA_VISIBLE_DEVICES: [0]
[I 2023-11-30 05:12:18,084] Trial 19 finished with value: 0.11942990869283676 and parameters: {'gradient_clip_val': 0.4272334072076666, 'hidden_size': 93, 'dropout': 0.19351728544255, 'hidden_continuous_size': 64, 'attention_head_size': 2, 'learning_rate': 0.029524233559219314}. Best is trial 17 with value: 0.10257788747549057.
LOCAL_RANK: 0 - CUDA_VISIBLE_DEVICES: [0]
[I 2023-11-30 05:12:31,923] Trial 20 finished with value: 0.12617255747318268 and parameters: {'gradient_clip_val': 0.33200063372027294, 'hidden_size': 67, 'dropout': 0.23830596910830265, 'hidden_continuous_size': 55, 'attention_head_size': 2, 'learning_rate': 0.046325616421942155}. Best is trial 17 with value: 0.10257788747549057.
LOCAL_RANK: 0 - CUDA_VISIBLE_DEVICES: [0]
