[I 2023-11-29 20:58:59,476] Trial 80 finished with value: 0.20691876113414764 and parameters: {'gradient_clip_val': 0.20224132487172858, 'hidden_size': 44, 'dropout': 0.1523060119470161, 'hidden_continuous_size': 14, 'attention_head_size': 4, 'learning_rate': 0.08172204333056139}. Best is trial 78 with value: 0.12354155629873276.
LOCAL_RANK: 0 - CUDA_VISIBLE_DEVICES: [0]
[I 2023-11-29 20:59:12,785] Trial 81 finished with value: 0.2717919647693634 and parameters: {'gradient_clip_val': 0.1296147089837927, 'hidden_size': 54, 'dropout': 0.21803867257943788, 'hidden_continuous_size': 15, 'attention_head_size': 4, 'learning_rate': 0.05092572632066752}. Best is trial 78 with value: 0.12354155629873276.
LOCAL_RANK: 0 - CUDA_VISIBLE_DEVICES: [0]
[I 2023-11-29 20:59:26,225] Trial 82 finished with value: 0.14260300993919373 and parameters: {'gradient_clip_val': 0.13709672948697418, 'hidden_size': 62, 'dropout': 0.2092552994131143, 'hidden_continuous_size': 16, 'attention_head_size': 3, 'learning_rate': 0.06062497992251829}. Best is trial 78 with value: 0.12354155629873276.
LOCAL_RANK: 0 - CUDA_VISIBLE_DEVICES: [0]
[I 2023-11-29 20:59:39,671] Trial 83 finished with value: 0.16567666828632355 and parameters: {'gradient_clip_val': 0.15665560533437495, 'hidden_size': 61, 'dropout': 0.18857475973342583, 'hidden_continuous_size': 13, 'attention_head_size': 3, 'learning_rate': 0.05948234303126359}. Best is trial 78 with value: 0.12354155629873276.
LOCAL_RANK: 0 - CUDA_VISIBLE_DEVICES: [0]
[I 2023-11-29 20:59:53,391] Trial 84 finished with value: 0.11328534036874771 and parameters: {'gradient_clip_val': 0.2591332613109387, 'hidden_size': 67, 'dropout': 0.20355417112702875, 'hidden_continuous_size': 18, 'attention_head_size': 3, 'learning_rate': 0.07220961064478042}. Best is trial 84 with value: 0.11328534036874771.
LOCAL_RANK: 0 - CUDA_VISIBLE_DEVICES: [0]
[I 2023-11-29 21:00:06,910] Trial 85 finished with value: 0.27648213505744934 and parameters: {'gradient_clip_val': 0.2358041675593481, 'hidden_size': 65, 'dropout': 0.20883835942782017, 'hidden_continuous_size': 18, 'attention_head_size': 3, 'learning_rate': 0.0756620425953725}. Best is trial 84 with value: 0.11328534036874771.
LOCAL_RANK: 0 - CUDA_VISIBLE_DEVICES: [0]
[I 2023-11-29 21:00:20,507] Trial 86 finished with value: 0.2928818464279175 and parameters: {'gradient_clip_val': 0.2651688620228647, 'hidden_size': 69, 'dropout': 0.22783627555188607, 'hidden_continuous_size': 17, 'attention_head_size': 3, 'learning_rate': 0.06539963782630588}. Best is trial 84 with value: 0.11328534036874771.
LOCAL_RANK: 0 - CUDA_VISIBLE_DEVICES: [0]
[I 2023-11-29 21:00:33,861] Trial 87 finished with value: 0.31726428866386414 and parameters: {'gradient_clip_val': 0.25591288831902104, 'hidden_size': 58, 'dropout': 0.20230138737259906, 'hidden_continuous_size': 16, 'attention_head_size': 3, 'learning_rate': 0.09095805640771726}. Best is trial 84 with value: 0.11328534036874771.
LOCAL_RANK: 0 - CUDA_VISIBLE_DEVICES: [0]
[I 2023-11-29 21:00:47,188] Trial 88 finished with value: 0.13285952806472778 and parameters: {'gradient_clip_val': 0.21453783819860234, 'hidden_size': 53, 'dropout': 0.23506865155951498, 'hidden_continuous_size': 18, 'attention_head_size': 3, 'learning_rate': 0.056036743528810565}. Best is trial 84 with value: 0.11328534036874771.
LOCAL_RANK: 0 - CUDA_VISIBLE_DEVICES: [0]
[I 2023-11-29 21:01:00,709] Trial 89 finished with value: 0.21392802894115448 and parameters: {'gradient_clip_val': 0.18921567794505875, 'hidden_size': 51, 'dropout': 0.23340284341058037, 'hidden_continuous_size': 19, 'attention_head_size': 3, 'learning_rate': 0.05633973883128344}. Best is trial 84 with value: 0.11328534036874771.
LOCAL_RANK: 0 - CUDA_VISIBLE_DEVICES: [0]
[I 2023-11-29 21:01:14,222] Trial 90 finished with value: 0.18470199406147003 and parameters: {'gradient_clip_val': 0.2178406979899637, 'hidden_size': 63, 'dropout': 0.22180599788590996, 'hidden_continuous_size': 18, 'attention_head_size': 3, 'learning_rate': 0.0422170188791895}. Best is trial 84 with value: 0.11328534036874771.
LOCAL_RANK: 0 - CUDA_VISIBLE_DEVICES: [0]
[I 2023-11-29 21:01:27,606] Trial 91 finished with value: 0.1646975874900818 and parameters: {'gradient_clip_val': 0.23741370107023457, 'hidden_size': 54, 'dropout': 0.21055854326454693, 'hidden_continuous_size': 17, 'attention_head_size': 3, 'learning_rate': 0.0761162657706728}. Best is trial 84 with value: 0.11328534036874771.
LOCAL_RANK: 0 - CUDA_VISIBLE_DEVICES: [0]
[I 2023-11-29 21:01:41,323] Trial 92 finished with value: 0.23569655418395996 and parameters: {'gradient_clip_val': 0.20940481986073792, 'hidden_size': 70, 'dropout': 0.19850652804509059, 'hidden_continuous_size': 19, 'attention_head_size': 3, 'learning_rate': 0.06815575602849684}. Best is trial 84 with value: 0.11328534036874771.
LOCAL_RANK: 0 - CUDA_VISIBLE_DEVICES: [0]
[I 2023-11-29 21:01:54,651] Trial 93 finished with value: 0.30834075808525085 and parameters: {'gradient_clip_val': 0.13763360936597258, 'hidden_size': 58, 'dropout': 0.21697967228178758, 'hidden_continuous_size': 16, 'attention_head_size': 3, 'learning_rate': 0.060948134763394286}. Best is trial 84 with value: 0.11328534036874771.
LOCAL_RANK: 0 - CUDA_VISIBLE_DEVICES: [0]
[I 2023-11-29 21:02:08,558] Trial 94 finished with value: 0.19668960571289062 and parameters: {'gradient_clip_val': 0.24874472412203688, 'hidden_size': 74, 'dropout': 0.20577653874915014, 'hidden_continuous_size': 18, 'attention_head_size': 4, 'learning_rate': 0.04689840186684107}. Best is trial 84 with value: 0.11328534036874771.
LOCAL_RANK: 0 - CUDA_VISIBLE_DEVICES: [0]
[I 2023-11-29 21:02:21,808] Trial 95 finished with value: 0.219446063041687 and parameters: {'gradient_clip_val': 0.27856082943032934, 'hidden_size': 64, 'dropout': 0.23779633368429415, 'hidden_continuous_size': 15, 'attention_head_size': 3, 'learning_rate': 0.0929247050445288}. Best is trial 84 with value: 0.11328534036874771.
LOCAL_RANK: 0 - CUDA_VISIBLE_DEVICES: [0]
[I 2023-11-29 21:02:35,521] Trial 96 finished with value: 0.230735182762146 and parameters: {'gradient_clip_val': 0.1525366586778442, 'hidden_size': 78, 'dropout': 0.19260307896891835, 'hidden_continuous_size': 17, 'attention_head_size': 3, 'learning_rate': 0.05281751527372045}. Best is trial 84 with value: 0.11328534036874771.
LOCAL_RANK: 0 - CUDA_VISIBLE_DEVICES: [0]
[I 2023-11-29 21:02:48,665] Trial 97 finished with value: 0.23310725390911102 and parameters: {'gradient_clip_val': 0.1711339834593938, 'hidden_size': 48, 'dropout': 0.22684364457175626, 'hidden_continuous_size': 16, 'attention_head_size': 4, 'learning_rate': 0.07034673094602927}. Best is trial 84 with value: 0.11328534036874771.
LOCAL_RANK: 0 - CUDA_VISIBLE_DEVICES: [0]
[I 2023-11-29 21:03:01,860] Trial 98 finished with value: 0.19523894786834717 and parameters: {'gradient_clip_val': 0.10581708958410622, 'hidden_size': 54, 'dropout': 0.18134169524923546, 'hidden_continuous_size': 22, 'attention_head_size': 3, 'learning_rate': 0.08077419064240783}. Best is trial 84 with value: 0.11328534036874771.
LOCAL_RANK: 0 - CUDA_VISIBLE_DEVICES: [0]
[I 2023-11-29 21:03:15,431] Trial 99 finished with value: 0.5995773673057556 and parameters: {'gradient_clip_val': 0.16821905058297598, 'hidden_size': 68, 'dropout': 0.25000043559216206, 'hidden_continuous_size': 10, 'attention_head_size': 4, 'learning_rate': 0.039133035636229066}. Best is trial 84 with value: 0.11328534036874771.
LOCAL_RANK: 0 - CUDA_VISIBLE_DEVICES: [0]
[I 2023-11-29 21:03:29,190] Trial 100 finished with value: 0.12764768302440643 and parameters: {'gradient_clip_val': 0.1219426516906257, 'hidden_size': 62, 'dropout': 0.2130196923473392, 'hidden_continuous_size': 19, 'attention_head_size': 3, 'learning_rate': 0.05791270869088846}. Best is trial 84 with value: 0.11328534036874771.
LOCAL_RANK: 0 - CUDA_VISIBLE_DEVICES: [0]
[I 2023-11-29 21:03:42,617] Trial 101 finished with value: 0.2013193517923355 and parameters: {'gradient_clip_val': 0.11210209279959289, 'hidden_size': 62, 'dropout': 0.21220452890252517, 'hidden_continuous_size': 19, 'attention_head_size': 3, 'learning_rate': 0.05814398853371426}. Best is trial 84 with value: 0.11328534036874771.
LOCAL_RANK: 0 - CUDA_VISIBLE_DEVICES: [0]
[I 2023-11-29 21:03:56,033] Trial 102 finished with value: 0.2295387238264084 and parameters: {'gradient_clip_val': 0.1291493882053145, 'hidden_size': 59, 'dropout': 0.20266110926871983, 'hidden_continuous_size': 20, 'attention_head_size': 3, 'learning_rate': 0.050894350633508036}. Best is trial 84 with value: 0.11328534036874771.
LOCAL_RANK: 0 - CUDA_VISIBLE_DEVICES: [0]
[I 2023-11-29 21:04:09,747] Trial 103 finished with value: 0.2752755582332611 and parameters: {'gradient_clip_val': 0.1197564731744417, 'hidden_size': 72, 'dropout': 0.2193769751338224, 'hidden_continuous_size': 18, 'attention_head_size': 3, 'learning_rate': 0.06374499401506381}. Best is trial 84 with value: 0.11328534036874771.
LOCAL_RANK: 0 - CUDA_VISIBLE_DEVICES: [0]
[I 2023-11-29 21:04:23,123] Trial 104 finished with value: 0.2172216922044754 and parameters: {'gradient_clip_val': 0.12256106336050025, 'hidden_size': 52, 'dropout': 0.24204479391242145, 'hidden_continuous_size': 19, 'attention_head_size': 3, 'learning_rate': 0.045542943789294195}. Best is trial 84 with value: 0.11328534036874771.
LOCAL_RANK: 0 - CUDA_VISIBLE_DEVICES: [0]
[I 2023-11-29 21:04:36,671] Trial 105 finished with value: 0.14162544906139374 and parameters: {'gradient_clip_val': 0.10041701506090958, 'hidden_size': 68, 'dropout': 0.2329680709527714, 'hidden_continuous_size': 20, 'attention_head_size': 3, 'learning_rate': 0.07516717547968098}. Best is trial 84 with value: 0.11328534036874771.
LOCAL_RANK: 0 - CUDA_VISIBLE_DEVICES: [0]
[I 2023-11-29 21:04:50,466] Trial 106 finished with value: 0.13940739631652832 and parameters: {'gradient_clip_val': 0.1008653273020916, 'hidden_size': 82, 'dropout': 0.23563931068721636, 'hidden_continuous_size': 21, 'attention_head_size': 3, 'learning_rate': 0.055659412039202535}. Best is trial 84 with value: 0.11328534036874771.
LOCAL_RANK: 0 - CUDA_VISIBLE_DEVICES: [0]
[I 2023-11-29 21:05:04,070] Trial 107 finished with value: 0.1569346785545349 and parameters: {'gradient_clip_val': 0.10563013495505898, 'hidden_size': 67, 'dropout': 0.2368620547747218, 'hidden_continuous_size': 20, 'attention_head_size': 3, 'learning_rate': 0.0418630450482318}. Best is trial 84 with value: 0.11328534036874771.
LOCAL_RANK: 0 - CUDA_VISIBLE_DEVICES: [0]
[I 2023-11-29 21:05:18,018] Trial 108 finished with value: 0.16875624656677246 and parameters: {'gradient_clip_val': 0.11314854858382833, 'hidden_size': 83, 'dropout': 0.22879575510270467, 'hidden_continuous_size': 22, 'attention_head_size': 3, 'learning_rate': 0.0571594723121922}. Best is trial 84 with value: 0.11328534036874771.
LOCAL_RANK: 0 - CUDA_VISIBLE_DEVICES: [0]
[I 2023-11-29 21:05:31,751] Trial 109 finished with value: 0.1801002025604248 and parameters: {'gradient_clip_val': 0.10561067740724189, 'hidden_size': 80, 'dropout': 0.24595855907165692, 'hidden_continuous_size': 24, 'attention_head_size': 3, 'learning_rate': 0.048963935254123445}. Best is trial 84 with value: 0.11328534036874771.
LOCAL_RANK: 0 - CUDA_VISIBLE_DEVICES: [0]
[I 2023-11-29 21:05:45,350] Trial 110 finished with value: 0.12509526312351227 and parameters: {'gradient_clip_val': 0.1186900941404291, 'hidden_size': 63, 'dropout': 0.2247747924644341, 'hidden_continuous_size': 21, 'attention_head_size': 3, 'learning_rate': 0.07091542303808206}. Best is trial 84 with value: 0.11328534036874771.
LOCAL_RANK: 0 - CUDA_VISIBLE_DEVICES: [0]
[I 2023-11-29 21:05:58,850] Trial 111 finished with value: 0.30667075514793396 and parameters: {'gradient_clip_val': 0.11911837592992497, 'hidden_size': 64, 'dropout': 0.25624931003723694, 'hidden_continuous_size': 21, 'attention_head_size': 3, 'learning_rate': 0.07134491619180665}. Best is trial 84 with value: 0.11328534036874771.
LOCAL_RANK: 0 - CUDA_VISIBLE_DEVICES: [0]
[I 2023-11-29 21:06:12,547] Trial 112 finished with value: 0.21333317458629608 and parameters: {'gradient_clip_val': 0.13942525481974294, 'hidden_size': 70, 'dropout': 0.23396818392970473, 'hidden_continuous_size': 19, 'attention_head_size': 3, 'learning_rate': 0.053905223517645665}. Best is trial 84 with value: 0.11328534036874771.
LOCAL_RANK: 0 - CUDA_VISIBLE_DEVICES: [0]
[I 2023-11-29 21:06:25,924] Trial 113 finished with value: 0.15743066370487213 and parameters: {'gradient_clip_val': 0.11227334288615018, 'hidden_size': 56, 'dropout': 0.22340282355464502, 'hidden_continuous_size': 20, 'attention_head_size': 3, 'learning_rate': 0.07675441629493003}. Best is trial 84 with value: 0.11328534036874771.
LOCAL_RANK: 0 - CUDA_VISIBLE_DEVICES: [0]
[I 2023-11-29 21:06:39,719] Trial 114 finished with value: 0.1577090471982956 and parameters: {'gradient_clip_val': 0.1329523319391836, 'hidden_size': 75, 'dropout': 0.2422910093634624, 'hidden_continuous_size': 21, 'attention_head_size': 3, 'learning_rate': 0.08827018931514331}. Best is trial 84 with value: 0.11328534036874771.
LOCAL_RANK: 0 - CUDA_VISIBLE_DEVICES: [0]
[I 2023-11-29 21:06:53,337] Trial 115 finished with value: 0.17159853875637054 and parameters: {'gradient_clip_val': 0.12543414622923338, 'hidden_size': 62, 'dropout': 0.2520660694184754, 'hidden_continuous_size': 22, 'attention_head_size': 3, 'learning_rate': 0.03489429871939888}. Best is trial 84 with value: 0.11328534036874771.
LOCAL_RANK: 0 - CUDA_VISIBLE_DEVICES: [0]
[I 2023-11-29 21:07:06,695] Trial 116 finished with value: 0.4614671766757965 and parameters: {'gradient_clip_val': 0.11535435648220453, 'hidden_size': 57, 'dropout': 0.2633817149670419, 'hidden_continuous_size': 18, 'attention_head_size': 3, 'learning_rate': 0.06062548466498884}. Best is trial 84 with value: 0.11328534036874771.
LOCAL_RANK: 0 - CUDA_VISIBLE_DEVICES: [0]
[I 2023-11-29 21:07:20,394] Trial 117 finished with value: 0.2735740840435028 and parameters: {'gradient_clip_val': 0.10039978752709525, 'hidden_size': 68, 'dropout': 0.22717607148063432, 'hidden_continuous_size': 20, 'attention_head_size': 3, 'learning_rate': 0.06884172769555753}. Best is trial 84 with value: 0.11328534036874771.
LOCAL_RANK: 0 - CUDA_VISIBLE_DEVICES: [0]
[I 2023-11-29 21:07:33,698] Trial 118 finished with value: 0.2035003900527954 and parameters: {'gradient_clip_val': 0.14748095714930617, 'hidden_size': 60, 'dropout': 0.21670839270076042, 'hidden_continuous_size': 17, 'attention_head_size': 3, 'learning_rate': 0.046829561920754985}. Best is trial 84 with value: 0.11328534036874771.
LOCAL_RANK: 0 - CUDA_VISIBLE_DEVICES: [0]
[I 2023-11-29 21:07:47,733] Trial 119 finished with value: 0.18743295967578888 and parameters: {'gradient_clip_val': 0.1321697949707941, 'hidden_size': 88, 'dropout': 0.2351576344486599, 'hidden_continuous_size': 24, 'attention_head_size': 4, 'learning_rate': 0.07967499678849092}. Best is trial 84 with value: 0.11328534036874771.
LOCAL_RANK: 0 - CUDA_VISIBLE_DEVICES: [0]
[I 2023-11-29 21:08:01,001] Trial 120 finished with value: 0.2132188081741333 and parameters: {'gradient_clip_val': 0.10931550954959587, 'hidden_size': 49, 'dropout': 0.20752087414609022, 'hidden_continuous_size': 21, 'attention_head_size': 3, 'learning_rate': 0.05463977216890024}. Best is trial 84 with value: 0.11328534036874771.
LOCAL_RANK: 0 - CUDA_VISIBLE_DEVICES: [0]
[I 2023-11-29 21:08:14,636] Trial 121 finished with value: 0.3145911395549774 and parameters: {'gradient_clip_val': 0.10107986788641478, 'hidden_size': 77, 'dropout': 0.21262793945166014, 'hidden_continuous_size': 17, 'attention_head_size': 3, 'learning_rate': 0.06265336441981322}. Best is trial 84 with value: 0.11328534036874771.
LOCAL_RANK: 0 - CUDA_VISIBLE_DEVICES: [0]
[I 2023-11-29 21:08:28,251] Trial 122 finished with value: 0.158006951212883 and parameters: {'gradient_clip_val': 0.1041212308735798, 'hidden_size': 73, 'dropout': 0.22420558329737506, 'hidden_continuous_size': 18, 'attention_head_size': 3, 'learning_rate': 0.06689184690983202}. Best is trial 84 with value: 0.11328534036874771.
LOCAL_RANK: 0 - CUDA_VISIBLE_DEVICES: [0]
[I 2023-11-29 21:08:42,050] Trial 123 finished with value: 0.14914032816886902 and parameters: {'gradient_clip_val': 0.11802351744319765, 'hidden_size': 82, 'dropout': 0.19981939523226563, 'hidden_continuous_size': 26, 'attention_head_size': 3, 'learning_rate': 0.0591099928531049}. Best is trial 84 with value: 0.11328534036874771.
LOCAL_RANK: 0 - CUDA_VISIBLE_DEVICES: [0]
[I 2023-11-29 21:08:55,892] Trial 124 finished with value: 0.20615620911121368 and parameters: {'gradient_clip_val': 0.12072453258077818, 'hidden_size': 67, 'dropout': 0.19758147415982077, 'hidden_continuous_size': 26, 'attention_head_size': 3, 'learning_rate': 0.05706230496237367}. Best is trial 84 with value: 0.11328534036874771.
LOCAL_RANK: 0 - CUDA_VISIBLE_DEVICES: [0]
[I 2023-11-29 21:09:09,830] Trial 125 finished with value: 0.2003856897354126 and parameters: {'gradient_clip_val': 0.127595466373342, 'hidden_size': 83, 'dropout': 0.21994749750399875, 'hidden_continuous_size': 25, 'attention_head_size': 3, 'learning_rate': 0.043104235543976105}. Best is trial 84 with value: 0.11328534036874771.
LOCAL_RANK: 0 - CUDA_VISIBLE_DEVICES: [0]
[I 2023-11-29 21:09:23,412] Trial 126 finished with value: 0.35023295879364014 and parameters: {'gradient_clip_val': 0.11694468132346372, 'hidden_size': 64, 'dropout': 0.23072189307530594, 'hidden_continuous_size': 23, 'attention_head_size': 3, 'learning_rate': 0.07325757024847182}. Best is trial 84 with value: 0.11328534036874771.
LOCAL_RANK: 0 - CUDA_VISIBLE_DEVICES: [0]
[I 2023-11-29 21:09:37,034] Trial 127 finished with value: 0.1681128293275833 and parameters: {'gradient_clip_val': 0.1371789807764598, 'hidden_size': 71, 'dropout': 0.19341721048081087, 'hidden_continuous_size': 19, 'attention_head_size': 3, 'learning_rate': 0.048638429515290744}. Best is trial 84 with value: 0.11328534036874771.
LOCAL_RANK: 0 - CUDA_VISIBLE_DEVICES: [0]
[I 2023-11-29 21:09:50,473] Trial 128 finished with value: 0.2615959346294403 and parameters: {'gradient_clip_val': 0.11278583928991963, 'hidden_size': 53, 'dropout': 0.20560504188409612, 'hidden_continuous_size': 22, 'attention_head_size': 4, 'learning_rate': 0.0915818514614178}. Best is trial 84 with value: 0.11328534036874771.
LOCAL_RANK: 0 - CUDA_VISIBLE_DEVICES: [0]
[I 2023-11-29 21:10:04,396] Trial 129 finished with value: 0.26565030217170715 and parameters: {'gradient_clip_val': 0.1292922135935519, 'hidden_size': 79, 'dropout': 0.2457978712790805, 'hidden_continuous_size': 30, 'attention_head_size': 3, 'learning_rate': 0.05241447825646356}. Best is trial 84 with value: 0.11328534036874771.
LOCAL_RANK: 0 - CUDA_VISIBLE_DEVICES: [0]
[I 2023-11-29 21:10:18,251] Trial 130 finished with value: 0.2160015106201172 and parameters: {'gradient_clip_val': 0.1422229019067363, 'hidden_size': 90, 'dropout': 0.1865746633122931, 'hidden_continuous_size': 21, 'attention_head_size': 3, 'learning_rate': 0.061570593405298836}. Best is trial 84 with value: 0.11328534036874771.
LOCAL_RANK: 0 - CUDA_VISIBLE_DEVICES: [0]
[I 2023-11-29 21:10:32,090] Trial 131 finished with value: 0.3099701702594757 and parameters: {'gradient_clip_val': 0.10639670642920003, 'hidden_size': 77, 'dropout': 0.21443038068657744, 'hidden_continuous_size': 16, 'attention_head_size': 2, 'learning_rate': 0.06567635919918018}. Best is trial 84 with value: 0.11328534036874771.
LOCAL_RANK: 0 - CUDA_VISIBLE_DEVICES: [0]
[I 2023-11-29 21:10:45,335] Trial 132 finished with value: 0.22993125021457672 and parameters: {'gradient_clip_val': 0.10017271010589915, 'hidden_size': 61, 'dropout': 0.20045917342498107, 'hidden_continuous_size': 12, 'attention_head_size': 2, 'learning_rate': 0.07927345115388}. Best is trial 84 with value: 0.11328534036874771.
LOCAL_RANK: 0 - CUDA_VISIBLE_DEVICES: [0]
[I 2023-11-29 21:10:59,048] Trial 133 finished with value: 0.21110080182552338 and parameters: {'gradient_clip_val': 0.12217257078816189, 'hidden_size': 74, 'dropout': 0.20774497928902846, 'hidden_continuous_size': 15, 'attention_head_size': 3, 'learning_rate': 0.07007294902483445}. Best is trial 84 with value: 0.11328534036874771.
LOCAL_RANK: 0 - CUDA_VISIBLE_DEVICES: [0]
[I 2023-11-29 21:11:13,170] Trial 134 finished with value: 0.19910824298858643 and parameters: {'gradient_clip_val': 0.10859925499681938, 'hidden_size': 86, 'dropout': 0.21899531451617843, 'hidden_continuous_size': 28, 'attention_head_size': 4, 'learning_rate': 0.05867281042318239}. Best is trial 84 with value: 0.11328534036874771.
LOCAL_RANK: 0 - CUDA_VISIBLE_DEVICES: [0]
[I 2023-11-29 21:11:26,871] Trial 135 finished with value: 0.2750189006328583 and parameters: {'gradient_clip_val': 0.16311975577397303, 'hidden_size': 67, 'dropout': 0.2397625124756967, 'hidden_continuous_size': 19, 'attention_head_size': 3, 'learning_rate': 0.03915867691152594}. Best is trial 84 with value: 0.11328534036874771.
LOCAL_RANK: 0 - CUDA_VISIBLE_DEVICES: [0]
[I 2023-11-29 21:11:40,192] Trial 136 finished with value: 0.20655684173107147 and parameters: {'gradient_clip_val': 0.11811506180298237, 'hidden_size': 57, 'dropout': 0.2309969974671568, 'hidden_continuous_size': 20, 'attention_head_size': 2, 'learning_rate': 0.08410567638080116}. Best is trial 84 with value: 0.11328534036874771.
LOCAL_RANK: 0 - CUDA_VISIBLE_DEVICES: [0]
[I 2023-11-29 21:11:53,630] Trial 137 finished with value: 0.3164864480495453 and parameters: {'gradient_clip_val': 0.11024706731194435, 'hidden_size': 63, 'dropout': 0.21359275453082105, 'hidden_continuous_size': 17, 'attention_head_size': 3, 'learning_rate': 0.049983637915250255}. Best is trial 84 with value: 0.11328534036874771.
LOCAL_RANK: 0 - CUDA_VISIBLE_DEVICES: [0]
