[I 2023-11-30 00:02:03,745] Trial 137 finished with value: 0.1648903340101242 and parameters: {'gradient_clip_val': 0.16045897718973776, 'hidden_size': 78, 'dropout': 0.3064239877489155, 'hidden_continuous_size': 23, 'attention_head_size': 4, 'learning_rate': 0.09981974454581856}. Best is trial 60 with value: 0.08617547899484634.
LOCAL_RANK: 0 - CUDA_VISIBLE_DEVICES: [0]
[I 2023-11-30 00:02:17,771] Trial 138 finished with value: 0.16936028003692627 and parameters: {'gradient_clip_val': 0.17762754966741334, 'hidden_size': 107, 'dropout': 0.3208344026402506, 'hidden_continuous_size': 19, 'attention_head_size': 4, 'learning_rate': 0.050024510356388274}. Best is trial 60 with value: 0.08617547899484634.
LOCAL_RANK: 0 - CUDA_VISIBLE_DEVICES: [0]
[I 2023-11-30 00:02:31,681] Trial 139 finished with value: 0.1405472308397293 and parameters: {'gradient_clip_val': 0.28441517814154765, 'hidden_size': 73, 'dropout': 0.2733334652558503, 'hidden_continuous_size': 26, 'attention_head_size': 3, 'learning_rate': 0.062400897011721586}. Best is trial 60 with value: 0.08617547899484634.
LOCAL_RANK: 0 - CUDA_VISIBLE_DEVICES: [0]
[I 2023-11-30 00:02:45,624] Trial 140 finished with value: 0.16523908078670502 and parameters: {'gradient_clip_val': 0.21602734372469035, 'hidden_size': 85, 'dropout': 0.1454516721971783, 'hidden_continuous_size': 30, 'attention_head_size': 4, 'learning_rate': 0.05705676009744855}. Best is trial 60 with value: 0.08617547899484634.
LOCAL_RANK: 0 - CUDA_VISIBLE_DEVICES: [0]
[I 2023-11-30 00:02:59,725] Trial 141 finished with value: 0.19931405782699585 and parameters: {'gradient_clip_val': 0.19298598923777116, 'hidden_size': 79, 'dropout': 0.3267390748776951, 'hidden_continuous_size': 40, 'attention_head_size': 4, 'learning_rate': 0.0749052838391206}. Best is trial 60 with value: 0.08617547899484634.
LOCAL_RANK: 0 - CUDA_VISIBLE_DEVICES: [0]
[I 2023-11-30 00:03:14,024] Trial 142 finished with value: 0.1833505779504776 and parameters: {'gradient_clip_val': 0.17860139396762548, 'hidden_size': 94, 'dropout': 0.33266521844946084, 'hidden_continuous_size': 37, 'attention_head_size': 4, 'learning_rate': 0.0833812243209606}. Best is trial 60 with value: 0.08617547899484634.
LOCAL_RANK: 0 - CUDA_VISIBLE_DEVICES: [0]
[I 2023-11-30 00:03:27,981] Trial 143 finished with value: 0.1928817480802536 and parameters: {'gradient_clip_val': 0.17682185676162251, 'hidden_size': 77, 'dropout': 0.3156676613173714, 'hidden_continuous_size': 34, 'attention_head_size': 4, 'learning_rate': 0.07483004486848423}. Best is trial 60 with value: 0.08617547899484634.
LOCAL_RANK: 0 - CUDA_VISIBLE_DEVICES: [0]
[I 2023-11-30 00:03:41,967] Trial 144 finished with value: 0.12944333255290985 and parameters: {'gradient_clip_val': 0.24565167576120683, 'hidden_size': 64, 'dropout': 0.33846602037318846, 'hidden_continuous_size': 41, 'attention_head_size': 4, 'learning_rate': 0.06872464500327873}. Best is trial 60 with value: 0.08617547899484634.
LOCAL_RANK: 0 - CUDA_VISIBLE_DEVICES: [0]
[I 2023-11-30 00:03:55,824] Trial 145 finished with value: 0.35022079944610596 and parameters: {'gradient_clip_val': 0.16631576223020383, 'hidden_size': 71, 'dropout': 0.24138874580734732, 'hidden_continuous_size': 31, 'attention_head_size': 4, 'learning_rate': 0.006480231675774447}. Best is trial 60 with value: 0.08617547899484634.
LOCAL_RANK: 0 - CUDA_VISIBLE_DEVICES: [0]
[I 2023-11-30 00:04:09,699] Trial 146 finished with value: 0.15655188262462616 and parameters: {'gradient_clip_val': 0.15081621291983002, 'hidden_size': 83, 'dropout': 0.3229871359820866, 'hidden_continuous_size': 21, 'attention_head_size': 4, 'learning_rate': 0.03612792998504466}. Best is trial 60 with value: 0.08617547899484634.
LOCAL_RANK: 0 - CUDA_VISIBLE_DEVICES: [0]
[I 2023-11-30 00:04:23,732] Trial 147 finished with value: 0.18637514114379883 and parameters: {'gradient_clip_val': 0.22607376824359834, 'hidden_size': 89, 'dropout': 0.2973091352535346, 'hidden_continuous_size': 28, 'attention_head_size': 4, 'learning_rate': 0.0889158298508384}. Best is trial 60 with value: 0.08617547899484634.
LOCAL_RANK: 0 - CUDA_VISIBLE_DEVICES: [0]
[I 2023-11-30 00:04:38,227] Trial 148 finished with value: 0.23699712753295898 and parameters: {'gradient_clip_val': 0.20812831194020137, 'hidden_size': 99, 'dropout': 0.3290764908890009, 'hidden_continuous_size': 44, 'attention_head_size': 4, 'learning_rate': 0.07874441063032021}. Best is trial 60 with value: 0.08617547899484634.
LOCAL_RANK: 0 - CUDA_VISIBLE_DEVICES: [0]
[I 2023-11-30 00:04:51,934] Trial 149 finished with value: 0.20075203478336334 and parameters: {'gradient_clip_val': 0.18520949311585372, 'hidden_size': 55, 'dropout': 0.30886644858184015, 'hidden_continuous_size': 36, 'attention_head_size': 1, 'learning_rate': 0.02973335171762773}. Best is trial 60 with value: 0.08617547899484634.
[I 2023-11-30 00:04:52,044] A new study created in memory with name: no-name-c291ad52-5666-4adc-a45c-fe87a67b9504
/home/le004/conda/anaconda3/envs/tsff_env/lib/python3.9/site-packages/lightning/fabric/plugins/environments/slurm.py:191: The `srun` command is available on your system but is not used. HINT: If your intention is to run Lightning on SLURM, prepend your python command with `srun` like so: srun python /home/le004/master_thesis/git/TSFusionForecast/code/ ...
LOCAL_RANK: 0 - CUDA_VISIBLE_DEVICES: [0]
[I 2023-11-30 00:05:04,803] Trial 0 finished with value: 1411.7808837890625 and parameters: {'gradient_clip_val': 0.30799318290801275, 'hidden_size': 25, 'dropout': 0.2018678525321314, 'hidden_continuous_size': 23, 'attention_head_size': 4, 'learning_rate': 0.025357813526800273}. Best is trial 0 with value: 1411.7808837890625.
LOCAL_RANK: 0 - CUDA_VISIBLE_DEVICES: [0]
[I 2023-11-30 00:05:17,995] Trial 1 finished with value: 4021.380126953125 and parameters: {'gradient_clip_val': 0.5324333314141195, 'hidden_size': 47, 'dropout': 0.23518351250208885, 'hidden_continuous_size': 21, 'attention_head_size': 2, 'learning_rate': 0.0010718308844996109}. Best is trial 0 with value: 1411.7808837890625.
LOCAL_RANK: 0 - CUDA_VISIBLE_DEVICES: [0]
[I 2023-11-30 00:05:30,969] Trial 2 finished with value: 1374.8204345703125 and parameters: {'gradient_clip_val': 0.34746860359846954, 'hidden_size': 36, 'dropout': 0.2991719774563193, 'hidden_continuous_size': 19, 'attention_head_size': 4, 'learning_rate': 0.006706144203926358}. Best is trial 2 with value: 1374.8204345703125.
LOCAL_RANK: 0 - CUDA_VISIBLE_DEVICES: [0]
[I 2023-11-30 00:05:44,161] Trial 3 finished with value: 2360.476318359375 and parameters: {'gradient_clip_val': 0.1571485277260865, 'hidden_size': 68, 'dropout': 0.16281593230753805, 'hidden_continuous_size': 13, 'attention_head_size': 2, 'learning_rate': 0.08278780927260844}. Best is trial 2 with value: 1374.8204345703125.
LOCAL_RANK: 0 - CUDA_VISIBLE_DEVICES: [0]
[I 2023-11-30 00:05:54,543] Trial 4 finished with value: 1898.1727294921875 and parameters: {'gradient_clip_val': 0.33752850121919203, 'hidden_size': 12, 'dropout': 0.3711636515179503, 'hidden_continuous_size': 12, 'attention_head_size': 1, 'learning_rate': 0.021377406910649856}. Best is trial 2 with value: 1374.8204345703125.
LOCAL_RANK: 0 - CUDA_VISIBLE_DEVICES: [0]
[I 2023-11-30 00:06:06,671] Trial 5 finished with value: 1434.359375 and parameters: {'gradient_clip_val': 0.5970476673375384, 'hidden_size': 20, 'dropout': 0.10103085775454629, 'hidden_continuous_size': 11, 'attention_head_size': 1, 'learning_rate': 0.02607533022945119}. Best is trial 2 with value: 1374.8204345703125.
LOCAL_RANK: 0 - CUDA_VISIBLE_DEVICES: [0]
[I 2023-11-30 00:06:17,240] Trial 6 finished with value: 2438.68310546875 and parameters: {'gradient_clip_val': 0.48892858823970553, 'hidden_size': 10, 'dropout': 0.3063607860578575, 'hidden_continuous_size': 10, 'attention_head_size': 4, 'learning_rate': 0.0344379161503307}. Best is trial 2 with value: 1374.8204345703125.
LOCAL_RANK: 0 - CUDA_VISIBLE_DEVICES: [0]
[I 2023-11-30 00:06:29,251] Trial 7 finished with value: 1946.423828125 and parameters: {'gradient_clip_val': 0.1881139206439896, 'hidden_size': 20, 'dropout': 0.3246891186198208, 'hidden_continuous_size': 12, 'attention_head_size': 1, 'learning_rate': 0.008756958449475664}. Best is trial 2 with value: 1374.8204345703125.
LOCAL_RANK: 0 - CUDA_VISIBLE_DEVICES: [0]
[I 2023-11-30 00:06:43,529] Trial 8 finished with value: 1690.4462890625 and parameters: {'gradient_clip_val': 0.9806868021133377, 'hidden_size': 129, 'dropout': 0.1795950480013117, 'hidden_continuous_size': 20, 'attention_head_size': 2, 'learning_rate': 0.08687241780399342}. Best is trial 2 with value: 1374.8204345703125.
LOCAL_RANK: 0 - CUDA_VISIBLE_DEVICES: [0]
[I 2023-11-30 00:06:56,137] Trial 9 finished with value: 1420.6611328125 and parameters: {'gradient_clip_val': 0.30819265160255627, 'hidden_size': 26, 'dropout': 0.2282681600616654, 'hidden_continuous_size': 10, 'attention_head_size': 4, 'learning_rate': 0.0713383853404574}. Best is trial 2 with value: 1374.8204345703125.
LOCAL_RANK: 0 - CUDA_VISIBLE_DEVICES: [0]
[I 2023-11-30 00:07:09,934] Trial 10 finished with value: 2669.42724609375 and parameters: {'gradient_clip_val': 0.11753776852175715, 'hidden_size': 45, 'dropout': 0.3036000568828629, 'hidden_continuous_size': 44, 'attention_head_size': 3, 'learning_rate': 0.004989763789466589}. Best is trial 2 with value: 1374.8204345703125.
LOCAL_RANK: 0 - CUDA_VISIBLE_DEVICES: [0]
[I 2023-11-30 00:07:22,935] Trial 11 finished with value: 1349.69873046875 and parameters: {'gradient_clip_val': 0.26038213025999307, 'hidden_size': 30, 'dropout': 0.27740902339478885, 'hidden_continuous_size': 20, 'attention_head_size': 4, 'learning_rate': 0.007438200074812603}. Best is trial 11 with value: 1349.69873046875.
LOCAL_RANK: 0 - CUDA_VISIBLE_DEVICES: [0]
[I 2023-11-30 00:07:35,906] Trial 12 finished with value: 1432.6083984375 and parameters: {'gradient_clip_val': 0.2308125020657787, 'hidden_size': 34, 'dropout': 0.27267782971629845, 'hidden_continuous_size': 16, 'attention_head_size': 3, 'learning_rate': 0.004655698202524035}. Best is trial 11 with value: 1349.69873046875.
LOCAL_RANK: 0 - CUDA_VISIBLE_DEVICES: [0]
[I 2023-11-30 00:07:49,514] Trial 13 finished with value: 1241.4356689453125 and parameters: {'gradient_clip_val': 0.23315694904670983, 'hidden_size': 72, 'dropout': 0.3815295986428284, 'hidden_continuous_size': 32, 'attention_head_size': 3, 'learning_rate': 0.009251593036647916}. Best is trial 13 with value: 1241.4356689453125.
LOCAL_RANK: 0 - CUDA_VISIBLE_DEVICES: [0]
[I 2023-11-30 00:08:03,369] Trial 14 finished with value: 1361.1021728515625 and parameters: {'gradient_clip_val': 0.10132569504088117, 'hidden_size': 69, 'dropout': 0.3835768525403169, 'hidden_continuous_size': 33, 'attention_head_size': 3, 'learning_rate': 0.012263178588943446}. Best is trial 13 with value: 1241.4356689453125.
LOCAL_RANK: 0 - CUDA_VISIBLE_DEVICES: [0]
[I 2023-11-30 00:08:18,291] Trial 15 finished with value: 1354.0020751953125 and parameters: {'gradient_clip_val': 0.21917021638142584, 'hidden_size': 131, 'dropout': 0.3407494390305503, 'hidden_continuous_size': 83, 'attention_head_size': 3, 'learning_rate': 0.003449629507899705}. Best is trial 13 with value: 1241.4356689453125.
LOCAL_RANK: 0 - CUDA_VISIBLE_DEVICES: [0]
[I 2023-11-30 00:08:32,239] Trial 16 finished with value: 1198.67041015625 and parameters: {'gradient_clip_val': 0.14952923667833118, 'hidden_size': 71, 'dropout': 0.3976341580095783, 'hidden_continuous_size': 30, 'attention_head_size': 4, 'learning_rate': 0.010857267875689287}. Best is trial 16 with value: 1198.67041015625.
LOCAL_RANK: 0 - CUDA_VISIBLE_DEVICES: [0]
[I 2023-11-30 00:08:46,315] Trial 17 finished with value: 1452.4200439453125 and parameters: {'gradient_clip_val': 0.14966978343969622, 'hidden_size': 91, 'dropout': 0.3905917720580909, 'hidden_continuous_size': 32, 'attention_head_size': 3, 'learning_rate': 0.015193330508354886}. Best is trial 16 with value: 1198.67041015625.
LOCAL_RANK: 0 - CUDA_VISIBLE_DEVICES: [0]
[I 2023-11-30 00:09:00,091] Trial 18 finished with value: 1435.0181884765625 and parameters: {'gradient_clip_val': 0.14641692988419486, 'hidden_size': 62, 'dropout': 0.3622995640308883, 'hidden_continuous_size': 29, 'attention_head_size': 4, 'learning_rate': 0.011921901211988937}. Best is trial 16 with value: 1198.67041015625.
LOCAL_RANK: 0 - CUDA_VISIBLE_DEVICES: [0]
[I 2023-11-30 00:09:14,404] Trial 19 finished with value: 2000.6380615234375 and parameters: {'gradient_clip_val': 0.18442198479970795, 'hidden_size': 99, 'dropout': 0.3494014343686993, 'hidden_continuous_size': 46, 'attention_head_size': 3, 'learning_rate': 0.04176325034351665}. Best is trial 16 with value: 1198.67041015625.
LOCAL_RANK: 0 - CUDA_VISIBLE_DEVICES: [0]
[I 2023-11-30 00:09:28,076] Trial 20 finished with value: 1315.8197021484375 and parameters: {'gradient_clip_val': 0.12335944930618734, 'hidden_size': 54, 'dropout': 0.38809219968479924, 'hidden_continuous_size': 26, 'attention_head_size': 2, 'learning_rate': 0.015195530061731053}. Best is trial 16 with value: 1198.67041015625.
LOCAL_RANK: 0 - CUDA_VISIBLE_DEVICES: [0]
[I 2023-11-30 00:09:41,402] Trial 21 finished with value: 1019.024169921875 and parameters: {'gradient_clip_val': 0.11284858057213541, 'hidden_size': 50, 'dropout': 0.3924969626988224, 'hidden_continuous_size': 26, 'attention_head_size': 2, 'learning_rate': 0.015921796082406195}. Best is trial 21 with value: 1019.024169921875.
LOCAL_RANK: 0 - CUDA_VISIBLE_DEVICES: [0]
[I 2023-11-30 00:09:55,289] Trial 22 finished with value: 1174.1405029296875 and parameters: {'gradient_clip_val': 0.10893960739111576, 'hidden_size': 82, 'dropout': 0.3999842191319709, 'hidden_continuous_size': 37, 'attention_head_size': 2, 'learning_rate': 0.009824107296707135}. Best is trial 21 with value: 1019.024169921875.
LOCAL_RANK: 0 - CUDA_VISIBLE_DEVICES: [0]
[I 2023-11-30 00:10:09,207] Trial 23 finished with value: 1969.9239501953125 and parameters: {'gradient_clip_val': 0.10663328946652832, 'hidden_size': 88, 'dropout': 0.3984257967085908, 'hidden_continuous_size': 39, 'attention_head_size': 2, 'learning_rate': 0.015812099408205358}. Best is trial 21 with value: 1019.024169921875.
LOCAL_RANK: 0 - CUDA_VISIBLE_DEVICES: [0]
[I 2023-11-30 00:10:22,360] Trial 24 finished with value: 1415.68505859375 and parameters: {'gradient_clip_val': 0.1002085852821266, 'hidden_size': 47, 'dropout': 0.3422269954760987, 'hidden_continuous_size': 26, 'attention_head_size': 2, 'learning_rate': 0.01805465443280409}. Best is trial 21 with value: 1019.024169921875.
LOCAL_RANK: 0 - CUDA_VISIBLE_DEVICES: [0]
[I 2023-11-30 00:10:35,858] Trial 25 finished with value: 2608.681884765625 and parameters: {'gradient_clip_val': 0.1282039358902591, 'hidden_size': 57, 'dropout': 0.39883607237626717, 'hidden_continuous_size': 25, 'attention_head_size': 1, 'learning_rate': 0.00934476770851224}. Best is trial 21 with value: 1019.024169921875.
LOCAL_RANK: 0 - CUDA_VISIBLE_DEVICES: [0]
[I 2023-11-30 00:10:49,662] Trial 26 finished with value: 1099.3201904296875 and parameters: {'gradient_clip_val': 0.1283655153155736, 'hidden_size': 80, 'dropout': 0.3641945071432125, 'hidden_continuous_size': 39, 'attention_head_size': 2, 'learning_rate': 0.011377368130647785}. Best is trial 21 with value: 1019.024169921875.
LOCAL_RANK: 0 - CUDA_VISIBLE_DEVICES: [0]
[I 2023-11-30 00:11:03,973] Trial 27 finished with value: 1589.1552734375 and parameters: {'gradient_clip_val': 0.1252659635808664, 'hidden_size': 109, 'dropout': 0.3581187004606044, 'hidden_continuous_size': 50, 'attention_head_size': 2, 'learning_rate': 0.03349600305385869}. Best is trial 21 with value: 1019.024169921875.
LOCAL_RANK: 0 - CUDA_VISIBLE_DEVICES: [0]
[I 2023-11-30 00:11:17,820] Trial 28 finished with value: 1731.7843017578125 and parameters: {'gradient_clip_val': 0.11997407346373418, 'hidden_size': 84, 'dropout': 0.36779634244561804, 'hidden_continuous_size': 39, 'attention_head_size': 2, 'learning_rate': 0.020847154598710504}. Best is trial 21 with value: 1019.024169921875.
LOCAL_RANK: 0 - CUDA_VISIBLE_DEVICES: [0]
[I 2023-11-30 00:11:32,013] Trial 29 finished with value: 1368.9166259765625 and parameters: {'gradient_clip_val': 0.1778882498724193, 'hidden_size': 113, 'dropout': 0.3284265131824602, 'hidden_continuous_size': 57, 'attention_head_size': 1, 'learning_rate': 0.006295748417987654}. Best is trial 21 with value: 1019.024169921875.
LOCAL_RANK: 0 - CUDA_VISIBLE_DEVICES: [0]
[I 2023-11-30 00:11:46,047] Trial 30 finished with value: 1372.3160400390625 and parameters: {'gradient_clip_val': 0.13841646487716044, 'hidden_size': 81, 'dropout': 0.36852750770053655, 'hidden_continuous_size': 35, 'attention_head_size': 2, 'learning_rate': 0.012386704097736654}. Best is trial 21 with value: 1019.024169921875.
LOCAL_RANK: 0 - CUDA_VISIBLE_DEVICES: [0]
[I 2023-11-30 00:12:00,788] Trial 31 finished with value: 1834.8287353515625 and parameters: {'gradient_clip_val': 0.16309792298697529, 'hidden_size': 147, 'dropout': 0.39860332544077637, 'hidden_continuous_size': 61, 'attention_head_size': 2, 'learning_rate': 0.01331400947331631}. Best is trial 21 with value: 1019.024169921875.
LOCAL_RANK: 0 - CUDA_VISIBLE_DEVICES: [0]
[I 2023-11-30 00:12:14,442] Trial 32 finished with value: 1197.7177734375 and parameters: {'gradient_clip_val': 0.1423884937876509, 'hidden_size': 76, 'dropout': 0.3741812933818137, 'hidden_continuous_size': 28, 'attention_head_size': 2, 'learning_rate': 0.01048909480789006}. Best is trial 21 with value: 1019.024169921875.
LOCAL_RANK: 0 - CUDA_VISIBLE_DEVICES: [0]
[I 2023-11-30 00:12:27,873] Trial 33 finished with value: 1159.9453125 and parameters: {'gradient_clip_val': 0.10687485417468362, 'hidden_size': 55, 'dropout': 0.3564324940481134, 'hidden_continuous_size': 23, 'attention_head_size': 2, 'learning_rate': 0.00782995958330557}. Best is trial 21 with value: 1019.024169921875.
LOCAL_RANK: 0 - CUDA_VISIBLE_DEVICES: [0]
[I 2023-11-30 00:12:41,339] Trial 34 finished with value: 2247.3603515625 and parameters: {'gradient_clip_val': 0.11197116371452363, 'hidden_size': 54, 'dropout': 0.35189586572963855, 'hidden_continuous_size': 24, 'attention_head_size': 2, 'learning_rate': 0.002685236950768402}. Best is trial 21 with value: 1019.024169921875.
LOCAL_RANK: 0 - CUDA_VISIBLE_DEVICES: [0]
[I 2023-11-30 00:12:54,620] Trial 35 finished with value: 1719.2681884765625 and parameters: {'gradient_clip_val': 0.10197494401563642, 'hidden_size': 43, 'dropout': 0.37492772557816023, 'hidden_continuous_size': 22, 'attention_head_size': 2, 'learning_rate': 0.007052257648546201}. Best is trial 21 with value: 1019.024169921875.
LOCAL_RANK: 0 - CUDA_VISIBLE_DEVICES: [0]
[I 2023-11-30 00:13:08,074] Trial 36 finished with value: 1288.429931640625 and parameters: {'gradient_clip_val': 0.11316339669803988, 'hidden_size': 61, 'dropout': 0.31946920218638714, 'hidden_continuous_size': 23, 'attention_head_size': 1, 'learning_rate': 0.022529044105021153}. Best is trial 21 with value: 1019.024169921875.
LOCAL_RANK: 0 - CUDA_VISIBLE_DEVICES: [0]
[I 2023-11-30 00:13:21,964] Trial 37 finished with value: 1933.69921875 and parameters: {'gradient_clip_val': 0.12426576726075755, 'hidden_size': 98, 'dropout': 0.33772614273432777, 'hidden_continuous_size': 17, 'attention_head_size': 2, 'learning_rate': 0.018069655694767376}. Best is trial 21 with value: 1019.024169921875.
LOCAL_RANK: 0 - CUDA_VISIBLE_DEVICES: [0]
[I 2023-11-30 00:13:34,981] Trial 38 finished with value: 1485.5614013671875 and parameters: {'gradient_clip_val': 0.1374477520733584, 'hidden_size': 41, 'dropout': 0.3583284118893979, 'hidden_continuous_size': 22, 'attention_head_size': 1, 'learning_rate': 0.008637410286467322}. Best is trial 21 with value: 1019.024169921875.
LOCAL_RANK: 0 - CUDA_VISIBLE_DEVICES: [0]
[I 2023-11-30 00:13:48,294] Trial 39 finished with value: 1234.9158935546875 and parameters: {'gradient_clip_val': 0.163334724766347, 'hidden_size': 51, 'dropout': 0.37853941968360555, 'hidden_continuous_size': 28, 'attention_head_size': 2, 'learning_rate': 0.0060508315189935795}. Best is trial 21 with value: 1019.024169921875.
LOCAL_RANK: 0 - CUDA_VISIBLE_DEVICES: [0]
[I 2023-11-30 00:14:01,507] Trial 40 finished with value: 1176.9859619140625 and parameters: {'gradient_clip_val': 0.11232859538107522, 'hidden_size': 39, 'dropout': 0.3190969649996034, 'hidden_continuous_size': 26, 'attention_head_size': 1, 'learning_rate': 0.007568768619524655}. Best is trial 21 with value: 1019.024169921875.
LOCAL_RANK: 0 - CUDA_VISIBLE_DEVICES: [0]
[I 2023-11-30 00:14:14,420] Trial 41 finished with value: 1433.0804443359375 and parameters: {'gradient_clip_val': 0.1114271984651142, 'hidden_size': 37, 'dropout': 0.3190148960898427, 'hidden_continuous_size': 25, 'attention_head_size': 1, 'learning_rate': 0.00775975622472966}. Best is trial 21 with value: 1019.024169921875.
LOCAL_RANK: 0 - CUDA_VISIBLE_DEVICES: [0]
[I 2023-11-30 00:14:27,649] Trial 42 finished with value: 1078.5374755859375 and parameters: {'gradient_clip_val': 0.13335459237099612, 'hidden_size': 49, 'dropout': 0.35285967035241333, 'hidden_continuous_size': 27, 'attention_head_size': 1, 'learning_rate': 0.008670534931268526}. Best is trial 21 with value: 1019.024169921875.
LOCAL_RANK: 0 - CUDA_VISIBLE_DEVICES: [0]
[I 2023-11-30 00:14:41,055] Trial 43 finished with value: 1020.0880737304688 and parameters: {'gradient_clip_val': 0.1330414622208815, 'hidden_size': 62, 'dropout': 0.3540183623788978, 'hidden_continuous_size': 19, 'attention_head_size': 2, 'learning_rate': 0.009817616790849287}. Best is trial 21 with value: 1019.024169921875.
LOCAL_RANK: 0 - CUDA_VISIBLE_DEVICES: [0]
