[I 2023-11-30 13:13:30,792] Trial 57 finished with value: 227.07177734375 and parameters: {'gradient_clip_val': 0.8104219175106092, 'hidden_size': 36, 'dropout': 0.264292473254389, 'hidden_continuous_size': 24, 'attention_head_size': 3, 'learning_rate': 0.03291789595719432}. Best is trial 28 with value: 149.17440795898438.
LOCAL_RANK: 0 - CUDA_VISIBLE_DEVICES: [0]
[I 2023-11-30 13:13:45,134] Trial 58 finished with value: 179.6183319091797 and parameters: {'gradient_clip_val': 0.9214239478841842, 'hidden_size': 84, 'dropout': 0.3196200082601948, 'hidden_continuous_size': 48, 'attention_head_size': 4, 'learning_rate': 0.04399318996135473}. Best is trial 28 with value: 149.17440795898438.
LOCAL_RANK: 0 - CUDA_VISIBLE_DEVICES: [0]
[I 2023-11-30 13:13:59,624] Trial 59 finished with value: 204.58349609375 and parameters: {'gradient_clip_val': 0.4748189810090725, 'hidden_size': 101, 'dropout': 0.2934505551181864, 'hidden_continuous_size': 49, 'attention_head_size': 4, 'learning_rate': 0.03933437078522721}. Best is trial 28 with value: 149.17440795898438.
LOCAL_RANK: 0 - CUDA_VISIBLE_DEVICES: [0]
[I 2023-11-30 13:14:14,119] Trial 60 finished with value: 217.2628936767578 and parameters: {'gradient_clip_val': 0.8721374999446624, 'hidden_size': 90, 'dropout': 0.31216729519498, 'hidden_continuous_size': 47, 'attention_head_size': 4, 'learning_rate': 0.025722063840294532}. Best is trial 28 with value: 149.17440795898438.
LOCAL_RANK: 0 - CUDA_VISIBLE_DEVICES: [0]
[I 2023-11-30 13:14:28,423] Trial 61 finished with value: 197.3993377685547 and parameters: {'gradient_clip_val': 0.906474390579666, 'hidden_size': 83, 'dropout': 0.32830729264614616, 'hidden_continuous_size': 38, 'attention_head_size': 4, 'learning_rate': 0.047860422082582205}. Best is trial 28 with value: 149.17440795898438.
LOCAL_RANK: 0 - CUDA_VISIBLE_DEVICES: [0]
[I 2023-11-30 13:14:42,257] Trial 62 finished with value: 238.167236328125 and parameters: {'gradient_clip_val': 0.7669314131163761, 'hidden_size': 60, 'dropout': 0.37002676861098827, 'hidden_continuous_size': 43, 'attention_head_size': 4, 'learning_rate': 0.05726154624469198}. Best is trial 28 with value: 149.17440795898438.
LOCAL_RANK: 0 - CUDA_VISIBLE_DEVICES: [0]
[I 2023-11-30 13:14:56,332] Trial 63 finished with value: 240.948486328125 and parameters: {'gradient_clip_val': 0.6707847905681211, 'hidden_size': 66, 'dropout': 0.3191325746037697, 'hidden_continuous_size': 38, 'attention_head_size': 4, 'learning_rate': 0.02959518768049854}. Best is trial 28 with value: 149.17440795898438.
LOCAL_RANK: 0 - CUDA_VISIBLE_DEVICES: [0]
[I 2023-11-30 13:15:10,301] Trial 64 finished with value: 232.1424560546875 and parameters: {'gradient_clip_val': 0.9529814390467201, 'hidden_size': 77, 'dropout': 0.340779633159003, 'hidden_continuous_size': 41, 'attention_head_size': 3, 'learning_rate': 0.08864256154366193}. Best is trial 28 with value: 149.17440795898438.
LOCAL_RANK: 0 - CUDA_VISIBLE_DEVICES: [0]
[I 2023-11-30 13:15:24,215] Trial 65 finished with value: 221.4986572265625 and parameters: {'gradient_clip_val': 0.8075392676406682, 'hidden_size': 55, 'dropout': 0.2998980405151936, 'hidden_continuous_size': 36, 'attention_head_size': 3, 'learning_rate': 0.04518815741165454}. Best is trial 28 with value: 149.17440795898438.
LOCAL_RANK: 0 - CUDA_VISIBLE_DEVICES: [0]
[I 2023-11-30 13:15:38,042] Trial 66 finished with value: 208.29345703125 and parameters: {'gradient_clip_val': 0.7233113121986521, 'hidden_size': 69, 'dropout': 0.3582300288091602, 'hidden_continuous_size': 33, 'attention_head_size': 2, 'learning_rate': 0.0367245515297111}. Best is trial 28 with value: 149.17440795898438.
LOCAL_RANK: 0 - CUDA_VISIBLE_DEVICES: [0]
[I 2023-11-30 13:15:52,446] Trial 67 finished with value: 213.9760284423828 and parameters: {'gradient_clip_val': 0.6132276557024406, 'hidden_size': 85, 'dropout': 0.3939977065856691, 'hidden_continuous_size': 55, 'attention_head_size': 4, 'learning_rate': 0.0649668309870575}. Best is trial 28 with value: 149.17440795898438.
LOCAL_RANK: 0 - CUDA_VISIBLE_DEVICES: [0]
[I 2023-11-30 13:16:07,050] Trial 68 finished with value: 188.39671325683594 and parameters: {'gradient_clip_val': 0.5581045439080817, 'hidden_size': 99, 'dropout': 0.3489855952305809, 'hidden_continuous_size': 68, 'attention_head_size': 3, 'learning_rate': 0.073711174677809}. Best is trial 28 with value: 149.17440795898438.
LOCAL_RANK: 0 - CUDA_VISIBLE_DEVICES: [0]
[I 2023-11-30 13:16:21,247] Trial 69 finished with value: 187.9266357421875 and parameters: {'gradient_clip_val': 0.5301347670527767, 'hidden_size': 76, 'dropout': 0.3085329488216935, 'hidden_continuous_size': 50, 'attention_head_size': 4, 'learning_rate': 0.052341831284172906}. Best is trial 28 with value: 149.17440795898438.
LOCAL_RANK: 0 - CUDA_VISIBLE_DEVICES: [0]
[I 2023-11-30 13:16:35,424] Trial 70 finished with value: 225.3496551513672 and parameters: {'gradient_clip_val': 0.6642356382692978, 'hidden_size': 62, 'dropout': 0.32053367284680695, 'hidden_continuous_size': 45, 'attention_head_size': 3, 'learning_rate': 0.09878913381149423}. Best is trial 28 with value: 149.17440795898438.
LOCAL_RANK: 0 - CUDA_VISIBLE_DEVICES: [0]
[I 2023-11-30 13:16:49,075] Trial 71 finished with value: 209.9662628173828 and parameters: {'gradient_clip_val': 0.7210467196718318, 'hidden_size': 56, 'dropout': 0.37808582497709603, 'hidden_continuous_size': 39, 'attention_head_size': 3, 'learning_rate': 0.07392578815063065}. Best is trial 28 with value: 149.17440795898438.
LOCAL_RANK: 0 - CUDA_VISIBLE_DEVICES: [0]
[I 2023-11-30 13:17:02,911] Trial 72 finished with value: 206.83978271484375 and parameters: {'gradient_clip_val': 0.7581746374189706, 'hidden_size': 68, 'dropout': 0.3732172410106308, 'hidden_continuous_size': 35, 'attention_head_size': 3, 'learning_rate': 0.06237763826292935}. Best is trial 28 with value: 149.17440795898438.
LOCAL_RANK: 0 - CUDA_VISIBLE_DEVICES: [0]
[I 2023-11-30 13:17:16,467] Trial 73 finished with value: 214.15724182128906 and parameters: {'gradient_clip_val': 0.8381886295543837, 'hidden_size': 49, 'dropout': 0.3620177307898398, 'hidden_continuous_size': 34, 'attention_head_size': 3, 'learning_rate': 0.07813219047344615}. Best is trial 28 with value: 149.17440795898438.
LOCAL_RANK: 0 - CUDA_VISIBLE_DEVICES: [0]
[I 2023-11-30 13:17:30,240] Trial 74 finished with value: 213.1323699951172 and parameters: {'gradient_clip_val': 0.577830996057323, 'hidden_size': 61, 'dropout': 0.38585294685470434, 'hidden_continuous_size': 43, 'attention_head_size': 2, 'learning_rate': 0.05097500851850614}. Best is trial 28 with value: 149.17440795898438.
LOCAL_RANK: 0 - CUDA_VISIBLE_DEVICES: [0]
[I 2023-11-30 13:17:44,408] Trial 75 finished with value: 194.9650421142578 and parameters: {'gradient_clip_val': 0.9422294039263535, 'hidden_size': 73, 'dropout': 0.3872853688340271, 'hidden_continuous_size': 36, 'attention_head_size': 3, 'learning_rate': 0.08379711920825937}. Best is trial 28 with value: 149.17440795898438.
LOCAL_RANK: 0 - CUDA_VISIBLE_DEVICES: [0]
[I 2023-11-30 13:17:58,196] Trial 76 finished with value: 213.4208526611328 and parameters: {'gradient_clip_val': 0.6353137907792721, 'hidden_size': 59, 'dropout': 0.39716553732994825, 'hidden_continuous_size': 39, 'attention_head_size': 3, 'learning_rate': 0.07003192921220427}. Best is trial 28 with value: 149.17440795898438.
LOCAL_RANK: 0 - CUDA_VISIBLE_DEVICES: [0]
[I 2023-11-30 13:18:12,517] Trial 77 finished with value: 211.7238311767578 and parameters: {'gradient_clip_val': 0.6972692523413848, 'hidden_size': 82, 'dropout': 0.33542120377444895, 'hidden_continuous_size': 48, 'attention_head_size': 4, 'learning_rate': 0.04360932357024599}. Best is trial 28 with value: 149.17440795898438.
LOCAL_RANK: 0 - CUDA_VISIBLE_DEVICES: [0]
[I 2023-11-30 13:18:26,248] Trial 78 finished with value: 168.8960723876953 and parameters: {'gradient_clip_val': 0.5975571512681558, 'hidden_size': 66, 'dropout': 0.30700491095972177, 'hidden_continuous_size': 41, 'attention_head_size': 1, 'learning_rate': 0.0575339551266705}. Best is trial 28 with value: 149.17440795898438.
LOCAL_RANK: 0 - CUDA_VISIBLE_DEVICES: [0]
[I 2023-11-30 13:18:39,769] Trial 79 finished with value: 206.37379455566406 and parameters: {'gradient_clip_val': 0.5137533997056181, 'hidden_size': 68, 'dropout': 0.301819480654353, 'hidden_continuous_size': 41, 'attention_head_size': 1, 'learning_rate': 0.058592858801209666}. Best is trial 28 with value: 149.17440795898438.
LOCAL_RANK: 0 - CUDA_VISIBLE_DEVICES: [0]
[I 2023-11-30 13:18:54,081] Trial 80 finished with value: 187.8091278076172 and parameters: {'gradient_clip_val': 0.5984170767085751, 'hidden_size': 87, 'dropout': 0.2788016762097185, 'hidden_continuous_size': 54, 'attention_head_size': 1, 'learning_rate': 0.037115551724224864}. Best is trial 28 with value: 149.17440795898438.
LOCAL_RANK: 0 - CUDA_VISIBLE_DEVICES: [0]
[I 2023-11-30 13:19:07,627] Trial 81 finished with value: 206.49525451660156 and parameters: {'gradient_clip_val': 0.7463528174538656, 'hidden_size': 56, 'dropout': 0.3204046463717607, 'hidden_continuous_size': 44, 'attention_head_size': 2, 'learning_rate': 0.0880280222641321}. Best is trial 28 with value: 149.17440795898438.
LOCAL_RANK: 0 - CUDA_VISIBLE_DEVICES: [0]
[I 2023-11-30 13:19:21,397] Trial 82 finished with value: 140.02366638183594 and parameters: {'gradient_clip_val': 0.6639264677099568, 'hidden_size': 65, 'dropout': 0.3088893787050953, 'hidden_continuous_size': 40, 'attention_head_size': 1, 'learning_rate': 0.055626294795327824}. Best is trial 82 with value: 140.02366638183594.
LOCAL_RANK: 0 - CUDA_VISIBLE_DEVICES: [0]
[I 2023-11-30 13:19:35,241] Trial 83 finished with value: 188.647705078125 and parameters: {'gradient_clip_val': 0.41993597670315824, 'hidden_size': 80, 'dropout': 0.31001619049374063, 'hidden_continuous_size': 46, 'attention_head_size': 1, 'learning_rate': 0.05155588495758416}. Best is trial 82 with value: 140.02366638183594.
LOCAL_RANK: 0 - CUDA_VISIBLE_DEVICES: [0]
[I 2023-11-30 13:19:48,826] Trial 84 finished with value: 319.42864990234375 and parameters: {'gradient_clip_val': 0.4756649354330997, 'hidden_size': 64, 'dropout': 0.29430654969995146, 'hidden_continuous_size': 40, 'attention_head_size': 1, 'learning_rate': 0.042684811510905245}. Best is trial 82 with value: 140.02366638183594.
LOCAL_RANK: 0 - CUDA_VISIBLE_DEVICES: [0]
[I 2023-11-30 13:20:02,688] Trial 85 finished with value: 189.8795623779297 and parameters: {'gradient_clip_val': 0.6644184968696633, 'hidden_size': 73, 'dropout': 0.3262970245393966, 'hidden_continuous_size': 36, 'attention_head_size': 1, 'learning_rate': 0.05841623756353487}. Best is trial 82 with value: 140.02366638183594.
LOCAL_RANK: 0 - CUDA_VISIBLE_DEVICES: [0]
[I 2023-11-30 13:20:16,397] Trial 86 finished with value: 211.0034942626953 and parameters: {'gradient_clip_val': 0.45656212647520705, 'hidden_size': 66, 'dropout': 0.30402108447728227, 'hidden_continuous_size': 48, 'attention_head_size': 1, 'learning_rate': 0.03305037682363105}. Best is trial 82 with value: 140.02366638183594.
LOCAL_RANK: 0 - CUDA_VISIBLE_DEVICES: [0]
[I 2023-11-30 13:20:30,307] Trial 87 finished with value: 176.77552795410156 and parameters: {'gradient_clip_val': 0.6019220555906676, 'hidden_size': 93, 'dropout': 0.3359930390397269, 'hidden_continuous_size': 32, 'attention_head_size': 1, 'learning_rate': 0.06648904555319113}. Best is trial 82 with value: 140.02366638183594.
LOCAL_RANK: 0 - CUDA_VISIBLE_DEVICES: [0]
[I 2023-11-30 13:20:44,307] Trial 88 finished with value: 212.811279296875 and parameters: {'gradient_clip_val': 0.5675624840013855, 'hidden_size': 98, 'dropout': 0.3149817287721139, 'hidden_continuous_size': 31, 'attention_head_size': 1, 'learning_rate': 0.046183314253214716}. Best is trial 82 with value: 140.02366638183594.
LOCAL_RANK: 0 - CUDA_VISIBLE_DEVICES: [0]
[I 2023-11-30 13:20:58,309] Trial 89 finished with value: 219.9281005859375 and parameters: {'gradient_clip_val': 0.5052737326630674, 'hidden_size': 92, 'dropout': 0.33911219506288115, 'hidden_continuous_size': 51, 'attention_head_size': 1, 'learning_rate': 0.06332442359108824}. Best is trial 82 with value: 140.02366638183594.
LOCAL_RANK: 0 - CUDA_VISIBLE_DEVICES: [0]
[I 2023-11-30 13:21:12,497] Trial 90 finished with value: 259.4447326660156 and parameters: {'gradient_clip_val': 0.6030126797782681, 'hidden_size': 109, 'dropout': 0.34433939887960074, 'hidden_continuous_size': 32, 'attention_head_size': 1, 'learning_rate': 0.03980981327784799}. Best is trial 82 with value: 140.02366638183594.
LOCAL_RANK: 0 - CUDA_VISIBLE_DEVICES: [0]
[I 2023-11-30 13:21:26,378] Trial 91 finished with value: 235.927734375 and parameters: {'gradient_clip_val': 0.6308325569592731, 'hidden_size': 79, 'dropout': 0.32921574374568674, 'hidden_continuous_size': 38, 'attention_head_size': 1, 'learning_rate': 0.05443782309480487}. Best is trial 82 with value: 140.02366638183594.
LOCAL_RANK: 0 - CUDA_VISIBLE_DEVICES: [0]
[I 2023-11-30 13:21:40,291] Trial 92 finished with value: 188.0352783203125 and parameters: {'gradient_clip_val': 0.6789304655363064, 'hidden_size': 87, 'dropout': 0.35105923067512346, 'hidden_continuous_size': 34, 'attention_head_size': 1, 'learning_rate': 0.06778042329582029}. Best is trial 82 with value: 140.02366638183594.
LOCAL_RANK: 0 - CUDA_VISIBLE_DEVICES: [0]
[I 2023-11-30 13:21:54,405] Trial 93 finished with value: 181.7534942626953 and parameters: {'gradient_clip_val': 0.5467207321556279, 'hidden_size': 74, 'dropout': 0.28670362810571115, 'hidden_continuous_size': 43, 'attention_head_size': 4, 'learning_rate': 0.07641211809840362}. Best is trial 82 with value: 140.02366638183594.
LOCAL_RANK: 0 - CUDA_VISIBLE_DEVICES: [0]
[I 2023-11-30 13:22:08,407] Trial 94 finished with value: 187.39459228515625 and parameters: {'gradient_clip_val': 0.5433913780766723, 'hidden_size': 76, 'dropout': 0.29070721722075815, 'hidden_continuous_size': 44, 'attention_head_size': 4, 'learning_rate': 0.0914941155891432}. Best is trial 82 with value: 140.02366638183594.
LOCAL_RANK: 0 - CUDA_VISIBLE_DEVICES: [0]
[I 2023-11-30 13:22:22,636] Trial 95 finished with value: 167.23345947265625 and parameters: {'gradient_clip_val': 0.5799091267446624, 'hidden_size': 73, 'dropout': 0.2834138876511431, 'hidden_continuous_size': 42, 'attention_head_size': 4, 'learning_rate': 0.0775966744217519}. Best is trial 82 with value: 140.02366638183594.
LOCAL_RANK: 0 - CUDA_VISIBLE_DEVICES: [0]
[I 2023-11-30 13:22:36,665] Trial 96 finished with value: 192.3236541748047 and parameters: {'gradient_clip_val': 0.49004450074482886, 'hidden_size': 71, 'dropout': 0.2879862979816349, 'hidden_continuous_size': 41, 'attention_head_size': 4, 'learning_rate': 0.07997929058310879}. Best is trial 82 with value: 140.02366638183594.
LOCAL_RANK: 0 - CUDA_VISIBLE_DEVICES: [0]
[I 2023-11-30 13:22:51,089] Trial 97 finished with value: 224.79052734375 and parameters: {'gradient_clip_val': 0.5307542530880978, 'hidden_size': 93, 'dropout': 0.28153003644158836, 'hidden_continuous_size': 46, 'attention_head_size': 4, 'learning_rate': 0.0682185591394349}. Best is trial 82 with value: 140.02366638183594.
LOCAL_RANK: 0 - CUDA_VISIBLE_DEVICES: [0]
[I 2023-11-30 13:23:05,257] Trial 98 finished with value: 205.7863006591797 and parameters: {'gradient_clip_val': 0.5701291943344496, 'hidden_size': 81, 'dropout': 0.2964808604270267, 'hidden_continuous_size': 42, 'attention_head_size': 4, 'learning_rate': 0.054855030680649744}. Best is trial 82 with value: 140.02366638183594.
LOCAL_RANK: 0 - CUDA_VISIBLE_DEVICES: [0]
[I 2023-11-30 13:23:19,406] Trial 99 finished with value: 210.7491455078125 and parameters: {'gradient_clip_val': 0.4678564096995581, 'hidden_size': 88, 'dropout': 0.26564204863613217, 'hidden_continuous_size': 39, 'attention_head_size': 4, 'learning_rate': 0.07902906628073232}. Best is trial 82 with value: 140.02366638183594.
LOCAL_RANK: 0 - CUDA_VISIBLE_DEVICES: [0]
[I 2023-11-30 13:23:33,542] Trial 100 finished with value: 167.65647888183594 and parameters: {'gradient_clip_val': 0.42730618803283893, 'hidden_size': 74, 'dropout': 0.27330096926915953, 'hidden_continuous_size': 44, 'attention_head_size': 4, 'learning_rate': 0.04755929981116006}. Best is trial 82 with value: 140.02366638183594.
LOCAL_RANK: 0 - CUDA_VISIBLE_DEVICES: [0]
[I 2023-11-30 13:23:47,506] Trial 101 finished with value: 180.9196319580078 and parameters: {'gradient_clip_val': 0.4356894088537053, 'hidden_size': 70, 'dropout': 0.27415223540953365, 'hidden_continuous_size': 45, 'attention_head_size': 4, 'learning_rate': 0.04877366142127221}. Best is trial 82 with value: 140.02366638183594.
LOCAL_RANK: 0 - CUDA_VISIBLE_DEVICES: [0]
[I 2023-11-30 13:24:01,512] Trial 102 finished with value: 257.8733215332031 and parameters: {'gradient_clip_val': 0.42832451710098773, 'hidden_size': 74, 'dropout': 0.27456934583373765, 'hidden_continuous_size': 48, 'attention_head_size': 4, 'learning_rate': 0.04858313392361085}. Best is trial 82 with value: 140.02366638183594.
LOCAL_RANK: 0 - CUDA_VISIBLE_DEVICES: [0]
[I 2023-11-30 13:24:15,625] Trial 103 finished with value: 210.3710479736328 and parameters: {'gradient_clip_val': 0.3998198236996406, 'hidden_size': 84, 'dropout': 0.28384620524197557, 'hidden_continuous_size': 44, 'attention_head_size': 4, 'learning_rate': 0.06028523974614334}. Best is trial 82 with value: 140.02366638183594.
LOCAL_RANK: 0 - CUDA_VISIBLE_DEVICES: [0]
[I 2023-11-30 13:24:29,551] Trial 104 finished with value: 252.17860412597656 and parameters: {'gradient_clip_val': 0.3861543742630016, 'hidden_size': 70, 'dropout': 0.27124742231995924, 'hidden_continuous_size': 42, 'attention_head_size': 4, 'learning_rate': 0.04653214227057073}. Best is trial 82 with value: 140.02366638183594.
LOCAL_RANK: 0 - CUDA_VISIBLE_DEVICES: [0]
[I 2023-11-30 13:24:44,129] Trial 105 finished with value: 210.26319885253906 and parameters: {'gradient_clip_val': 0.4327199495275977, 'hidden_size': 97, 'dropout': 0.282407612644088, 'hidden_continuous_size': 49, 'attention_head_size': 4, 'learning_rate': 0.04032303200484512}. Best is trial 82 with value: 140.02366638183594.
LOCAL_RANK: 0 - CUDA_VISIBLE_DEVICES: [0]
[I 2023-11-30 13:24:58,330] Trial 106 finished with value: 230.70936584472656 and parameters: {'gradient_clip_val': 0.5580281202619909, 'hidden_size': 79, 'dropout': 0.2610820468462615, 'hidden_continuous_size': 46, 'attention_head_size': 4, 'learning_rate': 0.05320867463574834}. Best is trial 82 with value: 140.02366638183594.
LOCAL_RANK: 0 - CUDA_VISIBLE_DEVICES: [0]
[I 2023-11-30 13:25:12,498] Trial 107 finished with value: 218.294921875 and parameters: {'gradient_clip_val': 0.45027883323168044, 'hidden_size': 66, 'dropout': 0.2721985599354129, 'hidden_continuous_size': 51, 'attention_head_size': 4, 'learning_rate': 0.03573584093851702}. Best is trial 82 with value: 140.02366638183594.
LOCAL_RANK: 0 - CUDA_VISIBLE_DEVICES: [0]
[I 2023-11-30 13:25:26,498] Trial 108 finished with value: 156.7939910888672 and parameters: {'gradient_clip_val': 0.6078200831155296, 'hidden_size': 75, 'dropout': 0.30656570093914004, 'hidden_continuous_size': 40, 'attention_head_size': 4, 'learning_rate': 0.08973240769943133}. Best is trial 82 with value: 140.02366638183594.
LOCAL_RANK: 0 - CUDA_VISIBLE_DEVICES: [0]
[I 2023-11-30 13:25:40,658] Trial 109 finished with value: 201.78924560546875 and parameters: {'gradient_clip_val': 0.5968347787371041, 'hidden_size': 89, 'dropout': 0.3073607958525034, 'hidden_continuous_size': 38, 'attention_head_size': 4, 'learning_rate': 0.09990622805878177}. Best is trial 82 with value: 140.02366638183594.
LOCAL_RANK: 0 - CUDA_VISIBLE_DEVICES: [0]
[I 2023-11-30 13:25:55,231] Trial 110 finished with value: 208.53773498535156 and parameters: {'gradient_clip_val': 0.6469162229540997, 'hidden_size': 105, 'dropout': 0.29851901989068613, 'hidden_continuous_size': 40, 'attention_head_size': 4, 'learning_rate': 0.0913768662404552}. Best is trial 82 with value: 140.02366638183594.
LOCAL_RANK: 0 - CUDA_VISIBLE_DEVICES: [0]
[I 2023-11-30 13:26:09,354] Trial 111 finished with value: 205.6798553466797 and parameters: {'gradient_clip_val': 0.6158928007625749, 'hidden_size': 78, 'dropout': 0.29150107260355157, 'hidden_continuous_size': 44, 'attention_head_size': 4, 'learning_rate': 0.07884379185643653}. Best is trial 82 with value: 140.02366638183594.
LOCAL_RANK: 0 - CUDA_VISIBLE_DEVICES: [0]
[I 2023-11-30 13:26:23,413] Trial 112 finished with value: 157.8148956298828 and parameters: {'gradient_clip_val': 0.5230857165060085, 'hidden_size': 72, 'dropout': 0.30559576550062995, 'hidden_continuous_size': 42, 'attention_head_size': 4, 'learning_rate': 0.07049351013852866}. Best is trial 82 with value: 140.02366638183594.
LOCAL_RANK: 0 - CUDA_VISIBLE_DEVICES: [0]
[I 2023-11-30 13:26:37,342] Trial 113 finished with value: 213.2591094970703 and parameters: {'gradient_clip_val': 0.41585127859455834, 'hidden_size': 64, 'dropout': 0.31674558485699134, 'hidden_continuous_size': 42, 'attention_head_size': 4, 'learning_rate': 0.06138577263954708}. Best is trial 82 with value: 140.02366638183594.
LOCAL_RANK: 0 - CUDA_VISIBLE_DEVICES: [0]
[I 2023-11-30 13:26:51,404] Trial 114 finished with value: 198.5787811279297 and parameters: {'gradient_clip_val': 0.5165326800468668, 'hidden_size': 71, 'dropout': 0.3025589604973764, 'hidden_continuous_size': 47, 'attention_head_size': 4, 'learning_rate': 0.07002813632093194}. Best is trial 82 with value: 140.02366638183594.
LOCAL_RANK: 0 - CUDA_VISIBLE_DEVICES: [0]
[I 2023-11-30 13:27:05,847] Trial 115 finished with value: 278.2107849121094 and parameters: {'gradient_clip_val': 0.5826354085612788, 'hidden_size': 82, 'dropout': 0.27787740718928233, 'hidden_continuous_size': 53, 'attention_head_size': 4, 'learning_rate': 0.04721841853981204}. Best is trial 82 with value: 140.02366638183594.
LOCAL_RANK: 0 - CUDA_VISIBLE_DEVICES: [0]
