[I 2023-11-29 21:51:27,839] Trial 10 finished with value: 0.1549292653799057 and parameters: {'gradient_clip_val': 0.7562919014847389, 'hidden_size': 26, 'dropout': 0.29025859920346553, 'hidden_continuous_size': 15, 'attention_head_size': 3, 'learning_rate': 0.09451088199449559}. Best is trial 10 with value: 0.1549292653799057.
LOCAL_RANK: 0 - CUDA_VISIBLE_DEVICES: [0]
[I 2023-11-29 21:51:40,490] Trial 11 finished with value: 0.08251331001520157 and parameters: {'gradient_clip_val': 0.9921946480958537, 'hidden_size': 27, 'dropout': 0.29256814482841204, 'hidden_continuous_size': 15, 'attention_head_size': 3, 'learning_rate': 0.09410076560041934}. Best is trial 11 with value: 0.08251331001520157.
LOCAL_RANK: 0 - CUDA_VISIBLE_DEVICES: [0]
[I 2023-11-29 21:51:53,125] Trial 12 finished with value: 0.12760256230831146 and parameters: {'gradient_clip_val': 0.8560330054549197, 'hidden_size': 28, 'dropout': 0.2902636340854015, 'hidden_continuous_size': 14, 'attention_head_size': 3, 'learning_rate': 0.09816631674924721}. Best is trial 11 with value: 0.08251331001520157.
LOCAL_RANK: 0 - CUDA_VISIBLE_DEVICES: [0]
[I 2023-11-29 21:52:05,806] Trial 13 finished with value: 0.1921209841966629 and parameters: {'gradient_clip_val': 0.9879702156949709, 'hidden_size': 30, 'dropout': 0.30436760689340314, 'hidden_continuous_size': 13, 'attention_head_size': 3, 'learning_rate': 0.03068945179320534}. Best is trial 11 with value: 0.08251331001520157.
LOCAL_RANK: 0 - CUDA_VISIBLE_DEVICES: [0]
[I 2023-11-29 21:52:18,591] Trial 14 finished with value: 0.1467077136039734 and parameters: {'gradient_clip_val': 0.988898080366091, 'hidden_size': 40, 'dropout': 0.31097929894115206, 'hidden_continuous_size': 14, 'attention_head_size': 3, 'learning_rate': 0.02416514641775702}. Best is trial 11 with value: 0.08251331001520157.
LOCAL_RANK: 0 - CUDA_VISIBLE_DEVICES: [0]
[I 2023-11-29 21:52:31,080] Trial 15 finished with value: 0.1221577525138855 and parameters: {'gradient_clip_val': 0.6129248253167163, 'hidden_size': 19, 'dropout': 0.26774718203187375, 'hidden_continuous_size': 13, 'attention_head_size': 2, 'learning_rate': 0.05638431740055671}. Best is trial 11 with value: 0.08251331001520157.
LOCAL_RANK: 0 - CUDA_VISIBLE_DEVICES: [0]
[I 2023-11-29 21:52:43,456] Trial 16 finished with value: 0.14473740756511688 and parameters: {'gradient_clip_val': 0.625181828150625, 'hidden_size': 18, 'dropout': 0.2610634889191919, 'hidden_continuous_size': 12, 'attention_head_size': 2, 'learning_rate': 0.044432449538302665}. Best is trial 11 with value: 0.08251331001520157.
LOCAL_RANK: 0 - CUDA_VISIBLE_DEVICES: [0]
[I 2023-11-29 21:52:55,605] Trial 17 finished with value: 0.4584484100341797 and parameters: {'gradient_clip_val': 0.5978973985327611, 'hidden_size': 20, 'dropout': 0.34145112553919765, 'hidden_continuous_size': 13, 'attention_head_size': 2, 'learning_rate': 0.01593956721851054}. Best is trial 11 with value: 0.08251331001520157.
LOCAL_RANK: 0 - CUDA_VISIBLE_DEVICES: [0]
[I 2023-11-29 21:53:08,158] Trial 18 finished with value: 0.1771320104598999 and parameters: {'gradient_clip_val': 0.44597381790545976, 'hidden_size': 21, 'dropout': 0.23260442328935735, 'hidden_continuous_size': 12, 'attention_head_size': 2, 'learning_rate': 0.05987236431136227}. Best is trial 11 with value: 0.08251331001520157.
LOCAL_RANK: 0 - CUDA_VISIBLE_DEVICES: [0]
[I 2023-11-29 21:53:21,171] Trial 19 finished with value: 0.10501626878976822 and parameters: {'gradient_clip_val': 0.6784345014954842, 'hidden_size': 39, 'dropout': 0.2601243869373245, 'hidden_continuous_size': 17, 'attention_head_size': 3, 'learning_rate': 0.026073517798450293}. Best is trial 11 with value: 0.08251331001520157.
LOCAL_RANK: 0 - CUDA_VISIBLE_DEVICES: [0]
[I 2023-11-29 21:53:34,174] Trial 20 finished with value: 0.38659563660621643 and parameters: {'gradient_clip_val': 0.7249523604456436, 'hidden_size': 39, 'dropout': 0.32927892027341576, 'hidden_continuous_size': 17, 'attention_head_size': 4, 'learning_rate': 0.009359072035895545}. Best is trial 11 with value: 0.08251331001520157.
LOCAL_RANK: 0 - CUDA_VISIBLE_DEVICES: [0]
[I 2023-11-29 21:53:47,102] Trial 21 finished with value: 0.12631016969680786 and parameters: {'gradient_clip_val': 0.6477364261744616, 'hidden_size': 34, 'dropout': 0.27239066701023, 'hidden_continuous_size': 17, 'attention_head_size': 3, 'learning_rate': 0.036312263142484695}. Best is trial 11 with value: 0.08251331001520157.
LOCAL_RANK: 0 - CUDA_VISIBLE_DEVICES: [0]
[I 2023-11-29 21:53:59,702] Trial 22 finished with value: 0.11328253895044327 and parameters: {'gradient_clip_val': 0.993196784649409, 'hidden_size': 22, 'dropout': 0.27716932387993143, 'hidden_continuous_size': 15, 'attention_head_size': 3, 'learning_rate': 0.06283986187779665}. Best is trial 11 with value: 0.08251331001520157.
LOCAL_RANK: 0 - CUDA_VISIBLE_DEVICES: [0]
[I 2023-11-29 21:54:12,481] Trial 23 finished with value: 0.26705408096313477 and parameters: {'gradient_clip_val': 0.9909445975360799, 'hidden_size': 25, 'dropout': 0.23602770655726907, 'hidden_continuous_size': 15, 'attention_head_size': 3, 'learning_rate': 0.030342309755228218}. Best is trial 11 with value: 0.08251331001520157.
LOCAL_RANK: 0 - CUDA_VISIBLE_DEVICES: [0]
[I 2023-11-29 21:54:25,663] Trial 24 finished with value: 0.07970194518566132 and parameters: {'gradient_clip_val': 0.8365834109230046, 'hidden_size': 47, 'dropout': 0.2864285375050362, 'hidden_continuous_size': 19, 'attention_head_size': 3, 'learning_rate': 0.06814261408706111}. Best is trial 24 with value: 0.07970194518566132.
LOCAL_RANK: 0 - CUDA_VISIBLE_DEVICES: [0]
[I 2023-11-29 21:54:39,138] Trial 25 finished with value: 0.10601957887411118 and parameters: {'gradient_clip_val': 0.7806723422008628, 'hidden_size': 49, 'dropout': 0.32482171153785067, 'hidden_continuous_size': 24, 'attention_head_size': 4, 'learning_rate': 0.07328540561305147}. Best is trial 24 with value: 0.07970194518566132.
LOCAL_RANK: 0 - CUDA_VISIBLE_DEVICES: [0]
[I 2023-11-29 21:54:52,833] Trial 26 finished with value: 0.09222566336393356 and parameters: {'gradient_clip_val': 0.5065816317454159, 'hidden_size': 72, 'dropout': 0.30008840187153546, 'hidden_continuous_size': 27, 'attention_head_size': 3, 'learning_rate': 0.022675732425218496}. Best is trial 24 with value: 0.07970194518566132.
LOCAL_RANK: 0 - CUDA_VISIBLE_DEVICES: [0]
[I 2023-11-29 21:55:06,515] Trial 27 finished with value: 0.15993480384349823 and parameters: {'gradient_clip_val': 0.4938077351456742, 'hidden_size': 69, 'dropout': 0.3587933359997402, 'hidden_continuous_size': 28, 'attention_head_size': 3, 'learning_rate': 0.041509932508919184}. Best is trial 24 with value: 0.07970194518566132.
LOCAL_RANK: 0 - CUDA_VISIBLE_DEVICES: [0]
[I 2023-11-29 21:55:21,360] Trial 28 finished with value: 0.11937161535024643 and parameters: {'gradient_clip_val': 0.5313897283702523, 'hidden_size': 145, 'dropout': 0.3079271814871391, 'hidden_continuous_size': 29, 'attention_head_size': 4, 'learning_rate': 0.09843720822483502}. Best is trial 24 with value: 0.07970194518566132.
LOCAL_RANK: 0 - CUDA_VISIBLE_DEVICES: [0]
[I 2023-11-29 21:55:35,134] Trial 29 finished with value: 0.07902363687753677 and parameters: {'gradient_clip_val': 0.7091447936904302, 'hidden_size': 76, 'dropout': 0.3907766142594248, 'hidden_continuous_size': 32, 'attention_head_size': 3, 'learning_rate': 0.06917530618663592}. Best is trial 29 with value: 0.07902363687753677.
LOCAL_RANK: 0 - CUDA_VISIBLE_DEVICES: [0]
[I 2023-11-29 21:55:48,088] Trial 30 finished with value: 0.08816304802894592 and parameters: {'gradient_clip_val': 0.8529484727139919, 'hidden_size': 33, 'dropout': 0.3996917570651077, 'hidden_continuous_size': 19, 'attention_head_size': 2, 'learning_rate': 0.07020630398578115}. Best is trial 29 with value: 0.07902363687753677.
LOCAL_RANK: 0 - CUDA_VISIBLE_DEVICES: [0]
[I 2023-11-29 21:56:00,897] Trial 31 finished with value: 0.12609092891216278 and parameters: {'gradient_clip_val': 0.829060867229861, 'hidden_size': 33, 'dropout': 0.3896829248261614, 'hidden_continuous_size': 18, 'attention_head_size': 2, 'learning_rate': 0.0714939100993773}. Best is trial 29 with value: 0.07902363687753677.
LOCAL_RANK: 0 - CUDA_VISIBLE_DEVICES: [0]
[I 2023-11-29 21:56:13,567] Trial 32 finished with value: 0.17169933021068573 and parameters: {'gradient_clip_val': 0.692989816247256, 'hidden_size': 32, 'dropout': 0.3749999497542579, 'hidden_continuous_size': 19, 'attention_head_size': 2, 'learning_rate': 0.05072619455576043}. Best is trial 29 with value: 0.07902363687753677.
LOCAL_RANK: 0 - CUDA_VISIBLE_DEVICES: [0]
[I 2023-11-29 21:56:26,996] Trial 33 finished with value: 0.1007874384522438 and parameters: {'gradient_clip_val': 0.8682648090609573, 'hidden_size': 46, 'dropout': 0.39415090504196265, 'hidden_continuous_size': 20, 'attention_head_size': 3, 'learning_rate': 0.07263151718486506}. Best is trial 29 with value: 0.07902363687753677.
LOCAL_RANK: 0 - CUDA_VISIBLE_DEVICES: [0]
[I 2023-11-29 21:56:39,930] Trial 34 finished with value: 0.12333077192306519 and parameters: {'gradient_clip_val': 0.7156879683205553, 'hidden_size': 35, 'dropout': 0.36917382852479924, 'hidden_continuous_size': 18, 'attention_head_size': 2, 'learning_rate': 0.049004915049729196}. Best is trial 29 with value: 0.07902363687753677.
LOCAL_RANK: 0 - CUDA_VISIBLE_DEVICES: [0]
[I 2023-11-29 21:56:53,109] Trial 35 finished with value: 0.10253637284040451 and parameters: {'gradient_clip_val': 0.8463072259829395, 'hidden_size': 45, 'dropout': 0.3966402644804329, 'hidden_continuous_size': 23, 'attention_head_size': 3, 'learning_rate': 0.07375635367232392}. Best is trial 29 with value: 0.07902363687753677.
LOCAL_RANK: 0 - CUDA_VISIBLE_DEVICES: [0]
[I 2023-11-29 21:57:06,594] Trial 36 finished with value: 0.16702722012996674 and parameters: {'gradient_clip_val': 0.7317959320829692, 'hidden_size': 60, 'dropout': 0.3567021240064154, 'hidden_continuous_size': 33, 'attention_head_size': 1, 'learning_rate': 0.03942134934673443}. Best is trial 29 with value: 0.07902363687753677.
LOCAL_RANK: 0 - CUDA_VISIBLE_DEVICES: [0]
[I 2023-11-29 21:57:19,643] Trial 37 finished with value: 0.15799926221370697 and parameters: {'gradient_clip_val': 0.5734368877214097, 'hidden_size': 41, 'dropout': 0.37249784383967, 'hidden_continuous_size': 21, 'attention_head_size': 2, 'learning_rate': 0.055798912456188315}. Best is trial 29 with value: 0.07902363687753677.
LOCAL_RANK: 0 - CUDA_VISIBLE_DEVICES: [0]
[I 2023-11-29 21:57:32,051] Trial 38 finished with value: 0.13796935975551605 and parameters: {'gradient_clip_val': 0.866034835795783, 'hidden_size': 16, 'dropout': 0.34940009379013737, 'hidden_continuous_size': 11, 'attention_head_size': 4, 'learning_rate': 0.08226002581048478}. Best is trial 29 with value: 0.07902363687753677.
LOCAL_RANK: 0 - CUDA_VISIBLE_DEVICES: [0]
[I 2023-11-29 21:57:44,658] Trial 39 finished with value: 0.10624194890260696 and parameters: {'gradient_clip_val': 0.7749176005665698, 'hidden_size': 28, 'dropout': 0.3783435188529645, 'hidden_continuous_size': 18, 'attention_head_size': 3, 'learning_rate': 0.04748227522618373}. Best is trial 29 with value: 0.07902363687753677.
LOCAL_RANK: 0 - CUDA_VISIBLE_DEVICES: [0]
[I 2023-11-29 21:57:57,798] Trial 40 finished with value: 0.11502280831336975 and parameters: {'gradient_clip_val': 0.6736798294186581, 'hidden_size': 52, 'dropout': 0.3977601829177825, 'hidden_continuous_size': 20, 'attention_head_size': 2, 'learning_rate': 0.06434032495800257}. Best is trial 29 with value: 0.07902363687753677.
LOCAL_RANK: 0 - CUDA_VISIBLE_DEVICES: [0]
[I 2023-11-29 21:58:11,581] Trial 41 finished with value: 0.09450062364339828 and parameters: {'gradient_clip_val': 0.5394711380093413, 'hidden_size': 70, 'dropout': 0.32008213250261974, 'hidden_continuous_size': 25, 'attention_head_size': 3, 'learning_rate': 0.08273076594293967}. Best is trial 29 with value: 0.07902363687753677.
LOCAL_RANK: 0 - CUDA_VISIBLE_DEVICES: [0]
[I 2023-11-29 21:58:25,508] Trial 42 finished with value: 0.1797657161951065 and parameters: {'gradient_clip_val': 0.6320948795982514, 'hidden_size': 82, 'dropout': 0.3483788102692742, 'hidden_continuous_size': 33, 'attention_head_size': 3, 'learning_rate': 0.036217254433715915}. Best is trial 29 with value: 0.07902363687753677.
LOCAL_RANK: 0 - CUDA_VISIBLE_DEVICES: [0]
[I 2023-11-29 21:58:39,084] Trial 43 finished with value: 0.10795757919549942 and parameters: {'gradient_clip_val': 0.39962028514341663, 'hidden_size': 55, 'dropout': 0.33566474254145895, 'hidden_continuous_size': 22, 'attention_head_size': 3, 'learning_rate': 0.09911056057804521}. Best is trial 29 with value: 0.07902363687753677.
LOCAL_RANK: 0 - CUDA_VISIBLE_DEVICES: [0]
[I 2023-11-29 21:58:52,177] Trial 44 finished with value: 0.12119334191083908 and parameters: {'gradient_clip_val': 0.9033431224002303, 'hidden_size': 46, 'dropout': 0.2910641229315779, 'hidden_continuous_size': 16, 'attention_head_size': 3, 'learning_rate': 0.057802768265908126}. Best is trial 29 with value: 0.07902363687753677.
LOCAL_RANK: 0 - CUDA_VISIBLE_DEVICES: [0]
[I 2023-11-29 21:59:06,400] Trial 45 finished with value: 0.09270846843719482 and parameters: {'gradient_clip_val': 0.7748387486777912, 'hidden_size': 90, 'dropout': 0.36247230150338816, 'hidden_continuous_size': 38, 'attention_head_size': 3, 'learning_rate': 0.06912307224810331}. Best is trial 29 with value: 0.07902363687753677.
LOCAL_RANK: 0 - CUDA_VISIBLE_DEVICES: [0]
[I 2023-11-29 21:59:20,070] Trial 46 finished with value: 0.12333913892507553 and parameters: {'gradient_clip_val': 0.8982680337862347, 'hidden_size': 64, 'dropout': 0.38358196906777997, 'hidden_continuous_size': 24, 'attention_head_size': 4, 'learning_rate': 0.08344194381712386}. Best is trial 29 with value: 0.07902363687753677.
LOCAL_RANK: 0 - CUDA_VISIBLE_DEVICES: [0]
[I 2023-11-29 21:59:33,147] Trial 47 finished with value: 0.12317845225334167 and parameters: {'gradient_clip_val': 0.7844399932178215, 'hidden_size': 55, 'dropout': 0.33445615324404115, 'hidden_continuous_size': 21, 'attention_head_size': 2, 'learning_rate': 0.048416864641581174}. Best is trial 29 with value: 0.07902363687753677.
LOCAL_RANK: 0 - CUDA_VISIBLE_DEVICES: [0]
[I 2023-11-29 21:59:46,147] Trial 48 finished with value: 0.14943993091583252 and parameters: {'gradient_clip_val': 0.9200510584689717, 'hidden_size': 36, 'dropout': 0.24729349065894485, 'hidden_continuous_size': 19, 'attention_head_size': 3, 'learning_rate': 0.020509675165782233}. Best is trial 29 with value: 0.07902363687753677.
LOCAL_RANK: 0 - CUDA_VISIBLE_DEVICES: [0]
[I 2023-11-29 21:59:59,043] Trial 49 finished with value: 0.11085176467895508 and parameters: {'gradient_clip_val': 0.5783891711009442, 'hidden_size': 30, 'dropout': 0.29927415338300845, 'hidden_continuous_size': 16, 'attention_head_size': 3, 'learning_rate': 0.04450362275611948}. Best is trial 29 with value: 0.07902363687753677.
LOCAL_RANK: 0 - CUDA_VISIBLE_DEVICES: [0]
[I 2023-11-29 22:00:12,669] Trial 50 finished with value: 0.164886474609375 and parameters: {'gradient_clip_val': 0.6795907891348699, 'hidden_size': 74, 'dropout': 0.27956043446867285, 'hidden_continuous_size': 26, 'attention_head_size': 1, 'learning_rate': 0.02927701907087276}. Best is trial 29 with value: 0.07902363687753677.
LOCAL_RANK: 0 - CUDA_VISIBLE_DEVICES: [0]
[I 2023-11-29 22:00:26,993] Trial 51 finished with value: 0.08430498838424683 and parameters: {'gradient_clip_val': 0.7742357658909969, 'hidden_size': 99, 'dropout': 0.3596931205833242, 'hidden_continuous_size': 41, 'attention_head_size': 3, 'learning_rate': 0.062245524203985346}. Best is trial 29 with value: 0.07902363687753677.
LOCAL_RANK: 0 - CUDA_VISIBLE_DEVICES: [0]
[I 2023-11-29 22:00:41,383] Trial 52 finished with value: 0.11986109614372253 and parameters: {'gradient_clip_val': 0.8029389158167407, 'hidden_size': 101, 'dropout': 0.319528322018082, 'hidden_continuous_size': 44, 'attention_head_size': 3, 'learning_rate': 0.05643625087918595}. Best is trial 29 with value: 0.07902363687753677.
LOCAL_RANK: 0 - CUDA_VISIBLE_DEVICES: [0]
[I 2023-11-29 22:00:55,610] Trial 53 finished with value: 0.18453772366046906 and parameters: {'gradient_clip_val': 0.9225647623466913, 'hidden_size': 103, 'dropout': 0.3826597849645573, 'hidden_continuous_size': 36, 'attention_head_size': 3, 'learning_rate': 0.09065288886485173}. Best is trial 29 with value: 0.07902363687753677.
LOCAL_RANK: 0 - CUDA_VISIBLE_DEVICES: [0]
[I 2023-11-29 22:01:09,604] Trial 54 finished with value: 0.08063918352127075 and parameters: {'gradient_clip_val': 0.7238090607651518, 'hidden_size': 62, 'dropout': 0.36469919102868187, 'hidden_continuous_size': 58, 'attention_head_size': 3, 'learning_rate': 0.03738698385301391}. Best is trial 29 with value: 0.07902363687753677.
LOCAL_RANK: 0 - CUDA_VISIBLE_DEVICES: [0]
[I 2023-11-29 22:01:20,562] Trial 55 finished with value: 0.11142805963754654 and parameters: {'gradient_clip_val': 0.7402046653815352, 'hidden_size': 61, 'dropout': 0.3640722504338071, 'hidden_continuous_size': 61, 'attention_head_size': 3, 'learning_rate': 0.06388821875012923}. Best is trial 29 with value: 0.07902363687753677.
LOCAL_RANK: 0 - CUDA_VISIBLE_DEVICES: [0]
[I 2023-11-29 22:01:34,251] Trial 56 finished with value: 0.15636035799980164 and parameters: {'gradient_clip_val': 0.6210965649820903, 'hidden_size': 50, 'dropout': 0.34432866767340486, 'hidden_continuous_size': 44, 'attention_head_size': 2, 'learning_rate': 0.037741998983518474}. Best is trial 29 with value: 0.07902363687753677.
LOCAL_RANK: 0 - CUDA_VISIBLE_DEVICES: [0]
[I 2023-11-29 22:01:47,600] Trial 57 finished with value: 0.25293007493019104 and parameters: {'gradient_clip_val': 0.9901697898252109, 'hidden_size': 41, 'dropout': 0.3998907989379515, 'hidden_continuous_size': 30, 'attention_head_size': 3, 'learning_rate': 0.08121269593573287}. Best is trial 29 with value: 0.07902363687753677.
LOCAL_RANK: 0 - CUDA_VISIBLE_DEVICES: [0]
[I 2023-11-29 22:02:00,305] Trial 58 finished with value: 0.13036036491394043 and parameters: {'gradient_clip_val': 0.8067003529139398, 'hidden_size': 25, 'dropout': 0.384421610701675, 'hidden_continuous_size': 22, 'attention_head_size': 3, 'learning_rate': 0.06293669652270462}. Best is trial 29 with value: 0.07902363687753677.
LOCAL_RANK: 0 - CUDA_VISIBLE_DEVICES: [0]
[I 2023-11-29 22:02:14,271] Trial 59 finished with value: 0.15855371952056885 and parameters: {'gradient_clip_val': 0.6699433219182669, 'hidden_size': 64, 'dropout': 0.37076456563139315, 'hidden_continuous_size': 62, 'attention_head_size': 4, 'learning_rate': 0.05344595638511404}. Best is trial 29 with value: 0.07902363687753677.
LOCAL_RANK: 0 - CUDA_VISIBLE_DEVICES: [0]
[I 2023-11-29 22:02:27,386] Trial 60 finished with value: 0.0930437445640564 and parameters: {'gradient_clip_val': 0.9264966206683528, 'hidden_size': 37, 'dropout': 0.3551199292284083, 'hidden_continuous_size': 27, 'attention_head_size': 3, 'learning_rate': 0.0860015364858498}. Best is trial 29 with value: 0.07902363687753677.
LOCAL_RANK: 0 - CUDA_VISIBLE_DEVICES: [0]
[I 2023-11-29 22:02:41,663] Trial 61 finished with value: 0.21821318566799164 and parameters: {'gradient_clip_val': 0.7418656812924301, 'hidden_size': 80, 'dropout': 0.3155342540375746, 'hidden_continuous_size': 79, 'attention_head_size': 3, 'learning_rate': 0.03311390327328152}. Best is trial 29 with value: 0.07902363687753677.
LOCAL_RANK: 0 - CUDA_VISIBLE_DEVICES: [0]
[I 2023-11-29 22:02:55,460] Trial 62 finished with value: 0.13073089718818665 and parameters: {'gradient_clip_val': 0.8163088368709693, 'hidden_size': 57, 'dropout': 0.3267823233189341, 'hidden_continuous_size': 30, 'attention_head_size': 3, 'learning_rate': 0.0444028983714387}. Best is trial 29 with value: 0.07902363687753677.
LOCAL_RANK: 0 - CUDA_VISIBLE_DEVICES: [0]
[I 2023-11-29 22:03:09,532] Trial 63 finished with value: 0.16624446213245392 and parameters: {'gradient_clip_val': 0.6513519797658072, 'hidden_size': 69, 'dropout': 0.30317168215446266, 'hidden_continuous_size': 51, 'attention_head_size': 3, 'learning_rate': 0.07057330500895632}. Best is trial 29 with value: 0.07902363687753677.
LOCAL_RANK: 0 - CUDA_VISIBLE_DEVICES: [0]
[I 2023-11-29 22:03:22,207] Trial 64 finished with value: 0.14565302431583405 and parameters: {'gradient_clip_val': 0.6073430832098107, 'hidden_size': 23, 'dropout': 0.3867919030835453, 'hidden_continuous_size': 20, 'attention_head_size': 3, 'learning_rate': 0.03966969156375446}. Best is trial 29 with value: 0.07902363687753677.
LOCAL_RANK: 0 - CUDA_VISIBLE_DEVICES: [0]
[I 2023-11-29 22:03:36,366] Trial 65 finished with value: 0.10188347101211548 and parameters: {'gradient_clip_val': 0.7068662243513764, 'hidden_size': 111, 'dropout': 0.33773340889853626, 'hidden_continuous_size': 24, 'attention_head_size': 2, 'learning_rate': 0.05183744648435593}. Best is trial 29 with value: 0.07902363687753677.
LOCAL_RANK: 0 - CUDA_VISIBLE_DEVICES: [0]
[I 2023-11-29 22:03:50,174] Trial 66 finished with value: 0.16348743438720703 and parameters: {'gradient_clip_val': 0.8547691437495138, 'hidden_size': 79, 'dropout': 0.3680702170837559, 'hidden_continuous_size': 26, 'attention_head_size': 3, 'learning_rate': 0.09617482883759822}. Best is trial 29 with value: 0.07902363687753677.
LOCAL_RANK: 0 - CUDA_VISIBLE_DEVICES: [0]
[I 2023-11-29 22:04:03,931] Trial 67 finished with value: 0.152449831366539 and parameters: {'gradient_clip_val': 0.9278050737752054, 'hidden_size': 85, 'dropout': 0.3126454904292882, 'hidden_continuous_size': 14, 'attention_head_size': 2, 'learning_rate': 0.07641364760085863}. Best is trial 29 with value: 0.07902363687753677.
LOCAL_RANK: 0 - CUDA_VISIBLE_DEVICES: [0]
