[I 2023-11-30 04:34:06,004] Trial 149 finished with value: 0.11546719074249268 and parameters: {'gradient_clip_val': 0.25106569669094747, 'hidden_size': 82, 'dropout': 0.24649311146977834, 'hidden_continuous_size': 39, 'attention_head_size': 2, 'learning_rate': 0.02160954485079041}. Best is trial 86 with value: 0.060324132442474365.
[I 2023-11-30 04:34:06,116] A new study created in memory with name: no-name-f1342efd-7f95-4c8e-b114-e7b1acf5232b
/home/le004/conda/anaconda3/envs/tsff_env/lib/python3.9/site-packages/lightning/fabric/plugins/environments/slurm.py:191: The `srun` command is available on your system but is not used. HINT: If your intention is to run Lightning on SLURM, prepend your python command with `srun` like so: srun python /home/le004/master_thesis/git/TSFusionForecast/code/ ...
LOCAL_RANK: 0 - CUDA_VISIBLE_DEVICES: [0]
[I 2023-11-30 04:34:18,428] Trial 0 finished with value: 1.1724029779434204 and parameters: {'gradient_clip_val': 0.17594000410494587, 'hidden_size': 20, 'dropout': 0.23089716612508548, 'hidden_continuous_size': 12, 'attention_head_size': 4, 'learning_rate': 0.0016218844004875941}. Best is trial 0 with value: 1.1724029779434204.
LOCAL_RANK: 0 - CUDA_VISIBLE_DEVICES: [0]
[I 2023-11-30 04:34:32,622] Trial 1 finished with value: 0.05584913492202759 and parameters: {'gradient_clip_val': 0.3704907365330491, 'hidden_size': 116, 'dropout': 0.10776051347204757, 'hidden_continuous_size': 51, 'attention_head_size': 2, 'learning_rate': 0.0062541622080930295}. Best is trial 1 with value: 0.05584913492202759.
LOCAL_RANK: 0 - CUDA_VISIBLE_DEVICES: [0]
[I 2023-11-30 04:34:45,104] Trial 2 finished with value: 0.12414445728063583 and parameters: {'gradient_clip_val': 0.8999325514338705, 'hidden_size': 14, 'dropout': 0.1945693973775697, 'hidden_continuous_size': 12, 'attention_head_size': 1, 'learning_rate': 0.030240589564020745}. Best is trial 1 with value: 0.05584913492202759.
LOCAL_RANK: 0 - CUDA_VISIBLE_DEVICES: [0]
[I 2023-11-30 04:34:58,746] Trial 3 finished with value: 0.05545700713992119 and parameters: {'gradient_clip_val': 0.10688029072467715, 'hidden_size': 75, 'dropout': 0.1982028491433801, 'hidden_continuous_size': 25, 'attention_head_size': 1, 'learning_rate': 0.06595054528091647}. Best is trial 3 with value: 0.05545700713992119.
LOCAL_RANK: 0 - CUDA_VISIBLE_DEVICES: [0]
[I 2023-11-30 04:35:12,468] Trial 4 finished with value: 0.06821166723966599 and parameters: {'gradient_clip_val': 0.11546397346285316, 'hidden_size': 75, 'dropout': 0.3616018429779204, 'hidden_continuous_size': 29, 'attention_head_size': 4, 'learning_rate': 0.01340103680848756}. Best is trial 3 with value: 0.05545700713992119.
LOCAL_RANK: 0 - CUDA_VISIBLE_DEVICES: [0]
[I 2023-11-30 04:35:26,001] Trial 5 finished with value: 0.23834580183029175 and parameters: {'gradient_clip_val': 0.42962666406872524, 'hidden_size': 51, 'dropout': 0.2706589262525788, 'hidden_continuous_size': 38, 'attention_head_size': 1, 'learning_rate': 0.00330853571367291}. Best is trial 3 with value: 0.05545700713992119.
LOCAL_RANK: 0 - CUDA_VISIBLE_DEVICES: [0]
[I 2023-11-30 04:35:39,756] Trial 6 finished with value: 0.05099959298968315 and parameters: {'gradient_clip_val': 0.9101272752271612, 'hidden_size': 113, 'dropout': 0.22949036067931206, 'hidden_continuous_size': 11, 'attention_head_size': 2, 'learning_rate': 0.06955207689334927}. Best is trial 6 with value: 0.05099959298968315.
LOCAL_RANK: 0 - CUDA_VISIBLE_DEVICES: [0]
[I 2023-11-30 04:35:52,975] Trial 7 finished with value: 0.27777883410453796 and parameters: {'gradient_clip_val': 0.9567222861294385, 'hidden_size': 40, 'dropout': 0.16669037266983786, 'hidden_continuous_size': 23, 'attention_head_size': 4, 'learning_rate': 0.0043349889283474385}. Best is trial 6 with value: 0.05099959298968315.
LOCAL_RANK: 0 - CUDA_VISIBLE_DEVICES: [0]
[I 2023-11-30 04:36:05,364] Trial 8 finished with value: 0.3160480856895447 and parameters: {'gradient_clip_val': 0.4849135418625307, 'hidden_size': 14, 'dropout': 0.16175141595210463, 'hidden_continuous_size': 10, 'attention_head_size': 3, 'learning_rate': 0.013495654080957773}. Best is trial 6 with value: 0.05099959298968315.
LOCAL_RANK: 0 - CUDA_VISIBLE_DEVICES: [0]
[I 2023-11-30 04:36:19,235] Trial 9 finished with value: 0.08144938945770264 and parameters: {'gradient_clip_val': 0.47231495315272937, 'hidden_size': 112, 'dropout': 0.3382251907685271, 'hidden_continuous_size': 13, 'attention_head_size': 4, 'learning_rate': 0.04310258737988846}. Best is trial 6 with value: 0.05099959298968315.
LOCAL_RANK: 0 - CUDA_VISIBLE_DEVICES: [0]
[I 2023-11-30 04:36:34,161] Trial 10 finished with value: 0.08855929225683212 and parameters: {'gradient_clip_val': 0.6382005976839475, 'hidden_size': 146, 'dropout': 0.2756144654197252, 'hidden_continuous_size': 108, 'attention_head_size': 2, 'learning_rate': 0.0905448310027665}. Best is trial 6 with value: 0.05099959298968315.
LOCAL_RANK: 0 - CUDA_VISIBLE_DEVICES: [0]
[I 2023-11-30 04:36:47,712] Trial 11 finished with value: 0.062430739402770996 and parameters: {'gradient_clip_val': 0.23945256111869667, 'hidden_size': 71, 'dropout': 0.2283811992993498, 'hidden_continuous_size': 16, 'attention_head_size': 1, 'learning_rate': 0.07832834080872697}. Best is trial 6 with value: 0.05099959298968315.
LOCAL_RANK: 0 - CUDA_VISIBLE_DEVICES: [0]
[I 2023-11-30 04:37:01,545] Trial 12 finished with value: 0.05733945593237877 and parameters: {'gradient_clip_val': 0.26253654286608374, 'hidden_size': 80, 'dropout': 0.3006015780546565, 'hidden_continuous_size': 19, 'attention_head_size': 2, 'learning_rate': 0.03605885942350479}. Best is trial 6 with value: 0.05099959298968315.
LOCAL_RANK: 0 - CUDA_VISIBLE_DEVICES: [0]
[I 2023-11-30 04:37:14,851] Trial 13 finished with value: 0.06226016953587532 and parameters: {'gradient_clip_val': 0.11539940356964999, 'hidden_size': 55, 'dropout': 0.2184626161002167, 'hidden_continuous_size': 17, 'attention_head_size': 3, 'learning_rate': 0.08957417028668395}. Best is trial 6 with value: 0.05099959298968315.
LOCAL_RANK: 0 - CUDA_VISIBLE_DEVICES: [0]
[I 2023-11-30 04:37:27,115] Trial 14 finished with value: 0.10515105724334717 and parameters: {'gradient_clip_val': 0.17173526692307722, 'hidden_size': 32, 'dropout': 0.385167881713843, 'hidden_continuous_size': 10, 'attention_head_size': 1, 'learning_rate': 0.02005878468463923}. Best is trial 6 with value: 0.05099959298968315.
LOCAL_RANK: 0 - CUDA_VISIBLE_DEVICES: [0]
[I 2023-11-30 04:37:41,652] Trial 15 finished with value: 0.062431853264570236 and parameters: {'gradient_clip_val': 0.6401459090956162, 'hidden_size': 149, 'dropout': 0.2586384712584627, 'hidden_continuous_size': 24, 'attention_head_size': 2, 'learning_rate': 0.0596314511567127}. Best is trial 6 with value: 0.05099959298968315.
LOCAL_RANK: 0 - CUDA_VISIBLE_DEVICES: [0]
[I 2023-11-30 04:37:55,400] Trial 16 finished with value: 0.0640178918838501 and parameters: {'gradient_clip_val': 0.3070584299489264, 'hidden_size': 91, 'dropout': 0.1953999101678966, 'hidden_continuous_size': 15, 'attention_head_size': 3, 'learning_rate': 0.02680947307456456}. Best is trial 6 with value: 0.05099959298968315.
LOCAL_RANK: 0 - CUDA_VISIBLE_DEVICES: [0]
[I 2023-11-30 04:38:09,324] Trial 17 finished with value: 0.11602004617452621 and parameters: {'gradient_clip_val': 0.10644618955677901, 'hidden_size': 99, 'dropout': 0.3046024814520455, 'hidden_continuous_size': 21, 'attention_head_size': 1, 'learning_rate': 0.051618738729072806}. Best is trial 6 with value: 0.05099959298968315.
LOCAL_RANK: 0 - CUDA_VISIBLE_DEVICES: [0]
[I 2023-11-30 04:38:22,486] Trial 18 finished with value: 0.061064425855875015 and parameters: {'gradient_clip_val': 0.20053377136728526, 'hidden_size': 60, 'dropout': 0.24653300563564287, 'hidden_continuous_size': 14, 'attention_head_size': 2, 'learning_rate': 0.09939786927976806}. Best is trial 6 with value: 0.05099959298968315.
LOCAL_RANK: 0 - CUDA_VISIBLE_DEVICES: [0]
[I 2023-11-30 04:38:36,406] Trial 19 finished with value: 0.04995398595929146 and parameters: {'gradient_clip_val': 0.1348554583258352, 'hidden_size': 108, 'dropout': 0.12399741540730183, 'hidden_continuous_size': 32, 'attention_head_size': 1, 'learning_rate': 0.021575221825173678}. Best is trial 19 with value: 0.04995398595929146.
LOCAL_RANK: 0 - CUDA_VISIBLE_DEVICES: [0]
[I 2023-11-30 04:38:50,664] Trial 20 finished with value: 0.07712039351463318 and parameters: {'gradient_clip_val': 0.138451331990716, 'hidden_size': 121, 'dropout': 0.10974080071369811, 'hidden_continuous_size': 36, 'attention_head_size': 2, 'learning_rate': 0.02705751352697593}. Best is trial 19 with value: 0.04995398595929146.
LOCAL_RANK: 0 - CUDA_VISIBLE_DEVICES: [0]
[I 2023-11-30 04:39:04,405] Trial 21 finished with value: 0.051831841468811035 and parameters: {'gradient_clip_val': 0.15723984186506995, 'hidden_size': 99, 'dropout': 0.14023183555262228, 'hidden_continuous_size': 26, 'attention_head_size': 1, 'learning_rate': 0.05623910364775408}. Best is trial 19 with value: 0.04995398595929146.
LOCAL_RANK: 0 - CUDA_VISIBLE_DEVICES: [0]
[I 2023-11-30 04:39:18,197] Trial 22 finished with value: 0.047394633293151855 and parameters: {'gradient_clip_val': 0.14305574452527406, 'hidden_size': 96, 'dropout': 0.1392493267827582, 'hidden_continuous_size': 20, 'attention_head_size': 1, 'learning_rate': 0.050085511599903106}. Best is trial 22 with value: 0.047394633293151855.
LOCAL_RANK: 0 - CUDA_VISIBLE_DEVICES: [0]
[I 2023-11-30 04:39:32,570] Trial 23 finished with value: 0.06852272897958755 and parameters: {'gradient_clip_val': 0.2121225604028363, 'hidden_size': 147, 'dropout': 0.14446403965661986, 'hidden_continuous_size': 18, 'attention_head_size': 1, 'learning_rate': 0.048544847285524134}. Best is trial 22 with value: 0.047394633293151855.
LOCAL_RANK: 0 - CUDA_VISIBLE_DEVICES: [0]
[I 2023-11-30 04:39:46,301] Trial 24 finished with value: 0.04774158075451851 and parameters: {'gradient_clip_val': 0.15349876135753526, 'hidden_size': 88, 'dropout': 0.10846408611908193, 'hidden_continuous_size': 20, 'attention_head_size': 2, 'learning_rate': 0.02225527399048239}. Best is trial 22 with value: 0.047394633293151855.
LOCAL_RANK: 0 - CUDA_VISIBLE_DEVICES: [0]
[I 2023-11-30 04:39:59,774] Trial 25 finished with value: 0.06728126108646393 and parameters: {'gradient_clip_val': 0.14006404162743566, 'hidden_size': 88, 'dropout': 0.11182152470849753, 'hidden_continuous_size': 20, 'attention_head_size': 1, 'learning_rate': 0.018691804931082613}. Best is trial 22 with value: 0.047394633293151855.
LOCAL_RANK: 0 - CUDA_VISIBLE_DEVICES: [0]
[I 2023-11-30 04:40:13,127] Trial 26 finished with value: 0.06619767844676971 and parameters: {'gradient_clip_val': 0.138431358850491, 'hidden_size': 63, 'dropout': 0.13529975816469852, 'hidden_continuous_size': 17, 'attention_head_size': 2, 'learning_rate': 0.03711720588430612}. Best is trial 22 with value: 0.047394633293151855.
LOCAL_RANK: 0 - CUDA_VISIBLE_DEVICES: [0]
[I 2023-11-30 04:40:27,286] Trial 27 finished with value: 0.06150825321674347 and parameters: {'gradient_clip_val': 0.18925023653314332, 'hidden_size': 91, 'dropout': 0.10037666519974367, 'hidden_continuous_size': 31, 'attention_head_size': 3, 'learning_rate': 0.0204819837529154}. Best is trial 22 with value: 0.047394633293151855.
LOCAL_RANK: 0 - CUDA_VISIBLE_DEVICES: [0]
[I 2023-11-30 04:40:40,141] Trial 28 finished with value: 0.1575901210308075 and parameters: {'gradient_clip_val': 0.15470997688154972, 'hidden_size': 44, 'dropout': 0.12122240075826987, 'hidden_continuous_size': 21, 'attention_head_size': 1, 'learning_rate': 0.011250400851346192}. Best is trial 22 with value: 0.047394633293151855.
LOCAL_RANK: 0 - CUDA_VISIBLE_DEVICES: [0]
[I 2023-11-30 04:40:52,910] Trial 29 finished with value: 0.18200169503688812 and parameters: {'gradient_clip_val': 0.10102498386466838, 'hidden_size': 31, 'dropout': 0.1579635860852462, 'hidden_continuous_size': 16, 'attention_head_size': 1, 'learning_rate': 0.007281738695485569}. Best is trial 22 with value: 0.047394633293151855.
LOCAL_RANK: 0 - CUDA_VISIBLE_DEVICES: [0]
[I 2023-11-30 04:41:06,284] Trial 30 finished with value: 0.10594282299280167 and parameters: {'gradient_clip_val': 0.1726921537809269, 'hidden_size': 67, 'dropout': 0.1287237392611274, 'hidden_continuous_size': 14, 'attention_head_size': 2, 'learning_rate': 0.016218222877044497}. Best is trial 22 with value: 0.047394633293151855.
LOCAL_RANK: 0 - CUDA_VISIBLE_DEVICES: [0]
[I 2023-11-30 04:41:20,338] Trial 31 finished with value: 0.07907382398843765 and parameters: {'gradient_clip_val': 0.22664897436713444, 'hidden_size': 122, 'dropout': 0.18061362738027087, 'hidden_continuous_size': 12, 'attention_head_size': 2, 'learning_rate': 0.039577875497072035}. Best is trial 22 with value: 0.047394633293151855.
LOCAL_RANK: 0 - CUDA_VISIBLE_DEVICES: [0]
[I 2023-11-30 04:41:34,046] Trial 32 finished with value: 0.07414430379867554 and parameters: {'gradient_clip_val': 0.2780756171622098, 'hidden_size': 103, 'dropout': 0.10010516041364156, 'hidden_continuous_size': 10, 'attention_head_size': 2, 'learning_rate': 0.026182511566356773}. Best is trial 22 with value: 0.047394633293151855.
LOCAL_RANK: 0 - CUDA_VISIBLE_DEVICES: [0]
[I 2023-11-30 04:41:48,385] Trial 33 finished with value: 0.08850487321615219 and parameters: {'gradient_clip_val': 0.12593941877335185, 'hidden_size': 128, 'dropout': 0.14519140536700478, 'hidden_continuous_size': 40, 'attention_head_size': 3, 'learning_rate': 0.06438815681199381}. Best is trial 22 with value: 0.047394633293151855.
LOCAL_RANK: 0 - CUDA_VISIBLE_DEVICES: [0]
[I 2023-11-30 04:42:02,140] Trial 34 finished with value: 0.0451386384665966 and parameters: {'gradient_clip_val': 0.18240683096200302, 'hidden_size': 83, 'dropout': 0.12934389023650095, 'hidden_continuous_size': 22, 'attention_head_size': 2, 'learning_rate': 0.032753922845427226}. Best is trial 34 with value: 0.0451386384665966.
LOCAL_RANK: 0 - CUDA_VISIBLE_DEVICES: [0]
[I 2023-11-30 04:42:15,644] Trial 35 finished with value: 0.04923485592007637 and parameters: {'gradient_clip_val': 0.19417908707628334, 'hidden_size': 80, 'dropout': 0.1226359008013111, 'hidden_continuous_size': 22, 'attention_head_size': 1, 'learning_rate': 0.03227534550934061}. Best is trial 34 with value: 0.0451386384665966.
LOCAL_RANK: 0 - CUDA_VISIBLE_DEVICES: [0]
[I 2023-11-30 04:42:29,336] Trial 36 finished with value: 0.055709704756736755 and parameters: {'gradient_clip_val': 0.18666159787225825, 'hidden_size': 79, 'dropout': 0.12074425095727748, 'hidden_continuous_size': 22, 'attention_head_size': 1, 'learning_rate': 0.032602304219510034}. Best is trial 34 with value: 0.0451386384665966.
LOCAL_RANK: 0 - CUDA_VISIBLE_DEVICES: [0]
[I 2023-11-30 04:42:43,156] Trial 37 finished with value: 0.1004783883690834 and parameters: {'gradient_clip_val': 0.20569734660511368, 'hidden_size': 81, 'dropout': 0.17514180698013615, 'hidden_continuous_size': 26, 'attention_head_size': 2, 'learning_rate': 0.030217282479313504}. Best is trial 34 with value: 0.0451386384665966.
LOCAL_RANK: 0 - CUDA_VISIBLE_DEVICES: [0]
[I 2023-11-30 04:42:56,690] Trial 38 finished with value: 0.06857231259346008 and parameters: {'gradient_clip_val': 0.158108915598005, 'hidden_size': 67, 'dropout': 0.15212374773868456, 'hidden_continuous_size': 19, 'attention_head_size': 1, 'learning_rate': 0.041372556869173606}. Best is trial 34 with value: 0.0451386384665966.
LOCAL_RANK: 0 - CUDA_VISIBLE_DEVICES: [0]
[I 2023-11-30 04:43:09,957] Trial 39 finished with value: 0.0491180457174778 and parameters: {'gradient_clip_val': 0.11884789905496754, 'hidden_size': 50, 'dropout': 0.13464152160852944, 'hidden_continuous_size': 23, 'attention_head_size': 2, 'learning_rate': 0.05049780999908343}. Best is trial 34 with value: 0.0451386384665966.
LOCAL_RANK: 0 - CUDA_VISIBLE_DEVICES: [0]
[I 2023-11-30 04:43:23,243] Trial 40 finished with value: 0.05755646154284477 and parameters: {'gradient_clip_val': 0.1187926496535621, 'hidden_size': 49, 'dropout': 0.16615624151649377, 'hidden_continuous_size': 20, 'attention_head_size': 3, 'learning_rate': 0.0494422961705063}. Best is trial 34 with value: 0.0451386384665966.
LOCAL_RANK: 0 - CUDA_VISIBLE_DEVICES: [0]
[I 2023-11-30 04:43:36,645] Trial 41 finished with value: 0.07327013462781906 and parameters: {'gradient_clip_val': 0.16978838786624484, 'hidden_size': 57, 'dropout': 0.1333047079209851, 'hidden_continuous_size': 23, 'attention_head_size': 2, 'learning_rate': 0.07135599536088001}. Best is trial 34 with value: 0.0451386384665966.
LOCAL_RANK: 0 - CUDA_VISIBLE_DEVICES: [0]
[I 2023-11-30 04:43:50,162] Trial 42 finished with value: 0.046231359243392944 and parameters: {'gradient_clip_val': 0.15243223522431348, 'hidden_size': 67, 'dropout': 0.1170095592728434, 'hidden_continuous_size': 22, 'attention_head_size': 2, 'learning_rate': 0.032350628174674496}. Best is trial 34 with value: 0.0451386384665966.
LOCAL_RANK: 0 - CUDA_VISIBLE_DEVICES: [0]
[I 2023-11-30 04:44:04,001] Trial 43 finished with value: 0.04685674235224724 and parameters: {'gradient_clip_val': 0.12889988434943056, 'hidden_size': 71, 'dropout': 0.11411153914251626, 'hidden_continuous_size': 24, 'attention_head_size': 2, 'learning_rate': 0.04585745477166552}. Best is trial 34 with value: 0.0451386384665966.
LOCAL_RANK: 0 - CUDA_VISIBLE_DEVICES: [0]
[I 2023-11-30 04:44:17,778] Trial 44 finished with value: 0.0772765651345253 and parameters: {'gradient_clip_val': 0.1582323027726004, 'hidden_size': 72, 'dropout': 0.11070873975954468, 'hidden_continuous_size': 27, 'attention_head_size': 2, 'learning_rate': 0.04299010440662817}. Best is trial 34 with value: 0.0451386384665966.
LOCAL_RANK: 0 - CUDA_VISIBLE_DEVICES: [0]
[I 2023-11-30 04:44:31,285] Trial 45 finished with value: 0.061172399669885635 and parameters: {'gradient_clip_val': 0.13107715370725945, 'hidden_size': 66, 'dropout': 0.14712507729635477, 'hidden_continuous_size': 18, 'attention_head_size': 2, 'learning_rate': 0.024162900240728667}. Best is trial 34 with value: 0.0451386384665966.
LOCAL_RANK: 0 - CUDA_VISIBLE_DEVICES: [0]
[I 2023-11-30 04:44:45,133] Trial 46 finished with value: 0.0740460678935051 and parameters: {'gradient_clip_val': 0.100205592061364, 'hidden_size': 89, 'dropout': 0.15637185553050312, 'hidden_continuous_size': 25, 'attention_head_size': 3, 'learning_rate': 0.015999861159124565}. Best is trial 34 with value: 0.0451386384665966.
LOCAL_RANK: 0 - CUDA_VISIBLE_DEVICES: [0]
[I 2023-11-30 04:44:58,903] Trial 47 finished with value: 0.07901223748922348 and parameters: {'gradient_clip_val': 0.15154747894691886, 'hidden_size': 75, 'dropout': 0.11118813655707042, 'hidden_continuous_size': 28, 'attention_head_size': 2, 'learning_rate': 0.03413523061623421}. Best is trial 34 with value: 0.0451386384665966.
LOCAL_RANK: 0 - CUDA_VISIBLE_DEVICES: [0]
[I 2023-11-30 04:45:12,351] Trial 48 finished with value: 0.04497108981013298 and parameters: {'gradient_clip_val': 0.11520428936621567, 'hidden_size': 56, 'dropout': 0.18100340422870476, 'hidden_continuous_size': 24, 'attention_head_size': 2, 'learning_rate': 0.07422910352119268}. Best is trial 48 with value: 0.04497108981013298.
LOCAL_RANK: 0 - CUDA_VISIBLE_DEVICES: [0]
[I 2023-11-30 04:45:25,884] Trial 49 finished with value: 0.04151601344347 and parameters: {'gradient_clip_val': 0.11681879410249506, 'hidden_size': 58, 'dropout': 0.18121059339365508, 'hidden_continuous_size': 23, 'attention_head_size': 4, 'learning_rate': 0.07370171050352434}. Best is trial 49 with value: 0.04151601344347.
LOCAL_RANK: 0 - CUDA_VISIBLE_DEVICES: [0]
[I 2023-11-30 04:45:39,153] Trial 50 finished with value: 0.05681416392326355 and parameters: {'gradient_clip_val': 0.11211668279271655, 'hidden_size': 56, 'dropout': 0.1868515960921595, 'hidden_continuous_size': 25, 'attention_head_size': 4, 'learning_rate': 0.0720650498883863}. Best is trial 49 with value: 0.04151601344347.
LOCAL_RANK: 0 - CUDA_VISIBLE_DEVICES: [0]
[I 2023-11-30 04:45:52,890] Trial 51 finished with value: 0.04927291348576546 and parameters: {'gradient_clip_val': 0.12662383336458025, 'hidden_size': 64, 'dropout': 0.1600634792075223, 'hidden_continuous_size': 24, 'attention_head_size': 4, 'learning_rate': 0.07569614976743153}. Best is trial 49 with value: 0.04151601344347.
LOCAL_RANK: 0 - CUDA_VISIBLE_DEVICES: [0]
[I 2023-11-30 04:46:06,426] Trial 52 finished with value: 0.05004775524139404 and parameters: {'gradient_clip_val': 0.10975136328733143, 'hidden_size': 59, 'dropout': 0.20639075596388148, 'hidden_continuous_size': 22, 'attention_head_size': 3, 'learning_rate': 0.06120740033492022}. Best is trial 49 with value: 0.04151601344347.
LOCAL_RANK: 0 - CUDA_VISIBLE_DEVICES: [0]
[I 2023-11-30 04:46:20,001] Trial 53 finished with value: 0.06773314625024796 and parameters: {'gradient_clip_val': 0.12043531008850875, 'hidden_size': 53, 'dropout': 0.1700293940428756, 'hidden_continuous_size': 24, 'attention_head_size': 2, 'learning_rate': 0.08143316892481939}. Best is trial 49 with value: 0.04151601344347.
LOCAL_RANK: 0 - CUDA_VISIBLE_DEVICES: [0]
[I 2023-11-30 04:46:33,572] Trial 54 finished with value: 0.06415784358978271 and parameters: {'gradient_clip_val': 0.14061877035118744, 'hidden_size': 72, 'dropout': 0.18456843463335942, 'hidden_continuous_size': 29, 'attention_head_size': 3, 'learning_rate': 0.09391708039922204}. Best is trial 49 with value: 0.04151601344347.
LOCAL_RANK: 0 - CUDA_VISIBLE_DEVICES: [0]
[I 2023-11-30 04:46:46,887] Trial 55 finished with value: 0.05777214840054512 and parameters: {'gradient_clip_val': 0.10918678622930396, 'hidden_size': 46, 'dropout': 0.20191928423220976, 'hidden_continuous_size': 21, 'attention_head_size': 4, 'learning_rate': 0.05567601489004211}. Best is trial 49 with value: 0.04151601344347.
LOCAL_RANK: 0 - CUDA_VISIBLE_DEVICES: [0]
