[I 2023-11-30 05:39:58,169] Trial 137 finished with value: 0.15498830378055573 and parameters: {'gradient_clip_val': 0.2420844911941461, 'hidden_size': 84, 'dropout': 0.14866472916292184, 'hidden_continuous_size': 60, 'attention_head_size': 3, 'learning_rate': 0.04980824554770454}. Best is trial 62 with value: 0.06389709562063217.
LOCAL_RANK: 0 - CUDA_VISIBLE_DEVICES: [0]
[I 2023-11-30 05:40:11,942] Trial 138 finished with value: 0.16500963270664215 and parameters: {'gradient_clip_val': 0.21823495934400564, 'hidden_size': 64, 'dropout': 0.19975291266286774, 'hidden_continuous_size': 56, 'attention_head_size': 2, 'learning_rate': 0.0403166185284363}. Best is trial 62 with value: 0.06389709562063217.
LOCAL_RANK: 0 - CUDA_VISIBLE_DEVICES: [0]
[I 2023-11-30 05:40:25,607] Trial 139 finished with value: 0.14249517023563385 and parameters: {'gradient_clip_val': 0.409156676805778, 'hidden_size': 56, 'dropout': 0.25017628756305826, 'hidden_continuous_size': 52, 'attention_head_size': 2, 'learning_rate': 0.07797845054686998}. Best is trial 62 with value: 0.06389709562063217.
LOCAL_RANK: 0 - CUDA_VISIBLE_DEVICES: [0]
[I 2023-11-30 05:40:39,371] Trial 140 finished with value: 0.08754768967628479 and parameters: {'gradient_clip_val': 0.601042586393506, 'hidden_size': 49, 'dropout': 0.15633750291982307, 'hidden_continuous_size': 46, 'attention_head_size': 3, 'learning_rate': 0.06318345489568933}. Best is trial 62 with value: 0.06389709562063217.
LOCAL_RANK: 0 - CUDA_VISIBLE_DEVICES: [0]
[I 2023-11-30 05:40:53,250] Trial 141 finished with value: 0.19077575206756592 and parameters: {'gradient_clip_val': 0.6077185281091637, 'hidden_size': 50, 'dropout': 0.15654839406532323, 'hidden_continuous_size': 46, 'attention_head_size': 3, 'learning_rate': 0.06505773432919655}. Best is trial 62 with value: 0.06389709562063217.
LOCAL_RANK: 0 - CUDA_VISIBLE_DEVICES: [0]
[I 2023-11-30 05:41:07,038] Trial 142 finished with value: 0.16158773005008698 and parameters: {'gradient_clip_val': 0.6373535531981404, 'hidden_size': 54, 'dropout': 0.1658119769338576, 'hidden_continuous_size': 51, 'attention_head_size': 3, 'learning_rate': 0.08584743691355698}. Best is trial 62 with value: 0.06389709562063217.
LOCAL_RANK: 0 - CUDA_VISIBLE_DEVICES: [0]
[I 2023-11-30 05:41:20,470] Trial 143 finished with value: 0.131292462348938 and parameters: {'gradient_clip_val': 0.5719650276396001, 'hidden_size': 44, 'dropout': 0.17261514094546113, 'hidden_continuous_size': 42, 'attention_head_size': 3, 'learning_rate': 0.06007903224578762}. Best is trial 62 with value: 0.06389709562063217.
LOCAL_RANK: 0 - CUDA_VISIBLE_DEVICES: [0]
[I 2023-11-30 05:41:34,057] Trial 144 finished with value: 0.08169358223676682 and parameters: {'gradient_clip_val': 0.5620169837143766, 'hidden_size': 49, 'dropout': 0.15881116611416593, 'hidden_continuous_size': 47, 'attention_head_size': 3, 'learning_rate': 0.045389796881814416}. Best is trial 62 with value: 0.06389709562063217.
LOCAL_RANK: 0 - CUDA_VISIBLE_DEVICES: [0]
[I 2023-11-30 05:41:47,641] Trial 145 finished with value: 0.15099038183689117 and parameters: {'gradient_clip_val': 0.5480381063945694, 'hidden_size': 50, 'dropout': 0.15890759682452063, 'hidden_continuous_size': 48, 'attention_head_size': 3, 'learning_rate': 0.04367432057817382}. Best is trial 62 with value: 0.06389709562063217.
LOCAL_RANK: 0 - CUDA_VISIBLE_DEVICES: [0]
[I 2023-11-30 05:42:01,498] Trial 146 finished with value: 0.12413319200277328 and parameters: {'gradient_clip_val': 0.514840109876218, 'hidden_size': 48, 'dropout': 0.14923824480029332, 'hidden_continuous_size': 45, 'attention_head_size': 4, 'learning_rate': 0.034136935399788904}. Best is trial 62 with value: 0.06389709562063217.
LOCAL_RANK: 0 - CUDA_VISIBLE_DEVICES: [0]
[I 2023-11-30 05:42:15,001] Trial 147 finished with value: 0.11936038732528687 and parameters: {'gradient_clip_val': 0.5756719196986506, 'hidden_size': 45, 'dropout': 0.17927544595618344, 'hidden_continuous_size': 43, 'attention_head_size': 2, 'learning_rate': 0.048778819088683735}. Best is trial 62 with value: 0.06389709562063217.
LOCAL_RANK: 0 - CUDA_VISIBLE_DEVICES: [0]
[I 2023-11-30 05:42:28,458] Trial 148 finished with value: 0.08439767360687256 and parameters: {'gradient_clip_val': 0.5993901321534838, 'hidden_size': 42, 'dropout': 0.16959742195635438, 'hidden_continuous_size': 40, 'attention_head_size': 3, 'learning_rate': 0.0392308252783803}. Best is trial 62 with value: 0.06389709562063217.
LOCAL_RANK: 0 - CUDA_VISIBLE_DEVICES: [0]
[I 2023-11-30 05:42:41,877] Trial 149 finished with value: 0.10503833740949631 and parameters: {'gradient_clip_val': 0.6021349485099631, 'hidden_size': 41, 'dropout': 0.1706372197903585, 'hidden_continuous_size': 40, 'attention_head_size': 3, 'learning_rate': 0.05365678367776511}. Best is trial 62 with value: 0.06389709562063217.
[I 2023-11-30 05:42:41,996] A new study created in memory with name: no-name-c321f9c2-c0bd-4c3e-8568-ed919a162efb
/home/le004/conda/anaconda3/envs/tsff_env/lib/python3.9/site-packages/lightning/fabric/plugins/environments/slurm.py:191: The `srun` command is available on your system but is not used. HINT: If your intention is to run Lightning on SLURM, prepend your python command with `srun` like so: srun python /home/le004/master_thesis/git/TSFusionForecast/code/ ...
LOCAL_RANK: 0 - CUDA_VISIBLE_DEVICES: [0]
[I 2023-11-30 05:42:55,620] Trial 0 finished with value: 0.6623132824897766 and parameters: {'gradient_clip_val': 0.5729334305142844, 'hidden_size': 56, 'dropout': 0.370421621291684, 'hidden_continuous_size': 40, 'attention_head_size': 4, 'learning_rate': 0.0021016144096618608}. Best is trial 0 with value: 0.6623132824897766.
LOCAL_RANK: 0 - CUDA_VISIBLE_DEVICES: [0]
[I 2023-11-30 05:43:08,358] Trial 1 finished with value: 1.3684343099594116 and parameters: {'gradient_clip_val': 0.9568144750060059, 'hidden_size': 14, 'dropout': 0.2656919519141121, 'hidden_continuous_size': 10, 'attention_head_size': 4, 'learning_rate': 0.0032085139521983884}. Best is trial 0 with value: 0.6623132824897766.
LOCAL_RANK: 0 - CUDA_VISIBLE_DEVICES: [0]
[I 2023-11-30 05:43:22,514] Trial 2 finished with value: 0.1257460117340088 and parameters: {'gradient_clip_val': 0.5344715723746354, 'hidden_size': 79, 'dropout': 0.38355241203463164, 'hidden_continuous_size': 61, 'attention_head_size': 3, 'learning_rate': 0.015196693797581394}. Best is trial 2 with value: 0.1257460117340088.
LOCAL_RANK: 0 - CUDA_VISIBLE_DEVICES: [0]
[I 2023-11-30 05:43:35,490] Trial 3 finished with value: 0.6485788822174072 and parameters: {'gradient_clip_val': 0.8505487131523817, 'hidden_size': 35, 'dropout': 0.1719377190715789, 'hidden_continuous_size': 21, 'attention_head_size': 2, 'learning_rate': 0.009360523382779729}. Best is trial 2 with value: 0.1257460117340088.
LOCAL_RANK: 0 - CUDA_VISIBLE_DEVICES: [0]
[I 2023-11-30 05:43:48,747] Trial 4 finished with value: 0.31308671832084656 and parameters: {'gradient_clip_val': 0.722640146545191, 'hidden_size': 50, 'dropout': 0.3871083356013847, 'hidden_continuous_size': 33, 'attention_head_size': 1, 'learning_rate': 0.009564074662250767}. Best is trial 2 with value: 0.1257460117340088.
LOCAL_RANK: 0 - CUDA_VISIBLE_DEVICES: [0]
[I 2023-11-30 05:43:59,376] Trial 5 finished with value: 0.20129315555095673 and parameters: {'gradient_clip_val': 0.44488340519142194, 'hidden_size': 13, 'dropout': 0.12018630857682494, 'hidden_continuous_size': 13, 'attention_head_size': 2, 'learning_rate': 0.08256942298184615}. Best is trial 2 with value: 0.1257460117340088.
LOCAL_RANK: 0 - CUDA_VISIBLE_DEVICES: [0]
[I 2023-11-30 05:44:11,720] Trial 6 finished with value: 0.12269032746553421 and parameters: {'gradient_clip_val': 0.15816449223572357, 'hidden_size': 16, 'dropout': 0.20015282258923725, 'hidden_continuous_size': 10, 'attention_head_size': 4, 'learning_rate': 0.07096375377328812}. Best is trial 6 with value: 0.12269032746553421.
LOCAL_RANK: 0 - CUDA_VISIBLE_DEVICES: [0]
[I 2023-11-30 05:44:25,793] Trial 7 finished with value: 0.11401133984327316 and parameters: {'gradient_clip_val': 0.6438608487957007, 'hidden_size': 76, 'dropout': 0.1908396420436309, 'hidden_continuous_size': 60, 'attention_head_size': 3, 'learning_rate': 0.009965436282890571}. Best is trial 7 with value: 0.11401133984327316.
LOCAL_RANK: 0 - CUDA_VISIBLE_DEVICES: [0]
[I 2023-11-30 05:44:38,127] Trial 8 finished with value: 0.8646137118339539 and parameters: {'gradient_clip_val': 0.1260079936705048, 'hidden_size': 18, 'dropout': 0.327199885988294, 'hidden_continuous_size': 14, 'attention_head_size': 1, 'learning_rate': 0.010630392301888222}. Best is trial 7 with value: 0.11401133984327316.
LOCAL_RANK: 0 - CUDA_VISIBLE_DEVICES: [0]
[I 2023-11-30 05:44:50,931] Trial 9 finished with value: 0.4090808928012848 and parameters: {'gradient_clip_val': 0.11355087703005229, 'hidden_size': 31, 'dropout': 0.30380210009545927, 'hidden_continuous_size': 13, 'attention_head_size': 3, 'learning_rate': 0.0175323773090292}. Best is trial 7 with value: 0.11401133984327316.
LOCAL_RANK: 0 - CUDA_VISIBLE_DEVICES: [0]
[I 2023-11-30 05:45:06,149] Trial 10 finished with value: 0.3841172754764557 and parameters: {'gradient_clip_val': 0.3187467789977821, 'hidden_size': 149, 'dropout': 0.2240982627596504, 'hidden_continuous_size': 139, 'attention_head_size': 3, 'learning_rate': 0.001247246730490885}. Best is trial 7 with value: 0.11401133984327316.
LOCAL_RANK: 0 - CUDA_VISIBLE_DEVICES: [0]
[I 2023-11-30 05:45:16,891] Trial 11 finished with value: 0.1046893373131752 and parameters: {'gradient_clip_val': 0.19589966597737718, 'hidden_size': 10, 'dropout': 0.18548584160488263, 'hidden_continuous_size': 10, 'attention_head_size': 4, 'learning_rate': 0.08317693324016406}. Best is trial 11 with value: 0.1046893373131752.
LOCAL_RANK: 0 - CUDA_VISIBLE_DEVICES: [0]
[I 2023-11-30 05:45:27,374] Trial 12 finished with value: 0.6427357792854309 and parameters: {'gradient_clip_val': 0.2107692318414363, 'hidden_size': 10, 'dropout': 0.15963634381204508, 'hidden_continuous_size': 10, 'attention_head_size': 4, 'learning_rate': 0.03817705248255989}. Best is trial 11 with value: 0.1046893373131752.
LOCAL_RANK: 0 - CUDA_VISIBLE_DEVICES: [0]
[I 2023-11-30 05:45:39,928] Trial 13 finished with value: 0.2966349422931671 and parameters: {'gradient_clip_val': 0.2649809777371866, 'hidden_size': 23, 'dropout': 0.10229628577324035, 'hidden_continuous_size': 11, 'attention_head_size': 3, 'learning_rate': 0.03166897747826542}. Best is trial 11 with value: 0.1046893373131752.
LOCAL_RANK: 0 - CUDA_VISIBLE_DEVICES: [0]
[I 2023-11-30 05:45:50,168] Trial 14 finished with value: 2.496002674102783 and parameters: {'gradient_clip_val': 0.3362584586615222, 'hidden_size': 10, 'dropout': 0.23993815884318173, 'hidden_continuous_size': 10, 'attention_head_size': 2, 'learning_rate': 0.0061277855621243455}. Best is trial 11 with value: 0.1046893373131752.
LOCAL_RANK: 0 - CUDA_VISIBLE_DEVICES: [0]
[I 2023-11-30 05:46:02,830] Trial 15 finished with value: 0.11871514469385147 and parameters: {'gradient_clip_val': 0.19021887751313124, 'hidden_size': 22, 'dropout': 0.18778015816507507, 'hidden_continuous_size': 12, 'attention_head_size': 4, 'learning_rate': 0.09773393754387909}. Best is trial 11 with value: 0.1046893373131752.
LOCAL_RANK: 0 - CUDA_VISIBLE_DEVICES: [0]
[I 2023-11-30 05:46:15,615] Trial 16 finished with value: 0.1489390730857849 and parameters: {'gradient_clip_val': 0.24943419972300193, 'hidden_size': 25, 'dropout': 0.1490454346077814, 'hidden_continuous_size': 11, 'attention_head_size': 3, 'learning_rate': 0.03117627641870664}. Best is trial 11 with value: 0.1046893373131752.
LOCAL_RANK: 0 - CUDA_VISIBLE_DEVICES: [0]
[I 2023-11-30 05:46:28,897] Trial 17 finished with value: 0.7044102549552917 and parameters: {'gradient_clip_val': 0.4397527999200097, 'hidden_size': 46, 'dropout': 0.21570895738218937, 'hidden_continuous_size': 16, 'attention_head_size': 4, 'learning_rate': 0.0048246124612176585}. Best is trial 11 with value: 0.1046893373131752.
LOCAL_RANK: 0 - CUDA_VISIBLE_DEVICES: [0]
[I 2023-11-30 05:46:42,659] Trial 18 finished with value: 0.12128481268882751 and parameters: {'gradient_clip_val': 0.14944527692052353, 'hidden_size': 75, 'dropout': 0.13998555101489932, 'hidden_continuous_size': 19, 'attention_head_size': 3, 'learning_rate': 0.05386347654460559}. Best is trial 11 with value: 0.1046893373131752.
LOCAL_RANK: 0 - CUDA_VISIBLE_DEVICES: [0]
[I 2023-11-30 05:46:55,227] Trial 19 finished with value: 0.32122281193733215 and parameters: {'gradient_clip_val': 0.7279839538475963, 'hidden_size': 27, 'dropout': 0.1851085141379561, 'hidden_continuous_size': 12, 'attention_head_size': 2, 'learning_rate': 0.01890334196256097}. Best is trial 11 with value: 0.1046893373131752.
LOCAL_RANK: 0 - CUDA_VISIBLE_DEVICES: [0]
[I 2023-11-30 05:47:08,461] Trial 20 finished with value: 0.11005657911300659 and parameters: {'gradient_clip_val': 0.3876933857597103, 'hidden_size': 38, 'dropout': 0.2680273553772624, 'hidden_continuous_size': 15, 'attention_head_size': 4, 'learning_rate': 0.051027546303761655}. Best is trial 11 with value: 0.1046893373131752.
LOCAL_RANK: 0 - CUDA_VISIBLE_DEVICES: [0]
[I 2023-11-30 05:47:21,491] Trial 21 finished with value: 0.13926486670970917 and parameters: {'gradient_clip_val': 0.3697392721053057, 'hidden_size': 39, 'dropout': 0.2712505959312397, 'hidden_continuous_size': 15, 'attention_head_size': 4, 'learning_rate': 0.05349738781247884}. Best is trial 11 with value: 0.1046893373131752.
LOCAL_RANK: 0 - CUDA_VISIBLE_DEVICES: [0]
[I 2023-11-30 05:47:34,045] Trial 22 finished with value: 0.12391036748886108 and parameters: {'gradient_clip_val': 0.24003122889995976, 'hidden_size': 19, 'dropout': 0.22193515029639696, 'hidden_continuous_size': 11, 'attention_head_size': 4, 'learning_rate': 0.09730652972802499}. Best is trial 11 with value: 0.1046893373131752.
LOCAL_RANK: 0 - CUDA_VISIBLE_DEVICES: [0]
[I 2023-11-30 05:47:46,978] Trial 23 finished with value: 0.16403989493846893 and parameters: {'gradient_clip_val': 0.3716217559117301, 'hidden_size': 33, 'dropout': 0.24656007198333563, 'hidden_continuous_size': 16, 'attention_head_size': 3, 'learning_rate': 0.02458429282153513}. Best is trial 11 with value: 0.1046893373131752.
LOCAL_RANK: 0 - CUDA_VISIBLE_DEVICES: [0]
[I 2023-11-30 05:47:59,762] Trial 24 finished with value: 0.17921622097492218 and parameters: {'gradient_clip_val': 0.2728823219278884, 'hidden_size': 29, 'dropout': 0.20392268434743543, 'hidden_continuous_size': 14, 'attention_head_size': 4, 'learning_rate': 0.04937430704744388}. Best is trial 11 with value: 0.1046893373131752.
LOCAL_RANK: 0 - CUDA_VISIBLE_DEVICES: [0]
[I 2023-11-30 05:48:12,494] Trial 25 finished with value: 0.1648087352514267 and parameters: {'gradient_clip_val': 0.5597880406766097, 'hidden_size': 21, 'dropout': 0.16697538298216208, 'hidden_continuous_size': 11, 'attention_head_size': 3, 'learning_rate': 0.05971103374511457}. Best is trial 11 with value: 0.1046893373131752.
LOCAL_RANK: 0 - CUDA_VISIBLE_DEVICES: [0]
[I 2023-11-30 05:48:25,667] Trial 26 finished with value: 0.14217448234558105 and parameters: {'gradient_clip_val': 0.10321612875877768, 'hidden_size': 41, 'dropout': 0.19175652220266742, 'hidden_continuous_size': 17, 'attention_head_size': 4, 'learning_rate': 0.04168299691222987}. Best is trial 11 with value: 0.1046893373131752.
LOCAL_RANK: 0 - CUDA_VISIBLE_DEVICES: [0]
[I 2023-11-30 05:48:39,100] Trial 27 finished with value: 0.13543961942195892 and parameters: {'gradient_clip_val': 0.1952524981146201, 'hidden_size': 60, 'dropout': 0.23548235547898738, 'hidden_continuous_size': 19, 'attention_head_size': 4, 'learning_rate': 0.024132910392499127}. Best is trial 11 with value: 0.1046893373131752.
LOCAL_RANK: 0 - CUDA_VISIBLE_DEVICES: [0]
[I 2023-11-30 05:48:51,668] Trial 28 finished with value: 0.1028847023844719 and parameters: {'gradient_clip_val': 0.4329802474728405, 'hidden_size': 29, 'dropout': 0.2629049001867304, 'hidden_continuous_size': 12, 'attention_head_size': 3, 'learning_rate': 0.07035491832615047}. Best is trial 28 with value: 0.1028847023844719.
LOCAL_RANK: 0 - CUDA_VISIBLE_DEVICES: [0]
[I 2023-11-30 05:49:04,107] Trial 29 finished with value: 0.17671167850494385 and parameters: {'gradient_clip_val': 0.4567534429179079, 'hidden_size': 13, 'dropout': 0.2671437176893061, 'hidden_continuous_size': 10, 'attention_head_size': 4, 'learning_rate': 0.07549083222149884}. Best is trial 28 with value: 0.1028847023844719.
LOCAL_RANK: 0 - CUDA_VISIBLE_DEVICES: [0]
[I 2023-11-30 05:49:16,796] Trial 30 finished with value: 0.10349243134260178 and parameters: {'gradient_clip_val': 0.30262426878282056, 'hidden_size': 26, 'dropout': 0.2924439748072228, 'hidden_continuous_size': 12, 'attention_head_size': 2, 'learning_rate': 0.07434495112316954}. Best is trial 28 with value: 0.1028847023844719.
LOCAL_RANK: 0 - CUDA_VISIBLE_DEVICES: [0]
[I 2023-11-30 05:49:29,373] Trial 31 finished with value: 0.16290408372879028 and parameters: {'gradient_clip_val': 0.3029388327897073, 'hidden_size': 27, 'dropout': 0.2911597781875387, 'hidden_continuous_size': 12, 'attention_head_size': 2, 'learning_rate': 0.07125969263503754}. Best is trial 28 with value: 0.1028847023844719.
LOCAL_RANK: 0 - CUDA_VISIBLE_DEVICES: [0]
[I 2023-11-30 05:49:41,758] Trial 32 finished with value: 0.13855856657028198 and parameters: {'gradient_clip_val': 0.3852181356208215, 'hidden_size': 32, 'dropout': 0.3313636882549143, 'hidden_continuous_size': 13, 'attention_head_size': 1, 'learning_rate': 0.06047621522531682}. Best is trial 28 with value: 0.1028847023844719.
LOCAL_RANK: 0 - CUDA_VISIBLE_DEVICES: [0]
[I 2023-11-30 05:49:54,001] Trial 33 finished with value: 0.09550008177757263 and parameters: {'gradient_clip_val': 0.3123121065188038, 'hidden_size': 16, 'dropout': 0.2526304341255928, 'hidden_continuous_size': 11, 'attention_head_size': 2, 'learning_rate': 0.09537946243126273}. Best is trial 33 with value: 0.09550008177757263.
LOCAL_RANK: 0 - CUDA_VISIBLE_DEVICES: [0]
[I 2023-11-30 05:50:06,108] Trial 34 finished with value: 0.20466788113117218 and parameters: {'gradient_clip_val': 0.29222312201890827, 'hidden_size': 16, 'dropout': 0.2512809376991149, 'hidden_continuous_size': 11, 'attention_head_size': 2, 'learning_rate': 0.09898880774499999}. Best is trial 33 with value: 0.09550008177757263.
LOCAL_RANK: 0 - CUDA_VISIBLE_DEVICES: [0]
[I 2023-11-30 05:50:18,170] Trial 35 finished with value: 0.24834780395030975 and parameters: {'gradient_clip_val': 0.2334112559003274, 'hidden_size': 12, 'dropout': 0.286743489608772, 'hidden_continuous_size': 10, 'attention_head_size': 2, 'learning_rate': 0.07130757299097361}. Best is trial 33 with value: 0.09550008177757263.
LOCAL_RANK: 0 - CUDA_VISIBLE_DEVICES: [0]
[I 2023-11-30 05:50:30,325] Trial 36 finished with value: 0.22906558215618134 and parameters: {'gradient_clip_val': 0.2872602550382328, 'hidden_size': 16, 'dropout': 0.2580120408110283, 'hidden_continuous_size': 11, 'attention_head_size': 2, 'learning_rate': 0.04120961947310066}. Best is trial 33 with value: 0.09550008177757263.
LOCAL_RANK: 0 - CUDA_VISIBLE_DEVICES: [0]
[I 2023-11-30 05:50:42,327] Trial 37 finished with value: 0.12907488644123077 and parameters: {'gradient_clip_val': 0.5209200830680449, 'hidden_size': 12, 'dropout': 0.2310797657925934, 'hidden_continuous_size': 10, 'attention_head_size': 1, 'learning_rate': 0.07176635957989691}. Best is trial 33 with value: 0.09550008177757263.
LOCAL_RANK: 0 - CUDA_VISIBLE_DEVICES: [0]
[I 2023-11-30 05:50:54,733] Trial 38 finished with value: 0.13699452579021454 and parameters: {'gradient_clip_val': 0.32339993719465754, 'hidden_size': 19, 'dropout': 0.21056314579684848, 'hidden_continuous_size': 12, 'attention_head_size': 2, 'learning_rate': 0.08521082363653348}. Best is trial 33 with value: 0.09550008177757263.
LOCAL_RANK: 0 - CUDA_VISIBLE_DEVICES: [0]
[I 2023-11-30 05:51:07,216] Trial 39 finished with value: 0.1726456880569458 and parameters: {'gradient_clip_val': 0.21931788416456097, 'hidden_size': 15, 'dropout': 0.24296952368787855, 'hidden_continuous_size': 11, 'attention_head_size': 2, 'learning_rate': 0.06388761481119255}. Best is trial 33 with value: 0.09550008177757263.
LOCAL_RANK: 0 - CUDA_VISIBLE_DEVICES: [0]
[I 2023-11-30 05:51:19,307] Trial 40 finished with value: 0.15139709413051605 and parameters: {'gradient_clip_val': 0.2696038655621472, 'hidden_size': 24, 'dropout': 0.3990716611087386, 'hidden_continuous_size': 12, 'attention_head_size': 1, 'learning_rate': 0.0841070852516501}. Best is trial 33 with value: 0.09550008177757263.
LOCAL_RANK: 0 - CUDA_VISIBLE_DEVICES: [0]
[I 2023-11-30 05:51:32,278] Trial 41 finished with value: 0.2233169823884964 and parameters: {'gradient_clip_val': 0.41087941303733666, 'hidden_size': 33, 'dropout': 0.26662270954235645, 'hidden_continuous_size': 13, 'attention_head_size': 2, 'learning_rate': 0.05099953741697626}. Best is trial 33 with value: 0.09550008177757263.
LOCAL_RANK: 0 - CUDA_VISIBLE_DEVICES: [0]
[I 2023-11-30 05:51:45,018] Trial 42 finished with value: 0.10194747895002365 and parameters: {'gradient_clip_val': 0.3438135656552171, 'hidden_size': 36, 'dropout': 0.2779414471348339, 'hidden_continuous_size': 13, 'attention_head_size': 3, 'learning_rate': 0.04559556633277974}. Best is trial 33 with value: 0.09550008177757263.
LOCAL_RANK: 0 - CUDA_VISIBLE_DEVICES: [0]
[I 2023-11-30 05:51:57,377] Trial 43 finished with value: 0.1679413914680481 and parameters: {'gradient_clip_val': 0.34063170740294246, 'hidden_size': 28, 'dropout': 0.3109809991676583, 'hidden_continuous_size': 13, 'attention_head_size': 3, 'learning_rate': 0.07926805021258412}. Best is trial 33 with value: 0.09550008177757263.
LOCAL_RANK: 0 - CUDA_VISIBLE_DEVICES: [0]
