[I 2023-11-30 15:18:13,097] Trial 129 finished with value: 0.3310219645500183 and parameters: {'gradient_clip_val': 0.2985719595627034, 'hidden_size': 79, 'dropout': 0.14164090732280749, 'hidden_continuous_size': 49, 'attention_head_size': 2, 'learning_rate': 0.03630050146729289}. Best is trial 11 with value: 0.1773584485054016.
LOCAL_RANK: 0 - CUDA_VISIBLE_DEVICES: [0]
[I 2023-11-30 15:18:28,325] Trial 130 finished with value: 0.32961273193359375 and parameters: {'gradient_clip_val': 0.7026654299319341, 'hidden_size': 143, 'dropout': 0.15731949048508181, 'hidden_continuous_size': 55, 'attention_head_size': 3, 'learning_rate': 0.051104895655421236}. Best is trial 11 with value: 0.1773584485054016.
LOCAL_RANK: 0 - CUDA_VISIBLE_DEVICES: [0]
[I 2023-11-30 15:18:42,986] Trial 131 finished with value: 0.22706647217273712 and parameters: {'gradient_clip_val': 0.845922189620125, 'hidden_size': 59, 'dropout': 0.10394895802326443, 'hidden_continuous_size': 46, 'attention_head_size': 3, 'learning_rate': 0.08696186987090658}. Best is trial 11 with value: 0.1773584485054016.
LOCAL_RANK: 0 - CUDA_VISIBLE_DEVICES: [0]
[I 2023-11-30 15:18:58,098] Trial 132 finished with value: 0.24004124104976654 and parameters: {'gradient_clip_val': 0.7954336752468609, 'hidden_size': 75, 'dropout': 0.10122209148650892, 'hidden_continuous_size': 29, 'attention_head_size': 3, 'learning_rate': 0.07769393917472484}. Best is trial 11 with value: 0.1773584485054016.
LOCAL_RANK: 0 - CUDA_VISIBLE_DEVICES: [0]
[I 2023-11-30 15:19:12,710] Trial 133 finished with value: 0.30698710680007935 and parameters: {'gradient_clip_val': 0.8948550893701562, 'hidden_size': 66, 'dropout': 0.10931957879585948, 'hidden_continuous_size': 52, 'attention_head_size': 3, 'learning_rate': 0.06921499305368481}. Best is trial 11 with value: 0.1773584485054016.
LOCAL_RANK: 0 - CUDA_VISIBLE_DEVICES: [0]
[I 2023-11-30 15:19:27,122] Trial 134 finished with value: 0.317238450050354 and parameters: {'gradient_clip_val': 0.7512771639688159, 'hidden_size': 64, 'dropout': 0.1153199793089993, 'hidden_continuous_size': 44, 'attention_head_size': 3, 'learning_rate': 0.0630646701277083}. Best is trial 11 with value: 0.1773584485054016.
LOCAL_RANK: 0 - CUDA_VISIBLE_DEVICES: [0]
[I 2023-11-30 15:19:41,675] Trial 135 finished with value: 0.45713505148887634 and parameters: {'gradient_clip_val': 0.5607801212747483, 'hidden_size': 53, 'dropout': 0.12279253130318092, 'hidden_continuous_size': 48, 'attention_head_size': 3, 'learning_rate': 0.08844877949228368}. Best is trial 11 with value: 0.1773584485054016.
LOCAL_RANK: 0 - CUDA_VISIBLE_DEVICES: [0]
[I 2023-11-30 15:19:57,118] Trial 136 finished with value: 0.47491422295570374 and parameters: {'gradient_clip_val': 0.9366051406923085, 'hidden_size': 71, 'dropout': 0.13253761687157958, 'hidden_continuous_size': 27, 'attention_head_size': 2, 'learning_rate': 0.08243508566828976}. Best is trial 11 with value: 0.1773584485054016.
LOCAL_RANK: 0 - CUDA_VISIBLE_DEVICES: [0]
[I 2023-11-30 15:20:11,938] Trial 137 finished with value: 0.36088883876800537 and parameters: {'gradient_clip_val': 0.6051175313399142, 'hidden_size': 88, 'dropout': 0.16706189268581742, 'hidden_continuous_size': 28, 'attention_head_size': 1, 'learning_rate': 0.07202620557180965}. Best is trial 11 with value: 0.1773584485054016.
LOCAL_RANK: 0 - CUDA_VISIBLE_DEVICES: [0]
[I 2023-11-30 15:20:26,618] Trial 138 finished with value: 0.34702467918395996 and parameters: {'gradient_clip_val': 0.5082707072803712, 'hidden_size': 61, 'dropout': 0.19038770009424055, 'hidden_continuous_size': 40, 'attention_head_size': 3, 'learning_rate': 0.058909739060532484}. Best is trial 11 with value: 0.1773584485054016.
LOCAL_RANK: 0 - CUDA_VISIBLE_DEVICES: [0]
[I 2023-11-30 15:20:41,537] Trial 139 finished with value: 0.2376398891210556 and parameters: {'gradient_clip_val': 0.4610987636393734, 'hidden_size': 105, 'dropout': 0.17590743818740706, 'hidden_continuous_size': 32, 'attention_head_size': 2, 'learning_rate': 0.03294731065706024}. Best is trial 11 with value: 0.1773584485054016.
LOCAL_RANK: 0 - CUDA_VISIBLE_DEVICES: [0]
[I 2023-11-30 15:20:56,252] Trial 140 finished with value: 0.5547337532043457 and parameters: {'gradient_clip_val': 0.6722255119625822, 'hidden_size': 83, 'dropout': 0.14771481291147, 'hidden_continuous_size': 37, 'attention_head_size': 2, 'learning_rate': 0.046738410417438765}. Best is trial 11 with value: 0.1773584485054016.
LOCAL_RANK: 0 - CUDA_VISIBLE_DEVICES: [0]
[I 2023-11-30 15:21:10,737] Trial 141 finished with value: 0.41403284668922424 and parameters: {'gradient_clip_val': 0.8403899892133866, 'hidden_size': 55, 'dropout': 0.10083981235018417, 'hidden_continuous_size': 43, 'attention_head_size': 3, 'learning_rate': 0.09024358238974461}. Best is trial 11 with value: 0.1773584485054016.
LOCAL_RANK: 0 - CUDA_VISIBLE_DEVICES: [0]
[I 2023-11-30 15:21:25,892] Trial 142 finished with value: 0.4303378164768219 and parameters: {'gradient_clip_val': 0.8501666470981879, 'hidden_size': 57, 'dropout': 0.10829970663149106, 'hidden_continuous_size': 41, 'attention_head_size': 3, 'learning_rate': 0.08083392247793975}. Best is trial 11 with value: 0.1773584485054016.
LOCAL_RANK: 0 - CUDA_VISIBLE_DEVICES: [0]
[I 2023-11-30 15:21:40,322] Trial 143 finished with value: 0.2541958689689636 and parameters: {'gradient_clip_val': 0.7726164025496047, 'hidden_size': 60, 'dropout': 0.10678015750186612, 'hidden_continuous_size': 51, 'attention_head_size': 3, 'learning_rate': 0.09841592306376219}. Best is trial 11 with value: 0.1773584485054016.
LOCAL_RANK: 0 - CUDA_VISIBLE_DEVICES: [0]
[I 2023-11-30 15:21:55,023] Trial 144 finished with value: 0.31540539860725403 and parameters: {'gradient_clip_val': 0.714793245315563, 'hidden_size': 68, 'dropout': 0.11241545936650106, 'hidden_continuous_size': 47, 'attention_head_size': 3, 'learning_rate': 0.0716457707519131}. Best is trial 11 with value: 0.1773584485054016.
LOCAL_RANK: 0 - CUDA_VISIBLE_DEVICES: [0]
[I 2023-11-30 15:22:08,932] Trial 145 finished with value: 0.3511156737804413 and parameters: {'gradient_clip_val': 0.8416413346580971, 'hidden_size': 47, 'dropout': 0.11845212761135099, 'hidden_continuous_size': 44, 'attention_head_size': 3, 'learning_rate': 0.06300051675945953}. Best is trial 11 with value: 0.1773584485054016.
LOCAL_RANK: 0 - CUDA_VISIBLE_DEVICES: [0]
[I 2023-11-30 15:22:23,089] Trial 146 finished with value: 0.3743199408054352 and parameters: {'gradient_clip_val': 0.880789653563841, 'hidden_size': 77, 'dropout': 0.10005113642697351, 'hidden_continuous_size': 46, 'attention_head_size': 4, 'learning_rate': 0.0872325581254803}. Best is trial 11 with value: 0.1773584485054016.
LOCAL_RANK: 0 - CUDA_VISIBLE_DEVICES: [0]
[I 2023-11-30 15:22:36,920] Trial 147 finished with value: 0.3839055001735687 and parameters: {'gradient_clip_val': 0.3480483594294024, 'hidden_size': 64, 'dropout': 0.12644777431446327, 'hidden_continuous_size': 34, 'attention_head_size': 3, 'learning_rate': 0.03950364741549989}. Best is trial 11 with value: 0.1773584485054016.
LOCAL_RANK: 0 - CUDA_VISIBLE_DEVICES: [0]
[I 2023-11-30 15:22:51,002] Trial 148 finished with value: 0.20416082441806793 and parameters: {'gradient_clip_val': 0.6442908887205656, 'hidden_size': 71, 'dropout': 0.25279526675608527, 'hidden_continuous_size': 54, 'attention_head_size': 2, 'learning_rate': 0.054950408285484025}. Best is trial 11 with value: 0.1773584485054016.
LOCAL_RANK: 0 - CUDA_VISIBLE_DEVICES: [0]
[I 2023-11-30 15:23:04,873] Trial 149 finished with value: 0.4717327654361725 and parameters: {'gradient_clip_val': 0.6470349483306546, 'hidden_size': 71, 'dropout': 0.2373557102071715, 'hidden_continuous_size': 53, 'attention_head_size': 2, 'learning_rate': 0.053956408040652305}. Best is trial 11 with value: 0.1773584485054016.
[I 2023-11-30 15:23:04,985] A new study created in memory with name: no-name-42c47eb2-cf71-4acc-8051-2939f7837713
/home/le004/conda/anaconda3/envs/tsff_env/lib/python3.9/site-packages/lightning/fabric/plugins/environments/slurm.py:191: The `srun` command is available on your system but is not used. HINT: If your intention is to run Lightning on SLURM, prepend your python command with `srun` like so: srun python /home/le004/master_thesis/git/TSFusionForecast/code/ ...
LOCAL_RANK: 0 - CUDA_VISIBLE_DEVICES: [0]
[I 2023-11-30 15:23:18,879] Trial 0 finished with value: 0.14395853877067566 and parameters: {'gradient_clip_val': 0.5741919678208335, 'hidden_size': 97, 'dropout': 0.2492324139440894, 'hidden_continuous_size': 18, 'attention_head_size': 2, 'learning_rate': 0.03971807681779174}. Best is trial 0 with value: 0.14395853877067566.
LOCAL_RANK: 0 - CUDA_VISIBLE_DEVICES: [0]
[I 2023-11-30 15:23:31,510] Trial 1 finished with value: 1.5658702850341797 and parameters: {'gradient_clip_val': 0.7163238768575548, 'hidden_size': 16, 'dropout': 0.2098479376169863, 'hidden_continuous_size': 10, 'attention_head_size': 3, 'learning_rate': 0.004870012479306614}. Best is trial 0 with value: 0.14395853877067566.
LOCAL_RANK: 0 - CUDA_VISIBLE_DEVICES: [0]
[I 2023-11-30 15:23:45,805] Trial 2 finished with value: 0.4745284616947174 and parameters: {'gradient_clip_val': 0.15319870940796712, 'hidden_size': 67, 'dropout': 0.17709908664266477, 'hidden_continuous_size': 20, 'attention_head_size': 2, 'learning_rate': 0.0034506228746982986}. Best is trial 0 with value: 0.14395853877067566.
LOCAL_RANK: 0 - CUDA_VISIBLE_DEVICES: [0]
[I 2023-11-30 15:23:59,439] Trial 3 finished with value: 0.17321491241455078 and parameters: {'gradient_clip_val': 0.13767282003145698, 'hidden_size': 31, 'dropout': 0.2889762271567062, 'hidden_continuous_size': 25, 'attention_head_size': 1, 'learning_rate': 0.030677365424552582}. Best is trial 0 with value: 0.14395853877067566.
LOCAL_RANK: 0 - CUDA_VISIBLE_DEVICES: [0]
[I 2023-11-30 15:24:14,862] Trial 4 finished with value: 0.23622636497020721 and parameters: {'gradient_clip_val': 0.9118753418922626, 'hidden_size': 99, 'dropout': 0.38816039363683075, 'hidden_continuous_size': 79, 'attention_head_size': 3, 'learning_rate': 0.006631679824583675}. Best is trial 0 with value: 0.14395853877067566.
LOCAL_RANK: 0 - CUDA_VISIBLE_DEVICES: [0]
[I 2023-11-30 15:24:27,732] Trial 5 finished with value: 0.9668375849723816 and parameters: {'gradient_clip_val': 0.29636956578460094, 'hidden_size': 23, 'dropout': 0.18625952162637188, 'hidden_continuous_size': 14, 'attention_head_size': 1, 'learning_rate': 0.010708906502286678}. Best is trial 0 with value: 0.14395853877067566.
LOCAL_RANK: 0 - CUDA_VISIBLE_DEVICES: [0]
[I 2023-11-30 15:24:41,079] Trial 6 finished with value: 1.1893965005874634 and parameters: {'gradient_clip_val': 0.20519763553399858, 'hidden_size': 32, 'dropout': 0.35496385981852796, 'hidden_continuous_size': 20, 'attention_head_size': 4, 'learning_rate': 0.004076552141004626}. Best is trial 0 with value: 0.14395853877067566.
LOCAL_RANK: 0 - CUDA_VISIBLE_DEVICES: [0]
[I 2023-11-30 15:24:54,420] Trial 7 finished with value: 0.1733570098876953 and parameters: {'gradient_clip_val': 0.10426300426230835, 'hidden_size': 25, 'dropout': 0.1074987185630879, 'hidden_continuous_size': 18, 'attention_head_size': 1, 'learning_rate': 0.03019426925242812}. Best is trial 0 with value: 0.14395853877067566.
LOCAL_RANK: 0 - CUDA_VISIBLE_DEVICES: [0]
[I 2023-11-30 15:25:09,157] Trial 8 finished with value: 0.5761000514030457 and parameters: {'gradient_clip_val': 0.2385399439711304, 'hidden_size': 69, 'dropout': 0.3255381468666725, 'hidden_continuous_size': 15, 'attention_head_size': 2, 'learning_rate': 0.003008898979828713}. Best is trial 0 with value: 0.14395853877067566.
LOCAL_RANK: 0 - CUDA_VISIBLE_DEVICES: [0]
[I 2023-11-30 15:25:23,479] Trial 9 finished with value: 1.1745198965072632 and parameters: {'gradient_clip_val': 0.19548235697404498, 'hidden_size': 49, 'dropout': 0.14922307668905588, 'hidden_continuous_size': 11, 'attention_head_size': 2, 'learning_rate': 0.004022050333591234}. Best is trial 0 with value: 0.14395853877067566.
LOCAL_RANK: 0 - CUDA_VISIBLE_DEVICES: [0]
[I 2023-11-30 15:25:38,369] Trial 10 finished with value: 0.17114649713039398 and parameters: {'gradient_clip_val': 0.543827554709677, 'hidden_size': 124, 'dropout': 0.26262625119287875, 'hidden_continuous_size': 39, 'attention_head_size': 4, 'learning_rate': 0.08587769189494351}. Best is trial 0 with value: 0.14395853877067566.
LOCAL_RANK: 0 - CUDA_VISIBLE_DEVICES: [0]
[I 2023-11-30 15:25:53,349] Trial 11 finished with value: 0.18228530883789062 and parameters: {'gradient_clip_val': 0.5022117829643398, 'hidden_size': 148, 'dropout': 0.24781941506699384, 'hidden_continuous_size': 43, 'attention_head_size': 4, 'learning_rate': 0.07332730955239004}. Best is trial 0 with value: 0.14395853877067566.
LOCAL_RANK: 0 - CUDA_VISIBLE_DEVICES: [0]
[I 2023-11-30 15:26:08,586] Trial 12 finished with value: 0.1942092925310135 and parameters: {'gradient_clip_val': 0.4737189260279806, 'hidden_size': 145, 'dropout': 0.257184791627421, 'hidden_continuous_size': 34, 'attention_head_size': 3, 'learning_rate': 0.09751814884602024}. Best is trial 0 with value: 0.14395853877067566.
LOCAL_RANK: 0 - CUDA_VISIBLE_DEVICES: [0]
[I 2023-11-30 15:26:24,059] Trial 13 finished with value: 0.1267191618680954 and parameters: {'gradient_clip_val': 0.4480493221173026, 'hidden_size': 96, 'dropout': 0.28555402865533425, 'hidden_continuous_size': 42, 'attention_head_size': 4, 'learning_rate': 0.046207481066341774}. Best is trial 13 with value: 0.1267191618680954.
LOCAL_RANK: 0 - CUDA_VISIBLE_DEVICES: [0]
[I 2023-11-30 15:26:38,826] Trial 14 finished with value: 0.9529469609260559 and parameters: {'gradient_clip_val': 0.36818628506738815, 'hidden_size': 86, 'dropout': 0.31078798148710396, 'hidden_continuous_size': 26, 'attention_head_size': 3, 'learning_rate': 0.001281017334694748}. Best is trial 13 with value: 0.1267191618680954.
LOCAL_RANK: 0 - CUDA_VISIBLE_DEVICES: [0]
[I 2023-11-30 15:26:53,353] Trial 15 finished with value: 0.15556836128234863 and parameters: {'gradient_clip_val': 0.39801411934246156, 'hidden_size': 50, 'dropout': 0.225742893093131, 'hidden_continuous_size': 15, 'attention_head_size': 2, 'learning_rate': 0.04349492038105249}. Best is trial 13 with value: 0.1267191618680954.
LOCAL_RANK: 0 - CUDA_VISIBLE_DEVICES: [0]
[I 2023-11-30 15:27:08,209] Trial 16 finished with value: 0.12709325551986694 and parameters: {'gradient_clip_val': 0.7654620522537229, 'hidden_size': 98, 'dropout': 0.286899501999098, 'hidden_continuous_size': 51, 'attention_head_size': 4, 'learning_rate': 0.017834056811148424}. Best is trial 13 with value: 0.1267191618680954.
LOCAL_RANK: 0 - CUDA_VISIBLE_DEVICES: [0]
[I 2023-11-30 15:27:19,589] Trial 17 finished with value: 1.5947604179382324 and parameters: {'gradient_clip_val': 0.9441202341512489, 'hidden_size': 10, 'dropout': 0.2919609717261854, 'hidden_continuous_size': 10, 'attention_head_size': 4, 'learning_rate': 0.017476737446048062}. Best is trial 13 with value: 0.1267191618680954.
LOCAL_RANK: 0 - CUDA_VISIBLE_DEVICES: [0]
[I 2023-11-30 15:27:34,212] Trial 18 finished with value: 0.12985369563102722 and parameters: {'gradient_clip_val': 0.6912380613001631, 'hidden_size': 64, 'dropout': 0.3339589570452541, 'hidden_continuous_size': 51, 'attention_head_size': 4, 'learning_rate': 0.017954226892744035}. Best is trial 13 with value: 0.1267191618680954.
LOCAL_RANK: 0 - CUDA_VISIBLE_DEVICES: [0]
[I 2023-11-30 15:27:49,868] Trial 19 finished with value: 0.125614196062088 and parameters: {'gradient_clip_val': 0.7068716026264907, 'hidden_size': 109, 'dropout': 0.2931077534239737, 'hidden_continuous_size': 60, 'attention_head_size': 4, 'learning_rate': 0.018254743029127666}. Best is trial 19 with value: 0.125614196062088.
LOCAL_RANK: 0 - CUDA_VISIBLE_DEVICES: [0]
[I 2023-11-30 15:28:06,069] Trial 20 finished with value: 0.15931056439876556 and parameters: {'gradient_clip_val': 0.40985948268413874, 'hidden_size': 119, 'dropout': 0.34759073197775986, 'hidden_continuous_size': 114, 'attention_head_size': 3, 'learning_rate': 0.049543768153943415}. Best is trial 19 with value: 0.125614196062088.
LOCAL_RANK: 0 - CUDA_VISIBLE_DEVICES: [0]
[I 2023-11-30 15:28:21,213] Trial 21 finished with value: 0.15981432795524597 and parameters: {'gradient_clip_val': 0.7298556136255776, 'hidden_size': 94, 'dropout': 0.28299444926548667, 'hidden_continuous_size': 52, 'attention_head_size': 4, 'learning_rate': 0.01824930276797083}. Best is trial 19 with value: 0.125614196062088.
LOCAL_RANK: 0 - CUDA_VISIBLE_DEVICES: [0]
[I 2023-11-30 15:28:36,051] Trial 22 finished with value: 0.1682804822921753 and parameters: {'gradient_clip_val': 0.6149258965300022, 'hidden_size': 80, 'dropout': 0.30318878145400674, 'hidden_continuous_size': 54, 'attention_head_size': 4, 'learning_rate': 0.011260230024118446}. Best is trial 19 with value: 0.125614196062088.
LOCAL_RANK: 0 - CUDA_VISIBLE_DEVICES: [0]
[I 2023-11-30 15:28:51,503] Trial 23 finished with value: 0.08897039294242859 and parameters: {'gradient_clip_val': 0.8175223849144615, 'hidden_size': 115, 'dropout': 0.27094222739473245, 'hidden_continuous_size': 72, 'attention_head_size': 4, 'learning_rate': 0.01938171580093657}. Best is trial 23 with value: 0.08897039294242859.
LOCAL_RANK: 0 - CUDA_VISIBLE_DEVICES: [0]
[I 2023-11-30 15:29:07,187] Trial 24 finished with value: 0.1735021322965622 and parameters: {'gradient_clip_val': 0.8550242850254788, 'hidden_size': 120, 'dropout': 0.27082087018606693, 'hidden_continuous_size': 69, 'attention_head_size': 3, 'learning_rate': 0.025542872844409172}. Best is trial 23 with value: 0.08897039294242859.
LOCAL_RANK: 0 - CUDA_VISIBLE_DEVICES: [0]
[I 2023-11-30 15:29:21,588] Trial 25 finished with value: 0.13955391943454742 and parameters: {'gradient_clip_val': 0.9958051031838765, 'hidden_size': 55, 'dropout': 0.31282176227790043, 'hidden_continuous_size': 34, 'attention_head_size': 4, 'learning_rate': 0.05685386816592797}. Best is trial 23 with value: 0.08897039294242859.
LOCAL_RANK: 0 - CUDA_VISIBLE_DEVICES: [0]
[I 2023-11-30 15:29:36,749] Trial 26 finished with value: 0.1260996311903 and parameters: {'gradient_clip_val': 0.6530339151569414, 'hidden_size': 81, 'dropout': 0.23506497377361335, 'hidden_continuous_size': 62, 'attention_head_size': 4, 'learning_rate': 0.059466769145980945}. Best is trial 23 with value: 0.08897039294242859.
LOCAL_RANK: 0 - CUDA_VISIBLE_DEVICES: [0]
[I 2023-11-30 15:29:51,483] Trial 27 finished with value: 0.18149034678936005 and parameters: {'gradient_clip_val': 0.6209497363240264, 'hidden_size': 72, 'dropout': 0.22387245050612983, 'hidden_continuous_size': 62, 'attention_head_size': 3, 'learning_rate': 0.0268953416563225}. Best is trial 23 with value: 0.08897039294242859.
LOCAL_RANK: 0 - CUDA_VISIBLE_DEVICES: [0]
[I 2023-11-30 15:30:06,715] Trial 28 finished with value: 0.18947024643421173 and parameters: {'gradient_clip_val': 0.8361952309993282, 'hidden_size': 115, 'dropout': 0.2378969526260653, 'hidden_continuous_size': 81, 'attention_head_size': 4, 'learning_rate': 0.06362269313147866}. Best is trial 23 with value: 0.08897039294242859.
LOCAL_RANK: 0 - CUDA_VISIBLE_DEVICES: [0]
[I 2023-11-30 15:30:21,777] Trial 29 finished with value: 0.13146525621414185 and parameters: {'gradient_clip_val': 0.581219471230435, 'hidden_size': 83, 'dropout': 0.2635807235148932, 'hidden_continuous_size': 60, 'attention_head_size': 3, 'learning_rate': 0.03374876515990033}. Best is trial 23 with value: 0.08897039294242859.
LOCAL_RANK: 0 - CUDA_VISIBLE_DEVICES: [0]
[I 2023-11-30 15:30:37,687] Trial 30 finished with value: 0.21956507861614227 and parameters: {'gradient_clip_val': 0.5533057591355096, 'hidden_size': 147, 'dropout': 0.23622249716434443, 'hidden_continuous_size': 94, 'attention_head_size': 4, 'learning_rate': 0.06399802113383338}. Best is trial 23 with value: 0.08897039294242859.
LOCAL_RANK: 0 - CUDA_VISIBLE_DEVICES: [0]
[I 2023-11-30 15:30:53,290] Trial 31 finished with value: 0.1490100622177124 and parameters: {'gradient_clip_val': 0.682195285150461, 'hidden_size': 100, 'dropout': 0.27414684561329805, 'hidden_continuous_size': 42, 'attention_head_size': 4, 'learning_rate': 0.04545370232150374}. Best is trial 23 with value: 0.08897039294242859.
LOCAL_RANK: 0 - CUDA_VISIBLE_DEVICES: [0]
[I 2023-11-30 15:31:08,323] Trial 32 finished with value: 0.1369045227766037 and parameters: {'gradient_clip_val': 0.788219458982311, 'hidden_size': 80, 'dropout': 0.2508426587898823, 'hidden_continuous_size': 59, 'attention_head_size': 4, 'learning_rate': 0.04000402181313205}. Best is trial 23 with value: 0.08897039294242859.
LOCAL_RANK: 0 - CUDA_VISIBLE_DEVICES: [0]
[I 2023-11-30 15:31:23,610] Trial 33 finished with value: 0.1432153284549713 and parameters: {'gradient_clip_val': 0.4641503367348269, 'hidden_size': 110, 'dropout': 0.21374359764844106, 'hidden_continuous_size': 74, 'attention_head_size': 4, 'learning_rate': 0.051806296317415595}. Best is trial 23 with value: 0.08897039294242859.
LOCAL_RANK: 0 - CUDA_VISIBLE_DEVICES: [0]
[I 2023-11-30 15:31:39,134] Trial 34 finished with value: 0.1239589974284172 and parameters: {'gradient_clip_val': 0.6674367136374747, 'hidden_size': 89, 'dropout': 0.297594980220369, 'hidden_continuous_size': 65, 'attention_head_size': 3, 'learning_rate': 0.07722733294707013}. Best is trial 23 with value: 0.08897039294242859.
LOCAL_RANK: 0 - CUDA_VISIBLE_DEVICES: [0]
[I 2023-11-30 15:31:53,635] Trial 35 finished with value: 0.11712116003036499 and parameters: {'gradient_clip_val': 0.6587934351672868, 'hidden_size': 59, 'dropout': 0.3022838129992499, 'hidden_continuous_size': 47, 'attention_head_size': 3, 'learning_rate': 0.0974378594399127}. Best is trial 23 with value: 0.08897039294242859.
LOCAL_RANK: 0 - CUDA_VISIBLE_DEVICES: [0]
