[I 2023-11-30 06:54:18,499] Trial 34 finished with value: 0.19562764465808868 and parameters: {'gradient_clip_val': 0.6867595303194988, 'hidden_size': 149, 'dropout': 0.11652752350658804, 'hidden_continuous_size': 40, 'attention_head_size': 4, 'learning_rate': 0.05018554774720097}. Best is trial 11 with value: 0.1025536060333252.
LOCAL_RANK: 0 - CUDA_VISIBLE_DEVICES: [0]
[I 2023-11-30 06:54:32,469] Trial 35 finished with value: 0.16167281568050385 and parameters: {'gradient_clip_val': 0.40984832734029125, 'hidden_size': 94, 'dropout': 0.16270010746068903, 'hidden_continuous_size': 23, 'attention_head_size': 3, 'learning_rate': 0.013307019850356238}. Best is trial 11 with value: 0.1025536060333252.
LOCAL_RANK: 0 - CUDA_VISIBLE_DEVICES: [0]
[I 2023-11-30 06:54:46,238] Trial 36 finished with value: 0.16839243471622467 and parameters: {'gradient_clip_val': 0.22904953431424893, 'hidden_size': 76, 'dropout': 0.14352931843640584, 'hidden_continuous_size': 20, 'attention_head_size': 4, 'learning_rate': 0.036490824972696144}. Best is trial 11 with value: 0.1025536060333252.
LOCAL_RANK: 0 - CUDA_VISIBLE_DEVICES: [0]
[I 2023-11-30 06:55:00,332] Trial 37 finished with value: 0.24693147838115692 and parameters: {'gradient_clip_val': 0.28080129179195723, 'hidden_size': 127, 'dropout': 0.13094883331820306, 'hidden_continuous_size': 32, 'attention_head_size': 1, 'learning_rate': 0.016657953673533336}. Best is trial 11 with value: 0.1025536060333252.
LOCAL_RANK: 0 - CUDA_VISIBLE_DEVICES: [0]
[I 2023-11-30 06:55:14,555] Trial 38 finished with value: 0.14677771925926208 and parameters: {'gradient_clip_val': 0.3560357918304809, 'hidden_size': 104, 'dropout': 0.22275402380500334, 'hidden_continuous_size': 27, 'attention_head_size': 4, 'learning_rate': 0.024686979101275798}. Best is trial 11 with value: 0.1025536060333252.
LOCAL_RANK: 0 - CUDA_VISIBLE_DEVICES: [0]
[I 2023-11-30 06:55:27,792] Trial 39 finished with value: 0.3894751965999603 and parameters: {'gradient_clip_val': 0.5296606249251536, 'hidden_size': 49, 'dropout': 0.17324291433627959, 'hidden_continuous_size': 22, 'attention_head_size': 3, 'learning_rate': 0.01083704256904649}. Best is trial 11 with value: 0.1025536060333252.
LOCAL_RANK: 0 - CUDA_VISIBLE_DEVICES: [0]
[I 2023-11-30 06:55:41,073] Trial 40 finished with value: 0.17253458499908447 and parameters: {'gradient_clip_val': 0.6175707543744164, 'hidden_size': 55, 'dropout': 0.19832240895922154, 'hidden_continuous_size': 21, 'attention_head_size': 2, 'learning_rate': 0.050665525123489305}. Best is trial 11 with value: 0.1025536060333252.
LOCAL_RANK: 0 - CUDA_VISIBLE_DEVICES: [0]
[I 2023-11-30 06:55:55,197] Trial 41 finished with value: 0.17194820940494537 and parameters: {'gradient_clip_val': 0.1031814479223744, 'hidden_size': 109, 'dropout': 0.1029419535333535, 'hidden_continuous_size': 26, 'attention_head_size': 2, 'learning_rate': 0.01158233872758711}. Best is trial 11 with value: 0.1025536060333252.
LOCAL_RANK: 0 - CUDA_VISIBLE_DEVICES: [0]
[I 2023-11-30 06:56:08,893] Trial 42 finished with value: 0.11354360729455948 and parameters: {'gradient_clip_val': 0.12965798107940862, 'hidden_size': 88, 'dropout': 0.10004104852605555, 'hidden_continuous_size': 23, 'attention_head_size': 2, 'learning_rate': 0.01739378738522702}. Best is trial 11 with value: 0.1025536060333252.
LOCAL_RANK: 0 - CUDA_VISIBLE_DEVICES: [0]
[I 2023-11-30 06:56:23,304] Trial 43 finished with value: 0.15442804992198944 and parameters: {'gradient_clip_val': 0.1323387187509031, 'hidden_size': 132, 'dropout': 0.1159596878659865, 'hidden_continuous_size': 34, 'attention_head_size': 2, 'learning_rate': 0.01801449557208968}. Best is trial 11 with value: 0.1025536060333252.
LOCAL_RANK: 0 - CUDA_VISIBLE_DEVICES: [0]
[I 2023-11-30 06:56:36,996] Trial 44 finished with value: 0.09627041220664978 and parameters: {'gradient_clip_val': 0.20138014799866252, 'hidden_size': 86, 'dropout': 0.11405492623724686, 'hidden_continuous_size': 28, 'attention_head_size': 1, 'learning_rate': 0.024187233605367387}. Best is trial 44 with value: 0.09627041220664978.
LOCAL_RANK: 0 - CUDA_VISIBLE_DEVICES: [0]
[I 2023-11-30 06:56:50,423] Trial 45 finished with value: 0.24088744819164276 and parameters: {'gradient_clip_val': 0.1970901296702989, 'hidden_size': 88, 'dropout': 0.10083701715967386, 'hidden_continuous_size': 18, 'attention_head_size': 1, 'learning_rate': 0.023879667919249125}. Best is trial 44 with value: 0.09627041220664978.
LOCAL_RANK: 0 - CUDA_VISIBLE_DEVICES: [0]
[I 2023-11-30 06:57:04,790] Trial 46 finished with value: 0.20368844270706177 and parameters: {'gradient_clip_val': 0.1542349607731645, 'hidden_size': 135, 'dropout': 0.11404221624036713, 'hidden_continuous_size': 39, 'attention_head_size': 1, 'learning_rate': 0.0369419411012349}. Best is trial 44 with value: 0.09627041220664978.
LOCAL_RANK: 0 - CUDA_VISIBLE_DEVICES: [0]
[I 2023-11-30 06:57:18,459] Trial 47 finished with value: 0.14424683153629303 and parameters: {'gradient_clip_val': 0.21904115019959708, 'hidden_size': 75, 'dropout': 0.148468593499414, 'hidden_continuous_size': 23, 'attention_head_size': 1, 'learning_rate': 0.033047285840597226}. Best is trial 44 with value: 0.09627041220664978.
LOCAL_RANK: 0 - CUDA_VISIBLE_DEVICES: [0]
[I 2023-11-30 06:57:32,305] Trial 48 finished with value: 0.11855421215295792 and parameters: {'gradient_clip_val': 0.1763397130462192, 'hidden_size': 85, 'dropout': 0.13580458320508568, 'hidden_continuous_size': 28, 'attention_head_size': 1, 'learning_rate': 0.02765029280410214}. Best is trial 44 with value: 0.09627041220664978.
LOCAL_RANK: 0 - CUDA_VISIBLE_DEVICES: [0]
[I 2023-11-30 06:57:45,852] Trial 49 finished with value: 0.11547728627920151 and parameters: {'gradient_clip_val': 0.17700801580303463, 'hidden_size': 86, 'dropout': 0.11533604120960221, 'hidden_continuous_size': 26, 'attention_head_size': 1, 'learning_rate': 0.044681530715846005}. Best is trial 44 with value: 0.09627041220664978.
LOCAL_RANK: 0 - CUDA_VISIBLE_DEVICES: [0]
[I 2023-11-30 06:57:58,903] Trial 50 finished with value: 0.10146412253379822 and parameters: {'gradient_clip_val': 0.17135094501395756, 'hidden_size': 43, 'dropout': 0.15469308586611363, 'hidden_continuous_size': 28, 'attention_head_size': 1, 'learning_rate': 0.04090524499028701}. Best is trial 44 with value: 0.09627041220664978.
LOCAL_RANK: 0 - CUDA_VISIBLE_DEVICES: [0]
[I 2023-11-30 06:58:11,915] Trial 51 finished with value: 0.10582420974969864 and parameters: {'gradient_clip_val': 0.1700848591152235, 'hidden_size': 43, 'dropout': 0.1547577445737276, 'hidden_continuous_size': 27, 'attention_head_size': 1, 'learning_rate': 0.04401330892437847}. Best is trial 44 with value: 0.09627041220664978.
LOCAL_RANK: 0 - CUDA_VISIBLE_DEVICES: [0]
[I 2023-11-30 06:58:24,890] Trial 52 finished with value: 0.10483774542808533 and parameters: {'gradient_clip_val': 0.1621786857382577, 'hidden_size': 41, 'dropout': 0.15231002331346966, 'hidden_continuous_size': 25, 'attention_head_size': 1, 'learning_rate': 0.04675813488758407}. Best is trial 44 with value: 0.09627041220664978.
LOCAL_RANK: 0 - CUDA_VISIBLE_DEVICES: [0]
[I 2023-11-30 06:58:37,910] Trial 53 finished with value: 0.1619776040315628 and parameters: {'gradient_clip_val': 0.15215411611214263, 'hidden_size': 41, 'dropout': 0.15272759855316467, 'hidden_continuous_size': 24, 'attention_head_size': 1, 'learning_rate': 0.09227842889187254}. Best is trial 44 with value: 0.09627041220664978.
LOCAL_RANK: 0 - CUDA_VISIBLE_DEVICES: [0]
[I 2023-11-30 06:58:50,843] Trial 54 finished with value: 0.1859159618616104 and parameters: {'gradient_clip_val': 0.2000892218564215, 'hidden_size': 43, 'dropout': 0.17821842652322703, 'hidden_continuous_size': 28, 'attention_head_size': 1, 'learning_rate': 0.06604625588645506}. Best is trial 44 with value: 0.09627041220664978.
LOCAL_RANK: 0 - CUDA_VISIBLE_DEVICES: [0]
[I 2023-11-30 06:59:03,744] Trial 55 finished with value: 0.16358935832977295 and parameters: {'gradient_clip_val': 0.16365627626735274, 'hidden_size': 35, 'dropout': 0.1541793877371414, 'hidden_continuous_size': 25, 'attention_head_size': 1, 'learning_rate': 0.041820126675018846}. Best is trial 44 with value: 0.09627041220664978.
LOCAL_RANK: 0 - CUDA_VISIBLE_DEVICES: [0]
[I 2023-11-30 06:59:16,598] Trial 56 finished with value: 0.10302990674972534 and parameters: {'gradient_clip_val': 0.1417841822930459, 'hidden_size': 30, 'dropout': 0.16343629673342677, 'hidden_continuous_size': 23, 'attention_head_size': 1, 'learning_rate': 0.058641415441404984}. Best is trial 44 with value: 0.09627041220664978.
LOCAL_RANK: 0 - CUDA_VISIBLE_DEVICES: [0]
[I 2023-11-30 06:59:29,323] Trial 57 finished with value: 0.0894462838768959 and parameters: {'gradient_clip_val': 0.18609244579573272, 'hidden_size': 30, 'dropout': 0.1731937775719693, 'hidden_continuous_size': 26, 'attention_head_size': 1, 'learning_rate': 0.057142203351842696}. Best is trial 57 with value: 0.0894462838768959.
LOCAL_RANK: 0 - CUDA_VISIBLE_DEVICES: [0]
[I 2023-11-30 06:59:42,280] Trial 58 finished with value: 0.09402956813573837 and parameters: {'gradient_clip_val': 0.1438360274653984, 'hidden_size': 29, 'dropout': 0.19080120628848066, 'hidden_continuous_size': 25, 'attention_head_size': 1, 'learning_rate': 0.07964091635849486}. Best is trial 57 with value: 0.0894462838768959.
LOCAL_RANK: 0 - CUDA_VISIBLE_DEVICES: [0]
[I 2023-11-30 06:59:54,857] Trial 59 finished with value: 0.1104220375418663 and parameters: {'gradient_clip_val': 0.13829915271857976, 'hidden_size': 29, 'dropout': 0.17009700264683356, 'hidden_continuous_size': 24, 'attention_head_size': 1, 'learning_rate': 0.07741386699023527}. Best is trial 57 with value: 0.0894462838768959.
LOCAL_RANK: 0 - CUDA_VISIBLE_DEVICES: [0]
[I 2023-11-30 07:00:07,411] Trial 60 finished with value: 0.09875070303678513 and parameters: {'gradient_clip_val': 0.18691465788388226, 'hidden_size': 28, 'dropout': 0.18895507799850322, 'hidden_continuous_size': 23, 'attention_head_size': 1, 'learning_rate': 0.058741663033414285}. Best is trial 57 with value: 0.0894462838768959.
LOCAL_RANK: 0 - CUDA_VISIBLE_DEVICES: [0]
[I 2023-11-30 07:00:20,111] Trial 61 finished with value: 0.1203850507736206 and parameters: {'gradient_clip_val': 0.18538075787649028, 'hidden_size': 27, 'dropout': 0.19482711203149666, 'hidden_continuous_size': 24, 'attention_head_size': 1, 'learning_rate': 0.059323419618200104}. Best is trial 57 with value: 0.0894462838768959.
LOCAL_RANK: 0 - CUDA_VISIBLE_DEVICES: [0]
[I 2023-11-30 07:00:32,931] Trial 62 finished with value: 0.18211282789707184 and parameters: {'gradient_clip_val': 0.14257478361732365, 'hidden_size': 31, 'dropout': 0.18235580273992566, 'hidden_continuous_size': 26, 'attention_head_size': 1, 'learning_rate': 0.08322824277727028}. Best is trial 57 with value: 0.0894462838768959.
LOCAL_RANK: 0 - CUDA_VISIBLE_DEVICES: [0]
[I 2023-11-30 07:00:45,620] Trial 63 finished with value: 0.10345917195081711 and parameters: {'gradient_clip_val': 0.21198871669170857, 'hidden_size': 22, 'dropout': 0.20190890228624858, 'hidden_continuous_size': 21, 'attention_head_size': 1, 'learning_rate': 0.07288655610985409}. Best is trial 57 with value: 0.0894462838768959.
LOCAL_RANK: 0 - CUDA_VISIBLE_DEVICES: [0]
[I 2023-11-30 07:00:58,278] Trial 64 finished with value: 0.12851794064044952 and parameters: {'gradient_clip_val': 0.18675569846023832, 'hidden_size': 36, 'dropout': 0.1864177151785035, 'hidden_continuous_size': 23, 'attention_head_size': 1, 'learning_rate': 0.05527677661576384}. Best is trial 57 with value: 0.0894462838768959.
LOCAL_RANK: 0 - CUDA_VISIBLE_DEVICES: [0]
[I 2023-11-30 07:01:10,729] Trial 65 finished with value: 0.13034269213676453 and parameters: {'gradient_clip_val': 0.2376562003837858, 'hidden_size': 31, 'dropout': 0.21642522662330996, 'hidden_continuous_size': 10, 'attention_head_size': 1, 'learning_rate': 0.09952317497299577}. Best is trial 57 with value: 0.0894462838768959.
LOCAL_RANK: 0 - CUDA_VISIBLE_DEVICES: [0]
[I 2023-11-30 07:01:23,621] Trial 66 finished with value: 0.11576680094003677 and parameters: {'gradient_clip_val': 0.20623325925557973, 'hidden_size': 37, 'dropout': 0.17328382179988575, 'hidden_continuous_size': 22, 'attention_head_size': 1, 'learning_rate': 0.06794363940233372}. Best is trial 57 with value: 0.0894462838768959.
LOCAL_RANK: 0 - CUDA_VISIBLE_DEVICES: [0]
[I 2023-11-30 07:01:36,194] Trial 67 finished with value: 0.14445696771144867 and parameters: {'gradient_clip_val': 0.2557643961874458, 'hidden_size': 25, 'dropout': 0.165952557587547, 'hidden_continuous_size': 23, 'attention_head_size': 1, 'learning_rate': 0.05935059697069328}. Best is trial 57 with value: 0.0894462838768959.
LOCAL_RANK: 0 - CUDA_VISIBLE_DEVICES: [0]
[I 2023-11-30 07:01:49,163] Trial 68 finished with value: 0.1432361751794815 and parameters: {'gradient_clip_val': 0.2216461900392939, 'hidden_size': 33, 'dropout': 0.18889443773824877, 'hidden_continuous_size': 19, 'attention_head_size': 1, 'learning_rate': 0.03799294649174536}. Best is trial 57 with value: 0.0894462838768959.
LOCAL_RANK: 0 - CUDA_VISIBLE_DEVICES: [0]
[I 2023-11-30 07:02:01,753] Trial 69 finished with value: 0.16378025710582733 and parameters: {'gradient_clip_val': 0.18745252482404134, 'hidden_size': 21, 'dropout': 0.20658801399664817, 'hidden_continuous_size': 20, 'attention_head_size': 2, 'learning_rate': 0.05352775577031515}. Best is trial 57 with value: 0.0894462838768959.
LOCAL_RANK: 0 - CUDA_VISIBLE_DEVICES: [0]
[I 2023-11-30 07:02:14,712] Trial 70 finished with value: 0.13950271904468536 and parameters: {'gradient_clip_val': 0.16258692529321847, 'hidden_size': 34, 'dropout': 0.16088604631927356, 'hidden_continuous_size': 25, 'attention_head_size': 1, 'learning_rate': 0.08159590814152233}. Best is trial 57 with value: 0.0894462838768959.
LOCAL_RANK: 0 - CUDA_VISIBLE_DEVICES: [0]
[I 2023-11-30 07:02:27,153] Trial 71 finished with value: 0.1433294415473938 and parameters: {'gradient_clip_val': 0.20844868356841478, 'hidden_size': 23, 'dropout': 0.19928434610731596, 'hidden_continuous_size': 22, 'attention_head_size': 1, 'learning_rate': 0.06397226438135273}. Best is trial 57 with value: 0.0894462838768959.
LOCAL_RANK: 0 - CUDA_VISIBLE_DEVICES: [0]
[I 2023-11-30 07:02:39,796] Trial 72 finished with value: 0.09289634227752686 and parameters: {'gradient_clip_val': 0.2144523507489365, 'hidden_size': 27, 'dropout': 0.17781255722521333, 'hidden_continuous_size': 21, 'attention_head_size': 1, 'learning_rate': 0.072587273060386}. Best is trial 57 with value: 0.0894462838768959.
LOCAL_RANK: 0 - CUDA_VISIBLE_DEVICES: [0]
[I 2023-11-30 07:02:52,690] Trial 73 finished with value: 0.13736861944198608 and parameters: {'gradient_clip_val': 0.19718800974336376, 'hidden_size': 29, 'dropout': 0.17912524793272253, 'hidden_continuous_size': 24, 'attention_head_size': 1, 'learning_rate': 0.07085102137862756}. Best is trial 57 with value: 0.0894462838768959.
LOCAL_RANK: 0 - CUDA_VISIBLE_DEVICES: [0]
[I 2023-11-30 07:03:05,617] Trial 74 finished with value: 0.12525899708271027 and parameters: {'gradient_clip_val': 0.24041878406357844, 'hidden_size': 38, 'dropout': 0.14036995240881642, 'hidden_continuous_size': 28, 'attention_head_size': 1, 'learning_rate': 0.05567804918596877}. Best is trial 57 with value: 0.0894462838768959.
LOCAL_RANK: 0 - CUDA_VISIBLE_DEVICES: [0]
[I 2023-11-30 07:03:18,306] Trial 75 finished with value: 0.09767208248376846 and parameters: {'gradient_clip_val': 0.17961147331964245, 'hidden_size': 26, 'dropout': 0.1261518358666831, 'hidden_continuous_size': 21, 'attention_head_size': 1, 'learning_rate': 0.04093769823609548}. Best is trial 57 with value: 0.0894462838768959.
LOCAL_RANK: 0 - CUDA_VISIBLE_DEVICES: [0]
[I 2023-11-30 07:03:30,922] Trial 76 finished with value: 0.18537521362304688 and parameters: {'gradient_clip_val': 0.180699772221441, 'hidden_size': 27, 'dropout': 0.1294874543037758, 'hidden_continuous_size': 21, 'attention_head_size': 2, 'learning_rate': 0.03147547942970843}. Best is trial 57 with value: 0.0894462838768959.
LOCAL_RANK: 0 - CUDA_VISIBLE_DEVICES: [0]
[I 2023-11-30 07:03:43,543] Trial 77 finished with value: 0.1731407642364502 and parameters: {'gradient_clip_val': 0.23100943086341955, 'hidden_size': 32, 'dropout': 0.12352438084837733, 'hidden_continuous_size': 20, 'attention_head_size': 1, 'learning_rate': 0.040160834775848794}. Best is trial 57 with value: 0.0894462838768959.
LOCAL_RANK: 0 - CUDA_VISIBLE_DEVICES: [0]
[I 2023-11-30 07:03:55,849] Trial 78 finished with value: 0.21468393504619598 and parameters: {'gradient_clip_val': 0.19417347802843118, 'hidden_size': 20, 'dropout': 0.1388741282124441, 'hidden_continuous_size': 13, 'attention_head_size': 1, 'learning_rate': 0.04838080320291746}. Best is trial 57 with value: 0.0894462838768959.
LOCAL_RANK: 0 - CUDA_VISIBLE_DEVICES: [0]
[I 2023-11-30 07:04:08,529] Trial 79 finished with value: 0.21380305290222168 and parameters: {'gradient_clip_val': 0.2208515446108126, 'hidden_size': 34, 'dropout': 0.14634302547624214, 'hidden_continuous_size': 21, 'attention_head_size': 1, 'learning_rate': 0.03454831828287605}. Best is trial 57 with value: 0.0894462838768959.
LOCAL_RANK: 0 - CUDA_VISIBLE_DEVICES: [0]
[I 2023-11-30 07:04:20,918] Trial 80 finished with value: 0.1434086710214615 and parameters: {'gradient_clip_val': 0.16926155096175682, 'hidden_size': 26, 'dropout': 0.10965010527047991, 'hidden_continuous_size': 11, 'attention_head_size': 2, 'learning_rate': 0.08605769999524358}. Best is trial 57 with value: 0.0894462838768959.
LOCAL_RANK: 0 - CUDA_VISIBLE_DEVICES: [0]
[I 2023-11-30 07:04:33,290] Trial 81 finished with value: 0.16426368057727814 and parameters: {'gradient_clip_val': 0.148078130404147, 'hidden_size': 24, 'dropout': 0.19099070315290284, 'hidden_continuous_size': 22, 'attention_head_size': 1, 'learning_rate': 0.07316147748194199}. Best is trial 57 with value: 0.0894462838768959.
LOCAL_RANK: 0 - CUDA_VISIBLE_DEVICES: [0]
[I 2023-11-30 07:04:46,021] Trial 82 finished with value: 0.1451389342546463 and parameters: {'gradient_clip_val': 0.1591650136526449, 'hidden_size': 29, 'dropout': 0.16068411312692638, 'hidden_continuous_size': 26, 'attention_head_size': 1, 'learning_rate': 0.05196861065579847}. Best is trial 57 with value: 0.0894462838768959.
LOCAL_RANK: 0 - CUDA_VISIBLE_DEVICES: [0]
[I 2023-11-30 07:04:58,773] Trial 83 finished with value: 0.11461708694696426 and parameters: {'gradient_clip_val': 0.1754081100868648, 'hidden_size': 28, 'dropout': 0.12876283296564675, 'hidden_continuous_size': 23, 'attention_head_size': 1, 'learning_rate': 0.06024007439469716}. Best is trial 57 with value: 0.0894462838768959.
LOCAL_RANK: 0 - CUDA_VISIBLE_DEVICES: [0]
[I 2023-11-30 07:05:11,379] Trial 84 finished with value: 0.14599817991256714 and parameters: {'gradient_clip_val': 0.2070558102417388, 'hidden_size': 25, 'dropout': 0.17599573504602203, 'hidden_continuous_size': 24, 'attention_head_size': 1, 'learning_rate': 0.040385425152267736}. Best is trial 57 with value: 0.0894462838768959.
LOCAL_RANK: 0 - CUDA_VISIBLE_DEVICES: [0]
[I 2023-11-30 07:05:24,296] Trial 85 finished with value: 0.109976626932621 and parameters: {'gradient_clip_val': 0.14785855021422503, 'hidden_size': 30, 'dropout': 0.1674937249417644, 'hidden_continuous_size': 25, 'attention_head_size': 1, 'learning_rate': 0.04735572007920479}. Best is trial 57 with value: 0.0894462838768959.
LOCAL_RANK: 0 - CUDA_VISIBLE_DEVICES: [0]
[I 2023-11-30 07:05:37,028] Trial 86 finished with value: 0.2597009837627411 and parameters: {'gradient_clip_val': 0.1866047289330677, 'hidden_size': 31, 'dropout': 0.15932197141744606, 'hidden_continuous_size': 26, 'attention_head_size': 1, 'learning_rate': 0.02954389891924618}. Best is trial 57 with value: 0.0894462838768959.
LOCAL_RANK: 0 - CUDA_VISIBLE_DEVICES: [0]
[I 2023-11-30 07:05:49,660] Trial 87 finished with value: 0.11734268069267273 and parameters: {'gradient_clip_val': 0.1713497450886527, 'hidden_size': 27, 'dropout': 0.10964511273263812, 'hidden_continuous_size': 19, 'attention_head_size': 1, 'learning_rate': 0.07658738481101035}. Best is trial 57 with value: 0.0894462838768959.
LOCAL_RANK: 0 - CUDA_VISIBLE_DEVICES: [0]
[I 2023-11-30 07:06:02,708] Trial 88 finished with value: 0.1384558230638504 and parameters: {'gradient_clip_val': 0.19846987102311983, 'hidden_size': 33, 'dropout': 0.12046866103197898, 'hidden_continuous_size': 20, 'attention_head_size': 1, 'learning_rate': 0.03384127760678844}. Best is trial 57 with value: 0.0894462838768959.
LOCAL_RANK: 0 - CUDA_VISIBLE_DEVICES: [0]
[I 2023-11-30 07:06:14,820] Trial 89 finished with value: 0.1280232071876526 and parameters: {'gradient_clip_val': 0.12085796138772695, 'hidden_size': 24, 'dropout': 0.14829622168214557, 'hidden_continuous_size': 23, 'attention_head_size': 1, 'learning_rate': 0.04449955651977271}. Best is trial 57 with value: 0.0894462838768959.
LOCAL_RANK: 0 - CUDA_VISIBLE_DEVICES: [0]
[I 2023-11-30 07:06:27,644] Trial 90 finished with value: 0.1900932341814041 and parameters: {'gradient_clip_val': 0.15592642064721365, 'hidden_size': 36, 'dropout': 0.18389295324472454, 'hidden_continuous_size': 27, 'attention_head_size': 2, 'learning_rate': 0.06542837921762969}. Best is trial 57 with value: 0.0894462838768959.
LOCAL_RANK: 0 - CUDA_VISIBLE_DEVICES: [0]
[I 2023-11-30 07:06:40,042] Trial 91 finished with value: 0.08869240432977676 and parameters: {'gradient_clip_val': 0.22207102056894681, 'hidden_size': 28, 'dropout': 0.17340680612530104, 'hidden_continuous_size': 21, 'attention_head_size': 1, 'learning_rate': 0.07166367358093906}. Best is trial 91 with value: 0.08869240432977676.
LOCAL_RANK: 0 - CUDA_VISIBLE_DEVICES: [0]
