[I 2023-11-29 23:48:21,491] Trial 79 finished with value: 0.16398389637470245 and parameters: {'gradient_clip_val': 0.2768264668217526, 'hidden_size': 78, 'dropout': 0.3194292136710025, 'hidden_continuous_size': 22, 'attention_head_size': 4, 'learning_rate': 0.06565053440597024}. Best is trial 60 with value: 0.08617547899484634.
LOCAL_RANK: 0 - CUDA_VISIBLE_DEVICES: [0]
[I 2023-11-29 23:48:35,514] Trial 80 finished with value: 0.09836184233427048 and parameters: {'gradient_clip_val': 0.21910435011776094, 'hidden_size': 94, 'dropout': 0.3322354962229496, 'hidden_continuous_size': 27, 'attention_head_size': 4, 'learning_rate': 0.05638803095311906}. Best is trial 60 with value: 0.08617547899484634.
LOCAL_RANK: 0 - CUDA_VISIBLE_DEVICES: [0]
[I 2023-11-29 23:48:49,693] Trial 81 finished with value: 0.21808238327503204 and parameters: {'gradient_clip_val': 0.21532109117601114, 'hidden_size': 91, 'dropout': 0.3301771818666813, 'hidden_continuous_size': 31, 'attention_head_size': 4, 'learning_rate': 0.05567584477533317}. Best is trial 60 with value: 0.08617547899484634.
LOCAL_RANK: 0 - CUDA_VISIBLE_DEVICES: [0]
[I 2023-11-29 23:49:03,455] Trial 82 finished with value: 0.1672240048646927 and parameters: {'gradient_clip_val': 0.23533494750378375, 'hidden_size': 72, 'dropout': 0.34592178397477397, 'hidden_continuous_size': 27, 'attention_head_size': 4, 'learning_rate': 0.044862580135913856}. Best is trial 60 with value: 0.08617547899484634.
LOCAL_RANK: 0 - CUDA_VISIBLE_DEVICES: [0]
[I 2023-11-29 23:49:17,337] Trial 83 finished with value: 0.13761065900325775 and parameters: {'gradient_clip_val': 0.25207095791185724, 'hidden_size': 83, 'dropout': 0.31504283677497646, 'hidden_continuous_size': 21, 'attention_head_size': 4, 'learning_rate': 0.07184686677786983}. Best is trial 60 with value: 0.08617547899484634.
LOCAL_RANK: 0 - CUDA_VISIBLE_DEVICES: [0]
[I 2023-11-29 23:49:31,623] Trial 84 finished with value: 0.1555148810148239 and parameters: {'gradient_clip_val': 0.22144080596177698, 'hidden_size': 98, 'dropout': 0.3288233378808174, 'hidden_continuous_size': 33, 'attention_head_size': 4, 'learning_rate': 0.0610395358810026}. Best is trial 60 with value: 0.08617547899484634.
LOCAL_RANK: 0 - CUDA_VISIBLE_DEVICES: [0]
[I 2023-11-29 23:49:45,768] Trial 85 finished with value: 0.27495455741882324 and parameters: {'gradient_clip_val': 0.2067732169165323, 'hidden_size': 94, 'dropout': 0.3101876034543025, 'hidden_continuous_size': 30, 'attention_head_size': 4, 'learning_rate': 0.08121854068083276}. Best is trial 60 with value: 0.08617547899484634.
LOCAL_RANK: 0 - CUDA_VISIBLE_DEVICES: [0]
[I 2023-11-29 23:49:59,541] Trial 86 finished with value: 0.1552768051624298 and parameters: {'gradient_clip_val': 0.2909623844587523, 'hidden_size': 73, 'dropout': 0.32142413610593723, 'hidden_continuous_size': 23, 'attention_head_size': 4, 'learning_rate': 0.051779684284397165}. Best is trial 60 with value: 0.08617547899484634.
LOCAL_RANK: 0 - CUDA_VISIBLE_DEVICES: [0]
[I 2023-11-29 23:50:13,806] Trial 87 finished with value: 0.21761105954647064 and parameters: {'gradient_clip_val': 0.2490701805507315, 'hidden_size': 116, 'dropout': 0.35734289984435874, 'hidden_continuous_size': 20, 'attention_head_size': 4, 'learning_rate': 0.06622893507160903}. Best is trial 60 with value: 0.08617547899484634.
LOCAL_RANK: 0 - CUDA_VISIBLE_DEVICES: [0]
[I 2023-11-29 23:50:27,767] Trial 88 finished with value: 0.20337946712970734 and parameters: {'gradient_clip_val': 0.2758339278820005, 'hidden_size': 88, 'dropout': 0.33571299228186463, 'hidden_continuous_size': 27, 'attention_head_size': 4, 'learning_rate': 0.04670649549367802}. Best is trial 60 with value: 0.08617547899484634.
LOCAL_RANK: 0 - CUDA_VISIBLE_DEVICES: [0]
[I 2023-11-29 23:50:41,859] Trial 89 finished with value: 0.1486692577600479 and parameters: {'gradient_clip_val': 0.2279133614821007, 'hidden_size': 106, 'dropout': 0.3007895979739807, 'hidden_continuous_size': 22, 'attention_head_size': 3, 'learning_rate': 0.07462812297397649}. Best is trial 60 with value: 0.08617547899484634.
LOCAL_RANK: 0 - CUDA_VISIBLE_DEVICES: [0]
[I 2023-11-29 23:50:55,832] Trial 90 finished with value: 0.1748429536819458 and parameters: {'gradient_clip_val': 0.19470577549166804, 'hidden_size': 80, 'dropout': 0.31731054724812036, 'hidden_continuous_size': 18, 'attention_head_size': 4, 'learning_rate': 0.05913998995688631}. Best is trial 60 with value: 0.08617547899484634.
LOCAL_RANK: 0 - CUDA_VISIBLE_DEVICES: [0]
[I 2023-11-29 23:51:10,309] Trial 91 finished with value: 0.21043647825717926 and parameters: {'gradient_clip_val': 0.31847983888002857, 'hidden_size': 100, 'dropout': 0.31125616483278146, 'hidden_continuous_size': 65, 'attention_head_size': 4, 'learning_rate': 0.0818589015248243}. Best is trial 60 with value: 0.08617547899484634.
LOCAL_RANK: 0 - CUDA_VISIBLE_DEVICES: [0]
[I 2023-11-29 23:51:24,738] Trial 92 finished with value: 0.173236683011055 and parameters: {'gradient_clip_val': 0.298308694105953, 'hidden_size': 110, 'dropout': 0.23632045279810027, 'hidden_continuous_size': 38, 'attention_head_size': 4, 'learning_rate': 0.04891423103700434}. Best is trial 60 with value: 0.08617547899484634.
LOCAL_RANK: 0 - CUDA_VISIBLE_DEVICES: [0]
[I 2023-11-29 23:51:38,670] Trial 93 finished with value: 0.18479931354522705 and parameters: {'gradient_clip_val': 0.2633499924246943, 'hidden_size': 91, 'dropout': 0.28954925198603676, 'hidden_continuous_size': 20, 'attention_head_size': 4, 'learning_rate': 0.03852074002041371}. Best is trial 60 with value: 0.08617547899484634.
LOCAL_RANK: 0 - CUDA_VISIBLE_DEVICES: [0]
[I 2023-11-29 23:51:52,948] Trial 94 finished with value: 0.12483105808496475 and parameters: {'gradient_clip_val': 0.24333824602178805, 'hidden_size': 121, 'dropout': 0.3251350551569002, 'hidden_continuous_size': 32, 'attention_head_size': 4, 'learning_rate': 0.09981810127425174}. Best is trial 60 with value: 0.08617547899484634.
LOCAL_RANK: 0 - CUDA_VISIBLE_DEVICES: [0]
[I 2023-11-29 23:52:07,022] Trial 95 finished with value: 0.16306573152542114 and parameters: {'gradient_clip_val': 0.21191533737966, 'hidden_size': 84, 'dropout': 0.29730385873393606, 'hidden_continuous_size': 43, 'attention_head_size': 4, 'learning_rate': 0.06497965555943082}. Best is trial 60 with value: 0.08617547899484634.
LOCAL_RANK: 0 - CUDA_VISIBLE_DEVICES: [0]
[I 2023-11-29 23:52:21,717] Trial 96 finished with value: 0.24869263172149658 and parameters: {'gradient_clip_val': 0.22740854023040222, 'hidden_size': 134, 'dropout': 0.11475019327468537, 'hidden_continuous_size': 29, 'attention_head_size': 4, 'learning_rate': 0.07213725381536285}. Best is trial 60 with value: 0.08617547899484634.
LOCAL_RANK: 0 - CUDA_VISIBLE_DEVICES: [0]
[I 2023-11-29 23:52:35,831] Trial 97 finished with value: 0.18449287116527557 and parameters: {'gradient_clip_val': 0.32390087537893975, 'hidden_size': 104, 'dropout': 0.3307022838140319, 'hidden_continuous_size': 24, 'attention_head_size': 3, 'learning_rate': 0.05489064682678739}. Best is trial 60 with value: 0.08617547899484634.
LOCAL_RANK: 0 - CUDA_VISIBLE_DEVICES: [0]
[I 2023-11-29 23:52:49,608] Trial 98 finished with value: 0.18128784000873566 and parameters: {'gradient_clip_val': 0.2913588480865156, 'hidden_size': 78, 'dropout': 0.30638083820007356, 'hidden_continuous_size': 18, 'attention_head_size': 4, 'learning_rate': 0.08777460323117697}. Best is trial 60 with value: 0.08617547899484634.
LOCAL_RANK: 0 - CUDA_VISIBLE_DEVICES: [0]
[I 2023-11-29 23:53:03,578] Trial 99 finished with value: 0.2897097170352936 and parameters: {'gradient_clip_val': 0.27144884744939374, 'hidden_size': 94, 'dropout': 0.31902299864099093, 'hidden_continuous_size': 21, 'attention_head_size': 4, 'learning_rate': 0.021839545728879216}. Best is trial 60 with value: 0.08617547899484634.
LOCAL_RANK: 0 - CUDA_VISIBLE_DEVICES: [0]
[I 2023-11-29 23:53:18,114] Trial 100 finished with value: 0.16937221586704254 and parameters: {'gradient_clip_val': 0.24839074674957362, 'hidden_size': 114, 'dropout': 0.29256517603908483, 'hidden_continuous_size': 27, 'attention_head_size': 4, 'learning_rate': 0.040867140836530674}. Best is trial 60 with value: 0.08617547899484634.
LOCAL_RANK: 0 - CUDA_VISIBLE_DEVICES: [0]
[I 2023-11-29 23:53:31,889] Trial 101 finished with value: 0.2789360582828522 and parameters: {'gradient_clip_val': 0.18396397183758814, 'hidden_size': 88, 'dropout': 0.25401557727584045, 'hidden_continuous_size': 26, 'attention_head_size': 4, 'learning_rate': 0.0915168397009894}. Best is trial 60 with value: 0.08617547899484634.
LOCAL_RANK: 0 - CUDA_VISIBLE_DEVICES: [0]
[I 2023-11-29 23:53:45,849] Trial 102 finished with value: 0.16124926507472992 and parameters: {'gradient_clip_val': 0.19128633073830115, 'hidden_size': 83, 'dropout': 0.28422539679054437, 'hidden_continuous_size': 25, 'attention_head_size': 4, 'learning_rate': 0.0828811164509833}. Best is trial 60 with value: 0.08617547899484634.
LOCAL_RANK: 0 - CUDA_VISIBLE_DEVICES: [0]
[I 2023-11-29 23:54:00,539] Trial 103 finished with value: 0.21143466234207153 and parameters: {'gradient_clip_val': 0.20004671936889887, 'hidden_size': 99, 'dropout': 0.2683286593397109, 'hidden_continuous_size': 69, 'attention_head_size': 4, 'learning_rate': 0.09136315146338676}. Best is trial 60 with value: 0.08617547899484634.
LOCAL_RANK: 0 - CUDA_VISIBLE_DEVICES: [0]
[I 2023-11-29 23:54:14,467] Trial 104 finished with value: 0.20918826758861542 and parameters: {'gradient_clip_val': 0.17114641217748777, 'hidden_size': 86, 'dropout': 0.30158452859357526, 'hidden_continuous_size': 23, 'attention_head_size': 4, 'learning_rate': 0.07477434735657527}. Best is trial 60 with value: 0.08617547899484634.
LOCAL_RANK: 0 - CUDA_VISIBLE_DEVICES: [0]
[I 2023-11-29 23:54:28,809] Trial 105 finished with value: 0.19728194177150726 and parameters: {'gradient_clip_val': 0.2299975429656738, 'hidden_size': 75, 'dropout': 0.3080195154964049, 'hidden_continuous_size': 48, 'attention_head_size': 4, 'learning_rate': 0.06304575544352314}. Best is trial 60 with value: 0.08617547899484634.
LOCAL_RANK: 0 - CUDA_VISIBLE_DEVICES: [0]
[I 2023-11-29 23:54:42,669] Trial 106 finished with value: 0.12917934358119965 and parameters: {'gradient_clip_val': 0.21526267069438496, 'hidden_size': 71, 'dropout': 0.2798309759921221, 'hidden_continuous_size': 19, 'attention_head_size': 4, 'learning_rate': 0.07201949709753375}. Best is trial 60 with value: 0.08617547899484634.
LOCAL_RANK: 0 - CUDA_VISIBLE_DEVICES: [0]
[I 2023-11-29 23:54:56,895] Trial 107 finished with value: 0.1328393667936325 and parameters: {'gradient_clip_val': 0.24348669204906082, 'hidden_size': 109, 'dropout': 0.313886010832835, 'hidden_continuous_size': 25, 'attention_head_size': 4, 'learning_rate': 0.056175789166700706}. Best is trial 60 with value: 0.08617547899484634.
LOCAL_RANK: 0 - CUDA_VISIBLE_DEVICES: [0]
[I 2023-11-29 23:55:11,170] Trial 108 finished with value: 0.19113092124462128 and parameters: {'gradient_clip_val': 0.18538196763172682, 'hidden_size': 91, 'dropout': 0.2610110380036197, 'hidden_continuous_size': 38, 'attention_head_size': 4, 'learning_rate': 0.07973643406204718}. Best is trial 60 with value: 0.08617547899484634.
LOCAL_RANK: 0 - CUDA_VISIBLE_DEVICES: [0]
[I 2023-11-29 23:55:24,915] Trial 109 finished with value: 0.20588652789592743 and parameters: {'gradient_clip_val': 0.2034554834977378, 'hidden_size': 66, 'dropout': 0.2734433660105532, 'hidden_continuous_size': 24, 'attention_head_size': 4, 'learning_rate': 0.06617657330916257}. Best is trial 60 with value: 0.08617547899484634.
LOCAL_RANK: 0 - CUDA_VISIBLE_DEVICES: [0]
[I 2023-11-29 23:55:39,171] Trial 110 finished with value: 0.19773297011852264 and parameters: {'gradient_clip_val': 0.25914446764701987, 'hidden_size': 97, 'dropout': 0.29204063539964403, 'hidden_continuous_size': 22, 'attention_head_size': 4, 'learning_rate': 0.09228710675127183}. Best is trial 60 with value: 0.08617547899484634.
LOCAL_RANK: 0 - CUDA_VISIBLE_DEVICES: [0]
[I 2023-11-29 23:55:53,549] Trial 111 finished with value: 0.15532100200653076 and parameters: {'gradient_clip_val': 0.2375855026795243, 'hidden_size': 122, 'dropout': 0.3250986358380957, 'hidden_continuous_size': 31, 'attention_head_size': 4, 'learning_rate': 0.0976868944905898}. Best is trial 60 with value: 0.08617547899484634.
LOCAL_RANK: 0 - CUDA_VISIBLE_DEVICES: [0]
[I 2023-11-29 23:56:07,802] Trial 112 finished with value: 0.23884163796901703 and parameters: {'gradient_clip_val': 0.22038035719945204, 'hidden_size': 122, 'dropout': 0.32466539624216606, 'hidden_continuous_size': 34, 'attention_head_size': 4, 'learning_rate': 0.09752037733225973}. Best is trial 60 with value: 0.08617547899484634.
LOCAL_RANK: 0 - CUDA_VISIBLE_DEVICES: [0]
[I 2023-11-29 23:56:22,432] Trial 113 finished with value: 0.1497618407011032 and parameters: {'gradient_clip_val': 0.24370686321137833, 'hidden_size': 104, 'dropout': 0.30048955327147725, 'hidden_continuous_size': 83, 'attention_head_size': 4, 'learning_rate': 0.080391521884207}. Best is trial 60 with value: 0.08617547899484634.
LOCAL_RANK: 0 - CUDA_VISIBLE_DEVICES: [0]
[I 2023-11-29 23:56:36,769] Trial 114 finished with value: 0.31613877415657043 and parameters: {'gradient_clip_val': 0.28033713952396655, 'hidden_size': 118, 'dropout': 0.3325827054682803, 'hidden_continuous_size': 28, 'attention_head_size': 4, 'learning_rate': 0.05078712505795844}. Best is trial 60 with value: 0.08617547899484634.
LOCAL_RANK: 0 - CUDA_VISIBLE_DEVICES: [0]
[I 2023-11-29 23:56:51,451] Trial 115 finished with value: 0.2335318773984909 and parameters: {'gradient_clip_val': 0.22858081453007584, 'hidden_size': 138, 'dropout': 0.17008200224726697, 'hidden_continuous_size': 32, 'attention_head_size': 4, 'learning_rate': 0.08514643491439777}. Best is trial 60 with value: 0.08617547899484634.
LOCAL_RANK: 0 - CUDA_VISIBLE_DEVICES: [0]
[I 2023-11-29 23:57:05,631] Trial 116 finished with value: 0.19566409289836884 and parameters: {'gradient_clip_val': 0.2554159275721768, 'hidden_size': 81, 'dropout': 0.10222211018460126, 'hidden_continuous_size': 50, 'attention_head_size': 4, 'learning_rate': 0.07017170588446019}. Best is trial 60 with value: 0.08617547899484634.
LOCAL_RANK: 0 - CUDA_VISIBLE_DEVICES: [0]
[I 2023-11-29 23:57:19,860] Trial 117 finished with value: 0.2603732645511627 and parameters: {'gradient_clip_val': 0.20932810421617, 'hidden_size': 88, 'dropout': 0.3102501444412784, 'hidden_continuous_size': 51, 'attention_head_size': 4, 'learning_rate': 0.09987541773435042}. Best is trial 60 with value: 0.08617547899484634.
LOCAL_RANK: 0 - CUDA_VISIBLE_DEVICES: [0]
[I 2023-11-29 23:57:34,309] Trial 118 finished with value: 0.13582409918308258 and parameters: {'gradient_clip_val': 0.2709279933880553, 'hidden_size': 130, 'dropout': 0.3423972585293056, 'hidden_continuous_size': 30, 'attention_head_size': 4, 'learning_rate': 0.05906346294480212}. Best is trial 60 with value: 0.08617547899484634.
LOCAL_RANK: 0 - CUDA_VISIBLE_DEVICES: [0]
[I 2023-11-29 23:57:48,112] Trial 119 finished with value: 0.22357392311096191 and parameters: {'gradient_clip_val': 0.30254855498448735, 'hidden_size': 96, 'dropout': 0.3188221335675738, 'hidden_continuous_size': 39, 'attention_head_size': 1, 'learning_rate': 0.0458090093591015}. Best is trial 60 with value: 0.08617547899484634.
LOCAL_RANK: 0 - CUDA_VISIBLE_DEVICES: [0]
[I 2023-11-29 23:58:02,665] Trial 120 finished with value: 0.11092319339513779 and parameters: {'gradient_clip_val': 0.19023579138314176, 'hidden_size': 106, 'dropout': 0.28237263050853034, 'hidden_continuous_size': 35, 'attention_head_size': 4, 'learning_rate': 0.061795684790523595}. Best is trial 60 with value: 0.08617547899484634.
LOCAL_RANK: 0 - CUDA_VISIBLE_DEVICES: [0]
[I 2023-11-29 23:58:16,696] Trial 121 finished with value: 0.18934668600559235 and parameters: {'gradient_clip_val': 0.19048575941396031, 'hidden_size': 106, 'dropout': 0.28628568373017294, 'hidden_continuous_size': 16, 'attention_head_size': 4, 'learning_rate': 0.06373526488877111}. Best is trial 60 with value: 0.08617547899484634.
LOCAL_RANK: 0 - CUDA_VISIBLE_DEVICES: [0]
[I 2023-11-29 23:58:31,075] Trial 122 finished with value: 0.20976977050304413 and parameters: {'gradient_clip_val': 0.1994193759026182, 'hidden_size': 111, 'dropout': 0.24858963991395522, 'hidden_continuous_size': 33, 'attention_head_size': 4, 'learning_rate': 0.0873104713729761}. Best is trial 60 with value: 0.08617547899484634.
LOCAL_RANK: 0 - CUDA_VISIBLE_DEVICES: [0]
[I 2023-11-29 23:58:45,373] Trial 123 finished with value: 0.23371165990829468 and parameters: {'gradient_clip_val': 0.22036546802000295, 'hidden_size': 101, 'dropout': 0.2786480813022333, 'hidden_continuous_size': 45, 'attention_head_size': 4, 'learning_rate': 0.07601605187720858}. Best is trial 60 with value: 0.08617547899484634.
LOCAL_RANK: 0 - CUDA_VISIBLE_DEVICES: [0]
[I 2023-11-29 23:58:59,267] Trial 124 finished with value: 0.19530504941940308 and parameters: {'gradient_clip_val': 0.16728601843442104, 'hidden_size': 75, 'dropout': 0.2973321347160602, 'hidden_continuous_size': 29, 'attention_head_size': 4, 'learning_rate': 0.0538340438272682}. Best is trial 60 with value: 0.08617547899484634.
LOCAL_RANK: 0 - CUDA_VISIBLE_DEVICES: [0]
[I 2023-11-29 23:59:13,766] Trial 125 finished with value: 0.19957149028778076 and parameters: {'gradient_clip_val': 0.2364123571719879, 'hidden_size': 85, 'dropout': 0.30427785252327766, 'hidden_continuous_size': 55, 'attention_head_size': 4, 'learning_rate': 0.06875306965115792}. Best is trial 60 with value: 0.08617547899484634.
LOCAL_RANK: 0 - CUDA_VISIBLE_DEVICES: [0]
[I 2023-11-29 23:59:27,909] Trial 126 finished with value: 0.16309328377246857 and parameters: {'gradient_clip_val': 0.20885352987446015, 'hidden_size': 92, 'dropout': 0.2668350339769773, 'hidden_continuous_size': 36, 'attention_head_size': 4, 'learning_rate': 0.060262577706471886}. Best is trial 60 with value: 0.08617547899484634.
LOCAL_RANK: 0 - CUDA_VISIBLE_DEVICES: [0]
[I 2023-11-29 23:59:42,034] Trial 127 finished with value: 0.12876048684120178 and parameters: {'gradient_clip_val': 0.17912787506812056, 'hidden_size': 79, 'dropout': 0.3271616691611426, 'hidden_continuous_size': 42, 'attention_head_size': 4, 'learning_rate': 0.07575928331572572}. Best is trial 60 with value: 0.08617547899484634.
LOCAL_RANK: 0 - CUDA_VISIBLE_DEVICES: [0]
[I 2023-11-29 23:59:56,268] Trial 128 finished with value: 0.17126202583312988 and parameters: {'gradient_clip_val': 0.24614771171631789, 'hidden_size': 120, 'dropout': 0.25693333620905323, 'hidden_continuous_size': 20, 'attention_head_size': 4, 'learning_rate': 0.015882276592494}. Best is trial 60 with value: 0.08617547899484634.
LOCAL_RANK: 0 - CUDA_VISIBLE_DEVICES: [0]
[I 2023-11-30 00:00:10,156] Trial 129 finished with value: 0.14225684106349945 and parameters: {'gradient_clip_val': 0.19649378812578613, 'hidden_size': 69, 'dropout': 0.27237000280268747, 'hidden_continuous_size': 25, 'attention_head_size': 4, 'learning_rate': 0.04298164614451427}. Best is trial 60 with value: 0.08617547899484634.
LOCAL_RANK: 0 - CUDA_VISIBLE_DEVICES: [0]
[I 2023-11-30 00:00:24,999] Trial 130 finished with value: 0.32216015458106995 and parameters: {'gradient_clip_val': 0.2233533194319841, 'hidden_size': 128, 'dropout': 0.3133727201249288, 'hidden_continuous_size': 99, 'attention_head_size': 4, 'learning_rate': 0.012537001766893489}. Best is trial 60 with value: 0.08617547899484634.
LOCAL_RANK: 0 - CUDA_VISIBLE_DEVICES: [0]
[I 2023-11-30 00:00:39,177] Trial 131 finished with value: 0.13153396546840668 and parameters: {'gradient_clip_val': 0.19026229547626328, 'hidden_size': 87, 'dropout': 0.28050707112587525, 'hidden_continuous_size': 35, 'attention_head_size': 4, 'learning_rate': 0.09081741922584889}. Best is trial 60 with value: 0.08617547899484634.
LOCAL_RANK: 0 - CUDA_VISIBLE_DEVICES: [0]
[I 2023-11-30 00:00:53,213] Trial 132 finished with value: 0.27933937311172485 and parameters: {'gradient_clip_val': 0.21048004278312005, 'hidden_size': 82, 'dropout': 0.2830635126461127, 'hidden_continuous_size': 27, 'attention_head_size': 4, 'learning_rate': 0.08471431180854341}. Best is trial 60 with value: 0.08617547899484634.
LOCAL_RANK: 0 - CUDA_VISIBLE_DEVICES: [0]
[I 2023-11-30 00:01:07,210] Trial 133 finished with value: 0.18701130151748657 and parameters: {'gradient_clip_val': 0.26128517814086893, 'hidden_size': 96, 'dropout': 0.2169298611937388, 'hidden_continuous_size': 26, 'attention_head_size': 4, 'learning_rate': 0.09554516858030447}. Best is trial 60 with value: 0.08617547899484634.
LOCAL_RANK: 0 - CUDA_VISIBLE_DEVICES: [0]
[I 2023-11-30 00:01:21,410] Trial 134 finished with value: 0.19898338615894318 and parameters: {'gradient_clip_val': 0.2331052983240529, 'hidden_size': 113, 'dropout': 0.2937967615565067, 'hidden_continuous_size': 22, 'attention_head_size': 4, 'learning_rate': 0.00953677079667586}. Best is trial 60 with value: 0.08617547899484634.
LOCAL_RANK: 0 - CUDA_VISIBLE_DEVICES: [0]
[I 2023-11-30 00:01:35,805] Trial 135 finished with value: 0.16206461191177368 and parameters: {'gradient_clip_val': 0.20087678986296412, 'hidden_size': 101, 'dropout': 0.2637880098494786, 'hidden_continuous_size': 32, 'attention_head_size': 4, 'learning_rate': 0.0680959588431872}. Best is trial 60 with value: 0.08617547899484634.
LOCAL_RANK: 0 - CUDA_VISIBLE_DEVICES: [0]
[I 2023-11-30 00:01:49,875] Trial 136 finished with value: 0.22492335736751556 and parameters: {'gradient_clip_val': 0.185592169435615, 'hidden_size': 90, 'dropout': 0.28817898056820096, 'hidden_continuous_size': 28, 'attention_head_size': 4, 'learning_rate': 0.07754573211201947}. Best is trial 60 with value: 0.08617547899484634.
LOCAL_RANK: 0 - CUDA_VISIBLE_DEVICES: [0]
