[I 2023-11-30 04:21:17,023] Trial 91 finished with value: 0.17961692810058594 and parameters: {'gradient_clip_val': 0.26742876074187644, 'hidden_size': 37, 'dropout': 0.20248473880801837, 'hidden_continuous_size': 30, 'attention_head_size': 1, 'learning_rate': 0.07984762409992938}. Best is trial 86 with value: 0.060324132442474365.
LOCAL_RANK: 0 - CUDA_VISIBLE_DEVICES: [0]
[I 2023-11-30 04:21:30,217] Trial 92 finished with value: 0.08201870322227478 and parameters: {'gradient_clip_val': 0.2362754707871101, 'hidden_size': 41, 'dropout': 0.2304332979119041, 'hidden_continuous_size': 32, 'attention_head_size': 1, 'learning_rate': 0.099841646143524}. Best is trial 86 with value: 0.060324132442474365.
LOCAL_RANK: 0 - CUDA_VISIBLE_DEVICES: [0]
[I 2023-11-30 04:21:43,257] Trial 93 finished with value: 0.12751032412052155 and parameters: {'gradient_clip_val': 0.2374915895734254, 'hidden_size': 42, 'dropout': 0.21515162991324666, 'hidden_continuous_size': 32, 'attention_head_size': 1, 'learning_rate': 0.06887207674879511}. Best is trial 86 with value: 0.060324132442474365.
LOCAL_RANK: 0 - CUDA_VISIBLE_DEVICES: [0]
[I 2023-11-30 04:21:55,966] Trial 94 finished with value: 0.12143880873918533 and parameters: {'gradient_clip_val': 0.26480334156442314, 'hidden_size': 40, 'dropout': 0.22698950919852956, 'hidden_continuous_size': 31, 'attention_head_size': 1, 'learning_rate': 0.08169904578726098}. Best is trial 86 with value: 0.060324132442474365.
LOCAL_RANK: 0 - CUDA_VISIBLE_DEVICES: [0]
[I 2023-11-30 04:22:08,764] Trial 95 finished with value: 0.16772127151489258 and parameters: {'gradient_clip_val': 0.2473142312601237, 'hidden_size': 33, 'dropout': 0.18194163371996547, 'hidden_continuous_size': 29, 'attention_head_size': 1, 'learning_rate': 0.09204521640179002}. Best is trial 86 with value: 0.060324132442474365.
LOCAL_RANK: 0 - CUDA_VISIBLE_DEVICES: [0]
[I 2023-11-30 04:22:21,383] Trial 96 finished with value: 0.18369145691394806 and parameters: {'gradient_clip_val': 0.2834448029474715, 'hidden_size': 36, 'dropout': 0.19541257353843558, 'hidden_continuous_size': 32, 'attention_head_size': 1, 'learning_rate': 0.0725840652890533}. Best is trial 86 with value: 0.060324132442474365.
LOCAL_RANK: 0 - CUDA_VISIBLE_DEVICES: [0]
[I 2023-11-30 04:22:35,013] Trial 97 finished with value: 0.1125677227973938 and parameters: {'gradient_clip_val': 0.22920015359936724, 'hidden_size': 53, 'dropout': 0.2063240927619286, 'hidden_continuous_size': 36, 'attention_head_size': 1, 'learning_rate': 0.06498312746628145}. Best is trial 86 with value: 0.060324132442474365.
LOCAL_RANK: 0 - CUDA_VISIBLE_DEVICES: [0]
[I 2023-11-30 04:22:48,170] Trial 98 finished with value: 0.1824048012495041 and parameters: {'gradient_clip_val': 0.2028913158823003, 'hidden_size': 43, 'dropout': 0.20666441517200512, 'hidden_continuous_size': 34, 'attention_head_size': 1, 'learning_rate': 0.06465420781974687}. Best is trial 86 with value: 0.060324132442474365.
LOCAL_RANK: 0 - CUDA_VISIBLE_DEVICES: [0]
[I 2023-11-30 04:23:01,240] Trial 99 finished with value: 0.14347773790359497 and parameters: {'gradient_clip_val': 0.2330205445750164, 'hidden_size': 39, 'dropout': 0.23264856826710015, 'hidden_continuous_size': 34, 'attention_head_size': 1, 'learning_rate': 0.058522170880603075}. Best is trial 86 with value: 0.060324132442474365.
LOCAL_RANK: 0 - CUDA_VISIBLE_DEVICES: [0]
[I 2023-11-30 04:23:14,746] Trial 100 finished with value: 0.11119826883077621 and parameters: {'gradient_clip_val': 0.22328212965759522, 'hidden_size': 55, 'dropout': 0.2138958739418972, 'hidden_continuous_size': 37, 'attention_head_size': 1, 'learning_rate': 0.08028967874182875}. Best is trial 86 with value: 0.060324132442474365.
LOCAL_RANK: 0 - CUDA_VISIBLE_DEVICES: [0]
[I 2023-11-30 04:23:28,225] Trial 101 finished with value: 0.15855436027050018 and parameters: {'gradient_clip_val': 0.2238059452906253, 'hidden_size': 55, 'dropout': 0.2183597123403338, 'hidden_continuous_size': 37, 'attention_head_size': 1, 'learning_rate': 0.08286922840187899}. Best is trial 86 with value: 0.060324132442474365.
LOCAL_RANK: 0 - CUDA_VISIBLE_DEVICES: [0]
[I 2023-11-30 04:23:41,728] Trial 102 finished with value: 0.125651016831398 and parameters: {'gradient_clip_val': 0.2147302203526192, 'hidden_size': 47, 'dropout': 0.21236141770520298, 'hidden_continuous_size': 37, 'attention_head_size': 1, 'learning_rate': 0.09048609392369644}. Best is trial 86 with value: 0.060324132442474365.
LOCAL_RANK: 0 - CUDA_VISIBLE_DEVICES: [0]
[I 2023-11-30 04:23:55,256] Trial 103 finished with value: 0.11363345384597778 and parameters: {'gradient_clip_val': 0.2724067880640597, 'hidden_size': 62, 'dropout': 0.22250114647375424, 'hidden_continuous_size': 37, 'attention_head_size': 1, 'learning_rate': 0.07501371567212085}. Best is trial 86 with value: 0.060324132442474365.
LOCAL_RANK: 0 - CUDA_VISIBLE_DEVICES: [0]
[I 2023-11-30 04:24:08,553] Trial 104 finished with value: 0.13788224756717682 and parameters: {'gradient_clip_val': 0.25385536096318234, 'hidden_size': 51, 'dropout': 0.20489987217174765, 'hidden_continuous_size': 32, 'attention_head_size': 1, 'learning_rate': 0.09921254227703491}. Best is trial 86 with value: 0.060324132442474365.
LOCAL_RANK: 0 - CUDA_VISIBLE_DEVICES: [0]
[I 2023-11-30 04:24:21,996] Trial 105 finished with value: 0.2225997895002365 and parameters: {'gradient_clip_val': 0.2433494924061498, 'hidden_size': 56, 'dropout': 0.23307128782213793, 'hidden_continuous_size': 40, 'attention_head_size': 1, 'learning_rate': 0.0674225936932293}. Best is trial 86 with value: 0.060324132442474365.
LOCAL_RANK: 0 - CUDA_VISIBLE_DEVICES: [0]
[I 2023-11-30 04:24:35,121] Trial 106 finished with value: 0.12964586913585663 and parameters: {'gradient_clip_val': 0.2918198399332194, 'hidden_size': 48, 'dropout': 0.21982137879404787, 'hidden_continuous_size': 30, 'attention_head_size': 1, 'learning_rate': 0.08453189237814882}. Best is trial 86 with value: 0.060324132442474365.
LOCAL_RANK: 0 - CUDA_VISIBLE_DEVICES: [0]
[I 2023-11-30 04:24:48,177] Trial 107 finished with value: 0.14080417156219482 and parameters: {'gradient_clip_val': 0.2259390457654711, 'hidden_size': 34, 'dropout': 0.241417559189164, 'hidden_continuous_size': 31, 'attention_head_size': 1, 'learning_rate': 0.05332418378169519}. Best is trial 86 with value: 0.060324132442474365.
LOCAL_RANK: 0 - CUDA_VISIBLE_DEVICES: [0]
[I 2023-11-30 04:25:01,251] Trial 108 finished with value: 0.27701154351234436 and parameters: {'gradient_clip_val': 0.30595379897723785, 'hidden_size': 43, 'dropout': 0.2000795539695539, 'hidden_continuous_size': 33, 'attention_head_size': 1, 'learning_rate': 0.07651817232341536}. Best is trial 86 with value: 0.060324132442474365.
LOCAL_RANK: 0 - CUDA_VISIBLE_DEVICES: [0]
[I 2023-11-30 04:25:14,659] Trial 109 finished with value: 0.10446450859308243 and parameters: {'gradient_clip_val': 0.19844938088730277, 'hidden_size': 53, 'dropout': 0.21430449519915154, 'hidden_continuous_size': 34, 'attention_head_size': 1, 'learning_rate': 0.05916247856098377}. Best is trial 86 with value: 0.060324132442474365.
LOCAL_RANK: 0 - CUDA_VISIBLE_DEVICES: [0]
[I 2023-11-30 04:25:28,039] Trial 110 finished with value: 0.15702520310878754 and parameters: {'gradient_clip_val': 0.19630774588090014, 'hidden_size': 53, 'dropout': 0.21342277702738177, 'hidden_continuous_size': 35, 'attention_head_size': 1, 'learning_rate': 0.04201587591085811}. Best is trial 86 with value: 0.060324132442474365.
LOCAL_RANK: 0 - CUDA_VISIBLE_DEVICES: [0]
[I 2023-11-30 04:25:41,669] Trial 111 finished with value: 0.12800563871860504 and parameters: {'gradient_clip_val': 0.2078776732066718, 'hidden_size': 59, 'dropout': 0.2066417312234939, 'hidden_continuous_size': 36, 'attention_head_size': 1, 'learning_rate': 0.05901916588785236}. Best is trial 86 with value: 0.060324132442474365.
LOCAL_RANK: 0 - CUDA_VISIBLE_DEVICES: [0]
[I 2023-11-30 04:25:55,310] Trial 112 finished with value: 0.14827243983745575 and parameters: {'gradient_clip_val': 0.23670204351323879, 'hidden_size': 49, 'dropout': 0.2291330811083697, 'hidden_continuous_size': 33, 'attention_head_size': 1, 'learning_rate': 0.06813671316838418}. Best is trial 86 with value: 0.060324132442474365.
LOCAL_RANK: 0 - CUDA_VISIBLE_DEVICES: [0]
[I 2023-11-30 04:26:08,915] Trial 113 finished with value: 0.161307230591774 and parameters: {'gradient_clip_val': 0.2678886080714506, 'hidden_size': 66, 'dropout': 0.22326602331297735, 'hidden_continuous_size': 34, 'attention_head_size': 1, 'learning_rate': 0.0929092129067664}. Best is trial 86 with value: 0.060324132442474365.
LOCAL_RANK: 0 - CUDA_VISIBLE_DEVICES: [0]
[I 2023-11-30 04:26:22,235] Trial 114 finished with value: 0.18111921846866608 and parameters: {'gradient_clip_val': 0.2322989630168327, 'hidden_size': 45, 'dropout': 0.21331456303652802, 'hidden_continuous_size': 36, 'attention_head_size': 1, 'learning_rate': 0.06240092255622627}. Best is trial 86 with value: 0.060324132442474365.
LOCAL_RANK: 0 - CUDA_VISIBLE_DEVICES: [0]
[I 2023-11-30 04:26:35,638] Trial 115 finished with value: 0.12622889876365662 and parameters: {'gradient_clip_val': 0.21637195813375162, 'hidden_size': 55, 'dropout': 0.1965417948819656, 'hidden_continuous_size': 30, 'attention_head_size': 1, 'learning_rate': 0.05036840150513149}. Best is trial 86 with value: 0.060324132442474365.
LOCAL_RANK: 0 - CUDA_VISIBLE_DEVICES: [0]
[I 2023-11-30 04:26:48,636] Trial 116 finished with value: 0.12433991581201553 and parameters: {'gradient_clip_val': 0.2590893826531191, 'hidden_size': 38, 'dropout': 0.24972708594186066, 'hidden_continuous_size': 32, 'attention_head_size': 1, 'learning_rate': 0.07794119984302005}. Best is trial 86 with value: 0.060324132442474365.
LOCAL_RANK: 0 - CUDA_VISIBLE_DEVICES: [0]
[I 2023-11-30 04:27:01,943] Trial 117 finished with value: 0.16697172820568085 and parameters: {'gradient_clip_val': 0.2473723360844623, 'hidden_size': 52, 'dropout': 0.23845494822629928, 'hidden_continuous_size': 29, 'attention_head_size': 1, 'learning_rate': 0.08442973967060974}. Best is trial 86 with value: 0.060324132442474365.
LOCAL_RANK: 0 - CUDA_VISIBLE_DEVICES: [0]
[I 2023-11-30 04:27:15,536] Trial 118 finished with value: 0.20620174705982208 and parameters: {'gradient_clip_val': 0.2843415547469285, 'hidden_size': 62, 'dropout': 0.22684759850806158, 'hidden_continuous_size': 40, 'attention_head_size': 1, 'learning_rate': 0.0701575125610541}. Best is trial 86 with value: 0.060324132442474365.
LOCAL_RANK: 0 - CUDA_VISIBLE_DEVICES: [0]
[I 2023-11-30 04:27:28,309] Trial 119 finished with value: 0.10795838385820389 and parameters: {'gradient_clip_val': 0.21987666341942141, 'hidden_size': 40, 'dropout': 0.20865538016552002, 'hidden_continuous_size': 33, 'attention_head_size': 1, 'learning_rate': 0.05718489389309451}. Best is trial 86 with value: 0.060324132442474365.
LOCAL_RANK: 0 - CUDA_VISIBLE_DEVICES: [0]
[I 2023-11-30 04:27:41,686] Trial 120 finished with value: 0.23293782770633698 and parameters: {'gradient_clip_val': 0.1819004943262122, 'hidden_size': 41, 'dropout': 0.20518122746168133, 'hidden_continuous_size': 33, 'attention_head_size': 4, 'learning_rate': 0.056208686605123}. Best is trial 86 with value: 0.060324132442474365.
LOCAL_RANK: 0 - CUDA_VISIBLE_DEVICES: [0]
[I 2023-11-30 04:27:54,853] Trial 121 finished with value: 0.11470955610275269 and parameters: {'gradient_clip_val': 0.204611253812824, 'hidden_size': 44, 'dropout': 0.2109721437754427, 'hidden_continuous_size': 34, 'attention_head_size': 1, 'learning_rate': 0.0498992701149376}. Best is trial 86 with value: 0.060324132442474365.
LOCAL_RANK: 0 - CUDA_VISIBLE_DEVICES: [0]
[I 2023-11-30 04:28:08,206] Trial 122 finished with value: 0.24787592887878418 and parameters: {'gradient_clip_val': 0.22438021147324946, 'hidden_size': 47, 'dropout': 0.21890797180738542, 'hidden_continuous_size': 31, 'attention_head_size': 1, 'learning_rate': 0.0750285261400306}. Best is trial 86 with value: 0.060324132442474365.
LOCAL_RANK: 0 - CUDA_VISIBLE_DEVICES: [0]
[I 2023-11-30 04:28:21,202] Trial 123 finished with value: 0.09663566201925278 and parameters: {'gradient_clip_val': 0.2513248497692431, 'hidden_size': 39, 'dropout': 0.2018523832871987, 'hidden_continuous_size': 32, 'attention_head_size': 1, 'learning_rate': 0.0632499580933296}. Best is trial 86 with value: 0.060324132442474365.
LOCAL_RANK: 0 - CUDA_VISIBLE_DEVICES: [0]
[I 2023-11-30 04:28:33,996] Trial 124 finished with value: 0.10171783715486526 and parameters: {'gradient_clip_val': 0.19820308002239664, 'hidden_size': 39, 'dropout': 0.18926479747245228, 'hidden_continuous_size': 32, 'attention_head_size': 1, 'learning_rate': 0.06514792755572436}. Best is trial 86 with value: 0.060324132442474365.
LOCAL_RANK: 0 - CUDA_VISIBLE_DEVICES: [0]
[I 2023-11-30 04:28:46,905] Trial 125 finished with value: 0.2792463004589081 and parameters: {'gradient_clip_val': 0.19893942356547403, 'hidden_size': 39, 'dropout': 0.18854670632008716, 'hidden_continuous_size': 32, 'attention_head_size': 1, 'learning_rate': 0.04305384394244353}. Best is trial 86 with value: 0.060324132442474365.
LOCAL_RANK: 0 - CUDA_VISIBLE_DEVICES: [0]
[I 2023-11-30 04:28:59,732] Trial 126 finished with value: 0.17445002496242523 and parameters: {'gradient_clip_val': 0.21249997091279613, 'hidden_size': 36, 'dropout': 0.19437535039247672, 'hidden_continuous_size': 31, 'attention_head_size': 1, 'learning_rate': 0.058812590266442664}. Best is trial 86 with value: 0.060324132442474365.
LOCAL_RANK: 0 - CUDA_VISIBLE_DEVICES: [0]
[I 2023-11-30 04:29:12,792] Trial 127 finished with value: 0.17467224597930908 and parameters: {'gradient_clip_val': 0.19304556686052013, 'hidden_size': 34, 'dropout': 0.17556793427739031, 'hidden_continuous_size': 30, 'attention_head_size': 1, 'learning_rate': 0.05513021629676105}. Best is trial 86 with value: 0.060324132442474365.
LOCAL_RANK: 0 - CUDA_VISIBLE_DEVICES: [0]
[I 2023-11-30 04:29:25,776] Trial 128 finished with value: 0.1858360320329666 and parameters: {'gradient_clip_val': 0.24515185958782998, 'hidden_size': 41, 'dropout': 0.18391364274266708, 'hidden_continuous_size': 33, 'attention_head_size': 1, 'learning_rate': 0.08797372981009978}. Best is trial 86 with value: 0.060324132442474365.
LOCAL_RANK: 0 - CUDA_VISIBLE_DEVICES: [0]
[I 2023-11-30 04:29:38,581] Trial 129 finished with value: 0.15657104551792145 and parameters: {'gradient_clip_val': 0.2714686890749077, 'hidden_size': 31, 'dropout': 0.20127615760893422, 'hidden_continuous_size': 29, 'attention_head_size': 1, 'learning_rate': 0.04697466460450467}. Best is trial 86 with value: 0.060324132442474365.
LOCAL_RANK: 0 - CUDA_VISIBLE_DEVICES: [0]
[I 2023-11-30 04:29:51,252] Trial 130 finished with value: 0.19842274487018585 and parameters: {'gradient_clip_val': 0.21975532651905053, 'hidden_size': 36, 'dropout': 0.1898902467824374, 'hidden_continuous_size': 32, 'attention_head_size': 1, 'learning_rate': 0.09944668036766235}. Best is trial 86 with value: 0.060324132442474365.
LOCAL_RANK: 0 - CUDA_VISIBLE_DEVICES: [0]
[I 2023-11-30 04:30:04,229] Trial 131 finished with value: 0.19228951632976532 and parameters: {'gradient_clip_val': 0.2353745621784542, 'hidden_size': 37, 'dropout': 0.1974116280703586, 'hidden_continuous_size': 33, 'attention_head_size': 1, 'learning_rate': 0.06474165881735279}. Best is trial 86 with value: 0.060324132442474365.
LOCAL_RANK: 0 - CUDA_VISIBLE_DEVICES: [0]
[I 2023-11-30 04:30:17,638] Trial 132 finished with value: 0.17270852625370026 and parameters: {'gradient_clip_val': 0.25604304262215, 'hidden_size': 45, 'dropout': 0.20630722591412712, 'hidden_continuous_size': 35, 'attention_head_size': 1, 'learning_rate': 0.06521655057307751}. Best is trial 86 with value: 0.060324132442474365.
LOCAL_RANK: 0 - CUDA_VISIBLE_DEVICES: [0]
[I 2023-11-30 04:30:30,494] Trial 133 finished with value: 0.2399442046880722 and parameters: {'gradient_clip_val': 0.21055701953279876, 'hidden_size': 39, 'dropout': 0.21540611976494087, 'hidden_continuous_size': 34, 'attention_head_size': 1, 'learning_rate': 0.07172912928157396}. Best is trial 86 with value: 0.060324132442474365.
LOCAL_RANK: 0 - CUDA_VISIBLE_DEVICES: [0]
[I 2023-11-30 04:30:44,018] Trial 134 finished with value: 0.3210792541503906 and parameters: {'gradient_clip_val': 0.22945084923165918, 'hidden_size': 51, 'dropout': 0.20034686342505326, 'hidden_continuous_size': 38, 'attention_head_size': 1, 'learning_rate': 0.052291973222898545}. Best is trial 86 with value: 0.060324132442474365.
LOCAL_RANK: 0 - CUDA_VISIBLE_DEVICES: [0]
[I 2023-11-30 04:30:57,133] Trial 135 finished with value: 0.2145320177078247 and parameters: {'gradient_clip_val': 0.24554431505517246, 'hidden_size': 42, 'dropout': 0.21073554784437726, 'hidden_continuous_size': 35, 'attention_head_size': 1, 'learning_rate': 0.08200171539449005}. Best is trial 86 with value: 0.060324132442474365.
LOCAL_RANK: 0 - CUDA_VISIBLE_DEVICES: [0]
[I 2023-11-30 04:31:09,937] Trial 136 finished with value: 0.1487390547990799 and parameters: {'gradient_clip_val': 0.22071806488684387, 'hidden_size': 29, 'dropout': 0.22122539985357725, 'hidden_continuous_size': 28, 'attention_head_size': 1, 'learning_rate': 0.06157607019072782}. Best is trial 86 with value: 0.060324132442474365.
LOCAL_RANK: 0 - CUDA_VISIBLE_DEVICES: [0]
[I 2023-11-30 04:31:23,679] Trial 137 finished with value: 0.12289594858884811 and parameters: {'gradient_clip_val': 0.1877392240660334, 'hidden_size': 58, 'dropout': 0.1785567971973767, 'hidden_continuous_size': 39, 'attention_head_size': 1, 'learning_rate': 0.036883679030295234}. Best is trial 86 with value: 0.060324132442474365.
LOCAL_RANK: 0 - CUDA_VISIBLE_DEVICES: [0]
[I 2023-11-30 04:31:37,348] Trial 138 finished with value: 0.14827202260494232 and parameters: {'gradient_clip_val': 0.20306340197754466, 'hidden_size': 71, 'dropout': 0.1862372633107897, 'hidden_continuous_size': 42, 'attention_head_size': 1, 'learning_rate': 0.04440999153670286}. Best is trial 86 with value: 0.060324132442474365.
LOCAL_RANK: 0 - CUDA_VISIBLE_DEVICES: [0]
[I 2023-11-30 04:31:50,499] Trial 139 finished with value: 0.1473410576581955 and parameters: {'gradient_clip_val': 0.2621637320651466, 'hidden_size': 44, 'dropout': 0.19396972252786693, 'hidden_continuous_size': 36, 'attention_head_size': 1, 'learning_rate': 0.06766102337196038}. Best is trial 86 with value: 0.060324132442474365.
LOCAL_RANK: 0 - CUDA_VISIBLE_DEVICES: [0]
[I 2023-11-30 04:32:03,481] Trial 140 finished with value: 0.1318911910057068 and parameters: {'gradient_clip_val': 0.23699664726859893, 'hidden_size': 34, 'dropout': 0.20694222042365729, 'hidden_continuous_size': 31, 'attention_head_size': 1, 'learning_rate': 0.09164302087082793}. Best is trial 86 with value: 0.060324132442474365.
LOCAL_RANK: 0 - CUDA_VISIBLE_DEVICES: [0]
[I 2023-11-30 04:32:16,640] Trial 141 finished with value: 0.15444935858249664 and parameters: {'gradient_clip_val': 0.2792009337474891, 'hidden_size': 47, 'dropout': 0.23367188785389081, 'hidden_continuous_size': 27, 'attention_head_size': 1, 'learning_rate': 0.07755927179438943}. Best is trial 86 with value: 0.060324132442474365.
LOCAL_RANK: 0 - CUDA_VISIBLE_DEVICES: [0]
[I 2023-11-30 04:32:29,800] Trial 142 finished with value: 0.17032074928283691 and parameters: {'gradient_clip_val': 0.30322492910639076, 'hidden_size': 50, 'dropout': 0.2263932816247812, 'hidden_continuous_size': 13, 'attention_head_size': 1, 'learning_rate': 0.07338009364630722}. Best is trial 86 with value: 0.060324132442474365.
LOCAL_RANK: 0 - CUDA_VISIBLE_DEVICES: [0]
[I 2023-11-30 04:32:42,751] Trial 143 finished with value: 0.12624023854732513 and parameters: {'gradient_clip_val': 0.29127377195807264, 'hidden_size': 40, 'dropout': 0.21637076399635952, 'hidden_continuous_size': 30, 'attention_head_size': 2, 'learning_rate': 0.08387187907608286}. Best is trial 86 with value: 0.060324132442474365.
LOCAL_RANK: 0 - CUDA_VISIBLE_DEVICES: [0]
[I 2023-11-30 04:32:56,374] Trial 144 finished with value: 0.10001957416534424 and parameters: {'gradient_clip_val': 0.25277823905523283, 'hidden_size': 54, 'dropout': 0.23536550984282914, 'hidden_continuous_size': 36, 'attention_head_size': 2, 'learning_rate': 0.052941240332652226}. Best is trial 86 with value: 0.060324132442474365.
LOCAL_RANK: 0 - CUDA_VISIBLE_DEVICES: [0]
[I 2023-11-30 04:33:09,886] Trial 145 finished with value: 0.19031517207622528 and parameters: {'gradient_clip_val': 0.25222876668934785, 'hidden_size': 55, 'dropout': 0.2569895916468766, 'hidden_continuous_size': 36, 'attention_head_size': 1, 'learning_rate': 0.055857901476622396}. Best is trial 86 with value: 0.060324132442474365.
LOCAL_RANK: 0 - CUDA_VISIBLE_DEVICES: [0]
[I 2023-11-30 04:33:23,959] Trial 146 finished with value: 0.09922140836715698 and parameters: {'gradient_clip_val': 0.22665010825053905, 'hidden_size': 81, 'dropout': 0.24230577727878105, 'hidden_continuous_size': 45, 'attention_head_size': 2, 'learning_rate': 0.05047584255390126}. Best is trial 86 with value: 0.060324132442474365.
LOCAL_RANK: 0 - CUDA_VISIBLE_DEVICES: [0]
[I 2023-11-30 04:33:37,961] Trial 147 finished with value: 0.17113912105560303 and parameters: {'gradient_clip_val': 0.27053471115832145, 'hidden_size': 74, 'dropout': 0.2425560188676397, 'hidden_continuous_size': 46, 'attention_head_size': 2, 'learning_rate': 0.049244415916959404}. Best is trial 86 with value: 0.060324132442474365.
LOCAL_RANK: 0 - CUDA_VISIBLE_DEVICES: [0]
[I 2023-11-30 04:33:52,066] Trial 148 finished with value: 0.14788241684436798 and parameters: {'gradient_clip_val': 0.2134093436294119, 'hidden_size': 78, 'dropout': 0.23082390620141052, 'hidden_continuous_size': 53, 'attention_head_size': 2, 'learning_rate': 0.044436315929070665}. Best is trial 86 with value: 0.060324132442474365.
LOCAL_RANK: 0 - CUDA_VISIBLE_DEVICES: [0]
