[I 2023-11-30 09:28:38,138] Trial 126 finished with value: 0.13029201328754425 and parameters: {'gradient_clip_val': 0.10877835414162579, 'hidden_size': 37, 'dropout': 0.20038165496599994, 'hidden_continuous_size': 24, 'attention_head_size': 1, 'learning_rate': 0.04205409057398675}. Best is trial 121 with value: 0.0566064715385437.
LOCAL_RANK: 0 - CUDA_VISIBLE_DEVICES: [0]
[I 2023-11-30 09:28:51,142] Trial 127 finished with value: 0.1366819590330124 and parameters: {'gradient_clip_val': 0.11336864758302861, 'hidden_size': 40, 'dropout': 0.20503459100183763, 'hidden_continuous_size': 25, 'attention_head_size': 1, 'learning_rate': 0.05250799251365818}. Best is trial 121 with value: 0.0566064715385437.
LOCAL_RANK: 0 - CUDA_VISIBLE_DEVICES: [0]
[I 2023-11-30 09:29:04,020] Trial 128 finished with value: 0.21981769800186157 and parameters: {'gradient_clip_val': 0.10318417974035697, 'hidden_size': 38, 'dropout': 0.19466498857239833, 'hidden_continuous_size': 27, 'attention_head_size': 1, 'learning_rate': 0.04602113955736486}. Best is trial 121 with value: 0.0566064715385437.
LOCAL_RANK: 0 - CUDA_VISIBLE_DEVICES: [0]
[I 2023-11-30 09:29:16,652] Trial 129 finished with value: 0.08359155058860779 and parameters: {'gradient_clip_val': 0.13854546711335883, 'hidden_size': 32, 'dropout': 0.17200289338365085, 'hidden_continuous_size': 25, 'attention_head_size': 1, 'learning_rate': 0.04872661658127167}. Best is trial 121 with value: 0.0566064715385437.
LOCAL_RANK: 0 - CUDA_VISIBLE_DEVICES: [0]
[I 2023-11-30 09:29:29,624] Trial 130 finished with value: 0.09774629026651382 and parameters: {'gradient_clip_val': 0.12754126528357815, 'hidden_size': 44, 'dropout': 0.20561886987389466, 'hidden_continuous_size': 22, 'attention_head_size': 1, 'learning_rate': 0.03799634349486438}. Best is trial 121 with value: 0.0566064715385437.
LOCAL_RANK: 0 - CUDA_VISIBLE_DEVICES: [0]
[I 2023-11-30 09:29:42,745] Trial 131 finished with value: 0.11837282031774521 and parameters: {'gradient_clip_val': 0.11683673980178431, 'hidden_size': 47, 'dropout': 0.18374836550230716, 'hidden_continuous_size': 24, 'attention_head_size': 1, 'learning_rate': 0.05927047273766176}. Best is trial 121 with value: 0.0566064715385437.
LOCAL_RANK: 0 - CUDA_VISIBLE_DEVICES: [0]
[I 2023-11-30 09:29:56,104] Trial 132 finished with value: 0.13076190650463104 and parameters: {'gradient_clip_val': 0.12024043026843219, 'hidden_size': 56, 'dropout': 0.21864289796220132, 'hidden_continuous_size': 22, 'attention_head_size': 1, 'learning_rate': 0.06754259407961133}. Best is trial 121 with value: 0.0566064715385437.
LOCAL_RANK: 0 - CUDA_VISIBLE_DEVICES: [0]
[I 2023-11-30 09:30:09,152] Trial 133 finished with value: 0.06019052863121033 and parameters: {'gradient_clip_val': 0.14571744516885182, 'hidden_size': 52, 'dropout': 0.24440823534248582, 'hidden_continuous_size': 23, 'attention_head_size': 1, 'learning_rate': 0.043171689231323605}. Best is trial 121 with value: 0.0566064715385437.
LOCAL_RANK: 0 - CUDA_VISIBLE_DEVICES: [0]
[I 2023-11-30 09:30:22,174] Trial 134 finished with value: 0.09418613463640213 and parameters: {'gradient_clip_val': 0.14501344412962514, 'hidden_size': 43, 'dropout': 0.25133262231467507, 'hidden_continuous_size': 23, 'attention_head_size': 1, 'learning_rate': 0.04416692471588363}. Best is trial 121 with value: 0.0566064715385437.
LOCAL_RANK: 0 - CUDA_VISIBLE_DEVICES: [0]
[I 2023-11-30 09:30:35,392] Trial 135 finished with value: 0.1315128654241562 and parameters: {'gradient_clip_val': 0.15922574992396002, 'hidden_size': 53, 'dropout': 0.24492688067863508, 'hidden_continuous_size': 24, 'attention_head_size': 1, 'learning_rate': 0.051508870985747676}. Best is trial 121 with value: 0.0566064715385437.
LOCAL_RANK: 0 - CUDA_VISIBLE_DEVICES: [0]
[I 2023-11-30 09:30:48,868] Trial 136 finished with value: 0.11858806014060974 and parameters: {'gradient_clip_val': 0.13218498882545945, 'hidden_size': 59, 'dropout': 0.22666082566520757, 'hidden_continuous_size': 27, 'attention_head_size': 1, 'learning_rate': 0.042266721742156746}. Best is trial 121 with value: 0.0566064715385437.
LOCAL_RANK: 0 - CUDA_VISIBLE_DEVICES: [0]
[I 2023-11-30 09:31:01,988] Trial 137 finished with value: 0.14839528501033783 and parameters: {'gradient_clip_val': 0.1508401662252771, 'hidden_size': 48, 'dropout': 0.18983718673679217, 'hidden_continuous_size': 26, 'attention_head_size': 1, 'learning_rate': 0.05536971977685204}. Best is trial 121 with value: 0.0566064715385437.
LOCAL_RANK: 0 - CUDA_VISIBLE_DEVICES: [0]
[I 2023-11-30 09:31:15,497] Trial 138 finished with value: 0.13421334326267242 and parameters: {'gradient_clip_val': 0.10954448149155692, 'hidden_size': 66, 'dropout': 0.23391224782700434, 'hidden_continuous_size': 29, 'attention_head_size': 1, 'learning_rate': 0.03412160500579182}. Best is trial 121 with value: 0.0566064715385437.
LOCAL_RANK: 0 - CUDA_VISIBLE_DEVICES: [0]
[I 2023-11-30 09:31:28,203] Trial 139 finished with value: 0.11140856146812439 and parameters: {'gradient_clip_val': 0.14021479605640522, 'hidden_size': 36, 'dropout': 0.2577776101744746, 'hidden_continuous_size': 25, 'attention_head_size': 1, 'learning_rate': 0.038987728341790255}. Best is trial 121 with value: 0.0566064715385437.
LOCAL_RANK: 0 - CUDA_VISIBLE_DEVICES: [0]
[I 2023-11-30 09:31:41,340] Trial 140 finished with value: 0.10171646624803543 and parameters: {'gradient_clip_val': 0.1291479672661507, 'hidden_size': 51, 'dropout': 0.21668837236699998, 'hidden_continuous_size': 23, 'attention_head_size': 1, 'learning_rate': 0.0497052218716492}. Best is trial 121 with value: 0.0566064715385437.
LOCAL_RANK: 0 - CUDA_VISIBLE_DEVICES: [0]
[I 2023-11-30 09:31:54,736] Trial 141 finished with value: 0.07215849310159683 and parameters: {'gradient_clip_val': 0.12114406804341216, 'hidden_size': 57, 'dropout': 0.24099092705230793, 'hidden_continuous_size': 26, 'attention_head_size': 1, 'learning_rate': 0.08474947323033222}. Best is trial 121 with value: 0.0566064715385437.
LOCAL_RANK: 0 - CUDA_VISIBLE_DEVICES: [0]
[I 2023-11-30 09:32:08,438] Trial 142 finished with value: 0.07496307045221329 and parameters: {'gradient_clip_val': 0.12543463031722732, 'hidden_size': 58, 'dropout': 0.223901410611762, 'hidden_continuous_size': 28, 'attention_head_size': 1, 'learning_rate': 0.07931103435096658}. Best is trial 121 with value: 0.0566064715385437.
LOCAL_RANK: 0 - CUDA_VISIBLE_DEVICES: [0]
[I 2023-11-30 09:32:21,653] Trial 143 finished with value: 0.13938689231872559 and parameters: {'gradient_clip_val': 0.12407460341146882, 'hidden_size': 58, 'dropout': 0.2232944254667595, 'hidden_continuous_size': 22, 'attention_head_size': 1, 'learning_rate': 0.08126590662521442}. Best is trial 121 with value: 0.0566064715385437.
LOCAL_RANK: 0 - CUDA_VISIBLE_DEVICES: [0]
[I 2023-11-30 09:32:35,359] Trial 144 finished with value: 0.11991902440786362 and parameters: {'gradient_clip_val': 0.11431568356302553, 'hidden_size': 71, 'dropout': 0.2093527515436147, 'hidden_continuous_size': 28, 'attention_head_size': 1, 'learning_rate': 0.07104114668065112}. Best is trial 121 with value: 0.0566064715385437.
LOCAL_RANK: 0 - CUDA_VISIBLE_DEVICES: [0]
[I 2023-11-30 09:32:48,857] Trial 145 finished with value: 0.18295598030090332 and parameters: {'gradient_clip_val': 0.10476757355483618, 'hidden_size': 63, 'dropout': 0.23232748855523136, 'hidden_continuous_size': 29, 'attention_head_size': 1, 'learning_rate': 0.0880998680861931}. Best is trial 121 with value: 0.0566064715385437.
LOCAL_RANK: 0 - CUDA_VISIBLE_DEVICES: [0]
[I 2023-11-30 09:33:02,193] Trial 146 finished with value: 0.18396608531475067 and parameters: {'gradient_clip_val': 0.11950957970314607, 'hidden_size': 55, 'dropout': 0.24186688561125413, 'hidden_continuous_size': 27, 'attention_head_size': 1, 'learning_rate': 0.07635184553583829}. Best is trial 121 with value: 0.0566064715385437.
LOCAL_RANK: 0 - CUDA_VISIBLE_DEVICES: [0]
[I 2023-11-30 09:33:15,762] Trial 147 finished with value: 0.1521274894475937 and parameters: {'gradient_clip_val': 0.1002053156784257, 'hidden_size': 68, 'dropout': 0.21249645744609344, 'hidden_continuous_size': 30, 'attention_head_size': 1, 'learning_rate': 0.06011423460139059}. Best is trial 121 with value: 0.0566064715385437.
LOCAL_RANK: 0 - CUDA_VISIBLE_DEVICES: [0]
[I 2023-11-30 09:33:29,133] Trial 148 finished with value: 0.11526105552911758 and parameters: {'gradient_clip_val': 0.14459632995243835, 'hidden_size': 60, 'dropout': 0.1992474700950283, 'hidden_continuous_size': 25, 'attention_head_size': 1, 'learning_rate': 0.06794703878080519}. Best is trial 121 with value: 0.0566064715385437.
LOCAL_RANK: 0 - CUDA_VISIBLE_DEVICES: [0]
[I 2023-11-30 09:33:42,653] Trial 149 finished with value: 0.15357595682144165 and parameters: {'gradient_clip_val': 0.11106290059052615, 'hidden_size': 74, 'dropout': 0.22605828022327165, 'hidden_continuous_size': 21, 'attention_head_size': 1, 'learning_rate': 0.0975965103715815}. Best is trial 121 with value: 0.0566064715385437.
[I 2023-11-30 09:33:42,771] A new study created in memory with name: no-name-579d7661-8140-4052-b950-eca889a55d3e
/home/le004/conda/anaconda3/envs/tsff_env/lib/python3.9/site-packages/lightning/fabric/plugins/environments/slurm.py:191: The `srun` command is available on your system but is not used. HINT: If your intention is to run Lightning on SLURM, prepend your python command with `srun` like so: srun python /home/le004/master_thesis/git/TSFusionForecast/code/ ...
LOCAL_RANK: 0 - CUDA_VISIBLE_DEVICES: [0]
[I 2023-11-30 09:33:55,163] Trial 0 finished with value: 0.29160913825035095 and parameters: {'gradient_clip_val': 0.4170140387151751, 'hidden_size': 21, 'dropout': 0.12776842415704923, 'hidden_continuous_size': 18, 'attention_head_size': 1, 'learning_rate': 0.011470077721412123}. Best is trial 0 with value: 0.29160913825035095.
LOCAL_RANK: 0 - CUDA_VISIBLE_DEVICES: [0]
[I 2023-11-30 09:34:07,992] Trial 1 finished with value: 0.16207776963710785 and parameters: {'gradient_clip_val': 0.1562014503405156, 'hidden_size': 36, 'dropout': 0.3040440055964839, 'hidden_continuous_size': 17, 'attention_head_size': 4, 'learning_rate': 0.04067989473201794}. Best is trial 1 with value: 0.16207776963710785.
LOCAL_RANK: 0 - CUDA_VISIBLE_DEVICES: [0]
[I 2023-11-30 09:34:18,758] Trial 2 finished with value: 0.13700173795223236 and parameters: {'gradient_clip_val': 0.16287664329532162, 'hidden_size': 56, 'dropout': 0.18268977010611193, 'hidden_continuous_size': 56, 'attention_head_size': 4, 'learning_rate': 0.007872961966047523}. Best is trial 2 with value: 0.13700173795223236.
LOCAL_RANK: 0 - CUDA_VISIBLE_DEVICES: [0]
[I 2023-11-30 09:34:31,640] Trial 3 finished with value: 0.3818682134151459 and parameters: {'gradient_clip_val': 0.3700920847934027, 'hidden_size': 44, 'dropout': 0.18981272851604963, 'hidden_continuous_size': 10, 'attention_head_size': 1, 'learning_rate': 0.005683778559032551}. Best is trial 2 with value: 0.13700173795223236.
LOCAL_RANK: 0 - CUDA_VISIBLE_DEVICES: [0]
[I 2023-11-30 09:34:44,485] Trial 4 finished with value: 1.9087425470352173 and parameters: {'gradient_clip_val': 0.6863932724509695, 'hidden_size': 33, 'dropout': 0.20628613535239682, 'hidden_continuous_size': 13, 'attention_head_size': 3, 'learning_rate': 0.0011617019532700204}. Best is trial 2 with value: 0.13700173795223236.
LOCAL_RANK: 0 - CUDA_VISIBLE_DEVICES: [0]
[I 2023-11-30 09:34:57,444] Trial 5 finished with value: 0.13361869752407074 and parameters: {'gradient_clip_val': 0.1663384800676825, 'hidden_size': 47, 'dropout': 0.2783295450816006, 'hidden_continuous_size': 13, 'attention_head_size': 1, 'learning_rate': 0.022890098082580395}. Best is trial 5 with value: 0.13361869752407074.
LOCAL_RANK: 0 - CUDA_VISIBLE_DEVICES: [0]
[I 2023-11-30 09:35:07,897] Trial 6 finished with value: 0.19189967215061188 and parameters: {'gradient_clip_val': 0.21357378377025468, 'hidden_size': 14, 'dropout': 0.28503784068969695, 'hidden_continuous_size': 14, 'attention_head_size': 2, 'learning_rate': 0.06213477569831103}. Best is trial 5 with value: 0.13361869752407074.
LOCAL_RANK: 0 - CUDA_VISIBLE_DEVICES: [0]
[I 2023-11-30 09:35:21,282] Trial 7 finished with value: 0.11726533621549606 and parameters: {'gradient_clip_val': 0.1871579189328435, 'hidden_size': 49, 'dropout': 0.26027202826955764, 'hidden_continuous_size': 19, 'attention_head_size': 4, 'learning_rate': 0.06275325872627249}. Best is trial 7 with value: 0.11726533621549606.
LOCAL_RANK: 0 - CUDA_VISIBLE_DEVICES: [0]
[I 2023-11-30 09:35:33,883] Trial 8 finished with value: 0.6606568098068237 and parameters: {'gradient_clip_val': 0.13230523063805866, 'hidden_size': 14, 'dropout': 0.10479286382560807, 'hidden_continuous_size': 12, 'attention_head_size': 3, 'learning_rate': 0.022913012784565156}. Best is trial 7 with value: 0.11726533621549606.
LOCAL_RANK: 0 - CUDA_VISIBLE_DEVICES: [0]
[I 2023-11-30 09:35:46,258] Trial 9 finished with value: 0.8187806010246277 and parameters: {'gradient_clip_val': 0.26053591138630716, 'hidden_size': 18, 'dropout': 0.24982450746405557, 'hidden_continuous_size': 13, 'attention_head_size': 2, 'learning_rate': 0.006021369344319785}. Best is trial 7 with value: 0.11726533621549606.
LOCAL_RANK: 0 - CUDA_VISIBLE_DEVICES: [0]
[I 2023-11-30 09:36:00,354] Trial 10 finished with value: 0.12124905735254288 and parameters: {'gradient_clip_val': 0.10807737310374707, 'hidden_size': 98, 'dropout': 0.3777135047100516, 'hidden_continuous_size': 29, 'attention_head_size': 4, 'learning_rate': 0.0811882230761158}. Best is trial 7 with value: 0.11726533621549606.
LOCAL_RANK: 0 - CUDA_VISIBLE_DEVICES: [0]
[I 2023-11-30 09:36:14,460] Trial 11 finished with value: 0.12710422277450562 and parameters: {'gradient_clip_val': 0.10429726355361063, 'hidden_size': 108, 'dropout': 0.37673851695067023, 'hidden_continuous_size': 29, 'attention_head_size': 4, 'learning_rate': 0.08644264369131954}. Best is trial 7 with value: 0.11726533621549606.
LOCAL_RANK: 0 - CUDA_VISIBLE_DEVICES: [0]
[I 2023-11-30 09:36:28,635] Trial 12 finished with value: 0.124786876142025 and parameters: {'gradient_clip_val': 0.10279211018600783, 'hidden_size': 117, 'dropout': 0.38732679333310216, 'hidden_continuous_size': 29, 'attention_head_size': 3, 'learning_rate': 0.0924922371580046}. Best is trial 7 with value: 0.11726533621549606.
LOCAL_RANK: 0 - CUDA_VISIBLE_DEVICES: [0]
[I 2023-11-30 09:36:43,175] Trial 13 finished with value: 0.11667843908071518 and parameters: {'gradient_clip_val': 0.2563161035778674, 'hidden_size': 102, 'dropout': 0.3542795154631052, 'hidden_continuous_size': 47, 'attention_head_size': 4, 'learning_rate': 0.04446139805951882}. Best is trial 13 with value: 0.11667843908071518.
LOCAL_RANK: 0 - CUDA_VISIBLE_DEVICES: [0]
[I 2023-11-30 09:36:57,117] Trial 14 finished with value: 0.13998158276081085 and parameters: {'gradient_clip_val': 0.2604948733228536, 'hidden_size': 72, 'dropout': 0.3304893284784384, 'hidden_continuous_size': 47, 'attention_head_size': 3, 'learning_rate': 0.03892861478209643}. Best is trial 13 with value: 0.11667843908071518.
LOCAL_RANK: 0 - CUDA_VISIBLE_DEVICES: [0]
[I 2023-11-30 09:37:12,113] Trial 15 finished with value: 0.11635973304510117 and parameters: {'gradient_clip_val': 0.2150626837294768, 'hidden_size': 146, 'dropout': 0.3361207200073565, 'hidden_continuous_size': 85, 'attention_head_size': 4, 'learning_rate': 0.040028936411452526}. Best is trial 15 with value: 0.11635973304510117.
LOCAL_RANK: 0 - CUDA_VISIBLE_DEVICES: [0]
[I 2023-11-30 09:37:27,002] Trial 16 finished with value: 0.19303643703460693 and parameters: {'gradient_clip_val': 0.3124163475564699, 'hidden_size': 134, 'dropout': 0.3372512258671423, 'hidden_continuous_size': 92, 'attention_head_size': 4, 'learning_rate': 0.031292567119374885}. Best is trial 15 with value: 0.11635973304510117.
LOCAL_RANK: 0 - CUDA_VISIBLE_DEVICES: [0]
[I 2023-11-30 09:37:41,715] Trial 17 finished with value: 0.1026369109749794 and parameters: {'gradient_clip_val': 0.4677580962327835, 'hidden_size': 136, 'dropout': 0.34594726255879626, 'hidden_continuous_size': 126, 'attention_head_size': 2, 'learning_rate': 0.01492879956147831}. Best is trial 17 with value: 0.1026369109749794.
LOCAL_RANK: 0 - CUDA_VISIBLE_DEVICES: [0]
[I 2023-11-30 09:37:56,552] Trial 18 finished with value: 0.14642179012298584 and parameters: {'gradient_clip_val': 0.5328087238116289, 'hidden_size': 136, 'dropout': 0.31427258926249, 'hidden_continuous_size': 132, 'attention_head_size': 2, 'learning_rate': 0.014493474425006548}. Best is trial 17 with value: 0.1026369109749794.
LOCAL_RANK: 0 - CUDA_VISIBLE_DEVICES: [0]
[I 2023-11-30 09:38:11,681] Trial 19 finished with value: 0.1516677588224411 and parameters: {'gradient_clip_val': 0.9333021208945368, 'hidden_size': 149, 'dropout': 0.39811731704381614, 'hidden_continuous_size': 138, 'attention_head_size': 2, 'learning_rate': 0.017340942480866206}. Best is trial 17 with value: 0.1026369109749794.
LOCAL_RANK: 0 - CUDA_VISIBLE_DEVICES: [0]
[I 2023-11-30 09:38:25,818] Trial 20 finished with value: 0.17088693380355835 and parameters: {'gradient_clip_val': 0.5221251156150589, 'hidden_size': 75, 'dropout': 0.34468988331477296, 'hidden_continuous_size': 62, 'attention_head_size': 3, 'learning_rate': 0.01029787845679814}. Best is trial 17 with value: 0.1026369109749794.
LOCAL_RANK: 0 - CUDA_VISIBLE_DEVICES: [0]
[I 2023-11-30 09:38:40,176] Trial 21 finished with value: 0.11078954488039017 and parameters: {'gradient_clip_val': 0.23690525020769307, 'hidden_size': 89, 'dropout': 0.35854052835797995, 'hidden_continuous_size': 76, 'attention_head_size': 2, 'learning_rate': 0.047575479927458544}. Best is trial 17 with value: 0.1026369109749794.
LOCAL_RANK: 0 - CUDA_VISIBLE_DEVICES: [0]
[I 2023-11-30 09:38:55,008] Trial 22 finished with value: 0.1126951053738594 and parameters: {'gradient_clip_val': 0.21823673449316608, 'hidden_size': 147, 'dropout': 0.3595571667975612, 'hidden_continuous_size': 87, 'attention_head_size': 2, 'learning_rate': 0.026675765810991587}. Best is trial 17 with value: 0.1026369109749794.
LOCAL_RANK: 0 - CUDA_VISIBLE_DEVICES: [0]
[I 2023-11-30 09:39:09,697] Trial 23 finished with value: 0.10796841233968735 and parameters: {'gradient_clip_val': 0.33243095020206714, 'hidden_size': 108, 'dropout': 0.3682653770702247, 'hidden_continuous_size': 87, 'attention_head_size': 2, 'learning_rate': 0.022343209900919037}. Best is trial 17 with value: 0.1026369109749794.
LOCAL_RANK: 0 - CUDA_VISIBLE_DEVICES: [0]
[I 2023-11-30 09:39:23,591] Trial 24 finished with value: 0.10052964836359024 and parameters: {'gradient_clip_val': 0.32033263913340165, 'hidden_size': 81, 'dropout': 0.3937958509279594, 'hidden_continuous_size': 37, 'attention_head_size': 2, 'learning_rate': 0.020279302415321897}. Best is trial 24 with value: 0.10052964836359024.
LOCAL_RANK: 0 - CUDA_VISIBLE_DEVICES: [0]
[I 2023-11-30 09:39:37,240] Trial 25 finished with value: 0.13638922572135925 and parameters: {'gradient_clip_val': 0.3421475350054353, 'hidden_size': 81, 'dropout': 0.3776918801384867, 'hidden_continuous_size': 37, 'attention_head_size': 1, 'learning_rate': 0.014431892944422348}. Best is trial 24 with value: 0.10052964836359024.
LOCAL_RANK: 0 - CUDA_VISIBLE_DEVICES: [0]
[I 2023-11-30 09:39:51,916] Trial 26 finished with value: 0.11181090027093887 and parameters: {'gradient_clip_val': 0.30515180207006504, 'hidden_size': 114, 'dropout': 0.39918709363235666, 'hidden_continuous_size': 101, 'attention_head_size': 2, 'learning_rate': 0.019516508560198022}. Best is trial 24 with value: 0.10052964836359024.
LOCAL_RANK: 0 - CUDA_VISIBLE_DEVICES: [0]
[I 2023-11-30 09:40:05,708] Trial 27 finished with value: 0.20313744246959686 and parameters: {'gradient_clip_val': 0.44396896111007944, 'hidden_size': 67, 'dropout': 0.3665100891422811, 'hidden_continuous_size': 38, 'attention_head_size': 2, 'learning_rate': 0.025785676838063643}. Best is trial 24 with value: 0.10052964836359024.
LOCAL_RANK: 0 - CUDA_VISIBLE_DEVICES: [0]
[I 2023-11-30 09:40:19,832] Trial 28 finished with value: 0.08111274987459183 and parameters: {'gradient_clip_val': 0.31579573335738126, 'hidden_size': 88, 'dropout': 0.39949386287533983, 'hidden_continuous_size': 66, 'attention_head_size': 1, 'learning_rate': 0.016820806843082837}. Best is trial 28 with value: 0.08111274987459183.
LOCAL_RANK: 0 - CUDA_VISIBLE_DEVICES: [0]
[I 2023-11-30 09:40:34,032] Trial 29 finished with value: 0.11352258175611496 and parameters: {'gradient_clip_val': 0.4046145764164252, 'hidden_size': 89, 'dropout': 0.39985456311513334, 'hidden_continuous_size': 64, 'attention_head_size': 1, 'learning_rate': 0.011449389890111773}. Best is trial 28 with value: 0.08111274987459183.
LOCAL_RANK: 0 - CUDA_VISIBLE_DEVICES: [0]
[I 2023-11-30 09:40:47,620] Trial 30 finished with value: 0.14994005858898163 and parameters: {'gradient_clip_val': 0.43995853766440135, 'hidden_size': 59, 'dropout': 0.31993251816259977, 'hidden_continuous_size': 40, 'attention_head_size': 1, 'learning_rate': 0.014082825826663575}. Best is trial 28 with value: 0.08111274987459183.
LOCAL_RANK: 0 - CUDA_VISIBLE_DEVICES: [0]
[I 2023-11-30 09:41:01,930] Trial 31 finished with value: 0.10376664251089096 and parameters: {'gradient_clip_val': 0.30874009478353975, 'hidden_size': 90, 'dropout': 0.3674248098553722, 'hidden_continuous_size': 70, 'attention_head_size': 1, 'learning_rate': 0.01905124157099886}. Best is trial 28 with value: 0.08111274987459183.
LOCAL_RANK: 0 - CUDA_VISIBLE_DEVICES: [0]
[I 2023-11-30 09:41:15,984] Trial 32 finished with value: 0.1501133292913437 and parameters: {'gradient_clip_val': 0.30884243018402724, 'hidden_size': 85, 'dropout': 0.35035082110908755, 'hidden_continuous_size': 52, 'attention_head_size': 1, 'learning_rate': 0.016927552077446235}. Best is trial 28 with value: 0.08111274987459183.
LOCAL_RANK: 0 - CUDA_VISIBLE_DEVICES: [0]
