[I 2023-11-30 12:47:04,647] Trial 91 finished with value: 78.08724212646484 and parameters: {'gradient_clip_val': 0.1646989669795491, 'hidden_size': 89, 'dropout': 0.2588446832102278, 'hidden_continuous_size': 27, 'attention_head_size': 2, 'learning_rate': 0.02883089668975692}. Best is trial 49 with value: 50.9202880859375.
LOCAL_RANK: 0 - CUDA_VISIBLE_DEVICES: [0]
[I 2023-11-30 12:47:18,540] Trial 92 finished with value: 85.83211517333984 and parameters: {'gradient_clip_val': 0.15185922754965783, 'hidden_size': 70, 'dropout': 0.1950231859904075, 'hidden_continuous_size': 25, 'attention_head_size': 2, 'learning_rate': 0.03619144280604588}. Best is trial 49 with value: 50.9202880859375.
LOCAL_RANK: 0 - CUDA_VISIBLE_DEVICES: [0]
[I 2023-11-30 12:47:32,230] Trial 93 finished with value: 64.0928726196289 and parameters: {'gradient_clip_val': 0.20177242196376932, 'hidden_size': 76, 'dropout': 0.15403673860644806, 'hidden_continuous_size': 24, 'attention_head_size': 2, 'learning_rate': 0.024567577987717408}. Best is trial 49 with value: 50.9202880859375.
LOCAL_RANK: 0 - CUDA_VISIBLE_DEVICES: [0]
[I 2023-11-30 12:47:46,288] Trial 94 finished with value: 95.39078521728516 and parameters: {'gradient_clip_val': 0.17328823862112863, 'hidden_size': 82, 'dropout': 0.24243937155378556, 'hidden_continuous_size': 26, 'attention_head_size': 2, 'learning_rate': 0.03377069700453368}. Best is trial 49 with value: 50.9202880859375.
LOCAL_RANK: 0 - CUDA_VISIBLE_DEVICES: [0]
[I 2023-11-30 12:48:00,045] Trial 95 finished with value: 87.79454803466797 and parameters: {'gradient_clip_val': 0.19038521339670078, 'hidden_size': 73, 'dropout': 0.2329132473155698, 'hidden_continuous_size': 28, 'attention_head_size': 2, 'learning_rate': 0.027791797113908348}. Best is trial 49 with value: 50.9202880859375.
LOCAL_RANK: 0 - CUDA_VISIBLE_DEVICES: [0]
[I 2023-11-30 12:48:13,486] Trial 96 finished with value: 71.35201263427734 and parameters: {'gradient_clip_val': 0.23292112925972933, 'hidden_size': 59, 'dropout': 0.2679120265795664, 'hidden_continuous_size': 23, 'attention_head_size': 2, 'learning_rate': 0.041715802842004254}. Best is trial 49 with value: 50.9202880859375.
LOCAL_RANK: 0 - CUDA_VISIBLE_DEVICES: [0]
[I 2023-11-30 12:48:27,875] Trial 97 finished with value: 86.64642333984375 and parameters: {'gradient_clip_val': 0.1817362777390194, 'hidden_size': 118, 'dropout': 0.25319211932932156, 'hidden_continuous_size': 17, 'attention_head_size': 4, 'learning_rate': 0.04932786407559552}. Best is trial 49 with value: 50.9202880859375.
LOCAL_RANK: 0 - CUDA_VISIBLE_DEVICES: [0]
[I 2023-11-30 12:48:41,597] Trial 98 finished with value: 84.68824005126953 and parameters: {'gradient_clip_val': 0.26637987820746795, 'hidden_size': 68, 'dropout': 0.19070865933404896, 'hidden_continuous_size': 25, 'attention_head_size': 2, 'learning_rate': 0.02018506547258534}. Best is trial 49 with value: 50.9202880859375.
LOCAL_RANK: 0 - CUDA_VISIBLE_DEVICES: [0]
[I 2023-11-30 12:48:55,536] Trial 99 finished with value: 136.8988037109375 and parameters: {'gradient_clip_val': 0.16408717354983088, 'hidden_size': 99, 'dropout': 0.20826141315503321, 'hidden_continuous_size': 21, 'attention_head_size': 3, 'learning_rate': 0.04394660287829199}. Best is trial 49 with value: 50.9202880859375.
LOCAL_RANK: 0 - CUDA_VISIBLE_DEVICES: [0]
[I 2023-11-30 12:49:09,126] Trial 100 finished with value: 63.62192916870117 and parameters: {'gradient_clip_val': 0.2074514286079595, 'hidden_size': 80, 'dropout': 0.16329431267355984, 'hidden_continuous_size': 27, 'attention_head_size': 2, 'learning_rate': 0.021540255661399436}. Best is trial 49 with value: 50.9202880859375.
LOCAL_RANK: 0 - CUDA_VISIBLE_DEVICES: [0]
[I 2023-11-30 12:49:22,816] Trial 101 finished with value: 69.20796203613281 and parameters: {'gradient_clip_val': 0.18562939983785295, 'hidden_size': 75, 'dropout': 0.1980790678555191, 'hidden_continuous_size': 24, 'attention_head_size': 2, 'learning_rate': 0.08224821294367446}. Best is trial 49 with value: 50.9202880859375.
LOCAL_RANK: 0 - CUDA_VISIBLE_DEVICES: [0]
[I 2023-11-30 12:49:36,632] Trial 102 finished with value: 62.60905456542969 and parameters: {'gradient_clip_val': 0.17495659492411963, 'hidden_size': 88, 'dropout': 0.21916972495048972, 'hidden_continuous_size': 20, 'attention_head_size': 2, 'learning_rate': 0.07116251394919605}. Best is trial 49 with value: 50.9202880859375.
LOCAL_RANK: 0 - CUDA_VISIBLE_DEVICES: [0]
[I 2023-11-30 12:49:50,167] Trial 103 finished with value: 61.44059371948242 and parameters: {'gradient_clip_val': 0.19698921498168476, 'hidden_size': 62, 'dropout': 0.18300233436168079, 'hidden_continuous_size': 22, 'attention_head_size': 2, 'learning_rate': 0.03864405658514769}. Best is trial 49 with value: 50.9202880859375.
LOCAL_RANK: 0 - CUDA_VISIBLE_DEVICES: [0]
[I 2023-11-30 12:50:03,828] Trial 104 finished with value: 96.09344482421875 and parameters: {'gradient_clip_val': 0.21807488931366822, 'hidden_size': 72, 'dropout': 0.1708777740632812, 'hidden_continuous_size': 23, 'attention_head_size': 2, 'learning_rate': 0.054145952523239976}. Best is trial 49 with value: 50.9202880859375.
LOCAL_RANK: 0 - CUDA_VISIBLE_DEVICES: [0]
[I 2023-11-30 12:50:17,692] Trial 105 finished with value: 85.31331634521484 and parameters: {'gradient_clip_val': 0.15170547679583068, 'hidden_size': 79, 'dropout': 0.20825625900813677, 'hidden_continuous_size': 26, 'attention_head_size': 2, 'learning_rate': 0.032134277938116365}. Best is trial 49 with value: 50.9202880859375.
LOCAL_RANK: 0 - CUDA_VISIBLE_DEVICES: [0]
[I 2023-11-30 12:50:31,335] Trial 106 finished with value: 76.13851165771484 and parameters: {'gradient_clip_val': 0.2397430470527972, 'hidden_size': 65, 'dropout': 0.1925283459556367, 'hidden_continuous_size': 24, 'attention_head_size': 2, 'learning_rate': 0.05894494195238513}. Best is trial 49 with value: 50.9202880859375.
LOCAL_RANK: 0 - CUDA_VISIBLE_DEVICES: [0]
[I 2023-11-30 12:50:46,029] Trial 107 finished with value: 71.8273696899414 and parameters: {'gradient_clip_val': 0.1850009469312611, 'hidden_size': 149, 'dropout': 0.17490017214129167, 'hidden_continuous_size': 30, 'attention_head_size': 2, 'learning_rate': 0.049016716779149164}. Best is trial 49 with value: 50.9202880859375.
LOCAL_RANK: 0 - CUDA_VISIBLE_DEVICES: [0]
[I 2023-11-30 12:50:59,918] Trial 108 finished with value: 72.8768539428711 and parameters: {'gradient_clip_val': 0.20715588068048987, 'hidden_size': 92, 'dropout': 0.21310881067295287, 'hidden_continuous_size': 22, 'attention_head_size': 4, 'learning_rate': 0.025133560780732107}. Best is trial 49 with value: 50.9202880859375.
LOCAL_RANK: 0 - CUDA_VISIBLE_DEVICES: [0]
[I 2023-11-30 12:51:13,694] Trial 109 finished with value: 65.49261474609375 and parameters: {'gradient_clip_val': 0.161872317525749, 'hidden_size': 86, 'dropout': 0.24545687657107707, 'hidden_continuous_size': 20, 'attention_head_size': 2, 'learning_rate': 0.028172866610867844}. Best is trial 49 with value: 50.9202880859375.
LOCAL_RANK: 0 - CUDA_VISIBLE_DEVICES: [0]
[I 2023-11-30 12:51:27,100] Trial 110 finished with value: 84.55610656738281 and parameters: {'gradient_clip_val': 0.19373823775213805, 'hidden_size': 60, 'dropout': 0.23668787107331554, 'hidden_continuous_size': 23, 'attention_head_size': 1, 'learning_rate': 0.044884134129100764}. Best is trial 49 with value: 50.9202880859375.
LOCAL_RANK: 0 - CUDA_VISIBLE_DEVICES: [0]
[I 2023-11-30 12:51:40,788] Trial 111 finished with value: 75.73452758789062 and parameters: {'gradient_clip_val': 0.16999071042392838, 'hidden_size': 70, 'dropout': 0.25485973830640846, 'hidden_continuous_size': 28, 'attention_head_size': 2, 'learning_rate': 0.03662852254916184}. Best is trial 49 with value: 50.9202880859375.
LOCAL_RANK: 0 - CUDA_VISIBLE_DEVICES: [0]
[I 2023-11-30 12:51:54,497] Trial 112 finished with value: 79.10921478271484 and parameters: {'gradient_clip_val': 0.17465136547903506, 'hidden_size': 76, 'dropout': 0.26019894440632646, 'hidden_continuous_size': 25, 'attention_head_size': 2, 'learning_rate': 0.033246036179863804}. Best is trial 49 with value: 50.9202880859375.
LOCAL_RANK: 0 - CUDA_VISIBLE_DEVICES: [0]
[I 2023-11-30 12:52:08,041] Trial 113 finished with value: 66.9254379272461 and parameters: {'gradient_clip_val': 0.1400409749765232, 'hidden_size': 57, 'dropout': 0.2711885066694121, 'hidden_continuous_size': 24, 'attention_head_size': 2, 'learning_rate': 0.038924743274577144}. Best is trial 49 with value: 50.9202880859375.
LOCAL_RANK: 0 - CUDA_VISIBLE_DEVICES: [0]
[I 2023-11-30 12:52:21,301] Trial 114 finished with value: 73.92892456054688 and parameters: {'gradient_clip_val': 0.15748726250417922, 'hidden_size': 51, 'dropout': 0.18168812755055203, 'hidden_continuous_size': 26, 'attention_head_size': 2, 'learning_rate': 0.08556620572020003}. Best is trial 49 with value: 50.9202880859375.
LOCAL_RANK: 0 - CUDA_VISIBLE_DEVICES: [0]
[I 2023-11-30 12:52:34,404] Trial 115 finished with value: 59.87565994262695 and parameters: {'gradient_clip_val': 0.1664977871900157, 'hidden_size': 41, 'dropout': 0.2645988140241385, 'hidden_continuous_size': 21, 'attention_head_size': 2, 'learning_rate': 0.07333163729938273}. Best is trial 49 with value: 50.9202880859375.
LOCAL_RANK: 0 - CUDA_VISIBLE_DEVICES: [0]
[I 2023-11-30 12:52:47,491] Trial 116 finished with value: 56.18218994140625 and parameters: {'gradient_clip_val': 0.22657003914965457, 'hidden_size': 42, 'dropout': 0.2633523531818385, 'hidden_continuous_size': 21, 'attention_head_size': 2, 'learning_rate': 0.09200987515258198}. Best is trial 49 with value: 50.9202880859375.
LOCAL_RANK: 0 - CUDA_VISIBLE_DEVICES: [0]
[I 2023-11-30 12:53:00,619] Trial 117 finished with value: 72.34764862060547 and parameters: {'gradient_clip_val': 0.22741665033822525, 'hidden_size': 42, 'dropout': 0.28006367985820896, 'hidden_continuous_size': 21, 'attention_head_size': 2, 'learning_rate': 0.06806271410448626}. Best is trial 49 with value: 50.9202880859375.
LOCAL_RANK: 0 - CUDA_VISIBLE_DEVICES: [0]
[I 2023-11-30 12:53:13,590] Trial 118 finished with value: 76.64954376220703 and parameters: {'gradient_clip_val': 0.2521340092829808, 'hidden_size': 37, 'dropout': 0.26271062680793456, 'hidden_continuous_size': 21, 'attention_head_size': 2, 'learning_rate': 0.09111711174175996}. Best is trial 49 with value: 50.9202880859375.
LOCAL_RANK: 0 - CUDA_VISIBLE_DEVICES: [0]
[I 2023-11-30 12:53:26,495] Trial 119 finished with value: 82.53611755371094 and parameters: {'gradient_clip_val': 0.21599468265899494, 'hidden_size': 41, 'dropout': 0.28623488314444384, 'hidden_continuous_size': 22, 'attention_head_size': 2, 'learning_rate': 0.06312178357439391}. Best is trial 49 with value: 50.9202880859375.
LOCAL_RANK: 0 - CUDA_VISIBLE_DEVICES: [0]
[I 2023-11-30 12:53:39,742] Trial 120 finished with value: 80.42625427246094 and parameters: {'gradient_clip_val': 0.2423059809075244, 'hidden_size': 46, 'dropout': 0.2639303495348399, 'hidden_continuous_size': 22, 'attention_head_size': 3, 'learning_rate': 0.07630707044717114}. Best is trial 49 with value: 50.9202880859375.
LOCAL_RANK: 0 - CUDA_VISIBLE_DEVICES: [0]
[I 2023-11-30 12:53:52,498] Trial 121 finished with value: 61.972198486328125 and parameters: {'gradient_clip_val': 0.19850301306327395, 'hidden_size': 36, 'dropout': 0.25930310266682055, 'hidden_continuous_size': 23, 'attention_head_size': 2, 'learning_rate': 0.08732753723746824}. Best is trial 49 with value: 50.9202880859375.
LOCAL_RANK: 0 - CUDA_VISIBLE_DEVICES: [0]
[I 2023-11-30 12:54:05,671] Trial 122 finished with value: 104.578369140625 and parameters: {'gradient_clip_val': 0.20874525911870861, 'hidden_size': 39, 'dropout': 0.24852424094938896, 'hidden_continuous_size': 24, 'attention_head_size': 2, 'learning_rate': 0.07232274012848854}. Best is trial 49 with value: 50.9202880859375.
LOCAL_RANK: 0 - CUDA_VISIBLE_DEVICES: [0]
[I 2023-11-30 12:54:18,672] Trial 123 finished with value: 68.40128326416016 and parameters: {'gradient_clip_val': 0.2197723576790464, 'hidden_size': 34, 'dropout': 0.2723649852422009, 'hidden_continuous_size': 25, 'attention_head_size': 2, 'learning_rate': 0.09933612474443468}. Best is trial 49 with value: 50.9202880859375.
LOCAL_RANK: 0 - CUDA_VISIBLE_DEVICES: [0]
[I 2023-11-30 12:54:31,579] Trial 124 finished with value: 74.09380340576172 and parameters: {'gradient_clip_val': 0.23044961323887267, 'hidden_size': 44, 'dropout': 0.24135770640124823, 'hidden_continuous_size': 19, 'attention_head_size': 2, 'learning_rate': 0.06686473166662267}. Best is trial 49 with value: 50.9202880859375.
LOCAL_RANK: 0 - CUDA_VISIBLE_DEVICES: [0]
[I 2023-11-30 12:54:44,681] Trial 125 finished with value: 88.84342193603516 and parameters: {'gradient_clip_val': 0.1844460241703092, 'hidden_size': 39, 'dropout': 0.1884829790279258, 'hidden_continuous_size': 22, 'attention_head_size': 4, 'learning_rate': 0.0574428370941419}. Best is trial 49 with value: 50.9202880859375.
LOCAL_RANK: 0 - CUDA_VISIBLE_DEVICES: [0]
[I 2023-11-30 12:54:57,835] Trial 126 finished with value: 77.7582778930664 and parameters: {'gradient_clip_val': 0.19462289725783252, 'hidden_size': 47, 'dropout': 0.165782325950044, 'hidden_continuous_size': 20, 'attention_head_size': 2, 'learning_rate': 0.07426727631079344}. Best is trial 49 with value: 50.9202880859375.
LOCAL_RANK: 0 - CUDA_VISIBLE_DEVICES: [0]
[I 2023-11-30 12:55:11,324] Trial 127 finished with value: 90.17678833007812 and parameters: {'gradient_clip_val': 0.15132556990088403, 'hidden_size': 53, 'dropout': 0.2518318199290014, 'hidden_continuous_size': 23, 'attention_head_size': 2, 'learning_rate': 0.09128697204764745}. Best is trial 49 with value: 50.9202880859375.
LOCAL_RANK: 0 - CUDA_VISIBLE_DEVICES: [0]
[I 2023-11-30 12:55:24,461] Trial 128 finished with value: 67.26824188232422 and parameters: {'gradient_clip_val': 0.17716038858555955, 'hidden_size': 49, 'dropout': 0.20112578987646035, 'hidden_continuous_size': 21, 'attention_head_size': 2, 'learning_rate': 0.08052802842225214}. Best is trial 49 with value: 50.9202880859375.
LOCAL_RANK: 0 - CUDA_VISIBLE_DEVICES: [0]
[I 2023-11-30 12:55:38,029] Trial 129 finished with value: 83.41276550292969 and parameters: {'gradient_clip_val': 0.20397329709866474, 'hidden_size': 67, 'dropout': 0.2677440654261498, 'hidden_continuous_size': 18, 'attention_head_size': 2, 'learning_rate': 0.05087522498650652}. Best is trial 49 with value: 50.9202880859375.
LOCAL_RANK: 0 - CUDA_VISIBLE_DEVICES: [0]
[I 2023-11-30 12:55:51,985] Trial 130 finished with value: 65.7706069946289 and parameters: {'gradient_clip_val': 0.2301461020326941, 'hidden_size': 81, 'dropout': 0.1572181737328263, 'hidden_continuous_size': 27, 'attention_head_size': 4, 'learning_rate': 0.029654526421425062}. Best is trial 49 with value: 50.9202880859375.
LOCAL_RANK: 0 - CUDA_VISIBLE_DEVICES: [0]
[I 2023-11-30 12:56:05,463] Trial 131 finished with value: 61.071903228759766 and parameters: {'gradient_clip_val': 0.16497602390638588, 'hidden_size': 61, 'dropout': 0.27525483328957373, 'hidden_continuous_size': 25, 'attention_head_size': 2, 'learning_rate': 0.03523357540768087}. Best is trial 49 with value: 50.9202880859375.
LOCAL_RANK: 0 - CUDA_VISIBLE_DEVICES: [0]
[I 2023-11-30 12:56:19,305] Trial 132 finished with value: 76.42352294921875 and parameters: {'gradient_clip_val': 0.18525053702127467, 'hidden_size': 74, 'dropout': 0.2661409716077801, 'hidden_continuous_size': 29, 'attention_head_size': 2, 'learning_rate': 0.04169190553951589}. Best is trial 49 with value: 50.9202880859375.
LOCAL_RANK: 0 - CUDA_VISIBLE_DEVICES: [0]
[I 2023-11-30 12:56:32,898] Trial 133 finished with value: 85.7952880859375 and parameters: {'gradient_clip_val': 0.16866826258389156, 'hidden_size': 64, 'dropout': 0.2569164710078519, 'hidden_continuous_size': 24, 'attention_head_size': 2, 'learning_rate': 0.04500538121109592}. Best is trial 49 with value: 50.9202880859375.
LOCAL_RANK: 0 - CUDA_VISIBLE_DEVICES: [0]
[I 2023-11-30 12:56:46,063] Trial 134 finished with value: 61.56742858886719 and parameters: {'gradient_clip_val': 0.22052379308478698, 'hidden_size': 56, 'dropout': 0.22358960975974243, 'hidden_continuous_size': 23, 'attention_head_size': 2, 'learning_rate': 0.026133261270628035}. Best is trial 49 with value: 50.9202880859375.
LOCAL_RANK: 0 - CUDA_VISIBLE_DEVICES: [0]
[I 2023-11-30 12:56:59,624] Trial 135 finished with value: 72.2633285522461 and parameters: {'gradient_clip_val': 0.25933337108348486, 'hidden_size': 96, 'dropout': 0.2814880330609345, 'hidden_continuous_size': 19, 'attention_head_size': 2, 'learning_rate': 0.055081152473631136}. Best is trial 49 with value: 50.9202880859375.
LOCAL_RANK: 0 - CUDA_VISIBLE_DEVICES: [0]
[I 2023-11-30 12:57:13,404] Trial 136 finished with value: 116.93926239013672 and parameters: {'gradient_clip_val': 0.14672829973159374, 'hidden_size': 71, 'dropout': 0.2487041622307452, 'hidden_continuous_size': 26, 'attention_head_size': 2, 'learning_rate': 0.02250023394536149}. Best is trial 49 with value: 50.9202880859375.
LOCAL_RANK: 0 - CUDA_VISIBLE_DEVICES: [0]
[I 2023-11-30 12:57:27,766] Trial 137 finished with value: 62.1617546081543 and parameters: {'gradient_clip_val': 0.15978881876365278, 'hidden_size': 134, 'dropout': 0.23685762271615157, 'hidden_continuous_size': 32, 'attention_head_size': 2, 'learning_rate': 0.033013629644940805}. Best is trial 49 with value: 50.9202880859375.
LOCAL_RANK: 0 - CUDA_VISIBLE_DEVICES: [0]
[I 2023-11-30 12:57:41,856] Trial 138 finished with value: 63.97291946411133 and parameters: {'gradient_clip_val': 0.2744160885801773, 'hidden_size': 105, 'dropout': 0.179084187516718, 'hidden_continuous_size': 18, 'attention_head_size': 1, 'learning_rate': 0.06086975599632814}. Best is trial 49 with value: 50.9202880859375.
LOCAL_RANK: 0 - CUDA_VISIBLE_DEVICES: [0]
[I 2023-11-30 12:57:55,728] Trial 139 finished with value: 74.9471435546875 and parameters: {'gradient_clip_val': 0.23820504388994546, 'hidden_size': 83, 'dropout': 0.2271801019447411, 'hidden_continuous_size': 20, 'attention_head_size': 2, 'learning_rate': 0.030683127809886985}. Best is trial 49 with value: 50.9202880859375.
LOCAL_RANK: 0 - CUDA_VISIBLE_DEVICES: [0]
[I 2023-11-30 12:58:08,824] Trial 140 finished with value: 92.0659408569336 and parameters: {'gradient_clip_val': 0.21209923954534038, 'hidden_size': 42, 'dropout': 0.1966214929534984, 'hidden_continuous_size': 21, 'attention_head_size': 2, 'learning_rate': 0.038727423514819226}. Best is trial 49 with value: 50.9202880859375.
LOCAL_RANK: 0 - CUDA_VISIBLE_DEVICES: [0]
[I 2023-11-30 12:58:22,365] Trial 141 finished with value: 61.403839111328125 and parameters: {'gradient_clip_val': 0.16587247310499922, 'hidden_size': 60, 'dropout': 0.27500818627846096, 'hidden_continuous_size': 25, 'attention_head_size': 2, 'learning_rate': 0.04171323407387346}. Best is trial 49 with value: 50.9202880859375.
LOCAL_RANK: 0 - CUDA_VISIBLE_DEVICES: [0]
[I 2023-11-30 12:58:35,920] Trial 142 finished with value: 61.19314193725586 and parameters: {'gradient_clip_val': 0.19142936782032713, 'hidden_size': 62, 'dropout': 0.27421103510226147, 'hidden_continuous_size': 22, 'attention_head_size': 2, 'learning_rate': 0.03424830728523393}. Best is trial 49 with value: 50.9202880859375.
LOCAL_RANK: 0 - CUDA_VISIBLE_DEVICES: [0]
[I 2023-11-30 12:58:49,495] Trial 143 finished with value: 67.43021392822266 and parameters: {'gradient_clip_val': 0.17617975735006128, 'hidden_size': 54, 'dropout': 0.2883973930424655, 'hidden_continuous_size': 24, 'attention_head_size': 2, 'learning_rate': 0.03568169896930657}. Best is trial 49 with value: 50.9202880859375.
LOCAL_RANK: 0 - CUDA_VISIBLE_DEVICES: [0]
[I 2023-11-30 12:59:03,218] Trial 144 finished with value: 117.4192123413086 and parameters: {'gradient_clip_val': 0.16619956352219653, 'hidden_size': 69, 'dropout': 0.2583192086615619, 'hidden_continuous_size': 27, 'attention_head_size': 2, 'learning_rate': 0.04676449591742089}. Best is trial 49 with value: 50.9202880859375.
LOCAL_RANK: 0 - CUDA_VISIBLE_DEVICES: [0]
[I 2023-11-30 12:59:17,014] Trial 145 finished with value: 64.88605499267578 and parameters: {'gradient_clip_val': 0.13427230926366351, 'hidden_size': 78, 'dropout': 0.2948561758239404, 'hidden_continuous_size': 28, 'attention_head_size': 2, 'learning_rate': 0.02681593692885774}. Best is trial 49 with value: 50.9202880859375.
LOCAL_RANK: 0 - CUDA_VISIBLE_DEVICES: [0]
[I 2023-11-30 12:59:30,620] Trial 146 finished with value: 67.93415832519531 and parameters: {'gradient_clip_val': 0.20074907261946368, 'hidden_size': 66, 'dropout': 0.14284777289623926, 'hidden_continuous_size': 25, 'attention_head_size': 2, 'learning_rate': 0.018794723987463492}. Best is trial 49 with value: 50.9202880859375.
LOCAL_RANK: 0 - CUDA_VISIBLE_DEVICES: [0]
[I 2023-11-30 12:59:44,020] Trial 147 finished with value: 82.98534393310547 and parameters: {'gradient_clip_val': 0.15534037636599657, 'hidden_size': 59, 'dropout': 0.2668922966105973, 'hidden_continuous_size': 23, 'attention_head_size': 2, 'learning_rate': 0.03573134495703768}. Best is trial 49 with value: 50.9202880859375.
LOCAL_RANK: 0 - CUDA_VISIBLE_DEVICES: [0]
[I 2023-11-30 12:59:58,011] Trial 148 finished with value: 72.91191864013672 and parameters: {'gradient_clip_val': 0.17950259139784921, 'hidden_size': 89, 'dropout': 0.2805281265296481, 'hidden_continuous_size': 26, 'attention_head_size': 2, 'learning_rate': 0.024365153593123984}. Best is trial 49 with value: 50.9202880859375.
LOCAL_RANK: 0 - CUDA_VISIBLE_DEVICES: [0]
