[I 2023-11-30 00:40:33,896] Trial 10 finished with value: 0.09074428677558899 and parameters: {'gradient_clip_val': 0.9757004525514462, 'hidden_size': 47, 'dropout': 0.1282445755056623, 'hidden_continuous_size': 27, 'attention_head_size': 3, 'learning_rate': 0.07570863782682283}. Best is trial 10 with value: 0.09074428677558899.
LOCAL_RANK: 0 - CUDA_VISIBLE_DEVICES: [0]
[I 2023-11-30 00:40:47,203] Trial 11 finished with value: 0.10859405249357224 and parameters: {'gradient_clip_val': 0.8601257534749104, 'hidden_size': 49, 'dropout': 0.1326963955319048, 'hidden_continuous_size': 27, 'attention_head_size': 3, 'learning_rate': 0.09212817165390548}. Best is trial 10 with value: 0.09074428677558899.
LOCAL_RANK: 0 - CUDA_VISIBLE_DEVICES: [0]
[I 2023-11-30 00:41:00,297] Trial 12 finished with value: 0.07939743250608444 and parameters: {'gradient_clip_val': 0.9921181763330494, 'hidden_size': 38, 'dropout': 0.12129945660256691, 'hidden_continuous_size': 25, 'attention_head_size': 3, 'learning_rate': 0.07946122121448719}. Best is trial 12 with value: 0.07939743250608444.
LOCAL_RANK: 0 - CUDA_VISIBLE_DEVICES: [0]
[I 2023-11-30 00:41:13,349] Trial 13 finished with value: 0.13297991454601288 and parameters: {'gradient_clip_val': 0.9188262239156383, 'hidden_size': 31, 'dropout': 0.10385779578342443, 'hidden_continuous_size': 23, 'attention_head_size': 3, 'learning_rate': 0.09014347054963723}. Best is trial 12 with value: 0.07939743250608444.
LOCAL_RANK: 0 - CUDA_VISIBLE_DEVICES: [0]
[I 2023-11-30 00:41:26,499] Trial 14 finished with value: 0.16803772747516632 and parameters: {'gradient_clip_val': 0.880311883688888, 'hidden_size': 33, 'dropout': 0.15991050964523032, 'hidden_continuous_size': 21, 'attention_head_size': 3, 'learning_rate': 0.056396327780214715}. Best is trial 12 with value: 0.07939743250608444.
LOCAL_RANK: 0 - CUDA_VISIBLE_DEVICES: [0]
[I 2023-11-30 00:41:39,662] Trial 15 finished with value: 0.15790195763111115 and parameters: {'gradient_clip_val': 0.559340749313109, 'hidden_size': 44, 'dropout': 0.10005547793831432, 'hidden_continuous_size': 32, 'attention_head_size': 3, 'learning_rate': 0.06083560786479051}. Best is trial 12 with value: 0.07939743250608444.
LOCAL_RANK: 0 - CUDA_VISIBLE_DEVICES: [0]
[I 2023-11-30 00:41:52,346] Trial 16 finished with value: 0.13435082137584686 and parameters: {'gradient_clip_val': 0.988984816491668, 'hidden_size': 25, 'dropout': 0.15973374354144954, 'hidden_continuous_size': 16, 'attention_head_size': 3, 'learning_rate': 0.09976612282631402}. Best is trial 12 with value: 0.07939743250608444.
LOCAL_RANK: 0 - CUDA_VISIBLE_DEVICES: [0]
[I 2023-11-30 00:42:06,160] Trial 17 finished with value: 0.1191316470503807 and parameters: {'gradient_clip_val': 0.7203852073208232, 'hidden_size': 58, 'dropout': 0.14859522990676677, 'hidden_continuous_size': 37, 'attention_head_size': 4, 'learning_rate': 0.04671148548718449}. Best is trial 12 with value: 0.07939743250608444.
LOCAL_RANK: 0 - CUDA_VISIBLE_DEVICES: [0]
[I 2023-11-30 00:42:19,256] Trial 18 finished with value: 0.13732284307479858 and parameters: {'gradient_clip_val': 0.472410532980426, 'hidden_size': 37, 'dropout': 0.18654023846639292, 'hidden_continuous_size': 19, 'attention_head_size': 3, 'learning_rate': 0.037131623995866725}. Best is trial 12 with value: 0.07939743250608444.
LOCAL_RANK: 0 - CUDA_VISIBLE_DEVICES: [0]
[I 2023-11-30 00:42:31,925] Trial 19 finished with value: 0.12700863182544708 and parameters: {'gradient_clip_val': 0.34512179018865236, 'hidden_size': 22, 'dropout': 0.11925353991899455, 'hidden_continuous_size': 15, 'attention_head_size': 2, 'learning_rate': 0.05919993785622628}. Best is trial 12 with value: 0.07939743250608444.
LOCAL_RANK: 0 - CUDA_VISIBLE_DEVICES: [0]
[I 2023-11-30 00:42:46,640] Trial 20 finished with value: 0.09266213327646255 and parameters: {'gradient_clip_val': 0.7073978758372313, 'hidden_size': 147, 'dropout': 0.1422081011578254, 'hidden_continuous_size': 49, 'attention_head_size': 4, 'learning_rate': 0.030289284995415656}. Best is trial 12 with value: 0.07939743250608444.
LOCAL_RANK: 0 - CUDA_VISIBLE_DEVICES: [0]
[I 2023-11-30 00:43:01,666] Trial 21 finished with value: 0.24033981561660767 and parameters: {'gradient_clip_val': 0.7292547895266379, 'hidden_size': 138, 'dropout': 0.15141722251994683, 'hidden_continuous_size': 107, 'attention_head_size': 4, 'learning_rate': 0.06867345196138001}. Best is trial 12 with value: 0.07939743250608444.
LOCAL_RANK: 0 - CUDA_VISIBLE_DEVICES: [0]
[I 2023-11-30 00:43:15,046] Trial 22 finished with value: 0.08557230234146118 and parameters: {'gradient_clip_val': 0.9992362401543321, 'hidden_size': 58, 'dropout': 0.1295942556655511, 'hidden_continuous_size': 19, 'attention_head_size': 4, 'learning_rate': 0.03579218710015525}. Best is trial 12 with value: 0.07939743250608444.
LOCAL_RANK: 0 - CUDA_VISIBLE_DEVICES: [0]
[I 2023-11-30 00:43:28,110] Trial 23 finished with value: 0.16642116010189056 and parameters: {'gradient_clip_val': 0.9485444261460028, 'hidden_size': 40, 'dropout': 0.12921059939243526, 'hidden_continuous_size': 19, 'attention_head_size': 3, 'learning_rate': 0.04795392898862395}. Best is trial 12 with value: 0.07939743250608444.
LOCAL_RANK: 0 - CUDA_VISIBLE_DEVICES: [0]
[I 2023-11-30 00:43:41,453] Trial 24 finished with value: 0.11434119939804077 and parameters: {'gradient_clip_val': 0.9900168852448635, 'hidden_size': 54, 'dropout': 0.17986893585501584, 'hidden_continuous_size': 25, 'attention_head_size': 3, 'learning_rate': 0.07475614082408676}. Best is trial 12 with value: 0.07939743250608444.
LOCAL_RANK: 0 - CUDA_VISIBLE_DEVICES: [0]
[I 2023-11-30 00:43:54,360] Trial 25 finished with value: 0.16339097917079926 and parameters: {'gradient_clip_val': 0.7874820144814978, 'hidden_size': 29, 'dropout': 0.11895581318712373, 'hidden_continuous_size': 19, 'attention_head_size': 4, 'learning_rate': 0.0417585559565517}. Best is trial 12 with value: 0.07939743250608444.
LOCAL_RANK: 0 - CUDA_VISIBLE_DEVICES: [0]
[I 2023-11-30 00:44:07,420] Trial 26 finished with value: 0.10396448522806168 and parameters: {'gradient_clip_val': 0.6165484511084082, 'hidden_size': 39, 'dropout': 0.10084079907144307, 'hidden_continuous_size': 21, 'attention_head_size': 3, 'learning_rate': 0.09671952105653378}. Best is trial 12 with value: 0.07939743250608444.
LOCAL_RANK: 0 - CUDA_VISIBLE_DEVICES: [0]
[I 2023-11-30 00:44:21,142] Trial 27 finished with value: 0.13393466174602509 and parameters: {'gradient_clip_val': 0.7829799525826289, 'hidden_size': 66, 'dropout': 0.16775160339142936, 'hidden_continuous_size': 23, 'attention_head_size': 4, 'learning_rate': 0.06262479685781033}. Best is trial 12 with value: 0.07939743250608444.
LOCAL_RANK: 0 - CUDA_VISIBLE_DEVICES: [0]
[I 2023-11-30 00:44:34,465] Trial 28 finished with value: 0.08966217190027237 and parameters: {'gradient_clip_val': 0.509419786014621, 'hidden_size': 45, 'dropout': 0.13319423864306718, 'hidden_continuous_size': 17, 'attention_head_size': 3, 'learning_rate': 0.03162761474632147}. Best is trial 12 with value: 0.07939743250608444.
LOCAL_RANK: 0 - CUDA_VISIBLE_DEVICES: [0]
[I 2023-11-30 00:44:47,601] Trial 29 finished with value: 0.15209896862506866 and parameters: {'gradient_clip_val': 0.48051375607526314, 'hidden_size': 58, 'dropout': 0.2120050210044231, 'hidden_continuous_size': 15, 'attention_head_size': 2, 'learning_rate': 0.016925332100475175}. Best is trial 12 with value: 0.07939743250608444.
LOCAL_RANK: 0 - CUDA_VISIBLE_DEVICES: [0]
[I 2023-11-30 00:44:59,975] Trial 30 finished with value: 0.21684139966964722 and parameters: {'gradient_clip_val': 0.6091073490358665, 'hidden_size': 16, 'dropout': 0.18123323507199626, 'hidden_continuous_size': 12, 'attention_head_size': 4, 'learning_rate': 0.03285144127561032}. Best is trial 12 with value: 0.07939743250608444.
LOCAL_RANK: 0 - CUDA_VISIBLE_DEVICES: [0]
[I 2023-11-30 00:45:13,051] Trial 31 finished with value: 0.1858123540878296 and parameters: {'gradient_clip_val': 0.8203373820515322, 'hidden_size': 45, 'dropout': 0.1300594060461875, 'hidden_continuous_size': 18, 'attention_head_size': 3, 'learning_rate': 0.048418731319901306}. Best is trial 12 with value: 0.07939743250608444.
LOCAL_RANK: 0 - CUDA_VISIBLE_DEVICES: [0]
[I 2023-11-30 00:45:26,290] Trial 32 finished with value: 0.11328142881393433 and parameters: {'gradient_clip_val': 0.9933395522597992, 'hidden_size': 49, 'dropout': 0.14088514283019468, 'hidden_continuous_size': 17, 'attention_head_size': 3, 'learning_rate': 0.0725261633174555}. Best is trial 12 with value: 0.07939743250608444.
LOCAL_RANK: 0 - CUDA_VISIBLE_DEVICES: [0]
[I 2023-11-30 00:45:39,379] Trial 33 finished with value: 0.14946915209293365 and parameters: {'gradient_clip_val': 0.7934416242836188, 'hidden_size': 35, 'dropout': 0.11729425591446647, 'hidden_continuous_size': 16, 'attention_head_size': 2, 'learning_rate': 0.027999842937166456}. Best is trial 12 with value: 0.07939743250608444.
LOCAL_RANK: 0 - CUDA_VISIBLE_DEVICES: [0]
[I 2023-11-30 00:45:51,878] Trial 34 finished with value: 0.1504436880350113 and parameters: {'gradient_clip_val': 0.6676165806416127, 'hidden_size': 28, 'dropout': 0.14582561655228365, 'hidden_continuous_size': 15, 'attention_head_size': 3, 'learning_rate': 0.04515407941828809}. Best is trial 12 with value: 0.07939743250608444.
LOCAL_RANK: 0 - CUDA_VISIBLE_DEVICES: [0]
[I 2023-11-30 00:46:04,987] Trial 35 finished with value: 0.2260589748620987 and parameters: {'gradient_clip_val': 0.8372377779482644, 'hidden_size': 42, 'dropout': 0.16881574857729423, 'hidden_continuous_size': 21, 'attention_head_size': 2, 'learning_rate': 0.018126315556126694}. Best is trial 12 with value: 0.07939743250608444.
LOCAL_RANK: 0 - CUDA_VISIBLE_DEVICES: [0]
[I 2023-11-30 00:46:18,665] Trial 36 finished with value: 0.07462670654058456 and parameters: {'gradient_clip_val': 0.40765538329948703, 'hidden_size': 62, 'dropout': 0.1178631991626367, 'hidden_continuous_size': 25, 'attention_head_size': 3, 'learning_rate': 0.025271637481185955}. Best is trial 36 with value: 0.07462670654058456.
LOCAL_RANK: 0 - CUDA_VISIBLE_DEVICES: [0]
[I 2023-11-30 00:46:32,690] Trial 37 finished with value: 0.15613852441310883 and parameters: {'gradient_clip_val': 0.39274092236663055, 'hidden_size': 87, 'dropout': 0.1137372995865557, 'hidden_continuous_size': 24, 'attention_head_size': 4, 'learning_rate': 0.02163565280366375}. Best is trial 36 with value: 0.07462670654058456.
LOCAL_RANK: 0 - CUDA_VISIBLE_DEVICES: [0]
[I 2023-11-30 00:46:46,512] Trial 38 finished with value: 0.10170770436525345 and parameters: {'gradient_clip_val': 0.3248018785648692, 'hidden_size': 66, 'dropout': 0.1961611705718725, 'hidden_continuous_size': 21, 'attention_head_size': 2, 'learning_rate': 0.02404008396261483}. Best is trial 36 with value: 0.07462670654058456.
LOCAL_RANK: 0 - CUDA_VISIBLE_DEVICES: [0]
[I 2023-11-30 00:47:00,153] Trial 39 finished with value: 0.1839236468076706 and parameters: {'gradient_clip_val': 0.4017001774585243, 'hidden_size': 78, 'dropout': 0.22634518739553017, 'hidden_continuous_size': 30, 'attention_head_size': 1, 'learning_rate': 0.032506425883149136}. Best is trial 36 with value: 0.07462670654058456.
LOCAL_RANK: 0 - CUDA_VISIBLE_DEVICES: [0]
[I 2023-11-30 00:47:13,042] Trial 40 finished with value: 0.11924493312835693 and parameters: {'gradient_clip_val': 0.5308651666400664, 'hidden_size': 35, 'dropout': 0.1704306924251089, 'hidden_continuous_size': 18, 'attention_head_size': 3, 'learning_rate': 0.01706765979290191}. Best is trial 36 with value: 0.07462670654058456.
LOCAL_RANK: 0 - CUDA_VISIBLE_DEVICES: [0]
[I 2023-11-30 00:47:26,382] Trial 41 finished with value: 0.11108044534921646 and parameters: {'gradient_clip_val': 0.5160967903660013, 'hidden_size': 50, 'dropout': 0.13418760840884558, 'hidden_continuous_size': 26, 'attention_head_size': 3, 'learning_rate': 0.037503100976059064}. Best is trial 36 with value: 0.07462670654058456.
LOCAL_RANK: 0 - CUDA_VISIBLE_DEVICES: [0]
[I 2023-11-30 00:47:40,075] Trial 42 finished with value: 0.1304776817560196 and parameters: {'gradient_clip_val': 0.41835112629813614, 'hidden_size': 59, 'dropout': 0.12300049529050089, 'hidden_continuous_size': 28, 'attention_head_size': 3, 'learning_rate': 0.07859266761386054}. Best is trial 36 with value: 0.07462670654058456.
LOCAL_RANK: 0 - CUDA_VISIBLE_DEVICES: [0]
[I 2023-11-30 00:47:53,436] Trial 43 finished with value: 0.19962067902088165 and parameters: {'gradient_clip_val': 0.64463789454706, 'hidden_size': 43, 'dropout': 0.11054584336028755, 'hidden_continuous_size': 23, 'attention_head_size': 3, 'learning_rate': 0.05277752060478164}. Best is trial 36 with value: 0.07462670654058456.
LOCAL_RANK: 0 - CUDA_VISIBLE_DEVICES: [0]
[I 2023-11-30 00:48:06,599] Trial 44 finished with value: 0.39012110233306885 and parameters: {'gradient_clip_val': 0.8761099741803703, 'hidden_size': 45, 'dropout': 0.13390396571955573, 'hidden_continuous_size': 22, 'attention_head_size': 3, 'learning_rate': 0.01301436254124448}. Best is trial 36 with value: 0.07462670654058456.
LOCAL_RANK: 0 - CUDA_VISIBLE_DEVICES: [0]
[I 2023-11-30 00:48:20,047] Trial 45 finished with value: 0.13138265907764435 and parameters: {'gradient_clip_val': 0.5860358775928166, 'hidden_size': 49, 'dropout': 0.15012667319276854, 'hidden_continuous_size': 25, 'attention_head_size': 4, 'learning_rate': 0.026920130656362725}. Best is trial 36 with value: 0.07462670654058456.
LOCAL_RANK: 0 - CUDA_VISIBLE_DEVICES: [0]
[I 2023-11-30 00:48:33,289] Trial 46 finished with value: 0.08458783477544785 and parameters: {'gradient_clip_val': 0.359051853910416, 'hidden_size': 55, 'dropout': 0.11069356500982128, 'hidden_continuous_size': 20, 'attention_head_size': 2, 'learning_rate': 0.03777430179934697}. Best is trial 36 with value: 0.07462670654058456.
LOCAL_RANK: 0 - CUDA_VISIBLE_DEVICES: [0]
[I 2023-11-30 00:48:46,585] Trial 47 finished with value: 0.14680257439613342 and parameters: {'gradient_clip_val': 0.277950613223973, 'hidden_size': 54, 'dropout': 0.10097204039846139, 'hidden_continuous_size': 19, 'attention_head_size': 2, 'learning_rate': 0.023614585812438645}. Best is trial 36 with value: 0.07462670654058456.
LOCAL_RANK: 0 - CUDA_VISIBLE_DEVICES: [0]
[I 2023-11-30 00:49:00,242] Trial 48 finished with value: 0.22518372535705566 and parameters: {'gradient_clip_val': 0.3530277683324427, 'hidden_size': 83, 'dropout': 0.11327203772538896, 'hidden_continuous_size': 14, 'attention_head_size': 1, 'learning_rate': 0.03788012695375795}. Best is trial 36 with value: 0.07462670654058456.
LOCAL_RANK: 0 - CUDA_VISIBLE_DEVICES: [0]
[I 2023-11-30 00:49:13,507] Trial 49 finished with value: 0.11591903120279312 and parameters: {'gradient_clip_val': 0.43117294960490493, 'hidden_size': 64, 'dropout': 0.15970638305871027, 'hidden_continuous_size': 17, 'attention_head_size': 2, 'learning_rate': 0.03214680561262117}. Best is trial 36 with value: 0.07462670654058456.
LOCAL_RANK: 0 - CUDA_VISIBLE_DEVICES: [0]
[I 2023-11-30 00:49:27,220] Trial 50 finished with value: 0.13464726507663727 and parameters: {'gradient_clip_val': 0.37381030236718377, 'hidden_size': 71, 'dropout': 0.12504521182353567, 'hidden_continuous_size': 20, 'attention_head_size': 2, 'learning_rate': 0.05295902219337361}. Best is trial 36 with value: 0.07462670654058456.
LOCAL_RANK: 0 - CUDA_VISIBLE_DEVICES: [0]
[I 2023-11-30 00:49:40,292] Trial 51 finished with value: 0.12466048449277878 and parameters: {'gradient_clip_val': 0.9158595736129603, 'hidden_size': 39, 'dropout': 0.14026172932159126, 'hidden_continuous_size': 22, 'attention_head_size': 3, 'learning_rate': 0.08045210826374302}. Best is trial 36 with value: 0.07462670654058456.
LOCAL_RANK: 0 - CUDA_VISIBLE_DEVICES: [0]
[I 2023-11-30 00:49:53,533] Trial 52 finished with value: 0.1489458531141281 and parameters: {'gradient_clip_val': 0.2962310720234135, 'hidden_size': 54, 'dropout': 0.11334685772288983, 'hidden_continuous_size': 24, 'attention_head_size': 3, 'learning_rate': 0.05571894801923422}. Best is trial 36 with value: 0.07462670654058456.
LOCAL_RANK: 0 - CUDA_VISIBLE_DEVICES: [0]
[I 2023-11-30 00:50:06,774] Trial 53 finished with value: 0.1422913819551468 and parameters: {'gradient_clip_val': 0.8989898105553626, 'hidden_size': 34, 'dropout': 0.13471213179882952, 'hidden_continuous_size': 20, 'attention_head_size': 3, 'learning_rate': 0.041034635289161965}. Best is trial 36 with value: 0.07462670654058456.
LOCAL_RANK: 0 - CUDA_VISIBLE_DEVICES: [0]
[I 2023-11-30 00:50:19,870] Trial 54 finished with value: 0.07208665460348129 and parameters: {'gradient_clip_val': 0.6999111095888275, 'hidden_size': 49, 'dropout': 0.12479136357819429, 'hidden_continuous_size': 25, 'attention_head_size': 2, 'learning_rate': 0.06755198029796651}. Best is trial 54 with value: 0.07208665460348129.
LOCAL_RANK: 0 - CUDA_VISIBLE_DEVICES: [0]
[I 2023-11-30 00:50:32,878] Trial 55 finished with value: 0.09569243341684341 and parameters: {'gradient_clip_val': 0.7071894538224875, 'hidden_size': 41, 'dropout': 0.10726949539031762, 'hidden_continuous_size': 22, 'attention_head_size': 2, 'learning_rate': 0.06070562511034237}. Best is trial 54 with value: 0.07208665460348129.
LOCAL_RANK: 0 - CUDA_VISIBLE_DEVICES: [0]
[I 2023-11-30 00:50:46,346] Trial 56 finished with value: 0.13612152636051178 and parameters: {'gradient_clip_val': 0.4463359539451589, 'hidden_size': 61, 'dropout': 0.12398130794109463, 'hidden_continuous_size': 27, 'attention_head_size': 1, 'learning_rate': 0.04377550922765715}. Best is trial 54 with value: 0.07208665460348129.
LOCAL_RANK: 0 - CUDA_VISIBLE_DEVICES: [0]
[I 2023-11-30 00:50:59,677] Trial 57 finished with value: 0.1358126401901245 and parameters: {'gradient_clip_val': 0.5791217882449182, 'hidden_size': 53, 'dropout': 0.15207069150410507, 'hidden_continuous_size': 24, 'attention_head_size': 2, 'learning_rate': 0.026653788370300836}. Best is trial 54 with value: 0.07208665460348129.
LOCAL_RANK: 0 - CUDA_VISIBLE_DEVICES: [0]
[I 2023-11-30 00:51:12,885] Trial 58 finished with value: 0.09397157281637192 and parameters: {'gradient_clip_val': 0.4974057245671165, 'hidden_size': 45, 'dropout': 0.10154603912219298, 'hidden_continuous_size': 20, 'attention_head_size': 2, 'learning_rate': 0.06380046341545201}. Best is trial 54 with value: 0.07208665460348129.
LOCAL_RANK: 0 - CUDA_VISIBLE_DEVICES: [0]
[I 2023-11-30 00:51:26,485] Trial 59 finished with value: 0.1652957797050476 and parameters: {'gradient_clip_val': 0.4678155713593782, 'hidden_size': 72, 'dropout': 0.1411734356766956, 'hidden_continuous_size': 30, 'attention_head_size': 2, 'learning_rate': 0.08451703492144319}. Best is trial 54 with value: 0.07208665460348129.
LOCAL_RANK: 0 - CUDA_VISIBLE_DEVICES: [0]
[I 2023-11-30 00:51:39,467] Trial 60 finished with value: 0.08478677272796631 and parameters: {'gradient_clip_val': 0.5576828999224586, 'hidden_size': 48, 'dropout': 0.12288473610466401, 'hidden_continuous_size': 18, 'attention_head_size': 2, 'learning_rate': 0.035172511515836564}. Best is trial 54 with value: 0.07208665460348129.
LOCAL_RANK: 0 - CUDA_VISIBLE_DEVICES: [0]
[I 2023-11-30 00:51:52,412] Trial 61 finished with value: 0.14567475020885468 and parameters: {'gradient_clip_val': 0.5363135982413566, 'hidden_size': 38, 'dropout': 0.12428301400704837, 'hidden_continuous_size': 17, 'attention_head_size': 2, 'learning_rate': 0.03650391287682579}. Best is trial 54 with value: 0.07208665460348129.
LOCAL_RANK: 0 - CUDA_VISIBLE_DEVICES: [0]
[I 2023-11-30 00:52:05,755] Trial 62 finished with value: 0.1077272891998291 and parameters: {'gradient_clip_val': 0.5508814297502076, 'hidden_size': 57, 'dropout': 0.11240917085050448, 'hidden_continuous_size': 18, 'attention_head_size': 2, 'learning_rate': 0.047978206388492595}. Best is trial 54 with value: 0.07208665460348129.
LOCAL_RANK: 0 - CUDA_VISIBLE_DEVICES: [0]
[I 2023-11-30 00:52:18,867] Trial 63 finished with value: 0.1280854493379593 and parameters: {'gradient_clip_val': 0.7596867583115605, 'hidden_size': 48, 'dropout': 0.12927828002898023, 'hidden_continuous_size': 23, 'attention_head_size': 2, 'learning_rate': 0.030699204068351037}. Best is trial 54 with value: 0.07208665460348129.
LOCAL_RANK: 0 - CUDA_VISIBLE_DEVICES: [0]
[I 2023-11-30 00:52:32,006] Trial 64 finished with value: 0.07061037421226501 and parameters: {'gradient_clip_val': 0.6603862056518979, 'hidden_size': 52, 'dropout': 0.15287954027434408, 'hidden_continuous_size': 25, 'attention_head_size': 2, 'learning_rate': 0.06988961023909182}. Best is trial 64 with value: 0.07061037421226501.
LOCAL_RANK: 0 - CUDA_VISIBLE_DEVICES: [0]
[I 2023-11-30 00:52:45,611] Trial 65 finished with value: 0.11724650859832764 and parameters: {'gradient_clip_val': 0.6784495352454559, 'hidden_size': 63, 'dropout': 0.15541118000725612, 'hidden_continuous_size': 26, 'attention_head_size': 2, 'learning_rate': 0.06935958790873308}. Best is trial 64 with value: 0.07061037421226501.
LOCAL_RANK: 0 - CUDA_VISIBLE_DEVICES: [0]
[I 2023-11-30 00:52:58,766] Trial 66 finished with value: 0.13299088180065155 and parameters: {'gradient_clip_val': 0.6255961425088159, 'hidden_size': 53, 'dropout': 0.12004630358398999, 'hidden_continuous_size': 25, 'attention_head_size': 1, 'learning_rate': 0.09964835617353839}. Best is trial 64 with value: 0.07061037421226501.
LOCAL_RANK: 0 - CUDA_VISIBLE_DEVICES: [0]
[I 2023-11-30 00:53:11,487] Trial 67 finished with value: 0.1230500116944313 and parameters: {'gradient_clip_val': 0.7276003541747166, 'hidden_size': 32, 'dropout': 0.1479985116884738, 'hidden_continuous_size': 20, 'attention_head_size': 2, 'learning_rate': 0.06624863804755426}. Best is trial 64 with value: 0.07061037421226501.
LOCAL_RANK: 0 - CUDA_VISIBLE_DEVICES: [0]
