[I 2023-11-30 07:32:11,451] Trial 56 finished with value: 0.2191709280014038 and parameters: {'gradient_clip_val': 0.3643502730414049, 'hidden_size': 50, 'dropout': 0.22852188463751955, 'hidden_continuous_size': 42, 'attention_head_size': 2, 'learning_rate': 0.050537364143570865}. Best is trial 30 with value: 0.0874115452170372.
LOCAL_RANK: 0 - CUDA_VISIBLE_DEVICES: [0]
[I 2023-11-30 07:32:25,093] Trial 57 finished with value: 0.2145092487335205 and parameters: {'gradient_clip_val': 0.3940795272229679, 'hidden_size': 61, 'dropout': 0.2663207052813543, 'hidden_continuous_size': 47, 'attention_head_size': 1, 'learning_rate': 0.04247969015221206}. Best is trial 30 with value: 0.0874115452170372.
LOCAL_RANK: 0 - CUDA_VISIBLE_DEVICES: [0]
[I 2023-11-30 07:32:39,260] Trial 58 finished with value: 0.22763121128082275 and parameters: {'gradient_clip_val': 0.24789447747001533, 'hidden_size': 67, 'dropout': 0.28245296910336454, 'hidden_continuous_size': 54, 'attention_head_size': 2, 'learning_rate': 0.060221194126221164}. Best is trial 30 with value: 0.0874115452170372.
LOCAL_RANK: 0 - CUDA_VISIBLE_DEVICES: [0]
[I 2023-11-30 07:32:53,617] Trial 59 finished with value: 0.17808572947978973 and parameters: {'gradient_clip_val': 0.2750626929653328, 'hidden_size': 91, 'dropout': 0.24942654580348, 'hidden_continuous_size': 62, 'attention_head_size': 4, 'learning_rate': 0.026656091538705216}. Best is trial 30 with value: 0.0874115452170372.
LOCAL_RANK: 0 - CUDA_VISIBLE_DEVICES: [0]
[I 2023-11-30 07:33:06,823] Trial 60 finished with value: 0.14794354140758514 and parameters: {'gradient_clip_val': 0.31213273698888205, 'hidden_size': 43, 'dropout': 0.28871721980621556, 'hidden_continuous_size': 38, 'attention_head_size': 1, 'learning_rate': 0.020778793200508742}. Best is trial 30 with value: 0.0874115452170372.
LOCAL_RANK: 0 - CUDA_VISIBLE_DEVICES: [0]
[I 2023-11-30 07:33:20,660] Trial 61 finished with value: 0.15609531104564667 and parameters: {'gradient_clip_val': 0.3749148249788003, 'hidden_size': 73, 'dropout': 0.2605975198577778, 'hidden_continuous_size': 53, 'attention_head_size': 1, 'learning_rate': 0.058215822938845814}. Best is trial 30 with value: 0.0874115452170372.
LOCAL_RANK: 0 - CUDA_VISIBLE_DEVICES: [0]
[I 2023-11-30 07:33:34,483] Trial 62 finished with value: 0.11533937603235245 and parameters: {'gradient_clip_val': 0.3843544432498467, 'hidden_size': 73, 'dropout': 0.23553616984391096, 'hidden_continuous_size': 53, 'attention_head_size': 1, 'learning_rate': 0.04911335662848389}. Best is trial 30 with value: 0.0874115452170372.
LOCAL_RANK: 0 - CUDA_VISIBLE_DEVICES: [0]
[I 2023-11-30 07:33:48,187] Trial 63 finished with value: 0.2242732048034668 and parameters: {'gradient_clip_val': 0.3456957334877321, 'hidden_size': 55, 'dropout': 0.23536680061011706, 'hidden_continuous_size': 48, 'attention_head_size': 1, 'learning_rate': 0.03485664625362521}. Best is trial 30 with value: 0.0874115452170372.
LOCAL_RANK: 0 - CUDA_VISIBLE_DEVICES: [0]
[I 2023-11-30 07:34:02,226] Trial 64 finished with value: 0.1542634218931198 and parameters: {'gradient_clip_val': 0.41471044063805396, 'hidden_size': 63, 'dropout': 0.213885061889994, 'hidden_continuous_size': 54, 'attention_head_size': 3, 'learning_rate': 0.04759801721199332}. Best is trial 30 with value: 0.0874115452170372.
LOCAL_RANK: 0 - CUDA_VISIBLE_DEVICES: [0]
[I 2023-11-30 07:34:16,265] Trial 65 finished with value: 0.1534259170293808 and parameters: {'gradient_clip_val': 0.294221956197265, 'hidden_size': 81, 'dropout': 0.22240124210080342, 'hidden_continuous_size': 62, 'attention_head_size': 1, 'learning_rate': 0.03910610914074785}. Best is trial 30 with value: 0.0874115452170372.
LOCAL_RANK: 0 - CUDA_VISIBLE_DEVICES: [0]
[I 2023-11-30 07:34:29,738] Trial 66 finished with value: 0.1758076399564743 and parameters: {'gradient_clip_val': 0.4693703810721033, 'hidden_size': 46, 'dropout': 0.27352047529191215, 'hidden_continuous_size': 40, 'attention_head_size': 1, 'learning_rate': 0.08555739274509465}. Best is trial 30 with value: 0.0874115452170372.
LOCAL_RANK: 0 - CUDA_VISIBLE_DEVICES: [0]
[I 2023-11-30 07:34:43,498] Trial 67 finished with value: 0.1814897060394287 and parameters: {'gradient_clip_val': 0.33568006850816307, 'hidden_size': 57, 'dropout': 0.2545705957322034, 'hidden_continuous_size': 46, 'attention_head_size': 2, 'learning_rate': 0.030765166649978005}. Best is trial 30 with value: 0.0874115452170372.
LOCAL_RANK: 0 - CUDA_VISIBLE_DEVICES: [0]
[I 2023-11-30 07:34:57,303] Trial 68 finished with value: 0.3468354642391205 and parameters: {'gradient_clip_val': 0.49767715239000176, 'hidden_size': 77, 'dropout': 0.23771285056937538, 'hidden_continuous_size': 29, 'attention_head_size': 1, 'learning_rate': 0.050993137952209326}. Best is trial 30 with value: 0.0874115452170372.
LOCAL_RANK: 0 - CUDA_VISIBLE_DEVICES: [0]
[I 2023-11-30 07:35:10,778] Trial 69 finished with value: 0.14148448407649994 and parameters: {'gradient_clip_val': 0.23363725932211407, 'hidden_size': 51, 'dropout': 0.22664671893919486, 'hidden_continuous_size': 46, 'attention_head_size': 1, 'learning_rate': 0.06675586387655127}. Best is trial 30 with value: 0.0874115452170372.
LOCAL_RANK: 0 - CUDA_VISIBLE_DEVICES: [0]
[I 2023-11-30 07:35:24,355] Trial 70 finished with value: 0.19656924903392792 and parameters: {'gradient_clip_val': 0.43465367345887024, 'hidden_size': 60, 'dropout': 0.24457181745366124, 'hidden_continuous_size': 52, 'attention_head_size': 2, 'learning_rate': 0.026224148500435963}. Best is trial 30 with value: 0.0874115452170372.
LOCAL_RANK: 0 - CUDA_VISIBLE_DEVICES: [0]
[I 2023-11-30 07:35:38,208] Trial 71 finished with value: 0.09170355647802353 and parameters: {'gradient_clip_val': 0.3752111891255937, 'hidden_size': 70, 'dropout': 0.2648959838626891, 'hidden_continuous_size': 50, 'attention_head_size': 1, 'learning_rate': 0.05921847319957692}. Best is trial 30 with value: 0.0874115452170372.
LOCAL_RANK: 0 - CUDA_VISIBLE_DEVICES: [0]
[I 2023-11-30 07:35:52,046] Trial 72 finished with value: 0.23475392162799835 and parameters: {'gradient_clip_val': 0.374966869415605, 'hidden_size': 69, 'dropout': 0.25888753313052676, 'hidden_continuous_size': 50, 'attention_head_size': 1, 'learning_rate': 0.045027795328628085}. Best is trial 30 with value: 0.0874115452170372.
LOCAL_RANK: 0 - CUDA_VISIBLE_DEVICES: [0]
[I 2023-11-30 07:36:06,191] Trial 73 finished with value: 0.1679927110671997 and parameters: {'gradient_clip_val': 0.31276261151923895, 'hidden_size': 88, 'dropout': 0.27575523331980806, 'hidden_continuous_size': 63, 'attention_head_size': 1, 'learning_rate': 0.05483716658207157}. Best is trial 30 with value: 0.0874115452170372.
LOCAL_RANK: 0 - CUDA_VISIBLE_DEVICES: [0]
[I 2023-11-30 07:36:20,337] Trial 74 finished with value: 0.24370133876800537 and parameters: {'gradient_clip_val': 0.39060955711223166, 'hidden_size': 98, 'dropout': 0.20734761851996536, 'hidden_continuous_size': 58, 'attention_head_size': 1, 'learning_rate': 0.06493535672038085}. Best is trial 30 with value: 0.0874115452170372.
LOCAL_RANK: 0 - CUDA_VISIBLE_DEVICES: [0]
[I 2023-11-30 07:36:34,297] Trial 75 finished with value: 0.1680082529783249 and parameters: {'gradient_clip_val': 0.35979683261628426, 'hidden_size': 76, 'dropout': 0.24040617371106265, 'hidden_continuous_size': 56, 'attention_head_size': 1, 'learning_rate': 0.03858329802622721}. Best is trial 30 with value: 0.0874115452170372.
LOCAL_RANK: 0 - CUDA_VISIBLE_DEVICES: [0]
[I 2023-11-30 07:36:48,447] Trial 76 finished with value: 0.23272550106048584 and parameters: {'gradient_clip_val': 0.27435606515477634, 'hidden_size': 84, 'dropout': 0.2944448498642297, 'hidden_continuous_size': 65, 'attention_head_size': 1, 'learning_rate': 0.04910157540189948}. Best is trial 30 with value: 0.0874115452170372.
LOCAL_RANK: 0 - CUDA_VISIBLE_DEVICES: [0]
[I 2023-11-30 07:37:02,102] Trial 77 finished with value: 0.17173786461353302 and parameters: {'gradient_clip_val': 0.41687660648714364, 'hidden_size': 65, 'dropout': 0.21876719222995944, 'hidden_continuous_size': 43, 'attention_head_size': 1, 'learning_rate': 0.08455293863834754}. Best is trial 30 with value: 0.0874115452170372.
LOCAL_RANK: 0 - CUDA_VISIBLE_DEVICES: [0]
[I 2023-11-30 07:37:15,892] Trial 78 finished with value: 0.1855120062828064 and parameters: {'gradient_clip_val': 0.35026238361061185, 'hidden_size': 70, 'dropout': 0.22915365622369516, 'hidden_continuous_size': 47, 'attention_head_size': 1, 'learning_rate': 0.03211594406106316}. Best is trial 30 with value: 0.0874115452170372.
LOCAL_RANK: 0 - CUDA_VISIBLE_DEVICES: [0]
[I 2023-11-30 07:37:29,558] Trial 79 finished with value: 0.15128599107265472 and parameters: {'gradient_clip_val': 0.3259861684231022, 'hidden_size': 60, 'dropout': 0.25048269535972645, 'hidden_continuous_size': 50, 'attention_head_size': 3, 'learning_rate': 0.04295138014774821}. Best is trial 30 with value: 0.0874115452170372.
LOCAL_RANK: 0 - CUDA_VISIBLE_DEVICES: [0]
[I 2023-11-30 07:37:43,563] Trial 80 finished with value: 0.1581593155860901 and parameters: {'gradient_clip_val': 0.3038919538316638, 'hidden_size': 97, 'dropout': 0.20552753751047373, 'hidden_continuous_size': 35, 'attention_head_size': 1, 'learning_rate': 0.0618125946813191}. Best is trial 30 with value: 0.0874115452170372.
LOCAL_RANK: 0 - CUDA_VISIBLE_DEVICES: [0]
[I 2023-11-30 07:37:57,556] Trial 81 finished with value: 0.1127566322684288 and parameters: {'gradient_clip_val': 0.3706402339257043, 'hidden_size': 75, 'dropout': 0.2615646643903932, 'hidden_continuous_size': 54, 'attention_head_size': 1, 'learning_rate': 0.05647531502415736}. Best is trial 30 with value: 0.0874115452170372.
LOCAL_RANK: 0 - CUDA_VISIBLE_DEVICES: [0]
[I 2023-11-30 07:38:11,583] Trial 82 finished with value: 0.2587648332118988 and parameters: {'gradient_clip_val': 0.3457683274219456, 'hidden_size': 79, 'dropout': 0.2681666077673864, 'hidden_continuous_size': 58, 'attention_head_size': 1, 'learning_rate': 0.05374437364925186}. Best is trial 30 with value: 0.0874115452170372.
LOCAL_RANK: 0 - CUDA_VISIBLE_DEVICES: [0]
[I 2023-11-30 07:38:25,965] Trial 83 finished with value: 0.14276351034641266 and parameters: {'gradient_clip_val': 0.40485599631205865, 'hidden_size': 87, 'dropout': 0.24359933583092772, 'hidden_continuous_size': 72, 'attention_head_size': 1, 'learning_rate': 0.06812631196196371}. Best is trial 30 with value: 0.0874115452170372.
LOCAL_RANK: 0 - CUDA_VISIBLE_DEVICES: [0]
[I 2023-11-30 07:38:40,012] Trial 84 finished with value: 0.18884402513504028 and parameters: {'gradient_clip_val': 0.2909593993522032, 'hidden_size': 71, 'dropout': 0.25684453085910813, 'hidden_continuous_size': 60, 'attention_head_size': 1, 'learning_rate': 0.0377341871422322}. Best is trial 30 with value: 0.0874115452170372.
LOCAL_RANK: 0 - CUDA_VISIBLE_DEVICES: [0]
[I 2023-11-30 07:38:54,369] Trial 85 finished with value: 0.1459798663854599 and parameters: {'gradient_clip_val': 0.44731585048738126, 'hidden_size': 106, 'dropout': 0.21495814188039367, 'hidden_continuous_size': 76, 'attention_head_size': 1, 'learning_rate': 0.04688442119173361}. Best is trial 30 with value: 0.0874115452170372.
LOCAL_RANK: 0 - CUDA_VISIBLE_DEVICES: [0]
[I 2023-11-30 07:39:08,284] Trial 86 finished with value: 0.25436636805534363 and parameters: {'gradient_clip_val': 0.3836751840264941, 'hidden_size': 76, 'dropout': 0.2349922951586638, 'hidden_continuous_size': 54, 'attention_head_size': 1, 'learning_rate': 0.03287003414806573}. Best is trial 30 with value: 0.0874115452170372.
LOCAL_RANK: 0 - CUDA_VISIBLE_DEVICES: [0]
[I 2023-11-30 07:39:22,058] Trial 87 finished with value: 0.148448646068573 and parameters: {'gradient_clip_val': 0.3181687428684006, 'hidden_size': 66, 'dropout': 0.19534743443672617, 'hidden_continuous_size': 49, 'attention_head_size': 1, 'learning_rate': 0.07790443028142817}. Best is trial 30 with value: 0.0874115452170372.
LOCAL_RANK: 0 - CUDA_VISIBLE_DEVICES: [0]
[I 2023-11-30 07:39:35,746] Trial 88 finished with value: 0.1520613431930542 and parameters: {'gradient_clip_val': 0.3395001211215604, 'hidden_size': 53, 'dropout': 0.2664433348509946, 'hidden_continuous_size': 45, 'attention_head_size': 1, 'learning_rate': 0.05559198674979565}. Best is trial 30 with value: 0.0874115452170372.
LOCAL_RANK: 0 - CUDA_VISIBLE_DEVICES: [0]
[I 2023-11-30 07:39:49,399] Trial 89 finished with value: 0.1126682385802269 and parameters: {'gradient_clip_val': 0.26514470430413717, 'hidden_size': 57, 'dropout': 0.24886487082728057, 'hidden_continuous_size': 48, 'attention_head_size': 2, 'learning_rate': 0.09190338820370299}. Best is trial 30 with value: 0.0874115452170372.
LOCAL_RANK: 0 - CUDA_VISIBLE_DEVICES: [0]
[I 2023-11-30 07:40:03,401] Trial 90 finished with value: 0.18262700736522675 and parameters: {'gradient_clip_val': 0.25964979989294357, 'hidden_size': 82, 'dropout': 0.226955189980335, 'hidden_continuous_size': 43, 'attention_head_size': 2, 'learning_rate': 0.08442844011795825}. Best is trial 30 with value: 0.0874115452170372.
LOCAL_RANK: 0 - CUDA_VISIBLE_DEVICES: [0]
[I 2023-11-30 07:40:17,136] Trial 91 finished with value: 0.28065550327301025 and parameters: {'gradient_clip_val': 0.27827875456398876, 'hidden_size': 58, 'dropout': 0.25107525553367727, 'hidden_continuous_size': 48, 'attention_head_size': 2, 'learning_rate': 0.06875423205423181}. Best is trial 30 with value: 0.0874115452170372.
LOCAL_RANK: 0 - CUDA_VISIBLE_DEVICES: [0]
[I 2023-11-30 07:40:31,100] Trial 92 finished with value: 0.24347388744354248 and parameters: {'gradient_clip_val': 0.3009786243062423, 'hidden_size': 65, 'dropout': 0.24454388317383066, 'hidden_continuous_size': 54, 'attention_head_size': 2, 'learning_rate': 0.09576947255936823}. Best is trial 30 with value: 0.0874115452170372.
LOCAL_RANK: 0 - CUDA_VISIBLE_DEVICES: [0]
[I 2023-11-30 07:40:45,376] Trial 93 finished with value: 0.2070605754852295 and parameters: {'gradient_clip_val': 0.3625997418373277, 'hidden_size': 74, 'dropout': 0.26311247549217176, 'hidden_continuous_size': 51, 'attention_head_size': 3, 'learning_rate': 0.061632145567663575}. Best is trial 30 with value: 0.0874115452170372.
LOCAL_RANK: 0 - CUDA_VISIBLE_DEVICES: [0]
[I 2023-11-30 07:40:58,998] Trial 94 finished with value: 0.2220144271850586 and parameters: {'gradient_clip_val': 0.32077393977857366, 'hidden_size': 50, 'dropout': 0.23475703983732335, 'hidden_continuous_size': 47, 'attention_head_size': 1, 'learning_rate': 0.07882613160702902}. Best is trial 30 with value: 0.0874115452170372.
LOCAL_RANK: 0 - CUDA_VISIBLE_DEVICES: [0]
[I 2023-11-30 07:41:12,752] Trial 95 finished with value: 0.25890836119651794 and parameters: {'gradient_clip_val': 0.26733890167830443, 'hidden_size': 62, 'dropout': 0.27552779443744496, 'hidden_continuous_size': 56, 'attention_head_size': 1, 'learning_rate': 0.041569013600653563}. Best is trial 30 with value: 0.0874115452170372.
LOCAL_RANK: 0 - CUDA_VISIBLE_DEVICES: [0]
[I 2023-11-30 07:41:26,616] Trial 96 finished with value: 0.17303471267223358 and parameters: {'gradient_clip_val': 0.4000923616583064, 'hidden_size': 90, 'dropout': 0.2558055524663752, 'hidden_continuous_size': 27, 'attention_head_size': 2, 'learning_rate': 0.09279116445225757}. Best is trial 30 with value: 0.0874115452170372.
LOCAL_RANK: 0 - CUDA_VISIBLE_DEVICES: [0]
[I 2023-11-30 07:41:40,094] Trial 97 finished with value: 0.1134396567940712 and parameters: {'gradient_clip_val': 0.2880311719882833, 'hidden_size': 56, 'dropout': 0.24007701642633014, 'hidden_continuous_size': 49, 'attention_head_size': 1, 'learning_rate': 0.049597269547950566}. Best is trial 30 with value: 0.0874115452170372.
LOCAL_RANK: 0 - CUDA_VISIBLE_DEVICES: [0]
[I 2023-11-30 07:41:54,092] Trial 98 finished with value: 0.2126230001449585 and parameters: {'gradient_clip_val': 0.3015807132177126, 'hidden_size': 70, 'dropout': 0.21450260933304577, 'hidden_continuous_size': 42, 'attention_head_size': 1, 'learning_rate': 0.06982518298875655}. Best is trial 30 with value: 0.0874115452170372.
LOCAL_RANK: 0 - CUDA_VISIBLE_DEVICES: [0]
[I 2023-11-30 07:42:07,591] Trial 99 finished with value: 0.24515803158283234 and parameters: {'gradient_clip_val': 0.28723366786236615, 'hidden_size': 56, 'dropout': 0.22261419987907072, 'hidden_continuous_size': 52, 'attention_head_size': 1, 'learning_rate': 0.049254995326400944}. Best is trial 30 with value: 0.0874115452170372.
LOCAL_RANK: 0 - CUDA_VISIBLE_DEVICES: [0]
[I 2023-11-30 07:42:21,658] Trial 100 finished with value: 0.18755674362182617 and parameters: {'gradient_clip_val': 0.34266089901765323, 'hidden_size': 80, 'dropout': 0.24018025383580996, 'hidden_continuous_size': 60, 'attention_head_size': 1, 'learning_rate': 0.0572511383573405}. Best is trial 30 with value: 0.0874115452170372.
LOCAL_RANK: 0 - CUDA_VISIBLE_DEVICES: [0]
[I 2023-11-30 07:42:35,194] Trial 101 finished with value: 0.15277357399463654 and parameters: {'gradient_clip_val': 0.3235323593078985, 'hidden_size': 53, 'dropout': 0.23226904116340602, 'hidden_continuous_size': 48, 'attention_head_size': 1, 'learning_rate': 0.04397805185630965}. Best is trial 30 with value: 0.0874115452170372.
LOCAL_RANK: 0 - CUDA_VISIBLE_DEVICES: [0]
[I 2023-11-30 07:42:48,820] Trial 102 finished with value: 0.1434556543827057 and parameters: {'gradient_clip_val': 0.37201353225549044, 'hidden_size': 62, 'dropout': 0.24807900594006232, 'hidden_continuous_size': 50, 'attention_head_size': 1, 'learning_rate': 0.035105906151219855}. Best is trial 30 with value: 0.0874115452170372.
LOCAL_RANK: 0 - CUDA_VISIBLE_DEVICES: [0]
[I 2023-11-30 07:43:02,340] Trial 103 finished with value: 0.1909037083387375 and parameters: {'gradient_clip_val': 0.42769024403021816, 'hidden_size': 44, 'dropout': 0.2550911765046361, 'hidden_continuous_size': 41, 'attention_head_size': 1, 'learning_rate': 0.0546184786563543}. Best is trial 30 with value: 0.0874115452170372.
LOCAL_RANK: 0 - CUDA_VISIBLE_DEVICES: [0]
[I 2023-11-30 07:43:15,752] Trial 104 finished with value: 0.0893595740199089 and parameters: {'gradient_clip_val': 0.248845821621534, 'hidden_size': 48, 'dropout': 0.2227097511896536, 'hidden_continuous_size': 45, 'attention_head_size': 1, 'learning_rate': 0.06433314073166813}. Best is trial 30 with value: 0.0874115452170372.
LOCAL_RANK: 0 - CUDA_VISIBLE_DEVICES: [0]
[I 2023-11-30 07:43:28,751] Trial 105 finished with value: 0.11741786450147629 and parameters: {'gradient_clip_val': 0.26621686785819565, 'hidden_size': 40, 'dropout': 0.22189447927388747, 'hidden_continuous_size': 38, 'attention_head_size': 1, 'learning_rate': 0.06455640394699295}. Best is trial 30 with value: 0.0874115452170372.
LOCAL_RANK: 0 - CUDA_VISIBLE_DEVICES: [0]
[I 2023-11-30 07:43:41,973] Trial 106 finished with value: 0.18742823600769043 and parameters: {'gradient_clip_val': 0.2455759854352945, 'hidden_size': 41, 'dropout': 0.21936956417817519, 'hidden_continuous_size': 38, 'attention_head_size': 1, 'learning_rate': 0.06238720248383019}. Best is trial 30 with value: 0.0874115452170372.
LOCAL_RANK: 0 - CUDA_VISIBLE_DEVICES: [0]
[I 2023-11-30 07:43:55,487] Trial 107 finished with value: 0.14027036726474762 and parameters: {'gradient_clip_val': 0.2667668185462725, 'hidden_size': 47, 'dropout': 0.2054817350525162, 'hidden_continuous_size': 44, 'attention_head_size': 1, 'learning_rate': 0.07403463724583219}. Best is trial 30 with value: 0.0874115452170372.
LOCAL_RANK: 0 - CUDA_VISIBLE_DEVICES: [0]
[I 2023-11-30 07:44:08,741] Trial 108 finished with value: 0.12284015864133835 and parameters: {'gradient_clip_val': 0.22234983649691695, 'hidden_size': 37, 'dropout': 0.21152412904650172, 'hidden_continuous_size': 35, 'attention_head_size': 2, 'learning_rate': 0.06556634814380412}. Best is trial 30 with value: 0.0874115452170372.
LOCAL_RANK: 0 - CUDA_VISIBLE_DEVICES: [0]
[I 2023-11-30 07:44:21,573] Trial 109 finished with value: 0.09639591723680496 and parameters: {'gradient_clip_val': 0.25197533361530655, 'hidden_size': 40, 'dropout': 0.20038132459237074, 'hidden_continuous_size': 39, 'attention_head_size': 1, 'learning_rate': 0.0785845528486193}. Best is trial 30 with value: 0.0874115452170372.
LOCAL_RANK: 0 - CUDA_VISIBLE_DEVICES: [0]
[I 2023-11-30 07:44:34,514] Trial 110 finished with value: 0.20553509891033173 and parameters: {'gradient_clip_val': 0.2186836661825606, 'hidden_size': 35, 'dropout': 0.22709141992333623, 'hidden_continuous_size': 34, 'attention_head_size': 1, 'learning_rate': 0.07967997631169045}. Best is trial 30 with value: 0.0874115452170372.
LOCAL_RANK: 0 - CUDA_VISIBLE_DEVICES: [0]
[I 2023-11-30 07:44:47,964] Trial 111 finished with value: 0.18724407255649567 and parameters: {'gradient_clip_val': 0.23759201678537806, 'hidden_size': 43, 'dropout': 0.19243575870052723, 'hidden_continuous_size': 40, 'attention_head_size': 1, 'learning_rate': 0.08944781473045266}. Best is trial 30 with value: 0.0874115452170372.
LOCAL_RANK: 0 - CUDA_VISIBLE_DEVICES: [0]
[I 2023-11-30 07:45:01,084] Trial 112 finished with value: 0.20492345094680786 and parameters: {'gradient_clip_val': 0.25427081911299815, 'hidden_size': 39, 'dropout': 0.20124092369892096, 'hidden_continuous_size': 38, 'attention_head_size': 1, 'learning_rate': 0.06971946691866844}. Best is trial 30 with value: 0.0874115452170372.
LOCAL_RANK: 0 - CUDA_VISIBLE_DEVICES: [0]
[I 2023-11-30 07:45:14,328] Trial 113 finished with value: 0.2504918575286865 and parameters: {'gradient_clip_val': 0.24493595023742054, 'hidden_size': 41, 'dropout': 0.2224708641985876, 'hidden_continuous_size': 37, 'attention_head_size': 1, 'learning_rate': 0.06061673755037722}. Best is trial 30 with value: 0.0874115452170372.
LOCAL_RANK: 0 - CUDA_VISIBLE_DEVICES: [0]
