[I 2023-11-29 23:34:56,131] Trial 21 finished with value: 0.17747651040554047 and parameters: {'gradient_clip_val': 0.3047479971170502, 'hidden_size': 110, 'dropout': 0.12349012180166485, 'hidden_continuous_size': 103, 'attention_head_size': 1, 'learning_rate': 0.010937028281945685}. Best is trial 20 with value: 0.12315124273300171.
LOCAL_RANK: 0 - CUDA_VISIBLE_DEVICES: [0]
[I 2023-11-29 23:35:10,604] Trial 22 finished with value: 0.19187474250793457 and parameters: {'gradient_clip_val': 0.31370165719966886, 'hidden_size': 113, 'dropout': 0.13432727562967933, 'hidden_continuous_size': 108, 'attention_head_size': 1, 'learning_rate': 0.024480055867443274}. Best is trial 20 with value: 0.12315124273300171.
LOCAL_RANK: 0 - CUDA_VISIBLE_DEVICES: [0]
[I 2023-11-29 23:35:24,520] Trial 23 finished with value: 0.16220839321613312 and parameters: {'gradient_clip_val': 0.18597383583281346, 'hidden_size': 83, 'dropout': 0.10506292196015511, 'hidden_continuous_size': 37, 'attention_head_size': 2, 'learning_rate': 0.013232873511302912}. Best is trial 20 with value: 0.12315124273300171.
LOCAL_RANK: 0 - CUDA_VISIBLE_DEVICES: [0]
[I 2023-11-29 23:35:39,130] Trial 24 finished with value: 0.16406916081905365 and parameters: {'gradient_clip_val': 0.2876064247323656, 'hidden_size': 146, 'dropout': 0.20276835596702214, 'hidden_continuous_size': 60, 'attention_head_size': 1, 'learning_rate': 0.006963731277749008}. Best is trial 20 with value: 0.12315124273300171.
LOCAL_RANK: 0 - CUDA_VISIBLE_DEVICES: [0]
[I 2023-11-29 23:35:52,795] Trial 25 finished with value: 0.18108081817626953 and parameters: {'gradient_clip_val': 0.3800924769457618, 'hidden_size': 67, 'dropout': 0.14886868418074944, 'hidden_continuous_size': 28, 'attention_head_size': 2, 'learning_rate': 0.014952724525819867}. Best is trial 20 with value: 0.12315124273300171.
LOCAL_RANK: 0 - CUDA_VISIBLE_DEVICES: [0]
[I 2023-11-29 23:36:07,113] Trial 26 finished with value: 0.1835131198167801 and parameters: {'gradient_clip_val': 0.47523007412490087, 'hidden_size': 95, 'dropout': 0.17745966763849833, 'hidden_continuous_size': 42, 'attention_head_size': 1, 'learning_rate': 0.024893921437241586}. Best is trial 20 with value: 0.12315124273300171.
LOCAL_RANK: 0 - CUDA_VISIBLE_DEVICES: [0]
[I 2023-11-29 23:36:21,419] Trial 27 finished with value: 0.2474967986345291 and parameters: {'gradient_clip_val': 0.281048813614293, 'hidden_size': 118, 'dropout': 0.13409946268559314, 'hidden_continuous_size': 55, 'attention_head_size': 2, 'learning_rate': 0.008578590943360685}. Best is trial 20 with value: 0.12315124273300171.
LOCAL_RANK: 0 - CUDA_VISIBLE_DEVICES: [0]
[I 2023-11-29 23:36:35,143] Trial 28 finished with value: 0.16975076496601105 and parameters: {'gradient_clip_val': 0.2657334842834888, 'hidden_size': 79, 'dropout': 0.18999324718095914, 'hidden_continuous_size': 32, 'attention_head_size': 1, 'learning_rate': 0.011723672172793456}. Best is trial 20 with value: 0.12315124273300171.
LOCAL_RANK: 0 - CUDA_VISIBLE_DEVICES: [0]
[I 2023-11-29 23:36:48,733] Trial 29 finished with value: 0.2002326101064682 and parameters: {'gradient_clip_val': 0.9984297364011193, 'hidden_size': 63, 'dropout': 0.22628870885835953, 'hidden_continuous_size': 26, 'attention_head_size': 2, 'learning_rate': 0.01927232702053565}. Best is trial 20 with value: 0.12315124273300171.
LOCAL_RANK: 0 - CUDA_VISIBLE_DEVICES: [0]
[I 2023-11-29 23:37:01,926] Trial 30 finished with value: 0.19355721771717072 and parameters: {'gradient_clip_val': 0.36756741584390107, 'hidden_size': 51, 'dropout': 0.27250893965934914, 'hidden_continuous_size': 24, 'attention_head_size': 1, 'learning_rate': 0.01753736715922721}. Best is trial 20 with value: 0.12315124273300171.
LOCAL_RANK: 0 - CUDA_VISIBLE_DEVICES: [0]
[I 2023-11-29 23:37:15,144] Trial 31 finished with value: 0.140908345580101 and parameters: {'gradient_clip_val': 0.200803976802832, 'hidden_size': 35, 'dropout': 0.24635864310945446, 'hidden_continuous_size': 21, 'attention_head_size': 3, 'learning_rate': 0.06768803234969138}. Best is trial 20 with value: 0.12315124273300171.
LOCAL_RANK: 0 - CUDA_VISIBLE_DEVICES: [0]
[I 2023-11-29 23:37:29,990] Trial 32 finished with value: 0.1516861468553543 and parameters: {'gradient_clip_val': 0.19835361342363922, 'hidden_size': 127, 'dropout': 0.26420860062095364, 'hidden_continuous_size': 125, 'attention_head_size': 3, 'learning_rate': 0.037855874968870516}. Best is trial 20 with value: 0.12315124273300171.
LOCAL_RANK: 0 - CUDA_VISIBLE_DEVICES: [0]
[I 2023-11-29 23:37:43,933] Trial 33 finished with value: 0.24444107711315155 and parameters: {'gradient_clip_val': 0.26195825580819904, 'hidden_size': 93, 'dropout': 0.2427646422345691, 'hidden_continuous_size': 21, 'attention_head_size': 4, 'learning_rate': 0.05938061709538487}. Best is trial 20 with value: 0.12315124273300171.
LOCAL_RANK: 0 - CUDA_VISIBLE_DEVICES: [0]
[I 2023-11-29 23:37:57,019] Trial 34 finished with value: 0.16276706755161285 and parameters: {'gradient_clip_val': 0.1686994666461756, 'hidden_size': 48, 'dropout': 0.22641424241227323, 'hidden_continuous_size': 27, 'attention_head_size': 3, 'learning_rate': 0.03374383428203557}. Best is trial 20 with value: 0.12315124273300171.
LOCAL_RANK: 0 - CUDA_VISIBLE_DEVICES: [0]
[I 2023-11-29 23:38:10,646] Trial 35 finished with value: 0.3196532726287842 and parameters: {'gradient_clip_val': 0.2066966044751585, 'hidden_size': 58, 'dropout': 0.20925124751032387, 'hidden_continuous_size': 36, 'attention_head_size': 2, 'learning_rate': 0.06529820989985345}. Best is trial 20 with value: 0.12315124273300171.
LOCAL_RANK: 0 - CUDA_VISIBLE_DEVICES: [0]
[I 2023-11-29 23:38:23,578] Trial 36 finished with value: 0.17239046096801758 and parameters: {'gradient_clip_val': 0.2530100054381852, 'hidden_size': 34, 'dropout': 0.22360819892765926, 'hidden_continuous_size': 21, 'attention_head_size': 3, 'learning_rate': 0.055690882828521054}. Best is trial 20 with value: 0.12315124273300171.
LOCAL_RANK: 0 - CUDA_VISIBLE_DEVICES: [0]
[I 2023-11-29 23:38:37,828] Trial 37 finished with value: 0.141338512301445 and parameters: {'gradient_clip_val': 0.35553709644167203, 'hidden_size': 123, 'dropout': 0.2593961745592279, 'hidden_continuous_size': 17, 'attention_head_size': 2, 'learning_rate': 0.05263981228781653}. Best is trial 20 with value: 0.12315124273300171.
LOCAL_RANK: 0 - CUDA_VISIBLE_DEVICES: [0]
[I 2023-11-29 23:38:51,420] Trial 38 finished with value: 0.2066996693611145 and parameters: {'gradient_clip_val': 0.22532522828157361, 'hidden_size': 73, 'dropout': 0.262077178607512, 'hidden_continuous_size': 16, 'attention_head_size': 2, 'learning_rate': 0.04686431512907853}. Best is trial 20 with value: 0.12315124273300171.
LOCAL_RANK: 0 - CUDA_VISIBLE_DEVICES: [0]
[I 2023-11-29 23:39:05,303] Trial 39 finished with value: 0.15260010957717896 and parameters: {'gradient_clip_val': 0.2506093812853985, 'hidden_size': 103, 'dropout': 0.32455178712977195, 'hidden_continuous_size': 17, 'attention_head_size': 3, 'learning_rate': 0.06716320742216048}. Best is trial 20 with value: 0.12315124273300171.
LOCAL_RANK: 0 - CUDA_VISIBLE_DEVICES: [0]
[I 2023-11-29 23:39:18,041] Trial 40 finished with value: 0.16354018449783325 and parameters: {'gradient_clip_val': 0.3392585802923833, 'hidden_size': 34, 'dropout': 0.2447987320950195, 'hidden_continuous_size': 22, 'attention_head_size': 2, 'learning_rate': 0.030254245110179094}. Best is trial 20 with value: 0.12315124273300171.
LOCAL_RANK: 0 - CUDA_VISIBLE_DEVICES: [0]
[I 2023-11-29 23:39:32,103] Trial 41 finished with value: 0.2045123130083084 and parameters: {'gradient_clip_val': 0.4131408661514852, 'hidden_size': 126, 'dropout': 0.22616789975560797, 'hidden_continuous_size': 19, 'attention_head_size': 2, 'learning_rate': 0.05129021934781109}. Best is trial 20 with value: 0.12315124273300171.
LOCAL_RANK: 0 - CUDA_VISIBLE_DEVICES: [0]
[I 2023-11-29 23:39:46,058] Trial 42 finished with value: 0.1850096434354782 and parameters: {'gradient_clip_val': 0.2049090149443011, 'hidden_size': 87, 'dropout': 0.2338877996394209, 'hidden_continuous_size': 24, 'attention_head_size': 3, 'learning_rate': 0.07826549104332813}. Best is trial 20 with value: 0.12315124273300171.
LOCAL_RANK: 0 - CUDA_VISIBLE_DEVICES: [0]
[I 2023-11-29 23:39:59,967] Trial 43 finished with value: 0.2570820748806 and parameters: {'gradient_clip_val': 0.23876943883590693, 'hidden_size': 123, 'dropout': 0.25769851198888405, 'hidden_continuous_size': 31, 'attention_head_size': 1, 'learning_rate': 0.0495265062550355}. Best is trial 20 with value: 0.12315124273300171.
LOCAL_RANK: 0 - CUDA_VISIBLE_DEVICES: [0]
[I 2023-11-29 23:40:13,746] Trial 44 finished with value: 0.17333827912807465 and parameters: {'gradient_clip_val': 0.3337539506731735, 'hidden_size': 104, 'dropout': 0.26838910572749103, 'hidden_continuous_size': 19, 'attention_head_size': 2, 'learning_rate': 0.02851642244444234}. Best is trial 20 with value: 0.12315124273300171.
LOCAL_RANK: 0 - CUDA_VISIBLE_DEVICES: [0]
[I 2023-11-29 23:40:25,112] Trial 45 finished with value: 0.1457643359899521 and parameters: {'gradient_clip_val': 0.28668871400105966, 'hidden_size': 150, 'dropout': 0.28404792604319146, 'hidden_continuous_size': 150, 'attention_head_size': 4, 'learning_rate': 0.03323602618049629}. Best is trial 20 with value: 0.12315124273300171.
LOCAL_RANK: 0 - CUDA_VISIBLE_DEVICES: [0]
[I 2023-11-29 23:40:40,664] Trial 46 finished with value: 0.18254046142101288 and parameters: {'gradient_clip_val': 0.2834557485660189, 'hidden_size': 149, 'dropout': 0.28956405241884836, 'hidden_continuous_size': 143, 'attention_head_size': 4, 'learning_rate': 0.03470214264596376}. Best is trial 20 with value: 0.12315124273300171.
LOCAL_RANK: 0 - CUDA_VISIBLE_DEVICES: [0]
[I 2023-11-29 23:40:54,978] Trial 47 finished with value: 0.17284519970417023 and parameters: {'gradient_clip_val': 0.21718700673846378, 'hidden_size': 130, 'dropout': 0.27659840754058834, 'hidden_continuous_size': 15, 'attention_head_size': 4, 'learning_rate': 0.0989631914236416}. Best is trial 20 with value: 0.12315124273300171.
LOCAL_RANK: 0 - CUDA_VISIBLE_DEVICES: [0]
[I 2023-11-29 23:41:08,998] Trial 48 finished with value: 0.10152163356542587 and parameters: {'gradient_clip_val': 0.2337460666735311, 'hidden_size': 112, 'dropout': 0.30739068661096847, 'hidden_continuous_size': 18, 'attention_head_size': 4, 'learning_rate': 0.04355469341714126}. Best is trial 48 with value: 0.10152163356542587.
LOCAL_RANK: 0 - CUDA_VISIBLE_DEVICES: [0]
[I 2023-11-29 23:41:22,840] Trial 49 finished with value: 0.1127716675400734 and parameters: {'gradient_clip_val': 0.24001836347272107, 'hidden_size': 92, 'dropout': 0.3072042697793365, 'hidden_continuous_size': 18, 'attention_head_size': 4, 'learning_rate': 0.07476876681925568}. Best is trial 48 with value: 0.10152163356542587.
LOCAL_RANK: 0 - CUDA_VISIBLE_DEVICES: [0]
[I 2023-11-29 23:41:36,982] Trial 50 finished with value: 0.20183344185352325 and parameters: {'gradient_clip_val': 0.22932565671070415, 'hidden_size': 113, 'dropout': 0.3535472320311424, 'hidden_continuous_size': 17, 'attention_head_size': 4, 'learning_rate': 0.0782264797189572}. Best is trial 48 with value: 0.10152163356542587.
LOCAL_RANK: 0 - CUDA_VISIBLE_DEVICES: [0]
[I 2023-11-29 23:41:51,106] Trial 51 finished with value: 0.0891701877117157 and parameters: {'gradient_clip_val': 0.19329874243390355, 'hidden_size': 93, 'dropout': 0.254590268288478, 'hidden_continuous_size': 20, 'attention_head_size': 4, 'learning_rate': 0.06041770696210863}. Best is trial 51 with value: 0.0891701877117157.
LOCAL_RANK: 0 - CUDA_VISIBLE_DEVICES: [0]
[I 2023-11-29 23:42:05,101] Trial 52 finished with value: 0.152748242020607 and parameters: {'gradient_clip_val': 0.24322771845007254, 'hidden_size': 94, 'dropout': 0.3064567333992134, 'hidden_continuous_size': 18, 'attention_head_size': 4, 'learning_rate': 0.06273606136098113}. Best is trial 51 with value: 0.0891701877117157.
LOCAL_RANK: 0 - CUDA_VISIBLE_DEVICES: [0]
[I 2023-11-29 23:42:19,073] Trial 53 finished with value: 0.1535203903913498 and parameters: {'gradient_clip_val': 0.19929538226040014, 'hidden_size': 83, 'dropout': 0.25268540276895796, 'hidden_continuous_size': 22, 'attention_head_size': 4, 'learning_rate': 0.043167099360963454}. Best is trial 51 with value: 0.0891701877117157.
LOCAL_RANK: 0 - CUDA_VISIBLE_DEVICES: [0]
[I 2023-11-29 23:42:32,976] Trial 54 finished with value: 0.1716759353876114 and parameters: {'gradient_clip_val': 0.15722558656833718, 'hidden_size': 102, 'dropout': 0.3134366206374639, 'hidden_continuous_size': 14, 'attention_head_size': 4, 'learning_rate': 0.07466699622081684}. Best is trial 51 with value: 0.0891701877117157.
LOCAL_RANK: 0 - CUDA_VISIBLE_DEVICES: [0]
[I 2023-11-29 23:42:46,816] Trial 55 finished with value: 0.12156518548727036 and parameters: {'gradient_clip_val': 0.21856176308935657, 'hidden_size': 75, 'dropout': 0.2875956171669208, 'hidden_continuous_size': 21, 'attention_head_size': 4, 'learning_rate': 0.09790186598955321}. Best is trial 51 with value: 0.0891701877117157.
LOCAL_RANK: 0 - CUDA_VISIBLE_DEVICES: [0]
[I 2023-11-29 23:43:00,772] Trial 56 finished with value: 0.13015533983707428 and parameters: {'gradient_clip_val': 0.19396695989356957, 'hidden_size': 72, 'dropout': 0.29463292084055565, 'hidden_continuous_size': 20, 'attention_head_size': 4, 'learning_rate': 0.08829941723616666}. Best is trial 51 with value: 0.0891701877117157.
LOCAL_RANK: 0 - CUDA_VISIBLE_DEVICES: [0]
[I 2023-11-29 23:43:14,493] Trial 57 finished with value: 0.13877396285533905 and parameters: {'gradient_clip_val': 0.2214469848783448, 'hidden_size': 76, 'dropout': 0.29466259114295645, 'hidden_continuous_size': 20, 'attention_head_size': 4, 'learning_rate': 0.08882658295336987}. Best is trial 51 with value: 0.0891701877117157.
LOCAL_RANK: 0 - CUDA_VISIBLE_DEVICES: [0]
[I 2023-11-29 23:43:28,454] Trial 58 finished with value: 0.12650276720523834 and parameters: {'gradient_clip_val': 0.1918050884124053, 'hidden_size': 86, 'dropout': 0.2805065516899054, 'hidden_continuous_size': 26, 'attention_head_size': 4, 'learning_rate': 0.09773987534048156}. Best is trial 51 with value: 0.0891701877117157.
LOCAL_RANK: 0 - CUDA_VISIBLE_DEVICES: [0]
[I 2023-11-29 23:43:42,400] Trial 59 finished with value: 0.1421741098165512 and parameters: {'gradient_clip_val': 0.18088584129647745, 'hidden_size': 89, 'dropout': 0.276023347843684, 'hidden_continuous_size': 26, 'attention_head_size': 4, 'learning_rate': 0.09986094079013143}. Best is trial 51 with value: 0.0891701877117157.
LOCAL_RANK: 0 - CUDA_VISIBLE_DEVICES: [0]
[I 2023-11-29 23:43:56,339] Trial 60 finished with value: 0.08617547899484634 and parameters: {'gradient_clip_val': 0.23551781518652184, 'hidden_size': 80, 'dropout': 0.3200933607589651, 'hidden_continuous_size': 28, 'attention_head_size': 4, 'learning_rate': 0.07831451237685998}. Best is trial 60 with value: 0.08617547899484634.
LOCAL_RANK: 0 - CUDA_VISIBLE_DEVICES: [0]
[I 2023-11-29 23:44:10,159] Trial 61 finished with value: 0.11122465133666992 and parameters: {'gradient_clip_val': 0.23529480061910707, 'hidden_size': 80, 'dropout': 0.3105775540925029, 'hidden_continuous_size': 23, 'attention_head_size': 4, 'learning_rate': 0.07783824615835955}. Best is trial 60 with value: 0.08617547899484634.
LOCAL_RANK: 0 - CUDA_VISIBLE_DEVICES: [0]
[I 2023-11-29 23:44:24,081] Trial 62 finished with value: 0.16487528383731842 and parameters: {'gradient_clip_val': 0.24008330981536272, 'hidden_size': 79, 'dropout': 0.3143820958841944, 'hidden_continuous_size': 29, 'attention_head_size': 4, 'learning_rate': 0.07403376867955387}. Best is trial 60 with value: 0.08617547899484634.
LOCAL_RANK: 0 - CUDA_VISIBLE_DEVICES: [0]
[I 2023-11-29 23:44:38,191] Trial 63 finished with value: 0.20322345197200775 and parameters: {'gradient_clip_val': 0.25911012024089813, 'hidden_size': 108, 'dropout': 0.3376788630027665, 'hidden_continuous_size': 23, 'attention_head_size': 4, 'learning_rate': 0.05687434574934717}. Best is trial 60 with value: 0.08617547899484634.
LOCAL_RANK: 0 - CUDA_VISIBLE_DEVICES: [0]
[I 2023-11-29 23:44:52,163] Trial 64 finished with value: 0.22457265853881836 and parameters: {'gradient_clip_val': 0.300393656317195, 'hidden_size': 98, 'dropout': 0.2889812585419124, 'hidden_continuous_size': 23, 'attention_head_size': 4, 'learning_rate': 0.08037276645389302}. Best is trial 60 with value: 0.08617547899484634.
LOCAL_RANK: 0 - CUDA_VISIBLE_DEVICES: [0]
[I 2023-11-29 23:45:05,726] Trial 65 finished with value: 0.1984085589647293 and parameters: {'gradient_clip_val': 0.22049485941387295, 'hidden_size': 63, 'dropout': 0.3092793638892758, 'hidden_continuous_size': 18, 'attention_head_size': 4, 'learning_rate': 0.04358714291022151}. Best is trial 60 with value: 0.08617547899484634.
LOCAL_RANK: 0 - CUDA_VISIBLE_DEVICES: [0]
[I 2023-11-29 23:45:20,155] Trial 66 finished with value: 0.16201306879520416 and parameters: {'gradient_clip_val': 0.27387676057860244, 'hidden_size': 82, 'dropout': 0.3032434217622779, 'hidden_continuous_size': 49, 'attention_head_size': 4, 'learning_rate': 0.06073258204765024}. Best is trial 60 with value: 0.08617547899484634.
LOCAL_RANK: 0 - CUDA_VISIBLE_DEVICES: [0]
[I 2023-11-29 23:45:34,205] Trial 67 finished with value: 0.26487481594085693 and parameters: {'gradient_clip_val': 0.2637619730769061, 'hidden_size': 93, 'dropout': 0.3206294251011542, 'hidden_continuous_size': 28, 'attention_head_size': 4, 'learning_rate': 0.07036862945442604}. Best is trial 60 with value: 0.08617547899484634.
LOCAL_RANK: 0 - CUDA_VISIBLE_DEVICES: [0]
[I 2023-11-29 23:45:48,553] Trial 68 finished with value: 0.20561282336711884 and parameters: {'gradient_clip_val': 0.30809331907859216, 'hidden_size': 109, 'dropout': 0.3001426310596629, 'hidden_continuous_size': 33, 'attention_head_size': 4, 'learning_rate': 0.04909896834742246}. Best is trial 60 with value: 0.08617547899484634.
LOCAL_RANK: 0 - CUDA_VISIBLE_DEVICES: [0]
[I 2023-11-29 23:46:02,027] Trial 69 finished with value: 0.2249918133020401 and parameters: {'gradient_clip_val': 0.23722751034880435, 'hidden_size': 76, 'dropout': 0.3390765338320685, 'hidden_continuous_size': 12, 'attention_head_size': 4, 'learning_rate': 0.07965103565973403}. Best is trial 60 with value: 0.08617547899484634.
LOCAL_RANK: 0 - CUDA_VISIBLE_DEVICES: [0]
[I 2023-11-29 23:46:16,530] Trial 70 finished with value: 0.14186342060565948 and parameters: {'gradient_clip_val': 0.21253857986257568, 'hidden_size': 135, 'dropout': 0.2857786408224683, 'hidden_continuous_size': 29, 'attention_head_size': 4, 'learning_rate': 0.05981784959952019}. Best is trial 60 with value: 0.08617547899484634.
LOCAL_RANK: 0 - CUDA_VISIBLE_DEVICES: [0]
[I 2023-11-29 23:46:30,661] Trial 71 finished with value: 0.12317317724227905 and parameters: {'gradient_clip_val': 0.18815036787126704, 'hidden_size': 86, 'dropout': 0.2785751193017178, 'hidden_continuous_size': 25, 'attention_head_size': 4, 'learning_rate': 0.0910584809064036}. Best is trial 60 with value: 0.08617547899484634.
LOCAL_RANK: 0 - CUDA_VISIBLE_DEVICES: [0]
[I 2023-11-29 23:46:44,897] Trial 72 finished with value: 0.20931752026081085 and parameters: {'gradient_clip_val': 0.1760567976641505, 'hidden_size': 116, 'dropout': 0.2686100788364601, 'hidden_continuous_size': 24, 'attention_head_size': 4, 'learning_rate': 0.08858973458295984}. Best is trial 60 with value: 0.08617547899484634.
LOCAL_RANK: 0 - CUDA_VISIBLE_DEVICES: [0]
[I 2023-11-29 23:46:58,900] Trial 73 finished with value: 0.20679090917110443 and parameters: {'gradient_clip_val': 0.20724066568527608, 'hidden_size': 100, 'dropout': 0.2956837015118762, 'hidden_continuous_size': 25, 'attention_head_size': 4, 'learning_rate': 0.06944512011852454}. Best is trial 60 with value: 0.08617547899484634.
LOCAL_RANK: 0 - CUDA_VISIBLE_DEVICES: [0]
[I 2023-11-29 23:47:12,822] Trial 74 finished with value: 0.19255666434764862 and parameters: {'gradient_clip_val': 0.23222977063172484, 'hidden_size': 66, 'dropout': 0.2773294204943104, 'hidden_continuous_size': 35, 'attention_head_size': 4, 'learning_rate': 0.08610352816067292}. Best is trial 60 with value: 0.08617547899484634.
LOCAL_RANK: 0 - CUDA_VISIBLE_DEVICES: [0]
[I 2023-11-29 23:47:26,547] Trial 75 finished with value: 0.0940275713801384 and parameters: {'gradient_clip_val': 0.2517736222149426, 'hidden_size': 70, 'dropout': 0.32121768148599406, 'hidden_continuous_size': 22, 'attention_head_size': 4, 'learning_rate': 0.06346523082444187}. Best is trial 60 with value: 0.08617547899484634.
LOCAL_RANK: 0 - CUDA_VISIBLE_DEVICES: [0]
[I 2023-11-29 23:47:40,354] Trial 76 finished with value: 0.14662934839725494 and parameters: {'gradient_clip_val': 0.25158984886263763, 'hidden_size': 69, 'dropout': 0.3257191530414072, 'hidden_continuous_size': 16, 'attention_head_size': 4, 'learning_rate': 0.05390839638214547}. Best is trial 60 with value: 0.08617547899484634.
LOCAL_RANK: 0 - CUDA_VISIBLE_DEVICES: [0]
[I 2023-11-29 23:47:53,792] Trial 77 finished with value: 0.14797833561897278 and parameters: {'gradient_clip_val': 0.26511194095214013, 'hidden_size': 59, 'dropout': 0.30506648916987433, 'hidden_continuous_size': 19, 'attention_head_size': 3, 'learning_rate': 0.03976453620220649}. Best is trial 60 with value: 0.08617547899484634.
LOCAL_RANK: 0 - CUDA_VISIBLE_DEVICES: [0]
[I 2023-11-29 23:48:07,643] Trial 78 finished with value: 0.10447607189416885 and parameters: {'gradient_clip_val': 0.2952499794620731, 'hidden_size': 92, 'dropout': 0.31824932333444145, 'hidden_continuous_size': 31, 'attention_head_size': 4, 'learning_rate': 0.06478636684702464}. Best is trial 60 with value: 0.08617547899484634.
LOCAL_RANK: 0 - CUDA_VISIBLE_DEVICES: [0]
