[I 2023-11-30 10:49:27,028] Trial 21 finished with value: 0.10491599887609482 and parameters: {'gradient_clip_val': 0.6263059613714295, 'hidden_size': 88, 'dropout': 0.2704822874154886, 'hidden_continuous_size': 45, 'attention_head_size': 2, 'learning_rate': 0.033001981036295744}. Best is trial 12 with value: 0.07785964757204056.
LOCAL_RANK: 0 - CUDA_VISIBLE_DEVICES: [0]
[I 2023-11-30 10:49:41,458] Trial 22 finished with value: 0.10358071327209473 and parameters: {'gradient_clip_val': 0.794817196568039, 'hidden_size': 109, 'dropout': 0.2277150067635119, 'hidden_continuous_size': 55, 'attention_head_size': 2, 'learning_rate': 0.03803480626263338}. Best is trial 12 with value: 0.07785964757204056.
LOCAL_RANK: 0 - CUDA_VISIBLE_DEVICES: [0]
[I 2023-11-30 10:49:56,341] Trial 23 finished with value: 0.12606771290302277 and parameters: {'gradient_clip_val': 0.8519285472677576, 'hidden_size': 140, 'dropout': 0.23216115930434475, 'hidden_continuous_size': 136, 'attention_head_size': 2, 'learning_rate': 0.04767223676366751}. Best is trial 12 with value: 0.07785964757204056.
LOCAL_RANK: 0 - CUDA_VISIBLE_DEVICES: [0]
[I 2023-11-30 10:50:10,554] Trial 24 finished with value: 0.14343781769275665 and parameters: {'gradient_clip_val': 0.7719724631810856, 'hidden_size': 108, 'dropout': 0.299058016116408, 'hidden_continuous_size': 49, 'attention_head_size': 2, 'learning_rate': 0.03835521001126603}. Best is trial 12 with value: 0.07785964757204056.
LOCAL_RANK: 0 - CUDA_VISIBLE_DEVICES: [0]
[I 2023-11-30 10:50:25,422] Trial 25 finished with value: 0.12539125978946686 and parameters: {'gradient_clip_val': 0.5299233869189972, 'hidden_size': 149, 'dropout': 0.2701113767483005, 'hidden_continuous_size': 54, 'attention_head_size': 3, 'learning_rate': 0.03006804808104534}. Best is trial 12 with value: 0.07785964757204056.
LOCAL_RANK: 0 - CUDA_VISIBLE_DEVICES: [0]
[I 2023-11-30 10:50:39,385] Trial 26 finished with value: 0.16864371299743652 and parameters: {'gradient_clip_val': 0.9776131639932412, 'hidden_size': 97, 'dropout': 0.2482586815871124, 'hidden_continuous_size': 35, 'attention_head_size': 2, 'learning_rate': 0.061649769397522924}. Best is trial 12 with value: 0.07785964757204056.
LOCAL_RANK: 0 - CUDA_VISIBLE_DEVICES: [0]
[I 2023-11-30 10:50:53,128] Trial 27 finished with value: 0.12829972803592682 and parameters: {'gradient_clip_val': 0.7598180131045748, 'hidden_size': 53, 'dropout': 0.22151666589454275, 'hidden_continuous_size': 35, 'attention_head_size': 3, 'learning_rate': 0.021176154912745403}. Best is trial 12 with value: 0.07785964757204056.
LOCAL_RANK: 0 - CUDA_VISIBLE_DEVICES: [0]
[I 2023-11-30 10:51:06,900] Trial 28 finished with value: 0.1262861043214798 and parameters: {'gradient_clip_val': 0.5846075674221702, 'hidden_size': 65, 'dropout': 0.2749028229088522, 'hidden_continuous_size': 34, 'attention_head_size': 2, 'learning_rate': 0.0351438748458716}. Best is trial 12 with value: 0.07785964757204056.
LOCAL_RANK: 0 - CUDA_VISIBLE_DEVICES: [0]
[I 2023-11-30 10:51:20,528] Trial 29 finished with value: 0.13512204587459564 and parameters: {'gradient_clip_val': 0.4289137749508771, 'hidden_size': 80, 'dropout': 0.2882792262064914, 'hidden_continuous_size': 23, 'attention_head_size': 2, 'learning_rate': 0.016077899956673698}. Best is trial 12 with value: 0.07785964757204056.
LOCAL_RANK: 0 - CUDA_VISIBLE_DEVICES: [0]
[I 2023-11-30 10:51:34,885] Trial 30 finished with value: 0.08431226015090942 and parameters: {'gradient_clip_val': 0.8270331649958097, 'hidden_size': 120, 'dropout': 0.26140003764464487, 'hidden_continuous_size': 50, 'attention_head_size': 3, 'learning_rate': 0.061058324947926144}. Best is trial 12 with value: 0.07785964757204056.
LOCAL_RANK: 0 - CUDA_VISIBLE_DEVICES: [0]
[I 2023-11-30 10:51:49,304] Trial 31 finished with value: 0.13348530232906342 and parameters: {'gradient_clip_val': 0.815340373677723, 'hidden_size': 119, 'dropout': 0.25593459896594994, 'hidden_continuous_size': 50, 'attention_head_size': 3, 'learning_rate': 0.06089671581511916}. Best is trial 12 with value: 0.07785964757204056.
LOCAL_RANK: 0 - CUDA_VISIBLE_DEVICES: [0]
[I 2023-11-30 10:52:03,583] Trial 32 finished with value: 0.13119299709796906 and parameters: {'gradient_clip_val': 0.7015388087262447, 'hidden_size': 119, 'dropout': 0.32250643675637813, 'hidden_continuous_size': 61, 'attention_head_size': 3, 'learning_rate': 0.09822844235133629}. Best is trial 12 with value: 0.07785964757204056.
LOCAL_RANK: 0 - CUDA_VISIBLE_DEVICES: [0]
[I 2023-11-30 10:52:17,832] Trial 33 finished with value: 0.2606338560581207 and parameters: {'gradient_clip_val': 0.966376772699957, 'hidden_size': 96, 'dropout': 0.2861223608888983, 'hidden_continuous_size': 43, 'attention_head_size': 4, 'learning_rate': 0.048423810714203805}. Best is trial 12 with value: 0.07785964757204056.
LOCAL_RANK: 0 - CUDA_VISIBLE_DEVICES: [0]
[I 2023-11-30 10:52:32,428] Trial 34 finished with value: 0.1066574975848198 and parameters: {'gradient_clip_val': 0.6051484822928047, 'hidden_size': 130, 'dropout': 0.2508097914800754, 'hidden_continuous_size': 52, 'attention_head_size': 3, 'learning_rate': 0.07403064744674501}. Best is trial 12 with value: 0.07785964757204056.
LOCAL_RANK: 0 - CUDA_VISIBLE_DEVICES: [0]
[I 2023-11-30 10:52:46,280] Trial 35 finished with value: 0.08954057097434998 and parameters: {'gradient_clip_val': 0.7271489536287516, 'hidden_size': 68, 'dropout': 0.235962124651792, 'hidden_continuous_size': 46, 'attention_head_size': 2, 'learning_rate': 0.03563925890611807}. Best is trial 12 with value: 0.07785964757204056.
LOCAL_RANK: 0 - CUDA_VISIBLE_DEVICES: [0]
[I 2023-11-30 10:53:00,075] Trial 36 finished with value: 0.17145287990570068 and parameters: {'gradient_clip_val': 0.8491566369716246, 'hidden_size': 65, 'dropout': 0.2358907825859572, 'hidden_continuous_size': 38, 'attention_head_size': 4, 'learning_rate': 0.07712980093981714}. Best is trial 12 with value: 0.07785964757204056.
LOCAL_RANK: 0 - CUDA_VISIBLE_DEVICES: [0]
[I 2023-11-30 10:53:14,412] Trial 37 finished with value: 0.13409797847270966 and parameters: {'gradient_clip_val': 0.7384608669478184, 'hidden_size': 109, 'dropout': 0.15740665528831554, 'hidden_continuous_size': 57, 'attention_head_size': 2, 'learning_rate': 0.09968080974921568}. Best is trial 12 with value: 0.07785964757204056.
LOCAL_RANK: 0 - CUDA_VISIBLE_DEVICES: [0]
[I 2023-11-30 10:53:28,664] Trial 38 finished with value: 0.20610950887203217 and parameters: {'gradient_clip_val': 0.8950856808011495, 'hidden_size': 119, 'dropout': 0.21403495119185675, 'hidden_continuous_size': 47, 'attention_head_size': 3, 'learning_rate': 0.05186728372270609}. Best is trial 12 with value: 0.07785964757204056.
LOCAL_RANK: 0 - CUDA_VISIBLE_DEVICES: [0]
[I 2023-11-30 10:53:42,610] Trial 39 finished with value: 0.0998455360531807 and parameters: {'gradient_clip_val': 0.7366029691717805, 'hidden_size': 70, 'dropout': 0.2339008249380543, 'hidden_continuous_size': 38, 'attention_head_size': 3, 'learning_rate': 0.02318464897671733}. Best is trial 12 with value: 0.07785964757204056.
LOCAL_RANK: 0 - CUDA_VISIBLE_DEVICES: [0]
[I 2023-11-30 10:53:55,809] Trial 40 finished with value: 0.13843941688537598 and parameters: {'gradient_clip_val': 0.9733789740640929, 'hidden_size': 45, 'dropout': 0.24819899029351064, 'hidden_continuous_size': 32, 'attention_head_size': 3, 'learning_rate': 0.0230892774534871}. Best is trial 12 with value: 0.07785964757204056.
LOCAL_RANK: 0 - CUDA_VISIBLE_DEVICES: [0]
[I 2023-11-30 10:54:09,789] Trial 41 finished with value: 0.18153560161590576 and parameters: {'gradient_clip_val': 0.7297479221610053, 'hidden_size': 70, 'dropout': 0.23680683217008822, 'hidden_continuous_size': 39, 'attention_head_size': 3, 'learning_rate': 0.03906013213140546}. Best is trial 12 with value: 0.07785964757204056.
LOCAL_RANK: 0 - CUDA_VISIBLE_DEVICES: [0]
[I 2023-11-30 10:54:23,784] Trial 42 finished with value: 0.11451882123947144 and parameters: {'gradient_clip_val': 0.6950322353224287, 'hidden_size': 75, 'dropout': 0.2122291743294627, 'hidden_continuous_size': 46, 'attention_head_size': 3, 'learning_rate': 0.028616161597372854}. Best is trial 12 with value: 0.07785964757204056.
LOCAL_RANK: 0 - CUDA_VISIBLE_DEVICES: [0]
[I 2023-11-30 10:54:38,012] Trial 43 finished with value: 0.08355149626731873 and parameters: {'gradient_clip_val': 0.855989490273599, 'hidden_size': 91, 'dropout': 0.22821956490008033, 'hidden_continuous_size': 55, 'attention_head_size': 2, 'learning_rate': 0.05781531116773299}. Best is trial 12 with value: 0.07785964757204056.
LOCAL_RANK: 0 - CUDA_VISIBLE_DEVICES: [0]
[I 2023-11-30 10:54:52,113] Trial 44 finished with value: 0.12866514921188354 and parameters: {'gradient_clip_val': 0.8558978134068983, 'hidden_size': 85, 'dropout': 0.26196897574287603, 'hidden_continuous_size': 37, 'attention_head_size': 3, 'learning_rate': 0.07119602390744055}. Best is trial 12 with value: 0.07785964757204056.
LOCAL_RANK: 0 - CUDA_VISIBLE_DEVICES: [0]
[I 2023-11-30 10:55:05,940] Trial 45 finished with value: 0.11909753084182739 and parameters: {'gradient_clip_val': 0.5538859738597827, 'hidden_size': 60, 'dropout': 0.20416031818024838, 'hidden_continuous_size': 44, 'attention_head_size': 4, 'learning_rate': 0.05736991454554009}. Best is trial 12 with value: 0.07785964757204056.
LOCAL_RANK: 0 - CUDA_VISIBLE_DEVICES: [0]
[I 2023-11-30 10:55:19,008] Trial 46 finished with value: 0.10182031244039536 and parameters: {'gradient_clip_val': 0.6612001131229236, 'hidden_size': 36, 'dropout': 0.17354080344495826, 'hidden_continuous_size': 19, 'attention_head_size': 3, 'learning_rate': 0.08319275014694717}. Best is trial 12 with value: 0.07785964757204056.
LOCAL_RANK: 0 - CUDA_VISIBLE_DEVICES: [0]
[I 2023-11-30 10:55:33,150] Trial 47 finished with value: 0.16277937591075897 and parameters: {'gradient_clip_val': 0.4725233873537537, 'hidden_size': 91, 'dropout': 0.21875191121416074, 'hidden_continuous_size': 50, 'attention_head_size': 4, 'learning_rate': 0.04227014505914917}. Best is trial 12 with value: 0.07785964757204056.
LOCAL_RANK: 0 - CUDA_VISIBLE_DEVICES: [0]
[I 2023-11-30 10:55:46,975] Trial 48 finished with value: 0.12500490248203278 and parameters: {'gradient_clip_val': 0.5599479901876646, 'hidden_size': 74, 'dropout': 0.2817106912609276, 'hidden_continuous_size': 39, 'attention_head_size': 2, 'learning_rate': 0.057501923012537266}. Best is trial 12 with value: 0.07785964757204056.
LOCAL_RANK: 0 - CUDA_VISIBLE_DEVICES: [0]
[I 2023-11-30 10:56:00,844] Trial 49 finished with value: 0.10820712894201279 and parameters: {'gradient_clip_val': 0.6791013355810286, 'hidden_size': 82, 'dropout': 0.24426827375031365, 'hidden_continuous_size': 32, 'attention_head_size': 3, 'learning_rate': 0.024433709980953327}. Best is trial 12 with value: 0.07785964757204056.
LOCAL_RANK: 0 - CUDA_VISIBLE_DEVICES: [0]
[I 2023-11-30 10:56:14,549] Trial 50 finished with value: 0.11193978786468506 and parameters: {'gradient_clip_val': 0.9030818559170048, 'hidden_size': 56, 'dropout': 0.25930058263966754, 'hidden_continuous_size': 42, 'attention_head_size': 3, 'learning_rate': 0.032555737436790834}. Best is trial 12 with value: 0.07785964757204056.
LOCAL_RANK: 0 - CUDA_VISIBLE_DEVICES: [0]
[I 2023-11-30 10:56:27,806] Trial 51 finished with value: 0.1205676719546318 and parameters: {'gradient_clip_val': 0.6594815925435126, 'hidden_size': 35, 'dropout': 0.1774205571475238, 'hidden_continuous_size': 19, 'attention_head_size': 3, 'learning_rate': 0.07904662914627292}. Best is trial 12 with value: 0.07785964757204056.
LOCAL_RANK: 0 - CUDA_VISIBLE_DEVICES: [0]
[I 2023-11-30 10:56:40,323] Trial 52 finished with value: 0.08971040695905685 and parameters: {'gradient_clip_val': 0.7419180216939235, 'hidden_size': 28, 'dropout': 0.18745247188044598, 'hidden_continuous_size': 14, 'attention_head_size': 3, 'learning_rate': 0.0665505735584933}. Best is trial 12 with value: 0.07785964757204056.
LOCAL_RANK: 0 - CUDA_VISIBLE_DEVICES: [0]
[I 2023-11-30 10:56:53,010] Trial 53 finished with value: 0.13176126778125763 and parameters: {'gradient_clip_val': 0.7448503567684326, 'hidden_size': 29, 'dropout': 0.19793959061041277, 'hidden_continuous_size': 14, 'attention_head_size': 3, 'learning_rate': 0.06501599418879596}. Best is trial 12 with value: 0.07785964757204056.
LOCAL_RANK: 0 - CUDA_VISIBLE_DEVICES: [0]
[I 2023-11-30 10:57:05,543] Trial 54 finished with value: 0.1484108716249466 and parameters: {'gradient_clip_val': 0.6064357990220132, 'hidden_size': 23, 'dropout': 0.23665503527229748, 'hidden_continuous_size': 16, 'attention_head_size': 2, 'learning_rate': 0.044528762909100385}. Best is trial 12 with value: 0.07785964757204056.
LOCAL_RANK: 0 - CUDA_VISIBLE_DEVICES: [0]
[I 2023-11-30 10:57:18,827] Trial 55 finished with value: 0.12280666828155518 and parameters: {'gradient_clip_val': 0.7949138121196163, 'hidden_size': 68, 'dropout': 0.22909735979264811, 'hidden_continuous_size': 13, 'attention_head_size': 2, 'learning_rate': 0.04748681715293595}. Best is trial 12 with value: 0.07785964757204056.
LOCAL_RANK: 0 - CUDA_VISIBLE_DEVICES: [0]
[I 2023-11-30 10:57:31,949] Trial 56 finished with value: 0.12383095175027847 and parameters: {'gradient_clip_val': 0.9378033629383081, 'hidden_size': 40, 'dropout': 0.18809041842471885, 'hidden_continuous_size': 22, 'attention_head_size': 3, 'learning_rate': 0.0524307013576866}. Best is trial 12 with value: 0.07785964757204056.
LOCAL_RANK: 0 - CUDA_VISIBLE_DEVICES: [0]
[I 2023-11-30 10:57:45,844] Trial 57 finished with value: 0.11959260702133179 and parameters: {'gradient_clip_val': 0.8448085382459402, 'hidden_size': 91, 'dropout': 0.2092423904154537, 'hidden_continuous_size': 29, 'attention_head_size': 3, 'learning_rate': 0.03160031689728009}. Best is trial 12 with value: 0.07785964757204056.
LOCAL_RANK: 0 - CUDA_VISIBLE_DEVICES: [0]
[I 2023-11-30 10:57:59,820] Trial 58 finished with value: 0.17990176379680634 and parameters: {'gradient_clip_val': 0.7164781839360708, 'hidden_size': 79, 'dropout': 0.251317782484326, 'hidden_continuous_size': 47, 'attention_head_size': 2, 'learning_rate': 0.06683409035975595}. Best is trial 12 with value: 0.07785964757204056.
LOCAL_RANK: 0 - CUDA_VISIBLE_DEVICES: [0]
[I 2023-11-30 10:58:12,949] Trial 59 finished with value: 0.09045807272195816 and parameters: {'gradient_clip_val': 0.5677553977130919, 'hidden_size': 47, 'dropout': 0.22656806856842127, 'hidden_continuous_size': 26, 'attention_head_size': 1, 'learning_rate': 0.0407817344413916}. Best is trial 12 with value: 0.07785964757204056.
LOCAL_RANK: 0 - CUDA_VISIBLE_DEVICES: [0]
[I 2023-11-30 10:58:26,193] Trial 60 finished with value: 0.09585557132959366 and parameters: {'gradient_clip_val': 0.5717469140190808, 'hidden_size': 49, 'dropout': 0.22317325728524953, 'hidden_continuous_size': 25, 'attention_head_size': 1, 'learning_rate': 0.08471187301127975}. Best is trial 12 with value: 0.07785964757204056.
LOCAL_RANK: 0 - CUDA_VISIBLE_DEVICES: [0]
[I 2023-11-30 10:58:39,292] Trial 61 finished with value: 0.12461934238672256 and parameters: {'gradient_clip_val': 0.562311796261724, 'hidden_size': 47, 'dropout': 0.21991430003225637, 'hidden_continuous_size': 24, 'attention_head_size': 1, 'learning_rate': 0.08670895000596496}. Best is trial 12 with value: 0.07785964757204056.
LOCAL_RANK: 0 - CUDA_VISIBLE_DEVICES: [0]
[I 2023-11-30 10:58:52,738] Trial 62 finished with value: 0.12073727697134018 and parameters: {'gradient_clip_val': 0.48117401117607267, 'hidden_size': 62, 'dropout': 0.2235557727545952, 'hidden_continuous_size': 26, 'attention_head_size': 1, 'learning_rate': 0.04222939831654761}. Best is trial 12 with value: 0.07785964757204056.
LOCAL_RANK: 0 - CUDA_VISIBLE_DEVICES: [0]
[I 2023-11-30 10:59:05,821] Trial 63 finished with value: 0.14424267411231995 and parameters: {'gradient_clip_val': 0.6498895373472212, 'hidden_size': 49, 'dropout': 0.19232209128995326, 'hidden_continuous_size': 27, 'attention_head_size': 1, 'learning_rate': 0.05486390007196209}. Best is trial 12 with value: 0.07785964757204056.
LOCAL_RANK: 0 - CUDA_VISIBLE_DEVICES: [0]
[I 2023-11-30 10:59:18,966] Trial 64 finished with value: 0.10183095186948776 and parameters: {'gradient_clip_val': 0.6017644652239446, 'hidden_size': 52, 'dropout': 0.2655845281450453, 'hidden_continuous_size': 21, 'attention_head_size': 1, 'learning_rate': 0.06937338940349796}. Best is trial 12 with value: 0.07785964757204056.
LOCAL_RANK: 0 - CUDA_VISIBLE_DEVICES: [0]
[I 2023-11-30 10:59:32,021] Trial 65 finished with value: 0.12093263119459152 and parameters: {'gradient_clip_val': 0.519134260225499, 'hidden_size': 39, 'dropout': 0.20607708895039825, 'hidden_continuous_size': 18, 'attention_head_size': 1, 'learning_rate': 0.0923938908592762}. Best is trial 12 with value: 0.07785964757204056.
LOCAL_RANK: 0 - CUDA_VISIBLE_DEVICES: [0]
[I 2023-11-30 10:59:45,475] Trial 66 finished with value: 0.10997781902551651 and parameters: {'gradient_clip_val': 0.776248047596808, 'hidden_size': 59, 'dropout': 0.24105657908678715, 'hidden_continuous_size': 24, 'attention_head_size': 1, 'learning_rate': 0.03726375504677769}. Best is trial 12 with value: 0.07785964757204056.
LOCAL_RANK: 0 - CUDA_VISIBLE_DEVICES: [0]
[I 2023-11-30 10:59:58,459] Trial 67 finished with value: 0.15016217529773712 and parameters: {'gradient_clip_val': 0.633532969708917, 'hidden_size': 41, 'dropout': 0.22621207390370238, 'hidden_continuous_size': 21, 'attention_head_size': 1, 'learning_rate': 0.06246600749478728}. Best is trial 12 with value: 0.07785964757204056.
LOCAL_RANK: 0 - CUDA_VISIBLE_DEVICES: [0]
[I 2023-11-30 11:00:11,394] Trial 68 finished with value: 0.10223168134689331 and parameters: {'gradient_clip_val': 0.45367595100771047, 'hidden_size': 44, 'dropout': 0.27490319144724207, 'hidden_continuous_size': 28, 'attention_head_size': 1, 'learning_rate': 0.08094575394133612}. Best is trial 12 with value: 0.07785964757204056.
LOCAL_RANK: 0 - CUDA_VISIBLE_DEVICES: [0]
[I 2023-11-30 11:00:24,824] Trial 69 finished with value: 0.15672409534454346 and parameters: {'gradient_clip_val': 0.5273299871555296, 'hidden_size': 53, 'dropout': 0.2456937858034824, 'hidden_continuous_size': 25, 'attention_head_size': 2, 'learning_rate': 0.04583196149449412}. Best is trial 12 with value: 0.07785964757204056.
LOCAL_RANK: 0 - CUDA_VISIBLE_DEVICES: [0]
[I 2023-11-30 11:00:38,052] Trial 70 finished with value: 0.1332387626171112 and parameters: {'gradient_clip_val': 0.5879531203507615, 'hidden_size': 64, 'dropout': 0.25776167548211254, 'hidden_continuous_size': 11, 'attention_head_size': 1, 'learning_rate': 0.05293732932284601}. Best is trial 12 with value: 0.07785964757204056.
LOCAL_RANK: 0 - CUDA_VISIBLE_DEVICES: [0]
[I 2023-11-30 11:00:52,001] Trial 71 finished with value: 0.12796415388584137 and parameters: {'gradient_clip_val': 0.7101757284268477, 'hidden_size': 70, 'dropout': 0.2326503941739238, 'hidden_continuous_size': 45, 'attention_head_size': 3, 'learning_rate': 0.034495413007708295}. Best is trial 12 with value: 0.07785964757204056.
LOCAL_RANK: 0 - CUDA_VISIBLE_DEVICES: [0]
[I 2023-11-30 11:01:06,070] Trial 72 finished with value: 0.13798923790454865 and parameters: {'gradient_clip_val': 0.894421250873422, 'hidden_size': 102, 'dropout': 0.21667016828658212, 'hidden_continuous_size': 31, 'attention_head_size': 3, 'learning_rate': 0.0258847225382897}. Best is trial 12 with value: 0.07785964757204056.
LOCAL_RANK: 0 - CUDA_VISIBLE_DEVICES: [0]
[I 2023-11-30 11:01:19,797] Trial 73 finished with value: 0.0809217244386673 and parameters: {'gradient_clip_val': 0.7894776401260656, 'hidden_size': 58, 'dropout': 0.20348810389539063, 'hidden_continuous_size': 42, 'attention_head_size': 3, 'learning_rate': 0.041645772200237186}. Best is trial 12 with value: 0.07785964757204056.
LOCAL_RANK: 0 - CUDA_VISIBLE_DEVICES: [0]
[I 2023-11-30 11:01:33,416] Trial 74 finished with value: 0.08489105850458145 and parameters: {'gradient_clip_val': 0.8001695381370422, 'hidden_size': 50, 'dropout': 0.20590863602700052, 'hidden_continuous_size': 42, 'attention_head_size': 2, 'learning_rate': 0.041508505714226436}. Best is trial 12 with value: 0.07785964757204056.
LOCAL_RANK: 0 - CUDA_VISIBLE_DEVICES: [0]
[I 2023-11-30 11:01:47,554] Trial 75 finished with value: 0.1195879578590393 and parameters: {'gradient_clip_val': 0.8278182606457163, 'hidden_size': 77, 'dropout': 0.20506011756232864, 'hidden_continuous_size': 42, 'attention_head_size': 2, 'learning_rate': 0.028904016691801423}. Best is trial 12 with value: 0.07785964757204056.
LOCAL_RANK: 0 - CUDA_VISIBLE_DEVICES: [0]
[I 2023-11-30 11:02:01,133] Trial 76 finished with value: 0.10192664712667465 and parameters: {'gradient_clip_val': 0.7730655637230914, 'hidden_size': 58, 'dropout': 0.18561750832987328, 'hidden_continuous_size': 40, 'attention_head_size': 2, 'learning_rate': 0.04084123043748913}. Best is trial 12 with value: 0.07785964757204056.
LOCAL_RANK: 0 - CUDA_VISIBLE_DEVICES: [0]
[I 2023-11-30 11:02:14,792] Trial 77 finished with value: 0.091176338493824 and parameters: {'gradient_clip_val': 0.8119501503305736, 'hidden_size': 56, 'dropout': 0.20194764003672636, 'hidden_continuous_size': 44, 'attention_head_size': 2, 'learning_rate': 0.035149237441019825}. Best is trial 12 with value: 0.07785964757204056.
LOCAL_RANK: 0 - CUDA_VISIBLE_DEVICES: [0]
[I 2023-11-30 11:02:28,578] Trial 78 finished with value: 0.07777731865644455 and parameters: {'gradient_clip_val': 0.9048943952758269, 'hidden_size': 62, 'dropout': 0.1968061910907681, 'hidden_continuous_size': 48, 'attention_head_size': 2, 'learning_rate': 0.04832120327652515}. Best is trial 78 with value: 0.07777731865644455.
LOCAL_RANK: 0 - CUDA_VISIBLE_DEVICES: [0]
