[I 2023-11-30 06:41:39,132] Trial 127 finished with value: 59.2757453918457 and parameters: {'gradient_clip_val': 0.2649091256790159, 'hidden_size': 32, 'dropout': 0.1885361497838312, 'hidden_continuous_size': 19, 'attention_head_size': 1, 'learning_rate': 0.06662416310645192}. Best is trial 82 with value: 44.2860221862793.
LOCAL_RANK: 0 - CUDA_VISIBLE_DEVICES: [0]
[I 2023-11-30 06:41:51,619] Trial 128 finished with value: 66.02758026123047 and parameters: {'gradient_clip_val': 0.18790988602455552, 'hidden_size': 15, 'dropout': 0.24569104690358856, 'hidden_continuous_size': 11, 'attention_head_size': 1, 'learning_rate': 0.036696338523341664}. Best is trial 82 with value: 44.2860221862793.
LOCAL_RANK: 0 - CUDA_VISIBLE_DEVICES: [0]
[I 2023-11-30 06:42:04,703] Trial 129 finished with value: 67.32752227783203 and parameters: {'gradient_clip_val': 0.21564541828975323, 'hidden_size': 41, 'dropout': 0.22617151791836554, 'hidden_continuous_size': 21, 'attention_head_size': 2, 'learning_rate': 0.07309195556039774}. Best is trial 82 with value: 44.2860221862793.
LOCAL_RANK: 0 - CUDA_VISIBLE_DEVICES: [0]
[I 2023-11-30 06:42:17,504] Trial 130 finished with value: 52.90852737426758 and parameters: {'gradient_clip_val': 0.3291169175151082, 'hidden_size': 35, 'dropout': 0.26513404392071815, 'hidden_continuous_size': 20, 'attention_head_size': 1, 'learning_rate': 0.039828770270465864}. Best is trial 82 with value: 44.2860221862793.
LOCAL_RANK: 0 - CUDA_VISIBLE_DEVICES: [0]
[I 2023-11-30 06:42:30,228] Trial 131 finished with value: 79.5370864868164 and parameters: {'gradient_clip_val': 0.3307867165119477, 'hidden_size': 35, 'dropout': 0.26784320597660655, 'hidden_continuous_size': 20, 'attention_head_size': 1, 'learning_rate': 0.04427810937698825}. Best is trial 82 with value: 44.2860221862793.
LOCAL_RANK: 0 - CUDA_VISIBLE_DEVICES: [0]
[I 2023-11-30 06:42:42,890] Trial 132 finished with value: 66.63732147216797 and parameters: {'gradient_clip_val': 0.3484378215632631, 'hidden_size': 30, 'dropout': 0.26227029380793976, 'hidden_continuous_size': 20, 'attention_head_size': 1, 'learning_rate': 0.03360637719888758}. Best is trial 82 with value: 44.2860221862793.
LOCAL_RANK: 0 - CUDA_VISIBLE_DEVICES: [0]
[I 2023-11-30 06:42:55,958] Trial 133 finished with value: 72.09943389892578 and parameters: {'gradient_clip_val': 0.32374676897794646, 'hidden_size': 39, 'dropout': 0.25113031615857045, 'hidden_continuous_size': 21, 'attention_head_size': 1, 'learning_rate': 0.04054948555099491}. Best is trial 82 with value: 44.2860221862793.
LOCAL_RANK: 0 - CUDA_VISIBLE_DEVICES: [0]
[I 2023-11-30 06:43:08,520] Trial 134 finished with value: 66.50506591796875 and parameters: {'gradient_clip_val': 0.2953369369654289, 'hidden_size': 28, 'dropout': 0.21974857471889556, 'hidden_continuous_size': 19, 'attention_head_size': 1, 'learning_rate': 0.04927563937424319}. Best is trial 82 with value: 44.2860221862793.
LOCAL_RANK: 0 - CUDA_VISIBLE_DEVICES: [0]
[I 2023-11-30 06:43:21,617] Trial 135 finished with value: 68.65453338623047 and parameters: {'gradient_clip_val': 0.2718347724269894, 'hidden_size': 34, 'dropout': 0.2412383194443548, 'hidden_continuous_size': 22, 'attention_head_size': 4, 'learning_rate': 0.05626039255173643}. Best is trial 82 with value: 44.2860221862793.
LOCAL_RANK: 0 - CUDA_VISIBLE_DEVICES: [0]
[I 2023-11-30 06:43:32,031] Trial 136 finished with value: 65.62543487548828 and parameters: {'gradient_clip_val': 0.28225726314839344, 'hidden_size': 17, 'dropout': 0.20221240254137446, 'hidden_continuous_size': 17, 'attention_head_size': 1, 'learning_rate': 0.02748056022713399}. Best is trial 82 with value: 44.2860221862793.
LOCAL_RANK: 0 - CUDA_VISIBLE_DEVICES: [0]
[I 2023-11-30 06:43:44,857] Trial 137 finished with value: 68.80309295654297 and parameters: {'gradient_clip_val': 0.23059915523337488, 'hidden_size': 36, 'dropout': 0.13718591929639587, 'hidden_continuous_size': 20, 'attention_head_size': 1, 'learning_rate': 0.08218202788472075}. Best is trial 82 with value: 44.2860221862793.
LOCAL_RANK: 0 - CUDA_VISIBLE_DEVICES: [0]
[I 2023-11-30 06:43:57,432] Trial 138 finished with value: 62.91294860839844 and parameters: {'gradient_clip_val': 0.31263134221263444, 'hidden_size': 31, 'dropout': 0.23228216482587738, 'hidden_continuous_size': 12, 'attention_head_size': 1, 'learning_rate': 0.0971147872340098}. Best is trial 82 with value: 44.2860221862793.
LOCAL_RANK: 0 - CUDA_VISIBLE_DEVICES: [0]
[I 2023-11-30 06:44:10,390] Trial 139 finished with value: 55.31938552856445 and parameters: {'gradient_clip_val': 0.24774837054840898, 'hidden_size': 26, 'dropout': 0.21667671226958937, 'hidden_continuous_size': 15, 'attention_head_size': 3, 'learning_rate': 0.030200251826481533}. Best is trial 82 with value: 44.2860221862793.
LOCAL_RANK: 0 - CUDA_VISIBLE_DEVICES: [0]
[I 2023-11-30 06:44:23,406] Trial 140 finished with value: 63.98008728027344 and parameters: {'gradient_clip_val': 0.25899127280760315, 'hidden_size': 43, 'dropout': 0.17444660676957974, 'hidden_continuous_size': 18, 'attention_head_size': 1, 'learning_rate': 0.06760807745774403}. Best is trial 82 with value: 44.2860221862793.
LOCAL_RANK: 0 - CUDA_VISIBLE_DEVICES: [0]
[I 2023-11-30 06:44:35,666] Trial 141 finished with value: 57.65665054321289 and parameters: {'gradient_clip_val': 0.2914572073290763, 'hidden_size': 24, 'dropout': 0.22656779990229323, 'hidden_continuous_size': 11, 'attention_head_size': 1, 'learning_rate': 0.09119840104855811}. Best is trial 82 with value: 44.2860221862793.
LOCAL_RANK: 0 - CUDA_VISIBLE_DEVICES: [0]
[I 2023-11-30 06:44:47,838] Trial 142 finished with value: 59.74281692504883 and parameters: {'gradient_clip_val': 0.3010331818380693, 'hidden_size': 20, 'dropout': 0.21368451318688955, 'hidden_continuous_size': 14, 'attention_head_size': 1, 'learning_rate': 0.08155748919126289}. Best is trial 82 with value: 44.2860221862793.
LOCAL_RANK: 0 - CUDA_VISIBLE_DEVICES: [0]
[I 2023-11-30 06:45:00,453] Trial 143 finished with value: 72.5623779296875 and parameters: {'gradient_clip_val': 0.339439484199462, 'hidden_size': 32, 'dropout': 0.23892869373541498, 'hidden_continuous_size': 17, 'attention_head_size': 1, 'learning_rate': 0.09070429625556314}. Best is trial 82 with value: 44.2860221862793.
LOCAL_RANK: 0 - CUDA_VISIBLE_DEVICES: [0]
[I 2023-11-30 06:45:12,915] Trial 144 finished with value: 76.75885772705078 and parameters: {'gradient_clip_val': 0.31761716837366305, 'hidden_size': 27, 'dropout': 0.20710821436772198, 'hidden_continuous_size': 10, 'attention_head_size': 1, 'learning_rate': 0.06115968015849696}. Best is trial 82 with value: 44.2860221862793.
LOCAL_RANK: 0 - CUDA_VISIBLE_DEVICES: [0]
[I 2023-11-30 06:45:25,670] Trial 145 finished with value: 69.6346664428711 and parameters: {'gradient_clip_val': 0.27764421721314303, 'hidden_size': 30, 'dropout': 0.1964080017826353, 'hidden_continuous_size': 18, 'attention_head_size': 1, 'learning_rate': 0.09867344067124145}. Best is trial 82 with value: 44.2860221862793.
LOCAL_RANK: 0 - CUDA_VISIBLE_DEVICES: [0]
[I 2023-11-30 06:45:37,746] Trial 146 finished with value: 75.587158203125 and parameters: {'gradient_clip_val': 0.36332745675577366, 'hidden_size': 12, 'dropout': 0.2203458397821872, 'hidden_continuous_size': 11, 'attention_head_size': 1, 'learning_rate': 0.07564656476524087}. Best is trial 82 with value: 44.2860221862793.
LOCAL_RANK: 0 - CUDA_VISIBLE_DEVICES: [0]
[I 2023-11-30 06:45:50,252] Trial 147 finished with value: 71.2557144165039 and parameters: {'gradient_clip_val': 0.3000004589222152, 'hidden_size': 25, 'dropout': 0.155587319960685, 'hidden_continuous_size': 16, 'attention_head_size': 1, 'learning_rate': 0.038885194612955094}. Best is trial 82 with value: 44.2860221862793.
LOCAL_RANK: 0 - CUDA_VISIBLE_DEVICES: [0]
[I 2023-11-30 06:46:02,844] Trial 148 finished with value: 59.60758590698242 and parameters: {'gradient_clip_val': 0.26299188526964856, 'hidden_size': 22, 'dropout': 0.23372119054899618, 'hidden_continuous_size': 13, 'attention_head_size': 1, 'learning_rate': 0.052351183809643216}. Best is trial 82 with value: 44.2860221862793.
LOCAL_RANK: 0 - CUDA_VISIBLE_DEVICES: [0]
[I 2023-11-30 06:46:15,697] Trial 149 finished with value: 75.0935287475586 and parameters: {'gradient_clip_val': 0.23945110602755376, 'hidden_size': 38, 'dropout': 0.11406089759060466, 'hidden_continuous_size': 16, 'attention_head_size': 1, 'learning_rate': 0.044972326770447844}. Best is trial 82 with value: 44.2860221862793.
[I 2023-11-30 06:46:15,809] A new study created in memory with name: no-name-a24dc4e2-ad9a-4ad6-a972-00623b83d2eb
/home/le004/conda/anaconda3/envs/tsff_env/lib/python3.9/site-packages/lightning/fabric/plugins/environments/slurm.py:191: The `srun` command is available on your system but is not used. HINT: If your intention is to run Lightning on SLURM, prepend your python command with `srun` like so: srun python /home/le004/master_thesis/git/TSFusionForecast/code/ ...
LOCAL_RANK: 0 - CUDA_VISIBLE_DEVICES: [0]
[I 2023-11-30 06:46:28,089] Trial 0 finished with value: 1.696276068687439 and parameters: {'gradient_clip_val': 0.3191986359177504, 'hidden_size': 17, 'dropout': 0.16518199410268725, 'hidden_continuous_size': 12, 'attention_head_size': 1, 'learning_rate': 0.004767952988146519}. Best is trial 0 with value: 1.696276068687439.
LOCAL_RANK: 0 - CUDA_VISIBLE_DEVICES: [0]
[I 2023-11-30 06:46:42,080] Trial 1 finished with value: 0.15109792351722717 and parameters: {'gradient_clip_val': 0.21662930000218067, 'hidden_size': 121, 'dropout': 0.14179179298909295, 'hidden_continuous_size': 12, 'attention_head_size': 4, 'learning_rate': 0.0494341336631346}. Best is trial 1 with value: 0.15109792351722717.
LOCAL_RANK: 0 - CUDA_VISIBLE_DEVICES: [0]
[I 2023-11-30 06:46:55,549] Trial 2 finished with value: 0.1982068568468094 and parameters: {'gradient_clip_val': 0.1248897822916446, 'hidden_size': 47, 'dropout': 0.287050779482026, 'hidden_continuous_size': 45, 'attention_head_size': 1, 'learning_rate': 0.04533065182147241}. Best is trial 1 with value: 0.15109792351722717.
LOCAL_RANK: 0 - CUDA_VISIBLE_DEVICES: [0]
[I 2023-11-30 06:47:06,171] Trial 3 finished with value: 0.1985742598772049 and parameters: {'gradient_clip_val': 0.21364932281947382, 'hidden_size': 11, 'dropout': 0.23792832333076896, 'hidden_continuous_size': 11, 'attention_head_size': 3, 'learning_rate': 0.09046848822295249}. Best is trial 1 with value: 0.15109792351722717.
LOCAL_RANK: 0 - CUDA_VISIBLE_DEVICES: [0]
[I 2023-11-30 06:47:19,212] Trial 4 finished with value: 0.1596422791481018 and parameters: {'gradient_clip_val': 0.14128376248728922, 'hidden_size': 52, 'dropout': 0.3993029422759814, 'hidden_continuous_size': 11, 'attention_head_size': 2, 'learning_rate': 0.0774735626382467}. Best is trial 1 with value: 0.15109792351722717.
LOCAL_RANK: 0 - CUDA_VISIBLE_DEVICES: [0]
[I 2023-11-30 06:47:32,316] Trial 5 finished with value: 1.1474725008010864 and parameters: {'gradient_clip_val': 0.584221581942282, 'hidden_size': 39, 'dropout': 0.24172163984415637, 'hidden_continuous_size': 36, 'attention_head_size': 2, 'learning_rate': 0.0024336231506615954}. Best is trial 1 with value: 0.15109792351722717.
LOCAL_RANK: 0 - CUDA_VISIBLE_DEVICES: [0]
[I 2023-11-30 06:47:44,734] Trial 6 finished with value: 3.450164556503296 and parameters: {'gradient_clip_val': 0.8481513224882195, 'hidden_size': 14, 'dropout': 0.27557603394231034, 'hidden_continuous_size': 10, 'attention_head_size': 4, 'learning_rate': 0.0012100775428350158}. Best is trial 1 with value: 0.15109792351722717.
LOCAL_RANK: 0 - CUDA_VISIBLE_DEVICES: [0]
[I 2023-11-30 06:47:57,589] Trial 7 finished with value: 0.14475767314434052 and parameters: {'gradient_clip_val': 0.5842489600743409, 'hidden_size': 33, 'dropout': 0.20980326662871285, 'hidden_continuous_size': 16, 'attention_head_size': 3, 'learning_rate': 0.03577684778148794}. Best is trial 7 with value: 0.14475767314434052.
LOCAL_RANK: 0 - CUDA_VISIBLE_DEVICES: [0]
[I 2023-11-30 06:48:10,067] Trial 8 finished with value: 1.776136875152588 and parameters: {'gradient_clip_val': 0.15108932851415144, 'hidden_size': 17, 'dropout': 0.1224303380220065, 'hidden_continuous_size': 12, 'attention_head_size': 3, 'learning_rate': 0.0054061047477409994}. Best is trial 7 with value: 0.14475767314434052.
LOCAL_RANK: 0 - CUDA_VISIBLE_DEVICES: [0]
[I 2023-11-30 06:48:24,073] Trial 9 finished with value: 0.1547640860080719 and parameters: {'gradient_clip_val': 0.38181285414898086, 'hidden_size': 78, 'dropout': 0.35151701720925077, 'hidden_continuous_size': 63, 'attention_head_size': 1, 'learning_rate': 0.041117903015601316}. Best is trial 7 with value: 0.14475767314434052.
LOCAL_RANK: 0 - CUDA_VISIBLE_DEVICES: [0]
[I 2023-11-30 06:48:36,712] Trial 10 finished with value: 0.34952640533447266 and parameters: {'gradient_clip_val': 0.9919599943070269, 'hidden_size': 25, 'dropout': 0.19279343713993385, 'hidden_continuous_size': 16, 'attention_head_size': 3, 'learning_rate': 0.01679701730151327}. Best is trial 7 with value: 0.14475767314434052.
LOCAL_RANK: 0 - CUDA_VISIBLE_DEVICES: [0]
[I 2023-11-30 06:48:51,253] Trial 11 finished with value: 0.1025536060333252 and parameters: {'gradient_clip_val': 0.23317280931480036, 'hidden_size': 134, 'dropout': 0.11150665054844516, 'hidden_continuous_size': 20, 'attention_head_size': 4, 'learning_rate': 0.022034710331863754}. Best is trial 11 with value: 0.1025536060333252.
LOCAL_RANK: 0 - CUDA_VISIBLE_DEVICES: [0]
[I 2023-11-30 06:49:05,798] Trial 12 finished with value: 0.12161445617675781 and parameters: {'gradient_clip_val': 0.5565628603989308, 'hidden_size': 139, 'dropout': 0.10504065308913058, 'hidden_continuous_size': 22, 'attention_head_size': 4, 'learning_rate': 0.019636556019313776}. Best is trial 11 with value: 0.1025536060333252.
LOCAL_RANK: 0 - CUDA_VISIBLE_DEVICES: [0]
[I 2023-11-30 06:49:20,608] Trial 13 finished with value: 0.21520590782165527 and parameters: {'gradient_clip_val': 0.42517172637390904, 'hidden_size': 146, 'dropout': 0.10227030262954381, 'hidden_continuous_size': 25, 'attention_head_size': 4, 'learning_rate': 0.012927210966936657}. Best is trial 11 with value: 0.1025536060333252.
LOCAL_RANK: 0 - CUDA_VISIBLE_DEVICES: [0]
[I 2023-11-30 06:49:34,606] Trial 14 finished with value: 0.1395113170146942 and parameters: {'gradient_clip_val': 0.24453096941091287, 'hidden_size': 95, 'dropout': 0.10655247681612401, 'hidden_continuous_size': 24, 'attention_head_size': 4, 'learning_rate': 0.021060080294178687}. Best is trial 11 with value: 0.1025536060333252.
LOCAL_RANK: 0 - CUDA_VISIBLE_DEVICES: [0]
[I 2023-11-30 06:49:49,857] Trial 15 finished with value: 0.16105253994464874 and parameters: {'gradient_clip_val': 0.2802404547182933, 'hidden_size': 146, 'dropout': 0.15853402296491478, 'hidden_continuous_size': 129, 'attention_head_size': 4, 'learning_rate': 0.02351247614163553}. Best is trial 11 with value: 0.1025536060333252.
LOCAL_RANK: 0 - CUDA_VISIBLE_DEVICES: [0]
[I 2023-11-30 06:50:03,681] Trial 16 finished with value: 0.24449880421161652 and parameters: {'gradient_clip_val': 0.17046173703739045, 'hidden_size': 76, 'dropout': 0.1445277390139263, 'hidden_continuous_size': 19, 'attention_head_size': 4, 'learning_rate': 0.009138674657604172}. Best is trial 11 with value: 0.1025536060333252.
LOCAL_RANK: 0 - CUDA_VISIBLE_DEVICES: [0]
[I 2023-11-30 06:50:17,733] Trial 17 finished with value: 0.13935500383377075 and parameters: {'gradient_clip_val': 0.10126715907981332, 'hidden_size': 103, 'dropout': 0.10239048426394275, 'hidden_continuous_size': 24, 'attention_head_size': 2, 'learning_rate': 0.010927204226990258}. Best is trial 11 with value: 0.1025536060333252.
LOCAL_RANK: 0 - CUDA_VISIBLE_DEVICES: [0]
[I 2023-11-30 06:50:31,577] Trial 18 finished with value: 0.14580370485782623 and parameters: {'gradient_clip_val': 0.33017266796174505, 'hidden_size': 67, 'dropout': 0.18037998239634107, 'hidden_continuous_size': 18, 'attention_head_size': 3, 'learning_rate': 0.026182143576085913}. Best is trial 11 with value: 0.1025536060333252.
LOCAL_RANK: 0 - CUDA_VISIBLE_DEVICES: [0]
[I 2023-11-30 06:50:46,021] Trial 19 finished with value: 0.1389668732881546 and parameters: {'gradient_clip_val': 0.46666057642458286, 'hidden_size': 109, 'dropout': 0.12761033874503774, 'hidden_continuous_size': 32, 'attention_head_size': 4, 'learning_rate': 0.01625305146436734}. Best is trial 11 with value: 0.1025536060333252.
LOCAL_RANK: 0 - CUDA_VISIBLE_DEVICES: [0]
[I 2023-11-30 06:51:00,534] Trial 20 finished with value: 0.1973310261964798 and parameters: {'gradient_clip_val': 0.19266755821214923, 'hidden_size': 146, 'dropout': 0.14810981596598688, 'hidden_continuous_size': 50, 'attention_head_size': 3, 'learning_rate': 0.02816651844394544}. Best is trial 11 with value: 0.1025536060333252.
LOCAL_RANK: 0 - CUDA_VISIBLE_DEVICES: [0]
[I 2023-11-30 06:51:14,790] Trial 21 finished with value: 0.1358291357755661 and parameters: {'gradient_clip_val': 0.4600780073681227, 'hidden_size': 107, 'dropout': 0.13581989110700096, 'hidden_continuous_size': 30, 'attention_head_size': 4, 'learning_rate': 0.016736935973542012}. Best is trial 11 with value: 0.1025536060333252.
LOCAL_RANK: 0 - CUDA_VISIBLE_DEVICES: [0]
[I 2023-11-30 06:51:28,720] Trial 22 finished with value: 0.1405944973230362 and parameters: {'gradient_clip_val': 0.25935268696502295, 'hidden_size': 95, 'dropout': 0.1280880705410309, 'hidden_continuous_size': 25, 'attention_head_size': 4, 'learning_rate': 0.00969370515746977}. Best is trial 11 with value: 0.1025536060333252.
LOCAL_RANK: 0 - CUDA_VISIBLE_DEVICES: [0]
[I 2023-11-30 06:51:43,238] Trial 23 finished with value: 0.14055363833904266 and parameters: {'gradient_clip_val': 0.5016034038637307, 'hidden_size': 123, 'dropout': 0.1657603067207332, 'hidden_continuous_size': 31, 'attention_head_size': 4, 'learning_rate': 0.018274659943638364}. Best is trial 11 with value: 0.1025536060333252.
LOCAL_RANK: 0 - CUDA_VISIBLE_DEVICES: [0]
[I 2023-11-30 06:51:57,092] Trial 24 finished with value: 0.15272866189479828 and parameters: {'gradient_clip_val': 0.3632851062056932, 'hidden_size': 84, 'dropout': 0.11867465372551818, 'hidden_continuous_size': 20, 'attention_head_size': 4, 'learning_rate': 0.03039726197493758}. Best is trial 11 with value: 0.1025536060333252.
LOCAL_RANK: 0 - CUDA_VISIBLE_DEVICES: [0]
[I 2023-11-30 06:52:10,700] Trial 25 finished with value: 0.15566538274288177 and parameters: {'gradient_clip_val': 0.2924362027662836, 'hidden_size': 62, 'dropout': 0.1358280715686045, 'hidden_continuous_size': 21, 'attention_head_size': 3, 'learning_rate': 0.015436090518566233}. Best is trial 11 with value: 0.1025536060333252.
LOCAL_RANK: 0 - CUDA_VISIBLE_DEVICES: [0]
[I 2023-11-30 06:52:24,869] Trial 26 finished with value: 0.1626298576593399 and parameters: {'gradient_clip_val': 0.6688304059360213, 'hidden_size': 117, 'dropout': 0.18528224070616256, 'hidden_continuous_size': 14, 'attention_head_size': 4, 'learning_rate': 0.007660220377168811}. Best is trial 11 with value: 0.1025536060333252.
LOCAL_RANK: 0 - CUDA_VISIBLE_DEVICES: [0]
[I 2023-11-30 06:52:38,806] Trial 27 finished with value: 0.1548895388841629 and parameters: {'gradient_clip_val': 0.3962405649472914, 'hidden_size': 86, 'dropout': 0.10319638573268523, 'hidden_continuous_size': 27, 'attention_head_size': 3, 'learning_rate': 0.012927704610683292}. Best is trial 11 with value: 0.1025536060333252.
LOCAL_RANK: 0 - CUDA_VISIBLE_DEVICES: [0]
[I 2023-11-30 06:52:53,244] Trial 28 finished with value: 0.3025777339935303 and parameters: {'gradient_clip_val': 0.46661764752730683, 'hidden_size': 123, 'dropout': 0.15318413435267614, 'hidden_continuous_size': 17, 'attention_head_size': 4, 'learning_rate': 0.020737597255376293}. Best is trial 11 with value: 0.1025536060333252.
LOCAL_RANK: 0 - CUDA_VISIBLE_DEVICES: [0]
[I 2023-11-30 06:53:06,762] Trial 29 finished with value: 0.35678839683532715 and parameters: {'gradient_clip_val': 0.3499209954348454, 'hidden_size': 64, 'dropout': 0.16602622268461475, 'hidden_continuous_size': 22, 'attention_head_size': 2, 'learning_rate': 0.006675185621919861}. Best is trial 11 with value: 0.1025536060333252.
LOCAL_RANK: 0 - CUDA_VISIBLE_DEVICES: [0]
[I 2023-11-30 06:53:20,660] Trial 30 finished with value: 0.142196923494339 and parameters: {'gradient_clip_val': 0.31693499523390517, 'hidden_size': 101, 'dropout': 0.13431563072457242, 'hidden_continuous_size': 14, 'attention_head_size': 4, 'learning_rate': 0.06316339053854647}. Best is trial 11 with value: 0.1025536060333252.
LOCAL_RANK: 0 - CUDA_VISIBLE_DEVICES: [0]
[I 2023-11-30 06:53:34,955] Trial 31 finished with value: 0.17706884443759918 and parameters: {'gradient_clip_val': 0.46392469990845, 'hidden_size': 106, 'dropout': 0.12008434579926273, 'hidden_continuous_size': 29, 'attention_head_size': 4, 'learning_rate': 0.014886212341130545}. Best is trial 11 with value: 0.1025536060333252.
LOCAL_RANK: 0 - CUDA_VISIBLE_DEVICES: [0]
[I 2023-11-30 06:53:49,227] Trial 32 finished with value: 0.14424122869968414 and parameters: {'gradient_clip_val': 0.5364877239790904, 'hidden_size': 124, 'dropout': 0.12490339582796894, 'hidden_continuous_size': 35, 'attention_head_size': 4, 'learning_rate': 0.031090679977300795}. Best is trial 11 with value: 0.1025536060333252.
LOCAL_RANK: 0 - CUDA_VISIBLE_DEVICES: [0]
[I 2023-11-30 06:54:03,703] Trial 33 finished with value: 0.1430646777153015 and parameters: {'gradient_clip_val': 0.42856565624717324, 'hidden_size': 115, 'dropout': 0.1421845914591088, 'hidden_continuous_size': 30, 'attention_head_size': 4, 'learning_rate': 0.0207238921864557}. Best is trial 11 with value: 0.1025536060333252.
LOCAL_RANK: 0 - CUDA_VISIBLE_DEVICES: [0]
