[I 2023-11-30 10:35:49,273] Trial 114 finished with value: 0.17982538044452667 and parameters: {'gradient_clip_val': 0.6462567783541113, 'hidden_size': 48, 'dropout': 0.33156979290615957, 'hidden_continuous_size': 41, 'attention_head_size': 1, 'learning_rate': 0.02940381565266395}. Best is trial 93 with value: 0.10317108035087585.
LOCAL_RANK: 0 - CUDA_VISIBLE_DEVICES: [0]
[I 2023-11-30 10:36:02,795] Trial 115 finished with value: 0.28167980909347534 and parameters: {'gradient_clip_val': 0.8423890071370503, 'hidden_size': 45, 'dropout': 0.2492997747853318, 'hidden_continuous_size': 40, 'attention_head_size': 1, 'learning_rate': 0.03764369933971561}. Best is trial 93 with value: 0.10317108035087585.
LOCAL_RANK: 0 - CUDA_VISIBLE_DEVICES: [0]
[I 2023-11-30 10:36:16,541] Trial 116 finished with value: 0.15795940160751343 and parameters: {'gradient_clip_val': 0.6141828647324491, 'hidden_size': 59, 'dropout': 0.29253430587205204, 'hidden_continuous_size': 51, 'attention_head_size': 1, 'learning_rate': 0.04788468762052778}. Best is trial 93 with value: 0.10317108035087585.
LOCAL_RANK: 0 - CUDA_VISIBLE_DEVICES: [0]
[I 2023-11-30 10:36:30,232] Trial 117 finished with value: 0.21235541999340057 and parameters: {'gradient_clip_val': 0.582416415544865, 'hidden_size': 51, 'dropout': 0.30018948377755, 'hidden_continuous_size': 44, 'attention_head_size': 3, 'learning_rate': 0.024767004730076467}. Best is trial 93 with value: 0.10317108035087585.
LOCAL_RANK: 0 - CUDA_VISIBLE_DEVICES: [0]
[I 2023-11-30 10:36:44,128] Trial 118 finished with value: 0.1403968781232834 and parameters: {'gradient_clip_val': 0.7603587958419826, 'hidden_size': 66, 'dropout': 0.2260176885181538, 'hidden_continuous_size': 56, 'attention_head_size': 1, 'learning_rate': 0.0320928300995695}. Best is trial 93 with value: 0.10317108035087585.
LOCAL_RANK: 0 - CUDA_VISIBLE_DEVICES: [0]
[I 2023-11-30 10:36:58,282] Trial 119 finished with value: 0.15457098186016083 and parameters: {'gradient_clip_val': 0.8021993331790598, 'hidden_size': 71, 'dropout': 0.26335163679673185, 'hidden_continuous_size': 58, 'attention_head_size': 1, 'learning_rate': 0.03559824426260368}. Best is trial 93 with value: 0.10317108035087585.
LOCAL_RANK: 0 - CUDA_VISIBLE_DEVICES: [0]
[I 2023-11-30 10:37:12,019] Trial 120 finished with value: 0.19175560772418976 and parameters: {'gradient_clip_val': 0.926173262419871, 'hidden_size': 61, 'dropout': 0.25139475803367317, 'hidden_continuous_size': 53, 'attention_head_size': 1, 'learning_rate': 0.04316624025570787}. Best is trial 93 with value: 0.10317108035087585.
LOCAL_RANK: 0 - CUDA_VISIBLE_DEVICES: [0]
[I 2023-11-30 10:37:25,555] Trial 121 finished with value: 0.24026362597942352 and parameters: {'gradient_clip_val': 0.5323544095969559, 'hidden_size': 44, 'dropout': 0.3092522651241805, 'hidden_continuous_size': 42, 'attention_head_size': 3, 'learning_rate': 0.027851221731076254}. Best is trial 93 with value: 0.10317108035087585.
LOCAL_RANK: 0 - CUDA_VISIBLE_DEVICES: [0]
[I 2023-11-30 10:37:38,494] Trial 122 finished with value: 0.16794784367084503 and parameters: {'gradient_clip_val': 0.7152204824663881, 'hidden_size': 40, 'dropout': 0.3185650463272635, 'hidden_continuous_size': 38, 'attention_head_size': 1, 'learning_rate': 0.022332288112131123}. Best is trial 93 with value: 0.10317108035087585.
LOCAL_RANK: 0 - CUDA_VISIBLE_DEVICES: [0]
[I 2023-11-30 10:37:51,811] Trial 123 finished with value: 0.27637386322021484 and parameters: {'gradient_clip_val': 0.8738439231370553, 'hidden_size': 48, 'dropout': 0.2804480421594707, 'hidden_continuous_size': 45, 'attention_head_size': 1, 'learning_rate': 0.025793165630840362}. Best is trial 93 with value: 0.10317108035087585.
LOCAL_RANK: 0 - CUDA_VISIBLE_DEVICES: [0]
[I 2023-11-30 10:38:05,842] Trial 124 finished with value: 0.24394898116588593 and parameters: {'gradient_clip_val': 0.6850098111633218, 'hidden_size': 84, 'dropout': 0.3045896232046287, 'hidden_continuous_size': 63, 'attention_head_size': 1, 'learning_rate': 0.030054266359217003}. Best is trial 93 with value: 0.10317108035087585.
LOCAL_RANK: 0 - CUDA_VISIBLE_DEVICES: [0]
[I 2023-11-30 10:38:19,397] Trial 125 finished with value: 0.17905408143997192 and parameters: {'gradient_clip_val': 0.6342964508831354, 'hidden_size': 54, 'dropout': 0.2975251198937088, 'hidden_continuous_size': 48, 'attention_head_size': 1, 'learning_rate': 0.07857186776171901}. Best is trial 93 with value: 0.10317108035087585.
LOCAL_RANK: 0 - CUDA_VISIBLE_DEVICES: [0]
[I 2023-11-30 10:38:32,819] Trial 126 finished with value: 0.15032362937927246 and parameters: {'gradient_clip_val': 0.5012818261034813, 'hidden_size': 36, 'dropout': 0.3128459004335467, 'hidden_continuous_size': 35, 'attention_head_size': 1, 'learning_rate': 0.038630499686991636}. Best is trial 93 with value: 0.10317108035087585.
LOCAL_RANK: 0 - CUDA_VISIBLE_DEVICES: [0]
[I 2023-11-30 10:38:47,383] Trial 127 finished with value: 0.23652680218219757 and parameters: {'gradient_clip_val': 0.9790441283471167, 'hidden_size': 66, 'dropout': 0.32294320455742515, 'hidden_continuous_size': 56, 'attention_head_size': 2, 'learning_rate': 0.03419998688202526}. Best is trial 93 with value: 0.10317108035087585.
LOCAL_RANK: 0 - CUDA_VISIBLE_DEVICES: [0]
[I 2023-11-30 10:39:02,660] Trial 128 finished with value: 0.14338542520999908 and parameters: {'gradient_clip_val': 0.8375978667060561, 'hidden_size': 73, 'dropout': 0.289090426442776, 'hidden_continuous_size': 60, 'attention_head_size': 1, 'learning_rate': 0.019160997337914907}. Best is trial 93 with value: 0.10317108035087585.
LOCAL_RANK: 0 - CUDA_VISIBLE_DEVICES: [0]
[I 2023-11-30 10:39:17,239] Trial 129 finished with value: 0.262186199426651 and parameters: {'gradient_clip_val': 0.5643138583179003, 'hidden_size': 45, 'dropout': 0.24244574286702683, 'hidden_continuous_size': 43, 'attention_head_size': 1, 'learning_rate': 0.021908102722148506}. Best is trial 93 with value: 0.10317108035087585.
LOCAL_RANK: 0 - CUDA_VISIBLE_DEVICES: [0]
[I 2023-11-30 10:39:31,844] Trial 130 finished with value: 0.1391332596540451 and parameters: {'gradient_clip_val': 0.9969522433689866, 'hidden_size': 57, 'dropout': 0.26012891369718566, 'hidden_continuous_size': 51, 'attention_head_size': 1, 'learning_rate': 0.02886726923489658}. Best is trial 93 with value: 0.10317108035087585.
LOCAL_RANK: 0 - CUDA_VISIBLE_DEVICES: [0]
[I 2023-11-30 10:39:46,474] Trial 131 finished with value: 0.18369029462337494 and parameters: {'gradient_clip_val': 0.9298920290104887, 'hidden_size': 57, 'dropout': 0.25026289689587644, 'hidden_continuous_size': 51, 'attention_head_size': 1, 'learning_rate': 0.03028707569541873}. Best is trial 93 with value: 0.10317108035087585.
LOCAL_RANK: 0 - CUDA_VISIBLE_DEVICES: [0]
[I 2023-11-30 10:40:01,279] Trial 132 finished with value: 0.20461632311344147 and parameters: {'gradient_clip_val': 0.9464355827414718, 'hidden_size': 51, 'dropout': 0.2748405010884335, 'hidden_continuous_size': 47, 'attention_head_size': 1, 'learning_rate': 0.02720596544335724}. Best is trial 93 with value: 0.10317108035087585.
LOCAL_RANK: 0 - CUDA_VISIBLE_DEVICES: [0]
[I 2023-11-30 10:40:15,744] Trial 133 finished with value: 0.18659484386444092 and parameters: {'gradient_clip_val': 0.8887256147085586, 'hidden_size': 64, 'dropout': 0.25851360691637937, 'hidden_continuous_size': 54, 'attention_head_size': 1, 'learning_rate': 0.03147914256934876}. Best is trial 93 with value: 0.10317108035087585.
LOCAL_RANK: 0 - CUDA_VISIBLE_DEVICES: [0]
[I 2023-11-30 10:40:30,498] Trial 134 finished with value: 0.21749992668628693 and parameters: {'gradient_clip_val': 0.7750630856623549, 'hidden_size': 61, 'dropout': 0.26643495381122895, 'hidden_continuous_size': 52, 'attention_head_size': 1, 'learning_rate': 0.024038640408617508}. Best is trial 93 with value: 0.10317108035087585.
LOCAL_RANK: 0 - CUDA_VISIBLE_DEVICES: [0]
[I 2023-11-30 10:40:45,146] Trial 135 finished with value: 0.19261051714420319 and parameters: {'gradient_clip_val': 0.9548541378338758, 'hidden_size': 55, 'dropout': 0.3457056317807172, 'hidden_continuous_size': 48, 'attention_head_size': 1, 'learning_rate': 0.06678896362396024}. Best is trial 93 with value: 0.10317108035087585.
LOCAL_RANK: 0 - CUDA_VISIBLE_DEVICES: [0]
[I 2023-11-30 10:41:00,542] Trial 136 finished with value: 0.14240150153636932 and parameters: {'gradient_clip_val': 0.9874389619689191, 'hidden_size': 77, 'dropout': 0.3347490266656626, 'hidden_continuous_size': 67, 'attention_head_size': 1, 'learning_rate': 0.039098975772666356}. Best is trial 93 with value: 0.10317108035087585.
LOCAL_RANK: 0 - CUDA_VISIBLE_DEVICES: [0]
[I 2023-11-30 10:41:15,593] Trial 137 finished with value: 0.1453849822282791 and parameters: {'gradient_clip_val': 0.8892800720282775, 'hidden_size': 70, 'dropout': 0.2866336519746016, 'hidden_continuous_size': 58, 'attention_head_size': 3, 'learning_rate': 0.051343917089235726}. Best is trial 93 with value: 0.10317108035087585.
LOCAL_RANK: 0 - CUDA_VISIBLE_DEVICES: [0]
[I 2023-11-30 10:41:29,805] Trial 138 finished with value: 0.2039719820022583 and parameters: {'gradient_clip_val': 0.607458426124427, 'hidden_size': 52, 'dropout': 0.23620662806213732, 'hidden_continuous_size': 49, 'attention_head_size': 1, 'learning_rate': 0.05726794432069355}. Best is trial 93 with value: 0.10317108035087585.
LOCAL_RANK: 0 - CUDA_VISIBLE_DEVICES: [0]
[I 2023-11-30 10:41:45,265] Trial 139 finished with value: 0.11666574329137802 and parameters: {'gradient_clip_val': 0.8167617551131202, 'hidden_size': 102, 'dropout': 0.24621719519954152, 'hidden_continuous_size': 83, 'attention_head_size': 1, 'learning_rate': 0.02766305283556704}. Best is trial 93 with value: 0.10317108035087585.
LOCAL_RANK: 0 - CUDA_VISIBLE_DEVICES: [0]
[I 2023-11-30 10:42:00,696] Trial 140 finished with value: 0.19104941189289093 and parameters: {'gradient_clip_val': 0.738264267967498, 'hidden_size': 102, 'dropout': 0.24371661852479495, 'hidden_continuous_size': 87, 'attention_head_size': 1, 'learning_rate': 0.020722815944009446}. Best is trial 93 with value: 0.10317108035087585.
LOCAL_RANK: 0 - CUDA_VISIBLE_DEVICES: [0]
[I 2023-11-30 10:42:15,394] Trial 141 finished with value: 0.11679921299219131 and parameters: {'gradient_clip_val': 0.7993376922322033, 'hidden_size': 58, 'dropout': 0.2520407670159411, 'hidden_continuous_size': 55, 'attention_head_size': 1, 'learning_rate': 0.02826174001100379}. Best is trial 93 with value: 0.10317108035087585.
LOCAL_RANK: 0 - CUDA_VISIBLE_DEVICES: [0]
[I 2023-11-30 10:42:30,954] Trial 142 finished with value: 0.15140973031520844 and parameters: {'gradient_clip_val': 0.814119155278675, 'hidden_size': 114, 'dropout': 0.2529620383844007, 'hidden_continuous_size': 72, 'attention_head_size': 1, 'learning_rate': 0.02664441009706893}. Best is trial 93 with value: 0.10317108035087585.
LOCAL_RANK: 0 - CUDA_VISIBLE_DEVICES: [0]
[I 2023-11-30 10:42:46,348] Trial 143 finished with value: 0.15397177636623383 and parameters: {'gradient_clip_val': 0.8506161533064108, 'hidden_size': 119, 'dropout': 0.24894469051466656, 'hidden_continuous_size': 75, 'attention_head_size': 1, 'learning_rate': 0.03423796799060047}. Best is trial 93 with value: 0.10317108035087585.
LOCAL_RANK: 0 - CUDA_VISIBLE_DEVICES: [0]
[I 2023-11-30 10:43:02,447] Trial 144 finished with value: 0.24045731127262115 and parameters: {'gradient_clip_val': 0.6603790360667878, 'hidden_size': 93, 'dropout': 0.3598369149104186, 'hidden_continuous_size': 81, 'attention_head_size': 1, 'learning_rate': 0.024384994809566966}. Best is trial 93 with value: 0.10317108035087585.
LOCAL_RANK: 0 - CUDA_VISIBLE_DEVICES: [0]
[I 2023-11-30 10:43:17,499] Trial 145 finished with value: 0.17321979999542236 and parameters: {'gradient_clip_val': 0.7220389587786722, 'hidden_size': 49, 'dropout': 0.2944083651161877, 'hidden_continuous_size': 46, 'attention_head_size': 1, 'learning_rate': 0.04429864624337414}. Best is trial 93 with value: 0.10317108035087585.
LOCAL_RANK: 0 - CUDA_VISIBLE_DEVICES: [0]
[I 2023-11-30 10:43:32,970] Trial 146 finished with value: 0.19334518909454346 and parameters: {'gradient_clip_val': 0.7595569248154168, 'hidden_size': 89, 'dropout': 0.30648371316509265, 'hidden_continuous_size': 68, 'attention_head_size': 1, 'learning_rate': 0.036143770299562464}. Best is trial 93 with value: 0.10317108035087585.
LOCAL_RANK: 0 - CUDA_VISIBLE_DEVICES: [0]
[I 2023-11-30 10:43:47,727] Trial 147 finished with value: 0.1582828015089035 and parameters: {'gradient_clip_val': 0.8043631122598922, 'hidden_size': 60, 'dropout': 0.3272886339306338, 'hidden_continuous_size': 56, 'attention_head_size': 1, 'learning_rate': 0.03141607039515012}. Best is trial 93 with value: 0.10317108035087585.
LOCAL_RANK: 0 - CUDA_VISIBLE_DEVICES: [0]
[I 2023-11-30 10:44:03,262] Trial 148 finished with value: 0.17177431285381317 and parameters: {'gradient_clip_val': 0.29156626025750804, 'hidden_size': 81, 'dropout': 0.3152391159438415, 'hidden_continuous_size': 65, 'attention_head_size': 2, 'learning_rate': 0.02240281028929472}. Best is trial 93 with value: 0.10317108035087585.
LOCAL_RANK: 0 - CUDA_VISIBLE_DEVICES: [0]
[I 2023-11-30 10:44:18,421] Trial 149 finished with value: 0.15170085430145264 and parameters: {'gradient_clip_val': 0.7044468255604637, 'hidden_size': 101, 'dropout': 0.23721802563009098, 'hidden_continuous_size': 40, 'attention_head_size': 1, 'learning_rate': 0.01663244082835178}. Best is trial 93 with value: 0.10317108035087585.
[I 2023-11-30 10:44:18,538] A new study created in memory with name: no-name-ca560bae-80be-4485-af83-b1a72c06f70d
/home/le004/conda/anaconda3/envs/tsff_env/lib/python3.9/site-packages/lightning/fabric/plugins/environments/slurm.py:191: The `srun` command is available on your system but is not used. HINT: If your intention is to run Lightning on SLURM, prepend your python command with `srun` like so: srun python /home/le004/master_thesis/git/TSFusionForecast/code/ ...
LOCAL_RANK: 0 - CUDA_VISIBLE_DEVICES: [0]
[I 2023-11-30 10:44:32,667] Trial 0 finished with value: 0.3114343583583832 and parameters: {'gradient_clip_val': 0.2440953703094827, 'hidden_size': 29, 'dropout': 0.1313902710504392, 'hidden_continuous_size': 20, 'attention_head_size': 2, 'learning_rate': 0.015036686111884658}. Best is trial 0 with value: 0.3114343583583832.
LOCAL_RANK: 0 - CUDA_VISIBLE_DEVICES: [0]
[I 2023-11-30 10:44:47,883] Trial 1 finished with value: 0.18302959203720093 and parameters: {'gradient_clip_val': 0.2770097208340218, 'hidden_size': 122, 'dropout': 0.14959956895889925, 'hidden_continuous_size': 13, 'attention_head_size': 4, 'learning_rate': 0.09101571382263675}. Best is trial 1 with value: 0.18302959203720093.
LOCAL_RANK: 0 - CUDA_VISIBLE_DEVICES: [0]
[I 2023-11-30 10:45:02,856] Trial 2 finished with value: 1.424220085144043 and parameters: {'gradient_clip_val': 0.9828142644839162, 'hidden_size': 65, 'dropout': 0.30351756713418476, 'hidden_continuous_size': 12, 'attention_head_size': 4, 'learning_rate': 0.001972228679114891}. Best is trial 1 with value: 0.18302959203720093.
LOCAL_RANK: 0 - CUDA_VISIBLE_DEVICES: [0]
[I 2023-11-30 10:45:16,951] Trial 3 finished with value: 1.3509831428527832 and parameters: {'gradient_clip_val': 0.7170673284112256, 'hidden_size': 41, 'dropout': 0.2444022635616662, 'hidden_continuous_size': 25, 'attention_head_size': 2, 'learning_rate': 0.0024430653541688825}. Best is trial 1 with value: 0.18302959203720093.
LOCAL_RANK: 0 - CUDA_VISIBLE_DEVICES: [0]
[I 2023-11-30 10:45:28,913] Trial 4 finished with value: 1.227521300315857 and parameters: {'gradient_clip_val': 0.2662122747114377, 'hidden_size': 13, 'dropout': 0.14370791675064107, 'hidden_continuous_size': 13, 'attention_head_size': 1, 'learning_rate': 0.006273404457471916}. Best is trial 1 with value: 0.18302959203720093.
LOCAL_RANK: 0 - CUDA_VISIBLE_DEVICES: [0]
[I 2023-11-30 10:45:42,444] Trial 5 finished with value: 2.6601598262786865 and parameters: {'gradient_clip_val': 0.32083236927726044, 'hidden_size': 24, 'dropout': 0.17897192032185316, 'hidden_continuous_size': 11, 'attention_head_size': 3, 'learning_rate': 0.0024807734920692407}. Best is trial 1 with value: 0.18302959203720093.
LOCAL_RANK: 0 - CUDA_VISIBLE_DEVICES: [0]
[I 2023-11-30 10:45:56,570] Trial 6 finished with value: 0.6334385275840759 and parameters: {'gradient_clip_val': 0.1776902942408155, 'hidden_size': 32, 'dropout': 0.3090371795546548, 'hidden_continuous_size': 11, 'attention_head_size': 3, 'learning_rate': 0.007703132569706619}. Best is trial 1 with value: 0.18302959203720093.
LOCAL_RANK: 0 - CUDA_VISIBLE_DEVICES: [0]
[I 2023-11-30 10:46:10,922] Trial 7 finished with value: 0.1483088731765747 and parameters: {'gradient_clip_val': 0.9069420614200687, 'hidden_size': 31, 'dropout': 0.3661736912696376, 'hidden_continuous_size': 17, 'attention_head_size': 4, 'learning_rate': 0.08646005915895609}. Best is trial 7 with value: 0.1483088731765747.
LOCAL_RANK: 0 - CUDA_VISIBLE_DEVICES: [0]
[I 2023-11-30 10:46:25,470] Trial 8 finished with value: 0.13806533813476562 and parameters: {'gradient_clip_val': 0.2805918326660362, 'hidden_size': 18, 'dropout': 0.2818299283829083, 'hidden_continuous_size': 15, 'attention_head_size': 4, 'learning_rate': 0.06556807716132358}. Best is trial 8 with value: 0.13806533813476562.
LOCAL_RANK: 0 - CUDA_VISIBLE_DEVICES: [0]
[I 2023-11-30 10:46:37,510] Trial 9 finished with value: 0.11188986152410507 and parameters: {'gradient_clip_val': 0.6324973705754384, 'hidden_size': 83, 'dropout': 0.19545083590881368, 'hidden_continuous_size': 83, 'attention_head_size': 1, 'learning_rate': 0.013018526649705386}. Best is trial 9 with value: 0.11188986152410507.
LOCAL_RANK: 0 - CUDA_VISIBLE_DEVICES: [0]
[I 2023-11-30 10:46:53,686] Trial 10 finished with value: 0.15555590391159058 and parameters: {'gradient_clip_val': 0.10623247425452678, 'hidden_size': 134, 'dropout': 0.21100191305813853, 'hidden_continuous_size': 93, 'attention_head_size': 1, 'learning_rate': 0.022515202512837416}. Best is trial 9 with value: 0.11188986152410507.
LOCAL_RANK: 0 - CUDA_VISIBLE_DEVICES: [0]
[I 2023-11-30 10:47:05,504] Trial 11 finished with value: 0.6076614260673523 and parameters: {'gradient_clip_val': 0.5067638824016577, 'hidden_size': 10, 'dropout': 0.22455619365092125, 'hidden_continuous_size': 10, 'attention_head_size': 2, 'learning_rate': 0.0273977624102565}. Best is trial 9 with value: 0.11188986152410507.
LOCAL_RANK: 0 - CUDA_VISIBLE_DEVICES: [0]
[I 2023-11-30 10:47:20,409] Trial 12 finished with value: 0.07785964757204056 and parameters: {'gradient_clip_val': 0.46419659314998096, 'hidden_size': 76, 'dropout': 0.2820811196278426, 'hidden_continuous_size': 46, 'attention_head_size': 3, 'learning_rate': 0.03810062105254227}. Best is trial 12 with value: 0.07785964757204056.
LOCAL_RANK: 0 - CUDA_VISIBLE_DEVICES: [0]
[I 2023-11-30 10:47:35,592] Trial 13 finished with value: 0.11514406651258469 and parameters: {'gradient_clip_val': 0.5146138706707414, 'hidden_size': 78, 'dropout': 0.10650388301714814, 'hidden_continuous_size': 65, 'attention_head_size': 3, 'learning_rate': 0.03992581659020779}. Best is trial 12 with value: 0.07785964757204056.
LOCAL_RANK: 0 - CUDA_VISIBLE_DEVICES: [0]
[I 2023-11-30 10:47:49,414] Trial 14 finished with value: 0.13338564336299896 and parameters: {'gradient_clip_val': 0.49406188665409245, 'hidden_size': 59, 'dropout': 0.19890615564120812, 'hidden_continuous_size': 41, 'attention_head_size': 1, 'learning_rate': 0.012171156087046296}. Best is trial 12 with value: 0.07785964757204056.
LOCAL_RANK: 0 - CUDA_VISIBLE_DEVICES: [0]
[I 2023-11-30 10:48:03,501] Trial 15 finished with value: 0.11275484412908554 and parameters: {'gradient_clip_val': 0.6628536297850114, 'hidden_size': 85, 'dropout': 0.2656827740140883, 'hidden_continuous_size': 42, 'attention_head_size': 2, 'learning_rate': 0.04852760095638983}. Best is trial 12 with value: 0.07785964757204056.
LOCAL_RANK: 0 - CUDA_VISIBLE_DEVICES: [0]
[I 2023-11-30 10:48:16,805] Trial 16 finished with value: 0.18909607827663422 and parameters: {'gradient_clip_val': 0.39969307376537166, 'hidden_size': 46, 'dropout': 0.2408651898173697, 'hidden_continuous_size': 27, 'attention_head_size': 3, 'learning_rate': 0.027531099093653248}. Best is trial 12 with value: 0.07785964757204056.
LOCAL_RANK: 0 - CUDA_VISIBLE_DEVICES: [0]
[I 2023-11-30 10:48:31,060] Trial 17 finished with value: 0.1432374268770218 and parameters: {'gradient_clip_val': 0.6628782409760797, 'hidden_size': 97, 'dropout': 0.1893543684374199, 'hidden_continuous_size': 66, 'attention_head_size': 1, 'learning_rate': 0.005243129121605683}. Best is trial 12 with value: 0.07785964757204056.
LOCAL_RANK: 0 - CUDA_VISIBLE_DEVICES: [0]
[I 2023-11-30 10:48:44,486] Trial 18 finished with value: 0.11574947834014893 and parameters: {'gradient_clip_val': 0.3847431510758888, 'hidden_size': 54, 'dropout': 0.342721852361314, 'hidden_continuous_size': 30, 'attention_head_size': 2, 'learning_rate': 0.017694544008935126}. Best is trial 12 with value: 0.07785964757204056.
LOCAL_RANK: 0 - CUDA_VISIBLE_DEVICES: [0]
[I 2023-11-30 10:48:59,408] Trial 19 finished with value: 0.14250031113624573 and parameters: {'gradient_clip_val': 0.8029839293986837, 'hidden_size': 103, 'dropout': 0.26239753516492903, 'hidden_continuous_size': 101, 'attention_head_size': 3, 'learning_rate': 0.009672563468728418}. Best is trial 12 with value: 0.07785964757204056.
LOCAL_RANK: 0 - CUDA_VISIBLE_DEVICES: [0]
[I 2023-11-30 10:49:12,961] Trial 20 finished with value: 0.8945929408073425 and parameters: {'gradient_clip_val': 0.6067666354424531, 'hidden_size': 72, 'dropout': 0.39863164748007024, 'hidden_continuous_size': 41, 'attention_head_size': 1, 'learning_rate': 0.0010270596604089882}. Best is trial 12 with value: 0.07785964757204056.
LOCAL_RANK: 0 - CUDA_VISIBLE_DEVICES: [0]
