[I 2023-11-30 08:36:25,119] Trial 44 finished with value: 0.11361073702573776 and parameters: {'gradient_clip_val': 0.8827993293516481, 'hidden_size': 88, 'dropout': 0.26056900182165726, 'hidden_continuous_size': 37, 'attention_head_size': 1, 'learning_rate': 0.08093149766039302}. Best is trial 27 with value: 0.11003655195236206.
LOCAL_RANK: 0 - CUDA_VISIBLE_DEVICES: [0]
[I 2023-11-30 08:36:38,771] Trial 45 finished with value: 0.15281926095485687 and parameters: {'gradient_clip_val': 0.8969459515298095, 'hidden_size': 86, 'dropout': 0.2982832687831779, 'hidden_continuous_size': 31, 'attention_head_size': 1, 'learning_rate': 0.08220333885757}. Best is trial 27 with value: 0.11003655195236206.
LOCAL_RANK: 0 - CUDA_VISIBLE_DEVICES: [0]
[I 2023-11-30 08:36:53,473] Trial 46 finished with value: 0.14110545814037323 and parameters: {'gradient_clip_val': 0.6976062382817424, 'hidden_size': 127, 'dropout': 0.25609762916830686, 'hidden_continuous_size': 66, 'attention_head_size': 4, 'learning_rate': 0.09834833649550771}. Best is trial 27 with value: 0.11003655195236206.
LOCAL_RANK: 0 - CUDA_VISIBLE_DEVICES: [0]
[I 2023-11-30 08:37:07,288] Trial 47 finished with value: 0.1260584443807602 and parameters: {'gradient_clip_val': 0.5836090030845621, 'hidden_size': 75, 'dropout': 0.3270444992605729, 'hidden_continuous_size': 46, 'attention_head_size': 1, 'learning_rate': 0.05876323804364405}. Best is trial 27 with value: 0.11003655195236206.
LOCAL_RANK: 0 - CUDA_VISIBLE_DEVICES: [0]
[I 2023-11-30 08:37:20,923] Trial 48 finished with value: 0.10126674175262451 and parameters: {'gradient_clip_val': 0.8716798129773783, 'hidden_size': 65, 'dropout': 0.27142384550749077, 'hidden_continuous_size': 28, 'attention_head_size': 2, 'learning_rate': 0.0647705700987407}. Best is trial 48 with value: 0.10126674175262451.
LOCAL_RANK: 0 - CUDA_VISIBLE_DEVICES: [0]
[I 2023-11-30 08:37:34,537] Trial 49 finished with value: 0.1058313176035881 and parameters: {'gradient_clip_val': 0.9156590410244663, 'hidden_size': 64, 'dropout': 0.26914193492188104, 'hidden_continuous_size': 35, 'attention_head_size': 1, 'learning_rate': 0.0709638362889469}. Best is trial 48 with value: 0.10126674175262451.
LOCAL_RANK: 0 - CUDA_VISIBLE_DEVICES: [0]
[I 2023-11-30 08:37:47,969] Trial 50 finished with value: 0.17581741511821747 and parameters: {'gradient_clip_val': 0.9129327752566891, 'hidden_size': 64, 'dropout': 0.2677660069109075, 'hidden_continuous_size': 29, 'attention_head_size': 2, 'learning_rate': 0.07264861537140693}. Best is trial 48 with value: 0.10126674175262451.
LOCAL_RANK: 0 - CUDA_VISIBLE_DEVICES: [0]
[I 2023-11-30 08:38:01,392] Trial 51 finished with value: 0.1668054312467575 and parameters: {'gradient_clip_val': 0.9239758831686478, 'hidden_size': 56, 'dropout': 0.2837357333369846, 'hidden_continuous_size': 35, 'attention_head_size': 1, 'learning_rate': 0.05894407433162958}. Best is trial 48 with value: 0.10126674175262451.
LOCAL_RANK: 0 - CUDA_VISIBLE_DEVICES: [0]
[I 2023-11-30 08:38:15,068] Trial 52 finished with value: 0.1505948156118393 and parameters: {'gradient_clip_val': 0.878263771122715, 'hidden_size': 67, 'dropout': 0.2961645020854839, 'hidden_continuous_size': 39, 'attention_head_size': 1, 'learning_rate': 0.07660076662756542}. Best is trial 48 with value: 0.10126674175262451.
LOCAL_RANK: 0 - CUDA_VISIBLE_DEVICES: [0]
[I 2023-11-30 08:38:28,360] Trial 53 finished with value: 0.09823027998209 and parameters: {'gradient_clip_val': 0.9512662941932094, 'hidden_size': 43, 'dropout': 0.25978902774592494, 'hidden_continuous_size': 36, 'attention_head_size': 1, 'learning_rate': 0.03716589513983266}. Best is trial 53 with value: 0.09823027998209.
LOCAL_RANK: 0 - CUDA_VISIBLE_DEVICES: [0]
[I 2023-11-30 08:38:41,706] Trial 54 finished with value: 0.17410248517990112 and parameters: {'gradient_clip_val': 0.9534056728817376, 'hidden_size': 44, 'dropout': 0.26315270338869945, 'hidden_continuous_size': 36, 'attention_head_size': 1, 'learning_rate': 0.03443821911923079}. Best is trial 53 with value: 0.09823027998209.
LOCAL_RANK: 0 - CUDA_VISIBLE_DEVICES: [0]
[I 2023-11-30 08:38:55,213] Trial 55 finished with value: 0.14590078592300415 and parameters: {'gradient_clip_val': 0.8688605995927344, 'hidden_size': 55, 'dropout': 0.27122003464183586, 'hidden_continuous_size': 32, 'attention_head_size': 2, 'learning_rate': 0.08352637517913897}. Best is trial 53 with value: 0.09823027998209.
LOCAL_RANK: 0 - CUDA_VISIBLE_DEVICES: [0]
[I 2023-11-30 08:39:08,812] Trial 56 finished with value: 0.1560862511396408 and parameters: {'gradient_clip_val': 0.9945565291514299, 'hidden_size': 62, 'dropout': 0.2888855959120396, 'hidden_continuous_size': 28, 'attention_head_size': 1, 'learning_rate': 0.06531643756064276}. Best is trial 53 with value: 0.09823027998209.
LOCAL_RANK: 0 - CUDA_VISIBLE_DEVICES: [0]
[I 2023-11-30 08:39:22,524] Trial 57 finished with value: 0.10950467735528946 and parameters: {'gradient_clip_val': 0.757837369491419, 'hidden_size': 77, 'dropout': 0.25462646384148013, 'hidden_continuous_size': 31, 'attention_head_size': 2, 'learning_rate': 0.054578463262328146}. Best is trial 53 with value: 0.09823027998209.
LOCAL_RANK: 0 - CUDA_VISIBLE_DEVICES: [0]
[I 2023-11-30 08:39:35,932] Trial 58 finished with value: 0.15717364847660065 and parameters: {'gradient_clip_val': 0.7489351468698605, 'hidden_size': 50, 'dropout': 0.2483349441515771, 'hidden_continuous_size': 34, 'attention_head_size': 1, 'learning_rate': 0.027404456006187537}. Best is trial 53 with value: 0.09823027998209.
LOCAL_RANK: 0 - CUDA_VISIBLE_DEVICES: [0]
[I 2023-11-30 08:39:49,848] Trial 59 finished with value: 0.1731957346200943 and parameters: {'gradient_clip_val': 0.8740610403807793, 'hidden_size': 70, 'dropout': 0.2623771043235309, 'hidden_continuous_size': 28, 'attention_head_size': 2, 'learning_rate': 0.03863592415901185}. Best is trial 53 with value: 0.09823027998209.
LOCAL_RANK: 0 - CUDA_VISIBLE_DEVICES: [0]
[I 2023-11-30 08:40:03,677] Trial 60 finished with value: 0.1830129772424698 and parameters: {'gradient_clip_val': 0.9962882562932337, 'hidden_size': 75, 'dropout': 0.2801765401218284, 'hidden_continuous_size': 31, 'attention_head_size': 3, 'learning_rate': 0.05604438857177394}. Best is trial 53 with value: 0.09823027998209.
LOCAL_RANK: 0 - CUDA_VISIBLE_DEVICES: [0]
[I 2023-11-30 08:40:17,587] Trial 61 finished with value: 0.17169393599033356 and parameters: {'gradient_clip_val': 0.729151110376453, 'hidden_size': 80, 'dropout': 0.22880424144698663, 'hidden_continuous_size': 41, 'attention_head_size': 2, 'learning_rate': 0.08521232705111938}. Best is trial 53 with value: 0.09823027998209.
LOCAL_RANK: 0 - CUDA_VISIBLE_DEVICES: [0]
[I 2023-11-30 08:40:31,115] Trial 62 finished with value: 0.21772365272045135 and parameters: {'gradient_clip_val': 0.7944179522440974, 'hidden_size': 64, 'dropout': 0.2503714703862766, 'hidden_continuous_size': 37, 'attention_head_size': 2, 'learning_rate': 0.06334404951453018}. Best is trial 53 with value: 0.09823027998209.
LOCAL_RANK: 0 - CUDA_VISIBLE_DEVICES: [0]
[I 2023-11-30 08:40:44,467] Trial 63 finished with value: 0.231724813580513 and parameters: {'gradient_clip_val': 0.6767284424236273, 'hidden_size': 43, 'dropout': 0.3042642229916341, 'hidden_continuous_size': 35, 'attention_head_size': 2, 'learning_rate': 0.041101175948652445}. Best is trial 53 with value: 0.09823027998209.
LOCAL_RANK: 0 - CUDA_VISIBLE_DEVICES: [0]
[I 2023-11-30 08:40:58,202] Trial 64 finished with value: 0.15648819506168365 and parameters: {'gradient_clip_val': 0.9275442084698573, 'hidden_size': 52, 'dropout': 0.292085854650411, 'hidden_continuous_size': 33, 'attention_head_size': 3, 'learning_rate': 0.031956513525605565}. Best is trial 53 with value: 0.09823027998209.
LOCAL_RANK: 0 - CUDA_VISIBLE_DEVICES: [0]
[I 2023-11-30 08:41:11,744] Trial 65 finished with value: 0.17829032242298126 and parameters: {'gradient_clip_val': 0.7794747051820996, 'hidden_size': 59, 'dropout': 0.2712489074662782, 'hidden_continuous_size': 39, 'attention_head_size': 1, 'learning_rate': 0.06936151412944205}. Best is trial 53 with value: 0.09823027998209.
LOCAL_RANK: 0 - CUDA_VISIBLE_DEVICES: [0]
[I 2023-11-30 08:41:25,598] Trial 66 finished with value: 0.09075114130973816 and parameters: {'gradient_clip_val': 0.8415725504073921, 'hidden_size': 86, 'dropout': 0.3203928672890053, 'hidden_continuous_size': 26, 'attention_head_size': 2, 'learning_rate': 0.05441468179175374}. Best is trial 66 with value: 0.09075114130973816.
LOCAL_RANK: 0 - CUDA_VISIBLE_DEVICES: [0]
[I 2023-11-30 08:41:39,111] Trial 67 finished with value: 0.2882724106311798 and parameters: {'gradient_clip_val': 0.83221729335402, 'hidden_size': 67, 'dropout': 0.2578882363004473, 'hidden_continuous_size': 24, 'attention_head_size': 1, 'learning_rate': 0.044778416650742774}. Best is trial 66 with value: 0.09075114130973816.
LOCAL_RANK: 0 - CUDA_VISIBLE_DEVICES: [0]
[I 2023-11-30 08:41:52,886] Trial 68 finished with value: 0.14617128670215607 and parameters: {'gradient_clip_val': 0.9345527955447559, 'hidden_size': 78, 'dropout': 0.27802933752703024, 'hidden_continuous_size': 29, 'attention_head_size': 3, 'learning_rate': 0.05292961777783947}. Best is trial 66 with value: 0.09075114130973816.
LOCAL_RANK: 0 - CUDA_VISIBLE_DEVICES: [0]
[I 2023-11-30 08:42:06,852] Trial 69 finished with value: 0.14528612792491913 and parameters: {'gradient_clip_val': 0.730575281132479, 'hidden_size': 88, 'dropout': 0.23508691610320878, 'hidden_continuous_size': 26, 'attention_head_size': 2, 'learning_rate': 0.055414736347683805}. Best is trial 66 with value: 0.09075114130973816.
LOCAL_RANK: 0 - CUDA_VISIBLE_DEVICES: [0]
[I 2023-11-30 08:42:20,397] Trial 70 finished with value: 0.14968444406986237 and parameters: {'gradient_clip_val': 0.877465047933414, 'hidden_size': 70, 'dropout': 0.2214325599288725, 'hidden_continuous_size': 30, 'attention_head_size': 1, 'learning_rate': 0.08895165770098498}. Best is trial 66 with value: 0.09075114130973816.
LOCAL_RANK: 0 - CUDA_VISIBLE_DEVICES: [0]
[I 2023-11-30 08:42:34,452] Trial 71 finished with value: 0.21814681589603424 and parameters: {'gradient_clip_val': 0.6414821645980066, 'hidden_size': 97, 'dropout': 0.3118853976189828, 'hidden_continuous_size': 32, 'attention_head_size': 2, 'learning_rate': 0.05405545275790475}. Best is trial 66 with value: 0.09075114130973816.
LOCAL_RANK: 0 - CUDA_VISIBLE_DEVICES: [0]
[I 2023-11-30 08:42:48,182] Trial 72 finished with value: 0.1557987928390503 and parameters: {'gradient_clip_val': 0.7852964176468437, 'hidden_size': 83, 'dropout': 0.35245208700127917, 'hidden_continuous_size': 27, 'attention_head_size': 2, 'learning_rate': 0.07113874540084968}. Best is trial 66 with value: 0.09075114130973816.
LOCAL_RANK: 0 - CUDA_VISIBLE_DEVICES: [0]
[I 2023-11-30 08:43:01,805] Trial 73 finished with value: 0.18921995162963867 and parameters: {'gradient_clip_val': 0.6898015094612898, 'hidden_size': 60, 'dropout': 0.25580519160369, 'hidden_continuous_size': 37, 'attention_head_size': 2, 'learning_rate': 0.043941828001114194}. Best is trial 66 with value: 0.09075114130973816.
LOCAL_RANK: 0 - CUDA_VISIBLE_DEVICES: [0]
[I 2023-11-30 08:43:16,220] Trial 74 finished with value: 0.18092918395996094 and parameters: {'gradient_clip_val': 0.8405224935405599, 'hidden_size': 103, 'dropout': 0.2852988220799314, 'hidden_continuous_size': 42, 'attention_head_size': 2, 'learning_rate': 0.0889494652499278}. Best is trial 66 with value: 0.09075114130973816.
LOCAL_RANK: 0 - CUDA_VISIBLE_DEVICES: [0]
[I 2023-11-30 08:43:29,999] Trial 75 finished with value: 0.2108483463525772 and parameters: {'gradient_clip_val': 0.9977054092314778, 'hidden_size': 89, 'dropout': 0.3252744513334248, 'hidden_continuous_size': 24, 'attention_head_size': 2, 'learning_rate': 0.06407881464506175}. Best is trial 66 with value: 0.09075114130973816.
LOCAL_RANK: 0 - CUDA_VISIBLE_DEVICES: [0]
[I 2023-11-30 08:43:43,506] Trial 76 finished with value: 0.14256155490875244 and parameters: {'gradient_clip_val': 0.7495975387493647, 'hidden_size': 54, 'dropout': 0.2684376371811233, 'hidden_continuous_size': 34, 'attention_head_size': 1, 'learning_rate': 0.0768995413774789}. Best is trial 66 with value: 0.09075114130973816.
LOCAL_RANK: 0 - CUDA_VISIBLE_DEVICES: [0]
[I 2023-11-30 08:43:57,224] Trial 77 finished with value: 0.0904562696814537 and parameters: {'gradient_clip_val': 0.6507687623333107, 'hidden_size': 79, 'dropout': 0.3422858995785233, 'hidden_continuous_size': 31, 'attention_head_size': 2, 'learning_rate': 0.047237643573277324}. Best is trial 77 with value: 0.0904562696814537.
LOCAL_RANK: 0 - CUDA_VISIBLE_DEVICES: [0]
[I 2023-11-30 08:44:11,198] Trial 78 finished with value: 0.2126690149307251 and parameters: {'gradient_clip_val': 0.9096367685923775, 'hidden_size': 81, 'dropout': 0.34257448246788236, 'hidden_continuous_size': 30, 'attention_head_size': 4, 'learning_rate': 0.03603733153869667}. Best is trial 77 with value: 0.0904562696814537.
LOCAL_RANK: 0 - CUDA_VISIBLE_DEVICES: [0]
[I 2023-11-30 08:44:25,087] Trial 79 finished with value: 0.1483723372220993 and parameters: {'gradient_clip_val': 0.8121161932329319, 'hidden_size': 74, 'dropout': 0.31846704772415424, 'hidden_continuous_size': 31, 'attention_head_size': 2, 'learning_rate': 0.045704384857168066}. Best is trial 77 with value: 0.0904562696814537.
LOCAL_RANK: 0 - CUDA_VISIBLE_DEVICES: [0]
[I 2023-11-30 08:44:37,915] Trial 80 finished with value: 0.19439919292926788 and parameters: {'gradient_clip_val': 0.6440873030097503, 'hidden_size': 36, 'dropout': 0.2940465868092859, 'hidden_continuous_size': 32, 'attention_head_size': 1, 'learning_rate': 0.037922504937330466}. Best is trial 77 with value: 0.0904562696814537.
LOCAL_RANK: 0 - CUDA_VISIBLE_DEVICES: [0]
[I 2023-11-30 08:44:52,049] Trial 81 finished with value: 0.15575560927391052 and parameters: {'gradient_clip_val': 0.725478484004665, 'hidden_size': 97, 'dropout': 0.3358503317021986, 'hidden_continuous_size': 39, 'attention_head_size': 2, 'learning_rate': 0.05170846011402168}. Best is trial 77 with value: 0.0904562696814537.
LOCAL_RANK: 0 - CUDA_VISIBLE_DEVICES: [0]
[I 2023-11-30 08:45:06,073] Trial 82 finished with value: 0.14753249287605286 and parameters: {'gradient_clip_val': 0.8448661998617903, 'hidden_size': 86, 'dropout': 0.3702511459930845, 'hidden_continuous_size': 37, 'attention_head_size': 2, 'learning_rate': 0.06516068817164955}. Best is trial 77 with value: 0.0904562696814537.
LOCAL_RANK: 0 - CUDA_VISIBLE_DEVICES: [0]
[I 2023-11-30 08:45:19,838] Trial 83 finished with value: 0.1917555332183838 and parameters: {'gradient_clip_val': 0.9444485343674512, 'hidden_size': 66, 'dropout': 0.2434989869459192, 'hidden_continuous_size': 27, 'attention_head_size': 2, 'learning_rate': 0.06054995750397534}. Best is trial 77 with value: 0.0904562696814537.
LOCAL_RANK: 0 - CUDA_VISIBLE_DEVICES: [0]
[I 2023-11-30 08:45:33,663] Trial 84 finished with value: 0.13124217092990875 and parameters: {'gradient_clip_val': 0.6029106762962974, 'hidden_size': 61, 'dropout': 0.3624945118022621, 'hidden_continuous_size': 34, 'attention_head_size': 1, 'learning_rate': 0.09849119590326613}. Best is trial 77 with value: 0.0904562696814537.
LOCAL_RANK: 0 - CUDA_VISIBLE_DEVICES: [0]
[I 2023-11-30 08:45:47,708] Trial 85 finished with value: 0.19977499544620514 and parameters: {'gradient_clip_val': 0.7662784710848805, 'hidden_size': 107, 'dropout': 0.3433311684483356, 'hidden_continuous_size': 21, 'attention_head_size': 2, 'learning_rate': 0.07176989491795728}. Best is trial 77 with value: 0.0904562696814537.
LOCAL_RANK: 0 - CUDA_VISIBLE_DEVICES: [0]
[I 2023-11-30 08:46:01,836] Trial 86 finished with value: 0.13809503614902496 and parameters: {'gradient_clip_val': 0.6804141310618248, 'hidden_size': 91, 'dropout': 0.2614458890685414, 'hidden_continuous_size': 41, 'attention_head_size': 2, 'learning_rate': 0.08058890550189586}. Best is trial 77 with value: 0.0904562696814537.
LOCAL_RANK: 0 - CUDA_VISIBLE_DEVICES: [0]
[I 2023-11-30 08:46:15,600] Trial 87 finished with value: 0.11073220521211624 and parameters: {'gradient_clip_val': 0.8896544079170807, 'hidden_size': 78, 'dropout': 0.3848407266416294, 'hidden_continuous_size': 36, 'attention_head_size': 1, 'learning_rate': 0.0454852909834906}. Best is trial 77 with value: 0.0904562696814537.
LOCAL_RANK: 0 - CUDA_VISIBLE_DEVICES: [0]
[I 2023-11-30 08:46:29,329] Trial 88 finished with value: 0.17848940193653107 and parameters: {'gradient_clip_val': 0.8877011814106752, 'hidden_size': 77, 'dropout': 0.39282591605188655, 'hidden_continuous_size': 35, 'attention_head_size': 1, 'learning_rate': 0.04270503298401478}. Best is trial 77 with value: 0.0904562696814537.
LOCAL_RANK: 0 - CUDA_VISIBLE_DEVICES: [0]
[I 2023-11-30 08:46:43,107] Trial 89 finished with value: 0.19086933135986328 and parameters: {'gradient_clip_val': 0.950688912488113, 'hidden_size': 68, 'dropout': 0.38188071546445346, 'hidden_continuous_size': 36, 'attention_head_size': 1, 'learning_rate': 0.023879284660020164}. Best is trial 77 with value: 0.0904562696814537.
LOCAL_RANK: 0 - CUDA_VISIBLE_DEVICES: [0]
[I 2023-11-30 08:46:56,589] Trial 90 finished with value: 0.1289464384317398 and parameters: {'gradient_clip_val': 0.8103282775387681, 'hidden_size': 58, 'dropout': 0.27341407964956693, 'hidden_continuous_size': 33, 'attention_head_size': 1, 'learning_rate': 0.03168985687879145}. Best is trial 77 with value: 0.0904562696814537.
LOCAL_RANK: 0 - CUDA_VISIBLE_DEVICES: [0]
[I 2023-11-30 08:47:10,357] Trial 91 finished with value: 0.16219289600849152 and parameters: {'gradient_clip_val': 0.8604358601108978, 'hidden_size': 71, 'dropout': 0.36006328004240684, 'hidden_continuous_size': 44, 'attention_head_size': 1, 'learning_rate': 0.05027534989356837}. Best is trial 77 with value: 0.0904562696814537.
LOCAL_RANK: 0 - CUDA_VISIBLE_DEVICES: [0]
[I 2023-11-30 08:47:24,242] Trial 92 finished with value: 0.14053964614868164 and parameters: {'gradient_clip_val': 0.7135458108808235, 'hidden_size': 79, 'dropout': 0.25437690945957864, 'hidden_continuous_size': 39, 'attention_head_size': 1, 'learning_rate': 0.05738422792847002}. Best is trial 77 with value: 0.0904562696814537.
LOCAL_RANK: 0 - CUDA_VISIBLE_DEVICES: [0]
[I 2023-11-30 08:47:38,145] Trial 93 finished with value: 0.17362987995147705 and parameters: {'gradient_clip_val': 0.780649189324687, 'hidden_size': 99, 'dropout': 0.3512776973809118, 'hidden_continuous_size': 31, 'attention_head_size': 1, 'learning_rate': 0.048476569808854814}. Best is trial 77 with value: 0.0904562696814537.
LOCAL_RANK: 0 - CUDA_VISIBLE_DEVICES: [0]
[I 2023-11-30 08:47:52,134] Trial 94 finished with value: 0.21877460181713104 and parameters: {'gradient_clip_val': 0.8984215406138616, 'hidden_size': 84, 'dropout': 0.24749905780125345, 'hidden_continuous_size': 28, 'attention_head_size': 2, 'learning_rate': 0.03841948176913031}. Best is trial 77 with value: 0.0904562696814537.
LOCAL_RANK: 0 - CUDA_VISIBLE_DEVICES: [0]
[I 2023-11-30 08:48:05,937] Trial 95 finished with value: 0.16516514122486115 and parameters: {'gradient_clip_val': 0.9513656119582805, 'hidden_size': 73, 'dropout': 0.2628999981666147, 'hidden_continuous_size': 40, 'attention_head_size': 1, 'learning_rate': 0.06735357520727205}. Best is trial 77 with value: 0.0904562696814537.
LOCAL_RANK: 0 - CUDA_VISIBLE_DEVICES: [0]
[I 2023-11-30 08:48:19,747] Trial 96 finished with value: 0.1577712744474411 and parameters: {'gradient_clip_val': 0.8391068296585762, 'hidden_size': 63, 'dropout': 0.3829626541155771, 'hidden_continuous_size': 37, 'attention_head_size': 3, 'learning_rate': 0.05565870318100617}. Best is trial 77 with value: 0.0904562696814537.
LOCAL_RANK: 0 - CUDA_VISIBLE_DEVICES: [0]
[I 2023-11-30 08:48:33,978] Trial 97 finished with value: 0.1228315532207489 and parameters: {'gradient_clip_val': 0.7530360673385754, 'hidden_size': 90, 'dropout': 0.3644597076464848, 'hidden_continuous_size': 43, 'attention_head_size': 2, 'learning_rate': 0.07623741359754262}. Best is trial 77 with value: 0.0904562696814537.
LOCAL_RANK: 0 - CUDA_VISIBLE_DEVICES: [0]
[I 2023-11-30 08:48:48,101] Trial 98 finished with value: 0.1939879208803177 and parameters: {'gradient_clip_val': 0.6574501290902081, 'hidden_size': 115, 'dropout': 0.2814125130980015, 'hidden_continuous_size': 25, 'attention_head_size': 1, 'learning_rate': 0.04420720793845921}. Best is trial 77 with value: 0.0904562696814537.
LOCAL_RANK: 0 - CUDA_VISIBLE_DEVICES: [0]
[I 2023-11-30 08:49:01,974] Trial 99 finished with value: 0.1619192361831665 and parameters: {'gradient_clip_val': 0.7994719785068516, 'hidden_size': 66, 'dropout': 0.27379314886096984, 'hidden_continuous_size': 34, 'attention_head_size': 2, 'learning_rate': 0.09167207800689316}. Best is trial 77 with value: 0.0904562696814537.
LOCAL_RANK: 0 - CUDA_VISIBLE_DEVICES: [0]
[I 2023-11-30 08:49:15,515] Trial 100 finished with value: 0.15011022984981537 and parameters: {'gradient_clip_val': 0.9022715324911833, 'hidden_size': 79, 'dropout': 0.24419521750796672, 'hidden_continuous_size': 29, 'attention_head_size': 1, 'learning_rate': 0.06160696833778999}. Best is trial 77 with value: 0.0904562696814537.
LOCAL_RANK: 0 - CUDA_VISIBLE_DEVICES: [0]
[I 2023-11-30 08:49:29,725] Trial 101 finished with value: 0.1038735881447792 and parameters: {'gradient_clip_val': 0.5990794660417774, 'hidden_size': 140, 'dropout': 0.23773768101627718, 'hidden_continuous_size': 48, 'attention_head_size': 1, 'learning_rate': 0.05092928316776316}. Best is trial 77 with value: 0.0904562696814537.
LOCAL_RANK: 0 - CUDA_VISIBLE_DEVICES: [0]
[I 2023-11-30 08:49:43,917] Trial 102 finished with value: 0.14847686886787415 and parameters: {'gradient_clip_val': 0.7100926690176771, 'hidden_size': 121, 'dropout': 0.23843980909120782, 'hidden_continuous_size': 46, 'attention_head_size': 1, 'learning_rate': 0.051723288081554845}. Best is trial 77 with value: 0.0904562696814537.
LOCAL_RANK: 0 - CUDA_VISIBLE_DEVICES: [0]
