[I 2023-11-30 00:14:54,198] Trial 44 finished with value: 1533.0107421875 and parameters: {'gradient_clip_val': 0.1297840367517411, 'hidden_size': 62, 'dropout': 0.3369218861458299, 'hidden_continuous_size': 18, 'attention_head_size': 1, 'learning_rate': 0.013738420262605104}. Best is trial 21 with value: 1019.024169921875.
LOCAL_RANK: 0 - CUDA_VISIBLE_DEVICES: [0]
[I 2023-11-30 00:15:07,656] Trial 45 finished with value: 1241.7227783203125 and parameters: {'gradient_clip_val': 0.1616985823653172, 'hidden_size': 53, 'dropout': 0.35735211104364595, 'hidden_continuous_size': 21, 'attention_head_size': 2, 'learning_rate': 0.010645825441411622}. Best is trial 21 with value: 1019.024169921875.
LOCAL_RANK: 0 - CUDA_VISIBLE_DEVICES: [0]
[I 2023-11-30 00:15:20,730] Trial 46 finished with value: 1661.5738525390625 and parameters: {'gradient_clip_val': 0.1320352700975836, 'hidden_size': 47, 'dropout': 0.30316881865531115, 'hidden_continuous_size': 19, 'attention_head_size': 1, 'learning_rate': 0.005473762622327743}. Best is trial 21 with value: 1019.024169921875.
LOCAL_RANK: 0 - CUDA_VISIBLE_DEVICES: [0]
[I 2023-11-30 00:15:33,868] Trial 47 finished with value: 2134.85400390625 and parameters: {'gradient_clip_val': 0.19439125455168127, 'hidden_size': 47, 'dropout': 0.28946848504689693, 'hidden_continuous_size': 21, 'attention_head_size': 2, 'learning_rate': 0.004590302154304509}. Best is trial 21 with value: 1019.024169921875.
LOCAL_RANK: 0 - CUDA_VISIBLE_DEVICES: [0]
[I 2023-11-30 00:15:47,450] Trial 48 finished with value: 1365.748046875 and parameters: {'gradient_clip_val': 0.13889124575133388, 'hidden_size': 66, 'dropout': 0.349474736652175, 'hidden_continuous_size': 15, 'attention_head_size': 3, 'learning_rate': 0.009011926666819079}. Best is trial 21 with value: 1019.024169921875.
LOCAL_RANK: 0 - CUDA_VISIBLE_DEVICES: [0]
[I 2023-11-30 00:16:00,358] Trial 49 finished with value: 1333.4383544921875 and parameters: {'gradient_clip_val': 0.17121313246090208, 'hidden_size': 33, 'dropout': 0.38242196932956485, 'hidden_continuous_size': 23, 'attention_head_size': 2, 'learning_rate': 0.025372109406975377}. Best is trial 21 with value: 1019.024169921875.
LOCAL_RANK: 0 - CUDA_VISIBLE_DEVICES: [0]
[I 2023-11-30 00:16:14,291] Trial 50 finished with value: 1675.8466796875 and parameters: {'gradient_clip_val': 0.15394557537153092, 'hidden_size': 73, 'dropout': 0.3670919991178384, 'hidden_continuous_size': 30, 'attention_head_size': 3, 'learning_rate': 0.011917073341425765}. Best is trial 21 with value: 1019.024169921875.
LOCAL_RANK: 0 - CUDA_VISIBLE_DEVICES: [0]
[I 2023-11-30 00:16:27,595] Trial 51 finished with value: 1102.52783203125 and parameters: {'gradient_clip_val': 0.11814675044684388, 'hidden_size': 60, 'dropout': 0.38515572181629193, 'hidden_continuous_size': 20, 'attention_head_size': 2, 'learning_rate': 0.009945398058302473}. Best is trial 21 with value: 1019.024169921875.
LOCAL_RANK: 0 - CUDA_VISIBLE_DEVICES: [0]
[I 2023-11-30 00:16:40,958] Trial 52 finished with value: 1298.4256591796875 and parameters: {'gradient_clip_val': 0.12123759587558268, 'hidden_size': 61, 'dropout': 0.38158620555371925, 'hidden_continuous_size': 19, 'attention_head_size': 2, 'learning_rate': 0.007575623562854093}. Best is trial 21 with value: 1019.024169921875.
LOCAL_RANK: 0 - CUDA_VISIBLE_DEVICES: [0]
[I 2023-11-30 00:16:54,078] Trial 53 finished with value: 1495.3587646484375 and parameters: {'gradient_clip_val': 0.10051746440210327, 'hidden_size': 42, 'dropout': 0.3488086540087381, 'hidden_continuous_size': 20, 'attention_head_size': 2, 'learning_rate': 0.016121161287941433}. Best is trial 21 with value: 1019.024169921875.
LOCAL_RANK: 0 - CUDA_VISIBLE_DEVICES: [0]
[I 2023-11-30 00:17:07,475] Trial 54 finished with value: 1196.123779296875 and parameters: {'gradient_clip_val': 0.14916914563737244, 'hidden_size': 68, 'dropout': 0.37104193252427914, 'hidden_continuous_size': 15, 'attention_head_size': 2, 'learning_rate': 0.011119941317310299}. Best is trial 21 with value: 1019.024169921875.
LOCAL_RANK: 0 - CUDA_VISIBLE_DEVICES: [0]
[I 2023-11-30 00:17:20,948] Trial 55 finished with value: 1438.4644775390625 and parameters: {'gradient_clip_val': 0.11735223074167742, 'hidden_size': 50, 'dropout': 0.3870067821699193, 'hidden_continuous_size': 23, 'attention_head_size': 2, 'learning_rate': 0.013851097593772392}. Best is trial 21 with value: 1019.024169921875.
LOCAL_RANK: 0 - CUDA_VISIBLE_DEVICES: [0]
[I 2023-11-30 00:17:34,368] Trial 56 finished with value: 1322.5015869140625 and parameters: {'gradient_clip_val': 0.13358925410021366, 'hidden_size': 56, 'dropout': 0.329418166289582, 'hidden_continuous_size': 27, 'attention_head_size': 3, 'learning_rate': 0.00874930768556891}. Best is trial 21 with value: 1019.024169921875.
LOCAL_RANK: 0 - CUDA_VISIBLE_DEVICES: [0]
[I 2023-11-30 00:17:48,083] Trial 57 finished with value: 1170.13134765625 and parameters: {'gradient_clip_val': 0.1081366875162871, 'hidden_size': 78, 'dropout': 0.3604662216573497, 'hidden_continuous_size': 31, 'attention_head_size': 1, 'learning_rate': 0.006875630084125605}. Best is trial 21 with value: 1019.024169921875.
LOCAL_RANK: 0 - CUDA_VISIBLE_DEVICES: [0]
[I 2023-11-30 00:18:01,550] Trial 58 finished with value: 1310.7103271484375 and parameters: {'gradient_clip_val': 0.12113077859283555, 'hidden_size': 58, 'dropout': 0.38806162556484614, 'hidden_continuous_size': 24, 'attention_head_size': 2, 'learning_rate': 0.010811352330383269}. Best is trial 21 with value: 1019.024169921875.
LOCAL_RANK: 0 - CUDA_VISIBLE_DEVICES: [0]
[I 2023-11-30 00:18:15,291] Trial 59 finished with value: 1710.4866943359375 and parameters: {'gradient_clip_val': 0.1458577666511125, 'hidden_size': 66, 'dropout': 0.3397518019529483, 'hidden_continuous_size': 29, 'attention_head_size': 3, 'learning_rate': 0.017347487208385845}. Best is trial 21 with value: 1019.024169921875.
LOCAL_RANK: 0 - CUDA_VISIBLE_DEVICES: [0]
[I 2023-11-30 00:18:28,525] Trial 60 finished with value: 1180.8209228515625 and parameters: {'gradient_clip_val': 0.1987448599979109, 'hidden_size': 45, 'dropout': 0.3112693172428381, 'hidden_continuous_size': 21, 'attention_head_size': 1, 'learning_rate': 0.013021760878744437}. Best is trial 21 with value: 1019.024169921875.
LOCAL_RANK: 0 - CUDA_VISIBLE_DEVICES: [0]
[I 2023-11-30 00:18:42,182] Trial 61 finished with value: 1377.0146484375 and parameters: {'gradient_clip_val': 0.11128136449772631, 'hidden_size': 77, 'dropout': 0.36258842728531426, 'hidden_continuous_size': 31, 'attention_head_size': 1, 'learning_rate': 0.006511834726059416}. Best is trial 21 with value: 1019.024169921875.
LOCAL_RANK: 0 - CUDA_VISIBLE_DEVICES: [0]
[I 2023-11-30 00:18:55,938] Trial 62 finished with value: 1189.6151123046875 and parameters: {'gradient_clip_val': 0.10902172429802227, 'hidden_size': 75, 'dropout': 0.35991142178042485, 'hidden_continuous_size': 34, 'attention_head_size': 1, 'learning_rate': 0.00817751232743235}. Best is trial 21 with value: 1019.024169921875.
LOCAL_RANK: 0 - CUDA_VISIBLE_DEVICES: [0]
[I 2023-11-30 00:19:09,344] Trial 63 finished with value: 1155.3421630859375 and parameters: {'gradient_clip_val': 0.12857870556254386, 'hidden_size': 51, 'dropout': 0.37301186500404815, 'hidden_continuous_size': 31, 'attention_head_size': 2, 'learning_rate': 0.009434051941562716}. Best is trial 21 with value: 1019.024169921875.
LOCAL_RANK: 0 - CUDA_VISIBLE_DEVICES: [0]
[I 2023-11-30 00:19:22,555] Trial 64 finished with value: 1203.3070068359375 and parameters: {'gradient_clip_val': 0.1299368498086035, 'hidden_size': 50, 'dropout': 0.3764187406898805, 'hidden_continuous_size': 27, 'attention_head_size': 2, 'learning_rate': 0.009498779569038843}. Best is trial 21 with value: 1019.024169921875.
LOCAL_RANK: 0 - CUDA_VISIBLE_DEVICES: [0]
[I 2023-11-30 00:19:36,108] Trial 65 finished with value: 1110.787109375 and parameters: {'gradient_clip_val': 0.13984757596722236, 'hidden_size': 57, 'dropout': 0.3909992319653695, 'hidden_continuous_size': 25, 'attention_head_size': 2, 'learning_rate': 0.009909322533903172}. Best is trial 21 with value: 1019.024169921875.
LOCAL_RANK: 0 - CUDA_VISIBLE_DEVICES: [0]
[I 2023-11-30 00:19:49,114] Trial 66 finished with value: 1156.5509033203125 and parameters: {'gradient_clip_val': 0.15370616888597946, 'hidden_size': 39, 'dropout': 0.38955814655413973, 'hidden_continuous_size': 25, 'attention_head_size': 2, 'learning_rate': 0.014704201285907516}. Best is trial 21 with value: 1019.024169921875.
LOCAL_RANK: 0 - CUDA_VISIBLE_DEVICES: [0]
[I 2023-11-30 00:20:02,740] Trial 67 finished with value: 1325.48876953125 and parameters: {'gradient_clip_val': 0.169127259919873, 'hidden_size': 66, 'dropout': 0.39063387035416564, 'hidden_continuous_size': 32, 'attention_head_size': 2, 'learning_rate': 0.009864549792679613}. Best is trial 21 with value: 1019.024169921875.
LOCAL_RANK: 0 - CUDA_VISIBLE_DEVICES: [0]
[I 2023-11-30 00:20:16,186] Trial 68 finished with value: 1228.1383056640625 and parameters: {'gradient_clip_val': 0.1391944050811283, 'hidden_size': 58, 'dropout': 0.3719319407968407, 'hidden_continuous_size': 28, 'attention_head_size': 2, 'learning_rate': 0.011791926998588206}. Best is trial 21 with value: 1019.024169921875.
LOCAL_RANK: 0 - CUDA_VISIBLE_DEVICES: [0]
[I 2023-11-30 00:20:29,238] Trial 69 finished with value: 1322.0848388671875 and parameters: {'gradient_clip_val': 0.12403365536680706, 'hidden_size': 44, 'dropout': 0.3791565459530639, 'hidden_continuous_size': 29, 'attention_head_size': 2, 'learning_rate': 0.020575243563838334}. Best is trial 21 with value: 1019.024169921875.
LOCAL_RANK: 0 - CUDA_VISIBLE_DEVICES: [0]
[I 2023-11-30 00:20:42,938] Trial 70 finished with value: 1345.017822265625 and parameters: {'gradient_clip_val': 0.18060792822594976, 'hidden_size': 49, 'dropout': 0.3470039236376406, 'hidden_continuous_size': 34, 'attention_head_size': 2, 'learning_rate': 0.013345004920633735}. Best is trial 21 with value: 1019.024169921875.
LOCAL_RANK: 0 - CUDA_VISIBLE_DEVICES: [0]
[I 2023-11-30 00:20:56,120] Trial 71 finished with value: 1238.6329345703125 and parameters: {'gradient_clip_val': 0.15281430383932135, 'hidden_size': 51, 'dropout': 0.392063694080167, 'hidden_continuous_size': 25, 'attention_head_size': 2, 'learning_rate': 0.015156569943918374}. Best is trial 21 with value: 1019.024169921875.
LOCAL_RANK: 0 - CUDA_VISIBLE_DEVICES: [0]
[I 2023-11-30 00:21:09,032] Trial 72 finished with value: 1162.8555908203125 and parameters: {'gradient_clip_val': 0.13314592835805936, 'hidden_size': 39, 'dropout': 0.39096408945168776, 'hidden_continuous_size': 24, 'attention_head_size': 2, 'learning_rate': 0.010045301717005954}. Best is trial 21 with value: 1019.024169921875.
LOCAL_RANK: 0 - CUDA_VISIBLE_DEVICES: [0]
[I 2023-11-30 00:21:22,018] Trial 73 finished with value: 1762.1507568359375 and parameters: {'gradient_clip_val': 0.1443911196984184, 'hidden_size': 35, 'dropout': 0.39880161400070535, 'hidden_continuous_size': 26, 'attention_head_size': 2, 'learning_rate': 0.011698580711200324}. Best is trial 21 with value: 1019.024169921875.
LOCAL_RANK: 0 - CUDA_VISIBLE_DEVICES: [0]
[I 2023-11-30 00:21:35,109] Trial 74 finished with value: 1291.4659423828125 and parameters: {'gradient_clip_val': 0.15659757432374172, 'hidden_size': 42, 'dropout': 0.36810435046985257, 'hidden_continuous_size': 27, 'attention_head_size': 2, 'learning_rate': 0.014788967677606658}. Best is trial 21 with value: 1019.024169921875.
LOCAL_RANK: 0 - CUDA_VISIBLE_DEVICES: [0]
[I 2023-11-30 00:21:48,617] Trial 75 finished with value: 1279.1029052734375 and parameters: {'gradient_clip_val': 0.12069416949490269, 'hidden_size': 54, 'dropout': 0.38169618250239834, 'hidden_continuous_size': 22, 'attention_head_size': 2, 'learning_rate': 0.018398251609682427}. Best is trial 21 with value: 1019.024169921875.
LOCAL_RANK: 0 - CUDA_VISIBLE_DEVICES: [0]
[I 2023-11-30 00:22:02,121] Trial 76 finished with value: 1410.4990234375 and parameters: {'gradient_clip_val': 0.12788508578845637, 'hidden_size': 60, 'dropout': 0.37632801924370624, 'hidden_continuous_size': 36, 'attention_head_size': 3, 'learning_rate': 0.008610303588591146}. Best is trial 21 with value: 1019.024169921875.
LOCAL_RANK: 0 - CUDA_VISIBLE_DEVICES: [0]
[I 2023-11-30 00:22:15,921] Trial 77 finished with value: 1424.6044921875 and parameters: {'gradient_clip_val': 0.11843952028624952, 'hidden_size': 71, 'dropout': 0.36683517996967063, 'hidden_continuous_size': 32, 'attention_head_size': 2, 'learning_rate': 0.012667279421550583}. Best is trial 21 with value: 1019.024169921875.
LOCAL_RANK: 0 - CUDA_VISIBLE_DEVICES: [0]
[I 2023-11-30 00:22:29,026] Trial 78 finished with value: 1090.4822998046875 and parameters: {'gradient_clip_val': 0.14215513028588692, 'hidden_size': 47, 'dropout': 0.3898442788290117, 'hidden_continuous_size': 20, 'attention_head_size': 2, 'learning_rate': 0.01528503470601944}. Best is trial 21 with value: 1019.024169921875.
LOCAL_RANK: 0 - CUDA_VISIBLE_DEVICES: [0]
[I 2023-11-30 00:22:42,145] Trial 79 finished with value: 1672.2724609375 and parameters: {'gradient_clip_val': 0.14037403026680775, 'hidden_size': 45, 'dropout': 0.38292583234670874, 'hidden_continuous_size': 20, 'attention_head_size': 2, 'learning_rate': 0.01031175501226743}. Best is trial 21 with value: 1019.024169921875.
LOCAL_RANK: 0 - CUDA_VISIBLE_DEVICES: [0]
[I 2023-11-30 00:22:55,520] Trial 80 finished with value: 1175.3294677734375 and parameters: {'gradient_clip_val': 0.10489535848959004, 'hidden_size': 55, 'dropout': 0.3998065996372218, 'hidden_continuous_size': 18, 'attention_head_size': 2, 'learning_rate': 0.009151978643143063}. Best is trial 21 with value: 1019.024169921875.
LOCAL_RANK: 0 - CUDA_VISIBLE_DEVICES: [0]
[I 2023-11-30 00:23:08,370] Trial 81 finished with value: 1020.658203125 and parameters: {'gradient_clip_val': 0.1592559307762119, 'hidden_size': 48, 'dropout': 0.3918048323621556, 'hidden_continuous_size': 22, 'attention_head_size': 2, 'learning_rate': 0.016818866791565967}. Best is trial 21 with value: 1019.024169921875.
LOCAL_RANK: 0 - CUDA_VISIBLE_DEVICES: [0]
[I 2023-11-30 00:23:21,217] Trial 82 finished with value: 1351.462890625 and parameters: {'gradient_clip_val': 0.13186782562041102, 'hidden_size': 48, 'dropout': 0.35402125182244015, 'hidden_continuous_size': 22, 'attention_head_size': 2, 'learning_rate': 0.016586807765801598}. Best is trial 21 with value: 1019.024169921875.
LOCAL_RANK: 0 - CUDA_VISIBLE_DEVICES: [0]
[I 2023-11-30 00:23:34,665] Trial 83 finished with value: 2020.3638916015625 and parameters: {'gradient_clip_val': 0.11538752972802611, 'hidden_size': 64, 'dropout': 0.37142995175885996, 'hidden_continuous_size': 24, 'attention_head_size': 2, 'learning_rate': 0.01976782401809283}. Best is trial 21 with value: 1019.024169921875.
LOCAL_RANK: 0 - CUDA_VISIBLE_DEVICES: [0]
[I 2023-11-30 00:23:47,747] Trial 84 finished with value: 1389.3275146484375 and parameters: {'gradient_clip_val': 0.16237207949837024, 'hidden_size': 52, 'dropout': 0.3934611212080258, 'hidden_continuous_size': 21, 'attention_head_size': 2, 'learning_rate': 0.02352901514643315}. Best is trial 21 with value: 1019.024169921875.
LOCAL_RANK: 0 - CUDA_VISIBLE_DEVICES: [0]
[I 2023-11-30 00:24:01,188] Trial 85 finished with value: 1535.8653564453125 and parameters: {'gradient_clip_val': 0.14514605656526416, 'hidden_size': 60, 'dropout': 0.3856684339624145, 'hidden_continuous_size': 20, 'attention_head_size': 2, 'learning_rate': 0.011695840597032409}. Best is trial 21 with value: 1019.024169921875.
LOCAL_RANK: 0 - CUDA_VISIBLE_DEVICES: [0]
[I 2023-11-30 00:24:14,240] Trial 86 finished with value: 2082.581298828125 and parameters: {'gradient_clip_val': 0.1260529915814757, 'hidden_size': 46, 'dropout': 0.36257492138605635, 'hidden_continuous_size': 18, 'attention_head_size': 2, 'learning_rate': 0.013710006604581122}. Best is trial 21 with value: 1019.024169921875.
LOCAL_RANK: 0 - CUDA_VISIBLE_DEVICES: [0]
[I 2023-11-30 00:24:27,613] Trial 87 finished with value: 1093.412353515625 and parameters: {'gradient_clip_val': 0.11563726738902212, 'hidden_size': 64, 'dropout': 0.3781556836965624, 'hidden_continuous_size': 19, 'attention_head_size': 2, 'learning_rate': 0.016323781449665724}. Best is trial 21 with value: 1019.024169921875.
LOCAL_RANK: 0 - CUDA_VISIBLE_DEVICES: [0]
[I 2023-11-30 00:24:41,292] Trial 88 finished with value: 1725.2818603515625 and parameters: {'gradient_clip_val': 0.11661780606167617, 'hidden_size': 71, 'dropout': 0.39383699395650695, 'hidden_continuous_size': 19, 'attention_head_size': 3, 'learning_rate': 0.01698174277640431}. Best is trial 21 with value: 1019.024169921875.
LOCAL_RANK: 0 - CUDA_VISIBLE_DEVICES: [0]
[I 2023-11-30 00:24:55,080] Trial 89 finished with value: 1606.2132568359375 and parameters: {'gradient_clip_val': 0.10234449973545884, 'hidden_size': 86, 'dropout': 0.38245905722077056, 'hidden_continuous_size': 17, 'attention_head_size': 2, 'learning_rate': 0.01874684875493349}. Best is trial 21 with value: 1019.024169921875.
LOCAL_RANK: 0 - CUDA_VISIBLE_DEVICES: [0]
[I 2023-11-30 00:25:09,022] Trial 90 finished with value: 2043.9000244140625 and parameters: {'gradient_clip_val': 0.13841348274657786, 'hidden_size': 63, 'dropout': 0.3457753085047946, 'hidden_continuous_size': 23, 'attention_head_size': 4, 'learning_rate': 0.01585788007188752}. Best is trial 21 with value: 1019.024169921875.
LOCAL_RANK: 0 - CUDA_VISIBLE_DEVICES: [0]
[I 2023-11-30 00:25:22,461] Trial 91 finished with value: 1000.3059692382812 and parameters: {'gradient_clip_val': 0.12584873659620396, 'hidden_size': 58, 'dropout': 0.37309768018860673, 'hidden_continuous_size': 25, 'attention_head_size': 2, 'learning_rate': 0.01083133171585362}. Best is trial 91 with value: 1000.3059692382812.
LOCAL_RANK: 0 - CUDA_VISIBLE_DEVICES: [0]
[I 2023-11-30 00:25:35,805] Trial 92 finished with value: 1296.8294677734375 and parameters: {'gradient_clip_val': 0.11414789494480199, 'hidden_size': 56, 'dropout': 0.3531464294962404, 'hidden_continuous_size': 22, 'attention_head_size': 2, 'learning_rate': 0.012699331603076243}. Best is trial 91 with value: 1000.3059692382812.
LOCAL_RANK: 0 - CUDA_VISIBLE_DEVICES: [0]
[I 2023-11-30 00:25:49,471] Trial 93 finished with value: 1588.4930419921875 and parameters: {'gradient_clip_val': 0.13563990748071236, 'hidden_size': 69, 'dropout': 0.36422408759090646, 'hidden_continuous_size': 21, 'attention_head_size': 2, 'learning_rate': 0.011088431170809154}. Best is trial 91 with value: 1000.3059692382812.
LOCAL_RANK: 0 - CUDA_VISIBLE_DEVICES: [0]
[I 2023-11-30 00:26:02,781] Trial 94 finished with value: 1183.8643798828125 and parameters: {'gradient_clip_val': 0.10749510077383255, 'hidden_size': 59, 'dropout': 0.37782991157577483, 'hidden_continuous_size': 20, 'attention_head_size': 2, 'learning_rate': 0.020078287075926605}. Best is trial 91 with value: 1000.3059692382812.
LOCAL_RANK: 0 - CUDA_VISIBLE_DEVICES: [0]
[I 2023-11-30 00:26:16,213] Trial 95 finished with value: 1436.0501708984375 and parameters: {'gradient_clip_val': 0.12331145046461414, 'hidden_size': 57, 'dropout': 0.3871654299052855, 'hidden_continuous_size': 19, 'attention_head_size': 2, 'learning_rate': 0.0073777763404014865}. Best is trial 91 with value: 1000.3059692382812.
LOCAL_RANK: 0 - CUDA_VISIBLE_DEVICES: [0]
[I 2023-11-30 00:26:29,931] Trial 96 finished with value: 1619.2900390625 and parameters: {'gradient_clip_val': 0.14607462288489995, 'hidden_size': 65, 'dropout': 0.3944647925607857, 'hidden_continuous_size': 25, 'attention_head_size': 2, 'learning_rate': 0.014588137615689768}. Best is trial 91 with value: 1000.3059692382812.
LOCAL_RANK: 0 - CUDA_VISIBLE_DEVICES: [0]
[I 2023-11-30 00:26:43,288] Trial 97 finished with value: 1352.8226318359375 and parameters: {'gradient_clip_val': 0.11722145276415427, 'hidden_size': 54, 'dropout': 0.3755549685659416, 'hidden_continuous_size': 24, 'attention_head_size': 2, 'learning_rate': 0.008112702361754279}. Best is trial 91 with value: 1000.3059692382812.
LOCAL_RANK: 0 - CUDA_VISIBLE_DEVICES: [0]
[I 2023-11-30 00:26:56,283] Trial 98 finished with value: 1301.8270263671875 and parameters: {'gradient_clip_val': 0.10500138773320551, 'hidden_size': 48, 'dropout': 0.3347513256301867, 'hidden_continuous_size': 22, 'attention_head_size': 2, 'learning_rate': 0.02190892209735636}. Best is trial 91 with value: 1000.3059692382812.
LOCAL_RANK: 0 - CUDA_VISIBLE_DEVICES: [0]
[I 2023-11-30 00:27:09,760] Trial 99 finished with value: 1238.186767578125 and parameters: {'gradient_clip_val': 0.13534820688696927, 'hidden_size': 63, 'dropout': 0.3546961528800387, 'hidden_continuous_size': 26, 'attention_head_size': 2, 'learning_rate': 0.010605818885946049}. Best is trial 91 with value: 1000.3059692382812.
LOCAL_RANK: 0 - CUDA_VISIBLE_DEVICES: [0]
[I 2023-11-30 00:27:23,657] Trial 100 finished with value: 1343.6131591796875 and parameters: {'gradient_clip_val': 0.1517862878402863, 'hidden_size': 79, 'dropout': 0.3646713220268782, 'hidden_continuous_size': 29, 'attention_head_size': 1, 'learning_rate': 0.016916248558488414}. Best is trial 91 with value: 1000.3059692382812.
LOCAL_RANK: 0 - CUDA_VISIBLE_DEVICES: [0]
[I 2023-11-30 00:27:36,835] Trial 101 finished with value: 1569.080078125 and parameters: {'gradient_clip_val': 0.12902504194629605, 'hidden_size': 52, 'dropout': 0.36962092772921723, 'hidden_continuous_size': 23, 'attention_head_size': 2, 'learning_rate': 0.009585408252557628}. Best is trial 91 with value: 1000.3059692382812.
LOCAL_RANK: 0 - CUDA_VISIBLE_DEVICES: [0]
[I 2023-11-30 00:27:50,103] Trial 102 finished with value: 1376.4095458984375 and parameters: {'gradient_clip_val': 0.12414450929225698, 'hidden_size': 49, 'dropout': 0.3852012441855017, 'hidden_continuous_size': 27, 'attention_head_size': 2, 'learning_rate': 0.012651096135901438}. Best is trial 91 with value: 1000.3059692382812.
LOCAL_RANK: 0 - CUDA_VISIBLE_DEVICES: [0]
