[I 2023-11-30 09:15:41,254] Trial 68 finished with value: 0.14947938919067383 and parameters: {'gradient_clip_val': 0.1448254534447594, 'hidden_size': 46, 'dropout': 0.24572441138239975, 'hidden_continuous_size': 20, 'attention_head_size': 2, 'learning_rate': 0.04551603837039964}. Best is trial 21 with value: 0.07767316699028015.
LOCAL_RANK: 0 - CUDA_VISIBLE_DEVICES: [0]
[I 2023-11-30 09:15:54,844] Trial 69 finished with value: 0.11194822937250137 and parameters: {'gradient_clip_val': 0.113868378945179, 'hidden_size': 54, 'dropout': 0.21158850267241047, 'hidden_continuous_size': 28, 'attention_head_size': 2, 'learning_rate': 0.056179662432677066}. Best is trial 21 with value: 0.07767316699028015.
LOCAL_RANK: 0 - CUDA_VISIBLE_DEVICES: [0]
[I 2023-11-30 09:16:08,657] Trial 70 finished with value: 0.14206691086292267 and parameters: {'gradient_clip_val': 0.12541863077502274, 'hidden_size': 81, 'dropout': 0.22614005080511787, 'hidden_continuous_size': 35, 'attention_head_size': 1, 'learning_rate': 0.012785426933107828}. Best is trial 21 with value: 0.07767316699028015.
LOCAL_RANK: 0 - CUDA_VISIBLE_DEVICES: [0]
[I 2023-11-30 09:16:22,452] Trial 71 finished with value: 0.19704286754131317 and parameters: {'gradient_clip_val': 0.1524230122847138, 'hidden_size': 65, 'dropout': 0.20946370528984676, 'hidden_continuous_size': 24, 'attention_head_size': 2, 'learning_rate': 0.06556971669027575}. Best is trial 21 with value: 0.07767316699028015.
LOCAL_RANK: 0 - CUDA_VISIBLE_DEVICES: [0]
[I 2023-11-30 09:16:36,061] Trial 72 finished with value: 0.11259792000055313 and parameters: {'gradient_clip_val': 0.15751740435790404, 'hidden_size': 61, 'dropout': 0.23545267297509484, 'hidden_continuous_size': 29, 'attention_head_size': 2, 'learning_rate': 0.035666215337465404}. Best is trial 21 with value: 0.07767316699028015.
LOCAL_RANK: 0 - CUDA_VISIBLE_DEVICES: [0]
[I 2023-11-30 09:16:49,312] Trial 73 finished with value: 0.08185547590255737 and parameters: {'gradient_clip_val': 0.13182789716485985, 'hidden_size': 49, 'dropout': 0.2556257315815562, 'hidden_continuous_size': 26, 'attention_head_size': 2, 'learning_rate': 0.052811094352460855}. Best is trial 21 with value: 0.07767316699028015.
LOCAL_RANK: 0 - CUDA_VISIBLE_DEVICES: [0]
[I 2023-11-30 09:17:02,460] Trial 74 finished with value: 0.1027832105755806 and parameters: {'gradient_clip_val': 0.1345998774382215, 'hidden_size': 49, 'dropout': 0.272733741368166, 'hidden_continuous_size': 26, 'attention_head_size': 2, 'learning_rate': 0.05234223122599386}. Best is trial 21 with value: 0.07767316699028015.
LOCAL_RANK: 0 - CUDA_VISIBLE_DEVICES: [0]
[I 2023-11-30 09:17:15,783] Trial 75 finished with value: 0.13557900488376617 and parameters: {'gradient_clip_val': 0.11828484535562274, 'hidden_size': 54, 'dropout': 0.2595813621064234, 'hidden_continuous_size': 24, 'attention_head_size': 2, 'learning_rate': 0.04282265945966186}. Best is trial 21 with value: 0.07767316699028015.
LOCAL_RANK: 0 - CUDA_VISIBLE_DEVICES: [0]
[I 2023-11-30 09:17:29,173] Trial 76 finished with value: 0.1828538179397583 and parameters: {'gradient_clip_val': 0.11268162229762888, 'hidden_size': 43, 'dropout': 0.2545205751415799, 'hidden_continuous_size': 27, 'attention_head_size': 2, 'learning_rate': 0.08975739479669409}. Best is trial 21 with value: 0.07767316699028015.
LOCAL_RANK: 0 - CUDA_VISIBLE_DEVICES: [0]
[I 2023-11-30 09:17:41,971] Trial 77 finished with value: 0.15848080813884735 and parameters: {'gradient_clip_val': 0.14220014829309968, 'hidden_size': 40, 'dropout': 0.22309153689117373, 'hidden_continuous_size': 25, 'attention_head_size': 2, 'learning_rate': 0.06955893144442907}. Best is trial 21 with value: 0.07767316699028015.
LOCAL_RANK: 0 - CUDA_VISIBLE_DEVICES: [0]
[I 2023-11-30 09:17:54,875] Trial 78 finished with value: 0.13364386558532715 and parameters: {'gradient_clip_val': 0.12859685018684475, 'hidden_size': 34, 'dropout': 0.24847651160115639, 'hidden_continuous_size': 19, 'attention_head_size': 1, 'learning_rate': 0.05680292711993259}. Best is trial 21 with value: 0.07767316699028015.
LOCAL_RANK: 0 - CUDA_VISIBLE_DEVICES: [0]
[I 2023-11-30 09:18:08,244] Trial 79 finished with value: 0.23160721361637115 and parameters: {'gradient_clip_val': 0.10669716978926251, 'hidden_size': 56, 'dropout': 0.23588748740886575, 'hidden_continuous_size': 31, 'attention_head_size': 2, 'learning_rate': 0.046195318657760595}. Best is trial 21 with value: 0.07767316699028015.
LOCAL_RANK: 0 - CUDA_VISIBLE_DEVICES: [0]
[I 2023-11-30 09:18:21,506] Trial 80 finished with value: 0.13146784901618958 and parameters: {'gradient_clip_val': 0.16926014052242536, 'hidden_size': 46, 'dropout': 0.2867627017763642, 'hidden_continuous_size': 26, 'attention_head_size': 2, 'learning_rate': 0.0738143910834002}. Best is trial 21 with value: 0.07767316699028015.
LOCAL_RANK: 0 - CUDA_VISIBLE_DEVICES: [0]
[I 2023-11-30 09:18:35,129] Trial 81 finished with value: 0.07394155114889145 and parameters: {'gradient_clip_val': 0.1479006221631522, 'hidden_size': 65, 'dropout': 0.2154872450837104, 'hidden_continuous_size': 23, 'attention_head_size': 2, 'learning_rate': 0.06109612415055207}. Best is trial 81 with value: 0.07394155114889145.
LOCAL_RANK: 0 - CUDA_VISIBLE_DEVICES: [0]
[I 2023-11-30 09:18:48,944] Trial 82 finished with value: 0.13385723531246185 and parameters: {'gradient_clip_val': 0.14724822660405265, 'hidden_size': 69, 'dropout': 0.21786645645429853, 'hidden_continuous_size': 33, 'attention_head_size': 2, 'learning_rate': 0.038204862470000975}. Best is trial 81 with value: 0.07394155114889145.
LOCAL_RANK: 0 - CUDA_VISIBLE_DEVICES: [0]
[I 2023-11-30 09:19:02,714] Trial 83 finished with value: 0.1164710521697998 and parameters: {'gradient_clip_val': 0.12037082545310825, 'hidden_size': 77, 'dropout': 0.23118859889228863, 'hidden_continuous_size': 29, 'attention_head_size': 2, 'learning_rate': 0.08941485785102067}. Best is trial 81 with value: 0.07394155114889145.
LOCAL_RANK: 0 - CUDA_VISIBLE_DEVICES: [0]
[I 2023-11-30 09:19:15,895] Trial 84 finished with value: 0.0979495644569397 and parameters: {'gradient_clip_val': 0.1363762575553656, 'hidden_size': 50, 'dropout': 0.1976625364421861, 'hidden_continuous_size': 23, 'attention_head_size': 2, 'learning_rate': 0.06090984087013662}. Best is trial 81 with value: 0.07394155114889145.
LOCAL_RANK: 0 - CUDA_VISIBLE_DEVICES: [0]
[I 2023-11-30 09:19:29,398] Trial 85 finished with value: 0.09833408147096634 and parameters: {'gradient_clip_val': 0.129293748681918, 'hidden_size': 60, 'dropout': 0.24104119583202105, 'hidden_continuous_size': 27, 'attention_head_size': 2, 'learning_rate': 0.05010947584691203}. Best is trial 81 with value: 0.07394155114889145.
LOCAL_RANK: 0 - CUDA_VISIBLE_DEVICES: [0]
[I 2023-11-30 09:19:43,091] Trial 86 finished with value: 0.116377092897892 and parameters: {'gradient_clip_val': 0.14933386809380458, 'hidden_size': 64, 'dropout': 0.2065813757144666, 'hidden_continuous_size': 24, 'attention_head_size': 2, 'learning_rate': 0.07324662725604231}. Best is trial 81 with value: 0.07394155114889145.
LOCAL_RANK: 0 - CUDA_VISIBLE_DEVICES: [0]
[I 2023-11-30 09:19:56,076] Trial 87 finished with value: 0.09173329919576645 and parameters: {'gradient_clip_val': 0.163248759388523, 'hidden_size': 38, 'dropout': 0.22485687499369897, 'hidden_continuous_size': 23, 'attention_head_size': 2, 'learning_rate': 0.06109199630349328}. Best is trial 81 with value: 0.07394155114889145.
LOCAL_RANK: 0 - CUDA_VISIBLE_DEVICES: [0]
[I 2023-11-30 09:20:09,941] Trial 88 finished with value: 0.08834585547447205 and parameters: {'gradient_clip_val': 0.1801732832533999, 'hidden_size': 88, 'dropout': 0.21090023795513343, 'hidden_continuous_size': 34, 'attention_head_size': 2, 'learning_rate': 0.032158448943778575}. Best is trial 81 with value: 0.07394155114889145.
LOCAL_RANK: 0 - CUDA_VISIBLE_DEVICES: [0]
[I 2023-11-30 09:20:23,604] Trial 89 finished with value: 0.23696832358837128 and parameters: {'gradient_clip_val': 0.1204539434532834, 'hidden_size': 70, 'dropout': 0.1892074928571093, 'hidden_continuous_size': 38, 'attention_head_size': 1, 'learning_rate': 0.04305071324338382}. Best is trial 81 with value: 0.07394155114889145.
LOCAL_RANK: 0 - CUDA_VISIBLE_DEVICES: [0]
[I 2023-11-30 09:20:36,896] Trial 90 finished with value: 0.08792930096387863 and parameters: {'gradient_clip_val': 0.19486278661186046, 'hidden_size': 53, 'dropout': 0.254464307009758, 'hidden_continuous_size': 22, 'attention_head_size': 2, 'learning_rate': 0.0814105578785365}. Best is trial 81 with value: 0.07394155114889145.
LOCAL_RANK: 0 - CUDA_VISIBLE_DEVICES: [0]
[I 2023-11-30 09:20:50,472] Trial 91 finished with value: 0.07566093653440475 and parameters: {'gradient_clip_val': 0.16027735484486108, 'hidden_size': 58, 'dropout': 0.21916355392145292, 'hidden_continuous_size': 21, 'attention_head_size': 2, 'learning_rate': 0.05361524621083613}. Best is trial 81 with value: 0.07394155114889145.
LOCAL_RANK: 0 - CUDA_VISIBLE_DEVICES: [0]
[I 2023-11-30 09:21:03,684] Trial 92 finished with value: 0.09597141295671463 and parameters: {'gradient_clip_val': 0.14020254695746867, 'hidden_size': 60, 'dropout': 0.2181739458645266, 'hidden_continuous_size': 22, 'attention_head_size': 2, 'learning_rate': 0.05217622881587143}. Best is trial 81 with value: 0.07394155114889145.
LOCAL_RANK: 0 - CUDA_VISIBLE_DEVICES: [0]
[I 2023-11-30 09:21:16,845] Trial 93 finished with value: 0.1146087646484375 and parameters: {'gradient_clip_val': 0.15514973709031588, 'hidden_size': 56, 'dropout': 0.23001840194201445, 'hidden_continuous_size': 21, 'attention_head_size': 2, 'learning_rate': 0.06907587578046195}. Best is trial 81 with value: 0.07394155114889145.
LOCAL_RANK: 0 - CUDA_VISIBLE_DEVICES: [0]
[I 2023-11-30 09:21:29,820] Trial 94 finished with value: 0.2478570193052292 and parameters: {'gradient_clip_val': 0.13240328124019646, 'hidden_size': 48, 'dropout': 0.24091875826825646, 'hidden_continuous_size': 20, 'attention_head_size': 2, 'learning_rate': 0.040464352890171564}. Best is trial 81 with value: 0.07394155114889145.
LOCAL_RANK: 0 - CUDA_VISIBLE_DEVICES: [0]
[I 2023-11-30 09:21:42,697] Trial 95 finished with value: 0.12141284346580505 and parameters: {'gradient_clip_val': 0.1754608623831685, 'hidden_size': 44, 'dropout': 0.20114027097439396, 'hidden_continuous_size': 19, 'attention_head_size': 2, 'learning_rate': 0.04755702388906354}. Best is trial 81 with value: 0.07394155114889145.
LOCAL_RANK: 0 - CUDA_VISIBLE_DEVICES: [0]
[I 2023-11-30 09:21:56,629] Trial 96 finished with value: 0.16389860212802887 and parameters: {'gradient_clip_val': 0.11110172762140542, 'hidden_size': 75, 'dropout': 0.22074783864209974, 'hidden_continuous_size': 26, 'attention_head_size': 2, 'learning_rate': 0.06004168344711555}. Best is trial 81 with value: 0.07394155114889145.
LOCAL_RANK: 0 - CUDA_VISIBLE_DEVICES: [0]
[I 2023-11-30 09:22:09,850] Trial 97 finished with value: 0.16729311645030975 and parameters: {'gradient_clip_val': 0.14739293189938793, 'hidden_size': 51, 'dropout': 0.20912801491424887, 'hidden_continuous_size': 21, 'attention_head_size': 2, 'learning_rate': 0.08184431403052402}. Best is trial 81 with value: 0.07394155114889145.
LOCAL_RANK: 0 - CUDA_VISIBLE_DEVICES: [0]
[I 2023-11-30 09:22:23,469] Trial 98 finished with value: 0.08043137937784195 and parameters: {'gradient_clip_val': 0.1031491219670644, 'hidden_size': 64, 'dropout': 0.23169767138687314, 'hidden_continuous_size': 25, 'attention_head_size': 3, 'learning_rate': 0.03675480935802463}. Best is trial 81 with value: 0.07394155114889145.
LOCAL_RANK: 0 - CUDA_VISIBLE_DEVICES: [0]
[I 2023-11-30 09:22:37,172] Trial 99 finished with value: 0.2798403799533844 and parameters: {'gradient_clip_val': 0.1036544134146914, 'hidden_size': 65, 'dropout': 0.23222558648991534, 'hidden_continuous_size': 25, 'attention_head_size': 3, 'learning_rate': 0.05409049222328887}. Best is trial 81 with value: 0.07394155114889145.
LOCAL_RANK: 0 - CUDA_VISIBLE_DEVICES: [0]
[I 2023-11-30 09:22:50,709] Trial 100 finished with value: 0.15427781641483307 and parameters: {'gradient_clip_val': 0.1044592134325014, 'hidden_size': 58, 'dropout': 0.24560534784199806, 'hidden_continuous_size': 25, 'attention_head_size': 4, 'learning_rate': 0.09493958057703634}. Best is trial 81 with value: 0.07394155114889145.
LOCAL_RANK: 0 - CUDA_VISIBLE_DEVICES: [0]
[I 2023-11-30 09:23:04,067] Trial 101 finished with value: 0.09149099141359329 and parameters: {'gradient_clip_val': 0.11594112237162978, 'hidden_size': 45, 'dropout': 0.22490671392217096, 'hidden_continuous_size': 23, 'attention_head_size': 3, 'learning_rate': 0.036910781957688765}. Best is trial 81 with value: 0.07394155114889145.
LOCAL_RANK: 0 - CUDA_VISIBLE_DEVICES: [0]
[I 2023-11-30 09:23:17,834] Trial 102 finished with value: 0.1158713698387146 and parameters: {'gradient_clip_val': 0.12357620358690183, 'hidden_size': 67, 'dropout': 0.23400806100709104, 'hidden_continuous_size': 24, 'attention_head_size': 3, 'learning_rate': 0.031186686609410368}. Best is trial 81 with value: 0.07394155114889145.
LOCAL_RANK: 0 - CUDA_VISIBLE_DEVICES: [0]
[I 2023-11-30 09:23:31,503] Trial 103 finished with value: 0.09435977786779404 and parameters: {'gradient_clip_val': 0.11047350461949754, 'hidden_size': 62, 'dropout': 0.21441613269132712, 'hidden_continuous_size': 27, 'attention_head_size': 2, 'learning_rate': 0.0456973616038135}. Best is trial 81 with value: 0.07394155114889145.
LOCAL_RANK: 0 - CUDA_VISIBLE_DEVICES: [0]
[I 2023-11-30 09:23:45,154] Trial 104 finished with value: 0.2951720058917999 and parameters: {'gradient_clip_val': 0.12887642719781175, 'hidden_size': 72, 'dropout': 0.23947479350555115, 'hidden_continuous_size': 29, 'attention_head_size': 2, 'learning_rate': 0.03464283988160333}. Best is trial 81 with value: 0.07394155114889145.
LOCAL_RANK: 0 - CUDA_VISIBLE_DEVICES: [0]
[I 2023-11-30 09:23:58,200] Trial 105 finished with value: 0.1268244832754135 and parameters: {'gradient_clip_val': 0.13999525154753747, 'hidden_size': 48, 'dropout': 0.20197175396805844, 'hidden_continuous_size': 23, 'attention_head_size': 2, 'learning_rate': 0.03984624705162264}. Best is trial 81 with value: 0.07394155114889145.
LOCAL_RANK: 0 - CUDA_VISIBLE_DEVICES: [0]
[I 2023-11-30 09:24:11,491] Trial 106 finished with value: 0.18436388671398163 and parameters: {'gradient_clip_val': 0.11786470815040669, 'hidden_size': 41, 'dropout': 0.24850449855586235, 'hidden_continuous_size': 22, 'attention_head_size': 3, 'learning_rate': 0.06621142246651335}. Best is trial 81 with value: 0.07394155114889145.
LOCAL_RANK: 0 - CUDA_VISIBLE_DEVICES: [0]
[I 2023-11-30 09:24:24,992] Trial 107 finished with value: 0.09021658450365067 and parameters: {'gradient_clip_val': 0.16496161055871866, 'hidden_size': 55, 'dropout': 0.2221907097902297, 'hidden_continuous_size': 28, 'attention_head_size': 2, 'learning_rate': 0.029103317397939244}. Best is trial 81 with value: 0.07394155114889145.
LOCAL_RANK: 0 - CUDA_VISIBLE_DEVICES: [0]
[I 2023-11-30 09:24:38,203] Trial 108 finished with value: 0.12109110504388809 and parameters: {'gradient_clip_val': 0.1332914866908269, 'hidden_size': 52, 'dropout': 0.2664923906238903, 'hidden_continuous_size': 24, 'attention_head_size': 2, 'learning_rate': 0.0547871274509929}. Best is trial 81 with value: 0.07394155114889145.
LOCAL_RANK: 0 - CUDA_VISIBLE_DEVICES: [0]
[I 2023-11-30 09:24:51,653] Trial 109 finished with value: 0.13835710287094116 and parameters: {'gradient_clip_val': 0.12365343756067655, 'hidden_size': 61, 'dropout': 0.22717005492880346, 'hidden_continuous_size': 21, 'attention_head_size': 2, 'learning_rate': 0.05030670267800222}. Best is trial 81 with value: 0.07394155114889145.
LOCAL_RANK: 0 - CUDA_VISIBLE_DEVICES: [0]
[I 2023-11-30 09:25:05,159] Trial 110 finished with value: 0.08090922981500626 and parameters: {'gradient_clip_val': 0.10123764537092833, 'hidden_size': 68, 'dropout': 0.21428082825649197, 'hidden_continuous_size': 26, 'attention_head_size': 1, 'learning_rate': 0.07441131183876204}. Best is trial 81 with value: 0.07394155114889145.
LOCAL_RANK: 0 - CUDA_VISIBLE_DEVICES: [0]
[I 2023-11-30 09:25:18,790] Trial 111 finished with value: 0.15081556141376495 and parameters: {'gradient_clip_val': 0.10084317778869197, 'hidden_size': 69, 'dropout': 0.21620020474080778, 'hidden_continuous_size': 26, 'attention_head_size': 1, 'learning_rate': 0.07338105509083943}. Best is trial 81 with value: 0.07394155114889145.
LOCAL_RANK: 0 - CUDA_VISIBLE_DEVICES: [0]
[I 2023-11-30 09:25:32,418] Trial 112 finished with value: 0.14109839498996735 and parameters: {'gradient_clip_val': 0.11007618444010193, 'hidden_size': 58, 'dropout': 0.2295785422997693, 'hidden_continuous_size': 25, 'attention_head_size': 1, 'learning_rate': 0.061459349955897996}. Best is trial 81 with value: 0.07394155114889145.
LOCAL_RANK: 0 - CUDA_VISIBLE_DEVICES: [0]
[I 2023-11-30 09:25:46,099] Trial 113 finished with value: 0.1961645931005478 and parameters: {'gradient_clip_val': 0.10608762254973932, 'hidden_size': 82, 'dropout': 0.19298643804865404, 'hidden_continuous_size': 31, 'attention_head_size': 1, 'learning_rate': 0.08520633694410197}. Best is trial 81 with value: 0.07394155114889145.
LOCAL_RANK: 0 - CUDA_VISIBLE_DEVICES: [0]
[I 2023-11-30 09:25:59,799] Trial 114 finished with value: 0.11995061486959457 and parameters: {'gradient_clip_val': 0.11608957156817386, 'hidden_size': 77, 'dropout': 0.20684358426400995, 'hidden_continuous_size': 28, 'attention_head_size': 1, 'learning_rate': 0.07791392270622195}. Best is trial 81 with value: 0.07394155114889145.
LOCAL_RANK: 0 - CUDA_VISIBLE_DEVICES: [0]
[I 2023-11-30 09:26:13,335] Trial 115 finished with value: 0.07958504557609558 and parameters: {'gradient_clip_val': 0.12824858068534134, 'hidden_size': 66, 'dropout': 0.21172423538146745, 'hidden_continuous_size': 27, 'attention_head_size': 1, 'learning_rate': 0.05702422494956208}. Best is trial 81 with value: 0.07394155114889145.
LOCAL_RANK: 0 - CUDA_VISIBLE_DEVICES: [0]
[I 2023-11-30 09:26:26,688] Trial 116 finished with value: 0.18689493834972382 and parameters: {'gradient_clip_val': 0.12366955069442051, 'hidden_size': 64, 'dropout': 0.23786883246495716, 'hidden_continuous_size': 27, 'attention_head_size': 1, 'learning_rate': 0.06559436738718051}. Best is trial 81 with value: 0.07394155114889145.
LOCAL_RANK: 0 - CUDA_VISIBLE_DEVICES: [0]
[I 2023-11-30 09:26:40,186] Trial 117 finished with value: 0.14769910275936127 and parameters: {'gradient_clip_val': 0.1285994877172702, 'hidden_size': 54, 'dropout': 0.21975711099148038, 'hidden_continuous_size': 25, 'attention_head_size': 1, 'learning_rate': 0.05829887950719134}. Best is trial 81 with value: 0.07394155114889145.
LOCAL_RANK: 0 - CUDA_VISIBLE_DEVICES: [0]
[I 2023-11-30 09:26:53,558] Trial 118 finished with value: 0.11824848502874374 and parameters: {'gradient_clip_val': 0.10021332354803918, 'hidden_size': 51, 'dropout': 0.21220949517243526, 'hidden_continuous_size': 24, 'attention_head_size': 1, 'learning_rate': 0.09466483231892603}. Best is trial 81 with value: 0.07394155114889145.
LOCAL_RANK: 0 - CUDA_VISIBLE_DEVICES: [0]
[I 2023-11-30 09:27:06,683] Trial 119 finished with value: 0.07513884454965591 and parameters: {'gradient_clip_val': 0.11120691317393158, 'hidden_size': 47, 'dropout': 0.19604456368953088, 'hidden_continuous_size': 26, 'attention_head_size': 1, 'learning_rate': 0.04581987767892474}. Best is trial 81 with value: 0.07394155114889145.
LOCAL_RANK: 0 - CUDA_VISIBLE_DEVICES: [0]
[I 2023-11-30 09:27:19,813] Trial 120 finished with value: 0.18929535150527954 and parameters: {'gradient_clip_val': 0.11255326924623152, 'hidden_size': 46, 'dropout': 0.19774066393492917, 'hidden_continuous_size': 26, 'attention_head_size': 1, 'learning_rate': 0.07349658855005708}. Best is trial 81 with value: 0.07394155114889145.
LOCAL_RANK: 0 - CUDA_VISIBLE_DEVICES: [0]
[I 2023-11-30 09:27:32,824] Trial 121 finished with value: 0.0566064715385437 and parameters: {'gradient_clip_val': 0.11883693051796944, 'hidden_size': 48, 'dropout': 0.18564245051336245, 'hidden_continuous_size': 23, 'attention_head_size': 1, 'learning_rate': 0.04804183629939509}. Best is trial 121 with value: 0.0566064715385437.
LOCAL_RANK: 0 - CUDA_VISIBLE_DEVICES: [0]
[I 2023-11-30 09:27:45,982] Trial 122 finished with value: 0.2057407647371292 and parameters: {'gradient_clip_val': 0.10642875614902024, 'hidden_size': 42, 'dropout': 0.18325863354184901, 'hidden_continuous_size': 23, 'attention_head_size': 1, 'learning_rate': 0.0477553655260191}. Best is trial 121 with value: 0.0566064715385437.
LOCAL_RANK: 0 - CUDA_VISIBLE_DEVICES: [0]
[I 2023-11-30 09:27:59,242] Trial 123 finished with value: 0.17366676032543182 and parameters: {'gradient_clip_val': 0.11759626920143264, 'hidden_size': 49, 'dropout': 0.17917054202817523, 'hidden_continuous_size': 23, 'attention_head_size': 1, 'learning_rate': 0.05514915625570981}. Best is trial 121 with value: 0.0566064715385437.
LOCAL_RANK: 0 - CUDA_VISIBLE_DEVICES: [0]
[I 2023-11-30 09:28:12,373] Trial 124 finished with value: 0.08767097443342209 and parameters: {'gradient_clip_val': 0.13584092629267658, 'hidden_size': 45, 'dropout': 0.1924717215453224, 'hidden_continuous_size': 26, 'attention_head_size': 1, 'learning_rate': 0.06369685712239209}. Best is trial 121 with value: 0.0566064715385437.
LOCAL_RANK: 0 - CUDA_VISIBLE_DEVICES: [0]
[I 2023-11-30 09:28:25,272] Trial 125 finished with value: 0.07110977172851562 and parameters: {'gradient_clip_val': 0.1107471029563754, 'hidden_size': 38, 'dropout': 0.20369049542490417, 'hidden_continuous_size': 25, 'attention_head_size': 1, 'learning_rate': 0.05030026890618128}. Best is trial 121 with value: 0.0566064715385437.
LOCAL_RANK: 0 - CUDA_VISIBLE_DEVICES: [0]
