[I 2023-11-30 11:16:13,136] Trial 137 finished with value: 0.11684954166412354 and parameters: {'gradient_clip_val': 0.7695156238292045, 'hidden_size': 96, 'dropout': 0.17919656367700956, 'hidden_continuous_size': 37, 'attention_head_size': 2, 'learning_rate': 0.019344654556848133}. Best is trial 121 with value: 0.07354637235403061.
LOCAL_RANK: 0 - CUDA_VISIBLE_DEVICES: [0]
[I 2023-11-30 11:16:26,816] Trial 138 finished with value: 0.13211779296398163 and parameters: {'gradient_clip_val': 0.832935404533814, 'hidden_size': 60, 'dropout': 0.19746829222502302, 'hidden_continuous_size': 51, 'attention_head_size': 2, 'learning_rate': 0.022524404023538856}. Best is trial 121 with value: 0.07354637235403061.
LOCAL_RANK: 0 - CUDA_VISIBLE_DEVICES: [0]
[I 2023-11-30 11:16:40,682] Trial 139 finished with value: 0.09914788603782654 and parameters: {'gradient_clip_val': 0.683505036682926, 'hidden_size': 73, 'dropout': 0.24483553251646628, 'hidden_continuous_size': 41, 'attention_head_size': 2, 'learning_rate': 0.06197882382752942}. Best is trial 121 with value: 0.07354637235403061.
LOCAL_RANK: 0 - CUDA_VISIBLE_DEVICES: [0]
[I 2023-11-30 11:16:54,776] Trial 140 finished with value: 0.11997850984334946 and parameters: {'gradient_clip_val': 0.625661385353794, 'hidden_size': 78, 'dropout': 0.29518061273389756, 'hidden_continuous_size': 56, 'attention_head_size': 2, 'learning_rate': 0.07182284567865789}. Best is trial 121 with value: 0.07354637235403061.
LOCAL_RANK: 0 - CUDA_VISIBLE_DEVICES: [0]
[I 2023-11-30 11:17:08,540] Trial 141 finished with value: 0.12979012727737427 and parameters: {'gradient_clip_val': 0.9532067623552015, 'hidden_size': 54, 'dropout': 0.20459336124670693, 'hidden_continuous_size': 47, 'attention_head_size': 3, 'learning_rate': 0.050374678176336826}. Best is trial 121 with value: 0.07354637235403061.
LOCAL_RANK: 0 - CUDA_VISIBLE_DEVICES: [0]
[I 2023-11-30 11:17:22,636] Trial 142 finished with value: 0.16455815732479095 and parameters: {'gradient_clip_val': 0.8830080840831532, 'hidden_size': 61, 'dropout': 0.22373165981055784, 'hidden_continuous_size': 43, 'attention_head_size': 3, 'learning_rate': 0.046881207564653596}. Best is trial 121 with value: 0.07354637235403061.
LOCAL_RANK: 0 - CUDA_VISIBLE_DEVICES: [0]
[I 2023-11-30 11:17:36,524] Trial 143 finished with value: 0.13240909576416016 and parameters: {'gradient_clip_val': 0.9112883965406455, 'hidden_size': 66, 'dropout': 0.21664163306081435, 'hidden_continuous_size': 49, 'attention_head_size': 2, 'learning_rate': 0.03634838466574901}. Best is trial 121 with value: 0.07354637235403061.
LOCAL_RANK: 0 - CUDA_VISIBLE_DEVICES: [0]
[I 2023-11-30 11:17:50,243] Trial 144 finished with value: 0.13750697672367096 and parameters: {'gradient_clip_val': 0.7956331232041568, 'hidden_size': 57, 'dropout': 0.19027518494553627, 'hidden_continuous_size': 46, 'attention_head_size': 2, 'learning_rate': 0.053995447987755595}. Best is trial 121 with value: 0.07354637235403061.
LOCAL_RANK: 0 - CUDA_VISIBLE_DEVICES: [0]
[I 2023-11-30 11:18:04,333] Trial 145 finished with value: 0.09944244474172592 and parameters: {'gradient_clip_val': 0.9985163387615081, 'hidden_size': 81, 'dropout': 0.20926214590791467, 'hidden_continuous_size': 44, 'attention_head_size': 3, 'learning_rate': 0.029401511950677986}. Best is trial 121 with value: 0.07354637235403061.
LOCAL_RANK: 0 - CUDA_VISIBLE_DEVICES: [0]
[I 2023-11-30 11:18:18,896] Trial 146 finished with value: 0.11512713879346848 and parameters: {'gradient_clip_val': 0.850565606401653, 'hidden_size': 111, 'dropout': 0.19938753186193708, 'hidden_continuous_size': 58, 'attention_head_size': 3, 'learning_rate': 0.04394642488952325}. Best is trial 121 with value: 0.07354637235403061.
LOCAL_RANK: 0 - CUDA_VISIBLE_DEVICES: [0]
[I 2023-11-30 11:18:32,826] Trial 147 finished with value: 0.10314002633094788 and parameters: {'gradient_clip_val': 0.932707544510863, 'hidden_size': 70, 'dropout': 0.1696846391152172, 'hidden_continuous_size': 52, 'attention_head_size': 2, 'learning_rate': 0.06515977004015376}. Best is trial 121 with value: 0.07354637235403061.
LOCAL_RANK: 0 - CUDA_VISIBLE_DEVICES: [0]
[I 2023-11-30 11:18:46,480] Trial 148 finished with value: 0.11525555700063705 and parameters: {'gradient_clip_val': 0.7365272689112011, 'hidden_size': 52, 'dropout': 0.2645304577055789, 'hidden_continuous_size': 48, 'attention_head_size': 3, 'learning_rate': 0.032346410076147615}. Best is trial 121 with value: 0.07354637235403061.
LOCAL_RANK: 0 - CUDA_VISIBLE_DEVICES: [0]
[I 2023-11-30 11:18:59,700] Trial 149 finished with value: 0.09378881007432938 and parameters: {'gradient_clip_val': 0.8778534890978877, 'hidden_size': 64, 'dropout': 0.2712293907480132, 'hidden_continuous_size': 15, 'attention_head_size': 2, 'learning_rate': 0.049682913539350435}. Best is trial 121 with value: 0.07354637235403061.
[I 2023-11-30 11:18:59,809] A new study created in memory with name: no-name-2b7535c1-19bf-4d0b-b310-07968c86daeb
/home/le004/conda/anaconda3/envs/tsff_env/lib/python3.9/site-packages/lightning/fabric/plugins/environments/slurm.py:191: The `srun` command is available on your system but is not used. HINT: If your intention is to run Lightning on SLURM, prepend your python command with `srun` like so: srun python /home/le004/master_thesis/git/TSFusionForecast/code/ ...
LOCAL_RANK: 0 - CUDA_VISIBLE_DEVICES: [0]
[I 2023-11-30 11:19:12,244] Trial 0 finished with value: 0.26208075881004333 and parameters: {'gradient_clip_val': 0.95944590071493, 'hidden_size': 21, 'dropout': 0.21108360298015216, 'hidden_continuous_size': 12, 'attention_head_size': 1, 'learning_rate': 0.04137876498748837}. Best is trial 0 with value: 0.26208075881004333.
LOCAL_RANK: 0 - CUDA_VISIBLE_DEVICES: [0]
[I 2023-11-30 11:19:26,489] Trial 1 finished with value: 0.11591273546218872 and parameters: {'gradient_clip_val': 0.15329283564168408, 'hidden_size': 98, 'dropout': 0.1344505690288737, 'hidden_continuous_size': 46, 'attention_head_size': 4, 'learning_rate': 0.04623311221789828}. Best is trial 1 with value: 0.11591273546218872.
LOCAL_RANK: 0 - CUDA_VISIBLE_DEVICES: [0]
[I 2023-11-30 11:19:40,476] Trial 2 finished with value: 0.49262574315071106 and parameters: {'gradient_clip_val': 0.224342591395412, 'hidden_size': 96, 'dropout': 0.24260914935909583, 'hidden_continuous_size': 39, 'attention_head_size': 2, 'learning_rate': 0.002267031317595598}. Best is trial 1 with value: 0.11591273546218872.
LOCAL_RANK: 0 - CUDA_VISIBLE_DEVICES: [0]
[I 2023-11-30 11:19:53,451] Trial 3 finished with value: 0.23769374191761017 and parameters: {'gradient_clip_val': 0.13145365703564885, 'hidden_size': 37, 'dropout': 0.24330672283177557, 'hidden_continuous_size': 12, 'attention_head_size': 4, 'learning_rate': 0.022903038431228893}. Best is trial 1 with value: 0.11591273546218872.
LOCAL_RANK: 0 - CUDA_VISIBLE_DEVICES: [0]
[I 2023-11-30 11:20:06,950] Trial 4 finished with value: 0.3910957872867584 and parameters: {'gradient_clip_val': 0.33369575832132903, 'hidden_size': 71, 'dropout': 0.17869666835810627, 'hidden_continuous_size': 12, 'attention_head_size': 3, 'learning_rate': 0.007198501155977414}. Best is trial 1 with value: 0.11591273546218872.
LOCAL_RANK: 0 - CUDA_VISIBLE_DEVICES: [0]
[I 2023-11-30 11:20:19,949] Trial 5 finished with value: 0.14000608026981354 and parameters: {'gradient_clip_val': 0.22046722304661429, 'hidden_size': 31, 'dropout': 0.17651447669812276, 'hidden_continuous_size': 28, 'attention_head_size': 3, 'learning_rate': 0.046524496998449856}. Best is trial 1 with value: 0.11591273546218872.
LOCAL_RANK: 0 - CUDA_VISIBLE_DEVICES: [0]
[I 2023-11-30 11:20:32,920] Trial 6 finished with value: 0.16561181843280792 and parameters: {'gradient_clip_val': 0.28209802363882175, 'hidden_size': 34, 'dropout': 0.35308081872659025, 'hidden_continuous_size': 19, 'attention_head_size': 2, 'learning_rate': 0.0466090540232994}. Best is trial 1 with value: 0.11591273546218872.
LOCAL_RANK: 0 - CUDA_VISIBLE_DEVICES: [0]
[I 2023-11-30 11:20:47,500] Trial 7 finished with value: 0.24426822364330292 and parameters: {'gradient_clip_val': 0.8591230863361246, 'hidden_size': 140, 'dropout': 0.11130015798751466, 'hidden_continuous_size': 24, 'attention_head_size': 4, 'learning_rate': 0.0043165964226021085}. Best is trial 1 with value: 0.11591273546218872.
LOCAL_RANK: 0 - CUDA_VISIBLE_DEVICES: [0]
[I 2023-11-30 11:21:01,184] Trial 8 finished with value: 0.37350964546203613 and parameters: {'gradient_clip_val': 0.1216648374138049, 'hidden_size': 66, 'dropout': 0.2729404448974711, 'hidden_continuous_size': 30, 'attention_head_size': 1, 'learning_rate': 0.005493047675412108}. Best is trial 1 with value: 0.11591273546218872.
LOCAL_RANK: 0 - CUDA_VISIBLE_DEVICES: [0]
[I 2023-11-30 11:21:13,561] Trial 9 finished with value: 0.33712825179100037 and parameters: {'gradient_clip_val': 0.7061698170053218, 'hidden_size': 13, 'dropout': 0.385647669175177, 'hidden_continuous_size': 11, 'attention_head_size': 2, 'learning_rate': 0.08659547019807895}. Best is trial 1 with value: 0.11591273546218872.
LOCAL_RANK: 0 - CUDA_VISIBLE_DEVICES: [0]
[I 2023-11-30 11:21:28,599] Trial 10 finished with value: 0.8939266204833984 and parameters: {'gradient_clip_val': 0.10776284133250996, 'hidden_size': 149, 'dropout': 0.10944823399354833, 'hidden_continuous_size': 78, 'attention_head_size': 4, 'learning_rate': 0.001043653708843535}. Best is trial 1 with value: 0.11591273546218872.
LOCAL_RANK: 0 - CUDA_VISIBLE_DEVICES: [0]
[I 2023-11-30 11:21:42,095] Trial 11 finished with value: 0.13876508176326752 and parameters: {'gradient_clip_val': 0.1829345848964796, 'hidden_size': 52, 'dropout': 0.16025516751940416, 'hidden_continuous_size': 41, 'attention_head_size': 3, 'learning_rate': 0.019463209600301803}. Best is trial 1 with value: 0.11591273546218872.
LOCAL_RANK: 0 - CUDA_VISIBLE_DEVICES: [0]
[I 2023-11-30 11:21:55,909] Trial 12 finished with value: 0.23127241432666779 and parameters: {'gradient_clip_val': 0.18278192973382623, 'hidden_size': 56, 'dropout': 0.14643038476997122, 'hidden_continuous_size': 43, 'attention_head_size': 3, 'learning_rate': 0.015907431771339926}. Best is trial 1 with value: 0.11591273546218872.
LOCAL_RANK: 0 - CUDA_VISIBLE_DEVICES: [0]
[I 2023-11-30 11:22:09,442] Trial 13 finished with value: 0.24084453284740448 and parameters: {'gradient_clip_val': 0.15720567475615946, 'hidden_size': 52, 'dropout': 0.1479652951408274, 'hidden_continuous_size': 48, 'attention_head_size': 4, 'learning_rate': 0.013742275006419847}. Best is trial 1 with value: 0.11591273546218872.
LOCAL_RANK: 0 - CUDA_VISIBLE_DEVICES: [0]
[I 2023-11-30 11:22:23,758] Trial 14 finished with value: 0.15086741745471954 and parameters: {'gradient_clip_val': 0.10088631046182969, 'hidden_size': 93, 'dropout': 0.11354673013908671, 'hidden_continuous_size': 62, 'attention_head_size': 3, 'learning_rate': 0.022285128765771104}. Best is trial 1 with value: 0.11591273546218872.
LOCAL_RANK: 0 - CUDA_VISIBLE_DEVICES: [0]
[I 2023-11-30 11:22:37,354] Trial 15 finished with value: 0.21663282811641693 and parameters: {'gradient_clip_val': 0.15166756395417805, 'hidden_size': 47, 'dropout': 0.19370181089922459, 'hidden_continuous_size': 34, 'attention_head_size': 4, 'learning_rate': 0.009400228770968385}. Best is trial 1 with value: 0.11591273546218872.
LOCAL_RANK: 0 - CUDA_VISIBLE_DEVICES: [0]
[I 2023-11-30 11:22:51,607] Trial 16 finished with value: 0.4218355715274811 and parameters: {'gradient_clip_val': 0.18472101848993738, 'hidden_size': 92, 'dropout': 0.14840225344338143, 'hidden_continuous_size': 58, 'attention_head_size': 3, 'learning_rate': 0.08353450226927009}. Best is trial 1 with value: 0.11591273546218872.
LOCAL_RANK: 0 - CUDA_VISIBLE_DEVICES: [0]
[I 2023-11-30 11:23:04,419] Trial 17 finished with value: 0.1930118352174759 and parameters: {'gradient_clip_val': 0.30986244042940675, 'hidden_size': 26, 'dropout': 0.10113054281604925, 'hidden_continuous_size': 17, 'attention_head_size': 4, 'learning_rate': 0.028213566303570022}. Best is trial 1 with value: 0.11591273546218872.
LOCAL_RANK: 0 - CUDA_VISIBLE_DEVICES: [0]
[I 2023-11-30 11:23:17,641] Trial 18 finished with value: 0.3297390341758728 and parameters: {'gradient_clip_val': 0.13931833495339527, 'hidden_size': 41, 'dropout': 0.21861712189546784, 'hidden_continuous_size': 27, 'attention_head_size': 3, 'learning_rate': 0.011427301433102732}. Best is trial 1 with value: 0.11591273546218872.
LOCAL_RANK: 0 - CUDA_VISIBLE_DEVICES: [0]
[I 2023-11-30 11:23:31,299] Trial 19 finished with value: 0.20255112648010254 and parameters: {'gradient_clip_val': 0.40468214669871616, 'hidden_size': 68, 'dropout': 0.14742833476737358, 'hidden_continuous_size': 37, 'attention_head_size': 2, 'learning_rate': 0.016126123895658467}. Best is trial 1 with value: 0.11591273546218872.
LOCAL_RANK: 0 - CUDA_VISIBLE_DEVICES: [0]
[I 2023-11-30 11:23:46,053] Trial 20 finished with value: 0.5284067392349243 and parameters: {'gradient_clip_val': 0.17213633046108204, 'hidden_size': 116, 'dropout': 0.27803656120481485, 'hidden_continuous_size': 104, 'attention_head_size': 4, 'learning_rate': 0.031962413166127183}. Best is trial 1 with value: 0.11591273546218872.
LOCAL_RANK: 0 - CUDA_VISIBLE_DEVICES: [0]
[I 2023-11-30 11:23:59,175] Trial 21 finished with value: 0.20954656600952148 and parameters: {'gradient_clip_val': 0.22864790157154616, 'hidden_size': 30, 'dropout': 0.17463732481745584, 'hidden_continuous_size': 23, 'attention_head_size': 3, 'learning_rate': 0.056034568454814394}. Best is trial 1 with value: 0.11591273546218872.
LOCAL_RANK: 0 - CUDA_VISIBLE_DEVICES: [0]
[I 2023-11-30 11:24:12,377] Trial 22 finished with value: 0.19598835706710815 and parameters: {'gradient_clip_val': 0.21825626908602336, 'hidden_size': 43, 'dropout': 0.17541360135880624, 'hidden_continuous_size': 31, 'attention_head_size': 3, 'learning_rate': 0.061718795508388824}. Best is trial 1 with value: 0.11591273546218872.
LOCAL_RANK: 0 - CUDA_VISIBLE_DEVICES: [0]
[I 2023-11-30 11:24:24,757] Trial 23 finished with value: 0.2775527536869049 and parameters: {'gradient_clip_val': 0.12438257182948836, 'hidden_size': 24, 'dropout': 0.1361040894572031, 'hidden_continuous_size': 15, 'attention_head_size': 3, 'learning_rate': 0.03642605114241466}. Best is trial 1 with value: 0.11591273546218872.
LOCAL_RANK: 0 - CUDA_VISIBLE_DEVICES: [0]
[I 2023-11-30 11:24:38,443] Trial 24 finished with value: 0.1362064629793167 and parameters: {'gradient_clip_val': 0.2001787136453005, 'hidden_size': 58, 'dropout': 0.1693181568225224, 'hidden_continuous_size': 34, 'attention_head_size': 2, 'learning_rate': 0.05797489597912375}. Best is trial 1 with value: 0.11591273546218872.
LOCAL_RANK: 0 - CUDA_VISIBLE_DEVICES: [0]
[I 2023-11-30 11:24:52,483] Trial 25 finished with value: 0.16846193373203278 and parameters: {'gradient_clip_val': 0.15689936108074423, 'hidden_size': 78, 'dropout': 0.12910369156784915, 'hidden_continuous_size': 46, 'attention_head_size': 2, 'learning_rate': 0.06114030942280887}. Best is trial 1 with value: 0.11591273546218872.
LOCAL_RANK: 0 - CUDA_VISIBLE_DEVICES: [0]
[I 2023-11-30 11:25:06,148] Trial 26 finished with value: 0.6067060828208923 and parameters: {'gradient_clip_val': 0.18853387599490534, 'hidden_size': 55, 'dropout': 0.16294652857438177, 'hidden_continuous_size': 34, 'attention_head_size': 1, 'learning_rate': 0.02294269616075663}. Best is trial 1 with value: 0.11591273546218872.
LOCAL_RANK: 0 - CUDA_VISIBLE_DEVICES: [0]
[I 2023-11-30 11:25:20,222] Trial 27 finished with value: 0.15230482816696167 and parameters: {'gradient_clip_val': 0.13507415106118933, 'hidden_size': 116, 'dropout': 0.12471290528406744, 'hidden_continuous_size': 54, 'attention_head_size': 2, 'learning_rate': 0.09945144633366736}. Best is trial 1 with value: 0.11591273546218872.
LOCAL_RANK: 0 - CUDA_VISIBLE_DEVICES: [0]
[I 2023-11-30 11:25:33,995] Trial 28 finished with value: 0.1802104264497757 and parameters: {'gradient_clip_val': 0.11595573134357193, 'hidden_size': 59, 'dropout': 0.20145943632629454, 'hidden_continuous_size': 40, 'attention_head_size': 2, 'learning_rate': 0.030726955243645628}. Best is trial 1 with value: 0.11591273546218872.
LOCAL_RANK: 0 - CUDA_VISIBLE_DEVICES: [0]
[I 2023-11-30 11:25:46,928] Trial 29 finished with value: 0.17793290317058563 and parameters: {'gradient_clip_val': 0.25873478491699314, 'hidden_size': 39, 'dropout': 0.2132419293686362, 'hidden_continuous_size': 25, 'attention_head_size': 1, 'learning_rate': 0.04060412807294109}. Best is trial 1 with value: 0.11591273546218872.
LOCAL_RANK: 0 - CUDA_VISIBLE_DEVICES: [0]
[I 2023-11-30 11:26:00,682] Trial 30 finished with value: 0.24027709662914276 and parameters: {'gradient_clip_val': 0.15356561260448043, 'hidden_size': 79, 'dropout': 0.12923668618914186, 'hidden_continuous_size': 35, 'attention_head_size': 1, 'learning_rate': 0.06840721836251884}. Best is trial 1 with value: 0.11591273546218872.
LOCAL_RANK: 0 - CUDA_VISIBLE_DEVICES: [0]
[I 2023-11-30 11:26:14,373] Trial 31 finished with value: 0.11449895054101944 and parameters: {'gradient_clip_val': 0.19890678060111672, 'hidden_size': 49, 'dropout': 0.16735516329941336, 'hidden_continuous_size': 29, 'attention_head_size': 3, 'learning_rate': 0.044932832769822295}. Best is trial 31 with value: 0.11449895054101944.
LOCAL_RANK: 0 - CUDA_VISIBLE_DEVICES: [0]
[I 2023-11-30 11:26:27,927] Trial 32 finished with value: 0.1300300508737564 and parameters: {'gradient_clip_val': 0.2095233345600488, 'hidden_size': 50, 'dropout': 0.19008856969076096, 'hidden_continuous_size': 32, 'attention_head_size': 3, 'learning_rate': 0.04622863365389968}. Best is trial 31 with value: 0.11449895054101944.
LOCAL_RANK: 0 - CUDA_VISIBLE_DEVICES: [0]
[I 2023-11-30 11:26:41,130] Trial 33 finished with value: 0.15993736684322357 and parameters: {'gradient_clip_val': 0.20278617440986385, 'hidden_size': 47, 'dropout': 0.19254317654072498, 'hidden_continuous_size': 29, 'attention_head_size': 2, 'learning_rate': 0.04528847787557947}. Best is trial 31 with value: 0.11449895054101944.
LOCAL_RANK: 0 - CUDA_VISIBLE_DEVICES: [0]
[I 2023-11-30 11:26:54,704] Trial 34 finished with value: 0.3010689914226532 and parameters: {'gradient_clip_val': 0.24141444632796769, 'hidden_size': 64, 'dropout': 0.22061522334976655, 'hidden_continuous_size': 32, 'attention_head_size': 4, 'learning_rate': 0.07202960320373246}. Best is trial 31 with value: 0.11449895054101944.
LOCAL_RANK: 0 - CUDA_VISIBLE_DEVICES: [0]
[I 2023-11-30 11:27:08,763] Trial 35 finished with value: 0.15034915506839752 and parameters: {'gradient_clip_val': 0.20373977571405694, 'hidden_size': 82, 'dropout': 0.15962226957164422, 'hidden_continuous_size': 38, 'attention_head_size': 3, 'learning_rate': 0.05449281734585306}. Best is trial 31 with value: 0.11449895054101944.
LOCAL_RANK: 0 - CUDA_VISIBLE_DEVICES: [0]
[I 2023-11-30 11:27:21,924] Trial 36 finished with value: 0.31402912735939026 and parameters: {'gradient_clip_val': 0.2505921973896468, 'hidden_size': 37, 'dropout': 0.18525572793265688, 'hidden_continuous_size': 27, 'attention_head_size': 2, 'learning_rate': 0.03901601613373631}. Best is trial 31 with value: 0.11449895054101944.
LOCAL_RANK: 0 - CUDA_VISIBLE_DEVICES: [0]
[I 2023-11-30 11:27:35,661] Trial 37 finished with value: 0.1997959464788437 and parameters: {'gradient_clip_val': 0.16709928454543826, 'hidden_size': 72, 'dropout': 0.23301287599621734, 'hidden_continuous_size': 23, 'attention_head_size': 3, 'learning_rate': 0.028296944308718375}. Best is trial 31 with value: 0.11449895054101944.
LOCAL_RANK: 0 - CUDA_VISIBLE_DEVICES: [0]
[I 2023-11-30 11:27:49,476] Trial 38 finished with value: 0.20321404933929443 and parameters: {'gradient_clip_val': 0.2050931508717585, 'hidden_size': 63, 'dropout': 0.1968831038932977, 'hidden_continuous_size': 34, 'attention_head_size': 4, 'learning_rate': 0.04836569286467229}. Best is trial 31 with value: 0.11449895054101944.
LOCAL_RANK: 0 - CUDA_VISIBLE_DEVICES: [0]
[I 2023-11-30 11:28:02,719] Trial 39 finished with value: 0.1905307024717331 and parameters: {'gradient_clip_val': 0.13761058822122613, 'hidden_size': 43, 'dropout': 0.16793797101829022, 'hidden_continuous_size': 31, 'attention_head_size': 3, 'learning_rate': 0.09956477851428083}. Best is trial 31 with value: 0.11449895054101944.
LOCAL_RANK: 0 - CUDA_VISIBLE_DEVICES: [0]
[I 2023-11-30 11:28:15,638] Trial 40 finished with value: 0.20135073363780975 and parameters: {'gradient_clip_val': 0.28465178646770856, 'hidden_size': 34, 'dropout': 0.18702331727773328, 'hidden_continuous_size': 25, 'attention_head_size': 2, 'learning_rate': 0.07870420106123799}. Best is trial 31 with value: 0.11449895054101944.
LOCAL_RANK: 0 - CUDA_VISIBLE_DEVICES: [0]
[I 2023-11-30 11:28:29,148] Trial 41 finished with value: 0.3062274158000946 and parameters: {'gradient_clip_val': 0.17939730949770102, 'hidden_size': 50, 'dropout': 0.16211199977315455, 'hidden_continuous_size': 29, 'attention_head_size': 3, 'learning_rate': 0.0454766817537359}. Best is trial 31 with value: 0.11449895054101944.
LOCAL_RANK: 0 - CUDA_VISIBLE_DEVICES: [0]
[I 2023-11-30 11:28:42,921] Trial 42 finished with value: 0.1736881285905838 and parameters: {'gradient_clip_val': 0.2227520047029936, 'hidden_size': 57, 'dropout': 0.1577874850607594, 'hidden_continuous_size': 39, 'attention_head_size': 3, 'learning_rate': 0.05851538645792045}. Best is trial 31 with value: 0.11449895054101944.
LOCAL_RANK: 0 - CUDA_VISIBLE_DEVICES: [0]
[I 2023-11-30 11:28:56,315] Trial 43 finished with value: 0.33582305908203125 and parameters: {'gradient_clip_val': 0.1933199493616367, 'hidden_size': 49, 'dropout': 0.17713981382389787, 'hidden_continuous_size': 32, 'attention_head_size': 3, 'learning_rate': 0.02099981919038259}. Best is trial 31 with value: 0.11449895054101944.
LOCAL_RANK: 0 - CUDA_VISIBLE_DEVICES: [0]
