[I 2023-11-30 02:10:49,940] Trial 114 finished with value: 0.05598215386271477 and parameters: {'gradient_clip_val': 0.1205479331136569, 'hidden_size': 88, 'dropout': 0.24172184679080017, 'hidden_continuous_size': 56, 'attention_head_size': 1, 'learning_rate': 0.02335898387995669}. Best is trial 16 with value: 0.040784481912851334.
LOCAL_RANK: 0 - CUDA_VISIBLE_DEVICES: [0]
[I 2023-11-30 02:11:03,870] Trial 115 finished with value: 0.08440664410591125 and parameters: {'gradient_clip_val': 0.11992358854268484, 'hidden_size': 85, 'dropout': 0.2420935215828173, 'hidden_continuous_size': 41, 'attention_head_size': 1, 'learning_rate': 0.0241098920885235}. Best is trial 16 with value: 0.040784481912851334.
LOCAL_RANK: 0 - CUDA_VISIBLE_DEVICES: [0]
[I 2023-11-30 02:11:17,770] Trial 116 finished with value: 0.11536905914545059 and parameters: {'gradient_clip_val': 0.1280047718372316, 'hidden_size': 67, 'dropout': 0.21766192726981565, 'hidden_continuous_size': 37, 'attention_head_size': 1, 'learning_rate': 0.021029100598763825}. Best is trial 16 with value: 0.040784481912851334.
LOCAL_RANK: 0 - CUDA_VISIBLE_DEVICES: [0]
[I 2023-11-30 02:11:31,293] Trial 117 finished with value: 0.0745878592133522 and parameters: {'gradient_clip_val': 0.14964645888727832, 'hidden_size': 54, 'dropout': 0.27190057123686157, 'hidden_continuous_size': 39, 'attention_head_size': 1, 'learning_rate': 0.018069123473920617}. Best is trial 16 with value: 0.040784481912851334.
LOCAL_RANK: 0 - CUDA_VISIBLE_DEVICES: [0]
[I 2023-11-30 02:11:45,045] Trial 118 finished with value: 0.0931248888373375 and parameters: {'gradient_clip_val': 0.15700305173253218, 'hidden_size': 71, 'dropout': 0.25646557053669866, 'hidden_continuous_size': 42, 'attention_head_size': 1, 'learning_rate': 0.015826956972772793}. Best is trial 16 with value: 0.040784481912851334.
LOCAL_RANK: 0 - CUDA_VISIBLE_DEVICES: [0]
[I 2023-11-30 02:11:58,479] Trial 119 finished with value: 0.061552584171295166 and parameters: {'gradient_clip_val': 0.1325637842762287, 'hidden_size': 49, 'dropout': 0.2484043075448163, 'hidden_continuous_size': 42, 'attention_head_size': 1, 'learning_rate': 0.025053331848183553}. Best is trial 16 with value: 0.040784481912851334.
LOCAL_RANK: 0 - CUDA_VISIBLE_DEVICES: [0]
[I 2023-11-30 02:12:12,735] Trial 120 finished with value: 0.07202792912721634 and parameters: {'gradient_clip_val': 0.23505446737497004, 'hidden_size': 89, 'dropout': 0.23046225472529963, 'hidden_continuous_size': 77, 'attention_head_size': 1, 'learning_rate': 0.03131029187198988}. Best is trial 16 with value: 0.040784481912851334.
LOCAL_RANK: 0 - CUDA_VISIBLE_DEVICES: [0]
[I 2023-11-30 02:12:27,124] Trial 121 finished with value: 0.05281037092208862 and parameters: {'gradient_clip_val': 0.10829740665798995, 'hidden_size': 79, 'dropout': 0.2334424392060742, 'hidden_continuous_size': 53, 'attention_head_size': 4, 'learning_rate': 0.035145431380442356}. Best is trial 16 with value: 0.040784481912851334.
LOCAL_RANK: 0 - CUDA_VISIBLE_DEVICES: [0]
[I 2023-11-30 02:12:41,077] Trial 122 finished with value: 0.07329316437244415 and parameters: {'gradient_clip_val': 0.11300141264788706, 'hidden_size': 80, 'dropout': 0.22322492179752706, 'hidden_continuous_size': 52, 'attention_head_size': 2, 'learning_rate': 0.03504640770714411}. Best is trial 16 with value: 0.040784481912851334.
LOCAL_RANK: 0 - CUDA_VISIBLE_DEVICES: [0]
[I 2023-11-30 02:12:55,421] Trial 123 finished with value: 0.06280964612960815 and parameters: {'gradient_clip_val': 0.12156798118828574, 'hidden_size': 91, 'dropout': 0.213717831057372, 'hidden_continuous_size': 55, 'attention_head_size': 4, 'learning_rate': 0.02829494955203927}. Best is trial 16 with value: 0.040784481912851334.
LOCAL_RANK: 0 - CUDA_VISIBLE_DEVICES: [0]
[I 2023-11-30 02:13:09,686] Trial 124 finished with value: 0.0758313313126564 and parameters: {'gradient_clip_val': 0.1115961613924039, 'hidden_size': 85, 'dropout': 0.24301936977308636, 'hidden_continuous_size': 60, 'attention_head_size': 4, 'learning_rate': 0.02310403461883683}. Best is trial 16 with value: 0.040784481912851334.
LOCAL_RANK: 0 - CUDA_VISIBLE_DEVICES: [0]
[I 2023-11-30 02:13:24,004] Trial 125 finished with value: 0.056700725108385086 and parameters: {'gradient_clip_val': 0.20107866915810949, 'hidden_size': 75, 'dropout': 0.2500536517958224, 'hidden_continuous_size': 50, 'attention_head_size': 4, 'learning_rate': 0.02662709350011094}. Best is trial 16 with value: 0.040784481912851334.
LOCAL_RANK: 0 - CUDA_VISIBLE_DEVICES: [0]
[I 2023-11-30 02:13:37,853] Trial 126 finished with value: 0.05982215702533722 and parameters: {'gradient_clip_val': 0.11805161577688739, 'hidden_size': 57, 'dropout': 0.2072931933667035, 'hidden_continuous_size': 47, 'attention_head_size': 4, 'learning_rate': 0.02062015861931716}. Best is trial 16 with value: 0.040784481912851334.
LOCAL_RANK: 0 - CUDA_VISIBLE_DEVICES: [0]
[I 2023-11-30 02:13:51,717] Trial 127 finished with value: 0.05195748805999756 and parameters: {'gradient_clip_val': 0.10650323858484802, 'hidden_size': 62, 'dropout': 0.23070635957947383, 'hidden_continuous_size': 52, 'attention_head_size': 3, 'learning_rate': 0.03543255136947538}. Best is trial 16 with value: 0.040784481912851334.
LOCAL_RANK: 0 - CUDA_VISIBLE_DEVICES: [0]
[I 2023-11-30 02:14:05,550] Trial 128 finished with value: 0.06110289692878723 and parameters: {'gradient_clip_val': 0.1070001083340138, 'hidden_size': 62, 'dropout': 0.23187928727768517, 'hidden_continuous_size': 52, 'attention_head_size': 3, 'learning_rate': 0.03808617017142506}. Best is trial 16 with value: 0.040784481912851334.
LOCAL_RANK: 0 - CUDA_VISIBLE_DEVICES: [0]
[I 2023-11-30 02:14:19,286] Trial 129 finished with value: 0.0565594844520092 and parameters: {'gradient_clip_val': 0.10922427175002072, 'hidden_size': 55, 'dropout': 0.22002666565694404, 'hidden_continuous_size': 43, 'attention_head_size': 3, 'learning_rate': 0.033676406393686374}. Best is trial 16 with value: 0.040784481912851334.
LOCAL_RANK: 0 - CUDA_VISIBLE_DEVICES: [0]
[I 2023-11-30 02:14:33,022] Trial 130 finished with value: 0.05509701371192932 and parameters: {'gradient_clip_val': 0.10107325161873185, 'hidden_size': 52, 'dropout': 0.23853073034826783, 'hidden_continuous_size': 47, 'attention_head_size': 3, 'learning_rate': 0.03744019625834179}. Best is trial 16 with value: 0.040784481912851334.
LOCAL_RANK: 0 - CUDA_VISIBLE_DEVICES: [0]
[I 2023-11-30 02:14:46,758] Trial 131 finished with value: 0.0804743692278862 and parameters: {'gradient_clip_val': 0.10120919787363565, 'hidden_size': 60, 'dropout': 0.23818510964468625, 'hidden_continuous_size': 51, 'attention_head_size': 3, 'learning_rate': 0.03929550550465801}. Best is trial 16 with value: 0.040784481912851334.
LOCAL_RANK: 0 - CUDA_VISIBLE_DEVICES: [0]
[I 2023-11-30 02:15:00,287] Trial 132 finished with value: 0.0795649066567421 and parameters: {'gradient_clip_val': 0.11433867817316481, 'hidden_size': 52, 'dropout': 0.22721251465265888, 'hidden_continuous_size': 47, 'attention_head_size': 3, 'learning_rate': 0.02988019385519558}. Best is trial 16 with value: 0.040784481912851334.
LOCAL_RANK: 0 - CUDA_VISIBLE_DEVICES: [0]
[I 2023-11-30 02:15:13,894] Trial 133 finished with value: 0.08126635104417801 and parameters: {'gradient_clip_val': 0.10754453882336458, 'hidden_size': 47, 'dropout': 0.23861669587407633, 'hidden_continuous_size': 43, 'attention_head_size': 3, 'learning_rate': 0.045178736933871665}. Best is trial 16 with value: 0.040784481912851334.
LOCAL_RANK: 0 - CUDA_VISIBLE_DEVICES: [0]
[I 2023-11-30 02:15:27,957] Trial 134 finished with value: 0.04857345297932625 and parameters: {'gradient_clip_val': 0.10071380440397086, 'hidden_size': 66, 'dropout': 0.21616416751677003, 'hidden_continuous_size': 54, 'attention_head_size': 3, 'learning_rate': 0.03540577870771996}. Best is trial 16 with value: 0.040784481912851334.
LOCAL_RANK: 0 - CUDA_VISIBLE_DEVICES: [0]
[I 2023-11-30 02:15:41,931] Trial 135 finished with value: 0.043210700154304504 and parameters: {'gradient_clip_val': 0.10354642133481666, 'hidden_size': 68, 'dropout': 0.20050314184315385, 'hidden_continuous_size': 48, 'attention_head_size': 3, 'learning_rate': 0.03595036274270414}. Best is trial 16 with value: 0.040784481912851334.
LOCAL_RANK: 0 - CUDA_VISIBLE_DEVICES: [0]
[I 2023-11-30 02:15:55,803] Trial 136 finished with value: 0.05817551538348198 and parameters: {'gradient_clip_val': 0.10110591717261687, 'hidden_size': 65, 'dropout': 0.19868739371378652, 'hidden_continuous_size': 50, 'attention_head_size': 3, 'learning_rate': 0.03619075299329081}. Best is trial 16 with value: 0.040784481912851334.
LOCAL_RANK: 0 - CUDA_VISIBLE_DEVICES: [0]
[I 2023-11-30 02:16:09,620] Trial 137 finished with value: 0.0910898819565773 and parameters: {'gradient_clip_val': 0.10538013419381896, 'hidden_size': 57, 'dropout': 0.18478186569827248, 'hidden_continuous_size': 48, 'attention_head_size': 3, 'learning_rate': 0.05097916315086507}. Best is trial 16 with value: 0.040784481912851334.
LOCAL_RANK: 0 - CUDA_VISIBLE_DEVICES: [0]
[I 2023-11-30 02:16:23,320] Trial 138 finished with value: 0.06401681154966354 and parameters: {'gradient_clip_val': 0.10004837709041312, 'hidden_size': 51, 'dropout': 0.20978925347691177, 'hidden_continuous_size': 45, 'attention_head_size': 3, 'learning_rate': 0.04057590942065978}. Best is trial 16 with value: 0.040784481912851334.
LOCAL_RANK: 0 - CUDA_VISIBLE_DEVICES: [0]
[I 2023-11-30 02:16:37,221] Trial 139 finished with value: 0.08335203677415848 and parameters: {'gradient_clip_val': 0.10953574393938464, 'hidden_size': 65, 'dropout': 0.19283859148695315, 'hidden_continuous_size': 54, 'attention_head_size': 3, 'learning_rate': 0.03483477339109906}. Best is trial 16 with value: 0.040784481912851334.
LOCAL_RANK: 0 - CUDA_VISIBLE_DEVICES: [0]
[I 2023-11-30 02:16:51,418] Trial 140 finished with value: 0.07108861207962036 and parameters: {'gradient_clip_val': 0.11410615740401865, 'hidden_size': 69, 'dropout': 0.17900801914807835, 'hidden_continuous_size': 53, 'attention_head_size': 3, 'learning_rate': 0.047307470082480915}. Best is trial 16 with value: 0.040784481912851334.
LOCAL_RANK: 0 - CUDA_VISIBLE_DEVICES: [0]
[I 2023-11-30 02:17:05,200] Trial 141 finished with value: 0.06444204598665237 and parameters: {'gradient_clip_val': 0.10791812928778415, 'hidden_size': 61, 'dropout': 0.21691662898765338, 'hidden_continuous_size': 48, 'attention_head_size': 3, 'learning_rate': 0.031458305075967315}. Best is trial 16 with value: 0.040784481912851334.
LOCAL_RANK: 0 - CUDA_VISIBLE_DEVICES: [0]
[I 2023-11-30 02:17:19,105] Trial 142 finished with value: 0.08331191539764404 and parameters: {'gradient_clip_val': 0.10469064647931312, 'hidden_size': 70, 'dropout': 0.22222978660830628, 'hidden_continuous_size': 49, 'attention_head_size': 3, 'learning_rate': 0.041841110370164455}. Best is trial 16 with value: 0.040784481912851334.
LOCAL_RANK: 0 - CUDA_VISIBLE_DEVICES: [0]
[I 2023-11-30 02:17:33,256] Trial 143 finished with value: 0.09676066786050797 and parameters: {'gradient_clip_val': 0.11629712510327102, 'hidden_size': 78, 'dropout': 0.21062284283048527, 'hidden_continuous_size': 54, 'attention_head_size': 3, 'learning_rate': 0.03596549928406353}. Best is trial 16 with value: 0.040784481912851334.
LOCAL_RANK: 0 - CUDA_VISIBLE_DEVICES: [0]
[I 2023-11-30 02:17:46,631] Trial 144 finished with value: 0.0680692121386528 and parameters: {'gradient_clip_val': 0.12476481330428289, 'hidden_size': 42, 'dropout': 0.2017013927372575, 'hidden_continuous_size': 38, 'attention_head_size': 3, 'learning_rate': 0.032067591793543945}. Best is trial 16 with value: 0.040784481912851334.
LOCAL_RANK: 0 - CUDA_VISIBLE_DEVICES: [0]
[I 2023-11-30 02:18:00,811] Trial 145 finished with value: 0.04993758723139763 and parameters: {'gradient_clip_val': 0.11142775234471555, 'hidden_size': 72, 'dropout': 0.22876836434677883, 'hidden_continuous_size': 57, 'attention_head_size': 3, 'learning_rate': 0.028534419364279685}. Best is trial 16 with value: 0.040784481912851334.
LOCAL_RANK: 0 - CUDA_VISIBLE_DEVICES: [0]
[I 2023-11-30 02:18:14,906] Trial 146 finished with value: 0.05111737176775932 and parameters: {'gradient_clip_val': 0.10041720906010508, 'hidden_size': 73, 'dropout': 0.2157015193982393, 'hidden_continuous_size': 53, 'attention_head_size': 3, 'learning_rate': 0.027975932965134755}. Best is trial 16 with value: 0.040784481912851334.
LOCAL_RANK: 0 - CUDA_VISIBLE_DEVICES: [0]
[I 2023-11-30 02:18:28,750] Trial 147 finished with value: 0.05975444242358208 and parameters: {'gradient_clip_val': 0.11164410718962312, 'hidden_size': 72, 'dropout': 0.2010558530686208, 'hidden_continuous_size': 58, 'attention_head_size': 3, 'learning_rate': 0.02815769220728517}. Best is trial 16 with value: 0.040784481912851334.
LOCAL_RANK: 0 - CUDA_VISIBLE_DEVICES: [0]
[I 2023-11-30 02:18:42,637] Trial 148 finished with value: 0.06405264884233475 and parameters: {'gradient_clip_val': 0.10663277515822023, 'hidden_size': 67, 'dropout': 0.21840231257911663, 'hidden_continuous_size': 53, 'attention_head_size': 3, 'learning_rate': 0.03065698089263127}. Best is trial 16 with value: 0.040784481912851334.
LOCAL_RANK: 0 - CUDA_VISIBLE_DEVICES: [0]
[I 2023-11-30 02:18:56,782] Trial 149 finished with value: 0.07329155504703522 and parameters: {'gradient_clip_val': 0.1184573450861536, 'hidden_size': 81, 'dropout': 0.2132824150495157, 'hidden_continuous_size': 62, 'attention_head_size': 3, 'learning_rate': 0.027080205680850362}. Best is trial 16 with value: 0.040784481912851334.
[I 2023-11-30 02:18:56,906] A new study created in memory with name: no-name-908a6d07-5f6f-43a8-9f46-8816e3579daf
/home/le004/conda/anaconda3/envs/tsff_env/lib/python3.9/site-packages/lightning/fabric/plugins/environments/slurm.py:191: The `srun` command is available on your system but is not used. HINT: If your intention is to run Lightning on SLURM, prepend your python command with `srun` like so: srun python /home/le004/master_thesis/git/TSFusionForecast/code/ ...
LOCAL_RANK: 0 - CUDA_VISIBLE_DEVICES: [0]
[I 2023-11-30 02:19:11,546] Trial 0 finished with value: 0.3724592626094818 and parameters: {'gradient_clip_val': 0.49273787189550666, 'hidden_size': 148, 'dropout': 0.31964419546622935, 'hidden_continuous_size': 21, 'attention_head_size': 4, 'learning_rate': 0.006468789194094927}. Best is trial 0 with value: 0.3724592626094818.
LOCAL_RANK: 0 - CUDA_VISIBLE_DEVICES: [0]
[I 2023-11-30 02:19:22,438] Trial 1 finished with value: 1.6392316818237305 and parameters: {'gradient_clip_val': 0.25297570743241976, 'hidden_size': 18, 'dropout': 0.22816468859296696, 'hidden_continuous_size': 18, 'attention_head_size': 4, 'learning_rate': 0.006452924242623162}. Best is trial 0 with value: 0.3724592626094818.
LOCAL_RANK: 0 - CUDA_VISIBLE_DEVICES: [0]
[I 2023-11-30 02:19:37,032] Trial 2 finished with value: 0.16581006348133087 and parameters: {'gradient_clip_val': 0.8997364032949693, 'hidden_size': 123, 'dropout': 0.3600896137821602, 'hidden_continuous_size': 77, 'attention_head_size': 2, 'learning_rate': 0.02907816849306598}. Best is trial 2 with value: 0.16581006348133087.
LOCAL_RANK: 0 - CUDA_VISIBLE_DEVICES: [0]
[I 2023-11-30 02:19:51,403] Trial 3 finished with value: 0.18319053947925568 and parameters: {'gradient_clip_val': 0.24175080238282756, 'hidden_size': 101, 'dropout': 0.3505451384156526, 'hidden_continuous_size': 44, 'attention_head_size': 4, 'learning_rate': 0.025599028735669948}. Best is trial 2 with value: 0.16581006348133087.
LOCAL_RANK: 0 - CUDA_VISIBLE_DEVICES: [0]
[I 2023-11-30 02:20:01,912] Trial 4 finished with value: 2.3718831539154053 and parameters: {'gradient_clip_val': 0.6004345186908223, 'hidden_size': 11, 'dropout': 0.3750404710590318, 'hidden_continuous_size': 11, 'attention_head_size': 4, 'learning_rate': 0.0037646314090519677}. Best is trial 2 with value: 0.16581006348133087.
LOCAL_RANK: 0 - CUDA_VISIBLE_DEVICES: [0]
[I 2023-11-30 02:20:14,221] Trial 5 finished with value: 1.3115876913070679 and parameters: {'gradient_clip_val': 0.3242678830027535, 'hidden_size': 13, 'dropout': 0.15627591855419162, 'hidden_continuous_size': 10, 'attention_head_size': 2, 'learning_rate': 0.009829647214615283}. Best is trial 2 with value: 0.16581006348133087.
LOCAL_RANK: 0 - CUDA_VISIBLE_DEVICES: [0]
[I 2023-11-30 02:20:28,028] Trial 6 finished with value: 0.12267894297838211 and parameters: {'gradient_clip_val': 0.33508588993473976, 'hidden_size': 70, 'dropout': 0.2786808738392208, 'hidden_continuous_size': 32, 'attention_head_size': 1, 'learning_rate': 0.02097332119138706}. Best is trial 6 with value: 0.12267894297838211.
LOCAL_RANK: 0 - CUDA_VISIBLE_DEVICES: [0]
[I 2023-11-30 02:20:41,265] Trial 7 finished with value: 0.30259257555007935 and parameters: {'gradient_clip_val': 0.264193831220752, 'hidden_size': 46, 'dropout': 0.23566678286287654, 'hidden_continuous_size': 23, 'attention_head_size': 4, 'learning_rate': 0.007070629672854184}. Best is trial 6 with value: 0.12267894297838211.
LOCAL_RANK: 0 - CUDA_VISIBLE_DEVICES: [0]
[I 2023-11-30 02:20:54,203] Trial 8 finished with value: 0.6785289645195007 and parameters: {'gradient_clip_val': 0.17624602474883727, 'hidden_size': 46, 'dropout': 0.21887764426920897, 'hidden_continuous_size': 24, 'attention_head_size': 1, 'learning_rate': 0.004473732240911837}. Best is trial 6 with value: 0.12267894297838211.
LOCAL_RANK: 0 - CUDA_VISIBLE_DEVICES: [0]
[I 2023-11-30 02:21:06,206] Trial 9 finished with value: 3.0512754917144775 and parameters: {'gradient_clip_val': 0.9196961243037574, 'hidden_size': 12, 'dropout': 0.11329289533514894, 'hidden_continuous_size': 10, 'attention_head_size': 1, 'learning_rate': 0.0021994597425185848}. Best is trial 6 with value: 0.12267894297838211.
LOCAL_RANK: 0 - CUDA_VISIBLE_DEVICES: [0]
[I 2023-11-30 02:21:20,106] Trial 10 finished with value: 0.1140618696808815 and parameters: {'gradient_clip_val': 0.10042340944934913, 'hidden_size': 74, 'dropout': 0.30960397913727533, 'hidden_continuous_size': 38, 'attention_head_size': 1, 'learning_rate': 0.09059250481088531}. Best is trial 10 with value: 0.1140618696808815.
LOCAL_RANK: 0 - CUDA_VISIBLE_DEVICES: [0]
[I 2023-11-30 02:21:33,697] Trial 11 finished with value: 0.14806020259857178 and parameters: {'gradient_clip_val': 0.10684442623581505, 'hidden_size': 68, 'dropout': 0.29476448771691244, 'hidden_continuous_size': 37, 'attention_head_size': 1, 'learning_rate': 0.09396505761580079}. Best is trial 10 with value: 0.1140618696808815.
LOCAL_RANK: 0 - CUDA_VISIBLE_DEVICES: [0]
[I 2023-11-30 02:21:47,431] Trial 12 finished with value: 0.2122831493616104 and parameters: {'gradient_clip_val': 0.12641035146185597, 'hidden_size': 76, 'dropout': 0.28645411960246014, 'hidden_continuous_size': 38, 'attention_head_size': 2, 'learning_rate': 0.07044104150934878}. Best is trial 10 with value: 0.1140618696808815.
LOCAL_RANK: 0 - CUDA_VISIBLE_DEVICES: [0]
[I 2023-11-30 02:22:00,318] Trial 13 finished with value: 0.5524821281433105 and parameters: {'gradient_clip_val': 0.1466625423681795, 'hidden_size': 31, 'dropout': 0.2778988969286275, 'hidden_continuous_size': 14, 'attention_head_size': 3, 'learning_rate': 0.022046241692269024}. Best is trial 10 with value: 0.1140618696808815.
LOCAL_RANK: 0 - CUDA_VISIBLE_DEVICES: [0]
[I 2023-11-30 02:22:13,968] Trial 14 finished with value: 0.13776226341724396 and parameters: {'gradient_clip_val': 0.18453493835335932, 'hidden_size': 77, 'dropout': 0.3963756410455466, 'hidden_continuous_size': 31, 'attention_head_size': 1, 'learning_rate': 0.05098133855078826}. Best is trial 10 with value: 0.1140618696808815.
LOCAL_RANK: 0 - CUDA_VISIBLE_DEVICES: [0]
[I 2023-11-30 02:22:28,433] Trial 15 finished with value: 0.10108799487352371 and parameters: {'gradient_clip_val': 0.35297640318665885, 'hidden_size': 93, 'dropout': 0.34403334769417093, 'hidden_continuous_size': 52, 'attention_head_size': 3, 'learning_rate': 0.045241691616280215}. Best is trial 15 with value: 0.10108799487352371.
LOCAL_RANK: 0 - CUDA_VISIBLE_DEVICES: [0]
[I 2023-11-30 02:22:42,800] Trial 16 finished with value: 0.15011732280254364 and parameters: {'gradient_clip_val': 0.10922816137586067, 'hidden_size': 97, 'dropout': 0.33399445509646786, 'hidden_continuous_size': 54, 'attention_head_size': 3, 'learning_rate': 0.0528256352558191}. Best is trial 15 with value: 0.10108799487352371.
LOCAL_RANK: 0 - CUDA_VISIBLE_DEVICES: [0]
[I 2023-11-30 02:22:57,906] Trial 17 finished with value: 0.1616428643465042 and parameters: {'gradient_clip_val': 0.1512101057277277, 'hidden_size': 146, 'dropout': 0.3230203053106509, 'hidden_continuous_size': 118, 'attention_head_size': 3, 'learning_rate': 0.0973847449514634}. Best is trial 15 with value: 0.10108799487352371.
LOCAL_RANK: 0 - CUDA_VISIBLE_DEVICES: [0]
[I 2023-11-30 02:23:11,391] Trial 18 finished with value: 0.11718771606683731 and parameters: {'gradient_clip_val': 0.40484922563130316, 'hidden_size': 55, 'dropout': 0.3913748590660906, 'hidden_continuous_size': 28, 'attention_head_size': 2, 'learning_rate': 0.044617913257628365}. Best is trial 15 with value: 0.10108799487352371.
LOCAL_RANK: 0 - CUDA_VISIBLE_DEVICES: [0]
[I 2023-11-30 02:23:24,325] Trial 19 finished with value: 0.23302550613880157 and parameters: {'gradient_clip_val': 0.19269018302881363, 'hidden_size': 35, 'dropout': 0.36121644424148985, 'hidden_continuous_size': 17, 'attention_head_size': 3, 'learning_rate': 0.0175077644488928}. Best is trial 15 with value: 0.10108799487352371.
LOCAL_RANK: 0 - CUDA_VISIBLE_DEVICES: [0]
[I 2023-11-30 02:23:38,780] Trial 20 finished with value: 0.169757679104805 and parameters: {'gradient_clip_val': 0.10182359548748225, 'hidden_size': 98, 'dropout': 0.3138063965119674, 'hidden_continuous_size': 53, 'attention_head_size': 2, 'learning_rate': 0.03990708887925986}. Best is trial 15 with value: 0.10108799487352371.
LOCAL_RANK: 0 - CUDA_VISIBLE_DEVICES: [0]
