[I 2023-11-30 07:45:27,795] Trial 114 finished with value: 0.14892882108688354 and parameters: {'gradient_clip_val': 0.27817671587013126, 'hidden_size': 46, 'dropout': 0.19004689491172141, 'hidden_continuous_size': 44, 'attention_head_size': 1, 'learning_rate': 0.05143332299421296}. Best is trial 30 with value: 0.0874115452170372.
LOCAL_RANK: 0 - CUDA_VISIBLE_DEVICES: [0]
[I 2023-11-30 07:45:41,340] Trial 115 finished with value: 0.10691553354263306 and parameters: {'gradient_clip_val': 0.2619563916647006, 'hidden_size': 49, 'dropout': 0.18526489536683685, 'hidden_continuous_size': 46, 'attention_head_size': 1, 'learning_rate': 0.07682691526110982}. Best is trial 30 with value: 0.0874115452170372.
LOCAL_RANK: 0 - CUDA_VISIBLE_DEVICES: [0]
[I 2023-11-30 07:45:54,877] Trial 116 finished with value: 0.12928958237171173 and parameters: {'gradient_clip_val': 0.2571512051086774, 'hidden_size': 49, 'dropout': 0.20142262022759053, 'hidden_continuous_size': 46, 'attention_head_size': 1, 'learning_rate': 0.09699949215246367}. Best is trial 30 with value: 0.0874115452170372.
LOCAL_RANK: 0 - CUDA_VISIBLE_DEVICES: [0]
[I 2023-11-30 07:46:07,692] Trial 117 finished with value: 0.11443833261728287 and parameters: {'gradient_clip_val': 0.22551584672326525, 'hidden_size': 40, 'dropout': 0.18410233260245967, 'hidden_continuous_size': 39, 'attention_head_size': 1, 'learning_rate': 0.08037727143782561}. Best is trial 30 with value: 0.0874115452170372.
LOCAL_RANK: 0 - CUDA_VISIBLE_DEVICES: [0]
[I 2023-11-30 07:46:21,436] Trial 118 finished with value: 0.11045724898576736 and parameters: {'gradient_clip_val': 0.2053056865730047, 'hidden_size': 52, 'dropout': 0.17678861922283287, 'hidden_continuous_size': 45, 'attention_head_size': 3, 'learning_rate': 0.0797783396631447}. Best is trial 30 with value: 0.0874115452170372.
LOCAL_RANK: 0 - CUDA_VISIBLE_DEVICES: [0]
[I 2023-11-30 07:46:35,101] Trial 119 finished with value: 0.2326197773218155 and parameters: {'gradient_clip_val': 0.1965720178012909, 'hidden_size': 45, 'dropout': 0.1865203086870074, 'hidden_continuous_size': 42, 'attention_head_size': 3, 'learning_rate': 0.08048219504235282}. Best is trial 30 with value: 0.0874115452170372.
LOCAL_RANK: 0 - CUDA_VISIBLE_DEVICES: [0]
[I 2023-11-30 07:46:48,834] Trial 120 finished with value: 0.20528511703014374 and parameters: {'gradient_clip_val': 0.2083596673272533, 'hidden_size': 51, 'dropout': 0.18604143820316624, 'hidden_continuous_size': 45, 'attention_head_size': 3, 'learning_rate': 0.08592928966303658}. Best is trial 30 with value: 0.0874115452170372.
LOCAL_RANK: 0 - CUDA_VISIBLE_DEVICES: [0]
[I 2023-11-30 07:47:02,394] Trial 121 finished with value: 0.12844687700271606 and parameters: {'gradient_clip_val': 0.24029959216211447, 'hidden_size': 48, 'dropout': 0.17733818343901953, 'hidden_continuous_size': 45, 'attention_head_size': 3, 'learning_rate': 0.0854301988839297}. Best is trial 30 with value: 0.0874115452170372.
LOCAL_RANK: 0 - CUDA_VISIBLE_DEVICES: [0]
[I 2023-11-30 07:47:16,093] Trial 122 finished with value: 0.22276990115642548 and parameters: {'gradient_clip_val': 0.2270265631677382, 'hidden_size': 55, 'dropout': 0.17696083794756196, 'hidden_continuous_size': 48, 'attention_head_size': 3, 'learning_rate': 0.07333204616685576}. Best is trial 30 with value: 0.0874115452170372.
LOCAL_RANK: 0 - CUDA_VISIBLE_DEVICES: [0]
[I 2023-11-30 07:47:30,029] Trial 123 finished with value: 0.11736609786748886 and parameters: {'gradient_clip_val': 0.2280204960473061, 'hidden_size': 53, 'dropout': 0.1724308900384804, 'hidden_continuous_size': 49, 'attention_head_size': 4, 'learning_rate': 0.09769802233600604}. Best is trial 30 with value: 0.0874115452170372.
LOCAL_RANK: 0 - CUDA_VISIBLE_DEVICES: [0]
[I 2023-11-30 07:47:43,185] Trial 124 finished with value: 0.1583888828754425 and parameters: {'gradient_clip_val': 0.20431694983281523, 'hidden_size': 37, 'dropout': 0.19799279642123946, 'hidden_continuous_size': 36, 'attention_head_size': 1, 'learning_rate': 0.075904637059164}. Best is trial 30 with value: 0.0874115452170372.
LOCAL_RANK: 0 - CUDA_VISIBLE_DEVICES: [0]
[I 2023-11-30 07:47:56,546] Trial 125 finished with value: 0.26045987010002136 and parameters: {'gradient_clip_val': 0.18783985173145246, 'hidden_size': 44, 'dropout': 0.20825797803267354, 'hidden_continuous_size': 41, 'attention_head_size': 1, 'learning_rate': 0.0590690785033971}. Best is trial 30 with value: 0.0874115452170372.
LOCAL_RANK: 0 - CUDA_VISIBLE_DEVICES: [0]
[I 2023-11-30 07:48:10,319] Trial 126 finished with value: 0.171709343791008 and parameters: {'gradient_clip_val': 0.2502063815950077, 'hidden_size': 58, 'dropout': 0.24095616660157224, 'hidden_continuous_size': 51, 'attention_head_size': 1, 'learning_rate': 0.0897352697299169}. Best is trial 30 with value: 0.0874115452170372.
LOCAL_RANK: 0 - CUDA_VISIBLE_DEVICES: [0]
[I 2023-11-30 07:48:23,986] Trial 127 finished with value: 0.22548086941242218 and parameters: {'gradient_clip_val': 0.2383087935680363, 'hidden_size': 49, 'dropout': 0.16327145121071457, 'hidden_continuous_size': 46, 'attention_head_size': 2, 'learning_rate': 0.046868607719733196}. Best is trial 30 with value: 0.0874115452170372.
LOCAL_RANK: 0 - CUDA_VISIBLE_DEVICES: [0]
[I 2023-11-30 07:48:37,102] Trial 128 finished with value: 0.1111491397023201 and parameters: {'gradient_clip_val': 0.2869585516364777, 'hidden_size': 33, 'dropout': 0.21475020038090634, 'hidden_continuous_size': 32, 'attention_head_size': 1, 'learning_rate': 0.07178921520377954}. Best is trial 30 with value: 0.0874115452170372.
LOCAL_RANK: 0 - CUDA_VISIBLE_DEVICES: [0]
[I 2023-11-30 07:48:50,370] Trial 129 finished with value: 0.1418658196926117 and parameters: {'gradient_clip_val': 0.27463088113932954, 'hidden_size': 41, 'dropout': 0.16974943273553517, 'hidden_continuous_size': 39, 'attention_head_size': 1, 'learning_rate': 0.07407217462939315}. Best is trial 30 with value: 0.0874115452170372.
LOCAL_RANK: 0 - CUDA_VISIBLE_DEVICES: [0]
[I 2023-11-30 07:49:03,162] Trial 130 finished with value: 0.09632888436317444 and parameters: {'gradient_clip_val': 0.2902946286226908, 'hidden_size': 33, 'dropout': 0.21248228121410923, 'hidden_continuous_size': 32, 'attention_head_size': 1, 'learning_rate': 0.0715043196413796}. Best is trial 30 with value: 0.0874115452170372.
LOCAL_RANK: 0 - CUDA_VISIBLE_DEVICES: [0]
[I 2023-11-30 07:49:16,012] Trial 131 finished with value: 0.25252291560173035 and parameters: {'gradient_clip_val': 0.2929982498669298, 'hidden_size': 34, 'dropout': 0.21390490772999982, 'hidden_continuous_size': 33, 'attention_head_size': 1, 'learning_rate': 0.08057364923366121}. Best is trial 30 with value: 0.0874115452170372.
LOCAL_RANK: 0 - CUDA_VISIBLE_DEVICES: [0]
[I 2023-11-30 07:49:29,097] Trial 132 finished with value: 0.14137275516986847 and parameters: {'gradient_clip_val': 0.25964479095818577, 'hidden_size': 38, 'dropout': 0.20365034101768592, 'hidden_continuous_size': 37, 'attention_head_size': 1, 'learning_rate': 0.0704803393687073}. Best is trial 30 with value: 0.0874115452170372.
LOCAL_RANK: 0 - CUDA_VISIBLE_DEVICES: [0]
[I 2023-11-30 07:49:41,992] Trial 133 finished with value: 0.11193004995584488 and parameters: {'gradient_clip_val': 0.28609033354470237, 'hidden_size': 33, 'dropout': 0.1961678292894298, 'hidden_continuous_size': 31, 'attention_head_size': 1, 'learning_rate': 0.054366659171439784}. Best is trial 30 with value: 0.0874115452170372.
LOCAL_RANK: 0 - CUDA_VISIBLE_DEVICES: [0]
[I 2023-11-30 07:49:54,669] Trial 134 finished with value: 0.2348286658525467 and parameters: {'gradient_clip_val': 0.28235038825318054, 'hidden_size': 32, 'dropout': 0.21045274679454296, 'hidden_continuous_size': 30, 'attention_head_size': 1, 'learning_rate': 0.05366072266793651}. Best is trial 30 with value: 0.0874115452170372.
LOCAL_RANK: 0 - CUDA_VISIBLE_DEVICES: [0]
[I 2023-11-30 07:50:07,261] Trial 135 finished with value: 0.14605171978473663 and parameters: {'gradient_clip_val': 0.30472961542446325, 'hidden_size': 28, 'dropout': 0.19670028066102702, 'hidden_continuous_size': 27, 'attention_head_size': 1, 'learning_rate': 0.05660578946838902}. Best is trial 30 with value: 0.0874115452170372.
LOCAL_RANK: 0 - CUDA_VISIBLE_DEVICES: [0]
[I 2023-11-30 07:50:20,126] Trial 136 finished with value: 0.10010287165641785 and parameters: {'gradient_clip_val': 0.3142497001230645, 'hidden_size': 35, 'dropout': 0.19222294745579016, 'hidden_continuous_size': 33, 'attention_head_size': 1, 'learning_rate': 0.06218092587432552}. Best is trial 30 with value: 0.0874115452170372.
LOCAL_RANK: 0 - CUDA_VISIBLE_DEVICES: [0]
[I 2023-11-30 07:50:33,166] Trial 137 finished with value: 0.09388858824968338 and parameters: {'gradient_clip_val': 0.3161527497258476, 'hidden_size': 35, 'dropout': 0.19227837650240429, 'hidden_continuous_size': 33, 'attention_head_size': 3, 'learning_rate': 0.06481448560077585}. Best is trial 30 with value: 0.0874115452170372.
LOCAL_RANK: 0 - CUDA_VISIBLE_DEVICES: [0]
[I 2023-11-30 07:50:46,003] Trial 138 finished with value: 0.16259019076824188 and parameters: {'gradient_clip_val': 0.31465481261577544, 'hidden_size': 33, 'dropout': 0.1921999906567603, 'hidden_continuous_size': 31, 'attention_head_size': 3, 'learning_rate': 0.06550233998709991}. Best is trial 30 with value: 0.0874115452170372.
LOCAL_RANK: 0 - CUDA_VISIBLE_DEVICES: [0]
[I 2023-11-30 07:50:59,123] Trial 139 finished with value: 0.12084139138460159 and parameters: {'gradient_clip_val': 0.3009169554349125, 'hidden_size': 31, 'dropout': 0.19806957254011517, 'hidden_continuous_size': 29, 'attention_head_size': 3, 'learning_rate': 0.09153771878853904}. Best is trial 30 with value: 0.0874115452170372.
LOCAL_RANK: 0 - CUDA_VISIBLE_DEVICES: [0]
[I 2023-11-30 07:51:12,084] Trial 140 finished with value: 0.16560791432857513 and parameters: {'gradient_clip_val': 0.2690365473535992, 'hidden_size': 36, 'dropout': 0.18053523388912257, 'hidden_continuous_size': 33, 'attention_head_size': 3, 'learning_rate': 0.07086209670765922}. Best is trial 30 with value: 0.0874115452170372.
LOCAL_RANK: 0 - CUDA_VISIBLE_DEVICES: [0]
[I 2023-11-30 07:51:24,997] Trial 141 finished with value: 0.20991826057434082 and parameters: {'gradient_clip_val': 0.33736924569334076, 'hidden_size': 35, 'dropout': 0.18923045554397974, 'hidden_continuous_size': 33, 'attention_head_size': 3, 'learning_rate': 0.06111410754227773}. Best is trial 30 with value: 0.0874115452170372.
LOCAL_RANK: 0 - CUDA_VISIBLE_DEVICES: [0]
[I 2023-11-30 07:51:37,893] Trial 142 finished with value: 0.15149952471256256 and parameters: {'gradient_clip_val': 0.31287893821097196, 'hidden_size': 33, 'dropout': 0.20591397112223053, 'hidden_continuous_size': 31, 'attention_head_size': 3, 'learning_rate': 0.09958029648834685}. Best is trial 30 with value: 0.0874115452170372.
LOCAL_RANK: 0 - CUDA_VISIBLE_DEVICES: [0]
[I 2023-11-30 07:51:50,860] Trial 143 finished with value: 0.20321987569332123 and parameters: {'gradient_clip_val': 0.293793185416561, 'hidden_size': 29, 'dropout': 0.19163824786053416, 'hidden_continuous_size': 28, 'attention_head_size': 1, 'learning_rate': 0.06666965137060095}. Best is trial 30 with value: 0.0874115452170372.
LOCAL_RANK: 0 - CUDA_VISIBLE_DEVICES: [0]
[I 2023-11-30 07:52:03,666] Trial 144 finished with value: 0.23742735385894775 and parameters: {'gradient_clip_val': 0.33141615888492876, 'hidden_size': 31, 'dropout': 0.21712671486173363, 'hidden_continuous_size': 30, 'attention_head_size': 1, 'learning_rate': 0.05521036778923715}. Best is trial 30 with value: 0.0874115452170372.
LOCAL_RANK: 0 - CUDA_VISIBLE_DEVICES: [0]
[I 2023-11-30 07:52:16,719] Trial 145 finished with value: 0.17753402888774872 and parameters: {'gradient_clip_val': 0.28094047060141514, 'hidden_size': 38, 'dropout': 0.18256374672872672, 'hidden_continuous_size': 36, 'attention_head_size': 1, 'learning_rate': 0.06091158027908616}. Best is trial 30 with value: 0.0874115452170372.
LOCAL_RANK: 0 - CUDA_VISIBLE_DEVICES: [0]
[I 2023-11-30 07:52:29,635] Trial 146 finished with value: 0.17390024662017822 and parameters: {'gradient_clip_val': 0.3507820106336676, 'hidden_size': 34, 'dropout': 0.1974549411557267, 'hidden_continuous_size': 32, 'attention_head_size': 1, 'learning_rate': 0.07491054494573025}. Best is trial 30 with value: 0.0874115452170372.
LOCAL_RANK: 0 - CUDA_VISIBLE_DEVICES: [0]
[I 2023-11-30 07:52:42,429] Trial 147 finished with value: 0.13462203741073608 and parameters: {'gradient_clip_val': 0.25378938859510203, 'hidden_size': 36, 'dropout': 0.20463960988841934, 'hidden_continuous_size': 35, 'attention_head_size': 2, 'learning_rate': 0.052048954593451865}. Best is trial 30 with value: 0.0874115452170372.
LOCAL_RANK: 0 - CUDA_VISIBLE_DEVICES: [0]
[I 2023-11-30 07:52:55,461] Trial 148 finished with value: 0.21193845570087433 and parameters: {'gradient_clip_val': 0.2696560411556437, 'hidden_size': 30, 'dropout': 0.21137506620933447, 'hidden_continuous_size': 29, 'attention_head_size': 4, 'learning_rate': 0.06655205750042746}. Best is trial 30 with value: 0.0874115452170372.
LOCAL_RANK: 0 - CUDA_VISIBLE_DEVICES: [0]
[I 2023-11-30 07:53:08,951] Trial 149 finished with value: 0.16803628206253052 and parameters: {'gradient_clip_val': 0.30817471057548435, 'hidden_size': 42, 'dropout': 0.20078281860385286, 'hidden_continuous_size': 40, 'attention_head_size': 1, 'learning_rate': 0.04525011805348993}. Best is trial 30 with value: 0.0874115452170372.
[I 2023-11-30 07:53:09,061] A new study created in memory with name: no-name-2f9304ca-68fe-40f5-9279-8a7ab87e97d4
/home/le004/conda/anaconda3/envs/tsff_env/lib/python3.9/site-packages/lightning/fabric/plugins/environments/slurm.py:191: The `srun` command is available on your system but is not used. HINT: If your intention is to run Lightning on SLURM, prepend your python command with `srun` like so: srun python /home/le004/master_thesis/git/TSFusionForecast/code/ ...
LOCAL_RANK: 0 - CUDA_VISIBLE_DEVICES: [0]
[I 2023-11-30 07:53:21,533] Trial 0 finished with value: 1.3797292709350586 and parameters: {'gradient_clip_val': 0.6341401421742564, 'hidden_size': 30, 'dropout': 0.24919454899042096, 'hidden_continuous_size': 12, 'attention_head_size': 1, 'learning_rate': 0.003148000802869854}. Best is trial 0 with value: 1.3797292709350586.
LOCAL_RANK: 0 - CUDA_VISIBLE_DEVICES: [0]
[I 2023-11-30 07:53:33,886] Trial 1 finished with value: 0.1974703073501587 and parameters: {'gradient_clip_val': 0.8764515235778854, 'hidden_size': 11, 'dropout': 0.21925043651935977, 'hidden_continuous_size': 10, 'attention_head_size': 3, 'learning_rate': 0.05713363777603134}. Best is trial 1 with value: 0.1974703073501587.
LOCAL_RANK: 0 - CUDA_VISIBLE_DEVICES: [0]
[I 2023-11-30 07:53:47,951] Trial 2 finished with value: 0.6008232235908508 and parameters: {'gradient_clip_val': 0.8118874143624597, 'hidden_size': 87, 'dropout': 0.1145721836726541, 'hidden_continuous_size': 46, 'attention_head_size': 2, 'learning_rate': 0.002109014957406261}. Best is trial 1 with value: 0.1974703073501587.
LOCAL_RANK: 0 - CUDA_VISIBLE_DEVICES: [0]
[I 2023-11-30 07:54:00,269] Trial 3 finished with value: 0.2075541466474533 and parameters: {'gradient_clip_val': 0.27155280969600465, 'hidden_size': 24, 'dropout': 0.34808772818723205, 'hidden_continuous_size': 10, 'attention_head_size': 3, 'learning_rate': 0.06012426699776228}. Best is trial 1 with value: 0.1974703073501587.
LOCAL_RANK: 0 - CUDA_VISIBLE_DEVICES: [0]
[I 2023-11-30 07:54:12,831] Trial 4 finished with value: 1.3367862701416016 and parameters: {'gradient_clip_val': 0.8218558545245014, 'hidden_size': 14, 'dropout': 0.13444262227925147, 'hidden_continuous_size': 13, 'attention_head_size': 2, 'learning_rate': 0.004650843849176887}. Best is trial 1 with value: 0.1974703073501587.
LOCAL_RANK: 0 - CUDA_VISIBLE_DEVICES: [0]
[I 2023-11-30 07:54:25,116] Trial 5 finished with value: 0.7427756786346436 and parameters: {'gradient_clip_val': 0.4939509479552125, 'hidden_size': 24, 'dropout': 0.3546707793019833, 'hidden_continuous_size': 22, 'attention_head_size': 3, 'learning_rate': 0.008255998417763153}. Best is trial 1 with value: 0.1974703073501587.
LOCAL_RANK: 0 - CUDA_VISIBLE_DEVICES: [0]
[I 2023-11-30 07:54:35,649] Trial 6 finished with value: 0.7046657204627991 and parameters: {'gradient_clip_val': 0.1002072777146987, 'hidden_size': 10, 'dropout': 0.2970073147271717, 'hidden_continuous_size': 10, 'attention_head_size': 3, 'learning_rate': 0.011132610455134305}. Best is trial 1 with value: 0.1974703073501587.
LOCAL_RANK: 0 - CUDA_VISIBLE_DEVICES: [0]
[I 2023-11-30 07:54:49,471] Trial 7 finished with value: 0.7675089836120605 and parameters: {'gradient_clip_val': 0.20057428599756386, 'hidden_size': 66, 'dropout': 0.1969058315683439, 'hidden_continuous_size': 39, 'attention_head_size': 3, 'learning_rate': 0.0020368351616719344}. Best is trial 1 with value: 0.1974703073501587.
LOCAL_RANK: 0 - CUDA_VISIBLE_DEVICES: [0]
[I 2023-11-30 07:55:03,656] Trial 8 finished with value: 0.19031989574432373 and parameters: {'gradient_clip_val': 0.12654888262975977, 'hidden_size': 79, 'dropout': 0.13494284039010418, 'hidden_continuous_size': 57, 'attention_head_size': 3, 'learning_rate': 0.01193260542019737}. Best is trial 8 with value: 0.19031989574432373.
LOCAL_RANK: 0 - CUDA_VISIBLE_DEVICES: [0]
[I 2023-11-30 07:55:17,592] Trial 9 finished with value: 2.2297284603118896 and parameters: {'gradient_clip_val': 0.14585789333120716, 'hidden_size': 58, 'dropout': 0.31549488927026487, 'hidden_continuous_size': 40, 'attention_head_size': 3, 'learning_rate': 0.001008290272598577}. Best is trial 8 with value: 0.19031989574432373.
LOCAL_RANK: 0 - CUDA_VISIBLE_DEVICES: [0]
[I 2023-11-30 07:55:32,563] Trial 10 finished with value: 0.13413988053798676 and parameters: {'gradient_clip_val': 0.32449168113079047, 'hidden_size': 145, 'dropout': 0.17067195307900396, 'hidden_continuous_size': 94, 'attention_head_size': 4, 'learning_rate': 0.02339907153110623}. Best is trial 10 with value: 0.13413988053798676.
LOCAL_RANK: 0 - CUDA_VISIBLE_DEVICES: [0]
[I 2023-11-30 07:55:47,581] Trial 11 finished with value: 0.20912738144397736 and parameters: {'gradient_clip_val': 0.3501890342915433, 'hidden_size': 135, 'dropout': 0.15971421956988707, 'hidden_continuous_size': 93, 'attention_head_size': 4, 'learning_rate': 0.02353804207898311}. Best is trial 10 with value: 0.13413988053798676.
LOCAL_RANK: 0 - CUDA_VISIBLE_DEVICES: [0]
[I 2023-11-30 07:56:02,636] Trial 12 finished with value: 0.11838636547327042 and parameters: {'gradient_clip_val': 0.3311863666334716, 'hidden_size': 133, 'dropout': 0.17514033938201629, 'hidden_continuous_size': 109, 'attention_head_size': 4, 'learning_rate': 0.021071043404217695}. Best is trial 12 with value: 0.11838636547327042.
LOCAL_RANK: 0 - CUDA_VISIBLE_DEVICES: [0]
[I 2023-11-30 07:56:18,079] Trial 13 finished with value: 0.11857309937477112 and parameters: {'gradient_clip_val': 0.3758074171273676, 'hidden_size': 149, 'dropout': 0.1825368022040543, 'hidden_continuous_size': 143, 'attention_head_size': 4, 'learning_rate': 0.025806565490718265}. Best is trial 12 with value: 0.11838636547327042.
LOCAL_RANK: 0 - CUDA_VISIBLE_DEVICES: [0]
[I 2023-11-30 07:56:32,878] Trial 14 finished with value: 0.1928287148475647 and parameters: {'gradient_clip_val': 0.42893187930329846, 'hidden_size': 115, 'dropout': 0.20857937605145094, 'hidden_continuous_size': 99, 'attention_head_size': 4, 'learning_rate': 0.02727776336891439}. Best is trial 12 with value: 0.11838636547327042.
LOCAL_RANK: 0 - CUDA_VISIBLE_DEVICES: [0]
[I 2023-11-30 07:56:46,244] Trial 15 finished with value: 0.14337672293186188 and parameters: {'gradient_clip_val': 0.24646537344541694, 'hidden_size': 49, 'dropout': 0.39566174619324757, 'hidden_continuous_size': 20, 'attention_head_size': 4, 'learning_rate': 0.08453602188668644}. Best is trial 12 with value: 0.11838636547327042.
LOCAL_RANK: 0 - CUDA_VISIBLE_DEVICES: [0]
[I 2023-11-30 07:57:00,711] Trial 16 finished with value: 0.14546971023082733 and parameters: {'gradient_clip_val': 0.43644797910293864, 'hidden_size': 108, 'dropout': 0.10348861632338946, 'hidden_continuous_size': 70, 'attention_head_size': 4, 'learning_rate': 0.03178656210364885}. Best is trial 12 with value: 0.11838636547327042.
LOCAL_RANK: 0 - CUDA_VISIBLE_DEVICES: [0]
[I 2023-11-30 07:57:15,023] Trial 17 finished with value: 0.14895595610141754 and parameters: {'gradient_clip_val': 0.22033165309796385, 'hidden_size': 95, 'dropout': 0.17484596440231448, 'hidden_continuous_size': 74, 'attention_head_size': 1, 'learning_rate': 0.01500969591917562}. Best is trial 12 with value: 0.11838636547327042.
LOCAL_RANK: 0 - CUDA_VISIBLE_DEVICES: [0]
[I 2023-11-30 07:57:30,119] Trial 18 finished with value: 0.19454723596572876 and parameters: {'gradient_clip_val': 0.3585948430999611, 'hidden_size': 135, 'dropout': 0.2403542926053003, 'hidden_continuous_size': 115, 'attention_head_size': 4, 'learning_rate': 0.04044534764076176}. Best is trial 12 with value: 0.11838636547327042.
LOCAL_RANK: 0 - CUDA_VISIBLE_DEVICES: [0]
[I 2023-11-30 07:57:45,202] Trial 19 finished with value: 0.13195669651031494 and parameters: {'gradient_clip_val': 0.5828924695257982, 'hidden_size': 149, 'dropout': 0.19158111724836357, 'hidden_continuous_size': 147, 'attention_head_size': 2, 'learning_rate': 0.01776413673955106}. Best is trial 12 with value: 0.11838636547327042.
LOCAL_RANK: 0 - CUDA_VISIBLE_DEVICES: [0]
[I 2023-11-30 07:57:59,325] Trial 20 finished with value: 0.11242351680994034 and parameters: {'gradient_clip_val': 0.28211346260648157, 'hidden_size': 80, 'dropout': 0.2703362802884747, 'hidden_continuous_size': 51, 'attention_head_size': 4, 'learning_rate': 0.09863833783461239}. Best is trial 20 with value: 0.11242351680994034.
LOCAL_RANK: 0 - CUDA_VISIBLE_DEVICES: [0]
