[I 2023-11-30 11:02:42,438] Trial 79 finished with value: 0.0958380401134491 and parameters: {'gradient_clip_val': 0.9888861624411384, 'hidden_size': 66, 'dropout': 0.18318870587735367, 'hidden_continuous_size': 48, 'attention_head_size': 2, 'learning_rate': 0.05047848554030787}. Best is trial 78 with value: 0.07777731865644455.
LOCAL_RANK: 0 - CUDA_VISIBLE_DEVICES: [0]
[I 2023-11-30 11:02:56,783] Trial 80 finished with value: 0.08431851863861084 and parameters: {'gradient_clip_val': 0.9024981941174998, 'hidden_size': 86, 'dropout': 0.1965243660365401, 'hidden_continuous_size': 53, 'attention_head_size': 2, 'learning_rate': 0.020011498478124855}. Best is trial 78 with value: 0.07777731865644455.
LOCAL_RANK: 0 - CUDA_VISIBLE_DEVICES: [0]
[I 2023-11-30 11:03:10,926] Trial 81 finished with value: 0.09065134078264236 and parameters: {'gradient_clip_val': 0.9014241183869848, 'hidden_size': 87, 'dropout': 0.1961517611170175, 'hidden_continuous_size': 54, 'attention_head_size': 2, 'learning_rate': 0.05847753381718656}. Best is trial 78 with value: 0.07777731865644455.
LOCAL_RANK: 0 - CUDA_VISIBLE_DEVICES: [0]
[I 2023-11-30 11:03:24,967] Trial 82 finished with value: 0.08749785274267197 and parameters: {'gradient_clip_val': 0.9284909866909852, 'hidden_size': 73, 'dropout': 0.1709595007919579, 'hidden_continuous_size': 52, 'attention_head_size': 2, 'learning_rate': 0.019661360899158046}. Best is trial 78 with value: 0.07777731865644455.
LOCAL_RANK: 0 - CUDA_VISIBLE_DEVICES: [0]
[I 2023-11-30 11:03:38,952] Trial 83 finished with value: 0.10079821199178696 and parameters: {'gradient_clip_val': 0.8651937066228533, 'hidden_size': 76, 'dropout': 0.16991147542390253, 'hidden_continuous_size': 51, 'attention_head_size': 2, 'learning_rate': 0.020988323447189875}. Best is trial 78 with value: 0.07777731865644455.
LOCAL_RANK: 0 - CUDA_VISIBLE_DEVICES: [0]
[I 2023-11-30 11:03:53,128] Trial 84 finished with value: 0.11048067361116409 and parameters: {'gradient_clip_val': 0.9958546840971481, 'hidden_size': 81, 'dropout': 0.21328975333112643, 'hidden_continuous_size': 57, 'attention_head_size': 2, 'learning_rate': 0.031230148769897492}. Best is trial 78 with value: 0.07777731865644455.
LOCAL_RANK: 0 - CUDA_VISIBLE_DEVICES: [0]
[I 2023-11-30 11:04:06,985] Trial 85 finished with value: 0.10131311416625977 and parameters: {'gradient_clip_val': 0.9379073550337214, 'hidden_size': 62, 'dropout': 0.16818750530993587, 'hidden_continuous_size': 48, 'attention_head_size': 2, 'learning_rate': 0.018683354158691483}. Best is trial 78 with value: 0.07777731865644455.
LOCAL_RANK: 0 - CUDA_VISIBLE_DEVICES: [0]
[I 2023-11-30 11:04:20,850] Trial 86 finished with value: 0.13278980553150177 and parameters: {'gradient_clip_val': 0.9154359347098454, 'hidden_size': 69, 'dropout': 0.1957858403170784, 'hidden_continuous_size': 52, 'attention_head_size': 2, 'learning_rate': 0.028573327686435508}. Best is trial 78 with value: 0.07777731865644455.
LOCAL_RANK: 0 - CUDA_VISIBLE_DEVICES: [0]
[I 2023-11-30 11:04:34,579] Trial 87 finished with value: 0.10621970891952515 and parameters: {'gradient_clip_val': 0.8231260378300428, 'hidden_size': 73, 'dropout': 0.18056399865514763, 'hidden_continuous_size': 46, 'attention_head_size': 2, 'learning_rate': 0.026120608807714676}. Best is trial 78 with value: 0.07777731865644455.
LOCAL_RANK: 0 - CUDA_VISIBLE_DEVICES: [0]
[I 2023-11-30 11:04:48,762] Trial 88 finished with value: 0.10195061564445496 and parameters: {'gradient_clip_val': 0.8554208928132127, 'hidden_size': 93, 'dropout': 0.20037727725556068, 'hidden_continuous_size': 60, 'attention_head_size': 2, 'learning_rate': 0.013856781784721443}. Best is trial 78 with value: 0.07777731865644455.
LOCAL_RANK: 0 - CUDA_VISIBLE_DEVICES: [0]
[I 2023-11-30 11:05:02,894] Trial 89 finished with value: 0.11577731370925903 and parameters: {'gradient_clip_val': 0.7868693953412058, 'hidden_size': 85, 'dropout': 0.16274867761772022, 'hidden_continuous_size': 51, 'attention_head_size': 2, 'learning_rate': 0.046152094222316115}. Best is trial 78 with value: 0.07777731865644455.
LOCAL_RANK: 0 - CUDA_VISIBLE_DEVICES: [0]
[I 2023-11-30 11:05:17,421] Trial 90 finished with value: 0.1253606230020523 and parameters: {'gradient_clip_val': 0.9418632113385607, 'hidden_size': 98, 'dropout': 0.20858037296708087, 'hidden_continuous_size': 54, 'attention_head_size': 2, 'learning_rate': 0.03563888419204214}. Best is trial 78 with value: 0.07777731865644455.
LOCAL_RANK: 0 - CUDA_VISIBLE_DEVICES: [0]
[I 2023-11-30 11:05:31,045] Trial 91 finished with value: 0.10151001811027527 and parameters: {'gradient_clip_val': 0.7575283535066457, 'hidden_size': 64, 'dropout': 0.18869839216145096, 'hidden_continuous_size': 48, 'attention_head_size': 2, 'learning_rate': 0.058903288079454066}. Best is trial 78 with value: 0.07777731865644455.
LOCAL_RANK: 0 - CUDA_VISIBLE_DEVICES: [0]
[I 2023-11-30 11:05:44,968] Trial 92 finished with value: 0.14439725875854492 and parameters: {'gradient_clip_val': 0.893790895996515, 'hidden_size': 74, 'dropout': 0.18367120473509982, 'hidden_continuous_size': 44, 'attention_head_size': 3, 'learning_rate': 0.07268240171436433}. Best is trial 78 with value: 0.07777731865644455.
LOCAL_RANK: 0 - CUDA_VISIBLE_DEVICES: [0]
[I 2023-11-30 11:05:59,189] Trial 93 finished with value: 0.11620423197746277 and parameters: {'gradient_clip_val': 0.6971999163219158, 'hidden_size': 111, 'dropout': 0.15557139843508144, 'hidden_continuous_size': 36, 'attention_head_size': 2, 'learning_rate': 0.043676885653339055}. Best is trial 78 with value: 0.07777731865644455.
LOCAL_RANK: 0 - CUDA_VISIBLE_DEVICES: [0]
[I 2023-11-30 11:06:13,437] Trial 94 finished with value: 0.11698853969573975 and parameters: {'gradient_clip_val': 0.7487299461679882, 'hidden_size': 87, 'dropout': 0.17853426636599853, 'hidden_continuous_size': 50, 'attention_head_size': 3, 'learning_rate': 0.03883611001813376}. Best is trial 78 with value: 0.07777731865644455.
LOCAL_RANK: 0 - CUDA_VISIBLE_DEVICES: [0]
[I 2023-11-30 11:06:27,449] Trial 95 finished with value: 0.0898701623082161 and parameters: {'gradient_clip_val': 0.8174686818416053, 'hidden_size': 80, 'dropout': 0.21469244927406833, 'hidden_continuous_size': 41, 'attention_head_size': 2, 'learning_rate': 0.05428828486982163}. Best is trial 78 with value: 0.07777731865644455.
LOCAL_RANK: 0 - CUDA_VISIBLE_DEVICES: [0]
[I 2023-11-30 11:06:41,324] Trial 96 finished with value: 0.08832231909036636 and parameters: {'gradient_clip_val': 0.8770234301959172, 'hidden_size': 61, 'dropout': 0.1893851728069991, 'hidden_continuous_size': 46, 'attention_head_size': 3, 'learning_rate': 0.048157160454395234}. Best is trial 78 with value: 0.07777731865644455.
LOCAL_RANK: 0 - CUDA_VISIBLE_DEVICES: [0]
[I 2023-11-30 11:06:54,980] Trial 97 finished with value: 0.13754691183567047 and parameters: {'gradient_clip_val': 0.8742320220960058, 'hidden_size': 60, 'dropout': 0.1940547325102409, 'hidden_continuous_size': 46, 'attention_head_size': 2, 'learning_rate': 0.050141263844108934}. Best is trial 78 with value: 0.07777731865644455.
LOCAL_RANK: 0 - CUDA_VISIBLE_DEVICES: [0]
[I 2023-11-30 11:07:08,879] Trial 98 finished with value: 0.1218295693397522 and parameters: {'gradient_clip_val': 0.9416352572514864, 'hidden_size': 67, 'dropout': 0.17393956390847076, 'hidden_continuous_size': 43, 'attention_head_size': 3, 'learning_rate': 0.034384568111503165}. Best is trial 78 with value: 0.07777731865644455.
LOCAL_RANK: 0 - CUDA_VISIBLE_DEVICES: [0]
[I 2023-11-30 11:07:22,436] Trial 99 finished with value: 0.12045500427484512 and parameters: {'gradient_clip_val': 0.8577345332201464, 'hidden_size': 56, 'dropout': 0.14138766070904718, 'hidden_continuous_size': 49, 'attention_head_size': 2, 'learning_rate': 0.04492666240967601}. Best is trial 78 with value: 0.07777731865644455.
LOCAL_RANK: 0 - CUDA_VISIBLE_DEVICES: [0]
[I 2023-11-30 11:07:36,669] Trial 100 finished with value: 0.10780998319387436 and parameters: {'gradient_clip_val': 0.7967198272054125, 'hidden_size': 71, 'dropout': 0.21868209775336886, 'hidden_continuous_size': 53, 'attention_head_size': 3, 'learning_rate': 0.04055389053991875}. Best is trial 78 with value: 0.07777731865644455.
LOCAL_RANK: 0 - CUDA_VISIBLE_DEVICES: [0]
[I 2023-11-30 11:07:50,303] Trial 101 finished with value: 0.12170708179473877 and parameters: {'gradient_clip_val': 0.695657586640406, 'hidden_size': 61, 'dropout': 0.18975079300247955, 'hidden_continuous_size': 45, 'attention_head_size': 3, 'learning_rate': 0.06403578347962323}. Best is trial 78 with value: 0.07777731865644455.
LOCAL_RANK: 0 - CUDA_VISIBLE_DEVICES: [0]
[I 2023-11-30 11:08:04,141] Trial 102 finished with value: 0.14299507439136505 and parameters: {'gradient_clip_val': 0.7333430797605238, 'hidden_size': 76, 'dropout': 0.2009171766327767, 'hidden_continuous_size': 41, 'attention_head_size': 3, 'learning_rate': 0.031881901371396605}. Best is trial 78 with value: 0.07777731865644455.
LOCAL_RANK: 0 - CUDA_VISIBLE_DEVICES: [0]
[I 2023-11-30 11:08:17,825] Trial 103 finished with value: 0.08976465463638306 and parameters: {'gradient_clip_val': 0.995171686216939, 'hidden_size': 52, 'dropout': 0.20554317813569972, 'hidden_continuous_size': 47, 'attention_head_size': 3, 'learning_rate': 0.04889666535860515}. Best is trial 78 with value: 0.07777731865644455.
LOCAL_RANK: 0 - CUDA_VISIBLE_DEVICES: [0]
[I 2023-11-30 11:08:32,018] Trial 104 finished with value: 0.09482874721288681 and parameters: {'gradient_clip_val': 0.8332458575299951, 'hidden_size': 92, 'dropout': 0.1885551707688118, 'hidden_continuous_size': 57, 'attention_head_size': 3, 'learning_rate': 0.055681969428605184}. Best is trial 78 with value: 0.07777731865644455.
LOCAL_RANK: 0 - CUDA_VISIBLE_DEVICES: [0]
[I 2023-11-30 11:08:46,018] Trial 105 finished with value: 0.14180369675159454 and parameters: {'gradient_clip_val': 0.9390097111298722, 'hidden_size': 82, 'dropout': 0.2114232082625348, 'hidden_continuous_size': 39, 'attention_head_size': 3, 'learning_rate': 0.06575037151126592}. Best is trial 78 with value: 0.07777731865644455.
LOCAL_RANK: 0 - CUDA_VISIBLE_DEVICES: [0]
[I 2023-11-30 11:09:00,119] Trial 106 finished with value: 0.12107306718826294 and parameters: {'gradient_clip_val': 0.7753121031066802, 'hidden_size': 66, 'dropout': 0.22909294032013683, 'hidden_continuous_size': 49, 'attention_head_size': 3, 'learning_rate': 0.03756979736046814}. Best is trial 78 with value: 0.07777731865644455.
LOCAL_RANK: 0 - CUDA_VISIBLE_DEVICES: [0]
[I 2023-11-30 11:09:14,022] Trial 107 finished with value: 0.11298859119415283 and parameters: {'gradient_clip_val': 0.8867888548786614, 'hidden_size': 71, 'dropout': 0.19442584471121901, 'hidden_continuous_size': 52, 'attention_head_size': 2, 'learning_rate': 0.07589468863938047}. Best is trial 78 with value: 0.07777731865644455.
LOCAL_RANK: 0 - CUDA_VISIBLE_DEVICES: [0]
[I 2023-11-30 11:09:27,933] Trial 108 finished with value: 0.10652676969766617 and parameters: {'gradient_clip_val': 0.6860574366344792, 'hidden_size': 63, 'dropout': 0.18131314891548908, 'hidden_continuous_size': 43, 'attention_head_size': 4, 'learning_rate': 0.030374811053717768}. Best is trial 78 with value: 0.07777731865644455.
LOCAL_RANK: 0 - CUDA_VISIBLE_DEVICES: [0]
[I 2023-11-30 11:09:42,511] Trial 109 finished with value: 0.18767212331295013 and parameters: {'gradient_clip_val': 0.7229209367136175, 'hidden_size': 126, 'dropout': 0.24012880138024081, 'hidden_continuous_size': 65, 'attention_head_size': 2, 'learning_rate': 0.06957331460811417}. Best is trial 78 with value: 0.07777731865644455.
LOCAL_RANK: 0 - CUDA_VISIBLE_DEVICES: [0]
[I 2023-11-30 11:09:56,285] Trial 110 finished with value: 0.12778569757938385 and parameters: {'gradient_clip_val': 0.6374308488162415, 'hidden_size': 57, 'dropout': 0.20045381168314955, 'hidden_continuous_size': 45, 'attention_head_size': 3, 'learning_rate': 0.04322356085997436}. Best is trial 78 with value: 0.07777731865644455.
LOCAL_RANK: 0 - CUDA_VISIBLE_DEVICES: [0]
[I 2023-11-30 11:10:10,219] Trial 111 finished with value: 0.09219393134117126 and parameters: {'gradient_clip_val': 0.9775269412768476, 'hidden_size': 51, 'dropout': 0.2067153519711822, 'hidden_continuous_size': 47, 'attention_head_size': 3, 'learning_rate': 0.049302006471485554}. Best is trial 78 with value: 0.07777731865644455.
LOCAL_RANK: 0 - CUDA_VISIBLE_DEVICES: [0]
[I 2023-11-30 11:10:23,701] Trial 112 finished with value: 0.09303245693445206 and parameters: {'gradient_clip_val': 0.988883986718228, 'hidden_size': 51, 'dropout': 0.2170479566248969, 'hidden_continuous_size': 46, 'attention_head_size': 3, 'learning_rate': 0.04935516844707092}. Best is trial 78 with value: 0.07777731865644455.
LOCAL_RANK: 0 - CUDA_VISIBLE_DEVICES: [0]
[I 2023-11-30 11:10:37,557] Trial 113 finished with value: 0.09347463399171829 and parameters: {'gradient_clip_val': 0.9247677117982682, 'hidden_size': 54, 'dropout': 0.20537269150624735, 'hidden_continuous_size': 49, 'attention_head_size': 3, 'learning_rate': 0.05401011473449535}. Best is trial 78 with value: 0.07777731865644455.
LOCAL_RANK: 0 - CUDA_VISIBLE_DEVICES: [0]
[I 2023-11-30 11:10:51,409] Trial 114 finished with value: 0.16181322932243347 and parameters: {'gradient_clip_val': 0.867606465446791, 'hidden_size': 59, 'dropout': 0.2522484753235562, 'hidden_continuous_size': 50, 'attention_head_size': 3, 'learning_rate': 0.059790872285124134}. Best is trial 78 with value: 0.07777731865644455.
LOCAL_RANK: 0 - CUDA_VISIBLE_DEVICES: [0]
[I 2023-11-30 11:11:05,420] Trial 115 finished with value: 0.1498481035232544 and parameters: {'gradient_clip_val': 0.8000169110475156, 'hidden_size': 67, 'dropout': 0.19163269810770392, 'hidden_continuous_size': 55, 'attention_head_size': 3, 'learning_rate': 0.037288216468168996}. Best is trial 78 with value: 0.07777731865644455.
LOCAL_RANK: 0 - CUDA_VISIBLE_DEVICES: [0]
[I 2023-11-30 11:11:19,131] Trial 116 finished with value: 0.09956259280443192 and parameters: {'gradient_clip_val': 0.8350205971483392, 'hidden_size': 43, 'dropout': 0.2098857287952102, 'hidden_continuous_size': 41, 'attention_head_size': 2, 'learning_rate': 0.04788935889028247}. Best is trial 78 with value: 0.07777731865644455.
LOCAL_RANK: 0 - CUDA_VISIBLE_DEVICES: [0]
[I 2023-11-30 11:11:32,967] Trial 117 finished with value: 0.11122014373540878 and parameters: {'gradient_clip_val': 0.7596728418517079, 'hidden_size': 49, 'dropout': 0.17421274670290868, 'hidden_continuous_size': 43, 'attention_head_size': 3, 'learning_rate': 0.027024179489510684}. Best is trial 78 with value: 0.07777731865644455.
LOCAL_RANK: 0 - CUDA_VISIBLE_DEVICES: [0]
[I 2023-11-30 11:11:46,727] Trial 118 finished with value: 0.10084712505340576 and parameters: {'gradient_clip_val': 0.9044210702421841, 'hidden_size': 55, 'dropout': 0.22296584390760932, 'hidden_continuous_size': 47, 'attention_head_size': 2, 'learning_rate': 0.04199770176984069}. Best is trial 78 with value: 0.07777731865644455.
LOCAL_RANK: 0 - CUDA_VISIBLE_DEVICES: [0]
[I 2023-11-30 11:12:00,978] Trial 119 finished with value: 0.0945855900645256 and parameters: {'gradient_clip_val': 0.9494697353116635, 'hidden_size': 78, 'dropout': 0.20061428270623546, 'hidden_continuous_size': 51, 'attention_head_size': 3, 'learning_rate': 0.06227242114313803}. Best is trial 78 with value: 0.07777731865644455.
LOCAL_RANK: 0 - CUDA_VISIBLE_DEVICES: [0]
[I 2023-11-30 11:12:15,058] Trial 120 finished with value: 0.17336009442806244 and parameters: {'gradient_clip_val': 0.8047942779073248, 'hidden_size': 84, 'dropout': 0.23478614584618132, 'hidden_continuous_size': 59, 'attention_head_size': 2, 'learning_rate': 0.011013161992410883}. Best is trial 78 with value: 0.07777731865644455.
LOCAL_RANK: 0 - CUDA_VISIBLE_DEVICES: [0]
[I 2023-11-30 11:12:28,889] Trial 121 finished with value: 0.07354637235403061 and parameters: {'gradient_clip_val': 0.8213372753743172, 'hidden_size': 72, 'dropout': 0.21513764917458456, 'hidden_continuous_size': 40, 'attention_head_size': 2, 'learning_rate': 0.05635591938018272}. Best is trial 121 with value: 0.07354637235403061.
LOCAL_RANK: 0 - CUDA_VISIBLE_DEVICES: [0]
[I 2023-11-30 11:12:42,755] Trial 122 finished with value: 0.0821911171078682 and parameters: {'gradient_clip_val': 0.9970412874789392, 'hidden_size': 71, 'dropout': 0.19632354156705828, 'hidden_continuous_size': 38, 'attention_head_size': 2, 'learning_rate': 0.05612624051810681}. Best is trial 121 with value: 0.07354637235403061.
LOCAL_RANK: 0 - CUDA_VISIBLE_DEVICES: [0]
[I 2023-11-30 11:12:56,636] Trial 123 finished with value: 0.18281598389148712 and parameters: {'gradient_clip_val': 0.8669913598030883, 'hidden_size': 74, 'dropout': 0.18172798447277938, 'hidden_continuous_size': 38, 'attention_head_size': 2, 'learning_rate': 0.05708342516671479}. Best is trial 121 with value: 0.07354637235403061.
LOCAL_RANK: 0 - CUDA_VISIBLE_DEVICES: [0]
[I 2023-11-30 11:13:10,453] Trial 124 finished with value: 0.13887429237365723 and parameters: {'gradient_clip_val': 0.6646223724678649, 'hidden_size': 69, 'dropout': 0.1930062572108062, 'hidden_continuous_size': 37, 'attention_head_size': 2, 'learning_rate': 0.04564200934180523}. Best is trial 121 with value: 0.07354637235403061.
LOCAL_RANK: 0 - CUDA_VISIBLE_DEVICES: [0]
[I 2023-11-30 11:13:24,252] Trial 125 finished with value: 0.11926895380020142 and parameters: {'gradient_clip_val': 0.832911428714393, 'hidden_size': 63, 'dropout': 0.18563053972455945, 'hidden_continuous_size': 34, 'attention_head_size': 2, 'learning_rate': 0.0676194452185753}. Best is trial 121 with value: 0.07354637235403061.
LOCAL_RANK: 0 - CUDA_VISIBLE_DEVICES: [0]
[I 2023-11-30 11:13:38,353] Trial 126 finished with value: 0.13732977211475372 and parameters: {'gradient_clip_val': 0.7692721570754946, 'hidden_size': 79, 'dropout': 0.16574051356769604, 'hidden_continuous_size': 40, 'attention_head_size': 2, 'learning_rate': 0.07639746186431086}. Best is trial 121 with value: 0.07354637235403061.
LOCAL_RANK: 0 - CUDA_VISIBLE_DEVICES: [0]
[I 2023-11-30 11:13:52,294] Trial 127 finished with value: 0.49974796175956726 and parameters: {'gradient_clip_val': 0.917753633715152, 'hidden_size': 73, 'dropout': 0.2134164953687092, 'hidden_continuous_size': 44, 'attention_head_size': 2, 'learning_rate': 0.0338085755990368}. Best is trial 121 with value: 0.07354637235403061.
LOCAL_RANK: 0 - CUDA_VISIBLE_DEVICES: [0]
[I 2023-11-30 11:14:06,528] Trial 128 finished with value: 0.15789346396923065 and parameters: {'gradient_clip_val': 0.7420975140131219, 'hidden_size': 103, 'dropout': 0.22057883931920988, 'hidden_continuous_size': 35, 'attention_head_size': 2, 'learning_rate': 0.05201645175379647}. Best is trial 121 with value: 0.07354637235403061.
LOCAL_RANK: 0 - CUDA_VISIBLE_DEVICES: [0]
[I 2023-11-30 11:14:20,692] Trial 129 finished with value: 0.09272748976945877 and parameters: {'gradient_clip_val': 0.8780569043620188, 'hidden_size': 86, 'dropout': 0.17469988954218332, 'hidden_continuous_size': 54, 'attention_head_size': 2, 'learning_rate': 0.03904718420327325}. Best is trial 121 with value: 0.07354637235403061.
LOCAL_RANK: 0 - CUDA_VISIBLE_DEVICES: [0]
[I 2023-11-30 11:14:34,723] Trial 130 finished with value: 0.16225992143154144 and parameters: {'gradient_clip_val': 0.7161962001640284, 'hidden_size': 90, 'dropout': 0.22988580404361814, 'hidden_continuous_size': 39, 'attention_head_size': 2, 'learning_rate': 0.024997267670155598}. Best is trial 121 with value: 0.07354637235403061.
LOCAL_RANK: 0 - CUDA_VISIBLE_DEVICES: [0]
[I 2023-11-30 11:14:48,607] Trial 131 finished with value: 0.09999891370534897 and parameters: {'gradient_clip_val': 0.9987590829489944, 'hidden_size': 58, 'dropout': 0.20423460601147495, 'hidden_continuous_size': 42, 'attention_head_size': 2, 'learning_rate': 0.016007592994166438}. Best is trial 121 with value: 0.07354637235403061.
LOCAL_RANK: 0 - CUDA_VISIBLE_DEVICES: [0]
[I 2023-11-30 11:15:02,601] Trial 132 finished with value: 0.10568723827600479 and parameters: {'gradient_clip_val': 0.9585951154735756, 'hidden_size': 66, 'dropout': 0.19848509751712076, 'hidden_continuous_size': 48, 'attention_head_size': 2, 'learning_rate': 0.059461663561260564}. Best is trial 121 with value: 0.07354637235403061.
LOCAL_RANK: 0 - CUDA_VISIBLE_DEVICES: [0]
[I 2023-11-30 11:15:17,516] Trial 133 finished with value: 0.1096172109246254 and parameters: {'gradient_clip_val': 0.9120188593318893, 'hidden_size': 138, 'dropout': 0.2099651506581259, 'hidden_continuous_size': 62, 'attention_head_size': 3, 'learning_rate': 0.044783331767674024}. Best is trial 121 with value: 0.07354637235403061.
LOCAL_RANK: 0 - CUDA_VISIBLE_DEVICES: [0]
[I 2023-11-30 11:15:31,397] Trial 134 finished with value: 0.0836910679936409 and parameters: {'gradient_clip_val': 0.8350613617403908, 'hidden_size': 62, 'dropout': 0.19741201274109824, 'hidden_continuous_size': 46, 'attention_head_size': 2, 'learning_rate': 0.048980289384072076}. Best is trial 121 with value: 0.07354637235403061.
LOCAL_RANK: 0 - CUDA_VISIBLE_DEVICES: [0]
[I 2023-11-30 11:15:45,143] Trial 135 finished with value: 0.13158993422985077 and parameters: {'gradient_clip_val': 0.8035553407417578, 'hidden_size': 63, 'dropout': 0.194153626140786, 'hidden_continuous_size': 53, 'attention_head_size': 2, 'learning_rate': 0.05500950604023357}. Best is trial 121 with value: 0.07354637235403061.
LOCAL_RANK: 0 - CUDA_VISIBLE_DEVICES: [0]
[I 2023-11-30 11:15:58,997] Trial 136 finished with value: 0.10236947983503342 and parameters: {'gradient_clip_val': 0.8455039529112266, 'hidden_size': 69, 'dropout': 0.18716589663522692, 'hidden_continuous_size': 45, 'attention_head_size': 2, 'learning_rate': 0.040822169542732746}. Best is trial 121 with value: 0.07354637235403061.
LOCAL_RANK: 0 - CUDA_VISIBLE_DEVICES: [0]
