[I 2023-11-30 03:17:11,315] Trial 102 finished with value: 0.11222118884325027 and parameters: {'gradient_clip_val': 0.6173420696100705, 'hidden_size': 117, 'dropout': 0.31225043246845324, 'hidden_continuous_size': 79, 'attention_head_size': 4, 'learning_rate': 0.020223430246443023}. Best is trial 43 with value: 0.08582047373056412.
LOCAL_RANK: 0 - CUDA_VISIBLE_DEVICES: [0]
[I 2023-11-30 03:17:26,373] Trial 103 finished with value: 0.17859216034412384 and parameters: {'gradient_clip_val': 0.553382498586719, 'hidden_size': 135, 'dropout': 0.2962089159440076, 'hidden_continuous_size': 92, 'attention_head_size': 4, 'learning_rate': 0.028795303997776394}. Best is trial 43 with value: 0.08582047373056412.
LOCAL_RANK: 0 - CUDA_VISIBLE_DEVICES: [0]
[I 2023-11-30 03:17:41,025] Trial 104 finished with value: 0.14481738209724426 and parameters: {'gradient_clip_val': 0.6253233441716037, 'hidden_size': 111, 'dropout': 0.31339258078131804, 'hidden_continuous_size': 80, 'attention_head_size': 4, 'learning_rate': 0.02219735382053574}. Best is trial 43 with value: 0.08582047373056412.
LOCAL_RANK: 0 - CUDA_VISIBLE_DEVICES: [0]
[I 2023-11-30 03:17:55,838] Trial 105 finished with value: 0.23755009472370148 and parameters: {'gradient_clip_val': 0.6681943657502188, 'hidden_size': 118, 'dropout': 0.29125298973815344, 'hidden_continuous_size': 84, 'attention_head_size': 4, 'learning_rate': 0.03591287414073419}. Best is trial 43 with value: 0.08582047373056412.
LOCAL_RANK: 0 - CUDA_VISIBLE_DEVICES: [0]
[I 2023-11-30 03:18:10,499] Trial 106 finished with value: 0.12983566522598267 and parameters: {'gradient_clip_val': 0.573250500241506, 'hidden_size': 103, 'dropout': 0.30699289655693535, 'hidden_continuous_size': 78, 'attention_head_size': 4, 'learning_rate': 0.020313462586896314}. Best is trial 43 with value: 0.08582047373056412.
LOCAL_RANK: 0 - CUDA_VISIBLE_DEVICES: [0]
[I 2023-11-30 03:18:25,292] Trial 107 finished with value: 0.15376044809818268 and parameters: {'gradient_clip_val': 0.6500116831658713, 'hidden_size': 121, 'dropout': 0.27472774342904094, 'hidden_continuous_size': 87, 'attention_head_size': 4, 'learning_rate': 0.025413932270250954}. Best is trial 43 with value: 0.08582047373056412.
LOCAL_RANK: 0 - CUDA_VISIBLE_DEVICES: [0]
[I 2023-11-30 03:18:40,483] Trial 108 finished with value: 0.16999924182891846 and parameters: {'gradient_clip_val': 0.6187242625249413, 'hidden_size': 143, 'dropout': 0.28122883119426695, 'hidden_continuous_size': 95, 'attention_head_size': 4, 'learning_rate': 0.017361521626809276}. Best is trial 43 with value: 0.08582047373056412.
LOCAL_RANK: 0 - CUDA_VISIBLE_DEVICES: [0]
[I 2023-11-30 03:18:54,945] Trial 109 finished with value: 0.15380044281482697 and parameters: {'gradient_clip_val': 0.951129849497737, 'hidden_size': 97, 'dropout': 0.3270828946825886, 'hidden_continuous_size': 75, 'attention_head_size': 4, 'learning_rate': 0.01365494918595579}. Best is trial 43 with value: 0.08582047373056412.
LOCAL_RANK: 0 - CUDA_VISIBLE_DEVICES: [0]
[I 2023-11-30 03:19:09,545] Trial 110 finished with value: 0.10988366603851318 and parameters: {'gradient_clip_val': 0.7031851993520108, 'hidden_size': 108, 'dropout': 0.29974786102861445, 'hidden_continuous_size': 71, 'attention_head_size': 4, 'learning_rate': 0.03089096246253066}. Best is trial 43 with value: 0.08582047373056412.
LOCAL_RANK: 0 - CUDA_VISIBLE_DEVICES: [0]
[I 2023-11-30 03:19:23,956] Trial 111 finished with value: 0.18522746860980988 and parameters: {'gradient_clip_val': 0.7194563781486004, 'hidden_size': 108, 'dropout': 0.30135830585694295, 'hidden_continuous_size': 79, 'attention_head_size': 4, 'learning_rate': 0.027497608232177468}. Best is trial 43 with value: 0.08582047373056412.
LOCAL_RANK: 0 - CUDA_VISIBLE_DEVICES: [0]
[I 2023-11-30 03:19:38,581] Trial 112 finished with value: 0.14076852798461914 and parameters: {'gradient_clip_val': 0.7003139408165083, 'hidden_size': 115, 'dropout': 0.29047536904776666, 'hidden_continuous_size': 69, 'attention_head_size': 4, 'learning_rate': 0.031902223792554134}. Best is trial 43 with value: 0.08582047373056412.
LOCAL_RANK: 0 - CUDA_VISIBLE_DEVICES: [0]
[I 2023-11-30 03:19:53,195] Trial 113 finished with value: 0.1321536898612976 and parameters: {'gradient_clip_val': 0.8608551575646589, 'hidden_size': 82, 'dropout': 0.31667302246847573, 'hidden_continuous_size': 72, 'attention_head_size': 4, 'learning_rate': 0.022930482957459874}. Best is trial 43 with value: 0.08582047373056412.
LOCAL_RANK: 0 - CUDA_VISIBLE_DEVICES: [0]
[I 2023-11-30 03:20:07,933] Trial 114 finished with value: 0.16079767048358917 and parameters: {'gradient_clip_val': 0.7676492820002062, 'hidden_size': 126, 'dropout': 0.30914617720477305, 'hidden_continuous_size': 101, 'attention_head_size': 4, 'learning_rate': 0.019365372389928196}. Best is trial 43 with value: 0.08582047373056412.
LOCAL_RANK: 0 - CUDA_VISIBLE_DEVICES: [0]
[I 2023-11-30 03:20:22,388] Trial 115 finished with value: 0.1268557906150818 and parameters: {'gradient_clip_val': 0.6484967309074564, 'hidden_size': 94, 'dropout': 0.2864172208508857, 'hidden_continuous_size': 78, 'attention_head_size': 3, 'learning_rate': 0.015705616752291332}. Best is trial 43 with value: 0.08582047373056412.
LOCAL_RANK: 0 - CUDA_VISIBLE_DEVICES: [0]
[I 2023-11-30 03:20:36,800] Trial 116 finished with value: 0.1702410727739334 and parameters: {'gradient_clip_val': 0.5927299747571761, 'hidden_size': 73, 'dropout': 0.3406455393422172, 'hidden_continuous_size': 67, 'attention_head_size': 4, 'learning_rate': 0.02618668106149389}. Best is trial 43 with value: 0.08582047373056412.
LOCAL_RANK: 0 - CUDA_VISIBLE_DEVICES: [0]
[I 2023-11-30 03:20:51,461] Trial 117 finished with value: 0.18728554248809814 and parameters: {'gradient_clip_val': 0.8958121364197618, 'hidden_size': 102, 'dropout': 0.29729291269632, 'hidden_continuous_size': 85, 'attention_head_size': 4, 'learning_rate': 0.01832158987977447}. Best is trial 43 with value: 0.08582047373056412.
LOCAL_RANK: 0 - CUDA_VISIBLE_DEVICES: [0]
[I 2023-11-30 03:21:06,228] Trial 118 finished with value: 0.16901393234729767 and parameters: {'gradient_clip_val': 0.5171170533799462, 'hidden_size': 137, 'dropout': 0.33023746791109804, 'hidden_continuous_size': 53, 'attention_head_size': 3, 'learning_rate': 0.030636650871107562}. Best is trial 43 with value: 0.08582047373056412.
LOCAL_RANK: 0 - CUDA_VISIBLE_DEVICES: [0]
[I 2023-11-30 03:21:20,601] Trial 119 finished with value: 0.11645787954330444 and parameters: {'gradient_clip_val': 0.8341626468465907, 'hidden_size': 124, 'dropout': 0.26391219057591314, 'hidden_continuous_size': 56, 'attention_head_size': 3, 'learning_rate': 0.02137088888579044}. Best is trial 43 with value: 0.08582047373056412.
LOCAL_RANK: 0 - CUDA_VISIBLE_DEVICES: [0]
[I 2023-11-30 03:21:35,158] Trial 120 finished with value: 0.1440555304288864 and parameters: {'gradient_clip_val': 0.7543392530277637, 'hidden_size': 91, 'dropout': 0.27891741984854324, 'hidden_continuous_size': 72, 'attention_head_size': 4, 'learning_rate': 0.014259766471634206}. Best is trial 43 with value: 0.08582047373056412.
LOCAL_RANK: 0 - CUDA_VISIBLE_DEVICES: [0]
[I 2023-11-30 03:21:49,369] Trial 121 finished with value: 0.1996656209230423 and parameters: {'gradient_clip_val': 0.8103037315568377, 'hidden_size': 85, 'dropout': 0.3192848112986097, 'hidden_continuous_size': 64, 'attention_head_size': 3, 'learning_rate': 0.018603540762149377}. Best is trial 43 with value: 0.08582047373056412.
LOCAL_RANK: 0 - CUDA_VISIBLE_DEVICES: [0]
[I 2023-11-30 03:22:03,543] Trial 122 finished with value: 0.10401568561792374 and parameters: {'gradient_clip_val': 0.9970550103656078, 'hidden_size': 88, 'dropout': 0.3221984196042294, 'hidden_continuous_size': 70, 'attention_head_size': 1, 'learning_rate': 0.020252619938091156}. Best is trial 43 with value: 0.08582047373056412.
LOCAL_RANK: 0 - CUDA_VISIBLE_DEVICES: [0]
[I 2023-11-30 03:22:18,182] Trial 123 finished with value: 0.10855492204427719 and parameters: {'gradient_clip_val': 0.9647025962214837, 'hidden_size': 107, 'dropout': 0.31119593102233534, 'hidden_continuous_size': 76, 'attention_head_size': 1, 'learning_rate': 0.024045644743949872}. Best is trial 43 with value: 0.08582047373056412.
LOCAL_RANK: 0 - CUDA_VISIBLE_DEVICES: [0]
[I 2023-11-30 03:22:32,413] Trial 124 finished with value: 0.1682693362236023 and parameters: {'gradient_clip_val': 0.9647328889244376, 'hidden_size': 96, 'dropout': 0.3036654172804807, 'hidden_continuous_size': 75, 'attention_head_size': 1, 'learning_rate': 0.024043779367848916}. Best is trial 43 with value: 0.08582047373056412.
LOCAL_RANK: 0 - CUDA_VISIBLE_DEVICES: [0]
[I 2023-11-30 03:22:46,366] Trial 125 finished with value: 0.14783433079719543 and parameters: {'gradient_clip_val': 0.9240716135657114, 'hidden_size': 80, 'dropout': 0.3250384997820434, 'hidden_continuous_size': 71, 'attention_head_size': 1, 'learning_rate': 0.016483939608916785}. Best is trial 43 with value: 0.08582047373056412.
LOCAL_RANK: 0 - CUDA_VISIBLE_DEVICES: [0]
[I 2023-11-30 03:23:00,404] Trial 126 finished with value: 0.16042591631412506 and parameters: {'gradient_clip_val': 0.9899521990275014, 'hidden_size': 107, 'dropout': 0.27112588641484187, 'hidden_continuous_size': 61, 'attention_head_size': 1, 'learning_rate': 0.036034640896679765}. Best is trial 43 with value: 0.08582047373056412.
LOCAL_RANK: 0 - CUDA_VISIBLE_DEVICES: [0]
[I 2023-11-30 03:23:14,400] Trial 127 finished with value: 0.14865823090076447 and parameters: {'gradient_clip_val': 0.9241906312738993, 'hidden_size': 88, 'dropout': 0.33583899896181374, 'hidden_continuous_size': 69, 'attention_head_size': 1, 'learning_rate': 0.012066337931296727}. Best is trial 43 with value: 0.08582047373056412.
LOCAL_RANK: 0 - CUDA_VISIBLE_DEVICES: [0]
[I 2023-11-30 03:23:28,678] Trial 128 finished with value: 0.10408405214548111 and parameters: {'gradient_clip_val': 0.8921389945098149, 'hidden_size': 75, 'dropout': 0.2959759058972711, 'hidden_continuous_size': 66, 'attention_head_size': 1, 'learning_rate': 0.029124334161227346}. Best is trial 43 with value: 0.08582047373056412.
LOCAL_RANK: 0 - CUDA_VISIBLE_DEVICES: [0]
[I 2023-11-30 03:23:42,800] Trial 129 finished with value: 0.14221227169036865 and parameters: {'gradient_clip_val': 0.876418234234491, 'hidden_size': 76, 'dropout': 0.28706938315004726, 'hidden_continuous_size': 66, 'attention_head_size': 1, 'learning_rate': 0.026394700710223984}. Best is trial 43 with value: 0.08582047373056412.
LOCAL_RANK: 0 - CUDA_VISIBLE_DEVICES: [0]
[I 2023-11-30 03:23:56,751] Trial 130 finished with value: 0.15489569306373596 and parameters: {'gradient_clip_val': 0.8499310498112497, 'hidden_size': 65, 'dropout': 0.29603416862524917, 'hidden_continuous_size': 60, 'attention_head_size': 1, 'learning_rate': 0.032817680730060486}. Best is trial 43 with value: 0.08582047373056412.
LOCAL_RANK: 0 - CUDA_VISIBLE_DEVICES: [0]
[I 2023-11-30 03:24:10,784] Trial 131 finished with value: 0.1345067024230957 and parameters: {'gradient_clip_val': 0.9938974936460001, 'hidden_size': 71, 'dropout': 0.3059985835847989, 'hidden_continuous_size': 67, 'attention_head_size': 1, 'learning_rate': 0.029982845854642774}. Best is trial 43 with value: 0.08582047373056412.
LOCAL_RANK: 0 - CUDA_VISIBLE_DEVICES: [0]
[I 2023-11-30 03:24:24,999] Trial 132 finished with value: 0.1780177503824234 and parameters: {'gradient_clip_val': 0.8908042633031671, 'hidden_size': 84, 'dropout': 0.3153606829089927, 'hidden_continuous_size': 75, 'attention_head_size': 1, 'learning_rate': 0.023000067297962452}. Best is trial 43 with value: 0.08582047373056412.
LOCAL_RANK: 0 - CUDA_VISIBLE_DEVICES: [0]
[I 2023-11-30 03:24:39,286] Trial 133 finished with value: 0.107854463160038 and parameters: {'gradient_clip_val': 0.9290014786337922, 'hidden_size': 92, 'dropout': 0.30062200246816223, 'hidden_continuous_size': 71, 'attention_head_size': 1, 'learning_rate': 0.02773734421304974}. Best is trial 43 with value: 0.08582047373056412.
LOCAL_RANK: 0 - CUDA_VISIBLE_DEVICES: [0]
[I 2023-11-30 03:24:53,633] Trial 134 finished with value: 0.23557978868484497 and parameters: {'gradient_clip_val': 0.9368207138634276, 'hidden_size': 100, 'dropout': 0.3018310412985323, 'hidden_continuous_size': 83, 'attention_head_size': 1, 'learning_rate': 0.02896999257301866}. Best is trial 43 with value: 0.08582047373056412.
LOCAL_RANK: 0 - CUDA_VISIBLE_DEVICES: [0]
[I 2023-11-30 03:25:07,827] Trial 135 finished with value: 0.1604902297258377 and parameters: {'gradient_clip_val': 0.8003423581088144, 'hidden_size': 77, 'dropout': 0.29730434196373673, 'hidden_continuous_size': 71, 'attention_head_size': 1, 'learning_rate': 0.04019539893972576}. Best is trial 43 with value: 0.08582047373056412.
LOCAL_RANK: 0 - CUDA_VISIBLE_DEVICES: [0]
[I 2023-11-30 03:25:22,045] Trial 136 finished with value: 0.1320648193359375 and parameters: {'gradient_clip_val': 0.8561539426183363, 'hidden_size': 81, 'dropout': 0.28184520430202753, 'hidden_continuous_size': 74, 'attention_head_size': 1, 'learning_rate': 0.024915989715816465}. Best is trial 43 with value: 0.08582047373056412.
LOCAL_RANK: 0 - CUDA_VISIBLE_DEVICES: [0]
[I 2023-11-30 03:25:36,044] Trial 137 finished with value: 0.1278737485408783 and parameters: {'gradient_clip_val': 0.9111401439831532, 'hidden_size': 73, 'dropout': 0.3076954419231373, 'hidden_continuous_size': 64, 'attention_head_size': 1, 'learning_rate': 0.02682150634381979}. Best is trial 43 with value: 0.08582047373056412.
LOCAL_RANK: 0 - CUDA_VISIBLE_DEVICES: [0]
[I 2023-11-30 03:25:50,605] Trial 138 finished with value: 0.15321387350559235 and parameters: {'gradient_clip_val': 0.7771626437888146, 'hidden_size': 94, 'dropout': 0.2762051613514687, 'hidden_continuous_size': 78, 'attention_head_size': 1, 'learning_rate': 0.03294669598844732}. Best is trial 43 with value: 0.08582047373056412.
LOCAL_RANK: 0 - CUDA_VISIBLE_DEVICES: [0]
[I 2023-11-30 03:26:04,956] Trial 139 finished with value: 0.16186626255512238 and parameters: {'gradient_clip_val': 0.7267600827555433, 'hidden_size': 112, 'dropout': 0.29027376274192435, 'hidden_continuous_size': 87, 'attention_head_size': 1, 'learning_rate': 0.021783630001009545}. Best is trial 43 with value: 0.08582047373056412.
LOCAL_RANK: 0 - CUDA_VISIBLE_DEVICES: [0]
[I 2023-11-30 03:26:19,148] Trial 140 finished with value: 0.15769024193286896 and parameters: {'gradient_clip_val': 0.9460728821124084, 'hidden_size': 105, 'dropout': 0.2681407734231085, 'hidden_continuous_size': 58, 'attention_head_size': 1, 'learning_rate': 0.03677190262814301}. Best is trial 43 with value: 0.08582047373056412.
LOCAL_RANK: 0 - CUDA_VISIBLE_DEVICES: [0]
[I 2023-11-30 03:26:33,318] Trial 141 finished with value: 0.1884094923734665 and parameters: {'gradient_clip_val': 0.9714064609307553, 'hidden_size': 88, 'dropout': 0.32264369027825723, 'hidden_continuous_size': 69, 'attention_head_size': 1, 'learning_rate': 0.017779139311723775}. Best is trial 43 with value: 0.08582047373056412.
LOCAL_RANK: 0 - CUDA_VISIBLE_DEVICES: [0]
[I 2023-11-30 03:26:47,528] Trial 142 finished with value: 0.14237117767333984 and parameters: {'gradient_clip_val': 0.8814640617055306, 'hidden_size': 92, 'dropout': 0.3186340791226407, 'hidden_continuous_size': 81, 'attention_head_size': 1, 'learning_rate': 0.02005225706561359}. Best is trial 43 with value: 0.08582047373056412.
LOCAL_RANK: 0 - CUDA_VISIBLE_DEVICES: [0]
[I 2023-11-30 03:27:01,687] Trial 143 finished with value: 0.13774709403514862 and parameters: {'gradient_clip_val': 0.9959673368925616, 'hidden_size': 100, 'dropout': 0.31249375915840283, 'hidden_continuous_size': 62, 'attention_head_size': 1, 'learning_rate': 0.02403724887560051}. Best is trial 43 with value: 0.08582047373056412.
LOCAL_RANK: 0 - CUDA_VISIBLE_DEVICES: [0]
[I 2023-11-30 03:27:16,020] Trial 144 finished with value: 0.10803385823965073 and parameters: {'gradient_clip_val': 0.8204149111744813, 'hidden_size': 82, 'dropout': 0.3308834550043064, 'hidden_continuous_size': 72, 'attention_head_size': 3, 'learning_rate': 0.015252954861735953}. Best is trial 43 with value: 0.08582047373056412.
LOCAL_RANK: 0 - CUDA_VISIBLE_DEVICES: [0]
[I 2023-11-30 03:27:30,126] Trial 145 finished with value: 0.1334029883146286 and parameters: {'gradient_clip_val': 0.8221574322278435, 'hidden_size': 82, 'dropout': 0.3314685618301576, 'hidden_continuous_size': 73, 'attention_head_size': 1, 'learning_rate': 0.01487820842616154}. Best is trial 43 with value: 0.08582047373056412.
LOCAL_RANK: 0 - CUDA_VISIBLE_DEVICES: [0]
[I 2023-11-30 03:27:44,394] Trial 146 finished with value: 0.11497346311807632 and parameters: {'gradient_clip_val': 0.7012191798566217, 'hidden_size': 69, 'dropout': 0.3525958444914722, 'hidden_continuous_size': 65, 'attention_head_size': 3, 'learning_rate': 0.04313933064561803}. Best is trial 43 with value: 0.08582047373056412.
LOCAL_RANK: 0 - CUDA_VISIBLE_DEVICES: [0]
[I 2023-11-30 03:27:58,527] Trial 147 finished with value: 0.16558942198753357 and parameters: {'gradient_clip_val': 0.7623854818066413, 'hidden_size': 74, 'dropout': 0.34829731565245503, 'hidden_continuous_size': 68, 'attention_head_size': 1, 'learning_rate': 0.010747004841593652}. Best is trial 43 with value: 0.08582047373056412.
LOCAL_RANK: 0 - CUDA_VISIBLE_DEVICES: [0]
[I 2023-11-30 03:28:12,992] Trial 148 finished with value: 0.10167866945266724 and parameters: {'gradient_clip_val': 0.8427061265686476, 'hidden_size': 79, 'dropout': 0.34041159331245174, 'hidden_continuous_size': 71, 'attention_head_size': 3, 'learning_rate': 0.02851994537553635}. Best is trial 43 with value: 0.08582047373056412.
LOCAL_RANK: 0 - CUDA_VISIBLE_DEVICES: [0]
[I 2023-11-30 03:28:27,166] Trial 149 finished with value: 0.111855149269104 and parameters: {'gradient_clip_val': 0.8489649947588842, 'hidden_size': 79, 'dropout': 0.3400712489101697, 'hidden_continuous_size': 71, 'attention_head_size': 3, 'learning_rate': 0.02879778468873843}. Best is trial 43 with value: 0.08582047373056412.
[I 2023-11-30 03:28:27,278] A new study created in memory with name: no-name-2932b30f-ed04-47b9-a709-56f47245ef43
/home/le004/conda/anaconda3/envs/tsff_env/lib/python3.9/site-packages/lightning/fabric/plugins/environments/slurm.py:191: The `srun` command is available on your system but is not used. HINT: If your intention is to run Lightning on SLURM, prepend your python command with `srun` like so: srun python /home/le004/master_thesis/git/TSFusionForecast/code/ ...
LOCAL_RANK: 0 - CUDA_VISIBLE_DEVICES: [0]
[I 2023-11-30 03:28:39,812] Trial 0 finished with value: 0.3413870334625244 and parameters: {'gradient_clip_val': 0.1698523749878687, 'hidden_size': 18, 'dropout': 0.34919592544490485, 'hidden_continuous_size': 12, 'attention_head_size': 3, 'learning_rate': 0.04402561249295857}. Best is trial 0 with value: 0.3413870334625244.
LOCAL_RANK: 0 - CUDA_VISIBLE_DEVICES: [0]
[I 2023-11-30 03:28:53,447] Trial 1 finished with value: 0.5257642865180969 and parameters: {'gradient_clip_val': 0.1657924721104815, 'hidden_size': 47, 'dropout': 0.143296012069205, 'hidden_continuous_size': 43, 'attention_head_size': 3, 'learning_rate': 0.0030266044206476704}. Best is trial 0 with value: 0.3413870334625244.
LOCAL_RANK: 0 - CUDA_VISIBLE_DEVICES: [0]
[I 2023-11-30 03:29:05,633] Trial 2 finished with value: 0.5144383311271667 and parameters: {'gradient_clip_val': 0.336865121258845, 'hidden_size': 20, 'dropout': 0.3130863699212673, 'hidden_continuous_size': 10, 'attention_head_size': 3, 'learning_rate': 0.02216328312643092}. Best is trial 0 with value: 0.3413870334625244.
LOCAL_RANK: 0 - CUDA_VISIBLE_DEVICES: [0]
[I 2023-11-30 03:29:19,605] Trial 3 finished with value: 0.4093515872955322 and parameters: {'gradient_clip_val': 0.26950666775563215, 'hidden_size': 85, 'dropout': 0.3750490888096033, 'hidden_continuous_size': 15, 'attention_head_size': 4, 'learning_rate': 0.0038659668308641186}. Best is trial 0 with value: 0.3413870334625244.
LOCAL_RANK: 0 - CUDA_VISIBLE_DEVICES: [0]
[I 2023-11-30 03:29:33,406] Trial 4 finished with value: 0.08365339040756226 and parameters: {'gradient_clip_val': 0.1883329416750782, 'hidden_size': 75, 'dropout': 0.23886514975253986, 'hidden_continuous_size': 19, 'attention_head_size': 4, 'learning_rate': 0.05143536573921443}. Best is trial 4 with value: 0.08365339040756226.
LOCAL_RANK: 0 - CUDA_VISIBLE_DEVICES: [0]
[I 2023-11-30 03:29:47,103] Trial 5 finished with value: 0.21869951486587524 and parameters: {'gradient_clip_val': 0.6968029624025971, 'hidden_size': 84, 'dropout': 0.27702697008956095, 'hidden_continuous_size': 37, 'attention_head_size': 1, 'learning_rate': 0.017536786970019872}. Best is trial 4 with value: 0.08365339040756226.
LOCAL_RANK: 0 - CUDA_VISIBLE_DEVICES: [0]
[I 2023-11-30 03:29:59,205] Trial 6 finished with value: 1.2597540616989136 and parameters: {'gradient_clip_val': 0.13578564871600513, 'hidden_size': 16, 'dropout': 0.29842368913335415, 'hidden_continuous_size': 11, 'attention_head_size': 1, 'learning_rate': 0.008087411152028596}. Best is trial 4 with value: 0.08365339040756226.
LOCAL_RANK: 0 - CUDA_VISIBLE_DEVICES: [0]
[I 2023-11-30 03:30:11,695] Trial 7 finished with value: 2.010868549346924 and parameters: {'gradient_clip_val': 0.6821878362142533, 'hidden_size': 17, 'dropout': 0.25205139606064253, 'hidden_continuous_size': 13, 'attention_head_size': 4, 'learning_rate': 0.0025952312232107185}. Best is trial 4 with value: 0.08365339040756226.
LOCAL_RANK: 0 - CUDA_VISIBLE_DEVICES: [0]
[I 2023-11-30 03:30:24,253] Trial 8 finished with value: 1.385400414466858 and parameters: {'gradient_clip_val': 0.32900194079317013, 'hidden_size': 13, 'dropout': 0.24687231818276653, 'hidden_continuous_size': 12, 'attention_head_size': 3, 'learning_rate': 0.00602080114405529}. Best is trial 4 with value: 0.08365339040756226.
LOCAL_RANK: 0 - CUDA_VISIBLE_DEVICES: [0]
