[I 2023-11-30 07:06:52,444] Trial 92 finished with value: 0.13052453100681305 and parameters: {'gradient_clip_val': 0.25809183901720795, 'hidden_size': 28, 'dropout': 0.19137501998077264, 'hidden_continuous_size': 21, 'attention_head_size': 1, 'learning_rate': 0.09228142374}. Best is trial 91 with value: 0.08869240432977676.
LOCAL_RANK: 0 - CUDA_VISIBLE_DEVICES: [0]
[I 2023-11-30 07:07:05,238] Trial 93 finished with value: 0.1831984519958496 and parameters: {'gradient_clip_val': 0.21850656664372428, 'hidden_size': 30, 'dropout': 0.17050681770340004, 'hidden_continuous_size': 22, 'attention_head_size': 1, 'learning_rate': 0.0688014257956155}. Best is trial 91 with value: 0.08869240432977676.
LOCAL_RANK: 0 - CUDA_VISIBLE_DEVICES: [0]
[I 2023-11-30 07:07:17,756] Trial 94 finished with value: 0.12252012640237808 and parameters: {'gradient_clip_val': 0.18192358035090234, 'hidden_size': 26, 'dropout': 0.141828368102771, 'hidden_continuous_size': 17, 'attention_head_size': 1, 'learning_rate': 0.05784373566778506}. Best is trial 91 with value: 0.08869240432977676.
LOCAL_RANK: 0 - CUDA_VISIBLE_DEVICES: [0]
[I 2023-11-30 07:07:30,337] Trial 95 finished with value: 0.13725079596042633 and parameters: {'gradient_clip_val': 0.16737545025676745, 'hidden_size': 32, 'dropout': 0.1333620866713287, 'hidden_continuous_size': 19, 'attention_head_size': 1, 'learning_rate': 0.0514774149389243}. Best is trial 91 with value: 0.08869240432977676.
LOCAL_RANK: 0 - CUDA_VISIBLE_DEVICES: [0]
[I 2023-11-30 07:07:44,867] Trial 96 finished with value: 0.12063898891210556 and parameters: {'gradient_clip_val': 0.2310188371035987, 'hidden_size': 142, 'dropout': 0.17606962475464072, 'hidden_continuous_size': 31, 'attention_head_size': 3, 'learning_rate': 0.02705048457843534}. Best is trial 91 with value: 0.08869240432977676.
LOCAL_RANK: 0 - CUDA_VISIBLE_DEVICES: [0]
[I 2023-11-30 07:07:57,751] Trial 97 finished with value: 0.0790213942527771 and parameters: {'gradient_clip_val': 0.24702498312441115, 'hidden_size': 35, 'dropout': 0.16443392073301086, 'hidden_continuous_size': 21, 'attention_head_size': 1, 'learning_rate': 0.0800133520021203}. Best is trial 97 with value: 0.0790213942527771.
LOCAL_RANK: 0 - CUDA_VISIBLE_DEVICES: [0]
[I 2023-11-30 07:08:10,654] Trial 98 finished with value: 0.13211797177791595 and parameters: {'gradient_clip_val': 0.24856043304910683, 'hidden_size': 35, 'dropout': 0.18275732768083866, 'hidden_continuous_size': 20, 'attention_head_size': 1, 'learning_rate': 0.07945385645939448}. Best is trial 97 with value: 0.0790213942527771.
LOCAL_RANK: 0 - CUDA_VISIBLE_DEVICES: [0]
[I 2023-11-30 07:08:23,648] Trial 99 finished with value: 0.11670000106096268 and parameters: {'gradient_clip_val': 0.2701153456484308, 'hidden_size': 38, 'dropout': 0.12484571350846503, 'hidden_continuous_size': 29, 'attention_head_size': 1, 'learning_rate': 0.06450856929715611}. Best is trial 97 with value: 0.0790213942527771.
LOCAL_RANK: 0 - CUDA_VISIBLE_DEVICES: [0]
[I 2023-11-30 07:08:36,775] Trial 100 finished with value: 0.13130758702754974 and parameters: {'gradient_clip_val': 0.20440109191009245, 'hidden_size': 46, 'dropout': 0.1556903513552243, 'hidden_continuous_size': 22, 'attention_head_size': 1, 'learning_rate': 0.022015698375420303}. Best is trial 97 with value: 0.0790213942527771.
LOCAL_RANK: 0 - CUDA_VISIBLE_DEVICES: [0]
[I 2023-11-30 07:08:49,838] Trial 101 finished with value: 0.17363661527633667 and parameters: {'gradient_clip_val': 0.19287855444513108, 'hidden_size': 56, 'dropout': 0.1648298037649973, 'hidden_continuous_size': 18, 'attention_head_size': 1, 'learning_rate': 0.07397703156373488}. Best is trial 97 with value: 0.0790213942527771.
LOCAL_RANK: 0 - CUDA_VISIBLE_DEVICES: [0]
[I 2023-11-30 07:09:03,366] Trial 102 finished with value: 0.10233989357948303 and parameters: {'gradient_clip_val': 0.21833856894398557, 'hidden_size': 72, 'dropout': 0.17038270238213463, 'hidden_continuous_size': 27, 'attention_head_size': 1, 'learning_rate': 0.08711972758006568}. Best is trial 97 with value: 0.0790213942527771.
LOCAL_RANK: 0 - CUDA_VISIBLE_DEVICES: [0]
[I 2023-11-30 07:09:17,624] Trial 103 finished with value: 0.14383114874362946 and parameters: {'gradient_clip_val': 0.21330244454405012, 'hidden_size': 115, 'dropout': 0.17536465670605525, 'hidden_continuous_size': 30, 'attention_head_size': 1, 'learning_rate': 0.08766552966390077}. Best is trial 97 with value: 0.0790213942527771.
LOCAL_RANK: 0 - CUDA_VISIBLE_DEVICES: [0]
[I 2023-11-30 07:09:31,469] Trial 104 finished with value: 0.17327755689620972 and parameters: {'gradient_clip_val': 0.22772806483591224, 'hidden_size': 94, 'dropout': 0.16938170739199712, 'hidden_continuous_size': 29, 'attention_head_size': 1, 'learning_rate': 0.09157267911658391}. Best is trial 97 with value: 0.0790213942527771.
LOCAL_RANK: 0 - CUDA_VISIBLE_DEVICES: [0]
[I 2023-11-30 07:09:45,092] Trial 105 finished with value: 0.14689429104328156 and parameters: {'gradient_clip_val': 0.2458201014228849, 'hidden_size': 70, 'dropout': 0.18512514504880892, 'hidden_continuous_size': 27, 'attention_head_size': 1, 'learning_rate': 0.08148366073311443}. Best is trial 97 with value: 0.0790213942527771.
LOCAL_RANK: 0 - CUDA_VISIBLE_DEVICES: [0]
[I 2023-11-30 07:09:58,575] Trial 106 finished with value: 0.16467279195785522 and parameters: {'gradient_clip_val': 0.2153773075366057, 'hidden_size': 61, 'dropout': 0.19392742034757315, 'hidden_continuous_size': 26, 'attention_head_size': 1, 'learning_rate': 0.098834207132574}. Best is trial 97 with value: 0.0790213942527771.
LOCAL_RANK: 0 - CUDA_VISIBLE_DEVICES: [0]
[I 2023-11-30 07:10:12,657] Trial 107 finished with value: 0.16599300503730774 and parameters: {'gradient_clip_val': 0.2008360580443831, 'hidden_size': 119, 'dropout': 0.1357580901665077, 'hidden_continuous_size': 33, 'attention_head_size': 1, 'learning_rate': 0.05397344381985364}. Best is trial 97 with value: 0.0790213942527771.
LOCAL_RANK: 0 - CUDA_VISIBLE_DEVICES: [0]
[I 2023-11-30 07:10:26,213] Trial 108 finished with value: 0.1522025763988495 and parameters: {'gradient_clip_val': 0.1786881758497728, 'hidden_size': 72, 'dropout': 0.15783752427690034, 'hidden_continuous_size': 28, 'attention_head_size': 1, 'learning_rate': 0.07079117771636967}. Best is trial 97 with value: 0.0790213942527771.
LOCAL_RANK: 0 - CUDA_VISIBLE_DEVICES: [0]
[I 2023-11-30 07:10:40,541] Trial 109 finished with value: 0.14021427929401398 and parameters: {'gradient_clip_val': 0.2375372670479858, 'hidden_size': 134, 'dropout': 0.14608609273088893, 'hidden_continuous_size': 16, 'attention_head_size': 3, 'learning_rate': 0.0612271556163862}. Best is trial 97 with value: 0.0790213942527771.
LOCAL_RANK: 0 - CUDA_VISIBLE_DEVICES: [0]
[I 2023-11-30 07:10:54,178] Trial 110 finished with value: 0.1509675234556198 and parameters: {'gradient_clip_val': 0.20896686682450188, 'hidden_size': 78, 'dropout': 0.15093369736627524, 'hidden_continuous_size': 25, 'attention_head_size': 1, 'learning_rate': 0.04888945567306943}. Best is trial 97 with value: 0.0790213942527771.
LOCAL_RANK: 0 - CUDA_VISIBLE_DEVICES: [0]
[I 2023-11-30 07:11:06,756] Trial 111 finished with value: 0.15261584520339966 and parameters: {'gradient_clip_val': 0.19005646182135535, 'hidden_size': 32, 'dropout': 0.16255967143303002, 'hidden_continuous_size': 21, 'attention_head_size': 1, 'learning_rate': 0.06041639082124413}. Best is trial 97 with value: 0.0790213942527771.
LOCAL_RANK: 0 - CUDA_VISIBLE_DEVICES: [0]
[I 2023-11-30 07:11:19,588] Trial 112 finished with value: 0.1947908252477646 and parameters: {'gradient_clip_val': 0.17818312182327398, 'hidden_size': 30, 'dropout': 0.17956341399812725, 'hidden_continuous_size': 22, 'attention_head_size': 1, 'learning_rate': 0.07769426576492419}. Best is trial 97 with value: 0.0790213942527771.
LOCAL_RANK: 0 - CUDA_VISIBLE_DEVICES: [0]
[I 2023-11-30 07:11:32,624] Trial 113 finished with value: 0.11402428150177002 and parameters: {'gradient_clip_val': 0.16314666920098855, 'hidden_size': 39, 'dropout': 0.16811741996261348, 'hidden_continuous_size': 21, 'attention_head_size': 1, 'learning_rate': 0.05624765722037764}. Best is trial 97 with value: 0.0790213942527771.
LOCAL_RANK: 0 - CUDA_VISIBLE_DEVICES: [0]
[I 2023-11-30 07:11:46,527] Trial 114 finished with value: 0.14375810325145721 and parameters: {'gradient_clip_val': 0.1986359578645854, 'hidden_size': 103, 'dropout': 0.17281632935905938, 'hidden_continuous_size': 32, 'attention_head_size': 1, 'learning_rate': 0.03765843599583162}. Best is trial 97 with value: 0.0790213942527771.
LOCAL_RANK: 0 - CUDA_VISIBLE_DEVICES: [0]
[I 2023-11-30 07:11:59,039] Trial 115 finished with value: 0.1231551542878151 and parameters: {'gradient_clip_val': 0.22713176430027715, 'hidden_size': 28, 'dropout': 0.11078319298812642, 'hidden_continuous_size': 24, 'attention_head_size': 1, 'learning_rate': 0.06518385111637756}. Best is trial 97 with value: 0.0790213942527771.
LOCAL_RANK: 0 - CUDA_VISIBLE_DEVICES: [0]
[I 2023-11-30 07:12:11,909] Trial 116 finished with value: 0.12707604467868805 and parameters: {'gradient_clip_val': 0.2658105502098312, 'hidden_size': 34, 'dropout': 0.18688810098862074, 'hidden_continuous_size': 23, 'attention_head_size': 1, 'learning_rate': 0.042573156981080156}. Best is trial 97 with value: 0.0790213942527771.
LOCAL_RANK: 0 - CUDA_VISIBLE_DEVICES: [0]
[I 2023-11-30 07:12:24,729] Trial 117 finished with value: 0.1171148419380188 and parameters: {'gradient_clip_val': 0.19096223343997093, 'hidden_size': 26, 'dropout': 0.2035845949111525, 'hidden_continuous_size': 25, 'attention_head_size': 1, 'learning_rate': 0.08724675101887187}. Best is trial 97 with value: 0.0790213942527771.
LOCAL_RANK: 0 - CUDA_VISIBLE_DEVICES: [0]
[I 2023-11-30 07:12:38,063] Trial 118 finished with value: 0.13632358610630035 and parameters: {'gradient_clip_val': 0.1709592143291698, 'hidden_size': 50, 'dropout': 0.19740020437897798, 'hidden_continuous_size': 24, 'attention_head_size': 1, 'learning_rate': 0.04792834891674604}. Best is trial 97 with value: 0.0790213942527771.
LOCAL_RANK: 0 - CUDA_VISIBLE_DEVICES: [0]
[I 2023-11-30 07:12:51,719] Trial 119 finished with value: 0.11484351009130478 and parameters: {'gradient_clip_val': 0.304273893549084, 'hidden_size': 79, 'dropout': 0.11766371201139109, 'hidden_continuous_size': 28, 'attention_head_size': 1, 'learning_rate': 0.07093152816560684}. Best is trial 97 with value: 0.0790213942527771.
LOCAL_RANK: 0 - CUDA_VISIBLE_DEVICES: [0]
[I 2023-11-30 07:13:05,360] Trial 120 finished with value: 0.14789514243602753 and parameters: {'gradient_clip_val': 0.25107314783062357, 'hidden_size': 66, 'dropout': 0.14170995352219873, 'hidden_continuous_size': 31, 'attention_head_size': 1, 'learning_rate': 0.053947237075063076}. Best is trial 97 with value: 0.0790213942527771.
LOCAL_RANK: 0 - CUDA_VISIBLE_DEVICES: [0]
[I 2023-11-30 07:13:17,812] Trial 121 finished with value: 0.14541175961494446 and parameters: {'gradient_clip_val': 0.22052694764878591, 'hidden_size': 22, 'dropout': 0.20179235701681714, 'hidden_continuous_size': 21, 'attention_head_size': 1, 'learning_rate': 0.07557229781410046}. Best is trial 97 with value: 0.0790213942527771.
LOCAL_RANK: 0 - CUDA_VISIBLE_DEVICES: [0]
[I 2023-11-30 07:13:30,130] Trial 122 finished with value: 0.1481899917125702 and parameters: {'gradient_clip_val': 0.23798829119200132, 'hidden_size': 24, 'dropout': 0.16243154316315261, 'hidden_continuous_size': 22, 'attention_head_size': 1, 'learning_rate': 0.06730623454872556}. Best is trial 97 with value: 0.0790213942527771.
LOCAL_RANK: 0 - CUDA_VISIBLE_DEVICES: [0]
[I 2023-11-30 07:13:44,111] Trial 123 finished with value: 0.247567281126976 and parameters: {'gradient_clip_val': 0.21165751979165393, 'hidden_size': 112, 'dropout': 0.2100952069758674, 'hidden_continuous_size': 19, 'attention_head_size': 1, 'learning_rate': 0.08313560902061176}. Best is trial 97 with value: 0.0790213942527771.
LOCAL_RANK: 0 - CUDA_VISIBLE_DEVICES: [0]
[I 2023-11-30 07:13:56,812] Trial 124 finished with value: 0.1502622365951538 and parameters: {'gradient_clip_val': 0.18479905242030106, 'hidden_size': 29, 'dropout': 0.18106958769079887, 'hidden_continuous_size': 20, 'attention_head_size': 1, 'learning_rate': 0.09987695612737321}. Best is trial 97 with value: 0.0790213942527771.
LOCAL_RANK: 0 - CUDA_VISIBLE_DEVICES: [0]
[I 2023-11-30 07:14:10,341] Trial 125 finished with value: 0.1736118197441101 and parameters: {'gradient_clip_val': 0.2051930429845402, 'hidden_size': 96, 'dropout': 0.19244782032029417, 'hidden_continuous_size': 19, 'attention_head_size': 1, 'learning_rate': 0.025730446744493474}. Best is trial 97 with value: 0.0790213942527771.
LOCAL_RANK: 0 - CUDA_VISIBLE_DEVICES: [0]
[I 2023-11-30 07:14:23,107] Trial 126 finished with value: 0.140180766582489 and parameters: {'gradient_clip_val': 0.1572887685147759, 'hidden_size': 31, 'dropout': 0.15728388116756445, 'hidden_continuous_size': 21, 'attention_head_size': 1, 'learning_rate': 0.059539771521556775}. Best is trial 97 with value: 0.0790213942527771.
LOCAL_RANK: 0 - CUDA_VISIBLE_DEVICES: [0]
[I 2023-11-30 07:14:35,564] Trial 127 finished with value: 0.11170011013746262 and parameters: {'gradient_clip_val': 0.21774552342787498, 'hidden_size': 23, 'dropout': 0.17515212767105834, 'hidden_continuous_size': 22, 'attention_head_size': 1, 'learning_rate': 0.07298513291910542}. Best is trial 97 with value: 0.0790213942527771.
LOCAL_RANK: 0 - CUDA_VISIBLE_DEVICES: [0]
[I 2023-11-30 07:14:48,399] Trial 128 finished with value: 0.14613784849643707 and parameters: {'gradient_clip_val': 0.1952120034616458, 'hidden_size': 27, 'dropout': 0.18919144034722624, 'hidden_continuous_size': 23, 'attention_head_size': 1, 'learning_rate': 0.03177694847028537}. Best is trial 97 with value: 0.0790213942527771.
LOCAL_RANK: 0 - CUDA_VISIBLE_DEVICES: [0]
[I 2023-11-30 07:15:02,501] Trial 129 finished with value: 0.13537979125976562 and parameters: {'gradient_clip_val': 0.27652072276528294, 'hidden_size': 125, 'dropout': 0.10545216065206225, 'hidden_continuous_size': 18, 'attention_head_size': 2, 'learning_rate': 0.04301455762177045}. Best is trial 97 with value: 0.0790213942527771.
LOCAL_RANK: 0 - CUDA_VISIBLE_DEVICES: [0]
[I 2023-11-30 07:15:15,498] Trial 130 finished with value: 0.18432705104351044 and parameters: {'gradient_clip_val': 0.18125701897321966, 'hidden_size': 36, 'dropout': 0.16770266451796087, 'hidden_continuous_size': 20, 'attention_head_size': 3, 'learning_rate': 0.01963711500450932}. Best is trial 97 with value: 0.0790213942527771.
LOCAL_RANK: 0 - CUDA_VISIBLE_DEVICES: [0]
[I 2023-11-30 07:15:28,559] Trial 131 finished with value: 0.1310683786869049 and parameters: {'gradient_clip_val': 0.16343077554438804, 'hidden_size': 45, 'dropout': 0.15043594450692202, 'hidden_continuous_size': 26, 'attention_head_size': 1, 'learning_rate': 0.04841631063070324}. Best is trial 97 with value: 0.0790213942527771.
LOCAL_RANK: 0 - CUDA_VISIBLE_DEVICES: [0]
[I 2023-11-30 07:15:41,500] Trial 132 finished with value: 0.16439937055110931 and parameters: {'gradient_clip_val': 0.17318441870177254, 'hidden_size': 38, 'dropout': 0.15573010730903772, 'hidden_continuous_size': 27, 'attention_head_size': 1, 'learning_rate': 0.03742415615185253}. Best is trial 97 with value: 0.0790213942527771.
LOCAL_RANK: 0 - CUDA_VISIBLE_DEVICES: [0]
[I 2023-11-30 07:15:54,686] Trial 133 finished with value: 0.10211837291717529 and parameters: {'gradient_clip_val': 0.15065608533761987, 'hidden_size': 43, 'dropout': 0.12785256201951584, 'hidden_continuous_size': 25, 'attention_head_size': 1, 'learning_rate': 0.045107591453286314}. Best is trial 97 with value: 0.0790213942527771.
LOCAL_RANK: 0 - CUDA_VISIBLE_DEVICES: [0]
[I 2023-11-30 07:16:07,900] Trial 134 finished with value: 0.12611912190914154 and parameters: {'gradient_clip_val': 0.14067849148540784, 'hidden_size': 53, 'dropout': 0.12618079014451627, 'hidden_continuous_size': 24, 'attention_head_size': 1, 'learning_rate': 0.06197459542560937}. Best is trial 97 with value: 0.0790213942527771.
LOCAL_RANK: 0 - CUDA_VISIBLE_DEVICES: [0]
[I 2023-11-30 07:16:20,934] Trial 135 finished with value: 0.16390305757522583 and parameters: {'gradient_clip_val': 0.15054936914072817, 'hidden_size': 41, 'dropout': 0.11232763666889839, 'hidden_continuous_size': 26, 'attention_head_size': 1, 'learning_rate': 0.05611434826684429}. Best is trial 97 with value: 0.0790213942527771.
LOCAL_RANK: 0 - CUDA_VISIBLE_DEVICES: [0]
[I 2023-11-30 07:16:33,913] Trial 136 finished with value: 0.16272461414337158 and parameters: {'gradient_clip_val': 0.2349385149992623, 'hidden_size': 48, 'dropout': 0.11914044402750171, 'hidden_continuous_size': 23, 'attention_head_size': 1, 'learning_rate': 0.03447442856882952}. Best is trial 97 with value: 0.0790213942527771.
LOCAL_RANK: 0 - CUDA_VISIBLE_DEVICES: [0]
[I 2023-11-30 07:16:46,764] Trial 137 finished with value: 0.15564195811748505 and parameters: {'gradient_clip_val': 0.20927639470509, 'hidden_size': 33, 'dropout': 0.13335551423455197, 'hidden_continuous_size': 21, 'attention_head_size': 1, 'learning_rate': 0.028760361009961582}. Best is trial 97 with value: 0.0790213942527771.
LOCAL_RANK: 0 - CUDA_VISIBLE_DEVICES: [0]
[I 2023-11-30 07:16:59,510] Trial 138 finished with value: 0.17410027980804443 and parameters: {'gradient_clip_val': 0.22355418929427298, 'hidden_size': 25, 'dropout': 0.18123519647735678, 'hidden_continuous_size': 24, 'attention_head_size': 1, 'learning_rate': 0.040625403968626225}. Best is trial 97 with value: 0.0790213942527771.
LOCAL_RANK: 0 - CUDA_VISIBLE_DEVICES: [0]
[I 2023-11-30 07:17:12,897] Trial 139 finished with value: 0.16295140981674194 and parameters: {'gradient_clip_val': 0.24764485739118172, 'hidden_size': 58, 'dropout': 0.17003406427508524, 'hidden_continuous_size': 25, 'attention_head_size': 1, 'learning_rate': 0.07928769169186323}. Best is trial 97 with value: 0.0790213942527771.
LOCAL_RANK: 0 - CUDA_VISIBLE_DEVICES: [0]
[I 2023-11-30 07:17:25,979] Trial 140 finished with value: 0.165633425116539 and parameters: {'gradient_clip_val': 0.1448052573054099, 'hidden_size': 52, 'dropout': 0.13942277197547734, 'hidden_continuous_size': 29, 'attention_head_size': 1, 'learning_rate': 0.06731081689828951}. Best is trial 97 with value: 0.0790213942527771.
LOCAL_RANK: 0 - CUDA_VISIBLE_DEVICES: [0]
[I 2023-11-30 07:17:38,988] Trial 141 finished with value: 0.13107134401798248 and parameters: {'gradient_clip_val': 0.15503457116494226, 'hidden_size': 42, 'dropout': 0.14939587093359338, 'hidden_continuous_size': 25, 'attention_head_size': 1, 'learning_rate': 0.045503675999634285}. Best is trial 97 with value: 0.0790213942527771.
LOCAL_RANK: 0 - CUDA_VISIBLE_DEVICES: [0]
[I 2023-11-30 07:17:51,881] Trial 142 finished with value: 0.12477553635835648 and parameters: {'gradient_clip_val': 0.16349166993305114, 'hidden_size': 44, 'dropout': 0.16125306735779013, 'hidden_continuous_size': 27, 'attention_head_size': 1, 'learning_rate': 0.053987880054800194}. Best is trial 97 with value: 0.0790213942527771.
LOCAL_RANK: 0 - CUDA_VISIBLE_DEVICES: [0]
[I 2023-11-30 07:18:05,122] Trial 143 finished with value: 0.130419060587883 and parameters: {'gradient_clip_val': 0.17210030043093555, 'hidden_size': 39, 'dropout': 0.17890410016465677, 'hidden_continuous_size': 26, 'attention_head_size': 1, 'learning_rate': 0.04904784757464083}. Best is trial 97 with value: 0.0790213942527771.
LOCAL_RANK: 0 - CUDA_VISIBLE_DEVICES: [0]
[I 2023-11-30 07:18:17,988] Trial 144 finished with value: 0.12341701239347458 and parameters: {'gradient_clip_val': 0.18926104880177447, 'hidden_size': 41, 'dropout': 0.12998513585778362, 'hidden_continuous_size': 25, 'attention_head_size': 1, 'learning_rate': 0.02412548277825026}. Best is trial 97 with value: 0.0790213942527771.
LOCAL_RANK: 0 - CUDA_VISIBLE_DEVICES: [0]
[I 2023-11-30 07:18:32,368] Trial 145 finished with value: 0.20106668770313263 and parameters: {'gradient_clip_val': 0.1406270550619304, 'hidden_size': 141, 'dropout': 0.14470164576842692, 'hidden_continuous_size': 36, 'attention_head_size': 1, 'learning_rate': 0.04451024254977395}. Best is trial 97 with value: 0.0790213942527771.
LOCAL_RANK: 0 - CUDA_VISIBLE_DEVICES: [0]
[I 2023-11-30 07:18:46,758] Trial 146 finished with value: 0.2236490100622177 and parameters: {'gradient_clip_val': 0.15144286904241913, 'hidden_size': 149, 'dropout': 0.1227519334730724, 'hidden_continuous_size': 34, 'attention_head_size': 1, 'learning_rate': 0.08899274824858525}. Best is trial 97 with value: 0.0790213942527771.
LOCAL_RANK: 0 - CUDA_VISIBLE_DEVICES: [0]
[I 2023-11-30 07:18:59,845] Trial 147 finished with value: 0.09150522947311401 and parameters: {'gradient_clip_val': 0.13566036103097678, 'hidden_size': 47, 'dropout': 0.16408370893628715, 'hidden_continuous_size': 22, 'attention_head_size': 1, 'learning_rate': 0.07243848141333384}. Best is trial 97 with value: 0.0790213942527771.
LOCAL_RANK: 0 - CUDA_VISIBLE_DEVICES: [0]
[I 2023-11-30 07:19:13,058] Trial 148 finished with value: 0.18141698837280273 and parameters: {'gradient_clip_val': 0.1333990803821827, 'hidden_size': 46, 'dropout': 0.17526352588501315, 'hidden_continuous_size': 22, 'attention_head_size': 1, 'learning_rate': 0.07072152394871191}. Best is trial 97 with value: 0.0790213942527771.
LOCAL_RANK: 0 - CUDA_VISIBLE_DEVICES: [0]
