[I 2023-11-30 08:23:32,309] Trial 137 finished with value: 0.1541898399591446 and parameters: {'gradient_clip_val': 0.30229497672198297, 'hidden_size': 21, 'dropout': 0.3002537551986482, 'hidden_continuous_size': 21, 'attention_head_size': 3, 'learning_rate': 0.058562449911681094}. Best is trial 102 with value: 0.07032755762338638.
LOCAL_RANK: 0 - CUDA_VISIBLE_DEVICES: [0]
[I 2023-11-30 08:23:45,120] Trial 138 finished with value: 0.2456226795911789 and parameters: {'gradient_clip_val': 0.34472291751825307, 'hidden_size': 19, 'dropout': 0.2583354925120516, 'hidden_continuous_size': 18, 'attention_head_size': 3, 'learning_rate': 0.06408547856454255}. Best is trial 102 with value: 0.07032755762338638.
LOCAL_RANK: 0 - CUDA_VISIBLE_DEVICES: [0]
[I 2023-11-30 08:23:58,236] Trial 139 finished with value: 0.15988226234912872 and parameters: {'gradient_clip_val': 0.36944559526510573, 'hidden_size': 37, 'dropout': 0.265836805616451, 'hidden_continuous_size': 28, 'attention_head_size': 2, 'learning_rate': 0.01916936181081678}. Best is trial 102 with value: 0.07032755762338638.
LOCAL_RANK: 0 - CUDA_VISIBLE_DEVICES: [0]
[I 2023-11-30 08:24:10,937] Trial 140 finished with value: 0.14129433035850525 and parameters: {'gradient_clip_val': 0.3905457818524588, 'hidden_size': 25, 'dropout': 0.24398569827626726, 'hidden_continuous_size': 24, 'attention_head_size': 2, 'learning_rate': 0.08358733814574679}. Best is trial 102 with value: 0.07032755762338638.
LOCAL_RANK: 0 - CUDA_VISIBLE_DEVICES: [0]
[I 2023-11-30 08:24:23,638] Trial 141 finished with value: 0.12357457727193832 and parameters: {'gradient_clip_val': 0.3169522674782112, 'hidden_size': 27, 'dropout': 0.2810480185899977, 'hidden_continuous_size': 25, 'attention_head_size': 2, 'learning_rate': 0.09976821935153894}. Best is trial 102 with value: 0.07032755762338638.
LOCAL_RANK: 0 - CUDA_VISIBLE_DEVICES: [0]
[I 2023-11-30 08:24:36,339] Trial 142 finished with value: 0.14471787214279175 and parameters: {'gradient_clip_val': 0.4005077384627663, 'hidden_size': 29, 'dropout': 0.2721835979129926, 'hidden_continuous_size': 26, 'attention_head_size': 2, 'learning_rate': 0.09100832159098979}. Best is trial 102 with value: 0.07032755762338638.
LOCAL_RANK: 0 - CUDA_VISIBLE_DEVICES: [0]
[I 2023-11-30 08:24:49,532] Trial 143 finished with value: 0.1684717983007431 and parameters: {'gradient_clip_val': 0.3582750167706706, 'hidden_size': 34, 'dropout': 0.30348848582962473, 'hidden_continuous_size': 23, 'attention_head_size': 3, 'learning_rate': 0.07286365578794353}. Best is trial 102 with value: 0.07032755762338638.
LOCAL_RANK: 0 - CUDA_VISIBLE_DEVICES: [0]
[I 2023-11-30 08:25:00,037] Trial 144 finished with value: 0.12711690366268158 and parameters: {'gradient_clip_val': 0.3346501751817375, 'hidden_size': 22, 'dropout': 0.25380809153522355, 'hidden_continuous_size': 22, 'attention_head_size': 2, 'learning_rate': 0.08426262989051783}. Best is trial 102 with value: 0.07032755762338638.
LOCAL_RANK: 0 - CUDA_VISIBLE_DEVICES: [0]
[I 2023-11-30 08:25:12,602] Trial 145 finished with value: 0.29248860478401184 and parameters: {'gradient_clip_val': 0.4678733124236415, 'hidden_size': 23, 'dropout': 0.2852774690009092, 'hidden_continuous_size': 22, 'attention_head_size': 2, 'learning_rate': 0.013835818401435544}. Best is trial 102 with value: 0.07032755762338638.
LOCAL_RANK: 0 - CUDA_VISIBLE_DEVICES: [0]
[I 2023-11-30 08:25:25,435] Trial 146 finished with value: 0.1438259333372116 and parameters: {'gradient_clip_val': 0.38473665329902046, 'hidden_size': 32, 'dropout': 0.261018840621962, 'hidden_continuous_size': 27, 'attention_head_size': 3, 'learning_rate': 0.07870683308863828}. Best is trial 102 with value: 0.07032755762338638.
LOCAL_RANK: 0 - CUDA_VISIBLE_DEVICES: [0]
[I 2023-11-30 08:25:38,089] Trial 147 finished with value: 0.14481066167354584 and parameters: {'gradient_clip_val': 0.2881109460911306, 'hidden_size': 28, 'dropout': 0.3082897968522947, 'hidden_continuous_size': 25, 'attention_head_size': 2, 'learning_rate': 0.09128688373181805}. Best is trial 102 with value: 0.07032755762338638.
LOCAL_RANK: 0 - CUDA_VISIBLE_DEVICES: [0]
[I 2023-11-30 08:25:50,900] Trial 148 finished with value: 0.17371179163455963 and parameters: {'gradient_clip_val': 0.4345762669374522, 'hidden_size': 25, 'dropout': 0.27622100857393883, 'hidden_continuous_size': 24, 'attention_head_size': 2, 'learning_rate': 0.06707383177112604}. Best is trial 102 with value: 0.07032755762338638.
LOCAL_RANK: 0 - CUDA_VISIBLE_DEVICES: [0]
[I 2023-11-30 08:26:03,912] Trial 149 finished with value: 0.40470466017723083 and parameters: {'gradient_clip_val': 0.34682646889673874, 'hidden_size': 30, 'dropout': 0.2688223056529476, 'hidden_continuous_size': 26, 'attention_head_size': 3, 'learning_rate': 0.008540493220265573}. Best is trial 102 with value: 0.07032755762338638.
[I 2023-11-30 08:26:04,024] A new study created in memory with name: no-name-94f3f946-6729-416a-bfcb-adeb8a21e23b
/home/le004/conda/anaconda3/envs/tsff_env/lib/python3.9/site-packages/lightning/fabric/plugins/environments/slurm.py:191: The `srun` command is available on your system but is not used. HINT: If your intention is to run Lightning on SLURM, prepend your python command with `srun` like so: srun python /home/le004/master_thesis/git/TSFusionForecast/code/ ...
LOCAL_RANK: 0 - CUDA_VISIBLE_DEVICES: [0]
[I 2023-11-30 08:26:16,251] Trial 0 finished with value: 1.2499890327453613 and parameters: {'gradient_clip_val': 0.296412605785733, 'hidden_size': 16, 'dropout': 0.3730867940239304, 'hidden_continuous_size': 10, 'attention_head_size': 4, 'learning_rate': 0.008106116342900984}. Best is trial 0 with value: 1.2499890327453613.
LOCAL_RANK: 0 - CUDA_VISIBLE_DEVICES: [0]
[I 2023-11-30 08:26:30,099] Trial 1 finished with value: 0.3523719608783722 and parameters: {'gradient_clip_val': 0.2156934936395644, 'hidden_size': 101, 'dropout': 0.11268768375426103, 'hidden_continuous_size': 18, 'attention_head_size': 2, 'learning_rate': 0.0028987557101499938}. Best is trial 1 with value: 0.3523719608783722.
LOCAL_RANK: 0 - CUDA_VISIBLE_DEVICES: [0]
[I 2023-11-30 08:26:43,026] Trial 2 finished with value: 0.37230268120765686 and parameters: {'gradient_clip_val': 0.6935968586614616, 'hidden_size': 46, 'dropout': 0.20737438001340572, 'hidden_continuous_size': 13, 'attention_head_size': 1, 'learning_rate': 0.010921237238688895}. Best is trial 1 with value: 0.3523719608783722.
LOCAL_RANK: 0 - CUDA_VISIBLE_DEVICES: [0]
[I 2023-11-30 08:26:55,695] Trial 3 finished with value: 0.19127662479877472 and parameters: {'gradient_clip_val': 0.6046155158318874, 'hidden_size': 21, 'dropout': 0.1686797118041098, 'hidden_continuous_size': 10, 'attention_head_size': 4, 'learning_rate': 0.05147066851058001}. Best is trial 3 with value: 0.19127662479877472.
LOCAL_RANK: 0 - CUDA_VISIBLE_DEVICES: [0]
[I 2023-11-30 08:27:08,877] Trial 4 finished with value: 0.18849413096904755 and parameters: {'gradient_clip_val': 0.8186100604107966, 'hidden_size': 51, 'dropout': 0.25066722459908086, 'hidden_continuous_size': 14, 'attention_head_size': 2, 'learning_rate': 0.01988709209987375}. Best is trial 4 with value: 0.18849413096904755.
LOCAL_RANK: 0 - CUDA_VISIBLE_DEVICES: [0]
[I 2023-11-30 08:27:21,861] Trial 5 finished with value: 2.469933271408081 and parameters: {'gradient_clip_val': 0.5513457957677926, 'hidden_size': 40, 'dropout': 0.3366417236785846, 'hidden_continuous_size': 13, 'attention_head_size': 4, 'learning_rate': 0.0011801605970994092}. Best is trial 4 with value: 0.18849413096904755.
LOCAL_RANK: 0 - CUDA_VISIBLE_DEVICES: [0]
[I 2023-11-30 08:27:36,464] Trial 6 finished with value: 0.6316832304000854 and parameters: {'gradient_clip_val': 0.1082098999667249, 'hidden_size': 131, 'dropout': 0.3386723145239923, 'hidden_continuous_size': 81, 'attention_head_size': 2, 'learning_rate': 0.001791515564752092}. Best is trial 4 with value: 0.18849413096904755.
LOCAL_RANK: 0 - CUDA_VISIBLE_DEVICES: [0]
[I 2023-11-30 08:27:50,209] Trial 7 finished with value: 1.0142779350280762 and parameters: {'gradient_clip_val': 0.3374019971598481, 'hidden_size': 80, 'dropout': 0.15566815276696017, 'hidden_continuous_size': 32, 'attention_head_size': 4, 'learning_rate': 0.001411543034944562}. Best is trial 4 with value: 0.18849413096904755.
LOCAL_RANK: 0 - CUDA_VISIBLE_DEVICES: [0]
[I 2023-11-30 08:28:03,415] Trial 8 finished with value: 0.16029812395572662 and parameters: {'gradient_clip_val': 0.9369341313856362, 'hidden_size': 38, 'dropout': 0.3385903592173446, 'hidden_continuous_size': 18, 'attention_head_size': 3, 'learning_rate': 0.05481363391782714}. Best is trial 8 with value: 0.16029812395572662.
LOCAL_RANK: 0 - CUDA_VISIBLE_DEVICES: [0]
[I 2023-11-30 08:28:16,339] Trial 9 finished with value: 0.19286088645458221 and parameters: {'gradient_clip_val': 0.3201278716088635, 'hidden_size': 39, 'dropout': 0.3918382192955445, 'hidden_continuous_size': 28, 'attention_head_size': 1, 'learning_rate': 0.0332712334540967}. Best is trial 8 with value: 0.16029812395572662.
LOCAL_RANK: 0 - CUDA_VISIBLE_DEVICES: [0]
[I 2023-11-30 08:28:26,894] Trial 10 finished with value: 0.5180894732475281 and parameters: {'gradient_clip_val': 0.9426310162538974, 'hidden_size': 10, 'dropout': 0.2909423024646299, 'hidden_continuous_size': 10, 'attention_head_size': 3, 'learning_rate': 0.07571636994695209}. Best is trial 8 with value: 0.16029812395572662.
LOCAL_RANK: 0 - CUDA_VISIBLE_DEVICES: [0]
[I 2023-11-30 08:28:40,628] Trial 11 finished with value: 0.13344421982765198 and parameters: {'gradient_clip_val': 0.9991420477907196, 'hidden_size': 71, 'dropout': 0.2658430117742524, 'hidden_continuous_size': 19, 'attention_head_size': 3, 'learning_rate': 0.025731166454340735}. Best is trial 11 with value: 0.13344421982765198.
LOCAL_RANK: 0 - CUDA_VISIBLE_DEVICES: [0]
[I 2023-11-30 08:28:54,340] Trial 12 finished with value: 0.1835450530052185 and parameters: {'gradient_clip_val': 0.9893324439271158, 'hidden_size': 70, 'dropout': 0.28823591487254363, 'hidden_continuous_size': 21, 'attention_head_size': 3, 'learning_rate': 0.09349766446902326}. Best is trial 11 with value: 0.13344421982765198.
LOCAL_RANK: 0 - CUDA_VISIBLE_DEVICES: [0]
[I 2023-11-30 08:29:06,843] Trial 13 finished with value: 0.20344142615795135 and parameters: {'gradient_clip_val': 0.9828172451890336, 'hidden_size': 28, 'dropout': 0.26136357729209175, 'hidden_continuous_size': 16, 'attention_head_size': 3, 'learning_rate': 0.03220222704590641}. Best is trial 11 with value: 0.13344421982765198.
LOCAL_RANK: 0 - CUDA_VISIBLE_DEVICES: [0]
[I 2023-11-30 08:29:20,551] Trial 14 finished with value: 0.18571917712688446 and parameters: {'gradient_clip_val': 0.5563439845431359, 'hidden_size': 61, 'dropout': 0.3163911363519148, 'hidden_continuous_size': 22, 'attention_head_size': 3, 'learning_rate': 0.04044521076890129}. Best is trial 11 with value: 0.13344421982765198.
LOCAL_RANK: 0 - CUDA_VISIBLE_DEVICES: [0]
[I 2023-11-30 08:29:33,370] Trial 15 finished with value: 0.19274090230464935 and parameters: {'gradient_clip_val': 0.7299766504544875, 'hidden_size': 29, 'dropout': 0.22329611662891846, 'hidden_continuous_size': 17, 'attention_head_size': 3, 'learning_rate': 0.020347930896567605}. Best is trial 11 with value: 0.13344421982765198.
LOCAL_RANK: 0 - CUDA_VISIBLE_DEVICES: [0]
[I 2023-11-30 08:29:47,886] Trial 16 finished with value: 0.11650604009628296 and parameters: {'gradient_clip_val': 0.46704922688005024, 'hidden_size': 146, 'dropout': 0.35626895487972887, 'hidden_continuous_size': 43, 'attention_head_size': 2, 'learning_rate': 0.07010369927300639}. Best is trial 16 with value: 0.11650604009628296.
LOCAL_RANK: 0 - CUDA_VISIBLE_DEVICES: [0]
[I 2023-11-30 08:30:02,364] Trial 17 finished with value: 0.202096089720726 and parameters: {'gradient_clip_val': 0.4743281461748918, 'hidden_size': 146, 'dropout': 0.3800346524981736, 'hidden_continuous_size': 43, 'attention_head_size': 2, 'learning_rate': 0.08382869198519341}. Best is trial 16 with value: 0.11650604009628296.
LOCAL_RANK: 0 - CUDA_VISIBLE_DEVICES: [0]
[I 2023-11-30 08:30:16,478] Trial 18 finished with value: 0.15821945667266846 and parameters: {'gradient_clip_val': 0.4482578191104146, 'hidden_size': 99, 'dropout': 0.28571289067752553, 'hidden_continuous_size': 40, 'attention_head_size': 1, 'learning_rate': 0.019286804885770215}. Best is trial 16 with value: 0.11650604009628296.
LOCAL_RANK: 0 - CUDA_VISIBLE_DEVICES: [0]
[I 2023-11-30 08:30:30,829] Trial 19 finished with value: 0.14881862699985504 and parameters: {'gradient_clip_val': 0.6712568698089642, 'hidden_size': 100, 'dropout': 0.369541994766226, 'hidden_continuous_size': 55, 'attention_head_size': 2, 'learning_rate': 0.05974565562985395}. Best is trial 16 with value: 0.11650604009628296.
LOCAL_RANK: 0 - CUDA_VISIBLE_DEVICES: [0]
[I 2023-11-30 08:30:45,742] Trial 20 finished with value: 0.12331271916627884 and parameters: {'gradient_clip_val': 0.7694743978699409, 'hidden_size': 149, 'dropout': 0.31201233111470733, 'hidden_continuous_size': 105, 'attention_head_size': 2, 'learning_rate': 0.09512675070951507}. Best is trial 16 with value: 0.11650604009628296.
LOCAL_RANK: 0 - CUDA_VISIBLE_DEVICES: [0]
[I 2023-11-30 08:31:00,725] Trial 21 finished with value: 0.1944233775138855 and parameters: {'gradient_clip_val': 0.7830302085762989, 'hidden_size': 143, 'dropout': 0.30951769528193257, 'hidden_continuous_size': 121, 'attention_head_size': 2, 'learning_rate': 0.09979684671364236}. Best is trial 16 with value: 0.11650604009628296.
LOCAL_RANK: 0 - CUDA_VISIBLE_DEVICES: [0]
[I 2023-11-30 08:31:15,009] Trial 22 finished with value: 0.16490919888019562 and parameters: {'gradient_clip_val': 0.7714957859393528, 'hidden_size': 113, 'dropout': 0.2695899322036594, 'hidden_continuous_size': 58, 'attention_head_size': 2, 'learning_rate': 0.06120892813382481}. Best is trial 16 with value: 0.11650604009628296.
LOCAL_RANK: 0 - CUDA_VISIBLE_DEVICES: [0]
[I 2023-11-30 08:31:28,643] Trial 23 finished with value: 0.1513357311487198 and parameters: {'gradient_clip_val': 0.6203735579972467, 'hidden_size': 82, 'dropout': 0.3162537386736468, 'hidden_continuous_size': 23, 'attention_head_size': 1, 'learning_rate': 0.04201525072929281}. Best is trial 16 with value: 0.11650604009628296.
LOCAL_RANK: 0 - CUDA_VISIBLE_DEVICES: [0]
[I 2023-11-30 08:31:42,972] Trial 24 finished with value: 0.16465570032596588 and parameters: {'gradient_clip_val': 0.8531532865893646, 'hidden_size': 119, 'dropout': 0.3581891115989819, 'hidden_continuous_size': 30, 'attention_head_size': 2, 'learning_rate': 0.09745625581826141}. Best is trial 16 with value: 0.11650604009628296.
LOCAL_RANK: 0 - CUDA_VISIBLE_DEVICES: [0]
[I 2023-11-30 08:31:56,898] Trial 25 finished with value: 0.21055376529693604 and parameters: {'gradient_clip_val': 0.48603037055696396, 'hidden_size': 84, 'dropout': 0.3987086421852216, 'hidden_continuous_size': 26, 'attention_head_size': 3, 'learning_rate': 0.06629634307037553}. Best is trial 16 with value: 0.11650604009628296.
LOCAL_RANK: 0 - CUDA_VISIBLE_DEVICES: [0]
[I 2023-11-30 08:32:11,668] Trial 26 finished with value: 0.2329419106245041 and parameters: {'gradient_clip_val': 0.7106003685694086, 'hidden_size': 144, 'dropout': 0.3513928852420427, 'hidden_continuous_size': 111, 'attention_head_size': 2, 'learning_rate': 0.02928776435815276}. Best is trial 16 with value: 0.11650604009628296.
LOCAL_RANK: 0 - CUDA_VISIBLE_DEVICES: [0]
[I 2023-11-30 08:32:25,291] Trial 27 finished with value: 0.11003655195236206 and parameters: {'gradient_clip_val': 0.8325136631167273, 'hidden_size': 63, 'dropout': 0.23414230382213316, 'hidden_continuous_size': 35, 'attention_head_size': 1, 'learning_rate': 0.05092273841248585}. Best is trial 27 with value: 0.11003655195236206.
LOCAL_RANK: 0 - CUDA_VISIBLE_DEVICES: [0]
[I 2023-11-30 08:32:39,368] Trial 28 finished with value: 0.11886098235845566 and parameters: {'gradient_clip_val': 0.5787161055089862, 'hidden_size': 116, 'dropout': 0.23829121914354479, 'hidden_continuous_size': 43, 'attention_head_size': 1, 'learning_rate': 0.04913567353902243}. Best is trial 27 with value: 0.11003655195236206.
LOCAL_RANK: 0 - CUDA_VISIBLE_DEVICES: [0]
[I 2023-11-30 08:32:53,672] Trial 29 finished with value: 0.1454853117465973 and parameters: {'gradient_clip_val': 0.39934401121686247, 'hidden_size': 119, 'dropout': 0.22859448678599303, 'hidden_continuous_size': 36, 'attention_head_size': 1, 'learning_rate': 0.04219624034404243}. Best is trial 27 with value: 0.11003655195236206.
LOCAL_RANK: 0 - CUDA_VISIBLE_DEVICES: [0]
[I 2023-11-30 08:33:07,261] Trial 30 finished with value: 0.17834995687007904 and parameters: {'gradient_clip_val': 0.5583694774429819, 'hidden_size': 57, 'dropout': 0.23620543346896325, 'hidden_continuous_size': 33, 'attention_head_size': 1, 'learning_rate': 0.013182599024029157}. Best is trial 27 with value: 0.11003655195236206.
LOCAL_RANK: 0 - CUDA_VISIBLE_DEVICES: [0]
[I 2023-11-30 08:33:21,872] Trial 31 finished with value: 0.2279060333967209 and parameters: {'gradient_clip_val': 0.6327144185711493, 'hidden_size': 149, 'dropout': 0.20575972686167504, 'hidden_continuous_size': 48, 'attention_head_size': 1, 'learning_rate': 0.07167471966943487}. Best is trial 27 with value: 0.11003655195236206.
LOCAL_RANK: 0 - CUDA_VISIBLE_DEVICES: [0]
[I 2023-11-30 08:33:35,889] Trial 32 finished with value: 0.1308455914258957 and parameters: {'gradient_clip_val': 0.7976012499081039, 'hidden_size': 95, 'dropout': 0.24098068999692965, 'hidden_continuous_size': 38, 'attention_head_size': 1, 'learning_rate': 0.04831394134637925}. Best is trial 27 with value: 0.11003655195236206.
LOCAL_RANK: 0 - CUDA_VISIBLE_DEVICES: [0]
[I 2023-11-30 08:33:50,330] Trial 33 finished with value: 0.16663165390491486 and parameters: {'gradient_clip_val': 0.520810886592788, 'hidden_size': 115, 'dropout': 0.3745059187587, 'hidden_continuous_size': 67, 'attention_head_size': 1, 'learning_rate': 0.06797646447042077}. Best is trial 27 with value: 0.11003655195236206.
LOCAL_RANK: 0 - CUDA_VISIBLE_DEVICES: [0]
[I 2023-11-30 08:34:04,917] Trial 34 finished with value: 0.1651337593793869 and parameters: {'gradient_clip_val': 0.6575897740002471, 'hidden_size': 124, 'dropout': 0.2112205672357008, 'hidden_continuous_size': 77, 'attention_head_size': 1, 'learning_rate': 0.00688145243563021}. Best is trial 27 with value: 0.11003655195236206.
LOCAL_RANK: 0 - CUDA_VISIBLE_DEVICES: [0]
[I 2023-11-30 08:34:19,147] Trial 35 finished with value: 0.2520744800567627 and parameters: {'gradient_clip_val': 0.40421925634149464, 'hidden_size': 104, 'dropout': 0.24987857288668902, 'hidden_continuous_size': 44, 'attention_head_size': 2, 'learning_rate': 0.05150118473614914}. Best is trial 27 with value: 0.11003655195236206.
LOCAL_RANK: 0 - CUDA_VISIBLE_DEVICES: [0]
[I 2023-11-30 08:34:33,069] Trial 36 finished with value: 0.1859595775604248 and parameters: {'gradient_clip_val': 0.5801775592366338, 'hidden_size': 91, 'dropout': 0.1887650217005352, 'hidden_continuous_size': 35, 'attention_head_size': 1, 'learning_rate': 0.0743500052513729}. Best is trial 27 with value: 0.11003655195236206.
LOCAL_RANK: 0 - CUDA_VISIBLE_DEVICES: [0]
[I 2023-11-30 08:34:47,307] Trial 37 finished with value: 0.18617123365402222 and parameters: {'gradient_clip_val': 0.6867942063289705, 'hidden_size': 132, 'dropout': 0.2565165098324376, 'hidden_continuous_size': 48, 'attention_head_size': 2, 'learning_rate': 0.04020196121625377}. Best is trial 27 with value: 0.11003655195236206.
LOCAL_RANK: 0 - CUDA_VISIBLE_DEVICES: [0]
[I 2023-11-30 08:35:01,403] Trial 38 finished with value: 0.27062952518463135 and parameters: {'gradient_clip_val': 0.8212594845712042, 'hidden_size': 110, 'dropout': 0.27674103013315343, 'hidden_continuous_size': 26, 'attention_head_size': 2, 'learning_rate': 0.05984257302968123}. Best is trial 27 with value: 0.11003655195236206.
LOCAL_RANK: 0 - CUDA_VISIBLE_DEVICES: [0]
[I 2023-11-30 08:35:14,742] Trial 39 finished with value: 0.16823594272136688 and parameters: {'gradient_clip_val': 0.2651431833355495, 'hidden_size': 48, 'dropout': 0.30256958624561103, 'hidden_continuous_size': 33, 'attention_head_size': 1, 'learning_rate': 0.08121781717745843}. Best is trial 27 with value: 0.11003655195236206.
LOCAL_RANK: 0 - CUDA_VISIBLE_DEVICES: [0]
[I 2023-11-30 08:35:29,184] Trial 40 finished with value: 0.1736815720796585 and parameters: {'gradient_clip_val': 0.6177700902828922, 'hidden_size': 132, 'dropout': 0.3315478904930078, 'hidden_continuous_size': 95, 'attention_head_size': 2, 'learning_rate': 0.04833968155620014}. Best is trial 27 with value: 0.11003655195236206.
LOCAL_RANK: 0 - CUDA_VISIBLE_DEVICES: [0]
[I 2023-11-30 08:35:43,342] Trial 41 finished with value: 0.21024185419082642 and parameters: {'gradient_clip_val': 0.8360302504333957, 'hidden_size': 93, 'dropout': 0.24145258376638645, 'hidden_continuous_size': 54, 'attention_head_size': 1, 'learning_rate': 0.049163995437470374}. Best is trial 27 with value: 0.11003655195236206.
LOCAL_RANK: 0 - CUDA_VISIBLE_DEVICES: [0]
[I 2023-11-30 08:35:57,520] Trial 42 finished with value: 0.15746743977069855 and parameters: {'gradient_clip_val': 0.7443695356931715, 'hidden_size': 106, 'dropout': 0.24633740117537517, 'hidden_continuous_size': 41, 'attention_head_size': 1, 'learning_rate': 0.035890049148599557}. Best is trial 27 with value: 0.11003655195236206.
LOCAL_RANK: 0 - CUDA_VISIBLE_DEVICES: [0]
[I 2023-11-30 08:36:11,233] Trial 43 finished with value: 0.2175871729850769 and parameters: {'gradient_clip_val': 0.8224103531580985, 'hidden_size': 74, 'dropout': 0.2774651297305234, 'hidden_continuous_size': 38, 'attention_head_size': 1, 'learning_rate': 0.047481060520647544}. Best is trial 27 with value: 0.11003655195236206.
LOCAL_RANK: 0 - CUDA_VISIBLE_DEVICES: [0]
