[I 2023-11-30 00:28:03,243] Trial 103 finished with value: 1384.3128662109375 and parameters: {'gradient_clip_val': 0.11203259987688147, 'hidden_size': 43, 'dropout': 0.37498794674139, 'hidden_continuous_size': 30, 'attention_head_size': 2, 'learning_rate': 0.008337607949490759}. Best is trial 91 with value: 1000.3059692382812.
LOCAL_RANK: 0 - CUDA_VISIBLE_DEVICES: [0]
[I 2023-11-30 00:28:16,397] Trial 104 finished with value: 1149.712646484375 and parameters: {'gradient_clip_val': 0.12839226471327703, 'hidden_size': 52, 'dropout': 0.39992708874657673, 'hidden_continuous_size': 28, 'attention_head_size': 2, 'learning_rate': 0.009579993257589514}. Best is trial 91 with value: 1000.3059692382812.
LOCAL_RANK: 0 - CUDA_VISIBLE_DEVICES: [0]
[I 2023-11-30 00:28:29,874] Trial 105 finished with value: 1518.81787109375 and parameters: {'gradient_clip_val': 0.14111004876772124, 'hidden_size': 57, 'dropout': 0.3992202508902033, 'hidden_continuous_size': 20, 'attention_head_size': 2, 'learning_rate': 0.014469452518928012}. Best is trial 91 with value: 1000.3059692382812.
LOCAL_RANK: 0 - CUDA_VISIBLE_DEVICES: [0]
[I 2023-11-30 00:28:43,056] Trial 106 finished with value: 1383.0054931640625 and parameters: {'gradient_clip_val': 0.12125561431545072, 'hidden_size': 46, 'dropout': 0.38750790582720784, 'hidden_continuous_size': 28, 'attention_head_size': 2, 'learning_rate': 0.011645411196882505}. Best is trial 91 with value: 1000.3059692382812.
LOCAL_RANK: 0 - CUDA_VISIBLE_DEVICES: [0]
[I 2023-11-30 00:28:56,867] Trial 107 finished with value: 1276.4498291015625 and parameters: {'gradient_clip_val': 0.16008853144790428, 'hidden_size': 73, 'dropout': 0.3925109386729573, 'hidden_continuous_size': 38, 'attention_head_size': 2, 'learning_rate': 0.010246541409565263}. Best is trial 91 with value: 1000.3059692382812.
LOCAL_RANK: 0 - CUDA_VISIBLE_DEVICES: [0]
[I 2023-11-30 00:29:10,621] Trial 108 finished with value: 1439.4866943359375 and parameters: {'gradient_clip_val': 0.17334778515651408, 'hidden_size': 67, 'dropout': 0.38181336103675306, 'hidden_continuous_size': 41, 'attention_head_size': 2, 'learning_rate': 0.013498967267678116}. Best is trial 91 with value: 1000.3059692382812.
LOCAL_RANK: 0 - CUDA_VISIBLE_DEVICES: [0]
[I 2023-11-30 00:29:24,101] Trial 109 finished with value: 1213.2352294921875 and parameters: {'gradient_clip_val': 0.14939340587122, 'hidden_size': 60, 'dropout': 0.344081966900373, 'hidden_continuous_size': 26, 'attention_head_size': 2, 'learning_rate': 0.007085096360764315}. Best is trial 91 with value: 1000.3059692382812.
LOCAL_RANK: 0 - CUDA_VISIBLE_DEVICES: [0]
[I 2023-11-30 00:29:37,365] Trial 110 finished with value: 1324.0238037109375 and parameters: {'gradient_clip_val': 0.10004694770935159, 'hidden_size': 41, 'dropout': 0.39386003240374245, 'hidden_continuous_size': 25, 'attention_head_size': 2, 'learning_rate': 0.015602952165413903}. Best is trial 91 with value: 1000.3059692382812.
LOCAL_RANK: 0 - CUDA_VISIBLE_DEVICES: [0]
[I 2023-11-30 00:29:50,699] Trial 111 finished with value: 1305.8663330078125 and parameters: {'gradient_clip_val': 0.1299208437877863, 'hidden_size': 53, 'dropout': 0.3759212357235699, 'hidden_continuous_size': 28, 'attention_head_size': 2, 'learning_rate': 0.00976671542655291}. Best is trial 91 with value: 1000.3059692382812.
LOCAL_RANK: 0 - CUDA_VISIBLE_DEVICES: [0]
[I 2023-11-30 00:30:04,070] Trial 112 finished with value: 1248.0809326171875 and parameters: {'gradient_clip_val': 0.13418520133706288, 'hidden_size': 51, 'dropout': 0.3705156403506255, 'hidden_continuous_size': 31, 'attention_head_size': 2, 'learning_rate': 0.00902943756798714}. Best is trial 91 with value: 1000.3059692382812.
LOCAL_RANK: 0 - CUDA_VISIBLE_DEVICES: [0]
[I 2023-11-30 00:30:17,329] Trial 113 finished with value: 1416.9091796875 and parameters: {'gradient_clip_val': 0.12790911806611233, 'hidden_size': 49, 'dropout': 0.3810591773816663, 'hidden_continuous_size': 23, 'attention_head_size': 2, 'learning_rate': 0.011227022189927903}. Best is trial 91 with value: 1000.3059692382812.
LOCAL_RANK: 0 - CUDA_VISIBLE_DEVICES: [0]
[I 2023-11-30 00:30:30,725] Trial 114 finished with value: 1490.03271484375 and parameters: {'gradient_clip_val': 0.11456650467808757, 'hidden_size': 55, 'dropout': 0.35808639000391135, 'hidden_continuous_size': 24, 'attention_head_size': 2, 'learning_rate': 0.008047296746560767}. Best is trial 91 with value: 1000.3059692382812.
LOCAL_RANK: 0 - CUDA_VISIBLE_DEVICES: [0]
[I 2023-11-30 00:30:44,272] Trial 115 finished with value: 1985.1009521484375 and parameters: {'gradient_clip_val': 0.1415204903648493, 'hidden_size': 60, 'dropout': 0.38721014163263157, 'hidden_continuous_size': 33, 'attention_head_size': 2, 'learning_rate': 0.012485758328898124}. Best is trial 91 with value: 1000.3059692382812.
LOCAL_RANK: 0 - CUDA_VISIBLE_DEVICES: [0]
[I 2023-11-30 00:30:57,406] Trial 116 finished with value: 1346.2281494140625 and parameters: {'gradient_clip_val': 0.10902371090930899, 'hidden_size': 45, 'dropout': 0.3653301934069569, 'hidden_continuous_size': 27, 'attention_head_size': 2, 'learning_rate': 0.00909349647215889}. Best is trial 91 with value: 1000.3059692382812.
LOCAL_RANK: 0 - CUDA_VISIBLE_DEVICES: [0]
[I 2023-11-30 00:31:10,714] Trial 117 finished with value: 1243.6275634765625 and parameters: {'gradient_clip_val': 0.1204520679495925, 'hidden_size': 52, 'dropout': 0.37369515870862247, 'hidden_continuous_size': 30, 'attention_head_size': 2, 'learning_rate': 0.010743365418984702}. Best is trial 91 with value: 1000.3059692382812.
LOCAL_RANK: 0 - CUDA_VISIBLE_DEVICES: [0]
[I 2023-11-30 00:31:23,849] Trial 118 finished with value: 1530.7640380859375 and parameters: {'gradient_clip_val': 0.12681616232033718, 'hidden_size': 47, 'dropout': 0.39888446493806895, 'hidden_continuous_size': 27, 'attention_head_size': 2, 'learning_rate': 0.006383457969996483}. Best is trial 91 with value: 1000.3059692382812.
LOCAL_RANK: 0 - CUDA_VISIBLE_DEVICES: [0]
[I 2023-11-30 00:31:37,371] Trial 119 finished with value: 1346.9508056640625 and parameters: {'gradient_clip_val': 0.13537885943423986, 'hidden_size': 63, 'dropout': 0.39049740055360077, 'hidden_continuous_size': 22, 'attention_head_size': 1, 'learning_rate': 0.0140426331825307}. Best is trial 91 with value: 1000.3059692382812.
LOCAL_RANK: 0 - CUDA_VISIBLE_DEVICES: [0]
[I 2023-11-30 00:31:50,927] Trial 120 finished with value: 1404.78515625 and parameters: {'gradient_clip_val': 0.154986496767147, 'hidden_size': 57, 'dropout': 0.3514231131024581, 'hidden_continuous_size': 21, 'attention_head_size': 3, 'learning_rate': 0.017876484479667682}. Best is trial 91 with value: 1000.3059692382812.
LOCAL_RANK: 0 - CUDA_VISIBLE_DEVICES: [0]
[I 2023-11-30 00:32:03,918] Trial 121 finished with value: 1302.4769287109375 and parameters: {'gradient_clip_val': 0.1487109331588034, 'hidden_size': 38, 'dropout': 0.38025964977037296, 'hidden_continuous_size': 25, 'attention_head_size': 2, 'learning_rate': 0.015167027920816372}. Best is trial 91 with value: 1000.3059692382812.
LOCAL_RANK: 0 - CUDA_VISIBLE_DEVICES: [0]
[I 2023-11-30 00:32:16,805] Trial 122 finished with value: 1212.3187255859375 and parameters: {'gradient_clip_val': 0.16465327242990524, 'hidden_size': 40, 'dropout': 0.3868561203614076, 'hidden_continuous_size': 29, 'attention_head_size': 2, 'learning_rate': 0.011941523066666722}. Best is trial 91 with value: 1000.3059692382812.
LOCAL_RANK: 0 - CUDA_VISIBLE_DEVICES: [0]
[I 2023-11-30 00:32:29,828] Trial 123 finished with value: 1243.55029296875 and parameters: {'gradient_clip_val': 0.14245243409609104, 'hidden_size': 37, 'dropout': 0.39324326704368384, 'hidden_continuous_size': 26, 'attention_head_size': 2, 'learning_rate': 0.00989668076639528}. Best is trial 91 with value: 1000.3059692382812.
LOCAL_RANK: 0 - CUDA_VISIBLE_DEVICES: [0]
[I 2023-11-30 00:32:42,960] Trial 124 finished with value: 1240.2884521484375 and parameters: {'gradient_clip_val': 0.15788368804983244, 'hidden_size': 42, 'dropout': 0.37247387658043135, 'hidden_continuous_size': 24, 'attention_head_size': 2, 'learning_rate': 0.013275976934360698}. Best is trial 91 with value: 1000.3059692382812.
LOCAL_RANK: 0 - CUDA_VISIBLE_DEVICES: [0]
[I 2023-11-30 00:32:56,418] Trial 125 finished with value: 1535.72998046875 and parameters: {'gradient_clip_val': 0.11979843736717044, 'hidden_size': 49, 'dropout': 0.3586352482824942, 'hidden_continuous_size': 28, 'attention_head_size': 2, 'learning_rate': 0.008627415058380187}. Best is trial 91 with value: 1000.3059692382812.
LOCAL_RANK: 0 - CUDA_VISIBLE_DEVICES: [0]
[I 2023-11-30 00:33:10,141] Trial 126 finished with value: 1369.65673828125 and parameters: {'gradient_clip_val': 0.11470520814645133, 'hidden_size': 69, 'dropout': 0.38216211631567804, 'hidden_continuous_size': 35, 'attention_head_size': 2, 'learning_rate': 0.016669745699161683}. Best is trial 91 with value: 1000.3059692382812.
LOCAL_RANK: 0 - CUDA_VISIBLE_DEVICES: [0]
[I 2023-11-30 00:33:23,473] Trial 127 finished with value: 1464.59765625 and parameters: {'gradient_clip_val': 0.13208170568053804, 'hidden_size': 53, 'dropout': 0.3996356041498101, 'hidden_continuous_size': 25, 'attention_head_size': 2, 'learning_rate': 0.019460109333678217}. Best is trial 91 with value: 1000.3059692382812.
LOCAL_RANK: 0 - CUDA_VISIBLE_DEVICES: [0]
[I 2023-11-30 00:33:36,673] Trial 128 finished with value: 1254.0361328125 and parameters: {'gradient_clip_val': 0.12580913277623146, 'hidden_size': 43, 'dropout': 0.3675600559671983, 'hidden_continuous_size': 19, 'attention_head_size': 2, 'learning_rate': 0.011007088333459085}. Best is trial 91 with value: 1000.3059692382812.
LOCAL_RANK: 0 - CUDA_VISIBLE_DEVICES: [0]
[I 2023-11-30 00:33:49,831] Trial 129 finished with value: 1200.3966064453125 and parameters: {'gradient_clip_val': 0.10515680836929638, 'hidden_size': 45, 'dropout': 0.3903860006373236, 'hidden_continuous_size': 26, 'attention_head_size': 2, 'learning_rate': 0.014275462896930458}. Best is trial 91 with value: 1000.3059692382812.
LOCAL_RANK: 0 - CUDA_VISIBLE_DEVICES: [0]
[I 2023-11-30 00:34:03,440] Trial 130 finished with value: 1270.398681640625 and parameters: {'gradient_clip_val': 0.16907272633959955, 'hidden_size': 58, 'dropout': 0.37815619274643253, 'hidden_continuous_size': 23, 'attention_head_size': 2, 'learning_rate': 0.007611082106067022}. Best is trial 91 with value: 1000.3059692382812.
LOCAL_RANK: 0 - CUDA_VISIBLE_DEVICES: [0]
[I 2023-11-30 00:34:16,798] Trial 131 finished with value: 1954.9495849609375 and parameters: {'gradient_clip_val': 0.11008759660106618, 'hidden_size': 55, 'dropout': 0.3625763153130565, 'hidden_continuous_size': 21, 'attention_head_size': 2, 'learning_rate': 0.007007620713473241}. Best is trial 91 with value: 1000.3059692382812.
LOCAL_RANK: 0 - CUDA_VISIBLE_DEVICES: [0]
[I 2023-11-30 00:34:30,038] Trial 132 finished with value: 1257.83203125 and parameters: {'gradient_clip_val': 0.11890967894073355, 'hidden_size': 51, 'dropout': 0.3557674287307929, 'hidden_continuous_size': 24, 'attention_head_size': 2, 'learning_rate': 0.009442702980965466}. Best is trial 91 with value: 1000.3059692382812.
LOCAL_RANK: 0 - CUDA_VISIBLE_DEVICES: [0]
[I 2023-11-30 00:34:43,528] Trial 133 finished with value: 1274.790283203125 and parameters: {'gradient_clip_val': 0.1372995913036326, 'hidden_size': 64, 'dropout': 0.3480143600891975, 'hidden_continuous_size': 22, 'attention_head_size': 2, 'learning_rate': 0.008036904277743308}. Best is trial 91 with value: 1000.3059692382812.
LOCAL_RANK: 0 - CUDA_VISIBLE_DEVICES: [0]
[I 2023-11-30 00:34:57,358] Trial 134 finished with value: 1333.308837890625 and parameters: {'gradient_clip_val': 0.10622528107836701, 'hidden_size': 75, 'dropout': 0.3857412122275071, 'hidden_continuous_size': 25, 'attention_head_size': 2, 'learning_rate': 0.012397199024701227}. Best is trial 91 with value: 1000.3059692382812.
LOCAL_RANK: 0 - CUDA_VISIBLE_DEVICES: [0]
[I 2023-11-30 00:35:11,055] Trial 135 finished with value: 1451.4293212890625 and parameters: {'gradient_clip_val': 0.12286455935447062, 'hidden_size': 62, 'dropout': 0.36950482165778525, 'hidden_continuous_size': 18, 'attention_head_size': 2, 'learning_rate': 0.010230777113260356}. Best is trial 91 with value: 1000.3059692382812.
LOCAL_RANK: 0 - CUDA_VISIBLE_DEVICES: [0]
[I 2023-11-30 00:35:24,265] Trial 136 finished with value: 1348.494384765625 and parameters: {'gradient_clip_val': 0.112130415026601, 'hidden_size': 47, 'dropout': 0.33888537539691516, 'hidden_continuous_size': 20, 'attention_head_size': 2, 'learning_rate': 0.008559503640490554}. Best is trial 91 with value: 1000.3059692382812.
LOCAL_RANK: 0 - CUDA_VISIBLE_DEVICES: [0]
[I 2023-11-30 00:35:37,905] Trial 137 finished with value: 1322.9605712890625 and parameters: {'gradient_clip_val': 0.14398548812756737, 'hidden_size': 83, 'dropout': 0.394213728330768, 'hidden_continuous_size': 17, 'attention_head_size': 2, 'learning_rate': 0.005881047522332797}. Best is trial 91 with value: 1000.3059692382812.
LOCAL_RANK: 0 - CUDA_VISIBLE_DEVICES: [0]
[I 2023-11-30 00:35:51,311] Trial 138 finished with value: 1623.6126708984375 and parameters: {'gradient_clip_val': 0.13238151835272008, 'hidden_size': 54, 'dropout': 0.37636039934080767, 'hidden_continuous_size': 27, 'attention_head_size': 2, 'learning_rate': 0.0117994945833576}. Best is trial 91 with value: 1000.3059692382812.
LOCAL_RANK: 0 - CUDA_VISIBLE_DEVICES: [0]
[I 2023-11-30 00:36:04,218] Trial 139 finished with value: 1646.83740234375 and parameters: {'gradient_clip_val': 0.15286784796493225, 'hidden_size': 40, 'dropout': 0.330310091156101, 'hidden_continuous_size': 26, 'attention_head_size': 2, 'learning_rate': 0.018526576753917764}. Best is trial 91 with value: 1000.3059692382812.
LOCAL_RANK: 0 - CUDA_VISIBLE_DEVICES: [0]
[I 2023-11-30 00:36:17,636] Trial 140 finished with value: 1292.56640625 and parameters: {'gradient_clip_val': 0.11627931460624955, 'hidden_size': 50, 'dropout': 0.36281948774755646, 'hidden_continuous_size': 23, 'attention_head_size': 2, 'learning_rate': 0.0158188244196615}. Best is trial 91 with value: 1000.3059692382812.
LOCAL_RANK: 0 - CUDA_VISIBLE_DEVICES: [0]
[I 2023-11-30 00:36:30,727] Trial 141 finished with value: 1319.541015625 and parameters: {'gradient_clip_val': 0.1297901339216003, 'hidden_size': 44, 'dropout': 0.3900870291151911, 'hidden_continuous_size': 24, 'attention_head_size': 2, 'learning_rate': 0.01018467887422156}. Best is trial 91 with value: 1000.3059692382812.
LOCAL_RANK: 0 - CUDA_VISIBLE_DEVICES: [0]
[I 2023-11-30 00:36:43,928] Trial 142 finished with value: 1255.31494140625 and parameters: {'gradient_clip_val': 0.13694763617908615, 'hidden_size': 39, 'dropout': 0.38645914401478143, 'hidden_continuous_size': 24, 'attention_head_size': 4, 'learning_rate': 0.00936909664871201}. Best is trial 91 with value: 1000.3059692382812.
LOCAL_RANK: 0 - CUDA_VISIBLE_DEVICES: [0]
[I 2023-11-30 00:36:56,943] Trial 143 finished with value: 1280.5406494140625 and parameters: {'gradient_clip_val': 0.12431004293688536, 'hidden_size': 35, 'dropout': 0.39387705732361317, 'hidden_continuous_size': 26, 'attention_head_size': 2, 'learning_rate': 0.01105369171685061}. Best is trial 91 with value: 1000.3059692382812.
LOCAL_RANK: 0 - CUDA_VISIBLE_DEVICES: [0]
[I 2023-11-30 00:37:10,411] Trial 144 finished with value: 1251.7191162109375 and parameters: {'gradient_clip_val': 0.13126712061012497, 'hidden_size': 58, 'dropout': 0.38006171664771127, 'hidden_continuous_size': 25, 'attention_head_size': 2, 'learning_rate': 0.007955758146941988}. Best is trial 91 with value: 1000.3059692382812.
LOCAL_RANK: 0 - CUDA_VISIBLE_DEVICES: [0]
[I 2023-11-30 00:37:23,361] Trial 145 finished with value: 1264.8651123046875 and parameters: {'gradient_clip_val': 0.24550697353502277, 'hidden_size': 32, 'dropout': 0.3724888212461491, 'hidden_continuous_size': 28, 'attention_head_size': 2, 'learning_rate': 0.012977172439986384}. Best is trial 91 with value: 1000.3059692382812.
LOCAL_RANK: 0 - CUDA_VISIBLE_DEVICES: [0]
[I 2023-11-30 00:37:37,033] Trial 146 finished with value: 1533.9918212890625 and parameters: {'gradient_clip_val': 0.28746208101385456, 'hidden_size': 67, 'dropout': 0.3850470648599488, 'hidden_continuous_size': 22, 'attention_head_size': 2, 'learning_rate': 0.0072921943140219015}. Best is trial 91 with value: 1000.3059692382812.
LOCAL_RANK: 0 - CUDA_VISIBLE_DEVICES: [0]
[I 2023-11-30 00:37:50,063] Trial 147 finished with value: 1424.8978271484375 and parameters: {'gradient_clip_val': 0.14669178482026374, 'hidden_size': 48, 'dropout': 0.39947845782670655, 'hidden_continuous_size': 23, 'attention_head_size': 2, 'learning_rate': 0.010011555929881259}. Best is trial 91 with value: 1000.3059692382812.
LOCAL_RANK: 0 - CUDA_VISIBLE_DEVICES: [0]
[I 2023-11-30 00:38:03,040] Trial 148 finished with value: 1575.0709228515625 and parameters: {'gradient_clip_val': 0.10396267426014921, 'hidden_size': 56, 'dropout': 0.34366348484066306, 'hidden_continuous_size': 20, 'attention_head_size': 1, 'learning_rate': 0.014446576893349817}. Best is trial 91 with value: 1000.3059692382812.
LOCAL_RANK: 0 - CUDA_VISIBLE_DEVICES: [0]
[I 2023-11-30 00:38:16,518] Trial 149 finished with value: 1182.745849609375 and parameters: {'gradient_clip_val': 0.11654021295219646, 'hidden_size': 52, 'dropout': 0.39105650229148015, 'hidden_continuous_size': 37, 'attention_head_size': 2, 'learning_rate': 0.00908688841531308}. Best is trial 91 with value: 1000.3059692382812.
[I 2023-11-30 00:38:16,628] A new study created in memory with name: no-name-b00b5f99-693a-47bc-b58d-702dc528c0dd
/home/le004/conda/anaconda3/envs/tsff_env/lib/python3.9/site-packages/lightning/fabric/plugins/environments/slurm.py:191: The `srun` command is available on your system but is not used. HINT: If your intention is to run Lightning on SLURM, prepend your python command with `srun` like so: srun python /home/le004/master_thesis/git/TSFusionForecast/code/ ...
LOCAL_RANK: 0 - CUDA_VISIBLE_DEVICES: [0]
[I 2023-11-30 00:38:29,190] Trial 0 finished with value: 1.6079190969467163 and parameters: {'gradient_clip_val': 0.2008805740952712, 'hidden_size': 15, 'dropout': 0.2101389707481202, 'hidden_continuous_size': 12, 'attention_head_size': 2, 'learning_rate': 0.005334781390242392}. Best is trial 0 with value: 1.6079190969467163.
LOCAL_RANK: 0 - CUDA_VISIBLE_DEVICES: [0]
[I 2023-11-30 00:38:41,497] Trial 1 finished with value: 0.6963620185852051 and parameters: {'gradient_clip_val': 0.15038927351629736, 'hidden_size': 20, 'dropout': 0.39698737213652824, 'hidden_continuous_size': 16, 'attention_head_size': 2, 'learning_rate': 0.010735766492955266}. Best is trial 1 with value: 0.6963620185852051.
LOCAL_RANK: 0 - CUDA_VISIBLE_DEVICES: [0]
[I 2023-11-30 00:38:55,160] Trial 2 finished with value: 0.21201825141906738 and parameters: {'gradient_clip_val': 0.3730341165800511, 'hidden_size': 73, 'dropout': 0.2938006869169824, 'hidden_continuous_size': 28, 'attention_head_size': 2, 'learning_rate': 0.02073605506121494}. Best is trial 2 with value: 0.21201825141906738.
LOCAL_RANK: 0 - CUDA_VISIBLE_DEVICES: [0]
[I 2023-11-30 00:39:05,549] Trial 3 finished with value: 2.2634682655334473 and parameters: {'gradient_clip_val': 0.22049925150723776, 'hidden_size': 10, 'dropout': 0.2402867383025377, 'hidden_continuous_size': 10, 'attention_head_size': 1, 'learning_rate': 0.003852065615163381}. Best is trial 2 with value: 0.21201825141906738.
LOCAL_RANK: 0 - CUDA_VISIBLE_DEVICES: [0]
[I 2023-11-30 00:39:16,290] Trial 4 finished with value: 0.6545425057411194 and parameters: {'gradient_clip_val': 0.42829192348370065, 'hidden_size': 11, 'dropout': 0.20235566626394375, 'hidden_continuous_size': 11, 'attention_head_size': 4, 'learning_rate': 0.022506907848288155}. Best is trial 2 with value: 0.21201825141906738.
LOCAL_RANK: 0 - CUDA_VISIBLE_DEVICES: [0]
[I 2023-11-30 00:39:28,706] Trial 5 finished with value: 0.774495542049408 and parameters: {'gradient_clip_val': 0.5645576565030905, 'hidden_size': 12, 'dropout': 0.24970674005948826, 'hidden_continuous_size': 11, 'attention_head_size': 4, 'learning_rate': 0.02681630693119014}. Best is trial 2 with value: 0.21201825141906738.
LOCAL_RANK: 0 - CUDA_VISIBLE_DEVICES: [0]
[I 2023-11-30 00:39:42,947] Trial 6 finished with value: 0.23513519763946533 and parameters: {'gradient_clip_val': 0.14146864438847312, 'hidden_size': 111, 'dropout': 0.3675645568454464, 'hidden_continuous_size': 53, 'attention_head_size': 1, 'learning_rate': 0.009989192433604353}. Best is trial 2 with value: 0.21201825141906738.
LOCAL_RANK: 0 - CUDA_VISIBLE_DEVICES: [0]
[I 2023-11-30 00:39:56,538] Trial 7 finished with value: 0.781254231929779 and parameters: {'gradient_clip_val': 0.2516626995768893, 'hidden_size': 108, 'dropout': 0.2738588928523882, 'hidden_continuous_size': 13, 'attention_head_size': 1, 'learning_rate': 0.0011176108755097606}. Best is trial 2 with value: 0.21201825141906738.
LOCAL_RANK: 0 - CUDA_VISIBLE_DEVICES: [0]
[I 2023-11-30 00:40:09,723] Trial 8 finished with value: 0.26882874965667725 and parameters: {'gradient_clip_val': 0.2843677098396574, 'hidden_size': 72, 'dropout': 0.30636567810335746, 'hidden_continuous_size': 10, 'attention_head_size': 2, 'learning_rate': 0.00851307434576489}. Best is trial 2 with value: 0.21201825141906738.
LOCAL_RANK: 0 - CUDA_VISIBLE_DEVICES: [0]
[I 2023-11-30 00:40:20,573] Trial 9 finished with value: 0.33698102831840515 and parameters: {'gradient_clip_val': 0.6625058408844763, 'hidden_size': 13, 'dropout': 0.3543189104585971, 'hidden_continuous_size': 13, 'attention_head_size': 4, 'learning_rate': 0.037576576557650815}. Best is trial 2 with value: 0.21201825141906738.
LOCAL_RANK: 0 - CUDA_VISIBLE_DEVICES: [0]
