[I 2023-11-30 12:20:48,292] Trial 125 finished with value: 0.23318760097026825 and parameters: {'gradient_clip_val': 0.30662127549794593, 'hidden_size': 76, 'dropout': 0.14449651041872913, 'hidden_continuous_size': 19, 'attention_head_size': 2, 'learning_rate': 0.03188432756662042}. Best is trial 121 with value: 0.0768580362200737.
LOCAL_RANK: 0 - CUDA_VISIBLE_DEVICES: [0]
[I 2023-11-30 12:21:01,906] Trial 126 finished with value: 0.20487381517887115 and parameters: {'gradient_clip_val': 0.24904422364548487, 'hidden_size': 64, 'dropout': 0.1231134620818552, 'hidden_continuous_size': 26, 'attention_head_size': 2, 'learning_rate': 0.04887939954271162}. Best is trial 121 with value: 0.0768580362200737.
LOCAL_RANK: 0 - CUDA_VISIBLE_DEVICES: [0]
[I 2023-11-30 12:21:15,968] Trial 127 finished with value: 0.3100541830062866 and parameters: {'gradient_clip_val': 0.2809234674739369, 'hidden_size': 81, 'dropout': 0.13227326094748684, 'hidden_continuous_size': 27, 'attention_head_size': 2, 'learning_rate': 0.05889196182279842}. Best is trial 121 with value: 0.0768580362200737.
LOCAL_RANK: 0 - CUDA_VISIBLE_DEVICES: [0]
[I 2023-11-30 12:21:29,726] Trial 128 finished with value: 0.17949187755584717 and parameters: {'gradient_clip_val': 0.20929717607212892, 'hidden_size': 74, 'dropout': 0.1486911440082832, 'hidden_continuous_size': 22, 'attention_head_size': 2, 'learning_rate': 0.06914557496307082}. Best is trial 121 with value: 0.0768580362200737.
LOCAL_RANK: 0 - CUDA_VISIBLE_DEVICES: [0]
[I 2023-11-30 12:21:42,722] Trial 129 finished with value: 0.2440219521522522 and parameters: {'gradient_clip_val': 0.32592973223139965, 'hidden_size': 40, 'dropout': 0.1143102338599886, 'hidden_continuous_size': 21, 'attention_head_size': 2, 'learning_rate': 0.037537621663643}. Best is trial 121 with value: 0.0768580362200737.
LOCAL_RANK: 0 - CUDA_VISIBLE_DEVICES: [0]
[I 2023-11-30 12:21:56,286] Trial 130 finished with value: 0.12330758571624756 and parameters: {'gradient_clip_val': 0.2289214144357821, 'hidden_size': 69, 'dropout': 0.1845485118403561, 'hidden_continuous_size': 25, 'attention_head_size': 1, 'learning_rate': 0.09048993637112145}. Best is trial 121 with value: 0.0768580362200737.
LOCAL_RANK: 0 - CUDA_VISIBLE_DEVICES: [0]
[I 2023-11-30 12:22:10,034] Trial 131 finished with value: 0.15047532320022583 and parameters: {'gradient_clip_val': 0.3534138168973249, 'hidden_size': 96, 'dropout': 0.15669943974978115, 'hidden_continuous_size': 31, 'attention_head_size': 2, 'learning_rate': 0.02686734605724004}. Best is trial 121 with value: 0.0768580362200737.
LOCAL_RANK: 0 - CUDA_VISIBLE_DEVICES: [0]
[I 2023-11-30 12:22:24,080] Trial 132 finished with value: 0.11949020624160767 and parameters: {'gradient_clip_val': 0.29725037936636334, 'hidden_size': 90, 'dropout': 0.19701063654334905, 'hidden_continuous_size': 28, 'attention_head_size': 2, 'learning_rate': 0.023795441410998704}. Best is trial 121 with value: 0.0768580362200737.
LOCAL_RANK: 0 - CUDA_VISIBLE_DEVICES: [0]
[I 2023-11-30 12:22:37,492] Trial 133 finished with value: 0.08400989323854446 and parameters: {'gradient_clip_val': 0.3386767252607121, 'hidden_size': 55, 'dropout': 0.1387445805681392, 'hidden_continuous_size': 24, 'attention_head_size': 2, 'learning_rate': 0.030084939302747995}. Best is trial 121 with value: 0.0768580362200737.
LOCAL_RANK: 0 - CUDA_VISIBLE_DEVICES: [0]
[I 2023-11-30 12:22:51,039] Trial 134 finished with value: 0.17119836807250977 and parameters: {'gradient_clip_val': 0.2632183395321637, 'hidden_size': 58, 'dropout': 0.12872869518449426, 'hidden_continuous_size': 24, 'attention_head_size': 2, 'learning_rate': 0.030519105319974305}. Best is trial 121 with value: 0.0768580362200737.
LOCAL_RANK: 0 - CUDA_VISIBLE_DEVICES: [0]
[I 2023-11-30 12:23:04,611] Trial 135 finished with value: 0.0994754359126091 and parameters: {'gradient_clip_val': 0.3131778123240639, 'hidden_size': 63, 'dropout': 0.2685343226012912, 'hidden_continuous_size': 23, 'attention_head_size': 2, 'learning_rate': 0.042609872148647004}. Best is trial 121 with value: 0.0768580362200737.
LOCAL_RANK: 0 - CUDA_VISIBLE_DEVICES: [0]
[I 2023-11-30 12:23:17,824] Trial 136 finished with value: 0.1999349743127823 and parameters: {'gradient_clip_val': 0.18323734974397962, 'hidden_size': 55, 'dropout': 0.13657060822244485, 'hidden_continuous_size': 22, 'attention_head_size': 2, 'learning_rate': 0.03329734354993715}. Best is trial 121 with value: 0.0768580362200737.
LOCAL_RANK: 0 - CUDA_VISIBLE_DEVICES: [0]
[I 2023-11-30 12:23:31,785] Trial 137 finished with value: 0.21123665571212769 and parameters: {'gradient_clip_val': 0.2761034267808097, 'hidden_size': 79, 'dropout': 0.10613775148195549, 'hidden_continuous_size': 20, 'attention_head_size': 3, 'learning_rate': 0.0755108247325363}. Best is trial 121 with value: 0.0768580362200737.
LOCAL_RANK: 0 - CUDA_VISIBLE_DEVICES: [0]
[I 2023-11-30 12:23:44,816] Trial 138 finished with value: 0.36952295899391174 and parameters: {'gradient_clip_val': 0.335946646461868, 'hidden_size': 47, 'dropout': 0.22356553838560703, 'hidden_continuous_size': 11, 'attention_head_size': 2, 'learning_rate': 0.03549345137642103}. Best is trial 121 with value: 0.0768580362200737.
LOCAL_RANK: 0 - CUDA_VISIBLE_DEVICES: [0]
[I 2023-11-30 12:23:58,562] Trial 139 finished with value: 0.2200421839952469 and parameters: {'gradient_clip_val': 0.23702190775501605, 'hidden_size': 73, 'dropout': 0.1410235679752587, 'hidden_continuous_size': 25, 'attention_head_size': 2, 'learning_rate': 0.04646866278160709}. Best is trial 121 with value: 0.0768580362200737.
LOCAL_RANK: 0 - CUDA_VISIBLE_DEVICES: [0]
[I 2023-11-30 12:24:11,978] Trial 140 finished with value: 0.20466017723083496 and parameters: {'gradient_clip_val': 0.29491802203873796, 'hidden_size': 51, 'dropout': 0.23463437956501706, 'hidden_continuous_size': 27, 'attention_head_size': 3, 'learning_rate': 0.055124372917381224}. Best is trial 121 with value: 0.0768580362200737.
LOCAL_RANK: 0 - CUDA_VISIBLE_DEVICES: [0]
[I 2023-11-30 12:24:26,081] Trial 141 finished with value: 0.11688912659883499 and parameters: {'gradient_clip_val': 0.37420321765081715, 'hidden_size': 85, 'dropout': 0.14841372441303016, 'hidden_continuous_size': 26, 'attention_head_size': 2, 'learning_rate': 0.020972245928310818}. Best is trial 121 with value: 0.0768580362200737.
LOCAL_RANK: 0 - CUDA_VISIBLE_DEVICES: [0]
[I 2023-11-30 12:24:39,664] Trial 142 finished with value: 0.11169686168432236 and parameters: {'gradient_clip_val': 0.32048357390478166, 'hidden_size': 67, 'dropout': 0.16408995990485498, 'hidden_continuous_size': 23, 'attention_head_size': 2, 'learning_rate': 0.029092564925038977}. Best is trial 121 with value: 0.0768580362200737.
LOCAL_RANK: 0 - CUDA_VISIBLE_DEVICES: [0]
[I 2023-11-30 12:24:52,784] Trial 143 finished with value: 0.13612501323223114 and parameters: {'gradient_clip_val': 0.3496035421639784, 'hidden_size': 44, 'dropout': 0.25612468816197037, 'hidden_continuous_size': 24, 'attention_head_size': 2, 'learning_rate': 0.060706442113512955}. Best is trial 121 with value: 0.0768580362200737.
LOCAL_RANK: 0 - CUDA_VISIBLE_DEVICES: [0]
[I 2023-11-30 12:25:06,469] Trial 144 finished with value: 0.23409633338451385 and parameters: {'gradient_clip_val': 0.3899303332848851, 'hidden_size': 80, 'dropout': 0.11833503560575534, 'hidden_continuous_size': 29, 'attention_head_size': 2, 'learning_rate': 0.019219243491673345}. Best is trial 121 with value: 0.0768580362200737.
LOCAL_RANK: 0 - CUDA_VISIBLE_DEVICES: [0]
[I 2023-11-30 12:25:19,910] Trial 145 finished with value: 0.16448931396007538 and parameters: {'gradient_clip_val': 0.19264090442146706, 'hidden_size': 60, 'dropout': 0.2459820335500762, 'hidden_continuous_size': 25, 'attention_head_size': 2, 'learning_rate': 0.025716945318540043}. Best is trial 121 with value: 0.0768580362200737.
LOCAL_RANK: 0 - CUDA_VISIBLE_DEVICES: [0]
[I 2023-11-30 12:25:33,277] Trial 146 finished with value: 0.2198992520570755 and parameters: {'gradient_clip_val': 0.36437807550474494, 'hidden_size': 56, 'dropout': 0.2109083272918061, 'hidden_continuous_size': 22, 'attention_head_size': 2, 'learning_rate': 0.015441693355758693}. Best is trial 121 with value: 0.0768580362200737.
LOCAL_RANK: 0 - CUDA_VISIBLE_DEVICES: [0]
[I 2023-11-30 12:25:46,993] Trial 147 finished with value: 0.11225540190935135 and parameters: {'gradient_clip_val': 0.33245238665500404, 'hidden_size': 72, 'dropout': 0.12468483715582117, 'hidden_continuous_size': 27, 'attention_head_size': 2, 'learning_rate': 0.0861851252644695}. Best is trial 121 with value: 0.0768580362200737.
LOCAL_RANK: 0 - CUDA_VISIBLE_DEVICES: [0]
[I 2023-11-30 12:26:00,817] Trial 148 finished with value: 0.17722560465335846 and parameters: {'gradient_clip_val': 0.28444017724850085, 'hidden_size': 65, 'dropout': 0.15261299914353574, 'hidden_continuous_size': 26, 'attention_head_size': 1, 'learning_rate': 0.06644483918769566}. Best is trial 121 with value: 0.0768580362200737.
LOCAL_RANK: 0 - CUDA_VISIBLE_DEVICES: [0]
[I 2023-11-30 12:26:14,532] Trial 149 finished with value: 0.20914550125598907 and parameters: {'gradient_clip_val': 0.24786886453878434, 'hidden_size': 97, 'dropout': 0.17092435960712785, 'hidden_continuous_size': 16, 'attention_head_size': 2, 'learning_rate': 0.04130617100914495}. Best is trial 121 with value: 0.0768580362200737.
[I 2023-11-30 12:26:14,716] A new study created in memory with name: no-name-2c9edb71-cb8c-4618-984f-de723ea9bbdc
/home/le004/conda/anaconda3/envs/tsff_env/lib/python3.9/site-packages/lightning/fabric/plugins/environments/slurm.py:191: The `srun` command is available on your system but is not used. HINT: If your intention is to run Lightning on SLURM, prepend your python command with `srun` like so: srun python /home/le004/master_thesis/git/TSFusionForecast/code/ ...
LOCAL_RANK: 0 - CUDA_VISIBLE_DEVICES: [0]
[I 2023-11-30 12:26:28,110] Trial 0 finished with value: 166.72483825683594 and parameters: {'gradient_clip_val': 0.30664677018872855, 'hidden_size': 42, 'dropout': 0.19747283555497797, 'hidden_continuous_size': 37, 'attention_head_size': 3, 'learning_rate': 0.002561522511927884}. Best is trial 0 with value: 166.72483825683594.
LOCAL_RANK: 0 - CUDA_VISIBLE_DEVICES: [0]
[I 2023-11-30 12:26:41,481] Trial 1 finished with value: 104.39633178710938 and parameters: {'gradient_clip_val': 0.35647342944385124, 'hidden_size': 84, 'dropout': 0.3440734719953308, 'hidden_continuous_size': 14, 'attention_head_size': 1, 'learning_rate': 0.006923803038117359}. Best is trial 1 with value: 104.39633178710938.
LOCAL_RANK: 0 - CUDA_VISIBLE_DEVICES: [0]
[I 2023-11-30 12:26:55,886] Trial 2 finished with value: 120.01931762695312 and parameters: {'gradient_clip_val': 0.27619864865356014, 'hidden_size': 124, 'dropout': 0.1829945278067068, 'hidden_continuous_size': 96, 'attention_head_size': 2, 'learning_rate': 0.0010984147229699606}. Best is trial 1 with value: 104.39633178710938.
LOCAL_RANK: 0 - CUDA_VISIBLE_DEVICES: [0]
[I 2023-11-30 12:27:08,592] Trial 3 finished with value: 76.38117218017578 and parameters: {'gradient_clip_val': 0.21228485204696015, 'hidden_size': 32, 'dropout': 0.23450542590835446, 'hidden_continuous_size': 13, 'attention_head_size': 3, 'learning_rate': 0.03041540473400943}. Best is trial 3 with value: 76.38117218017578.
LOCAL_RANK: 0 - CUDA_VISIBLE_DEVICES: [0]
[I 2023-11-30 12:27:21,543] Trial 4 finished with value: 105.40225982666016 and parameters: {'gradient_clip_val': 0.1133118104516916, 'hidden_size': 50, 'dropout': 0.37530206363620056, 'hidden_continuous_size': 11, 'attention_head_size': 1, 'learning_rate': 0.0792418478279089}. Best is trial 3 with value: 76.38117218017578.
LOCAL_RANK: 0 - CUDA_VISIBLE_DEVICES: [0]
[I 2023-11-30 12:27:35,167] Trial 5 finished with value: 93.2206039428711 and parameters: {'gradient_clip_val': 0.1441149553571856, 'hidden_size': 72, 'dropout': 0.2975869438961215, 'hidden_continuous_size': 50, 'attention_head_size': 2, 'learning_rate': 0.04644415008458806}. Best is trial 3 with value: 76.38117218017578.
LOCAL_RANK: 0 - CUDA_VISIBLE_DEVICES: [0]
[I 2023-11-30 12:27:47,558] Trial 6 finished with value: 157.54736328125 and parameters: {'gradient_clip_val': 0.7402839522455004, 'hidden_size': 32, 'dropout': 0.14757514581105394, 'hidden_continuous_size': 21, 'attention_head_size': 1, 'learning_rate': 0.007952091388456616}. Best is trial 3 with value: 76.38117218017578.
LOCAL_RANK: 0 - CUDA_VISIBLE_DEVICES: [0]
[I 2023-11-30 12:28:00,458] Trial 7 finished with value: 166.7955322265625 and parameters: {'gradient_clip_val': 0.120620283978856, 'hidden_size': 48, 'dropout': 0.28367124209716427, 'hidden_continuous_size': 14, 'attention_head_size': 3, 'learning_rate': 0.00396042584242417}. Best is trial 3 with value: 76.38117218017578.
LOCAL_RANK: 0 - CUDA_VISIBLE_DEVICES: [0]
[I 2023-11-30 12:28:14,849] Trial 8 finished with value: 79.89096069335938 and parameters: {'gradient_clip_val': 0.2815275228380157, 'hidden_size': 141, 'dropout': 0.2518295727073455, 'hidden_continuous_size': 27, 'attention_head_size': 1, 'learning_rate': 0.01723486528933462}. Best is trial 3 with value: 76.38117218017578.
LOCAL_RANK: 0 - CUDA_VISIBLE_DEVICES: [0]
[I 2023-11-30 12:28:27,079] Trial 9 finished with value: 603.1419067382812 and parameters: {'gradient_clip_val': 0.27158542705883215, 'hidden_size': 20, 'dropout': 0.24524206526118073, 'hidden_continuous_size': 12, 'attention_head_size': 3, 'learning_rate': 0.0018310322781221865}. Best is trial 3 with value: 76.38117218017578.
LOCAL_RANK: 0 - CUDA_VISIBLE_DEVICES: [0]
[I 2023-11-30 12:28:37,809] Trial 10 finished with value: 175.2649383544922 and parameters: {'gradient_clip_val': 0.17902623040195104, 'hidden_size': 10, 'dropout': 0.11890663826684461, 'hidden_continuous_size': 10, 'attention_head_size': 4, 'learning_rate': 0.032412096544242104}. Best is trial 3 with value: 76.38117218017578.
LOCAL_RANK: 0 - CUDA_VISIBLE_DEVICES: [0]
[I 2023-11-30 12:28:52,582] Trial 11 finished with value: 58.98027420043945 and parameters: {'gradient_clip_val': 0.2130252070242028, 'hidden_size': 142, 'dropout': 0.2351723429087867, 'hidden_continuous_size': 24, 'attention_head_size': 4, 'learning_rate': 0.02204792296072492}. Best is trial 11 with value: 58.98027420043945.
LOCAL_RANK: 0 - CUDA_VISIBLE_DEVICES: [0]
[I 2023-11-30 12:29:05,458] Trial 12 finished with value: 114.77301788330078 and parameters: {'gradient_clip_val': 0.16979064032795632, 'hidden_size': 27, 'dropout': 0.21293446671979752, 'hidden_continuous_size': 13, 'attention_head_size': 4, 'learning_rate': 0.01737717972366765}. Best is trial 11 with value: 58.98027420043945.
LOCAL_RANK: 0 - CUDA_VISIBLE_DEVICES: [0]
[I 2023-11-30 12:29:19,535] Trial 13 finished with value: 77.17937469482422 and parameters: {'gradient_clip_val': 0.2064216643460448, 'hidden_size': 82, 'dropout': 0.24653994129081463, 'hidden_continuous_size': 18, 'attention_head_size': 4, 'learning_rate': 0.023826273881991444}. Best is trial 11 with value: 58.98027420043945.
LOCAL_RANK: 0 - CUDA_VISIBLE_DEVICES: [0]
[I 2023-11-30 12:29:32,049] Trial 14 finished with value: 103.0134048461914 and parameters: {'gradient_clip_val': 0.4226261403865054, 'hidden_size': 23, 'dropout': 0.17970975138477968, 'hidden_continuous_size': 10, 'attention_head_size': 4, 'learning_rate': 0.06254066500193595}. Best is trial 11 with value: 58.98027420043945.
LOCAL_RANK: 0 - CUDA_VISIBLE_DEVICES: [0]
[I 2023-11-30 12:29:46,614] Trial 15 finished with value: 68.28530883789062 and parameters: {'gradient_clip_val': 0.10272859616209302, 'hidden_size': 150, 'dropout': 0.10419633013805482, 'hidden_continuous_size': 22, 'attention_head_size': 3, 'learning_rate': 0.03628702983732029}. Best is trial 11 with value: 58.98027420043945.
LOCAL_RANK: 0 - CUDA_VISIBLE_DEVICES: [0]
[I 2023-11-30 12:30:00,805] Trial 16 finished with value: 108.37332916259766 and parameters: {'gradient_clip_val': 0.10126980802690748, 'hidden_size': 144, 'dropout': 0.10099510082120063, 'hidden_continuous_size': 26, 'attention_head_size': 2, 'learning_rate': 0.08950433527010165}. Best is trial 11 with value: 58.98027420043945.
LOCAL_RANK: 0 - CUDA_VISIBLE_DEVICES: [0]
[I 2023-11-30 12:30:15,336] Trial 17 finished with value: 68.98213195800781 and parameters: {'gradient_clip_val': 0.14565434772777097, 'hidden_size': 109, 'dropout': 0.15365972205222866, 'hidden_continuous_size': 37, 'attention_head_size': 4, 'learning_rate': 0.015307185624202595}. Best is trial 11 with value: 58.98027420043945.
LOCAL_RANK: 0 - CUDA_VISIBLE_DEVICES: [0]
[I 2023-11-30 12:30:29,386] Trial 18 finished with value: 87.43609619140625 and parameters: {'gradient_clip_val': 0.10461240012356145, 'hidden_size': 108, 'dropout': 0.13712554243530944, 'hidden_continuous_size': 19, 'attention_head_size': 3, 'learning_rate': 0.040940808856053966}. Best is trial 11 with value: 58.98027420043945.
LOCAL_RANK: 0 - CUDA_VISIBLE_DEVICES: [0]
[I 2023-11-30 12:30:43,049] Trial 19 finished with value: 64.98666381835938 and parameters: {'gradient_clip_val': 0.13947547542900154, 'hidden_size': 67, 'dropout': 0.10262407033865209, 'hidden_continuous_size': 17, 'attention_head_size': 4, 'learning_rate': 0.011303950793597809}. Best is trial 11 with value: 58.98027420043945.
LOCAL_RANK: 0 - CUDA_VISIBLE_DEVICES: [0]
[I 2023-11-30 12:30:56,547] Trial 20 finished with value: 97.1135482788086 and parameters: {'gradient_clip_val': 0.14417719882278973, 'hidden_size': 63, 'dropout': 0.16516975342358503, 'hidden_continuous_size': 17, 'attention_head_size': 4, 'learning_rate': 0.009316523056893315}. Best is trial 11 with value: 58.98027420043945.
LOCAL_RANK: 0 - CUDA_VISIBLE_DEVICES: [0]
[I 2023-11-30 12:31:10,511] Trial 21 finished with value: 124.61373138427734 and parameters: {'gradient_clip_val': 0.12037745849863153, 'hidden_size': 104, 'dropout': 0.10139535973779172, 'hidden_continuous_size': 23, 'attention_head_size': 4, 'learning_rate': 0.01197544847833496}. Best is trial 11 with value: 58.98027420043945.
LOCAL_RANK: 0 - CUDA_VISIBLE_DEVICES: [0]
[I 2023-11-30 12:31:25,032] Trial 22 finished with value: 69.61510467529297 and parameters: {'gradient_clip_val': 0.13559588115764662, 'hidden_size': 140, 'dropout': 0.13471125095284767, 'hidden_continuous_size': 31, 'attention_head_size': 3, 'learning_rate': 0.022921020433871408}. Best is trial 11 with value: 58.98027420043945.
LOCAL_RANK: 0 - CUDA_VISIBLE_DEVICES: [0]
[I 2023-11-30 12:31:38,992] Trial 23 finished with value: 65.7803955078125 and parameters: {'gradient_clip_val': 0.100706146974917, 'hidden_size': 95, 'dropout': 0.12840036603840285, 'hidden_continuous_size': 16, 'attention_head_size': 4, 'learning_rate': 0.044857862425649604}. Best is trial 11 with value: 58.98027420043945.
LOCAL_RANK: 0 - CUDA_VISIBLE_DEVICES: [0]
[I 2023-11-30 12:31:52,909] Trial 24 finished with value: 69.22345733642578 and parameters: {'gradient_clip_val': 0.16803231965222865, 'hidden_size': 90, 'dropout': 0.12662468450559905, 'hidden_continuous_size': 16, 'attention_head_size': 4, 'learning_rate': 0.05538028117039845}. Best is trial 11 with value: 58.98027420043945.
LOCAL_RANK: 0 - CUDA_VISIBLE_DEVICES: [0]
[I 2023-11-30 12:32:06,534] Trial 25 finished with value: 108.33065032958984 and parameters: {'gradient_clip_val': 0.21465872482507792, 'hidden_size': 69, 'dropout': 0.15994130093066805, 'hidden_continuous_size': 16, 'attention_head_size': 4, 'learning_rate': 0.012152303059062158}. Best is trial 11 with value: 58.98027420043945.
LOCAL_RANK: 0 - CUDA_VISIBLE_DEVICES: [0]
[I 2023-11-30 12:32:20,482] Trial 26 finished with value: 82.63626861572266 and parameters: {'gradient_clip_val': 0.1283723726137941, 'hidden_size': 94, 'dropout': 0.20569980813799718, 'hidden_continuous_size': 20, 'attention_head_size': 4, 'learning_rate': 0.022509514505300636}. Best is trial 11 with value: 58.98027420043945.
LOCAL_RANK: 0 - CUDA_VISIBLE_DEVICES: [0]
[I 2023-11-30 12:32:34,786] Trial 27 finished with value: 77.82917022705078 and parameters: {'gradient_clip_val': 0.1675358260678524, 'hidden_size': 111, 'dropout': 0.12993749669649607, 'hidden_continuous_size': 15, 'attention_head_size': 4, 'learning_rate': 0.006233279398969867}. Best is trial 11 with value: 58.98027420043945.
LOCAL_RANK: 0 - CUDA_VISIBLE_DEVICES: [0]
[I 2023-11-30 12:32:48,247] Trial 28 finished with value: 63.86433029174805 and parameters: {'gradient_clip_val': 0.12116361090834712, 'hidden_size': 62, 'dropout': 0.16533127340351508, 'hidden_continuous_size': 18, 'attention_head_size': 3, 'learning_rate': 0.09972261751185865}. Best is trial 11 with value: 58.98027420043945.
LOCAL_RANK: 0 - CUDA_VISIBLE_DEVICES: [0]
[I 2023-11-30 12:33:01,725] Trial 29 finished with value: 97.83300018310547 and parameters: {'gradient_clip_val': 0.12702418448799993, 'hidden_size': 59, 'dropout': 0.16197397213273473, 'hidden_continuous_size': 18, 'attention_head_size': 3, 'learning_rate': 0.09740197720931607}. Best is trial 11 with value: 58.98027420043945.
LOCAL_RANK: 0 - CUDA_VISIBLE_DEVICES: [0]
[I 2023-11-30 12:33:14,875] Trial 30 finished with value: 94.4680404663086 and parameters: {'gradient_clip_val': 0.1923186588645192, 'hidden_size': 56, 'dropout': 0.18640297583558904, 'hidden_continuous_size': 20, 'attention_head_size': 2, 'learning_rate': 0.06605089167990005}. Best is trial 11 with value: 58.98027420043945.
LOCAL_RANK: 0 - CUDA_VISIBLE_DEVICES: [0]
[I 2023-11-30 12:33:28,608] Trial 31 finished with value: 61.42061996459961 and parameters: {'gradient_clip_val': 0.11636069773107874, 'hidden_size': 81, 'dropout': 0.1146708975935631, 'hidden_continuous_size': 16, 'attention_head_size': 4, 'learning_rate': 0.04817576679893906}. Best is trial 11 with value: 58.98027420043945.
LOCAL_RANK: 0 - CUDA_VISIBLE_DEVICES: [0]
