[I 2023-11-30 03:30:36,554] Trial 9 finished with value: 1.2552889585494995 and parameters: {'gradient_clip_val': 0.8799703425839648, 'hidden_size': 18, 'dropout': 0.365594489689569, 'hidden_continuous_size': 10, 'attention_head_size': 4, 'learning_rate': 0.0022544103719832043}. Best is trial 4 with value: 0.08365339040756226.
LOCAL_RANK: 0 - CUDA_VISIBLE_DEVICES: [0]
[I 2023-11-30 03:30:51,534] Trial 10 finished with value: 0.22956769168376923 and parameters: {'gradient_clip_val': 0.11340398482132662, 'hidden_size': 142, 'dropout': 0.20592607908419053, 'hidden_continuous_size': 117, 'attention_head_size': 2, 'learning_rate': 0.09804302991937945}. Best is trial 4 with value: 0.08365339040756226.
LOCAL_RANK: 0 - CUDA_VISIBLE_DEVICES: [0]
[I 2023-11-30 03:31:05,021] Trial 11 finished with value: 0.1573205143213272 and parameters: {'gradient_clip_val': 0.5402944074130372, 'hidden_size': 68, 'dropout': 0.1987865382288172, 'hidden_continuous_size': 22, 'attention_head_size': 1, 'learning_rate': 0.018108498438758842}. Best is trial 4 with value: 0.08365339040756226.
LOCAL_RANK: 0 - CUDA_VISIBLE_DEVICES: [0]
[I 2023-11-30 03:31:18,088] Trial 12 finished with value: 0.28638312220573425 and parameters: {'gradient_clip_val': 0.47362482173435977, 'hidden_size': 45, 'dropout': 0.19410880884054021, 'hidden_continuous_size': 19, 'attention_head_size': 2, 'learning_rate': 0.019307690546897384}. Best is trial 4 with value: 0.08365339040756226.
LOCAL_RANK: 0 - CUDA_VISIBLE_DEVICES: [0]
[I 2023-11-30 03:31:31,745] Trial 13 finished with value: 0.9458038210868835 and parameters: {'gradient_clip_val': 0.2262408023458638, 'hidden_size': 75, 'dropout': 0.10755033055798593, 'hidden_continuous_size': 22, 'attention_head_size': 2, 'learning_rate': 0.0010534560102819239}. Best is trial 4 with value: 0.08365339040756226.
LOCAL_RANK: 0 - CUDA_VISIBLE_DEVICES: [0]
[I 2023-11-30 03:31:44,689] Trial 14 finished with value: 0.147247776389122 and parameters: {'gradient_clip_val': 0.4484435876535101, 'hidden_size': 33, 'dropout': 0.2010824797711075, 'hidden_continuous_size': 17, 'attention_head_size': 1, 'learning_rate': 0.0411996031109292}. Best is trial 4 with value: 0.08365339040756226.
LOCAL_RANK: 0 - CUDA_VISIBLE_DEVICES: [0]
[I 2023-11-30 03:31:57,389] Trial 15 finished with value: 0.2297186702489853 and parameters: {'gradient_clip_val': 0.3969083444613457, 'hidden_size': 29, 'dropout': 0.22929770138950364, 'hidden_continuous_size': 16, 'attention_head_size': 2, 'learning_rate': 0.05723505530063372}. Best is trial 4 with value: 0.08365339040756226.
LOCAL_RANK: 0 - CUDA_VISIBLE_DEVICES: [0]
[I 2023-11-30 03:32:09,955] Trial 16 finished with value: 0.3190380036830902 and parameters: {'gradient_clip_val': 0.23131417585748484, 'hidden_size': 30, 'dropout': 0.17479679517338081, 'hidden_continuous_size': 14, 'attention_head_size': 1, 'learning_rate': 0.03643764219036753}. Best is trial 4 with value: 0.08365339040756226.
LOCAL_RANK: 0 - CUDA_VISIBLE_DEVICES: [0]
[I 2023-11-30 03:32:20,620] Trial 17 finished with value: 0.2933533191680908 and parameters: {'gradient_clip_val': 0.10096223134106135, 'hidden_size': 10, 'dropout': 0.15632993507610154, 'hidden_continuous_size': 10, 'attention_head_size': 4, 'learning_rate': 0.08542702376509316}. Best is trial 4 with value: 0.08365339040756226.
LOCAL_RANK: 0 - CUDA_VISIBLE_DEVICES: [0]
[I 2023-11-30 03:32:33,541] Trial 18 finished with value: 0.1216549277305603 and parameters: {'gradient_clip_val': 0.4083737086753224, 'hidden_size': 32, 'dropout': 0.24276626103008608, 'hidden_continuous_size': 17, 'attention_head_size': 2, 'learning_rate': 0.0339771956039546}. Best is trial 4 with value: 0.08365339040756226.
LOCAL_RANK: 0 - CUDA_VISIBLE_DEVICES: [0]
[I 2023-11-30 03:32:46,706] Trial 19 finished with value: 0.30435630679130554 and parameters: {'gradient_clip_val': 0.2641064454776829, 'hidden_size': 56, 'dropout': 0.2610535228416296, 'hidden_continuous_size': 18, 'attention_head_size': 3, 'learning_rate': 0.011041984571060289}. Best is trial 4 with value: 0.08365339040756226.
LOCAL_RANK: 0 - CUDA_VISIBLE_DEVICES: [0]
[I 2023-11-30 03:32:59,236] Trial 20 finished with value: 0.19432680308818817 and parameters: {'gradient_clip_val': 0.18011292212537583, 'hidden_size': 26, 'dropout': 0.22959295010316996, 'hidden_continuous_size': 15, 'attention_head_size': 2, 'learning_rate': 0.06585296324525301}. Best is trial 4 with value: 0.08365339040756226.
LOCAL_RANK: 0 - CUDA_VISIBLE_DEVICES: [0]
[I 2023-11-30 03:33:12,005] Trial 21 finished with value: 0.22709304094314575 and parameters: {'gradient_clip_val': 0.41132990862808444, 'hidden_size': 34, 'dropout': 0.22481659308374446, 'hidden_continuous_size': 17, 'attention_head_size': 1, 'learning_rate': 0.03518921967465109}. Best is trial 4 with value: 0.08365339040756226.
LOCAL_RANK: 0 - CUDA_VISIBLE_DEVICES: [0]
[I 2023-11-30 03:33:25,049] Trial 22 finished with value: 0.11130017042160034 and parameters: {'gradient_clip_val': 0.3948080860607941, 'hidden_size': 43, 'dropout': 0.2830465948073245, 'hidden_continuous_size': 20, 'attention_head_size': 2, 'learning_rate': 0.034016154332372026}. Best is trial 4 with value: 0.08365339040756226.
LOCAL_RANK: 0 - CUDA_VISIBLE_DEVICES: [0]
[I 2023-11-30 03:33:38,268] Trial 23 finished with value: 0.16335360705852509 and parameters: {'gradient_clip_val': 0.3428694001151529, 'hidden_size': 42, 'dropout': 0.2849832558031642, 'hidden_continuous_size': 20, 'attention_head_size': 2, 'learning_rate': 0.028200271095683214}. Best is trial 4 with value: 0.08365339040756226.
LOCAL_RANK: 0 - CUDA_VISIBLE_DEVICES: [0]
[I 2023-11-30 03:33:51,801] Trial 24 finished with value: 0.1857302188873291 and parameters: {'gradient_clip_val': 0.2932454336923344, 'hidden_size': 57, 'dropout': 0.31057848967929785, 'hidden_continuous_size': 26, 'attention_head_size': 2, 'learning_rate': 0.05680637652432541}. Best is trial 4 with value: 0.08365339040756226.
LOCAL_RANK: 0 - CUDA_VISIBLE_DEVICES: [0]
[I 2023-11-30 03:34:04,206] Trial 25 finished with value: 0.29999127984046936 and parameters: {'gradient_clip_val': 0.37170405688772223, 'hidden_size': 24, 'dropout': 0.2628594629957379, 'hidden_continuous_size': 16, 'attention_head_size': 3, 'learning_rate': 0.03139553899137945}. Best is trial 4 with value: 0.08365339040756226.
LOCAL_RANK: 0 - CUDA_VISIBLE_DEVICES: [0]
[I 2023-11-30 03:34:17,165] Trial 26 finished with value: 0.22291719913482666 and parameters: {'gradient_clip_val': 0.5232599053305006, 'hidden_size': 39, 'dropout': 0.2819163042909866, 'hidden_continuous_size': 14, 'attention_head_size': 2, 'learning_rate': 0.06801230340766433}. Best is trial 4 with value: 0.08365339040756226.
LOCAL_RANK: 0 - CUDA_VISIBLE_DEVICES: [0]
[I 2023-11-30 03:34:29,510] Trial 27 finished with value: 0.23510317504405975 and parameters: {'gradient_clip_val': 0.220214118665349, 'hidden_size': 24, 'dropout': 0.39918092125559346, 'hidden_continuous_size': 17, 'attention_head_size': 3, 'learning_rate': 0.04752464245677878}. Best is trial 4 with value: 0.08365339040756226.
LOCAL_RANK: 0 - CUDA_VISIBLE_DEVICES: [0]
[I 2023-11-30 03:34:42,665] Trial 28 finished with value: 0.30066344141960144 and parameters: {'gradient_clip_val': 0.3029147147348847, 'hidden_size': 37, 'dropout': 0.3191163657639481, 'hidden_continuous_size': 20, 'attention_head_size': 2, 'learning_rate': 0.02570949471942992}. Best is trial 4 with value: 0.08365339040756226.
LOCAL_RANK: 0 - CUDA_VISIBLE_DEVICES: [0]
[I 2023-11-30 03:34:56,836] Trial 29 finished with value: 0.21207912266254425 and parameters: {'gradient_clip_val': 0.3797525979486798, 'hidden_size': 106, 'dropout': 0.2477696715611868, 'hidden_continuous_size': 26, 'attention_head_size': 4, 'learning_rate': 0.047905649553855366}. Best is trial 4 with value: 0.08365339040756226.
LOCAL_RANK: 0 - CUDA_VISIBLE_DEVICES: [0]
[I 2023-11-30 03:35:09,886] Trial 30 finished with value: 0.23121799528598785 and parameters: {'gradient_clip_val': 0.19510195196360203, 'hidden_size': 52, 'dropout': 0.3326327518976304, 'hidden_continuous_size': 13, 'attention_head_size': 3, 'learning_rate': 0.012686190845727596}. Best is trial 4 with value: 0.08365339040756226.
LOCAL_RANK: 0 - CUDA_VISIBLE_DEVICES: [0]
[I 2023-11-30 03:35:22,552] Trial 31 finished with value: 0.20050401985645294 and parameters: {'gradient_clip_val': 0.41264406716324536, 'hidden_size': 36, 'dropout': 0.21986380275249046, 'hidden_continuous_size': 17, 'attention_head_size': 1, 'learning_rate': 0.0410103313306025}. Best is trial 4 with value: 0.08365339040756226.
LOCAL_RANK: 0 - CUDA_VISIBLE_DEVICES: [0]
[I 2023-11-30 03:35:35,601] Trial 32 finished with value: 0.29596251249313354 and parameters: {'gradient_clip_val': 0.4548147603651678, 'hidden_size': 45, 'dropout': 0.24334663079676105, 'hidden_continuous_size': 19, 'attention_head_size': 1, 'learning_rate': 0.0392545097180973}. Best is trial 4 with value: 0.08365339040756226.
LOCAL_RANK: 0 - CUDA_VISIBLE_DEVICES: [0]
[I 2023-11-30 03:35:48,357] Trial 33 finished with value: 0.26068413257598877 and parameters: {'gradient_clip_val': 0.15370763443825236, 'hidden_size': 32, 'dropout': 0.2683412232347538, 'hidden_continuous_size': 18, 'attention_head_size': 2, 'learning_rate': 0.028426827795315433}. Best is trial 4 with value: 0.08365339040756226.
LOCAL_RANK: 0 - CUDA_VISIBLE_DEVICES: [0]
[I 2023-11-30 03:36:01,693] Trial 34 finished with value: 0.1713990420103073 and parameters: {'gradient_clip_val': 0.27664018432805015, 'hidden_size': 51, 'dropout': 0.2949190454565631, 'hidden_continuous_size': 21, 'attention_head_size': 3, 'learning_rate': 0.07509483296847363}. Best is trial 4 with value: 0.08365339040756226.
LOCAL_RANK: 0 - CUDA_VISIBLE_DEVICES: [0]
[I 2023-11-30 03:36:15,028] Trial 35 finished with value: 0.3945675790309906 and parameters: {'gradient_clip_val': 0.31807373334288336, 'hidden_size': 60, 'dropout': 0.18132705140599378, 'hidden_continuous_size': 24, 'attention_head_size': 1, 'learning_rate': 0.02322207409657781}. Best is trial 4 with value: 0.08365339040756226.
LOCAL_RANK: 0 - CUDA_VISIBLE_DEVICES: [0]
[I 2023-11-30 03:36:28,030] Trial 36 finished with value: 0.14411693811416626 and parameters: {'gradient_clip_val': 0.4621800435501462, 'hidden_size': 43, 'dropout': 0.21207101584187596, 'hidden_continuous_size': 15, 'attention_head_size': 2, 'learning_rate': 0.049299688408159674}. Best is trial 4 with value: 0.08365339040756226.
LOCAL_RANK: 0 - CUDA_VISIBLE_DEVICES: [0]
[I 2023-11-30 03:36:41,077] Trial 37 finished with value: 0.24819014966487885 and parameters: {'gradient_clip_val': 0.3491096643886411, 'hidden_size': 47, 'dropout': 0.2740354740937248, 'hidden_continuous_size': 15, 'attention_head_size': 2, 'learning_rate': 0.05275163777319798}. Best is trial 4 with value: 0.08365339040756226.
LOCAL_RANK: 0 - CUDA_VISIBLE_DEVICES: [0]
[I 2023-11-30 03:36:54,250] Trial 38 finished with value: 0.1764489859342575 and parameters: {'gradient_clip_val': 0.5712693227466737, 'hidden_size': 39, 'dropout': 0.23931890322082108, 'hidden_continuous_size': 16, 'attention_head_size': 3, 'learning_rate': 0.09428720864879823}. Best is trial 4 with value: 0.08365339040756226.
LOCAL_RANK: 0 - CUDA_VISIBLE_DEVICES: [0]
[I 2023-11-30 03:37:07,015] Trial 39 finished with value: 0.2652462422847748 and parameters: {'gradient_clip_val': 0.2622391327810221, 'hidden_size': 43, 'dropout': 0.25811578456266504, 'hidden_continuous_size': 12, 'attention_head_size': 2, 'learning_rate': 0.014614191803123197}. Best is trial 4 with value: 0.08365339040756226.
LOCAL_RANK: 0 - CUDA_VISIBLE_DEVICES: [0]
[I 2023-11-30 03:37:20,465] Trial 40 finished with value: 0.1970878690481186 and parameters: {'gradient_clip_val': 0.3207365900312909, 'hidden_size': 62, 'dropout': 0.2116838756984571, 'hidden_continuous_size': 13, 'attention_head_size': 4, 'learning_rate': 0.023035493195684462}. Best is trial 4 with value: 0.08365339040756226.
LOCAL_RANK: 0 - CUDA_VISIBLE_DEVICES: [0]
[I 2023-11-30 03:37:33,155] Trial 41 finished with value: 0.27669405937194824 and parameters: {'gradient_clip_val': 0.42701564443186824, 'hidden_size': 31, 'dropout': 0.21704189242705024, 'hidden_continuous_size': 18, 'attention_head_size': 1, 'learning_rate': 0.043888253178227414}. Best is trial 4 with value: 0.08365339040756226.
LOCAL_RANK: 0 - CUDA_VISIBLE_DEVICES: [0]
[I 2023-11-30 03:37:46,183] Trial 42 finished with value: 0.14634327590465546 and parameters: {'gradient_clip_val': 0.47844693458436327, 'hidden_size': 51, 'dropout': 0.2391083603670351, 'hidden_continuous_size': 19, 'attention_head_size': 2, 'learning_rate': 0.03306988922484577}. Best is trial 4 with value: 0.08365339040756226.
LOCAL_RANK: 0 - CUDA_VISIBLE_DEVICES: [0]
[I 2023-11-30 03:37:59,500] Trial 43 finished with value: 0.16226063668727875 and parameters: {'gradient_clip_val': 0.6155038962675085, 'hidden_size': 51, 'dropout': 0.23705766199186074, 'hidden_continuous_size': 20, 'attention_head_size': 2, 'learning_rate': 0.03049541585446866}. Best is trial 4 with value: 0.08365339040756226.
LOCAL_RANK: 0 - CUDA_VISIBLE_DEVICES: [0]
[I 2023-11-30 03:38:13,119] Trial 44 finished with value: 0.17751027643680573 and parameters: {'gradient_clip_val': 0.4646105142308296, 'hidden_size': 67, 'dropout': 0.25269378390358505, 'hidden_continuous_size': 23, 'attention_head_size': 2, 'learning_rate': 0.06478645265504068}. Best is trial 4 with value: 0.08365339040756226.
LOCAL_RANK: 0 - CUDA_VISIBLE_DEVICES: [0]
[I 2023-11-30 03:38:26,880] Trial 45 finished with value: 0.23537038266658783 and parameters: {'gradient_clip_val': 0.5088250776861667, 'hidden_size': 84, 'dropout': 0.27418631262888554, 'hidden_continuous_size': 29, 'attention_head_size': 2, 'learning_rate': 0.019789433278427894}. Best is trial 4 with value: 0.08365339040756226.
LOCAL_RANK: 0 - CUDA_VISIBLE_DEVICES: [0]
[I 2023-11-30 03:38:39,822] Trial 46 finished with value: 0.24334950745105743 and parameters: {'gradient_clip_val': 0.36865106415765986, 'hidden_size': 47, 'dropout': 0.23631811307219563, 'hidden_continuous_size': 19, 'attention_head_size': 2, 'learning_rate': 0.033169735498968574}. Best is trial 4 with value: 0.08365339040756226.
LOCAL_RANK: 0 - CUDA_VISIBLE_DEVICES: [0]
[I 2023-11-30 03:38:52,900] Trial 47 finished with value: 0.10551740974187851 and parameters: {'gradient_clip_val': 0.5047810976355707, 'hidden_size': 41, 'dropout': 0.21214277553434732, 'hidden_continuous_size': 21, 'attention_head_size': 2, 'learning_rate': 0.04726861666117393}. Best is trial 4 with value: 0.08365339040756226.
LOCAL_RANK: 0 - CUDA_VISIBLE_DEVICES: [0]
[I 2023-11-30 03:39:06,041] Trial 48 finished with value: 0.10215073078870773 and parameters: {'gradient_clip_val': 0.6226904287402161, 'hidden_size': 37, 'dropout': 0.2163681831128122, 'hidden_continuous_size': 21, 'attention_head_size': 2, 'learning_rate': 0.07984247338710793}. Best is trial 4 with value: 0.08365339040756226.
LOCAL_RANK: 0 - CUDA_VISIBLE_DEVICES: [0]
[I 2023-11-30 03:39:18,740] Trial 49 finished with value: 0.23753833770751953 and parameters: {'gradient_clip_val': 0.7206362117128293, 'hidden_size': 28, 'dropout': 0.20085184927481348, 'hidden_continuous_size': 21, 'attention_head_size': 3, 'learning_rate': 0.07938310561605832}. Best is trial 4 with value: 0.08365339040756226.
LOCAL_RANK: 0 - CUDA_VISIBLE_DEVICES: [0]
[I 2023-11-30 03:39:31,663] Trial 50 finished with value: 0.15705351531505585 and parameters: {'gradient_clip_val': 0.6190495283856778, 'hidden_size': 35, 'dropout': 0.18566445268106102, 'hidden_continuous_size': 21, 'attention_head_size': 2, 'learning_rate': 0.06028158029635659}. Best is trial 4 with value: 0.08365339040756226.
LOCAL_RANK: 0 - CUDA_VISIBLE_DEVICES: [0]
[I 2023-11-30 03:39:44,630] Trial 51 finished with value: 0.2816145718097687 and parameters: {'gradient_clip_val': 0.5064673536164023, 'hidden_size': 39, 'dropout': 0.21087556312202757, 'hidden_continuous_size': 18, 'attention_head_size': 2, 'learning_rate': 0.04844681983733099}. Best is trial 4 with value: 0.08365339040756226.
LOCAL_RANK: 0 - CUDA_VISIBLE_DEVICES: [0]
[I 2023-11-30 03:39:57,658] Trial 52 finished with value: 0.1222466453909874 and parameters: {'gradient_clip_val': 0.4096110025793332, 'hidden_size': 41, 'dropout': 0.2247515131306313, 'hidden_continuous_size': 21, 'attention_head_size': 2, 'learning_rate': 0.06983554484066011}. Best is trial 4 with value: 0.08365339040756226.
LOCAL_RANK: 0 - CUDA_VISIBLE_DEVICES: [0]
[I 2023-11-30 03:40:10,680] Trial 53 finished with value: 0.21049563586711884 and parameters: {'gradient_clip_val': 0.39503574117329693, 'hidden_size': 33, 'dropout': 0.2294008180514393, 'hidden_continuous_size': 22, 'attention_head_size': 2, 'learning_rate': 0.0979487908551784}. Best is trial 4 with value: 0.08365339040756226.
LOCAL_RANK: 0 - CUDA_VISIBLE_DEVICES: [0]
[I 2023-11-30 03:40:23,099] Trial 54 finished with value: 0.2613127827644348 and parameters: {'gradient_clip_val': 0.4306604064839485, 'hidden_size': 28, 'dropout': 0.22050601350827687, 'hidden_continuous_size': 20, 'attention_head_size': 2, 'learning_rate': 0.07720927927118659}. Best is trial 4 with value: 0.08365339040756226.
LOCAL_RANK: 0 - CUDA_VISIBLE_DEVICES: [0]
[I 2023-11-30 03:40:35,873] Trial 55 finished with value: 0.17494411766529083 and parameters: {'gradient_clip_val': 0.3508009186185923, 'hidden_size': 40, 'dropout': 0.19611711604028098, 'hidden_continuous_size': 23, 'attention_head_size': 2, 'learning_rate': 0.058138654323010394}. Best is trial 4 with value: 0.08365339040756226.
LOCAL_RANK: 0 - CUDA_VISIBLE_DEVICES: [0]
[I 2023-11-30 03:40:48,630] Trial 56 finished with value: 0.26190224289894104 and parameters: {'gradient_clip_val': 0.5602740182698839, 'hidden_size': 35, 'dropout': 0.24621032034931567, 'hidden_continuous_size': 19, 'attention_head_size': 2, 'learning_rate': 0.0700313809070488}. Best is trial 4 with value: 0.08365339040756226.
LOCAL_RANK: 0 - CUDA_VISIBLE_DEVICES: [0]
[I 2023-11-30 03:41:01,132] Trial 57 finished with value: 0.1495768278837204 and parameters: {'gradient_clip_val': 0.49451697027872454, 'hidden_size': 24, 'dropout': 0.257682890303751, 'hidden_continuous_size': 20, 'attention_head_size': 3, 'learning_rate': 0.08333707897490947}. Best is trial 4 with value: 0.08365339040756226.
LOCAL_RANK: 0 - CUDA_VISIBLE_DEVICES: [0]
[I 2023-11-30 03:41:13,721] Trial 58 finished with value: 0.40682682394981384 and parameters: {'gradient_clip_val': 0.4024875751693677, 'hidden_size': 20, 'dropout': 0.22768229242238197, 'hidden_continuous_size': 10, 'attention_head_size': 4, 'learning_rate': 0.03872941802466771}. Best is trial 4 with value: 0.08365339040756226.
LOCAL_RANK: 0 - CUDA_VISIBLE_DEVICES: [0]
[I 2023-11-30 03:41:27,413] Trial 59 finished with value: 0.22576622664928436 and parameters: {'gradient_clip_val': 0.7568059092873507, 'hidden_size': 77, 'dropout': 0.2064220933706152, 'hidden_continuous_size': 25, 'attention_head_size': 2, 'learning_rate': 0.05617072014884871}. Best is trial 4 with value: 0.08365339040756226.
LOCAL_RANK: 0 - CUDA_VISIBLE_DEVICES: [0]
[I 2023-11-30 03:41:40,371] Trial 60 finished with value: 0.2171117067337036 and parameters: {'gradient_clip_val': 0.5354901735780313, 'hidden_size': 31, 'dropout': 0.26540525416639604, 'hidden_continuous_size': 21, 'attention_head_size': 3, 'learning_rate': 0.04308155408400826}. Best is trial 4 with value: 0.08365339040756226.
LOCAL_RANK: 0 - CUDA_VISIBLE_DEVICES: [0]
[I 2023-11-30 03:41:53,487] Trial 61 finished with value: 0.27287188172340393 and parameters: {'gradient_clip_val': 0.48170898411976715, 'hidden_size': 43, 'dropout': 0.2503888385836663, 'hidden_continuous_size': 22, 'attention_head_size': 2, 'learning_rate': 0.050992397773383914}. Best is trial 4 with value: 0.08365339040756226.
LOCAL_RANK: 0 - CUDA_VISIBLE_DEVICES: [0]
[I 2023-11-30 03:42:06,374] Trial 62 finished with value: 0.18330883979797363 and parameters: {'gradient_clip_val': 0.4518548251822265, 'hidden_size': 37, 'dropout': 0.2147809673758563, 'hidden_continuous_size': 18, 'attention_head_size': 2, 'learning_rate': 0.06765856717641579}. Best is trial 4 with value: 0.08365339040756226.
LOCAL_RANK: 0 - CUDA_VISIBLE_DEVICES: [0]
[I 2023-11-30 03:42:19,563] Trial 63 finished with value: 0.1749756932258606 and parameters: {'gradient_clip_val': 0.4247337833524713, 'hidden_size': 42, 'dropout': 0.19061906291436237, 'hidden_continuous_size': 16, 'attention_head_size': 2, 'learning_rate': 0.03714426007278349}. Best is trial 4 with value: 0.08365339040756226.
LOCAL_RANK: 0 - CUDA_VISIBLE_DEVICES: [0]
[I 2023-11-30 03:42:32,504] Trial 64 finished with value: 0.13667269051074982 and parameters: {'gradient_clip_val': 0.37337464502012774, 'hidden_size': 48, 'dropout': 0.20499723247736118, 'hidden_continuous_size': 16, 'attention_head_size': 2, 'learning_rate': 0.04577899411785203}. Best is trial 4 with value: 0.08365339040756226.
LOCAL_RANK: 0 - CUDA_VISIBLE_DEVICES: [0]
[I 2023-11-30 03:42:45,633] Trial 65 finished with value: 0.2092604637145996 and parameters: {'gradient_clip_val': 0.38134970271861474, 'hidden_size': 56, 'dropout': 0.17570542390158383, 'hidden_continuous_size': 17, 'attention_head_size': 2, 'learning_rate': 0.027087496657183987}. Best is trial 4 with value: 0.08365339040756226.
LOCAL_RANK: 0 - CUDA_VISIBLE_DEVICES: [0]
[I 2023-11-30 03:42:58,789] Trial 66 finished with value: 0.32108670473098755 and parameters: {'gradient_clip_val': 0.337013597727674, 'hidden_size': 46, 'dropout': 0.20295863303127046, 'hidden_continuous_size': 22, 'attention_head_size': 2, 'learning_rate': 0.08583936173103672}. Best is trial 4 with value: 0.08365339040756226.
LOCAL_RANK: 0 - CUDA_VISIBLE_DEVICES: [0]
[I 2023-11-30 03:43:11,622] Trial 67 finished with value: 0.1620447188615799 and parameters: {'gradient_clip_val': 0.3677432936591157, 'hidden_size': 37, 'dropout': 0.22689352431995077, 'hidden_continuous_size': 18, 'attention_head_size': 2, 'learning_rate': 0.0612668208883602}. Best is trial 4 with value: 0.08365339040756226.
LOCAL_RANK: 0 - CUDA_VISIBLE_DEVICES: [0]
