[I 2023-11-30 02:50:24,166] Trial 137 finished with value: 0.16643358767032623 and parameters: {'gradient_clip_val': 0.3172955889915678, 'hidden_size': 36, 'dropout': 0.283676613449195, 'hidden_continuous_size': 35, 'attention_head_size': 3, 'learning_rate': 0.03169876202880585}. Best is trial 112 with value: 0.0818852111697197.
LOCAL_RANK: 0 - CUDA_VISIBLE_DEVICES: [0]
[I 2023-11-30 02:50:37,878] Trial 138 finished with value: 0.12191903591156006 and parameters: {'gradient_clip_val': 0.3611887422323831, 'hidden_size': 64, 'dropout': 0.3067694404983357, 'hidden_continuous_size': 48, 'attention_head_size': 3, 'learning_rate': 0.05143406770225351}. Best is trial 112 with value: 0.0818852111697197.
LOCAL_RANK: 0 - CUDA_VISIBLE_DEVICES: [0]
[I 2023-11-30 02:50:51,830] Trial 139 finished with value: 0.1066502034664154 and parameters: {'gradient_clip_val': 0.5008739909544372, 'hidden_size': 57, 'dropout': 0.3477972533589646, 'hidden_continuous_size': 45, 'attention_head_size': 3, 'learning_rate': 0.03878002109481039}. Best is trial 112 with value: 0.0818852111697197.
LOCAL_RANK: 0 - CUDA_VISIBLE_DEVICES: [0]
[I 2023-11-30 02:51:05,480] Trial 140 finished with value: 0.13984541594982147 and parameters: {'gradient_clip_val': 0.5072617755929892, 'hidden_size': 57, 'dropout': 0.33418580066460485, 'hidden_continuous_size': 47, 'attention_head_size': 3, 'learning_rate': 0.03913253768112789}. Best is trial 112 with value: 0.0818852111697197.
LOCAL_RANK: 0 - CUDA_VISIBLE_DEVICES: [0]
[I 2023-11-30 02:51:19,059] Trial 141 finished with value: 0.12712214887142181 and parameters: {'gradient_clip_val': 0.4898476992965944, 'hidden_size': 53, 'dropout': 0.3487305446845178, 'hidden_continuous_size': 43, 'attention_head_size': 3, 'learning_rate': 0.04277851111377626}. Best is trial 112 with value: 0.0818852111697197.
LOCAL_RANK: 0 - CUDA_VISIBLE_DEVICES: [0]
[I 2023-11-30 02:51:32,645] Trial 142 finished with value: 0.15823298692703247 and parameters: {'gradient_clip_val': 0.4613907469932756, 'hidden_size': 49, 'dropout': 0.33935931207766434, 'hidden_continuous_size': 44, 'attention_head_size': 3, 'learning_rate': 0.029594228617106887}. Best is trial 112 with value: 0.0818852111697197.
LOCAL_RANK: 0 - CUDA_VISIBLE_DEVICES: [0]
[I 2023-11-30 02:51:46,519] Trial 143 finished with value: 0.12676644325256348 and parameters: {'gradient_clip_val': 0.5480051512055716, 'hidden_size': 68, 'dropout': 0.35440184378610573, 'hidden_continuous_size': 49, 'attention_head_size': 3, 'learning_rate': 0.03406181433452296}. Best is trial 112 with value: 0.0818852111697197.
LOCAL_RANK: 0 - CUDA_VISIBLE_DEVICES: [0]
[I 2023-11-30 02:52:00,281] Trial 144 finished with value: 0.13733653724193573 and parameters: {'gradient_clip_val': 0.4790976524017701, 'hidden_size': 45, 'dropout': 0.34501372974172534, 'hidden_continuous_size': 40, 'attention_head_size': 3, 'learning_rate': 0.0484267543012234}. Best is trial 112 with value: 0.0818852111697197.
LOCAL_RANK: 0 - CUDA_VISIBLE_DEVICES: [0]
[I 2023-11-30 02:52:13,541] Trial 145 finished with value: 0.09933722019195557 and parameters: {'gradient_clip_val': 0.5214572131559243, 'hidden_size': 51, 'dropout': 0.37171076906719375, 'hidden_continuous_size': 23, 'attention_head_size': 2, 'learning_rate': 0.06274543848877413}. Best is trial 112 with value: 0.0818852111697197.
LOCAL_RANK: 0 - CUDA_VISIBLE_DEVICES: [0]
[I 2023-11-30 02:52:26,916] Trial 146 finished with value: 0.11618447303771973 and parameters: {'gradient_clip_val': 0.5036647632453543, 'hidden_size': 55, 'dropout': 0.37264691866413996, 'hidden_continuous_size': 27, 'attention_head_size': 2, 'learning_rate': 0.06348739599424381}. Best is trial 112 with value: 0.0818852111697197.
LOCAL_RANK: 0 - CUDA_VISIBLE_DEVICES: [0]
[I 2023-11-30 02:52:40,041] Trial 147 finished with value: 0.13059355318546295 and parameters: {'gradient_clip_val': 0.5736337397124437, 'hidden_size': 43, 'dropout': 0.3839849181456941, 'hidden_continuous_size': 21, 'attention_head_size': 3, 'learning_rate': 0.07535605622917455}. Best is trial 112 with value: 0.0818852111697197.
LOCAL_RANK: 0 - CUDA_VISIBLE_DEVICES: [0]
[I 2023-11-30 02:52:53,689] Trial 148 finished with value: 0.15054458379745483 and parameters: {'gradient_clip_val': 0.42539742186563706, 'hidden_size': 62, 'dropout': 0.3654610990101404, 'hidden_continuous_size': 24, 'attention_head_size': 3, 'learning_rate': 0.0524805854845796}. Best is trial 112 with value: 0.0818852111697197.
LOCAL_RANK: 0 - CUDA_VISIBLE_DEVICES: [0]
[I 2023-11-30 02:53:07,666] Trial 149 finished with value: 0.16478945314884186 and parameters: {'gradient_clip_val': 0.5105140569484805, 'hidden_size': 72, 'dropout': 0.3614092967051529, 'hidden_continuous_size': 50, 'attention_head_size': 2, 'learning_rate': 0.0376668444082154}. Best is trial 112 with value: 0.0818852111697197.
[I 2023-11-30 02:53:07,776] A new study created in memory with name: no-name-7b57397e-8a99-414f-ba8e-d4e26df333da
/home/le004/conda/anaconda3/envs/tsff_env/lib/python3.9/site-packages/lightning/fabric/plugins/environments/slurm.py:191: The `srun` command is available on your system but is not used. HINT: If your intention is to run Lightning on SLURM, prepend your python command with `srun` like so: srun python /home/le004/master_thesis/git/TSFusionForecast/code/ ...
LOCAL_RANK: 0 - CUDA_VISIBLE_DEVICES: [0]
[I 2023-11-30 02:53:20,121] Trial 0 finished with value: 0.2096729278564453 and parameters: {'gradient_clip_val': 0.7973326806618527, 'hidden_size': 19, 'dropout': 0.34224915441245773, 'hidden_continuous_size': 11, 'attention_head_size': 1, 'learning_rate': 0.05144407508421533}. Best is trial 0 with value: 0.2096729278564453.
LOCAL_RANK: 0 - CUDA_VISIBLE_DEVICES: [0]
[I 2023-11-30 02:53:34,117] Trial 1 finished with value: 0.16301000118255615 and parameters: {'gradient_clip_val': 0.7634459742990892, 'hidden_size': 130, 'dropout': 0.2322176781575044, 'hidden_continuous_size': 11, 'attention_head_size': 1, 'learning_rate': 0.008721250970580446}. Best is trial 1 with value: 0.16301000118255615.
LOCAL_RANK: 0 - CUDA_VISIBLE_DEVICES: [0]
[I 2023-11-30 02:53:47,909] Trial 2 finished with value: 0.6592290997505188 and parameters: {'gradient_clip_val': 0.9784694622259066, 'hidden_size': 80, 'dropout': 0.22007848298373042, 'hidden_continuous_size': 21, 'attention_head_size': 3, 'learning_rate': 0.0010981010466752203}. Best is trial 1 with value: 0.16301000118255615.
LOCAL_RANK: 0 - CUDA_VISIBLE_DEVICES: [0]
[I 2023-11-30 02:54:01,315] Trial 3 finished with value: 1.2739843130111694 and parameters: {'gradient_clip_val': 0.140290415676062, 'hidden_size': 58, 'dropout': 0.10102732018077237, 'hidden_continuous_size': 20, 'attention_head_size': 2, 'learning_rate': 0.0015310748088923553}. Best is trial 1 with value: 0.16301000118255615.
LOCAL_RANK: 0 - CUDA_VISIBLE_DEVICES: [0]
[I 2023-11-30 02:54:14,294] Trial 4 finished with value: 0.7842411994934082 and parameters: {'gradient_clip_val': 0.10543332090469533, 'hidden_size': 48, 'dropout': 0.15910977369685414, 'hidden_continuous_size': 14, 'attention_head_size': 1, 'learning_rate': 0.004479100221446114}. Best is trial 1 with value: 0.16301000118255615.
LOCAL_RANK: 0 - CUDA_VISIBLE_DEVICES: [0]
[I 2023-11-30 02:54:26,889] Trial 5 finished with value: 1.751428246498108 and parameters: {'gradient_clip_val': 0.15072145788307878, 'hidden_size': 27, 'dropout': 0.27274434014478144, 'hidden_continuous_size': 16, 'attention_head_size': 2, 'learning_rate': 0.0032950686653129557}. Best is trial 1 with value: 0.16301000118255615.
LOCAL_RANK: 0 - CUDA_VISIBLE_DEVICES: [0]
[I 2023-11-30 02:54:37,258] Trial 6 finished with value: 1.0495952367782593 and parameters: {'gradient_clip_val': 0.8575475808463939, 'hidden_size': 10, 'dropout': 0.1883505805456746, 'hidden_continuous_size': 10, 'attention_head_size': 2, 'learning_rate': 0.021123017450985413}. Best is trial 1 with value: 0.16301000118255615.
LOCAL_RANK: 0 - CUDA_VISIBLE_DEVICES: [0]
[I 2023-11-30 02:54:50,501] Trial 7 finished with value: 0.6223814487457275 and parameters: {'gradient_clip_val': 0.8135213929622277, 'hidden_size': 46, 'dropout': 0.33646148027343115, 'hidden_continuous_size': 26, 'attention_head_size': 3, 'learning_rate': 0.004309035562518977}. Best is trial 1 with value: 0.16301000118255615.
LOCAL_RANK: 0 - CUDA_VISIBLE_DEVICES: [0]
[I 2023-11-30 02:55:02,850] Trial 8 finished with value: 0.14837341010570526 and parameters: {'gradient_clip_val': 0.13567691503277057, 'hidden_size': 14, 'dropout': 0.3994806218946736, 'hidden_continuous_size': 12, 'attention_head_size': 2, 'learning_rate': 0.0950673342883216}. Best is trial 8 with value: 0.14837341010570526.
LOCAL_RANK: 0 - CUDA_VISIBLE_DEVICES: [0]
[I 2023-11-30 02:55:15,222] Trial 9 finished with value: 1.2056163549423218 and parameters: {'gradient_clip_val': 0.12865353591501466, 'hidden_size': 16, 'dropout': 0.3081203419631926, 'hidden_continuous_size': 14, 'attention_head_size': 3, 'learning_rate': 0.005630216736032718}. Best is trial 8 with value: 0.14837341010570526.
LOCAL_RANK: 0 - CUDA_VISIBLE_DEVICES: [0]
[I 2023-11-30 02:55:25,727] Trial 10 finished with value: 0.2318011075258255 and parameters: {'gradient_clip_val': 0.23349197289329213, 'hidden_size': 10, 'dropout': 0.39729071221289164, 'hidden_continuous_size': 10, 'attention_head_size': 4, 'learning_rate': 0.08636920975343564}. Best is trial 8 with value: 0.14837341010570526.
LOCAL_RANK: 0 - CUDA_VISIBLE_DEVICES: [0]
[I 2023-11-30 02:55:40,295] Trial 11 finished with value: 0.1415388584136963 and parameters: {'gradient_clip_val': 0.43741860866197174, 'hidden_size': 147, 'dropout': 0.25837986863571083, 'hidden_continuous_size': 45, 'attention_head_size': 1, 'learning_rate': 0.015862968644769784}. Best is trial 11 with value: 0.1415388584136963.
LOCAL_RANK: 0 - CUDA_VISIBLE_DEVICES: [0]
[I 2023-11-30 02:55:50,671] Trial 12 finished with value: 0.21949930489063263 and parameters: {'gradient_clip_val': 0.40022980884016124, 'hidden_size': 31, 'dropout': 0.386168966155405, 'hidden_continuous_size': 31, 'attention_head_size': 1, 'learning_rate': 0.026279340143651787}. Best is trial 11 with value: 0.1415388584136963.
LOCAL_RANK: 0 - CUDA_VISIBLE_DEVICES: [0]
[I 2023-11-30 02:56:05,293] Trial 13 finished with value: 0.1826445609331131 and parameters: {'gradient_clip_val': 0.36265665629165433, 'hidden_size': 145, 'dropout': 0.27780442466818245, 'hidden_continuous_size': 52, 'attention_head_size': 2, 'learning_rate': 0.09257914888492981}. Best is trial 11 with value: 0.1415388584136963.
LOCAL_RANK: 0 - CUDA_VISIBLE_DEVICES: [0]
[I 2023-11-30 02:56:19,329] Trial 14 finished with value: 0.24546854197978973 and parameters: {'gradient_clip_val': 0.24273569806613385, 'hidden_size': 79, 'dropout': 0.3557509160412311, 'hidden_continuous_size': 44, 'attention_head_size': 1, 'learning_rate': 0.01894380620995171}. Best is trial 11 with value: 0.1415388584136963.
LOCAL_RANK: 0 - CUDA_VISIBLE_DEVICES: [0]
[I 2023-11-30 02:56:31,816] Trial 15 finished with value: 0.15714813768863678 and parameters: {'gradient_clip_val': 0.49384459682382703, 'hidden_size': 32, 'dropout': 0.3039330591496312, 'hidden_continuous_size': 13, 'attention_head_size': 2, 'learning_rate': 0.04059953209595412}. Best is trial 11 with value: 0.1415388584136963.
LOCAL_RANK: 0 - CUDA_VISIBLE_DEVICES: [0]
[I 2023-11-30 02:56:44,466] Trial 16 finished with value: 0.5136181116104126 and parameters: {'gradient_clip_val': 0.20257447981244395, 'hidden_size': 21, 'dropout': 0.2625313984822821, 'hidden_continuous_size': 12, 'attention_head_size': 4, 'learning_rate': 0.011839053142843881}. Best is trial 11 with value: 0.1415388584136963.
LOCAL_RANK: 0 - CUDA_VISIBLE_DEVICES: [0]
[I 2023-11-30 02:56:59,101] Trial 17 finished with value: 0.1265578418970108 and parameters: {'gradient_clip_val': 0.32244154103849354, 'hidden_size': 106, 'dropout': 0.37027924142293134, 'hidden_continuous_size': 95, 'attention_head_size': 1, 'learning_rate': 0.04821297205704627}. Best is trial 17 with value: 0.1265578418970108.
LOCAL_RANK: 0 - CUDA_VISIBLE_DEVICES: [0]
[I 2023-11-30 02:57:13,546] Trial 18 finished with value: 0.12705661356449127 and parameters: {'gradient_clip_val': 0.5101347265654712, 'hidden_size': 108, 'dropout': 0.31385062992849316, 'hidden_continuous_size': 99, 'attention_head_size': 1, 'learning_rate': 0.037879667843141104}. Best is trial 17 with value: 0.1265578418970108.
LOCAL_RANK: 0 - CUDA_VISIBLE_DEVICES: [0]
[I 2023-11-30 02:57:24,499] Trial 19 finished with value: 0.14577187597751617 and parameters: {'gradient_clip_val': 0.5452440293276448, 'hidden_size': 100, 'dropout': 0.36514297189970446, 'hidden_continuous_size': 100, 'attention_head_size': 1, 'learning_rate': 0.03542474078676881}. Best is trial 17 with value: 0.1265578418970108.
LOCAL_RANK: 0 - CUDA_VISIBLE_DEVICES: [0]
[I 2023-11-30 02:57:38,886] Trial 20 finished with value: 0.18505902588367462 and parameters: {'gradient_clip_val': 0.3097456566235155, 'hidden_size': 106, 'dropout': 0.3106904652182675, 'hidden_continuous_size': 105, 'attention_head_size': 1, 'learning_rate': 0.054961530628629726}. Best is trial 17 with value: 0.1265578418970108.
LOCAL_RANK: 0 - CUDA_VISIBLE_DEVICES: [0]
[I 2023-11-30 02:57:54,020] Trial 21 finished with value: 0.13315631449222565 and parameters: {'gradient_clip_val': 0.5326631961766438, 'hidden_size': 149, 'dropout': 0.32824111305897985, 'hidden_continuous_size': 139, 'attention_head_size': 1, 'learning_rate': 0.027352444861596624}. Best is trial 17 with value: 0.1265578418970108.
LOCAL_RANK: 0 - CUDA_VISIBLE_DEVICES: [0]
[I 2023-11-30 02:58:08,396] Trial 22 finished with value: 0.09415483474731445 and parameters: {'gradient_clip_val': 0.5964924009655129, 'hidden_size': 107, 'dropout': 0.327558761440106, 'hidden_continuous_size': 87, 'attention_head_size': 1, 'learning_rate': 0.030152591801606503}. Best is trial 22 with value: 0.09415483474731445.
LOCAL_RANK: 0 - CUDA_VISIBLE_DEVICES: [0]
[I 2023-11-30 02:58:22,308] Trial 23 finished with value: 0.1909054070711136 and parameters: {'gradient_clip_val': 0.5947260012201335, 'hidden_size': 80, 'dropout': 0.36392025620510426, 'hidden_continuous_size': 63, 'attention_head_size': 1, 'learning_rate': 0.05701494188733543}. Best is trial 22 with value: 0.09415483474731445.
LOCAL_RANK: 0 - CUDA_VISIBLE_DEVICES: [0]
[I 2023-11-30 02:58:36,738] Trial 24 finished with value: 0.14942927658557892 and parameters: {'gradient_clip_val': 0.6490336543892095, 'hidden_size': 108, 'dropout': 0.29024873942075385, 'hidden_continuous_size': 72, 'attention_head_size': 2, 'learning_rate': 0.03490389298572162}. Best is trial 22 with value: 0.09415483474731445.
LOCAL_RANK: 0 - CUDA_VISIBLE_DEVICES: [0]
[I 2023-11-30 02:58:50,357] Trial 25 finished with value: 0.1542685478925705 and parameters: {'gradient_clip_val': 0.6423654188432629, 'hidden_size': 69, 'dropout': 0.3216820025054449, 'hidden_continuous_size': 35, 'attention_head_size': 1, 'learning_rate': 0.027010010733267503}. Best is trial 22 with value: 0.09415483474731445.
LOCAL_RANK: 0 - CUDA_VISIBLE_DEVICES: [0]
[I 2023-11-30 02:59:04,910] Trial 26 finished with value: 0.19820113480091095 and parameters: {'gradient_clip_val': 0.4409872433315974, 'hidden_size': 116, 'dropout': 0.34556259642881526, 'hidden_continuous_size': 82, 'attention_head_size': 2, 'learning_rate': 0.06537589480996812}. Best is trial 22 with value: 0.09415483474731445.
LOCAL_RANK: 0 - CUDA_VISIBLE_DEVICES: [0]
[I 2023-11-30 02:59:18,949] Trial 27 finished with value: 0.15146218240261078 and parameters: {'gradient_clip_val': 0.33266694998041363, 'hidden_size': 92, 'dropout': 0.37429163152428335, 'hidden_continuous_size': 63, 'attention_head_size': 1, 'learning_rate': 0.03715343755996673}. Best is trial 22 with value: 0.09415483474731445.
LOCAL_RANK: 0 - CUDA_VISIBLE_DEVICES: [0]
[I 2023-11-30 02:59:32,793] Trial 28 finished with value: 0.16368570923805237 and parameters: {'gradient_clip_val': 0.47556379622057743, 'hidden_size': 63, 'dropout': 0.29505655303618833, 'hidden_continuous_size': 41, 'attention_head_size': 3, 'learning_rate': 0.013490484906604941}. Best is trial 22 with value: 0.09415483474731445.
LOCAL_RANK: 0 - CUDA_VISIBLE_DEVICES: [0]
[I 2023-11-30 02:59:47,630] Trial 29 finished with value: 0.16523772478103638 and parameters: {'gradient_clip_val': 0.39483185352541406, 'hidden_size': 121, 'dropout': 0.33775220804032463, 'hidden_continuous_size': 87, 'attention_head_size': 1, 'learning_rate': 0.04587699815396368}. Best is trial 22 with value: 0.09415483474731445.
LOCAL_RANK: 0 - CUDA_VISIBLE_DEVICES: [0]
[I 2023-11-30 03:00:01,719] Trial 30 finished with value: 0.17135071754455566 and parameters: {'gradient_clip_val': 0.7218338951533806, 'hidden_size': 94, 'dropout': 0.3505993591126876, 'hidden_continuous_size': 56, 'attention_head_size': 1, 'learning_rate': 0.06526043400723172}. Best is trial 22 with value: 0.09415483474731445.
LOCAL_RANK: 0 - CUDA_VISIBLE_DEVICES: [0]
[I 2023-11-30 03:00:16,460] Trial 31 finished with value: 0.16014964878559113 and parameters: {'gradient_clip_val': 0.5520338871177717, 'hidden_size': 132, 'dropout': 0.32613021992617586, 'hidden_continuous_size': 131, 'attention_head_size': 1, 'learning_rate': 0.029489154706256113}. Best is trial 22 with value: 0.09415483474731445.
LOCAL_RANK: 0 - CUDA_VISIBLE_DEVICES: [0]
[I 2023-11-30 03:00:31,480] Trial 32 finished with value: 0.2808155417442322 and parameters: {'gradient_clip_val': 0.5120770053263494, 'hidden_size': 146, 'dropout': 0.3284540118333278, 'hidden_continuous_size': 135, 'attention_head_size': 1, 'learning_rate': 0.025263974069225398}. Best is trial 22 with value: 0.09415483474731445.
LOCAL_RANK: 0 - CUDA_VISIBLE_DEVICES: [0]
[I 2023-11-30 03:00:46,012] Trial 33 finished with value: 0.18554945290088654 and parameters: {'gradient_clip_val': 0.652160026427269, 'hidden_size': 117, 'dropout': 0.3679903287900602, 'hidden_continuous_size': 98, 'attention_head_size': 1, 'learning_rate': 0.019786974150777112}. Best is trial 22 with value: 0.09415483474731445.
LOCAL_RANK: 0 - CUDA_VISIBLE_DEVICES: [0]
[I 2023-11-30 03:01:00,556] Trial 34 finished with value: 0.14956134557724 and parameters: {'gradient_clip_val': 0.582312924367041, 'hidden_size': 128, 'dropout': 0.34673606508753274, 'hidden_continuous_size': 112, 'attention_head_size': 1, 'learning_rate': 0.04655573237467514}. Best is trial 22 with value: 0.09415483474731445.
LOCAL_RANK: 0 - CUDA_VISIBLE_DEVICES: [0]
[I 2023-11-30 03:01:14,977] Trial 35 finished with value: 0.14505229890346527 and parameters: {'gradient_clip_val': 0.9845051533325596, 'hidden_size': 90, 'dropout': 0.3156349679920348, 'hidden_continuous_size': 73, 'attention_head_size': 2, 'learning_rate': 0.030856243849231035}. Best is trial 22 with value: 0.09415483474731445.
LOCAL_RANK: 0 - CUDA_VISIBLE_DEVICES: [0]
[I 2023-11-30 03:01:29,006] Trial 36 finished with value: 0.14278899133205414 and parameters: {'gradient_clip_val': 0.7093944310304057, 'hidden_size': 75, 'dropout': 0.3803038583784624, 'hidden_continuous_size': 63, 'attention_head_size': 1, 'learning_rate': 0.04792274621705607}. Best is trial 22 with value: 0.09415483474731445.
LOCAL_RANK: 0 - CUDA_VISIBLE_DEVICES: [0]
[I 2023-11-30 03:01:42,567] Trial 37 finished with value: 0.17463211715221405 and parameters: {'gradient_clip_val': 0.4976301608835547, 'hidden_size': 56, 'dropout': 0.24251527243176715, 'hidden_continuous_size': 49, 'attention_head_size': 2, 'learning_rate': 0.008998232877894533}. Best is trial 22 with value: 0.09415483474731445.
LOCAL_RANK: 0 - CUDA_VISIBLE_DEVICES: [0]
[I 2023-11-30 03:01:56,988] Trial 38 finished with value: 0.13522163033485413 and parameters: {'gradient_clip_val': 0.7651582538292073, 'hidden_size': 105, 'dropout': 0.3335094434437573, 'hidden_continuous_size': 85, 'attention_head_size': 1, 'learning_rate': 0.020724000579474742}. Best is trial 22 with value: 0.09415483474731445.
LOCAL_RANK: 0 - CUDA_VISIBLE_DEVICES: [0]
[I 2023-11-30 03:02:11,440] Trial 39 finished with value: 0.12772943079471588 and parameters: {'gradient_clip_val': 0.8622625071614961, 'hidden_size': 87, 'dropout': 0.2849172593994679, 'hidden_continuous_size': 73, 'attention_head_size': 2, 'learning_rate': 0.016216786262796355}. Best is trial 22 with value: 0.09415483474731445.
LOCAL_RANK: 0 - CUDA_VISIBLE_DEVICES: [0]
[I 2023-11-30 03:02:25,886] Trial 40 finished with value: 0.12200692296028137 and parameters: {'gradient_clip_val': 0.8671924030070969, 'hidden_size': 82, 'dropout': 0.2818114100711224, 'hidden_continuous_size': 66, 'attention_head_size': 3, 'learning_rate': 0.01737831684611387}. Best is trial 22 with value: 0.09415483474731445.
LOCAL_RANK: 0 - CUDA_VISIBLE_DEVICES: [0]
[I 2023-11-30 03:02:40,313] Trial 41 finished with value: 0.19035589694976807 and parameters: {'gradient_clip_val': 0.8462801053243022, 'hidden_size': 86, 'dropout': 0.285695454415183, 'hidden_continuous_size': 70, 'attention_head_size': 3, 'learning_rate': 0.015753475521534267}. Best is trial 22 with value: 0.09415483474731445.
LOCAL_RANK: 0 - CUDA_VISIBLE_DEVICES: [0]
[I 2023-11-30 03:02:54,359] Trial 42 finished with value: 0.15775831043720245 and parameters: {'gradient_clip_val': 0.9044480283376647, 'hidden_size': 71, 'dropout': 0.26985841111184905, 'hidden_continuous_size': 54, 'attention_head_size': 3, 'learning_rate': 0.010657039462353014}. Best is trial 22 with value: 0.09415483474731445.
LOCAL_RANK: 0 - CUDA_VISIBLE_DEVICES: [0]
[I 2023-11-30 03:03:08,584] Trial 43 finished with value: 0.08582047373056412 and parameters: {'gradient_clip_val': 0.8948425334933144, 'hidden_size': 86, 'dropout': 0.2996298714750262, 'hidden_continuous_size': 68, 'attention_head_size': 3, 'learning_rate': 0.01601982331404449}. Best is trial 43 with value: 0.08582047373056412.
LOCAL_RANK: 0 - CUDA_VISIBLE_DEVICES: [0]
