[I 2023-11-29 22:30:03,481] Trial 33 finished with value: 0.17316971719264984 and parameters: {'gradient_clip_val': 0.6975216194560548, 'hidden_size': 51, 'dropout': 0.2106940951033749, 'hidden_continuous_size': 26, 'attention_head_size': 2, 'learning_rate': 0.0795500993233104}. Best is trial 31 with value: 0.08455840498209.
LOCAL_RANK: 0 - CUDA_VISIBLE_DEVICES: [0]
[I 2023-11-29 22:30:17,221] Trial 34 finished with value: 0.11546800285577774 and parameters: {'gradient_clip_val': 0.5151673806483926, 'hidden_size': 92, 'dropout': 0.27451975385763133, 'hidden_continuous_size': 23, 'attention_head_size': 2, 'learning_rate': 0.04186669450059842}. Best is trial 31 with value: 0.08455840498209.
LOCAL_RANK: 0 - CUDA_VISIBLE_DEVICES: [0]
[I 2023-11-29 22:30:30,262] Trial 35 finished with value: 0.12795020639896393 and parameters: {'gradient_clip_val': 0.3448769662126726, 'hidden_size': 33, 'dropout': 0.24380297066641288, 'hidden_continuous_size': 17, 'attention_head_size': 3, 'learning_rate': 0.030542169022154605}. Best is trial 31 with value: 0.08455840498209.
LOCAL_RANK: 0 - CUDA_VISIBLE_DEVICES: [0]
[I 2023-11-29 22:30:43,409] Trial 36 finished with value: 0.09301628917455673 and parameters: {'gradient_clip_val': 0.4089209930174065, 'hidden_size': 45, 'dropout': 0.14729861117508491, 'hidden_continuous_size': 29, 'attention_head_size': 1, 'learning_rate': 0.07315830927058874}. Best is trial 31 with value: 0.08455840498209.
LOCAL_RANK: 0 - CUDA_VISIBLE_DEVICES: [0]
[I 2023-11-29 22:30:56,402] Trial 37 finished with value: 0.09493305534124374 and parameters: {'gradient_clip_val': 0.4164105214074964, 'hidden_size': 45, 'dropout': 0.14733776494946824, 'hidden_continuous_size': 29, 'attention_head_size': 1, 'learning_rate': 0.07423895778149792}. Best is trial 31 with value: 0.08455840498209.
LOCAL_RANK: 0 - CUDA_VISIBLE_DEVICES: [0]
[I 2023-11-29 22:31:09,358] Trial 38 finished with value: 0.11374574899673462 and parameters: {'gradient_clip_val': 0.4942908662126947, 'hidden_size': 42, 'dropout': 0.12444033785208398, 'hidden_continuous_size': 23, 'attention_head_size': 1, 'learning_rate': 0.05619541097614506}. Best is trial 31 with value: 0.08455840498209.
LOCAL_RANK: 0 - CUDA_VISIBLE_DEVICES: [0]
[I 2023-11-29 22:31:22,160] Trial 39 finished with value: 0.26008495688438416 and parameters: {'gradient_clip_val': 0.4299831035348135, 'hidden_size': 35, 'dropout': 0.16214943767802228, 'hidden_continuous_size': 20, 'attention_head_size': 1, 'learning_rate': 0.09021201401104813}. Best is trial 31 with value: 0.08455840498209.
LOCAL_RANK: 0 - CUDA_VISIBLE_DEVICES: [0]
[I 2023-11-29 22:31:35,426] Trial 40 finished with value: 0.13291358947753906 and parameters: {'gradient_clip_val': 0.5967265409455962, 'hidden_size': 52, 'dropout': 0.1321801657514058, 'hidden_continuous_size': 25, 'attention_head_size': 3, 'learning_rate': 0.07601068705715117}. Best is trial 31 with value: 0.08455840498209.
LOCAL_RANK: 0 - CUDA_VISIBLE_DEVICES: [0]
[I 2023-11-29 22:31:49,213] Trial 41 finished with value: 0.225576713681221 and parameters: {'gradient_clip_val': 0.35505759653656666, 'hidden_size': 65, 'dropout': 0.1477482899730371, 'hidden_continuous_size': 31, 'attention_head_size': 2, 'learning_rate': 0.05843116515873841}. Best is trial 31 with value: 0.08455840498209.
LOCAL_RANK: 0 - CUDA_VISIBLE_DEVICES: [0]
[I 2023-11-29 22:32:02,893] Trial 42 finished with value: 0.358184814453125 and parameters: {'gradient_clip_val': 0.2879549062392171, 'hidden_size': 77, 'dropout': 0.16881852792248314, 'hidden_continuous_size': 34, 'attention_head_size': 2, 'learning_rate': 0.025750497255117393}. Best is trial 31 with value: 0.08455840498209.
LOCAL_RANK: 0 - CUDA_VISIBLE_DEVICES: [0]
[I 2023-11-29 22:32:16,425] Trial 43 finished with value: 0.14377157390117645 and parameters: {'gradient_clip_val': 0.4048163494388028, 'hidden_size': 57, 'dropout': 0.10452043607886441, 'hidden_continuous_size': 29, 'attention_head_size': 3, 'learning_rate': 0.04291279077362065}. Best is trial 31 with value: 0.08455840498209.
LOCAL_RANK: 0 - CUDA_VISIBLE_DEVICES: [0]
[I 2023-11-29 22:32:30,362] Trial 44 finished with value: 0.32406488060951233 and parameters: {'gradient_clip_val': 0.3525028611020516, 'hidden_size': 88, 'dropout': 0.18649688046498408, 'hidden_continuous_size': 44, 'attention_head_size': 1, 'learning_rate': 0.031549868624343703}. Best is trial 31 with value: 0.08455840498209.
LOCAL_RANK: 0 - CUDA_VISIBLE_DEVICES: [0]
[I 2023-11-29 22:32:43,929] Trial 45 finished with value: 0.11977928131818771 and parameters: {'gradient_clip_val': 0.22577494086732644, 'hidden_size': 67, 'dropout': 0.19705685530420458, 'hidden_continuous_size': 24, 'attention_head_size': 2, 'learning_rate': 0.06927530587928694}. Best is trial 31 with value: 0.08455840498209.
LOCAL_RANK: 0 - CUDA_VISIBLE_DEVICES: [0]
[I 2023-11-29 22:32:57,761] Trial 46 finished with value: 0.1977008432149887 and parameters: {'gradient_clip_val': 0.5219567389958765, 'hidden_size': 75, 'dropout': 0.11824003784609685, 'hidden_continuous_size': 20, 'attention_head_size': 2, 'learning_rate': 0.048951691804335846}. Best is trial 31 with value: 0.08455840498209.
LOCAL_RANK: 0 - CUDA_VISIBLE_DEVICES: [0]
[I 2023-11-29 22:33:10,364] Trial 47 finished with value: 0.15578965842723846 and parameters: {'gradient_clip_val': 0.2861899168391408, 'hidden_size': 28, 'dropout': 0.14794026596877527, 'hidden_continuous_size': 15, 'attention_head_size': 4, 'learning_rate': 0.08822447208479503}. Best is trial 31 with value: 0.08455840498209.
LOCAL_RANK: 0 - CUDA_VISIBLE_DEVICES: [0]
[I 2023-11-29 22:33:23,798] Trial 48 finished with value: 0.18194341659545898 and parameters: {'gradient_clip_val': 0.38522654958251734, 'hidden_size': 55, 'dropout': 0.22391722541022877, 'hidden_continuous_size': 28, 'attention_head_size': 1, 'learning_rate': 0.022331965338209865}. Best is trial 31 with value: 0.08455840498209.
LOCAL_RANK: 0 - CUDA_VISIBLE_DEVICES: [0]
[I 2023-11-29 22:33:36,962] Trial 49 finished with value: 0.07207542657852173 and parameters: {'gradient_clip_val': 0.47970244189231276, 'hidden_size': 46, 'dropout': 0.21142904735554843, 'hidden_continuous_size': 25, 'attention_head_size': 3, 'learning_rate': 0.03649387703262055}. Best is trial 49 with value: 0.07207542657852173.
LOCAL_RANK: 0 - CUDA_VISIBLE_DEVICES: [0]
[I 2023-11-29 22:33:50,045] Trial 50 finished with value: 0.20713645219802856 and parameters: {'gradient_clip_val': 0.6462956853069621, 'hidden_size': 46, 'dropout': 0.21169830018127395, 'hidden_continuous_size': 22, 'attention_head_size': 3, 'learning_rate': 0.04094209667328962}. Best is trial 49 with value: 0.07207542657852173.
LOCAL_RANK: 0 - CUDA_VISIBLE_DEVICES: [0]
[I 2023-11-29 22:34:03,342] Trial 51 finished with value: 0.21534223854541779 and parameters: {'gradient_clip_val': 0.4661888574285229, 'hidden_size': 46, 'dropout': 0.1950668698755003, 'hidden_continuous_size': 25, 'attention_head_size': 3, 'learning_rate': 0.05451443562210133}. Best is trial 49 with value: 0.07207542657852173.
LOCAL_RANK: 0 - CUDA_VISIBLE_DEVICES: [0]
[I 2023-11-29 22:34:17,093] Trial 52 finished with value: 0.1900595873594284 and parameters: {'gradient_clip_val': 0.5505019405931324, 'hidden_size': 62, 'dropout': 0.23348157627055666, 'hidden_continuous_size': 32, 'attention_head_size': 3, 'learning_rate': 0.029617180125336307}. Best is trial 49 with value: 0.07207542657852173.
LOCAL_RANK: 0 - CUDA_VISIBLE_DEVICES: [0]
[I 2023-11-29 22:34:30,543] Trial 53 finished with value: 0.1512550711631775 and parameters: {'gradient_clip_val': 0.4215295908334769, 'hidden_size': 55, 'dropout': 0.248266717509177, 'hidden_continuous_size': 30, 'attention_head_size': 3, 'learning_rate': 0.039056232345792224}. Best is trial 49 with value: 0.07207542657852173.
LOCAL_RANK: 0 - CUDA_VISIBLE_DEVICES: [0]
[I 2023-11-29 22:34:44,103] Trial 54 finished with value: 0.27159935235977173 and parameters: {'gradient_clip_val': 0.4667514340324448, 'hidden_size': 68, 'dropout': 0.21872050696235826, 'hidden_continuous_size': 21, 'attention_head_size': 2, 'learning_rate': 0.06486849968828966}. Best is trial 49 with value: 0.07207542657852173.
LOCAL_RANK: 0 - CUDA_VISIBLE_DEVICES: [0]
[I 2023-11-29 22:34:57,198] Trial 55 finished with value: 0.19349010288715363 and parameters: {'gradient_clip_val': 0.8053716184611786, 'hidden_size': 39, 'dropout': 0.2381605300076064, 'hidden_continuous_size': 27, 'attention_head_size': 2, 'learning_rate': 0.09956762277812946}. Best is trial 49 with value: 0.07207542657852173.
LOCAL_RANK: 0 - CUDA_VISIBLE_DEVICES: [0]
[I 2023-11-29 22:35:11,101] Trial 56 finished with value: 0.2553463578224182 and parameters: {'gradient_clip_val': 0.5666310046739462, 'hidden_size': 80, 'dropout': 0.2797027773074239, 'hidden_continuous_size': 34, 'attention_head_size': 3, 'learning_rate': 0.04668224682007973}. Best is trial 49 with value: 0.07207542657852173.
LOCAL_RANK: 0 - CUDA_VISIBLE_DEVICES: [0]
[I 2023-11-29 22:35:24,644] Trial 57 finished with value: 0.1733805537223816 and parameters: {'gradient_clip_val': 0.3328204929675686, 'hidden_size': 60, 'dropout': 0.18786887700745009, 'hidden_continuous_size': 24, 'attention_head_size': 3, 'learning_rate': 0.016539808958882622}. Best is trial 49 with value: 0.07207542657852173.
LOCAL_RANK: 0 - CUDA_VISIBLE_DEVICES: [0]
[I 2023-11-29 22:35:37,997] Trial 58 finished with value: 0.10896054655313492 and parameters: {'gradient_clip_val': 0.4755928201568263, 'hidden_size': 50, 'dropout': 0.266208377439733, 'hidden_continuous_size': 31, 'attention_head_size': 2, 'learning_rate': 0.034015843961522255}. Best is trial 49 with value: 0.07207542657852173.
LOCAL_RANK: 0 - CUDA_VISIBLE_DEVICES: [0]
[I 2023-11-29 22:35:52,327] Trial 59 finished with value: 0.2482479363679886 and parameters: {'gradient_clip_val': 0.31018604776046743, 'hidden_size': 93, 'dropout': 0.2544990060084753, 'hidden_continuous_size': 42, 'attention_head_size': 4, 'learning_rate': 0.06349651119790056}. Best is trial 49 with value: 0.07207542657852173.
LOCAL_RANK: 0 - CUDA_VISIBLE_DEVICES: [0]
[I 2023-11-29 22:36:06,049] Trial 60 finished with value: 0.20202584564685822 and parameters: {'gradient_clip_val': 0.5025044723171467, 'hidden_size': 67, 'dropout': 0.1776917612938929, 'hidden_continuous_size': 36, 'attention_head_size': 2, 'learning_rate': 0.052290237295849154}. Best is trial 49 with value: 0.07207542657852173.
LOCAL_RANK: 0 - CUDA_VISIBLE_DEVICES: [0]
[I 2023-11-29 22:36:19,157] Trial 61 finished with value: 0.1764235496520996 and parameters: {'gradient_clip_val': 0.41757176768883647, 'hidden_size': 44, 'dropout': 0.1400859734601809, 'hidden_continuous_size': 28, 'attention_head_size': 1, 'learning_rate': 0.07953681729166383}. Best is trial 49 with value: 0.07207542657852173.
LOCAL_RANK: 0 - CUDA_VISIBLE_DEVICES: [0]
[I 2023-11-29 22:36:32,275] Trial 62 finished with value: 0.22731751203536987 and parameters: {'gradient_clip_val': 0.40039202500962895, 'hidden_size': 43, 'dropout': 0.15217771884297265, 'hidden_continuous_size': 29, 'attention_head_size': 1, 'learning_rate': 0.0677435868462113}. Best is trial 49 with value: 0.07207542657852173.
LOCAL_RANK: 0 - CUDA_VISIBLE_DEVICES: [0]
[I 2023-11-29 22:36:45,055] Trial 63 finished with value: 0.2768063545227051 and parameters: {'gradient_clip_val': 0.4426053177002196, 'hidden_size': 36, 'dropout': 0.17394829621892643, 'hidden_continuous_size': 26, 'attention_head_size': 1, 'learning_rate': 0.07931644246239541}. Best is trial 49 with value: 0.07207542657852173.
LOCAL_RANK: 0 - CUDA_VISIBLE_DEVICES: [0]
[I 2023-11-29 22:36:58,213] Trial 64 finished with value: 0.14545896649360657 and parameters: {'gradient_clip_val': 0.3841018268091504, 'hidden_size': 46, 'dropout': 0.13392571845458026, 'hidden_continuous_size': 32, 'attention_head_size': 1, 'learning_rate': 0.03645973973479811}. Best is trial 49 with value: 0.07207542657852173.
LOCAL_RANK: 0 - CUDA_VISIBLE_DEVICES: [0]
[I 2023-11-29 22:37:11,382] Trial 65 finished with value: 0.2240021973848343 and parameters: {'gradient_clip_val': 0.5500611801837044, 'hidden_size': 56, 'dropout': 0.1599287146597472, 'hidden_continuous_size': 22, 'attention_head_size': 1, 'learning_rate': 0.04583810685680373}. Best is trial 49 with value: 0.07207542657852173.
LOCAL_RANK: 0 - CUDA_VISIBLE_DEVICES: [0]
[I 2023-11-29 22:37:24,488] Trial 66 finished with value: 0.18559114634990692 and parameters: {'gradient_clip_val': 0.3613801799093032, 'hidden_size': 39, 'dropout': 0.20287585584662285, 'hidden_continuous_size': 27, 'attention_head_size': 1, 'learning_rate': 0.05742020179775057}. Best is trial 49 with value: 0.07207542657852173.
LOCAL_RANK: 0 - CUDA_VISIBLE_DEVICES: [0]
[I 2023-11-29 22:37:37,776] Trial 67 finished with value: 0.11815278977155685 and parameters: {'gradient_clip_val': 0.4361504335815861, 'hidden_size': 48, 'dropout': 0.2277951709318551, 'hidden_continuous_size': 30, 'attention_head_size': 2, 'learning_rate': 0.08518132654311074}. Best is trial 49 with value: 0.07207542657852173.
LOCAL_RANK: 0 - CUDA_VISIBLE_DEVICES: [0]
[I 2023-11-29 22:37:51,239] Trial 68 finished with value: 0.0997876524925232 and parameters: {'gradient_clip_val': 0.4876855846200638, 'hidden_size': 52, 'dropout': 0.10155271533441033, 'hidden_continuous_size': 33, 'attention_head_size': 3, 'learning_rate': 0.027098341163464854}. Best is trial 49 with value: 0.07207542657852173.
LOCAL_RANK: 0 - CUDA_VISIBLE_DEVICES: [0]
[I 2023-11-29 22:38:04,968] Trial 69 finished with value: 0.1638728678226471 and parameters: {'gradient_clip_val': 0.6294236806631628, 'hidden_size': 63, 'dropout': 0.21367251679163815, 'hidden_continuous_size': 37, 'attention_head_size': 2, 'learning_rate': 0.07264253202706542}. Best is trial 49 with value: 0.07207542657852173.
LOCAL_RANK: 0 - CUDA_VISIBLE_DEVICES: [0]
[I 2023-11-29 22:38:18,701] Trial 70 finished with value: 0.09575579315423965 and parameters: {'gradient_clip_val': 0.40864815051153425, 'hidden_size': 74, 'dropout': 0.16721650529309273, 'hidden_continuous_size': 40, 'attention_head_size': 1, 'learning_rate': 0.03794364474848542}. Best is trial 49 with value: 0.07207542657852173.
LOCAL_RANK: 0 - CUDA_VISIBLE_DEVICES: [0]
[I 2023-11-29 22:38:32,420] Trial 71 finished with value: 0.14354826509952545 and parameters: {'gradient_clip_val': 0.36656254793818727, 'hidden_size': 72, 'dropout': 0.12671894547510362, 'hidden_continuous_size': 40, 'attention_head_size': 1, 'learning_rate': 0.05074048490734066}. Best is trial 49 with value: 0.07207542657852173.
LOCAL_RANK: 0 - CUDA_VISIBLE_DEVICES: [0]
[I 2023-11-29 22:38:46,135] Trial 72 finished with value: 0.09053542464971542 and parameters: {'gradient_clip_val': 0.4191296263357325, 'hidden_size': 84, 'dropout': 0.16681326926184095, 'hidden_continuous_size': 35, 'attention_head_size': 1, 'learning_rate': 0.037208466167820003}. Best is trial 49 with value: 0.07207542657852173.
LOCAL_RANK: 0 - CUDA_VISIBLE_DEVICES: [0]
[I 2023-11-29 22:38:59,826] Trial 73 finished with value: 0.11480414867401123 and parameters: {'gradient_clip_val': 0.5154095016318047, 'hidden_size': 80, 'dropout': 0.14026094000566303, 'hidden_continuous_size': 36, 'attention_head_size': 1, 'learning_rate': 0.06162356318492186}. Best is trial 49 with value: 0.07207542657852173.
LOCAL_RANK: 0 - CUDA_VISIBLE_DEVICES: [0]
[I 2023-11-29 22:39:13,324] Trial 74 finished with value: 0.16224265098571777 and parameters: {'gradient_clip_val': 0.4353337340287599, 'hidden_size': 84, 'dropout': 0.3949900882524407, 'hidden_continuous_size': 34, 'attention_head_size': 1, 'learning_rate': 0.0445946234936952}. Best is trial 49 with value: 0.07207542657852173.
LOCAL_RANK: 0 - CUDA_VISIBLE_DEVICES: [0]
[I 2023-11-29 22:39:26,555] Trial 75 finished with value: 0.12034547328948975 and parameters: {'gradient_clip_val': 0.3338086407724256, 'hidden_size': 42, 'dropout': 0.18709335152008083, 'hidden_continuous_size': 31, 'attention_head_size': 1, 'learning_rate': 0.033195519576243074}. Best is trial 49 with value: 0.07207542657852173.
LOCAL_RANK: 0 - CUDA_VISIBLE_DEVICES: [0]
[I 2023-11-29 22:39:40,704] Trial 76 finished with value: 0.129408597946167 and parameters: {'gradient_clip_val': 0.46298709912260055, 'hidden_size': 97, 'dropout': 0.15548977061910368, 'hidden_continuous_size': 64, 'attention_head_size': 2, 'learning_rate': 0.06912427571176778}. Best is trial 49 with value: 0.07207542657852173.
LOCAL_RANK: 0 - CUDA_VISIBLE_DEVICES: [0]
[I 2023-11-29 22:39:55,091] Trial 77 finished with value: 0.09333299845457077 and parameters: {'gradient_clip_val': 0.3898836716341328, 'hidden_size': 103, 'dropout': 0.16576663106117034, 'hidden_continuous_size': 48, 'attention_head_size': 3, 'learning_rate': 0.02171126110027421}. Best is trial 49 with value: 0.07207542657852173.
LOCAL_RANK: 0 - CUDA_VISIBLE_DEVICES: [0]
[I 2023-11-29 22:40:09,486] Trial 78 finished with value: 0.25592878460884094 and parameters: {'gradient_clip_val': 0.3785733321527731, 'hidden_size': 114, 'dropout': 0.16776331228389443, 'hidden_continuous_size': 55, 'attention_head_size': 3, 'learning_rate': 0.02398830442412059}. Best is trial 49 with value: 0.07207542657852173.
LOCAL_RANK: 0 - CUDA_VISIBLE_DEVICES: [0]
[I 2023-11-29 22:40:23,756] Trial 79 finished with value: 0.07449241727590561 and parameters: {'gradient_clip_val': 0.5906344129180418, 'hidden_size': 105, 'dropout': 0.2413904970529147, 'hidden_continuous_size': 50, 'attention_head_size': 3, 'learning_rate': 0.029166609554345923}. Best is trial 49 with value: 0.07207542657852173.
LOCAL_RANK: 0 - CUDA_VISIBLE_DEVICES: [0]
[I 2023-11-29 22:40:38,458] Trial 80 finished with value: 0.09808433055877686 and parameters: {'gradient_clip_val': 0.5828521842814143, 'hidden_size': 141, 'dropout': 0.24236878281056845, 'hidden_continuous_size': 46, 'attention_head_size': 3, 'learning_rate': 0.027211452486653718}. Best is trial 49 with value: 0.07207542657852173.
LOCAL_RANK: 0 - CUDA_VISIBLE_DEVICES: [0]
[I 2023-11-29 22:40:52,962] Trial 81 finished with value: 0.16852718591690063 and parameters: {'gradient_clip_val': 0.5035296744293528, 'hidden_size': 104, 'dropout': 0.23123606461650983, 'hidden_continuous_size': 75, 'attention_head_size': 3, 'learning_rate': 0.021259404705399332}. Best is trial 49 with value: 0.07207542657852173.
LOCAL_RANK: 0 - CUDA_VISIBLE_DEVICES: [0]
[I 2023-11-29 22:41:07,228] Trial 82 finished with value: 0.23419727385044098 and parameters: {'gradient_clip_val': 0.6005081799258793, 'hidden_size': 128, 'dropout': 0.22199800206131645, 'hidden_continuous_size': 53, 'attention_head_size': 3, 'learning_rate': 0.029429504991487547}. Best is trial 49 with value: 0.07207542657852173.
LOCAL_RANK: 0 - CUDA_VISIBLE_DEVICES: [0]
[I 2023-11-29 22:41:21,262] Trial 83 finished with value: 0.17535217106342316 and parameters: {'gradient_clip_val': 0.534914184937833, 'hidden_size': 88, 'dropout': 0.20458597487962504, 'hidden_continuous_size': 48, 'attention_head_size': 3, 'learning_rate': 0.02067770476450491}. Best is trial 49 with value: 0.07207542657852173.
LOCAL_RANK: 0 - CUDA_VISIBLE_DEVICES: [0]
[I 2023-11-29 22:41:35,489] Trial 84 finished with value: 0.13999991118907928 and parameters: {'gradient_clip_val': 0.6600758375671824, 'hidden_size': 103, 'dropout': 0.25209887705753364, 'hidden_continuous_size': 58, 'attention_head_size': 3, 'learning_rate': 0.02346224943775512}. Best is trial 49 with value: 0.07207542657852173.
LOCAL_RANK: 0 - CUDA_VISIBLE_DEVICES: [0]
[I 2023-11-29 22:41:49,726] Trial 85 finished with value: 0.24716083705425262 and parameters: {'gradient_clip_val': 0.48945043560295054, 'hidden_size': 107, 'dropout': 0.26280690563733783, 'hidden_continuous_size': 43, 'attention_head_size': 3, 'learning_rate': 0.03773044309996114}. Best is trial 49 with value: 0.07207542657852173.
LOCAL_RANK: 0 - CUDA_VISIBLE_DEVICES: [0]
[I 2023-11-29 22:42:04,120] Trial 86 finished with value: 0.11219272762537003 and parameters: {'gradient_clip_val': 0.40193154775420514, 'hidden_size': 94, 'dropout': 0.19348283344154574, 'hidden_continuous_size': 46, 'attention_head_size': 3, 'learning_rate': 0.03245780551168823}. Best is trial 49 with value: 0.07207542657852173.
LOCAL_RANK: 0 - CUDA_VISIBLE_DEVICES: [0]
[I 2023-11-29 22:42:18,152] Trial 87 finished with value: 0.20985567569732666 and parameters: {'gradient_clip_val': 0.45807448066606127, 'hidden_size': 85, 'dropout': 0.24088177544396944, 'hidden_continuous_size': 37, 'attention_head_size': 3, 'learning_rate': 0.01938404542184555}. Best is trial 49 with value: 0.07207542657852173.
LOCAL_RANK: 0 - CUDA_VISIBLE_DEVICES: [0]
[I 2023-11-29 22:42:32,383] Trial 88 finished with value: 0.12294629961252213 and parameters: {'gradient_clip_val': 0.3065577148111671, 'hidden_size': 98, 'dropout': 0.21246733639321377, 'hidden_continuous_size': 51, 'attention_head_size': 2, 'learning_rate': 0.042464185852411906}. Best is trial 49 with value: 0.07207542657852173.
LOCAL_RANK: 0 - CUDA_VISIBLE_DEVICES: [0]
[I 2023-11-29 22:42:46,617] Trial 89 finished with value: 0.19474256038665771 and parameters: {'gradient_clip_val': 0.3552466961494105, 'hidden_size': 81, 'dropout': 0.18075032105411293, 'hidden_continuous_size': 42, 'attention_head_size': 4, 'learning_rate': 0.028408677478576307}. Best is trial 49 with value: 0.07207542657852173.
LOCAL_RANK: 0 - CUDA_VISIBLE_DEVICES: [0]
[I 2023-11-29 22:43:00,610] Trial 90 finished with value: 0.16928793489933014 and parameters: {'gradient_clip_val': 0.5486031941515797, 'hidden_size': 90, 'dropout': 0.24880660916191222, 'hidden_continuous_size': 39, 'attention_head_size': 2, 'learning_rate': 0.0353375287065309}. Best is trial 49 with value: 0.07207542657852173.
LOCAL_RANK: 0 - CUDA_VISIBLE_DEVICES: [0]
