[I 2023-11-30 06:16:37,499] Trial 9 finished with value: 232.47267150878906 and parameters: {'gradient_clip_val': 0.22255565735123398, 'hidden_size': 77, 'dropout': 0.3442264121177161, 'hidden_continuous_size': 28, 'attention_head_size': 3, 'learning_rate': 0.0011093284728016372}. Best is trial 8 with value: 66.0030746459961.
LOCAL_RANK: 0 - CUDA_VISIBLE_DEVICES: [0]
[I 2023-11-30 06:16:50,662] Trial 10 finished with value: 74.35054779052734 and parameters: {'gradient_clip_val': 0.46885400016309636, 'hidden_size': 39, 'dropout': 0.18307914935537506, 'hidden_continuous_size': 22, 'attention_head_size': 4, 'learning_rate': 0.08899098772744722}. Best is trial 8 with value: 66.0030746459961.
LOCAL_RANK: 0 - CUDA_VISIBLE_DEVICES: [0]
[I 2023-11-30 06:17:03,755] Trial 11 finished with value: 85.15608978271484 and parameters: {'gradient_clip_val': 0.4574166140424817, 'hidden_size': 37, 'dropout': 0.10824878073427055, 'hidden_continuous_size': 22, 'attention_head_size': 4, 'learning_rate': 0.08266238970635503}. Best is trial 8 with value: 66.0030746459961.
LOCAL_RANK: 0 - CUDA_VISIBLE_DEVICES: [0]
[I 2023-11-30 06:17:18,680] Trial 12 finished with value: 73.22266387939453 and parameters: {'gradient_clip_val': 0.39436452543360073, 'hidden_size': 137, 'dropout': 0.17789680509170952, 'hidden_continuous_size': 52, 'attention_head_size': 4, 'learning_rate': 0.03684056981869533}. Best is trial 8 with value: 66.0030746459961.
LOCAL_RANK: 0 - CUDA_VISIBLE_DEVICES: [0]
[I 2023-11-30 06:17:33,226] Trial 13 finished with value: 64.23767852783203 and parameters: {'gradient_clip_val': 0.37770169987629687, 'hidden_size': 125, 'dropout': 0.1767959179712804, 'hidden_continuous_size': 50, 'attention_head_size': 4, 'learning_rate': 0.027226132776660434}. Best is trial 13 with value: 64.23767852783203.
LOCAL_RANK: 0 - CUDA_VISIBLE_DEVICES: [0]
[I 2023-11-30 06:17:48,243] Trial 14 finished with value: 72.35053253173828 and parameters: {'gradient_clip_val': 0.3346098454317284, 'hidden_size': 130, 'dropout': 0.10046436223332059, 'hidden_continuous_size': 97, 'attention_head_size': 4, 'learning_rate': 0.031554633099328884}. Best is trial 13 with value: 64.23767852783203.
LOCAL_RANK: 0 - CUDA_VISIBLE_DEVICES: [0]
[I 2023-11-30 06:18:02,105] Trial 15 finished with value: 68.48233795166016 and parameters: {'gradient_clip_val': 0.9616558347419555, 'hidden_size': 81, 'dropout': 0.22382020543854556, 'hidden_continuous_size': 37, 'attention_head_size': 2, 'learning_rate': 0.022405420965338745}. Best is trial 13 with value: 64.23767852783203.
LOCAL_RANK: 0 - CUDA_VISIBLE_DEVICES: [0]
[I 2023-11-30 06:18:14,769] Trial 16 finished with value: 58.066837310791016 and parameters: {'gradient_clip_val': 0.5684803624135638, 'hidden_size': 29, 'dropout': 0.15185726276595143, 'hidden_continuous_size': 10, 'attention_head_size': 4, 'learning_rate': 0.02075071422429125}. Best is trial 16 with value: 58.066837310791016.
LOCAL_RANK: 0 - CUDA_VISIBLE_DEVICES: [0]
[I 2023-11-30 06:18:28,212] Trial 17 finished with value: 69.98973846435547 and parameters: {'gradient_clip_val': 0.5721569082797798, 'hidden_size': 57, 'dropout': 0.15898348285230435, 'hidden_continuous_size': 10, 'attention_head_size': 4, 'learning_rate': 0.020548020137825685}. Best is trial 16 with value: 58.066837310791016.
LOCAL_RANK: 0 - CUDA_VISIBLE_DEVICES: [0]
[I 2023-11-30 06:18:40,457] Trial 18 finished with value: 61.15616989135742 and parameters: {'gradient_clip_val': 0.3330650450953746, 'hidden_size': 28, 'dropout': 0.20869578970648922, 'hidden_continuous_size': 12, 'attention_head_size': 1, 'learning_rate': 0.045576446153233}. Best is trial 16 with value: 58.066837310791016.
LOCAL_RANK: 0 - CUDA_VISIBLE_DEVICES: [0]
[I 2023-11-30 06:18:52,630] Trial 19 finished with value: 58.68914794921875 and parameters: {'gradient_clip_val': 0.2765453899001009, 'hidden_size': 28, 'dropout': 0.21976676983430854, 'hidden_continuous_size': 11, 'attention_head_size': 1, 'learning_rate': 0.04999430505349767}. Best is trial 16 with value: 58.066837310791016.
LOCAL_RANK: 0 - CUDA_VISIBLE_DEVICES: [0]
[I 2023-11-30 06:19:04,802] Trial 20 finished with value: 64.11942291259766 and parameters: {'gradient_clip_val': 0.2498967124313174, 'hidden_size': 28, 'dropout': 0.23793397679912995, 'hidden_continuous_size': 10, 'attention_head_size': 1, 'learning_rate': 0.055573033604414596}. Best is trial 16 with value: 58.066837310791016.
LOCAL_RANK: 0 - CUDA_VISIBLE_DEVICES: [0]
[I 2023-11-30 06:19:17,168] Trial 21 finished with value: 64.00576782226562 and parameters: {'gradient_clip_val': 0.29501385275706216, 'hidden_size': 29, 'dropout': 0.21147495199687882, 'hidden_continuous_size': 11, 'attention_head_size': 1, 'learning_rate': 0.046607715818594735}. Best is trial 16 with value: 58.066837310791016.
LOCAL_RANK: 0 - CUDA_VISIBLE_DEVICES: [0]
[I 2023-11-30 06:19:29,555] Trial 22 finished with value: 53.22932815551758 and parameters: {'gradient_clip_val': 0.19190484208321743, 'hidden_size': 24, 'dropout': 0.2107053068746072, 'hidden_continuous_size': 11, 'attention_head_size': 1, 'learning_rate': 0.04405444457084371}. Best is trial 22 with value: 53.22932815551758.
LOCAL_RANK: 0 - CUDA_VISIBLE_DEVICES: [0]
[I 2023-11-30 06:19:42,016] Trial 23 finished with value: 72.09467315673828 and parameters: {'gradient_clip_val': 0.1982463703955052, 'hidden_size': 22, 'dropout': 0.26294346438139393, 'hidden_continuous_size': 11, 'attention_head_size': 2, 'learning_rate': 0.09942319654995915}. Best is trial 22 with value: 53.22932815551758.
LOCAL_RANK: 0 - CUDA_VISIBLE_DEVICES: [0]
[I 2023-11-30 06:19:54,203] Trial 24 finished with value: 75.19283294677734 and parameters: {'gradient_clip_val': 0.18294417078091796, 'hidden_size': 16, 'dropout': 0.16078973494054166, 'hidden_continuous_size': 10, 'attention_head_size': 1, 'learning_rate': 0.01728456144679645}. Best is trial 22 with value: 53.22932815551758.
LOCAL_RANK: 0 - CUDA_VISIBLE_DEVICES: [0]
[I 2023-11-30 06:20:07,112] Trial 25 finished with value: 55.65607833862305 and parameters: {'gradient_clip_val': 0.10763885133681889, 'hidden_size': 33, 'dropout': 0.22394851289379003, 'hidden_continuous_size': 13, 'attention_head_size': 2, 'learning_rate': 0.030461806446663794}. Best is trial 22 with value: 53.22932815551758.
LOCAL_RANK: 0 - CUDA_VISIBLE_DEVICES: [0]
[I 2023-11-30 06:20:20,103] Trial 26 finished with value: 63.48353958129883 and parameters: {'gradient_clip_val': 0.10515206157359998, 'hidden_size': 45, 'dropout': 0.19209803679110346, 'hidden_continuous_size': 13, 'attention_head_size': 2, 'learning_rate': 0.011264730729835285}. Best is trial 22 with value: 53.22932815551758.
LOCAL_RANK: 0 - CUDA_VISIBLE_DEVICES: [0]
[I 2023-11-30 06:20:32,919] Trial 27 finished with value: 66.934814453125 and parameters: {'gradient_clip_val': 0.15746226498040813, 'hidden_size': 33, 'dropout': 0.2647188910570024, 'hidden_continuous_size': 12, 'attention_head_size': 2, 'learning_rate': 0.03183064867317962}. Best is trial 22 with value: 53.22932815551758.
LOCAL_RANK: 0 - CUDA_VISIBLE_DEVICES: [0]
[I 2023-11-30 06:20:45,937] Trial 28 finished with value: 67.00489044189453 and parameters: {'gradient_clip_val': 0.10149001432536929, 'hidden_size': 48, 'dropout': 0.23216711386873437, 'hidden_continuous_size': 18, 'attention_head_size': 2, 'learning_rate': 0.016603639486109937}. Best is trial 22 with value: 53.22932815551758.
LOCAL_RANK: 0 - CUDA_VISIBLE_DEVICES: [0]
[I 2023-11-30 06:20:58,351] Trial 29 finished with value: 92.68770599365234 and parameters: {'gradient_clip_val': 0.14631792707208202, 'hidden_size': 21, 'dropout': 0.24392832703174883, 'hidden_continuous_size': 10, 'attention_head_size': 1, 'learning_rate': 0.021066524540079904}. Best is trial 22 with value: 53.22932815551758.
LOCAL_RANK: 0 - CUDA_VISIBLE_DEVICES: [0]
[I 2023-11-30 06:21:10,525] Trial 30 finished with value: 126.08280181884766 and parameters: {'gradient_clip_val': 0.16431878147815324, 'hidden_size': 24, 'dropout': 0.20980094196199572, 'hidden_continuous_size': 13, 'attention_head_size': 2, 'learning_rate': 0.008947732512171768}. Best is trial 22 with value: 53.22932815551758.
LOCAL_RANK: 0 - CUDA_VISIBLE_DEVICES: [0]
[I 2023-11-30 06:21:22,982] Trial 31 finished with value: 72.84255981445312 and parameters: {'gradient_clip_val': 0.20549020000336, 'hidden_size': 33, 'dropout': 0.21991863807971979, 'hidden_continuous_size': 11, 'attention_head_size': 1, 'learning_rate': 0.03800761188891069}. Best is trial 22 with value: 53.22932815551758.
LOCAL_RANK: 0 - CUDA_VISIBLE_DEVICES: [0]
[I 2023-11-30 06:21:35,232] Trial 32 finished with value: 69.7895736694336 and parameters: {'gradient_clip_val': 0.2418121577793207, 'hidden_size': 24, 'dropout': 0.2601548576740629, 'hidden_continuous_size': 12, 'attention_head_size': 1, 'learning_rate': 0.06965980066644313}. Best is trial 22 with value: 53.22932815551758.
LOCAL_RANK: 0 - CUDA_VISIBLE_DEVICES: [0]
[I 2023-11-30 06:21:47,617] Trial 33 finished with value: 65.21112823486328 and parameters: {'gradient_clip_val': 0.28955174206542916, 'hidden_size': 32, 'dropout': 0.16129205370844002, 'hidden_continuous_size': 11, 'attention_head_size': 1, 'learning_rate': 0.06582039989660343}. Best is trial 22 with value: 53.22932815551758.
LOCAL_RANK: 0 - CUDA_VISIBLE_DEVICES: [0]
[I 2023-11-30 06:22:00,035] Trial 34 finished with value: 73.4646987915039 and parameters: {'gradient_clip_val': 0.17130435818092862, 'hidden_size': 14, 'dropout': 0.24589218638218263, 'hidden_continuous_size': 10, 'attention_head_size': 2, 'learning_rate': 0.04032490886792049}. Best is trial 22 with value: 53.22932815551758.
LOCAL_RANK: 0 - CUDA_VISIBLE_DEVICES: [0]
[I 2023-11-30 06:22:12,413] Trial 35 finished with value: 93.60839080810547 and parameters: {'gradient_clip_val': 0.13141738914560047, 'hidden_size': 18, 'dropout': 0.1971305606855719, 'hidden_continuous_size': 11, 'attention_head_size': 1, 'learning_rate': 0.03325905404511296}. Best is trial 22 with value: 53.22932815551758.
LOCAL_RANK: 0 - CUDA_VISIBLE_DEVICES: [0]
[I 2023-11-30 06:22:24,501] Trial 36 finished with value: 63.2706298828125 and parameters: {'gradient_clip_val': 0.2167965869057704, 'hidden_size': 24, 'dropout': 0.2915054040788541, 'hidden_continuous_size': 12, 'attention_head_size': 1, 'learning_rate': 0.026895377020180883}. Best is trial 22 with value: 53.22932815551758.
LOCAL_RANK: 0 - CUDA_VISIBLE_DEVICES: [0]
[I 2023-11-30 06:22:37,069] Trial 37 finished with value: 112.95406341552734 and parameters: {'gradient_clip_val': 0.18248151785184993, 'hidden_size': 19, 'dropout': 0.22356367757797324, 'hidden_continuous_size': 10, 'attention_head_size': 2, 'learning_rate': 0.013532580284682866}. Best is trial 22 with value: 53.22932815551758.
LOCAL_RANK: 0 - CUDA_VISIBLE_DEVICES: [0]
[I 2023-11-30 06:22:49,414] Trial 38 finished with value: 59.18696594238281 and parameters: {'gradient_clip_val': 0.11717669634533823, 'hidden_size': 32, 'dropout': 0.1469704211142932, 'hidden_continuous_size': 14, 'attention_head_size': 1, 'learning_rate': 0.05762168635855594}. Best is trial 22 with value: 53.22932815551758.
LOCAL_RANK: 0 - CUDA_VISIBLE_DEVICES: [0]
[I 2023-11-30 06:23:01,645] Trial 39 finished with value: 53.18828201293945 and parameters: {'gradient_clip_val': 0.2397696090290088, 'hidden_size': 16, 'dropout': 0.12395327628736548, 'hidden_continuous_size': 11, 'attention_head_size': 3, 'learning_rate': 0.04600104550646548}. Best is trial 39 with value: 53.18828201293945.
LOCAL_RANK: 0 - CUDA_VISIBLE_DEVICES: [0]
[I 2023-11-30 06:23:13,686] Trial 40 finished with value: 71.19525909423828 and parameters: {'gradient_clip_val': 0.14447920772635145, 'hidden_size': 16, 'dropout': 0.13503531284188686, 'hidden_continuous_size': 10, 'attention_head_size': 3, 'learning_rate': 0.018569851815620222}. Best is trial 39 with value: 53.18828201293945.
LOCAL_RANK: 0 - CUDA_VISIBLE_DEVICES: [0]
[I 2023-11-30 06:23:26,245] Trial 41 finished with value: 76.89058685302734 and parameters: {'gradient_clip_val': 0.2864888980207263, 'hidden_size': 23, 'dropout': 0.11797644990983519, 'hidden_continuous_size': 11, 'attention_head_size': 3, 'learning_rate': 0.04674598439904026}. Best is trial 39 with value: 53.18828201293945.
LOCAL_RANK: 0 - CUDA_VISIBLE_DEVICES: [0]
[I 2023-11-30 06:23:39,060] Trial 42 finished with value: 60.66816711425781 and parameters: {'gradient_clip_val': 0.2523483651102551, 'hidden_size': 21, 'dropout': 0.14621655982531656, 'hidden_continuous_size': 12, 'attention_head_size': 3, 'learning_rate': 0.02902909515292484}. Best is trial 39 with value: 53.18828201293945.
LOCAL_RANK: 0 - CUDA_VISIBLE_DEVICES: [0]
[I 2023-11-30 06:23:51,768] Trial 43 finished with value: 61.557098388671875 and parameters: {'gradient_clip_val': 0.2291343429758343, 'hidden_size': 26, 'dropout': 0.11959251123992115, 'hidden_continuous_size': 13, 'attention_head_size': 4, 'learning_rate': 0.04240868561475691}. Best is trial 39 with value: 53.18828201293945.
LOCAL_RANK: 0 - CUDA_VISIBLE_DEVICES: [0]
[I 2023-11-30 06:24:04,046] Trial 44 finished with value: 69.2435531616211 and parameters: {'gradient_clip_val': 0.26920235234928586, 'hidden_size': 12, 'dropout': 0.12698238638412257, 'hidden_continuous_size': 10, 'attention_head_size': 3, 'learning_rate': 0.07111279614049827}. Best is trial 39 with value: 53.18828201293945.
LOCAL_RANK: 0 - CUDA_VISIBLE_DEVICES: [0]
[I 2023-11-30 06:24:16,413] Trial 45 finished with value: 91.1297836303711 and parameters: {'gradient_clip_val': 0.19749844574571726, 'hidden_size': 18, 'dropout': 0.17060973875955587, 'hidden_continuous_size': 11, 'attention_head_size': 2, 'learning_rate': 0.02415927366262053}. Best is trial 39 with value: 53.18828201293945.
LOCAL_RANK: 0 - CUDA_VISIBLE_DEVICES: [0]
[I 2023-11-30 06:24:27,008] Trial 46 finished with value: 68.35665893554688 and parameters: {'gradient_clip_val': 0.26362251935996306, 'hidden_size': 10, 'dropout': 0.18922237147741508, 'hidden_continuous_size': 10, 'attention_head_size': 4, 'learning_rate': 0.05259259309537336}. Best is trial 39 with value: 53.18828201293945.
LOCAL_RANK: 0 - CUDA_VISIBLE_DEVICES: [0]
[I 2023-11-30 06:24:39,845] Trial 47 finished with value: 59.3066520690918 and parameters: {'gradient_clip_val': 0.23464129622398525, 'hidden_size': 14, 'dropout': 0.19757725248076274, 'hidden_continuous_size': 11, 'attention_head_size': 3, 'learning_rate': 0.035303621442510626}. Best is trial 39 with value: 53.18828201293945.
LOCAL_RANK: 0 - CUDA_VISIBLE_DEVICES: [0]
[I 2023-11-30 06:24:52,254] Trial 48 finished with value: 54.7581901550293 and parameters: {'gradient_clip_val': 0.310564620565769, 'hidden_size': 28, 'dropout': 0.1781857062878922, 'hidden_continuous_size': 12, 'attention_head_size': 2, 'learning_rate': 0.07919976565075498}. Best is trial 39 with value: 53.18828201293945.
LOCAL_RANK: 0 - CUDA_VISIBLE_DEVICES: [0]
[I 2023-11-30 06:25:05,138] Trial 49 finished with value: 61.0035285949707 and parameters: {'gradient_clip_val': 0.3132657522700791, 'hidden_size': 37, 'dropout': 0.17535402861167657, 'hidden_continuous_size': 15, 'attention_head_size': 2, 'learning_rate': 0.07896711611551244}. Best is trial 39 with value: 53.18828201293945.
LOCAL_RANK: 0 - CUDA_VISIBLE_DEVICES: [0]
[I 2023-11-30 06:25:17,623] Trial 50 finished with value: 77.82354736328125 and parameters: {'gradient_clip_val': 0.4184206558196675, 'hidden_size': 19, 'dropout': 0.1511773226846044, 'hidden_continuous_size': 12, 'attention_head_size': 2, 'learning_rate': 0.05983533119036896}. Best is trial 39 with value: 53.18828201293945.
LOCAL_RANK: 0 - CUDA_VISIBLE_DEVICES: [0]
[I 2023-11-30 06:25:30,193] Trial 51 finished with value: 63.180721282958984 and parameters: {'gradient_clip_val': 0.3301300371823938, 'hidden_size': 26, 'dropout': 0.16896365572000466, 'hidden_continuous_size': 13, 'attention_head_size': 2, 'learning_rate': 0.084708719867243}. Best is trial 39 with value: 53.18828201293945.
LOCAL_RANK: 0 - CUDA_VISIBLE_DEVICES: [0]
[I 2023-11-30 06:25:43,040] Trial 52 finished with value: 72.29364776611328 and parameters: {'gradient_clip_val': 0.3599604815520639, 'hidden_size': 29, 'dropout': 0.2036664056690969, 'hidden_continuous_size': 12, 'attention_head_size': 3, 'learning_rate': 0.04930270761106109}. Best is trial 39 with value: 53.18828201293945.
LOCAL_RANK: 0 - CUDA_VISIBLE_DEVICES: [0]
[I 2023-11-30 06:25:55,448] Trial 53 finished with value: 74.45854949951172 and parameters: {'gradient_clip_val': 0.21783910528025463, 'hidden_size': 21, 'dropout': 0.1390940102123799, 'hidden_continuous_size': 11, 'attention_head_size': 1, 'learning_rate': 0.06473617437220212}. Best is trial 39 with value: 53.18828201293945.
LOCAL_RANK: 0 - CUDA_VISIBLE_DEVICES: [0]
[I 2023-11-30 06:26:08,322] Trial 54 finished with value: 71.90219116210938 and parameters: {'gradient_clip_val': 0.31006496513245774, 'hidden_size': 36, 'dropout': 0.1884947115717027, 'hidden_continuous_size': 13, 'attention_head_size': 4, 'learning_rate': 0.03964283716893122}. Best is trial 39 with value: 53.18828201293945.
LOCAL_RANK: 0 - CUDA_VISIBLE_DEVICES: [0]
[I 2023-11-30 06:26:21,055] Trial 55 finished with value: 49.20562744140625 and parameters: {'gradient_clip_val': 0.2773072620905582, 'hidden_size': 30, 'dropout': 0.18453894527909073, 'hidden_continuous_size': 14, 'attention_head_size': 2, 'learning_rate': 0.029451956732664316}. Best is trial 55 with value: 49.20562744140625.
LOCAL_RANK: 0 - CUDA_VISIBLE_DEVICES: [0]
[I 2023-11-30 06:26:33,745] Trial 56 finished with value: 66.6323013305664 and parameters: {'gradient_clip_val': 0.35960120976787524, 'hidden_size': 31, 'dropout': 0.18115938629551961, 'hidden_continuous_size': 12, 'attention_head_size': 2, 'learning_rate': 0.023987875188416063}. Best is trial 55 with value: 49.20562744140625.
LOCAL_RANK: 0 - CUDA_VISIBLE_DEVICES: [0]
[I 2023-11-30 06:26:46,650] Trial 57 finished with value: 67.37885284423828 and parameters: {'gradient_clip_val': 0.2661102704104636, 'hidden_size': 40, 'dropout': 0.1536976667914956, 'hidden_continuous_size': 14, 'attention_head_size': 2, 'learning_rate': 0.031293296973568654}. Best is trial 55 with value: 49.20562744140625.
LOCAL_RANK: 0 - CUDA_VISIBLE_DEVICES: [0]
[I 2023-11-30 06:26:59,534] Trial 58 finished with value: 71.19822692871094 and parameters: {'gradient_clip_val': 0.5225011933872074, 'hidden_size': 35, 'dropout': 0.164561642914168, 'hidden_continuous_size': 16, 'attention_head_size': 3, 'learning_rate': 0.02564659594633192}. Best is trial 55 with value: 49.20562744140625.
LOCAL_RANK: 0 - CUDA_VISIBLE_DEVICES: [0]
[I 2023-11-30 06:27:12,086] Trial 59 finished with value: 72.56031036376953 and parameters: {'gradient_clip_val': 0.7424309082305129, 'hidden_size': 27, 'dropout': 0.18345235737486168, 'hidden_continuous_size': 14, 'attention_head_size': 2, 'learning_rate': 0.03664859014674766}. Best is trial 55 with value: 49.20562744140625.
LOCAL_RANK: 0 - CUDA_VISIBLE_DEVICES: [0]
[I 2023-11-30 06:27:24,809] Trial 60 finished with value: 70.05059814453125 and parameters: {'gradient_clip_val': 0.24269674906432476, 'hidden_size': 30, 'dropout': 0.2014896485515001, 'hidden_continuous_size': 13, 'attention_head_size': 3, 'learning_rate': 0.02081560067855153}. Best is trial 55 with value: 49.20562744140625.
LOCAL_RANK: 0 - CUDA_VISIBLE_DEVICES: [0]
[I 2023-11-30 06:27:37,287] Trial 61 finished with value: 62.823486328125 and parameters: {'gradient_clip_val': 0.28067104139438787, 'hidden_size': 26, 'dropout': 0.2183086320179842, 'hidden_continuous_size': 11, 'attention_head_size': 2, 'learning_rate': 0.04914290852936156}. Best is trial 55 with value: 49.20562744140625.
LOCAL_RANK: 0 - CUDA_VISIBLE_DEVICES: [0]
[I 2023-11-30 06:27:49,831] Trial 62 finished with value: 50.27107238769531 and parameters: {'gradient_clip_val': 0.3006882716398299, 'hidden_size': 29, 'dropout': 0.23694859173001773, 'hidden_continuous_size': 11, 'attention_head_size': 1, 'learning_rate': 0.0988966311817198}. Best is trial 55 with value: 49.20562744140625.
LOCAL_RANK: 0 - CUDA_VISIBLE_DEVICES: [0]
[I 2023-11-30 06:28:02,805] Trial 63 finished with value: 44.4382438659668 and parameters: {'gradient_clip_val': 0.3239551433127065, 'hidden_size': 34, 'dropout': 0.22815232079301065, 'hidden_continuous_size': 15, 'attention_head_size': 4, 'learning_rate': 0.09658519733485336}. Best is trial 63 with value: 44.4382438659668.
LOCAL_RANK: 0 - CUDA_VISIBLE_DEVICES: [0]
[I 2023-11-30 06:28:15,538] Trial 64 finished with value: 54.5814208984375 and parameters: {'gradient_clip_val': 0.30530352845617037, 'hidden_size': 35, 'dropout': 0.23009862595366426, 'hidden_continuous_size': 16, 'attention_head_size': 1, 'learning_rate': 0.09761160805354048}. Best is trial 63 with value: 44.4382438659668.
LOCAL_RANK: 0 - CUDA_VISIBLE_DEVICES: [0]
[I 2023-11-30 06:28:28,165] Trial 65 finished with value: 56.8978271484375 and parameters: {'gradient_clip_val': 0.3111931082362004, 'hidden_size': 40, 'dropout': 0.23552780943332946, 'hidden_continuous_size': 16, 'attention_head_size': 1, 'learning_rate': 0.09629750276336017}. Best is trial 63 with value: 44.4382438659668.
LOCAL_RANK: 0 - CUDA_VISIBLE_DEVICES: [0]
[I 2023-11-30 06:28:40,797] Trial 66 finished with value: 67.1876220703125 and parameters: {'gradient_clip_val': 0.34228710408709406, 'hidden_size': 35, 'dropout': 0.25434895381262795, 'hidden_continuous_size': 17, 'attention_head_size': 1, 'learning_rate': 0.07986248719444458}. Best is trial 63 with value: 44.4382438659668.
LOCAL_RANK: 0 - CUDA_VISIBLE_DEVICES: [0]
[I 2023-11-30 06:28:53,782] Trial 67 finished with value: 56.43214797973633 and parameters: {'gradient_clip_val': 0.3031048438664262, 'hidden_size': 42, 'dropout': 0.20884022104935918, 'hidden_continuous_size': 15, 'attention_head_size': 1, 'learning_rate': 0.09640602033763798}. Best is trial 63 with value: 44.4382438659668.
LOCAL_RANK: 0 - CUDA_VISIBLE_DEVICES: [0]
