[I 2023-11-30 10:09:13,658] Trial 149 finished with value: 0.13299119472503662 and parameters: {'gradient_clip_val': 0.49289861544240354, 'hidden_size': 92, 'dropout': 0.3505591852642483, 'hidden_continuous_size': 34, 'attention_head_size': 2, 'learning_rate': 0.023283657673308936}. Best is trial 124 with value: 0.0691356211900711.
[I 2023-11-30 10:09:13,768] A new study created in memory with name: no-name-f0c9e7ec-1c16-4afe-8e69-64a3b739be32
/home/le004/conda/anaconda3/envs/tsff_env/lib/python3.9/site-packages/lightning/fabric/plugins/environments/slurm.py:191: The `srun` command is available on your system but is not used. HINT: If your intention is to run Lightning on SLURM, prepend your python command with `srun` like so: srun python /home/le004/master_thesis/git/TSFusionForecast/code/ ...
LOCAL_RANK: 0 - CUDA_VISIBLE_DEVICES: [0]
[I 2023-11-30 10:09:25,962] Trial 0 finished with value: 1.588131308555603 and parameters: {'gradient_clip_val': 0.37936304753227423, 'hidden_size': 11, 'dropout': 0.1734182992691502, 'hidden_continuous_size': 10, 'attention_head_size': 1, 'learning_rate': 0.01153698781226031}. Best is trial 0 with value: 1.588131308555603.
LOCAL_RANK: 0 - CUDA_VISIBLE_DEVICES: [0]
[I 2023-11-30 10:09:38,656] Trial 1 finished with value: 1.6880959272384644 and parameters: {'gradient_clip_val': 0.24685835825833588, 'hidden_size': 32, 'dropout': 0.37239639870435126, 'hidden_continuous_size': 24, 'attention_head_size': 1, 'learning_rate': 0.0013464670604879966}. Best is trial 0 with value: 1.588131308555603.
LOCAL_RANK: 0 - CUDA_VISIBLE_DEVICES: [0]
[I 2023-11-30 10:09:52,146] Trial 2 finished with value: 0.4492349624633789 and parameters: {'gradient_clip_val': 0.7090325618640332, 'hidden_size': 84, 'dropout': 0.10024797001769956, 'hidden_continuous_size': 11, 'attention_head_size': 3, 'learning_rate': 0.0026141875033487798}. Best is trial 2 with value: 0.4492349624633789.
LOCAL_RANK: 0 - CUDA_VISIBLE_DEVICES: [0]
[I 2023-11-30 10:10:04,611] Trial 3 finished with value: 0.23853647708892822 and parameters: {'gradient_clip_val': 0.45519855878024196, 'hidden_size': 17, 'dropout': 0.1792384974496708, 'hidden_continuous_size': 10, 'attention_head_size': 3, 'learning_rate': 0.05263726151496539}. Best is trial 3 with value: 0.23853647708892822.
LOCAL_RANK: 0 - CUDA_VISIBLE_DEVICES: [0]
[I 2023-11-30 10:10:18,973] Trial 4 finished with value: 0.2332412451505661 and parameters: {'gradient_clip_val': 0.40891148487967305, 'hidden_size': 121, 'dropout': 0.1772480952922336, 'hidden_continuous_size': 55, 'attention_head_size': 4, 'learning_rate': 0.002876092149012312}. Best is trial 4 with value: 0.2332412451505661.
LOCAL_RANK: 0 - CUDA_VISIBLE_DEVICES: [0]
[I 2023-11-30 10:10:31,486] Trial 5 finished with value: 2.2438557147979736 and parameters: {'gradient_clip_val': 0.1487870021839039, 'hidden_size': 22, 'dropout': 0.17863202356904873, 'hidden_continuous_size': 14, 'attention_head_size': 3, 'learning_rate': 0.0013481625163789133}. Best is trial 4 with value: 0.2332412451505661.
LOCAL_RANK: 0 - CUDA_VISIBLE_DEVICES: [0]
[I 2023-11-30 10:10:45,533] Trial 6 finished with value: 0.15681329369544983 and parameters: {'gradient_clip_val': 0.38756629936228293, 'hidden_size': 75, 'dropout': 0.2848811427624043, 'hidden_continuous_size': 39, 'attention_head_size': 3, 'learning_rate': 0.05523693579154582}. Best is trial 6 with value: 0.15681329369544983.
LOCAL_RANK: 0 - CUDA_VISIBLE_DEVICES: [0]
[I 2023-11-30 10:10:59,135] Trial 7 finished with value: 0.33637627959251404 and parameters: {'gradient_clip_val': 0.17474223027318175, 'hidden_size': 66, 'dropout': 0.21820819596268828, 'hidden_continuous_size': 22, 'attention_head_size': 3, 'learning_rate': 0.006413722670077933}. Best is trial 6 with value: 0.15681329369544983.
LOCAL_RANK: 0 - CUDA_VISIBLE_DEVICES: [0]
[I 2023-11-30 10:11:13,601] Trial 8 finished with value: 0.18848389387130737 and parameters: {'gradient_clip_val': 0.23312814753991878, 'hidden_size': 141, 'dropout': 0.2616346246335234, 'hidden_continuous_size': 20, 'attention_head_size': 3, 'learning_rate': 0.045257719489494204}. Best is trial 6 with value: 0.15681329369544983.
LOCAL_RANK: 0 - CUDA_VISIBLE_DEVICES: [0]
[I 2023-11-30 10:11:28,028] Trial 9 finished with value: 0.23372121155261993 and parameters: {'gradient_clip_val': 0.20695792744148575, 'hidden_size': 131, 'dropout': 0.30930645810328145, 'hidden_continuous_size': 33, 'attention_head_size': 3, 'learning_rate': 0.07667632021512497}. Best is trial 6 with value: 0.15681329369544983.
LOCAL_RANK: 0 - CUDA_VISIBLE_DEVICES: [0]
[I 2023-11-30 10:11:41,814] Trial 10 finished with value: 0.22539149224758148 and parameters: {'gradient_clip_val': 0.11250855287214423, 'hidden_size': 50, 'dropout': 0.39831466115583625, 'hidden_continuous_size': 43, 'attention_head_size': 2, 'learning_rate': 0.025054711940316984}. Best is trial 6 with value: 0.15681329369544983.
LOCAL_RANK: 0 - CUDA_VISIBLE_DEVICES: [0]
[I 2023-11-30 10:11:56,868] Trial 11 finished with value: 0.17947566509246826 and parameters: {'gradient_clip_val': 0.2752256978453693, 'hidden_size': 139, 'dropout': 0.2848441153927042, 'hidden_continuous_size': 95, 'attention_head_size': 4, 'learning_rate': 0.0408381099163741}. Best is trial 6 with value: 0.15681329369544983.
LOCAL_RANK: 0 - CUDA_VISIBLE_DEVICES: [0]
[I 2023-11-30 10:12:11,172] Trial 12 finished with value: 0.13799645006656647 and parameters: {'gradient_clip_val': 0.31191341556444974, 'hidden_size': 75, 'dropout': 0.30469249657798414, 'hidden_continuous_size': 73, 'attention_head_size': 4, 'learning_rate': 0.02776889750312113}. Best is trial 12 with value: 0.13799645006656647.
LOCAL_RANK: 0 - CUDA_VISIBLE_DEVICES: [0]
[I 2023-11-30 10:12:25,381] Trial 13 finished with value: 0.12711283564567566 and parameters: {'gradient_clip_val': 0.5755850635505154, 'hidden_size': 74, 'dropout': 0.32859124447695176, 'hidden_continuous_size': 57, 'attention_head_size': 4, 'learning_rate': 0.09633718163683301}. Best is trial 13 with value: 0.12711283564567566.
LOCAL_RANK: 0 - CUDA_VISIBLE_DEVICES: [0]
[I 2023-11-30 10:12:39,170] Trial 14 finished with value: 0.17224788665771484 and parameters: {'gradient_clip_val': 0.6515381761266124, 'hidden_size': 49, 'dropout': 0.33418625151466846, 'hidden_continuous_size': 46, 'attention_head_size': 4, 'learning_rate': 0.08377562373001521}. Best is trial 13 with value: 0.12711283564567566.
LOCAL_RANK: 0 - CUDA_VISIBLE_DEVICES: [0]
[I 2023-11-30 10:12:53,831] Trial 15 finished with value: 0.16864889860153198 and parameters: {'gradient_clip_val': 0.9880925310185602, 'hidden_size': 89, 'dropout': 0.347805606934268, 'hidden_continuous_size': 67, 'attention_head_size': 4, 'learning_rate': 0.09974643742602653}. Best is trial 13 with value: 0.12711283564567566.
LOCAL_RANK: 0 - CUDA_VISIBLE_DEVICES: [0]
[I 2023-11-30 10:13:07,426] Trial 16 finished with value: 0.1651882380247116 and parameters: {'gradient_clip_val': 0.3289164785216791, 'hidden_size': 55, 'dropout': 0.3262227413605424, 'hidden_continuous_size': 31, 'attention_head_size': 2, 'learning_rate': 0.023209019879872016}. Best is trial 13 with value: 0.12711283564567566.
LOCAL_RANK: 0 - CUDA_VISIBLE_DEVICES: [0]
[I 2023-11-30 10:13:20,613] Trial 17 finished with value: 0.2058071345090866 and parameters: {'gradient_clip_val': 0.5521475279805148, 'hidden_size': 38, 'dropout': 0.3532766119908236, 'hidden_continuous_size': 17, 'attention_head_size': 4, 'learning_rate': 0.02680761607850009}. Best is trial 13 with value: 0.12711283564567566.
LOCAL_RANK: 0 - CUDA_VISIBLE_DEVICES: [0]
[I 2023-11-30 10:13:35,152] Trial 18 finished with value: 0.18797945976257324 and parameters: {'gradient_clip_val': 0.30697309630244973, 'hidden_size': 90, 'dropout': 0.301900099657392, 'hidden_continuous_size': 70, 'attention_head_size': 4, 'learning_rate': 0.013831196169078793}. Best is trial 13 with value: 0.12711283564567566.
LOCAL_RANK: 0 - CUDA_VISIBLE_DEVICES: [0]
[I 2023-11-30 10:13:48,669] Trial 19 finished with value: 0.1639852374792099 and parameters: {'gradient_clip_val': 0.29986989595901875, 'hidden_size': 59, 'dropout': 0.3742953990147297, 'hidden_continuous_size': 30, 'attention_head_size': 2, 'learning_rate': 0.03351536568757827}. Best is trial 13 with value: 0.12711283564567566.
LOCAL_RANK: 0 - CUDA_VISIBLE_DEVICES: [0]
[I 2023-11-30 10:14:01,941] Trial 20 finished with value: 0.23453982174396515 and parameters: {'gradient_clip_val': 0.480665763551521, 'hidden_size': 38, 'dropout': 0.25470295046214414, 'hidden_continuous_size': 26, 'attention_head_size': 4, 'learning_rate': 0.016808392858079623}. Best is trial 13 with value: 0.12711283564567566.
LOCAL_RANK: 0 - CUDA_VISIBLE_DEVICES: [0]
[I 2023-11-30 10:14:15,926] Trial 21 finished with value: 0.22502875328063965 and parameters: {'gradient_clip_val': 0.3718449708816493, 'hidden_size': 69, 'dropout': 0.2846676633756516, 'hidden_continuous_size': 39, 'attention_head_size': 4, 'learning_rate': 0.05763083770887418}. Best is trial 13 with value: 0.12711283564567566.
LOCAL_RANK: 0 - CUDA_VISIBLE_DEVICES: [0]
[I 2023-11-30 10:14:30,225] Trial 22 finished with value: 0.20168262720108032 and parameters: {'gradient_clip_val': 0.5283166363556907, 'hidden_size': 95, 'dropout': 0.31265833085116473, 'hidden_continuous_size': 55, 'attention_head_size': 3, 'learning_rate': 0.06214957442721237}. Best is trial 13 with value: 0.12711283564567566.
LOCAL_RANK: 0 - CUDA_VISIBLE_DEVICES: [0]
[I 2023-11-30 10:14:44,262] Trial 23 finished with value: 0.237822487950325 and parameters: {'gradient_clip_val': 0.35326253233098776, 'hidden_size': 71, 'dropout': 0.2880966027994753, 'hidden_continuous_size': 37, 'attention_head_size': 4, 'learning_rate': 0.09535969210102425}. Best is trial 13 with value: 0.12711283564567566.
LOCAL_RANK: 0 - CUDA_VISIBLE_DEVICES: [0]
[I 2023-11-30 10:14:58,855] Trial 24 finished with value: 0.15525352954864502 and parameters: {'gradient_clip_val': 0.41278653674989124, 'hidden_size': 111, 'dropout': 0.33398811038293813, 'hidden_continuous_size': 103, 'attention_head_size': 2, 'learning_rate': 0.0350130317178328}. Best is trial 13 with value: 0.12711283564567566.
LOCAL_RANK: 0 - CUDA_VISIBLE_DEVICES: [0]
[I 2023-11-30 10:15:13,583] Trial 25 finished with value: 0.20128099620342255 and parameters: {'gradient_clip_val': 0.4460832849689785, 'hidden_size': 107, 'dropout': 0.3351468981246074, 'hidden_continuous_size': 101, 'attention_head_size': 2, 'learning_rate': 0.03612726704084148}. Best is trial 13 with value: 0.12711283564567566.
LOCAL_RANK: 0 - CUDA_VISIBLE_DEVICES: [0]
[I 2023-11-30 10:15:27,836] Trial 26 finished with value: 0.12792395055294037 and parameters: {'gradient_clip_val': 0.5761202460252253, 'hidden_size': 104, 'dropout': 0.3217956158494787, 'hidden_continuous_size': 84, 'attention_head_size': 1, 'learning_rate': 0.018258434771151157}. Best is trial 13 with value: 0.12711283564567566.
LOCAL_RANK: 0 - CUDA_VISIBLE_DEVICES: [0]
[I 2023-11-30 10:15:42,873] Trial 27 finished with value: 0.17456071078777313 and parameters: {'gradient_clip_val': 0.6190790616769913, 'hidden_size': 150, 'dropout': 0.3109969146191535, 'hidden_continuous_size': 129, 'attention_head_size': 1, 'learning_rate': 0.009852962934890325}. Best is trial 13 with value: 0.12711283564567566.
LOCAL_RANK: 0 - CUDA_VISIBLE_DEVICES: [0]
[I 2023-11-30 10:15:57,210] Trial 28 finished with value: 0.1442035436630249 and parameters: {'gradient_clip_val': 0.767788138725519, 'hidden_size': 102, 'dropout': 0.36401857462486276, 'hidden_continuous_size': 69, 'attention_head_size': 1, 'learning_rate': 0.018496214671161186}. Best is trial 13 with value: 0.12711283564567566.
LOCAL_RANK: 0 - CUDA_VISIBLE_DEVICES: [0]
[I 2023-11-30 10:16:11,225] Trial 29 finished with value: 0.27089521288871765 and parameters: {'gradient_clip_val': 0.5589333648278525, 'hidden_size': 85, 'dropout': 0.23569901033029272, 'hidden_continuous_size': 51, 'attention_head_size': 1, 'learning_rate': 0.010188061095700003}. Best is trial 13 with value: 0.12711283564567566.
LOCAL_RANK: 0 - CUDA_VISIBLE_DEVICES: [0]
[I 2023-11-30 10:16:25,629] Trial 30 finished with value: 0.16008491814136505 and parameters: {'gradient_clip_val': 0.8581725336293825, 'hidden_size': 106, 'dropout': 0.269513659365135, 'hidden_continuous_size': 62, 'attention_head_size': 1, 'learning_rate': 0.07413854347391262}. Best is trial 13 with value: 0.12711283564567566.
LOCAL_RANK: 0 - CUDA_VISIBLE_DEVICES: [0]
[I 2023-11-30 10:16:40,008] Trial 31 finished with value: 0.20352832973003387 and parameters: {'gradient_clip_val': 0.7631310320042194, 'hidden_size': 107, 'dropout': 0.35525238681754917, 'hidden_continuous_size': 75, 'attention_head_size': 1, 'learning_rate': 0.01793298270050741}. Best is trial 13 with value: 0.12711283564567566.
LOCAL_RANK: 0 - CUDA_VISIBLE_DEVICES: [0]
[I 2023-11-30 10:16:54,083] Trial 32 finished with value: 0.13980285823345184 and parameters: {'gradient_clip_val': 0.7740502970534516, 'hidden_size': 79, 'dropout': 0.36824855146796576, 'hidden_continuous_size': 58, 'attention_head_size': 1, 'learning_rate': 0.023774908332669962}. Best is trial 13 with value: 0.12711283564567566.
LOCAL_RANK: 0 - CUDA_VISIBLE_DEVICES: [0]
[I 2023-11-30 10:17:08,033] Trial 33 finished with value: 0.15916551649570465 and parameters: {'gradient_clip_val': 0.6447150463674509, 'hidden_size': 78, 'dropout': 0.3870458539179402, 'hidden_continuous_size': 48, 'attention_head_size': 1, 'learning_rate': 0.028808509745455183}. Best is trial 13 with value: 0.12711283564567566.
LOCAL_RANK: 0 - CUDA_VISIBLE_DEVICES: [0]
[I 2023-11-30 10:17:21,710] Trial 34 finished with value: 0.17277173697948456 and parameters: {'gradient_clip_val': 0.5083378236704401, 'hidden_size': 62, 'dropout': 0.369904473945832, 'hidden_continuous_size': 46, 'attention_head_size': 1, 'learning_rate': 0.045923766897905345}. Best is trial 13 with value: 0.12711283564567566.
LOCAL_RANK: 0 - CUDA_VISIBLE_DEVICES: [0]
[I 2023-11-30 10:17:35,963] Trial 35 finished with value: 0.36095675826072693 and parameters: {'gradient_clip_val': 0.580934354014628, 'hidden_size': 77, 'dropout': 0.3810440004030318, 'hidden_continuous_size': 56, 'attention_head_size': 2, 'learning_rate': 0.021158648505262844}. Best is trial 13 with value: 0.12711283564567566.
LOCAL_RANK: 0 - CUDA_VISIBLE_DEVICES: [0]
[I 2023-11-30 10:17:50,407] Trial 36 finished with value: 0.2044363170862198 and parameters: {'gradient_clip_val': 0.7228543241740568, 'hidden_size': 117, 'dropout': 0.324559746541721, 'hidden_continuous_size': 82, 'attention_head_size': 1, 'learning_rate': 0.029620743157598564}. Best is trial 13 with value: 0.12711283564567566.
LOCAL_RANK: 0 - CUDA_VISIBLE_DEVICES: [0]
[I 2023-11-30 10:18:04,605] Trial 37 finished with value: 0.2819450795650482 and parameters: {'gradient_clip_val': 0.45324266749294917, 'hidden_size': 86, 'dropout': 0.3512917337379733, 'hidden_continuous_size': 61, 'attention_head_size': 2, 'learning_rate': 0.013346167077502455}. Best is trial 13 with value: 0.12711283564567566.
LOCAL_RANK: 0 - CUDA_VISIBLE_DEVICES: [0]
[I 2023-11-30 10:18:18,259] Trial 38 finished with value: 0.10616829246282578 and parameters: {'gradient_clip_val': 0.867105434319447, 'hidden_size': 47, 'dropout': 0.395023829875196, 'hidden_continuous_size': 40, 'attention_head_size': 3, 'learning_rate': 0.044668213411697716}. Best is trial 38 with value: 0.10616829246282578.
LOCAL_RANK: 0 - CUDA_VISIBLE_DEVICES: [0]
[I 2023-11-30 10:18:31,878] Trial 39 finished with value: 0.1625586301088333 and parameters: {'gradient_clip_val': 0.9715707906927689, 'hidden_size': 49, 'dropout': 0.3442678934397434, 'hidden_continuous_size': 42, 'attention_head_size': 3, 'learning_rate': 0.06418455859785915}. Best is trial 38 with value: 0.10616829246282578.
LOCAL_RANK: 0 - CUDA_VISIBLE_DEVICES: [0]
[I 2023-11-30 10:18:46,007] Trial 40 finished with value: 0.18948036432266235 and parameters: {'gradient_clip_val': 0.6906786011452958, 'hidden_size': 65, 'dropout': 0.3956779597240918, 'hidden_continuous_size': 51, 'attention_head_size': 3, 'learning_rate': 0.04686608487912905}. Best is trial 38 with value: 0.10616829246282578.
LOCAL_RANK: 0 - CUDA_VISIBLE_DEVICES: [0]
[I 2023-11-30 10:19:00,152] Trial 41 finished with value: 0.17896966636180878 and parameters: {'gradient_clip_val': 0.8215770509137997, 'hidden_size': 76, 'dropout': 0.36583172141594755, 'hidden_continuous_size': 57, 'attention_head_size': 4, 'learning_rate': 0.03970746028155915}. Best is trial 38 with value: 0.10616829246282578.
LOCAL_RANK: 0 - CUDA_VISIBLE_DEVICES: [0]
[I 2023-11-30 10:19:14,818] Trial 42 finished with value: 0.17023558914661407 and parameters: {'gradient_clip_val': 0.8751560141341559, 'hidden_size': 122, 'dropout': 0.3837745466356183, 'hidden_continuous_size': 83, 'attention_head_size': 3, 'learning_rate': 0.05111744479895543}. Best is trial 38 with value: 0.10616829246282578.
LOCAL_RANK: 0 - CUDA_VISIBLE_DEVICES: [0]
[I 2023-11-30 10:19:28,652] Trial 43 finished with value: 0.14605097472667694 and parameters: {'gradient_clip_val': 0.7011242108868891, 'hidden_size': 57, 'dropout': 0.3696669857779844, 'hidden_continuous_size': 49, 'attention_head_size': 4, 'learning_rate': 0.022165165249570896}. Best is trial 38 with value: 0.10616829246282578.
LOCAL_RANK: 0 - CUDA_VISIBLE_DEVICES: [0]
[I 2023-11-30 10:19:43,039] Trial 44 finished with value: 0.18556618690490723 and parameters: {'gradient_clip_val': 0.6020825934933519, 'hidden_size': 93, 'dropout': 0.39359908154435463, 'hidden_continuous_size': 63, 'attention_head_size': 4, 'learning_rate': 0.07143147844464501}. Best is trial 38 with value: 0.10616829246282578.
LOCAL_RANK: 0 - CUDA_VISIBLE_DEVICES: [0]
[I 2023-11-30 10:19:56,599] Trial 45 finished with value: 0.2655044496059418 and parameters: {'gradient_clip_val': 0.8086871223528455, 'hidden_size': 42, 'dropout': 0.32471837388789954, 'hidden_continuous_size': 36, 'attention_head_size': 3, 'learning_rate': 0.030536900349768244}. Best is trial 38 with value: 0.10616829246282578.
LOCAL_RANK: 0 - CUDA_VISIBLE_DEVICES: [0]
[I 2023-11-30 10:20:10,443] Trial 46 finished with value: 0.14683134853839874 and parameters: {'gradient_clip_val': 0.8984837775430764, 'hidden_size': 67, 'dropout': 0.3570633712129693, 'hidden_continuous_size': 54, 'attention_head_size': 1, 'learning_rate': 0.04012636543229815}. Best is trial 38 with value: 0.10616829246282578.
LOCAL_RANK: 0 - CUDA_VISIBLE_DEVICES: [0]
[I 2023-11-30 10:20:23,452] Trial 47 finished with value: 0.2730085849761963 and parameters: {'gradient_clip_val': 0.6768443400504284, 'hidden_size': 33, 'dropout': 0.34440907565672385, 'hidden_continuous_size': 28, 'attention_head_size': 2, 'learning_rate': 0.07891823960331888}. Best is trial 38 with value: 0.10616829246282578.
LOCAL_RANK: 0 - CUDA_VISIBLE_DEVICES: [0]
[I 2023-11-30 10:20:38,163] Trial 48 finished with value: 0.261647492647171 and parameters: {'gradient_clip_val': 0.5030568872558903, 'hidden_size': 129, 'dropout': 0.3800537370563284, 'hidden_continuous_size': 75, 'attention_head_size': 4, 'learning_rate': 0.05056214612225966}. Best is trial 38 with value: 0.10616829246282578.
LOCAL_RANK: 0 - CUDA_VISIBLE_DEVICES: [0]
[I 2023-11-30 10:20:52,069] Trial 49 finished with value: 0.1838606745004654 and parameters: {'gradient_clip_val': 0.5957814170686903, 'hidden_size': 80, 'dropout': 0.3172077673642741, 'hidden_continuous_size': 43, 'attention_head_size': 3, 'learning_rate': 0.022789090697974388}. Best is trial 38 with value: 0.10616829246282578.
LOCAL_RANK: 0 - CUDA_VISIBLE_DEVICES: [0]
[I 2023-11-30 10:21:06,068] Trial 50 finished with value: 0.14301885664463043 and parameters: {'gradient_clip_val': 0.41498412653902467, 'hidden_size': 53, 'dropout': 0.3003370728257647, 'hidden_continuous_size': 45, 'attention_head_size': 4, 'learning_rate': 0.02614239466979685}. Best is trial 38 with value: 0.10616829246282578.
LOCAL_RANK: 0 - CUDA_VISIBLE_DEVICES: [0]
[I 2023-11-30 10:21:19,780] Trial 51 finished with value: 0.17331910133361816 and parameters: {'gradient_clip_val': 0.4048323051139116, 'hidden_size': 53, 'dropout': 0.30310027988421967, 'hidden_continuous_size': 45, 'attention_head_size': 4, 'learning_rate': 0.027690957594576477}. Best is trial 38 with value: 0.10616829246282578.
LOCAL_RANK: 0 - CUDA_VISIBLE_DEVICES: [0]
[I 2023-11-30 10:21:33,648] Trial 52 finished with value: 0.16028755903244019 and parameters: {'gradient_clip_val': 0.34497088451847435, 'hidden_size': 61, 'dropout': 0.33748848989259267, 'hidden_continuous_size': 52, 'attention_head_size': 4, 'learning_rate': 0.033971212800468935}. Best is trial 38 with value: 0.10616829246282578.
LOCAL_RANK: 0 - CUDA_VISIBLE_DEVICES: [0]
[I 2023-11-30 10:21:47,322] Trial 53 finished with value: 0.2098992019891739 and parameters: {'gradient_clip_val': 0.5358967056581635, 'hidden_size': 45, 'dropout': 0.3010232708804773, 'hidden_continuous_size': 39, 'attention_head_size': 4, 'learning_rate': 0.05756590534938213}. Best is trial 38 with value: 0.10616829246282578.
LOCAL_RANK: 0 - CUDA_VISIBLE_DEVICES: [0]
[I 2023-11-30 10:22:01,329] Trial 54 finished with value: 0.14236442744731903 and parameters: {'gradient_clip_val': 0.273804847830037, 'hidden_size': 69, 'dropout': 0.39812352999208706, 'hidden_continuous_size': 48, 'attention_head_size': 4, 'learning_rate': 0.026020112163443864}. Best is trial 38 with value: 0.10616829246282578.
LOCAL_RANK: 0 - CUDA_VISIBLE_DEVICES: [0]
[I 2023-11-30 10:22:15,688] Trial 55 finished with value: 0.15399105846881866 and parameters: {'gradient_clip_val': 0.2638557328908579, 'hidden_size': 73, 'dropout': 0.39711118360522296, 'hidden_continuous_size': 58, 'attention_head_size': 4, 'learning_rate': 0.04055396851121519}. Best is trial 38 with value: 0.10616829246282578.
LOCAL_RANK: 0 - CUDA_VISIBLE_DEVICES: [0]
