[I 2023-11-30 08:11:08,543] Trial 79 finished with value: 0.15522389113903046 and parameters: {'gradient_clip_val': 0.3375258245841496, 'hidden_size': 29, 'dropout': 0.26137619022866476, 'hidden_continuous_size': 26, 'attention_head_size': 3, 'learning_rate': 0.03855522695592176}. Best is trial 69 with value: 0.09034206718206406.
LOCAL_RANK: 0 - CUDA_VISIBLE_DEVICES: [0]
[I 2023-11-30 08:11:21,593] Trial 80 finished with value: 0.22973985970020294 and parameters: {'gradient_clip_val': 0.3832492358194897, 'hidden_size': 40, 'dropout': 0.28694859421556107, 'hidden_continuous_size': 30, 'attention_head_size': 3, 'learning_rate': 0.03006966310786264}. Best is trial 69 with value: 0.09034206718206406.
LOCAL_RANK: 0 - CUDA_VISIBLE_DEVICES: [0]
[I 2023-11-30 08:11:34,376] Trial 81 finished with value: 0.08779224008321762 and parameters: {'gradient_clip_val': 0.28197599309475574, 'hidden_size': 34, 'dropout': 0.2685771418167618, 'hidden_continuous_size': 27, 'attention_head_size': 2, 'learning_rate': 0.08377824088628244}. Best is trial 81 with value: 0.08779224008321762.
LOCAL_RANK: 0 - CUDA_VISIBLE_DEVICES: [0]
[I 2023-11-30 08:11:47,366] Trial 82 finished with value: 0.14355121552944183 and parameters: {'gradient_clip_val': 0.31889212168649744, 'hidden_size': 35, 'dropout': 0.2660032779329634, 'hidden_continuous_size': 27, 'attention_head_size': 2, 'learning_rate': 0.08051002644100277}. Best is trial 81 with value: 0.08779224008321762.
LOCAL_RANK: 0 - CUDA_VISIBLE_DEVICES: [0]
[I 2023-11-30 08:12:00,094] Trial 83 finished with value: 0.13356180489063263 and parameters: {'gradient_clip_val': 0.36259201489756504, 'hidden_size': 31, 'dropout': 0.27694480826047696, 'hidden_continuous_size': 23, 'attention_head_size': 2, 'learning_rate': 0.06503506272853088}. Best is trial 81 with value: 0.08779224008321762.
LOCAL_RANK: 0 - CUDA_VISIBLE_DEVICES: [0]
[I 2023-11-30 08:12:13,373] Trial 84 finished with value: 0.15325839817523956 and parameters: {'gradient_clip_val': 0.45124619190116305, 'hidden_size': 41, 'dropout': 0.29578007733710704, 'hidden_continuous_size': 31, 'attention_head_size': 3, 'learning_rate': 0.052854594655683686}. Best is trial 81 with value: 0.08779224008321762.
LOCAL_RANK: 0 - CUDA_VISIBLE_DEVICES: [0]
[I 2023-11-30 08:12:26,581] Trial 85 finished with value: 0.18309037387371063 and parameters: {'gradient_clip_val': 0.27655485519444695, 'hidden_size': 43, 'dropout': 0.2533887242480429, 'hidden_continuous_size': 26, 'attention_head_size': 3, 'learning_rate': 0.08933047907055261}. Best is trial 81 with value: 0.08779224008321762.
LOCAL_RANK: 0 - CUDA_VISIBLE_DEVICES: [0]
[I 2023-11-30 08:12:39,637] Trial 86 finished with value: 0.17157982289791107 and parameters: {'gradient_clip_val': 0.3393806603340979, 'hidden_size': 33, 'dropout': 0.2765873279871553, 'hidden_continuous_size': 28, 'attention_head_size': 3, 'learning_rate': 0.07028662162137685}. Best is trial 81 with value: 0.08779224008321762.
LOCAL_RANK: 0 - CUDA_VISIBLE_DEVICES: [0]
[I 2023-11-30 08:12:52,807] Trial 87 finished with value: 0.10833235830068588 and parameters: {'gradient_clip_val': 0.2906003061478226, 'hidden_size': 37, 'dropout': 0.26983067409867534, 'hidden_continuous_size': 23, 'attention_head_size': 2, 'learning_rate': 0.07916105042204233}. Best is trial 81 with value: 0.08779224008321762.
LOCAL_RANK: 0 - CUDA_VISIBLE_DEVICES: [0]
[I 2023-11-30 08:13:05,628] Trial 88 finished with value: 0.12263502925634384 and parameters: {'gradient_clip_val': 0.42251127069824196, 'hidden_size': 36, 'dropout': 0.24265651732580423, 'hidden_continuous_size': 30, 'attention_head_size': 3, 'learning_rate': 0.05861941729549221}. Best is trial 81 with value: 0.08779224008321762.
LOCAL_RANK: 0 - CUDA_VISIBLE_DEVICES: [0]
[I 2023-11-30 08:13:18,599] Trial 89 finished with value: 0.21365468204021454 and parameters: {'gradient_clip_val': 0.37918951229759995, 'hidden_size': 30, 'dropout': 0.2892834666746452, 'hidden_continuous_size': 25, 'attention_head_size': 3, 'learning_rate': 0.04437827133725181}. Best is trial 81 with value: 0.08779224008321762.
LOCAL_RANK: 0 - CUDA_VISIBLE_DEVICES: [0]
[I 2023-11-30 08:13:31,362] Trial 90 finished with value: 0.1238369569182396 and parameters: {'gradient_clip_val': 0.39394763031868446, 'hidden_size': 34, 'dropout': 0.25947185306382037, 'hidden_continuous_size': 24, 'attention_head_size': 2, 'learning_rate': 0.048742631865243344}. Best is trial 81 with value: 0.08779224008321762.
LOCAL_RANK: 0 - CUDA_VISIBLE_DEVICES: [0]
[I 2023-11-30 08:13:44,380] Trial 91 finished with value: 0.09905650466680527 and parameters: {'gradient_clip_val': 0.29923978635558496, 'hidden_size': 38, 'dropout': 0.2679252831117435, 'hidden_continuous_size': 23, 'attention_head_size': 2, 'learning_rate': 0.08691800237999553}. Best is trial 81 with value: 0.08779224008321762.
LOCAL_RANK: 0 - CUDA_VISIBLE_DEVICES: [0]
[I 2023-11-30 08:13:57,151] Trial 92 finished with value: 0.07915515452623367 and parameters: {'gradient_clip_val': 0.3172914325569258, 'hidden_size': 30, 'dropout': 0.2670274164202042, 'hidden_continuous_size': 26, 'attention_head_size': 2, 'learning_rate': 0.08471266800474989}. Best is trial 92 with value: 0.07915515452623367.
LOCAL_RANK: 0 - CUDA_VISIBLE_DEVICES: [0]
[I 2023-11-30 08:14:10,042] Trial 93 finished with value: 0.1991049200296402 and parameters: {'gradient_clip_val': 0.3179099841978328, 'hidden_size': 29, 'dropout': 0.2535004747378323, 'hidden_continuous_size': 22, 'attention_head_size': 2, 'learning_rate': 0.08947257255311769}. Best is trial 92 with value: 0.07915515452623367.
LOCAL_RANK: 0 - CUDA_VISIBLE_DEVICES: [0]
[I 2023-11-30 08:14:23,574] Trial 94 finished with value: 0.12589038908481598 and parameters: {'gradient_clip_val': 0.29563912152802946, 'hidden_size': 52, 'dropout': 0.24972560364029464, 'hidden_continuous_size': 40, 'attention_head_size': 2, 'learning_rate': 0.07471924035787941}. Best is trial 92 with value: 0.07915515452623367.
LOCAL_RANK: 0 - CUDA_VISIBLE_DEVICES: [0]
[I 2023-11-30 08:14:36,681] Trial 95 finished with value: 0.12218964099884033 and parameters: {'gradient_clip_val': 0.2624478093939014, 'hidden_size': 46, 'dropout': 0.26900949342411107, 'hidden_continuous_size': 21, 'attention_head_size': 2, 'learning_rate': 0.06744560636855507}. Best is trial 92 with value: 0.07915515452623367.
LOCAL_RANK: 0 - CUDA_VISIBLE_DEVICES: [0]
[I 2023-11-30 08:14:49,626] Trial 96 finished with value: 0.09108346700668335 and parameters: {'gradient_clip_val': 0.34659404619667206, 'hidden_size': 34, 'dropout': 0.26539692191534453, 'hidden_continuous_size': 26, 'attention_head_size': 2, 'learning_rate': 0.09028107647088537}. Best is trial 92 with value: 0.07915515452623367.
LOCAL_RANK: 0 - CUDA_VISIBLE_DEVICES: [0]
[I 2023-11-30 08:15:02,646] Trial 97 finished with value: 0.10775191336870193 and parameters: {'gradient_clip_val': 0.33614769743604034, 'hidden_size': 35, 'dropout': 0.28068238372088233, 'hidden_continuous_size': 26, 'attention_head_size': 2, 'learning_rate': 0.08741930652985579}. Best is trial 92 with value: 0.07915515452623367.
LOCAL_RANK: 0 - CUDA_VISIBLE_DEVICES: [0]
[I 2023-11-30 08:15:15,895] Trial 98 finished with value: 0.1580299586057663 and parameters: {'gradient_clip_val': 0.2838584406872005, 'hidden_size': 39, 'dropout': 0.26391699574031896, 'hidden_continuous_size': 24, 'attention_head_size': 2, 'learning_rate': 0.08999789432533678}. Best is trial 92 with value: 0.07915515452623367.
LOCAL_RANK: 0 - CUDA_VISIBLE_DEVICES: [0]
[I 2023-11-30 08:15:28,627] Trial 99 finished with value: 0.2630673348903656 and parameters: {'gradient_clip_val': 0.30546870873267673, 'hidden_size': 32, 'dropout': 0.28322706384348, 'hidden_continuous_size': 27, 'attention_head_size': 2, 'learning_rate': 0.07791014739797643}. Best is trial 92 with value: 0.07915515452623367.
LOCAL_RANK: 0 - CUDA_VISIBLE_DEVICES: [0]
[I 2023-11-30 08:15:41,537] Trial 100 finished with value: 0.1340852826833725 and parameters: {'gradient_clip_val': 0.2537634864334737, 'hidden_size': 38, 'dropout': 0.27344970967638876, 'hidden_continuous_size': 26, 'attention_head_size': 2, 'learning_rate': 0.06023432507534183}. Best is trial 92 with value: 0.07915515452623367.
LOCAL_RANK: 0 - CUDA_VISIBLE_DEVICES: [0]
[I 2023-11-30 08:15:54,291] Trial 101 finished with value: 0.21175098419189453 and parameters: {'gradient_clip_val': 0.3259229906883885, 'hidden_size': 27, 'dropout': 0.2402834962886892, 'hidden_continuous_size': 23, 'attention_head_size': 2, 'learning_rate': 0.07373782827996907}. Best is trial 92 with value: 0.07915515452623367.
LOCAL_RANK: 0 - CUDA_VISIBLE_DEVICES: [0]
[I 2023-11-30 08:16:06,901] Trial 102 finished with value: 0.07032755762338638 and parameters: {'gradient_clip_val': 0.3537460576199815, 'hidden_size': 23, 'dropout': 0.25755258580298424, 'hidden_continuous_size': 19, 'attention_head_size': 2, 'learning_rate': 0.09068180616165199}. Best is trial 102 with value: 0.07032755762338638.
LOCAL_RANK: 0 - CUDA_VISIBLE_DEVICES: [0]
[I 2023-11-30 08:16:19,524] Trial 103 finished with value: 0.14450277388095856 and parameters: {'gradient_clip_val': 0.35500433912372287, 'hidden_size': 23, 'dropout': 0.2579439323221327, 'hidden_continuous_size': 22, 'attention_head_size': 2, 'learning_rate': 0.0923004923270341}. Best is trial 102 with value: 0.07032755762338638.
LOCAL_RANK: 0 - CUDA_VISIBLE_DEVICES: [0]
[I 2023-11-30 08:16:32,429] Trial 104 finished with value: 0.1229775920510292 and parameters: {'gradient_clip_val': 0.35038916372880424, 'hidden_size': 33, 'dropout': 0.2655569524887928, 'hidden_continuous_size': 25, 'attention_head_size': 2, 'learning_rate': 0.08059687671351251}. Best is trial 102 with value: 0.07032755762338638.
LOCAL_RANK: 0 - CUDA_VISIBLE_DEVICES: [0]
[I 2023-11-30 08:16:45,326] Trial 105 finished with value: 0.2398148626089096 and parameters: {'gradient_clip_val': 0.3779792119584745, 'hidden_size': 36, 'dropout': 0.2750273283627145, 'hidden_continuous_size': 28, 'attention_head_size': 2, 'learning_rate': 0.06716750416718889}. Best is trial 102 with value: 0.07032755762338638.
LOCAL_RANK: 0 - CUDA_VISIBLE_DEVICES: [0]
[I 2023-11-30 08:16:58,164] Trial 106 finished with value: 0.19786734879016876 and parameters: {'gradient_clip_val': 0.31080597287379047, 'hidden_size': 29, 'dropout': 0.24664551455346373, 'hidden_continuous_size': 24, 'attention_head_size': 2, 'learning_rate': 0.09094315188139701}. Best is trial 102 with value: 0.07032755762338638.
LOCAL_RANK: 0 - CUDA_VISIBLE_DEVICES: [0]
[I 2023-11-30 08:17:10,857] Trial 107 finished with value: 0.1238628402352333 and parameters: {'gradient_clip_val': 0.4070681024873856, 'hidden_size': 26, 'dropout': 0.28466523699146273, 'hidden_continuous_size': 24, 'attention_head_size': 2, 'learning_rate': 0.09954700076002618}. Best is trial 102 with value: 0.07032755762338638.
LOCAL_RANK: 0 - CUDA_VISIBLE_DEVICES: [0]
[I 2023-11-30 08:17:23,937] Trial 108 finished with value: 0.09241283684968948 and parameters: {'gradient_clip_val': 0.3284982937466214, 'hidden_size': 30, 'dropout': 0.2656471332539179, 'hidden_continuous_size': 26, 'attention_head_size': 2, 'learning_rate': 0.07101396666386132}. Best is trial 102 with value: 0.07032755762338638.
LOCAL_RANK: 0 - CUDA_VISIBLE_DEVICES: [0]
[I 2023-11-30 08:17:36,704] Trial 109 finished with value: 0.10683196783065796 and parameters: {'gradient_clip_val': 0.2778390372014247, 'hidden_size': 30, 'dropout': 0.2662261704451426, 'hidden_continuous_size': 27, 'attention_head_size': 2, 'learning_rate': 0.07122937746347263}. Best is trial 102 with value: 0.07032755762338638.
LOCAL_RANK: 0 - CUDA_VISIBLE_DEVICES: [0]
[I 2023-11-30 08:17:49,654] Trial 110 finished with value: 0.10889878869056702 and parameters: {'gradient_clip_val': 0.33398705390456757, 'hidden_size': 35, 'dropout': 0.251220187512967, 'hidden_continuous_size': 19, 'attention_head_size': 2, 'learning_rate': 0.061946391977656654}. Best is trial 102 with value: 0.07032755762338638.
LOCAL_RANK: 0 - CUDA_VISIBLE_DEVICES: [0]
[I 2023-11-30 08:18:02,558] Trial 111 finished with value: 0.09310518950223923 and parameters: {'gradient_clip_val': 0.34833379897009137, 'hidden_size': 33, 'dropout': 0.25744756863569457, 'hidden_continuous_size': 26, 'attention_head_size': 2, 'learning_rate': 0.0801700789743867}. Best is trial 102 with value: 0.07032755762338638.
LOCAL_RANK: 0 - CUDA_VISIBLE_DEVICES: [0]
[I 2023-11-30 08:18:15,386] Trial 112 finished with value: 0.16314007341861725 and parameters: {'gradient_clip_val': 0.2987357336551782, 'hidden_size': 33, 'dropout': 0.2559302704212409, 'hidden_continuous_size': 26, 'attention_head_size': 2, 'learning_rate': 0.08070698045639425}. Best is trial 102 with value: 0.07032755762338638.
LOCAL_RANK: 0 - CUDA_VISIBLE_DEVICES: [0]
[I 2023-11-30 08:18:28,704] Trial 113 finished with value: 0.1164403185248375 and parameters: {'gradient_clip_val': 0.32653055249774504, 'hidden_size': 41, 'dropout': 0.260509393407067, 'hidden_continuous_size': 29, 'attention_head_size': 2, 'learning_rate': 0.07326524155523026}. Best is trial 102 with value: 0.07032755762338638.
LOCAL_RANK: 0 - CUDA_VISIBLE_DEVICES: [0]
[I 2023-11-30 08:18:41,681] Trial 114 finished with value: 0.23873542249202728 and parameters: {'gradient_clip_val': 0.346120708733909, 'hidden_size': 38, 'dropout': 0.23510498705845842, 'hidden_continuous_size': 25, 'attention_head_size': 2, 'learning_rate': 0.084976094662376}. Best is trial 102 with value: 0.07032755762338638.
LOCAL_RANK: 0 - CUDA_VISIBLE_DEVICES: [0]
[I 2023-11-30 08:18:54,584] Trial 115 finished with value: 0.12683941423892975 and parameters: {'gradient_clip_val': 0.36306047853281137, 'hidden_size': 31, 'dropout': 0.27119947134405487, 'hidden_continuous_size': 27, 'attention_head_size': 2, 'learning_rate': 0.05210320449122612}. Best is trial 102 with value: 0.07032755762338638.
LOCAL_RANK: 0 - CUDA_VISIBLE_DEVICES: [0]
[I 2023-11-30 08:19:07,183] Trial 116 finished with value: 0.15365725755691528 and parameters: {'gradient_clip_val': 0.31565525686689255, 'hidden_size': 28, 'dropout': 0.2787174385958487, 'hidden_continuous_size': 26, 'attention_head_size': 2, 'learning_rate': 0.06642469585644895}. Best is trial 102 with value: 0.07032755762338638.
LOCAL_RANK: 0 - CUDA_VISIBLE_DEVICES: [0]
[I 2023-11-30 08:19:20,046] Trial 117 finished with value: 0.11034891754388809 and parameters: {'gradient_clip_val': 0.289847747895084, 'hidden_size': 33, 'dropout': 0.24485188850865292, 'hidden_continuous_size': 28, 'attention_head_size': 2, 'learning_rate': 0.07889837184043741}. Best is trial 102 with value: 0.07032755762338638.
LOCAL_RANK: 0 - CUDA_VISIBLE_DEVICES: [0]
[I 2023-11-30 08:19:32,601] Trial 118 finished with value: 0.10050997138023376 and parameters: {'gradient_clip_val': 0.37667721988157826, 'hidden_size': 24, 'dropout': 0.25846868878759066, 'hidden_continuous_size': 23, 'attention_head_size': 2, 'learning_rate': 0.08862349404628982}. Best is trial 102 with value: 0.07032755762338638.
LOCAL_RANK: 0 - CUDA_VISIBLE_DEVICES: [0]
[I 2023-11-30 08:19:45,445] Trial 119 finished with value: 0.10375865548849106 and parameters: {'gradient_clip_val': 0.2722035878966724, 'hidden_size': 36, 'dropout': 0.26740358992473234, 'hidden_continuous_size': 22, 'attention_head_size': 2, 'learning_rate': 0.05483748779181647}. Best is trial 102 with value: 0.07032755762338638.
LOCAL_RANK: 0 - CUDA_VISIBLE_DEVICES: [0]
[I 2023-11-30 08:19:58,466] Trial 120 finished with value: 0.1150696873664856 and parameters: {'gradient_clip_val': 0.34814155189580237, 'hidden_size': 30, 'dropout': 0.29540662393292005, 'hidden_continuous_size': 25, 'attention_head_size': 3, 'learning_rate': 0.061169264344822956}. Best is trial 102 with value: 0.07032755762338638.
LOCAL_RANK: 0 - CUDA_VISIBLE_DEVICES: [0]
[I 2023-11-30 08:20:10,745] Trial 121 finished with value: 0.10184342414140701 and parameters: {'gradient_clip_val': 0.3791036834051539, 'hidden_size': 24, 'dropout': 0.2587575171439616, 'hidden_continuous_size': 23, 'attention_head_size': 2, 'learning_rate': 0.09282717948207035}. Best is trial 102 with value: 0.07032755762338638.
LOCAL_RANK: 0 - CUDA_VISIBLE_DEVICES: [0]
[I 2023-11-30 08:20:23,346] Trial 122 finished with value: 0.11765746027231216 and parameters: {'gradient_clip_val': 0.39489557045138385, 'hidden_size': 21, 'dropout': 0.25267428473111864, 'hidden_continuous_size': 20, 'attention_head_size': 2, 'learning_rate': 0.08349279243762589}. Best is trial 102 with value: 0.07032755762338638.
LOCAL_RANK: 0 - CUDA_VISIBLE_DEVICES: [0]
[I 2023-11-30 08:20:36,247] Trial 123 finished with value: 0.15487536787986755 and parameters: {'gradient_clip_val': 0.3690706875809895, 'hidden_size': 25, 'dropout': 0.2725505447949325, 'hidden_continuous_size': 24, 'attention_head_size': 2, 'learning_rate': 0.09139010987719037}. Best is trial 102 with value: 0.07032755762338638.
LOCAL_RANK: 0 - CUDA_VISIBLE_DEVICES: [0]
[I 2023-11-30 08:20:48,737] Trial 124 finished with value: 0.11850160360336304 and parameters: {'gradient_clip_val': 0.32362609560871713, 'hidden_size': 28, 'dropout': 0.26194991266966444, 'hidden_continuous_size': 26, 'attention_head_size': 2, 'learning_rate': 0.07042257431725696}. Best is trial 102 with value: 0.07032755762338638.
LOCAL_RANK: 0 - CUDA_VISIBLE_DEVICES: [0]
[I 2023-11-30 08:21:01,271] Trial 125 finished with value: 0.13209576904773712 and parameters: {'gradient_clip_val': 0.3067557391107554, 'hidden_size': 22, 'dropout': 0.2841444360628985, 'hidden_continuous_size': 21, 'attention_head_size': 2, 'learning_rate': 0.07574742532960342}. Best is trial 102 with value: 0.07032755762338638.
LOCAL_RANK: 0 - CUDA_VISIBLE_DEVICES: [0]
[I 2023-11-30 08:21:14,126] Trial 126 finished with value: 0.15385009348392487 and parameters: {'gradient_clip_val': 0.4274216205999014, 'hidden_size': 32, 'dropout': 0.27766742104443526, 'hidden_continuous_size': 23, 'attention_head_size': 3, 'learning_rate': 0.08542720719519775}. Best is trial 102 with value: 0.07032755762338638.
LOCAL_RANK: 0 - CUDA_VISIBLE_DEVICES: [0]
[I 2023-11-30 08:21:26,860] Trial 127 finished with value: 0.1302737146615982 and parameters: {'gradient_clip_val': 0.3404719111640593, 'hidden_size': 26, 'dropout': 0.247252638462264, 'hidden_continuous_size': 25, 'attention_head_size': 2, 'learning_rate': 0.09980493005090155}. Best is trial 102 with value: 0.07032755762338638.
LOCAL_RANK: 0 - CUDA_VISIBLE_DEVICES: [0]
[I 2023-11-30 08:21:39,397] Trial 128 finished with value: 0.20657682418823242 and parameters: {'gradient_clip_val': 0.3907080752902794, 'hidden_size': 24, 'dropout': 0.2664753875143961, 'hidden_continuous_size': 23, 'attention_head_size': 3, 'learning_rate': 0.06555906056015258}. Best is trial 102 with value: 0.07032755762338638.
LOCAL_RANK: 0 - CUDA_VISIBLE_DEVICES: [0]
[I 2023-11-30 08:21:52,366] Trial 129 finished with value: 0.12586164474487305 and parameters: {'gradient_clip_val': 0.35453133409469667, 'hidden_size': 34, 'dropout': 0.2576852415565684, 'hidden_continuous_size': 27, 'attention_head_size': 2, 'learning_rate': 0.07870794015073465}. Best is trial 102 with value: 0.07032755762338638.
LOCAL_RANK: 0 - CUDA_VISIBLE_DEVICES: [0]
[I 2023-11-30 08:22:05,374] Trial 130 finished with value: 0.13919883966445923 and parameters: {'gradient_clip_val': 0.4163646765797368, 'hidden_size': 39, 'dropout': 0.28947923348020704, 'hidden_continuous_size': 19, 'attention_head_size': 2, 'learning_rate': 0.09057908660910677}. Best is trial 102 with value: 0.07032755762338638.
LOCAL_RANK: 0 - CUDA_VISIBLE_DEVICES: [0]
[I 2023-11-30 08:22:17,916] Trial 131 finished with value: 0.18915307521820068 and parameters: {'gradient_clip_val': 0.3762905052594633, 'hidden_size': 23, 'dropout': 0.2571566994883658, 'hidden_continuous_size': 22, 'attention_head_size': 2, 'learning_rate': 0.09246234686996847}. Best is trial 102 with value: 0.07032755762338638.
LOCAL_RANK: 0 - CUDA_VISIBLE_DEVICES: [0]
[I 2023-11-30 08:22:30,242] Trial 132 finished with value: 0.10696760565042496 and parameters: {'gradient_clip_val': 0.3638603698322537, 'hidden_size': 24, 'dropout': 0.2625048071512922, 'hidden_continuous_size': 23, 'attention_head_size': 2, 'learning_rate': 0.08337040070617827}. Best is trial 102 with value: 0.07032755762338638.
LOCAL_RANK: 0 - CUDA_VISIBLE_DEVICES: [0]
[I 2023-11-30 08:22:43,065] Trial 133 finished with value: 0.12829555571079254 and parameters: {'gradient_clip_val': 0.3291946543144431, 'hidden_size': 26, 'dropout': 0.27608182255698377, 'hidden_continuous_size': 24, 'attention_head_size': 2, 'learning_rate': 0.07144650945259559}. Best is trial 102 with value: 0.07032755762338638.
LOCAL_RANK: 0 - CUDA_VISIBLE_DEVICES: [0]
[I 2023-11-30 08:22:55,921] Trial 134 finished with value: 0.1444883793592453 and parameters: {'gradient_clip_val': 0.38166929157068147, 'hidden_size': 29, 'dropout': 0.2700732015469204, 'hidden_continuous_size': 26, 'attention_head_size': 2, 'learning_rate': 0.0997707674261862}. Best is trial 102 with value: 0.07032755762338638.
LOCAL_RANK: 0 - CUDA_VISIBLE_DEVICES: [0]
[I 2023-11-30 08:23:08,720] Trial 135 finished with value: 0.13234132528305054 and parameters: {'gradient_clip_val': 0.4391436003074428, 'hidden_size': 31, 'dropout': 0.2507678790757408, 'hidden_continuous_size': 16, 'attention_head_size': 2, 'learning_rate': 0.07642848371961986}. Best is trial 102 with value: 0.07032755762338638.
LOCAL_RANK: 0 - CUDA_VISIBLE_DEVICES: [0]
[I 2023-11-30 08:23:21,556] Trial 136 finished with value: 0.25456753373146057 and parameters: {'gradient_clip_val': 0.40890754367491133, 'hidden_size': 27, 'dropout': 0.2360426852848209, 'hidden_continuous_size': 25, 'attention_head_size': 2, 'learning_rate': 0.09127190413917129}. Best is trial 102 with value: 0.07032755762338638.
LOCAL_RANK: 0 - CUDA_VISIBLE_DEVICES: [0]
