[I 2023-11-30 07:58:13,890] Trial 21 finished with value: 0.11739107221364975 and parameters: {'gradient_clip_val': 0.2943651850940123, 'hidden_size': 105, 'dropout': 0.27204065785772075, 'hidden_continuous_size': 67, 'attention_head_size': 4, 'learning_rate': 0.09386682561297446}. Best is trial 20 with value: 0.11242351680994034.
LOCAL_RANK: 0 - CUDA_VISIBLE_DEVICES: [0]
[I 2023-11-30 07:58:28,106] Trial 22 finished with value: 0.12828786671161652 and parameters: {'gradient_clip_val': 0.2879506267817484, 'hidden_size': 75, 'dropout': 0.27281323546953096, 'hidden_continuous_size': 52, 'attention_head_size': 4, 'learning_rate': 0.09928186018748582}. Best is trial 20 with value: 0.11242351680994034.
LOCAL_RANK: 0 - CUDA_VISIBLE_DEVICES: [0]
[I 2023-11-30 07:58:42,697] Trial 23 finished with value: 0.20939628779888153 and parameters: {'gradient_clip_val': 0.28921418061738974, 'hidden_size': 102, 'dropout': 0.2280391923070636, 'hidden_continuous_size': 62, 'attention_head_size': 4, 'learning_rate': 0.04807506314914203}. Best is trial 20 with value: 0.11242351680994034.
LOCAL_RANK: 0 - CUDA_VISIBLE_DEVICES: [0]
[I 2023-11-30 07:58:57,047] Trial 24 finished with value: 0.2720456123352051 and parameters: {'gradient_clip_val': 0.2026134028482786, 'hidden_size': 87, 'dropout': 0.2705602788204696, 'hidden_continuous_size': 63, 'attention_head_size': 4, 'learning_rate': 0.07297539225810476}. Best is trial 20 with value: 0.11242351680994034.
LOCAL_RANK: 0 - CUDA_VISIBLE_DEVICES: [0]
[I 2023-11-30 07:59:11,850] Trial 25 finished with value: 0.21489214897155762 and parameters: {'gradient_clip_val': 0.3106881355383007, 'hidden_size': 111, 'dropout': 0.26286615987065065, 'hidden_continuous_size': 76, 'attention_head_size': 4, 'learning_rate': 0.09745096243783383}. Best is trial 20 with value: 0.11242351680994034.
LOCAL_RANK: 0 - CUDA_VISIBLE_DEVICES: [0]
[I 2023-11-30 07:59:25,566] Trial 26 finished with value: 0.1709117293357849 and parameters: {'gradient_clip_val': 0.2300689074078919, 'hidden_size': 54, 'dropout': 0.22838610582188595, 'hidden_continuous_size': 38, 'attention_head_size': 3, 'learning_rate': 0.045949718809789854}. Best is trial 20 with value: 0.11242351680994034.
LOCAL_RANK: 0 - CUDA_VISIBLE_DEVICES: [0]
[I 2023-11-30 07:59:39,556] Trial 27 finished with value: 0.14383311569690704 and parameters: {'gradient_clip_val': 0.25436444594536967, 'hidden_size': 72, 'dropout': 0.290625728448637, 'hidden_continuous_size': 50, 'attention_head_size': 4, 'learning_rate': 0.06796794038127886}. Best is trial 20 with value: 0.11242351680994034.
LOCAL_RANK: 0 - CUDA_VISIBLE_DEVICES: [0]
[I 2023-11-30 07:59:54,242] Trial 28 finished with value: 0.16460128128528595 and parameters: {'gradient_clip_val': 0.18656761569105793, 'hidden_size': 114, 'dropout': 0.2449361393438239, 'hidden_continuous_size': 68, 'attention_head_size': 2, 'learning_rate': 0.03606683157074425}. Best is trial 20 with value: 0.11242351680994034.
LOCAL_RANK: 0 - CUDA_VISIBLE_DEVICES: [0]
[I 2023-11-30 08:00:08,217] Trial 29 finished with value: 0.10298331826925278 and parameters: {'gradient_clip_val': 0.4187952745176846, 'hidden_size': 88, 'dropout': 0.2091766310976232, 'hidden_continuous_size': 55, 'attention_head_size': 1, 'learning_rate': 0.055989388347482745}. Best is trial 29 with value: 0.10298331826925278.
LOCAL_RANK: 0 - CUDA_VISIBLE_DEVICES: [0]
[I 2023-11-30 08:00:21,327] Trial 30 finished with value: 0.11845126003026962 and parameters: {'gradient_clip_val': 0.5676673786096919, 'hidden_size': 43, 'dropout': 0.2545771631434517, 'hidden_continuous_size': 34, 'attention_head_size': 1, 'learning_rate': 0.07620865159453684}. Best is trial 29 with value: 0.10298331826925278.
LOCAL_RANK: 0 - CUDA_VISIBLE_DEVICES: [0]
[I 2023-11-30 08:00:35,070] Trial 31 finished with value: 0.12340482324361801 and parameters: {'gradient_clip_val': 0.3883872178052817, 'hidden_size': 65, 'dropout': 0.20959128985542738, 'hidden_continuous_size': 51, 'attention_head_size': 1, 'learning_rate': 0.05178961917340013}. Best is trial 29 with value: 0.10298331826925278.
LOCAL_RANK: 0 - CUDA_VISIBLE_DEVICES: [0]
[I 2023-11-30 08:00:48,868] Trial 32 finished with value: 0.12168826907873154 and parameters: {'gradient_clip_val': 0.3094245563913014, 'hidden_size': 88, 'dropout': 0.23401029645243293, 'hidden_continuous_size': 57, 'attention_head_size': 1, 'learning_rate': 0.06232013167043687}. Best is trial 29 with value: 0.10298331826925278.
LOCAL_RANK: 0 - CUDA_VISIBLE_DEVICES: [0]
[I 2023-11-30 08:01:03,140] Trial 33 finished with value: 0.14594490826129913 and parameters: {'gradient_clip_val': 0.45540158663493013, 'hidden_size': 94, 'dropout': 0.21021515885702557, 'hidden_continuous_size': 44, 'attention_head_size': 2, 'learning_rate': 0.04109405589492793}. Best is trial 29 with value: 0.10298331826925278.
LOCAL_RANK: 0 - CUDA_VISIBLE_DEVICES: [0]
[I 2023-11-30 08:01:17,155] Trial 34 finished with value: 0.16235481202602386 and parameters: {'gradient_clip_val': 0.26741200756581857, 'hidden_size': 79, 'dropout': 0.2462191509144383, 'hidden_continuous_size': 45, 'attention_head_size': 3, 'learning_rate': 0.09933182394026484}. Best is trial 29 with value: 0.10298331826925278.
LOCAL_RANK: 0 - CUDA_VISIBLE_DEVICES: [0]
[I 2023-11-30 08:01:31,658] Trial 35 finished with value: 0.18204660713672638 and parameters: {'gradient_clip_val': 0.33426611097691683, 'hidden_size': 120, 'dropout': 0.2186702823825205, 'hidden_continuous_size': 79, 'attention_head_size': 2, 'learning_rate': 0.05732807877835989}. Best is trial 29 with value: 0.10298331826925278.
LOCAL_RANK: 0 - CUDA_VISIBLE_DEVICES: [0]
[I 2023-11-30 08:01:46,005] Trial 36 finished with value: 0.1966942399740219 and parameters: {'gradient_clip_val': 0.6877067847361443, 'hidden_size': 98, 'dropout': 0.15316878900641995, 'hidden_continuous_size': 57, 'attention_head_size': 4, 'learning_rate': 0.059987042034700754}. Best is trial 29 with value: 0.10298331826925278.
LOCAL_RANK: 0 - CUDA_VISIBLE_DEVICES: [0]
[I 2023-11-30 08:02:00,957] Trial 37 finished with value: 0.22762925922870636 and parameters: {'gradient_clip_val': 0.39164127399725496, 'hidden_size': 127, 'dropout': 0.2026355432188244, 'hidden_continuous_size': 86, 'attention_head_size': 3, 'learning_rate': 0.0765136199174887}. Best is trial 29 with value: 0.10298331826925278.
LOCAL_RANK: 0 - CUDA_VISIBLE_DEVICES: [0]
[I 2023-11-30 08:02:14,582] Trial 38 finished with value: 0.13499651849269867 and parameters: {'gradient_clip_val': 0.49248826453650796, 'hidden_size': 64, 'dropout': 0.18987108871172795, 'hidden_continuous_size': 48, 'attention_head_size': 1, 'learning_rate': 0.03379160462523364}. Best is trial 29 with value: 0.10298331826925278.
LOCAL_RANK: 0 - CUDA_VISIBLE_DEVICES: [0]
[I 2023-11-30 08:02:27,635] Trial 39 finished with value: 0.14395014941692352 and parameters: {'gradient_clip_val': 0.27625679581051843, 'hidden_size': 37, 'dropout': 0.2257465522450556, 'hidden_continuous_size': 32, 'attention_head_size': 3, 'learning_rate': 0.050946000910542404}. Best is trial 29 with value: 0.10298331826925278.
LOCAL_RANK: 0 - CUDA_VISIBLE_DEVICES: [0]
[I 2023-11-30 08:02:41,696] Trial 40 finished with value: 0.1787637323141098 and parameters: {'gradient_clip_val': 0.32942996148057885, 'hidden_size': 82, 'dropout': 0.28183463033793504, 'hidden_continuous_size': 61, 'attention_head_size': 2, 'learning_rate': 0.07784264954373744}. Best is trial 29 with value: 0.10298331826925278.
LOCAL_RANK: 0 - CUDA_VISIBLE_DEVICES: [0]
[I 2023-11-30 08:02:55,042] Trial 41 finished with value: 0.14725109934806824 and parameters: {'gradient_clip_val': 0.6004246331185538, 'hidden_size': 46, 'dropout': 0.25691053436811695, 'hidden_continuous_size': 36, 'attention_head_size': 1, 'learning_rate': 0.07432414570852709}. Best is trial 29 with value: 0.10298331826925278.
LOCAL_RANK: 0 - CUDA_VISIBLE_DEVICES: [0]
[I 2023-11-30 08:03:09,096] Trial 42 finished with value: 0.1341979056596756 and parameters: {'gradient_clip_val': 0.5496586598851626, 'hidden_size': 71, 'dropout': 0.2541924802076719, 'hidden_continuous_size': 52, 'attention_head_size': 1, 'learning_rate': 0.061172856884694086}. Best is trial 29 with value: 0.10298331826925278.
LOCAL_RANK: 0 - CUDA_VISIBLE_DEVICES: [0]
[I 2023-11-30 08:03:23,222] Trial 43 finished with value: 0.23807184398174286 and parameters: {'gradient_clip_val': 0.6687366940731241, 'hidden_size': 106, 'dropout': 0.30393269428194136, 'hidden_continuous_size': 42, 'attention_head_size': 1, 'learning_rate': 0.08006652208094049}. Best is trial 29 with value: 0.10298331826925278.
LOCAL_RANK: 0 - CUDA_VISIBLE_DEVICES: [0]
[I 2023-11-30 08:03:37,294] Trial 44 finished with value: 0.26445022225379944 and parameters: {'gradient_clip_val': 0.5157379271159832, 'hidden_size': 124, 'dropout': 0.26159740537600173, 'hidden_continuous_size': 33, 'attention_head_size': 1, 'learning_rate': 0.041969568254017244}. Best is trial 29 with value: 0.10298331826925278.
LOCAL_RANK: 0 - CUDA_VISIBLE_DEVICES: [0]
[I 2023-11-30 08:03:51,490] Trial 45 finished with value: 0.175670325756073 and parameters: {'gradient_clip_val': 0.9354046637691199, 'hidden_size': 87, 'dropout': 0.2830979005792059, 'hidden_continuous_size': 66, 'attention_head_size': 1, 'learning_rate': 0.053033326149907065}. Best is trial 29 with value: 0.10298331826925278.
LOCAL_RANK: 0 - CUDA_VISIBLE_DEVICES: [0]
[I 2023-11-30 08:04:04,325] Trial 46 finished with value: 0.11406932026147842 and parameters: {'gradient_clip_val': 0.3925054157566727, 'hidden_size': 26, 'dropout': 0.30828143643713535, 'hidden_continuous_size': 24, 'attention_head_size': 4, 'learning_rate': 0.0854194188887699}. Best is trial 29 with value: 0.10298331826925278.
LOCAL_RANK: 0 - CUDA_VISIBLE_DEVICES: [0]
[I 2023-11-30 08:04:17,403] Trial 47 finished with value: 0.10208282619714737 and parameters: {'gradient_clip_val': 0.3945922191547232, 'hidden_size': 27, 'dropout': 0.3195445724180121, 'hidden_continuous_size': 24, 'attention_head_size': 4, 'learning_rate': 0.09987960542563817}. Best is trial 47 with value: 0.10208282619714737.
LOCAL_RANK: 0 - CUDA_VISIBLE_DEVICES: [0]
[I 2023-11-30 08:04:30,075] Trial 48 finished with value: 0.1145402118563652 and parameters: {'gradient_clip_val': 0.4070404493747616, 'hidden_size': 25, 'dropout': 0.3234822690380345, 'hidden_continuous_size': 14, 'attention_head_size': 4, 'learning_rate': 0.0978708097491468}. Best is trial 47 with value: 0.10208282619714737.
LOCAL_RANK: 0 - CUDA_VISIBLE_DEVICES: [0]
[I 2023-11-30 08:04:42,633] Trial 49 finished with value: 0.15730418264865875 and parameters: {'gradient_clip_val': 0.3810023978348811, 'hidden_size': 25, 'dropout': 0.3177616469187072, 'hidden_continuous_size': 14, 'attention_head_size': 4, 'learning_rate': 0.08752507746115577}. Best is trial 47 with value: 0.10208282619714737.
LOCAL_RANK: 0 - CUDA_VISIBLE_DEVICES: [0]
[I 2023-11-30 08:04:55,097] Trial 50 finished with value: 0.13886237144470215 and parameters: {'gradient_clip_val': 0.4199872927680258, 'hidden_size': 18, 'dropout': 0.33929751509687445, 'hidden_continuous_size': 11, 'attention_head_size': 3, 'learning_rate': 0.07021253850205963}. Best is trial 47 with value: 0.10208282619714737.
LOCAL_RANK: 0 - CUDA_VISIBLE_DEVICES: [0]
[I 2023-11-30 08:05:08,142] Trial 51 finished with value: 0.23792438209056854 and parameters: {'gradient_clip_val': 0.47301656004569487, 'hidden_size': 30, 'dropout': 0.3145635694361174, 'hidden_continuous_size': 25, 'attention_head_size': 4, 'learning_rate': 0.09102532358571491}. Best is trial 47 with value: 0.10208282619714737.
LOCAL_RANK: 0 - CUDA_VISIBLE_DEVICES: [0]
[I 2023-11-30 08:05:20,898] Trial 52 finished with value: 0.09702416509389877 and parameters: {'gradient_clip_val': 0.4225431465279504, 'hidden_size': 21, 'dropout': 0.3045759590766553, 'hidden_continuous_size': 15, 'attention_head_size': 4, 'learning_rate': 0.09814340280733849}. Best is trial 52 with value: 0.09702416509389877.
LOCAL_RANK: 0 - CUDA_VISIBLE_DEVICES: [0]
[I 2023-11-30 08:05:33,308] Trial 53 finished with value: 0.19417041540145874 and parameters: {'gradient_clip_val': 0.4228008789077267, 'hidden_size': 20, 'dropout': 0.32993726311266425, 'hidden_continuous_size': 14, 'attention_head_size': 4, 'learning_rate': 0.06314041677553196}. Best is trial 52 with value: 0.09702416509389877.
LOCAL_RANK: 0 - CUDA_VISIBLE_DEVICES: [0]
[I 2023-11-30 08:05:46,244] Trial 54 finished with value: 0.15172074735164642 and parameters: {'gradient_clip_val': 0.3528822291831626, 'hidden_size': 29, 'dropout': 0.29736996786975617, 'hidden_continuous_size': 16, 'attention_head_size': 4, 'learning_rate': 0.08347055230012607}. Best is trial 52 with value: 0.09702416509389877.
LOCAL_RANK: 0 - CUDA_VISIBLE_DEVICES: [0]
[I 2023-11-30 08:05:58,528] Trial 55 finished with value: 0.2225213497877121 and parameters: {'gradient_clip_val': 0.40881720375664693, 'hidden_size': 20, 'dropout': 0.3587414085971682, 'hidden_continuous_size': 13, 'attention_head_size': 4, 'learning_rate': 0.09908516390617245}. Best is trial 52 with value: 0.09702416509389877.
LOCAL_RANK: 0 - CUDA_VISIBLE_DEVICES: [0]
[I 2023-11-30 08:06:11,533] Trial 56 finished with value: 0.15426866710186005 and parameters: {'gradient_clip_val': 0.3644086444287209, 'hidden_size': 34, 'dropout': 0.3005843219109077, 'hidden_continuous_size': 17, 'attention_head_size': 4, 'learning_rate': 0.06433226647229648}. Best is trial 52 with value: 0.09702416509389877.
LOCAL_RANK: 0 - CUDA_VISIBLE_DEVICES: [0]
[I 2023-11-30 08:06:24,385] Trial 57 finished with value: 0.16573910415172577 and parameters: {'gradient_clip_val': 0.4478652178923831, 'hidden_size': 26, 'dropout': 0.31307110164678864, 'hidden_continuous_size': 18, 'attention_head_size': 3, 'learning_rate': 0.08312770905397394}. Best is trial 52 with value: 0.09702416509389877.
LOCAL_RANK: 0 - CUDA_VISIBLE_DEVICES: [0]
[I 2023-11-30 08:06:37,036] Trial 58 finished with value: 0.14490532875061035 and parameters: {'gradient_clip_val': 0.48543227550815404, 'hidden_size': 22, 'dropout': 0.3313071969491491, 'hidden_continuous_size': 15, 'attention_head_size': 4, 'learning_rate': 0.05571682691788977}. Best is trial 52 with value: 0.09702416509389877.
LOCAL_RANK: 0 - CUDA_VISIBLE_DEVICES: [0]
[I 2023-11-30 08:06:49,808] Trial 59 finished with value: 0.24631047248840332 and parameters: {'gradient_clip_val': 0.4020887681469248, 'hidden_size': 17, 'dropout': 0.2848034755193339, 'hidden_continuous_size': 12, 'attention_head_size': 4, 'learning_rate': 0.045395948784357765}. Best is trial 52 with value: 0.09702416509389877.
LOCAL_RANK: 0 - CUDA_VISIBLE_DEVICES: [0]
[I 2023-11-30 08:07:02,655] Trial 60 finished with value: 0.13161097466945648 and parameters: {'gradient_clip_val': 0.34886577475789643, 'hidden_size': 27, 'dropout': 0.29312497606027843, 'hidden_continuous_size': 21, 'attention_head_size': 4, 'learning_rate': 0.07090995874832307}. Best is trial 52 with value: 0.09702416509389877.
LOCAL_RANK: 0 - CUDA_VISIBLE_DEVICES: [0]
[I 2023-11-30 08:07:15,477] Trial 61 finished with value: 0.24117600917816162 and parameters: {'gradient_clip_val': 0.32268699527882605, 'hidden_size': 32, 'dropout': 0.2735289013011189, 'hidden_continuous_size': 29, 'attention_head_size': 4, 'learning_rate': 0.09815562570280907}. Best is trial 52 with value: 0.09702416509389877.
LOCAL_RANK: 0 - CUDA_VISIBLE_DEVICES: [0]
[I 2023-11-30 08:07:28,196] Trial 62 finished with value: 0.1279904842376709 and parameters: {'gradient_clip_val': 0.3733849367178856, 'hidden_size': 23, 'dropout': 0.304722376441649, 'hidden_continuous_size': 20, 'attention_head_size': 4, 'learning_rate': 0.08589307615416189}. Best is trial 52 with value: 0.09702416509389877.
LOCAL_RANK: 0 - CUDA_VISIBLE_DEVICES: [0]
[I 2023-11-30 08:07:41,119] Trial 63 finished with value: 0.19078533351421356 and parameters: {'gradient_clip_val': 0.2995569126766897, 'hidden_size': 28, 'dropout': 0.27098933216428955, 'hidden_continuous_size': 24, 'attention_head_size': 4, 'learning_rate': 0.08462170629250698}. Best is trial 52 with value: 0.09702416509389877.
LOCAL_RANK: 0 - CUDA_VISIBLE_DEVICES: [0]
[I 2023-11-30 08:07:53,801] Trial 64 finished with value: 0.12902064621448517 and parameters: {'gradient_clip_val': 0.44418039003937476, 'hidden_size': 25, 'dropout': 0.28961959215819566, 'hidden_continuous_size': 17, 'attention_head_size': 4, 'learning_rate': 0.06956930733260429}. Best is trial 52 with value: 0.09702416509389877.
LOCAL_RANK: 0 - CUDA_VISIBLE_DEVICES: [0]
[I 2023-11-30 08:08:06,666] Trial 65 finished with value: 0.12703804671764374 and parameters: {'gradient_clip_val': 0.3033094841050127, 'hidden_size': 32, 'dropout': 0.30843212608122583, 'hidden_continuous_size': 28, 'attention_head_size': 4, 'learning_rate': 0.09614091426010733}. Best is trial 52 with value: 0.09702416509389877.
LOCAL_RANK: 0 - CUDA_VISIBLE_DEVICES: [0]
[I 2023-11-30 08:08:19,976] Trial 66 finished with value: 0.1683359593153 and parameters: {'gradient_clip_val': 0.33889865384796497, 'hidden_size': 39, 'dropout': 0.3242610102031534, 'hidden_continuous_size': 36, 'attention_head_size': 4, 'learning_rate': 0.05609956450473332}. Best is trial 52 with value: 0.09702416509389877.
LOCAL_RANK: 0 - CUDA_VISIBLE_DEVICES: [0]
[I 2023-11-30 08:08:32,595] Trial 67 finished with value: 0.12247768044471741 and parameters: {'gradient_clip_val': 0.4047043122611011, 'hidden_size': 24, 'dropout': 0.2982933042768506, 'hidden_continuous_size': 18, 'attention_head_size': 4, 'learning_rate': 0.06709286677538814}. Best is trial 52 with value: 0.09702416509389877.
LOCAL_RANK: 0 - CUDA_VISIBLE_DEVICES: [0]
[I 2023-11-30 08:08:46,654] Trial 68 finished with value: 0.13669849932193756 and parameters: {'gradient_clip_val': 0.5220973028852309, 'hidden_size': 100, 'dropout': 0.27859068101137635, 'hidden_continuous_size': 22, 'attention_head_size': 4, 'learning_rate': 0.09999129522141313}. Best is trial 52 with value: 0.09702416509389877.
LOCAL_RANK: 0 - CUDA_VISIBLE_DEVICES: [0]
[I 2023-11-30 08:08:59,271] Trial 69 finished with value: 0.09034206718206406 and parameters: {'gradient_clip_val': 0.3676495701320294, 'hidden_size': 27, 'dropout': 0.2654268521078772, 'hidden_continuous_size': 22, 'attention_head_size': 3, 'learning_rate': 0.0826232701716211}. Best is trial 69 with value: 0.09034206718206406.
LOCAL_RANK: 0 - CUDA_VISIBLE_DEVICES: [0]
[I 2023-11-30 08:09:11,820] Trial 70 finished with value: 0.1192287802696228 and parameters: {'gradient_clip_val': 0.47197714335399515, 'hidden_size': 28, 'dropout': 0.2632596395565611, 'hidden_continuous_size': 23, 'attention_head_size': 3, 'learning_rate': 0.048031339855683496}. Best is trial 69 with value: 0.09034206718206406.
LOCAL_RANK: 0 - CUDA_VISIBLE_DEVICES: [0]
[I 2023-11-30 08:09:24,813] Trial 71 finished with value: 0.10703428834676743 and parameters: {'gradient_clip_val': 0.3650875408097515, 'hidden_size': 31, 'dropout': 0.2914066729908657, 'hidden_continuous_size': 25, 'attention_head_size': 3, 'learning_rate': 0.0845022242458366}. Best is trial 69 with value: 0.09034206718206406.
LOCAL_RANK: 0 - CUDA_VISIBLE_DEVICES: [0]
[I 2023-11-30 08:09:37,653] Trial 72 finished with value: 0.09320805221796036 and parameters: {'gradient_clip_val': 0.3753641746999143, 'hidden_size': 27, 'dropout': 0.2943479192698037, 'hidden_continuous_size': 22, 'attention_head_size': 3, 'learning_rate': 0.07721257180466355}. Best is trial 69 with value: 0.09034206718206406.
LOCAL_RANK: 0 - CUDA_VISIBLE_DEVICES: [0]
[I 2023-11-30 08:09:50,300] Trial 73 finished with value: 0.2994079887866974 and parameters: {'gradient_clip_val': 0.36843360920909646, 'hidden_size': 27, 'dropout': 0.2904154536828031, 'hidden_continuous_size': 20, 'attention_head_size': 3, 'learning_rate': 0.07615814144205336}. Best is trial 69 with value: 0.09034206718206406.
LOCAL_RANK: 0 - CUDA_VISIBLE_DEVICES: [0]
[I 2023-11-30 08:10:03,171] Trial 74 finished with value: 0.1293632984161377 and parameters: {'gradient_clip_val': 0.4324889845098717, 'hidden_size': 31, 'dropout': 0.2395823783141266, 'hidden_continuous_size': 25, 'attention_head_size': 3, 'learning_rate': 0.06399653269760729}. Best is trial 69 with value: 0.09034206718206406.
LOCAL_RANK: 0 - CUDA_VISIBLE_DEVICES: [0]
[I 2023-11-30 08:10:16,256] Trial 75 finished with value: 0.0920696035027504 and parameters: {'gradient_clip_val': 0.35436585966724066, 'hidden_size': 35, 'dropout': 0.27920654214883367, 'hidden_continuous_size': 26, 'attention_head_size': 3, 'learning_rate': 0.08412602481443732}. Best is trial 69 with value: 0.09034206718206406.
LOCAL_RANK: 0 - CUDA_VISIBLE_DEVICES: [0]
[I 2023-11-30 08:10:29,356] Trial 76 finished with value: 0.14036642014980316 and parameters: {'gradient_clip_val': 0.3144562201370716, 'hidden_size': 37, 'dropout': 0.24915829782188983, 'hidden_continuous_size': 21, 'attention_head_size': 3, 'learning_rate': 0.057287076245585676}. Best is trial 69 with value: 0.09034206718206406.
LOCAL_RANK: 0 - CUDA_VISIBLE_DEVICES: [0]
[I 2023-11-30 08:10:42,620] Trial 77 finished with value: 0.09700006991624832 and parameters: {'gradient_clip_val': 0.35053998875477055, 'hidden_size': 34, 'dropout': 0.2672631377201121, 'hidden_continuous_size': 26, 'attention_head_size': 3, 'learning_rate': 0.075239885177265}. Best is trial 69 with value: 0.09034206718206406.
LOCAL_RANK: 0 - CUDA_VISIBLE_DEVICES: [0]
[I 2023-11-30 08:10:55,564] Trial 78 finished with value: 0.1637757569551468 and parameters: {'gradient_clip_val': 0.3538290674513288, 'hidden_size': 34, 'dropout': 0.28003232174151577, 'hidden_continuous_size': 27, 'attention_head_size': 3, 'learning_rate': 0.07426681876730172}. Best is trial 69 with value: 0.09034206718206406.
LOCAL_RANK: 0 - CUDA_VISIBLE_DEVICES: [0]
