[I 2023-11-30 04:08:31,017] Trial 33 finished with value: 0.14888302981853485 and parameters: {'gradient_clip_val': 0.3347926906801921, 'hidden_size': 54, 'dropout': 0.3196066424903337, 'hidden_continuous_size': 18, 'attention_head_size': 3, 'learning_rate': 0.054413603984506995}. Best is trial 16 with value: 0.10623989254236221.
LOCAL_RANK: 0 - CUDA_VISIBLE_DEVICES: [0]
[I 2023-11-30 04:08:44,605] Trial 34 finished with value: 0.1604100614786148 and parameters: {'gradient_clip_val': 0.494923692301517, 'hidden_size': 94, 'dropout': 0.221956445568324, 'hidden_continuous_size': 10, 'attention_head_size': 2, 'learning_rate': 0.06929592902500535}. Best is trial 16 with value: 0.10623989254236221.
LOCAL_RANK: 0 - CUDA_VISIBLE_DEVICES: [0]
[I 2023-11-30 04:08:57,788] Trial 35 finished with value: 0.23753030598163605 and parameters: {'gradient_clip_val': 0.8319055817497912, 'hidden_size': 60, 'dropout': 0.29419727604699136, 'hidden_continuous_size': 15, 'attention_head_size': 3, 'learning_rate': 0.025391926611528583}. Best is trial 16 with value: 0.10623989254236221.
LOCAL_RANK: 0 - CUDA_VISIBLE_DEVICES: [0]
[I 2023-11-30 04:09:11,496] Trial 36 finished with value: 0.10546300560235977 and parameters: {'gradient_clip_val': 0.26893330855869396, 'hidden_size': 74, 'dropout': 0.24301108329830912, 'hidden_continuous_size': 32, 'attention_head_size': 2, 'learning_rate': 0.05305676063294314}. Best is trial 36 with value: 0.10546300560235977.
LOCAL_RANK: 0 - CUDA_VISIBLE_DEVICES: [0]
[I 2023-11-30 04:09:25,231] Trial 37 finished with value: 0.1332317441701889 and parameters: {'gradient_clip_val': 0.25936454360377903, 'hidden_size': 75, 'dropout': 0.19371716866750766, 'hidden_continuous_size': 33, 'attention_head_size': 2, 'learning_rate': 0.03370599820093003}. Best is trial 36 with value: 0.10546300560235977.
LOCAL_RANK: 0 - CUDA_VISIBLE_DEVICES: [0]
[I 2023-11-30 04:09:38,993] Trial 38 finished with value: 0.09030047804117203 and parameters: {'gradient_clip_val': 0.2565068201531368, 'hidden_size': 51, 'dropout': 0.20336230307026168, 'hidden_continuous_size': 33, 'attention_head_size': 2, 'learning_rate': 0.04968696824477431}. Best is trial 38 with value: 0.09030047804117203.
LOCAL_RANK: 0 - CUDA_VISIBLE_DEVICES: [0]
[I 2023-11-30 04:09:52,148] Trial 39 finished with value: 0.11873441934585571 and parameters: {'gradient_clip_val': 0.10221662625753371, 'hidden_size': 47, 'dropout': 0.24459233785421525, 'hidden_continuous_size': 23, 'attention_head_size': 2, 'learning_rate': 0.0990721587873482}. Best is trial 38 with value: 0.09030047804117203.
LOCAL_RANK: 0 - CUDA_VISIBLE_DEVICES: [0]
[I 2023-11-30 04:10:05,242] Trial 40 finished with value: 0.17493505775928497 and parameters: {'gradient_clip_val': 0.10530468719036977, 'hidden_size': 46, 'dropout': 0.24248508571464117, 'hidden_continuous_size': 25, 'attention_head_size': 2, 'learning_rate': 0.049743165167054355}. Best is trial 38 with value: 0.09030047804117203.
LOCAL_RANK: 0 - CUDA_VISIBLE_DEVICES: [0]
[I 2023-11-30 04:10:18,308] Trial 41 finished with value: 0.15817880630493164 and parameters: {'gradient_clip_val': 0.11956139642598096, 'hidden_size': 54, 'dropout': 0.21750322083991422, 'hidden_continuous_size': 22, 'attention_head_size': 2, 'learning_rate': 0.09661832274432469}. Best is trial 38 with value: 0.09030047804117203.
LOCAL_RANK: 0 - CUDA_VISIBLE_DEVICES: [0]
[I 2023-11-30 04:10:31,222] Trial 42 finished with value: 0.1613215059041977 and parameters: {'gradient_clip_val': 0.1567192297949307, 'hidden_size': 41, 'dropout': 0.20256499265503594, 'hidden_continuous_size': 20, 'attention_head_size': 2, 'learning_rate': 0.06852754492135998}. Best is trial 38 with value: 0.09030047804117203.
LOCAL_RANK: 0 - CUDA_VISIBLE_DEVICES: [0]
[I 2023-11-30 04:10:44,969] Trial 43 finished with value: 0.1887950301170349 and parameters: {'gradient_clip_val': 0.10215696163637937, 'hidden_size': 56, 'dropout': 0.23334695566294816, 'hidden_continuous_size': 35, 'attention_head_size': 3, 'learning_rate': 0.08210687863968863}. Best is trial 38 with value: 0.09030047804117203.
LOCAL_RANK: 0 - CUDA_VISIBLE_DEVICES: [0]
[I 2023-11-30 04:10:57,772] Trial 44 finished with value: 0.16671371459960938 and parameters: {'gradient_clip_val': 0.21046665820886298, 'hidden_size': 34, 'dropout': 0.18150092605822865, 'hidden_continuous_size': 21, 'attention_head_size': 1, 'learning_rate': 0.05839183046834107}. Best is trial 38 with value: 0.09030047804117203.
LOCAL_RANK: 0 - CUDA_VISIBLE_DEVICES: [0]
[I 2023-11-30 04:11:10,857] Trial 45 finished with value: 0.11338462680578232 and parameters: {'gradient_clip_val': 0.2919322826639562, 'hidden_size': 48, 'dropout': 0.23243965283608065, 'hidden_continuous_size': 24, 'attention_head_size': 2, 'learning_rate': 0.07636821255841256}. Best is trial 38 with value: 0.09030047804117203.
LOCAL_RANK: 0 - CUDA_VISIBLE_DEVICES: [0]
[I 2023-11-30 04:11:23,974] Trial 46 finished with value: 0.11920684576034546 and parameters: {'gradient_clip_val': 0.28161170571292277, 'hidden_size': 45, 'dropout': 0.2358481278212031, 'hidden_continuous_size': 26, 'attention_head_size': 2, 'learning_rate': 0.04540852042633122}. Best is trial 38 with value: 0.09030047804117203.
LOCAL_RANK: 0 - CUDA_VISIBLE_DEVICES: [0]
[I 2023-11-30 04:11:37,666] Trial 47 finished with value: 0.2107914686203003 and parameters: {'gradient_clip_val': 0.2995281341308586, 'hidden_size': 58, 'dropout': 0.25150876369702807, 'hidden_continuous_size': 23, 'attention_head_size': 2, 'learning_rate': 0.07922649795687899}. Best is trial 38 with value: 0.09030047804117203.
LOCAL_RANK: 0 - CUDA_VISIBLE_DEVICES: [0]
[I 2023-11-30 04:11:51,002] Trial 48 finished with value: 0.2651858925819397 and parameters: {'gradient_clip_val': 0.2538723558250939, 'hidden_size': 50, 'dropout': 0.22286552530655318, 'hidden_continuous_size': 28, 'attention_head_size': 2, 'learning_rate': 0.06266192540990906}. Best is trial 38 with value: 0.09030047804117203.
LOCAL_RANK: 0 - CUDA_VISIBLE_DEVICES: [0]
[I 2023-11-30 04:12:03,930] Trial 49 finished with value: 0.20088712871074677 and parameters: {'gradient_clip_val': 0.22474161006431162, 'hidden_size': 38, 'dropout': 0.2751944932291375, 'hidden_continuous_size': 22, 'attention_head_size': 3, 'learning_rate': 0.03853934778667009}. Best is trial 38 with value: 0.09030047804117203.
LOCAL_RANK: 0 - CUDA_VISIBLE_DEVICES: [0]
[I 2023-11-30 04:12:16,800] Trial 50 finished with value: 0.09833244234323502 and parameters: {'gradient_clip_val': 0.24410086769391348, 'hidden_size': 48, 'dropout': 0.21221588712230816, 'hidden_continuous_size': 25, 'attention_head_size': 2, 'learning_rate': 0.0779589786035533}. Best is trial 38 with value: 0.09030047804117203.
LOCAL_RANK: 0 - CUDA_VISIBLE_DEVICES: [0]
[I 2023-11-30 04:12:29,892] Trial 51 finished with value: 0.12313864380121231 and parameters: {'gradient_clip_val': 0.2416999393103999, 'hidden_size': 50, 'dropout': 0.21062964061186262, 'hidden_continuous_size': 26, 'attention_head_size': 2, 'learning_rate': 0.0792414040251979}. Best is trial 38 with value: 0.09030047804117203.
LOCAL_RANK: 0 - CUDA_VISIBLE_DEVICES: [0]
[I 2023-11-30 04:12:43,110] Trial 52 finished with value: 0.1479058563709259 and parameters: {'gradient_clip_val': 0.19624923079780998, 'hidden_size': 45, 'dropout': 0.23471512320021976, 'hidden_continuous_size': 23, 'attention_head_size': 2, 'learning_rate': 0.05153879210173709}. Best is trial 38 with value: 0.09030047804117203.
LOCAL_RANK: 0 - CUDA_VISIBLE_DEVICES: [0]
[I 2023-11-30 04:12:56,778] Trial 53 finished with value: 0.20804370939731598 and parameters: {'gradient_clip_val': 0.2798831220327166, 'hidden_size': 62, 'dropout': 0.26037464931098747, 'hidden_continuous_size': 33, 'attention_head_size': 2, 'learning_rate': 0.06415791948064198}. Best is trial 38 with value: 0.09030047804117203.
LOCAL_RANK: 0 - CUDA_VISIBLE_DEVICES: [0]
[I 2023-11-30 04:13:09,640] Trial 54 finished with value: 0.18653146922588348 and parameters: {'gradient_clip_val': 0.23287259031728327, 'hidden_size': 40, 'dropout': 0.24825887151560402, 'hidden_continuous_size': 19, 'attention_head_size': 2, 'learning_rate': 0.08012649911289807}. Best is trial 38 with value: 0.09030047804117203.
LOCAL_RANK: 0 - CUDA_VISIBLE_DEVICES: [0]
[I 2023-11-30 04:13:23,541] Trial 55 finished with value: 0.18492025136947632 and parameters: {'gradient_clip_val': 0.17056601139399596, 'hidden_size': 75, 'dropout': 0.21798753578055796, 'hidden_continuous_size': 39, 'attention_head_size': 3, 'learning_rate': 0.09986743587082711}. Best is trial 38 with value: 0.09030047804117203.
LOCAL_RANK: 0 - CUDA_VISIBLE_DEVICES: [0]
[I 2023-11-30 04:13:36,804] Trial 56 finished with value: 0.11363991349935532 and parameters: {'gradient_clip_val': 0.25758047458207833, 'hidden_size': 52, 'dropout': 0.19119408856942005, 'hidden_continuous_size': 28, 'attention_head_size': 2, 'learning_rate': 0.04853122195852632}. Best is trial 38 with value: 0.09030047804117203.
LOCAL_RANK: 0 - CUDA_VISIBLE_DEVICES: [0]
[I 2023-11-30 04:13:50,451] Trial 57 finished with value: 0.14838580787181854 and parameters: {'gradient_clip_val': 0.2525641646401379, 'hidden_size': 57, 'dropout': 0.19141359396713759, 'hidden_continuous_size': 29, 'attention_head_size': 2, 'learning_rate': 0.04037718208036981}. Best is trial 38 with value: 0.09030047804117203.
LOCAL_RANK: 0 - CUDA_VISIBLE_DEVICES: [0]
[I 2023-11-30 04:14:03,785] Trial 58 finished with value: 0.15537847578525543 and parameters: {'gradient_clip_val': 0.3044913921317052, 'hidden_size': 53, 'dropout': 0.17364059549488733, 'hidden_continuous_size': 25, 'attention_head_size': 2, 'learning_rate': 0.052807307441413924}. Best is trial 38 with value: 0.09030047804117203.
LOCAL_RANK: 0 - CUDA_VISIBLE_DEVICES: [0]
[I 2023-11-30 04:14:16,680] Trial 59 finished with value: 0.1465131789445877 and parameters: {'gradient_clip_val': 0.21509878556290843, 'hidden_size': 36, 'dropout': 0.20997436106740996, 'hidden_continuous_size': 27, 'attention_head_size': 2, 'learning_rate': 0.025929714338554847}. Best is trial 38 with value: 0.09030047804117203.
LOCAL_RANK: 0 - CUDA_VISIBLE_DEVICES: [0]
[I 2023-11-30 04:14:29,827] Trial 60 finished with value: 0.2051495760679245 and parameters: {'gradient_clip_val': 0.3604560749604842, 'hidden_size': 31, 'dropout': 0.15870251531599666, 'hidden_continuous_size': 27, 'attention_head_size': 3, 'learning_rate': 0.04711093396780013}. Best is trial 38 with value: 0.09030047804117203.
LOCAL_RANK: 0 - CUDA_VISIBLE_DEVICES: [0]
[I 2023-11-30 04:14:43,001] Trial 61 finished with value: 0.1803322434425354 and parameters: {'gradient_clip_val': 0.2721641265405617, 'hidden_size': 48, 'dropout': 0.22774915244451735, 'hidden_continuous_size': 30, 'attention_head_size': 2, 'learning_rate': 0.08450598353102848}. Best is trial 38 with value: 0.09030047804117203.
LOCAL_RANK: 0 - CUDA_VISIBLE_DEVICES: [0]
[I 2023-11-30 04:14:56,195] Trial 62 finished with value: 0.17890258133411407 and parameters: {'gradient_clip_val': 0.3217227595747297, 'hidden_size': 44, 'dropout': 0.20515869288309727, 'hidden_continuous_size': 29, 'attention_head_size': 2, 'learning_rate': 0.062060490178069735}. Best is trial 38 with value: 0.09030047804117203.
LOCAL_RANK: 0 - CUDA_VISIBLE_DEVICES: [0]
[I 2023-11-30 04:15:09,725] Trial 63 finished with value: 0.22540761530399323 and parameters: {'gradient_clip_val': 0.24648551348415776, 'hidden_size': 61, 'dropout': 0.24977629943910495, 'hidden_continuous_size': 24, 'attention_head_size': 2, 'learning_rate': 0.07266415374678757}. Best is trial 38 with value: 0.09030047804117203.
LOCAL_RANK: 0 - CUDA_VISIBLE_DEVICES: [0]
[I 2023-11-30 04:15:22,826] Trial 64 finished with value: 0.14712707698345184 and parameters: {'gradient_clip_val': 0.2245619738660751, 'hidden_size': 41, 'dropout': 0.26821503157995447, 'hidden_continuous_size': 21, 'attention_head_size': 2, 'learning_rate': 0.08647473826346905}. Best is trial 38 with value: 0.09030047804117203.
LOCAL_RANK: 0 - CUDA_VISIBLE_DEVICES: [0]
[I 2023-11-30 04:15:36,120] Trial 65 finished with value: 0.1467507779598236 and parameters: {'gradient_clip_val': 0.2932314584812172, 'hidden_size': 50, 'dropout': 0.23146806104173967, 'hidden_continuous_size': 23, 'attention_head_size': 2, 'learning_rate': 0.0576301418203625}. Best is trial 38 with value: 0.09030047804117203.
LOCAL_RANK: 0 - CUDA_VISIBLE_DEVICES: [0]
[I 2023-11-30 04:15:49,002] Trial 66 finished with value: 0.19091349840164185 and parameters: {'gradient_clip_val': 0.2629128982253934, 'hidden_size': 38, 'dropout': 0.21671389466236604, 'hidden_continuous_size': 25, 'attention_head_size': 1, 'learning_rate': 0.06646885096871347}. Best is trial 38 with value: 0.09030047804117203.
LOCAL_RANK: 0 - CUDA_VISIBLE_DEVICES: [0]
[I 2023-11-30 04:16:02,315] Trial 67 finished with value: 0.1859428882598877 and parameters: {'gradient_clip_val': 0.3186013265718985, 'hidden_size': 46, 'dropout': 0.1858448787348132, 'hidden_continuous_size': 31, 'attention_head_size': 2, 'learning_rate': 0.08710912393723376}. Best is trial 38 with value: 0.09030047804117203.
LOCAL_RANK: 0 - CUDA_VISIBLE_DEVICES: [0]
[I 2023-11-30 04:16:15,677] Trial 68 finished with value: 0.23010404407978058 and parameters: {'gradient_clip_val': 0.2022335220675606, 'hidden_size': 54, 'dropout': 0.19727777399125723, 'hidden_continuous_size': 27, 'attention_head_size': 1, 'learning_rate': 0.0392605881705168}. Best is trial 38 with value: 0.09030047804117203.
LOCAL_RANK: 0 - CUDA_VISIBLE_DEVICES: [0]
[I 2023-11-30 04:16:29,355] Trial 69 finished with value: 0.17560990154743195 and parameters: {'gradient_clip_val': 0.1805367598752322, 'hidden_size': 65, 'dropout': 0.23963540188504612, 'hidden_continuous_size': 35, 'attention_head_size': 2, 'learning_rate': 0.04724053908690643}. Best is trial 38 with value: 0.09030047804117203.
LOCAL_RANK: 0 - CUDA_VISIBLE_DEVICES: [0]
[I 2023-11-30 04:16:42,437] Trial 70 finished with value: 0.15107189118862152 and parameters: {'gradient_clip_val': 0.2376108373231797, 'hidden_size': 42, 'dropout': 0.25346995449581683, 'hidden_continuous_size': 21, 'attention_head_size': 2, 'learning_rate': 0.07216356518495352}. Best is trial 38 with value: 0.09030047804117203.
LOCAL_RANK: 0 - CUDA_VISIBLE_DEVICES: [0]
[I 2023-11-30 04:16:55,573] Trial 71 finished with value: 0.13396801054477692 and parameters: {'gradient_clip_val': 0.28221570964302295, 'hidden_size': 45, 'dropout': 0.23768775700789302, 'hidden_continuous_size': 26, 'attention_head_size': 2, 'learning_rate': 0.04528112371504817}. Best is trial 38 with value: 0.09030047804117203.
LOCAL_RANK: 0 - CUDA_VISIBLE_DEVICES: [0]
[I 2023-11-30 04:17:08,782] Trial 72 finished with value: 0.17792463302612305 and parameters: {'gradient_clip_val': 0.27560947335117414, 'hidden_size': 35, 'dropout': 0.23004542340458767, 'hidden_continuous_size': 26, 'attention_head_size': 2, 'learning_rate': 0.05645809052963655}. Best is trial 38 with value: 0.09030047804117203.
LOCAL_RANK: 0 - CUDA_VISIBLE_DEVICES: [0]
[I 2023-11-30 04:17:21,919] Trial 73 finished with value: 0.25304800271987915 and parameters: {'gradient_clip_val': 0.35271075881073544, 'hidden_size': 48, 'dropout': 0.24352517928803022, 'hidden_continuous_size': 24, 'attention_head_size': 2, 'learning_rate': 0.09015619908097716}. Best is trial 38 with value: 0.09030047804117203.
LOCAL_RANK: 0 - CUDA_VISIBLE_DEVICES: [0]
[I 2023-11-30 04:17:34,933] Trial 74 finished with value: 0.16100654006004333 and parameters: {'gradient_clip_val': 0.38740961097159404, 'hidden_size': 38, 'dropout': 0.26716942506486524, 'hidden_continuous_size': 28, 'attention_head_size': 2, 'learning_rate': 0.030008826642768573}. Best is trial 38 with value: 0.09030047804117203.
LOCAL_RANK: 0 - CUDA_VISIBLE_DEVICES: [0]
[I 2023-11-30 04:17:48,463] Trial 75 finished with value: 0.12438490241765976 and parameters: {'gradient_clip_val': 0.3346712854435607, 'hidden_size': 57, 'dropout': 0.20231910369746559, 'hidden_continuous_size': 31, 'attention_head_size': 2, 'learning_rate': 0.07178766796617878}. Best is trial 38 with value: 0.09030047804117203.
LOCAL_RANK: 0 - CUDA_VISIBLE_DEVICES: [0]
[I 2023-11-30 04:18:01,760] Trial 76 finished with value: 0.35717663168907166 and parameters: {'gradient_clip_val': 0.2909700275041384, 'hidden_size': 52, 'dropout': 0.2235625657809395, 'hidden_continuous_size': 24, 'attention_head_size': 3, 'learning_rate': 0.047893274287490954}. Best is trial 38 with value: 0.09030047804117203.
LOCAL_RANK: 0 - CUDA_VISIBLE_DEVICES: [0]
[I 2023-11-30 04:18:14,798] Trial 77 finished with value: 0.14320522546768188 and parameters: {'gradient_clip_val': 0.20704526127450604, 'hidden_size': 43, 'dropout': 0.2553860176603927, 'hidden_continuous_size': 11, 'attention_head_size': 1, 'learning_rate': 0.0996447289624334}. Best is trial 38 with value: 0.09030047804117203.
LOCAL_RANK: 0 - CUDA_VISIBLE_DEVICES: [0]
[I 2023-11-30 04:18:27,349] Trial 78 finished with value: 0.2068532556295395 and parameters: {'gradient_clip_val': 0.2227909298629935, 'hidden_size': 32, 'dropout': 0.21072713973442833, 'hidden_continuous_size': 16, 'attention_head_size': 2, 'learning_rate': 0.061255654075006875}. Best is trial 38 with value: 0.09030047804117203.
LOCAL_RANK: 0 - CUDA_VISIBLE_DEVICES: [0]
[I 2023-11-30 04:18:40,212] Trial 79 finished with value: 0.12502996623516083 and parameters: {'gradient_clip_val': 0.2602345232656319, 'hidden_size': 30, 'dropout': 0.2899174898418413, 'hidden_continuous_size': 25, 'attention_head_size': 2, 'learning_rate': 0.03788685857481326}. Best is trial 38 with value: 0.09030047804117203.
LOCAL_RANK: 0 - CUDA_VISIBLE_DEVICES: [0]
[I 2023-11-30 04:18:53,838] Trial 80 finished with value: 0.16359257698059082 and parameters: {'gradient_clip_val': 0.13984390875373548, 'hidden_size': 69, 'dropout': 0.23819130860323875, 'hidden_continuous_size': 19, 'attention_head_size': 2, 'learning_rate': 0.052368529477387314}. Best is trial 38 with value: 0.09030047804117203.
LOCAL_RANK: 0 - CUDA_VISIBLE_DEVICES: [0]
[I 2023-11-30 04:19:07,098] Trial 81 finished with value: 0.12197170406579971 and parameters: {'gradient_clip_val': 0.25200726250893357, 'hidden_size': 50, 'dropout': 0.20966349511916368, 'hidden_continuous_size': 26, 'attention_head_size': 2, 'learning_rate': 0.07719921333096036}. Best is trial 38 with value: 0.09030047804117203.
LOCAL_RANK: 0 - CUDA_VISIBLE_DEVICES: [0]
[I 2023-11-30 04:19:20,738] Trial 82 finished with value: 0.13473773002624512 and parameters: {'gradient_clip_val': 0.24327270093977932, 'hidden_size': 59, 'dropout': 0.2272918595329027, 'hidden_continuous_size': 22, 'attention_head_size': 2, 'learning_rate': 0.07456956248323375}. Best is trial 38 with value: 0.09030047804117203.
LOCAL_RANK: 0 - CUDA_VISIBLE_DEVICES: [0]
[I 2023-11-30 04:19:33,946] Trial 83 finished with value: 0.10880097001791 and parameters: {'gradient_clip_val': 0.3058413319900884, 'hidden_size': 47, 'dropout': 0.2149878049875237, 'hidden_continuous_size': 28, 'attention_head_size': 2, 'learning_rate': 0.08839530379382322}. Best is trial 38 with value: 0.09030047804117203.
LOCAL_RANK: 0 - CUDA_VISIBLE_DEVICES: [0]
[I 2023-11-30 04:19:47,197] Trial 84 finished with value: 0.25491151213645935 and parameters: {'gradient_clip_val': 0.31573177841898864, 'hidden_size': 46, 'dropout': 0.21626158789242605, 'hidden_continuous_size': 28, 'attention_head_size': 2, 'learning_rate': 0.0906386981277967}. Best is trial 38 with value: 0.09030047804117203.
LOCAL_RANK: 0 - CUDA_VISIBLE_DEVICES: [0]
[I 2023-11-30 04:20:00,201] Trial 85 finished with value: 0.22111336886882782 and parameters: {'gradient_clip_val': 0.29847975078683164, 'hidden_size': 40, 'dropout': 0.24631622646996024, 'hidden_continuous_size': 29, 'attention_head_size': 2, 'learning_rate': 0.06583015767100579}. Best is trial 38 with value: 0.09030047804117203.
LOCAL_RANK: 0 - CUDA_VISIBLE_DEVICES: [0]
[I 2023-11-30 04:20:12,977] Trial 86 finished with value: 0.060324132442474365 and parameters: {'gradient_clip_val': 0.22865380936843668, 'hidden_size': 36, 'dropout': 0.2223519980498022, 'hidden_continuous_size': 28, 'attention_head_size': 1, 'learning_rate': 0.05884802165071137}. Best is trial 86 with value: 0.060324132442474365.
LOCAL_RANK: 0 - CUDA_VISIBLE_DEVICES: [0]
[I 2023-11-30 04:20:25,724] Trial 87 finished with value: 0.14975957572460175 and parameters: {'gradient_clip_val': 0.23079342811877507, 'hidden_size': 28, 'dropout': 0.22240358352948505, 'hidden_continuous_size': 25, 'attention_head_size': 1, 'learning_rate': 0.0880117550929962}. Best is trial 86 with value: 0.060324132442474365.
LOCAL_RANK: 0 - CUDA_VISIBLE_DEVICES: [0]
[I 2023-11-30 04:20:38,629] Trial 88 finished with value: 0.1457562893629074 and parameters: {'gradient_clip_val': 0.18961064558383411, 'hidden_size': 35, 'dropout': 0.19803424917332724, 'hidden_continuous_size': 27, 'attention_head_size': 1, 'learning_rate': 0.05556105658809187}. Best is trial 86 with value: 0.060324132442474365.
LOCAL_RANK: 0 - CUDA_VISIBLE_DEVICES: [0]
[I 2023-11-30 04:20:51,576] Trial 89 finished with value: 0.1079656258225441 and parameters: {'gradient_clip_val': 0.267148321371097, 'hidden_size': 37, 'dropout': 0.203469795435295, 'hidden_continuous_size': 30, 'attention_head_size': 1, 'learning_rate': 0.07883962983119247}. Best is trial 86 with value: 0.060324132442474365.
LOCAL_RANK: 0 - CUDA_VISIBLE_DEVICES: [0]
[I 2023-11-30 04:21:04,242] Trial 90 finished with value: 0.16491051018238068 and parameters: {'gradient_clip_val': 0.2165111728873132, 'hidden_size': 32, 'dropout': 0.1899886646313344, 'hidden_continuous_size': 28, 'attention_head_size': 1, 'learning_rate': 0.060984934011765767}. Best is trial 86 with value: 0.060324132442474365.
LOCAL_RANK: 0 - CUDA_VISIBLE_DEVICES: [0]
