[I 2023-11-30 09:19:47,353] Trial 34 finished with value: 0.10058891028165817 and parameters: {'gradient_clip_val': 0.28040624307878576, 'hidden_size': 79, 'dropout': 0.1916652095526331, 'hidden_continuous_size': 63, 'attention_head_size': 2, 'learning_rate': 0.033818180103247476}. Best is trial 12 with value: 0.08852671831846237.
LOCAL_RANK: 0 - CUDA_VISIBLE_DEVICES: [0]
[I 2023-11-30 09:20:00,827] Trial 35 finished with value: 0.2290538102388382 and parameters: {'gradient_clip_val': 0.24948662831244667, 'hidden_size': 76, 'dropout': 0.1341004830008608, 'hidden_continuous_size': 62, 'attention_head_size': 2, 'learning_rate': 0.03409552755789114}. Best is trial 12 with value: 0.08852671831846237.
LOCAL_RANK: 0 - CUDA_VISIBLE_DEVICES: [0]
[I 2023-11-30 09:20:13,976] Trial 36 finished with value: 0.1213914081454277 and parameters: {'gradient_clip_val': 0.27244285082244774, 'hidden_size': 60, 'dropout': 0.18484071458358223, 'hidden_continuous_size': 48, 'attention_head_size': 2, 'learning_rate': 0.04455880584787675}. Best is trial 12 with value: 0.08852671831846237.
LOCAL_RANK: 0 - CUDA_VISIBLE_DEVICES: [0]
[I 2023-11-30 09:20:27,670] Trial 37 finished with value: 0.2022322416305542 and parameters: {'gradient_clip_val': 0.18189367463042974, 'hidden_size': 69, 'dropout': 0.19354832806037775, 'hidden_continuous_size': 51, 'attention_head_size': 3, 'learning_rate': 0.02581650415371356}. Best is trial 12 with value: 0.08852671831846237.
LOCAL_RANK: 0 - CUDA_VISIBLE_DEVICES: [0]
[I 2023-11-30 09:20:41,602] Trial 38 finished with value: 0.16875052452087402 and parameters: {'gradient_clip_val': 0.1510278782929969, 'hidden_size': 91, 'dropout': 0.1871561178897604, 'hidden_continuous_size': 70, 'attention_head_size': 2, 'learning_rate': 0.03309168729294366}. Best is trial 12 with value: 0.08852671831846237.
LOCAL_RANK: 0 - CUDA_VISIBLE_DEVICES: [0]
[I 2023-11-30 09:20:55,062] Trial 39 finished with value: 0.13868576288223267 and parameters: {'gradient_clip_val': 0.37607194836276414, 'hidden_size': 47, 'dropout': 0.23557392844884645, 'hidden_continuous_size': 42, 'attention_head_size': 3, 'learning_rate': 0.06062981749267198}. Best is trial 12 with value: 0.08852671831846237.
LOCAL_RANK: 0 - CUDA_VISIBLE_DEVICES: [0]
[I 2023-11-30 09:21:08,561] Trial 40 finished with value: 0.14719301462173462 and parameters: {'gradient_clip_val': 0.20622118842597967, 'hidden_size': 57, 'dropout': 0.20720667460140152, 'hidden_continuous_size': 47, 'attention_head_size': 2, 'learning_rate': 0.07823895794574909}. Best is trial 12 with value: 0.08852671831846237.
LOCAL_RANK: 0 - CUDA_VISIBLE_DEVICES: [0]
[I 2023-11-30 09:21:22,517] Trial 41 finished with value: 0.12630076706409454 and parameters: {'gradient_clip_val': 0.31564085370317496, 'hidden_size': 106, 'dropout': 0.15527630005749685, 'hidden_continuous_size': 85, 'attention_head_size': 1, 'learning_rate': 0.009934285082429146}. Best is trial 12 with value: 0.08852671831846237.
LOCAL_RANK: 0 - CUDA_VISIBLE_DEVICES: [0]
[I 2023-11-30 09:21:36,461] Trial 42 finished with value: 0.15291006863117218 and parameters: {'gradient_clip_val': 0.2849563938752314, 'hidden_size': 84, 'dropout': 0.17160161710821142, 'hidden_continuous_size': 65, 'attention_head_size': 2, 'learning_rate': 0.017640073659896675}. Best is trial 12 with value: 0.08852671831846237.
LOCAL_RANK: 0 - CUDA_VISIBLE_DEVICES: [0]
[I 2023-11-30 09:21:47,207] Trial 43 finished with value: 0.2539769113063812 and parameters: {'gradient_clip_val': 0.24779168041675192, 'hidden_size': 123, 'dropout': 0.14040089916674692, 'hidden_continuous_size': 123, 'attention_head_size': 1, 'learning_rate': 0.023255485380823268}. Best is trial 12 with value: 0.08852671831846237.
LOCAL_RANK: 0 - CUDA_VISIBLE_DEVICES: [0]
[I 2023-11-30 09:22:01,195] Trial 44 finished with value: 0.19266510009765625 and parameters: {'gradient_clip_val': 0.40631291587793833, 'hidden_size': 99, 'dropout': 0.1601391935063391, 'hidden_continuous_size': 77, 'attention_head_size': 1, 'learning_rate': 0.03816388369833542}. Best is trial 12 with value: 0.08852671831846237.
LOCAL_RANK: 0 - CUDA_VISIBLE_DEVICES: [0]
[I 2023-11-30 09:22:15,630] Trial 45 finished with value: 0.14130623638629913 and parameters: {'gradient_clip_val': 0.3464059664141329, 'hidden_size': 126, 'dropout': 0.18981574598747133, 'hidden_continuous_size': 97, 'attention_head_size': 4, 'learning_rate': 0.050054220719039755}. Best is trial 12 with value: 0.08852671831846237.
LOCAL_RANK: 0 - CUDA_VISIBLE_DEVICES: [0]
[I 2023-11-30 09:22:30,416] Trial 46 finished with value: 0.1488078236579895 and parameters: {'gradient_clip_val': 0.26948992543692646, 'hidden_size': 145, 'dropout': 0.17492683594804898, 'hidden_continuous_size': 143, 'attention_head_size': 2, 'learning_rate': 0.015442406379309959}. Best is trial 12 with value: 0.08852671831846237.
LOCAL_RANK: 0 - CUDA_VISIBLE_DEVICES: [0]
[I 2023-11-30 09:22:44,061] Trial 47 finished with value: 0.2647053301334381 and parameters: {'gradient_clip_val': 0.2230076937634825, 'hidden_size': 79, 'dropout': 0.31088369382787345, 'hidden_continuous_size': 59, 'attention_head_size': 1, 'learning_rate': 0.020405025524688508}. Best is trial 12 with value: 0.08852671831846237.
LOCAL_RANK: 0 - CUDA_VISIBLE_DEVICES: [0]
[I 2023-11-30 09:22:58,276] Trial 48 finished with value: 0.2204507738351822 and parameters: {'gradient_clip_val': 0.3128926070916521, 'hidden_size': 105, 'dropout': 0.12198321455650767, 'hidden_continuous_size': 66, 'attention_head_size': 2, 'learning_rate': 0.03064026666485394}. Best is trial 12 with value: 0.08852671831846237.
LOCAL_RANK: 0 - CUDA_VISIBLE_DEVICES: [0]
[I 2023-11-30 09:23:10,840] Trial 49 finished with value: 0.5541242957115173 and parameters: {'gradient_clip_val': 0.43992964415522057, 'hidden_size': 34, 'dropout': 0.2135332673599024, 'hidden_continuous_size': 31, 'attention_head_size': 1, 'learning_rate': 0.005274322727745305}. Best is trial 12 with value: 0.08852671831846237.
LOCAL_RANK: 0 - CUDA_VISIBLE_DEVICES: [0]
[I 2023-11-30 09:23:24,084] Trial 50 finished with value: 0.13442598283290863 and parameters: {'gradient_clip_val': 0.26966847181794956, 'hidden_size': 60, 'dropout': 0.1003921165970253, 'hidden_continuous_size': 53, 'attention_head_size': 1, 'learning_rate': 0.028170052479623457}. Best is trial 12 with value: 0.08852671831846237.
LOCAL_RANK: 0 - CUDA_VISIBLE_DEVICES: [0]
[I 2023-11-30 09:23:38,107] Trial 51 finished with value: 0.13182228803634644 and parameters: {'gradient_clip_val': 0.322571735371953, 'hidden_size': 114, 'dropout': 0.1502336977628433, 'hidden_continuous_size': 85, 'attention_head_size': 1, 'learning_rate': 0.013202826328933681}. Best is trial 12 with value: 0.08852671831846237.
LOCAL_RANK: 0 - CUDA_VISIBLE_DEVICES: [0]
[I 2023-11-30 09:23:52,223] Trial 52 finished with value: 0.16249002516269684 and parameters: {'gradient_clip_val': 0.28627434466573193, 'hidden_size': 117, 'dropout': 0.16354692166976653, 'hidden_continuous_size': 100, 'attention_head_size': 1, 'learning_rate': 0.010682952383780043}. Best is trial 12 with value: 0.08852671831846237.
LOCAL_RANK: 0 - CUDA_VISIBLE_DEVICES: [0]
[I 2023-11-30 09:24:06,085] Trial 53 finished with value: 0.10578950494527817 and parameters: {'gradient_clip_val': 0.3494779921428081, 'hidden_size': 88, 'dropout': 0.19503201432187559, 'hidden_continuous_size': 71, 'attention_head_size': 1, 'learning_rate': 0.021242708592655604}. Best is trial 12 with value: 0.08852671831846237.
LOCAL_RANK: 0 - CUDA_VISIBLE_DEVICES: [0]
[I 2023-11-30 09:24:19,757] Trial 54 finished with value: 0.13876314461231232 and parameters: {'gradient_clip_val': 0.3643905369036938, 'hidden_size': 89, 'dropout': 0.19757520409789553, 'hidden_continuous_size': 62, 'attention_head_size': 1, 'learning_rate': 0.01984017565875519}. Best is trial 12 with value: 0.08852671831846237.
LOCAL_RANK: 0 - CUDA_VISIBLE_DEVICES: [0]
[I 2023-11-30 09:24:33,394] Trial 55 finished with value: 0.15246574580669403 and parameters: {'gradient_clip_val': 0.3372027444312788, 'hidden_size': 70, 'dropout': 0.17857047907950999, 'hidden_continuous_size': 55, 'attention_head_size': 2, 'learning_rate': 0.03649736460744989}. Best is trial 12 with value: 0.08852671831846237.
LOCAL_RANK: 0 - CUDA_VISIBLE_DEVICES: [0]
[I 2023-11-30 09:24:47,271] Trial 56 finished with value: 0.25960054993629456 and parameters: {'gradient_clip_val': 0.22744028965525015, 'hidden_size': 83, 'dropout': 0.23654636723096018, 'hidden_continuous_size': 67, 'attention_head_size': 1, 'learning_rate': 0.044555345540600935}. Best is trial 12 with value: 0.08852671831846237.
LOCAL_RANK: 0 - CUDA_VISIBLE_DEVICES: [0]
[I 2023-11-30 09:25:00,833] Trial 57 finished with value: 0.1667664796113968 and parameters: {'gradient_clip_val': 0.24959860659157468, 'hidden_size': 92, 'dropout': 0.2238971106592361, 'hidden_continuous_size': 60, 'attention_head_size': 1, 'learning_rate': 0.021624003353638933}. Best is trial 12 with value: 0.08852671831846237.
LOCAL_RANK: 0 - CUDA_VISIBLE_DEVICES: [0]
[I 2023-11-30 09:25:14,624] Trial 58 finished with value: 0.1961376816034317 and parameters: {'gradient_clip_val': 0.3069201897857519, 'hidden_size': 71, 'dropout': 0.2101758316685493, 'hidden_continuous_size': 56, 'attention_head_size': 3, 'learning_rate': 0.029016907621218137}. Best is trial 12 with value: 0.08852671831846237.
LOCAL_RANK: 0 - CUDA_VISIBLE_DEVICES: [0]
[I 2023-11-30 09:25:28,435] Trial 59 finished with value: 0.1430118829011917 and parameters: {'gradient_clip_val': 0.39867204014530433, 'hidden_size': 82, 'dropout': 0.19271032907757585, 'hidden_continuous_size': 70, 'attention_head_size': 1, 'learning_rate': 0.052223254743365935}. Best is trial 12 with value: 0.08852671831846237.
LOCAL_RANK: 0 - CUDA_VISIBLE_DEVICES: [0]
[I 2023-11-30 09:25:42,420] Trial 60 finished with value: 0.3157426118850708 and parameters: {'gradient_clip_val': 0.3634587973776862, 'hidden_size': 106, 'dropout': 0.1705587662480912, 'hidden_continuous_size': 78, 'attention_head_size': 2, 'learning_rate': 0.09607409337043946}. Best is trial 12 with value: 0.08852671831846237.
LOCAL_RANK: 0 - CUDA_VISIBLE_DEVICES: [0]
[I 2023-11-30 09:25:55,841] Trial 61 finished with value: 0.20214736461639404 and parameters: {'gradient_clip_val': 0.32061926945045627, 'hidden_size': 114, 'dropout': 0.1485431385935322, 'hidden_continuous_size': 10, 'attention_head_size': 1, 'learning_rate': 0.013290881765045073}. Best is trial 12 with value: 0.08852671831846237.
LOCAL_RANK: 0 - CUDA_VISIBLE_DEVICES: [0]
[I 2023-11-30 09:26:10,021] Trial 62 finished with value: 0.10980224609375 and parameters: {'gradient_clip_val': 0.28602302914011196, 'hidden_size': 125, 'dropout': 0.16292285984333202, 'hidden_continuous_size': 110, 'attention_head_size': 1, 'learning_rate': 0.01541355620948599}. Best is trial 12 with value: 0.08852671831846237.
LOCAL_RANK: 0 - CUDA_VISIBLE_DEVICES: [0]
[I 2023-11-30 09:26:24,531] Trial 63 finished with value: 0.18435434997081757 and parameters: {'gradient_clip_val': 0.26692961672462034, 'hidden_size': 135, 'dropout': 0.1654606743951749, 'hidden_continuous_size': 105, 'attention_head_size': 1, 'learning_rate': 0.016654488959297626}. Best is trial 12 with value: 0.08852671831846237.
LOCAL_RANK: 0 - CUDA_VISIBLE_DEVICES: [0]
[I 2023-11-30 09:26:38,412] Trial 64 finished with value: 0.08573628216981888 and parameters: {'gradient_clip_val': 0.28835068392819607, 'hidden_size': 97, 'dropout': 0.18026374191024666, 'hidden_continuous_size': 72, 'attention_head_size': 1, 'learning_rate': 0.025570627468036688}. Best is trial 64 with value: 0.08573628216981888.
LOCAL_RANK: 0 - CUDA_VISIBLE_DEVICES: [0]
[I 2023-11-30 09:26:52,381] Trial 65 finished with value: 0.19116728007793427 and parameters: {'gradient_clip_val': 0.23792687658435743, 'hidden_size': 98, 'dropout': 0.2009425467761371, 'hidden_continuous_size': 72, 'attention_head_size': 1, 'learning_rate': 0.026235045912616783}. Best is trial 64 with value: 0.08573628216981888.
LOCAL_RANK: 0 - CUDA_VISIBLE_DEVICES: [0]
[I 2023-11-30 09:27:05,957] Trial 66 finished with value: 0.18832536041736603 and parameters: {'gradient_clip_val': 0.29541341914378927, 'hidden_size': 78, 'dropout': 0.17909892464902918, 'hidden_continuous_size': 64, 'attention_head_size': 1, 'learning_rate': 0.022498647134787796}. Best is trial 64 with value: 0.08573628216981888.
LOCAL_RANK: 0 - CUDA_VISIBLE_DEVICES: [0]
[I 2023-11-30 09:27:19,507] Trial 67 finished with value: 0.15444225072860718 and parameters: {'gradient_clip_val': 0.3344567112003178, 'hidden_size': 68, 'dropout': 0.1844799204041978, 'hidden_continuous_size': 61, 'attention_head_size': 2, 'learning_rate': 0.01506074300566214}. Best is trial 64 with value: 0.08573628216981888.
LOCAL_RANK: 0 - CUDA_VISIBLE_DEVICES: [0]
[I 2023-11-30 09:27:33,560] Trial 68 finished with value: 0.1319638043642044 and parameters: {'gradient_clip_val': 0.2786217663729565, 'hidden_size': 89, 'dropout': 0.2215853025309589, 'hidden_continuous_size': 73, 'attention_head_size': 1, 'learning_rate': 0.019193196959685296}. Best is trial 64 with value: 0.08573628216981888.
LOCAL_RANK: 0 - CUDA_VISIBLE_DEVICES: [0]
[I 2023-11-30 09:27:46,907] Trial 69 finished with value: 0.11294364184141159 and parameters: {'gradient_clip_val': 0.2554322720454322, 'hidden_size': 62, 'dropout': 0.20004678103966061, 'hidden_continuous_size': 52, 'attention_head_size': 1, 'learning_rate': 0.03383990406552894}. Best is trial 64 with value: 0.08573628216981888.
LOCAL_RANK: 0 - CUDA_VISIBLE_DEVICES: [0]
[I 2023-11-30 09:28:00,283] Trial 70 finished with value: 0.21716658771038055 and parameters: {'gradient_clip_val': 0.2548484665608255, 'hidden_size': 65, 'dropout': 0.20169249788877522, 'hidden_continuous_size': 57, 'attention_head_size': 1, 'learning_rate': 0.03228537125698689}. Best is trial 64 with value: 0.08573628216981888.
LOCAL_RANK: 0 - CUDA_VISIBLE_DEVICES: [0]
[I 2023-11-30 09:28:13,462] Trial 71 finished with value: 0.1337611824274063 and parameters: {'gradient_clip_val': 0.23411042813474955, 'hidden_size': 53, 'dropout': 0.19249914428460524, 'hidden_continuous_size': 48, 'attention_head_size': 1, 'learning_rate': 0.025610283612701457}. Best is trial 64 with value: 0.08573628216981888.
LOCAL_RANK: 0 - CUDA_VISIBLE_DEVICES: [0]
[I 2023-11-30 09:28:26,836] Trial 72 finished with value: 0.14144812524318695 and parameters: {'gradient_clip_val': 0.26243283592144595, 'hidden_size': 63, 'dropout': 0.21299387275000467, 'hidden_continuous_size': 55, 'attention_head_size': 1, 'learning_rate': 0.04264666111110297}. Best is trial 64 with value: 0.08573628216981888.
LOCAL_RANK: 0 - CUDA_VISIBLE_DEVICES: [0]
[I 2023-11-30 09:28:40,626] Trial 73 finished with value: 0.09367790818214417 and parameters: {'gradient_clip_val': 0.2918589718637763, 'hidden_size': 77, 'dropout': 0.18139226430184544, 'hidden_continuous_size': 64, 'attention_head_size': 1, 'learning_rate': 0.03812696729414739}. Best is trial 64 with value: 0.08573628216981888.
LOCAL_RANK: 0 - CUDA_VISIBLE_DEVICES: [0]
[I 2023-11-30 09:28:54,202] Trial 74 finished with value: 0.24162252247333527 and parameters: {'gradient_clip_val': 0.2878680526516396, 'hidden_size': 74, 'dropout': 0.18092486836793203, 'hidden_continuous_size': 64, 'attention_head_size': 1, 'learning_rate': 0.03690641045970428}. Best is trial 64 with value: 0.08573628216981888.
LOCAL_RANK: 0 - CUDA_VISIBLE_DEVICES: [0]
[I 2023-11-30 09:29:08,134] Trial 75 finished with value: 0.16448818147182465 and parameters: {'gradient_clip_val': 0.35037651436238837, 'hidden_size': 96, 'dropout': 0.19820872745284182, 'hidden_continuous_size': 80, 'attention_head_size': 4, 'learning_rate': 0.0289434638595084}. Best is trial 64 with value: 0.08573628216981888.
LOCAL_RANK: 0 - CUDA_VISIBLE_DEVICES: [0]
[I 2023-11-30 09:29:21,983] Trial 76 finished with value: 0.17456243932247162 and parameters: {'gradient_clip_val': 0.21761302656416848, 'hidden_size': 86, 'dropout': 0.17171994403412882, 'hidden_continuous_size': 71, 'attention_head_size': 1, 'learning_rate': 0.02333365152216917}. Best is trial 64 with value: 0.08573628216981888.
LOCAL_RANK: 0 - CUDA_VISIBLE_DEVICES: [0]
[I 2023-11-30 09:29:35,986] Trial 77 finished with value: 0.15860968828201294 and parameters: {'gradient_clip_val': 0.3016859468815952, 'hidden_size': 107, 'dropout': 0.18818386328324985, 'hidden_continuous_size': 68, 'attention_head_size': 1, 'learning_rate': 0.03558166971773626}. Best is trial 64 with value: 0.08573628216981888.
LOCAL_RANK: 0 - CUDA_VISIBLE_DEVICES: [0]
[I 2023-11-30 09:29:49,856] Trial 78 finished with value: 0.14199550449848175 and parameters: {'gradient_clip_val': 0.24245351517824545, 'hidden_size': 75, 'dropout': 0.23023250562522363, 'hidden_continuous_size': 59, 'attention_head_size': 2, 'learning_rate': 0.04137787076255454}. Best is trial 64 with value: 0.08573628216981888.
LOCAL_RANK: 0 - CUDA_VISIBLE_DEVICES: [0]
[I 2023-11-30 09:30:03,771] Trial 79 finished with value: 0.12667560577392578 and parameters: {'gradient_clip_val': 0.28422300429978964, 'hidden_size': 95, 'dropout': 0.20710127782456714, 'hidden_continuous_size': 75, 'attention_head_size': 1, 'learning_rate': 0.01839806717722998}. Best is trial 64 with value: 0.08573628216981888.
LOCAL_RANK: 0 - CUDA_VISIBLE_DEVICES: [0]
[I 2023-11-30 09:30:17,532] Trial 80 finished with value: 0.11632749438285828 and parameters: {'gradient_clip_val': 0.26158487120874185, 'hidden_size': 82, 'dropout': 0.21662269424404618, 'hidden_continuous_size': 52, 'attention_head_size': 2, 'learning_rate': 0.03305927629713996}. Best is trial 64 with value: 0.08573628216981888.
LOCAL_RANK: 0 - CUDA_VISIBLE_DEVICES: [0]
[I 2023-11-30 09:30:31,104] Trial 81 finished with value: 0.28002214431762695 and parameters: {'gradient_clip_val': 0.3320997993194302, 'hidden_size': 82, 'dropout': 0.21938098782280907, 'hidden_continuous_size': 52, 'attention_head_size': 2, 'learning_rate': 0.027521808484815148}. Best is trial 64 with value: 0.08573628216981888.
LOCAL_RANK: 0 - CUDA_VISIBLE_DEVICES: [0]
[I 2023-11-30 09:30:45,000] Trial 82 finished with value: 0.1262829452753067 and parameters: {'gradient_clip_val': 0.25383589863907446, 'hidden_size': 91, 'dropout': 0.24526177964891524, 'hidden_continuous_size': 66, 'attention_head_size': 2, 'learning_rate': 0.03292007986048669}. Best is trial 64 with value: 0.08573628216981888.
LOCAL_RANK: 0 - CUDA_VISIBLE_DEVICES: [0]
[I 2023-11-30 09:30:59,266] Trial 83 finished with value: 0.14609549939632416 and parameters: {'gradient_clip_val': 0.2716563046055836, 'hidden_size': 103, 'dropout': 0.20881971202148059, 'hidden_continuous_size': 80, 'attention_head_size': 2, 'learning_rate': 0.022157795888164702}. Best is trial 64 with value: 0.08573628216981888.
LOCAL_RANK: 0 - CUDA_VISIBLE_DEVICES: [0]
[I 2023-11-30 09:31:12,817] Trial 84 finished with value: 0.18041665852069855 and parameters: {'gradient_clip_val': 0.29649850431775465, 'hidden_size': 79, 'dropout': 0.19531693475369505, 'hidden_continuous_size': 62, 'attention_head_size': 2, 'learning_rate': 0.048340459858693986}. Best is trial 64 with value: 0.08573628216981888.
LOCAL_RANK: 0 - CUDA_VISIBLE_DEVICES: [0]
[I 2023-11-30 09:31:26,443] Trial 85 finished with value: 0.23704101145267487 and parameters: {'gradient_clip_val': 0.20683937095691027, 'hidden_size': 73, 'dropout': 0.18101784006409977, 'hidden_continuous_size': 51, 'attention_head_size': 3, 'learning_rate': 0.0318173912119838}. Best is trial 64 with value: 0.08573628216981888.
LOCAL_RANK: 0 - CUDA_VISIBLE_DEVICES: [0]
[I 2023-11-30 09:31:40,202] Trial 86 finished with value: 0.16410662233829498 and parameters: {'gradient_clip_val': 0.23364118082728205, 'hidden_size': 87, 'dropout': 0.20282255265466778, 'hidden_continuous_size': 68, 'attention_head_size': 1, 'learning_rate': 0.04032860008923975}. Best is trial 64 with value: 0.08573628216981888.
LOCAL_RANK: 0 - CUDA_VISIBLE_DEVICES: [0]
[I 2023-11-30 09:31:54,167] Trial 87 finished with value: 0.11784230917692184 and parameters: {'gradient_clip_val': 0.2587343984859216, 'hidden_size': 128, 'dropout': 0.21594425692871574, 'hidden_continuous_size': 86, 'attention_head_size': 2, 'learning_rate': 0.025572860723417412}. Best is trial 64 with value: 0.08573628216981888.
LOCAL_RANK: 0 - CUDA_VISIBLE_DEVICES: [0]
[I 2023-11-30 09:32:07,651] Trial 88 finished with value: 0.1193447932600975 and parameters: {'gradient_clip_val': 0.32358114452777476, 'hidden_size': 64, 'dropout': 0.18911542700390058, 'hidden_continuous_size': 57, 'attention_head_size': 1, 'learning_rate': 0.029424249020060647}. Best is trial 64 with value: 0.08573628216981888.
LOCAL_RANK: 0 - CUDA_VISIBLE_DEVICES: [0]
[I 2023-11-30 09:32:21,333] Trial 89 finished with value: 0.13544641435146332 and parameters: {'gradient_clip_val': 0.30189761164461354, 'hidden_size': 111, 'dropout': 0.16757078215376192, 'hidden_continuous_size': 45, 'attention_head_size': 1, 'learning_rate': 0.035760725730639084}. Best is trial 64 with value: 0.08573628216981888.
LOCAL_RANK: 0 - CUDA_VISIBLE_DEVICES: [0]
[I 2023-11-30 09:32:35,051] Trial 90 finished with value: 0.17613005638122559 and parameters: {'gradient_clip_val': 0.27640381512357837, 'hidden_size': 102, 'dropout': 0.1749749926814853, 'hidden_continuous_size': 53, 'attention_head_size': 1, 'learning_rate': 0.023754017301420474}. Best is trial 64 with value: 0.08573628216981888.
LOCAL_RANK: 0 - CUDA_VISIBLE_DEVICES: [0]
[I 2023-11-30 09:32:49,213] Trial 91 finished with value: 0.14184318482875824 and parameters: {'gradient_clip_val': 0.24648740447974815, 'hidden_size': 127, 'dropout': 0.21604455816969947, 'hidden_continuous_size': 82, 'attention_head_size': 2, 'learning_rate': 0.026449685746833686}. Best is trial 64 with value: 0.08573628216981888.
LOCAL_RANK: 0 - CUDA_VISIBLE_DEVICES: [0]
