[I 2023-11-29 23:54:39,683] Trial 139 finished with value: 0.1487431824207306 and parameters: {'gradient_clip_val': 0.4946936914738181, 'hidden_size': 44, 'dropout': 0.11248142864753681, 'hidden_continuous_size': 17, 'attention_head_size': 3, 'learning_rate': 0.09552970795494214}. Best is trial 95 with value: 0.072086401283741.
LOCAL_RANK: 0 - CUDA_VISIBLE_DEVICES: [0]
[I 2023-11-29 23:54:52,599] Trial 140 finished with value: 0.10804233700037003 and parameters: {'gradient_clip_val': 0.49798650112036297, 'hidden_size': 41, 'dropout': 0.10050777010641924, 'hidden_continuous_size': 23, 'attention_head_size': 3, 'learning_rate': 0.06951495736918312}. Best is trial 95 with value: 0.072086401283741.
LOCAL_RANK: 0 - CUDA_VISIBLE_DEVICES: [0]
[I 2023-11-29 23:55:05,245] Trial 141 finished with value: 0.09708433598279953 and parameters: {'gradient_clip_val': 0.5198339561525173, 'hidden_size': 40, 'dropout': 0.10069943160546957, 'hidden_continuous_size': 23, 'attention_head_size': 3, 'learning_rate': 0.06962883817648634}. Best is trial 95 with value: 0.072086401283741.
LOCAL_RANK: 0 - CUDA_VISIBLE_DEVICES: [0]
[I 2023-11-29 23:55:17,753] Trial 142 finished with value: 0.13284499943256378 and parameters: {'gradient_clip_val': 0.543416472232676, 'hidden_size': 38, 'dropout': 0.10118559784683372, 'hidden_continuous_size': 23, 'attention_head_size': 3, 'learning_rate': 0.08229848170091476}. Best is trial 95 with value: 0.072086401283741.
LOCAL_RANK: 0 - CUDA_VISIBLE_DEVICES: [0]
[I 2023-11-29 23:55:30,319] Trial 143 finished with value: 0.1360134333372116 and parameters: {'gradient_clip_val': 0.4900139196920867, 'hidden_size': 36, 'dropout': 0.10713417555624802, 'hidden_continuous_size': 23, 'attention_head_size': 3, 'learning_rate': 0.0701804098546672}. Best is trial 95 with value: 0.072086401283741.
LOCAL_RANK: 0 - CUDA_VISIBLE_DEVICES: [0]
[I 2023-11-29 23:55:43,359] Trial 144 finished with value: 0.11360397189855576 and parameters: {'gradient_clip_val': 0.4386044760491917, 'hidden_size': 41, 'dropout': 0.11645488775693669, 'hidden_continuous_size': 24, 'attention_head_size': 3, 'learning_rate': 0.07770226405454027}. Best is trial 95 with value: 0.072086401283741.
LOCAL_RANK: 0 - CUDA_VISIBLE_DEVICES: [0]
[I 2023-11-29 23:55:56,190] Trial 145 finished with value: 0.20085448026657104 and parameters: {'gradient_clip_val': 0.46833954199479616, 'hidden_size': 33, 'dropout': 0.10617804841360179, 'hidden_continuous_size': 19, 'attention_head_size': 3, 'learning_rate': 0.08971461491048832}. Best is trial 95 with value: 0.072086401283741.
LOCAL_RANK: 0 - CUDA_VISIBLE_DEVICES: [0]
[I 2023-11-29 23:56:09,197] Trial 146 finished with value: 0.15319855511188507 and parameters: {'gradient_clip_val': 0.5063703106720816, 'hidden_size': 53, 'dropout': 0.10056184693024671, 'hidden_continuous_size': 24, 'attention_head_size': 3, 'learning_rate': 0.07068934940544343}. Best is trial 95 with value: 0.072086401283741.
LOCAL_RANK: 0 - CUDA_VISIBLE_DEVICES: [0]
[I 2023-11-29 23:56:21,906] Trial 147 finished with value: 0.12709356844425201 and parameters: {'gradient_clip_val': 0.5622700537576684, 'hidden_size': 48, 'dropout': 0.11217246207824355, 'hidden_continuous_size': 21, 'attention_head_size': 3, 'learning_rate': 0.09885624694378081}. Best is trial 95 with value: 0.072086401283741.
LOCAL_RANK: 0 - CUDA_VISIBLE_DEVICES: [0]
[I 2023-11-29 23:56:34,379] Trial 148 finished with value: 0.10570204257965088 and parameters: {'gradient_clip_val': 0.461886079978813, 'hidden_size': 29, 'dropout': 0.11861485714289358, 'hidden_continuous_size': 18, 'attention_head_size': 3, 'learning_rate': 0.06577995624889124}. Best is trial 95 with value: 0.072086401283741.
LOCAL_RANK: 0 - CUDA_VISIBLE_DEVICES: [0]
[I 2023-11-29 23:56:46,760] Trial 149 finished with value: 0.10542136430740356 and parameters: {'gradient_clip_val': 0.4444197161899639, 'hidden_size': 29, 'dropout': 0.12789538016159216, 'hidden_continuous_size': 18, 'attention_head_size': 3, 'learning_rate': 0.08353908559702312}. Best is trial 95 with value: 0.072086401283741.
[I 2023-11-29 23:56:46,872] A new study created in memory with name: no-name-ef9b0093-301d-4923-bb33-29a835fb167b
/home/le004/conda/anaconda3/envs/tsff_env/lib/python3.9/site-packages/lightning/fabric/plugins/environments/slurm.py:191: The `srun` command is available on your system but is not used. HINT: If your intention is to run Lightning on SLURM, prepend your python command with `srun` like so: srun python /home/le004/master_thesis/git/TSFusionForecast/code/ ...
LOCAL_RANK: 0 - CUDA_VISIBLE_DEVICES: [0]
[I 2023-11-29 23:57:01,071] Trial 0 finished with value: 0.12005399912595749 and parameters: {'gradient_clip_val': 0.2730528462501974, 'hidden_size': 137, 'dropout': 0.24200973811010598, 'hidden_continuous_size': 14, 'attention_head_size': 4, 'learning_rate': 0.03556120224874463}. Best is trial 0 with value: 0.12005399912595749.
LOCAL_RANK: 0 - CUDA_VISIBLE_DEVICES: [0]
[I 2023-11-29 23:57:11,452] Trial 1 finished with value: 2.5936291217803955 and parameters: {'gradient_clip_val': 0.7358577224319668, 'hidden_size': 11, 'dropout': 0.3295984249383247, 'hidden_continuous_size': 11, 'attention_head_size': 3, 'learning_rate': 0.004812429889857026}. Best is trial 0 with value: 0.12005399912595749.
LOCAL_RANK: 0 - CUDA_VISIBLE_DEVICES: [0]
[I 2023-11-29 23:57:23,964] Trial 2 finished with value: 0.15159250795841217 and parameters: {'gradient_clip_val': 0.3099224051874309, 'hidden_size': 41, 'dropout': 0.30373253755955043, 'hidden_continuous_size': 29, 'attention_head_size': 1, 'learning_rate': 0.09051508010005477}. Best is trial 0 with value: 0.12005399912595749.
LOCAL_RANK: 0 - CUDA_VISIBLE_DEVICES: [0]
[I 2023-11-29 23:57:37,515] Trial 3 finished with value: 0.3922717571258545 and parameters: {'gradient_clip_val': 0.1834573596754755, 'hidden_size': 55, 'dropout': 0.26943581292914726, 'hidden_continuous_size': 51, 'attention_head_size': 2, 'learning_rate': 0.007402741795792073}. Best is trial 0 with value: 0.12005399912595749.
LOCAL_RANK: 0 - CUDA_VISIBLE_DEVICES: [0]
[I 2023-11-29 23:57:52,021] Trial 4 finished with value: 0.20946335792541504 and parameters: {'gradient_clip_val': 0.8699710806237921, 'hidden_size': 131, 'dropout': 0.37856160592138355, 'hidden_continuous_size': 116, 'attention_head_size': 4, 'learning_rate': 0.02411329211877565}. Best is trial 0 with value: 0.12005399912595749.
LOCAL_RANK: 0 - CUDA_VISIBLE_DEVICES: [0]
[I 2023-11-29 23:58:04,457] Trial 5 finished with value: 0.7619927525520325 and parameters: {'gradient_clip_val': 0.6505134149510643, 'hidden_size': 18, 'dropout': 0.3326006822595573, 'hidden_continuous_size': 13, 'attention_head_size': 4, 'learning_rate': 0.0094474833701041}. Best is trial 0 with value: 0.12005399912595749.
LOCAL_RANK: 0 - CUDA_VISIBLE_DEVICES: [0]
[I 2023-11-29 23:58:17,965] Trial 6 finished with value: 0.18009166419506073 and parameters: {'gradient_clip_val': 0.43980237008368855, 'hidden_size': 64, 'dropout': 0.29063574213768123, 'hidden_continuous_size': 59, 'attention_head_size': 4, 'learning_rate': 0.0078646263234821}. Best is trial 0 with value: 0.12005399912595749.
LOCAL_RANK: 0 - CUDA_VISIBLE_DEVICES: [0]
[I 2023-11-29 23:58:29,815] Trial 7 finished with value: 1.3330544233322144 and parameters: {'gradient_clip_val': 0.6074088529774767, 'hidden_size': 11, 'dropout': 0.23377375502822997, 'hidden_continuous_size': 10, 'attention_head_size': 3, 'learning_rate': 0.010393677475314951}. Best is trial 0 with value: 0.12005399912595749.
LOCAL_RANK: 0 - CUDA_VISIBLE_DEVICES: [0]
[I 2023-11-29 23:58:41,645] Trial 8 finished with value: 0.8247281908988953 and parameters: {'gradient_clip_val': 0.3131080368498701, 'hidden_size': 12, 'dropout': 0.22986599391607884, 'hidden_continuous_size': 10, 'attention_head_size': 3, 'learning_rate': 0.013559907481807652}. Best is trial 0 with value: 0.12005399912595749.
LOCAL_RANK: 0 - CUDA_VISIBLE_DEVICES: [0]
[I 2023-11-29 23:58:54,951] Trial 9 finished with value: 0.5797956585884094 and parameters: {'gradient_clip_val': 0.1335113110606868, 'hidden_size': 66, 'dropout': 0.3875695935784661, 'hidden_continuous_size': 21, 'attention_head_size': 3, 'learning_rate': 0.004648322804876174}. Best is trial 0 with value: 0.12005399912595749.
LOCAL_RANK: 0 - CUDA_VISIBLE_DEVICES: [0]
[I 2023-11-29 23:59:09,014] Trial 10 finished with value: 0.4642794132232666 and parameters: {'gradient_clip_val': 0.21448268332030582, 'hidden_size': 141, 'dropout': 0.15062882570263647, 'hidden_continuous_size': 19, 'attention_head_size': 1, 'learning_rate': 0.0014913282084288869}. Best is trial 0 with value: 0.12005399912595749.
LOCAL_RANK: 0 - CUDA_VISIBLE_DEVICES: [0]
[I 2023-11-29 23:59:21,101] Trial 11 finished with value: 0.2574271857738495 and parameters: {'gradient_clip_val': 0.26826749186431265, 'hidden_size': 32, 'dropout': 0.1957771916847333, 'hidden_continuous_size': 15, 'attention_head_size': 1, 'learning_rate': 0.054216766131983035}. Best is trial 0 with value: 0.12005399912595749.
LOCAL_RANK: 0 - CUDA_VISIBLE_DEVICES: [0]
[I 2023-11-29 23:59:34,609] Trial 12 finished with value: 0.19376499950885773 and parameters: {'gradient_clip_val': 0.3977714188817906, 'hidden_size': 94, 'dropout': 0.10331014588157228, 'hidden_continuous_size': 26, 'attention_head_size': 2, 'learning_rate': 0.09698864138906169}. Best is trial 0 with value: 0.12005399912595749.
LOCAL_RANK: 0 - CUDA_VISIBLE_DEVICES: [0]
[I 2023-11-29 23:59:46,844] Trial 13 finished with value: 0.21455709636211395 and parameters: {'gradient_clip_val': 0.24756471500826935, 'hidden_size': 29, 'dropout': 0.30460331844623667, 'hidden_continuous_size': 13, 'attention_head_size': 2, 'learning_rate': 0.04312005232872144}. Best is trial 0 with value: 0.12005399912595749.
LOCAL_RANK: 0 - CUDA_VISIBLE_DEVICES: [0]
[I 2023-11-29 23:59:59,344] Trial 14 finished with value: 0.1074800193309784 and parameters: {'gradient_clip_val': 0.3899223769354335, 'hidden_size': 45, 'dropout': 0.2565711438540735, 'hidden_continuous_size': 17, 'attention_head_size': 1, 'learning_rate': 0.0893659257510165}. Best is trial 14 with value: 0.1074800193309784.
LOCAL_RANK: 0 - CUDA_VISIBLE_DEVICES: [0]
[I 2023-11-30 00:00:12,856] Trial 15 finished with value: 0.31330832839012146 and parameters: {'gradient_clip_val': 0.4407951437276933, 'hidden_size': 107, 'dropout': 0.24809404441620492, 'hidden_continuous_size': 17, 'attention_head_size': 2, 'learning_rate': 0.03577079383603604}. Best is trial 14 with value: 0.1074800193309784.
LOCAL_RANK: 0 - CUDA_VISIBLE_DEVICES: [0]
[I 2023-11-30 00:00:26,213] Trial 16 finished with value: 0.18512427806854248 and parameters: {'gradient_clip_val': 0.15266784028126726, 'hidden_size': 86, 'dropout': 0.20141477718026243, 'hidden_continuous_size': 15, 'attention_head_size': 1, 'learning_rate': 0.024028199742984615}. Best is trial 14 with value: 0.1074800193309784.
LOCAL_RANK: 0 - CUDA_VISIBLE_DEVICES: [0]
[I 2023-11-30 00:00:40,500] Trial 17 finished with value: 0.11178690195083618 and parameters: {'gradient_clip_val': 0.19508404527627063, 'hidden_size': 150, 'dropout': 0.2740044015766448, 'hidden_continuous_size': 23, 'attention_head_size': 4, 'learning_rate': 0.06284376040116291}. Best is trial 14 with value: 0.1074800193309784.
LOCAL_RANK: 0 - CUDA_VISIBLE_DEVICES: [0]
[I 2023-11-30 00:00:53,331] Trial 18 finished with value: 0.31299659609794617 and parameters: {'gradient_clip_val': 0.1735779155032335, 'hidden_size': 46, 'dropout': 0.2755112510020277, 'hidden_continuous_size': 18, 'attention_head_size': 3, 'learning_rate': 0.06583383712033061}. Best is trial 14 with value: 0.1074800193309784.
LOCAL_RANK: 0 - CUDA_VISIBLE_DEVICES: [0]
[I 2023-11-30 00:01:06,692] Trial 19 finished with value: 0.19176530838012695 and parameters: {'gradient_clip_val': 0.1076797270084058, 'hidden_size': 83, 'dropout': 0.20353237175685873, 'hidden_continuous_size': 22, 'attention_head_size': 2, 'learning_rate': 0.09775484560040118}. Best is trial 14 with value: 0.1074800193309784.
LOCAL_RANK: 0 - CUDA_VISIBLE_DEVICES: [0]
[I 2023-11-30 00:01:19,068] Trial 20 finished with value: 0.23847098648548126 and parameters: {'gradient_clip_val': 0.2167864553979757, 'hidden_size': 26, 'dropout': 0.266653724402068, 'hidden_continuous_size': 12, 'attention_head_size': 4, 'learning_rate': 0.054463637382284415}. Best is trial 14 with value: 0.1074800193309784.
LOCAL_RANK: 0 - CUDA_VISIBLE_DEVICES: [0]
[I 2023-11-30 00:01:33,426] Trial 21 finished with value: 0.18923835456371307 and parameters: {'gradient_clip_val': 0.34575922336718895, 'hidden_size': 148, 'dropout': 0.24634347543451648, 'hidden_continuous_size': 30, 'attention_head_size': 4, 'learning_rate': 0.03477227400766642}. Best is trial 14 with value: 0.1074800193309784.
LOCAL_RANK: 0 - CUDA_VISIBLE_DEVICES: [0]
[I 2023-11-30 00:01:47,295] Trial 22 finished with value: 0.3027377128601074 and parameters: {'gradient_clip_val': 0.24907367583301718, 'hidden_size': 114, 'dropout': 0.22851348013534908, 'hidden_continuous_size': 23, 'attention_head_size': 4, 'learning_rate': 0.06505829914444708}. Best is trial 14 with value: 0.1074800193309784.
LOCAL_RANK: 0 - CUDA_VISIBLE_DEVICES: [0]
[I 2023-11-30 00:02:01,010] Trial 23 finished with value: 0.17454664409160614 and parameters: {'gradient_clip_val': 0.4879206885607228, 'hidden_size': 114, 'dropout': 0.26807985145901064, 'hidden_continuous_size': 17, 'attention_head_size': 4, 'learning_rate': 0.028737881248398437}. Best is trial 14 with value: 0.1074800193309784.
LOCAL_RANK: 0 - CUDA_VISIBLE_DEVICES: [0]
[I 2023-11-30 00:02:14,187] Trial 24 finished with value: 0.22263479232788086 and parameters: {'gradient_clip_val': 0.36107300958446253, 'hidden_size': 76, 'dropout': 0.21828876641816827, 'hidden_continuous_size': 14, 'attention_head_size': 3, 'learning_rate': 0.04679070771834555}. Best is trial 14 with value: 0.1074800193309784.
LOCAL_RANK: 0 - CUDA_VISIBLE_DEVICES: [0]
[I 2023-11-30 00:02:27,281] Trial 25 finished with value: 0.15813355147838593 and parameters: {'gradient_clip_val': 0.3291242956059831, 'hidden_size': 49, 'dropout': 0.18272226943129333, 'hidden_continuous_size': 16, 'attention_head_size': 4, 'learning_rate': 0.06587872968180464}. Best is trial 14 with value: 0.1074800193309784.
LOCAL_RANK: 0 - CUDA_VISIBLE_DEVICES: [0]
[I 2023-11-30 00:02:40,736] Trial 26 finished with value: 0.21320438385009766 and parameters: {'gradient_clip_val': 0.2849241757565469, 'hidden_size': 100, 'dropout': 0.25198764887367225, 'hidden_continuous_size': 20, 'attention_head_size': 3, 'learning_rate': 0.018515840551571388}. Best is trial 14 with value: 0.1074800193309784.
LOCAL_RANK: 0 - CUDA_VISIBLE_DEVICES: [0]
[I 2023-11-30 00:02:54,766] Trial 27 finished with value: 0.27376869320869446 and parameters: {'gradient_clip_val': 0.2123491442366216, 'hidden_size': 146, 'dropout': 0.28827017537236815, 'hidden_continuous_size': 32, 'attention_head_size': 1, 'learning_rate': 0.03518952418070987}. Best is trial 14 with value: 0.1074800193309784.
LOCAL_RANK: 0 - CUDA_VISIBLE_DEVICES: [0]
[I 2023-11-30 00:03:08,008] Trial 28 finished with value: 0.12732042372226715 and parameters: {'gradient_clip_val': 0.5317614511641942, 'hidden_size': 70, 'dropout': 0.2569487053928689, 'hidden_continuous_size': 12, 'attention_head_size': 4, 'learning_rate': 0.07596558033713652}. Best is trial 14 with value: 0.1074800193309784.
LOCAL_RANK: 0 - CUDA_VISIBLE_DEVICES: [0]
[I 2023-11-30 00:03:21,785] Trial 29 finished with value: 0.28547203540802 and parameters: {'gradient_clip_val': 0.37267168011878665, 'hidden_size': 122, 'dropout': 0.3261353658844547, 'hidden_continuous_size': 25, 'attention_head_size': 2, 'learning_rate': 0.04730935614192767}. Best is trial 14 with value: 0.1074800193309784.
LOCAL_RANK: 0 - CUDA_VISIBLE_DEVICES: [0]
[I 2023-11-30 00:03:35,237] Trial 30 finished with value: 0.3038043677806854 and parameters: {'gradient_clip_val': 0.28309626809225075, 'hidden_size': 89, 'dropout': 0.24301392486564805, 'hidden_continuous_size': 11, 'attention_head_size': 3, 'learning_rate': 0.06977188220103767}. Best is trial 14 with value: 0.1074800193309784.
LOCAL_RANK: 0 - CUDA_VISIBLE_DEVICES: [0]
[I 2023-11-30 00:03:48,759] Trial 31 finished with value: 0.16128842532634735 and parameters: {'gradient_clip_val': 0.4867735564006255, 'hidden_size': 74, 'dropout': 0.25826824379572966, 'hidden_continuous_size': 12, 'attention_head_size': 4, 'learning_rate': 0.07491347657816061}. Best is trial 14 with value: 0.1074800193309784.
LOCAL_RANK: 0 - CUDA_VISIBLE_DEVICES: [0]
[I 2023-11-30 00:04:01,656] Trial 32 finished with value: 0.1291375309228897 and parameters: {'gradient_clip_val': 0.5528986029342022, 'hidden_size': 60, 'dropout': 0.2873575628021239, 'hidden_continuous_size': 14, 'attention_head_size': 4, 'learning_rate': 0.08391754597993081}. Best is trial 14 with value: 0.1074800193309784.
LOCAL_RANK: 0 - CUDA_VISIBLE_DEVICES: [0]
[I 2023-11-30 00:04:15,241] Trial 33 finished with value: 0.2795238792896271 and parameters: {'gradient_clip_val': 0.9998825890905476, 'hidden_size': 105, 'dropout': 0.25042762433730575, 'hidden_continuous_size': 12, 'attention_head_size': 4, 'learning_rate': 0.0932847132105949}. Best is trial 14 with value: 0.1074800193309784.
LOCAL_RANK: 0 - CUDA_VISIBLE_DEVICES: [0]
[I 2023-11-30 00:04:28,189] Trial 34 finished with value: 0.13323849439620972 and parameters: {'gradient_clip_val': 0.6802947912670936, 'hidden_size': 54, 'dropout': 0.27312837579134136, 'hidden_continuous_size': 16, 'attention_head_size': 4, 'learning_rate': 0.0574229376033016}. Best is trial 14 with value: 0.1074800193309784.
LOCAL_RANK: 0 - CUDA_VISIBLE_DEVICES: [0]
[I 2023-11-30 00:04:41,980] Trial 35 finished with value: 0.1047300323843956 and parameters: {'gradient_clip_val': 0.7678930020751119, 'hidden_size': 127, 'dropout': 0.21714367084032007, 'hidden_continuous_size': 19, 'attention_head_size': 3, 'learning_rate': 0.07963837600105902}. Best is trial 35 with value: 0.1047300323843956.
LOCAL_RANK: 0 - CUDA_VISIBLE_DEVICES: [0]
[I 2023-11-30 00:04:55,926] Trial 36 finished with value: 0.15272487699985504 and parameters: {'gradient_clip_val': 0.8431776414794648, 'hidden_size': 126, 'dropout': 0.21843893929969377, 'hidden_continuous_size': 19, 'attention_head_size': 3, 'learning_rate': 0.09919470429873398}. Best is trial 35 with value: 0.1047300323843956.
LOCAL_RANK: 0 - CUDA_VISIBLE_DEVICES: [0]
[I 2023-11-30 00:05:09,910] Trial 37 finished with value: 0.1581377238035202 and parameters: {'gradient_clip_val': 0.6196802244417682, 'hidden_size': 125, 'dropout': 0.29652490223513056, 'hidden_continuous_size': 37, 'attention_head_size': 3, 'learning_rate': 0.043782998432291054}. Best is trial 35 with value: 0.1047300323843956.
LOCAL_RANK: 0 - CUDA_VISIBLE_DEVICES: [0]
[I 2023-11-30 00:05:23,710] Trial 38 finished with value: 0.21677590906620026 and parameters: {'gradient_clip_val': 0.7417312906482082, 'hidden_size': 132, 'dropout': 0.3135893520195396, 'hidden_continuous_size': 25, 'attention_head_size': 2, 'learning_rate': 0.05721413927809886}. Best is trial 35 with value: 0.1047300323843956.
LOCAL_RANK: 0 - CUDA_VISIBLE_DEVICES: [0]
[I 2023-11-30 00:05:37,284] Trial 39 finished with value: 0.2603612244129181 and parameters: {'gradient_clip_val': 0.4172935934146708, 'hidden_size': 99, 'dropout': 0.3391113960874118, 'hidden_continuous_size': 20, 'attention_head_size': 3, 'learning_rate': 0.07810830795192979}. Best is trial 35 with value: 0.1047300323843956.
LOCAL_RANK: 0 - CUDA_VISIBLE_DEVICES: [0]
[I 2023-11-30 00:05:51,402] Trial 40 finished with value: 0.33460259437561035 and parameters: {'gradient_clip_val': 0.2927219641324352, 'hidden_size': 149, 'dropout': 0.23295166705283502, 'hidden_continuous_size': 22, 'attention_head_size': 1, 'learning_rate': 0.04057460310323989}. Best is trial 35 with value: 0.1047300323843956.
LOCAL_RANK: 0 - CUDA_VISIBLE_DEVICES: [0]
[I 2023-11-30 00:06:04,760] Trial 41 finished with value: 0.20229291915893555 and parameters: {'gradient_clip_val': 0.5598622255549948, 'hidden_size': 72, 'dropout': 0.2645421494008365, 'hidden_continuous_size': 18, 'attention_head_size': 4, 'learning_rate': 0.07418539521641399}. Best is trial 35 with value: 0.1047300323843956.
LOCAL_RANK: 0 - CUDA_VISIBLE_DEVICES: [0]
[I 2023-11-30 00:06:18,237] Trial 42 finished with value: 0.17081396281719208 and parameters: {'gradient_clip_val': 0.32736984747177783, 'hidden_size': 126, 'dropout': 0.2805472638155894, 'hidden_continuous_size': 10, 'attention_head_size': 4, 'learning_rate': 0.05169788816982795}. Best is trial 35 with value: 0.1047300323843956.
LOCAL_RANK: 0 - CUDA_VISIBLE_DEVICES: [0]
[I 2023-11-30 00:06:31,341] Trial 43 finished with value: 0.26270949840545654 and parameters: {'gradient_clip_val': 0.7384930082549784, 'hidden_size': 62, 'dropout': 0.26306336631664495, 'hidden_continuous_size': 14, 'attention_head_size': 4, 'learning_rate': 0.08045689487852226}. Best is trial 35 with value: 0.1047300323843956.
LOCAL_RANK: 0 - CUDA_VISIBLE_DEVICES: [0]
[I 2023-11-30 00:06:45,081] Trial 44 finished with value: 0.21710895001888275 and parameters: {'gradient_clip_val': 0.3899191481994762, 'hidden_size': 110, 'dropout': 0.24102877826447514, 'hidden_continuous_size': 15, 'attention_head_size': 4, 'learning_rate': 0.06111659860247256}. Best is trial 35 with value: 0.1047300323843956.
LOCAL_RANK: 0 - CUDA_VISIBLE_DEVICES: [0]
[I 2023-11-30 00:06:57,567] Trial 45 finished with value: 0.29248282313346863 and parameters: {'gradient_clip_val': 0.5197178674008769, 'hidden_size': 40, 'dropout': 0.21992494648859093, 'hidden_continuous_size': 11, 'attention_head_size': 4, 'learning_rate': 0.09987988921825636}. Best is trial 35 with value: 0.1047300323843956.
LOCAL_RANK: 0 - CUDA_VISIBLE_DEVICES: [0]
