[I 2023-11-29 23:18:13,397] Trial 116 finished with value: 0.16192124783992767 and parameters: {'gradient_clip_val': 0.17307736433802295, 'hidden_size': 106, 'dropout': 0.16507784665031727, 'hidden_continuous_size': 35, 'attention_head_size': 1, 'learning_rate': 0.07258786399232979}. Best is trial 106 with value: 0.10939409583806992.
LOCAL_RANK: 0 - CUDA_VISIBLE_DEVICES: [0]
[I 2023-11-29 23:18:26,548] Trial 117 finished with value: 0.5629531741142273 and parameters: {'gradient_clip_val': 0.11595571463833186, 'hidden_size': 76, 'dropout': 0.13495990086575174, 'hidden_continuous_size': 29, 'attention_head_size': 1, 'learning_rate': 0.029209314663815662}. Best is trial 106 with value: 0.10939409583806992.
LOCAL_RANK: 0 - CUDA_VISIBLE_DEVICES: [0]
[I 2023-11-29 23:18:39,741] Trial 118 finished with value: 0.18841552734375 and parameters: {'gradient_clip_val': 0.12729592668200188, 'hidden_size': 68, 'dropout': 0.1526108184585685, 'hidden_continuous_size': 25, 'attention_head_size': 1, 'learning_rate': 0.03827118445143085}. Best is trial 106 with value: 0.10939409583806992.
LOCAL_RANK: 0 - CUDA_VISIBLE_DEVICES: [0]
[I 2023-11-29 23:18:52,805] Trial 119 finished with value: 0.11273705959320068 and parameters: {'gradient_clip_val': 0.14906810410799773, 'hidden_size': 50, 'dropout': 0.12012773539681379, 'hidden_continuous_size': 30, 'attention_head_size': 2, 'learning_rate': 0.09956288183428887}. Best is trial 106 with value: 0.10939409583806992.
LOCAL_RANK: 0 - CUDA_VISIBLE_DEVICES: [0]
[I 2023-11-29 23:19:05,950] Trial 120 finished with value: 0.22097162902355194 and parameters: {'gradient_clip_val': 0.15093921567123658, 'hidden_size': 51, 'dropout': 0.181585779400327, 'hidden_continuous_size': 24, 'attention_head_size': 2, 'learning_rate': 0.09586957621403665}. Best is trial 106 with value: 0.10939409583806992.
LOCAL_RANK: 0 - CUDA_VISIBLE_DEVICES: [0]
[I 2023-11-29 23:19:19,182] Trial 121 finished with value: 0.39874085783958435 and parameters: {'gradient_clip_val': 0.15999885510444112, 'hidden_size': 61, 'dropout': 0.12819531395296394, 'hidden_continuous_size': 30, 'attention_head_size': 2, 'learning_rate': 0.09921188563784106}. Best is trial 106 with value: 0.10939409583806992.
LOCAL_RANK: 0 - CUDA_VISIBLE_DEVICES: [0]
[I 2023-11-29 23:19:32,653] Trial 122 finished with value: 0.15663674473762512 and parameters: {'gradient_clip_val': 0.13278023981541004, 'hidden_size': 57, 'dropout': 0.11960621112743357, 'hidden_continuous_size': 32, 'attention_head_size': 2, 'learning_rate': 0.07870776507176881}. Best is trial 106 with value: 0.10939409583806992.
LOCAL_RANK: 0 - CUDA_VISIBLE_DEVICES: [0]
[I 2023-11-29 23:19:45,435] Trial 123 finished with value: 0.13836456835269928 and parameters: {'gradient_clip_val': 0.12180864117153116, 'hidden_size': 48, 'dropout': 0.10916847536040486, 'hidden_continuous_size': 31, 'attention_head_size': 2, 'learning_rate': 0.08603850765586343}. Best is trial 106 with value: 0.10939409583806992.
LOCAL_RANK: 0 - CUDA_VISIBLE_DEVICES: [0]
[I 2023-11-29 23:19:59,127] Trial 124 finished with value: 0.3233095109462738 and parameters: {'gradient_clip_val': 0.1423758147447747, 'hidden_size': 98, 'dropout': 0.12015525208062043, 'hidden_continuous_size': 34, 'attention_head_size': 2, 'learning_rate': 0.06417311012309868}. Best is trial 106 with value: 0.10939409583806992.
LOCAL_RANK: 0 - CUDA_VISIBLE_DEVICES: [0]
[I 2023-11-29 23:20:12,338] Trial 125 finished with value: 0.14000491797924042 and parameters: {'gradient_clip_val': 0.1097899103232715, 'hidden_size': 64, 'dropout': 0.13628522492859393, 'hidden_continuous_size': 28, 'attention_head_size': 1, 'learning_rate': 0.05390490169619657}. Best is trial 106 with value: 0.10939409583806992.
LOCAL_RANK: 0 - CUDA_VISIBLE_DEVICES: [0]
[I 2023-11-29 23:20:25,090] Trial 126 finished with value: 0.3191426694393158 and parameters: {'gradient_clip_val': 0.14877590982866395, 'hidden_size': 46, 'dropout': 0.14059770343288272, 'hidden_continuous_size': 27, 'attention_head_size': 1, 'learning_rate': 0.07198790397904685}. Best is trial 106 with value: 0.10939409583806992.
LOCAL_RANK: 0 - CUDA_VISIBLE_DEVICES: [0]
[I 2023-11-29 23:20:38,830] Trial 127 finished with value: 0.15836600959300995 and parameters: {'gradient_clip_val': 0.17556957348579838, 'hidden_size': 90, 'dropout': 0.11260680791078452, 'hidden_continuous_size': 41, 'attention_head_size': 2, 'learning_rate': 0.04887346268332896}. Best is trial 106 with value: 0.10939409583806992.
LOCAL_RANK: 0 - CUDA_VISIBLE_DEVICES: [0]
[I 2023-11-29 23:20:51,833] Trial 128 finished with value: 0.1625525802373886 and parameters: {'gradient_clip_val': 0.16545917777150276, 'hidden_size': 55, 'dropout': 0.1065779972735379, 'hidden_continuous_size': 30, 'attention_head_size': 1, 'learning_rate': 0.07986752066709224}. Best is trial 106 with value: 0.10939409583806992.
LOCAL_RANK: 0 - CUDA_VISIBLE_DEVICES: [0]
[I 2023-11-29 23:21:05,064] Trial 129 finished with value: 0.18719635903835297 and parameters: {'gradient_clip_val': 0.13684991159650106, 'hidden_size': 78, 'dropout': 0.14844680261989615, 'hidden_continuous_size': 29, 'attention_head_size': 1, 'learning_rate': 0.05683358683886678}. Best is trial 106 with value: 0.10939409583806992.
LOCAL_RANK: 0 - CUDA_VISIBLE_DEVICES: [0]
[I 2023-11-29 23:21:18,442] Trial 130 finished with value: 0.17358975112438202 and parameters: {'gradient_clip_val': 0.10567848161077581, 'hidden_size': 70, 'dropout': 0.1721144683826235, 'hidden_continuous_size': 27, 'attention_head_size': 1, 'learning_rate': 0.03421486010313669}. Best is trial 106 with value: 0.10939409583806992.
LOCAL_RANK: 0 - CUDA_VISIBLE_DEVICES: [0]
[I 2023-11-29 23:21:31,498] Trial 131 finished with value: 0.20654673874378204 and parameters: {'gradient_clip_val': 0.142505250770916, 'hidden_size': 59, 'dropout': 0.15844001336484137, 'hidden_continuous_size': 21, 'attention_head_size': 1, 'learning_rate': 0.0469847968843433}. Best is trial 106 with value: 0.10939409583806992.
LOCAL_RANK: 0 - CUDA_VISIBLE_DEVICES: [0]
[I 2023-11-29 23:21:44,316] Trial 132 finished with value: 0.13727088272571564 and parameters: {'gradient_clip_val': 0.13084134168658307, 'hidden_size': 53, 'dropout': 0.15938794950871638, 'hidden_continuous_size': 21, 'attention_head_size': 1, 'learning_rate': 0.04080638285912669}. Best is trial 106 with value: 0.10939409583806992.
LOCAL_RANK: 0 - CUDA_VISIBLE_DEVICES: [0]
[I 2023-11-29 23:21:57,099] Trial 133 finished with value: 0.46943211555480957 and parameters: {'gradient_clip_val': 0.11926175759499384, 'hidden_size': 50, 'dropout': 0.13030185563707283, 'hidden_continuous_size': 22, 'attention_head_size': 1, 'learning_rate': 0.04368532861797016}. Best is trial 106 with value: 0.10939409583806992.
LOCAL_RANK: 0 - CUDA_VISIBLE_DEVICES: [0]
[I 2023-11-29 23:22:10,068] Trial 134 finished with value: 0.18005520105361938 and parameters: {'gradient_clip_val': 0.1263297991764387, 'hidden_size': 53, 'dropout': 0.19246350684361238, 'hidden_continuous_size': 23, 'attention_head_size': 1, 'learning_rate': 0.06128900532541804}. Best is trial 106 with value: 0.10939409583806992.
LOCAL_RANK: 0 - CUDA_VISIBLE_DEVICES: [0]
[I 2023-11-29 23:22:23,140] Trial 135 finished with value: 0.23188258707523346 and parameters: {'gradient_clip_val': 0.14108304202514688, 'hidden_size': 43, 'dropout': 0.1662766260078395, 'hidden_continuous_size': 33, 'attention_head_size': 1, 'learning_rate': 0.0668992450106806}. Best is trial 106 with value: 0.10939409583806992.
LOCAL_RANK: 0 - CUDA_VISIBLE_DEVICES: [0]
[I 2023-11-29 23:22:36,196] Trial 136 finished with value: 0.11656215041875839 and parameters: {'gradient_clip_val': 0.1555635846535671, 'hidden_size': 62, 'dropout': 0.15387655948279363, 'hidden_continuous_size': 20, 'attention_head_size': 1, 'learning_rate': 0.05239714394164765}. Best is trial 106 with value: 0.10939409583806992.
LOCAL_RANK: 0 - CUDA_VISIBLE_DEVICES: [0]
[I 2023-11-29 23:22:49,232] Trial 137 finished with value: 0.2218851000070572 and parameters: {'gradient_clip_val': 0.15671056544408418, 'hidden_size': 65, 'dropout': 0.12434160966045509, 'hidden_continuous_size': 18, 'attention_head_size': 1, 'learning_rate': 0.05222527565762265}. Best is trial 106 with value: 0.10939409583806992.
LOCAL_RANK: 0 - CUDA_VISIBLE_DEVICES: [0]
[I 2023-11-29 23:23:02,606] Trial 138 finished with value: 0.21987421810626984 and parameters: {'gradient_clip_val': 0.15116791598034168, 'hidden_size': 73, 'dropout': 0.14400894258455235, 'hidden_continuous_size': 20, 'attention_head_size': 2, 'learning_rate': 0.08667840850032663}. Best is trial 106 with value: 0.10939409583806992.
LOCAL_RANK: 0 - CUDA_VISIBLE_DEVICES: [0]
[I 2023-11-29 23:23:15,909] Trial 139 finished with value: 0.12067791074514389 and parameters: {'gradient_clip_val': 0.10006700602897034, 'hidden_size': 84, 'dropout': 0.19978550227703964, 'hidden_continuous_size': 25, 'attention_head_size': 1, 'learning_rate': 0.07197338662753956}. Best is trial 106 with value: 0.10939409583806992.
LOCAL_RANK: 0 - CUDA_VISIBLE_DEVICES: [0]
[I 2023-11-29 23:23:29,574] Trial 140 finished with value: 0.19528062641620636 and parameters: {'gradient_clip_val': 0.11579856319533235, 'hidden_size': 85, 'dropout': 0.1846220848980923, 'hidden_continuous_size': 25, 'attention_head_size': 1, 'learning_rate': 0.07434543691377472}. Best is trial 106 with value: 0.10939409583806992.
LOCAL_RANK: 0 - CUDA_VISIBLE_DEVICES: [0]
[I 2023-11-29 23:23:42,912] Trial 141 finished with value: 0.22568310797214508 and parameters: {'gradient_clip_val': 0.10365164398692676, 'hidden_size': 81, 'dropout': 0.20342256797422947, 'hidden_continuous_size': 24, 'attention_head_size': 1, 'learning_rate': 0.09993504216325275}. Best is trial 106 with value: 0.10939409583806992.
LOCAL_RANK: 0 - CUDA_VISIBLE_DEVICES: [0]
[I 2023-11-29 23:23:56,030] Trial 142 finished with value: 0.24337391555309296 and parameters: {'gradient_clip_val': 0.11193175388001508, 'hidden_size': 61, 'dropout': 0.18934366036612407, 'hidden_continuous_size': 26, 'attention_head_size': 1, 'learning_rate': 0.057813137479148125}. Best is trial 106 with value: 0.10939409583806992.
LOCAL_RANK: 0 - CUDA_VISIBLE_DEVICES: [0]
[I 2023-11-29 23:24:09,456] Trial 143 finished with value: 0.21174407005310059 and parameters: {'gradient_clip_val': 0.10277619151852482, 'hidden_size': 69, 'dropout': 0.1793602819608679, 'hidden_continuous_size': 28, 'attention_head_size': 3, 'learning_rate': 0.06615625043435931}. Best is trial 106 with value: 0.10939409583806992.
LOCAL_RANK: 0 - CUDA_VISIBLE_DEVICES: [0]
[I 2023-11-29 23:24:22,607] Trial 144 finished with value: 0.12543292343616486 and parameters: {'gradient_clip_val': 0.19558407842167977, 'hidden_size': 76, 'dropout': 0.17188428511128429, 'hidden_continuous_size': 23, 'attention_head_size': 1, 'learning_rate': 0.09113079223194795}. Best is trial 106 with value: 0.10939409583806992.
LOCAL_RANK: 0 - CUDA_VISIBLE_DEVICES: [0]
[I 2023-11-29 23:24:36,042] Trial 145 finished with value: 0.25789114832878113 and parameters: {'gradient_clip_val': 0.2014594771769892, 'hidden_size': 75, 'dropout': 0.17116382408203756, 'hidden_continuous_size': 23, 'attention_head_size': 1, 'learning_rate': 0.05102435680860652}. Best is trial 106 with value: 0.10939409583806992.
LOCAL_RANK: 0 - CUDA_VISIBLE_DEVICES: [0]
[I 2023-11-29 23:24:49,291] Trial 146 finished with value: 0.16476070880889893 and parameters: {'gradient_clip_val': 0.18541133440752078, 'hidden_size': 87, 'dropout': 0.19915625979134513, 'hidden_continuous_size': 22, 'attention_head_size': 1, 'learning_rate': 0.0906038601182163}. Best is trial 106 with value: 0.10939409583806992.
LOCAL_RANK: 0 - CUDA_VISIBLE_DEVICES: [0]
[I 2023-11-29 23:25:02,308] Trial 147 finished with value: 0.18521416187286377 and parameters: {'gradient_clip_val': 0.17566679532939639, 'hidden_size': 68, 'dropout': 0.16566164954923066, 'hidden_continuous_size': 24, 'attention_head_size': 1, 'learning_rate': 0.07782034915602816}. Best is trial 106 with value: 0.10939409583806992.
LOCAL_RANK: 0 - CUDA_VISIBLE_DEVICES: [0]
[I 2023-11-29 23:25:15,236] Trial 148 finished with value: 0.523718535900116 and parameters: {'gradient_clip_val': 0.17084990961569382, 'hidden_size': 64, 'dropout': 0.17648744195183672, 'hidden_continuous_size': 23, 'attention_head_size': 1, 'learning_rate': 0.039471201637601615}. Best is trial 106 with value: 0.10939409583806992.
LOCAL_RANK: 0 - CUDA_VISIBLE_DEVICES: [0]
[I 2023-11-29 23:25:28,386] Trial 149 finished with value: 0.19522543251514435 and parameters: {'gradient_clip_val': 0.1570706164801351, 'hidden_size': 92, 'dropout': 0.21183864147362796, 'hidden_continuous_size': 20, 'attention_head_size': 1, 'learning_rate': 0.06240352140147382}. Best is trial 106 with value: 0.10939409583806992.
[I 2023-11-29 23:25:28,495] A new study created in memory with name: no-name-49c83eec-ed11-4b43-bc9a-c30535ea4163
/home/le004/conda/anaconda3/envs/tsff_env/lib/python3.9/site-packages/lightning/fabric/plugins/environments/slurm.py:191: The `srun` command is available on your system but is not used. HINT: If your intention is to run Lightning on SLURM, prepend your python command with `srun` like so: srun python /home/le004/master_thesis/git/TSFusionForecast/code/ ...
LOCAL_RANK: 0 - CUDA_VISIBLE_DEVICES: [0]
[I 2023-11-29 23:25:42,120] Trial 0 finished with value: 0.3623912036418915 and parameters: {'gradient_clip_val': 0.273790934374032, 'hidden_size': 78, 'dropout': 0.21208118990819352, 'hidden_continuous_size': 36, 'attention_head_size': 2, 'learning_rate': 0.009160441882423554}. Best is trial 0 with value: 0.3623912036418915.
LOCAL_RANK: 0 - CUDA_VISIBLE_DEVICES: [0]
[I 2023-11-29 23:25:54,300] Trial 1 finished with value: 0.12805058062076569 and parameters: {'gradient_clip_val': 0.4086731287042158, 'hidden_size': 19, 'dropout': 0.16095430565103677, 'hidden_continuous_size': 14, 'attention_head_size': 4, 'learning_rate': 0.08341784543612446}. Best is trial 1 with value: 0.12805058062076569.
LOCAL_RANK: 0 - CUDA_VISIBLE_DEVICES: [0]
[I 2023-11-29 23:26:08,149] Trial 2 finished with value: 0.16172799468040466 and parameters: {'gradient_clip_val': 0.12016817141887634, 'hidden_size': 83, 'dropout': 0.3791386717096964, 'hidden_continuous_size': 80, 'attention_head_size': 1, 'learning_rate': 0.01176288968618462}. Best is trial 1 with value: 0.12805058062076569.
LOCAL_RANK: 0 - CUDA_VISIBLE_DEVICES: [0]
[I 2023-11-29 23:26:22,117] Trial 3 finished with value: 0.2892245054244995 and parameters: {'gradient_clip_val': 0.2734721957267768, 'hidden_size': 104, 'dropout': 0.23607913070555156, 'hidden_continuous_size': 78, 'attention_head_size': 2, 'learning_rate': 0.003118899635317424}. Best is trial 1 with value: 0.12805058062076569.
LOCAL_RANK: 0 - CUDA_VISIBLE_DEVICES: [0]
[I 2023-11-29 23:26:34,858] Trial 4 finished with value: 2.052579879760742 and parameters: {'gradient_clip_val': 0.5441315140250771, 'hidden_size': 42, 'dropout': 0.22798285329860235, 'hidden_continuous_size': 34, 'attention_head_size': 1, 'learning_rate': 0.0021203275784548933}. Best is trial 1 with value: 0.12805058062076569.
LOCAL_RANK: 0 - CUDA_VISIBLE_DEVICES: [0]
[I 2023-11-29 23:26:47,483] Trial 5 finished with value: 0.18264766037464142 and parameters: {'gradient_clip_val': 0.32532020690604024, 'hidden_size': 36, 'dropout': 0.2800146316283208, 'hidden_continuous_size': 16, 'attention_head_size': 4, 'learning_rate': 0.0533988213302748}. Best is trial 1 with value: 0.12805058062076569.
LOCAL_RANK: 0 - CUDA_VISIBLE_DEVICES: [0]
[I 2023-11-29 23:26:59,423] Trial 6 finished with value: 4.01621675491333 and parameters: {'gradient_clip_val': 0.8247295886414923, 'hidden_size': 24, 'dropout': 0.354443088444769, 'hidden_continuous_size': 11, 'attention_head_size': 2, 'learning_rate': 0.0012706151805553546}. Best is trial 1 with value: 0.12805058062076569.
LOCAL_RANK: 0 - CUDA_VISIBLE_DEVICES: [0]
[I 2023-11-29 23:27:11,843] Trial 7 finished with value: 0.13077394664287567 and parameters: {'gradient_clip_val': 0.3050354910911369, 'hidden_size': 37, 'dropout': 0.23019661444012782, 'hidden_continuous_size': 20, 'attention_head_size': 1, 'learning_rate': 0.045690400866205017}. Best is trial 1 with value: 0.12805058062076569.
LOCAL_RANK: 0 - CUDA_VISIBLE_DEVICES: [0]
[I 2023-11-29 23:27:23,999] Trial 8 finished with value: 1.7259912490844727 and parameters: {'gradient_clip_val': 0.8484179131825889, 'hidden_size': 18, 'dropout': 0.14935541133037003, 'hidden_continuous_size': 17, 'attention_head_size': 2, 'learning_rate': 0.00329585303211088}. Best is trial 1 with value: 0.12805058062076569.
LOCAL_RANK: 0 - CUDA_VISIBLE_DEVICES: [0]
[I 2023-11-29 23:27:37,462] Trial 9 finished with value: 0.5231131911277771 and parameters: {'gradient_clip_val': 0.573420674073388, 'hidden_size': 66, 'dropout': 0.3503675073278836, 'hidden_continuous_size': 20, 'attention_head_size': 4, 'learning_rate': 0.00517470280524639}. Best is trial 1 with value: 0.12805058062076569.
LOCAL_RANK: 0 - CUDA_VISIBLE_DEVICES: [0]
[I 2023-11-29 23:27:49,517] Trial 10 finished with value: 0.11619964987039566 and parameters: {'gradient_clip_val': 0.12924839594314547, 'hidden_size': 11, 'dropout': 0.10105842523015997, 'hidden_continuous_size': 10, 'attention_head_size': 3, 'learning_rate': 0.08362371801663773}. Best is trial 10 with value: 0.11619964987039566.
LOCAL_RANK: 0 - CUDA_VISIBLE_DEVICES: [0]
[I 2023-11-29 23:27:59,879] Trial 11 finished with value: 0.3038405776023865 and parameters: {'gradient_clip_val': 0.10099622406271284, 'hidden_size': 10, 'dropout': 0.11063205014392966, 'hidden_continuous_size': 10, 'attention_head_size': 3, 'learning_rate': 0.09721133491398112}. Best is trial 10 with value: 0.11619964987039566.
LOCAL_RANK: 0 - CUDA_VISIBLE_DEVICES: [0]
[I 2023-11-29 23:28:10,208] Trial 12 finished with value: 0.7592704892158508 and parameters: {'gradient_clip_val': 0.16433460011209375, 'hidden_size': 10, 'dropout': 0.10210121923293382, 'hidden_continuous_size': 10, 'attention_head_size': 3, 'learning_rate': 0.026027540763064683}. Best is trial 10 with value: 0.11619964987039566.
LOCAL_RANK: 0 - CUDA_VISIBLE_DEVICES: [0]
[I 2023-11-29 23:28:22,934] Trial 13 finished with value: 0.2059001475572586 and parameters: {'gradient_clip_val': 0.16639161388709386, 'hidden_size': 16, 'dropout': 0.16005629333489774, 'hidden_continuous_size': 10, 'attention_head_size': 4, 'learning_rate': 0.0964352649637708}. Best is trial 10 with value: 0.11619964987039566.
LOCAL_RANK: 0 - CUDA_VISIBLE_DEVICES: [0]
[I 2023-11-29 23:28:35,109] Trial 14 finished with value: 0.3566737473011017 and parameters: {'gradient_clip_val': 0.1824542092107605, 'hidden_size': 14, 'dropout': 0.15840014737913272, 'hidden_continuous_size': 10, 'attention_head_size': 3, 'learning_rate': 0.027414579863835734}. Best is trial 10 with value: 0.11619964987039566.
LOCAL_RANK: 0 - CUDA_VISIBLE_DEVICES: [0]
[I 2023-11-29 23:28:47,432] Trial 15 finished with value: 0.20496244728565216 and parameters: {'gradient_clip_val': 0.3957772336866076, 'hidden_size': 23, 'dropout': 0.1269771615524588, 'hidden_continuous_size': 12, 'attention_head_size': 4, 'learning_rate': 0.05400184084007384}. Best is trial 10 with value: 0.11619964987039566.
LOCAL_RANK: 0 - CUDA_VISIBLE_DEVICES: [0]
[I 2023-11-29 23:28:59,588] Trial 16 finished with value: 0.9292230010032654 and parameters: {'gradient_clip_val': 0.21858738893294885, 'hidden_size': 13, 'dropout': 0.18166517685448655, 'hidden_continuous_size': 10, 'attention_head_size': 3, 'learning_rate': 0.02266923105085357}. Best is trial 10 with value: 0.11619964987039566.
LOCAL_RANK: 0 - CUDA_VISIBLE_DEVICES: [0]
[I 2023-11-29 23:29:13,929] Trial 17 finished with value: 0.24378645420074463 and parameters: {'gradient_clip_val': 0.13100088965223036, 'hidden_size': 150, 'dropout': 0.10040870125110743, 'hidden_continuous_size': 28, 'attention_head_size': 4, 'learning_rate': 0.09658145561701059}. Best is trial 10 with value: 0.11619964987039566.
LOCAL_RANK: 0 - CUDA_VISIBLE_DEVICES: [0]
[I 2023-11-29 23:29:25,879] Trial 18 finished with value: 0.3171299397945404 and parameters: {'gradient_clip_val': 0.23909501886900517, 'hidden_size': 20, 'dropout': 0.13646560513874875, 'hidden_continuous_size': 12, 'attention_head_size': 3, 'learning_rate': 0.04149232028990548}. Best is trial 10 with value: 0.11619964987039566.
LOCAL_RANK: 0 - CUDA_VISIBLE_DEVICES: [0]
[I 2023-11-29 23:29:37,792] Trial 19 finished with value: 1.1410422325134277 and parameters: {'gradient_clip_val': 0.44069431820408184, 'hidden_size': 12, 'dropout': 0.1870720957294044, 'hidden_continuous_size': 10, 'attention_head_size': 4, 'learning_rate': 0.01570834263591225}. Best is trial 10 with value: 0.11619964987039566.
LOCAL_RANK: 0 - CUDA_VISIBLE_DEVICES: [0]
[I 2023-11-29 23:29:49,734] Trial 20 finished with value: 0.15381549298763275 and parameters: {'gradient_clip_val': 0.21550077606565476, 'hidden_size': 16, 'dropout': 0.13046325122148208, 'hidden_continuous_size': 11, 'attention_head_size': 3, 'learning_rate': 0.06484362833051188}. Best is trial 10 with value: 0.11619964987039566.
LOCAL_RANK: 0 - CUDA_VISIBLE_DEVICES: [0]
[I 2023-11-29 23:30:01,808] Trial 21 finished with value: 0.12092357873916626 and parameters: {'gradient_clip_val': 0.33206980352454235, 'hidden_size': 32, 'dropout': 0.19055183837919426, 'hidden_continuous_size': 14, 'attention_head_size': 1, 'learning_rate': 0.043695611950263315}. Best is trial 10 with value: 0.11619964987039566.
LOCAL_RANK: 0 - CUDA_VISIBLE_DEVICES: [0]
[I 2023-11-29 23:30:14,306] Trial 22 finished with value: 0.1285155862569809 and parameters: {'gradient_clip_val': 0.37257216685070366, 'hidden_size': 27, 'dropout': 0.1919156768821612, 'hidden_continuous_size': 13, 'attention_head_size': 2, 'learning_rate': 0.06890894903660794}. Best is trial 10 with value: 0.11619964987039566.
LOCAL_RANK: 0 - CUDA_VISIBLE_DEVICES: [0]
