[I 2023-11-30 05:09:29,659] Trial 79 finished with value: 0.43383654952049255 and parameters: {'gradient_clip_val': 0.687625177614927, 'hidden_size': 109, 'dropout': 0.24697528550086162, 'hidden_continuous_size': 84, 'attention_head_size': 1, 'learning_rate': 0.03423016365276096}. Best is trial 41 with value: 0.3046448826789856.
LOCAL_RANK: 0 - CUDA_VISIBLE_DEVICES: [0]
[I 2023-11-30 05:09:43,645] Trial 80 finished with value: 0.31931206583976746 and parameters: {'gradient_clip_val': 0.6204979297030215, 'hidden_size': 79, 'dropout': 0.1650810082458329, 'hidden_continuous_size': 71, 'attention_head_size': 1, 'learning_rate': 0.025769028576948592}. Best is trial 41 with value: 0.3046448826789856.
LOCAL_RANK: 0 - CUDA_VISIBLE_DEVICES: [0]
[I 2023-11-30 05:09:57,516] Trial 81 finished with value: 0.43426212668418884 and parameters: {'gradient_clip_val': 0.5370672907997346, 'hidden_size': 78, 'dropout': 0.16652977853277873, 'hidden_continuous_size': 70, 'attention_head_size': 1, 'learning_rate': 0.028925848211984708}. Best is trial 41 with value: 0.3046448826789856.
LOCAL_RANK: 0 - CUDA_VISIBLE_DEVICES: [0]
[I 2023-11-30 05:10:11,462] Trial 82 finished with value: 0.47532352805137634 and parameters: {'gradient_clip_val': 0.6125298827327332, 'hidden_size': 90, 'dropout': 0.18579958059722726, 'hidden_continuous_size': 75, 'attention_head_size': 1, 'learning_rate': 0.024741365217467972}. Best is trial 41 with value: 0.3046448826789856.
LOCAL_RANK: 0 - CUDA_VISIBLE_DEVICES: [0]
[I 2023-11-30 05:10:25,062] Trial 83 finished with value: 0.7733871936798096 and parameters: {'gradient_clip_val': 0.7364851723578786, 'hidden_size': 65, 'dropout': 0.15262212073509168, 'hidden_continuous_size': 58, 'attention_head_size': 1, 'learning_rate': 0.017225651404330657}. Best is trial 41 with value: 0.3046448826789856.
LOCAL_RANK: 0 - CUDA_VISIBLE_DEVICES: [0]
[I 2023-11-30 05:10:38,937] Trial 84 finished with value: 0.4700489938259125 and parameters: {'gradient_clip_val': 0.6167697773075811, 'hidden_size': 73, 'dropout': 0.17387031464269737, 'hidden_continuous_size': 65, 'attention_head_size': 1, 'learning_rate': 0.0187822341613546}. Best is trial 41 with value: 0.3046448826789856.
LOCAL_RANK: 0 - CUDA_VISIBLE_DEVICES: [0]
[I 2023-11-30 05:10:53,146] Trial 85 finished with value: 0.35155752301216125 and parameters: {'gradient_clip_val': 0.6730302668115689, 'hidden_size': 101, 'dropout': 0.19323607622024297, 'hidden_continuous_size': 80, 'attention_head_size': 1, 'learning_rate': 0.026451468322181575}. Best is trial 41 with value: 0.3046448826789856.
LOCAL_RANK: 0 - CUDA_VISIBLE_DEVICES: [0]
[I 2023-11-30 05:11:06,942] Trial 86 finished with value: 0.3927876949310303 and parameters: {'gradient_clip_val': 0.7993457039963626, 'hidden_size': 83, 'dropout': 0.1812394260923593, 'hidden_continuous_size': 72, 'attention_head_size': 1, 'learning_rate': 0.013524720865004714}. Best is trial 41 with value: 0.3046448826789856.
LOCAL_RANK: 0 - CUDA_VISIBLE_DEVICES: [0]
[I 2023-11-30 05:11:21,386] Trial 87 finished with value: 0.42703279852867126 and parameters: {'gradient_clip_val': 0.5004851233070929, 'hidden_size': 127, 'dropout': 0.2144280255272294, 'hidden_continuous_size': 94, 'attention_head_size': 3, 'learning_rate': 0.030722477763308234}. Best is trial 41 with value: 0.3046448826789856.
LOCAL_RANK: 0 - CUDA_VISIBLE_DEVICES: [0]
[I 2023-11-30 05:11:35,375] Trial 88 finished with value: 0.8259864449501038 and parameters: {'gradient_clip_val': 0.5578987237170997, 'hidden_size': 110, 'dropout': 0.157704181228346, 'hidden_continuous_size': 87, 'attention_head_size': 1, 'learning_rate': 0.021825399338323538}. Best is trial 41 with value: 0.3046448826789856.
LOCAL_RANK: 0 - CUDA_VISIBLE_DEVICES: [0]
[I 2023-11-30 05:11:49,296] Trial 89 finished with value: 0.45029810070991516 and parameters: {'gradient_clip_val': 0.5252540710120145, 'hidden_size': 92, 'dropout': 0.16565215723781598, 'hidden_continuous_size': 80, 'attention_head_size': 1, 'learning_rate': 0.03645016293189921}. Best is trial 41 with value: 0.3046448826789856.
LOCAL_RANK: 0 - CUDA_VISIBLE_DEVICES: [0]
[I 2023-11-30 05:12:03,176] Trial 90 finished with value: 0.5387348532676697 and parameters: {'gradient_clip_val': 0.4452866115885831, 'hidden_size': 80, 'dropout': 0.205236304868339, 'hidden_continuous_size': 70, 'attention_head_size': 1, 'learning_rate': 0.015519004951448442}. Best is trial 41 with value: 0.3046448826789856.
LOCAL_RANK: 0 - CUDA_VISIBLE_DEVICES: [0]
[I 2023-11-30 05:12:17,201] Trial 91 finished with value: 0.6018764972686768 and parameters: {'gradient_clip_val': 0.5826216955085713, 'hidden_size': 94, 'dropout': 0.1962233817811703, 'hidden_continuous_size': 76, 'attention_head_size': 1, 'learning_rate': 0.03867819532311182}. Best is trial 41 with value: 0.3046448826789856.
LOCAL_RANK: 0 - CUDA_VISIBLE_DEVICES: [0]
[I 2023-11-30 05:12:31,231] Trial 92 finished with value: 0.924232006072998 and parameters: {'gradient_clip_val': 0.5640190824050522, 'hidden_size': 123, 'dropout': 0.2005728616943473, 'hidden_continuous_size': 56, 'attention_head_size': 1, 'learning_rate': 0.0445135480332032}. Best is trial 41 with value: 0.3046448826789856.
LOCAL_RANK: 0 - CUDA_VISIBLE_DEVICES: [0]
[I 2023-11-30 05:12:45,137] Trial 93 finished with value: 0.4150589406490326 and parameters: {'gradient_clip_val': 0.6303544359399509, 'hidden_size': 102, 'dropout': 0.18417184093908537, 'hidden_continuous_size': 62, 'attention_head_size': 1, 'learning_rate': 0.029701323938859738}. Best is trial 41 with value: 0.3046448826789856.
LOCAL_RANK: 0 - CUDA_VISIBLE_DEVICES: [0]
[I 2023-11-30 05:12:58,885] Trial 94 finished with value: 0.33381760120391846 and parameters: {'gradient_clip_val': 0.7049358909798225, 'hidden_size': 90, 'dropout': 0.22410059931169218, 'hidden_continuous_size': 66, 'attention_head_size': 1, 'learning_rate': 0.025342721253518167}. Best is trial 41 with value: 0.3046448826789856.
LOCAL_RANK: 0 - CUDA_VISIBLE_DEVICES: [0]
[I 2023-11-30 05:13:12,862] Trial 95 finished with value: 0.514777421951294 and parameters: {'gradient_clip_val': 0.7145470628938487, 'hidden_size': 88, 'dropout': 0.22584611623793413, 'hidden_continuous_size': 66, 'attention_head_size': 1, 'learning_rate': 0.024914156329587035}. Best is trial 41 with value: 0.3046448826789856.
LOCAL_RANK: 0 - CUDA_VISIBLE_DEVICES: [0]
[I 2023-11-30 05:13:26,537] Trial 96 finished with value: 0.6611933708190918 and parameters: {'gradient_clip_val': 0.6365632011508899, 'hidden_size': 73, 'dropout': 0.2310881893983702, 'hidden_continuous_size': 64, 'attention_head_size': 1, 'learning_rate': 0.019095047974036133}. Best is trial 41 with value: 0.3046448826789856.
LOCAL_RANK: 0 - CUDA_VISIBLE_DEVICES: [0]
[I 2023-11-30 05:13:40,452] Trial 97 finished with value: 0.5715760588645935 and parameters: {'gradient_clip_val': 0.673108369606037, 'hidden_size': 115, 'dropout': 0.17524734191613225, 'hidden_continuous_size': 50, 'attention_head_size': 3, 'learning_rate': 0.022120329170133405}. Best is trial 41 with value: 0.3046448826789856.
LOCAL_RANK: 0 - CUDA_VISIBLE_DEVICES: [0]
[I 2023-11-30 05:13:54,598] Trial 98 finished with value: 0.38189658522605896 and parameters: {'gradient_clip_val': 0.8743924241215978, 'hidden_size': 132, 'dropout': 0.21679270911699117, 'hidden_continuous_size': 107, 'attention_head_size': 1, 'learning_rate': 0.033449298689671246}. Best is trial 41 with value: 0.3046448826789856.
LOCAL_RANK: 0 - CUDA_VISIBLE_DEVICES: [0]
[I 2023-11-30 05:14:08,418] Trial 99 finished with value: 0.3150947093963623 and parameters: {'gradient_clip_val': 0.8407276738044305, 'hidden_size': 102, 'dropout': 0.19060744359413273, 'hidden_continuous_size': 84, 'attention_head_size': 1, 'learning_rate': 0.027046352792056975}. Best is trial 41 with value: 0.3046448826789856.
LOCAL_RANK: 0 - CUDA_VISIBLE_DEVICES: [0]
[I 2023-11-30 05:14:22,392] Trial 100 finished with value: 0.5237554907798767 and parameters: {'gradient_clip_val': 0.8455636429545171, 'hidden_size': 82, 'dropout': 0.19131230038960345, 'hidden_continuous_size': 72, 'attention_head_size': 1, 'learning_rate': 0.026727936866568422}. Best is trial 41 with value: 0.3046448826789856.
LOCAL_RANK: 0 - CUDA_VISIBLE_DEVICES: [0]
[I 2023-11-30 05:14:36,372] Trial 101 finished with value: 0.623541533946991 and parameters: {'gradient_clip_val': 0.7879026543965549, 'hidden_size': 98, 'dropout': 0.20618926092266526, 'hidden_continuous_size': 84, 'attention_head_size': 1, 'learning_rate': 0.02328507968280459}. Best is trial 41 with value: 0.3046448826789856.
LOCAL_RANK: 0 - CUDA_VISIBLE_DEVICES: [0]
[I 2023-11-30 05:14:50,319] Trial 102 finished with value: 0.8649803996086121 and parameters: {'gradient_clip_val': 0.7506244173882509, 'hidden_size': 104, 'dropout': 0.17066951054293752, 'hidden_continuous_size': 89, 'attention_head_size': 1, 'learning_rate': 0.020548012515284035}. Best is trial 41 with value: 0.3046448826789856.
LOCAL_RANK: 0 - CUDA_VISIBLE_DEVICES: [0]
[I 2023-11-30 05:15:04,105] Trial 103 finished with value: 0.5303163528442383 and parameters: {'gradient_clip_val': 0.818386931353556, 'hidden_size': 77, 'dropout': 0.1804264087001219, 'hidden_continuous_size': 68, 'attention_head_size': 1, 'learning_rate': 0.02860655537817134}. Best is trial 41 with value: 0.3046448826789856.
LOCAL_RANK: 0 - CUDA_VISIBLE_DEVICES: [0]
[I 2023-11-30 05:15:17,959] Trial 104 finished with value: 0.4669809639453888 and parameters: {'gradient_clip_val': 0.7006455136954379, 'hidden_size': 88, 'dropout': 0.1891723442330654, 'hidden_continuous_size': 79, 'attention_head_size': 1, 'learning_rate': 0.01813647945204038}. Best is trial 41 with value: 0.3046448826789856.
LOCAL_RANK: 0 - CUDA_VISIBLE_DEVICES: [0]
[I 2023-11-30 05:15:32,147] Trial 105 finished with value: 0.3073829710483551 and parameters: {'gradient_clip_val': 0.9407601360966661, 'hidden_size': 110, 'dropout': 0.2233532260980699, 'hidden_continuous_size': 94, 'attention_head_size': 1, 'learning_rate': 0.03221463115508315}. Best is trial 41 with value: 0.3046448826789856.
LOCAL_RANK: 0 - CUDA_VISIBLE_DEVICES: [0]
[I 2023-11-30 05:15:46,266] Trial 106 finished with value: 0.671213686466217 and parameters: {'gradient_clip_val': 0.9819715092936486, 'hidden_size': 121, 'dropout': 0.21946625213138812, 'hidden_continuous_size': 94, 'attention_head_size': 1, 'learning_rate': 0.03184068621085876}. Best is trial 41 with value: 0.3046448826789856.
LOCAL_RANK: 0 - CUDA_VISIBLE_DEVICES: [0]
[I 2023-11-30 05:16:01,087] Trial 107 finished with value: 0.7837581634521484 and parameters: {'gradient_clip_val': 0.9132258873570245, 'hidden_size': 145, 'dropout': 0.2122210017713396, 'hidden_continuous_size': 105, 'attention_head_size': 4, 'learning_rate': 0.03685061210790866}. Best is trial 41 with value: 0.3046448826789856.
LOCAL_RANK: 0 - CUDA_VISIBLE_DEVICES: [0]
[I 2023-11-30 05:16:14,853] Trial 108 finished with value: 0.49404433369636536 and parameters: {'gradient_clip_val': 0.9394596107954803, 'hidden_size': 84, 'dropout': 0.2333713145477017, 'hidden_continuous_size': 77, 'attention_head_size': 1, 'learning_rate': 0.025448050756464786}. Best is trial 41 with value: 0.3046448826789856.
LOCAL_RANK: 0 - CUDA_VISIBLE_DEVICES: [0]
[I 2023-11-30 05:16:28,917] Trial 109 finished with value: 0.8365797996520996 and parameters: {'gradient_clip_val': 0.8894656484267897, 'hidden_size': 108, 'dropout': 0.22399250679973698, 'hidden_continuous_size': 83, 'attention_head_size': 1, 'learning_rate': 0.03465315239299883}. Best is trial 41 with value: 0.3046448826789856.
LOCAL_RANK: 0 - CUDA_VISIBLE_DEVICES: [0]
[I 2023-11-30 05:16:42,895] Trial 110 finished with value: 0.46185430884361267 and parameters: {'gradient_clip_val': 0.8380076393833966, 'hidden_size': 96, 'dropout': 0.22654429611919658, 'hidden_continuous_size': 88, 'attention_head_size': 1, 'learning_rate': 0.016263657010886806}. Best is trial 41 with value: 0.3046448826789856.
LOCAL_RANK: 0 - CUDA_VISIBLE_DEVICES: [0]
[I 2023-11-30 05:16:56,975] Trial 111 finished with value: 0.33450594544410706 and parameters: {'gradient_clip_val': 0.6026025096098533, 'hidden_size': 113, 'dropout': 0.24509876151999846, 'hidden_continuous_size': 93, 'attention_head_size': 1, 'learning_rate': 0.022735190288575964}. Best is trial 41 with value: 0.3046448826789856.
LOCAL_RANK: 0 - CUDA_VISIBLE_DEVICES: [0]
[I 2023-11-30 05:17:11,162] Trial 112 finished with value: 0.5661978125572205 and parameters: {'gradient_clip_val': 0.6455291765826112, 'hidden_size': 111, 'dropout': 0.24254451294023954, 'hidden_continuous_size': 95, 'attention_head_size': 1, 'learning_rate': 0.027838166267350098}. Best is trial 41 with value: 0.3046448826789856.
LOCAL_RANK: 0 - CUDA_VISIBLE_DEVICES: [0]
[I 2023-11-30 05:17:25,435] Trial 113 finished with value: 0.6815469861030579 and parameters: {'gradient_clip_val': 0.5906118230066211, 'hidden_size': 134, 'dropout': 0.23483244223229394, 'hidden_continuous_size': 98, 'attention_head_size': 1, 'learning_rate': 0.023732733063195153}. Best is trial 41 with value: 0.3046448826789856.
LOCAL_RANK: 0 - CUDA_VISIBLE_DEVICES: [0]
[I 2023-11-30 05:17:39,356] Trial 114 finished with value: 0.5161564946174622 and parameters: {'gradient_clip_val': 0.7762055945300177, 'hidden_size': 91, 'dropout': 0.25320967050712445, 'hidden_continuous_size': 85, 'attention_head_size': 1, 'learning_rate': 0.02134990565873744}. Best is trial 41 with value: 0.3046448826789856.
LOCAL_RANK: 0 - CUDA_VISIBLE_DEVICES: [0]
[I 2023-11-30 05:17:53,492] Trial 115 finished with value: 0.7511568069458008 and parameters: {'gradient_clip_val': 0.5392384545227429, 'hidden_size': 101, 'dropout': 0.26313087236861976, 'hidden_continuous_size': 91, 'attention_head_size': 1, 'learning_rate': 0.030550742264087324}. Best is trial 41 with value: 0.3046448826789856.
LOCAL_RANK: 0 - CUDA_VISIBLE_DEVICES: [0]
[I 2023-11-30 05:18:07,665] Trial 116 finished with value: 0.46911001205444336 and parameters: {'gradient_clip_val': 0.6143645980188456, 'hidden_size': 118, 'dropout': 0.24073588616180217, 'hidden_continuous_size': 104, 'attention_head_size': 1, 'learning_rate': 0.018711606207389653}. Best is trial 41 with value: 0.3046448826789856.
LOCAL_RANK: 0 - CUDA_VISIBLE_DEVICES: [0]
[I 2023-11-30 05:18:22,139] Trial 117 finished with value: 0.4492938816547394 and parameters: {'gradient_clip_val': 0.9991865029669003, 'hidden_size': 144, 'dropout': 0.24643622409377156, 'hidden_continuous_size': 123, 'attention_head_size': 2, 'learning_rate': 0.02601648102568441}. Best is trial 41 with value: 0.3046448826789856.
LOCAL_RANK: 0 - CUDA_VISIBLE_DEVICES: [0]
[I 2023-11-30 05:18:35,866] Trial 118 finished with value: 0.3899409770965576 and parameters: {'gradient_clip_val': 0.7437223126628719, 'hidden_size': 80, 'dropout': 0.2348234497471704, 'hidden_continuous_size': 75, 'attention_head_size': 1, 'learning_rate': 0.014467824230977542}. Best is trial 41 with value: 0.3046448826789856.
LOCAL_RANK: 0 - CUDA_VISIBLE_DEVICES: [0]
[I 2023-11-30 05:18:49,773] Trial 119 finished with value: 0.4224781095981598 and parameters: {'gradient_clip_val': 0.5051797431047786, 'hidden_size': 100, 'dropout': 0.20556159660174697, 'hidden_continuous_size': 79, 'attention_head_size': 1, 'learning_rate': 0.03964310825903533}. Best is trial 41 with value: 0.3046448826789856.
LOCAL_RANK: 0 - CUDA_VISIBLE_DEVICES: [0]
[I 2023-11-30 05:19:03,943] Trial 120 finished with value: 0.38809776306152344 and parameters: {'gradient_clip_val': 0.7184329893604526, 'hidden_size': 71, 'dropout': 0.22142299364745413, 'hidden_continuous_size': 66, 'attention_head_size': 4, 'learning_rate': 0.020043188106154707}. Best is trial 41 with value: 0.3046448826789856.
LOCAL_RANK: 0 - CUDA_VISIBLE_DEVICES: [0]
[I 2023-11-30 05:19:18,120] Trial 121 finished with value: 0.6597628593444824 and parameters: {'gradient_clip_val': 0.6652789756594331, 'hidden_size': 126, 'dropout': 0.19624168765879188, 'hidden_continuous_size': 101, 'attention_head_size': 1, 'learning_rate': 0.021791630512720532}. Best is trial 41 with value: 0.3046448826789856.
LOCAL_RANK: 0 - CUDA_VISIBLE_DEVICES: [0]
[I 2023-11-30 05:19:32,016] Trial 122 finished with value: 0.5341330170631409 and parameters: {'gradient_clip_val': 0.5649502604084192, 'hidden_size': 114, 'dropout': 0.21282808559108057, 'hidden_continuous_size': 61, 'attention_head_size': 1, 'learning_rate': 0.03165567210612512}. Best is trial 41 with value: 0.3046448826789856.
LOCAL_RANK: 0 - CUDA_VISIBLE_DEVICES: [0]
[I 2023-11-30 05:19:45,774] Trial 123 finished with value: 0.6335226893424988 and parameters: {'gradient_clip_val': 0.6065060230484527, 'hidden_size': 91, 'dropout': 0.17862422209022313, 'hidden_continuous_size': 83, 'attention_head_size': 1, 'learning_rate': 0.023896941139439718}. Best is trial 41 with value: 0.3046448826789856.
LOCAL_RANK: 0 - CUDA_VISIBLE_DEVICES: [0]
[I 2023-11-30 05:19:59,789] Trial 124 finished with value: 0.573716402053833 and parameters: {'gradient_clip_val': 0.5270272750754013, 'hidden_size': 106, 'dropout': 0.16635883109565408, 'hidden_continuous_size': 71, 'attention_head_size': 1, 'learning_rate': 0.02733138783978399}. Best is trial 41 with value: 0.3046448826789856.
LOCAL_RANK: 0 - CUDA_VISIBLE_DEVICES: [0]
[I 2023-11-30 05:20:13,947] Trial 125 finished with value: 0.3483790457248688 and parameters: {'gradient_clip_val': 0.5972132437131268, 'hidden_size': 87, 'dropout': 0.19953997047636116, 'hidden_continuous_size': 73, 'attention_head_size': 3, 'learning_rate': 0.01683134053781653}. Best is trial 41 with value: 0.3046448826789856.
LOCAL_RANK: 0 - CUDA_VISIBLE_DEVICES: [0]
[I 2023-11-30 05:20:27,845] Trial 126 finished with value: 0.43723151087760925 and parameters: {'gradient_clip_val': 0.6376224886972279, 'hidden_size': 76, 'dropout': 0.1851601485340105, 'hidden_continuous_size': 69, 'attention_head_size': 1, 'learning_rate': 0.0199168939585217}. Best is trial 41 with value: 0.3046448826789856.
LOCAL_RANK: 0 - CUDA_VISIBLE_DEVICES: [0]
[I 2023-11-30 05:20:41,999] Trial 127 finished with value: 0.4750865697860718 and parameters: {'gradient_clip_val': 0.4835101123765262, 'hidden_size': 95, 'dropout': 0.16136293217646322, 'hidden_continuous_size': 81, 'attention_head_size': 1, 'learning_rate': 0.022598288278571577}. Best is trial 41 with value: 0.3046448826789856.
LOCAL_RANK: 0 - CUDA_VISIBLE_DEVICES: [0]
[I 2023-11-30 05:20:55,905] Trial 128 finished with value: 0.5056657195091248 and parameters: {'gradient_clip_val': 0.6775142006366244, 'hidden_size': 120, 'dropout': 0.19086307324635104, 'hidden_continuous_size': 91, 'attention_head_size': 1, 'learning_rate': 0.02967034427301354}. Best is trial 41 with value: 0.3046448826789856.
LOCAL_RANK: 0 - CUDA_VISIBLE_DEVICES: [0]
[I 2023-11-30 05:21:09,922] Trial 129 finished with value: 0.40568384528160095 and parameters: {'gradient_clip_val': 0.5499932976918127, 'hidden_size': 109, 'dropout': 0.22757499878567602, 'hidden_continuous_size': 89, 'attention_head_size': 1, 'learning_rate': 0.025336541681088526}. Best is trial 41 with value: 0.3046448826789856.
LOCAL_RANK: 0 - CUDA_VISIBLE_DEVICES: [0]
[I 2023-11-30 05:21:23,973] Trial 130 finished with value: 0.4606072008609772 and parameters: {'gradient_clip_val': 0.8614805292039547, 'hidden_size': 128, 'dropout': 0.17151923260040314, 'hidden_continuous_size': 55, 'attention_head_size': 2, 'learning_rate': 0.01260459882479771}. Best is trial 41 with value: 0.3046448826789856.
LOCAL_RANK: 0 - CUDA_VISIBLE_DEVICES: [0]
[I 2023-11-30 05:21:37,687] Trial 131 finished with value: 0.6572030186653137 and parameters: {'gradient_clip_val': 0.5817296763730925, 'hidden_size': 95, 'dropout': 0.20208334072210637, 'hidden_continuous_size': 78, 'attention_head_size': 1, 'learning_rate': 0.04057842532151087}. Best is trial 41 with value: 0.3046448826789856.
LOCAL_RANK: 0 - CUDA_VISIBLE_DEVICES: [0]
[I 2023-11-30 05:21:51,532] Trial 132 finished with value: 0.32678863406181335 and parameters: {'gradient_clip_val': 0.5669065666050814, 'hidden_size': 83, 'dropout': 0.20842834348064768, 'hidden_continuous_size': 75, 'attention_head_size': 1, 'learning_rate': 0.0346388740740829}. Best is trial 41 with value: 0.3046448826789856.
LOCAL_RANK: 0 - CUDA_VISIBLE_DEVICES: [0]
[I 2023-11-30 05:22:05,252] Trial 133 finished with value: 0.5002008080482483 and parameters: {'gradient_clip_val': 0.5102089607506244, 'hidden_size': 84, 'dropout': 0.21022391343499544, 'hidden_continuous_size': 74, 'attention_head_size': 1, 'learning_rate': 0.033321587458774}. Best is trial 41 with value: 0.3046448826789856.
LOCAL_RANK: 0 - CUDA_VISIBLE_DEVICES: [0]
[I 2023-11-30 05:22:19,066] Trial 134 finished with value: 0.4425419867038727 and parameters: {'gradient_clip_val': 0.5481890089888838, 'hidden_size': 103, 'dropout': 0.21979088398561922, 'hidden_continuous_size': 64, 'attention_head_size': 1, 'learning_rate': 0.035971096498358196}. Best is trial 41 with value: 0.3046448826789856.
LOCAL_RANK: 0 - CUDA_VISIBLE_DEVICES: [0]
[I 2023-11-30 05:22:33,031] Trial 135 finished with value: 0.539914071559906 and parameters: {'gradient_clip_val': 0.6213765650662822, 'hidden_size': 81, 'dropout': 0.20631297526467807, 'hidden_continuous_size': 76, 'attention_head_size': 1, 'learning_rate': 0.027705107201629088}. Best is trial 41 with value: 0.3046448826789856.
LOCAL_RANK: 0 - CUDA_VISIBLE_DEVICES: [0]
[I 2023-11-30 05:22:46,638] Trial 136 finished with value: 0.35831379890441895 and parameters: {'gradient_clip_val': 0.6917476125172662, 'hidden_size': 68, 'dropout': 0.21516456541343423, 'hidden_continuous_size': 64, 'attention_head_size': 1, 'learning_rate': 0.023070075778069608}. Best is trial 41 with value: 0.3046448826789856.
LOCAL_RANK: 0 - CUDA_VISIBLE_DEVICES: [0]
