[I 2023-11-30 14:54:03,827] Trial 34 finished with value: 0.7995169162750244 and parameters: {'gradient_clip_val': 0.6127058314499277, 'hidden_size': 77, 'dropout': 0.2509083399172662, 'hidden_continuous_size': 36, 'attention_head_size': 2, 'learning_rate': 0.004527275706546816}. Best is trial 29 with value: 0.7182834148406982.
LOCAL_RANK: 0 - CUDA_VISIBLE_DEVICES: [0]
[I 2023-11-30 14:54:17,521] Trial 35 finished with value: 0.9632916450500488 and parameters: {'gradient_clip_val': 0.5854281781858968, 'hidden_size': 101, 'dropout': 0.27046429487288154, 'hidden_continuous_size': 26, 'attention_head_size': 4, 'learning_rate': 0.005999595094288228}. Best is trial 29 with value: 0.7182834148406982.
LOCAL_RANK: 0 - CUDA_VISIBLE_DEVICES: [0]
[I 2023-11-30 14:54:31,138] Trial 36 finished with value: 0.7352943420410156 and parameters: {'gradient_clip_val': 0.46564252968177994, 'hidden_size': 93, 'dropout': 0.2991202443405277, 'hidden_continuous_size': 32, 'attention_head_size': 2, 'learning_rate': 0.0032412032761339766}. Best is trial 29 with value: 0.7182834148406982.
LOCAL_RANK: 0 - CUDA_VISIBLE_DEVICES: [0]
[I 2023-11-30 14:54:44,645] Trial 37 finished with value: 0.751716136932373 and parameters: {'gradient_clip_val': 0.46451147460196585, 'hidden_size': 93, 'dropout': 0.3082400757303101, 'hidden_continuous_size': 31, 'attention_head_size': 3, 'learning_rate': 0.003260149237664834}. Best is trial 29 with value: 0.7182834148406982.
LOCAL_RANK: 0 - CUDA_VISIBLE_DEVICES: [0]
[I 2023-11-30 14:54:58,530] Trial 38 finished with value: 0.8468220829963684 and parameters: {'gradient_clip_val': 0.3105225559787733, 'hidden_size': 131, 'dropout': 0.35414039204053327, 'hidden_continuous_size': 22, 'attention_head_size': 2, 'learning_rate': 0.0026287248427286107}. Best is trial 29 with value: 0.7182834148406982.
LOCAL_RANK: 0 - CUDA_VISIBLE_DEVICES: [0]
[I 2023-11-30 14:55:11,277] Trial 39 finished with value: 0.9369413256645203 and parameters: {'gradient_clip_val': 0.24876372311767558, 'hidden_size': 96, 'dropout': 0.3216917374799824, 'hidden_continuous_size': 10, 'attention_head_size': 1, 'learning_rate': 0.001901772530103848}. Best is trial 29 with value: 0.7182834148406982.
LOCAL_RANK: 0 - CUDA_VISIBLE_DEVICES: [0]
[I 2023-11-30 14:55:24,949] Trial 40 finished with value: 0.9139266014099121 and parameters: {'gradient_clip_val': 0.21124526834902574, 'hidden_size': 113, 'dropout': 0.2968862670823849, 'hidden_continuous_size': 28, 'attention_head_size': 4, 'learning_rate': 0.0035708633598567317}. Best is trial 29 with value: 0.7182834148406982.
LOCAL_RANK: 0 - CUDA_VISIBLE_DEVICES: [0]
[I 2023-11-30 14:55:38,579] Trial 41 finished with value: 0.7628154754638672 and parameters: {'gradient_clip_val': 0.5386659925520895, 'hidden_size': 76, 'dropout': 0.29320303589851554, 'hidden_continuous_size': 40, 'attention_head_size': 2, 'learning_rate': 0.004958774851702273}. Best is trial 29 with value: 0.7182834148406982.
LOCAL_RANK: 0 - CUDA_VISIBLE_DEVICES: [0]
[I 2023-11-30 14:55:52,758] Trial 42 finished with value: 0.9082514643669128 and parameters: {'gradient_clip_val': 0.7070018678492033, 'hidden_size': 150, 'dropout': 0.2774078003328391, 'hidden_continuous_size': 47, 'attention_head_size': 2, 'learning_rate': 0.0017001525764239528}. Best is trial 29 with value: 0.7182834148406982.
LOCAL_RANK: 0 - CUDA_VISIBLE_DEVICES: [0]
[I 2023-11-30 14:56:06,239] Trial 43 finished with value: 0.7644645571708679 and parameters: {'gradient_clip_val': 0.37114977506868513, 'hidden_size': 90, 'dropout': 0.24589535324653772, 'hidden_continuous_size': 32, 'attention_head_size': 2, 'learning_rate': 0.0027147291318388007}. Best is trial 29 with value: 0.7182834148406982.
LOCAL_RANK: 0 - CUDA_VISIBLE_DEVICES: [0]
[I 2023-11-30 14:56:19,581] Trial 44 finished with value: 0.750770628452301 and parameters: {'gradient_clip_val': 0.8736261651644508, 'hidden_size': 61, 'dropout': 0.33357845216647486, 'hidden_continuous_size': 26, 'attention_head_size': 3, 'learning_rate': 0.006937671738323908}. Best is trial 29 with value: 0.7182834148406982.
LOCAL_RANK: 0 - CUDA_VISIBLE_DEVICES: [0]
[I 2023-11-30 14:56:32,756] Trial 45 finished with value: 0.8295631408691406 and parameters: {'gradient_clip_val': 0.33270157759911584, 'hidden_size': 72, 'dropout': 0.2639516735228214, 'hidden_continuous_size': 38, 'attention_head_size': 1, 'learning_rate': 0.0037248375347852802}. Best is trial 29 with value: 0.7182834148406982.
LOCAL_RANK: 0 - CUDA_VISIBLE_DEVICES: [0]
[I 2023-11-30 14:56:46,459] Trial 46 finished with value: 0.7402979731559753 and parameters: {'gradient_clip_val': 0.44645188541432046, 'hidden_size': 82, 'dropout': 0.2336719626409688, 'hidden_continuous_size': 43, 'attention_head_size': 2, 'learning_rate': 0.00556016900846005}. Best is trial 29 with value: 0.7182834148406982.
LOCAL_RANK: 0 - CUDA_VISIBLE_DEVICES: [0]
[I 2023-11-30 14:57:00,387] Trial 47 finished with value: 0.9169220328330994 and parameters: {'gradient_clip_val': 0.4316276854822917, 'hidden_size': 107, 'dropout': 0.22638259213955694, 'hidden_continuous_size': 35, 'attention_head_size': 3, 'learning_rate': 0.005039756269479939}. Best is trial 29 with value: 0.7182834148406982.
LOCAL_RANK: 0 - CUDA_VISIBLE_DEVICES: [0]
[I 2023-11-30 14:57:13,880] Trial 48 finished with value: 0.7430163025856018 and parameters: {'gradient_clip_val': 0.49255920834256706, 'hidden_size': 84, 'dropout': 0.23626531344633067, 'hidden_continuous_size': 33, 'attention_head_size': 2, 'learning_rate': 0.0038878040399195454}. Best is trial 29 with value: 0.7182834148406982.
LOCAL_RANK: 0 - CUDA_VISIBLE_DEVICES: [0]
[I 2023-11-30 14:57:27,860] Trial 49 finished with value: 0.9320580363273621 and parameters: {'gradient_clip_val': 0.5487988452329903, 'hidden_size': 129, 'dropout': 0.2559636036539902, 'hidden_continuous_size': 55, 'attention_head_size': 1, 'learning_rate': 0.002769090250047218}. Best is trial 29 with value: 0.7182834148406982.
LOCAL_RANK: 0 - CUDA_VISIBLE_DEVICES: [0]
[I 2023-11-30 14:57:41,590] Trial 50 finished with value: 0.9421601295471191 and parameters: {'gradient_clip_val': 0.3554208109170711, 'hidden_size': 94, 'dropout': 0.20477981098448994, 'hidden_continuous_size': 44, 'attention_head_size': 2, 'learning_rate': 0.00806754668556259}. Best is trial 29 with value: 0.7182834148406982.
LOCAL_RANK: 0 - CUDA_VISIBLE_DEVICES: [0]
[I 2023-11-30 14:57:55,352] Trial 51 finished with value: 0.8609580993652344 and parameters: {'gradient_clip_val': 0.5137451669478524, 'hidden_size': 82, 'dropout': 0.23297164705510087, 'hidden_continuous_size': 33, 'attention_head_size': 2, 'learning_rate': 0.004055786966247669}. Best is trial 29 with value: 0.7182834148406982.
LOCAL_RANK: 0 - CUDA_VISIBLE_DEVICES: [0]
[I 2023-11-30 14:58:09,146] Trial 52 finished with value: 0.8714611530303955 and parameters: {'gradient_clip_val': 0.46745045678763325, 'hidden_size': 103, 'dropout': 0.24258250960721833, 'hidden_continuous_size': 38, 'attention_head_size': 2, 'learning_rate': 0.0059358359032405696}. Best is trial 29 with value: 0.7182834148406982.
LOCAL_RANK: 0 - CUDA_VISIBLE_DEVICES: [0]
[I 2023-11-30 14:58:22,675] Trial 53 finished with value: 0.7372667193412781 and parameters: {'gradient_clip_val': 0.40509340478181566, 'hidden_size': 87, 'dropout': 0.2704114428058797, 'hidden_continuous_size': 33, 'attention_head_size': 2, 'learning_rate': 0.004221447708894078}. Best is trial 29 with value: 0.7182834148406982.
LOCAL_RANK: 0 - CUDA_VISIBLE_DEVICES: [0]
[I 2023-11-30 14:58:36,405] Trial 54 finished with value: 0.8826208710670471 and parameters: {'gradient_clip_val': 0.42201619808435836, 'hidden_size': 115, 'dropout': 0.2748254702240549, 'hidden_continuous_size': 21, 'attention_head_size': 2, 'learning_rate': 0.004839970608449673}. Best is trial 29 with value: 0.7182834148406982.
LOCAL_RANK: 0 - CUDA_VISIBLE_DEVICES: [0]
[I 2023-11-30 14:58:50,264] Trial 55 finished with value: 1.0452607870101929 and parameters: {'gradient_clip_val': 0.3066127561046387, 'hidden_size': 140, 'dropout': 0.2929893084272609, 'hidden_continuous_size': 14, 'attention_head_size': 3, 'learning_rate': 0.0059338416593843046}. Best is trial 29 with value: 0.7182834148406982.
LOCAL_RANK: 0 - CUDA_VISIBLE_DEVICES: [0]
[I 2023-11-30 14:59:04,160] Trial 56 finished with value: 0.9551073908805847 and parameters: {'gradient_clip_val': 0.3913466693825089, 'hidden_size': 121, 'dropout': 0.2650689360732566, 'hidden_continuous_size': 25, 'attention_head_size': 1, 'learning_rate': 0.010269567719952247}. Best is trial 29 with value: 0.7182834148406982.
LOCAL_RANK: 0 - CUDA_VISIBLE_DEVICES: [0]
[I 2023-11-30 14:59:17,417] Trial 57 finished with value: 0.7491782307624817 and parameters: {'gradient_clip_val': 0.3639751825838892, 'hidden_size': 61, 'dropout': 0.3064644425678481, 'hidden_continuous_size': 29, 'attention_head_size': 2, 'learning_rate': 0.003122769939676942}. Best is trial 29 with value: 0.7182834148406982.
LOCAL_RANK: 0 - CUDA_VISIBLE_DEVICES: [0]
[I 2023-11-30 14:59:30,420] Trial 58 finished with value: 1.001254916191101 and parameters: {'gradient_clip_val': 0.43530124442263496, 'hidden_size': 69, 'dropout': 0.255002733429164, 'hidden_continuous_size': 11, 'attention_head_size': 2, 'learning_rate': 0.0023105207620481866}. Best is trial 29 with value: 0.7182834148406982.
LOCAL_RANK: 0 - CUDA_VISIBLE_DEVICES: [0]
[I 2023-11-30 14:59:44,158] Trial 59 finished with value: 0.9078052639961243 and parameters: {'gradient_clip_val': 0.33845809893676737, 'hidden_size': 101, 'dropout': 0.2856013869119364, 'hidden_continuous_size': 29, 'attention_head_size': 3, 'learning_rate': 0.004116297044716955}. Best is trial 29 with value: 0.7182834148406982.
LOCAL_RANK: 0 - CUDA_VISIBLE_DEVICES: [0]
[I 2023-11-30 14:59:58,182] Trial 60 finished with value: 0.9996150135993958 and parameters: {'gradient_clip_val': 0.2918399349889073, 'hidden_size': 139, 'dropout': 0.2695729678663391, 'hidden_continuous_size': 24, 'attention_head_size': 1, 'learning_rate': 0.008638019137141252}. Best is trial 29 with value: 0.7182834148406982.
LOCAL_RANK: 0 - CUDA_VISIBLE_DEVICES: [0]
[I 2023-11-30 15:00:11,974] Trial 61 finished with value: 0.7352867722511292 and parameters: {'gradient_clip_val': 0.493176443530944, 'hidden_size': 86, 'dropout': 0.23371413105383754, 'hidden_continuous_size': 33, 'attention_head_size': 2, 'learning_rate': 0.004122590630360453}. Best is trial 29 with value: 0.7182834148406982.
LOCAL_RANK: 0 - CUDA_VISIBLE_DEVICES: [0]
[I 2023-11-30 15:00:25,614] Trial 62 finished with value: 0.8550273776054382 and parameters: {'gradient_clip_val': 0.39739047277913403, 'hidden_size': 87, 'dropout': 0.24665731415430422, 'hidden_continuous_size': 34, 'attention_head_size': 2, 'learning_rate': 0.004424236357943962}. Best is trial 29 with value: 0.7182834148406982.
LOCAL_RANK: 0 - CUDA_VISIBLE_DEVICES: [0]
[I 2023-11-30 15:00:38,942] Trial 63 finished with value: 0.9568614363670349 and parameters: {'gradient_clip_val': 0.5169450182490692, 'hidden_size': 77, 'dropout': 0.22435629313546585, 'hidden_continuous_size': 31, 'attention_head_size': 2, 'learning_rate': 0.007139407037650059}. Best is trial 29 with value: 0.7182834148406982.
LOCAL_RANK: 0 - CUDA_VISIBLE_DEVICES: [0]
[I 2023-11-30 15:00:52,743] Trial 64 finished with value: 0.7904658317565918 and parameters: {'gradient_clip_val': 0.5665997050647233, 'hidden_size': 111, 'dropout': 0.2608712557177627, 'hidden_continuous_size': 42, 'attention_head_size': 2, 'learning_rate': 0.005235402124574108}. Best is trial 29 with value: 0.7182834148406982.
LOCAL_RANK: 0 - CUDA_VISIBLE_DEVICES: [0]
[I 2023-11-30 15:01:06,705] Trial 65 finished with value: 0.9134891033172607 and parameters: {'gradient_clip_val': 0.43662222564963227, 'hidden_size': 122, 'dropout': 0.28033060231585716, 'hidden_continuous_size': 46, 'attention_head_size': 2, 'learning_rate': 0.0035588410860875365}. Best is trial 29 with value: 0.7182834148406982.
LOCAL_RANK: 0 - CUDA_VISIBLE_DEVICES: [0]
[I 2023-11-30 15:01:21,222] Trial 66 finished with value: 0.7732656598091125 and parameters: {'gradient_clip_val': 0.49029820388951634, 'hidden_size': 98, 'dropout': 0.29865603319842665, 'hidden_continuous_size': 37, 'attention_head_size': 2, 'learning_rate': 0.006444182266970152}. Best is trial 29 with value: 0.7182834148406982.
LOCAL_RANK: 0 - CUDA_VISIBLE_DEVICES: [0]
[I 2023-11-30 15:01:35,865] Trial 67 finished with value: 0.7972073554992676 and parameters: {'gradient_clip_val': 0.5795248816613994, 'hidden_size': 86, 'dropout': 0.2883172515970209, 'hidden_continuous_size': 38, 'attention_head_size': 3, 'learning_rate': 0.0043797362059972604}. Best is trial 29 with value: 0.7182834148406982.
LOCAL_RANK: 0 - CUDA_VISIBLE_DEVICES: [0]
[I 2023-11-30 15:01:49,968] Trial 68 finished with value: 0.719264030456543 and parameters: {'gradient_clip_val': 0.3776220746020929, 'hidden_size': 69, 'dropout': 0.2511454054038448, 'hidden_continuous_size': 34, 'attention_head_size': 2, 'learning_rate': 0.005542926782527414}. Best is trial 29 with value: 0.7182834148406982.
LOCAL_RANK: 0 - CUDA_VISIBLE_DEVICES: [0]
[I 2023-11-30 15:02:04,125] Trial 69 finished with value: 0.8137055039405823 and parameters: {'gradient_clip_val': 0.398526868670892, 'hidden_size': 73, 'dropout': 0.24775687915135872, 'hidden_continuous_size': 33, 'attention_head_size': 2, 'learning_rate': 0.005375168989200632}. Best is trial 29 with value: 0.7182834148406982.
LOCAL_RANK: 0 - CUDA_VISIBLE_DEVICES: [0]
[I 2023-11-30 15:02:18,373] Trial 70 finished with value: 0.7815223336219788 and parameters: {'gradient_clip_val': 0.34526050533308394, 'hidden_size': 105, 'dropout': 0.21602974638842903, 'hidden_continuous_size': 28, 'attention_head_size': 1, 'learning_rate': 0.003016024411572821}. Best is trial 29 with value: 0.7182834148406982.
LOCAL_RANK: 0 - CUDA_VISIBLE_DEVICES: [0]
[I 2023-11-30 15:02:32,621] Trial 71 finished with value: 0.8237437605857849 and parameters: {'gradient_clip_val': 0.3782450018908865, 'hidden_size': 66, 'dropout': 0.27530857923083035, 'hidden_continuous_size': 35, 'attention_head_size': 2, 'learning_rate': 0.007609313603457546}. Best is trial 29 with value: 0.7182834148406982.
LOCAL_RANK: 0 - CUDA_VISIBLE_DEVICES: [0]
[I 2023-11-30 15:02:46,703] Trial 72 finished with value: 0.793056309223175 and parameters: {'gradient_clip_val': 0.45946178916714364, 'hidden_size': 57, 'dropout': 0.2338913298735749, 'hidden_continuous_size': 30, 'attention_head_size': 2, 'learning_rate': 0.006316740826373674}. Best is trial 29 with value: 0.7182834148406982.
LOCAL_RANK: 0 - CUDA_VISIBLE_DEVICES: [0]
[I 2023-11-30 15:03:00,529] Trial 73 finished with value: 0.7603288292884827 and parameters: {'gradient_clip_val': 0.4072568486076968, 'hidden_size': 80, 'dropout': 0.2661212074993506, 'hidden_continuous_size': 40, 'attention_head_size': 2, 'learning_rate': 0.003506009972536782}. Best is trial 29 with value: 0.7182834148406982.
LOCAL_RANK: 0 - CUDA_VISIBLE_DEVICES: [0]
[I 2023-11-30 15:03:15,153] Trial 74 finished with value: 0.805620014667511 and parameters: {'gradient_clip_val': 0.3246419511395563, 'hidden_size': 91, 'dropout': 0.2545250815088339, 'hidden_continuous_size': 27, 'attention_head_size': 2, 'learning_rate': 0.005570791817691523}. Best is trial 29 with value: 0.7182834148406982.
LOCAL_RANK: 0 - CUDA_VISIBLE_DEVICES: [0]
[I 2023-11-30 15:03:29,248] Trial 75 finished with value: 0.7694964408874512 and parameters: {'gradient_clip_val': 0.6618160361515733, 'hidden_size': 71, 'dropout': 0.2592339562821891, 'hidden_continuous_size': 36, 'attention_head_size': 2, 'learning_rate': 0.004377691307907687}. Best is trial 29 with value: 0.7182834148406982.
LOCAL_RANK: 0 - CUDA_VISIBLE_DEVICES: [0]
[I 2023-11-30 15:03:43,760] Trial 76 finished with value: 0.9730014204978943 and parameters: {'gradient_clip_val': 0.3591475761959457, 'hidden_size': 83, 'dropout': 0.23997391839705678, 'hidden_continuous_size': 32, 'attention_head_size': 3, 'learning_rate': 0.004776424614689535}. Best is trial 29 with value: 0.7182834148406982.
LOCAL_RANK: 0 - CUDA_VISIBLE_DEVICES: [0]
[I 2023-11-30 15:03:57,562] Trial 77 finished with value: 0.8964892029762268 and parameters: {'gradient_clip_val': 0.4557110405079992, 'hidden_size': 96, 'dropout': 0.2858716267076063, 'hidden_continuous_size': 30, 'attention_head_size': 2, 'learning_rate': 0.009013602441160224}. Best is trial 29 with value: 0.7182834148406982.
LOCAL_RANK: 0 - CUDA_VISIBLE_DEVICES: [0]
[I 2023-11-30 15:04:12,197] Trial 78 finished with value: 0.9705734252929688 and parameters: {'gradient_clip_val': 0.5314964961172522, 'hidden_size': 118, 'dropout': 0.2698999269188892, 'hidden_continuous_size': 19, 'attention_head_size': 1, 'learning_rate': 0.011108073282741807}. Best is trial 29 with value: 0.7182834148406982.
LOCAL_RANK: 0 - CUDA_VISIBLE_DEVICES: [0]
[I 2023-11-30 15:04:26,340] Trial 79 finished with value: 0.8545851111412048 and parameters: {'gradient_clip_val': 0.48635601512856735, 'hidden_size': 65, 'dropout': 0.3047092361219985, 'hidden_continuous_size': 39, 'attention_head_size': 2, 'learning_rate': 0.003942059456204591}. Best is trial 29 with value: 0.7182834148406982.
LOCAL_RANK: 0 - CUDA_VISIBLE_DEVICES: [0]
[I 2023-11-30 15:04:40,407] Trial 80 finished with value: 0.9346114993095398 and parameters: {'gradient_clip_val': 0.7655911186441609, 'hidden_size': 76, 'dropout': 0.25178000919245813, 'hidden_continuous_size': 42, 'attention_head_size': 3, 'learning_rate': 0.007120152019094922}. Best is trial 29 with value: 0.7182834148406982.
LOCAL_RANK: 0 - CUDA_VISIBLE_DEVICES: [0]
[I 2023-11-30 15:04:55,304] Trial 81 finished with value: 0.7963965535163879 and parameters: {'gradient_clip_val': 0.49860115526074156, 'hidden_size': 86, 'dropout': 0.23239764595771145, 'hidden_continuous_size': 33, 'attention_head_size': 2, 'learning_rate': 0.003829618492707088}. Best is trial 29 with value: 0.7182834148406982.
LOCAL_RANK: 0 - CUDA_VISIBLE_DEVICES: [0]
[I 2023-11-30 15:05:09,563] Trial 82 finished with value: 0.7888052463531494 and parameters: {'gradient_clip_val': 0.6001212517173947, 'hidden_size': 81, 'dropout': 0.2405918512195763, 'hidden_continuous_size': 34, 'attention_head_size': 2, 'learning_rate': 0.0033138208825769446}. Best is trial 29 with value: 0.7182834148406982.
LOCAL_RANK: 0 - CUDA_VISIBLE_DEVICES: [0]
[I 2023-11-30 15:05:24,234] Trial 83 finished with value: 0.9039173126220703 and parameters: {'gradient_clip_val': 0.4165234084325824, 'hidden_size': 97, 'dropout': 0.27957785434948934, 'hidden_continuous_size': 37, 'attention_head_size': 2, 'learning_rate': 0.005477354913326053}. Best is trial 29 with value: 0.7182834148406982.
LOCAL_RANK: 0 - CUDA_VISIBLE_DEVICES: [0]
[I 2023-11-30 15:05:38,936] Trial 84 finished with value: 0.8777162432670593 and parameters: {'gradient_clip_val': 0.5521375287001195, 'hidden_size': 110, 'dropout': 0.22777324755668796, 'hidden_continuous_size': 50, 'attention_head_size': 2, 'learning_rate': 0.0038492820188012885}. Best is trial 29 with value: 0.7182834148406982.
LOCAL_RANK: 0 - CUDA_VISIBLE_DEVICES: [0]
[I 2023-11-30 15:05:53,050] Trial 85 finished with value: 0.8907727599143982 and parameters: {'gradient_clip_val': 0.44395034373669634, 'hidden_size': 70, 'dropout': 0.21891021891234713, 'hidden_continuous_size': 36, 'attention_head_size': 2, 'learning_rate': 0.004507232100319008}. Best is trial 29 with value: 0.7182834148406982.
LOCAL_RANK: 0 - CUDA_VISIBLE_DEVICES: [0]
[I 2023-11-30 15:06:07,285] Trial 86 finished with value: 0.9311051964759827 and parameters: {'gradient_clip_val': 0.47764445841933284, 'hidden_size': 91, 'dropout': 0.24651478570087398, 'hidden_continuous_size': 32, 'attention_head_size': 2, 'learning_rate': 0.006604323357331171}. Best is trial 29 with value: 0.7182834148406982.
LOCAL_RANK: 0 - CUDA_VISIBLE_DEVICES: [0]
[I 2023-11-30 15:06:21,929] Trial 87 finished with value: 0.7789618372917175 and parameters: {'gradient_clip_val': 0.3778558984232191, 'hidden_size': 130, 'dropout': 0.2613089881131345, 'hidden_continuous_size': 57, 'attention_head_size': 2, 'learning_rate': 0.003050170049134841}. Best is trial 29 with value: 0.7182834148406982.
LOCAL_RANK: 0 - CUDA_VISIBLE_DEVICES: [0]
[I 2023-11-30 15:06:36,175] Trial 88 finished with value: 0.8561294674873352 and parameters: {'gradient_clip_val': 0.5205238875600559, 'hidden_size': 104, 'dropout': 0.28989451943096384, 'hidden_continuous_size': 44, 'attention_head_size': 2, 'learning_rate': 0.00512583336791731}. Best is trial 29 with value: 0.7182834148406982.
LOCAL_RANK: 0 - CUDA_VISIBLE_DEVICES: [0]
[I 2023-11-30 15:06:51,291] Trial 89 finished with value: 1.0045987367630005 and parameters: {'gradient_clip_val': 0.4176091504871633, 'hidden_size': 141, 'dropout': 0.2379317833103052, 'hidden_continuous_size': 49, 'attention_head_size': 4, 'learning_rate': 0.005785735308243732}. Best is trial 29 with value: 0.7182834148406982.
LOCAL_RANK: 0 - CUDA_VISIBLE_DEVICES: [0]
[I 2023-11-30 15:07:05,342] Trial 90 finished with value: 0.8157375454902649 and parameters: {'gradient_clip_val': 0.48915860139727113, 'hidden_size': 84, 'dropout': 0.2725417171523753, 'hidden_continuous_size': 42, 'attention_head_size': 1, 'learning_rate': 0.008237075865259173}. Best is trial 29 with value: 0.7182834148406982.
LOCAL_RANK: 0 - CUDA_VISIBLE_DEVICES: [0]
[I 2023-11-30 15:07:19,382] Trial 91 finished with value: 0.7842226624488831 and parameters: {'gradient_clip_val': 0.36933795280491777, 'hidden_size': 61, 'dropout': 0.31512391825821684, 'hidden_continuous_size': 34, 'attention_head_size': 2, 'learning_rate': 0.0030067727453290507}. Best is trial 29 with value: 0.7182834148406982.
LOCAL_RANK: 0 - CUDA_VISIBLE_DEVICES: [0]
