[I 2023-11-29 21:35:21,673] Trial 105 finished with value: 0.15092633664608002 and parameters: {'gradient_clip_val': 0.33286444850338587, 'hidden_size': 36, 'dropout': 0.30075589938034186, 'hidden_continuous_size': 10, 'attention_head_size': 3, 'learning_rate': 0.0457138921799566}. Best is trial 68 with value: 0.08373644202947617.
LOCAL_RANK: 0 - CUDA_VISIBLE_DEVICES: [0]
[I 2023-11-29 21:35:33,852] Trial 106 finished with value: 0.10745901614427567 and parameters: {'gradient_clip_val': 0.3794230984841651, 'hidden_size': 25, 'dropout': 0.2938547987758738, 'hidden_continuous_size': 16, 'attention_head_size': 2, 'learning_rate': 0.0816079931005912}. Best is trial 68 with value: 0.08373644202947617.
LOCAL_RANK: 0 - CUDA_VISIBLE_DEVICES: [0]
[I 2023-11-29 21:35:46,294] Trial 107 finished with value: 0.11344441026449203 and parameters: {'gradient_clip_val': 0.4175599923034657, 'hidden_size': 52, 'dropout': 0.31956130552906364, 'hidden_continuous_size': 14, 'attention_head_size': 1, 'learning_rate': 0.07034610934096046}. Best is trial 68 with value: 0.08373644202947617.
LOCAL_RANK: 0 - CUDA_VISIBLE_DEVICES: [0]
[I 2023-11-29 21:35:58,873] Trial 108 finished with value: 0.11920220404863358 and parameters: {'gradient_clip_val': 0.3463010209099981, 'hidden_size': 34, 'dropout': 0.35117211970734635, 'hidden_continuous_size': 13, 'attention_head_size': 3, 'learning_rate': 0.05478362185818665}. Best is trial 68 with value: 0.08373644202947617.
LOCAL_RANK: 0 - CUDA_VISIBLE_DEVICES: [0]
[I 2023-11-29 21:36:11,506] Trial 109 finished with value: 0.14980719983577728 and parameters: {'gradient_clip_val': 0.3942576985830615, 'hidden_size': 46, 'dropout': 0.38822497959255936, 'hidden_continuous_size': 11, 'attention_head_size': 2, 'learning_rate': 0.04242965382879727}. Best is trial 68 with value: 0.08373644202947617.
LOCAL_RANK: 0 - CUDA_VISIBLE_DEVICES: [0]
[I 2023-11-29 21:36:25,041] Trial 110 finished with value: 0.10866507142782211 and parameters: {'gradient_clip_val': 0.29663565682780546, 'hidden_size': 82, 'dropout': 0.38119156384727537, 'hidden_continuous_size': 15, 'attention_head_size': 3, 'learning_rate': 0.062459406778992616}. Best is trial 68 with value: 0.08373644202947617.
LOCAL_RANK: 0 - CUDA_VISIBLE_DEVICES: [0]
[I 2023-11-29 21:36:37,225] Trial 111 finished with value: 0.09297263622283936 and parameters: {'gradient_clip_val': 0.4500178347261794, 'hidden_size': 27, 'dropout': 0.30709235612546293, 'hidden_continuous_size': 13, 'attention_head_size': 4, 'learning_rate': 0.08931997719986323}. Best is trial 68 with value: 0.08373644202947617.
LOCAL_RANK: 0 - CUDA_VISIBLE_DEVICES: [0]
[I 2023-11-29 21:36:49,671] Trial 112 finished with value: 0.19350643455982208 and parameters: {'gradient_clip_val': 0.444513981682208, 'hidden_size': 30, 'dropout': 0.31058514983219265, 'hidden_continuous_size': 13, 'attention_head_size': 4, 'learning_rate': 0.09427455518382809}. Best is trial 68 with value: 0.08373644202947617.
LOCAL_RANK: 0 - CUDA_VISIBLE_DEVICES: [0]
[I 2023-11-29 21:37:02,175] Trial 113 finished with value: 0.13466566801071167 and parameters: {'gradient_clip_val': 0.4319794026456554, 'hidden_size': 40, 'dropout': 0.34031869274484, 'hidden_continuous_size': 12, 'attention_head_size': 4, 'learning_rate': 0.08083469697595563}. Best is trial 68 with value: 0.08373644202947617.
LOCAL_RANK: 0 - CUDA_VISIBLE_DEVICES: [0]
[I 2023-11-29 21:37:14,447] Trial 114 finished with value: 0.08400099724531174 and parameters: {'gradient_clip_val': 0.4721552808219415, 'hidden_size': 27, 'dropout': 0.32711146934284424, 'hidden_continuous_size': 14, 'attention_head_size': 4, 'learning_rate': 0.07544752931610367}. Best is trial 68 with value: 0.08373644202947617.
LOCAL_RANK: 0 - CUDA_VISIBLE_DEVICES: [0]
[I 2023-11-29 21:37:26,889] Trial 115 finished with value: 0.13139265775680542 and parameters: {'gradient_clip_val': 0.47561298270094615, 'hidden_size': 32, 'dropout': 0.3328823269956817, 'hidden_continuous_size': 14, 'attention_head_size': 4, 'learning_rate': 0.07213052654207537}. Best is trial 68 with value: 0.08373644202947617.
LOCAL_RANK: 0 - CUDA_VISIBLE_DEVICES: [0]
[I 2023-11-29 21:37:38,968] Trial 116 finished with value: 0.13809318840503693 and parameters: {'gradient_clip_val': 0.5155440521629213, 'hidden_size': 28, 'dropout': 0.32438258149707627, 'hidden_continuous_size': 13, 'attention_head_size': 4, 'learning_rate': 0.09043466342268253}. Best is trial 68 with value: 0.08373644202947617.
LOCAL_RANK: 0 - CUDA_VISIBLE_DEVICES: [0]
[I 2023-11-29 21:37:52,906] Trial 117 finished with value: 0.12938223779201508 and parameters: {'gradient_clip_val': 0.4560844480595533, 'hidden_size': 109, 'dropout': 0.34352349316608966, 'hidden_continuous_size': 24, 'attention_head_size': 4, 'learning_rate': 0.08539590353242897}. Best is trial 68 with value: 0.08373644202947617.
LOCAL_RANK: 0 - CUDA_VISIBLE_DEVICES: [0]
[I 2023-11-29 21:38:05,863] Trial 118 finished with value: 0.14979346096515656 and parameters: {'gradient_clip_val': 0.4114594962437381, 'hidden_size': 57, 'dropout': 0.31625610843204366, 'hidden_continuous_size': 15, 'attention_head_size': 4, 'learning_rate': 0.09952246475030158}. Best is trial 68 with value: 0.08373644202947617.
LOCAL_RANK: 0 - CUDA_VISIBLE_DEVICES: [0]
[I 2023-11-29 21:38:18,083] Trial 119 finished with value: 0.13214923441410065 and parameters: {'gradient_clip_val': 0.5015199726909471, 'hidden_size': 23, 'dropout': 0.358445014680776, 'hidden_continuous_size': 14, 'attention_head_size': 4, 'learning_rate': 0.050229873829592916}. Best is trial 68 with value: 0.08373644202947617.
LOCAL_RANK: 0 - CUDA_VISIBLE_DEVICES: [0]
[I 2023-11-29 21:38:31,559] Trial 120 finished with value: 0.06480586528778076 and parameters: {'gradient_clip_val': 0.372650804749534, 'hidden_size': 65, 'dropout': 0.2894372396302768, 'hidden_continuous_size': 16, 'attention_head_size': 4, 'learning_rate': 0.058503294105108856}. Best is trial 120 with value: 0.06480586528778076.
LOCAL_RANK: 0 - CUDA_VISIBLE_DEVICES: [0]
[I 2023-11-29 21:38:44,864] Trial 121 finished with value: 0.1371711939573288 and parameters: {'gradient_clip_val': 0.3727834963197129, 'hidden_size': 66, 'dropout': 0.32660267961872985, 'hidden_continuous_size': 16, 'attention_head_size': 4, 'learning_rate': 0.05751996150967843}. Best is trial 120 with value: 0.06480586528778076.
LOCAL_RANK: 0 - CUDA_VISIBLE_DEVICES: [0]
[I 2023-11-29 21:38:58,103] Trial 122 finished with value: 0.10119879245758057 and parameters: {'gradient_clip_val': 0.3507422061537676, 'hidden_size': 63, 'dropout': 0.30318517509524684, 'hidden_continuous_size': 15, 'attention_head_size': 4, 'learning_rate': 0.0680801133790883}. Best is trial 120 with value: 0.06480586528778076.
LOCAL_RANK: 0 - CUDA_VISIBLE_DEVICES: [0]
[I 2023-11-29 21:39:10,407] Trial 123 finished with value: 0.14708109200000763 and parameters: {'gradient_clip_val': 0.3854860764519579, 'hidden_size': 27, 'dropout': 0.30849973063730945, 'hidden_continuous_size': 17, 'attention_head_size': 4, 'learning_rate': 0.07608231017296474}. Best is trial 120 with value: 0.06480586528778076.
LOCAL_RANK: 0 - CUDA_VISIBLE_DEVICES: [0]
[I 2023-11-29 21:39:23,416] Trial 124 finished with value: 0.13658075034618378 and parameters: {'gradient_clip_val': 0.4094503444961847, 'hidden_size': 61, 'dropout': 0.33597580838122487, 'hidden_continuous_size': 16, 'attention_head_size': 4, 'learning_rate': 0.04525066040908938}. Best is trial 120 with value: 0.06480586528778076.
LOCAL_RANK: 0 - CUDA_VISIBLE_DEVICES: [0]
[I 2023-11-29 21:39:36,391] Trial 125 finished with value: 0.09558451920747757 and parameters: {'gradient_clip_val': 0.3596222705390701, 'hidden_size': 52, 'dropout': 0.2878578619563188, 'hidden_continuous_size': 18, 'attention_head_size': 4, 'learning_rate': 0.053714693747158905}. Best is trial 120 with value: 0.06480586528778076.
LOCAL_RANK: 0 - CUDA_VISIBLE_DEVICES: [0]
[I 2023-11-29 21:39:49,343] Trial 126 finished with value: 0.1038007140159607 and parameters: {'gradient_clip_val': 0.3348291333447458, 'hidden_size': 56, 'dropout': 0.2876830246681851, 'hidden_continuous_size': 18, 'attention_head_size': 4, 'learning_rate': 0.0587835059610882}. Best is trial 120 with value: 0.06480586528778076.
LOCAL_RANK: 0 - CUDA_VISIBLE_DEVICES: [0]
[I 2023-11-29 21:40:02,066] Trial 127 finished with value: 0.13650380074977875 and parameters: {'gradient_clip_val': 0.47284974501341587, 'hidden_size': 52, 'dropout': 0.28957471912335636, 'hidden_continuous_size': 19, 'attention_head_size': 4, 'learning_rate': 0.06620415628556402}. Best is trial 120 with value: 0.06480586528778076.
LOCAL_RANK: 0 - CUDA_VISIBLE_DEVICES: [0]
[I 2023-11-29 21:40:14,888] Trial 128 finished with value: 0.11821967363357544 and parameters: {'gradient_clip_val': 0.36355981848692664, 'hidden_size': 47, 'dropout': 0.2733938827886533, 'hidden_continuous_size': 17, 'attention_head_size': 4, 'learning_rate': 0.05163000668691664}. Best is trial 120 with value: 0.06480586528778076.
LOCAL_RANK: 0 - CUDA_VISIBLE_DEVICES: [0]
[I 2023-11-29 21:40:27,674] Trial 129 finished with value: 0.105448879301548 and parameters: {'gradient_clip_val': 0.3212788605755031, 'hidden_size': 43, 'dropout': 0.31710465797347875, 'hidden_continuous_size': 18, 'attention_head_size': 4, 'learning_rate': 0.07655977877520877}. Best is trial 120 with value: 0.06480586528778076.
LOCAL_RANK: 0 - CUDA_VISIBLE_DEVICES: [0]
[I 2023-11-29 21:40:41,140] Trial 130 finished with value: 0.18262888491153717 and parameters: {'gradient_clip_val': 0.42846812067099077, 'hidden_size': 72, 'dropout': 0.29934763162844474, 'hidden_continuous_size': 23, 'attention_head_size': 4, 'learning_rate': 0.08522927378601403}. Best is trial 120 with value: 0.06480586528778076.
LOCAL_RANK: 0 - CUDA_VISIBLE_DEVICES: [0]
[I 2023-11-29 21:40:54,040] Trial 131 finished with value: 0.10722386837005615 and parameters: {'gradient_clip_val': 0.38539954992367675, 'hidden_size': 51, 'dropout': 0.29374334311657496, 'hidden_continuous_size': 21, 'attention_head_size': 2, 'learning_rate': 0.048841963569262244}. Best is trial 120 with value: 0.06480586528778076.
LOCAL_RANK: 0 - CUDA_VISIBLE_DEVICES: [0]
[I 2023-11-29 21:41:06,785] Trial 132 finished with value: 0.13714133203029633 and parameters: {'gradient_clip_val': 0.3408094403725728, 'hidden_size': 55, 'dropout': 0.3133026987516091, 'hidden_continuous_size': 15, 'attention_head_size': 1, 'learning_rate': 0.054206161131364165}. Best is trial 120 with value: 0.06480586528778076.
LOCAL_RANK: 0 - CUDA_VISIBLE_DEVICES: [0]
[I 2023-11-29 21:41:19,412] Trial 133 finished with value: 0.14524471759796143 and parameters: {'gradient_clip_val': 0.36019857027056684, 'hidden_size': 48, 'dropout': 0.30490520066982507, 'hidden_continuous_size': 14, 'attention_head_size': 4, 'learning_rate': 0.03853724191301877}. Best is trial 120 with value: 0.06480586528778076.
LOCAL_RANK: 0 - CUDA_VISIBLE_DEVICES: [0]
[I 2023-11-29 21:41:32,319] Trial 134 finished with value: 0.15324990451335907 and parameters: {'gradient_clip_val': 0.31282170561358724, 'hidden_size': 59, 'dropout': 0.33107756133224564, 'hidden_continuous_size': 16, 'attention_head_size': 2, 'learning_rate': 0.05965177470741298}. Best is trial 120 with value: 0.06480586528778076.
LOCAL_RANK: 0 - CUDA_VISIBLE_DEVICES: [0]
[I 2023-11-29 21:41:45,163] Trial 135 finished with value: 0.1609582006931305 and parameters: {'gradient_clip_val': 0.3907707769202581, 'hidden_size': 53, 'dropout': 0.3221215201022641, 'hidden_continuous_size': 13, 'attention_head_size': 1, 'learning_rate': 0.041882628224584564}. Best is trial 120 with value: 0.06480586528778076.
LOCAL_RANK: 0 - CUDA_VISIBLE_DEVICES: [0]
[I 2023-11-29 21:41:58,213] Trial 136 finished with value: 0.13661210238933563 and parameters: {'gradient_clip_val': 0.44940330279964635, 'hidden_size': 63, 'dropout': 0.3994031144818087, 'hidden_continuous_size': 16, 'attention_head_size': 2, 'learning_rate': 0.06521679139060242}. Best is trial 120 with value: 0.06480586528778076.
LOCAL_RANK: 0 - CUDA_VISIBLE_DEVICES: [0]
[I 2023-11-29 21:42:11,087] Trial 137 finished with value: 0.10675853490829468 and parameters: {'gradient_clip_val': 0.2829874661962246, 'hidden_size': 49, 'dropout': 0.28100782315358486, 'hidden_continuous_size': 17, 'attention_head_size': 4, 'learning_rate': 0.047927142435471415}. Best is trial 120 with value: 0.06480586528778076.
LOCAL_RANK: 0 - CUDA_VISIBLE_DEVICES: [0]
[I 2023-11-29 21:42:23,227] Trial 138 finished with value: 0.18118904531002045 and parameters: {'gradient_clip_val': 0.4088748087241611, 'hidden_size': 25, 'dropout': 0.34767639206391604, 'hidden_continuous_size': 14, 'attention_head_size': 1, 'learning_rate': 0.03389519856373122}. Best is trial 120 with value: 0.06480586528778076.
LOCAL_RANK: 0 - CUDA_VISIBLE_DEVICES: [0]
[I 2023-11-29 21:42:35,455] Trial 139 finished with value: 0.16604676842689514 and parameters: {'gradient_clip_val': 0.37052822324071594, 'hidden_size': 21, 'dropout': 0.32869365777744275, 'hidden_continuous_size': 10, 'attention_head_size': 4, 'learning_rate': 0.0734692412354164}. Best is trial 120 with value: 0.06480586528778076.
LOCAL_RANK: 0 - CUDA_VISIBLE_DEVICES: [0]
[I 2023-11-29 21:42:48,196] Trial 140 finished with value: 0.17272745072841644 and parameters: {'gradient_clip_val': 0.3500449619653782, 'hidden_size': 37, 'dropout': 0.29718131498790484, 'hidden_continuous_size': 19, 'attention_head_size': 2, 'learning_rate': 0.05472330868351747}. Best is trial 120 with value: 0.06480586528778076.
LOCAL_RANK: 0 - CUDA_VISIBLE_DEVICES: [0]
[I 2023-11-29 21:43:00,312] Trial 141 finished with value: 0.17182336747646332 and parameters: {'gradient_clip_val': 0.5374995507421675, 'hidden_size': 25, 'dropout': 0.31685493392965014, 'hidden_continuous_size': 11, 'attention_head_size': 3, 'learning_rate': 0.06316806281121294}. Best is trial 120 with value: 0.06480586528778076.
LOCAL_RANK: 0 - CUDA_VISIBLE_DEVICES: [0]
[I 2023-11-29 21:43:12,802] Trial 142 finished with value: 0.0770048275589943 and parameters: {'gradient_clip_val': 0.5792683654088612, 'hidden_size': 30, 'dropout': 0.3116123000580306, 'hidden_continuous_size': 12, 'attention_head_size': 3, 'learning_rate': 0.06946991048468996}. Best is trial 120 with value: 0.06480586528778076.
LOCAL_RANK: 0 - CUDA_VISIBLE_DEVICES: [0]
[I 2023-11-29 21:43:25,219] Trial 143 finished with value: 0.14859852194786072 and parameters: {'gradient_clip_val': 0.6558750398748726, 'hidden_size': 31, 'dropout': 0.3113574168236563, 'hidden_continuous_size': 12, 'attention_head_size': 3, 'learning_rate': 0.06946910883576546}. Best is trial 120 with value: 0.06480586528778076.
LOCAL_RANK: 0 - CUDA_VISIBLE_DEVICES: [0]
[I 2023-11-29 21:43:37,707] Trial 144 finished with value: 0.14680050313472748 and parameters: {'gradient_clip_val': 0.5946893075234913, 'hidden_size': 29, 'dropout': 0.3370581335605851, 'hidden_continuous_size': 18, 'attention_head_size': 3, 'learning_rate': 0.045561112387927837}. Best is trial 120 with value: 0.06480586528778076.
LOCAL_RANK: 0 - CUDA_VISIBLE_DEVICES: [0]
[I 2023-11-29 21:43:50,353] Trial 145 finished with value: 0.16572615504264832 and parameters: {'gradient_clip_val': 0.4923161453250752, 'hidden_size': 35, 'dropout': 0.3057691316173041, 'hidden_continuous_size': 13, 'attention_head_size': 3, 'learning_rate': 0.08026874322113953}. Best is trial 120 with value: 0.06480586528778076.
LOCAL_RANK: 0 - CUDA_VISIBLE_DEVICES: [0]
[I 2023-11-29 21:44:03,295] Trial 146 finished with value: 0.07789957523345947 and parameters: {'gradient_clip_val': 0.4254551084517739, 'hidden_size': 44, 'dropout': 0.3246335436345052, 'hidden_continuous_size': 42, 'attention_head_size': 1, 'learning_rate': 0.09011289735021796}. Best is trial 120 with value: 0.06480586528778076.
LOCAL_RANK: 0 - CUDA_VISIBLE_DEVICES: [0]
[I 2023-11-29 21:44:16,458] Trial 147 finished with value: 0.10059333592653275 and parameters: {'gradient_clip_val': 0.430849457859898, 'hidden_size': 45, 'dropout': 0.3231064398291519, 'hidden_continuous_size': 41, 'attention_head_size': 3, 'learning_rate': 0.09393536894747012}. Best is trial 120 with value: 0.06480586528778076.
LOCAL_RANK: 0 - CUDA_VISIBLE_DEVICES: [0]
[I 2023-11-29 21:44:29,157] Trial 148 finished with value: 0.11543581634759903 and parameters: {'gradient_clip_val': 0.4571722710784543, 'hidden_size': 43, 'dropout': 0.2997483242800814, 'hidden_continuous_size': 29, 'attention_head_size': 1, 'learning_rate': 0.08715652617488319}. Best is trial 120 with value: 0.06480586528778076.
LOCAL_RANK: 0 - CUDA_VISIBLE_DEVICES: [0]
[I 2023-11-29 21:44:41,554] Trial 149 finished with value: 0.17083658277988434 and parameters: {'gradient_clip_val': 0.4723624051143954, 'hidden_size': 40, 'dropout': 0.31010676715587476, 'hidden_continuous_size': 20, 'attention_head_size': 2, 'learning_rate': 0.09983119603363844}. Best is trial 120 with value: 0.06480586528778076.
[I 2023-11-29 21:44:41,686] A new study created in memory with name: no-name-35d091bf-b076-42b9-845b-aa4699734c40
/home/le004/conda/anaconda3/envs/tsff_env/lib/python3.9/site-packages/lightning/fabric/plugins/environments/slurm.py:191: The `srun` command is available on your system but is not used. HINT: If your intention is to run Lightning on SLURM, prepend your python command with `srun` like so: srun python /home/le004/master_thesis/git/TSFusionForecast/code/ ...
LOCAL_RANK: 0 - CUDA_VISIBLE_DEVICES: [0]
[I 2023-11-29 21:44:53,591] Trial 0 finished with value: 0.24284352362155914 and parameters: {'gradient_clip_val': 0.28959197924940944, 'hidden_size': 12, 'dropout': 0.2111901228692985, 'hidden_continuous_size': 11, 'attention_head_size': 2, 'learning_rate': 0.07931005492266434}. Best is trial 0 with value: 0.24284352362155914.
LOCAL_RANK: 0 - CUDA_VISIBLE_DEVICES: [0]
[I 2023-11-29 21:45:05,902] Trial 1 finished with value: 0.5521383881568909 and parameters: {'gradient_clip_val': 0.32521652353780267, 'hidden_size': 32, 'dropout': 0.3438096910364057, 'hidden_continuous_size': 26, 'attention_head_size': 2, 'learning_rate': 0.0053789667953591915}. Best is trial 0 with value: 0.24284352362155914.
LOCAL_RANK: 0 - CUDA_VISIBLE_DEVICES: [0]
[I 2023-11-29 21:45:19,325] Trial 2 finished with value: 0.15354451537132263 and parameters: {'gradient_clip_val': 0.13566411396059266, 'hidden_size': 78, 'dropout': 0.10638085719152607, 'hidden_continuous_size': 29, 'attention_head_size': 3, 'learning_rate': 0.019517672778554124}. Best is trial 2 with value: 0.15354451537132263.
LOCAL_RANK: 0 - CUDA_VISIBLE_DEVICES: [0]
[I 2023-11-29 21:45:32,706] Trial 3 finished with value: 0.42410269379615784 and parameters: {'gradient_clip_val': 0.11176325372543938, 'hidden_size': 66, 'dropout': 0.38960990179641497, 'hidden_continuous_size': 18, 'attention_head_size': 4, 'learning_rate': 0.007314524936666132}. Best is trial 2 with value: 0.15354451537132263.
LOCAL_RANK: 0 - CUDA_VISIBLE_DEVICES: [0]
[I 2023-11-29 21:45:44,817] Trial 4 finished with value: 0.208588108420372 and parameters: {'gradient_clip_val': 0.1065781343232114, 'hidden_size': 28, 'dropout': 0.25104545163673286, 'hidden_continuous_size': 16, 'attention_head_size': 3, 'learning_rate': 0.03793543940874741}. Best is trial 2 with value: 0.15354451537132263.
LOCAL_RANK: 0 - CUDA_VISIBLE_DEVICES: [0]
[I 2023-11-29 21:45:57,598] Trial 5 finished with value: 1.4110628366470337 and parameters: {'gradient_clip_val': 0.904451029739441, 'hidden_size': 42, 'dropout': 0.2636141691306202, 'hidden_continuous_size': 21, 'attention_head_size': 1, 'learning_rate': 0.0021531106501939032}. Best is trial 2 with value: 0.15354451537132263.
LOCAL_RANK: 0 - CUDA_VISIBLE_DEVICES: [0]
[I 2023-11-29 21:46:10,589] Trial 6 finished with value: 1.5482088327407837 and parameters: {'gradient_clip_val': 0.3131782374116181, 'hidden_size': 51, 'dropout': 0.1797759340137054, 'hidden_continuous_size': 32, 'attention_head_size': 3, 'learning_rate': 0.0011236447217759745}. Best is trial 2 with value: 0.15354451537132263.
LOCAL_RANK: 0 - CUDA_VISIBLE_DEVICES: [0]
[I 2023-11-29 21:46:23,605] Trial 7 finished with value: 0.12113698571920395 and parameters: {'gradient_clip_val': 0.13624524257673465, 'hidden_size': 75, 'dropout': 0.14896905945407285, 'hidden_continuous_size': 11, 'attention_head_size': 2, 'learning_rate': 0.018207912105681328}. Best is trial 7 with value: 0.12113698571920395.
LOCAL_RANK: 0 - CUDA_VISIBLE_DEVICES: [0]
[I 2023-11-29 21:46:36,956] Trial 8 finished with value: 0.12286067008972168 and parameters: {'gradient_clip_val': 0.9689241896466075, 'hidden_size': 74, 'dropout': 0.25086048437243086, 'hidden_continuous_size': 36, 'attention_head_size': 2, 'learning_rate': 0.08486445649575086}. Best is trial 7 with value: 0.12113698571920395.
LOCAL_RANK: 0 - CUDA_VISIBLE_DEVICES: [0]
[I 2023-11-29 21:46:50,647] Trial 9 finished with value: 0.500810444355011 and parameters: {'gradient_clip_val': 0.25861732798567516, 'hidden_size': 104, 'dropout': 0.2776117623008256, 'hidden_continuous_size': 34, 'attention_head_size': 2, 'learning_rate': 0.0019620911867978866}. Best is trial 7 with value: 0.12113698571920395.
LOCAL_RANK: 0 - CUDA_VISIBLE_DEVICES: [0]
[I 2023-11-29 21:47:04,902] Trial 10 finished with value: 0.10686475038528442 and parameters: {'gradient_clip_val': 0.17404103830142068, 'hidden_size': 144, 'dropout': 0.100768512435958, 'hidden_continuous_size': 68, 'attention_head_size': 1, 'learning_rate': 0.018382453966323015}. Best is trial 10 with value: 0.10686475038528442.
LOCAL_RANK: 0 - CUDA_VISIBLE_DEVICES: [0]
[I 2023-11-29 21:47:19,161] Trial 11 finished with value: 0.13992178440093994 and parameters: {'gradient_clip_val': 0.17019224254740728, 'hidden_size': 142, 'dropout': 0.10492499046370694, 'hidden_continuous_size': 70, 'attention_head_size': 1, 'learning_rate': 0.016984256750615382}. Best is trial 10 with value: 0.10686475038528442.
LOCAL_RANK: 0 - CUDA_VISIBLE_DEVICES: [0]
