[I 2023-11-30 11:00:10,066] Trial 46 finished with value: 0.1314002424478531 and parameters: {'gradient_clip_val': 0.1779041097917898, 'hidden_size': 43, 'dropout': 0.15480134672374796, 'hidden_continuous_size': 26, 'attention_head_size': 2, 'learning_rate': 0.07691187283721278}. Best is trial 44 with value: 0.09011583775281906.
LOCAL_RANK: 0 - CUDA_VISIBLE_DEVICES: [0]
[I 2023-11-30 11:00:23,064] Trial 47 finished with value: 0.16205035150051117 and parameters: {'gradient_clip_val': 0.20246759231772915, 'hidden_size': 53, 'dropout': 0.1998631883704074, 'hidden_continuous_size': 23, 'attention_head_size': 3, 'learning_rate': 0.09918999284589067}. Best is trial 44 with value: 0.09011583775281906.
LOCAL_RANK: 0 - CUDA_VISIBLE_DEVICES: [0]
[I 2023-11-30 11:00:36,261] Trial 48 finished with value: 0.24206186830997467 and parameters: {'gradient_clip_val': 0.18381676465316246, 'hidden_size': 62, 'dropout': 0.13798085090562903, 'hidden_continuous_size': 18, 'attention_head_size': 2, 'learning_rate': 0.06044678571259813}. Best is trial 44 with value: 0.09011583775281906.
LOCAL_RANK: 0 - CUDA_VISIBLE_DEVICES: [0]
[I 2023-11-30 11:00:48,901] Trial 49 finished with value: 0.1456316113471985 and parameters: {'gradient_clip_val': 0.20367644331413187, 'hidden_size': 39, 'dropout': 0.16792072922018011, 'hidden_continuous_size': 21, 'attention_head_size': 2, 'learning_rate': 0.04744623215823236}. Best is trial 44 with value: 0.09011583775281906.
LOCAL_RANK: 0 - CUDA_VISIBLE_DEVICES: [0]
[I 2023-11-30 11:01:01,406] Trial 50 finished with value: 0.1672801971435547 and parameters: {'gradient_clip_val': 0.25445366878423775, 'hidden_size': 34, 'dropout': 0.1578785843571612, 'hidden_continuous_size': 19, 'attention_head_size': 1, 'learning_rate': 0.06497618622444754}. Best is trial 44 with value: 0.09011583775281906.
LOCAL_RANK: 0 - CUDA_VISIBLE_DEVICES: [0]
[I 2023-11-30 11:01:14,713] Trial 51 finished with value: 0.12759093940258026 and parameters: {'gradient_clip_val': 0.22996117923492435, 'hidden_size': 70, 'dropout': 0.11305368026980661, 'hidden_continuous_size': 24, 'attention_head_size': 2, 'learning_rate': 0.07384139383565023}. Best is trial 44 with value: 0.09011583775281906.
LOCAL_RANK: 0 - CUDA_VISIBLE_DEVICES: [0]
[I 2023-11-30 11:01:28,068] Trial 52 finished with value: 0.13938575983047485 and parameters: {'gradient_clip_val': 0.30227013152347587, 'hidden_size': 59, 'dropout': 0.14182690621815436, 'hidden_continuous_size': 27, 'attention_head_size': 2, 'learning_rate': 0.04859062930726891}. Best is trial 44 with value: 0.09011583775281906.
LOCAL_RANK: 0 - CUDA_VISIBLE_DEVICES: [0]
[I 2023-11-30 11:01:41,200] Trial 53 finished with value: 0.24135656654834747 and parameters: {'gradient_clip_val': 0.26125956461386973, 'hidden_size': 50, 'dropout': 0.134945869968643, 'hidden_continuous_size': 21, 'attention_head_size': 2, 'learning_rate': 0.08254339334990056}. Best is trial 44 with value: 0.09011583775281906.
LOCAL_RANK: 0 - CUDA_VISIBLE_DEVICES: [0]
[I 2023-11-30 11:01:54,528] Trial 54 finished with value: 0.11808297038078308 and parameters: {'gradient_clip_val': 0.2151271635342008, 'hidden_size': 77, 'dropout': 0.10125571966805048, 'hidden_continuous_size': 14, 'attention_head_size': 2, 'learning_rate': 0.03580266599721538}. Best is trial 44 with value: 0.09011583775281906.
LOCAL_RANK: 0 - CUDA_VISIBLE_DEVICES: [0]
[I 2023-11-30 11:02:07,394] Trial 55 finished with value: 0.12723517417907715 and parameters: {'gradient_clip_val': 0.18628745772677885, 'hidden_size': 45, 'dropout': 0.1517043932281049, 'hidden_continuous_size': 22, 'attention_head_size': 3, 'learning_rate': 0.05478201356233116}. Best is trial 44 with value: 0.09011583775281906.
LOCAL_RANK: 0 - CUDA_VISIBLE_DEVICES: [0]
[I 2023-11-30 11:02:20,532] Trial 56 finished with value: 0.10979197174310684 and parameters: {'gradient_clip_val': 0.28708932574921964, 'hidden_size': 70, 'dropout': 0.11666006796962865, 'hidden_continuous_size': 17, 'attention_head_size': 2, 'learning_rate': 0.06263381910020577}. Best is trial 44 with value: 0.09011583775281906.
LOCAL_RANK: 0 - CUDA_VISIBLE_DEVICES: [0]
[I 2023-11-30 11:02:33,154] Trial 57 finished with value: 0.1315588355064392 and parameters: {'gradient_clip_val': 0.2878740472290634, 'hidden_size': 41, 'dropout': 0.17585280792759317, 'hidden_continuous_size': 11, 'attention_head_size': 3, 'learning_rate': 0.05969351146820922}. Best is trial 44 with value: 0.09011583775281906.
LOCAL_RANK: 0 - CUDA_VISIBLE_DEVICES: [0]
[I 2023-11-30 11:02:45,988] Trial 58 finished with value: 0.11653313040733337 and parameters: {'gradient_clip_val': 0.3096813580965261, 'hidden_size': 47, 'dropout': 0.11165119592697995, 'hidden_continuous_size': 17, 'attention_head_size': 2, 'learning_rate': 0.08942994004500125}. Best is trial 44 with value: 0.09011583775281906.
LOCAL_RANK: 0 - CUDA_VISIBLE_DEVICES: [0]
[I 2023-11-30 11:02:58,968] Trial 59 finished with value: 0.11439254134893417 and parameters: {'gradient_clip_val': 0.2663202578932071, 'hidden_size': 62, 'dropout': 0.18879025299941668, 'hidden_continuous_size': 12, 'attention_head_size': 1, 'learning_rate': 0.06761249063373834}. Best is trial 44 with value: 0.09011583775281906.
LOCAL_RANK: 0 - CUDA_VISIBLE_DEVICES: [0]
[I 2023-11-30 11:03:11,530] Trial 60 finished with value: 0.09408485144376755 and parameters: {'gradient_clip_val': 0.1551026133175492, 'hidden_size': 31, 'dropout': 0.14149144599923438, 'hidden_continuous_size': 19, 'attention_head_size': 3, 'learning_rate': 0.09861213425415292}. Best is trial 44 with value: 0.09011583775281906.
LOCAL_RANK: 0 - CUDA_VISIBLE_DEVICES: [0]
[I 2023-11-30 11:03:24,031] Trial 61 finished with value: 0.1822327822446823 and parameters: {'gradient_clip_val': 0.1572488181004619, 'hidden_size': 31, 'dropout': 0.1410149756495845, 'hidden_continuous_size': 19, 'attention_head_size': 3, 'learning_rate': 0.09379227801263168}. Best is trial 44 with value: 0.09011583775281906.
LOCAL_RANK: 0 - CUDA_VISIBLE_DEVICES: [0]
[I 2023-11-30 11:03:36,609] Trial 62 finished with value: 0.15264633297920227 and parameters: {'gradient_clip_val': 0.13729361221397454, 'hidden_size': 36, 'dropout': 0.1266170051735953, 'hidden_continuous_size': 17, 'attention_head_size': 3, 'learning_rate': 0.09844660897545014}. Best is trial 44 with value: 0.09011583775281906.
LOCAL_RANK: 0 - CUDA_VISIBLE_DEVICES: [0]
[I 2023-11-30 11:03:49,519] Trial 63 finished with value: 0.16928845643997192 and parameters: {'gradient_clip_val': 0.16795760151568698, 'hidden_size': 52, 'dropout': 0.16144634270185054, 'hidden_continuous_size': 23, 'attention_head_size': 3, 'learning_rate': 0.07675992190186533}. Best is trial 44 with value: 0.09011583775281906.
LOCAL_RANK: 0 - CUDA_VISIBLE_DEVICES: [0]
[I 2023-11-30 11:04:02,428] Trial 64 finished with value: 0.11649511009454727 and parameters: {'gradient_clip_val': 0.24252681627101516, 'hidden_size': 33, 'dropout': 0.14567958176806417, 'hidden_continuous_size': 19, 'attention_head_size': 4, 'learning_rate': 0.06210059045439318}. Best is trial 44 with value: 0.09011583775281906.
LOCAL_RANK: 0 - CUDA_VISIBLE_DEVICES: [0]
[I 2023-11-30 11:04:15,215] Trial 65 finished with value: 0.1507507711648941 and parameters: {'gradient_clip_val': 0.14951654815762894, 'hidden_size': 45, 'dropout': 0.10865580038832112, 'hidden_continuous_size': 22, 'attention_head_size': 3, 'learning_rate': 0.04971971829460651}. Best is trial 44 with value: 0.09011583775281906.
LOCAL_RANK: 0 - CUDA_VISIBLE_DEVICES: [0]
[I 2023-11-30 11:04:28,048] Trial 66 finished with value: 0.08301802724599838 and parameters: {'gradient_clip_val': 0.21274935763502484, 'hidden_size': 40, 'dropout': 0.12158908074426518, 'hidden_continuous_size': 18, 'attention_head_size': 4, 'learning_rate': 0.07734055146840972}. Best is trial 66 with value: 0.08301802724599838.
LOCAL_RANK: 0 - CUDA_VISIBLE_DEVICES: [0]
[I 2023-11-30 11:04:40,878] Trial 67 finished with value: 0.15692897140979767 and parameters: {'gradient_clip_val': 0.11955483870482796, 'hidden_size': 38, 'dropout': 0.13231562657945592, 'hidden_continuous_size': 15, 'attention_head_size': 4, 'learning_rate': 0.08145260209469705}. Best is trial 66 with value: 0.08301802724599838.
LOCAL_RANK: 0 - CUDA_VISIBLE_DEVICES: [0]
[I 2023-11-30 11:04:53,448] Trial 68 finished with value: 0.16871364414691925 and parameters: {'gradient_clip_val': 0.21616956718647945, 'hidden_size': 31, 'dropout': 0.15911232056493463, 'hidden_continuous_size': 18, 'attention_head_size': 4, 'learning_rate': 0.07005414200718395}. Best is trial 66 with value: 0.08301802724599838.
LOCAL_RANK: 0 - CUDA_VISIBLE_DEVICES: [0]
[I 2023-11-30 11:05:06,409] Trial 69 finished with value: 0.1371331512928009 and parameters: {'gradient_clip_val': 0.18052267721677717, 'hidden_size': 42, 'dropout': 0.13216542894782857, 'hidden_continuous_size': 16, 'attention_head_size': 4, 'learning_rate': 0.0432271611466001}. Best is trial 66 with value: 0.08301802724599838.
LOCAL_RANK: 0 - CUDA_VISIBLE_DEVICES: [0]
[I 2023-11-30 11:05:18,915] Trial 70 finished with value: 0.18427108228206635 and parameters: {'gradient_clip_val': 0.27951443003183907, 'hidden_size': 26, 'dropout': 0.12383357446249446, 'hidden_continuous_size': 17, 'attention_head_size': 4, 'learning_rate': 0.05953351963080343}. Best is trial 66 with value: 0.08301802724599838.
LOCAL_RANK: 0 - CUDA_VISIBLE_DEVICES: [0]
[I 2023-11-30 11:05:31,987] Trial 71 finished with value: 0.17282427847385406 and parameters: {'gradient_clip_val': 0.2092551385162199, 'hidden_size': 56, 'dropout': 0.10644114852737785, 'hidden_continuous_size': 24, 'attention_head_size': 4, 'learning_rate': 0.08270695150399085}. Best is trial 66 with value: 0.08301802724599838.
LOCAL_RANK: 0 - CUDA_VISIBLE_DEVICES: [0]
[I 2023-11-30 11:05:44,920] Trial 72 finished with value: 0.10202201455831528 and parameters: {'gradient_clip_val': 0.18706020491036088, 'hidden_size': 50, 'dropout': 0.12136157289803225, 'hidden_continuous_size': 20, 'attention_head_size': 3, 'learning_rate': 0.07279549637522292}. Best is trial 66 with value: 0.08301802724599838.
LOCAL_RANK: 0 - CUDA_VISIBLE_DEVICES: [0]
[I 2023-11-30 11:05:57,534] Trial 73 finished with value: 0.18576495349407196 and parameters: {'gradient_clip_val': 0.23799894154599183, 'hidden_size': 50, 'dropout': 0.14934966546893946, 'hidden_continuous_size': 10, 'attention_head_size': 3, 'learning_rate': 0.06743168005299453}. Best is trial 66 with value: 0.08301802724599838.
LOCAL_RANK: 0 - CUDA_VISIBLE_DEVICES: [0]
[I 2023-11-30 11:06:10,367] Trial 74 finished with value: 0.12173214554786682 and parameters: {'gradient_clip_val': 0.18919071658489683, 'hidden_size': 36, 'dropout': 0.12175541134650819, 'hidden_continuous_size': 20, 'attention_head_size': 3, 'learning_rate': 0.09723647484960554}. Best is trial 66 with value: 0.08301802724599838.
LOCAL_RANK: 0 - CUDA_VISIBLE_DEVICES: [0]
[I 2023-11-30 11:06:23,523] Trial 75 finished with value: 0.24428772926330566 and parameters: {'gradient_clip_val': 0.1685618977375144, 'hidden_size': 47, 'dropout': 0.14095788819323854, 'hidden_continuous_size': 18, 'attention_head_size': 3, 'learning_rate': 0.07372884994159616}. Best is trial 66 with value: 0.08301802724599838.
LOCAL_RANK: 0 - CUDA_VISIBLE_DEVICES: [0]
[I 2023-11-30 11:06:36,372] Trial 76 finished with value: 0.11583790928125381 and parameters: {'gradient_clip_val': 0.15435815959242447, 'hidden_size': 41, 'dropout': 0.23049613743508152, 'hidden_continuous_size': 19, 'attention_head_size': 3, 'learning_rate': 0.04136249468574994}. Best is trial 66 with value: 0.08301802724599838.
LOCAL_RANK: 0 - CUDA_VISIBLE_DEVICES: [0]
[I 2023-11-30 11:06:48,866] Trial 77 finished with value: 0.13399378955364227 and parameters: {'gradient_clip_val': 0.24225097945346596, 'hidden_size': 30, 'dropout': 0.25412831691589083, 'hidden_continuous_size': 20, 'attention_head_size': 4, 'learning_rate': 0.08235858842411226}. Best is trial 66 with value: 0.08301802724599838.
LOCAL_RANK: 0 - CUDA_VISIBLE_DEVICES: [0]
[I 2023-11-30 11:07:02,286] Trial 78 finished with value: 0.17378298938274384 and parameters: {'gradient_clip_val': 0.25703206032202536, 'hidden_size': 66, 'dropout': 0.10608791213528837, 'hidden_continuous_size': 26, 'attention_head_size': 3, 'learning_rate': 0.054798732116305905}. Best is trial 66 with value: 0.08301802724599838.
LOCAL_RANK: 0 - CUDA_VISIBLE_DEVICES: [0]
[I 2023-11-30 11:07:15,114] Trial 79 finished with value: 0.13866771757602692 and parameters: {'gradient_clip_val': 0.21801962264424635, 'hidden_size': 34, 'dropout': 0.11933760759658585, 'hidden_continuous_size': 14, 'attention_head_size': 3, 'learning_rate': 0.08754071624546382}. Best is trial 66 with value: 0.08301802724599838.
LOCAL_RANK: 0 - CUDA_VISIBLE_DEVICES: [0]
[I 2023-11-30 11:07:28,051] Trial 80 finished with value: 0.16101080179214478 and parameters: {'gradient_clip_val': 0.175600249180839, 'hidden_size': 51, 'dropout': 0.1286498518497865, 'hidden_continuous_size': 16, 'attention_head_size': 4, 'learning_rate': 0.061094407967744735}. Best is trial 66 with value: 0.08301802724599838.
LOCAL_RANK: 0 - CUDA_VISIBLE_DEVICES: [0]
[I 2023-11-30 11:07:41,083] Trial 81 finished with value: 0.17922987043857574 and parameters: {'gradient_clip_val': 0.20183789281363687, 'hidden_size': 57, 'dropout': 0.11284464437434355, 'hidden_continuous_size': 21, 'attention_head_size': 2, 'learning_rate': 0.05187974871640163}. Best is trial 66 with value: 0.08301802724599838.
LOCAL_RANK: 0 - CUDA_VISIBLE_DEVICES: [0]
[I 2023-11-30 11:07:54,113] Trial 82 finished with value: 0.12765884399414062 and parameters: {'gradient_clip_val': 0.18827755698074175, 'hidden_size': 55, 'dropout': 0.12038760006318325, 'hidden_continuous_size': 22, 'attention_head_size': 2, 'learning_rate': 0.07369807010883933}. Best is trial 66 with value: 0.08301802724599838.
LOCAL_RANK: 0 - CUDA_VISIBLE_DEVICES: [0]
[I 2023-11-30 11:08:06,881] Trial 83 finished with value: 0.11248379945755005 and parameters: {'gradient_clip_val': 0.16304605245091428, 'hidden_size': 48, 'dropout': 0.13465691985341163, 'hidden_continuous_size': 23, 'attention_head_size': 3, 'learning_rate': 0.045590480118495924}. Best is trial 66 with value: 0.08301802724599838.
LOCAL_RANK: 0 - CUDA_VISIBLE_DEVICES: [0]
[I 2023-11-30 11:08:19,771] Trial 84 finished with value: 0.11779261380434036 and parameters: {'gradient_clip_val': 0.1651422954625206, 'hidden_size': 48, 'dropout': 0.13599381195798754, 'hidden_continuous_size': 23, 'attention_head_size': 3, 'learning_rate': 0.0465549564699466}. Best is trial 66 with value: 0.08301802724599838.
LOCAL_RANK: 0 - CUDA_VISIBLE_DEVICES: [0]
[I 2023-11-30 11:08:32,539] Trial 85 finished with value: 0.2833246886730194 and parameters: {'gradient_clip_val': 0.14081176325338965, 'hidden_size': 44, 'dropout': 0.15447176122933756, 'hidden_continuous_size': 20, 'attention_head_size': 3, 'learning_rate': 0.03848446045484275}. Best is trial 66 with value: 0.08301802724599838.
LOCAL_RANK: 0 - CUDA_VISIBLE_DEVICES: [0]
[I 2023-11-30 11:08:45,267] Trial 86 finished with value: 0.2423914521932602 and parameters: {'gradient_clip_val': 0.16076823318539768, 'hidden_size': 41, 'dropout': 0.14588705230229984, 'hidden_continuous_size': 21, 'attention_head_size': 3, 'learning_rate': 0.06615712709295067}. Best is trial 66 with value: 0.08301802724599838.
LOCAL_RANK: 0 - CUDA_VISIBLE_DEVICES: [0]
[I 2023-11-30 11:08:58,631] Trial 87 finished with value: 0.10020891577005386 and parameters: {'gradient_clip_val': 0.15044523254931036, 'hidden_size': 61, 'dropout': 0.10020608798968444, 'hidden_continuous_size': 25, 'attention_head_size': 3, 'learning_rate': 0.09956823203195558}. Best is trial 66 with value: 0.08301802724599838.
LOCAL_RANK: 0 - CUDA_VISIBLE_DEVICES: [0]
[I 2023-11-30 11:09:11,910] Trial 88 finished with value: 0.10749685019254684 and parameters: {'gradient_clip_val': 0.14864159514468833, 'hidden_size': 66, 'dropout': 0.16832379399634975, 'hidden_continuous_size': 24, 'attention_head_size': 3, 'learning_rate': 0.09045435968021798}. Best is trial 66 with value: 0.08301802724599838.
LOCAL_RANK: 0 - CUDA_VISIBLE_DEVICES: [0]
[I 2023-11-30 11:09:25,376] Trial 89 finished with value: 0.14095717668533325 and parameters: {'gradient_clip_val': 0.13096009154220994, 'hidden_size': 64, 'dropout': 0.16757648336903425, 'hidden_continuous_size': 24, 'attention_head_size': 3, 'learning_rate': 0.0903841121908126}. Best is trial 66 with value: 0.08301802724599838.
LOCAL_RANK: 0 - CUDA_VISIBLE_DEVICES: [0]
[I 2023-11-30 11:09:38,750] Trial 90 finished with value: 0.1332099884748459 and parameters: {'gradient_clip_val': 0.15087693465335966, 'hidden_size': 60, 'dropout': 0.10846786335873992, 'hidden_continuous_size': 26, 'attention_head_size': 4, 'learning_rate': 0.07675574607148893}. Best is trial 66 with value: 0.08301802724599838.
LOCAL_RANK: 0 - CUDA_VISIBLE_DEVICES: [0]
[I 2023-11-30 11:09:51,967] Trial 91 finished with value: 0.17570249736309052 and parameters: {'gradient_clip_val': 0.15094088273606684, 'hidden_size': 59, 'dropout': 0.13614578687770537, 'hidden_continuous_size': 25, 'attention_head_size': 3, 'learning_rate': 0.09699133243120535}. Best is trial 66 with value: 0.08301802724599838.
LOCAL_RANK: 0 - CUDA_VISIBLE_DEVICES: [0]
[I 2023-11-30 11:10:05,253] Trial 92 finished with value: 0.08613311499357224 and parameters: {'gradient_clip_val': 0.17328339560183564, 'hidden_size': 66, 'dropout': 0.1264542779187405, 'hidden_continuous_size': 28, 'attention_head_size': 3, 'learning_rate': 0.09968999931000631}. Best is trial 66 with value: 0.08301802724599838.
LOCAL_RANK: 0 - CUDA_VISIBLE_DEVICES: [0]
[I 2023-11-30 11:10:18,676] Trial 93 finished with value: 0.1260971873998642 and parameters: {'gradient_clip_val': 0.17466303636840097, 'hidden_size': 69, 'dropout': 0.10186366219309674, 'hidden_continuous_size': 28, 'attention_head_size': 3, 'learning_rate': 0.08827353901725148}. Best is trial 66 with value: 0.08301802724599838.
LOCAL_RANK: 0 - CUDA_VISIBLE_DEVICES: [0]
[I 2023-11-30 11:10:32,229] Trial 94 finished with value: 0.19805799424648285 and parameters: {'gradient_clip_val': 0.1446085327807128, 'hidden_size': 67, 'dropout': 0.12563152240304729, 'hidden_continuous_size': 30, 'attention_head_size': 3, 'learning_rate': 0.09920837656714844}. Best is trial 66 with value: 0.08301802724599838.
LOCAL_RANK: 0 - CUDA_VISIBLE_DEVICES: [0]
[I 2023-11-30 11:10:45,712] Trial 95 finished with value: 0.18233270943164825 and parameters: {'gradient_clip_val': 0.15861816167085002, 'hidden_size': 74, 'dropout': 0.11719150668696537, 'hidden_continuous_size': 27, 'attention_head_size': 3, 'learning_rate': 0.07296438407286572}. Best is trial 66 with value: 0.08301802724599838.
LOCAL_RANK: 0 - CUDA_VISIBLE_DEVICES: [0]
[I 2023-11-30 11:10:58,990] Trial 96 finished with value: 0.15029573440551758 and parameters: {'gradient_clip_val': 0.17178744153497919, 'hidden_size': 63, 'dropout': 0.14252909528525026, 'hidden_continuous_size': 23, 'attention_head_size': 3, 'learning_rate': 0.08031494414838097}. Best is trial 66 with value: 0.08301802724599838.
LOCAL_RANK: 0 - CUDA_VISIBLE_DEVICES: [0]
[I 2023-11-30 11:11:12,574] Trial 97 finished with value: 0.12341808527708054 and parameters: {'gradient_clip_val': 0.1352246366217037, 'hidden_size': 78, 'dropout': 0.13105146179826416, 'hidden_continuous_size': 25, 'attention_head_size': 3, 'learning_rate': 0.08793458914728593}. Best is trial 66 with value: 0.08301802724599838.
LOCAL_RANK: 0 - CUDA_VISIBLE_DEVICES: [0]
[I 2023-11-30 11:11:26,037] Trial 98 finished with value: 0.1446290761232376 and parameters: {'gradient_clip_val': 0.14378433418605557, 'hidden_size': 70, 'dropout': 0.15556968310514205, 'hidden_continuous_size': 27, 'attention_head_size': 3, 'learning_rate': 0.05912192095455894}. Best is trial 66 with value: 0.08301802724599838.
LOCAL_RANK: 0 - CUDA_VISIBLE_DEVICES: [0]
[I 2023-11-30 11:11:39,287] Trial 99 finished with value: 0.1400994509458542 and parameters: {'gradient_clip_val': 0.1822858968321233, 'hidden_size': 54, 'dropout': 0.10039466182305262, 'hidden_continuous_size': 24, 'attention_head_size': 4, 'learning_rate': 0.067080645784693}. Best is trial 66 with value: 0.08301802724599838.
LOCAL_RANK: 0 - CUDA_VISIBLE_DEVICES: [0]
[I 2023-11-30 11:11:52,648] Trial 100 finished with value: 0.14101220667362213 and parameters: {'gradient_clip_val': 0.19026647042132677, 'hidden_size': 60, 'dropout': 0.11000093389109772, 'hidden_continuous_size': 30, 'attention_head_size': 3, 'learning_rate': 0.09935448837018852}. Best is trial 66 with value: 0.08301802724599838.
LOCAL_RANK: 0 - CUDA_VISIBLE_DEVICES: [0]
[I 2023-11-30 11:12:05,541] Trial 101 finished with value: 0.16535663604736328 and parameters: {'gradient_clip_val': 0.16348751388242724, 'hidden_size': 53, 'dropout': 0.12343485246228793, 'hidden_continuous_size': 13, 'attention_head_size': 3, 'learning_rate': 0.08473295264134553}. Best is trial 66 with value: 0.08301802724599838.
LOCAL_RANK: 0 - CUDA_VISIBLE_DEVICES: [0]
[I 2023-11-30 11:12:18,882] Trial 102 finished with value: 0.18219327926635742 and parameters: {'gradient_clip_val': 0.19604077663156524, 'hidden_size': 67, 'dropout': 0.14654942361007461, 'hidden_continuous_size': 33, 'attention_head_size': 3, 'learning_rate': 0.07259892142263454}. Best is trial 66 with value: 0.08301802724599838.
LOCAL_RANK: 0 - CUDA_VISIBLE_DEVICES: [0]
[I 2023-11-30 11:12:31,717] Trial 103 finished with value: 0.11099941283464432 and parameters: {'gradient_clip_val': 0.1788888196028256, 'hidden_size': 49, 'dropout': 0.13749864603854017, 'hidden_continuous_size': 11, 'attention_head_size': 3, 'learning_rate': 0.0794020860938175}. Best is trial 66 with value: 0.08301802724599838.
LOCAL_RANK: 0 - CUDA_VISIBLE_DEVICES: [0]
