[I 2023-11-29 22:52:35,263] Trial 0 finished with value: 0.36332035064697266 and parameters: {'gradient_clip_val': 0.4099065000103158, 'hidden_size': 19, 'dropout': 0.26640864107528167, 'hidden_continuous_size': 10, 'attention_head_size': 1, 'learning_rate': 0.02583635063647856}. Best is trial 0 with value: 0.36332035064697266.
LOCAL_RANK: 0 - CUDA_VISIBLE_DEVICES: [0]
[I 2023-11-29 22:52:47,871] Trial 1 finished with value: 0.43381762504577637 and parameters: {'gradient_clip_val': 0.22208201706526914, 'hidden_size': 39, 'dropout': 0.20843798923860996, 'hidden_continuous_size': 17, 'attention_head_size': 3, 'learning_rate': 0.008580507003789012}. Best is trial 0 with value: 0.36332035064697266.
LOCAL_RANK: 0 - CUDA_VISIBLE_DEVICES: [0]
[I 2023-11-29 22:53:01,418] Trial 2 finished with value: 0.7944024205207825 and parameters: {'gradient_clip_val': 0.8580707941383025, 'hidden_size': 123, 'dropout': 0.35524783195844156, 'hidden_continuous_size': 14, 'attention_head_size': 2, 'learning_rate': 0.013382282550897304}. Best is trial 0 with value: 0.36332035064697266.
LOCAL_RANK: 0 - CUDA_VISIBLE_DEVICES: [0]
[I 2023-11-29 22:53:13,809] Trial 3 finished with value: 1.417418122291565 and parameters: {'gradient_clip_val': 0.3287306579959047, 'hidden_size': 25, 'dropout': 0.3307073382453519, 'hidden_continuous_size': 24, 'attention_head_size': 3, 'learning_rate': 0.004576075832363436}. Best is trial 0 with value: 0.36332035064697266.
LOCAL_RANK: 0 - CUDA_VISIBLE_DEVICES: [0]
[I 2023-11-29 22:53:24,073] Trial 4 finished with value: 0.5339374542236328 and parameters: {'gradient_clip_val': 0.22757312491420892, 'hidden_size': 11, 'dropout': 0.36257154531728486, 'hidden_continuous_size': 11, 'attention_head_size': 2, 'learning_rate': 0.0215025710720106}. Best is trial 0 with value: 0.36332035064697266.
LOCAL_RANK: 0 - CUDA_VISIBLE_DEVICES: [0]
[I 2023-11-29 22:53:37,723] Trial 5 finished with value: 0.6250007748603821 and parameters: {'gradient_clip_val': 0.1808258289539712, 'hidden_size': 57, 'dropout': 0.3503372753925341, 'hidden_continuous_size': 53, 'attention_head_size': 4, 'learning_rate': 0.005545786693644234}. Best is trial 0 with value: 0.36332035064697266.
LOCAL_RANK: 0 - CUDA_VISIBLE_DEVICES: [0]
[I 2023-11-29 22:53:49,656] Trial 6 finished with value: 0.3486415147781372 and parameters: {'gradient_clip_val': 0.2079462992255019, 'hidden_size': 20, 'dropout': 0.11992857427194796, 'hidden_continuous_size': 14, 'attention_head_size': 3, 'learning_rate': 0.04493699828938251}. Best is trial 6 with value: 0.3486415147781372.
LOCAL_RANK: 0 - CUDA_VISIBLE_DEVICES: [0]
[I 2023-11-29 22:54:01,742] Trial 7 finished with value: 0.9232039451599121 and parameters: {'gradient_clip_val': 0.27868425965337257, 'hidden_size': 23, 'dropout': 0.2203854040230073, 'hidden_continuous_size': 10, 'attention_head_size': 3, 'learning_rate': 0.008120538219229447}. Best is trial 6 with value: 0.3486415147781372.
LOCAL_RANK: 0 - CUDA_VISIBLE_DEVICES: [0]
[I 2023-11-29 22:54:13,953] Trial 8 finished with value: 2.543952226638794 and parameters: {'gradient_clip_val': 0.14816727741133504, 'hidden_size': 21, 'dropout': 0.30085419976820854, 'hidden_continuous_size': 20, 'attention_head_size': 2, 'learning_rate': 0.0010397822736321984}. Best is trial 6 with value: 0.3486415147781372.
LOCAL_RANK: 0 - CUDA_VISIBLE_DEVICES: [0]
[I 2023-11-29 22:54:27,530] Trial 9 finished with value: 0.2359675168991089 and parameters: {'gradient_clip_val': 0.1825237736303509, 'hidden_size': 77, 'dropout': 0.19605485558846408, 'hidden_continuous_size': 39, 'attention_head_size': 4, 'learning_rate': 0.08334872433463858}. Best is trial 9 with value: 0.2359675168991089.
LOCAL_RANK: 0 - CUDA_VISIBLE_DEVICES: [0]
[I 2023-11-29 22:54:42,525] Trial 10 finished with value: 0.1809050440788269 and parameters: {'gradient_clip_val': 0.13281099248532177, 'hidden_size': 150, 'dropout': 0.13962798060986542, 'hidden_continuous_size': 116, 'attention_head_size': 4, 'learning_rate': 0.09136057005331481}. Best is trial 10 with value: 0.1809050440788269.
LOCAL_RANK: 0 - CUDA_VISIBLE_DEVICES: [0]
[I 2023-11-29 22:54:57,371] Trial 11 finished with value: 0.4385342597961426 and parameters: {'gradient_clip_val': 0.10532021913749036, 'hidden_size': 145, 'dropout': 0.14787197510363972, 'hidden_continuous_size': 134, 'attention_head_size': 4, 'learning_rate': 0.09910544465100943}. Best is trial 10 with value: 0.1809050440788269.
LOCAL_RANK: 0 - CUDA_VISIBLE_DEVICES: [0]
[I 2023-11-29 22:55:11,069] Trial 12 finished with value: 0.17606686055660248 and parameters: {'gradient_clip_val': 0.10344900480482762, 'hidden_size': 92, 'dropout': 0.1681070241301925, 'hidden_continuous_size': 37, 'attention_head_size': 4, 'learning_rate': 0.09567163216578202}. Best is trial 12 with value: 0.17606686055660248.
LOCAL_RANK: 0 - CUDA_VISIBLE_DEVICES: [0]
[I 2023-11-29 22:55:25,252] Trial 13 finished with value: 0.19262702763080597 and parameters: {'gradient_clip_val': 0.10031646919091354, 'hidden_size': 97, 'dropout': 0.10120416912458363, 'hidden_continuous_size': 67, 'attention_head_size': 4, 'learning_rate': 0.05033855607023683}. Best is trial 12 with value: 0.17606686055660248.
LOCAL_RANK: 0 - CUDA_VISIBLE_DEVICES: [0]
[I 2023-11-29 22:55:40,108] Trial 14 finished with value: 0.6916713118553162 and parameters: {'gradient_clip_val': 0.13774786122776161, 'hidden_size': 142, 'dropout': 0.15601073693641537, 'hidden_continuous_size': 141, 'attention_head_size': 4, 'learning_rate': 0.09170195812055593}. Best is trial 12 with value: 0.17606686055660248.
LOCAL_RANK: 0 - CUDA_VISIBLE_DEVICES: [0]
[I 2023-11-29 22:55:53,663] Trial 15 finished with value: 0.12906232476234436 and parameters: {'gradient_clip_val': 0.1228337421306046, 'hidden_size': 87, 'dropout': 0.1589399412001457, 'hidden_continuous_size': 30, 'attention_head_size': 1, 'learning_rate': 0.050448636140982675}. Best is trial 15 with value: 0.12906232476234436.
LOCAL_RANK: 0 - CUDA_VISIBLE_DEVICES: [0]
[I 2023-11-29 22:56:06,739] Trial 16 finished with value: 0.14398913085460663 and parameters: {'gradient_clip_val': 0.11878195054912091, 'hidden_size': 76, 'dropout': 0.1781625916784827, 'hidden_continuous_size': 31, 'attention_head_size': 1, 'learning_rate': 0.04160585902867379}. Best is trial 15 with value: 0.12906232476234436.
LOCAL_RANK: 0 - CUDA_VISIBLE_DEVICES: [0]
[I 2023-11-29 22:56:20,027] Trial 17 finished with value: 0.12175894528627396 and parameters: {'gradient_clip_val': 0.13924642823155117, 'hidden_size': 62, 'dropout': 0.18463038582237268, 'hidden_continuous_size': 26, 'attention_head_size': 1, 'learning_rate': 0.04333832769023909}. Best is trial 17 with value: 0.12175894528627396.
LOCAL_RANK: 0 - CUDA_VISIBLE_DEVICES: [0]
[I 2023-11-29 22:56:32,825] Trial 18 finished with value: 0.1456623077392578 and parameters: {'gradient_clip_val': 0.15448769028305553, 'hidden_size': 51, 'dropout': 0.23492916024295155, 'hidden_continuous_size': 24, 'attention_head_size': 1, 'learning_rate': 0.025105131873637502}. Best is trial 17 with value: 0.12175894528627396.
LOCAL_RANK: 0 - CUDA_VISIBLE_DEVICES: [0]
[I 2023-11-29 22:56:46,016] Trial 19 finished with value: 0.19813139736652374 and parameters: {'gradient_clip_val': 0.1300161176853226, 'hidden_size': 63, 'dropout': 0.1883269248863021, 'hidden_continuous_size': 29, 'attention_head_size': 1, 'learning_rate': 0.051402059895226504}. Best is trial 17 with value: 0.12175894528627396.
LOCAL_RANK: 0 - CUDA_VISIBLE_DEVICES: [0]
[I 2023-11-29 22:56:59,043] Trial 20 finished with value: 0.2192394882440567 and parameters: {'gradient_clip_val': 0.1745904798115909, 'hidden_size': 47, 'dropout': 0.24253450730324638, 'hidden_continuous_size': 20, 'attention_head_size': 2, 'learning_rate': 0.01661198333325653}. Best is trial 17 with value: 0.12175894528627396.
LOCAL_RANK: 0 - CUDA_VISIBLE_DEVICES: [0]
[I 2023-11-29 22:57:12,269] Trial 21 finished with value: 0.20265774428844452 and parameters: {'gradient_clip_val': 0.12293390415093117, 'hidden_size': 74, 'dropout': 0.17427374121508865, 'hidden_continuous_size': 28, 'attention_head_size': 1, 'learning_rate': 0.040315738827365354}. Best is trial 17 with value: 0.12175894528627396.
LOCAL_RANK: 0 - CUDA_VISIBLE_DEVICES: [0]
[I 2023-11-29 22:57:26,243] Trial 22 finished with value: 0.12105661630630493 and parameters: {'gradient_clip_val': 0.12188320176056536, 'hidden_size': 102, 'dropout': 0.18223485883139653, 'hidden_continuous_size': 35, 'attention_head_size': 1, 'learning_rate': 0.03308404316048206}. Best is trial 22 with value: 0.12105661630630493.
LOCAL_RANK: 0 - CUDA_VISIBLE_DEVICES: [0]
[I 2023-11-29 22:57:40,021] Trial 23 finished with value: 0.20939016342163086 and parameters: {'gradient_clip_val': 0.15898939608300533, 'hidden_size': 106, 'dropout': 0.20566101154318261, 'hidden_continuous_size': 40, 'attention_head_size': 1, 'learning_rate': 0.02938349042506014}. Best is trial 22 with value: 0.12105661630630493.
LOCAL_RANK: 0 - CUDA_VISIBLE_DEVICES: [0]
[I 2023-11-29 22:57:53,495] Trial 24 finished with value: 0.29885876178741455 and parameters: {'gradient_clip_val': 0.11258885941963447, 'hidden_size': 106, 'dropout': 0.13736344074409124, 'hidden_continuous_size': 35, 'attention_head_size': 1, 'learning_rate': 0.059945242163190936}. Best is trial 22 with value: 0.12105661630630493.
LOCAL_RANK: 0 - CUDA_VISIBLE_DEVICES: [0]
[I 2023-11-29 22:58:06,806] Trial 25 finished with value: 0.265832781791687 and parameters: {'gradient_clip_val': 0.13798896608223002, 'hidden_size': 64, 'dropout': 0.1751587365016424, 'hidden_continuous_size': 25, 'attention_head_size': 2, 'learning_rate': 0.03389405779866871}. Best is trial 22 with value: 0.12105661630630493.
LOCAL_RANK: 0 - CUDA_VISIBLE_DEVICES: [0]
[I 2023-11-29 22:58:20,177] Trial 26 finished with value: 0.17296068370342255 and parameters: {'gradient_clip_val': 0.11653354814209366, 'hidden_size': 82, 'dropout': 0.22280944644791836, 'hidden_continuous_size': 32, 'attention_head_size': 1, 'learning_rate': 0.06740978395524427}. Best is trial 22 with value: 0.12105661630630493.
LOCAL_RANK: 0 - CUDA_VISIBLE_DEVICES: [0]
[I 2023-11-29 22:58:34,144] Trial 27 finished with value: 0.35807719826698303 and parameters: {'gradient_clip_val': 0.10112423886735078, 'hidden_size': 121, 'dropout': 0.15791089467086575, 'hidden_continuous_size': 44, 'attention_head_size': 2, 'learning_rate': 0.06421547824521362}. Best is trial 22 with value: 0.12105661630630493.
LOCAL_RANK: 0 - CUDA_VISIBLE_DEVICES: [0]
[I 2023-11-29 22:58:47,505] Trial 28 finished with value: 0.14629392325878143 and parameters: {'gradient_clip_val': 0.16073743587958614, 'hidden_size': 87, 'dropout': 0.19505381604197697, 'hidden_continuous_size': 26, 'attention_head_size': 1, 'learning_rate': 0.039616646259957145}. Best is trial 22 with value: 0.12105661630630493.
LOCAL_RANK: 0 - CUDA_VISIBLE_DEVICES: [0]
[I 2023-11-29 22:59:00,818] Trial 29 finished with value: 0.7366299629211426 and parameters: {'gradient_clip_val': 0.19893893617126934, 'hidden_size': 65, 'dropout': 0.26557055919910566, 'hidden_continuous_size': 22, 'attention_head_size': 1, 'learning_rate': 0.02679341848219988}. Best is trial 22 with value: 0.12105661630630493.
LOCAL_RANK: 0 - CUDA_VISIBLE_DEVICES: [0]
[I 2023-11-29 22:59:13,834] Trial 30 finished with value: 0.6757498383522034 and parameters: {'gradient_clip_val': 0.14346403035149016, 'hidden_size': 49, 'dropout': 0.2603222228734799, 'hidden_continuous_size': 27, 'attention_head_size': 1, 'learning_rate': 0.021194336832315412}. Best is trial 22 with value: 0.12105661630630493.
LOCAL_RANK: 0 - CUDA_VISIBLE_DEVICES: [0]
[I 2023-11-29 22:59:27,127] Trial 31 finished with value: 0.29312965273857117 and parameters: {'gradient_clip_val': 0.1208068592858541, 'hidden_size': 74, 'dropout': 0.17940016062926473, 'hidden_continuous_size': 32, 'attention_head_size': 1, 'learning_rate': 0.03333851452080246}. Best is trial 22 with value: 0.12105661630630493.
LOCAL_RANK: 0 - CUDA_VISIBLE_DEVICES: [0]
[I 2023-11-29 22:59:40,547] Trial 32 finished with value: 0.3406158983707428 and parameters: {'gradient_clip_val': 0.12288085500567505, 'hidden_size': 92, 'dropout': 0.20882079423522212, 'hidden_continuous_size': 32, 'attention_head_size': 1, 'learning_rate': 0.046908053497359034}. Best is trial 22 with value: 0.12105661630630493.
LOCAL_RANK: 0 - CUDA_VISIBLE_DEVICES: [0]
[I 2023-11-29 22:59:53,114] Trial 33 finished with value: 0.3479059636592865 and parameters: {'gradient_clip_val': 0.11763411048707563, 'hidden_size': 37, 'dropout': 0.16113103669643017, 'hidden_continuous_size': 23, 'attention_head_size': 2, 'learning_rate': 0.035933818077865644}. Best is trial 22 with value: 0.12105661630630493.
LOCAL_RANK: 0 - CUDA_VISIBLE_DEVICES: [0]
[I 2023-11-29 23:00:06,687] Trial 34 finished with value: 0.5779032111167908 and parameters: {'gradient_clip_val': 0.15932950971607826, 'hidden_size': 112, 'dropout': 0.18717574829283581, 'hidden_continuous_size': 18, 'attention_head_size': 1, 'learning_rate': 0.06334343758119688}. Best is trial 22 with value: 0.12105661630630493.
LOCAL_RANK: 0 - CUDA_VISIBLE_DEVICES: [0]
[I 2023-11-29 23:00:20,304] Trial 35 finished with value: 0.23948560655117035 and parameters: {'gradient_clip_val': 0.23133774656473222, 'hidden_size': 80, 'dropout': 0.12162004902273163, 'hidden_continuous_size': 29, 'attention_head_size': 2, 'learning_rate': 0.017782800290569327}. Best is trial 22 with value: 0.12105661630630493.
LOCAL_RANK: 0 - CUDA_VISIBLE_DEVICES: [0]
[I 2023-11-29 23:00:34,026] Trial 36 finished with value: 0.19392180442810059 and parameters: {'gradient_clip_val': 0.5000974220807887, 'hidden_size': 128, 'dropout': 0.22420304298666258, 'hidden_continuous_size': 46, 'attention_head_size': 1, 'learning_rate': 0.0260499137791172}. Best is trial 22 with value: 0.12105661630630493.
LOCAL_RANK: 0 - CUDA_VISIBLE_DEVICES: [0]
[I 2023-11-29 23:00:47,369] Trial 37 finished with value: 0.3496831953525543 and parameters: {'gradient_clip_val': 0.1335056694197381, 'hidden_size': 105, 'dropout': 0.20432508649312595, 'hidden_continuous_size': 16, 'attention_head_size': 1, 'learning_rate': 0.04204550142085657}. Best is trial 22 with value: 0.12105661630630493.
LOCAL_RANK: 0 - CUDA_VISIBLE_DEVICES: [0]
[I 2023-11-29 23:01:00,704] Trial 38 finished with value: 0.26129981875419617 and parameters: {'gradient_clip_val': 0.17893540631433272, 'hidden_size': 69, 'dropout': 0.17474494308549116, 'hidden_continuous_size': 31, 'attention_head_size': 2, 'learning_rate': 0.012542728369421828}. Best is trial 22 with value: 0.12105661630630493.
LOCAL_RANK: 0 - CUDA_VISIBLE_DEVICES: [0]
[I 2023-11-29 23:01:13,723] Trial 39 finished with value: 0.14243556559085846 and parameters: {'gradient_clip_val': 0.11442756756295884, 'hidden_size': 59, 'dropout': 0.1449964894364369, 'hidden_continuous_size': 26, 'attention_head_size': 1, 'learning_rate': 0.07102671117584843}. Best is trial 22 with value: 0.12105661630630493.
LOCAL_RANK: 0 - CUDA_VISIBLE_DEVICES: [0]
[I 2023-11-29 23:01:26,921] Trial 40 finished with value: 0.11477255821228027 and parameters: {'gradient_clip_val': 0.14838760870874565, 'hidden_size': 57, 'dropout': 0.1269121484289621, 'hidden_continuous_size': 25, 'attention_head_size': 2, 'learning_rate': 0.06701669892639803}. Best is trial 40 with value: 0.11477255821228027.
LOCAL_RANK: 0 - CUDA_VISIBLE_DEVICES: [0]
[I 2023-11-29 23:01:39,890] Trial 41 finished with value: 0.17851348221302032 and parameters: {'gradient_clip_val': 0.1392434546068444, 'hidden_size': 56, 'dropout': 0.13230583750594188, 'hidden_continuous_size': 25, 'attention_head_size': 3, 'learning_rate': 0.07121812483690108}. Best is trial 40 with value: 0.11477255821228027.
LOCAL_RANK: 0 - CUDA_VISIBLE_DEVICES: [0]
[I 2023-11-29 23:01:52,642] Trial 42 finished with value: 0.1640911102294922 and parameters: {'gradient_clip_val': 0.11130919532063216, 'hidden_size': 41, 'dropout': 0.14848639032678826, 'hidden_continuous_size': 23, 'attention_head_size': 2, 'learning_rate': 0.05613549992893692}. Best is trial 40 with value: 0.11477255821228027.
LOCAL_RANK: 0 - CUDA_VISIBLE_DEVICES: [0]
[I 2023-11-29 23:02:05,791] Trial 43 finished with value: 0.35399743914604187 and parameters: {'gradient_clip_val': 0.14649299095858992, 'hidden_size': 61, 'dropout': 0.12335380935239848, 'hidden_continuous_size': 27, 'attention_head_size': 1, 'learning_rate': 0.07787879557221912}. Best is trial 40 with value: 0.11477255821228027.
LOCAL_RANK: 0 - CUDA_VISIBLE_DEVICES: [0]
[I 2023-11-29 23:02:18,880] Trial 44 finished with value: 0.22710305452346802 and parameters: {'gradient_clip_val': 0.1636412425961785, 'hidden_size': 55, 'dropout': 0.10219093670784637, 'hidden_continuous_size': 21, 'attention_head_size': 3, 'learning_rate': 0.05428860788347713}. Best is trial 40 with value: 0.11477255821228027.
LOCAL_RANK: 0 - CUDA_VISIBLE_DEVICES: [0]
[I 2023-11-29 23:02:32,361] Trial 45 finished with value: 0.29280945658683777 and parameters: {'gradient_clip_val': 0.10830727683088327, 'hidden_size': 88, 'dropout': 0.15185922181180792, 'hidden_continuous_size': 19, 'attention_head_size': 2, 'learning_rate': 0.0771607561152442}. Best is trial 40 with value: 0.11477255821228027.
LOCAL_RANK: 0 - CUDA_VISIBLE_DEVICES: [0]
[I 2023-11-29 23:02:45,314] Trial 46 finished with value: 0.12397897243499756 and parameters: {'gradient_clip_val': 0.13417172029193247, 'hidden_size': 68, 'dropout': 0.16448276035546064, 'hidden_continuous_size': 22, 'attention_head_size': 1, 'learning_rate': 0.04921787848483089}. Best is trial 40 with value: 0.11477255821228027.
LOCAL_RANK: 0 - CUDA_VISIBLE_DEVICES: [0]
[I 2023-11-29 23:02:58,493] Trial 47 finished with value: 0.1536916345357895 and parameters: {'gradient_clip_val': 0.2074919076458395, 'hidden_size': 94, 'dropout': 0.13285381205054753, 'hidden_continuous_size': 16, 'attention_head_size': 1, 'learning_rate': 0.0507582742182711}. Best is trial 40 with value: 0.11477255821228027.
LOCAL_RANK: 0 - CUDA_VISIBLE_DEVICES: [0]
[I 2023-11-29 23:03:11,734] Trial 48 finished with value: 0.2643005847930908 and parameters: {'gradient_clip_val': 0.12951865611637703, 'hidden_size': 70, 'dropout': 0.16203903340937678, 'hidden_continuous_size': 24, 'attention_head_size': 2, 'learning_rate': 0.03252886114079389}. Best is trial 40 with value: 0.11477255821228027.
LOCAL_RANK: 0 - CUDA_VISIBLE_DEVICES: [0]
[I 2023-11-29 23:03:25,087] Trial 49 finished with value: 0.139794260263443 and parameters: {'gradient_clip_val': 0.14964697856518186, 'hidden_size': 85, 'dropout': 0.1648231084249269, 'hidden_continuous_size': 21, 'attention_head_size': 1, 'learning_rate': 0.045350117465350205}. Best is trial 40 with value: 0.11477255821228027.
LOCAL_RANK: 0 - CUDA_VISIBLE_DEVICES: [0]
[I 2023-11-29 23:03:38,596] Trial 50 finished with value: 0.12626342475414276 and parameters: {'gradient_clip_val': 0.1878868118422714, 'hidden_size': 69, 'dropout': 0.11138375844815974, 'hidden_continuous_size': 22, 'attention_head_size': 1, 'learning_rate': 0.09935827912931472}. Best is trial 40 with value: 0.11477255821228027.
LOCAL_RANK: 0 - CUDA_VISIBLE_DEVICES: [0]
[I 2023-11-29 23:03:51,595] Trial 51 finished with value: 0.313136488199234 and parameters: {'gradient_clip_val': 0.177460445541977, 'hidden_size': 69, 'dropout': 0.11886347880592761, 'hidden_continuous_size': 22, 'attention_head_size': 1, 'learning_rate': 0.09459634128430959}. Best is trial 40 with value: 0.11477255821228027.
LOCAL_RANK: 0 - CUDA_VISIBLE_DEVICES: [0]
[I 2023-11-29 23:04:04,809] Trial 52 finished with value: 0.27060621976852417 and parameters: {'gradient_clip_val': 0.12923416752289574, 'hidden_size': 77, 'dropout': 0.11162221557217616, 'hidden_continuous_size': 19, 'attention_head_size': 1, 'learning_rate': 0.08103467944916387}. Best is trial 40 with value: 0.11477255821228027.
LOCAL_RANK: 0 - CUDA_VISIBLE_DEVICES: [0]
[I 2023-11-29 23:04:17,719] Trial 53 finished with value: 0.12888988852500916 and parameters: {'gradient_clip_val': 0.1470107571303936, 'hidden_size': 54, 'dropout': 0.13846482242972266, 'hidden_continuous_size': 24, 'attention_head_size': 1, 'learning_rate': 0.05817898309010164}. Best is trial 40 with value: 0.11477255821228027.
LOCAL_RANK: 0 - CUDA_VISIBLE_DEVICES: [0]
[I 2023-11-29 23:04:30,430] Trial 54 finished with value: 0.17140991985797882 and parameters: {'gradient_clip_val': 0.15207864890430992, 'hidden_size': 54, 'dropout': 0.14061718878976492, 'hidden_continuous_size': 24, 'attention_head_size': 1, 'learning_rate': 0.06388139368188778}. Best is trial 40 with value: 0.11477255821228027.
LOCAL_RANK: 0 - CUDA_VISIBLE_DEVICES: [0]
[I 2023-11-29 23:04:43,503] Trial 55 finished with value: 0.2897384464740753 and parameters: {'gradient_clip_val': 0.17196820292221704, 'hidden_size': 46, 'dropout': 0.13092520151106618, 'hidden_continuous_size': 22, 'attention_head_size': 3, 'learning_rate': 0.08892850141233707}. Best is trial 40 with value: 0.11477255821228027.
LOCAL_RANK: 0 - CUDA_VISIBLE_DEVICES: [0]
[I 2023-11-29 23:04:56,696] Trial 56 finished with value: 0.2548401355743408 and parameters: {'gradient_clip_val': 0.18934902461371797, 'hidden_size': 61, 'dropout': 0.10888086438821852, 'hidden_continuous_size': 28, 'attention_head_size': 1, 'learning_rate': 0.056185222834365924}. Best is trial 40 with value: 0.11477255821228027.
LOCAL_RANK: 0 - CUDA_VISIBLE_DEVICES: [0]
[I 2023-11-29 23:05:09,360] Trial 57 finished with value: 0.28779545426368713 and parameters: {'gradient_clip_val': 0.14224635622507817, 'hidden_size': 43, 'dropout': 0.14708669562508078, 'hidden_continuous_size': 23, 'attention_head_size': 1, 'learning_rate': 0.07740029635495109}. Best is trial 40 with value: 0.11477255821228027.
LOCAL_RANK: 0 - CUDA_VISIBLE_DEVICES: [0]
