[I 2023-11-30 04:56:00,392] Trial 21 finished with value: 0.47264066338539124 and parameters: {'gradient_clip_val': 0.6427278755157007, 'hidden_size': 106, 'dropout': 0.18908643119138416, 'hidden_continuous_size': 74, 'attention_head_size': 1, 'learning_rate': 0.024177913552824212}. Best is trial 20 with value: 0.33681735396385193.
LOCAL_RANK: 0 - CUDA_VISIBLE_DEVICES: [0]
[I 2023-11-30 04:56:14,542] Trial 22 finished with value: 0.6993047595024109 and parameters: {'gradient_clip_val': 0.8178271537992092, 'hidden_size': 112, 'dropout': 0.21441367575552525, 'hidden_continuous_size': 78, 'attention_head_size': 1, 'learning_rate': 0.014609904727643652}. Best is trial 20 with value: 0.33681735396385193.
LOCAL_RANK: 0 - CUDA_VISIBLE_DEVICES: [0]
[I 2023-11-30 04:56:28,480] Trial 23 finished with value: 0.717629611492157 and parameters: {'gradient_clip_val': 0.5776218343464687, 'hidden_size': 127, 'dropout': 0.15983505328289724, 'hidden_continuous_size': 52, 'attention_head_size': 2, 'learning_rate': 0.026846156890079697}. Best is trial 20 with value: 0.33681735396385193.
LOCAL_RANK: 0 - CUDA_VISIBLE_DEVICES: [0]
[I 2023-11-30 04:56:42,140] Trial 24 finished with value: 0.5390980243682861 and parameters: {'gradient_clip_val': 0.39283112214592775, 'hidden_size': 85, 'dropout': 0.19729178045006737, 'hidden_continuous_size': 55, 'attention_head_size': 1, 'learning_rate': 0.04254165395740014}. Best is trial 20 with value: 0.33681735396385193.
LOCAL_RANK: 0 - CUDA_VISIBLE_DEVICES: [0]
[I 2023-11-30 04:56:55,552] Trial 25 finished with value: 0.6035488843917847 and parameters: {'gradient_clip_val': 0.6902950340586227, 'hidden_size': 67, 'dropout': 0.17924303743520056, 'hidden_continuous_size': 38, 'attention_head_size': 2, 'learning_rate': 0.01380217280782449}. Best is trial 20 with value: 0.33681735396385193.
LOCAL_RANK: 0 - CUDA_VISIBLE_DEVICES: [0]
[I 2023-11-30 04:57:09,633] Trial 26 finished with value: 0.9703044891357422 and parameters: {'gradient_clip_val': 0.9858525144536445, 'hidden_size': 91, 'dropout': 0.22592316038967786, 'hidden_continuous_size': 64, 'attention_head_size': 3, 'learning_rate': 0.022504806363754945}. Best is trial 20 with value: 0.33681735396385193.
LOCAL_RANK: 0 - CUDA_VISIBLE_DEVICES: [0]
[I 2023-11-30 04:57:24,003] Trial 27 finished with value: 1.2954515218734741 and parameters: {'gradient_clip_val': 0.43100398735211043, 'hidden_size': 135, 'dropout': 0.25343350034607426, 'hidden_continuous_size': 100, 'attention_head_size': 1, 'learning_rate': 0.03212138625760814}. Best is trial 20 with value: 0.33681735396385193.
LOCAL_RANK: 0 - CUDA_VISIBLE_DEVICES: [0]
[I 2023-11-30 04:57:38,069] Trial 28 finished with value: 0.4624088704586029 and parameters: {'gradient_clip_val': 0.5496297146850954, 'hidden_size': 105, 'dropout': 0.19698910926407115, 'hidden_continuous_size': 73, 'attention_head_size': 2, 'learning_rate': 0.061281450007173215}. Best is trial 20 with value: 0.33681735396385193.
LOCAL_RANK: 0 - CUDA_VISIBLE_DEVICES: [0]
[I 2023-11-30 04:57:52,316] Trial 29 finished with value: 0.5719934105873108 and parameters: {'gradient_clip_val': 0.5996157000910689, 'hidden_size': 125, 'dropout': 0.14687825601976184, 'hidden_continuous_size': 80, 'attention_head_size': 3, 'learning_rate': 0.01112097504365544}. Best is trial 20 with value: 0.33681735396385193.
LOCAL_RANK: 0 - CUDA_VISIBLE_DEVICES: [0]
[I 2023-11-30 04:58:05,999] Trial 30 finished with value: 0.4763658046722412 and parameters: {'gradient_clip_val': 0.7711027919742732, 'hidden_size': 70, 'dropout': 0.18379196026789166, 'hidden_continuous_size': 55, 'attention_head_size': 1, 'learning_rate': 0.020172543347411073}. Best is trial 20 with value: 0.33681735396385193.
LOCAL_RANK: 0 - CUDA_VISIBLE_DEVICES: [0]
[I 2023-11-30 04:58:19,698] Trial 31 finished with value: 0.44441989064216614 and parameters: {'gradient_clip_val': 0.7244556711023056, 'hidden_size': 90, 'dropout': 0.25582240523474514, 'hidden_continuous_size': 46, 'attention_head_size': 1, 'learning_rate': 0.03282945195388855}. Best is trial 20 with value: 0.33681735396385193.
LOCAL_RANK: 0 - CUDA_VISIBLE_DEVICES: [0]
[I 2023-11-30 04:58:33,390] Trial 32 finished with value: 0.6931679844856262 and parameters: {'gradient_clip_val': 0.8225031103260532, 'hidden_size': 78, 'dropout': 0.2289715185969124, 'hidden_continuous_size': 62, 'attention_head_size': 1, 'learning_rate': 0.0376999850922857}. Best is trial 20 with value: 0.33681735396385193.
LOCAL_RANK: 0 - CUDA_VISIBLE_DEVICES: [0]
[I 2023-11-30 04:58:47,581] Trial 33 finished with value: 0.4030865728855133 and parameters: {'gradient_clip_val': 0.7046769462711441, 'hidden_size': 126, 'dropout': 0.21988643960537702, 'hidden_continuous_size': 86, 'attention_head_size': 1, 'learning_rate': 0.020953772975770665}. Best is trial 20 with value: 0.33681735396385193.
LOCAL_RANK: 0 - CUDA_VISIBLE_DEVICES: [0]
[I 2023-11-30 04:59:01,983] Trial 34 finished with value: 0.5952958464622498 and parameters: {'gradient_clip_val': 0.633092894295052, 'hidden_size': 129, 'dropout': 0.21209604581835856, 'hidden_continuous_size': 110, 'attention_head_size': 1, 'learning_rate': 0.023388404093011815}. Best is trial 20 with value: 0.33681735396385193.
LOCAL_RANK: 0 - CUDA_VISIBLE_DEVICES: [0]
[I 2023-11-30 04:59:16,049] Trial 35 finished with value: 1.0262682437896729 and parameters: {'gradient_clip_val': 0.5463358697780055, 'hidden_size': 96, 'dropout': 0.18877926561108624, 'hidden_continuous_size': 72, 'attention_head_size': 3, 'learning_rate': 0.012381511959629294}. Best is trial 20 with value: 0.33681735396385193.
LOCAL_RANK: 0 - CUDA_VISIBLE_DEVICES: [0]
[I 2023-11-30 04:59:30,105] Trial 36 finished with value: 0.4486328065395355 and parameters: {'gradient_clip_val': 0.8509720428638549, 'hidden_size': 118, 'dropout': 0.393199738222758, 'hidden_continuous_size': 86, 'attention_head_size': 1, 'learning_rate': 0.017862443355922488}. Best is trial 20 with value: 0.33681735396385193.
LOCAL_RANK: 0 - CUDA_VISIBLE_DEVICES: [0]
[I 2023-11-30 04:59:44,017] Trial 37 finished with value: 0.48512721061706543 and parameters: {'gradient_clip_val': 0.46745634427766647, 'hidden_size': 93, 'dropout': 0.22661399618256575, 'hidden_continuous_size': 71, 'attention_head_size': 2, 'learning_rate': 0.05151280729978851}. Best is trial 20 with value: 0.33681735396385193.
LOCAL_RANK: 0 - CUDA_VISIBLE_DEVICES: [0]
[I 2023-11-30 04:59:58,281] Trial 38 finished with value: 0.520779013633728 and parameters: {'gradient_clip_val': 0.8925697786562429, 'hidden_size': 129, 'dropout': 0.2725421134889156, 'hidden_continuous_size': 90, 'attention_head_size': 3, 'learning_rate': 0.008237107324660561}. Best is trial 20 with value: 0.33681735396385193.
LOCAL_RANK: 0 - CUDA_VISIBLE_DEVICES: [0]
[I 2023-11-30 05:00:12,983] Trial 39 finished with value: 0.539632260799408 and parameters: {'gradient_clip_val': 0.705449553805468, 'hidden_size': 149, 'dropout': 0.2023375272529409, 'hidden_continuous_size': 143, 'attention_head_size': 1, 'learning_rate': 0.01901698207751478}. Best is trial 20 with value: 0.33681735396385193.
LOCAL_RANK: 0 - CUDA_VISIBLE_DEVICES: [0]
[I 2023-11-30 05:00:26,506] Trial 40 finished with value: 0.6260889172554016 and parameters: {'gradient_clip_val': 0.903644722684043, 'hidden_size': 63, 'dropout': 0.14848316792946958, 'hidden_continuous_size': 53, 'attention_head_size': 2, 'learning_rate': 0.028578358330048622}. Best is trial 20 with value: 0.33681735396385193.
LOCAL_RANK: 0 - CUDA_VISIBLE_DEVICES: [0]
[I 2023-11-30 05:00:40,215] Trial 41 finished with value: 0.3046448826789856 and parameters: {'gradient_clip_val': 0.7660266394011519, 'hidden_size': 77, 'dropout': 0.24848947421374865, 'hidden_continuous_size': 63, 'attention_head_size': 1, 'learning_rate': 0.0334717110449289}. Best is trial 41 with value: 0.3046448826789856.
LOCAL_RANK: 0 - CUDA_VISIBLE_DEVICES: [0]
[I 2023-11-30 05:00:54,261] Trial 42 finished with value: 0.5434170365333557 and parameters: {'gradient_clip_val': 0.7363757830018656, 'hidden_size': 114, 'dropout': 0.21600854289081667, 'hidden_continuous_size': 82, 'attention_head_size': 1, 'learning_rate': 0.019782821559725876}. Best is trial 41 with value: 0.3046448826789856.
LOCAL_RANK: 0 - CUDA_VISIBLE_DEVICES: [0]
[I 2023-11-30 05:01:08,124] Trial 43 finished with value: 0.4708803594112396 and parameters: {'gradient_clip_val': 0.638882585362887, 'hidden_size': 100, 'dropout': 0.23970136409727885, 'hidden_continuous_size': 80, 'attention_head_size': 1, 'learning_rate': 0.029194406187323163}. Best is trial 41 with value: 0.3046448826789856.
LOCAL_RANK: 0 - CUDA_VISIBLE_DEVICES: [0]
[I 2023-11-30 05:01:21,810] Trial 44 finished with value: 0.3220522403717041 and parameters: {'gradient_clip_val': 0.5649320037177156, 'hidden_size': 86, 'dropout': 0.17262114913339577, 'hidden_continuous_size': 64, 'attention_head_size': 1, 'learning_rate': 0.01413966927679247}. Best is trial 41 with value: 0.3046448826789856.
LOCAL_RANK: 0 - CUDA_VISIBLE_DEVICES: [0]
[I 2023-11-30 05:01:35,967] Trial 45 finished with value: 0.3311270773410797 and parameters: {'gradient_clip_val': 0.5419179329634666, 'hidden_size': 83, 'dropout': 0.1721631928816666, 'hidden_continuous_size': 68, 'attention_head_size': 4, 'learning_rate': 0.014441305715353056}. Best is trial 41 with value: 0.3046448826789856.
LOCAL_RANK: 0 - CUDA_VISIBLE_DEVICES: [0]
[I 2023-11-30 05:01:49,364] Trial 46 finished with value: 0.5212185978889465 and parameters: {'gradient_clip_val': 0.5256356840133825, 'hidden_size': 54, 'dropout': 0.1696958292434988, 'hidden_continuous_size': 42, 'attention_head_size': 4, 'learning_rate': 0.012822919987522581}. Best is trial 41 with value: 0.3046448826789856.
LOCAL_RANK: 0 - CUDA_VISIBLE_DEVICES: [0]
[I 2023-11-30 05:02:03,295] Trial 47 finished with value: 0.6130703091621399 and parameters: {'gradient_clip_val': 0.5638444263844589, 'hidden_size': 82, 'dropout': 0.12910263993714483, 'hidden_continuous_size': 65, 'attention_head_size': 4, 'learning_rate': 0.01563090372426567}. Best is trial 41 with value: 0.3046448826789856.
LOCAL_RANK: 0 - CUDA_VISIBLE_DEVICES: [0]
[I 2023-11-30 05:02:16,871] Trial 48 finished with value: 0.43091920018196106 and parameters: {'gradient_clip_val': 0.7878067302157861, 'hidden_size': 59, 'dropout': 0.1565837866186034, 'hidden_continuous_size': 52, 'attention_head_size': 1, 'learning_rate': 0.03789442472315525}. Best is trial 41 with value: 0.3046448826789856.
LOCAL_RANK: 0 - CUDA_VISIBLE_DEVICES: [0]
[I 2023-11-30 05:02:30,565] Trial 49 finished with value: 0.4124320447444916 and parameters: {'gradient_clip_val': 0.9221734346751348, 'hidden_size': 73, 'dropout': 0.17770659736929642, 'hidden_continuous_size': 58, 'attention_head_size': 2, 'learning_rate': 0.010041749638475646}. Best is trial 41 with value: 0.3046448826789856.
LOCAL_RANK: 0 - CUDA_VISIBLE_DEVICES: [0]
[I 2023-11-30 05:02:44,529] Trial 50 finished with value: 0.4178493916988373 and parameters: {'gradient_clip_val': 0.44383984958329986, 'hidden_size': 86, 'dropout': 0.19385378281643859, 'hidden_continuous_size': 67, 'attention_head_size': 1, 'learning_rate': 0.01675971667945674}. Best is trial 41 with value: 0.3046448826789856.
LOCAL_RANK: 0 - CUDA_VISIBLE_DEVICES: [0]
[I 2023-11-30 05:02:58,609] Trial 51 finished with value: 0.921839714050293 and parameters: {'gradient_clip_val': 0.5124205392447807, 'hidden_size': 99, 'dropout': 0.2052162093197901, 'hidden_continuous_size': 72, 'attention_head_size': 4, 'learning_rate': 0.027335964732402233}. Best is trial 41 with value: 0.3046448826789856.
LOCAL_RANK: 0 - CUDA_VISIBLE_DEVICES: [0]
[I 2023-11-30 05:03:12,537] Trial 52 finished with value: 0.6838181614875793 and parameters: {'gradient_clip_val': 0.6200367096207995, 'hidden_size': 108, 'dropout': 0.17211537578439084, 'hidden_continuous_size': 60, 'attention_head_size': 4, 'learning_rate': 0.00805172893300511}. Best is trial 41 with value: 0.3046448826789856.
LOCAL_RANK: 0 - CUDA_VISIBLE_DEVICES: [0]
[I 2023-11-30 05:03:26,432] Trial 53 finished with value: 0.6381264925003052 and parameters: {'gradient_clip_val': 0.6471986800934241, 'hidden_size': 77, 'dropout': 0.1904743964431949, 'hidden_continuous_size': 67, 'attention_head_size': 3, 'learning_rate': 0.01222860240950347}. Best is trial 41 with value: 0.3046448826789856.
LOCAL_RANK: 0 - CUDA_VISIBLE_DEVICES: [0]
[I 2023-11-30 05:03:39,532] Trial 54 finished with value: 0.7143464684486389 and parameters: {'gradient_clip_val': 0.7655453466038477, 'hidden_size': 46, 'dropout': 0.16187727069929897, 'hidden_continuous_size': 42, 'attention_head_size': 1, 'learning_rate': 0.014983685009219478}. Best is trial 41 with value: 0.3046448826789856.
LOCAL_RANK: 0 - CUDA_VISIBLE_DEVICES: [0]
[I 2023-11-30 05:03:54,254] Trial 55 finished with value: 0.31262147426605225 and parameters: {'gradient_clip_val': 0.5863949348697219, 'hidden_size': 141, 'dropout': 0.20605570631526765, 'hidden_continuous_size': 99, 'attention_head_size': 2, 'learning_rate': 0.024283644867093647}. Best is trial 41 with value: 0.3046448826789856.
LOCAL_RANK: 0 - CUDA_VISIBLE_DEVICES: [0]
[I 2023-11-30 05:04:08,700] Trial 56 finished with value: 0.4850412607192993 and parameters: {'gradient_clip_val': 0.4916489413906528, 'hidden_size': 137, 'dropout': 0.21108068951467812, 'hidden_continuous_size': 99, 'attention_head_size': 2, 'learning_rate': 0.023104416491964697}. Best is trial 41 with value: 0.3046448826789856.
LOCAL_RANK: 0 - CUDA_VISIBLE_DEVICES: [0]
[I 2023-11-30 05:04:22,704] Trial 57 finished with value: 0.3094947338104248 and parameters: {'gradient_clip_val': 0.5893597852012415, 'hidden_size': 114, 'dropout': 0.1794972180251818, 'hidden_continuous_size': 80, 'attention_head_size': 1, 'learning_rate': 0.02555255963045928}. Best is trial 41 with value: 0.3046448826789856.
LOCAL_RANK: 0 - CUDA_VISIBLE_DEVICES: [0]
[I 2023-11-30 05:04:36,675] Trial 58 finished with value: 0.36395707726478577 and parameters: {'gradient_clip_val': 0.671574166805482, 'hidden_size': 116, 'dropout': 0.1741809701870924, 'hidden_continuous_size': 78, 'attention_head_size': 2, 'learning_rate': 0.019109261684375076}. Best is trial 41 with value: 0.3046448826789856.
LOCAL_RANK: 0 - CUDA_VISIBLE_DEVICES: [0]
[I 2023-11-30 05:04:50,415] Trial 59 finished with value: 0.4120112955570221 and parameters: {'gradient_clip_val': 0.5776890353890124, 'hidden_size': 86, 'dropout': 0.18607675404857424, 'hidden_continuous_size': 70, 'attention_head_size': 1, 'learning_rate': 0.024795114286172155}. Best is trial 41 with value: 0.3046448826789856.
LOCAL_RANK: 0 - CUDA_VISIBLE_DEVICES: [0]
[I 2023-11-30 05:05:04,315] Trial 60 finished with value: 0.37037745118141174 and parameters: {'gradient_clip_val': 0.4078779049625566, 'hidden_size': 96, 'dropout': 0.1528938539260433, 'hidden_continuous_size': 59, 'attention_head_size': 1, 'learning_rate': 0.03499121406651927}. Best is trial 41 with value: 0.3046448826789856.
LOCAL_RANK: 0 - CUDA_VISIBLE_DEVICES: [0]
[I 2023-11-30 05:05:18,332] Trial 61 finished with value: 0.6125690340995789 and parameters: {'gradient_clip_val': 0.6545491550385015, 'hidden_size': 113, 'dropout': 0.17774111512160268, 'hidden_continuous_size': 78, 'attention_head_size': 2, 'learning_rate': 0.017290135398882966}. Best is trial 41 with value: 0.3046448826789856.
LOCAL_RANK: 0 - CUDA_VISIBLE_DEVICES: [0]
[I 2023-11-30 05:05:32,594] Trial 62 finished with value: 0.640371561050415 and parameters: {'gradient_clip_val': 0.593488802507703, 'hidden_size': 117, 'dropout': 0.1693326821631022, 'hidden_continuous_size': 92, 'attention_head_size': 2, 'learning_rate': 0.02010003467498091}. Best is trial 41 with value: 0.3046448826789856.
LOCAL_RANK: 0 - CUDA_VISIBLE_DEVICES: [0]
[I 2023-11-30 05:05:47,012] Trial 63 finished with value: 0.4324812889099121 and parameters: {'gradient_clip_val': 0.5220430849959843, 'hidden_size': 141, 'dropout': 0.14304769455755076, 'hidden_continuous_size': 114, 'attention_head_size': 2, 'learning_rate': 0.02737405099057161}. Best is trial 41 with value: 0.3046448826789856.
LOCAL_RANK: 0 - CUDA_VISIBLE_DEVICES: [0]
[I 2023-11-30 05:06:01,029] Trial 64 finished with value: 0.49489298462867737 and parameters: {'gradient_clip_val': 0.6606296696940285, 'hidden_size': 105, 'dropout': 0.1616186006350906, 'hidden_continuous_size': 76, 'attention_head_size': 2, 'learning_rate': 0.014372526280477823}. Best is trial 41 with value: 0.3046448826789856.
LOCAL_RANK: 0 - CUDA_VISIBLE_DEVICES: [0]
[I 2023-11-30 05:06:15,111] Trial 65 finished with value: 0.33740517497062683 and parameters: {'gradient_clip_val': 0.5630359287978075, 'hidden_size': 93, 'dropout': 0.1992035607129015, 'hidden_continuous_size': 68, 'attention_head_size': 1, 'learning_rate': 0.04303604735206994}. Best is trial 41 with value: 0.3046448826789856.
LOCAL_RANK: 0 - CUDA_VISIBLE_DEVICES: [0]
[I 2023-11-30 05:06:28,635] Trial 66 finished with value: 0.37946486473083496 and parameters: {'gradient_clip_val': 0.4741948179819546, 'hidden_size': 70, 'dropout': 0.2000490312355793, 'hidden_continuous_size': 63, 'attention_head_size': 1, 'learning_rate': 0.04732227785345157}. Best is trial 41 with value: 0.3046448826789856.
LOCAL_RANK: 0 - CUDA_VISIBLE_DEVICES: [0]
[I 2023-11-30 05:06:42,411] Trial 67 finished with value: 0.5392974019050598 and parameters: {'gradient_clip_val': 0.5326951815008274, 'hidden_size': 81, 'dropout': 0.193968811977476, 'hidden_continuous_size': 67, 'attention_head_size': 1, 'learning_rate': 0.0326105435145398}. Best is trial 41 with value: 0.3046448826789856.
LOCAL_RANK: 0 - CUDA_VISIBLE_DEVICES: [0]
[I 2023-11-30 05:06:56,381] Trial 68 finished with value: 0.5031340718269348 and parameters: {'gradient_clip_val': 0.5865242437127469, 'hidden_size': 98, 'dropout': 0.18129389895450612, 'hidden_continuous_size': 82, 'attention_head_size': 1, 'learning_rate': 0.0416852280664304}. Best is trial 41 with value: 0.3046448826789856.
LOCAL_RANK: 0 - CUDA_VISIBLE_DEVICES: [0]
[I 2023-11-30 05:07:10,431] Trial 69 finished with value: 0.3231877088546753 and parameters: {'gradient_clip_val': 0.5635964605566812, 'hidden_size': 91, 'dropout': 0.20503831041883944, 'hidden_continuous_size': 73, 'attention_head_size': 1, 'learning_rate': 0.02263354437861988}. Best is trial 41 with value: 0.3046448826789856.
LOCAL_RANK: 0 - CUDA_VISIBLE_DEVICES: [0]
[I 2023-11-30 05:07:24,242] Trial 70 finished with value: 0.49137428402900696 and parameters: {'gradient_clip_val': 0.35137601455831613, 'hidden_size': 75, 'dropout': 0.20906578323234593, 'hidden_continuous_size': 63, 'attention_head_size': 1, 'learning_rate': 0.02423092402020347}. Best is trial 41 with value: 0.3046448826789856.
LOCAL_RANK: 0 - CUDA_VISIBLE_DEVICES: [0]
[I 2023-11-30 05:07:38,217] Trial 71 finished with value: 0.4008800983428955 and parameters: {'gradient_clip_val': 0.5830844891208905, 'hidden_size': 95, 'dropout': 0.18742535309378866, 'hidden_continuous_size': 68, 'attention_head_size': 1, 'learning_rate': 0.030441145721915967}. Best is trial 41 with value: 0.3046448826789856.
LOCAL_RANK: 0 - CUDA_VISIBLE_DEVICES: [0]
[I 2023-11-30 05:07:52,101] Trial 72 finished with value: 0.33263352513313293 and parameters: {'gradient_clip_val': 0.5510933009236196, 'hidden_size': 89, 'dropout': 0.22397861505306965, 'hidden_continuous_size': 75, 'attention_head_size': 1, 'learning_rate': 0.022297841393222353}. Best is trial 41 with value: 0.3046448826789856.
LOCAL_RANK: 0 - CUDA_VISIBLE_DEVICES: [0]
[I 2023-11-30 05:08:05,860] Trial 73 finished with value: 0.5689610242843628 and parameters: {'gradient_clip_val': 0.5016630560323898, 'hidden_size': 85, 'dropout': 0.22180927418728824, 'hidden_continuous_size': 74, 'attention_head_size': 1, 'learning_rate': 0.021611032762006523}. Best is trial 41 with value: 0.3046448826789856.
LOCAL_RANK: 0 - CUDA_VISIBLE_DEVICES: [0]
[I 2023-11-30 05:08:19,832] Trial 74 finished with value: 0.46201029419898987 and parameters: {'gradient_clip_val': 0.6151475636688893, 'hidden_size': 105, 'dropout': 0.20890514266428709, 'hidden_continuous_size': 85, 'attention_head_size': 1, 'learning_rate': 0.017465598140785743}. Best is trial 41 with value: 0.3046448826789856.
LOCAL_RANK: 0 - CUDA_VISIBLE_DEVICES: [0]
[I 2023-11-30 05:08:34,441] Trial 75 finished with value: 0.8154804706573486 and parameters: {'gradient_clip_val': 0.7069367101055607, 'hidden_size': 137, 'dropout': 0.23069814227022223, 'hidden_continuous_size': 98, 'attention_head_size': 1, 'learning_rate': 0.026149181854448166}. Best is trial 41 with value: 0.3046448826789856.
LOCAL_RANK: 0 - CUDA_VISIBLE_DEVICES: [0]
[I 2023-11-30 05:08:48,500] Trial 76 finished with value: 0.5467904806137085 and parameters: {'gradient_clip_val': 0.4712018188912308, 'hidden_size': 121, 'dropout': 0.23905540156514607, 'hidden_continuous_size': 88, 'attention_head_size': 1, 'learning_rate': 0.020806301410275712}. Best is trial 41 with value: 0.3046448826789856.
LOCAL_RANK: 0 - CUDA_VISIBLE_DEVICES: [0]
[I 2023-11-30 05:09:02,223] Trial 77 finished with value: 0.5832932591438293 and parameters: {'gradient_clip_val': 0.551260011100802, 'hidden_size': 88, 'dropout': 0.20070594971320183, 'hidden_continuous_size': 75, 'attention_head_size': 1, 'learning_rate': 0.01558036744622651}. Best is trial 41 with value: 0.3046448826789856.
LOCAL_RANK: 0 - CUDA_VISIBLE_DEVICES: [0]
[I 2023-11-30 05:09:15,621] Trial 78 finished with value: 0.4123670756816864 and parameters: {'gradient_clip_val': 0.7579808392788405, 'hidden_size': 68, 'dropout': 0.21935496866508883, 'hidden_continuous_size': 60, 'attention_head_size': 1, 'learning_rate': 0.022416314201945006}. Best is trial 41 with value: 0.3046448826789856.
LOCAL_RANK: 0 - CUDA_VISIBLE_DEVICES: [0]
