[I 2023-11-29 20:57:57,517] Trial 82 finished with value: 0.13649602234363556 and parameters: {'gradient_clip_val': 0.6105262705761838, 'hidden_size': 83, 'dropout': 0.19602277080714003, 'hidden_continuous_size': 41, 'attention_head_size': 3, 'learning_rate': 0.02527840382226774}. Best is trial 77 with value: 0.07833334058523178.
LOCAL_RANK: 0 - CUDA_VISIBLE_DEVICES: [0]
[I 2023-11-29 20:58:10,843] Trial 83 finished with value: 0.21871833503246307 and parameters: {'gradient_clip_val': 0.5552966644989812, 'hidden_size': 59, 'dropout': 0.216308521314091, 'hidden_continuous_size': 40, 'attention_head_size': 3, 'learning_rate': 0.03216748257949985}. Best is trial 77 with value: 0.07833334058523178.
LOCAL_RANK: 0 - CUDA_VISIBLE_DEVICES: [0]
[I 2023-11-29 20:58:24,696] Trial 84 finished with value: 0.20757023990154266 and parameters: {'gradient_clip_val': 0.7246640635253473, 'hidden_size': 90, 'dropout': 0.22780845941029382, 'hidden_continuous_size': 35, 'attention_head_size': 3, 'learning_rate': 0.03922767559144522}. Best is trial 77 with value: 0.07833334058523178.
LOCAL_RANK: 0 - CUDA_VISIBLE_DEVICES: [0]
[I 2023-11-29 20:58:38,451] Trial 85 finished with value: 0.1801198273897171 and parameters: {'gradient_clip_val': 0.4756444042366214, 'hidden_size': 76, 'dropout': 0.20330991085953004, 'hidden_continuous_size': 49, 'attention_head_size': 4, 'learning_rate': 0.04887659357185678}. Best is trial 77 with value: 0.07833334058523178.
LOCAL_RANK: 0 - CUDA_VISIBLE_DEVICES: [0]
[I 2023-11-29 20:58:52,278] Trial 86 finished with value: 0.1580256223678589 and parameters: {'gradient_clip_val': 0.5556315996908879, 'hidden_size': 97, 'dropout': 0.18863177603564837, 'hidden_continuous_size': 36, 'attention_head_size': 3, 'learning_rate': 0.057660593273368574}. Best is trial 77 with value: 0.07833334058523178.
LOCAL_RANK: 0 - CUDA_VISIBLE_DEVICES: [0]
[I 2023-11-29 20:59:05,529] Trial 87 finished with value: 0.07728060334920883 and parameters: {'gradient_clip_val': 0.6440336219391702, 'hidden_size': 56, 'dropout': 0.2090308846873254, 'hidden_continuous_size': 45, 'attention_head_size': 3, 'learning_rate': 0.03499085742761334}. Best is trial 87 with value: 0.07728060334920883.
LOCAL_RANK: 0 - CUDA_VISIBLE_DEVICES: [0]
[I 2023-11-29 20:59:18,998] Trial 88 finished with value: 0.08156361430883408 and parameters: {'gradient_clip_val': 0.7710201970933279, 'hidden_size': 62, 'dropout': 0.21021572216764423, 'hidden_continuous_size': 46, 'attention_head_size': 3, 'learning_rate': 0.03138405114268431}. Best is trial 87 with value: 0.07728060334920883.
LOCAL_RANK: 0 - CUDA_VISIBLE_DEVICES: [0]
[I 2023-11-29 20:59:32,623] Trial 89 finished with value: 0.28157708048820496 and parameters: {'gradient_clip_val': 0.6817335248039598, 'hidden_size': 55, 'dropout': 0.20960525638172606, 'hidden_continuous_size': 47, 'attention_head_size': 3, 'learning_rate': 0.022886982592793217}. Best is trial 87 with value: 0.07728060334920883.
LOCAL_RANK: 0 - CUDA_VISIBLE_DEVICES: [0]
[I 2023-11-29 20:59:46,029] Trial 90 finished with value: 0.18454410135746002 and parameters: {'gradient_clip_val': 0.6441456041398613, 'hidden_size': 60, 'dropout': 0.16663222201397632, 'hidden_continuous_size': 51, 'attention_head_size': 3, 'learning_rate': 0.032322498814991524}. Best is trial 87 with value: 0.07728060334920883.
LOCAL_RANK: 0 - CUDA_VISIBLE_DEVICES: [0]
[I 2023-11-29 20:59:59,497] Trial 91 finished with value: 0.16221284866333008 and parameters: {'gradient_clip_val': 0.8599033398465304, 'hidden_size': 67, 'dropout': 0.219390476783877, 'hidden_continuous_size': 43, 'attention_head_size': 3, 'learning_rate': 0.028041800441639463}. Best is trial 87 with value: 0.07728060334920883.
LOCAL_RANK: 0 - CUDA_VISIBLE_DEVICES: [0]
[I 2023-11-29 21:00:12,941] Trial 92 finished with value: 0.1634160727262497 and parameters: {'gradient_clip_val': 0.7780603616907534, 'hidden_size': 63, 'dropout': 0.22899185785530768, 'hidden_continuous_size': 41, 'attention_head_size': 3, 'learning_rate': 0.035672680405099}. Best is trial 87 with value: 0.07728060334920883.
LOCAL_RANK: 0 - CUDA_VISIBLE_DEVICES: [0]
[I 2023-11-29 21:00:26,520] Trial 93 finished with value: 0.09883483499288559 and parameters: {'gradient_clip_val': 0.7422907367830589, 'hidden_size': 78, 'dropout': 0.21520821590064781, 'hidden_continuous_size': 45, 'attention_head_size': 3, 'learning_rate': 0.04147711917454785}. Best is trial 87 with value: 0.07728060334920883.
LOCAL_RANK: 0 - CUDA_VISIBLE_DEVICES: [0]
[I 2023-11-29 21:00:40,414] Trial 94 finished with value: 0.10623181611299515 and parameters: {'gradient_clip_val': 0.5869189704778582, 'hidden_size': 85, 'dropout': 0.23777795928602974, 'hidden_continuous_size': 39, 'attention_head_size': 3, 'learning_rate': 0.030838768784781305}. Best is trial 87 with value: 0.07728060334920883.
LOCAL_RANK: 0 - CUDA_VISIBLE_DEVICES: [0]
[I 2023-11-29 21:00:54,168] Trial 95 finished with value: 0.12796999514102936 and parameters: {'gradient_clip_val': 0.8102634345900204, 'hidden_size': 81, 'dropout': 0.207506387558056, 'hidden_continuous_size': 49, 'attention_head_size': 3, 'learning_rate': 0.04740298070208936}. Best is trial 87 with value: 0.07728060334920883.
LOCAL_RANK: 0 - CUDA_VISIBLE_DEVICES: [0]
[I 2023-11-29 21:01:07,775] Trial 96 finished with value: 0.1266607791185379 and parameters: {'gradient_clip_val': 0.693811416851315, 'hidden_size': 69, 'dropout': 0.22487974813547626, 'hidden_continuous_size': 53, 'attention_head_size': 3, 'learning_rate': 0.035792676630593635}. Best is trial 87 with value: 0.07728060334920883.
LOCAL_RANK: 0 - CUDA_VISIBLE_DEVICES: [0]
[I 2023-11-29 21:01:21,403] Trial 97 finished with value: 0.1101456880569458 and parameters: {'gradient_clip_val': 0.8772444104466472, 'hidden_size': 74, 'dropout': 0.24982838464668092, 'hidden_continuous_size': 46, 'attention_head_size': 3, 'learning_rate': 0.027055437158014353}. Best is trial 87 with value: 0.07728060334920883.
LOCAL_RANK: 0 - CUDA_VISIBLE_DEVICES: [0]
[I 2023-11-29 21:01:35,379] Trial 98 finished with value: 0.11157691478729248 and parameters: {'gradient_clip_val': 0.6470458257446983, 'hidden_size': 101, 'dropout': 0.18027311038146804, 'hidden_continuous_size': 34, 'attention_head_size': 3, 'learning_rate': 0.02417902729156964}. Best is trial 87 with value: 0.07728060334920883.
LOCAL_RANK: 0 - CUDA_VISIBLE_DEVICES: [0]
[I 2023-11-29 21:01:49,280] Trial 99 finished with value: 0.15319734811782837 and parameters: {'gradient_clip_val': 0.7213597764323555, 'hidden_size': 91, 'dropout': 0.18967657763417411, 'hidden_continuous_size': 42, 'attention_head_size': 3, 'learning_rate': 0.043811316703365015}. Best is trial 87 with value: 0.07728060334920883.
LOCAL_RANK: 0 - CUDA_VISIBLE_DEVICES: [0]
[I 2023-11-29 21:02:02,838] Trial 100 finished with value: 0.12970389425754547 and parameters: {'gradient_clip_val': 0.6038587138784306, 'hidden_size': 62, 'dropout': 0.2598500701575775, 'hidden_continuous_size': 51, 'attention_head_size': 3, 'learning_rate': 0.06204878601829333}. Best is trial 87 with value: 0.07728060334920883.
LOCAL_RANK: 0 - CUDA_VISIBLE_DEVICES: [0]
[I 2023-11-29 21:02:16,042] Trial 101 finished with value: 0.19618897140026093 and parameters: {'gradient_clip_val': 0.5177166230852591, 'hidden_size': 56, 'dropout': 0.203917242706742, 'hidden_continuous_size': 45, 'attention_head_size': 3, 'learning_rate': 0.04012152794897436}. Best is trial 87 with value: 0.07728060334920883.
LOCAL_RANK: 0 - CUDA_VISIBLE_DEVICES: [0]
[I 2023-11-29 21:02:29,422] Trial 102 finished with value: 0.39291703701019287 and parameters: {'gradient_clip_val': 0.7806620313789553, 'hidden_size': 53, 'dropout': 0.21503587669357035, 'hidden_continuous_size': 43, 'attention_head_size': 3, 'learning_rate': 0.030197417819669607}. Best is trial 87 with value: 0.07728060334920883.
LOCAL_RANK: 0 - CUDA_VISIBLE_DEVICES: [0]
[I 2023-11-29 21:02:42,823] Trial 103 finished with value: 0.08119494467973709 and parameters: {'gradient_clip_val': 0.9529534192421084, 'hidden_size': 67, 'dropout': 0.1977595030125783, 'hidden_continuous_size': 47, 'attention_head_size': 2, 'learning_rate': 0.03458875823984462}. Best is trial 87 with value: 0.07728060334920883.
LOCAL_RANK: 0 - CUDA_VISIBLE_DEVICES: [0]
[I 2023-11-29 21:02:56,390] Trial 104 finished with value: 0.2438610941171646 and parameters: {'gradient_clip_val': 0.9299782287132137, 'hidden_size': 67, 'dropout': 0.1952991779718324, 'hidden_continuous_size': 48, 'attention_head_size': 3, 'learning_rate': 0.03365631472095048}. Best is trial 87 with value: 0.07728060334920883.
LOCAL_RANK: 0 - CUDA_VISIBLE_DEVICES: [0]
[I 2023-11-29 21:03:09,945] Trial 105 finished with value: 0.15335388481616974 and parameters: {'gradient_clip_val': 0.9460050887147251, 'hidden_size': 72, 'dropout': 0.22226789957363643, 'hidden_continuous_size': 53, 'attention_head_size': 2, 'learning_rate': 0.05272852452745192}. Best is trial 87 with value: 0.07728060334920883.
LOCAL_RANK: 0 - CUDA_VISIBLE_DEVICES: [0]
[I 2023-11-29 21:03:23,348] Trial 106 finished with value: 0.16549260914325714 and parameters: {'gradient_clip_val': 0.9013206850933403, 'hidden_size': 61, 'dropout': 0.24125939018956427, 'hidden_continuous_size': 47, 'attention_head_size': 3, 'learning_rate': 0.021699915268926683}. Best is trial 87 with value: 0.07728060334920883.
LOCAL_RANK: 0 - CUDA_VISIBLE_DEVICES: [0]
[I 2023-11-29 21:03:36,560] Trial 107 finished with value: 0.10687186568975449 and parameters: {'gradient_clip_val': 0.831258674312319, 'hidden_size': 49, 'dropout': 0.2343472633760047, 'hidden_continuous_size': 45, 'attention_head_size': 1, 'learning_rate': 0.026282327644182667}. Best is trial 87 with value: 0.07728060334920883.
LOCAL_RANK: 0 - CUDA_VISIBLE_DEVICES: [0]
[I 2023-11-29 21:03:50,289] Trial 108 finished with value: 0.17496144771575928 and parameters: {'gradient_clip_val': 0.7546958135475701, 'hidden_size': 80, 'dropout': 0.19819196302904837, 'hidden_continuous_size': 57, 'attention_head_size': 3, 'learning_rate': 0.02989331242857696}. Best is trial 87 with value: 0.07728060334920883.
LOCAL_RANK: 0 - CUDA_VISIBLE_DEVICES: [0]
[I 2023-11-29 21:04:04,046] Trial 109 finished with value: 0.08885788172483444 and parameters: {'gradient_clip_val': 0.9581951999169159, 'hidden_size': 87, 'dropout': 0.20842745107259747, 'hidden_continuous_size': 31, 'attention_head_size': 4, 'learning_rate': 0.035154445291101524}. Best is trial 87 with value: 0.07728060334920883.
LOCAL_RANK: 0 - CUDA_VISIBLE_DEVICES: [0]
[I 2023-11-29 21:04:17,493] Trial 110 finished with value: 0.09898751229047775 and parameters: {'gradient_clip_val': 0.6728697213755676, 'hidden_size': 87, 'dropout': 0.2103338717579019, 'hidden_continuous_size': 31, 'attention_head_size': 3, 'learning_rate': 0.03532365717395857}. Best is trial 87 with value: 0.07728060334920883.
LOCAL_RANK: 0 - CUDA_VISIBLE_DEVICES: [0]
[I 2023-11-29 21:04:30,893] Trial 111 finished with value: 0.08764272183179855 and parameters: {'gradient_clip_val': 0.861242638332485, 'hidden_size': 75, 'dropout': 0.201292562738819, 'hidden_continuous_size': 28, 'attention_head_size': 4, 'learning_rate': 0.04073505257294319}. Best is trial 87 with value: 0.07728060334920883.
LOCAL_RANK: 0 - CUDA_VISIBLE_DEVICES: [0]
[I 2023-11-29 21:04:44,336] Trial 112 finished with value: 0.12738965451717377 and parameters: {'gradient_clip_val': 0.9493029995401213, 'hidden_size': 73, 'dropout': 0.20160337507751233, 'hidden_continuous_size': 28, 'attention_head_size': 4, 'learning_rate': 0.03844379855903567}. Best is trial 87 with value: 0.07728060334920883.
LOCAL_RANK: 0 - CUDA_VISIBLE_DEVICES: [0]
[I 2023-11-29 21:04:58,153] Trial 113 finished with value: 0.0891210064291954 and parameters: {'gradient_clip_val': 0.8059912081763143, 'hidden_size': 65, 'dropout': 0.19085492607350854, 'hidden_continuous_size': 50, 'attention_head_size': 4, 'learning_rate': 0.04537011848985767}. Best is trial 87 with value: 0.07728060334920883.
LOCAL_RANK: 0 - CUDA_VISIBLE_DEVICES: [0]
[I 2023-11-29 21:05:11,693] Trial 114 finished with value: 0.10418039560317993 and parameters: {'gradient_clip_val': 0.8991489192210581, 'hidden_size': 64, 'dropout': 0.18480498603211765, 'hidden_continuous_size': 53, 'attention_head_size': 4, 'learning_rate': 0.04821864414666113}. Best is trial 87 with value: 0.07728060334920883.
LOCAL_RANK: 0 - CUDA_VISIBLE_DEVICES: [0]
[I 2023-11-29 21:05:25,269] Trial 115 finished with value: 0.12749819457530975 and parameters: {'gradient_clip_val': 0.8412930424602824, 'hidden_size': 68, 'dropout': 0.19089400411147145, 'hidden_continuous_size': 50, 'attention_head_size': 4, 'learning_rate': 0.04264076612394395}. Best is trial 87 with value: 0.07728060334920883.
LOCAL_RANK: 0 - CUDA_VISIBLE_DEVICES: [0]
[I 2023-11-29 21:05:39,027] Trial 116 finished with value: 0.158363938331604 and parameters: {'gradient_clip_val': 0.7080638295340208, 'hidden_size': 76, 'dropout': 0.1770946330595464, 'hidden_continuous_size': 60, 'attention_head_size': 4, 'learning_rate': 0.05591126821710835}. Best is trial 87 with value: 0.07728060334920883.
LOCAL_RANK: 0 - CUDA_VISIBLE_DEVICES: [0]
[I 2023-11-29 21:05:52,576] Trial 117 finished with value: 0.08808604627847672 and parameters: {'gradient_clip_val': 0.7805818204670326, 'hidden_size': 59, 'dropout': 0.2056050368489317, 'hidden_continuous_size': 50, 'attention_head_size': 4, 'learning_rate': 0.04534786796898175}. Best is trial 87 with value: 0.07728060334920883.
LOCAL_RANK: 0 - CUDA_VISIBLE_DEVICES: [0]
[I 2023-11-29 21:06:06,292] Trial 118 finished with value: 0.3077855110168457 and parameters: {'gradient_clip_val': 0.871204552897579, 'hidden_size': 58, 'dropout': 0.2061482346900876, 'hidden_continuous_size': 50, 'attention_head_size': 4, 'learning_rate': 0.03450671377258475}. Best is trial 87 with value: 0.07728060334920883.
LOCAL_RANK: 0 - CUDA_VISIBLE_DEVICES: [0]
[I 2023-11-29 21:06:19,921] Trial 119 finished with value: 0.10445690155029297 and parameters: {'gradient_clip_val': 0.9689423922913739, 'hidden_size': 65, 'dropout': 0.19773384575230712, 'hidden_continuous_size': 54, 'attention_head_size': 4, 'learning_rate': 0.046767688355247375}. Best is trial 87 with value: 0.07728060334920883.
LOCAL_RANK: 0 - CUDA_VISIBLE_DEVICES: [0]
[I 2023-11-29 21:06:33,376] Trial 120 finished with value: 0.16214026510715485 and parameters: {'gradient_clip_val': 0.7950038013337695, 'hidden_size': 70, 'dropout': 0.19197491208358003, 'hidden_continuous_size': 33, 'attention_head_size': 4, 'learning_rate': 0.03167210237821576}. Best is trial 87 with value: 0.07728060334920883.
LOCAL_RANK: 0 - CUDA_VISIBLE_DEVICES: [0]
[I 2023-11-29 21:06:46,686] Trial 121 finished with value: 0.172202005982399 and parameters: {'gradient_clip_val': 0.7353007387306606, 'hidden_size': 59, 'dropout': 0.1838078732581099, 'hidden_continuous_size': 48, 'attention_head_size': 4, 'learning_rate': 0.039971681548957805}. Best is trial 87 with value: 0.07728060334920883.
LOCAL_RANK: 0 - CUDA_VISIBLE_DEVICES: [0]
[I 2023-11-29 21:07:00,541] Trial 122 finished with value: 0.16978134214878082 and parameters: {'gradient_clip_val': 0.6454296582979326, 'hidden_size': 74, 'dropout': 0.21269330874707326, 'hidden_continuous_size': 56, 'attention_head_size': 4, 'learning_rate': 0.04334612897501663}. Best is trial 87 with value: 0.07728060334920883.
LOCAL_RANK: 0 - CUDA_VISIBLE_DEVICES: [0]
[I 2023-11-29 21:07:13,965] Trial 123 finished with value: 0.17883367836475372 and parameters: {'gradient_clip_val': 0.7555705030907889, 'hidden_size': 64, 'dropout': 0.21798858235439933, 'hidden_continuous_size': 37, 'attention_head_size': 4, 'learning_rate': 0.05232722450069506}. Best is trial 87 with value: 0.07728060334920883.
LOCAL_RANK: 0 - CUDA_VISIBLE_DEVICES: [0]
[I 2023-11-29 21:07:27,483] Trial 124 finished with value: 0.10359680652618408 and parameters: {'gradient_clip_val': 0.6707559343680966, 'hidden_size': 78, 'dropout': 0.2039482628571199, 'hidden_continuous_size': 40, 'attention_head_size': 4, 'learning_rate': 0.03645560186434563}. Best is trial 87 with value: 0.07728060334920883.
LOCAL_RANK: 0 - CUDA_VISIBLE_DEVICES: [0]
[I 2023-11-29 21:07:41,065] Trial 125 finished with value: 0.22960714995861053 and parameters: {'gradient_clip_val': 0.8335414336647898, 'hidden_size': 68, 'dropout': 0.18782570259636136, 'hidden_continuous_size': 58, 'attention_head_size': 4, 'learning_rate': 0.0506791370672368}. Best is trial 87 with value: 0.07728060334920883.
LOCAL_RANK: 0 - CUDA_VISIBLE_DEVICES: [0]
[I 2023-11-29 21:07:54,400] Trial 126 finished with value: 0.1458808034658432 and parameters: {'gradient_clip_val': 0.628484454354638, 'hidden_size': 56, 'dropout': 0.20808285785956282, 'hidden_continuous_size': 51, 'attention_head_size': 4, 'learning_rate': 0.059025765209376066}. Best is trial 87 with value: 0.07728060334920883.
LOCAL_RANK: 0 - CUDA_VISIBLE_DEVICES: [0]
[I 2023-11-29 21:08:07,969] Trial 127 finished with value: 0.19743545353412628 and parameters: {'gradient_clip_val': 0.5587869492499777, 'hidden_size': 61, 'dropout': 0.19848280329001533, 'hidden_continuous_size': 55, 'attention_head_size': 4, 'learning_rate': 0.06633554926791495}. Best is trial 87 with value: 0.07728060334920883.
LOCAL_RANK: 0 - CUDA_VISIBLE_DEVICES: [0]
[I 2023-11-29 21:08:22,121] Trial 128 finished with value: 0.24912531673908234 and parameters: {'gradient_clip_val': 0.5931789257876682, 'hidden_size': 81, 'dropout': 0.22513105694774346, 'hidden_continuous_size': 61, 'attention_head_size': 4, 'learning_rate': 0.032251301339004064}. Best is trial 87 with value: 0.07728060334920883.
LOCAL_RANK: 0 - CUDA_VISIBLE_DEVICES: [0]
[I 2023-11-29 21:08:35,457] Trial 129 finished with value: 0.14413224160671234 and parameters: {'gradient_clip_val': 0.7747898109260325, 'hidden_size': 51, 'dropout': 0.1747931186104013, 'hidden_continuous_size': 43, 'attention_head_size': 4, 'learning_rate': 0.039156728832319146}. Best is trial 87 with value: 0.07728060334920883.
LOCAL_RANK: 0 - CUDA_VISIBLE_DEVICES: [0]
[I 2023-11-29 21:08:48,983] Trial 130 finished with value: 0.11526363343000412 and parameters: {'gradient_clip_val': 0.7158382364220569, 'hidden_size': 71, 'dropout': 0.21828046171161075, 'hidden_continuous_size': 31, 'attention_head_size': 4, 'learning_rate': 0.04583892898242384}. Best is trial 87 with value: 0.07728060334920883.
LOCAL_RANK: 0 - CUDA_VISIBLE_DEVICES: [0]
[I 2023-11-29 21:09:02,322] Trial 131 finished with value: 0.18126142024993896 and parameters: {'gradient_clip_val': 0.8049445092703743, 'hidden_size': 87, 'dropout': 0.21114824938916713, 'hidden_continuous_size': 26, 'attention_head_size': 1, 'learning_rate': 0.02801382089208562}. Best is trial 87 with value: 0.07728060334920883.
LOCAL_RANK: 0 - CUDA_VISIBLE_DEVICES: [0]
[I 2023-11-29 21:09:16,134] Trial 132 finished with value: 0.1881520003080368 and parameters: {'gradient_clip_val': 0.8902976819658582, 'hidden_size': 93, 'dropout': 0.19452832798718095, 'hidden_continuous_size': 39, 'attention_head_size': 4, 'learning_rate': 0.0364634006416216}. Best is trial 87 with value: 0.07728060334920883.
LOCAL_RANK: 0 - CUDA_VISIBLE_DEVICES: [0]
[I 2023-11-29 21:09:30,251] Trial 133 finished with value: 0.08881442993879318 and parameters: {'gradient_clip_val': 0.9980789444354836, 'hidden_size': 113, 'dropout': 0.23183195851909075, 'hidden_continuous_size': 36, 'attention_head_size': 3, 'learning_rate': 0.024423662014698522}. Best is trial 87 with value: 0.07728060334920883.
LOCAL_RANK: 0 - CUDA_VISIBLE_DEVICES: [0]
[I 2023-11-29 21:09:44,182] Trial 134 finished with value: 0.15018582344055176 and parameters: {'gradient_clip_val': 0.9337983706945133, 'hidden_size': 110, 'dropout': 0.22660179361412644, 'hidden_continuous_size': 35, 'attention_head_size': 3, 'learning_rate': 0.024833335355947374}. Best is trial 87 with value: 0.07728060334920883.
LOCAL_RANK: 0 - CUDA_VISIBLE_DEVICES: [0]
[I 2023-11-29 21:09:57,965] Trial 135 finished with value: 0.10502985864877701 and parameters: {'gradient_clip_val': 0.9930280717034037, 'hidden_size': 123, 'dropout': 0.23037351804461353, 'hidden_continuous_size': 32, 'attention_head_size': 1, 'learning_rate': 0.029561421761254817}. Best is trial 87 with value: 0.07728060334920883.
LOCAL_RANK: 0 - CUDA_VISIBLE_DEVICES: [0]
[I 2023-11-29 21:10:11,918] Trial 136 finished with value: 0.2858189642429352 and parameters: {'gradient_clip_val': 0.8599468275851301, 'hidden_size': 107, 'dropout': 0.20147491071509188, 'hidden_continuous_size': 38, 'attention_head_size': 3, 'learning_rate': 0.03317815106266487}. Best is trial 87 with value: 0.07728060334920883.
LOCAL_RANK: 0 - CUDA_VISIBLE_DEVICES: [0]
[I 2023-11-29 21:10:25,873] Trial 137 finished with value: 0.12085440754890442 and parameters: {'gradient_clip_val': 0.689187933463962, 'hidden_size': 117, 'dropout': 0.21837010107971577, 'hidden_continuous_size': 34, 'attention_head_size': 4, 'learning_rate': 0.024093096907790375}. Best is trial 87 with value: 0.07728060334920883.
LOCAL_RANK: 0 - CUDA_VISIBLE_DEVICES: [0]
[I 2023-11-29 21:10:40,088] Trial 138 finished with value: 0.15105849504470825 and parameters: {'gradient_clip_val': 0.9510773304141656, 'hidden_size': 132, 'dropout': 0.21140509453377923, 'hidden_continuous_size': 29, 'attention_head_size': 3, 'learning_rate': 0.04206181602820148}. Best is trial 87 with value: 0.07728060334920883.
LOCAL_RANK: 0 - CUDA_VISIBLE_DEVICES: [0]
[I 2023-11-29 21:10:53,919] Trial 139 finished with value: 0.16593700647354126 and parameters: {'gradient_clip_val': 0.9105968665828, 'hidden_size': 103, 'dropout': 0.24384131361451827, 'hidden_continuous_size': 36, 'attention_head_size': 3, 'learning_rate': 0.026989602080283347}. Best is trial 87 with value: 0.07728060334920883.
LOCAL_RANK: 0 - CUDA_VISIBLE_DEVICES: [0]
