[I 2023-11-30 05:35:02,706] Trial 44 finished with value: 0.20279741287231445 and parameters: {'gradient_clip_val': 0.9290388280289518, 'hidden_size': 17, 'dropout': 0.18683431056904454, 'hidden_continuous_size': 15, 'attention_head_size': 3, 'learning_rate': 0.0483054670565642}. Best is trial 12 with value: 0.09004301577806473.
LOCAL_RANK: 0 - CUDA_VISIBLE_DEVICES: [0]
[I 2023-11-30 05:35:14,971] Trial 45 finished with value: 0.22020970284938812 and parameters: {'gradient_clip_val': 0.5811574918510377, 'hidden_size': 20, 'dropout': 0.223771967948092, 'hidden_continuous_size': 16, 'attention_head_size': 2, 'learning_rate': 0.0996586519015718}. Best is trial 12 with value: 0.09004301577806473.
LOCAL_RANK: 0 - CUDA_VISIBLE_DEVICES: [0]
[I 2023-11-30 05:35:27,498] Trial 46 finished with value: 0.15485697984695435 and parameters: {'gradient_clip_val': 0.986923557635322, 'hidden_size': 33, 'dropout': 0.17111760391477102, 'hidden_continuous_size': 17, 'attention_head_size': 3, 'learning_rate': 0.062440991438595626}. Best is trial 12 with value: 0.09004301577806473.
LOCAL_RANK: 0 - CUDA_VISIBLE_DEVICES: [0]
[I 2023-11-30 05:35:39,768] Trial 47 finished with value: 0.13097631931304932 and parameters: {'gradient_clip_val': 0.6810529848171295, 'hidden_size': 25, 'dropout': 0.23028431744130498, 'hidden_continuous_size': 14, 'attention_head_size': 4, 'learning_rate': 0.0806222318289628}. Best is trial 12 with value: 0.09004301577806473.
LOCAL_RANK: 0 - CUDA_VISIBLE_DEVICES: [0]
[I 2023-11-30 05:35:51,963] Trial 48 finished with value: 0.15608827769756317 and parameters: {'gradient_clip_val': 0.7950727060218268, 'hidden_size': 21, 'dropout': 0.13575890008337096, 'hidden_continuous_size': 16, 'attention_head_size': 2, 'learning_rate': 0.045429545793408105}. Best is trial 12 with value: 0.09004301577806473.
LOCAL_RANK: 0 - CUDA_VISIBLE_DEVICES: [0]
[I 2023-11-30 05:36:04,234] Trial 49 finished with value: 0.24345487356185913 and parameters: {'gradient_clip_val': 0.7336242067117557, 'hidden_size': 28, 'dropout': 0.1999496966035885, 'hidden_continuous_size': 17, 'attention_head_size': 3, 'learning_rate': 0.02167359348309607}. Best is trial 12 with value: 0.09004301577806473.
LOCAL_RANK: 0 - CUDA_VISIBLE_DEVICES: [0]
[I 2023-11-30 05:36:16,862] Trial 50 finished with value: 0.39403173327445984 and parameters: {'gradient_clip_val': 0.832917475484006, 'hidden_size': 37, 'dropout': 0.20655242994944994, 'hidden_continuous_size': 18, 'attention_head_size': 3, 'learning_rate': 0.055130175624598175}. Best is trial 12 with value: 0.09004301577806473.
LOCAL_RANK: 0 - CUDA_VISIBLE_DEVICES: [0]
[I 2023-11-30 05:36:28,951] Trial 51 finished with value: 0.13925856351852417 and parameters: {'gradient_clip_val': 0.38038233949753913, 'hidden_size': 21, 'dropout': 0.2156351496207369, 'hidden_continuous_size': 13, 'attention_head_size': 4, 'learning_rate': 0.08248786330227019}. Best is trial 12 with value: 0.09004301577806473.
LOCAL_RANK: 0 - CUDA_VISIBLE_DEVICES: [0]
[I 2023-11-30 05:36:40,872] Trial 52 finished with value: 0.20824658870697021 and parameters: {'gradient_clip_val': 0.6049450347296194, 'hidden_size': 16, 'dropout': 0.1891739585366457, 'hidden_continuous_size': 11, 'attention_head_size': 4, 'learning_rate': 0.05710303805230498}. Best is trial 12 with value: 0.09004301577806473.
LOCAL_RANK: 0 - CUDA_VISIBLE_DEVICES: [0]
[I 2023-11-30 05:36:53,104] Trial 53 finished with value: 0.29884400963783264 and parameters: {'gradient_clip_val': 0.26794357216258863, 'hidden_size': 23, 'dropout': 0.21475593530104256, 'hidden_continuous_size': 14, 'attention_head_size': 4, 'learning_rate': 0.08368643820497287}. Best is trial 12 with value: 0.09004301577806473.
LOCAL_RANK: 0 - CUDA_VISIBLE_DEVICES: [0]
[I 2023-11-30 05:37:05,697] Trial 54 finished with value: 0.24335987865924835 and parameters: {'gradient_clip_val': 0.3189220319388134, 'hidden_size': 26, 'dropout': 0.23121062085781147, 'hidden_continuous_size': 13, 'attention_head_size': 4, 'learning_rate': 0.06606373258628333}. Best is trial 12 with value: 0.09004301577806473.
LOCAL_RANK: 0 - CUDA_VISIBLE_DEVICES: [0]
[I 2023-11-30 05:37:17,960] Trial 55 finished with value: 0.34401822090148926 and parameters: {'gradient_clip_val': 0.676713236889942, 'hidden_size': 19, 'dropout': 0.18802049251757447, 'hidden_continuous_size': 15, 'attention_head_size': 3, 'learning_rate': 0.037794042320496456}. Best is trial 12 with value: 0.09004301577806473.
LOCAL_RANK: 0 - CUDA_VISIBLE_DEVICES: [0]
[I 2023-11-30 05:37:30,378] Trial 56 finished with value: 0.24575714766979218 and parameters: {'gradient_clip_val': 0.9254809238326211, 'hidden_size': 30, 'dropout': 0.2043748702242164, 'hidden_continuous_size': 18, 'attention_head_size': 2, 'learning_rate': 0.05379955830332588}. Best is trial 12 with value: 0.09004301577806473.
LOCAL_RANK: 0 - CUDA_VISIBLE_DEVICES: [0]
[I 2023-11-30 05:37:42,601] Trial 57 finished with value: 0.3125596344470978 and parameters: {'gradient_clip_val': 0.5275718624394705, 'hidden_size': 15, 'dropout': 0.2490146564467054, 'hidden_continuous_size': 11, 'attention_head_size': 3, 'learning_rate': 0.08851717382969378}. Best is trial 12 with value: 0.09004301577806473.
LOCAL_RANK: 0 - CUDA_VISIBLE_DEVICES: [0]
[I 2023-11-30 05:37:54,756] Trial 58 finished with value: 0.3815329074859619 and parameters: {'gradient_clip_val': 0.7653493425251138, 'hidden_size': 13, 'dropout': 0.22133207575942265, 'hidden_continuous_size': 12, 'attention_head_size': 4, 'learning_rate': 0.03289718759089694}. Best is trial 12 with value: 0.09004301577806473.
LOCAL_RANK: 0 - CUDA_VISIBLE_DEVICES: [0]
[I 2023-11-30 05:38:07,049] Trial 59 finished with value: 0.1918877810239792 and parameters: {'gradient_clip_val': 0.6497416827501871, 'hidden_size': 21, 'dropout': 0.19357121358296725, 'hidden_continuous_size': 16, 'attention_head_size': 3, 'learning_rate': 0.04367419316590086}. Best is trial 12 with value: 0.09004301577806473.
LOCAL_RANK: 0 - CUDA_VISIBLE_DEVICES: [0]
[I 2023-11-30 05:38:19,123] Trial 60 finished with value: 0.27832144498825073 and parameters: {'gradient_clip_val': 0.5974791713813008, 'hidden_size': 25, 'dropout': 0.23767393987934834, 'hidden_continuous_size': 14, 'attention_head_size': 1, 'learning_rate': 0.06997588631157108}. Best is trial 12 with value: 0.09004301577806473.
LOCAL_RANK: 0 - CUDA_VISIBLE_DEVICES: [0]
[I 2023-11-30 05:38:31,445] Trial 61 finished with value: 0.13564808666706085 and parameters: {'gradient_clip_val': 0.8991334680880789, 'hidden_size': 29, 'dropout': 0.2077671582251809, 'hidden_continuous_size': 18, 'attention_head_size': 2, 'learning_rate': 0.07029084946056872}. Best is trial 12 with value: 0.09004301577806473.
LOCAL_RANK: 0 - CUDA_VISIBLE_DEVICES: [0]
[I 2023-11-30 05:38:43,687] Trial 62 finished with value: 0.143089160323143 and parameters: {'gradient_clip_val': 0.8292822952915432, 'hidden_size': 27, 'dropout': 0.19801761864572404, 'hidden_continuous_size': 15, 'attention_head_size': 2, 'learning_rate': 0.08691082266422018}. Best is trial 12 with value: 0.09004301577806473.
LOCAL_RANK: 0 - CUDA_VISIBLE_DEVICES: [0]
[I 2023-11-30 05:38:55,938] Trial 63 finished with value: 0.14461511373519897 and parameters: {'gradient_clip_val': 0.989319467808209, 'hidden_size': 23, 'dropout': 0.18041033854576258, 'hidden_continuous_size': 17, 'attention_head_size': 2, 'learning_rate': 0.06162869920422761}. Best is trial 12 with value: 0.09004301577806473.
LOCAL_RANK: 0 - CUDA_VISIBLE_DEVICES: [0]
[I 2023-11-30 05:39:08,461] Trial 64 finished with value: 0.20029203593730927 and parameters: {'gradient_clip_val': 0.727945328735689, 'hidden_size': 30, 'dropout': 0.21502881832292714, 'hidden_continuous_size': 19, 'attention_head_size': 2, 'learning_rate': 0.04983495165565986}. Best is trial 12 with value: 0.09004301577806473.
LOCAL_RANK: 0 - CUDA_VISIBLE_DEVICES: [0]
[I 2023-11-30 05:39:20,870] Trial 65 finished with value: 0.14758853614330292 and parameters: {'gradient_clip_val': 0.8558936151832928, 'hidden_size': 33, 'dropout': 0.19435037471745428, 'hidden_continuous_size': 17, 'attention_head_size': 2, 'learning_rate': 0.09332919768412606}. Best is trial 12 with value: 0.09004301577806473.
LOCAL_RANK: 0 - CUDA_VISIBLE_DEVICES: [0]
[I 2023-11-30 05:39:32,959] Trial 66 finished with value: 0.19567276537418365 and parameters: {'gradient_clip_val': 0.706404170031834, 'hidden_size': 24, 'dropout': 0.16248983881366472, 'hidden_continuous_size': 16, 'attention_head_size': 3, 'learning_rate': 0.07464696745972482}. Best is trial 12 with value: 0.09004301577806473.
LOCAL_RANK: 0 - CUDA_VISIBLE_DEVICES: [0]
[I 2023-11-30 05:39:45,183] Trial 67 finished with value: 0.13825799524784088 and parameters: {'gradient_clip_val': 0.7860785896711403, 'hidden_size': 27, 'dropout': 0.23762607727772198, 'hidden_continuous_size': 14, 'attention_head_size': 3, 'learning_rate': 0.09752883580078098}. Best is trial 12 with value: 0.09004301577806473.
LOCAL_RANK: 0 - CUDA_VISIBLE_DEVICES: [0]
[I 2023-11-30 05:39:57,296] Trial 68 finished with value: 0.1663857251405716 and parameters: {'gradient_clip_val': 0.8956322673226131, 'hidden_size': 22, 'dropout': 0.25701744550333977, 'hidden_continuous_size': 15, 'attention_head_size': 2, 'learning_rate': 0.05959323671912011}. Best is trial 12 with value: 0.09004301577806473.
LOCAL_RANK: 0 - CUDA_VISIBLE_DEVICES: [0]
[I 2023-11-30 05:40:09,746] Trial 69 finished with value: 0.177689790725708 and parameters: {'gradient_clip_val': 0.6622896789319036, 'hidden_size': 18, 'dropout': 0.17441096091811772, 'hidden_continuous_size': 16, 'attention_head_size': 3, 'learning_rate': 0.0836799769229644}. Best is trial 12 with value: 0.09004301577806473.
LOCAL_RANK: 0 - CUDA_VISIBLE_DEVICES: [0]
[I 2023-11-30 05:40:22,198] Trial 70 finished with value: 0.1672925502061844 and parameters: {'gradient_clip_val': 0.9557900207710486, 'hidden_size': 31, 'dropout': 0.22473713660215414, 'hidden_continuous_size': 19, 'attention_head_size': 1, 'learning_rate': 0.05125158005603777}. Best is trial 12 with value: 0.09004301577806473.
LOCAL_RANK: 0 - CUDA_VISIBLE_DEVICES: [0]
[I 2023-11-30 05:40:34,535] Trial 71 finished with value: 0.16940879821777344 and parameters: {'gradient_clip_val': 0.6798889097191116, 'hidden_size': 25, 'dropout': 0.23209187261033618, 'hidden_continuous_size': 14, 'attention_head_size': 4, 'learning_rate': 0.07714121526342309}. Best is trial 12 with value: 0.09004301577806473.
LOCAL_RANK: 0 - CUDA_VISIBLE_DEVICES: [0]
[I 2023-11-30 05:40:46,949] Trial 72 finished with value: 0.1571473479270935 and parameters: {'gradient_clip_val': 0.8261993012595399, 'hidden_size': 26, 'dropout': 0.22096111751431172, 'hidden_continuous_size': 15, 'attention_head_size': 4, 'learning_rate': 0.06717239328112318}. Best is trial 12 with value: 0.09004301577806473.
LOCAL_RANK: 0 - CUDA_VISIBLE_DEVICES: [0]
[I 2023-11-30 05:40:58,972] Trial 73 finished with value: 0.20873886346817017 and parameters: {'gradient_clip_val': 0.6201797204987111, 'hidden_size': 20, 'dropout': 0.2098164621322255, 'hidden_continuous_size': 13, 'attention_head_size': 4, 'learning_rate': 0.08384540595517573}. Best is trial 12 with value: 0.09004301577806473.
LOCAL_RANK: 0 - CUDA_VISIBLE_DEVICES: [0]
[I 2023-11-30 05:41:11,097] Trial 74 finished with value: 0.20889048278331757 and parameters: {'gradient_clip_val': 0.7370833446019649, 'hidden_size': 24, 'dropout': 0.20328808855693842, 'hidden_continuous_size': 14, 'attention_head_size': 4, 'learning_rate': 0.07057658183050074}. Best is trial 12 with value: 0.09004301577806473.
LOCAL_RANK: 0 - CUDA_VISIBLE_DEVICES: [0]
[I 2023-11-30 05:41:23,289] Trial 75 finished with value: 0.1939615160226822 and parameters: {'gradient_clip_val': 0.9291558701116266, 'hidden_size': 28, 'dropout': 0.2309343530772034, 'hidden_continuous_size': 13, 'attention_head_size': 4, 'learning_rate': 0.09914578998905936}. Best is trial 12 with value: 0.09004301577806473.
LOCAL_RANK: 0 - CUDA_VISIBLE_DEVICES: [0]
[I 2023-11-30 05:41:35,422] Trial 76 finished with value: 0.285810261964798 and parameters: {'gradient_clip_val': 0.5528799934657367, 'hidden_size': 22, 'dropout': 0.18421382512499535, 'hidden_continuous_size': 16, 'attention_head_size': 3, 'learning_rate': 0.04144882335849758}. Best is trial 12 with value: 0.09004301577806473.
LOCAL_RANK: 0 - CUDA_VISIBLE_DEVICES: [0]
[I 2023-11-30 05:41:48,269] Trial 77 finished with value: 0.153428316116333 and parameters: {'gradient_clip_val': 0.8860257998652595, 'hidden_size': 35, 'dropout': 0.24735225426992366, 'hidden_continuous_size': 17, 'attention_head_size': 4, 'learning_rate': 0.05899269100350496}. Best is trial 12 with value: 0.09004301577806473.
LOCAL_RANK: 0 - CUDA_VISIBLE_DEVICES: [0]
[I 2023-11-30 05:42:00,559] Trial 78 finished with value: 0.154626727104187 and parameters: {'gradient_clip_val': 0.7869811701983518, 'hidden_size': 32, 'dropout': 0.1935703368790716, 'hidden_continuous_size': 12, 'attention_head_size': 3, 'learning_rate': 0.07905062772792253}. Best is trial 12 with value: 0.09004301577806473.
LOCAL_RANK: 0 - CUDA_VISIBLE_DEVICES: [0]
[I 2023-11-30 05:42:12,486] Trial 79 finished with value: 0.13640332221984863 and parameters: {'gradient_clip_val': 0.7080581798332319, 'hidden_size': 20, 'dropout': 0.16918159533156393, 'hidden_continuous_size': 15, 'attention_head_size': 2, 'learning_rate': 0.04785285640241118}. Best is trial 12 with value: 0.09004301577806473.
LOCAL_RANK: 0 - CUDA_VISIBLE_DEVICES: [0]
[I 2023-11-30 05:42:24,634] Trial 80 finished with value: 0.16963458061218262 and parameters: {'gradient_clip_val': 0.8408519732195116, 'hidden_size': 25, 'dropout': 0.2184819009169877, 'hidden_continuous_size': 15, 'attention_head_size': 3, 'learning_rate': 0.08571699205623001}. Best is trial 12 with value: 0.09004301577806473.
LOCAL_RANK: 0 - CUDA_VISIBLE_DEVICES: [0]
[I 2023-11-30 05:42:37,002] Trial 81 finished with value: 0.18889325857162476 and parameters: {'gradient_clip_val': 0.7809010737613963, 'hidden_size': 29, 'dropout': 0.20744326369364885, 'hidden_continuous_size': 14, 'attention_head_size': 3, 'learning_rate': 0.07568432472228705}. Best is trial 12 with value: 0.09004301577806473.
LOCAL_RANK: 0 - CUDA_VISIBLE_DEVICES: [0]
[I 2023-11-30 05:42:49,054] Trial 82 finished with value: 0.22487084567546844 and parameters: {'gradient_clip_val': 0.7576218470947336, 'hidden_size': 28, 'dropout': 0.20245100413275793, 'hidden_continuous_size': 14, 'attention_head_size': 3, 'learning_rate': 0.08945799294861312}. Best is trial 12 with value: 0.09004301577806473.
LOCAL_RANK: 0 - CUDA_VISIBLE_DEVICES: [0]
[I 2023-11-30 05:43:01,270] Trial 83 finished with value: 0.155856654047966 and parameters: {'gradient_clip_val': 0.9955037007913373, 'hidden_size': 24, 'dropout': 0.17973522894262045, 'hidden_continuous_size': 14, 'attention_head_size': 3, 'learning_rate': 0.06582095311515307}. Best is trial 12 with value: 0.09004301577806473.
LOCAL_RANK: 0 - CUDA_VISIBLE_DEVICES: [0]
[I 2023-11-30 05:43:13,492] Trial 84 finished with value: 0.25435981154441833 and parameters: {'gradient_clip_val': 0.6604336634954144, 'hidden_size': 27, 'dropout': 0.21262312102561387, 'hidden_continuous_size': 13, 'attention_head_size': 3, 'learning_rate': 0.057343960625274075}. Best is trial 12 with value: 0.09004301577806473.
LOCAL_RANK: 0 - CUDA_VISIBLE_DEVICES: [0]
[I 2023-11-30 05:43:25,652] Trial 85 finished with value: 0.13381396234035492 and parameters: {'gradient_clip_val': 0.8725358039398029, 'hidden_size': 22, 'dropout': 0.19841663564378453, 'hidden_continuous_size': 16, 'attention_head_size': 3, 'learning_rate': 0.07957261131944848}. Best is trial 12 with value: 0.09004301577806473.
LOCAL_RANK: 0 - CUDA_VISIBLE_DEVICES: [0]
[I 2023-11-30 05:43:37,972] Trial 86 finished with value: 0.21045859158039093 and parameters: {'gradient_clip_val': 0.8738083223174248, 'hidden_size': 21, 'dropout': 0.18732993132219647, 'hidden_continuous_size': 16, 'attention_head_size': 3, 'learning_rate': 0.07124903050833153}. Best is trial 12 with value: 0.09004301577806473.
LOCAL_RANK: 0 - CUDA_VISIBLE_DEVICES: [0]
[I 2023-11-30 05:43:50,023] Trial 87 finished with value: 0.12049409747123718 and parameters: {'gradient_clip_val': 0.9206786525409977, 'hidden_size': 18, 'dropout': 0.22789710701146718, 'hidden_continuous_size': 10, 'attention_head_size': 2, 'learning_rate': 0.09993411491836428}. Best is trial 12 with value: 0.09004301577806473.
LOCAL_RANK: 0 - CUDA_VISIBLE_DEVICES: [0]
[I 2023-11-30 05:44:02,075] Trial 88 finished with value: 0.19535084068775177 and parameters: {'gradient_clip_val': 0.9371772722672058, 'hidden_size': 17, 'dropout': 0.23037061922618723, 'hidden_continuous_size': 10, 'attention_head_size': 2, 'learning_rate': 0.08962340652350301}. Best is trial 12 with value: 0.09004301577806473.
LOCAL_RANK: 0 - CUDA_VISIBLE_DEVICES: [0]
[I 2023-11-30 05:44:14,223] Trial 89 finished with value: 0.25177454948425293 and parameters: {'gradient_clip_val': 0.626859359336386, 'hidden_size': 18, 'dropout': 0.24252831248192086, 'hidden_continuous_size': 10, 'attention_head_size': 2, 'learning_rate': 0.09946827584807884}. Best is trial 12 with value: 0.09004301577806473.
LOCAL_RANK: 0 - CUDA_VISIBLE_DEVICES: [0]
[I 2023-11-30 05:44:26,288] Trial 90 finished with value: 0.19555699825286865 and parameters: {'gradient_clip_val': 0.8251907066629068, 'hidden_size': 19, 'dropout': 0.22660026501082794, 'hidden_continuous_size': 10, 'attention_head_size': 2, 'learning_rate': 0.06445774653236867}. Best is trial 12 with value: 0.09004301577806473.
LOCAL_RANK: 0 - CUDA_VISIBLE_DEVICES: [0]
[I 2023-11-30 05:44:38,324] Trial 91 finished with value: 0.3680969774723053 and parameters: {'gradient_clip_val': 0.947819221863991, 'hidden_size': 22, 'dropout': 0.2167669483406987, 'hidden_continuous_size': 11, 'attention_head_size': 2, 'learning_rate': 0.0809791302459674}. Best is trial 12 with value: 0.09004301577806473.
LOCAL_RANK: 0 - CUDA_VISIBLE_DEVICES: [0]
[I 2023-11-30 05:44:50,659] Trial 92 finished with value: 0.12416859716176987 and parameters: {'gradient_clip_val': 0.876291855671233, 'hidden_size': 23, 'dropout': 0.20961106685969505, 'hidden_continuous_size': 16, 'attention_head_size': 3, 'learning_rate': 0.08910215624901682}. Best is trial 12 with value: 0.09004301577806473.
LOCAL_RANK: 0 - CUDA_VISIBLE_DEVICES: [0]
[I 2023-11-30 05:45:02,845] Trial 93 finished with value: 0.19525253772735596 and parameters: {'gradient_clip_val': 0.7506065464735692, 'hidden_size': 25, 'dropout': 0.21078430249581606, 'hidden_continuous_size': 15, 'attention_head_size': 2, 'learning_rate': 0.08835788143209462}. Best is trial 12 with value: 0.09004301577806473.
LOCAL_RANK: 0 - CUDA_VISIBLE_DEVICES: [0]
[I 2023-11-30 05:45:15,149] Trial 94 finished with value: 0.20317213237285614 and parameters: {'gradient_clip_val': 0.8077746957870439, 'hidden_size': 23, 'dropout': 0.22178363485470648, 'hidden_continuous_size': 12, 'attention_head_size': 4, 'learning_rate': 0.07028483663961578}. Best is trial 12 with value: 0.09004301577806473.
LOCAL_RANK: 0 - CUDA_VISIBLE_DEVICES: [0]
[I 2023-11-30 05:45:27,176] Trial 95 finished with value: 0.25495314598083496 and parameters: {'gradient_clip_val': 0.6992786329030041, 'hidden_size': 19, 'dropout': 0.23616906562290374, 'hidden_continuous_size': 15, 'attention_head_size': 2, 'learning_rate': 0.055434337667995465}. Best is trial 12 with value: 0.09004301577806473.
LOCAL_RANK: 0 - CUDA_VISIBLE_DEVICES: [0]
[I 2023-11-30 05:45:39,208] Trial 96 finished with value: 0.2190442532300949 and parameters: {'gradient_clip_val': 0.8923883125036582, 'hidden_size': 20, 'dropout': 0.22579282967645675, 'hidden_continuous_size': 17, 'attention_head_size': 3, 'learning_rate': 0.09945164454672993}. Best is trial 12 with value: 0.09004301577806473.
LOCAL_RANK: 0 - CUDA_VISIBLE_DEVICES: [0]
[I 2023-11-30 05:45:51,613] Trial 97 finished with value: 0.2346193641424179 and parameters: {'gradient_clip_val': 0.9631360312828271, 'hidden_size': 26, 'dropout': 0.19327349614889755, 'hidden_continuous_size': 17, 'attention_head_size': 3, 'learning_rate': 0.09146894662970755}. Best is trial 12 with value: 0.09004301577806473.
LOCAL_RANK: 0 - CUDA_VISIBLE_DEVICES: [0]
[I 2023-11-30 05:46:04,065] Trial 98 finished with value: 0.1924661546945572 and parameters: {'gradient_clip_val': 0.8158021927322286, 'hidden_size': 31, 'dropout': 0.25275533747327883, 'hidden_continuous_size': 18, 'attention_head_size': 2, 'learning_rate': 0.06217874587922049}. Best is trial 12 with value: 0.09004301577806473.
LOCAL_RANK: 0 - CUDA_VISIBLE_DEVICES: [0]
[I 2023-11-30 05:46:16,317] Trial 99 finished with value: 0.21491022408008575 and parameters: {'gradient_clip_val': 0.7251897228214451, 'hidden_size': 24, 'dropout': 0.20451872522875222, 'hidden_continuous_size': 16, 'attention_head_size': 3, 'learning_rate': 0.0754095770925048}. Best is trial 12 with value: 0.09004301577806473.
LOCAL_RANK: 0 - CUDA_VISIBLE_DEVICES: [0]
[I 2023-11-30 05:46:28,554] Trial 100 finished with value: 0.16159121692180634 and parameters: {'gradient_clip_val': 0.9089044500099958, 'hidden_size': 21, 'dropout': 0.2379188565093777, 'hidden_continuous_size': 11, 'attention_head_size': 4, 'learning_rate': 0.05223806143821388}. Best is trial 12 with value: 0.09004301577806473.
LOCAL_RANK: 0 - CUDA_VISIBLE_DEVICES: [0]
[I 2023-11-30 05:46:40,683] Trial 101 finished with value: 0.1674940139055252 and parameters: {'gradient_clip_val': 0.9526750900671417, 'hidden_size': 23, 'dropout': 0.21412910080455458, 'hidden_continuous_size': 16, 'attention_head_size': 3, 'learning_rate': 0.07983802119488062}. Best is trial 12 with value: 0.09004301577806473.
LOCAL_RANK: 0 - CUDA_VISIBLE_DEVICES: [0]
