[rank: 0] Seed set to 1337
[I 2023-11-29 20:06:46,529] A new study created in memory with name: no-name-8dba3409-c10c-4852-bf06-6c644e11063b
/home/le004/conda/anaconda3/envs/tsff_env/lib/python3.9/site-packages/lightning/fabric/plugins/environments/slurm.py:191: The `srun` command is available on your system but is not used. HINT: If your intention is to run Lightning on SLURM, prepend your python command with `srun` like so: srun python /home/le004/master_thesis/git/TSFusionForecast/code/ ...
LOCAL_RANK: 0 - CUDA_VISIBLE_DEVICES: [0]
[I 2023-11-29 20:07:02,774] Trial 0 finished with value: 1498.626953125 and parameters: {'gradient_clip_val': 0.2372513916061594, 'hidden_size': 23, 'dropout': 0.10852005301446066, 'hidden_continuous_size': 16, 'attention_head_size': 4, 'learning_rate': 0.007502430381660232}. Best is trial 0 with value: 1498.626953125.
LOCAL_RANK: 0 - CUDA_VISIBLE_DEVICES: [0]
[I 2023-11-29 20:07:15,413] Trial 1 finished with value: 840.1749877929688 and parameters: {'gradient_clip_val': 0.13312757313063442, 'hidden_size': 51, 'dropout': 0.3239256672575346, 'hidden_continuous_size': 20, 'attention_head_size': 4, 'learning_rate': 0.006711351439777262}. Best is trial 1 with value: 840.1749877929688.
LOCAL_RANK: 0 - CUDA_VISIBLE_DEVICES: [0]
[I 2023-11-29 20:07:25,619] Trial 2 finished with value: 3415.012939453125 and parameters: {'gradient_clip_val': 0.3503516630228893, 'hidden_size': 11, 'dropout': 0.16961676603475156, 'hidden_continuous_size': 11, 'attention_head_size': 1, 'learning_rate': 0.0016017446571348314}. Best is trial 1 with value: 840.1749877929688.
LOCAL_RANK: 0 - CUDA_VISIBLE_DEVICES: [0]
[I 2023-11-29 20:07:39,222] Trial 3 finished with value: 1122.8780517578125 and parameters: {'gradient_clip_val': 0.9408421096977072, 'hidden_size': 140, 'dropout': 0.33840289246279265, 'hidden_continuous_size': 31, 'attention_head_size': 1, 'learning_rate': 0.03589327623410632}. Best is trial 1 with value: 840.1749877929688.
LOCAL_RANK: 0 - CUDA_VISIBLE_DEVICES: [0]
[I 2023-11-29 20:07:51,142] Trial 4 finished with value: 2605.236083984375 and parameters: {'gradient_clip_val': 0.258247867169916, 'hidden_size': 23, 'dropout': 0.3174678175974923, 'hidden_continuous_size': 22, 'attention_head_size': 1, 'learning_rate': 0.0014790329006325075}. Best is trial 1 with value: 840.1749877929688.
LOCAL_RANK: 0 - CUDA_VISIBLE_DEVICES: [0]
[I 2023-11-29 20:08:03,274] Trial 5 finished with value: 1436.3466796875 and parameters: {'gradient_clip_val': 0.10274658237706809, 'hidden_size': 36, 'dropout': 0.1246232319210672, 'hidden_continuous_size': 35, 'attention_head_size': 2, 'learning_rate': 0.002377456023163841}. Best is trial 1 with value: 840.1749877929688.
LOCAL_RANK: 0 - CUDA_VISIBLE_DEVICES: [0]
[I 2023-11-29 20:08:13,494] Trial 6 finished with value: 1880.7359619140625 and parameters: {'gradient_clip_val': 0.6778346883032427, 'hidden_size': 14, 'dropout': 0.343514459342775, 'hidden_continuous_size': 14, 'attention_head_size': 3, 'learning_rate': 0.006676142456744955}. Best is trial 1 with value: 840.1749877929688.
LOCAL_RANK: 0 - CUDA_VISIBLE_DEVICES: [0]
[I 2023-11-29 20:08:27,127] Trial 7 finished with value: 1505.0618896484375 and parameters: {'gradient_clip_val': 0.5979296783379954, 'hidden_size': 82, 'dropout': 0.2435484069324809, 'hidden_continuous_size': 55, 'attention_head_size': 4, 'learning_rate': 0.0012010725389872115}. Best is trial 1 with value: 840.1749877929688.
LOCAL_RANK: 0 - CUDA_VISIBLE_DEVICES: [0]
[I 2023-11-29 20:08:39,500] Trial 8 finished with value: 1125.54052734375 and parameters: {'gradient_clip_val': 0.1035684253991669, 'hidden_size': 31, 'dropout': 0.1905717259565784, 'hidden_continuous_size': 11, 'attention_head_size': 4, 'learning_rate': 0.07471951693372408}. Best is trial 1 with value: 840.1749877929688.
LOCAL_RANK: 0 - CUDA_VISIBLE_DEVICES: [0]
[I 2023-11-29 20:08:52,751] Trial 9 finished with value: 840.5737915039062 and parameters: {'gradient_clip_val': 0.32103233458137315, 'hidden_size': 75, 'dropout': 0.3750272377674212, 'hidden_continuous_size': 42, 'attention_head_size': 1, 'learning_rate': 0.01042559707799367}. Best is trial 1 with value: 840.1749877929688.
LOCAL_RANK: 0 - CUDA_VISIBLE_DEVICES: [0]
[I 2023-11-29 20:09:05,460] Trial 10 finished with value: 1022.8449096679688 and parameters: {'gradient_clip_val': 0.15635995444021086, 'hidden_size': 47, 'dropout': 0.2853231997247071, 'hidden_continuous_size': 22, 'attention_head_size': 3, 'learning_rate': 0.0155379584471911}. Best is trial 1 with value: 840.1749877929688.
LOCAL_RANK: 0 - CUDA_VISIBLE_DEVICES: [0]
[I 2023-11-29 20:09:18,719] Trial 11 finished with value: 797.4397583007812 and parameters: {'gradient_clip_val': 0.3606111823630209, 'hidden_size': 67, 'dropout': 0.39554432224720937, 'hidden_continuous_size': 49, 'attention_head_size': 2, 'learning_rate': 0.004707148723569454}. Best is trial 11 with value: 797.4397583007812.
LOCAL_RANK: 0 - CUDA_VISIBLE_DEVICES: [0]
[I 2023-11-29 20:09:32,102] Trial 12 finished with value: 1190.8736572265625 and parameters: {'gradient_clip_val': 0.20199653085353564, 'hidden_size': 58, 'dropout': 0.3943912236016228, 'hidden_continuous_size': 56, 'attention_head_size': 2, 'learning_rate': 0.003680146791599294}. Best is trial 11 with value: 797.4397583007812.
LOCAL_RANK: 0 - CUDA_VISIBLE_DEVICES: [0]
[I 2023-11-29 20:09:45,879] Trial 13 finished with value: 848.7760620117188 and parameters: {'gradient_clip_val': 0.4043595869936963, 'hidden_size': 96, 'dropout': 0.3876809952704432, 'hidden_continuous_size': 77, 'attention_head_size': 3, 'learning_rate': 0.003973350121290356}. Best is trial 11 with value: 797.4397583007812.
LOCAL_RANK: 0 - CUDA_VISIBLE_DEVICES: [0]
[I 2023-11-29 20:09:58,605] Trial 14 finished with value: 1122.1600341796875 and parameters: {'gradient_clip_val': 0.16828797717272465, 'hidden_size': 56, 'dropout': 0.2962154719734869, 'hidden_continuous_size': 27, 'attention_head_size': 2, 'learning_rate': 0.017490470465495428}. Best is trial 11 with value: 797.4397583007812.
LOCAL_RANK: 0 - CUDA_VISIBLE_DEVICES: [0]
[I 2023-11-29 20:10:11,228] Trial 15 finished with value: 1077.3685302734375 and parameters: {'gradient_clip_val': 0.45794799235501843, 'hidden_size': 48, 'dropout': 0.35301525856878896, 'hidden_continuous_size': 18, 'attention_head_size': 3, 'learning_rate': 0.003997402228868966}. Best is trial 11 with value: 797.4397583007812.
LOCAL_RANK: 0 - CUDA_VISIBLE_DEVICES: [0]
[I 2023-11-29 20:10:25,241] Trial 16 finished with value: 1128.078857421875 and parameters: {'gradient_clip_val': 0.29167271178983156, 'hidden_size': 116, 'dropout': 0.3964678072368655, 'hidden_continuous_size': 84, 'attention_head_size': 2, 'learning_rate': 0.0062221594877155464}. Best is trial 11 with value: 797.4397583007812.
LOCAL_RANK: 0 - CUDA_VISIBLE_DEVICES: [0]
[I 2023-11-29 20:10:38,808] Trial 17 finished with value: 1221.6673583984375 and parameters: {'gradient_clip_val': 0.21439099090827343, 'hidden_size': 71, 'dropout': 0.3579118284173741, 'hidden_continuous_size': 24, 'attention_head_size': 4, 'learning_rate': 0.0025850448997612172}. Best is trial 11 with value: 797.4397583007812.
LOCAL_RANK: 0 - CUDA_VISIBLE_DEVICES: [0]
[I 2023-11-29 20:10:52,475] Trial 18 finished with value: 1033.579345703125 and parameters: {'gradient_clip_val': 0.13765509829784592, 'hidden_size': 104, 'dropout': 0.32100835940442213, 'hidden_continuous_size': 38, 'attention_head_size': 3, 'learning_rate': 0.012535912532145204}. Best is trial 11 with value: 797.4397583007812.
LOCAL_RANK: 0 - CUDA_VISIBLE_DEVICES: [0]
[I 2023-11-29 20:11:05,622] Trial 19 finished with value: 900.9423217773438 and parameters: {'gradient_clip_val': 0.271975689094809, 'hidden_size': 67, 'dropout': 0.3713190448274043, 'hidden_continuous_size': 19, 'attention_head_size': 2, 'learning_rate': 0.02152047755518665}. Best is trial 11 with value: 797.4397583007812.
LOCAL_RANK: 0 - CUDA_VISIBLE_DEVICES: [0]
[I 2023-11-29 20:11:20,407] Trial 20 finished with value: 1350.3411865234375 and parameters: {'gradient_clip_val': 0.19196372122723876, 'hidden_size': 149, 'dropout': 0.3997465450224529, 'hidden_continuous_size': 124, 'attention_head_size': 4, 'learning_rate': 0.007941820216188783}. Best is trial 11 with value: 797.4397583007812.
LOCAL_RANK: 0 - CUDA_VISIBLE_DEVICES: [0]
[I 2023-11-29 20:11:33,795] Trial 21 finished with value: 1016.6199340820312 and parameters: {'gradient_clip_val': 0.3230123806542143, 'hidden_size': 80, 'dropout': 0.3658410525898981, 'hidden_continuous_size': 39, 'attention_head_size': 1, 'learning_rate': 0.01060896024807691}. Best is trial 11 with value: 797.4397583007812.
LOCAL_RANK: 0 - CUDA_VISIBLE_DEVICES: [0]
[I 2023-11-29 20:11:46,956] Trial 22 finished with value: 705.45703125 and parameters: {'gradient_clip_val': 0.33608575849495015, 'hidden_size': 65, 'dropout': 0.3700236113225356, 'hidden_continuous_size': 29, 'attention_head_size': 1, 'learning_rate': 0.005628727260261386}. Best is trial 22 with value: 705.45703125.
LOCAL_RANK: 0 - CUDA_VISIBLE_DEVICES: [0]
[I 2023-11-29 20:11:59,753] Trial 23 finished with value: 820.4755859375 and parameters: {'gradient_clip_val': 0.3970530386699161, 'hidden_size': 48, 'dropout': 0.3283631982147056, 'hidden_continuous_size': 28, 'attention_head_size': 2, 'learning_rate': 0.005619137285260942}. Best is trial 22 with value: 705.45703125.
LOCAL_RANK: 0 - CUDA_VISIBLE_DEVICES: [0]
[I 2023-11-29 20:12:12,466] Trial 24 finished with value: 1024.555419921875 and parameters: {'gradient_clip_val': 0.41277586438666286, 'hidden_size': 45, 'dropout': 0.371185299544305, 'hidden_continuous_size': 26, 'attention_head_size': 2, 'learning_rate': 0.0047754052085075705}. Best is trial 22 with value: 705.45703125.
LOCAL_RANK: 0 - CUDA_VISIBLE_DEVICES: [0]
[I 2023-11-29 20:12:25,555] Trial 25 finished with value: 895.0419921875 and parameters: {'gradient_clip_val': 0.4830595630969026, 'hidden_size': 57, 'dropout': 0.3492540101344359, 'hidden_continuous_size': 30, 'attention_head_size': 1, 'learning_rate': 0.0023602688883502094}. Best is trial 22 with value: 705.45703125.
LOCAL_RANK: 0 - CUDA_VISIBLE_DEVICES: [0]
[I 2023-11-29 20:12:38,998] Trial 26 finished with value: 872.5487670898438 and parameters: {'gradient_clip_val': 0.3604489141547281, 'hidden_size': 90, 'dropout': 0.3051048219290441, 'hidden_continuous_size': 31, 'attention_head_size': 2, 'learning_rate': 0.005119705094704174}. Best is trial 22 with value: 705.45703125.
LOCAL_RANK: 0 - CUDA_VISIBLE_DEVICES: [0]
[I 2023-11-29 20:12:52,301] Trial 27 finished with value: 949.4583129882812 and parameters: {'gradient_clip_val': 0.2958568996844987, 'hidden_size': 67, 'dropout': 0.2696554121899778, 'hidden_continuous_size': 26, 'attention_head_size': 2, 'learning_rate': 0.003057912066782568}. Best is trial 22 with value: 705.45703125.
LOCAL_RANK: 0 - CUDA_VISIBLE_DEVICES: [0]
[I 2023-11-29 20:13:05,162] Trial 28 finished with value: 1124.2987060546875 and parameters: {'gradient_clip_val': 0.2477910111909291, 'hidden_size': 41, 'dropout': 0.32535774547429586, 'hidden_continuous_size': 23, 'attention_head_size': 1, 'learning_rate': 0.004976959791342858}. Best is trial 22 with value: 705.45703125.
LOCAL_RANK: 0 - CUDA_VISIBLE_DEVICES: [0]
[I 2023-11-29 20:13:17,753] Trial 29 finished with value: 1238.1138916015625 and parameters: {'gradient_clip_val': 0.24713110731404492, 'hidden_size': 37, 'dropout': 0.3447503358540596, 'hidden_continuous_size': 16, 'attention_head_size': 2, 'learning_rate': 0.007032014293097868}. Best is trial 22 with value: 705.45703125.
LOCAL_RANK: 0 - CUDA_VISIBLE_DEVICES: [0]
[I 2023-11-29 20:13:30,847] Trial 30 finished with value: 1080.54541015625 and parameters: {'gradient_clip_val': 0.373990277504025, 'hidden_size': 62, 'dropout': 0.3734550853102081, 'hidden_continuous_size': 30, 'attention_head_size': 1, 'learning_rate': 0.0032198808788201114}. Best is trial 22 with value: 705.45703125.
LOCAL_RANK: 0 - CUDA_VISIBLE_DEVICES: [0]
[I 2023-11-29 20:13:43,536] Trial 31 finished with value: 872.8478393554688 and parameters: {'gradient_clip_val': 0.290654660204455, 'hidden_size': 52, 'dropout': 0.32667401525144696, 'hidden_continuous_size': 20, 'attention_head_size': 3, 'learning_rate': 0.008929877437065496}. Best is trial 22 with value: 705.45703125.
LOCAL_RANK: 0 - CUDA_VISIBLE_DEVICES: [0]
[I 2023-11-29 20:13:56,264] Trial 32 finished with value: 988.1244506835938 and parameters: {'gradient_clip_val': 0.22996601417609308, 'hidden_size': 51, 'dropout': 0.33518555146893153, 'hidden_continuous_size': 20, 'attention_head_size': 2, 'learning_rate': 0.0059069027527839085}. Best is trial 22 with value: 705.45703125.
LOCAL_RANK: 0 - CUDA_VISIBLE_DEVICES: [0]
[I 2023-11-29 20:14:09,782] Trial 33 finished with value: 892.3535766601562 and parameters: {'gradient_clip_val': 0.34956910036395045, 'hidden_size': 66, 'dropout': 0.3819765270798225, 'hidden_continuous_size': 28, 'attention_head_size': 3, 'learning_rate': 0.008311323511871048}. Best is trial 22 with value: 705.45703125.
LOCAL_RANK: 0 - CUDA_VISIBLE_DEVICES: [0]
[I 2023-11-29 20:14:23,077] Trial 34 finished with value: 867.1472778320312 and parameters: {'gradient_clip_val': 0.31963286312027683, 'hidden_size': 81, 'dropout': 0.3541766983074722, 'hidden_continuous_size': 34, 'attention_head_size': 1, 'learning_rate': 0.005334769423427737}. Best is trial 22 with value: 705.45703125.
LOCAL_RANK: 0 - CUDA_VISIBLE_DEVICES: [0]
[I 2023-11-29 20:14:35,195] Trial 35 finished with value: 1918.9833984375 and parameters: {'gradient_clip_val': 0.2646988037922696, 'hidden_size': 32, 'dropout': 0.30513782226618985, 'hidden_continuous_size': 16, 'attention_head_size': 2, 'learning_rate': 0.0019192005053680252}. Best is trial 22 with value: 705.45703125.
LOCAL_RANK: 0 - CUDA_VISIBLE_DEVICES: [0]
[I 2023-11-29 20:14:47,644] Trial 36 finished with value: 701.1680297851562 and parameters: {'gradient_clip_val': 0.4708532241005824, 'hidden_size': 41, 'dropout': 0.3356227735995294, 'hidden_continuous_size': 25, 'attention_head_size': 1, 'learning_rate': 0.006919236062067343}. Best is trial 36 with value: 701.1680297851562.
LOCAL_RANK: 0 - CUDA_VISIBLE_DEVICES: [0]
[I 2023-11-29 20:15:00,338] Trial 37 finished with value: 1042.9954833984375 and parameters: {'gradient_clip_val': 0.5065648375321778, 'hidden_size': 39, 'dropout': 0.36216539563439176, 'hidden_continuous_size': 24, 'attention_head_size': 1, 'learning_rate': 0.004241270180605512}. Best is trial 36 with value: 701.1680297851562.
LOCAL_RANK: 0 - CUDA_VISIBLE_DEVICES: [0]
[I 2023-11-29 20:15:13,303] Trial 38 finished with value: 793.7212524414062 and parameters: {'gradient_clip_val': 0.5442343211847892, 'hidden_size': 43, 'dropout': 0.33706160974261146, 'hidden_continuous_size': 22, 'attention_head_size': 1, 'learning_rate': 0.0070137230994944955}. Best is trial 36 with value: 701.1680297851562.
LOCAL_RANK: 0 - CUDA_VISIBLE_DEVICES: [0]
[I 2023-11-29 20:15:25,501] Trial 39 finished with value: 1355.3885498046875 and parameters: {'gradient_clip_val': 0.5813811032715429, 'hidden_size': 26, 'dropout': 0.3397526572757809, 'hidden_continuous_size': 17, 'attention_head_size': 1, 'learning_rate': 0.007639533537116803}. Best is trial 36 with value: 701.1680297851562.
LOCAL_RANK: 0 - CUDA_VISIBLE_DEVICES: [0]
[I 2023-11-29 20:15:38,078] Trial 40 finished with value: 1265.03271484375 and parameters: {'gradient_clip_val': 0.7974153086513306, 'hidden_size': 41, 'dropout': 0.3886325242857986, 'hidden_continuous_size': 21, 'attention_head_size': 1, 'learning_rate': 0.0032639393311448875}. Best is trial 36 with value: 701.1680297851562.
LOCAL_RANK: 0 - CUDA_VISIBLE_DEVICES: [0]
[I 2023-11-29 20:15:50,852] Trial 41 finished with value: 770.1689453125 and parameters: {'gradient_clip_val': 0.4156465788168732, 'hidden_size': 53, 'dropout': 0.3370244887785321, 'hidden_continuous_size': 25, 'attention_head_size': 1, 'learning_rate': 0.006511152161714628}. Best is trial 36 with value: 701.1680297851562.
LOCAL_RANK: 0 - CUDA_VISIBLE_DEVICES: [0]
[I 2023-11-29 20:16:03,889] Trial 42 finished with value: 719.4179077148438 and parameters: {'gradient_clip_val': 0.44540578490454924, 'hidden_size': 62, 'dropout': 0.3786670018030718, 'hidden_continuous_size': 22, 'attention_head_size': 1, 'learning_rate': 0.0065354856429948194}. Best is trial 36 with value: 701.1680297851562.
LOCAL_RANK: 0 - CUDA_VISIBLE_DEVICES: [0]
[I 2023-11-29 20:16:16,657] Trial 43 finished with value: 920.44091796875 and parameters: {'gradient_clip_val': 0.44653190162406226, 'hidden_size': 44, 'dropout': 0.34362336988397196, 'hidden_continuous_size': 22, 'attention_head_size': 1, 'learning_rate': 0.006548350619975899}. Best is trial 36 with value: 701.1680297851562.
LOCAL_RANK: 0 - CUDA_VISIBLE_DEVICES: [0]
[I 2023-11-29 20:16:29,562] Trial 44 finished with value: 1069.271484375 and parameters: {'gradient_clip_val': 0.5556689071624236, 'hidden_size': 56, 'dropout': 0.31237998873477196, 'hidden_continuous_size': 24, 'attention_head_size': 1, 'learning_rate': 0.010054099689337114}. Best is trial 36 with value: 701.1680297851562.
LOCAL_RANK: 0 - CUDA_VISIBLE_DEVICES: [0]
[I 2023-11-29 20:16:42,094] Trial 45 finished with value: 982.048828125 and parameters: {'gradient_clip_val': 0.5149763644194865, 'hidden_size': 33, 'dropout': 0.3786952477038877, 'hidden_continuous_size': 21, 'attention_head_size': 1, 'learning_rate': 0.007969445363897704}. Best is trial 36 with value: 701.1680297851562.
LOCAL_RANK: 0 - CUDA_VISIBLE_DEVICES: [0]
[I 2023-11-29 20:16:54,555] Trial 46 finished with value: 773.2556762695312 and parameters: {'gradient_clip_val': 0.6343568235118464, 'hidden_size': 35, 'dropout': 0.36124968226366755, 'hidden_continuous_size': 23, 'attention_head_size': 1, 'learning_rate': 0.011988133307800948}. Best is trial 36 with value: 701.1680297851562.
LOCAL_RANK: 0 - CUDA_VISIBLE_DEVICES: [0]
[I 2023-11-29 20:17:06,824] Trial 47 finished with value: 911.4306640625 and parameters: {'gradient_clip_val': 0.44409454477035704, 'hidden_size': 29, 'dropout': 0.38199185923802764, 'hidden_continuous_size': 15, 'attention_head_size': 1, 'learning_rate': 0.012193230282341665}. Best is trial 36 with value: 701.1680297851562.
LOCAL_RANK: 0 - CUDA_VISIBLE_DEVICES: [0]
[I 2023-11-29 20:17:19,030] Trial 48 finished with value: 806.8512573242188 and parameters: {'gradient_clip_val': 0.6386038283726687, 'hidden_size': 21, 'dropout': 0.3593563089444912, 'hidden_continuous_size': 13, 'attention_head_size': 1, 'learning_rate': 0.013807865388374472}. Best is trial 36 with value: 701.1680297851562.
LOCAL_RANK: 0 - CUDA_VISIBLE_DEVICES: [0]
[I 2023-11-29 20:17:31,770] Trial 49 finished with value: 938.1295776367188 and parameters: {'gradient_clip_val': 0.6897056111984665, 'hidden_size': 51, 'dropout': 0.3630750086372662, 'hidden_continuous_size': 25, 'attention_head_size': 1, 'learning_rate': 0.00909381827590906}. Best is trial 36 with value: 701.1680297851562.
LOCAL_RANK: 0 - CUDA_VISIBLE_DEVICES: [0]
[I 2023-11-29 20:17:44,120] Trial 50 finished with value: 912.71728515625 and parameters: {'gradient_clip_val': 0.4713633054969073, 'hidden_size': 36, 'dropout': 0.315715354075688, 'hidden_continuous_size': 23, 'attention_head_size': 1, 'learning_rate': 0.010480463062873275}. Best is trial 36 with value: 701.1680297851562.
LOCAL_RANK: 0 - CUDA_VISIBLE_DEVICES: [0]
[I 2023-11-29 20:17:56,975] Trial 51 finished with value: 915.1701049804688 and parameters: {'gradient_clip_val': 0.5230569715626943, 'hidden_size': 43, 'dropout': 0.33512767025904733, 'hidden_continuous_size': 22, 'attention_head_size': 1, 'learning_rate': 0.0063472592221368584}. Best is trial 36 with value: 701.1680297851562.
LOCAL_RANK: 0 - CUDA_VISIBLE_DEVICES: [0]
[I 2023-11-29 20:18:09,758] Trial 52 finished with value: 726.9074096679688 and parameters: {'gradient_clip_val': 0.5555897995962339, 'hidden_size': 60, 'dropout': 0.3498834702337874, 'hidden_continuous_size': 19, 'attention_head_size': 1, 'learning_rate': 0.007167261396264593}. Best is trial 36 with value: 701.1680297851562.
LOCAL_RANK: 0 - CUDA_VISIBLE_DEVICES: [0]
[I 2023-11-29 20:18:22,870] Trial 53 finished with value: 702.8446655273438 and parameters: {'gradient_clip_val': 0.41215815600043454, 'hidden_size': 62, 'dropout': 0.3511723297331154, 'hidden_continuous_size': 19, 'attention_head_size': 1, 'learning_rate': 0.004317595743170516}. Best is trial 36 with value: 701.1680297851562.
LOCAL_RANK: 0 - CUDA_VISIBLE_DEVICES: [0]
[I 2023-11-29 20:18:35,485] Trial 54 finished with value: 832.2409057617188 and parameters: {'gradient_clip_val': 0.41829611718908327, 'hidden_size': 60, 'dropout': 0.3527778907792099, 'hidden_continuous_size': 18, 'attention_head_size': 1, 'learning_rate': 0.004385781212003277}. Best is trial 36 with value: 701.1680297851562.
LOCAL_RANK: 0 - CUDA_VISIBLE_DEVICES: [0]
[I 2023-11-29 20:18:48,612] Trial 55 finished with value: 730.5735473632812 and parameters: {'gradient_clip_val': 0.43606547174593946, 'hidden_size': 73, 'dropout': 0.386242285819963, 'hidden_continuous_size': 18, 'attention_head_size': 1, 'learning_rate': 0.005402295218760224}. Best is trial 36 with value: 701.1680297851562.
LOCAL_RANK: 0 - CUDA_VISIBLE_DEVICES: [0]
[I 2023-11-29 20:19:01,738] Trial 56 finished with value: 828.2803344726562 and parameters: {'gradient_clip_val': 0.4839773433656965, 'hidden_size': 75, 'dropout': 0.38408105879298693, 'hidden_continuous_size': 18, 'attention_head_size': 1, 'learning_rate': 0.0037768258220992734}. Best is trial 36 with value: 701.1680297851562.
LOCAL_RANK: 0 - CUDA_VISIBLE_DEVICES: [0]
[I 2023-11-29 20:19:14,701] Trial 57 finished with value: 741.0053100585938 and parameters: {'gradient_clip_val': 0.34505987870198934, 'hidden_size': 62, 'dropout': 0.39789899108667753, 'hidden_continuous_size': 20, 'attention_head_size': 1, 'learning_rate': 0.005169610382454583}. Best is trial 36 with value: 701.1680297851562.
LOCAL_RANK: 0 - CUDA_VISIBLE_DEVICES: [0]
