[I 2023-11-30 06:11:40,717] Trial 67 finished with value: 0.22762398421764374 and parameters: {'gradient_clip_val': 0.2806589737295269, 'hidden_size': 57, 'dropout': 0.3189326752089674, 'hidden_continuous_size': 40, 'attention_head_size': 4, 'learning_rate': 0.023730126650437444}. Best is trial 64 with value: 0.07665131986141205.
LOCAL_RANK: 0 - CUDA_VISIBLE_DEVICES: [0]
[I 2023-11-30 06:11:54,476] Trial 68 finished with value: 0.08975184708833694 and parameters: {'gradient_clip_val': 0.2271819549963569, 'hidden_size': 108, 'dropout': 0.36754881618685964, 'hidden_continuous_size': 62, 'attention_head_size': 3, 'learning_rate': 0.033261315801897194}. Best is trial 64 with value: 0.07665131986141205.
LOCAL_RANK: 0 - CUDA_VISIBLE_DEVICES: [0]
[I 2023-11-30 06:12:08,104] Trial 69 finished with value: 0.11130127310752869 and parameters: {'gradient_clip_val': 0.2391015052272021, 'hidden_size': 94, 'dropout': 0.39190064127802454, 'hidden_continuous_size': 37, 'attention_head_size': 1, 'learning_rate': 0.050484321239272476}. Best is trial 64 with value: 0.07665131986141205.
LOCAL_RANK: 0 - CUDA_VISIBLE_DEVICES: [0]
[I 2023-11-30 06:12:21,627] Trial 70 finished with value: 0.11575496196746826 and parameters: {'gradient_clip_val': 0.26526344111711625, 'hidden_size': 62, 'dropout': 0.34109251799106405, 'hidden_continuous_size': 45, 'attention_head_size': 2, 'learning_rate': 0.07949000217741196}. Best is trial 64 with value: 0.07665131986141205.
LOCAL_RANK: 0 - CUDA_VISIBLE_DEVICES: [0]
[I 2023-11-30 06:12:35,228] Trial 71 finished with value: 0.09781795740127563 and parameters: {'gradient_clip_val': 0.2025784636462807, 'hidden_size': 85, 'dropout': 0.3494901811216468, 'hidden_continuous_size': 50, 'attention_head_size': 2, 'learning_rate': 0.0338689786716318}. Best is trial 64 with value: 0.07665131986141205.
LOCAL_RANK: 0 - CUDA_VISIBLE_DEVICES: [0]
[I 2023-11-30 06:12:48,965] Trial 72 finished with value: 0.21204590797424316 and parameters: {'gradient_clip_val': 0.1691479652909811, 'hidden_size': 90, 'dropout': 0.33357803581253215, 'hidden_continuous_size': 54, 'attention_head_size': 2, 'learning_rate': 0.04217887104550348}. Best is trial 64 with value: 0.07665131986141205.
LOCAL_RANK: 0 - CUDA_VISIBLE_DEVICES: [0]
[I 2023-11-30 06:13:02,779] Trial 73 finished with value: 0.06526132673025131 and parameters: {'gradient_clip_val': 0.21335133346726295, 'hidden_size': 120, 'dropout': 0.32612075664141915, 'hidden_continuous_size': 58, 'attention_head_size': 2, 'learning_rate': 0.03708592330977751}. Best is trial 73 with value: 0.06526132673025131.
LOCAL_RANK: 0 - CUDA_VISIBLE_DEVICES: [0]
[I 2023-11-30 06:13:17,163] Trial 74 finished with value: 0.1711171716451645 and parameters: {'gradient_clip_val': 0.21521660976607174, 'hidden_size': 124, 'dropout': 0.32657048872504096, 'hidden_continuous_size': 64, 'attention_head_size': 2, 'learning_rate': 0.020728903584178292}. Best is trial 73 with value: 0.06526132673025131.
LOCAL_RANK: 0 - CUDA_VISIBLE_DEVICES: [0]
[I 2023-11-30 06:13:31,199] Trial 75 finished with value: 0.09090980887413025 and parameters: {'gradient_clip_val': 0.2395148429730151, 'hidden_size': 101, 'dropout': 0.316083601300145, 'hidden_continuous_size': 59, 'attention_head_size': 2, 'learning_rate': 0.0262448455787693}. Best is trial 73 with value: 0.06526132673025131.
LOCAL_RANK: 0 - CUDA_VISIBLE_DEVICES: [0]
[I 2023-11-30 06:13:45,377] Trial 76 finished with value: 0.1782136708498001 and parameters: {'gradient_clip_val': 0.196852327264233, 'hidden_size': 117, 'dropout': 0.2991842177434527, 'hidden_continuous_size': 77, 'attention_head_size': 3, 'learning_rate': 0.038596592010919924}. Best is trial 73 with value: 0.06526132673025131.
LOCAL_RANK: 0 - CUDA_VISIBLE_DEVICES: [0]
[I 2023-11-30 06:13:59,816] Trial 77 finished with value: 0.15139548480510712 and parameters: {'gradient_clip_val': 0.2857351916934375, 'hidden_size': 135, 'dropout': 0.2861637030729848, 'hidden_continuous_size': 66, 'attention_head_size': 4, 'learning_rate': 0.06652022705101272}. Best is trial 73 with value: 0.06526132673025131.
LOCAL_RANK: 0 - CUDA_VISIBLE_DEVICES: [0]
[I 2023-11-30 06:14:14,244] Trial 78 finished with value: 0.2587309181690216 and parameters: {'gradient_clip_val': 0.2607563382018871, 'hidden_size': 143, 'dropout': 0.37468539763015435, 'hidden_continuous_size': 89, 'attention_head_size': 2, 'learning_rate': 0.05662372637123717}. Best is trial 73 with value: 0.06526132673025131.
LOCAL_RANK: 0 - CUDA_VISIBLE_DEVICES: [0]
[I 2023-11-30 06:14:27,928] Trial 79 finished with value: 0.15709887444972992 and parameters: {'gradient_clip_val': 0.22342340438741892, 'hidden_size': 124, 'dropout': 0.311639468020321, 'hidden_continuous_size': 59, 'attention_head_size': 1, 'learning_rate': 0.01230157290870182}. Best is trial 73 with value: 0.06526132673025131.
LOCAL_RANK: 0 - CUDA_VISIBLE_DEVICES: [0]
[I 2023-11-30 06:14:42,002] Trial 80 finished with value: 0.17805242538452148 and parameters: {'gradient_clip_val': 0.18417729184344864, 'hidden_size': 108, 'dropout': 0.3630391902319551, 'hidden_continuous_size': 56, 'attention_head_size': 2, 'learning_rate': 0.024901872569817407}. Best is trial 73 with value: 0.06526132673025131.
LOCAL_RANK: 0 - CUDA_VISIBLE_DEVICES: [0]
[I 2023-11-30 06:14:55,762] Trial 81 finished with value: 0.10357885807752609 and parameters: {'gradient_clip_val': 0.16184433354597533, 'hidden_size': 93, 'dropout': 0.3534795669189492, 'hidden_continuous_size': 50, 'attention_head_size': 2, 'learning_rate': 0.036226174735644295}. Best is trial 73 with value: 0.06526132673025131.
LOCAL_RANK: 0 - CUDA_VISIBLE_DEVICES: [0]
[I 2023-11-30 06:15:09,485] Trial 82 finished with value: 0.1778094321489334 and parameters: {'gradient_clip_val': 0.21219554855730094, 'hidden_size': 81, 'dropout': 0.3457363616798409, 'hidden_continuous_size': 55, 'attention_head_size': 2, 'learning_rate': 0.04540610574781597}. Best is trial 73 with value: 0.06526132673025131.
LOCAL_RANK: 0 - CUDA_VISIBLE_DEVICES: [0]
[I 2023-11-30 06:15:23,174] Trial 83 finished with value: 0.12116537243127823 and parameters: {'gradient_clip_val': 0.17806802124792495, 'hidden_size': 104, 'dropout': 0.336537541777879, 'hidden_continuous_size': 56, 'attention_head_size': 2, 'learning_rate': 0.03053586421894062}. Best is trial 73 with value: 0.06526132673025131.
LOCAL_RANK: 0 - CUDA_VISIBLE_DEVICES: [0]
[I 2023-11-30 06:15:36,743] Trial 84 finished with value: 0.0997077226638794 and parameters: {'gradient_clip_val': 0.1944951296338252, 'hidden_size': 88, 'dropout': 0.3221613794154348, 'hidden_continuous_size': 47, 'attention_head_size': 2, 'learning_rate': 0.03710729198328325}. Best is trial 73 with value: 0.06526132673025131.
LOCAL_RANK: 0 - CUDA_VISIBLE_DEVICES: [0]
[I 2023-11-30 06:15:50,933] Trial 85 finished with value: 0.1438237726688385 and parameters: {'gradient_clip_val': 0.22948542877632805, 'hidden_size': 113, 'dropout': 0.3579588470975179, 'hidden_continuous_size': 69, 'attention_head_size': 2, 'learning_rate': 0.014843229298660228}. Best is trial 73 with value: 0.06526132673025131.
LOCAL_RANK: 0 - CUDA_VISIBLE_DEVICES: [0]
[I 2023-11-30 06:16:04,420] Trial 86 finished with value: 0.1056903600692749 and parameters: {'gradient_clip_val': 0.24785184414151396, 'hidden_size': 69, 'dropout': 0.3479564943177333, 'hidden_continuous_size': 44, 'attention_head_size': 1, 'learning_rate': 0.02006029116097958}. Best is trial 73 with value: 0.06526132673025131.
LOCAL_RANK: 0 - CUDA_VISIBLE_DEVICES: [0]
[I 2023-11-30 06:16:18,228] Trial 87 finished with value: 0.1826363205909729 and parameters: {'gradient_clip_val': 0.20937055208003919, 'hidden_size': 73, 'dropout': 0.3795363740960507, 'hidden_continuous_size': 52, 'attention_head_size': 3, 'learning_rate': 0.08914924049548044}. Best is trial 73 with value: 0.06526132673025131.
LOCAL_RANK: 0 - CUDA_VISIBLE_DEVICES: [0]
[I 2023-11-30 06:16:32,286] Trial 88 finished with value: 0.10582643747329712 and parameters: {'gradient_clip_val': 0.23586125522597887, 'hidden_size': 99, 'dropout': 0.3698729573258387, 'hidden_continuous_size': 64, 'attention_head_size': 4, 'learning_rate': 0.028317374925865557}. Best is trial 73 with value: 0.06526132673025131.
LOCAL_RANK: 0 - CUDA_VISIBLE_DEVICES: [0]
[I 2023-11-30 06:16:45,982] Trial 89 finished with value: 0.13644865155220032 and parameters: {'gradient_clip_val': 0.15176803844667064, 'hidden_size': 77, 'dropout': 0.3990969646407663, 'hidden_continuous_size': 57, 'attention_head_size': 2, 'learning_rate': 0.041289556598328225}. Best is trial 73 with value: 0.06526132673025131.
LOCAL_RANK: 0 - CUDA_VISIBLE_DEVICES: [0]
[I 2023-11-30 06:16:59,866] Trial 90 finished with value: 0.15553832054138184 and parameters: {'gradient_clip_val': 0.2728416105212481, 'hidden_size': 95, 'dropout': 0.3350184554273028, 'hidden_continuous_size': 49, 'attention_head_size': 1, 'learning_rate': 0.05317520992208207}. Best is trial 73 with value: 0.06526132673025131.
LOCAL_RANK: 0 - CUDA_VISIBLE_DEVICES: [0]
[I 2023-11-30 06:17:13,661] Trial 91 finished with value: 0.1179036870598793 and parameters: {'gradient_clip_val': 0.17606449608532249, 'hidden_size': 87, 'dropout': 0.3544042496362108, 'hidden_continuous_size': 52, 'attention_head_size': 2, 'learning_rate': 0.02539170468203275}. Best is trial 73 with value: 0.06526132673025131.
LOCAL_RANK: 0 - CUDA_VISIBLE_DEVICES: [0]
[I 2023-11-30 06:17:27,560] Trial 92 finished with value: 0.09937044233083725 and parameters: {'gradient_clip_val': 0.18465948203615912, 'hidden_size': 103, 'dropout': 0.3398965421826741, 'hidden_continuous_size': 62, 'attention_head_size': 2, 'learning_rate': 0.02826829486118327}. Best is trial 73 with value: 0.06526132673025131.
LOCAL_RANK: 0 - CUDA_VISIBLE_DEVICES: [0]
[I 2023-11-30 06:17:41,398] Trial 93 finished with value: 0.12468349933624268 and parameters: {'gradient_clip_val': 0.21554126000436025, 'hidden_size': 119, 'dropout': 0.3619185522677147, 'hidden_continuous_size': 46, 'attention_head_size': 2, 'learning_rate': 0.031722996771267574}. Best is trial 73 with value: 0.06526132673025131.
LOCAL_RANK: 0 - CUDA_VISIBLE_DEVICES: [0]
[I 2023-11-30 06:17:55,230] Trial 94 finished with value: 0.14468778669834137 and parameters: {'gradient_clip_val': 0.19761552086844927, 'hidden_size': 112, 'dropout': 0.32946455205567915, 'hidden_continuous_size': 41, 'attention_head_size': 2, 'learning_rate': 0.034106526223033715}. Best is trial 73 with value: 0.06526132673025131.
LOCAL_RANK: 0 - CUDA_VISIBLE_DEVICES: [0]
[I 2023-11-30 06:18:09,266] Trial 95 finished with value: 0.19040238857269287 and parameters: {'gradient_clip_val': 0.2560279351226844, 'hidden_size': 129, 'dropout': 0.3891699764692226, 'hidden_continuous_size': 43, 'attention_head_size': 2, 'learning_rate': 0.01814745250559732}. Best is trial 73 with value: 0.06526132673025131.
LOCAL_RANK: 0 - CUDA_VISIBLE_DEVICES: [0]
[I 2023-11-30 06:18:23,047] Trial 96 finished with value: 0.12553948163986206 and parameters: {'gradient_clip_val': 0.17071567640134758, 'hidden_size': 99, 'dropout': 0.37372366618105457, 'hidden_continuous_size': 52, 'attention_head_size': 4, 'learning_rate': 0.049067438166484824}. Best is trial 73 with value: 0.06526132673025131.
LOCAL_RANK: 0 - CUDA_VISIBLE_DEVICES: [0]
[I 2023-11-30 06:18:36,656] Trial 97 finished with value: 0.16067494451999664 and parameters: {'gradient_clip_val': 0.24680302474336463, 'hidden_size': 78, 'dropout': 0.350140807786827, 'hidden_continuous_size': 46, 'attention_head_size': 2, 'learning_rate': 0.02196729684675401}. Best is trial 73 with value: 0.06526132673025131.
LOCAL_RANK: 0 - CUDA_VISIBLE_DEVICES: [0]
[I 2023-11-30 06:18:50,286] Trial 98 finished with value: 0.13150908052921295 and parameters: {'gradient_clip_val': 0.20309028414809996, 'hidden_size': 83, 'dropout': 0.3258011039721909, 'hidden_continuous_size': 49, 'attention_head_size': 1, 'learning_rate': 0.05913986352631396}. Best is trial 73 with value: 0.06526132673025131.
LOCAL_RANK: 0 - CUDA_VISIBLE_DEVICES: [0]
[I 2023-11-30 06:19:04,541] Trial 99 finished with value: 0.1990290880203247 and parameters: {'gradient_clip_val': 0.21861860287844473, 'hidden_size': 149, 'dropout': 0.37968568462916696, 'hidden_continuous_size': 38, 'attention_head_size': 2, 'learning_rate': 0.04711925688031815}. Best is trial 73 with value: 0.06526132673025131.
LOCAL_RANK: 0 - CUDA_VISIBLE_DEVICES: [0]
[I 2023-11-30 06:19:18,572] Trial 100 finished with value: 0.12216349691152573 and parameters: {'gradient_clip_val': 0.2325850625578352, 'hidden_size': 105, 'dropout': 0.34282551705884506, 'hidden_continuous_size': 58, 'attention_head_size': 2, 'learning_rate': 0.04263320235008495}. Best is trial 73 with value: 0.06526132673025131.
LOCAL_RANK: 0 - CUDA_VISIBLE_DEVICES: [0]
[I 2023-11-30 06:19:32,520] Trial 101 finished with value: 0.2116537094116211 and parameters: {'gradient_clip_val': 0.22432458276389428, 'hidden_size': 111, 'dropout': 0.36467855381541736, 'hidden_continuous_size': 62, 'attention_head_size': 3, 'learning_rate': 0.031625166751405476}. Best is trial 73 with value: 0.06526132673025131.
LOCAL_RANK: 0 - CUDA_VISIBLE_DEVICES: [0]
[I 2023-11-30 06:19:46,433] Trial 102 finished with value: 0.11405542492866516 and parameters: {'gradient_clip_val': 0.18974702442189903, 'hidden_size': 91, 'dropout': 0.36906922489076166, 'hidden_continuous_size': 54, 'attention_head_size': 3, 'learning_rate': 0.03616258585426288}. Best is trial 73 with value: 0.06526132673025131.
LOCAL_RANK: 0 - CUDA_VISIBLE_DEVICES: [0]
[I 2023-11-30 06:20:00,225] Trial 103 finished with value: 0.1301114410161972 and parameters: {'gradient_clip_val': 0.24337330707067756, 'hidden_size': 97, 'dropout': 0.3569781109043398, 'hidden_continuous_size': 62, 'attention_head_size': 4, 'learning_rate': 0.03920349523438835}. Best is trial 73 with value: 0.06526132673025131.
LOCAL_RANK: 0 - CUDA_VISIBLE_DEVICES: [0]
[I 2023-11-30 06:20:14,118] Trial 104 finished with value: 0.11392148584127426 and parameters: {'gradient_clip_val': 0.20341998341891976, 'hidden_size': 108, 'dropout': 0.38227788516405425, 'hidden_continuous_size': 68, 'attention_head_size': 3, 'learning_rate': 0.02644362748909249}. Best is trial 73 with value: 0.06526132673025131.
LOCAL_RANK: 0 - CUDA_VISIBLE_DEVICES: [0]
[I 2023-11-30 06:20:28,169] Trial 105 finished with value: 0.17527437210083008 and parameters: {'gradient_clip_val': 0.2733272486166644, 'hidden_size': 120, 'dropout': 0.3911807409172039, 'hidden_continuous_size': 34, 'attention_head_size': 4, 'learning_rate': 0.03013450326942868}. Best is trial 73 with value: 0.06526132673025131.
LOCAL_RANK: 0 - CUDA_VISIBLE_DEVICES: [0]
[I 2023-11-30 06:20:42,265] Trial 106 finished with value: 0.1169389858841896 and parameters: {'gradient_clip_val': 0.22982913839916252, 'hidden_size': 132, 'dropout': 0.3693749227125522, 'hidden_continuous_size': 72, 'attention_head_size': 2, 'learning_rate': 0.03469951265826319}. Best is trial 73 with value: 0.06526132673025131.
LOCAL_RANK: 0 - CUDA_VISIBLE_DEVICES: [0]
[I 2023-11-30 06:20:56,097] Trial 107 finished with value: 0.18785375356674194 and parameters: {'gradient_clip_val': 0.2582198327948592, 'hidden_size': 89, 'dropout': 0.3359888427709797, 'hidden_continuous_size': 57, 'attention_head_size': 2, 'learning_rate': 0.023333876318750037}. Best is trial 73 with value: 0.06526132673025131.
LOCAL_RANK: 0 - CUDA_VISIBLE_DEVICES: [0]
[I 2023-11-30 06:21:10,396] Trial 108 finished with value: 0.17183268070220947 and parameters: {'gradient_clip_val': 0.17844771242965943, 'hidden_size': 139, 'dropout': 0.3444153353710324, 'hidden_continuous_size': 36, 'attention_head_size': 4, 'learning_rate': 0.0528459879752742}. Best is trial 73 with value: 0.06526132673025131.
LOCAL_RANK: 0 - CUDA_VISIBLE_DEVICES: [0]
[I 2023-11-30 06:21:24,065] Trial 109 finished with value: 0.11416969448328018 and parameters: {'gradient_clip_val': 0.22086511929076227, 'hidden_size': 95, 'dropout': 0.3588335521968118, 'hidden_continuous_size': 48, 'attention_head_size': 1, 'learning_rate': 0.043965322255104466}. Best is trial 73 with value: 0.06526132673025131.
LOCAL_RANK: 0 - CUDA_VISIBLE_DEVICES: [0]
[I 2023-11-30 06:21:37,955] Trial 110 finished with value: 0.11650416254997253 and parameters: {'gradient_clip_val': 0.20871644418782745, 'hidden_size': 104, 'dropout': 0.32166921278970706, 'hidden_continuous_size': 60, 'attention_head_size': 2, 'learning_rate': 0.07285732302084047}. Best is trial 73 with value: 0.06526132673025131.
LOCAL_RANK: 0 - CUDA_VISIBLE_DEVICES: [0]
[I 2023-11-30 06:21:51,841] Trial 111 finished with value: 0.15577052533626556 and parameters: {'gradient_clip_val': 0.24885845978803067, 'hidden_size': 101, 'dropout': 0.31538635687182565, 'hidden_continuous_size': 52, 'attention_head_size': 2, 'learning_rate': 0.026602541201087734}. Best is trial 73 with value: 0.06526132673025131.
LOCAL_RANK: 0 - CUDA_VISIBLE_DEVICES: [0]
[I 2023-11-30 06:22:05,532] Trial 112 finished with value: 0.10620293766260147 and parameters: {'gradient_clip_val': 0.24045812205643374, 'hidden_size': 84, 'dropout': 0.33132939021452523, 'hidden_continuous_size': 59, 'attention_head_size': 2, 'learning_rate': 0.03169513616130729}. Best is trial 73 with value: 0.06526132673025131.
LOCAL_RANK: 0 - CUDA_VISIBLE_DEVICES: [0]
[I 2023-11-30 06:22:19,331] Trial 113 finished with value: 0.22047503292560577 and parameters: {'gradient_clip_val': 0.29714692552492145, 'hidden_size': 109, 'dropout': 0.30683741570708056, 'hidden_continuous_size': 56, 'attention_head_size': 2, 'learning_rate': 0.024574095372005892}. Best is trial 73 with value: 0.06526132673025131.
LOCAL_RANK: 0 - CUDA_VISIBLE_DEVICES: [0]
[I 2023-11-30 06:22:33,105] Trial 114 finished with value: 0.12563444674015045 and parameters: {'gradient_clip_val': 0.23418959948750712, 'hidden_size': 119, 'dropout': 0.3512182120978122, 'hidden_continuous_size': 42, 'attention_head_size': 2, 'learning_rate': 0.0212143191936893}. Best is trial 73 with value: 0.06526132673025131.
LOCAL_RANK: 0 - CUDA_VISIBLE_DEVICES: [0]
[I 2023-11-30 06:22:47,167] Trial 115 finished with value: 0.2033994048833847 and parameters: {'gradient_clip_val': 0.27340372179786615, 'hidden_size': 97, 'dropout': 0.318256436191929, 'hidden_continuous_size': 45, 'attention_head_size': 3, 'learning_rate': 0.02874427126308208}. Best is trial 73 with value: 0.06526132673025131.
LOCAL_RANK: 0 - CUDA_VISIBLE_DEVICES: [0]
[I 2023-11-30 06:23:01,317] Trial 116 finished with value: 0.2076207399368286 and parameters: {'gradient_clip_val': 0.19467325748253034, 'hidden_size': 126, 'dropout': 0.3132961655202219, 'hidden_continuous_size': 66, 'attention_head_size': 2, 'learning_rate': 0.038172699633459324}. Best is trial 73 with value: 0.06526132673025131.
LOCAL_RANK: 0 - CUDA_VISIBLE_DEVICES: [0]
[I 2023-11-30 06:23:15,067] Trial 117 finished with value: 0.12310177087783813 and parameters: {'gradient_clip_val': 0.28398641676549, 'hidden_size': 91, 'dropout': 0.3411563638159705, 'hidden_continuous_size': 51, 'attention_head_size': 2, 'learning_rate': 0.03395199617244615}. Best is trial 73 with value: 0.06526132673025131.
LOCAL_RANK: 0 - CUDA_VISIBLE_DEVICES: [0]
[I 2023-11-30 06:23:28,876] Trial 118 finished with value: 0.26669374108314514 and parameters: {'gradient_clip_val': 0.16549101236754807, 'hidden_size': 113, 'dropout': 0.3254229551986877, 'hidden_continuous_size': 31, 'attention_head_size': 2, 'learning_rate': 0.0162328552137339}. Best is trial 73 with value: 0.06526132673025131.
LOCAL_RANK: 0 - CUDA_VISIBLE_DEVICES: [0]
[I 2023-11-30 06:23:42,896] Trial 119 finished with value: 0.09799304604530334 and parameters: {'gradient_clip_val': 0.26380614712859685, 'hidden_size': 79, 'dropout': 0.38383670986143026, 'hidden_continuous_size': 54, 'attention_head_size': 4, 'learning_rate': 0.019408215153164106}. Best is trial 73 with value: 0.06526132673025131.
LOCAL_RANK: 0 - CUDA_VISIBLE_DEVICES: [0]
[I 2023-11-30 06:23:56,276] Trial 120 finished with value: 0.14030961692333221 and parameters: {'gradient_clip_val': 0.21605992344452316, 'hidden_size': 66, 'dropout': 0.3761852241709019, 'hidden_continuous_size': 50, 'attention_head_size': 1, 'learning_rate': 0.026599412235742102}. Best is trial 73 with value: 0.06526132673025131.
LOCAL_RANK: 0 - CUDA_VISIBLE_DEVICES: [0]
[I 2023-11-30 06:24:09,937] Trial 121 finished with value: 0.0710759162902832 and parameters: {'gradient_clip_val': 0.2292626521363486, 'hidden_size': 73, 'dropout': 0.3930670454022529, 'hidden_continuous_size': 47, 'attention_head_size': 4, 'learning_rate': 0.04102374499320424}. Best is trial 73 with value: 0.06526132673025131.
LOCAL_RANK: 0 - CUDA_VISIBLE_DEVICES: [0]
[I 2023-11-30 06:24:23,699] Trial 122 finished with value: 0.07578776031732559 and parameters: {'gradient_clip_val': 0.23432633578473086, 'hidden_size': 71, 'dropout': 0.3938187673042812, 'hidden_continuous_size': 54, 'attention_head_size': 4, 'learning_rate': 0.04025267985425457}. Best is trial 73 with value: 0.06526132673025131.
LOCAL_RANK: 0 - CUDA_VISIBLE_DEVICES: [0]
[I 2023-11-30 06:24:37,347] Trial 123 finished with value: 0.0911334753036499 and parameters: {'gradient_clip_val': 0.22382378258283103, 'hidden_size': 70, 'dropout': 0.393361764755435, 'hidden_continuous_size': 48, 'attention_head_size': 4, 'learning_rate': 0.041955357105138306}. Best is trial 73 with value: 0.06526132673025131.
LOCAL_RANK: 0 - CUDA_VISIBLE_DEVICES: [0]
[I 2023-11-30 06:24:51,376] Trial 124 finished with value: 0.14285188913345337 and parameters: {'gradient_clip_val': 0.22966710365133164, 'hidden_size': 75, 'dropout': 0.3990813247497128, 'hidden_continuous_size': 54, 'attention_head_size': 4, 'learning_rate': 0.047097364719706526}. Best is trial 73 with value: 0.06526132673025131.
LOCAL_RANK: 0 - CUDA_VISIBLE_DEVICES: [0]
