[I 2023-11-30 02:28:56,176] Trial 80 finished with value: 17.654762268066406 and parameters: {'gradient_clip_val': 0.29499620838953683, 'hidden_size': 64, 'dropout': 0.36847815533872647, 'hidden_continuous_size': 26, 'attention_head_size': 4, 'learning_rate': 0.008188511734661601}. Best is trial 34 with value: 15.516501426696777.
LOCAL_RANK: 0 - CUDA_VISIBLE_DEVICES: [0]
[I 2023-11-30 02:29:09,222] Trial 81 finished with value: 18.9699764251709 and parameters: {'gradient_clip_val': 0.29604334174083524, 'hidden_size': 64, 'dropout': 0.3690833257106689, 'hidden_continuous_size': 27, 'attention_head_size': 4, 'learning_rate': 0.009162859250645985}. Best is trial 34 with value: 15.516501426696777.
LOCAL_RANK: 0 - CUDA_VISIBLE_DEVICES: [0]
[I 2023-11-30 02:29:22,478] Trial 82 finished with value: 18.285093307495117 and parameters: {'gradient_clip_val': 0.2716910492871382, 'hidden_size': 57, 'dropout': 0.3512843780641522, 'hidden_continuous_size': 24, 'attention_head_size': 4, 'learning_rate': 0.007981808163919489}. Best is trial 34 with value: 15.516501426696777.
LOCAL_RANK: 0 - CUDA_VISIBLE_DEVICES: [0]
[I 2023-11-30 02:29:35,952] Trial 83 finished with value: 17.265731811523438 and parameters: {'gradient_clip_val': 0.3261055111847111, 'hidden_size': 69, 'dropout': 0.3558997693176025, 'hidden_continuous_size': 27, 'attention_head_size': 4, 'learning_rate': 0.006351219402662298}. Best is trial 34 with value: 15.516501426696777.
LOCAL_RANK: 0 - CUDA_VISIBLE_DEVICES: [0]
[I 2023-11-30 02:29:49,464] Trial 84 finished with value: 16.429285049438477 and parameters: {'gradient_clip_val': 0.3712310178364281, 'hidden_size': 76, 'dropout': 0.3234877957298021, 'hidden_continuous_size': 28, 'attention_head_size': 4, 'learning_rate': 0.006855011500863396}. Best is trial 34 with value: 15.516501426696777.
LOCAL_RANK: 0 - CUDA_VISIBLE_DEVICES: [0]
[I 2023-11-30 02:30:02,885] Trial 85 finished with value: 19.315906524658203 and parameters: {'gradient_clip_val': 0.38088422351081985, 'hidden_size': 69, 'dropout': 0.31380778382815944, 'hidden_continuous_size': 28, 'attention_head_size': 4, 'learning_rate': 0.0105939080021809}. Best is trial 34 with value: 15.516501426696777.
LOCAL_RANK: 0 - CUDA_VISIBLE_DEVICES: [0]
[I 2023-11-30 02:30:16,326] Trial 86 finished with value: 15.660122871398926 and parameters: {'gradient_clip_val': 0.4032079554483353, 'hidden_size': 74, 'dropout': 0.32197389858683306, 'hidden_continuous_size': 29, 'attention_head_size': 4, 'learning_rate': 0.006789944059251699}. Best is trial 34 with value: 15.516501426696777.
LOCAL_RANK: 0 - CUDA_VISIBLE_DEVICES: [0]
[I 2023-11-30 02:30:29,851] Trial 87 finished with value: 18.7769775390625 and parameters: {'gradient_clip_val': 0.4010324641593599, 'hidden_size': 84, 'dropout': 0.3234850761691492, 'hidden_continuous_size': 31, 'attention_head_size': 4, 'learning_rate': 0.007115718486655502}. Best is trial 34 with value: 15.516501426696777.
LOCAL_RANK: 0 - CUDA_VISIBLE_DEVICES: [0]
[I 2023-11-30 02:30:43,243] Trial 88 finished with value: 16.069129943847656 and parameters: {'gradient_clip_val': 0.4058340264782281, 'hidden_size': 75, 'dropout': 0.31683336572910004, 'hidden_continuous_size': 30, 'attention_head_size': 3, 'learning_rate': 0.005179279875772085}. Best is trial 34 with value: 15.516501426696777.
LOCAL_RANK: 0 - CUDA_VISIBLE_DEVICES: [0]
[I 2023-11-30 02:30:56,784] Trial 89 finished with value: 16.936620712280273 and parameters: {'gradient_clip_val': 0.40999518197598567, 'hidden_size': 75, 'dropout': 0.3151348147554871, 'hidden_continuous_size': 34, 'attention_head_size': 3, 'learning_rate': 0.00484175694601421}. Best is trial 34 with value: 15.516501426696777.
LOCAL_RANK: 0 - CUDA_VISIBLE_DEVICES: [0]
[I 2023-11-30 02:31:10,166] Trial 90 finished with value: 18.14678192138672 and parameters: {'gradient_clip_val': 0.44167267828210255, 'hidden_size': 75, 'dropout': 0.2770918921482503, 'hidden_continuous_size': 39, 'attention_head_size': 3, 'learning_rate': 0.003758978185978837}. Best is trial 34 with value: 15.516501426696777.
LOCAL_RANK: 0 - CUDA_VISIBLE_DEVICES: [0]
[I 2023-11-30 02:31:23,620] Trial 91 finished with value: 19.55827522277832 and parameters: {'gradient_clip_val': 0.3618065929325098, 'hidden_size': 78, 'dropout': 0.31695157871716795, 'hidden_continuous_size': 29, 'attention_head_size': 3, 'learning_rate': 0.005306658735854619}. Best is trial 34 with value: 15.516501426696777.
LOCAL_RANK: 0 - CUDA_VISIBLE_DEVICES: [0]
[I 2023-11-30 02:31:37,278] Trial 92 finished with value: 26.67008399963379 and parameters: {'gradient_clip_val': 0.35081090555604305, 'hidden_size': 87, 'dropout': 0.3090509178560762, 'hidden_continuous_size': 33, 'attention_head_size': 3, 'learning_rate': 0.004799977154788922}. Best is trial 34 with value: 15.516501426696777.
LOCAL_RANK: 0 - CUDA_VISIBLE_DEVICES: [0]
[I 2023-11-30 02:31:50,523] Trial 93 finished with value: 21.639249801635742 and parameters: {'gradient_clip_val': 0.41781167453921547, 'hidden_size': 75, 'dropout': 0.33226420838683207, 'hidden_continuous_size': 28, 'attention_head_size': 3, 'learning_rate': 0.006039579084343882}. Best is trial 34 with value: 15.516501426696777.
LOCAL_RANK: 0 - CUDA_VISIBLE_DEVICES: [0]
[I 2023-11-30 02:32:03,851] Trial 94 finished with value: 21.351503372192383 and parameters: {'gradient_clip_val': 0.45686611643907665, 'hidden_size': 60, 'dropout': 0.292781659180944, 'hidden_continuous_size': 30, 'attention_head_size': 2, 'learning_rate': 0.004439210132981377}. Best is trial 34 with value: 15.516501426696777.
LOCAL_RANK: 0 - CUDA_VISIBLE_DEVICES: [0]
[I 2023-11-30 02:32:17,260] Trial 95 finished with value: 19.344318389892578 and parameters: {'gradient_clip_val': 0.4073149799406976, 'hidden_size': 80, 'dropout': 0.3264565973791994, 'hidden_continuous_size': 35, 'attention_head_size': 3, 'learning_rate': 0.0035603126287295245}. Best is trial 34 with value: 15.516501426696777.
LOCAL_RANK: 0 - CUDA_VISIBLE_DEVICES: [0]
[I 2023-11-30 02:32:30,269] Trial 96 finished with value: 22.213165283203125 and parameters: {'gradient_clip_val': 0.3914474568280228, 'hidden_size': 66, 'dropout': 0.3028347685242124, 'hidden_continuous_size': 13, 'attention_head_size': 3, 'learning_rate': 0.0051409648610456354}. Best is trial 34 with value: 15.516501426696777.
LOCAL_RANK: 0 - CUDA_VISIBLE_DEVICES: [0]
[I 2023-11-30 02:32:43,707] Trial 97 finished with value: 18.939916610717773 and parameters: {'gradient_clip_val': 0.33893064910150783, 'hidden_size': 72, 'dropout': 0.31702917066615005, 'hidden_continuous_size': 31, 'attention_head_size': 3, 'learning_rate': 0.004203259167814536}. Best is trial 34 with value: 15.516501426696777.
LOCAL_RANK: 0 - CUDA_VISIBLE_DEVICES: [0]
[I 2023-11-30 02:32:56,924] Trial 98 finished with value: 23.317426681518555 and parameters: {'gradient_clip_val': 0.37718528238936444, 'hidden_size': 62, 'dropout': 0.30769282423900923, 'hidden_continuous_size': 29, 'attention_head_size': 2, 'learning_rate': 0.005865212980084591}. Best is trial 34 with value: 15.516501426696777.
LOCAL_RANK: 0 - CUDA_VISIBLE_DEVICES: [0]
[I 2023-11-30 02:33:10,255] Trial 99 finished with value: 18.53693199157715 and parameters: {'gradient_clip_val': 0.45900660520286896, 'hidden_size': 56, 'dropout': 0.3445113394061557, 'hidden_continuous_size': 28, 'attention_head_size': 3, 'learning_rate': 0.00456546250200095}. Best is trial 34 with value: 15.516501426696777.
LOCAL_RANK: 0 - CUDA_VISIBLE_DEVICES: [0]
[I 2023-11-30 02:33:23,746] Trial 100 finished with value: 18.37925910949707 and parameters: {'gradient_clip_val': 0.3667106463798947, 'hidden_size': 68, 'dropout': 0.32192448879431296, 'hidden_continuous_size': 31, 'attention_head_size': 4, 'learning_rate': 0.006980527247817473}. Best is trial 34 with value: 15.516501426696777.
LOCAL_RANK: 0 - CUDA_VISIBLE_DEVICES: [0]
[I 2023-11-30 02:33:36,781] Trial 101 finished with value: 21.438135147094727 and parameters: {'gradient_clip_val': 0.3197756492299341, 'hidden_size': 50, 'dropout': 0.33272447723280435, 'hidden_continuous_size': 23, 'attention_head_size': 4, 'learning_rate': 0.005093573533386022}. Best is trial 34 with value: 15.516501426696777.
LOCAL_RANK: 0 - CUDA_VISIBLE_DEVICES: [0]
[I 2023-11-30 02:33:49,983] Trial 102 finished with value: 16.900733947753906 and parameters: {'gradient_clip_val': 0.3895728226944687, 'hidden_size': 54, 'dropout': 0.29762591155010426, 'hidden_continuous_size': 25, 'attention_head_size': 4, 'learning_rate': 0.007766548708702665}. Best is trial 34 with value: 15.516501426696777.
LOCAL_RANK: 0 - CUDA_VISIBLE_DEVICES: [0]
[I 2023-11-30 02:34:02,958] Trial 103 finished with value: 19.79887580871582 and parameters: {'gradient_clip_val': 0.39284332570956965, 'hidden_size': 60, 'dropout': 0.3000752916585633, 'hidden_continuous_size': 25, 'attention_head_size': 4, 'learning_rate': 0.009498204892554055}. Best is trial 34 with value: 15.516501426696777.
LOCAL_RANK: 0 - CUDA_VISIBLE_DEVICES: [0]
[I 2023-11-30 02:34:16,113] Trial 104 finished with value: 18.087417602539062 and parameters: {'gradient_clip_val': 0.35386575903989675, 'hidden_size': 54, 'dropout': 0.28192198485980896, 'hidden_continuous_size': 26, 'attention_head_size': 4, 'learning_rate': 0.006619695303097614}. Best is trial 34 with value: 15.516501426696777.
LOCAL_RANK: 0 - CUDA_VISIBLE_DEVICES: [0]
[I 2023-11-30 02:34:29,067] Trial 105 finished with value: 18.9322509765625 and parameters: {'gradient_clip_val': 0.4201022633146418, 'hidden_size': 45, 'dropout': 0.31413334818183386, 'hidden_continuous_size': 10, 'attention_head_size': 4, 'learning_rate': 0.007548882226644562}. Best is trial 34 with value: 15.516501426696777.
LOCAL_RANK: 0 - CUDA_VISIBLE_DEVICES: [0]
[I 2023-11-30 02:34:42,426] Trial 106 finished with value: 25.832895278930664 and parameters: {'gradient_clip_val': 0.4088334799922193, 'hidden_size': 74, 'dropout': 0.2882602352087152, 'hidden_continuous_size': 16, 'attention_head_size': 4, 'learning_rate': 0.012704657563704074}. Best is trial 34 with value: 15.516501426696777.
LOCAL_RANK: 0 - CUDA_VISIBLE_DEVICES: [0]
[I 2023-11-30 02:34:55,819] Trial 107 finished with value: 20.578203201293945 and parameters: {'gradient_clip_val': 0.3366879842413083, 'hidden_size': 68, 'dropout': 0.29815044304610044, 'hidden_continuous_size': 27, 'attention_head_size': 4, 'learning_rate': 0.005501934638891148}. Best is trial 34 with value: 15.516501426696777.
LOCAL_RANK: 0 - CUDA_VISIBLE_DEVICES: [0]
[I 2023-11-30 02:35:09,036] Trial 108 finished with value: 19.2614688873291 and parameters: {'gradient_clip_val': 0.3758161599017421, 'hidden_size': 84, 'dropout': 0.3270616026657834, 'hidden_continuous_size': 12, 'attention_head_size': 3, 'learning_rate': 0.009170612662584334}. Best is trial 34 with value: 15.516501426696777.
LOCAL_RANK: 0 - CUDA_VISIBLE_DEVICES: [0]
[I 2023-11-30 02:35:22,078] Trial 109 finished with value: 19.270668029785156 and parameters: {'gradient_clip_val': 0.4317341195667251, 'hidden_size': 58, 'dropout': 0.3208894048056403, 'hidden_continuous_size': 11, 'attention_head_size': 1, 'learning_rate': 0.006220670306816789}. Best is trial 34 with value: 15.516501426696777.
LOCAL_RANK: 0 - CUDA_VISIBLE_DEVICES: [0]
[I 2023-11-30 02:35:35,409] Trial 110 finished with value: 21.253908157348633 and parameters: {'gradient_clip_val': 0.3116140270239223, 'hidden_size': 63, 'dropout': 0.30724599423171967, 'hidden_continuous_size': 30, 'attention_head_size': 4, 'learning_rate': 0.004839987215010685}. Best is trial 34 with value: 15.516501426696777.
LOCAL_RANK: 0 - CUDA_VISIBLE_DEVICES: [0]
[I 2023-11-30 02:35:48,588] Trial 111 finished with value: 19.86115074157715 and parameters: {'gradient_clip_val': 0.28495985526739026, 'hidden_size': 53, 'dropout': 0.33402222618633803, 'hidden_continuous_size': 24, 'attention_head_size': 4, 'learning_rate': 0.008386571472616199}. Best is trial 34 with value: 15.516501426696777.
LOCAL_RANK: 0 - CUDA_VISIBLE_DEVICES: [0]
[I 2023-11-30 02:36:01,619] Trial 112 finished with value: 18.26459503173828 and parameters: {'gradient_clip_val': 0.3931382797853097, 'hidden_size': 50, 'dropout': 0.34240287331956554, 'hidden_continuous_size': 23, 'attention_head_size': 4, 'learning_rate': 0.007462609070672198}. Best is trial 34 with value: 15.516501426696777.
LOCAL_RANK: 0 - CUDA_VISIBLE_DEVICES: [0]
[I 2023-11-30 02:36:14,826] Trial 113 finished with value: 23.863271713256836 and parameters: {'gradient_clip_val': 0.3336585439578597, 'hidden_size': 55, 'dropout': 0.32668333066573757, 'hidden_continuous_size': 25, 'attention_head_size': 4, 'learning_rate': 0.010819703612794093}. Best is trial 34 with value: 15.516501426696777.
LOCAL_RANK: 0 - CUDA_VISIBLE_DEVICES: [0]
[I 2023-11-30 02:36:28,447] Trial 114 finished with value: 20.647369384765625 and parameters: {'gradient_clip_val': 0.3053818703335948, 'hidden_size': 78, 'dropout': 0.31628639191717756, 'hidden_continuous_size': 26, 'attention_head_size': 4, 'learning_rate': 0.005715818660890091}. Best is trial 34 with value: 15.516501426696777.
LOCAL_RANK: 0 - CUDA_VISIBLE_DEVICES: [0]
[I 2023-11-30 02:36:41,656] Trial 115 finished with value: 19.780445098876953 and parameters: {'gradient_clip_val': 0.34637610446834416, 'hidden_size': 59, 'dropout': 0.3366211258325902, 'hidden_continuous_size': 25, 'attention_head_size': 4, 'learning_rate': 0.007822547492958704}. Best is trial 34 with value: 15.516501426696777.
LOCAL_RANK: 0 - CUDA_VISIBLE_DEVICES: [0]
[I 2023-11-30 02:36:54,738] Trial 116 finished with value: 16.872039794921875 and parameters: {'gradient_clip_val': 0.3604649398472628, 'hidden_size': 65, 'dropout': 0.3110968425375346, 'hidden_continuous_size': 14, 'attention_head_size': 4, 'learning_rate': 0.0061057145866691065}. Best is trial 34 with value: 15.516501426696777.
LOCAL_RANK: 0 - CUDA_VISIBLE_DEVICES: [0]
[I 2023-11-30 02:37:07,804] Trial 117 finished with value: 18.55943489074707 and parameters: {'gradient_clip_val': 0.36535364999874875, 'hidden_size': 67, 'dropout': 0.29495492654563554, 'hidden_continuous_size': 12, 'attention_head_size': 4, 'learning_rate': 0.006716249594067063}. Best is trial 34 with value: 15.516501426696777.
LOCAL_RANK: 0 - CUDA_VISIBLE_DEVICES: [0]
[I 2023-11-30 02:37:20,922] Trial 118 finished with value: 19.765737533569336 and parameters: {'gradient_clip_val': 0.4885693076936969, 'hidden_size': 72, 'dropout': 0.31229279305850993, 'hidden_continuous_size': 14, 'attention_head_size': 4, 'learning_rate': 0.004101665558767417}. Best is trial 34 with value: 15.516501426696777.
LOCAL_RANK: 0 - CUDA_VISIBLE_DEVICES: [0]
[I 2023-11-30 02:37:34,126] Trial 119 finished with value: 19.700448989868164 and parameters: {'gradient_clip_val': 0.38955129601637806, 'hidden_size': 63, 'dropout': 0.3036123035358393, 'hidden_continuous_size': 13, 'attention_head_size': 4, 'learning_rate': 0.00613785331984143}. Best is trial 34 with value: 15.516501426696777.
LOCAL_RANK: 0 - CUDA_VISIBLE_DEVICES: [0]
[I 2023-11-30 02:37:47,631] Trial 120 finished with value: 19.715429306030273 and parameters: {'gradient_clip_val': 0.3548167969373662, 'hidden_size': 90, 'dropout': 0.3218165129240091, 'hidden_continuous_size': 19, 'attention_head_size': 4, 'learning_rate': 0.005013987559751898}. Best is trial 34 with value: 15.516501426696777.
LOCAL_RANK: 0 - CUDA_VISIBLE_DEVICES: [0]
[I 2023-11-30 02:38:00,663] Trial 121 finished with value: 20.8687801361084 and parameters: {'gradient_clip_val': 0.32227207455521895, 'hidden_size': 51, 'dropout': 0.3297351039246493, 'hidden_continuous_size': 24, 'attention_head_size': 4, 'learning_rate': 0.007110937349866166}. Best is trial 34 with value: 15.516501426696777.
LOCAL_RANK: 0 - CUDA_VISIBLE_DEVICES: [0]
[I 2023-11-30 02:38:13,714] Trial 122 finished with value: 21.273025512695312 and parameters: {'gradient_clip_val': 0.27908265375582797, 'hidden_size': 57, 'dropout': 0.3097115441312496, 'hidden_continuous_size': 17, 'attention_head_size': 4, 'learning_rate': 0.008524854920061628}. Best is trial 34 with value: 15.516501426696777.
LOCAL_RANK: 0 - CUDA_VISIBLE_DEVICES: [0]
[I 2023-11-30 02:38:26,445] Trial 123 finished with value: 18.487031936645508 and parameters: {'gradient_clip_val': 0.3064923230364116, 'hidden_size': 45, 'dropout': 0.26573606830554625, 'hidden_continuous_size': 13, 'attention_head_size': 4, 'learning_rate': 0.005496786189342}. Best is trial 34 with value: 15.516501426696777.
LOCAL_RANK: 0 - CUDA_VISIBLE_DEVICES: [0]
[I 2023-11-30 02:38:39,788] Trial 124 finished with value: 17.954872131347656 and parameters: {'gradient_clip_val': 0.20726096561000323, 'hidden_size': 66, 'dropout': 0.3399249944551369, 'hidden_continuous_size': 15, 'attention_head_size': 4, 'learning_rate': 0.009717747200454627}. Best is trial 34 with value: 15.516501426696777.
LOCAL_RANK: 0 - CUDA_VISIBLE_DEVICES: [0]
[I 2023-11-30 02:38:53,089] Trial 125 finished with value: 17.170103073120117 and parameters: {'gradient_clip_val': 0.4118060457563331, 'hidden_size': 61, 'dropout': 0.34802700016945043, 'hidden_continuous_size': 29, 'attention_head_size': 3, 'learning_rate': 0.006629187387958119}. Best is trial 34 with value: 15.516501426696777.
LOCAL_RANK: 0 - CUDA_VISIBLE_DEVICES: [0]
[I 2023-11-30 02:39:05,838] Trial 126 finished with value: 21.76740074157715 and parameters: {'gradient_clip_val': 0.2581774478558815, 'hidden_size': 48, 'dropout': 0.3188847013392954, 'hidden_continuous_size': 22, 'attention_head_size': 4, 'learning_rate': 0.004617459903115965}. Best is trial 34 with value: 15.516501426696777.
LOCAL_RANK: 0 - CUDA_VISIBLE_DEVICES: [0]
[I 2023-11-30 02:39:18,959] Trial 127 finished with value: 35.05665969848633 and parameters: {'gradient_clip_val': 0.33010718016296764, 'hidden_size': 54, 'dropout': 0.3046469438022824, 'hidden_continuous_size': 27, 'attention_head_size': 4, 'learning_rate': 0.008075670958512384}. Best is trial 34 with value: 15.516501426696777.
LOCAL_RANK: 0 - CUDA_VISIBLE_DEVICES: [0]
[I 2023-11-30 02:39:32,488] Trial 128 finished with value: 17.722064971923828 and parameters: {'gradient_clip_val': 0.4307628682653964, 'hidden_size': 71, 'dropout': 0.29019795237417045, 'hidden_continuous_size': 33, 'attention_head_size': 4, 'learning_rate': 0.00601630743332336}. Best is trial 34 with value: 15.516501426696777.
LOCAL_RANK: 0 - CUDA_VISIBLE_DEVICES: [0]
[I 2023-11-30 02:39:46,208] Trial 129 finished with value: 19.45394515991211 and parameters: {'gradient_clip_val': 0.37804137941508703, 'hidden_size': 79, 'dropout': 0.29788449547004564, 'hidden_continuous_size': 28, 'attention_head_size': 4, 'learning_rate': 0.008896635288644943}. Best is trial 34 with value: 15.516501426696777.
LOCAL_RANK: 0 - CUDA_VISIBLE_DEVICES: [0]
[I 2023-11-30 02:39:58,967] Trial 130 finished with value: 22.431180953979492 and parameters: {'gradient_clip_val': 0.2374096468693714, 'hidden_size': 42, 'dropout': 0.3316832790511677, 'hidden_continuous_size': 14, 'attention_head_size': 4, 'learning_rate': 0.0074128514717953994}. Best is trial 34 with value: 15.516501426696777.
LOCAL_RANK: 0 - CUDA_VISIBLE_DEVICES: [0]
[I 2023-11-30 02:40:12,293] Trial 131 finished with value: 17.980594635009766 and parameters: {'gradient_clip_val': 0.4115433226988343, 'hidden_size': 62, 'dropout': 0.34696686496590184, 'hidden_continuous_size': 29, 'attention_head_size': 3, 'learning_rate': 0.006787937608472776}. Best is trial 34 with value: 15.516501426696777.
LOCAL_RANK: 0 - CUDA_VISIBLE_DEVICES: [0]
[I 2023-11-30 02:40:25,594] Trial 132 finished with value: 21.364370346069336 and parameters: {'gradient_clip_val': 0.36619596585651976, 'hidden_size': 58, 'dropout': 0.3589682479525653, 'hidden_continuous_size': 32, 'attention_head_size': 3, 'learning_rate': 0.005368134108717963}. Best is trial 34 with value: 15.516501426696777.
LOCAL_RANK: 0 - CUDA_VISIBLE_DEVICES: [0]
[I 2023-11-30 02:40:38,978] Trial 133 finished with value: 18.80675506591797 and parameters: {'gradient_clip_val': 0.40463248750841735, 'hidden_size': 75, 'dropout': 0.35381997884853744, 'hidden_continuous_size': 29, 'attention_head_size': 3, 'learning_rate': 0.006291283544892008}. Best is trial 34 with value: 15.516501426696777.
LOCAL_RANK: 0 - CUDA_VISIBLE_DEVICES: [0]
[I 2023-11-30 02:40:51,816] Trial 134 finished with value: 19.33781623840332 and parameters: {'gradient_clip_val': 0.4404219354199527, 'hidden_size': 52, 'dropout': 0.3241594215566534, 'hidden_continuous_size': 10, 'attention_head_size': 3, 'learning_rate': 0.010451132548363972}. Best is trial 34 with value: 15.516501426696777.
LOCAL_RANK: 0 - CUDA_VISIBLE_DEVICES: [0]
[I 2023-11-30 02:41:04,980] Trial 135 finished with value: 16.001846313476562 and parameters: {'gradient_clip_val': 0.35090679642770406, 'hidden_size': 65, 'dropout': 0.34530828544890185, 'hidden_continuous_size': 18, 'attention_head_size': 3, 'learning_rate': 0.006680343532322818}. Best is trial 34 with value: 15.516501426696777.
LOCAL_RANK: 0 - CUDA_VISIBLE_DEVICES: [0]
[I 2023-11-30 02:41:18,372] Trial 136 finished with value: 16.09259605407715 and parameters: {'gradient_clip_val': 0.29360292018602, 'hidden_size': 66, 'dropout': 0.3143663065391147, 'hidden_continuous_size': 18, 'attention_head_size': 3, 'learning_rate': 0.005731996612406197}. Best is trial 34 with value: 15.516501426696777.
LOCAL_RANK: 0 - CUDA_VISIBLE_DEVICES: [0]
[I 2023-11-30 02:41:31,403] Trial 137 finished with value: 20.487937927246094 and parameters: {'gradient_clip_val': 0.3502840705570105, 'hidden_size': 68, 'dropout': 0.3146324630189814, 'hidden_continuous_size': 16, 'attention_head_size': 3, 'learning_rate': 0.003705951522738304}. Best is trial 34 with value: 15.516501426696777.
LOCAL_RANK: 0 - CUDA_VISIBLE_DEVICES: [0]
