[I 2023-11-30 03:18:17,201] Trial 10 finished with value: 0.4801141023635864 and parameters: {'gradient_clip_val': 0.9206899433736051, 'hidden_size': 28, 'dropout': 0.2299726859597916, 'hidden_continuous_size': 22, 'attention_head_size': 4, 'learning_rate': 0.008407509325278426}. Best is trial 9 with value: 0.11518041044473648.
LOCAL_RANK: 0 - CUDA_VISIBLE_DEVICES: [0]
[I 2023-11-30 03:18:27,922] Trial 11 finished with value: 0.11812446266412735 and parameters: {'gradient_clip_val': 0.5431101972350872, 'hidden_size': 66, 'dropout': 0.1087256854111591, 'hidden_continuous_size': 66, 'attention_head_size': 3, 'learning_rate': 0.02001210898532416}. Best is trial 9 with value: 0.11518041044473648.
LOCAL_RANK: 0 - CUDA_VISIBLE_DEVICES: [0]
[I 2023-11-30 03:18:40,549] Trial 12 finished with value: 0.08886634558439255 and parameters: {'gradient_clip_val': 0.28552450586909645, 'hidden_size': 31, 'dropout': 0.2320164911478199, 'hidden_continuous_size': 27, 'attention_head_size': 3, 'learning_rate': 0.037590240962815755}. Best is trial 12 with value: 0.08886634558439255.
LOCAL_RANK: 0 - CUDA_VISIBLE_DEVICES: [0]
[I 2023-11-30 03:18:52,861] Trial 13 finished with value: 0.0917842909693718 and parameters: {'gradient_clip_val': 0.5393989225500654, 'hidden_size': 29, 'dropout': 0.23693277580159008, 'hidden_continuous_size': 13, 'attention_head_size': 3, 'learning_rate': 0.08996617398344244}. Best is trial 12 with value: 0.08886634558439255.
LOCAL_RANK: 0 - CUDA_VISIBLE_DEVICES: [0]
[I 2023-11-30 03:19:05,473] Trial 14 finished with value: 0.12566284835338593 and parameters: {'gradient_clip_val': 0.4837451459924087, 'hidden_size': 27, 'dropout': 0.2344364394777971, 'hidden_continuous_size': 12, 'attention_head_size': 4, 'learning_rate': 0.07963128167380938}. Best is trial 12 with value: 0.08886634558439255.
LOCAL_RANK: 0 - CUDA_VISIBLE_DEVICES: [0]
[I 2023-11-30 03:19:17,854] Trial 15 finished with value: 0.12402861565351486 and parameters: {'gradient_clip_val': 0.31705730488297484, 'hidden_size': 30, 'dropout': 0.20888894234742694, 'hidden_continuous_size': 14, 'attention_head_size': 3, 'learning_rate': 0.051106960289916584}. Best is trial 12 with value: 0.08886634558439255.
LOCAL_RANK: 0 - CUDA_VISIBLE_DEVICES: [0]
[I 2023-11-30 03:19:30,076] Trial 16 finished with value: 0.13936647772789001 and parameters: {'gradient_clip_val': 0.25460456541138854, 'hidden_size': 23, 'dropout': 0.25836237667921186, 'hidden_continuous_size': 12, 'attention_head_size': 3, 'learning_rate': 0.09564524302658217}. Best is trial 12 with value: 0.08886634558439255.
LOCAL_RANK: 0 - CUDA_VISIBLE_DEVICES: [0]
[I 2023-11-30 03:19:42,728] Trial 17 finished with value: 0.13822059333324432 and parameters: {'gradient_clip_val': 0.5430450175925073, 'hidden_size': 36, 'dropout': 0.20238127003751843, 'hidden_continuous_size': 20, 'attention_head_size': 4, 'learning_rate': 0.053300193187380024}. Best is trial 12 with value: 0.08886634558439255.
LOCAL_RANK: 0 - CUDA_VISIBLE_DEVICES: [0]
[I 2023-11-30 03:19:54,729] Trial 18 finished with value: 0.8222558498382568 and parameters: {'gradient_clip_val': 0.4327467616456145, 'hidden_size': 20, 'dropout': 0.26247886040253576, 'hidden_continuous_size': 11, 'attention_head_size': 3, 'learning_rate': 0.013633361715006287}. Best is trial 12 with value: 0.08886634558439255.
LOCAL_RANK: 0 - CUDA_VISIBLE_DEVICES: [0]
[I 2023-11-30 03:20:07,141] Trial 19 finished with value: 0.1164071336388588 and parameters: {'gradient_clip_val': 0.634792289235884, 'hidden_size': 32, 'dropout': 0.2211432159200864, 'hidden_continuous_size': 15, 'attention_head_size': 4, 'learning_rate': 0.04241805557216476}. Best is trial 12 with value: 0.08886634558439255.
LOCAL_RANK: 0 - CUDA_VISIBLE_DEVICES: [0]
[I 2023-11-30 03:20:19,345] Trial 20 finished with value: 0.16520315408706665 and parameters: {'gradient_clip_val': 0.3710638859196294, 'hidden_size': 18, 'dropout': 0.18992221786436914, 'hidden_continuous_size': 11, 'attention_head_size': 3, 'learning_rate': 0.0624131415495661}. Best is trial 12 with value: 0.08886634558439255.
LOCAL_RANK: 0 - CUDA_VISIBLE_DEVICES: [0]
[I 2023-11-30 03:20:32,336] Trial 21 finished with value: 0.09290912747383118 and parameters: {'gradient_clip_val': 0.7391802632406791, 'hidden_size': 43, 'dropout': 0.3985138008320031, 'hidden_continuous_size': 25, 'attention_head_size': 3, 'learning_rate': 0.036190707910001924}. Best is trial 12 with value: 0.08886634558439255.
LOCAL_RANK: 0 - CUDA_VISIBLE_DEVICES: [0]
[I 2023-11-30 03:20:45,124] Trial 22 finished with value: 0.16975827515125275 and parameters: {'gradient_clip_val': 0.6160543331226315, 'hidden_size': 37, 'dropout': 0.3366267008463374, 'hidden_continuous_size': 14, 'attention_head_size': 3, 'learning_rate': 0.09984708913601367}. Best is trial 12 with value: 0.08886634558439255.
LOCAL_RANK: 0 - CUDA_VISIBLE_DEVICES: [0]
[I 2023-11-30 03:20:58,042] Trial 23 finished with value: 0.10890478640794754 and parameters: {'gradient_clip_val': 0.9978237709051283, 'hidden_size': 52, 'dropout': 0.2872633854306053, 'hidden_continuous_size': 24, 'attention_head_size': 3, 'learning_rate': 0.035797948006380004}. Best is trial 12 with value: 0.08886634558439255.
LOCAL_RANK: 0 - CUDA_VISIBLE_DEVICES: [0]
[I 2023-11-30 03:21:10,418] Trial 24 finished with value: 0.12775951623916626 and parameters: {'gradient_clip_val': 0.6945328661688742, 'hidden_size': 25, 'dropout': 0.39849508620263585, 'hidden_continuous_size': 13, 'attention_head_size': 2, 'learning_rate': 0.06253921625795933}. Best is trial 12 with value: 0.08886634558439255.
LOCAL_RANK: 0 - CUDA_VISIBLE_DEVICES: [0]
[I 2023-11-30 03:21:22,726] Trial 25 finished with value: 0.1204589381814003 and parameters: {'gradient_clip_val': 0.46536142746663445, 'hidden_size': 32, 'dropout': 0.24552016724378983, 'hidden_continuous_size': 19, 'attention_head_size': 3, 'learning_rate': 0.03271151712994116}. Best is trial 12 with value: 0.08886634558439255.
LOCAL_RANK: 0 - CUDA_VISIBLE_DEVICES: [0]
[I 2023-11-30 03:21:35,381] Trial 26 finished with value: 0.11695597320795059 and parameters: {'gradient_clip_val': 0.7356815698016164, 'hidden_size': 37, 'dropout': 0.3120272396283271, 'hidden_continuous_size': 16, 'attention_head_size': 4, 'learning_rate': 0.0352552231940626}. Best is trial 12 with value: 0.08886634558439255.
LOCAL_RANK: 0 - CUDA_VISIBLE_DEVICES: [0]
[I 2023-11-30 03:21:47,697] Trial 27 finished with value: 0.17695946991443634 and parameters: {'gradient_clip_val': 0.6179245151978444, 'hidden_size': 26, 'dropout': 0.2690595426623547, 'hidden_continuous_size': 15, 'attention_head_size': 3, 'learning_rate': 0.01685913759777991}. Best is trial 12 with value: 0.08886634558439255.
LOCAL_RANK: 0 - CUDA_VISIBLE_DEVICES: [0]
[I 2023-11-30 03:22:00,343] Trial 28 finished with value: 0.07325304299592972 and parameters: {'gradient_clip_val': 0.5464519692617552, 'hidden_size': 44, 'dropout': 0.24035626451754927, 'hidden_continuous_size': 21, 'attention_head_size': 2, 'learning_rate': 0.06944155434106673}. Best is trial 28 with value: 0.07325304299592972.
LOCAL_RANK: 0 - CUDA_VISIBLE_DEVICES: [0]
[I 2023-11-30 03:22:12,608] Trial 29 finished with value: 0.10408949851989746 and parameters: {'gradient_clip_val': 0.3971120934654086, 'hidden_size': 22, 'dropout': 0.24494108394778608, 'hidden_continuous_size': 13, 'attention_head_size': 1, 'learning_rate': 0.06756803712771986}. Best is trial 28 with value: 0.07325304299592972.
LOCAL_RANK: 0 - CUDA_VISIBLE_DEVICES: [0]
[I 2023-11-30 03:22:24,633] Trial 30 finished with value: 0.1417197585105896 and parameters: {'gradient_clip_val': 0.3267289293088759, 'hidden_size': 17, 'dropout': 0.21714661232230265, 'hidden_continuous_size': 10, 'attention_head_size': 1, 'learning_rate': 0.055644839931915394}. Best is trial 28 with value: 0.07325304299592972.
LOCAL_RANK: 0 - CUDA_VISIBLE_DEVICES: [0]
[I 2023-11-30 03:22:37,338] Trial 31 finished with value: 0.1199055090546608 and parameters: {'gradient_clip_val': 0.5312542987216294, 'hidden_size': 42, 'dropout': 0.3376526938569319, 'hidden_continuous_size': 18, 'attention_head_size': 2, 'learning_rate': 0.07303233499319943}. Best is trial 28 with value: 0.07325304299592972.
LOCAL_RANK: 0 - CUDA_VISIBLE_DEVICES: [0]
[I 2023-11-30 03:22:49,921] Trial 32 finished with value: 0.08667240291833878 and parameters: {'gradient_clip_val': 0.8648345436441857, 'hidden_size': 34, 'dropout': 0.2504741908755225, 'hidden_continuous_size': 21, 'attention_head_size': 2, 'learning_rate': 0.043860412912952756}. Best is trial 28 with value: 0.07325304299592972.
LOCAL_RANK: 0 - CUDA_VISIBLE_DEVICES: [0]
[I 2023-11-30 03:23:01,967] Trial 33 finished with value: 0.0902344360947609 and parameters: {'gradient_clip_val': 0.8608987178354187, 'hidden_size': 32, 'dropout': 0.23849573277693928, 'hidden_continuous_size': 20, 'attention_head_size': 1, 'learning_rate': 0.09797419109431821}. Best is trial 28 with value: 0.07325304299592972.
LOCAL_RANK: 0 - CUDA_VISIBLE_DEVICES: [0]
[I 2023-11-30 03:23:14,601] Trial 34 finished with value: 0.12068822234869003 and parameters: {'gradient_clip_val': 0.8530972165995594, 'hidden_size': 33, 'dropout': 0.2547851729889051, 'hidden_continuous_size': 20, 'attention_head_size': 1, 'learning_rate': 0.04649267422395005}. Best is trial 28 with value: 0.07325304299592972.
LOCAL_RANK: 0 - CUDA_VISIBLE_DEVICES: [0]
[I 2023-11-30 03:23:26,487] Trial 35 finished with value: 0.1360558271408081 and parameters: {'gradient_clip_val': 0.8094321898846806, 'hidden_size': 24, 'dropout': 0.285534576564322, 'hidden_continuous_size': 17, 'attention_head_size': 1, 'learning_rate': 0.07148041813136086}. Best is trial 28 with value: 0.07325304299592972.
LOCAL_RANK: 0 - CUDA_VISIBLE_DEVICES: [0]
[I 2023-11-30 03:23:39,298] Trial 36 finished with value: 0.10527968406677246 and parameters: {'gradient_clip_val': 0.9095593203659125, 'hidden_size': 50, 'dropout': 0.27342556237177545, 'hidden_continuous_size': 22, 'attention_head_size': 1, 'learning_rate': 0.028650890334004715}. Best is trial 28 with value: 0.07325304299592972.
LOCAL_RANK: 0 - CUDA_VISIBLE_DEVICES: [0]
[I 2023-11-30 03:23:51,747] Trial 37 finished with value: 0.08887628465890884 and parameters: {'gradient_clip_val': 0.9602773929517693, 'hidden_size': 34, 'dropout': 0.2233341681033263, 'hidden_continuous_size': 19, 'attention_head_size': 2, 'learning_rate': 0.043651796958246614}. Best is trial 28 with value: 0.07325304299592972.
LOCAL_RANK: 0 - CUDA_VISIBLE_DEVICES: [0]
[I 2023-11-30 03:24:04,964] Trial 38 finished with value: 0.07182489335536957 and parameters: {'gradient_clip_val': 0.666001214159701, 'hidden_size': 58, 'dropout': 0.19831947321842355, 'hidden_continuous_size': 26, 'attention_head_size': 2, 'learning_rate': 0.04347048028740306}. Best is trial 38 with value: 0.07182489335536957.
LOCAL_RANK: 0 - CUDA_VISIBLE_DEVICES: [0]
[I 2023-11-30 03:24:18,343] Trial 39 finished with value: 0.15968407690525055 and parameters: {'gradient_clip_val': 0.7008289726975987, 'hidden_size': 61, 'dropout': 0.19402502910167008, 'hidden_continuous_size': 29, 'attention_head_size': 2, 'learning_rate': 0.023084336609740286}. Best is trial 38 with value: 0.07182489335536957.
LOCAL_RANK: 0 - CUDA_VISIBLE_DEVICES: [0]
[I 2023-11-30 03:24:31,328] Trial 40 finished with value: 0.12160468101501465 and parameters: {'gradient_clip_val': 0.6464587721866172, 'hidden_size': 58, 'dropout': 0.17277120050389527, 'hidden_continuous_size': 26, 'attention_head_size': 2, 'learning_rate': 0.02912861003935295}. Best is trial 38 with value: 0.07182489335536957.
LOCAL_RANK: 0 - CUDA_VISIBLE_DEVICES: [0]
[I 2023-11-30 03:24:44,750] Trial 41 finished with value: 0.11389952898025513 and parameters: {'gradient_clip_val': 0.9662992604709816, 'hidden_size': 77, 'dropout': 0.21802764572671143, 'hidden_continuous_size': 31, 'attention_head_size': 2, 'learning_rate': 0.04263298970002329}. Best is trial 38 with value: 0.07182489335536957.
LOCAL_RANK: 0 - CUDA_VISIBLE_DEVICES: [0]
[I 2023-11-30 03:24:57,605] Trial 42 finished with value: 0.1189151182770729 and parameters: {'gradient_clip_val': 0.8094709475327858, 'hidden_size': 46, 'dropout': 0.20611480376689953, 'hidden_continuous_size': 23, 'attention_head_size': 2, 'learning_rate': 0.04334620619693053}. Best is trial 38 with value: 0.07182489335536957.
LOCAL_RANK: 0 - CUDA_VISIBLE_DEVICES: [0]
[I 2023-11-30 03:25:10,335] Trial 43 finished with value: 0.15372389554977417 and parameters: {'gradient_clip_val': 0.9667342241282632, 'hidden_size': 42, 'dropout': 0.2261047990419327, 'hidden_continuous_size': 23, 'attention_head_size': 2, 'learning_rate': 0.05666196469396649}. Best is trial 38 with value: 0.07182489335536957.
LOCAL_RANK: 0 - CUDA_VISIBLE_DEVICES: [0]
[I 2023-11-30 03:25:22,897] Trial 44 finished with value: 0.2691026031970978 and parameters: {'gradient_clip_val': 0.7897239897871512, 'hidden_size': 36, 'dropout': 0.2472748606048945, 'hidden_continuous_size': 19, 'attention_head_size': 2, 'learning_rate': 0.024848854444009253}. Best is trial 38 with value: 0.07182489335536957.
LOCAL_RANK: 0 - CUDA_VISIBLE_DEVICES: [0]
[I 2023-11-30 03:25:36,025] Trial 45 finished with value: 0.22284536063671112 and parameters: {'gradient_clip_val': 0.8789370158480394, 'hidden_size': 55, 'dropout': 0.17790042687232163, 'hidden_continuous_size': 21, 'attention_head_size': 2, 'learning_rate': 0.07921519677860134}. Best is trial 38 with value: 0.07182489335536957.
LOCAL_RANK: 0 - CUDA_VISIBLE_DEVICES: [0]
[I 2023-11-30 03:25:48,719] Trial 46 finished with value: 0.1326940655708313 and parameters: {'gradient_clip_val': 0.7475052854333981, 'hidden_size': 46, 'dropout': 0.2275960474874593, 'hidden_continuous_size': 25, 'attention_head_size': 2, 'learning_rate': 0.04873951864244287}. Best is trial 38 with value: 0.07182489335536957.
LOCAL_RANK: 0 - CUDA_VISIBLE_DEVICES: [0]
[I 2023-11-30 03:26:01,074] Trial 47 finished with value: 0.10714229196310043 and parameters: {'gradient_clip_val': 0.6632501246650164, 'hidden_size': 28, 'dropout': 0.25423299940545213, 'hidden_continuous_size': 21, 'attention_head_size': 2, 'learning_rate': 0.03162550551914457}. Best is trial 38 with value: 0.07182489335536957.
LOCAL_RANK: 0 - CUDA_VISIBLE_DEVICES: [0]
[I 2023-11-30 03:26:13,691] Trial 48 finished with value: 0.13029704988002777 and parameters: {'gradient_clip_val': 0.8861451372186467, 'hidden_size': 39, 'dropout': 0.19653986282176344, 'hidden_continuous_size': 18, 'attention_head_size': 2, 'learning_rate': 0.01956884364933589}. Best is trial 38 with value: 0.07182489335536957.
LOCAL_RANK: 0 - CUDA_VISIBLE_DEVICES: [0]
[I 2023-11-30 03:26:27,153] Trial 49 finished with value: 0.12319975346326828 and parameters: {'gradient_clip_val': 0.5875030140079432, 'hidden_size': 69, 'dropout': 0.21176136128406817, 'hidden_continuous_size': 27, 'attention_head_size': 2, 'learning_rate': 0.06253765973974244}. Best is trial 38 with value: 0.07182489335536957.
LOCAL_RANK: 0 - CUDA_VISIBLE_DEVICES: [0]
[I 2023-11-30 03:26:40,071] Trial 50 finished with value: 0.1321346014738083 and parameters: {'gradient_clip_val': 0.9993004180524296, 'hidden_size': 50, 'dropout': 0.2343598312366259, 'hidden_continuous_size': 23, 'attention_head_size': 2, 'learning_rate': 0.039961081161728765}. Best is trial 38 with value: 0.07182489335536957.
LOCAL_RANK: 0 - CUDA_VISIBLE_DEVICES: [0]
[I 2023-11-30 03:26:52,602] Trial 51 finished with value: 0.10637598484754562 and parameters: {'gradient_clip_val': 0.7870506541386864, 'hidden_size': 33, 'dropout': 0.23948457898800699, 'hidden_continuous_size': 19, 'attention_head_size': 1, 'learning_rate': 0.09996927558161643}. Best is trial 38 with value: 0.07182489335536957.
LOCAL_RANK: 0 - CUDA_VISIBLE_DEVICES: [0]
[I 2023-11-30 03:27:04,968] Trial 52 finished with value: 0.09725149720907211 and parameters: {'gradient_clip_val': 0.695923644545097, 'hidden_size': 30, 'dropout': 0.26191256887788356, 'hidden_continuous_size': 21, 'attention_head_size': 1, 'learning_rate': 0.08069541614866409}. Best is trial 38 with value: 0.07182489335536957.
LOCAL_RANK: 0 - CUDA_VISIBLE_DEVICES: [0]
[I 2023-11-30 03:27:17,518] Trial 53 finished with value: 0.1306195855140686 and parameters: {'gradient_clip_val': 0.8538462738208518, 'hidden_size': 39, 'dropout': 0.23674355890453275, 'hidden_continuous_size': 20, 'attention_head_size': 2, 'learning_rate': 0.05048847451968244}. Best is trial 38 with value: 0.07182489335536957.
LOCAL_RANK: 0 - CUDA_VISIBLE_DEVICES: [0]
[I 2023-11-30 03:27:29,755] Trial 54 finished with value: 0.15709081292152405 and parameters: {'gradient_clip_val': 0.903798455366399, 'hidden_size': 28, 'dropout': 0.2110470724820318, 'hidden_continuous_size': 22, 'attention_head_size': 1, 'learning_rate': 0.08205859507452881}. Best is trial 38 with value: 0.07182489335536957.
LOCAL_RANK: 0 - CUDA_VISIBLE_DEVICES: [0]
[I 2023-11-30 03:27:42,206] Trial 55 finished with value: 0.14607174694538116 and parameters: {'gradient_clip_val': 0.26072487683732887, 'hidden_size': 33, 'dropout': 0.2248855204564627, 'hidden_continuous_size': 17, 'attention_head_size': 2, 'learning_rate': 0.06226739311652518}. Best is trial 38 with value: 0.07182489335536957.
LOCAL_RANK: 0 - CUDA_VISIBLE_DEVICES: [0]
[I 2023-11-30 03:27:55,018] Trial 56 finished with value: 0.16371335089206696 and parameters: {'gradient_clip_val': 0.7545210561591278, 'hidden_size': 48, 'dropout': 0.18754963364354194, 'hidden_continuous_size': 26, 'attention_head_size': 3, 'learning_rate': 0.03875535417149308}. Best is trial 38 with value: 0.07182489335536957.
LOCAL_RANK: 0 - CUDA_VISIBLE_DEVICES: [0]
[I 2023-11-30 03:28:07,653] Trial 57 finished with value: 0.07538808137178421 and parameters: {'gradient_clip_val': 0.828134535547179, 'hidden_size': 41, 'dropout': 0.20175768643561615, 'hidden_continuous_size': 24, 'attention_head_size': 2, 'learning_rate': 0.053215110040595336}. Best is trial 38 with value: 0.07182489335536957.
LOCAL_RANK: 0 - CUDA_VISIBLE_DEVICES: [0]
[I 2023-11-30 03:28:20,505] Trial 58 finished with value: 0.10122156888246536 and parameters: {'gradient_clip_val': 0.6951157929593474, 'hidden_size': 56, 'dropout': 0.1678689032039474, 'hidden_continuous_size': 29, 'attention_head_size': 2, 'learning_rate': 0.02650699434860868}. Best is trial 38 with value: 0.07182489335536957.
LOCAL_RANK: 0 - CUDA_VISIBLE_DEVICES: [0]
[I 2023-11-30 03:28:33,159] Trial 59 finished with value: 0.0772489681839943 and parameters: {'gradient_clip_val': 0.5910575601628466, 'hidden_size': 40, 'dropout': 0.15497227041741124, 'hidden_continuous_size': 24, 'attention_head_size': 2, 'learning_rate': 0.04955099353774514}. Best is trial 38 with value: 0.07182489335536957.
LOCAL_RANK: 0 - CUDA_VISIBLE_DEVICES: [0]
[I 2023-11-30 03:28:45,741] Trial 60 finished with value: 0.062327805906534195 and parameters: {'gradient_clip_val': 0.4767692950600784, 'hidden_size': 41, 'dropout': 0.15695215453949046, 'hidden_continuous_size': 24, 'attention_head_size': 2, 'learning_rate': 0.05699318443691157}. Best is trial 60 with value: 0.062327805906534195.
LOCAL_RANK: 0 - CUDA_VISIBLE_DEVICES: [0]
[I 2023-11-30 03:28:58,192] Trial 61 finished with value: 0.10036297887563705 and parameters: {'gradient_clip_val': 0.5629164928597472, 'hidden_size': 40, 'dropout': 0.15922019372404334, 'hidden_continuous_size': 24, 'attention_head_size': 2, 'learning_rate': 0.05334528715443548}. Best is trial 60 with value: 0.062327805906534195.
LOCAL_RANK: 0 - CUDA_VISIBLE_DEVICES: [0]
[I 2023-11-30 03:29:10,961] Trial 62 finished with value: 0.13100560009479523 and parameters: {'gradient_clip_val': 0.5078791478662222, 'hidden_size': 45, 'dropout': 0.15445889257889364, 'hidden_continuous_size': 25, 'attention_head_size': 2, 'learning_rate': 0.035344472157578403}. Best is trial 60 with value: 0.062327805906534195.
LOCAL_RANK: 0 - CUDA_VISIBLE_DEVICES: [0]
[I 2023-11-30 03:29:23,695] Trial 63 finished with value: 0.10881146043539047 and parameters: {'gradient_clip_val': 0.6087940476781768, 'hidden_size': 42, 'dropout': 0.14247996985740752, 'hidden_continuous_size': 24, 'attention_head_size': 2, 'learning_rate': 0.06964530209677848}. Best is trial 60 with value: 0.062327805906534195.
LOCAL_RANK: 0 - CUDA_VISIBLE_DEVICES: [0]
[I 2023-11-30 03:29:36,753] Trial 64 finished with value: 0.0795169472694397 and parameters: {'gradient_clip_val': 0.5804112734746648, 'hidden_size': 52, 'dropout': 0.1857351425125543, 'hidden_continuous_size': 27, 'attention_head_size': 2, 'learning_rate': 0.05002013866731689}. Best is trial 60 with value: 0.062327805906534195.
LOCAL_RANK: 0 - CUDA_VISIBLE_DEVICES: [0]
[I 2023-11-30 03:29:49,864] Trial 65 finished with value: 0.12323667854070663 and parameters: {'gradient_clip_val': 0.5856010780157993, 'hidden_size': 53, 'dropout': 0.18292481237268, 'hidden_continuous_size': 31, 'attention_head_size': 2, 'learning_rate': 0.055221032495098236}. Best is trial 60 with value: 0.062327805906534195.
LOCAL_RANK: 0 - CUDA_VISIBLE_DEVICES: [0]
[I 2023-11-30 03:30:03,076] Trial 66 finished with value: 0.14239776134490967 and parameters: {'gradient_clip_val': 0.4643463879655753, 'hidden_size': 62, 'dropout': 0.18493848997095544, 'hidden_continuous_size': 23, 'attention_head_size': 2, 'learning_rate': 0.03187282723680609}. Best is trial 60 with value: 0.062327805906534195.
LOCAL_RANK: 0 - CUDA_VISIBLE_DEVICES: [0]
[I 2023-11-30 03:30:15,766] Trial 67 finished with value: 0.1397230476140976 and parameters: {'gradient_clip_val': 0.4948940348847181, 'hidden_size': 48, 'dropout': 0.19723159381392152, 'hidden_continuous_size': 27, 'attention_head_size': 2, 'learning_rate': 0.046489451091121556}. Best is trial 60 with value: 0.062327805906534195.
LOCAL_RANK: 0 - CUDA_VISIBLE_DEVICES: [0]
