[I 2023-11-29 22:39:54,629] Trial 93 finished with value: 0.11725165694952011 and parameters: {'gradient_clip_val': 0.4340582143956978, 'hidden_size': 75, 'dropout': 0.2715495571477649, 'hidden_continuous_size': 41, 'attention_head_size': 4, 'learning_rate': 0.031234079675487036}. Best is trial 21 with value: 0.06277132034301758.
LOCAL_RANK: 0 - CUDA_VISIBLE_DEVICES: [0]
[I 2023-11-29 22:40:08,097] Trial 94 finished with value: 0.24107925593852997 and parameters: {'gradient_clip_val': 0.48328002915328605, 'hidden_size': 53, 'dropout': 0.22910699913214053, 'hidden_continuous_size': 34, 'attention_head_size': 4, 'learning_rate': 0.023900380674572484}. Best is trial 21 with value: 0.06277132034301758.
LOCAL_RANK: 0 - CUDA_VISIBLE_DEVICES: [0]
[I 2023-11-29 22:40:21,800] Trial 95 finished with value: 0.1047353520989418 and parameters: {'gradient_clip_val': 0.37362695932225315, 'hidden_size': 78, 'dropout': 0.26362232363690896, 'hidden_continuous_size': 44, 'attention_head_size': 4, 'learning_rate': 0.027632156183907325}. Best is trial 21 with value: 0.06277132034301758.
LOCAL_RANK: 0 - CUDA_VISIBLE_DEVICES: [0]
[I 2023-11-29 22:40:35,061] Trial 96 finished with value: 0.12326797097921371 and parameters: {'gradient_clip_val': 0.42135705002626295, 'hidden_size': 58, 'dropout': 0.3838884186472168, 'hidden_continuous_size': 31, 'attention_head_size': 4, 'learning_rate': 0.043950434426418945}. Best is trial 21 with value: 0.06277132034301758.
LOCAL_RANK: 0 - CUDA_VISIBLE_DEVICES: [0]
[I 2023-11-29 22:40:48,685] Trial 97 finished with value: 0.0971478819847107 and parameters: {'gradient_clip_val': 0.29093574347946255, 'hidden_size': 87, 'dropout': 0.3742207077359493, 'hidden_continuous_size': 39, 'attention_head_size': 3, 'learning_rate': 0.034138624803211226}. Best is trial 21 with value: 0.06277132034301758.
LOCAL_RANK: 0 - CUDA_VISIBLE_DEVICES: [0]
[I 2023-11-29 22:41:02,375] Trial 98 finished with value: 0.16101443767547607 and parameters: {'gradient_clip_val': 0.29410854860199137, 'hidden_size': 92, 'dropout': 0.3629689127725699, 'hidden_continuous_size': 38, 'attention_head_size': 3, 'learning_rate': 0.055260815428707886}. Best is trial 21 with value: 0.06277132034301758.
LOCAL_RANK: 0 - CUDA_VISIBLE_DEVICES: [0]
[I 2023-11-29 22:41:15,811] Trial 99 finished with value: 0.12445741891860962 and parameters: {'gradient_clip_val': 0.3098048188625102, 'hidden_size': 86, 'dropout': 0.37529972731308037, 'hidden_continuous_size': 28, 'attention_head_size': 3, 'learning_rate': 0.03503034822641488}. Best is trial 21 with value: 0.06277132034301758.
LOCAL_RANK: 0 - CUDA_VISIBLE_DEVICES: [0]
[I 2023-11-29 22:41:29,565] Trial 100 finished with value: 0.10092855244874954 and parameters: {'gradient_clip_val': 0.3428371747024468, 'hidden_size': 97, 'dropout': 0.3811930863575763, 'hidden_continuous_size': 40, 'attention_head_size': 3, 'learning_rate': 0.06136971055360536}. Best is trial 21 with value: 0.06277132034301758.
LOCAL_RANK: 0 - CUDA_VISIBLE_DEVICES: [0]
[I 2023-11-29 22:41:43,014] Trial 101 finished with value: 0.09127974510192871 and parameters: {'gradient_clip_val': 0.28462550001051984, 'hidden_size': 71, 'dropout': 0.2524653769054874, 'hidden_continuous_size': 37, 'attention_head_size': 3, 'learning_rate': 0.028928867233799324}. Best is trial 21 with value: 0.06277132034301758.
LOCAL_RANK: 0 - CUDA_VISIBLE_DEVICES: [0]
[I 2023-11-29 22:41:56,453] Trial 102 finished with value: 0.16601358354091644 and parameters: {'gradient_clip_val': 0.27960287635306125, 'hidden_size': 71, 'dropout': 0.37021827139470453, 'hidden_continuous_size': 37, 'attention_head_size': 3, 'learning_rate': 0.028118359270936276}. Best is trial 21 with value: 0.06277132034301758.
LOCAL_RANK: 0 - CUDA_VISIBLE_DEVICES: [0]
[I 2023-11-29 22:42:10,231] Trial 103 finished with value: 0.13292473554611206 and parameters: {'gradient_clip_val': 0.32252630170109825, 'hidden_size': 81, 'dropout': 0.35802664397984035, 'hidden_continuous_size': 39, 'attention_head_size': 3, 'learning_rate': 0.05006169317604903}. Best is trial 21 with value: 0.06277132034301758.
LOCAL_RANK: 0 - CUDA_VISIBLE_DEVICES: [0]
[I 2023-11-29 22:42:23,864] Trial 104 finished with value: 0.1297348141670227 and parameters: {'gradient_clip_val': 0.25199640951001306, 'hidden_size': 76, 'dropout': 0.38956568305372447, 'hidden_continuous_size': 33, 'attention_head_size': 3, 'learning_rate': 0.03759047735068421}. Best is trial 21 with value: 0.06277132034301758.
LOCAL_RANK: 0 - CUDA_VISIBLE_DEVICES: [0]
[I 2023-11-29 22:42:37,177] Trial 105 finished with value: 0.10860969871282578 and parameters: {'gradient_clip_val': 0.30586371776765775, 'hidden_size': 72, 'dropout': 0.24449915086187257, 'hidden_continuous_size': 36, 'attention_head_size': 3, 'learning_rate': 0.04120928258534575}. Best is trial 21 with value: 0.06277132034301758.
LOCAL_RANK: 0 - CUDA_VISIBLE_DEVICES: [0]
[I 2023-11-29 22:42:50,480] Trial 106 finished with value: 0.07849844545125961 and parameters: {'gradient_clip_val': 0.28848708527952954, 'hidden_size': 67, 'dropout': 0.25180666800904034, 'hidden_continuous_size': 30, 'attention_head_size': 3, 'learning_rate': 0.0909373176089005}. Best is trial 21 with value: 0.06277132034301758.
LOCAL_RANK: 0 - CUDA_VISIBLE_DEVICES: [0]
[I 2023-11-29 22:43:03,533] Trial 107 finished with value: 0.12713396549224854 and parameters: {'gradient_clip_val': 0.28452890289869, 'hidden_size': 62, 'dropout': 0.22404434908216334, 'hidden_continuous_size': 29, 'attention_head_size': 1, 'learning_rate': 0.08606151593181398}. Best is trial 21 with value: 0.06277132034301758.
LOCAL_RANK: 0 - CUDA_VISIBLE_DEVICES: [0]
[I 2023-11-29 22:43:16,755] Trial 108 finished with value: 0.32765933871269226 and parameters: {'gradient_clip_val': 0.2671958386407372, 'hidden_size': 68, 'dropout': 0.27486226130948876, 'hidden_continuous_size': 30, 'attention_head_size': 3, 'learning_rate': 0.02317181451927019}. Best is trial 21 with value: 0.06277132034301758.
LOCAL_RANK: 0 - CUDA_VISIBLE_DEVICES: [0]
[I 2023-11-29 22:43:30,231] Trial 109 finished with value: 0.17362003028392792 and parameters: {'gradient_clip_val': 0.2952743581062373, 'hidden_size': 85, 'dropout': 0.25377031671614453, 'hidden_continuous_size': 26, 'attention_head_size': 2, 'learning_rate': 0.025686575307160252}. Best is trial 21 with value: 0.06277132034301758.
LOCAL_RANK: 0 - CUDA_VISIBLE_DEVICES: [0]
[I 2023-11-29 22:43:43,389] Trial 110 finished with value: 0.1813351958990097 and parameters: {'gradient_clip_val': 0.3380978613184257, 'hidden_size': 59, 'dropout': 0.23337659964735896, 'hidden_continuous_size': 25, 'attention_head_size': 3, 'learning_rate': 0.03300680829504524}. Best is trial 21 with value: 0.06277132034301758.
LOCAL_RANK: 0 - CUDA_VISIBLE_DEVICES: [0]
[I 2023-11-29 22:43:56,893] Trial 111 finished with value: 0.13876765966415405 and parameters: {'gradient_clip_val': 0.35286036776765384, 'hidden_size': 77, 'dropout': 0.24902043554641126, 'hidden_continuous_size': 32, 'attention_head_size': 3, 'learning_rate': 0.0915724913000442}. Best is trial 21 with value: 0.06277132034301758.
LOCAL_RANK: 0 - CUDA_VISIBLE_DEVICES: [0]
[I 2023-11-29 22:44:10,248] Trial 112 finished with value: 0.15147720277309418 and parameters: {'gradient_clip_val': 0.3206902709106157, 'hidden_size': 65, 'dropout': 0.2344917719251392, 'hidden_continuous_size': 34, 'attention_head_size': 3, 'learning_rate': 0.07823085226050663}. Best is trial 21 with value: 0.06277132034301758.
LOCAL_RANK: 0 - CUDA_VISIBLE_DEVICES: [0]
[I 2023-11-29 22:44:23,422] Trial 113 finished with value: 0.1400444656610489 and parameters: {'gradient_clip_val': 0.389925595140309, 'hidden_size': 69, 'dropout': 0.2131544721784341, 'hidden_continuous_size': 27, 'attention_head_size': 3, 'learning_rate': 0.06664743906792962}. Best is trial 21 with value: 0.06277132034301758.
LOCAL_RANK: 0 - CUDA_VISIBLE_DEVICES: [0]
[I 2023-11-29 22:44:37,026] Trial 114 finished with value: 0.1322580873966217 and parameters: {'gradient_clip_val': 0.6211978172468348, 'hidden_size': 55, 'dropout': 0.28759667390621524, 'hidden_continuous_size': 35, 'attention_head_size': 3, 'learning_rate': 0.09893774243019739}. Best is trial 21 with value: 0.06277132034301758.
LOCAL_RANK: 0 - CUDA_VISIBLE_DEVICES: [0]
[I 2023-11-29 22:44:50,477] Trial 115 finished with value: 0.1258935183286667 and parameters: {'gradient_clip_val': 0.36035600297249554, 'hidden_size': 81, 'dropout': 0.37784203259872906, 'hidden_continuous_size': 30, 'attention_head_size': 3, 'learning_rate': 0.019725539476579908}. Best is trial 21 with value: 0.06277132034301758.
LOCAL_RANK: 0 - CUDA_VISIBLE_DEVICES: [0]
[I 2023-11-29 22:45:04,074] Trial 116 finished with value: 0.25309887528419495 and parameters: {'gradient_clip_val': 0.3113789081352093, 'hidden_size': 90, 'dropout': 0.36855178486434165, 'hidden_continuous_size': 32, 'attention_head_size': 3, 'learning_rate': 0.058992350981758014}. Best is trial 21 with value: 0.06277132034301758.
LOCAL_RANK: 0 - CUDA_VISIBLE_DEVICES: [0]
[I 2023-11-29 22:45:17,360] Trial 117 finished with value: 0.2937985956668854 and parameters: {'gradient_clip_val': 0.8006131075974834, 'hidden_size': 73, 'dropout': 0.19682063832979058, 'hidden_continuous_size': 31, 'attention_head_size': 2, 'learning_rate': 0.046675366665939653}. Best is trial 21 with value: 0.06277132034301758.
LOCAL_RANK: 0 - CUDA_VISIBLE_DEVICES: [0]
[I 2023-11-29 22:45:30,698] Trial 118 finished with value: 0.15532030165195465 and parameters: {'gradient_clip_val': 0.2906079288694875, 'hidden_size': 63, 'dropout': 0.29915012470031327, 'hidden_continuous_size': 33, 'attention_head_size': 3, 'learning_rate': 0.07115220751535699}. Best is trial 21 with value: 0.06277132034301758.
LOCAL_RANK: 0 - CUDA_VISIBLE_DEVICES: [0]
[I 2023-11-29 22:45:44,586] Trial 119 finished with value: 0.3811016082763672 and parameters: {'gradient_clip_val': 0.6544078613929286, 'hidden_size': 86, 'dropout': 0.34595480316540894, 'hidden_continuous_size': 44, 'attention_head_size': 3, 'learning_rate': 0.02999175004301937}. Best is trial 21 with value: 0.06277132034301758.
LOCAL_RANK: 0 - CUDA_VISIBLE_DEVICES: [0]
[I 2023-11-29 22:45:57,981] Trial 120 finished with value: 0.4330110549926758 and parameters: {'gradient_clip_val': 0.32827945705021017, 'hidden_size': 78, 'dropout': 0.2590594324771029, 'hidden_continuous_size': 37, 'attention_head_size': 1, 'learning_rate': 0.022193637087157773}. Best is trial 21 with value: 0.06277132034301758.
LOCAL_RANK: 0 - CUDA_VISIBLE_DEVICES: [0]
[I 2023-11-29 22:46:11,499] Trial 121 finished with value: 0.29044249653816223 and parameters: {'gradient_clip_val': 0.3668868402071971, 'hidden_size': 67, 'dropout': 0.2665328284238493, 'hidden_continuous_size': 34, 'attention_head_size': 4, 'learning_rate': 0.026342998774943147}. Best is trial 21 with value: 0.06277132034301758.
LOCAL_RANK: 0 - CUDA_VISIBLE_DEVICES: [0]
[I 2023-11-29 22:46:24,999] Trial 122 finished with value: 0.13504645228385925 and parameters: {'gradient_clip_val': 0.5184922812531543, 'hidden_size': 65, 'dropout': 0.2500918376284566, 'hidden_continuous_size': 36, 'attention_head_size': 4, 'learning_rate': 0.033634358107838144}. Best is trial 21 with value: 0.06277132034301758.
LOCAL_RANK: 0 - CUDA_VISIBLE_DEVICES: [0]
[I 2023-11-29 22:46:38,317] Trial 123 finished with value: 0.114848293364048 and parameters: {'gradient_clip_val': 0.3936984026806589, 'hidden_size': 59, 'dropout': 0.24061557516812793, 'hidden_continuous_size': 38, 'attention_head_size': 4, 'learning_rate': 0.03992817297952782}. Best is trial 21 with value: 0.06277132034301758.
LOCAL_RANK: 0 - CUDA_VISIBLE_DEVICES: [0]
[I 2023-11-29 22:46:51,668] Trial 124 finished with value: 0.08793767541646957 and parameters: {'gradient_clip_val': 0.2761761374470398, 'hidden_size': 71, 'dropout': 0.28034753852917454, 'hidden_continuous_size': 29, 'attention_head_size': 3, 'learning_rate': 0.029949256660851745}. Best is trial 21 with value: 0.06277132034301758.
LOCAL_RANK: 0 - CUDA_VISIBLE_DEVICES: [0]
[I 2023-11-29 22:47:05,094] Trial 125 finished with value: 0.3151170015335083 and parameters: {'gradient_clip_val': 0.27443073509509336, 'hidden_size': 72, 'dropout': 0.2801461449634808, 'hidden_continuous_size': 28, 'attention_head_size': 3, 'learning_rate': 0.03658565842233904}. Best is trial 21 with value: 0.06277132034301758.
LOCAL_RANK: 0 - CUDA_VISIBLE_DEVICES: [0]
[I 2023-11-29 22:47:18,215] Trial 126 finished with value: 0.13020923733711243 and parameters: {'gradient_clip_val': 0.2577948260461552, 'hidden_size': 51, 'dropout': 0.3151234697582123, 'hidden_continuous_size': 31, 'attention_head_size': 3, 'learning_rate': 0.08821412186247664}. Best is trial 21 with value: 0.06277132034301758.
LOCAL_RANK: 0 - CUDA_VISIBLE_DEVICES: [0]
[I 2023-11-29 22:47:31,586] Trial 127 finished with value: 0.08655989170074463 and parameters: {'gradient_clip_val': 0.23051205857704685, 'hidden_size': 82, 'dropout': 0.25740727102420907, 'hidden_continuous_size': 29, 'attention_head_size': 3, 'learning_rate': 0.028838058611100895}. Best is trial 21 with value: 0.06277132034301758.
LOCAL_RANK: 0 - CUDA_VISIBLE_DEVICES: [0]
[I 2023-11-29 22:47:45,223] Trial 128 finished with value: 0.27983739972114563 and parameters: {'gradient_clip_val': 0.23515526848671803, 'hidden_size': 95, 'dropout': 0.25952755289624807, 'hidden_continuous_size': 25, 'attention_head_size': 3, 'learning_rate': 0.02902559803140386}. Best is trial 21 with value: 0.06277132034301758.
LOCAL_RANK: 0 - CUDA_VISIBLE_DEVICES: [0]
[I 2023-11-29 22:47:58,664] Trial 129 finished with value: 0.13379235565662384 and parameters: {'gradient_clip_val': 0.2732906698291563, 'hidden_size': 83, 'dropout': 0.2720003119610743, 'hidden_continuous_size': 29, 'attention_head_size': 3, 'learning_rate': 0.024858025456387642}. Best is trial 21 with value: 0.06277132034301758.
LOCAL_RANK: 0 - CUDA_VISIBLE_DEVICES: [0]
[I 2023-11-29 22:48:12,366] Trial 130 finished with value: 0.3213787078857422 and parameters: {'gradient_clip_val': 0.22073238554942481, 'hidden_size': 89, 'dropout': 0.24260113506911898, 'hidden_continuous_size': 27, 'attention_head_size': 3, 'learning_rate': 0.03215504397394946}. Best is trial 21 with value: 0.06277132034301758.
LOCAL_RANK: 0 - CUDA_VISIBLE_DEVICES: [0]
[I 2023-11-29 22:48:25,794] Trial 131 finished with value: 0.11487642675638199 and parameters: {'gradient_clip_val': 0.2868550672516415, 'hidden_size': 78, 'dropout': 0.35163287643110624, 'hidden_continuous_size': 29, 'attention_head_size': 3, 'learning_rate': 0.027541334126830797}. Best is trial 21 with value: 0.06277132034301758.
LOCAL_RANK: 0 - CUDA_VISIBLE_DEVICES: [0]
[I 2023-11-29 22:48:39,169] Trial 132 finished with value: 0.23295146226882935 and parameters: {'gradient_clip_val': 0.262375121918563, 'hidden_size': 70, 'dropout': 0.2512351397054732, 'hidden_continuous_size': 30, 'attention_head_size': 3, 'learning_rate': 0.021060978229871265}. Best is trial 21 with value: 0.06277132034301758.
LOCAL_RANK: 0 - CUDA_VISIBLE_DEVICES: [0]
[I 2023-11-29 22:48:52,559] Trial 133 finished with value: 0.1359092742204666 and parameters: {'gradient_clip_val': 0.2458618297213683, 'hidden_size': 74, 'dropout': 0.2561076689240838, 'hidden_continuous_size': 32, 'attention_head_size': 3, 'learning_rate': 0.05554011465009647}. Best is trial 21 with value: 0.06277132034301758.
LOCAL_RANK: 0 - CUDA_VISIBLE_DEVICES: [0]
[I 2023-11-29 22:49:06,205] Trial 134 finished with value: 0.11832136660814285 and parameters: {'gradient_clip_val': 0.30584143598093255, 'hidden_size': 103, 'dropout': 0.2685988116704792, 'hidden_continuous_size': 23, 'attention_head_size': 3, 'learning_rate': 0.043208810378283516}. Best is trial 21 with value: 0.06277132034301758.
LOCAL_RANK: 0 - CUDA_VISIBLE_DEVICES: [0]
[I 2023-11-29 22:49:19,692] Trial 135 finished with value: 0.08353974670171738 and parameters: {'gradient_clip_val': 0.2943639435953343, 'hidden_size': 61, 'dropout': 0.28200854438322237, 'hidden_continuous_size': 28, 'attention_head_size': 3, 'learning_rate': 0.05026069414981535}. Best is trial 21 with value: 0.06277132034301758.
LOCAL_RANK: 0 - CUDA_VISIBLE_DEVICES: [0]
[I 2023-11-29 22:49:32,875] Trial 136 finished with value: 0.08538311719894409 and parameters: {'gradient_clip_val': 0.2915358518455629, 'hidden_size': 62, 'dropout': 0.29115807698891466, 'hidden_continuous_size': 26, 'attention_head_size': 3, 'learning_rate': 0.050704887694767914}. Best is trial 21 with value: 0.06277132034301758.
LOCAL_RANK: 0 - CUDA_VISIBLE_DEVICES: [0]
[I 2023-11-29 22:49:45,769] Trial 137 finished with value: 0.1201092079281807 and parameters: {'gradient_clip_val': 0.292750376388955, 'hidden_size': 56, 'dropout': 0.27990245176964645, 'hidden_continuous_size': 26, 'attention_head_size': 3, 'learning_rate': 0.04864073834403855}. Best is trial 21 with value: 0.06277132034301758.
LOCAL_RANK: 0 - CUDA_VISIBLE_DEVICES: [0]
[I 2023-11-29 22:49:58,890] Trial 138 finished with value: 0.07541701942682266 and parameters: {'gradient_clip_val': 0.27631448879541687, 'hidden_size': 61, 'dropout': 0.2964637969478845, 'hidden_continuous_size': 27, 'attention_head_size': 3, 'learning_rate': 0.034477732343990944}. Best is trial 21 with value: 0.06277132034301758.
LOCAL_RANK: 0 - CUDA_VISIBLE_DEVICES: [0]
[I 2023-11-29 22:50:11,967] Trial 139 finished with value: 0.40918412804603577 and parameters: {'gradient_clip_val': 0.27367756143683003, 'hidden_size': 61, 'dropout': 0.2910811974571898, 'hidden_continuous_size': 24, 'attention_head_size': 3, 'learning_rate': 0.04006333259359656}. Best is trial 21 with value: 0.06277132034301758.
LOCAL_RANK: 0 - CUDA_VISIBLE_DEVICES: [0]
[I 2023-11-29 22:50:25,203] Trial 140 finished with value: 0.36221417784690857 and parameters: {'gradient_clip_val': 0.24510820751759113, 'hidden_size': 54, 'dropout': 0.2837956692797097, 'hidden_continuous_size': 28, 'attention_head_size': 3, 'learning_rate': 0.03562506736845966}. Best is trial 21 with value: 0.06277132034301758.
LOCAL_RANK: 0 - CUDA_VISIBLE_DEVICES: [0]
[I 2023-11-29 22:50:38,370] Trial 141 finished with value: 0.12030396610498428 and parameters: {'gradient_clip_val': 0.2578968662388607, 'hidden_size': 64, 'dropout': 0.29745416926936913, 'hidden_continuous_size': 26, 'attention_head_size': 3, 'learning_rate': 0.032280787761042845}. Best is trial 21 with value: 0.06277132034301758.
LOCAL_RANK: 0 - CUDA_VISIBLE_DEVICES: [0]
[I 2023-11-29 22:50:51,760] Trial 142 finished with value: 0.1510436087846756 and parameters: {'gradient_clip_val': 0.3011654314081067, 'hidden_size': 67, 'dropout': 0.30707192690609897, 'hidden_continuous_size': 25, 'attention_head_size': 3, 'learning_rate': 0.029627831706125294}. Best is trial 21 with value: 0.06277132034301758.
LOCAL_RANK: 0 - CUDA_VISIBLE_DEVICES: [0]
[I 2023-11-29 22:51:04,767] Trial 143 finished with value: 0.32794246077537537 and parameters: {'gradient_clip_val': 0.28065051913992184, 'hidden_size': 47, 'dropout': 0.2760051097126, 'hidden_continuous_size': 28, 'attention_head_size': 3, 'learning_rate': 0.02422920933873309}. Best is trial 21 with value: 0.06277132034301758.
LOCAL_RANK: 0 - CUDA_VISIBLE_DEVICES: [0]
[I 2023-11-29 22:51:18,165] Trial 144 finished with value: 0.1406213492155075 and parameters: {'gradient_clip_val': 0.2691486840615959, 'hidden_size': 59, 'dropout': 0.29411357424808254, 'hidden_continuous_size': 27, 'attention_head_size': 3, 'learning_rate': 0.0456724924493473}. Best is trial 21 with value: 0.06277132034301758.
LOCAL_RANK: 0 - CUDA_VISIBLE_DEVICES: [0]
[I 2023-11-29 22:51:31,369] Trial 145 finished with value: 0.09628260880708694 and parameters: {'gradient_clip_val': 0.31324368443169576, 'hidden_size': 69, 'dropout': 0.2836562612169256, 'hidden_continuous_size': 27, 'attention_head_size': 3, 'learning_rate': 0.03731932142592012}. Best is trial 21 with value: 0.06277132034301758.
LOCAL_RANK: 0 - CUDA_VISIBLE_DEVICES: [0]
[I 2023-11-29 22:51:44,435] Trial 146 finished with value: 0.11760813742876053 and parameters: {'gradient_clip_val': 0.31670475438388446, 'hidden_size': 69, 'dropout': 0.3019379986124536, 'hidden_continuous_size': 27, 'attention_head_size': 2, 'learning_rate': 0.037859304039403276}. Best is trial 21 with value: 0.06277132034301758.
LOCAL_RANK: 0 - CUDA_VISIBLE_DEVICES: [0]
[I 2023-11-29 22:51:57,018] Trial 147 finished with value: 0.12217911332845688 and parameters: {'gradient_clip_val': 0.23339581076816687, 'hidden_size': 44, 'dropout': 0.28655267837299475, 'hidden_continuous_size': 29, 'attention_head_size': 1, 'learning_rate': 0.050371850277213914}. Best is trial 21 with value: 0.06277132034301758.
LOCAL_RANK: 0 - CUDA_VISIBLE_DEVICES: [0]
[I 2023-11-29 22:52:09,908] Trial 148 finished with value: 0.09858983010053635 and parameters: {'gradient_clip_val': 0.2580140282842158, 'hidden_size': 52, 'dropout': 0.29407747361040315, 'hidden_continuous_size': 22, 'attention_head_size': 3, 'learning_rate': 0.04146495264419043}. Best is trial 21 with value: 0.06277132034301758.
LOCAL_RANK: 0 - CUDA_VISIBLE_DEVICES: [0]
[I 2023-11-29 22:52:23,149] Trial 149 finished with value: 0.22339828312397003 and parameters: {'gradient_clip_val': 0.3311419729236661, 'hidden_size': 61, 'dropout': 0.2842532905509031, 'hidden_continuous_size': 26, 'attention_head_size': 3, 'learning_rate': 0.026995244420004404}. Best is trial 21 with value: 0.06277132034301758.
[I 2023-11-29 22:52:23,260] A new study created in memory with name: no-name-5cf1efd8-03d0-4337-9d21-ba4ab4ce8438
/home/le004/conda/anaconda3/envs/tsff_env/lib/python3.9/site-packages/lightning/fabric/plugins/environments/slurm.py:191: The `srun` command is available on your system but is not used. HINT: If your intention is to run Lightning on SLURM, prepend your python command with `srun` like so: srun python /home/le004/master_thesis/git/TSFusionForecast/code/ ...
LOCAL_RANK: 0 - CUDA_VISIBLE_DEVICES: [0]
