[I 2023-11-29 20:32:14,929] Trial 117 finished with value: 1332.0811767578125 and parameters: {'gradient_clip_val': 0.45046931481001345, 'hidden_size': 70, 'dropout': 0.36084593930307973, 'hidden_continuous_size': 29, 'attention_head_size': 1, 'learning_rate': 0.007538850411981875}. Best is trial 115 with value: 695.7722778320312.
LOCAL_RANK: 0 - CUDA_VISIBLE_DEVICES: [0]
[I 2023-11-29 20:32:28,070] Trial 118 finished with value: 822.0932006835938 and parameters: {'gradient_clip_val': 0.48583935175644966, 'hidden_size': 61, 'dropout': 0.3926087787937292, 'hidden_continuous_size': 25, 'attention_head_size': 1, 'learning_rate': 0.0036947483547294913}. Best is trial 115 with value: 695.7722778320312.
LOCAL_RANK: 0 - CUDA_VISIBLE_DEVICES: [0]
[I 2023-11-29 20:32:41,445] Trial 119 finished with value: 823.86376953125 and parameters: {'gradient_clip_val': 0.4247595568020953, 'hidden_size': 77, 'dropout': 0.386773599174244, 'hidden_continuous_size': 18, 'attention_head_size': 1, 'learning_rate': 0.004435637704147741}. Best is trial 115 with value: 695.7722778320312.
LOCAL_RANK: 0 - CUDA_VISIBLE_DEVICES: [0]
[I 2023-11-29 20:32:54,347] Trial 120 finished with value: 1076.10986328125 and parameters: {'gradient_clip_val': 0.37382244653970204, 'hidden_size': 68, 'dropout': 0.3702505090453904, 'hidden_continuous_size': 17, 'attention_head_size': 1, 'learning_rate': 0.011284456981340292}. Best is trial 115 with value: 695.7722778320312.
LOCAL_RANK: 0 - CUDA_VISIBLE_DEVICES: [0]
[I 2023-11-29 20:33:07,161] Trial 121 finished with value: 750.8230590820312 and parameters: {'gradient_clip_val': 0.41264804504298147, 'hidden_size': 53, 'dropout': 0.3443867141487644, 'hidden_continuous_size': 21, 'attention_head_size': 1, 'learning_rate': 0.006144528984861758}. Best is trial 115 with value: 695.7722778320312.
LOCAL_RANK: 0 - CUDA_VISIBLE_DEVICES: [0]
[I 2023-11-29 20:33:19,876] Trial 122 finished with value: 756.2355346679688 and parameters: {'gradient_clip_val': 0.3949770123219095, 'hidden_size': 52, 'dropout': 0.34393152294900464, 'hidden_continuous_size': 21, 'attention_head_size': 1, 'learning_rate': 0.006787783491701877}. Best is trial 115 with value: 695.7722778320312.
LOCAL_RANK: 0 - CUDA_VISIBLE_DEVICES: [0]
[I 2023-11-29 20:33:32,701] Trial 123 finished with value: 746.312744140625 and parameters: {'gradient_clip_val': 0.3921459744685615, 'hidden_size': 53, 'dropout': 0.34237323891702337, 'hidden_continuous_size': 22, 'attention_head_size': 1, 'learning_rate': 0.00672254645947975}. Best is trial 115 with value: 695.7722778320312.
LOCAL_RANK: 0 - CUDA_VISIBLE_DEVICES: [0]
[I 2023-11-29 20:33:45,529] Trial 124 finished with value: 696.8712768554688 and parameters: {'gradient_clip_val': 0.3476607249947951, 'hidden_size': 43, 'dropout': 0.3293053068617997, 'hidden_continuous_size': 22, 'attention_head_size': 1, 'learning_rate': 0.008622676468107004}. Best is trial 115 with value: 695.7722778320312.
LOCAL_RANK: 0 - CUDA_VISIBLE_DEVICES: [0]
[I 2023-11-29 20:33:58,061] Trial 125 finished with value: 1005.4208984375 and parameters: {'gradient_clip_val': 0.3332103188634457, 'hidden_size': 43, 'dropout': 0.3322754347835195, 'hidden_continuous_size': 22, 'attention_head_size': 1, 'learning_rate': 0.008745786280673833}. Best is trial 115 with value: 695.7722778320312.
LOCAL_RANK: 0 - CUDA_VISIBLE_DEVICES: [0]
[I 2023-11-29 20:34:11,035] Trial 126 finished with value: 854.1597290039062 and parameters: {'gradient_clip_val': 0.311068939548195, 'hidden_size': 40, 'dropout': 0.32553779912697783, 'hidden_continuous_size': 24, 'attention_head_size': 1, 'learning_rate': 0.00934578713350529}. Best is trial 115 with value: 695.7722778320312.
LOCAL_RANK: 0 - CUDA_VISIBLE_DEVICES: [0]
[I 2023-11-29 20:34:23,945] Trial 127 finished with value: 769.423095703125 and parameters: {'gradient_clip_val': 0.35505397665084354, 'hidden_size': 58, 'dropout': 0.33453434444308844, 'hidden_continuous_size': 23, 'attention_head_size': 1, 'learning_rate': 0.008067933585932429}. Best is trial 115 with value: 695.7722778320312.
LOCAL_RANK: 0 - CUDA_VISIBLE_DEVICES: [0]
[I 2023-11-29 20:34:36,975] Trial 128 finished with value: 956.9332885742188 and parameters: {'gradient_clip_val': 0.34170598996448276, 'hidden_size': 63, 'dropout': 0.34971905278495546, 'hidden_continuous_size': 20, 'attention_head_size': 1, 'learning_rate': 0.006933859383439478}. Best is trial 115 with value: 695.7722778320312.
LOCAL_RANK: 0 - CUDA_VISIBLE_DEVICES: [0]
[I 2023-11-29 20:34:49,705] Trial 129 finished with value: 780.4089965820312 and parameters: {'gradient_clip_val': 0.3884027026394875, 'hidden_size': 44, 'dropout': 0.31461658247128116, 'hidden_continuous_size': 22, 'attention_head_size': 1, 'learning_rate': 0.007397630131280603}. Best is trial 115 with value: 695.7722778320312.
LOCAL_RANK: 0 - CUDA_VISIBLE_DEVICES: [0]
[I 2023-11-29 20:35:02,751] Trial 130 finished with value: 908.906494140625 and parameters: {'gradient_clip_val': 0.3704016015120846, 'hidden_size': 55, 'dropout': 0.32665793304786095, 'hidden_continuous_size': 26, 'attention_head_size': 1, 'learning_rate': 0.010244984388243752}. Best is trial 115 with value: 695.7722778320312.
LOCAL_RANK: 0 - CUDA_VISIBLE_DEVICES: [0]
[I 2023-11-29 20:35:15,584] Trial 131 finished with value: 740.001708984375 and parameters: {'gradient_clip_val': 0.4088452124550225, 'hidden_size': 51, 'dropout': 0.3387169405491315, 'hidden_continuous_size': 21, 'attention_head_size': 1, 'learning_rate': 0.006294473532526995}. Best is trial 115 with value: 695.7722778320312.
LOCAL_RANK: 0 - CUDA_VISIBLE_DEVICES: [0]
[I 2023-11-29 20:35:28,236] Trial 132 finished with value: 1051.4967041015625 and parameters: {'gradient_clip_val': 0.44070298187309054, 'hidden_size': 46, 'dropout': 0.33854653224391157, 'hidden_continuous_size': 22, 'attention_head_size': 1, 'learning_rate': 0.005482829091881508}. Best is trial 115 with value: 695.7722778320312.
LOCAL_RANK: 0 - CUDA_VISIBLE_DEVICES: [0]
[I 2023-11-29 20:35:40,725] Trial 133 finished with value: 884.7294311523438 and parameters: {'gradient_clip_val': 0.3542258105272251, 'hidden_size': 39, 'dropout': 0.3554721030367546, 'hidden_continuous_size': 21, 'attention_head_size': 1, 'learning_rate': 0.0066780766093539655}. Best is trial 115 with value: 695.7722778320312.
LOCAL_RANK: 0 - CUDA_VISIBLE_DEVICES: [0]
[I 2023-11-29 20:35:53,471] Trial 134 finished with value: 846.7943725585938 and parameters: {'gradient_clip_val': 0.40293648698088147, 'hidden_size': 37, 'dropout': 0.3088152230916961, 'hidden_continuous_size': 23, 'attention_head_size': 1, 'learning_rate': 0.007937332836240645}. Best is trial 115 with value: 695.7722778320312.
LOCAL_RANK: 0 - CUDA_VISIBLE_DEVICES: [0]
[I 2023-11-29 20:36:06,324] Trial 135 finished with value: 864.4680786132812 and parameters: {'gradient_clip_val': 0.4623312093032492, 'hidden_size': 59, 'dropout': 0.32956226201491345, 'hidden_continuous_size': 19, 'attention_head_size': 1, 'learning_rate': 0.005831195011491273}. Best is trial 115 with value: 695.7722778320312.
LOCAL_RANK: 0 - CUDA_VISIBLE_DEVICES: [0]
[I 2023-11-29 20:36:19,156] Trial 136 finished with value: 879.784423828125 and parameters: {'gradient_clip_val': 0.5453017493581122, 'hidden_size': 50, 'dropout': 0.32117773611392664, 'hidden_continuous_size': 20, 'attention_head_size': 1, 'learning_rate': 0.005131021028658235}. Best is trial 115 with value: 695.7722778320312.
LOCAL_RANK: 0 - CUDA_VISIBLE_DEVICES: [0]
[I 2023-11-29 20:36:31,856] Trial 137 finished with value: 768.4171752929688 and parameters: {'gradient_clip_val': 0.3804164976235596, 'hidden_size': 42, 'dropout': 0.3397998918224741, 'hidden_continuous_size': 22, 'attention_head_size': 1, 'learning_rate': 0.006373822548617335}. Best is trial 115 with value: 695.7722778320312.
LOCAL_RANK: 0 - CUDA_VISIBLE_DEVICES: [0]
[I 2023-11-29 20:36:44,606] Trial 138 finished with value: 1143.1302490234375 and parameters: {'gradient_clip_val': 0.3153624529430244, 'hidden_size': 55, 'dropout': 0.35846557053173306, 'hidden_continuous_size': 24, 'attention_head_size': 1, 'learning_rate': 0.0086881876395579}. Best is trial 115 with value: 695.7722778320312.
LOCAL_RANK: 0 - CUDA_VISIBLE_DEVICES: [0]
[I 2023-11-29 20:36:57,827] Trial 139 finished with value: 703.903076171875 and parameters: {'gradient_clip_val': 0.4256964488378831, 'hidden_size': 65, 'dropout': 0.34717052283189437, 'hidden_continuous_size': 20, 'attention_head_size': 1, 'learning_rate': 0.007361612981380334}. Best is trial 115 with value: 695.7722778320312.
LOCAL_RANK: 0 - CUDA_VISIBLE_DEVICES: [0]
[I 2023-11-29 20:37:10,825] Trial 140 finished with value: 792.6193237304688 and parameters: {'gradient_clip_val': 0.4320610041920748, 'hidden_size': 65, 'dropout': 0.3470520130721462, 'hidden_continuous_size': 20, 'attention_head_size': 1, 'learning_rate': 0.004202321826977978}. Best is trial 115 with value: 695.7722778320312.
LOCAL_RANK: 0 - CUDA_VISIBLE_DEVICES: [0]
[I 2023-11-29 20:37:24,086] Trial 141 finished with value: 790.1181030273438 and parameters: {'gradient_clip_val': 0.5048424230004934, 'hidden_size': 62, 'dropout': 0.2976382283585258, 'hidden_continuous_size': 21, 'attention_head_size': 1, 'learning_rate': 0.007415377372517698}. Best is trial 115 with value: 695.7722778320312.
LOCAL_RANK: 0 - CUDA_VISIBLE_DEVICES: [0]
[I 2023-11-29 20:37:37,435] Trial 142 finished with value: 875.1257934570312 and parameters: {'gradient_clip_val': 0.4776493583244489, 'hidden_size': 71, 'dropout': 0.34976455252079103, 'hidden_continuous_size': 19, 'attention_head_size': 1, 'learning_rate': 0.00637361729187641}. Best is trial 115 with value: 695.7722778320312.
LOCAL_RANK: 0 - CUDA_VISIBLE_DEVICES: [0]
[I 2023-11-29 20:37:50,622] Trial 143 finished with value: 771.2888793945312 and parameters: {'gradient_clip_val': 0.41461276670511993, 'hidden_size': 58, 'dropout': 0.3648476789440258, 'hidden_continuous_size': 25, 'attention_head_size': 1, 'learning_rate': 0.0056986125425704795}. Best is trial 115 with value: 695.7722778320312.
LOCAL_RANK: 0 - CUDA_VISIBLE_DEVICES: [0]
[I 2023-11-29 20:38:03,524] Trial 144 finished with value: 823.260498046875 and parameters: {'gradient_clip_val': 0.38859424025636696, 'hidden_size': 53, 'dropout': 0.33962584995303485, 'hidden_continuous_size': 21, 'attention_head_size': 1, 'learning_rate': 0.008458995743265038}. Best is trial 115 with value: 695.7722778320312.
LOCAL_RANK: 0 - CUDA_VISIBLE_DEVICES: [0]
[I 2023-11-29 20:38:16,789] Trial 145 finished with value: 992.169921875 and parameters: {'gradient_clip_val': 0.4440201163300021, 'hidden_size': 74, 'dropout': 0.3777449493193509, 'hidden_continuous_size': 23, 'attention_head_size': 1, 'learning_rate': 0.00976114211570107}. Best is trial 115 with value: 695.7722778320312.
LOCAL_RANK: 0 - CUDA_VISIBLE_DEVICES: [0]
[I 2023-11-29 20:38:29,315] Trial 146 finished with value: 766.1337890625 and parameters: {'gradient_clip_val': 0.3557650899792118, 'hidden_size': 48, 'dropout': 0.3314983747781427, 'hidden_continuous_size': 20, 'attention_head_size': 1, 'learning_rate': 0.007041780717636929}. Best is trial 115 with value: 695.7722778320312.
LOCAL_RANK: 0 - CUDA_VISIBLE_DEVICES: [0]
[I 2023-11-29 20:38:42,377] Trial 147 finished with value: 891.771484375 and parameters: {'gradient_clip_val': 0.572739876504499, 'hidden_size': 65, 'dropout': 0.35814694479832326, 'hidden_continuous_size': 27, 'attention_head_size': 1, 'learning_rate': 0.004865170950516437}. Best is trial 115 with value: 695.7722778320312.
LOCAL_RANK: 0 - CUDA_VISIBLE_DEVICES: [0]
[I 2023-11-29 20:38:55,442] Trial 148 finished with value: 949.6238403320312 and parameters: {'gradient_clip_val': 0.33415004938451076, 'hidden_size': 60, 'dropout': 0.3708845628855468, 'hidden_continuous_size': 23, 'attention_head_size': 1, 'learning_rate': 0.007647477781447036}. Best is trial 115 with value: 695.7722778320312.
LOCAL_RANK: 0 - CUDA_VISIBLE_DEVICES: [0]
[I 2023-11-29 20:39:08,147] Trial 149 finished with value: 800.3600463867188 and parameters: {'gradient_clip_val': 0.40561383074911905, 'hidden_size': 44, 'dropout': 0.34465723072493043, 'hidden_continuous_size': 22, 'attention_head_size': 1, 'learning_rate': 0.01121729357655282}. Best is trial 115 with value: 695.7722778320312.
[I 2023-11-29 20:39:08,257] A new study created in memory with name: no-name-90cff5e0-f353-4843-ab8c-5f0d76677256
/home/le004/conda/anaconda3/envs/tsff_env/lib/python3.9/site-packages/lightning/fabric/plugins/environments/slurm.py:191: The `srun` command is available on your system but is not used. HINT: If your intention is to run Lightning on SLURM, prepend your python command with `srun` like so: srun python /home/le004/master_thesis/git/TSFusionForecast/code/ ...
LOCAL_RANK: 0 - CUDA_VISIBLE_DEVICES: [0]
[I 2023-11-29 20:39:21,187] Trial 0 finished with value: 1.9806610345840454 and parameters: {'gradient_clip_val': 0.5083260421278325, 'hidden_size': 51, 'dropout': 0.3451103618756442, 'hidden_continuous_size': 20, 'attention_head_size': 1, 'learning_rate': 0.0013278388627526875}. Best is trial 0 with value: 1.9806610345840454.
LOCAL_RANK: 0 - CUDA_VISIBLE_DEVICES: [0]
[I 2023-11-29 20:39:34,687] Trial 1 finished with value: 0.1486835926771164 and parameters: {'gradient_clip_val': 0.42164711777887254, 'hidden_size': 57, 'dropout': 0.10982178777576758, 'hidden_continuous_size': 49, 'attention_head_size': 4, 'learning_rate': 0.05019635700460986}. Best is trial 1 with value: 0.1486835926771164.
LOCAL_RANK: 0 - CUDA_VISIBLE_DEVICES: [0]
[I 2023-11-29 20:39:47,323] Trial 2 finished with value: 0.36361971497535706 and parameters: {'gradient_clip_val': 0.19051202821717236, 'hidden_size': 26, 'dropout': 0.15129398603829414, 'hidden_continuous_size': 21, 'attention_head_size': 2, 'learning_rate': 0.014412596266473739}. Best is trial 1 with value: 0.1486835926771164.
LOCAL_RANK: 0 - CUDA_VISIBLE_DEVICES: [0]
[I 2023-11-29 20:39:59,562] Trial 3 finished with value: 0.7372586131095886 and parameters: {'gradient_clip_val': 0.2572431448234633, 'hidden_size': 22, 'dropout': 0.31200969834480674, 'hidden_continuous_size': 10, 'attention_head_size': 3, 'learning_rate': 0.009826984903915748}. Best is trial 1 with value: 0.1486835926771164.
LOCAL_RANK: 0 - CUDA_VISIBLE_DEVICES: [0]
[I 2023-11-29 20:40:13,080] Trial 4 finished with value: 1.1251951456069946 and parameters: {'gradient_clip_val': 0.32439341326815174, 'hidden_size': 45, 'dropout': 0.17441125739844085, 'hidden_continuous_size': 41, 'attention_head_size': 4, 'learning_rate': 0.002171577617318712}. Best is trial 1 with value: 0.1486835926771164.
LOCAL_RANK: 0 - CUDA_VISIBLE_DEVICES: [0]
[I 2023-11-29 20:40:25,499] Trial 5 finished with value: 0.165458083152771 and parameters: {'gradient_clip_val': 0.24671892010381744, 'hidden_size': 35, 'dropout': 0.33604690334000364, 'hidden_continuous_size': 15, 'attention_head_size': 1, 'learning_rate': 0.08314737135272392}. Best is trial 1 with value: 0.1486835926771164.
LOCAL_RANK: 0 - CUDA_VISIBLE_DEVICES: [0]
[I 2023-11-29 20:40:38,095] Trial 6 finished with value: 0.33579859137535095 and parameters: {'gradient_clip_val': 0.145190917090602, 'hidden_size': 33, 'dropout': 0.35356187270147243, 'hidden_continuous_size': 22, 'attention_head_size': 4, 'learning_rate': 0.014992515434779217}. Best is trial 1 with value: 0.1486835926771164.
LOCAL_RANK: 0 - CUDA_VISIBLE_DEVICES: [0]
[I 2023-11-29 20:40:50,497] Trial 7 finished with value: 1.6545295715332031 and parameters: {'gradient_clip_val': 0.2074880705099086, 'hidden_size': 24, 'dropout': 0.3974201886607358, 'hidden_continuous_size': 13, 'attention_head_size': 2, 'learning_rate': 0.004547519055175724}. Best is trial 1 with value: 0.1486835926771164.
LOCAL_RANK: 0 - CUDA_VISIBLE_DEVICES: [0]
[I 2023-11-29 20:41:05,125] Trial 8 finished with value: 0.28675320744514465 and parameters: {'gradient_clip_val': 0.47800785887336594, 'hidden_size': 146, 'dropout': 0.32084883516309537, 'hidden_continuous_size': 101, 'attention_head_size': 2, 'learning_rate': 0.0018088370474980396}. Best is trial 1 with value: 0.1486835926771164.
LOCAL_RANK: 0 - CUDA_VISIBLE_DEVICES: [0]
[I 2023-11-29 20:41:19,252] Trial 9 finished with value: 0.339836448431015 and parameters: {'gradient_clip_val': 0.1061086592077786, 'hidden_size': 112, 'dropout': 0.12593205180650363, 'hidden_continuous_size': 71, 'attention_head_size': 4, 'learning_rate': 0.008074292705905732}. Best is trial 1 with value: 0.1486835926771164.
LOCAL_RANK: 0 - CUDA_VISIBLE_DEVICES: [0]
[I 2023-11-29 20:41:31,161] Trial 10 finished with value: 0.2146715670824051 and parameters: {'gradient_clip_val': 0.932459536495353, 'hidden_size': 12, 'dropout': 0.10357735136019475, 'hidden_continuous_size': 10, 'attention_head_size': 3, 'learning_rate': 0.08527834128284076}. Best is trial 1 with value: 0.1486835926771164.
LOCAL_RANK: 0 - CUDA_VISIBLE_DEVICES: [0]
[I 2023-11-29 20:41:44,332] Trial 11 finished with value: 0.16304601728916168 and parameters: {'gradient_clip_val': 0.33693147876498375, 'hidden_size': 72, 'dropout': 0.22758115889382696, 'hidden_continuous_size': 33, 'attention_head_size': 1, 'learning_rate': 0.07824494950447536}. Best is trial 1 with value: 0.1486835926771164.
LOCAL_RANK: 0 - CUDA_VISIBLE_DEVICES: [0]
[I 2023-11-29 20:41:57,863] Trial 12 finished with value: 0.21871279180049896 and parameters: {'gradient_clip_val': 0.3832228326043517, 'hidden_size': 73, 'dropout': 0.20307943807238255, 'hidden_continuous_size': 35, 'attention_head_size': 3, 'learning_rate': 0.03664867010240973}. Best is trial 1 with value: 0.1486835926771164.
LOCAL_RANK: 0 - CUDA_VISIBLE_DEVICES: [0]
[I 2023-11-29 20:42:11,148] Trial 13 finished with value: 0.08936607092618942 and parameters: {'gradient_clip_val': 0.6214872934962692, 'hidden_size': 73, 'dropout': 0.23295781003545285, 'hidden_continuous_size': 35, 'attention_head_size': 1, 'learning_rate': 0.036618635958618306}. Best is trial 13 with value: 0.08936607092618942.
LOCAL_RANK: 0 - CUDA_VISIBLE_DEVICES: [0]
[I 2023-11-29 20:42:24,812] Trial 14 finished with value: 0.1439071148633957 and parameters: {'gradient_clip_val': 0.7012075205993489, 'hidden_size': 71, 'dropout': 0.2699252980470562, 'hidden_continuous_size': 41, 'attention_head_size': 3, 'learning_rate': 0.03031460115432701}. Best is trial 13 with value: 0.08936607092618942.
LOCAL_RANK: 0 - CUDA_VISIBLE_DEVICES: [0]
[I 2023-11-29 20:42:38,438] Trial 15 finished with value: 0.11923720687627792 and parameters: {'gradient_clip_val': 0.7077666764894212, 'hidden_size': 87, 'dropout': 0.26672981228084086, 'hidden_continuous_size': 27, 'attention_head_size': 2, 'learning_rate': 0.02601044718476842}. Best is trial 13 with value: 0.08936607092618942.
LOCAL_RANK: 0 - CUDA_VISIBLE_DEVICES: [0]
[I 2023-11-29 20:42:52,074] Trial 16 finished with value: 0.20823721587657928 and parameters: {'gradient_clip_val': 0.6723040373429614, 'hidden_size': 109, 'dropout': 0.26169501276493434, 'hidden_continuous_size': 27, 'attention_head_size': 1, 'learning_rate': 0.024905368057736316}. Best is trial 13 with value: 0.08936607092618942.
LOCAL_RANK: 0 - CUDA_VISIBLE_DEVICES: [0]
[I 2023-11-29 20:43:05,540] Trial 17 finished with value: 0.09771788120269775 and parameters: {'gradient_clip_val': 0.9824095631982255, 'hidden_size': 95, 'dropout': 0.23659944718778803, 'hidden_continuous_size': 28, 'attention_head_size': 2, 'learning_rate': 0.04184881626411413}. Best is trial 13 with value: 0.08936607092618942.
LOCAL_RANK: 0 - CUDA_VISIBLE_DEVICES: [0]
[I 2023-11-29 20:43:19,507] Trial 18 finished with value: 0.0988788828253746 and parameters: {'gradient_clip_val': 0.9921578555498806, 'hidden_size': 139, 'dropout': 0.21705715512846843, 'hidden_continuous_size': 55, 'attention_head_size': 1, 'learning_rate': 0.052917148759507246}. Best is trial 13 with value: 0.08936607092618942.
LOCAL_RANK: 0 - CUDA_VISIBLE_DEVICES: [0]
[I 2023-11-29 20:43:33,363] Trial 19 finished with value: 0.13281549513339996 and parameters: {'gradient_clip_val': 0.5388914794276473, 'hidden_size': 98, 'dropout': 0.18803688365287974, 'hidden_continuous_size': 29, 'attention_head_size': 2, 'learning_rate': 0.04491709090692978}. Best is trial 13 with value: 0.08936607092618942.
LOCAL_RANK: 0 - CUDA_VISIBLE_DEVICES: [0]
[I 2023-11-29 20:43:46,258] Trial 20 finished with value: 0.15507447719573975 and parameters: {'gradient_clip_val': 0.8343310623291563, 'hidden_size': 56, 'dropout': 0.23603687846441987, 'hidden_continuous_size': 26, 'attention_head_size': 1, 'learning_rate': 0.018740207815525208}. Best is trial 13 with value: 0.08936607092618942.
LOCAL_RANK: 0 - CUDA_VISIBLE_DEVICES: [0]
[I 2023-11-29 20:44:00,175] Trial 21 finished with value: 0.1982615441083908 and parameters: {'gradient_clip_val': 0.9853948179445109, 'hidden_size': 140, 'dropout': 0.21456320338665782, 'hidden_continuous_size': 53, 'attention_head_size': 1, 'learning_rate': 0.054786943815097966}. Best is trial 13 with value: 0.08936607092618942.
LOCAL_RANK: 0 - CUDA_VISIBLE_DEVICES: [0]
[I 2023-11-29 20:44:14,603] Trial 22 finished with value: 0.1514122635126114 and parameters: {'gradient_clip_val': 0.8013815471061839, 'hidden_size': 150, 'dropout': 0.2425383176398297, 'hidden_continuous_size': 65, 'attention_head_size': 1, 'learning_rate': 0.05982477128695459}. Best is trial 13 with value: 0.08936607092618942.
LOCAL_RANK: 0 - CUDA_VISIBLE_DEVICES: [0]
[I 2023-11-29 20:44:28,431] Trial 23 finished with value: 0.11314835399389267 and parameters: {'gradient_clip_val': 0.9926688946232073, 'hidden_size': 110, 'dropout': 0.210809084281304, 'hidden_continuous_size': 35, 'attention_head_size': 2, 'learning_rate': 0.0375273009738388}. Best is trial 13 with value: 0.08936607092618942.
LOCAL_RANK: 0 - CUDA_VISIBLE_DEVICES: [0]
