[I 2023-11-30 06:49:13,301] Trial 90 finished with value: 0.23114921152591705 and parameters: {'gradient_clip_val': 0.40042013222053857, 'hidden_size': 19, 'dropout': 0.21199175814218055, 'hidden_continuous_size': 16, 'attention_head_size': 1, 'learning_rate': 0.054461980059221364}. Best is trial 77 with value: 0.08241305500268936.
LOCAL_RANK: 0 - CUDA_VISIBLE_DEVICES: [0]
[I 2023-11-30 06:49:25,549] Trial 91 finished with value: 0.1801428347826004 and parameters: {'gradient_clip_val': 0.37550729283444867, 'hidden_size': 26, 'dropout': 0.20237735571968146, 'hidden_continuous_size': 14, 'attention_head_size': 2, 'learning_rate': 0.08261305707272187}. Best is trial 77 with value: 0.08241305500268936.
LOCAL_RANK: 0 - CUDA_VISIBLE_DEVICES: [0]
[I 2023-11-30 06:49:37,857] Trial 92 finished with value: 0.1919897049665451 and parameters: {'gradient_clip_val': 0.4763754680349957, 'hidden_size': 29, 'dropout': 0.17614128077522417, 'hidden_continuous_size': 16, 'attention_head_size': 2, 'learning_rate': 0.07409064297676266}. Best is trial 77 with value: 0.08241305500268936.
LOCAL_RANK: 0 - CUDA_VISIBLE_DEVICES: [0]
[I 2023-11-30 06:49:49,870] Trial 93 finished with value: 0.2048739641904831 and parameters: {'gradient_clip_val': 0.3119939416873622, 'hidden_size': 24, 'dropout': 0.19162585281468042, 'hidden_continuous_size': 15, 'attention_head_size': 2, 'learning_rate': 0.09099566729770803}. Best is trial 77 with value: 0.08241305500268936.
LOCAL_RANK: 0 - CUDA_VISIBLE_DEVICES: [0]
[I 2023-11-30 06:50:02,704] Trial 94 finished with value: 0.15848472714424133 and parameters: {'gradient_clip_val': 0.4424962725078616, 'hidden_size': 33, 'dropout': 0.21526129340621772, 'hidden_continuous_size': 17, 'attention_head_size': 2, 'learning_rate': 0.06844895706845501}. Best is trial 77 with value: 0.08241305500268936.
LOCAL_RANK: 0 - CUDA_VISIBLE_DEVICES: [0]
[I 2023-11-30 06:50:15,261] Trial 95 finished with value: 0.15902622044086456 and parameters: {'gradient_clip_val': 0.3462328808094555, 'hidden_size': 31, 'dropout': 0.1615895933567278, 'hidden_continuous_size': 14, 'attention_head_size': 2, 'learning_rate': 0.07804702012517295}. Best is trial 77 with value: 0.08241305500268936.
LOCAL_RANK: 0 - CUDA_VISIBLE_DEVICES: [0]
[I 2023-11-30 06:50:27,564] Trial 96 finished with value: 0.19934916496276855 and parameters: {'gradient_clip_val': 0.41024556488950276, 'hidden_size': 28, 'dropout': 0.22671268836085479, 'hidden_continuous_size': 18, 'attention_head_size': 3, 'learning_rate': 0.05764969766181161}. Best is trial 77 with value: 0.08241305500268936.
LOCAL_RANK: 0 - CUDA_VISIBLE_DEVICES: [0]
[I 2023-11-30 06:50:40,105] Trial 97 finished with value: 0.10411611944437027 and parameters: {'gradient_clip_val': 0.3803020537460604, 'hidden_size': 36, 'dropout': 0.20746277948361003, 'hidden_continuous_size': 22, 'attention_head_size': 4, 'learning_rate': 0.09303088011045473}. Best is trial 77 with value: 0.08241305500268936.
LOCAL_RANK: 0 - CUDA_VISIBLE_DEVICES: [0]
[I 2023-11-30 06:50:52,891] Trial 98 finished with value: 0.12544909119606018 and parameters: {'gradient_clip_val': 0.38306502823948774, 'hidden_size': 44, 'dropout': 0.20859091477659908, 'hidden_continuous_size': 22, 'attention_head_size': 4, 'learning_rate': 0.0891209450914513}. Best is trial 77 with value: 0.08241305500268936.
LOCAL_RANK: 0 - CUDA_VISIBLE_DEVICES: [0]
[I 2023-11-30 06:51:05,599] Trial 99 finished with value: 0.14598675072193146 and parameters: {'gradient_clip_val': 0.46255144349685057, 'hidden_size': 37, 'dropout': 0.2351025023782382, 'hidden_continuous_size': 26, 'attention_head_size': 4, 'learning_rate': 0.09940133809054894}. Best is trial 77 with value: 0.08241305500268936.
LOCAL_RANK: 0 - CUDA_VISIBLE_DEVICES: [0]
[I 2023-11-30 06:51:18,851] Trial 100 finished with value: 0.1192568764090538 and parameters: {'gradient_clip_val': 0.4291213248739458, 'hidden_size': 34, 'dropout': 0.225304132161, 'hidden_continuous_size': 22, 'attention_head_size': 3, 'learning_rate': 0.06387328257210209}. Best is trial 77 with value: 0.08241305500268936.
LOCAL_RANK: 0 - CUDA_VISIBLE_DEVICES: [0]
[I 2023-11-30 06:51:31,221] Trial 101 finished with value: 0.1419801563024521 and parameters: {'gradient_clip_val': 0.3585848018125192, 'hidden_size': 27, 'dropout': 0.1983937200601666, 'hidden_continuous_size': 15, 'attention_head_size': 1, 'learning_rate': 0.07317056922242289}. Best is trial 77 with value: 0.08241305500268936.
LOCAL_RANK: 0 - CUDA_VISIBLE_DEVICES: [0]
[I 2023-11-30 06:51:43,444] Trial 102 finished with value: 0.15554971992969513 and parameters: {'gradient_clip_val': 0.39590538690291477, 'hidden_size': 22, 'dropout': 0.18488897472246044, 'hidden_continuous_size': 16, 'attention_head_size': 2, 'learning_rate': 0.08264939342765464}. Best is trial 77 with value: 0.08241305500268936.
LOCAL_RANK: 0 - CUDA_VISIBLE_DEVICES: [0]
[I 2023-11-30 06:51:55,477] Trial 103 finished with value: 0.12257923930883408 and parameters: {'gradient_clip_val': 0.37091958753687515, 'hidden_size': 24, 'dropout': 0.16920946644251927, 'hidden_continuous_size': 16, 'attention_head_size': 3, 'learning_rate': 0.09295352395999669}. Best is trial 77 with value: 0.08241305500268936.
LOCAL_RANK: 0 - CUDA_VISIBLE_DEVICES: [0]
[I 2023-11-30 06:52:07,635] Trial 104 finished with value: 0.16780979931354523 and parameters: {'gradient_clip_val': 0.32012216350420286, 'hidden_size': 36, 'dropout': 0.20630896465908313, 'hidden_continuous_size': 23, 'attention_head_size': 1, 'learning_rate': 0.07089232932747395}. Best is trial 77 with value: 0.08241305500268936.
LOCAL_RANK: 0 - CUDA_VISIBLE_DEVICES: [0]
[I 2023-11-30 06:52:20,544] Trial 105 finished with value: 0.17933319509029388 and parameters: {'gradient_clip_val': 0.3418982609632668, 'hidden_size': 39, 'dropout': 0.21799666908524035, 'hidden_continuous_size': 19, 'attention_head_size': 4, 'learning_rate': 0.07898769916088004}. Best is trial 77 with value: 0.08241305500268936.
LOCAL_RANK: 0 - CUDA_VISIBLE_DEVICES: [0]
[I 2023-11-30 06:52:32,483] Trial 106 finished with value: 0.10789597034454346 and parameters: {'gradient_clip_val': 0.2994004373057097, 'hidden_size': 20, 'dropout': 0.19542803599142403, 'hidden_continuous_size': 15, 'attention_head_size': 2, 'learning_rate': 0.06077190517102194}. Best is trial 77 with value: 0.08241305500268936.
LOCAL_RANK: 0 - CUDA_VISIBLE_DEVICES: [0]
[I 2023-11-30 06:52:44,615] Trial 107 finished with value: 0.1943357139825821 and parameters: {'gradient_clip_val': 0.2859505119671955, 'hidden_size': 17, 'dropout': 0.21175304944932138, 'hidden_continuous_size': 15, 'attention_head_size': 2, 'learning_rate': 0.05013622114522988}. Best is trial 77 with value: 0.08241305500268936.
LOCAL_RANK: 0 - CUDA_VISIBLE_DEVICES: [0]
[I 2023-11-30 06:52:56,602] Trial 108 finished with value: 0.19820977747440338 and parameters: {'gradient_clip_val': 0.40757805088430527, 'hidden_size': 18, 'dropout': 0.19475867214166798, 'hidden_continuous_size': 14, 'attention_head_size': 1, 'learning_rate': 0.06058571262269484}. Best is trial 77 with value: 0.08241305500268936.
LOCAL_RANK: 0 - CUDA_VISIBLE_DEVICES: [0]
[I 2023-11-30 06:53:08,392] Trial 109 finished with value: 0.2180226892232895 and parameters: {'gradient_clip_val': 0.3037164749807033, 'hidden_size': 20, 'dropout': 0.20043051596085792, 'hidden_continuous_size': 17, 'attention_head_size': 2, 'learning_rate': 0.06430571104437018}. Best is trial 77 with value: 0.08241305500268936.
LOCAL_RANK: 0 - CUDA_VISIBLE_DEVICES: [0]
[I 2023-11-30 06:53:20,858] Trial 110 finished with value: 0.25241732597351074 and parameters: {'gradient_clip_val': 0.49331384310419973, 'hidden_size': 32, 'dropout': 0.1776400924510782, 'hidden_continuous_size': 26, 'attention_head_size': 1, 'learning_rate': 0.0557504812160764}. Best is trial 77 with value: 0.08241305500268936.
LOCAL_RANK: 0 - CUDA_VISIBLE_DEVICES: [0]
[I 2023-11-30 06:53:33,116] Trial 111 finished with value: 0.12566548585891724 and parameters: {'gradient_clip_val': 0.3333672878044523, 'hidden_size': 25, 'dropout': 0.19003056707961874, 'hidden_continuous_size': 15, 'attention_head_size': 2, 'learning_rate': 0.08226338276233243}. Best is trial 77 with value: 0.08241305500268936.
LOCAL_RANK: 0 - CUDA_VISIBLE_DEVICES: [0]
[I 2023-11-30 06:53:45,482] Trial 112 finished with value: 0.11390171200037003 and parameters: {'gradient_clip_val': 0.38383675796886085, 'hidden_size': 29, 'dropout': 0.15341010722713022, 'hidden_continuous_size': 16, 'attention_head_size': 2, 'learning_rate': 0.09022557012233895}. Best is trial 77 with value: 0.08241305500268936.
LOCAL_RANK: 0 - CUDA_VISIBLE_DEVICES: [0]
[I 2023-11-30 06:53:57,548] Trial 113 finished with value: 0.15204502642154694 and parameters: {'gradient_clip_val': 0.4425921976611091, 'hidden_size': 23, 'dropout': 0.18293880126477832, 'hidden_continuous_size': 15, 'attention_head_size': 2, 'learning_rate': 0.07235144251960525}. Best is trial 77 with value: 0.08241305500268936.
LOCAL_RANK: 0 - CUDA_VISIBLE_DEVICES: [0]
[I 2023-11-30 06:54:09,666] Trial 114 finished with value: 0.1400577872991562 and parameters: {'gradient_clip_val': 0.3543427434571922, 'hidden_size': 21, 'dropout': 0.20418765000916464, 'hidden_continuous_size': 14, 'attention_head_size': 2, 'learning_rate': 0.04964135964968149}. Best is trial 77 with value: 0.08241305500268936.
LOCAL_RANK: 0 - CUDA_VISIBLE_DEVICES: [0]
[I 2023-11-30 06:54:22,134] Trial 115 finished with value: 0.096259705722332 and parameters: {'gradient_clip_val': 0.29017624050634344, 'hidden_size': 26, 'dropout': 0.2170361054120329, 'hidden_continuous_size': 17, 'attention_head_size': 2, 'learning_rate': 0.09918972704278295}. Best is trial 77 with value: 0.08241305500268936.
LOCAL_RANK: 0 - CUDA_VISIBLE_DEVICES: [0]
[I 2023-11-30 06:54:34,741] Trial 116 finished with value: 0.1453753560781479 and parameters: {'gradient_clip_val': 0.25729285334080443, 'hidden_size': 34, 'dropout': 0.22260292179361751, 'hidden_continuous_size': 19, 'attention_head_size': 2, 'learning_rate': 0.09952416220272557}. Best is trial 77 with value: 0.08241305500268936.
LOCAL_RANK: 0 - CUDA_VISIBLE_DEVICES: [0]
[I 2023-11-30 06:54:46,536] Trial 117 finished with value: 0.13916316628456116 and parameters: {'gradient_clip_val': 0.530101482120277, 'hidden_size': 20, 'dropout': 0.23064142961543058, 'hidden_continuous_size': 17, 'attention_head_size': 1, 'learning_rate': 0.08298249733446726}. Best is trial 77 with value: 0.08241305500268936.
LOCAL_RANK: 0 - CUDA_VISIBLE_DEVICES: [0]
[I 2023-11-30 06:54:59,215] Trial 118 finished with value: 0.11151245981454849 and parameters: {'gradient_clip_val': 0.29460335339262156, 'hidden_size': 49, 'dropout': 0.21359497742393682, 'hidden_continuous_size': 13, 'attention_head_size': 2, 'learning_rate': 0.067087847788269}. Best is trial 77 with value: 0.08241305500268936.
LOCAL_RANK: 0 - CUDA_VISIBLE_DEVICES: [0]
[I 2023-11-30 06:55:11,302] Trial 119 finished with value: 0.27231907844543457 and parameters: {'gradient_clip_val': 0.45857735428590035, 'hidden_size': 26, 'dropout': 0.22083376057951049, 'hidden_continuous_size': 18, 'attention_head_size': 2, 'learning_rate': 0.03816617596028467}. Best is trial 77 with value: 0.08241305500268936.
LOCAL_RANK: 0 - CUDA_VISIBLE_DEVICES: [0]
[I 2023-11-30 06:55:23,236] Trial 120 finished with value: 0.14952659606933594 and parameters: {'gradient_clip_val': 0.314109010824122, 'hidden_size': 16, 'dropout': 0.2456146624476659, 'hidden_continuous_size': 10, 'attention_head_size': 1, 'learning_rate': 0.09348527950550754}. Best is trial 77 with value: 0.08241305500268936.
LOCAL_RANK: 0 - CUDA_VISIBLE_DEVICES: [0]
[I 2023-11-30 06:55:35,655] Trial 121 finished with value: 0.11806347221136093 and parameters: {'gradient_clip_val': 0.42256674018595375, 'hidden_size': 31, 'dropout': 0.20744967189513192, 'hidden_continuous_size': 16, 'attention_head_size': 2, 'learning_rate': 0.07667619409808912}. Best is trial 77 with value: 0.08241305500268936.
LOCAL_RANK: 0 - CUDA_VISIBLE_DEVICES: [0]
[I 2023-11-30 06:55:47,816] Trial 122 finished with value: 0.15646789968013763 and parameters: {'gradient_clip_val': 0.3253411528836362, 'hidden_size': 28, 'dropout': 0.19547072941005364, 'hidden_continuous_size': 17, 'attention_head_size': 2, 'learning_rate': 0.06054088161445776}. Best is trial 77 with value: 0.08241305500268936.
LOCAL_RANK: 0 - CUDA_VISIBLE_DEVICES: [0]
[I 2023-11-30 06:55:59,905] Trial 123 finished with value: 0.09537609666585922 and parameters: {'gradient_clip_val': 0.3740818346549778, 'hidden_size': 22, 'dropout': 0.23830789204667385, 'hidden_continuous_size': 16, 'attention_head_size': 2, 'learning_rate': 0.08521035176594315}. Best is trial 77 with value: 0.08241305500268936.
LOCAL_RANK: 0 - CUDA_VISIBLE_DEVICES: [0]
[I 2023-11-30 06:56:11,913] Trial 124 finished with value: 0.17362773418426514 and parameters: {'gradient_clip_val': 0.3717178068856488, 'hidden_size': 22, 'dropout': 0.2349129250020594, 'hidden_continuous_size': 16, 'attention_head_size': 2, 'learning_rate': 0.09048694148064947}. Best is trial 77 with value: 0.08241305500268936.
LOCAL_RANK: 0 - CUDA_VISIBLE_DEVICES: [0]
[I 2023-11-30 06:56:24,219] Trial 125 finished with value: 0.11635395139455795 and parameters: {'gradient_clip_val': 0.41665612061963825, 'hidden_size': 19, 'dropout': 0.25173207736898445, 'hidden_continuous_size': 16, 'attention_head_size': 2, 'learning_rate': 0.0858649899276722}. Best is trial 77 with value: 0.08241305500268936.
LOCAL_RANK: 0 - CUDA_VISIBLE_DEVICES: [0]
[I 2023-11-30 06:56:36,225] Trial 126 finished with value: 0.16976909339427948 and parameters: {'gradient_clip_val': 0.40201592886699883, 'hidden_size': 24, 'dropout': 0.23872103202702702, 'hidden_continuous_size': 17, 'attention_head_size': 2, 'learning_rate': 0.0763968557072231}. Best is trial 77 with value: 0.08241305500268936.
LOCAL_RANK: 0 - CUDA_VISIBLE_DEVICES: [0]
[I 2023-11-30 06:56:48,121] Trial 127 finished with value: 0.15071861445903778 and parameters: {'gradient_clip_val': 0.3561694971557412, 'hidden_size': 20, 'dropout': 0.2288933974313979, 'hidden_continuous_size': 16, 'attention_head_size': 2, 'learning_rate': 0.06821934175452816}. Best is trial 77 with value: 0.08241305500268936.
LOCAL_RANK: 0 - CUDA_VISIBLE_DEVICES: [0]
[I 2023-11-30 06:57:00,690] Trial 128 finished with value: 0.12480121105909348 and parameters: {'gradient_clip_val': 0.47649235861862305, 'hidden_size': 39, 'dropout': 0.14156335006716106, 'hidden_continuous_size': 18, 'attention_head_size': 1, 'learning_rate': 0.09988492517506478}. Best is trial 77 with value: 0.08241305500268936.
LOCAL_RANK: 0 - CUDA_VISIBLE_DEVICES: [0]
[I 2023-11-30 06:57:12,800] Trial 129 finished with value: 0.09966021031141281 and parameters: {'gradient_clip_val': 0.38266958208104296, 'hidden_size': 25, 'dropout': 0.21559273522765895, 'hidden_continuous_size': 17, 'attention_head_size': 2, 'learning_rate': 0.054715500903631815}. Best is trial 77 with value: 0.08241305500268936.
LOCAL_RANK: 0 - CUDA_VISIBLE_DEVICES: [0]
[I 2023-11-30 06:57:25,116] Trial 130 finished with value: 0.13877850770950317 and parameters: {'gradient_clip_val': 0.38995001980393734, 'hidden_size': 25, 'dropout': 0.2171366453430464, 'hidden_continuous_size': 17, 'attention_head_size': 2, 'learning_rate': 0.04529680075179073}. Best is trial 77 with value: 0.08241305500268936.
LOCAL_RANK: 0 - CUDA_VISIBLE_DEVICES: [0]
[I 2023-11-30 06:57:37,053] Trial 131 finished with value: 0.2583737075328827 and parameters: {'gradient_clip_val': 0.4288438369814584, 'hidden_size': 22, 'dropout': 0.21321071084069343, 'hidden_continuous_size': 11, 'attention_head_size': 2, 'learning_rate': 0.05401899929625762}. Best is trial 77 with value: 0.08241305500268936.
LOCAL_RANK: 0 - CUDA_VISIBLE_DEVICES: [0]
[I 2023-11-30 06:57:49,198] Trial 132 finished with value: 0.14087943732738495 and parameters: {'gradient_clip_val': 0.3724250955449924, 'hidden_size': 23, 'dropout': 0.22468888991128735, 'hidden_continuous_size': 18, 'attention_head_size': 2, 'learning_rate': 0.06026589004351273}. Best is trial 77 with value: 0.08241305500268936.
LOCAL_RANK: 0 - CUDA_VISIBLE_DEVICES: [0]
[I 2023-11-30 06:58:01,347] Trial 133 finished with value: 0.12027446180582047 and parameters: {'gradient_clip_val': 0.44415667452563584, 'hidden_size': 21, 'dropout': 0.2019320713657498, 'hidden_continuous_size': 15, 'attention_head_size': 2, 'learning_rate': 0.08224027433288622}. Best is trial 77 with value: 0.08241305500268936.
LOCAL_RANK: 0 - CUDA_VISIBLE_DEVICES: [0]
[I 2023-11-30 06:58:13,618] Trial 134 finished with value: 0.1592731922864914 and parameters: {'gradient_clip_val': 0.3903999718533688, 'hidden_size': 26, 'dropout': 0.23899528336518477, 'hidden_continuous_size': 20, 'attention_head_size': 2, 'learning_rate': 0.07025427539957502}. Best is trial 77 with value: 0.08241305500268936.
LOCAL_RANK: 0 - CUDA_VISIBLE_DEVICES: [0]
[I 2023-11-30 06:58:26,206] Trial 135 finished with value: 0.15826793015003204 and parameters: {'gradient_clip_val': 0.3407334242754335, 'hidden_size': 29, 'dropout': 0.21125165863293946, 'hidden_continuous_size': 19, 'attention_head_size': 2, 'learning_rate': 0.06487679071110551}. Best is trial 77 with value: 0.08241305500268936.
LOCAL_RANK: 0 - CUDA_VISIBLE_DEVICES: [0]
[I 2023-11-30 06:58:39,427] Trial 136 finished with value: 0.19934134185314178 and parameters: {'gradient_clip_val': 0.4989334869112038, 'hidden_size': 66, 'dropout': 0.2572148472801007, 'hidden_continuous_size': 19, 'attention_head_size': 3, 'learning_rate': 0.08893487022384326}. Best is trial 77 with value: 0.08241305500268936.
LOCAL_RANK: 0 - CUDA_VISIBLE_DEVICES: [0]
[I 2023-11-30 06:58:51,559] Trial 137 finished with value: 0.15963630378246307 and parameters: {'gradient_clip_val': 0.3007798364297229, 'hidden_size': 18, 'dropout': 0.22009229988431678, 'hidden_continuous_size': 16, 'attention_head_size': 2, 'learning_rate': 0.054970277548434844}. Best is trial 77 with value: 0.08241305500268936.
LOCAL_RANK: 0 - CUDA_VISIBLE_DEVICES: [0]
[I 2023-11-30 06:59:03,824] Trial 138 finished with value: 0.10909567028284073 and parameters: {'gradient_clip_val': 0.4685435252932505, 'hidden_size': 24, 'dropout': 0.23047998370945824, 'hidden_continuous_size': 17, 'attention_head_size': 4, 'learning_rate': 0.0766138856427551}. Best is trial 77 with value: 0.08241305500268936.
LOCAL_RANK: 0 - CUDA_VISIBLE_DEVICES: [0]
[I 2023-11-30 06:59:15,888] Trial 139 finished with value: 0.18952463567256927 and parameters: {'gradient_clip_val': 0.36097241191338997, 'hidden_size': 27, 'dropout': 0.20597581753233382, 'hidden_continuous_size': 15, 'attention_head_size': 1, 'learning_rate': 0.04191783133951471}. Best is trial 77 with value: 0.08241305500268936.
LOCAL_RANK: 0 - CUDA_VISIBLE_DEVICES: [0]
[I 2023-11-30 06:59:28,485] Trial 140 finished with value: 0.1826767772436142 and parameters: {'gradient_clip_val': 0.41103363351386574, 'hidden_size': 36, 'dropout': 0.24488969520844417, 'hidden_continuous_size': 18, 'attention_head_size': 2, 'learning_rate': 0.09243470603698255}. Best is trial 77 with value: 0.08241305500268936.
LOCAL_RANK: 0 - CUDA_VISIBLE_DEVICES: [0]
[I 2023-11-30 06:59:40,473] Trial 141 finished with value: 0.15130241215229034 and parameters: {'gradient_clip_val': 0.4543351889538866, 'hidden_size': 24, 'dropout': 0.22924324486893063, 'hidden_continuous_size': 17, 'attention_head_size': 4, 'learning_rate': 0.07677624707418478}. Best is trial 77 with value: 0.08241305500268936.
LOCAL_RANK: 0 - CUDA_VISIBLE_DEVICES: [0]
[I 2023-11-30 06:59:52,767] Trial 142 finished with value: 0.2451096773147583 and parameters: {'gradient_clip_val': 0.5230768825519055, 'hidden_size': 19, 'dropout': 0.2352523073780511, 'hidden_continuous_size': 17, 'attention_head_size': 4, 'learning_rate': 0.03063183357238547}. Best is trial 77 with value: 0.08241305500268936.
LOCAL_RANK: 0 - CUDA_VISIBLE_DEVICES: [0]
[I 2023-11-30 07:00:05,084] Trial 143 finished with value: 0.16077204048633575 and parameters: {'gradient_clip_val': 0.4667299631989883, 'hidden_size': 25, 'dropout': 0.13401275329055695, 'hidden_continuous_size': 16, 'attention_head_size': 4, 'learning_rate': 0.07335342539767177}. Best is trial 77 with value: 0.08241305500268936.
LOCAL_RANK: 0 - CUDA_VISIBLE_DEVICES: [0]
[I 2023-11-30 07:00:17,731] Trial 144 finished with value: 0.09345369786024094 and parameters: {'gradient_clip_val': 0.43277211205058674, 'hidden_size': 30, 'dropout': 0.2171987624105065, 'hidden_continuous_size': 23, 'attention_head_size': 4, 'learning_rate': 0.08488806951264974}. Best is trial 77 with value: 0.08241305500268936.
LOCAL_RANK: 0 - CUDA_VISIBLE_DEVICES: [0]
[I 2023-11-30 07:00:30,430] Trial 145 finished with value: 0.10004808753728867 and parameters: {'gradient_clip_val': 0.42950592529648357, 'hidden_size': 30, 'dropout': 0.1928383367128068, 'hidden_continuous_size': 23, 'attention_head_size': 4, 'learning_rate': 0.08452656220695917}. Best is trial 77 with value: 0.08241305500268936.
LOCAL_RANK: 0 - CUDA_VISIBLE_DEVICES: [0]
[I 2023-11-30 07:00:43,191] Trial 146 finished with value: 0.0763053223490715 and parameters: {'gradient_clip_val': 0.3992371951476877, 'hidden_size': 33, 'dropout': 0.2200105247852998, 'hidden_continuous_size': 23, 'attention_head_size': 4, 'learning_rate': 0.08464428408264901}. Best is trial 146 with value: 0.0763053223490715.
LOCAL_RANK: 0 - CUDA_VISIBLE_DEVICES: [0]
[I 2023-11-30 07:00:55,937] Trial 147 finished with value: 0.22953654825687408 and parameters: {'gradient_clip_val': 0.3888200734770078, 'hidden_size': 32, 'dropout': 0.2212218676753046, 'hidden_continuous_size': 23, 'attention_head_size': 4, 'learning_rate': 0.09909334647369804}. Best is trial 146 with value: 0.0763053223490715.
LOCAL_RANK: 0 - CUDA_VISIBLE_DEVICES: [0]
