[I 2023-11-30 13:32:53,429] Trial 137 finished with value: 0.24628455936908722 and parameters: {'gradient_clip_val': 0.6725715875847836, 'hidden_size': 116, 'dropout': 0.1624952618737532, 'hidden_continuous_size': 29, 'attention_head_size': 2, 'learning_rate': 0.05217816723218965}. Best is trial 22 with value: 0.09281650185585022.
LOCAL_RANK: 0 - CUDA_VISIBLE_DEVICES: [0]
[I 2023-11-30 13:33:06,891] Trial 138 finished with value: 0.17268069088459015 and parameters: {'gradient_clip_val': 0.7143779675950962, 'hidden_size': 58, 'dropout': 0.10426275705274238, 'hidden_continuous_size': 25, 'attention_head_size': 4, 'learning_rate': 0.039127623816279045}. Best is trial 22 with value: 0.09281650185585022.
LOCAL_RANK: 0 - CUDA_VISIBLE_DEVICES: [0]
[I 2023-11-30 13:33:20,966] Trial 139 finished with value: 0.2512648403644562 and parameters: {'gradient_clip_val': 0.9264852996152217, 'hidden_size': 122, 'dropout': 0.12442059341594752, 'hidden_continuous_size': 34, 'attention_head_size': 4, 'learning_rate': 0.04532871090536318}. Best is trial 22 with value: 0.09281650185585022.
LOCAL_RANK: 0 - CUDA_VISIBLE_DEVICES: [0]
[I 2023-11-30 13:33:34,938] Trial 140 finished with value: 0.33561551570892334 and parameters: {'gradient_clip_val': 0.8634919040544067, 'hidden_size': 109, 'dropout': 0.13318879624955599, 'hidden_continuous_size': 30, 'attention_head_size': 3, 'learning_rate': 0.017626937426892333}. Best is trial 22 with value: 0.09281650185585022.
LOCAL_RANK: 0 - CUDA_VISIBLE_DEVICES: [0]
[I 2023-11-30 13:33:49,350] Trial 141 finished with value: 0.31729134917259216 and parameters: {'gradient_clip_val': 0.64655228895269, 'hidden_size': 96, 'dropout': 0.11075776018788565, 'hidden_continuous_size': 48, 'attention_head_size': 4, 'learning_rate': 0.03334264144252005}. Best is trial 22 with value: 0.09281650185585022.
LOCAL_RANK: 0 - CUDA_VISIBLE_DEVICES: [0]
[I 2023-11-30 13:34:03,955] Trial 142 finished with value: 0.23613691329956055 and parameters: {'gradient_clip_val': 0.583344285194706, 'hidden_size': 84, 'dropout': 0.11653631882234602, 'hidden_continuous_size': 29, 'attention_head_size': 4, 'learning_rate': 0.02954860000027827}. Best is trial 22 with value: 0.09281650185585022.
LOCAL_RANK: 0 - CUDA_VISIBLE_DEVICES: [0]
[I 2023-11-30 13:34:18,338] Trial 143 finished with value: 0.32001829147338867 and parameters: {'gradient_clip_val': 0.6096677686516492, 'hidden_size': 77, 'dropout': 0.10311496098501553, 'hidden_continuous_size': 24, 'attention_head_size': 4, 'learning_rate': 0.031212534167966707}. Best is trial 22 with value: 0.09281650185585022.
LOCAL_RANK: 0 - CUDA_VISIBLE_DEVICES: [0]
[I 2023-11-30 13:34:32,888] Trial 144 finished with value: 0.34634461998939514 and parameters: {'gradient_clip_val': 0.7505492369359963, 'hidden_size': 105, 'dropout': 0.12173929205022647, 'hidden_continuous_size': 18, 'attention_head_size': 4, 'learning_rate': 0.03666834949333593}. Best is trial 22 with value: 0.09281650185585022.
LOCAL_RANK: 0 - CUDA_VISIBLE_DEVICES: [0]
[I 2023-11-30 13:34:47,507] Trial 145 finished with value: 0.16943778097629547 and parameters: {'gradient_clip_val': 0.511266048436338, 'hidden_size': 115, 'dropout': 0.11107626637604562, 'hidden_continuous_size': 31, 'attention_head_size': 4, 'learning_rate': 0.02225339156149601}. Best is trial 22 with value: 0.09281650185585022.
LOCAL_RANK: 0 - CUDA_VISIBLE_DEVICES: [0]
[I 2023-11-30 13:35:02,512] Trial 146 finished with value: 0.12247050553560257 and parameters: {'gradient_clip_val': 0.6919296192263219, 'hidden_size': 95, 'dropout': 0.14036830124665836, 'hidden_continuous_size': 64, 'attention_head_size': 4, 'learning_rate': 0.0262155785937491}. Best is trial 22 with value: 0.09281650185585022.
LOCAL_RANK: 0 - CUDA_VISIBLE_DEVICES: [0]
[I 2023-11-30 13:35:17,863] Trial 147 finished with value: 0.1440887600183487 and parameters: {'gradient_clip_val': 0.6795227753976069, 'hidden_size': 92, 'dropout': 0.14663516619339267, 'hidden_continuous_size': 66, 'attention_head_size': 4, 'learning_rate': 0.02447420683069564}. Best is trial 22 with value: 0.09281650185585022.
LOCAL_RANK: 0 - CUDA_VISIBLE_DEVICES: [0]
[I 2023-11-30 13:35:32,849] Trial 148 finished with value: 0.18080966174602509 and parameters: {'gradient_clip_val': 0.6964726035154062, 'hidden_size': 94, 'dropout': 0.14041138847221568, 'hidden_continuous_size': 70, 'attention_head_size': 4, 'learning_rate': 0.025227423386745412}. Best is trial 22 with value: 0.09281650185585022.
LOCAL_RANK: 0 - CUDA_VISIBLE_DEVICES: [0]
[I 2023-11-30 13:35:44,024] Trial 149 finished with value: 0.1582498699426651 and parameters: {'gradient_clip_val': 0.8076554148696768, 'hidden_size': 46, 'dropout': 0.14595045065571344, 'hidden_continuous_size': 46, 'attention_head_size': 4, 'learning_rate': 0.020420520332846043}. Best is trial 22 with value: 0.09281650185585022.
[I 2023-11-30 13:35:44,176] A new study created in memory with name: no-name-a72e11ea-8d59-4ea6-87f3-7e5374c73dec
/home/le004/conda/anaconda3/envs/tsff_env/lib/python3.9/site-packages/lightning/fabric/plugins/environments/slurm.py:191: The `srun` command is available on your system but is not used. HINT: If your intention is to run Lightning on SLURM, prepend your python command with `srun` like so: srun python /home/le004/master_thesis/git/TSFusionForecast/code/ ...
LOCAL_RANK: 0 - CUDA_VISIBLE_DEVICES: [0]
[I 2023-11-30 13:35:57,260] Trial 0 finished with value: 2.925837755203247 and parameters: {'gradient_clip_val': 0.12176330266566225, 'hidden_size': 14, 'dropout': 0.28246970857131826, 'hidden_continuous_size': 11, 'attention_head_size': 2, 'learning_rate': 0.0014401257117387764}. Best is trial 0 with value: 2.925837755203247.
LOCAL_RANK: 0 - CUDA_VISIBLE_DEVICES: [0]
[I 2023-11-30 13:36:08,650] Trial 1 finished with value: 2.363342523574829 and parameters: {'gradient_clip_val': 0.19270926477544992, 'hidden_size': 13, 'dropout': 0.22055854200557437, 'hidden_continuous_size': 13, 'attention_head_size': 1, 'learning_rate': 0.002772354110868628}. Best is trial 1 with value: 2.363342523574829.
LOCAL_RANK: 0 - CUDA_VISIBLE_DEVICES: [0]
[I 2023-11-30 13:36:21,464] Trial 2 finished with value: 1.5614299774169922 and parameters: {'gradient_clip_val': 0.13923271308000548, 'hidden_size': 25, 'dropout': 0.287647535178032, 'hidden_continuous_size': 20, 'attention_head_size': 1, 'learning_rate': 0.0019242562081048728}. Best is trial 2 with value: 1.5614299774169922.
LOCAL_RANK: 0 - CUDA_VISIBLE_DEVICES: [0]
[I 2023-11-30 13:36:32,869] Trial 3 finished with value: 3.0378849506378174 and parameters: {'gradient_clip_val': 0.14577569359570872, 'hidden_size': 11, 'dropout': 0.12675806233838063, 'hidden_continuous_size': 11, 'attention_head_size': 4, 'learning_rate': 0.0013093201178434651}. Best is trial 2 with value: 1.5614299774169922.
LOCAL_RANK: 0 - CUDA_VISIBLE_DEVICES: [0]
[I 2023-11-30 13:36:47,324] Trial 4 finished with value: 0.5859622359275818 and parameters: {'gradient_clip_val': 0.2396653168810881, 'hidden_size': 101, 'dropout': 0.312408139774053, 'hidden_continuous_size': 70, 'attention_head_size': 1, 'learning_rate': 0.0014040215579018544}. Best is trial 4 with value: 0.5859622359275818.
LOCAL_RANK: 0 - CUDA_VISIBLE_DEVICES: [0]
[I 2023-11-30 13:37:00,282] Trial 5 finished with value: 0.326633483171463 and parameters: {'gradient_clip_val': 0.707350832916146, 'hidden_size': 28, 'dropout': 0.38660431444677357, 'hidden_continuous_size': 23, 'attention_head_size': 1, 'learning_rate': 0.023980059786963395}. Best is trial 5 with value: 0.326633483171463.
LOCAL_RANK: 0 - CUDA_VISIBLE_DEVICES: [0]
[I 2023-11-30 13:37:14,604] Trial 6 finished with value: 0.5414825081825256 and parameters: {'gradient_clip_val': 0.23440920603450838, 'hidden_size': 132, 'dropout': 0.3441971855399156, 'hidden_continuous_size': 15, 'attention_head_size': 1, 'learning_rate': 0.0012588011321544843}. Best is trial 5 with value: 0.326633483171463.
LOCAL_RANK: 0 - CUDA_VISIBLE_DEVICES: [0]
[I 2023-11-30 13:37:28,535] Trial 7 finished with value: 0.3340247869491577 and parameters: {'gradient_clip_val': 0.16107707913013566, 'hidden_size': 51, 'dropout': 0.10235159346948754, 'hidden_continuous_size': 10, 'attention_head_size': 1, 'learning_rate': 0.08056236774655347}. Best is trial 5 with value: 0.326633483171463.
LOCAL_RANK: 0 - CUDA_VISIBLE_DEVICES: [0]
[I 2023-11-30 13:37:43,318] Trial 8 finished with value: 0.17835038900375366 and parameters: {'gradient_clip_val': 0.9206393945209844, 'hidden_size': 97, 'dropout': 0.3924993006787064, 'hidden_continuous_size': 79, 'attention_head_size': 1, 'learning_rate': 0.014955366456464456}. Best is trial 8 with value: 0.17835038900375366.
LOCAL_RANK: 0 - CUDA_VISIBLE_DEVICES: [0]
[I 2023-11-30 13:37:57,121] Trial 9 finished with value: 0.5069101452827454 and parameters: {'gradient_clip_val': 0.29928227213884107, 'hidden_size': 52, 'dropout': 0.32862802965168303, 'hidden_continuous_size': 16, 'attention_head_size': 2, 'learning_rate': 0.0029385035739948216}. Best is trial 8 with value: 0.17835038900375366.
LOCAL_RANK: 0 - CUDA_VISIBLE_DEVICES: [0]
[I 2023-11-30 13:38:11,598] Trial 10 finished with value: 0.22969108819961548 and parameters: {'gradient_clip_val': 0.9515161911719379, 'hidden_size': 76, 'dropout': 0.3965062748722585, 'hidden_continuous_size': 73, 'attention_head_size': 4, 'learning_rate': 0.008423692183118033}. Best is trial 8 with value: 0.17835038900375366.
LOCAL_RANK: 0 - CUDA_VISIBLE_DEVICES: [0]
[I 2023-11-30 13:38:26,117] Trial 11 finished with value: 0.19968532025814056 and parameters: {'gradient_clip_val': 0.9085691407122731, 'hidden_size': 84, 'dropout': 0.39662026473566725, 'hidden_continuous_size': 81, 'attention_head_size': 4, 'learning_rate': 0.00918223177907563}. Best is trial 8 with value: 0.17835038900375366.
LOCAL_RANK: 0 - CUDA_VISIBLE_DEVICES: [0]
[I 2023-11-30 13:38:40,793] Trial 12 finished with value: 0.2619422972202301 and parameters: {'gradient_clip_val': 0.5451808544120942, 'hidden_size': 82, 'dropout': 0.3995058911561244, 'hidden_continuous_size': 53, 'attention_head_size': 3, 'learning_rate': 0.009791424154304515}. Best is trial 8 with value: 0.17835038900375366.
LOCAL_RANK: 0 - CUDA_VISIBLE_DEVICES: [0]
[I 2023-11-30 13:38:56,880] Trial 13 finished with value: 0.25024011731147766 and parameters: {'gradient_clip_val': 0.4781883544111067, 'hidden_size': 138, 'dropout': 0.3539448376617239, 'hidden_continuous_size': 135, 'attention_head_size': 3, 'learning_rate': 0.01841250465509443}. Best is trial 8 with value: 0.17835038900375366.
LOCAL_RANK: 0 - CUDA_VISIBLE_DEVICES: [0]
[I 2023-11-30 13:39:11,140] Trial 14 finished with value: 0.46543535590171814 and parameters: {'gradient_clip_val': 0.9676092211849745, 'hidden_size': 67, 'dropout': 0.36142255789190597, 'hidden_continuous_size': 33, 'attention_head_size': 3, 'learning_rate': 0.005489382616861979}. Best is trial 8 with value: 0.17835038900375366.
LOCAL_RANK: 0 - CUDA_VISIBLE_DEVICES: [0]
[I 2023-11-30 13:39:26,658] Trial 15 finished with value: 0.15205907821655273 and parameters: {'gradient_clip_val': 0.450619801560871, 'hidden_size': 146, 'dropout': 0.3643469881173564, 'hidden_continuous_size': 145, 'attention_head_size': 2, 'learning_rate': 0.019504071923656115}. Best is trial 15 with value: 0.15205907821655273.
LOCAL_RANK: 0 - CUDA_VISIBLE_DEVICES: [0]
[I 2023-11-30 13:39:38,507] Trial 16 finished with value: 0.1455751210451126 and parameters: {'gradient_clip_val': 0.4233621155380921, 'hidden_size': 150, 'dropout': 0.3550292294178717, 'hidden_continuous_size': 150, 'attention_head_size': 2, 'learning_rate': 0.02140156545403033}. Best is trial 16 with value: 0.1455751210451126.
LOCAL_RANK: 0 - CUDA_VISIBLE_DEVICES: [0]
[I 2023-11-30 13:39:54,281] Trial 17 finished with value: 0.15729521214962006 and parameters: {'gradient_clip_val': 0.3901458574941214, 'hidden_size': 148, 'dropout': 0.3111671063953341, 'hidden_continuous_size': 140, 'attention_head_size': 2, 'learning_rate': 0.03455851264651032}. Best is trial 16 with value: 0.1455751210451126.
LOCAL_RANK: 0 - CUDA_VISIBLE_DEVICES: [0]
[I 2023-11-30 13:40:09,632] Trial 18 finished with value: 0.15151338279247284 and parameters: {'gradient_clip_val': 0.39809305892390995, 'hidden_size': 113, 'dropout': 0.24585855467228496, 'hidden_continuous_size': 95, 'attention_head_size': 2, 'learning_rate': 0.036220926667555615}. Best is trial 16 with value: 0.1455751210451126.
LOCAL_RANK: 0 - CUDA_VISIBLE_DEVICES: [0]
[I 2023-11-30 13:40:24,917] Trial 19 finished with value: 0.3263542950153351 and parameters: {'gradient_clip_val': 0.3458644275755056, 'hidden_size': 116, 'dropout': 0.23775006855305428, 'hidden_continuous_size': 100, 'attention_head_size': 2, 'learning_rate': 0.042049674458820255}. Best is trial 16 with value: 0.1455751210451126.
LOCAL_RANK: 0 - CUDA_VISIBLE_DEVICES: [0]
[I 2023-11-30 13:40:39,589] Trial 20 finished with value: 0.26323315501213074 and parameters: {'gradient_clip_val': 0.5940405381029749, 'hidden_size': 109, 'dropout': 0.2116428998470953, 'hidden_continuous_size': 49, 'attention_head_size': 3, 'learning_rate': 0.09579243766078707}. Best is trial 16 with value: 0.1455751210451126.
LOCAL_RANK: 0 - CUDA_VISIBLE_DEVICES: [0]
[I 2023-11-30 13:40:55,271] Trial 21 finished with value: 0.12385335564613342 and parameters: {'gradient_clip_val': 0.41529288744247483, 'hidden_size': 144, 'dropout': 0.2676637189307346, 'hidden_continuous_size': 114, 'attention_head_size': 2, 'learning_rate': 0.03027053780880978}. Best is trial 21 with value: 0.12385335564613342.
LOCAL_RANK: 0 - CUDA_VISIBLE_DEVICES: [0]
[I 2023-11-30 13:41:10,418] Trial 22 finished with value: 0.21290595829486847 and parameters: {'gradient_clip_val': 0.3802774117284069, 'hidden_size': 113, 'dropout': 0.27135554508495685, 'hidden_continuous_size': 98, 'attention_head_size': 2, 'learning_rate': 0.04159554997273938}. Best is trial 21 with value: 0.12385335564613342.
LOCAL_RANK: 0 - CUDA_VISIBLE_DEVICES: [0]
[I 2023-11-30 13:41:25,935] Trial 23 finished with value: 0.24188387393951416 and parameters: {'gradient_clip_val': 0.32820226849943035, 'hidden_size': 147, 'dropout': 0.2563517180080501, 'hidden_continuous_size': 112, 'attention_head_size': 2, 'learning_rate': 0.028813444683810936}. Best is trial 21 with value: 0.12385335564613342.
LOCAL_RANK: 0 - CUDA_VISIBLE_DEVICES: [0]
[I 2023-11-30 13:41:40,817] Trial 24 finished with value: 0.27038881182670593 and parameters: {'gradient_clip_val': 0.4314915598414617, 'hidden_size': 98, 'dropout': 0.1972096225532816, 'hidden_continuous_size': 62, 'attention_head_size': 2, 'learning_rate': 0.05950579202292938}. Best is trial 21 with value: 0.12385335564613342.
LOCAL_RANK: 0 - CUDA_VISIBLE_DEVICES: [0]
[I 2023-11-30 13:41:55,994] Trial 25 finished with value: 0.2656939923763275 and parameters: {'gradient_clip_val': 0.30381786452687903, 'hidden_size': 116, 'dropout': 0.3018361662678216, 'hidden_continuous_size': 88, 'attention_head_size': 3, 'learning_rate': 0.04765540592129968}. Best is trial 21 with value: 0.12385335564613342.
LOCAL_RANK: 0 - CUDA_VISIBLE_DEVICES: [0]
[I 2023-11-30 13:42:10,891] Trial 26 finished with value: 0.15348759293556213 and parameters: {'gradient_clip_val': 0.5073097666884929, 'hidden_size': 69, 'dropout': 0.26389905590575746, 'hidden_continuous_size': 57, 'attention_head_size': 2, 'learning_rate': 0.029710623796159335}. Best is trial 21 with value: 0.12385335564613342.
LOCAL_RANK: 0 - CUDA_VISIBLE_DEVICES: [0]
[I 2023-11-30 13:42:25,954] Trial 27 finished with value: 0.21579791605472565 and parameters: {'gradient_clip_val': 0.6189224811739136, 'hidden_size': 123, 'dropout': 0.32424214671601315, 'hidden_continuous_size': 104, 'attention_head_size': 3, 'learning_rate': 0.015524739600895638}. Best is trial 21 with value: 0.12385335564613342.
LOCAL_RANK: 0 - CUDA_VISIBLE_DEVICES: [0]
[I 2023-11-30 13:42:40,219] Trial 28 finished with value: 0.141864612698555 and parameters: {'gradient_clip_val': 0.4022165534779592, 'hidden_size': 90, 'dropout': 0.2452478730588067, 'hidden_continuous_size': 68, 'attention_head_size': 2, 'learning_rate': 0.026150375535587814}. Best is trial 21 with value: 0.12385335564613342.
LOCAL_RANK: 0 - CUDA_VISIBLE_DEVICES: [0]
[I 2023-11-30 13:42:54,918] Trial 29 finished with value: 0.10205081105232239 and parameters: {'gradient_clip_val': 0.4756142679711285, 'hidden_size': 92, 'dropout': 0.2898774062506889, 'hidden_continuous_size': 71, 'attention_head_size': 2, 'learning_rate': 0.024833547809563972}. Best is trial 29 with value: 0.10205081105232239.
LOCAL_RANK: 0 - CUDA_VISIBLE_DEVICES: [0]
[I 2023-11-30 13:43:08,716] Trial 30 finished with value: 0.12341143935918808 and parameters: {'gradient_clip_val': 0.10603878282298985, 'hidden_size': 60, 'dropout': 0.28393653644653727, 'hidden_continuous_size': 46, 'attention_head_size': 2, 'learning_rate': 0.05291251176163578}. Best is trial 29 with value: 0.10205081105232239.
LOCAL_RANK: 0 - CUDA_VISIBLE_DEVICES: [0]
[I 2023-11-30 13:43:23,095] Trial 31 finished with value: 0.16385574638843536 and parameters: {'gradient_clip_val': 0.11349503664424453, 'hidden_size': 61, 'dropout': 0.2880091594426702, 'hidden_continuous_size': 47, 'attention_head_size': 2, 'learning_rate': 0.0547018759672946}. Best is trial 29 with value: 0.10205081105232239.
LOCAL_RANK: 0 - CUDA_VISIBLE_DEVICES: [0]
[I 2023-11-30 13:43:38,417] Trial 32 finished with value: 0.27071842551231384 and parameters: {'gradient_clip_val': 0.2715738923686956, 'hidden_size': 89, 'dropout': 0.2765613950461944, 'hidden_continuous_size': 64, 'attention_head_size': 2, 'learning_rate': 0.028526960208845768}. Best is trial 29 with value: 0.10205081105232239.
LOCAL_RANK: 0 - CUDA_VISIBLE_DEVICES: [0]
[I 2023-11-30 13:43:52,565] Trial 33 finished with value: 0.22384853661060333 and parameters: {'gradient_clip_val': 0.11091744529931846, 'hidden_size': 88, 'dropout': 0.2874964775546329, 'hidden_continuous_size': 43, 'attention_head_size': 2, 'learning_rate': 0.06731131255748508}. Best is trial 29 with value: 0.10205081105232239.
LOCAL_RANK: 0 - CUDA_VISIBLE_DEVICES: [0]
[I 2023-11-30 13:44:06,749] Trial 34 finished with value: 0.3019964396953583 and parameters: {'gradient_clip_val': 0.18418893013831894, 'hidden_size': 77, 'dropout': 0.23376288489821048, 'hidden_continuous_size': 59, 'attention_head_size': 2, 'learning_rate': 0.0520329826634064}. Best is trial 29 with value: 0.10205081105232239.
LOCAL_RANK: 0 - CUDA_VISIBLE_DEVICES: [0]
[I 2023-11-30 13:44:20,428] Trial 35 finished with value: 0.1672101467847824 and parameters: {'gradient_clip_val': 0.35458660102746875, 'hidden_size': 59, 'dropout': 0.2574561095811837, 'hidden_continuous_size': 42, 'attention_head_size': 1, 'learning_rate': 0.07328351112114004}. Best is trial 29 with value: 0.10205081105232239.
LOCAL_RANK: 0 - CUDA_VISIBLE_DEVICES: [0]
[I 2023-11-30 13:44:34,281] Trial 36 finished with value: 0.22071021795272827 and parameters: {'gradient_clip_val': 0.12735961281162558, 'hidden_size': 37, 'dropout': 0.28724487816664374, 'hidden_continuous_size': 33, 'attention_head_size': 3, 'learning_rate': 0.024777923279528803}. Best is trial 29 with value: 0.10205081105232239.
LOCAL_RANK: 0 - CUDA_VISIBLE_DEVICES: [0]
[I 2023-11-30 13:44:49,402] Trial 37 finished with value: 0.23365001380443573 and parameters: {'gradient_clip_val': 0.10388738270012643, 'hidden_size': 93, 'dropout': 0.22115164829262754, 'hidden_continuous_size': 70, 'attention_head_size': 1, 'learning_rate': 0.03753807994357609}. Best is trial 29 with value: 0.10205081105232239.
LOCAL_RANK: 0 - CUDA_VISIBLE_DEVICES: [0]
[I 2023-11-30 13:45:03,760] Trial 38 finished with value: 0.17055104672908783 and parameters: {'gradient_clip_val': 0.23496529525260768, 'hidden_size': 102, 'dropout': 0.3005983574718641, 'hidden_continuous_size': 67, 'attention_head_size': 1, 'learning_rate': 0.04759975494372018}. Best is trial 29 with value: 0.10205081105232239.
LOCAL_RANK: 0 - CUDA_VISIBLE_DEVICES: [0]
[I 2023-11-30 13:45:16,214] Trial 39 finished with value: 0.6579516530036926 and parameters: {'gradient_clip_val': 0.10001266354645383, 'hidden_size': 16, 'dropout': 0.2691333355176436, 'hidden_continuous_size': 15, 'attention_head_size': 2, 'learning_rate': 0.013040443347456871}. Best is trial 29 with value: 0.10205081105232239.
LOCAL_RANK: 0 - CUDA_VISIBLE_DEVICES: [0]
[I 2023-11-30 13:45:31,513] Trial 40 finished with value: 0.17692355811595917 and parameters: {'gradient_clip_val': 0.2047802097998209, 'hidden_size': 126, 'dropout': 0.24495375928478388, 'hidden_continuous_size': 81, 'attention_head_size': 1, 'learning_rate': 0.02459249387776443}. Best is trial 29 with value: 0.10205081105232239.
LOCAL_RANK: 0 - CUDA_VISIBLE_DEVICES: [0]
[I 2023-11-30 13:45:46,610] Trial 41 finished with value: 0.12317240238189697 and parameters: {'gradient_clip_val': 0.4215810330207847, 'hidden_size': 130, 'dropout': 0.3017189313957522, 'hidden_continuous_size': 117, 'attention_head_size': 2, 'learning_rate': 0.020188283296333546}. Best is trial 29 with value: 0.10205081105232239.
LOCAL_RANK: 0 - CUDA_VISIBLE_DEVICES: [0]
[I 2023-11-30 13:46:02,013] Trial 42 finished with value: 0.14780493080615997 and parameters: {'gradient_clip_val': 0.4751133498595747, 'hidden_size': 129, 'dropout': 0.27641443180862174, 'hidden_continuous_size': 116, 'attention_head_size': 2, 'learning_rate': 0.03137107651418231}. Best is trial 29 with value: 0.10205081105232239.
LOCAL_RANK: 0 - CUDA_VISIBLE_DEVICES: [0]
[I 2023-11-30 13:46:16,971] Trial 43 finished with value: 0.17348206043243408 and parameters: {'gradient_clip_val': 0.26668097117319634, 'hidden_size': 103, 'dropout': 0.3027205481162257, 'hidden_continuous_size': 73, 'attention_head_size': 2, 'learning_rate': 0.019592951639252017}. Best is trial 29 with value: 0.10205081105232239.
LOCAL_RANK: 0 - CUDA_VISIBLE_DEVICES: [0]
