[I 2023-11-30 15:07:33,172] Trial 92 finished with value: 0.7467445731163025 and parameters: {'gradient_clip_val': 0.3564462446856796, 'hidden_size': 59, 'dropout': 0.2976600407732507, 'hidden_continuous_size': 31, 'attention_head_size': 2, 'learning_rate': 0.00334669745123788}. Best is trial 29 with value: 0.7182834148406982.
LOCAL_RANK: 0 - CUDA_VISIBLE_DEVICES: [0]
[I 2023-11-30 15:07:47,345] Trial 93 finished with value: 0.8220834136009216 and parameters: {'gradient_clip_val': 0.43862341173554537, 'hidden_size': 74, 'dropout': 0.28095029289786866, 'hidden_continuous_size': 39, 'attention_head_size': 2, 'learning_rate': 0.003568841786675853}. Best is trial 29 with value: 0.7182834148406982.
LOCAL_RANK: 0 - CUDA_VISIBLE_DEVICES: [0]
[I 2023-11-30 15:08:01,190] Trial 94 finished with value: 0.7692354321479797 and parameters: {'gradient_clip_val': 0.9222957371543503, 'hidden_size': 56, 'dropout': 0.2907316363416805, 'hidden_continuous_size': 31, 'attention_head_size': 2, 'learning_rate': 0.00410300122876064}. Best is trial 29 with value: 0.7182834148406982.
LOCAL_RANK: 0 - CUDA_VISIBLE_DEVICES: [0]
[I 2023-11-30 15:08:15,560] Trial 95 finished with value: 0.8910635113716125 and parameters: {'gradient_clip_val': 0.34431214388630343, 'hidden_size': 68, 'dropout': 0.2647152763541496, 'hidden_continuous_size': 27, 'attention_head_size': 2, 'learning_rate': 0.002525464084246341}. Best is trial 29 with value: 0.7182834148406982.
LOCAL_RANK: 0 - CUDA_VISIBLE_DEVICES: [0]
[I 2023-11-30 15:08:29,079] Trial 96 finished with value: 0.8386397361755371 and parameters: {'gradient_clip_val': 0.38999383337068283, 'hidden_size': 78, 'dropout': 0.2508044637832183, 'hidden_continuous_size': 29, 'attention_head_size': 2, 'learning_rate': 0.004645162798415673}. Best is trial 29 with value: 0.7182834148406982.
LOCAL_RANK: 0 - CUDA_VISIBLE_DEVICES: [0]
[I 2023-11-30 15:08:42,282] Trial 97 finished with value: 0.8093485236167908 and parameters: {'gradient_clip_val': 0.4157149756043433, 'hidden_size': 51, 'dropout': 0.2988590880060508, 'hidden_continuous_size': 35, 'attention_head_size': 3, 'learning_rate': 0.0027859451609552146}. Best is trial 29 with value: 0.7182834148406982.
LOCAL_RANK: 0 - CUDA_VISIBLE_DEVICES: [0]
[I 2023-11-30 15:08:55,995] Trial 98 finished with value: 0.81524258852005 and parameters: {'gradient_clip_val': 0.45843436667862886, 'hidden_size': 89, 'dropout': 0.27170030399868245, 'hidden_continuous_size': 37, 'attention_head_size': 2, 'learning_rate': 0.0033947468517748994}. Best is trial 29 with value: 0.7182834148406982.
LOCAL_RANK: 0 - CUDA_VISIBLE_DEVICES: [0]
[I 2023-11-30 15:09:09,049] Trial 99 finished with value: 0.8734567761421204 and parameters: {'gradient_clip_val': 0.31742862321983173, 'hidden_size': 64, 'dropout': 0.257224094244527, 'hidden_continuous_size': 32, 'attention_head_size': 2, 'learning_rate': 0.005003823851757488}. Best is trial 29 with value: 0.7182834148406982.
LOCAL_RANK: 0 - CUDA_VISIBLE_DEVICES: [0]
[I 2023-11-30 15:09:22,743] Trial 100 finished with value: 0.7816219329833984 and parameters: {'gradient_clip_val': 0.3477535561438349, 'hidden_size': 115, 'dropout': 0.29662591890956513, 'hidden_continuous_size': 25, 'attention_head_size': 1, 'learning_rate': 0.006405248706408998}. Best is trial 29 with value: 0.7182834148406982.
LOCAL_RANK: 0 - CUDA_VISIBLE_DEVICES: [0]
[I 2023-11-30 15:09:35,720] Trial 101 finished with value: 0.9047293066978455 and parameters: {'gradient_clip_val': 0.3640771354841239, 'hidden_size': 56, 'dropout': 0.31156892912854295, 'hidden_continuous_size': 30, 'attention_head_size': 2, 'learning_rate': 0.0031844287285844467}. Best is trial 29 with value: 0.7182834148406982.
LOCAL_RANK: 0 - CUDA_VISIBLE_DEVICES: [0]
[I 2023-11-30 15:09:48,814] Trial 102 finished with value: 0.7243049144744873 and parameters: {'gradient_clip_val': 0.3910754934269161, 'hidden_size': 59, 'dropout': 0.30722363730063956, 'hidden_continuous_size': 29, 'attention_head_size': 2, 'learning_rate': 0.004043239313216669}. Best is trial 29 with value: 0.7182834148406982.
LOCAL_RANK: 0 - CUDA_VISIBLE_DEVICES: [0]
[I 2023-11-30 15:10:02,137] Trial 103 finished with value: 0.8618491291999817 and parameters: {'gradient_clip_val': 0.9987606444656574, 'hidden_size': 74, 'dropout': 0.2829405938188886, 'hidden_continuous_size': 33, 'attention_head_size': 2, 'learning_rate': 0.003785078582101673}. Best is trial 29 with value: 0.7182834148406982.
LOCAL_RANK: 0 - CUDA_VISIBLE_DEVICES: [0]
[I 2023-11-30 15:10:15,368] Trial 104 finished with value: 0.8308799266815186 and parameters: {'gradient_clip_val': 0.38914432824275685, 'hidden_size': 59, 'dropout': 0.3240504475363466, 'hidden_continuous_size': 34, 'attention_head_size': 2, 'learning_rate': 0.004336972524405151}. Best is trial 29 with value: 0.7182834148406982.
LOCAL_RANK: 0 - CUDA_VISIBLE_DEVICES: [0]
[I 2023-11-30 15:10:28,758] Trial 105 finished with value: 0.7805135846138 and parameters: {'gradient_clip_val': 0.506714806298931, 'hidden_size': 65, 'dropout': 0.2993564047658657, 'hidden_continuous_size': 31, 'attention_head_size': 2, 'learning_rate': 0.004713977570782454}. Best is trial 29 with value: 0.7182834148406982.
LOCAL_RANK: 0 - CUDA_VISIBLE_DEVICES: [0]
[I 2023-11-30 15:10:42,231] Trial 106 finished with value: 0.7617374062538147 and parameters: {'gradient_clip_val': 0.4296212015172838, 'hidden_size': 69, 'dropout': 0.30214981906264604, 'hidden_continuous_size': 29, 'attention_head_size': 2, 'learning_rate': 0.0056192922820249205}. Best is trial 29 with value: 0.7182834148406982.
LOCAL_RANK: 0 - CUDA_VISIBLE_DEVICES: [0]
[I 2023-11-30 15:10:55,201] Trial 107 finished with value: 0.7635119557380676 and parameters: {'gradient_clip_val': 0.47283638646650167, 'hidden_size': 48, 'dropout': 0.3079258403058845, 'hidden_continuous_size': 36, 'attention_head_size': 2, 'learning_rate': 0.004035454621394082}. Best is trial 29 with value: 0.7182834148406982.
LOCAL_RANK: 0 - CUDA_VISIBLE_DEVICES: [0]
[I 2023-11-30 15:11:08,716] Trial 108 finished with value: 0.7848561406135559 and parameters: {'gradient_clip_val': 0.326589137152621, 'hidden_size': 81, 'dropout': 0.27744135845607126, 'hidden_continuous_size': 27, 'attention_head_size': 3, 'learning_rate': 0.0035243846546754204}. Best is trial 29 with value: 0.7182834148406982.
LOCAL_RANK: 0 - CUDA_VISIBLE_DEVICES: [0]
[I 2023-11-30 15:11:22,366] Trial 109 finished with value: 0.8852526545524597 and parameters: {'gradient_clip_val': 0.4016282398259459, 'hidden_size': 100, 'dropout': 0.29207068193371, 'hidden_continuous_size': 42, 'attention_head_size': 2, 'learning_rate': 0.004991768071726964}. Best is trial 29 with value: 0.7182834148406982.
LOCAL_RANK: 0 - CUDA_VISIBLE_DEVICES: [0]
[I 2023-11-30 15:11:35,718] Trial 110 finished with value: 0.7982427477836609 and parameters: {'gradient_clip_val': 0.29880816772588076, 'hidden_size': 53, 'dropout': 0.2451452891140781, 'hidden_continuous_size': 32, 'attention_head_size': 2, 'learning_rate': 0.0024481047704400247}. Best is trial 29 with value: 0.7182834148406982.
LOCAL_RANK: 0 - CUDA_VISIBLE_DEVICES: [0]
[I 2023-11-30 15:11:49,164] Trial 111 finished with value: 0.7354652285575867 and parameters: {'gradient_clip_val': 0.3545604528760561, 'hidden_size': 62, 'dropout': 0.3067998998715884, 'hidden_continuous_size': 29, 'attention_head_size': 2, 'learning_rate': 0.002949590648296679}. Best is trial 29 with value: 0.7182834148406982.
LOCAL_RANK: 0 - CUDA_VISIBLE_DEVICES: [0]
[I 2023-11-30 15:12:02,465] Trial 112 finished with value: 0.7700467109680176 and parameters: {'gradient_clip_val': 0.334390792163571, 'hidden_size': 72, 'dropout': 0.31336038673802413, 'hidden_continuous_size': 28, 'attention_head_size': 2, 'learning_rate': 0.0028479665261091957}. Best is trial 29 with value: 0.7182834148406982.
LOCAL_RANK: 0 - CUDA_VISIBLE_DEVICES: [0]
[I 2023-11-30 15:12:15,628] Trial 113 finished with value: 0.7964973449707031 and parameters: {'gradient_clip_val': 0.2779039667212924, 'hidden_size': 63, 'dropout': 0.32084579996726337, 'hidden_continuous_size': 30, 'attention_head_size': 2, 'learning_rate': 0.002685576110826036}. Best is trial 29 with value: 0.7182834148406982.
LOCAL_RANK: 0 - CUDA_VISIBLE_DEVICES: [0]
[I 2023-11-30 15:12:28,775] Trial 114 finished with value: 0.814551830291748 and parameters: {'gradient_clip_val': 0.44681975615367775, 'hidden_size': 78, 'dropout': 0.30533704239336745, 'hidden_continuous_size': 13, 'attention_head_size': 2, 'learning_rate': 0.002126357540715784}. Best is trial 29 with value: 0.7182834148406982.
LOCAL_RANK: 0 - CUDA_VISIBLE_DEVICES: [0]
[I 2023-11-30 15:12:42,038] Trial 115 finished with value: 0.7326774597167969 and parameters: {'gradient_clip_val': 0.38004758096283464, 'hidden_size': 59, 'dropout': 0.2668014545959468, 'hidden_continuous_size': 33, 'attention_head_size': 2, 'learning_rate': 0.0032994341485668966}. Best is trial 29 with value: 0.7182834148406982.
LOCAL_RANK: 0 - CUDA_VISIBLE_DEVICES: [0]
[I 2023-11-30 15:12:55,717] Trial 116 finished with value: 0.7515338063240051 and parameters: {'gradient_clip_val': 0.3824279244406598, 'hidden_size': 92, 'dropout': 0.2590121314593698, 'hidden_continuous_size': 38, 'attention_head_size': 2, 'learning_rate': 0.0041568709173300895}. Best is trial 29 with value: 0.7182834148406982.
LOCAL_RANK: 0 - CUDA_VISIBLE_DEVICES: [0]
[I 2023-11-30 15:13:09,417] Trial 117 finished with value: 0.8548466563224792 and parameters: {'gradient_clip_val': 0.5418508361947809, 'hidden_size': 85, 'dropout': 0.2657823736716338, 'hidden_continuous_size': 40, 'attention_head_size': 2, 'learning_rate': 0.003699611563730237}. Best is trial 29 with value: 0.7182834148406982.
LOCAL_RANK: 0 - CUDA_VISIBLE_DEVICES: [0]
[I 2023-11-30 15:13:23,372] Trial 118 finished with value: 0.818500280380249 and parameters: {'gradient_clip_val': 0.420694740271826, 'hidden_size': 127, 'dropout': 0.28587021202893675, 'hidden_continuous_size': 44, 'attention_head_size': 2, 'learning_rate': 0.005963807794568782}. Best is trial 29 with value: 0.7182834148406982.
LOCAL_RANK: 0 - CUDA_VISIBLE_DEVICES: [0]
[I 2023-11-30 15:13:36,712] Trial 119 finished with value: 0.7719197273254395 and parameters: {'gradient_clip_val': 0.4752783853433988, 'hidden_size': 67, 'dropout': 0.275212121174959, 'hidden_continuous_size': 35, 'attention_head_size': 2, 'learning_rate': 0.007556548471475694}. Best is trial 29 with value: 0.7182834148406982.
LOCAL_RANK: 0 - CUDA_VISIBLE_DEVICES: [0]
[I 2023-11-30 15:13:50,312] Trial 120 finished with value: 0.7425361275672913 and parameters: {'gradient_clip_val': 0.4083981633849941, 'hidden_size': 107, 'dropout': 0.23058669907366983, 'hidden_continuous_size': 18, 'attention_head_size': 2, 'learning_rate': 0.0030980505706509594}. Best is trial 29 with value: 0.7182834148406982.
LOCAL_RANK: 0 - CUDA_VISIBLE_DEVICES: [0]
[I 2023-11-30 15:14:04,228] Trial 121 finished with value: 0.9907608032226562 and parameters: {'gradient_clip_val': 0.3722767967463854, 'hidden_size': 121, 'dropout': 0.2290739166425403, 'hidden_continuous_size': 16, 'attention_head_size': 2, 'learning_rate': 0.0029306855420074295}. Best is trial 29 with value: 0.7182834148406982.
LOCAL_RANK: 0 - CUDA_VISIBLE_DEVICES: [0]
[I 2023-11-30 15:14:17,671] Trial 122 finished with value: 0.7951161861419678 and parameters: {'gradient_clip_val': 0.4449165324428356, 'hidden_size': 94, 'dropout': 0.2412442941818748, 'hidden_continuous_size': 23, 'attention_head_size': 2, 'learning_rate': 0.003221340944428652}. Best is trial 29 with value: 0.7182834148406982.
LOCAL_RANK: 0 - CUDA_VISIBLE_DEVICES: [0]
[I 2023-11-30 15:14:31,181] Trial 123 finished with value: 0.7431097626686096 and parameters: {'gradient_clip_val': 0.40804118806536605, 'hidden_size': 104, 'dropout': 0.2373701459268039, 'hidden_continuous_size': 17, 'attention_head_size': 2, 'learning_rate': 0.004557778428080234}. Best is trial 29 with value: 0.7182834148406982.
LOCAL_RANK: 0 - CUDA_VISIBLE_DEVICES: [0]
[I 2023-11-30 15:14:44,475] Trial 124 finished with value: 0.8215929865837097 and parameters: {'gradient_clip_val': 0.5000827229876863, 'hidden_size': 88, 'dropout': 0.23214547654975154, 'hidden_continuous_size': 21, 'attention_head_size': 2, 'learning_rate': 0.0024832806892756544}. Best is trial 29 with value: 0.7182834148406982.
LOCAL_RANK: 0 - CUDA_VISIBLE_DEVICES: [0]
[I 2023-11-30 15:14:57,929] Trial 125 finished with value: 0.7665531635284424 and parameters: {'gradient_clip_val': 0.40294095478393205, 'hidden_size': 112, 'dropout': 0.22028368000010579, 'hidden_continuous_size': 15, 'attention_head_size': 2, 'learning_rate': 0.0038813666705084827}. Best is trial 29 with value: 0.7182834148406982.
LOCAL_RANK: 0 - CUDA_VISIBLE_DEVICES: [0]
[I 2023-11-30 15:15:12,910] Trial 126 finished with value: 0.7795211672782898 and parameters: {'gradient_clip_val': 0.35264030399958174, 'hidden_size': 109, 'dropout': 0.2494869402039353, 'hidden_continuous_size': 39, 'attention_head_size': 2, 'learning_rate': 0.0052876574843991955}. Best is trial 29 with value: 0.7182834148406982.
LOCAL_RANK: 0 - CUDA_VISIBLE_DEVICES: [0]
[I 2023-11-30 15:15:26,402] Trial 127 finished with value: 0.804404079914093 and parameters: {'gradient_clip_val': 0.6292924893268145, 'hidden_size': 45, 'dropout': 0.25556187641898215, 'hidden_continuous_size': 20, 'attention_head_size': 3, 'learning_rate': 0.0035461761452947856}. Best is trial 29 with value: 0.7182834148406982.
LOCAL_RANK: 0 - CUDA_VISIBLE_DEVICES: [0]
[I 2023-11-30 15:15:41,165] Trial 128 finished with value: 0.8453546166419983 and parameters: {'gradient_clip_val': 0.43115048770384873, 'hidden_size': 99, 'dropout': 0.26938791622295133, 'hidden_continuous_size': 33, 'attention_head_size': 4, 'learning_rate': 0.004231681544767202}. Best is trial 29 with value: 0.7182834148406982.
LOCAL_RANK: 0 - CUDA_VISIBLE_DEVICES: [0]
[I 2023-11-30 15:15:56,014] Trial 129 finished with value: 0.7429280877113342 and parameters: {'gradient_clip_val': 0.3726591753300846, 'hidden_size': 149, 'dropout': 0.2089628131498477, 'hidden_continuous_size': 26, 'attention_head_size': 2, 'learning_rate': 0.003112323987191063}. Best is trial 29 with value: 0.7182834148406982.
LOCAL_RANK: 0 - CUDA_VISIBLE_DEVICES: [0]
[I 2023-11-30 15:16:10,631] Trial 130 finished with value: 0.7593720555305481 and parameters: {'gradient_clip_val': 0.3793562314142465, 'hidden_size': 150, 'dropout': 0.20960866361432332, 'hidden_continuous_size': 26, 'attention_head_size': 2, 'learning_rate': 0.002757127795049541}. Best is trial 29 with value: 0.7182834148406982.
LOCAL_RANK: 0 - CUDA_VISIBLE_DEVICES: [0]
[I 2023-11-30 15:16:25,547] Trial 131 finished with value: 0.7341084480285645 and parameters: {'gradient_clip_val': 0.3949736561698756, 'hidden_size': 143, 'dropout': 0.2173653857486151, 'hidden_continuous_size': 24, 'attention_head_size': 2, 'learning_rate': 0.003096425461919396}. Best is trial 29 with value: 0.7182834148406982.
LOCAL_RANK: 0 - CUDA_VISIBLE_DEVICES: [0]
[I 2023-11-30 15:16:40,514] Trial 132 finished with value: 0.7420646548271179 and parameters: {'gradient_clip_val': 0.3848511078689783, 'hidden_size': 139, 'dropout': 0.22526198316075655, 'hidden_continuous_size': 25, 'attention_head_size': 2, 'learning_rate': 0.0031457826445005737}. Best is trial 29 with value: 0.7182834148406982.
LOCAL_RANK: 0 - CUDA_VISIBLE_DEVICES: [0]
[I 2023-11-30 15:16:55,865] Trial 133 finished with value: 0.9061657786369324 and parameters: {'gradient_clip_val': 0.3163402821005765, 'hidden_size': 135, 'dropout': 0.20043749394111984, 'hidden_continuous_size': 23, 'attention_head_size': 2, 'learning_rate': 0.0033121241982958446}. Best is trial 29 with value: 0.7182834148406982.
LOCAL_RANK: 0 - CUDA_VISIBLE_DEVICES: [0]
[I 2023-11-30 15:17:10,369] Trial 134 finished with value: 0.7447457313537598 and parameters: {'gradient_clip_val': 0.3952808157719127, 'hidden_size': 140, 'dropout': 0.21573171565749297, 'hidden_continuous_size': 18, 'attention_head_size': 2, 'learning_rate': 0.002259573582159988}. Best is trial 29 with value: 0.7182834148406982.
LOCAL_RANK: 0 - CUDA_VISIBLE_DEVICES: [0]
[I 2023-11-30 15:17:25,029] Trial 135 finished with value: 0.806236207485199 and parameters: {'gradient_clip_val': 0.3313863287003659, 'hidden_size': 127, 'dropout': 0.22576225878735184, 'hidden_continuous_size': 24, 'attention_head_size': 1, 'learning_rate': 0.0018844924644381032}. Best is trial 29 with value: 0.7182834148406982.
LOCAL_RANK: 0 - CUDA_VISIBLE_DEVICES: [0]
[I 2023-11-30 15:17:39,521] Trial 136 finished with value: 0.7955024838447571 and parameters: {'gradient_clip_val': 0.42210728867137914, 'hidden_size': 143, 'dropout': 0.22544275610127018, 'hidden_continuous_size': 27, 'attention_head_size': 2, 'learning_rate': 0.0029960753755930106}. Best is trial 29 with value: 0.7182834148406982.
LOCAL_RANK: 0 - CUDA_VISIBLE_DEVICES: [0]
[I 2023-11-30 15:17:54,558] Trial 137 finished with value: 0.7675668597221375 and parameters: {'gradient_clip_val': 0.3549288306486863, 'hidden_size': 135, 'dropout': 0.23348959798404254, 'hidden_continuous_size': 25, 'attention_head_size': 2, 'learning_rate': 0.004695677945325835}. Best is trial 29 with value: 0.7182834148406982.
LOCAL_RANK: 0 - CUDA_VISIBLE_DEVICES: [0]
[I 2023-11-30 15:18:09,120] Trial 138 finished with value: 0.7921209335327148 and parameters: {'gradient_clip_val': 0.40318359015985794, 'hidden_size': 123, 'dropout': 0.22133719222772144, 'hidden_continuous_size': 29, 'attention_head_size': 2, 'learning_rate': 0.002528627127702004}. Best is trial 29 with value: 0.7182834148406982.
LOCAL_RANK: 0 - CUDA_VISIBLE_DEVICES: [0]
[I 2023-11-30 15:18:23,870] Trial 139 finished with value: 0.9484210014343262 and parameters: {'gradient_clip_val': 0.45877815724254856, 'hidden_size': 135, 'dropout': 0.2812820871521519, 'hidden_continuous_size': 28, 'attention_head_size': 2, 'learning_rate': 0.0037172798852264212}. Best is trial 29 with value: 0.7182834148406982.
LOCAL_RANK: 0 - CUDA_VISIBLE_DEVICES: [0]
[I 2023-11-30 15:18:38,473] Trial 140 finished with value: 0.8174945712089539 and parameters: {'gradient_clip_val': 0.3819899725864877, 'hidden_size': 119, 'dropout': 0.2148713503419239, 'hidden_continuous_size': 22, 'attention_head_size': 2, 'learning_rate': 0.012573466747053076}. Best is trial 29 with value: 0.7182834148406982.
LOCAL_RANK: 0 - CUDA_VISIBLE_DEVICES: [0]
[I 2023-11-30 15:18:53,613] Trial 141 finished with value: 0.9472702145576477 and parameters: {'gradient_clip_val': 0.3687994040978972, 'hidden_size': 150, 'dropout': 0.19563809073595792, 'hidden_continuous_size': 26, 'attention_head_size': 2, 'learning_rate': 0.003120860005543132}. Best is trial 29 with value: 0.7182834148406982.
LOCAL_RANK: 0 - CUDA_VISIBLE_DEVICES: [0]
[I 2023-11-30 15:19:08,669] Trial 142 finished with value: 0.8111055493354797 and parameters: {'gradient_clip_val': 0.34777656638211685, 'hidden_size': 146, 'dropout': 0.18173693428744161, 'hidden_continuous_size': 25, 'attention_head_size': 2, 'learning_rate': 0.002837818148245307}. Best is trial 29 with value: 0.7182834148406982.
LOCAL_RANK: 0 - CUDA_VISIBLE_DEVICES: [0]
[I 2023-11-30 15:19:23,325] Trial 143 finished with value: 0.7464483380317688 and parameters: {'gradient_clip_val': 0.7586276587135582, 'hidden_size': 141, 'dropout': 0.2103632650550841, 'hidden_continuous_size': 23, 'attention_head_size': 2, 'learning_rate': 0.0034998216260384947}. Best is trial 29 with value: 0.7182834148406982.
LOCAL_RANK: 0 - CUDA_VISIBLE_DEVICES: [0]
[I 2023-11-30 15:19:39,075] Trial 144 finished with value: 0.7666401863098145 and parameters: {'gradient_clip_val': 0.384550381536812, 'hidden_size': 126, 'dropout': 0.24362858374635155, 'hidden_continuous_size': 30, 'attention_head_size': 2, 'learning_rate': 0.004095735941900619}. Best is trial 29 with value: 0.7182834148406982.
LOCAL_RANK: 0 - CUDA_VISIBLE_DEVICES: [0]
[I 2023-11-30 15:19:54,248] Trial 145 finished with value: 0.7369813323020935 and parameters: {'gradient_clip_val': 0.4127050099119801, 'hidden_size': 129, 'dropout': 0.2638950980203872, 'hidden_continuous_size': 26, 'attention_head_size': 2, 'learning_rate': 0.003306857934405843}. Best is trial 29 with value: 0.7182834148406982.
LOCAL_RANK: 0 - CUDA_VISIBLE_DEVICES: [0]
[I 2023-11-30 15:20:09,822] Trial 146 finished with value: 0.9571618437767029 and parameters: {'gradient_clip_val': 0.4426089992894218, 'hidden_size': 133, 'dropout': 0.2638853709421961, 'hidden_continuous_size': 37, 'attention_head_size': 2, 'learning_rate': 0.005077441042435776}. Best is trial 29 with value: 0.7182834148406982.
LOCAL_RANK: 0 - CUDA_VISIBLE_DEVICES: [0]
[I 2023-11-30 15:20:24,808] Trial 147 finished with value: 0.7828018069267273 and parameters: {'gradient_clip_val': 0.42508570485479064, 'hidden_size': 118, 'dropout': 0.25249606816028997, 'hidden_continuous_size': 35, 'attention_head_size': 2, 'learning_rate': 0.002620629992884725}. Best is trial 29 with value: 0.7182834148406982.
LOCAL_RANK: 0 - CUDA_VISIBLE_DEVICES: [0]
[I 2023-11-30 15:20:40,057] Trial 148 finished with value: 0.8398189544677734 and parameters: {'gradient_clip_val': 0.47796412084837087, 'hidden_size': 109, 'dropout': 0.273110923393963, 'hidden_continuous_size': 28, 'attention_head_size': 2, 'learning_rate': 0.004397252480895418}. Best is trial 29 with value: 0.7182834148406982.
LOCAL_RANK: 0 - CUDA_VISIBLE_DEVICES: [0]
