[I 2023-11-30 00:45:35,747] Trial 69 finished with value: 0.06384287029504776 and parameters: {'gradient_clip_val': 0.28325806450070506, 'hidden_size': 38, 'dropout': 0.11248739082669756, 'hidden_continuous_size': 27, 'attention_head_size': 4, 'learning_rate': 0.0369095611764522}. Best is trial 69 with value: 0.06384287029504776.
LOCAL_RANK: 0 - CUDA_VISIBLE_DEVICES: [0]
[I 2023-11-30 00:45:48,318] Trial 70 finished with value: 0.11840569972991943 and parameters: {'gradient_clip_val': 0.2762995777130623, 'hidden_size': 30, 'dropout': 0.11887886403090965, 'hidden_continuous_size': 27, 'attention_head_size': 3, 'learning_rate': 0.023514518525774422}. Best is trial 69 with value: 0.06384287029504776.
LOCAL_RANK: 0 - CUDA_VISIBLE_DEVICES: [0]
[I 2023-11-30 00:46:01,048] Trial 71 finished with value: 0.14096133410930634 and parameters: {'gradient_clip_val': 0.20770733789289741, 'hidden_size': 37, 'dropout': 0.10942682170243583, 'hidden_continuous_size': 28, 'attention_head_size': 4, 'learning_rate': 0.039176575735554144}. Best is trial 69 with value: 0.06384287029504776.
LOCAL_RANK: 0 - CUDA_VISIBLE_DEVICES: [0]
[I 2023-11-30 00:46:13,846] Trial 72 finished with value: 0.1826910525560379 and parameters: {'gradient_clip_val': 0.23456428037414961, 'hidden_size': 44, 'dropout': 0.12890261845381354, 'hidden_continuous_size': 25, 'attention_head_size': 4, 'learning_rate': 0.04470753809240424}. Best is trial 69 with value: 0.06384287029504776.
LOCAL_RANK: 0 - CUDA_VISIBLE_DEVICES: [0]
[I 2023-11-30 00:46:26,703] Trial 73 finished with value: 0.20442776381969452 and parameters: {'gradient_clip_val': 0.29291474141803786, 'hidden_size': 39, 'dropout': 0.10933958764304474, 'hidden_continuous_size': 29, 'attention_head_size': 4, 'learning_rate': 0.05694198005603055}. Best is trial 69 with value: 0.06384287029504776.
LOCAL_RANK: 0 - CUDA_VISIBLE_DEVICES: [0]
[I 2023-11-30 00:46:39,734] Trial 74 finished with value: 0.1134854182600975 and parameters: {'gradient_clip_val': 0.1967623199121756, 'hidden_size': 34, 'dropout': 0.13378757386725698, 'hidden_continuous_size': 26, 'attention_head_size': 4, 'learning_rate': 0.03644118337321284}. Best is trial 69 with value: 0.06384287029504776.
LOCAL_RANK: 0 - CUDA_VISIBLE_DEVICES: [0]
[I 2023-11-30 00:46:52,816] Trial 75 finished with value: 0.06931667774915695 and parameters: {'gradient_clip_val': 0.215663522471383, 'hidden_size': 51, 'dropout': 0.10039826133793604, 'hidden_continuous_size': 24, 'attention_head_size': 4, 'learning_rate': 0.029942637100381586}. Best is trial 69 with value: 0.06384287029504776.
LOCAL_RANK: 0 - CUDA_VISIBLE_DEVICES: [0]
[I 2023-11-30 00:47:06,099] Trial 76 finished with value: 0.09250373393297195 and parameters: {'gradient_clip_val': 0.18904291202269555, 'hidden_size': 53, 'dropout': 0.12292353677569484, 'hidden_continuous_size': 24, 'attention_head_size': 4, 'learning_rate': 0.030437657793213068}. Best is trial 69 with value: 0.06384287029504776.
LOCAL_RANK: 0 - CUDA_VISIBLE_DEVICES: [0]
[I 2023-11-30 00:47:19,133] Trial 77 finished with value: 0.2337396889925003 and parameters: {'gradient_clip_val': 0.26178344585449875, 'hidden_size': 49, 'dropout': 0.10004701505823965, 'hidden_continuous_size': 31, 'attention_head_size': 4, 'learning_rate': 0.018099621908961045}. Best is trial 69 with value: 0.06384287029504776.
LOCAL_RANK: 0 - CUDA_VISIBLE_DEVICES: [0]
[I 2023-11-30 00:47:32,605] Trial 78 finished with value: 0.09041101485490799 and parameters: {'gradient_clip_val': 0.31639005767916273, 'hidden_size': 59, 'dropout': 0.1154600701439989, 'hidden_continuous_size': 33, 'attention_head_size': 4, 'learning_rate': 0.02328756059478687}. Best is trial 69 with value: 0.06384287029504776.
LOCAL_RANK: 0 - CUDA_VISIBLE_DEVICES: [0]
[I 2023-11-30 00:47:46,078] Trial 79 finished with value: 0.11474442481994629 and parameters: {'gradient_clip_val': 0.21268753398896342, 'hidden_size': 63, 'dropout': 0.13689420647805722, 'hidden_continuous_size': 23, 'attention_head_size': 4, 'learning_rate': 0.02464723527938344}. Best is trial 69 with value: 0.06384287029504776.
LOCAL_RANK: 0 - CUDA_VISIBLE_DEVICES: [0]
[I 2023-11-30 00:47:59,240] Trial 80 finished with value: 0.16429339349269867 and parameters: {'gradient_clip_val': 0.1777017419847421, 'hidden_size': 49, 'dropout': 0.11950275249540551, 'hidden_continuous_size': 29, 'attention_head_size': 2, 'learning_rate': 0.03561022968921973}. Best is trial 69 with value: 0.06384287029504776.
LOCAL_RANK: 0 - CUDA_VISIBLE_DEVICES: [0]
[I 2023-11-30 00:48:12,065] Trial 81 finished with value: 0.09971911460161209 and parameters: {'gradient_clip_val': 0.22664871058628902, 'hidden_size': 42, 'dropout': 0.10604188284971344, 'hidden_continuous_size': 28, 'attention_head_size': 4, 'learning_rate': 0.06573134148208383}. Best is trial 69 with value: 0.06384287029504776.
LOCAL_RANK: 0 - CUDA_VISIBLE_DEVICES: [0]
[I 2023-11-30 00:48:24,923] Trial 82 finished with value: 0.13017068803310394 and parameters: {'gradient_clip_val': 0.2442316551910575, 'hidden_size': 38, 'dropout': 0.11219225485244795, 'hidden_continuous_size': 27, 'attention_head_size': 4, 'learning_rate': 0.04829384994419431}. Best is trial 69 with value: 0.06384287029504776.
LOCAL_RANK: 0 - CUDA_VISIBLE_DEVICES: [0]
[I 2023-11-30 00:48:38,157] Trial 83 finished with value: 0.1162012442946434 and parameters: {'gradient_clip_val': 0.20286306172008606, 'hidden_size': 46, 'dropout': 0.12635192781600743, 'hidden_continuous_size': 26, 'attention_head_size': 4, 'learning_rate': 0.030695346048451918}. Best is trial 69 with value: 0.06384287029504776.
LOCAL_RANK: 0 - CUDA_VISIBLE_DEVICES: [0]
[I 2023-11-30 00:48:50,965] Trial 84 finished with value: 0.08990832418203354 and parameters: {'gradient_clip_val': 0.21813025304867142, 'hidden_size': 36, 'dropout': 0.10666454410669056, 'hidden_continuous_size': 24, 'attention_head_size': 4, 'learning_rate': 0.0552745462566503}. Best is trial 69 with value: 0.06384287029504776.
LOCAL_RANK: 0 - CUDA_VISIBLE_DEVICES: [0]
[I 2023-11-30 00:49:03,818] Trial 85 finished with value: 0.19618749618530273 and parameters: {'gradient_clip_val': 0.18384624443491465, 'hidden_size': 42, 'dropout': 0.15101711368427195, 'hidden_continuous_size': 30, 'attention_head_size': 4, 'learning_rate': 0.027901317408903416}. Best is trial 69 with value: 0.06384287029504776.
LOCAL_RANK: 0 - CUDA_VISIBLE_DEVICES: [0]
[I 2023-11-30 00:49:16,555] Trial 86 finished with value: 0.2755867540836334 and parameters: {'gradient_clip_val': 0.1667268222004772, 'hidden_size': 53, 'dropout': 0.11967495697130662, 'hidden_continuous_size': 22, 'attention_head_size': 1, 'learning_rate': 0.040667436930935094}. Best is trial 69 with value: 0.06384287029504776.
LOCAL_RANK: 0 - CUDA_VISIBLE_DEVICES: [0]
[I 2023-11-30 00:49:29,449] Trial 87 finished with value: 0.13557490706443787 and parameters: {'gradient_clip_val': 0.2331900175915743, 'hidden_size': 45, 'dropout': 0.10027865561067487, 'hidden_continuous_size': 25, 'attention_head_size': 4, 'learning_rate': 0.0457503223288737}. Best is trial 69 with value: 0.06384287029504776.
LOCAL_RANK: 0 - CUDA_VISIBLE_DEVICES: [0]
[I 2023-11-30 00:49:42,136] Trial 88 finished with value: 0.09124509245157242 and parameters: {'gradient_clip_val': 0.20424899930005427, 'hidden_size': 33, 'dropout': 0.13542808583831495, 'hidden_continuous_size': 27, 'attention_head_size': 3, 'learning_rate': 0.03737235685901345}. Best is trial 69 with value: 0.06384287029504776.
LOCAL_RANK: 0 - CUDA_VISIBLE_DEVICES: [0]
[I 2023-11-30 00:49:55,758] Trial 89 finished with value: 0.1354682445526123 and parameters: {'gradient_clip_val': 0.21983129077591237, 'hidden_size': 67, 'dropout': 0.11442354143164558, 'hidden_continuous_size': 21, 'attention_head_size': 4, 'learning_rate': 0.02046649011331731}. Best is trial 69 with value: 0.06384287029504776.
LOCAL_RANK: 0 - CUDA_VISIBLE_DEVICES: [0]
[I 2023-11-30 00:50:09,221] Trial 90 finished with value: 0.07396641373634338 and parameters: {'gradient_clip_val': 0.2784776537397262, 'hidden_size': 57, 'dropout': 0.1466034226964254, 'hidden_continuous_size': 33, 'attention_head_size': 4, 'learning_rate': 0.06400271109344308}. Best is trial 69 with value: 0.06384287029504776.
LOCAL_RANK: 0 - CUDA_VISIBLE_DEVICES: [0]
[I 2023-11-30 00:50:22,583] Trial 91 finished with value: 0.1879109889268875 and parameters: {'gradient_clip_val': 0.24466874348468268, 'hidden_size': 58, 'dropout': 0.12950279907220316, 'hidden_continuous_size': 32, 'attention_head_size': 4, 'learning_rate': 0.06185673636443341}. Best is trial 69 with value: 0.06384287029504776.
LOCAL_RANK: 0 - CUDA_VISIBLE_DEVICES: [0]
[I 2023-11-30 00:50:35,632] Trial 92 finished with value: 0.09212815016508102 and parameters: {'gradient_clip_val': 0.27301039196882154, 'hidden_size': 50, 'dropout': 0.12247721756717493, 'hidden_continuous_size': 30, 'attention_head_size': 4, 'learning_rate': 0.07157466458991336}. Best is trial 69 with value: 0.06384287029504776.
LOCAL_RANK: 0 - CUDA_VISIBLE_DEVICES: [0]
[I 2023-11-30 00:50:48,760] Trial 93 finished with value: 0.09383422136306763 and parameters: {'gradient_clip_val': 0.19285986500241872, 'hidden_size': 39, 'dropout': 0.10694408972340727, 'hidden_continuous_size': 28, 'attention_head_size': 4, 'learning_rate': 0.05479773539397736}. Best is trial 69 with value: 0.06384287029504776.
LOCAL_RANK: 0 - CUDA_VISIBLE_DEVICES: [0]
[I 2023-11-30 00:51:02,088] Trial 94 finished with value: 0.10763061046600342 and parameters: {'gradient_clip_val': 0.2823160887933447, 'hidden_size': 56, 'dropout': 0.14789858304833006, 'hidden_continuous_size': 34, 'attention_head_size': 4, 'learning_rate': 0.08567378016636337}. Best is trial 69 with value: 0.06384287029504776.
LOCAL_RANK: 0 - CUDA_VISIBLE_DEVICES: [0]
[I 2023-11-30 00:51:15,125] Trial 95 finished with value: 0.10337849706411362 and parameters: {'gradient_clip_val': 0.2592452240811079, 'hidden_size': 47, 'dropout': 0.14093352057140313, 'hidden_continuous_size': 25, 'attention_head_size': 4, 'learning_rate': 0.033636351872340174}. Best is trial 69 with value: 0.06384287029504776.
LOCAL_RANK: 0 - CUDA_VISIBLE_DEVICES: [0]
[I 2023-11-30 00:51:28,552] Trial 96 finished with value: 0.1472502201795578 and parameters: {'gradient_clip_val': 0.2143613680862133, 'hidden_size': 62, 'dropout': 0.11348118199136174, 'hidden_continuous_size': 36, 'attention_head_size': 4, 'learning_rate': 0.04330902087676683}. Best is trial 69 with value: 0.06384287029504776.
LOCAL_RANK: 0 - CUDA_VISIBLE_DEVICES: [0]
[I 2023-11-30 00:51:41,469] Trial 97 finished with value: 0.0938846692442894 and parameters: {'gradient_clip_val': 0.2484017680638975, 'hidden_size': 43, 'dropout': 0.13046518499154086, 'hidden_continuous_size': 26, 'attention_head_size': 4, 'learning_rate': 0.06311961652895015}. Best is trial 69 with value: 0.06384287029504776.
LOCAL_RANK: 0 - CUDA_VISIBLE_DEVICES: [0]
[I 2023-11-30 00:51:54,469] Trial 98 finished with value: 0.14646531641483307 and parameters: {'gradient_clip_val': 0.23414005999914048, 'hidden_size': 35, 'dropout': 0.10612732744800381, 'hidden_continuous_size': 27, 'attention_head_size': 4, 'learning_rate': 0.09975877829555314}. Best is trial 69 with value: 0.06384287029504776.
LOCAL_RANK: 0 - CUDA_VISIBLE_DEVICES: [0]
[I 2023-11-30 00:52:07,767] Trial 99 finished with value: 0.11506497114896774 and parameters: {'gradient_clip_val': 0.17615034730573953, 'hidden_size': 53, 'dropout': 0.1228591094419527, 'hidden_continuous_size': 33, 'attention_head_size': 4, 'learning_rate': 0.04953568637674154}. Best is trial 69 with value: 0.06384287029504776.
LOCAL_RANK: 0 - CUDA_VISIBLE_DEVICES: [0]
[I 2023-11-30 00:52:21,280] Trial 100 finished with value: 0.11003492027521133 and parameters: {'gradient_clip_val': 0.20567813945232707, 'hidden_size': 69, 'dropout': 0.1177489684735503, 'hidden_continuous_size': 31, 'attention_head_size': 4, 'learning_rate': 0.08014516397200143}. Best is trial 69 with value: 0.06384287029504776.
LOCAL_RANK: 0 - CUDA_VISIBLE_DEVICES: [0]
[I 2023-11-30 00:52:34,105] Trial 101 finished with value: 0.239787295460701 and parameters: {'gradient_clip_val': 0.18307441395916768, 'hidden_size': 41, 'dropout': 0.10558722895295877, 'hidden_continuous_size': 29, 'attention_head_size': 4, 'learning_rate': 0.025524394079108618}. Best is trial 69 with value: 0.06384287029504776.
LOCAL_RANK: 0 - CUDA_VISIBLE_DEVICES: [0]
[I 2023-11-30 00:52:47,196] Trial 102 finished with value: 0.21007663011550903 and parameters: {'gradient_clip_val': 0.16001553208170857, 'hidden_size': 51, 'dropout': 0.10092278589677547, 'hidden_continuous_size': 30, 'attention_head_size': 4, 'learning_rate': 0.029099681742392764}. Best is trial 69 with value: 0.06384287029504776.
LOCAL_RANK: 0 - CUDA_VISIBLE_DEVICES: [0]
[I 2023-11-30 00:53:00,750] Trial 103 finished with value: 0.09784992784261703 and parameters: {'gradient_clip_val': 0.18699320704775224, 'hidden_size': 61, 'dropout': 0.11283126903064963, 'hidden_continuous_size': 35, 'attention_head_size': 4, 'learning_rate': 0.03668285534638078}. Best is trial 69 with value: 0.06384287029504776.
LOCAL_RANK: 0 - CUDA_VISIBLE_DEVICES: [0]
[I 2023-11-30 00:53:13,904] Trial 104 finished with value: 0.11451820284128189 and parameters: {'gradient_clip_val': 0.19866466730025129, 'hidden_size': 56, 'dropout': 0.12608517704256106, 'hidden_continuous_size': 32, 'attention_head_size': 4, 'learning_rate': 0.03287697021073439}. Best is trial 69 with value: 0.06384287029504776.
LOCAL_RANK: 0 - CUDA_VISIBLE_DEVICES: [0]
[I 2023-11-30 00:53:26,893] Trial 105 finished with value: 0.09128540009260178 and parameters: {'gradient_clip_val': 0.17331522061491772, 'hidden_size': 45, 'dropout': 0.1345838740527896, 'hidden_continuous_size': 28, 'attention_head_size': 4, 'learning_rate': 0.05806953394304228}. Best is trial 69 with value: 0.06384287029504776.
LOCAL_RANK: 0 - CUDA_VISIBLE_DEVICES: [0]
[I 2023-11-30 00:53:39,908] Trial 106 finished with value: 0.13529783487319946 and parameters: {'gradient_clip_val': 0.22559621405517427, 'hidden_size': 49, 'dropout': 0.11075957138367555, 'hidden_continuous_size': 24, 'attention_head_size': 4, 'learning_rate': 0.07218091558007661}. Best is trial 69 with value: 0.06384287029504776.
LOCAL_RANK: 0 - CUDA_VISIBLE_DEVICES: [0]
[I 2023-11-30 00:53:53,159] Trial 107 finished with value: 0.1282569020986557 and parameters: {'gradient_clip_val': 0.19357267748310295, 'hidden_size': 37, 'dropout': 0.1170758130649923, 'hidden_continuous_size': 29, 'attention_head_size': 3, 'learning_rate': 0.03996054433108238}. Best is trial 69 with value: 0.06384287029504776.
LOCAL_RANK: 0 - CUDA_VISIBLE_DEVICES: [0]
[I 2023-11-30 00:54:06,891] Trial 108 finished with value: 0.16246961057186127 and parameters: {'gradient_clip_val': 0.2162847965683999, 'hidden_size': 74, 'dropout': 0.10537032592268734, 'hidden_continuous_size': 33, 'attention_head_size': 4, 'learning_rate': 0.04590584404022087}. Best is trial 69 with value: 0.06384287029504776.
LOCAL_RANK: 0 - CUDA_VISIBLE_DEVICES: [0]
[I 2023-11-30 00:54:19,752] Trial 109 finished with value: 0.11101803183555603 and parameters: {'gradient_clip_val': 0.2567426020615435, 'hidden_size': 39, 'dropout': 0.13962295315374332, 'hidden_continuous_size': 28, 'attention_head_size': 4, 'learning_rate': 0.02627726528863482}. Best is trial 69 with value: 0.06384287029504776.
LOCAL_RANK: 0 - CUDA_VISIBLE_DEVICES: [0]
[I 2023-11-30 00:54:33,239] Trial 110 finished with value: 0.12542109191417694 and parameters: {'gradient_clip_val': 0.20433314131476643, 'hidden_size': 65, 'dropout': 0.12275091152670867, 'hidden_continuous_size': 23, 'attention_head_size': 4, 'learning_rate': 0.0502746869254448}. Best is trial 69 with value: 0.06384287029504776.
LOCAL_RANK: 0 - CUDA_VISIBLE_DEVICES: [0]
[I 2023-11-30 00:54:45,906] Trial 111 finished with value: 0.18410539627075195 and parameters: {'gradient_clip_val': 0.22067763251260236, 'hidden_size': 36, 'dropout': 0.10750707960760293, 'hidden_continuous_size': 26, 'attention_head_size': 4, 'learning_rate': 0.054976512807359636}. Best is trial 69 with value: 0.06384287029504776.
LOCAL_RANK: 0 - CUDA_VISIBLE_DEVICES: [0]
[I 2023-11-30 00:54:58,802] Trial 112 finished with value: 0.128384530544281 and parameters: {'gradient_clip_val': 0.23992701635668626, 'hidden_size': 32, 'dropout': 0.10115585732363036, 'hidden_continuous_size': 27, 'attention_head_size': 4, 'learning_rate': 0.06979303997078869}. Best is trial 69 with value: 0.06384287029504776.
LOCAL_RANK: 0 - CUDA_VISIBLE_DEVICES: [0]
[I 2023-11-30 00:55:11,792] Trial 113 finished with value: 0.13087953627109528 and parameters: {'gradient_clip_val': 0.2163086840099966, 'hidden_size': 43, 'dropout': 0.11569437962132975, 'hidden_continuous_size': 24, 'attention_head_size': 4, 'learning_rate': 0.054108280801808864}. Best is trial 69 with value: 0.06384287029504776.
LOCAL_RANK: 0 - CUDA_VISIBLE_DEVICES: [0]
[I 2023-11-30 00:55:24,736] Trial 114 finished with value: 0.08141282945871353 and parameters: {'gradient_clip_val': 0.18935220321492938, 'hidden_size': 37, 'dropout': 0.10934749280241368, 'hidden_continuous_size': 26, 'attention_head_size': 4, 'learning_rate': 0.04242393681501439}. Best is trial 69 with value: 0.06384287029504776.
LOCAL_RANK: 0 - CUDA_VISIBLE_DEVICES: [0]
[I 2023-11-30 00:55:37,666] Trial 115 finished with value: 0.10200369358062744 and parameters: {'gradient_clip_val': 0.18754071905331, 'hidden_size': 41, 'dropout': 0.1292284583041579, 'hidden_continuous_size': 25, 'attention_head_size': 4, 'learning_rate': 0.033952295955489896}. Best is trial 69 with value: 0.06384287029504776.
LOCAL_RANK: 0 - CUDA_VISIBLE_DEVICES: [0]
[I 2023-11-30 00:55:50,697] Trial 116 finished with value: 0.15159370005130768 and parameters: {'gradient_clip_val': 0.16824792506379957, 'hidden_size': 47, 'dropout': 0.11403978453084913, 'hidden_continuous_size': 26, 'attention_head_size': 4, 'learning_rate': 0.04148423429249082}. Best is trial 69 with value: 0.06384287029504776.
LOCAL_RANK: 0 - CUDA_VISIBLE_DEVICES: [0]
[I 2023-11-30 00:56:03,727] Trial 117 finished with value: 0.16882121562957764 and parameters: {'gradient_clip_val': 0.19484107196609307, 'hidden_size': 38, 'dropout': 0.14691281727966674, 'hidden_continuous_size': 29, 'attention_head_size': 4, 'learning_rate': 0.029521553535279625}. Best is trial 69 with value: 0.06384287029504776.
LOCAL_RANK: 0 - CUDA_VISIBLE_DEVICES: [0]
[I 2023-11-30 00:56:16,557] Trial 118 finished with value: 0.14676353335380554 and parameters: {'gradient_clip_val': 0.20847325058307462, 'hidden_size': 34, 'dropout': 0.10014046950902719, 'hidden_continuous_size': 27, 'attention_head_size': 4, 'learning_rate': 0.037578292218084446}. Best is trial 69 with value: 0.06384287029504776.
LOCAL_RANK: 0 - CUDA_VISIBLE_DEVICES: [0]
[I 2023-11-30 00:56:29,884] Trial 119 finished with value: 0.12098324298858643 and parameters: {'gradient_clip_val': 0.1480503933370248, 'hidden_size': 54, 'dropout': 0.12405846597686912, 'hidden_continuous_size': 31, 'attention_head_size': 4, 'learning_rate': 0.06495663600903208}. Best is trial 69 with value: 0.06384287029504776.
LOCAL_RANK: 0 - CUDA_VISIBLE_DEVICES: [0]
[I 2023-11-30 00:56:42,853] Trial 120 finished with value: 0.10405722260475159 and parameters: {'gradient_clip_val': 0.16332442466596922, 'hidden_size': 51, 'dropout': 0.1091084702060659, 'hidden_continuous_size': 25, 'attention_head_size': 2, 'learning_rate': 0.045567398939347005}. Best is trial 69 with value: 0.06384287029504776.
LOCAL_RANK: 0 - CUDA_VISIBLE_DEVICES: [0]
[I 2023-11-30 00:56:55,507] Trial 121 finished with value: 0.11278638988733292 and parameters: {'gradient_clip_val': 0.17766046719965614, 'hidden_size': 36, 'dropout': 0.10686014191948921, 'hidden_continuous_size': 28, 'attention_head_size': 4, 'learning_rate': 0.05716195824737669}. Best is trial 69 with value: 0.06384287029504776.
LOCAL_RANK: 0 - CUDA_VISIBLE_DEVICES: [0]
[I 2023-11-30 00:57:08,558] Trial 122 finished with value: 0.0972355529665947 and parameters: {'gradient_clip_val': 0.2277791359765875, 'hidden_size': 44, 'dropout': 0.11760385771793413, 'hidden_continuous_size': 23, 'attention_head_size': 4, 'learning_rate': 0.03194393568734929}. Best is trial 69 with value: 0.06384287029504776.
LOCAL_RANK: 0 - CUDA_VISIBLE_DEVICES: [0]
[I 2023-11-30 00:57:21,212] Trial 123 finished with value: 0.10508042573928833 and parameters: {'gradient_clip_val': 0.19827945773820868, 'hidden_size': 40, 'dropout': 0.13242097459737112, 'hidden_continuous_size': 24, 'attention_head_size': 4, 'learning_rate': 0.05003889432381252}. Best is trial 69 with value: 0.06384287029504776.
LOCAL_RANK: 0 - CUDA_VISIBLE_DEVICES: [0]
[I 2023-11-30 00:57:34,096] Trial 124 finished with value: 0.12464252859354019 and parameters: {'gradient_clip_val': 0.2691861053661221, 'hidden_size': 31, 'dropout': 0.1105612883149182, 'hidden_continuous_size': 26, 'attention_head_size': 4, 'learning_rate': 0.042158368160453236}. Best is trial 69 with value: 0.06384287029504776.
LOCAL_RANK: 0 - CUDA_VISIBLE_DEVICES: [0]
[I 2023-11-30 00:57:47,023] Trial 125 finished with value: 0.08821608871221542 and parameters: {'gradient_clip_val': 0.20991953481567271, 'hidden_size': 37, 'dropout': 0.11957763377383676, 'hidden_continuous_size': 30, 'attention_head_size': 4, 'learning_rate': 0.0887092952207867}. Best is trial 69 with value: 0.06384287029504776.
LOCAL_RANK: 0 - CUDA_VISIBLE_DEVICES: [0]
[I 2023-11-30 00:58:00,499] Trial 126 finished with value: 0.11425036191940308 and parameters: {'gradient_clip_val': 0.1867174496044757, 'hidden_size': 60, 'dropout': 0.1218693912621781, 'hidden_continuous_size': 30, 'attention_head_size': 4, 'learning_rate': 0.08707778890759317}. Best is trial 69 with value: 0.06384287029504776.
LOCAL_RANK: 0 - CUDA_VISIBLE_DEVICES: [0]
