[I 2023-11-30 08:16:57,109] Trial 45 finished with value: 17.972675323486328 and parameters: {'gradient_clip_val': 0.2239120537094651, 'hidden_size': 27, 'dropout': 0.29871767648173353, 'hidden_continuous_size': 14, 'attention_head_size': 2, 'learning_rate': 0.054542972298004255}. Best is trial 12 with value: 13.89275074005127.
LOCAL_RANK: 0 - CUDA_VISIBLE_DEVICES: [0]
[I 2023-11-30 08:17:09,430] Trial 46 finished with value: 14.677860260009766 and parameters: {'gradient_clip_val': 0.1606114452700727, 'hidden_size': 23, 'dropout': 0.28551136103574226, 'hidden_continuous_size': 14, 'attention_head_size': 1, 'learning_rate': 0.03956867116212082}. Best is trial 12 with value: 13.89275074005127.
LOCAL_RANK: 0 - CUDA_VISIBLE_DEVICES: [0]
[I 2023-11-30 08:17:22,045] Trial 47 finished with value: 17.717018127441406 and parameters: {'gradient_clip_val': 0.11773934802321934, 'hidden_size': 40, 'dropout': 0.2736917241914312, 'hidden_continuous_size': 19, 'attention_head_size': 3, 'learning_rate': 0.019345426672410605}. Best is trial 12 with value: 13.89275074005127.
LOCAL_RANK: 0 - CUDA_VISIBLE_DEVICES: [0]
[I 2023-11-30 08:17:34,432] Trial 48 finished with value: 18.311071395874023 and parameters: {'gradient_clip_val': 0.13887845271168925, 'hidden_size': 17, 'dropout': 0.3047866000592999, 'hidden_continuous_size': 12, 'attention_head_size': 2, 'learning_rate': 0.04254210063603027}. Best is trial 12 with value: 13.89275074005127.
LOCAL_RANK: 0 - CUDA_VISIBLE_DEVICES: [0]
[I 2023-11-30 08:17:46,756] Trial 49 finished with value: 17.916912078857422 and parameters: {'gradient_clip_val': 0.10161771065647997, 'hidden_size': 32, 'dropout': 0.31799703881391195, 'hidden_continuous_size': 15, 'attention_head_size': 3, 'learning_rate': 0.05541744445617263}. Best is trial 12 with value: 13.89275074005127.
LOCAL_RANK: 0 - CUDA_VISIBLE_DEVICES: [0]
[I 2023-11-30 08:17:58,790] Trial 50 finished with value: 16.196561813354492 and parameters: {'gradient_clip_val': 0.1727242044457236, 'hidden_size': 27, 'dropout': 0.2374775924846264, 'hidden_continuous_size': 13, 'attention_head_size': 2, 'learning_rate': 0.026392068871364964}. Best is trial 12 with value: 13.89275074005127.
LOCAL_RANK: 0 - CUDA_VISIBLE_DEVICES: [0]
[I 2023-11-30 08:18:10,740] Trial 51 finished with value: 18.751270294189453 and parameters: {'gradient_clip_val': 0.19663513127508184, 'hidden_size': 24, 'dropout': 0.3044216556079976, 'hidden_continuous_size': 11, 'attention_head_size': 2, 'learning_rate': 0.03301429948872596}. Best is trial 12 with value: 13.89275074005127.
LOCAL_RANK: 0 - CUDA_VISIBLE_DEVICES: [0]
[I 2023-11-30 08:18:22,966] Trial 52 finished with value: 14.756585121154785 and parameters: {'gradient_clip_val': 0.13694822267924242, 'hidden_size': 22, 'dropout': 0.28140368068934635, 'hidden_continuous_size': 14, 'attention_head_size': 2, 'learning_rate': 0.04222416106668544}. Best is trial 12 with value: 13.89275074005127.
LOCAL_RANK: 0 - CUDA_VISIBLE_DEVICES: [0]
[I 2023-11-30 08:18:34,768] Trial 53 finished with value: 17.243650436401367 and parameters: {'gradient_clip_val': 0.11767965562062453, 'hidden_size': 24, 'dropout': 0.2678513734465167, 'hidden_continuous_size': 11, 'attention_head_size': 2, 'learning_rate': 0.07653287394213125}. Best is trial 12 with value: 13.89275074005127.
LOCAL_RANK: 0 - CUDA_VISIBLE_DEVICES: [0]
[I 2023-11-30 08:18:46,935] Trial 54 finished with value: 16.226518630981445 and parameters: {'gradient_clip_val': 0.186872735597874, 'hidden_size': 19, 'dropout': 0.3009098999829829, 'hidden_continuous_size': 12, 'attention_head_size': 2, 'learning_rate': 0.05849759894921007}. Best is trial 12 with value: 13.89275074005127.
LOCAL_RANK: 0 - CUDA_VISIBLE_DEVICES: [0]
[I 2023-11-30 08:18:59,138] Trial 55 finished with value: 14.450569152832031 and parameters: {'gradient_clip_val': 0.15640676411099352, 'hidden_size': 30, 'dropout': 0.3325275009010757, 'hidden_continuous_size': 11, 'attention_head_size': 2, 'learning_rate': 0.04915708867022464}. Best is trial 12 with value: 13.89275074005127.
LOCAL_RANK: 0 - CUDA_VISIBLE_DEVICES: [0]
[I 2023-11-30 08:19:11,728] Trial 56 finished with value: 20.28470230102539 and parameters: {'gradient_clip_val': 0.15335887417592273, 'hidden_size': 37, 'dropout': 0.3368244289124405, 'hidden_continuous_size': 13, 'attention_head_size': 3, 'learning_rate': 0.048179907448887296}. Best is trial 12 with value: 13.89275074005127.
LOCAL_RANK: 0 - CUDA_VISIBLE_DEVICES: [0]
[I 2023-11-30 08:19:24,303] Trial 57 finished with value: 18.414411544799805 and parameters: {'gradient_clip_val': 0.12746781347635405, 'hidden_size': 29, 'dropout': 0.32105212605990213, 'hidden_continuous_size': 16, 'attention_head_size': 2, 'learning_rate': 0.03623709624652608}. Best is trial 12 with value: 13.89275074005127.
LOCAL_RANK: 0 - CUDA_VISIBLE_DEVICES: [0]
[I 2023-11-30 08:19:36,158] Trial 58 finished with value: 15.671046257019043 and parameters: {'gradient_clip_val': 0.10712872247219961, 'hidden_size': 32, 'dropout': 0.3454200259743475, 'hidden_continuous_size': 12, 'attention_head_size': 1, 'learning_rate': 0.031340414519518515}. Best is trial 12 with value: 13.89275074005127.
LOCAL_RANK: 0 - CUDA_VISIBLE_DEVICES: [0]
[I 2023-11-30 08:19:48,581] Trial 59 finished with value: 16.003089904785156 and parameters: {'gradient_clip_val': 0.14129566417219233, 'hidden_size': 44, 'dropout': 0.2844524123246332, 'hidden_continuous_size': 10, 'attention_head_size': 2, 'learning_rate': 0.056665918223270884}. Best is trial 12 with value: 13.89275074005127.
LOCAL_RANK: 0 - CUDA_VISIBLE_DEVICES: [0]
[I 2023-11-30 08:20:01,141] Trial 60 finished with value: 12.10546588897705 and parameters: {'gradient_clip_val': 0.16455301765184865, 'hidden_size': 35, 'dropout': 0.32948086212802535, 'hidden_continuous_size': 11, 'attention_head_size': 3, 'learning_rate': 0.02574581380077412}. Best is trial 60 with value: 12.10546588897705.
LOCAL_RANK: 0 - CUDA_VISIBLE_DEVICES: [0]
[I 2023-11-30 08:20:13,613] Trial 61 finished with value: 12.694038391113281 and parameters: {'gradient_clip_val': 0.1626107899699684, 'hidden_size': 36, 'dropout': 0.3114651328881627, 'hidden_continuous_size': 11, 'attention_head_size': 3, 'learning_rate': 0.04383325201472491}. Best is trial 60 with value: 12.10546588897705.
LOCAL_RANK: 0 - CUDA_VISIBLE_DEVICES: [0]
[I 2023-11-30 08:20:26,136] Trial 62 finished with value: 16.730466842651367 and parameters: {'gradient_clip_val': 0.17326176650913497, 'hidden_size': 37, 'dropout': 0.31421898633998985, 'hidden_continuous_size': 10, 'attention_head_size': 3, 'learning_rate': 0.02736077250498747}. Best is trial 60 with value: 12.10546588897705.
LOCAL_RANK: 0 - CUDA_VISIBLE_DEVICES: [0]
[I 2023-11-30 08:20:38,960] Trial 63 finished with value: 15.832959175109863 and parameters: {'gradient_clip_val': 0.12401385390818484, 'hidden_size': 33, 'dropout': 0.29700479505583255, 'hidden_continuous_size': 12, 'attention_head_size': 3, 'learning_rate': 0.04050216113001906}. Best is trial 60 with value: 12.10546588897705.
LOCAL_RANK: 0 - CUDA_VISIBLE_DEVICES: [0]
[I 2023-11-30 08:20:51,867] Trial 64 finished with value: 19.347883224487305 and parameters: {'gradient_clip_val': 0.1312564987207015, 'hidden_size': 49, 'dropout': 0.3216955072393169, 'hidden_continuous_size': 23, 'attention_head_size': 3, 'learning_rate': 0.024935474835321995}. Best is trial 60 with value: 12.10546588897705.
LOCAL_RANK: 0 - CUDA_VISIBLE_DEVICES: [0]
[I 2023-11-30 08:21:04,486] Trial 65 finished with value: 19.725082397460938 and parameters: {'gradient_clip_val': 0.20788815210417427, 'hidden_size': 41, 'dropout': 0.31087837935694296, 'hidden_continuous_size': 11, 'attention_head_size': 3, 'learning_rate': 0.031647606623107234}. Best is trial 60 with value: 12.10546588897705.
LOCAL_RANK: 0 - CUDA_VISIBLE_DEVICES: [0]
[I 2023-11-30 08:21:17,071] Trial 66 finished with value: 15.52910327911377 and parameters: {'gradient_clip_val': 0.10883862469240307, 'hidden_size': 36, 'dropout': 0.29220302813585064, 'hidden_continuous_size': 12, 'attention_head_size': 4, 'learning_rate': 0.019128908000851312}. Best is trial 60 with value: 12.10546588897705.
LOCAL_RANK: 0 - CUDA_VISIBLE_DEVICES: [0]
[I 2023-11-30 08:21:29,609] Trial 67 finished with value: 15.851534843444824 and parameters: {'gradient_clip_val': 0.16501632161025806, 'hidden_size': 26, 'dropout': 0.3254246982975533, 'hidden_continuous_size': 10, 'attention_head_size': 3, 'learning_rate': 0.020813126315909123}. Best is trial 60 with value: 12.10546588897705.
LOCAL_RANK: 0 - CUDA_VISIBLE_DEVICES: [0]
[I 2023-11-30 08:21:42,025] Trial 68 finished with value: 11.643933296203613 and parameters: {'gradient_clip_val': 0.14720198308158725, 'hidden_size': 34, 'dropout': 0.26553807990312095, 'hidden_continuous_size': 11, 'attention_head_size': 3, 'learning_rate': 0.03408080024297068}. Best is trial 68 with value: 11.643933296203613.
LOCAL_RANK: 0 - CUDA_VISIBLE_DEVICES: [0]
[I 2023-11-30 08:21:54,793] Trial 69 finished with value: 15.287884712219238 and parameters: {'gradient_clip_val': 0.18168868679350653, 'hidden_size': 42, 'dropout': 0.2624476117155041, 'hidden_continuous_size': 11, 'attention_head_size': 3, 'learning_rate': 0.03382208114080105}. Best is trial 68 with value: 11.643933296203613.
LOCAL_RANK: 0 - CUDA_VISIBLE_DEVICES: [0]
[I 2023-11-30 08:22:07,697] Trial 70 finished with value: 15.820158958435059 and parameters: {'gradient_clip_val': 0.14807183732140677, 'hidden_size': 35, 'dropout': 0.2760950960575086, 'hidden_continuous_size': 10, 'attention_head_size': 4, 'learning_rate': 0.04428681117732722}. Best is trial 68 with value: 11.643933296203613.
LOCAL_RANK: 0 - CUDA_VISIBLE_DEVICES: [0]
[I 2023-11-30 08:22:20,281] Trial 71 finished with value: 16.957904815673828 and parameters: {'gradient_clip_val': 0.13701185524160397, 'hidden_size': 28, 'dropout': 0.28732518780132454, 'hidden_continuous_size': 13, 'attention_head_size': 3, 'learning_rate': 0.026068711350832687}. Best is trial 68 with value: 11.643933296203613.
LOCAL_RANK: 0 - CUDA_VISIBLE_DEVICES: [0]
[I 2023-11-30 08:22:32,410] Trial 72 finished with value: 18.034170150756836 and parameters: {'gradient_clip_val': 0.16307072541938206, 'hidden_size': 32, 'dropout': 0.29919963398263566, 'hidden_continuous_size': 11, 'attention_head_size': 3, 'learning_rate': 0.03791407845033017}. Best is trial 68 with value: 11.643933296203613.
LOCAL_RANK: 0 - CUDA_VISIBLE_DEVICES: [0]
[I 2023-11-30 08:22:45,019] Trial 73 finished with value: 16.169662475585938 and parameters: {'gradient_clip_val': 0.147188019758861, 'hidden_size': 38, 'dropout': 0.3072949776382721, 'hidden_continuous_size': 14, 'attention_head_size': 3, 'learning_rate': 0.03081868276444097}. Best is trial 68 with value: 11.643933296203613.
LOCAL_RANK: 0 - CUDA_VISIBLE_DEVICES: [0]
[I 2023-11-30 08:22:57,307] Trial 74 finished with value: 18.072649002075195 and parameters: {'gradient_clip_val': 0.11849101441201541, 'hidden_size': 29, 'dropout': 0.2834992034331727, 'hidden_continuous_size': 12, 'attention_head_size': 3, 'learning_rate': 0.04697134634238175}. Best is trial 68 with value: 11.643933296203613.
LOCAL_RANK: 0 - CUDA_VISIBLE_DEVICES: [0]
[I 2023-11-30 08:23:09,705] Trial 75 finished with value: 15.787311553955078 and parameters: {'gradient_clip_val': 0.10018882001748286, 'hidden_size': 34, 'dropout': 0.2709469061939284, 'hidden_continuous_size': 11, 'attention_head_size': 3, 'learning_rate': 0.016604005272645748}. Best is trial 68 with value: 11.643933296203613.
LOCAL_RANK: 0 - CUDA_VISIBLE_DEVICES: [0]
[I 2023-11-30 08:23:21,886] Trial 76 finished with value: 17.347970962524414 and parameters: {'gradient_clip_val': 0.1263007085765763, 'hidden_size': 26, 'dropout': 0.2588353404913144, 'hidden_continuous_size': 13, 'attention_head_size': 3, 'learning_rate': 0.022597550224046057}. Best is trial 68 with value: 11.643933296203613.
LOCAL_RANK: 0 - CUDA_VISIBLE_DEVICES: [0]
[I 2023-11-30 08:23:34,759] Trial 77 finished with value: 13.841414451599121 and parameters: {'gradient_clip_val': 0.11018107552001065, 'hidden_size': 39, 'dropout': 0.24698000147853, 'hidden_continuous_size': 10, 'attention_head_size': 3, 'learning_rate': 0.06239472261008562}. Best is trial 68 with value: 11.643933296203613.
LOCAL_RANK: 0 - CUDA_VISIBLE_DEVICES: [0]
[I 2023-11-30 08:23:47,226] Trial 78 finished with value: 15.813552856445312 and parameters: {'gradient_clip_val': 0.2185445119532393, 'hidden_size': 39, 'dropout': 0.24643708791269214, 'hidden_continuous_size': 10, 'attention_head_size': 3, 'learning_rate': 0.059340915920733144}. Best is trial 68 with value: 11.643933296203613.
LOCAL_RANK: 0 - CUDA_VISIBLE_DEVICES: [0]
[I 2023-11-30 08:24:00,159] Trial 79 finished with value: 14.904963493347168 and parameters: {'gradient_clip_val': 0.15550000724013216, 'hidden_size': 46, 'dropout': 0.22933777042673378, 'hidden_continuous_size': 10, 'attention_head_size': 3, 'learning_rate': 0.07828004833348426}. Best is trial 68 with value: 11.643933296203613.
LOCAL_RANK: 0 - CUDA_VISIBLE_DEVICES: [0]
[I 2023-11-30 08:24:13,011] Trial 80 finished with value: 18.15867042541504 and parameters: {'gradient_clip_val': 0.23958664369910865, 'hidden_size': 54, 'dropout': 0.2580183767203965, 'hidden_continuous_size': 10, 'attention_head_size': 3, 'learning_rate': 0.05098815448575339}. Best is trial 68 with value: 11.643933296203613.
LOCAL_RANK: 0 - CUDA_VISIBLE_DEVICES: [0]
[I 2023-11-30 08:24:25,831] Trial 81 finished with value: 14.9688081741333 and parameters: {'gradient_clip_val': 0.11039143701087097, 'hidden_size': 31, 'dropout': 0.2667180914654505, 'hidden_continuous_size': 16, 'attention_head_size': 3, 'learning_rate': 0.06640316120971348}. Best is trial 68 with value: 11.643933296203613.
LOCAL_RANK: 0 - CUDA_VISIBLE_DEVICES: [0]
[I 2023-11-30 08:24:38,570] Trial 82 finished with value: 18.01837158203125 and parameters: {'gradient_clip_val': 0.1336558307807471, 'hidden_size': 34, 'dropout': 0.3113864983715727, 'hidden_continuous_size': 11, 'attention_head_size': 2, 'learning_rate': 0.04178915131154373}. Best is trial 68 with value: 11.643933296203613.
LOCAL_RANK: 0 - CUDA_VISIBLE_DEVICES: [0]
[I 2023-11-30 08:24:51,440] Trial 83 finished with value: 17.616487503051758 and parameters: {'gradient_clip_val': 0.11378548593049985, 'hidden_size': 37, 'dropout': 0.2773769167012019, 'hidden_continuous_size': 12, 'attention_head_size': 4, 'learning_rate': 0.035391649350884145}. Best is trial 68 with value: 11.643933296203613.
LOCAL_RANK: 0 - CUDA_VISIBLE_DEVICES: [0]
[I 2023-11-30 08:25:03,766] Trial 84 finished with value: 14.159737586975098 and parameters: {'gradient_clip_val': 0.1430795224349101, 'hidden_size': 31, 'dropout': 0.290710801826533, 'hidden_continuous_size': 13, 'attention_head_size': 3, 'learning_rate': 0.02951415013271717}. Best is trial 68 with value: 11.643933296203613.
LOCAL_RANK: 0 - CUDA_VISIBLE_DEVICES: [0]
[I 2023-11-30 08:25:16,556] Trial 85 finished with value: 16.184228897094727 and parameters: {'gradient_clip_val': 0.14369380030803278, 'hidden_size': 43, 'dropout': 0.2470781757218547, 'hidden_continuous_size': 14, 'attention_head_size': 3, 'learning_rate': 0.02854251818585197}. Best is trial 68 with value: 11.643933296203613.
LOCAL_RANK: 0 - CUDA_VISIBLE_DEVICES: [0]
[I 2023-11-30 08:25:29,147] Trial 86 finished with value: 17.244497299194336 and parameters: {'gradient_clip_val': 0.17849009571404276, 'hidden_size': 30, 'dropout': 0.2921012308838354, 'hidden_continuous_size': 11, 'attention_head_size': 3, 'learning_rate': 0.0522568302950222}. Best is trial 68 with value: 11.643933296203613.
LOCAL_RANK: 0 - CUDA_VISIBLE_DEVICES: [0]
[I 2023-11-30 08:25:42,069] Trial 87 finished with value: 19.103010177612305 and parameters: {'gradient_clip_val': 0.16461540357596663, 'hidden_size': 39, 'dropout': 0.26974738338419063, 'hidden_continuous_size': 12, 'attention_head_size': 3, 'learning_rate': 0.038183295012680106}. Best is trial 68 with value: 11.643933296203613.
LOCAL_RANK: 0 - CUDA_VISIBLE_DEVICES: [0]
[I 2023-11-30 08:25:54,807] Trial 88 finished with value: 19.256460189819336 and parameters: {'gradient_clip_val': 0.12137965226282323, 'hidden_size': 35, 'dropout': 0.2872324594072841, 'hidden_continuous_size': 14, 'attention_head_size': 3, 'learning_rate': 0.04282624251658851}. Best is trial 68 with value: 11.643933296203613.
LOCAL_RANK: 0 - CUDA_VISIBLE_DEVICES: [0]
[I 2023-11-30 08:26:07,038] Trial 89 finished with value: 18.40018653869629 and parameters: {'gradient_clip_val': 0.14908430280626955, 'hidden_size': 28, 'dropout': 0.2553908259524417, 'hidden_continuous_size': 15, 'attention_head_size': 3, 'learning_rate': 0.06068520025844087}. Best is trial 68 with value: 11.643933296203613.
LOCAL_RANK: 0 - CUDA_VISIBLE_DEVICES: [0]
[I 2023-11-30 08:26:19,463] Trial 90 finished with value: 17.22661018371582 and parameters: {'gradient_clip_val': 0.18904218345216664, 'hidden_size': 32, 'dropout': 0.30167058280393144, 'hidden_continuous_size': 18, 'attention_head_size': 3, 'learning_rate': 0.03469730341396637}. Best is trial 68 with value: 11.643933296203613.
LOCAL_RANK: 0 - CUDA_VISIBLE_DEVICES: [0]
[I 2023-11-30 08:26:31,661] Trial 91 finished with value: 22.26338005065918 and parameters: {'gradient_clip_val': 0.10608528344613126, 'hidden_size': 25, 'dropout': 0.3153208433049016, 'hidden_continuous_size': 15, 'attention_head_size': 2, 'learning_rate': 0.024631804733117404}. Best is trial 68 with value: 11.643933296203613.
LOCAL_RANK: 0 - CUDA_VISIBLE_DEVICES: [0]
[I 2023-11-30 08:26:44,230] Trial 92 finished with value: 14.64764404296875 and parameters: {'gradient_clip_val': 0.13161324842632677, 'hidden_size': 30, 'dropout': 0.3277241712968865, 'hidden_continuous_size': 13, 'attention_head_size': 2, 'learning_rate': 0.029648181997326304}. Best is trial 68 with value: 11.643933296203613.
LOCAL_RANK: 0 - CUDA_VISIBLE_DEVICES: [0]
[I 2023-11-30 08:26:56,746] Trial 93 finished with value: 19.44517707824707 and parameters: {'gradient_clip_val': 0.11343726623301516, 'hidden_size': 33, 'dropout': 0.30647928914431183, 'hidden_continuous_size': 13, 'attention_head_size': 2, 'learning_rate': 0.04699239895722889}. Best is trial 68 with value: 11.643933296203613.
LOCAL_RANK: 0 - CUDA_VISIBLE_DEVICES: [0]
[I 2023-11-30 08:27:09,122] Trial 94 finished with value: 14.6892728805542 and parameters: {'gradient_clip_val': 0.14121626921926017, 'hidden_size': 27, 'dropout': 0.3219331244672144, 'hidden_continuous_size': 13, 'attention_head_size': 3, 'learning_rate': 0.03260256004912471}. Best is trial 68 with value: 11.643933296203613.
LOCAL_RANK: 0 - CUDA_VISIBLE_DEVICES: [0]
[I 2023-11-30 08:27:21,539] Trial 95 finished with value: 18.131668090820312 and parameters: {'gradient_clip_val': 0.1588724222192289, 'hidden_size': 39, 'dropout': 0.29856406928026874, 'hidden_continuous_size': 12, 'attention_head_size': 2, 'learning_rate': 0.04016626496609352}. Best is trial 68 with value: 11.643933296203613.
LOCAL_RANK: 0 - CUDA_VISIBLE_DEVICES: [0]
[I 2023-11-30 08:27:34,032] Trial 96 finished with value: 17.281118392944336 and parameters: {'gradient_clip_val': 0.12314418347699556, 'hidden_size': 41, 'dropout': 0.3361956534273164, 'hidden_continuous_size': 11, 'attention_head_size': 2, 'learning_rate': 0.021279924005036126}. Best is trial 68 with value: 11.643933296203613.
LOCAL_RANK: 0 - CUDA_VISIBLE_DEVICES: [0]
[I 2023-11-30 08:27:46,587] Trial 97 finished with value: 19.547855377197266 and parameters: {'gradient_clip_val': 0.1709331200965529, 'hidden_size': 35, 'dropout': 0.28125215668988895, 'hidden_continuous_size': 10, 'attention_head_size': 3, 'learning_rate': 0.028707291207278645}. Best is trial 68 with value: 11.643933296203613.
LOCAL_RANK: 0 - CUDA_VISIBLE_DEVICES: [0]
[I 2023-11-30 08:27:58,764] Trial 98 finished with value: 16.75218963623047 and parameters: {'gradient_clip_val': 0.10552874348008558, 'hidden_size': 23, 'dropout': 0.27383895545574444, 'hidden_continuous_size': 14, 'attention_head_size': 2, 'learning_rate': 0.024464105962102117}. Best is trial 68 with value: 11.643933296203613.
LOCAL_RANK: 0 - CUDA_VISIBLE_DEVICES: [0]
[I 2023-11-30 08:28:11,263] Trial 99 finished with value: 15.980000495910645 and parameters: {'gradient_clip_val': 0.13172550734461166, 'hidden_size': 31, 'dropout': 0.3168949015039259, 'hidden_continuous_size': 16, 'attention_head_size': 3, 'learning_rate': 0.050736881144139205}. Best is trial 68 with value: 11.643933296203613.
LOCAL_RANK: 0 - CUDA_VISIBLE_DEVICES: [0]
[I 2023-11-30 08:28:23,853] Trial 100 finished with value: 21.45442771911621 and parameters: {'gradient_clip_val': 0.15226280887255855, 'hidden_size': 37, 'dropout': 0.2947503423302506, 'hidden_continuous_size': 11, 'attention_head_size': 3, 'learning_rate': 0.04422008353326553}. Best is trial 68 with value: 11.643933296203613.
LOCAL_RANK: 0 - CUDA_VISIBLE_DEVICES: [0]
[I 2023-11-30 08:28:36,134] Trial 101 finished with value: 16.57086753845215 and parameters: {'gradient_clip_val': 0.15821868720958407, 'hidden_size': 29, 'dropout': 0.32611311837861306, 'hidden_continuous_size': 10, 'attention_head_size': 2, 'learning_rate': 0.05402834995294443}. Best is trial 68 with value: 11.643933296203613.
LOCAL_RANK: 0 - CUDA_VISIBLE_DEVICES: [0]
[I 2023-11-30 08:28:48,706] Trial 102 finished with value: 17.08753776550293 and parameters: {'gradient_clip_val': 0.1396932787849731, 'hidden_size': 33, 'dropout': 0.3315557383851209, 'hidden_continuous_size': 12, 'attention_head_size': 2, 'learning_rate': 0.0365700449944208}. Best is trial 68 with value: 11.643933296203613.
LOCAL_RANK: 0 - CUDA_VISIBLE_DEVICES: [0]
[I 2023-11-30 08:29:01,172] Trial 103 finished with value: 15.391581535339355 and parameters: {'gradient_clip_val': 0.17535223991226126, 'hidden_size': 31, 'dropout': 0.3095807068130829, 'hidden_continuous_size': 11, 'attention_head_size': 2, 'learning_rate': 0.027390439066636508}. Best is trial 68 with value: 11.643933296203613.
LOCAL_RANK: 0 - CUDA_VISIBLE_DEVICES: [0]
