[I 2023-11-30 15:20:53,698] Trial 149 finished with value: 0.7674424052238464 and parameters: {'gradient_clip_val': 0.9046425956487366, 'hidden_size': 55, 'dropout': 0.2882224334756793, 'hidden_continuous_size': 32, 'attention_head_size': 2, 'learning_rate': 0.003340499036991665}. Best is trial 29 with value: 0.7182834148406982.
[I 2023-11-30 15:20:53,816] A new study created in memory with name: no-name-cb0e0772-3f09-48b6-9328-d39613cb469a
/home/le004/conda/anaconda3/envs/tsff_env/lib/python3.9/site-packages/lightning/fabric/plugins/environments/slurm.py:191: The `srun` command is available on your system but is not used. HINT: If your intention is to run Lightning on SLURM, prepend your python command with `srun` like so: srun python /home/le004/master_thesis/git/TSFusionForecast/code/ ...
LOCAL_RANK: 0 - CUDA_VISIBLE_DEVICES: [0]
[I 2023-11-30 15:21:08,493] Trial 0 finished with value: 0.07862185686826706 and parameters: {'gradient_clip_val': 0.23350314678688547, 'hidden_size': 70, 'dropout': 0.1628447933476605, 'hidden_continuous_size': 61, 'attention_head_size': 2, 'learning_rate': 0.044858164002283665}. Best is trial 0 with value: 0.07862185686826706.
LOCAL_RANK: 0 - CUDA_VISIBLE_DEVICES: [0]
[I 2023-11-30 15:21:21,502] Trial 1 finished with value: 0.4267396628856659 and parameters: {'gradient_clip_val': 0.7704788734075746, 'hidden_size': 24, 'dropout': 0.3520366922967818, 'hidden_continuous_size': 11, 'attention_head_size': 4, 'learning_rate': 0.012027415684411822}. Best is trial 0 with value: 0.07862185686826706.
LOCAL_RANK: 0 - CUDA_VISIBLE_DEVICES: [0]
[I 2023-11-30 15:21:36,234] Trial 2 finished with value: 0.2092231959104538 and parameters: {'gradient_clip_val': 0.12335468649353638, 'hidden_size': 125, 'dropout': 0.3877623279877117, 'hidden_continuous_size': 46, 'attention_head_size': 3, 'learning_rate': 0.005036192481307598}. Best is trial 0 with value: 0.07862185686826706.
LOCAL_RANK: 0 - CUDA_VISIBLE_DEVICES: [0]
[I 2023-11-30 15:21:48,780] Trial 3 finished with value: 0.26364079117774963 and parameters: {'gradient_clip_val': 0.6137701357105579, 'hidden_size': 14, 'dropout': 0.18170492638433566, 'hidden_continuous_size': 10, 'attention_head_size': 1, 'learning_rate': 0.05454171388339377}. Best is trial 0 with value: 0.07862185686826706.
LOCAL_RANK: 0 - CUDA_VISIBLE_DEVICES: [0]
[I 2023-11-30 15:22:03,166] Trial 4 finished with value: 0.10608319193124771 and parameters: {'gradient_clip_val': 0.12374741780817294, 'hidden_size': 86, 'dropout': 0.2253539147654063, 'hidden_continuous_size': 45, 'attention_head_size': 1, 'learning_rate': 0.013447984603871938}. Best is trial 0 with value: 0.07862185686826706.
LOCAL_RANK: 0 - CUDA_VISIBLE_DEVICES: [0]
[I 2023-11-30 15:22:16,624] Trial 5 finished with value: 0.09434721618890762 and parameters: {'gradient_clip_val': 0.1701190242603751, 'hidden_size': 101, 'dropout': 0.2856837820054, 'hidden_continuous_size': 25, 'attention_head_size': 1, 'learning_rate': 0.015898921847657805}. Best is trial 0 with value: 0.07862185686826706.
LOCAL_RANK: 0 - CUDA_VISIBLE_DEVICES: [0]
[I 2023-11-30 15:22:29,817] Trial 6 finished with value: 0.09636878967285156 and parameters: {'gradient_clip_val': 0.14943250669710081, 'hidden_size': 63, 'dropout': 0.37735667957634567, 'hidden_continuous_size': 21, 'attention_head_size': 4, 'learning_rate': 0.07530674070454606}. Best is trial 0 with value: 0.07862185686826706.
LOCAL_RANK: 0 - CUDA_VISIBLE_DEVICES: [0]
[I 2023-11-30 15:22:42,956] Trial 7 finished with value: 0.10303521156311035 and parameters: {'gradient_clip_val': 0.3092385804979509, 'hidden_size': 70, 'dropout': 0.10630470013744513, 'hidden_continuous_size': 16, 'attention_head_size': 2, 'learning_rate': 0.016344773542833108}. Best is trial 0 with value: 0.07862185686826706.
LOCAL_RANK: 0 - CUDA_VISIBLE_DEVICES: [0]
[I 2023-11-30 15:22:56,893] Trial 8 finished with value: 0.6844823956489563 and parameters: {'gradient_clip_val': 0.386017555161423, 'hidden_size': 138, 'dropout': 0.281662708313618, 'hidden_continuous_size': 24, 'attention_head_size': 2, 'learning_rate': 0.0010851338152960098}. Best is trial 0 with value: 0.07862185686826706.
LOCAL_RANK: 0 - CUDA_VISIBLE_DEVICES: [0]
[I 2023-11-30 15:23:08,807] Trial 9 finished with value: 1.75544011592865 and parameters: {'gradient_clip_val': 0.10581820885475093, 'hidden_size': 13, 'dropout': 0.15069294134645678, 'hidden_continuous_size': 10, 'attention_head_size': 1, 'learning_rate': 0.003408500769544185}. Best is trial 0 with value: 0.07862185686826706.
LOCAL_RANK: 0 - CUDA_VISIBLE_DEVICES: [0]
[I 2023-11-30 15:23:21,617] Trial 10 finished with value: 0.130873903632164 and parameters: {'gradient_clip_val': 0.2556658608512114, 'hidden_size': 41, 'dropout': 0.1991254896794584, 'hidden_continuous_size': 32, 'attention_head_size': 3, 'learning_rate': 0.03918160494893385}. Best is trial 0 with value: 0.07862185686826706.
LOCAL_RANK: 0 - CUDA_VISIBLE_DEVICES: [0]
[I 2023-11-30 15:23:35,832] Trial 11 finished with value: 0.09104583412408829 and parameters: {'gradient_clip_val': 0.22206338953011157, 'hidden_size': 55, 'dropout': 0.26783681439034773, 'hidden_continuous_size': 47, 'attention_head_size': 2, 'learning_rate': 0.026927735647017798}. Best is trial 0 with value: 0.07862185686826706.
LOCAL_RANK: 0 - CUDA_VISIBLE_DEVICES: [0]
[I 2023-11-30 15:23:46,910] Trial 12 finished with value: 0.07490087300539017 and parameters: {'gradient_clip_val': 0.21042062450877716, 'hidden_size': 51, 'dropout': 0.25983861223921917, 'hidden_continuous_size': 51, 'attention_head_size': 2, 'learning_rate': 0.04116700191346464}. Best is trial 12 with value: 0.07490087300539017.
LOCAL_RANK: 0 - CUDA_VISIBLE_DEVICES: [0]
[I 2023-11-30 15:24:00,942] Trial 13 finished with value: 0.0643642395734787 and parameters: {'gradient_clip_val': 0.20120137423799384, 'hidden_size': 39, 'dropout': 0.2332635959354262, 'hidden_continuous_size': 33, 'attention_head_size': 3, 'learning_rate': 0.0996182262755212}. Best is trial 13 with value: 0.0643642395734787.
LOCAL_RANK: 0 - CUDA_VISIBLE_DEVICES: [0]
[I 2023-11-30 15:24:14,549] Trial 14 finished with value: 0.06755860894918442 and parameters: {'gradient_clip_val': 0.1803880299250424, 'hidden_size': 33, 'dropout': 0.23739177608103534, 'hidden_continuous_size': 16, 'attention_head_size': 3, 'learning_rate': 0.09894483071956145}. Best is trial 13 with value: 0.0643642395734787.
LOCAL_RANK: 0 - CUDA_VISIBLE_DEVICES: [0]
[I 2023-11-30 15:24:27,505] Trial 15 finished with value: 0.07160117477178574 and parameters: {'gradient_clip_val': 0.16487524356062513, 'hidden_size': 26, 'dropout': 0.24059705972586254, 'hidden_continuous_size': 14, 'attention_head_size': 3, 'learning_rate': 0.0909314368624062}. Best is trial 13 with value: 0.0643642395734787.
LOCAL_RANK: 0 - CUDA_VISIBLE_DEVICES: [0]
[I 2023-11-30 15:24:40,810] Trial 16 finished with value: 0.05112026259303093 and parameters: {'gradient_clip_val': 0.3580958723411379, 'hidden_size': 34, 'dropout': 0.20805763784652068, 'hidden_continuous_size': 18, 'attention_head_size': 4, 'learning_rate': 0.09293808475144155}. Best is trial 16 with value: 0.05112026259303093.
LOCAL_RANK: 0 - CUDA_VISIBLE_DEVICES: [0]
[I 2023-11-30 15:24:54,322] Trial 17 finished with value: 0.11512678116559982 and parameters: {'gradient_clip_val': 0.3855675861820301, 'hidden_size': 39, 'dropout': 0.3139463818062761, 'hidden_continuous_size': 19, 'attention_head_size': 4, 'learning_rate': 0.02925823242404964}. Best is trial 16 with value: 0.05112026259303093.
LOCAL_RANK: 0 - CUDA_VISIBLE_DEVICES: [0]
[I 2023-11-30 15:25:07,597] Trial 18 finished with value: 0.09171896427869797 and parameters: {'gradient_clip_val': 0.4949758485041523, 'hidden_size': 20, 'dropout': 0.2108437259216917, 'hidden_continuous_size': 12, 'attention_head_size': 4, 'learning_rate': 0.06432062758605948}. Best is trial 16 with value: 0.05112026259303093.
LOCAL_RANK: 0 - CUDA_VISIBLE_DEVICES: [0]
[I 2023-11-30 15:25:18,682] Trial 19 finished with value: 0.14999699592590332 and parameters: {'gradient_clip_val': 0.29760705752184186, 'hidden_size': 10, 'dropout': 0.1958103359303983, 'hidden_continuous_size': 10, 'attention_head_size': 4, 'learning_rate': 0.06628262170835823}. Best is trial 16 with value: 0.05112026259303093.
LOCAL_RANK: 0 - CUDA_VISIBLE_DEVICES: [0]
[I 2023-11-30 15:25:32,089] Trial 20 finished with value: 0.0887448787689209 and parameters: {'gradient_clip_val': 0.9067624321880087, 'hidden_size': 32, 'dropout': 0.22734212587721278, 'hidden_continuous_size': 13, 'attention_head_size': 3, 'learning_rate': 0.09713310701886482}. Best is trial 16 with value: 0.05112026259303093.
LOCAL_RANK: 0 - CUDA_VISIBLE_DEVICES: [0]
[I 2023-11-30 15:25:45,646] Trial 21 finished with value: 0.1339663416147232 and parameters: {'gradient_clip_val': 0.1883746671723271, 'hidden_size': 34, 'dropout': 0.24694772260010153, 'hidden_continuous_size': 16, 'attention_head_size': 3, 'learning_rate': 0.09551656562739003}. Best is trial 16 with value: 0.05112026259303093.
LOCAL_RANK: 0 - CUDA_VISIBLE_DEVICES: [0]
[I 2023-11-30 15:25:59,232] Trial 22 finished with value: 0.08240700513124466 and parameters: {'gradient_clip_val': 0.25527621484887814, 'hidden_size': 45, 'dropout': 0.2237022589794257, 'hidden_continuous_size': 17, 'attention_head_size': 3, 'learning_rate': 0.05934772152404838}. Best is trial 16 with value: 0.05112026259303093.
LOCAL_RANK: 0 - CUDA_VISIBLE_DEVICES: [0]
[I 2023-11-30 15:26:12,276] Trial 23 finished with value: 0.07358845323324203 and parameters: {'gradient_clip_val': 0.18818400846366803, 'hidden_size': 29, 'dropout': 0.2472494957032907, 'hidden_continuous_size': 15, 'attention_head_size': 4, 'learning_rate': 0.09945570133553663}. Best is trial 16 with value: 0.05112026259303093.
LOCAL_RANK: 0 - CUDA_VISIBLE_DEVICES: [0]
[I 2023-11-30 15:26:25,279] Trial 24 finished with value: 0.10077887028455734 and parameters: {'gradient_clip_val': 0.3737830390756792, 'hidden_size': 37, 'dropout': 0.30332731350276665, 'hidden_continuous_size': 19, 'attention_head_size': 3, 'learning_rate': 0.03167530915059748}. Best is trial 16 with value: 0.05112026259303093.
LOCAL_RANK: 0 - CUDA_VISIBLE_DEVICES: [0]
[I 2023-11-30 15:26:38,411] Trial 25 finished with value: 0.10605204105377197 and parameters: {'gradient_clip_val': 0.285707356330237, 'hidden_size': 45, 'dropout': 0.18289419130336562, 'hidden_continuous_size': 14, 'attention_head_size': 3, 'learning_rate': 0.05423290315524473}. Best is trial 16 with value: 0.05112026259303093.
LOCAL_RANK: 0 - CUDA_VISIBLE_DEVICES: [0]
[I 2023-11-30 15:26:51,237] Trial 26 finished with value: 0.059756677597761154 and parameters: {'gradient_clip_val': 0.20246905936058854, 'hidden_size': 22, 'dropout': 0.2183560258077698, 'hidden_continuous_size': 12, 'attention_head_size': 4, 'learning_rate': 0.06649314268527681}. Best is trial 16 with value: 0.05112026259303093.
LOCAL_RANK: 0 - CUDA_VISIBLE_DEVICES: [0]
[I 2023-11-30 15:27:04,173] Trial 27 finished with value: 0.08747594803571701 and parameters: {'gradient_clip_val': 0.21835220236014477, 'hidden_size': 20, 'dropout': 0.21275561612123917, 'hidden_continuous_size': 12, 'attention_head_size': 4, 'learning_rate': 0.06548253434741454}. Best is trial 16 with value: 0.05112026259303093.
LOCAL_RANK: 0 - CUDA_VISIBLE_DEVICES: [0]
[I 2023-11-30 15:27:17,008] Trial 28 finished with value: 0.10521668940782547 and parameters: {'gradient_clip_val': 0.34299261346227294, 'hidden_size': 22, 'dropout': 0.2606456037715398, 'hidden_continuous_size': 13, 'attention_head_size': 4, 'learning_rate': 0.0421848418878973}. Best is trial 16 with value: 0.05112026259303093.
LOCAL_RANK: 0 - CUDA_VISIBLE_DEVICES: [0]
[I 2023-11-30 15:27:29,666] Trial 29 finished with value: 0.19817166030406952 and parameters: {'gradient_clip_val': 0.2599185879555877, 'hidden_size': 28, 'dropout': 0.16339233486512522, 'hidden_continuous_size': 12, 'attention_head_size': 4, 'learning_rate': 0.021215085352855597}. Best is trial 16 with value: 0.05112026259303093.
LOCAL_RANK: 0 - CUDA_VISIBLE_DEVICES: [0]
[I 2023-11-30 15:27:43,643] Trial 30 finished with value: 0.07792061567306519 and parameters: {'gradient_clip_val': 0.20678996850273906, 'hidden_size': 52, 'dropout': 0.2058936779876436, 'hidden_continuous_size': 28, 'attention_head_size': 4, 'learning_rate': 0.04855499281157022}. Best is trial 16 with value: 0.05112026259303093.
LOCAL_RANK: 0 - CUDA_VISIBLE_DEVICES: [0]
[I 2023-11-30 15:27:57,845] Trial 31 finished with value: 0.10430377721786499 and parameters: {'gradient_clip_val': 0.24044235546031686, 'hidden_size': 33, 'dropout': 0.23376947416976773, 'hidden_continuous_size': 18, 'attention_head_size': 3, 'learning_rate': 0.07658666888249137}. Best is trial 16 with value: 0.05112026259303093.
LOCAL_RANK: 0 - CUDA_VISIBLE_DEVICES: [0]
[I 2023-11-30 15:28:10,931] Trial 32 finished with value: 0.10852227360010147 and parameters: {'gradient_clip_val': 0.1441251893168859, 'hidden_size': 24, 'dropout': 0.23891065277988852, 'hidden_continuous_size': 15, 'attention_head_size': 3, 'learning_rate': 0.07844529569407678}. Best is trial 16 with value: 0.05112026259303093.
LOCAL_RANK: 0 - CUDA_VISIBLE_DEVICES: [0]
[I 2023-11-30 15:28:24,692] Trial 33 finished with value: 0.06904248148202896 and parameters: {'gradient_clip_val': 0.189792377574658, 'hidden_size': 30, 'dropout': 0.22905285902935874, 'hidden_continuous_size': 11, 'attention_head_size': 4, 'learning_rate': 0.04930815445633412}. Best is trial 16 with value: 0.05112026259303093.
LOCAL_RANK: 0 - CUDA_VISIBLE_DEVICES: [0]
[I 2023-11-30 15:28:38,201] Trial 34 finished with value: 0.07294823974370956 and parameters: {'gradient_clip_val': 0.16685161761483772, 'hidden_size': 37, 'dropout': 0.18685608997781206, 'hidden_continuous_size': 20, 'attention_head_size': 3, 'learning_rate': 0.07750687374668329}. Best is trial 16 with value: 0.05112026259303093.
LOCAL_RANK: 0 - CUDA_VISIBLE_DEVICES: [0]
[I 2023-11-30 15:28:50,948] Trial 35 finished with value: 0.09328483790159225 and parameters: {'gradient_clip_val': 0.1392279913269628, 'hidden_size': 25, 'dropout': 0.255370789542157, 'hidden_continuous_size': 17, 'attention_head_size': 4, 'learning_rate': 0.09916564890522496}. Best is trial 16 with value: 0.05112026259303093.
LOCAL_RANK: 0 - CUDA_VISIBLE_DEVICES: [0]
[I 2023-11-30 15:29:03,719] Trial 36 finished with value: 0.11173190921545029 and parameters: {'gradient_clip_val': 0.2828272677778241, 'hidden_size': 19, 'dropout': 0.21319386343983782, 'hidden_continuous_size': 13, 'attention_head_size': 3, 'learning_rate': 0.06117922831425788}. Best is trial 16 with value: 0.05112026259303093.
LOCAL_RANK: 0 - CUDA_VISIBLE_DEVICES: [0]
[I 2023-11-30 15:29:16,758] Trial 37 finished with value: 0.17080873250961304 and parameters: {'gradient_clip_val': 0.23452048303650633, 'hidden_size': 17, 'dropout': 0.27317546727734543, 'hidden_continuous_size': 11, 'attention_head_size': 4, 'learning_rate': 0.03601190810848847}. Best is trial 16 with value: 0.05112026259303093.
LOCAL_RANK: 0 - CUDA_VISIBLE_DEVICES: [0]
[I 2023-11-30 15:29:29,461] Trial 38 finished with value: 0.13126294314861298 and parameters: {'gradient_clip_val': 0.12162035965969387, 'hidden_size': 28, 'dropout': 0.16898460978791968, 'hidden_continuous_size': 18, 'attention_head_size': 2, 'learning_rate': 0.050666817560155133}. Best is trial 16 with value: 0.05112026259303093.
LOCAL_RANK: 0 - CUDA_VISIBLE_DEVICES: [0]
[I 2023-11-30 15:29:42,528] Trial 39 finished with value: 0.15053805708885193 and parameters: {'gradient_clip_val': 0.34162404406801106, 'hidden_size': 33, 'dropout': 0.1937346722677886, 'hidden_continuous_size': 22, 'attention_head_size': 3, 'learning_rate': 0.07556131735999783}. Best is trial 16 with value: 0.05112026259303093.
LOCAL_RANK: 0 - CUDA_VISIBLE_DEVICES: [0]
[I 2023-11-30 15:29:56,705] Trial 40 finished with value: 0.07179338485002518 and parameters: {'gradient_clip_val': 0.4777549248038966, 'hidden_size': 23, 'dropout': 0.2169637908252458, 'hidden_continuous_size': 16, 'attention_head_size': 4, 'learning_rate': 0.04749692892426643}. Best is trial 16 with value: 0.05112026259303093.
LOCAL_RANK: 0 - CUDA_VISIBLE_DEVICES: [0]
[I 2023-11-30 15:30:09,417] Trial 41 finished with value: 0.07971514016389847 and parameters: {'gradient_clip_val': 0.1859383596087856, 'hidden_size': 29, 'dropout': 0.23229769437819112, 'hidden_continuous_size': 11, 'attention_head_size': 4, 'learning_rate': 0.05165762516666959}. Best is trial 16 with value: 0.05112026259303093.
LOCAL_RANK: 0 - CUDA_VISIBLE_DEVICES: [0]
[I 2023-11-30 15:30:22,688] Trial 42 finished with value: 0.10960942506790161 and parameters: {'gradient_clip_val': 0.1898877292085485, 'hidden_size': 44, 'dropout': 0.2291195161972942, 'hidden_continuous_size': 21, 'attention_head_size': 4, 'learning_rate': 0.07686172675408506}. Best is trial 16 with value: 0.05112026259303093.
LOCAL_RANK: 0 - CUDA_VISIBLE_DEVICES: [0]
[I 2023-11-30 15:30:35,865] Trial 43 finished with value: 0.07209238409996033 and parameters: {'gradient_clip_val': 0.16513815226355594, 'hidden_size': 31, 'dropout': 0.24941197620911731, 'hidden_continuous_size': 10, 'attention_head_size': 4, 'learning_rate': 0.0363107873192605}. Best is trial 16 with value: 0.05112026259303093.
LOCAL_RANK: 0 - CUDA_VISIBLE_DEVICES: [0]
[I 2023-11-30 15:30:49,588] Trial 44 finished with value: 0.08746834844350815 and parameters: {'gradient_clip_val': 0.20094874506068175, 'hidden_size': 36, 'dropout': 0.20154700157260413, 'hidden_continuous_size': 23, 'attention_head_size': 4, 'learning_rate': 0.05916289153784459}. Best is trial 16 with value: 0.05112026259303093.
LOCAL_RANK: 0 - CUDA_VISIBLE_DEVICES: [0]
[I 2023-11-30 15:31:02,115] Trial 45 finished with value: 0.13295726478099823 and parameters: {'gradient_clip_val': 0.22803172310902578, 'hidden_size': 26, 'dropout': 0.22088995835647113, 'hidden_continuous_size': 15, 'attention_head_size': 1, 'learning_rate': 0.08235173371039664}. Best is trial 16 with value: 0.05112026259303093.
LOCAL_RANK: 0 - CUDA_VISIBLE_DEVICES: [0]
[I 2023-11-30 15:31:15,491] Trial 46 finished with value: 0.07827870547771454 and parameters: {'gradient_clip_val': 0.14854309938374424, 'hidden_size': 40, 'dropout': 0.18045425812253538, 'hidden_continuous_size': 29, 'attention_head_size': 2, 'learning_rate': 0.04438920467611727}. Best is trial 16 with value: 0.05112026259303093.
LOCAL_RANK: 0 - CUDA_VISIBLE_DEVICES: [0]
[I 2023-11-30 15:31:29,512] Trial 47 finished with value: 0.07954912632703781 and parameters: {'gradient_clip_val': 0.17549262411807698, 'hidden_size': 69, 'dropout': 0.28070386126995456, 'hidden_continuous_size': 39, 'attention_head_size': 3, 'learning_rate': 0.02355584769909722}. Best is trial 16 with value: 0.05112026259303093.
LOCAL_RANK: 0 - CUDA_VISIBLE_DEVICES: [0]
[I 2023-11-30 15:31:43,195] Trial 48 finished with value: 0.07749497890472412 and parameters: {'gradient_clip_val': 0.20758505776928515, 'hidden_size': 31, 'dropout': 0.26563122038797626, 'hidden_continuous_size': 24, 'attention_head_size': 4, 'learning_rate': 0.06336306045398112}. Best is trial 16 with value: 0.05112026259303093.
LOCAL_RANK: 0 - CUDA_VISIBLE_DEVICES: [0]
[I 2023-11-30 15:31:56,589] Trial 49 finished with value: 0.07612063735723495 and parameters: {'gradient_clip_val': 0.26122361282717355, 'hidden_size': 58, 'dropout': 0.2343537607396598, 'hidden_continuous_size': 11, 'attention_head_size': 3, 'learning_rate': 0.06913823309376406}. Best is trial 16 with value: 0.05112026259303093.
LOCAL_RANK: 0 - CUDA_VISIBLE_DEVICES: [0]
[I 2023-11-30 15:32:10,542] Trial 50 finished with value: 0.08302862197160721 and parameters: {'gradient_clip_val': 0.133077591008767, 'hidden_size': 49, 'dropout': 0.20415513632947957, 'hidden_continuous_size': 26, 'attention_head_size': 4, 'learning_rate': 0.08620111934735993}. Best is trial 16 with value: 0.05112026259303093.
LOCAL_RANK: 0 - CUDA_VISIBLE_DEVICES: [0]
[I 2023-11-30 15:32:23,067] Trial 51 finished with value: 0.07428888231515884 and parameters: {'gradient_clip_val': 0.1755718965644109, 'hidden_size': 26, 'dropout': 0.24100017138736488, 'hidden_continuous_size': 14, 'attention_head_size': 3, 'learning_rate': 0.09908217236483369}. Best is trial 16 with value: 0.05112026259303093.
LOCAL_RANK: 0 - CUDA_VISIBLE_DEVICES: [0]
[I 2023-11-30 15:32:36,212] Trial 52 finished with value: 0.09172340482473373 and parameters: {'gradient_clip_val': 0.15703299842681548, 'hidden_size': 40, 'dropout': 0.2523504995468179, 'hidden_continuous_size': 20, 'attention_head_size': 3, 'learning_rate': 0.08702974609383753}. Best is trial 16 with value: 0.05112026259303093.
LOCAL_RANK: 0 - CUDA_VISIBLE_DEVICES: [0]
[I 2023-11-30 15:32:49,479] Trial 53 finished with value: 0.08685515075922012 and parameters: {'gradient_clip_val': 0.1495472461603506, 'hidden_size': 36, 'dropout': 0.22190953117298887, 'hidden_continuous_size': 17, 'attention_head_size': 2, 'learning_rate': 0.06864797308143296}. Best is trial 16 with value: 0.05112026259303093.
LOCAL_RANK: 0 - CUDA_VISIBLE_DEVICES: [0]
[I 2023-11-30 15:33:02,264] Trial 54 finished with value: 0.08288770169019699 and parameters: {'gradient_clip_val': 0.1613270066649837, 'hidden_size': 23, 'dropout': 0.24173771420354678, 'hidden_continuous_size': 14, 'attention_head_size': 3, 'learning_rate': 0.05323635127300309}. Best is trial 16 with value: 0.05112026259303093.
LOCAL_RANK: 0 - CUDA_VISIBLE_DEVICES: [0]
[I 2023-11-30 15:33:14,955] Trial 55 finished with value: 0.06674996018409729 and parameters: {'gradient_clip_val': 0.1978144443493947, 'hidden_size': 27, 'dropout': 0.21767970692824543, 'hidden_continuous_size': 16, 'attention_head_size': 3, 'learning_rate': 0.08591779359936853}. Best is trial 16 with value: 0.05112026259303093.
LOCAL_RANK: 0 - CUDA_VISIBLE_DEVICES: [0]
