[I 2023-11-30 14:00:43,501] Trial 102 finished with value: 0.22316469252109528 and parameters: {'gradient_clip_val': 0.35200153645547916, 'hidden_size': 83, 'dropout': 0.27474253275971544, 'hidden_continuous_size': 78, 'attention_head_size': 2, 'learning_rate': 0.02190710986318979}. Best is trial 64 with value: 0.09875339269638062.
LOCAL_RANK: 0 - CUDA_VISIBLE_DEVICES: [0]
[I 2023-11-30 14:00:57,467] Trial 103 finished with value: 0.15060846507549286 and parameters: {'gradient_clip_val': 0.3726803753407105, 'hidden_size': 89, 'dropout': 0.2918191178299143, 'hidden_continuous_size': 84, 'attention_head_size': 2, 'learning_rate': 0.028457355611092316}. Best is trial 64 with value: 0.09875339269638062.
LOCAL_RANK: 0 - CUDA_VISIBLE_DEVICES: [0]
[I 2023-11-30 14:01:11,575] Trial 104 finished with value: 0.20491079986095428 and parameters: {'gradient_clip_val': 0.4752585440429678, 'hidden_size': 96, 'dropout': 0.28263238384234735, 'hidden_continuous_size': 89, 'attention_head_size': 2, 'learning_rate': 0.05508079401003693}. Best is trial 64 with value: 0.09875339269638062.
LOCAL_RANK: 0 - CUDA_VISIBLE_DEVICES: [0]
[I 2023-11-30 14:01:25,749] Trial 105 finished with value: 0.20181620121002197 and parameters: {'gradient_clip_val': 0.39748620459593886, 'hidden_size': 107, 'dropout': 0.2995559508487281, 'hidden_continuous_size': 96, 'attention_head_size': 2, 'learning_rate': 0.03260267986782182}. Best is trial 64 with value: 0.09875339269638062.
LOCAL_RANK: 0 - CUDA_VISIBLE_DEVICES: [0]
[I 2023-11-30 14:01:39,614] Trial 106 finished with value: 0.12884604930877686 and parameters: {'gradient_clip_val': 0.10783043698665427, 'hidden_size': 80, 'dropout': 0.3153901047211092, 'hidden_continuous_size': 76, 'attention_head_size': 2, 'learning_rate': 0.024675799807341223}. Best is trial 64 with value: 0.09875339269638062.
LOCAL_RANK: 0 - CUDA_VISIBLE_DEVICES: [0]
[I 2023-11-30 14:01:53,613] Trial 107 finished with value: 0.15966498851776123 and parameters: {'gradient_clip_val': 0.11674000946655183, 'hidden_size': 78, 'dropout': 0.3169829950078514, 'hidden_continuous_size': 75, 'attention_head_size': 2, 'learning_rate': 0.04390741259424842}. Best is trial 64 with value: 0.09875339269638062.
LOCAL_RANK: 0 - CUDA_VISIBLE_DEVICES: [0]
[I 2023-11-30 14:02:07,664] Trial 108 finished with value: 0.21011251211166382 and parameters: {'gradient_clip_val': 0.10344201134076421, 'hidden_size': 90, 'dropout': 0.32815685388284616, 'hidden_continuous_size': 83, 'attention_head_size': 2, 'learning_rate': 0.03647729121161669}. Best is trial 64 with value: 0.09875339269638062.
LOCAL_RANK: 0 - CUDA_VISIBLE_DEVICES: [0]
[I 2023-11-30 14:02:21,605] Trial 109 finished with value: 0.11417471617460251 and parameters: {'gradient_clip_val': 0.10914614003542458, 'hidden_size': 84, 'dropout': 0.3329264925217598, 'hidden_continuous_size': 80, 'attention_head_size': 2, 'learning_rate': 0.04012834514587912}. Best is trial 64 with value: 0.09875339269638062.
LOCAL_RANK: 0 - CUDA_VISIBLE_DEVICES: [0]
[I 2023-11-30 14:02:35,476] Trial 110 finished with value: 0.21912802755832672 and parameters: {'gradient_clip_val': 0.12527480352908385, 'hidden_size': 84, 'dropout': 0.3351426829637592, 'hidden_continuous_size': 80, 'attention_head_size': 4, 'learning_rate': 0.049219799228690964}. Best is trial 64 with value: 0.09875339269638062.
LOCAL_RANK: 0 - CUDA_VISIBLE_DEVICES: [0]
[I 2023-11-30 14:02:48,994] Trial 111 finished with value: 0.19236312806606293 and parameters: {'gradient_clip_val': 0.11238284408691358, 'hidden_size': 64, 'dropout': 0.32224931042797195, 'hidden_continuous_size': 62, 'attention_head_size': 2, 'learning_rate': 0.03988952957761747}. Best is trial 64 with value: 0.09875339269638062.
LOCAL_RANK: 0 - CUDA_VISIBLE_DEVICES: [0]
[I 2023-11-30 14:03:02,745] Trial 112 finished with value: 0.10702789574861526 and parameters: {'gradient_clip_val': 0.10552516171789803, 'hidden_size': 71, 'dropout': 0.3137538039105596, 'hidden_continuous_size': 69, 'attention_head_size': 2, 'learning_rate': 0.02485204881226185}. Best is trial 64 with value: 0.09875339269638062.
LOCAL_RANK: 0 - CUDA_VISIBLE_DEVICES: [0]
[I 2023-11-30 14:03:16,612] Trial 113 finished with value: 0.1790115237236023 and parameters: {'gradient_clip_val': 0.1059896114255753, 'hidden_size': 73, 'dropout': 0.30669652402530884, 'hidden_continuous_size': 71, 'attention_head_size': 2, 'learning_rate': 0.029232314159619285}. Best is trial 64 with value: 0.09875339269638062.
LOCAL_RANK: 0 - CUDA_VISIBLE_DEVICES: [0]
[I 2023-11-30 14:03:30,581] Trial 114 finished with value: 0.1844273805618286 and parameters: {'gradient_clip_val': 0.11124012778345961, 'hidden_size': 68, 'dropout': 0.2696035594753249, 'hidden_continuous_size': 66, 'attention_head_size': 2, 'learning_rate': 0.04502658623361627}. Best is trial 64 with value: 0.09875339269638062.
LOCAL_RANK: 0 - CUDA_VISIBLE_DEVICES: [0]
[I 2023-11-30 14:03:44,685] Trial 115 finished with value: 0.2356027215719223 and parameters: {'gradient_clip_val': 0.12331691942837458, 'hidden_size': 116, 'dropout': 0.2917116762825527, 'hidden_continuous_size': 108, 'attention_head_size': 2, 'learning_rate': 0.020671387810960194}. Best is trial 64 with value: 0.09875339269638062.
LOCAL_RANK: 0 - CUDA_VISIBLE_DEVICES: [0]
[I 2023-11-30 14:03:58,136] Trial 116 finished with value: 0.1224498525261879 and parameters: {'gradient_clip_val': 0.10070970910082512, 'hidden_size': 61, 'dropout': 0.28099055600365275, 'hidden_continuous_size': 60, 'attention_head_size': 2, 'learning_rate': 0.032011768973901455}. Best is trial 64 with value: 0.09875339269638062.
LOCAL_RANK: 0 - CUDA_VISIBLE_DEVICES: [0]
[I 2023-11-30 14:04:11,398] Trial 117 finished with value: 0.19342589378356934 and parameters: {'gradient_clip_val': 0.10200939566072525, 'hidden_size': 53, 'dropout': 0.33913617590485623, 'hidden_continuous_size': 52, 'attention_head_size': 2, 'learning_rate': 0.03978874128615109}. Best is trial 64 with value: 0.09875339269638062.
LOCAL_RANK: 0 - CUDA_VISIBLE_DEVICES: [0]
[I 2023-11-30 14:04:24,726] Trial 118 finished with value: 0.11226338148117065 and parameters: {'gradient_clip_val': 0.11835588325872338, 'hidden_size': 60, 'dropout': 0.33119840019127567, 'hidden_continuous_size': 59, 'attention_head_size': 2, 'learning_rate': 0.03515475352331452}. Best is trial 64 with value: 0.09875339269638062.
LOCAL_RANK: 0 - CUDA_VISIBLE_DEVICES: [0]
[I 2023-11-30 14:04:38,770] Trial 119 finished with value: 0.08717451244592667 and parameters: {'gradient_clip_val': 0.11883826002683724, 'hidden_size': 74, 'dropout': 0.3296313272386143, 'hidden_continuous_size': 71, 'attention_head_size': 2, 'learning_rate': 0.03483942492131177}. Best is trial 119 with value: 0.08717451244592667.
LOCAL_RANK: 0 - CUDA_VISIBLE_DEVICES: [0]
[I 2023-11-30 14:04:52,121] Trial 120 finished with value: 0.225860595703125 and parameters: {'gradient_clip_val': 0.11903696089125972, 'hidden_size': 64, 'dropout': 0.32767840475174453, 'hidden_continuous_size': 62, 'attention_head_size': 2, 'learning_rate': 0.03628005377030478}. Best is trial 119 with value: 0.08717451244592667.
LOCAL_RANK: 0 - CUDA_VISIBLE_DEVICES: [0]
[I 2023-11-30 14:05:06,052] Trial 121 finished with value: 0.20621539652347565 and parameters: {'gradient_clip_val': 0.13043620726911262, 'hidden_size': 71, 'dropout': 0.33337192791676706, 'hidden_continuous_size': 68, 'attention_head_size': 2, 'learning_rate': 0.03159134316008772}. Best is trial 119 with value: 0.08717451244592667.
LOCAL_RANK: 0 - CUDA_VISIBLE_DEVICES: [0]
[I 2023-11-30 14:05:19,802] Trial 122 finished with value: 0.16815143823623657 and parameters: {'gradient_clip_val': 0.1383450315099695, 'hidden_size': 74, 'dropout': 0.34422798004546173, 'hidden_continuous_size': 71, 'attention_head_size': 2, 'learning_rate': 0.02799108076407795}. Best is trial 119 with value: 0.08717451244592667.
LOCAL_RANK: 0 - CUDA_VISIBLE_DEVICES: [0]
[I 2023-11-30 14:05:34,634] Trial 123 finished with value: 0.22363777458667755 and parameters: {'gradient_clip_val': 0.11938598603154897, 'hidden_size': 80, 'dropout': 0.3233460303217215, 'hidden_continuous_size': 77, 'attention_head_size': 2, 'learning_rate': 0.02668445972003557}. Best is trial 119 with value: 0.08717451244592667.
LOCAL_RANK: 0 - CUDA_VISIBLE_DEVICES: [0]
[I 2023-11-30 14:05:48,595] Trial 124 finished with value: 0.17015759646892548 and parameters: {'gradient_clip_val': 0.11058425399586382, 'hidden_size': 76, 'dropout': 0.3132313697154822, 'hidden_continuous_size': 73, 'attention_head_size': 2, 'learning_rate': 0.034503090724783844}. Best is trial 119 with value: 0.08717451244592667.
LOCAL_RANK: 0 - CUDA_VISIBLE_DEVICES: [0]
[I 2023-11-30 14:06:02,421] Trial 125 finished with value: 0.1445874571800232 and parameters: {'gradient_clip_val': 0.13490604434853007, 'hidden_size': 70, 'dropout': 0.34858277258615705, 'hidden_continuous_size': 67, 'attention_head_size': 2, 'learning_rate': 0.025104488804277143}. Best is trial 119 with value: 0.08717451244592667.
LOCAL_RANK: 0 - CUDA_VISIBLE_DEVICES: [0]
[I 2023-11-30 14:06:15,747] Trial 126 finished with value: 0.10744979232549667 and parameters: {'gradient_clip_val': 0.1281469348875677, 'hidden_size': 56, 'dropout': 0.3208370828754386, 'hidden_continuous_size': 55, 'attention_head_size': 2, 'learning_rate': 0.03202325278686557}. Best is trial 119 with value: 0.08717451244592667.
LOCAL_RANK: 0 - CUDA_VISIBLE_DEVICES: [0]
[I 2023-11-30 14:06:29,104] Trial 127 finished with value: 0.23329861462116241 and parameters: {'gradient_clip_val': 0.13007969142933126, 'hidden_size': 55, 'dropout': 0.32541666132053454, 'hidden_continuous_size': 54, 'attention_head_size': 2, 'learning_rate': 0.03163610033552451}. Best is trial 119 with value: 0.08717451244592667.
LOCAL_RANK: 0 - CUDA_VISIBLE_DEVICES: [0]
[I 2023-11-30 14:06:42,554] Trial 128 finished with value: 0.20637865364551544 and parameters: {'gradient_clip_val': 0.12017685615514466, 'hidden_size': 58, 'dropout': 0.333947577715327, 'hidden_continuous_size': 57, 'attention_head_size': 2, 'learning_rate': 0.04082623188866046}. Best is trial 119 with value: 0.08717451244592667.
LOCAL_RANK: 0 - CUDA_VISIBLE_DEVICES: [0]
[I 2023-11-30 14:06:53,372] Trial 129 finished with value: 0.18355639278888702 and parameters: {'gradient_clip_val': 0.14832088331535748, 'hidden_size': 47, 'dropout': 0.36012127450306325, 'hidden_continuous_size': 47, 'attention_head_size': 2, 'learning_rate': 0.034801876005131814}. Best is trial 119 with value: 0.08717451244592667.
LOCAL_RANK: 0 - CUDA_VISIBLE_DEVICES: [0]
[I 2023-11-30 14:07:07,168] Trial 130 finished with value: 0.10428363084793091 and parameters: {'gradient_clip_val': 0.12644046624479416, 'hidden_size': 66, 'dropout': 0.31857728990398376, 'hidden_continuous_size': 64, 'attention_head_size': 2, 'learning_rate': 0.028804918716169237}. Best is trial 119 with value: 0.08717451244592667.
LOCAL_RANK: 0 - CUDA_VISIBLE_DEVICES: [0]
[I 2023-11-30 14:07:20,564] Trial 131 finished with value: 0.1626240313053131 and parameters: {'gradient_clip_val': 0.12636660485062465, 'hidden_size': 64, 'dropout': 0.3175042611126101, 'hidden_continuous_size': 62, 'attention_head_size': 2, 'learning_rate': 0.029044026127218184}. Best is trial 119 with value: 0.08717451244592667.
LOCAL_RANK: 0 - CUDA_VISIBLE_DEVICES: [0]
[I 2023-11-30 14:07:34,078] Trial 132 finished with value: 0.2236989140510559 and parameters: {'gradient_clip_val': 0.11223684072706737, 'hidden_size': 66, 'dropout': 0.31007233199983286, 'hidden_continuous_size': 64, 'attention_head_size': 2, 'learning_rate': 0.03271140439603077}. Best is trial 119 with value: 0.08717451244592667.
LOCAL_RANK: 0 - CUDA_VISIBLE_DEVICES: [0]
[I 2023-11-30 14:07:47,328] Trial 133 finished with value: 0.18022088706493378 and parameters: {'gradient_clip_val': 0.13859172500799735, 'hidden_size': 60, 'dropout': 0.3397448429012796, 'hidden_continuous_size': 59, 'attention_head_size': 2, 'learning_rate': 0.025960969485242298}. Best is trial 119 with value: 0.08717451244592667.
LOCAL_RANK: 0 - CUDA_VISIBLE_DEVICES: [0]
[I 2023-11-30 14:08:01,522] Trial 134 finished with value: 0.17436063289642334 and parameters: {'gradient_clip_val': 0.1006027574751632, 'hidden_size': 86, 'dropout': 0.3214145406389904, 'hidden_continuous_size': 82, 'attention_head_size': 2, 'learning_rate': 0.04267461724148671}. Best is trial 119 with value: 0.08717451244592667.
LOCAL_RANK: 0 - CUDA_VISIBLE_DEVICES: [0]
[I 2023-11-30 14:08:15,312] Trial 135 finished with value: 0.29410800337791443 and parameters: {'gradient_clip_val': 0.14596463859628778, 'hidden_size': 69, 'dropout': 0.33208973675003056, 'hidden_continuous_size': 67, 'attention_head_size': 2, 'learning_rate': 0.03584739914389248}. Best is trial 119 with value: 0.08717451244592667.
LOCAL_RANK: 0 - CUDA_VISIBLE_DEVICES: [0]
[I 2023-11-30 14:08:29,097] Trial 136 finished with value: 0.12414910644292831 and parameters: {'gradient_clip_val': 0.1051520471928885, 'hidden_size': 76, 'dropout': 0.30549933426166415, 'hidden_continuous_size': 73, 'attention_head_size': 2, 'learning_rate': 0.02895235638883661}. Best is trial 119 with value: 0.08717451244592667.
LOCAL_RANK: 0 - CUDA_VISIBLE_DEVICES: [0]
[I 2023-11-30 14:08:43,046] Trial 137 finished with value: 0.18075494468212128 and parameters: {'gradient_clip_val': 0.12596800761488636, 'hidden_size': 82, 'dropout': 0.32860908234095654, 'hidden_continuous_size': 78, 'attention_head_size': 2, 'learning_rate': 0.02358366081325385}. Best is trial 119 with value: 0.08717451244592667.
LOCAL_RANK: 0 - CUDA_VISIBLE_DEVICES: [0]
[I 2023-11-30 14:08:57,075] Trial 138 finished with value: 0.1998186558485031 and parameters: {'gradient_clip_val': 0.11462163170391763, 'hidden_size': 93, 'dropout': 0.3182601582664798, 'hidden_continuous_size': 86, 'attention_head_size': 2, 'learning_rate': 0.04875216139438334}. Best is trial 119 with value: 0.08717451244592667.
LOCAL_RANK: 0 - CUDA_VISIBLE_DEVICES: [0]
[I 2023-11-30 14:09:10,474] Trial 139 finished with value: 0.17271585762500763 and parameters: {'gradient_clip_val': 0.1618595895457585, 'hidden_size': 64, 'dropout': 0.3405158353465675, 'hidden_continuous_size': 62, 'attention_head_size': 2, 'learning_rate': 0.03866509781218804}. Best is trial 119 with value: 0.08717451244592667.
LOCAL_RANK: 0 - CUDA_VISIBLE_DEVICES: [0]
[I 2023-11-30 14:09:24,233] Trial 140 finished with value: 0.20955492556095123 and parameters: {'gradient_clip_val': 0.1335682894751414, 'hidden_size': 70, 'dropout': 0.3024331769018788, 'hidden_continuous_size': 68, 'attention_head_size': 2, 'learning_rate': 0.03079963028873632}. Best is trial 119 with value: 0.08717451244592667.
LOCAL_RANK: 0 - CUDA_VISIBLE_DEVICES: [0]
[I 2023-11-30 14:09:37,615] Trial 141 finished with value: 0.168013334274292 and parameters: {'gradient_clip_val': 0.30802151735740785, 'hidden_size': 57, 'dropout': 0.31092375812139245, 'hidden_continuous_size': 56, 'attention_head_size': 2, 'learning_rate': 0.021198743672421465}. Best is trial 119 with value: 0.08717451244592667.
LOCAL_RANK: 0 - CUDA_VISIBLE_DEVICES: [0]
[I 2023-11-30 14:09:51,003] Trial 142 finished with value: 0.1561291664838791 and parameters: {'gradient_clip_val': 0.10794980429865904, 'hidden_size': 61, 'dropout': 0.29328589177805675, 'hidden_continuous_size': 60, 'attention_head_size': 2, 'learning_rate': 0.024203530324620443}. Best is trial 119 with value: 0.08717451244592667.
LOCAL_RANK: 0 - CUDA_VISIBLE_DEVICES: [0]
[I 2023-11-30 14:10:04,918] Trial 143 finished with value: 0.25807854533195496 and parameters: {'gradient_clip_val': 0.156167128906426, 'hidden_size': 88, 'dropout': 0.30321487532258945, 'hidden_continuous_size': 83, 'attention_head_size': 2, 'learning_rate': 0.02691429425366362}. Best is trial 119 with value: 0.08717451244592667.
LOCAL_RANK: 0 - CUDA_VISIBLE_DEVICES: [0]
[I 2023-11-30 14:10:18,941] Trial 144 finished with value: 0.2496931105852127 and parameters: {'gradient_clip_val': 0.117092091809467, 'hidden_size': 103, 'dropout': 0.28584959555868955, 'hidden_continuous_size': 96, 'attention_head_size': 2, 'learning_rate': 0.020271982422727933}. Best is trial 119 with value: 0.08717451244592667.
LOCAL_RANK: 0 - CUDA_VISIBLE_DEVICES: [0]
[I 2023-11-30 14:10:33,019] Trial 145 finished with value: 0.13689835369586945 and parameters: {'gradient_clip_val': 0.14130859143304705, 'hidden_size': 78, 'dropout': 0.3136523755227217, 'hidden_continuous_size': 76, 'attention_head_size': 2, 'learning_rate': 0.034116443578274605}. Best is trial 119 with value: 0.08717451244592667.
LOCAL_RANK: 0 - CUDA_VISIBLE_DEVICES: [0]
[I 2023-11-30 14:10:46,148] Trial 146 finished with value: 0.17333079874515533 and parameters: {'gradient_clip_val': 0.12549283966209973, 'hidden_size': 50, 'dropout': 0.27753286866031407, 'hidden_continuous_size': 49, 'attention_head_size': 2, 'learning_rate': 0.02274604181742627}. Best is trial 119 with value: 0.08717451244592667.
LOCAL_RANK: 0 - CUDA_VISIBLE_DEVICES: [0]
[I 2023-11-30 14:11:00,339] Trial 147 finished with value: 0.19045478105545044 and parameters: {'gradient_clip_val': 0.12079924368627393, 'hidden_size': 98, 'dropout': 0.3010311413350096, 'hidden_continuous_size': 93, 'attention_head_size': 2, 'learning_rate': 0.018078148915834806}. Best is trial 119 with value: 0.08717451244592667.
LOCAL_RANK: 0 - CUDA_VISIBLE_DEVICES: [0]
[I 2023-11-30 14:11:14,199] Trial 148 finished with value: 0.226141095161438 and parameters: {'gradient_clip_val': 0.10840091200776841, 'hidden_size': 92, 'dropout': 0.3194826374394942, 'hidden_continuous_size': 87, 'attention_head_size': 2, 'learning_rate': 0.027672027756079978}. Best is trial 119 with value: 0.08717451244592667.
LOCAL_RANK: 0 - CUDA_VISIBLE_DEVICES: [0]
[I 2023-11-30 14:11:28,290] Trial 149 finished with value: 0.22412247955799103 and parameters: {'gradient_clip_val': 0.2836796210556377, 'hidden_size': 109, 'dropout': 0.3259561470105371, 'hidden_continuous_size': 70, 'attention_head_size': 2, 'learning_rate': 0.031026253218954372}. Best is trial 119 with value: 0.08717451244592667.
[I 2023-11-30 14:11:28,416] A new study created in memory with name: no-name-2553105a-4ee2-47f2-81bf-71f5d938711a
/home/le004/conda/anaconda3/envs/tsff_env/lib/python3.9/site-packages/lightning/fabric/plugins/environments/slurm.py:191: The `srun` command is available on your system but is not used. HINT: If your intention is to run Lightning on SLURM, prepend your python command with `srun` like so: srun python /home/le004/master_thesis/git/TSFusionForecast/code/ ...
LOCAL_RANK: 0 - CUDA_VISIBLE_DEVICES: [0]
[I 2023-11-30 14:11:40,893] Trial 0 finished with value: 18.261056900024414 and parameters: {'gradient_clip_val': 0.9293164493582009, 'hidden_size': 35, 'dropout': 0.22396627955721654, 'hidden_continuous_size': 10, 'attention_head_size': 1, 'learning_rate': 0.09702094018273419}. Best is trial 0 with value: 18.261056900024414.
LOCAL_RANK: 0 - CUDA_VISIBLE_DEVICES: [0]
[I 2023-11-30 14:11:51,400] Trial 1 finished with value: 79.27987670898438 and parameters: {'gradient_clip_val': 0.30201644661888843, 'hidden_size': 16, 'dropout': 0.22267430864946824, 'hidden_continuous_size': 16, 'attention_head_size': 2, 'learning_rate': 0.004506819326429733}. Best is trial 0 with value: 18.261056900024414.
LOCAL_RANK: 0 - CUDA_VISIBLE_DEVICES: [0]
[I 2023-11-30 14:12:04,010] Trial 2 finished with value: 26.90083885192871 and parameters: {'gradient_clip_val': 0.10268021992182612, 'hidden_size': 11, 'dropout': 0.3188464503553877, 'hidden_continuous_size': 10, 'attention_head_size': 2, 'learning_rate': 0.05078375108529748}. Best is trial 0 with value: 18.261056900024414.
LOCAL_RANK: 0 - CUDA_VISIBLE_DEVICES: [0]
[I 2023-11-30 14:12:17,365] Trial 3 finished with value: 82.82120513916016 and parameters: {'gradient_clip_val': 0.12454258458464976, 'hidden_size': 33, 'dropout': 0.29978988529660067, 'hidden_continuous_size': 14, 'attention_head_size': 1, 'learning_rate': 0.0023970462569194765}. Best is trial 0 with value: 18.261056900024414.
LOCAL_RANK: 0 - CUDA_VISIBLE_DEVICES: [0]
[I 2023-11-30 14:12:29,827] Trial 4 finished with value: 123.43819427490234 and parameters: {'gradient_clip_val': 0.5756296510282185, 'hidden_size': 13, 'dropout': 0.38838294184303956, 'hidden_continuous_size': 10, 'attention_head_size': 1, 'learning_rate': 0.001335741170775626}. Best is trial 0 with value: 18.261056900024414.
LOCAL_RANK: 0 - CUDA_VISIBLE_DEVICES: [0]
[I 2023-11-30 14:12:42,364] Trial 5 finished with value: 23.87837791442871 and parameters: {'gradient_clip_val': 0.11739458553332112, 'hidden_size': 24, 'dropout': 0.18585175789450514, 'hidden_continuous_size': 15, 'attention_head_size': 1, 'learning_rate': 0.01965363700990829}. Best is trial 0 with value: 18.261056900024414.
LOCAL_RANK: 0 - CUDA_VISIBLE_DEVICES: [0]
[I 2023-11-30 14:12:56,567] Trial 6 finished with value: 17.66575050354004 and parameters: {'gradient_clip_val': 0.8985245871278741, 'hidden_size': 52, 'dropout': 0.10871573507116039, 'hidden_continuous_size': 47, 'attention_head_size': 2, 'learning_rate': 0.07981275388755148}. Best is trial 6 with value: 17.66575050354004.
LOCAL_RANK: 0 - CUDA_VISIBLE_DEVICES: [0]
[I 2023-11-30 14:13:09,756] Trial 7 finished with value: 20.163423538208008 and parameters: {'gradient_clip_val': 0.2383033299332472, 'hidden_size': 22, 'dropout': 0.3236786444575461, 'hidden_continuous_size': 12, 'attention_head_size': 2, 'learning_rate': 0.021389105581026767}. Best is trial 6 with value: 17.66575050354004.
LOCAL_RANK: 0 - CUDA_VISIBLE_DEVICES: [0]
[I 2023-11-30 14:13:20,655] Trial 8 finished with value: 61.139892578125 and parameters: {'gradient_clip_val': 0.21266037601301857, 'hidden_size': 10, 'dropout': 0.18542147988855884, 'hidden_continuous_size': 10, 'attention_head_size': 4, 'learning_rate': 0.023475390885977672}. Best is trial 6 with value: 17.66575050354004.
LOCAL_RANK: 0 - CUDA_VISIBLE_DEVICES: [0]
