[I 2023-11-30 02:03:20,148] Trial 114 finished with value: 0.17756684124469757 and parameters: {'gradient_clip_val': 0.9538666870182013, 'hidden_size': 149, 'dropout': 0.3403618885320913, 'hidden_continuous_size': 48, 'attention_head_size': 4, 'learning_rate': 0.010257991992944537}. Best is trial 55 with value: 0.058706700801849365.
LOCAL_RANK: 0 - CUDA_VISIBLE_DEVICES: [0]
[I 2023-11-30 02:03:34,037] Trial 115 finished with value: 0.20133860409259796 and parameters: {'gradient_clip_val': 0.8322610069162312, 'hidden_size': 101, 'dropout': 0.3496184811319164, 'hidden_continuous_size': 44, 'attention_head_size': 4, 'learning_rate': 0.011958771952497107}. Best is trial 55 with value: 0.058706700801849365.
LOCAL_RANK: 0 - CUDA_VISIBLE_DEVICES: [0]
[I 2023-11-30 02:03:47,951] Trial 116 finished with value: 0.11091229319572449 and parameters: {'gradient_clip_val': 0.905968689240845, 'hidden_size': 112, 'dropout': 0.33341594533164937, 'hidden_continuous_size': 52, 'attention_head_size': 4, 'learning_rate': 0.015450536551163047}. Best is trial 55 with value: 0.058706700801849365.
LOCAL_RANK: 0 - CUDA_VISIBLE_DEVICES: [0]
[I 2023-11-30 02:04:02,298] Trial 117 finished with value: 0.22560055553913116 and parameters: {'gradient_clip_val': 0.7991605953172262, 'hidden_size': 136, 'dropout': 0.3248872712272203, 'hidden_continuous_size': 36, 'attention_head_size': 4, 'learning_rate': 0.022808884337421346}. Best is trial 55 with value: 0.058706700801849365.
LOCAL_RANK: 0 - CUDA_VISIBLE_DEVICES: [0]
[I 2023-11-30 02:04:16,319] Trial 118 finished with value: 0.16493256390094757 and parameters: {'gradient_clip_val': 0.9648294973881879, 'hidden_size': 115, 'dropout': 0.3292851610310213, 'hidden_continuous_size': 37, 'attention_head_size': 4, 'learning_rate': 0.019032073238630758}. Best is trial 55 with value: 0.058706700801849365.
LOCAL_RANK: 0 - CUDA_VISIBLE_DEVICES: [0]
[I 2023-11-30 02:04:30,248] Trial 119 finished with value: 0.09591402858495712 and parameters: {'gradient_clip_val': 0.8690117745706093, 'hidden_size': 107, 'dropout': 0.31729520039107717, 'hidden_continuous_size': 39, 'attention_head_size': 4, 'learning_rate': 0.013611765183170199}. Best is trial 55 with value: 0.058706700801849365.
LOCAL_RANK: 0 - CUDA_VISIBLE_DEVICES: [0]
[I 2023-11-30 02:04:44,029] Trial 120 finished with value: 0.12300306558609009 and parameters: {'gradient_clip_val': 0.9195953438132543, 'hidden_size': 104, 'dropout': 0.3428537433836875, 'hidden_continuous_size': 35, 'attention_head_size': 4, 'learning_rate': 0.008920745155812057}. Best is trial 55 with value: 0.058706700801849365.
LOCAL_RANK: 0 - CUDA_VISIBLE_DEVICES: [0]
[I 2023-11-30 02:04:58,006] Trial 121 finished with value: 0.28113043308258057 and parameters: {'gradient_clip_val': 0.8641793336695738, 'hidden_size': 128, 'dropout': 0.31700559167446557, 'hidden_continuous_size': 40, 'attention_head_size': 4, 'learning_rate': 0.013721742940751399}. Best is trial 55 with value: 0.058706700801849365.
LOCAL_RANK: 0 - CUDA_VISIBLE_DEVICES: [0]
[I 2023-11-30 02:05:12,279] Trial 122 finished with value: 0.11594568938016891 and parameters: {'gradient_clip_val': 0.7591423727444325, 'hidden_size': 119, 'dropout': 0.336183733247074, 'hidden_continuous_size': 39, 'attention_head_size': 4, 'learning_rate': 0.016582104775939018}. Best is trial 55 with value: 0.058706700801849365.
LOCAL_RANK: 0 - CUDA_VISIBLE_DEVICES: [0]
[I 2023-11-30 02:05:26,175] Trial 123 finished with value: 0.1576046645641327 and parameters: {'gradient_clip_val': 0.8475899286450671, 'hidden_size': 86, 'dropout': 0.3029666591052808, 'hidden_continuous_size': 43, 'attention_head_size': 4, 'learning_rate': 0.012899578982560339}. Best is trial 55 with value: 0.058706700801849365.
LOCAL_RANK: 0 - CUDA_VISIBLE_DEVICES: [0]
[I 2023-11-30 02:05:40,039] Trial 124 finished with value: 0.13721798360347748 and parameters: {'gradient_clip_val': 0.9944039386707377, 'hidden_size': 107, 'dropout': 0.31307454923550787, 'hidden_continuous_size': 33, 'attention_head_size': 4, 'learning_rate': 0.010914296738960036}. Best is trial 55 with value: 0.058706700801849365.
LOCAL_RANK: 0 - CUDA_VISIBLE_DEVICES: [0]
[I 2023-11-30 02:05:54,413] Trial 125 finished with value: 0.13096101582050323 and parameters: {'gradient_clip_val': 0.8174424476385433, 'hidden_size': 142, 'dropout': 0.35035115766996366, 'hidden_continuous_size': 56, 'attention_head_size': 4, 'learning_rate': 0.01423778702315997}. Best is trial 55 with value: 0.058706700801849365.
LOCAL_RANK: 0 - CUDA_VISIBLE_DEVICES: [0]
[I 2023-11-30 02:06:08,696] Trial 126 finished with value: 0.14101488888263702 and parameters: {'gradient_clip_val': 0.7017694929777757, 'hidden_size': 133, 'dropout': 0.30711898252843395, 'hidden_continuous_size': 49, 'attention_head_size': 4, 'learning_rate': 0.025464011514490896}. Best is trial 55 with value: 0.058706700801849365.
LOCAL_RANK: 0 - CUDA_VISIBLE_DEVICES: [0]
[I 2023-11-30 02:06:22,543] Trial 127 finished with value: 0.46487584710121155 and parameters: {'gradient_clip_val': 0.8741438955215526, 'hidden_size': 79, 'dropout': 0.3609872355638443, 'hidden_continuous_size': 41, 'attention_head_size': 4, 'learning_rate': 0.018699443341083043}. Best is trial 55 with value: 0.058706700801849365.
LOCAL_RANK: 0 - CUDA_VISIBLE_DEVICES: [0]
[I 2023-11-30 02:06:36,486] Trial 128 finished with value: 0.10995063930749893 and parameters: {'gradient_clip_val': 0.942682541643535, 'hidden_size': 124, 'dropout': 0.3267817551464519, 'hidden_continuous_size': 37, 'attention_head_size': 4, 'learning_rate': 0.015237291439210952}. Best is trial 55 with value: 0.058706700801849365.
LOCAL_RANK: 0 - CUDA_VISIBLE_DEVICES: [0]
[I 2023-11-30 02:06:50,371] Trial 129 finished with value: 0.14105699956417084 and parameters: {'gradient_clip_val': 0.7262535091493307, 'hidden_size': 100, 'dropout': 0.3182520656134574, 'hidden_continuous_size': 47, 'attention_head_size': 4, 'learning_rate': 0.011914606723646574}. Best is trial 55 with value: 0.058706700801849365.
LOCAL_RANK: 0 - CUDA_VISIBLE_DEVICES: [0]
[I 2023-11-30 02:07:04,328] Trial 130 finished with value: 0.11816388368606567 and parameters: {'gradient_clip_val': 0.6698550414018594, 'hidden_size': 110, 'dropout': 0.33394141952923356, 'hidden_continuous_size': 44, 'attention_head_size': 4, 'learning_rate': 0.021596846393657602}. Best is trial 55 with value: 0.058706700801849365.
LOCAL_RANK: 0 - CUDA_VISIBLE_DEVICES: [0]
[I 2023-11-30 02:07:18,576] Trial 131 finished with value: 0.13782180845737457 and parameters: {'gradient_clip_val': 0.7852986086132929, 'hidden_size': 138, 'dropout': 0.27884322587514465, 'hidden_continuous_size': 50, 'attention_head_size': 4, 'learning_rate': 0.01739457267472295}. Best is trial 55 with value: 0.058706700801849365.
LOCAL_RANK: 0 - CUDA_VISIBLE_DEVICES: [0]
[I 2023-11-30 02:07:33,170] Trial 132 finished with value: 0.12701787054538727 and parameters: {'gradient_clip_val': 0.7716864308125857, 'hidden_size': 150, 'dropout': 0.30010955668747263, 'hidden_continuous_size': 45, 'attention_head_size': 4, 'learning_rate': 0.013322847563999256}. Best is trial 55 with value: 0.058706700801849365.
LOCAL_RANK: 0 - CUDA_VISIBLE_DEVICES: [0]
[I 2023-11-30 02:07:47,293] Trial 133 finished with value: 0.13024646043777466 and parameters: {'gradient_clip_val': 0.6235826811159068, 'hidden_size': 129, 'dropout': 0.34450395182598925, 'hidden_continuous_size': 39, 'attention_head_size': 4, 'learning_rate': 0.016464281921321416}. Best is trial 55 with value: 0.058706700801849365.
LOCAL_RANK: 0 - CUDA_VISIBLE_DEVICES: [0]
[I 2023-11-30 02:08:01,073] Trial 134 finished with value: 0.12506543099880219 and parameters: {'gradient_clip_val': 0.9086817244637253, 'hidden_size': 120, 'dropout': 0.3097955903395407, 'hidden_continuous_size': 42, 'attention_head_size': 4, 'learning_rate': 0.009959356712568725}. Best is trial 55 with value: 0.058706700801849365.
LOCAL_RANK: 0 - CUDA_VISIBLE_DEVICES: [0]
[I 2023-11-30 02:08:14,508] Trial 135 finished with value: 0.4063732624053955 and parameters: {'gradient_clip_val': 0.7381951408831239, 'hidden_size': 92, 'dropout': 0.3219905330264998, 'hidden_continuous_size': 31, 'attention_head_size': 4, 'learning_rate': 0.020547308018285738}. Best is trial 55 with value: 0.058706700801849365.
LOCAL_RANK: 0 - CUDA_VISIBLE_DEVICES: [0]
[I 2023-11-30 02:08:28,458] Trial 136 finished with value: 0.3211059868335724 and parameters: {'gradient_clip_val': 0.8420200222799369, 'hidden_size': 115, 'dropout': 0.292682919121309, 'hidden_continuous_size': 35, 'attention_head_size': 4, 'learning_rate': 0.014990619739939202}. Best is trial 55 with value: 0.058706700801849365.
LOCAL_RANK: 0 - CUDA_VISIBLE_DEVICES: [0]
[I 2023-11-30 02:08:43,013] Trial 137 finished with value: 0.3096276521682739 and parameters: {'gradient_clip_val': 0.8088658548464768, 'hidden_size': 142, 'dropout': 0.35799016031891473, 'hidden_continuous_size': 54, 'attention_head_size': 4, 'learning_rate': 0.01810198417166163}. Best is trial 55 with value: 0.058706700801849365.
LOCAL_RANK: 0 - CUDA_VISIBLE_DEVICES: [0]
[I 2023-11-30 02:08:57,105] Trial 138 finished with value: 0.24125522375106812 and parameters: {'gradient_clip_val': 0.8853409166534479, 'hidden_size': 127, 'dropout': 0.2662389424234274, 'hidden_continuous_size': 33, 'attention_head_size': 4, 'learning_rate': 0.024453492682088806}. Best is trial 55 with value: 0.058706700801849365.
LOCAL_RANK: 0 - CUDA_VISIBLE_DEVICES: [0]
[I 2023-11-30 02:09:10,858] Trial 139 finished with value: 0.09013447165489197 and parameters: {'gradient_clip_val': 0.6802812229124586, 'hidden_size': 96, 'dropout': 0.2814884355452498, 'hidden_continuous_size': 37, 'attention_head_size': 4, 'learning_rate': 0.011982680281632784}. Best is trial 55 with value: 0.058706700801849365.
LOCAL_RANK: 0 - CUDA_VISIBLE_DEVICES: [0]
[I 2023-11-30 02:09:24,390] Trial 140 finished with value: 0.14344477653503418 and parameters: {'gradient_clip_val': 0.5976052035212484, 'hidden_size': 88, 'dropout': 0.2753040166521134, 'hidden_continuous_size': 37, 'attention_head_size': 4, 'learning_rate': 0.01181308843442538}. Best is trial 55 with value: 0.058706700801849365.
LOCAL_RANK: 0 - CUDA_VISIBLE_DEVICES: [0]
[I 2023-11-30 02:09:38,227] Trial 141 finished with value: 0.23647570610046387 and parameters: {'gradient_clip_val': 0.663523333849534, 'hidden_size': 95, 'dropout': 0.28262731698720356, 'hidden_continuous_size': 41, 'attention_head_size': 4, 'learning_rate': 0.013142453263657148}. Best is trial 55 with value: 0.058706700801849365.
LOCAL_RANK: 0 - CUDA_VISIBLE_DEVICES: [0]
[I 2023-11-30 02:09:52,154] Trial 142 finished with value: 0.10888323187828064 and parameters: {'gradient_clip_val': 0.7074454986637629, 'hidden_size': 100, 'dropout': 0.2972447612365561, 'hidden_continuous_size': 39, 'attention_head_size': 4, 'learning_rate': 0.0107559272495928}. Best is trial 55 with value: 0.058706700801849365.
LOCAL_RANK: 0 - CUDA_VISIBLE_DEVICES: [0]
[I 2023-11-30 02:10:06,101] Trial 143 finished with value: 0.4588991105556488 and parameters: {'gradient_clip_val': 0.7589539719598886, 'hidden_size': 109, 'dropout': 0.28909716699802945, 'hidden_continuous_size': 34, 'attention_head_size': 4, 'learning_rate': 0.01486272687830672}. Best is trial 55 with value: 0.058706700801849365.
LOCAL_RANK: 0 - CUDA_VISIBLE_DEVICES: [0]
[I 2023-11-30 02:10:20,242] Trial 144 finished with value: 0.12542958557605743 and parameters: {'gradient_clip_val': 0.9376949976984462, 'hidden_size': 118, 'dropout': 0.3030098207067607, 'hidden_continuous_size': 47, 'attention_head_size': 4, 'learning_rate': 0.016345160867707}. Best is trial 55 with value: 0.058706700801849365.
LOCAL_RANK: 0 - CUDA_VISIBLE_DEVICES: [0]
[I 2023-11-30 02:10:34,493] Trial 145 finished with value: 0.07717365026473999 and parameters: {'gradient_clip_val': 0.6474966730825047, 'hidden_size': 137, 'dropout': 0.3388985490867813, 'hidden_continuous_size': 59, 'attention_head_size': 4, 'learning_rate': 0.012336735392629446}. Best is trial 55 with value: 0.058706700801849365.
LOCAL_RANK: 0 - CUDA_VISIBLE_DEVICES: [0]
[I 2023-11-30 02:10:48,960] Trial 146 finished with value: 0.4732961654663086 and parameters: {'gradient_clip_val': 0.6227540383554928, 'hidden_size': 134, 'dropout': 0.3387946385938817, 'hidden_continuous_size': 67, 'attention_head_size': 4, 'learning_rate': 0.009501249942959077}. Best is trial 55 with value: 0.058706700801849365.
LOCAL_RANK: 0 - CUDA_VISIBLE_DEVICES: [0]
[I 2023-11-30 02:11:03,500] Trial 147 finished with value: 0.14787356555461884 and parameters: {'gradient_clip_val': 0.5731797624448534, 'hidden_size': 139, 'dropout': 0.3492209444729232, 'hidden_continuous_size': 52, 'attention_head_size': 4, 'learning_rate': 0.012497438883805168}. Best is trial 55 with value: 0.058706700801849365.
LOCAL_RANK: 0 - CUDA_VISIBLE_DEVICES: [0]
[I 2023-11-30 02:11:17,892] Trial 148 finished with value: 0.16066856682300568 and parameters: {'gradient_clip_val': 0.6455177548532961, 'hidden_size': 145, 'dropout': 0.25913599699015266, 'hidden_continuous_size': 59, 'attention_head_size': 4, 'learning_rate': 0.011273893722947983}. Best is trial 55 with value: 0.058706700801849365.
LOCAL_RANK: 0 - CUDA_VISIBLE_DEVICES: [0]
[I 2023-11-30 02:11:31,984] Trial 149 finished with value: 0.09661086648702621 and parameters: {'gradient_clip_val': 0.5423244362340983, 'hidden_size': 125, 'dropout': 0.32940235951459707, 'hidden_continuous_size': 56, 'attention_head_size': 4, 'learning_rate': 0.014043679737041253}. Best is trial 55 with value: 0.058706700801849365.
[I 2023-11-30 02:11:32,092] A new study created in memory with name: no-name-3fab919a-4937-4843-b4b8-e9701e588770
/home/le004/conda/anaconda3/envs/tsff_env/lib/python3.9/site-packages/lightning/fabric/plugins/environments/slurm.py:191: The `srun` command is available on your system but is not used. HINT: If your intention is to run Lightning on SLURM, prepend your python command with `srun` like so: srun python /home/le004/master_thesis/git/TSFusionForecast/code/ ...
LOCAL_RANK: 0 - CUDA_VISIBLE_DEVICES: [0]
[I 2023-11-30 02:11:44,818] Trial 0 finished with value: 18.282119750976562 and parameters: {'gradient_clip_val': 0.11043695276681441, 'hidden_size': 52, 'dropout': 0.27871507361938874, 'hidden_continuous_size': 29, 'attention_head_size': 1, 'learning_rate': 0.005217745008825582}. Best is trial 0 with value: 18.282119750976562.
LOCAL_RANK: 0 - CUDA_VISIBLE_DEVICES: [0]
[I 2023-11-30 02:11:57,122] Trial 1 finished with value: 25.983556747436523 and parameters: {'gradient_clip_val': 0.2827414658409312, 'hidden_size': 36, 'dropout': 0.34832066170599446, 'hidden_continuous_size': 19, 'attention_head_size': 1, 'learning_rate': 0.03634821897212289}. Best is trial 0 with value: 18.282119750976562.
LOCAL_RANK: 0 - CUDA_VISIBLE_DEVICES: [0]
[I 2023-11-30 02:12:09,505] Trial 2 finished with value: 18.04631805419922 and parameters: {'gradient_clip_val': 0.289553847867698, 'hidden_size': 15, 'dropout': 0.32364379480529626, 'hidden_continuous_size': 12, 'attention_head_size': 4, 'learning_rate': 0.05744683619945888}. Best is trial 2 with value: 18.04631805419922.
LOCAL_RANK: 0 - CUDA_VISIBLE_DEVICES: [0]
[I 2023-11-30 02:12:21,510] Trial 3 finished with value: 27.134309768676758 and parameters: {'gradient_clip_val': 0.29943254553095183, 'hidden_size': 16, 'dropout': 0.18345303686750414, 'hidden_continuous_size': 10, 'attention_head_size': 4, 'learning_rate': 0.001221991566725379}. Best is trial 2 with value: 18.04631805419922.
LOCAL_RANK: 0 - CUDA_VISIBLE_DEVICES: [0]
[I 2023-11-30 02:12:33,708] Trial 4 finished with value: 30.31324005126953 and parameters: {'gradient_clip_val': 0.6548789637090591, 'hidden_size': 24, 'dropout': 0.36706626631517925, 'hidden_continuous_size': 21, 'attention_head_size': 4, 'learning_rate': 0.07561722587164184}. Best is trial 2 with value: 18.04631805419922.
LOCAL_RANK: 0 - CUDA_VISIBLE_DEVICES: [0]
[I 2023-11-30 02:12:46,552] Trial 5 finished with value: 19.621917724609375 and parameters: {'gradient_clip_val': 0.12103998659001017, 'hidden_size': 65, 'dropout': 0.12454429452279701, 'hidden_continuous_size': 13, 'attention_head_size': 2, 'learning_rate': 0.00500588023689485}. Best is trial 2 with value: 18.04631805419922.
LOCAL_RANK: 0 - CUDA_VISIBLE_DEVICES: [0]
[I 2023-11-30 02:12:57,044] Trial 6 finished with value: 33.36282730102539 and parameters: {'gradient_clip_val': 0.2378065526858388, 'hidden_size': 10, 'dropout': 0.17637255206710667, 'hidden_continuous_size': 10, 'attention_head_size': 1, 'learning_rate': 0.0017364809005150645}. Best is trial 2 with value: 18.04631805419922.
LOCAL_RANK: 0 - CUDA_VISIBLE_DEVICES: [0]
[I 2023-11-30 02:13:10,680] Trial 7 finished with value: 24.566125869750977 and parameters: {'gradient_clip_val': 0.2596297314246299, 'hidden_size': 61, 'dropout': 0.20924992930701092, 'hidden_continuous_size': 60, 'attention_head_size': 2, 'learning_rate': 0.024185690596004436}. Best is trial 2 with value: 18.04631805419922.
LOCAL_RANK: 0 - CUDA_VISIBLE_DEVICES: [0]
[I 2023-11-30 02:13:23,025] Trial 8 finished with value: 23.766769409179688 and parameters: {'gradient_clip_val': 0.1609670628647507, 'hidden_size': 22, 'dropout': 0.28198674373753574, 'hidden_continuous_size': 18, 'attention_head_size': 1, 'learning_rate': 0.010580185630228627}. Best is trial 2 with value: 18.04631805419922.
LOCAL_RANK: 0 - CUDA_VISIBLE_DEVICES: [0]
[I 2023-11-30 02:13:34,766] Trial 9 finished with value: 45.09804916381836 and parameters: {'gradient_clip_val': 0.42865170623715604, 'hidden_size': 16, 'dropout': 0.26581475991078185, 'hidden_continuous_size': 10, 'attention_head_size': 2, 'learning_rate': 0.0014557404193942102}. Best is trial 2 with value: 18.04631805419922.
LOCAL_RANK: 0 - CUDA_VISIBLE_DEVICES: [0]
[I 2023-11-30 02:13:49,371] Trial 10 finished with value: 45.062557220458984 and parameters: {'gradient_clip_val': 0.769202185462544, 'hidden_size': 136, 'dropout': 0.38257700508566367, 'hidden_continuous_size': 135, 'attention_head_size': 3, 'learning_rate': 0.08057147781495977}. Best is trial 2 with value: 18.04631805419922.
LOCAL_RANK: 0 - CUDA_VISIBLE_DEVICES: [0]
[I 2023-11-30 02:14:02,090] Trial 11 finished with value: 19.94856071472168 and parameters: {'gradient_clip_val': 0.11499005172131241, 'hidden_size': 42, 'dropout': 0.31070759968019557, 'hidden_continuous_size': 14, 'attention_head_size': 3, 'learning_rate': 0.007870816628625063}. Best is trial 2 with value: 18.04631805419922.
LOCAL_RANK: 0 - CUDA_VISIBLE_DEVICES: [0]
[I 2023-11-30 02:14:12,358] Trial 12 finished with value: 28.47052001953125 and parameters: {'gradient_clip_val': 0.17770992141224523, 'hidden_size': 10, 'dropout': 0.3132145892317505, 'hidden_continuous_size': 10, 'attention_head_size': 3, 'learning_rate': 0.019132256513429716}. Best is trial 2 with value: 18.04631805419922.
LOCAL_RANK: 0 - CUDA_VISIBLE_DEVICES: [0]
[I 2023-11-30 02:14:25,235] Trial 13 finished with value: 21.542098999023438 and parameters: {'gradient_clip_val': 0.10129957480986272, 'hidden_size': 35, 'dropout': 0.24636658492718957, 'hidden_continuous_size': 14, 'attention_head_size': 4, 'learning_rate': 0.004099338292411021}. Best is trial 2 with value: 18.04631805419922.
LOCAL_RANK: 0 - CUDA_VISIBLE_DEVICES: [0]
[I 2023-11-30 02:14:38,548] Trial 14 finished with value: 31.693479537963867 and parameters: {'gradient_clip_val': 0.43320317016482207, 'hidden_size': 71, 'dropout': 0.33035931051233924, 'hidden_continuous_size': 27, 'attention_head_size': 2, 'learning_rate': 0.0450612113940488}. Best is trial 2 with value: 18.04631805419922.
LOCAL_RANK: 0 - CUDA_VISIBLE_DEVICES: [0]
[I 2023-11-30 02:14:52,458] Trial 15 finished with value: 32.48762512207031 and parameters: {'gradient_clip_val': 0.17796043473605108, 'hidden_size': 106, 'dropout': 0.3967965699532472, 'hidden_continuous_size': 30, 'attention_head_size': 3, 'learning_rate': 0.0989924653158404}. Best is trial 2 with value: 18.04631805419922.
LOCAL_RANK: 0 - CUDA_VISIBLE_DEVICES: [0]
[I 2023-11-30 02:15:05,317] Trial 16 finished with value: 26.763708114624023 and parameters: {'gradient_clip_val': 0.39331973262948344, 'hidden_size': 45, 'dropout': 0.2939102961799701, 'hidden_continuous_size': 15, 'attention_head_size': 4, 'learning_rate': 0.015570138738831726}. Best is trial 2 with value: 18.04631805419922.
LOCAL_RANK: 0 - CUDA_VISIBLE_DEVICES: [0]
[I 2023-11-30 02:15:17,456] Trial 17 finished with value: 36.113136291503906 and parameters: {'gradient_clip_val': 0.1452069611453505, 'hidden_size': 27, 'dropout': 0.3477271105828011, 'hidden_continuous_size': 12, 'attention_head_size': 1, 'learning_rate': 0.0030193851448093115}. Best is trial 2 with value: 18.04631805419922.
LOCAL_RANK: 0 - CUDA_VISIBLE_DEVICES: [0]
[I 2023-11-30 02:15:29,732] Trial 18 finished with value: 26.066492080688477 and parameters: {'gradient_clip_val': 0.20543528440764233, 'hidden_size': 15, 'dropout': 0.2466684810847143, 'hidden_continuous_size': 11, 'attention_head_size': 3, 'learning_rate': 0.008505180937652729}. Best is trial 2 with value: 18.04631805419922.
LOCAL_RANK: 0 - CUDA_VISIBLE_DEVICES: [0]
[I 2023-11-30 02:15:42,589] Trial 19 finished with value: 30.198328018188477 and parameters: {'gradient_clip_val': 0.13574469114417084, 'hidden_size': 52, 'dropout': 0.33168428890209106, 'hidden_continuous_size': 17, 'attention_head_size': 2, 'learning_rate': 0.03095438205986884}. Best is trial 2 with value: 18.04631805419922.
LOCAL_RANK: 0 - CUDA_VISIBLE_DEVICES: [0]
[I 2023-11-30 02:15:55,090] Trial 20 finished with value: 18.517879486083984 and parameters: {'gradient_clip_val': 0.19815795121512117, 'hidden_size': 31, 'dropout': 0.2717533330964406, 'hidden_continuous_size': 12, 'attention_head_size': 4, 'learning_rate': 0.013644725210753106}. Best is trial 2 with value: 18.04631805419922.
LOCAL_RANK: 0 - CUDA_VISIBLE_DEVICES: [0]
