[I 2023-11-30 08:05:02,466] Trial 138 finished with value: 0.09976577758789062 and parameters: {'gradient_clip_val': 0.5570190569260212, 'hidden_size': 62, 'dropout': 0.35360923819004064, 'hidden_continuous_size': 25, 'attention_head_size': 3, 'learning_rate': 0.0997584212234059}. Best is trial 132 with value: 0.07398898899555206.
LOCAL_RANK: 0 - CUDA_VISIBLE_DEVICES: [0]
[I 2023-11-30 08:05:15,817] Trial 139 finished with value: 0.12788638472557068 and parameters: {'gradient_clip_val': 0.6394386094758429, 'hidden_size': 71, 'dropout': 0.36275222452604844, 'hidden_continuous_size': 32, 'attention_head_size': 3, 'learning_rate': 0.08428170315602888}. Best is trial 132 with value: 0.07398898899555206.
LOCAL_RANK: 0 - CUDA_VISIBLE_DEVICES: [0]
[I 2023-11-30 08:05:29,158] Trial 140 finished with value: 0.09996897727251053 and parameters: {'gradient_clip_val': 0.5941326133403226, 'hidden_size': 65, 'dropout': 0.36728430392057626, 'hidden_continuous_size': 27, 'attention_head_size': 3, 'learning_rate': 0.07220045581573105}. Best is trial 132 with value: 0.07398898899555206.
LOCAL_RANK: 0 - CUDA_VISIBLE_DEVICES: [0]
[I 2023-11-30 08:05:42,059] Trial 141 finished with value: 0.1216094121336937 and parameters: {'gradient_clip_val': 0.6966742168609283, 'hidden_size': 52, 'dropout': 0.35563054466951544, 'hidden_continuous_size': 27, 'attention_head_size': 3, 'learning_rate': 0.06673275589717997}. Best is trial 132 with value: 0.07398898899555206.
LOCAL_RANK: 0 - CUDA_VISIBLE_DEVICES: [0]
[I 2023-11-30 08:05:55,114] Trial 142 finished with value: 0.10278568416833878 and parameters: {'gradient_clip_val': 0.6661999069169684, 'hidden_size': 46, 'dropout': 0.37078420102846466, 'hidden_continuous_size': 22, 'attention_head_size': 3, 'learning_rate': 0.07860331899399685}. Best is trial 132 with value: 0.07398898899555206.
LOCAL_RANK: 0 - CUDA_VISIBLE_DEVICES: [0]
[I 2023-11-30 08:06:08,504] Trial 143 finished with value: 0.11244665831327438 and parameters: {'gradient_clip_val': 0.7375945264915429, 'hidden_size': 77, 'dropout': 0.3600040261002676, 'hidden_continuous_size': 26, 'attention_head_size': 3, 'learning_rate': 0.0491691720972068}. Best is trial 132 with value: 0.07398898899555206.
LOCAL_RANK: 0 - CUDA_VISIBLE_DEVICES: [0]
[I 2023-11-30 08:06:21,848] Trial 144 finished with value: 0.14630383253097534 and parameters: {'gradient_clip_val': 0.6119736262025978, 'hidden_size': 69, 'dropout': 0.3479154046659191, 'hidden_continuous_size': 28, 'attention_head_size': 3, 'learning_rate': 0.01867597197574087}. Best is trial 132 with value: 0.07398898899555206.
LOCAL_RANK: 0 - CUDA_VISIBLE_DEVICES: [0]
[I 2023-11-30 08:06:34,964] Trial 145 finished with value: 0.10965460538864136 and parameters: {'gradient_clip_val': 0.5254796817188376, 'hidden_size': 61, 'dropout': 0.3768984868902166, 'hidden_continuous_size': 20, 'attention_head_size': 2, 'learning_rate': 0.04470484976929965}. Best is trial 132 with value: 0.07398898899555206.
LOCAL_RANK: 0 - CUDA_VISIBLE_DEVICES: [0]
[I 2023-11-30 08:06:48,721] Trial 146 finished with value: 0.09353503584861755 and parameters: {'gradient_clip_val': 0.49227344686759406, 'hidden_size': 83, 'dropout': 0.3141589211159453, 'hidden_continuous_size': 30, 'attention_head_size': 3, 'learning_rate': 0.08448259122133572}. Best is trial 132 with value: 0.07398898899555206.
LOCAL_RANK: 0 - CUDA_VISIBLE_DEVICES: [0]
[I 2023-11-30 08:07:01,906] Trial 147 finished with value: 0.11755784600973129 and parameters: {'gradient_clip_val': 0.6583660028970365, 'hidden_size': 59, 'dropout': 0.34183928498774524, 'hidden_continuous_size': 15, 'attention_head_size': 1, 'learning_rate': 0.06640834953279076}. Best is trial 132 with value: 0.07398898899555206.
LOCAL_RANK: 0 - CUDA_VISIBLE_DEVICES: [0]
[I 2023-11-30 08:07:15,377] Trial 148 finished with value: 0.14458200335502625 and parameters: {'gradient_clip_val': 0.5730618568062643, 'hidden_size': 73, 'dropout': 0.2914249098631805, 'hidden_continuous_size': 25, 'attention_head_size': 3, 'learning_rate': 0.05599340884657671}. Best is trial 132 with value: 0.07398898899555206.
LOCAL_RANK: 0 - CUDA_VISIBLE_DEVICES: [0]
[I 2023-11-30 08:07:28,034] Trial 149 finished with value: 0.08586844056844711 and parameters: {'gradient_clip_val': 0.6306706780083818, 'hidden_size': 48, 'dropout': 0.31742985148381, 'hidden_continuous_size': 21, 'attention_head_size': 2, 'learning_rate': 0.07449245245106662}. Best is trial 132 with value: 0.07398898899555206.
[I 2023-11-30 08:07:28,141] A new study created in memory with name: no-name-92694ff0-8b6e-4430-b897-4514e18cc934
/home/le004/conda/anaconda3/envs/tsff_env/lib/python3.9/site-packages/lightning/fabric/plugins/environments/slurm.py:191: The `srun` command is available on your system but is not used. HINT: If your intention is to run Lightning on SLURM, prepend your python command with `srun` like so: srun python /home/le004/master_thesis/git/TSFusionForecast/code/ ...
LOCAL_RANK: 0 - CUDA_VISIBLE_DEVICES: [0]
[I 2023-11-30 08:07:40,688] Trial 0 finished with value: 15.320816993713379 and parameters: {'gradient_clip_val': 0.15336627526565272, 'hidden_size': 35, 'dropout': 0.21941458168501385, 'hidden_continuous_size': 15, 'attention_head_size': 2, 'learning_rate': 0.018181289291714038}. Best is trial 0 with value: 15.320816993713379.
LOCAL_RANK: 0 - CUDA_VISIBLE_DEVICES: [0]
[I 2023-11-30 08:07:53,008] Trial 1 finished with value: 13.972525596618652 and parameters: {'gradient_clip_val': 0.14319727555870418, 'hidden_size': 29, 'dropout': 0.2890557423616956, 'hidden_continuous_size': 10, 'attention_head_size': 3, 'learning_rate': 0.048096657523462934}. Best is trial 1 with value: 13.972525596618652.
LOCAL_RANK: 0 - CUDA_VISIBLE_DEVICES: [0]
[I 2023-11-30 08:08:06,956] Trial 2 finished with value: 16.047698974609375 and parameters: {'gradient_clip_val': 0.8168074773695208, 'hidden_size': 92, 'dropout': 0.11992887683675962, 'hidden_continuous_size': 41, 'attention_head_size': 4, 'learning_rate': 0.009516904795319251}. Best is trial 1 with value: 13.972525596618652.
LOCAL_RANK: 0 - CUDA_VISIBLE_DEVICES: [0]
[I 2023-11-30 08:08:18,617] Trial 3 finished with value: 16.645896911621094 and parameters: {'gradient_clip_val': 0.23214807366319326, 'hidden_size': 16, 'dropout': 0.3267699659365867, 'hidden_continuous_size': 10, 'attention_head_size': 1, 'learning_rate': 0.021704608502879048}. Best is trial 1 with value: 13.972525596618652.
LOCAL_RANK: 0 - CUDA_VISIBLE_DEVICES: [0]
[I 2023-11-30 08:08:30,820] Trial 4 finished with value: 17.52538299560547 and parameters: {'gradient_clip_val': 0.1452489168129091, 'hidden_size': 13, 'dropout': 0.15347559880775846, 'hidden_continuous_size': 10, 'attention_head_size': 3, 'learning_rate': 0.03144146581810453}. Best is trial 1 with value: 13.972525596618652.
LOCAL_RANK: 0 - CUDA_VISIBLE_DEVICES: [0]
[I 2023-11-30 08:08:44,085] Trial 5 finished with value: 18.143081665039062 and parameters: {'gradient_clip_val': 0.5800184587167854, 'hidden_size': 53, 'dropout': 0.22147543249062837, 'hidden_continuous_size': 34, 'attention_head_size': 3, 'learning_rate': 0.017850305522554694}. Best is trial 1 with value: 13.972525596618652.
LOCAL_RANK: 0 - CUDA_VISIBLE_DEVICES: [0]
[I 2023-11-30 08:08:56,144] Trial 6 finished with value: 53.99371337890625 and parameters: {'gradient_clip_val': 0.5407531740306843, 'hidden_size': 17, 'dropout': 0.22540347000951771, 'hidden_continuous_size': 11, 'attention_head_size': 2, 'learning_rate': 0.0027701346684574782}. Best is trial 1 with value: 13.972525596618652.
LOCAL_RANK: 0 - CUDA_VISIBLE_DEVICES: [0]
[I 2023-11-30 08:09:08,510] Trial 7 finished with value: 39.2664680480957 and parameters: {'gradient_clip_val': 0.3316019277246356, 'hidden_size': 29, 'dropout': 0.30813657012339163, 'hidden_continuous_size': 14, 'attention_head_size': 1, 'learning_rate': 0.0029408768610586604}. Best is trial 1 with value: 13.972525596618652.
LOCAL_RANK: 0 - CUDA_VISIBLE_DEVICES: [0]
[I 2023-11-30 08:09:20,812] Trial 8 finished with value: 43.9859733581543 and parameters: {'gradient_clip_val': 0.5777869891021614, 'hidden_size': 15, 'dropout': 0.34205991240643885, 'hidden_continuous_size': 13, 'attention_head_size': 4, 'learning_rate': 0.004801792913618024}. Best is trial 1 with value: 13.972525596618652.
LOCAL_RANK: 0 - CUDA_VISIBLE_DEVICES: [0]
[I 2023-11-30 08:09:34,129] Trial 9 finished with value: 17.71904754638672 and parameters: {'gradient_clip_val': 0.21148940336865527, 'hidden_size': 59, 'dropout': 0.22312935941240875, 'hidden_continuous_size': 54, 'attention_head_size': 1, 'learning_rate': 0.005150178891705036}. Best is trial 1 with value: 13.972525596618652.
LOCAL_RANK: 0 - CUDA_VISIBLE_DEVICES: [0]
[I 2023-11-30 08:09:48,475] Trial 10 finished with value: 19.683570861816406 and parameters: {'gradient_clip_val': 0.11230548992515778, 'hidden_size': 133, 'dropout': 0.3763579149370746, 'hidden_continuous_size': 96, 'attention_head_size': 3, 'learning_rate': 0.06883526450645336}. Best is trial 1 with value: 13.972525596618652.
LOCAL_RANK: 0 - CUDA_VISIBLE_DEVICES: [0]
[I 2023-11-30 08:10:00,532] Trial 11 finished with value: 18.89439582824707 and parameters: {'gradient_clip_val': 0.13792332513431663, 'hidden_size': 28, 'dropout': 0.2772687836381892, 'hidden_continuous_size': 12, 'attention_head_size': 2, 'learning_rate': 0.09868840470468247}. Best is trial 1 with value: 13.972525596618652.
LOCAL_RANK: 0 - CUDA_VISIBLE_DEVICES: [0]
[I 2023-11-30 08:10:13,146] Trial 12 finished with value: 13.89275074005127 and parameters: {'gradient_clip_val': 0.10083139144294541, 'hidden_size': 34, 'dropout': 0.27003358628424884, 'hidden_continuous_size': 15, 'attention_head_size': 2, 'learning_rate': 0.04469607231003722}. Best is trial 12 with value: 13.89275074005127.
LOCAL_RANK: 0 - CUDA_VISIBLE_DEVICES: [0]
[I 2023-11-30 08:10:25,703] Trial 13 finished with value: 17.961946487426758 and parameters: {'gradient_clip_val': 0.10253008192604743, 'hidden_size': 25, 'dropout': 0.2676131868981493, 'hidden_continuous_size': 12, 'attention_head_size': 3, 'learning_rate': 0.04300029508163353}. Best is trial 12 with value: 13.89275074005127.
LOCAL_RANK: 0 - CUDA_VISIBLE_DEVICES: [0]
[I 2023-11-30 08:10:38,784] Trial 14 finished with value: 38.650691986083984 and parameters: {'gradient_clip_val': 0.10562508247125574, 'hidden_size': 46, 'dropout': 0.39920913041187844, 'hidden_continuous_size': 17, 'attention_head_size': 2, 'learning_rate': 0.0010497235840221024}. Best is trial 12 with value: 13.89275074005127.
LOCAL_RANK: 0 - CUDA_VISIBLE_DEVICES: [0]
[I 2023-11-30 08:10:51,479] Trial 15 finished with value: 16.912155151367188 and parameters: {'gradient_clip_val': 0.18438965379275735, 'hidden_size': 39, 'dropout': 0.2935180469945398, 'hidden_continuous_size': 17, 'attention_head_size': 4, 'learning_rate': 0.046624216184389174}. Best is trial 12 with value: 13.89275074005127.
LOCAL_RANK: 0 - CUDA_VISIBLE_DEVICES: [0]
[I 2023-11-30 08:11:01,880] Trial 16 finished with value: 14.71886157989502 and parameters: {'gradient_clip_val': 0.2737255377363722, 'hidden_size': 10, 'dropout': 0.2545139227239794, 'hidden_continuous_size': 10, 'attention_head_size': 3, 'learning_rate': 0.09828359573939636}. Best is trial 12 with value: 13.89275074005127.
LOCAL_RANK: 0 - CUDA_VISIBLE_DEVICES: [0]
[I 2023-11-30 08:11:14,092] Trial 17 finished with value: 19.218673706054688 and parameters: {'gradient_clip_val': 0.16905093579421, 'hidden_size': 22, 'dropout': 0.33677511507220137, 'hidden_continuous_size': 11, 'attention_head_size': 2, 'learning_rate': 0.051485782393816557}. Best is trial 12 with value: 13.89275074005127.
LOCAL_RANK: 0 - CUDA_VISIBLE_DEVICES: [0]
[I 2023-11-30 08:11:26,718] Trial 18 finished with value: 17.727903366088867 and parameters: {'gradient_clip_val': 0.12488996357928321, 'hidden_size': 21, 'dropout': 0.2919949651801059, 'hidden_continuous_size': 11, 'attention_head_size': 3, 'learning_rate': 0.028595172123471308}. Best is trial 12 with value: 13.89275074005127.
LOCAL_RANK: 0 - CUDA_VISIBLE_DEVICES: [0]
[I 2023-11-30 08:11:39,188] Trial 19 finished with value: 16.799428939819336 and parameters: {'gradient_clip_val': 0.10245440030134143, 'hidden_size': 36, 'dropout': 0.25587354550233254, 'hidden_continuous_size': 14, 'attention_head_size': 2, 'learning_rate': 0.06427077852412565}. Best is trial 12 with value: 13.89275074005127.
LOCAL_RANK: 0 - CUDA_VISIBLE_DEVICES: [0]
[I 2023-11-30 08:11:52,228] Trial 20 finished with value: 18.932371139526367 and parameters: {'gradient_clip_val': 0.13214352080348524, 'hidden_size': 65, 'dropout': 0.1834351386256672, 'hidden_continuous_size': 21, 'attention_head_size': 1, 'learning_rate': 0.03308889107362709}. Best is trial 12 with value: 13.89275074005127.
LOCAL_RANK: 0 - CUDA_VISIBLE_DEVICES: [0]
[I 2023-11-30 08:12:04,376] Trial 21 finished with value: 15.784939765930176 and parameters: {'gradient_clip_val': 0.26529295870858516, 'hidden_size': 11, 'dropout': 0.2521355053731683, 'hidden_continuous_size': 10, 'attention_head_size': 3, 'learning_rate': 0.09912243869605945}. Best is trial 12 with value: 13.89275074005127.
LOCAL_RANK: 0 - CUDA_VISIBLE_DEVICES: [0]
[I 2023-11-30 08:12:14,671] Trial 22 finished with value: 15.227883338928223 and parameters: {'gradient_clip_val': 0.1848997234272444, 'hidden_size': 10, 'dropout': 0.27592808869665, 'hidden_continuous_size': 10, 'attention_head_size': 3, 'learning_rate': 0.07031130077161325}. Best is trial 12 with value: 13.89275074005127.
LOCAL_RANK: 0 - CUDA_VISIBLE_DEVICES: [0]
[I 2023-11-30 08:12:27,161] Trial 23 finished with value: 19.225536346435547 and parameters: {'gradient_clip_val': 0.31568833288207376, 'hidden_size': 20, 'dropout': 0.30413086376028337, 'hidden_continuous_size': 10, 'attention_head_size': 4, 'learning_rate': 0.0946227275831936}. Best is trial 12 with value: 13.89275074005127.
LOCAL_RANK: 0 - CUDA_VISIBLE_DEVICES: [0]
[I 2023-11-30 08:12:39,323] Trial 24 finished with value: 21.08418846130371 and parameters: {'gradient_clip_val': 0.1286251969770143, 'hidden_size': 12, 'dropout': 0.24091272069399616, 'hidden_continuous_size': 10, 'attention_head_size': 3, 'learning_rate': 0.04761580697303767}. Best is trial 12 with value: 13.89275074005127.
LOCAL_RANK: 0 - CUDA_VISIBLE_DEVICES: [0]
[I 2023-11-30 08:12:51,651] Trial 25 finished with value: 16.740854263305664 and parameters: {'gradient_clip_val': 0.1494641431771155, 'hidden_size': 30, 'dropout': 0.25153894756884476, 'hidden_continuous_size': 12, 'attention_head_size': 2, 'learning_rate': 0.0649683569928631}. Best is trial 12 with value: 13.89275074005127.
LOCAL_RANK: 0 - CUDA_VISIBLE_DEVICES: [0]
[I 2023-11-30 08:13:02,038] Trial 26 finished with value: 17.952226638793945 and parameters: {'gradient_clip_val': 0.16627356108228858, 'hidden_size': 10, 'dropout': 0.19583482175685757, 'hidden_continuous_size': 10, 'attention_head_size': 3, 'learning_rate': 0.030747705075101855}. Best is trial 12 with value: 13.89275074005127.
LOCAL_RANK: 0 - CUDA_VISIBLE_DEVICES: [0]
[I 2023-11-30 08:13:14,627] Trial 27 finished with value: 17.469764709472656 and parameters: {'gradient_clip_val': 0.1239139494610509, 'hidden_size': 18, 'dropout': 0.2787093621997617, 'hidden_continuous_size': 11, 'attention_head_size': 4, 'learning_rate': 0.04678592926280846}. Best is trial 12 with value: 13.89275074005127.
LOCAL_RANK: 0 - CUDA_VISIBLE_DEVICES: [0]
[I 2023-11-30 08:13:26,709] Trial 28 finished with value: 14.65942096710205 and parameters: {'gradient_clip_val': 0.19531571017393712, 'hidden_size': 24, 'dropout': 0.3073179284350039, 'hidden_continuous_size': 11, 'attention_head_size': 2, 'learning_rate': 0.07463548134117438}. Best is trial 12 with value: 13.89275074005127.
LOCAL_RANK: 0 - CUDA_VISIBLE_DEVICES: [0]
[I 2023-11-30 08:13:39,319] Trial 29 finished with value: 14.206703186035156 and parameters: {'gradient_clip_val': 0.16505913510330392, 'hidden_size': 34, 'dropout': 0.31712786450270947, 'hidden_continuous_size': 13, 'attention_head_size': 2, 'learning_rate': 0.01974419825058169}. Best is trial 12 with value: 13.89275074005127.
LOCAL_RANK: 0 - CUDA_VISIBLE_DEVICES: [0]
[I 2023-11-30 08:13:51,779] Trial 30 finished with value: 15.383721351623535 and parameters: {'gradient_clip_val': 0.15547423764445956, 'hidden_size': 33, 'dropout': 0.3165824518489677, 'hidden_continuous_size': 15, 'attention_head_size': 1, 'learning_rate': 0.01753885145988098}. Best is trial 12 with value: 13.89275074005127.
LOCAL_RANK: 0 - CUDA_VISIBLE_DEVICES: [0]
[I 2023-11-30 08:14:04,098] Trial 31 finished with value: 16.467721939086914 and parameters: {'gradient_clip_val': 0.20145205821246295, 'hidden_size': 40, 'dropout': 0.32402989137610533, 'hidden_continuous_size': 13, 'attention_head_size': 2, 'learning_rate': 0.022811363908816433}. Best is trial 12 with value: 13.89275074005127.
LOCAL_RANK: 0 - CUDA_VISIBLE_DEVICES: [0]
[I 2023-11-30 08:14:16,167] Trial 32 finished with value: 15.54944896697998 and parameters: {'gradient_clip_val': 0.15330321598774757, 'hidden_size': 25, 'dropout': 0.34435315633686286, 'hidden_continuous_size': 11, 'attention_head_size': 2, 'learning_rate': 0.012694471895943757}. Best is trial 12 with value: 13.89275074005127.
LOCAL_RANK: 0 - CUDA_VISIBLE_DEVICES: [0]
[I 2023-11-30 08:14:28,856] Trial 33 finished with value: 20.175058364868164 and parameters: {'gradient_clip_val': 0.12672173590093544, 'hidden_size': 35, 'dropout': 0.29259138314013905, 'hidden_continuous_size': 12, 'attention_head_size': 2, 'learning_rate': 0.03553615406678609}. Best is trial 12 with value: 13.89275074005127.
LOCAL_RANK: 0 - CUDA_VISIBLE_DEVICES: [0]
[I 2023-11-30 08:14:40,965] Trial 34 finished with value: 14.357050895690918 and parameters: {'gradient_clip_val': 0.11458504882371803, 'hidden_size': 25, 'dropout': 0.3128149659853779, 'hidden_continuous_size': 13, 'attention_head_size': 2, 'learning_rate': 0.02384050589177537}. Best is trial 12 with value: 13.89275074005127.
LOCAL_RANK: 0 - CUDA_VISIBLE_DEVICES: [0]
[I 2023-11-30 08:14:53,850] Trial 35 finished with value: 17.181365966796875 and parameters: {'gradient_clip_val': 0.1117975882457198, 'hidden_size': 45, 'dropout': 0.3575418245956348, 'hidden_continuous_size': 17, 'attention_head_size': 1, 'learning_rate': 0.02498970222461341}. Best is trial 12 with value: 13.89275074005127.
LOCAL_RANK: 0 - CUDA_VISIBLE_DEVICES: [0]
[I 2023-11-30 08:15:06,241] Trial 36 finished with value: 15.721850395202637 and parameters: {'gradient_clip_val': 0.10116774300772513, 'hidden_size': 31, 'dropout': 0.32705162183139375, 'hidden_continuous_size': 15, 'attention_head_size': 2, 'learning_rate': 0.018049176225521425}. Best is trial 12 with value: 13.89275074005127.
LOCAL_RANK: 0 - CUDA_VISIBLE_DEVICES: [0]
[I 2023-11-30 08:15:18,561] Trial 37 finished with value: 14.207515716552734 and parameters: {'gradient_clip_val': 0.14888073386733744, 'hidden_size': 26, 'dropout': 0.3182039803245952, 'hidden_continuous_size': 13, 'attention_head_size': 2, 'learning_rate': 0.037480639107391495}. Best is trial 12 with value: 13.89275074005127.
LOCAL_RANK: 0 - CUDA_VISIBLE_DEVICES: [0]
[I 2023-11-30 08:15:30,806] Trial 38 finished with value: 16.05533790588379 and parameters: {'gradient_clip_val': 0.1449403832840243, 'hidden_size': 28, 'dropout': 0.29171733856046944, 'hidden_continuous_size': 14, 'attention_head_size': 1, 'learning_rate': 0.036735067071461514}. Best is trial 12 with value: 13.89275074005127.
LOCAL_RANK: 0 - CUDA_VISIBLE_DEVICES: [0]
[I 2023-11-30 08:15:42,902] Trial 39 finished with value: 19.90918731689453 and parameters: {'gradient_clip_val': 0.1733490433277697, 'hidden_size': 15, 'dropout': 0.35627982938243297, 'hidden_continuous_size': 12, 'attention_head_size': 2, 'learning_rate': 0.014239245240655628}. Best is trial 12 with value: 13.89275074005127.
LOCAL_RANK: 0 - CUDA_VISIBLE_DEVICES: [0]
[I 2023-11-30 08:15:55,486] Trial 40 finished with value: 18.256078720092773 and parameters: {'gradient_clip_val': 0.14434296769352867, 'hidden_size': 34, 'dropout': 0.331675740852518, 'hidden_continuous_size': 16, 'attention_head_size': 2, 'learning_rate': 0.028718486464229587}. Best is trial 12 with value: 13.89275074005127.
LOCAL_RANK: 0 - CUDA_VISIBLE_DEVICES: [0]
[I 2023-11-30 08:16:07,552] Trial 41 finished with value: 15.89383602142334 and parameters: {'gradient_clip_val': 0.10970933091869232, 'hidden_size': 26, 'dropout': 0.31138996502031063, 'hidden_continuous_size': 13, 'attention_head_size': 2, 'learning_rate': 0.02324084320413642}. Best is trial 12 with value: 13.89275074005127.
LOCAL_RANK: 0 - CUDA_VISIBLE_DEVICES: [0]
[I 2023-11-30 08:16:19,736] Trial 42 finished with value: 15.51540756225586 and parameters: {'gradient_clip_val': 0.11885171485147544, 'hidden_size': 22, 'dropout': 0.31620351763176174, 'hidden_continuous_size': 13, 'attention_head_size': 2, 'learning_rate': 0.03763996089682252}. Best is trial 12 with value: 13.89275074005127.
LOCAL_RANK: 0 - CUDA_VISIBLE_DEVICES: [0]
[I 2023-11-30 08:16:31,979] Trial 43 finished with value: 16.212356567382812 and parameters: {'gradient_clip_val': 0.114958395949161, 'hidden_size': 19, 'dropout': 0.10508695627137771, 'hidden_continuous_size': 13, 'attention_head_size': 2, 'learning_rate': 0.022291066856379025}. Best is trial 12 with value: 13.89275074005127.
LOCAL_RANK: 0 - CUDA_VISIBLE_DEVICES: [0]
[I 2023-11-30 08:16:44,501] Trial 44 finished with value: 15.584564208984375 and parameters: {'gradient_clip_val': 0.13435190857932017, 'hidden_size': 30, 'dropout': 0.26524467637455484, 'hidden_continuous_size': 15, 'attention_head_size': 3, 'learning_rate': 0.028625702607059135}. Best is trial 12 with value: 13.89275074005127.
LOCAL_RANK: 0 - CUDA_VISIBLE_DEVICES: [0]
