[I 2023-11-30 13:46:31,872] Trial 44 finished with value: 0.1834060102701187 and parameters: {'gradient_clip_val': 0.3578862659313351, 'hidden_size': 81, 'dropout': 0.3271984214057919, 'hidden_continuous_size': 65, 'attention_head_size': 2, 'learning_rate': 0.024331121341571525}. Best is trial 29 with value: 0.10205081105232239.
LOCAL_RANK: 0 - CUDA_VISIBLE_DEVICES: [0]
[I 2023-11-30 13:46:46,521] Trial 45 finished with value: 0.1728772670030594 and parameters: {'gradient_clip_val': 0.41688460510927394, 'hidden_size': 130, 'dropout': 0.2607403958548398, 'hidden_continuous_size': 87, 'attention_head_size': 2, 'learning_rate': 0.01656808353673984}. Best is trial 29 with value: 0.10205081105232239.
LOCAL_RANK: 0 - CUDA_VISIBLE_DEVICES: [0]
[I 2023-11-30 13:47:01,184] Trial 46 finished with value: 0.17895908653736115 and parameters: {'gradient_clip_val': 0.5103734114934863, 'hidden_size': 94, 'dropout': 0.29276591400997026, 'hidden_continuous_size': 74, 'attention_head_size': 1, 'learning_rate': 0.012885546901183653}. Best is trial 29 with value: 0.10205081105232239.
LOCAL_RANK: 0 - CUDA_VISIBLE_DEVICES: [0]
[I 2023-11-30 13:47:16,157] Trial 47 finished with value: 0.1503089815378189 and parameters: {'gradient_clip_val': 0.32094538564809794, 'hidden_size': 73, 'dropout': 0.31341549036172417, 'hidden_continuous_size': 58, 'attention_head_size': 3, 'learning_rate': 0.04015922685035171}. Best is trial 29 with value: 0.10205081105232239.
LOCAL_RANK: 0 - CUDA_VISIBLE_DEVICES: [0]
[I 2023-11-30 13:47:30,682] Trial 48 finished with value: 0.10098346322774887 and parameters: {'gradient_clip_val': 0.14374624750095466, 'hidden_size': 85, 'dropout': 0.2833572722058015, 'hidden_continuous_size': 70, 'attention_head_size': 2, 'learning_rate': 0.021978708216703585}. Best is trial 48 with value: 0.10098346322774887.
LOCAL_RANK: 0 - CUDA_VISIBLE_DEVICES: [0]
[I 2023-11-30 13:47:44,582] Trial 49 finished with value: 0.19200241565704346 and parameters: {'gradient_clip_val': 0.1329672560309727, 'hidden_size': 80, 'dropout': 0.3381917219920937, 'hidden_continuous_size': 63, 'attention_head_size': 2, 'learning_rate': 0.02161314963988777}. Best is trial 48 with value: 0.10098346322774887.
LOCAL_RANK: 0 - CUDA_VISIBLE_DEVICES: [0]
[I 2023-11-30 13:47:59,466] Trial 50 finished with value: 0.14014747738838196 and parameters: {'gradient_clip_val': 0.15349951256092587, 'hidden_size': 105, 'dropout': 0.3127341679895226, 'hidden_continuous_size': 83, 'attention_head_size': 2, 'learning_rate': 0.03588774909074498}. Best is trial 48 with value: 0.10098346322774887.
LOCAL_RANK: 0 - CUDA_VISIBLE_DEVICES: [0]
[I 2023-11-30 13:48:14,426] Trial 51 finished with value: 0.20971520245075226 and parameters: {'gradient_clip_val': 0.14645114951013508, 'hidden_size': 105, 'dropout': 0.28032108197526573, 'hidden_continuous_size': 83, 'attention_head_size': 2, 'learning_rate': 0.032866182483599404}. Best is trial 48 with value: 0.10098346322774887.
LOCAL_RANK: 0 - CUDA_VISIBLE_DEVICES: [0]
[I 2023-11-30 13:48:30,174] Trial 52 finished with value: 0.10954131931066513 and parameters: {'gradient_clip_val': 0.14633791357167, 'hidden_size': 118, 'dropout': 0.31355257821666593, 'hidden_continuous_size': 91, 'attention_head_size': 2, 'learning_rate': 0.06069988836448509}. Best is trial 48 with value: 0.10098346322774887.
LOCAL_RANK: 0 - CUDA_VISIBLE_DEVICES: [0]
[I 2023-11-30 13:48:45,280] Trial 53 finished with value: 0.24671268463134766 and parameters: {'gradient_clip_val': 0.12336809018100679, 'hidden_size': 130, 'dropout': 0.2968311581712426, 'hidden_continuous_size': 115, 'attention_head_size': 2, 'learning_rate': 0.06121486162029176}. Best is trial 48 with value: 0.10098346322774887.
LOCAL_RANK: 0 - CUDA_VISIBLE_DEVICES: [0]
[I 2023-11-30 13:49:01,446] Trial 54 finished with value: 0.2262589931488037 and parameters: {'gradient_clip_val': 0.14171533663144134, 'hidden_size': 136, 'dropout': 0.2726230290663657, 'hidden_continuous_size': 124, 'attention_head_size': 2, 'learning_rate': 0.07868085681482363}. Best is trial 48 with value: 0.10098346322774887.
LOCAL_RANK: 0 - CUDA_VISIBLE_DEVICES: [0]
[I 2023-11-30 13:49:16,486] Trial 55 finished with value: 0.16341477632522583 and parameters: {'gradient_clip_val': 0.16057335887657206, 'hidden_size': 117, 'dropout': 0.3174637164628092, 'hidden_continuous_size': 93, 'attention_head_size': 2, 'learning_rate': 0.046729553495491544}. Best is trial 48 with value: 0.10098346322774887.
LOCAL_RANK: 0 - CUDA_VISIBLE_DEVICES: [0]
[I 2023-11-30 13:49:31,446] Trial 56 finished with value: 0.33210328221321106 and parameters: {'gradient_clip_val': 0.12037195489745119, 'hidden_size': 83, 'dropout': 0.33341118088032573, 'hidden_continuous_size': 76, 'attention_head_size': 3, 'learning_rate': 0.09901387301078321}. Best is trial 48 with value: 0.10098346322774887.
LOCAL_RANK: 0 - CUDA_VISIBLE_DEVICES: [0]
[I 2023-11-30 13:49:46,613] Trial 57 finished with value: 0.23669284582138062 and parameters: {'gradient_clip_val': 0.13306879817463854, 'hidden_size': 138, 'dropout': 0.30587708425954435, 'hidden_continuous_size': 107, 'attention_head_size': 2, 'learning_rate': 0.02168939789769192}. Best is trial 48 with value: 0.10098346322774887.
LOCAL_RANK: 0 - CUDA_VISIBLE_DEVICES: [0]
[I 2023-11-30 13:50:01,536] Trial 58 finished with value: 0.1711716204881668 and parameters: {'gradient_clip_val': 0.1141564928240671, 'hidden_size': 117, 'dropout': 0.28617244432018224, 'hidden_continuous_size': 93, 'attention_head_size': 2, 'learning_rate': 0.0609814536323489}. Best is trial 48 with value: 0.10098346322774887.
LOCAL_RANK: 0 - CUDA_VISIBLE_DEVICES: [0]
[I 2023-11-30 13:50:16,030] Trial 59 finished with value: 0.20672960579395294 and parameters: {'gradient_clip_val': 0.17897138726331605, 'hidden_size': 96, 'dropout': 0.3205099643317103, 'hidden_continuous_size': 86, 'attention_head_size': 2, 'learning_rate': 0.04220125955827088}. Best is trial 48 with value: 0.10098346322774887.
LOCAL_RANK: 0 - CUDA_VISIBLE_DEVICES: [0]
[I 2023-11-30 13:50:31,575] Trial 60 finished with value: 0.1887565404176712 and parameters: {'gradient_clip_val': 0.17015689562037523, 'hidden_size': 150, 'dropout': 0.34671031189053214, 'hidden_continuous_size': 129, 'attention_head_size': 4, 'learning_rate': 0.03235707063002097}. Best is trial 48 with value: 0.10098346322774887.
LOCAL_RANK: 0 - CUDA_VISIBLE_DEVICES: [0]
[I 2023-11-30 13:50:46,542] Trial 61 finished with value: 0.1772022694349289 and parameters: {'gradient_clip_val': 0.1448723137454435, 'hidden_size': 107, 'dropout': 0.31471021626989765, 'hidden_continuous_size': 95, 'attention_head_size': 2, 'learning_rate': 0.03731422302174011}. Best is trial 48 with value: 0.10098346322774887.
LOCAL_RANK: 0 - CUDA_VISIBLE_DEVICES: [0]
[I 2023-11-30 13:51:01,216] Trial 62 finished with value: 0.14734309911727905 and parameters: {'gradient_clip_val': 0.15570791634788117, 'hidden_size': 106, 'dropout': 0.29571773945615326, 'hidden_continuous_size': 80, 'attention_head_size': 2, 'learning_rate': 0.0305243551525418}. Best is trial 48 with value: 0.10098346322774887.
LOCAL_RANK: 0 - CUDA_VISIBLE_DEVICES: [0]
[I 2023-11-30 13:51:15,790] Trial 63 finished with value: 0.17864274978637695 and parameters: {'gradient_clip_val': 0.21396022532300074, 'hidden_size': 73, 'dropout': 0.30790279609401416, 'hidden_continuous_size': 68, 'attention_head_size': 2, 'learning_rate': 0.01799204350850607}. Best is trial 48 with value: 0.10098346322774887.
LOCAL_RANK: 0 - CUDA_VISIBLE_DEVICES: [0]
[I 2023-11-30 13:51:30,499] Trial 64 finished with value: 0.09875339269638062 and parameters: {'gradient_clip_val': 0.15215592945521056, 'hidden_size': 124, 'dropout': 0.28089223892193615, 'hidden_continuous_size': 101, 'attention_head_size': 2, 'learning_rate': 0.027314919550801894}. Best is trial 64 with value: 0.09875339269638062.
LOCAL_RANK: 0 - CUDA_VISIBLE_DEVICES: [0]
[I 2023-11-30 13:51:45,328] Trial 65 finished with value: 0.22281219065189362 and parameters: {'gradient_clip_val': 0.13690482539891632, 'hidden_size': 123, 'dropout': 0.2678355566377678, 'hidden_continuous_size': 103, 'attention_head_size': 2, 'learning_rate': 0.020751591579968923}. Best is trial 64 with value: 0.09875339269638062.
LOCAL_RANK: 0 - CUDA_VISIBLE_DEVICES: [0]
[I 2023-11-30 13:52:00,304] Trial 66 finished with value: 0.1745602935552597 and parameters: {'gradient_clip_val': 0.10656444218996011, 'hidden_size': 136, 'dropout': 0.27918073370894886, 'hidden_continuous_size': 121, 'attention_head_size': 2, 'learning_rate': 0.02701345735159053}. Best is trial 64 with value: 0.09875339269638062.
LOCAL_RANK: 0 - CUDA_VISIBLE_DEVICES: [0]
[I 2023-11-30 13:52:14,900] Trial 67 finished with value: 0.2664608359336853 and parameters: {'gradient_clip_val': 0.11840006676025948, 'hidden_size': 117, 'dropout': 0.2937315323496439, 'hidden_continuous_size': 106, 'attention_head_size': 1, 'learning_rate': 0.027869069420590486}. Best is trial 64 with value: 0.09875339269638062.
LOCAL_RANK: 0 - CUDA_VISIBLE_DEVICES: [0]
[I 2023-11-30 13:52:29,387] Trial 68 finished with value: 0.20556092262268066 and parameters: {'gradient_clip_val': 0.17438138972566436, 'hidden_size': 87, 'dropout': 0.25702518145885034, 'hidden_continuous_size': 78, 'attention_head_size': 2, 'learning_rate': 0.05189739507684026}. Best is trial 64 with value: 0.09875339269638062.
LOCAL_RANK: 0 - CUDA_VISIBLE_DEVICES: [0]
[I 2023-11-30 13:52:45,147] Trial 69 finished with value: 0.16233940422534943 and parameters: {'gradient_clip_val': 0.442366916403495, 'hidden_size': 97, 'dropout': 0.28207470791226147, 'hidden_continuous_size': 88, 'attention_head_size': 3, 'learning_rate': 0.017786738819864326}. Best is trial 64 with value: 0.09875339269638062.
LOCAL_RANK: 0 - CUDA_VISIBLE_DEVICES: [0]
[I 2023-11-30 13:52:59,990] Trial 70 finished with value: 0.20364077389240265 and parameters: {'gradient_clip_val': 0.1239764356670527, 'hidden_size': 112, 'dropout': 0.26710066429884705, 'hidden_continuous_size': 98, 'attention_head_size': 2, 'learning_rate': 0.02369587642229364}. Best is trial 64 with value: 0.09875339269638062.
LOCAL_RANK: 0 - CUDA_VISIBLE_DEVICES: [0]
[I 2023-11-30 13:53:14,832] Trial 71 finished with value: 0.10068043321371078 and parameters: {'gradient_clip_val': 0.1597362597489998, 'hidden_size': 102, 'dropout': 0.30690370296936464, 'hidden_continuous_size': 91, 'attention_head_size': 2, 'learning_rate': 0.0326674664439522}. Best is trial 64 with value: 0.09875339269638062.
LOCAL_RANK: 0 - CUDA_VISIBLE_DEVICES: [0]
[I 2023-11-30 13:53:30,187] Trial 72 finished with value: 0.24986346065998077 and parameters: {'gradient_clip_val': 0.15195216586374924, 'hidden_size': 123, 'dropout': 0.30419805346208995, 'hidden_continuous_size': 110, 'attention_head_size': 2, 'learning_rate': 0.042450658686219465}. Best is trial 64 with value: 0.09875339269638062.
LOCAL_RANK: 0 - CUDA_VISIBLE_DEVICES: [0]
[I 2023-11-30 13:53:46,704] Trial 73 finished with value: 0.18109630048274994 and parameters: {'gradient_clip_val': 0.16617387622332508, 'hidden_size': 142, 'dropout': 0.29174222597153326, 'hidden_continuous_size': 132, 'attention_head_size': 2, 'learning_rate': 0.03457800483697921}. Best is trial 64 with value: 0.09875339269638062.
LOCAL_RANK: 0 - CUDA_VISIBLE_DEVICES: [0]
[I 2023-11-30 13:54:01,259] Trial 74 finished with value: 0.17347852885723114 and parameters: {'gradient_clip_val': 0.18400297833962478, 'hidden_size': 90, 'dropout': 0.32836622272714655, 'hidden_continuous_size': 77, 'attention_head_size': 2, 'learning_rate': 0.029693559883110583}. Best is trial 64 with value: 0.09875339269638062.
LOCAL_RANK: 0 - CUDA_VISIBLE_DEVICES: [0]
[I 2023-11-30 13:54:15,998] Trial 75 finished with value: 0.21703137457370758 and parameters: {'gradient_clip_val': 0.10916705495171573, 'hidden_size': 101, 'dropout': 0.32100264719355703, 'hidden_continuous_size': 90, 'attention_head_size': 2, 'learning_rate': 0.026103317889867885}. Best is trial 64 with value: 0.09875339269638062.
LOCAL_RANK: 0 - CUDA_VISIBLE_DEVICES: [0]
[I 2023-11-30 13:54:31,997] Trial 76 finished with value: 0.22396528720855713 and parameters: {'gradient_clip_val': 0.1614228304927745, 'hidden_size': 139, 'dropout': 0.2851473304714064, 'hidden_continuous_size': 119, 'attention_head_size': 2, 'learning_rate': 0.0459667316117835}. Best is trial 64 with value: 0.09875339269638062.
LOCAL_RANK: 0 - CUDA_VISIBLE_DEVICES: [0]
[I 2023-11-30 13:54:47,375] Trial 77 finished with value: 0.28488293290138245 and parameters: {'gradient_clip_val': 0.13252009085450403, 'hidden_size': 111, 'dropout': 0.27504775422595323, 'hidden_continuous_size': 97, 'attention_head_size': 2, 'learning_rate': 0.06804877595581894}. Best is trial 64 with value: 0.09875339269638062.
LOCAL_RANK: 0 - CUDA_VISIBLE_DEVICES: [0]
[I 2023-11-30 13:55:02,382] Trial 78 finished with value: 0.26450133323669434 and parameters: {'gradient_clip_val': 0.378490137583207, 'hidden_size': 85, 'dropout': 0.29474616184255886, 'hidden_continuous_size': 80, 'attention_head_size': 2, 'learning_rate': 0.022294907010967452}. Best is trial 64 with value: 0.09875339269638062.
LOCAL_RANK: 0 - CUDA_VISIBLE_DEVICES: [0]
[I 2023-11-30 13:55:17,452] Trial 79 finished with value: 0.13392823934555054 and parameters: {'gradient_clip_val': 0.19937131043473338, 'hidden_size': 123, 'dropout': 0.30781379725217733, 'hidden_continuous_size': 102, 'attention_head_size': 2, 'learning_rate': 0.01933704475013941}. Best is trial 64 with value: 0.09875339269638062.
LOCAL_RANK: 0 - CUDA_VISIBLE_DEVICES: [0]
[I 2023-11-30 13:55:31,653] Trial 80 finished with value: 0.1740862876176834 and parameters: {'gradient_clip_val': 0.13901548512580417, 'hidden_size': 94, 'dropout': 0.25090646627622276, 'hidden_continuous_size': 87, 'attention_head_size': 1, 'learning_rate': 0.03847140177017395}. Best is trial 64 with value: 0.09875339269638062.
LOCAL_RANK: 0 - CUDA_VISIBLE_DEVICES: [0]
[I 2023-11-30 13:55:45,835] Trial 81 finished with value: 0.17224155366420746 and parameters: {'gradient_clip_val': 0.19163518789713208, 'hidden_size': 123, 'dropout': 0.30590479182034835, 'hidden_continuous_size': 109, 'attention_head_size': 2, 'learning_rate': 0.01996265611251676}. Best is trial 64 with value: 0.09875339269638062.
LOCAL_RANK: 0 - CUDA_VISIBLE_DEVICES: [0]
[I 2023-11-30 13:56:00,276] Trial 82 finished with value: 0.19132296741008759 and parameters: {'gradient_clip_val': 0.1553312031160144, 'hidden_size': 130, 'dropout': 0.30206904877945345, 'hidden_continuous_size': 101, 'attention_head_size': 2, 'learning_rate': 0.014119710659222474}. Best is trial 64 with value: 0.09875339269638062.
LOCAL_RANK: 0 - CUDA_VISIBLE_DEVICES: [0]
[I 2023-11-30 13:56:15,214] Trial 83 finished with value: 0.20601893961429596 and parameters: {'gradient_clip_val': 0.16880584279546113, 'hidden_size': 146, 'dropout': 0.28129926911822234, 'hidden_continuous_size': 130, 'attention_head_size': 2, 'learning_rate': 0.023941269089834866}. Best is trial 64 with value: 0.09875339269638062.
LOCAL_RANK: 0 - CUDA_VISIBLE_DEVICES: [0]
[I 2023-11-30 13:56:29,510] Trial 84 finished with value: 0.2270824909210205 and parameters: {'gradient_clip_val': 0.14238760359603314, 'hidden_size': 110, 'dropout': 0.30929504518194645, 'hidden_continuous_size': 101, 'attention_head_size': 2, 'learning_rate': 0.033372398950789195}. Best is trial 64 with value: 0.09875339269638062.
LOCAL_RANK: 0 - CUDA_VISIBLE_DEVICES: [0]
[I 2023-11-30 13:56:43,767] Trial 85 finished with value: 0.18962538242340088 and parameters: {'gradient_clip_val': 0.12840442475590927, 'hidden_size': 121, 'dropout': 0.2638668058626329, 'hidden_continuous_size': 112, 'attention_head_size': 2, 'learning_rate': 0.017661042089570946}. Best is trial 64 with value: 0.09875339269638062.
LOCAL_RANK: 0 - CUDA_VISIBLE_DEVICES: [0]
[I 2023-11-30 13:56:57,830] Trial 86 finished with value: 0.14548301696777344 and parameters: {'gradient_clip_val': 0.1489354822028158, 'hidden_size': 101, 'dropout': 0.28771028005852267, 'hidden_continuous_size': 94, 'attention_head_size': 2, 'learning_rate': 0.015698487428952145}. Best is trial 64 with value: 0.09875339269638062.
LOCAL_RANK: 0 - CUDA_VISIBLE_DEVICES: [0]
[I 2023-11-30 13:57:11,974] Trial 87 finished with value: 0.1713213175535202 and parameters: {'gradient_clip_val': 0.19838175355337492, 'hidden_size': 132, 'dropout': 0.2715348627668566, 'hidden_continuous_size': 71, 'attention_head_size': 2, 'learning_rate': 0.026572071347928425}. Best is trial 64 with value: 0.09875339269638062.
LOCAL_RANK: 0 - CUDA_VISIBLE_DEVICES: [0]
[I 2023-11-30 13:57:26,323] Trial 88 finished with value: 0.1369374543428421 and parameters: {'gradient_clip_val': 0.11539411954084412, 'hidden_size': 112, 'dropout': 0.2972188997497367, 'hidden_continuous_size': 105, 'attention_head_size': 3, 'learning_rate': 0.030118291927673988}. Best is trial 64 with value: 0.09875339269638062.
LOCAL_RANK: 0 - CUDA_VISIBLE_DEVICES: [0]
[I 2023-11-30 13:57:40,309] Trial 89 finished with value: 0.25112923979759216 and parameters: {'gradient_clip_val': 0.4607932691545554, 'hidden_size': 79, 'dropout': 0.3215980740426896, 'hidden_continuous_size': 74, 'attention_head_size': 2, 'learning_rate': 0.01929660277945877}. Best is trial 64 with value: 0.09875339269638062.
LOCAL_RANK: 0 - CUDA_VISIBLE_DEVICES: [0]
[I 2023-11-30 13:57:54,434] Trial 90 finished with value: 0.1304870992898941 and parameters: {'gradient_clip_val': 0.4203005149878869, 'hidden_size': 97, 'dropout': 0.29881425993415356, 'hidden_continuous_size': 90, 'attention_head_size': 2, 'learning_rate': 0.02270405425238046}. Best is trial 64 with value: 0.09875339269638062.
LOCAL_RANK: 0 - CUDA_VISIBLE_DEVICES: [0]
[I 2023-11-30 13:58:08,632] Trial 91 finished with value: 0.24428057670593262 and parameters: {'gradient_clip_val': 0.41693207490896594, 'hidden_size': 99, 'dropout': 0.2983980588411441, 'hidden_continuous_size': 91, 'attention_head_size': 2, 'learning_rate': 0.02232976704717123}. Best is trial 64 with value: 0.09875339269638062.
LOCAL_RANK: 0 - CUDA_VISIBLE_DEVICES: [0]
[I 2023-11-30 13:58:22,601] Trial 92 finished with value: 0.13736505806446075 and parameters: {'gradient_clip_val': 0.4563058717434986, 'hidden_size': 86, 'dropout': 0.3141412580640307, 'hidden_continuous_size': 82, 'attention_head_size': 2, 'learning_rate': 0.02727285777704641}. Best is trial 64 with value: 0.09875339269638062.
LOCAL_RANK: 0 - CUDA_VISIBLE_DEVICES: [0]
[I 2023-11-30 13:58:36,653] Trial 93 finished with value: 0.31989049911499023 and parameters: {'gradient_clip_val': 0.502826693949339, 'hidden_size': 67, 'dropout': 0.28804677460478995, 'hidden_continuous_size': 65, 'attention_head_size': 2, 'learning_rate': 0.03446874294649838}. Best is trial 64 with value: 0.09875339269638062.
LOCAL_RANK: 0 - CUDA_VISIBLE_DEVICES: [0]
[I 2023-11-30 13:58:50,939] Trial 94 finished with value: 0.22707749903202057 and parameters: {'gradient_clip_val': 0.3769098001174038, 'hidden_size': 119, 'dropout': 0.2760107578591381, 'hidden_continuous_size': 102, 'attention_head_size': 2, 'learning_rate': 0.02347263088829534}. Best is trial 64 with value: 0.09875339269638062.
LOCAL_RANK: 0 - CUDA_VISIBLE_DEVICES: [0]
[I 2023-11-30 13:59:05,681] Trial 95 finished with value: 0.1353299766778946 and parameters: {'gradient_clip_val': 0.40110957368400374, 'hidden_size': 150, 'dropout': 0.3097616049661448, 'hidden_continuous_size': 136, 'attention_head_size': 2, 'learning_rate': 0.019052213920465803}. Best is trial 64 with value: 0.09875339269638062.
LOCAL_RANK: 0 - CUDA_VISIBLE_DEVICES: [0]
[I 2023-11-30 13:59:19,697] Trial 96 finished with value: 0.10330303758382797 and parameters: {'gradient_clip_val': 0.43193620510570746, 'hidden_size': 93, 'dropout': 0.3009113355526668, 'hidden_continuous_size': 86, 'attention_head_size': 2, 'learning_rate': 0.016818055780082077}. Best is trial 64 with value: 0.09875339269638062.
LOCAL_RANK: 0 - CUDA_VISIBLE_DEVICES: [0]
[I 2023-11-30 13:59:33,613] Trial 97 finished with value: 0.23386697471141815 and parameters: {'gradient_clip_val': 0.4398925223048975, 'hidden_size': 92, 'dropout': 0.3001786878612211, 'hidden_continuous_size': 86, 'attention_head_size': 2, 'learning_rate': 0.016793462552759042}. Best is trial 64 with value: 0.09875339269638062.
LOCAL_RANK: 0 - CUDA_VISIBLE_DEVICES: [0]
[I 2023-11-30 13:59:47,628] Trial 98 finished with value: 0.25136950612068176 and parameters: {'gradient_clip_val': 0.1011597490844358, 'hidden_size': 104, 'dropout': 0.2907518287892187, 'hidden_continuous_size': 92, 'attention_head_size': 2, 'learning_rate': 0.025690371326313584}. Best is trial 64 with value: 0.09875339269638062.
LOCAL_RANK: 0 - CUDA_VISIBLE_DEVICES: [0]
[I 2023-11-30 14:00:01,746] Trial 99 finished with value: 0.10200873762369156 and parameters: {'gradient_clip_val': 0.343882026778563, 'hidden_size': 84, 'dropout': 0.2812973846205389, 'hidden_continuous_size': 77, 'attention_head_size': 2, 'learning_rate': 0.030893474949172547}. Best is trial 64 with value: 0.09875339269638062.
LOCAL_RANK: 0 - CUDA_VISIBLE_DEVICES: [0]
[I 2023-11-30 14:00:15,717] Trial 100 finished with value: 0.1725194901227951 and parameters: {'gradient_clip_val': 0.3404566876967134, 'hidden_size': 72, 'dropout': 0.2824313669339462, 'hidden_continuous_size': 69, 'attention_head_size': 2, 'learning_rate': 0.03810085147867379}. Best is trial 64 with value: 0.09875339269638062.
LOCAL_RANK: 0 - CUDA_VISIBLE_DEVICES: [0]
[I 2023-11-30 14:00:29,649] Trial 101 finished with value: 0.21530777215957642 and parameters: {'gradient_clip_val': 0.4162241065423683, 'hidden_size': 76, 'dropout': 0.2634151326067367, 'hidden_continuous_size': 73, 'attention_head_size': 2, 'learning_rate': 0.03117530603120448}. Best is trial 64 with value: 0.09875339269638062.
LOCAL_RANK: 0 - CUDA_VISIBLE_DEVICES: [0]
