[I 2023-11-30 01:10:46,962] Trial 34 finished with value: 0.15995372831821442 and parameters: {'gradient_clip_val': 0.4486023562482748, 'hidden_size': 73, 'dropout': 0.2029677119313237, 'hidden_continuous_size': 45, 'attention_head_size': 1, 'learning_rate': 0.018456065997835405}. Best is trial 33 with value: 0.09818783402442932.
LOCAL_RANK: 0 - CUDA_VISIBLE_DEVICES: [0]
[I 2023-11-30 01:11:00,815] Trial 35 finished with value: 0.13503272831439972 and parameters: {'gradient_clip_val': 0.46996805904745437, 'hidden_size': 98, 'dropout': 0.18394918685886566, 'hidden_continuous_size': 39, 'attention_head_size': 3, 'learning_rate': 0.07276117204055893}. Best is trial 33 with value: 0.09818783402442932.
LOCAL_RANK: 0 - CUDA_VISIBLE_DEVICES: [0]
[I 2023-11-30 01:11:14,131] Trial 36 finished with value: 0.18868808448314667 and parameters: {'gradient_clip_val': 0.38010861586422273, 'hidden_size': 78, 'dropout': 0.22773754457532086, 'hidden_continuous_size': 31, 'attention_head_size': 2, 'learning_rate': 0.0213272264814442}. Best is trial 33 with value: 0.09818783402442932.
LOCAL_RANK: 0 - CUDA_VISIBLE_DEVICES: [0]
[I 2023-11-30 01:11:27,647] Trial 37 finished with value: 0.2307300567626953 and parameters: {'gradient_clip_val': 0.9369809535835989, 'hidden_size': 71, 'dropout': 0.20106946838682344, 'hidden_continuous_size': 23, 'attention_head_size': 3, 'learning_rate': 0.0466004487298148}. Best is trial 33 with value: 0.09818783402442932.
LOCAL_RANK: 0 - CUDA_VISIBLE_DEVICES: [0]
[I 2023-11-30 01:11:41,323] Trial 38 finished with value: 0.21257643401622772 and parameters: {'gradient_clip_val': 0.583961181710048, 'hidden_size': 91, 'dropout': 0.166356526585097, 'hidden_continuous_size': 36, 'attention_head_size': 1, 'learning_rate': 0.07308765177947697}. Best is trial 33 with value: 0.09818783402442932.
LOCAL_RANK: 0 - CUDA_VISIBLE_DEVICES: [0]
[I 2023-11-30 01:11:55,191] Trial 39 finished with value: 0.1407163143157959 and parameters: {'gradient_clip_val': 0.797147305933439, 'hidden_size': 115, 'dropout': 0.23562327057530125, 'hidden_continuous_size': 64, 'attention_head_size': 2, 'learning_rate': 0.014251894104450586}. Best is trial 33 with value: 0.09818783402442932.
LOCAL_RANK: 0 - CUDA_VISIBLE_DEVICES: [0]
[I 2023-11-30 01:12:08,926] Trial 40 finished with value: 0.2742673456668854 and parameters: {'gradient_clip_val': 0.4946824052057947, 'hidden_size': 101, 'dropout': 0.15572705711932444, 'hidden_continuous_size': 44, 'attention_head_size': 2, 'learning_rate': 0.05588905125410366}. Best is trial 33 with value: 0.09818783402442932.
LOCAL_RANK: 0 - CUDA_VISIBLE_DEVICES: [0]
[I 2023-11-30 01:12:22,712] Trial 41 finished with value: 0.21876275539398193 and parameters: {'gradient_clip_val': 0.4520745712602477, 'hidden_size': 97, 'dropout': 0.1870993962129688, 'hidden_continuous_size': 39, 'attention_head_size': 4, 'learning_rate': 0.07702338538350564}. Best is trial 33 with value: 0.09818783402442932.
LOCAL_RANK: 0 - CUDA_VISIBLE_DEVICES: [0]
[I 2023-11-30 01:12:36,912] Trial 42 finished with value: 0.15204451978206635 and parameters: {'gradient_clip_val': 0.4824074927454551, 'hidden_size': 127, 'dropout': 0.21587106674816078, 'hidden_continuous_size': 39, 'attention_head_size': 3, 'learning_rate': 0.08404727362738515}. Best is trial 33 with value: 0.09818783402442932.
LOCAL_RANK: 0 - CUDA_VISIBLE_DEVICES: [0]
[I 2023-11-30 01:12:50,442] Trial 43 finished with value: 0.21608667075634003 and parameters: {'gradient_clip_val': 0.6229631669973444, 'hidden_size': 83, 'dropout': 0.18261029279297253, 'hidden_continuous_size': 31, 'attention_head_size': 4, 'learning_rate': 0.0618439508303397}. Best is trial 33 with value: 0.09818783402442932.
LOCAL_RANK: 0 - CUDA_VISIBLE_DEVICES: [0]
[I 2023-11-30 01:13:04,012] Trial 44 finished with value: 0.10851415991783142 and parameters: {'gradient_clip_val': 0.3690075049502828, 'hidden_size': 98, 'dropout': 0.19551616381925246, 'hidden_continuous_size': 27, 'attention_head_size': 3, 'learning_rate': 0.03930129971234451}. Best is trial 33 with value: 0.09818783402442932.
LOCAL_RANK: 0 - CUDA_VISIBLE_DEVICES: [0]
[I 2023-11-30 01:13:17,233] Trial 45 finished with value: 0.1715526580810547 and parameters: {'gradient_clip_val': 0.34485891934821616, 'hidden_size': 65, 'dropout': 0.20839904544031346, 'hidden_continuous_size': 20, 'attention_head_size': 3, 'learning_rate': 0.03984403174498482}. Best is trial 33 with value: 0.09818783402442932.
LOCAL_RANK: 0 - CUDA_VISIBLE_DEVICES: [0]
[I 2023-11-30 01:13:30,933] Trial 46 finished with value: 0.11374589800834656 and parameters: {'gradient_clip_val': 0.3986242413176453, 'hidden_size': 127, 'dropout': 0.23158179264010811, 'hidden_continuous_size': 25, 'attention_head_size': 2, 'learning_rate': 0.031380030545796286}. Best is trial 33 with value: 0.09818783402442932.
LOCAL_RANK: 0 - CUDA_VISIBLE_DEVICES: [0]
[I 2023-11-30 01:13:44,980] Trial 47 finished with value: 0.23992575705051422 and parameters: {'gradient_clip_val': 0.4110174071381468, 'hidden_size': 125, 'dropout': 0.2350154144150913, 'hidden_continuous_size': 26, 'attention_head_size': 4, 'learning_rate': 0.030758654269431352}. Best is trial 33 with value: 0.09818783402442932.
LOCAL_RANK: 0 - CUDA_VISIBLE_DEVICES: [0]
[I 2023-11-30 01:13:58,358] Trial 48 finished with value: 0.19394689798355103 and parameters: {'gradient_clip_val': 0.3891864200370361, 'hidden_size': 88, 'dropout': 0.22873219401938247, 'hidden_continuous_size': 29, 'attention_head_size': 2, 'learning_rate': 0.02311257266152035}. Best is trial 33 with value: 0.09818783402442932.
LOCAL_RANK: 0 - CUDA_VISIBLE_DEVICES: [0]
[I 2023-11-30 01:14:11,601] Trial 49 finished with value: 0.21509522199630737 and parameters: {'gradient_clip_val': 0.4315262630990523, 'hidden_size': 70, 'dropout': 0.21234475479106096, 'hidden_continuous_size': 23, 'attention_head_size': 1, 'learning_rate': 0.030689306387900447}. Best is trial 33 with value: 0.09818783402442932.
LOCAL_RANK: 0 - CUDA_VISIBLE_DEVICES: [0]
[I 2023-11-30 01:14:25,110] Trial 50 finished with value: 0.1654282510280609 and parameters: {'gradient_clip_val': 0.33713265770134015, 'hidden_size': 77, 'dropout': 0.1964761043490587, 'hidden_continuous_size': 25, 'attention_head_size': 3, 'learning_rate': 0.048706460705660495}. Best is trial 33 with value: 0.09818783402442932.
LOCAL_RANK: 0 - CUDA_VISIBLE_DEVICES: [0]
[I 2023-11-30 01:14:38,620] Trial 51 finished with value: 0.1603873372077942 and parameters: {'gradient_clip_val': 0.2931722373263424, 'hidden_size': 109, 'dropout': 0.2243160637822034, 'hidden_continuous_size': 19, 'attention_head_size': 2, 'learning_rate': 0.03910862872261845}. Best is trial 33 with value: 0.09818783402442932.
LOCAL_RANK: 0 - CUDA_VISIBLE_DEVICES: [0]
[I 2023-11-30 01:14:52,786] Trial 52 finished with value: 0.23455555737018585 and parameters: {'gradient_clip_val': 0.3648182709853203, 'hidden_size': 135, 'dropout': 0.19242245450293127, 'hidden_continuous_size': 17, 'attention_head_size': 2, 'learning_rate': 0.04322923923807003}. Best is trial 33 with value: 0.09818783402442932.
LOCAL_RANK: 0 - CUDA_VISIBLE_DEVICES: [0]
[I 2023-11-30 01:15:06,692] Trial 53 finished with value: 0.166015163064003 and parameters: {'gradient_clip_val': 0.5088130421191428, 'hidden_size': 130, 'dropout': 0.2410465855523347, 'hidden_continuous_size': 28, 'attention_head_size': 2, 'learning_rate': 0.03330125488300535}. Best is trial 33 with value: 0.09818783402442932.
LOCAL_RANK: 0 - CUDA_VISIBLE_DEVICES: [0]
[I 2023-11-30 01:15:20,330] Trial 54 finished with value: 0.17642216384410858 and parameters: {'gradient_clip_val': 0.4270783128187974, 'hidden_size': 95, 'dropout': 0.20639888663125722, 'hidden_continuous_size': 35, 'attention_head_size': 2, 'learning_rate': 0.05516977026631021}. Best is trial 33 with value: 0.09818783402442932.
LOCAL_RANK: 0 - CUDA_VISIBLE_DEVICES: [0]
[I 2023-11-30 01:15:34,115] Trial 55 finished with value: 0.1654592901468277 and parameters: {'gradient_clip_val': 0.24009114587387148, 'hidden_size': 107, 'dropout': 0.22090142450533434, 'hidden_continuous_size': 42, 'attention_head_size': 2, 'learning_rate': 0.01792458515288135}. Best is trial 33 with value: 0.09818783402442932.
LOCAL_RANK: 0 - CUDA_VISIBLE_DEVICES: [0]
[I 2023-11-30 01:15:48,110] Trial 56 finished with value: 0.19546227157115936 and parameters: {'gradient_clip_val': 0.3802084987216925, 'hidden_size': 132, 'dropout': 0.2642676611758709, 'hidden_continuous_size': 30, 'attention_head_size': 4, 'learning_rate': 0.024408041907464123}. Best is trial 33 with value: 0.09818783402442932.
LOCAL_RANK: 0 - CUDA_VISIBLE_DEVICES: [0]
[I 2023-11-30 01:16:00,604] Trial 57 finished with value: 0.15682803094387054 and parameters: {'gradient_clip_val': 0.31699945130979573, 'hidden_size': 32, 'dropout': 0.24433272334387376, 'hidden_continuous_size': 25, 'attention_head_size': 2, 'learning_rate': 0.08950849966343646}. Best is trial 33 with value: 0.09818783402442932.
LOCAL_RANK: 0 - CUDA_VISIBLE_DEVICES: [0]
[I 2023-11-30 01:16:14,236] Trial 58 finished with value: 0.18785540759563446 and parameters: {'gradient_clip_val': 0.523319781501128, 'hidden_size': 121, 'dropout': 0.14321974349591365, 'hidden_continuous_size': 21, 'attention_head_size': 1, 'learning_rate': 0.0300512873236062}. Best is trial 33 with value: 0.09818783402442932.
LOCAL_RANK: 0 - CUDA_VISIBLE_DEVICES: [0]
[I 2023-11-30 01:16:27,160] Trial 59 finished with value: 0.19080208241939545 and parameters: {'gradient_clip_val': 0.3333189523656975, 'hidden_size': 55, 'dropout': 0.1952888778396774, 'hidden_continuous_size': 18, 'attention_head_size': 2, 'learning_rate': 0.03626774187905606}. Best is trial 33 with value: 0.09818783402442932.
LOCAL_RANK: 0 - CUDA_VISIBLE_DEVICES: [0]
[I 2023-11-30 01:16:40,947] Trial 60 finished with value: 0.18769975006580353 and parameters: {'gradient_clip_val': 0.4111134991775974, 'hidden_size': 102, 'dropout': 0.231728056372079, 'hidden_continuous_size': 49, 'attention_head_size': 2, 'learning_rate': 0.04614845012040747}. Best is trial 33 with value: 0.09818783402442932.
LOCAL_RANK: 0 - CUDA_VISIBLE_DEVICES: [0]
[I 2023-11-30 01:16:54,545] Trial 61 finished with value: 0.24353265762329102 and parameters: {'gradient_clip_val': 0.468425087082764, 'hidden_size': 95, 'dropout': 0.1777046477256533, 'hidden_continuous_size': 36, 'attention_head_size': 3, 'learning_rate': 0.0684320515352615}. Best is trial 33 with value: 0.09818783402442932.
LOCAL_RANK: 0 - CUDA_VISIBLE_DEVICES: [0]
[I 2023-11-30 01:17:08,844] Trial 62 finished with value: 0.15249060094356537 and parameters: {'gradient_clip_val': 0.4579071833224163, 'hidden_size': 138, 'dropout': 0.1826849151371652, 'hidden_continuous_size': 41, 'attention_head_size': 3, 'learning_rate': 0.08506504615640073}. Best is trial 33 with value: 0.09818783402442932.
LOCAL_RANK: 0 - CUDA_VISIBLE_DEVICES: [0]
[I 2023-11-30 01:17:22,597] Trial 63 finished with value: 0.26075711846351624 and parameters: {'gradient_clip_val': 0.5738226487940598, 'hidden_size': 112, 'dropout': 0.19251841388887753, 'hidden_continuous_size': 28, 'attention_head_size': 3, 'learning_rate': 0.05775393146856586}. Best is trial 33 with value: 0.09818783402442932.
LOCAL_RANK: 0 - CUDA_VISIBLE_DEVICES: [0]
[I 2023-11-30 01:17:36,757] Trial 64 finished with value: 0.4130423069000244 and parameters: {'gradient_clip_val': 0.5024462532814075, 'hidden_size': 149, 'dropout': 0.2179047015199764, 'hidden_continuous_size': 15, 'attention_head_size': 3, 'learning_rate': 0.06929694780096309}. Best is trial 33 with value: 0.09818783402442932.
LOCAL_RANK: 0 - CUDA_VISIBLE_DEVICES: [0]
[I 2023-11-30 01:17:50,572] Trial 65 finished with value: 0.1867038756608963 and parameters: {'gradient_clip_val': 0.39162006613526007, 'hidden_size': 100, 'dropout': 0.2075491914789615, 'hidden_continuous_size': 49, 'attention_head_size': 3, 'learning_rate': 0.09982968482904496}. Best is trial 33 with value: 0.09818783402442932.
LOCAL_RANK: 0 - CUDA_VISIBLE_DEVICES: [0]
[I 2023-11-30 01:18:04,350] Trial 66 finished with value: 0.09242397546768188 and parameters: {'gradient_clip_val': 0.28632731718689136, 'hidden_size': 83, 'dropout': 0.16127456227226522, 'hidden_continuous_size': 32, 'attention_head_size': 4, 'learning_rate': 0.055154790380759135}. Best is trial 66 with value: 0.09242397546768188.
LOCAL_RANK: 0 - CUDA_VISIBLE_DEVICES: [0]
[I 2023-11-30 01:18:17,938] Trial 67 finished with value: 0.12649306654930115 and parameters: {'gradient_clip_val': 0.24955783996734876, 'hidden_size': 82, 'dropout': 0.2570364835716876, 'hidden_continuous_size': 24, 'attention_head_size': 4, 'learning_rate': 0.050619128238092705}. Best is trial 66 with value: 0.09242397546768188.
LOCAL_RANK: 0 - CUDA_VISIBLE_DEVICES: [0]
[I 2023-11-30 01:18:31,335] Trial 68 finished with value: 0.13905537128448486 and parameters: {'gradient_clip_val': 0.27873390392121483, 'hidden_size': 82, 'dropout': 0.2719799253038616, 'hidden_continuous_size': 24, 'attention_head_size': 4, 'learning_rate': 0.04139173621592835}. Best is trial 66 with value: 0.09242397546768188.
LOCAL_RANK: 0 - CUDA_VISIBLE_DEVICES: [0]
[I 2023-11-30 01:18:44,924] Trial 69 finished with value: 0.2347933053970337 and parameters: {'gradient_clip_val': 0.26318235442393334, 'hidden_size': 89, 'dropout': 0.25774135077655425, 'hidden_continuous_size': 22, 'attention_head_size': 4, 'learning_rate': 0.051638193711005205}. Best is trial 66 with value: 0.09242397546768188.
LOCAL_RANK: 0 - CUDA_VISIBLE_DEVICES: [0]
[I 2023-11-30 01:18:58,393] Trial 70 finished with value: 0.37933364510536194 and parameters: {'gradient_clip_val': 0.2471341224336438, 'hidden_size': 80, 'dropout': 0.2473618700148582, 'hidden_continuous_size': 26, 'attention_head_size': 4, 'learning_rate': 0.061506234808564056}. Best is trial 66 with value: 0.09242397546768188.
LOCAL_RANK: 0 - CUDA_VISIBLE_DEVICES: [0]
[I 2023-11-30 01:19:12,068] Trial 71 finished with value: 0.2604229152202606 and parameters: {'gradient_clip_val': 0.21547656397238504, 'hidden_size': 112, 'dropout': 0.285730939591611, 'hidden_continuous_size': 33, 'attention_head_size': 4, 'learning_rate': 0.050244587540681326}. Best is trial 66 with value: 0.09242397546768188.
LOCAL_RANK: 0 - CUDA_VISIBLE_DEVICES: [0]
[I 2023-11-30 01:19:26,021] Trial 72 finished with value: 0.15188956260681152 and parameters: {'gradient_clip_val': 0.29145645097013784, 'hidden_size': 116, 'dropout': 0.2581210256194022, 'hidden_continuous_size': 21, 'attention_head_size': 4, 'learning_rate': 0.02874476515470807}. Best is trial 66 with value: 0.09242397546768188.
LOCAL_RANK: 0 - CUDA_VISIBLE_DEVICES: [0]
[I 2023-11-30 01:19:39,685] Trial 73 finished with value: 0.20596826076507568 and parameters: {'gradient_clip_val': 0.3129363501266488, 'hidden_size': 104, 'dropout': 0.23384158020537452, 'hidden_continuous_size': 29, 'attention_head_size': 4, 'learning_rate': 0.03757223661985941}. Best is trial 66 with value: 0.09242397546768188.
LOCAL_RANK: 0 - CUDA_VISIBLE_DEVICES: [0]
[I 2023-11-30 01:19:53,595] Trial 74 finished with value: 0.16456829011440277 and parameters: {'gradient_clip_val': 0.22905113702411495, 'hidden_size': 120, 'dropout': 0.2241318175579241, 'hidden_continuous_size': 31, 'attention_head_size': 4, 'learning_rate': 0.044258725633145264}. Best is trial 66 with value: 0.09242397546768188.
LOCAL_RANK: 0 - CUDA_VISIBLE_DEVICES: [0]
[I 2023-11-30 01:20:07,046] Trial 75 finished with value: 0.30365076661109924 and parameters: {'gradient_clip_val': 0.25437722492955395, 'hidden_size': 90, 'dropout': 0.20146512446336565, 'hidden_continuous_size': 24, 'attention_head_size': 4, 'learning_rate': 0.08165878166812097}. Best is trial 66 with value: 0.09242397546768188.
LOCAL_RANK: 0 - CUDA_VISIBLE_DEVICES: [0]
[I 2023-11-30 01:20:20,878] Trial 76 finished with value: 0.15086518228054047 and parameters: {'gradient_clip_val': 0.2770816637820874, 'hidden_size': 136, 'dropout': 0.1641703368079444, 'hidden_continuous_size': 27, 'attention_head_size': 2, 'learning_rate': 0.03399921589204967}. Best is trial 66 with value: 0.09242397546768188.
LOCAL_RANK: 0 - CUDA_VISIBLE_DEVICES: [0]
[I 2023-11-30 01:20:34,631] Trial 77 finished with value: 0.18729965388774872 and parameters: {'gradient_clip_val': 0.35579376828285275, 'hidden_size': 75, 'dropout': 0.21410926594834997, 'hidden_continuous_size': 44, 'attention_head_size': 4, 'learning_rate': 0.05519010903677742}. Best is trial 66 with value: 0.09242397546768188.
LOCAL_RANK: 0 - CUDA_VISIBLE_DEVICES: [0]
[I 2023-11-30 01:20:48,221] Trial 78 finished with value: 0.20607228577136993 and parameters: {'gradient_clip_val': 0.2537486053410907, 'hidden_size': 85, 'dropout': 0.23875817459479182, 'hidden_continuous_size': 35, 'attention_head_size': 2, 'learning_rate': 0.06560708326971613}. Best is trial 66 with value: 0.09242397546768188.
LOCAL_RANK: 0 - CUDA_VISIBLE_DEVICES: [0]
[I 2023-11-30 01:21:01,432] Trial 79 finished with value: 0.15754468739032745 and parameters: {'gradient_clip_val': 0.33380480607222973, 'hidden_size': 64, 'dropout': 0.22574074268454794, 'hidden_continuous_size': 32, 'attention_head_size': 4, 'learning_rate': 0.027221045291339098}. Best is trial 66 with value: 0.09242397546768188.
LOCAL_RANK: 0 - CUDA_VISIBLE_DEVICES: [0]
[I 2023-11-30 01:21:15,557] Trial 80 finished with value: 0.1604829728603363 and parameters: {'gradient_clip_val': 0.30009087177404165, 'hidden_size': 142, 'dropout': 0.2490433423927438, 'hidden_continuous_size': 59, 'attention_head_size': 2, 'learning_rate': 0.040486646386453704}. Best is trial 66 with value: 0.09242397546768188.
LOCAL_RANK: 0 - CUDA_VISIBLE_DEVICES: [0]
[I 2023-11-30 01:21:29,231] Trial 81 finished with value: 0.2631550133228302 and parameters: {'gradient_clip_val': 0.43239921165791445, 'hidden_size': 93, 'dropout': 0.17762823771827768, 'hidden_continuous_size': 38, 'attention_head_size': 3, 'learning_rate': 0.07690847102422095}. Best is trial 66 with value: 0.09242397546768188.
LOCAL_RANK: 0 - CUDA_VISIBLE_DEVICES: [0]
[I 2023-11-30 01:21:43,227] Trial 82 finished with value: 0.2155439853668213 and parameters: {'gradient_clip_val': 0.3737461542546427, 'hidden_size': 103, 'dropout': 0.19264816547413813, 'hidden_continuous_size': 46, 'attention_head_size': 2, 'learning_rate': 0.07066432770604165}. Best is trial 66 with value: 0.09242397546768188.
LOCAL_RANK: 0 - CUDA_VISIBLE_DEVICES: [0]
[I 2023-11-30 01:21:56,878] Trial 83 finished with value: 0.15713892877101898 and parameters: {'gradient_clip_val': 0.28268782099725515, 'hidden_size': 120, 'dropout': 0.2007854711395118, 'hidden_continuous_size': 42, 'attention_head_size': 4, 'learning_rate': 0.05862928163211337}. Best is trial 66 with value: 0.09242397546768188.
LOCAL_RANK: 0 - CUDA_VISIBLE_DEVICES: [0]
[I 2023-11-30 01:22:10,580] Trial 84 finished with value: 0.16590692102909088 and parameters: {'gradient_clip_val': 0.4831219411080944, 'hidden_size': 97, 'dropout': 0.18742297491601617, 'hidden_continuous_size': 33, 'attention_head_size': 2, 'learning_rate': 0.04893433157166928}. Best is trial 66 with value: 0.09242397546768188.
LOCAL_RANK: 0 - CUDA_VISIBLE_DEVICES: [0]
[I 2023-11-30 01:22:23,928] Trial 85 finished with value: 0.205339714884758 and parameters: {'gradient_clip_val': 0.3238664678474441, 'hidden_size': 75, 'dropout': 0.20619046593803703, 'hidden_continuous_size': 38, 'attention_head_size': 2, 'learning_rate': 0.06562814044655654}. Best is trial 66 with value: 0.09242397546768188.
LOCAL_RANK: 0 - CUDA_VISIBLE_DEVICES: [0]
[I 2023-11-30 01:22:37,677] Trial 86 finished with value: 0.21243266761302948 and parameters: {'gradient_clip_val': 0.35158760477559525, 'hidden_size': 108, 'dropout': 0.21245654603452407, 'hidden_continuous_size': 52, 'attention_head_size': 3, 'learning_rate': 0.08323970982959683}. Best is trial 66 with value: 0.09242397546768188.
LOCAL_RANK: 0 - CUDA_VISIBLE_DEVICES: [0]
[I 2023-11-30 01:22:51,818] Trial 87 finished with value: 0.17651748657226562 and parameters: {'gradient_clip_val': 0.3974463201514156, 'hidden_size': 127, 'dropout': 0.15913350573969498, 'hidden_continuous_size': 30, 'attention_head_size': 4, 'learning_rate': 0.034154011397311654}. Best is trial 66 with value: 0.09242397546768188.
LOCAL_RANK: 0 - CUDA_VISIBLE_DEVICES: [0]
[I 2023-11-30 01:23:05,501] Trial 88 finished with value: 0.1926601380109787 and parameters: {'gradient_clip_val': 0.306162975146216, 'hidden_size': 85, 'dropout': 0.1728473343806739, 'hidden_continuous_size': 40, 'attention_head_size': 2, 'learning_rate': 0.0899696045507677}. Best is trial 66 with value: 0.09242397546768188.
LOCAL_RANK: 0 - CUDA_VISIBLE_DEVICES: [0]
[I 2023-11-30 01:23:19,502] Trial 89 finished with value: 0.1902269870042801 and parameters: {'gradient_clip_val': 0.43826077071659, 'hidden_size': 118, 'dropout': 0.23420387081061084, 'hidden_continuous_size': 36, 'attention_head_size': 4, 'learning_rate': 0.04664049823896836}. Best is trial 66 with value: 0.09242397546768188.
LOCAL_RANK: 0 - CUDA_VISIBLE_DEVICES: [0]
[I 2023-11-30 01:23:33,014] Trial 90 finished with value: 0.174666166305542 and parameters: {'gradient_clip_val': 0.26496921420660324, 'hidden_size': 95, 'dropout': 0.24139086301932505, 'hidden_continuous_size': 27, 'attention_head_size': 3, 'learning_rate': 0.05281274146398589}. Best is trial 66 with value: 0.09242397546768188.
LOCAL_RANK: 0 - CUDA_VISIBLE_DEVICES: [0]
[I 2023-11-30 01:23:46,439] Trial 91 finished with value: 0.10893211513757706 and parameters: {'gradient_clip_val': 0.2888283109190118, 'hidden_size': 81, 'dropout': 0.2609882536275053, 'hidden_continuous_size': 26, 'attention_head_size': 4, 'learning_rate': 0.04370417186908994}. Best is trial 66 with value: 0.09242397546768188.
LOCAL_RANK: 0 - CUDA_VISIBLE_DEVICES: [0]
